<?xml version="1.0" encoding="UTF-8"?>
<testsuite xmlns:xsi="http://www.w3.org/2001/XMLSchema-instance" xsi:noNamespaceSchemaLocation="https://maven.apache.org/surefire/maven-surefire-plugin/xsd/surefire-test-report.xsd" name="org.apache.hadoop.hdds.scm.pipeline.TestRatisPipelineCreateAndDestory" time="69.712" tests="2" errors="1" skipped="0" failures="0">
  <properties>
    <property name="awt.toolkit" value="sun.awt.X11.XToolkit"/>
    <property name="file.encoding.pkg" value="sun.io"/>
    <property name="java.specification.version" value="1.8"/>
    <property name="sun.cpu.isalist" value=""/>
    <property name="sun.jnu.encoding" value="UTF-8"/>
    <property name="java.class.path" value="/workdir/hadoop-ozone/integration-test/target/test-classes:/workdir/hadoop-ozone/integration-test/target/classes:/home/user/.m2/repository/org/apache/hadoop/hadoop-ozone-common/0.5.0-SNAPSHOT/hadoop-ozone-common-0.5.0-SNAPSHOT.jar:/home/user/.m2/repository/org/apache/commons/commons-compress/1.4.1/commons-compress-1.4.1.jar:/home/user/.m2/repository/org/tukaani/xz/1.0/xz-1.0.jar:/home/user/.m2/repository/org/apache/hadoop/hadoop-common/3.2.0/hadoop-common-3.2.0.jar:/home/user/.m2/repository/org/apache/hadoop/hadoop-hdfs/3.2.0/hadoop-hdfs-3.2.0.jar:/home/user/.m2/repository/org/apache/hadoop/hadoop-hdfs-client/3.2.0/hadoop-hdfs-client-3.2.0.jar:/home/user/.m2/repository/com/fasterxml/jackson/core/jackson-annotations/2.9.5/jackson-annotations-2.9.5.jar:/home/user/.m2/repository/org/apache/hadoop/hadoop-hdds-common/0.5.0-SNAPSHOT/hadoop-hdds-common-0.5.0-SNAPSHOT.jar:/home/user/.m2/repository/javax/annotation/javax.annotation-api/1.2/javax.annotation-api-1.2.jar:/home/user/.m2/repository/org/apache/ratis/ratis-server/0.4.0-2337318-SNAPSHOT/ratis-server-0.4.0-2337318-SNAPSHOT.jar:/home/user/.m2/repository/org/apache/ratis/ratis-thirdparty-misc/0.2.0/ratis-thirdparty-misc-0.2.0.jar:/home/user/.m2/repository/org/apache/ratis/ratis-proto/0.4.0-2337318-SNAPSHOT/ratis-proto-0.4.0-2337318-SNAPSHOT.jar:/home/user/.m2/repository/org/apache/ratis/ratis-common/0.4.0-2337318-SNAPSHOT/ratis-common-0.4.0-2337318-SNAPSHOT.jar:/home/user/.m2/repository/org/apache/ratis/ratis-client/0.4.0-2337318-SNAPSHOT/ratis-client-0.4.0-2337318-SNAPSHOT.jar:/home/user/.m2/repository/org/apache/ratis/ratis-metrics/0.4.0-2337318-SNAPSHOT/ratis-metrics-0.4.0-2337318-SNAPSHOT.jar:/home/user/.m2/repository/org/apache/ratis/ratis-netty/0.4.0-2337318-SNAPSHOT/ratis-netty-0.4.0-2337318-SNAPSHOT.jar:/home/user/.m2/repository/org/apache/ratis/ratis-grpc/0.4.0-2337318-SNAPSHOT/ratis-grpc-0.4.0-2337318-SNAPSHOT.jar:/home/user/.m2/repository/org/rocksdb/rocksdbjni/6.0.1/rocksdbjni-6.0.1.jar:/home/user/.m2/repository/org/apache/logging/log4j/log4j-api/2.11.0/log4j-api-2.11.0.jar:/home/user/.m2/repository/org/apache/logging/log4j/log4j-core/2.11.0/log4j-core-2.11.0.jar:/home/user/.m2/repository/com/lmax/disruptor/3.4.2/disruptor-3.4.2.jar:/home/user/.m2/repository/org/apache/commons/commons-pool2/2.6.0/commons-pool2-2.6.0.jar:/home/user/.m2/repository/org/bouncycastle/bcpkix-jdk15on/1.60/bcpkix-jdk15on-1.60.jar:/home/user/.m2/repository/commons-validator/commons-validator/1.6/commons-validator-1.6.jar:/home/user/.m2/repository/commons-digester/commons-digester/1.8.1/commons-digester-1.8.1.jar:/home/user/.m2/repository/io/jaegertracing/jaeger-client/0.33.1/jaeger-client-0.33.1.jar:/home/user/.m2/repository/io/jaegertracing/jaeger-thrift/0.33.1/jaeger-thrift-0.33.1.jar:/home/user/.m2/repository/org/apache/thrift/libthrift/0.11.0/libthrift-0.11.0.jar:/home/user/.m2/repository/com/squareup/okhttp3/okhttp/3.9.0/okhttp-3.9.0.jar:/home/user/.m2/repository/com/squareup/okio/okio/1.13.0/okio-1.13.0.jar:/home/user/.m2/repository/io/jaegertracing/jaeger-core/0.33.1/jaeger-core-0.33.1.jar:/home/user/.m2/repository/io/jaegertracing/jaeger-tracerresolver/0.33.1/jaeger-tracerresolver-0.33.1.jar:/home/user/.m2/repository/io/opentracing/contrib/opentracing-tracerresolver/0.1.5/opentracing-tracerresolver-0.1.5.jar:/home/user/.m2/repository/io/opentracing/opentracing-util/0.31.0/opentracing-util-0.31.0.jar:/home/user/.m2/repository/io/opentracing/opentracing-api/0.31.0/opentracing-api-0.31.0.jar:/home/user/.m2/repository/io/opentracing/opentracing-noop/0.31.0/opentracing-noop-0.31.0.jar:/home/user/.m2/repository/org/apache/hadoop/hadoop-hdds-server-framework/0.5.0-SNAPSHOT/hadoop-hdds-server-framework-0.5.0-SNAPSHOT.jar:/home/user/.m2/repository/org/apache/hadoop/hadoop-hdds-container-service/0.5.0-SNAPSHOT/hadoop-hdds-container-service-0.5.0-SNAPSHOT.jar:/home/user/.m2/repository/org/apache/hadoop/hadoop-hdds-client/0.5.0-SNAPSHOT/hadoop-hdds-client-0.5.0-SNAPSHOT.jar:/home/user/.m2/repository/org/apache/hadoop/hadoop-hdds-tools/0.5.0-SNAPSHOT/hadoop-hdds-tools-0.5.0-SNAPSHOT.jar:/home/user/.m2/repository/org/apache/hadoop/hadoop-hdds-server-scm/0.5.0-SNAPSHOT/hadoop-hdds-server-scm-0.5.0-SNAPSHOT.jar:/home/user/.m2/repository/org/apache/hadoop/hadoop-hdds-docs/0.5.0-SNAPSHOT/hadoop-hdds-docs-0.5.0-SNAPSHOT.jar:/home/user/.m2/repository/io/dropwizard/metrics/metrics-core/3.2.4/metrics-core-3.2.4.jar:/home/user/.m2/repository/org/hamcrest/hamcrest-all/1.3/hamcrest-all-1.3.jar:/home/user/.m2/repository/org/bouncycastle/bcprov-jdk15on/1.60/bcprov-jdk15on-1.60.jar:/home/user/.m2/repository/info/picocli/picocli/3.9.6/picocli-3.9.6.jar:/home/user/.m2/repository/com/google/protobuf/protobuf-java/2.5.0/protobuf-java-2.5.0.jar:/home/user/.m2/repository/com/google/guava/guava/11.0.2/guava-11.0.2.jar:/home/user/.m2/repository/org/apache/hadoop/hadoop-ozone-ozone-manager/0.5.0-SNAPSHOT/hadoop-ozone-ozone-manager-0.5.0-SNAPSHOT.jar:/home/user/.m2/repository/org/apache/hadoop/hadoop-minikdc/3.2.0/hadoop-minikdc-3.2.0.jar:/home/user/.m2/repository/commons-io/commons-io/2.5/commons-io-2.5.jar:/home/user/.m2/repository/org/apache/kerby/kerb-simplekdc/1.0.1/kerb-simplekdc-1.0.1.jar:/home/user/.m2/repository/org/apache/kerby/kerb-client/1.0.1/kerb-client-1.0.1.jar:/home/user/.m2/repository/org/apache/kerby/kerby-config/1.0.1/kerby-config-1.0.1.jar:/home/user/.m2/repository/org/apache/kerby/kerb-core/1.0.1/kerb-core-1.0.1.jar:/home/user/.m2/repository/org/apache/kerby/kerby-pkix/1.0.1/kerby-pkix-1.0.1.jar:/home/user/.m2/repository/org/apache/kerby/kerby-asn1/1.0.1/kerby-asn1-1.0.1.jar:/home/user/.m2/repository/org/apache/kerby/kerby-util/1.0.1/kerby-util-1.0.1.jar:/home/user/.m2/repository/org/apache/kerby/kerb-common/1.0.1/kerb-common-1.0.1.jar:/home/user/.m2/repository/org/apache/kerby/kerb-crypto/1.0.1/kerb-crypto-1.0.1.jar:/home/user/.m2/repository/org/apache/kerby/kerb-util/1.0.1/kerb-util-1.0.1.jar:/home/user/.m2/repository/org/apache/kerby/token-provider/1.0.1/token-provider-1.0.1.jar:/home/user/.m2/repository/org/apache/kerby/kerb-admin/1.0.1/kerb-admin-1.0.1.jar:/home/user/.m2/repository/org/apache/kerby/kerb-server/1.0.1/kerb-server-1.0.1.jar:/home/user/.m2/repository/org/apache/kerby/kerb-identity/1.0.1/kerb-identity-1.0.1.jar:/home/user/.m2/repository/org/apache/kerby/kerby-xdr/1.0.1/kerby-xdr-1.0.1.jar:/home/user/.m2/repository/org/slf4j/slf4j-log4j12/1.7.25/slf4j-log4j12-1.7.25.jar:/home/user/.m2/repository/org/apache/hadoop/hadoop-ozone-objectstore-service/0.5.0-SNAPSHOT/hadoop-ozone-objectstore-service-0.5.0-SNAPSHOT.jar:/home/user/.m2/repository/org/apache/hadoop/hadoop-ozone-s3gateway/0.5.0-SNAPSHOT/hadoop-ozone-s3gateway-0.5.0-SNAPSHOT.jar:/home/user/.m2/repository/org/jboss/weld/servlet/weld-servlet/2.4.7.Final/weld-servlet-2.4.7.Final.jar:/home/user/.m2/repository/org/glassfish/jersey/containers/jersey-container-servlet-core/2.27/jersey-container-servlet-core-2.27.jar:/home/user/.m2/repository/org/glassfish/hk2/external/javax.inject/2.5.0-b42/javax.inject-2.5.0-b42.jar:/home/user/.m2/repository/org/glassfish/jersey/core/jersey-common/2.27/jersey-common-2.27.jar:/home/user/.m2/repository/org/glassfish/hk2/osgi-resource-locator/1.0.1/osgi-resource-locator-1.0.1.jar:/home/user/.m2/repository/javax/ws/rs/javax.ws.rs-api/2.1/javax.ws.rs-api-2.1.jar:/home/user/.m2/repository/org/glassfish/jersey/ext/cdi/jersey-cdi1x/2.27/jersey-cdi1x-2.27.jar:/home/user/.m2/repository/org/glassfish/jersey/inject/jersey-hk2/2.27/jersey-hk2-2.27.jar:/home/user/.m2/repository/org/glassfish/hk2/hk2-locator/2.5.0-b42/hk2-locator-2.5.0-b42.jar:/home/user/.m2/repository/org/javassist/javassist/3.22.0-CR2/javassist-3.22.0-CR2.jar:/home/user/.m2/repository/org/glassfish/hk2/hk2-api/2.5.0/hk2-api-2.5.0.jar:/home/user/.m2/repository/org/glassfish/hk2/external/jakarta.inject/2.5.0/jakarta.inject-2.5.0.jar:/home/user/.m2/repository/org/glassfish/hk2/hk2-utils/2.5.0/hk2-utils-2.5.0.jar:/home/user/.m2/repository/jakarta/annotation/jakarta.annotation-api/1.3.4/jakarta.annotation-api-1.3.4.jar:/home/user/.m2/repository/org/glassfish/hk2/external/aopalliance-repackaged/2.5.0/aopalliance-repackaged-2.5.0.jar:/home/user/.m2/repository/com/fasterxml/jackson/dataformat/jackson-dataformat-xml/2.9.0/jackson-dataformat-xml-2.9.0.jar:/home/user/.m2/repository/com/fasterxml/jackson/core/jackson-core/2.9.5/jackson-core-2.9.5.jar:/home/user/.m2/repository/com/fasterxml/jackson/module/jackson-module-jaxb-annotations/2.9.5/jackson-module-jaxb-annotations-2.9.5.jar:/home/user/.m2/repository/javax/enterprise/cdi-api/1.2/cdi-api-1.2.jar:/home/user/.m2/repository/javax/el/javax.el-api/3.0.0/javax.el-api-3.0.0.jar:/home/user/.m2/repository/javax/interceptor/javax.interceptor-api/1.2/javax.interceptor-api-1.2.jar:/home/user/.m2/repository/javax/inject/javax.inject/1/javax.inject-1.jar:/home/user/.m2/repository/com/sun/xml/bind/jaxb-impl/2.3.0.1/jaxb-impl-2.3.0.1.jar:/home/user/.m2/repository/com/sun/xml/bind/jaxb-core/2.3.0.1/jaxb-core-2.3.0.1.jar:/home/user/.m2/repository/javax/xml/bind/jaxb-api/2.3.0/jaxb-api-2.3.0.jar:/home/user/.m2/repository/javax/activation/activation/1.1.1/activation-1.1.1.jar:/home/user/.m2/repository/org/apache/hadoop/hadoop-ozone-csi/0.5.0-SNAPSHOT/hadoop-ozone-csi-0.5.0-SNAPSHOT.jar:/home/user/.m2/repository/com/google/protobuf/protobuf-java-util/3.5.1/protobuf-java-util-3.5.1.jar:/home/user/.m2/repository/org/apache/hadoop/hadoop-hdds-config/0.5.0-SNAPSHOT/hadoop-hdds-config-0.5.0-SNAPSHOT.jar:/home/user/.m2/repository/io/grpc/grpc-netty/1.17.1/grpc-netty-1.17.1.jar:/home/user/.m2/repository/io/grpc/grpc-core/1.17.1/grpc-core-1.17.1.jar:/home/user/.m2/repository/io/grpc/grpc-context/1.17.1/grpc-context-1.17.1.jar:/home/user/.m2/repository/com/google/errorprone/error_prone_annotations/2.2.0/error_prone_annotations-2.2.0.jar:/home/user/.m2/repository/org/codehaus/mojo/animal-sniffer-annotations/1.17/animal-sniffer-annotations-1.17.jar:/home/user/.m2/repository/io/opencensus/opencensus-api/0.17.0/opencensus-api-0.17.0.jar:/home/user/.m2/repository/io/opencensus/opencensus-contrib-grpc-metrics/0.17.0/opencensus-contrib-grpc-metrics-0.17.0.jar:/home/user/.m2/repository/io/netty/netty-codec-http2/4.1.30.Final/netty-codec-http2-4.1.30.Final.jar:/home/user/.m2/repository/io/netty/netty-codec-http/4.1.30.Final/netty-codec-http-4.1.30.Final.jar:/home/user/.m2/repository/io/netty/netty-codec/4.1.30.Final/netty-codec-4.1.30.Final.jar:/home/user/.m2/repository/io/netty/netty-handler/4.1.30.Final/netty-handler-4.1.30.Final.jar:/home/user/.m2/repository/io/netty/netty-handler-proxy/4.1.30.Final/netty-handler-proxy-4.1.30.Final.jar:/home/user/.m2/repository/io/netty/netty-codec-socks/4.1.30.Final/netty-codec-socks-4.1.30.Final.jar:/home/user/.m2/repository/io/netty/netty-transport-native-epoll/4.1.30.Final/netty-transport-native-epoll-4.1.30.Final.jar:/home/user/.m2/repository/io/netty/netty-common/4.1.30.Final/netty-common-4.1.30.Final.jar:/home/user/.m2/repository/io/netty/netty-buffer/4.1.30.Final/netty-buffer-4.1.30.Final.jar:/home/user/.m2/repository/io/netty/netty-transport/4.1.30.Final/netty-transport-4.1.30.Final.jar:/home/user/.m2/repository/io/netty/netty-resolver/4.1.30.Final/netty-resolver-4.1.30.Final.jar:/home/user/.m2/repository/io/netty/netty-transport-native-unix-common/4.1.30.Final/netty-transport-native-unix-common-4.1.30.Final.jar:/home/user/.m2/repository/io/grpc/grpc-protobuf/1.17.1/grpc-protobuf-1.17.1.jar:/home/user/.m2/repository/com/google/api/grpc/proto-google-common-protos/1.0.0/proto-google-common-protos-1.0.0.jar:/home/user/.m2/repository/io/grpc/grpc-protobuf-lite/1.17.1/grpc-protobuf-lite-1.17.1.jar:/home/user/.m2/repository/io/grpc/grpc-stub/1.17.1/grpc-stub-1.17.1.jar:/home/user/.m2/repository/org/apache/hadoop/hadoop-ozone-recon/0.5.0-SNAPSHOT/hadoop-ozone-recon-0.5.0-SNAPSHOT.jar:/home/user/.m2/repository/org/apache/hadoop/hadoop-ozone-reconcodegen/0.5.0-SNAPSHOT/hadoop-ozone-reconcodegen-0.5.0-SNAPSHOT.jar:/home/user/.m2/repository/com/google/inject/extensions/guice-multibindings/4.0/guice-multibindings-4.0.jar:/home/user/.m2/repository/com/google/inject/guice/4.0/guice-4.0.jar:/home/user/.m2/repository/aopalliance/aopalliance/1.0/aopalliance-1.0.jar:/home/user/.m2/repository/com/google/inject/extensions/guice-servlet/4.0/guice-servlet-4.0.jar:/home/user/.m2/repository/org/glassfish/jersey/containers/jersey-container-servlet/2.27/jersey-container-servlet-2.27.jar:/home/user/.m2/repository/org/glassfish/hk2/guice-bridge/2.5.0/guice-bridge-2.5.0.jar:/home/user/.m2/repository/org/glassfish/jersey/core/jersey-server/2.27/jersey-server-2.27.jar:/home/user/.m2/repository/org/glassfish/jersey/core/jersey-client/2.27/jersey-client-2.27.jar:/home/user/.m2/repository/org/glassfish/jersey/media/jersey-media-jaxb/2.27/jersey-media-jaxb-2.27.jar:/home/user/.m2/repository/javax/validation/validation-api/1.1.0.Final/validation-api-1.1.0.Final.jar:/home/user/.m2/repository/org/glassfish/jersey/media/jersey-media-json-jackson/2.27/jersey-media-json-jackson-2.27.jar:/home/user/.m2/repository/org/glassfish/jersey/ext/jersey-entity-filtering/2.27/jersey-entity-filtering-2.27.jar:/home/user/.m2/repository/com/google/inject/extensions/guice-assistedinject/4.0/guice-assistedinject-4.0.jar:/home/user/.m2/repository/org/jooq/jooq/3.11.10/jooq-3.11.10.jar:/home/user/.m2/repository/org/jooq/jooq-meta/3.11.10/jooq-meta-3.11.10.jar:/home/user/.m2/repository/org/jooq/jooq-codegen/3.11.10/jooq-codegen-3.11.10.jar:/home/user/.m2/repository/com/jolbox/bonecp/0.8.0.RELEASE/bonecp-0.8.0.RELEASE.jar:/home/user/.m2/repository/org/xerial/sqlite-jdbc/3.25.2/sqlite-jdbc-3.25.2.jar:/home/user/.m2/repository/org/springframework/spring-jdbc/5.1.3.RELEASE/spring-jdbc-5.1.3.RELEASE.jar:/home/user/.m2/repository/org/springframework/spring-beans/5.1.3.RELEASE/spring-beans-5.1.3.RELEASE.jar:/home/user/.m2/repository/org/springframework/spring-core/5.1.3.RELEASE/spring-core-5.1.3.RELEASE.jar:/home/user/.m2/repository/org/springframework/spring-jcl/5.1.3.RELEASE/spring-jcl-5.1.3.RELEASE.jar:/home/user/.m2/repository/org/springframework/spring-tx/5.1.3.RELEASE/spring-tx-5.1.3.RELEASE.jar:/home/user/.m2/repository/org/apache/hadoop/hadoop-ozone-client/0.5.0-SNAPSHOT/hadoop-ozone-client-0.5.0-SNAPSHOT.jar:/home/user/.m2/repository/commons-lang/commons-lang/2.6/commons-lang-2.6.jar:/home/user/.m2/repository/org/apache/hadoop/hadoop-ozone-ozone-manager/0.5.0-SNAPSHOT/hadoop-ozone-ozone-manager-0.5.0-SNAPSHOT-tests.jar:/home/user/.m2/repository/junit/junit/4.11/junit-4.11.jar:/home/user/.m2/repository/org/hamcrest/hamcrest-core/1.3/hamcrest-core-1.3.jar:/home/user/.m2/repository/org/openjdk/jmh/jmh-core/1.19/jmh-core-1.19.jar:/home/user/.m2/repository/net/sf/jopt-simple/jopt-simple/4.6/jopt-simple-4.6.jar:/home/user/.m2/repository/org/apache/commons/commons-math3/3.1.1/commons-math3-3.1.1.jar:/home/user/.m2/repository/org/openjdk/jmh/jmh-generator-annprocess/1.19/jmh-generator-annprocess-1.19.jar:/home/user/.m2/repository/org/mockito/mockito-all/1.8.5/mockito-all-1.8.5.jar:/home/user/.m2/repository/org/apache/hadoop/hadoop-kms/3.2.0/hadoop-kms-3.2.0.jar:/home/user/.m2/repository/org/apache/hadoop/hadoop-auth/3.2.0/hadoop-auth-3.2.0.jar:/home/user/.m2/repository/com/nimbusds/nimbus-jose-jwt/4.41.1/nimbus-jose-jwt-4.41.1.jar:/home/user/.m2/repository/com/github/stephenc/jcip/jcip-annotations/1.0-1/jcip-annotations-1.0-1.jar:/home/user/.m2/repository/net/minidev/json-smart/2.3/json-smart-2.3.jar:/home/user/.m2/repository/net/minidev/accessors-smart/1.2/accessors-smart-1.2.jar:/home/user/.m2/repository/org/ow2/asm/asm/5.0.4/asm-5.0.4.jar:/home/user/.m2/repository/org/apache/curator/curator-framework/2.12.0/curator-framework-2.12.0.jar:/home/user/.m2/repository/com/sun/jersey/jersey-core/1.19/jersey-core-1.19.jar:/home/user/.m2/repository/javax/ws/rs/jsr311-api/1.1.1/jsr311-api-1.1.1.jar:/home/user/.m2/repository/com/sun/jersey/jersey-server/1.19/jersey-server-1.19.jar:/home/user/.m2/repository/javax/servlet/javax.servlet-api/3.1.0/javax.servlet-api-3.1.0.jar:/home/user/.m2/repository/org/eclipse/jetty/jetty-server/9.3.24.v20180605/jetty-server-9.3.24.v20180605.jar:/home/user/.m2/repository/org/eclipse/jetty/jetty-http/9.3.24.v20180605/jetty-http-9.3.24.v20180605.jar:/home/user/.m2/repository/org/eclipse/jetty/jetty-io/9.3.24.v20180605/jetty-io-9.3.24.v20180605.jar:/home/user/.m2/repository/org/eclipse/jetty/jetty-webapp/9.3.24.v20180605/jetty-webapp-9.3.24.v20180605.jar:/home/user/.m2/repository/org/eclipse/jetty/jetty-xml/9.3.24.v20180605/jetty-xml-9.3.24.v20180605.jar:/home/user/.m2/repository/log4j/log4j/1.2.17/log4j-1.2.17.jar:/home/user/.m2/repository/org/slf4j/slf4j-api/1.7.25/slf4j-api-1.7.25.jar:/home/user/.m2/repository/org/slf4j/jul-to-slf4j/1.7.25/jul-to-slf4j-1.7.25.jar:/home/user/.m2/repository/org/eclipse/jetty/jetty-util/9.3.24.v20180605/jetty-util-9.3.24.v20180605.jar:/home/user/.m2/repository/com/fasterxml/jackson/core/jackson-databind/2.9.5/jackson-databind-2.9.5.jar:/home/user/.m2/repository/org/apache/hadoop/hadoop-kms/3.2.0/hadoop-kms-3.2.0-tests.jar:/home/user/.m2/repository/org/apache/hadoop/hadoop-hdds-server-scm/0.5.0-SNAPSHOT/hadoop-hdds-server-scm-0.5.0-SNAPSHOT-tests.jar:/home/user/.m2/repository/org/apache/hadoop/hadoop-hdds-container-service/0.5.0-SNAPSHOT/hadoop-hdds-container-service-0.5.0-SNAPSHOT-tests.jar:/home/user/.m2/repository/org/yaml/snakeyaml/1.16/snakeyaml-1.16.jar:/home/user/.m2/repository/org/apache/hadoop/hadoop-common/3.2.0/hadoop-common-3.2.0-tests.jar:/home/user/.m2/repository/org/apache/hadoop/hadoop-annotations/3.2.0/hadoop-annotations-3.2.0.jar:/usr/lib/jvm/java-1.8-openjdk/jre/../lib/tools.jar:/home/user/.m2/repository/commons-cli/commons-cli/1.2/commons-cli-1.2.jar:/home/user/.m2/repository/org/apache/httpcomponents/httpclient/4.5.2/httpclient-4.5.2.jar:/home/user/.m2/repository/org/apache/httpcomponents/httpcore/4.4.4/httpcore-4.4.4.jar:/home/user/.m2/repository/commons-codec/commons-codec/1.11/commons-codec-1.11.jar:/home/user/.m2/repository/commons-net/commons-net/3.6/commons-net-3.6.jar:/home/user/.m2/repository/commons-collections/commons-collections/3.2.2/commons-collections-3.2.2.jar:/home/user/.m2/repository/org/eclipse/jetty/jetty-servlet/9.3.24.v20180605/jetty-servlet-9.3.24.v20180605.jar:/home/user/.m2/repository/org/eclipse/jetty/jetty-security/9.3.24.v20180605/jetty-security-9.3.24.v20180605.jar:/home/user/.m2/repository/javax/servlet/jsp/jsp-api/2.1/jsp-api-2.1.jar:/home/user/.m2/repository/com/sun/jersey/jersey-servlet/1.19/jersey-servlet-1.19.jar:/home/user/.m2/repository/com/sun/jersey/jersey-json/1.19/jersey-json-1.19.jar:/home/user/.m2/repository/org/codehaus/jettison/jettison/1.1/jettison-1.1.jar:/home/user/.m2/repository/org/codehaus/jackson/jackson-core-asl/1.9.13/jackson-core-asl-1.9.13.jar:/home/user/.m2/repository/org/codehaus/jackson/jackson-mapper-asl/1.9.13/jackson-mapper-asl-1.9.13.jar:/home/user/.m2/repository/org/codehaus/jackson/jackson-jaxrs/1.9.13/jackson-jaxrs-1.9.13.jar:/home/user/.m2/repository/org/codehaus/jackson/jackson-xc/1.9.13/jackson-xc-1.9.13.jar:/home/user/.m2/repository/commons-logging/commons-logging/1.1.3/commons-logging-1.1.3.jar:/home/user/.m2/repository/commons-beanutils/commons-beanutils/1.9.3/commons-beanutils-1.9.3.jar:/home/user/.m2/repository/org/apache/commons/commons-configuration2/2.1.1/commons-configuration2-2.1.1.jar:/home/user/.m2/repository/org/apache/commons/commons-lang3/3.7/commons-lang3-3.7.jar:/home/user/.m2/repository/org/apache/commons/commons-text/1.4/commons-text-1.4.jar:/home/user/.m2/repository/org/apache/avro/avro/1.7.7/avro-1.7.7.jar:/home/user/.m2/repository/com/thoughtworks/paranamer/paranamer/2.3/paranamer-2.3.jar:/home/user/.m2/repository/org/xerial/snappy/snappy-java/1.0.5/snappy-java-1.0.5.jar:/home/user/.m2/repository/com/google/re2j/re2j/1.1/re2j-1.1.jar:/home/user/.m2/repository/com/google/code/gson/gson/2.2.4/gson-2.2.4.jar:/home/user/.m2/repository/com/jcraft/jsch/0.1.54/jsch-0.1.54.jar:/home/user/.m2/repository/org/apache/curator/curator-client/2.12.0/curator-client-2.12.0.jar:/home/user/.m2/repository/org/apache/curator/curator-recipes/2.12.0/curator-recipes-2.12.0.jar:/home/user/.m2/repository/com/google/code/findbugs/jsr305/3.0.0/jsr305-3.0.0.jar:/home/user/.m2/repository/org/apache/htrace/htrace-core4/4.1.0-incubating/htrace-core4-4.1.0-incubating.jar:/home/user/.m2/repository/org/apache/zookeeper/zookeeper/3.4.13/zookeeper-3.4.13.jar:/home/user/.m2/repository/org/apache/yetus/audience-annotations/0.5.0/audience-annotations-0.5.0.jar:/home/user/.m2/repository/org/codehaus/woodstox/stax2-api/3.1.4/stax2-api-3.1.4.jar:/home/user/.m2/repository/com/fasterxml/woodstox/woodstox-core/5.0.3/woodstox-core-5.0.3.jar:/home/user/.m2/repository/dnsjava/dnsjava/2.1.7/dnsjava-2.1.7.jar:/home/user/.m2/repository/org/apache/hadoop/hadoop-hdfs/3.2.0/hadoop-hdfs-3.2.0-tests.jar:/home/user/.m2/repository/org/eclipse/jetty/jetty-util-ajax/9.3.24.v20180605/jetty-util-ajax-9.3.24.v20180605.jar:/home/user/.m2/repository/commons-daemon/commons-daemon/1.0.13/commons-daemon-1.0.13.jar:/home/user/.m2/repository/io/netty/netty/3.10.5.Final/netty-3.10.5.Final.jar:/home/user/.m2/repository/io/netty/netty-all/4.0.52.Final/netty-all-4.0.52.Final.jar:/home/user/.m2/repository/org/fusesource/leveldbjni/leveldbjni-all/1.8/leveldbjni-all-1.8.jar:"/>
    <property name="java.vm.vendor" value="IcedTea"/>
    <property name="sun.arch.data.model" value="64"/>
    <property name="test.build.dir" value="/workdir/hadoop-ozone/integration-test/target/test-dir"/>
    <property name="test.cache.data" value=""/>
    <property name="java.vendor.url" value="https://icedtea.classpath.org"/>
    <property name="user.timezone" value=""/>
    <property name="java.vm.specification.version" value="1.8"/>
    <property name="os.name" value="Linux"/>
    <property name="test.build.data" value="/workdir/hadoop-ozone/integration-test/target/test-dir"/>
    <property name="user.country" value="US"/>
    <property name="sun.java.launcher" value="SUN_STANDARD"/>
    <property name="sun.boot.library.path" value="/usr/lib/jvm/java-1.8-openjdk/jre/lib/amd64"/>
    <property name="sun.java.command" value="/workdir/hadoop-ozone/integration-test/target/surefire/surefirebooter2491182751430554512.jar /workdir/hadoop-ozone/integration-test/target/surefire 2019-08-20T21-04-17_959-jvmRun1 surefire597774968871841332tmp surefire_938657739939967551742tmp"/>
    <property name="test" value="!TestMiniChaosOzoneCluster"/>
    <property name="surefire.test.class.path" value="/workdir/hadoop-ozone/integration-test/target/test-classes:/workdir/hadoop-ozone/integration-test/target/classes:/home/user/.m2/repository/org/apache/hadoop/hadoop-ozone-common/0.5.0-SNAPSHOT/hadoop-ozone-common-0.5.0-SNAPSHOT.jar:/home/user/.m2/repository/org/apache/commons/commons-compress/1.4.1/commons-compress-1.4.1.jar:/home/user/.m2/repository/org/tukaani/xz/1.0/xz-1.0.jar:/home/user/.m2/repository/org/apache/hadoop/hadoop-common/3.2.0/hadoop-common-3.2.0.jar:/home/user/.m2/repository/org/apache/hadoop/hadoop-hdfs/3.2.0/hadoop-hdfs-3.2.0.jar:/home/user/.m2/repository/org/apache/hadoop/hadoop-hdfs-client/3.2.0/hadoop-hdfs-client-3.2.0.jar:/home/user/.m2/repository/com/fasterxml/jackson/core/jackson-annotations/2.9.5/jackson-annotations-2.9.5.jar:/home/user/.m2/repository/org/apache/hadoop/hadoop-hdds-common/0.5.0-SNAPSHOT/hadoop-hdds-common-0.5.0-SNAPSHOT.jar:/home/user/.m2/repository/javax/annotation/javax.annotation-api/1.2/javax.annotation-api-1.2.jar:/home/user/.m2/repository/org/apache/ratis/ratis-server/0.4.0-2337318-SNAPSHOT/ratis-server-0.4.0-2337318-SNAPSHOT.jar:/home/user/.m2/repository/org/apache/ratis/ratis-thirdparty-misc/0.2.0/ratis-thirdparty-misc-0.2.0.jar:/home/user/.m2/repository/org/apache/ratis/ratis-proto/0.4.0-2337318-SNAPSHOT/ratis-proto-0.4.0-2337318-SNAPSHOT.jar:/home/user/.m2/repository/org/apache/ratis/ratis-common/0.4.0-2337318-SNAPSHOT/ratis-common-0.4.0-2337318-SNAPSHOT.jar:/home/user/.m2/repository/org/apache/ratis/ratis-client/0.4.0-2337318-SNAPSHOT/ratis-client-0.4.0-2337318-SNAPSHOT.jar:/home/user/.m2/repository/org/apache/ratis/ratis-metrics/0.4.0-2337318-SNAPSHOT/ratis-metrics-0.4.0-2337318-SNAPSHOT.jar:/home/user/.m2/repository/org/apache/ratis/ratis-netty/0.4.0-2337318-SNAPSHOT/ratis-netty-0.4.0-2337318-SNAPSHOT.jar:/home/user/.m2/repository/org/apache/ratis/ratis-grpc/0.4.0-2337318-SNAPSHOT/ratis-grpc-0.4.0-2337318-SNAPSHOT.jar:/home/user/.m2/repository/org/rocksdb/rocksdbjni/6.0.1/rocksdbjni-6.0.1.jar:/home/user/.m2/repository/org/apache/logging/log4j/log4j-api/2.11.0/log4j-api-2.11.0.jar:/home/user/.m2/repository/org/apache/logging/log4j/log4j-core/2.11.0/log4j-core-2.11.0.jar:/home/user/.m2/repository/com/lmax/disruptor/3.4.2/disruptor-3.4.2.jar:/home/user/.m2/repository/org/apache/commons/commons-pool2/2.6.0/commons-pool2-2.6.0.jar:/home/user/.m2/repository/org/bouncycastle/bcpkix-jdk15on/1.60/bcpkix-jdk15on-1.60.jar:/home/user/.m2/repository/commons-validator/commons-validator/1.6/commons-validator-1.6.jar:/home/user/.m2/repository/commons-digester/commons-digester/1.8.1/commons-digester-1.8.1.jar:/home/user/.m2/repository/io/jaegertracing/jaeger-client/0.33.1/jaeger-client-0.33.1.jar:/home/user/.m2/repository/io/jaegertracing/jaeger-thrift/0.33.1/jaeger-thrift-0.33.1.jar:/home/user/.m2/repository/org/apache/thrift/libthrift/0.11.0/libthrift-0.11.0.jar:/home/user/.m2/repository/com/squareup/okhttp3/okhttp/3.9.0/okhttp-3.9.0.jar:/home/user/.m2/repository/com/squareup/okio/okio/1.13.0/okio-1.13.0.jar:/home/user/.m2/repository/io/jaegertracing/jaeger-core/0.33.1/jaeger-core-0.33.1.jar:/home/user/.m2/repository/io/jaegertracing/jaeger-tracerresolver/0.33.1/jaeger-tracerresolver-0.33.1.jar:/home/user/.m2/repository/io/opentracing/contrib/opentracing-tracerresolver/0.1.5/opentracing-tracerresolver-0.1.5.jar:/home/user/.m2/repository/io/opentracing/opentracing-util/0.31.0/opentracing-util-0.31.0.jar:/home/user/.m2/repository/io/opentracing/opentracing-api/0.31.0/opentracing-api-0.31.0.jar:/home/user/.m2/repository/io/opentracing/opentracing-noop/0.31.0/opentracing-noop-0.31.0.jar:/home/user/.m2/repository/org/apache/hadoop/hadoop-hdds-server-framework/0.5.0-SNAPSHOT/hadoop-hdds-server-framework-0.5.0-SNAPSHOT.jar:/home/user/.m2/repository/org/apache/hadoop/hadoop-hdds-container-service/0.5.0-SNAPSHOT/hadoop-hdds-container-service-0.5.0-SNAPSHOT.jar:/home/user/.m2/repository/org/apache/hadoop/hadoop-hdds-client/0.5.0-SNAPSHOT/hadoop-hdds-client-0.5.0-SNAPSHOT.jar:/home/user/.m2/repository/org/apache/hadoop/hadoop-hdds-tools/0.5.0-SNAPSHOT/hadoop-hdds-tools-0.5.0-SNAPSHOT.jar:/home/user/.m2/repository/org/apache/hadoop/hadoop-hdds-server-scm/0.5.0-SNAPSHOT/hadoop-hdds-server-scm-0.5.0-SNAPSHOT.jar:/home/user/.m2/repository/org/apache/hadoop/hadoop-hdds-docs/0.5.0-SNAPSHOT/hadoop-hdds-docs-0.5.0-SNAPSHOT.jar:/home/user/.m2/repository/io/dropwizard/metrics/metrics-core/3.2.4/metrics-core-3.2.4.jar:/home/user/.m2/repository/org/hamcrest/hamcrest-all/1.3/hamcrest-all-1.3.jar:/home/user/.m2/repository/org/bouncycastle/bcprov-jdk15on/1.60/bcprov-jdk15on-1.60.jar:/home/user/.m2/repository/info/picocli/picocli/3.9.6/picocli-3.9.6.jar:/home/user/.m2/repository/com/google/protobuf/protobuf-java/2.5.0/protobuf-java-2.5.0.jar:/home/user/.m2/repository/com/google/guava/guava/11.0.2/guava-11.0.2.jar:/home/user/.m2/repository/org/apache/hadoop/hadoop-ozone-ozone-manager/0.5.0-SNAPSHOT/hadoop-ozone-ozone-manager-0.5.0-SNAPSHOT.jar:/home/user/.m2/repository/org/apache/hadoop/hadoop-minikdc/3.2.0/hadoop-minikdc-3.2.0.jar:/home/user/.m2/repository/commons-io/commons-io/2.5/commons-io-2.5.jar:/home/user/.m2/repository/org/apache/kerby/kerb-simplekdc/1.0.1/kerb-simplekdc-1.0.1.jar:/home/user/.m2/repository/org/apache/kerby/kerb-client/1.0.1/kerb-client-1.0.1.jar:/home/user/.m2/repository/org/apache/kerby/kerby-config/1.0.1/kerby-config-1.0.1.jar:/home/user/.m2/repository/org/apache/kerby/kerb-core/1.0.1/kerb-core-1.0.1.jar:/home/user/.m2/repository/org/apache/kerby/kerby-pkix/1.0.1/kerby-pkix-1.0.1.jar:/home/user/.m2/repository/org/apache/kerby/kerby-asn1/1.0.1/kerby-asn1-1.0.1.jar:/home/user/.m2/repository/org/apache/kerby/kerby-util/1.0.1/kerby-util-1.0.1.jar:/home/user/.m2/repository/org/apache/kerby/kerb-common/1.0.1/kerb-common-1.0.1.jar:/home/user/.m2/repository/org/apache/kerby/kerb-crypto/1.0.1/kerb-crypto-1.0.1.jar:/home/user/.m2/repository/org/apache/kerby/kerb-util/1.0.1/kerb-util-1.0.1.jar:/home/user/.m2/repository/org/apache/kerby/token-provider/1.0.1/token-provider-1.0.1.jar:/home/user/.m2/repository/org/apache/kerby/kerb-admin/1.0.1/kerb-admin-1.0.1.jar:/home/user/.m2/repository/org/apache/kerby/kerb-server/1.0.1/kerb-server-1.0.1.jar:/home/user/.m2/repository/org/apache/kerby/kerb-identity/1.0.1/kerb-identity-1.0.1.jar:/home/user/.m2/repository/org/apache/kerby/kerby-xdr/1.0.1/kerby-xdr-1.0.1.jar:/home/user/.m2/repository/org/slf4j/slf4j-log4j12/1.7.25/slf4j-log4j12-1.7.25.jar:/home/user/.m2/repository/org/apache/hadoop/hadoop-ozone-objectstore-service/0.5.0-SNAPSHOT/hadoop-ozone-objectstore-service-0.5.0-SNAPSHOT.jar:/home/user/.m2/repository/org/apache/hadoop/hadoop-ozone-s3gateway/0.5.0-SNAPSHOT/hadoop-ozone-s3gateway-0.5.0-SNAPSHOT.jar:/home/user/.m2/repository/org/jboss/weld/servlet/weld-servlet/2.4.7.Final/weld-servlet-2.4.7.Final.jar:/home/user/.m2/repository/org/glassfish/jersey/containers/jersey-container-servlet-core/2.27/jersey-container-servlet-core-2.27.jar:/home/user/.m2/repository/org/glassfish/hk2/external/javax.inject/2.5.0-b42/javax.inject-2.5.0-b42.jar:/home/user/.m2/repository/org/glassfish/jersey/core/jersey-common/2.27/jersey-common-2.27.jar:/home/user/.m2/repository/org/glassfish/hk2/osgi-resource-locator/1.0.1/osgi-resource-locator-1.0.1.jar:/home/user/.m2/repository/javax/ws/rs/javax.ws.rs-api/2.1/javax.ws.rs-api-2.1.jar:/home/user/.m2/repository/org/glassfish/jersey/ext/cdi/jersey-cdi1x/2.27/jersey-cdi1x-2.27.jar:/home/user/.m2/repository/org/glassfish/jersey/inject/jersey-hk2/2.27/jersey-hk2-2.27.jar:/home/user/.m2/repository/org/glassfish/hk2/hk2-locator/2.5.0-b42/hk2-locator-2.5.0-b42.jar:/home/user/.m2/repository/org/javassist/javassist/3.22.0-CR2/javassist-3.22.0-CR2.jar:/home/user/.m2/repository/org/glassfish/hk2/hk2-api/2.5.0/hk2-api-2.5.0.jar:/home/user/.m2/repository/org/glassfish/hk2/external/jakarta.inject/2.5.0/jakarta.inject-2.5.0.jar:/home/user/.m2/repository/org/glassfish/hk2/hk2-utils/2.5.0/hk2-utils-2.5.0.jar:/home/user/.m2/repository/jakarta/annotation/jakarta.annotation-api/1.3.4/jakarta.annotation-api-1.3.4.jar:/home/user/.m2/repository/org/glassfish/hk2/external/aopalliance-repackaged/2.5.0/aopalliance-repackaged-2.5.0.jar:/home/user/.m2/repository/com/fasterxml/jackson/dataformat/jackson-dataformat-xml/2.9.0/jackson-dataformat-xml-2.9.0.jar:/home/user/.m2/repository/com/fasterxml/jackson/core/jackson-core/2.9.5/jackson-core-2.9.5.jar:/home/user/.m2/repository/com/fasterxml/jackson/module/jackson-module-jaxb-annotations/2.9.5/jackson-module-jaxb-annotations-2.9.5.jar:/home/user/.m2/repository/javax/enterprise/cdi-api/1.2/cdi-api-1.2.jar:/home/user/.m2/repository/javax/el/javax.el-api/3.0.0/javax.el-api-3.0.0.jar:/home/user/.m2/repository/javax/interceptor/javax.interceptor-api/1.2/javax.interceptor-api-1.2.jar:/home/user/.m2/repository/javax/inject/javax.inject/1/javax.inject-1.jar:/home/user/.m2/repository/com/sun/xml/bind/jaxb-impl/2.3.0.1/jaxb-impl-2.3.0.1.jar:/home/user/.m2/repository/com/sun/xml/bind/jaxb-core/2.3.0.1/jaxb-core-2.3.0.1.jar:/home/user/.m2/repository/javax/xml/bind/jaxb-api/2.3.0/jaxb-api-2.3.0.jar:/home/user/.m2/repository/javax/activation/activation/1.1.1/activation-1.1.1.jar:/home/user/.m2/repository/org/apache/hadoop/hadoop-ozone-csi/0.5.0-SNAPSHOT/hadoop-ozone-csi-0.5.0-SNAPSHOT.jar:/home/user/.m2/repository/com/google/protobuf/protobuf-java-util/3.5.1/protobuf-java-util-3.5.1.jar:/home/user/.m2/repository/org/apache/hadoop/hadoop-hdds-config/0.5.0-SNAPSHOT/hadoop-hdds-config-0.5.0-SNAPSHOT.jar:/home/user/.m2/repository/io/grpc/grpc-netty/1.17.1/grpc-netty-1.17.1.jar:/home/user/.m2/repository/io/grpc/grpc-core/1.17.1/grpc-core-1.17.1.jar:/home/user/.m2/repository/io/grpc/grpc-context/1.17.1/grpc-context-1.17.1.jar:/home/user/.m2/repository/com/google/errorprone/error_prone_annotations/2.2.0/error_prone_annotations-2.2.0.jar:/home/user/.m2/repository/org/codehaus/mojo/animal-sniffer-annotations/1.17/animal-sniffer-annotations-1.17.jar:/home/user/.m2/repository/io/opencensus/opencensus-api/0.17.0/opencensus-api-0.17.0.jar:/home/user/.m2/repository/io/opencensus/opencensus-contrib-grpc-metrics/0.17.0/opencensus-contrib-grpc-metrics-0.17.0.jar:/home/user/.m2/repository/io/netty/netty-codec-http2/4.1.30.Final/netty-codec-http2-4.1.30.Final.jar:/home/user/.m2/repository/io/netty/netty-codec-http/4.1.30.Final/netty-codec-http-4.1.30.Final.jar:/home/user/.m2/repository/io/netty/netty-codec/4.1.30.Final/netty-codec-4.1.30.Final.jar:/home/user/.m2/repository/io/netty/netty-handler/4.1.30.Final/netty-handler-4.1.30.Final.jar:/home/user/.m2/repository/io/netty/netty-handler-proxy/4.1.30.Final/netty-handler-proxy-4.1.30.Final.jar:/home/user/.m2/repository/io/netty/netty-codec-socks/4.1.30.Final/netty-codec-socks-4.1.30.Final.jar:/home/user/.m2/repository/io/netty/netty-transport-native-epoll/4.1.30.Final/netty-transport-native-epoll-4.1.30.Final.jar:/home/user/.m2/repository/io/netty/netty-common/4.1.30.Final/netty-common-4.1.30.Final.jar:/home/user/.m2/repository/io/netty/netty-buffer/4.1.30.Final/netty-buffer-4.1.30.Final.jar:/home/user/.m2/repository/io/netty/netty-transport/4.1.30.Final/netty-transport-4.1.30.Final.jar:/home/user/.m2/repository/io/netty/netty-resolver/4.1.30.Final/netty-resolver-4.1.30.Final.jar:/home/user/.m2/repository/io/netty/netty-transport-native-unix-common/4.1.30.Final/netty-transport-native-unix-common-4.1.30.Final.jar:/home/user/.m2/repository/io/grpc/grpc-protobuf/1.17.1/grpc-protobuf-1.17.1.jar:/home/user/.m2/repository/com/google/api/grpc/proto-google-common-protos/1.0.0/proto-google-common-protos-1.0.0.jar:/home/user/.m2/repository/io/grpc/grpc-protobuf-lite/1.17.1/grpc-protobuf-lite-1.17.1.jar:/home/user/.m2/repository/io/grpc/grpc-stub/1.17.1/grpc-stub-1.17.1.jar:/home/user/.m2/repository/org/apache/hadoop/hadoop-ozone-recon/0.5.0-SNAPSHOT/hadoop-ozone-recon-0.5.0-SNAPSHOT.jar:/home/user/.m2/repository/org/apache/hadoop/hadoop-ozone-reconcodegen/0.5.0-SNAPSHOT/hadoop-ozone-reconcodegen-0.5.0-SNAPSHOT.jar:/home/user/.m2/repository/com/google/inject/extensions/guice-multibindings/4.0/guice-multibindings-4.0.jar:/home/user/.m2/repository/com/google/inject/guice/4.0/guice-4.0.jar:/home/user/.m2/repository/aopalliance/aopalliance/1.0/aopalliance-1.0.jar:/home/user/.m2/repository/com/google/inject/extensions/guice-servlet/4.0/guice-servlet-4.0.jar:/home/user/.m2/repository/org/glassfish/jersey/containers/jersey-container-servlet/2.27/jersey-container-servlet-2.27.jar:/home/user/.m2/repository/org/glassfish/hk2/guice-bridge/2.5.0/guice-bridge-2.5.0.jar:/home/user/.m2/repository/org/glassfish/jersey/core/jersey-server/2.27/jersey-server-2.27.jar:/home/user/.m2/repository/org/glassfish/jersey/core/jersey-client/2.27/jersey-client-2.27.jar:/home/user/.m2/repository/org/glassfish/jersey/media/jersey-media-jaxb/2.27/jersey-media-jaxb-2.27.jar:/home/user/.m2/repository/javax/validation/validation-api/1.1.0.Final/validation-api-1.1.0.Final.jar:/home/user/.m2/repository/org/glassfish/jersey/media/jersey-media-json-jackson/2.27/jersey-media-json-jackson-2.27.jar:/home/user/.m2/repository/org/glassfish/jersey/ext/jersey-entity-filtering/2.27/jersey-entity-filtering-2.27.jar:/home/user/.m2/repository/com/google/inject/extensions/guice-assistedinject/4.0/guice-assistedinject-4.0.jar:/home/user/.m2/repository/org/jooq/jooq/3.11.10/jooq-3.11.10.jar:/home/user/.m2/repository/org/jooq/jooq-meta/3.11.10/jooq-meta-3.11.10.jar:/home/user/.m2/repository/org/jooq/jooq-codegen/3.11.10/jooq-codegen-3.11.10.jar:/home/user/.m2/repository/com/jolbox/bonecp/0.8.0.RELEASE/bonecp-0.8.0.RELEASE.jar:/home/user/.m2/repository/org/xerial/sqlite-jdbc/3.25.2/sqlite-jdbc-3.25.2.jar:/home/user/.m2/repository/org/springframework/spring-jdbc/5.1.3.RELEASE/spring-jdbc-5.1.3.RELEASE.jar:/home/user/.m2/repository/org/springframework/spring-beans/5.1.3.RELEASE/spring-beans-5.1.3.RELEASE.jar:/home/user/.m2/repository/org/springframework/spring-core/5.1.3.RELEASE/spring-core-5.1.3.RELEASE.jar:/home/user/.m2/repository/org/springframework/spring-jcl/5.1.3.RELEASE/spring-jcl-5.1.3.RELEASE.jar:/home/user/.m2/repository/org/springframework/spring-tx/5.1.3.RELEASE/spring-tx-5.1.3.RELEASE.jar:/home/user/.m2/repository/org/apache/hadoop/hadoop-ozone-client/0.5.0-SNAPSHOT/hadoop-ozone-client-0.5.0-SNAPSHOT.jar:/home/user/.m2/repository/commons-lang/commons-lang/2.6/commons-lang-2.6.jar:/home/user/.m2/repository/org/apache/hadoop/hadoop-ozone-ozone-manager/0.5.0-SNAPSHOT/hadoop-ozone-ozone-manager-0.5.0-SNAPSHOT-tests.jar:/home/user/.m2/repository/junit/junit/4.11/junit-4.11.jar:/home/user/.m2/repository/org/hamcrest/hamcrest-core/1.3/hamcrest-core-1.3.jar:/home/user/.m2/repository/org/openjdk/jmh/jmh-core/1.19/jmh-core-1.19.jar:/home/user/.m2/repository/net/sf/jopt-simple/jopt-simple/4.6/jopt-simple-4.6.jar:/home/user/.m2/repository/org/apache/commons/commons-math3/3.1.1/commons-math3-3.1.1.jar:/home/user/.m2/repository/org/openjdk/jmh/jmh-generator-annprocess/1.19/jmh-generator-annprocess-1.19.jar:/home/user/.m2/repository/org/mockito/mockito-all/1.8.5/mockito-all-1.8.5.jar:/home/user/.m2/repository/org/apache/hadoop/hadoop-kms/3.2.0/hadoop-kms-3.2.0.jar:/home/user/.m2/repository/org/apache/hadoop/hadoop-auth/3.2.0/hadoop-auth-3.2.0.jar:/home/user/.m2/repository/com/nimbusds/nimbus-jose-jwt/4.41.1/nimbus-jose-jwt-4.41.1.jar:/home/user/.m2/repository/com/github/stephenc/jcip/jcip-annotations/1.0-1/jcip-annotations-1.0-1.jar:/home/user/.m2/repository/net/minidev/json-smart/2.3/json-smart-2.3.jar:/home/user/.m2/repository/net/minidev/accessors-smart/1.2/accessors-smart-1.2.jar:/home/user/.m2/repository/org/ow2/asm/asm/5.0.4/asm-5.0.4.jar:/home/user/.m2/repository/org/apache/curator/curator-framework/2.12.0/curator-framework-2.12.0.jar:/home/user/.m2/repository/com/sun/jersey/jersey-core/1.19/jersey-core-1.19.jar:/home/user/.m2/repository/javax/ws/rs/jsr311-api/1.1.1/jsr311-api-1.1.1.jar:/home/user/.m2/repository/com/sun/jersey/jersey-server/1.19/jersey-server-1.19.jar:/home/user/.m2/repository/javax/servlet/javax.servlet-api/3.1.0/javax.servlet-api-3.1.0.jar:/home/user/.m2/repository/org/eclipse/jetty/jetty-server/9.3.24.v20180605/jetty-server-9.3.24.v20180605.jar:/home/user/.m2/repository/org/eclipse/jetty/jetty-http/9.3.24.v20180605/jetty-http-9.3.24.v20180605.jar:/home/user/.m2/repository/org/eclipse/jetty/jetty-io/9.3.24.v20180605/jetty-io-9.3.24.v20180605.jar:/home/user/.m2/repository/org/eclipse/jetty/jetty-webapp/9.3.24.v20180605/jetty-webapp-9.3.24.v20180605.jar:/home/user/.m2/repository/org/eclipse/jetty/jetty-xml/9.3.24.v20180605/jetty-xml-9.3.24.v20180605.jar:/home/user/.m2/repository/log4j/log4j/1.2.17/log4j-1.2.17.jar:/home/user/.m2/repository/org/slf4j/slf4j-api/1.7.25/slf4j-api-1.7.25.jar:/home/user/.m2/repository/org/slf4j/jul-to-slf4j/1.7.25/jul-to-slf4j-1.7.25.jar:/home/user/.m2/repository/org/eclipse/jetty/jetty-util/9.3.24.v20180605/jetty-util-9.3.24.v20180605.jar:/home/user/.m2/repository/com/fasterxml/jackson/core/jackson-databind/2.9.5/jackson-databind-2.9.5.jar:/home/user/.m2/repository/org/apache/hadoop/hadoop-kms/3.2.0/hadoop-kms-3.2.0-tests.jar:/home/user/.m2/repository/org/apache/hadoop/hadoop-hdds-server-scm/0.5.0-SNAPSHOT/hadoop-hdds-server-scm-0.5.0-SNAPSHOT-tests.jar:/home/user/.m2/repository/org/apache/hadoop/hadoop-hdds-container-service/0.5.0-SNAPSHOT/hadoop-hdds-container-service-0.5.0-SNAPSHOT-tests.jar:/home/user/.m2/repository/org/yaml/snakeyaml/1.16/snakeyaml-1.16.jar:/home/user/.m2/repository/org/apache/hadoop/hadoop-common/3.2.0/hadoop-common-3.2.0-tests.jar:/home/user/.m2/repository/org/apache/hadoop/hadoop-annotations/3.2.0/hadoop-annotations-3.2.0.jar:/usr/lib/jvm/java-1.8-openjdk/jre/../lib/tools.jar:/home/user/.m2/repository/commons-cli/commons-cli/1.2/commons-cli-1.2.jar:/home/user/.m2/repository/org/apache/httpcomponents/httpclient/4.5.2/httpclient-4.5.2.jar:/home/user/.m2/repository/org/apache/httpcomponents/httpcore/4.4.4/httpcore-4.4.4.jar:/home/user/.m2/repository/commons-codec/commons-codec/1.11/commons-codec-1.11.jar:/home/user/.m2/repository/commons-net/commons-net/3.6/commons-net-3.6.jar:/home/user/.m2/repository/commons-collections/commons-collections/3.2.2/commons-collections-3.2.2.jar:/home/user/.m2/repository/org/eclipse/jetty/jetty-servlet/9.3.24.v20180605/jetty-servlet-9.3.24.v20180605.jar:/home/user/.m2/repository/org/eclipse/jetty/jetty-security/9.3.24.v20180605/jetty-security-9.3.24.v20180605.jar:/home/user/.m2/repository/javax/servlet/jsp/jsp-api/2.1/jsp-api-2.1.jar:/home/user/.m2/repository/com/sun/jersey/jersey-servlet/1.19/jersey-servlet-1.19.jar:/home/user/.m2/repository/com/sun/jersey/jersey-json/1.19/jersey-json-1.19.jar:/home/user/.m2/repository/org/codehaus/jettison/jettison/1.1/jettison-1.1.jar:/home/user/.m2/repository/org/codehaus/jackson/jackson-core-asl/1.9.13/jackson-core-asl-1.9.13.jar:/home/user/.m2/repository/org/codehaus/jackson/jackson-mapper-asl/1.9.13/jackson-mapper-asl-1.9.13.jar:/home/user/.m2/repository/org/codehaus/jackson/jackson-jaxrs/1.9.13/jackson-jaxrs-1.9.13.jar:/home/user/.m2/repository/org/codehaus/jackson/jackson-xc/1.9.13/jackson-xc-1.9.13.jar:/home/user/.m2/repository/commons-logging/commons-logging/1.1.3/commons-logging-1.1.3.jar:/home/user/.m2/repository/commons-beanutils/commons-beanutils/1.9.3/commons-beanutils-1.9.3.jar:/home/user/.m2/repository/org/apache/commons/commons-configuration2/2.1.1/commons-configuration2-2.1.1.jar:/home/user/.m2/repository/org/apache/commons/commons-lang3/3.7/commons-lang3-3.7.jar:/home/user/.m2/repository/org/apache/commons/commons-text/1.4/commons-text-1.4.jar:/home/user/.m2/repository/org/apache/avro/avro/1.7.7/avro-1.7.7.jar:/home/user/.m2/repository/com/thoughtworks/paranamer/paranamer/2.3/paranamer-2.3.jar:/home/user/.m2/repository/org/xerial/snappy/snappy-java/1.0.5/snappy-java-1.0.5.jar:/home/user/.m2/repository/com/google/re2j/re2j/1.1/re2j-1.1.jar:/home/user/.m2/repository/com/google/code/gson/gson/2.2.4/gson-2.2.4.jar:/home/user/.m2/repository/com/jcraft/jsch/0.1.54/jsch-0.1.54.jar:/home/user/.m2/repository/org/apache/curator/curator-client/2.12.0/curator-client-2.12.0.jar:/home/user/.m2/repository/org/apache/curator/curator-recipes/2.12.0/curator-recipes-2.12.0.jar:/home/user/.m2/repository/com/google/code/findbugs/jsr305/3.0.0/jsr305-3.0.0.jar:/home/user/.m2/repository/org/apache/htrace/htrace-core4/4.1.0-incubating/htrace-core4-4.1.0-incubating.jar:/home/user/.m2/repository/org/apache/zookeeper/zookeeper/3.4.13/zookeeper-3.4.13.jar:/home/user/.m2/repository/org/apache/yetus/audience-annotations/0.5.0/audience-annotations-0.5.0.jar:/home/user/.m2/repository/org/codehaus/woodstox/stax2-api/3.1.4/stax2-api-3.1.4.jar:/home/user/.m2/repository/com/fasterxml/woodstox/woodstox-core/5.0.3/woodstox-core-5.0.3.jar:/home/user/.m2/repository/dnsjava/dnsjava/2.1.7/dnsjava-2.1.7.jar:/home/user/.m2/repository/org/apache/hadoop/hadoop-hdfs/3.2.0/hadoop-hdfs-3.2.0-tests.jar:/home/user/.m2/repository/org/eclipse/jetty/jetty-util-ajax/9.3.24.v20180605/jetty-util-ajax-9.3.24.v20180605.jar:/home/user/.m2/repository/commons-daemon/commons-daemon/1.0.13/commons-daemon-1.0.13.jar:/home/user/.m2/repository/io/netty/netty/3.10.5.Final/netty-3.10.5.Final.jar:/home/user/.m2/repository/io/netty/netty-all/4.0.52.Final/netty-all-4.0.52.Final.jar:/home/user/.m2/repository/org/fusesource/leveldbjni/leveldbjni-all/1.8/leveldbjni-all-1.8.jar:"/>
    <property name="sun.cpu.endian" value="little"/>
    <property name="user.home" value="/home/user"/>
    <property name="user.language" value="en"/>
    <property name="java.specification.vendor" value="Oracle Corporation"/>
    <property name="java.home" value="/usr/lib/jvm/java-1.8-openjdk/jre"/>
    <property name="java.security.krb5.conf" value="/workdir/hadoop-ozone/integration-test/target/test-classes/krb5.conf"/>
    <property name="basedir" value="/workdir/hadoop-ozone/integration-test"/>
    <property name="file.separator" value="/"/>
    <property name="line.separator" value="&#10;"/>
    <property name="java.vm.specification.vendor" value="Oracle Corporation"/>
    <property name="java.specification.name" value="Java Platform API Specification"/>
    <property name="java.awt.graphicsenv" value="sun.awt.X11GraphicsEnvironment"/>
    <property name="surefire.real.class.path" value="/workdir/hadoop-ozone/integration-test/target/surefire/surefirebooter2491182751430554512.jar"/>
    <property name="hadoop.log.dir" value="/workdir/hadoop-ozone/integration-test/target/log"/>
    <property name="sun.boot.class.path" value="/usr/lib/jvm/java-1.8-openjdk/jre/lib/resources.jar:/usr/lib/jvm/java-1.8-openjdk/jre/lib/rt.jar:/usr/lib/jvm/java-1.8-openjdk/jre/lib/sunrsasign.jar:/usr/lib/jvm/java-1.8-openjdk/jre/lib/jsse.jar:/usr/lib/jvm/java-1.8-openjdk/jre/lib/jce.jar:/usr/lib/jvm/java-1.8-openjdk/jre/lib/charsets.jar:/usr/lib/jvm/java-1.8-openjdk/jre/lib/jfr.jar:/usr/lib/jvm/java-1.8-openjdk/jre/classes"/>
    <property name="sun.management.compiler" value="HotSpot 64-Bit Tiered Compilers"/>
    <property name="java.runtime.version" value="1.8.0_212-b04"/>
    <property name="java.net.preferIPv4Stack" value="true"/>
    <property name="user.name" value="jenkins1000"/>
    <property name="path.separator" value=":"/>
    <property name="java.security.egd" value="file:///dev/urandom"/>
    <property name="os.version" value="3.10.0-957.12.2.el7.x86_64"/>
    <property name="java.endorsed.dirs" value="/usr/lib/jvm/java-1.8-openjdk/jre/lib/endorsed"/>
    <property name="java.runtime.name" value="OpenJDK Runtime Environment"/>
    <property name="file.encoding" value="UTF-8"/>
    <property name="java.vm.name" value="OpenJDK 64-Bit Server VM"/>
    <property name="test.build.webapps" value=""/>
    <property name="localRepository" value="/home/user/.m2/repository"/>
    <property name="java.vendor.url.bug" value="https://icedtea.classpath.org/bugzilla"/>
    <property name="java.io.tmpdir" value="/tmp"/>
    <property name="require.test.libhadoop" value=""/>
    <property name="java.version" value="1.8.0_212"/>
    <property name="user.dir" value="/workdir/hadoop-ozone/integration-test"/>
    <property name="os.arch" value="amd64"/>
    <property name="java.vm.specification.name" value="Java Virtual Machine Specification"/>
    <property name="test.build.classes" value="/workdir/hadoop-ozone/integration-test/target/test-classes"/>
    <property name="java.awt.printerjob" value="sun.print.PSPrinterJob"/>
    <property name="sun.os.patch.level" value="unknown"/>
    <property name="hadoop.tmp.dir" value="/workdir/hadoop-ozone/integration-test/target/tmp"/>
    <property name="java.library.path" value="/usr/lib/jvm/java-1.8-openjdk/jre/lib/amd64/server:/usr/lib/jvm/java-1.8-openjdk/jre/lib/amd64:/usr/lib/jvm/java-1.8-openjdk/jre/../lib/amd64:/workdir/hadoop-ozone/integration-test/target/native/target/usr/local/lib:/workdir/hadoop-ozone/integration-test/../../hadoop-common-project/hadoop-common/target/native/target/usr/local/lib:/usr/java/packages/lib/amd64:/usr/lib64:/lib64:/lib:/usr/lib"/>
    <property name="java.vm.info" value="mixed mode"/>
    <property name="java.vendor" value="IcedTea"/>
    <property name="java.vm.version" value="25.212-b04"/>
    <property name="java.ext.dirs" value="/usr/lib/jvm/java-1.8-openjdk/jre/lib/ext:/usr/java/packages/lib/ext"/>
    <property name="sun.io.unicode.encoding" value="UnicodeLittle"/>
    <property name="java.class.version" value="52.0"/>
  </properties>
  <testcase name="testAutomaticPipelineCreationOnPipelineDestroy" classname="org.apache.hadoop.hdds.scm.pipeline.TestRatisPipelineCreateAndDestory" time="29.24"/>
  <testcase name="testPipelineCreationOnNodeRestart" classname="org.apache.hadoop.hdds.scm.pipeline.TestRatisPipelineCreateAndDestory" time="40.258">
    <error message="test timed out after 30000 milliseconds" type="java.lang.Exception">java.lang.Exception: test timed out after 30000 milliseconds
	at java.lang.Thread.sleep(Native Method)
	at org.apache.hadoop.test.GenericTestUtils.waitFor(GenericTestUtils.java:382)
	at org.apache.hadoop.hdds.scm.pipeline.TestRatisPipelineCreateAndDestory.waitForPipelines(TestRatisPipelineCreateAndDestory.java:126)
	at org.apache.hadoop.hdds.scm.pipeline.TestRatisPipelineCreateAndDestory.testPipelineCreationOnNodeRestart(TestRatisPipelineCreateAndDestory.java:121)
	at sun.reflect.NativeMethodAccessorImpl.invoke0(Native Method)
	at sun.reflect.NativeMethodAccessorImpl.invoke(NativeMethodAccessorImpl.java:62)
	at sun.reflect.DelegatingMethodAccessorImpl.invoke(DelegatingMethodAccessorImpl.java:43)
	at java.lang.reflect.Method.invoke(Method.java:498)
	at org.junit.runners.model.FrameworkMethod$1.runReflectiveCall(FrameworkMethod.java:47)
	at org.junit.internal.runners.model.ReflectiveCallable.run(ReflectiveCallable.java:12)
	at org.junit.runners.model.FrameworkMethod.invokeExplosively(FrameworkMethod.java:44)
	at org.junit.internal.runners.statements.InvokeMethod.evaluate(InvokeMethod.java:17)
	at org.junit.internal.runners.statements.FailOnTimeout$StatementThread.run(FailOnTimeout.java:74)
</error>
    <system-out><![CDATA[2019-08-20 22:34:13,702 [Thread-333] WARN  server.ServerUtils (ServerUtils.java:getScmDbDir(145)) - ozone.scm.db.dirs is not configured. We recommend adding this setting. Falling back to ozone.metadata.dirs instead.
2019-08-20 22:34:13,727 [Thread-333] WARN  server.ServerUtils (ServerUtils.java:getScmDbDir(145)) - ozone.scm.db.dirs is not configured. We recommend adding this setting. Falling back to ozone.metadata.dirs instead.
2019-08-20 22:34:13,728 [Thread-333] WARN  server.ServerUtils (ServerUtils.java:getScmDbDir(145)) - ozone.scm.db.dirs is not configured. We recommend adding this setting. Falling back to ozone.metadata.dirs instead.
2019-08-20 22:34:13,729 [Thread-333] INFO  db.DBStoreBuilder (DBStoreBuilder.java:addTable(110)) - using custom profile for table: deletedBlocks
2019-08-20 22:34:13,729 [Thread-333] INFO  db.DBStoreBuilder (DBStoreBuilder.java:processTables(161)) - Using default column profile:DBProfile.DISK for Table:deletedBlocks
2019-08-20 22:34:13,729 [Thread-333] INFO  db.DBStoreBuilder (DBStoreBuilder.java:addTable(110)) - using custom profile for table: validCerts
2019-08-20 22:34:13,729 [Thread-333] INFO  db.DBStoreBuilder (DBStoreBuilder.java:processTables(161)) - Using default column profile:DBProfile.DISK for Table:validCerts
2019-08-20 22:34:13,730 [Thread-333] INFO  db.DBStoreBuilder (DBStoreBuilder.java:addTable(110)) - using custom profile for table: revokedCerts
2019-08-20 22:34:13,730 [Thread-333] INFO  db.DBStoreBuilder (DBStoreBuilder.java:processTables(161)) - Using default column profile:DBProfile.DISK for Table:revokedCerts
2019-08-20 22:34:13,730 [Thread-333] INFO  db.DBStoreBuilder (DBStoreBuilder.java:addTable(110)) - using custom profile for table: default
2019-08-20 22:34:13,730 [Thread-333] INFO  db.DBStoreBuilder (DBStoreBuilder.java:processTables(167)) - Using default column profile:DBProfile.DISK for Table:default
2019-08-20 22:34:13,730 [Thread-333] INFO  db.DBStoreBuilder (DBStoreBuilder.java:getDbProfile(198)) - Using default options. DBProfile.DISK
2019-08-20 22:34:13,882 [Thread-333] INFO  net.NodeSchemaLoader (NodeSchemaLoader.java:loadSchemaFromFile(125)) - Loading file from sun.misc.CompoundEnumeration@37d608
2019-08-20 22:34:13,882 [Thread-333] INFO  net.NodeSchemaLoader (NodeSchemaLoader.java:loadSchema(171)) - Loading network topology layer schema file
2019-08-20 22:34:13,889 [Thread-333] INFO  node.SCMNodeManager (SCMNodeManager.java:<init>(121)) - Entering startup safe mode.
2019-08-20 22:34:13,890 [Thread-333] INFO  algorithms.ContainerPlacementPolicyFactory (ContainerPlacementPolicyFactory.java:getPolicy(55)) - Create container placement policy of type org.apache.hadoop.hdds.scm.container.placement.algorithms.SCMContainerPlacementRandom
2019-08-20 22:34:13,890 [Thread-333] WARN  server.ServerUtils (ServerUtils.java:getScmDbDir(145)) - ozone.scm.db.dirs is not configured. We recommend adding this setting. Falling back to ozone.metadata.dirs instead.
2019-08-20 22:34:13,914 [Thread-333] INFO  pipeline.SCMPipelineManager (SCMPipelineManager.java:initializePipelineState(126)) - No pipeline exists in current db
2019-08-20 22:34:13,915 [Thread-333] WARN  server.ServerUtils (ServerUtils.java:getScmDbDir(145)) - ozone.scm.db.dirs is not configured. We recommend adding this setting. Falling back to ozone.metadata.dirs instead.
2019-08-20 22:34:13,938 [Thread-333] WARN  events.EventQueue (EventQueue.java:fireEvent(175)) - No event handler registered for event TypedEvent{payloadType=SafeModeStatus, name='SafeModeStatus'}
2019-08-20 22:34:13,939 [Thread-333] INFO  ipc.CallQueueManager (CallQueueManager.java:<init>(84)) - Using callQueue: class java.util.concurrent.LinkedBlockingQueue, queueCapacity: 2000, scheduler: class org.apache.hadoop.ipc.DefaultRpcScheduler, ipcBackoff: false.
2019-08-20 22:34:13,940 [Socket Reader #1 for port 45429] INFO  ipc.Server (Server.java:run(1074)) - Starting Socket Reader #1 for port 45429
2019-08-20 22:34:13,941 [Thread-333] INFO  ipc.CallQueueManager (CallQueueManager.java:<init>(84)) - Using callQueue: class java.util.concurrent.LinkedBlockingQueue, queueCapacity: 2000, scheduler: class org.apache.hadoop.ipc.DefaultRpcScheduler, ipcBackoff: false.
2019-08-20 22:34:13,942 [Socket Reader #1 for port 35079] INFO  ipc.Server (Server.java:run(1074)) - Starting Socket Reader #1 for port 35079
2019-08-20 22:34:13,943 [Thread-333] INFO  ipc.CallQueueManager (CallQueueManager.java:<init>(84)) - Using callQueue: class java.util.concurrent.LinkedBlockingQueue, queueCapacity: 2000, scheduler: class org.apache.hadoop.ipc.DefaultRpcScheduler, ipcBackoff: false.
2019-08-20 22:34:13,943 [Socket Reader #1 for port 46879] INFO  ipc.Server (Server.java:run(1074)) - Starting Socket Reader #1 for port 46879
2019-08-20 22:34:13,945 [Thread-333] INFO  hdfs.DFSUtil (DFSUtil.java:httpServerTemplateForNNAndJN(1641)) - Starting Web-server for scm at: http://0.0.0.0:0
2019-08-20 22:34:13,948 [Thread-333] INFO  server.AuthenticationFilter (AuthenticationFilter.java:constructSecretProvider(240)) - Unable to initialize FileSignerSecretProvider, falling back to use random secrets.
2019-08-20 22:34:13,948 [Thread-333] WARN  http.HttpRequestLog (HttpRequestLog.java:getRequestLog(97)) - Jetty request log can only be enabled using Log4j
2019-08-20 22:34:13,951 [Thread-333] INFO  http.HttpServer2 (HttpServer2.java:addGlobalFilter(975)) - Added global filter 'safety' (class=org.apache.hadoop.http.HttpServer2$QuotingInputFilter)
2019-08-20 22:34:13,951 [Thread-333] INFO  http.HttpServer2 (HttpServer2.java:addFilter(948)) - Added filter static_user_filter (class=org.apache.hadoop.http.lib.StaticUserWebFilter$StaticUserFilter) to context scm
2019-08-20 22:34:13,951 [Thread-333] INFO  http.HttpServer2 (HttpServer2.java:addFilter(958)) - Added filter static_user_filter (class=org.apache.hadoop.http.lib.StaticUserWebFilter$StaticUserFilter) to context static
2019-08-20 22:34:13,952 [Thread-333] INFO  http.HttpServer2 (HttpServer2.java:addFilter(958)) - Added filter static_user_filter (class=org.apache.hadoop.http.lib.StaticUserWebFilter$StaticUserFilter) to context logs
2019-08-20 22:34:13,954 [Thread-333] INFO  server.StorageContainerManager (StorageContainerManager.java:start(759)) - StorageContainerLocationProtocol RPC server is listening at /0.0.0.0:46879
2019-08-20 22:34:13,957 [Thread-333] WARN  impl.MetricsConfig (MetricsConfig.java:loadFirst(134)) - Cannot locate configuration: tried hadoop-metrics2-storagecontainermanager.properties,hadoop-metrics2.properties
2019-08-20 22:34:13,958 [Thread-333] INFO  impl.MetricsSystemImpl (MetricsSystemImpl.java:startTimer(374)) - Scheduled Metric snapshot period at 10 second(s).
2019-08-20 22:34:13,958 [Thread-333] INFO  impl.MetricsSystemImpl (MetricsSystemImpl.java:start(191)) - StorageContainerManager metrics system started
2019-08-20 22:34:14,006 [Thread-333] INFO  server.SCMClientProtocolServer (SCMClientProtocolServer.java:start(151)) - RPC server for Client  is listening at /0.0.0.0:46879
2019-08-20 22:34:14,006 [IPC Server Responder] INFO  ipc.Server (Server.java:run(1314)) - IPC Server Responder: starting
2019-08-20 22:34:14,006 [IPC Server listener on 46879] INFO  ipc.Server (Server.java:run(1153)) - IPC Server listener on 46879: starting
2019-08-20 22:34:14,009 [Thread-333] INFO  server.StorageContainerManager (StorageContainerManager.java:start(769)) - ScmBlockLocationProtocol RPC server is listening at /0.0.0.0:35079
2019-08-20 22:34:14,010 [Thread-333] INFO  server.SCMBlockProtocolServer (SCMBlockProtocolServer.java:start(140)) - RPC server for Block Protocol is listening at /0.0.0.0:35079
2019-08-20 22:34:14,010 [IPC Server Responder] INFO  ipc.Server (Server.java:run(1314)) - IPC Server Responder: starting
2019-08-20 22:34:14,010 [IPC Server listener on 35079] INFO  ipc.Server (Server.java:run(1153)) - IPC Server listener on 35079: starting
2019-08-20 22:34:14,013 [Thread-333] INFO  server.StorageContainerManager (StorageContainerManager.java:start(773)) - ScmDatanodeProtocl RPC server is listening at /0.0.0.0:45429
2019-08-20 22:34:14,013 [Thread-333] INFO  server.SCMDatanodeProtocolServer (SCMDatanodeProtocolServer.java:start(191)) - RPC server for DataNodes is listening at /0.0.0.0:45429
2019-08-20 22:34:14,014 [IPC Server Responder] INFO  ipc.Server (Server.java:run(1314)) - IPC Server Responder: starting
2019-08-20 22:34:14,014 [IPC Server listener on 45429] INFO  ipc.Server (Server.java:run(1153)) - IPC Server listener on 45429: starting
2019-08-20 22:34:14,017 [Thread-333] INFO  http.HttpServer2 (HttpServer2.java:bindListener(1191)) - Jetty bound to port 42358
2019-08-20 22:34:14,017 [Thread-333] INFO  server.Server (Server.java:doStart(351)) - jetty-9.3.24.v20180605, build timestamp: 2018-06-05T17:11:56Z, git hash: 84205aa28f11a4f31f2a3b86d1bba2cc8ab69827
2019-08-20 22:34:14,019 [Thread-333] INFO  handler.ContextHandler (ContextHandler.java:doStart(781)) - Started o.e.j.s.ServletContextHandler@158f3f42{/logs,file:///workdir/hadoop-ozone/integration-test/target/log,AVAILABLE}
2019-08-20 22:34:14,020 [Thread-333] INFO  handler.ContextHandler (ContextHandler.java:doStart(781)) - Started o.e.j.s.ServletContextHandler@17fdf9e{/static,file:///workdir/hadoop-ozone/integration-test/target/test-classes/webapps/static,AVAILABLE}
2019-08-20 22:34:14,025 [Thread-333] INFO  handler.ContextHandler (ContextHandler.java:doStart(781)) - Started o.e.j.w.WebAppContext@2a330d3b{/,file:///workdir/hadoop-ozone/integration-test/target/test-classes/webapps/scm/,AVAILABLE}{/scm}
2019-08-20 22:34:14,025 [Thread-333] INFO  server.AbstractConnector (AbstractConnector.java:doStart(278)) - Started ServerConnector@29cec61{HTTP/1.1,[http/1.1]}{0.0.0.0:42358}
2019-08-20 22:34:14,026 [Thread-333] INFO  server.Server (Server.java:doStart(419)) - Started @30112ms
2019-08-20 22:34:14,027 [Thread-333] INFO  server.BaseHttpServer (BaseHttpServer.java:updateConnectorAddress(213)) - HTTP server of SCM is listening at http://0.0.0.0:42358
2019-08-20 22:34:14,028 [Thread-333] WARN  server.ServerUtils (ServerUtils.java:getDBPath(222)) - ozone.om.db.dirs is not configured. We recommend adding this setting. Falling back to ozone.metadata.dirs instead.
2019-08-20 22:34:14,028 [org.apache.hadoop.util.JvmPauseMonitor$Monitor@3418f1b9] INFO  util.JvmPauseMonitor (JvmPauseMonitor.java:run(188)) - Starting JVM pause monitor
2019-08-20 22:34:14,053 [Thread-333] WARN  server.ServerUtils (ServerUtils.java:getDBPath(222)) - ozone.om.db.dirs is not configured. We recommend adding this setting. Falling back to ozone.metadata.dirs instead.
2019-08-20 22:34:14,054 [Thread-333] WARN  server.ServerUtils (ServerUtils.java:getDBPath(222)) - ozone.om.db.dirs is not configured. We recommend adding this setting. Falling back to ozone.metadata.dirs instead.
2019-08-20 22:34:14,054 [Thread-333] INFO  om.OzoneManager (OzoneManager.java:setOMNodeDetails(648)) - OM Service ID is not set. Setting it to the default ID: omServiceIdDefault
2019-08-20 22:34:14,055 [Thread-333] INFO  om.OzoneManager (OzoneManager.java:setOMNodeDetails(654)) - OM Node ID is not set. Setting it to the OmStorage's OmID: 494d9073-ac98-46d5-8ae6-79003597b994
2019-08-20 22:34:14,055 [Thread-333] INFO  om.OzoneManager (OzoneManager.java:loadOMHAConfigs(605)) - Found matching OM address with OMServiceId: null, OMNodeId: null, RPC Address: localhost:0 and Ratis port: 9872
2019-08-20 22:34:14,060 | INFO  | SCMAudit | user=jenkins1000 | ip=192.168.34.20 | op=GET_SCM_INFO null | ret=SUCCESS |  
2019-08-20 22:34:14,063 [Thread-333] WARN  server.ServerUtils (ServerUtils.java:getDBPath(222)) - ozone.om.db.dirs is not configured. We recommend adding this setting. Falling back to ozone.metadata.dirs instead.
2019-08-20 22:34:14,063 [Thread-333] INFO  db.DBStoreBuilder (DBStoreBuilder.java:addTable(110)) - using custom profile for table: userTable
2019-08-20 22:34:14,063 [Thread-333] INFO  db.DBStoreBuilder (DBStoreBuilder.java:processTables(161)) - Using default column profile:DBProfile.DISK for Table:userTable
2019-08-20 22:34:14,064 [Thread-333] INFO  db.DBStoreBuilder (DBStoreBuilder.java:addTable(110)) - using custom profile for table: volumeTable
2019-08-20 22:34:14,064 [Thread-333] INFO  db.DBStoreBuilder (DBStoreBuilder.java:processTables(161)) - Using default column profile:DBProfile.DISK for Table:volumeTable
2019-08-20 22:34:14,064 [Thread-333] INFO  db.DBStoreBuilder (DBStoreBuilder.java:addTable(110)) - using custom profile for table: bucketTable
2019-08-20 22:34:14,064 [Thread-333] INFO  db.DBStoreBuilder (DBStoreBuilder.java:processTables(161)) - Using default column profile:DBProfile.DISK for Table:bucketTable
2019-08-20 22:34:14,065 [Thread-333] INFO  db.DBStoreBuilder (DBStoreBuilder.java:addTable(110)) - using custom profile for table: keyTable
2019-08-20 22:34:14,065 [Thread-333] INFO  db.DBStoreBuilder (DBStoreBuilder.java:processTables(161)) - Using default column profile:DBProfile.DISK for Table:keyTable
2019-08-20 22:34:14,065 [Thread-333] INFO  db.DBStoreBuilder (DBStoreBuilder.java:addTable(110)) - using custom profile for table: deletedTable
2019-08-20 22:34:14,065 [Thread-333] INFO  db.DBStoreBuilder (DBStoreBuilder.java:processTables(161)) - Using default column profile:DBProfile.DISK for Table:deletedTable
2019-08-20 22:34:14,065 [Thread-333] INFO  db.DBStoreBuilder (DBStoreBuilder.java:addTable(110)) - using custom profile for table: openKeyTable
2019-08-20 22:34:14,065 [Thread-333] INFO  db.DBStoreBuilder (DBStoreBuilder.java:processTables(161)) - Using default column profile:DBProfile.DISK for Table:openKeyTable
2019-08-20 22:34:14,065 [Thread-333] INFO  db.DBStoreBuilder (DBStoreBuilder.java:addTable(110)) - using custom profile for table: s3Table
2019-08-20 22:34:14,066 [Thread-333] INFO  db.DBStoreBuilder (DBStoreBuilder.java:processTables(161)) - Using default column profile:DBProfile.DISK for Table:s3Table
2019-08-20 22:34:14,066 [Thread-333] INFO  db.DBStoreBuilder (DBStoreBuilder.java:addTable(110)) - using custom profile for table: multipartInfoTable
2019-08-20 22:34:14,066 [Thread-333] INFO  db.DBStoreBuilder (DBStoreBuilder.java:processTables(161)) - Using default column profile:DBProfile.DISK for Table:multipartInfoTable
2019-08-20 22:34:14,066 [Thread-333] INFO  db.DBStoreBuilder (DBStoreBuilder.java:addTable(110)) - using custom profile for table: dTokenTable
2019-08-20 22:34:14,066 [Thread-333] INFO  db.DBStoreBuilder (DBStoreBuilder.java:processTables(161)) - Using default column profile:DBProfile.DISK for Table:dTokenTable
2019-08-20 22:34:14,066 [Thread-333] INFO  db.DBStoreBuilder (DBStoreBuilder.java:addTable(110)) - using custom profile for table: s3SecretTable
2019-08-20 22:34:14,066 [Thread-333] INFO  db.DBStoreBuilder (DBStoreBuilder.java:processTables(161)) - Using default column profile:DBProfile.DISK for Table:s3SecretTable
2019-08-20 22:34:14,067 [Thread-333] INFO  db.DBStoreBuilder (DBStoreBuilder.java:addTable(110)) - using custom profile for table: prefixTable
2019-08-20 22:34:14,067 [Thread-333] INFO  db.DBStoreBuilder (DBStoreBuilder.java:processTables(161)) - Using default column profile:DBProfile.DISK for Table:prefixTable
2019-08-20 22:34:14,067 [Thread-333] INFO  db.DBStoreBuilder (DBStoreBuilder.java:addTable(110)) - using custom profile for table: default
2019-08-20 22:34:14,067 [Thread-333] INFO  db.DBStoreBuilder (DBStoreBuilder.java:processTables(167)) - Using default column profile:DBProfile.DISK for Table:default
2019-08-20 22:34:14,068 [Thread-333] INFO  db.DBStoreBuilder (DBStoreBuilder.java:getDbProfile(198)) - Using default options. DBProfile.DISK
2019-08-20 22:34:14,528 [Thread-333] INFO  ipc.CallQueueManager (CallQueueManager.java:<init>(84)) - Using callQueue: class java.util.concurrent.LinkedBlockingQueue, queueCapacity: 2000, scheduler: class org.apache.hadoop.ipc.DefaultRpcScheduler, ipcBackoff: false.
2019-08-20 22:34:14,529 [Socket Reader #1 for port 44746] INFO  ipc.Server (Server.java:run(1074)) - Starting Socket Reader #1 for port 44746
2019-08-20 22:34:14,544 [Thread-333] INFO  om.OzoneManager (OzoneManager.java:start(1259)) - OzoneManager RPC server is listening at localhost/127.0.0.1:44746
2019-08-20 22:34:14,544 [Thread-333] INFO  impl.MetricsSystemImpl (MetricsSystemImpl.java:init(158)) - OzoneManager metrics system started (again)
2019-08-20 22:34:14,545 [IPC Server Responder] INFO  ipc.Server (Server.java:run(1314)) - IPC Server Responder: starting
2019-08-20 22:34:14,546 [IPC Server listener on 44746] INFO  ipc.Server (Server.java:run(1153)) - IPC Server listener on 44746: starting
2019-08-20 22:34:14,551 [Thread-333] INFO  hdfs.DFSUtil (DFSUtil.java:httpServerTemplateForNNAndJN(1641)) - Starting Web-server for ozoneManager at: http://0.0.0.0:0
2019-08-20 22:34:14,554 [Thread-333] INFO  server.AuthenticationFilter (AuthenticationFilter.java:constructSecretProvider(240)) - Unable to initialize FileSignerSecretProvider, falling back to use random secrets.
2019-08-20 22:34:14,554 [Thread-333] WARN  http.HttpRequestLog (HttpRequestLog.java:getRequestLog(97)) - Jetty request log can only be enabled using Log4j
2019-08-20 22:34:14,557 [Thread-333] INFO  http.HttpServer2 (HttpServer2.java:addGlobalFilter(975)) - Added global filter 'safety' (class=org.apache.hadoop.http.HttpServer2$QuotingInputFilter)
2019-08-20 22:34:14,558 [Thread-333] INFO  http.HttpServer2 (HttpServer2.java:addFilter(948)) - Added filter static_user_filter (class=org.apache.hadoop.http.lib.StaticUserWebFilter$StaticUserFilter) to context ozoneManager
2019-08-20 22:34:14,558 [Thread-333] INFO  http.HttpServer2 (HttpServer2.java:addFilter(958)) - Added filter static_user_filter (class=org.apache.hadoop.http.lib.StaticUserWebFilter$StaticUserFilter) to context logs
2019-08-20 22:34:14,559 [Thread-333] INFO  http.HttpServer2 (HttpServer2.java:addFilter(958)) - Added filter static_user_filter (class=org.apache.hadoop.http.lib.StaticUserWebFilter$StaticUserFilter) to context static
2019-08-20 22:34:14,560 [Thread-333] INFO  http.HttpServer2 (HttpServer2.java:bindListener(1191)) - Jetty bound to port 34444
2019-08-20 22:34:14,560 [Thread-333] INFO  server.Server (Server.java:doStart(351)) - jetty-9.3.24.v20180605, build timestamp: 2018-06-05T17:11:56Z, git hash: 84205aa28f11a4f31f2a3b86d1bba2cc8ab69827
2019-08-20 22:34:14,562 [Thread-333] INFO  handler.ContextHandler (ContextHandler.java:doStart(781)) - Started o.e.j.s.ServletContextHandler@28248564{/logs,file:///workdir/hadoop-ozone/integration-test/target/log,AVAILABLE}
2019-08-20 22:34:14,563 [Thread-333] INFO  handler.ContextHandler (ContextHandler.java:doStart(781)) - Started o.e.j.s.ServletContextHandler@2836adcc{/static,file:///workdir/hadoop-ozone/integration-test/target/test-classes/webapps/static,AVAILABLE}
2019-08-20 22:34:14,570 [Thread-333] INFO  handler.ContextHandler (ContextHandler.java:doStart(781)) - Started o.e.j.w.WebAppContext@64e1e9c3{/,file:///workdir/hadoop-ozone/integration-test/target/test-classes/webapps/ozoneManager/,AVAILABLE}{/ozoneManager}
2019-08-20 22:34:14,572 [Thread-333] INFO  server.AbstractConnector (AbstractConnector.java:doStart(278)) - Started ServerConnector@39d96f02{HTTP/1.1,[http/1.1]}{0.0.0.0:34444}
2019-08-20 22:34:14,572 [Thread-333] INFO  server.Server (Server.java:doStart(419)) - Started @30659ms
2019-08-20 22:34:14,573 [Thread-333] INFO  server.BaseHttpServer (BaseHttpServer.java:updateConnectorAddress(213)) - HTTP server of OZONEMANAGER is listening at http://0.0.0.0:34444
2019-08-20 22:34:14,585 [Thread-333] INFO  impl.MetricsSystemImpl (MetricsSystemImpl.java:init(158)) - HddsDatanode metrics system started (again)
2019-08-20 22:34:14,588 [Thread-333] INFO  ozone.HddsDatanodeService (HddsDatanodeService.java:start(184)) - HddsDatanodeService host:pr-hdds-1973-9s4bv-3555888387 ip:192.168.34.20
2019-08-20 22:34:14,598 [Thread-333] INFO  volume.HddsVolume (HddsVolume.java:<init>(176)) - Creating Volume: /workdir/hadoop-ozone/integration-test/target/test-dir/MiniOzoneClusterImpl-5c06a5f5-07f4-4017-99dc-ea39d70c8a0c/datanode-0/data/containers/hdds of  storage type : DISK and capacity : 1482555576320
2019-08-20 22:34:14,598 [Thread-333] INFO  volume.VolumeSet (VolumeSet.java:initializeVolumeSet(170)) - Added Volume : /workdir/hadoop-ozone/integration-test/target/test-dir/MiniOzoneClusterImpl-5c06a5f5-07f4-4017-99dc-ea39d70c8a0c/datanode-0/data/containers/hdds to VolumeSet
2019-08-20 22:34:14,599 [Thread-333] INFO  volume.ThrottledAsyncChecker (ThrottledAsyncChecker.java:schedule(140)) - Scheduling a check for org.apache.hadoop.ozone.container.common.volume.HddsVolume@77d86607
2019-08-20 22:34:14,599 [Thread-333] INFO  volume.HddsVolumeChecker (HddsVolumeChecker.java:checkAllVolumes(203)) - Scheduled health check for volume org.apache.hadoop.ozone.container.common.volume.HddsVolume@77d86607
2019-08-20 22:34:14,621 [Thread-333] INFO  impl.RaftServerProxy (ConfUtils.java:logGet(43)) - raft.rpc.type = GRPC (default)
2019-08-20 22:34:14,622 [Thread-333] INFO  grpc.GrpcFactory (GrpcFactory.java:checkPooledByteBufAllocatorUseCacheForAllThreads(45)) - PERFORMANCE WARNING: useCacheForAllThreads is true that may cause Netty to create a lot garbage objects and, as a result, trigger GC.
	It is recommended to disable useCacheForAllThreads by setting -Dorg.apache.ratis.thirdparty.io.netty.allocator.useCacheForAllThreads=false in command line.
2019-08-20 22:34:14,622 [Thread-333] INFO  grpc.GrpcConfigKeys$Server (ConfUtils.java:logGet(43)) - raft.grpc.server.port = 0 (default)
2019-08-20 22:34:14,622 [Thread-333] INFO  server.GrpcService (ConfUtils.java:logGet(43)) - raft.grpc.message.size.max = 33570816 (custom)
2019-08-20 22:34:14,622 [Thread-333] INFO  server.RaftServerConfigKeys (ConfUtils.java:logGet(43)) - raft.server.log.appender.buffer.byte-limit = 33554432 (custom)
2019-08-20 22:34:14,623 [Thread-333] INFO  server.GrpcService (ConfUtils.java:logGet(43)) - raft.grpc.flow.control.window = 1MB (=1048576) (default)
2019-08-20 22:34:14,623 [Thread-333] INFO  server.RaftServerConfigKeys (ConfUtils.java:logGet(43)) - raft.server.rpc.request.timeout = 3000ms (default)
2019-08-20 22:34:14,624 [Thread-333] INFO  server.RaftServerConfigKeys (ConfUtils.java:logGet(43)) - raft.server.storage.dir = [/workdir/hadoop-ozone/integration-test/target/test-dir/MiniOzoneClusterImpl-5c06a5f5-07f4-4017-99dc-ea39d70c8a0c/datanode-0/data/ratis] (custom)
2019-08-20 22:34:14,624 [Thread-333] INFO  replication.SimpleContainerDownloader (SimpleContainerDownloader.java:<init>(72)) - Starting container downloader service to copy containers to replicate.
2019-08-20 22:34:14,626 [Thread-333] INFO  hdfs.DFSUtil (DFSUtil.java:httpServerTemplateForNNAndJN(1641)) - Starting Web-server for hddsDatanode at: http://0.0.0.0:0
2019-08-20 22:34:14,628 [Thread-333] INFO  server.AuthenticationFilter (AuthenticationFilter.java:constructSecretProvider(240)) - Unable to initialize FileSignerSecretProvider, falling back to use random secrets.
2019-08-20 22:34:14,628 [Thread-333] WARN  http.HttpRequestLog (HttpRequestLog.java:getRequestLog(97)) - Jetty request log can only be enabled using Log4j
2019-08-20 22:34:14,630 [Thread-333] INFO  http.HttpServer2 (HttpServer2.java:addGlobalFilter(975)) - Added global filter 'safety' (class=org.apache.hadoop.http.HttpServer2$QuotingInputFilter)
2019-08-20 22:34:14,631 [Thread-333] INFO  http.HttpServer2 (HttpServer2.java:addFilter(948)) - Added filter static_user_filter (class=org.apache.hadoop.http.lib.StaticUserWebFilter$StaticUserFilter) to context hddsDatanode
2019-08-20 22:34:14,631 [Thread-333] INFO  http.HttpServer2 (HttpServer2.java:addFilter(958)) - Added filter static_user_filter (class=org.apache.hadoop.http.lib.StaticUserWebFilter$StaticUserFilter) to context static
2019-08-20 22:34:14,631 [Thread-333] INFO  http.HttpServer2 (HttpServer2.java:addFilter(958)) - Added filter static_user_filter (class=org.apache.hadoop.http.lib.StaticUserWebFilter$StaticUserFilter) to context logs
2019-08-20 22:34:14,632 [Thread-333] INFO  http.HttpServer2 (HttpServer2.java:bindListener(1191)) - Jetty bound to port 34073
2019-08-20 22:34:14,632 [Thread-333] INFO  server.Server (Server.java:doStart(351)) - jetty-9.3.24.v20180605, build timestamp: 2018-06-05T17:11:56Z, git hash: 84205aa28f11a4f31f2a3b86d1bba2cc8ab69827
2019-08-20 22:34:14,634 [Thread-333] INFO  handler.ContextHandler (ContextHandler.java:doStart(781)) - Started o.e.j.s.ServletContextHandler@31cfcc51{/logs,file:///workdir/hadoop-ozone/integration-test/target/log,AVAILABLE}
2019-08-20 22:34:14,634 [Thread-333] INFO  handler.ContextHandler (ContextHandler.java:doStart(781)) - Started o.e.j.s.ServletContextHandler@779b328a{/static,jar:file:/home/user/.m2/repository/org/apache/hadoop/hadoop-hdds-container-service/0.5.0-SNAPSHOT/hadoop-hdds-container-service-0.5.0-SNAPSHOT.jar!/webapps/static,AVAILABLE}
2019-08-20 22:34:14,663 [Thread-333] INFO  handler.ContextHandler (ContextHandler.java:doStart(781)) - Started o.e.j.w.WebAppContext@9a301c8{/,file:///tmp/jetty-0.0.0.0-34073-hddsDatanode-_-any-7319392885225005040.dir/webapp/,AVAILABLE}{/hddsDatanode}
2019-08-20 22:34:14,663 [Thread-333] INFO  server.AbstractConnector (AbstractConnector.java:doStart(278)) - Started ServerConnector@5a351f98{HTTP/1.1,[http/1.1]}{0.0.0.0:34073}
2019-08-20 22:34:14,664 [Thread-333] INFO  server.Server (Server.java:doStart(419)) - Started @30750ms
2019-08-20 22:34:14,664 [Thread-333] INFO  server.BaseHttpServer (BaseHttpServer.java:updateConnectorAddress(213)) - HTTP server of HDDSDATANODE is listening at http://0.0.0.0:34073
2019-08-20 22:34:14,810 | INFO  | ObjectStoreRestHttpServer | Listening HDDS REST traffic on /0.0.0.0:39193 |  
2019-08-20 22:34:14,811 [Thread-333] INFO  ozone.HddsDatanodeService (HddsDatanodeService.java:startPlugins(395)) - Started plug-in org.apache.hadoop.ozone.web.OzoneHddsDatanodeService@752d77ce
2019-08-20 22:34:14,811 [Thread-333] INFO  impl.MetricsSystemImpl (MetricsSystemImpl.java:init(158)) - HddsDatanode metrics system started (again)
2019-08-20 22:34:14,813 [Thread-333] INFO  ozone.HddsDatanodeService (HddsDatanodeService.java:start(184)) - HddsDatanodeService host:pr-hdds-1973-9s4bv-3555888387 ip:192.168.34.20
2019-08-20 22:34:14,814 [org.apache.hadoop.util.JvmPauseMonitor$Monitor@f9e6148] INFO  util.JvmPauseMonitor (JvmPauseMonitor.java:run(188)) - Starting JVM pause monitor
2019-08-20 22:34:14,816 [Datanode State Machine Thread - 0] INFO  datanode.InitDatanodeState (InitDatanodeState.java:persistContainerDatanodeDetails(140)) - DatanodeDetails is persisted to /workdir/hadoop-ozone/integration-test/target/test-dir/MiniOzoneClusterImpl-5c06a5f5-07f4-4017-99dc-ea39d70c8a0c/datanode-0/meta/datanode.id
2019-08-20 22:34:14,821 [Thread-333] INFO  volume.HddsVolume (HddsVolume.java:<init>(176)) - Creating Volume: /workdir/hadoop-ozone/integration-test/target/test-dir/MiniOzoneClusterImpl-5c06a5f5-07f4-4017-99dc-ea39d70c8a0c/datanode-1/data/containers/hdds of  storage type : DISK and capacity : 1482555576320
2019-08-20 22:34:14,821 [Thread-333] INFO  volume.VolumeSet (VolumeSet.java:initializeVolumeSet(170)) - Added Volume : /workdir/hadoop-ozone/integration-test/target/test-dir/MiniOzoneClusterImpl-5c06a5f5-07f4-4017-99dc-ea39d70c8a0c/datanode-1/data/containers/hdds to VolumeSet
2019-08-20 22:34:14,821 [Thread-333] INFO  volume.ThrottledAsyncChecker (ThrottledAsyncChecker.java:schedule(140)) - Scheduling a check for org.apache.hadoop.ozone.container.common.volume.HddsVolume@3f4cbfce
2019-08-20 22:34:14,821 [Thread-333] INFO  volume.HddsVolumeChecker (HddsVolumeChecker.java:checkAllVolumes(203)) - Scheduled health check for volume org.apache.hadoop.ozone.container.common.volume.HddsVolume@3f4cbfce
2019-08-20 22:34:14,835 [Thread-333] INFO  impl.RaftServerProxy (ConfUtils.java:logGet(43)) - raft.rpc.type = GRPC (default)
2019-08-20 22:34:14,835 [Thread-333] INFO  grpc.GrpcFactory (GrpcFactory.java:checkPooledByteBufAllocatorUseCacheForAllThreads(45)) - PERFORMANCE WARNING: useCacheForAllThreads is true that may cause Netty to create a lot garbage objects and, as a result, trigger GC.
	It is recommended to disable useCacheForAllThreads by setting -Dorg.apache.ratis.thirdparty.io.netty.allocator.useCacheForAllThreads=false in command line.
2019-08-20 22:34:14,836 [Thread-333] INFO  grpc.GrpcConfigKeys$Server (ConfUtils.java:logGet(43)) - raft.grpc.server.port = 0 (default)
2019-08-20 22:34:14,836 [Thread-333] INFO  server.GrpcService (ConfUtils.java:logGet(43)) - raft.grpc.message.size.max = 33570816 (custom)
2019-08-20 22:34:14,836 [Thread-333] INFO  server.RaftServerConfigKeys (ConfUtils.java:logGet(43)) - raft.server.log.appender.buffer.byte-limit = 33554432 (custom)
2019-08-20 22:34:14,836 [Thread-333] INFO  server.GrpcService (ConfUtils.java:logGet(43)) - raft.grpc.flow.control.window = 1MB (=1048576) (default)
2019-08-20 22:34:14,836 [Thread-333] INFO  server.RaftServerConfigKeys (ConfUtils.java:logGet(43)) - raft.server.rpc.request.timeout = 3000ms (default)
2019-08-20 22:34:14,837 [Thread-333] INFO  server.RaftServerConfigKeys (ConfUtils.java:logGet(43)) - raft.server.storage.dir = [/workdir/hadoop-ozone/integration-test/target/test-dir/MiniOzoneClusterImpl-5c06a5f5-07f4-4017-99dc-ea39d70c8a0c/datanode-1/data/ratis] (custom)
2019-08-20 22:34:14,837 [Thread-333] INFO  replication.SimpleContainerDownloader (SimpleContainerDownloader.java:<init>(72)) - Starting container downloader service to copy containers to replicate.
2019-08-20 22:34:14,838 [Thread-333] INFO  hdfs.DFSUtil (DFSUtil.java:httpServerTemplateForNNAndJN(1641)) - Starting Web-server for hddsDatanode at: http://0.0.0.0:0
2019-08-20 22:34:14,839 [Thread-333] INFO  server.AuthenticationFilter (AuthenticationFilter.java:constructSecretProvider(240)) - Unable to initialize FileSignerSecretProvider, falling back to use random secrets.
2019-08-20 22:34:14,840 [Thread-333] WARN  http.HttpRequestLog (HttpRequestLog.java:getRequestLog(97)) - Jetty request log can only be enabled using Log4j
2019-08-20 22:34:14,841 [Thread-333] INFO  http.HttpServer2 (HttpServer2.java:addGlobalFilter(975)) - Added global filter 'safety' (class=org.apache.hadoop.http.HttpServer2$QuotingInputFilter)
2019-08-20 22:34:14,842 [Thread-333] INFO  http.HttpServer2 (HttpServer2.java:addFilter(948)) - Added filter static_user_filter (class=org.apache.hadoop.http.lib.StaticUserWebFilter$StaticUserFilter) to context hddsDatanode
2019-08-20 22:34:14,842 [Thread-333] INFO  http.HttpServer2 (HttpServer2.java:addFilter(958)) - Added filter static_user_filter (class=org.apache.hadoop.http.lib.StaticUserWebFilter$StaticUserFilter) to context logs
2019-08-20 22:34:14,842 [Thread-333] INFO  http.HttpServer2 (HttpServer2.java:addFilter(958)) - Added filter static_user_filter (class=org.apache.hadoop.http.lib.StaticUserWebFilter$StaticUserFilter) to context static
2019-08-20 22:34:14,842 [Thread-333] INFO  http.HttpServer2 (HttpServer2.java:bindListener(1191)) - Jetty bound to port 43380
2019-08-20 22:34:14,843 [Thread-333] INFO  server.Server (Server.java:doStart(351)) - jetty-9.3.24.v20180605, build timestamp: 2018-06-05T17:11:56Z, git hash: 84205aa28f11a4f31f2a3b86d1bba2cc8ab69827
2019-08-20 22:34:14,844 [Thread-333] INFO  handler.ContextHandler (ContextHandler.java:doStart(781)) - Started o.e.j.s.ServletContextHandler@23dd2ba4{/logs,file:///workdir/hadoop-ozone/integration-test/target/log,AVAILABLE}
2019-08-20 22:34:14,845 [Thread-333] INFO  handler.ContextHandler (ContextHandler.java:doStart(781)) - Started o.e.j.s.ServletContextHandler@148e5763{/static,jar:file:/home/user/.m2/repository/org/apache/hadoop/hadoop-hdds-container-service/0.5.0-SNAPSHOT/hadoop-hdds-container-service-0.5.0-SNAPSHOT.jar!/webapps/static,AVAILABLE}
2019-08-20 22:34:14,872 [Thread-333] INFO  handler.ContextHandler (ContextHandler.java:doStart(781)) - Started o.e.j.w.WebAppContext@264eed15{/,file:///tmp/jetty-0.0.0.0-43380-hddsDatanode-_-any-6590826806115408019.dir/webapp/,AVAILABLE}{/hddsDatanode}
2019-08-20 22:34:14,873 [Thread-333] INFO  server.AbstractConnector (AbstractConnector.java:doStart(278)) - Started ServerConnector@39802676{HTTP/1.1,[http/1.1]}{0.0.0.0:43380}
2019-08-20 22:34:14,874 [Thread-333] INFO  server.Server (Server.java:doStart(419)) - Started @30960ms
2019-08-20 22:34:14,876 [Thread-333] INFO  server.BaseHttpServer (BaseHttpServer.java:updateConnectorAddress(213)) - HTTP server of HDDSDATANODE is listening at http://0.0.0.0:43380
2019-08-20 22:34:15,073 | INFO  | ObjectStoreRestHttpServer | Listening HDDS REST traffic on /0.0.0.0:43588 |  
2019-08-20 22:34:15,074 [Thread-333] INFO  ozone.HddsDatanodeService (HddsDatanodeService.java:startPlugins(395)) - Started plug-in org.apache.hadoop.ozone.web.OzoneHddsDatanodeService@2e514922
2019-08-20 22:34:15,074 [Thread-333] INFO  impl.MetricsSystemImpl (MetricsSystemImpl.java:init(158)) - HddsDatanode metrics system started (again)
2019-08-20 22:34:15,077 [Thread-333] INFO  ozone.HddsDatanodeService (HddsDatanodeService.java:start(184)) - HddsDatanodeService host:pr-hdds-1973-9s4bv-3555888387 ip:192.168.34.20
2019-08-20 22:34:15,078 [org.apache.hadoop.util.JvmPauseMonitor$Monitor@5a12504f] INFO  util.JvmPauseMonitor (JvmPauseMonitor.java:run(188)) - Starting JVM pause monitor
2019-08-20 22:34:15,080 [Datanode State Machine Thread - 0] INFO  datanode.InitDatanodeState (InitDatanodeState.java:persistContainerDatanodeDetails(140)) - DatanodeDetails is persisted to /workdir/hadoop-ozone/integration-test/target/test-dir/MiniOzoneClusterImpl-5c06a5f5-07f4-4017-99dc-ea39d70c8a0c/datanode-1/meta/datanode.id
2019-08-20 22:34:15,085 [Thread-333] INFO  volume.HddsVolume (HddsVolume.java:<init>(176)) - Creating Volume: /workdir/hadoop-ozone/integration-test/target/test-dir/MiniOzoneClusterImpl-5c06a5f5-07f4-4017-99dc-ea39d70c8a0c/datanode-2/data/containers/hdds of  storage type : DISK and capacity : 1482555576320
2019-08-20 22:34:15,085 [Thread-333] INFO  volume.VolumeSet (VolumeSet.java:initializeVolumeSet(170)) - Added Volume : /workdir/hadoop-ozone/integration-test/target/test-dir/MiniOzoneClusterImpl-5c06a5f5-07f4-4017-99dc-ea39d70c8a0c/datanode-2/data/containers/hdds to VolumeSet
2019-08-20 22:34:15,086 [Thread-333] INFO  volume.ThrottledAsyncChecker (ThrottledAsyncChecker.java:schedule(140)) - Scheduling a check for org.apache.hadoop.ozone.container.common.volume.HddsVolume@46b732e6
2019-08-20 22:34:15,086 [Thread-333] INFO  volume.HddsVolumeChecker (HddsVolumeChecker.java:checkAllVolumes(203)) - Scheduled health check for volume org.apache.hadoop.ozone.container.common.volume.HddsVolume@46b732e6
2019-08-20 22:34:15,101 [Thread-333] INFO  impl.RaftServerProxy (ConfUtils.java:logGet(43)) - raft.rpc.type = GRPC (default)
2019-08-20 22:34:15,101 [Thread-333] INFO  grpc.GrpcFactory (GrpcFactory.java:checkPooledByteBufAllocatorUseCacheForAllThreads(45)) - PERFORMANCE WARNING: useCacheForAllThreads is true that may cause Netty to create a lot garbage objects and, as a result, trigger GC.
	It is recommended to disable useCacheForAllThreads by setting -Dorg.apache.ratis.thirdparty.io.netty.allocator.useCacheForAllThreads=false in command line.
2019-08-20 22:34:15,101 [Thread-333] INFO  grpc.GrpcConfigKeys$Server (ConfUtils.java:logGet(43)) - raft.grpc.server.port = 0 (default)
2019-08-20 22:34:15,101 [Thread-333] INFO  server.GrpcService (ConfUtils.java:logGet(43)) - raft.grpc.message.size.max = 33570816 (custom)
2019-08-20 22:34:15,101 [Thread-333] INFO  server.RaftServerConfigKeys (ConfUtils.java:logGet(43)) - raft.server.log.appender.buffer.byte-limit = 33554432 (custom)
2019-08-20 22:34:15,102 [Thread-333] INFO  server.GrpcService (ConfUtils.java:logGet(43)) - raft.grpc.flow.control.window = 1MB (=1048576) (default)
2019-08-20 22:34:15,102 [Thread-333] INFO  server.RaftServerConfigKeys (ConfUtils.java:logGet(43)) - raft.server.rpc.request.timeout = 3000ms (default)
2019-08-20 22:34:15,102 [Thread-333] INFO  server.RaftServerConfigKeys (ConfUtils.java:logGet(43)) - raft.server.storage.dir = [/workdir/hadoop-ozone/integration-test/target/test-dir/MiniOzoneClusterImpl-5c06a5f5-07f4-4017-99dc-ea39d70c8a0c/datanode-2/data/ratis] (custom)
2019-08-20 22:34:15,103 [Thread-333] INFO  replication.SimpleContainerDownloader (SimpleContainerDownloader.java:<init>(72)) - Starting container downloader service to copy containers to replicate.
2019-08-20 22:34:15,104 [Thread-333] INFO  hdfs.DFSUtil (DFSUtil.java:httpServerTemplateForNNAndJN(1641)) - Starting Web-server for hddsDatanode at: http://0.0.0.0:0
2019-08-20 22:34:15,105 [Thread-333] INFO  server.AuthenticationFilter (AuthenticationFilter.java:constructSecretProvider(240)) - Unable to initialize FileSignerSecretProvider, falling back to use random secrets.
2019-08-20 22:34:15,105 [Thread-333] WARN  http.HttpRequestLog (HttpRequestLog.java:getRequestLog(97)) - Jetty request log can only be enabled using Log4j
2019-08-20 22:34:15,107 [Thread-333] INFO  http.HttpServer2 (HttpServer2.java:addGlobalFilter(975)) - Added global filter 'safety' (class=org.apache.hadoop.http.HttpServer2$QuotingInputFilter)
2019-08-20 22:34:15,107 [Thread-333] INFO  http.HttpServer2 (HttpServer2.java:addFilter(948)) - Added filter static_user_filter (class=org.apache.hadoop.http.lib.StaticUserWebFilter$StaticUserFilter) to context hddsDatanode
2019-08-20 22:34:15,107 [Thread-333] INFO  http.HttpServer2 (HttpServer2.java:addFilter(958)) - Added filter static_user_filter (class=org.apache.hadoop.http.lib.StaticUserWebFilter$StaticUserFilter) to context static
2019-08-20 22:34:15,107 [Thread-333] INFO  http.HttpServer2 (HttpServer2.java:addFilter(958)) - Added filter static_user_filter (class=org.apache.hadoop.http.lib.StaticUserWebFilter$StaticUserFilter) to context logs
2019-08-20 22:34:15,108 [Thread-333] INFO  http.HttpServer2 (HttpServer2.java:bindListener(1191)) - Jetty bound to port 40954
2019-08-20 22:34:15,108 [Thread-333] INFO  server.Server (Server.java:doStart(351)) - jetty-9.3.24.v20180605, build timestamp: 2018-06-05T17:11:56Z, git hash: 84205aa28f11a4f31f2a3b86d1bba2cc8ab69827
2019-08-20 22:34:15,110 [Thread-333] INFO  handler.ContextHandler (ContextHandler.java:doStart(781)) - Started o.e.j.s.ServletContextHandler@1b2c83b1{/logs,file:///workdir/hadoop-ozone/integration-test/target/log,AVAILABLE}
2019-08-20 22:34:15,110 [Thread-333] INFO  handler.ContextHandler (ContextHandler.java:doStart(781)) - Started o.e.j.s.ServletContextHandler@2bd351df{/static,jar:file:/home/user/.m2/repository/org/apache/hadoop/hadoop-hdds-container-service/0.5.0-SNAPSHOT/hadoop-hdds-container-service-0.5.0-SNAPSHOT.jar!/webapps/static,AVAILABLE}
2019-08-20 22:34:15,139 [Thread-333] INFO  handler.ContextHandler (ContextHandler.java:doStart(781)) - Started o.e.j.w.WebAppContext@1542ce2a{/,file:///tmp/jetty-0.0.0.0-40954-hddsDatanode-_-any-1737114992307490790.dir/webapp/,AVAILABLE}{/hddsDatanode}
2019-08-20 22:34:15,139 [Thread-333] INFO  server.AbstractConnector (AbstractConnector.java:doStart(278)) - Started ServerConnector@46d63129{HTTP/1.1,[http/1.1]}{0.0.0.0:40954}
2019-08-20 22:34:15,141 [Thread-333] INFO  server.Server (Server.java:doStart(419)) - Started @31227ms
2019-08-20 22:34:15,141 [Thread-333] INFO  server.BaseHttpServer (BaseHttpServer.java:updateConnectorAddress(213)) - HTTP server of HDDSDATANODE is listening at http://0.0.0.0:40954
2019-08-20 22:34:15,306 | INFO  | ObjectStoreRestHttpServer | Listening HDDS REST traffic on /0.0.0.0:40157 |  
2019-08-20 22:34:15,306 [Thread-333] INFO  ozone.HddsDatanodeService (HddsDatanodeService.java:startPlugins(395)) - Started plug-in org.apache.hadoop.ozone.web.OzoneHddsDatanodeService@1de38da4
2019-08-20 22:34:15,306 [Thread-333] INFO  ozone.MiniOzoneClusterImpl (MiniOzoneClusterImpl.java:lambda$waitForClusterToBeReady$0(142)) - Waiting for cluster to be ready. Got 0 of 3 DN Heartbeats.
2019-08-20 22:34:15,309 [org.apache.hadoop.util.JvmPauseMonitor$Monitor@167cb052] INFO  util.JvmPauseMonitor (JvmPauseMonitor.java:run(188)) - Starting JVM pause monitor
2019-08-20 22:34:15,311 [Datanode State Machine Thread - 0] INFO  datanode.InitDatanodeState (InitDatanodeState.java:persistContainerDatanodeDetails(140)) - DatanodeDetails is persisted to /workdir/hadoop-ozone/integration-test/target/test-dir/MiniOzoneClusterImpl-5c06a5f5-07f4-4017-99dc-ea39d70c8a0c/datanode-2/meta/datanode.id
2019-08-20 22:34:16,307 [Thread-333] INFO  ozone.MiniOzoneClusterImpl (MiniOzoneClusterImpl.java:lambda$waitForClusterToBeReady$0(142)) - Waiting for cluster to be ready. Got 0 of 3 DN Heartbeats.
2019-08-20 22:34:16,818 | INFO  | SCMAudit | user=jenkins1000 | ip=192.168.34.20 | op=GET_VERSION null | ret=SUCCESS |  
2019-08-20 22:34:16,834 [Datanode State Machine Thread - 0] INFO  ozoneimpl.OzoneContainer (OzoneContainer.java:start(186)) - Attempting to start container services.
2019-08-20 22:34:16,837 [Datanode State Machine Thread - 0] INFO  ozoneimpl.OzoneContainer (OzoneContainer.java:startContainerScrub(160)) - Background container scrubber has been disabled by hdds.containerscrub.enabled
2019-08-20 22:34:16,837 [Datanode State Machine Thread - 0] INFO  ratis.XceiverServerRatis (XceiverServerRatis.java:start(404)) - Starting XceiverServerRatis b5afc41f-867e-4200-b617-9bfa9efb1cae at port 0
2019-08-20 22:34:16,844 [Datanode State Machine Thread - 0] INFO  impl.RaftServerProxy (RaftServerProxy.java:lambda$start$3(299)) - b5afc41f-867e-4200-b617-9bfa9efb1cae: start RPC server
2019-08-20 22:34:16,847 [Datanode State Machine Thread - 0] INFO  server.GrpcService (GrpcService.java:startImpl(149)) - b5afc41f-867e-4200-b617-9bfa9efb1cae: GrpcService started, listening on 0.0.0.0/0.0.0.0:36252
2019-08-20 22:34:16,847 [Datanode State Machine Thread - 0] INFO  ratis.XceiverServerRatis (XceiverServerRatis.java:start(414)) - XceiverServerRatis b5afc41f-867e-4200-b617-9bfa9efb1cae is started using port 36252
2019-08-20 22:34:16,848 [Datanode State Machine Thread - 0] INFO  server.XceiverServerGrpc (XceiverServerGrpc.java:start(161)) - XceiverServerGrpc b5afc41f-867e-4200-b617-9bfa9efb1cae is started using port 35844
2019-08-20 22:34:17,079 | INFO  | SCMAudit | user=jenkins1000 | ip=192.168.34.20 | op=GET_VERSION null | ret=SUCCESS |  
2019-08-20 22:34:17,095 [Datanode State Machine Thread - 0] INFO  ozoneimpl.OzoneContainer (OzoneContainer.java:start(186)) - Attempting to start container services.
2019-08-20 22:34:17,095 [Datanode State Machine Thread - 0] INFO  ozoneimpl.OzoneContainer (OzoneContainer.java:startContainerScrub(160)) - Background container scrubber has been disabled by hdds.containerscrub.enabled
2019-08-20 22:34:17,095 [Datanode State Machine Thread - 0] INFO  ratis.XceiverServerRatis (XceiverServerRatis.java:start(404)) - Starting XceiverServerRatis 21a41a34-c397-489e-a4bc-2dc6392ab2c8 at port 0
2019-08-20 22:34:17,101 [Datanode State Machine Thread - 0] INFO  impl.RaftServerProxy (RaftServerProxy.java:lambda$start$3(299)) - 21a41a34-c397-489e-a4bc-2dc6392ab2c8: start RPC server
2019-08-20 22:34:17,102 [Datanode State Machine Thread - 0] INFO  server.GrpcService (GrpcService.java:startImpl(149)) - 21a41a34-c397-489e-a4bc-2dc6392ab2c8: GrpcService started, listening on 0.0.0.0/0.0.0.0:46113
2019-08-20 22:34:17,103 [Datanode State Machine Thread - 0] INFO  ratis.XceiverServerRatis (XceiverServerRatis.java:start(414)) - XceiverServerRatis 21a41a34-c397-489e-a4bc-2dc6392ab2c8 is started using port 46113
2019-08-20 22:34:17,104 [Datanode State Machine Thread - 0] INFO  server.XceiverServerGrpc (XceiverServerGrpc.java:start(161)) - XceiverServerGrpc 21a41a34-c397-489e-a4bc-2dc6392ab2c8 is started using port 46451
2019-08-20 22:34:17,307 [Thread-333] INFO  ozone.MiniOzoneClusterImpl (MiniOzoneClusterImpl.java:lambda$waitForClusterToBeReady$0(142)) - Waiting for cluster to be ready. Got 0 of 3 DN Heartbeats.
2019-08-20 22:34:17,310 | INFO  | SCMAudit | user=jenkins1000 | ip=192.168.34.20 | op=GET_VERSION null | ret=SUCCESS |  
2019-08-20 22:34:17,338 [Datanode State Machine Thread - 0] INFO  ozoneimpl.OzoneContainer (OzoneContainer.java:start(186)) - Attempting to start container services.
2019-08-20 22:34:17,338 [Datanode State Machine Thread - 0] INFO  ozoneimpl.OzoneContainer (OzoneContainer.java:startContainerScrub(160)) - Background container scrubber has been disabled by hdds.containerscrub.enabled
2019-08-20 22:34:17,338 [Datanode State Machine Thread - 0] INFO  ratis.XceiverServerRatis (XceiverServerRatis.java:start(404)) - Starting XceiverServerRatis e7ec4170-0245-479b-9240-9904d375c1c8 at port 0
2019-08-20 22:34:17,346 [Datanode State Machine Thread - 0] INFO  impl.RaftServerProxy (RaftServerProxy.java:lambda$start$3(299)) - e7ec4170-0245-479b-9240-9904d375c1c8: start RPC server
2019-08-20 22:34:17,347 [Datanode State Machine Thread - 0] INFO  server.GrpcService (GrpcService.java:startImpl(149)) - e7ec4170-0245-479b-9240-9904d375c1c8: GrpcService started, listening on 0.0.0.0/0.0.0.0:35650
2019-08-20 22:34:17,348 [Datanode State Machine Thread - 0] INFO  ratis.XceiverServerRatis (XceiverServerRatis.java:start(414)) - XceiverServerRatis e7ec4170-0245-479b-9240-9904d375c1c8 is started using port 35650
2019-08-20 22:34:17,348 [Datanode State Machine Thread - 0] INFO  server.XceiverServerGrpc (XceiverServerGrpc.java:start(161)) - XceiverServerGrpc e7ec4170-0245-479b-9240-9904d375c1c8 is started using port 41018
2019-08-20 22:34:18,308 [Thread-333] INFO  ozone.MiniOzoneClusterImpl (MiniOzoneClusterImpl.java:lambda$waitForClusterToBeReady$0(142)) - Waiting for cluster to be ready. Got 0 of 3 DN Heartbeats.
2019-08-20 22:34:18,818 [IPC Server handler 2 on 45429] INFO  net.NetworkTopology (NetworkTopologyImpl.java:add(110)) - Added a new node: /default-rack/b5afc41f-867e-4200-b617-9bfa9efb1cae
2019-08-20 22:34:18,819 [IPC Server handler 2 on 45429] INFO  node.SCMNodeManager (SCMNodeManager.java:register(273)) - Registered Data node : b5afc41f-867e-4200-b617-9bfa9efb1cae{ip: 192.168.34.20, host: pr-hdds-1973-9s4bv-3555888387, networkLocation: /default-rack, certSerialId: null}
2019-08-20 22:34:18,820 [EventQueue-NodeRegistrationContainerReportForDataNodeSafeModeRule] INFO  safemode.SCMSafeModeManager (DataNodeSafeModeRule.java:process(71)) - SCM in safe mode. 1 DataNodes registered, 1 required.
2019-08-20 22:34:18,820 | INFO  | SCMAudit | user=jenkins1000 | ip=192.168.34.20 | op=REGISTER {datanodeDetails=b5afc41f-867e-4200-b617-9bfa9efb1cae{ip: 192.168.34.20, host: pr-hdds-1973-9s4bv-3555888387, networkLocation: /default-rack, certSerialId: null}} | ret=SUCCESS |  
2019-08-20 22:34:18,822 [EventQueue-NodeRegistrationContainerReportForDataNodeSafeModeRule] INFO  safemode.SCMSafeModeManager (SCMSafeModeManager.java:validateSafeModeExitRules(177)) - ScmSafeModeManager, all rules are successfully validated
2019-08-20 22:34:18,822 [EventQueue-NodeRegistrationContainerReportForDataNodeSafeModeRule] INFO  safemode.SCMSafeModeManager (SCMSafeModeManager.java:exitSafeMode(193)) - SCM exiting safe mode.
2019-08-20 22:34:18,838 [grpc-default-executor-0] INFO  impl.RaftServerProxy (RaftServerProxy.java:addNew(89)) - b5afc41f-867e-4200-b617-9bfa9efb1cae: addNew group-0E2F75DDD81D:[b5afc41f-867e-4200-b617-9bfa9efb1cae:192.168.34.20:36252] returns group-0E2F75DDD81D:java.util.concurrent.CompletableFuture@328468c7[Not completed]
2019-08-20 22:34:18,840 [pool-113-thread-1] INFO  impl.RaftServerImpl (RaftServerImpl.java:<init>(93)) - b5afc41f-867e-4200-b617-9bfa9efb1cae: new RaftServerImpl for group-0E2F75DDD81D:[b5afc41f-867e-4200-b617-9bfa9efb1cae:192.168.34.20:36252] with ContainerStateMachine:uninitialized
2019-08-20 22:34:18,840 [pool-113-thread-1] INFO  server.RaftServerConfigKeys (ConfUtils.java:logGet(43)) - raft.server.rpc.timeout.min = 5s (custom)
2019-08-20 22:34:18,840 [pool-113-thread-1] INFO  server.RaftServerConfigKeys (ConfUtils.java:logGet(43)) - raft.server.rpc.timeout.max = 5200ms (custom)
2019-08-20 22:34:18,840 [pool-113-thread-1] INFO  server.RaftServerConfigKeys (ConfUtils.java:logGet(43)) - raft.server.rpcslowness.timeout = 120s (custom)
2019-08-20 22:34:18,841 [pool-113-thread-1] INFO  server.RaftServerConfigKeys (ConfUtils.java:logGet(43)) - raft.server.sleep.deviation.threshold = 300 (default)
2019-08-20 22:34:18,841 [pool-113-thread-1] INFO  server.RaftServerConfigKeys (ConfUtils.java:logGet(43)) - raft.server.log.appender.install.snapshot.enabled = false (custom)
2019-08-20 22:34:18,841 [pool-113-thread-1] INFO  impl.RaftServerImpl (ServerState.java:<init>(105)) - b5afc41f-867e-4200-b617-9bfa9efb1cae:group-0E2F75DDD81D ConfigurationManager, init=-1: [b5afc41f-867e-4200-b617-9bfa9efb1cae:192.168.34.20:36252], old=null, confs=<EMPTY_MAP>
2019-08-20 22:34:18,841 [pool-113-thread-1] INFO  server.RaftServerConfigKeys (ConfUtils.java:logGet(43)) - raft.server.storage.dir = [/workdir/hadoop-ozone/integration-test/target/test-dir/MiniOzoneClusterImpl-5c06a5f5-07f4-4017-99dc-ea39d70c8a0c/datanode-0/data/ratis] (custom)
2019-08-20 22:34:18,842 [pool-113-thread-1] INFO  storage.RaftStorageDirectory (RaftStorageDirectory.java:analyzeStorage(246)) - The storage directory /workdir/hadoop-ozone/integration-test/target/test-dir/MiniOzoneClusterImpl-5c06a5f5-07f4-4017-99dc-ea39d70c8a0c/datanode-0/data/ratis/48756d22-38a5-40c7-a80e-0e2f75ddd81d does not exist. Creating ...
2019-08-20 22:34:18,855 [pool-113-thread-1] INFO  storage.RaftStorageDirectory (RaftStorageDirectory.java:tryLock(328)) - Lock on /workdir/hadoop-ozone/integration-test/target/test-dir/MiniOzoneClusterImpl-5c06a5f5-07f4-4017-99dc-ea39d70c8a0c/datanode-0/data/ratis/48756d22-38a5-40c7-a80e-0e2f75ddd81d/in_use.lock acquired by nodename 22484@pr-hdds-1973-9s4bv-3555888387
2019-08-20 22:34:18,867 [pool-113-thread-1] INFO  storage.RaftStorage (RaftStorage.java:format(72)) - Storage directory /workdir/hadoop-ozone/integration-test/target/test-dir/MiniOzoneClusterImpl-5c06a5f5-07f4-4017-99dc-ea39d70c8a0c/datanode-0/data/ratis/48756d22-38a5-40c7-a80e-0e2f75ddd81d has been successfully formatted.
2019-08-20 22:34:18,867 [pool-113-thread-1] INFO  ratis.ContainerStateMachine (ContainerStateMachine.java:loadSnapshot(222)) - group-0E2F75DDD81D: The snapshot info is null. Setting the last applied indexto:(t:0, i:~)
2019-08-20 22:34:18,867 [pool-113-thread-1] INFO  server.RaftServerConfigKeys (ConfUtils.java:logGet(43)) - raft.server.leader.election.timeout = 120s (custom)
2019-08-20 22:34:18,868 [pool-113-thread-1] INFO  server.RaftServerConfigKeys (ConfUtils.java:logGet(43)) - raft.server.log.use.memory = false (default)
2019-08-20 22:34:18,868 [pool-113-thread-1] INFO  server.RaftServerConfigKeys (ConfUtils.java:logGet(43)) - raft.server.log.purge.gap = 1000000 (custom)
2019-08-20 22:34:18,868 [pool-113-thread-1] INFO  server.RaftServerConfigKeys (ConfUtils.java:logGet(43)) - raft.server.log.appender.buffer.byte-limit = 33554432 (custom)
2019-08-20 22:34:18,868 [pool-113-thread-1] INFO  server.RaftServerConfigKeys (ConfUtils.java:logGet(43)) - raft.server.log.segment.size.max = 1048576 (custom)
2019-08-20 22:34:18,868 [pool-113-thread-1] INFO  server.RaftServerConfigKeys (ConfUtils.java:logGet(43)) - raft.server.log.segment.cache.num.max = 2 (custom)
2019-08-20 22:34:18,869 [pool-113-thread-1] INFO  segmented.SegmentedRaftLogWorker (SegmentedRaftLogWorker.java:<init>(172)) - new b5afc41f-867e-4200-b617-9bfa9efb1cae-SegmentedRaftLogWorker:Storage Directory /workdir/hadoop-ozone/integration-test/target/test-dir/MiniOzoneClusterImpl-5c06a5f5-07f4-4017-99dc-ea39d70c8a0c/datanode-0/data/ratis/48756d22-38a5-40c7-a80e-0e2f75ddd81d for RaftStorage:Storage Directory /workdir/hadoop-ozone/integration-test/target/test-dir/MiniOzoneClusterImpl-5c06a5f5-07f4-4017-99dc-ea39d70c8a0c/datanode-0/data/ratis/48756d22-38a5-40c7-a80e-0e2f75ddd81d
2019-08-20 22:34:18,869 [pool-113-thread-1] INFO  server.RaftServerConfigKeys (ConfUtils.java:logGet(43)) - raft.server.log.queue.byte-limit = 2147483647 (custom)
2019-08-20 22:34:18,869 [pool-113-thread-1] INFO  server.RaftServerConfigKeys (ConfUtils.java:logGet(43)) - raft.server.log.queue.element-limit = 1024 (custom)
2019-08-20 22:34:18,870 [pool-113-thread-1] INFO  server.RaftServerConfigKeys (ConfUtils.java:logGet(43)) - raft.server.log.segment.size.max = 1048576 (custom)
2019-08-20 22:34:18,870 [pool-113-thread-1] INFO  server.RaftServerConfigKeys (ConfUtils.java:logGet(43)) - raft.server.log.preallocated.size = 16384 (custom)
2019-08-20 22:34:18,870 [pool-113-thread-1] INFO  server.RaftServerConfigKeys (ConfUtils.java:logGet(43)) - raft.server.log.write.buffer.size = 33554432 (custom)
2019-08-20 22:34:18,870 [pool-113-thread-1] INFO  server.RaftServerConfigKeys (ConfUtils.java:logGet(43)) - raft.server.log.force.sync.num = 128 (default)
2019-08-20 22:34:18,870 [pool-113-thread-1] INFO  server.RaftServerConfigKeys (ConfUtils.java:logGet(43)) - raft.server.log.statemachine.data.sync = true (default)
2019-08-20 22:34:18,871 [pool-113-thread-1] INFO  server.RaftServerConfigKeys (ConfUtils.java:logGet(43)) - raft.server.log.statemachine.data.sync.timeout = 10s (default)
2019-08-20 22:34:18,871 [pool-113-thread-1] INFO  server.RaftServerConfigKeys (ConfUtils.java:logGet(43)) - raft.server.log.statemachine.data.sync.timeout.retry = -1 (default)
2019-08-20 22:34:18,871 [pool-113-thread-1] INFO  server.RaftServerConfigKeys (ConfUtils.java:logGet(43)) - raft.server.log.statemachine.data.caching.enabled = true (custom)
2019-08-20 22:34:18,872 [pool-113-thread-1] INFO  segmented.SegmentedRaftLogWorker (SegmentedRaftLogWorker.java:lambda$new$0(132)) - b5afc41f-867e-4200-b617-9bfa9efb1cae-SegmentedRaftLogWorker:Storage Directory /workdir/hadoop-ozone/integration-test/target/test-dir/MiniOzoneClusterImpl-5c06a5f5-07f4-4017-99dc-ea39d70c8a0c/datanode-0/data/ratis/48756d22-38a5-40c7-a80e-0e2f75ddd81d: flushIndex: setUnconditionally 0 -> -1
2019-08-20 22:34:18,872 [pool-113-thread-1] INFO  server.RaftServerConfigKeys (ConfUtils.java:logGet(43)) - raft.server.snapshot.auto.trigger.enabled = true (custom)
2019-08-20 22:34:18,872 [pool-113-thread-1] INFO  server.RaftServerConfigKeys (ConfUtils.java:logGet(43)) - raft.server.snapshot.auto.trigger.threshold = 10000 (custom)
2019-08-20 22:34:18,873 [pool-113-thread-1] INFO  server.RaftServerConfigKeys (ConfUtils.java:logGet(43)) - raft.server.retrycache.expirytime = 600000ms (custom)
2019-08-20 22:34:18,873 [pool-113-thread-1] INFO  impl.RaftServerImpl (RaftServerImpl.java:start(180)) - b5afc41f-867e-4200-b617-9bfa9efb1cae: start group-0E2F75DDD81D
2019-08-20 22:34:18,873 [pool-113-thread-1] INFO  impl.RaftServerImpl (RaftServerImpl.java:setRole(171)) - b5afc41f-867e-4200-b617-9bfa9efb1cae:group-0E2F75DDD81D changes role from null to FOLLOWER at term 0 for startAsFollower
2019-08-20 22:34:18,873 [pool-113-thread-1] INFO  impl.RoleInfo (RoleInfo.java:updateAndGet(143)) - b5afc41f-867e-4200-b617-9bfa9efb1cae: start FollowerState
2019-08-20 22:34:18,874 [pool-113-thread-1] INFO  util.JmxRegister (JmxRegister.java:tryRegister(44)) - Successfully registered JMX Bean with object name Ratis:service=RaftServer,group=group-0E2F75DDD81D,id=b5afc41f-867e-4200-b617-9bfa9efb1cae
2019-08-20 22:34:18,880 [RatisPipelineUtilsThread] INFO  pipeline.PipelineStateManager (PipelineStateManager.java:addPipeline(56)) - Created pipeline Pipeline[ Id: 48756d22-38a5-40c7-a80e-0e2f75ddd81d, Nodes: b5afc41f-867e-4200-b617-9bfa9efb1cae{ip: 192.168.34.20, host: pr-hdds-1973-9s4bv-3555888387, networkLocation: /default-rack, certSerialId: null}, Type:RATIS, Factor:ONE, State:OPEN]
2019-08-20 22:34:19,080 [IPC Server handler 0 on 45429] INFO  net.NetworkTopology (NetworkTopologyImpl.java:add(110)) - Added a new node: /default-rack/21a41a34-c397-489e-a4bc-2dc6392ab2c8
2019-08-20 22:34:19,081 [IPC Server handler 0 on 45429] INFO  node.SCMNodeManager (SCMNodeManager.java:register(273)) - Registered Data node : 21a41a34-c397-489e-a4bc-2dc6392ab2c8{ip: 192.168.34.20, host: pr-hdds-1973-9s4bv-3555888387, networkLocation: /default-rack, certSerialId: null}
2019-08-20 22:34:19,081 | INFO  | SCMAudit | user=jenkins1000 | ip=192.168.34.20 | op=REGISTER {datanodeDetails=21a41a34-c397-489e-a4bc-2dc6392ab2c8{ip: 192.168.34.20, host: pr-hdds-1973-9s4bv-3555888387, networkLocation: /default-rack, certSerialId: null}} | ret=SUCCESS |  
2019-08-20 22:34:19,096 [grpc-default-executor-0] INFO  impl.RaftServerProxy (RaftServerProxy.java:addNew(89)) - 21a41a34-c397-489e-a4bc-2dc6392ab2c8: addNew group-97ECD3A78E61:[21a41a34-c397-489e-a4bc-2dc6392ab2c8:192.168.34.20:46113] returns group-97ECD3A78E61:java.util.concurrent.CompletableFuture@43781d70[Not completed]
2019-08-20 22:34:19,098 [pool-124-thread-1] INFO  impl.RaftServerImpl (RaftServerImpl.java:<init>(93)) - 21a41a34-c397-489e-a4bc-2dc6392ab2c8: new RaftServerImpl for group-97ECD3A78E61:[21a41a34-c397-489e-a4bc-2dc6392ab2c8:192.168.34.20:46113] with ContainerStateMachine:uninitialized
2019-08-20 22:34:19,098 [pool-124-thread-1] INFO  server.RaftServerConfigKeys (ConfUtils.java:logGet(43)) - raft.server.rpc.timeout.min = 5s (custom)
2019-08-20 22:34:19,098 [pool-124-thread-1] INFO  server.RaftServerConfigKeys (ConfUtils.java:logGet(43)) - raft.server.rpc.timeout.max = 5200ms (custom)
2019-08-20 22:34:19,099 [pool-124-thread-1] INFO  server.RaftServerConfigKeys (ConfUtils.java:logGet(43)) - raft.server.rpcslowness.timeout = 120s (custom)
2019-08-20 22:34:19,099 [pool-124-thread-1] INFO  server.RaftServerConfigKeys (ConfUtils.java:logGet(43)) - raft.server.sleep.deviation.threshold = 300 (default)
2019-08-20 22:34:19,099 [pool-124-thread-1] INFO  server.RaftServerConfigKeys (ConfUtils.java:logGet(43)) - raft.server.log.appender.install.snapshot.enabled = false (custom)
2019-08-20 22:34:19,099 [pool-124-thread-1] INFO  impl.RaftServerImpl (ServerState.java:<init>(105)) - 21a41a34-c397-489e-a4bc-2dc6392ab2c8:group-97ECD3A78E61 ConfigurationManager, init=-1: [21a41a34-c397-489e-a4bc-2dc6392ab2c8:192.168.34.20:46113], old=null, confs=<EMPTY_MAP>
2019-08-20 22:34:19,099 [pool-124-thread-1] INFO  server.RaftServerConfigKeys (ConfUtils.java:logGet(43)) - raft.server.storage.dir = [/workdir/hadoop-ozone/integration-test/target/test-dir/MiniOzoneClusterImpl-5c06a5f5-07f4-4017-99dc-ea39d70c8a0c/datanode-1/data/ratis] (custom)
2019-08-20 22:34:19,100 [pool-124-thread-1] INFO  storage.RaftStorageDirectory (RaftStorageDirectory.java:analyzeStorage(246)) - The storage directory /workdir/hadoop-ozone/integration-test/target/test-dir/MiniOzoneClusterImpl-5c06a5f5-07f4-4017-99dc-ea39d70c8a0c/datanode-1/data/ratis/76950faa-821a-4fb1-94a2-97ecd3a78e61 does not exist. Creating ...
2019-08-20 22:34:19,121 [pool-124-thread-1] INFO  storage.RaftStorageDirectory (RaftStorageDirectory.java:tryLock(328)) - Lock on /workdir/hadoop-ozone/integration-test/target/test-dir/MiniOzoneClusterImpl-5c06a5f5-07f4-4017-99dc-ea39d70c8a0c/datanode-1/data/ratis/76950faa-821a-4fb1-94a2-97ecd3a78e61/in_use.lock acquired by nodename 22484@pr-hdds-1973-9s4bv-3555888387
2019-08-20 22:34:19,150 [pool-124-thread-1] INFO  storage.RaftStorage (RaftStorage.java:format(72)) - Storage directory /workdir/hadoop-ozone/integration-test/target/test-dir/MiniOzoneClusterImpl-5c06a5f5-07f4-4017-99dc-ea39d70c8a0c/datanode-1/data/ratis/76950faa-821a-4fb1-94a2-97ecd3a78e61 has been successfully formatted.
2019-08-20 22:34:19,151 [pool-124-thread-1] INFO  ratis.ContainerStateMachine (ContainerStateMachine.java:loadSnapshot(222)) - group-97ECD3A78E61: The snapshot info is null. Setting the last applied indexto:(t:0, i:~)
2019-08-20 22:34:19,151 [pool-124-thread-1] INFO  server.RaftServerConfigKeys (ConfUtils.java:logGet(43)) - raft.server.leader.election.timeout = 120s (custom)
2019-08-20 22:34:19,151 [pool-124-thread-1] INFO  server.RaftServerConfigKeys (ConfUtils.java:logGet(43)) - raft.server.log.use.memory = false (default)
2019-08-20 22:34:19,151 [pool-124-thread-1] INFO  server.RaftServerConfigKeys (ConfUtils.java:logGet(43)) - raft.server.log.purge.gap = 1000000 (custom)
2019-08-20 22:34:19,151 [pool-124-thread-1] INFO  server.RaftServerConfigKeys (ConfUtils.java:logGet(43)) - raft.server.log.appender.buffer.byte-limit = 33554432 (custom)
2019-08-20 22:34:19,152 [pool-124-thread-1] INFO  server.RaftServerConfigKeys (ConfUtils.java:logGet(43)) - raft.server.log.segment.size.max = 1048576 (custom)
2019-08-20 22:34:19,152 [pool-124-thread-1] INFO  server.RaftServerConfigKeys (ConfUtils.java:logGet(43)) - raft.server.log.segment.cache.num.max = 2 (custom)
2019-08-20 22:34:19,152 [pool-124-thread-1] INFO  segmented.SegmentedRaftLogWorker (SegmentedRaftLogWorker.java:<init>(172)) - new 21a41a34-c397-489e-a4bc-2dc6392ab2c8-SegmentedRaftLogWorker:Storage Directory /workdir/hadoop-ozone/integration-test/target/test-dir/MiniOzoneClusterImpl-5c06a5f5-07f4-4017-99dc-ea39d70c8a0c/datanode-1/data/ratis/76950faa-821a-4fb1-94a2-97ecd3a78e61 for RaftStorage:Storage Directory /workdir/hadoop-ozone/integration-test/target/test-dir/MiniOzoneClusterImpl-5c06a5f5-07f4-4017-99dc-ea39d70c8a0c/datanode-1/data/ratis/76950faa-821a-4fb1-94a2-97ecd3a78e61
2019-08-20 22:34:19,152 [pool-124-thread-1] INFO  server.RaftServerConfigKeys (ConfUtils.java:logGet(43)) - raft.server.log.queue.byte-limit = 2147483647 (custom)
2019-08-20 22:34:19,152 [pool-124-thread-1] INFO  server.RaftServerConfigKeys (ConfUtils.java:logGet(43)) - raft.server.log.queue.element-limit = 1024 (custom)
2019-08-20 22:34:19,153 [pool-124-thread-1] INFO  server.RaftServerConfigKeys (ConfUtils.java:logGet(43)) - raft.server.log.segment.size.max = 1048576 (custom)
2019-08-20 22:34:19,153 [pool-124-thread-1] INFO  server.RaftServerConfigKeys (ConfUtils.java:logGet(43)) - raft.server.log.preallocated.size = 16384 (custom)
2019-08-20 22:34:19,153 [pool-124-thread-1] INFO  server.RaftServerConfigKeys (ConfUtils.java:logGet(43)) - raft.server.log.write.buffer.size = 33554432 (custom)
2019-08-20 22:34:19,153 [pool-124-thread-1] INFO  server.RaftServerConfigKeys (ConfUtils.java:logGet(43)) - raft.server.log.force.sync.num = 128 (default)
2019-08-20 22:34:19,153 [pool-124-thread-1] INFO  server.RaftServerConfigKeys (ConfUtils.java:logGet(43)) - raft.server.log.statemachine.data.sync = true (default)
2019-08-20 22:34:19,153 [pool-124-thread-1] INFO  server.RaftServerConfigKeys (ConfUtils.java:logGet(43)) - raft.server.log.statemachine.data.sync.timeout = 10s (default)
2019-08-20 22:34:19,153 [pool-124-thread-1] INFO  server.RaftServerConfigKeys (ConfUtils.java:logGet(43)) - raft.server.log.statemachine.data.sync.timeout.retry = -1 (default)
2019-08-20 22:34:19,154 [pool-124-thread-1] INFO  server.RaftServerConfigKeys (ConfUtils.java:logGet(43)) - raft.server.log.statemachine.data.caching.enabled = true (custom)
2019-08-20 22:34:19,154 [pool-124-thread-1] INFO  segmented.SegmentedRaftLogWorker (SegmentedRaftLogWorker.java:lambda$new$0(132)) - 21a41a34-c397-489e-a4bc-2dc6392ab2c8-SegmentedRaftLogWorker:Storage Directory /workdir/hadoop-ozone/integration-test/target/test-dir/MiniOzoneClusterImpl-5c06a5f5-07f4-4017-99dc-ea39d70c8a0c/datanode-1/data/ratis/76950faa-821a-4fb1-94a2-97ecd3a78e61: flushIndex: setUnconditionally 0 -> -1
2019-08-20 22:34:19,154 [pool-124-thread-1] INFO  server.RaftServerConfigKeys (ConfUtils.java:logGet(43)) - raft.server.snapshot.auto.trigger.enabled = true (custom)
2019-08-20 22:34:19,155 [pool-124-thread-1] INFO  server.RaftServerConfigKeys (ConfUtils.java:logGet(43)) - raft.server.snapshot.auto.trigger.threshold = 10000 (custom)
2019-08-20 22:34:19,155 [pool-124-thread-1] INFO  server.RaftServerConfigKeys (ConfUtils.java:logGet(43)) - raft.server.retrycache.expirytime = 600000ms (custom)
2019-08-20 22:34:19,155 [pool-124-thread-1] INFO  impl.RaftServerImpl (RaftServerImpl.java:start(180)) - 21a41a34-c397-489e-a4bc-2dc6392ab2c8: start group-97ECD3A78E61
2019-08-20 22:34:19,155 [pool-124-thread-1] INFO  impl.RaftServerImpl (RaftServerImpl.java:setRole(171)) - 21a41a34-c397-489e-a4bc-2dc6392ab2c8:group-97ECD3A78E61 changes role from null to FOLLOWER at term 0 for startAsFollower
2019-08-20 22:34:19,155 [pool-124-thread-1] INFO  impl.RoleInfo (RoleInfo.java:updateAndGet(143)) - 21a41a34-c397-489e-a4bc-2dc6392ab2c8: start FollowerState
2019-08-20 22:34:19,163 [pool-124-thread-1] INFO  util.JmxRegister (JmxRegister.java:tryRegister(44)) - Successfully registered JMX Bean with object name Ratis:service=RaftServer,group=group-97ECD3A78E61,id=21a41a34-c397-489e-a4bc-2dc6392ab2c8
2019-08-20 22:34:19,173 [RatisPipelineUtilsThread] INFO  pipeline.PipelineStateManager (PipelineStateManager.java:addPipeline(56)) - Created pipeline Pipeline[ Id: 76950faa-821a-4fb1-94a2-97ecd3a78e61, Nodes: 21a41a34-c397-489e-a4bc-2dc6392ab2c8{ip: 192.168.34.20, host: pr-hdds-1973-9s4bv-3555888387, networkLocation: /default-rack, certSerialId: null}, Type:RATIS, Factor:ONE, State:OPEN]
2019-08-20 22:34:19,308 [Thread-333] INFO  ozone.MiniOzoneClusterImpl (MiniOzoneClusterImpl.java:lambda$waitForClusterToBeReady$0(142)) - Waiting for cluster to be ready. Got 2 of 3 DN Heartbeats.
2019-08-20 22:34:19,310 [IPC Server handler 1 on 45429] INFO  net.NetworkTopology (NetworkTopologyImpl.java:add(110)) - Added a new node: /default-rack/e7ec4170-0245-479b-9240-9904d375c1c8
2019-08-20 22:34:19,311 [IPC Server handler 1 on 45429] INFO  node.SCMNodeManager (SCMNodeManager.java:register(273)) - Registered Data node : e7ec4170-0245-479b-9240-9904d375c1c8{ip: 192.168.34.20, host: pr-hdds-1973-9s4bv-3555888387, networkLocation: /default-rack, certSerialId: null}
2019-08-20 22:34:19,317 | INFO  | SCMAudit | user=jenkins1000 | ip=192.168.34.20 | op=REGISTER {datanodeDetails=e7ec4170-0245-479b-9240-9904d375c1c8{ip: 192.168.34.20, host: pr-hdds-1973-9s4bv-3555888387, networkLocation: /default-rack, certSerialId: null}} | ret=SUCCESS |  
2019-08-20 22:34:19,329 [grpc-default-executor-0] INFO  impl.RaftServerProxy (RaftServerProxy.java:addNew(89)) - e7ec4170-0245-479b-9240-9904d375c1c8: addNew group-A347657FEF44:[e7ec4170-0245-479b-9240-9904d375c1c8:192.168.34.20:35650] returns group-A347657FEF44:java.util.concurrent.CompletableFuture@5bece75a[Not completed]
2019-08-20 22:34:19,330 [pool-135-thread-1] INFO  impl.RaftServerImpl (RaftServerImpl.java:<init>(93)) - e7ec4170-0245-479b-9240-9904d375c1c8: new RaftServerImpl for group-A347657FEF44:[e7ec4170-0245-479b-9240-9904d375c1c8:192.168.34.20:35650] with ContainerStateMachine:uninitialized
2019-08-20 22:34:19,331 [pool-135-thread-1] INFO  server.RaftServerConfigKeys (ConfUtils.java:logGet(43)) - raft.server.rpc.timeout.min = 5s (custom)
2019-08-20 22:34:19,331 [pool-135-thread-1] INFO  server.RaftServerConfigKeys (ConfUtils.java:logGet(43)) - raft.server.rpc.timeout.max = 5200ms (custom)
2019-08-20 22:34:19,331 [pool-135-thread-1] INFO  server.RaftServerConfigKeys (ConfUtils.java:logGet(43)) - raft.server.rpcslowness.timeout = 120s (custom)
2019-08-20 22:34:19,331 [pool-135-thread-1] INFO  server.RaftServerConfigKeys (ConfUtils.java:logGet(43)) - raft.server.sleep.deviation.threshold = 300 (default)
2019-08-20 22:34:19,331 [pool-135-thread-1] INFO  server.RaftServerConfigKeys (ConfUtils.java:logGet(43)) - raft.server.log.appender.install.snapshot.enabled = false (custom)
2019-08-20 22:34:19,331 [pool-135-thread-1] INFO  impl.RaftServerImpl (ServerState.java:<init>(105)) - e7ec4170-0245-479b-9240-9904d375c1c8:group-A347657FEF44 ConfigurationManager, init=-1: [e7ec4170-0245-479b-9240-9904d375c1c8:192.168.34.20:35650], old=null, confs=<EMPTY_MAP>
2019-08-20 22:34:19,332 [pool-135-thread-1] INFO  server.RaftServerConfigKeys (ConfUtils.java:logGet(43)) - raft.server.storage.dir = [/workdir/hadoop-ozone/integration-test/target/test-dir/MiniOzoneClusterImpl-5c06a5f5-07f4-4017-99dc-ea39d70c8a0c/datanode-2/data/ratis] (custom)
2019-08-20 22:34:19,332 [pool-135-thread-1] INFO  storage.RaftStorageDirectory (RaftStorageDirectory.java:analyzeStorage(246)) - The storage directory /workdir/hadoop-ozone/integration-test/target/test-dir/MiniOzoneClusterImpl-5c06a5f5-07f4-4017-99dc-ea39d70c8a0c/datanode-2/data/ratis/e10cb29e-7dd9-40ca-b3e0-a347657fef44 does not exist. Creating ...
2019-08-20 22:34:19,345 [pool-135-thread-1] INFO  storage.RaftStorageDirectory (RaftStorageDirectory.java:tryLock(328)) - Lock on /workdir/hadoop-ozone/integration-test/target/test-dir/MiniOzoneClusterImpl-5c06a5f5-07f4-4017-99dc-ea39d70c8a0c/datanode-2/data/ratis/e10cb29e-7dd9-40ca-b3e0-a347657fef44/in_use.lock acquired by nodename 22484@pr-hdds-1973-9s4bv-3555888387
2019-08-20 22:34:19,359 [pool-135-thread-1] INFO  storage.RaftStorage (RaftStorage.java:format(72)) - Storage directory /workdir/hadoop-ozone/integration-test/target/test-dir/MiniOzoneClusterImpl-5c06a5f5-07f4-4017-99dc-ea39d70c8a0c/datanode-2/data/ratis/e10cb29e-7dd9-40ca-b3e0-a347657fef44 has been successfully formatted.
2019-08-20 22:34:19,359 [pool-135-thread-1] INFO  ratis.ContainerStateMachine (ContainerStateMachine.java:loadSnapshot(222)) - group-A347657FEF44: The snapshot info is null. Setting the last applied indexto:(t:0, i:~)
2019-08-20 22:34:19,359 [pool-135-thread-1] INFO  server.RaftServerConfigKeys (ConfUtils.java:logGet(43)) - raft.server.leader.election.timeout = 120s (custom)
2019-08-20 22:34:19,359 [pool-135-thread-1] INFO  server.RaftServerConfigKeys (ConfUtils.java:logGet(43)) - raft.server.log.use.memory = false (default)
2019-08-20 22:34:19,360 [pool-135-thread-1] INFO  server.RaftServerConfigKeys (ConfUtils.java:logGet(43)) - raft.server.log.purge.gap = 1000000 (custom)
2019-08-20 22:34:19,360 [pool-135-thread-1] INFO  server.RaftServerConfigKeys (ConfUtils.java:logGet(43)) - raft.server.log.appender.buffer.byte-limit = 33554432 (custom)
2019-08-20 22:34:19,360 [pool-135-thread-1] INFO  server.RaftServerConfigKeys (ConfUtils.java:logGet(43)) - raft.server.log.segment.size.max = 1048576 (custom)
2019-08-20 22:34:19,360 [pool-135-thread-1] INFO  server.RaftServerConfigKeys (ConfUtils.java:logGet(43)) - raft.server.log.segment.cache.num.max = 2 (custom)
2019-08-20 22:34:19,360 [pool-135-thread-1] INFO  segmented.SegmentedRaftLogWorker (SegmentedRaftLogWorker.java:<init>(172)) - new e7ec4170-0245-479b-9240-9904d375c1c8-SegmentedRaftLogWorker:Storage Directory /workdir/hadoop-ozone/integration-test/target/test-dir/MiniOzoneClusterImpl-5c06a5f5-07f4-4017-99dc-ea39d70c8a0c/datanode-2/data/ratis/e10cb29e-7dd9-40ca-b3e0-a347657fef44 for RaftStorage:Storage Directory /workdir/hadoop-ozone/integration-test/target/test-dir/MiniOzoneClusterImpl-5c06a5f5-07f4-4017-99dc-ea39d70c8a0c/datanode-2/data/ratis/e10cb29e-7dd9-40ca-b3e0-a347657fef44
2019-08-20 22:34:19,361 [pool-135-thread-1] INFO  server.RaftServerConfigKeys (ConfUtils.java:logGet(43)) - raft.server.log.queue.byte-limit = 2147483647 (custom)
2019-08-20 22:34:19,361 [pool-135-thread-1] INFO  server.RaftServerConfigKeys (ConfUtils.java:logGet(43)) - raft.server.log.queue.element-limit = 1024 (custom)
2019-08-20 22:34:19,361 [pool-135-thread-1] INFO  server.RaftServerConfigKeys (ConfUtils.java:logGet(43)) - raft.server.log.segment.size.max = 1048576 (custom)
2019-08-20 22:34:19,361 [pool-135-thread-1] INFO  server.RaftServerConfigKeys (ConfUtils.java:logGet(43)) - raft.server.log.preallocated.size = 16384 (custom)
2019-08-20 22:34:19,361 [pool-135-thread-1] INFO  server.RaftServerConfigKeys (ConfUtils.java:logGet(43)) - raft.server.log.write.buffer.size = 33554432 (custom)
2019-08-20 22:34:19,362 [pool-135-thread-1] INFO  server.RaftServerConfigKeys (ConfUtils.java:logGet(43)) - raft.server.log.force.sync.num = 128 (default)
2019-08-20 22:34:19,362 [pool-135-thread-1] INFO  server.RaftServerConfigKeys (ConfUtils.java:logGet(43)) - raft.server.log.statemachine.data.sync = true (default)
2019-08-20 22:34:19,362 [pool-135-thread-1] INFO  server.RaftServerConfigKeys (ConfUtils.java:logGet(43)) - raft.server.log.statemachine.data.sync.timeout = 10s (default)
2019-08-20 22:34:19,362 [pool-135-thread-1] INFO  server.RaftServerConfigKeys (ConfUtils.java:logGet(43)) - raft.server.log.statemachine.data.sync.timeout.retry = -1 (default)
2019-08-20 22:34:19,362 [pool-135-thread-1] INFO  server.RaftServerConfigKeys (ConfUtils.java:logGet(43)) - raft.server.log.statemachine.data.caching.enabled = true (custom)
2019-08-20 22:34:19,363 [pool-135-thread-1] INFO  segmented.SegmentedRaftLogWorker (SegmentedRaftLogWorker.java:lambda$new$0(132)) - e7ec4170-0245-479b-9240-9904d375c1c8-SegmentedRaftLogWorker:Storage Directory /workdir/hadoop-ozone/integration-test/target/test-dir/MiniOzoneClusterImpl-5c06a5f5-07f4-4017-99dc-ea39d70c8a0c/datanode-2/data/ratis/e10cb29e-7dd9-40ca-b3e0-a347657fef44: flushIndex: setUnconditionally 0 -> -1
2019-08-20 22:34:19,363 [pool-135-thread-1] INFO  server.RaftServerConfigKeys (ConfUtils.java:logGet(43)) - raft.server.snapshot.auto.trigger.enabled = true (custom)
2019-08-20 22:34:19,363 [pool-135-thread-1] INFO  server.RaftServerConfigKeys (ConfUtils.java:logGet(43)) - raft.server.snapshot.auto.trigger.threshold = 10000 (custom)
2019-08-20 22:34:19,364 [pool-135-thread-1] INFO  server.RaftServerConfigKeys (ConfUtils.java:logGet(43)) - raft.server.retrycache.expirytime = 600000ms (custom)
2019-08-20 22:34:19,364 [pool-135-thread-1] INFO  impl.RaftServerImpl (RaftServerImpl.java:start(180)) - e7ec4170-0245-479b-9240-9904d375c1c8: start group-A347657FEF44
2019-08-20 22:34:19,364 [pool-135-thread-1] INFO  impl.RaftServerImpl (RaftServerImpl.java:setRole(171)) - e7ec4170-0245-479b-9240-9904d375c1c8:group-A347657FEF44 changes role from null to FOLLOWER at term 0 for startAsFollower
2019-08-20 22:34:19,364 [pool-135-thread-1] INFO  impl.RoleInfo (RoleInfo.java:updateAndGet(143)) - e7ec4170-0245-479b-9240-9904d375c1c8: start FollowerState
2019-08-20 22:34:19,365 [pool-135-thread-1] INFO  util.JmxRegister (JmxRegister.java:tryRegister(44)) - Successfully registered JMX Bean with object name Ratis:service=RaftServer,group=group-A347657FEF44,id=e7ec4170-0245-479b-9240-9904d375c1c8
2019-08-20 22:34:19,370 [RatisPipelineUtilsThread] INFO  pipeline.PipelineStateManager (PipelineStateManager.java:addPipeline(56)) - Created pipeline Pipeline[ Id: e10cb29e-7dd9-40ca-b3e0-a347657fef44, Nodes: e7ec4170-0245-479b-9240-9904d375c1c8{ip: 192.168.34.20, host: pr-hdds-1973-9s4bv-3555888387, networkLocation: /default-rack, certSerialId: null}, Type:RATIS, Factor:ONE, State:OPEN]
2019-08-20 22:34:19,393 [grpc-default-executor-1] INFO  impl.RaftServerProxy (RaftServerProxy.java:addNew(89)) - b5afc41f-867e-4200-b617-9bfa9efb1cae: addNew group-3F714632D1D0:[e7ec4170-0245-479b-9240-9904d375c1c8:192.168.34.20:35650, b5afc41f-867e-4200-b617-9bfa9efb1cae:192.168.34.20:36252, 21a41a34-c397-489e-a4bc-2dc6392ab2c8:192.168.34.20:46113] returns group-3F714632D1D0:java.util.concurrent.CompletableFuture@6d9f0841[Not completed]
2019-08-20 22:34:19,393 [grpc-default-executor-2] INFO  impl.RaftServerProxy (RaftServerProxy.java:addNew(89)) - 21a41a34-c397-489e-a4bc-2dc6392ab2c8: addNew group-3F714632D1D0:[e7ec4170-0245-479b-9240-9904d375c1c8:192.168.34.20:35650, b5afc41f-867e-4200-b617-9bfa9efb1cae:192.168.34.20:36252, 21a41a34-c397-489e-a4bc-2dc6392ab2c8:192.168.34.20:46113] returns group-3F714632D1D0:java.util.concurrent.CompletableFuture@74d9d212[Not completed]
2019-08-20 22:34:19,393 [grpc-default-executor-0] INFO  impl.RaftServerProxy (RaftServerProxy.java:addNew(89)) - e7ec4170-0245-479b-9240-9904d375c1c8: addNew group-3F714632D1D0:[e7ec4170-0245-479b-9240-9904d375c1c8:192.168.34.20:35650, b5afc41f-867e-4200-b617-9bfa9efb1cae:192.168.34.20:36252, 21a41a34-c397-489e-a4bc-2dc6392ab2c8:192.168.34.20:46113] returns group-3F714632D1D0:java.util.concurrent.CompletableFuture@56e5299a[Not completed]
2019-08-20 22:34:19,394 [pool-124-thread-1] INFO  impl.RaftServerImpl (RaftServerImpl.java:<init>(93)) - 21a41a34-c397-489e-a4bc-2dc6392ab2c8: new RaftServerImpl for group-3F714632D1D0:[e7ec4170-0245-479b-9240-9904d375c1c8:192.168.34.20:35650, b5afc41f-867e-4200-b617-9bfa9efb1cae:192.168.34.20:36252, 21a41a34-c397-489e-a4bc-2dc6392ab2c8:192.168.34.20:46113] with ContainerStateMachine:uninitialized
2019-08-20 22:34:19,395 [pool-124-thread-1] INFO  server.RaftServerConfigKeys (ConfUtils.java:logGet(43)) - raft.server.rpc.timeout.min = 5s (custom)
2019-08-20 22:34:19,395 [pool-124-thread-1] INFO  server.RaftServerConfigKeys (ConfUtils.java:logGet(43)) - raft.server.rpc.timeout.max = 5200ms (custom)
2019-08-20 22:34:19,395 [pool-124-thread-1] INFO  server.RaftServerConfigKeys (ConfUtils.java:logGet(43)) - raft.server.rpcslowness.timeout = 120s (custom)
2019-08-20 22:34:19,395 [pool-124-thread-1] INFO  server.RaftServerConfigKeys (ConfUtils.java:logGet(43)) - raft.server.sleep.deviation.threshold = 300 (default)
2019-08-20 22:34:19,395 [pool-124-thread-1] INFO  server.RaftServerConfigKeys (ConfUtils.java:logGet(43)) - raft.server.log.appender.install.snapshot.enabled = false (custom)
2019-08-20 22:34:19,395 [pool-124-thread-1] INFO  impl.RaftServerImpl (ServerState.java:<init>(105)) - 21a41a34-c397-489e-a4bc-2dc6392ab2c8:group-3F714632D1D0 ConfigurationManager, init=-1: [e7ec4170-0245-479b-9240-9904d375c1c8:192.168.34.20:35650, b5afc41f-867e-4200-b617-9bfa9efb1cae:192.168.34.20:36252, 21a41a34-c397-489e-a4bc-2dc6392ab2c8:192.168.34.20:46113], old=null, confs=<EMPTY_MAP>
2019-08-20 22:34:19,395 [pool-135-thread-1] INFO  impl.RaftServerImpl (RaftServerImpl.java:<init>(93)) - e7ec4170-0245-479b-9240-9904d375c1c8: new RaftServerImpl for group-3F714632D1D0:[e7ec4170-0245-479b-9240-9904d375c1c8:192.168.34.20:35650, b5afc41f-867e-4200-b617-9bfa9efb1cae:192.168.34.20:36252, 21a41a34-c397-489e-a4bc-2dc6392ab2c8:192.168.34.20:46113] with ContainerStateMachine:uninitialized
2019-08-20 22:34:19,396 [pool-124-thread-1] INFO  server.RaftServerConfigKeys (ConfUtils.java:logGet(43)) - raft.server.storage.dir = [/workdir/hadoop-ozone/integration-test/target/test-dir/MiniOzoneClusterImpl-5c06a5f5-07f4-4017-99dc-ea39d70c8a0c/datanode-1/data/ratis] (custom)
2019-08-20 22:34:19,396 [pool-135-thread-1] INFO  server.RaftServerConfigKeys (ConfUtils.java:logGet(43)) - raft.server.rpc.timeout.min = 5s (custom)
2019-08-20 22:34:19,396 [pool-135-thread-1] INFO  server.RaftServerConfigKeys (ConfUtils.java:logGet(43)) - raft.server.rpc.timeout.max = 5200ms (custom)
2019-08-20 22:34:19,396 [pool-124-thread-1] INFO  storage.RaftStorageDirectory (RaftStorageDirectory.java:analyzeStorage(246)) - The storage directory /workdir/hadoop-ozone/integration-test/target/test-dir/MiniOzoneClusterImpl-5c06a5f5-07f4-4017-99dc-ea39d70c8a0c/datanode-1/data/ratis/0b9daab9-04c2-4e4d-ba44-3f714632d1d0 does not exist. Creating ...
2019-08-20 22:34:19,396 [pool-135-thread-1] INFO  server.RaftServerConfigKeys (ConfUtils.java:logGet(43)) - raft.server.rpcslowness.timeout = 120s (custom)
2019-08-20 22:34:19,396 [pool-135-thread-1] INFO  server.RaftServerConfigKeys (ConfUtils.java:logGet(43)) - raft.server.sleep.deviation.threshold = 300 (default)
2019-08-20 22:34:19,396 [pool-113-thread-1] INFO  impl.RaftServerImpl (RaftServerImpl.java:<init>(93)) - b5afc41f-867e-4200-b617-9bfa9efb1cae: new RaftServerImpl for group-3F714632D1D0:[e7ec4170-0245-479b-9240-9904d375c1c8:192.168.34.20:35650, b5afc41f-867e-4200-b617-9bfa9efb1cae:192.168.34.20:36252, 21a41a34-c397-489e-a4bc-2dc6392ab2c8:192.168.34.20:46113] with ContainerStateMachine:uninitialized
2019-08-20 22:34:19,396 [pool-135-thread-1] INFO  server.RaftServerConfigKeys (ConfUtils.java:logGet(43)) - raft.server.log.appender.install.snapshot.enabled = false (custom)
2019-08-20 22:34:19,397 [pool-113-thread-1] INFO  server.RaftServerConfigKeys (ConfUtils.java:logGet(43)) - raft.server.rpc.timeout.min = 5s (custom)
2019-08-20 22:34:19,397 [pool-135-thread-1] INFO  impl.RaftServerImpl (ServerState.java:<init>(105)) - e7ec4170-0245-479b-9240-9904d375c1c8:group-3F714632D1D0 ConfigurationManager, init=-1: [e7ec4170-0245-479b-9240-9904d375c1c8:192.168.34.20:35650, b5afc41f-867e-4200-b617-9bfa9efb1cae:192.168.34.20:36252, 21a41a34-c397-489e-a4bc-2dc6392ab2c8:192.168.34.20:46113], old=null, confs=<EMPTY_MAP>
2019-08-20 22:34:19,397 [pool-113-thread-1] INFO  server.RaftServerConfigKeys (ConfUtils.java:logGet(43)) - raft.server.rpc.timeout.max = 5200ms (custom)
2019-08-20 22:34:19,397 [pool-135-thread-1] INFO  server.RaftServerConfigKeys (ConfUtils.java:logGet(43)) - raft.server.storage.dir = [/workdir/hadoop-ozone/integration-test/target/test-dir/MiniOzoneClusterImpl-5c06a5f5-07f4-4017-99dc-ea39d70c8a0c/datanode-2/data/ratis] (custom)
2019-08-20 22:34:19,397 [pool-113-thread-1] INFO  server.RaftServerConfigKeys (ConfUtils.java:logGet(43)) - raft.server.rpcslowness.timeout = 120s (custom)
2019-08-20 22:34:19,398 [pool-113-thread-1] INFO  server.RaftServerConfigKeys (ConfUtils.java:logGet(43)) - raft.server.sleep.deviation.threshold = 300 (default)
2019-08-20 22:34:19,398 [pool-135-thread-1] INFO  storage.RaftStorageDirectory (RaftStorageDirectory.java:analyzeStorage(246)) - The storage directory /workdir/hadoop-ozone/integration-test/target/test-dir/MiniOzoneClusterImpl-5c06a5f5-07f4-4017-99dc-ea39d70c8a0c/datanode-2/data/ratis/0b9daab9-04c2-4e4d-ba44-3f714632d1d0 does not exist. Creating ...
2019-08-20 22:34:19,398 [pool-113-thread-1] INFO  server.RaftServerConfigKeys (ConfUtils.java:logGet(43)) - raft.server.log.appender.install.snapshot.enabled = false (custom)
2019-08-20 22:34:19,398 [pool-113-thread-1] INFO  impl.RaftServerImpl (ServerState.java:<init>(105)) - b5afc41f-867e-4200-b617-9bfa9efb1cae:group-3F714632D1D0 ConfigurationManager, init=-1: [e7ec4170-0245-479b-9240-9904d375c1c8:192.168.34.20:35650, b5afc41f-867e-4200-b617-9bfa9efb1cae:192.168.34.20:36252, 21a41a34-c397-489e-a4bc-2dc6392ab2c8:192.168.34.20:46113], old=null, confs=<EMPTY_MAP>
2019-08-20 22:34:19,398 [pool-113-thread-1] INFO  server.RaftServerConfigKeys (ConfUtils.java:logGet(43)) - raft.server.storage.dir = [/workdir/hadoop-ozone/integration-test/target/test-dir/MiniOzoneClusterImpl-5c06a5f5-07f4-4017-99dc-ea39d70c8a0c/datanode-0/data/ratis] (custom)
2019-08-20 22:34:19,399 [pool-113-thread-1] INFO  storage.RaftStorageDirectory (RaftStorageDirectory.java:analyzeStorage(246)) - The storage directory /workdir/hadoop-ozone/integration-test/target/test-dir/MiniOzoneClusterImpl-5c06a5f5-07f4-4017-99dc-ea39d70c8a0c/datanode-0/data/ratis/0b9daab9-04c2-4e4d-ba44-3f714632d1d0 does not exist. Creating ...
2019-08-20 22:34:19,418 [pool-135-thread-1] INFO  storage.RaftStorageDirectory (RaftStorageDirectory.java:tryLock(328)) - Lock on /workdir/hadoop-ozone/integration-test/target/test-dir/MiniOzoneClusterImpl-5c06a5f5-07f4-4017-99dc-ea39d70c8a0c/datanode-2/data/ratis/0b9daab9-04c2-4e4d-ba44-3f714632d1d0/in_use.lock acquired by nodename 22484@pr-hdds-1973-9s4bv-3555888387
2019-08-20 22:34:19,418 [pool-113-thread-1] INFO  storage.RaftStorageDirectory (RaftStorageDirectory.java:tryLock(328)) - Lock on /workdir/hadoop-ozone/integration-test/target/test-dir/MiniOzoneClusterImpl-5c06a5f5-07f4-4017-99dc-ea39d70c8a0c/datanode-0/data/ratis/0b9daab9-04c2-4e4d-ba44-3f714632d1d0/in_use.lock acquired by nodename 22484@pr-hdds-1973-9s4bv-3555888387
2019-08-20 22:34:19,418 [pool-124-thread-1] INFO  storage.RaftStorageDirectory (RaftStorageDirectory.java:tryLock(328)) - Lock on /workdir/hadoop-ozone/integration-test/target/test-dir/MiniOzoneClusterImpl-5c06a5f5-07f4-4017-99dc-ea39d70c8a0c/datanode-1/data/ratis/0b9daab9-04c2-4e4d-ba44-3f714632d1d0/in_use.lock acquired by nodename 22484@pr-hdds-1973-9s4bv-3555888387
2019-08-20 22:34:19,432 [pool-135-thread-1] INFO  storage.RaftStorage (RaftStorage.java:format(72)) - Storage directory /workdir/hadoop-ozone/integration-test/target/test-dir/MiniOzoneClusterImpl-5c06a5f5-07f4-4017-99dc-ea39d70c8a0c/datanode-2/data/ratis/0b9daab9-04c2-4e4d-ba44-3f714632d1d0 has been successfully formatted.
2019-08-20 22:34:19,432 [pool-113-thread-1] INFO  storage.RaftStorage (RaftStorage.java:format(72)) - Storage directory /workdir/hadoop-ozone/integration-test/target/test-dir/MiniOzoneClusterImpl-5c06a5f5-07f4-4017-99dc-ea39d70c8a0c/datanode-0/data/ratis/0b9daab9-04c2-4e4d-ba44-3f714632d1d0 has been successfully formatted.
2019-08-20 22:34:19,432 [pool-124-thread-1] INFO  storage.RaftStorage (RaftStorage.java:format(72)) - Storage directory /workdir/hadoop-ozone/integration-test/target/test-dir/MiniOzoneClusterImpl-5c06a5f5-07f4-4017-99dc-ea39d70c8a0c/datanode-1/data/ratis/0b9daab9-04c2-4e4d-ba44-3f714632d1d0 has been successfully formatted.
2019-08-20 22:34:19,433 [pool-113-thread-1] INFO  ratis.ContainerStateMachine (ContainerStateMachine.java:loadSnapshot(222)) - group-3F714632D1D0: The snapshot info is null. Setting the last applied indexto:(t:0, i:~)
2019-08-20 22:34:19,433 [pool-124-thread-1] INFO  ratis.ContainerStateMachine (ContainerStateMachine.java:loadSnapshot(222)) - group-3F714632D1D0: The snapshot info is null. Setting the last applied indexto:(t:0, i:~)
2019-08-20 22:34:19,433 [pool-135-thread-1] INFO  ratis.ContainerStateMachine (ContainerStateMachine.java:loadSnapshot(222)) - group-3F714632D1D0: The snapshot info is null. Setting the last applied indexto:(t:0, i:~)
2019-08-20 22:34:19,433 [pool-124-thread-1] INFO  server.RaftServerConfigKeys (ConfUtils.java:logGet(43)) - raft.server.leader.election.timeout = 120s (custom)
2019-08-20 22:34:19,433 [pool-113-thread-1] INFO  server.RaftServerConfigKeys (ConfUtils.java:logGet(43)) - raft.server.leader.election.timeout = 120s (custom)
2019-08-20 22:34:19,434 [pool-124-thread-1] INFO  server.RaftServerConfigKeys (ConfUtils.java:logGet(43)) - raft.server.log.use.memory = false (default)
2019-08-20 22:34:19,433 [pool-135-thread-1] INFO  server.RaftServerConfigKeys (ConfUtils.java:logGet(43)) - raft.server.leader.election.timeout = 120s (custom)
2019-08-20 22:34:19,434 [pool-124-thread-1] INFO  server.RaftServerConfigKeys (ConfUtils.java:logGet(43)) - raft.server.log.purge.gap = 1000000 (custom)
2019-08-20 22:34:19,434 [pool-113-thread-1] INFO  server.RaftServerConfigKeys (ConfUtils.java:logGet(43)) - raft.server.log.use.memory = false (default)
2019-08-20 22:34:19,434 [pool-124-thread-1] INFO  server.RaftServerConfigKeys (ConfUtils.java:logGet(43)) - raft.server.log.appender.buffer.byte-limit = 33554432 (custom)
2019-08-20 22:34:19,434 [pool-135-thread-1] INFO  server.RaftServerConfigKeys (ConfUtils.java:logGet(43)) - raft.server.log.use.memory = false (default)
2019-08-20 22:34:19,434 [pool-124-thread-1] INFO  server.RaftServerConfigKeys (ConfUtils.java:logGet(43)) - raft.server.log.segment.size.max = 1048576 (custom)
2019-08-20 22:34:19,434 [pool-113-thread-1] INFO  server.RaftServerConfigKeys (ConfUtils.java:logGet(43)) - raft.server.log.purge.gap = 1000000 (custom)
2019-08-20 22:34:19,435 [pool-124-thread-1] INFO  server.RaftServerConfigKeys (ConfUtils.java:logGet(43)) - raft.server.log.segment.cache.num.max = 2 (custom)
2019-08-20 22:34:19,434 [pool-135-thread-1] INFO  server.RaftServerConfigKeys (ConfUtils.java:logGet(43)) - raft.server.log.purge.gap = 1000000 (custom)
2019-08-20 22:34:19,435 [pool-124-thread-1] INFO  segmented.SegmentedRaftLogWorker (SegmentedRaftLogWorker.java:<init>(172)) - new 21a41a34-c397-489e-a4bc-2dc6392ab2c8-SegmentedRaftLogWorker:Storage Directory /workdir/hadoop-ozone/integration-test/target/test-dir/MiniOzoneClusterImpl-5c06a5f5-07f4-4017-99dc-ea39d70c8a0c/datanode-1/data/ratis/0b9daab9-04c2-4e4d-ba44-3f714632d1d0 for RaftStorage:Storage Directory /workdir/hadoop-ozone/integration-test/target/test-dir/MiniOzoneClusterImpl-5c06a5f5-07f4-4017-99dc-ea39d70c8a0c/datanode-1/data/ratis/0b9daab9-04c2-4e4d-ba44-3f714632d1d0
2019-08-20 22:34:19,435 [pool-113-thread-1] INFO  server.RaftServerConfigKeys (ConfUtils.java:logGet(43)) - raft.server.log.appender.buffer.byte-limit = 33554432 (custom)
2019-08-20 22:34:19,435 [pool-124-thread-1] INFO  server.RaftServerConfigKeys (ConfUtils.java:logGet(43)) - raft.server.log.queue.byte-limit = 2147483647 (custom)
2019-08-20 22:34:19,435 [pool-135-thread-1] INFO  server.RaftServerConfigKeys (ConfUtils.java:logGet(43)) - raft.server.log.appender.buffer.byte-limit = 33554432 (custom)
2019-08-20 22:34:19,435 [pool-124-thread-1] INFO  server.RaftServerConfigKeys (ConfUtils.java:logGet(43)) - raft.server.log.queue.element-limit = 1024 (custom)
2019-08-20 22:34:19,435 [pool-113-thread-1] INFO  server.RaftServerConfigKeys (ConfUtils.java:logGet(43)) - raft.server.log.segment.size.max = 1048576 (custom)
2019-08-20 22:34:19,436 [pool-124-thread-1] INFO  server.RaftServerConfigKeys (ConfUtils.java:logGet(43)) - raft.server.log.segment.size.max = 1048576 (custom)
2019-08-20 22:34:19,436 [pool-135-thread-1] INFO  server.RaftServerConfigKeys (ConfUtils.java:logGet(43)) - raft.server.log.segment.size.max = 1048576 (custom)
2019-08-20 22:34:19,436 [pool-124-thread-1] INFO  server.RaftServerConfigKeys (ConfUtils.java:logGet(43)) - raft.server.log.preallocated.size = 16384 (custom)
2019-08-20 22:34:19,436 [pool-113-thread-1] INFO  server.RaftServerConfigKeys (ConfUtils.java:logGet(43)) - raft.server.log.segment.cache.num.max = 2 (custom)
2019-08-20 22:34:19,436 [pool-124-thread-1] INFO  server.RaftServerConfigKeys (ConfUtils.java:logGet(43)) - raft.server.log.write.buffer.size = 33554432 (custom)
2019-08-20 22:34:19,436 [pool-135-thread-1] INFO  server.RaftServerConfigKeys (ConfUtils.java:logGet(43)) - raft.server.log.segment.cache.num.max = 2 (custom)
2019-08-20 22:34:19,437 [pool-124-thread-1] INFO  server.RaftServerConfigKeys (ConfUtils.java:logGet(43)) - raft.server.log.force.sync.num = 128 (default)
2019-08-20 22:34:19,436 [pool-113-thread-1] INFO  segmented.SegmentedRaftLogWorker (SegmentedRaftLogWorker.java:<init>(172)) - new b5afc41f-867e-4200-b617-9bfa9efb1cae-SegmentedRaftLogWorker:Storage Directory /workdir/hadoop-ozone/integration-test/target/test-dir/MiniOzoneClusterImpl-5c06a5f5-07f4-4017-99dc-ea39d70c8a0c/datanode-0/data/ratis/0b9daab9-04c2-4e4d-ba44-3f714632d1d0 for RaftStorage:Storage Directory /workdir/hadoop-ozone/integration-test/target/test-dir/MiniOzoneClusterImpl-5c06a5f5-07f4-4017-99dc-ea39d70c8a0c/datanode-0/data/ratis/0b9daab9-04c2-4e4d-ba44-3f714632d1d0
2019-08-20 22:34:19,437 [pool-124-thread-1] INFO  server.RaftServerConfigKeys (ConfUtils.java:logGet(43)) - raft.server.log.statemachine.data.sync = true (default)
2019-08-20 22:34:19,437 [pool-135-thread-1] INFO  segmented.SegmentedRaftLogWorker (SegmentedRaftLogWorker.java:<init>(172)) - new e7ec4170-0245-479b-9240-9904d375c1c8-SegmentedRaftLogWorker:Storage Directory /workdir/hadoop-ozone/integration-test/target/test-dir/MiniOzoneClusterImpl-5c06a5f5-07f4-4017-99dc-ea39d70c8a0c/datanode-2/data/ratis/0b9daab9-04c2-4e4d-ba44-3f714632d1d0 for RaftStorage:Storage Directory /workdir/hadoop-ozone/integration-test/target/test-dir/MiniOzoneClusterImpl-5c06a5f5-07f4-4017-99dc-ea39d70c8a0c/datanode-2/data/ratis/0b9daab9-04c2-4e4d-ba44-3f714632d1d0
2019-08-20 22:34:19,437 [pool-124-thread-1] INFO  server.RaftServerConfigKeys (ConfUtils.java:logGet(43)) - raft.server.log.statemachine.data.sync.timeout = 10s (default)
2019-08-20 22:34:19,437 [pool-113-thread-1] INFO  server.RaftServerConfigKeys (ConfUtils.java:logGet(43)) - raft.server.log.queue.byte-limit = 2147483647 (custom)
2019-08-20 22:34:19,437 [pool-124-thread-1] INFO  server.RaftServerConfigKeys (ConfUtils.java:logGet(43)) - raft.server.log.statemachine.data.sync.timeout.retry = -1 (default)
2019-08-20 22:34:19,437 [pool-135-thread-1] INFO  server.RaftServerConfigKeys (ConfUtils.java:logGet(43)) - raft.server.log.queue.byte-limit = 2147483647 (custom)
2019-08-20 22:34:19,438 [pool-124-thread-1] INFO  server.RaftServerConfigKeys (ConfUtils.java:logGet(43)) - raft.server.log.statemachine.data.caching.enabled = true (custom)
2019-08-20 22:34:19,437 [pool-113-thread-1] INFO  server.RaftServerConfigKeys (ConfUtils.java:logGet(43)) - raft.server.log.queue.element-limit = 1024 (custom)
2019-08-20 22:34:19,438 [pool-135-thread-1] INFO  server.RaftServerConfigKeys (ConfUtils.java:logGet(43)) - raft.server.log.queue.element-limit = 1024 (custom)
2019-08-20 22:34:19,438 [pool-124-thread-1] INFO  segmented.SegmentedRaftLogWorker (SegmentedRaftLogWorker.java:lambda$new$0(132)) - 21a41a34-c397-489e-a4bc-2dc6392ab2c8-SegmentedRaftLogWorker:Storage Directory /workdir/hadoop-ozone/integration-test/target/test-dir/MiniOzoneClusterImpl-5c06a5f5-07f4-4017-99dc-ea39d70c8a0c/datanode-1/data/ratis/0b9daab9-04c2-4e4d-ba44-3f714632d1d0: flushIndex: setUnconditionally 0 -> -1
2019-08-20 22:34:19,438 [pool-113-thread-1] INFO  server.RaftServerConfigKeys (ConfUtils.java:logGet(43)) - raft.server.log.segment.size.max = 1048576 (custom)
2019-08-20 22:34:19,438 [pool-135-thread-1] INFO  server.RaftServerConfigKeys (ConfUtils.java:logGet(43)) - raft.server.log.segment.size.max = 1048576 (custom)
2019-08-20 22:34:19,439 [pool-124-thread-1] INFO  server.RaftServerConfigKeys (ConfUtils.java:logGet(43)) - raft.server.snapshot.auto.trigger.enabled = true (custom)
2019-08-20 22:34:19,439 [pool-135-thread-1] INFO  server.RaftServerConfigKeys (ConfUtils.java:logGet(43)) - raft.server.log.preallocated.size = 16384 (custom)
2019-08-20 22:34:19,439 [pool-113-thread-1] INFO  server.RaftServerConfigKeys (ConfUtils.java:logGet(43)) - raft.server.log.preallocated.size = 16384 (custom)
2019-08-20 22:34:19,439 [pool-135-thread-1] INFO  server.RaftServerConfigKeys (ConfUtils.java:logGet(43)) - raft.server.log.write.buffer.size = 33554432 (custom)
2019-08-20 22:34:19,439 [pool-124-thread-1] INFO  server.RaftServerConfigKeys (ConfUtils.java:logGet(43)) - raft.server.snapshot.auto.trigger.threshold = 10000 (custom)
2019-08-20 22:34:19,439 [pool-135-thread-1] INFO  server.RaftServerConfigKeys (ConfUtils.java:logGet(43)) - raft.server.log.force.sync.num = 128 (default)
2019-08-20 22:34:19,439 [pool-113-thread-1] INFO  server.RaftServerConfigKeys (ConfUtils.java:logGet(43)) - raft.server.log.write.buffer.size = 33554432 (custom)
2019-08-20 22:34:19,439 [pool-135-thread-1] INFO  server.RaftServerConfigKeys (ConfUtils.java:logGet(43)) - raft.server.log.statemachine.data.sync = true (default)
2019-08-20 22:34:19,439 [pool-124-thread-1] INFO  server.RaftServerConfigKeys (ConfUtils.java:logGet(43)) - raft.server.retrycache.expirytime = 600000ms (custom)
2019-08-20 22:34:19,440 [pool-135-thread-1] INFO  server.RaftServerConfigKeys (ConfUtils.java:logGet(43)) - raft.server.log.statemachine.data.sync.timeout = 10s (default)
2019-08-20 22:34:19,440 [pool-124-thread-1] INFO  impl.RaftServerImpl (RaftServerImpl.java:start(180)) - 21a41a34-c397-489e-a4bc-2dc6392ab2c8: start group-3F714632D1D0
2019-08-20 22:34:19,440 [pool-113-thread-1] INFO  server.RaftServerConfigKeys (ConfUtils.java:logGet(43)) - raft.server.log.force.sync.num = 128 (default)
2019-08-20 22:34:19,440 [pool-124-thread-1] INFO  impl.RaftServerImpl (RaftServerImpl.java:setRole(171)) - 21a41a34-c397-489e-a4bc-2dc6392ab2c8:group-3F714632D1D0 changes role from null to FOLLOWER at term 0 for startAsFollower
2019-08-20 22:34:19,440 [pool-135-thread-1] INFO  server.RaftServerConfigKeys (ConfUtils.java:logGet(43)) - raft.server.log.statemachine.data.sync.timeout.retry = -1 (default)
2019-08-20 22:34:19,440 [pool-124-thread-1] INFO  impl.RoleInfo (RoleInfo.java:updateAndGet(143)) - 21a41a34-c397-489e-a4bc-2dc6392ab2c8: start FollowerState
2019-08-20 22:34:19,441 [pool-135-thread-1] INFO  server.RaftServerConfigKeys (ConfUtils.java:logGet(43)) - raft.server.log.statemachine.data.caching.enabled = true (custom)
2019-08-20 22:34:19,440 [pool-113-thread-1] INFO  server.RaftServerConfigKeys (ConfUtils.java:logGet(43)) - raft.server.log.statemachine.data.sync = true (default)
2019-08-20 22:34:19,441 [pool-135-thread-1] INFO  segmented.SegmentedRaftLogWorker (SegmentedRaftLogWorker.java:lambda$new$0(132)) - e7ec4170-0245-479b-9240-9904d375c1c8-SegmentedRaftLogWorker:Storage Directory /workdir/hadoop-ozone/integration-test/target/test-dir/MiniOzoneClusterImpl-5c06a5f5-07f4-4017-99dc-ea39d70c8a0c/datanode-2/data/ratis/0b9daab9-04c2-4e4d-ba44-3f714632d1d0: flushIndex: setUnconditionally 0 -> -1
2019-08-20 22:34:19,441 [pool-124-thread-1] INFO  util.JmxRegister (JmxRegister.java:tryRegister(44)) - Successfully registered JMX Bean with object name Ratis:service=RaftServer,group=group-3F714632D1D0,id=21a41a34-c397-489e-a4bc-2dc6392ab2c8
2019-08-20 22:34:19,441 [pool-113-thread-1] INFO  server.RaftServerConfigKeys (ConfUtils.java:logGet(43)) - raft.server.log.statemachine.data.sync.timeout = 10s (default)
2019-08-20 22:34:19,441 [pool-135-thread-1] INFO  server.RaftServerConfigKeys (ConfUtils.java:logGet(43)) - raft.server.snapshot.auto.trigger.enabled = true (custom)
2019-08-20 22:34:19,441 [pool-113-thread-1] INFO  server.RaftServerConfigKeys (ConfUtils.java:logGet(43)) - raft.server.log.statemachine.data.sync.timeout.retry = -1 (default)
2019-08-20 22:34:19,441 [pool-135-thread-1] INFO  server.RaftServerConfigKeys (ConfUtils.java:logGet(43)) - raft.server.snapshot.auto.trigger.threshold = 10000 (custom)
2019-08-20 22:34:19,442 [pool-113-thread-1] INFO  server.RaftServerConfigKeys (ConfUtils.java:logGet(43)) - raft.server.log.statemachine.data.caching.enabled = true (custom)
2019-08-20 22:34:19,442 [pool-135-thread-1] INFO  server.RaftServerConfigKeys (ConfUtils.java:logGet(43)) - raft.server.retrycache.expirytime = 600000ms (custom)
2019-08-20 22:34:19,442 [pool-113-thread-1] INFO  segmented.SegmentedRaftLogWorker (SegmentedRaftLogWorker.java:lambda$new$0(132)) - b5afc41f-867e-4200-b617-9bfa9efb1cae-SegmentedRaftLogWorker:Storage Directory /workdir/hadoop-ozone/integration-test/target/test-dir/MiniOzoneClusterImpl-5c06a5f5-07f4-4017-99dc-ea39d70c8a0c/datanode-0/data/ratis/0b9daab9-04c2-4e4d-ba44-3f714632d1d0: flushIndex: setUnconditionally 0 -> -1
2019-08-20 22:34:19,442 [pool-135-thread-1] INFO  impl.RaftServerImpl (RaftServerImpl.java:start(180)) - e7ec4170-0245-479b-9240-9904d375c1c8: start group-3F714632D1D0
2019-08-20 22:34:19,442 [pool-135-thread-1] INFO  impl.RaftServerImpl (RaftServerImpl.java:setRole(171)) - e7ec4170-0245-479b-9240-9904d375c1c8:group-3F714632D1D0 changes role from null to FOLLOWER at term 0 for startAsFollower
2019-08-20 22:34:19,442 [pool-113-thread-1] INFO  server.RaftServerConfigKeys (ConfUtils.java:logGet(43)) - raft.server.snapshot.auto.trigger.enabled = true (custom)
2019-08-20 22:34:19,442 [pool-135-thread-1] INFO  impl.RoleInfo (RoleInfo.java:updateAndGet(143)) - e7ec4170-0245-479b-9240-9904d375c1c8: start FollowerState
2019-08-20 22:34:19,443 [pool-113-thread-1] INFO  server.RaftServerConfigKeys (ConfUtils.java:logGet(43)) - raft.server.snapshot.auto.trigger.threshold = 10000 (custom)
2019-08-20 22:34:19,445 [pool-113-thread-1] INFO  server.RaftServerConfigKeys (ConfUtils.java:logGet(43)) - raft.server.retrycache.expirytime = 600000ms (custom)
2019-08-20 22:34:19,445 [pool-113-thread-1] INFO  impl.RaftServerImpl (RaftServerImpl.java:start(180)) - b5afc41f-867e-4200-b617-9bfa9efb1cae: start group-3F714632D1D0
2019-08-20 22:34:19,445 [pool-135-thread-1] INFO  util.JmxRegister (JmxRegister.java:tryRegister(44)) - Successfully registered JMX Bean with object name Ratis:service=RaftServer,group=group-3F714632D1D0,id=e7ec4170-0245-479b-9240-9904d375c1c8
2019-08-20 22:34:19,445 [pool-113-thread-1] INFO  impl.RaftServerImpl (RaftServerImpl.java:setRole(171)) - b5afc41f-867e-4200-b617-9bfa9efb1cae:group-3F714632D1D0 changes role from null to FOLLOWER at term 0 for startAsFollower
2019-08-20 22:34:19,447 [pool-113-thread-1] INFO  impl.RoleInfo (RoleInfo.java:updateAndGet(143)) - b5afc41f-867e-4200-b617-9bfa9efb1cae: start FollowerState
2019-08-20 22:34:19,447 [pool-113-thread-1] INFO  util.JmxRegister (JmxRegister.java:tryRegister(44)) - Successfully registered JMX Bean with object name Ratis:service=RaftServer,group=group-3F714632D1D0,id=b5afc41f-867e-4200-b617-9bfa9efb1cae
2019-08-20 22:34:19,454 [RatisPipelineUtilsThread] INFO  pipeline.PipelineStateManager (PipelineStateManager.java:addPipeline(56)) - Created pipeline Pipeline[ Id: 0b9daab9-04c2-4e4d-ba44-3f714632d1d0, Nodes: 21a41a34-c397-489e-a4bc-2dc6392ab2c8{ip: 192.168.34.20, host: pr-hdds-1973-9s4bv-3555888387, networkLocation: /default-rack, certSerialId: null}b5afc41f-867e-4200-b617-9bfa9efb1cae{ip: 192.168.34.20, host: pr-hdds-1973-9s4bv-3555888387, networkLocation: /default-rack, certSerialId: null}e7ec4170-0245-479b-9240-9904d375c1c8{ip: 192.168.34.20, host: pr-hdds-1973-9s4bv-3555888387, networkLocation: /default-rack, certSerialId: null}, Type:RATIS, Factor:THREE, State:OPEN]
2019-08-20 22:34:20,309 [Thread-333] INFO  ozone.MiniOzoneClusterImpl (MiniOzoneClusterImpl.java:lambda$waitForClusterToBeReady$0(142)) - Cluster is ready. Got 3 of 3 DN Heartbeats.
2019-08-20 22:34:20,310 [Thread-333] INFO  datanode.ObjectStoreHandler (ObjectStoreHandler.java:close(155)) - Closing ObjectStoreHandler.
2019-08-20 22:34:20,310 [Thread-333] INFO  ozone.HddsDatanodeService (HddsDatanodeService.java:stop(451)) - Stopped plug-in org.apache.hadoop.ozone.web.OzoneHddsDatanodeService@752d77ce
2019-08-20 22:34:20,814 [Datanode State Machine Thread - 0] INFO  statemachine.DatanodeStateMachine (DatanodeStateMachine.java:lambda$startDaemon$0(350)) - Ozone container server started.
2019-08-20 22:34:21,080 | INFO  | SCMAudit | user=jenkins1000 | ip=192.168.34.20 | op=SEND_HEARTBEAT {datanodeUUID=21a41a34-c397-489e-a4bc-2dc6392ab2c8, command=[]} | ret=SUCCESS |  
2019-08-20 22:34:21,310 | INFO  | SCMAudit | user=jenkins1000 | ip=192.168.34.20 | op=SEND_HEARTBEAT {datanodeUUID=e7ec4170-0245-479b-9240-9904d375c1c8, command=[]} | ret=SUCCESS |  
2019-08-20 22:34:21,823 [Thread-505] INFO  container.ReplicationManager (ReplicationManager.java:start(152)) - Starting Replication Monitor Thread.
2019-08-20 22:34:21,825 [ReplicationMonitor] INFO  container.ReplicationManager (ReplicationManager.java:run(215)) - Replication Monitor Thread took 0 milliseconds for processing 0 containers.
2019-08-20 22:34:22,080 | INFO  | SCMAudit | user=jenkins1000 | ip=192.168.34.20 | op=SEND_HEARTBEAT {datanodeUUID=21a41a34-c397-489e-a4bc-2dc6392ab2c8, command=[]} | ret=SUCCESS |  
2019-08-20 22:34:22,310 | INFO  | SCMAudit | user=jenkins1000 | ip=192.168.34.20 | op=SEND_HEARTBEAT {datanodeUUID=e7ec4170-0245-479b-9240-9904d375c1c8, command=[]} | ret=SUCCESS |  
2019-08-20 22:34:23,081 | INFO  | SCMAudit | user=jenkins1000 | ip=192.168.34.20 | op=SEND_HEARTBEAT {datanodeUUID=21a41a34-c397-489e-a4bc-2dc6392ab2c8, command=[]} | ret=SUCCESS |  
2019-08-20 22:34:23,311 | INFO  | SCMAudit | user=jenkins1000 | ip=192.168.34.20 | op=SEND_HEARTBEAT {datanodeUUID=e7ec4170-0245-479b-9240-9904d375c1c8, command=[]} | ret=SUCCESS |  
2019-08-20 22:34:23,893 [EventQueue-StaleNodeForStaleNodeHandler] INFO  node.StaleNodeHandler (StaleNodeHandler.java:onMessage(58)) - Datanode b5afc41f-867e-4200-b617-9bfa9efb1cae{ip: 192.168.34.20, host: pr-hdds-1973-9s4bv-3555888387, networkLocation: /default-rack, certSerialId: null} moved to stale state. Finalizing its pipelines [PipelineID=48756d22-38a5-40c7-a80e-0e2f75ddd81d, PipelineID=0b9daab9-04c2-4e4d-ba44-3f714632d1d0]
2019-08-20 22:34:23,894 [EventQueue-StaleNodeForStaleNodeHandler] INFO  pipeline.SCMPipelineManager (SCMPipelineManager.java:finalizeAndDestroyPipeline(309)) - destroying pipeline:Pipeline[ Id: 48756d22-38a5-40c7-a80e-0e2f75ddd81d, Nodes: b5afc41f-867e-4200-b617-9bfa9efb1cae{ip: 192.168.34.20, host: pr-hdds-1973-9s4bv-3555888387, networkLocation: /default-rack, certSerialId: null}, Type:RATIS, Factor:ONE, State:OPEN]
2019-08-20 22:34:23,894 [EventQueue-StaleNodeForStaleNodeHandler] INFO  pipeline.PipelineStateManager (PipelineStateManager.java:finalizePipeline(123)) - Pipeline Pipeline[ Id: 48756d22-38a5-40c7-a80e-0e2f75ddd81d, Nodes: b5afc41f-867e-4200-b617-9bfa9efb1cae{ip: 192.168.34.20, host: pr-hdds-1973-9s4bv-3555888387, networkLocation: /default-rack, certSerialId: null}, Type:RATIS, Factor:ONE, State:CLOSED] moved to CLOSED state
2019-08-20 22:34:23,897 [EventQueue-StaleNodeForStaleNodeHandler] INFO  pipeline.SCMPipelineManager (SCMPipelineManager.java:finalizeAndDestroyPipeline(309)) - destroying pipeline:Pipeline[ Id: 0b9daab9-04c2-4e4d-ba44-3f714632d1d0, Nodes: 21a41a34-c397-489e-a4bc-2dc6392ab2c8{ip: 192.168.34.20, host: pr-hdds-1973-9s4bv-3555888387, networkLocation: /default-rack, certSerialId: null}b5afc41f-867e-4200-b617-9bfa9efb1cae{ip: 192.168.34.20, host: pr-hdds-1973-9s4bv-3555888387, networkLocation: /default-rack, certSerialId: null}e7ec4170-0245-479b-9240-9904d375c1c8{ip: 192.168.34.20, host: pr-hdds-1973-9s4bv-3555888387, networkLocation: /default-rack, certSerialId: null}, Type:RATIS, Factor:THREE, State:OPEN]
2019-08-20 22:34:23,897 [EventQueue-StaleNodeForStaleNodeHandler] INFO  pipeline.PipelineStateManager (PipelineStateManager.java:finalizePipeline(123)) - Pipeline Pipeline[ Id: 0b9daab9-04c2-4e4d-ba44-3f714632d1d0, Nodes: 21a41a34-c397-489e-a4bc-2dc6392ab2c8{ip: 192.168.34.20, host: pr-hdds-1973-9s4bv-3555888387, networkLocation: /default-rack, certSerialId: null}b5afc41f-867e-4200-b617-9bfa9efb1cae{ip: 192.168.34.20, host: pr-hdds-1973-9s4bv-3555888387, networkLocation: /default-rack, certSerialId: null}e7ec4170-0245-479b-9240-9904d375c1c8{ip: 192.168.34.20, host: pr-hdds-1973-9s4bv-3555888387, networkLocation: /default-rack, certSerialId: null}, Type:RATIS, Factor:THREE, State:CLOSED] moved to CLOSED state
2019-08-20 22:34:23,941 [Thread-507] INFO  impl.FollowerState (FollowerState.java:run(106)) - b5afc41f-867e-4200-b617-9bfa9efb1cae:group-0E2F75DDD81D changes to CANDIDATE, lastRpcTime:5067, electionTimeout:5067ms
2019-08-20 22:34:23,941 [Thread-507] INFO  impl.RoleInfo (RoleInfo.java:shutdownFollowerState(121)) - b5afc41f-867e-4200-b617-9bfa9efb1cae: shutdown FollowerState
2019-08-20 22:34:23,941 [Thread-507] INFO  impl.RaftServerImpl (RaftServerImpl.java:setRole(171)) - b5afc41f-867e-4200-b617-9bfa9efb1cae:group-0E2F75DDD81D changes role from FOLLOWER to CANDIDATE at term 0 for changeToCandidate
2019-08-20 22:34:23,942 [Thread-507] INFO  impl.RoleInfo (RoleInfo.java:updateAndGet(143)) - b5afc41f-867e-4200-b617-9bfa9efb1cae: start LeaderElection
2019-08-20 22:34:23,963 [b5afc41f-867e-4200-b617-9bfa9efb1cae:group-0E2F75DDD81D:LeaderElection12] INFO  impl.LeaderElection (LeaderElection.java:askForVotes(181)) - b5afc41f-867e-4200-b617-9bfa9efb1cae:group-0E2F75DDD81D:LeaderElection12: begin an election at term 1 for -1: [b5afc41f-867e-4200-b617-9bfa9efb1cae:192.168.34.20:36252], old=null
2019-08-20 22:34:23,964 [b5afc41f-867e-4200-b617-9bfa9efb1cae:group-0E2F75DDD81D:LeaderElection12] INFO  impl.RoleInfo (RoleInfo.java:shutdownLeaderElection(134)) - b5afc41f-867e-4200-b617-9bfa9efb1cae: shutdown LeaderElection
2019-08-20 22:34:23,964 [b5afc41f-867e-4200-b617-9bfa9efb1cae:group-0E2F75DDD81D:LeaderElection12] INFO  impl.RaftServerImpl (RaftServerImpl.java:setRole(171)) - b5afc41f-867e-4200-b617-9bfa9efb1cae:group-0E2F75DDD81D changes role from CANDIDATE to LEADER at term 1 for changeToLeader
2019-08-20 22:34:23,964 [b5afc41f-867e-4200-b617-9bfa9efb1cae:group-0E2F75DDD81D:LeaderElection12] INFO  impl.RaftServerImpl (ServerState.java:setLeader(263)) - b5afc41f-867e-4200-b617-9bfa9efb1cae:group-0E2F75DDD81D change Leader from null to b5afc41f-867e-4200-b617-9bfa9efb1cae at term 1 for becomeLeader, leader elected after 5096ms
2019-08-20 22:34:23,964 [b5afc41f-867e-4200-b617-9bfa9efb1cae:group-0E2F75DDD81D:LeaderElection12] INFO  server.RaftServerConfigKeys (ConfUtils.java:logGet(43)) - raft.server.staging.catchup.gap = 1000 (default)
2019-08-20 22:34:23,964 [b5afc41f-867e-4200-b617-9bfa9efb1cae:group-0E2F75DDD81D:LeaderElection12] INFO  server.RaftServerConfigKeys (ConfUtils.java:logGet(43)) - raft.server.rpc.sleep.time = 25ms (default)
2019-08-20 22:34:23,965 [b5afc41f-867e-4200-b617-9bfa9efb1cae:group-0E2F75DDD81D:LeaderElection12] INFO  server.RaftServerConfigKeys (ConfUtils.java:logGet(43)) - raft.server.write.element-limit = 4096 (default)
2019-08-20 22:34:23,965 [b5afc41f-867e-4200-b617-9bfa9efb1cae:group-0E2F75DDD81D:LeaderElection12] INFO  server.RaftServerConfigKeys (ConfUtils.java:logGet(43)) - raft.server.watch.timeout = 10s (default)
2019-08-20 22:34:23,965 [b5afc41f-867e-4200-b617-9bfa9efb1cae:group-0E2F75DDD81D:LeaderElection12] INFO  server.RaftServerConfigKeys (ConfUtils.java:logGet(43)) - raft.server.watch.timeout.denomination = 1s (default)
2019-08-20 22:34:23,965 [b5afc41f-867e-4200-b617-9bfa9efb1cae:group-0E2F75DDD81D:LeaderElection12] INFO  server.RaftServerConfigKeys (ConfUtils.java:logGet(43)) - raft.server.watch.element-limit = 65536 (default)
2019-08-20 22:34:23,966 [b5afc41f-867e-4200-b617-9bfa9efb1cae:group-0E2F75DDD81D:LeaderElection12] INFO  impl.RoleInfo (RoleInfo.java:updateAndGet(143)) - b5afc41f-867e-4200-b617-9bfa9efb1cae: start LeaderState
2019-08-20 22:34:23,966 [b5afc41f-867e-4200-b617-9bfa9efb1cae:group-0E2F75DDD81D:LeaderElection12] INFO  segmented.SegmentedRaftLogWorker (SegmentedRaftLogWorker.java:startLogSegment(380)) - b5afc41f-867e-4200-b617-9bfa9efb1cae-SegmentedRaftLogWorker:Storage Directory /workdir/hadoop-ozone/integration-test/target/test-dir/MiniOzoneClusterImpl-5c06a5f5-07f4-4017-99dc-ea39d70c8a0c/datanode-0/data/ratis/48756d22-38a5-40c7-a80e-0e2f75ddd81d: Starting segment from index:0
2019-08-20 22:34:23,967 [b5afc41f-867e-4200-b617-9bfa9efb1cae:group-0E2F75DDD81D:LeaderElection12] INFO  impl.RaftServerImpl (ServerState.java:setRaftConf(361)) - b5afc41f-867e-4200-b617-9bfa9efb1cae:group-0E2F75DDD81D set configuration 0: [b5afc41f-867e-4200-b617-9bfa9efb1cae:192.168.34.20:36252], old=null at 0
2019-08-20 22:34:24,021 [b5afc41f-867e-4200-b617-9bfa9efb1cae-SegmentedRaftLogWorker:Storage Directory /workdir/hadoop-ozone/integration-test/target/test-dir/MiniOzoneClusterImpl-5c06a5f5-07f4-4017-99dc-ea39d70c8a0c/datanode-0/data/ratis/48756d22-38a5-40c7-a80e-0e2f75ddd81d] INFO  segmented.SegmentedRaftLogWorker (SegmentedRaftLogWorker.java:execute(569)) - b5afc41f-867e-4200-b617-9bfa9efb1cae-SegmentedRaftLogWorker:Storage Directory /workdir/hadoop-ozone/integration-test/target/test-dir/MiniOzoneClusterImpl-5c06a5f5-07f4-4017-99dc-ea39d70c8a0c/datanode-0/data/ratis/48756d22-38a5-40c7-a80e-0e2f75ddd81d: created new log segment /workdir/hadoop-ozone/integration-test/target/test-dir/MiniOzoneClusterImpl-5c06a5f5-07f4-4017-99dc-ea39d70c8a0c/datanode-0/data/ratis/48756d22-38a5-40c7-a80e-0e2f75ddd81d/current/log_inprogress_0
2019-08-20 22:34:24,081 | INFO  | SCMAudit | user=jenkins1000 | ip=192.168.34.20 | op=SEND_HEARTBEAT {datanodeUUID=21a41a34-c397-489e-a4bc-2dc6392ab2c8, command=[]} | ret=SUCCESS |  
2019-08-20 22:34:24,210 [Thread-510] INFO  impl.FollowerState (FollowerState.java:run(106)) - 21a41a34-c397-489e-a4bc-2dc6392ab2c8:group-97ECD3A78E61 changes to CANDIDATE, lastRpcTime:5054, electionTimeout:5054ms
2019-08-20 22:34:24,210 [Thread-510] INFO  impl.RoleInfo (RoleInfo.java:shutdownFollowerState(121)) - 21a41a34-c397-489e-a4bc-2dc6392ab2c8: shutdown FollowerState
2019-08-20 22:34:24,210 [Thread-510] INFO  impl.RaftServerImpl (RaftServerImpl.java:setRole(171)) - 21a41a34-c397-489e-a4bc-2dc6392ab2c8:group-97ECD3A78E61 changes role from FOLLOWER to CANDIDATE at term 0 for changeToCandidate
2019-08-20 22:34:24,211 [Thread-510] INFO  impl.RoleInfo (RoleInfo.java:updateAndGet(143)) - 21a41a34-c397-489e-a4bc-2dc6392ab2c8: start LeaderElection
2019-08-20 22:34:24,226 [21a41a34-c397-489e-a4bc-2dc6392ab2c8:group-97ECD3A78E61:LeaderElection13] INFO  impl.LeaderElection (LeaderElection.java:askForVotes(181)) - 21a41a34-c397-489e-a4bc-2dc6392ab2c8:group-97ECD3A78E61:LeaderElection13: begin an election at term 1 for -1: [21a41a34-c397-489e-a4bc-2dc6392ab2c8:192.168.34.20:46113], old=null
2019-08-20 22:34:24,227 [21a41a34-c397-489e-a4bc-2dc6392ab2c8:group-97ECD3A78E61:LeaderElection13] INFO  impl.RoleInfo (RoleInfo.java:shutdownLeaderElection(134)) - 21a41a34-c397-489e-a4bc-2dc6392ab2c8: shutdown LeaderElection
2019-08-20 22:34:24,227 [21a41a34-c397-489e-a4bc-2dc6392ab2c8:group-97ECD3A78E61:LeaderElection13] INFO  impl.RaftServerImpl (RaftServerImpl.java:setRole(171)) - 21a41a34-c397-489e-a4bc-2dc6392ab2c8:group-97ECD3A78E61 changes role from CANDIDATE to LEADER at term 1 for changeToLeader
2019-08-20 22:34:24,227 [21a41a34-c397-489e-a4bc-2dc6392ab2c8:group-97ECD3A78E61:LeaderElection13] INFO  impl.RaftServerImpl (ServerState.java:setLeader(263)) - 21a41a34-c397-489e-a4bc-2dc6392ab2c8:group-97ECD3A78E61 change Leader from null to 21a41a34-c397-489e-a4bc-2dc6392ab2c8 at term 1 for becomeLeader, leader elected after 5076ms
2019-08-20 22:34:24,227 [21a41a34-c397-489e-a4bc-2dc6392ab2c8:group-97ECD3A78E61:LeaderElection13] INFO  server.RaftServerConfigKeys (ConfUtils.java:logGet(43)) - raft.server.staging.catchup.gap = 1000 (default)
2019-08-20 22:34:24,227 [21a41a34-c397-489e-a4bc-2dc6392ab2c8:group-97ECD3A78E61:LeaderElection13] INFO  server.RaftServerConfigKeys (ConfUtils.java:logGet(43)) - raft.server.rpc.sleep.time = 25ms (default)
2019-08-20 22:34:24,228 [21a41a34-c397-489e-a4bc-2dc6392ab2c8:group-97ECD3A78E61:LeaderElection13] INFO  server.RaftServerConfigKeys (ConfUtils.java:logGet(43)) - raft.server.write.element-limit = 4096 (default)
2019-08-20 22:34:24,228 [21a41a34-c397-489e-a4bc-2dc6392ab2c8:group-97ECD3A78E61:LeaderElection13] INFO  server.RaftServerConfigKeys (ConfUtils.java:logGet(43)) - raft.server.watch.timeout = 10s (default)
2019-08-20 22:34:24,228 [21a41a34-c397-489e-a4bc-2dc6392ab2c8:group-97ECD3A78E61:LeaderElection13] INFO  server.RaftServerConfigKeys (ConfUtils.java:logGet(43)) - raft.server.watch.timeout.denomination = 1s (default)
2019-08-20 22:34:24,228 [21a41a34-c397-489e-a4bc-2dc6392ab2c8:group-97ECD3A78E61:LeaderElection13] INFO  server.RaftServerConfigKeys (ConfUtils.java:logGet(43)) - raft.server.watch.element-limit = 65536 (default)
2019-08-20 22:34:24,229 [21a41a34-c397-489e-a4bc-2dc6392ab2c8:group-97ECD3A78E61:LeaderElection13] INFO  impl.RoleInfo (RoleInfo.java:updateAndGet(143)) - 21a41a34-c397-489e-a4bc-2dc6392ab2c8: start LeaderState
2019-08-20 22:34:24,229 [21a41a34-c397-489e-a4bc-2dc6392ab2c8:group-97ECD3A78E61:LeaderElection13] INFO  segmented.SegmentedRaftLogWorker (SegmentedRaftLogWorker.java:startLogSegment(380)) - 21a41a34-c397-489e-a4bc-2dc6392ab2c8-SegmentedRaftLogWorker:Storage Directory /workdir/hadoop-ozone/integration-test/target/test-dir/MiniOzoneClusterImpl-5c06a5f5-07f4-4017-99dc-ea39d70c8a0c/datanode-1/data/ratis/76950faa-821a-4fb1-94a2-97ecd3a78e61: Starting segment from index:0
2019-08-20 22:34:24,230 [21a41a34-c397-489e-a4bc-2dc6392ab2c8:group-97ECD3A78E61:LeaderElection13] INFO  impl.RaftServerImpl (ServerState.java:setRaftConf(361)) - 21a41a34-c397-489e-a4bc-2dc6392ab2c8:group-97ECD3A78E61 set configuration 0: [21a41a34-c397-489e-a4bc-2dc6392ab2c8:192.168.34.20:46113], old=null at 0
2019-08-20 22:34:24,271 [21a41a34-c397-489e-a4bc-2dc6392ab2c8-SegmentedRaftLogWorker:Storage Directory /workdir/hadoop-ozone/integration-test/target/test-dir/MiniOzoneClusterImpl-5c06a5f5-07f4-4017-99dc-ea39d70c8a0c/datanode-1/data/ratis/76950faa-821a-4fb1-94a2-97ecd3a78e61] INFO  segmented.SegmentedRaftLogWorker (SegmentedRaftLogWorker.java:execute(569)) - 21a41a34-c397-489e-a4bc-2dc6392ab2c8-SegmentedRaftLogWorker:Storage Directory /workdir/hadoop-ozone/integration-test/target/test-dir/MiniOzoneClusterImpl-5c06a5f5-07f4-4017-99dc-ea39d70c8a0c/datanode-1/data/ratis/76950faa-821a-4fb1-94a2-97ecd3a78e61: created new log segment /workdir/hadoop-ozone/integration-test/target/test-dir/MiniOzoneClusterImpl-5c06a5f5-07f4-4017-99dc-ea39d70c8a0c/datanode-1/data/ratis/76950faa-821a-4fb1-94a2-97ecd3a78e61/current/log_inprogress_0
2019-08-20 22:34:24,310 | INFO  | SCMAudit | user=jenkins1000 | ip=192.168.34.20 | op=SEND_HEARTBEAT {datanodeUUID=e7ec4170-0245-479b-9240-9904d375c1c8, command=[]} | ret=SUCCESS |  
2019-08-20 22:34:24,396 [Thread-513] INFO  impl.FollowerState (FollowerState.java:run(106)) - e7ec4170-0245-479b-9240-9904d375c1c8:group-A347657FEF44 changes to CANDIDATE, lastRpcTime:5031, electionTimeout:5031ms
2019-08-20 22:34:24,396 [Thread-513] INFO  impl.RoleInfo (RoleInfo.java:shutdownFollowerState(121)) - e7ec4170-0245-479b-9240-9904d375c1c8: shutdown FollowerState
2019-08-20 22:34:24,396 [Thread-513] INFO  impl.RaftServerImpl (RaftServerImpl.java:setRole(171)) - e7ec4170-0245-479b-9240-9904d375c1c8:group-A347657FEF44 changes role from FOLLOWER to CANDIDATE at term 0 for changeToCandidate
2019-08-20 22:34:24,396 [Thread-513] INFO  impl.RoleInfo (RoleInfo.java:updateAndGet(143)) - e7ec4170-0245-479b-9240-9904d375c1c8: start LeaderElection
2019-08-20 22:34:24,407 [e7ec4170-0245-479b-9240-9904d375c1c8:group-A347657FEF44:LeaderElection14] INFO  impl.LeaderElection (LeaderElection.java:askForVotes(181)) - e7ec4170-0245-479b-9240-9904d375c1c8:group-A347657FEF44:LeaderElection14: begin an election at term 1 for -1: [e7ec4170-0245-479b-9240-9904d375c1c8:192.168.34.20:35650], old=null
2019-08-20 22:34:24,407 [e7ec4170-0245-479b-9240-9904d375c1c8:group-A347657FEF44:LeaderElection14] INFO  impl.RoleInfo (RoleInfo.java:shutdownLeaderElection(134)) - e7ec4170-0245-479b-9240-9904d375c1c8: shutdown LeaderElection
2019-08-20 22:34:24,407 [e7ec4170-0245-479b-9240-9904d375c1c8:group-A347657FEF44:LeaderElection14] INFO  impl.RaftServerImpl (RaftServerImpl.java:setRole(171)) - e7ec4170-0245-479b-9240-9904d375c1c8:group-A347657FEF44 changes role from CANDIDATE to LEADER at term 1 for changeToLeader
2019-08-20 22:34:24,407 [e7ec4170-0245-479b-9240-9904d375c1c8:group-A347657FEF44:LeaderElection14] INFO  impl.RaftServerImpl (ServerState.java:setLeader(263)) - e7ec4170-0245-479b-9240-9904d375c1c8:group-A347657FEF44 change Leader from null to e7ec4170-0245-479b-9240-9904d375c1c8 at term 1 for becomeLeader, leader elected after 5047ms
2019-08-20 22:34:24,407 [e7ec4170-0245-479b-9240-9904d375c1c8:group-A347657FEF44:LeaderElection14] INFO  server.RaftServerConfigKeys (ConfUtils.java:logGet(43)) - raft.server.staging.catchup.gap = 1000 (default)
2019-08-20 22:34:24,407 [e7ec4170-0245-479b-9240-9904d375c1c8:group-A347657FEF44:LeaderElection14] INFO  server.RaftServerConfigKeys (ConfUtils.java:logGet(43)) - raft.server.rpc.sleep.time = 25ms (default)
2019-08-20 22:34:24,407 [e7ec4170-0245-479b-9240-9904d375c1c8:group-A347657FEF44:LeaderElection14] INFO  server.RaftServerConfigKeys (ConfUtils.java:logGet(43)) - raft.server.write.element-limit = 4096 (default)
2019-08-20 22:34:24,408 [e7ec4170-0245-479b-9240-9904d375c1c8:group-A347657FEF44:LeaderElection14] INFO  server.RaftServerConfigKeys (ConfUtils.java:logGet(43)) - raft.server.watch.timeout = 10s (default)
2019-08-20 22:34:24,408 [e7ec4170-0245-479b-9240-9904d375c1c8:group-A347657FEF44:LeaderElection14] INFO  server.RaftServerConfigKeys (ConfUtils.java:logGet(43)) - raft.server.watch.timeout.denomination = 1s (default)
2019-08-20 22:34:24,408 [e7ec4170-0245-479b-9240-9904d375c1c8:group-A347657FEF44:LeaderElection14] INFO  server.RaftServerConfigKeys (ConfUtils.java:logGet(43)) - raft.server.watch.element-limit = 65536 (default)
2019-08-20 22:34:24,408 [e7ec4170-0245-479b-9240-9904d375c1c8:group-A347657FEF44:LeaderElection14] INFO  impl.RoleInfo (RoleInfo.java:updateAndGet(143)) - e7ec4170-0245-479b-9240-9904d375c1c8: start LeaderState
2019-08-20 22:34:24,408 [e7ec4170-0245-479b-9240-9904d375c1c8:group-A347657FEF44:LeaderElection14] INFO  segmented.SegmentedRaftLogWorker (SegmentedRaftLogWorker.java:startLogSegment(380)) - e7ec4170-0245-479b-9240-9904d375c1c8-SegmentedRaftLogWorker:Storage Directory /workdir/hadoop-ozone/integration-test/target/test-dir/MiniOzoneClusterImpl-5c06a5f5-07f4-4017-99dc-ea39d70c8a0c/datanode-2/data/ratis/e10cb29e-7dd9-40ca-b3e0-a347657fef44: Starting segment from index:0
2019-08-20 22:34:24,409 [e7ec4170-0245-479b-9240-9904d375c1c8:group-A347657FEF44:LeaderElection14] INFO  impl.RaftServerImpl (ServerState.java:setRaftConf(361)) - e7ec4170-0245-479b-9240-9904d375c1c8:group-A347657FEF44 set configuration 0: [e7ec4170-0245-479b-9240-9904d375c1c8:192.168.34.20:35650], old=null at 0
2019-08-20 22:34:24,455 [e7ec4170-0245-479b-9240-9904d375c1c8-SegmentedRaftLogWorker:Storage Directory /workdir/hadoop-ozone/integration-test/target/test-dir/MiniOzoneClusterImpl-5c06a5f5-07f4-4017-99dc-ea39d70c8a0c/datanode-2/data/ratis/e10cb29e-7dd9-40ca-b3e0-a347657fef44] INFO  segmented.SegmentedRaftLogWorker (SegmentedRaftLogWorker.java:execute(569)) - e7ec4170-0245-479b-9240-9904d375c1c8-SegmentedRaftLogWorker:Storage Directory /workdir/hadoop-ozone/integration-test/target/test-dir/MiniOzoneClusterImpl-5c06a5f5-07f4-4017-99dc-ea39d70c8a0c/datanode-2/data/ratis/e10cb29e-7dd9-40ca-b3e0-a347657fef44: created new log segment /workdir/hadoop-ozone/integration-test/target/test-dir/MiniOzoneClusterImpl-5c06a5f5-07f4-4017-99dc-ea39d70c8a0c/datanode-2/data/ratis/e10cb29e-7dd9-40ca-b3e0-a347657fef44/current/log_inprogress_0
2019-08-20 22:34:24,515 [Thread-516] INFO  impl.FollowerState (FollowerState.java:run(106)) - 21a41a34-c397-489e-a4bc-2dc6392ab2c8:group-3F714632D1D0 changes to CANDIDATE, lastRpcTime:5074, electionTimeout:5074ms
2019-08-20 22:34:24,515 [Thread-516] INFO  impl.RoleInfo (RoleInfo.java:shutdownFollowerState(121)) - 21a41a34-c397-489e-a4bc-2dc6392ab2c8: shutdown FollowerState
2019-08-20 22:34:24,515 [Thread-516] INFO  impl.RaftServerImpl (RaftServerImpl.java:setRole(171)) - 21a41a34-c397-489e-a4bc-2dc6392ab2c8:group-3F714632D1D0 changes role from FOLLOWER to CANDIDATE at term 0 for changeToCandidate
2019-08-20 22:34:24,516 [Thread-516] INFO  impl.RoleInfo (RoleInfo.java:updateAndGet(143)) - 21a41a34-c397-489e-a4bc-2dc6392ab2c8: start LeaderElection
2019-08-20 22:34:24,531 [21a41a34-c397-489e-a4bc-2dc6392ab2c8:group-3F714632D1D0:LeaderElection15] INFO  impl.LeaderElection (LeaderElection.java:askForVotes(181)) - 21a41a34-c397-489e-a4bc-2dc6392ab2c8:group-3F714632D1D0:LeaderElection15: begin an election at term 1 for -1: [e7ec4170-0245-479b-9240-9904d375c1c8:192.168.34.20:35650, b5afc41f-867e-4200-b617-9bfa9efb1cae:192.168.34.20:36252, 21a41a34-c397-489e-a4bc-2dc6392ab2c8:192.168.34.20:46113], old=null
2019-08-20 22:34:24,544 [grpc-default-executor-0] INFO  impl.RaftServerImpl (RaftServerImpl.java:setRole(171)) - e7ec4170-0245-479b-9240-9904d375c1c8:group-3F714632D1D0 changes role from FOLLOWER to FOLLOWER at term 1 for recognizeCandidate:21a41a34-c397-489e-a4bc-2dc6392ab2c8
2019-08-20 22:34:24,544 [grpc-default-executor-2] INFO  impl.RaftServerImpl (RaftServerImpl.java:setRole(171)) - b5afc41f-867e-4200-b617-9bfa9efb1cae:group-3F714632D1D0 changes role from FOLLOWER to FOLLOWER at term 1 for recognizeCandidate:21a41a34-c397-489e-a4bc-2dc6392ab2c8
2019-08-20 22:34:24,545 [grpc-default-executor-0] INFO  impl.RoleInfo (RoleInfo.java:shutdownFollowerState(121)) - e7ec4170-0245-479b-9240-9904d375c1c8: shutdown FollowerState
2019-08-20 22:34:24,545 [grpc-default-executor-2] INFO  impl.RoleInfo (RoleInfo.java:shutdownFollowerState(121)) - b5afc41f-867e-4200-b617-9bfa9efb1cae: shutdown FollowerState
2019-08-20 22:34:24,545 [grpc-default-executor-0] INFO  impl.RoleInfo (RoleInfo.java:updateAndGet(143)) - e7ec4170-0245-479b-9240-9904d375c1c8: start FollowerState
2019-08-20 22:34:24,546 [Thread-521] INFO  impl.FollowerState (FollowerState.java:run(114)) - b5afc41f-867e-4200-b617-9bfa9efb1cae: FollowerState was interrupted: java.lang.InterruptedException: sleep interrupted
2019-08-20 22:34:24,545 [Thread-519] INFO  impl.FollowerState (FollowerState.java:run(114)) - e7ec4170-0245-479b-9240-9904d375c1c8: FollowerState was interrupted: java.lang.InterruptedException: sleep interrupted
2019-08-20 22:34:24,545 [grpc-default-executor-2] INFO  impl.RoleInfo (RoleInfo.java:updateAndGet(143)) - b5afc41f-867e-4200-b617-9bfa9efb1cae: start FollowerState
2019-08-20 22:34:24,568 [21a41a34-c397-489e-a4bc-2dc6392ab2c8:group-3F714632D1D0:LeaderElection15] INFO  impl.LeaderElection (LeaderElection.java:logAndReturn(56)) - 21a41a34-c397-489e-a4bc-2dc6392ab2c8:group-3F714632D1D0:LeaderElection15: Election PASSED; received 1 response(s) [21a41a34-c397-489e-a4bc-2dc6392ab2c8<-b5afc41f-867e-4200-b617-9bfa9efb1cae#0:OK-t1] and 0 exception(s); 21a41a34-c397-489e-a4bc-2dc6392ab2c8:t1, leader=null, voted=21a41a34-c397-489e-a4bc-2dc6392ab2c8, raftlog=21a41a34-c397-489e-a4bc-2dc6392ab2c8-SegmentedRaftLog:OPENED:c-1,f-1,i0, conf=-1: [e7ec4170-0245-479b-9240-9904d375c1c8:192.168.34.20:35650, b5afc41f-867e-4200-b617-9bfa9efb1cae:192.168.34.20:36252, 21a41a34-c397-489e-a4bc-2dc6392ab2c8:192.168.34.20:46113], old=null
2019-08-20 22:34:24,569 [21a41a34-c397-489e-a4bc-2dc6392ab2c8:group-3F714632D1D0:LeaderElection15] INFO  impl.RoleInfo (RoleInfo.java:shutdownLeaderElection(134)) - 21a41a34-c397-489e-a4bc-2dc6392ab2c8: shutdown LeaderElection
2019-08-20 22:34:24,569 [21a41a34-c397-489e-a4bc-2dc6392ab2c8:group-3F714632D1D0:LeaderElection15] INFO  impl.RaftServerImpl (RaftServerImpl.java:setRole(171)) - 21a41a34-c397-489e-a4bc-2dc6392ab2c8:group-3F714632D1D0 changes role from CANDIDATE to LEADER at term 1 for changeToLeader
2019-08-20 22:34:24,570 [21a41a34-c397-489e-a4bc-2dc6392ab2c8:group-3F714632D1D0:LeaderElection15] INFO  impl.RaftServerImpl (ServerState.java:setLeader(263)) - 21a41a34-c397-489e-a4bc-2dc6392ab2c8:group-3F714632D1D0 change Leader from null to 21a41a34-c397-489e-a4bc-2dc6392ab2c8 at term 1 for becomeLeader, leader elected after 5136ms
2019-08-20 22:34:24,570 [21a41a34-c397-489e-a4bc-2dc6392ab2c8:group-3F714632D1D0:LeaderElection15] INFO  server.RaftServerConfigKeys (ConfUtils.java:logGet(43)) - raft.server.staging.catchup.gap = 1000 (default)
2019-08-20 22:34:24,570 [21a41a34-c397-489e-a4bc-2dc6392ab2c8:group-3F714632D1D0:LeaderElection15] INFO  server.RaftServerConfigKeys (ConfUtils.java:logGet(43)) - raft.server.rpc.sleep.time = 25ms (default)
2019-08-20 22:34:24,571 [21a41a34-c397-489e-a4bc-2dc6392ab2c8:group-3F714632D1D0:LeaderElection15] INFO  server.RaftServerConfigKeys (ConfUtils.java:logGet(43)) - raft.server.write.element-limit = 4096 (default)
2019-08-20 22:34:24,571 [21a41a34-c397-489e-a4bc-2dc6392ab2c8:group-3F714632D1D0:LeaderElection15] INFO  server.RaftServerConfigKeys (ConfUtils.java:logGet(43)) - raft.server.watch.timeout = 10s (default)
2019-08-20 22:34:24,571 [21a41a34-c397-489e-a4bc-2dc6392ab2c8:group-3F714632D1D0:LeaderElection15] INFO  server.RaftServerConfigKeys (ConfUtils.java:logGet(43)) - raft.server.watch.timeout.denomination = 1s (default)
2019-08-20 22:34:24,571 [21a41a34-c397-489e-a4bc-2dc6392ab2c8:group-3F714632D1D0:LeaderElection15] INFO  server.RaftServerConfigKeys (ConfUtils.java:logGet(43)) - raft.server.watch.element-limit = 65536 (default)
2019-08-20 22:34:24,571 [21a41a34-c397-489e-a4bc-2dc6392ab2c8:group-3F714632D1D0:LeaderElection15] INFO  server.RaftServerConfigKeys (ConfUtils.java:logGet(43)) - raft.server.log.appender.snapshot.chunk.size.max = 16MB (=16777216) (default)
2019-08-20 22:34:24,571 [21a41a34-c397-489e-a4bc-2dc6392ab2c8:group-3F714632D1D0:LeaderElection15] INFO  server.RaftServerConfigKeys (ConfUtils.java:logGet(43)) - raft.server.log.appender.buffer.byte-limit = 33554432 (custom)
2019-08-20 22:34:24,572 [21a41a34-c397-489e-a4bc-2dc6392ab2c8:group-3F714632D1D0:LeaderElection15] INFO  server.RaftServerConfigKeys (ConfUtils.java:logGet(43)) - raft.server.log.appender.buffer.element-limit = 1 (custom)
2019-08-20 22:34:24,572 [21a41a34-c397-489e-a4bc-2dc6392ab2c8:group-3F714632D1D0:LeaderElection15] INFO  grpc.GrpcConfigKeys$Server (ConfUtils.java:logGet(43)) - raft.grpc.server.leader.outstanding.appends.max = 128 (default)
2019-08-20 22:34:24,572 [21a41a34-c397-489e-a4bc-2dc6392ab2c8:group-3F714632D1D0:LeaderElection15] INFO  server.RaftServerConfigKeys (ConfUtils.java:logGet(43)) - raft.server.rpc.request.timeout = 3000ms (default)
2019-08-20 22:34:24,572 [21a41a34-c397-489e-a4bc-2dc6392ab2c8:group-3F714632D1D0:LeaderElection15] INFO  server.RaftServerConfigKeys (ConfUtils.java:logGet(43)) - raft.server.log.appender.install.snapshot.enabled = false (custom)
2019-08-20 22:34:24,572 [21a41a34-c397-489e-a4bc-2dc6392ab2c8:group-3F714632D1D0:LeaderElection15] INFO  server.RaftServerConfigKeys (ConfUtils.java:logGet(43)) - raft.server.log.appender.snapshot.chunk.size.max = 16MB (=16777216) (default)
2019-08-20 22:34:24,572 [21a41a34-c397-489e-a4bc-2dc6392ab2c8:group-3F714632D1D0:LeaderElection15] INFO  server.RaftServerConfigKeys (ConfUtils.java:logGet(43)) - raft.server.log.appender.buffer.byte-limit = 33554432 (custom)
2019-08-20 22:34:24,573 [21a41a34-c397-489e-a4bc-2dc6392ab2c8:group-3F714632D1D0:LeaderElection15] INFO  server.RaftServerConfigKeys (ConfUtils.java:logGet(43)) - raft.server.log.appender.buffer.element-limit = 1 (custom)
2019-08-20 22:34:24,573 [21a41a34-c397-489e-a4bc-2dc6392ab2c8:group-3F714632D1D0:LeaderElection15] INFO  grpc.GrpcConfigKeys$Server (ConfUtils.java:logGet(43)) - raft.grpc.server.leader.outstanding.appends.max = 128 (default)
2019-08-20 22:34:24,573 [21a41a34-c397-489e-a4bc-2dc6392ab2c8:group-3F714632D1D0:LeaderElection15] INFO  server.RaftServerConfigKeys (ConfUtils.java:logGet(43)) - raft.server.rpc.request.timeout = 3000ms (default)
2019-08-20 22:34:24,573 [21a41a34-c397-489e-a4bc-2dc6392ab2c8:group-3F714632D1D0:LeaderElection15] INFO  server.RaftServerConfigKeys (ConfUtils.java:logGet(43)) - raft.server.log.appender.install.snapshot.enabled = false (custom)
2019-08-20 22:34:24,573 [21a41a34-c397-489e-a4bc-2dc6392ab2c8:group-3F714632D1D0:LeaderElection15] INFO  impl.RoleInfo (RoleInfo.java:updateAndGet(143)) - 21a41a34-c397-489e-a4bc-2dc6392ab2c8: start LeaderState
2019-08-20 22:34:24,573 [21a41a34-c397-489e-a4bc-2dc6392ab2c8:group-3F714632D1D0:LeaderElection15] INFO  segmented.SegmentedRaftLogWorker (SegmentedRaftLogWorker.java:startLogSegment(380)) - 21a41a34-c397-489e-a4bc-2dc6392ab2c8-SegmentedRaftLogWorker:Storage Directory /workdir/hadoop-ozone/integration-test/target/test-dir/MiniOzoneClusterImpl-5c06a5f5-07f4-4017-99dc-ea39d70c8a0c/datanode-1/data/ratis/0b9daab9-04c2-4e4d-ba44-3f714632d1d0: Starting segment from index:0
2019-08-20 22:34:24,574 [21a41a34-c397-489e-a4bc-2dc6392ab2c8:group-3F714632D1D0:LeaderElection15] INFO  impl.RaftServerImpl (ServerState.java:setRaftConf(361)) - 21a41a34-c397-489e-a4bc-2dc6392ab2c8:group-3F714632D1D0 set configuration 0: [e7ec4170-0245-479b-9240-9904d375c1c8:192.168.34.20:35650, b5afc41f-867e-4200-b617-9bfa9efb1cae:192.168.34.20:36252, 21a41a34-c397-489e-a4bc-2dc6392ab2c8:192.168.34.20:46113], old=null at 0
2019-08-20 22:34:24,579 [grpc-default-executor-2] INFO  impl.RaftServerImpl (ServerState.java:setLeader(263)) - e7ec4170-0245-479b-9240-9904d375c1c8:group-3F714632D1D0 change Leader from null to 21a41a34-c397-489e-a4bc-2dc6392ab2c8 at term 1 for appendEntries, leader elected after 5145ms
2019-08-20 22:34:24,581 [grpc-default-executor-0] INFO  impl.RaftServerImpl (ServerState.java:setLeader(263)) - b5afc41f-867e-4200-b617-9bfa9efb1cae:group-3F714632D1D0 change Leader from null to 21a41a34-c397-489e-a4bc-2dc6392ab2c8 at term 1 for appendEntries, leader elected after 5147ms
2019-08-20 22:34:24,585 [grpc-default-executor-0] INFO  impl.RaftServerImpl (ServerState.java:setRaftConf(361)) - e7ec4170-0245-479b-9240-9904d375c1c8:group-3F714632D1D0 set configuration 0: [e7ec4170-0245-479b-9240-9904d375c1c8:192.168.34.20:35650, b5afc41f-867e-4200-b617-9bfa9efb1cae:192.168.34.20:36252, 21a41a34-c397-489e-a4bc-2dc6392ab2c8:192.168.34.20:46113], old=null at 0
2019-08-20 22:34:24,585 [grpc-default-executor-0] INFO  segmented.SegmentedRaftLogWorker (SegmentedRaftLogWorker.java:startLogSegment(380)) - e7ec4170-0245-479b-9240-9904d375c1c8-SegmentedRaftLogWorker:Storage Directory /workdir/hadoop-ozone/integration-test/target/test-dir/MiniOzoneClusterImpl-5c06a5f5-07f4-4017-99dc-ea39d70c8a0c/datanode-2/data/ratis/0b9daab9-04c2-4e4d-ba44-3f714632d1d0: Starting segment from index:0
2019-08-20 22:34:24,586 [grpc-default-executor-2] INFO  impl.RaftServerImpl (ServerState.java:setRaftConf(361)) - b5afc41f-867e-4200-b617-9bfa9efb1cae:group-3F714632D1D0 set configuration 0: [e7ec4170-0245-479b-9240-9904d375c1c8:192.168.34.20:35650, b5afc41f-867e-4200-b617-9bfa9efb1cae:192.168.34.20:36252, 21a41a34-c397-489e-a4bc-2dc6392ab2c8:192.168.34.20:46113], old=null at 0
2019-08-20 22:34:24,586 [grpc-default-executor-2] INFO  segmented.SegmentedRaftLogWorker (SegmentedRaftLogWorker.java:startLogSegment(380)) - b5afc41f-867e-4200-b617-9bfa9efb1cae-SegmentedRaftLogWorker:Storage Directory /workdir/hadoop-ozone/integration-test/target/test-dir/MiniOzoneClusterImpl-5c06a5f5-07f4-4017-99dc-ea39d70c8a0c/datanode-0/data/ratis/0b9daab9-04c2-4e4d-ba44-3f714632d1d0: Starting segment from index:0
2019-08-20 22:34:24,618 [21a41a34-c397-489e-a4bc-2dc6392ab2c8-SegmentedRaftLogWorker:Storage Directory /workdir/hadoop-ozone/integration-test/target/test-dir/MiniOzoneClusterImpl-5c06a5f5-07f4-4017-99dc-ea39d70c8a0c/datanode-1/data/ratis/0b9daab9-04c2-4e4d-ba44-3f714632d1d0] INFO  segmented.SegmentedRaftLogWorker (SegmentedRaftLogWorker.java:execute(569)) - 21a41a34-c397-489e-a4bc-2dc6392ab2c8-SegmentedRaftLogWorker:Storage Directory /workdir/hadoop-ozone/integration-test/target/test-dir/MiniOzoneClusterImpl-5c06a5f5-07f4-4017-99dc-ea39d70c8a0c/datanode-1/data/ratis/0b9daab9-04c2-4e4d-ba44-3f714632d1d0: created new log segment /workdir/hadoop-ozone/integration-test/target/test-dir/MiniOzoneClusterImpl-5c06a5f5-07f4-4017-99dc-ea39d70c8a0c/datanode-1/data/ratis/0b9daab9-04c2-4e4d-ba44-3f714632d1d0/current/log_inprogress_0
2019-08-20 22:34:24,618 [e7ec4170-0245-479b-9240-9904d375c1c8-SegmentedRaftLogWorker:Storage Directory /workdir/hadoop-ozone/integration-test/target/test-dir/MiniOzoneClusterImpl-5c06a5f5-07f4-4017-99dc-ea39d70c8a0c/datanode-2/data/ratis/0b9daab9-04c2-4e4d-ba44-3f714632d1d0] INFO  segmented.SegmentedRaftLogWorker (SegmentedRaftLogWorker.java:execute(569)) - e7ec4170-0245-479b-9240-9904d375c1c8-SegmentedRaftLogWorker:Storage Directory /workdir/hadoop-ozone/integration-test/target/test-dir/MiniOzoneClusterImpl-5c06a5f5-07f4-4017-99dc-ea39d70c8a0c/datanode-2/data/ratis/0b9daab9-04c2-4e4d-ba44-3f714632d1d0: created new log segment /workdir/hadoop-ozone/integration-test/target/test-dir/MiniOzoneClusterImpl-5c06a5f5-07f4-4017-99dc-ea39d70c8a0c/datanode-2/data/ratis/0b9daab9-04c2-4e4d-ba44-3f714632d1d0/current/log_inprogress_0
2019-08-20 22:34:24,635 [b5afc41f-867e-4200-b617-9bfa9efb1cae-SegmentedRaftLogWorker:Storage Directory /workdir/hadoop-ozone/integration-test/target/test-dir/MiniOzoneClusterImpl-5c06a5f5-07f4-4017-99dc-ea39d70c8a0c/datanode-0/data/ratis/0b9daab9-04c2-4e4d-ba44-3f714632d1d0] INFO  segmented.SegmentedRaftLogWorker (SegmentedRaftLogWorker.java:execute(569)) - b5afc41f-867e-4200-b617-9bfa9efb1cae-SegmentedRaftLogWorker:Storage Directory /workdir/hadoop-ozone/integration-test/target/test-dir/MiniOzoneClusterImpl-5c06a5f5-07f4-4017-99dc-ea39d70c8a0c/datanode-0/data/ratis/0b9daab9-04c2-4e4d-ba44-3f714632d1d0: created new log segment /workdir/hadoop-ozone/integration-test/target/test-dir/MiniOzoneClusterImpl-5c06a5f5-07f4-4017-99dc-ea39d70c8a0c/datanode-0/data/ratis/0b9daab9-04c2-4e4d-ba44-3f714632d1d0/current/log_inprogress_0
2019-08-20 22:34:25,081 | INFO  | SCMAudit | user=jenkins1000 | ip=192.168.34.20 | op=SEND_HEARTBEAT {datanodeUUID=21a41a34-c397-489e-a4bc-2dc6392ab2c8, command=[]} | ret=SUCCESS |  
2019-08-20 22:34:25,310 | INFO  | SCMAudit | user=jenkins1000 | ip=192.168.34.20 | op=SEND_HEARTBEAT {datanodeUUID=e7ec4170-0245-479b-9240-9904d375c1c8, command=[]} | ret=SUCCESS |  
2019-08-20 22:34:25,311 [Thread-333] INFO  ozoneimpl.OzoneContainer (OzoneContainer.java:stop(199)) - Attempting to stop container services.
2019-08-20 22:34:25,312 [Thread-333] INFO  impl.RaftServerProxy (RaftServerProxy.java:lambda$close$4(314)) - b5afc41f-867e-4200-b617-9bfa9efb1cae: close
2019-08-20 22:34:25,312 [Thread-333] INFO  impl.RaftServerImpl (RaftServerImpl.java:lambda$shutdown$3(245)) - b5afc41f-867e-4200-b617-9bfa9efb1cae: shutdown group-0E2F75DDD81D
2019-08-20 22:34:25,312 [ForkJoinPool.commonPool-worker-1] INFO  impl.RaftServerImpl (RaftServerImpl.java:lambda$shutdown$3(245)) - b5afc41f-867e-4200-b617-9bfa9efb1cae: shutdown group-3F714632D1D0
2019-08-20 22:34:25,312 [Thread-333] INFO  util.JmxRegister (JmxRegister.java:unregister(73)) - Successfully un-registered JMX Bean with object name Ratis:service=RaftServer,group=group-0E2F75DDD81D,id=b5afc41f-867e-4200-b617-9bfa9efb1cae
2019-08-20 22:34:25,312 [ForkJoinPool.commonPool-worker-1] INFO  util.JmxRegister (JmxRegister.java:unregister(73)) - Successfully un-registered JMX Bean with object name Ratis:service=RaftServer,group=group-3F714632D1D0,id=b5afc41f-867e-4200-b617-9bfa9efb1cae
2019-08-20 22:34:25,313 [Thread-333] INFO  impl.RoleInfo (RoleInfo.java:shutdownLeaderState(104)) - b5afc41f-867e-4200-b617-9bfa9efb1cae: shutdown LeaderState
2019-08-20 22:34:25,313 [ForkJoinPool.commonPool-worker-1] INFO  impl.RoleInfo (RoleInfo.java:shutdownFollowerState(121)) - b5afc41f-867e-4200-b617-9bfa9efb1cae: shutdown FollowerState
2019-08-20 22:34:25,313 [Thread-333] INFO  impl.PendingRequests (PendingRequests.java:sendNotLeaderResponses(202)) - b5afc41f-867e-4200-b617-9bfa9efb1cae-PendingRequests: sendNotLeaderResponses
2019-08-20 22:34:25,313 [Thread-536] INFO  impl.FollowerState (FollowerState.java:run(114)) - b5afc41f-867e-4200-b617-9bfa9efb1cae: FollowerState was interrupted: java.lang.InterruptedException: sleep interrupted
2019-08-20 22:34:25,313 [ForkJoinPool.commonPool-worker-1] INFO  impl.StateMachineUpdater (StateMachineUpdater.java:stopAndJoin(115)) - StateMachineUpdater:b5afc41f-867e-4200-b617-9bfa9efb1cae:group-3F714632D1D0: set stopIndex = -1
2019-08-20 22:34:25,316 [Thread-333] INFO  impl.StateMachineUpdater (StateMachineUpdater.java:stopAndJoin(115)) - StateMachineUpdater:b5afc41f-867e-4200-b617-9bfa9efb1cae:group-0E2F75DDD81D: set stopIndex = 0
2019-08-20 22:34:25,322 [Thread-333] INFO  impl.RaftServerImpl (ServerState.java:close(394)) - b5afc41f-867e-4200-b617-9bfa9efb1cae:group-0E2F75DDD81D closes. The last applied log index is 0
2019-08-20 22:34:25,322 [ForkJoinPool.commonPool-worker-1] INFO  impl.RaftServerImpl (ServerState.java:close(394)) - b5afc41f-867e-4200-b617-9bfa9efb1cae:group-3F714632D1D0 closes. The last applied log index is -1
2019-08-20 22:34:25,323 [b5afc41f-867e-4200-b617-9bfa9efb1cae-SegmentedRaftLogWorker:Storage Directory /workdir/hadoop-ozone/integration-test/target/test-dir/MiniOzoneClusterImpl-5c06a5f5-07f4-4017-99dc-ea39d70c8a0c/datanode-0/data/ratis/48756d22-38a5-40c7-a80e-0e2f75ddd81d] INFO  segmented.SegmentedRaftLogWorker (SegmentedRaftLogWorker.java:run(313)) - b5afc41f-867e-4200-b617-9bfa9efb1cae-SegmentedRaftLogWorker:Storage Directory /workdir/hadoop-ozone/integration-test/target/test-dir/MiniOzoneClusterImpl-5c06a5f5-07f4-4017-99dc-ea39d70c8a0c/datanode-0/data/ratis/48756d22-38a5-40c7-a80e-0e2f75ddd81d was interrupted, exiting. There are 0 tasks remaining in the queue.
2019-08-20 22:34:25,323 [b5afc41f-867e-4200-b617-9bfa9efb1cae-SegmentedRaftLogWorker:Storage Directory /workdir/hadoop-ozone/integration-test/target/test-dir/MiniOzoneClusterImpl-5c06a5f5-07f4-4017-99dc-ea39d70c8a0c/datanode-0/data/ratis/0b9daab9-04c2-4e4d-ba44-3f714632d1d0] INFO  segmented.SegmentedRaftLogWorker (SegmentedRaftLogWorker.java:run(313)) - b5afc41f-867e-4200-b617-9bfa9efb1cae-SegmentedRaftLogWorker:Storage Directory /workdir/hadoop-ozone/integration-test/target/test-dir/MiniOzoneClusterImpl-5c06a5f5-07f4-4017-99dc-ea39d70c8a0c/datanode-0/data/ratis/0b9daab9-04c2-4e4d-ba44-3f714632d1d0 was interrupted, exiting. There are 0 tasks remaining in the queue.
2019-08-20 22:34:25,324 [Thread-333] INFO  segmented.SegmentedRaftLogWorker (SegmentedRaftLogWorker.java:close(228)) - b5afc41f-867e-4200-b617-9bfa9efb1cae-SegmentedRaftLogWorker:Storage Directory /workdir/hadoop-ozone/integration-test/target/test-dir/MiniOzoneClusterImpl-5c06a5f5-07f4-4017-99dc-ea39d70c8a0c/datanode-0/data/ratis/48756d22-38a5-40c7-a80e-0e2f75ddd81d close()
2019-08-20 22:34:25,325 [ForkJoinPool.commonPool-worker-1] INFO  segmented.SegmentedRaftLogWorker (SegmentedRaftLogWorker.java:close(228)) - b5afc41f-867e-4200-b617-9bfa9efb1cae-SegmentedRaftLogWorker:Storage Directory /workdir/hadoop-ozone/integration-test/target/test-dir/MiniOzoneClusterImpl-5c06a5f5-07f4-4017-99dc-ea39d70c8a0c/datanode-0/data/ratis/0b9daab9-04c2-4e4d-ba44-3f714632d1d0 close()
2019-08-20 22:34:25,328 [Thread-333] INFO  server.GrpcService (GrpcService.java:closeImpl(155)) - b5afc41f-867e-4200-b617-9bfa9efb1cae: shutdown server with port 36252 now
2019-08-20 22:34:25,329 [grpc-default-executor-0] WARN  server.GrpcServerProtocolService (LogUtils.java:warn(134)) - b5afc41f-867e-4200-b617-9bfa9efb1cae: appendEntries onError: org.apache.ratis.thirdparty.io.grpc.StatusRuntimeException: CANCELLED: cancelled before receiving half close
2019-08-20 22:34:25,329 [Thread-333] INFO  server.GrpcService (GrpcService.java:closeImpl(163)) - b5afc41f-867e-4200-b617-9bfa9efb1cae: shutdown server with port 36252 successfully
2019-08-20 22:34:25,330 [grpc-default-executor-2] WARN  server.GrpcLogAppender (LogUtils.java:warn(134)) - 21a41a34-c397-489e-a4bc-2dc6392ab2c8->b5afc41f-867e-4200-b617-9bfa9efb1cae: Failed appendEntries: org.apache.ratis.thirdparty.io.grpc.StatusRuntimeException: CANCELLED: HTTP/2 error code: CANCEL
Received Rst Stream
2019-08-20 22:34:25,332 [grpc-default-executor-2] INFO  impl.FollowerInfo (FollowerInfo.java:lambda$new$0(50)) - 21a41a34-c397-489e-a4bc-2dc6392ab2c8->b5afc41f-867e-4200-b617-9bfa9efb1cae: nextIndex: updateUnconditionally 1 -> 0
2019-08-20 22:34:25,332 [Thread-333] INFO  utils.BackgroundService (BackgroundService.java:shutdown(148)) - Shutting down service BlockDeletingService
2019-08-20 22:34:25,334 [refreshUsed-/workdir/hadoop-ozone/integration-test/target/test-dir/MiniOzoneClusterImpl-5c06a5f5-07f4-4017-99dc-ea39d70c8a0c/datanode-0/data/containers] WARN  fs.CachingGetSpaceUsed (CachingGetSpaceUsed.java:run(183)) - Thread Interrupted waiting to refresh disk information: sleep interrupted
2019-08-20 22:34:25,359 [Thread-333] INFO  statemachine.DatanodeStateMachine (DatanodeStateMachine.java:stopDaemon(395)) - Ozone container server stopped.
2019-08-20 22:34:25,360 [Thread-333] INFO  handler.ContextHandler (ContextHandler.java:doStop(910)) - Stopped o.e.j.w.WebAppContext@9a301c8{/,null,UNAVAILABLE}{/hddsDatanode}
2019-08-20 22:34:25,361 [Thread-333] INFO  server.AbstractConnector (AbstractConnector.java:doStop(318)) - Stopped ServerConnector@5a351f98{HTTP/1.1,[http/1.1]}{0.0.0.0:0}
2019-08-20 22:34:25,361 [Thread-333] INFO  handler.ContextHandler (ContextHandler.java:doStop(910)) - Stopped o.e.j.s.ServletContextHandler@779b328a{/static,jar:file:/home/user/.m2/repository/org/apache/hadoop/hadoop-hdds-container-service/0.5.0-SNAPSHOT/hadoop-hdds-container-service-0.5.0-SNAPSHOT.jar!/webapps/static,UNAVAILABLE}
2019-08-20 22:34:25,362 [Thread-333] INFO  handler.ContextHandler (ContextHandler.java:doStop(910)) - Stopped o.e.j.s.ServletContextHandler@31cfcc51{/logs,file:///workdir/hadoop-ozone/integration-test/target/log,UNAVAILABLE}
2019-08-20 22:34:25,363 [Thread-333] INFO  datanode.ObjectStoreHandler (ObjectStoreHandler.java:close(155)) - Closing ObjectStoreHandler.
2019-08-20 22:34:25,364 [Thread-333] INFO  ozone.HddsDatanodeService (HddsDatanodeService.java:stop(451)) - Stopped plug-in org.apache.hadoop.ozone.web.OzoneHddsDatanodeService@2e514922
2019-08-20 22:34:26,079 [Datanode State Machine Thread - 0] INFO  statemachine.DatanodeStateMachine (DatanodeStateMachine.java:lambda$startDaemon$0(350)) - Ozone container server started.
2019-08-20 22:34:26,310 | INFO  | SCMAudit | user=jenkins1000 | ip=192.168.34.20 | op=SEND_HEARTBEAT {datanodeUUID=e7ec4170-0245-479b-9240-9904d375c1c8, command=[]} | ret=SUCCESS |  
2019-08-20 22:34:27,168 [grpc-default-executor-1] WARN  server.GrpcLogAppender (LogUtils.java:warn(134)) - 21a41a34-c397-489e-a4bc-2dc6392ab2c8->b5afc41f-867e-4200-b617-9bfa9efb1cae: Failed appendEntries: org.apache.ratis.thirdparty.io.grpc.StatusRuntimeException: UNAVAILABLE: io exception
2019-08-20 22:34:27,171 [grpc-default-executor-1] INFO  impl.FollowerInfo (FollowerInfo.java:lambda$new$0(50)) - 21a41a34-c397-489e-a4bc-2dc6392ab2c8->b5afc41f-867e-4200-b617-9bfa9efb1cae: nextIndex: updateUnconditionally 0 -> 0
2019-08-20 22:34:27,311 | INFO  | SCMAudit | user=jenkins1000 | ip=192.168.34.20 | op=SEND_HEARTBEAT {datanodeUUID=e7ec4170-0245-479b-9240-9904d375c1c8, command=[]} | ret=SUCCESS |  
2019-08-20 22:34:28,312 | INFO  | SCMAudit | user=jenkins1000 | ip=192.168.34.20 | op=SEND_HEARTBEAT {datanodeUUID=e7ec4170-0245-479b-9240-9904d375c1c8, command=[]} | ret=SUCCESS |  
2019-08-20 22:34:29,313 | INFO  | SCMAudit | user=jenkins1000 | ip=192.168.34.20 | op=SEND_HEARTBEAT {datanodeUUID=e7ec4170-0245-479b-9240-9904d375c1c8, command=[]} | ret=SUCCESS |  
2019-08-20 22:34:29,671 [grpc-default-executor-0] WARN  server.GrpcLogAppender (LogUtils.java:warn(134)) - 21a41a34-c397-489e-a4bc-2dc6392ab2c8->b5afc41f-867e-4200-b617-9bfa9efb1cae: Failed appendEntries: org.apache.ratis.thirdparty.io.grpc.StatusRuntimeException: UNAVAILABLE: io exception
2019-08-20 22:34:29,673 [grpc-default-executor-0] INFO  impl.FollowerInfo (FollowerInfo.java:lambda$new$0(50)) - 21a41a34-c397-489e-a4bc-2dc6392ab2c8->b5afc41f-867e-4200-b617-9bfa9efb1cae: nextIndex: updateUnconditionally 0 -> 0
2019-08-20 22:34:30,314 | INFO  | SCMAudit | user=jenkins1000 | ip=192.168.34.20 | op=SEND_HEARTBEAT {datanodeUUID=e7ec4170-0245-479b-9240-9904d375c1c8, command=[]} | ret=SUCCESS |  
2019-08-20 22:34:30,364 [Thread-333] INFO  ozoneimpl.OzoneContainer (OzoneContainer.java:stop(199)) - Attempting to stop container services.
2019-08-20 22:34:30,365 [Thread-333] INFO  impl.RaftServerProxy (RaftServerProxy.java:lambda$close$4(314)) - 21a41a34-c397-489e-a4bc-2dc6392ab2c8: close
2019-08-20 22:34:30,365 [Thread-333] INFO  impl.RaftServerImpl (RaftServerImpl.java:lambda$shutdown$3(245)) - 21a41a34-c397-489e-a4bc-2dc6392ab2c8: shutdown group-97ECD3A78E61
2019-08-20 22:34:30,366 [Thread-333] INFO  util.JmxRegister (JmxRegister.java:unregister(73)) - Successfully un-registered JMX Bean with object name Ratis:service=RaftServer,group=group-97ECD3A78E61,id=21a41a34-c397-489e-a4bc-2dc6392ab2c8
2019-08-20 22:34:30,366 [Thread-333] INFO  impl.RoleInfo (RoleInfo.java:shutdownLeaderState(104)) - 21a41a34-c397-489e-a4bc-2dc6392ab2c8: shutdown LeaderState
2019-08-20 22:34:30,366 [Thread-333] INFO  impl.PendingRequests (PendingRequests.java:sendNotLeaderResponses(202)) - 21a41a34-c397-489e-a4bc-2dc6392ab2c8-PendingRequests: sendNotLeaderResponses
2019-08-20 22:34:30,367 [Thread-333] INFO  impl.StateMachineUpdater (StateMachineUpdater.java:stopAndJoin(115)) - StateMachineUpdater:21a41a34-c397-489e-a4bc-2dc6392ab2c8:group-97ECD3A78E61: set stopIndex = 0
2019-08-20 22:34:30,367 [Thread-333] INFO  impl.RaftServerImpl (ServerState.java:close(394)) - 21a41a34-c397-489e-a4bc-2dc6392ab2c8:group-97ECD3A78E61 closes. The last applied log index is 0
2019-08-20 22:34:30,367 [21a41a34-c397-489e-a4bc-2dc6392ab2c8-SegmentedRaftLogWorker:Storage Directory /workdir/hadoop-ozone/integration-test/target/test-dir/MiniOzoneClusterImpl-5c06a5f5-07f4-4017-99dc-ea39d70c8a0c/datanode-1/data/ratis/76950faa-821a-4fb1-94a2-97ecd3a78e61] INFO  segmented.SegmentedRaftLogWorker (SegmentedRaftLogWorker.java:run(313)) - 21a41a34-c397-489e-a4bc-2dc6392ab2c8-SegmentedRaftLogWorker:Storage Directory /workdir/hadoop-ozone/integration-test/target/test-dir/MiniOzoneClusterImpl-5c06a5f5-07f4-4017-99dc-ea39d70c8a0c/datanode-1/data/ratis/76950faa-821a-4fb1-94a2-97ecd3a78e61 was interrupted, exiting. There are 0 tasks remaining in the queue.
2019-08-20 22:34:30,894 [EventQueue-StaleNodeForStaleNodeHandler] INFO  node.StaleNodeHandler (StaleNodeHandler.java:onMessage(58)) - Datanode 21a41a34-c397-489e-a4bc-2dc6392ab2c8{ip: 192.168.34.20, host: pr-hdds-1973-9s4bv-3555888387, networkLocation: /default-rack, certSerialId: null} moved to stale state. Finalizing its pipelines [PipelineID=76950faa-821a-4fb1-94a2-97ecd3a78e61, PipelineID=0b9daab9-04c2-4e4d-ba44-3f714632d1d0]
2019-08-20 22:34:30,895 [EventQueue-StaleNodeForStaleNodeHandler] INFO  pipeline.SCMPipelineManager (SCMPipelineManager.java:finalizeAndDestroyPipeline(309)) - destroying pipeline:Pipeline[ Id: 76950faa-821a-4fb1-94a2-97ecd3a78e61, Nodes: 21a41a34-c397-489e-a4bc-2dc6392ab2c8{ip: 192.168.34.20, host: pr-hdds-1973-9s4bv-3555888387, networkLocation: /default-rack, certSerialId: null}, Type:RATIS, Factor:ONE, State:OPEN]
2019-08-20 22:34:30,895 [EventQueue-StaleNodeForStaleNodeHandler] INFO  pipeline.PipelineStateManager (PipelineStateManager.java:finalizePipeline(123)) - Pipeline Pipeline[ Id: 76950faa-821a-4fb1-94a2-97ecd3a78e61, Nodes: 21a41a34-c397-489e-a4bc-2dc6392ab2c8{ip: 192.168.34.20, host: pr-hdds-1973-9s4bv-3555888387, networkLocation: /default-rack, certSerialId: null}, Type:RATIS, Factor:ONE, State:CLOSED] moved to CLOSED state
2019-08-20 22:34:30,895 [EventQueue-StaleNodeForStaleNodeHandler] INFO  pipeline.SCMPipelineManager (SCMPipelineManager.java:finalizeAndDestroyPipeline(309)) - destroying pipeline:Pipeline[ Id: 0b9daab9-04c2-4e4d-ba44-3f714632d1d0, Nodes: 21a41a34-c397-489e-a4bc-2dc6392ab2c8{ip: 192.168.34.20, host: pr-hdds-1973-9s4bv-3555888387, networkLocation: /default-rack, certSerialId: null}b5afc41f-867e-4200-b617-9bfa9efb1cae{ip: 192.168.34.20, host: pr-hdds-1973-9s4bv-3555888387, networkLocation: /default-rack, certSerialId: null}e7ec4170-0245-479b-9240-9904d375c1c8{ip: 192.168.34.20, host: pr-hdds-1973-9s4bv-3555888387, networkLocation: /default-rack, certSerialId: null}, Type:RATIS, Factor:THREE, State:CLOSED]
2019-08-20 22:34:31,314 | INFO  | SCMAudit | user=jenkins1000 | ip=192.168.34.20 | op=SEND_HEARTBEAT {datanodeUUID=e7ec4170-0245-479b-9240-9904d375c1c8, command=[]} | ret=SUCCESS |  
2019-08-20 22:34:32,171 [grpc-default-executor-2] WARN  server.GrpcLogAppender (LogUtils.java:warn(134)) - 21a41a34-c397-489e-a4bc-2dc6392ab2c8->b5afc41f-867e-4200-b617-9bfa9efb1cae: Failed appendEntries: org.apache.ratis.thirdparty.io.grpc.StatusRuntimeException: UNAVAILABLE: io exception
2019-08-20 22:34:32,177 [grpc-default-executor-2] INFO  impl.FollowerInfo (FollowerInfo.java:lambda$new$0(50)) - 21a41a34-c397-489e-a4bc-2dc6392ab2c8->b5afc41f-867e-4200-b617-9bfa9efb1cae: nextIndex: updateUnconditionally 0 -> 0
2019-08-20 22:34:32,313 | INFO  | SCMAudit | user=jenkins1000 | ip=192.168.34.20 | op=SEND_HEARTBEAT {datanodeUUID=e7ec4170-0245-479b-9240-9904d375c1c8, command=[]} | ret=SUCCESS |  
2019-08-20 22:34:33,314 | INFO  | SCMAudit | user=jenkins1000 | ip=192.168.34.20 | op=SEND_HEARTBEAT {datanodeUUID=e7ec4170-0245-479b-9240-9904d375c1c8, command=[]} | ret=SUCCESS |  
2019-08-20 22:34:34,316 | INFO  | SCMAudit | user=jenkins1000 | ip=192.168.34.20 | op=SEND_HEARTBEAT {datanodeUUID=e7ec4170-0245-479b-9240-9904d375c1c8, command=[]} | ret=SUCCESS |  
2019-08-20 22:34:34,673 [grpc-default-executor-1] WARN  server.GrpcLogAppender (LogUtils.java:warn(134)) - 21a41a34-c397-489e-a4bc-2dc6392ab2c8->b5afc41f-867e-4200-b617-9bfa9efb1cae: Failed appendEntries: org.apache.ratis.thirdparty.io.grpc.StatusRuntimeException: UNAVAILABLE: io exception
2019-08-20 22:34:34,676 [grpc-default-executor-1] INFO  impl.FollowerInfo (FollowerInfo.java:lambda$new$0(50)) - 21a41a34-c397-489e-a4bc-2dc6392ab2c8->b5afc41f-867e-4200-b617-9bfa9efb1cae: nextIndex: updateUnconditionally 0 -> 0
2019-08-20 22:34:35,292 [Thread-333] INFO  segmented.SegmentedRaftLogWorker (SegmentedRaftLogWorker.java:close(228)) - 21a41a34-c397-489e-a4bc-2dc6392ab2c8-SegmentedRaftLogWorker:Storage Directory /workdir/hadoop-ozone/integration-test/target/test-dir/MiniOzoneClusterImpl-5c06a5f5-07f4-4017-99dc-ea39d70c8a0c/datanode-1/data/ratis/76950faa-821a-4fb1-94a2-97ecd3a78e61 close()
2019-08-20 22:34:35,300 [Thread-333] INFO  impl.RaftServerImpl (RaftServerImpl.java:lambda$shutdown$3(245)) - 21a41a34-c397-489e-a4bc-2dc6392ab2c8: shutdown group-3F714632D1D0
2019-08-20 22:34:35,300 [Thread-333] INFO  util.JmxRegister (JmxRegister.java:unregister(73)) - Successfully un-registered JMX Bean with object name Ratis:service=RaftServer,group=group-3F714632D1D0,id=21a41a34-c397-489e-a4bc-2dc6392ab2c8
2019-08-20 22:34:35,301 [Thread-333] INFO  impl.RoleInfo (RoleInfo.java:shutdownLeaderState(104)) - 21a41a34-c397-489e-a4bc-2dc6392ab2c8: shutdown LeaderState
2019-08-20 22:34:35,303 [org.apache.ratis.server.impl.LogAppender$AppenderDaemon$$Lambda$406/476818343@3f367421] WARN  server.GrpcLogAppender (GrpcLogAppender.java:mayWait(143)) - GrpcLogAppender(21a41a34-c397-489e-a4bc-2dc6392ab2c8->e7ec4170-0245-479b-9240-9904d375c1c8): Wait interrupted by java.lang.InterruptedException
2019-08-20 22:34:35,303 [org.apache.ratis.server.impl.LogAppender$AppenderDaemon$$Lambda$406/476818343@7a34eda3] WARN  server.GrpcLogAppender (GrpcLogAppender.java:mayWait(143)) - GrpcLogAppender(21a41a34-c397-489e-a4bc-2dc6392ab2c8->b5afc41f-867e-4200-b617-9bfa9efb1cae): Wait interrupted by java.lang.InterruptedException
2019-08-20 22:34:35,303 [Thread-333] INFO  impl.PendingRequests (PendingRequests.java:sendNotLeaderResponses(202)) - 21a41a34-c397-489e-a4bc-2dc6392ab2c8-PendingRequests: sendNotLeaderResponses
2019-08-20 22:34:35,304 [Thread-333] INFO  impl.StateMachineUpdater (StateMachineUpdater.java:stopAndJoin(115)) - StateMachineUpdater:21a41a34-c397-489e-a4bc-2dc6392ab2c8:group-3F714632D1D0: set stopIndex = 0
2019-08-20 22:34:35,305 [Thread-333] INFO  impl.RaftServerImpl (ServerState.java:close(394)) - 21a41a34-c397-489e-a4bc-2dc6392ab2c8:group-3F714632D1D0 closes. The last applied log index is 0
2019-08-20 22:34:35,305 [grpc-default-executor-1] INFO  server.GrpcServerProtocolService (GrpcServerProtocolService.java:onCompleted(104)) - e7ec4170-0245-479b-9240-9904d375c1c8: appendEntries completed
2019-08-20 22:34:35,305 [21a41a34-c397-489e-a4bc-2dc6392ab2c8-SegmentedRaftLogWorker:Storage Directory /workdir/hadoop-ozone/integration-test/target/test-dir/MiniOzoneClusterImpl-5c06a5f5-07f4-4017-99dc-ea39d70c8a0c/datanode-1/data/ratis/0b9daab9-04c2-4e4d-ba44-3f714632d1d0] INFO  segmented.SegmentedRaftLogWorker (SegmentedRaftLogWorker.java:run(313)) - 21a41a34-c397-489e-a4bc-2dc6392ab2c8-SegmentedRaftLogWorker:Storage Directory /workdir/hadoop-ozone/integration-test/target/test-dir/MiniOzoneClusterImpl-5c06a5f5-07f4-4017-99dc-ea39d70c8a0c/datanode-1/data/ratis/0b9daab9-04c2-4e4d-ba44-3f714632d1d0 was interrupted, exiting. There are 0 tasks remaining in the queue.
2019-08-20 22:34:35,307 [Thread-333] INFO  segmented.SegmentedRaftLogWorker (SegmentedRaftLogWorker.java:close(228)) - 21a41a34-c397-489e-a4bc-2dc6392ab2c8-SegmentedRaftLogWorker:Storage Directory /workdir/hadoop-ozone/integration-test/target/test-dir/MiniOzoneClusterImpl-5c06a5f5-07f4-4017-99dc-ea39d70c8a0c/datanode-1/data/ratis/0b9daab9-04c2-4e4d-ba44-3f714632d1d0 close()
2019-08-20 22:34:35,309 [Thread-333] INFO  server.GrpcService (GrpcService.java:closeImpl(155)) - 21a41a34-c397-489e-a4bc-2dc6392ab2c8: shutdown server with port 46113 now
2019-08-20 22:34:35,309 [grpc-default-executor-1] INFO  server.GrpcLogAppender (GrpcLogAppender.java:onCompleted(292)) - 21a41a34-c397-489e-a4bc-2dc6392ab2c8->e7ec4170-0245-479b-9240-9904d375c1c8: follower responses appendEntries COMPLETED
2019-08-20 22:34:35,309 [Thread-333] INFO  server.GrpcService (GrpcService.java:closeImpl(163)) - 21a41a34-c397-489e-a4bc-2dc6392ab2c8: shutdown server with port 46113 successfully
2019-08-20 22:34:35,310 [grpc-default-executor-1] INFO  impl.FollowerInfo (FollowerInfo.java:lambda$new$0(50)) - 21a41a34-c397-489e-a4bc-2dc6392ab2c8->e7ec4170-0245-479b-9240-9904d375c1c8: nextIndex: updateUnconditionally 1 -> 0
2019-08-20 22:34:35,312 [Thread-333] INFO  utils.BackgroundService (BackgroundService.java:shutdown(148)) - Shutting down service BlockDeletingService
2019-08-20 22:34:35,317 [refreshUsed-/workdir/hadoop-ozone/integration-test/target/test-dir/MiniOzoneClusterImpl-5c06a5f5-07f4-4017-99dc-ea39d70c8a0c/datanode-1/data/containers] WARN  fs.CachingGetSpaceUsed (CachingGetSpaceUsed.java:run(183)) - Thread Interrupted waiting to refresh disk information: sleep interrupted
2019-08-20 22:34:35,317 | INFO  | SCMAudit | user=jenkins1000 | ip=192.168.34.20 | op=SEND_HEARTBEAT {datanodeUUID=e7ec4170-0245-479b-9240-9904d375c1c8, command=[]} | ret=SUCCESS |  
2019-08-20 22:34:35,339 [Thread-333] INFO  statemachine.DatanodeStateMachine (DatanodeStateMachine.java:stopDaemon(395)) - Ozone container server stopped.
2019-08-20 22:34:35,340 [Thread-333] INFO  handler.ContextHandler (ContextHandler.java:doStop(910)) - Stopped o.e.j.w.WebAppContext@264eed15{/,null,UNAVAILABLE}{/hddsDatanode}
2019-08-20 22:34:35,341 [Thread-333] INFO  server.AbstractConnector (AbstractConnector.java:doStop(318)) - Stopped ServerConnector@39802676{HTTP/1.1,[http/1.1]}{0.0.0.0:0}
2019-08-20 22:34:35,342 [Thread-333] INFO  handler.ContextHandler (ContextHandler.java:doStop(910)) - Stopped o.e.j.s.ServletContextHandler@148e5763{/static,jar:file:/home/user/.m2/repository/org/apache/hadoop/hadoop-hdds-container-service/0.5.0-SNAPSHOT/hadoop-hdds-container-service-0.5.0-SNAPSHOT.jar!/webapps/static,UNAVAILABLE}
2019-08-20 22:34:35,342 [Thread-333] INFO  handler.ContextHandler (ContextHandler.java:doStop(910)) - Stopped o.e.j.s.ServletContextHandler@23dd2ba4{/logs,file:///workdir/hadoop-ozone/integration-test/target/log,UNAVAILABLE}
2019-08-20 22:34:35,343 [Thread-333] INFO  datanode.ObjectStoreHandler (ObjectStoreHandler.java:close(155)) - Closing ObjectStoreHandler.
2019-08-20 22:34:35,344 [Thread-333] INFO  ozone.HddsDatanodeService (HddsDatanodeService.java:stop(451)) - Stopped plug-in org.apache.hadoop.ozone.web.OzoneHddsDatanodeService@1de38da4
2019-08-20 22:34:36,314 [Datanode State Machine Thread - 0] INFO  statemachine.DatanodeStateMachine (DatanodeStateMachine.java:lambda$startDaemon$0(350)) - Ozone container server started.
2019-08-20 22:34:40,345 [Thread-333] INFO  ozoneimpl.OzoneContainer (OzoneContainer.java:stop(199)) - Attempting to stop container services.
2019-08-20 22:34:40,346 [Thread-333] INFO  impl.RaftServerProxy (RaftServerProxy.java:lambda$close$4(314)) - e7ec4170-0245-479b-9240-9904d375c1c8: close
2019-08-20 22:34:40,346 [Thread-333] INFO  impl.RaftServerImpl (RaftServerImpl.java:lambda$shutdown$3(245)) - e7ec4170-0245-479b-9240-9904d375c1c8: shutdown group-3F714632D1D0
2019-08-20 22:34:40,347 [Thread-333] INFO  util.JmxRegister (JmxRegister.java:unregister(73)) - Successfully un-registered JMX Bean with object name Ratis:service=RaftServer,group=group-3F714632D1D0,id=e7ec4170-0245-479b-9240-9904d375c1c8
2019-08-20 22:34:40,347 [Thread-333] INFO  impl.RoleInfo (RoleInfo.java:shutdownFollowerState(121)) - e7ec4170-0245-479b-9240-9904d375c1c8: shutdown FollowerState
2019-08-20 22:34:40,347 [Thread-333] INFO  impl.StateMachineUpdater (StateMachineUpdater.java:stopAndJoin(115)) - StateMachineUpdater:e7ec4170-0245-479b-9240-9904d375c1c8:group-3F714632D1D0: set stopIndex = 0
2019-08-20 22:34:40,347 [Thread-535] INFO  impl.FollowerState (FollowerState.java:run(114)) - e7ec4170-0245-479b-9240-9904d375c1c8: FollowerState was interrupted: java.lang.InterruptedException: sleep interrupted
2019-08-20 22:34:40,348 [Thread-333] INFO  impl.RaftServerImpl (ServerState.java:close(394)) - e7ec4170-0245-479b-9240-9904d375c1c8:group-3F714632D1D0 closes. The last applied log index is 0
2019-08-20 22:34:40,349 [e7ec4170-0245-479b-9240-9904d375c1c8-SegmentedRaftLogWorker:Storage Directory /workdir/hadoop-ozone/integration-test/target/test-dir/MiniOzoneClusterImpl-5c06a5f5-07f4-4017-99dc-ea39d70c8a0c/datanode-2/data/ratis/0b9daab9-04c2-4e4d-ba44-3f714632d1d0] INFO  segmented.SegmentedRaftLogWorker (SegmentedRaftLogWorker.java:run(313)) - e7ec4170-0245-479b-9240-9904d375c1c8-SegmentedRaftLogWorker:Storage Directory /workdir/hadoop-ozone/integration-test/target/test-dir/MiniOzoneClusterImpl-5c06a5f5-07f4-4017-99dc-ea39d70c8a0c/datanode-2/data/ratis/0b9daab9-04c2-4e4d-ba44-3f714632d1d0 was interrupted, exiting. There are 0 tasks remaining in the queue.
2019-08-20 22:34:40,354 [Thread-333] INFO  segmented.SegmentedRaftLogWorker (SegmentedRaftLogWorker.java:close(228)) - e7ec4170-0245-479b-9240-9904d375c1c8-SegmentedRaftLogWorker:Storage Directory /workdir/hadoop-ozone/integration-test/target/test-dir/MiniOzoneClusterImpl-5c06a5f5-07f4-4017-99dc-ea39d70c8a0c/datanode-2/data/ratis/0b9daab9-04c2-4e4d-ba44-3f714632d1d0 close()
2019-08-20 22:34:40,355 [Thread-333] INFO  impl.RaftServerImpl (RaftServerImpl.java:lambda$shutdown$3(245)) - e7ec4170-0245-479b-9240-9904d375c1c8: shutdown group-A347657FEF44
2019-08-20 22:34:40,356 [Thread-333] INFO  util.JmxRegister (JmxRegister.java:unregister(73)) - Successfully un-registered JMX Bean with object name Ratis:service=RaftServer,group=group-A347657FEF44,id=e7ec4170-0245-479b-9240-9904d375c1c8
2019-08-20 22:34:40,356 [Thread-333] INFO  impl.RoleInfo (RoleInfo.java:shutdownLeaderState(104)) - e7ec4170-0245-479b-9240-9904d375c1c8: shutdown LeaderState
2019-08-20 22:34:40,356 [Thread-333] INFO  impl.PendingRequests (PendingRequests.java:sendNotLeaderResponses(202)) - e7ec4170-0245-479b-9240-9904d375c1c8-PendingRequests: sendNotLeaderResponses
2019-08-20 22:34:40,357 [Thread-333] INFO  impl.StateMachineUpdater (StateMachineUpdater.java:stopAndJoin(115)) - StateMachineUpdater:e7ec4170-0245-479b-9240-9904d375c1c8:group-A347657FEF44: set stopIndex = 0
2019-08-20 22:34:40,357 [Thread-333] INFO  impl.RaftServerImpl (ServerState.java:close(394)) - e7ec4170-0245-479b-9240-9904d375c1c8:group-A347657FEF44 closes. The last applied log index is 0
2019-08-20 22:34:40,357 [e7ec4170-0245-479b-9240-9904d375c1c8-SegmentedRaftLogWorker:Storage Directory /workdir/hadoop-ozone/integration-test/target/test-dir/MiniOzoneClusterImpl-5c06a5f5-07f4-4017-99dc-ea39d70c8a0c/datanode-2/data/ratis/e10cb29e-7dd9-40ca-b3e0-a347657fef44] INFO  segmented.SegmentedRaftLogWorker (SegmentedRaftLogWorker.java:run(313)) - e7ec4170-0245-479b-9240-9904d375c1c8-SegmentedRaftLogWorker:Storage Directory /workdir/hadoop-ozone/integration-test/target/test-dir/MiniOzoneClusterImpl-5c06a5f5-07f4-4017-99dc-ea39d70c8a0c/datanode-2/data/ratis/e10cb29e-7dd9-40ca-b3e0-a347657fef44 was interrupted, exiting. There are 0 tasks remaining in the queue.
2019-08-20 22:34:40,358 [Thread-333] INFO  segmented.SegmentedRaftLogWorker (SegmentedRaftLogWorker.java:close(228)) - e7ec4170-0245-479b-9240-9904d375c1c8-SegmentedRaftLogWorker:Storage Directory /workdir/hadoop-ozone/integration-test/target/test-dir/MiniOzoneClusterImpl-5c06a5f5-07f4-4017-99dc-ea39d70c8a0c/datanode-2/data/ratis/e10cb29e-7dd9-40ca-b3e0-a347657fef44 close()
2019-08-20 22:34:40,360 [Thread-333] INFO  server.GrpcService (GrpcService.java:closeImpl(155)) - e7ec4170-0245-479b-9240-9904d375c1c8: shutdown server with port 35650 now
2019-08-20 22:34:40,360 [Thread-333] INFO  server.GrpcService (GrpcService.java:closeImpl(163)) - e7ec4170-0245-479b-9240-9904d375c1c8: shutdown server with port 35650 successfully
2019-08-20 22:34:40,362 [Thread-333] INFO  utils.BackgroundService (BackgroundService.java:shutdown(148)) - Shutting down service BlockDeletingService
2019-08-20 22:34:40,366 [refreshUsed-/workdir/hadoop-ozone/integration-test/target/test-dir/MiniOzoneClusterImpl-5c06a5f5-07f4-4017-99dc-ea39d70c8a0c/datanode-2/data/containers] WARN  fs.CachingGetSpaceUsed (CachingGetSpaceUsed.java:run(183)) - Thread Interrupted waiting to refresh disk information: sleep interrupted
2019-08-20 22:34:40,389 [Thread-333] INFO  statemachine.DatanodeStateMachine (DatanodeStateMachine.java:stopDaemon(395)) - Ozone container server stopped.
2019-08-20 22:34:40,391 [Thread-333] INFO  handler.ContextHandler (ContextHandler.java:doStop(910)) - Stopped o.e.j.w.WebAppContext@1542ce2a{/,null,UNAVAILABLE}{/hddsDatanode}
2019-08-20 22:34:40,391 [Thread-333] INFO  server.AbstractConnector (AbstractConnector.java:doStop(318)) - Stopped ServerConnector@46d63129{HTTP/1.1,[http/1.1]}{0.0.0.0:0}
2019-08-20 22:34:40,392 [Thread-333] INFO  handler.ContextHandler (ContextHandler.java:doStop(910)) - Stopped o.e.j.s.ServletContextHandler@2bd351df{/static,jar:file:/home/user/.m2/repository/org/apache/hadoop/hadoop-hdds-container-service/0.5.0-SNAPSHOT/hadoop-hdds-container-service-0.5.0-SNAPSHOT.jar!/webapps/static,UNAVAILABLE}
2019-08-20 22:34:40,392 [Thread-333] INFO  handler.ContextHandler (ContextHandler.java:doStop(910)) - Stopped o.e.j.s.ServletContextHandler@1b2c83b1{/logs,file:///workdir/hadoop-ozone/integration-test/target/log,UNAVAILABLE}
2019-08-20 22:34:40,397 [Thread-333] INFO  impl.MetricsSystemImpl (MetricsSystemImpl.java:init(158)) - HddsDatanode metrics system started (again)
2019-08-20 22:34:40,452 [Thread-333] INFO  ozone.HddsDatanodeService (HddsDatanodeService.java:start(184)) - HddsDatanodeService host:pr-hdds-1973-9s4bv-3555888387 ip:192.168.34.20
2019-08-20 22:34:40,456 [Thread-333] INFO  volume.VolumeUsage (VolumeUsage.java:loadScmUsed(144)) - Cached ScmUsed found for /workdir/hadoop-ozone/integration-test/target/test-dir/MiniOzoneClusterImpl-5c06a5f5-07f4-4017-99dc-ea39d70c8a0c/datanode-0/data/containers : 4096 
2019-08-20 22:34:40,456 [Thread-333] INFO  volume.HddsVolume (HddsVolume.java:<init>(176)) - Creating Volume: /workdir/hadoop-ozone/integration-test/target/test-dir/MiniOzoneClusterImpl-5c06a5f5-07f4-4017-99dc-ea39d70c8a0c/datanode-0/data/containers/hdds of  storage type : DISK and capacity : 1482555576320
2019-08-20 22:34:40,457 [Thread-333] INFO  volume.VolumeSet (VolumeSet.java:initializeVolumeSet(170)) - Added Volume : /workdir/hadoop-ozone/integration-test/target/test-dir/MiniOzoneClusterImpl-5c06a5f5-07f4-4017-99dc-ea39d70c8a0c/datanode-0/data/containers/hdds to VolumeSet
2019-08-20 22:34:40,457 [Thread-333] INFO  volume.ThrottledAsyncChecker (ThrottledAsyncChecker.java:schedule(140)) - Scheduling a check for org.apache.hadoop.ozone.container.common.volume.HddsVolume@4735ab01
2019-08-20 22:34:40,458 [Thread-333] INFO  volume.HddsVolumeChecker (HddsVolumeChecker.java:checkAllVolumes(203)) - Scheduled health check for volume org.apache.hadoop.ozone.container.common.volume.HddsVolume@4735ab01
2019-08-20 22:34:40,482 [Thread-333] INFO  impl.RaftServerProxy (ConfUtils.java:logGet(43)) - raft.rpc.type = GRPC (default)
2019-08-20 22:34:40,482 [Thread-333] INFO  grpc.GrpcFactory (GrpcFactory.java:checkPooledByteBufAllocatorUseCacheForAllThreads(45)) - PERFORMANCE WARNING: useCacheForAllThreads is true that may cause Netty to create a lot garbage objects and, as a result, trigger GC.
	It is recommended to disable useCacheForAllThreads by setting -Dorg.apache.ratis.thirdparty.io.netty.allocator.useCacheForAllThreads=false in command line.
2019-08-20 22:34:40,482 [Thread-333] INFO  grpc.GrpcConfigKeys$Server (ConfUtils.java:logGet(43)) - raft.grpc.server.port = 36252 (custom)
2019-08-20 22:34:40,483 [Thread-333] INFO  server.GrpcService (ConfUtils.java:logGet(43)) - raft.grpc.message.size.max = 33570816 (custom)
2019-08-20 22:34:40,483 [Thread-333] INFO  server.RaftServerConfigKeys (ConfUtils.java:logGet(43)) - raft.server.log.appender.buffer.byte-limit = 33554432 (custom)
2019-08-20 22:34:40,483 [Thread-333] INFO  server.GrpcService (ConfUtils.java:logGet(43)) - raft.grpc.flow.control.window = 1MB (=1048576) (default)
2019-08-20 22:34:40,483 [Thread-333] INFO  server.RaftServerConfigKeys (ConfUtils.java:logGet(43)) - raft.server.rpc.request.timeout = 3000ms (default)
2019-08-20 22:34:40,484 [Thread-333] INFO  server.RaftServerConfigKeys (ConfUtils.java:logGet(43)) - raft.server.storage.dir = [/workdir/hadoop-ozone/integration-test/target/test-dir/MiniOzoneClusterImpl-5c06a5f5-07f4-4017-99dc-ea39d70c8a0c/datanode-0/data/ratis] (custom)
2019-08-20 22:34:40,484 [Thread-333] INFO  impl.RaftServerProxy (RaftServerProxy.java:lambda$null$0(191)) - b5afc41f-867e-4200-b617-9bfa9efb1cae: found a subdirectory /workdir/hadoop-ozone/integration-test/target/test-dir/MiniOzoneClusterImpl-5c06a5f5-07f4-4017-99dc-ea39d70c8a0c/datanode-0/data/ratis/48756d22-38a5-40c7-a80e-0e2f75ddd81d
2019-08-20 22:34:40,486 [Thread-333] INFO  impl.RaftServerProxy (RaftServerProxy.java:addNew(89)) - b5afc41f-867e-4200-b617-9bfa9efb1cae: addNew group-0E2F75DDD81D:[] returns group-0E2F75DDD81D:java.util.concurrent.CompletableFuture@44d9829[Not completed]
2019-08-20 22:34:40,486 [Thread-333] INFO  impl.RaftServerProxy (RaftServerProxy.java:lambda$null$0(191)) - b5afc41f-867e-4200-b617-9bfa9efb1cae: found a subdirectory /workdir/hadoop-ozone/integration-test/target/test-dir/MiniOzoneClusterImpl-5c06a5f5-07f4-4017-99dc-ea39d70c8a0c/datanode-0/data/ratis/0b9daab9-04c2-4e4d-ba44-3f714632d1d0
2019-08-20 22:34:40,486 [Thread-333] INFO  impl.RaftServerProxy (RaftServerProxy.java:addNew(89)) - b5afc41f-867e-4200-b617-9bfa9efb1cae: addNew group-3F714632D1D0:[] returns group-3F714632D1D0:java.util.concurrent.CompletableFuture@7d1344a5[Not completed]
2019-08-20 22:34:40,487 [Thread-333] INFO  replication.SimpleContainerDownloader (SimpleContainerDownloader.java:<init>(72)) - Starting container downloader service to copy containers to replicate.
2019-08-20 22:34:40,488 [pool-148-thread-1] INFO  impl.RaftServerImpl (RaftServerImpl.java:<init>(93)) - b5afc41f-867e-4200-b617-9bfa9efb1cae: new RaftServerImpl for group-0E2F75DDD81D:[] with ContainerStateMachine:uninitialized
2019-08-20 22:34:40,488 [Thread-333] INFO  hdfs.DFSUtil (DFSUtil.java:httpServerTemplateForNNAndJN(1641)) - Starting Web-server for hddsDatanode at: http://0.0.0.0:34073
2019-08-20 22:34:40,489 [pool-148-thread-1] INFO  server.RaftServerConfigKeys (ConfUtils.java:logGet(43)) - raft.server.rpc.timeout.min = 5s (custom)
2019-08-20 22:34:40,489 [pool-148-thread-1] INFO  server.RaftServerConfigKeys (ConfUtils.java:logGet(43)) - raft.server.rpc.timeout.max = 5200ms (custom)
2019-08-20 22:34:40,489 [pool-148-thread-1] INFO  server.RaftServerConfigKeys (ConfUtils.java:logGet(43)) - raft.server.rpcslowness.timeout = 120s (custom)
2019-08-20 22:34:40,489 [pool-148-thread-1] INFO  server.RaftServerConfigKeys (ConfUtils.java:logGet(43)) - raft.server.sleep.deviation.threshold = 300 (default)
2019-08-20 22:34:40,490 [pool-148-thread-1] INFO  server.RaftServerConfigKeys (ConfUtils.java:logGet(43)) - raft.server.log.appender.install.snapshot.enabled = false (custom)
2019-08-20 22:34:40,490 [pool-148-thread-1] INFO  impl.RaftServerImpl (ServerState.java:<init>(105)) - b5afc41f-867e-4200-b617-9bfa9efb1cae:group-0E2F75DDD81D ConfigurationManager, init=-1: [], old=null, confs=<EMPTY_MAP>
2019-08-20 22:34:40,490 [pool-148-thread-1] INFO  server.RaftServerConfigKeys (ConfUtils.java:logGet(43)) - raft.server.storage.dir = [/workdir/hadoop-ozone/integration-test/target/test-dir/MiniOzoneClusterImpl-5c06a5f5-07f4-4017-99dc-ea39d70c8a0c/datanode-0/data/ratis] (custom)
2019-08-20 22:34:40,491 [Thread-333] INFO  server.AuthenticationFilter (AuthenticationFilter.java:constructSecretProvider(240)) - Unable to initialize FileSignerSecretProvider, falling back to use random secrets.
2019-08-20 22:34:40,492 [Thread-333] WARN  http.HttpRequestLog (HttpRequestLog.java:getRequestLog(97)) - Jetty request log can only be enabled using Log4j
2019-08-20 22:34:40,494 [Thread-333] INFO  http.HttpServer2 (HttpServer2.java:addGlobalFilter(975)) - Added global filter 'safety' (class=org.apache.hadoop.http.HttpServer2$QuotingInputFilter)
2019-08-20 22:34:40,495 [Thread-333] INFO  http.HttpServer2 (HttpServer2.java:addFilter(948)) - Added filter static_user_filter (class=org.apache.hadoop.http.lib.StaticUserWebFilter$StaticUserFilter) to context hddsDatanode
2019-08-20 22:34:40,495 [Thread-333] INFO  http.HttpServer2 (HttpServer2.java:addFilter(958)) - Added filter static_user_filter (class=org.apache.hadoop.http.lib.StaticUserWebFilter$StaticUserFilter) to context logs
2019-08-20 22:34:40,495 [Thread-333] INFO  http.HttpServer2 (HttpServer2.java:addFilter(958)) - Added filter static_user_filter (class=org.apache.hadoop.http.lib.StaticUserWebFilter$StaticUserFilter) to context static
2019-08-20 22:34:40,496 [Thread-333] INFO  http.HttpServer2 (HttpServer2.java:bindListener(1191)) - Jetty bound to port 34073
2019-08-20 22:34:40,497 [Thread-333] INFO  server.Server (Server.java:doStart(351)) - jetty-9.3.24.v20180605, build timestamp: 2018-06-05T17:11:56Z, git hash: 84205aa28f11a4f31f2a3b86d1bba2cc8ab69827
2019-08-20 22:34:40,499 [Thread-333] INFO  handler.ContextHandler (ContextHandler.java:doStart(781)) - Started o.e.j.s.ServletContextHandler@108707f2{/logs,file:///workdir/hadoop-ozone/integration-test/target/log,AVAILABLE}
2019-08-20 22:34:40,500 [Thread-333] INFO  handler.ContextHandler (ContextHandler.java:doStart(781)) - Started o.e.j.s.ServletContextHandler@7df9a4ff{/static,jar:file:/home/user/.m2/repository/org/apache/hadoop/hadoop-hdds-container-service/0.5.0-SNAPSHOT/hadoop-hdds-container-service-0.5.0-SNAPSHOT.jar!/webapps/static,AVAILABLE}
2019-08-20 22:34:40,503 [pool-148-thread-1] INFO  storage.RaftStorageDirectory (RaftStorageDirectory.java:tryLock(328)) - Lock on /workdir/hadoop-ozone/integration-test/target/test-dir/MiniOzoneClusterImpl-5c06a5f5-07f4-4017-99dc-ea39d70c8a0c/datanode-0/data/ratis/48756d22-38a5-40c7-a80e-0e2f75ddd81d/in_use.lock acquired by nodename 22484@pr-hdds-1973-9s4bv-3555888387
2019-08-20 22:34:40,505 [pool-148-thread-1] INFO  ratis.ContainerStateMachine (ContainerStateMachine.java:loadSnapshot(222)) - group-0E2F75DDD81D: The snapshot info is null. Setting the last applied indexto:(t:0, i:~)
2019-08-20 22:34:40,505 [pool-148-thread-1] INFO  server.RaftServerConfigKeys (ConfUtils.java:logGet(43)) - raft.server.leader.election.timeout = 120s (custom)
2019-08-20 22:34:40,505 [pool-148-thread-1] INFO  server.RaftServerConfigKeys (ConfUtils.java:logGet(43)) - raft.server.log.use.memory = false (default)
2019-08-20 22:34:40,505 [pool-148-thread-1] INFO  server.RaftServerConfigKeys (ConfUtils.java:logGet(43)) - raft.server.log.purge.gap = 1000000 (custom)
2019-08-20 22:34:40,506 [pool-148-thread-1] INFO  server.RaftServerConfigKeys (ConfUtils.java:logGet(43)) - raft.server.log.appender.buffer.byte-limit = 33554432 (custom)
2019-08-20 22:34:40,506 [pool-148-thread-1] INFO  server.RaftServerConfigKeys (ConfUtils.java:logGet(43)) - raft.server.log.segment.size.max = 1048576 (custom)
2019-08-20 22:34:40,506 [pool-148-thread-1] INFO  server.RaftServerConfigKeys (ConfUtils.java:logGet(43)) - raft.server.log.segment.cache.num.max = 2 (custom)
2019-08-20 22:34:40,506 [pool-148-thread-1] INFO  segmented.SegmentedRaftLogWorker (SegmentedRaftLogWorker.java:<init>(172)) - new b5afc41f-867e-4200-b617-9bfa9efb1cae-SegmentedRaftLogWorker:Storage Directory /workdir/hadoop-ozone/integration-test/target/test-dir/MiniOzoneClusterImpl-5c06a5f5-07f4-4017-99dc-ea39d70c8a0c/datanode-0/data/ratis/48756d22-38a5-40c7-a80e-0e2f75ddd81d for RaftStorage:Storage Directory /workdir/hadoop-ozone/integration-test/target/test-dir/MiniOzoneClusterImpl-5c06a5f5-07f4-4017-99dc-ea39d70c8a0c/datanode-0/data/ratis/48756d22-38a5-40c7-a80e-0e2f75ddd81d
2019-08-20 22:34:40,507 [pool-148-thread-1] INFO  server.RaftServerConfigKeys (ConfUtils.java:logGet(43)) - raft.server.log.queue.byte-limit = 2147483647 (custom)
2019-08-20 22:34:40,507 [pool-148-thread-1] INFO  server.RaftServerConfigKeys (ConfUtils.java:logGet(43)) - raft.server.log.queue.element-limit = 1024 (custom)
2019-08-20 22:34:40,507 [pool-148-thread-1] INFO  server.RaftServerConfigKeys (ConfUtils.java:logGet(43)) - raft.server.log.segment.size.max = 1048576 (custom)
2019-08-20 22:34:40,507 [pool-148-thread-1] INFO  server.RaftServerConfigKeys (ConfUtils.java:logGet(43)) - raft.server.log.preallocated.size = 16384 (custom)
2019-08-20 22:34:40,508 [pool-148-thread-1] INFO  server.RaftServerConfigKeys (ConfUtils.java:logGet(43)) - raft.server.log.write.buffer.size = 33554432 (custom)
2019-08-20 22:34:40,508 [pool-148-thread-1] INFO  server.RaftServerConfigKeys (ConfUtils.java:logGet(43)) - raft.server.log.force.sync.num = 128 (default)
2019-08-20 22:34:40,508 [pool-148-thread-1] INFO  server.RaftServerConfigKeys (ConfUtils.java:logGet(43)) - raft.server.log.statemachine.data.sync = true (default)
2019-08-20 22:34:40,508 [pool-148-thread-1] INFO  server.RaftServerConfigKeys (ConfUtils.java:logGet(43)) - raft.server.log.statemachine.data.sync.timeout = 10s (default)
2019-08-20 22:34:40,508 [pool-148-thread-1] INFO  server.RaftServerConfigKeys (ConfUtils.java:logGet(43)) - raft.server.log.statemachine.data.sync.timeout.retry = -1 (default)
2019-08-20 22:34:40,509 [pool-148-thread-1] INFO  server.RaftServerConfigKeys (ConfUtils.java:logGet(43)) - raft.server.log.statemachine.data.caching.enabled = true (custom)
2019-08-20 22:34:40,518 [pool-148-thread-1] INFO  impl.RaftServerImpl (ServerState.java:setRaftConf(361)) - b5afc41f-867e-4200-b617-9bfa9efb1cae:group-0E2F75DDD81D set configuration 0: [b5afc41f-867e-4200-b617-9bfa9efb1cae:192.168.34.20:36252], old=null at 0
2019-08-20 22:34:40,519 [pool-148-thread-1] INFO  segmented.LogSegment (LogSegment.java:loadSegment(145)) - Successfully read 1 entries from segment file /workdir/hadoop-ozone/integration-test/target/test-dir/MiniOzoneClusterImpl-5c06a5f5-07f4-4017-99dc-ea39d70c8a0c/datanode-0/data/ratis/48756d22-38a5-40c7-a80e-0e2f75ddd81d/current/log_inprogress_0
2019-08-20 22:34:40,519 [pool-148-thread-1] INFO  segmented.SegmentedRaftLogWorker (SegmentedRaftLogWorker.java:lambda$new$0(132)) - b5afc41f-867e-4200-b617-9bfa9efb1cae-SegmentedRaftLogWorker:Storage Directory /workdir/hadoop-ozone/integration-test/target/test-dir/MiniOzoneClusterImpl-5c06a5f5-07f4-4017-99dc-ea39d70c8a0c/datanode-0/data/ratis/48756d22-38a5-40c7-a80e-0e2f75ddd81d: flushIndex: setUnconditionally 0 -> 0
2019-08-20 22:34:40,534 [pool-148-thread-1] INFO  server.RaftServerConfigKeys (ConfUtils.java:logGet(43)) - raft.server.snapshot.auto.trigger.enabled = true (custom)
2019-08-20 22:34:40,534 [pool-148-thread-1] INFO  server.RaftServerConfigKeys (ConfUtils.java:logGet(43)) - raft.server.snapshot.auto.trigger.threshold = 10000 (custom)
2019-08-20 22:34:40,535 [pool-148-thread-1] INFO  server.RaftServerConfigKeys (ConfUtils.java:logGet(43)) - raft.server.retrycache.expirytime = 600000ms (custom)
2019-08-20 22:34:40,537 [pool-148-thread-1] INFO  impl.RaftServerImpl (RaftServerImpl.java:<init>(93)) - b5afc41f-867e-4200-b617-9bfa9efb1cae: new RaftServerImpl for group-3F714632D1D0:[] with ContainerStateMachine:uninitialized
2019-08-20 22:34:40,537 [pool-148-thread-1] INFO  server.RaftServerConfigKeys (ConfUtils.java:logGet(43)) - raft.server.rpc.timeout.min = 5s (custom)
2019-08-20 22:34:40,538 [pool-148-thread-1] INFO  server.RaftServerConfigKeys (ConfUtils.java:logGet(43)) - raft.server.rpc.timeout.max = 5200ms (custom)
2019-08-20 22:34:40,538 [pool-148-thread-1] INFO  server.RaftServerConfigKeys (ConfUtils.java:logGet(43)) - raft.server.rpcslowness.timeout = 120s (custom)
2019-08-20 22:34:40,538 [pool-148-thread-1] INFO  server.RaftServerConfigKeys (ConfUtils.java:logGet(43)) - raft.server.sleep.deviation.threshold = 300 (default)
2019-08-20 22:34:40,538 [pool-148-thread-1] INFO  server.RaftServerConfigKeys (ConfUtils.java:logGet(43)) - raft.server.log.appender.install.snapshot.enabled = false (custom)
2019-08-20 22:34:40,538 [pool-148-thread-1] INFO  impl.RaftServerImpl (ServerState.java:<init>(105)) - b5afc41f-867e-4200-b617-9bfa9efb1cae:group-3F714632D1D0 ConfigurationManager, init=-1: [], old=null, confs=<EMPTY_MAP>
2019-08-20 22:34:40,539 [pool-148-thread-1] INFO  server.RaftServerConfigKeys (ConfUtils.java:logGet(43)) - raft.server.storage.dir = [/workdir/hadoop-ozone/integration-test/target/test-dir/MiniOzoneClusterImpl-5c06a5f5-07f4-4017-99dc-ea39d70c8a0c/datanode-0/data/ratis] (custom)
2019-08-20 22:34:40,545 [Thread-333] INFO  handler.ContextHandler (ContextHandler.java:doStart(781)) - Started o.e.j.w.WebAppContext@4631da52{/,file:///tmp/jetty-0.0.0.0-34073-hddsDatanode-_-any-2082958553172365417.dir/webapp/,AVAILABLE}{/hddsDatanode}
2019-08-20 22:34:40,545 [pool-148-thread-1] INFO  storage.RaftStorageDirectory (RaftStorageDirectory.java:tryLock(328)) - Lock on /workdir/hadoop-ozone/integration-test/target/test-dir/MiniOzoneClusterImpl-5c06a5f5-07f4-4017-99dc-ea39d70c8a0c/datanode-0/data/ratis/0b9daab9-04c2-4e4d-ba44-3f714632d1d0/in_use.lock acquired by nodename 22484@pr-hdds-1973-9s4bv-3555888387
2019-08-20 22:34:40,546 [Thread-333] INFO  server.AbstractConnector (AbstractConnector.java:doStart(278)) - Started ServerConnector@11cf93c7{HTTP/1.1,[http/1.1]}{0.0.0.0:34073}
2019-08-20 22:34:40,547 [pool-148-thread-1] INFO  ratis.ContainerStateMachine (ContainerStateMachine.java:loadSnapshot(222)) - group-3F714632D1D0: The snapshot info is null. Setting the last applied indexto:(t:0, i:~)
2019-08-20 22:34:40,548 [Thread-333] INFO  server.Server (Server.java:doStart(419)) - Started @56634ms
2019-08-20 22:34:40,548 [pool-148-thread-1] INFO  server.RaftServerConfigKeys (ConfUtils.java:logGet(43)) - raft.server.leader.election.timeout = 120s (custom)
2019-08-20 22:34:40,548 [pool-148-thread-1] INFO  server.RaftServerConfigKeys (ConfUtils.java:logGet(43)) - raft.server.log.use.memory = false (default)
2019-08-20 22:34:40,548 [pool-148-thread-1] INFO  server.RaftServerConfigKeys (ConfUtils.java:logGet(43)) - raft.server.log.purge.gap = 1000000 (custom)
2019-08-20 22:34:40,548 [pool-148-thread-1] INFO  server.RaftServerConfigKeys (ConfUtils.java:logGet(43)) - raft.server.log.appender.buffer.byte-limit = 33554432 (custom)
2019-08-20 22:34:40,549 [pool-148-thread-1] INFO  server.RaftServerConfigKeys (ConfUtils.java:logGet(43)) - raft.server.log.segment.size.max = 1048576 (custom)
2019-08-20 22:34:40,549 [Thread-333] INFO  server.BaseHttpServer (BaseHttpServer.java:updateConnectorAddress(213)) - HTTP server of HDDSDATANODE is listening at http://0.0.0.0:34073
2019-08-20 22:34:40,549 [pool-148-thread-1] INFO  server.RaftServerConfigKeys (ConfUtils.java:logGet(43)) - raft.server.log.segment.cache.num.max = 2 (custom)
2019-08-20 22:34:40,549 [pool-148-thread-1] INFO  segmented.SegmentedRaftLogWorker (SegmentedRaftLogWorker.java:<init>(172)) - new b5afc41f-867e-4200-b617-9bfa9efb1cae-SegmentedRaftLogWorker:Storage Directory /workdir/hadoop-ozone/integration-test/target/test-dir/MiniOzoneClusterImpl-5c06a5f5-07f4-4017-99dc-ea39d70c8a0c/datanode-0/data/ratis/0b9daab9-04c2-4e4d-ba44-3f714632d1d0 for RaftStorage:Storage Directory /workdir/hadoop-ozone/integration-test/target/test-dir/MiniOzoneClusterImpl-5c06a5f5-07f4-4017-99dc-ea39d70c8a0c/datanode-0/data/ratis/0b9daab9-04c2-4e4d-ba44-3f714632d1d0
2019-08-20 22:34:40,549 [pool-148-thread-1] INFO  server.RaftServerConfigKeys (ConfUtils.java:logGet(43)) - raft.server.log.queue.byte-limit = 2147483647 (custom)
2019-08-20 22:34:40,549 [pool-148-thread-1] INFO  server.RaftServerConfigKeys (ConfUtils.java:logGet(43)) - raft.server.log.queue.element-limit = 1024 (custom)
2019-08-20 22:34:40,550 [pool-148-thread-1] INFO  server.RaftServerConfigKeys (ConfUtils.java:logGet(43)) - raft.server.log.segment.size.max = 1048576 (custom)
2019-08-20 22:34:40,550 [pool-148-thread-1] INFO  server.RaftServerConfigKeys (ConfUtils.java:logGet(43)) - raft.server.log.preallocated.size = 16384 (custom)
2019-08-20 22:34:40,550 [pool-148-thread-1] INFO  server.RaftServerConfigKeys (ConfUtils.java:logGet(43)) - raft.server.log.write.buffer.size = 33554432 (custom)
2019-08-20 22:34:40,550 [pool-148-thread-1] INFO  server.RaftServerConfigKeys (ConfUtils.java:logGet(43)) - raft.server.log.force.sync.num = 128 (default)
2019-08-20 22:34:40,550 [pool-148-thread-1] INFO  server.RaftServerConfigKeys (ConfUtils.java:logGet(43)) - raft.server.log.statemachine.data.sync = true (default)
2019-08-20 22:34:40,551 [pool-148-thread-1] INFO  server.RaftServerConfigKeys (ConfUtils.java:logGet(43)) - raft.server.log.statemachine.data.sync.timeout = 10s (default)
2019-08-20 22:34:40,551 [pool-148-thread-1] INFO  server.RaftServerConfigKeys (ConfUtils.java:logGet(43)) - raft.server.log.statemachine.data.sync.timeout.retry = -1 (default)
2019-08-20 22:34:40,551 [pool-148-thread-1] INFO  server.RaftServerConfigKeys (ConfUtils.java:logGet(43)) - raft.server.log.statemachine.data.caching.enabled = true (custom)
2019-08-20 22:34:40,552 [pool-148-thread-1] INFO  impl.RaftServerImpl (ServerState.java:setRaftConf(361)) - b5afc41f-867e-4200-b617-9bfa9efb1cae:group-3F714632D1D0 set configuration 0: [e7ec4170-0245-479b-9240-9904d375c1c8:192.168.34.20:35650, b5afc41f-867e-4200-b617-9bfa9efb1cae:192.168.34.20:36252, 21a41a34-c397-489e-a4bc-2dc6392ab2c8:192.168.34.20:46113], old=null at 0
2019-08-20 22:34:40,552 [pool-148-thread-1] INFO  segmented.LogSegment (LogSegment.java:loadSegment(145)) - Successfully read 1 entries from segment file /workdir/hadoop-ozone/integration-test/target/test-dir/MiniOzoneClusterImpl-5c06a5f5-07f4-4017-99dc-ea39d70c8a0c/datanode-0/data/ratis/0b9daab9-04c2-4e4d-ba44-3f714632d1d0/current/log_inprogress_0
2019-08-20 22:34:40,552 [pool-148-thread-1] INFO  segmented.SegmentedRaftLogWorker (SegmentedRaftLogWorker.java:lambda$new$0(132)) - b5afc41f-867e-4200-b617-9bfa9efb1cae-SegmentedRaftLogWorker:Storage Directory /workdir/hadoop-ozone/integration-test/target/test-dir/MiniOzoneClusterImpl-5c06a5f5-07f4-4017-99dc-ea39d70c8a0c/datanode-0/data/ratis/0b9daab9-04c2-4e4d-ba44-3f714632d1d0: flushIndex: setUnconditionally 0 -> 0
2019-08-20 22:34:40,567 [pool-148-thread-1] INFO  server.RaftServerConfigKeys (ConfUtils.java:logGet(43)) - raft.server.snapshot.auto.trigger.enabled = true (custom)
2019-08-20 22:34:40,567 [pool-148-thread-1] INFO  server.RaftServerConfigKeys (ConfUtils.java:logGet(43)) - raft.server.snapshot.auto.trigger.threshold = 10000 (custom)
2019-08-20 22:34:40,567 [pool-148-thread-1] INFO  server.RaftServerConfigKeys (ConfUtils.java:logGet(43)) - raft.server.retrycache.expirytime = 600000ms (custom)
2019-08-20 22:34:40,730 | INFO  | ObjectStoreRestHttpServer | Listening HDDS REST traffic on /0.0.0.0:44711 |  
2019-08-20 22:34:40,730 [Thread-333] INFO  ozone.HddsDatanodeService (HddsDatanodeService.java:startPlugins(395)) - Started plug-in org.apache.hadoop.ozone.web.OzoneHddsDatanodeService@3e52fd06
2019-08-20 22:34:40,732 [org.apache.hadoop.util.JvmPauseMonitor$Monitor@74433d8b] INFO  util.JvmPauseMonitor (JvmPauseMonitor.java:run(188)) - Starting JVM pause monitor
2019-08-20 22:34:40,732 [Thread-333] INFO  impl.MetricsSystemImpl (MetricsSystemImpl.java:init(158)) - HddsDatanode metrics system started (again)
2019-08-20 22:34:40,737 [Thread-333] INFO  ozone.HddsDatanodeService (HddsDatanodeService.java:start(184)) - HddsDatanodeService host:pr-hdds-1973-9s4bv-3555888387 ip:192.168.34.20
2019-08-20 22:34:40,739 [Thread-333] INFO  volume.VolumeUsage (VolumeUsage.java:loadScmUsed(144)) - Cached ScmUsed found for /workdir/hadoop-ozone/integration-test/target/test-dir/MiniOzoneClusterImpl-5c06a5f5-07f4-4017-99dc-ea39d70c8a0c/datanode-1/data/containers : 4096 
2019-08-20 22:34:40,739 [Thread-333] INFO  volume.HddsVolume (HddsVolume.java:<init>(176)) - Creating Volume: /workdir/hadoop-ozone/integration-test/target/test-dir/MiniOzoneClusterImpl-5c06a5f5-07f4-4017-99dc-ea39d70c8a0c/datanode-1/data/containers/hdds of  storage type : DISK and capacity : 1482555576320
2019-08-20 22:34:40,740 [Thread-333] INFO  volume.VolumeSet (VolumeSet.java:initializeVolumeSet(170)) - Added Volume : /workdir/hadoop-ozone/integration-test/target/test-dir/MiniOzoneClusterImpl-5c06a5f5-07f4-4017-99dc-ea39d70c8a0c/datanode-1/data/containers/hdds to VolumeSet
2019-08-20 22:34:40,740 [Thread-333] INFO  volume.ThrottledAsyncChecker (ThrottledAsyncChecker.java:schedule(140)) - Scheduling a check for org.apache.hadoop.ozone.container.common.volume.HddsVolume@71795630
2019-08-20 22:34:40,740 [Thread-333] INFO  volume.HddsVolumeChecker (HddsVolumeChecker.java:checkAllVolumes(203)) - Scheduled health check for volume org.apache.hadoop.ozone.container.common.volume.HddsVolume@71795630
2019-08-20 22:34:40,759 [Thread-333] INFO  impl.RaftServerProxy (ConfUtils.java:logGet(43)) - raft.rpc.type = GRPC (default)
2019-08-20 22:34:40,759 [Thread-333] INFO  grpc.GrpcFactory (GrpcFactory.java:checkPooledByteBufAllocatorUseCacheForAllThreads(45)) - PERFORMANCE WARNING: useCacheForAllThreads is true that may cause Netty to create a lot garbage objects and, as a result, trigger GC.
	It is recommended to disable useCacheForAllThreads by setting -Dorg.apache.ratis.thirdparty.io.netty.allocator.useCacheForAllThreads=false in command line.
2019-08-20 22:34:40,759 [Thread-333] INFO  grpc.GrpcConfigKeys$Server (ConfUtils.java:logGet(43)) - raft.grpc.server.port = 46113 (custom)
2019-08-20 22:34:40,759 [Thread-333] INFO  server.GrpcService (ConfUtils.java:logGet(43)) - raft.grpc.message.size.max = 33570816 (custom)
2019-08-20 22:34:40,759 [Thread-333] INFO  server.RaftServerConfigKeys (ConfUtils.java:logGet(43)) - raft.server.log.appender.buffer.byte-limit = 33554432 (custom)
2019-08-20 22:34:40,759 [Thread-333] INFO  server.GrpcService (ConfUtils.java:logGet(43)) - raft.grpc.flow.control.window = 1MB (=1048576) (default)
2019-08-20 22:34:40,760 [Thread-333] INFO  server.RaftServerConfigKeys (ConfUtils.java:logGet(43)) - raft.server.rpc.request.timeout = 3000ms (default)
2019-08-20 22:34:40,760 [Thread-333] INFO  server.RaftServerConfigKeys (ConfUtils.java:logGet(43)) - raft.server.storage.dir = [/workdir/hadoop-ozone/integration-test/target/test-dir/MiniOzoneClusterImpl-5c06a5f5-07f4-4017-99dc-ea39d70c8a0c/datanode-1/data/ratis] (custom)
2019-08-20 22:34:40,760 [Thread-333] INFO  impl.RaftServerProxy (RaftServerProxy.java:lambda$null$0(191)) - 21a41a34-c397-489e-a4bc-2dc6392ab2c8: found a subdirectory /workdir/hadoop-ozone/integration-test/target/test-dir/MiniOzoneClusterImpl-5c06a5f5-07f4-4017-99dc-ea39d70c8a0c/datanode-1/data/ratis/76950faa-821a-4fb1-94a2-97ecd3a78e61
2019-08-20 22:34:40,761 [Thread-333] INFO  impl.RaftServerProxy (RaftServerProxy.java:addNew(89)) - 21a41a34-c397-489e-a4bc-2dc6392ab2c8: addNew group-97ECD3A78E61:[] returns group-97ECD3A78E61:java.util.concurrent.CompletableFuture@413e44f3[Not completed]
2019-08-20 22:34:40,761 [Thread-333] INFO  impl.RaftServerProxy (RaftServerProxy.java:lambda$null$0(191)) - 21a41a34-c397-489e-a4bc-2dc6392ab2c8: found a subdirectory /workdir/hadoop-ozone/integration-test/target/test-dir/MiniOzoneClusterImpl-5c06a5f5-07f4-4017-99dc-ea39d70c8a0c/datanode-1/data/ratis/0b9daab9-04c2-4e4d-ba44-3f714632d1d0
2019-08-20 22:34:40,761 [Thread-333] INFO  impl.RaftServerProxy (RaftServerProxy.java:addNew(89)) - 21a41a34-c397-489e-a4bc-2dc6392ab2c8: addNew group-3F714632D1D0:[] returns group-3F714632D1D0:java.util.concurrent.CompletableFuture@6d5f482a[Not completed]
2019-08-20 22:34:40,762 [Thread-333] INFO  replication.SimpleContainerDownloader (SimpleContainerDownloader.java:<init>(72)) - Starting container downloader service to copy containers to replicate.
2019-08-20 22:34:40,762 [pool-159-thread-1] INFO  impl.RaftServerImpl (RaftServerImpl.java:<init>(93)) - 21a41a34-c397-489e-a4bc-2dc6392ab2c8: new RaftServerImpl for group-97ECD3A78E61:[] with ContainerStateMachine:uninitialized
2019-08-20 22:34:40,763 [pool-159-thread-1] INFO  server.RaftServerConfigKeys (ConfUtils.java:logGet(43)) - raft.server.rpc.timeout.min = 5s (custom)
2019-08-20 22:34:40,763 [pool-159-thread-1] INFO  server.RaftServerConfigKeys (ConfUtils.java:logGet(43)) - raft.server.rpc.timeout.max = 5200ms (custom)
2019-08-20 22:34:40,763 [pool-159-thread-1] INFO  server.RaftServerConfigKeys (ConfUtils.java:logGet(43)) - raft.server.rpcslowness.timeout = 120s (custom)
2019-08-20 22:34:40,763 [Thread-333] INFO  hdfs.DFSUtil (DFSUtil.java:httpServerTemplateForNNAndJN(1641)) - Starting Web-server for hddsDatanode at: http://0.0.0.0:43380
2019-08-20 22:34:40,763 [pool-159-thread-1] INFO  server.RaftServerConfigKeys (ConfUtils.java:logGet(43)) - raft.server.sleep.deviation.threshold = 300 (default)
2019-08-20 22:34:40,763 [pool-159-thread-1] INFO  server.RaftServerConfigKeys (ConfUtils.java:logGet(43)) - raft.server.log.appender.install.snapshot.enabled = false (custom)
2019-08-20 22:34:40,764 [pool-159-thread-1] INFO  impl.RaftServerImpl (ServerState.java:<init>(105)) - 21a41a34-c397-489e-a4bc-2dc6392ab2c8:group-97ECD3A78E61 ConfigurationManager, init=-1: [], old=null, confs=<EMPTY_MAP>
2019-08-20 22:34:40,764 [pool-159-thread-1] INFO  server.RaftServerConfigKeys (ConfUtils.java:logGet(43)) - raft.server.storage.dir = [/workdir/hadoop-ozone/integration-test/target/test-dir/MiniOzoneClusterImpl-5c06a5f5-07f4-4017-99dc-ea39d70c8a0c/datanode-1/data/ratis] (custom)
2019-08-20 22:34:40,765 [Thread-333] INFO  server.AuthenticationFilter (AuthenticationFilter.java:constructSecretProvider(240)) - Unable to initialize FileSignerSecretProvider, falling back to use random secrets.
2019-08-20 22:34:40,766 [Thread-333] WARN  http.HttpRequestLog (HttpRequestLog.java:getRequestLog(97)) - Jetty request log can only be enabled using Log4j
2019-08-20 22:34:40,768 [Thread-333] INFO  http.HttpServer2 (HttpServer2.java:addGlobalFilter(975)) - Added global filter 'safety' (class=org.apache.hadoop.http.HttpServer2$QuotingInputFilter)
2019-08-20 22:34:40,769 [Thread-333] INFO  http.HttpServer2 (HttpServer2.java:addFilter(948)) - Added filter static_user_filter (class=org.apache.hadoop.http.lib.StaticUserWebFilter$StaticUserFilter) to context hddsDatanode
2019-08-20 22:34:40,769 [Thread-333] INFO  http.HttpServer2 (HttpServer2.java:addFilter(958)) - Added filter static_user_filter (class=org.apache.hadoop.http.lib.StaticUserWebFilter$StaticUserFilter) to context static
2019-08-20 22:34:40,769 [Thread-333] INFO  http.HttpServer2 (HttpServer2.java:addFilter(958)) - Added filter static_user_filter (class=org.apache.hadoop.http.lib.StaticUserWebFilter$StaticUserFilter) to context logs
2019-08-20 22:34:40,770 [pool-159-thread-1] INFO  storage.RaftStorageDirectory (RaftStorageDirectory.java:tryLock(328)) - Lock on /workdir/hadoop-ozone/integration-test/target/test-dir/MiniOzoneClusterImpl-5c06a5f5-07f4-4017-99dc-ea39d70c8a0c/datanode-1/data/ratis/76950faa-821a-4fb1-94a2-97ecd3a78e61/in_use.lock acquired by nodename 22484@pr-hdds-1973-9s4bv-3555888387
2019-08-20 22:34:40,770 [Thread-333] INFO  http.HttpServer2 (HttpServer2.java:bindListener(1191)) - Jetty bound to port 43380
2019-08-20 22:34:40,770 [Thread-333] INFO  server.Server (Server.java:doStart(351)) - jetty-9.3.24.v20180605, build timestamp: 2018-06-05T17:11:56Z, git hash: 84205aa28f11a4f31f2a3b86d1bba2cc8ab69827
2019-08-20 22:34:40,771 [pool-159-thread-1] INFO  ratis.ContainerStateMachine (ContainerStateMachine.java:loadSnapshot(222)) - group-97ECD3A78E61: The snapshot info is null. Setting the last applied indexto:(t:0, i:~)
2019-08-20 22:34:40,771 [pool-159-thread-1] INFO  server.RaftServerConfigKeys (ConfUtils.java:logGet(43)) - raft.server.leader.election.timeout = 120s (custom)
2019-08-20 22:34:40,771 [pool-159-thread-1] INFO  server.RaftServerConfigKeys (ConfUtils.java:logGet(43)) - raft.server.log.use.memory = false (default)
2019-08-20 22:34:40,771 [pool-159-thread-1] INFO  server.RaftServerConfigKeys (ConfUtils.java:logGet(43)) - raft.server.log.purge.gap = 1000000 (custom)
2019-08-20 22:34:40,771 [pool-159-thread-1] INFO  server.RaftServerConfigKeys (ConfUtils.java:logGet(43)) - raft.server.log.appender.buffer.byte-limit = 33554432 (custom)
2019-08-20 22:34:40,772 [pool-159-thread-1] INFO  server.RaftServerConfigKeys (ConfUtils.java:logGet(43)) - raft.server.log.segment.size.max = 1048576 (custom)
2019-08-20 22:34:40,772 [pool-159-thread-1] INFO  server.RaftServerConfigKeys (ConfUtils.java:logGet(43)) - raft.server.log.segment.cache.num.max = 2 (custom)
2019-08-20 22:34:40,772 [pool-159-thread-1] INFO  segmented.SegmentedRaftLogWorker (SegmentedRaftLogWorker.java:<init>(172)) - new 21a41a34-c397-489e-a4bc-2dc6392ab2c8-SegmentedRaftLogWorker:Storage Directory /workdir/hadoop-ozone/integration-test/target/test-dir/MiniOzoneClusterImpl-5c06a5f5-07f4-4017-99dc-ea39d70c8a0c/datanode-1/data/ratis/76950faa-821a-4fb1-94a2-97ecd3a78e61 for RaftStorage:Storage Directory /workdir/hadoop-ozone/integration-test/target/test-dir/MiniOzoneClusterImpl-5c06a5f5-07f4-4017-99dc-ea39d70c8a0c/datanode-1/data/ratis/76950faa-821a-4fb1-94a2-97ecd3a78e61
2019-08-20 22:34:40,772 [pool-159-thread-1] INFO  server.RaftServerConfigKeys (ConfUtils.java:logGet(43)) - raft.server.log.queue.byte-limit = 2147483647 (custom)
2019-08-20 22:34:40,772 [pool-159-thread-1] INFO  server.RaftServerConfigKeys (ConfUtils.java:logGet(43)) - raft.server.log.queue.element-limit = 1024 (custom)
2019-08-20 22:34:40,772 [pool-159-thread-1] INFO  server.RaftServerConfigKeys (ConfUtils.java:logGet(43)) - raft.server.log.segment.size.max = 1048576 (custom)
2019-08-20 22:34:40,773 [Thread-333] INFO  handler.ContextHandler (ContextHandler.java:doStart(781)) - Started o.e.j.s.ServletContextHandler@987bc6d{/logs,file:///workdir/hadoop-ozone/integration-test/target/log,AVAILABLE}
2019-08-20 22:34:40,773 [pool-159-thread-1] INFO  server.RaftServerConfigKeys (ConfUtils.java:logGet(43)) - raft.server.log.preallocated.size = 16384 (custom)
2019-08-20 22:34:40,773 [pool-159-thread-1] INFO  server.RaftServerConfigKeys (ConfUtils.java:logGet(43)) - raft.server.log.write.buffer.size = 33554432 (custom)
2019-08-20 22:34:40,773 [pool-159-thread-1] INFO  server.RaftServerConfigKeys (ConfUtils.java:logGet(43)) - raft.server.log.force.sync.num = 128 (default)
2019-08-20 22:34:40,773 [Thread-333] INFO  handler.ContextHandler (ContextHandler.java:doStart(781)) - Started o.e.j.s.ServletContextHandler@566173a9{/static,jar:file:/home/user/.m2/repository/org/apache/hadoop/hadoop-hdds-container-service/0.5.0-SNAPSHOT/hadoop-hdds-container-service-0.5.0-SNAPSHOT.jar!/webapps/static,AVAILABLE}
2019-08-20 22:34:40,773 [pool-159-thread-1] INFO  server.RaftServerConfigKeys (ConfUtils.java:logGet(43)) - raft.server.log.statemachine.data.sync = true (default)
2019-08-20 22:34:40,774 [pool-159-thread-1] INFO  server.RaftServerConfigKeys (ConfUtils.java:logGet(43)) - raft.server.log.statemachine.data.sync.timeout = 10s (default)
2019-08-20 22:34:40,774 [pool-159-thread-1] INFO  server.RaftServerConfigKeys (ConfUtils.java:logGet(43)) - raft.server.log.statemachine.data.sync.timeout.retry = -1 (default)
2019-08-20 22:34:40,774 [pool-159-thread-1] INFO  server.RaftServerConfigKeys (ConfUtils.java:logGet(43)) - raft.server.log.statemachine.data.caching.enabled = true (custom)
2019-08-20 22:34:40,775 [pool-159-thread-1] INFO  impl.RaftServerImpl (ServerState.java:setRaftConf(361)) - 21a41a34-c397-489e-a4bc-2dc6392ab2c8:group-97ECD3A78E61 set configuration 0: [21a41a34-c397-489e-a4bc-2dc6392ab2c8:192.168.34.20:46113], old=null at 0
2019-08-20 22:34:40,775 [pool-159-thread-1] INFO  segmented.LogSegment (LogSegment.java:loadSegment(145)) - Successfully read 1 entries from segment file /workdir/hadoop-ozone/integration-test/target/test-dir/MiniOzoneClusterImpl-5c06a5f5-07f4-4017-99dc-ea39d70c8a0c/datanode-1/data/ratis/76950faa-821a-4fb1-94a2-97ecd3a78e61/current/log_inprogress_0
2019-08-20 22:34:40,776 [pool-159-thread-1] INFO  segmented.SegmentedRaftLogWorker (SegmentedRaftLogWorker.java:lambda$new$0(132)) - 21a41a34-c397-489e-a4bc-2dc6392ab2c8-SegmentedRaftLogWorker:Storage Directory /workdir/hadoop-ozone/integration-test/target/test-dir/MiniOzoneClusterImpl-5c06a5f5-07f4-4017-99dc-ea39d70c8a0c/datanode-1/data/ratis/76950faa-821a-4fb1-94a2-97ecd3a78e61: flushIndex: setUnconditionally 0 -> 0
2019-08-20 22:34:40,808 [pool-159-thread-1] INFO  server.RaftServerConfigKeys (ConfUtils.java:logGet(43)) - raft.server.snapshot.auto.trigger.enabled = true (custom)
2019-08-20 22:34:40,808 [pool-159-thread-1] INFO  server.RaftServerConfigKeys (ConfUtils.java:logGet(43)) - raft.server.snapshot.auto.trigger.threshold = 10000 (custom)
2019-08-20 22:34:40,808 [pool-159-thread-1] INFO  server.RaftServerConfigKeys (ConfUtils.java:logGet(43)) - raft.server.retrycache.expirytime = 600000ms (custom)
2019-08-20 22:34:40,810 [pool-159-thread-1] INFO  impl.RaftServerImpl (RaftServerImpl.java:<init>(93)) - 21a41a34-c397-489e-a4bc-2dc6392ab2c8: new RaftServerImpl for group-3F714632D1D0:[] with ContainerStateMachine:uninitialized
2019-08-20 22:34:40,810 [pool-159-thread-1] INFO  server.RaftServerConfigKeys (ConfUtils.java:logGet(43)) - raft.server.rpc.timeout.min = 5s (custom)
2019-08-20 22:34:40,810 [pool-159-thread-1] INFO  server.RaftServerConfigKeys (ConfUtils.java:logGet(43)) - raft.server.rpc.timeout.max = 5200ms (custom)
2019-08-20 22:34:40,810 [pool-159-thread-1] INFO  server.RaftServerConfigKeys (ConfUtils.java:logGet(43)) - raft.server.rpcslowness.timeout = 120s (custom)
2019-08-20 22:34:40,810 [pool-159-thread-1] INFO  server.RaftServerConfigKeys (ConfUtils.java:logGet(43)) - raft.server.sleep.deviation.threshold = 300 (default)
2019-08-20 22:34:40,810 [pool-159-thread-1] INFO  server.RaftServerConfigKeys (ConfUtils.java:logGet(43)) - raft.server.log.appender.install.snapshot.enabled = false (custom)
2019-08-20 22:34:40,810 [pool-159-thread-1] INFO  impl.RaftServerImpl (ServerState.java:<init>(105)) - 21a41a34-c397-489e-a4bc-2dc6392ab2c8:group-3F714632D1D0 ConfigurationManager, init=-1: [], old=null, confs=<EMPTY_MAP>
2019-08-20 22:34:40,811 [pool-159-thread-1] INFO  server.RaftServerConfigKeys (ConfUtils.java:logGet(43)) - raft.server.storage.dir = [/workdir/hadoop-ozone/integration-test/target/test-dir/MiniOzoneClusterImpl-5c06a5f5-07f4-4017-99dc-ea39d70c8a0c/datanode-1/data/ratis] (custom)
2019-08-20 22:34:40,818 [pool-159-thread-1] INFO  storage.RaftStorageDirectory (RaftStorageDirectory.java:tryLock(328)) - Lock on /workdir/hadoop-ozone/integration-test/target/test-dir/MiniOzoneClusterImpl-5c06a5f5-07f4-4017-99dc-ea39d70c8a0c/datanode-1/data/ratis/0b9daab9-04c2-4e4d-ba44-3f714632d1d0/in_use.lock acquired by nodename 22484@pr-hdds-1973-9s4bv-3555888387
2019-08-20 22:34:40,819 [pool-159-thread-1] INFO  ratis.ContainerStateMachine (ContainerStateMachine.java:loadSnapshot(222)) - group-3F714632D1D0: The snapshot info is null. Setting the last applied indexto:(t:0, i:~)
2019-08-20 22:34:40,819 [pool-159-thread-1] INFO  server.RaftServerConfigKeys (ConfUtils.java:logGet(43)) - raft.server.leader.election.timeout = 120s (custom)
2019-08-20 22:34:40,819 [pool-159-thread-1] INFO  server.RaftServerConfigKeys (ConfUtils.java:logGet(43)) - raft.server.log.use.memory = false (default)
2019-08-20 22:34:40,819 [pool-159-thread-1] INFO  server.RaftServerConfigKeys (ConfUtils.java:logGet(43)) - raft.server.log.purge.gap = 1000000 (custom)
2019-08-20 22:34:40,819 [pool-159-thread-1] INFO  server.RaftServerConfigKeys (ConfUtils.java:logGet(43)) - raft.server.log.appender.buffer.byte-limit = 33554432 (custom)
2019-08-20 22:34:40,819 [pool-159-thread-1] INFO  server.RaftServerConfigKeys (ConfUtils.java:logGet(43)) - raft.server.log.segment.size.max = 1048576 (custom)
2019-08-20 22:34:40,819 [pool-159-thread-1] INFO  server.RaftServerConfigKeys (ConfUtils.java:logGet(43)) - raft.server.log.segment.cache.num.max = 2 (custom)
2019-08-20 22:34:40,820 [pool-159-thread-1] INFO  segmented.SegmentedRaftLogWorker (SegmentedRaftLogWorker.java:<init>(172)) - new 21a41a34-c397-489e-a4bc-2dc6392ab2c8-SegmentedRaftLogWorker:Storage Directory /workdir/hadoop-ozone/integration-test/target/test-dir/MiniOzoneClusterImpl-5c06a5f5-07f4-4017-99dc-ea39d70c8a0c/datanode-1/data/ratis/0b9daab9-04c2-4e4d-ba44-3f714632d1d0 for RaftStorage:Storage Directory /workdir/hadoop-ozone/integration-test/target/test-dir/MiniOzoneClusterImpl-5c06a5f5-07f4-4017-99dc-ea39d70c8a0c/datanode-1/data/ratis/0b9daab9-04c2-4e4d-ba44-3f714632d1d0
2019-08-20 22:34:40,820 [pool-159-thread-1] INFO  server.RaftServerConfigKeys (ConfUtils.java:logGet(43)) - raft.server.log.queue.byte-limit = 2147483647 (custom)
2019-08-20 22:34:40,820 [pool-159-thread-1] INFO  server.RaftServerConfigKeys (ConfUtils.java:logGet(43)) - raft.server.log.queue.element-limit = 1024 (custom)
2019-08-20 22:34:40,820 [pool-159-thread-1] INFO  server.RaftServerConfigKeys (ConfUtils.java:logGet(43)) - raft.server.log.segment.size.max = 1048576 (custom)
2019-08-20 22:34:40,820 [pool-159-thread-1] INFO  server.RaftServerConfigKeys (ConfUtils.java:logGet(43)) - raft.server.log.preallocated.size = 16384 (custom)
2019-08-20 22:34:40,820 [pool-159-thread-1] INFO  server.RaftServerConfigKeys (ConfUtils.java:logGet(43)) - raft.server.log.write.buffer.size = 33554432 (custom)
2019-08-20 22:34:40,820 [pool-159-thread-1] INFO  server.RaftServerConfigKeys (ConfUtils.java:logGet(43)) - raft.server.log.force.sync.num = 128 (default)
2019-08-20 22:34:40,821 [pool-159-thread-1] INFO  server.RaftServerConfigKeys (ConfUtils.java:logGet(43)) - raft.server.log.statemachine.data.sync = true (default)
2019-08-20 22:34:40,821 [pool-159-thread-1] INFO  server.RaftServerConfigKeys (ConfUtils.java:logGet(43)) - raft.server.log.statemachine.data.sync.timeout = 10s (default)
2019-08-20 22:34:40,821 [pool-159-thread-1] INFO  server.RaftServerConfigKeys (ConfUtils.java:logGet(43)) - raft.server.log.statemachine.data.sync.timeout.retry = -1 (default)
2019-08-20 22:34:40,821 [pool-159-thread-1] INFO  server.RaftServerConfigKeys (ConfUtils.java:logGet(43)) - raft.server.log.statemachine.data.caching.enabled = true (custom)
2019-08-20 22:34:40,822 [pool-159-thread-1] INFO  impl.RaftServerImpl (ServerState.java:setRaftConf(361)) - 21a41a34-c397-489e-a4bc-2dc6392ab2c8:group-3F714632D1D0 set configuration 0: [e7ec4170-0245-479b-9240-9904d375c1c8:192.168.34.20:35650, b5afc41f-867e-4200-b617-9bfa9efb1cae:192.168.34.20:36252, 21a41a34-c397-489e-a4bc-2dc6392ab2c8:192.168.34.20:46113], old=null at 0
2019-08-20 22:34:40,822 [pool-159-thread-1] INFO  segmented.LogSegment (LogSegment.java:loadSegment(145)) - Successfully read 1 entries from segment file /workdir/hadoop-ozone/integration-test/target/test-dir/MiniOzoneClusterImpl-5c06a5f5-07f4-4017-99dc-ea39d70c8a0c/datanode-1/data/ratis/0b9daab9-04c2-4e4d-ba44-3f714632d1d0/current/log_inprogress_0
2019-08-20 22:34:40,822 [pool-159-thread-1] INFO  segmented.SegmentedRaftLogWorker (SegmentedRaftLogWorker.java:lambda$new$0(132)) - 21a41a34-c397-489e-a4bc-2dc6392ab2c8-SegmentedRaftLogWorker:Storage Directory /workdir/hadoop-ozone/integration-test/target/test-dir/MiniOzoneClusterImpl-5c06a5f5-07f4-4017-99dc-ea39d70c8a0c/datanode-1/data/ratis/0b9daab9-04c2-4e4d-ba44-3f714632d1d0: flushIndex: setUnconditionally 0 -> 0
2019-08-20 22:34:40,825 [Thread-333] INFO  handler.ContextHandler (ContextHandler.java:doStart(781)) - Started o.e.j.w.WebAppContext@4636d5b8{/,file:///tmp/jetty-0.0.0.0-43380-hddsDatanode-_-any-4454981389956753776.dir/webapp/,AVAILABLE}{/hddsDatanode}
2019-08-20 22:34:40,826 [Thread-333] INFO  server.AbstractConnector (AbstractConnector.java:doStart(278)) - Started ServerConnector@2f0436c7{HTTP/1.1,[http/1.1]}{0.0.0.0:43380}
2019-08-20 22:34:40,850 [pool-159-thread-1] INFO  server.RaftServerConfigKeys (ConfUtils.java:logGet(43)) - raft.server.snapshot.auto.trigger.enabled = true (custom)
2019-08-20 22:34:40,850 [pool-159-thread-1] INFO  server.RaftServerConfigKeys (ConfUtils.java:logGet(43)) - raft.server.snapshot.auto.trigger.threshold = 10000 (custom)
2019-08-20 22:34:40,851 [pool-159-thread-1] INFO  server.RaftServerConfigKeys (ConfUtils.java:logGet(43)) - raft.server.retrycache.expirytime = 600000ms (custom)
2019-08-20 22:34:40,851 [Thread-333] INFO  server.Server (Server.java:doStart(419)) - Started @56937ms
2019-08-20 22:34:40,852 [Thread-333] INFO  server.BaseHttpServer (BaseHttpServer.java:updateConnectorAddress(213)) - HTTP server of HDDSDATANODE is listening at http://0.0.0.0:43380
2019-08-20 22:34:40,897 [EventQueue-StaleNodeForStaleNodeHandler] INFO  node.StaleNodeHandler (StaleNodeHandler.java:onMessage(58)) - Datanode e7ec4170-0245-479b-9240-9904d375c1c8{ip: 192.168.34.20, host: pr-hdds-1973-9s4bv-3555888387, networkLocation: /default-rack, certSerialId: null} moved to stale state. Finalizing its pipelines [PipelineID=0b9daab9-04c2-4e4d-ba44-3f714632d1d0, PipelineID=e10cb29e-7dd9-40ca-b3e0-a347657fef44]
2019-08-20 22:34:40,897 [EventQueue-StaleNodeForStaleNodeHandler] INFO  pipeline.SCMPipelineManager (SCMPipelineManager.java:finalizeAndDestroyPipeline(309)) - destroying pipeline:Pipeline[ Id: 0b9daab9-04c2-4e4d-ba44-3f714632d1d0, Nodes: 21a41a34-c397-489e-a4bc-2dc6392ab2c8{ip: 192.168.34.20, host: pr-hdds-1973-9s4bv-3555888387, networkLocation: /default-rack, certSerialId: null}b5afc41f-867e-4200-b617-9bfa9efb1cae{ip: 192.168.34.20, host: pr-hdds-1973-9s4bv-3555888387, networkLocation: /default-rack, certSerialId: null}e7ec4170-0245-479b-9240-9904d375c1c8{ip: 192.168.34.20, host: pr-hdds-1973-9s4bv-3555888387, networkLocation: /default-rack, certSerialId: null}, Type:RATIS, Factor:THREE, State:CLOSED]
2019-08-20 22:34:40,897 [EventQueue-StaleNodeForStaleNodeHandler] INFO  pipeline.SCMPipelineManager (SCMPipelineManager.java:finalizeAndDestroyPipeline(309)) - destroying pipeline:Pipeline[ Id: e10cb29e-7dd9-40ca-b3e0-a347657fef44, Nodes: e7ec4170-0245-479b-9240-9904d375c1c8{ip: 192.168.34.20, host: pr-hdds-1973-9s4bv-3555888387, networkLocation: /default-rack, certSerialId: null}, Type:RATIS, Factor:ONE, State:OPEN]
2019-08-20 22:34:40,898 [EventQueue-StaleNodeForStaleNodeHandler] INFO  pipeline.PipelineStateManager (PipelineStateManager.java:finalizePipeline(123)) - Pipeline Pipeline[ Id: e10cb29e-7dd9-40ca-b3e0-a347657fef44, Nodes: e7ec4170-0245-479b-9240-9904d375c1c8{ip: 192.168.34.20, host: pr-hdds-1973-9s4bv-3555888387, networkLocation: /default-rack, certSerialId: null}, Type:RATIS, Factor:ONE, State:CLOSED] moved to CLOSED state
2019-08-20 22:34:41,033 | INFO  | ObjectStoreRestHttpServer | Listening HDDS REST traffic on /0.0.0.0:40030 |  
2019-08-20 22:34:41,033 [Thread-333] INFO  ozone.HddsDatanodeService (HddsDatanodeService.java:startPlugins(395)) - Started plug-in org.apache.hadoop.ozone.web.OzoneHddsDatanodeService@148e02f2
2019-08-20 22:34:41,035 [org.apache.hadoop.util.JvmPauseMonitor$Monitor@31d1af82] INFO  util.JvmPauseMonitor (JvmPauseMonitor.java:run(188)) - Starting JVM pause monitor
2019-08-20 22:34:41,035 [Thread-333] INFO  impl.MetricsSystemImpl (MetricsSystemImpl.java:init(158)) - HddsDatanode metrics system started (again)
2019-08-20 22:34:41,040 [Thread-333] INFO  ozone.HddsDatanodeService (HddsDatanodeService.java:start(184)) - HddsDatanodeService host:pr-hdds-1973-9s4bv-3555888387 ip:192.168.34.20
2019-08-20 22:34:41,042 [Thread-333] INFO  volume.VolumeUsage (VolumeUsage.java:loadScmUsed(144)) - Cached ScmUsed found for /workdir/hadoop-ozone/integration-test/target/test-dir/MiniOzoneClusterImpl-5c06a5f5-07f4-4017-99dc-ea39d70c8a0c/datanode-2/data/containers : 4096 
2019-08-20 22:34:41,042 [Thread-333] INFO  volume.HddsVolume (HddsVolume.java:<init>(176)) - Creating Volume: /workdir/hadoop-ozone/integration-test/target/test-dir/MiniOzoneClusterImpl-5c06a5f5-07f4-4017-99dc-ea39d70c8a0c/datanode-2/data/containers/hdds of  storage type : DISK and capacity : 1482555576320
2019-08-20 22:34:41,042 [Thread-333] INFO  volume.VolumeSet (VolumeSet.java:initializeVolumeSet(170)) - Added Volume : /workdir/hadoop-ozone/integration-test/target/test-dir/MiniOzoneClusterImpl-5c06a5f5-07f4-4017-99dc-ea39d70c8a0c/datanode-2/data/containers/hdds to VolumeSet
2019-08-20 22:34:41,043 [Thread-333] INFO  volume.ThrottledAsyncChecker (ThrottledAsyncChecker.java:schedule(140)) - Scheduling a check for org.apache.hadoop.ozone.container.common.volume.HddsVolume@5df0f7b9
2019-08-20 22:34:41,043 [Thread-333] INFO  volume.HddsVolumeChecker (HddsVolumeChecker.java:checkAllVolumes(203)) - Scheduled health check for volume org.apache.hadoop.ozone.container.common.volume.HddsVolume@5df0f7b9
2019-08-20 22:34:41,059 [Thread-333] INFO  impl.RaftServerProxy (ConfUtils.java:logGet(43)) - raft.rpc.type = GRPC (default)
2019-08-20 22:34:41,059 [Thread-333] INFO  grpc.GrpcFactory (GrpcFactory.java:checkPooledByteBufAllocatorUseCacheForAllThreads(45)) - PERFORMANCE WARNING: useCacheForAllThreads is true that may cause Netty to create a lot garbage objects and, as a result, trigger GC.
	It is recommended to disable useCacheForAllThreads by setting -Dorg.apache.ratis.thirdparty.io.netty.allocator.useCacheForAllThreads=false in command line.
2019-08-20 22:34:41,060 [Thread-333] INFO  grpc.GrpcConfigKeys$Server (ConfUtils.java:logGet(43)) - raft.grpc.server.port = 35650 (custom)
2019-08-20 22:34:41,060 [Thread-333] INFO  server.GrpcService (ConfUtils.java:logGet(43)) - raft.grpc.message.size.max = 33570816 (custom)
2019-08-20 22:34:41,060 [Thread-333] INFO  server.RaftServerConfigKeys (ConfUtils.java:logGet(43)) - raft.server.log.appender.buffer.byte-limit = 33554432 (custom)
2019-08-20 22:34:41,060 [Thread-333] INFO  server.GrpcService (ConfUtils.java:logGet(43)) - raft.grpc.flow.control.window = 1MB (=1048576) (default)
2019-08-20 22:34:41,061 [Thread-333] INFO  server.RaftServerConfigKeys (ConfUtils.java:logGet(43)) - raft.server.rpc.request.timeout = 3000ms (default)
2019-08-20 22:34:41,061 [Thread-333] INFO  server.RaftServerConfigKeys (ConfUtils.java:logGet(43)) - raft.server.storage.dir = [/workdir/hadoop-ozone/integration-test/target/test-dir/MiniOzoneClusterImpl-5c06a5f5-07f4-4017-99dc-ea39d70c8a0c/datanode-2/data/ratis] (custom)
2019-08-20 22:34:41,061 [Thread-333] INFO  impl.RaftServerProxy (RaftServerProxy.java:lambda$null$0(191)) - e7ec4170-0245-479b-9240-9904d375c1c8: found a subdirectory /workdir/hadoop-ozone/integration-test/target/test-dir/MiniOzoneClusterImpl-5c06a5f5-07f4-4017-99dc-ea39d70c8a0c/datanode-2/data/ratis/e10cb29e-7dd9-40ca-b3e0-a347657fef44
2019-08-20 22:34:41,062 [Thread-333] INFO  impl.RaftServerProxy (RaftServerProxy.java:addNew(89)) - e7ec4170-0245-479b-9240-9904d375c1c8: addNew group-A347657FEF44:[] returns group-A347657FEF44:java.util.concurrent.CompletableFuture@274f3802[Not completed]
2019-08-20 22:34:41,062 [Thread-333] INFO  impl.RaftServerProxy (RaftServerProxy.java:lambda$null$0(191)) - e7ec4170-0245-479b-9240-9904d375c1c8: found a subdirectory /workdir/hadoop-ozone/integration-test/target/test-dir/MiniOzoneClusterImpl-5c06a5f5-07f4-4017-99dc-ea39d70c8a0c/datanode-2/data/ratis/0b9daab9-04c2-4e4d-ba44-3f714632d1d0
2019-08-20 22:34:41,062 [Thread-333] INFO  impl.RaftServerProxy (RaftServerProxy.java:addNew(89)) - e7ec4170-0245-479b-9240-9904d375c1c8: addNew group-3F714632D1D0:[] returns group-3F714632D1D0:java.util.concurrent.CompletableFuture@4e50e731[Not completed]
2019-08-20 22:34:41,063 [Thread-333] INFO  replication.SimpleContainerDownloader (SimpleContainerDownloader.java:<init>(72)) - Starting container downloader service to copy containers to replicate.
2019-08-20 22:34:41,063 [pool-170-thread-1] INFO  impl.RaftServerImpl (RaftServerImpl.java:<init>(93)) - e7ec4170-0245-479b-9240-9904d375c1c8: new RaftServerImpl for group-A347657FEF44:[] with ContainerStateMachine:uninitialized
2019-08-20 22:34:41,063 [pool-170-thread-1] INFO  server.RaftServerConfigKeys (ConfUtils.java:logGet(43)) - raft.server.rpc.timeout.min = 5s (custom)
2019-08-20 22:34:41,064 [pool-170-thread-1] INFO  server.RaftServerConfigKeys (ConfUtils.java:logGet(43)) - raft.server.rpc.timeout.max = 5200ms (custom)
2019-08-20 22:34:41,064 [pool-170-thread-1] INFO  server.RaftServerConfigKeys (ConfUtils.java:logGet(43)) - raft.server.rpcslowness.timeout = 120s (custom)
2019-08-20 22:34:41,064 [pool-170-thread-1] INFO  server.RaftServerConfigKeys (ConfUtils.java:logGet(43)) - raft.server.sleep.deviation.threshold = 300 (default)
2019-08-20 22:34:41,064 [pool-170-thread-1] INFO  server.RaftServerConfigKeys (ConfUtils.java:logGet(43)) - raft.server.log.appender.install.snapshot.enabled = false (custom)
2019-08-20 22:34:41,064 [Thread-333] INFO  hdfs.DFSUtil (DFSUtil.java:httpServerTemplateForNNAndJN(1641)) - Starting Web-server for hddsDatanode at: http://0.0.0.0:40954
2019-08-20 22:34:41,064 [pool-170-thread-1] INFO  impl.RaftServerImpl (ServerState.java:<init>(105)) - e7ec4170-0245-479b-9240-9904d375c1c8:group-A347657FEF44 ConfigurationManager, init=-1: [], old=null, confs=<EMPTY_MAP>
2019-08-20 22:34:41,065 [pool-170-thread-1] INFO  server.RaftServerConfigKeys (ConfUtils.java:logGet(43)) - raft.server.storage.dir = [/workdir/hadoop-ozone/integration-test/target/test-dir/MiniOzoneClusterImpl-5c06a5f5-07f4-4017-99dc-ea39d70c8a0c/datanode-2/data/ratis] (custom)
2019-08-20 22:34:41,066 [Thread-333] INFO  server.AuthenticationFilter (AuthenticationFilter.java:constructSecretProvider(240)) - Unable to initialize FileSignerSecretProvider, falling back to use random secrets.
2019-08-20 22:34:41,067 [Thread-333] WARN  http.HttpRequestLog (HttpRequestLog.java:getRequestLog(97)) - Jetty request log can only be enabled using Log4j
2019-08-20 22:34:41,068 [Thread-333] INFO  http.HttpServer2 (HttpServer2.java:addGlobalFilter(975)) - Added global filter 'safety' (class=org.apache.hadoop.http.HttpServer2$QuotingInputFilter)
2019-08-20 22:34:41,069 [Thread-333] INFO  http.HttpServer2 (HttpServer2.java:addFilter(948)) - Added filter static_user_filter (class=org.apache.hadoop.http.lib.StaticUserWebFilter$StaticUserFilter) to context hddsDatanode
2019-08-20 22:34:41,069 [Thread-333] INFO  http.HttpServer2 (HttpServer2.java:addFilter(958)) - Added filter static_user_filter (class=org.apache.hadoop.http.lib.StaticUserWebFilter$StaticUserFilter) to context logs
2019-08-20 22:34:41,069 [Thread-333] INFO  http.HttpServer2 (HttpServer2.java:addFilter(958)) - Added filter static_user_filter (class=org.apache.hadoop.http.lib.StaticUserWebFilter$StaticUserFilter) to context static
2019-08-20 22:34:41,070 [Thread-333] INFO  http.HttpServer2 (HttpServer2.java:bindListener(1191)) - Jetty bound to port 40954
2019-08-20 22:34:41,070 [Thread-333] INFO  server.Server (Server.java:doStart(351)) - jetty-9.3.24.v20180605, build timestamp: 2018-06-05T17:11:56Z, git hash: 84205aa28f11a4f31f2a3b86d1bba2cc8ab69827
2019-08-20 22:34:41,072 [Thread-333] INFO  handler.ContextHandler (ContextHandler.java:doStart(781)) - Started o.e.j.s.ServletContextHandler@244abc2{/logs,file:///workdir/hadoop-ozone/integration-test/target/log,AVAILABLE}
2019-08-20 22:34:41,072 [Thread-333] INFO  handler.ContextHandler (ContextHandler.java:doStart(781)) - Started o.e.j.s.ServletContextHandler@6af98766{/static,jar:file:/home/user/.m2/repository/org/apache/hadoop/hadoop-hdds-container-service/0.5.0-SNAPSHOT/hadoop-hdds-container-service-0.5.0-SNAPSHOT.jar!/webapps/static,AVAILABLE}
2019-08-20 22:34:41,101 [Thread-333] INFO  handler.ContextHandler (ContextHandler.java:doStart(781)) - Started o.e.j.w.WebAppContext@28629de1{/,file:///tmp/jetty-0.0.0.0-40954-hddsDatanode-_-any-3497017209606753966.dir/webapp/,AVAILABLE}{/hddsDatanode}
2019-08-20 22:34:41,102 [Thread-333] INFO  server.AbstractConnector (AbstractConnector.java:doStart(278)) - Started ServerConnector@6dbec272{HTTP/1.1,[http/1.1]}{0.0.0.0:40954}
2019-08-20 22:34:41,103 [Thread-333] INFO  server.Server (Server.java:doStart(419)) - Started @57189ms
2019-08-20 22:34:41,103 [Thread-333] INFO  server.BaseHttpServer (BaseHttpServer.java:updateConnectorAddress(213)) - HTTP server of HDDSDATANODE is listening at http://0.0.0.0:40954
2019-08-20 22:34:41,123 [pool-170-thread-1] INFO  storage.RaftStorageDirectory (RaftStorageDirectory.java:tryLock(328)) - Lock on /workdir/hadoop-ozone/integration-test/target/test-dir/MiniOzoneClusterImpl-5c06a5f5-07f4-4017-99dc-ea39d70c8a0c/datanode-2/data/ratis/e10cb29e-7dd9-40ca-b3e0-a347657fef44/in_use.lock acquired by nodename 22484@pr-hdds-1973-9s4bv-3555888387
2019-08-20 22:34:41,123 [pool-170-thread-1] INFO  ratis.ContainerStateMachine (ContainerStateMachine.java:loadSnapshot(222)) - group-A347657FEF44: The snapshot info is null. Setting the last applied indexto:(t:0, i:~)
2019-08-20 22:34:41,124 [pool-170-thread-1] INFO  server.RaftServerConfigKeys (ConfUtils.java:logGet(43)) - raft.server.leader.election.timeout = 120s (custom)
2019-08-20 22:34:41,124 [pool-170-thread-1] INFO  server.RaftServerConfigKeys (ConfUtils.java:logGet(43)) - raft.server.log.use.memory = false (default)
2019-08-20 22:34:41,124 [pool-170-thread-1] INFO  server.RaftServerConfigKeys (ConfUtils.java:logGet(43)) - raft.server.log.purge.gap = 1000000 (custom)
2019-08-20 22:34:41,124 [pool-170-thread-1] INFO  server.RaftServerConfigKeys (ConfUtils.java:logGet(43)) - raft.server.log.appender.buffer.byte-limit = 33554432 (custom)
2019-08-20 22:34:41,125 [pool-170-thread-1] INFO  server.RaftServerConfigKeys (ConfUtils.java:logGet(43)) - raft.server.log.segment.size.max = 1048576 (custom)
2019-08-20 22:34:41,125 [pool-170-thread-1] INFO  server.RaftServerConfigKeys (ConfUtils.java:logGet(43)) - raft.server.log.segment.cache.num.max = 2 (custom)
2019-08-20 22:34:41,125 [pool-170-thread-1] INFO  segmented.SegmentedRaftLogWorker (SegmentedRaftLogWorker.java:<init>(172)) - new e7ec4170-0245-479b-9240-9904d375c1c8-SegmentedRaftLogWorker:Storage Directory /workdir/hadoop-ozone/integration-test/target/test-dir/MiniOzoneClusterImpl-5c06a5f5-07f4-4017-99dc-ea39d70c8a0c/datanode-2/data/ratis/e10cb29e-7dd9-40ca-b3e0-a347657fef44 for RaftStorage:Storage Directory /workdir/hadoop-ozone/integration-test/target/test-dir/MiniOzoneClusterImpl-5c06a5f5-07f4-4017-99dc-ea39d70c8a0c/datanode-2/data/ratis/e10cb29e-7dd9-40ca-b3e0-a347657fef44
2019-08-20 22:34:41,125 [pool-170-thread-1] INFO  server.RaftServerConfigKeys (ConfUtils.java:logGet(43)) - raft.server.log.queue.byte-limit = 2147483647 (custom)
2019-08-20 22:34:41,125 [pool-170-thread-1] INFO  server.RaftServerConfigKeys (ConfUtils.java:logGet(43)) - raft.server.log.queue.element-limit = 1024 (custom)
2019-08-20 22:34:41,125 [pool-170-thread-1] INFO  server.RaftServerConfigKeys (ConfUtils.java:logGet(43)) - raft.server.log.segment.size.max = 1048576 (custom)
2019-08-20 22:34:41,126 [pool-170-thread-1] INFO  server.RaftServerConfigKeys (ConfUtils.java:logGet(43)) - raft.server.log.preallocated.size = 16384 (custom)
2019-08-20 22:34:41,126 [pool-170-thread-1] INFO  server.RaftServerConfigKeys (ConfUtils.java:logGet(43)) - raft.server.log.write.buffer.size = 33554432 (custom)
2019-08-20 22:34:41,126 [pool-170-thread-1] INFO  server.RaftServerConfigKeys (ConfUtils.java:logGet(43)) - raft.server.log.force.sync.num = 128 (default)
2019-08-20 22:34:41,126 [pool-170-thread-1] INFO  server.RaftServerConfigKeys (ConfUtils.java:logGet(43)) - raft.server.log.statemachine.data.sync = true (default)
2019-08-20 22:34:41,126 [pool-170-thread-1] INFO  server.RaftServerConfigKeys (ConfUtils.java:logGet(43)) - raft.server.log.statemachine.data.sync.timeout = 10s (default)
2019-08-20 22:34:41,126 [pool-170-thread-1] INFO  server.RaftServerConfigKeys (ConfUtils.java:logGet(43)) - raft.server.log.statemachine.data.sync.timeout.retry = -1 (default)
2019-08-20 22:34:41,127 [pool-170-thread-1] INFO  server.RaftServerConfigKeys (ConfUtils.java:logGet(43)) - raft.server.log.statemachine.data.caching.enabled = true (custom)
2019-08-20 22:34:41,128 [pool-170-thread-1] INFO  impl.RaftServerImpl (ServerState.java:setRaftConf(361)) - e7ec4170-0245-479b-9240-9904d375c1c8:group-A347657FEF44 set configuration 0: [e7ec4170-0245-479b-9240-9904d375c1c8:192.168.34.20:35650], old=null at 0
2019-08-20 22:34:41,128 [pool-170-thread-1] INFO  segmented.LogSegment (LogSegment.java:loadSegment(145)) - Successfully read 1 entries from segment file /workdir/hadoop-ozone/integration-test/target/test-dir/MiniOzoneClusterImpl-5c06a5f5-07f4-4017-99dc-ea39d70c8a0c/datanode-2/data/ratis/e10cb29e-7dd9-40ca-b3e0-a347657fef44/current/log_inprogress_0
2019-08-20 22:34:41,128 [pool-170-thread-1] INFO  segmented.SegmentedRaftLogWorker (SegmentedRaftLogWorker.java:lambda$new$0(132)) - e7ec4170-0245-479b-9240-9904d375c1c8-SegmentedRaftLogWorker:Storage Directory /workdir/hadoop-ozone/integration-test/target/test-dir/MiniOzoneClusterImpl-5c06a5f5-07f4-4017-99dc-ea39d70c8a0c/datanode-2/data/ratis/e10cb29e-7dd9-40ca-b3e0-a347657fef44: flushIndex: setUnconditionally 0 -> 0
2019-08-20 22:34:41,143 [pool-170-thread-1] INFO  server.RaftServerConfigKeys (ConfUtils.java:logGet(43)) - raft.server.snapshot.auto.trigger.enabled = true (custom)
2019-08-20 22:34:41,144 [pool-170-thread-1] INFO  server.RaftServerConfigKeys (ConfUtils.java:logGet(43)) - raft.server.snapshot.auto.trigger.threshold = 10000 (custom)
2019-08-20 22:34:41,144 [pool-170-thread-1] INFO  server.RaftServerConfigKeys (ConfUtils.java:logGet(43)) - raft.server.retrycache.expirytime = 600000ms (custom)
2019-08-20 22:34:41,146 [pool-170-thread-1] INFO  impl.RaftServerImpl (RaftServerImpl.java:<init>(93)) - e7ec4170-0245-479b-9240-9904d375c1c8: new RaftServerImpl for group-3F714632D1D0:[] with ContainerStateMachine:uninitialized
2019-08-20 22:34:41,146 [pool-170-thread-1] INFO  server.RaftServerConfigKeys (ConfUtils.java:logGet(43)) - raft.server.rpc.timeout.min = 5s (custom)
2019-08-20 22:34:41,146 [pool-170-thread-1] INFO  server.RaftServerConfigKeys (ConfUtils.java:logGet(43)) - raft.server.rpc.timeout.max = 5200ms (custom)
2019-08-20 22:34:41,146 [pool-170-thread-1] INFO  server.RaftServerConfigKeys (ConfUtils.java:logGet(43)) - raft.server.rpcslowness.timeout = 120s (custom)
2019-08-20 22:34:41,146 [pool-170-thread-1] INFO  server.RaftServerConfigKeys (ConfUtils.java:logGet(43)) - raft.server.sleep.deviation.threshold = 300 (default)
2019-08-20 22:34:41,147 [pool-170-thread-1] INFO  server.RaftServerConfigKeys (ConfUtils.java:logGet(43)) - raft.server.log.appender.install.snapshot.enabled = false (custom)
2019-08-20 22:34:41,147 [pool-170-thread-1] INFO  impl.RaftServerImpl (ServerState.java:<init>(105)) - e7ec4170-0245-479b-9240-9904d375c1c8:group-3F714632D1D0 ConfigurationManager, init=-1: [], old=null, confs=<EMPTY_MAP>
2019-08-20 22:34:41,147 [pool-170-thread-1] INFO  server.RaftServerConfigKeys (ConfUtils.java:logGet(43)) - raft.server.storage.dir = [/workdir/hadoop-ozone/integration-test/target/test-dir/MiniOzoneClusterImpl-5c06a5f5-07f4-4017-99dc-ea39d70c8a0c/datanode-2/data/ratis] (custom)
2019-08-20 22:34:41,160 [pool-170-thread-1] INFO  storage.RaftStorageDirectory (RaftStorageDirectory.java:tryLock(328)) - Lock on /workdir/hadoop-ozone/integration-test/target/test-dir/MiniOzoneClusterImpl-5c06a5f5-07f4-4017-99dc-ea39d70c8a0c/datanode-2/data/ratis/0b9daab9-04c2-4e4d-ba44-3f714632d1d0/in_use.lock acquired by nodename 22484@pr-hdds-1973-9s4bv-3555888387
2019-08-20 22:34:41,161 [pool-170-thread-1] INFO  ratis.ContainerStateMachine (ContainerStateMachine.java:loadSnapshot(222)) - group-3F714632D1D0: The snapshot info is null. Setting the last applied indexto:(t:0, i:~)
2019-08-20 22:34:41,161 [pool-170-thread-1] INFO  server.RaftServerConfigKeys (ConfUtils.java:logGet(43)) - raft.server.leader.election.timeout = 120s (custom)
2019-08-20 22:34:41,161 [pool-170-thread-1] INFO  server.RaftServerConfigKeys (ConfUtils.java:logGet(43)) - raft.server.log.use.memory = false (default)
2019-08-20 22:34:41,161 [pool-170-thread-1] INFO  server.RaftServerConfigKeys (ConfUtils.java:logGet(43)) - raft.server.log.purge.gap = 1000000 (custom)
2019-08-20 22:34:41,162 [pool-170-thread-1] INFO  server.RaftServerConfigKeys (ConfUtils.java:logGet(43)) - raft.server.log.appender.buffer.byte-limit = 33554432 (custom)
2019-08-20 22:34:41,162 [pool-170-thread-1] INFO  server.RaftServerConfigKeys (ConfUtils.java:logGet(43)) - raft.server.log.segment.size.max = 1048576 (custom)
2019-08-20 22:34:41,162 [pool-170-thread-1] INFO  server.RaftServerConfigKeys (ConfUtils.java:logGet(43)) - raft.server.log.segment.cache.num.max = 2 (custom)
2019-08-20 22:34:41,162 [pool-170-thread-1] INFO  segmented.SegmentedRaftLogWorker (SegmentedRaftLogWorker.java:<init>(172)) - new e7ec4170-0245-479b-9240-9904d375c1c8-SegmentedRaftLogWorker:Storage Directory /workdir/hadoop-ozone/integration-test/target/test-dir/MiniOzoneClusterImpl-5c06a5f5-07f4-4017-99dc-ea39d70c8a0c/datanode-2/data/ratis/0b9daab9-04c2-4e4d-ba44-3f714632d1d0 for RaftStorage:Storage Directory /workdir/hadoop-ozone/integration-test/target/test-dir/MiniOzoneClusterImpl-5c06a5f5-07f4-4017-99dc-ea39d70c8a0c/datanode-2/data/ratis/0b9daab9-04c2-4e4d-ba44-3f714632d1d0
2019-08-20 22:34:41,162 [pool-170-thread-1] INFO  server.RaftServerConfigKeys (ConfUtils.java:logGet(43)) - raft.server.log.queue.byte-limit = 2147483647 (custom)
2019-08-20 22:34:41,162 [pool-170-thread-1] INFO  server.RaftServerConfigKeys (ConfUtils.java:logGet(43)) - raft.server.log.queue.element-limit = 1024 (custom)
2019-08-20 22:34:41,163 [pool-170-thread-1] INFO  server.RaftServerConfigKeys (ConfUtils.java:logGet(43)) - raft.server.log.segment.size.max = 1048576 (custom)
2019-08-20 22:34:41,163 [pool-170-thread-1] INFO  server.RaftServerConfigKeys (ConfUtils.java:logGet(43)) - raft.server.log.preallocated.size = 16384 (custom)
2019-08-20 22:34:41,163 [pool-170-thread-1] INFO  server.RaftServerConfigKeys (ConfUtils.java:logGet(43)) - raft.server.log.write.buffer.size = 33554432 (custom)
2019-08-20 22:34:41,163 [pool-170-thread-1] INFO  server.RaftServerConfigKeys (ConfUtils.java:logGet(43)) - raft.server.log.force.sync.num = 128 (default)
2019-08-20 22:34:41,163 [pool-170-thread-1] INFO  server.RaftServerConfigKeys (ConfUtils.java:logGet(43)) - raft.server.log.statemachine.data.sync = true (default)
2019-08-20 22:34:41,163 [pool-170-thread-1] INFO  server.RaftServerConfigKeys (ConfUtils.java:logGet(43)) - raft.server.log.statemachine.data.sync.timeout = 10s (default)
2019-08-20 22:34:41,164 [pool-170-thread-1] INFO  server.RaftServerConfigKeys (ConfUtils.java:logGet(43)) - raft.server.log.statemachine.data.sync.timeout.retry = -1 (default)
2019-08-20 22:34:41,164 [pool-170-thread-1] INFO  server.RaftServerConfigKeys (ConfUtils.java:logGet(43)) - raft.server.log.statemachine.data.caching.enabled = true (custom)
2019-08-20 22:34:41,165 [pool-170-thread-1] INFO  impl.RaftServerImpl (ServerState.java:setRaftConf(361)) - e7ec4170-0245-479b-9240-9904d375c1c8:group-3F714632D1D0 set configuration 0: [e7ec4170-0245-479b-9240-9904d375c1c8:192.168.34.20:35650, b5afc41f-867e-4200-b617-9bfa9efb1cae:192.168.34.20:36252, 21a41a34-c397-489e-a4bc-2dc6392ab2c8:192.168.34.20:46113], old=null at 0
2019-08-20 22:34:41,165 [pool-170-thread-1] INFO  segmented.LogSegment (LogSegment.java:loadSegment(145)) - Successfully read 1 entries from segment file /workdir/hadoop-ozone/integration-test/target/test-dir/MiniOzoneClusterImpl-5c06a5f5-07f4-4017-99dc-ea39d70c8a0c/datanode-2/data/ratis/0b9daab9-04c2-4e4d-ba44-3f714632d1d0/current/log_inprogress_0
2019-08-20 22:34:41,165 [pool-170-thread-1] INFO  segmented.SegmentedRaftLogWorker (SegmentedRaftLogWorker.java:lambda$new$0(132)) - e7ec4170-0245-479b-9240-9904d375c1c8-SegmentedRaftLogWorker:Storage Directory /workdir/hadoop-ozone/integration-test/target/test-dir/MiniOzoneClusterImpl-5c06a5f5-07f4-4017-99dc-ea39d70c8a0c/datanode-2/data/ratis/0b9daab9-04c2-4e4d-ba44-3f714632d1d0: flushIndex: setUnconditionally 0 -> 0
2019-08-20 22:34:41,184 [pool-170-thread-1] INFO  server.RaftServerConfigKeys (ConfUtils.java:logGet(43)) - raft.server.snapshot.auto.trigger.enabled = true (custom)
2019-08-20 22:34:41,250 [pool-170-thread-1] INFO  server.RaftServerConfigKeys (ConfUtils.java:logGet(43)) - raft.server.snapshot.auto.trigger.threshold = 10000 (custom)
2019-08-20 22:34:41,254 [pool-170-thread-1] INFO  server.RaftServerConfigKeys (ConfUtils.java:logGet(43)) - raft.server.retrycache.expirytime = 600000ms (custom)
2019-08-20 22:34:41,434 | INFO  | ObjectStoreRestHttpServer | Listening HDDS REST traffic on /0.0.0.0:41227 |  
2019-08-20 22:34:41,434 [Thread-333] INFO  ozone.HddsDatanodeService (HddsDatanodeService.java:startPlugins(395)) - Started plug-in org.apache.hadoop.ozone.web.OzoneHddsDatanodeService@3e972b70
2019-08-20 22:34:41,434 [Thread-333] INFO  pipeline.SCMPipelineManager (SCMPipelineManager.java:finalizeAndDestroyPipeline(309)) - destroying pipeline:Pipeline[ Id: 0b9daab9-04c2-4e4d-ba44-3f714632d1d0, Nodes: 21a41a34-c397-489e-a4bc-2dc6392ab2c8{ip: 192.168.34.20, host: pr-hdds-1973-9s4bv-3555888387, networkLocation: /default-rack, certSerialId: null}b5afc41f-867e-4200-b617-9bfa9efb1cae{ip: 192.168.34.20, host: pr-hdds-1973-9s4bv-3555888387, networkLocation: /default-rack, certSerialId: null}e7ec4170-0245-479b-9240-9904d375c1c8{ip: 192.168.34.20, host: pr-hdds-1973-9s4bv-3555888387, networkLocation: /default-rack, certSerialId: null}, Type:RATIS, Factor:THREE, State:OPEN]
2019-08-20 22:34:41,436 [org.apache.hadoop.util.JvmPauseMonitor$Monitor@9c4a530] INFO  util.JvmPauseMonitor (JvmPauseMonitor.java:run(188)) - Starting JVM pause monitor
2019-08-20 22:34:41,444 [Thread-333] WARN  pipeline.RatisPipelineUtils (RatisPipelineUtils.java:destroyPipeline(66)) - Pipeline destroy failed for pipeline=PipelineID=0b9daab9-04c2-4e4d-ba44-3f714632d1d0 dn=21a41a34-c397-489e-a4bc-2dc6392ab2c8{ip: 192.168.34.20, host: pr-hdds-1973-9s4bv-3555888387, networkLocation: /default-rack, certSerialId: null}
2019-08-20 22:34:41,448 [Thread-333] WARN  pipeline.RatisPipelineUtils (RatisPipelineUtils.java:destroyPipeline(66)) - Pipeline destroy failed for pipeline=PipelineID=0b9daab9-04c2-4e4d-ba44-3f714632d1d0 dn=b5afc41f-867e-4200-b617-9bfa9efb1cae{ip: 192.168.34.20, host: pr-hdds-1973-9s4bv-3555888387, networkLocation: /default-rack, certSerialId: null}
2019-08-20 22:34:41,450 [Thread-333] WARN  pipeline.RatisPipelineUtils (RatisPipelineUtils.java:destroyPipeline(66)) - Pipeline destroy failed for pipeline=PipelineID=0b9daab9-04c2-4e4d-ba44-3f714632d1d0 dn=e7ec4170-0245-479b-9240-9904d375c1c8{ip: 192.168.34.20, host: pr-hdds-1973-9s4bv-3555888387, networkLocation: /default-rack, certSerialId: null}
2019-08-20 22:34:41,451 [Thread-333] INFO  pipeline.PipelineStateManager (PipelineStateManager.java:removePipeline(108)) - Pipeline Pipeline[ Id: 0b9daab9-04c2-4e4d-ba44-3f714632d1d0, Nodes: 21a41a34-c397-489e-a4bc-2dc6392ab2c8{ip: 192.168.34.20, host: pr-hdds-1973-9s4bv-3555888387, networkLocation: /default-rack, certSerialId: null}b5afc41f-867e-4200-b617-9bfa9efb1cae{ip: 192.168.34.20, host: pr-hdds-1973-9s4bv-3555888387, networkLocation: /default-rack, certSerialId: null}e7ec4170-0245-479b-9240-9904d375c1c8{ip: 192.168.34.20, host: pr-hdds-1973-9s4bv-3555888387, networkLocation: /default-rack, certSerialId: null}, Type:RATIS, Factor:THREE, State:CLOSED] removed from db
2019-08-20 22:34:42,734 | INFO  | SCMAudit | user=jenkins1000 | ip=192.168.34.20 | op=GET_VERSION null | ret=SUCCESS |  
2019-08-20 22:34:42,735 [Datanode State Machine Thread - 0] INFO  ozoneimpl.OzoneContainer (OzoneContainer.java:start(186)) - Attempting to start container services.
2019-08-20 22:34:42,736 [Datanode State Machine Thread - 0] INFO  ozoneimpl.OzoneContainer (OzoneContainer.java:startContainerScrub(160)) - Background container scrubber has been disabled by hdds.containerscrub.enabled
2019-08-20 22:34:42,736 [Datanode State Machine Thread - 0] INFO  ratis.XceiverServerRatis (XceiverServerRatis.java:start(404)) - Starting XceiverServerRatis b5afc41f-867e-4200-b617-9bfa9efb1cae at port 36252
2019-08-20 22:34:42,744 [Datanode State Machine Thread - 0] INFO  impl.RaftServerImpl (RaftServerImpl.java:start(180)) - b5afc41f-867e-4200-b617-9bfa9efb1cae: start group-3F714632D1D0
2019-08-20 22:34:42,745 [ForkJoinPool.commonPool-worker-0] INFO  impl.RaftServerImpl (RaftServerImpl.java:start(180)) - b5afc41f-867e-4200-b617-9bfa9efb1cae: start group-0E2F75DDD81D
2019-08-20 22:34:42,746 [Datanode State Machine Thread - 0] INFO  impl.RaftServerImpl (RaftServerImpl.java:setRole(171)) - b5afc41f-867e-4200-b617-9bfa9efb1cae:group-3F714632D1D0 changes role from null to FOLLOWER at term 1 for startAsFollower
2019-08-20 22:34:42,747 [ForkJoinPool.commonPool-worker-0] INFO  impl.RaftServerImpl (RaftServerImpl.java:setRole(171)) - b5afc41f-867e-4200-b617-9bfa9efb1cae:group-0E2F75DDD81D changes role from null to FOLLOWER at term 1 for startAsFollower
2019-08-20 22:34:42,747 [Datanode State Machine Thread - 0] INFO  impl.RoleInfo (RoleInfo.java:updateAndGet(143)) - b5afc41f-867e-4200-b617-9bfa9efb1cae: start FollowerState
2019-08-20 22:34:42,747 [ForkJoinPool.commonPool-worker-0] INFO  impl.RoleInfo (RoleInfo.java:updateAndGet(143)) - b5afc41f-867e-4200-b617-9bfa9efb1cae: start FollowerState
2019-08-20 22:34:42,748 [Datanode State Machine Thread - 0] INFO  util.JmxRegister (JmxRegister.java:tryRegister(44)) - Successfully registered JMX Bean with object name Ratis:service=RaftServer,group=group-3F714632D1D0,id=b5afc41f-867e-4200-b617-9bfa9efb1cae
2019-08-20 22:34:42,748 [ForkJoinPool.commonPool-worker-0] INFO  util.JmxRegister (JmxRegister.java:tryRegister(44)) - Successfully registered JMX Bean with object name Ratis:service=RaftServer,group=group-0E2F75DDD81D,id=b5afc41f-867e-4200-b617-9bfa9efb1cae
2019-08-20 22:34:42,749 [Datanode State Machine Thread - 0] INFO  impl.RaftServerProxy (RaftServerProxy.java:lambda$start$3(299)) - b5afc41f-867e-4200-b617-9bfa9efb1cae: start RPC server
2019-08-20 22:34:42,751 [Datanode State Machine Thread - 0] INFO  server.GrpcService (GrpcService.java:startImpl(149)) - b5afc41f-867e-4200-b617-9bfa9efb1cae: GrpcService started, listening on 0.0.0.0/0.0.0.0:36252
2019-08-20 22:34:43,036 | INFO  | SCMAudit | user=jenkins1000 | ip=192.168.34.20 | op=GET_VERSION null | ret=SUCCESS |  
2019-08-20 22:34:43,037 [Datanode State Machine Thread - 0] INFO  ozoneimpl.OzoneContainer (OzoneContainer.java:start(186)) - Attempting to start container services.
2019-08-20 22:34:43,038 [Datanode State Machine Thread - 0] INFO  ozoneimpl.OzoneContainer (OzoneContainer.java:startContainerScrub(160)) - Background container scrubber has been disabled by hdds.containerscrub.enabled
2019-08-20 22:34:43,038 [Datanode State Machine Thread - 0] INFO  ratis.XceiverServerRatis (XceiverServerRatis.java:start(404)) - Starting XceiverServerRatis 21a41a34-c397-489e-a4bc-2dc6392ab2c8 at port 46113
2019-08-20 22:34:43,047 [Datanode State Machine Thread - 0] INFO  impl.RaftServerImpl (RaftServerImpl.java:start(180)) - 21a41a34-c397-489e-a4bc-2dc6392ab2c8: start group-3F714632D1D0
2019-08-20 22:34:43,047 [ForkJoinPool.commonPool-worker-0] INFO  impl.RaftServerImpl (RaftServerImpl.java:start(180)) - 21a41a34-c397-489e-a4bc-2dc6392ab2c8: start group-97ECD3A78E61
2019-08-20 22:34:43,048 [Datanode State Machine Thread - 0] INFO  impl.RaftServerImpl (RaftServerImpl.java:setRole(171)) - 21a41a34-c397-489e-a4bc-2dc6392ab2c8:group-3F714632D1D0 changes role from null to FOLLOWER at term 1 for startAsFollower
2019-08-20 22:34:43,050 [ForkJoinPool.commonPool-worker-0] INFO  impl.RaftServerImpl (RaftServerImpl.java:setRole(171)) - 21a41a34-c397-489e-a4bc-2dc6392ab2c8:group-97ECD3A78E61 changes role from null to FOLLOWER at term 1 for startAsFollower
2019-08-20 22:34:43,050 [Datanode State Machine Thread - 0] INFO  impl.RoleInfo (RoleInfo.java:updateAndGet(143)) - 21a41a34-c397-489e-a4bc-2dc6392ab2c8: start FollowerState
2019-08-20 22:34:43,050 [ForkJoinPool.commonPool-worker-0] INFO  impl.RoleInfo (RoleInfo.java:updateAndGet(143)) - 21a41a34-c397-489e-a4bc-2dc6392ab2c8: start FollowerState
2019-08-20 22:34:43,051 [Datanode State Machine Thread - 0] INFO  util.JmxRegister (JmxRegister.java:tryRegister(44)) - Successfully registered JMX Bean with object name Ratis:service=RaftServer,group=group-3F714632D1D0,id=21a41a34-c397-489e-a4bc-2dc6392ab2c8
2019-08-20 22:34:43,051 [ForkJoinPool.commonPool-worker-0] INFO  util.JmxRegister (JmxRegister.java:tryRegister(44)) - Successfully registered JMX Bean with object name Ratis:service=RaftServer,group=group-97ECD3A78E61,id=21a41a34-c397-489e-a4bc-2dc6392ab2c8
2019-08-20 22:34:43,051 [Datanode State Machine Thread - 0] INFO  impl.RaftServerProxy (RaftServerProxy.java:lambda$start$3(299)) - 21a41a34-c397-489e-a4bc-2dc6392ab2c8: start RPC server
2019-08-20 22:34:43,052 [Datanode State Machine Thread - 0] INFO  server.GrpcService (GrpcService.java:startImpl(149)) - 21a41a34-c397-489e-a4bc-2dc6392ab2c8: GrpcService started, listening on 0.0.0.0/0.0.0.0:46113
2019-08-20 22:34:43,438 | INFO  | SCMAudit | user=jenkins1000 | ip=192.168.34.20 | op=GET_VERSION null | ret=SUCCESS |  
2019-08-20 22:34:43,439 [Datanode State Machine Thread - 0] INFO  ozoneimpl.OzoneContainer (OzoneContainer.java:start(186)) - Attempting to start container services.
2019-08-20 22:34:43,439 [Datanode State Machine Thread - 0] INFO  ozoneimpl.OzoneContainer (OzoneContainer.java:startContainerScrub(160)) - Background container scrubber has been disabled by hdds.containerscrub.enabled
2019-08-20 22:34:43,439 [Datanode State Machine Thread - 0] INFO  ratis.XceiverServerRatis (XceiverServerRatis.java:start(404)) - Starting XceiverServerRatis e7ec4170-0245-479b-9240-9904d375c1c8 at port 35650
2019-08-20 22:34:43,448 [Datanode State Machine Thread - 0] INFO  impl.RaftServerImpl (RaftServerImpl.java:start(180)) - e7ec4170-0245-479b-9240-9904d375c1c8: start group-A347657FEF44
2019-08-20 22:34:43,448 [ForkJoinPool.commonPool-worker-0] INFO  impl.RaftServerImpl (RaftServerImpl.java:start(180)) - e7ec4170-0245-479b-9240-9904d375c1c8: start group-3F714632D1D0
2019-08-20 22:34:43,449 [Datanode State Machine Thread - 0] INFO  impl.RaftServerImpl (RaftServerImpl.java:setRole(171)) - e7ec4170-0245-479b-9240-9904d375c1c8:group-A347657FEF44 changes role from null to FOLLOWER at term 1 for startAsFollower
2019-08-20 22:34:43,451 [ForkJoinPool.commonPool-worker-0] INFO  impl.RaftServerImpl (RaftServerImpl.java:setRole(171)) - e7ec4170-0245-479b-9240-9904d375c1c8:group-3F714632D1D0 changes role from null to FOLLOWER at term 1 for startAsFollower
2019-08-20 22:34:43,451 [Datanode State Machine Thread - 0] INFO  impl.RoleInfo (RoleInfo.java:updateAndGet(143)) - e7ec4170-0245-479b-9240-9904d375c1c8: start FollowerState
2019-08-20 22:34:43,451 [ForkJoinPool.commonPool-worker-0] INFO  impl.RoleInfo (RoleInfo.java:updateAndGet(143)) - e7ec4170-0245-479b-9240-9904d375c1c8: start FollowerState
2019-08-20 22:34:43,452 [Datanode State Machine Thread - 0] INFO  util.JmxRegister (JmxRegister.java:tryRegister(44)) - Successfully registered JMX Bean with object name Ratis:service=RaftServer,group=group-A347657FEF44,id=e7ec4170-0245-479b-9240-9904d375c1c8
2019-08-20 22:34:43,452 [ForkJoinPool.commonPool-worker-0] INFO  util.JmxRegister (JmxRegister.java:tryRegister(44)) - Successfully registered JMX Bean with object name Ratis:service=RaftServer,group=group-3F714632D1D0,id=e7ec4170-0245-479b-9240-9904d375c1c8
2019-08-20 22:34:43,452 [Datanode State Machine Thread - 0] INFO  impl.RaftServerProxy (RaftServerProxy.java:lambda$start$3(299)) - e7ec4170-0245-479b-9240-9904d375c1c8: start RPC server
2019-08-20 22:34:43,455 [Datanode State Machine Thread - 0] INFO  server.GrpcService (GrpcService.java:startImpl(149)) - e7ec4170-0245-479b-9240-9904d375c1c8: GrpcService started, listening on 0.0.0.0/0.0.0.0:35650
2019-08-20 22:34:43,690 [main] INFO  ozone.MiniOzoneClusterImpl (MiniOzoneClusterImpl.java:shutdown(321)) - Shutting down the Mini Ozone Cluster
2019-08-20 22:34:43,690 | INFO  | SCMAudit | user=null | ip=null | op=GET_SCM_INFO null | ret=SUCCESS |  
2019-08-20 22:34:43,690 [main] INFO  ozone.MiniOzoneClusterImpl (MiniOzoneClusterImpl.java:stop(336)) - Stopping the Mini Ozone Cluster
2019-08-20 22:34:43,691 [main] INFO  ozone.MiniOzoneClusterImpl (MiniOzoneClusterImpl.java:stop(338)) - Stopping the OzoneManager
2019-08-20 22:34:43,693 [main] INFO  ipc.Server (Server.java:stop(3082)) - Stopping server on 44746
2019-08-20 22:34:43,699 [main] INFO  ratis.OzoneManagerDoubleBuffer (OzoneManagerDoubleBuffer.java:stop(248)) - Stopping OMDoubleBuffer flush thread
2019-08-20 22:34:43,701 [IPC Server Responder] INFO  ipc.Server (Server.java:run(1319)) - Stopping IPC Server Responder
2019-08-20 22:34:43,699 [IPC Server listener on 44746] INFO  ipc.Server (Server.java:run(1185)) - Stopping IPC Server listener on 44746
2019-08-20 22:34:43,706 [OMDoubleBufferFlushThread] INFO  ratis.OzoneManagerDoubleBuffer (OzoneManagerDoubleBuffer.java:flushTransactions(191)) - OMDoubleBuffer flush thread OMDoubleBufferFlushThread is interrupted and will exit. OMDoubleBufferFlushThread
2019-08-20 22:34:43,712 [main] INFO  utils.BackgroundService (BackgroundService.java:shutdown(148)) - Shutting down service KeyDeletingService
2019-08-20 22:34:43,726 [main] INFO  handler.ContextHandler (ContextHandler.java:doStop(910)) - Stopped o.e.j.w.WebAppContext@64e1e9c3{/,null,UNAVAILABLE}{/ozoneManager}
2019-08-20 22:34:43,727 [main] INFO  server.AbstractConnector (AbstractConnector.java:doStop(318)) - Stopped ServerConnector@39d96f02{HTTP/1.1,[http/1.1]}{0.0.0.0:0}
2019-08-20 22:34:43,728 [main] INFO  handler.ContextHandler (ContextHandler.java:doStop(910)) - Stopped o.e.j.s.ServletContextHandler@2836adcc{/static,file:///workdir/hadoop-ozone/integration-test/target/test-classes/webapps/static,UNAVAILABLE}
2019-08-20 22:34:43,730 [main] INFO  handler.ContextHandler (ContextHandler.java:doStop(910)) - Stopped o.e.j.s.ServletContextHandler@28248564{/logs,file:///workdir/hadoop-ozone/integration-test/target/log,UNAVAILABLE}
2019-08-20 22:34:43,734 [main] INFO  ozone.MiniOzoneClusterImpl (MiniOzoneClusterImpl.java:stop(344)) - Shutting the HddsDatanodes
2019-08-20 22:34:43,734 [main] INFO  datanode.ObjectStoreHandler (ObjectStoreHandler.java:close(155)) - Closing ObjectStoreHandler.
2019-08-20 22:34:43,734 [ForkJoinPool.commonPool-worker-0] INFO  datanode.ObjectStoreHandler (ObjectStoreHandler.java:close(155)) - Closing ObjectStoreHandler.
2019-08-20 22:34:43,735 [main] INFO  ozone.HddsDatanodeService (HddsDatanodeService.java:stop(451)) - Stopped plug-in org.apache.hadoop.ozone.web.OzoneHddsDatanodeService@148e02f2
2019-08-20 22:34:43,735 [ForkJoinPool.commonPool-worker-0] INFO  ozone.HddsDatanodeService (HddsDatanodeService.java:stop(451)) - Stopped plug-in org.apache.hadoop.ozone.web.OzoneHddsDatanodeService@3e52fd06
2019-08-20 22:34:44,732 [Datanode State Machine Thread - 0] INFO  statemachine.DatanodeStateMachine (DatanodeStateMachine.java:lambda$startDaemon$0(350)) - Ozone container server started.
2019-08-20 22:34:45,035 [Datanode State Machine Thread - 0] INFO  statemachine.DatanodeStateMachine (DatanodeStateMachine.java:lambda$startDaemon$0(350)) - Ozone container server started.
2019-08-20 22:34:45,444 | INFO  | SCMAudit | user=jenkins1000 | ip=192.168.34.20 | op=REGISTER {datanodeDetails=e7ec4170-0245-479b-9240-9904d375c1c8{ip: 192.168.34.20, host: pr-hdds-1973-9s4bv-3555888387, networkLocation: /default-rack, certSerialId: null}} | ret=SUCCESS |  
2019-08-20 22:34:45,453 [grpc-default-executor-0] INFO  impl.RaftServerProxy (RaftServerProxy.java:remove(95)) - e7ec4170-0245-479b-9240-9904d375c1c8: remove FOLLOWER group-3F714632D1D0 e7ec4170-0245-479b-9240-9904d375c1c8:t1, leader=null, voted=21a41a34-c397-489e-a4bc-2dc6392ab2c8, raftlog=e7ec4170-0245-479b-9240-9904d375c1c8-SegmentedRaftLog:OPENED:c-1,f0,i0, conf=0: [e7ec4170-0245-479b-9240-9904d375c1c8:192.168.34.20:35650, b5afc41f-867e-4200-b617-9bfa9efb1cae:192.168.34.20:36252, 21a41a34-c397-489e-a4bc-2dc6392ab2c8:192.168.34.20:46113], old=null RUNNING
2019-08-20 22:34:45,454 [grpc-default-executor-0] INFO  impl.RaftServerImpl (RaftServerImpl.java:lambda$shutdown$3(245)) - e7ec4170-0245-479b-9240-9904d375c1c8: shutdown group-3F714632D1D0
2019-08-20 22:34:45,454 [grpc-default-executor-0] INFO  util.JmxRegister (JmxRegister.java:unregister(73)) - Successfully un-registered JMX Bean with object name Ratis:service=RaftServer,group=group-3F714632D1D0,id=e7ec4170-0245-479b-9240-9904d375c1c8
2019-08-20 22:34:45,455 [grpc-default-executor-0] INFO  impl.RoleInfo (RoleInfo.java:shutdownFollowerState(121)) - e7ec4170-0245-479b-9240-9904d375c1c8: shutdown FollowerState
2019-08-20 22:34:45,455 [grpc-default-executor-0] INFO  impl.StateMachineUpdater (StateMachineUpdater.java:stopAndJoin(115)) - StateMachineUpdater:e7ec4170-0245-479b-9240-9904d375c1c8:group-3F714632D1D0: set stopIndex = -1
2019-08-20 22:34:45,455 [Thread-603] INFO  impl.FollowerState (FollowerState.java:run(114)) - e7ec4170-0245-479b-9240-9904d375c1c8: FollowerState was interrupted: java.lang.InterruptedException: sleep interrupted
2019-08-20 22:34:45,455 [grpc-default-executor-0] INFO  impl.RaftServerImpl (ServerState.java:close(394)) - e7ec4170-0245-479b-9240-9904d375c1c8:group-3F714632D1D0 closes. The last applied log index is -1
2019-08-20 22:34:45,457 [e7ec4170-0245-479b-9240-9904d375c1c8-SegmentedRaftLogWorker:Storage Directory /workdir/hadoop-ozone/integration-test/target/test-dir/MiniOzoneClusterImpl-5c06a5f5-07f4-4017-99dc-ea39d70c8a0c/datanode-2/data/ratis/0b9daab9-04c2-4e4d-ba44-3f714632d1d0] INFO  segmented.SegmentedRaftLogWorker (SegmentedRaftLogWorker.java:run(313)) - e7ec4170-0245-479b-9240-9904d375c1c8-SegmentedRaftLogWorker:Storage Directory /workdir/hadoop-ozone/integration-test/target/test-dir/MiniOzoneClusterImpl-5c06a5f5-07f4-4017-99dc-ea39d70c8a0c/datanode-2/data/ratis/0b9daab9-04c2-4e4d-ba44-3f714632d1d0 was interrupted, exiting. There are 0 tasks remaining in the queue.
2019-08-20 22:34:45,459 [grpc-default-executor-0] INFO  segmented.SegmentedRaftLogWorker (SegmentedRaftLogWorker.java:close(228)) - e7ec4170-0245-479b-9240-9904d375c1c8-SegmentedRaftLogWorker:Storage Directory /workdir/hadoop-ozone/integration-test/target/test-dir/MiniOzoneClusterImpl-5c06a5f5-07f4-4017-99dc-ea39d70c8a0c/datanode-2/data/ratis/0b9daab9-04c2-4e4d-ba44-3f714632d1d0 close()
2019-08-20 22:34:47,439 | INFO  | SCMAudit | user=jenkins1000 | ip=192.168.34.20 | op=SEND_HEARTBEAT {datanodeUUID=e7ec4170-0245-479b-9240-9904d375c1c8, command=[]} | ret=SUCCESS |  
2019-08-20 22:34:47,798 [Thread-598] INFO  impl.FollowerState (FollowerState.java:run(106)) - b5afc41f-867e-4200-b617-9bfa9efb1cae:group-3F714632D1D0 changes to CANDIDATE, lastRpcTime:5050, electionTimeout:5050ms
2019-08-20 22:34:47,798 [Thread-598] INFO  impl.RoleInfo (RoleInfo.java:shutdownFollowerState(121)) - b5afc41f-867e-4200-b617-9bfa9efb1cae: shutdown FollowerState
2019-08-20 22:34:47,798 [Thread-598] INFO  impl.RaftServerImpl (RaftServerImpl.java:setRole(171)) - b5afc41f-867e-4200-b617-9bfa9efb1cae:group-3F714632D1D0 changes role from FOLLOWER to CANDIDATE at term 1 for changeToCandidate
2019-08-20 22:34:47,799 [Thread-598] INFO  impl.RoleInfo (RoleInfo.java:updateAndGet(143)) - b5afc41f-867e-4200-b617-9bfa9efb1cae: start LeaderElection
2019-08-20 22:34:47,817 [b5afc41f-867e-4200-b617-9bfa9efb1cae:group-3F714632D1D0:LeaderElection16] INFO  impl.LeaderElection (LeaderElection.java:askForVotes(181)) - b5afc41f-867e-4200-b617-9bfa9efb1cae:group-3F714632D1D0:LeaderElection16: begin an election at term 2 for 0: [e7ec4170-0245-479b-9240-9904d375c1c8:192.168.34.20:35650, b5afc41f-867e-4200-b617-9bfa9efb1cae:192.168.34.20:36252, 21a41a34-c397-489e-a4bc-2dc6392ab2c8:192.168.34.20:46113], old=null
2019-08-20 22:34:47,825 [grpc-default-executor-0] INFO  impl.RaftServerImpl (RaftServerImpl.java:setRole(171)) - 21a41a34-c397-489e-a4bc-2dc6392ab2c8:group-3F714632D1D0 changes role from FOLLOWER to FOLLOWER at term 2 for recognizeCandidate:b5afc41f-867e-4200-b617-9bfa9efb1cae
2019-08-20 22:34:47,826 [grpc-default-executor-0] INFO  impl.RoleInfo (RoleInfo.java:shutdownFollowerState(121)) - 21a41a34-c397-489e-a4bc-2dc6392ab2c8: shutdown FollowerState
2019-08-20 22:34:47,826 [grpc-default-executor-0] INFO  impl.RoleInfo (RoleInfo.java:updateAndGet(143)) - 21a41a34-c397-489e-a4bc-2dc6392ab2c8: start FollowerState
2019-08-20 22:34:47,826 [grpc-default-executor-1] WARN  server.GrpcServerProtocolService (LogUtils.java:warn(136)) - e7ec4170-0245-479b-9240-9904d375c1c8: Failed requestVote b5afc41f-867e-4200-b617-9bfa9efb1cae->e7ec4170-0245-479b-9240-9904d375c1c8#0
org.apache.ratis.protocol.GroupMismatchException: e7ec4170-0245-479b-9240-9904d375c1c8: group-3F714632D1D0 not found.
	at org.apache.ratis.server.impl.RaftServerProxy$ImplMap.get(RaftServerProxy.java:122)
	at org.apache.ratis.server.impl.RaftServerProxy.getImplFuture(RaftServerProxy.java:269)
	at org.apache.ratis.server.impl.RaftServerProxy.getImpl(RaftServerProxy.java:278)
	at org.apache.ratis.server.impl.RaftServerProxy.getImpl(RaftServerProxy.java:273)
	at org.apache.ratis.server.impl.RaftServerProxy.requestVote(RaftServerProxy.java:442)
	at org.apache.ratis.grpc.server.GrpcServerProtocolService.requestVote(GrpcServerProtocolService.java:55)
	at org.apache.ratis.proto.grpc.RaftServerProtocolServiceGrpc$MethodHandlers.invoke(RaftServerProtocolServiceGrpc.java:319)
	at org.apache.ratis.thirdparty.io.grpc.stub.ServerCalls$UnaryServerCallHandler$UnaryServerCallListener.onHalfClose(ServerCalls.java:171)
	at org.apache.ratis.thirdparty.io.grpc.internal.ServerCallImpl$ServerStreamListenerImpl.halfClosed(ServerCallImpl.java:283)
	at org.apache.ratis.thirdparty.io.grpc.internal.ServerImpl$JumpToApplicationThreadServerStreamListener$1HalfClosed.runInContext(ServerImpl.java:710)
	at org.apache.ratis.thirdparty.io.grpc.internal.ContextRunnable.run(ContextRunnable.java:37)
	at org.apache.ratis.thirdparty.io.grpc.internal.SerializingExecutor.run(SerializingExecutor.java:123)
	at java.util.concurrent.ThreadPoolExecutor.runWorker(ThreadPoolExecutor.java:1149)
	at java.util.concurrent.ThreadPoolExecutor$Worker.run(ThreadPoolExecutor.java:624)
	at java.lang.Thread.run(Thread.java:748)
2019-08-20 22:34:47,826 [Thread-600] INFO  impl.FollowerState (FollowerState.java:run(114)) - 21a41a34-c397-489e-a4bc-2dc6392ab2c8: FollowerState was interrupted: java.lang.InterruptedException: sleep interrupted
2019-08-20 22:34:47,845 [b5afc41f-867e-4200-b617-9bfa9efb1cae:group-3F714632D1D0:LeaderElection16] INFO  impl.LeaderElection (LeaderElection.java:logAndReturn(56)) - b5afc41f-867e-4200-b617-9bfa9efb1cae:group-3F714632D1D0:LeaderElection16: Election PASSED; received 1 response(s) [b5afc41f-867e-4200-b617-9bfa9efb1cae<-21a41a34-c397-489e-a4bc-2dc6392ab2c8#0:OK-t2] and 0 exception(s); b5afc41f-867e-4200-b617-9bfa9efb1cae:t2, leader=null, voted=b5afc41f-867e-4200-b617-9bfa9efb1cae, raftlog=b5afc41f-867e-4200-b617-9bfa9efb1cae-SegmentedRaftLog:OPENED:c-1,f0,i0, conf=0: [e7ec4170-0245-479b-9240-9904d375c1c8:192.168.34.20:35650, b5afc41f-867e-4200-b617-9bfa9efb1cae:192.168.34.20:36252, 21a41a34-c397-489e-a4bc-2dc6392ab2c8:192.168.34.20:46113], old=null
2019-08-20 22:34:47,845 [b5afc41f-867e-4200-b617-9bfa9efb1cae:group-3F714632D1D0:LeaderElection16] INFO  impl.RoleInfo (RoleInfo.java:shutdownLeaderElection(134)) - b5afc41f-867e-4200-b617-9bfa9efb1cae: shutdown LeaderElection
2019-08-20 22:34:47,845 [b5afc41f-867e-4200-b617-9bfa9efb1cae:group-3F714632D1D0:LeaderElection16] INFO  impl.RaftServerImpl (RaftServerImpl.java:setRole(171)) - b5afc41f-867e-4200-b617-9bfa9efb1cae:group-3F714632D1D0 changes role from CANDIDATE to LEADER at term 2 for changeToLeader
2019-08-20 22:34:47,846 [b5afc41f-867e-4200-b617-9bfa9efb1cae:group-3F714632D1D0:LeaderElection16] INFO  impl.RaftServerImpl (ServerState.java:setLeader(263)) - b5afc41f-867e-4200-b617-9bfa9efb1cae:group-3F714632D1D0 change Leader from null to b5afc41f-867e-4200-b617-9bfa9efb1cae at term 2 for becomeLeader, leader elected after 7297ms
2019-08-20 22:34:47,846 [b5afc41f-867e-4200-b617-9bfa9efb1cae:group-3F714632D1D0:LeaderElection16] INFO  server.RaftServerConfigKeys (ConfUtils.java:logGet(43)) - raft.server.staging.catchup.gap = 1000 (default)
2019-08-20 22:34:47,846 [b5afc41f-867e-4200-b617-9bfa9efb1cae:group-3F714632D1D0:LeaderElection16] INFO  server.RaftServerConfigKeys (ConfUtils.java:logGet(43)) - raft.server.rpc.sleep.time = 25ms (default)
2019-08-20 22:34:47,846 [b5afc41f-867e-4200-b617-9bfa9efb1cae:group-3F714632D1D0:LeaderElection16] INFO  server.RaftServerConfigKeys (ConfUtils.java:logGet(43)) - raft.server.write.element-limit = 4096 (default)
2019-08-20 22:34:47,846 [b5afc41f-867e-4200-b617-9bfa9efb1cae:group-3F714632D1D0:LeaderElection16] INFO  server.RaftServerConfigKeys (ConfUtils.java:logGet(43)) - raft.server.watch.timeout = 10s (default)
2019-08-20 22:34:47,846 [b5afc41f-867e-4200-b617-9bfa9efb1cae:group-3F714632D1D0:LeaderElection16] INFO  server.RaftServerConfigKeys (ConfUtils.java:logGet(43)) - raft.server.watch.timeout.denomination = 1s (default)
2019-08-20 22:34:47,847 [b5afc41f-867e-4200-b617-9bfa9efb1cae:group-3F714632D1D0:LeaderElection16] INFO  server.RaftServerConfigKeys (ConfUtils.java:logGet(43)) - raft.server.watch.element-limit = 65536 (default)
2019-08-20 22:34:47,847 [b5afc41f-867e-4200-b617-9bfa9efb1cae:group-3F714632D1D0:LeaderElection16] INFO  server.RaftServerConfigKeys (ConfUtils.java:logGet(43)) - raft.server.log.appender.snapshot.chunk.size.max = 16MB (=16777216) (default)
2019-08-20 22:34:47,847 [b5afc41f-867e-4200-b617-9bfa9efb1cae:group-3F714632D1D0:LeaderElection16] INFO  server.RaftServerConfigKeys (ConfUtils.java:logGet(43)) - raft.server.log.appender.buffer.byte-limit = 33554432 (custom)
2019-08-20 22:34:47,847 [b5afc41f-867e-4200-b617-9bfa9efb1cae:group-3F714632D1D0:LeaderElection16] INFO  server.RaftServerConfigKeys (ConfUtils.java:logGet(43)) - raft.server.log.appender.buffer.element-limit = 1 (custom)
2019-08-20 22:34:47,848 [b5afc41f-867e-4200-b617-9bfa9efb1cae:group-3F714632D1D0:LeaderElection16] INFO  grpc.GrpcConfigKeys$Server (ConfUtils.java:logGet(43)) - raft.grpc.server.leader.outstanding.appends.max = 128 (default)
2019-08-20 22:34:47,848 [b5afc41f-867e-4200-b617-9bfa9efb1cae:group-3F714632D1D0:LeaderElection16] INFO  server.RaftServerConfigKeys (ConfUtils.java:logGet(43)) - raft.server.rpc.request.timeout = 3000ms (default)
2019-08-20 22:34:47,848 [b5afc41f-867e-4200-b617-9bfa9efb1cae:group-3F714632D1D0:LeaderElection16] INFO  server.RaftServerConfigKeys (ConfUtils.java:logGet(43)) - raft.server.log.appender.install.snapshot.enabled = false (custom)
2019-08-20 22:34:47,848 [b5afc41f-867e-4200-b617-9bfa9efb1cae:group-3F714632D1D0:LeaderElection16] INFO  server.RaftServerConfigKeys (ConfUtils.java:logGet(43)) - raft.server.log.appender.snapshot.chunk.size.max = 16MB (=16777216) (default)
2019-08-20 22:34:47,848 [b5afc41f-867e-4200-b617-9bfa9efb1cae:group-3F714632D1D0:LeaderElection16] INFO  server.RaftServerConfigKeys (ConfUtils.java:logGet(43)) - raft.server.log.appender.buffer.byte-limit = 33554432 (custom)
2019-08-20 22:34:47,848 [b5afc41f-867e-4200-b617-9bfa9efb1cae:group-3F714632D1D0:LeaderElection16] INFO  server.RaftServerConfigKeys (ConfUtils.java:logGet(43)) - raft.server.log.appender.buffer.element-limit = 1 (custom)
2019-08-20 22:34:47,849 [b5afc41f-867e-4200-b617-9bfa9efb1cae:group-3F714632D1D0:LeaderElection16] INFO  grpc.GrpcConfigKeys$Server (ConfUtils.java:logGet(43)) - raft.grpc.server.leader.outstanding.appends.max = 128 (default)
2019-08-20 22:34:47,849 [b5afc41f-867e-4200-b617-9bfa9efb1cae:group-3F714632D1D0:LeaderElection16] INFO  server.RaftServerConfigKeys (ConfUtils.java:logGet(43)) - raft.server.rpc.request.timeout = 3000ms (default)
2019-08-20 22:34:47,849 [b5afc41f-867e-4200-b617-9bfa9efb1cae:group-3F714632D1D0:LeaderElection16] INFO  server.RaftServerConfigKeys (ConfUtils.java:logGet(43)) - raft.server.log.appender.install.snapshot.enabled = false (custom)
2019-08-20 22:34:47,849 [b5afc41f-867e-4200-b617-9bfa9efb1cae:group-3F714632D1D0:LeaderElection16] INFO  impl.RoleInfo (RoleInfo.java:updateAndGet(143)) - b5afc41f-867e-4200-b617-9bfa9efb1cae: start LeaderState
2019-08-20 22:34:47,850 [b5afc41f-867e-4200-b617-9bfa9efb1cae:group-3F714632D1D0:LeaderElection16] INFO  segmented.SegmentedRaftLogWorker (SegmentedRaftLogWorker.java:rollLogSegment(385)) - b5afc41f-867e-4200-b617-9bfa9efb1cae-SegmentedRaftLogWorker:Storage Directory /workdir/hadoop-ozone/integration-test/target/test-dir/MiniOzoneClusterImpl-5c06a5f5-07f4-4017-99dc-ea39d70c8a0c/datanode-0/data/ratis/0b9daab9-04c2-4e4d-ba44-3f714632d1d0: Rolling segment log-0_0 to index:0
2019-08-20 22:34:47,855 [b5afc41f-867e-4200-b617-9bfa9efb1cae-SegmentedRaftLogWorker:Storage Directory /workdir/hadoop-ozone/integration-test/target/test-dir/MiniOzoneClusterImpl-5c06a5f5-07f4-4017-99dc-ea39d70c8a0c/datanode-0/data/ratis/0b9daab9-04c2-4e4d-ba44-3f714632d1d0] INFO  segmented.SegmentedRaftLogWorker (SegmentedRaftLogWorker.java:execute(526)) - b5afc41f-867e-4200-b617-9bfa9efb1cae-SegmentedRaftLogWorker:Storage Directory /workdir/hadoop-ozone/integration-test/target/test-dir/MiniOzoneClusterImpl-5c06a5f5-07f4-4017-99dc-ea39d70c8a0c/datanode-0/data/ratis/0b9daab9-04c2-4e4d-ba44-3f714632d1d0: Rolled log segment from /workdir/hadoop-ozone/integration-test/target/test-dir/MiniOzoneClusterImpl-5c06a5f5-07f4-4017-99dc-ea39d70c8a0c/datanode-0/data/ratis/0b9daab9-04c2-4e4d-ba44-3f714632d1d0/current/log_inprogress_0 to /workdir/hadoop-ozone/integration-test/target/test-dir/MiniOzoneClusterImpl-5c06a5f5-07f4-4017-99dc-ea39d70c8a0c/datanode-0/data/ratis/0b9daab9-04c2-4e4d-ba44-3f714632d1d0/current/log_0-0
2019-08-20 22:34:47,858 [b5afc41f-867e-4200-b617-9bfa9efb1cae:group-3F714632D1D0:LeaderElection16] INFO  impl.RaftServerImpl (ServerState.java:setRaftConf(361)) - b5afc41f-867e-4200-b617-9bfa9efb1cae:group-3F714632D1D0 set configuration 1: [e7ec4170-0245-479b-9240-9904d375c1c8:192.168.34.20:35650, b5afc41f-867e-4200-b617-9bfa9efb1cae:192.168.34.20:36252, 21a41a34-c397-489e-a4bc-2dc6392ab2c8:192.168.34.20:46113], old=null at 1
2019-08-20 22:34:47,895 [grpc-default-executor-0] INFO  impl.RaftServerImpl (ServerState.java:setLeader(263)) - 21a41a34-c397-489e-a4bc-2dc6392ab2c8:group-3F714632D1D0 change Leader from null to b5afc41f-867e-4200-b617-9bfa9efb1cae at term 2 for appendEntries, leader elected after 7076ms
2019-08-20 22:34:47,911 [b5afc41f-867e-4200-b617-9bfa9efb1cae-SegmentedRaftLogWorker:Storage Directory /workdir/hadoop-ozone/integration-test/target/test-dir/MiniOzoneClusterImpl-5c06a5f5-07f4-4017-99dc-ea39d70c8a0c/datanode-0/data/ratis/0b9daab9-04c2-4e4d-ba44-3f714632d1d0] INFO  segmented.SegmentedRaftLogWorker (SegmentedRaftLogWorker.java:execute(569)) - b5afc41f-867e-4200-b617-9bfa9efb1cae-SegmentedRaftLogWorker:Storage Directory /workdir/hadoop-ozone/integration-test/target/test-dir/MiniOzoneClusterImpl-5c06a5f5-07f4-4017-99dc-ea39d70c8a0c/datanode-0/data/ratis/0b9daab9-04c2-4e4d-ba44-3f714632d1d0: created new log segment /workdir/hadoop-ozone/integration-test/target/test-dir/MiniOzoneClusterImpl-5c06a5f5-07f4-4017-99dc-ea39d70c8a0c/datanode-0/data/ratis/0b9daab9-04c2-4e4d-ba44-3f714632d1d0/current/log_inprogress_1
2019-08-20 22:34:47,917 [grpc-default-executor-1] INFO  impl.RaftServerProxy (RaftServerProxy.java:addNew(89)) - e7ec4170-0245-479b-9240-9904d375c1c8: addNew group-4D1C1CB45760:[e7ec4170-0245-479b-9240-9904d375c1c8:192.168.34.20:35650] returns group-4D1C1CB45760:java.util.concurrent.CompletableFuture@7503c2f7[Not completed]
2019-08-20 22:34:47,918 [grpc-default-executor-0] INFO  impl.RaftServerImpl (ServerState.java:setRaftConf(361)) - 21a41a34-c397-489e-a4bc-2dc6392ab2c8:group-3F714632D1D0 set configuration 1: [e7ec4170-0245-479b-9240-9904d375c1c8:192.168.34.20:35650, b5afc41f-867e-4200-b617-9bfa9efb1cae:192.168.34.20:36252, 21a41a34-c397-489e-a4bc-2dc6392ab2c8:192.168.34.20:46113], old=null at 1
2019-08-20 22:34:47,918 [grpc-default-executor-0] INFO  segmented.SegmentedRaftLogWorker (SegmentedRaftLogWorker.java:rollLogSegment(385)) - 21a41a34-c397-489e-a4bc-2dc6392ab2c8-SegmentedRaftLogWorker:Storage Directory /workdir/hadoop-ozone/integration-test/target/test-dir/MiniOzoneClusterImpl-5c06a5f5-07f4-4017-99dc-ea39d70c8a0c/datanode-1/data/ratis/0b9daab9-04c2-4e4d-ba44-3f714632d1d0: Rolling segment log-0_0 to index:0
2019-08-20 22:34:47,918 [pool-170-thread-1] INFO  impl.RaftServerImpl (RaftServerImpl.java:<init>(93)) - e7ec4170-0245-479b-9240-9904d375c1c8: new RaftServerImpl for group-4D1C1CB45760:[e7ec4170-0245-479b-9240-9904d375c1c8:192.168.34.20:35650] with ContainerStateMachine:uninitialized
2019-08-20 22:34:47,920 [pool-170-thread-1] INFO  server.RaftServerConfigKeys (ConfUtils.java:logGet(43)) - raft.server.rpc.timeout.min = 5s (custom)
2019-08-20 22:34:47,920 [pool-170-thread-1] INFO  server.RaftServerConfigKeys (ConfUtils.java:logGet(43)) - raft.server.rpc.timeout.max = 5200ms (custom)
2019-08-20 22:34:47,920 [21a41a34-c397-489e-a4bc-2dc6392ab2c8-SegmentedRaftLogWorker:Storage Directory /workdir/hadoop-ozone/integration-test/target/test-dir/MiniOzoneClusterImpl-5c06a5f5-07f4-4017-99dc-ea39d70c8a0c/datanode-1/data/ratis/0b9daab9-04c2-4e4d-ba44-3f714632d1d0] INFO  segmented.SegmentedRaftLogWorker (SegmentedRaftLogWorker.java:execute(526)) - 21a41a34-c397-489e-a4bc-2dc6392ab2c8-SegmentedRaftLogWorker:Storage Directory /workdir/hadoop-ozone/integration-test/target/test-dir/MiniOzoneClusterImpl-5c06a5f5-07f4-4017-99dc-ea39d70c8a0c/datanode-1/data/ratis/0b9daab9-04c2-4e4d-ba44-3f714632d1d0: Rolled log segment from /workdir/hadoop-ozone/integration-test/target/test-dir/MiniOzoneClusterImpl-5c06a5f5-07f4-4017-99dc-ea39d70c8a0c/datanode-1/data/ratis/0b9daab9-04c2-4e4d-ba44-3f714632d1d0/current/log_inprogress_0 to /workdir/hadoop-ozone/integration-test/target/test-dir/MiniOzoneClusterImpl-5c06a5f5-07f4-4017-99dc-ea39d70c8a0c/datanode-1/data/ratis/0b9daab9-04c2-4e4d-ba44-3f714632d1d0/current/log_0-0
2019-08-20 22:34:47,920 [pool-170-thread-1] INFO  server.RaftServerConfigKeys (ConfUtils.java:logGet(43)) - raft.server.rpcslowness.timeout = 120s (custom)
2019-08-20 22:34:47,921 [pool-170-thread-1] INFO  server.RaftServerConfigKeys (ConfUtils.java:logGet(43)) - raft.server.sleep.deviation.threshold = 300 (default)
2019-08-20 22:34:47,921 [pool-170-thread-1] INFO  server.RaftServerConfigKeys (ConfUtils.java:logGet(43)) - raft.server.log.appender.install.snapshot.enabled = false (custom)
2019-08-20 22:34:47,921 [pool-170-thread-1] INFO  impl.RaftServerImpl (ServerState.java:<init>(105)) - e7ec4170-0245-479b-9240-9904d375c1c8:group-4D1C1CB45760 ConfigurationManager, init=-1: [e7ec4170-0245-479b-9240-9904d375c1c8:192.168.34.20:35650], old=null, confs=<EMPTY_MAP>
2019-08-20 22:34:47,921 [pool-170-thread-1] INFO  server.RaftServerConfigKeys (ConfUtils.java:logGet(43)) - raft.server.storage.dir = [/workdir/hadoop-ozone/integration-test/target/test-dir/MiniOzoneClusterImpl-5c06a5f5-07f4-4017-99dc-ea39d70c8a0c/datanode-2/data/ratis] (custom)
2019-08-20 22:34:47,921 [pool-170-thread-1] INFO  storage.RaftStorageDirectory (RaftStorageDirectory.java:analyzeStorage(246)) - The storage directory /workdir/hadoop-ozone/integration-test/target/test-dir/MiniOzoneClusterImpl-5c06a5f5-07f4-4017-99dc-ea39d70c8a0c/datanode-2/data/ratis/4a0693ed-dfd4-40fe-a663-4d1c1cb45760 does not exist. Creating ...
2019-08-20 22:34:47,924 [pool-170-thread-1] INFO  storage.RaftStorageDirectory (RaftStorageDirectory.java:tryLock(328)) - Lock on /workdir/hadoop-ozone/integration-test/target/test-dir/MiniOzoneClusterImpl-5c06a5f5-07f4-4017-99dc-ea39d70c8a0c/datanode-2/data/ratis/4a0693ed-dfd4-40fe-a663-4d1c1cb45760/in_use.lock acquired by nodename 22484@pr-hdds-1973-9s4bv-3555888387
2019-08-20 22:34:47,938 [pool-170-thread-1] INFO  storage.RaftStorage (RaftStorage.java:format(72)) - Storage directory /workdir/hadoop-ozone/integration-test/target/test-dir/MiniOzoneClusterImpl-5c06a5f5-07f4-4017-99dc-ea39d70c8a0c/datanode-2/data/ratis/4a0693ed-dfd4-40fe-a663-4d1c1cb45760 has been successfully formatted.
2019-08-20 22:34:47,938 [pool-170-thread-1] INFO  ratis.ContainerStateMachine (ContainerStateMachine.java:loadSnapshot(222)) - group-4D1C1CB45760: The snapshot info is null. Setting the last applied indexto:(t:0, i:~)
2019-08-20 22:34:47,938 [Thread-599] INFO  impl.FollowerState (FollowerState.java:run(106)) - b5afc41f-867e-4200-b617-9bfa9efb1cae:group-0E2F75DDD81D changes to CANDIDATE, lastRpcTime:5190, electionTimeout:5190ms
2019-08-20 22:34:47,938 [pool-170-thread-1] INFO  server.RaftServerConfigKeys (ConfUtils.java:logGet(43)) - raft.server.leader.election.timeout = 120s (custom)
2019-08-20 22:34:47,938 [Thread-599] INFO  impl.RoleInfo (RoleInfo.java:shutdownFollowerState(121)) - b5afc41f-867e-4200-b617-9bfa9efb1cae: shutdown FollowerState
2019-08-20 22:34:47,939 [pool-170-thread-1] INFO  server.RaftServerConfigKeys (ConfUtils.java:logGet(43)) - raft.server.log.use.memory = false (default)
2019-08-20 22:34:47,939 [Thread-599] INFO  impl.RaftServerImpl (RaftServerImpl.java:setRole(171)) - b5afc41f-867e-4200-b617-9bfa9efb1cae:group-0E2F75DDD81D changes role from FOLLOWER to CANDIDATE at term 1 for changeToCandidate
2019-08-20 22:34:47,939 [pool-170-thread-1] INFO  server.RaftServerConfigKeys (ConfUtils.java:logGet(43)) - raft.server.log.purge.gap = 1000000 (custom)
2019-08-20 22:34:47,939 [Thread-599] INFO  impl.RoleInfo (RoleInfo.java:updateAndGet(143)) - b5afc41f-867e-4200-b617-9bfa9efb1cae: start LeaderElection
2019-08-20 22:34:47,939 [pool-170-thread-1] INFO  server.RaftServerConfigKeys (ConfUtils.java:logGet(43)) - raft.server.log.appender.buffer.byte-limit = 33554432 (custom)
2019-08-20 22:34:47,939 [pool-170-thread-1] INFO  server.RaftServerConfigKeys (ConfUtils.java:logGet(43)) - raft.server.log.segment.size.max = 1048576 (custom)
2019-08-20 22:34:47,963 [pool-170-thread-1] INFO  server.RaftServerConfigKeys (ConfUtils.java:logGet(43)) - raft.server.log.segment.cache.num.max = 2 (custom)
2019-08-20 22:34:47,963 [pool-170-thread-1] INFO  segmented.SegmentedRaftLogWorker (SegmentedRaftLogWorker.java:<init>(172)) - new e7ec4170-0245-479b-9240-9904d375c1c8-SegmentedRaftLogWorker:Storage Directory /workdir/hadoop-ozone/integration-test/target/test-dir/MiniOzoneClusterImpl-5c06a5f5-07f4-4017-99dc-ea39d70c8a0c/datanode-2/data/ratis/4a0693ed-dfd4-40fe-a663-4d1c1cb45760 for RaftStorage:Storage Directory /workdir/hadoop-ozone/integration-test/target/test-dir/MiniOzoneClusterImpl-5c06a5f5-07f4-4017-99dc-ea39d70c8a0c/datanode-2/data/ratis/4a0693ed-dfd4-40fe-a663-4d1c1cb45760
2019-08-20 22:34:47,963 [pool-170-thread-1] INFO  server.RaftServerConfigKeys (ConfUtils.java:logGet(43)) - raft.server.log.queue.byte-limit = 2147483647 (custom)
2019-08-20 22:34:47,963 [pool-170-thread-1] INFO  server.RaftServerConfigKeys (ConfUtils.java:logGet(43)) - raft.server.log.queue.element-limit = 1024 (custom)
2019-08-20 22:34:47,963 [pool-170-thread-1] INFO  server.RaftServerConfigKeys (ConfUtils.java:logGet(43)) - raft.server.log.segment.size.max = 1048576 (custom)
2019-08-20 22:34:47,963 [pool-170-thread-1] INFO  server.RaftServerConfigKeys (ConfUtils.java:logGet(43)) - raft.server.log.preallocated.size = 16384 (custom)
2019-08-20 22:34:47,964 [pool-170-thread-1] INFO  server.RaftServerConfigKeys (ConfUtils.java:logGet(43)) - raft.server.log.write.buffer.size = 33554432 (custom)
2019-08-20 22:34:47,964 [pool-170-thread-1] INFO  server.RaftServerConfigKeys (ConfUtils.java:logGet(43)) - raft.server.log.force.sync.num = 128 (default)
2019-08-20 22:34:47,964 [pool-170-thread-1] INFO  server.RaftServerConfigKeys (ConfUtils.java:logGet(43)) - raft.server.log.statemachine.data.sync = true (default)
2019-08-20 22:34:47,964 [pool-170-thread-1] INFO  server.RaftServerConfigKeys (ConfUtils.java:logGet(43)) - raft.server.log.statemachine.data.sync.timeout = 10s (default)
2019-08-20 22:34:47,964 [pool-170-thread-1] INFO  server.RaftServerConfigKeys (ConfUtils.java:logGet(43)) - raft.server.log.statemachine.data.sync.timeout.retry = -1 (default)
2019-08-20 22:34:47,964 [pool-170-thread-1] INFO  server.RaftServerConfigKeys (ConfUtils.java:logGet(43)) - raft.server.log.statemachine.data.caching.enabled = true (custom)
2019-08-20 22:34:47,965 [pool-170-thread-1] INFO  segmented.SegmentedRaftLogWorker (SegmentedRaftLogWorker.java:lambda$new$0(132)) - e7ec4170-0245-479b-9240-9904d375c1c8-SegmentedRaftLogWorker:Storage Directory /workdir/hadoop-ozone/integration-test/target/test-dir/MiniOzoneClusterImpl-5c06a5f5-07f4-4017-99dc-ea39d70c8a0c/datanode-2/data/ratis/4a0693ed-dfd4-40fe-a663-4d1c1cb45760: flushIndex: setUnconditionally 0 -> -1
2019-08-20 22:34:47,965 [pool-170-thread-1] INFO  server.RaftServerConfigKeys (ConfUtils.java:logGet(43)) - raft.server.snapshot.auto.trigger.enabled = true (custom)
2019-08-20 22:34:47,965 [pool-170-thread-1] INFO  server.RaftServerConfigKeys (ConfUtils.java:logGet(43)) - raft.server.snapshot.auto.trigger.threshold = 10000 (custom)
2019-08-20 22:34:47,965 [pool-170-thread-1] INFO  server.RaftServerConfigKeys (ConfUtils.java:logGet(43)) - raft.server.retrycache.expirytime = 600000ms (custom)
2019-08-20 22:34:47,966 [pool-170-thread-1] INFO  impl.RaftServerImpl (RaftServerImpl.java:start(180)) - e7ec4170-0245-479b-9240-9904d375c1c8: start group-4D1C1CB45760
2019-08-20 22:34:47,966 [pool-170-thread-1] INFO  impl.RaftServerImpl (RaftServerImpl.java:setRole(171)) - e7ec4170-0245-479b-9240-9904d375c1c8:group-4D1C1CB45760 changes role from null to FOLLOWER at term 0 for startAsFollower
2019-08-20 22:34:47,966 [pool-170-thread-1] INFO  impl.RoleInfo (RoleInfo.java:updateAndGet(143)) - e7ec4170-0245-479b-9240-9904d375c1c8: start FollowerState
2019-08-20 22:34:47,966 [pool-170-thread-1] INFO  util.JmxRegister (JmxRegister.java:tryRegister(44)) - Successfully registered JMX Bean with object name Ratis:service=RaftServer,group=group-4D1C1CB45760,id=e7ec4170-0245-479b-9240-9904d375c1c8
2019-08-20 22:34:47,971 [RatisPipelineUtilsThread] INFO  pipeline.PipelineStateManager (PipelineStateManager.java:addPipeline(56)) - Created pipeline Pipeline[ Id: 4a0693ed-dfd4-40fe-a663-4d1c1cb45760, Nodes: e7ec4170-0245-479b-9240-9904d375c1c8{ip: 192.168.34.20, host: pr-hdds-1973-9s4bv-3555888387, networkLocation: /default-rack, certSerialId: null}, Type:RATIS, Factor:ONE, State:OPEN]
2019-08-20 22:34:47,971 [21a41a34-c397-489e-a4bc-2dc6392ab2c8-SegmentedRaftLogWorker:Storage Directory /workdir/hadoop-ozone/integration-test/target/test-dir/MiniOzoneClusterImpl-5c06a5f5-07f4-4017-99dc-ea39d70c8a0c/datanode-1/data/ratis/0b9daab9-04c2-4e4d-ba44-3f714632d1d0] INFO  segmented.SegmentedRaftLogWorker (SegmentedRaftLogWorker.java:execute(569)) - 21a41a34-c397-489e-a4bc-2dc6392ab2c8-SegmentedRaftLogWorker:Storage Directory /workdir/hadoop-ozone/integration-test/target/test-dir/MiniOzoneClusterImpl-5c06a5f5-07f4-4017-99dc-ea39d70c8a0c/datanode-1/data/ratis/0b9daab9-04c2-4e4d-ba44-3f714632d1d0: created new log segment /workdir/hadoop-ozone/integration-test/target/test-dir/MiniOzoneClusterImpl-5c06a5f5-07f4-4017-99dc-ea39d70c8a0c/datanode-1/data/ratis/0b9daab9-04c2-4e4d-ba44-3f714632d1d0/current/log_inprogress_1
2019-08-20 22:34:47,971 [b5afc41f-867e-4200-b617-9bfa9efb1cae:group-0E2F75DDD81D:LeaderElection17] INFO  impl.LeaderElection (LeaderElection.java:askForVotes(181)) - b5afc41f-867e-4200-b617-9bfa9efb1cae:group-0E2F75DDD81D:LeaderElection17: begin an election at term 2 for 0: [b5afc41f-867e-4200-b617-9bfa9efb1cae:192.168.34.20:36252], old=null
2019-08-20 22:34:47,971 [b5afc41f-867e-4200-b617-9bfa9efb1cae:group-0E2F75DDD81D:LeaderElection17] INFO  impl.RoleInfo (RoleInfo.java:shutdownLeaderElection(134)) - b5afc41f-867e-4200-b617-9bfa9efb1cae: shutdown LeaderElection
2019-08-20 22:34:47,971 [b5afc41f-867e-4200-b617-9bfa9efb1cae:group-0E2F75DDD81D:LeaderElection17] INFO  impl.RaftServerImpl (RaftServerImpl.java:setRole(171)) - b5afc41f-867e-4200-b617-9bfa9efb1cae:group-0E2F75DDD81D changes role from CANDIDATE to LEADER at term 2 for changeToLeader
2019-08-20 22:34:47,971 [b5afc41f-867e-4200-b617-9bfa9efb1cae:group-0E2F75DDD81D:LeaderElection17] INFO  impl.RaftServerImpl (ServerState.java:setLeader(263)) - b5afc41f-867e-4200-b617-9bfa9efb1cae:group-0E2F75DDD81D change Leader from null to b5afc41f-867e-4200-b617-9bfa9efb1cae at term 2 for becomeLeader, leader elected after 7466ms
2019-08-20 22:34:47,972 [b5afc41f-867e-4200-b617-9bfa9efb1cae:group-0E2F75DDD81D:LeaderElection17] INFO  server.RaftServerConfigKeys (ConfUtils.java:logGet(43)) - raft.server.staging.catchup.gap = 1000 (default)
2019-08-20 22:34:47,972 [b5afc41f-867e-4200-b617-9bfa9efb1cae:group-0E2F75DDD81D:LeaderElection17] INFO  server.RaftServerConfigKeys (ConfUtils.java:logGet(43)) - raft.server.rpc.sleep.time = 25ms (default)
2019-08-20 22:34:47,972 [b5afc41f-867e-4200-b617-9bfa9efb1cae:group-0E2F75DDD81D:LeaderElection17] INFO  server.RaftServerConfigKeys (ConfUtils.java:logGet(43)) - raft.server.write.element-limit = 4096 (default)
2019-08-20 22:34:47,972 [b5afc41f-867e-4200-b617-9bfa9efb1cae:group-0E2F75DDD81D:LeaderElection17] INFO  server.RaftServerConfigKeys (ConfUtils.java:logGet(43)) - raft.server.watch.timeout = 10s (default)
2019-08-20 22:34:47,972 [b5afc41f-867e-4200-b617-9bfa9efb1cae:group-0E2F75DDD81D:LeaderElection17] INFO  server.RaftServerConfigKeys (ConfUtils.java:logGet(43)) - raft.server.watch.timeout.denomination = 1s (default)
2019-08-20 22:34:47,972 [b5afc41f-867e-4200-b617-9bfa9efb1cae:group-0E2F75DDD81D:LeaderElection17] INFO  server.RaftServerConfigKeys (ConfUtils.java:logGet(43)) - raft.server.watch.element-limit = 65536 (default)
2019-08-20 22:34:47,973 [b5afc41f-867e-4200-b617-9bfa9efb1cae:group-0E2F75DDD81D:LeaderElection17] INFO  impl.RoleInfo (RoleInfo.java:updateAndGet(143)) - b5afc41f-867e-4200-b617-9bfa9efb1cae: start LeaderState
2019-08-20 22:34:47,973 [b5afc41f-867e-4200-b617-9bfa9efb1cae:group-0E2F75DDD81D:LeaderElection17] INFO  segmented.SegmentedRaftLogWorker (SegmentedRaftLogWorker.java:rollLogSegment(385)) - b5afc41f-867e-4200-b617-9bfa9efb1cae-SegmentedRaftLogWorker:Storage Directory /workdir/hadoop-ozone/integration-test/target/test-dir/MiniOzoneClusterImpl-5c06a5f5-07f4-4017-99dc-ea39d70c8a0c/datanode-0/data/ratis/48756d22-38a5-40c7-a80e-0e2f75ddd81d: Rolling segment log-0_0 to index:0
2019-08-20 22:34:47,975 [b5afc41f-867e-4200-b617-9bfa9efb1cae:group-0E2F75DDD81D:LeaderElection17] INFO  impl.RaftServerImpl (ServerState.java:setRaftConf(361)) - b5afc41f-867e-4200-b617-9bfa9efb1cae:group-0E2F75DDD81D set configuration 1: [b5afc41f-867e-4200-b617-9bfa9efb1cae:192.168.34.20:36252], old=null at 1
2019-08-20 22:34:47,976 [b5afc41f-867e-4200-b617-9bfa9efb1cae-SegmentedRaftLogWorker:Storage Directory /workdir/hadoop-ozone/integration-test/target/test-dir/MiniOzoneClusterImpl-5c06a5f5-07f4-4017-99dc-ea39d70c8a0c/datanode-0/data/ratis/48756d22-38a5-40c7-a80e-0e2f75ddd81d] INFO  segmented.SegmentedRaftLogWorker (SegmentedRaftLogWorker.java:execute(526)) - b5afc41f-867e-4200-b617-9bfa9efb1cae-SegmentedRaftLogWorker:Storage Directory /workdir/hadoop-ozone/integration-test/target/test-dir/MiniOzoneClusterImpl-5c06a5f5-07f4-4017-99dc-ea39d70c8a0c/datanode-0/data/ratis/48756d22-38a5-40c7-a80e-0e2f75ddd81d: Rolled log segment from /workdir/hadoop-ozone/integration-test/target/test-dir/MiniOzoneClusterImpl-5c06a5f5-07f4-4017-99dc-ea39d70c8a0c/datanode-0/data/ratis/48756d22-38a5-40c7-a80e-0e2f75ddd81d/current/log_inprogress_0 to /workdir/hadoop-ozone/integration-test/target/test-dir/MiniOzoneClusterImpl-5c06a5f5-07f4-4017-99dc-ea39d70c8a0c/datanode-0/data/ratis/48756d22-38a5-40c7-a80e-0e2f75ddd81d/current/log_0-0
2019-08-20 22:34:48,025 [b5afc41f-867e-4200-b617-9bfa9efb1cae-SegmentedRaftLogWorker:Storage Directory /workdir/hadoop-ozone/integration-test/target/test-dir/MiniOzoneClusterImpl-5c06a5f5-07f4-4017-99dc-ea39d70c8a0c/datanode-0/data/ratis/48756d22-38a5-40c7-a80e-0e2f75ddd81d] INFO  segmented.SegmentedRaftLogWorker (SegmentedRaftLogWorker.java:execute(569)) - b5afc41f-867e-4200-b617-9bfa9efb1cae-SegmentedRaftLogWorker:Storage Directory /workdir/hadoop-ozone/integration-test/target/test-dir/MiniOzoneClusterImpl-5c06a5f5-07f4-4017-99dc-ea39d70c8a0c/datanode-0/data/ratis/48756d22-38a5-40c7-a80e-0e2f75ddd81d: created new log segment /workdir/hadoop-ozone/integration-test/target/test-dir/MiniOzoneClusterImpl-5c06a5f5-07f4-4017-99dc-ea39d70c8a0c/datanode-0/data/ratis/48756d22-38a5-40c7-a80e-0e2f75ddd81d/current/log_inprogress_1
2019-08-20 22:34:48,115 [Thread-601] INFO  impl.FollowerState (FollowerState.java:run(106)) - 21a41a34-c397-489e-a4bc-2dc6392ab2c8:group-97ECD3A78E61 changes to CANDIDATE, lastRpcTime:5064, electionTimeout:5064ms
2019-08-20 22:34:48,115 [Thread-601] INFO  impl.RoleInfo (RoleInfo.java:shutdownFollowerState(121)) - 21a41a34-c397-489e-a4bc-2dc6392ab2c8: shutdown FollowerState
2019-08-20 22:34:48,115 [Thread-601] INFO  impl.RaftServerImpl (RaftServerImpl.java:setRole(171)) - 21a41a34-c397-489e-a4bc-2dc6392ab2c8:group-97ECD3A78E61 changes role from FOLLOWER to CANDIDATE at term 1 for changeToCandidate
2019-08-20 22:34:48,115 [Thread-601] INFO  impl.RoleInfo (RoleInfo.java:updateAndGet(143)) - 21a41a34-c397-489e-a4bc-2dc6392ab2c8: start LeaderElection
2019-08-20 22:34:48,132 [21a41a34-c397-489e-a4bc-2dc6392ab2c8:group-97ECD3A78E61:LeaderElection18] INFO  impl.LeaderElection (LeaderElection.java:askForVotes(181)) - 21a41a34-c397-489e-a4bc-2dc6392ab2c8:group-97ECD3A78E61:LeaderElection18: begin an election at term 2 for 0: [21a41a34-c397-489e-a4bc-2dc6392ab2c8:192.168.34.20:46113], old=null
2019-08-20 22:34:48,133 [21a41a34-c397-489e-a4bc-2dc6392ab2c8:group-97ECD3A78E61:LeaderElection18] INFO  impl.RoleInfo (RoleInfo.java:shutdownLeaderElection(134)) - 21a41a34-c397-489e-a4bc-2dc6392ab2c8: shutdown LeaderElection
2019-08-20 22:34:48,133 [21a41a34-c397-489e-a4bc-2dc6392ab2c8:group-97ECD3A78E61:LeaderElection18] INFO  impl.RaftServerImpl (RaftServerImpl.java:setRole(171)) - 21a41a34-c397-489e-a4bc-2dc6392ab2c8:group-97ECD3A78E61 changes role from CANDIDATE to LEADER at term 2 for changeToLeader
2019-08-20 22:34:48,133 [21a41a34-c397-489e-a4bc-2dc6392ab2c8:group-97ECD3A78E61:LeaderElection18] INFO  impl.RaftServerImpl (ServerState.java:setLeader(263)) - 21a41a34-c397-489e-a4bc-2dc6392ab2c8:group-97ECD3A78E61 change Leader from null to 21a41a34-c397-489e-a4bc-2dc6392ab2c8 at term 2 for becomeLeader, leader elected after 7362ms
2019-08-20 22:34:48,133 [21a41a34-c397-489e-a4bc-2dc6392ab2c8:group-97ECD3A78E61:LeaderElection18] INFO  server.RaftServerConfigKeys (ConfUtils.java:logGet(43)) - raft.server.staging.catchup.gap = 1000 (default)
2019-08-20 22:34:48,133 [21a41a34-c397-489e-a4bc-2dc6392ab2c8:group-97ECD3A78E61:LeaderElection18] INFO  server.RaftServerConfigKeys (ConfUtils.java:logGet(43)) - raft.server.rpc.sleep.time = 25ms (default)
2019-08-20 22:34:48,133 [21a41a34-c397-489e-a4bc-2dc6392ab2c8:group-97ECD3A78E61:LeaderElection18] INFO  server.RaftServerConfigKeys (ConfUtils.java:logGet(43)) - raft.server.write.element-limit = 4096 (default)
2019-08-20 22:34:48,134 [21a41a34-c397-489e-a4bc-2dc6392ab2c8:group-97ECD3A78E61:LeaderElection18] INFO  server.RaftServerConfigKeys (ConfUtils.java:logGet(43)) - raft.server.watch.timeout = 10s (default)
2019-08-20 22:34:48,134 [21a41a34-c397-489e-a4bc-2dc6392ab2c8:group-97ECD3A78E61:LeaderElection18] INFO  server.RaftServerConfigKeys (ConfUtils.java:logGet(43)) - raft.server.watch.timeout.denomination = 1s (default)
2019-08-20 22:34:48,134 [21a41a34-c397-489e-a4bc-2dc6392ab2c8:group-97ECD3A78E61:LeaderElection18] INFO  server.RaftServerConfigKeys (ConfUtils.java:logGet(43)) - raft.server.watch.element-limit = 65536 (default)
2019-08-20 22:34:48,134 [21a41a34-c397-489e-a4bc-2dc6392ab2c8:group-97ECD3A78E61:LeaderElection18] INFO  impl.RoleInfo (RoleInfo.java:updateAndGet(143)) - 21a41a34-c397-489e-a4bc-2dc6392ab2c8: start LeaderState
2019-08-20 22:34:48,135 [21a41a34-c397-489e-a4bc-2dc6392ab2c8:group-97ECD3A78E61:LeaderElection18] INFO  segmented.SegmentedRaftLogWorker (SegmentedRaftLogWorker.java:rollLogSegment(385)) - 21a41a34-c397-489e-a4bc-2dc6392ab2c8-SegmentedRaftLogWorker:Storage Directory /workdir/hadoop-ozone/integration-test/target/test-dir/MiniOzoneClusterImpl-5c06a5f5-07f4-4017-99dc-ea39d70c8a0c/datanode-1/data/ratis/76950faa-821a-4fb1-94a2-97ecd3a78e61: Rolling segment log-0_0 to index:0
2019-08-20 22:34:48,136 [21a41a34-c397-489e-a4bc-2dc6392ab2c8:group-97ECD3A78E61:LeaderElection18] INFO  impl.RaftServerImpl (ServerState.java:setRaftConf(361)) - 21a41a34-c397-489e-a4bc-2dc6392ab2c8:group-97ECD3A78E61 set configuration 1: [21a41a34-c397-489e-a4bc-2dc6392ab2c8:192.168.34.20:46113], old=null at 1
2019-08-20 22:34:48,137 [21a41a34-c397-489e-a4bc-2dc6392ab2c8-SegmentedRaftLogWorker:Storage Directory /workdir/hadoop-ozone/integration-test/target/test-dir/MiniOzoneClusterImpl-5c06a5f5-07f4-4017-99dc-ea39d70c8a0c/datanode-1/data/ratis/76950faa-821a-4fb1-94a2-97ecd3a78e61] INFO  segmented.SegmentedRaftLogWorker (SegmentedRaftLogWorker.java:execute(526)) - 21a41a34-c397-489e-a4bc-2dc6392ab2c8-SegmentedRaftLogWorker:Storage Directory /workdir/hadoop-ozone/integration-test/target/test-dir/MiniOzoneClusterImpl-5c06a5f5-07f4-4017-99dc-ea39d70c8a0c/datanode-1/data/ratis/76950faa-821a-4fb1-94a2-97ecd3a78e61: Rolled log segment from /workdir/hadoop-ozone/integration-test/target/test-dir/MiniOzoneClusterImpl-5c06a5f5-07f4-4017-99dc-ea39d70c8a0c/datanode-1/data/ratis/76950faa-821a-4fb1-94a2-97ecd3a78e61/current/log_inprogress_0 to /workdir/hadoop-ozone/integration-test/target/test-dir/MiniOzoneClusterImpl-5c06a5f5-07f4-4017-99dc-ea39d70c8a0c/datanode-1/data/ratis/76950faa-821a-4fb1-94a2-97ecd3a78e61/current/log_0-0
2019-08-20 22:34:48,181 [21a41a34-c397-489e-a4bc-2dc6392ab2c8-SegmentedRaftLogWorker:Storage Directory /workdir/hadoop-ozone/integration-test/target/test-dir/MiniOzoneClusterImpl-5c06a5f5-07f4-4017-99dc-ea39d70c8a0c/datanode-1/data/ratis/76950faa-821a-4fb1-94a2-97ecd3a78e61] INFO  segmented.SegmentedRaftLogWorker (SegmentedRaftLogWorker.java:execute(569)) - 21a41a34-c397-489e-a4bc-2dc6392ab2c8-SegmentedRaftLogWorker:Storage Directory /workdir/hadoop-ozone/integration-test/target/test-dir/MiniOzoneClusterImpl-5c06a5f5-07f4-4017-99dc-ea39d70c8a0c/datanode-1/data/ratis/76950faa-821a-4fb1-94a2-97ecd3a78e61: created new log segment /workdir/hadoop-ozone/integration-test/target/test-dir/MiniOzoneClusterImpl-5c06a5f5-07f4-4017-99dc-ea39d70c8a0c/datanode-1/data/ratis/76950faa-821a-4fb1-94a2-97ecd3a78e61/current/log_inprogress_1
2019-08-20 22:34:48,438 | INFO  | SCMAudit | user=jenkins1000 | ip=192.168.34.20 | op=SEND_HEARTBEAT {datanodeUUID=e7ec4170-0245-479b-9240-9904d375c1c8, command=[]} | ret=SUCCESS |  
2019-08-20 22:34:48,622 [Thread-602] INFO  impl.FollowerState (FollowerState.java:run(106)) - e7ec4170-0245-479b-9240-9904d375c1c8:group-A347657FEF44 changes to CANDIDATE, lastRpcTime:5170, electionTimeout:5170ms
2019-08-20 22:34:48,622 [Thread-602] INFO  impl.RoleInfo (RoleInfo.java:shutdownFollowerState(121)) - e7ec4170-0245-479b-9240-9904d375c1c8: shutdown FollowerState
2019-08-20 22:34:48,622 [Thread-602] INFO  impl.RaftServerImpl (RaftServerImpl.java:setRole(171)) - e7ec4170-0245-479b-9240-9904d375c1c8:group-A347657FEF44 changes role from FOLLOWER to CANDIDATE at term 1 for changeToCandidate
2019-08-20 22:34:48,622 [Thread-602] INFO  impl.RoleInfo (RoleInfo.java:updateAndGet(143)) - e7ec4170-0245-479b-9240-9904d375c1c8: start LeaderElection
2019-08-20 22:34:48,640 [e7ec4170-0245-479b-9240-9904d375c1c8:group-A347657FEF44:LeaderElection19] INFO  impl.LeaderElection (LeaderElection.java:askForVotes(181)) - e7ec4170-0245-479b-9240-9904d375c1c8:group-A347657FEF44:LeaderElection19: begin an election at term 2 for 0: [e7ec4170-0245-479b-9240-9904d375c1c8:192.168.34.20:35650], old=null
2019-08-20 22:34:48,640 [e7ec4170-0245-479b-9240-9904d375c1c8:group-A347657FEF44:LeaderElection19] INFO  impl.RoleInfo (RoleInfo.java:shutdownLeaderElection(134)) - e7ec4170-0245-479b-9240-9904d375c1c8: shutdown LeaderElection
2019-08-20 22:34:48,640 [e7ec4170-0245-479b-9240-9904d375c1c8:group-A347657FEF44:LeaderElection19] INFO  impl.RaftServerImpl (RaftServerImpl.java:setRole(171)) - e7ec4170-0245-479b-9240-9904d375c1c8:group-A347657FEF44 changes role from CANDIDATE to LEADER at term 2 for changeToLeader
2019-08-20 22:34:48,640 [e7ec4170-0245-479b-9240-9904d375c1c8:group-A347657FEF44:LeaderElection19] INFO  impl.RaftServerImpl (ServerState.java:setLeader(263)) - e7ec4170-0245-479b-9240-9904d375c1c8:group-A347657FEF44 change Leader from null to e7ec4170-0245-479b-9240-9904d375c1c8 at term 2 for becomeLeader, leader elected after 7516ms
2019-08-20 22:34:48,640 [e7ec4170-0245-479b-9240-9904d375c1c8:group-A347657FEF44:LeaderElection19] INFO  server.RaftServerConfigKeys (ConfUtils.java:logGet(43)) - raft.server.staging.catchup.gap = 1000 (default)
2019-08-20 22:34:48,640 [e7ec4170-0245-479b-9240-9904d375c1c8:group-A347657FEF44:LeaderElection19] INFO  server.RaftServerConfigKeys (ConfUtils.java:logGet(43)) - raft.server.rpc.sleep.time = 25ms (default)
2019-08-20 22:34:48,641 [e7ec4170-0245-479b-9240-9904d375c1c8:group-A347657FEF44:LeaderElection19] INFO  server.RaftServerConfigKeys (ConfUtils.java:logGet(43)) - raft.server.write.element-limit = 4096 (default)
2019-08-20 22:34:48,641 [e7ec4170-0245-479b-9240-9904d375c1c8:group-A347657FEF44:LeaderElection19] INFO  server.RaftServerConfigKeys (ConfUtils.java:logGet(43)) - raft.server.watch.timeout = 10s (default)
2019-08-20 22:34:48,641 [e7ec4170-0245-479b-9240-9904d375c1c8:group-A347657FEF44:LeaderElection19] INFO  server.RaftServerConfigKeys (ConfUtils.java:logGet(43)) - raft.server.watch.timeout.denomination = 1s (default)
2019-08-20 22:34:48,641 [e7ec4170-0245-479b-9240-9904d375c1c8:group-A347657FEF44:LeaderElection19] INFO  server.RaftServerConfigKeys (ConfUtils.java:logGet(43)) - raft.server.watch.element-limit = 65536 (default)
2019-08-20 22:34:48,641 [e7ec4170-0245-479b-9240-9904d375c1c8:group-A347657FEF44:LeaderElection19] INFO  impl.RoleInfo (RoleInfo.java:updateAndGet(143)) - e7ec4170-0245-479b-9240-9904d375c1c8: start LeaderState
2019-08-20 22:34:48,642 [e7ec4170-0245-479b-9240-9904d375c1c8:group-A347657FEF44:LeaderElection19] INFO  segmented.SegmentedRaftLogWorker (SegmentedRaftLogWorker.java:rollLogSegment(385)) - e7ec4170-0245-479b-9240-9904d375c1c8-SegmentedRaftLogWorker:Storage Directory /workdir/hadoop-ozone/integration-test/target/test-dir/MiniOzoneClusterImpl-5c06a5f5-07f4-4017-99dc-ea39d70c8a0c/datanode-2/data/ratis/e10cb29e-7dd9-40ca-b3e0-a347657fef44: Rolling segment log-0_0 to index:0
2019-08-20 22:34:48,644 [e7ec4170-0245-479b-9240-9904d375c1c8:group-A347657FEF44:LeaderElection19] INFO  impl.RaftServerImpl (ServerState.java:setRaftConf(361)) - e7ec4170-0245-479b-9240-9904d375c1c8:group-A347657FEF44 set configuration 1: [e7ec4170-0245-479b-9240-9904d375c1c8:192.168.34.20:35650], old=null at 1
2019-08-20 22:34:48,644 [e7ec4170-0245-479b-9240-9904d375c1c8-SegmentedRaftLogWorker:Storage Directory /workdir/hadoop-ozone/integration-test/target/test-dir/MiniOzoneClusterImpl-5c06a5f5-07f4-4017-99dc-ea39d70c8a0c/datanode-2/data/ratis/e10cb29e-7dd9-40ca-b3e0-a347657fef44] INFO  segmented.SegmentedRaftLogWorker (SegmentedRaftLogWorker.java:execute(526)) - e7ec4170-0245-479b-9240-9904d375c1c8-SegmentedRaftLogWorker:Storage Directory /workdir/hadoop-ozone/integration-test/target/test-dir/MiniOzoneClusterImpl-5c06a5f5-07f4-4017-99dc-ea39d70c8a0c/datanode-2/data/ratis/e10cb29e-7dd9-40ca-b3e0-a347657fef44: Rolled log segment from /workdir/hadoop-ozone/integration-test/target/test-dir/MiniOzoneClusterImpl-5c06a5f5-07f4-4017-99dc-ea39d70c8a0c/datanode-2/data/ratis/e10cb29e-7dd9-40ca-b3e0-a347657fef44/current/log_inprogress_0 to /workdir/hadoop-ozone/integration-test/target/test-dir/MiniOzoneClusterImpl-5c06a5f5-07f4-4017-99dc-ea39d70c8a0c/datanode-2/data/ratis/e10cb29e-7dd9-40ca-b3e0-a347657fef44/current/log_0-0
2019-08-20 22:34:48,690 [e7ec4170-0245-479b-9240-9904d375c1c8-SegmentedRaftLogWorker:Storage Directory /workdir/hadoop-ozone/integration-test/target/test-dir/MiniOzoneClusterImpl-5c06a5f5-07f4-4017-99dc-ea39d70c8a0c/datanode-2/data/ratis/e10cb29e-7dd9-40ca-b3e0-a347657fef44] INFO  segmented.SegmentedRaftLogWorker (SegmentedRaftLogWorker.java:execute(569)) - e7ec4170-0245-479b-9240-9904d375c1c8-SegmentedRaftLogWorker:Storage Directory /workdir/hadoop-ozone/integration-test/target/test-dir/MiniOzoneClusterImpl-5c06a5f5-07f4-4017-99dc-ea39d70c8a0c/datanode-2/data/ratis/e10cb29e-7dd9-40ca-b3e0-a347657fef44: created new log segment /workdir/hadoop-ozone/integration-test/target/test-dir/MiniOzoneClusterImpl-5c06a5f5-07f4-4017-99dc-ea39d70c8a0c/datanode-2/data/ratis/e10cb29e-7dd9-40ca-b3e0-a347657fef44/current/log_inprogress_1
2019-08-20 22:34:48,735 [main] INFO  ozoneimpl.OzoneContainer (OzoneContainer.java:stop(199)) - Attempting to stop container services.
2019-08-20 22:34:48,736 [ForkJoinPool.commonPool-worker-0] INFO  ozoneimpl.OzoneContainer (OzoneContainer.java:stop(199)) - Attempting to stop container services.
2019-08-20 22:34:48,736 [main] INFO  impl.RaftServerProxy (RaftServerProxy.java:lambda$close$4(314)) - 21a41a34-c397-489e-a4bc-2dc6392ab2c8: close
2019-08-20 22:34:48,736 [ForkJoinPool.commonPool-worker-0] INFO  impl.RaftServerProxy (RaftServerProxy.java:lambda$close$4(314)) - b5afc41f-867e-4200-b617-9bfa9efb1cae: close
2019-08-20 22:34:48,736 [main] INFO  impl.RaftServerImpl (RaftServerImpl.java:lambda$shutdown$3(245)) - 21a41a34-c397-489e-a4bc-2dc6392ab2c8: shutdown group-97ECD3A78E61
2019-08-20 22:34:48,737 [ForkJoinPool.commonPool-worker-0] INFO  impl.RaftServerImpl (RaftServerImpl.java:lambda$shutdown$3(245)) - b5afc41f-867e-4200-b617-9bfa9efb1cae: shutdown group-0E2F75DDD81D
2019-08-20 22:34:48,737 [main] INFO  util.JmxRegister (JmxRegister.java:unregister(73)) - Successfully un-registered JMX Bean with object name Ratis:service=RaftServer,group=group-97ECD3A78E61,id=21a41a34-c397-489e-a4bc-2dc6392ab2c8
2019-08-20 22:34:48,737 [ForkJoinPool.commonPool-worker-0] INFO  util.JmxRegister (JmxRegister.java:unregister(73)) - Successfully un-registered JMX Bean with object name Ratis:service=RaftServer,group=group-0E2F75DDD81D,id=b5afc41f-867e-4200-b617-9bfa9efb1cae
2019-08-20 22:34:48,738 [main] INFO  impl.RoleInfo (RoleInfo.java:shutdownLeaderState(104)) - 21a41a34-c397-489e-a4bc-2dc6392ab2c8: shutdown LeaderState
2019-08-20 22:34:48,738 [ForkJoinPool.commonPool-worker-0] INFO  impl.RoleInfo (RoleInfo.java:shutdownLeaderState(104)) - b5afc41f-867e-4200-b617-9bfa9efb1cae: shutdown LeaderState
2019-08-20 22:34:48,738 [main] INFO  impl.PendingRequests (PendingRequests.java:sendNotLeaderResponses(202)) - 21a41a34-c397-489e-a4bc-2dc6392ab2c8-PendingRequests: sendNotLeaderResponses
2019-08-20 22:34:48,738 [ForkJoinPool.commonPool-worker-0] INFO  impl.PendingRequests (PendingRequests.java:sendNotLeaderResponses(202)) - b5afc41f-867e-4200-b617-9bfa9efb1cae-PendingRequests: sendNotLeaderResponses
2019-08-20 22:34:48,743 [main] INFO  impl.StateMachineUpdater (StateMachineUpdater.java:stopAndJoin(115)) - StateMachineUpdater:21a41a34-c397-489e-a4bc-2dc6392ab2c8:group-97ECD3A78E61: set stopIndex = 2
2019-08-20 22:34:48,745 [main] INFO  impl.RaftServerImpl (ServerState.java:close(394)) - 21a41a34-c397-489e-a4bc-2dc6392ab2c8:group-97ECD3A78E61 closes. The last applied log index is 2
2019-08-20 22:34:48,747 [ForkJoinPool.commonPool-worker-0] INFO  impl.StateMachineUpdater (StateMachineUpdater.java:stopAndJoin(115)) - StateMachineUpdater:b5afc41f-867e-4200-b617-9bfa9efb1cae:group-0E2F75DDD81D: set stopIndex = 2
2019-08-20 22:34:48,747 [21a41a34-c397-489e-a4bc-2dc6392ab2c8-SegmentedRaftLogWorker:Storage Directory /workdir/hadoop-ozone/integration-test/target/test-dir/MiniOzoneClusterImpl-5c06a5f5-07f4-4017-99dc-ea39d70c8a0c/datanode-1/data/ratis/76950faa-821a-4fb1-94a2-97ecd3a78e61] INFO  segmented.SegmentedRaftLogWorker (SegmentedRaftLogWorker.java:run(313)) - 21a41a34-c397-489e-a4bc-2dc6392ab2c8-SegmentedRaftLogWorker:Storage Directory /workdir/hadoop-ozone/integration-test/target/test-dir/MiniOzoneClusterImpl-5c06a5f5-07f4-4017-99dc-ea39d70c8a0c/datanode-1/data/ratis/76950faa-821a-4fb1-94a2-97ecd3a78e61 was interrupted, exiting. There are 0 tasks remaining in the queue.
2019-08-20 22:34:48,748 [ForkJoinPool.commonPool-worker-0] INFO  impl.RaftServerImpl (ServerState.java:close(394)) - b5afc41f-867e-4200-b617-9bfa9efb1cae:group-0E2F75DDD81D closes. The last applied log index is 2
2019-08-20 22:34:48,749 [main] INFO  segmented.SegmentedRaftLogWorker (SegmentedRaftLogWorker.java:close(228)) - 21a41a34-c397-489e-a4bc-2dc6392ab2c8-SegmentedRaftLogWorker:Storage Directory /workdir/hadoop-ozone/integration-test/target/test-dir/MiniOzoneClusterImpl-5c06a5f5-07f4-4017-99dc-ea39d70c8a0c/datanode-1/data/ratis/76950faa-821a-4fb1-94a2-97ecd3a78e61 close()
2019-08-20 22:34:48,749 [b5afc41f-867e-4200-b617-9bfa9efb1cae-SegmentedRaftLogWorker:Storage Directory /workdir/hadoop-ozone/integration-test/target/test-dir/MiniOzoneClusterImpl-5c06a5f5-07f4-4017-99dc-ea39d70c8a0c/datanode-0/data/ratis/48756d22-38a5-40c7-a80e-0e2f75ddd81d] INFO  segmented.SegmentedRaftLogWorker (SegmentedRaftLogWorker.java:run(313)) - b5afc41f-867e-4200-b617-9bfa9efb1cae-SegmentedRaftLogWorker:Storage Directory /workdir/hadoop-ozone/integration-test/target/test-dir/MiniOzoneClusterImpl-5c06a5f5-07f4-4017-99dc-ea39d70c8a0c/datanode-0/data/ratis/48756d22-38a5-40c7-a80e-0e2f75ddd81d was interrupted, exiting. There are 0 tasks remaining in the queue.
2019-08-20 22:34:48,751 [main] INFO  impl.RaftServerImpl (RaftServerImpl.java:lambda$shutdown$3(245)) - 21a41a34-c397-489e-a4bc-2dc6392ab2c8: shutdown group-3F714632D1D0
2019-08-20 22:34:48,752 [main] INFO  util.JmxRegister (JmxRegister.java:unregister(73)) - Successfully un-registered JMX Bean with object name Ratis:service=RaftServer,group=group-3F714632D1D0,id=21a41a34-c397-489e-a4bc-2dc6392ab2c8
2019-08-20 22:34:48,753 [main] INFO  impl.RoleInfo (RoleInfo.java:shutdownFollowerState(121)) - 21a41a34-c397-489e-a4bc-2dc6392ab2c8: shutdown FollowerState
2019-08-20 22:34:48,752 [ForkJoinPool.commonPool-worker-0] INFO  segmented.SegmentedRaftLogWorker (SegmentedRaftLogWorker.java:close(228)) - b5afc41f-867e-4200-b617-9bfa9efb1cae-SegmentedRaftLogWorker:Storage Directory /workdir/hadoop-ozone/integration-test/target/test-dir/MiniOzoneClusterImpl-5c06a5f5-07f4-4017-99dc-ea39d70c8a0c/datanode-0/data/ratis/48756d22-38a5-40c7-a80e-0e2f75ddd81d close()
2019-08-20 22:34:48,753 [Thread-608] INFO  impl.FollowerState (FollowerState.java:run(114)) - 21a41a34-c397-489e-a4bc-2dc6392ab2c8: FollowerState was interrupted: java.lang.InterruptedException: sleep interrupted
2019-08-20 22:34:48,753 [main] INFO  impl.StateMachineUpdater (StateMachineUpdater.java:stopAndJoin(115)) - StateMachineUpdater:21a41a34-c397-489e-a4bc-2dc6392ab2c8:group-3F714632D1D0: set stopIndex = 1
2019-08-20 22:34:48,756 [ForkJoinPool.commonPool-worker-0] INFO  impl.RaftServerImpl (RaftServerImpl.java:lambda$shutdown$3(245)) - b5afc41f-867e-4200-b617-9bfa9efb1cae: shutdown group-3F714632D1D0
2019-08-20 22:34:48,756 [main] INFO  impl.RaftServerImpl (ServerState.java:close(394)) - 21a41a34-c397-489e-a4bc-2dc6392ab2c8:group-3F714632D1D0 closes. The last applied log index is 1
2019-08-20 22:34:48,756 [ForkJoinPool.commonPool-worker-0] INFO  util.JmxRegister (JmxRegister.java:unregister(73)) - Successfully un-registered JMX Bean with object name Ratis:service=RaftServer,group=group-3F714632D1D0,id=b5afc41f-867e-4200-b617-9bfa9efb1cae
2019-08-20 22:34:48,757 [21a41a34-c397-489e-a4bc-2dc6392ab2c8-SegmentedRaftLogWorker:Storage Directory /workdir/hadoop-ozone/integration-test/target/test-dir/MiniOzoneClusterImpl-5c06a5f5-07f4-4017-99dc-ea39d70c8a0c/datanode-1/data/ratis/0b9daab9-04c2-4e4d-ba44-3f714632d1d0] INFO  segmented.SegmentedRaftLogWorker (SegmentedRaftLogWorker.java:run(313)) - 21a41a34-c397-489e-a4bc-2dc6392ab2c8-SegmentedRaftLogWorker:Storage Directory /workdir/hadoop-ozone/integration-test/target/test-dir/MiniOzoneClusterImpl-5c06a5f5-07f4-4017-99dc-ea39d70c8a0c/datanode-1/data/ratis/0b9daab9-04c2-4e4d-ba44-3f714632d1d0 was interrupted, exiting. There are 0 tasks remaining in the queue.
2019-08-20 22:34:48,757 [ForkJoinPool.commonPool-worker-0] INFO  impl.RoleInfo (RoleInfo.java:shutdownLeaderState(104)) - b5afc41f-867e-4200-b617-9bfa9efb1cae: shutdown LeaderState
2019-08-20 22:34:48,758 [main] INFO  segmented.SegmentedRaftLogWorker (SegmentedRaftLogWorker.java:close(228)) - 21a41a34-c397-489e-a4bc-2dc6392ab2c8-SegmentedRaftLogWorker:Storage Directory /workdir/hadoop-ozone/integration-test/target/test-dir/MiniOzoneClusterImpl-5c06a5f5-07f4-4017-99dc-ea39d70c8a0c/datanode-1/data/ratis/0b9daab9-04c2-4e4d-ba44-3f714632d1d0 close()
2019-08-20 22:34:48,760 [org.apache.ratis.server.impl.LogAppender$AppenderDaemon$$Lambda$406/476818343@3d79941e] WARN  server.GrpcLogAppender (GrpcLogAppender.java:mayWait(143)) - GrpcLogAppender(b5afc41f-867e-4200-b617-9bfa9efb1cae->21a41a34-c397-489e-a4bc-2dc6392ab2c8): Wait interrupted by java.lang.InterruptedException
2019-08-20 22:34:48,760 [org.apache.ratis.server.impl.LogAppender$AppenderDaemon$$Lambda$406/476818343@787b1575] WARN  server.GrpcLogAppender (GrpcLogAppender.java:mayWait(143)) - GrpcLogAppender(b5afc41f-867e-4200-b617-9bfa9efb1cae->e7ec4170-0245-479b-9240-9904d375c1c8): Wait interrupted by java.lang.InterruptedException
2019-08-20 22:34:48,760 [ForkJoinPool.commonPool-worker-0] INFO  impl.PendingRequests (PendingRequests.java:sendNotLeaderResponses(202)) - b5afc41f-867e-4200-b617-9bfa9efb1cae-PendingRequests: sendNotLeaderResponses
2019-08-20 22:34:48,765 [main] INFO  server.GrpcService (GrpcService.java:closeImpl(155)) - 21a41a34-c397-489e-a4bc-2dc6392ab2c8: shutdown server with port 46113 now
2019-08-20 22:34:48,767 [ForkJoinPool.commonPool-worker-0] INFO  impl.StateMachineUpdater (StateMachineUpdater.java:stopAndJoin(115)) - StateMachineUpdater:b5afc41f-867e-4200-b617-9bfa9efb1cae:group-3F714632D1D0: set stopIndex = 2
2019-08-20 22:34:48,770 [ForkJoinPool.commonPool-worker-0] INFO  impl.RaftServerImpl (ServerState.java:close(394)) - b5afc41f-867e-4200-b617-9bfa9efb1cae:group-3F714632D1D0 closes. The last applied log index is 2
2019-08-20 22:34:48,770 [grpc-default-executor-0] INFO  server.GrpcServerProtocolService (GrpcServerProtocolService.java:onCompleted(104)) - e7ec4170-0245-479b-9240-9904d375c1c8: appendEntries completed
2019-08-20 22:34:48,770 [grpc-default-executor-1] INFO  server.GrpcServerProtocolService (GrpcServerProtocolService.java:onCompleted(104)) - 21a41a34-c397-489e-a4bc-2dc6392ab2c8: appendEntries completed
2019-08-20 22:34:48,770 [b5afc41f-867e-4200-b617-9bfa9efb1cae-SegmentedRaftLogWorker:Storage Directory /workdir/hadoop-ozone/integration-test/target/test-dir/MiniOzoneClusterImpl-5c06a5f5-07f4-4017-99dc-ea39d70c8a0c/datanode-0/data/ratis/0b9daab9-04c2-4e4d-ba44-3f714632d1d0] INFO  segmented.SegmentedRaftLogWorker (SegmentedRaftLogWorker.java:run(313)) - b5afc41f-867e-4200-b617-9bfa9efb1cae-SegmentedRaftLogWorker:Storage Directory /workdir/hadoop-ozone/integration-test/target/test-dir/MiniOzoneClusterImpl-5c06a5f5-07f4-4017-99dc-ea39d70c8a0c/datanode-0/data/ratis/0b9daab9-04c2-4e4d-ba44-3f714632d1d0 was interrupted, exiting. There are 0 tasks remaining in the queue.
2019-08-20 22:34:48,771 [grpc-default-executor-0] INFO  server.GrpcLogAppender (GrpcLogAppender.java:onError(281)) - GrpcLogAppender(b5afc41f-867e-4200-b617-9bfa9efb1cae->21a41a34-c397-489e-a4bc-2dc6392ab2c8) is stopped
2019-08-20 22:34:48,770 [main] INFO  server.GrpcService (GrpcService.java:closeImpl(163)) - 21a41a34-c397-489e-a4bc-2dc6392ab2c8: shutdown server with port 46113 successfully
2019-08-20 22:34:48,771 [ForkJoinPool.commonPool-worker-0] INFO  segmented.SegmentedRaftLogWorker (SegmentedRaftLogWorker.java:close(228)) - b5afc41f-867e-4200-b617-9bfa9efb1cae-SegmentedRaftLogWorker:Storage Directory /workdir/hadoop-ozone/integration-test/target/test-dir/MiniOzoneClusterImpl-5c06a5f5-07f4-4017-99dc-ea39d70c8a0c/datanode-0/data/ratis/0b9daab9-04c2-4e4d-ba44-3f714632d1d0 close()
2019-08-20 22:34:48,771 [grpc-default-executor-0] INFO  server.GrpcLogAppender (GrpcLogAppender.java:onCompleted(292)) - b5afc41f-867e-4200-b617-9bfa9efb1cae->e7ec4170-0245-479b-9240-9904d375c1c8: follower responses appendEntries COMPLETED
2019-08-20 22:34:48,773 [ForkJoinPool.commonPool-worker-0] INFO  server.GrpcService (GrpcService.java:closeImpl(155)) - b5afc41f-867e-4200-b617-9bfa9efb1cae: shutdown server with port 36252 now
2019-08-20 22:34:48,773 [grpc-default-executor-0] INFO  impl.FollowerInfo (FollowerInfo.java:lambda$new$0(50)) - b5afc41f-867e-4200-b617-9bfa9efb1cae->e7ec4170-0245-479b-9240-9904d375c1c8: nextIndex: updateUnconditionally 1 -> 0
2019-08-20 22:34:48,775 [ForkJoinPool.commonPool-worker-0] INFO  server.GrpcService (GrpcService.java:closeImpl(163)) - b5afc41f-867e-4200-b617-9bfa9efb1cae: shutdown server with port 36252 successfully
2019-08-20 22:34:48,776 [ForkJoinPool.commonPool-worker-0] INFO  utils.BackgroundService (BackgroundService.java:shutdown(148)) - Shutting down service BlockDeletingService
2019-08-20 22:34:48,777 [main] INFO  utils.BackgroundService (BackgroundService.java:shutdown(148)) - Shutting down service BlockDeletingService
2019-08-20 22:34:48,778 [refreshUsed-/workdir/hadoop-ozone/integration-test/target/test-dir/MiniOzoneClusterImpl-5c06a5f5-07f4-4017-99dc-ea39d70c8a0c/datanode-0/data/containers] WARN  fs.CachingGetSpaceUsed (CachingGetSpaceUsed.java:run(183)) - Thread Interrupted waiting to refresh disk information: sleep interrupted
2019-08-20 22:34:48,780 [refreshUsed-/workdir/hadoop-ozone/integration-test/target/test-dir/MiniOzoneClusterImpl-5c06a5f5-07f4-4017-99dc-ea39d70c8a0c/datanode-1/data/containers] WARN  fs.CachingGetSpaceUsed (CachingGetSpaceUsed.java:run(183)) - Thread Interrupted waiting to refresh disk information: sleep interrupted
2019-08-20 22:34:48,796 [main] INFO  statemachine.DatanodeStateMachine (DatanodeStateMachine.java:stopDaemon(395)) - Ozone container server stopped.
2019-08-20 22:34:48,800 [ForkJoinPool.commonPool-worker-0] INFO  statemachine.DatanodeStateMachine (DatanodeStateMachine.java:stopDaemon(395)) - Ozone container server stopped.
2019-08-20 22:34:48,800 [main] INFO  handler.ContextHandler (ContextHandler.java:doStop(910)) - Stopped o.e.j.w.WebAppContext@4636d5b8{/,null,UNAVAILABLE}{/hddsDatanode}
2019-08-20 22:34:48,802 [main] INFO  server.AbstractConnector (AbstractConnector.java:doStop(318)) - Stopped ServerConnector@2f0436c7{HTTP/1.1,[http/1.1]}{0.0.0.0:43380}
2019-08-20 22:34:48,802 [ForkJoinPool.commonPool-worker-0] INFO  handler.ContextHandler (ContextHandler.java:doStop(910)) - Stopped o.e.j.w.WebAppContext@4631da52{/,null,UNAVAILABLE}{/hddsDatanode}
2019-08-20 22:34:48,803 [main] INFO  handler.ContextHandler (ContextHandler.java:doStop(910)) - Stopped o.e.j.s.ServletContextHandler@566173a9{/static,jar:file:/home/user/.m2/repository/org/apache/hadoop/hadoop-hdds-container-service/0.5.0-SNAPSHOT/hadoop-hdds-container-service-0.5.0-SNAPSHOT.jar!/webapps/static,UNAVAILABLE}
2019-08-20 22:34:48,803 [ForkJoinPool.commonPool-worker-0] INFO  server.AbstractConnector (AbstractConnector.java:doStop(318)) - Stopped ServerConnector@11cf93c7{HTTP/1.1,[http/1.1]}{0.0.0.0:34073}
2019-08-20 22:34:48,804 [main] INFO  handler.ContextHandler (ContextHandler.java:doStop(910)) - Stopped o.e.j.s.ServletContextHandler@987bc6d{/logs,file:///workdir/hadoop-ozone/integration-test/target/log,UNAVAILABLE}
2019-08-20 22:34:48,805 [ForkJoinPool.commonPool-worker-0] INFO  handler.ContextHandler (ContextHandler.java:doStop(910)) - Stopped o.e.j.s.ServletContextHandler@7df9a4ff{/static,jar:file:/home/user/.m2/repository/org/apache/hadoop/hadoop-hdds-container-service/0.5.0-SNAPSHOT/hadoop-hdds-container-service-0.5.0-SNAPSHOT.jar!/webapps/static,UNAVAILABLE}
2019-08-20 22:34:48,806 [ForkJoinPool.commonPool-worker-0] INFO  handler.ContextHandler (ContextHandler.java:doStop(910)) - Stopped o.e.j.s.ServletContextHandler@108707f2{/logs,file:///workdir/hadoop-ozone/integration-test/target/log,UNAVAILABLE}
2019-08-20 22:34:48,806 [main] INFO  datanode.ObjectStoreHandler (ObjectStoreHandler.java:close(155)) - Closing ObjectStoreHandler.
2019-08-20 22:34:48,807 [main] INFO  ozone.HddsDatanodeService (HddsDatanodeService.java:stop(451)) - Stopped plug-in org.apache.hadoop.ozone.web.OzoneHddsDatanodeService@3e972b70
2019-08-20 22:34:49,437 [Datanode State Machine Thread - 0] INFO  statemachine.DatanodeStateMachine (DatanodeStateMachine.java:lambda$startDaemon$0(350)) - Ozone container server started.
2019-08-20 22:34:53,096 [Thread-618] INFO  impl.FollowerState (FollowerState.java:run(106)) - e7ec4170-0245-479b-9240-9904d375c1c8:group-4D1C1CB45760 changes to CANDIDATE, lastRpcTime:5130, electionTimeout:5130ms
2019-08-20 22:34:53,097 [Thread-618] INFO  impl.RoleInfo (RoleInfo.java:shutdownFollowerState(121)) - e7ec4170-0245-479b-9240-9904d375c1c8: shutdown FollowerState
2019-08-20 22:34:53,097 [Thread-618] INFO  impl.RaftServerImpl (RaftServerImpl.java:setRole(171)) - e7ec4170-0245-479b-9240-9904d375c1c8:group-4D1C1CB45760 changes role from FOLLOWER to CANDIDATE at term 0 for changeToCandidate
2019-08-20 22:34:53,097 [Thread-618] INFO  impl.RoleInfo (RoleInfo.java:updateAndGet(143)) - e7ec4170-0245-479b-9240-9904d375c1c8: start LeaderElection
2019-08-20 22:34:53,114 [e7ec4170-0245-479b-9240-9904d375c1c8:group-4D1C1CB45760:LeaderElection20] INFO  impl.LeaderElection (LeaderElection.java:askForVotes(181)) - e7ec4170-0245-479b-9240-9904d375c1c8:group-4D1C1CB45760:LeaderElection20: begin an election at term 1 for -1: [e7ec4170-0245-479b-9240-9904d375c1c8:192.168.34.20:35650], old=null
2019-08-20 22:34:53,114 [e7ec4170-0245-479b-9240-9904d375c1c8:group-4D1C1CB45760:LeaderElection20] INFO  impl.RoleInfo (RoleInfo.java:shutdownLeaderElection(134)) - e7ec4170-0245-479b-9240-9904d375c1c8: shutdown LeaderElection
2019-08-20 22:34:53,114 [e7ec4170-0245-479b-9240-9904d375c1c8:group-4D1C1CB45760:LeaderElection20] INFO  impl.RaftServerImpl (RaftServerImpl.java:setRole(171)) - e7ec4170-0245-479b-9240-9904d375c1c8:group-4D1C1CB45760 changes role from CANDIDATE to LEADER at term 1 for changeToLeader
2019-08-20 22:34:53,114 [e7ec4170-0245-479b-9240-9904d375c1c8:group-4D1C1CB45760:LeaderElection20] INFO  impl.RaftServerImpl (ServerState.java:setLeader(263)) - e7ec4170-0245-479b-9240-9904d375c1c8:group-4D1C1CB45760 change Leader from null to e7ec4170-0245-479b-9240-9904d375c1c8 at term 1 for becomeLeader, leader elected after 5176ms
2019-08-20 22:34:53,115 [e7ec4170-0245-479b-9240-9904d375c1c8:group-4D1C1CB45760:LeaderElection20] INFO  server.RaftServerConfigKeys (ConfUtils.java:logGet(43)) - raft.server.staging.catchup.gap = 1000 (default)
2019-08-20 22:34:53,115 [e7ec4170-0245-479b-9240-9904d375c1c8:group-4D1C1CB45760:LeaderElection20] INFO  server.RaftServerConfigKeys (ConfUtils.java:logGet(43)) - raft.server.rpc.sleep.time = 25ms (default)
2019-08-20 22:34:53,115 [e7ec4170-0245-479b-9240-9904d375c1c8:group-4D1C1CB45760:LeaderElection20] INFO  server.RaftServerConfigKeys (ConfUtils.java:logGet(43)) - raft.server.write.element-limit = 4096 (default)
2019-08-20 22:34:53,115 [e7ec4170-0245-479b-9240-9904d375c1c8:group-4D1C1CB45760:LeaderElection20] INFO  server.RaftServerConfigKeys (ConfUtils.java:logGet(43)) - raft.server.watch.timeout = 10s (default)
2019-08-20 22:34:53,115 [e7ec4170-0245-479b-9240-9904d375c1c8:group-4D1C1CB45760:LeaderElection20] INFO  server.RaftServerConfigKeys (ConfUtils.java:logGet(43)) - raft.server.watch.timeout.denomination = 1s (default)
2019-08-20 22:34:53,115 [e7ec4170-0245-479b-9240-9904d375c1c8:group-4D1C1CB45760:LeaderElection20] INFO  server.RaftServerConfigKeys (ConfUtils.java:logGet(43)) - raft.server.watch.element-limit = 65536 (default)
2019-08-20 22:34:53,116 [e7ec4170-0245-479b-9240-9904d375c1c8:group-4D1C1CB45760:LeaderElection20] INFO  impl.RoleInfo (RoleInfo.java:updateAndGet(143)) - e7ec4170-0245-479b-9240-9904d375c1c8: start LeaderState
2019-08-20 22:34:53,116 [e7ec4170-0245-479b-9240-9904d375c1c8:group-4D1C1CB45760:LeaderElection20] INFO  segmented.SegmentedRaftLogWorker (SegmentedRaftLogWorker.java:startLogSegment(380)) - e7ec4170-0245-479b-9240-9904d375c1c8-SegmentedRaftLogWorker:Storage Directory /workdir/hadoop-ozone/integration-test/target/test-dir/MiniOzoneClusterImpl-5c06a5f5-07f4-4017-99dc-ea39d70c8a0c/datanode-2/data/ratis/4a0693ed-dfd4-40fe-a663-4d1c1cb45760: Starting segment from index:0
2019-08-20 22:34:53,116 [e7ec4170-0245-479b-9240-9904d375c1c8:group-4D1C1CB45760:LeaderElection20] INFO  impl.RaftServerImpl (ServerState.java:setRaftConf(361)) - e7ec4170-0245-479b-9240-9904d375c1c8:group-4D1C1CB45760 set configuration 0: [e7ec4170-0245-479b-9240-9904d375c1c8:192.168.34.20:35650], old=null at 0
2019-08-20 22:34:53,152 [e7ec4170-0245-479b-9240-9904d375c1c8-SegmentedRaftLogWorker:Storage Directory /workdir/hadoop-ozone/integration-test/target/test-dir/MiniOzoneClusterImpl-5c06a5f5-07f4-4017-99dc-ea39d70c8a0c/datanode-2/data/ratis/4a0693ed-dfd4-40fe-a663-4d1c1cb45760] INFO  segmented.SegmentedRaftLogWorker (SegmentedRaftLogWorker.java:execute(569)) - e7ec4170-0245-479b-9240-9904d375c1c8-SegmentedRaftLogWorker:Storage Directory /workdir/hadoop-ozone/integration-test/target/test-dir/MiniOzoneClusterImpl-5c06a5f5-07f4-4017-99dc-ea39d70c8a0c/datanode-2/data/ratis/4a0693ed-dfd4-40fe-a663-4d1c1cb45760: created new log segment /workdir/hadoop-ozone/integration-test/target/test-dir/MiniOzoneClusterImpl-5c06a5f5-07f4-4017-99dc-ea39d70c8a0c/datanode-2/data/ratis/4a0693ed-dfd4-40fe-a663-4d1c1cb45760/current/log_inprogress_0
2019-08-20 22:34:53,808 [main] INFO  ozoneimpl.OzoneContainer (OzoneContainer.java:stop(199)) - Attempting to stop container services.
2019-08-20 22:34:53,809 [main] INFO  impl.RaftServerProxy (RaftServerProxy.java:lambda$close$4(314)) - e7ec4170-0245-479b-9240-9904d375c1c8: close
2019-08-20 22:34:53,809 [main] INFO  impl.RaftServerImpl (RaftServerImpl.java:lambda$shutdown$3(245)) - e7ec4170-0245-479b-9240-9904d375c1c8: shutdown group-4D1C1CB45760
2019-08-20 22:34:53,810 [main] INFO  util.JmxRegister (JmxRegister.java:unregister(73)) - Successfully un-registered JMX Bean with object name Ratis:service=RaftServer,group=group-4D1C1CB45760,id=e7ec4170-0245-479b-9240-9904d375c1c8
2019-08-20 22:34:53,810 [main] INFO  impl.RoleInfo (RoleInfo.java:shutdownLeaderState(104)) - e7ec4170-0245-479b-9240-9904d375c1c8: shutdown LeaderState
2019-08-20 22:34:53,811 [main] INFO  impl.PendingRequests (PendingRequests.java:sendNotLeaderResponses(202)) - e7ec4170-0245-479b-9240-9904d375c1c8-PendingRequests: sendNotLeaderResponses
2019-08-20 22:34:53,811 [main] INFO  impl.StateMachineUpdater (StateMachineUpdater.java:stopAndJoin(115)) - StateMachineUpdater:e7ec4170-0245-479b-9240-9904d375c1c8:group-4D1C1CB45760: set stopIndex = 0
2019-08-20 22:34:53,811 [main] INFO  impl.RaftServerImpl (ServerState.java:close(394)) - e7ec4170-0245-479b-9240-9904d375c1c8:group-4D1C1CB45760 closes. The last applied log index is 0
2019-08-20 22:34:53,812 [e7ec4170-0245-479b-9240-9904d375c1c8-SegmentedRaftLogWorker:Storage Directory /workdir/hadoop-ozone/integration-test/target/test-dir/MiniOzoneClusterImpl-5c06a5f5-07f4-4017-99dc-ea39d70c8a0c/datanode-2/data/ratis/4a0693ed-dfd4-40fe-a663-4d1c1cb45760] INFO  segmented.SegmentedRaftLogWorker (SegmentedRaftLogWorker.java:run(313)) - e7ec4170-0245-479b-9240-9904d375c1c8-SegmentedRaftLogWorker:Storage Directory /workdir/hadoop-ozone/integration-test/target/test-dir/MiniOzoneClusterImpl-5c06a5f5-07f4-4017-99dc-ea39d70c8a0c/datanode-2/data/ratis/4a0693ed-dfd4-40fe-a663-4d1c1cb45760 was interrupted, exiting. There are 0 tasks remaining in the queue.
2019-08-20 22:34:53,814 [main] INFO  segmented.SegmentedRaftLogWorker (SegmentedRaftLogWorker.java:close(228)) - e7ec4170-0245-479b-9240-9904d375c1c8-SegmentedRaftLogWorker:Storage Directory /workdir/hadoop-ozone/integration-test/target/test-dir/MiniOzoneClusterImpl-5c06a5f5-07f4-4017-99dc-ea39d70c8a0c/datanode-2/data/ratis/4a0693ed-dfd4-40fe-a663-4d1c1cb45760 close()
2019-08-20 22:34:53,815 [main] INFO  impl.RaftServerImpl (RaftServerImpl.java:lambda$shutdown$3(245)) - e7ec4170-0245-479b-9240-9904d375c1c8: shutdown group-A347657FEF44
2019-08-20 22:34:53,815 [main] INFO  util.JmxRegister (JmxRegister.java:unregister(73)) - Successfully un-registered JMX Bean with object name Ratis:service=RaftServer,group=group-A347657FEF44,id=e7ec4170-0245-479b-9240-9904d375c1c8
2019-08-20 22:34:53,816 [main] INFO  impl.RoleInfo (RoleInfo.java:shutdownLeaderState(104)) - e7ec4170-0245-479b-9240-9904d375c1c8: shutdown LeaderState
2019-08-20 22:34:53,816 [main] INFO  impl.PendingRequests (PendingRequests.java:sendNotLeaderResponses(202)) - e7ec4170-0245-479b-9240-9904d375c1c8-PendingRequests: sendNotLeaderResponses
2019-08-20 22:34:53,819 [main] INFO  impl.StateMachineUpdater (StateMachineUpdater.java:stopAndJoin(115)) - StateMachineUpdater:e7ec4170-0245-479b-9240-9904d375c1c8:group-A347657FEF44: set stopIndex = 2
2019-08-20 22:34:53,820 [main] INFO  impl.RaftServerImpl (ServerState.java:close(394)) - e7ec4170-0245-479b-9240-9904d375c1c8:group-A347657FEF44 closes. The last applied log index is 2
2019-08-20 22:34:53,820 [e7ec4170-0245-479b-9240-9904d375c1c8-SegmentedRaftLogWorker:Storage Directory /workdir/hadoop-ozone/integration-test/target/test-dir/MiniOzoneClusterImpl-5c06a5f5-07f4-4017-99dc-ea39d70c8a0c/datanode-2/data/ratis/e10cb29e-7dd9-40ca-b3e0-a347657fef44] INFO  segmented.SegmentedRaftLogWorker (SegmentedRaftLogWorker.java:run(313)) - e7ec4170-0245-479b-9240-9904d375c1c8-SegmentedRaftLogWorker:Storage Directory /workdir/hadoop-ozone/integration-test/target/test-dir/MiniOzoneClusterImpl-5c06a5f5-07f4-4017-99dc-ea39d70c8a0c/datanode-2/data/ratis/e10cb29e-7dd9-40ca-b3e0-a347657fef44 was interrupted, exiting. There are 0 tasks remaining in the queue.
2019-08-20 22:34:53,820 [main] INFO  segmented.SegmentedRaftLogWorker (SegmentedRaftLogWorker.java:close(228)) - e7ec4170-0245-479b-9240-9904d375c1c8-SegmentedRaftLogWorker:Storage Directory /workdir/hadoop-ozone/integration-test/target/test-dir/MiniOzoneClusterImpl-5c06a5f5-07f4-4017-99dc-ea39d70c8a0c/datanode-2/data/ratis/e10cb29e-7dd9-40ca-b3e0-a347657fef44 close()
2019-08-20 22:34:53,821 [main] INFO  server.GrpcService (GrpcService.java:closeImpl(155)) - e7ec4170-0245-479b-9240-9904d375c1c8: shutdown server with port 35650 now
2019-08-20 22:34:53,822 [main] INFO  server.GrpcService (GrpcService.java:closeImpl(163)) - e7ec4170-0245-479b-9240-9904d375c1c8: shutdown server with port 35650 successfully
2019-08-20 22:34:53,824 [main] INFO  utils.BackgroundService (BackgroundService.java:shutdown(148)) - Shutting down service BlockDeletingService
2019-08-20 22:34:53,825 [refreshUsed-/workdir/hadoop-ozone/integration-test/target/test-dir/MiniOzoneClusterImpl-5c06a5f5-07f4-4017-99dc-ea39d70c8a0c/datanode-2/data/containers] WARN  fs.CachingGetSpaceUsed (CachingGetSpaceUsed.java:run(183)) - Thread Interrupted waiting to refresh disk information: sleep interrupted
2019-08-20 22:34:53,838 [main] INFO  statemachine.DatanodeStateMachine (DatanodeStateMachine.java:stopDaemon(395)) - Ozone container server stopped.
2019-08-20 22:34:53,840 [main] INFO  handler.ContextHandler (ContextHandler.java:doStop(910)) - Stopped o.e.j.w.WebAppContext@28629de1{/,null,UNAVAILABLE}{/hddsDatanode}
2019-08-20 22:34:53,841 [main] INFO  server.AbstractConnector (AbstractConnector.java:doStop(318)) - Stopped ServerConnector@6dbec272{HTTP/1.1,[http/1.1]}{0.0.0.0:40954}
2019-08-20 22:34:53,842 [main] INFO  handler.ContextHandler (ContextHandler.java:doStop(910)) - Stopped o.e.j.s.ServletContextHandler@6af98766{/static,jar:file:/home/user/.m2/repository/org/apache/hadoop/hadoop-hdds-container-service/0.5.0-SNAPSHOT/hadoop-hdds-container-service-0.5.0-SNAPSHOT.jar!/webapps/static,UNAVAILABLE}
2019-08-20 22:34:53,843 [main] INFO  handler.ContextHandler (ContextHandler.java:doStop(910)) - Stopped o.e.j.s.ServletContextHandler@244abc2{/logs,file:///workdir/hadoop-ozone/integration-test/target/log,UNAVAILABLE}
2019-08-20 22:34:53,844 [main] INFO  ozone.MiniOzoneClusterImpl (MiniOzoneClusterImpl.java:stop(353)) - Stopping the StorageContainerManager
2019-08-20 22:34:53,844 [main] INFO  server.StorageContainerManager (StorageContainerManager.java:stop(797)) - Stopping Replication Manager Service.
2019-08-20 22:34:53,844 [main] INFO  container.ReplicationManager (ReplicationManager.java:stop(193)) - Stopping Replication Monitor Thread.
2019-08-20 22:34:53,844 [main] INFO  server.StorageContainerManager (StorageContainerManager.java:stop(804)) - Stopping Lease Manager of the command watchers
2019-08-20 22:34:53,844 [main] INFO  server.StorageContainerManager (StorageContainerManager.java:stop(811)) - Stopping datanode service RPC server
2019-08-20 22:34:53,845 [main] INFO  server.SCMDatanodeProtocolServer (SCMDatanodeProtocolServer.java:stop(367)) - Stopping the RPC server for DataNodes
2019-08-20 22:34:53,845 [main] INFO  ipc.Server (Server.java:stop(3082)) - Stopping server on 45429
2019-08-20 22:34:53,848 [IPC Server listener on 45429] INFO  ipc.Server (Server.java:run(1185)) - Stopping IPC Server listener on 45429
2019-08-20 22:34:53,849 [IPC Server Responder] INFO  ipc.Server (Server.java:run(1319)) - Stopping IPC Server Responder
2019-08-20 22:34:53,900 [SCM Heartbeat Processing Thread - 0] WARN  node.NodeStateManager (NodeStateManager.java:scheduleNextHealthCheck(646)) - Current Thread is interrupted, shutting down HB processing thread for Node Manager.
2019-08-20 22:34:53,900 [EventQueue-StaleNodeForStaleNodeHandler] INFO  node.StaleNodeHandler (StaleNodeHandler.java:onMessage(58)) - Datanode e7ec4170-0245-479b-9240-9904d375c1c8{ip: 192.168.34.20, host: pr-hdds-1973-9s4bv-3555888387, networkLocation: /default-rack, certSerialId: null} moved to stale state. Finalizing its pipelines [PipelineID=4a0693ed-dfd4-40fe-a663-4d1c1cb45760, PipelineID=e10cb29e-7dd9-40ca-b3e0-a347657fef44]
2019-08-20 22:34:53,901 [main] INFO  server.StorageContainerManager (StorageContainerManager.java:stop(819)) - Stopping block service RPC server
2019-08-20 22:34:53,901 [EventQueue-StaleNodeForStaleNodeHandler] INFO  pipeline.SCMPipelineManager (SCMPipelineManager.java:finalizeAndDestroyPipeline(309)) - destroying pipeline:Pipeline[ Id: 4a0693ed-dfd4-40fe-a663-4d1c1cb45760, Nodes: e7ec4170-0245-479b-9240-9904d375c1c8{ip: 192.168.34.20, host: pr-hdds-1973-9s4bv-3555888387, networkLocation: /default-rack, certSerialId: null}, Type:RATIS, Factor:ONE, State:OPEN]
2019-08-20 22:34:53,901 [main] INFO  server.SCMBlockProtocolServer (SCMBlockProtocolServer.java:stop(148)) - Stopping the RPC server for Block Protocol
2019-08-20 22:34:53,901 [EventQueue-StaleNodeForStaleNodeHandler] INFO  pipeline.PipelineStateManager (PipelineStateManager.java:finalizePipeline(123)) - Pipeline Pipeline[ Id: 4a0693ed-dfd4-40fe-a663-4d1c1cb45760, Nodes: e7ec4170-0245-479b-9240-9904d375c1c8{ip: 192.168.34.20, host: pr-hdds-1973-9s4bv-3555888387, networkLocation: /default-rack, certSerialId: null}, Type:RATIS, Factor:ONE, State:CLOSED] moved to CLOSED state
2019-08-20 22:34:53,902 [main] INFO  ipc.Server (Server.java:stop(3082)) - Stopping server on 35079
2019-08-20 22:34:53,903 [EventQueue-StaleNodeForStaleNodeHandler] INFO  pipeline.SCMPipelineManager (SCMPipelineManager.java:finalizeAndDestroyPipeline(309)) - destroying pipeline:Pipeline[ Id: e10cb29e-7dd9-40ca-b3e0-a347657fef44, Nodes: e7ec4170-0245-479b-9240-9904d375c1c8{ip: 192.168.34.20, host: pr-hdds-1973-9s4bv-3555888387, networkLocation: /default-rack, certSerialId: null}, Type:RATIS, Factor:ONE, State:CLOSED]
2019-08-20 22:34:53,903 [IPC Server listener on 35079] INFO  ipc.Server (Server.java:run(1185)) - Stopping IPC Server listener on 35079
2019-08-20 22:34:53,904 [main] INFO  server.StorageContainerManager (StorageContainerManager.java:stop(826)) - Stopping the StorageContainerLocationProtocol RPC server
2019-08-20 22:34:53,905 [main] INFO  server.SCMClientProtocolServer (SCMClientProtocolServer.java:stop(159)) - Stopping the RPC server for Client Protocol
2019-08-20 22:34:53,905 [IPC Server Responder] INFO  ipc.Server (Server.java:run(1319)) - Stopping IPC Server Responder
2019-08-20 22:34:53,906 [main] INFO  ipc.Server (Server.java:stop(3082)) - Stopping server on 46879
2019-08-20 22:34:53,908 [IPC Server listener on 46879] INFO  ipc.Server (Server.java:run(1185)) - Stopping IPC Server listener on 46879
2019-08-20 22:34:53,908 [IPC Server Responder] INFO  ipc.Server (Server.java:run(1319)) - Stopping IPC Server Responder
2019-08-20 22:34:53,908 [main] INFO  server.StorageContainerManager (StorageContainerManager.java:stop(833)) - Stopping Storage Container Manager HTTP server.
2019-08-20 22:34:53,911 [main] INFO  handler.ContextHandler (ContextHandler.java:doStop(910)) - Stopped o.e.j.w.WebAppContext@2a330d3b{/,null,UNAVAILABLE}{/scm}
2019-08-20 22:34:53,911 [main] INFO  server.AbstractConnector (AbstractConnector.java:doStop(318)) - Stopped ServerConnector@29cec61{HTTP/1.1,[http/1.1]}{0.0.0.0:0}
2019-08-20 22:34:53,912 [main] INFO  handler.ContextHandler (ContextHandler.java:doStop(910)) - Stopped o.e.j.s.ServletContextHandler@17fdf9e{/static,file:///workdir/hadoop-ozone/integration-test/target/test-classes/webapps/static,UNAVAILABLE}
2019-08-20 22:34:53,913 [main] INFO  handler.ContextHandler (ContextHandler.java:doStop(910)) - Stopped o.e.j.s.ServletContextHandler@158f3f42{/logs,file:///workdir/hadoop-ozone/integration-test/target/log,UNAVAILABLE}
2019-08-20 22:34:53,913 [main] INFO  server.StorageContainerManager (StorageContainerManager.java:stop(844)) - Stopping Block Manager Service.
2019-08-20 22:34:53,914 [main] INFO  utils.BackgroundService (BackgroundService.java:shutdown(148)) - Shutting down service SCMBlockDeletingService
2019-08-20 22:34:53,914 [main] INFO  utils.BackgroundService (BackgroundService.java:shutdown(148)) - Shutting down service SCMBlockDeletingService
2019-08-20 22:34:53,916 [main] INFO  server.StorageContainerManager (StorageContainerManager.java:stop(866)) - Stopping SCM Event Queue.
2019-08-20 22:34:53,922 [main] INFO  impl.MetricsSystemImpl (MetricsSystemImpl.java:stop(210)) - Stopping HddsDatanode metrics system...
2019-08-20 22:34:53,929 [main] INFO  impl.MetricsSystemImpl (MetricsSystemImpl.java:stop(216)) - HddsDatanode metrics system stopped.
]]></system-out>
    <system-err><![CDATA[Aug 20, 2019 10:34:14 PM com.sun.jersey.server.impl.application.WebApplicationImpl _initiate
INFO: Initiating Jersey application, version 'Jersey: 1.19 02/11/2015 03:25 AM'
Aug 20, 2019 10:34:14 PM com.sun.jersey.server.impl.application.WebApplicationImpl _initiate
INFO: Initiating Jersey application, version 'Jersey: 1.19 02/11/2015 03:25 AM'
Aug 20, 2019 10:34:15 PM com.sun.jersey.server.impl.application.WebApplicationImpl _initiate
INFO: Initiating Jersey application, version 'Jersey: 1.19 02/11/2015 03:25 AM'
Aug 20, 2019 10:34:40 PM com.sun.jersey.server.impl.application.WebApplicationImpl _initiate
INFO: Initiating Jersey application, version 'Jersey: 1.19 02/11/2015 03:25 AM'
Aug 20, 2019 10:34:40 PM com.sun.jersey.server.impl.application.WebApplicationImpl _initiate
INFO: Initiating Jersey application, version 'Jersey: 1.19 02/11/2015 03:25 AM'
Aug 20, 2019 10:34:41 PM com.sun.jersey.server.impl.application.WebApplicationImpl _initiate
INFO: Initiating Jersey application, version 'Jersey: 1.19 02/11/2015 03:25 AM'
]]></system-err>
  </testcase>
</testsuite>