<?xml version="1.0" encoding="UTF-8"?>
<testsuite xmlns:xsi="http://www.w3.org/2001/XMLSchema-instance" xsi:noNamespaceSchemaLocation="https://maven.apache.org/surefire/maven-surefire-plugin/xsd/surefire-test-report.xsd" name="org.apache.hadoop.ozone.client.rpc.TestMultiBlockWritesWithDnFailures" time="20.754" tests="1" errors="1" skipped="0" failures="0">
  <properties>
    <property name="awt.toolkit" value="sun.awt.X11.XToolkit"/>
    <property name="file.encoding.pkg" value="sun.io"/>
    <property name="java.specification.version" value="1.8"/>
    <property name="sun.cpu.isalist" value=""/>
    <property name="sun.jnu.encoding" value="UTF-8"/>
    <property name="java.class.path" value="/workdir/hadoop-ozone/integration-test/target/test-classes:/workdir/hadoop-ozone/integration-test/target/classes:/home/user/.m2/repository/org/apache/hadoop/hadoop-ozone-common/0.4.1-SNAPSHOT/hadoop-ozone-common-0.4.1-SNAPSHOT.jar:/home/user/.m2/repository/org/apache/commons/commons-compress/1.4.1/commons-compress-1.4.1.jar:/home/user/.m2/repository/org/tukaani/xz/1.0/xz-1.0.jar:/home/user/.m2/repository/org/apache/hadoop/hadoop-common/3.2.0/hadoop-common-3.2.0.jar:/home/user/.m2/repository/org/apache/hadoop/hadoop-hdfs/3.2.0/hadoop-hdfs-3.2.0.jar:/home/user/.m2/repository/org/apache/hadoop/hadoop-hdfs-client/3.2.0/hadoop-hdfs-client-3.2.0.jar:/home/user/.m2/repository/com/fasterxml/jackson/core/jackson-annotations/2.9.5/jackson-annotations-2.9.5.jar:/home/user/.m2/repository/org/apache/hadoop/hadoop-hdds-common/0.4.1-SNAPSHOT/hadoop-hdds-common-0.4.1-SNAPSHOT.jar:/home/user/.m2/repository/javax/annotation/javax.annotation-api/1.2/javax.annotation-api-1.2.jar:/home/user/.m2/repository/org/apache/ratis/ratis-server/0.4.0-2337318-SNAPSHOT/ratis-server-0.4.0-2337318-SNAPSHOT.jar:/home/user/.m2/repository/org/apache/ratis/ratis-thirdparty-misc/0.2.0/ratis-thirdparty-misc-0.2.0.jar:/home/user/.m2/repository/org/apache/ratis/ratis-proto/0.4.0-2337318-SNAPSHOT/ratis-proto-0.4.0-2337318-SNAPSHOT.jar:/home/user/.m2/repository/org/apache/ratis/ratis-common/0.4.0-2337318-SNAPSHOT/ratis-common-0.4.0-2337318-SNAPSHOT.jar:/home/user/.m2/repository/org/apache/ratis/ratis-client/0.4.0-2337318-SNAPSHOT/ratis-client-0.4.0-2337318-SNAPSHOT.jar:/home/user/.m2/repository/org/apache/ratis/ratis-metrics/0.4.0-2337318-SNAPSHOT/ratis-metrics-0.4.0-2337318-SNAPSHOT.jar:/home/user/.m2/repository/org/apache/ratis/ratis-netty/0.4.0-2337318-SNAPSHOT/ratis-netty-0.4.0-2337318-SNAPSHOT.jar:/home/user/.m2/repository/org/apache/ratis/ratis-grpc/0.4.0-2337318-SNAPSHOT/ratis-grpc-0.4.0-2337318-SNAPSHOT.jar:/home/user/.m2/repository/org/rocksdb/rocksdbjni/6.0.1/rocksdbjni-6.0.1.jar:/home/user/.m2/repository/org/apache/logging/log4j/log4j-api/2.11.0/log4j-api-2.11.0.jar:/home/user/.m2/repository/org/apache/logging/log4j/log4j-core/2.11.0/log4j-core-2.11.0.jar:/home/user/.m2/repository/com/lmax/disruptor/3.4.2/disruptor-3.4.2.jar:/home/user/.m2/repository/org/apache/commons/commons-pool2/2.6.0/commons-pool2-2.6.0.jar:/home/user/.m2/repository/org/bouncycastle/bcpkix-jdk15on/1.60/bcpkix-jdk15on-1.60.jar:/home/user/.m2/repository/commons-validator/commons-validator/1.6/commons-validator-1.6.jar:/home/user/.m2/repository/commons-digester/commons-digester/1.8.1/commons-digester-1.8.1.jar:/home/user/.m2/repository/io/jaegertracing/jaeger-client/0.33.1/jaeger-client-0.33.1.jar:/home/user/.m2/repository/io/jaegertracing/jaeger-thrift/0.33.1/jaeger-thrift-0.33.1.jar:/home/user/.m2/repository/org/apache/thrift/libthrift/0.11.0/libthrift-0.11.0.jar:/home/user/.m2/repository/com/squareup/okhttp3/okhttp/3.9.0/okhttp-3.9.0.jar:/home/user/.m2/repository/com/squareup/okio/okio/1.13.0/okio-1.13.0.jar:/home/user/.m2/repository/io/jaegertracing/jaeger-core/0.33.1/jaeger-core-0.33.1.jar:/home/user/.m2/repository/io/jaegertracing/jaeger-tracerresolver/0.33.1/jaeger-tracerresolver-0.33.1.jar:/home/user/.m2/repository/io/opentracing/contrib/opentracing-tracerresolver/0.1.5/opentracing-tracerresolver-0.1.5.jar:/home/user/.m2/repository/io/opentracing/opentracing-util/0.31.0/opentracing-util-0.31.0.jar:/home/user/.m2/repository/io/opentracing/opentracing-api/0.31.0/opentracing-api-0.31.0.jar:/home/user/.m2/repository/io/opentracing/opentracing-noop/0.31.0/opentracing-noop-0.31.0.jar:/home/user/.m2/repository/org/apache/hadoop/hadoop-hdds-server-framework/0.4.1-SNAPSHOT/hadoop-hdds-server-framework-0.4.1-SNAPSHOT.jar:/home/user/.m2/repository/org/apache/hadoop/hadoop-hdds-container-service/0.4.1-SNAPSHOT/hadoop-hdds-container-service-0.4.1-SNAPSHOT.jar:/home/user/.m2/repository/org/apache/hadoop/hadoop-hdds-client/0.4.1-SNAPSHOT/hadoop-hdds-client-0.4.1-SNAPSHOT.jar:/home/user/.m2/repository/org/apache/hadoop/hadoop-hdds-tools/0.4.1-SNAPSHOT/hadoop-hdds-tools-0.4.1-SNAPSHOT.jar:/home/user/.m2/repository/org/apache/hadoop/hadoop-hdds-server-scm/0.4.1-SNAPSHOT/hadoop-hdds-server-scm-0.4.1-SNAPSHOT.jar:/home/user/.m2/repository/org/apache/hadoop/hadoop-hdds-docs/0.4.1-SNAPSHOT/hadoop-hdds-docs-0.4.1-SNAPSHOT.jar:/home/user/.m2/repository/io/dropwizard/metrics/metrics-core/3.2.4/metrics-core-3.2.4.jar:/home/user/.m2/repository/org/hamcrest/hamcrest-all/1.3/hamcrest-all-1.3.jar:/home/user/.m2/repository/org/bouncycastle/bcprov-jdk15on/1.60/bcprov-jdk15on-1.60.jar:/home/user/.m2/repository/info/picocli/picocli/3.9.6/picocli-3.9.6.jar:/home/user/.m2/repository/com/google/protobuf/protobuf-java/2.5.0/protobuf-java-2.5.0.jar:/home/user/.m2/repository/com/google/guava/guava/11.0.2/guava-11.0.2.jar:/home/user/.m2/repository/org/apache/hadoop/hadoop-ozone-ozone-manager/0.4.1-SNAPSHOT/hadoop-ozone-ozone-manager-0.4.1-SNAPSHOT.jar:/home/user/.m2/repository/org/apache/hadoop/hadoop-minikdc/3.2.0/hadoop-minikdc-3.2.0.jar:/home/user/.m2/repository/commons-io/commons-io/2.5/commons-io-2.5.jar:/home/user/.m2/repository/org/apache/kerby/kerb-simplekdc/1.0.1/kerb-simplekdc-1.0.1.jar:/home/user/.m2/repository/org/apache/kerby/kerb-client/1.0.1/kerb-client-1.0.1.jar:/home/user/.m2/repository/org/apache/kerby/kerby-config/1.0.1/kerby-config-1.0.1.jar:/home/user/.m2/repository/org/apache/kerby/kerb-core/1.0.1/kerb-core-1.0.1.jar:/home/user/.m2/repository/org/apache/kerby/kerby-pkix/1.0.1/kerby-pkix-1.0.1.jar:/home/user/.m2/repository/org/apache/kerby/kerby-asn1/1.0.1/kerby-asn1-1.0.1.jar:/home/user/.m2/repository/org/apache/kerby/kerby-util/1.0.1/kerby-util-1.0.1.jar:/home/user/.m2/repository/org/apache/kerby/kerb-common/1.0.1/kerb-common-1.0.1.jar:/home/user/.m2/repository/org/apache/kerby/kerb-crypto/1.0.1/kerb-crypto-1.0.1.jar:/home/user/.m2/repository/org/apache/kerby/kerb-util/1.0.1/kerb-util-1.0.1.jar:/home/user/.m2/repository/org/apache/kerby/token-provider/1.0.1/token-provider-1.0.1.jar:/home/user/.m2/repository/org/apache/kerby/kerb-admin/1.0.1/kerb-admin-1.0.1.jar:/home/user/.m2/repository/org/apache/kerby/kerb-server/1.0.1/kerb-server-1.0.1.jar:/home/user/.m2/repository/org/apache/kerby/kerb-identity/1.0.1/kerb-identity-1.0.1.jar:/home/user/.m2/repository/org/apache/kerby/kerby-xdr/1.0.1/kerby-xdr-1.0.1.jar:/home/user/.m2/repository/org/slf4j/slf4j-log4j12/1.7.25/slf4j-log4j12-1.7.25.jar:/home/user/.m2/repository/org/apache/hadoop/hadoop-ozone-objectstore-service/0.4.1-SNAPSHOT/hadoop-ozone-objectstore-service-0.4.1-SNAPSHOT.jar:/home/user/.m2/repository/org/apache/hadoop/hadoop-ozone-s3gateway/0.4.1-SNAPSHOT/hadoop-ozone-s3gateway-0.4.1-SNAPSHOT.jar:/home/user/.m2/repository/org/jboss/weld/servlet/weld-servlet/2.4.7.Final/weld-servlet-2.4.7.Final.jar:/home/user/.m2/repository/org/glassfish/jersey/containers/jersey-container-servlet-core/2.27/jersey-container-servlet-core-2.27.jar:/home/user/.m2/repository/org/glassfish/hk2/external/javax.inject/2.5.0-b42/javax.inject-2.5.0-b42.jar:/home/user/.m2/repository/org/glassfish/jersey/core/jersey-common/2.27/jersey-common-2.27.jar:/home/user/.m2/repository/org/glassfish/hk2/osgi-resource-locator/1.0.1/osgi-resource-locator-1.0.1.jar:/home/user/.m2/repository/javax/ws/rs/javax.ws.rs-api/2.1/javax.ws.rs-api-2.1.jar:/home/user/.m2/repository/org/glassfish/jersey/ext/cdi/jersey-cdi1x/2.27/jersey-cdi1x-2.27.jar:/home/user/.m2/repository/org/glassfish/jersey/inject/jersey-hk2/2.27/jersey-hk2-2.27.jar:/home/user/.m2/repository/org/glassfish/hk2/hk2-locator/2.5.0-b42/hk2-locator-2.5.0-b42.jar:/home/user/.m2/repository/org/javassist/javassist/3.22.0-CR2/javassist-3.22.0-CR2.jar:/home/user/.m2/repository/org/glassfish/hk2/hk2-api/2.5.0/hk2-api-2.5.0.jar:/home/user/.m2/repository/org/glassfish/hk2/external/jakarta.inject/2.5.0/jakarta.inject-2.5.0.jar:/home/user/.m2/repository/org/glassfish/hk2/hk2-utils/2.5.0/hk2-utils-2.5.0.jar:/home/user/.m2/repository/jakarta/annotation/jakarta.annotation-api/1.3.4/jakarta.annotation-api-1.3.4.jar:/home/user/.m2/repository/org/glassfish/hk2/external/aopalliance-repackaged/2.5.0/aopalliance-repackaged-2.5.0.jar:/home/user/.m2/repository/com/fasterxml/jackson/dataformat/jackson-dataformat-xml/2.9.0/jackson-dataformat-xml-2.9.0.jar:/home/user/.m2/repository/com/fasterxml/jackson/core/jackson-core/2.9.5/jackson-core-2.9.5.jar:/home/user/.m2/repository/com/fasterxml/jackson/module/jackson-module-jaxb-annotations/2.9.5/jackson-module-jaxb-annotations-2.9.5.jar:/home/user/.m2/repository/javax/enterprise/cdi-api/1.2/cdi-api-1.2.jar:/home/user/.m2/repository/javax/el/javax.el-api/3.0.0/javax.el-api-3.0.0.jar:/home/user/.m2/repository/javax/interceptor/javax.interceptor-api/1.2/javax.interceptor-api-1.2.jar:/home/user/.m2/repository/javax/inject/javax.inject/1/javax.inject-1.jar:/home/user/.m2/repository/com/sun/xml/bind/jaxb-impl/2.3.0.1/jaxb-impl-2.3.0.1.jar:/home/user/.m2/repository/com/sun/xml/bind/jaxb-core/2.3.0.1/jaxb-core-2.3.0.1.jar:/home/user/.m2/repository/javax/xml/bind/jaxb-api/2.3.0/jaxb-api-2.3.0.jar:/home/user/.m2/repository/javax/activation/activation/1.1.1/activation-1.1.1.jar:/home/user/.m2/repository/org/apache/hadoop/hadoop-ozone-csi/0.4.1-SNAPSHOT/hadoop-ozone-csi-0.4.1-SNAPSHOT.jar:/home/user/.m2/repository/com/google/protobuf/protobuf-java-util/3.5.1/protobuf-java-util-3.5.1.jar:/home/user/.m2/repository/org/apache/hadoop/hadoop-hdds-config/0.4.1-SNAPSHOT/hadoop-hdds-config-0.4.1-SNAPSHOT.jar:/home/user/.m2/repository/io/grpc/grpc-netty/1.17.1/grpc-netty-1.17.1.jar:/home/user/.m2/repository/io/grpc/grpc-core/1.17.1/grpc-core-1.17.1.jar:/home/user/.m2/repository/io/grpc/grpc-context/1.17.1/grpc-context-1.17.1.jar:/home/user/.m2/repository/com/google/errorprone/error_prone_annotations/2.2.0/error_prone_annotations-2.2.0.jar:/home/user/.m2/repository/org/codehaus/mojo/animal-sniffer-annotations/1.17/animal-sniffer-annotations-1.17.jar:/home/user/.m2/repository/io/opencensus/opencensus-api/0.17.0/opencensus-api-0.17.0.jar:/home/user/.m2/repository/io/opencensus/opencensus-contrib-grpc-metrics/0.17.0/opencensus-contrib-grpc-metrics-0.17.0.jar:/home/user/.m2/repository/io/netty/netty-codec-http2/4.1.30.Final/netty-codec-http2-4.1.30.Final.jar:/home/user/.m2/repository/io/netty/netty-codec-http/4.1.30.Final/netty-codec-http-4.1.30.Final.jar:/home/user/.m2/repository/io/netty/netty-codec/4.1.30.Final/netty-codec-4.1.30.Final.jar:/home/user/.m2/repository/io/netty/netty-handler/4.1.30.Final/netty-handler-4.1.30.Final.jar:/home/user/.m2/repository/io/netty/netty-handler-proxy/4.1.30.Final/netty-handler-proxy-4.1.30.Final.jar:/home/user/.m2/repository/io/netty/netty-codec-socks/4.1.30.Final/netty-codec-socks-4.1.30.Final.jar:/home/user/.m2/repository/io/netty/netty-transport-native-epoll/4.1.30.Final/netty-transport-native-epoll-4.1.30.Final.jar:/home/user/.m2/repository/io/netty/netty-common/4.1.30.Final/netty-common-4.1.30.Final.jar:/home/user/.m2/repository/io/netty/netty-buffer/4.1.30.Final/netty-buffer-4.1.30.Final.jar:/home/user/.m2/repository/io/netty/netty-transport/4.1.30.Final/netty-transport-4.1.30.Final.jar:/home/user/.m2/repository/io/netty/netty-resolver/4.1.30.Final/netty-resolver-4.1.30.Final.jar:/home/user/.m2/repository/io/netty/netty-transport-native-unix-common/4.1.30.Final/netty-transport-native-unix-common-4.1.30.Final.jar:/home/user/.m2/repository/io/grpc/grpc-protobuf/1.17.1/grpc-protobuf-1.17.1.jar:/home/user/.m2/repository/com/google/api/grpc/proto-google-common-protos/1.0.0/proto-google-common-protos-1.0.0.jar:/home/user/.m2/repository/io/grpc/grpc-protobuf-lite/1.17.1/grpc-protobuf-lite-1.17.1.jar:/home/user/.m2/repository/io/grpc/grpc-stub/1.17.1/grpc-stub-1.17.1.jar:/home/user/.m2/repository/org/apache/hadoop/hadoop-ozone-recon/0.4.1-SNAPSHOT/hadoop-ozone-recon-0.4.1-SNAPSHOT.jar:/home/user/.m2/repository/org/apache/hadoop/hadoop-ozone-reconcodegen/0.4.1-SNAPSHOT/hadoop-ozone-reconcodegen-0.4.1-SNAPSHOT.jar:/home/user/.m2/repository/com/google/inject/extensions/guice-multibindings/4.0/guice-multibindings-4.0.jar:/home/user/.m2/repository/com/google/inject/guice/4.0/guice-4.0.jar:/home/user/.m2/repository/aopalliance/aopalliance/1.0/aopalliance-1.0.jar:/home/user/.m2/repository/com/google/inject/extensions/guice-servlet/4.0/guice-servlet-4.0.jar:/home/user/.m2/repository/org/glassfish/jersey/containers/jersey-container-servlet/2.27/jersey-container-servlet-2.27.jar:/home/user/.m2/repository/org/glassfish/hk2/guice-bridge/2.5.0/guice-bridge-2.5.0.jar:/home/user/.m2/repository/org/glassfish/jersey/core/jersey-server/2.27/jersey-server-2.27.jar:/home/user/.m2/repository/org/glassfish/jersey/core/jersey-client/2.27/jersey-client-2.27.jar:/home/user/.m2/repository/org/glassfish/jersey/media/jersey-media-jaxb/2.27/jersey-media-jaxb-2.27.jar:/home/user/.m2/repository/javax/validation/validation-api/1.1.0.Final/validation-api-1.1.0.Final.jar:/home/user/.m2/repository/org/glassfish/jersey/media/jersey-media-json-jackson/2.27/jersey-media-json-jackson-2.27.jar:/home/user/.m2/repository/org/glassfish/jersey/ext/jersey-entity-filtering/2.27/jersey-entity-filtering-2.27.jar:/home/user/.m2/repository/com/google/inject/extensions/guice-assistedinject/4.0/guice-assistedinject-4.0.jar:/home/user/.m2/repository/org/jooq/jooq/3.11.10/jooq-3.11.10.jar:/home/user/.m2/repository/org/jooq/jooq-meta/3.11.10/jooq-meta-3.11.10.jar:/home/user/.m2/repository/org/jooq/jooq-codegen/3.11.10/jooq-codegen-3.11.10.jar:/home/user/.m2/repository/com/jolbox/bonecp/0.8.0.RELEASE/bonecp-0.8.0.RELEASE.jar:/home/user/.m2/repository/org/xerial/sqlite-jdbc/3.25.2/sqlite-jdbc-3.25.2.jar:/home/user/.m2/repository/org/springframework/spring-jdbc/5.1.3.RELEASE/spring-jdbc-5.1.3.RELEASE.jar:/home/user/.m2/repository/org/springframework/spring-beans/5.1.3.RELEASE/spring-beans-5.1.3.RELEASE.jar:/home/user/.m2/repository/org/springframework/spring-core/5.1.3.RELEASE/spring-core-5.1.3.RELEASE.jar:/home/user/.m2/repository/org/springframework/spring-jcl/5.1.3.RELEASE/spring-jcl-5.1.3.RELEASE.jar:/home/user/.m2/repository/org/springframework/spring-tx/5.1.3.RELEASE/spring-tx-5.1.3.RELEASE.jar:/home/user/.m2/repository/org/apache/hadoop/hadoop-ozone-client/0.4.1-SNAPSHOT/hadoop-ozone-client-0.4.1-SNAPSHOT.jar:/home/user/.m2/repository/commons-lang/commons-lang/2.6/commons-lang-2.6.jar:/home/user/.m2/repository/org/apache/hadoop/hadoop-ozone-ozone-manager/0.4.1-SNAPSHOT/hadoop-ozone-ozone-manager-0.4.1-SNAPSHOT-tests.jar:/home/user/.m2/repository/junit/junit/4.11/junit-4.11.jar:/home/user/.m2/repository/org/hamcrest/hamcrest-core/1.3/hamcrest-core-1.3.jar:/home/user/.m2/repository/org/openjdk/jmh/jmh-core/1.19/jmh-core-1.19.jar:/home/user/.m2/repository/net/sf/jopt-simple/jopt-simple/4.6/jopt-simple-4.6.jar:/home/user/.m2/repository/org/apache/commons/commons-math3/3.1.1/commons-math3-3.1.1.jar:/home/user/.m2/repository/org/openjdk/jmh/jmh-generator-annprocess/1.19/jmh-generator-annprocess-1.19.jar:/home/user/.m2/repository/org/mockito/mockito-all/1.8.5/mockito-all-1.8.5.jar:/home/user/.m2/repository/org/apache/hadoop/hadoop-kms/3.2.0/hadoop-kms-3.2.0.jar:/home/user/.m2/repository/org/apache/hadoop/hadoop-auth/3.2.0/hadoop-auth-3.2.0.jar:/home/user/.m2/repository/com/nimbusds/nimbus-jose-jwt/4.41.1/nimbus-jose-jwt-4.41.1.jar:/home/user/.m2/repository/com/github/stephenc/jcip/jcip-annotations/1.0-1/jcip-annotations-1.0-1.jar:/home/user/.m2/repository/net/minidev/json-smart/2.3/json-smart-2.3.jar:/home/user/.m2/repository/net/minidev/accessors-smart/1.2/accessors-smart-1.2.jar:/home/user/.m2/repository/org/ow2/asm/asm/5.0.4/asm-5.0.4.jar:/home/user/.m2/repository/org/apache/curator/curator-framework/2.12.0/curator-framework-2.12.0.jar:/home/user/.m2/repository/com/sun/jersey/jersey-core/1.19/jersey-core-1.19.jar:/home/user/.m2/repository/javax/ws/rs/jsr311-api/1.1.1/jsr311-api-1.1.1.jar:/home/user/.m2/repository/com/sun/jersey/jersey-server/1.19/jersey-server-1.19.jar:/home/user/.m2/repository/javax/servlet/javax.servlet-api/3.1.0/javax.servlet-api-3.1.0.jar:/home/user/.m2/repository/org/eclipse/jetty/jetty-server/9.3.24.v20180605/jetty-server-9.3.24.v20180605.jar:/home/user/.m2/repository/org/eclipse/jetty/jetty-http/9.3.24.v20180605/jetty-http-9.3.24.v20180605.jar:/home/user/.m2/repository/org/eclipse/jetty/jetty-io/9.3.24.v20180605/jetty-io-9.3.24.v20180605.jar:/home/user/.m2/repository/org/eclipse/jetty/jetty-webapp/9.3.24.v20180605/jetty-webapp-9.3.24.v20180605.jar:/home/user/.m2/repository/org/eclipse/jetty/jetty-xml/9.3.24.v20180605/jetty-xml-9.3.24.v20180605.jar:/home/user/.m2/repository/log4j/log4j/1.2.17/log4j-1.2.17.jar:/home/user/.m2/repository/org/slf4j/slf4j-api/1.7.25/slf4j-api-1.7.25.jar:/home/user/.m2/repository/org/slf4j/jul-to-slf4j/1.7.25/jul-to-slf4j-1.7.25.jar:/home/user/.m2/repository/org/eclipse/jetty/jetty-util/9.3.24.v20180605/jetty-util-9.3.24.v20180605.jar:/home/user/.m2/repository/com/fasterxml/jackson/core/jackson-databind/2.9.5/jackson-databind-2.9.5.jar:/home/user/.m2/repository/org/apache/hadoop/hadoop-kms/3.2.0/hadoop-kms-3.2.0-tests.jar:/home/user/.m2/repository/org/apache/hadoop/hadoop-hdds-server-scm/0.4.1-SNAPSHOT/hadoop-hdds-server-scm-0.4.1-SNAPSHOT-tests.jar:/home/user/.m2/repository/org/apache/hadoop/hadoop-hdds-container-service/0.4.1-SNAPSHOT/hadoop-hdds-container-service-0.4.1-SNAPSHOT-tests.jar:/home/user/.m2/repository/org/yaml/snakeyaml/1.16/snakeyaml-1.16.jar:/home/user/.m2/repository/org/apache/hadoop/hadoop-common/3.2.0/hadoop-common-3.2.0-tests.jar:/home/user/.m2/repository/org/apache/hadoop/hadoop-annotations/3.2.0/hadoop-annotations-3.2.0.jar:/usr/lib/jvm/java-1.8-openjdk/jre/../lib/tools.jar:/home/user/.m2/repository/commons-cli/commons-cli/1.2/commons-cli-1.2.jar:/home/user/.m2/repository/org/apache/httpcomponents/httpclient/4.5.2/httpclient-4.5.2.jar:/home/user/.m2/repository/org/apache/httpcomponents/httpcore/4.4.4/httpcore-4.4.4.jar:/home/user/.m2/repository/commons-codec/commons-codec/1.11/commons-codec-1.11.jar:/home/user/.m2/repository/commons-net/commons-net/3.6/commons-net-3.6.jar:/home/user/.m2/repository/commons-collections/commons-collections/3.2.2/commons-collections-3.2.2.jar:/home/user/.m2/repository/org/eclipse/jetty/jetty-servlet/9.3.24.v20180605/jetty-servlet-9.3.24.v20180605.jar:/home/user/.m2/repository/org/eclipse/jetty/jetty-security/9.3.24.v20180605/jetty-security-9.3.24.v20180605.jar:/home/user/.m2/repository/javax/servlet/jsp/jsp-api/2.1/jsp-api-2.1.jar:/home/user/.m2/repository/com/sun/jersey/jersey-servlet/1.19/jersey-servlet-1.19.jar:/home/user/.m2/repository/com/sun/jersey/jersey-json/1.19/jersey-json-1.19.jar:/home/user/.m2/repository/org/codehaus/jettison/jettison/1.1/jettison-1.1.jar:/home/user/.m2/repository/org/codehaus/jackson/jackson-core-asl/1.9.13/jackson-core-asl-1.9.13.jar:/home/user/.m2/repository/org/codehaus/jackson/jackson-mapper-asl/1.9.13/jackson-mapper-asl-1.9.13.jar:/home/user/.m2/repository/org/codehaus/jackson/jackson-jaxrs/1.9.13/jackson-jaxrs-1.9.13.jar:/home/user/.m2/repository/org/codehaus/jackson/jackson-xc/1.9.13/jackson-xc-1.9.13.jar:/home/user/.m2/repository/commons-logging/commons-logging/1.1.3/commons-logging-1.1.3.jar:/home/user/.m2/repository/commons-beanutils/commons-beanutils/1.9.3/commons-beanutils-1.9.3.jar:/home/user/.m2/repository/org/apache/commons/commons-configuration2/2.1.1/commons-configuration2-2.1.1.jar:/home/user/.m2/repository/org/apache/commons/commons-lang3/3.7/commons-lang3-3.7.jar:/home/user/.m2/repository/org/apache/commons/commons-text/1.4/commons-text-1.4.jar:/home/user/.m2/repository/org/apache/avro/avro/1.7.7/avro-1.7.7.jar:/home/user/.m2/repository/com/thoughtworks/paranamer/paranamer/2.3/paranamer-2.3.jar:/home/user/.m2/repository/org/xerial/snappy/snappy-java/1.0.5/snappy-java-1.0.5.jar:/home/user/.m2/repository/com/google/re2j/re2j/1.1/re2j-1.1.jar:/home/user/.m2/repository/com/google/code/gson/gson/2.2.4/gson-2.2.4.jar:/home/user/.m2/repository/com/jcraft/jsch/0.1.54/jsch-0.1.54.jar:/home/user/.m2/repository/org/apache/curator/curator-client/2.12.0/curator-client-2.12.0.jar:/home/user/.m2/repository/org/apache/curator/curator-recipes/2.12.0/curator-recipes-2.12.0.jar:/home/user/.m2/repository/com/google/code/findbugs/jsr305/3.0.0/jsr305-3.0.0.jar:/home/user/.m2/repository/org/apache/htrace/htrace-core4/4.1.0-incubating/htrace-core4-4.1.0-incubating.jar:/home/user/.m2/repository/org/apache/zookeeper/zookeeper/3.4.13/zookeeper-3.4.13.jar:/home/user/.m2/repository/org/apache/yetus/audience-annotations/0.5.0/audience-annotations-0.5.0.jar:/home/user/.m2/repository/org/codehaus/woodstox/stax2-api/3.1.4/stax2-api-3.1.4.jar:/home/user/.m2/repository/com/fasterxml/woodstox/woodstox-core/5.0.3/woodstox-core-5.0.3.jar:/home/user/.m2/repository/dnsjava/dnsjava/2.1.7/dnsjava-2.1.7.jar:/home/user/.m2/repository/org/apache/hadoop/hadoop-hdfs/3.2.0/hadoop-hdfs-3.2.0-tests.jar:/home/user/.m2/repository/org/eclipse/jetty/jetty-util-ajax/9.3.24.v20180605/jetty-util-ajax-9.3.24.v20180605.jar:/home/user/.m2/repository/commons-daemon/commons-daemon/1.0.13/commons-daemon-1.0.13.jar:/home/user/.m2/repository/io/netty/netty/3.10.5.Final/netty-3.10.5.Final.jar:/home/user/.m2/repository/io/netty/netty-all/4.0.52.Final/netty-all-4.0.52.Final.jar:/home/user/.m2/repository/org/fusesource/leveldbjni/leveldbjni-all/1.8/leveldbjni-all-1.8.jar:"/>
    <property name="java.vm.vendor" value="IcedTea"/>
    <property name="sun.arch.data.model" value="64"/>
    <property name="test.build.dir" value="/workdir/hadoop-ozone/integration-test/target/test-dir"/>
    <property name="test.cache.data" value=""/>
    <property name="java.vendor.url" value="https://icedtea.classpath.org"/>
    <property name="user.timezone" value=""/>
    <property name="java.vm.specification.version" value="1.8"/>
    <property name="os.name" value="Linux"/>
    <property name="test.build.data" value="/workdir/hadoop-ozone/integration-test/target/test-dir"/>
    <property name="user.country" value="US"/>
    <property name="sun.java.launcher" value="SUN_STANDARD"/>
    <property name="sun.boot.library.path" value="/usr/lib/jvm/java-1.8-openjdk/jre/lib/amd64"/>
    <property name="sun.java.command" value="/workdir/hadoop-ozone/integration-test/target/surefire/surefirebooter3067368804641440809.jar /workdir/hadoop-ozone/integration-test/target/surefire 2019-07-30T14-42-27_683-jvmRun1 surefire6259107297274391373tmp surefire_426029859794569772575tmp"/>
    <property name="surefire.test.class.path" value="/workdir/hadoop-ozone/integration-test/target/test-classes:/workdir/hadoop-ozone/integration-test/target/classes:/home/user/.m2/repository/org/apache/hadoop/hadoop-ozone-common/0.4.1-SNAPSHOT/hadoop-ozone-common-0.4.1-SNAPSHOT.jar:/home/user/.m2/repository/org/apache/commons/commons-compress/1.4.1/commons-compress-1.4.1.jar:/home/user/.m2/repository/org/tukaani/xz/1.0/xz-1.0.jar:/home/user/.m2/repository/org/apache/hadoop/hadoop-common/3.2.0/hadoop-common-3.2.0.jar:/home/user/.m2/repository/org/apache/hadoop/hadoop-hdfs/3.2.0/hadoop-hdfs-3.2.0.jar:/home/user/.m2/repository/org/apache/hadoop/hadoop-hdfs-client/3.2.0/hadoop-hdfs-client-3.2.0.jar:/home/user/.m2/repository/com/fasterxml/jackson/core/jackson-annotations/2.9.5/jackson-annotations-2.9.5.jar:/home/user/.m2/repository/org/apache/hadoop/hadoop-hdds-common/0.4.1-SNAPSHOT/hadoop-hdds-common-0.4.1-SNAPSHOT.jar:/home/user/.m2/repository/javax/annotation/javax.annotation-api/1.2/javax.annotation-api-1.2.jar:/home/user/.m2/repository/org/apache/ratis/ratis-server/0.4.0-2337318-SNAPSHOT/ratis-server-0.4.0-2337318-SNAPSHOT.jar:/home/user/.m2/repository/org/apache/ratis/ratis-thirdparty-misc/0.2.0/ratis-thirdparty-misc-0.2.0.jar:/home/user/.m2/repository/org/apache/ratis/ratis-proto/0.4.0-2337318-SNAPSHOT/ratis-proto-0.4.0-2337318-SNAPSHOT.jar:/home/user/.m2/repository/org/apache/ratis/ratis-common/0.4.0-2337318-SNAPSHOT/ratis-common-0.4.0-2337318-SNAPSHOT.jar:/home/user/.m2/repository/org/apache/ratis/ratis-client/0.4.0-2337318-SNAPSHOT/ratis-client-0.4.0-2337318-SNAPSHOT.jar:/home/user/.m2/repository/org/apache/ratis/ratis-metrics/0.4.0-2337318-SNAPSHOT/ratis-metrics-0.4.0-2337318-SNAPSHOT.jar:/home/user/.m2/repository/org/apache/ratis/ratis-netty/0.4.0-2337318-SNAPSHOT/ratis-netty-0.4.0-2337318-SNAPSHOT.jar:/home/user/.m2/repository/org/apache/ratis/ratis-grpc/0.4.0-2337318-SNAPSHOT/ratis-grpc-0.4.0-2337318-SNAPSHOT.jar:/home/user/.m2/repository/org/rocksdb/rocksdbjni/6.0.1/rocksdbjni-6.0.1.jar:/home/user/.m2/repository/org/apache/logging/log4j/log4j-api/2.11.0/log4j-api-2.11.0.jar:/home/user/.m2/repository/org/apache/logging/log4j/log4j-core/2.11.0/log4j-core-2.11.0.jar:/home/user/.m2/repository/com/lmax/disruptor/3.4.2/disruptor-3.4.2.jar:/home/user/.m2/repository/org/apache/commons/commons-pool2/2.6.0/commons-pool2-2.6.0.jar:/home/user/.m2/repository/org/bouncycastle/bcpkix-jdk15on/1.60/bcpkix-jdk15on-1.60.jar:/home/user/.m2/repository/commons-validator/commons-validator/1.6/commons-validator-1.6.jar:/home/user/.m2/repository/commons-digester/commons-digester/1.8.1/commons-digester-1.8.1.jar:/home/user/.m2/repository/io/jaegertracing/jaeger-client/0.33.1/jaeger-client-0.33.1.jar:/home/user/.m2/repository/io/jaegertracing/jaeger-thrift/0.33.1/jaeger-thrift-0.33.1.jar:/home/user/.m2/repository/org/apache/thrift/libthrift/0.11.0/libthrift-0.11.0.jar:/home/user/.m2/repository/com/squareup/okhttp3/okhttp/3.9.0/okhttp-3.9.0.jar:/home/user/.m2/repository/com/squareup/okio/okio/1.13.0/okio-1.13.0.jar:/home/user/.m2/repository/io/jaegertracing/jaeger-core/0.33.1/jaeger-core-0.33.1.jar:/home/user/.m2/repository/io/jaegertracing/jaeger-tracerresolver/0.33.1/jaeger-tracerresolver-0.33.1.jar:/home/user/.m2/repository/io/opentracing/contrib/opentracing-tracerresolver/0.1.5/opentracing-tracerresolver-0.1.5.jar:/home/user/.m2/repository/io/opentracing/opentracing-util/0.31.0/opentracing-util-0.31.0.jar:/home/user/.m2/repository/io/opentracing/opentracing-api/0.31.0/opentracing-api-0.31.0.jar:/home/user/.m2/repository/io/opentracing/opentracing-noop/0.31.0/opentracing-noop-0.31.0.jar:/home/user/.m2/repository/org/apache/hadoop/hadoop-hdds-server-framework/0.4.1-SNAPSHOT/hadoop-hdds-server-framework-0.4.1-SNAPSHOT.jar:/home/user/.m2/repository/org/apache/hadoop/hadoop-hdds-container-service/0.4.1-SNAPSHOT/hadoop-hdds-container-service-0.4.1-SNAPSHOT.jar:/home/user/.m2/repository/org/apache/hadoop/hadoop-hdds-client/0.4.1-SNAPSHOT/hadoop-hdds-client-0.4.1-SNAPSHOT.jar:/home/user/.m2/repository/org/apache/hadoop/hadoop-hdds-tools/0.4.1-SNAPSHOT/hadoop-hdds-tools-0.4.1-SNAPSHOT.jar:/home/user/.m2/repository/org/apache/hadoop/hadoop-hdds-server-scm/0.4.1-SNAPSHOT/hadoop-hdds-server-scm-0.4.1-SNAPSHOT.jar:/home/user/.m2/repository/org/apache/hadoop/hadoop-hdds-docs/0.4.1-SNAPSHOT/hadoop-hdds-docs-0.4.1-SNAPSHOT.jar:/home/user/.m2/repository/io/dropwizard/metrics/metrics-core/3.2.4/metrics-core-3.2.4.jar:/home/user/.m2/repository/org/hamcrest/hamcrest-all/1.3/hamcrest-all-1.3.jar:/home/user/.m2/repository/org/bouncycastle/bcprov-jdk15on/1.60/bcprov-jdk15on-1.60.jar:/home/user/.m2/repository/info/picocli/picocli/3.9.6/picocli-3.9.6.jar:/home/user/.m2/repository/com/google/protobuf/protobuf-java/2.5.0/protobuf-java-2.5.0.jar:/home/user/.m2/repository/com/google/guava/guava/11.0.2/guava-11.0.2.jar:/home/user/.m2/repository/org/apache/hadoop/hadoop-ozone-ozone-manager/0.4.1-SNAPSHOT/hadoop-ozone-ozone-manager-0.4.1-SNAPSHOT.jar:/home/user/.m2/repository/org/apache/hadoop/hadoop-minikdc/3.2.0/hadoop-minikdc-3.2.0.jar:/home/user/.m2/repository/commons-io/commons-io/2.5/commons-io-2.5.jar:/home/user/.m2/repository/org/apache/kerby/kerb-simplekdc/1.0.1/kerb-simplekdc-1.0.1.jar:/home/user/.m2/repository/org/apache/kerby/kerb-client/1.0.1/kerb-client-1.0.1.jar:/home/user/.m2/repository/org/apache/kerby/kerby-config/1.0.1/kerby-config-1.0.1.jar:/home/user/.m2/repository/org/apache/kerby/kerb-core/1.0.1/kerb-core-1.0.1.jar:/home/user/.m2/repository/org/apache/kerby/kerby-pkix/1.0.1/kerby-pkix-1.0.1.jar:/home/user/.m2/repository/org/apache/kerby/kerby-asn1/1.0.1/kerby-asn1-1.0.1.jar:/home/user/.m2/repository/org/apache/kerby/kerby-util/1.0.1/kerby-util-1.0.1.jar:/home/user/.m2/repository/org/apache/kerby/kerb-common/1.0.1/kerb-common-1.0.1.jar:/home/user/.m2/repository/org/apache/kerby/kerb-crypto/1.0.1/kerb-crypto-1.0.1.jar:/home/user/.m2/repository/org/apache/kerby/kerb-util/1.0.1/kerb-util-1.0.1.jar:/home/user/.m2/repository/org/apache/kerby/token-provider/1.0.1/token-provider-1.0.1.jar:/home/user/.m2/repository/org/apache/kerby/kerb-admin/1.0.1/kerb-admin-1.0.1.jar:/home/user/.m2/repository/org/apache/kerby/kerb-server/1.0.1/kerb-server-1.0.1.jar:/home/user/.m2/repository/org/apache/kerby/kerb-identity/1.0.1/kerb-identity-1.0.1.jar:/home/user/.m2/repository/org/apache/kerby/kerby-xdr/1.0.1/kerby-xdr-1.0.1.jar:/home/user/.m2/repository/org/slf4j/slf4j-log4j12/1.7.25/slf4j-log4j12-1.7.25.jar:/home/user/.m2/repository/org/apache/hadoop/hadoop-ozone-objectstore-service/0.4.1-SNAPSHOT/hadoop-ozone-objectstore-service-0.4.1-SNAPSHOT.jar:/home/user/.m2/repository/org/apache/hadoop/hadoop-ozone-s3gateway/0.4.1-SNAPSHOT/hadoop-ozone-s3gateway-0.4.1-SNAPSHOT.jar:/home/user/.m2/repository/org/jboss/weld/servlet/weld-servlet/2.4.7.Final/weld-servlet-2.4.7.Final.jar:/home/user/.m2/repository/org/glassfish/jersey/containers/jersey-container-servlet-core/2.27/jersey-container-servlet-core-2.27.jar:/home/user/.m2/repository/org/glassfish/hk2/external/javax.inject/2.5.0-b42/javax.inject-2.5.0-b42.jar:/home/user/.m2/repository/org/glassfish/jersey/core/jersey-common/2.27/jersey-common-2.27.jar:/home/user/.m2/repository/org/glassfish/hk2/osgi-resource-locator/1.0.1/osgi-resource-locator-1.0.1.jar:/home/user/.m2/repository/javax/ws/rs/javax.ws.rs-api/2.1/javax.ws.rs-api-2.1.jar:/home/user/.m2/repository/org/glassfish/jersey/ext/cdi/jersey-cdi1x/2.27/jersey-cdi1x-2.27.jar:/home/user/.m2/repository/org/glassfish/jersey/inject/jersey-hk2/2.27/jersey-hk2-2.27.jar:/home/user/.m2/repository/org/glassfish/hk2/hk2-locator/2.5.0-b42/hk2-locator-2.5.0-b42.jar:/home/user/.m2/repository/org/javassist/javassist/3.22.0-CR2/javassist-3.22.0-CR2.jar:/home/user/.m2/repository/org/glassfish/hk2/hk2-api/2.5.0/hk2-api-2.5.0.jar:/home/user/.m2/repository/org/glassfish/hk2/external/jakarta.inject/2.5.0/jakarta.inject-2.5.0.jar:/home/user/.m2/repository/org/glassfish/hk2/hk2-utils/2.5.0/hk2-utils-2.5.0.jar:/home/user/.m2/repository/jakarta/annotation/jakarta.annotation-api/1.3.4/jakarta.annotation-api-1.3.4.jar:/home/user/.m2/repository/org/glassfish/hk2/external/aopalliance-repackaged/2.5.0/aopalliance-repackaged-2.5.0.jar:/home/user/.m2/repository/com/fasterxml/jackson/dataformat/jackson-dataformat-xml/2.9.0/jackson-dataformat-xml-2.9.0.jar:/home/user/.m2/repository/com/fasterxml/jackson/core/jackson-core/2.9.5/jackson-core-2.9.5.jar:/home/user/.m2/repository/com/fasterxml/jackson/module/jackson-module-jaxb-annotations/2.9.5/jackson-module-jaxb-annotations-2.9.5.jar:/home/user/.m2/repository/javax/enterprise/cdi-api/1.2/cdi-api-1.2.jar:/home/user/.m2/repository/javax/el/javax.el-api/3.0.0/javax.el-api-3.0.0.jar:/home/user/.m2/repository/javax/interceptor/javax.interceptor-api/1.2/javax.interceptor-api-1.2.jar:/home/user/.m2/repository/javax/inject/javax.inject/1/javax.inject-1.jar:/home/user/.m2/repository/com/sun/xml/bind/jaxb-impl/2.3.0.1/jaxb-impl-2.3.0.1.jar:/home/user/.m2/repository/com/sun/xml/bind/jaxb-core/2.3.0.1/jaxb-core-2.3.0.1.jar:/home/user/.m2/repository/javax/xml/bind/jaxb-api/2.3.0/jaxb-api-2.3.0.jar:/home/user/.m2/repository/javax/activation/activation/1.1.1/activation-1.1.1.jar:/home/user/.m2/repository/org/apache/hadoop/hadoop-ozone-csi/0.4.1-SNAPSHOT/hadoop-ozone-csi-0.4.1-SNAPSHOT.jar:/home/user/.m2/repository/com/google/protobuf/protobuf-java-util/3.5.1/protobuf-java-util-3.5.1.jar:/home/user/.m2/repository/org/apache/hadoop/hadoop-hdds-config/0.4.1-SNAPSHOT/hadoop-hdds-config-0.4.1-SNAPSHOT.jar:/home/user/.m2/repository/io/grpc/grpc-netty/1.17.1/grpc-netty-1.17.1.jar:/home/user/.m2/repository/io/grpc/grpc-core/1.17.1/grpc-core-1.17.1.jar:/home/user/.m2/repository/io/grpc/grpc-context/1.17.1/grpc-context-1.17.1.jar:/home/user/.m2/repository/com/google/errorprone/error_prone_annotations/2.2.0/error_prone_annotations-2.2.0.jar:/home/user/.m2/repository/org/codehaus/mojo/animal-sniffer-annotations/1.17/animal-sniffer-annotations-1.17.jar:/home/user/.m2/repository/io/opencensus/opencensus-api/0.17.0/opencensus-api-0.17.0.jar:/home/user/.m2/repository/io/opencensus/opencensus-contrib-grpc-metrics/0.17.0/opencensus-contrib-grpc-metrics-0.17.0.jar:/home/user/.m2/repository/io/netty/netty-codec-http2/4.1.30.Final/netty-codec-http2-4.1.30.Final.jar:/home/user/.m2/repository/io/netty/netty-codec-http/4.1.30.Final/netty-codec-http-4.1.30.Final.jar:/home/user/.m2/repository/io/netty/netty-codec/4.1.30.Final/netty-codec-4.1.30.Final.jar:/home/user/.m2/repository/io/netty/netty-handler/4.1.30.Final/netty-handler-4.1.30.Final.jar:/home/user/.m2/repository/io/netty/netty-handler-proxy/4.1.30.Final/netty-handler-proxy-4.1.30.Final.jar:/home/user/.m2/repository/io/netty/netty-codec-socks/4.1.30.Final/netty-codec-socks-4.1.30.Final.jar:/home/user/.m2/repository/io/netty/netty-transport-native-epoll/4.1.30.Final/netty-transport-native-epoll-4.1.30.Final.jar:/home/user/.m2/repository/io/netty/netty-common/4.1.30.Final/netty-common-4.1.30.Final.jar:/home/user/.m2/repository/io/netty/netty-buffer/4.1.30.Final/netty-buffer-4.1.30.Final.jar:/home/user/.m2/repository/io/netty/netty-transport/4.1.30.Final/netty-transport-4.1.30.Final.jar:/home/user/.m2/repository/io/netty/netty-resolver/4.1.30.Final/netty-resolver-4.1.30.Final.jar:/home/user/.m2/repository/io/netty/netty-transport-native-unix-common/4.1.30.Final/netty-transport-native-unix-common-4.1.30.Final.jar:/home/user/.m2/repository/io/grpc/grpc-protobuf/1.17.1/grpc-protobuf-1.17.1.jar:/home/user/.m2/repository/com/google/api/grpc/proto-google-common-protos/1.0.0/proto-google-common-protos-1.0.0.jar:/home/user/.m2/repository/io/grpc/grpc-protobuf-lite/1.17.1/grpc-protobuf-lite-1.17.1.jar:/home/user/.m2/repository/io/grpc/grpc-stub/1.17.1/grpc-stub-1.17.1.jar:/home/user/.m2/repository/org/apache/hadoop/hadoop-ozone-recon/0.4.1-SNAPSHOT/hadoop-ozone-recon-0.4.1-SNAPSHOT.jar:/home/user/.m2/repository/org/apache/hadoop/hadoop-ozone-reconcodegen/0.4.1-SNAPSHOT/hadoop-ozone-reconcodegen-0.4.1-SNAPSHOT.jar:/home/user/.m2/repository/com/google/inject/extensions/guice-multibindings/4.0/guice-multibindings-4.0.jar:/home/user/.m2/repository/com/google/inject/guice/4.0/guice-4.0.jar:/home/user/.m2/repository/aopalliance/aopalliance/1.0/aopalliance-1.0.jar:/home/user/.m2/repository/com/google/inject/extensions/guice-servlet/4.0/guice-servlet-4.0.jar:/home/user/.m2/repository/org/glassfish/jersey/containers/jersey-container-servlet/2.27/jersey-container-servlet-2.27.jar:/home/user/.m2/repository/org/glassfish/hk2/guice-bridge/2.5.0/guice-bridge-2.5.0.jar:/home/user/.m2/repository/org/glassfish/jersey/core/jersey-server/2.27/jersey-server-2.27.jar:/home/user/.m2/repository/org/glassfish/jersey/core/jersey-client/2.27/jersey-client-2.27.jar:/home/user/.m2/repository/org/glassfish/jersey/media/jersey-media-jaxb/2.27/jersey-media-jaxb-2.27.jar:/home/user/.m2/repository/javax/validation/validation-api/1.1.0.Final/validation-api-1.1.0.Final.jar:/home/user/.m2/repository/org/glassfish/jersey/media/jersey-media-json-jackson/2.27/jersey-media-json-jackson-2.27.jar:/home/user/.m2/repository/org/glassfish/jersey/ext/jersey-entity-filtering/2.27/jersey-entity-filtering-2.27.jar:/home/user/.m2/repository/com/google/inject/extensions/guice-assistedinject/4.0/guice-assistedinject-4.0.jar:/home/user/.m2/repository/org/jooq/jooq/3.11.10/jooq-3.11.10.jar:/home/user/.m2/repository/org/jooq/jooq-meta/3.11.10/jooq-meta-3.11.10.jar:/home/user/.m2/repository/org/jooq/jooq-codegen/3.11.10/jooq-codegen-3.11.10.jar:/home/user/.m2/repository/com/jolbox/bonecp/0.8.0.RELEASE/bonecp-0.8.0.RELEASE.jar:/home/user/.m2/repository/org/xerial/sqlite-jdbc/3.25.2/sqlite-jdbc-3.25.2.jar:/home/user/.m2/repository/org/springframework/spring-jdbc/5.1.3.RELEASE/spring-jdbc-5.1.3.RELEASE.jar:/home/user/.m2/repository/org/springframework/spring-beans/5.1.3.RELEASE/spring-beans-5.1.3.RELEASE.jar:/home/user/.m2/repository/org/springframework/spring-core/5.1.3.RELEASE/spring-core-5.1.3.RELEASE.jar:/home/user/.m2/repository/org/springframework/spring-jcl/5.1.3.RELEASE/spring-jcl-5.1.3.RELEASE.jar:/home/user/.m2/repository/org/springframework/spring-tx/5.1.3.RELEASE/spring-tx-5.1.3.RELEASE.jar:/home/user/.m2/repository/org/apache/hadoop/hadoop-ozone-client/0.4.1-SNAPSHOT/hadoop-ozone-client-0.4.1-SNAPSHOT.jar:/home/user/.m2/repository/commons-lang/commons-lang/2.6/commons-lang-2.6.jar:/home/user/.m2/repository/org/apache/hadoop/hadoop-ozone-ozone-manager/0.4.1-SNAPSHOT/hadoop-ozone-ozone-manager-0.4.1-SNAPSHOT-tests.jar:/home/user/.m2/repository/junit/junit/4.11/junit-4.11.jar:/home/user/.m2/repository/org/hamcrest/hamcrest-core/1.3/hamcrest-core-1.3.jar:/home/user/.m2/repository/org/openjdk/jmh/jmh-core/1.19/jmh-core-1.19.jar:/home/user/.m2/repository/net/sf/jopt-simple/jopt-simple/4.6/jopt-simple-4.6.jar:/home/user/.m2/repository/org/apache/commons/commons-math3/3.1.1/commons-math3-3.1.1.jar:/home/user/.m2/repository/org/openjdk/jmh/jmh-generator-annprocess/1.19/jmh-generator-annprocess-1.19.jar:/home/user/.m2/repository/org/mockito/mockito-all/1.8.5/mockito-all-1.8.5.jar:/home/user/.m2/repository/org/apache/hadoop/hadoop-kms/3.2.0/hadoop-kms-3.2.0.jar:/home/user/.m2/repository/org/apache/hadoop/hadoop-auth/3.2.0/hadoop-auth-3.2.0.jar:/home/user/.m2/repository/com/nimbusds/nimbus-jose-jwt/4.41.1/nimbus-jose-jwt-4.41.1.jar:/home/user/.m2/repository/com/github/stephenc/jcip/jcip-annotations/1.0-1/jcip-annotations-1.0-1.jar:/home/user/.m2/repository/net/minidev/json-smart/2.3/json-smart-2.3.jar:/home/user/.m2/repository/net/minidev/accessors-smart/1.2/accessors-smart-1.2.jar:/home/user/.m2/repository/org/ow2/asm/asm/5.0.4/asm-5.0.4.jar:/home/user/.m2/repository/org/apache/curator/curator-framework/2.12.0/curator-framework-2.12.0.jar:/home/user/.m2/repository/com/sun/jersey/jersey-core/1.19/jersey-core-1.19.jar:/home/user/.m2/repository/javax/ws/rs/jsr311-api/1.1.1/jsr311-api-1.1.1.jar:/home/user/.m2/repository/com/sun/jersey/jersey-server/1.19/jersey-server-1.19.jar:/home/user/.m2/repository/javax/servlet/javax.servlet-api/3.1.0/javax.servlet-api-3.1.0.jar:/home/user/.m2/repository/org/eclipse/jetty/jetty-server/9.3.24.v20180605/jetty-server-9.3.24.v20180605.jar:/home/user/.m2/repository/org/eclipse/jetty/jetty-http/9.3.24.v20180605/jetty-http-9.3.24.v20180605.jar:/home/user/.m2/repository/org/eclipse/jetty/jetty-io/9.3.24.v20180605/jetty-io-9.3.24.v20180605.jar:/home/user/.m2/repository/org/eclipse/jetty/jetty-webapp/9.3.24.v20180605/jetty-webapp-9.3.24.v20180605.jar:/home/user/.m2/repository/org/eclipse/jetty/jetty-xml/9.3.24.v20180605/jetty-xml-9.3.24.v20180605.jar:/home/user/.m2/repository/log4j/log4j/1.2.17/log4j-1.2.17.jar:/home/user/.m2/repository/org/slf4j/slf4j-api/1.7.25/slf4j-api-1.7.25.jar:/home/user/.m2/repository/org/slf4j/jul-to-slf4j/1.7.25/jul-to-slf4j-1.7.25.jar:/home/user/.m2/repository/org/eclipse/jetty/jetty-util/9.3.24.v20180605/jetty-util-9.3.24.v20180605.jar:/home/user/.m2/repository/com/fasterxml/jackson/core/jackson-databind/2.9.5/jackson-databind-2.9.5.jar:/home/user/.m2/repository/org/apache/hadoop/hadoop-kms/3.2.0/hadoop-kms-3.2.0-tests.jar:/home/user/.m2/repository/org/apache/hadoop/hadoop-hdds-server-scm/0.4.1-SNAPSHOT/hadoop-hdds-server-scm-0.4.1-SNAPSHOT-tests.jar:/home/user/.m2/repository/org/apache/hadoop/hadoop-hdds-container-service/0.4.1-SNAPSHOT/hadoop-hdds-container-service-0.4.1-SNAPSHOT-tests.jar:/home/user/.m2/repository/org/yaml/snakeyaml/1.16/snakeyaml-1.16.jar:/home/user/.m2/repository/org/apache/hadoop/hadoop-common/3.2.0/hadoop-common-3.2.0-tests.jar:/home/user/.m2/repository/org/apache/hadoop/hadoop-annotations/3.2.0/hadoop-annotations-3.2.0.jar:/usr/lib/jvm/java-1.8-openjdk/jre/../lib/tools.jar:/home/user/.m2/repository/commons-cli/commons-cli/1.2/commons-cli-1.2.jar:/home/user/.m2/repository/org/apache/httpcomponents/httpclient/4.5.2/httpclient-4.5.2.jar:/home/user/.m2/repository/org/apache/httpcomponents/httpcore/4.4.4/httpcore-4.4.4.jar:/home/user/.m2/repository/commons-codec/commons-codec/1.11/commons-codec-1.11.jar:/home/user/.m2/repository/commons-net/commons-net/3.6/commons-net-3.6.jar:/home/user/.m2/repository/commons-collections/commons-collections/3.2.2/commons-collections-3.2.2.jar:/home/user/.m2/repository/org/eclipse/jetty/jetty-servlet/9.3.24.v20180605/jetty-servlet-9.3.24.v20180605.jar:/home/user/.m2/repository/org/eclipse/jetty/jetty-security/9.3.24.v20180605/jetty-security-9.3.24.v20180605.jar:/home/user/.m2/repository/javax/servlet/jsp/jsp-api/2.1/jsp-api-2.1.jar:/home/user/.m2/repository/com/sun/jersey/jersey-servlet/1.19/jersey-servlet-1.19.jar:/home/user/.m2/repository/com/sun/jersey/jersey-json/1.19/jersey-json-1.19.jar:/home/user/.m2/repository/org/codehaus/jettison/jettison/1.1/jettison-1.1.jar:/home/user/.m2/repository/org/codehaus/jackson/jackson-core-asl/1.9.13/jackson-core-asl-1.9.13.jar:/home/user/.m2/repository/org/codehaus/jackson/jackson-mapper-asl/1.9.13/jackson-mapper-asl-1.9.13.jar:/home/user/.m2/repository/org/codehaus/jackson/jackson-jaxrs/1.9.13/jackson-jaxrs-1.9.13.jar:/home/user/.m2/repository/org/codehaus/jackson/jackson-xc/1.9.13/jackson-xc-1.9.13.jar:/home/user/.m2/repository/commons-logging/commons-logging/1.1.3/commons-logging-1.1.3.jar:/home/user/.m2/repository/commons-beanutils/commons-beanutils/1.9.3/commons-beanutils-1.9.3.jar:/home/user/.m2/repository/org/apache/commons/commons-configuration2/2.1.1/commons-configuration2-2.1.1.jar:/home/user/.m2/repository/org/apache/commons/commons-lang3/3.7/commons-lang3-3.7.jar:/home/user/.m2/repository/org/apache/commons/commons-text/1.4/commons-text-1.4.jar:/home/user/.m2/repository/org/apache/avro/avro/1.7.7/avro-1.7.7.jar:/home/user/.m2/repository/com/thoughtworks/paranamer/paranamer/2.3/paranamer-2.3.jar:/home/user/.m2/repository/org/xerial/snappy/snappy-java/1.0.5/snappy-java-1.0.5.jar:/home/user/.m2/repository/com/google/re2j/re2j/1.1/re2j-1.1.jar:/home/user/.m2/repository/com/google/code/gson/gson/2.2.4/gson-2.2.4.jar:/home/user/.m2/repository/com/jcraft/jsch/0.1.54/jsch-0.1.54.jar:/home/user/.m2/repository/org/apache/curator/curator-client/2.12.0/curator-client-2.12.0.jar:/home/user/.m2/repository/org/apache/curator/curator-recipes/2.12.0/curator-recipes-2.12.0.jar:/home/user/.m2/repository/com/google/code/findbugs/jsr305/3.0.0/jsr305-3.0.0.jar:/home/user/.m2/repository/org/apache/htrace/htrace-core4/4.1.0-incubating/htrace-core4-4.1.0-incubating.jar:/home/user/.m2/repository/org/apache/zookeeper/zookeeper/3.4.13/zookeeper-3.4.13.jar:/home/user/.m2/repository/org/apache/yetus/audience-annotations/0.5.0/audience-annotations-0.5.0.jar:/home/user/.m2/repository/org/codehaus/woodstox/stax2-api/3.1.4/stax2-api-3.1.4.jar:/home/user/.m2/repository/com/fasterxml/woodstox/woodstox-core/5.0.3/woodstox-core-5.0.3.jar:/home/user/.m2/repository/dnsjava/dnsjava/2.1.7/dnsjava-2.1.7.jar:/home/user/.m2/repository/org/apache/hadoop/hadoop-hdfs/3.2.0/hadoop-hdfs-3.2.0-tests.jar:/home/user/.m2/repository/org/eclipse/jetty/jetty-util-ajax/9.3.24.v20180605/jetty-util-ajax-9.3.24.v20180605.jar:/home/user/.m2/repository/commons-daemon/commons-daemon/1.0.13/commons-daemon-1.0.13.jar:/home/user/.m2/repository/io/netty/netty/3.10.5.Final/netty-3.10.5.Final.jar:/home/user/.m2/repository/io/netty/netty-all/4.0.52.Final/netty-all-4.0.52.Final.jar:/home/user/.m2/repository/org/fusesource/leveldbjni/leveldbjni-all/1.8/leveldbjni-all-1.8.jar:"/>
    <property name="sun.cpu.endian" value="little"/>
    <property name="user.home" value="/home/user"/>
    <property name="user.language" value="en"/>
    <property name="java.specification.vendor" value="Oracle Corporation"/>
    <property name="java.home" value="/usr/lib/jvm/java-1.8-openjdk/jre"/>
    <property name="java.security.krb5.conf" value="/workdir/hadoop-ozone/integration-test/target/test-classes/krb5.conf"/>
    <property name="basedir" value="/workdir/hadoop-ozone/integration-test"/>
    <property name="file.separator" value="/"/>
    <property name="line.separator" value="&#10;"/>
    <property name="java.vm.specification.vendor" value="Oracle Corporation"/>
    <property name="java.specification.name" value="Java Platform API Specification"/>
    <property name="java.awt.graphicsenv" value="sun.awt.X11GraphicsEnvironment"/>
    <property name="surefire.real.class.path" value="/workdir/hadoop-ozone/integration-test/target/surefire/surefirebooter3067368804641440809.jar"/>
    <property name="hadoop.log.dir" value="/workdir/hadoop-ozone/integration-test/target/log"/>
    <property name="sun.boot.class.path" value="/usr/lib/jvm/java-1.8-openjdk/jre/lib/resources.jar:/usr/lib/jvm/java-1.8-openjdk/jre/lib/rt.jar:/usr/lib/jvm/java-1.8-openjdk/jre/lib/sunrsasign.jar:/usr/lib/jvm/java-1.8-openjdk/jre/lib/jsse.jar:/usr/lib/jvm/java-1.8-openjdk/jre/lib/jce.jar:/usr/lib/jvm/java-1.8-openjdk/jre/lib/charsets.jar:/usr/lib/jvm/java-1.8-openjdk/jre/lib/jfr.jar:/usr/lib/jvm/java-1.8-openjdk/jre/classes"/>
    <property name="sun.management.compiler" value="HotSpot 64-Bit Tiered Compilers"/>
    <property name="java.runtime.version" value="1.8.0_212-b04"/>
    <property name="java.net.preferIPv4Stack" value="true"/>
    <property name="user.name" value="jenkins1000"/>
    <property name="path.separator" value=":"/>
    <property name="java.security.egd" value="file:///dev/urandom"/>
    <property name="os.version" value="3.10.0-957.12.2.el7.x86_64"/>
    <property name="java.endorsed.dirs" value="/usr/lib/jvm/java-1.8-openjdk/jre/lib/endorsed"/>
    <property name="java.runtime.name" value="OpenJDK Runtime Environment"/>
    <property name="file.encoding" value="UTF-8"/>
    <property name="java.vm.name" value="OpenJDK 64-Bit Server VM"/>
    <property name="test.build.webapps" value=""/>
    <property name="localRepository" value="/home/user/.m2/repository"/>
    <property name="java.vendor.url.bug" value="https://icedtea.classpath.org/bugzilla"/>
    <property name="java.io.tmpdir" value="/tmp"/>
    <property name="require.test.libhadoop" value=""/>
    <property name="java.version" value="1.8.0_212"/>
    <property name="user.dir" value="/workdir/hadoop-ozone/integration-test"/>
    <property name="os.arch" value="amd64"/>
    <property name="java.vm.specification.name" value="Java Virtual Machine Specification"/>
    <property name="test.build.classes" value="/workdir/hadoop-ozone/integration-test/target/test-classes"/>
    <property name="java.awt.printerjob" value="sun.print.PSPrinterJob"/>
    <property name="sun.os.patch.level" value="unknown"/>
    <property name="hadoop.tmp.dir" value="/workdir/hadoop-ozone/integration-test/target/tmp"/>
    <property name="java.library.path" value="/usr/lib/jvm/java-1.8-openjdk/jre/lib/amd64/server:/usr/lib/jvm/java-1.8-openjdk/jre/lib/amd64:/usr/lib/jvm/java-1.8-openjdk/jre/../lib/amd64:/workdir/hadoop-ozone/integration-test/target/native/target/usr/local/lib:/workdir/hadoop-ozone/integration-test/../../hadoop-common-project/hadoop-common/target/native/target/usr/local/lib:/usr/java/packages/lib/amd64:/usr/lib64:/lib64:/lib:/usr/lib"/>
    <property name="java.vm.info" value="mixed mode"/>
    <property name="java.vendor" value="IcedTea"/>
    <property name="java.vm.version" value="25.212-b04"/>
    <property name="java.ext.dirs" value="/usr/lib/jvm/java-1.8-openjdk/jre/lib/ext:/usr/java/packages/lib/ext"/>
    <property name="sun.io.unicode.encoding" value="UnicodeLittle"/>
    <property name="java.class.version" value="52.0"/>
  </properties>
  <testcase name="testMultiBlockWritesWithDnFailures" classname="org.apache.hadoop.ozone.client.rpc.TestMultiBlockWritesWithDnFailures" time="20.695">
    <error message="Allocated 0 blocks. Requested 1 blocks" type="INTERNAL_ERROR org.apache.hadoop.ozone.om.exceptions.OMException">INTERNAL_ERROR org.apache.hadoop.ozone.om.exceptions.OMException: Allocated 0 blocks. Requested 1 blocks
	at org.apache.hadoop.ozone.om.protocolPB.OzoneManagerProtocolClientSideTranslatorPB.handleError(OzoneManagerProtocolClientSideTranslatorPB.java:720)
	at org.apache.hadoop.ozone.om.protocolPB.OzoneManagerProtocolClientSideTranslatorPB.allocateBlock(OzoneManagerProtocolClientSideTranslatorPB.java:752)
	at org.apache.hadoop.ozone.client.io.BlockOutputStreamEntryPool.allocateNewBlock(BlockOutputStreamEntryPool.java:248)
	at org.apache.hadoop.ozone.client.io.BlockOutputStreamEntryPool.allocateBlockIfNeeded(BlockOutputStreamEntryPool.java:296)
	at org.apache.hadoop.ozone.client.io.KeyOutputStream.handleWrite(KeyOutputStream.java:201)
	at org.apache.hadoop.ozone.client.io.KeyOutputStream.handleRetry(KeyOutputStream.java:376)
	at org.apache.hadoop.ozone.client.io.KeyOutputStream.handleException(KeyOutputStream.java:325)
	at org.apache.hadoop.ozone.client.io.KeyOutputStream.handleWrite(KeyOutputStream.java:231)
	at org.apache.hadoop.ozone.client.io.KeyOutputStream.handleRetry(KeyOutputStream.java:376)
	at org.apache.hadoop.ozone.client.io.KeyOutputStream.handleException(KeyOutputStream.java:325)
	at org.apache.hadoop.ozone.client.io.KeyOutputStream.handleWrite(KeyOutputStream.java:231)
	at org.apache.hadoop.ozone.client.io.KeyOutputStream.write(KeyOutputStream.java:193)
	at org.apache.hadoop.ozone.client.io.OzoneOutputStream.write(OzoneOutputStream.java:49)
	at java.io.OutputStream.write(OutputStream.java:75)
	at org.apache.hadoop.ozone.client.rpc.TestMultiBlockWritesWithDnFailures.testMultiBlockWritesWithDnFailures(TestMultiBlockWritesWithDnFailures.java:122)
	at sun.reflect.NativeMethodAccessorImpl.invoke0(Native Method)
	at sun.reflect.NativeMethodAccessorImpl.invoke(NativeMethodAccessorImpl.java:62)
	at sun.reflect.DelegatingMethodAccessorImpl.invoke(DelegatingMethodAccessorImpl.java:43)
	at java.lang.reflect.Method.invoke(Method.java:498)
	at org.junit.runners.model.FrameworkMethod$1.runReflectiveCall(FrameworkMethod.java:47)
	at org.junit.internal.runners.model.ReflectiveCallable.run(ReflectiveCallable.java:12)
	at org.junit.runners.model.FrameworkMethod.invokeExplosively(FrameworkMethod.java:44)
	at org.junit.internal.runners.statements.InvokeMethod.evaluate(InvokeMethod.java:17)
	at org.junit.runners.ParentRunner.runLeaf(ParentRunner.java:271)
	at org.junit.runners.BlockJUnit4ClassRunner.runChild(BlockJUnit4ClassRunner.java:70)
	at org.junit.runners.BlockJUnit4ClassRunner.runChild(BlockJUnit4ClassRunner.java:50)
	at org.junit.runners.ParentRunner$3.run(ParentRunner.java:238)
	at org.junit.runners.ParentRunner$1.schedule(ParentRunner.java:63)
	at org.junit.runners.ParentRunner.runChildren(ParentRunner.java:236)
	at org.junit.runners.ParentRunner.access$000(ParentRunner.java:53)
	at org.junit.runners.ParentRunner$2.evaluate(ParentRunner.java:229)
	at org.junit.runners.ParentRunner.run(ParentRunner.java:309)
	at org.apache.maven.surefire.junit4.JUnit4Provider.execute(JUnit4Provider.java:365)
	at org.apache.maven.surefire.junit4.JUnit4Provider.executeWithRerun(JUnit4Provider.java:273)
	at org.apache.maven.surefire.junit4.JUnit4Provider.executeTestSet(JUnit4Provider.java:238)
	at org.apache.maven.surefire.junit4.JUnit4Provider.invoke(JUnit4Provider.java:159)
	at org.apache.maven.surefire.booter.ForkedBooter.invokeProviderInSameClassLoader(ForkedBooter.java:384)
	at org.apache.maven.surefire.booter.ForkedBooter.runSuitesInProcess(ForkedBooter.java:345)
	at org.apache.maven.surefire.booter.ForkedBooter.execute(ForkedBooter.java:126)
	at org.apache.maven.surefire.booter.ForkedBooter.main(ForkedBooter.java:418)
</error>
    <system-out><![CDATA[2019-07-30 15:29:30,124 WARN  server.ServerUtils (ServerUtils.java:getScmDbDir(145)) - ozone.scm.db.dirs is not configured. We recommend adding this setting. Falling back to ozone.metadata.dirs instead.
2019-07-30 15:29:30,235 WARN  server.ServerUtils (ServerUtils.java:getScmDbDir(145)) - ozone.scm.db.dirs is not configured. We recommend adding this setting. Falling back to ozone.metadata.dirs instead.
2019-07-30 15:29:30,238 WARN  server.ServerUtils (ServerUtils.java:getScmDbDir(145)) - ozone.scm.db.dirs is not configured. We recommend adding this setting. Falling back to ozone.metadata.dirs instead.
2019-07-30 15:29:30,254 INFO  util.log (Log.java:initialized(192)) - Logging initialized @873ms
2019-07-30 15:29:30,355 INFO  db.DBStoreBuilder (DBStoreBuilder.java:addTable(110)) - using custom profile for table: deletedBlocks
2019-07-30 15:29:30,355 INFO  db.DBStoreBuilder (DBStoreBuilder.java:processTables(161)) - Using default column profile:DBProfile.DISK for Table:deletedBlocks
2019-07-30 15:29:30,355 INFO  db.DBStoreBuilder (DBStoreBuilder.java:addTable(110)) - using custom profile for table: validCerts
2019-07-30 15:29:30,356 INFO  db.DBStoreBuilder (DBStoreBuilder.java:processTables(161)) - Using default column profile:DBProfile.DISK for Table:validCerts
2019-07-30 15:29:30,356 INFO  db.DBStoreBuilder (DBStoreBuilder.java:addTable(110)) - using custom profile for table: revokedCerts
2019-07-30 15:29:30,356 INFO  db.DBStoreBuilder (DBStoreBuilder.java:processTables(161)) - Using default column profile:DBProfile.DISK for Table:revokedCerts
2019-07-30 15:29:30,368 INFO  db.DBStoreBuilder (DBStoreBuilder.java:addTable(110)) - using custom profile for table: default
2019-07-30 15:29:30,368 INFO  db.DBStoreBuilder (DBStoreBuilder.java:processTables(167)) - Using default column profile:DBProfile.DISK for Table:default
2019-07-30 15:29:30,369 INFO  db.DBStoreBuilder (DBStoreBuilder.java:getDbProfile(198)) - Using default options. DBProfile.DISK
2019-07-30 15:29:30,538 INFO  net.NodeSchemaLoader (NodeSchemaLoader.java:loadSchemaFromFile(125)) - Loading file from sun.misc.CompoundEnumeration@7193666c
2019-07-30 15:29:30,542 INFO  net.NodeSchemaLoader (NodeSchemaLoader.java:loadSchema(171)) - Loading network topology layer schema file
2019-07-30 15:29:30,618 INFO  node.SCMNodeManager (SCMNodeManager.java:<init>(121)) - Entering startup safe mode.
2019-07-30 15:29:30,703 WARN  server.ServerUtils (ServerUtils.java:getScmDbDir(145)) - ozone.scm.db.dirs is not configured. We recommend adding this setting. Falling back to ozone.metadata.dirs instead.
2019-07-30 15:29:30,755 INFO  pipeline.SCMPipelineManager (SCMPipelineManager.java:initializePipelineState(126)) - No pipeline exists in current db
2019-07-30 15:29:30,758 WARN  server.ServerUtils (ServerUtils.java:getScmDbDir(145)) - ozone.scm.db.dirs is not configured. We recommend adding this setting. Falling back to ozone.metadata.dirs instead.
2019-07-30 15:29:30,843 WARN  events.EventQueue (EventQueue.java:fireEvent(175)) - No event handler registered for event TypedEvent{payloadType=SafeModeStatus, name='SafeModeStatus'}
2019-07-30 15:29:31,169 INFO  ipc.CallQueueManager (CallQueueManager.java:<init>(84)) - Using callQueue: class java.util.concurrent.LinkedBlockingQueue, queueCapacity: 2000, scheduler: class org.apache.hadoop.ipc.DefaultRpcScheduler, ipcBackoff: false.
2019-07-30 15:29:31,215 INFO  ipc.Server (Server.java:run(1074)) - Starting Socket Reader #1 for port 44097
2019-07-30 15:29:31,254 INFO  ipc.CallQueueManager (CallQueueManager.java:<init>(84)) - Using callQueue: class java.util.concurrent.LinkedBlockingQueue, queueCapacity: 2000, scheduler: class org.apache.hadoop.ipc.DefaultRpcScheduler, ipcBackoff: false.
2019-07-30 15:29:31,256 INFO  ipc.Server (Server.java:run(1074)) - Starting Socket Reader #1 for port 35420
2019-07-30 15:29:31,266 INFO  ipc.CallQueueManager (CallQueueManager.java:<init>(84)) - Using callQueue: class java.util.concurrent.LinkedBlockingQueue, queueCapacity: 2000, scheduler: class org.apache.hadoop.ipc.DefaultRpcScheduler, ipcBackoff: false.
2019-07-30 15:29:31,268 INFO  ipc.Server (Server.java:run(1074)) - Starting Socket Reader #1 for port 39417
2019-07-30 15:29:31,385 INFO  hdfs.DFSUtil (DFSUtil.java:httpServerTemplateForNNAndJN(1641)) - Starting Web-server for scm at: http://0.0.0.0:0
2019-07-30 15:29:31,519 INFO  server.AuthenticationFilter (AuthenticationFilter.java:constructSecretProvider(240)) - Unable to initialize FileSignerSecretProvider, falling back to use random secrets.
2019-07-30 15:29:31,527 WARN  http.HttpRequestLog (HttpRequestLog.java:getRequestLog(97)) - Jetty request log can only be enabled using Log4j
2019-07-30 15:29:31,535 INFO  http.HttpServer2 (HttpServer2.java:addGlobalFilter(975)) - Added global filter 'safety' (class=org.apache.hadoop.http.HttpServer2$QuotingInputFilter)
2019-07-30 15:29:31,538 INFO  http.HttpServer2 (HttpServer2.java:addFilter(948)) - Added filter static_user_filter (class=org.apache.hadoop.http.lib.StaticUserWebFilter$StaticUserFilter) to context scm
2019-07-30 15:29:31,538 INFO  http.HttpServer2 (HttpServer2.java:addFilter(958)) - Added filter static_user_filter (class=org.apache.hadoop.http.lib.StaticUserWebFilter$StaticUserFilter) to context logs
2019-07-30 15:29:31,538 INFO  http.HttpServer2 (HttpServer2.java:addFilter(958)) - Added filter static_user_filter (class=org.apache.hadoop.http.lib.StaticUserWebFilter$StaticUserFilter) to context static
2019-07-30 15:29:31,564 INFO  server.StorageContainerManager (StorageContainerManager.java:start(758)) - StorageContainerLocationProtocol RPC server is listening at /0.0.0.0:39417
2019-07-30 15:29:31,620 WARN  impl.MetricsConfig (MetricsConfig.java:loadFirst(134)) - Cannot locate configuration: tried hadoop-metrics2-storagecontainermanager.properties,hadoop-metrics2.properties
2019-07-30 15:29:31,632 INFO  impl.MetricsSystemImpl (MetricsSystemImpl.java:startTimer(374)) - Scheduled Metric snapshot period at 10 second(s).
2019-07-30 15:29:31,633 INFO  impl.MetricsSystemImpl (MetricsSystemImpl.java:start(191)) - StorageContainerManager metrics system started
2019-07-30 15:29:31,851 INFO  server.SCMClientProtocolServer (SCMClientProtocolServer.java:start(151)) - RPC server for Client  is listening at /0.0.0.0:39417
2019-07-30 15:29:31,852 INFO  ipc.Server (Server.java:run(1314)) - IPC Server Responder: starting
2019-07-30 15:29:31,852 INFO  ipc.Server (Server.java:run(1153)) - IPC Server listener on 39417: starting
2019-07-30 15:29:31,855 INFO  server.StorageContainerManager (StorageContainerManager.java:start(768)) - ScmBlockLocationProtocol RPC server is listening at /0.0.0.0:35420
2019-07-30 15:29:31,856 INFO  server.SCMBlockProtocolServer (SCMBlockProtocolServer.java:start(140)) - RPC server for Block Protocol is listening at /0.0.0.0:35420
2019-07-30 15:29:31,856 INFO  ipc.Server (Server.java:run(1314)) - IPC Server Responder: starting
2019-07-30 15:29:31,856 INFO  ipc.Server (Server.java:run(1153)) - IPC Server listener on 35420: starting
2019-07-30 15:29:31,863 INFO  server.StorageContainerManager (StorageContainerManager.java:start(772)) - ScmDatanodeProtocl RPC server is listening at /0.0.0.0:44097
2019-07-30 15:29:31,864 INFO  server.SCMDatanodeProtocolServer (SCMDatanodeProtocolServer.java:start(191)) - RPC server for DataNodes is listening at /0.0.0.0:44097
2019-07-30 15:29:31,864 INFO  ipc.Server (Server.java:run(1314)) - IPC Server Responder: starting
2019-07-30 15:29:31,865 INFO  ipc.Server (Server.java:run(1153)) - IPC Server listener on 44097: starting
2019-07-30 15:29:31,875 INFO  http.HttpServer2 (HttpServer2.java:bindListener(1191)) - Jetty bound to port 36712
2019-07-30 15:29:31,877 INFO  server.Server (Server.java:doStart(351)) - jetty-9.3.24.v20180605, build timestamp: 2018-06-05T17:11:56Z, git hash: 84205aa28f11a4f31f2a3b86d1bba2cc8ab69827
2019-07-30 15:29:31,911 INFO  handler.ContextHandler (ContextHandler.java:doStart(781)) - Started o.e.j.s.ServletContextHandler@75f95314{/logs,file:///workdir/hadoop-ozone/integration-test/target/log,AVAILABLE}
2019-07-30 15:29:31,912 INFO  handler.ContextHandler (ContextHandler.java:doStart(781)) - Started o.e.j.s.ServletContextHandler@6bbe2511{/static,file:///workdir/hadoop-ozone/integration-test/target/test-classes/webapps/static,AVAILABLE}
2019-07-30 15:29:31,940 INFO  handler.ContextHandler (ContextHandler.java:doStart(781)) - Started o.e.j.w.WebAppContext@285d851a{/,file:///workdir/hadoop-ozone/integration-test/target/test-classes/webapps/scm/,AVAILABLE}{/scm}
2019-07-30 15:29:31,945 INFO  server.AbstractConnector (AbstractConnector.java:doStart(278)) - Started ServerConnector@32232e55{HTTP/1.1,[http/1.1]}{0.0.0.0:36712}
2019-07-30 15:29:31,946 INFO  server.Server (Server.java:doStart(419)) - Started @2564ms
2019-07-30 15:29:31,947 INFO  server.BaseHttpServer (BaseHttpServer.java:updateConnectorAddress(207)) - HTTP server of SCM is listening at http://0.0.0.0:36712
2019-07-30 15:29:31,953 INFO  util.JvmPauseMonitor (JvmPauseMonitor.java:run(188)) - Starting JVM pause monitor
2019-07-30 15:29:31,954 WARN  server.ServerUtils (ServerUtils.java:getDBPath(222)) - ozone.om.db.dirs is not configured. We recommend adding this setting. Falling back to ozone.metadata.dirs instead.
2019-07-30 15:29:32,031 WARN  server.ServerUtils (ServerUtils.java:getDBPath(222)) - ozone.om.db.dirs is not configured. We recommend adding this setting. Falling back to ozone.metadata.dirs instead.
2019-07-30 15:29:32,032 WARN  server.ServerUtils (ServerUtils.java:getDBPath(222)) - ozone.om.db.dirs is not configured. We recommend adding this setting. Falling back to ozone.metadata.dirs instead.
2019-07-30 15:29:32,033 INFO  om.OzoneManager (OzoneManager.java:setOMNodeDetails(644)) - OM Service ID is not set. Setting it to the default ID: omServiceIdDefault
2019-07-30 15:29:32,033 INFO  om.OzoneManager (OzoneManager.java:setOMNodeDetails(650)) - OM Node ID is not set. Setting it to the OmStorage's OmID: f523721c-3490-4164-80c1-58a8ea469a15
2019-07-30 15:29:32,034 INFO  om.OzoneManager (OzoneManager.java:loadOMHAConfigs(601)) - Found matching OM address with OMServiceId: null, OMNodeId: null, RPC Address: localhost:0 and Ratis port: 9872
2019-07-30 15:29:32,633 WARN  server.ServerUtils (ServerUtils.java:getDBPath(222)) - ozone.om.db.dirs is not configured. We recommend adding this setting. Falling back to ozone.metadata.dirs instead.
2019-07-30 15:29:32,638 INFO  db.DBStoreBuilder (DBStoreBuilder.java:addTable(110)) - using custom profile for table: userTable
2019-07-30 15:29:32,639 INFO  db.DBStoreBuilder (DBStoreBuilder.java:processTables(161)) - Using default column profile:DBProfile.DISK for Table:userTable
2019-07-30 15:29:32,639 INFO  db.DBStoreBuilder (DBStoreBuilder.java:addTable(110)) - using custom profile for table: volumeTable
2019-07-30 15:29:32,639 INFO  db.DBStoreBuilder (DBStoreBuilder.java:processTables(161)) - Using default column profile:DBProfile.DISK for Table:volumeTable
2019-07-30 15:29:32,639 INFO  db.DBStoreBuilder (DBStoreBuilder.java:addTable(110)) - using custom profile for table: bucketTable
2019-07-30 15:29:32,640 INFO  db.DBStoreBuilder (DBStoreBuilder.java:processTables(161)) - Using default column profile:DBProfile.DISK for Table:bucketTable
2019-07-30 15:29:32,640 INFO  db.DBStoreBuilder (DBStoreBuilder.java:addTable(110)) - using custom profile for table: keyTable
2019-07-30 15:29:32,640 INFO  db.DBStoreBuilder (DBStoreBuilder.java:processTables(161)) - Using default column profile:DBProfile.DISK for Table:keyTable
2019-07-30 15:29:32,640 INFO  db.DBStoreBuilder (DBStoreBuilder.java:addTable(110)) - using custom profile for table: deletedTable
2019-07-30 15:29:32,640 INFO  db.DBStoreBuilder (DBStoreBuilder.java:processTables(161)) - Using default column profile:DBProfile.DISK for Table:deletedTable
2019-07-30 15:29:32,641 INFO  db.DBStoreBuilder (DBStoreBuilder.java:addTable(110)) - using custom profile for table: openKeyTable
2019-07-30 15:29:32,641 INFO  db.DBStoreBuilder (DBStoreBuilder.java:processTables(161)) - Using default column profile:DBProfile.DISK for Table:openKeyTable
2019-07-30 15:29:32,641 INFO  db.DBStoreBuilder (DBStoreBuilder.java:addTable(110)) - using custom profile for table: s3Table
2019-07-30 15:29:32,641 INFO  db.DBStoreBuilder (DBStoreBuilder.java:processTables(161)) - Using default column profile:DBProfile.DISK for Table:s3Table
2019-07-30 15:29:32,641 INFO  db.DBStoreBuilder (DBStoreBuilder.java:addTable(110)) - using custom profile for table: multipartInfoTable
2019-07-30 15:29:32,642 INFO  db.DBStoreBuilder (DBStoreBuilder.java:processTables(161)) - Using default column profile:DBProfile.DISK for Table:multipartInfoTable
2019-07-30 15:29:32,642 INFO  db.DBStoreBuilder (DBStoreBuilder.java:addTable(110)) - using custom profile for table: dTokenTable
2019-07-30 15:29:32,642 INFO  db.DBStoreBuilder (DBStoreBuilder.java:processTables(161)) - Using default column profile:DBProfile.DISK for Table:dTokenTable
2019-07-30 15:29:32,642 INFO  db.DBStoreBuilder (DBStoreBuilder.java:addTable(110)) - using custom profile for table: s3SecretTable
2019-07-30 15:29:32,642 INFO  db.DBStoreBuilder (DBStoreBuilder.java:processTables(161)) - Using default column profile:DBProfile.DISK for Table:s3SecretTable
2019-07-30 15:29:32,643 INFO  db.DBStoreBuilder (DBStoreBuilder.java:addTable(110)) - using custom profile for table: prefixTable
2019-07-30 15:29:32,643 INFO  db.DBStoreBuilder (DBStoreBuilder.java:processTables(161)) - Using default column profile:DBProfile.DISK for Table:prefixTable
2019-07-30 15:29:32,643 INFO  db.DBStoreBuilder (DBStoreBuilder.java:addTable(110)) - using custom profile for table: default
2019-07-30 15:29:32,643 INFO  db.DBStoreBuilder (DBStoreBuilder.java:processTables(167)) - Using default column profile:DBProfile.DISK for Table:default
2019-07-30 15:29:32,643 INFO  db.DBStoreBuilder (DBStoreBuilder.java:getDbProfile(198)) - Using default options. DBProfile.DISK
2019-07-30 15:29:33,003 INFO  ipc.CallQueueManager (CallQueueManager.java:<init>(84)) - Using callQueue: class java.util.concurrent.LinkedBlockingQueue, queueCapacity: 2000, scheduler: class org.apache.hadoop.ipc.DefaultRpcScheduler, ipcBackoff: false.
2019-07-30 15:29:33,004 INFO  ipc.Server (Server.java:run(1074)) - Starting Socket Reader #1 for port 37256
2019-07-30 15:29:33,019 INFO  om.OzoneManager (OzoneManager.java:start(1255)) - OzoneManager RPC server is listening at localhost/127.0.0.1:37256
2019-07-30 15:29:33,019 INFO  impl.MetricsSystemImpl (MetricsSystemImpl.java:init(158)) - OzoneManager metrics system started (again)
2019-07-30 15:29:33,020 INFO  ipc.Server (Server.java:run(1314)) - IPC Server Responder: starting
2019-07-30 15:29:33,021 INFO  ipc.Server (Server.java:run(1153)) - IPC Server listener on 37256: starting
2019-07-30 15:29:33,033 INFO  hdfs.DFSUtil (DFSUtil.java:httpServerTemplateForNNAndJN(1641)) - Starting Web-server for ozoneManager at: http://0.0.0.0:0
2019-07-30 15:29:33,035 INFO  server.AuthenticationFilter (AuthenticationFilter.java:constructSecretProvider(240)) - Unable to initialize FileSignerSecretProvider, falling back to use random secrets.
2019-07-30 15:29:33,035 WARN  http.HttpRequestLog (HttpRequestLog.java:getRequestLog(97)) - Jetty request log can only be enabled using Log4j
2019-07-30 15:29:33,037 INFO  http.HttpServer2 (HttpServer2.java:addGlobalFilter(975)) - Added global filter 'safety' (class=org.apache.hadoop.http.HttpServer2$QuotingInputFilter)
2019-07-30 15:29:33,038 INFO  http.HttpServer2 (HttpServer2.java:addFilter(948)) - Added filter static_user_filter (class=org.apache.hadoop.http.lib.StaticUserWebFilter$StaticUserFilter) to context ozoneManager
2019-07-30 15:29:33,038 INFO  http.HttpServer2 (HttpServer2.java:addFilter(958)) - Added filter static_user_filter (class=org.apache.hadoop.http.lib.StaticUserWebFilter$StaticUserFilter) to context static
2019-07-30 15:29:33,038 INFO  http.HttpServer2 (HttpServer2.java:addFilter(958)) - Added filter static_user_filter (class=org.apache.hadoop.http.lib.StaticUserWebFilter$StaticUserFilter) to context logs
2019-07-30 15:29:33,040 INFO  http.HttpServer2 (HttpServer2.java:bindListener(1191)) - Jetty bound to port 46090
2019-07-30 15:29:33,040 INFO  server.Server (Server.java:doStart(351)) - jetty-9.3.24.v20180605, build timestamp: 2018-06-05T17:11:56Z, git hash: 84205aa28f11a4f31f2a3b86d1bba2cc8ab69827
2019-07-30 15:29:33,042 INFO  handler.ContextHandler (ContextHandler.java:doStart(781)) - Started o.e.j.s.ServletContextHandler@7808fb9{/logs,file:///workdir/hadoop-ozone/integration-test/target/log,AVAILABLE}
2019-07-30 15:29:33,043 INFO  handler.ContextHandler (ContextHandler.java:doStart(781)) - Started o.e.j.s.ServletContextHandler@6b580b88{/static,file:///workdir/hadoop-ozone/integration-test/target/test-classes/webapps/static,AVAILABLE}
2019-07-30 15:29:33,047 INFO  handler.ContextHandler (ContextHandler.java:doStart(781)) - Started o.e.j.w.WebAppContext@4a1c0752{/,file:///workdir/hadoop-ozone/integration-test/target/test-classes/webapps/ozoneManager/,AVAILABLE}{/ozoneManager}
2019-07-30 15:29:33,047 INFO  server.AbstractConnector (AbstractConnector.java:doStart(278)) - Started ServerConnector@332f25c8{HTTP/1.1,[http/1.1]}{0.0.0.0:46090}
2019-07-30 15:29:33,047 INFO  server.Server (Server.java:doStart(419)) - Started @3666ms
2019-07-30 15:29:33,049 INFO  server.BaseHttpServer (BaseHttpServer.java:updateConnectorAddress(207)) - HTTP server of OZONEMANAGER is listening at http://0.0.0.0:46090
2019-07-30 15:29:33,347 INFO  impl.MetricsSystemImpl (MetricsSystemImpl.java:init(158)) - HddsDatanode metrics system started (again)
2019-07-30 15:29:33,453 INFO  ozone.HddsDatanodeService (HddsDatanodeService.java:start(184)) - HddsDatanodeService host:byscane-nightly-xg47r-921641087 ip:192.168.5.170
2019-07-30 15:29:33,487 INFO  volume.HddsVolume (HddsVolume.java:<init>(176)) - Creating Volume: /workdir/hadoop-ozone/integration-test/target/test-dir/MiniOzoneClusterImpl-1546bc1a-6156-45ec-b38e-287b428d3c04/datanode-0/data/containers/hdds of  storage type : DISK and capacity : 52710309888
2019-07-30 15:29:33,489 INFO  volume.VolumeSet (VolumeSet.java:initializeVolumeSet(170)) - Added Volume : /workdir/hadoop-ozone/integration-test/target/test-dir/MiniOzoneClusterImpl-1546bc1a-6156-45ec-b38e-287b428d3c04/datanode-0/data/containers/hdds to VolumeSet
2019-07-30 15:29:33,492 INFO  volume.ThrottledAsyncChecker (ThrottledAsyncChecker.java:schedule(140)) - Scheduling a check for org.apache.hadoop.ozone.container.common.volume.HddsVolume@29a69a35
2019-07-30 15:29:33,510 INFO  volume.HddsVolumeChecker (HddsVolumeChecker.java:checkAllVolumes(203)) - Scheduled health check for volume org.apache.hadoop.ozone.container.common.volume.HddsVolume@29a69a35
2019-07-30 15:29:33,654 INFO  impl.RaftServerProxy (ConfUtils.java:logGet(43)) - raft.rpc.type = GRPC (default)
2019-07-30 15:29:33,718 INFO  grpc.GrpcFactory (GrpcFactory.java:checkPooledByteBufAllocatorUseCacheForAllThreads(45)) - PERFORMANCE WARNING: useCacheForAllThreads is true that may cause Netty to create a lot garbage objects and, as a result, trigger GC.
	It is recommended to disable useCacheForAllThreads by setting -Dorg.apache.ratis.thirdparty.io.netty.allocator.useCacheForAllThreads=false in command line.
2019-07-30 15:29:33,723 INFO  grpc.GrpcConfigKeys$Server (ConfUtils.java:logGet(43)) - raft.grpc.server.port = 0 (default)
2019-07-30 15:29:33,724 INFO  server.GrpcService (ConfUtils.java:logGet(43)) - raft.grpc.message.size.max = 33570816 (custom)
2019-07-30 15:29:33,725 INFO  server.RaftServerConfigKeys (ConfUtils.java:logGet(43)) - raft.server.log.appender.buffer.byte-limit = 33554432 (custom)
2019-07-30 15:29:33,726 INFO  server.GrpcService (ConfUtils.java:logGet(43)) - raft.grpc.flow.control.window = 1MB (=1048576) (default)
2019-07-30 15:29:33,727 INFO  server.RaftServerConfigKeys (ConfUtils.java:logGet(43)) - raft.server.rpc.request.timeout = 3000ms (default)
2019-07-30 15:29:33,888 INFO  server.RaftServerConfigKeys (ConfUtils.java:logGet(43)) - raft.server.storage.dir = [/workdir/hadoop-ozone/integration-test/target/test-dir/MiniOzoneClusterImpl-1546bc1a-6156-45ec-b38e-287b428d3c04/datanode-0/data/ratis] (custom)
2019-07-30 15:29:33,924 INFO  replication.SimpleContainerDownloader (SimpleContainerDownloader.java:<init>(72)) - Starting container downloader service to copy containers to replicate.
2019-07-30 15:29:33,938 INFO  hdfs.DFSUtil (DFSUtil.java:httpServerTemplateForNNAndJN(1641)) - Starting Web-server for hddsDatanode at: http://0.0.0.0:0
2019-07-30 15:29:33,940 INFO  server.AuthenticationFilter (AuthenticationFilter.java:constructSecretProvider(240)) - Unable to initialize FileSignerSecretProvider, falling back to use random secrets.
2019-07-30 15:29:33,941 WARN  http.HttpRequestLog (HttpRequestLog.java:getRequestLog(97)) - Jetty request log can only be enabled using Log4j
2019-07-30 15:29:33,944 INFO  http.HttpServer2 (HttpServer2.java:addGlobalFilter(975)) - Added global filter 'safety' (class=org.apache.hadoop.http.HttpServer2$QuotingInputFilter)
2019-07-30 15:29:33,945 INFO  http.HttpServer2 (HttpServer2.java:addFilter(948)) - Added filter static_user_filter (class=org.apache.hadoop.http.lib.StaticUserWebFilter$StaticUserFilter) to context hddsDatanode
2019-07-30 15:29:33,945 INFO  http.HttpServer2 (HttpServer2.java:addFilter(958)) - Added filter static_user_filter (class=org.apache.hadoop.http.lib.StaticUserWebFilter$StaticUserFilter) to context logs
2019-07-30 15:29:33,946 INFO  http.HttpServer2 (HttpServer2.java:addFilter(958)) - Added filter static_user_filter (class=org.apache.hadoop.http.lib.StaticUserWebFilter$StaticUserFilter) to context static
2019-07-30 15:29:33,947 INFO  http.HttpServer2 (HttpServer2.java:bindListener(1191)) - Jetty bound to port 37946
2019-07-30 15:29:33,947 INFO  server.Server (Server.java:doStart(351)) - jetty-9.3.24.v20180605, build timestamp: 2018-06-05T17:11:56Z, git hash: 84205aa28f11a4f31f2a3b86d1bba2cc8ab69827
2019-07-30 15:29:33,950 INFO  handler.ContextHandler (ContextHandler.java:doStart(781)) - Started o.e.j.s.ServletContextHandler@65c33b92{/logs,file:///workdir/hadoop-ozone/integration-test/target/log,AVAILABLE}
2019-07-30 15:29:33,951 INFO  handler.ContextHandler (ContextHandler.java:doStart(781)) - Started o.e.j.s.ServletContextHandler@4e08acf9{/static,jar:file:/home/user/.m2/repository/org/apache/hadoop/hadoop-hdds-container-service/0.4.1-SNAPSHOT/hadoop-hdds-container-service-0.4.1-SNAPSHOT.jar!/webapps/static,AVAILABLE}
2019-07-30 15:29:33,999 INFO  handler.ContextHandler (ContextHandler.java:doStart(781)) - Started o.e.j.w.WebAppContext@36417a54{/,file:///tmp/jetty-0.0.0.0-37946-hddsDatanode-_-any-9116696250375617730.dir/webapp/,AVAILABLE}{/hddsDatanode}
2019-07-30 15:29:33,999 INFO  server.AbstractConnector (AbstractConnector.java:doStart(278)) - Started ServerConnector@2b8bb184{HTTP/1.1,[http/1.1]}{0.0.0.0:37946}
2019-07-30 15:29:34,000 INFO  server.Server (Server.java:doStart(419)) - Started @4619ms
2019-07-30 15:29:34,002 INFO  server.BaseHttpServer (BaseHttpServer.java:updateConnectorAddress(207)) - HTTP server of HDDSDATANODE is listening at http://0.0.0.0:37946
2019-07-30 15:29:35,174 INFO  ozone.HddsDatanodeService (HddsDatanodeService.java:startPlugins(395)) - Started plug-in org.apache.hadoop.ozone.web.OzoneHddsDatanodeService@623e0631
2019-07-30 15:29:35,177 INFO  impl.MetricsSystemImpl (MetricsSystemImpl.java:init(158)) - HddsDatanode metrics system started (again)
2019-07-30 15:29:35,180 INFO  ozone.HddsDatanodeService (HddsDatanodeService.java:start(184)) - HddsDatanodeService host:byscane-nightly-xg47r-921641087 ip:192.168.5.170
2019-07-30 15:29:35,184 INFO  util.JvmPauseMonitor (JvmPauseMonitor.java:run(188)) - Starting JVM pause monitor
2019-07-30 15:29:35,189 INFO  volume.HddsVolume (HddsVolume.java:<init>(176)) - Creating Volume: /workdir/hadoop-ozone/integration-test/target/test-dir/MiniOzoneClusterImpl-1546bc1a-6156-45ec-b38e-287b428d3c04/datanode-1/data/containers/hdds of  storage type : DISK and capacity : 52710309888
2019-07-30 15:29:35,190 INFO  volume.VolumeSet (VolumeSet.java:initializeVolumeSet(170)) - Added Volume : /workdir/hadoop-ozone/integration-test/target/test-dir/MiniOzoneClusterImpl-1546bc1a-6156-45ec-b38e-287b428d3c04/datanode-1/data/containers/hdds to VolumeSet
2019-07-30 15:29:35,190 INFO  volume.ThrottledAsyncChecker (ThrottledAsyncChecker.java:schedule(140)) - Scheduling a check for org.apache.hadoop.ozone.container.common.volume.HddsVolume@6e02721d
2019-07-30 15:29:35,191 INFO  volume.HddsVolumeChecker (HddsVolumeChecker.java:checkAllVolumes(203)) - Scheduled health check for volume org.apache.hadoop.ozone.container.common.volume.HddsVolume@6e02721d
2019-07-30 15:29:35,209 INFO  impl.RaftServerProxy (ConfUtils.java:logGet(43)) - raft.rpc.type = GRPC (default)
2019-07-30 15:29:35,210 INFO  grpc.GrpcFactory (GrpcFactory.java:checkPooledByteBufAllocatorUseCacheForAllThreads(45)) - PERFORMANCE WARNING: useCacheForAllThreads is true that may cause Netty to create a lot garbage objects and, as a result, trigger GC.
	It is recommended to disable useCacheForAllThreads by setting -Dorg.apache.ratis.thirdparty.io.netty.allocator.useCacheForAllThreads=false in command line.
2019-07-30 15:29:35,210 INFO  grpc.GrpcConfigKeys$Server (ConfUtils.java:logGet(43)) - raft.grpc.server.port = 0 (default)
2019-07-30 15:29:35,211 INFO  server.GrpcService (ConfUtils.java:logGet(43)) - raft.grpc.message.size.max = 33570816 (custom)
2019-07-30 15:29:35,211 INFO  server.RaftServerConfigKeys (ConfUtils.java:logGet(43)) - raft.server.log.appender.buffer.byte-limit = 33554432 (custom)
2019-07-30 15:29:35,211 INFO  server.GrpcService (ConfUtils.java:logGet(43)) - raft.grpc.flow.control.window = 1MB (=1048576) (default)
2019-07-30 15:29:35,211 INFO  server.RaftServerConfigKeys (ConfUtils.java:logGet(43)) - raft.server.rpc.request.timeout = 3000ms (default)
2019-07-30 15:29:35,214 INFO  server.RaftServerConfigKeys (ConfUtils.java:logGet(43)) - raft.server.storage.dir = [/workdir/hadoop-ozone/integration-test/target/test-dir/MiniOzoneClusterImpl-1546bc1a-6156-45ec-b38e-287b428d3c04/datanode-1/data/ratis] (custom)
2019-07-30 15:29:35,215 INFO  replication.SimpleContainerDownloader (SimpleContainerDownloader.java:<init>(72)) - Starting container downloader service to copy containers to replicate.
2019-07-30 15:29:35,216 INFO  hdfs.DFSUtil (DFSUtil.java:httpServerTemplateForNNAndJN(1641)) - Starting Web-server for hddsDatanode at: http://0.0.0.0:0
2019-07-30 15:29:35,219 INFO  server.AuthenticationFilter (AuthenticationFilter.java:constructSecretProvider(240)) - Unable to initialize FileSignerSecretProvider, falling back to use random secrets.
2019-07-30 15:29:35,221 WARN  http.HttpRequestLog (HttpRequestLog.java:getRequestLog(97)) - Jetty request log can only be enabled using Log4j
2019-07-30 15:29:35,224 INFO  http.HttpServer2 (HttpServer2.java:addGlobalFilter(975)) - Added global filter 'safety' (class=org.apache.hadoop.http.HttpServer2$QuotingInputFilter)
2019-07-30 15:29:35,225 INFO  http.HttpServer2 (HttpServer2.java:addFilter(948)) - Added filter static_user_filter (class=org.apache.hadoop.http.lib.StaticUserWebFilter$StaticUserFilter) to context hddsDatanode
2019-07-30 15:29:35,226 INFO  http.HttpServer2 (HttpServer2.java:addFilter(958)) - Added filter static_user_filter (class=org.apache.hadoop.http.lib.StaticUserWebFilter$StaticUserFilter) to context logs
2019-07-30 15:29:35,226 INFO  http.HttpServer2 (HttpServer2.java:addFilter(958)) - Added filter static_user_filter (class=org.apache.hadoop.http.lib.StaticUserWebFilter$StaticUserFilter) to context static
2019-07-30 15:29:35,227 INFO  http.HttpServer2 (HttpServer2.java:bindListener(1191)) - Jetty bound to port 41173
2019-07-30 15:29:35,228 INFO  server.Server (Server.java:doStart(351)) - jetty-9.3.24.v20180605, build timestamp: 2018-06-05T17:11:56Z, git hash: 84205aa28f11a4f31f2a3b86d1bba2cc8ab69827
2019-07-30 15:29:35,231 INFO  handler.ContextHandler (ContextHandler.java:doStart(781)) - Started o.e.j.s.ServletContextHandler@69a024a0{/logs,file:///workdir/hadoop-ozone/integration-test/target/log,AVAILABLE}
2019-07-30 15:29:35,232 INFO  handler.ContextHandler (ContextHandler.java:doStart(781)) - Started o.e.j.s.ServletContextHandler@2d7637e6{/static,jar:file:/home/user/.m2/repository/org/apache/hadoop/hadoop-hdds-container-service/0.4.1-SNAPSHOT/hadoop-hdds-container-service-0.4.1-SNAPSHOT.jar!/webapps/static,AVAILABLE}
2019-07-30 15:29:35,281 INFO  handler.ContextHandler (ContextHandler.java:doStart(781)) - Started o.e.j.w.WebAppContext@2ce03e86{/,file:///tmp/jetty-0.0.0.0-41173-hddsDatanode-_-any-4068625524317690104.dir/webapp/,AVAILABLE}{/hddsDatanode}
2019-07-30 15:29:35,282 INFO  server.AbstractConnector (AbstractConnector.java:doStart(278)) - Started ServerConnector@1c628f6a{HTTP/1.1,[http/1.1]}{0.0.0.0:41173}
2019-07-30 15:29:35,283 INFO  server.Server (Server.java:doStart(419)) - Started @5902ms
2019-07-30 15:29:35,284 INFO  server.BaseHttpServer (BaseHttpServer.java:updateConnectorAddress(207)) - HTTP server of HDDSDATANODE is listening at http://0.0.0.0:41173
2019-07-30 15:29:35,323 INFO  datanode.InitDatanodeState (InitDatanodeState.java:persistContainerDatanodeDetails(140)) - DatanodeDetails is persisted to /workdir/hadoop-ozone/integration-test/target/test-dir/MiniOzoneClusterImpl-1546bc1a-6156-45ec-b38e-287b428d3c04/datanode-0/meta/datanode.id
2019-07-30 15:29:35,430 INFO  ozone.HddsDatanodeService (HddsDatanodeService.java:startPlugins(395)) - Started plug-in org.apache.hadoop.ozone.web.OzoneHddsDatanodeService@ccd341d
2019-07-30 15:29:35,430 INFO  impl.MetricsSystemImpl (MetricsSystemImpl.java:init(158)) - HddsDatanode metrics system started (again)
2019-07-30 15:29:35,432 INFO  ozone.HddsDatanodeService (HddsDatanodeService.java:start(184)) - HddsDatanodeService host:byscane-nightly-xg47r-921641087 ip:192.168.5.170
2019-07-30 15:29:35,432 INFO  util.JvmPauseMonitor (JvmPauseMonitor.java:run(188)) - Starting JVM pause monitor
2019-07-30 15:29:35,439 INFO  datanode.InitDatanodeState (InitDatanodeState.java:persistContainerDatanodeDetails(140)) - DatanodeDetails is persisted to /workdir/hadoop-ozone/integration-test/target/test-dir/MiniOzoneClusterImpl-1546bc1a-6156-45ec-b38e-287b428d3c04/datanode-1/meta/datanode.id
2019-07-30 15:29:35,440 INFO  volume.HddsVolume (HddsVolume.java:<init>(176)) - Creating Volume: /workdir/hadoop-ozone/integration-test/target/test-dir/MiniOzoneClusterImpl-1546bc1a-6156-45ec-b38e-287b428d3c04/datanode-2/data/containers/hdds of  storage type : DISK and capacity : 52710309888
2019-07-30 15:29:35,441 INFO  volume.VolumeSet (VolumeSet.java:initializeVolumeSet(170)) - Added Volume : /workdir/hadoop-ozone/integration-test/target/test-dir/MiniOzoneClusterImpl-1546bc1a-6156-45ec-b38e-287b428d3c04/datanode-2/data/containers/hdds to VolumeSet
2019-07-30 15:29:35,441 INFO  volume.ThrottledAsyncChecker (ThrottledAsyncChecker.java:schedule(140)) - Scheduling a check for org.apache.hadoop.ozone.container.common.volume.HddsVolume@7197b07f
2019-07-30 15:29:35,442 INFO  volume.HddsVolumeChecker (HddsVolumeChecker.java:checkAllVolumes(203)) - Scheduled health check for volume org.apache.hadoop.ozone.container.common.volume.HddsVolume@7197b07f
2019-07-30 15:29:35,455 INFO  impl.RaftServerProxy (ConfUtils.java:logGet(43)) - raft.rpc.type = GRPC (default)
2019-07-30 15:29:35,456 INFO  grpc.GrpcFactory (GrpcFactory.java:checkPooledByteBufAllocatorUseCacheForAllThreads(45)) - PERFORMANCE WARNING: useCacheForAllThreads is true that may cause Netty to create a lot garbage objects and, as a result, trigger GC.
	It is recommended to disable useCacheForAllThreads by setting -Dorg.apache.ratis.thirdparty.io.netty.allocator.useCacheForAllThreads=false in command line.
2019-07-30 15:29:35,456 INFO  grpc.GrpcConfigKeys$Server (ConfUtils.java:logGet(43)) - raft.grpc.server.port = 0 (default)
2019-07-30 15:29:35,456 INFO  server.GrpcService (ConfUtils.java:logGet(43)) - raft.grpc.message.size.max = 33570816 (custom)
2019-07-30 15:29:35,456 INFO  server.RaftServerConfigKeys (ConfUtils.java:logGet(43)) - raft.server.log.appender.buffer.byte-limit = 33554432 (custom)
2019-07-30 15:29:35,457 INFO  server.GrpcService (ConfUtils.java:logGet(43)) - raft.grpc.flow.control.window = 1MB (=1048576) (default)
2019-07-30 15:29:35,457 INFO  server.RaftServerConfigKeys (ConfUtils.java:logGet(43)) - raft.server.rpc.request.timeout = 3000ms (default)
2019-07-30 15:29:35,457 INFO  server.RaftServerConfigKeys (ConfUtils.java:logGet(43)) - raft.server.storage.dir = [/workdir/hadoop-ozone/integration-test/target/test-dir/MiniOzoneClusterImpl-1546bc1a-6156-45ec-b38e-287b428d3c04/datanode-2/data/ratis] (custom)
2019-07-30 15:29:35,458 INFO  replication.SimpleContainerDownloader (SimpleContainerDownloader.java:<init>(72)) - Starting container downloader service to copy containers to replicate.
2019-07-30 15:29:35,459 INFO  hdfs.DFSUtil (DFSUtil.java:httpServerTemplateForNNAndJN(1641)) - Starting Web-server for hddsDatanode at: http://0.0.0.0:0
2019-07-30 15:29:35,460 INFO  server.AuthenticationFilter (AuthenticationFilter.java:constructSecretProvider(240)) - Unable to initialize FileSignerSecretProvider, falling back to use random secrets.
2019-07-30 15:29:35,461 WARN  http.HttpRequestLog (HttpRequestLog.java:getRequestLog(97)) - Jetty request log can only be enabled using Log4j
2019-07-30 15:29:35,462 INFO  http.HttpServer2 (HttpServer2.java:addGlobalFilter(975)) - Added global filter 'safety' (class=org.apache.hadoop.http.HttpServer2$QuotingInputFilter)
2019-07-30 15:29:35,463 INFO  http.HttpServer2 (HttpServer2.java:addFilter(948)) - Added filter static_user_filter (class=org.apache.hadoop.http.lib.StaticUserWebFilter$StaticUserFilter) to context hddsDatanode
2019-07-30 15:29:35,463 INFO  http.HttpServer2 (HttpServer2.java:addFilter(958)) - Added filter static_user_filter (class=org.apache.hadoop.http.lib.StaticUserWebFilter$StaticUserFilter) to context logs
2019-07-30 15:29:35,463 INFO  http.HttpServer2 (HttpServer2.java:addFilter(958)) - Added filter static_user_filter (class=org.apache.hadoop.http.lib.StaticUserWebFilter$StaticUserFilter) to context static
2019-07-30 15:29:35,464 INFO  http.HttpServer2 (HttpServer2.java:bindListener(1191)) - Jetty bound to port 34646
2019-07-30 15:29:35,464 INFO  server.Server (Server.java:doStart(351)) - jetty-9.3.24.v20180605, build timestamp: 2018-06-05T17:11:56Z, git hash: 84205aa28f11a4f31f2a3b86d1bba2cc8ab69827
2019-07-30 15:29:35,467 INFO  handler.ContextHandler (ContextHandler.java:doStart(781)) - Started o.e.j.s.ServletContextHandler@3e26482{/logs,file:///workdir/hadoop-ozone/integration-test/target/log,AVAILABLE}
2019-07-30 15:29:35,468 INFO  handler.ContextHandler (ContextHandler.java:doStart(781)) - Started o.e.j.s.ServletContextHandler@6b37df8e{/static,jar:file:/home/user/.m2/repository/org/apache/hadoop/hadoop-hdds-container-service/0.4.1-SNAPSHOT/hadoop-hdds-container-service-0.4.1-SNAPSHOT.jar!/webapps/static,AVAILABLE}
2019-07-30 15:29:35,496 INFO  handler.ContextHandler (ContextHandler.java:doStart(781)) - Started o.e.j.w.WebAppContext@6e8fdd19{/,file:///tmp/jetty-0.0.0.0-34646-hddsDatanode-_-any-6967621030988991800.dir/webapp/,AVAILABLE}{/hddsDatanode}
2019-07-30 15:29:35,496 INFO  server.AbstractConnector (AbstractConnector.java:doStart(278)) - Started ServerConnector@35787726{HTTP/1.1,[http/1.1]}{0.0.0.0:34646}
2019-07-30 15:29:35,497 INFO  server.Server (Server.java:doStart(419)) - Started @6115ms
2019-07-30 15:29:35,498 INFO  server.BaseHttpServer (BaseHttpServer.java:updateConnectorAddress(207)) - HTTP server of HDDSDATANODE is listening at http://0.0.0.0:34646
2019-07-30 15:29:35,622 INFO  ozone.HddsDatanodeService (HddsDatanodeService.java:startPlugins(395)) - Started plug-in org.apache.hadoop.ozone.web.OzoneHddsDatanodeService@209f3887
2019-07-30 15:29:35,622 INFO  impl.MetricsSystemImpl (MetricsSystemImpl.java:init(158)) - HddsDatanode metrics system started (again)
2019-07-30 15:29:35,624 INFO  ozone.HddsDatanodeService (HddsDatanodeService.java:start(184)) - HddsDatanodeService host:byscane-nightly-xg47r-921641087 ip:192.168.5.170
2019-07-30 15:29:35,626 INFO  util.JvmPauseMonitor (JvmPauseMonitor.java:run(188)) - Starting JVM pause monitor
2019-07-30 15:29:35,628 INFO  datanode.InitDatanodeState (InitDatanodeState.java:persistContainerDatanodeDetails(140)) - DatanodeDetails is persisted to /workdir/hadoop-ozone/integration-test/target/test-dir/MiniOzoneClusterImpl-1546bc1a-6156-45ec-b38e-287b428d3c04/datanode-2/meta/datanode.id
2019-07-30 15:29:35,632 INFO  volume.HddsVolume (HddsVolume.java:<init>(176)) - Creating Volume: /workdir/hadoop-ozone/integration-test/target/test-dir/MiniOzoneClusterImpl-1546bc1a-6156-45ec-b38e-287b428d3c04/datanode-3/data/containers/hdds of  storage type : DISK and capacity : 52710309888
2019-07-30 15:29:35,633 INFO  volume.VolumeSet (VolumeSet.java:initializeVolumeSet(170)) - Added Volume : /workdir/hadoop-ozone/integration-test/target/test-dir/MiniOzoneClusterImpl-1546bc1a-6156-45ec-b38e-287b428d3c04/datanode-3/data/containers/hdds to VolumeSet
2019-07-30 15:29:35,633 INFO  volume.ThrottledAsyncChecker (ThrottledAsyncChecker.java:schedule(140)) - Scheduling a check for org.apache.hadoop.ozone.container.common.volume.HddsVolume@58687fb7
2019-07-30 15:29:35,634 INFO  volume.HddsVolumeChecker (HddsVolumeChecker.java:checkAllVolumes(203)) - Scheduled health check for volume org.apache.hadoop.ozone.container.common.volume.HddsVolume@58687fb7
2019-07-30 15:29:35,648 INFO  impl.RaftServerProxy (ConfUtils.java:logGet(43)) - raft.rpc.type = GRPC (default)
2019-07-30 15:29:35,648 INFO  grpc.GrpcFactory (GrpcFactory.java:checkPooledByteBufAllocatorUseCacheForAllThreads(45)) - PERFORMANCE WARNING: useCacheForAllThreads is true that may cause Netty to create a lot garbage objects and, as a result, trigger GC.
	It is recommended to disable useCacheForAllThreads by setting -Dorg.apache.ratis.thirdparty.io.netty.allocator.useCacheForAllThreads=false in command line.
2019-07-30 15:29:35,649 INFO  grpc.GrpcConfigKeys$Server (ConfUtils.java:logGet(43)) - raft.grpc.server.port = 0 (default)
2019-07-30 15:29:35,649 INFO  server.GrpcService (ConfUtils.java:logGet(43)) - raft.grpc.message.size.max = 33570816 (custom)
2019-07-30 15:29:35,649 INFO  server.RaftServerConfigKeys (ConfUtils.java:logGet(43)) - raft.server.log.appender.buffer.byte-limit = 33554432 (custom)
2019-07-30 15:29:35,649 INFO  server.GrpcService (ConfUtils.java:logGet(43)) - raft.grpc.flow.control.window = 1MB (=1048576) (default)
2019-07-30 15:29:35,650 INFO  server.RaftServerConfigKeys (ConfUtils.java:logGet(43)) - raft.server.rpc.request.timeout = 3000ms (default)
2019-07-30 15:29:35,650 INFO  server.RaftServerConfigKeys (ConfUtils.java:logGet(43)) - raft.server.storage.dir = [/workdir/hadoop-ozone/integration-test/target/test-dir/MiniOzoneClusterImpl-1546bc1a-6156-45ec-b38e-287b428d3c04/datanode-3/data/ratis] (custom)
2019-07-30 15:29:35,651 INFO  replication.SimpleContainerDownloader (SimpleContainerDownloader.java:<init>(72)) - Starting container downloader service to copy containers to replicate.
2019-07-30 15:29:35,652 INFO  hdfs.DFSUtil (DFSUtil.java:httpServerTemplateForNNAndJN(1641)) - Starting Web-server for hddsDatanode at: http://0.0.0.0:0
2019-07-30 15:29:35,653 INFO  server.AuthenticationFilter (AuthenticationFilter.java:constructSecretProvider(240)) - Unable to initialize FileSignerSecretProvider, falling back to use random secrets.
2019-07-30 15:29:35,653 WARN  http.HttpRequestLog (HttpRequestLog.java:getRequestLog(97)) - Jetty request log can only be enabled using Log4j
2019-07-30 15:29:35,655 INFO  http.HttpServer2 (HttpServer2.java:addGlobalFilter(975)) - Added global filter 'safety' (class=org.apache.hadoop.http.HttpServer2$QuotingInputFilter)
2019-07-30 15:29:35,655 INFO  http.HttpServer2 (HttpServer2.java:addFilter(948)) - Added filter static_user_filter (class=org.apache.hadoop.http.lib.StaticUserWebFilter$StaticUserFilter) to context hddsDatanode
2019-07-30 15:29:35,655 INFO  http.HttpServer2 (HttpServer2.java:addFilter(958)) - Added filter static_user_filter (class=org.apache.hadoop.http.lib.StaticUserWebFilter$StaticUserFilter) to context static
2019-07-30 15:29:35,655 INFO  http.HttpServer2 (HttpServer2.java:addFilter(958)) - Added filter static_user_filter (class=org.apache.hadoop.http.lib.StaticUserWebFilter$StaticUserFilter) to context logs
2019-07-30 15:29:35,656 INFO  http.HttpServer2 (HttpServer2.java:bindListener(1191)) - Jetty bound to port 46206
2019-07-30 15:29:35,656 INFO  server.Server (Server.java:doStart(351)) - jetty-9.3.24.v20180605, build timestamp: 2018-06-05T17:11:56Z, git hash: 84205aa28f11a4f31f2a3b86d1bba2cc8ab69827
2019-07-30 15:29:35,659 INFO  handler.ContextHandler (ContextHandler.java:doStart(781)) - Started o.e.j.s.ServletContextHandler@14b275bd{/logs,file:///workdir/hadoop-ozone/integration-test/target/log,AVAILABLE}
2019-07-30 15:29:35,659 INFO  handler.ContextHandler (ContextHandler.java:doStart(781)) - Started o.e.j.s.ServletContextHandler@4b03cbad{/static,jar:file:/home/user/.m2/repository/org/apache/hadoop/hadoop-hdds-container-service/0.4.1-SNAPSHOT/hadoop-hdds-container-service-0.4.1-SNAPSHOT.jar!/webapps/static,AVAILABLE}
2019-07-30 15:29:35,686 INFO  handler.ContextHandler (ContextHandler.java:doStart(781)) - Started o.e.j.w.WebAppContext@6b162ecc{/,file:///tmp/jetty-0.0.0.0-46206-hddsDatanode-_-any-6723128319138239474.dir/webapp/,AVAILABLE}{/hddsDatanode}
2019-07-30 15:29:35,687 INFO  server.AbstractConnector (AbstractConnector.java:doStart(278)) - Started ServerConnector@3b4086c1{HTTP/1.1,[http/1.1]}{0.0.0.0:46206}
2019-07-30 15:29:35,687 INFO  server.Server (Server.java:doStart(419)) - Started @6306ms
2019-07-30 15:29:35,688 INFO  server.BaseHttpServer (BaseHttpServer.java:updateConnectorAddress(207)) - HTTP server of HDDSDATANODE is listening at http://0.0.0.0:46206
2019-07-30 15:29:35,812 INFO  ozone.HddsDatanodeService (HddsDatanodeService.java:startPlugins(395)) - Started plug-in org.apache.hadoop.ozone.web.OzoneHddsDatanodeService@34c7232c
2019-07-30 15:29:35,813 INFO  impl.MetricsSystemImpl (MetricsSystemImpl.java:init(158)) - HddsDatanode metrics system started (again)
2019-07-30 15:29:35,815 INFO  ozone.HddsDatanodeService (HddsDatanodeService.java:start(184)) - HddsDatanodeService host:byscane-nightly-xg47r-921641087 ip:192.168.5.170
2019-07-30 15:29:35,815 INFO  util.JvmPauseMonitor (JvmPauseMonitor.java:run(188)) - Starting JVM pause monitor
2019-07-30 15:29:35,819 INFO  datanode.InitDatanodeState (InitDatanodeState.java:persistContainerDatanodeDetails(140)) - DatanodeDetails is persisted to /workdir/hadoop-ozone/integration-test/target/test-dir/MiniOzoneClusterImpl-1546bc1a-6156-45ec-b38e-287b428d3c04/datanode-3/meta/datanode.id
2019-07-30 15:29:35,823 INFO  volume.HddsVolume (HddsVolume.java:<init>(176)) - Creating Volume: /workdir/hadoop-ozone/integration-test/target/test-dir/MiniOzoneClusterImpl-1546bc1a-6156-45ec-b38e-287b428d3c04/datanode-4/data/containers/hdds of  storage type : DISK and capacity : 52710309888
2019-07-30 15:29:35,824 INFO  volume.VolumeSet (VolumeSet.java:initializeVolumeSet(170)) - Added Volume : /workdir/hadoop-ozone/integration-test/target/test-dir/MiniOzoneClusterImpl-1546bc1a-6156-45ec-b38e-287b428d3c04/datanode-4/data/containers/hdds to VolumeSet
2019-07-30 15:29:35,824 INFO  volume.ThrottledAsyncChecker (ThrottledAsyncChecker.java:schedule(140)) - Scheduling a check for org.apache.hadoop.ozone.container.common.volume.HddsVolume@71936a92
2019-07-30 15:29:35,825 INFO  volume.HddsVolumeChecker (HddsVolumeChecker.java:checkAllVolumes(203)) - Scheduled health check for volume org.apache.hadoop.ozone.container.common.volume.HddsVolume@71936a92
2019-07-30 15:29:35,838 INFO  impl.RaftServerProxy (ConfUtils.java:logGet(43)) - raft.rpc.type = GRPC (default)
2019-07-30 15:29:35,839 INFO  grpc.GrpcFactory (GrpcFactory.java:checkPooledByteBufAllocatorUseCacheForAllThreads(45)) - PERFORMANCE WARNING: useCacheForAllThreads is true that may cause Netty to create a lot garbage objects and, as a result, trigger GC.
	It is recommended to disable useCacheForAllThreads by setting -Dorg.apache.ratis.thirdparty.io.netty.allocator.useCacheForAllThreads=false in command line.
2019-07-30 15:29:35,839 INFO  grpc.GrpcConfigKeys$Server (ConfUtils.java:logGet(43)) - raft.grpc.server.port = 0 (default)
2019-07-30 15:29:35,839 INFO  server.GrpcService (ConfUtils.java:logGet(43)) - raft.grpc.message.size.max = 33570816 (custom)
2019-07-30 15:29:35,839 INFO  server.RaftServerConfigKeys (ConfUtils.java:logGet(43)) - raft.server.log.appender.buffer.byte-limit = 33554432 (custom)
2019-07-30 15:29:35,839 INFO  server.GrpcService (ConfUtils.java:logGet(43)) - raft.grpc.flow.control.window = 1MB (=1048576) (default)
2019-07-30 15:29:35,840 INFO  server.RaftServerConfigKeys (ConfUtils.java:logGet(43)) - raft.server.rpc.request.timeout = 3000ms (default)
2019-07-30 15:29:35,840 INFO  server.RaftServerConfigKeys (ConfUtils.java:logGet(43)) - raft.server.storage.dir = [/workdir/hadoop-ozone/integration-test/target/test-dir/MiniOzoneClusterImpl-1546bc1a-6156-45ec-b38e-287b428d3c04/datanode-4/data/ratis] (custom)
2019-07-30 15:29:35,841 INFO  replication.SimpleContainerDownloader (SimpleContainerDownloader.java:<init>(72)) - Starting container downloader service to copy containers to replicate.
2019-07-30 15:29:35,842 INFO  hdfs.DFSUtil (DFSUtil.java:httpServerTemplateForNNAndJN(1641)) - Starting Web-server for hddsDatanode at: http://0.0.0.0:0
2019-07-30 15:29:35,843 INFO  server.AuthenticationFilter (AuthenticationFilter.java:constructSecretProvider(240)) - Unable to initialize FileSignerSecretProvider, falling back to use random secrets.
2019-07-30 15:29:35,843 WARN  http.HttpRequestLog (HttpRequestLog.java:getRequestLog(97)) - Jetty request log can only be enabled using Log4j
2019-07-30 15:29:35,844 INFO  http.HttpServer2 (HttpServer2.java:addGlobalFilter(975)) - Added global filter 'safety' (class=org.apache.hadoop.http.HttpServer2$QuotingInputFilter)
2019-07-30 15:29:35,845 INFO  http.HttpServer2 (HttpServer2.java:addFilter(948)) - Added filter static_user_filter (class=org.apache.hadoop.http.lib.StaticUserWebFilter$StaticUserFilter) to context hddsDatanode
2019-07-30 15:29:35,845 INFO  http.HttpServer2 (HttpServer2.java:addFilter(958)) - Added filter static_user_filter (class=org.apache.hadoop.http.lib.StaticUserWebFilter$StaticUserFilter) to context logs
2019-07-30 15:29:35,845 INFO  http.HttpServer2 (HttpServer2.java:addFilter(958)) - Added filter static_user_filter (class=org.apache.hadoop.http.lib.StaticUserWebFilter$StaticUserFilter) to context static
2019-07-30 15:29:35,846 INFO  http.HttpServer2 (HttpServer2.java:bindListener(1191)) - Jetty bound to port 41917
2019-07-30 15:29:35,846 INFO  server.Server (Server.java:doStart(351)) - jetty-9.3.24.v20180605, build timestamp: 2018-06-05T17:11:56Z, git hash: 84205aa28f11a4f31f2a3b86d1bba2cc8ab69827
2019-07-30 15:29:35,850 INFO  handler.ContextHandler (ContextHandler.java:doStart(781)) - Started o.e.j.s.ServletContextHandler@51e7589f{/logs,file:///workdir/hadoop-ozone/integration-test/target/log,AVAILABLE}
2019-07-30 15:29:35,851 INFO  handler.ContextHandler (ContextHandler.java:doStart(781)) - Started o.e.j.s.ServletContextHandler@42c12b3e{/static,jar:file:/home/user/.m2/repository/org/apache/hadoop/hadoop-hdds-container-service/0.4.1-SNAPSHOT/hadoop-hdds-container-service-0.4.1-SNAPSHOT.jar!/webapps/static,AVAILABLE}
2019-07-30 15:29:35,881 INFO  handler.ContextHandler (ContextHandler.java:doStart(781)) - Started o.e.j.w.WebAppContext@3caee3a8{/,file:///tmp/jetty-0.0.0.0-41917-hddsDatanode-_-any-1351911544006767564.dir/webapp/,AVAILABLE}{/hddsDatanode}
2019-07-30 15:29:35,882 INFO  server.AbstractConnector (AbstractConnector.java:doStart(278)) - Started ServerConnector@69a40b3c{HTTP/1.1,[http/1.1]}{0.0.0.0:41917}
2019-07-30 15:29:35,882 INFO  server.Server (Server.java:doStart(419)) - Started @6500ms
2019-07-30 15:29:35,883 INFO  server.BaseHttpServer (BaseHttpServer.java:updateConnectorAddress(207)) - HTTP server of HDDSDATANODE is listening at http://0.0.0.0:41917
2019-07-30 15:29:36,000 INFO  ozone.HddsDatanodeService (HddsDatanodeService.java:startPlugins(395)) - Started plug-in org.apache.hadoop.ozone.web.OzoneHddsDatanodeService@2c9fdb64
2019-07-30 15:29:36,001 INFO  impl.MetricsSystemImpl (MetricsSystemImpl.java:init(158)) - HddsDatanode metrics system started (again)
2019-07-30 15:29:36,003 INFO  ozone.HddsDatanodeService (HddsDatanodeService.java:start(184)) - HddsDatanodeService host:byscane-nightly-xg47r-921641087 ip:192.168.5.170
2019-07-30 15:29:36,004 INFO  util.JvmPauseMonitor (JvmPauseMonitor.java:run(188)) - Starting JVM pause monitor
2019-07-30 15:29:36,007 INFO  datanode.InitDatanodeState (InitDatanodeState.java:persistContainerDatanodeDetails(140)) - DatanodeDetails is persisted to /workdir/hadoop-ozone/integration-test/target/test-dir/MiniOzoneClusterImpl-1546bc1a-6156-45ec-b38e-287b428d3c04/datanode-4/meta/datanode.id
2019-07-30 15:29:36,011 INFO  volume.HddsVolume (HddsVolume.java:<init>(176)) - Creating Volume: /workdir/hadoop-ozone/integration-test/target/test-dir/MiniOzoneClusterImpl-1546bc1a-6156-45ec-b38e-287b428d3c04/datanode-5/data/containers/hdds of  storage type : DISK and capacity : 52710309888
2019-07-30 15:29:36,012 INFO  volume.VolumeSet (VolumeSet.java:initializeVolumeSet(170)) - Added Volume : /workdir/hadoop-ozone/integration-test/target/test-dir/MiniOzoneClusterImpl-1546bc1a-6156-45ec-b38e-287b428d3c04/datanode-5/data/containers/hdds to VolumeSet
2019-07-30 15:29:36,012 INFO  volume.ThrottledAsyncChecker (ThrottledAsyncChecker.java:schedule(140)) - Scheduling a check for org.apache.hadoop.ozone.container.common.volume.HddsVolume@79ca7bea
2019-07-30 15:29:36,013 INFO  volume.HddsVolumeChecker (HddsVolumeChecker.java:checkAllVolumes(203)) - Scheduled health check for volume org.apache.hadoop.ozone.container.common.volume.HddsVolume@79ca7bea
2019-07-30 15:29:36,026 INFO  impl.RaftServerProxy (ConfUtils.java:logGet(43)) - raft.rpc.type = GRPC (default)
2019-07-30 15:29:36,026 INFO  grpc.GrpcFactory (GrpcFactory.java:checkPooledByteBufAllocatorUseCacheForAllThreads(45)) - PERFORMANCE WARNING: useCacheForAllThreads is true that may cause Netty to create a lot garbage objects and, as a result, trigger GC.
	It is recommended to disable useCacheForAllThreads by setting -Dorg.apache.ratis.thirdparty.io.netty.allocator.useCacheForAllThreads=false in command line.
2019-07-30 15:29:36,026 INFO  grpc.GrpcConfigKeys$Server (ConfUtils.java:logGet(43)) - raft.grpc.server.port = 0 (default)
2019-07-30 15:29:36,027 INFO  server.GrpcService (ConfUtils.java:logGet(43)) - raft.grpc.message.size.max = 33570816 (custom)
2019-07-30 15:29:36,027 INFO  server.RaftServerConfigKeys (ConfUtils.java:logGet(43)) - raft.server.log.appender.buffer.byte-limit = 33554432 (custom)
2019-07-30 15:29:36,027 INFO  server.GrpcService (ConfUtils.java:logGet(43)) - raft.grpc.flow.control.window = 1MB (=1048576) (default)
2019-07-30 15:29:36,027 INFO  server.RaftServerConfigKeys (ConfUtils.java:logGet(43)) - raft.server.rpc.request.timeout = 3000ms (default)
2019-07-30 15:29:36,028 INFO  server.RaftServerConfigKeys (ConfUtils.java:logGet(43)) - raft.server.storage.dir = [/workdir/hadoop-ozone/integration-test/target/test-dir/MiniOzoneClusterImpl-1546bc1a-6156-45ec-b38e-287b428d3c04/datanode-5/data/ratis] (custom)
2019-07-30 15:29:36,028 INFO  replication.SimpleContainerDownloader (SimpleContainerDownloader.java:<init>(72)) - Starting container downloader service to copy containers to replicate.
2019-07-30 15:29:36,029 INFO  hdfs.DFSUtil (DFSUtil.java:httpServerTemplateForNNAndJN(1641)) - Starting Web-server for hddsDatanode at: http://0.0.0.0:0
2019-07-30 15:29:36,031 INFO  server.AuthenticationFilter (AuthenticationFilter.java:constructSecretProvider(240)) - Unable to initialize FileSignerSecretProvider, falling back to use random secrets.
2019-07-30 15:29:36,031 WARN  http.HttpRequestLog (HttpRequestLog.java:getRequestLog(97)) - Jetty request log can only be enabled using Log4j
2019-07-30 15:29:36,032 INFO  http.HttpServer2 (HttpServer2.java:addGlobalFilter(975)) - Added global filter 'safety' (class=org.apache.hadoop.http.HttpServer2$QuotingInputFilter)
2019-07-30 15:29:36,033 INFO  http.HttpServer2 (HttpServer2.java:addFilter(948)) - Added filter static_user_filter (class=org.apache.hadoop.http.lib.StaticUserWebFilter$StaticUserFilter) to context hddsDatanode
2019-07-30 15:29:36,033 INFO  http.HttpServer2 (HttpServer2.java:addFilter(958)) - Added filter static_user_filter (class=org.apache.hadoop.http.lib.StaticUserWebFilter$StaticUserFilter) to context static
2019-07-30 15:29:36,033 INFO  http.HttpServer2 (HttpServer2.java:addFilter(958)) - Added filter static_user_filter (class=org.apache.hadoop.http.lib.StaticUserWebFilter$StaticUserFilter) to context logs
2019-07-30 15:29:36,034 INFO  http.HttpServer2 (HttpServer2.java:bindListener(1191)) - Jetty bound to port 46079
2019-07-30 15:29:36,034 INFO  server.Server (Server.java:doStart(351)) - jetty-9.3.24.v20180605, build timestamp: 2018-06-05T17:11:56Z, git hash: 84205aa28f11a4f31f2a3b86d1bba2cc8ab69827
2019-07-30 15:29:36,036 INFO  handler.ContextHandler (ContextHandler.java:doStart(781)) - Started o.e.j.s.ServletContextHandler@6c2a95d5{/logs,file:///workdir/hadoop-ozone/integration-test/target/log,AVAILABLE}
2019-07-30 15:29:36,037 INFO  handler.ContextHandler (ContextHandler.java:doStart(781)) - Started o.e.j.s.ServletContextHandler@3f048c86{/static,jar:file:/home/user/.m2/repository/org/apache/hadoop/hadoop-hdds-container-service/0.4.1-SNAPSHOT/hadoop-hdds-container-service-0.4.1-SNAPSHOT.jar!/webapps/static,AVAILABLE}
2019-07-30 15:29:36,065 INFO  handler.ContextHandler (ContextHandler.java:doStart(781)) - Started o.e.j.w.WebAppContext@4b4969ea{/,file:///tmp/jetty-0.0.0.0-46079-hddsDatanode-_-any-2549305310361516889.dir/webapp/,AVAILABLE}{/hddsDatanode}
2019-07-30 15:29:36,066 INFO  server.AbstractConnector (AbstractConnector.java:doStart(278)) - Started ServerConnector@11c581a0{HTTP/1.1,[http/1.1]}{0.0.0.0:46079}
2019-07-30 15:29:36,067 INFO  server.Server (Server.java:doStart(419)) - Started @6685ms
2019-07-30 15:29:36,068 INFO  server.BaseHttpServer (BaseHttpServer.java:updateConnectorAddress(207)) - HTTP server of HDDSDATANODE is listening at http://0.0.0.0:46079
2019-07-30 15:29:36,217 INFO  ozone.HddsDatanodeService (HddsDatanodeService.java:startPlugins(395)) - Started plug-in org.apache.hadoop.ozone.web.OzoneHddsDatanodeService@44fd7ba4
2019-07-30 15:29:36,218 INFO  ozone.MiniOzoneClusterImpl (MiniOzoneClusterImpl.java:lambda$waitForClusterToBeReady$0(142)) - Waiting for cluster to be ready. Got 0 of 6 DN Heartbeats.
2019-07-30 15:29:36,219 INFO  util.JvmPauseMonitor (JvmPauseMonitor.java:run(188)) - Starting JVM pause monitor
2019-07-30 15:29:36,227 INFO  datanode.InitDatanodeState (InitDatanodeState.java:persistContainerDatanodeDetails(140)) - DatanodeDetails is persisted to /workdir/hadoop-ozone/integration-test/target/test-dir/MiniOzoneClusterImpl-1546bc1a-6156-45ec-b38e-287b428d3c04/datanode-5/meta/datanode.id
2019-07-30 15:29:37,218 INFO  ozone.MiniOzoneClusterImpl (MiniOzoneClusterImpl.java:lambda$waitForClusterToBeReady$0(142)) - Waiting for cluster to be ready. Got 0 of 6 DN Heartbeats.
2019-07-30 15:29:37,245 INFO  ozoneimpl.OzoneContainer (OzoneContainer.java:start(186)) - Attempting to start container services.
2019-07-30 15:29:37,245 INFO  ozoneimpl.OzoneContainer (OzoneContainer.java:startContainerScrub(160)) - Background container scrubber has been disabled by hdds.containerscrub.enabled
2019-07-30 15:29:37,246 INFO  ratis.XceiverServerRatis (XceiverServerRatis.java:start(404)) - Starting XceiverServerRatis 5b36f0a0-8a95-48d6-ad58-d56a2d3738c4 at port 0
2019-07-30 15:29:37,271 INFO  impl.RaftServerProxy (RaftServerProxy.java:lambda$start$3(299)) - 5b36f0a0-8a95-48d6-ad58-d56a2d3738c4: start RPC server
2019-07-30 15:29:37,400 INFO  server.GrpcService (GrpcService.java:startImpl(149)) - 5b36f0a0-8a95-48d6-ad58-d56a2d3738c4: GrpcService started, listening on 0.0.0.0/0.0.0.0:38930
2019-07-30 15:29:37,402 INFO  ratis.XceiverServerRatis (XceiverServerRatis.java:start(414)) - XceiverServerRatis 5b36f0a0-8a95-48d6-ad58-d56a2d3738c4 is started using port 38930
2019-07-30 15:29:37,405 INFO  server.XceiverServerGrpc (XceiverServerGrpc.java:start(161)) - XceiverServerGrpc 5b36f0a0-8a95-48d6-ad58-d56a2d3738c4 is started using port 43594
2019-07-30 15:29:37,450 INFO  ozoneimpl.OzoneContainer (OzoneContainer.java:start(186)) - Attempting to start container services.
2019-07-30 15:29:37,452 INFO  ozoneimpl.OzoneContainer (OzoneContainer.java:startContainerScrub(160)) - Background container scrubber has been disabled by hdds.containerscrub.enabled
2019-07-30 15:29:37,452 INFO  ratis.XceiverServerRatis (XceiverServerRatis.java:start(404)) - Starting XceiverServerRatis 5cbc2b48-1ae5-4af6-b371-e8e3a42e7f9a at port 0
2019-07-30 15:29:37,461 INFO  impl.RaftServerProxy (RaftServerProxy.java:lambda$start$3(299)) - 5cbc2b48-1ae5-4af6-b371-e8e3a42e7f9a: start RPC server
2019-07-30 15:29:37,465 INFO  server.GrpcService (GrpcService.java:startImpl(149)) - 5cbc2b48-1ae5-4af6-b371-e8e3a42e7f9a: GrpcService started, listening on 0.0.0.0/0.0.0.0:36443
2019-07-30 15:29:37,465 INFO  ratis.XceiverServerRatis (XceiverServerRatis.java:start(414)) - XceiverServerRatis 5cbc2b48-1ae5-4af6-b371-e8e3a42e7f9a is started using port 36443
2019-07-30 15:29:37,468 INFO  server.XceiverServerGrpc (XceiverServerGrpc.java:start(161)) - XceiverServerGrpc 5cbc2b48-1ae5-4af6-b371-e8e3a42e7f9a is started using port 45542
2019-07-30 15:29:37,632 INFO  ozoneimpl.OzoneContainer (OzoneContainer.java:start(186)) - Attempting to start container services.
2019-07-30 15:29:37,634 INFO  ozoneimpl.OzoneContainer (OzoneContainer.java:startContainerScrub(160)) - Background container scrubber has been disabled by hdds.containerscrub.enabled
2019-07-30 15:29:37,635 INFO  ratis.XceiverServerRatis (XceiverServerRatis.java:start(404)) - Starting XceiverServerRatis 49a0e113-d55f-41ab-a95d-96aa5e340106 at port 0
2019-07-30 15:29:37,643 INFO  impl.RaftServerProxy (RaftServerProxy.java:lambda$start$3(299)) - 49a0e113-d55f-41ab-a95d-96aa5e340106: start RPC server
2019-07-30 15:29:37,646 INFO  server.GrpcService (GrpcService.java:startImpl(149)) - 49a0e113-d55f-41ab-a95d-96aa5e340106: GrpcService started, listening on 0.0.0.0/0.0.0.0:43908
2019-07-30 15:29:37,646 INFO  ratis.XceiverServerRatis (XceiverServerRatis.java:start(414)) - XceiverServerRatis 49a0e113-d55f-41ab-a95d-96aa5e340106 is started using port 43908
2019-07-30 15:29:37,649 INFO  server.XceiverServerGrpc (XceiverServerGrpc.java:start(161)) - XceiverServerGrpc 49a0e113-d55f-41ab-a95d-96aa5e340106 is started using port 44098
2019-07-30 15:29:37,824 INFO  ozoneimpl.OzoneContainer (OzoneContainer.java:start(186)) - Attempting to start container services.
2019-07-30 15:29:37,827 INFO  ozoneimpl.OzoneContainer (OzoneContainer.java:startContainerScrub(160)) - Background container scrubber has been disabled by hdds.containerscrub.enabled
2019-07-30 15:29:37,827 INFO  ratis.XceiverServerRatis (XceiverServerRatis.java:start(404)) - Starting XceiverServerRatis 51811804-40f4-47bd-bce5-53715d2336ea at port 0
2019-07-30 15:29:37,836 INFO  impl.RaftServerProxy (RaftServerProxy.java:lambda$start$3(299)) - 51811804-40f4-47bd-bce5-53715d2336ea: start RPC server
2019-07-30 15:29:37,840 INFO  server.GrpcService (GrpcService.java:startImpl(149)) - 51811804-40f4-47bd-bce5-53715d2336ea: GrpcService started, listening on 0.0.0.0/0.0.0.0:43461
2019-07-30 15:29:37,841 INFO  ratis.XceiverServerRatis (XceiverServerRatis.java:start(414)) - XceiverServerRatis 51811804-40f4-47bd-bce5-53715d2336ea is started using port 43461
2019-07-30 15:29:37,845 INFO  server.XceiverServerGrpc (XceiverServerGrpc.java:start(161)) - XceiverServerGrpc 51811804-40f4-47bd-bce5-53715d2336ea is started using port 33594
2019-07-30 15:29:38,018 INFO  ozoneimpl.OzoneContainer (OzoneContainer.java:start(186)) - Attempting to start container services.
2019-07-30 15:29:38,021 INFO  ozoneimpl.OzoneContainer (OzoneContainer.java:startContainerScrub(160)) - Background container scrubber has been disabled by hdds.containerscrub.enabled
2019-07-30 15:29:38,021 INFO  ratis.XceiverServerRatis (XceiverServerRatis.java:start(404)) - Starting XceiverServerRatis 3ff6c92b-625e-401e-aa98-18d4fffcc363 at port 0
2019-07-30 15:29:38,030 INFO  impl.RaftServerProxy (RaftServerProxy.java:lambda$start$3(299)) - 3ff6c92b-625e-401e-aa98-18d4fffcc363: start RPC server
2019-07-30 15:29:38,035 INFO  server.GrpcService (GrpcService.java:startImpl(149)) - 3ff6c92b-625e-401e-aa98-18d4fffcc363: GrpcService started, listening on 0.0.0.0/0.0.0.0:45437
2019-07-30 15:29:38,035 INFO  ratis.XceiverServerRatis (XceiverServerRatis.java:start(414)) - XceiverServerRatis 3ff6c92b-625e-401e-aa98-18d4fffcc363 is started using port 45437
2019-07-30 15:29:38,039 INFO  server.XceiverServerGrpc (XceiverServerGrpc.java:start(161)) - XceiverServerGrpc 3ff6c92b-625e-401e-aa98-18d4fffcc363 is started using port 39645
2019-07-30 15:29:38,222 INFO  ozone.MiniOzoneClusterImpl (MiniOzoneClusterImpl.java:lambda$waitForClusterToBeReady$0(142)) - Waiting for cluster to be ready. Got 0 of 6 DN Heartbeats.
2019-07-30 15:29:38,235 INFO  ozoneimpl.OzoneContainer (OzoneContainer.java:start(186)) - Attempting to start container services.
2019-07-30 15:29:38,238 INFO  ozoneimpl.OzoneContainer (OzoneContainer.java:startContainerScrub(160)) - Background container scrubber has been disabled by hdds.containerscrub.enabled
2019-07-30 15:29:38,239 INFO  ratis.XceiverServerRatis (XceiverServerRatis.java:start(404)) - Starting XceiverServerRatis 4e48bee2-5f87-4936-b5f2-20b01b2a2fc7 at port 0
2019-07-30 15:29:38,246 INFO  impl.RaftServerProxy (RaftServerProxy.java:lambda$start$3(299)) - 4e48bee2-5f87-4936-b5f2-20b01b2a2fc7: start RPC server
2019-07-30 15:29:38,250 INFO  server.GrpcService (GrpcService.java:startImpl(149)) - 4e48bee2-5f87-4936-b5f2-20b01b2a2fc7: GrpcService started, listening on 0.0.0.0/0.0.0.0:42247
2019-07-30 15:29:38,250 INFO  ratis.XceiverServerRatis (XceiverServerRatis.java:start(414)) - XceiverServerRatis 4e48bee2-5f87-4936-b5f2-20b01b2a2fc7 is started using port 42247
2019-07-30 15:29:38,255 INFO  server.XceiverServerGrpc (XceiverServerGrpc.java:start(161)) - XceiverServerGrpc 4e48bee2-5f87-4936-b5f2-20b01b2a2fc7 is started using port 45803
2019-07-30 15:29:39,224 INFO  ozone.MiniOzoneClusterImpl (MiniOzoneClusterImpl.java:lambda$waitForClusterToBeReady$0(142)) - Waiting for cluster to be ready. Got 0 of 6 DN Heartbeats.
2019-07-30 15:29:39,232 INFO  net.NetworkTopology (NetworkTopologyImpl.java:add(110)) - Added a new node: /default-rack/5b36f0a0-8a95-48d6-ad58-d56a2d3738c4
2019-07-30 15:29:39,232 INFO  node.SCMNodeManager (SCMNodeManager.java:register(273)) - Registered Data node : 5b36f0a0-8a95-48d6-ad58-d56a2d3738c4{ip: 192.168.5.170, host: byscane-nightly-xg47r-921641087, networkLocation: /default-rack, certSerialId: null}
2019-07-30 15:29:39,238 INFO  safemode.SCMSafeModeManager (DataNodeSafeModeRule.java:process(71)) - SCM in safe mode. 1 DataNodes registered, 1 required.
2019-07-30 15:29:39,238 INFO  safemode.SCMSafeModeManager (SCMSafeModeManager.java:validateSafeModeExitRules(177)) - ScmSafeModeManager, all rules are successfully validated
2019-07-30 15:29:39,239 INFO  safemode.SCMSafeModeManager (SCMSafeModeManager.java:exitSafeMode(193)) - SCM exiting safe mode.
2019-07-30 15:29:39,436 INFO  net.NetworkTopology (NetworkTopologyImpl.java:add(110)) - Added a new node: /default-rack/5cbc2b48-1ae5-4af6-b371-e8e3a42e7f9a
2019-07-30 15:29:39,437 INFO  node.SCMNodeManager (SCMNodeManager.java:register(273)) - Registered Data node : 5cbc2b48-1ae5-4af6-b371-e8e3a42e7f9a{ip: 192.168.5.170, host: byscane-nightly-xg47r-921641087, networkLocation: /default-rack, certSerialId: null}
2019-07-30 15:29:39,631 INFO  net.NetworkTopology (NetworkTopologyImpl.java:add(110)) - Added a new node: /default-rack/49a0e113-d55f-41ab-a95d-96aa5e340106
2019-07-30 15:29:39,632 INFO  node.SCMNodeManager (SCMNodeManager.java:register(273)) - Registered Data node : 49a0e113-d55f-41ab-a95d-96aa5e340106{ip: 192.168.5.170, host: byscane-nightly-xg47r-921641087, networkLocation: /default-rack, certSerialId: null}
2019-07-30 15:29:39,821 INFO  net.NetworkTopology (NetworkTopologyImpl.java:add(110)) - Added a new node: /default-rack/51811804-40f4-47bd-bce5-53715d2336ea
2019-07-30 15:29:39,821 INFO  node.SCMNodeManager (SCMNodeManager.java:register(273)) - Registered Data node : 51811804-40f4-47bd-bce5-53715d2336ea{ip: 192.168.5.170, host: byscane-nightly-xg47r-921641087, networkLocation: /default-rack, certSerialId: null}
2019-07-30 15:29:39,873 INFO  impl.RaftServerProxy (RaftServerProxy.java:addNew(89)) - 5b36f0a0-8a95-48d6-ad58-d56a2d3738c4: addNew group-F1E6423E75EC:[5b36f0a0-8a95-48d6-ad58-d56a2d3738c4:192.168.5.170:38930] returns group-F1E6423E75EC:java.util.concurrent.CompletableFuture@7c70487e[Not completed]
2019-07-30 15:29:40,241 INFO  ozone.MiniOzoneClusterImpl (MiniOzoneClusterImpl.java:lambda$waitForClusterToBeReady$0(142)) - Waiting for cluster to be ready. Got 4 of 6 DN Heartbeats.
2019-07-30 15:29:40,263 INFO  net.NetworkTopology (NetworkTopologyImpl.java:add(110)) - Added a new node: /default-rack/4e48bee2-5f87-4936-b5f2-20b01b2a2fc7
2019-07-30 15:29:40,263 INFO  net.NetworkTopology (NetworkTopologyImpl.java:add(110)) - Added a new node: /default-rack/3ff6c92b-625e-401e-aa98-18d4fffcc363
2019-07-30 15:29:40,263 INFO  node.SCMNodeManager (SCMNodeManager.java:register(273)) - Registered Data node : 4e48bee2-5f87-4936-b5f2-20b01b2a2fc7{ip: 192.168.5.170, host: byscane-nightly-xg47r-921641087, networkLocation: /default-rack, certSerialId: null}
2019-07-30 15:29:40,263 INFO  node.SCMNodeManager (SCMNodeManager.java:register(273)) - Registered Data node : 3ff6c92b-625e-401e-aa98-18d4fffcc363{ip: 192.168.5.170, host: byscane-nightly-xg47r-921641087, networkLocation: /default-rack, certSerialId: null}
2019-07-30 15:29:40,271 INFO  impl.RaftServerImpl (RaftServerImpl.java:<init>(93)) - 5b36f0a0-8a95-48d6-ad58-d56a2d3738c4: new RaftServerImpl for group-F1E6423E75EC:[5b36f0a0-8a95-48d6-ad58-d56a2d3738c4:192.168.5.170:38930] with ContainerStateMachine:uninitialized
2019-07-30 15:29:40,275 INFO  server.RaftServerConfigKeys (ConfUtils.java:logGet(43)) - raft.server.rpc.timeout.min = 5s (custom)
2019-07-30 15:29:40,276 INFO  server.RaftServerConfigKeys (ConfUtils.java:logGet(43)) - raft.server.rpc.timeout.max = 5200ms (custom)
2019-07-30 15:29:40,276 INFO  server.RaftServerConfigKeys (ConfUtils.java:logGet(43)) - raft.server.rpcslowness.timeout = 120s (custom)
2019-07-30 15:29:40,277 INFO  server.RaftServerConfigKeys (ConfUtils.java:logGet(43)) - raft.server.sleep.deviation.threshold = 300 (default)
2019-07-30 15:29:40,279 INFO  server.RaftServerConfigKeys (ConfUtils.java:logGet(43)) - raft.server.log.appender.install.snapshot.enabled = false (custom)
2019-07-30 15:29:40,288 INFO  impl.RaftServerImpl (ServerState.java:<init>(105)) - 5b36f0a0-8a95-48d6-ad58-d56a2d3738c4:group-F1E6423E75EC ConfigurationManager, init=-1: [5b36f0a0-8a95-48d6-ad58-d56a2d3738c4:192.168.5.170:38930], old=null, confs=<EMPTY_MAP>
2019-07-30 15:29:40,288 INFO  server.RaftServerConfigKeys (ConfUtils.java:logGet(43)) - raft.server.storage.dir = [/workdir/hadoop-ozone/integration-test/target/test-dir/MiniOzoneClusterImpl-1546bc1a-6156-45ec-b38e-287b428d3c04/datanode-0/data/ratis] (custom)
2019-07-30 15:29:40,297 INFO  storage.RaftStorageDirectory (RaftStorageDirectory.java:analyzeStorage(246)) - The storage directory /workdir/hadoop-ozone/integration-test/target/test-dir/MiniOzoneClusterImpl-1546bc1a-6156-45ec-b38e-287b428d3c04/datanode-0/data/ratis/db664201-7d44-4cab-b87d-f1e6423e75ec does not exist. Creating ...
2019-07-30 15:29:40,314 INFO  storage.RaftStorageDirectory (RaftStorageDirectory.java:tryLock(328)) - Lock on /workdir/hadoop-ozone/integration-test/target/test-dir/MiniOzoneClusterImpl-1546bc1a-6156-45ec-b38e-287b428d3c04/datanode-0/data/ratis/db664201-7d44-4cab-b87d-f1e6423e75ec/in_use.lock acquired by nodename 13229@byscane-nightly-xg47r-921641087
2019-07-30 15:29:40,328 INFO  storage.RaftStorage (RaftStorage.java:format(72)) - Storage directory /workdir/hadoop-ozone/integration-test/target/test-dir/MiniOzoneClusterImpl-1546bc1a-6156-45ec-b38e-287b428d3c04/datanode-0/data/ratis/db664201-7d44-4cab-b87d-f1e6423e75ec has been successfully formatted.
2019-07-30 15:29:40,330 INFO  ratis.ContainerStateMachine (ContainerStateMachine.java:loadSnapshot(213)) - group-F1E6423E75EC: The snapshot info is null. Setting the last applied indexto:(t:0, i:~)
2019-07-30 15:29:40,330 INFO  server.RaftServerConfigKeys (ConfUtils.java:logGet(43)) - raft.server.leader.election.timeout = 120s (custom)
2019-07-30 15:29:40,333 INFO  server.RaftServerConfigKeys (ConfUtils.java:logGet(43)) - raft.server.log.use.memory = false (default)
2019-07-30 15:29:40,339 INFO  server.RaftServerConfigKeys (ConfUtils.java:logGet(43)) - raft.server.log.purge.gap = 1000000000 (custom)
2019-07-30 15:29:40,339 INFO  server.RaftServerConfigKeys (ConfUtils.java:logGet(43)) - raft.server.log.appender.buffer.byte-limit = 33554432 (custom)
2019-07-30 15:29:40,341 INFO  server.RaftServerConfigKeys (ConfUtils.java:logGet(43)) - raft.server.log.segment.size.max = 1048576 (custom)
2019-07-30 15:29:40,346 INFO  server.RaftServerConfigKeys (ConfUtils.java:logGet(43)) - raft.server.log.segment.cache.num.max = 2 (custom)
2019-07-30 15:29:40,352 INFO  segmented.SegmentedRaftLogWorker (SegmentedRaftLogWorker.java:<init>(172)) - new 5b36f0a0-8a95-48d6-ad58-d56a2d3738c4-SegmentedRaftLogWorker:Storage Directory /workdir/hadoop-ozone/integration-test/target/test-dir/MiniOzoneClusterImpl-1546bc1a-6156-45ec-b38e-287b428d3c04/datanode-0/data/ratis/db664201-7d44-4cab-b87d-f1e6423e75ec for RaftStorage:Storage Directory /workdir/hadoop-ozone/integration-test/target/test-dir/MiniOzoneClusterImpl-1546bc1a-6156-45ec-b38e-287b428d3c04/datanode-0/data/ratis/db664201-7d44-4cab-b87d-f1e6423e75ec
2019-07-30 15:29:40,365 INFO  server.RaftServerConfigKeys (ConfUtils.java:logGet(43)) - raft.server.log.queue.byte-limit = 2147483647 (custom)
2019-07-30 15:29:40,365 INFO  server.RaftServerConfigKeys (ConfUtils.java:logGet(43)) - raft.server.log.queue.element-limit = 1024 (custom)
2019-07-30 15:29:40,370 INFO  server.RaftServerConfigKeys (ConfUtils.java:logGet(43)) - raft.server.log.segment.size.max = 1048576 (custom)
2019-07-30 15:29:40,371 INFO  server.RaftServerConfigKeys (ConfUtils.java:logGet(43)) - raft.server.log.preallocated.size = 16384 (custom)
2019-07-30 15:29:40,371 INFO  server.RaftServerConfigKeys (ConfUtils.java:logGet(43)) - raft.server.log.write.buffer.size = 33554432 (custom)
2019-07-30 15:29:40,372 INFO  server.RaftServerConfigKeys (ConfUtils.java:logGet(43)) - raft.server.log.force.sync.num = 128 (default)
2019-07-30 15:29:40,373 INFO  server.RaftServerConfigKeys (ConfUtils.java:logGet(43)) - raft.server.log.statemachine.data.sync = true (default)
2019-07-30 15:29:40,373 INFO  server.RaftServerConfigKeys (ConfUtils.java:logGet(43)) - raft.server.log.statemachine.data.sync.timeout = 10s (default)
2019-07-30 15:29:40,373 INFO  server.RaftServerConfigKeys (ConfUtils.java:logGet(43)) - raft.server.log.statemachine.data.sync.timeout.retry = -1 (default)
2019-07-30 15:29:40,382 INFO  server.RaftServerConfigKeys (ConfUtils.java:logGet(43)) - raft.server.log.statemachine.data.caching.enabled = true (custom)
2019-07-30 15:29:40,386 INFO  segmented.SegmentedRaftLogWorker (SegmentedRaftLogWorker.java:lambda$new$0(132)) - 5b36f0a0-8a95-48d6-ad58-d56a2d3738c4-SegmentedRaftLogWorker:Storage Directory /workdir/hadoop-ozone/integration-test/target/test-dir/MiniOzoneClusterImpl-1546bc1a-6156-45ec-b38e-287b428d3c04/datanode-0/data/ratis/db664201-7d44-4cab-b87d-f1e6423e75ec: flushIndex: setUnconditionally 0 -> -1
2019-07-30 15:29:40,390 INFO  server.RaftServerConfigKeys (ConfUtils.java:logGet(43)) - raft.server.snapshot.auto.trigger.enabled = true (custom)
2019-07-30 15:29:40,391 INFO  server.RaftServerConfigKeys (ConfUtils.java:logGet(43)) - raft.server.snapshot.auto.trigger.threshold = 10000 (custom)
2019-07-30 15:29:40,391 INFO  server.RaftServerConfigKeys (ConfUtils.java:logGet(43)) - raft.server.retrycache.expirytime = 600000ms (custom)
2019-07-30 15:29:40,411 INFO  impl.RaftServerImpl (RaftServerImpl.java:start(180)) - 5b36f0a0-8a95-48d6-ad58-d56a2d3738c4: start group-F1E6423E75EC
2019-07-30 15:29:40,412 INFO  impl.RaftServerImpl (RaftServerImpl.java:setRole(171)) - 5b36f0a0-8a95-48d6-ad58-d56a2d3738c4:group-F1E6423E75EC changes role from null to FOLLOWER at term 0 for startAsFollower
2019-07-30 15:29:40,413 INFO  impl.RoleInfo (RoleInfo.java:updateAndGet(143)) - 5b36f0a0-8a95-48d6-ad58-d56a2d3738c4: start FollowerState
2019-07-30 15:29:40,414 INFO  util.JmxRegister (JmxRegister.java:tryRegister(44)) - Successfully registered JMX Bean with object name Ratis:service=RaftServer,group=group-F1E6423E75EC,id=5b36f0a0-8a95-48d6-ad58-d56a2d3738c4
2019-07-30 15:29:40,482 INFO  pipeline.PipelineStateManager (PipelineStateManager.java:addPipeline(56)) - Created pipeline Pipeline[ Id: db664201-7d44-4cab-b87d-f1e6423e75ec, Nodes: 5b36f0a0-8a95-48d6-ad58-d56a2d3738c4{ip: 192.168.5.170, host: byscane-nightly-xg47r-921641087, networkLocation: /default-rack, certSerialId: null}, Type:RATIS, Factor:ONE, State:OPEN]
2019-07-30 15:29:40,512 INFO  impl.RaftServerProxy (RaftServerProxy.java:addNew(89)) - 5cbc2b48-1ae5-4af6-b371-e8e3a42e7f9a: addNew group-0D90D06B6216:[5cbc2b48-1ae5-4af6-b371-e8e3a42e7f9a:192.168.5.170:36443] returns group-0D90D06B6216:java.util.concurrent.CompletableFuture@234f180a[Not completed]
2019-07-30 15:29:40,560 INFO  impl.RaftServerImpl (RaftServerImpl.java:<init>(93)) - 5cbc2b48-1ae5-4af6-b371-e8e3a42e7f9a: new RaftServerImpl for group-0D90D06B6216:[5cbc2b48-1ae5-4af6-b371-e8e3a42e7f9a:192.168.5.170:36443] with ContainerStateMachine:uninitialized
2019-07-30 15:29:40,563 INFO  server.RaftServerConfigKeys (ConfUtils.java:logGet(43)) - raft.server.rpc.timeout.min = 5s (custom)
2019-07-30 15:29:40,563 INFO  server.RaftServerConfigKeys (ConfUtils.java:logGet(43)) - raft.server.rpc.timeout.max = 5200ms (custom)
2019-07-30 15:29:40,563 INFO  server.RaftServerConfigKeys (ConfUtils.java:logGet(43)) - raft.server.rpcslowness.timeout = 120s (custom)
2019-07-30 15:29:40,563 INFO  server.RaftServerConfigKeys (ConfUtils.java:logGet(43)) - raft.server.sleep.deviation.threshold = 300 (default)
2019-07-30 15:29:40,564 INFO  server.RaftServerConfigKeys (ConfUtils.java:logGet(43)) - raft.server.log.appender.install.snapshot.enabled = false (custom)
2019-07-30 15:29:40,564 INFO  impl.RaftServerImpl (ServerState.java:<init>(105)) - 5cbc2b48-1ae5-4af6-b371-e8e3a42e7f9a:group-0D90D06B6216 ConfigurationManager, init=-1: [5cbc2b48-1ae5-4af6-b371-e8e3a42e7f9a:192.168.5.170:36443], old=null, confs=<EMPTY_MAP>
2019-07-30 15:29:40,564 INFO  server.RaftServerConfigKeys (ConfUtils.java:logGet(43)) - raft.server.storage.dir = [/workdir/hadoop-ozone/integration-test/target/test-dir/MiniOzoneClusterImpl-1546bc1a-6156-45ec-b38e-287b428d3c04/datanode-1/data/ratis] (custom)
2019-07-30 15:29:40,564 INFO  storage.RaftStorageDirectory (RaftStorageDirectory.java:analyzeStorage(246)) - The storage directory /workdir/hadoop-ozone/integration-test/target/test-dir/MiniOzoneClusterImpl-1546bc1a-6156-45ec-b38e-287b428d3c04/datanode-1/data/ratis/99411056-eaea-4096-b70a-0d90d06b6216 does not exist. Creating ...
2019-07-30 15:29:40,578 INFO  storage.RaftStorageDirectory (RaftStorageDirectory.java:tryLock(328)) - Lock on /workdir/hadoop-ozone/integration-test/target/test-dir/MiniOzoneClusterImpl-1546bc1a-6156-45ec-b38e-287b428d3c04/datanode-1/data/ratis/99411056-eaea-4096-b70a-0d90d06b6216/in_use.lock acquired by nodename 13229@byscane-nightly-xg47r-921641087
2019-07-30 15:29:40,586 INFO  storage.RaftStorage (RaftStorage.java:format(72)) - Storage directory /workdir/hadoop-ozone/integration-test/target/test-dir/MiniOzoneClusterImpl-1546bc1a-6156-45ec-b38e-287b428d3c04/datanode-1/data/ratis/99411056-eaea-4096-b70a-0d90d06b6216 has been successfully formatted.
2019-07-30 15:29:40,587 INFO  ratis.ContainerStateMachine (ContainerStateMachine.java:loadSnapshot(213)) - group-0D90D06B6216: The snapshot info is null. Setting the last applied indexto:(t:0, i:~)
2019-07-30 15:29:40,588 INFO  server.RaftServerConfigKeys (ConfUtils.java:logGet(43)) - raft.server.leader.election.timeout = 120s (custom)
2019-07-30 15:29:40,588 INFO  server.RaftServerConfigKeys (ConfUtils.java:logGet(43)) - raft.server.log.use.memory = false (default)
2019-07-30 15:29:40,588 INFO  server.RaftServerConfigKeys (ConfUtils.java:logGet(43)) - raft.server.log.purge.gap = 1000000000 (custom)
2019-07-30 15:29:40,589 INFO  server.RaftServerConfigKeys (ConfUtils.java:logGet(43)) - raft.server.log.appender.buffer.byte-limit = 33554432 (custom)
2019-07-30 15:29:40,589 INFO  server.RaftServerConfigKeys (ConfUtils.java:logGet(43)) - raft.server.log.segment.size.max = 1048576 (custom)
2019-07-30 15:29:40,589 INFO  server.RaftServerConfigKeys (ConfUtils.java:logGet(43)) - raft.server.log.segment.cache.num.max = 2 (custom)
2019-07-30 15:29:40,589 INFO  segmented.SegmentedRaftLogWorker (SegmentedRaftLogWorker.java:<init>(172)) - new 5cbc2b48-1ae5-4af6-b371-e8e3a42e7f9a-SegmentedRaftLogWorker:Storage Directory /workdir/hadoop-ozone/integration-test/target/test-dir/MiniOzoneClusterImpl-1546bc1a-6156-45ec-b38e-287b428d3c04/datanode-1/data/ratis/99411056-eaea-4096-b70a-0d90d06b6216 for RaftStorage:Storage Directory /workdir/hadoop-ozone/integration-test/target/test-dir/MiniOzoneClusterImpl-1546bc1a-6156-45ec-b38e-287b428d3c04/datanode-1/data/ratis/99411056-eaea-4096-b70a-0d90d06b6216
2019-07-30 15:29:40,591 INFO  server.RaftServerConfigKeys (ConfUtils.java:logGet(43)) - raft.server.log.queue.byte-limit = 2147483647 (custom)
2019-07-30 15:29:40,591 INFO  server.RaftServerConfigKeys (ConfUtils.java:logGet(43)) - raft.server.log.queue.element-limit = 1024 (custom)
2019-07-30 15:29:40,591 INFO  server.RaftServerConfigKeys (ConfUtils.java:logGet(43)) - raft.server.log.segment.size.max = 1048576 (custom)
2019-07-30 15:29:40,591 INFO  server.RaftServerConfigKeys (ConfUtils.java:logGet(43)) - raft.server.log.preallocated.size = 16384 (custom)
2019-07-30 15:29:40,592 INFO  server.RaftServerConfigKeys (ConfUtils.java:logGet(43)) - raft.server.log.write.buffer.size = 33554432 (custom)
2019-07-30 15:29:40,592 INFO  server.RaftServerConfigKeys (ConfUtils.java:logGet(43)) - raft.server.log.force.sync.num = 128 (default)
2019-07-30 15:29:40,592 INFO  server.RaftServerConfigKeys (ConfUtils.java:logGet(43)) - raft.server.log.statemachine.data.sync = true (default)
2019-07-30 15:29:40,592 INFO  server.RaftServerConfigKeys (ConfUtils.java:logGet(43)) - raft.server.log.statemachine.data.sync.timeout = 10s (default)
2019-07-30 15:29:40,592 INFO  server.RaftServerConfigKeys (ConfUtils.java:logGet(43)) - raft.server.log.statemachine.data.sync.timeout.retry = -1 (default)
2019-07-30 15:29:40,593 INFO  server.RaftServerConfigKeys (ConfUtils.java:logGet(43)) - raft.server.log.statemachine.data.caching.enabled = true (custom)
2019-07-30 15:29:40,593 INFO  segmented.SegmentedRaftLogWorker (SegmentedRaftLogWorker.java:lambda$new$0(132)) - 5cbc2b48-1ae5-4af6-b371-e8e3a42e7f9a-SegmentedRaftLogWorker:Storage Directory /workdir/hadoop-ozone/integration-test/target/test-dir/MiniOzoneClusterImpl-1546bc1a-6156-45ec-b38e-287b428d3c04/datanode-1/data/ratis/99411056-eaea-4096-b70a-0d90d06b6216: flushIndex: setUnconditionally 0 -> -1
2019-07-30 15:29:40,594 INFO  server.RaftServerConfigKeys (ConfUtils.java:logGet(43)) - raft.server.snapshot.auto.trigger.enabled = true (custom)
2019-07-30 15:29:40,594 INFO  server.RaftServerConfigKeys (ConfUtils.java:logGet(43)) - raft.server.snapshot.auto.trigger.threshold = 10000 (custom)
2019-07-30 15:29:40,594 INFO  server.RaftServerConfigKeys (ConfUtils.java:logGet(43)) - raft.server.retrycache.expirytime = 600000ms (custom)
2019-07-30 15:29:40,594 INFO  impl.RaftServerImpl (RaftServerImpl.java:start(180)) - 5cbc2b48-1ae5-4af6-b371-e8e3a42e7f9a: start group-0D90D06B6216
2019-07-30 15:29:40,595 INFO  impl.RaftServerImpl (RaftServerImpl.java:setRole(171)) - 5cbc2b48-1ae5-4af6-b371-e8e3a42e7f9a:group-0D90D06B6216 changes role from null to FOLLOWER at term 0 for startAsFollower
2019-07-30 15:29:40,595 INFO  impl.RoleInfo (RoleInfo.java:updateAndGet(143)) - 5cbc2b48-1ae5-4af6-b371-e8e3a42e7f9a: start FollowerState
2019-07-30 15:29:40,596 INFO  util.JmxRegister (JmxRegister.java:tryRegister(44)) - Successfully registered JMX Bean with object name Ratis:service=RaftServer,group=group-0D90D06B6216,id=5cbc2b48-1ae5-4af6-b371-e8e3a42e7f9a
2019-07-30 15:29:40,609 INFO  pipeline.PipelineStateManager (PipelineStateManager.java:addPipeline(56)) - Created pipeline Pipeline[ Id: 99411056-eaea-4096-b70a-0d90d06b6216, Nodes: 5cbc2b48-1ae5-4af6-b371-e8e3a42e7f9a{ip: 192.168.5.170, host: byscane-nightly-xg47r-921641087, networkLocation: /default-rack, certSerialId: null}, Type:RATIS, Factor:ONE, State:OPEN]
2019-07-30 15:29:40,628 INFO  impl.RaftServerProxy (RaftServerProxy.java:addNew(89)) - 51811804-40f4-47bd-bce5-53715d2336ea: addNew group-226D73A5F6D4:[51811804-40f4-47bd-bce5-53715d2336ea:192.168.5.170:43461] returns group-226D73A5F6D4:java.util.concurrent.CompletableFuture@4464ec8f[Not completed]
2019-07-30 15:29:40,635 INFO  impl.RaftServerImpl (RaftServerImpl.java:<init>(93)) - 51811804-40f4-47bd-bce5-53715d2336ea: new RaftServerImpl for group-226D73A5F6D4:[51811804-40f4-47bd-bce5-53715d2336ea:192.168.5.170:43461] with ContainerStateMachine:uninitialized
2019-07-30 15:29:40,636 INFO  server.RaftServerConfigKeys (ConfUtils.java:logGet(43)) - raft.server.rpc.timeout.min = 5s (custom)
2019-07-30 15:29:40,636 INFO  server.RaftServerConfigKeys (ConfUtils.java:logGet(43)) - raft.server.rpc.timeout.max = 5200ms (custom)
2019-07-30 15:29:40,636 INFO  server.RaftServerConfigKeys (ConfUtils.java:logGet(43)) - raft.server.rpcslowness.timeout = 120s (custom)
2019-07-30 15:29:40,636 INFO  server.RaftServerConfigKeys (ConfUtils.java:logGet(43)) - raft.server.sleep.deviation.threshold = 300 (default)
2019-07-30 15:29:40,636 INFO  server.RaftServerConfigKeys (ConfUtils.java:logGet(43)) - raft.server.log.appender.install.snapshot.enabled = false (custom)
2019-07-30 15:29:40,636 INFO  impl.RaftServerImpl (ServerState.java:<init>(105)) - 51811804-40f4-47bd-bce5-53715d2336ea:group-226D73A5F6D4 ConfigurationManager, init=-1: [51811804-40f4-47bd-bce5-53715d2336ea:192.168.5.170:43461], old=null, confs=<EMPTY_MAP>
2019-07-30 15:29:40,636 INFO  server.RaftServerConfigKeys (ConfUtils.java:logGet(43)) - raft.server.storage.dir = [/workdir/hadoop-ozone/integration-test/target/test-dir/MiniOzoneClusterImpl-1546bc1a-6156-45ec-b38e-287b428d3c04/datanode-3/data/ratis] (custom)
2019-07-30 15:29:40,636 INFO  storage.RaftStorageDirectory (RaftStorageDirectory.java:analyzeStorage(246)) - The storage directory /workdir/hadoop-ozone/integration-test/target/test-dir/MiniOzoneClusterImpl-1546bc1a-6156-45ec-b38e-287b428d3c04/datanode-3/data/ratis/355030de-473f-49db-81da-226d73a5f6d4 does not exist. Creating ...
2019-07-30 15:29:40,641 INFO  storage.RaftStorageDirectory (RaftStorageDirectory.java:tryLock(328)) - Lock on /workdir/hadoop-ozone/integration-test/target/test-dir/MiniOzoneClusterImpl-1546bc1a-6156-45ec-b38e-287b428d3c04/datanode-3/data/ratis/355030de-473f-49db-81da-226d73a5f6d4/in_use.lock acquired by nodename 13229@byscane-nightly-xg47r-921641087
2019-07-30 15:29:40,652 INFO  storage.RaftStorage (RaftStorage.java:format(72)) - Storage directory /workdir/hadoop-ozone/integration-test/target/test-dir/MiniOzoneClusterImpl-1546bc1a-6156-45ec-b38e-287b428d3c04/datanode-3/data/ratis/355030de-473f-49db-81da-226d73a5f6d4 has been successfully formatted.
2019-07-30 15:29:40,652 INFO  ratis.ContainerStateMachine (ContainerStateMachine.java:loadSnapshot(213)) - group-226D73A5F6D4: The snapshot info is null. Setting the last applied indexto:(t:0, i:~)
2019-07-30 15:29:40,652 INFO  server.RaftServerConfigKeys (ConfUtils.java:logGet(43)) - raft.server.leader.election.timeout = 120s (custom)
2019-07-30 15:29:40,652 INFO  server.RaftServerConfigKeys (ConfUtils.java:logGet(43)) - raft.server.log.use.memory = false (default)
2019-07-30 15:29:40,652 INFO  server.RaftServerConfigKeys (ConfUtils.java:logGet(43)) - raft.server.log.purge.gap = 1000000000 (custom)
2019-07-30 15:29:40,652 INFO  server.RaftServerConfigKeys (ConfUtils.java:logGet(43)) - raft.server.log.appender.buffer.byte-limit = 33554432 (custom)
2019-07-30 15:29:40,653 INFO  server.RaftServerConfigKeys (ConfUtils.java:logGet(43)) - raft.server.log.segment.size.max = 1048576 (custom)
2019-07-30 15:29:40,653 INFO  server.RaftServerConfigKeys (ConfUtils.java:logGet(43)) - raft.server.log.segment.cache.num.max = 2 (custom)
2019-07-30 15:29:40,653 INFO  segmented.SegmentedRaftLogWorker (SegmentedRaftLogWorker.java:<init>(172)) - new 51811804-40f4-47bd-bce5-53715d2336ea-SegmentedRaftLogWorker:Storage Directory /workdir/hadoop-ozone/integration-test/target/test-dir/MiniOzoneClusterImpl-1546bc1a-6156-45ec-b38e-287b428d3c04/datanode-3/data/ratis/355030de-473f-49db-81da-226d73a5f6d4 for RaftStorage:Storage Directory /workdir/hadoop-ozone/integration-test/target/test-dir/MiniOzoneClusterImpl-1546bc1a-6156-45ec-b38e-287b428d3c04/datanode-3/data/ratis/355030de-473f-49db-81da-226d73a5f6d4
2019-07-30 15:29:40,653 INFO  server.RaftServerConfigKeys (ConfUtils.java:logGet(43)) - raft.server.log.queue.byte-limit = 2147483647 (custom)
2019-07-30 15:29:40,653 INFO  server.RaftServerConfigKeys (ConfUtils.java:logGet(43)) - raft.server.log.queue.element-limit = 1024 (custom)
2019-07-30 15:29:40,653 INFO  server.RaftServerConfigKeys (ConfUtils.java:logGet(43)) - raft.server.log.segment.size.max = 1048576 (custom)
2019-07-30 15:29:40,653 INFO  server.RaftServerConfigKeys (ConfUtils.java:logGet(43)) - raft.server.log.preallocated.size = 16384 (custom)
2019-07-30 15:29:40,653 INFO  server.RaftServerConfigKeys (ConfUtils.java:logGet(43)) - raft.server.log.write.buffer.size = 33554432 (custom)
2019-07-30 15:29:40,654 INFO  server.RaftServerConfigKeys (ConfUtils.java:logGet(43)) - raft.server.log.force.sync.num = 128 (default)
2019-07-30 15:29:40,654 INFO  server.RaftServerConfigKeys (ConfUtils.java:logGet(43)) - raft.server.log.statemachine.data.sync = true (default)
2019-07-30 15:29:40,654 INFO  server.RaftServerConfigKeys (ConfUtils.java:logGet(43)) - raft.server.log.statemachine.data.sync.timeout = 10s (default)
2019-07-30 15:29:40,654 INFO  server.RaftServerConfigKeys (ConfUtils.java:logGet(43)) - raft.server.log.statemachine.data.sync.timeout.retry = -1 (default)
2019-07-30 15:29:40,654 INFO  server.RaftServerConfigKeys (ConfUtils.java:logGet(43)) - raft.server.log.statemachine.data.caching.enabled = true (custom)
2019-07-30 15:29:40,654 INFO  segmented.SegmentedRaftLogWorker (SegmentedRaftLogWorker.java:lambda$new$0(132)) - 51811804-40f4-47bd-bce5-53715d2336ea-SegmentedRaftLogWorker:Storage Directory /workdir/hadoop-ozone/integration-test/target/test-dir/MiniOzoneClusterImpl-1546bc1a-6156-45ec-b38e-287b428d3c04/datanode-3/data/ratis/355030de-473f-49db-81da-226d73a5f6d4: flushIndex: setUnconditionally 0 -> -1
2019-07-30 15:29:40,655 INFO  server.RaftServerConfigKeys (ConfUtils.java:logGet(43)) - raft.server.snapshot.auto.trigger.enabled = true (custom)
2019-07-30 15:29:40,655 INFO  server.RaftServerConfigKeys (ConfUtils.java:logGet(43)) - raft.server.snapshot.auto.trigger.threshold = 10000 (custom)
2019-07-30 15:29:40,655 INFO  server.RaftServerConfigKeys (ConfUtils.java:logGet(43)) - raft.server.retrycache.expirytime = 600000ms (custom)
2019-07-30 15:29:40,655 INFO  impl.RaftServerImpl (RaftServerImpl.java:start(180)) - 51811804-40f4-47bd-bce5-53715d2336ea: start group-226D73A5F6D4
2019-07-30 15:29:40,655 INFO  impl.RaftServerImpl (RaftServerImpl.java:setRole(171)) - 51811804-40f4-47bd-bce5-53715d2336ea:group-226D73A5F6D4 changes role from null to FOLLOWER at term 0 for startAsFollower
2019-07-30 15:29:40,655 INFO  impl.RoleInfo (RoleInfo.java:updateAndGet(143)) - 51811804-40f4-47bd-bce5-53715d2336ea: start FollowerState
2019-07-30 15:29:40,656 INFO  util.JmxRegister (JmxRegister.java:tryRegister(44)) - Successfully registered JMX Bean with object name Ratis:service=RaftServer,group=group-226D73A5F6D4,id=51811804-40f4-47bd-bce5-53715d2336ea
2019-07-30 15:29:40,666 INFO  pipeline.PipelineStateManager (PipelineStateManager.java:addPipeline(56)) - Created pipeline Pipeline[ Id: 355030de-473f-49db-81da-226d73a5f6d4, Nodes: 51811804-40f4-47bd-bce5-53715d2336ea{ip: 192.168.5.170, host: byscane-nightly-xg47r-921641087, networkLocation: /default-rack, certSerialId: null}, Type:RATIS, Factor:ONE, State:OPEN]
2019-07-30 15:29:40,687 INFO  impl.RaftServerProxy (RaftServerProxy.java:addNew(89)) - 49a0e113-d55f-41ab-a95d-96aa5e340106: addNew group-2CF1045ED529:[49a0e113-d55f-41ab-a95d-96aa5e340106:192.168.5.170:43908] returns group-2CF1045ED529:java.util.concurrent.CompletableFuture@289887bc[Not completed]
2019-07-30 15:29:40,688 INFO  impl.RaftServerImpl (RaftServerImpl.java:<init>(93)) - 49a0e113-d55f-41ab-a95d-96aa5e340106: new RaftServerImpl for group-2CF1045ED529:[49a0e113-d55f-41ab-a95d-96aa5e340106:192.168.5.170:43908] with ContainerStateMachine:uninitialized
2019-07-30 15:29:40,689 INFO  server.RaftServerConfigKeys (ConfUtils.java:logGet(43)) - raft.server.rpc.timeout.min = 5s (custom)
2019-07-30 15:29:40,689 INFO  server.RaftServerConfigKeys (ConfUtils.java:logGet(43)) - raft.server.rpc.timeout.max = 5200ms (custom)
2019-07-30 15:29:40,689 INFO  server.RaftServerConfigKeys (ConfUtils.java:logGet(43)) - raft.server.rpcslowness.timeout = 120s (custom)
2019-07-30 15:29:40,689 INFO  server.RaftServerConfigKeys (ConfUtils.java:logGet(43)) - raft.server.sleep.deviation.threshold = 300 (default)
2019-07-30 15:29:40,690 INFO  server.RaftServerConfigKeys (ConfUtils.java:logGet(43)) - raft.server.log.appender.install.snapshot.enabled = false (custom)
2019-07-30 15:29:40,690 INFO  impl.RaftServerImpl (ServerState.java:<init>(105)) - 49a0e113-d55f-41ab-a95d-96aa5e340106:group-2CF1045ED529 ConfigurationManager, init=-1: [49a0e113-d55f-41ab-a95d-96aa5e340106:192.168.5.170:43908], old=null, confs=<EMPTY_MAP>
2019-07-30 15:29:40,690 INFO  server.RaftServerConfigKeys (ConfUtils.java:logGet(43)) - raft.server.storage.dir = [/workdir/hadoop-ozone/integration-test/target/test-dir/MiniOzoneClusterImpl-1546bc1a-6156-45ec-b38e-287b428d3c04/datanode-2/data/ratis] (custom)
2019-07-30 15:29:40,690 INFO  storage.RaftStorageDirectory (RaftStorageDirectory.java:analyzeStorage(246)) - The storage directory /workdir/hadoop-ozone/integration-test/target/test-dir/MiniOzoneClusterImpl-1546bc1a-6156-45ec-b38e-287b428d3c04/datanode-2/data/ratis/ca2845f9-0167-43ab-823e-2cf1045ed529 does not exist. Creating ...
2019-07-30 15:29:40,701 INFO  storage.RaftStorageDirectory (RaftStorageDirectory.java:tryLock(328)) - Lock on /workdir/hadoop-ozone/integration-test/target/test-dir/MiniOzoneClusterImpl-1546bc1a-6156-45ec-b38e-287b428d3c04/datanode-2/data/ratis/ca2845f9-0167-43ab-823e-2cf1045ed529/in_use.lock acquired by nodename 13229@byscane-nightly-xg47r-921641087
2019-07-30 15:29:40,713 INFO  storage.RaftStorage (RaftStorage.java:format(72)) - Storage directory /workdir/hadoop-ozone/integration-test/target/test-dir/MiniOzoneClusterImpl-1546bc1a-6156-45ec-b38e-287b428d3c04/datanode-2/data/ratis/ca2845f9-0167-43ab-823e-2cf1045ed529 has been successfully formatted.
2019-07-30 15:29:40,713 INFO  ratis.ContainerStateMachine (ContainerStateMachine.java:loadSnapshot(213)) - group-2CF1045ED529: The snapshot info is null. Setting the last applied indexto:(t:0, i:~)
2019-07-30 15:29:40,713 INFO  server.RaftServerConfigKeys (ConfUtils.java:logGet(43)) - raft.server.leader.election.timeout = 120s (custom)
2019-07-30 15:29:40,713 INFO  server.RaftServerConfigKeys (ConfUtils.java:logGet(43)) - raft.server.log.use.memory = false (default)
2019-07-30 15:29:40,713 INFO  server.RaftServerConfigKeys (ConfUtils.java:logGet(43)) - raft.server.log.purge.gap = 1000000000 (custom)
2019-07-30 15:29:40,714 INFO  server.RaftServerConfigKeys (ConfUtils.java:logGet(43)) - raft.server.log.appender.buffer.byte-limit = 33554432 (custom)
2019-07-30 15:29:40,714 INFO  server.RaftServerConfigKeys (ConfUtils.java:logGet(43)) - raft.server.log.segment.size.max = 1048576 (custom)
2019-07-30 15:29:40,714 INFO  server.RaftServerConfigKeys (ConfUtils.java:logGet(43)) - raft.server.log.segment.cache.num.max = 2 (custom)
2019-07-30 15:29:40,714 INFO  segmented.SegmentedRaftLogWorker (SegmentedRaftLogWorker.java:<init>(172)) - new 49a0e113-d55f-41ab-a95d-96aa5e340106-SegmentedRaftLogWorker:Storage Directory /workdir/hadoop-ozone/integration-test/target/test-dir/MiniOzoneClusterImpl-1546bc1a-6156-45ec-b38e-287b428d3c04/datanode-2/data/ratis/ca2845f9-0167-43ab-823e-2cf1045ed529 for RaftStorage:Storage Directory /workdir/hadoop-ozone/integration-test/target/test-dir/MiniOzoneClusterImpl-1546bc1a-6156-45ec-b38e-287b428d3c04/datanode-2/data/ratis/ca2845f9-0167-43ab-823e-2cf1045ed529
2019-07-30 15:29:40,714 INFO  server.RaftServerConfigKeys (ConfUtils.java:logGet(43)) - raft.server.log.queue.byte-limit = 2147483647 (custom)
2019-07-30 15:29:40,714 INFO  server.RaftServerConfigKeys (ConfUtils.java:logGet(43)) - raft.server.log.queue.element-limit = 1024 (custom)
2019-07-30 15:29:40,714 INFO  server.RaftServerConfigKeys (ConfUtils.java:logGet(43)) - raft.server.log.segment.size.max = 1048576 (custom)
2019-07-30 15:29:40,715 INFO  server.RaftServerConfigKeys (ConfUtils.java:logGet(43)) - raft.server.log.preallocated.size = 16384 (custom)
2019-07-30 15:29:40,715 INFO  server.RaftServerConfigKeys (ConfUtils.java:logGet(43)) - raft.server.log.write.buffer.size = 33554432 (custom)
2019-07-30 15:29:40,715 INFO  server.RaftServerConfigKeys (ConfUtils.java:logGet(43)) - raft.server.log.force.sync.num = 128 (default)
2019-07-30 15:29:40,715 INFO  server.RaftServerConfigKeys (ConfUtils.java:logGet(43)) - raft.server.log.statemachine.data.sync = true (default)
2019-07-30 15:29:40,715 INFO  server.RaftServerConfigKeys (ConfUtils.java:logGet(43)) - raft.server.log.statemachine.data.sync.timeout = 10s (default)
2019-07-30 15:29:40,715 INFO  server.RaftServerConfigKeys (ConfUtils.java:logGet(43)) - raft.server.log.statemachine.data.sync.timeout.retry = -1 (default)
2019-07-30 15:29:40,715 INFO  server.RaftServerConfigKeys (ConfUtils.java:logGet(43)) - raft.server.log.statemachine.data.caching.enabled = true (custom)
2019-07-30 15:29:40,716 INFO  segmented.SegmentedRaftLogWorker (SegmentedRaftLogWorker.java:lambda$new$0(132)) - 49a0e113-d55f-41ab-a95d-96aa5e340106-SegmentedRaftLogWorker:Storage Directory /workdir/hadoop-ozone/integration-test/target/test-dir/MiniOzoneClusterImpl-1546bc1a-6156-45ec-b38e-287b428d3c04/datanode-2/data/ratis/ca2845f9-0167-43ab-823e-2cf1045ed529: flushIndex: setUnconditionally 0 -> -1
2019-07-30 15:29:40,716 INFO  server.RaftServerConfigKeys (ConfUtils.java:logGet(43)) - raft.server.snapshot.auto.trigger.enabled = true (custom)
2019-07-30 15:29:40,716 INFO  server.RaftServerConfigKeys (ConfUtils.java:logGet(43)) - raft.server.snapshot.auto.trigger.threshold = 10000 (custom)
2019-07-30 15:29:40,716 INFO  server.RaftServerConfigKeys (ConfUtils.java:logGet(43)) - raft.server.retrycache.expirytime = 600000ms (custom)
2019-07-30 15:29:40,716 INFO  impl.RaftServerImpl (RaftServerImpl.java:start(180)) - 49a0e113-d55f-41ab-a95d-96aa5e340106: start group-2CF1045ED529
2019-07-30 15:29:40,716 INFO  impl.RaftServerImpl (RaftServerImpl.java:setRole(171)) - 49a0e113-d55f-41ab-a95d-96aa5e340106:group-2CF1045ED529 changes role from null to FOLLOWER at term 0 for startAsFollower
2019-07-30 15:29:40,717 INFO  impl.RoleInfo (RoleInfo.java:updateAndGet(143)) - 49a0e113-d55f-41ab-a95d-96aa5e340106: start FollowerState
2019-07-30 15:29:40,717 INFO  util.JmxRegister (JmxRegister.java:tryRegister(44)) - Successfully registered JMX Bean with object name Ratis:service=RaftServer,group=group-2CF1045ED529,id=49a0e113-d55f-41ab-a95d-96aa5e340106
2019-07-30 15:29:40,727 INFO  pipeline.PipelineStateManager (PipelineStateManager.java:addPipeline(56)) - Created pipeline Pipeline[ Id: ca2845f9-0167-43ab-823e-2cf1045ed529, Nodes: 49a0e113-d55f-41ab-a95d-96aa5e340106{ip: 192.168.5.170, host: byscane-nightly-xg47r-921641087, networkLocation: /default-rack, certSerialId: null}, Type:RATIS, Factor:ONE, State:OPEN]
2019-07-30 15:29:40,745 INFO  impl.RaftServerProxy (RaftServerProxy.java:addNew(89)) - 4e48bee2-5f87-4936-b5f2-20b01b2a2fc7: addNew group-C998F06EDDDA:[4e48bee2-5f87-4936-b5f2-20b01b2a2fc7:192.168.5.170:42247] returns group-C998F06EDDDA:java.util.concurrent.CompletableFuture@5ef93e59[Not completed]
2019-07-30 15:29:40,746 INFO  impl.RaftServerImpl (RaftServerImpl.java:<init>(93)) - 4e48bee2-5f87-4936-b5f2-20b01b2a2fc7: new RaftServerImpl for group-C998F06EDDDA:[4e48bee2-5f87-4936-b5f2-20b01b2a2fc7:192.168.5.170:42247] with ContainerStateMachine:uninitialized
2019-07-30 15:29:40,747 INFO  server.RaftServerConfigKeys (ConfUtils.java:logGet(43)) - raft.server.rpc.timeout.min = 5s (custom)
2019-07-30 15:29:40,747 INFO  server.RaftServerConfigKeys (ConfUtils.java:logGet(43)) - raft.server.rpc.timeout.max = 5200ms (custom)
2019-07-30 15:29:40,748 INFO  server.RaftServerConfigKeys (ConfUtils.java:logGet(43)) - raft.server.rpcslowness.timeout = 120s (custom)
2019-07-30 15:29:40,748 INFO  server.RaftServerConfigKeys (ConfUtils.java:logGet(43)) - raft.server.sleep.deviation.threshold = 300 (default)
2019-07-30 15:29:40,748 INFO  server.RaftServerConfigKeys (ConfUtils.java:logGet(43)) - raft.server.log.appender.install.snapshot.enabled = false (custom)
2019-07-30 15:29:40,748 INFO  impl.RaftServerImpl (ServerState.java:<init>(105)) - 4e48bee2-5f87-4936-b5f2-20b01b2a2fc7:group-C998F06EDDDA ConfigurationManager, init=-1: [4e48bee2-5f87-4936-b5f2-20b01b2a2fc7:192.168.5.170:42247], old=null, confs=<EMPTY_MAP>
2019-07-30 15:29:40,748 INFO  server.RaftServerConfigKeys (ConfUtils.java:logGet(43)) - raft.server.storage.dir = [/workdir/hadoop-ozone/integration-test/target/test-dir/MiniOzoneClusterImpl-1546bc1a-6156-45ec-b38e-287b428d3c04/datanode-5/data/ratis] (custom)
2019-07-30 15:29:40,748 INFO  storage.RaftStorageDirectory (RaftStorageDirectory.java:analyzeStorage(246)) - The storage directory /workdir/hadoop-ozone/integration-test/target/test-dir/MiniOzoneClusterImpl-1546bc1a-6156-45ec-b38e-287b428d3c04/datanode-5/data/ratis/202e2586-543c-4a41-9a5f-c998f06eddda does not exist. Creating ...
2019-07-30 15:29:40,760 INFO  storage.RaftStorageDirectory (RaftStorageDirectory.java:tryLock(328)) - Lock on /workdir/hadoop-ozone/integration-test/target/test-dir/MiniOzoneClusterImpl-1546bc1a-6156-45ec-b38e-287b428d3c04/datanode-5/data/ratis/202e2586-543c-4a41-9a5f-c998f06eddda/in_use.lock acquired by nodename 13229@byscane-nightly-xg47r-921641087
2019-07-30 15:29:40,772 INFO  storage.RaftStorage (RaftStorage.java:format(72)) - Storage directory /workdir/hadoop-ozone/integration-test/target/test-dir/MiniOzoneClusterImpl-1546bc1a-6156-45ec-b38e-287b428d3c04/datanode-5/data/ratis/202e2586-543c-4a41-9a5f-c998f06eddda has been successfully formatted.
2019-07-30 15:29:40,772 INFO  ratis.ContainerStateMachine (ContainerStateMachine.java:loadSnapshot(213)) - group-C998F06EDDDA: The snapshot info is null. Setting the last applied indexto:(t:0, i:~)
2019-07-30 15:29:40,772 INFO  server.RaftServerConfigKeys (ConfUtils.java:logGet(43)) - raft.server.leader.election.timeout = 120s (custom)
2019-07-30 15:29:40,772 INFO  server.RaftServerConfigKeys (ConfUtils.java:logGet(43)) - raft.server.log.use.memory = false (default)
2019-07-30 15:29:40,772 INFO  server.RaftServerConfigKeys (ConfUtils.java:logGet(43)) - raft.server.log.purge.gap = 1000000000 (custom)
2019-07-30 15:29:40,773 INFO  server.RaftServerConfigKeys (ConfUtils.java:logGet(43)) - raft.server.log.appender.buffer.byte-limit = 33554432 (custom)
2019-07-30 15:29:40,773 INFO  server.RaftServerConfigKeys (ConfUtils.java:logGet(43)) - raft.server.log.segment.size.max = 1048576 (custom)
2019-07-30 15:29:40,773 INFO  server.RaftServerConfigKeys (ConfUtils.java:logGet(43)) - raft.server.log.segment.cache.num.max = 2 (custom)
2019-07-30 15:29:40,773 INFO  segmented.SegmentedRaftLogWorker (SegmentedRaftLogWorker.java:<init>(172)) - new 4e48bee2-5f87-4936-b5f2-20b01b2a2fc7-SegmentedRaftLogWorker:Storage Directory /workdir/hadoop-ozone/integration-test/target/test-dir/MiniOzoneClusterImpl-1546bc1a-6156-45ec-b38e-287b428d3c04/datanode-5/data/ratis/202e2586-543c-4a41-9a5f-c998f06eddda for RaftStorage:Storage Directory /workdir/hadoop-ozone/integration-test/target/test-dir/MiniOzoneClusterImpl-1546bc1a-6156-45ec-b38e-287b428d3c04/datanode-5/data/ratis/202e2586-543c-4a41-9a5f-c998f06eddda
2019-07-30 15:29:40,773 INFO  server.RaftServerConfigKeys (ConfUtils.java:logGet(43)) - raft.server.log.queue.byte-limit = 2147483647 (custom)
2019-07-30 15:29:40,773 INFO  server.RaftServerConfigKeys (ConfUtils.java:logGet(43)) - raft.server.log.queue.element-limit = 1024 (custom)
2019-07-30 15:29:40,773 INFO  server.RaftServerConfigKeys (ConfUtils.java:logGet(43)) - raft.server.log.segment.size.max = 1048576 (custom)
2019-07-30 15:29:40,774 INFO  server.RaftServerConfigKeys (ConfUtils.java:logGet(43)) - raft.server.log.preallocated.size = 16384 (custom)
2019-07-30 15:29:40,774 INFO  server.RaftServerConfigKeys (ConfUtils.java:logGet(43)) - raft.server.log.write.buffer.size = 33554432 (custom)
2019-07-30 15:29:40,774 INFO  server.RaftServerConfigKeys (ConfUtils.java:logGet(43)) - raft.server.log.force.sync.num = 128 (default)
2019-07-30 15:29:40,774 INFO  server.RaftServerConfigKeys (ConfUtils.java:logGet(43)) - raft.server.log.statemachine.data.sync = true (default)
2019-07-30 15:29:40,774 INFO  server.RaftServerConfigKeys (ConfUtils.java:logGet(43)) - raft.server.log.statemachine.data.sync.timeout = 10s (default)
2019-07-30 15:29:40,774 INFO  server.RaftServerConfigKeys (ConfUtils.java:logGet(43)) - raft.server.log.statemachine.data.sync.timeout.retry = -1 (default)
2019-07-30 15:29:40,774 INFO  server.RaftServerConfigKeys (ConfUtils.java:logGet(43)) - raft.server.log.statemachine.data.caching.enabled = true (custom)
2019-07-30 15:29:40,775 INFO  segmented.SegmentedRaftLogWorker (SegmentedRaftLogWorker.java:lambda$new$0(132)) - 4e48bee2-5f87-4936-b5f2-20b01b2a2fc7-SegmentedRaftLogWorker:Storage Directory /workdir/hadoop-ozone/integration-test/target/test-dir/MiniOzoneClusterImpl-1546bc1a-6156-45ec-b38e-287b428d3c04/datanode-5/data/ratis/202e2586-543c-4a41-9a5f-c998f06eddda: flushIndex: setUnconditionally 0 -> -1
2019-07-30 15:29:40,775 INFO  server.RaftServerConfigKeys (ConfUtils.java:logGet(43)) - raft.server.snapshot.auto.trigger.enabled = true (custom)
2019-07-30 15:29:40,775 INFO  server.RaftServerConfigKeys (ConfUtils.java:logGet(43)) - raft.server.snapshot.auto.trigger.threshold = 10000 (custom)
2019-07-30 15:29:40,775 INFO  server.RaftServerConfigKeys (ConfUtils.java:logGet(43)) - raft.server.retrycache.expirytime = 600000ms (custom)
2019-07-30 15:29:40,776 INFO  impl.RaftServerImpl (RaftServerImpl.java:start(180)) - 4e48bee2-5f87-4936-b5f2-20b01b2a2fc7: start group-C998F06EDDDA
2019-07-30 15:29:40,776 INFO  impl.RaftServerImpl (RaftServerImpl.java:setRole(171)) - 4e48bee2-5f87-4936-b5f2-20b01b2a2fc7:group-C998F06EDDDA changes role from null to FOLLOWER at term 0 for startAsFollower
2019-07-30 15:29:40,776 INFO  impl.RoleInfo (RoleInfo.java:updateAndGet(143)) - 4e48bee2-5f87-4936-b5f2-20b01b2a2fc7: start FollowerState
2019-07-30 15:29:40,776 INFO  util.JmxRegister (JmxRegister.java:tryRegister(44)) - Successfully registered JMX Bean with object name Ratis:service=RaftServer,group=group-C998F06EDDDA,id=4e48bee2-5f87-4936-b5f2-20b01b2a2fc7
2019-07-30 15:29:40,788 INFO  pipeline.PipelineStateManager (PipelineStateManager.java:addPipeline(56)) - Created pipeline Pipeline[ Id: 202e2586-543c-4a41-9a5f-c998f06eddda, Nodes: 4e48bee2-5f87-4936-b5f2-20b01b2a2fc7{ip: 192.168.5.170, host: byscane-nightly-xg47r-921641087, networkLocation: /default-rack, certSerialId: null}, Type:RATIS, Factor:ONE, State:OPEN]
2019-07-30 15:29:40,821 INFO  impl.RaftServerProxy (RaftServerProxy.java:addNew(89)) - 3ff6c92b-625e-401e-aa98-18d4fffcc363: addNew group-0CF5DFBA2CEC:[3ff6c92b-625e-401e-aa98-18d4fffcc363:192.168.5.170:45437] returns group-0CF5DFBA2CEC:java.util.concurrent.CompletableFuture@c7aa183[Not completed]
2019-07-30 15:29:40,823 INFO  impl.RaftServerImpl (RaftServerImpl.java:<init>(93)) - 3ff6c92b-625e-401e-aa98-18d4fffcc363: new RaftServerImpl for group-0CF5DFBA2CEC:[3ff6c92b-625e-401e-aa98-18d4fffcc363:192.168.5.170:45437] with ContainerStateMachine:uninitialized
2019-07-30 15:29:40,825 INFO  server.RaftServerConfigKeys (ConfUtils.java:logGet(43)) - raft.server.rpc.timeout.min = 5s (custom)
2019-07-30 15:29:40,825 INFO  server.RaftServerConfigKeys (ConfUtils.java:logGet(43)) - raft.server.rpc.timeout.max = 5200ms (custom)
2019-07-30 15:29:40,825 INFO  server.RaftServerConfigKeys (ConfUtils.java:logGet(43)) - raft.server.rpcslowness.timeout = 120s (custom)
2019-07-30 15:29:40,825 INFO  server.RaftServerConfigKeys (ConfUtils.java:logGet(43)) - raft.server.sleep.deviation.threshold = 300 (default)
2019-07-30 15:29:40,826 INFO  server.RaftServerConfigKeys (ConfUtils.java:logGet(43)) - raft.server.log.appender.install.snapshot.enabled = false (custom)
2019-07-30 15:29:40,826 INFO  impl.RaftServerImpl (ServerState.java:<init>(105)) - 3ff6c92b-625e-401e-aa98-18d4fffcc363:group-0CF5DFBA2CEC ConfigurationManager, init=-1: [3ff6c92b-625e-401e-aa98-18d4fffcc363:192.168.5.170:45437], old=null, confs=<EMPTY_MAP>
2019-07-30 15:29:40,826 INFO  server.RaftServerConfigKeys (ConfUtils.java:logGet(43)) - raft.server.storage.dir = [/workdir/hadoop-ozone/integration-test/target/test-dir/MiniOzoneClusterImpl-1546bc1a-6156-45ec-b38e-287b428d3c04/datanode-4/data/ratis] (custom)
2019-07-30 15:29:40,827 INFO  storage.RaftStorageDirectory (RaftStorageDirectory.java:analyzeStorage(246)) - The storage directory /workdir/hadoop-ozone/integration-test/target/test-dir/MiniOzoneClusterImpl-1546bc1a-6156-45ec-b38e-287b428d3c04/datanode-4/data/ratis/211d8137-798a-470b-b0e2-0cf5dfba2cec does not exist. Creating ...
2019-07-30 15:29:40,839 INFO  storage.RaftStorageDirectory (RaftStorageDirectory.java:tryLock(328)) - Lock on /workdir/hadoop-ozone/integration-test/target/test-dir/MiniOzoneClusterImpl-1546bc1a-6156-45ec-b38e-287b428d3c04/datanode-4/data/ratis/211d8137-798a-470b-b0e2-0cf5dfba2cec/in_use.lock acquired by nodename 13229@byscane-nightly-xg47r-921641087
2019-07-30 15:29:40,846 INFO  storage.RaftStorage (RaftStorage.java:format(72)) - Storage directory /workdir/hadoop-ozone/integration-test/target/test-dir/MiniOzoneClusterImpl-1546bc1a-6156-45ec-b38e-287b428d3c04/datanode-4/data/ratis/211d8137-798a-470b-b0e2-0cf5dfba2cec has been successfully formatted.
2019-07-30 15:29:40,846 INFO  ratis.ContainerStateMachine (ContainerStateMachine.java:loadSnapshot(213)) - group-0CF5DFBA2CEC: The snapshot info is null. Setting the last applied indexto:(t:0, i:~)
2019-07-30 15:29:40,847 INFO  server.RaftServerConfigKeys (ConfUtils.java:logGet(43)) - raft.server.leader.election.timeout = 120s (custom)
2019-07-30 15:29:40,847 INFO  server.RaftServerConfigKeys (ConfUtils.java:logGet(43)) - raft.server.log.use.memory = false (default)
2019-07-30 15:29:40,847 INFO  server.RaftServerConfigKeys (ConfUtils.java:logGet(43)) - raft.server.log.purge.gap = 1000000000 (custom)
2019-07-30 15:29:40,847 INFO  server.RaftServerConfigKeys (ConfUtils.java:logGet(43)) - raft.server.log.appender.buffer.byte-limit = 33554432 (custom)
2019-07-30 15:29:40,847 INFO  server.RaftServerConfigKeys (ConfUtils.java:logGet(43)) - raft.server.log.segment.size.max = 1048576 (custom)
2019-07-30 15:29:40,848 INFO  server.RaftServerConfigKeys (ConfUtils.java:logGet(43)) - raft.server.log.segment.cache.num.max = 2 (custom)
2019-07-30 15:29:40,848 INFO  segmented.SegmentedRaftLogWorker (SegmentedRaftLogWorker.java:<init>(172)) - new 3ff6c92b-625e-401e-aa98-18d4fffcc363-SegmentedRaftLogWorker:Storage Directory /workdir/hadoop-ozone/integration-test/target/test-dir/MiniOzoneClusterImpl-1546bc1a-6156-45ec-b38e-287b428d3c04/datanode-4/data/ratis/211d8137-798a-470b-b0e2-0cf5dfba2cec for RaftStorage:Storage Directory /workdir/hadoop-ozone/integration-test/target/test-dir/MiniOzoneClusterImpl-1546bc1a-6156-45ec-b38e-287b428d3c04/datanode-4/data/ratis/211d8137-798a-470b-b0e2-0cf5dfba2cec
2019-07-30 15:29:40,848 INFO  server.RaftServerConfigKeys (ConfUtils.java:logGet(43)) - raft.server.log.queue.byte-limit = 2147483647 (custom)
2019-07-30 15:29:40,848 INFO  server.RaftServerConfigKeys (ConfUtils.java:logGet(43)) - raft.server.log.queue.element-limit = 1024 (custom)
2019-07-30 15:29:40,849 INFO  server.RaftServerConfigKeys (ConfUtils.java:logGet(43)) - raft.server.log.segment.size.max = 1048576 (custom)
2019-07-30 15:29:40,849 INFO  server.RaftServerConfigKeys (ConfUtils.java:logGet(43)) - raft.server.log.preallocated.size = 16384 (custom)
2019-07-30 15:29:40,849 INFO  server.RaftServerConfigKeys (ConfUtils.java:logGet(43)) - raft.server.log.write.buffer.size = 33554432 (custom)
2019-07-30 15:29:40,849 INFO  server.RaftServerConfigKeys (ConfUtils.java:logGet(43)) - raft.server.log.force.sync.num = 128 (default)
2019-07-30 15:29:40,849 INFO  server.RaftServerConfigKeys (ConfUtils.java:logGet(43)) - raft.server.log.statemachine.data.sync = true (default)
2019-07-30 15:29:40,849 INFO  server.RaftServerConfigKeys (ConfUtils.java:logGet(43)) - raft.server.log.statemachine.data.sync.timeout = 10s (default)
2019-07-30 15:29:40,850 INFO  server.RaftServerConfigKeys (ConfUtils.java:logGet(43)) - raft.server.log.statemachine.data.sync.timeout.retry = -1 (default)
2019-07-30 15:29:40,850 INFO  server.RaftServerConfigKeys (ConfUtils.java:logGet(43)) - raft.server.log.statemachine.data.caching.enabled = true (custom)
2019-07-30 15:29:40,850 INFO  segmented.SegmentedRaftLogWorker (SegmentedRaftLogWorker.java:lambda$new$0(132)) - 3ff6c92b-625e-401e-aa98-18d4fffcc363-SegmentedRaftLogWorker:Storage Directory /workdir/hadoop-ozone/integration-test/target/test-dir/MiniOzoneClusterImpl-1546bc1a-6156-45ec-b38e-287b428d3c04/datanode-4/data/ratis/211d8137-798a-470b-b0e2-0cf5dfba2cec: flushIndex: setUnconditionally 0 -> -1
2019-07-30 15:29:40,851 INFO  server.RaftServerConfigKeys (ConfUtils.java:logGet(43)) - raft.server.snapshot.auto.trigger.enabled = true (custom)
2019-07-30 15:29:40,851 INFO  server.RaftServerConfigKeys (ConfUtils.java:logGet(43)) - raft.server.snapshot.auto.trigger.threshold = 10000 (custom)
2019-07-30 15:29:40,851 INFO  server.RaftServerConfigKeys (ConfUtils.java:logGet(43)) - raft.server.retrycache.expirytime = 600000ms (custom)
2019-07-30 15:29:40,851 INFO  impl.RaftServerImpl (RaftServerImpl.java:start(180)) - 3ff6c92b-625e-401e-aa98-18d4fffcc363: start group-0CF5DFBA2CEC
2019-07-30 15:29:40,852 INFO  impl.RaftServerImpl (RaftServerImpl.java:setRole(171)) - 3ff6c92b-625e-401e-aa98-18d4fffcc363:group-0CF5DFBA2CEC changes role from null to FOLLOWER at term 0 for startAsFollower
2019-07-30 15:29:40,852 INFO  impl.RoleInfo (RoleInfo.java:updateAndGet(143)) - 3ff6c92b-625e-401e-aa98-18d4fffcc363: start FollowerState
2019-07-30 15:29:40,852 INFO  util.JmxRegister (JmxRegister.java:tryRegister(44)) - Successfully registered JMX Bean with object name Ratis:service=RaftServer,group=group-0CF5DFBA2CEC,id=3ff6c92b-625e-401e-aa98-18d4fffcc363
2019-07-30 15:29:40,863 INFO  pipeline.PipelineStateManager (PipelineStateManager.java:addPipeline(56)) - Created pipeline Pipeline[ Id: 211d8137-798a-470b-b0e2-0cf5dfba2cec, Nodes: 3ff6c92b-625e-401e-aa98-18d4fffcc363{ip: 192.168.5.170, host: byscane-nightly-xg47r-921641087, networkLocation: /default-rack, certSerialId: null}, Type:RATIS, Factor:ONE, State:OPEN]
2019-07-30 15:29:40,894 INFO  impl.RaftServerProxy (RaftServerProxy.java:addNew(89)) - 51811804-40f4-47bd-bce5-53715d2336ea: addNew group-6E17F51B08AF:[49a0e113-d55f-41ab-a95d-96aa5e340106:192.168.5.170:43908, 5cbc2b48-1ae5-4af6-b371-e8e3a42e7f9a:192.168.5.170:36443, 51811804-40f4-47bd-bce5-53715d2336ea:192.168.5.170:43461] returns group-6E17F51B08AF:java.util.concurrent.CompletableFuture@6eb28a6b[Not completed]
2019-07-30 15:29:40,897 INFO  impl.RaftServerProxy (RaftServerProxy.java:addNew(89)) - 49a0e113-d55f-41ab-a95d-96aa5e340106: addNew group-6E17F51B08AF:[49a0e113-d55f-41ab-a95d-96aa5e340106:192.168.5.170:43908, 5cbc2b48-1ae5-4af6-b371-e8e3a42e7f9a:192.168.5.170:36443, 51811804-40f4-47bd-bce5-53715d2336ea:192.168.5.170:43461] returns group-6E17F51B08AF:java.util.concurrent.CompletableFuture@2bb019d9[Not completed]
2019-07-30 15:29:40,897 INFO  impl.RaftServerProxy (RaftServerProxy.java:addNew(89)) - 5cbc2b48-1ae5-4af6-b371-e8e3a42e7f9a: addNew group-6E17F51B08AF:[49a0e113-d55f-41ab-a95d-96aa5e340106:192.168.5.170:43908, 5cbc2b48-1ae5-4af6-b371-e8e3a42e7f9a:192.168.5.170:36443, 51811804-40f4-47bd-bce5-53715d2336ea:192.168.5.170:43461] returns group-6E17F51B08AF:java.util.concurrent.CompletableFuture@63b1aa8e[Not completed]
2019-07-30 15:29:40,897 INFO  impl.RaftServerImpl (RaftServerImpl.java:<init>(93)) - 51811804-40f4-47bd-bce5-53715d2336ea: new RaftServerImpl for group-6E17F51B08AF:[49a0e113-d55f-41ab-a95d-96aa5e340106:192.168.5.170:43908, 5cbc2b48-1ae5-4af6-b371-e8e3a42e7f9a:192.168.5.170:36443, 51811804-40f4-47bd-bce5-53715d2336ea:192.168.5.170:43461] with ContainerStateMachine:uninitialized
2019-07-30 15:29:40,897 INFO  server.RaftServerConfigKeys (ConfUtils.java:logGet(43)) - raft.server.rpc.timeout.min = 5s (custom)
2019-07-30 15:29:40,898 INFO  server.RaftServerConfigKeys (ConfUtils.java:logGet(43)) - raft.server.rpc.timeout.max = 5200ms (custom)
2019-07-30 15:29:40,898 INFO  server.RaftServerConfigKeys (ConfUtils.java:logGet(43)) - raft.server.rpcslowness.timeout = 120s (custom)
2019-07-30 15:29:40,898 INFO  impl.RaftServerImpl (RaftServerImpl.java:<init>(93)) - 49a0e113-d55f-41ab-a95d-96aa5e340106: new RaftServerImpl for group-6E17F51B08AF:[49a0e113-d55f-41ab-a95d-96aa5e340106:192.168.5.170:43908, 5cbc2b48-1ae5-4af6-b371-e8e3a42e7f9a:192.168.5.170:36443, 51811804-40f4-47bd-bce5-53715d2336ea:192.168.5.170:43461] with ContainerStateMachine:uninitialized
2019-07-30 15:29:40,898 INFO  server.RaftServerConfigKeys (ConfUtils.java:logGet(43)) - raft.server.sleep.deviation.threshold = 300 (default)
2019-07-30 15:29:40,898 INFO  server.RaftServerConfigKeys (ConfUtils.java:logGet(43)) - raft.server.rpc.timeout.min = 5s (custom)
2019-07-30 15:29:40,898 INFO  server.RaftServerConfigKeys (ConfUtils.java:logGet(43)) - raft.server.log.appender.install.snapshot.enabled = false (custom)
2019-07-30 15:29:40,898 INFO  server.RaftServerConfigKeys (ConfUtils.java:logGet(43)) - raft.server.rpc.timeout.max = 5200ms (custom)
2019-07-30 15:29:40,898 INFO  impl.RaftServerImpl (ServerState.java:<init>(105)) - 51811804-40f4-47bd-bce5-53715d2336ea:group-6E17F51B08AF ConfigurationManager, init=-1: [49a0e113-d55f-41ab-a95d-96aa5e340106:192.168.5.170:43908, 5cbc2b48-1ae5-4af6-b371-e8e3a42e7f9a:192.168.5.170:36443, 51811804-40f4-47bd-bce5-53715d2336ea:192.168.5.170:43461], old=null, confs=<EMPTY_MAP>
2019-07-30 15:29:40,898 INFO  server.RaftServerConfigKeys (ConfUtils.java:logGet(43)) - raft.server.rpcslowness.timeout = 120s (custom)
2019-07-30 15:29:40,899 INFO  server.RaftServerConfigKeys (ConfUtils.java:logGet(43)) - raft.server.sleep.deviation.threshold = 300 (default)
2019-07-30 15:29:40,899 INFO  server.RaftServerConfigKeys (ConfUtils.java:logGet(43)) - raft.server.storage.dir = [/workdir/hadoop-ozone/integration-test/target/test-dir/MiniOzoneClusterImpl-1546bc1a-6156-45ec-b38e-287b428d3c04/datanode-3/data/ratis] (custom)
2019-07-30 15:29:40,899 INFO  impl.RaftServerImpl (RaftServerImpl.java:<init>(93)) - 5cbc2b48-1ae5-4af6-b371-e8e3a42e7f9a: new RaftServerImpl for group-6E17F51B08AF:[49a0e113-d55f-41ab-a95d-96aa5e340106:192.168.5.170:43908, 5cbc2b48-1ae5-4af6-b371-e8e3a42e7f9a:192.168.5.170:36443, 51811804-40f4-47bd-bce5-53715d2336ea:192.168.5.170:43461] with ContainerStateMachine:uninitialized
2019-07-30 15:29:40,899 INFO  server.RaftServerConfigKeys (ConfUtils.java:logGet(43)) - raft.server.log.appender.install.snapshot.enabled = false (custom)
2019-07-30 15:29:40,899 INFO  server.RaftServerConfigKeys (ConfUtils.java:logGet(43)) - raft.server.rpc.timeout.min = 5s (custom)
2019-07-30 15:29:40,899 INFO  storage.RaftStorageDirectory (RaftStorageDirectory.java:analyzeStorage(246)) - The storage directory /workdir/hadoop-ozone/integration-test/target/test-dir/MiniOzoneClusterImpl-1546bc1a-6156-45ec-b38e-287b428d3c04/datanode-3/data/ratis/651195f5-1773-494e-9aea-6e17f51b08af does not exist. Creating ...
2019-07-30 15:29:40,899 INFO  impl.RaftServerImpl (ServerState.java:<init>(105)) - 49a0e113-d55f-41ab-a95d-96aa5e340106:group-6E17F51B08AF ConfigurationManager, init=-1: [49a0e113-d55f-41ab-a95d-96aa5e340106:192.168.5.170:43908, 5cbc2b48-1ae5-4af6-b371-e8e3a42e7f9a:192.168.5.170:36443, 51811804-40f4-47bd-bce5-53715d2336ea:192.168.5.170:43461], old=null, confs=<EMPTY_MAP>
2019-07-30 15:29:40,899 INFO  server.RaftServerConfigKeys (ConfUtils.java:logGet(43)) - raft.server.rpc.timeout.max = 5200ms (custom)
2019-07-30 15:29:40,899 INFO  server.RaftServerConfigKeys (ConfUtils.java:logGet(43)) - raft.server.storage.dir = [/workdir/hadoop-ozone/integration-test/target/test-dir/MiniOzoneClusterImpl-1546bc1a-6156-45ec-b38e-287b428d3c04/datanode-2/data/ratis] (custom)
2019-07-30 15:29:40,900 INFO  server.RaftServerConfigKeys (ConfUtils.java:logGet(43)) - raft.server.rpcslowness.timeout = 120s (custom)
2019-07-30 15:29:40,900 INFO  server.RaftServerConfigKeys (ConfUtils.java:logGet(43)) - raft.server.sleep.deviation.threshold = 300 (default)
2019-07-30 15:29:40,900 INFO  storage.RaftStorageDirectory (RaftStorageDirectory.java:analyzeStorage(246)) - The storage directory /workdir/hadoop-ozone/integration-test/target/test-dir/MiniOzoneClusterImpl-1546bc1a-6156-45ec-b38e-287b428d3c04/datanode-2/data/ratis/651195f5-1773-494e-9aea-6e17f51b08af does not exist. Creating ...
2019-07-30 15:29:40,900 INFO  server.RaftServerConfigKeys (ConfUtils.java:logGet(43)) - raft.server.log.appender.install.snapshot.enabled = false (custom)
2019-07-30 15:29:40,900 INFO  impl.RaftServerImpl (ServerState.java:<init>(105)) - 5cbc2b48-1ae5-4af6-b371-e8e3a42e7f9a:group-6E17F51B08AF ConfigurationManager, init=-1: [49a0e113-d55f-41ab-a95d-96aa5e340106:192.168.5.170:43908, 5cbc2b48-1ae5-4af6-b371-e8e3a42e7f9a:192.168.5.170:36443, 51811804-40f4-47bd-bce5-53715d2336ea:192.168.5.170:43461], old=null, confs=<EMPTY_MAP>
2019-07-30 15:29:40,900 INFO  server.RaftServerConfigKeys (ConfUtils.java:logGet(43)) - raft.server.storage.dir = [/workdir/hadoop-ozone/integration-test/target/test-dir/MiniOzoneClusterImpl-1546bc1a-6156-45ec-b38e-287b428d3c04/datanode-1/data/ratis] (custom)
2019-07-30 15:29:40,901 INFO  storage.RaftStorageDirectory (RaftStorageDirectory.java:analyzeStorage(246)) - The storage directory /workdir/hadoop-ozone/integration-test/target/test-dir/MiniOzoneClusterImpl-1546bc1a-6156-45ec-b38e-287b428d3c04/datanode-1/data/ratis/651195f5-1773-494e-9aea-6e17f51b08af does not exist. Creating ...
2019-07-30 15:29:40,904 INFO  storage.RaftStorageDirectory (RaftStorageDirectory.java:tryLock(328)) - Lock on /workdir/hadoop-ozone/integration-test/target/test-dir/MiniOzoneClusterImpl-1546bc1a-6156-45ec-b38e-287b428d3c04/datanode-2/data/ratis/651195f5-1773-494e-9aea-6e17f51b08af/in_use.lock acquired by nodename 13229@byscane-nightly-xg47r-921641087
2019-07-30 15:29:40,904 INFO  storage.RaftStorageDirectory (RaftStorageDirectory.java:tryLock(328)) - Lock on /workdir/hadoop-ozone/integration-test/target/test-dir/MiniOzoneClusterImpl-1546bc1a-6156-45ec-b38e-287b428d3c04/datanode-3/data/ratis/651195f5-1773-494e-9aea-6e17f51b08af/in_use.lock acquired by nodename 13229@byscane-nightly-xg47r-921641087
2019-07-30 15:29:40,904 INFO  storage.RaftStorageDirectory (RaftStorageDirectory.java:tryLock(328)) - Lock on /workdir/hadoop-ozone/integration-test/target/test-dir/MiniOzoneClusterImpl-1546bc1a-6156-45ec-b38e-287b428d3c04/datanode-1/data/ratis/651195f5-1773-494e-9aea-6e17f51b08af/in_use.lock acquired by nodename 13229@byscane-nightly-xg47r-921641087
2019-07-30 15:29:40,917 INFO  storage.RaftStorage (RaftStorage.java:format(72)) - Storage directory /workdir/hadoop-ozone/integration-test/target/test-dir/MiniOzoneClusterImpl-1546bc1a-6156-45ec-b38e-287b428d3c04/datanode-3/data/ratis/651195f5-1773-494e-9aea-6e17f51b08af has been successfully formatted.
2019-07-30 15:29:40,917 INFO  storage.RaftStorage (RaftStorage.java:format(72)) - Storage directory /workdir/hadoop-ozone/integration-test/target/test-dir/MiniOzoneClusterImpl-1546bc1a-6156-45ec-b38e-287b428d3c04/datanode-2/data/ratis/651195f5-1773-494e-9aea-6e17f51b08af has been successfully formatted.
2019-07-30 15:29:40,917 INFO  storage.RaftStorage (RaftStorage.java:format(72)) - Storage directory /workdir/hadoop-ozone/integration-test/target/test-dir/MiniOzoneClusterImpl-1546bc1a-6156-45ec-b38e-287b428d3c04/datanode-1/data/ratis/651195f5-1773-494e-9aea-6e17f51b08af has been successfully formatted.
2019-07-30 15:29:40,917 INFO  ratis.ContainerStateMachine (ContainerStateMachine.java:loadSnapshot(213)) - group-6E17F51B08AF: The snapshot info is null. Setting the last applied indexto:(t:0, i:~)
2019-07-30 15:29:40,917 INFO  ratis.ContainerStateMachine (ContainerStateMachine.java:loadSnapshot(213)) - group-6E17F51B08AF: The snapshot info is null. Setting the last applied indexto:(t:0, i:~)
2019-07-30 15:29:40,917 INFO  server.RaftServerConfigKeys (ConfUtils.java:logGet(43)) - raft.server.leader.election.timeout = 120s (custom)
2019-07-30 15:29:40,917 INFO  ratis.ContainerStateMachine (ContainerStateMachine.java:loadSnapshot(213)) - group-6E17F51B08AF: The snapshot info is null. Setting the last applied indexto:(t:0, i:~)
2019-07-30 15:29:40,917 INFO  server.RaftServerConfigKeys (ConfUtils.java:logGet(43)) - raft.server.log.use.memory = false (default)
2019-07-30 15:29:40,917 INFO  server.RaftServerConfigKeys (ConfUtils.java:logGet(43)) - raft.server.leader.election.timeout = 120s (custom)
2019-07-30 15:29:40,918 INFO  server.RaftServerConfigKeys (ConfUtils.java:logGet(43)) - raft.server.log.purge.gap = 1000000000 (custom)
2019-07-30 15:29:40,918 INFO  server.RaftServerConfigKeys (ConfUtils.java:logGet(43)) - raft.server.leader.election.timeout = 120s (custom)
2019-07-30 15:29:40,918 INFO  server.RaftServerConfigKeys (ConfUtils.java:logGet(43)) - raft.server.log.appender.buffer.byte-limit = 33554432 (custom)
2019-07-30 15:29:40,918 INFO  server.RaftServerConfigKeys (ConfUtils.java:logGet(43)) - raft.server.log.use.memory = false (default)
2019-07-30 15:29:40,918 INFO  server.RaftServerConfigKeys (ConfUtils.java:logGet(43)) - raft.server.log.segment.size.max = 1048576 (custom)
2019-07-30 15:29:40,918 INFO  server.RaftServerConfigKeys (ConfUtils.java:logGet(43)) - raft.server.log.use.memory = false (default)
2019-07-30 15:29:40,918 INFO  server.RaftServerConfigKeys (ConfUtils.java:logGet(43)) - raft.server.log.segment.cache.num.max = 2 (custom)
2019-07-30 15:29:40,918 INFO  server.RaftServerConfigKeys (ConfUtils.java:logGet(43)) - raft.server.log.purge.gap = 1000000000 (custom)
2019-07-30 15:29:40,919 INFO  segmented.SegmentedRaftLogWorker (SegmentedRaftLogWorker.java:<init>(172)) - new 51811804-40f4-47bd-bce5-53715d2336ea-SegmentedRaftLogWorker:Storage Directory /workdir/hadoop-ozone/integration-test/target/test-dir/MiniOzoneClusterImpl-1546bc1a-6156-45ec-b38e-287b428d3c04/datanode-3/data/ratis/651195f5-1773-494e-9aea-6e17f51b08af for RaftStorage:Storage Directory /workdir/hadoop-ozone/integration-test/target/test-dir/MiniOzoneClusterImpl-1546bc1a-6156-45ec-b38e-287b428d3c04/datanode-3/data/ratis/651195f5-1773-494e-9aea-6e17f51b08af
2019-07-30 15:29:40,919 INFO  server.RaftServerConfigKeys (ConfUtils.java:logGet(43)) - raft.server.log.purge.gap = 1000000000 (custom)
2019-07-30 15:29:40,919 INFO  server.RaftServerConfigKeys (ConfUtils.java:logGet(43)) - raft.server.log.queue.byte-limit = 2147483647 (custom)
2019-07-30 15:29:40,919 INFO  server.RaftServerConfigKeys (ConfUtils.java:logGet(43)) - raft.server.log.appender.buffer.byte-limit = 33554432 (custom)
2019-07-30 15:29:40,921 INFO  server.RaftServerConfigKeys (ConfUtils.java:logGet(43)) - raft.server.log.queue.element-limit = 1024 (custom)
2019-07-30 15:29:40,921 INFO  server.RaftServerConfigKeys (ConfUtils.java:logGet(43)) - raft.server.log.appender.buffer.byte-limit = 33554432 (custom)
2019-07-30 15:29:40,921 INFO  server.RaftServerConfigKeys (ConfUtils.java:logGet(43)) - raft.server.log.segment.size.max = 1048576 (custom)
2019-07-30 15:29:40,921 INFO  server.RaftServerConfigKeys (ConfUtils.java:logGet(43)) - raft.server.log.segment.size.max = 1048576 (custom)
2019-07-30 15:29:40,921 INFO  server.RaftServerConfigKeys (ConfUtils.java:logGet(43)) - raft.server.log.preallocated.size = 16384 (custom)
2019-07-30 15:29:40,921 INFO  server.RaftServerConfigKeys (ConfUtils.java:logGet(43)) - raft.server.log.segment.size.max = 1048576 (custom)
2019-07-30 15:29:40,922 INFO  server.RaftServerConfigKeys (ConfUtils.java:logGet(43)) - raft.server.log.write.buffer.size = 33554432 (custom)
2019-07-30 15:29:40,921 INFO  server.RaftServerConfigKeys (ConfUtils.java:logGet(43)) - raft.server.log.segment.cache.num.max = 2 (custom)
2019-07-30 15:29:40,922 INFO  server.RaftServerConfigKeys (ConfUtils.java:logGet(43)) - raft.server.log.force.sync.num = 128 (default)
2019-07-30 15:29:40,922 INFO  server.RaftServerConfigKeys (ConfUtils.java:logGet(43)) - raft.server.log.segment.cache.num.max = 2 (custom)
2019-07-30 15:29:40,922 INFO  server.RaftServerConfigKeys (ConfUtils.java:logGet(43)) - raft.server.log.statemachine.data.sync = true (default)
2019-07-30 15:29:40,922 INFO  segmented.SegmentedRaftLogWorker (SegmentedRaftLogWorker.java:<init>(172)) - new 49a0e113-d55f-41ab-a95d-96aa5e340106-SegmentedRaftLogWorker:Storage Directory /workdir/hadoop-ozone/integration-test/target/test-dir/MiniOzoneClusterImpl-1546bc1a-6156-45ec-b38e-287b428d3c04/datanode-2/data/ratis/651195f5-1773-494e-9aea-6e17f51b08af for RaftStorage:Storage Directory /workdir/hadoop-ozone/integration-test/target/test-dir/MiniOzoneClusterImpl-1546bc1a-6156-45ec-b38e-287b428d3c04/datanode-2/data/ratis/651195f5-1773-494e-9aea-6e17f51b08af
2019-07-30 15:29:40,922 INFO  server.RaftServerConfigKeys (ConfUtils.java:logGet(43)) - raft.server.log.statemachine.data.sync.timeout = 10s (default)
2019-07-30 15:29:40,922 INFO  segmented.SegmentedRaftLogWorker (SegmentedRaftLogWorker.java:<init>(172)) - new 5cbc2b48-1ae5-4af6-b371-e8e3a42e7f9a-SegmentedRaftLogWorker:Storage Directory /workdir/hadoop-ozone/integration-test/target/test-dir/MiniOzoneClusterImpl-1546bc1a-6156-45ec-b38e-287b428d3c04/datanode-1/data/ratis/651195f5-1773-494e-9aea-6e17f51b08af for RaftStorage:Storage Directory /workdir/hadoop-ozone/integration-test/target/test-dir/MiniOzoneClusterImpl-1546bc1a-6156-45ec-b38e-287b428d3c04/datanode-1/data/ratis/651195f5-1773-494e-9aea-6e17f51b08af
2019-07-30 15:29:40,924 INFO  server.RaftServerConfigKeys (ConfUtils.java:logGet(43)) - raft.server.log.statemachine.data.sync.timeout.retry = -1 (default)
2019-07-30 15:29:40,922 INFO  server.RaftServerConfigKeys (ConfUtils.java:logGet(43)) - raft.server.log.queue.byte-limit = 2147483647 (custom)
2019-07-30 15:29:40,925 INFO  server.RaftServerConfigKeys (ConfUtils.java:logGet(43)) - raft.server.log.statemachine.data.caching.enabled = true (custom)
2019-07-30 15:29:40,924 INFO  server.RaftServerConfigKeys (ConfUtils.java:logGet(43)) - raft.server.log.queue.byte-limit = 2147483647 (custom)
2019-07-30 15:29:40,925 INFO  server.RaftServerConfigKeys (ConfUtils.java:logGet(43)) - raft.server.log.queue.element-limit = 1024 (custom)
2019-07-30 15:29:40,926 INFO  server.RaftServerConfigKeys (ConfUtils.java:logGet(43)) - raft.server.log.queue.element-limit = 1024 (custom)
2019-07-30 15:29:40,926 INFO  segmented.SegmentedRaftLogWorker (SegmentedRaftLogWorker.java:lambda$new$0(132)) - 51811804-40f4-47bd-bce5-53715d2336ea-SegmentedRaftLogWorker:Storage Directory /workdir/hadoop-ozone/integration-test/target/test-dir/MiniOzoneClusterImpl-1546bc1a-6156-45ec-b38e-287b428d3c04/datanode-3/data/ratis/651195f5-1773-494e-9aea-6e17f51b08af: flushIndex: setUnconditionally 0 -> -1
2019-07-30 15:29:40,926 INFO  server.RaftServerConfigKeys (ConfUtils.java:logGet(43)) - raft.server.log.segment.size.max = 1048576 (custom)
2019-07-30 15:29:40,926 INFO  server.RaftServerConfigKeys (ConfUtils.java:logGet(43)) - raft.server.log.segment.size.max = 1048576 (custom)
2019-07-30 15:29:40,926 INFO  server.RaftServerConfigKeys (ConfUtils.java:logGet(43)) - raft.server.snapshot.auto.trigger.enabled = true (custom)
2019-07-30 15:29:40,926 INFO  server.RaftServerConfigKeys (ConfUtils.java:logGet(43)) - raft.server.log.preallocated.size = 16384 (custom)
2019-07-30 15:29:40,926 INFO  server.RaftServerConfigKeys (ConfUtils.java:logGet(43)) - raft.server.snapshot.auto.trigger.threshold = 10000 (custom)
2019-07-30 15:29:40,926 INFO  server.RaftServerConfigKeys (ConfUtils.java:logGet(43)) - raft.server.log.preallocated.size = 16384 (custom)
2019-07-30 15:29:40,927 INFO  server.RaftServerConfigKeys (ConfUtils.java:logGet(43)) - raft.server.retrycache.expirytime = 600000ms (custom)
2019-07-30 15:29:40,927 INFO  server.RaftServerConfigKeys (ConfUtils.java:logGet(43)) - raft.server.log.write.buffer.size = 33554432 (custom)
2019-07-30 15:29:40,927 INFO  impl.RaftServerImpl (RaftServerImpl.java:start(180)) - 51811804-40f4-47bd-bce5-53715d2336ea: start group-6E17F51B08AF
2019-07-30 15:29:40,927 INFO  server.RaftServerConfigKeys (ConfUtils.java:logGet(43)) - raft.server.log.write.buffer.size = 33554432 (custom)
2019-07-30 15:29:40,927 INFO  impl.RaftServerImpl (RaftServerImpl.java:setRole(171)) - 51811804-40f4-47bd-bce5-53715d2336ea:group-6E17F51B08AF changes role from null to FOLLOWER at term 0 for startAsFollower
2019-07-30 15:29:40,927 INFO  server.RaftServerConfigKeys (ConfUtils.java:logGet(43)) - raft.server.log.force.sync.num = 128 (default)
2019-07-30 15:29:40,927 INFO  impl.RoleInfo (RoleInfo.java:updateAndGet(143)) - 51811804-40f4-47bd-bce5-53715d2336ea: start FollowerState
2019-07-30 15:29:40,927 INFO  server.RaftServerConfigKeys (ConfUtils.java:logGet(43)) - raft.server.log.force.sync.num = 128 (default)
2019-07-30 15:29:40,927 INFO  server.RaftServerConfigKeys (ConfUtils.java:logGet(43)) - raft.server.log.statemachine.data.sync = true (default)
2019-07-30 15:29:40,928 INFO  server.RaftServerConfigKeys (ConfUtils.java:logGet(43)) - raft.server.log.statemachine.data.sync = true (default)
2019-07-30 15:29:40,928 INFO  server.RaftServerConfigKeys (ConfUtils.java:logGet(43)) - raft.server.log.statemachine.data.sync.timeout = 10s (default)
2019-07-30 15:29:40,928 INFO  util.JmxRegister (JmxRegister.java:tryRegister(44)) - Successfully registered JMX Bean with object name Ratis:service=RaftServer,group=group-6E17F51B08AF,id=51811804-40f4-47bd-bce5-53715d2336ea
2019-07-30 15:29:40,928 INFO  server.RaftServerConfigKeys (ConfUtils.java:logGet(43)) - raft.server.log.statemachine.data.sync.timeout.retry = -1 (default)
2019-07-30 15:29:40,928 INFO  server.RaftServerConfigKeys (ConfUtils.java:logGet(43)) - raft.server.log.statemachine.data.sync.timeout = 10s (default)
2019-07-30 15:29:40,928 INFO  server.RaftServerConfigKeys (ConfUtils.java:logGet(43)) - raft.server.log.statemachine.data.caching.enabled = true (custom)
2019-07-30 15:29:40,928 INFO  server.RaftServerConfigKeys (ConfUtils.java:logGet(43)) - raft.server.log.statemachine.data.sync.timeout.retry = -1 (default)
2019-07-30 15:29:40,929 INFO  segmented.SegmentedRaftLogWorker (SegmentedRaftLogWorker.java:lambda$new$0(132)) - 5cbc2b48-1ae5-4af6-b371-e8e3a42e7f9a-SegmentedRaftLogWorker:Storage Directory /workdir/hadoop-ozone/integration-test/target/test-dir/MiniOzoneClusterImpl-1546bc1a-6156-45ec-b38e-287b428d3c04/datanode-1/data/ratis/651195f5-1773-494e-9aea-6e17f51b08af: flushIndex: setUnconditionally 0 -> -1
2019-07-30 15:29:40,929 INFO  server.RaftServerConfigKeys (ConfUtils.java:logGet(43)) - raft.server.log.statemachine.data.caching.enabled = true (custom)
2019-07-30 15:29:40,929 INFO  server.RaftServerConfigKeys (ConfUtils.java:logGet(43)) - raft.server.snapshot.auto.trigger.enabled = true (custom)
2019-07-30 15:29:40,929 INFO  server.RaftServerConfigKeys (ConfUtils.java:logGet(43)) - raft.server.snapshot.auto.trigger.threshold = 10000 (custom)
2019-07-30 15:29:40,929 INFO  segmented.SegmentedRaftLogWorker (SegmentedRaftLogWorker.java:lambda$new$0(132)) - 49a0e113-d55f-41ab-a95d-96aa5e340106-SegmentedRaftLogWorker:Storage Directory /workdir/hadoop-ozone/integration-test/target/test-dir/MiniOzoneClusterImpl-1546bc1a-6156-45ec-b38e-287b428d3c04/datanode-2/data/ratis/651195f5-1773-494e-9aea-6e17f51b08af: flushIndex: setUnconditionally 0 -> -1
2019-07-30 15:29:40,931 INFO  server.RaftServerConfigKeys (ConfUtils.java:logGet(43)) - raft.server.retrycache.expirytime = 600000ms (custom)
2019-07-30 15:29:40,931 INFO  server.RaftServerConfigKeys (ConfUtils.java:logGet(43)) - raft.server.snapshot.auto.trigger.enabled = true (custom)
2019-07-30 15:29:40,931 INFO  impl.RaftServerImpl (RaftServerImpl.java:start(180)) - 5cbc2b48-1ae5-4af6-b371-e8e3a42e7f9a: start group-6E17F51B08AF
2019-07-30 15:29:40,931 INFO  server.RaftServerConfigKeys (ConfUtils.java:logGet(43)) - raft.server.snapshot.auto.trigger.threshold = 10000 (custom)
2019-07-30 15:29:40,931 INFO  impl.RaftServerImpl (RaftServerImpl.java:setRole(171)) - 5cbc2b48-1ae5-4af6-b371-e8e3a42e7f9a:group-6E17F51B08AF changes role from null to FOLLOWER at term 0 for startAsFollower
2019-07-30 15:29:40,931 INFO  server.RaftServerConfigKeys (ConfUtils.java:logGet(43)) - raft.server.retrycache.expirytime = 600000ms (custom)
2019-07-30 15:29:40,931 INFO  impl.RoleInfo (RoleInfo.java:updateAndGet(143)) - 5cbc2b48-1ae5-4af6-b371-e8e3a42e7f9a: start FollowerState
2019-07-30 15:29:40,933 INFO  impl.RaftServerImpl (RaftServerImpl.java:start(180)) - 49a0e113-d55f-41ab-a95d-96aa5e340106: start group-6E17F51B08AF
2019-07-30 15:29:40,933 INFO  impl.RaftServerImpl (RaftServerImpl.java:setRole(171)) - 49a0e113-d55f-41ab-a95d-96aa5e340106:group-6E17F51B08AF changes role from null to FOLLOWER at term 0 for startAsFollower
2019-07-30 15:29:40,934 INFO  impl.RoleInfo (RoleInfo.java:updateAndGet(143)) - 49a0e113-d55f-41ab-a95d-96aa5e340106: start FollowerState
2019-07-30 15:29:40,936 INFO  util.JmxRegister (JmxRegister.java:tryRegister(44)) - Successfully registered JMX Bean with object name Ratis:service=RaftServer,group=group-6E17F51B08AF,id=5cbc2b48-1ae5-4af6-b371-e8e3a42e7f9a
2019-07-30 15:29:40,943 INFO  util.JmxRegister (JmxRegister.java:tryRegister(44)) - Successfully registered JMX Bean with object name Ratis:service=RaftServer,group=group-6E17F51B08AF,id=49a0e113-d55f-41ab-a95d-96aa5e340106
2019-07-30 15:29:40,963 INFO  pipeline.PipelineStateManager (PipelineStateManager.java:addPipeline(56)) - Created pipeline Pipeline[ Id: 651195f5-1773-494e-9aea-6e17f51b08af, Nodes: 5cbc2b48-1ae5-4af6-b371-e8e3a42e7f9a{ip: 192.168.5.170, host: byscane-nightly-xg47r-921641087, networkLocation: /default-rack, certSerialId: null}51811804-40f4-47bd-bce5-53715d2336ea{ip: 192.168.5.170, host: byscane-nightly-xg47r-921641087, networkLocation: /default-rack, certSerialId: null}49a0e113-d55f-41ab-a95d-96aa5e340106{ip: 192.168.5.170, host: byscane-nightly-xg47r-921641087, networkLocation: /default-rack, certSerialId: null}, Type:RATIS, Factor:THREE, State:OPEN]
2019-07-30 15:29:40,995 INFO  impl.RaftServerProxy (RaftServerProxy.java:addNew(89)) - 5b36f0a0-8a95-48d6-ad58-d56a2d3738c4: addNew group-B1D78C2F532D:[4e48bee2-5f87-4936-b5f2-20b01b2a2fc7:192.168.5.170:42247, 3ff6c92b-625e-401e-aa98-18d4fffcc363:192.168.5.170:45437, 5b36f0a0-8a95-48d6-ad58-d56a2d3738c4:192.168.5.170:38930] returns group-B1D78C2F532D:java.util.concurrent.CompletableFuture@13bcb067[Not completed]
2019-07-30 15:29:40,995 INFO  impl.RaftServerProxy (RaftServerProxy.java:addNew(89)) - 3ff6c92b-625e-401e-aa98-18d4fffcc363: addNew group-B1D78C2F532D:[4e48bee2-5f87-4936-b5f2-20b01b2a2fc7:192.168.5.170:42247, 3ff6c92b-625e-401e-aa98-18d4fffcc363:192.168.5.170:45437, 5b36f0a0-8a95-48d6-ad58-d56a2d3738c4:192.168.5.170:38930] returns group-B1D78C2F532D:java.util.concurrent.CompletableFuture@1a517574[Not completed]
2019-07-30 15:29:40,995 INFO  impl.RaftServerProxy (RaftServerProxy.java:addNew(89)) - 4e48bee2-5f87-4936-b5f2-20b01b2a2fc7: addNew group-B1D78C2F532D:[4e48bee2-5f87-4936-b5f2-20b01b2a2fc7:192.168.5.170:42247, 3ff6c92b-625e-401e-aa98-18d4fffcc363:192.168.5.170:45437, 5b36f0a0-8a95-48d6-ad58-d56a2d3738c4:192.168.5.170:38930] returns group-B1D78C2F532D:java.util.concurrent.CompletableFuture@1ece7a92[Not completed]
2019-07-30 15:29:40,999 INFO  impl.RaftServerImpl (RaftServerImpl.java:<init>(93)) - 5b36f0a0-8a95-48d6-ad58-d56a2d3738c4: new RaftServerImpl for group-B1D78C2F532D:[4e48bee2-5f87-4936-b5f2-20b01b2a2fc7:192.168.5.170:42247, 3ff6c92b-625e-401e-aa98-18d4fffcc363:192.168.5.170:45437, 5b36f0a0-8a95-48d6-ad58-d56a2d3738c4:192.168.5.170:38930] with ContainerStateMachine:uninitialized
2019-07-30 15:29:40,999 INFO  server.RaftServerConfigKeys (ConfUtils.java:logGet(43)) - raft.server.rpc.timeout.min = 5s (custom)
2019-07-30 15:29:40,999 INFO  server.RaftServerConfigKeys (ConfUtils.java:logGet(43)) - raft.server.rpc.timeout.max = 5200ms (custom)
2019-07-30 15:29:40,999 INFO  server.RaftServerConfigKeys (ConfUtils.java:logGet(43)) - raft.server.rpcslowness.timeout = 120s (custom)
2019-07-30 15:29:40,999 INFO  server.RaftServerConfigKeys (ConfUtils.java:logGet(43)) - raft.server.sleep.deviation.threshold = 300 (default)
2019-07-30 15:29:40,999 INFO  server.RaftServerConfigKeys (ConfUtils.java:logGet(43)) - raft.server.log.appender.install.snapshot.enabled = false (custom)
2019-07-30 15:29:41,000 INFO  impl.RaftServerImpl (RaftServerImpl.java:<init>(93)) - 4e48bee2-5f87-4936-b5f2-20b01b2a2fc7: new RaftServerImpl for group-B1D78C2F532D:[4e48bee2-5f87-4936-b5f2-20b01b2a2fc7:192.168.5.170:42247, 3ff6c92b-625e-401e-aa98-18d4fffcc363:192.168.5.170:45437, 5b36f0a0-8a95-48d6-ad58-d56a2d3738c4:192.168.5.170:38930] with ContainerStateMachine:uninitialized
2019-07-30 15:29:41,000 INFO  impl.RaftServerImpl (ServerState.java:<init>(105)) - 5b36f0a0-8a95-48d6-ad58-d56a2d3738c4:group-B1D78C2F532D ConfigurationManager, init=-1: [4e48bee2-5f87-4936-b5f2-20b01b2a2fc7:192.168.5.170:42247, 3ff6c92b-625e-401e-aa98-18d4fffcc363:192.168.5.170:45437, 5b36f0a0-8a95-48d6-ad58-d56a2d3738c4:192.168.5.170:38930], old=null, confs=<EMPTY_MAP>
2019-07-30 15:29:41,000 INFO  server.RaftServerConfigKeys (ConfUtils.java:logGet(43)) - raft.server.rpc.timeout.min = 5s (custom)
2019-07-30 15:29:41,000 INFO  impl.RaftServerImpl (RaftServerImpl.java:<init>(93)) - 3ff6c92b-625e-401e-aa98-18d4fffcc363: new RaftServerImpl for group-B1D78C2F532D:[4e48bee2-5f87-4936-b5f2-20b01b2a2fc7:192.168.5.170:42247, 3ff6c92b-625e-401e-aa98-18d4fffcc363:192.168.5.170:45437, 5b36f0a0-8a95-48d6-ad58-d56a2d3738c4:192.168.5.170:38930] with ContainerStateMachine:uninitialized
2019-07-30 15:29:41,000 INFO  server.RaftServerConfigKeys (ConfUtils.java:logGet(43)) - raft.server.rpc.timeout.max = 5200ms (custom)
2019-07-30 15:29:41,000 INFO  server.RaftServerConfigKeys (ConfUtils.java:logGet(43)) - raft.server.storage.dir = [/workdir/hadoop-ozone/integration-test/target/test-dir/MiniOzoneClusterImpl-1546bc1a-6156-45ec-b38e-287b428d3c04/datanode-0/data/ratis] (custom)
2019-07-30 15:29:41,001 INFO  server.RaftServerConfigKeys (ConfUtils.java:logGet(43)) - raft.server.rpcslowness.timeout = 120s (custom)
2019-07-30 15:29:41,000 INFO  server.RaftServerConfigKeys (ConfUtils.java:logGet(43)) - raft.server.rpc.timeout.min = 5s (custom)
2019-07-30 15:29:41,001 INFO  server.RaftServerConfigKeys (ConfUtils.java:logGet(43)) - raft.server.sleep.deviation.threshold = 300 (default)
2019-07-30 15:29:41,001 INFO  server.RaftServerConfigKeys (ConfUtils.java:logGet(43)) - raft.server.rpc.timeout.max = 5200ms (custom)
2019-07-30 15:29:41,001 INFO  server.RaftServerConfigKeys (ConfUtils.java:logGet(43)) - raft.server.log.appender.install.snapshot.enabled = false (custom)
2019-07-30 15:29:41,001 INFO  storage.RaftStorageDirectory (RaftStorageDirectory.java:analyzeStorage(246)) - The storage directory /workdir/hadoop-ozone/integration-test/target/test-dir/MiniOzoneClusterImpl-1546bc1a-6156-45ec-b38e-287b428d3c04/datanode-0/data/ratis/3694e1ff-e2f2-48e4-ab12-b1d78c2f532d does not exist. Creating ...
2019-07-30 15:29:41,001 INFO  impl.RaftServerImpl (ServerState.java:<init>(105)) - 4e48bee2-5f87-4936-b5f2-20b01b2a2fc7:group-B1D78C2F532D ConfigurationManager, init=-1: [4e48bee2-5f87-4936-b5f2-20b01b2a2fc7:192.168.5.170:42247, 3ff6c92b-625e-401e-aa98-18d4fffcc363:192.168.5.170:45437, 5b36f0a0-8a95-48d6-ad58-d56a2d3738c4:192.168.5.170:38930], old=null, confs=<EMPTY_MAP>
2019-07-30 15:29:41,001 INFO  server.RaftServerConfigKeys (ConfUtils.java:logGet(43)) - raft.server.rpcslowness.timeout = 120s (custom)
2019-07-30 15:29:41,002 INFO  server.RaftServerConfigKeys (ConfUtils.java:logGet(43)) - raft.server.storage.dir = [/workdir/hadoop-ozone/integration-test/target/test-dir/MiniOzoneClusterImpl-1546bc1a-6156-45ec-b38e-287b428d3c04/datanode-5/data/ratis] (custom)
2019-07-30 15:29:41,002 INFO  server.RaftServerConfigKeys (ConfUtils.java:logGet(43)) - raft.server.sleep.deviation.threshold = 300 (default)
2019-07-30 15:29:41,002 INFO  server.RaftServerConfigKeys (ConfUtils.java:logGet(43)) - raft.server.log.appender.install.snapshot.enabled = false (custom)
2019-07-30 15:29:41,002 INFO  impl.RaftServerImpl (ServerState.java:<init>(105)) - 3ff6c92b-625e-401e-aa98-18d4fffcc363:group-B1D78C2F532D ConfigurationManager, init=-1: [4e48bee2-5f87-4936-b5f2-20b01b2a2fc7:192.168.5.170:42247, 3ff6c92b-625e-401e-aa98-18d4fffcc363:192.168.5.170:45437, 5b36f0a0-8a95-48d6-ad58-d56a2d3738c4:192.168.5.170:38930], old=null, confs=<EMPTY_MAP>
2019-07-30 15:29:41,002 INFO  storage.RaftStorageDirectory (RaftStorageDirectory.java:analyzeStorage(246)) - The storage directory /workdir/hadoop-ozone/integration-test/target/test-dir/MiniOzoneClusterImpl-1546bc1a-6156-45ec-b38e-287b428d3c04/datanode-5/data/ratis/3694e1ff-e2f2-48e4-ab12-b1d78c2f532d does not exist. Creating ...
2019-07-30 15:29:41,002 INFO  server.RaftServerConfigKeys (ConfUtils.java:logGet(43)) - raft.server.storage.dir = [/workdir/hadoop-ozone/integration-test/target/test-dir/MiniOzoneClusterImpl-1546bc1a-6156-45ec-b38e-287b428d3c04/datanode-4/data/ratis] (custom)
2019-07-30 15:29:41,002 INFO  storage.RaftStorageDirectory (RaftStorageDirectory.java:analyzeStorage(246)) - The storage directory /workdir/hadoop-ozone/integration-test/target/test-dir/MiniOzoneClusterImpl-1546bc1a-6156-45ec-b38e-287b428d3c04/datanode-4/data/ratis/3694e1ff-e2f2-48e4-ab12-b1d78c2f532d does not exist. Creating ...
2019-07-30 15:29:41,006 INFO  storage.RaftStorageDirectory (RaftStorageDirectory.java:tryLock(328)) - Lock on /workdir/hadoop-ozone/integration-test/target/test-dir/MiniOzoneClusterImpl-1546bc1a-6156-45ec-b38e-287b428d3c04/datanode-4/data/ratis/3694e1ff-e2f2-48e4-ab12-b1d78c2f532d/in_use.lock acquired by nodename 13229@byscane-nightly-xg47r-921641087
2019-07-30 15:29:41,006 INFO  storage.RaftStorageDirectory (RaftStorageDirectory.java:tryLock(328)) - Lock on /workdir/hadoop-ozone/integration-test/target/test-dir/MiniOzoneClusterImpl-1546bc1a-6156-45ec-b38e-287b428d3c04/datanode-0/data/ratis/3694e1ff-e2f2-48e4-ab12-b1d78c2f532d/in_use.lock acquired by nodename 13229@byscane-nightly-xg47r-921641087
2019-07-30 15:29:41,006 INFO  storage.RaftStorageDirectory (RaftStorageDirectory.java:tryLock(328)) - Lock on /workdir/hadoop-ozone/integration-test/target/test-dir/MiniOzoneClusterImpl-1546bc1a-6156-45ec-b38e-287b428d3c04/datanode-5/data/ratis/3694e1ff-e2f2-48e4-ab12-b1d78c2f532d/in_use.lock acquired by nodename 13229@byscane-nightly-xg47r-921641087
2019-07-30 15:29:41,010 INFO  storage.RaftStorage (RaftStorage.java:format(72)) - Storage directory /workdir/hadoop-ozone/integration-test/target/test-dir/MiniOzoneClusterImpl-1546bc1a-6156-45ec-b38e-287b428d3c04/datanode-0/data/ratis/3694e1ff-e2f2-48e4-ab12-b1d78c2f532d has been successfully formatted.
2019-07-30 15:29:41,010 INFO  storage.RaftStorage (RaftStorage.java:format(72)) - Storage directory /workdir/hadoop-ozone/integration-test/target/test-dir/MiniOzoneClusterImpl-1546bc1a-6156-45ec-b38e-287b428d3c04/datanode-5/data/ratis/3694e1ff-e2f2-48e4-ab12-b1d78c2f532d has been successfully formatted.
2019-07-30 15:29:41,010 INFO  storage.RaftStorage (RaftStorage.java:format(72)) - Storage directory /workdir/hadoop-ozone/integration-test/target/test-dir/MiniOzoneClusterImpl-1546bc1a-6156-45ec-b38e-287b428d3c04/datanode-4/data/ratis/3694e1ff-e2f2-48e4-ab12-b1d78c2f532d has been successfully formatted.
2019-07-30 15:29:41,010 INFO  ratis.ContainerStateMachine (ContainerStateMachine.java:loadSnapshot(213)) - group-B1D78C2F532D: The snapshot info is null. Setting the last applied indexto:(t:0, i:~)
2019-07-30 15:29:41,011 INFO  ratis.ContainerStateMachine (ContainerStateMachine.java:loadSnapshot(213)) - group-B1D78C2F532D: The snapshot info is null. Setting the last applied indexto:(t:0, i:~)
2019-07-30 15:29:41,011 INFO  ratis.ContainerStateMachine (ContainerStateMachine.java:loadSnapshot(213)) - group-B1D78C2F532D: The snapshot info is null. Setting the last applied indexto:(t:0, i:~)
2019-07-30 15:29:41,011 INFO  server.RaftServerConfigKeys (ConfUtils.java:logGet(43)) - raft.server.leader.election.timeout = 120s (custom)
2019-07-30 15:29:41,011 INFO  server.RaftServerConfigKeys (ConfUtils.java:logGet(43)) - raft.server.leader.election.timeout = 120s (custom)
2019-07-30 15:29:41,011 INFO  server.RaftServerConfigKeys (ConfUtils.java:logGet(43)) - raft.server.log.use.memory = false (default)
2019-07-30 15:29:41,011 INFO  server.RaftServerConfigKeys (ConfUtils.java:logGet(43)) - raft.server.leader.election.timeout = 120s (custom)
2019-07-30 15:29:41,011 INFO  server.RaftServerConfigKeys (ConfUtils.java:logGet(43)) - raft.server.log.purge.gap = 1000000000 (custom)
2019-07-30 15:29:41,011 INFO  server.RaftServerConfigKeys (ConfUtils.java:logGet(43)) - raft.server.log.use.memory = false (default)
2019-07-30 15:29:41,012 INFO  server.RaftServerConfigKeys (ConfUtils.java:logGet(43)) - raft.server.log.appender.buffer.byte-limit = 33554432 (custom)
2019-07-30 15:29:41,011 INFO  server.RaftServerConfigKeys (ConfUtils.java:logGet(43)) - raft.server.log.use.memory = false (default)
2019-07-30 15:29:41,012 INFO  server.RaftServerConfigKeys (ConfUtils.java:logGet(43)) - raft.server.log.segment.size.max = 1048576 (custom)
2019-07-30 15:29:41,012 INFO  server.RaftServerConfigKeys (ConfUtils.java:logGet(43)) - raft.server.log.purge.gap = 1000000000 (custom)
2019-07-30 15:29:41,012 INFO  server.RaftServerConfigKeys (ConfUtils.java:logGet(43)) - raft.server.log.segment.cache.num.max = 2 (custom)
2019-07-30 15:29:41,012 INFO  server.RaftServerConfigKeys (ConfUtils.java:logGet(43)) - raft.server.log.purge.gap = 1000000000 (custom)
2019-07-30 15:29:41,012 INFO  segmented.SegmentedRaftLogWorker (SegmentedRaftLogWorker.java:<init>(172)) - new 3ff6c92b-625e-401e-aa98-18d4fffcc363-SegmentedRaftLogWorker:Storage Directory /workdir/hadoop-ozone/integration-test/target/test-dir/MiniOzoneClusterImpl-1546bc1a-6156-45ec-b38e-287b428d3c04/datanode-4/data/ratis/3694e1ff-e2f2-48e4-ab12-b1d78c2f532d for RaftStorage:Storage Directory /workdir/hadoop-ozone/integration-test/target/test-dir/MiniOzoneClusterImpl-1546bc1a-6156-45ec-b38e-287b428d3c04/datanode-4/data/ratis/3694e1ff-e2f2-48e4-ab12-b1d78c2f532d
2019-07-30 15:29:41,012 INFO  server.RaftServerConfigKeys (ConfUtils.java:logGet(43)) - raft.server.log.appender.buffer.byte-limit = 33554432 (custom)
2019-07-30 15:29:41,013 INFO  server.RaftServerConfigKeys (ConfUtils.java:logGet(43)) - raft.server.log.queue.byte-limit = 2147483647 (custom)
2019-07-30 15:29:41,012 INFO  server.RaftServerConfigKeys (ConfUtils.java:logGet(43)) - raft.server.log.appender.buffer.byte-limit = 33554432 (custom)
2019-07-30 15:29:41,014 INFO  server.RaftServerConfigKeys (ConfUtils.java:logGet(43)) - raft.server.log.queue.element-limit = 1024 (custom)
2019-07-30 15:29:41,013 INFO  server.RaftServerConfigKeys (ConfUtils.java:logGet(43)) - raft.server.log.segment.size.max = 1048576 (custom)
2019-07-30 15:29:41,015 INFO  server.RaftServerConfigKeys (ConfUtils.java:logGet(43)) - raft.server.log.segment.size.max = 1048576 (custom)
2019-07-30 15:29:41,015 INFO  server.RaftServerConfigKeys (ConfUtils.java:logGet(43)) - raft.server.log.segment.size.max = 1048576 (custom)
2019-07-30 15:29:41,015 INFO  server.RaftServerConfigKeys (ConfUtils.java:logGet(43)) - raft.server.log.preallocated.size = 16384 (custom)
2019-07-30 15:29:41,015 INFO  server.RaftServerConfigKeys (ConfUtils.java:logGet(43)) - raft.server.log.segment.cache.num.max = 2 (custom)
2019-07-30 15:29:41,015 INFO  server.RaftServerConfigKeys (ConfUtils.java:logGet(43)) - raft.server.log.write.buffer.size = 33554432 (custom)
2019-07-30 15:29:41,015 INFO  server.RaftServerConfigKeys (ConfUtils.java:logGet(43)) - raft.server.log.segment.cache.num.max = 2 (custom)
2019-07-30 15:29:41,015 INFO  server.RaftServerConfigKeys (ConfUtils.java:logGet(43)) - raft.server.log.force.sync.num = 128 (default)
2019-07-30 15:29:41,015 INFO  segmented.SegmentedRaftLogWorker (SegmentedRaftLogWorker.java:<init>(172)) - new 5b36f0a0-8a95-48d6-ad58-d56a2d3738c4-SegmentedRaftLogWorker:Storage Directory /workdir/hadoop-ozone/integration-test/target/test-dir/MiniOzoneClusterImpl-1546bc1a-6156-45ec-b38e-287b428d3c04/datanode-0/data/ratis/3694e1ff-e2f2-48e4-ab12-b1d78c2f532d for RaftStorage:Storage Directory /workdir/hadoop-ozone/integration-test/target/test-dir/MiniOzoneClusterImpl-1546bc1a-6156-45ec-b38e-287b428d3c04/datanode-0/data/ratis/3694e1ff-e2f2-48e4-ab12-b1d78c2f532d
2019-07-30 15:29:41,016 INFO  server.RaftServerConfigKeys (ConfUtils.java:logGet(43)) - raft.server.log.statemachine.data.sync = true (default)
2019-07-30 15:29:41,016 INFO  segmented.SegmentedRaftLogWorker (SegmentedRaftLogWorker.java:<init>(172)) - new 4e48bee2-5f87-4936-b5f2-20b01b2a2fc7-SegmentedRaftLogWorker:Storage Directory /workdir/hadoop-ozone/integration-test/target/test-dir/MiniOzoneClusterImpl-1546bc1a-6156-45ec-b38e-287b428d3c04/datanode-5/data/ratis/3694e1ff-e2f2-48e4-ab12-b1d78c2f532d for RaftStorage:Storage Directory /workdir/hadoop-ozone/integration-test/target/test-dir/MiniOzoneClusterImpl-1546bc1a-6156-45ec-b38e-287b428d3c04/datanode-5/data/ratis/3694e1ff-e2f2-48e4-ab12-b1d78c2f532d
2019-07-30 15:29:41,016 INFO  server.RaftServerConfigKeys (ConfUtils.java:logGet(43)) - raft.server.log.statemachine.data.sync.timeout = 10s (default)
2019-07-30 15:29:41,016 INFO  server.RaftServerConfigKeys (ConfUtils.java:logGet(43)) - raft.server.log.queue.byte-limit = 2147483647 (custom)
2019-07-30 15:29:41,018 INFO  server.RaftServerConfigKeys (ConfUtils.java:logGet(43)) - raft.server.log.statemachine.data.sync.timeout.retry = -1 (default)
2019-07-30 15:29:41,018 INFO  server.RaftServerConfigKeys (ConfUtils.java:logGet(43)) - raft.server.log.queue.byte-limit = 2147483647 (custom)
2019-07-30 15:29:41,020 INFO  server.RaftServerConfigKeys (ConfUtils.java:logGet(43)) - raft.server.log.statemachine.data.caching.enabled = true (custom)
2019-07-30 15:29:41,020 INFO  server.RaftServerConfigKeys (ConfUtils.java:logGet(43)) - raft.server.log.queue.element-limit = 1024 (custom)
2019-07-30 15:29:41,020 INFO  segmented.SegmentedRaftLogWorker (SegmentedRaftLogWorker.java:lambda$new$0(132)) - 3ff6c92b-625e-401e-aa98-18d4fffcc363-SegmentedRaftLogWorker:Storage Directory /workdir/hadoop-ozone/integration-test/target/test-dir/MiniOzoneClusterImpl-1546bc1a-6156-45ec-b38e-287b428d3c04/datanode-4/data/ratis/3694e1ff-e2f2-48e4-ab12-b1d78c2f532d: flushIndex: setUnconditionally 0 -> -1
2019-07-30 15:29:41,020 INFO  server.RaftServerConfigKeys (ConfUtils.java:logGet(43)) - raft.server.log.queue.element-limit = 1024 (custom)
2019-07-30 15:29:41,020 INFO  server.RaftServerConfigKeys (ConfUtils.java:logGet(43)) - raft.server.log.segment.size.max = 1048576 (custom)
2019-07-30 15:29:41,020 INFO  server.RaftServerConfigKeys (ConfUtils.java:logGet(43)) - raft.server.snapshot.auto.trigger.enabled = true (custom)
2019-07-30 15:29:41,020 INFO  server.RaftServerConfigKeys (ConfUtils.java:logGet(43)) - raft.server.log.segment.size.max = 1048576 (custom)
2019-07-30 15:29:41,021 INFO  server.RaftServerConfigKeys (ConfUtils.java:logGet(43)) - raft.server.snapshot.auto.trigger.threshold = 10000 (custom)
2019-07-30 15:29:41,021 INFO  server.RaftServerConfigKeys (ConfUtils.java:logGet(43)) - raft.server.log.preallocated.size = 16384 (custom)
2019-07-30 15:29:41,021 INFO  server.RaftServerConfigKeys (ConfUtils.java:logGet(43)) - raft.server.log.preallocated.size = 16384 (custom)
2019-07-30 15:29:41,021 INFO  server.RaftServerConfigKeys (ConfUtils.java:logGet(43)) - raft.server.log.write.buffer.size = 33554432 (custom)
2019-07-30 15:29:41,021 INFO  server.RaftServerConfigKeys (ConfUtils.java:logGet(43)) - raft.server.retrycache.expirytime = 600000ms (custom)
2019-07-30 15:29:41,021 INFO  server.RaftServerConfigKeys (ConfUtils.java:logGet(43)) - raft.server.log.force.sync.num = 128 (default)
2019-07-30 15:29:41,021 INFO  server.RaftServerConfigKeys (ConfUtils.java:logGet(43)) - raft.server.log.write.buffer.size = 33554432 (custom)
2019-07-30 15:29:41,022 INFO  server.RaftServerConfigKeys (ConfUtils.java:logGet(43)) - raft.server.log.statemachine.data.sync = true (default)
2019-07-30 15:29:41,022 INFO  impl.RaftServerImpl (RaftServerImpl.java:start(180)) - 3ff6c92b-625e-401e-aa98-18d4fffcc363: start group-B1D78C2F532D
2019-07-30 15:29:41,022 INFO  server.RaftServerConfigKeys (ConfUtils.java:logGet(43)) - raft.server.log.statemachine.data.sync.timeout = 10s (default)
2019-07-30 15:29:41,022 INFO  server.RaftServerConfigKeys (ConfUtils.java:logGet(43)) - raft.server.log.force.sync.num = 128 (default)
2019-07-30 15:29:41,022 INFO  server.RaftServerConfigKeys (ConfUtils.java:logGet(43)) - raft.server.log.statemachine.data.sync.timeout.retry = -1 (default)
2019-07-30 15:29:41,022 INFO  impl.RaftServerImpl (RaftServerImpl.java:setRole(171)) - 3ff6c92b-625e-401e-aa98-18d4fffcc363:group-B1D78C2F532D changes role from null to FOLLOWER at term 0 for startAsFollower
2019-07-30 15:29:41,023 INFO  server.RaftServerConfigKeys (ConfUtils.java:logGet(43)) - raft.server.log.statemachine.data.caching.enabled = true (custom)
2019-07-30 15:29:41,022 INFO  server.RaftServerConfigKeys (ConfUtils.java:logGet(43)) - raft.server.log.statemachine.data.sync = true (default)
2019-07-30 15:29:41,023 INFO  impl.RoleInfo (RoleInfo.java:updateAndGet(143)) - 3ff6c92b-625e-401e-aa98-18d4fffcc363: start FollowerState
2019-07-30 15:29:41,023 INFO  segmented.SegmentedRaftLogWorker (SegmentedRaftLogWorker.java:lambda$new$0(132)) - 5b36f0a0-8a95-48d6-ad58-d56a2d3738c4-SegmentedRaftLogWorker:Storage Directory /workdir/hadoop-ozone/integration-test/target/test-dir/MiniOzoneClusterImpl-1546bc1a-6156-45ec-b38e-287b428d3c04/datanode-0/data/ratis/3694e1ff-e2f2-48e4-ab12-b1d78c2f532d: flushIndex: setUnconditionally 0 -> -1
2019-07-30 15:29:41,023 INFO  server.RaftServerConfigKeys (ConfUtils.java:logGet(43)) - raft.server.log.statemachine.data.sync.timeout = 10s (default)
2019-07-30 15:29:41,023 INFO  util.JmxRegister (JmxRegister.java:tryRegister(44)) - Successfully registered JMX Bean with object name Ratis:service=RaftServer,group=group-B1D78C2F532D,id=3ff6c92b-625e-401e-aa98-18d4fffcc363
2019-07-30 15:29:41,023 INFO  server.RaftServerConfigKeys (ConfUtils.java:logGet(43)) - raft.server.snapshot.auto.trigger.enabled = true (custom)
2019-07-30 15:29:41,023 INFO  server.RaftServerConfigKeys (ConfUtils.java:logGet(43)) - raft.server.log.statemachine.data.sync.timeout.retry = -1 (default)
2019-07-30 15:29:41,023 INFO  server.RaftServerConfigKeys (ConfUtils.java:logGet(43)) - raft.server.snapshot.auto.trigger.threshold = 10000 (custom)
2019-07-30 15:29:41,024 INFO  server.RaftServerConfigKeys (ConfUtils.java:logGet(43)) - raft.server.log.statemachine.data.caching.enabled = true (custom)
2019-07-30 15:29:41,024 INFO  server.RaftServerConfigKeys (ConfUtils.java:logGet(43)) - raft.server.retrycache.expirytime = 600000ms (custom)
2019-07-30 15:29:41,024 INFO  segmented.SegmentedRaftLogWorker (SegmentedRaftLogWorker.java:lambda$new$0(132)) - 4e48bee2-5f87-4936-b5f2-20b01b2a2fc7-SegmentedRaftLogWorker:Storage Directory /workdir/hadoop-ozone/integration-test/target/test-dir/MiniOzoneClusterImpl-1546bc1a-6156-45ec-b38e-287b428d3c04/datanode-5/data/ratis/3694e1ff-e2f2-48e4-ab12-b1d78c2f532d: flushIndex: setUnconditionally 0 -> -1
2019-07-30 15:29:41,024 INFO  impl.RaftServerImpl (RaftServerImpl.java:start(180)) - 5b36f0a0-8a95-48d6-ad58-d56a2d3738c4: start group-B1D78C2F532D
2019-07-30 15:29:41,024 INFO  impl.RaftServerImpl (RaftServerImpl.java:setRole(171)) - 5b36f0a0-8a95-48d6-ad58-d56a2d3738c4:group-B1D78C2F532D changes role from null to FOLLOWER at term 0 for startAsFollower
2019-07-30 15:29:41,024 INFO  server.RaftServerConfigKeys (ConfUtils.java:logGet(43)) - raft.server.snapshot.auto.trigger.enabled = true (custom)
2019-07-30 15:29:41,025 INFO  impl.RoleInfo (RoleInfo.java:updateAndGet(143)) - 5b36f0a0-8a95-48d6-ad58-d56a2d3738c4: start FollowerState
2019-07-30 15:29:41,025 INFO  server.RaftServerConfigKeys (ConfUtils.java:logGet(43)) - raft.server.snapshot.auto.trigger.threshold = 10000 (custom)
2019-07-30 15:29:41,027 INFO  util.JmxRegister (JmxRegister.java:tryRegister(44)) - Successfully registered JMX Bean with object name Ratis:service=RaftServer,group=group-B1D78C2F532D,id=5b36f0a0-8a95-48d6-ad58-d56a2d3738c4
2019-07-30 15:29:41,027 INFO  server.RaftServerConfigKeys (ConfUtils.java:logGet(43)) - raft.server.retrycache.expirytime = 600000ms (custom)
2019-07-30 15:29:41,028 INFO  impl.RaftServerImpl (RaftServerImpl.java:start(180)) - 4e48bee2-5f87-4936-b5f2-20b01b2a2fc7: start group-B1D78C2F532D
2019-07-30 15:29:41,028 INFO  impl.RaftServerImpl (RaftServerImpl.java:setRole(171)) - 4e48bee2-5f87-4936-b5f2-20b01b2a2fc7:group-B1D78C2F532D changes role from null to FOLLOWER at term 0 for startAsFollower
2019-07-30 15:29:41,029 INFO  impl.RoleInfo (RoleInfo.java:updateAndGet(143)) - 4e48bee2-5f87-4936-b5f2-20b01b2a2fc7: start FollowerState
2019-07-30 15:29:41,031 INFO  util.JmxRegister (JmxRegister.java:tryRegister(44)) - Successfully registered JMX Bean with object name Ratis:service=RaftServer,group=group-B1D78C2F532D,id=4e48bee2-5f87-4936-b5f2-20b01b2a2fc7
2019-07-30 15:29:41,047 INFO  pipeline.PipelineStateManager (PipelineStateManager.java:addPipeline(56)) - Created pipeline Pipeline[ Id: 3694e1ff-e2f2-48e4-ab12-b1d78c2f532d, Nodes: 5b36f0a0-8a95-48d6-ad58-d56a2d3738c4{ip: 192.168.5.170, host: byscane-nightly-xg47r-921641087, networkLocation: /default-rack, certSerialId: null}4e48bee2-5f87-4936-b5f2-20b01b2a2fc7{ip: 192.168.5.170, host: byscane-nightly-xg47r-921641087, networkLocation: /default-rack, certSerialId: null}3ff6c92b-625e-401e-aa98-18d4fffcc363{ip: 192.168.5.170, host: byscane-nightly-xg47r-921641087, networkLocation: /default-rack, certSerialId: null}, Type:RATIS, Factor:THREE, State:OPEN]
2019-07-30 15:29:41,245 INFO  ozone.MiniOzoneClusterImpl (MiniOzoneClusterImpl.java:lambda$waitForClusterToBeReady$0(142)) - Cluster is ready. Got 6 of 6 DN Heartbeats.
2019-07-30 15:29:41,563 INFO  rpc.RpcClient (RpcClient.java:createVolume(288)) - Creating Volume: datanodefailurehandlingtest, with jenkins1000 as owner.
2019-07-30 15:29:41,598 INFO  rpc.RpcClient (RpcClient.java:createBucket(425)) - Creating Bucket: datanodefailurehandlingtest/datanodefailurehandlingtest, with Versioning false and Storage Type set to DISK and Encryption set to false 
2019-07-30 15:29:41,791 INFO  impl.MetricsSystemImpl (MetricsSystemImpl.java:init(158)) - XceiverClientMetrics metrics system started (again)
2019-07-30 15:29:41,920 INFO  client.GrpcClientProtocolClient (GrpcClientProtocolClient.java:onNext(255)) - client-3B1D1311CB41->5b36f0a0-8a95-48d6-ad58-d56a2d3738c4: receive RaftClientReply:client-3B1D1311CB41->5b36f0a0-8a95-48d6-ad58-d56a2d3738c4@group-B1D78C2F532D, cid=12, FAILED org.apache.ratis.protocol.NotLeaderException: Server 5b36f0a0-8a95-48d6-ad58-d56a2d3738c4 is not the leader (null). Request must be sent to leader., logIndex=0, commits[5b36f0a0-8a95-48d6-ad58-d56a2d3738c4:c-1]
2019-07-30 15:29:42,245 INFO  container.ReplicationManager (ReplicationManager.java:start(155)) - Starting Replication Monitor Thread.
2019-07-30 15:29:42,252 INFO  container.ReplicationManager (ReplicationManager.java:run(207)) - Replication Monitor Thread took 5 milliseconds for processing 1 containers.
2019-07-30 15:29:42,983 INFO  client.GrpcClientProtocolClient (GrpcClientProtocolClient.java:onNext(255)) - client-3B1D1311CB41->3ff6c92b-625e-401e-aa98-18d4fffcc363: receive RaftClientReply:client-3B1D1311CB41->3ff6c92b-625e-401e-aa98-18d4fffcc363@group-B1D78C2F532D, cid=12, FAILED org.apache.ratis.protocol.NotLeaderException: Server 3ff6c92b-625e-401e-aa98-18d4fffcc363 is not the leader (null). Request must be sent to leader., logIndex=0, commits[3ff6c92b-625e-401e-aa98-18d4fffcc363:c-1]
2019-07-30 15:29:44,023 INFO  client.GrpcClientProtocolClient (GrpcClientProtocolClient.java:onNext(255)) - client-3B1D1311CB41->4e48bee2-5f87-4936-b5f2-20b01b2a2fc7: receive RaftClientReply:client-3B1D1311CB41->4e48bee2-5f87-4936-b5f2-20b01b2a2fc7@group-B1D78C2F532D, cid=12, FAILED org.apache.ratis.protocol.NotLeaderException: Server 4e48bee2-5f87-4936-b5f2-20b01b2a2fc7 is not the leader (null). Request must be sent to leader., logIndex=0, commits[4e48bee2-5f87-4936-b5f2-20b01b2a2fc7:c-1]
2019-07-30 15:29:45,060 INFO  client.GrpcClientProtocolClient (GrpcClientProtocolClient.java:onNext(255)) - client-3B1D1311CB41->5b36f0a0-8a95-48d6-ad58-d56a2d3738c4: receive RaftClientReply:client-3B1D1311CB41->5b36f0a0-8a95-48d6-ad58-d56a2d3738c4@group-B1D78C2F532D, cid=12, FAILED org.apache.ratis.protocol.NotLeaderException: Server 5b36f0a0-8a95-48d6-ad58-d56a2d3738c4 is not the leader (null). Request must be sent to leader., logIndex=0, commits[5b36f0a0-8a95-48d6-ad58-d56a2d3738c4:c-1]
2019-07-30 15:29:45,586 INFO  impl.FollowerState (FollowerState.java:run(106)) - 5b36f0a0-8a95-48d6-ad58-d56a2d3738c4:group-F1E6423E75EC changes to CANDIDATE, lastRpcTime:5174, electionTimeout:5173ms
2019-07-30 15:29:45,587 INFO  impl.RoleInfo (RoleInfo.java:shutdownFollowerState(121)) - 5b36f0a0-8a95-48d6-ad58-d56a2d3738c4: shutdown FollowerState
2019-07-30 15:29:45,587 INFO  impl.RaftServerImpl (RaftServerImpl.java:setRole(171)) - 5b36f0a0-8a95-48d6-ad58-d56a2d3738c4:group-F1E6423E75EC changes role from FOLLOWER to CANDIDATE at term 0 for changeToCandidate
2019-07-30 15:29:45,590 INFO  impl.RoleInfo (RoleInfo.java:updateAndGet(143)) - 5b36f0a0-8a95-48d6-ad58-d56a2d3738c4: start LeaderElection
2019-07-30 15:29:45,613 INFO  impl.LeaderElection (LeaderElection.java:askForVotes(181)) - 5b36f0a0-8a95-48d6-ad58-d56a2d3738c4:group-F1E6423E75EC:LeaderElection1: begin an election at term 1 for -1: [5b36f0a0-8a95-48d6-ad58-d56a2d3738c4:192.168.5.170:38930], old=null
2019-07-30 15:29:45,615 INFO  impl.RoleInfo (RoleInfo.java:shutdownLeaderElection(134)) - 5b36f0a0-8a95-48d6-ad58-d56a2d3738c4: shutdown LeaderElection
2019-07-30 15:29:45,616 INFO  impl.RaftServerImpl (RaftServerImpl.java:setRole(171)) - 5b36f0a0-8a95-48d6-ad58-d56a2d3738c4:group-F1E6423E75EC changes role from CANDIDATE to LEADER at term 1 for changeToLeader
2019-07-30 15:29:45,616 INFO  impl.RaftServerImpl (ServerState.java:setLeader(263)) - 5b36f0a0-8a95-48d6-ad58-d56a2d3738c4:group-F1E6423E75EC change Leader from null to 5b36f0a0-8a95-48d6-ad58-d56a2d3738c4 at term 1 for becomeLeader, leader elected after 5285ms
2019-07-30 15:29:45,624 INFO  server.RaftServerConfigKeys (ConfUtils.java:logGet(43)) - raft.server.staging.catchup.gap = 1000 (default)
2019-07-30 15:29:45,624 INFO  server.RaftServerConfigKeys (ConfUtils.java:logGet(43)) - raft.server.rpc.sleep.time = 25ms (default)
2019-07-30 15:29:45,628 INFO  server.RaftServerConfigKeys (ConfUtils.java:logGet(43)) - raft.server.write.element-limit = 4096 (default)
2019-07-30 15:29:45,632 INFO  server.RaftServerConfigKeys (ConfUtils.java:logGet(43)) - raft.server.watch.timeout = 10s (default)
2019-07-30 15:29:45,632 INFO  server.RaftServerConfigKeys (ConfUtils.java:logGet(43)) - raft.server.watch.timeout.denomination = 1s (default)
2019-07-30 15:29:45,633 INFO  server.RaftServerConfigKeys (ConfUtils.java:logGet(43)) - raft.server.watch.element-limit = 65536 (default)
2019-07-30 15:29:45,645 INFO  impl.RoleInfo (RoleInfo.java:updateAndGet(143)) - 5b36f0a0-8a95-48d6-ad58-d56a2d3738c4: start LeaderState
2019-07-30 15:29:45,668 INFO  segmented.SegmentedRaftLogWorker (SegmentedRaftLogWorker.java:startLogSegment(380)) - 5b36f0a0-8a95-48d6-ad58-d56a2d3738c4-SegmentedRaftLogWorker:Storage Directory /workdir/hadoop-ozone/integration-test/target/test-dir/MiniOzoneClusterImpl-1546bc1a-6156-45ec-b38e-287b428d3c04/datanode-0/data/ratis/db664201-7d44-4cab-b87d-f1e6423e75ec: Starting segment from index:0
2019-07-30 15:29:45,681 INFO  impl.RaftServerImpl (ServerState.java:setRaftConf(361)) - 5b36f0a0-8a95-48d6-ad58-d56a2d3738c4:group-F1E6423E75EC set configuration 0: [5b36f0a0-8a95-48d6-ad58-d56a2d3738c4:192.168.5.170:38930], old=null at 0
2019-07-30 15:29:45,761 INFO  impl.FollowerState (FollowerState.java:run(106)) - 5cbc2b48-1ae5-4af6-b371-e8e3a42e7f9a:group-0D90D06B6216 changes to CANDIDATE, lastRpcTime:5166, electionTimeout:5165ms
2019-07-30 15:29:45,763 INFO  impl.RoleInfo (RoleInfo.java:shutdownFollowerState(121)) - 5cbc2b48-1ae5-4af6-b371-e8e3a42e7f9a: shutdown FollowerState
2019-07-30 15:29:45,763 INFO  impl.RaftServerImpl (RaftServerImpl.java:setRole(171)) - 5cbc2b48-1ae5-4af6-b371-e8e3a42e7f9a:group-0D90D06B6216 changes role from FOLLOWER to CANDIDATE at term 0 for changeToCandidate
2019-07-30 15:29:45,764 INFO  impl.RoleInfo (RoleInfo.java:updateAndGet(143)) - 5cbc2b48-1ae5-4af6-b371-e8e3a42e7f9a: start LeaderElection
2019-07-30 15:29:45,783 INFO  impl.LeaderElection (LeaderElection.java:askForVotes(181)) - 5cbc2b48-1ae5-4af6-b371-e8e3a42e7f9a:group-0D90D06B6216:LeaderElection2: begin an election at term 1 for -1: [5cbc2b48-1ae5-4af6-b371-e8e3a42e7f9a:192.168.5.170:36443], old=null
2019-07-30 15:29:45,784 INFO  impl.RoleInfo (RoleInfo.java:shutdownLeaderElection(134)) - 5cbc2b48-1ae5-4af6-b371-e8e3a42e7f9a: shutdown LeaderElection
2019-07-30 15:29:45,784 INFO  impl.RaftServerImpl (RaftServerImpl.java:setRole(171)) - 5cbc2b48-1ae5-4af6-b371-e8e3a42e7f9a:group-0D90D06B6216 changes role from CANDIDATE to LEADER at term 1 for changeToLeader
2019-07-30 15:29:45,785 INFO  impl.RaftServerImpl (ServerState.java:setLeader(263)) - 5cbc2b48-1ae5-4af6-b371-e8e3a42e7f9a:group-0D90D06B6216 change Leader from null to 5cbc2b48-1ae5-4af6-b371-e8e3a42e7f9a at term 1 for becomeLeader, leader elected after 5196ms
2019-07-30 15:29:45,785 INFO  impl.FollowerState (FollowerState.java:run(106)) - 51811804-40f4-47bd-bce5-53715d2336ea:group-226D73A5F6D4 changes to CANDIDATE, lastRpcTime:5129, electionTimeout:5129ms
2019-07-30 15:29:45,785 INFO  server.RaftServerConfigKeys (ConfUtils.java:logGet(43)) - raft.server.staging.catchup.gap = 1000 (default)
2019-07-30 15:29:45,785 INFO  impl.RoleInfo (RoleInfo.java:shutdownFollowerState(121)) - 51811804-40f4-47bd-bce5-53715d2336ea: shutdown FollowerState
2019-07-30 15:29:45,785 INFO  server.RaftServerConfigKeys (ConfUtils.java:logGet(43)) - raft.server.rpc.sleep.time = 25ms (default)
2019-07-30 15:29:45,785 INFO  impl.RaftServerImpl (RaftServerImpl.java:setRole(171)) - 51811804-40f4-47bd-bce5-53715d2336ea:group-226D73A5F6D4 changes role from FOLLOWER to CANDIDATE at term 0 for changeToCandidate
2019-07-30 15:29:45,785 INFO  server.RaftServerConfigKeys (ConfUtils.java:logGet(43)) - raft.server.write.element-limit = 4096 (default)
2019-07-30 15:29:45,786 INFO  impl.RoleInfo (RoleInfo.java:updateAndGet(143)) - 51811804-40f4-47bd-bce5-53715d2336ea: start LeaderElection
2019-07-30 15:29:45,786 INFO  server.RaftServerConfigKeys (ConfUtils.java:logGet(43)) - raft.server.watch.timeout = 10s (default)
2019-07-30 15:29:45,786 INFO  server.RaftServerConfigKeys (ConfUtils.java:logGet(43)) - raft.server.watch.timeout.denomination = 1s (default)
2019-07-30 15:29:45,791 INFO  server.RaftServerConfigKeys (ConfUtils.java:logGet(43)) - raft.server.watch.element-limit = 65536 (default)
2019-07-30 15:29:45,791 INFO  impl.RoleInfo (RoleInfo.java:updateAndGet(143)) - 5cbc2b48-1ae5-4af6-b371-e8e3a42e7f9a: start LeaderState
2019-07-30 15:29:45,792 INFO  segmented.SegmentedRaftLogWorker (SegmentedRaftLogWorker.java:startLogSegment(380)) - 5cbc2b48-1ae5-4af6-b371-e8e3a42e7f9a-SegmentedRaftLogWorker:Storage Directory /workdir/hadoop-ozone/integration-test/target/test-dir/MiniOzoneClusterImpl-1546bc1a-6156-45ec-b38e-287b428d3c04/datanode-1/data/ratis/99411056-eaea-4096-b70a-0d90d06b6216: Starting segment from index:0
2019-07-30 15:29:45,792 INFO  impl.RaftServerImpl (ServerState.java:setRaftConf(361)) - 5cbc2b48-1ae5-4af6-b371-e8e3a42e7f9a:group-0D90D06B6216 set configuration 0: [5cbc2b48-1ae5-4af6-b371-e8e3a42e7f9a:192.168.5.170:36443], old=null at 0
2019-07-30 15:29:45,804 INFO  impl.LeaderElection (LeaderElection.java:askForVotes(181)) - 51811804-40f4-47bd-bce5-53715d2336ea:group-226D73A5F6D4:LeaderElection3: begin an election at term 1 for -1: [51811804-40f4-47bd-bce5-53715d2336ea:192.168.5.170:43461], old=null
2019-07-30 15:29:45,804 INFO  impl.RoleInfo (RoleInfo.java:shutdownLeaderElection(134)) - 51811804-40f4-47bd-bce5-53715d2336ea: shutdown LeaderElection
2019-07-30 15:29:45,804 INFO  impl.RaftServerImpl (RaftServerImpl.java:setRole(171)) - 51811804-40f4-47bd-bce5-53715d2336ea:group-226D73A5F6D4 changes role from CANDIDATE to LEADER at term 1 for changeToLeader
2019-07-30 15:29:45,804 INFO  impl.RaftServerImpl (ServerState.java:setLeader(263)) - 51811804-40f4-47bd-bce5-53715d2336ea:group-226D73A5F6D4 change Leader from null to 51811804-40f4-47bd-bce5-53715d2336ea at term 1 for becomeLeader, leader elected after 5152ms
2019-07-30 15:29:45,805 INFO  server.RaftServerConfigKeys (ConfUtils.java:logGet(43)) - raft.server.staging.catchup.gap = 1000 (default)
2019-07-30 15:29:45,805 INFO  server.RaftServerConfigKeys (ConfUtils.java:logGet(43)) - raft.server.rpc.sleep.time = 25ms (default)
2019-07-30 15:29:45,805 INFO  server.RaftServerConfigKeys (ConfUtils.java:logGet(43)) - raft.server.write.element-limit = 4096 (default)
2019-07-30 15:29:45,805 INFO  server.RaftServerConfigKeys (ConfUtils.java:logGet(43)) - raft.server.watch.timeout = 10s (default)
2019-07-30 15:29:45,805 INFO  server.RaftServerConfigKeys (ConfUtils.java:logGet(43)) - raft.server.watch.timeout.denomination = 1s (default)
2019-07-30 15:29:45,805 INFO  server.RaftServerConfigKeys (ConfUtils.java:logGet(43)) - raft.server.watch.element-limit = 65536 (default)
2019-07-30 15:29:45,806 INFO  impl.RoleInfo (RoleInfo.java:updateAndGet(143)) - 51811804-40f4-47bd-bce5-53715d2336ea: start LeaderState
2019-07-30 15:29:45,806 INFO  segmented.SegmentedRaftLogWorker (SegmentedRaftLogWorker.java:startLogSegment(380)) - 51811804-40f4-47bd-bce5-53715d2336ea-SegmentedRaftLogWorker:Storage Directory /workdir/hadoop-ozone/integration-test/target/test-dir/MiniOzoneClusterImpl-1546bc1a-6156-45ec-b38e-287b428d3c04/datanode-3/data/ratis/355030de-473f-49db-81da-226d73a5f6d4: Starting segment from index:0
2019-07-30 15:29:45,807 INFO  impl.RaftServerImpl (ServerState.java:setRaftConf(361)) - 51811804-40f4-47bd-bce5-53715d2336ea:group-226D73A5F6D4 set configuration 0: [51811804-40f4-47bd-bce5-53715d2336ea:192.168.5.170:43461], old=null at 0
2019-07-30 15:29:45,850 INFO  impl.FollowerState (FollowerState.java:run(106)) - 49a0e113-d55f-41ab-a95d-96aa5e340106:group-2CF1045ED529 changes to CANDIDATE, lastRpcTime:5133, electionTimeout:5133ms
2019-07-30 15:29:45,850 INFO  impl.RoleInfo (RoleInfo.java:shutdownFollowerState(121)) - 49a0e113-d55f-41ab-a95d-96aa5e340106: shutdown FollowerState
2019-07-30 15:29:45,850 INFO  impl.RaftServerImpl (RaftServerImpl.java:setRole(171)) - 49a0e113-d55f-41ab-a95d-96aa5e340106:group-2CF1045ED529 changes role from FOLLOWER to CANDIDATE at term 0 for changeToCandidate
2019-07-30 15:29:45,851 INFO  impl.RoleInfo (RoleInfo.java:updateAndGet(143)) - 49a0e113-d55f-41ab-a95d-96aa5e340106: start LeaderElection
2019-07-30 15:29:45,869 INFO  impl.LeaderElection (LeaderElection.java:askForVotes(181)) - 49a0e113-d55f-41ab-a95d-96aa5e340106:group-2CF1045ED529:LeaderElection4: begin an election at term 1 for -1: [49a0e113-d55f-41ab-a95d-96aa5e340106:192.168.5.170:43908], old=null
2019-07-30 15:29:45,869 INFO  impl.RoleInfo (RoleInfo.java:shutdownLeaderElection(134)) - 49a0e113-d55f-41ab-a95d-96aa5e340106: shutdown LeaderElection
2019-07-30 15:29:45,869 INFO  impl.RaftServerImpl (RaftServerImpl.java:setRole(171)) - 49a0e113-d55f-41ab-a95d-96aa5e340106:group-2CF1045ED529 changes role from CANDIDATE to LEADER at term 1 for changeToLeader
2019-07-30 15:29:45,869 INFO  impl.RaftServerImpl (ServerState.java:setLeader(263)) - 49a0e113-d55f-41ab-a95d-96aa5e340106:group-2CF1045ED529 change Leader from null to 49a0e113-d55f-41ab-a95d-96aa5e340106 at term 1 for becomeLeader, leader elected after 5156ms
2019-07-30 15:29:45,870 INFO  server.RaftServerConfigKeys (ConfUtils.java:logGet(43)) - raft.server.staging.catchup.gap = 1000 (default)
2019-07-30 15:29:45,870 INFO  server.RaftServerConfigKeys (ConfUtils.java:logGet(43)) - raft.server.rpc.sleep.time = 25ms (default)
2019-07-30 15:29:45,870 INFO  server.RaftServerConfigKeys (ConfUtils.java:logGet(43)) - raft.server.write.element-limit = 4096 (default)
2019-07-30 15:29:45,870 INFO  server.RaftServerConfigKeys (ConfUtils.java:logGet(43)) - raft.server.watch.timeout = 10s (default)
2019-07-30 15:29:45,870 INFO  server.RaftServerConfigKeys (ConfUtils.java:logGet(43)) - raft.server.watch.timeout.denomination = 1s (default)
2019-07-30 15:29:45,870 INFO  server.RaftServerConfigKeys (ConfUtils.java:logGet(43)) - raft.server.watch.element-limit = 65536 (default)
2019-07-30 15:29:45,871 INFO  impl.RoleInfo (RoleInfo.java:updateAndGet(143)) - 49a0e113-d55f-41ab-a95d-96aa5e340106: start LeaderState
2019-07-30 15:29:45,871 INFO  segmented.SegmentedRaftLogWorker (SegmentedRaftLogWorker.java:startLogSegment(380)) - 49a0e113-d55f-41ab-a95d-96aa5e340106-SegmentedRaftLogWorker:Storage Directory /workdir/hadoop-ozone/integration-test/target/test-dir/MiniOzoneClusterImpl-1546bc1a-6156-45ec-b38e-287b428d3c04/datanode-2/data/ratis/ca2845f9-0167-43ab-823e-2cf1045ed529: Starting segment from index:0
2019-07-30 15:29:45,872 INFO  impl.RaftServerImpl (ServerState.java:setRaftConf(361)) - 49a0e113-d55f-41ab-a95d-96aa5e340106:group-2CF1045ED529 set configuration 0: [49a0e113-d55f-41ab-a95d-96aa5e340106:192.168.5.170:43908], old=null at 0
2019-07-30 15:29:45,905 INFO  impl.FollowerState (FollowerState.java:run(106)) - 4e48bee2-5f87-4936-b5f2-20b01b2a2fc7:group-C998F06EDDDA changes to CANDIDATE, lastRpcTime:5129, electionTimeout:5129ms
2019-07-30 15:29:45,905 INFO  impl.RoleInfo (RoleInfo.java:shutdownFollowerState(121)) - 4e48bee2-5f87-4936-b5f2-20b01b2a2fc7: shutdown FollowerState
2019-07-30 15:29:45,905 INFO  impl.RaftServerImpl (RaftServerImpl.java:setRole(171)) - 4e48bee2-5f87-4936-b5f2-20b01b2a2fc7:group-C998F06EDDDA changes role from FOLLOWER to CANDIDATE at term 0 for changeToCandidate
2019-07-30 15:29:45,906 INFO  impl.RoleInfo (RoleInfo.java:updateAndGet(143)) - 4e48bee2-5f87-4936-b5f2-20b01b2a2fc7: start LeaderElection
2019-07-30 15:29:45,913 INFO  segmented.SegmentedRaftLogWorker (SegmentedRaftLogWorker.java:execute(569)) - 5b36f0a0-8a95-48d6-ad58-d56a2d3738c4-SegmentedRaftLogWorker:Storage Directory /workdir/hadoop-ozone/integration-test/target/test-dir/MiniOzoneClusterImpl-1546bc1a-6156-45ec-b38e-287b428d3c04/datanode-0/data/ratis/db664201-7d44-4cab-b87d-f1e6423e75ec: created new log segment /workdir/hadoop-ozone/integration-test/target/test-dir/MiniOzoneClusterImpl-1546bc1a-6156-45ec-b38e-287b428d3c04/datanode-0/data/ratis/db664201-7d44-4cab-b87d-f1e6423e75ec/current/log_inprogress_0
2019-07-30 15:29:45,925 INFO  segmented.SegmentedRaftLogWorker (SegmentedRaftLogWorker.java:execute(569)) - 49a0e113-d55f-41ab-a95d-96aa5e340106-SegmentedRaftLogWorker:Storage Directory /workdir/hadoop-ozone/integration-test/target/test-dir/MiniOzoneClusterImpl-1546bc1a-6156-45ec-b38e-287b428d3c04/datanode-2/data/ratis/ca2845f9-0167-43ab-823e-2cf1045ed529: created new log segment /workdir/hadoop-ozone/integration-test/target/test-dir/MiniOzoneClusterImpl-1546bc1a-6156-45ec-b38e-287b428d3c04/datanode-2/data/ratis/ca2845f9-0167-43ab-823e-2cf1045ed529/current/log_inprogress_0
2019-07-30 15:29:45,925 INFO  segmented.SegmentedRaftLogWorker (SegmentedRaftLogWorker.java:execute(569)) - 5cbc2b48-1ae5-4af6-b371-e8e3a42e7f9a-SegmentedRaftLogWorker:Storage Directory /workdir/hadoop-ozone/integration-test/target/test-dir/MiniOzoneClusterImpl-1546bc1a-6156-45ec-b38e-287b428d3c04/datanode-1/data/ratis/99411056-eaea-4096-b70a-0d90d06b6216: created new log segment /workdir/hadoop-ozone/integration-test/target/test-dir/MiniOzoneClusterImpl-1546bc1a-6156-45ec-b38e-287b428d3c04/datanode-1/data/ratis/99411056-eaea-4096-b70a-0d90d06b6216/current/log_inprogress_0
2019-07-30 15:29:45,925 INFO  impl.LeaderElection (LeaderElection.java:askForVotes(181)) - 4e48bee2-5f87-4936-b5f2-20b01b2a2fc7:group-C998F06EDDDA:LeaderElection5: begin an election at term 1 for -1: [4e48bee2-5f87-4936-b5f2-20b01b2a2fc7:192.168.5.170:42247], old=null
2019-07-30 15:29:45,925 INFO  segmented.SegmentedRaftLogWorker (SegmentedRaftLogWorker.java:execute(569)) - 51811804-40f4-47bd-bce5-53715d2336ea-SegmentedRaftLogWorker:Storage Directory /workdir/hadoop-ozone/integration-test/target/test-dir/MiniOzoneClusterImpl-1546bc1a-6156-45ec-b38e-287b428d3c04/datanode-3/data/ratis/355030de-473f-49db-81da-226d73a5f6d4: created new log segment /workdir/hadoop-ozone/integration-test/target/test-dir/MiniOzoneClusterImpl-1546bc1a-6156-45ec-b38e-287b428d3c04/datanode-3/data/ratis/355030de-473f-49db-81da-226d73a5f6d4/current/log_inprogress_0
2019-07-30 15:29:45,931 INFO  impl.RoleInfo (RoleInfo.java:shutdownLeaderElection(134)) - 4e48bee2-5f87-4936-b5f2-20b01b2a2fc7: shutdown LeaderElection
2019-07-30 15:29:45,931 INFO  impl.RaftServerImpl (RaftServerImpl.java:setRole(171)) - 4e48bee2-5f87-4936-b5f2-20b01b2a2fc7:group-C998F06EDDDA changes role from CANDIDATE to LEADER at term 1 for changeToLeader
2019-07-30 15:29:45,931 INFO  impl.RaftServerImpl (ServerState.java:setLeader(263)) - 4e48bee2-5f87-4936-b5f2-20b01b2a2fc7:group-C998F06EDDDA change Leader from null to 4e48bee2-5f87-4936-b5f2-20b01b2a2fc7 at term 1 for becomeLeader, leader elected after 5158ms
2019-07-30 15:29:45,931 INFO  server.RaftServerConfigKeys (ConfUtils.java:logGet(43)) - raft.server.staging.catchup.gap = 1000 (default)
2019-07-30 15:29:45,931 INFO  server.RaftServerConfigKeys (ConfUtils.java:logGet(43)) - raft.server.rpc.sleep.time = 25ms (default)
2019-07-30 15:29:45,931 INFO  server.RaftServerConfigKeys (ConfUtils.java:logGet(43)) - raft.server.write.element-limit = 4096 (default)
2019-07-30 15:29:45,932 INFO  server.RaftServerConfigKeys (ConfUtils.java:logGet(43)) - raft.server.watch.timeout = 10s (default)
2019-07-30 15:29:45,932 INFO  server.RaftServerConfigKeys (ConfUtils.java:logGet(43)) - raft.server.watch.timeout.denomination = 1s (default)
2019-07-30 15:29:45,932 INFO  server.RaftServerConfigKeys (ConfUtils.java:logGet(43)) - raft.server.watch.element-limit = 65536 (default)
2019-07-30 15:29:45,932 INFO  impl.RoleInfo (RoleInfo.java:updateAndGet(143)) - 4e48bee2-5f87-4936-b5f2-20b01b2a2fc7: start LeaderState
2019-07-30 15:29:45,932 INFO  segmented.SegmentedRaftLogWorker (SegmentedRaftLogWorker.java:startLogSegment(380)) - 4e48bee2-5f87-4936-b5f2-20b01b2a2fc7-SegmentedRaftLogWorker:Storage Directory /workdir/hadoop-ozone/integration-test/target/test-dir/MiniOzoneClusterImpl-1546bc1a-6156-45ec-b38e-287b428d3c04/datanode-5/data/ratis/202e2586-543c-4a41-9a5f-c998f06eddda: Starting segment from index:0
2019-07-30 15:29:45,933 INFO  impl.RaftServerImpl (ServerState.java:setRaftConf(361)) - 4e48bee2-5f87-4936-b5f2-20b01b2a2fc7:group-C998F06EDDDA set configuration 0: [4e48bee2-5f87-4936-b5f2-20b01b2a2fc7:192.168.5.170:42247], old=null at 0
2019-07-30 15:29:45,963 INFO  segmented.SegmentedRaftLogWorker (SegmentedRaftLogWorker.java:execute(569)) - 4e48bee2-5f87-4936-b5f2-20b01b2a2fc7-SegmentedRaftLogWorker:Storage Directory /workdir/hadoop-ozone/integration-test/target/test-dir/MiniOzoneClusterImpl-1546bc1a-6156-45ec-b38e-287b428d3c04/datanode-5/data/ratis/202e2586-543c-4a41-9a5f-c998f06eddda: created new log segment /workdir/hadoop-ozone/integration-test/target/test-dir/MiniOzoneClusterImpl-1546bc1a-6156-45ec-b38e-287b428d3c04/datanode-5/data/ratis/202e2586-543c-4a41-9a5f-c998f06eddda/current/log_inprogress_0
2019-07-30 15:29:46,001 INFO  impl.FollowerState (FollowerState.java:run(106)) - 5cbc2b48-1ae5-4af6-b371-e8e3a42e7f9a:group-6E17F51B08AF changes to CANDIDATE, lastRpcTime:5069, electionTimeout:5067ms
2019-07-30 15:29:46,001 INFO  impl.FollowerState (FollowerState.java:run(106)) - 3ff6c92b-625e-401e-aa98-18d4fffcc363:group-0CF5DFBA2CEC changes to CANDIDATE, lastRpcTime:5149, electionTimeout:5149ms
2019-07-30 15:29:46,002 INFO  impl.RoleInfo (RoleInfo.java:shutdownFollowerState(121)) - 5cbc2b48-1ae5-4af6-b371-e8e3a42e7f9a: shutdown FollowerState
2019-07-30 15:29:46,003 INFO  impl.RoleInfo (RoleInfo.java:shutdownFollowerState(121)) - 3ff6c92b-625e-401e-aa98-18d4fffcc363: shutdown FollowerState
2019-07-30 15:29:46,003 INFO  impl.RaftServerImpl (RaftServerImpl.java:setRole(171)) - 5cbc2b48-1ae5-4af6-b371-e8e3a42e7f9a:group-6E17F51B08AF changes role from FOLLOWER to CANDIDATE at term 0 for changeToCandidate
2019-07-30 15:29:46,003 INFO  impl.RaftServerImpl (RaftServerImpl.java:setRole(171)) - 3ff6c92b-625e-401e-aa98-18d4fffcc363:group-0CF5DFBA2CEC changes role from FOLLOWER to CANDIDATE at term 0 for changeToCandidate
2019-07-30 15:29:46,004 INFO  impl.RoleInfo (RoleInfo.java:updateAndGet(143)) - 5cbc2b48-1ae5-4af6-b371-e8e3a42e7f9a: start LeaderElection
2019-07-30 15:29:46,004 INFO  impl.RoleInfo (RoleInfo.java:updateAndGet(143)) - 3ff6c92b-625e-401e-aa98-18d4fffcc363: start LeaderElection
2019-07-30 15:29:46,022 INFO  impl.LeaderElection (LeaderElection.java:askForVotes(181)) - 3ff6c92b-625e-401e-aa98-18d4fffcc363:group-0CF5DFBA2CEC:LeaderElection7: begin an election at term 1 for -1: [3ff6c92b-625e-401e-aa98-18d4fffcc363:192.168.5.170:45437], old=null
2019-07-30 15:29:46,022 INFO  impl.LeaderElection (LeaderElection.java:askForVotes(181)) - 5cbc2b48-1ae5-4af6-b371-e8e3a42e7f9a:group-6E17F51B08AF:LeaderElection6: begin an election at term 1 for -1: [49a0e113-d55f-41ab-a95d-96aa5e340106:192.168.5.170:43908, 5cbc2b48-1ae5-4af6-b371-e8e3a42e7f9a:192.168.5.170:36443, 51811804-40f4-47bd-bce5-53715d2336ea:192.168.5.170:43461], old=null
2019-07-30 15:29:46,022 INFO  impl.RoleInfo (RoleInfo.java:shutdownLeaderElection(134)) - 3ff6c92b-625e-401e-aa98-18d4fffcc363: shutdown LeaderElection
2019-07-30 15:29:46,022 INFO  impl.RaftServerImpl (RaftServerImpl.java:setRole(171)) - 3ff6c92b-625e-401e-aa98-18d4fffcc363:group-0CF5DFBA2CEC changes role from CANDIDATE to LEADER at term 1 for changeToLeader
2019-07-30 15:29:46,022 INFO  impl.RaftServerImpl (ServerState.java:setLeader(263)) - 3ff6c92b-625e-401e-aa98-18d4fffcc363:group-0CF5DFBA2CEC change Leader from null to 3ff6c92b-625e-401e-aa98-18d4fffcc363 at term 1 for becomeLeader, leader elected after 5175ms
2019-07-30 15:29:46,023 INFO  server.RaftServerConfigKeys (ConfUtils.java:logGet(43)) - raft.server.staging.catchup.gap = 1000 (default)
2019-07-30 15:29:46,023 INFO  server.RaftServerConfigKeys (ConfUtils.java:logGet(43)) - raft.server.rpc.sleep.time = 25ms (default)
2019-07-30 15:29:46,023 INFO  server.RaftServerConfigKeys (ConfUtils.java:logGet(43)) - raft.server.write.element-limit = 4096 (default)
2019-07-30 15:29:46,024 INFO  server.RaftServerConfigKeys (ConfUtils.java:logGet(43)) - raft.server.watch.timeout = 10s (default)
2019-07-30 15:29:46,024 INFO  server.RaftServerConfigKeys (ConfUtils.java:logGet(43)) - raft.server.watch.timeout.denomination = 1s (default)
2019-07-30 15:29:46,024 INFO  server.RaftServerConfigKeys (ConfUtils.java:logGet(43)) - raft.server.watch.element-limit = 65536 (default)
2019-07-30 15:29:46,025 INFO  impl.RoleInfo (RoleInfo.java:updateAndGet(143)) - 3ff6c92b-625e-401e-aa98-18d4fffcc363: start LeaderState
2019-07-30 15:29:46,025 INFO  segmented.SegmentedRaftLogWorker (SegmentedRaftLogWorker.java:startLogSegment(380)) - 3ff6c92b-625e-401e-aa98-18d4fffcc363-SegmentedRaftLogWorker:Storage Directory /workdir/hadoop-ozone/integration-test/target/test-dir/MiniOzoneClusterImpl-1546bc1a-6156-45ec-b38e-287b428d3c04/datanode-4/data/ratis/211d8137-798a-470b-b0e2-0cf5dfba2cec: Starting segment from index:0
2019-07-30 15:29:46,026 INFO  impl.RaftServerImpl (ServerState.java:setRaftConf(361)) - 3ff6c92b-625e-401e-aa98-18d4fffcc363:group-0CF5DFBA2CEC set configuration 0: [3ff6c92b-625e-401e-aa98-18d4fffcc363:192.168.5.170:45437], old=null at 0
2019-07-30 15:29:46,059 INFO  impl.FollowerState (FollowerState.java:run(106)) - 49a0e113-d55f-41ab-a95d-96aa5e340106:group-6E17F51B08AF changes to CANDIDATE, lastRpcTime:5125, electionTimeout:5094ms
2019-07-30 15:29:46,059 INFO  impl.RoleInfo (RoleInfo.java:shutdownFollowerState(121)) - 49a0e113-d55f-41ab-a95d-96aa5e340106: shutdown FollowerState
2019-07-30 15:29:46,060 INFO  impl.RaftServerImpl (RaftServerImpl.java:setRole(171)) - 49a0e113-d55f-41ab-a95d-96aa5e340106:group-6E17F51B08AF changes role from FOLLOWER to CANDIDATE at term 0 for changeToCandidate
2019-07-30 15:29:46,060 INFO  impl.RoleInfo (RoleInfo.java:updateAndGet(143)) - 49a0e113-d55f-41ab-a95d-96aa5e340106: start LeaderElection
2019-07-30 15:29:46,071 INFO  segmented.SegmentedRaftLogWorker (SegmentedRaftLogWorker.java:execute(569)) - 3ff6c92b-625e-401e-aa98-18d4fffcc363-SegmentedRaftLogWorker:Storage Directory /workdir/hadoop-ozone/integration-test/target/test-dir/MiniOzoneClusterImpl-1546bc1a-6156-45ec-b38e-287b428d3c04/datanode-4/data/ratis/211d8137-798a-470b-b0e2-0cf5dfba2cec: created new log segment /workdir/hadoop-ozone/integration-test/target/test-dir/MiniOzoneClusterImpl-1546bc1a-6156-45ec-b38e-287b428d3c04/datanode-4/data/ratis/211d8137-798a-470b-b0e2-0cf5dfba2cec/current/log_inprogress_0
2019-07-30 15:29:46,072 INFO  impl.LeaderElection (LeaderElection.java:askForVotes(181)) - 49a0e113-d55f-41ab-a95d-96aa5e340106:group-6E17F51B08AF:LeaderElection8: begin an election at term 1 for -1: [49a0e113-d55f-41ab-a95d-96aa5e340106:192.168.5.170:43908, 5cbc2b48-1ae5-4af6-b371-e8e3a42e7f9a:192.168.5.170:36443, 51811804-40f4-47bd-bce5-53715d2336ea:192.168.5.170:43461], old=null
2019-07-30 15:29:46,081 INFO  impl.FollowerState (FollowerState.java:run(106)) - 51811804-40f4-47bd-bce5-53715d2336ea:group-6E17F51B08AF changes to CANDIDATE, lastRpcTime:5153, electionTimeout:5150ms
2019-07-30 15:29:46,084 INFO  impl.RoleInfo (RoleInfo.java:shutdownFollowerState(121)) - 51811804-40f4-47bd-bce5-53715d2336ea: shutdown FollowerState
2019-07-30 15:29:46,084 INFO  impl.RaftServerImpl (RaftServerImpl.java:setRole(171)) - 51811804-40f4-47bd-bce5-53715d2336ea:group-6E17F51B08AF changes role from FOLLOWER to CANDIDATE at term 0 for changeToCandidate
2019-07-30 15:29:46,085 INFO  impl.RoleInfo (RoleInfo.java:updateAndGet(143)) - 51811804-40f4-47bd-bce5-53715d2336ea: start LeaderElection
2019-07-30 15:29:46,104 INFO  impl.LeaderElection (LeaderElection.java:askForVotes(181)) - 51811804-40f4-47bd-bce5-53715d2336ea:group-6E17F51B08AF:LeaderElection9: begin an election at term 1 for -1: [49a0e113-d55f-41ab-a95d-96aa5e340106:192.168.5.170:43908, 5cbc2b48-1ae5-4af6-b371-e8e3a42e7f9a:192.168.5.170:36443, 51811804-40f4-47bd-bce5-53715d2336ea:192.168.5.170:43461], old=null
2019-07-30 15:29:46,109 INFO  impl.FollowerState (FollowerState.java:run(106)) - 4e48bee2-5f87-4936-b5f2-20b01b2a2fc7:group-B1D78C2F532D changes to CANDIDATE, lastRpcTime:5079, electionTimeout:5078ms
2019-07-30 15:29:46,109 INFO  impl.RoleInfo (RoleInfo.java:shutdownFollowerState(121)) - 4e48bee2-5f87-4936-b5f2-20b01b2a2fc7: shutdown FollowerState
2019-07-30 15:29:46,109 INFO  impl.RaftServerImpl (RaftServerImpl.java:setRole(171)) - 4e48bee2-5f87-4936-b5f2-20b01b2a2fc7:group-B1D78C2F532D changes role from FOLLOWER to CANDIDATE at term 0 for changeToCandidate
2019-07-30 15:29:46,109 INFO  impl.RoleInfo (RoleInfo.java:updateAndGet(143)) - 4e48bee2-5f87-4936-b5f2-20b01b2a2fc7: start LeaderElection
2019-07-30 15:29:46,131 INFO  impl.LeaderElection (LeaderElection.java:askForVotes(181)) - 4e48bee2-5f87-4936-b5f2-20b01b2a2fc7:group-B1D78C2F532D:LeaderElection10: begin an election at term 1 for -1: [4e48bee2-5f87-4936-b5f2-20b01b2a2fc7:192.168.5.170:42247, 3ff6c92b-625e-401e-aa98-18d4fffcc363:192.168.5.170:45437, 5b36f0a0-8a95-48d6-ad58-d56a2d3738c4:192.168.5.170:38930], old=null
2019-07-30 15:29:46,134 INFO  impl.LeaderElection (LeaderElection.java:logAndReturn(56)) - 5cbc2b48-1ae5-4af6-b371-e8e3a42e7f9a:group-6E17F51B08AF:LeaderElection6: Election REJECTED; received 2 response(s) [5cbc2b48-1ae5-4af6-b371-e8e3a42e7f9a<-49a0e113-d55f-41ab-a95d-96aa5e340106#0:FAIL-t1, 5cbc2b48-1ae5-4af6-b371-e8e3a42e7f9a<-51811804-40f4-47bd-bce5-53715d2336ea#0:FAIL-t1] and 0 exception(s); 5cbc2b48-1ae5-4af6-b371-e8e3a42e7f9a:t1, leader=null, voted=5cbc2b48-1ae5-4af6-b371-e8e3a42e7f9a, raftlog=5cbc2b48-1ae5-4af6-b371-e8e3a42e7f9a-SegmentedRaftLog:OPENED:c-1,f-1,i0, conf=-1: [49a0e113-d55f-41ab-a95d-96aa5e340106:192.168.5.170:43908, 5cbc2b48-1ae5-4af6-b371-e8e3a42e7f9a:192.168.5.170:36443, 51811804-40f4-47bd-bce5-53715d2336ea:192.168.5.170:43461], old=null
2019-07-30 15:29:46,134 INFO  impl.LeaderElection (LeaderElection.java:logAndReturn(56)) - 49a0e113-d55f-41ab-a95d-96aa5e340106:group-6E17F51B08AF:LeaderElection8: Election REJECTED; received 2 response(s) [49a0e113-d55f-41ab-a95d-96aa5e340106<-5cbc2b48-1ae5-4af6-b371-e8e3a42e7f9a#0:FAIL-t1, 49a0e113-d55f-41ab-a95d-96aa5e340106<-51811804-40f4-47bd-bce5-53715d2336ea#0:FAIL-t1] and 0 exception(s); 49a0e113-d55f-41ab-a95d-96aa5e340106:t1, leader=null, voted=49a0e113-d55f-41ab-a95d-96aa5e340106, raftlog=49a0e113-d55f-41ab-a95d-96aa5e340106-SegmentedRaftLog:OPENED:c-1,f-1,i0, conf=-1: [49a0e113-d55f-41ab-a95d-96aa5e340106:192.168.5.170:43908, 5cbc2b48-1ae5-4af6-b371-e8e3a42e7f9a:192.168.5.170:36443, 51811804-40f4-47bd-bce5-53715d2336ea:192.168.5.170:43461], old=null
2019-07-30 15:29:46,142 INFO  impl.RaftServerImpl (RaftServerImpl.java:setRole(171)) - 49a0e113-d55f-41ab-a95d-96aa5e340106:group-6E17F51B08AF changes role from CANDIDATE to FOLLOWER at term 1 for DISCOVERED_A_NEW_TERM
2019-07-30 15:29:46,142 INFO  impl.RaftServerImpl (RaftServerImpl.java:setRole(171)) - 5cbc2b48-1ae5-4af6-b371-e8e3a42e7f9a:group-6E17F51B08AF changes role from CANDIDATE to FOLLOWER at term 1 for DISCOVERED_A_NEW_TERM
2019-07-30 15:29:46,144 INFO  impl.RoleInfo (RoleInfo.java:shutdownLeaderElection(134)) - 5cbc2b48-1ae5-4af6-b371-e8e3a42e7f9a: shutdown LeaderElection
2019-07-30 15:29:46,142 INFO  impl.RoleInfo (RoleInfo.java:shutdownLeaderElection(134)) - 49a0e113-d55f-41ab-a95d-96aa5e340106: shutdown LeaderElection
2019-07-30 15:29:46,144 INFO  impl.RoleInfo (RoleInfo.java:updateAndGet(143)) - 5cbc2b48-1ae5-4af6-b371-e8e3a42e7f9a: start FollowerState
2019-07-30 15:29:46,144 INFO  impl.RoleInfo (RoleInfo.java:updateAndGet(143)) - 49a0e113-d55f-41ab-a95d-96aa5e340106: start FollowerState
2019-07-30 15:29:46,152 INFO  client.GrpcClientProtocolClient (GrpcClientProtocolClient.java:onNext(255)) - client-3B1D1311CB41->4e48bee2-5f87-4936-b5f2-20b01b2a2fc7: receive RaftClientReply:client-3B1D1311CB41->4e48bee2-5f87-4936-b5f2-20b01b2a2fc7@group-B1D78C2F532D, cid=12, FAILED org.apache.ratis.protocol.NotLeaderException: Server 4e48bee2-5f87-4936-b5f2-20b01b2a2fc7 is not the leader (null). Request must be sent to leader., logIndex=0, commits[4e48bee2-5f87-4936-b5f2-20b01b2a2fc7:c-1]
2019-07-30 15:29:46,161 INFO  impl.RaftServerImpl (RaftServerImpl.java:setRole(171)) - 5b36f0a0-8a95-48d6-ad58-d56a2d3738c4:group-B1D78C2F532D changes role from FOLLOWER to FOLLOWER at term 1 for recognizeCandidate:4e48bee2-5f87-4936-b5f2-20b01b2a2fc7
2019-07-30 15:29:46,161 INFO  impl.RoleInfo (RoleInfo.java:shutdownFollowerState(121)) - 5b36f0a0-8a95-48d6-ad58-d56a2d3738c4: shutdown FollowerState
2019-07-30 15:29:46,164 INFO  impl.FollowerState (FollowerState.java:run(114)) - 5b36f0a0-8a95-48d6-ad58-d56a2d3738c4: FollowerState was interrupted: java.lang.InterruptedException: sleep interrupted
2019-07-30 15:29:46,165 INFO  impl.RoleInfo (RoleInfo.java:updateAndGet(143)) - 5b36f0a0-8a95-48d6-ad58-d56a2d3738c4: start FollowerState
2019-07-30 15:29:46,170 INFO  impl.RaftServerImpl (RaftServerImpl.java:setRole(171)) - 3ff6c92b-625e-401e-aa98-18d4fffcc363:group-B1D78C2F532D changes role from FOLLOWER to FOLLOWER at term 1 for recognizeCandidate:4e48bee2-5f87-4936-b5f2-20b01b2a2fc7
2019-07-30 15:29:46,170 INFO  impl.RoleInfo (RoleInfo.java:shutdownFollowerState(121)) - 3ff6c92b-625e-401e-aa98-18d4fffcc363: shutdown FollowerState
2019-07-30 15:29:46,170 INFO  impl.RoleInfo (RoleInfo.java:updateAndGet(143)) - 3ff6c92b-625e-401e-aa98-18d4fffcc363: start FollowerState
2019-07-30 15:29:46,170 INFO  impl.FollowerState (FollowerState.java:run(114)) - 3ff6c92b-625e-401e-aa98-18d4fffcc363: FollowerState was interrupted: java.lang.InterruptedException: sleep interrupted
2019-07-30 15:29:46,175 INFO  impl.LeaderElection (LeaderElection.java:logAndReturn(56)) - 51811804-40f4-47bd-bce5-53715d2336ea:group-6E17F51B08AF:LeaderElection9: Election REJECTED; received 2 response(s) [51811804-40f4-47bd-bce5-53715d2336ea<-49a0e113-d55f-41ab-a95d-96aa5e340106#0:FAIL-t1, 51811804-40f4-47bd-bce5-53715d2336ea<-5cbc2b48-1ae5-4af6-b371-e8e3a42e7f9a#0:FAIL-t1] and 0 exception(s); 51811804-40f4-47bd-bce5-53715d2336ea:t1, leader=null, voted=51811804-40f4-47bd-bce5-53715d2336ea, raftlog=51811804-40f4-47bd-bce5-53715d2336ea-SegmentedRaftLog:OPENED:c-1,f-1,i0, conf=-1: [49a0e113-d55f-41ab-a95d-96aa5e340106:192.168.5.170:43908, 5cbc2b48-1ae5-4af6-b371-e8e3a42e7f9a:192.168.5.170:36443, 51811804-40f4-47bd-bce5-53715d2336ea:192.168.5.170:43461], old=null
2019-07-30 15:29:46,175 INFO  impl.RaftServerImpl (RaftServerImpl.java:setRole(171)) - 51811804-40f4-47bd-bce5-53715d2336ea:group-6E17F51B08AF changes role from CANDIDATE to FOLLOWER at term 1 for DISCOVERED_A_NEW_TERM
2019-07-30 15:29:46,176 INFO  impl.RoleInfo (RoleInfo.java:shutdownLeaderElection(134)) - 51811804-40f4-47bd-bce5-53715d2336ea: shutdown LeaderElection
2019-07-30 15:29:46,176 INFO  impl.RoleInfo (RoleInfo.java:updateAndGet(143)) - 51811804-40f4-47bd-bce5-53715d2336ea: start FollowerState
2019-07-30 15:29:46,184 WARN  io.KeyOutputStream (KeyOutputStream.java:handleException(276)) - Encountered exception java.io.IOException: Unexpected Storage Container Exception: java.util.concurrent.CompletionException: java.util.concurrent.CompletionException: org.apache.ratis.protocol.RaftRetryFailureException: Failed RaftClientRequest:client-3B1D1311CB41->4e48bee2-5f87-4936-b5f2-20b01b2a2fc7@group-B1D78C2F532D, cid=12, seq=1*, RW, org.apache.hadoop.hdds.scm.XceiverClientRatis$$Lambda$314/1472633143@3331fc41 for 5 attempts with RetryLimited(maxAttempts=5, sleepTime=1000ms) on the pipeline Pipeline[ Id: 3694e1ff-e2f2-48e4-ab12-b1d78c2f532d, Nodes: 5b36f0a0-8a95-48d6-ad58-d56a2d3738c4{ip: 192.168.5.170, host: byscane-nightly-xg47r-921641087, networkLocation: /default-rack, certSerialId: null}4e48bee2-5f87-4936-b5f2-20b01b2a2fc7{ip: 192.168.5.170, host: byscane-nightly-xg47r-921641087, networkLocation: /default-rack, certSerialId: null}3ff6c92b-625e-401e-aa98-18d4fffcc363{ip: 192.168.5.170, host: byscane-nightly-xg47r-921641087, networkLocation: /default-rack, certSerialId: null}, Type:RATIS, Factor:THREE, State:OPEN]. The last committed block length is 0, uncommitted data length is 2097152 retry count 0
2019-07-30 15:29:46,190 INFO  impl.LeaderElection (LeaderElection.java:logAndReturn(56)) - 4e48bee2-5f87-4936-b5f2-20b01b2a2fc7:group-B1D78C2F532D:LeaderElection10: Election PASSED; received 1 response(s) [4e48bee2-5f87-4936-b5f2-20b01b2a2fc7<-5b36f0a0-8a95-48d6-ad58-d56a2d3738c4#0:OK-t1] and 0 exception(s); 4e48bee2-5f87-4936-b5f2-20b01b2a2fc7:t1, leader=null, voted=4e48bee2-5f87-4936-b5f2-20b01b2a2fc7, raftlog=4e48bee2-5f87-4936-b5f2-20b01b2a2fc7-SegmentedRaftLog:OPENED:c-1,f-1,i0, conf=-1: [4e48bee2-5f87-4936-b5f2-20b01b2a2fc7:192.168.5.170:42247, 3ff6c92b-625e-401e-aa98-18d4fffcc363:192.168.5.170:45437, 5b36f0a0-8a95-48d6-ad58-d56a2d3738c4:192.168.5.170:38930], old=null
2019-07-30 15:29:46,190 INFO  impl.RoleInfo (RoleInfo.java:shutdownLeaderElection(134)) - 4e48bee2-5f87-4936-b5f2-20b01b2a2fc7: shutdown LeaderElection
2019-07-30 15:29:46,190 INFO  impl.RaftServerImpl (RaftServerImpl.java:setRole(171)) - 4e48bee2-5f87-4936-b5f2-20b01b2a2fc7:group-B1D78C2F532D changes role from CANDIDATE to LEADER at term 1 for changeToLeader
2019-07-30 15:29:46,191 INFO  impl.RaftServerImpl (ServerState.java:setLeader(263)) - 4e48bee2-5f87-4936-b5f2-20b01b2a2fc7:group-B1D78C2F532D change Leader from null to 4e48bee2-5f87-4936-b5f2-20b01b2a2fc7 at term 1 for becomeLeader, leader elected after 5180ms
2019-07-30 15:29:46,192 INFO  server.RaftServerConfigKeys (ConfUtils.java:logGet(43)) - raft.server.staging.catchup.gap = 1000 (default)
2019-07-30 15:29:46,192 INFO  server.RaftServerConfigKeys (ConfUtils.java:logGet(43)) - raft.server.rpc.sleep.time = 25ms (default)
2019-07-30 15:29:46,192 INFO  server.RaftServerConfigKeys (ConfUtils.java:logGet(43)) - raft.server.write.element-limit = 4096 (default)
2019-07-30 15:29:46,193 INFO  server.RaftServerConfigKeys (ConfUtils.java:logGet(43)) - raft.server.watch.timeout = 10s (default)
2019-07-30 15:29:46,193 INFO  server.RaftServerConfigKeys (ConfUtils.java:logGet(43)) - raft.server.watch.timeout.denomination = 1s (default)
2019-07-30 15:29:46,193 INFO  server.RaftServerConfigKeys (ConfUtils.java:logGet(43)) - raft.server.watch.element-limit = 65536 (default)
2019-07-30 15:29:46,195 INFO  server.RaftServerConfigKeys (ConfUtils.java:logGet(43)) - raft.server.log.appender.snapshot.chunk.size.max = 16MB (=16777216) (default)
2019-07-30 15:29:46,197 INFO  server.RaftServerConfigKeys (ConfUtils.java:logGet(43)) - raft.server.log.appender.buffer.byte-limit = 33554432 (custom)
2019-07-30 15:29:46,198 INFO  server.RaftServerConfigKeys (ConfUtils.java:logGet(43)) - raft.server.log.appender.buffer.element-limit = 1 (custom)
2019-07-30 15:29:46,202 INFO  grpc.GrpcConfigKeys$Server (ConfUtils.java:logGet(43)) - raft.grpc.server.leader.outstanding.appends.max = 128 (default)
2019-07-30 15:29:46,205 INFO  server.RaftServerConfigKeys (ConfUtils.java:logGet(43)) - raft.server.rpc.request.timeout = 3000ms (default)
2019-07-30 15:29:46,205 INFO  server.RaftServerConfigKeys (ConfUtils.java:logGet(43)) - raft.server.log.appender.install.snapshot.enabled = false (custom)
2019-07-30 15:29:46,205 INFO  server.RaftServerConfigKeys (ConfUtils.java:logGet(43)) - raft.server.log.appender.snapshot.chunk.size.max = 16MB (=16777216) (default)
2019-07-30 15:29:46,205 INFO  server.RaftServerConfigKeys (ConfUtils.java:logGet(43)) - raft.server.log.appender.buffer.byte-limit = 33554432 (custom)
2019-07-30 15:29:46,205 INFO  server.RaftServerConfigKeys (ConfUtils.java:logGet(43)) - raft.server.log.appender.buffer.element-limit = 1 (custom)
2019-07-30 15:29:46,205 INFO  grpc.GrpcConfigKeys$Server (ConfUtils.java:logGet(43)) - raft.grpc.server.leader.outstanding.appends.max = 128 (default)
2019-07-30 15:29:46,205 INFO  server.RaftServerConfigKeys (ConfUtils.java:logGet(43)) - raft.server.rpc.request.timeout = 3000ms (default)
2019-07-30 15:29:46,205 INFO  server.RaftServerConfigKeys (ConfUtils.java:logGet(43)) - raft.server.log.appender.install.snapshot.enabled = false (custom)
2019-07-30 15:29:46,207 INFO  impl.RoleInfo (RoleInfo.java:updateAndGet(143)) - 4e48bee2-5f87-4936-b5f2-20b01b2a2fc7: start LeaderState
2019-07-30 15:29:46,207 INFO  segmented.SegmentedRaftLogWorker (SegmentedRaftLogWorker.java:startLogSegment(380)) - 4e48bee2-5f87-4936-b5f2-20b01b2a2fc7-SegmentedRaftLogWorker:Storage Directory /workdir/hadoop-ozone/integration-test/target/test-dir/MiniOzoneClusterImpl-1546bc1a-6156-45ec-b38e-287b428d3c04/datanode-5/data/ratis/3694e1ff-e2f2-48e4-ab12-b1d78c2f532d: Starting segment from index:0
2019-07-30 15:29:46,208 INFO  impl.RaftServerImpl (ServerState.java:setRaftConf(361)) - 4e48bee2-5f87-4936-b5f2-20b01b2a2fc7:group-B1D78C2F532D set configuration 0: [4e48bee2-5f87-4936-b5f2-20b01b2a2fc7:192.168.5.170:42247, 3ff6c92b-625e-401e-aa98-18d4fffcc363:192.168.5.170:45437, 5b36f0a0-8a95-48d6-ad58-d56a2d3738c4:192.168.5.170:38930], old=null at 0
2019-07-30 15:29:46,237 INFO  segmented.SegmentedRaftLogWorker (SegmentedRaftLogWorker.java:execute(569)) - 4e48bee2-5f87-4936-b5f2-20b01b2a2fc7-SegmentedRaftLogWorker:Storage Directory /workdir/hadoop-ozone/integration-test/target/test-dir/MiniOzoneClusterImpl-1546bc1a-6156-45ec-b38e-287b428d3c04/datanode-5/data/ratis/3694e1ff-e2f2-48e4-ab12-b1d78c2f532d: created new log segment /workdir/hadoop-ozone/integration-test/target/test-dir/MiniOzoneClusterImpl-1546bc1a-6156-45ec-b38e-287b428d3c04/datanode-5/data/ratis/3694e1ff-e2f2-48e4-ab12-b1d78c2f532d/current/log_inprogress_0
2019-07-30 15:29:46,247 INFO  impl.RaftServerImpl (ServerState.java:setLeader(263)) - 5b36f0a0-8a95-48d6-ad58-d56a2d3738c4:group-B1D78C2F532D change Leader from null to 4e48bee2-5f87-4936-b5f2-20b01b2a2fc7 at term 1 for appendEntries, leader elected after 5236ms
2019-07-30 15:29:46,247 INFO  impl.RaftServerImpl (ServerState.java:setLeader(263)) - 3ff6c92b-625e-401e-aa98-18d4fffcc363:group-B1D78C2F532D change Leader from null to 4e48bee2-5f87-4936-b5f2-20b01b2a2fc7 at term 1 for appendEntries, leader elected after 5236ms
2019-07-30 15:29:46,274 INFO  client.GrpcClientProtocolClient (GrpcClientProtocolClient.java:onNext(255)) - client-6A7E954D4EAF->5cbc2b48-1ae5-4af6-b371-e8e3a42e7f9a: receive RaftClientReply:client-6A7E954D4EAF->5cbc2b48-1ae5-4af6-b371-e8e3a42e7f9a@group-6E17F51B08AF, cid=16, FAILED org.apache.ratis.protocol.NotLeaderException: Server 5cbc2b48-1ae5-4af6-b371-e8e3a42e7f9a is not the leader (null). Request must be sent to leader., logIndex=0, commits[5cbc2b48-1ae5-4af6-b371-e8e3a42e7f9a:c-1]
2019-07-30 15:29:46,289 INFO  impl.RaftServerImpl (ServerState.java:setRaftConf(361)) - 3ff6c92b-625e-401e-aa98-18d4fffcc363:group-B1D78C2F532D set configuration 0: [4e48bee2-5f87-4936-b5f2-20b01b2a2fc7:192.168.5.170:42247, 3ff6c92b-625e-401e-aa98-18d4fffcc363:192.168.5.170:45437, 5b36f0a0-8a95-48d6-ad58-d56a2d3738c4:192.168.5.170:38930], old=null at 0
2019-07-30 15:29:46,289 INFO  impl.RaftServerImpl (ServerState.java:setRaftConf(361)) - 5b36f0a0-8a95-48d6-ad58-d56a2d3738c4:group-B1D78C2F532D set configuration 0: [4e48bee2-5f87-4936-b5f2-20b01b2a2fc7:192.168.5.170:42247, 3ff6c92b-625e-401e-aa98-18d4fffcc363:192.168.5.170:45437, 5b36f0a0-8a95-48d6-ad58-d56a2d3738c4:192.168.5.170:38930], old=null at 0
2019-07-30 15:29:46,289 INFO  segmented.SegmentedRaftLogWorker (SegmentedRaftLogWorker.java:startLogSegment(380)) - 3ff6c92b-625e-401e-aa98-18d4fffcc363-SegmentedRaftLogWorker:Storage Directory /workdir/hadoop-ozone/integration-test/target/test-dir/MiniOzoneClusterImpl-1546bc1a-6156-45ec-b38e-287b428d3c04/datanode-4/data/ratis/3694e1ff-e2f2-48e4-ab12-b1d78c2f532d: Starting segment from index:0
2019-07-30 15:29:46,290 INFO  segmented.SegmentedRaftLogWorker (SegmentedRaftLogWorker.java:startLogSegment(380)) - 5b36f0a0-8a95-48d6-ad58-d56a2d3738c4-SegmentedRaftLogWorker:Storage Directory /workdir/hadoop-ozone/integration-test/target/test-dir/MiniOzoneClusterImpl-1546bc1a-6156-45ec-b38e-287b428d3c04/datanode-0/data/ratis/3694e1ff-e2f2-48e4-ab12-b1d78c2f532d: Starting segment from index:0
2019-07-30 15:29:46,318 INFO  segmented.SegmentedRaftLogWorker (SegmentedRaftLogWorker.java:execute(569)) - 3ff6c92b-625e-401e-aa98-18d4fffcc363-SegmentedRaftLogWorker:Storage Directory /workdir/hadoop-ozone/integration-test/target/test-dir/MiniOzoneClusterImpl-1546bc1a-6156-45ec-b38e-287b428d3c04/datanode-4/data/ratis/3694e1ff-e2f2-48e4-ab12-b1d78c2f532d: created new log segment /workdir/hadoop-ozone/integration-test/target/test-dir/MiniOzoneClusterImpl-1546bc1a-6156-45ec-b38e-287b428d3c04/datanode-4/data/ratis/3694e1ff-e2f2-48e4-ab12-b1d78c2f532d/current/log_inprogress_0
2019-07-30 15:29:46,318 INFO  segmented.SegmentedRaftLogWorker (SegmentedRaftLogWorker.java:execute(569)) - 5b36f0a0-8a95-48d6-ad58-d56a2d3738c4-SegmentedRaftLogWorker:Storage Directory /workdir/hadoop-ozone/integration-test/target/test-dir/MiniOzoneClusterImpl-1546bc1a-6156-45ec-b38e-287b428d3c04/datanode-0/data/ratis/3694e1ff-e2f2-48e4-ab12-b1d78c2f532d: created new log segment /workdir/hadoop-ozone/integration-test/target/test-dir/MiniOzoneClusterImpl-1546bc1a-6156-45ec-b38e-287b428d3c04/datanode-0/data/ratis/3694e1ff-e2f2-48e4-ab12-b1d78c2f532d/current/log_inprogress_0
2019-07-30 15:29:47,305 INFO  client.GrpcClientProtocolClient (GrpcClientProtocolClient.java:onNext(255)) - client-6A7E954D4EAF->51811804-40f4-47bd-bce5-53715d2336ea: receive RaftClientReply:client-6A7E954D4EAF->51811804-40f4-47bd-bce5-53715d2336ea@group-6E17F51B08AF, cid=16, FAILED org.apache.ratis.protocol.NotLeaderException: Server 51811804-40f4-47bd-bce5-53715d2336ea is not the leader (null). Request must be sent to leader., logIndex=0, commits[51811804-40f4-47bd-bce5-53715d2336ea:c-1]
2019-07-30 15:29:48,348 INFO  client.GrpcClientProtocolClient (GrpcClientProtocolClient.java:onNext(255)) - client-6A7E954D4EAF->5cbc2b48-1ae5-4af6-b371-e8e3a42e7f9a: receive RaftClientReply:client-6A7E954D4EAF->5cbc2b48-1ae5-4af6-b371-e8e3a42e7f9a@group-6E17F51B08AF, cid=16, FAILED org.apache.ratis.protocol.NotLeaderException: Server 5cbc2b48-1ae5-4af6-b371-e8e3a42e7f9a is not the leader (null). Request must be sent to leader., logIndex=0, commits[5cbc2b48-1ae5-4af6-b371-e8e3a42e7f9a:c-1]
2019-07-30 15:29:49,381 INFO  client.GrpcClientProtocolClient (GrpcClientProtocolClient.java:onNext(255)) - client-6A7E954D4EAF->49a0e113-d55f-41ab-a95d-96aa5e340106: receive RaftClientReply:client-6A7E954D4EAF->49a0e113-d55f-41ab-a95d-96aa5e340106@group-6E17F51B08AF, cid=16, FAILED org.apache.ratis.protocol.NotLeaderException: Server 49a0e113-d55f-41ab-a95d-96aa5e340106 is not the leader (null). Request must be sent to leader., logIndex=0, commits[49a0e113-d55f-41ab-a95d-96aa5e340106:c-1]
2019-07-30 15:29:50,427 INFO  client.GrpcClientProtocolClient (GrpcClientProtocolClient.java:onNext(255)) - client-6A7E954D4EAF->5cbc2b48-1ae5-4af6-b371-e8e3a42e7f9a: receive RaftClientReply:client-6A7E954D4EAF->5cbc2b48-1ae5-4af6-b371-e8e3a42e7f9a@group-6E17F51B08AF, cid=16, FAILED org.apache.ratis.protocol.NotLeaderException: Server 5cbc2b48-1ae5-4af6-b371-e8e3a42e7f9a is not the leader (null). Request must be sent to leader., logIndex=0, commits[5cbc2b48-1ae5-4af6-b371-e8e3a42e7f9a:c-1]
2019-07-30 15:29:50,437 WARN  io.KeyOutputStream (KeyOutputStream.java:handleException(276)) - Encountered exception java.io.IOException: Unexpected Storage Container Exception: java.util.concurrent.CompletionException: java.util.concurrent.CompletionException: org.apache.ratis.protocol.RaftRetryFailureException: Failed RaftClientRequest:client-6A7E954D4EAF->5cbc2b48-1ae5-4af6-b371-e8e3a42e7f9a@group-6E17F51B08AF, cid=16, seq=1*, RW, org.apache.hadoop.hdds.scm.XceiverClientRatis$$Lambda$314/1472633143@6e49c630 for 5 attempts with RetryLimited(maxAttempts=5, sleepTime=1000ms) on the pipeline Pipeline[ Id: 651195f5-1773-494e-9aea-6e17f51b08af, Nodes: 5cbc2b48-1ae5-4af6-b371-e8e3a42e7f9a{ip: 192.168.5.170, host: byscane-nightly-xg47r-921641087, networkLocation: /default-rack, certSerialId: null}51811804-40f4-47bd-bce5-53715d2336ea{ip: 192.168.5.170, host: byscane-nightly-xg47r-921641087, networkLocation: /default-rack, certSerialId: null}49a0e113-d55f-41ab-a95d-96aa5e340106{ip: 192.168.5.170, host: byscane-nightly-xg47r-921641087, networkLocation: /default-rack, certSerialId: null}, Type:RATIS, Factor:THREE, State:OPEN]. The last committed block length is 0, uncommitted data length is 2097152 retry count 1
2019-07-30 15:29:50,454 WARN  block.BlockManagerImpl (BlockManagerImpl.java:allocateBlock(192)) - Pipeline creation failed for type:RATIS factor:THREE. Retrying get pipelines call once.
org.apache.hadoop.hdds.scm.pipeline.InsufficientDatanodesException: Cannot create pipeline of factor 3 using 0 nodes.
	at org.apache.hadoop.hdds.scm.pipeline.RatisPipelineProvider.create(RatisPipelineProvider.java:151)
	at org.apache.hadoop.hdds.scm.pipeline.PipelineFactory.create(PipelineFactory.java:57)
	at org.apache.hadoop.hdds.scm.pipeline.SCMPipelineManager.createPipeline(SCMPipelineManager.java:149)
	at org.apache.hadoop.hdds.scm.block.BlockManagerImpl.allocateBlock(BlockManagerImpl.java:190)
	at org.apache.hadoop.hdds.scm.server.SCMBlockProtocolServer.allocateBlock(SCMBlockProtocolServer.java:175)
	at org.apache.hadoop.ozone.protocolPB.ScmBlockLocationProtocolServerSideTranslatorPB.allocateScmBlock(ScmBlockLocationProtocolServerSideTranslatorPB.java:153)
	at org.apache.hadoop.ozone.protocolPB.ScmBlockLocationProtocolServerSideTranslatorPB.send(ScmBlockLocationProtocolServerSideTranslatorPB.java:112)
	at org.apache.hadoop.hdds.protocol.proto.ScmBlockLocationProtocolProtos$ScmBlockLocationProtocolService$2.callBlockingMethod(ScmBlockLocationProtocolProtos.java:13157)
	at org.apache.hadoop.ipc.ProtobufRpcEngine$Server$ProtoBufRpcInvoker.call(ProtobufRpcEngine.java:524)
	at org.apache.hadoop.ipc.RPC$Server.call(RPC.java:1025)
	at org.apache.hadoop.ipc.Server$RpcCall.run(Server.java:876)
	at org.apache.hadoop.ipc.Server$RpcCall.run(Server.java:822)
	at java.security.AccessController.doPrivileged(Native Method)
	at javax.security.auth.Subject.doAs(Subject.java:422)
	at org.apache.hadoop.security.UserGroupInformation.doAs(UserGroupInformation.java:1730)
	at org.apache.hadoop.ipc.Server$Handler.run(Server.java:2682)
2019-07-30 15:29:50,459 INFO  block.BlockManagerImpl (BlockManagerImpl.java:allocateBlock(198)) - Could not find available pipeline of type:RATIS and factor:THREE even after retrying
2019-07-30 15:29:50,459 ERROR block.BlockManagerImpl (BlockManagerImpl.java:allocateBlock(222)) - Unable to allocate a block for the size: 4194304, type: RATIS, factor: THREE
15:29:50.464 [IPC Server handler 18 on 37256] ERROR OMAudit - user=jenkins1000 | ip=127.0.0.1 | op=ALLOCATE_BLOCK {volume=datanodefailurehandlingtest, bucket=datanodefailurehandlingtest, key=ratis3, dataSize=0, replicationType=null, replicationFactor=null, keyLocationInfo=null, clientID=102531110119407616} | ret=FAILURE
org.apache.hadoop.hdds.scm.exceptions.SCMException: Allocated 0 blocks. Requested 1 blocks
	at org.apache.hadoop.hdds.scm.protocolPB.ScmBlockLocationProtocolClientSideTranslatorPB.handleError(ScmBlockLocationProtocolClientSideTranslatorPB.java:118) ~[hadoop-hdds-common-0.4.1-SNAPSHOT.jar:?]
	at org.apache.hadoop.hdds.scm.protocolPB.ScmBlockLocationProtocolClientSideTranslatorPB.allocateBlock(ScmBlockLocationProtocolClientSideTranslatorPB.java:156) ~[hadoop-hdds-common-0.4.1-SNAPSHOT.jar:?]
	at sun.reflect.NativeMethodAccessorImpl.invoke0(Native Method) ~[?:1.8.0_212]
	at sun.reflect.NativeMethodAccessorImpl.invoke(NativeMethodAccessorImpl.java:62) ~[?:1.8.0_212]
	at sun.reflect.DelegatingMethodAccessorImpl.invoke(DelegatingMethodAccessorImpl.java:43) ~[?:1.8.0_212]
	at java.lang.reflect.Method.invoke(Method.java:498) ~[?:1.8.0_212]
	at org.apache.hadoop.hdds.tracing.TraceAllMethod.invoke(TraceAllMethod.java:66) ~[hadoop-hdds-common-0.4.1-SNAPSHOT.jar:?]
	at com.sun.proxy.$Proxy25.allocateBlock(Unknown Source) ~[?:?]
	at org.apache.hadoop.ozone.om.KeyManagerImpl.allocateBlock(KeyManagerImpl.java:333) ~[hadoop-ozone-ozone-manager-0.4.1-SNAPSHOT.jar:?]
	at org.apache.hadoop.ozone.om.KeyManagerImpl.allocateBlock(KeyManagerImpl.java:304) ~[hadoop-ozone-ozone-manager-0.4.1-SNAPSHOT.jar:?]
	at org.apache.hadoop.ozone.om.OzoneManager.allocateBlock(OzoneManager.java:2291) [hadoop-ozone-ozone-manager-0.4.1-SNAPSHOT.jar:?]
	at org.apache.hadoop.ozone.protocolPB.OzoneManagerRequestHandler.allocateBlock(OzoneManagerRequestHandler.java:717) [hadoop-ozone-ozone-manager-0.4.1-SNAPSHOT.jar:?]
	at org.apache.hadoop.ozone.protocolPB.OzoneManagerRequestHandler.handle(OzoneManagerRequestHandler.java:240) [hadoop-ozone-ozone-manager-0.4.1-SNAPSHOT.jar:?]
	at org.apache.hadoop.ozone.protocolPB.OzoneManagerProtocolServerSideTranslatorPB.submitRequestDirectlyToOM(OzoneManagerProtocolServerSideTranslatorPB.java:192) [hadoop-ozone-ozone-manager-0.4.1-SNAPSHOT.jar:?]
	at org.apache.hadoop.ozone.protocolPB.OzoneManagerProtocolServerSideTranslatorPB.submitRequest(OzoneManagerProtocolServerSideTranslatorPB.java:110) [hadoop-ozone-ozone-manager-0.4.1-SNAPSHOT.jar:?]
	at org.apache.hadoop.ozone.protocol.proto.OzoneManagerProtocolProtos$OzoneManagerService$2.callBlockingMethod(OzoneManagerProtocolProtos.java) [hadoop-ozone-common-0.4.1-SNAPSHOT.jar:?]
	at org.apache.hadoop.ipc.ProtobufRpcEngine$Server$ProtoBufRpcInvoker.call(ProtobufRpcEngine.java:524) [hadoop-common-3.2.0.jar:?]
	at org.apache.hadoop.ipc.RPC$Server.call(RPC.java:1025) [hadoop-common-3.2.0.jar:?]
	at org.apache.hadoop.ipc.Server$RpcCall.run(Server.java:876) [hadoop-common-3.2.0.jar:?]
	at org.apache.hadoop.ipc.Server$RpcCall.run(Server.java:822) [hadoop-common-3.2.0.jar:?]
	at java.security.AccessController.doPrivileged(Native Method) [?:1.8.0_212]
	at javax.security.auth.Subject.doAs(Subject.java:422) [?:1.8.0_212]
	at org.apache.hadoop.security.UserGroupInformation.doAs(UserGroupInformation.java:1730) [hadoop-common-3.2.0.jar:?]
	at org.apache.hadoop.ipc.Server$Handler.run(Server.java:2682) [hadoop-common-3.2.0.jar:?]
2019-07-30 15:29:50,489 ERROR io.BlockOutputStreamEntryPool (BlockOutputStreamEntryPool.java:allocateBlockIfNeeded(299)) - Try to allocate more blocks for write failed, already allocated 0 blocks for this write.
INTERNAL_ERROR org.apache.hadoop.ozone.om.exceptions.OMException: Allocated 0 blocks. Requested 1 blocks
	at org.apache.hadoop.ozone.om.protocolPB.OzoneManagerProtocolClientSideTranslatorPB.handleError(OzoneManagerProtocolClientSideTranslatorPB.java:720)
	at org.apache.hadoop.ozone.om.protocolPB.OzoneManagerProtocolClientSideTranslatorPB.allocateBlock(OzoneManagerProtocolClientSideTranslatorPB.java:752)
	at org.apache.hadoop.ozone.client.io.BlockOutputStreamEntryPool.allocateNewBlock(BlockOutputStreamEntryPool.java:248)
	at org.apache.hadoop.ozone.client.io.BlockOutputStreamEntryPool.allocateBlockIfNeeded(BlockOutputStreamEntryPool.java:296)
	at org.apache.hadoop.ozone.client.io.KeyOutputStream.handleWrite(KeyOutputStream.java:201)
	at org.apache.hadoop.ozone.client.io.KeyOutputStream.handleRetry(KeyOutputStream.java:376)
	at org.apache.hadoop.ozone.client.io.KeyOutputStream.handleException(KeyOutputStream.java:325)
	at org.apache.hadoop.ozone.client.io.KeyOutputStream.handleWrite(KeyOutputStream.java:231)
	at org.apache.hadoop.ozone.client.io.KeyOutputStream.handleRetry(KeyOutputStream.java:376)
	at org.apache.hadoop.ozone.client.io.KeyOutputStream.handleException(KeyOutputStream.java:325)
	at org.apache.hadoop.ozone.client.io.KeyOutputStream.handleWrite(KeyOutputStream.java:231)
	at org.apache.hadoop.ozone.client.io.KeyOutputStream.write(KeyOutputStream.java:193)
	at org.apache.hadoop.ozone.client.io.OzoneOutputStream.write(OzoneOutputStream.java:49)
	at java.io.OutputStream.write(OutputStream.java:75)
	at org.apache.hadoop.ozone.client.rpc.TestMultiBlockWritesWithDnFailures.testMultiBlockWritesWithDnFailures(TestMultiBlockWritesWithDnFailures.java:122)
	at sun.reflect.NativeMethodAccessorImpl.invoke0(Native Method)
	at sun.reflect.NativeMethodAccessorImpl.invoke(NativeMethodAccessorImpl.java:62)
	at sun.reflect.DelegatingMethodAccessorImpl.invoke(DelegatingMethodAccessorImpl.java:43)
	at java.lang.reflect.Method.invoke(Method.java:498)
	at org.junit.runners.model.FrameworkMethod$1.runReflectiveCall(FrameworkMethod.java:47)
	at org.junit.internal.runners.model.ReflectiveCallable.run(ReflectiveCallable.java:12)
	at org.junit.runners.model.FrameworkMethod.invokeExplosively(FrameworkMethod.java:44)
	at org.junit.internal.runners.statements.InvokeMethod.evaluate(InvokeMethod.java:17)
	at org.junit.runners.ParentRunner.runLeaf(ParentRunner.java:271)
	at org.junit.runners.BlockJUnit4ClassRunner.runChild(BlockJUnit4ClassRunner.java:70)
	at org.junit.runners.BlockJUnit4ClassRunner.runChild(BlockJUnit4ClassRunner.java:50)
	at org.junit.runners.ParentRunner$3.run(ParentRunner.java:238)
	at org.junit.runners.ParentRunner$1.schedule(ParentRunner.java:63)
	at org.junit.runners.ParentRunner.runChildren(ParentRunner.java:236)
	at org.junit.runners.ParentRunner.access$000(ParentRunner.java:53)
	at org.junit.runners.ParentRunner$2.evaluate(ParentRunner.java:229)
	at org.junit.runners.ParentRunner.run(ParentRunner.java:309)
	at org.apache.maven.surefire.junit4.JUnit4Provider.execute(JUnit4Provider.java:365)
	at org.apache.maven.surefire.junit4.JUnit4Provider.executeWithRerun(JUnit4Provider.java:273)
	at org.apache.maven.surefire.junit4.JUnit4Provider.executeTestSet(JUnit4Provider.java:238)
	at org.apache.maven.surefire.junit4.JUnit4Provider.invoke(JUnit4Provider.java:159)
	at org.apache.maven.surefire.booter.ForkedBooter.invokeProviderInSameClassLoader(ForkedBooter.java:384)
	at org.apache.maven.surefire.booter.ForkedBooter.runSuitesInProcess(ForkedBooter.java:345)
	at org.apache.maven.surefire.booter.ForkedBooter.execute(ForkedBooter.java:126)
	at org.apache.maven.surefire.booter.ForkedBooter.main(ForkedBooter.java:418)
]]></system-out>
    <system-err><![CDATA[ERROR StatusLogger No Log4j 2 configuration file found. Using default configuration (logging only errors to the console), or user programmatically provided configurations. Set system property 'log4j2.debug' to show Log4j 2 internal initialization logging. See https://logging.apache.org/log4j/2.x/manual/configuration.html for instructions on how to configure Log4j 2
Jul 30, 2019 3:29:34 PM com.sun.jersey.server.impl.application.WebApplicationImpl _initiate
INFO: Initiating Jersey application, version 'Jersey: 1.19 02/11/2015 03:25 AM'
Jul 30, 2019 3:29:35 PM com.sun.jersey.server.impl.application.WebApplicationImpl _initiate
INFO: Initiating Jersey application, version 'Jersey: 1.19 02/11/2015 03:25 AM'
Jul 30, 2019 3:29:35 PM com.sun.jersey.server.impl.application.WebApplicationImpl _initiate
INFO: Initiating Jersey application, version 'Jersey: 1.19 02/11/2015 03:25 AM'
Jul 30, 2019 3:29:35 PM com.sun.jersey.server.impl.application.WebApplicationImpl _initiate
INFO: Initiating Jersey application, version 'Jersey: 1.19 02/11/2015 03:25 AM'
Jul 30, 2019 3:29:35 PM com.sun.jersey.server.impl.application.WebApplicationImpl _initiate
INFO: Initiating Jersey application, version 'Jersey: 1.19 02/11/2015 03:25 AM'
Jul 30, 2019 3:29:36 PM com.sun.jersey.server.impl.application.WebApplicationImpl _initiate
INFO: Initiating Jersey application, version 'Jersey: 1.19 02/11/2015 03:25 AM'
]]></system-err>
  </testcase>
</testsuite>