<?xml version="1.0" encoding="UTF-8"?>
<testsuite xmlns:xsi="http://www.w3.org/2001/XMLSchema-instance" xsi:noNamespaceSchemaLocation="https://maven.apache.org/surefire/maven-surefire-plugin/xsd/surefire-test-report.xsd" name="org.apache.hadoop.ozone.client.rpc.TestBlockOutputStreamWithFailures" time="727.744" tests="8" errors="0" skipped="0" failures="3">
  <properties>
    <property name="awt.toolkit" value="sun.awt.X11.XToolkit"/>
    <property name="file.encoding.pkg" value="sun.io"/>
    <property name="java.specification.version" value="1.8"/>
    <property name="sun.cpu.isalist" value=""/>
    <property name="sun.jnu.encoding" value="UTF-8"/>
    <property name="java.class.path" value="/workdir/hadoop-ozone/integration-test/target/test-classes:/workdir/hadoop-ozone/integration-test/target/classes:/home/user/.m2/repository/org/apache/hadoop/hadoop-ozone-common/0.4.1-SNAPSHOT/hadoop-ozone-common-0.4.1-SNAPSHOT.jar:/home/user/.m2/repository/org/apache/commons/commons-compress/1.4.1/commons-compress-1.4.1.jar:/home/user/.m2/repository/org/tukaani/xz/1.0/xz-1.0.jar:/home/user/.m2/repository/org/apache/hadoop/hadoop-common/3.2.0/hadoop-common-3.2.0.jar:/home/user/.m2/repository/org/apache/hadoop/hadoop-hdfs/3.2.0/hadoop-hdfs-3.2.0.jar:/home/user/.m2/repository/org/apache/hadoop/hadoop-hdfs-client/3.2.0/hadoop-hdfs-client-3.2.0.jar:/home/user/.m2/repository/com/fasterxml/jackson/core/jackson-annotations/2.9.5/jackson-annotations-2.9.5.jar:/home/user/.m2/repository/org/apache/hadoop/hadoop-hdds-common/0.4.1-SNAPSHOT/hadoop-hdds-common-0.4.1-SNAPSHOT.jar:/home/user/.m2/repository/javax/annotation/javax.annotation-api/1.2/javax.annotation-api-1.2.jar:/home/user/.m2/repository/org/apache/ratis/ratis-server/0.4.0-2337318-SNAPSHOT/ratis-server-0.4.0-2337318-SNAPSHOT.jar:/home/user/.m2/repository/org/apache/ratis/ratis-thirdparty-misc/0.2.0/ratis-thirdparty-misc-0.2.0.jar:/home/user/.m2/repository/org/apache/ratis/ratis-proto/0.4.0-2337318-SNAPSHOT/ratis-proto-0.4.0-2337318-SNAPSHOT.jar:/home/user/.m2/repository/org/apache/ratis/ratis-common/0.4.0-2337318-SNAPSHOT/ratis-common-0.4.0-2337318-SNAPSHOT.jar:/home/user/.m2/repository/org/apache/ratis/ratis-client/0.4.0-2337318-SNAPSHOT/ratis-client-0.4.0-2337318-SNAPSHOT.jar:/home/user/.m2/repository/org/apache/ratis/ratis-metrics/0.4.0-2337318-SNAPSHOT/ratis-metrics-0.4.0-2337318-SNAPSHOT.jar:/home/user/.m2/repository/org/apache/ratis/ratis-netty/0.4.0-2337318-SNAPSHOT/ratis-netty-0.4.0-2337318-SNAPSHOT.jar:/home/user/.m2/repository/org/apache/ratis/ratis-grpc/0.4.0-2337318-SNAPSHOT/ratis-grpc-0.4.0-2337318-SNAPSHOT.jar:/home/user/.m2/repository/org/rocksdb/rocksdbjni/6.0.1/rocksdbjni-6.0.1.jar:/home/user/.m2/repository/org/apache/logging/log4j/log4j-api/2.11.0/log4j-api-2.11.0.jar:/home/user/.m2/repository/org/apache/logging/log4j/log4j-core/2.11.0/log4j-core-2.11.0.jar:/home/user/.m2/repository/com/lmax/disruptor/3.4.2/disruptor-3.4.2.jar:/home/user/.m2/repository/org/apache/commons/commons-pool2/2.6.0/commons-pool2-2.6.0.jar:/home/user/.m2/repository/org/bouncycastle/bcpkix-jdk15on/1.60/bcpkix-jdk15on-1.60.jar:/home/user/.m2/repository/commons-validator/commons-validator/1.6/commons-validator-1.6.jar:/home/user/.m2/repository/commons-digester/commons-digester/1.8.1/commons-digester-1.8.1.jar:/home/user/.m2/repository/io/jaegertracing/jaeger-client/0.33.1/jaeger-client-0.33.1.jar:/home/user/.m2/repository/io/jaegertracing/jaeger-thrift/0.33.1/jaeger-thrift-0.33.1.jar:/home/user/.m2/repository/org/apache/thrift/libthrift/0.11.0/libthrift-0.11.0.jar:/home/user/.m2/repository/com/squareup/okhttp3/okhttp/3.9.0/okhttp-3.9.0.jar:/home/user/.m2/repository/com/squareup/okio/okio/1.13.0/okio-1.13.0.jar:/home/user/.m2/repository/io/jaegertracing/jaeger-core/0.33.1/jaeger-core-0.33.1.jar:/home/user/.m2/repository/io/jaegertracing/jaeger-tracerresolver/0.33.1/jaeger-tracerresolver-0.33.1.jar:/home/user/.m2/repository/io/opentracing/contrib/opentracing-tracerresolver/0.1.5/opentracing-tracerresolver-0.1.5.jar:/home/user/.m2/repository/io/opentracing/opentracing-util/0.31.0/opentracing-util-0.31.0.jar:/home/user/.m2/repository/io/opentracing/opentracing-api/0.31.0/opentracing-api-0.31.0.jar:/home/user/.m2/repository/io/opentracing/opentracing-noop/0.31.0/opentracing-noop-0.31.0.jar:/home/user/.m2/repository/org/apache/hadoop/hadoop-hdds-server-framework/0.4.1-SNAPSHOT/hadoop-hdds-server-framework-0.4.1-SNAPSHOT.jar:/home/user/.m2/repository/org/apache/hadoop/hadoop-hdds-container-service/0.4.1-SNAPSHOT/hadoop-hdds-container-service-0.4.1-SNAPSHOT.jar:/home/user/.m2/repository/org/apache/hadoop/hadoop-hdds-client/0.4.1-SNAPSHOT/hadoop-hdds-client-0.4.1-SNAPSHOT.jar:/home/user/.m2/repository/org/apache/hadoop/hadoop-hdds-tools/0.4.1-SNAPSHOT/hadoop-hdds-tools-0.4.1-SNAPSHOT.jar:/home/user/.m2/repository/org/apache/hadoop/hadoop-hdds-server-scm/0.4.1-SNAPSHOT/hadoop-hdds-server-scm-0.4.1-SNAPSHOT.jar:/home/user/.m2/repository/org/apache/hadoop/hadoop-hdds-docs/0.4.1-SNAPSHOT/hadoop-hdds-docs-0.4.1-SNAPSHOT.jar:/home/user/.m2/repository/io/dropwizard/metrics/metrics-core/3.2.4/metrics-core-3.2.4.jar:/home/user/.m2/repository/org/hamcrest/hamcrest-all/1.3/hamcrest-all-1.3.jar:/home/user/.m2/repository/org/bouncycastle/bcprov-jdk15on/1.60/bcprov-jdk15on-1.60.jar:/home/user/.m2/repository/info/picocli/picocli/3.9.6/picocli-3.9.6.jar:/home/user/.m2/repository/com/google/protobuf/protobuf-java/2.5.0/protobuf-java-2.5.0.jar:/home/user/.m2/repository/com/google/guava/guava/11.0.2/guava-11.0.2.jar:/home/user/.m2/repository/org/apache/hadoop/hadoop-ozone-ozone-manager/0.4.1-SNAPSHOT/hadoop-ozone-ozone-manager-0.4.1-SNAPSHOT.jar:/home/user/.m2/repository/org/apache/hadoop/hadoop-minikdc/3.2.0/hadoop-minikdc-3.2.0.jar:/home/user/.m2/repository/commons-io/commons-io/2.5/commons-io-2.5.jar:/home/user/.m2/repository/org/apache/kerby/kerb-simplekdc/1.0.1/kerb-simplekdc-1.0.1.jar:/home/user/.m2/repository/org/apache/kerby/kerb-client/1.0.1/kerb-client-1.0.1.jar:/home/user/.m2/repository/org/apache/kerby/kerby-config/1.0.1/kerby-config-1.0.1.jar:/home/user/.m2/repository/org/apache/kerby/kerb-core/1.0.1/kerb-core-1.0.1.jar:/home/user/.m2/repository/org/apache/kerby/kerby-pkix/1.0.1/kerby-pkix-1.0.1.jar:/home/user/.m2/repository/org/apache/kerby/kerby-asn1/1.0.1/kerby-asn1-1.0.1.jar:/home/user/.m2/repository/org/apache/kerby/kerby-util/1.0.1/kerby-util-1.0.1.jar:/home/user/.m2/repository/org/apache/kerby/kerb-common/1.0.1/kerb-common-1.0.1.jar:/home/user/.m2/repository/org/apache/kerby/kerb-crypto/1.0.1/kerb-crypto-1.0.1.jar:/home/user/.m2/repository/org/apache/kerby/kerb-util/1.0.1/kerb-util-1.0.1.jar:/home/user/.m2/repository/org/apache/kerby/token-provider/1.0.1/token-provider-1.0.1.jar:/home/user/.m2/repository/org/apache/kerby/kerb-admin/1.0.1/kerb-admin-1.0.1.jar:/home/user/.m2/repository/org/apache/kerby/kerb-server/1.0.1/kerb-server-1.0.1.jar:/home/user/.m2/repository/org/apache/kerby/kerb-identity/1.0.1/kerb-identity-1.0.1.jar:/home/user/.m2/repository/org/apache/kerby/kerby-xdr/1.0.1/kerby-xdr-1.0.1.jar:/home/user/.m2/repository/org/slf4j/slf4j-log4j12/1.7.25/slf4j-log4j12-1.7.25.jar:/home/user/.m2/repository/org/apache/hadoop/hadoop-ozone-objectstore-service/0.4.1-SNAPSHOT/hadoop-ozone-objectstore-service-0.4.1-SNAPSHOT.jar:/home/user/.m2/repository/org/apache/hadoop/hadoop-ozone-s3gateway/0.4.1-SNAPSHOT/hadoop-ozone-s3gateway-0.4.1-SNAPSHOT.jar:/home/user/.m2/repository/org/jboss/weld/servlet/weld-servlet/2.4.7.Final/weld-servlet-2.4.7.Final.jar:/home/user/.m2/repository/org/glassfish/jersey/containers/jersey-container-servlet-core/2.27/jersey-container-servlet-core-2.27.jar:/home/user/.m2/repository/org/glassfish/hk2/external/javax.inject/2.5.0-b42/javax.inject-2.5.0-b42.jar:/home/user/.m2/repository/org/glassfish/jersey/core/jersey-common/2.27/jersey-common-2.27.jar:/home/user/.m2/repository/org/glassfish/hk2/osgi-resource-locator/1.0.1/osgi-resource-locator-1.0.1.jar:/home/user/.m2/repository/javax/ws/rs/javax.ws.rs-api/2.1/javax.ws.rs-api-2.1.jar:/home/user/.m2/repository/org/glassfish/jersey/ext/cdi/jersey-cdi1x/2.27/jersey-cdi1x-2.27.jar:/home/user/.m2/repository/org/glassfish/jersey/inject/jersey-hk2/2.27/jersey-hk2-2.27.jar:/home/user/.m2/repository/org/glassfish/hk2/hk2-locator/2.5.0-b42/hk2-locator-2.5.0-b42.jar:/home/user/.m2/repository/org/javassist/javassist/3.22.0-CR2/javassist-3.22.0-CR2.jar:/home/user/.m2/repository/org/glassfish/hk2/hk2-api/2.5.0/hk2-api-2.5.0.jar:/home/user/.m2/repository/org/glassfish/hk2/external/jakarta.inject/2.5.0/jakarta.inject-2.5.0.jar:/home/user/.m2/repository/org/glassfish/hk2/hk2-utils/2.5.0/hk2-utils-2.5.0.jar:/home/user/.m2/repository/jakarta/annotation/jakarta.annotation-api/1.3.4/jakarta.annotation-api-1.3.4.jar:/home/user/.m2/repository/org/glassfish/hk2/external/aopalliance-repackaged/2.5.0/aopalliance-repackaged-2.5.0.jar:/home/user/.m2/repository/com/fasterxml/jackson/dataformat/jackson-dataformat-xml/2.9.0/jackson-dataformat-xml-2.9.0.jar:/home/user/.m2/repository/com/fasterxml/jackson/core/jackson-core/2.9.5/jackson-core-2.9.5.jar:/home/user/.m2/repository/com/fasterxml/jackson/module/jackson-module-jaxb-annotations/2.9.5/jackson-module-jaxb-annotations-2.9.5.jar:/home/user/.m2/repository/javax/enterprise/cdi-api/1.2/cdi-api-1.2.jar:/home/user/.m2/repository/javax/el/javax.el-api/3.0.0/javax.el-api-3.0.0.jar:/home/user/.m2/repository/javax/interceptor/javax.interceptor-api/1.2/javax.interceptor-api-1.2.jar:/home/user/.m2/repository/javax/inject/javax.inject/1/javax.inject-1.jar:/home/user/.m2/repository/com/sun/xml/bind/jaxb-impl/2.3.0.1/jaxb-impl-2.3.0.1.jar:/home/user/.m2/repository/com/sun/xml/bind/jaxb-core/2.3.0.1/jaxb-core-2.3.0.1.jar:/home/user/.m2/repository/javax/xml/bind/jaxb-api/2.3.0/jaxb-api-2.3.0.jar:/home/user/.m2/repository/javax/activation/activation/1.1.1/activation-1.1.1.jar:/home/user/.m2/repository/org/apache/hadoop/hadoop-ozone-csi/0.4.1-SNAPSHOT/hadoop-ozone-csi-0.4.1-SNAPSHOT.jar:/home/user/.m2/repository/com/google/protobuf/protobuf-java-util/3.5.1/protobuf-java-util-3.5.1.jar:/home/user/.m2/repository/org/apache/hadoop/hadoop-hdds-config/0.4.1-SNAPSHOT/hadoop-hdds-config-0.4.1-SNAPSHOT.jar:/home/user/.m2/repository/io/grpc/grpc-netty/1.17.1/grpc-netty-1.17.1.jar:/home/user/.m2/repository/io/grpc/grpc-core/1.17.1/grpc-core-1.17.1.jar:/home/user/.m2/repository/io/grpc/grpc-context/1.17.1/grpc-context-1.17.1.jar:/home/user/.m2/repository/com/google/errorprone/error_prone_annotations/2.2.0/error_prone_annotations-2.2.0.jar:/home/user/.m2/repository/org/codehaus/mojo/animal-sniffer-annotations/1.17/animal-sniffer-annotations-1.17.jar:/home/user/.m2/repository/io/opencensus/opencensus-api/0.17.0/opencensus-api-0.17.0.jar:/home/user/.m2/repository/io/opencensus/opencensus-contrib-grpc-metrics/0.17.0/opencensus-contrib-grpc-metrics-0.17.0.jar:/home/user/.m2/repository/io/netty/netty-codec-http2/4.1.30.Final/netty-codec-http2-4.1.30.Final.jar:/home/user/.m2/repository/io/netty/netty-codec-http/4.1.30.Final/netty-codec-http-4.1.30.Final.jar:/home/user/.m2/repository/io/netty/netty-codec/4.1.30.Final/netty-codec-4.1.30.Final.jar:/home/user/.m2/repository/io/netty/netty-handler/4.1.30.Final/netty-handler-4.1.30.Final.jar:/home/user/.m2/repository/io/netty/netty-handler-proxy/4.1.30.Final/netty-handler-proxy-4.1.30.Final.jar:/home/user/.m2/repository/io/netty/netty-codec-socks/4.1.30.Final/netty-codec-socks-4.1.30.Final.jar:/home/user/.m2/repository/io/netty/netty-transport-native-epoll/4.1.30.Final/netty-transport-native-epoll-4.1.30.Final.jar:/home/user/.m2/repository/io/netty/netty-common/4.1.30.Final/netty-common-4.1.30.Final.jar:/home/user/.m2/repository/io/netty/netty-buffer/4.1.30.Final/netty-buffer-4.1.30.Final.jar:/home/user/.m2/repository/io/netty/netty-transport/4.1.30.Final/netty-transport-4.1.30.Final.jar:/home/user/.m2/repository/io/netty/netty-resolver/4.1.30.Final/netty-resolver-4.1.30.Final.jar:/home/user/.m2/repository/io/netty/netty-transport-native-unix-common/4.1.30.Final/netty-transport-native-unix-common-4.1.30.Final.jar:/home/user/.m2/repository/io/grpc/grpc-protobuf/1.17.1/grpc-protobuf-1.17.1.jar:/home/user/.m2/repository/com/google/api/grpc/proto-google-common-protos/1.0.0/proto-google-common-protos-1.0.0.jar:/home/user/.m2/repository/io/grpc/grpc-protobuf-lite/1.17.1/grpc-protobuf-lite-1.17.1.jar:/home/user/.m2/repository/io/grpc/grpc-stub/1.17.1/grpc-stub-1.17.1.jar:/home/user/.m2/repository/org/apache/hadoop/hadoop-ozone-recon/0.4.1-SNAPSHOT/hadoop-ozone-recon-0.4.1-SNAPSHOT.jar:/home/user/.m2/repository/org/apache/hadoop/hadoop-ozone-reconcodegen/0.4.1-SNAPSHOT/hadoop-ozone-reconcodegen-0.4.1-SNAPSHOT.jar:/home/user/.m2/repository/com/google/inject/extensions/guice-multibindings/4.0/guice-multibindings-4.0.jar:/home/user/.m2/repository/com/google/inject/guice/4.0/guice-4.0.jar:/home/user/.m2/repository/aopalliance/aopalliance/1.0/aopalliance-1.0.jar:/home/user/.m2/repository/com/google/inject/extensions/guice-servlet/4.0/guice-servlet-4.0.jar:/home/user/.m2/repository/org/glassfish/jersey/containers/jersey-container-servlet/2.27/jersey-container-servlet-2.27.jar:/home/user/.m2/repository/org/glassfish/hk2/guice-bridge/2.5.0/guice-bridge-2.5.0.jar:/home/user/.m2/repository/org/glassfish/jersey/core/jersey-server/2.27/jersey-server-2.27.jar:/home/user/.m2/repository/org/glassfish/jersey/core/jersey-client/2.27/jersey-client-2.27.jar:/home/user/.m2/repository/org/glassfish/jersey/media/jersey-media-jaxb/2.27/jersey-media-jaxb-2.27.jar:/home/user/.m2/repository/javax/validation/validation-api/1.1.0.Final/validation-api-1.1.0.Final.jar:/home/user/.m2/repository/org/glassfish/jersey/media/jersey-media-json-jackson/2.27/jersey-media-json-jackson-2.27.jar:/home/user/.m2/repository/org/glassfish/jersey/ext/jersey-entity-filtering/2.27/jersey-entity-filtering-2.27.jar:/home/user/.m2/repository/com/google/inject/extensions/guice-assistedinject/4.0/guice-assistedinject-4.0.jar:/home/user/.m2/repository/org/jooq/jooq/3.11.10/jooq-3.11.10.jar:/home/user/.m2/repository/org/jooq/jooq-meta/3.11.10/jooq-meta-3.11.10.jar:/home/user/.m2/repository/org/jooq/jooq-codegen/3.11.10/jooq-codegen-3.11.10.jar:/home/user/.m2/repository/com/jolbox/bonecp/0.8.0.RELEASE/bonecp-0.8.0.RELEASE.jar:/home/user/.m2/repository/org/xerial/sqlite-jdbc/3.25.2/sqlite-jdbc-3.25.2.jar:/home/user/.m2/repository/org/springframework/spring-jdbc/5.1.3.RELEASE/spring-jdbc-5.1.3.RELEASE.jar:/home/user/.m2/repository/org/springframework/spring-beans/5.1.3.RELEASE/spring-beans-5.1.3.RELEASE.jar:/home/user/.m2/repository/org/springframework/spring-core/5.1.3.RELEASE/spring-core-5.1.3.RELEASE.jar:/home/user/.m2/repository/org/springframework/spring-jcl/5.1.3.RELEASE/spring-jcl-5.1.3.RELEASE.jar:/home/user/.m2/repository/org/springframework/spring-tx/5.1.3.RELEASE/spring-tx-5.1.3.RELEASE.jar:/home/user/.m2/repository/org/apache/hadoop/hadoop-ozone-client/0.4.1-SNAPSHOT/hadoop-ozone-client-0.4.1-SNAPSHOT.jar:/home/user/.m2/repository/commons-lang/commons-lang/2.6/commons-lang-2.6.jar:/home/user/.m2/repository/org/apache/hadoop/hadoop-ozone-ozone-manager/0.4.1-SNAPSHOT/hadoop-ozone-ozone-manager-0.4.1-SNAPSHOT-tests.jar:/home/user/.m2/repository/junit/junit/4.11/junit-4.11.jar:/home/user/.m2/repository/org/hamcrest/hamcrest-core/1.3/hamcrest-core-1.3.jar:/home/user/.m2/repository/org/openjdk/jmh/jmh-core/1.19/jmh-core-1.19.jar:/home/user/.m2/repository/net/sf/jopt-simple/jopt-simple/4.6/jopt-simple-4.6.jar:/home/user/.m2/repository/org/apache/commons/commons-math3/3.1.1/commons-math3-3.1.1.jar:/home/user/.m2/repository/org/openjdk/jmh/jmh-generator-annprocess/1.19/jmh-generator-annprocess-1.19.jar:/home/user/.m2/repository/org/mockito/mockito-all/1.8.5/mockito-all-1.8.5.jar:/home/user/.m2/repository/org/apache/hadoop/hadoop-kms/3.2.0/hadoop-kms-3.2.0.jar:/home/user/.m2/repository/org/apache/hadoop/hadoop-auth/3.2.0/hadoop-auth-3.2.0.jar:/home/user/.m2/repository/com/nimbusds/nimbus-jose-jwt/4.41.1/nimbus-jose-jwt-4.41.1.jar:/home/user/.m2/repository/com/github/stephenc/jcip/jcip-annotations/1.0-1/jcip-annotations-1.0-1.jar:/home/user/.m2/repository/net/minidev/json-smart/2.3/json-smart-2.3.jar:/home/user/.m2/repository/net/minidev/accessors-smart/1.2/accessors-smart-1.2.jar:/home/user/.m2/repository/org/ow2/asm/asm/5.0.4/asm-5.0.4.jar:/home/user/.m2/repository/org/apache/curator/curator-framework/2.12.0/curator-framework-2.12.0.jar:/home/user/.m2/repository/com/sun/jersey/jersey-core/1.19/jersey-core-1.19.jar:/home/user/.m2/repository/javax/ws/rs/jsr311-api/1.1.1/jsr311-api-1.1.1.jar:/home/user/.m2/repository/com/sun/jersey/jersey-server/1.19/jersey-server-1.19.jar:/home/user/.m2/repository/javax/servlet/javax.servlet-api/3.1.0/javax.servlet-api-3.1.0.jar:/home/user/.m2/repository/org/eclipse/jetty/jetty-server/9.3.24.v20180605/jetty-server-9.3.24.v20180605.jar:/home/user/.m2/repository/org/eclipse/jetty/jetty-http/9.3.24.v20180605/jetty-http-9.3.24.v20180605.jar:/home/user/.m2/repository/org/eclipse/jetty/jetty-io/9.3.24.v20180605/jetty-io-9.3.24.v20180605.jar:/home/user/.m2/repository/org/eclipse/jetty/jetty-webapp/9.3.24.v20180605/jetty-webapp-9.3.24.v20180605.jar:/home/user/.m2/repository/org/eclipse/jetty/jetty-xml/9.3.24.v20180605/jetty-xml-9.3.24.v20180605.jar:/home/user/.m2/repository/log4j/log4j/1.2.17/log4j-1.2.17.jar:/home/user/.m2/repository/org/slf4j/slf4j-api/1.7.25/slf4j-api-1.7.25.jar:/home/user/.m2/repository/org/slf4j/jul-to-slf4j/1.7.25/jul-to-slf4j-1.7.25.jar:/home/user/.m2/repository/org/eclipse/jetty/jetty-util/9.3.24.v20180605/jetty-util-9.3.24.v20180605.jar:/home/user/.m2/repository/com/fasterxml/jackson/core/jackson-databind/2.9.5/jackson-databind-2.9.5.jar:/home/user/.m2/repository/org/apache/hadoop/hadoop-kms/3.2.0/hadoop-kms-3.2.0-tests.jar:/home/user/.m2/repository/org/apache/hadoop/hadoop-hdds-server-scm/0.4.1-SNAPSHOT/hadoop-hdds-server-scm-0.4.1-SNAPSHOT-tests.jar:/home/user/.m2/repository/org/apache/hadoop/hadoop-hdds-container-service/0.4.1-SNAPSHOT/hadoop-hdds-container-service-0.4.1-SNAPSHOT-tests.jar:/home/user/.m2/repository/org/yaml/snakeyaml/1.16/snakeyaml-1.16.jar:/home/user/.m2/repository/org/apache/hadoop/hadoop-common/3.2.0/hadoop-common-3.2.0-tests.jar:/home/user/.m2/repository/org/apache/hadoop/hadoop-annotations/3.2.0/hadoop-annotations-3.2.0.jar:/usr/lib/jvm/java-1.8-openjdk/jre/../lib/tools.jar:/home/user/.m2/repository/commons-cli/commons-cli/1.2/commons-cli-1.2.jar:/home/user/.m2/repository/org/apache/httpcomponents/httpclient/4.5.2/httpclient-4.5.2.jar:/home/user/.m2/repository/org/apache/httpcomponents/httpcore/4.4.4/httpcore-4.4.4.jar:/home/user/.m2/repository/commons-codec/commons-codec/1.11/commons-codec-1.11.jar:/home/user/.m2/repository/commons-net/commons-net/3.6/commons-net-3.6.jar:/home/user/.m2/repository/commons-collections/commons-collections/3.2.2/commons-collections-3.2.2.jar:/home/user/.m2/repository/org/eclipse/jetty/jetty-servlet/9.3.24.v20180605/jetty-servlet-9.3.24.v20180605.jar:/home/user/.m2/repository/org/eclipse/jetty/jetty-security/9.3.24.v20180605/jetty-security-9.3.24.v20180605.jar:/home/user/.m2/repository/javax/servlet/jsp/jsp-api/2.1/jsp-api-2.1.jar:/home/user/.m2/repository/com/sun/jersey/jersey-servlet/1.19/jersey-servlet-1.19.jar:/home/user/.m2/repository/com/sun/jersey/jersey-json/1.19/jersey-json-1.19.jar:/home/user/.m2/repository/org/codehaus/jettison/jettison/1.1/jettison-1.1.jar:/home/user/.m2/repository/org/codehaus/jackson/jackson-core-asl/1.9.13/jackson-core-asl-1.9.13.jar:/home/user/.m2/repository/org/codehaus/jackson/jackson-mapper-asl/1.9.13/jackson-mapper-asl-1.9.13.jar:/home/user/.m2/repository/org/codehaus/jackson/jackson-jaxrs/1.9.13/jackson-jaxrs-1.9.13.jar:/home/user/.m2/repository/org/codehaus/jackson/jackson-xc/1.9.13/jackson-xc-1.9.13.jar:/home/user/.m2/repository/commons-logging/commons-logging/1.1.3/commons-logging-1.1.3.jar:/home/user/.m2/repository/commons-beanutils/commons-beanutils/1.9.3/commons-beanutils-1.9.3.jar:/home/user/.m2/repository/org/apache/commons/commons-configuration2/2.1.1/commons-configuration2-2.1.1.jar:/home/user/.m2/repository/org/apache/commons/commons-lang3/3.7/commons-lang3-3.7.jar:/home/user/.m2/repository/org/apache/commons/commons-text/1.4/commons-text-1.4.jar:/home/user/.m2/repository/org/apache/avro/avro/1.7.7/avro-1.7.7.jar:/home/user/.m2/repository/com/thoughtworks/paranamer/paranamer/2.3/paranamer-2.3.jar:/home/user/.m2/repository/org/xerial/snappy/snappy-java/1.0.5/snappy-java-1.0.5.jar:/home/user/.m2/repository/com/google/re2j/re2j/1.1/re2j-1.1.jar:/home/user/.m2/repository/com/google/code/gson/gson/2.2.4/gson-2.2.4.jar:/home/user/.m2/repository/com/jcraft/jsch/0.1.54/jsch-0.1.54.jar:/home/user/.m2/repository/org/apache/curator/curator-client/2.12.0/curator-client-2.12.0.jar:/home/user/.m2/repository/org/apache/curator/curator-recipes/2.12.0/curator-recipes-2.12.0.jar:/home/user/.m2/repository/com/google/code/findbugs/jsr305/3.0.0/jsr305-3.0.0.jar:/home/user/.m2/repository/org/apache/htrace/htrace-core4/4.1.0-incubating/htrace-core4-4.1.0-incubating.jar:/home/user/.m2/repository/org/apache/zookeeper/zookeeper/3.4.13/zookeeper-3.4.13.jar:/home/user/.m2/repository/org/apache/yetus/audience-annotations/0.5.0/audience-annotations-0.5.0.jar:/home/user/.m2/repository/org/codehaus/woodstox/stax2-api/3.1.4/stax2-api-3.1.4.jar:/home/user/.m2/repository/com/fasterxml/woodstox/woodstox-core/5.0.3/woodstox-core-5.0.3.jar:/home/user/.m2/repository/dnsjava/dnsjava/2.1.7/dnsjava-2.1.7.jar:/home/user/.m2/repository/org/apache/hadoop/hadoop-hdfs/3.2.0/hadoop-hdfs-3.2.0-tests.jar:/home/user/.m2/repository/org/eclipse/jetty/jetty-util-ajax/9.3.24.v20180605/jetty-util-ajax-9.3.24.v20180605.jar:/home/user/.m2/repository/commons-daemon/commons-daemon/1.0.13/commons-daemon-1.0.13.jar:/home/user/.m2/repository/io/netty/netty/3.10.5.Final/netty-3.10.5.Final.jar:/home/user/.m2/repository/io/netty/netty-all/4.0.52.Final/netty-all-4.0.52.Final.jar:/home/user/.m2/repository/org/fusesource/leveldbjni/leveldbjni-all/1.8/leveldbjni-all-1.8.jar:"/>
    <property name="java.vm.vendor" value="IcedTea"/>
    <property name="sun.arch.data.model" value="64"/>
    <property name="test.build.dir" value="/workdir/hadoop-ozone/integration-test/target/test-dir"/>
    <property name="test.cache.data" value=""/>
    <property name="java.vendor.url" value="https://icedtea.classpath.org"/>
    <property name="user.timezone" value=""/>
    <property name="java.vm.specification.version" value="1.8"/>
    <property name="os.name" value="Linux"/>
    <property name="test.build.data" value="/workdir/hadoop-ozone/integration-test/target/test-dir"/>
    <property name="user.country" value="US"/>
    <property name="sun.java.launcher" value="SUN_STANDARD"/>
    <property name="sun.boot.library.path" value="/usr/lib/jvm/java-1.8-openjdk/jre/lib/amd64"/>
    <property name="sun.java.command" value="/workdir/hadoop-ozone/integration-test/target/surefire/surefirebooter8491274690469694302.jar /workdir/hadoop-ozone/integration-test/target/surefire 2019-07-30T14-42-27_683-jvmRun1 surefire2859301257178485924tmp surefire_281634529322366194528tmp"/>
    <property name="surefire.test.class.path" value="/workdir/hadoop-ozone/integration-test/target/test-classes:/workdir/hadoop-ozone/integration-test/target/classes:/home/user/.m2/repository/org/apache/hadoop/hadoop-ozone-common/0.4.1-SNAPSHOT/hadoop-ozone-common-0.4.1-SNAPSHOT.jar:/home/user/.m2/repository/org/apache/commons/commons-compress/1.4.1/commons-compress-1.4.1.jar:/home/user/.m2/repository/org/tukaani/xz/1.0/xz-1.0.jar:/home/user/.m2/repository/org/apache/hadoop/hadoop-common/3.2.0/hadoop-common-3.2.0.jar:/home/user/.m2/repository/org/apache/hadoop/hadoop-hdfs/3.2.0/hadoop-hdfs-3.2.0.jar:/home/user/.m2/repository/org/apache/hadoop/hadoop-hdfs-client/3.2.0/hadoop-hdfs-client-3.2.0.jar:/home/user/.m2/repository/com/fasterxml/jackson/core/jackson-annotations/2.9.5/jackson-annotations-2.9.5.jar:/home/user/.m2/repository/org/apache/hadoop/hadoop-hdds-common/0.4.1-SNAPSHOT/hadoop-hdds-common-0.4.1-SNAPSHOT.jar:/home/user/.m2/repository/javax/annotation/javax.annotation-api/1.2/javax.annotation-api-1.2.jar:/home/user/.m2/repository/org/apache/ratis/ratis-server/0.4.0-2337318-SNAPSHOT/ratis-server-0.4.0-2337318-SNAPSHOT.jar:/home/user/.m2/repository/org/apache/ratis/ratis-thirdparty-misc/0.2.0/ratis-thirdparty-misc-0.2.0.jar:/home/user/.m2/repository/org/apache/ratis/ratis-proto/0.4.0-2337318-SNAPSHOT/ratis-proto-0.4.0-2337318-SNAPSHOT.jar:/home/user/.m2/repository/org/apache/ratis/ratis-common/0.4.0-2337318-SNAPSHOT/ratis-common-0.4.0-2337318-SNAPSHOT.jar:/home/user/.m2/repository/org/apache/ratis/ratis-client/0.4.0-2337318-SNAPSHOT/ratis-client-0.4.0-2337318-SNAPSHOT.jar:/home/user/.m2/repository/org/apache/ratis/ratis-metrics/0.4.0-2337318-SNAPSHOT/ratis-metrics-0.4.0-2337318-SNAPSHOT.jar:/home/user/.m2/repository/org/apache/ratis/ratis-netty/0.4.0-2337318-SNAPSHOT/ratis-netty-0.4.0-2337318-SNAPSHOT.jar:/home/user/.m2/repository/org/apache/ratis/ratis-grpc/0.4.0-2337318-SNAPSHOT/ratis-grpc-0.4.0-2337318-SNAPSHOT.jar:/home/user/.m2/repository/org/rocksdb/rocksdbjni/6.0.1/rocksdbjni-6.0.1.jar:/home/user/.m2/repository/org/apache/logging/log4j/log4j-api/2.11.0/log4j-api-2.11.0.jar:/home/user/.m2/repository/org/apache/logging/log4j/log4j-core/2.11.0/log4j-core-2.11.0.jar:/home/user/.m2/repository/com/lmax/disruptor/3.4.2/disruptor-3.4.2.jar:/home/user/.m2/repository/org/apache/commons/commons-pool2/2.6.0/commons-pool2-2.6.0.jar:/home/user/.m2/repository/org/bouncycastle/bcpkix-jdk15on/1.60/bcpkix-jdk15on-1.60.jar:/home/user/.m2/repository/commons-validator/commons-validator/1.6/commons-validator-1.6.jar:/home/user/.m2/repository/commons-digester/commons-digester/1.8.1/commons-digester-1.8.1.jar:/home/user/.m2/repository/io/jaegertracing/jaeger-client/0.33.1/jaeger-client-0.33.1.jar:/home/user/.m2/repository/io/jaegertracing/jaeger-thrift/0.33.1/jaeger-thrift-0.33.1.jar:/home/user/.m2/repository/org/apache/thrift/libthrift/0.11.0/libthrift-0.11.0.jar:/home/user/.m2/repository/com/squareup/okhttp3/okhttp/3.9.0/okhttp-3.9.0.jar:/home/user/.m2/repository/com/squareup/okio/okio/1.13.0/okio-1.13.0.jar:/home/user/.m2/repository/io/jaegertracing/jaeger-core/0.33.1/jaeger-core-0.33.1.jar:/home/user/.m2/repository/io/jaegertracing/jaeger-tracerresolver/0.33.1/jaeger-tracerresolver-0.33.1.jar:/home/user/.m2/repository/io/opentracing/contrib/opentracing-tracerresolver/0.1.5/opentracing-tracerresolver-0.1.5.jar:/home/user/.m2/repository/io/opentracing/opentracing-util/0.31.0/opentracing-util-0.31.0.jar:/home/user/.m2/repository/io/opentracing/opentracing-api/0.31.0/opentracing-api-0.31.0.jar:/home/user/.m2/repository/io/opentracing/opentracing-noop/0.31.0/opentracing-noop-0.31.0.jar:/home/user/.m2/repository/org/apache/hadoop/hadoop-hdds-server-framework/0.4.1-SNAPSHOT/hadoop-hdds-server-framework-0.4.1-SNAPSHOT.jar:/home/user/.m2/repository/org/apache/hadoop/hadoop-hdds-container-service/0.4.1-SNAPSHOT/hadoop-hdds-container-service-0.4.1-SNAPSHOT.jar:/home/user/.m2/repository/org/apache/hadoop/hadoop-hdds-client/0.4.1-SNAPSHOT/hadoop-hdds-client-0.4.1-SNAPSHOT.jar:/home/user/.m2/repository/org/apache/hadoop/hadoop-hdds-tools/0.4.1-SNAPSHOT/hadoop-hdds-tools-0.4.1-SNAPSHOT.jar:/home/user/.m2/repository/org/apache/hadoop/hadoop-hdds-server-scm/0.4.1-SNAPSHOT/hadoop-hdds-server-scm-0.4.1-SNAPSHOT.jar:/home/user/.m2/repository/org/apache/hadoop/hadoop-hdds-docs/0.4.1-SNAPSHOT/hadoop-hdds-docs-0.4.1-SNAPSHOT.jar:/home/user/.m2/repository/io/dropwizard/metrics/metrics-core/3.2.4/metrics-core-3.2.4.jar:/home/user/.m2/repository/org/hamcrest/hamcrest-all/1.3/hamcrest-all-1.3.jar:/home/user/.m2/repository/org/bouncycastle/bcprov-jdk15on/1.60/bcprov-jdk15on-1.60.jar:/home/user/.m2/repository/info/picocli/picocli/3.9.6/picocli-3.9.6.jar:/home/user/.m2/repository/com/google/protobuf/protobuf-java/2.5.0/protobuf-java-2.5.0.jar:/home/user/.m2/repository/com/google/guava/guava/11.0.2/guava-11.0.2.jar:/home/user/.m2/repository/org/apache/hadoop/hadoop-ozone-ozone-manager/0.4.1-SNAPSHOT/hadoop-ozone-ozone-manager-0.4.1-SNAPSHOT.jar:/home/user/.m2/repository/org/apache/hadoop/hadoop-minikdc/3.2.0/hadoop-minikdc-3.2.0.jar:/home/user/.m2/repository/commons-io/commons-io/2.5/commons-io-2.5.jar:/home/user/.m2/repository/org/apache/kerby/kerb-simplekdc/1.0.1/kerb-simplekdc-1.0.1.jar:/home/user/.m2/repository/org/apache/kerby/kerb-client/1.0.1/kerb-client-1.0.1.jar:/home/user/.m2/repository/org/apache/kerby/kerby-config/1.0.1/kerby-config-1.0.1.jar:/home/user/.m2/repository/org/apache/kerby/kerb-core/1.0.1/kerb-core-1.0.1.jar:/home/user/.m2/repository/org/apache/kerby/kerby-pkix/1.0.1/kerby-pkix-1.0.1.jar:/home/user/.m2/repository/org/apache/kerby/kerby-asn1/1.0.1/kerby-asn1-1.0.1.jar:/home/user/.m2/repository/org/apache/kerby/kerby-util/1.0.1/kerby-util-1.0.1.jar:/home/user/.m2/repository/org/apache/kerby/kerb-common/1.0.1/kerb-common-1.0.1.jar:/home/user/.m2/repository/org/apache/kerby/kerb-crypto/1.0.1/kerb-crypto-1.0.1.jar:/home/user/.m2/repository/org/apache/kerby/kerb-util/1.0.1/kerb-util-1.0.1.jar:/home/user/.m2/repository/org/apache/kerby/token-provider/1.0.1/token-provider-1.0.1.jar:/home/user/.m2/repository/org/apache/kerby/kerb-admin/1.0.1/kerb-admin-1.0.1.jar:/home/user/.m2/repository/org/apache/kerby/kerb-server/1.0.1/kerb-server-1.0.1.jar:/home/user/.m2/repository/org/apache/kerby/kerb-identity/1.0.1/kerb-identity-1.0.1.jar:/home/user/.m2/repository/org/apache/kerby/kerby-xdr/1.0.1/kerby-xdr-1.0.1.jar:/home/user/.m2/repository/org/slf4j/slf4j-log4j12/1.7.25/slf4j-log4j12-1.7.25.jar:/home/user/.m2/repository/org/apache/hadoop/hadoop-ozone-objectstore-service/0.4.1-SNAPSHOT/hadoop-ozone-objectstore-service-0.4.1-SNAPSHOT.jar:/home/user/.m2/repository/org/apache/hadoop/hadoop-ozone-s3gateway/0.4.1-SNAPSHOT/hadoop-ozone-s3gateway-0.4.1-SNAPSHOT.jar:/home/user/.m2/repository/org/jboss/weld/servlet/weld-servlet/2.4.7.Final/weld-servlet-2.4.7.Final.jar:/home/user/.m2/repository/org/glassfish/jersey/containers/jersey-container-servlet-core/2.27/jersey-container-servlet-core-2.27.jar:/home/user/.m2/repository/org/glassfish/hk2/external/javax.inject/2.5.0-b42/javax.inject-2.5.0-b42.jar:/home/user/.m2/repository/org/glassfish/jersey/core/jersey-common/2.27/jersey-common-2.27.jar:/home/user/.m2/repository/org/glassfish/hk2/osgi-resource-locator/1.0.1/osgi-resource-locator-1.0.1.jar:/home/user/.m2/repository/javax/ws/rs/javax.ws.rs-api/2.1/javax.ws.rs-api-2.1.jar:/home/user/.m2/repository/org/glassfish/jersey/ext/cdi/jersey-cdi1x/2.27/jersey-cdi1x-2.27.jar:/home/user/.m2/repository/org/glassfish/jersey/inject/jersey-hk2/2.27/jersey-hk2-2.27.jar:/home/user/.m2/repository/org/glassfish/hk2/hk2-locator/2.5.0-b42/hk2-locator-2.5.0-b42.jar:/home/user/.m2/repository/org/javassist/javassist/3.22.0-CR2/javassist-3.22.0-CR2.jar:/home/user/.m2/repository/org/glassfish/hk2/hk2-api/2.5.0/hk2-api-2.5.0.jar:/home/user/.m2/repository/org/glassfish/hk2/external/jakarta.inject/2.5.0/jakarta.inject-2.5.0.jar:/home/user/.m2/repository/org/glassfish/hk2/hk2-utils/2.5.0/hk2-utils-2.5.0.jar:/home/user/.m2/repository/jakarta/annotation/jakarta.annotation-api/1.3.4/jakarta.annotation-api-1.3.4.jar:/home/user/.m2/repository/org/glassfish/hk2/external/aopalliance-repackaged/2.5.0/aopalliance-repackaged-2.5.0.jar:/home/user/.m2/repository/com/fasterxml/jackson/dataformat/jackson-dataformat-xml/2.9.0/jackson-dataformat-xml-2.9.0.jar:/home/user/.m2/repository/com/fasterxml/jackson/core/jackson-core/2.9.5/jackson-core-2.9.5.jar:/home/user/.m2/repository/com/fasterxml/jackson/module/jackson-module-jaxb-annotations/2.9.5/jackson-module-jaxb-annotations-2.9.5.jar:/home/user/.m2/repository/javax/enterprise/cdi-api/1.2/cdi-api-1.2.jar:/home/user/.m2/repository/javax/el/javax.el-api/3.0.0/javax.el-api-3.0.0.jar:/home/user/.m2/repository/javax/interceptor/javax.interceptor-api/1.2/javax.interceptor-api-1.2.jar:/home/user/.m2/repository/javax/inject/javax.inject/1/javax.inject-1.jar:/home/user/.m2/repository/com/sun/xml/bind/jaxb-impl/2.3.0.1/jaxb-impl-2.3.0.1.jar:/home/user/.m2/repository/com/sun/xml/bind/jaxb-core/2.3.0.1/jaxb-core-2.3.0.1.jar:/home/user/.m2/repository/javax/xml/bind/jaxb-api/2.3.0/jaxb-api-2.3.0.jar:/home/user/.m2/repository/javax/activation/activation/1.1.1/activation-1.1.1.jar:/home/user/.m2/repository/org/apache/hadoop/hadoop-ozone-csi/0.4.1-SNAPSHOT/hadoop-ozone-csi-0.4.1-SNAPSHOT.jar:/home/user/.m2/repository/com/google/protobuf/protobuf-java-util/3.5.1/protobuf-java-util-3.5.1.jar:/home/user/.m2/repository/org/apache/hadoop/hadoop-hdds-config/0.4.1-SNAPSHOT/hadoop-hdds-config-0.4.1-SNAPSHOT.jar:/home/user/.m2/repository/io/grpc/grpc-netty/1.17.1/grpc-netty-1.17.1.jar:/home/user/.m2/repository/io/grpc/grpc-core/1.17.1/grpc-core-1.17.1.jar:/home/user/.m2/repository/io/grpc/grpc-context/1.17.1/grpc-context-1.17.1.jar:/home/user/.m2/repository/com/google/errorprone/error_prone_annotations/2.2.0/error_prone_annotations-2.2.0.jar:/home/user/.m2/repository/org/codehaus/mojo/animal-sniffer-annotations/1.17/animal-sniffer-annotations-1.17.jar:/home/user/.m2/repository/io/opencensus/opencensus-api/0.17.0/opencensus-api-0.17.0.jar:/home/user/.m2/repository/io/opencensus/opencensus-contrib-grpc-metrics/0.17.0/opencensus-contrib-grpc-metrics-0.17.0.jar:/home/user/.m2/repository/io/netty/netty-codec-http2/4.1.30.Final/netty-codec-http2-4.1.30.Final.jar:/home/user/.m2/repository/io/netty/netty-codec-http/4.1.30.Final/netty-codec-http-4.1.30.Final.jar:/home/user/.m2/repository/io/netty/netty-codec/4.1.30.Final/netty-codec-4.1.30.Final.jar:/home/user/.m2/repository/io/netty/netty-handler/4.1.30.Final/netty-handler-4.1.30.Final.jar:/home/user/.m2/repository/io/netty/netty-handler-proxy/4.1.30.Final/netty-handler-proxy-4.1.30.Final.jar:/home/user/.m2/repository/io/netty/netty-codec-socks/4.1.30.Final/netty-codec-socks-4.1.30.Final.jar:/home/user/.m2/repository/io/netty/netty-transport-native-epoll/4.1.30.Final/netty-transport-native-epoll-4.1.30.Final.jar:/home/user/.m2/repository/io/netty/netty-common/4.1.30.Final/netty-common-4.1.30.Final.jar:/home/user/.m2/repository/io/netty/netty-buffer/4.1.30.Final/netty-buffer-4.1.30.Final.jar:/home/user/.m2/repository/io/netty/netty-transport/4.1.30.Final/netty-transport-4.1.30.Final.jar:/home/user/.m2/repository/io/netty/netty-resolver/4.1.30.Final/netty-resolver-4.1.30.Final.jar:/home/user/.m2/repository/io/netty/netty-transport-native-unix-common/4.1.30.Final/netty-transport-native-unix-common-4.1.30.Final.jar:/home/user/.m2/repository/io/grpc/grpc-protobuf/1.17.1/grpc-protobuf-1.17.1.jar:/home/user/.m2/repository/com/google/api/grpc/proto-google-common-protos/1.0.0/proto-google-common-protos-1.0.0.jar:/home/user/.m2/repository/io/grpc/grpc-protobuf-lite/1.17.1/grpc-protobuf-lite-1.17.1.jar:/home/user/.m2/repository/io/grpc/grpc-stub/1.17.1/grpc-stub-1.17.1.jar:/home/user/.m2/repository/org/apache/hadoop/hadoop-ozone-recon/0.4.1-SNAPSHOT/hadoop-ozone-recon-0.4.1-SNAPSHOT.jar:/home/user/.m2/repository/org/apache/hadoop/hadoop-ozone-reconcodegen/0.4.1-SNAPSHOT/hadoop-ozone-reconcodegen-0.4.1-SNAPSHOT.jar:/home/user/.m2/repository/com/google/inject/extensions/guice-multibindings/4.0/guice-multibindings-4.0.jar:/home/user/.m2/repository/com/google/inject/guice/4.0/guice-4.0.jar:/home/user/.m2/repository/aopalliance/aopalliance/1.0/aopalliance-1.0.jar:/home/user/.m2/repository/com/google/inject/extensions/guice-servlet/4.0/guice-servlet-4.0.jar:/home/user/.m2/repository/org/glassfish/jersey/containers/jersey-container-servlet/2.27/jersey-container-servlet-2.27.jar:/home/user/.m2/repository/org/glassfish/hk2/guice-bridge/2.5.0/guice-bridge-2.5.0.jar:/home/user/.m2/repository/org/glassfish/jersey/core/jersey-server/2.27/jersey-server-2.27.jar:/home/user/.m2/repository/org/glassfish/jersey/core/jersey-client/2.27/jersey-client-2.27.jar:/home/user/.m2/repository/org/glassfish/jersey/media/jersey-media-jaxb/2.27/jersey-media-jaxb-2.27.jar:/home/user/.m2/repository/javax/validation/validation-api/1.1.0.Final/validation-api-1.1.0.Final.jar:/home/user/.m2/repository/org/glassfish/jersey/media/jersey-media-json-jackson/2.27/jersey-media-json-jackson-2.27.jar:/home/user/.m2/repository/org/glassfish/jersey/ext/jersey-entity-filtering/2.27/jersey-entity-filtering-2.27.jar:/home/user/.m2/repository/com/google/inject/extensions/guice-assistedinject/4.0/guice-assistedinject-4.0.jar:/home/user/.m2/repository/org/jooq/jooq/3.11.10/jooq-3.11.10.jar:/home/user/.m2/repository/org/jooq/jooq-meta/3.11.10/jooq-meta-3.11.10.jar:/home/user/.m2/repository/org/jooq/jooq-codegen/3.11.10/jooq-codegen-3.11.10.jar:/home/user/.m2/repository/com/jolbox/bonecp/0.8.0.RELEASE/bonecp-0.8.0.RELEASE.jar:/home/user/.m2/repository/org/xerial/sqlite-jdbc/3.25.2/sqlite-jdbc-3.25.2.jar:/home/user/.m2/repository/org/springframework/spring-jdbc/5.1.3.RELEASE/spring-jdbc-5.1.3.RELEASE.jar:/home/user/.m2/repository/org/springframework/spring-beans/5.1.3.RELEASE/spring-beans-5.1.3.RELEASE.jar:/home/user/.m2/repository/org/springframework/spring-core/5.1.3.RELEASE/spring-core-5.1.3.RELEASE.jar:/home/user/.m2/repository/org/springframework/spring-jcl/5.1.3.RELEASE/spring-jcl-5.1.3.RELEASE.jar:/home/user/.m2/repository/org/springframework/spring-tx/5.1.3.RELEASE/spring-tx-5.1.3.RELEASE.jar:/home/user/.m2/repository/org/apache/hadoop/hadoop-ozone-client/0.4.1-SNAPSHOT/hadoop-ozone-client-0.4.1-SNAPSHOT.jar:/home/user/.m2/repository/commons-lang/commons-lang/2.6/commons-lang-2.6.jar:/home/user/.m2/repository/org/apache/hadoop/hadoop-ozone-ozone-manager/0.4.1-SNAPSHOT/hadoop-ozone-ozone-manager-0.4.1-SNAPSHOT-tests.jar:/home/user/.m2/repository/junit/junit/4.11/junit-4.11.jar:/home/user/.m2/repository/org/hamcrest/hamcrest-core/1.3/hamcrest-core-1.3.jar:/home/user/.m2/repository/org/openjdk/jmh/jmh-core/1.19/jmh-core-1.19.jar:/home/user/.m2/repository/net/sf/jopt-simple/jopt-simple/4.6/jopt-simple-4.6.jar:/home/user/.m2/repository/org/apache/commons/commons-math3/3.1.1/commons-math3-3.1.1.jar:/home/user/.m2/repository/org/openjdk/jmh/jmh-generator-annprocess/1.19/jmh-generator-annprocess-1.19.jar:/home/user/.m2/repository/org/mockito/mockito-all/1.8.5/mockito-all-1.8.5.jar:/home/user/.m2/repository/org/apache/hadoop/hadoop-kms/3.2.0/hadoop-kms-3.2.0.jar:/home/user/.m2/repository/org/apache/hadoop/hadoop-auth/3.2.0/hadoop-auth-3.2.0.jar:/home/user/.m2/repository/com/nimbusds/nimbus-jose-jwt/4.41.1/nimbus-jose-jwt-4.41.1.jar:/home/user/.m2/repository/com/github/stephenc/jcip/jcip-annotations/1.0-1/jcip-annotations-1.0-1.jar:/home/user/.m2/repository/net/minidev/json-smart/2.3/json-smart-2.3.jar:/home/user/.m2/repository/net/minidev/accessors-smart/1.2/accessors-smart-1.2.jar:/home/user/.m2/repository/org/ow2/asm/asm/5.0.4/asm-5.0.4.jar:/home/user/.m2/repository/org/apache/curator/curator-framework/2.12.0/curator-framework-2.12.0.jar:/home/user/.m2/repository/com/sun/jersey/jersey-core/1.19/jersey-core-1.19.jar:/home/user/.m2/repository/javax/ws/rs/jsr311-api/1.1.1/jsr311-api-1.1.1.jar:/home/user/.m2/repository/com/sun/jersey/jersey-server/1.19/jersey-server-1.19.jar:/home/user/.m2/repository/javax/servlet/javax.servlet-api/3.1.0/javax.servlet-api-3.1.0.jar:/home/user/.m2/repository/org/eclipse/jetty/jetty-server/9.3.24.v20180605/jetty-server-9.3.24.v20180605.jar:/home/user/.m2/repository/org/eclipse/jetty/jetty-http/9.3.24.v20180605/jetty-http-9.3.24.v20180605.jar:/home/user/.m2/repository/org/eclipse/jetty/jetty-io/9.3.24.v20180605/jetty-io-9.3.24.v20180605.jar:/home/user/.m2/repository/org/eclipse/jetty/jetty-webapp/9.3.24.v20180605/jetty-webapp-9.3.24.v20180605.jar:/home/user/.m2/repository/org/eclipse/jetty/jetty-xml/9.3.24.v20180605/jetty-xml-9.3.24.v20180605.jar:/home/user/.m2/repository/log4j/log4j/1.2.17/log4j-1.2.17.jar:/home/user/.m2/repository/org/slf4j/slf4j-api/1.7.25/slf4j-api-1.7.25.jar:/home/user/.m2/repository/org/slf4j/jul-to-slf4j/1.7.25/jul-to-slf4j-1.7.25.jar:/home/user/.m2/repository/org/eclipse/jetty/jetty-util/9.3.24.v20180605/jetty-util-9.3.24.v20180605.jar:/home/user/.m2/repository/com/fasterxml/jackson/core/jackson-databind/2.9.5/jackson-databind-2.9.5.jar:/home/user/.m2/repository/org/apache/hadoop/hadoop-kms/3.2.0/hadoop-kms-3.2.0-tests.jar:/home/user/.m2/repository/org/apache/hadoop/hadoop-hdds-server-scm/0.4.1-SNAPSHOT/hadoop-hdds-server-scm-0.4.1-SNAPSHOT-tests.jar:/home/user/.m2/repository/org/apache/hadoop/hadoop-hdds-container-service/0.4.1-SNAPSHOT/hadoop-hdds-container-service-0.4.1-SNAPSHOT-tests.jar:/home/user/.m2/repository/org/yaml/snakeyaml/1.16/snakeyaml-1.16.jar:/home/user/.m2/repository/org/apache/hadoop/hadoop-common/3.2.0/hadoop-common-3.2.0-tests.jar:/home/user/.m2/repository/org/apache/hadoop/hadoop-annotations/3.2.0/hadoop-annotations-3.2.0.jar:/usr/lib/jvm/java-1.8-openjdk/jre/../lib/tools.jar:/home/user/.m2/repository/commons-cli/commons-cli/1.2/commons-cli-1.2.jar:/home/user/.m2/repository/org/apache/httpcomponents/httpclient/4.5.2/httpclient-4.5.2.jar:/home/user/.m2/repository/org/apache/httpcomponents/httpcore/4.4.4/httpcore-4.4.4.jar:/home/user/.m2/repository/commons-codec/commons-codec/1.11/commons-codec-1.11.jar:/home/user/.m2/repository/commons-net/commons-net/3.6/commons-net-3.6.jar:/home/user/.m2/repository/commons-collections/commons-collections/3.2.2/commons-collections-3.2.2.jar:/home/user/.m2/repository/org/eclipse/jetty/jetty-servlet/9.3.24.v20180605/jetty-servlet-9.3.24.v20180605.jar:/home/user/.m2/repository/org/eclipse/jetty/jetty-security/9.3.24.v20180605/jetty-security-9.3.24.v20180605.jar:/home/user/.m2/repository/javax/servlet/jsp/jsp-api/2.1/jsp-api-2.1.jar:/home/user/.m2/repository/com/sun/jersey/jersey-servlet/1.19/jersey-servlet-1.19.jar:/home/user/.m2/repository/com/sun/jersey/jersey-json/1.19/jersey-json-1.19.jar:/home/user/.m2/repository/org/codehaus/jettison/jettison/1.1/jettison-1.1.jar:/home/user/.m2/repository/org/codehaus/jackson/jackson-core-asl/1.9.13/jackson-core-asl-1.9.13.jar:/home/user/.m2/repository/org/codehaus/jackson/jackson-mapper-asl/1.9.13/jackson-mapper-asl-1.9.13.jar:/home/user/.m2/repository/org/codehaus/jackson/jackson-jaxrs/1.9.13/jackson-jaxrs-1.9.13.jar:/home/user/.m2/repository/org/codehaus/jackson/jackson-xc/1.9.13/jackson-xc-1.9.13.jar:/home/user/.m2/repository/commons-logging/commons-logging/1.1.3/commons-logging-1.1.3.jar:/home/user/.m2/repository/commons-beanutils/commons-beanutils/1.9.3/commons-beanutils-1.9.3.jar:/home/user/.m2/repository/org/apache/commons/commons-configuration2/2.1.1/commons-configuration2-2.1.1.jar:/home/user/.m2/repository/org/apache/commons/commons-lang3/3.7/commons-lang3-3.7.jar:/home/user/.m2/repository/org/apache/commons/commons-text/1.4/commons-text-1.4.jar:/home/user/.m2/repository/org/apache/avro/avro/1.7.7/avro-1.7.7.jar:/home/user/.m2/repository/com/thoughtworks/paranamer/paranamer/2.3/paranamer-2.3.jar:/home/user/.m2/repository/org/xerial/snappy/snappy-java/1.0.5/snappy-java-1.0.5.jar:/home/user/.m2/repository/com/google/re2j/re2j/1.1/re2j-1.1.jar:/home/user/.m2/repository/com/google/code/gson/gson/2.2.4/gson-2.2.4.jar:/home/user/.m2/repository/com/jcraft/jsch/0.1.54/jsch-0.1.54.jar:/home/user/.m2/repository/org/apache/curator/curator-client/2.12.0/curator-client-2.12.0.jar:/home/user/.m2/repository/org/apache/curator/curator-recipes/2.12.0/curator-recipes-2.12.0.jar:/home/user/.m2/repository/com/google/code/findbugs/jsr305/3.0.0/jsr305-3.0.0.jar:/home/user/.m2/repository/org/apache/htrace/htrace-core4/4.1.0-incubating/htrace-core4-4.1.0-incubating.jar:/home/user/.m2/repository/org/apache/zookeeper/zookeeper/3.4.13/zookeeper-3.4.13.jar:/home/user/.m2/repository/org/apache/yetus/audience-annotations/0.5.0/audience-annotations-0.5.0.jar:/home/user/.m2/repository/org/codehaus/woodstox/stax2-api/3.1.4/stax2-api-3.1.4.jar:/home/user/.m2/repository/com/fasterxml/woodstox/woodstox-core/5.0.3/woodstox-core-5.0.3.jar:/home/user/.m2/repository/dnsjava/dnsjava/2.1.7/dnsjava-2.1.7.jar:/home/user/.m2/repository/org/apache/hadoop/hadoop-hdfs/3.2.0/hadoop-hdfs-3.2.0-tests.jar:/home/user/.m2/repository/org/eclipse/jetty/jetty-util-ajax/9.3.24.v20180605/jetty-util-ajax-9.3.24.v20180605.jar:/home/user/.m2/repository/commons-daemon/commons-daemon/1.0.13/commons-daemon-1.0.13.jar:/home/user/.m2/repository/io/netty/netty/3.10.5.Final/netty-3.10.5.Final.jar:/home/user/.m2/repository/io/netty/netty-all/4.0.52.Final/netty-all-4.0.52.Final.jar:/home/user/.m2/repository/org/fusesource/leveldbjni/leveldbjni-all/1.8/leveldbjni-all-1.8.jar:"/>
    <property name="sun.cpu.endian" value="little"/>
    <property name="user.home" value="/home/user"/>
    <property name="user.language" value="en"/>
    <property name="java.specification.vendor" value="Oracle Corporation"/>
    <property name="java.home" value="/usr/lib/jvm/java-1.8-openjdk/jre"/>
    <property name="java.security.krb5.conf" value="/workdir/hadoop-ozone/integration-test/target/test-classes/krb5.conf"/>
    <property name="basedir" value="/workdir/hadoop-ozone/integration-test"/>
    <property name="file.separator" value="/"/>
    <property name="line.separator" value="&#10;"/>
    <property name="java.vm.specification.vendor" value="Oracle Corporation"/>
    <property name="java.specification.name" value="Java Platform API Specification"/>
    <property name="java.awt.graphicsenv" value="sun.awt.X11GraphicsEnvironment"/>
    <property name="surefire.real.class.path" value="/workdir/hadoop-ozone/integration-test/target/surefire/surefirebooter8491274690469694302.jar"/>
    <property name="hadoop.log.dir" value="/workdir/hadoop-ozone/integration-test/target/log"/>
    <property name="sun.boot.class.path" value="/usr/lib/jvm/java-1.8-openjdk/jre/lib/resources.jar:/usr/lib/jvm/java-1.8-openjdk/jre/lib/rt.jar:/usr/lib/jvm/java-1.8-openjdk/jre/lib/sunrsasign.jar:/usr/lib/jvm/java-1.8-openjdk/jre/lib/jsse.jar:/usr/lib/jvm/java-1.8-openjdk/jre/lib/jce.jar:/usr/lib/jvm/java-1.8-openjdk/jre/lib/charsets.jar:/usr/lib/jvm/java-1.8-openjdk/jre/lib/jfr.jar:/usr/lib/jvm/java-1.8-openjdk/jre/classes"/>
    <property name="sun.management.compiler" value="HotSpot 64-Bit Tiered Compilers"/>
    <property name="java.runtime.version" value="1.8.0_212-b04"/>
    <property name="java.net.preferIPv4Stack" value="true"/>
    <property name="user.name" value="jenkins1000"/>
    <property name="path.separator" value=":"/>
    <property name="java.security.egd" value="file:///dev/urandom"/>
    <property name="os.version" value="3.10.0-957.12.2.el7.x86_64"/>
    <property name="java.endorsed.dirs" value="/usr/lib/jvm/java-1.8-openjdk/jre/lib/endorsed"/>
    <property name="java.runtime.name" value="OpenJDK Runtime Environment"/>
    <property name="file.encoding" value="UTF-8"/>
    <property name="java.vm.name" value="OpenJDK 64-Bit Server VM"/>
    <property name="test.build.webapps" value=""/>
    <property name="localRepository" value="/home/user/.m2/repository"/>
    <property name="java.vendor.url.bug" value="https://icedtea.classpath.org/bugzilla"/>
    <property name="java.io.tmpdir" value="/tmp"/>
    <property name="require.test.libhadoop" value=""/>
    <property name="java.version" value="1.8.0_212"/>
    <property name="user.dir" value="/workdir/hadoop-ozone/integration-test"/>
    <property name="os.arch" value="amd64"/>
    <property name="java.vm.specification.name" value="Java Virtual Machine Specification"/>
    <property name="test.build.classes" value="/workdir/hadoop-ozone/integration-test/target/test-classes"/>
    <property name="java.awt.printerjob" value="sun.print.PSPrinterJob"/>
    <property name="sun.os.patch.level" value="unknown"/>
    <property name="hadoop.tmp.dir" value="/workdir/hadoop-ozone/integration-test/target/tmp"/>
    <property name="java.library.path" value="/usr/lib/jvm/java-1.8-openjdk/jre/lib/amd64/server:/usr/lib/jvm/java-1.8-openjdk/jre/lib/amd64:/usr/lib/jvm/java-1.8-openjdk/jre/../lib/amd64:/workdir/hadoop-ozone/integration-test/target/native/target/usr/local/lib:/workdir/hadoop-ozone/integration-test/../../hadoop-common-project/hadoop-common/target/native/target/usr/local/lib:/usr/java/packages/lib/amd64:/usr/lib64:/lib64:/lib:/usr/lib"/>
    <property name="java.vm.info" value="mixed mode"/>
    <property name="java.vendor" value="IcedTea"/>
    <property name="java.vm.version" value="25.212-b04"/>
    <property name="java.ext.dirs" value="/usr/lib/jvm/java-1.8-openjdk/jre/lib/ext:/usr/java/packages/lib/ext"/>
    <property name="sun.io.unicode.encoding" value="UnicodeLittle"/>
    <property name="java.class.version" value="52.0"/>
  </properties>
  <testcase name="test2DatanodesFailure" classname="org.apache.hadoop.ozone.client.rpc.TestBlockOutputStreamWithFailures" time="104.36"/>
  <testcase name="testDatanodeFailureWithPreAllocation" classname="org.apache.hadoop.ozone.client.rpc.TestBlockOutputStreamWithFailures" time="224.403"/>
  <testcase name="testDatanodeFailureWithSingleNodeRatis" classname="org.apache.hadoop.ozone.client.rpc.TestBlockOutputStreamWithFailures" time="224.524"/>
  <testcase name="testWatchForCommitWithSingleNodeRatis" classname="org.apache.hadoop.ozone.client.rpc.TestBlockOutputStreamWithFailures" time="36.285"/>
  <testcase name="testWatchForCommitDatanodeFailure" classname="org.apache.hadoop.ozone.client.rpc.TestBlockOutputStreamWithFailures" time="34.488">
    <failure message="expected:&lt;61&gt; but was:&lt;62&gt;" type="java.lang.AssertionError"><![CDATA[java.lang.AssertionError: expected:<61> but was:<62>
	at org.junit.Assert.fail(Assert.java:88)
	at org.junit.Assert.failNotEquals(Assert.java:743)
	at org.junit.Assert.assertEquals(Assert.java:118)
	at org.junit.Assert.assertEquals(Assert.java:555)
	at org.junit.Assert.assertEquals(Assert.java:542)
	at org.apache.hadoop.ozone.client.rpc.TestBlockOutputStreamWithFailures.testWatchForCommitDatanodeFailure(TestBlockOutputStreamWithFailures.java:336)
	at sun.reflect.NativeMethodAccessorImpl.invoke0(Native Method)
	at sun.reflect.NativeMethodAccessorImpl.invoke(NativeMethodAccessorImpl.java:62)
	at sun.reflect.DelegatingMethodAccessorImpl.invoke(DelegatingMethodAccessorImpl.java:43)
	at java.lang.reflect.Method.invoke(Method.java:498)
	at org.junit.runners.model.FrameworkMethod$1.runReflectiveCall(FrameworkMethod.java:47)
	at org.junit.internal.runners.model.ReflectiveCallable.run(ReflectiveCallable.java:12)
	at org.junit.runners.model.FrameworkMethod.invokeExplosively(FrameworkMethod.java:44)
	at org.junit.internal.runners.statements.InvokeMethod.evaluate(InvokeMethod.java:17)
	at org.junit.internal.runners.statements.RunBefores.evaluate(RunBefores.java:26)
	at org.junit.internal.runners.statements.RunAfters.evaluate(RunAfters.java:27)
	at org.junit.runners.ParentRunner.runLeaf(ParentRunner.java:271)
	at org.junit.runners.BlockJUnit4ClassRunner.runChild(BlockJUnit4ClassRunner.java:70)
	at org.junit.runners.BlockJUnit4ClassRunner.runChild(BlockJUnit4ClassRunner.java:50)
	at org.junit.runners.ParentRunner$3.run(ParentRunner.java:238)
	at org.junit.runners.ParentRunner$1.schedule(ParentRunner.java:63)
	at org.junit.runners.ParentRunner.runChildren(ParentRunner.java:236)
	at org.junit.runners.ParentRunner.access$000(ParentRunner.java:53)
	at org.junit.runners.ParentRunner$2.evaluate(ParentRunner.java:229)
	at org.junit.runners.ParentRunner.run(ParentRunner.java:309)
	at org.apache.maven.surefire.junit4.JUnit4Provider.execute(JUnit4Provider.java:365)
	at org.apache.maven.surefire.junit4.JUnit4Provider.executeWithRerun(JUnit4Provider.java:273)
	at org.apache.maven.surefire.junit4.JUnit4Provider.executeTestSet(JUnit4Provider.java:238)
	at org.apache.maven.surefire.junit4.JUnit4Provider.invoke(JUnit4Provider.java:159)
	at org.apache.maven.surefire.booter.ForkedBooter.invokeProviderInSameClassLoader(ForkedBooter.java:384)
	at org.apache.maven.surefire.booter.ForkedBooter.runSuitesInProcess(ForkedBooter.java:345)
	at org.apache.maven.surefire.booter.ForkedBooter.execute(ForkedBooter.java:126)
	at org.apache.maven.surefire.booter.ForkedBooter.main(ForkedBooter.java:418)
]]></failure>
    <system-out><![CDATA[2019-07-30 15:10:09,429 WARN  server.ServerUtils (ServerUtils.java:getScmDbDir(145)) - ozone.scm.db.dirs is not configured. We recommend adding this setting. Falling back to ozone.metadata.dirs instead.
2019-07-30 15:10:09,435 WARN  server.ServerUtils (ServerUtils.java:getScmDbDir(145)) - ozone.scm.db.dirs is not configured. We recommend adding this setting. Falling back to ozone.metadata.dirs instead.
2019-07-30 15:10:09,436 WARN  server.ServerUtils (ServerUtils.java:getScmDbDir(145)) - ozone.scm.db.dirs is not configured. We recommend adding this setting. Falling back to ozone.metadata.dirs instead.
2019-07-30 15:10:09,436 INFO  db.DBStoreBuilder (DBStoreBuilder.java:addTable(110)) - using custom profile for table: deletedBlocks
2019-07-30 15:10:09,436 INFO  db.DBStoreBuilder (DBStoreBuilder.java:processTables(161)) - Using default column profile:DBProfile.DISK for Table:deletedBlocks
2019-07-30 15:10:09,437 INFO  db.DBStoreBuilder (DBStoreBuilder.java:addTable(110)) - using custom profile for table: validCerts
2019-07-30 15:10:09,437 INFO  db.DBStoreBuilder (DBStoreBuilder.java:processTables(161)) - Using default column profile:DBProfile.DISK for Table:validCerts
2019-07-30 15:10:09,437 INFO  db.DBStoreBuilder (DBStoreBuilder.java:addTable(110)) - using custom profile for table: revokedCerts
2019-07-30 15:10:09,437 INFO  db.DBStoreBuilder (DBStoreBuilder.java:processTables(161)) - Using default column profile:DBProfile.DISK for Table:revokedCerts
2019-07-30 15:10:09,438 INFO  db.DBStoreBuilder (DBStoreBuilder.java:addTable(110)) - using custom profile for table: default
2019-07-30 15:10:09,438 INFO  db.DBStoreBuilder (DBStoreBuilder.java:processTables(167)) - Using default column profile:DBProfile.DISK for Table:default
2019-07-30 15:10:09,438 INFO  db.DBStoreBuilder (DBStoreBuilder.java:getDbProfile(198)) - Using default options. DBProfile.DISK
2019-07-30 15:10:09,553 INFO  net.NodeSchemaLoader (NodeSchemaLoader.java:loadSchemaFromFile(125)) - Loading file from sun.misc.CompoundEnumeration@2943e61c
2019-07-30 15:10:09,553 INFO  net.NodeSchemaLoader (NodeSchemaLoader.java:loadSchema(171)) - Loading network topology layer schema file
2019-07-30 15:10:09,558 INFO  node.SCMNodeManager (SCMNodeManager.java:<init>(121)) - Entering startup safe mode.
2019-07-30 15:10:09,559 WARN  server.ServerUtils (ServerUtils.java:getScmDbDir(145)) - ozone.scm.db.dirs is not configured. We recommend adding this setting. Falling back to ozone.metadata.dirs instead.
2019-07-30 15:10:09,630 INFO  pipeline.SCMPipelineManager (SCMPipelineManager.java:initializePipelineState(126)) - No pipeline exists in current db
2019-07-30 15:10:09,630 WARN  server.ServerUtils (ServerUtils.java:getScmDbDir(145)) - ozone.scm.db.dirs is not configured. We recommend adding this setting. Falling back to ozone.metadata.dirs instead.
2019-07-30 15:10:09,697 WARN  events.EventQueue (EventQueue.java:fireEvent(175)) - No event handler registered for event TypedEvent{payloadType=SafeModeStatus, name='SafeModeStatus'}
2019-07-30 15:10:09,698 INFO  ipc.CallQueueManager (CallQueueManager.java:<init>(84)) - Using callQueue: class java.util.concurrent.LinkedBlockingQueue, queueCapacity: 2000, scheduler: class org.apache.hadoop.ipc.DefaultRpcScheduler, ipcBackoff: false.
2019-07-30 15:10:09,700 INFO  ipc.Server (Server.java:run(1074)) - Starting Socket Reader #1 for port 35719
2019-07-30 15:10:09,702 INFO  ipc.CallQueueManager (CallQueueManager.java:<init>(84)) - Using callQueue: class java.util.concurrent.LinkedBlockingQueue, queueCapacity: 2000, scheduler: class org.apache.hadoop.ipc.DefaultRpcScheduler, ipcBackoff: false.
2019-07-30 15:10:09,702 INFO  ipc.Server (Server.java:run(1074)) - Starting Socket Reader #1 for port 33556
2019-07-30 15:10:09,704 INFO  ipc.CallQueueManager (CallQueueManager.java:<init>(84)) - Using callQueue: class java.util.concurrent.LinkedBlockingQueue, queueCapacity: 2000, scheduler: class org.apache.hadoop.ipc.DefaultRpcScheduler, ipcBackoff: false.
2019-07-30 15:10:09,705 INFO  ipc.Server (Server.java:run(1074)) - Starting Socket Reader #1 for port 42687
2019-07-30 15:10:09,708 INFO  hdfs.DFSUtil (DFSUtil.java:httpServerTemplateForNNAndJN(1641)) - Starting Web-server for scm at: http://0.0.0.0:0
2019-07-30 15:10:09,710 INFO  server.AuthenticationFilter (AuthenticationFilter.java:constructSecretProvider(240)) - Unable to initialize FileSignerSecretProvider, falling back to use random secrets.
2019-07-30 15:10:09,710 WARN  http.HttpRequestLog (HttpRequestLog.java:getRequestLog(97)) - Jetty request log can only be enabled using Log4j
2019-07-30 15:10:09,712 INFO  http.HttpServer2 (HttpServer2.java:addGlobalFilter(975)) - Added global filter 'safety' (class=org.apache.hadoop.http.HttpServer2$QuotingInputFilter)
2019-07-30 15:10:09,713 INFO  http.HttpServer2 (HttpServer2.java:addFilter(948)) - Added filter static_user_filter (class=org.apache.hadoop.http.lib.StaticUserWebFilter$StaticUserFilter) to context scm
2019-07-30 15:10:09,713 INFO  http.HttpServer2 (HttpServer2.java:addFilter(958)) - Added filter static_user_filter (class=org.apache.hadoop.http.lib.StaticUserWebFilter$StaticUserFilter) to context logs
2019-07-30 15:10:09,713 INFO  http.HttpServer2 (HttpServer2.java:addFilter(958)) - Added filter static_user_filter (class=org.apache.hadoop.http.lib.StaticUserWebFilter$StaticUserFilter) to context static
2019-07-30 15:10:09,715 INFO  server.StorageContainerManager (StorageContainerManager.java:start(758)) - StorageContainerLocationProtocol RPC server is listening at /0.0.0.0:42687
2019-07-30 15:10:09,717 WARN  impl.MetricsConfig (MetricsConfig.java:loadFirst(134)) - Cannot locate configuration: tried hadoop-metrics2-storagecontainermanager.properties,hadoop-metrics2.properties
2019-07-30 15:10:09,718 INFO  impl.MetricsSystemImpl (MetricsSystemImpl.java:startTimer(374)) - Scheduled Metric snapshot period at 10 second(s).
2019-07-30 15:10:09,719 INFO  impl.MetricsSystemImpl (MetricsSystemImpl.java:start(191)) - StorageContainerManager metrics system started
2019-07-30 15:10:09,780 INFO  server.SCMClientProtocolServer (SCMClientProtocolServer.java:start(151)) - RPC server for Client  is listening at /0.0.0.0:42687
2019-07-30 15:10:09,781 INFO  ipc.Server (Server.java:run(1314)) - IPC Server Responder: starting
2019-07-30 15:10:09,782 INFO  ipc.Server (Server.java:run(1153)) - IPC Server listener on 42687: starting
2019-07-30 15:10:09,785 INFO  server.StorageContainerManager (StorageContainerManager.java:start(768)) - ScmBlockLocationProtocol RPC server is listening at /0.0.0.0:33556
2019-07-30 15:10:09,785 INFO  server.SCMBlockProtocolServer (SCMBlockProtocolServer.java:start(140)) - RPC server for Block Protocol is listening at /0.0.0.0:33556
2019-07-30 15:10:09,786 INFO  ipc.Server (Server.java:run(1314)) - IPC Server Responder: starting
2019-07-30 15:10:09,786 INFO  ipc.Server (Server.java:run(1153)) - IPC Server listener on 33556: starting
2019-07-30 15:10:09,790 INFO  server.StorageContainerManager (StorageContainerManager.java:start(772)) - ScmDatanodeProtocl RPC server is listening at /0.0.0.0:35719
2019-07-30 15:10:09,790 INFO  server.SCMDatanodeProtocolServer (SCMDatanodeProtocolServer.java:start(191)) - RPC server for DataNodes is listening at /0.0.0.0:35719
2019-07-30 15:10:09,790 INFO  ipc.Server (Server.java:run(1314)) - IPC Server Responder: starting
2019-07-30 15:10:09,790 INFO  ipc.Server (Server.java:run(1153)) - IPC Server listener on 35719: starting
2019-07-30 15:10:09,794 INFO  http.HttpServer2 (HttpServer2.java:bindListener(1191)) - Jetty bound to port 38038
2019-07-30 15:10:09,794 INFO  server.Server (Server.java:doStart(351)) - jetty-9.3.24.v20180605, build timestamp: 2018-06-05T17:11:56Z, git hash: 84205aa28f11a4f31f2a3b86d1bba2cc8ab69827
2019-07-30 15:10:09,796 INFO  handler.ContextHandler (ContextHandler.java:doStart(781)) - Started o.e.j.s.ServletContextHandler@569d6e0d{/logs,file:///workdir/hadoop-ozone/integration-test/target/log,AVAILABLE}
2019-07-30 15:10:09,796 INFO  handler.ContextHandler (ContextHandler.java:doStart(781)) - Started o.e.j.s.ServletContextHandler@18edbed9{/static,file:///workdir/hadoop-ozone/integration-test/target/test-classes/webapps/static,AVAILABLE}
2019-07-30 15:10:09,800 INFO  handler.ContextHandler (ContextHandler.java:doStart(781)) - Started o.e.j.w.WebAppContext@77c1a7ce{/,file:///workdir/hadoop-ozone/integration-test/target/test-classes/webapps/scm/,AVAILABLE}{/scm}
2019-07-30 15:10:09,801 INFO  server.AbstractConnector (AbstractConnector.java:doStart(278)) - Started ServerConnector@14a488ed{HTTP/1.1,[http/1.1]}{0.0.0.0:38038}
2019-07-30 15:10:09,802 INFO  server.Server (Server.java:doStart(419)) - Started @590513ms
2019-07-30 15:10:09,802 INFO  server.BaseHttpServer (BaseHttpServer.java:updateConnectorAddress(207)) - HTTP server of SCM is listening at http://0.0.0.0:38038
2019-07-30 15:10:09,803 WARN  server.ServerUtils (ServerUtils.java:getDBPath(222)) - ozone.om.db.dirs is not configured. We recommend adding this setting. Falling back to ozone.metadata.dirs instead.
2019-07-30 15:10:09,804 INFO  util.JvmPauseMonitor (JvmPauseMonitor.java:run(188)) - Starting JVM pause monitor
2019-07-30 15:10:09,816 WARN  server.ServerUtils (ServerUtils.java:getDBPath(222)) - ozone.om.db.dirs is not configured. We recommend adding this setting. Falling back to ozone.metadata.dirs instead.
2019-07-30 15:10:09,816 WARN  server.ServerUtils (ServerUtils.java:getDBPath(222)) - ozone.om.db.dirs is not configured. We recommend adding this setting. Falling back to ozone.metadata.dirs instead.
2019-07-30 15:10:09,816 INFO  om.OzoneManager (OzoneManager.java:setOMNodeDetails(644)) - OM Service ID is not set. Setting it to the default ID: omServiceIdDefault
2019-07-30 15:10:09,816 INFO  om.OzoneManager (OzoneManager.java:setOMNodeDetails(650)) - OM Node ID is not set. Setting it to the OmStorage's OmID: 76cb7239-46c6-4f57-896c-b44443eabebc
2019-07-30 15:10:09,817 INFO  om.OzoneManager (OzoneManager.java:loadOMHAConfigs(601)) - Found matching OM address with OMServiceId: null, OMNodeId: null, RPC Address: localhost:0 and Ratis port: 9872
2019-07-30 15:10:09,823 WARN  server.ServerUtils (ServerUtils.java:getDBPath(222)) - ozone.om.db.dirs is not configured. We recommend adding this setting. Falling back to ozone.metadata.dirs instead.
2019-07-30 15:10:09,823 INFO  db.DBStoreBuilder (DBStoreBuilder.java:addTable(110)) - using custom profile for table: userTable
2019-07-30 15:10:09,823 INFO  db.DBStoreBuilder (DBStoreBuilder.java:processTables(161)) - Using default column profile:DBProfile.DISK for Table:userTable
2019-07-30 15:10:09,824 INFO  db.DBStoreBuilder (DBStoreBuilder.java:addTable(110)) - using custom profile for table: volumeTable
2019-07-30 15:10:09,824 INFO  db.DBStoreBuilder (DBStoreBuilder.java:processTables(161)) - Using default column profile:DBProfile.DISK for Table:volumeTable
2019-07-30 15:10:09,824 INFO  db.DBStoreBuilder (DBStoreBuilder.java:addTable(110)) - using custom profile for table: bucketTable
2019-07-30 15:10:09,824 INFO  db.DBStoreBuilder (DBStoreBuilder.java:processTables(161)) - Using default column profile:DBProfile.DISK for Table:bucketTable
2019-07-30 15:10:09,824 INFO  db.DBStoreBuilder (DBStoreBuilder.java:addTable(110)) - using custom profile for table: keyTable
2019-07-30 15:10:09,824 INFO  db.DBStoreBuilder (DBStoreBuilder.java:processTables(161)) - Using default column profile:DBProfile.DISK for Table:keyTable
2019-07-30 15:10:09,825 INFO  db.DBStoreBuilder (DBStoreBuilder.java:addTable(110)) - using custom profile for table: deletedTable
2019-07-30 15:10:09,825 INFO  db.DBStoreBuilder (DBStoreBuilder.java:processTables(161)) - Using default column profile:DBProfile.DISK for Table:deletedTable
2019-07-30 15:10:09,825 INFO  db.DBStoreBuilder (DBStoreBuilder.java:addTable(110)) - using custom profile for table: openKeyTable
2019-07-30 15:10:09,825 INFO  db.DBStoreBuilder (DBStoreBuilder.java:processTables(161)) - Using default column profile:DBProfile.DISK for Table:openKeyTable
2019-07-30 15:10:09,825 INFO  db.DBStoreBuilder (DBStoreBuilder.java:addTable(110)) - using custom profile for table: s3Table
2019-07-30 15:10:09,825 INFO  db.DBStoreBuilder (DBStoreBuilder.java:processTables(161)) - Using default column profile:DBProfile.DISK for Table:s3Table
2019-07-30 15:10:09,826 INFO  db.DBStoreBuilder (DBStoreBuilder.java:addTable(110)) - using custom profile for table: multipartInfoTable
2019-07-30 15:10:09,826 INFO  db.DBStoreBuilder (DBStoreBuilder.java:processTables(161)) - Using default column profile:DBProfile.DISK for Table:multipartInfoTable
2019-07-30 15:10:09,826 INFO  db.DBStoreBuilder (DBStoreBuilder.java:addTable(110)) - using custom profile for table: dTokenTable
2019-07-30 15:10:09,826 INFO  db.DBStoreBuilder (DBStoreBuilder.java:processTables(161)) - Using default column profile:DBProfile.DISK for Table:dTokenTable
2019-07-30 15:10:09,826 INFO  db.DBStoreBuilder (DBStoreBuilder.java:addTable(110)) - using custom profile for table: s3SecretTable
2019-07-30 15:10:09,827 INFO  db.DBStoreBuilder (DBStoreBuilder.java:processTables(161)) - Using default column profile:DBProfile.DISK for Table:s3SecretTable
2019-07-30 15:10:09,827 INFO  db.DBStoreBuilder (DBStoreBuilder.java:addTable(110)) - using custom profile for table: prefixTable
2019-07-30 15:10:09,827 INFO  db.DBStoreBuilder (DBStoreBuilder.java:processTables(161)) - Using default column profile:DBProfile.DISK for Table:prefixTable
2019-07-30 15:10:09,827 INFO  db.DBStoreBuilder (DBStoreBuilder.java:addTable(110)) - using custom profile for table: default
2019-07-30 15:10:09,827 INFO  db.DBStoreBuilder (DBStoreBuilder.java:processTables(167)) - Using default column profile:DBProfile.DISK for Table:default
2019-07-30 15:10:09,827 INFO  db.DBStoreBuilder (DBStoreBuilder.java:getDbProfile(198)) - Using default options. DBProfile.DISK
2019-07-30 15:10:10,294 INFO  ipc.CallQueueManager (CallQueueManager.java:<init>(84)) - Using callQueue: class java.util.concurrent.LinkedBlockingQueue, queueCapacity: 2000, scheduler: class org.apache.hadoop.ipc.DefaultRpcScheduler, ipcBackoff: false.
2019-07-30 15:10:10,295 INFO  ipc.Server (Server.java:run(1074)) - Starting Socket Reader #1 for port 35129
2019-07-30 15:10:10,307 INFO  om.OzoneManager (OzoneManager.java:start(1255)) - OzoneManager RPC server is listening at localhost/127.0.0.1:35129
2019-07-30 15:10:10,307 INFO  impl.MetricsSystemImpl (MetricsSystemImpl.java:init(158)) - OzoneManager metrics system started (again)
2019-07-30 15:10:10,308 INFO  ipc.Server (Server.java:run(1314)) - IPC Server Responder: starting
2019-07-30 15:10:10,308 INFO  ipc.Server (Server.java:run(1153)) - IPC Server listener on 35129: starting
2019-07-30 15:10:10,314 INFO  hdfs.DFSUtil (DFSUtil.java:httpServerTemplateForNNAndJN(1641)) - Starting Web-server for ozoneManager at: http://0.0.0.0:0
2019-07-30 15:10:10,315 INFO  server.AuthenticationFilter (AuthenticationFilter.java:constructSecretProvider(240)) - Unable to initialize FileSignerSecretProvider, falling back to use random secrets.
2019-07-30 15:10:10,316 WARN  http.HttpRequestLog (HttpRequestLog.java:getRequestLog(97)) - Jetty request log can only be enabled using Log4j
2019-07-30 15:10:10,318 INFO  http.HttpServer2 (HttpServer2.java:addGlobalFilter(975)) - Added global filter 'safety' (class=org.apache.hadoop.http.HttpServer2$QuotingInputFilter)
2019-07-30 15:10:10,319 INFO  http.HttpServer2 (HttpServer2.java:addFilter(948)) - Added filter static_user_filter (class=org.apache.hadoop.http.lib.StaticUserWebFilter$StaticUserFilter) to context ozoneManager
2019-07-30 15:10:10,319 INFO  http.HttpServer2 (HttpServer2.java:addFilter(958)) - Added filter static_user_filter (class=org.apache.hadoop.http.lib.StaticUserWebFilter$StaticUserFilter) to context static
2019-07-30 15:10:10,319 INFO  http.HttpServer2 (HttpServer2.java:addFilter(958)) - Added filter static_user_filter (class=org.apache.hadoop.http.lib.StaticUserWebFilter$StaticUserFilter) to context logs
2019-07-30 15:10:10,320 INFO  http.HttpServer2 (HttpServer2.java:bindListener(1191)) - Jetty bound to port 33548
2019-07-30 15:10:10,320 INFO  server.Server (Server.java:doStart(351)) - jetty-9.3.24.v20180605, build timestamp: 2018-06-05T17:11:56Z, git hash: 84205aa28f11a4f31f2a3b86d1bba2cc8ab69827
2019-07-30 15:10:10,322 INFO  handler.ContextHandler (ContextHandler.java:doStart(781)) - Started o.e.j.s.ServletContextHandler@776b7fa2{/logs,file:///workdir/hadoop-ozone/integration-test/target/log,AVAILABLE}
2019-07-30 15:10:10,323 INFO  handler.ContextHandler (ContextHandler.java:doStart(781)) - Started o.e.j.s.ServletContextHandler@6d76aa05{/static,file:///workdir/hadoop-ozone/integration-test/target/test-classes/webapps/static,AVAILABLE}
2019-07-30 15:10:10,328 INFO  handler.ContextHandler (ContextHandler.java:doStart(781)) - Started o.e.j.w.WebAppContext@786de0a3{/,file:///workdir/hadoop-ozone/integration-test/target/test-classes/webapps/ozoneManager/,AVAILABLE}{/ozoneManager}
2019-07-30 15:10:10,328 INFO  server.AbstractConnector (AbstractConnector.java:doStart(278)) - Started ServerConnector@472dc215{HTTP/1.1,[http/1.1]}{0.0.0.0:33548}
2019-07-30 15:10:10,330 INFO  server.Server (Server.java:doStart(419)) - Started @591041ms
2019-07-30 15:10:10,331 INFO  server.BaseHttpServer (BaseHttpServer.java:updateConnectorAddress(207)) - HTTP server of OZONEMANAGER is listening at http://0.0.0.0:33548
2019-07-30 15:10:10,351 INFO  impl.MetricsSystemImpl (MetricsSystemImpl.java:init(158)) - HddsDatanode metrics system started (again)
2019-07-30 15:10:10,354 INFO  ozone.HddsDatanodeService (HddsDatanodeService.java:start(184)) - HddsDatanodeService host:byscane-nightly-xg47r-921641087 ip:192.168.5.170
2019-07-30 15:10:10,366 INFO  volume.HddsVolume (HddsVolume.java:<init>(176)) - Creating Volume: /workdir/hadoop-ozone/integration-test/target/test-dir/MiniOzoneClusterImpl-ad46064b-6a94-4531-afe2-6a9f3b447690/datanode-0/data/containers/hdds of  storage type : DISK and capacity : 52710309888
2019-07-30 15:10:10,367 INFO  volume.VolumeSet (VolumeSet.java:initializeVolumeSet(170)) - Added Volume : /workdir/hadoop-ozone/integration-test/target/test-dir/MiniOzoneClusterImpl-ad46064b-6a94-4531-afe2-6a9f3b447690/datanode-0/data/containers/hdds to VolumeSet
2019-07-30 15:10:10,367 INFO  volume.ThrottledAsyncChecker (ThrottledAsyncChecker.java:schedule(140)) - Scheduling a check for org.apache.hadoop.ozone.container.common.volume.HddsVolume@65a7bc80
2019-07-30 15:10:10,368 INFO  volume.HddsVolumeChecker (HddsVolumeChecker.java:checkAllVolumes(203)) - Scheduled health check for volume org.apache.hadoop.ozone.container.common.volume.HddsVolume@65a7bc80
2019-07-30 15:10:10,384 INFO  impl.RaftServerProxy (ConfUtils.java:logGet(43)) - raft.rpc.type = GRPC (default)
2019-07-30 15:10:10,384 INFO  grpc.GrpcFactory (GrpcFactory.java:checkPooledByteBufAllocatorUseCacheForAllThreads(45)) - PERFORMANCE WARNING: useCacheForAllThreads is true that may cause Netty to create a lot garbage objects and, as a result, trigger GC.
	It is recommended to disable useCacheForAllThreads by setting -Dorg.apache.ratis.thirdparty.io.netty.allocator.useCacheForAllThreads=false in command line.
2019-07-30 15:10:10,385 INFO  grpc.GrpcConfigKeys$Server (ConfUtils.java:logGet(43)) - raft.grpc.server.port = 0 (default)
2019-07-30 15:10:10,385 INFO  server.GrpcService (ConfUtils.java:logGet(43)) - raft.grpc.message.size.max = 33570816 (custom)
2019-07-30 15:10:10,385 INFO  server.RaftServerConfigKeys (ConfUtils.java:logGet(43)) - raft.server.log.appender.buffer.byte-limit = 33554432 (custom)
2019-07-30 15:10:10,385 INFO  server.GrpcService (ConfUtils.java:logGet(43)) - raft.grpc.flow.control.window = 1MB (=1048576) (default)
2019-07-30 15:10:10,386 INFO  server.RaftServerConfigKeys (ConfUtils.java:logGet(43)) - raft.server.rpc.request.timeout = 3000ms (default)
2019-07-30 15:10:10,386 INFO  server.RaftServerConfigKeys (ConfUtils.java:logGet(43)) - raft.server.storage.dir = [/workdir/hadoop-ozone/integration-test/target/test-dir/MiniOzoneClusterImpl-ad46064b-6a94-4531-afe2-6a9f3b447690/datanode-0/data/ratis] (custom)
2019-07-30 15:10:10,387 INFO  replication.SimpleContainerDownloader (SimpleContainerDownloader.java:<init>(72)) - Starting container downloader service to copy containers to replicate.
2019-07-30 15:10:10,388 INFO  hdfs.DFSUtil (DFSUtil.java:httpServerTemplateForNNAndJN(1641)) - Starting Web-server for hddsDatanode at: http://0.0.0.0:0
2019-07-30 15:10:10,390 INFO  server.AuthenticationFilter (AuthenticationFilter.java:constructSecretProvider(240)) - Unable to initialize FileSignerSecretProvider, falling back to use random secrets.
2019-07-30 15:10:10,391 WARN  http.HttpRequestLog (HttpRequestLog.java:getRequestLog(97)) - Jetty request log can only be enabled using Log4j
2019-07-30 15:10:10,392 INFO  http.HttpServer2 (HttpServer2.java:addGlobalFilter(975)) - Added global filter 'safety' (class=org.apache.hadoop.http.HttpServer2$QuotingInputFilter)
2019-07-30 15:10:10,393 INFO  http.HttpServer2 (HttpServer2.java:addFilter(948)) - Added filter static_user_filter (class=org.apache.hadoop.http.lib.StaticUserWebFilter$StaticUserFilter) to context hddsDatanode
2019-07-30 15:10:10,393 INFO  http.HttpServer2 (HttpServer2.java:addFilter(958)) - Added filter static_user_filter (class=org.apache.hadoop.http.lib.StaticUserWebFilter$StaticUserFilter) to context static
2019-07-30 15:10:10,393 INFO  http.HttpServer2 (HttpServer2.java:addFilter(958)) - Added filter static_user_filter (class=org.apache.hadoop.http.lib.StaticUserWebFilter$StaticUserFilter) to context logs
2019-07-30 15:10:10,394 INFO  http.HttpServer2 (HttpServer2.java:bindListener(1191)) - Jetty bound to port 36916
2019-07-30 15:10:10,395 INFO  server.Server (Server.java:doStart(351)) - jetty-9.3.24.v20180605, build timestamp: 2018-06-05T17:11:56Z, git hash: 84205aa28f11a4f31f2a3b86d1bba2cc8ab69827
2019-07-30 15:10:10,397 INFO  handler.ContextHandler (ContextHandler.java:doStart(781)) - Started o.e.j.s.ServletContextHandler@5b166420{/logs,file:///workdir/hadoop-ozone/integration-test/target/log,AVAILABLE}
2019-07-30 15:10:10,397 INFO  handler.ContextHandler (ContextHandler.java:doStart(781)) - Started o.e.j.s.ServletContextHandler@17adbecf{/static,jar:file:/home/user/.m2/repository/org/apache/hadoop/hadoop-hdds-container-service/0.4.1-SNAPSHOT/hadoop-hdds-container-service-0.4.1-SNAPSHOT.jar!/webapps/static,AVAILABLE}
2019-07-30 15:10:10,438 INFO  handler.ContextHandler (ContextHandler.java:doStart(781)) - Started o.e.j.w.WebAppContext@139da216{/,file:///tmp/jetty-0.0.0.0-36916-hddsDatanode-_-any-7213812558420558449.dir/webapp/,AVAILABLE}{/hddsDatanode}
2019-07-30 15:10:10,439 INFO  server.AbstractConnector (AbstractConnector.java:doStart(278)) - Started ServerConnector@6a35cccf{HTTP/1.1,[http/1.1]}{0.0.0.0:36916}
2019-07-30 15:10:10,440 INFO  server.Server (Server.java:doStart(419)) - Started @591151ms
2019-07-30 15:10:10,441 INFO  server.BaseHttpServer (BaseHttpServer.java:updateConnectorAddress(207)) - HTTP server of HDDSDATANODE is listening at http://0.0.0.0:36916
2019-07-30 15:10:10,547 INFO  ozone.HddsDatanodeService (HddsDatanodeService.java:startPlugins(395)) - Started plug-in org.apache.hadoop.ozone.web.OzoneHddsDatanodeService@27aa0720
2019-07-30 15:10:10,547 INFO  impl.MetricsSystemImpl (MetricsSystemImpl.java:init(158)) - HddsDatanode metrics system started (again)
2019-07-30 15:10:10,549 INFO  ozone.HddsDatanodeService (HddsDatanodeService.java:start(184)) - HddsDatanodeService host:byscane-nightly-xg47r-921641087 ip:192.168.5.170
2019-07-30 15:10:10,550 INFO  util.JvmPauseMonitor (JvmPauseMonitor.java:run(188)) - Starting JVM pause monitor
2019-07-30 15:10:10,551 INFO  datanode.InitDatanodeState (InitDatanodeState.java:persistContainerDatanodeDetails(140)) - DatanodeDetails is persisted to /workdir/hadoop-ozone/integration-test/target/test-dir/MiniOzoneClusterImpl-ad46064b-6a94-4531-afe2-6a9f3b447690/datanode-0/meta/datanode.id
2019-07-30 15:10:10,560 INFO  volume.HddsVolume (HddsVolume.java:<init>(176)) - Creating Volume: /workdir/hadoop-ozone/integration-test/target/test-dir/MiniOzoneClusterImpl-ad46064b-6a94-4531-afe2-6a9f3b447690/datanode-1/data/containers/hdds of  storage type : DISK and capacity : 52710309888
2019-07-30 15:10:10,560 INFO  volume.VolumeSet (VolumeSet.java:initializeVolumeSet(170)) - Added Volume : /workdir/hadoop-ozone/integration-test/target/test-dir/MiniOzoneClusterImpl-ad46064b-6a94-4531-afe2-6a9f3b447690/datanode-1/data/containers/hdds to VolumeSet
2019-07-30 15:10:10,561 INFO  volume.ThrottledAsyncChecker (ThrottledAsyncChecker.java:schedule(140)) - Scheduling a check for org.apache.hadoop.ozone.container.common.volume.HddsVolume@35ffe3ac
2019-07-30 15:10:10,561 INFO  volume.HddsVolumeChecker (HddsVolumeChecker.java:checkAllVolumes(203)) - Scheduled health check for volume org.apache.hadoop.ozone.container.common.volume.HddsVolume@35ffe3ac
2019-07-30 15:10:10,574 INFO  impl.RaftServerProxy (ConfUtils.java:logGet(43)) - raft.rpc.type = GRPC (default)
2019-07-30 15:10:10,574 INFO  grpc.GrpcFactory (GrpcFactory.java:checkPooledByteBufAllocatorUseCacheForAllThreads(45)) - PERFORMANCE WARNING: useCacheForAllThreads is true that may cause Netty to create a lot garbage objects and, as a result, trigger GC.
	It is recommended to disable useCacheForAllThreads by setting -Dorg.apache.ratis.thirdparty.io.netty.allocator.useCacheForAllThreads=false in command line.
2019-07-30 15:10:10,574 INFO  grpc.GrpcConfigKeys$Server (ConfUtils.java:logGet(43)) - raft.grpc.server.port = 0 (default)
2019-07-30 15:10:10,574 INFO  server.GrpcService (ConfUtils.java:logGet(43)) - raft.grpc.message.size.max = 33570816 (custom)
2019-07-30 15:10:10,574 INFO  server.RaftServerConfigKeys (ConfUtils.java:logGet(43)) - raft.server.log.appender.buffer.byte-limit = 33554432 (custom)
2019-07-30 15:10:10,575 INFO  server.GrpcService (ConfUtils.java:logGet(43)) - raft.grpc.flow.control.window = 1MB (=1048576) (default)
2019-07-30 15:10:10,575 INFO  server.RaftServerConfigKeys (ConfUtils.java:logGet(43)) - raft.server.rpc.request.timeout = 3000ms (default)
2019-07-30 15:10:10,575 INFO  server.RaftServerConfigKeys (ConfUtils.java:logGet(43)) - raft.server.storage.dir = [/workdir/hadoop-ozone/integration-test/target/test-dir/MiniOzoneClusterImpl-ad46064b-6a94-4531-afe2-6a9f3b447690/datanode-1/data/ratis] (custom)
2019-07-30 15:10:10,575 INFO  replication.SimpleContainerDownloader (SimpleContainerDownloader.java:<init>(72)) - Starting container downloader service to copy containers to replicate.
2019-07-30 15:10:10,576 INFO  hdfs.DFSUtil (DFSUtil.java:httpServerTemplateForNNAndJN(1641)) - Starting Web-server for hddsDatanode at: http://0.0.0.0:0
2019-07-30 15:10:10,577 INFO  server.AuthenticationFilter (AuthenticationFilter.java:constructSecretProvider(240)) - Unable to initialize FileSignerSecretProvider, falling back to use random secrets.
2019-07-30 15:10:10,578 WARN  http.HttpRequestLog (HttpRequestLog.java:getRequestLog(97)) - Jetty request log can only be enabled using Log4j
2019-07-30 15:10:10,579 INFO  http.HttpServer2 (HttpServer2.java:addGlobalFilter(975)) - Added global filter 'safety' (class=org.apache.hadoop.http.HttpServer2$QuotingInputFilter)
2019-07-30 15:10:10,579 INFO  http.HttpServer2 (HttpServer2.java:addFilter(948)) - Added filter static_user_filter (class=org.apache.hadoop.http.lib.StaticUserWebFilter$StaticUserFilter) to context hddsDatanode
2019-07-30 15:10:10,579 INFO  http.HttpServer2 (HttpServer2.java:addFilter(958)) - Added filter static_user_filter (class=org.apache.hadoop.http.lib.StaticUserWebFilter$StaticUserFilter) to context static
2019-07-30 15:10:10,579 INFO  http.HttpServer2 (HttpServer2.java:addFilter(958)) - Added filter static_user_filter (class=org.apache.hadoop.http.lib.StaticUserWebFilter$StaticUserFilter) to context logs
2019-07-30 15:10:10,580 INFO  http.HttpServer2 (HttpServer2.java:bindListener(1191)) - Jetty bound to port 44520
2019-07-30 15:10:10,580 INFO  server.Server (Server.java:doStart(351)) - jetty-9.3.24.v20180605, build timestamp: 2018-06-05T17:11:56Z, git hash: 84205aa28f11a4f31f2a3b86d1bba2cc8ab69827
2019-07-30 15:10:10,581 INFO  handler.ContextHandler (ContextHandler.java:doStart(781)) - Started o.e.j.s.ServletContextHandler@5f4f198c{/logs,file:///workdir/hadoop-ozone/integration-test/target/log,AVAILABLE}
2019-07-30 15:10:10,582 INFO  handler.ContextHandler (ContextHandler.java:doStart(781)) - Started o.e.j.s.ServletContextHandler@7b6e196e{/static,jar:file:/home/user/.m2/repository/org/apache/hadoop/hadoop-hdds-container-service/0.4.1-SNAPSHOT/hadoop-hdds-container-service-0.4.1-SNAPSHOT.jar!/webapps/static,AVAILABLE}
2019-07-30 15:10:10,608 INFO  handler.ContextHandler (ContextHandler.java:doStart(781)) - Started o.e.j.w.WebAppContext@6101fd7d{/,file:///tmp/jetty-0.0.0.0-44520-hddsDatanode-_-any-2697982055723260430.dir/webapp/,AVAILABLE}{/hddsDatanode}
2019-07-30 15:10:10,608 INFO  server.AbstractConnector (AbstractConnector.java:doStart(278)) - Started ServerConnector@b22bebc{HTTP/1.1,[http/1.1]}{0.0.0.0:44520}
2019-07-30 15:10:10,609 INFO  server.Server (Server.java:doStart(419)) - Started @591320ms
2019-07-30 15:10:10,610 INFO  server.BaseHttpServer (BaseHttpServer.java:updateConnectorAddress(207)) - HTTP server of HDDSDATANODE is listening at http://0.0.0.0:44520
2019-07-30 15:10:10,705 INFO  ozone.HddsDatanodeService (HddsDatanodeService.java:startPlugins(395)) - Started plug-in org.apache.hadoop.ozone.web.OzoneHddsDatanodeService@533165e7
2019-07-30 15:10:10,706 INFO  impl.MetricsSystemImpl (MetricsSystemImpl.java:init(158)) - HddsDatanode metrics system started (again)
2019-07-30 15:10:10,708 INFO  ozone.HddsDatanodeService (HddsDatanodeService.java:start(184)) - HddsDatanodeService host:byscane-nightly-xg47r-921641087 ip:192.168.5.170
2019-07-30 15:10:10,708 INFO  util.JvmPauseMonitor (JvmPauseMonitor.java:run(188)) - Starting JVM pause monitor
2019-07-30 15:10:10,710 INFO  datanode.InitDatanodeState (InitDatanodeState.java:persistContainerDatanodeDetails(140)) - DatanodeDetails is persisted to /workdir/hadoop-ozone/integration-test/target/test-dir/MiniOzoneClusterImpl-ad46064b-6a94-4531-afe2-6a9f3b447690/datanode-1/meta/datanode.id
2019-07-30 15:10:10,719 INFO  volume.HddsVolume (HddsVolume.java:<init>(176)) - Creating Volume: /workdir/hadoop-ozone/integration-test/target/test-dir/MiniOzoneClusterImpl-ad46064b-6a94-4531-afe2-6a9f3b447690/datanode-2/data/containers/hdds of  storage type : DISK and capacity : 52710309888
2019-07-30 15:10:10,719 INFO  volume.VolumeSet (VolumeSet.java:initializeVolumeSet(170)) - Added Volume : /workdir/hadoop-ozone/integration-test/target/test-dir/MiniOzoneClusterImpl-ad46064b-6a94-4531-afe2-6a9f3b447690/datanode-2/data/containers/hdds to VolumeSet
2019-07-30 15:10:10,719 INFO  volume.ThrottledAsyncChecker (ThrottledAsyncChecker.java:schedule(140)) - Scheduling a check for org.apache.hadoop.ozone.container.common.volume.HddsVolume@4a2bc71f
2019-07-30 15:10:10,719 INFO  volume.HddsVolumeChecker (HddsVolumeChecker.java:checkAllVolumes(203)) - Scheduled health check for volume org.apache.hadoop.ozone.container.common.volume.HddsVolume@4a2bc71f
2019-07-30 15:10:10,732 INFO  impl.RaftServerProxy (ConfUtils.java:logGet(43)) - raft.rpc.type = GRPC (default)
2019-07-30 15:10:10,732 INFO  grpc.GrpcFactory (GrpcFactory.java:checkPooledByteBufAllocatorUseCacheForAllThreads(45)) - PERFORMANCE WARNING: useCacheForAllThreads is true that may cause Netty to create a lot garbage objects and, as a result, trigger GC.
	It is recommended to disable useCacheForAllThreads by setting -Dorg.apache.ratis.thirdparty.io.netty.allocator.useCacheForAllThreads=false in command line.
2019-07-30 15:10:10,733 INFO  grpc.GrpcConfigKeys$Server (ConfUtils.java:logGet(43)) - raft.grpc.server.port = 0 (default)
2019-07-30 15:10:10,733 INFO  server.GrpcService (ConfUtils.java:logGet(43)) - raft.grpc.message.size.max = 33570816 (custom)
2019-07-30 15:10:10,733 INFO  server.RaftServerConfigKeys (ConfUtils.java:logGet(43)) - raft.server.log.appender.buffer.byte-limit = 33554432 (custom)
2019-07-30 15:10:10,733 INFO  server.GrpcService (ConfUtils.java:logGet(43)) - raft.grpc.flow.control.window = 1MB (=1048576) (default)
2019-07-30 15:10:10,733 INFO  server.RaftServerConfigKeys (ConfUtils.java:logGet(43)) - raft.server.rpc.request.timeout = 3000ms (default)
2019-07-30 15:10:10,734 INFO  server.RaftServerConfigKeys (ConfUtils.java:logGet(43)) - raft.server.storage.dir = [/workdir/hadoop-ozone/integration-test/target/test-dir/MiniOzoneClusterImpl-ad46064b-6a94-4531-afe2-6a9f3b447690/datanode-2/data/ratis] (custom)
2019-07-30 15:10:10,734 INFO  replication.SimpleContainerDownloader (SimpleContainerDownloader.java:<init>(72)) - Starting container downloader service to copy containers to replicate.
2019-07-30 15:10:10,735 INFO  hdfs.DFSUtil (DFSUtil.java:httpServerTemplateForNNAndJN(1641)) - Starting Web-server for hddsDatanode at: http://0.0.0.0:0
2019-07-30 15:10:10,736 INFO  server.AuthenticationFilter (AuthenticationFilter.java:constructSecretProvider(240)) - Unable to initialize FileSignerSecretProvider, falling back to use random secrets.
2019-07-30 15:10:10,736 WARN  http.HttpRequestLog (HttpRequestLog.java:getRequestLog(97)) - Jetty request log can only be enabled using Log4j
2019-07-30 15:10:10,737 INFO  http.HttpServer2 (HttpServer2.java:addGlobalFilter(975)) - Added global filter 'safety' (class=org.apache.hadoop.http.HttpServer2$QuotingInputFilter)
2019-07-30 15:10:10,738 INFO  http.HttpServer2 (HttpServer2.java:addFilter(948)) - Added filter static_user_filter (class=org.apache.hadoop.http.lib.StaticUserWebFilter$StaticUserFilter) to context hddsDatanode
2019-07-30 15:10:10,738 INFO  http.HttpServer2 (HttpServer2.java:addFilter(958)) - Added filter static_user_filter (class=org.apache.hadoop.http.lib.StaticUserWebFilter$StaticUserFilter) to context static
2019-07-30 15:10:10,738 INFO  http.HttpServer2 (HttpServer2.java:addFilter(958)) - Added filter static_user_filter (class=org.apache.hadoop.http.lib.StaticUserWebFilter$StaticUserFilter) to context logs
2019-07-30 15:10:10,739 INFO  http.HttpServer2 (HttpServer2.java:bindListener(1191)) - Jetty bound to port 38285
2019-07-30 15:10:10,739 INFO  server.Server (Server.java:doStart(351)) - jetty-9.3.24.v20180605, build timestamp: 2018-06-05T17:11:56Z, git hash: 84205aa28f11a4f31f2a3b86d1bba2cc8ab69827
2019-07-30 15:10:10,740 INFO  handler.ContextHandler (ContextHandler.java:doStart(781)) - Started o.e.j.s.ServletContextHandler@5ca896af{/logs,file:///workdir/hadoop-ozone/integration-test/target/log,AVAILABLE}
2019-07-30 15:10:10,741 INFO  handler.ContextHandler (ContextHandler.java:doStart(781)) - Started o.e.j.s.ServletContextHandler@324ee3ca{/static,jar:file:/home/user/.m2/repository/org/apache/hadoop/hadoop-hdds-container-service/0.4.1-SNAPSHOT/hadoop-hdds-container-service-0.4.1-SNAPSHOT.jar!/webapps/static,AVAILABLE}
2019-07-30 15:10:10,766 INFO  handler.ContextHandler (ContextHandler.java:doStart(781)) - Started o.e.j.w.WebAppContext@2122b4bd{/,file:///tmp/jetty-0.0.0.0-38285-hddsDatanode-_-any-3662378969716429013.dir/webapp/,AVAILABLE}{/hddsDatanode}
2019-07-30 15:10:10,767 INFO  server.AbstractConnector (AbstractConnector.java:doStart(278)) - Started ServerConnector@5dd79a57{HTTP/1.1,[http/1.1]}{0.0.0.0:38285}
2019-07-30 15:10:10,767 INFO  server.Server (Server.java:doStart(419)) - Started @591478ms
2019-07-30 15:10:10,768 INFO  server.BaseHttpServer (BaseHttpServer.java:updateConnectorAddress(207)) - HTTP server of HDDSDATANODE is listening at http://0.0.0.0:38285
2019-07-30 15:10:11,011 INFO  ozone.HddsDatanodeService (HddsDatanodeService.java:startPlugins(395)) - Started plug-in org.apache.hadoop.ozone.web.OzoneHddsDatanodeService@6f5df147
2019-07-30 15:10:11,012 INFO  impl.MetricsSystemImpl (MetricsSystemImpl.java:init(158)) - HddsDatanode metrics system started (again)
2019-07-30 15:10:11,015 INFO  ozone.HddsDatanodeService (HddsDatanodeService.java:start(184)) - HddsDatanodeService host:byscane-nightly-xg47r-921641087 ip:192.168.5.170
2019-07-30 15:10:11,015 INFO  util.JvmPauseMonitor (JvmPauseMonitor.java:run(188)) - Starting JVM pause monitor
2019-07-30 15:10:11,016 INFO  datanode.InitDatanodeState (InitDatanodeState.java:persistContainerDatanodeDetails(140)) - DatanodeDetails is persisted to /workdir/hadoop-ozone/integration-test/target/test-dir/MiniOzoneClusterImpl-ad46064b-6a94-4531-afe2-6a9f3b447690/datanode-2/meta/datanode.id
2019-07-30 15:10:11,026 INFO  volume.HddsVolume (HddsVolume.java:<init>(176)) - Creating Volume: /workdir/hadoop-ozone/integration-test/target/test-dir/MiniOzoneClusterImpl-ad46064b-6a94-4531-afe2-6a9f3b447690/datanode-3/data/containers/hdds of  storage type : DISK and capacity : 52710309888
2019-07-30 15:10:11,026 INFO  volume.VolumeSet (VolumeSet.java:initializeVolumeSet(170)) - Added Volume : /workdir/hadoop-ozone/integration-test/target/test-dir/MiniOzoneClusterImpl-ad46064b-6a94-4531-afe2-6a9f3b447690/datanode-3/data/containers/hdds to VolumeSet
2019-07-30 15:10:11,026 INFO  volume.ThrottledAsyncChecker (ThrottledAsyncChecker.java:schedule(140)) - Scheduling a check for org.apache.hadoop.ozone.container.common.volume.HddsVolume@92fa950
2019-07-30 15:10:11,027 INFO  volume.HddsVolumeChecker (HddsVolumeChecker.java:checkAllVolumes(203)) - Scheduled health check for volume org.apache.hadoop.ozone.container.common.volume.HddsVolume@92fa950
2019-07-30 15:10:11,041 INFO  impl.RaftServerProxy (ConfUtils.java:logGet(43)) - raft.rpc.type = GRPC (default)
2019-07-30 15:10:11,041 INFO  grpc.GrpcFactory (GrpcFactory.java:checkPooledByteBufAllocatorUseCacheForAllThreads(45)) - PERFORMANCE WARNING: useCacheForAllThreads is true that may cause Netty to create a lot garbage objects and, as a result, trigger GC.
	It is recommended to disable useCacheForAllThreads by setting -Dorg.apache.ratis.thirdparty.io.netty.allocator.useCacheForAllThreads=false in command line.
2019-07-30 15:10:11,041 INFO  grpc.GrpcConfigKeys$Server (ConfUtils.java:logGet(43)) - raft.grpc.server.port = 0 (default)
2019-07-30 15:10:11,041 INFO  server.GrpcService (ConfUtils.java:logGet(43)) - raft.grpc.message.size.max = 33570816 (custom)
2019-07-30 15:10:11,041 INFO  server.RaftServerConfigKeys (ConfUtils.java:logGet(43)) - raft.server.log.appender.buffer.byte-limit = 33554432 (custom)
2019-07-30 15:10:11,042 INFO  server.GrpcService (ConfUtils.java:logGet(43)) - raft.grpc.flow.control.window = 1MB (=1048576) (default)
2019-07-30 15:10:11,042 INFO  server.RaftServerConfigKeys (ConfUtils.java:logGet(43)) - raft.server.rpc.request.timeout = 3000ms (default)
2019-07-30 15:10:11,042 INFO  server.RaftServerConfigKeys (ConfUtils.java:logGet(43)) - raft.server.storage.dir = [/workdir/hadoop-ozone/integration-test/target/test-dir/MiniOzoneClusterImpl-ad46064b-6a94-4531-afe2-6a9f3b447690/datanode-3/data/ratis] (custom)
2019-07-30 15:10:11,043 INFO  replication.SimpleContainerDownloader (SimpleContainerDownloader.java:<init>(72)) - Starting container downloader service to copy containers to replicate.
2019-07-30 15:10:11,044 INFO  hdfs.DFSUtil (DFSUtil.java:httpServerTemplateForNNAndJN(1641)) - Starting Web-server for hddsDatanode at: http://0.0.0.0:0
2019-07-30 15:10:11,045 INFO  server.AuthenticationFilter (AuthenticationFilter.java:constructSecretProvider(240)) - Unable to initialize FileSignerSecretProvider, falling back to use random secrets.
2019-07-30 15:10:11,045 WARN  http.HttpRequestLog (HttpRequestLog.java:getRequestLog(97)) - Jetty request log can only be enabled using Log4j
2019-07-30 15:10:11,046 INFO  http.HttpServer2 (HttpServer2.java:addGlobalFilter(975)) - Added global filter 'safety' (class=org.apache.hadoop.http.HttpServer2$QuotingInputFilter)
2019-07-30 15:10:11,047 INFO  http.HttpServer2 (HttpServer2.java:addFilter(948)) - Added filter static_user_filter (class=org.apache.hadoop.http.lib.StaticUserWebFilter$StaticUserFilter) to context hddsDatanode
2019-07-30 15:10:11,047 INFO  http.HttpServer2 (HttpServer2.java:addFilter(958)) - Added filter static_user_filter (class=org.apache.hadoop.http.lib.StaticUserWebFilter$StaticUserFilter) to context static
2019-07-30 15:10:11,047 INFO  http.HttpServer2 (HttpServer2.java:addFilter(958)) - Added filter static_user_filter (class=org.apache.hadoop.http.lib.StaticUserWebFilter$StaticUserFilter) to context logs
2019-07-30 15:10:11,048 INFO  http.HttpServer2 (HttpServer2.java:bindListener(1191)) - Jetty bound to port 38552
2019-07-30 15:10:11,048 INFO  server.Server (Server.java:doStart(351)) - jetty-9.3.24.v20180605, build timestamp: 2018-06-05T17:11:56Z, git hash: 84205aa28f11a4f31f2a3b86d1bba2cc8ab69827
2019-07-30 15:10:11,049 INFO  handler.ContextHandler (ContextHandler.java:doStart(781)) - Started o.e.j.s.ServletContextHandler@19cad9f0{/logs,file:///workdir/hadoop-ozone/integration-test/target/log,AVAILABLE}
2019-07-30 15:10:11,050 INFO  handler.ContextHandler (ContextHandler.java:doStart(781)) - Started o.e.j.s.ServletContextHandler@3681c285{/static,jar:file:/home/user/.m2/repository/org/apache/hadoop/hadoop-hdds-container-service/0.4.1-SNAPSHOT/hadoop-hdds-container-service-0.4.1-SNAPSHOT.jar!/webapps/static,AVAILABLE}
2019-07-30 15:10:11,077 INFO  handler.ContextHandler (ContextHandler.java:doStart(781)) - Started o.e.j.w.WebAppContext@3df496d9{/,file:///tmp/jetty-0.0.0.0-38552-hddsDatanode-_-any-4311804624546233606.dir/webapp/,AVAILABLE}{/hddsDatanode}
2019-07-30 15:10:11,077 INFO  server.AbstractConnector (AbstractConnector.java:doStart(278)) - Started ServerConnector@13e12ab6{HTTP/1.1,[http/1.1]}{0.0.0.0:38552}
2019-07-30 15:10:11,077 INFO  server.Server (Server.java:doStart(419)) - Started @591789ms
2019-07-30 15:10:11,079 INFO  server.BaseHttpServer (BaseHttpServer.java:updateConnectorAddress(207)) - HTTP server of HDDSDATANODE is listening at http://0.0.0.0:38552
2019-07-30 15:10:11,174 INFO  ozone.HddsDatanodeService (HddsDatanodeService.java:startPlugins(395)) - Started plug-in org.apache.hadoop.ozone.web.OzoneHddsDatanodeService@2a5917f6
2019-07-30 15:10:11,174 INFO  impl.MetricsSystemImpl (MetricsSystemImpl.java:init(158)) - HddsDatanode metrics system started (again)
2019-07-30 15:10:11,177 INFO  ozone.HddsDatanodeService (HddsDatanodeService.java:start(184)) - HddsDatanodeService host:byscane-nightly-xg47r-921641087 ip:192.168.5.170
2019-07-30 15:10:11,177 INFO  util.JvmPauseMonitor (JvmPauseMonitor.java:run(188)) - Starting JVM pause monitor
2019-07-30 15:10:11,178 INFO  datanode.InitDatanodeState (InitDatanodeState.java:persistContainerDatanodeDetails(140)) - DatanodeDetails is persisted to /workdir/hadoop-ozone/integration-test/target/test-dir/MiniOzoneClusterImpl-ad46064b-6a94-4531-afe2-6a9f3b447690/datanode-3/meta/datanode.id
2019-07-30 15:10:11,188 INFO  volume.HddsVolume (HddsVolume.java:<init>(176)) - Creating Volume: /workdir/hadoop-ozone/integration-test/target/test-dir/MiniOzoneClusterImpl-ad46064b-6a94-4531-afe2-6a9f3b447690/datanode-4/data/containers/hdds of  storage type : DISK and capacity : 52710309888
2019-07-30 15:10:11,188 INFO  volume.VolumeSet (VolumeSet.java:initializeVolumeSet(170)) - Added Volume : /workdir/hadoop-ozone/integration-test/target/test-dir/MiniOzoneClusterImpl-ad46064b-6a94-4531-afe2-6a9f3b447690/datanode-4/data/containers/hdds to VolumeSet
2019-07-30 15:10:11,189 INFO  volume.ThrottledAsyncChecker (ThrottledAsyncChecker.java:schedule(140)) - Scheduling a check for org.apache.hadoop.ozone.container.common.volume.HddsVolume@4a3e1b5d
2019-07-30 15:10:11,189 INFO  volume.HddsVolumeChecker (HddsVolumeChecker.java:checkAllVolumes(203)) - Scheduled health check for volume org.apache.hadoop.ozone.container.common.volume.HddsVolume@4a3e1b5d
2019-07-30 15:10:11,206 INFO  impl.RaftServerProxy (ConfUtils.java:logGet(43)) - raft.rpc.type = GRPC (default)
2019-07-30 15:10:11,206 INFO  grpc.GrpcFactory (GrpcFactory.java:checkPooledByteBufAllocatorUseCacheForAllThreads(45)) - PERFORMANCE WARNING: useCacheForAllThreads is true that may cause Netty to create a lot garbage objects and, as a result, trigger GC.
	It is recommended to disable useCacheForAllThreads by setting -Dorg.apache.ratis.thirdparty.io.netty.allocator.useCacheForAllThreads=false in command line.
2019-07-30 15:10:11,206 INFO  grpc.GrpcConfigKeys$Server (ConfUtils.java:logGet(43)) - raft.grpc.server.port = 0 (default)
2019-07-30 15:10:11,206 INFO  server.GrpcService (ConfUtils.java:logGet(43)) - raft.grpc.message.size.max = 33570816 (custom)
2019-07-30 15:10:11,206 INFO  server.RaftServerConfigKeys (ConfUtils.java:logGet(43)) - raft.server.log.appender.buffer.byte-limit = 33554432 (custom)
2019-07-30 15:10:11,206 INFO  server.GrpcService (ConfUtils.java:logGet(43)) - raft.grpc.flow.control.window = 1MB (=1048576) (default)
2019-07-30 15:10:11,207 INFO  server.RaftServerConfigKeys (ConfUtils.java:logGet(43)) - raft.server.rpc.request.timeout = 3000ms (default)
2019-07-30 15:10:11,207 INFO  server.RaftServerConfigKeys (ConfUtils.java:logGet(43)) - raft.server.storage.dir = [/workdir/hadoop-ozone/integration-test/target/test-dir/MiniOzoneClusterImpl-ad46064b-6a94-4531-afe2-6a9f3b447690/datanode-4/data/ratis] (custom)
2019-07-30 15:10:11,207 INFO  replication.SimpleContainerDownloader (SimpleContainerDownloader.java:<init>(72)) - Starting container downloader service to copy containers to replicate.
2019-07-30 15:10:11,208 INFO  hdfs.DFSUtil (DFSUtil.java:httpServerTemplateForNNAndJN(1641)) - Starting Web-server for hddsDatanode at: http://0.0.0.0:0
2019-07-30 15:10:11,210 INFO  server.AuthenticationFilter (AuthenticationFilter.java:constructSecretProvider(240)) - Unable to initialize FileSignerSecretProvider, falling back to use random secrets.
2019-07-30 15:10:11,210 WARN  http.HttpRequestLog (HttpRequestLog.java:getRequestLog(97)) - Jetty request log can only be enabled using Log4j
2019-07-30 15:10:11,211 INFO  http.HttpServer2 (HttpServer2.java:addGlobalFilter(975)) - Added global filter 'safety' (class=org.apache.hadoop.http.HttpServer2$QuotingInputFilter)
2019-07-30 15:10:11,211 INFO  http.HttpServer2 (HttpServer2.java:addFilter(948)) - Added filter static_user_filter (class=org.apache.hadoop.http.lib.StaticUserWebFilter$StaticUserFilter) to context hddsDatanode
2019-07-30 15:10:11,211 INFO  http.HttpServer2 (HttpServer2.java:addFilter(958)) - Added filter static_user_filter (class=org.apache.hadoop.http.lib.StaticUserWebFilter$StaticUserFilter) to context logs
2019-07-30 15:10:11,212 INFO  http.HttpServer2 (HttpServer2.java:addFilter(958)) - Added filter static_user_filter (class=org.apache.hadoop.http.lib.StaticUserWebFilter$StaticUserFilter) to context static
2019-07-30 15:10:11,212 INFO  http.HttpServer2 (HttpServer2.java:bindListener(1191)) - Jetty bound to port 43494
2019-07-30 15:10:11,212 INFO  server.Server (Server.java:doStart(351)) - jetty-9.3.24.v20180605, build timestamp: 2018-06-05T17:11:56Z, git hash: 84205aa28f11a4f31f2a3b86d1bba2cc8ab69827
2019-07-30 15:10:11,214 INFO  handler.ContextHandler (ContextHandler.java:doStart(781)) - Started o.e.j.s.ServletContextHandler@1676e501{/logs,file:///workdir/hadoop-ozone/integration-test/target/log,AVAILABLE}
2019-07-30 15:10:11,214 INFO  handler.ContextHandler (ContextHandler.java:doStart(781)) - Started o.e.j.s.ServletContextHandler@7f39bcb5{/static,jar:file:/home/user/.m2/repository/org/apache/hadoop/hadoop-hdds-container-service/0.4.1-SNAPSHOT/hadoop-hdds-container-service-0.4.1-SNAPSHOT.jar!/webapps/static,AVAILABLE}
2019-07-30 15:10:11,240 INFO  handler.ContextHandler (ContextHandler.java:doStart(781)) - Started o.e.j.w.WebAppContext@62a09668{/,file:///tmp/jetty-0.0.0.0-43494-hddsDatanode-_-any-3772909076392380475.dir/webapp/,AVAILABLE}{/hddsDatanode}
2019-07-30 15:10:11,241 INFO  server.AbstractConnector (AbstractConnector.java:doStart(278)) - Started ServerConnector@5232cec1{HTTP/1.1,[http/1.1]}{0.0.0.0:43494}
2019-07-30 15:10:11,241 INFO  server.Server (Server.java:doStart(419)) - Started @591952ms
2019-07-30 15:10:11,242 INFO  server.BaseHttpServer (BaseHttpServer.java:updateConnectorAddress(207)) - HTTP server of HDDSDATANODE is listening at http://0.0.0.0:43494
2019-07-30 15:10:11,340 INFO  ozone.HddsDatanodeService (HddsDatanodeService.java:startPlugins(395)) - Started plug-in org.apache.hadoop.ozone.web.OzoneHddsDatanodeService@2e29a7d
2019-07-30 15:10:11,341 INFO  impl.MetricsSystemImpl (MetricsSystemImpl.java:init(158)) - HddsDatanode metrics system started (again)
2019-07-30 15:10:11,344 INFO  ozone.HddsDatanodeService (HddsDatanodeService.java:start(184)) - HddsDatanodeService host:byscane-nightly-xg47r-921641087 ip:192.168.5.170
2019-07-30 15:10:11,344 INFO  util.JvmPauseMonitor (JvmPauseMonitor.java:run(188)) - Starting JVM pause monitor
2019-07-30 15:10:11,345 INFO  datanode.InitDatanodeState (InitDatanodeState.java:persistContainerDatanodeDetails(140)) - DatanodeDetails is persisted to /workdir/hadoop-ozone/integration-test/target/test-dir/MiniOzoneClusterImpl-ad46064b-6a94-4531-afe2-6a9f3b447690/datanode-4/meta/datanode.id
2019-07-30 15:10:11,355 INFO  volume.HddsVolume (HddsVolume.java:<init>(176)) - Creating Volume: /workdir/hadoop-ozone/integration-test/target/test-dir/MiniOzoneClusterImpl-ad46064b-6a94-4531-afe2-6a9f3b447690/datanode-5/data/containers/hdds of  storage type : DISK and capacity : 52710309888
2019-07-30 15:10:11,355 INFO  volume.VolumeSet (VolumeSet.java:initializeVolumeSet(170)) - Added Volume : /workdir/hadoop-ozone/integration-test/target/test-dir/MiniOzoneClusterImpl-ad46064b-6a94-4531-afe2-6a9f3b447690/datanode-5/data/containers/hdds to VolumeSet
2019-07-30 15:10:11,355 INFO  volume.ThrottledAsyncChecker (ThrottledAsyncChecker.java:schedule(140)) - Scheduling a check for org.apache.hadoop.ozone.container.common.volume.HddsVolume@30fba306
2019-07-30 15:10:11,356 INFO  volume.HddsVolumeChecker (HddsVolumeChecker.java:checkAllVolumes(203)) - Scheduled health check for volume org.apache.hadoop.ozone.container.common.volume.HddsVolume@30fba306
2019-07-30 15:10:11,370 INFO  impl.RaftServerProxy (ConfUtils.java:logGet(43)) - raft.rpc.type = GRPC (default)
2019-07-30 15:10:11,370 INFO  grpc.GrpcFactory (GrpcFactory.java:checkPooledByteBufAllocatorUseCacheForAllThreads(45)) - PERFORMANCE WARNING: useCacheForAllThreads is true that may cause Netty to create a lot garbage objects and, as a result, trigger GC.
	It is recommended to disable useCacheForAllThreads by setting -Dorg.apache.ratis.thirdparty.io.netty.allocator.useCacheForAllThreads=false in command line.
2019-07-30 15:10:11,370 INFO  grpc.GrpcConfigKeys$Server (ConfUtils.java:logGet(43)) - raft.grpc.server.port = 0 (default)
2019-07-30 15:10:11,371 INFO  server.GrpcService (ConfUtils.java:logGet(43)) - raft.grpc.message.size.max = 33570816 (custom)
2019-07-30 15:10:11,371 INFO  server.RaftServerConfigKeys (ConfUtils.java:logGet(43)) - raft.server.log.appender.buffer.byte-limit = 33554432 (custom)
2019-07-30 15:10:11,371 INFO  server.GrpcService (ConfUtils.java:logGet(43)) - raft.grpc.flow.control.window = 1MB (=1048576) (default)
2019-07-30 15:10:11,371 INFO  server.RaftServerConfigKeys (ConfUtils.java:logGet(43)) - raft.server.rpc.request.timeout = 3000ms (default)
2019-07-30 15:10:11,372 INFO  server.RaftServerConfigKeys (ConfUtils.java:logGet(43)) - raft.server.storage.dir = [/workdir/hadoop-ozone/integration-test/target/test-dir/MiniOzoneClusterImpl-ad46064b-6a94-4531-afe2-6a9f3b447690/datanode-5/data/ratis] (custom)
2019-07-30 15:10:11,372 INFO  replication.SimpleContainerDownloader (SimpleContainerDownloader.java:<init>(72)) - Starting container downloader service to copy containers to replicate.
2019-07-30 15:10:11,373 INFO  hdfs.DFSUtil (DFSUtil.java:httpServerTemplateForNNAndJN(1641)) - Starting Web-server for hddsDatanode at: http://0.0.0.0:0
2019-07-30 15:10:11,374 INFO  server.AuthenticationFilter (AuthenticationFilter.java:constructSecretProvider(240)) - Unable to initialize FileSignerSecretProvider, falling back to use random secrets.
2019-07-30 15:10:11,374 WARN  http.HttpRequestLog (HttpRequestLog.java:getRequestLog(97)) - Jetty request log can only be enabled using Log4j
2019-07-30 15:10:11,375 INFO  http.HttpServer2 (HttpServer2.java:addGlobalFilter(975)) - Added global filter 'safety' (class=org.apache.hadoop.http.HttpServer2$QuotingInputFilter)
2019-07-30 15:10:11,376 INFO  http.HttpServer2 (HttpServer2.java:addFilter(948)) - Added filter static_user_filter (class=org.apache.hadoop.http.lib.StaticUserWebFilter$StaticUserFilter) to context hddsDatanode
2019-07-30 15:10:11,376 INFO  http.HttpServer2 (HttpServer2.java:addFilter(958)) - Added filter static_user_filter (class=org.apache.hadoop.http.lib.StaticUserWebFilter$StaticUserFilter) to context static
2019-07-30 15:10:11,376 INFO  http.HttpServer2 (HttpServer2.java:addFilter(958)) - Added filter static_user_filter (class=org.apache.hadoop.http.lib.StaticUserWebFilter$StaticUserFilter) to context logs
2019-07-30 15:10:11,377 INFO  http.HttpServer2 (HttpServer2.java:bindListener(1191)) - Jetty bound to port 39927
2019-07-30 15:10:11,377 INFO  server.Server (Server.java:doStart(351)) - jetty-9.3.24.v20180605, build timestamp: 2018-06-05T17:11:56Z, git hash: 84205aa28f11a4f31f2a3b86d1bba2cc8ab69827
2019-07-30 15:10:11,378 INFO  handler.ContextHandler (ContextHandler.java:doStart(781)) - Started o.e.j.s.ServletContextHandler@52dfd7f5{/logs,file:///workdir/hadoop-ozone/integration-test/target/log,AVAILABLE}
2019-07-30 15:10:11,378 INFO  handler.ContextHandler (ContextHandler.java:doStart(781)) - Started o.e.j.s.ServletContextHandler@421c4c3e{/static,jar:file:/home/user/.m2/repository/org/apache/hadoop/hadoop-hdds-container-service/0.4.1-SNAPSHOT/hadoop-hdds-container-service-0.4.1-SNAPSHOT.jar!/webapps/static,AVAILABLE}
2019-07-30 15:10:11,405 INFO  handler.ContextHandler (ContextHandler.java:doStart(781)) - Started o.e.j.w.WebAppContext@745c25ed{/,file:///tmp/jetty-0.0.0.0-39927-hddsDatanode-_-any-7832958080186627155.dir/webapp/,AVAILABLE}{/hddsDatanode}
2019-07-30 15:10:11,405 INFO  server.AbstractConnector (AbstractConnector.java:doStart(278)) - Started ServerConnector@4fb1bffd{HTTP/1.1,[http/1.1]}{0.0.0.0:39927}
2019-07-30 15:10:11,406 INFO  server.Server (Server.java:doStart(419)) - Started @592117ms
2019-07-30 15:10:11,407 INFO  server.BaseHttpServer (BaseHttpServer.java:updateConnectorAddress(207)) - HTTP server of HDDSDATANODE is listening at http://0.0.0.0:39927
2019-07-30 15:10:11,504 INFO  ozone.HddsDatanodeService (HddsDatanodeService.java:startPlugins(395)) - Started plug-in org.apache.hadoop.ozone.web.OzoneHddsDatanodeService@2c4142f8
2019-07-30 15:10:11,505 INFO  impl.MetricsSystemImpl (MetricsSystemImpl.java:init(158)) - HddsDatanode metrics system started (again)
2019-07-30 15:10:11,508 INFO  ozone.HddsDatanodeService (HddsDatanodeService.java:start(184)) - HddsDatanodeService host:byscane-nightly-xg47r-921641087 ip:192.168.5.170
2019-07-30 15:10:11,508 INFO  util.JvmPauseMonitor (JvmPauseMonitor.java:run(188)) - Starting JVM pause monitor
2019-07-30 15:10:11,509 INFO  datanode.InitDatanodeState (InitDatanodeState.java:persistContainerDatanodeDetails(140)) - DatanodeDetails is persisted to /workdir/hadoop-ozone/integration-test/target/test-dir/MiniOzoneClusterImpl-ad46064b-6a94-4531-afe2-6a9f3b447690/datanode-5/meta/datanode.id
2019-07-30 15:10:11,519 INFO  volume.HddsVolume (HddsVolume.java:<init>(176)) - Creating Volume: /workdir/hadoop-ozone/integration-test/target/test-dir/MiniOzoneClusterImpl-ad46064b-6a94-4531-afe2-6a9f3b447690/datanode-6/data/containers/hdds of  storage type : DISK and capacity : 52710309888
2019-07-30 15:10:11,519 INFO  volume.VolumeSet (VolumeSet.java:initializeVolumeSet(170)) - Added Volume : /workdir/hadoop-ozone/integration-test/target/test-dir/MiniOzoneClusterImpl-ad46064b-6a94-4531-afe2-6a9f3b447690/datanode-6/data/containers/hdds to VolumeSet
2019-07-30 15:10:11,519 INFO  volume.ThrottledAsyncChecker (ThrottledAsyncChecker.java:schedule(140)) - Scheduling a check for org.apache.hadoop.ozone.container.common.volume.HddsVolume@1d7914a5
2019-07-30 15:10:11,520 INFO  volume.HddsVolumeChecker (HddsVolumeChecker.java:checkAllVolumes(203)) - Scheduled health check for volume org.apache.hadoop.ozone.container.common.volume.HddsVolume@1d7914a5
2019-07-30 15:10:11,536 INFO  impl.RaftServerProxy (ConfUtils.java:logGet(43)) - raft.rpc.type = GRPC (default)
2019-07-30 15:10:11,536 INFO  grpc.GrpcFactory (GrpcFactory.java:checkPooledByteBufAllocatorUseCacheForAllThreads(45)) - PERFORMANCE WARNING: useCacheForAllThreads is true that may cause Netty to create a lot garbage objects and, as a result, trigger GC.
	It is recommended to disable useCacheForAllThreads by setting -Dorg.apache.ratis.thirdparty.io.netty.allocator.useCacheForAllThreads=false in command line.
2019-07-30 15:10:11,536 INFO  grpc.GrpcConfigKeys$Server (ConfUtils.java:logGet(43)) - raft.grpc.server.port = 0 (default)
2019-07-30 15:10:11,536 INFO  server.GrpcService (ConfUtils.java:logGet(43)) - raft.grpc.message.size.max = 33570816 (custom)
2019-07-30 15:10:11,537 INFO  server.RaftServerConfigKeys (ConfUtils.java:logGet(43)) - raft.server.log.appender.buffer.byte-limit = 33554432 (custom)
2019-07-30 15:10:11,537 INFO  server.GrpcService (ConfUtils.java:logGet(43)) - raft.grpc.flow.control.window = 1MB (=1048576) (default)
2019-07-30 15:10:11,537 INFO  server.RaftServerConfigKeys (ConfUtils.java:logGet(43)) - raft.server.rpc.request.timeout = 3000ms (default)
2019-07-30 15:10:11,537 INFO  server.RaftServerConfigKeys (ConfUtils.java:logGet(43)) - raft.server.storage.dir = [/workdir/hadoop-ozone/integration-test/target/test-dir/MiniOzoneClusterImpl-ad46064b-6a94-4531-afe2-6a9f3b447690/datanode-6/data/ratis] (custom)
2019-07-30 15:10:11,538 INFO  replication.SimpleContainerDownloader (SimpleContainerDownloader.java:<init>(72)) - Starting container downloader service to copy containers to replicate.
2019-07-30 15:10:11,539 INFO  hdfs.DFSUtil (DFSUtil.java:httpServerTemplateForNNAndJN(1641)) - Starting Web-server for hddsDatanode at: http://0.0.0.0:0
2019-07-30 15:10:11,540 INFO  server.AuthenticationFilter (AuthenticationFilter.java:constructSecretProvider(240)) - Unable to initialize FileSignerSecretProvider, falling back to use random secrets.
2019-07-30 15:10:11,540 WARN  http.HttpRequestLog (HttpRequestLog.java:getRequestLog(97)) - Jetty request log can only be enabled using Log4j
2019-07-30 15:10:11,541 INFO  http.HttpServer2 (HttpServer2.java:addGlobalFilter(975)) - Added global filter 'safety' (class=org.apache.hadoop.http.HttpServer2$QuotingInputFilter)
2019-07-30 15:10:11,542 INFO  http.HttpServer2 (HttpServer2.java:addFilter(948)) - Added filter static_user_filter (class=org.apache.hadoop.http.lib.StaticUserWebFilter$StaticUserFilter) to context hddsDatanode
2019-07-30 15:10:11,542 INFO  http.HttpServer2 (HttpServer2.java:addFilter(958)) - Added filter static_user_filter (class=org.apache.hadoop.http.lib.StaticUserWebFilter$StaticUserFilter) to context static
2019-07-30 15:10:11,542 INFO  http.HttpServer2 (HttpServer2.java:addFilter(958)) - Added filter static_user_filter (class=org.apache.hadoop.http.lib.StaticUserWebFilter$StaticUserFilter) to context logs
2019-07-30 15:10:11,543 INFO  http.HttpServer2 (HttpServer2.java:bindListener(1191)) - Jetty bound to port 37982
2019-07-30 15:10:11,543 INFO  server.Server (Server.java:doStart(351)) - jetty-9.3.24.v20180605, build timestamp: 2018-06-05T17:11:56Z, git hash: 84205aa28f11a4f31f2a3b86d1bba2cc8ab69827
2019-07-30 15:10:11,544 INFO  handler.ContextHandler (ContextHandler.java:doStart(781)) - Started o.e.j.s.ServletContextHandler@6419726f{/logs,file:///workdir/hadoop-ozone/integration-test/target/log,AVAILABLE}
2019-07-30 15:10:11,544 INFO  handler.ContextHandler (ContextHandler.java:doStart(781)) - Started o.e.j.s.ServletContextHandler@63f093a{/static,jar:file:/home/user/.m2/repository/org/apache/hadoop/hadoop-hdds-container-service/0.4.1-SNAPSHOT/hadoop-hdds-container-service-0.4.1-SNAPSHOT.jar!/webapps/static,AVAILABLE}
2019-07-30 15:10:11,571 INFO  handler.ContextHandler (ContextHandler.java:doStart(781)) - Started o.e.j.w.WebAppContext@43ab4e83{/,file:///tmp/jetty-0.0.0.0-37982-hddsDatanode-_-any-304414524042781570.dir/webapp/,AVAILABLE}{/hddsDatanode}
2019-07-30 15:10:11,571 INFO  server.AbstractConnector (AbstractConnector.java:doStart(278)) - Started ServerConnector@343b3399{HTTP/1.1,[http/1.1]}{0.0.0.0:37982}
2019-07-30 15:10:11,571 INFO  server.Server (Server.java:doStart(419)) - Started @592283ms
2019-07-30 15:10:11,577 INFO  server.BaseHttpServer (BaseHttpServer.java:updateConnectorAddress(207)) - HTTP server of HDDSDATANODE is listening at http://0.0.0.0:37982
2019-07-30 15:10:11,675 INFO  ozone.HddsDatanodeService (HddsDatanodeService.java:startPlugins(395)) - Started plug-in org.apache.hadoop.ozone.web.OzoneHddsDatanodeService@27bfa57f
2019-07-30 15:10:11,676 INFO  ozone.MiniOzoneClusterImpl (MiniOzoneClusterImpl.java:lambda$waitForClusterToBeReady$0(142)) - Waiting for cluster to be ready. Got 0 of 7 DN Heartbeats.
2019-07-30 15:10:11,677 INFO  util.JvmPauseMonitor (JvmPauseMonitor.java:run(188)) - Starting JVM pause monitor
2019-07-30 15:10:11,678 INFO  datanode.InitDatanodeState (InitDatanodeState.java:persistContainerDatanodeDetails(140)) - DatanodeDetails is persisted to /workdir/hadoop-ozone/integration-test/target/test-dir/MiniOzoneClusterImpl-ad46064b-6a94-4531-afe2-6a9f3b447690/datanode-6/meta/datanode.id
2019-07-30 15:10:12,564 INFO  ozoneimpl.OzoneContainer (OzoneContainer.java:start(186)) - Attempting to start container services.
2019-07-30 15:10:12,564 INFO  ozoneimpl.OzoneContainer (OzoneContainer.java:startContainerScrub(160)) - Background container scrubber has been disabled by hdds.containerscrub.enabled
2019-07-30 15:10:12,565 INFO  ratis.XceiverServerRatis (XceiverServerRatis.java:start(404)) - Starting XceiverServerRatis f299e6bf-7fb7-4e37-88ad-0be7bc4b776d at port 0
2019-07-30 15:10:12,571 INFO  impl.RaftServerProxy (RaftServerProxy.java:lambda$start$3(299)) - f299e6bf-7fb7-4e37-88ad-0be7bc4b776d: start RPC server
2019-07-30 15:10:12,573 INFO  server.GrpcService (GrpcService.java:startImpl(149)) - f299e6bf-7fb7-4e37-88ad-0be7bc4b776d: GrpcService started, listening on 0.0.0.0/0.0.0.0:34856
2019-07-30 15:10:12,573 INFO  ratis.XceiverServerRatis (XceiverServerRatis.java:start(414)) - XceiverServerRatis f299e6bf-7fb7-4e37-88ad-0be7bc4b776d is started using port 34856
2019-07-30 15:10:12,574 INFO  server.XceiverServerGrpc (XceiverServerGrpc.java:start(161)) - XceiverServerGrpc f299e6bf-7fb7-4e37-88ad-0be7bc4b776d is started using port 34553
2019-07-30 15:10:12,676 INFO  ozone.MiniOzoneClusterImpl (MiniOzoneClusterImpl.java:lambda$waitForClusterToBeReady$0(142)) - Waiting for cluster to be ready. Got 0 of 7 DN Heartbeats.
2019-07-30 15:10:12,723 INFO  ozoneimpl.OzoneContainer (OzoneContainer.java:start(186)) - Attempting to start container services.
2019-07-30 15:10:12,723 INFO  ozoneimpl.OzoneContainer (OzoneContainer.java:startContainerScrub(160)) - Background container scrubber has been disabled by hdds.containerscrub.enabled
2019-07-30 15:10:12,723 INFO  ratis.XceiverServerRatis (XceiverServerRatis.java:start(404)) - Starting XceiverServerRatis 0095d080-e03a-4362-b098-b6a3a0c0b1d1 at port 0
2019-07-30 15:10:12,730 INFO  impl.RaftServerProxy (RaftServerProxy.java:lambda$start$3(299)) - 0095d080-e03a-4362-b098-b6a3a0c0b1d1: start RPC server
2019-07-30 15:10:12,730 INFO  server.GrpcService (GrpcService.java:startImpl(149)) - 0095d080-e03a-4362-b098-b6a3a0c0b1d1: GrpcService started, listening on 0.0.0.0/0.0.0.0:35340
2019-07-30 15:10:12,731 INFO  ratis.XceiverServerRatis (XceiverServerRatis.java:start(414)) - XceiverServerRatis 0095d080-e03a-4362-b098-b6a3a0c0b1d1 is started using port 35340
2019-07-30 15:10:12,731 INFO  server.XceiverServerGrpc (XceiverServerGrpc.java:start(161)) - XceiverServerGrpc 0095d080-e03a-4362-b098-b6a3a0c0b1d1 is started using port 41821
2019-07-30 15:10:13,021 INFO  ozoneimpl.OzoneContainer (OzoneContainer.java:start(186)) - Attempting to start container services.
2019-07-30 15:10:13,022 INFO  ozoneimpl.OzoneContainer (OzoneContainer.java:startContainerScrub(160)) - Background container scrubber has been disabled by hdds.containerscrub.enabled
2019-07-30 15:10:13,022 INFO  ratis.XceiverServerRatis (XceiverServerRatis.java:start(404)) - Starting XceiverServerRatis e3c214c8-e82a-41f9-a71a-9bd5eb099339 at port 0
2019-07-30 15:10:13,029 INFO  impl.RaftServerProxy (RaftServerProxy.java:lambda$start$3(299)) - e3c214c8-e82a-41f9-a71a-9bd5eb099339: start RPC server
2019-07-30 15:10:13,030 INFO  server.GrpcService (GrpcService.java:startImpl(149)) - e3c214c8-e82a-41f9-a71a-9bd5eb099339: GrpcService started, listening on 0.0.0.0/0.0.0.0:45397
2019-07-30 15:10:13,031 INFO  ratis.XceiverServerRatis (XceiverServerRatis.java:start(414)) - XceiverServerRatis e3c214c8-e82a-41f9-a71a-9bd5eb099339 is started using port 45397
2019-07-30 15:10:13,031 INFO  server.XceiverServerGrpc (XceiverServerGrpc.java:start(161)) - XceiverServerGrpc e3c214c8-e82a-41f9-a71a-9bd5eb099339 is started using port 35153
2019-07-30 15:10:13,195 INFO  ozoneimpl.OzoneContainer (OzoneContainer.java:start(186)) - Attempting to start container services.
2019-07-30 15:10:13,195 INFO  ozoneimpl.OzoneContainer (OzoneContainer.java:startContainerScrub(160)) - Background container scrubber has been disabled by hdds.containerscrub.enabled
2019-07-30 15:10:13,195 INFO  ratis.XceiverServerRatis (XceiverServerRatis.java:start(404)) - Starting XceiverServerRatis e8247901-e06f-451d-8c14-d461922cdde8 at port 0
2019-07-30 15:10:13,202 INFO  impl.RaftServerProxy (RaftServerProxy.java:lambda$start$3(299)) - e8247901-e06f-451d-8c14-d461922cdde8: start RPC server
2019-07-30 15:10:13,206 INFO  server.GrpcService (GrpcService.java:startImpl(149)) - e8247901-e06f-451d-8c14-d461922cdde8: GrpcService started, listening on 0.0.0.0/0.0.0.0:37056
2019-07-30 15:10:13,206 INFO  ratis.XceiverServerRatis (XceiverServerRatis.java:start(414)) - XceiverServerRatis e8247901-e06f-451d-8c14-d461922cdde8 is started using port 37056
2019-07-30 15:10:13,206 INFO  server.XceiverServerGrpc (XceiverServerGrpc.java:start(161)) - XceiverServerGrpc e8247901-e06f-451d-8c14-d461922cdde8 is started using port 38096
2019-07-30 15:10:13,358 INFO  ozoneimpl.OzoneContainer (OzoneContainer.java:start(186)) - Attempting to start container services.
2019-07-30 15:10:13,358 INFO  ozoneimpl.OzoneContainer (OzoneContainer.java:startContainerScrub(160)) - Background container scrubber has been disabled by hdds.containerscrub.enabled
2019-07-30 15:10:13,358 INFO  ratis.XceiverServerRatis (XceiverServerRatis.java:start(404)) - Starting XceiverServerRatis d6086a6b-d6cf-41c7-b0f0-8938d322a030 at port 0
2019-07-30 15:10:13,366 INFO  impl.RaftServerProxy (RaftServerProxy.java:lambda$start$3(299)) - d6086a6b-d6cf-41c7-b0f0-8938d322a030: start RPC server
2019-07-30 15:10:13,367 INFO  server.GrpcService (GrpcService.java:startImpl(149)) - d6086a6b-d6cf-41c7-b0f0-8938d322a030: GrpcService started, listening on 0.0.0.0/0.0.0.0:38414
2019-07-30 15:10:13,367 INFO  ratis.XceiverServerRatis (XceiverServerRatis.java:start(414)) - XceiverServerRatis d6086a6b-d6cf-41c7-b0f0-8938d322a030 is started using port 38414
2019-07-30 15:10:13,368 INFO  server.XceiverServerGrpc (XceiverServerGrpc.java:start(161)) - XceiverServerGrpc d6086a6b-d6cf-41c7-b0f0-8938d322a030 is started using port 33696
2019-07-30 15:10:13,525 INFO  ozoneimpl.OzoneContainer (OzoneContainer.java:start(186)) - Attempting to start container services.
2019-07-30 15:10:13,525 INFO  ozoneimpl.OzoneContainer (OzoneContainer.java:startContainerScrub(160)) - Background container scrubber has been disabled by hdds.containerscrub.enabled
2019-07-30 15:10:13,525 INFO  ratis.XceiverServerRatis (XceiverServerRatis.java:start(404)) - Starting XceiverServerRatis 0ba01337-595b-4105-b408-2b17d3d783a7 at port 0
2019-07-30 15:10:13,533 INFO  impl.RaftServerProxy (RaftServerProxy.java:lambda$start$3(299)) - 0ba01337-595b-4105-b408-2b17d3d783a7: start RPC server
2019-07-30 15:10:13,533 INFO  server.GrpcService (GrpcService.java:startImpl(149)) - 0ba01337-595b-4105-b408-2b17d3d783a7: GrpcService started, listening on 0.0.0.0/0.0.0.0:34248
2019-07-30 15:10:13,534 INFO  ratis.XceiverServerRatis (XceiverServerRatis.java:start(414)) - XceiverServerRatis 0ba01337-595b-4105-b408-2b17d3d783a7 is started using port 34248
2019-07-30 15:10:13,534 INFO  server.XceiverServerGrpc (XceiverServerGrpc.java:start(161)) - XceiverServerGrpc 0ba01337-595b-4105-b408-2b17d3d783a7 is started using port 43240
2019-07-30 15:10:13,676 INFO  ozone.MiniOzoneClusterImpl (MiniOzoneClusterImpl.java:lambda$waitForClusterToBeReady$0(142)) - Waiting for cluster to be ready. Got 0 of 7 DN Heartbeats.
2019-07-30 15:10:13,683 INFO  ozoneimpl.OzoneContainer (OzoneContainer.java:start(186)) - Attempting to start container services.
2019-07-30 15:10:13,683 INFO  ozoneimpl.OzoneContainer (OzoneContainer.java:startContainerScrub(160)) - Background container scrubber has been disabled by hdds.containerscrub.enabled
2019-07-30 15:10:13,684 INFO  ratis.XceiverServerRatis (XceiverServerRatis.java:start(404)) - Starting XceiverServerRatis 0c197b38-9285-4782-8f27-f50830aee78d at port 0
2019-07-30 15:10:13,691 INFO  impl.RaftServerProxy (RaftServerProxy.java:lambda$start$3(299)) - 0c197b38-9285-4782-8f27-f50830aee78d: start RPC server
2019-07-30 15:10:13,691 INFO  server.GrpcService (GrpcService.java:startImpl(149)) - 0c197b38-9285-4782-8f27-f50830aee78d: GrpcService started, listening on 0.0.0.0/0.0.0.0:40895
2019-07-30 15:10:13,692 INFO  ratis.XceiverServerRatis (XceiverServerRatis.java:start(414)) - XceiverServerRatis 0c197b38-9285-4782-8f27-f50830aee78d is started using port 40895
2019-07-30 15:10:13,692 INFO  server.XceiverServerGrpc (XceiverServerGrpc.java:start(161)) - XceiverServerGrpc 0c197b38-9285-4782-8f27-f50830aee78d is started using port 46629
2019-07-30 15:10:14,554 INFO  net.NetworkTopology (NetworkTopologyImpl.java:add(110)) - Added a new node: /default-rack/f299e6bf-7fb7-4e37-88ad-0be7bc4b776d
2019-07-30 15:10:14,556 INFO  node.SCMNodeManager (SCMNodeManager.java:register(273)) - Registered Data node : f299e6bf-7fb7-4e37-88ad-0be7bc4b776d{ip: 192.168.5.170, host: byscane-nightly-xg47r-921641087, networkLocation: /default-rack, certSerialId: null}
2019-07-30 15:10:14,557 INFO  safemode.SCMSafeModeManager (DataNodeSafeModeRule.java:process(71)) - SCM in safe mode. 1 DataNodes registered, 1 required.
2019-07-30 15:10:14,560 INFO  safemode.SCMSafeModeManager (SCMSafeModeManager.java:validateSafeModeExitRules(177)) - ScmSafeModeManager, all rules are successfully validated
2019-07-30 15:10:14,560 INFO  safemode.SCMSafeModeManager (SCMSafeModeManager.java:exitSafeMode(193)) - SCM exiting safe mode.
2019-07-30 15:10:14,583 INFO  impl.RaftServerProxy (RaftServerProxy.java:addNew(89)) - f299e6bf-7fb7-4e37-88ad-0be7bc4b776d: addNew group-86C3ABE105DE:[f299e6bf-7fb7-4e37-88ad-0be7bc4b776d:192.168.5.170:34856] returns group-86C3ABE105DE:java.util.concurrent.CompletableFuture@577080a2[Not completed]
2019-07-30 15:10:14,584 INFO  impl.RaftServerImpl (RaftServerImpl.java:<init>(93)) - f299e6bf-7fb7-4e37-88ad-0be7bc4b776d: new RaftServerImpl for group-86C3ABE105DE:[f299e6bf-7fb7-4e37-88ad-0be7bc4b776d:192.168.5.170:34856] with ContainerStateMachine:uninitialized
2019-07-30 15:10:14,585 INFO  server.RaftServerConfigKeys (ConfUtils.java:logGet(43)) - raft.server.rpc.timeout.min = 5s (custom)
2019-07-30 15:10:14,585 INFO  server.RaftServerConfigKeys (ConfUtils.java:logGet(43)) - raft.server.rpc.timeout.max = 5200ms (custom)
2019-07-30 15:10:14,585 INFO  server.RaftServerConfigKeys (ConfUtils.java:logGet(43)) - raft.server.rpcslowness.timeout = 120s (custom)
2019-07-30 15:10:14,585 INFO  server.RaftServerConfigKeys (ConfUtils.java:logGet(43)) - raft.server.sleep.deviation.threshold = 300 (default)
2019-07-30 15:10:14,585 INFO  server.RaftServerConfigKeys (ConfUtils.java:logGet(43)) - raft.server.log.appender.install.snapshot.enabled = false (custom)
2019-07-30 15:10:14,585 INFO  impl.RaftServerImpl (ServerState.java:<init>(105)) - f299e6bf-7fb7-4e37-88ad-0be7bc4b776d:group-86C3ABE105DE ConfigurationManager, init=-1: [f299e6bf-7fb7-4e37-88ad-0be7bc4b776d:192.168.5.170:34856], old=null, confs=<EMPTY_MAP>
2019-07-30 15:10:14,585 INFO  server.RaftServerConfigKeys (ConfUtils.java:logGet(43)) - raft.server.storage.dir = [/workdir/hadoop-ozone/integration-test/target/test-dir/MiniOzoneClusterImpl-ad46064b-6a94-4531-afe2-6a9f3b447690/datanode-0/data/ratis] (custom)
2019-07-30 15:10:14,586 INFO  storage.RaftStorageDirectory (RaftStorageDirectory.java:analyzeStorage(246)) - The storage directory /workdir/hadoop-ozone/integration-test/target/test-dir/MiniOzoneClusterImpl-ad46064b-6a94-4531-afe2-6a9f3b447690/datanode-0/data/ratis/ea892ec5-e223-4786-8de8-86c3abe105de does not exist. Creating ...
2019-07-30 15:10:14,611 INFO  storage.RaftStorageDirectory (RaftStorageDirectory.java:tryLock(328)) - Lock on /workdir/hadoop-ozone/integration-test/target/test-dir/MiniOzoneClusterImpl-ad46064b-6a94-4531-afe2-6a9f3b447690/datanode-0/data/ratis/ea892ec5-e223-4786-8de8-86c3abe105de/in_use.lock acquired by nodename 32735@byscane-nightly-xg47r-921641087
2019-07-30 15:10:14,624 INFO  storage.RaftStorage (RaftStorage.java:format(72)) - Storage directory /workdir/hadoop-ozone/integration-test/target/test-dir/MiniOzoneClusterImpl-ad46064b-6a94-4531-afe2-6a9f3b447690/datanode-0/data/ratis/ea892ec5-e223-4786-8de8-86c3abe105de has been successfully formatted.
2019-07-30 15:10:14,625 INFO  ratis.ContainerStateMachine (ContainerStateMachine.java:loadSnapshot(213)) - group-86C3ABE105DE: The snapshot info is null. Setting the last applied indexto:(t:0, i:~)
2019-07-30 15:10:14,625 INFO  server.RaftServerConfigKeys (ConfUtils.java:logGet(43)) - raft.server.leader.election.timeout = 120s (custom)
2019-07-30 15:10:14,625 INFO  server.RaftServerConfigKeys (ConfUtils.java:logGet(43)) - raft.server.log.use.memory = false (default)
2019-07-30 15:10:14,625 INFO  server.RaftServerConfigKeys (ConfUtils.java:logGet(43)) - raft.server.log.purge.gap = 1000000000 (custom)
2019-07-30 15:10:14,625 INFO  server.RaftServerConfigKeys (ConfUtils.java:logGet(43)) - raft.server.log.appender.buffer.byte-limit = 33554432 (custom)
2019-07-30 15:10:14,626 INFO  server.RaftServerConfigKeys (ConfUtils.java:logGet(43)) - raft.server.log.segment.size.max = 1048576 (custom)
2019-07-30 15:10:14,626 INFO  server.RaftServerConfigKeys (ConfUtils.java:logGet(43)) - raft.server.log.segment.cache.num.max = 2 (custom)
2019-07-30 15:10:14,626 INFO  segmented.SegmentedRaftLogWorker (SegmentedRaftLogWorker.java:<init>(172)) - new f299e6bf-7fb7-4e37-88ad-0be7bc4b776d-SegmentedRaftLogWorker:Storage Directory /workdir/hadoop-ozone/integration-test/target/test-dir/MiniOzoneClusterImpl-ad46064b-6a94-4531-afe2-6a9f3b447690/datanode-0/data/ratis/ea892ec5-e223-4786-8de8-86c3abe105de for RaftStorage:Storage Directory /workdir/hadoop-ozone/integration-test/target/test-dir/MiniOzoneClusterImpl-ad46064b-6a94-4531-afe2-6a9f3b447690/datanode-0/data/ratis/ea892ec5-e223-4786-8de8-86c3abe105de
2019-07-30 15:10:14,626 INFO  server.RaftServerConfigKeys (ConfUtils.java:logGet(43)) - raft.server.log.queue.byte-limit = 2147483647 (custom)
2019-07-30 15:10:14,626 INFO  server.RaftServerConfigKeys (ConfUtils.java:logGet(43)) - raft.server.log.queue.element-limit = 1024 (custom)
2019-07-30 15:10:14,627 INFO  server.RaftServerConfigKeys (ConfUtils.java:logGet(43)) - raft.server.log.segment.size.max = 1048576 (custom)
2019-07-30 15:10:14,627 INFO  server.RaftServerConfigKeys (ConfUtils.java:logGet(43)) - raft.server.log.preallocated.size = 16384 (custom)
2019-07-30 15:10:14,627 INFO  server.RaftServerConfigKeys (ConfUtils.java:logGet(43)) - raft.server.log.write.buffer.size = 33554432 (custom)
2019-07-30 15:10:14,627 INFO  server.RaftServerConfigKeys (ConfUtils.java:logGet(43)) - raft.server.log.force.sync.num = 128 (default)
2019-07-30 15:10:14,627 INFO  server.RaftServerConfigKeys (ConfUtils.java:logGet(43)) - raft.server.log.statemachine.data.sync = true (default)
2019-07-30 15:10:14,627 INFO  server.RaftServerConfigKeys (ConfUtils.java:logGet(43)) - raft.server.log.statemachine.data.sync.timeout = 10s (default)
2019-07-30 15:10:14,627 INFO  server.RaftServerConfigKeys (ConfUtils.java:logGet(43)) - raft.server.log.statemachine.data.sync.timeout.retry = -1 (default)
2019-07-30 15:10:14,628 INFO  server.RaftServerConfigKeys (ConfUtils.java:logGet(43)) - raft.server.log.statemachine.data.caching.enabled = true (custom)
2019-07-30 15:10:14,628 INFO  segmented.SegmentedRaftLogWorker (SegmentedRaftLogWorker.java:lambda$new$0(132)) - f299e6bf-7fb7-4e37-88ad-0be7bc4b776d-SegmentedRaftLogWorker:Storage Directory /workdir/hadoop-ozone/integration-test/target/test-dir/MiniOzoneClusterImpl-ad46064b-6a94-4531-afe2-6a9f3b447690/datanode-0/data/ratis/ea892ec5-e223-4786-8de8-86c3abe105de: flushIndex: setUnconditionally 0 -> -1
2019-07-30 15:10:14,629 INFO  server.RaftServerConfigKeys (ConfUtils.java:logGet(43)) - raft.server.snapshot.auto.trigger.enabled = true (custom)
2019-07-30 15:10:14,629 INFO  server.RaftServerConfigKeys (ConfUtils.java:logGet(43)) - raft.server.snapshot.auto.trigger.threshold = 10000 (custom)
2019-07-30 15:10:14,629 INFO  server.RaftServerConfigKeys (ConfUtils.java:logGet(43)) - raft.server.retrycache.expirytime = 600000ms (custom)
2019-07-30 15:10:14,629 INFO  impl.RaftServerImpl (RaftServerImpl.java:start(180)) - f299e6bf-7fb7-4e37-88ad-0be7bc4b776d: start group-86C3ABE105DE
2019-07-30 15:10:14,629 INFO  impl.RaftServerImpl (RaftServerImpl.java:setRole(171)) - f299e6bf-7fb7-4e37-88ad-0be7bc4b776d:group-86C3ABE105DE changes role from null to FOLLOWER at term 0 for startAsFollower
2019-07-30 15:10:14,629 INFO  impl.RoleInfo (RoleInfo.java:updateAndGet(143)) - f299e6bf-7fb7-4e37-88ad-0be7bc4b776d: start FollowerState
2019-07-30 15:10:14,631 INFO  util.JmxRegister (JmxRegister.java:tryRegister(44)) - Successfully registered JMX Bean with object name Ratis:service=RaftServer,group=group-86C3ABE105DE,id=f299e6bf-7fb7-4e37-88ad-0be7bc4b776d
2019-07-30 15:10:14,633 INFO  pipeline.PipelineStateManager (PipelineStateManager.java:addPipeline(56)) - Created pipeline Pipeline[ Id: ea892ec5-e223-4786-8de8-86c3abe105de, Nodes: f299e6bf-7fb7-4e37-88ad-0be7bc4b776d{ip: 192.168.5.170, host: byscane-nightly-xg47r-921641087, networkLocation: /default-rack, certSerialId: null}, Type:RATIS, Factor:ONE, State:OPEN]
2019-07-30 15:10:14,678 INFO  ozone.MiniOzoneClusterImpl (MiniOzoneClusterImpl.java:lambda$waitForClusterToBeReady$0(142)) - Waiting for cluster to be ready. Got 1 of 7 DN Heartbeats.
2019-07-30 15:10:14,710 INFO  net.NetworkTopology (NetworkTopologyImpl.java:add(110)) - Added a new node: /default-rack/0095d080-e03a-4362-b098-b6a3a0c0b1d1
2019-07-30 15:10:14,710 INFO  node.SCMNodeManager (SCMNodeManager.java:register(273)) - Registered Data node : 0095d080-e03a-4362-b098-b6a3a0c0b1d1{ip: 192.168.5.170, host: byscane-nightly-xg47r-921641087, networkLocation: /default-rack, certSerialId: null}
2019-07-30 15:10:14,721 INFO  impl.RaftServerProxy (RaftServerProxy.java:addNew(89)) - 0095d080-e03a-4362-b098-b6a3a0c0b1d1: addNew group-1E0916AFB0E5:[0095d080-e03a-4362-b098-b6a3a0c0b1d1:192.168.5.170:35340] returns group-1E0916AFB0E5:java.util.concurrent.CompletableFuture@64799650[Not completed]
2019-07-30 15:10:14,722 INFO  impl.RaftServerImpl (RaftServerImpl.java:<init>(93)) - 0095d080-e03a-4362-b098-b6a3a0c0b1d1: new RaftServerImpl for group-1E0916AFB0E5:[0095d080-e03a-4362-b098-b6a3a0c0b1d1:192.168.5.170:35340] with ContainerStateMachine:uninitialized
2019-07-30 15:10:14,722 INFO  server.RaftServerConfigKeys (ConfUtils.java:logGet(43)) - raft.server.rpc.timeout.min = 5s (custom)
2019-07-30 15:10:14,722 INFO  server.RaftServerConfigKeys (ConfUtils.java:logGet(43)) - raft.server.rpc.timeout.max = 5200ms (custom)
2019-07-30 15:10:14,722 INFO  server.RaftServerConfigKeys (ConfUtils.java:logGet(43)) - raft.server.rpcslowness.timeout = 120s (custom)
2019-07-30 15:10:14,722 INFO  server.RaftServerConfigKeys (ConfUtils.java:logGet(43)) - raft.server.sleep.deviation.threshold = 300 (default)
2019-07-30 15:10:14,722 INFO  server.RaftServerConfigKeys (ConfUtils.java:logGet(43)) - raft.server.log.appender.install.snapshot.enabled = false (custom)
2019-07-30 15:10:14,722 INFO  impl.RaftServerImpl (ServerState.java:<init>(105)) - 0095d080-e03a-4362-b098-b6a3a0c0b1d1:group-1E0916AFB0E5 ConfigurationManager, init=-1: [0095d080-e03a-4362-b098-b6a3a0c0b1d1:192.168.5.170:35340], old=null, confs=<EMPTY_MAP>
2019-07-30 15:10:14,723 INFO  server.RaftServerConfigKeys (ConfUtils.java:logGet(43)) - raft.server.storage.dir = [/workdir/hadoop-ozone/integration-test/target/test-dir/MiniOzoneClusterImpl-ad46064b-6a94-4531-afe2-6a9f3b447690/datanode-1/data/ratis] (custom)
2019-07-30 15:10:14,723 INFO  storage.RaftStorageDirectory (RaftStorageDirectory.java:analyzeStorage(246)) - The storage directory /workdir/hadoop-ozone/integration-test/target/test-dir/MiniOzoneClusterImpl-ad46064b-6a94-4531-afe2-6a9f3b447690/datanode-1/data/ratis/20e840da-6118-4bc2-ae9b-1e0916afb0e5 does not exist. Creating ...
2019-07-30 15:10:14,748 INFO  storage.RaftStorageDirectory (RaftStorageDirectory.java:tryLock(328)) - Lock on /workdir/hadoop-ozone/integration-test/target/test-dir/MiniOzoneClusterImpl-ad46064b-6a94-4531-afe2-6a9f3b447690/datanode-1/data/ratis/20e840da-6118-4bc2-ae9b-1e0916afb0e5/in_use.lock acquired by nodename 32735@byscane-nightly-xg47r-921641087
2019-07-30 15:10:14,760 INFO  storage.RaftStorage (RaftStorage.java:format(72)) - Storage directory /workdir/hadoop-ozone/integration-test/target/test-dir/MiniOzoneClusterImpl-ad46064b-6a94-4531-afe2-6a9f3b447690/datanode-1/data/ratis/20e840da-6118-4bc2-ae9b-1e0916afb0e5 has been successfully formatted.
2019-07-30 15:10:14,760 INFO  ratis.ContainerStateMachine (ContainerStateMachine.java:loadSnapshot(213)) - group-1E0916AFB0E5: The snapshot info is null. Setting the last applied indexto:(t:0, i:~)
2019-07-30 15:10:14,761 INFO  server.RaftServerConfigKeys (ConfUtils.java:logGet(43)) - raft.server.leader.election.timeout = 120s (custom)
2019-07-30 15:10:14,761 INFO  server.RaftServerConfigKeys (ConfUtils.java:logGet(43)) - raft.server.log.use.memory = false (default)
2019-07-30 15:10:14,761 INFO  server.RaftServerConfigKeys (ConfUtils.java:logGet(43)) - raft.server.log.purge.gap = 1000000000 (custom)
2019-07-30 15:10:14,761 INFO  server.RaftServerConfigKeys (ConfUtils.java:logGet(43)) - raft.server.log.appender.buffer.byte-limit = 33554432 (custom)
2019-07-30 15:10:14,761 INFO  server.RaftServerConfigKeys (ConfUtils.java:logGet(43)) - raft.server.log.segment.size.max = 1048576 (custom)
2019-07-30 15:10:14,761 INFO  server.RaftServerConfigKeys (ConfUtils.java:logGet(43)) - raft.server.log.segment.cache.num.max = 2 (custom)
2019-07-30 15:10:14,762 INFO  segmented.SegmentedRaftLogWorker (SegmentedRaftLogWorker.java:<init>(172)) - new 0095d080-e03a-4362-b098-b6a3a0c0b1d1-SegmentedRaftLogWorker:Storage Directory /workdir/hadoop-ozone/integration-test/target/test-dir/MiniOzoneClusterImpl-ad46064b-6a94-4531-afe2-6a9f3b447690/datanode-1/data/ratis/20e840da-6118-4bc2-ae9b-1e0916afb0e5 for RaftStorage:Storage Directory /workdir/hadoop-ozone/integration-test/target/test-dir/MiniOzoneClusterImpl-ad46064b-6a94-4531-afe2-6a9f3b447690/datanode-1/data/ratis/20e840da-6118-4bc2-ae9b-1e0916afb0e5
2019-07-30 15:10:14,762 INFO  server.RaftServerConfigKeys (ConfUtils.java:logGet(43)) - raft.server.log.queue.byte-limit = 2147483647 (custom)
2019-07-30 15:10:14,762 INFO  server.RaftServerConfigKeys (ConfUtils.java:logGet(43)) - raft.server.log.queue.element-limit = 1024 (custom)
2019-07-30 15:10:14,762 INFO  server.RaftServerConfigKeys (ConfUtils.java:logGet(43)) - raft.server.log.segment.size.max = 1048576 (custom)
2019-07-30 15:10:14,762 INFO  server.RaftServerConfigKeys (ConfUtils.java:logGet(43)) - raft.server.log.preallocated.size = 16384 (custom)
2019-07-30 15:10:14,762 INFO  server.RaftServerConfigKeys (ConfUtils.java:logGet(43)) - raft.server.log.write.buffer.size = 33554432 (custom)
2019-07-30 15:10:14,763 INFO  server.RaftServerConfigKeys (ConfUtils.java:logGet(43)) - raft.server.log.force.sync.num = 128 (default)
2019-07-30 15:10:14,763 INFO  server.RaftServerConfigKeys (ConfUtils.java:logGet(43)) - raft.server.log.statemachine.data.sync = true (default)
2019-07-30 15:10:14,763 INFO  server.RaftServerConfigKeys (ConfUtils.java:logGet(43)) - raft.server.log.statemachine.data.sync.timeout = 10s (default)
2019-07-30 15:10:14,763 INFO  server.RaftServerConfigKeys (ConfUtils.java:logGet(43)) - raft.server.log.statemachine.data.sync.timeout.retry = -1 (default)
2019-07-30 15:10:14,763 INFO  server.RaftServerConfigKeys (ConfUtils.java:logGet(43)) - raft.server.log.statemachine.data.caching.enabled = true (custom)
2019-07-30 15:10:14,764 INFO  segmented.SegmentedRaftLogWorker (SegmentedRaftLogWorker.java:lambda$new$0(132)) - 0095d080-e03a-4362-b098-b6a3a0c0b1d1-SegmentedRaftLogWorker:Storage Directory /workdir/hadoop-ozone/integration-test/target/test-dir/MiniOzoneClusterImpl-ad46064b-6a94-4531-afe2-6a9f3b447690/datanode-1/data/ratis/20e840da-6118-4bc2-ae9b-1e0916afb0e5: flushIndex: setUnconditionally 0 -> -1
2019-07-30 15:10:14,765 INFO  server.RaftServerConfigKeys (ConfUtils.java:logGet(43)) - raft.server.snapshot.auto.trigger.enabled = true (custom)
2019-07-30 15:10:14,765 INFO  server.RaftServerConfigKeys (ConfUtils.java:logGet(43)) - raft.server.snapshot.auto.trigger.threshold = 10000 (custom)
2019-07-30 15:10:14,765 INFO  server.RaftServerConfigKeys (ConfUtils.java:logGet(43)) - raft.server.retrycache.expirytime = 600000ms (custom)
2019-07-30 15:10:14,765 INFO  impl.RaftServerImpl (RaftServerImpl.java:start(180)) - 0095d080-e03a-4362-b098-b6a3a0c0b1d1: start group-1E0916AFB0E5
2019-07-30 15:10:14,765 INFO  impl.RaftServerImpl (RaftServerImpl.java:setRole(171)) - 0095d080-e03a-4362-b098-b6a3a0c0b1d1:group-1E0916AFB0E5 changes role from null to FOLLOWER at term 0 for startAsFollower
2019-07-30 15:10:14,765 INFO  impl.RoleInfo (RoleInfo.java:updateAndGet(143)) - 0095d080-e03a-4362-b098-b6a3a0c0b1d1: start FollowerState
2019-07-30 15:10:14,766 INFO  util.JmxRegister (JmxRegister.java:tryRegister(44)) - Successfully registered JMX Bean with object name Ratis:service=RaftServer,group=group-1E0916AFB0E5,id=0095d080-e03a-4362-b098-b6a3a0c0b1d1
2019-07-30 15:10:14,768 INFO  pipeline.PipelineStateManager (PipelineStateManager.java:addPipeline(56)) - Created pipeline Pipeline[ Id: 20e840da-6118-4bc2-ae9b-1e0916afb0e5, Nodes: 0095d080-e03a-4362-b098-b6a3a0c0b1d1{ip: 192.168.5.170, host: byscane-nightly-xg47r-921641087, networkLocation: /default-rack, certSerialId: null}, Type:RATIS, Factor:ONE, State:OPEN]
2019-07-30 15:10:15,016 INFO  net.NetworkTopology (NetworkTopologyImpl.java:add(110)) - Added a new node: /default-rack/e3c214c8-e82a-41f9-a71a-9bd5eb099339
2019-07-30 15:10:15,016 INFO  node.SCMNodeManager (SCMNodeManager.java:register(273)) - Registered Data node : e3c214c8-e82a-41f9-a71a-9bd5eb099339{ip: 192.168.5.170, host: byscane-nightly-xg47r-921641087, networkLocation: /default-rack, certSerialId: null}
2019-07-30 15:10:15,025 INFO  impl.RaftServerProxy (RaftServerProxy.java:addNew(89)) - e3c214c8-e82a-41f9-a71a-9bd5eb099339: addNew group-44E5B9E5B47E:[e3c214c8-e82a-41f9-a71a-9bd5eb099339:192.168.5.170:45397] returns group-44E5B9E5B47E:java.util.concurrent.CompletableFuture@571e5bab[Not completed]
2019-07-30 15:10:15,026 INFO  impl.RaftServerImpl (RaftServerImpl.java:<init>(93)) - e3c214c8-e82a-41f9-a71a-9bd5eb099339: new RaftServerImpl for group-44E5B9E5B47E:[e3c214c8-e82a-41f9-a71a-9bd5eb099339:192.168.5.170:45397] with ContainerStateMachine:uninitialized
2019-07-30 15:10:15,027 INFO  server.RaftServerConfigKeys (ConfUtils.java:logGet(43)) - raft.server.rpc.timeout.min = 5s (custom)
2019-07-30 15:10:15,027 INFO  server.RaftServerConfigKeys (ConfUtils.java:logGet(43)) - raft.server.rpc.timeout.max = 5200ms (custom)
2019-07-30 15:10:15,027 INFO  server.RaftServerConfigKeys (ConfUtils.java:logGet(43)) - raft.server.rpcslowness.timeout = 120s (custom)
2019-07-30 15:10:15,027 INFO  server.RaftServerConfigKeys (ConfUtils.java:logGet(43)) - raft.server.sleep.deviation.threshold = 300 (default)
2019-07-30 15:10:15,027 INFO  server.RaftServerConfigKeys (ConfUtils.java:logGet(43)) - raft.server.log.appender.install.snapshot.enabled = false (custom)
2019-07-30 15:10:15,027 INFO  impl.RaftServerImpl (ServerState.java:<init>(105)) - e3c214c8-e82a-41f9-a71a-9bd5eb099339:group-44E5B9E5B47E ConfigurationManager, init=-1: [e3c214c8-e82a-41f9-a71a-9bd5eb099339:192.168.5.170:45397], old=null, confs=<EMPTY_MAP>
2019-07-30 15:10:15,027 INFO  server.RaftServerConfigKeys (ConfUtils.java:logGet(43)) - raft.server.storage.dir = [/workdir/hadoop-ozone/integration-test/target/test-dir/MiniOzoneClusterImpl-ad46064b-6a94-4531-afe2-6a9f3b447690/datanode-2/data/ratis] (custom)
2019-07-30 15:10:15,028 INFO  storage.RaftStorageDirectory (RaftStorageDirectory.java:analyzeStorage(246)) - The storage directory /workdir/hadoop-ozone/integration-test/target/test-dir/MiniOzoneClusterImpl-ad46064b-6a94-4531-afe2-6a9f3b447690/datanode-2/data/ratis/5f201933-970e-4385-ba16-44e5b9e5b47e does not exist. Creating ...
2019-07-30 15:10:15,034 INFO  storage.RaftStorageDirectory (RaftStorageDirectory.java:tryLock(328)) - Lock on /workdir/hadoop-ozone/integration-test/target/test-dir/MiniOzoneClusterImpl-ad46064b-6a94-4531-afe2-6a9f3b447690/datanode-2/data/ratis/5f201933-970e-4385-ba16-44e5b9e5b47e/in_use.lock acquired by nodename 32735@byscane-nightly-xg47r-921641087
2019-07-30 15:10:15,045 INFO  storage.RaftStorage (RaftStorage.java:format(72)) - Storage directory /workdir/hadoop-ozone/integration-test/target/test-dir/MiniOzoneClusterImpl-ad46064b-6a94-4531-afe2-6a9f3b447690/datanode-2/data/ratis/5f201933-970e-4385-ba16-44e5b9e5b47e has been successfully formatted.
2019-07-30 15:10:15,045 INFO  ratis.ContainerStateMachine (ContainerStateMachine.java:loadSnapshot(213)) - group-44E5B9E5B47E: The snapshot info is null. Setting the last applied indexto:(t:0, i:~)
2019-07-30 15:10:15,045 INFO  server.RaftServerConfigKeys (ConfUtils.java:logGet(43)) - raft.server.leader.election.timeout = 120s (custom)
2019-07-30 15:10:15,045 INFO  server.RaftServerConfigKeys (ConfUtils.java:logGet(43)) - raft.server.log.use.memory = false (default)
2019-07-30 15:10:15,046 INFO  server.RaftServerConfigKeys (ConfUtils.java:logGet(43)) - raft.server.log.purge.gap = 1000000000 (custom)
2019-07-30 15:10:15,046 INFO  server.RaftServerConfigKeys (ConfUtils.java:logGet(43)) - raft.server.log.appender.buffer.byte-limit = 33554432 (custom)
2019-07-30 15:10:15,046 INFO  server.RaftServerConfigKeys (ConfUtils.java:logGet(43)) - raft.server.log.segment.size.max = 1048576 (custom)
2019-07-30 15:10:15,046 INFO  server.RaftServerConfigKeys (ConfUtils.java:logGet(43)) - raft.server.log.segment.cache.num.max = 2 (custom)
2019-07-30 15:10:15,046 INFO  segmented.SegmentedRaftLogWorker (SegmentedRaftLogWorker.java:<init>(172)) - new e3c214c8-e82a-41f9-a71a-9bd5eb099339-SegmentedRaftLogWorker:Storage Directory /workdir/hadoop-ozone/integration-test/target/test-dir/MiniOzoneClusterImpl-ad46064b-6a94-4531-afe2-6a9f3b447690/datanode-2/data/ratis/5f201933-970e-4385-ba16-44e5b9e5b47e for RaftStorage:Storage Directory /workdir/hadoop-ozone/integration-test/target/test-dir/MiniOzoneClusterImpl-ad46064b-6a94-4531-afe2-6a9f3b447690/datanode-2/data/ratis/5f201933-970e-4385-ba16-44e5b9e5b47e
2019-07-30 15:10:15,046 INFO  server.RaftServerConfigKeys (ConfUtils.java:logGet(43)) - raft.server.log.queue.byte-limit = 2147483647 (custom)
2019-07-30 15:10:15,047 INFO  server.RaftServerConfigKeys (ConfUtils.java:logGet(43)) - raft.server.log.queue.element-limit = 1024 (custom)
2019-07-30 15:10:15,047 INFO  server.RaftServerConfigKeys (ConfUtils.java:logGet(43)) - raft.server.log.segment.size.max = 1048576 (custom)
2019-07-30 15:10:15,047 INFO  server.RaftServerConfigKeys (ConfUtils.java:logGet(43)) - raft.server.log.preallocated.size = 16384 (custom)
2019-07-30 15:10:15,047 INFO  server.RaftServerConfigKeys (ConfUtils.java:logGet(43)) - raft.server.log.write.buffer.size = 33554432 (custom)
2019-07-30 15:10:15,047 INFO  server.RaftServerConfigKeys (ConfUtils.java:logGet(43)) - raft.server.log.force.sync.num = 128 (default)
2019-07-30 15:10:15,047 INFO  server.RaftServerConfigKeys (ConfUtils.java:logGet(43)) - raft.server.log.statemachine.data.sync = true (default)
2019-07-30 15:10:15,048 INFO  server.RaftServerConfigKeys (ConfUtils.java:logGet(43)) - raft.server.log.statemachine.data.sync.timeout = 10s (default)
2019-07-30 15:10:15,048 INFO  server.RaftServerConfigKeys (ConfUtils.java:logGet(43)) - raft.server.log.statemachine.data.sync.timeout.retry = -1 (default)
2019-07-30 15:10:15,048 INFO  server.RaftServerConfigKeys (ConfUtils.java:logGet(43)) - raft.server.log.statemachine.data.caching.enabled = true (custom)
2019-07-30 15:10:15,048 INFO  segmented.SegmentedRaftLogWorker (SegmentedRaftLogWorker.java:lambda$new$0(132)) - e3c214c8-e82a-41f9-a71a-9bd5eb099339-SegmentedRaftLogWorker:Storage Directory /workdir/hadoop-ozone/integration-test/target/test-dir/MiniOzoneClusterImpl-ad46064b-6a94-4531-afe2-6a9f3b447690/datanode-2/data/ratis/5f201933-970e-4385-ba16-44e5b9e5b47e: flushIndex: setUnconditionally 0 -> -1
2019-07-30 15:10:15,049 INFO  server.RaftServerConfigKeys (ConfUtils.java:logGet(43)) - raft.server.snapshot.auto.trigger.enabled = true (custom)
2019-07-30 15:10:15,049 INFO  server.RaftServerConfigKeys (ConfUtils.java:logGet(43)) - raft.server.snapshot.auto.trigger.threshold = 10000 (custom)
2019-07-30 15:10:15,049 INFO  server.RaftServerConfigKeys (ConfUtils.java:logGet(43)) - raft.server.retrycache.expirytime = 600000ms (custom)
2019-07-30 15:10:15,049 INFO  impl.RaftServerImpl (RaftServerImpl.java:start(180)) - e3c214c8-e82a-41f9-a71a-9bd5eb099339: start group-44E5B9E5B47E
2019-07-30 15:10:15,050 INFO  impl.RaftServerImpl (RaftServerImpl.java:setRole(171)) - e3c214c8-e82a-41f9-a71a-9bd5eb099339:group-44E5B9E5B47E changes role from null to FOLLOWER at term 0 for startAsFollower
2019-07-30 15:10:15,050 INFO  impl.RoleInfo (RoleInfo.java:updateAndGet(143)) - e3c214c8-e82a-41f9-a71a-9bd5eb099339: start FollowerState
2019-07-30 15:10:15,050 INFO  util.JmxRegister (JmxRegister.java:tryRegister(44)) - Successfully registered JMX Bean with object name Ratis:service=RaftServer,group=group-44E5B9E5B47E,id=e3c214c8-e82a-41f9-a71a-9bd5eb099339
2019-07-30 15:10:15,052 INFO  pipeline.PipelineStateManager (PipelineStateManager.java:addPipeline(56)) - Created pipeline Pipeline[ Id: 5f201933-970e-4385-ba16-44e5b9e5b47e, Nodes: e3c214c8-e82a-41f9-a71a-9bd5eb099339{ip: 192.168.5.170, host: byscane-nightly-xg47r-921641087, networkLocation: /default-rack, certSerialId: null}, Type:RATIS, Factor:ONE, State:OPEN]
2019-07-30 15:10:15,078 INFO  impl.RaftServerProxy (RaftServerProxy.java:addNew(89)) - 0095d080-e03a-4362-b098-b6a3a0c0b1d1: addNew group-98300A8E0D66:[e3c214c8-e82a-41f9-a71a-9bd5eb099339:192.168.5.170:45397, 0095d080-e03a-4362-b098-b6a3a0c0b1d1:192.168.5.170:35340, f299e6bf-7fb7-4e37-88ad-0be7bc4b776d:192.168.5.170:34856] returns group-98300A8E0D66:java.util.concurrent.CompletableFuture@2626f06e[Not completed]
2019-07-30 15:10:15,080 INFO  impl.RaftServerProxy (RaftServerProxy.java:addNew(89)) - f299e6bf-7fb7-4e37-88ad-0be7bc4b776d: addNew group-98300A8E0D66:[e3c214c8-e82a-41f9-a71a-9bd5eb099339:192.168.5.170:45397, 0095d080-e03a-4362-b098-b6a3a0c0b1d1:192.168.5.170:35340, f299e6bf-7fb7-4e37-88ad-0be7bc4b776d:192.168.5.170:34856] returns group-98300A8E0D66:java.util.concurrent.CompletableFuture@3311241b[Not completed]
2019-07-30 15:10:15,078 INFO  impl.RaftServerProxy (RaftServerProxy.java:addNew(89)) - e3c214c8-e82a-41f9-a71a-9bd5eb099339: addNew group-98300A8E0D66:[e3c214c8-e82a-41f9-a71a-9bd5eb099339:192.168.5.170:45397, 0095d080-e03a-4362-b098-b6a3a0c0b1d1:192.168.5.170:35340, f299e6bf-7fb7-4e37-88ad-0be7bc4b776d:192.168.5.170:34856] returns group-98300A8E0D66:java.util.concurrent.CompletableFuture@64a3fa35[Not completed]
2019-07-30 15:10:15,083 INFO  impl.RaftServerImpl (RaftServerImpl.java:<init>(93)) - f299e6bf-7fb7-4e37-88ad-0be7bc4b776d: new RaftServerImpl for group-98300A8E0D66:[e3c214c8-e82a-41f9-a71a-9bd5eb099339:192.168.5.170:45397, 0095d080-e03a-4362-b098-b6a3a0c0b1d1:192.168.5.170:35340, f299e6bf-7fb7-4e37-88ad-0be7bc4b776d:192.168.5.170:34856] with ContainerStateMachine:uninitialized
2019-07-30 15:10:15,083 INFO  server.RaftServerConfigKeys (ConfUtils.java:logGet(43)) - raft.server.rpc.timeout.min = 5s (custom)
2019-07-30 15:10:15,083 INFO  server.RaftServerConfigKeys (ConfUtils.java:logGet(43)) - raft.server.rpc.timeout.max = 5200ms (custom)
2019-07-30 15:10:15,084 INFO  server.RaftServerConfigKeys (ConfUtils.java:logGet(43)) - raft.server.rpcslowness.timeout = 120s (custom)
2019-07-30 15:10:15,084 INFO  impl.RaftServerImpl (RaftServerImpl.java:<init>(93)) - 0095d080-e03a-4362-b098-b6a3a0c0b1d1: new RaftServerImpl for group-98300A8E0D66:[e3c214c8-e82a-41f9-a71a-9bd5eb099339:192.168.5.170:45397, 0095d080-e03a-4362-b098-b6a3a0c0b1d1:192.168.5.170:35340, f299e6bf-7fb7-4e37-88ad-0be7bc4b776d:192.168.5.170:34856] with ContainerStateMachine:uninitialized
2019-07-30 15:10:15,084 INFO  server.RaftServerConfigKeys (ConfUtils.java:logGet(43)) - raft.server.sleep.deviation.threshold = 300 (default)
2019-07-30 15:10:15,084 INFO  server.RaftServerConfigKeys (ConfUtils.java:logGet(43)) - raft.server.rpc.timeout.min = 5s (custom)
2019-07-30 15:10:15,084 INFO  impl.RaftServerImpl (RaftServerImpl.java:<init>(93)) - e3c214c8-e82a-41f9-a71a-9bd5eb099339: new RaftServerImpl for group-98300A8E0D66:[e3c214c8-e82a-41f9-a71a-9bd5eb099339:192.168.5.170:45397, 0095d080-e03a-4362-b098-b6a3a0c0b1d1:192.168.5.170:35340, f299e6bf-7fb7-4e37-88ad-0be7bc4b776d:192.168.5.170:34856] with ContainerStateMachine:uninitialized
2019-07-30 15:10:15,084 INFO  server.RaftServerConfigKeys (ConfUtils.java:logGet(43)) - raft.server.log.appender.install.snapshot.enabled = false (custom)
2019-07-30 15:10:15,084 INFO  server.RaftServerConfigKeys (ConfUtils.java:logGet(43)) - raft.server.rpc.timeout.min = 5s (custom)
2019-07-30 15:10:15,084 INFO  server.RaftServerConfigKeys (ConfUtils.java:logGet(43)) - raft.server.rpc.timeout.max = 5200ms (custom)
2019-07-30 15:10:15,085 INFO  server.RaftServerConfigKeys (ConfUtils.java:logGet(43)) - raft.server.rpc.timeout.max = 5200ms (custom)
2019-07-30 15:10:15,084 INFO  impl.RaftServerImpl (ServerState.java:<init>(105)) - f299e6bf-7fb7-4e37-88ad-0be7bc4b776d:group-98300A8E0D66 ConfigurationManager, init=-1: [e3c214c8-e82a-41f9-a71a-9bd5eb099339:192.168.5.170:45397, 0095d080-e03a-4362-b098-b6a3a0c0b1d1:192.168.5.170:35340, f299e6bf-7fb7-4e37-88ad-0be7bc4b776d:192.168.5.170:34856], old=null, confs=<EMPTY_MAP>
2019-07-30 15:10:15,085 INFO  server.RaftServerConfigKeys (ConfUtils.java:logGet(43)) - raft.server.rpcslowness.timeout = 120s (custom)
2019-07-30 15:10:15,085 INFO  server.RaftServerConfigKeys (ConfUtils.java:logGet(43)) - raft.server.rpcslowness.timeout = 120s (custom)
2019-07-30 15:10:15,085 INFO  server.RaftServerConfigKeys (ConfUtils.java:logGet(43)) - raft.server.sleep.deviation.threshold = 300 (default)
2019-07-30 15:10:15,085 INFO  server.RaftServerConfigKeys (ConfUtils.java:logGet(43)) - raft.server.log.appender.install.snapshot.enabled = false (custom)
2019-07-30 15:10:15,085 INFO  server.RaftServerConfigKeys (ConfUtils.java:logGet(43)) - raft.server.storage.dir = [/workdir/hadoop-ozone/integration-test/target/test-dir/MiniOzoneClusterImpl-ad46064b-6a94-4531-afe2-6a9f3b447690/datanode-0/data/ratis] (custom)
2019-07-30 15:10:15,086 INFO  impl.RaftServerImpl (ServerState.java:<init>(105)) - e3c214c8-e82a-41f9-a71a-9bd5eb099339:group-98300A8E0D66 ConfigurationManager, init=-1: [e3c214c8-e82a-41f9-a71a-9bd5eb099339:192.168.5.170:45397, 0095d080-e03a-4362-b098-b6a3a0c0b1d1:192.168.5.170:35340, f299e6bf-7fb7-4e37-88ad-0be7bc4b776d:192.168.5.170:34856], old=null, confs=<EMPTY_MAP>
2019-07-30 15:10:15,085 INFO  server.RaftServerConfigKeys (ConfUtils.java:logGet(43)) - raft.server.sleep.deviation.threshold = 300 (default)
2019-07-30 15:10:15,086 INFO  server.RaftServerConfigKeys (ConfUtils.java:logGet(43)) - raft.server.storage.dir = [/workdir/hadoop-ozone/integration-test/target/test-dir/MiniOzoneClusterImpl-ad46064b-6a94-4531-afe2-6a9f3b447690/datanode-2/data/ratis] (custom)
2019-07-30 15:10:15,086 INFO  storage.RaftStorageDirectory (RaftStorageDirectory.java:analyzeStorage(246)) - The storage directory /workdir/hadoop-ozone/integration-test/target/test-dir/MiniOzoneClusterImpl-ad46064b-6a94-4531-afe2-6a9f3b447690/datanode-0/data/ratis/a8c0aadd-a882-4b60-936c-98300a8e0d66 does not exist. Creating ...
2019-07-30 15:10:15,086 INFO  server.RaftServerConfigKeys (ConfUtils.java:logGet(43)) - raft.server.log.appender.install.snapshot.enabled = false (custom)
2019-07-30 15:10:15,086 INFO  storage.RaftStorageDirectory (RaftStorageDirectory.java:analyzeStorage(246)) - The storage directory /workdir/hadoop-ozone/integration-test/target/test-dir/MiniOzoneClusterImpl-ad46064b-6a94-4531-afe2-6a9f3b447690/datanode-2/data/ratis/a8c0aadd-a882-4b60-936c-98300a8e0d66 does not exist. Creating ...
2019-07-30 15:10:15,087 INFO  impl.RaftServerImpl (ServerState.java:<init>(105)) - 0095d080-e03a-4362-b098-b6a3a0c0b1d1:group-98300A8E0D66 ConfigurationManager, init=-1: [e3c214c8-e82a-41f9-a71a-9bd5eb099339:192.168.5.170:45397, 0095d080-e03a-4362-b098-b6a3a0c0b1d1:192.168.5.170:35340, f299e6bf-7fb7-4e37-88ad-0be7bc4b776d:192.168.5.170:34856], old=null, confs=<EMPTY_MAP>
2019-07-30 15:10:15,087 INFO  server.RaftServerConfigKeys (ConfUtils.java:logGet(43)) - raft.server.storage.dir = [/workdir/hadoop-ozone/integration-test/target/test-dir/MiniOzoneClusterImpl-ad46064b-6a94-4531-afe2-6a9f3b447690/datanode-1/data/ratis] (custom)
2019-07-30 15:10:15,087 INFO  storage.RaftStorageDirectory (RaftStorageDirectory.java:analyzeStorage(246)) - The storage directory /workdir/hadoop-ozone/integration-test/target/test-dir/MiniOzoneClusterImpl-ad46064b-6a94-4531-afe2-6a9f3b447690/datanode-1/data/ratis/a8c0aadd-a882-4b60-936c-98300a8e0d66 does not exist. Creating ...
2019-07-30 15:10:15,108 INFO  storage.RaftStorageDirectory (RaftStorageDirectory.java:tryLock(328)) - Lock on /workdir/hadoop-ozone/integration-test/target/test-dir/MiniOzoneClusterImpl-ad46064b-6a94-4531-afe2-6a9f3b447690/datanode-1/data/ratis/a8c0aadd-a882-4b60-936c-98300a8e0d66/in_use.lock acquired by nodename 32735@byscane-nightly-xg47r-921641087
2019-07-30 15:10:15,108 INFO  storage.RaftStorageDirectory (RaftStorageDirectory.java:tryLock(328)) - Lock on /workdir/hadoop-ozone/integration-test/target/test-dir/MiniOzoneClusterImpl-ad46064b-6a94-4531-afe2-6a9f3b447690/datanode-0/data/ratis/a8c0aadd-a882-4b60-936c-98300a8e0d66/in_use.lock acquired by nodename 32735@byscane-nightly-xg47r-921641087
2019-07-30 15:10:15,108 INFO  storage.RaftStorageDirectory (RaftStorageDirectory.java:tryLock(328)) - Lock on /workdir/hadoop-ozone/integration-test/target/test-dir/MiniOzoneClusterImpl-ad46064b-6a94-4531-afe2-6a9f3b447690/datanode-2/data/ratis/a8c0aadd-a882-4b60-936c-98300a8e0d66/in_use.lock acquired by nodename 32735@byscane-nightly-xg47r-921641087
2019-07-30 15:10:15,123 INFO  storage.RaftStorage (RaftStorage.java:format(72)) - Storage directory /workdir/hadoop-ozone/integration-test/target/test-dir/MiniOzoneClusterImpl-ad46064b-6a94-4531-afe2-6a9f3b447690/datanode-0/data/ratis/a8c0aadd-a882-4b60-936c-98300a8e0d66 has been successfully formatted.
2019-07-30 15:10:15,123 INFO  storage.RaftStorage (RaftStorage.java:format(72)) - Storage directory /workdir/hadoop-ozone/integration-test/target/test-dir/MiniOzoneClusterImpl-ad46064b-6a94-4531-afe2-6a9f3b447690/datanode-2/data/ratis/a8c0aadd-a882-4b60-936c-98300a8e0d66 has been successfully formatted.
2019-07-30 15:10:15,123 INFO  ratis.ContainerStateMachine (ContainerStateMachine.java:loadSnapshot(213)) - group-98300A8E0D66: The snapshot info is null. Setting the last applied indexto:(t:0, i:~)
2019-07-30 15:10:15,123 INFO  ratis.ContainerStateMachine (ContainerStateMachine.java:loadSnapshot(213)) - group-98300A8E0D66: The snapshot info is null. Setting the last applied indexto:(t:0, i:~)
2019-07-30 15:10:15,123 INFO  storage.RaftStorage (RaftStorage.java:format(72)) - Storage directory /workdir/hadoop-ozone/integration-test/target/test-dir/MiniOzoneClusterImpl-ad46064b-6a94-4531-afe2-6a9f3b447690/datanode-1/data/ratis/a8c0aadd-a882-4b60-936c-98300a8e0d66 has been successfully formatted.
2019-07-30 15:10:15,123 INFO  server.RaftServerConfigKeys (ConfUtils.java:logGet(43)) - raft.server.leader.election.timeout = 120s (custom)
2019-07-30 15:10:15,123 INFO  server.RaftServerConfigKeys (ConfUtils.java:logGet(43)) - raft.server.leader.election.timeout = 120s (custom)
2019-07-30 15:10:15,124 INFO  server.RaftServerConfigKeys (ConfUtils.java:logGet(43)) - raft.server.log.use.memory = false (default)
2019-07-30 15:10:15,124 INFO  ratis.ContainerStateMachine (ContainerStateMachine.java:loadSnapshot(213)) - group-98300A8E0D66: The snapshot info is null. Setting the last applied indexto:(t:0, i:~)
2019-07-30 15:10:15,124 INFO  server.RaftServerConfigKeys (ConfUtils.java:logGet(43)) - raft.server.log.purge.gap = 1000000000 (custom)
2019-07-30 15:10:15,124 INFO  server.RaftServerConfigKeys (ConfUtils.java:logGet(43)) - raft.server.log.use.memory = false (default)
2019-07-30 15:10:15,124 INFO  server.RaftServerConfigKeys (ConfUtils.java:logGet(43)) - raft.server.log.appender.buffer.byte-limit = 33554432 (custom)
2019-07-30 15:10:15,124 INFO  server.RaftServerConfigKeys (ConfUtils.java:logGet(43)) - raft.server.leader.election.timeout = 120s (custom)
2019-07-30 15:10:15,124 INFO  server.RaftServerConfigKeys (ConfUtils.java:logGet(43)) - raft.server.log.segment.size.max = 1048576 (custom)
2019-07-30 15:10:15,124 INFO  server.RaftServerConfigKeys (ConfUtils.java:logGet(43)) - raft.server.log.purge.gap = 1000000000 (custom)
2019-07-30 15:10:15,125 INFO  server.RaftServerConfigKeys (ConfUtils.java:logGet(43)) - raft.server.log.segment.cache.num.max = 2 (custom)
2019-07-30 15:10:15,125 INFO  server.RaftServerConfigKeys (ConfUtils.java:logGet(43)) - raft.server.log.use.memory = false (default)
2019-07-30 15:10:15,125 INFO  segmented.SegmentedRaftLogWorker (SegmentedRaftLogWorker.java:<init>(172)) - new e3c214c8-e82a-41f9-a71a-9bd5eb099339-SegmentedRaftLogWorker:Storage Directory /workdir/hadoop-ozone/integration-test/target/test-dir/MiniOzoneClusterImpl-ad46064b-6a94-4531-afe2-6a9f3b447690/datanode-2/data/ratis/a8c0aadd-a882-4b60-936c-98300a8e0d66 for RaftStorage:Storage Directory /workdir/hadoop-ozone/integration-test/target/test-dir/MiniOzoneClusterImpl-ad46064b-6a94-4531-afe2-6a9f3b447690/datanode-2/data/ratis/a8c0aadd-a882-4b60-936c-98300a8e0d66
2019-07-30 15:10:15,125 INFO  server.RaftServerConfigKeys (ConfUtils.java:logGet(43)) - raft.server.log.appender.buffer.byte-limit = 33554432 (custom)
2019-07-30 15:10:15,125 INFO  server.RaftServerConfigKeys (ConfUtils.java:logGet(43)) - raft.server.log.queue.byte-limit = 2147483647 (custom)
2019-07-30 15:10:15,125 INFO  server.RaftServerConfigKeys (ConfUtils.java:logGet(43)) - raft.server.log.purge.gap = 1000000000 (custom)
2019-07-30 15:10:15,126 INFO  server.RaftServerConfigKeys (ConfUtils.java:logGet(43)) - raft.server.log.queue.element-limit = 1024 (custom)
2019-07-30 15:10:15,126 INFO  server.RaftServerConfigKeys (ConfUtils.java:logGet(43)) - raft.server.log.segment.size.max = 1048576 (custom)
2019-07-30 15:10:15,126 INFO  server.RaftServerConfigKeys (ConfUtils.java:logGet(43)) - raft.server.log.segment.size.max = 1048576 (custom)
2019-07-30 15:10:15,126 INFO  server.RaftServerConfigKeys (ConfUtils.java:logGet(43)) - raft.server.log.appender.buffer.byte-limit = 33554432 (custom)
2019-07-30 15:10:15,126 INFO  server.RaftServerConfigKeys (ConfUtils.java:logGet(43)) - raft.server.log.preallocated.size = 16384 (custom)
2019-07-30 15:10:15,127 INFO  server.RaftServerConfigKeys (ConfUtils.java:logGet(43)) - raft.server.log.write.buffer.size = 33554432 (custom)
2019-07-30 15:10:15,126 INFO  server.RaftServerConfigKeys (ConfUtils.java:logGet(43)) - raft.server.log.segment.cache.num.max = 2 (custom)
2019-07-30 15:10:15,127 INFO  server.RaftServerConfigKeys (ConfUtils.java:logGet(43)) - raft.server.log.force.sync.num = 128 (default)
2019-07-30 15:10:15,127 INFO  server.RaftServerConfigKeys (ConfUtils.java:logGet(43)) - raft.server.log.statemachine.data.sync = true (default)
2019-07-30 15:10:15,126 INFO  server.RaftServerConfigKeys (ConfUtils.java:logGet(43)) - raft.server.log.segment.size.max = 1048576 (custom)
2019-07-30 15:10:15,127 INFO  server.RaftServerConfigKeys (ConfUtils.java:logGet(43)) - raft.server.log.statemachine.data.sync.timeout = 10s (default)
2019-07-30 15:10:15,128 INFO  server.RaftServerConfigKeys (ConfUtils.java:logGet(43)) - raft.server.log.statemachine.data.sync.timeout.retry = -1 (default)
2019-07-30 15:10:15,127 INFO  segmented.SegmentedRaftLogWorker (SegmentedRaftLogWorker.java:<init>(172)) - new f299e6bf-7fb7-4e37-88ad-0be7bc4b776d-SegmentedRaftLogWorker:Storage Directory /workdir/hadoop-ozone/integration-test/target/test-dir/MiniOzoneClusterImpl-ad46064b-6a94-4531-afe2-6a9f3b447690/datanode-0/data/ratis/a8c0aadd-a882-4b60-936c-98300a8e0d66 for RaftStorage:Storage Directory /workdir/hadoop-ozone/integration-test/target/test-dir/MiniOzoneClusterImpl-ad46064b-6a94-4531-afe2-6a9f3b447690/datanode-0/data/ratis/a8c0aadd-a882-4b60-936c-98300a8e0d66
2019-07-30 15:10:15,128 INFO  server.RaftServerConfigKeys (ConfUtils.java:logGet(43)) - raft.server.log.statemachine.data.caching.enabled = true (custom)
2019-07-30 15:10:15,127 INFO  server.RaftServerConfigKeys (ConfUtils.java:logGet(43)) - raft.server.log.segment.cache.num.max = 2 (custom)
2019-07-30 15:10:15,128 INFO  server.RaftServerConfigKeys (ConfUtils.java:logGet(43)) - raft.server.log.queue.byte-limit = 2147483647 (custom)
2019-07-30 15:10:15,128 INFO  segmented.SegmentedRaftLogWorker (SegmentedRaftLogWorker.java:<init>(172)) - new 0095d080-e03a-4362-b098-b6a3a0c0b1d1-SegmentedRaftLogWorker:Storage Directory /workdir/hadoop-ozone/integration-test/target/test-dir/MiniOzoneClusterImpl-ad46064b-6a94-4531-afe2-6a9f3b447690/datanode-1/data/ratis/a8c0aadd-a882-4b60-936c-98300a8e0d66 for RaftStorage:Storage Directory /workdir/hadoop-ozone/integration-test/target/test-dir/MiniOzoneClusterImpl-ad46064b-6a94-4531-afe2-6a9f3b447690/datanode-1/data/ratis/a8c0aadd-a882-4b60-936c-98300a8e0d66
2019-07-30 15:10:15,128 INFO  segmented.SegmentedRaftLogWorker (SegmentedRaftLogWorker.java:lambda$new$0(132)) - e3c214c8-e82a-41f9-a71a-9bd5eb099339-SegmentedRaftLogWorker:Storage Directory /workdir/hadoop-ozone/integration-test/target/test-dir/MiniOzoneClusterImpl-ad46064b-6a94-4531-afe2-6a9f3b447690/datanode-2/data/ratis/a8c0aadd-a882-4b60-936c-98300a8e0d66: flushIndex: setUnconditionally 0 -> -1
2019-07-30 15:10:15,129 INFO  server.RaftServerConfigKeys (ConfUtils.java:logGet(43)) - raft.server.log.queue.byte-limit = 2147483647 (custom)
2019-07-30 15:10:15,128 INFO  server.RaftServerConfigKeys (ConfUtils.java:logGet(43)) - raft.server.log.queue.element-limit = 1024 (custom)
2019-07-30 15:10:15,129 INFO  server.RaftServerConfigKeys (ConfUtils.java:logGet(43)) - raft.server.snapshot.auto.trigger.enabled = true (custom)
2019-07-30 15:10:15,129 INFO  server.RaftServerConfigKeys (ConfUtils.java:logGet(43)) - raft.server.log.queue.element-limit = 1024 (custom)
2019-07-30 15:10:15,129 INFO  server.RaftServerConfigKeys (ConfUtils.java:logGet(43)) - raft.server.snapshot.auto.trigger.threshold = 10000 (custom)
2019-07-30 15:10:15,129 INFO  server.RaftServerConfigKeys (ConfUtils.java:logGet(43)) - raft.server.log.segment.size.max = 1048576 (custom)
2019-07-30 15:10:15,129 INFO  server.RaftServerConfigKeys (ConfUtils.java:logGet(43)) - raft.server.retrycache.expirytime = 600000ms (custom)
2019-07-30 15:10:15,129 INFO  server.RaftServerConfigKeys (ConfUtils.java:logGet(43)) - raft.server.log.segment.size.max = 1048576 (custom)
2019-07-30 15:10:15,130 INFO  impl.RaftServerImpl (RaftServerImpl.java:start(180)) - e3c214c8-e82a-41f9-a71a-9bd5eb099339: start group-98300A8E0D66
2019-07-30 15:10:15,130 INFO  server.RaftServerConfigKeys (ConfUtils.java:logGet(43)) - raft.server.log.preallocated.size = 16384 (custom)
2019-07-30 15:10:15,130 INFO  impl.RaftServerImpl (RaftServerImpl.java:setRole(171)) - e3c214c8-e82a-41f9-a71a-9bd5eb099339:group-98300A8E0D66 changes role from null to FOLLOWER at term 0 for startAsFollower
2019-07-30 15:10:15,130 INFO  server.RaftServerConfigKeys (ConfUtils.java:logGet(43)) - raft.server.log.preallocated.size = 16384 (custom)
2019-07-30 15:10:15,130 INFO  impl.RoleInfo (RoleInfo.java:updateAndGet(143)) - e3c214c8-e82a-41f9-a71a-9bd5eb099339: start FollowerState
2019-07-30 15:10:15,130 INFO  server.RaftServerConfigKeys (ConfUtils.java:logGet(43)) - raft.server.log.write.buffer.size = 33554432 (custom)
2019-07-30 15:10:15,130 INFO  server.RaftServerConfigKeys (ConfUtils.java:logGet(43)) - raft.server.log.write.buffer.size = 33554432 (custom)
2019-07-30 15:10:15,131 INFO  server.RaftServerConfigKeys (ConfUtils.java:logGet(43)) - raft.server.log.force.sync.num = 128 (default)
2019-07-30 15:10:15,141 INFO  util.JmxRegister (JmxRegister.java:tryRegister(44)) - Successfully registered JMX Bean with object name Ratis:service=RaftServer,group=group-98300A8E0D66,id=e3c214c8-e82a-41f9-a71a-9bd5eb099339
2019-07-30 15:10:15,131 INFO  server.RaftServerConfigKeys (ConfUtils.java:logGet(43)) - raft.server.log.force.sync.num = 128 (default)
2019-07-30 15:10:15,141 INFO  server.RaftServerConfigKeys (ConfUtils.java:logGet(43)) - raft.server.log.statemachine.data.sync = true (default)
2019-07-30 15:10:15,142 INFO  server.RaftServerConfigKeys (ConfUtils.java:logGet(43)) - raft.server.log.statemachine.data.sync = true (default)
2019-07-30 15:10:15,142 INFO  server.RaftServerConfigKeys (ConfUtils.java:logGet(43)) - raft.server.log.statemachine.data.sync.timeout = 10s (default)
2019-07-30 15:10:15,150 INFO  server.RaftServerConfigKeys (ConfUtils.java:logGet(43)) - raft.server.log.statemachine.data.sync.timeout = 10s (default)
2019-07-30 15:10:15,150 INFO  server.RaftServerConfigKeys (ConfUtils.java:logGet(43)) - raft.server.log.statemachine.data.sync.timeout.retry = -1 (default)
2019-07-30 15:10:15,150 INFO  server.RaftServerConfigKeys (ConfUtils.java:logGet(43)) - raft.server.log.statemachine.data.sync.timeout.retry = -1 (default)
2019-07-30 15:10:15,150 INFO  server.RaftServerConfigKeys (ConfUtils.java:logGet(43)) - raft.server.log.statemachine.data.caching.enabled = true (custom)
2019-07-30 15:10:15,150 INFO  server.RaftServerConfigKeys (ConfUtils.java:logGet(43)) - raft.server.log.statemachine.data.caching.enabled = true (custom)
2019-07-30 15:10:15,151 INFO  segmented.SegmentedRaftLogWorker (SegmentedRaftLogWorker.java:lambda$new$0(132)) - f299e6bf-7fb7-4e37-88ad-0be7bc4b776d-SegmentedRaftLogWorker:Storage Directory /workdir/hadoop-ozone/integration-test/target/test-dir/MiniOzoneClusterImpl-ad46064b-6a94-4531-afe2-6a9f3b447690/datanode-0/data/ratis/a8c0aadd-a882-4b60-936c-98300a8e0d66: flushIndex: setUnconditionally 0 -> -1
2019-07-30 15:10:15,151 INFO  segmented.SegmentedRaftLogWorker (SegmentedRaftLogWorker.java:lambda$new$0(132)) - 0095d080-e03a-4362-b098-b6a3a0c0b1d1-SegmentedRaftLogWorker:Storage Directory /workdir/hadoop-ozone/integration-test/target/test-dir/MiniOzoneClusterImpl-ad46064b-6a94-4531-afe2-6a9f3b447690/datanode-1/data/ratis/a8c0aadd-a882-4b60-936c-98300a8e0d66: flushIndex: setUnconditionally 0 -> -1
2019-07-30 15:10:15,151 INFO  server.RaftServerConfigKeys (ConfUtils.java:logGet(43)) - raft.server.snapshot.auto.trigger.enabled = true (custom)
2019-07-30 15:10:15,151 INFO  server.RaftServerConfigKeys (ConfUtils.java:logGet(43)) - raft.server.snapshot.auto.trigger.enabled = true (custom)
2019-07-30 15:10:15,151 INFO  server.RaftServerConfigKeys (ConfUtils.java:logGet(43)) - raft.server.snapshot.auto.trigger.threshold = 10000 (custom)
2019-07-30 15:10:15,151 INFO  server.RaftServerConfigKeys (ConfUtils.java:logGet(43)) - raft.server.snapshot.auto.trigger.threshold = 10000 (custom)
2019-07-30 15:10:15,152 INFO  server.RaftServerConfigKeys (ConfUtils.java:logGet(43)) - raft.server.retrycache.expirytime = 600000ms (custom)
2019-07-30 15:10:15,152 INFO  server.RaftServerConfigKeys (ConfUtils.java:logGet(43)) - raft.server.retrycache.expirytime = 600000ms (custom)
2019-07-30 15:10:15,152 INFO  impl.RaftServerImpl (RaftServerImpl.java:start(180)) - f299e6bf-7fb7-4e37-88ad-0be7bc4b776d: start group-98300A8E0D66
2019-07-30 15:10:15,152 INFO  impl.RaftServerImpl (RaftServerImpl.java:start(180)) - 0095d080-e03a-4362-b098-b6a3a0c0b1d1: start group-98300A8E0D66
2019-07-30 15:10:15,152 INFO  impl.RaftServerImpl (RaftServerImpl.java:setRole(171)) - f299e6bf-7fb7-4e37-88ad-0be7bc4b776d:group-98300A8E0D66 changes role from null to FOLLOWER at term 0 for startAsFollower
2019-07-30 15:10:15,152 INFO  impl.RaftServerImpl (RaftServerImpl.java:setRole(171)) - 0095d080-e03a-4362-b098-b6a3a0c0b1d1:group-98300A8E0D66 changes role from null to FOLLOWER at term 0 for startAsFollower
2019-07-30 15:10:15,152 INFO  impl.RoleInfo (RoleInfo.java:updateAndGet(143)) - f299e6bf-7fb7-4e37-88ad-0be7bc4b776d: start FollowerState
2019-07-30 15:10:15,152 INFO  impl.RoleInfo (RoleInfo.java:updateAndGet(143)) - 0095d080-e03a-4362-b098-b6a3a0c0b1d1: start FollowerState
2019-07-30 15:10:15,153 INFO  util.JmxRegister (JmxRegister.java:tryRegister(44)) - Successfully registered JMX Bean with object name Ratis:service=RaftServer,group=group-98300A8E0D66,id=f299e6bf-7fb7-4e37-88ad-0be7bc4b776d
2019-07-30 15:10:15,153 INFO  util.JmxRegister (JmxRegister.java:tryRegister(44)) - Successfully registered JMX Bean with object name Ratis:service=RaftServer,group=group-98300A8E0D66,id=0095d080-e03a-4362-b098-b6a3a0c0b1d1
2019-07-30 15:10:15,155 INFO  pipeline.PipelineStateManager (PipelineStateManager.java:addPipeline(56)) - Created pipeline Pipeline[ Id: a8c0aadd-a882-4b60-936c-98300a8e0d66, Nodes: e3c214c8-e82a-41f9-a71a-9bd5eb099339{ip: 192.168.5.170, host: byscane-nightly-xg47r-921641087, networkLocation: /default-rack, certSerialId: null}0095d080-e03a-4362-b098-b6a3a0c0b1d1{ip: 192.168.5.170, host: byscane-nightly-xg47r-921641087, networkLocation: /default-rack, certSerialId: null}f299e6bf-7fb7-4e37-88ad-0be7bc4b776d{ip: 192.168.5.170, host: byscane-nightly-xg47r-921641087, networkLocation: /default-rack, certSerialId: null}, Type:RATIS, Factor:THREE, State:OPEN]
2019-07-30 15:10:15,178 INFO  net.NetworkTopology (NetworkTopologyImpl.java:add(110)) - Added a new node: /default-rack/e8247901-e06f-451d-8c14-d461922cdde8
2019-07-30 15:10:15,178 INFO  node.SCMNodeManager (SCMNodeManager.java:register(273)) - Registered Data node : e8247901-e06f-451d-8c14-d461922cdde8{ip: 192.168.5.170, host: byscane-nightly-xg47r-921641087, networkLocation: /default-rack, certSerialId: null}
2019-07-30 15:10:15,188 INFO  impl.RaftServerProxy (RaftServerProxy.java:addNew(89)) - e8247901-e06f-451d-8c14-d461922cdde8: addNew group-A63CD2A28970:[e8247901-e06f-451d-8c14-d461922cdde8:192.168.5.170:37056] returns group-A63CD2A28970:java.util.concurrent.CompletableFuture@1810e972[Not completed]
2019-07-30 15:10:15,189 INFO  impl.RaftServerImpl (RaftServerImpl.java:<init>(93)) - e8247901-e06f-451d-8c14-d461922cdde8: new RaftServerImpl for group-A63CD2A28970:[e8247901-e06f-451d-8c14-d461922cdde8:192.168.5.170:37056] with ContainerStateMachine:uninitialized
2019-07-30 15:10:15,189 INFO  server.RaftServerConfigKeys (ConfUtils.java:logGet(43)) - raft.server.rpc.timeout.min = 5s (custom)
2019-07-30 15:10:15,189 INFO  server.RaftServerConfigKeys (ConfUtils.java:logGet(43)) - raft.server.rpc.timeout.max = 5200ms (custom)
2019-07-30 15:10:15,189 INFO  server.RaftServerConfigKeys (ConfUtils.java:logGet(43)) - raft.server.rpcslowness.timeout = 120s (custom)
2019-07-30 15:10:15,189 INFO  server.RaftServerConfigKeys (ConfUtils.java:logGet(43)) - raft.server.sleep.deviation.threshold = 300 (default)
2019-07-30 15:10:15,189 INFO  server.RaftServerConfigKeys (ConfUtils.java:logGet(43)) - raft.server.log.appender.install.snapshot.enabled = false (custom)
2019-07-30 15:10:15,190 INFO  impl.RaftServerImpl (ServerState.java:<init>(105)) - e8247901-e06f-451d-8c14-d461922cdde8:group-A63CD2A28970 ConfigurationManager, init=-1: [e8247901-e06f-451d-8c14-d461922cdde8:192.168.5.170:37056], old=null, confs=<EMPTY_MAP>
2019-07-30 15:10:15,190 INFO  server.RaftServerConfigKeys (ConfUtils.java:logGet(43)) - raft.server.storage.dir = [/workdir/hadoop-ozone/integration-test/target/test-dir/MiniOzoneClusterImpl-ad46064b-6a94-4531-afe2-6a9f3b447690/datanode-3/data/ratis] (custom)
2019-07-30 15:10:15,190 INFO  storage.RaftStorageDirectory (RaftStorageDirectory.java:analyzeStorage(246)) - The storage directory /workdir/hadoop-ozone/integration-test/target/test-dir/MiniOzoneClusterImpl-ad46064b-6a94-4531-afe2-6a9f3b447690/datanode-3/data/ratis/64753657-20ec-44fb-811d-a63cd2a28970 does not exist. Creating ...
2019-07-30 15:10:15,203 INFO  storage.RaftStorageDirectory (RaftStorageDirectory.java:tryLock(328)) - Lock on /workdir/hadoop-ozone/integration-test/target/test-dir/MiniOzoneClusterImpl-ad46064b-6a94-4531-afe2-6a9f3b447690/datanode-3/data/ratis/64753657-20ec-44fb-811d-a63cd2a28970/in_use.lock acquired by nodename 32735@byscane-nightly-xg47r-921641087
2019-07-30 15:10:15,214 INFO  storage.RaftStorage (RaftStorage.java:format(72)) - Storage directory /workdir/hadoop-ozone/integration-test/target/test-dir/MiniOzoneClusterImpl-ad46064b-6a94-4531-afe2-6a9f3b447690/datanode-3/data/ratis/64753657-20ec-44fb-811d-a63cd2a28970 has been successfully formatted.
2019-07-30 15:10:15,214 INFO  ratis.ContainerStateMachine (ContainerStateMachine.java:loadSnapshot(213)) - group-A63CD2A28970: The snapshot info is null. Setting the last applied indexto:(t:0, i:~)
2019-07-30 15:10:15,214 INFO  server.RaftServerConfigKeys (ConfUtils.java:logGet(43)) - raft.server.leader.election.timeout = 120s (custom)
2019-07-30 15:10:15,214 INFO  server.RaftServerConfigKeys (ConfUtils.java:logGet(43)) - raft.server.log.use.memory = false (default)
2019-07-30 15:10:15,214 INFO  server.RaftServerConfigKeys (ConfUtils.java:logGet(43)) - raft.server.log.purge.gap = 1000000000 (custom)
2019-07-30 15:10:15,214 INFO  server.RaftServerConfigKeys (ConfUtils.java:logGet(43)) - raft.server.log.appender.buffer.byte-limit = 33554432 (custom)
2019-07-30 15:10:15,214 INFO  server.RaftServerConfigKeys (ConfUtils.java:logGet(43)) - raft.server.log.segment.size.max = 1048576 (custom)
2019-07-30 15:10:15,215 INFO  server.RaftServerConfigKeys (ConfUtils.java:logGet(43)) - raft.server.log.segment.cache.num.max = 2 (custom)
2019-07-30 15:10:15,215 INFO  segmented.SegmentedRaftLogWorker (SegmentedRaftLogWorker.java:<init>(172)) - new e8247901-e06f-451d-8c14-d461922cdde8-SegmentedRaftLogWorker:Storage Directory /workdir/hadoop-ozone/integration-test/target/test-dir/MiniOzoneClusterImpl-ad46064b-6a94-4531-afe2-6a9f3b447690/datanode-3/data/ratis/64753657-20ec-44fb-811d-a63cd2a28970 for RaftStorage:Storage Directory /workdir/hadoop-ozone/integration-test/target/test-dir/MiniOzoneClusterImpl-ad46064b-6a94-4531-afe2-6a9f3b447690/datanode-3/data/ratis/64753657-20ec-44fb-811d-a63cd2a28970
2019-07-30 15:10:15,215 INFO  server.RaftServerConfigKeys (ConfUtils.java:logGet(43)) - raft.server.log.queue.byte-limit = 2147483647 (custom)
2019-07-30 15:10:15,215 INFO  server.RaftServerConfigKeys (ConfUtils.java:logGet(43)) - raft.server.log.queue.element-limit = 1024 (custom)
2019-07-30 15:10:15,215 INFO  server.RaftServerConfigKeys (ConfUtils.java:logGet(43)) - raft.server.log.segment.size.max = 1048576 (custom)
2019-07-30 15:10:15,215 INFO  server.RaftServerConfigKeys (ConfUtils.java:logGet(43)) - raft.server.log.preallocated.size = 16384 (custom)
2019-07-30 15:10:15,215 INFO  server.RaftServerConfigKeys (ConfUtils.java:logGet(43)) - raft.server.log.write.buffer.size = 33554432 (custom)
2019-07-30 15:10:15,215 INFO  server.RaftServerConfigKeys (ConfUtils.java:logGet(43)) - raft.server.log.force.sync.num = 128 (default)
2019-07-30 15:10:15,215 INFO  server.RaftServerConfigKeys (ConfUtils.java:logGet(43)) - raft.server.log.statemachine.data.sync = true (default)
2019-07-30 15:10:15,216 INFO  server.RaftServerConfigKeys (ConfUtils.java:logGet(43)) - raft.server.log.statemachine.data.sync.timeout = 10s (default)
2019-07-30 15:10:15,216 INFO  server.RaftServerConfigKeys (ConfUtils.java:logGet(43)) - raft.server.log.statemachine.data.sync.timeout.retry = -1 (default)
2019-07-30 15:10:15,216 INFO  server.RaftServerConfigKeys (ConfUtils.java:logGet(43)) - raft.server.log.statemachine.data.caching.enabled = true (custom)
2019-07-30 15:10:15,216 INFO  segmented.SegmentedRaftLogWorker (SegmentedRaftLogWorker.java:lambda$new$0(132)) - e8247901-e06f-451d-8c14-d461922cdde8-SegmentedRaftLogWorker:Storage Directory /workdir/hadoop-ozone/integration-test/target/test-dir/MiniOzoneClusterImpl-ad46064b-6a94-4531-afe2-6a9f3b447690/datanode-3/data/ratis/64753657-20ec-44fb-811d-a63cd2a28970: flushIndex: setUnconditionally 0 -> -1
2019-07-30 15:10:15,216 INFO  server.RaftServerConfigKeys (ConfUtils.java:logGet(43)) - raft.server.snapshot.auto.trigger.enabled = true (custom)
2019-07-30 15:10:15,216 INFO  server.RaftServerConfigKeys (ConfUtils.java:logGet(43)) - raft.server.snapshot.auto.trigger.threshold = 10000 (custom)
2019-07-30 15:10:15,217 INFO  server.RaftServerConfigKeys (ConfUtils.java:logGet(43)) - raft.server.retrycache.expirytime = 600000ms (custom)
2019-07-30 15:10:15,217 INFO  impl.RaftServerImpl (RaftServerImpl.java:start(180)) - e8247901-e06f-451d-8c14-d461922cdde8: start group-A63CD2A28970
2019-07-30 15:10:15,217 INFO  impl.RaftServerImpl (RaftServerImpl.java:setRole(171)) - e8247901-e06f-451d-8c14-d461922cdde8:group-A63CD2A28970 changes role from null to FOLLOWER at term 0 for startAsFollower
2019-07-30 15:10:15,217 INFO  impl.RoleInfo (RoleInfo.java:updateAndGet(143)) - e8247901-e06f-451d-8c14-d461922cdde8: start FollowerState
2019-07-30 15:10:15,217 INFO  util.JmxRegister (JmxRegister.java:tryRegister(44)) - Successfully registered JMX Bean with object name Ratis:service=RaftServer,group=group-A63CD2A28970,id=e8247901-e06f-451d-8c14-d461922cdde8
2019-07-30 15:10:15,219 INFO  pipeline.PipelineStateManager (PipelineStateManager.java:addPipeline(56)) - Created pipeline Pipeline[ Id: 64753657-20ec-44fb-811d-a63cd2a28970, Nodes: e8247901-e06f-451d-8c14-d461922cdde8{ip: 192.168.5.170, host: byscane-nightly-xg47r-921641087, networkLocation: /default-rack, certSerialId: null}, Type:RATIS, Factor:ONE, State:OPEN]
2019-07-30 15:10:15,345 INFO  net.NetworkTopology (NetworkTopologyImpl.java:add(110)) - Added a new node: /default-rack/d6086a6b-d6cf-41c7-b0f0-8938d322a030
2019-07-30 15:10:15,345 INFO  node.SCMNodeManager (SCMNodeManager.java:register(273)) - Registered Data node : d6086a6b-d6cf-41c7-b0f0-8938d322a030{ip: 192.168.5.170, host: byscane-nightly-xg47r-921641087, networkLocation: /default-rack, certSerialId: null}
2019-07-30 15:10:15,355 INFO  impl.RaftServerProxy (RaftServerProxy.java:addNew(89)) - d6086a6b-d6cf-41c7-b0f0-8938d322a030: addNew group-80220CEE4786:[d6086a6b-d6cf-41c7-b0f0-8938d322a030:192.168.5.170:38414] returns group-80220CEE4786:java.util.concurrent.CompletableFuture@15a62651[Not completed]
2019-07-30 15:10:15,357 INFO  impl.RaftServerImpl (RaftServerImpl.java:<init>(93)) - d6086a6b-d6cf-41c7-b0f0-8938d322a030: new RaftServerImpl for group-80220CEE4786:[d6086a6b-d6cf-41c7-b0f0-8938d322a030:192.168.5.170:38414] with ContainerStateMachine:uninitialized
2019-07-30 15:10:15,357 INFO  server.RaftServerConfigKeys (ConfUtils.java:logGet(43)) - raft.server.rpc.timeout.min = 5s (custom)
2019-07-30 15:10:15,357 INFO  server.RaftServerConfigKeys (ConfUtils.java:logGet(43)) - raft.server.rpc.timeout.max = 5200ms (custom)
2019-07-30 15:10:15,357 INFO  server.RaftServerConfigKeys (ConfUtils.java:logGet(43)) - raft.server.rpcslowness.timeout = 120s (custom)
2019-07-30 15:10:15,357 INFO  server.RaftServerConfigKeys (ConfUtils.java:logGet(43)) - raft.server.sleep.deviation.threshold = 300 (default)
2019-07-30 15:10:15,357 INFO  server.RaftServerConfigKeys (ConfUtils.java:logGet(43)) - raft.server.log.appender.install.snapshot.enabled = false (custom)
2019-07-30 15:10:15,358 INFO  impl.RaftServerImpl (ServerState.java:<init>(105)) - d6086a6b-d6cf-41c7-b0f0-8938d322a030:group-80220CEE4786 ConfigurationManager, init=-1: [d6086a6b-d6cf-41c7-b0f0-8938d322a030:192.168.5.170:38414], old=null, confs=<EMPTY_MAP>
2019-07-30 15:10:15,358 INFO  server.RaftServerConfigKeys (ConfUtils.java:logGet(43)) - raft.server.storage.dir = [/workdir/hadoop-ozone/integration-test/target/test-dir/MiniOzoneClusterImpl-ad46064b-6a94-4531-afe2-6a9f3b447690/datanode-4/data/ratis] (custom)
2019-07-30 15:10:15,358 INFO  storage.RaftStorageDirectory (RaftStorageDirectory.java:analyzeStorage(246)) - The storage directory /workdir/hadoop-ozone/integration-test/target/test-dir/MiniOzoneClusterImpl-ad46064b-6a94-4531-afe2-6a9f3b447690/datanode-4/data/ratis/5335e366-25ee-4ec2-8e5e-80220cee4786 does not exist. Creating ...
2019-07-30 15:10:15,363 INFO  storage.RaftStorageDirectory (RaftStorageDirectory.java:tryLock(328)) - Lock on /workdir/hadoop-ozone/integration-test/target/test-dir/MiniOzoneClusterImpl-ad46064b-6a94-4531-afe2-6a9f3b447690/datanode-4/data/ratis/5335e366-25ee-4ec2-8e5e-80220cee4786/in_use.lock acquired by nodename 32735@byscane-nightly-xg47r-921641087
2019-07-30 15:10:15,375 INFO  storage.RaftStorage (RaftStorage.java:format(72)) - Storage directory /workdir/hadoop-ozone/integration-test/target/test-dir/MiniOzoneClusterImpl-ad46064b-6a94-4531-afe2-6a9f3b447690/datanode-4/data/ratis/5335e366-25ee-4ec2-8e5e-80220cee4786 has been successfully formatted.
2019-07-30 15:10:15,375 INFO  ratis.ContainerStateMachine (ContainerStateMachine.java:loadSnapshot(213)) - group-80220CEE4786: The snapshot info is null. Setting the last applied indexto:(t:0, i:~)
2019-07-30 15:10:15,375 INFO  server.RaftServerConfigKeys (ConfUtils.java:logGet(43)) - raft.server.leader.election.timeout = 120s (custom)
2019-07-30 15:10:15,375 INFO  server.RaftServerConfigKeys (ConfUtils.java:logGet(43)) - raft.server.log.use.memory = false (default)
2019-07-30 15:10:15,376 INFO  server.RaftServerConfigKeys (ConfUtils.java:logGet(43)) - raft.server.log.purge.gap = 1000000000 (custom)
2019-07-30 15:10:15,376 INFO  server.RaftServerConfigKeys (ConfUtils.java:logGet(43)) - raft.server.log.appender.buffer.byte-limit = 33554432 (custom)
2019-07-30 15:10:15,376 INFO  server.RaftServerConfigKeys (ConfUtils.java:logGet(43)) - raft.server.log.segment.size.max = 1048576 (custom)
2019-07-30 15:10:15,376 INFO  server.RaftServerConfigKeys (ConfUtils.java:logGet(43)) - raft.server.log.segment.cache.num.max = 2 (custom)
2019-07-30 15:10:15,376 INFO  segmented.SegmentedRaftLogWorker (SegmentedRaftLogWorker.java:<init>(172)) - new d6086a6b-d6cf-41c7-b0f0-8938d322a030-SegmentedRaftLogWorker:Storage Directory /workdir/hadoop-ozone/integration-test/target/test-dir/MiniOzoneClusterImpl-ad46064b-6a94-4531-afe2-6a9f3b447690/datanode-4/data/ratis/5335e366-25ee-4ec2-8e5e-80220cee4786 for RaftStorage:Storage Directory /workdir/hadoop-ozone/integration-test/target/test-dir/MiniOzoneClusterImpl-ad46064b-6a94-4531-afe2-6a9f3b447690/datanode-4/data/ratis/5335e366-25ee-4ec2-8e5e-80220cee4786
2019-07-30 15:10:15,376 INFO  server.RaftServerConfigKeys (ConfUtils.java:logGet(43)) - raft.server.log.queue.byte-limit = 2147483647 (custom)
2019-07-30 15:10:15,377 INFO  server.RaftServerConfigKeys (ConfUtils.java:logGet(43)) - raft.server.log.queue.element-limit = 1024 (custom)
2019-07-30 15:10:15,377 INFO  server.RaftServerConfigKeys (ConfUtils.java:logGet(43)) - raft.server.log.segment.size.max = 1048576 (custom)
2019-07-30 15:10:15,377 INFO  server.RaftServerConfigKeys (ConfUtils.java:logGet(43)) - raft.server.log.preallocated.size = 16384 (custom)
2019-07-30 15:10:15,377 INFO  server.RaftServerConfigKeys (ConfUtils.java:logGet(43)) - raft.server.log.write.buffer.size = 33554432 (custom)
2019-07-30 15:10:15,377 INFO  server.RaftServerConfigKeys (ConfUtils.java:logGet(43)) - raft.server.log.force.sync.num = 128 (default)
2019-07-30 15:10:15,377 INFO  server.RaftServerConfigKeys (ConfUtils.java:logGet(43)) - raft.server.log.statemachine.data.sync = true (default)
2019-07-30 15:10:15,378 INFO  server.RaftServerConfigKeys (ConfUtils.java:logGet(43)) - raft.server.log.statemachine.data.sync.timeout = 10s (default)
2019-07-30 15:10:15,378 INFO  server.RaftServerConfigKeys (ConfUtils.java:logGet(43)) - raft.server.log.statemachine.data.sync.timeout.retry = -1 (default)
2019-07-30 15:10:15,378 INFO  server.RaftServerConfigKeys (ConfUtils.java:logGet(43)) - raft.server.log.statemachine.data.caching.enabled = true (custom)
2019-07-30 15:10:15,378 INFO  segmented.SegmentedRaftLogWorker (SegmentedRaftLogWorker.java:lambda$new$0(132)) - d6086a6b-d6cf-41c7-b0f0-8938d322a030-SegmentedRaftLogWorker:Storage Directory /workdir/hadoop-ozone/integration-test/target/test-dir/MiniOzoneClusterImpl-ad46064b-6a94-4531-afe2-6a9f3b447690/datanode-4/data/ratis/5335e366-25ee-4ec2-8e5e-80220cee4786: flushIndex: setUnconditionally 0 -> -1
2019-07-30 15:10:15,379 INFO  server.RaftServerConfigKeys (ConfUtils.java:logGet(43)) - raft.server.snapshot.auto.trigger.enabled = true (custom)
2019-07-30 15:10:15,379 INFO  server.RaftServerConfigKeys (ConfUtils.java:logGet(43)) - raft.server.snapshot.auto.trigger.threshold = 10000 (custom)
2019-07-30 15:10:15,379 INFO  server.RaftServerConfigKeys (ConfUtils.java:logGet(43)) - raft.server.retrycache.expirytime = 600000ms (custom)
2019-07-30 15:10:15,379 INFO  impl.RaftServerImpl (RaftServerImpl.java:start(180)) - d6086a6b-d6cf-41c7-b0f0-8938d322a030: start group-80220CEE4786
2019-07-30 15:10:15,379 INFO  impl.RaftServerImpl (RaftServerImpl.java:setRole(171)) - d6086a6b-d6cf-41c7-b0f0-8938d322a030:group-80220CEE4786 changes role from null to FOLLOWER at term 0 for startAsFollower
2019-07-30 15:10:15,380 INFO  impl.RoleInfo (RoleInfo.java:updateAndGet(143)) - d6086a6b-d6cf-41c7-b0f0-8938d322a030: start FollowerState
2019-07-30 15:10:15,380 INFO  util.JmxRegister (JmxRegister.java:tryRegister(44)) - Successfully registered JMX Bean with object name Ratis:service=RaftServer,group=group-80220CEE4786,id=d6086a6b-d6cf-41c7-b0f0-8938d322a030
2019-07-30 15:10:15,382 INFO  pipeline.PipelineStateManager (PipelineStateManager.java:addPipeline(56)) - Created pipeline Pipeline[ Id: 5335e366-25ee-4ec2-8e5e-80220cee4786, Nodes: d6086a6b-d6cf-41c7-b0f0-8938d322a030{ip: 192.168.5.170, host: byscane-nightly-xg47r-921641087, networkLocation: /default-rack, certSerialId: null}, Type:RATIS, Factor:ONE, State:OPEN]
2019-07-30 15:10:15,511 INFO  net.NetworkTopology (NetworkTopologyImpl.java:add(110)) - Added a new node: /default-rack/0ba01337-595b-4105-b408-2b17d3d783a7
2019-07-30 15:10:15,511 INFO  node.SCMNodeManager (SCMNodeManager.java:register(273)) - Registered Data node : 0ba01337-595b-4105-b408-2b17d3d783a7{ip: 192.168.5.170, host: byscane-nightly-xg47r-921641087, networkLocation: /default-rack, certSerialId: null}
2019-07-30 15:10:15,521 INFO  impl.RaftServerProxy (RaftServerProxy.java:addNew(89)) - 0ba01337-595b-4105-b408-2b17d3d783a7: addNew group-99F0B1B35727:[0ba01337-595b-4105-b408-2b17d3d783a7:192.168.5.170:34248] returns group-99F0B1B35727:java.util.concurrent.CompletableFuture@555c8d46[Not completed]
2019-07-30 15:10:15,522 INFO  impl.RaftServerImpl (RaftServerImpl.java:<init>(93)) - 0ba01337-595b-4105-b408-2b17d3d783a7: new RaftServerImpl for group-99F0B1B35727:[0ba01337-595b-4105-b408-2b17d3d783a7:192.168.5.170:34248] with ContainerStateMachine:uninitialized
2019-07-30 15:10:15,522 INFO  server.RaftServerConfigKeys (ConfUtils.java:logGet(43)) - raft.server.rpc.timeout.min = 5s (custom)
2019-07-30 15:10:15,522 INFO  server.RaftServerConfigKeys (ConfUtils.java:logGet(43)) - raft.server.rpc.timeout.max = 5200ms (custom)
2019-07-30 15:10:15,522 INFO  server.RaftServerConfigKeys (ConfUtils.java:logGet(43)) - raft.server.rpcslowness.timeout = 120s (custom)
2019-07-30 15:10:15,522 INFO  server.RaftServerConfigKeys (ConfUtils.java:logGet(43)) - raft.server.sleep.deviation.threshold = 300 (default)
2019-07-30 15:10:15,522 INFO  server.RaftServerConfigKeys (ConfUtils.java:logGet(43)) - raft.server.log.appender.install.snapshot.enabled = false (custom)
2019-07-30 15:10:15,523 INFO  impl.RaftServerImpl (ServerState.java:<init>(105)) - 0ba01337-595b-4105-b408-2b17d3d783a7:group-99F0B1B35727 ConfigurationManager, init=-1: [0ba01337-595b-4105-b408-2b17d3d783a7:192.168.5.170:34248], old=null, confs=<EMPTY_MAP>
2019-07-30 15:10:15,523 INFO  server.RaftServerConfigKeys (ConfUtils.java:logGet(43)) - raft.server.storage.dir = [/workdir/hadoop-ozone/integration-test/target/test-dir/MiniOzoneClusterImpl-ad46064b-6a94-4531-afe2-6a9f3b447690/datanode-5/data/ratis] (custom)
2019-07-30 15:10:15,523 INFO  storage.RaftStorageDirectory (RaftStorageDirectory.java:analyzeStorage(246)) - The storage directory /workdir/hadoop-ozone/integration-test/target/test-dir/MiniOzoneClusterImpl-ad46064b-6a94-4531-afe2-6a9f3b447690/datanode-5/data/ratis/c4f8788a-4101-41dd-8bb9-99f0b1b35727 does not exist. Creating ...
2019-07-30 15:10:15,535 INFO  storage.RaftStorageDirectory (RaftStorageDirectory.java:tryLock(328)) - Lock on /workdir/hadoop-ozone/integration-test/target/test-dir/MiniOzoneClusterImpl-ad46064b-6a94-4531-afe2-6a9f3b447690/datanode-5/data/ratis/c4f8788a-4101-41dd-8bb9-99f0b1b35727/in_use.lock acquired by nodename 32735@byscane-nightly-xg47r-921641087
2019-07-30 15:10:15,547 INFO  storage.RaftStorage (RaftStorage.java:format(72)) - Storage directory /workdir/hadoop-ozone/integration-test/target/test-dir/MiniOzoneClusterImpl-ad46064b-6a94-4531-afe2-6a9f3b447690/datanode-5/data/ratis/c4f8788a-4101-41dd-8bb9-99f0b1b35727 has been successfully formatted.
2019-07-30 15:10:15,548 INFO  ratis.ContainerStateMachine (ContainerStateMachine.java:loadSnapshot(213)) - group-99F0B1B35727: The snapshot info is null. Setting the last applied indexto:(t:0, i:~)
2019-07-30 15:10:15,548 INFO  server.RaftServerConfigKeys (ConfUtils.java:logGet(43)) - raft.server.leader.election.timeout = 120s (custom)
2019-07-30 15:10:15,548 INFO  server.RaftServerConfigKeys (ConfUtils.java:logGet(43)) - raft.server.log.use.memory = false (default)
2019-07-30 15:10:15,548 INFO  server.RaftServerConfigKeys (ConfUtils.java:logGet(43)) - raft.server.log.purge.gap = 1000000000 (custom)
2019-07-30 15:10:15,548 INFO  server.RaftServerConfigKeys (ConfUtils.java:logGet(43)) - raft.server.log.appender.buffer.byte-limit = 33554432 (custom)
2019-07-30 15:10:15,549 INFO  server.RaftServerConfigKeys (ConfUtils.java:logGet(43)) - raft.server.log.segment.size.max = 1048576 (custom)
2019-07-30 15:10:15,549 INFO  server.RaftServerConfigKeys (ConfUtils.java:logGet(43)) - raft.server.log.segment.cache.num.max = 2 (custom)
2019-07-30 15:10:15,549 INFO  segmented.SegmentedRaftLogWorker (SegmentedRaftLogWorker.java:<init>(172)) - new 0ba01337-595b-4105-b408-2b17d3d783a7-SegmentedRaftLogWorker:Storage Directory /workdir/hadoop-ozone/integration-test/target/test-dir/MiniOzoneClusterImpl-ad46064b-6a94-4531-afe2-6a9f3b447690/datanode-5/data/ratis/c4f8788a-4101-41dd-8bb9-99f0b1b35727 for RaftStorage:Storage Directory /workdir/hadoop-ozone/integration-test/target/test-dir/MiniOzoneClusterImpl-ad46064b-6a94-4531-afe2-6a9f3b447690/datanode-5/data/ratis/c4f8788a-4101-41dd-8bb9-99f0b1b35727
2019-07-30 15:10:15,549 INFO  server.RaftServerConfigKeys (ConfUtils.java:logGet(43)) - raft.server.log.queue.byte-limit = 2147483647 (custom)
2019-07-30 15:10:15,549 INFO  server.RaftServerConfigKeys (ConfUtils.java:logGet(43)) - raft.server.log.queue.element-limit = 1024 (custom)
2019-07-30 15:10:15,550 INFO  server.RaftServerConfigKeys (ConfUtils.java:logGet(43)) - raft.server.log.segment.size.max = 1048576 (custom)
2019-07-30 15:10:15,550 INFO  server.RaftServerConfigKeys (ConfUtils.java:logGet(43)) - raft.server.log.preallocated.size = 16384 (custom)
2019-07-30 15:10:15,550 INFO  server.RaftServerConfigKeys (ConfUtils.java:logGet(43)) - raft.server.log.write.buffer.size = 33554432 (custom)
2019-07-30 15:10:15,550 INFO  server.RaftServerConfigKeys (ConfUtils.java:logGet(43)) - raft.server.log.force.sync.num = 128 (default)
2019-07-30 15:10:15,550 INFO  server.RaftServerConfigKeys (ConfUtils.java:logGet(43)) - raft.server.log.statemachine.data.sync = true (default)
2019-07-30 15:10:15,551 INFO  server.RaftServerConfigKeys (ConfUtils.java:logGet(43)) - raft.server.log.statemachine.data.sync.timeout = 10s (default)
2019-07-30 15:10:15,551 INFO  server.RaftServerConfigKeys (ConfUtils.java:logGet(43)) - raft.server.log.statemachine.data.sync.timeout.retry = -1 (default)
2019-07-30 15:10:15,551 INFO  server.RaftServerConfigKeys (ConfUtils.java:logGet(43)) - raft.server.log.statemachine.data.caching.enabled = true (custom)
2019-07-30 15:10:15,551 INFO  segmented.SegmentedRaftLogWorker (SegmentedRaftLogWorker.java:lambda$new$0(132)) - 0ba01337-595b-4105-b408-2b17d3d783a7-SegmentedRaftLogWorker:Storage Directory /workdir/hadoop-ozone/integration-test/target/test-dir/MiniOzoneClusterImpl-ad46064b-6a94-4531-afe2-6a9f3b447690/datanode-5/data/ratis/c4f8788a-4101-41dd-8bb9-99f0b1b35727: flushIndex: setUnconditionally 0 -> -1
2019-07-30 15:10:15,552 INFO  server.RaftServerConfigKeys (ConfUtils.java:logGet(43)) - raft.server.snapshot.auto.trigger.enabled = true (custom)
2019-07-30 15:10:15,552 INFO  server.RaftServerConfigKeys (ConfUtils.java:logGet(43)) - raft.server.snapshot.auto.trigger.threshold = 10000 (custom)
2019-07-30 15:10:15,552 INFO  server.RaftServerConfigKeys (ConfUtils.java:logGet(43)) - raft.server.retrycache.expirytime = 600000ms (custom)
2019-07-30 15:10:15,552 INFO  impl.RaftServerImpl (RaftServerImpl.java:start(180)) - 0ba01337-595b-4105-b408-2b17d3d783a7: start group-99F0B1B35727
2019-07-30 15:10:15,553 INFO  impl.RaftServerImpl (RaftServerImpl.java:setRole(171)) - 0ba01337-595b-4105-b408-2b17d3d783a7:group-99F0B1B35727 changes role from null to FOLLOWER at term 0 for startAsFollower
2019-07-30 15:10:15,553 INFO  impl.RoleInfo (RoleInfo.java:updateAndGet(143)) - 0ba01337-595b-4105-b408-2b17d3d783a7: start FollowerState
2019-07-30 15:10:15,553 INFO  util.JmxRegister (JmxRegister.java:tryRegister(44)) - Successfully registered JMX Bean with object name Ratis:service=RaftServer,group=group-99F0B1B35727,id=0ba01337-595b-4105-b408-2b17d3d783a7
2019-07-30 15:10:15,556 INFO  pipeline.PipelineStateManager (PipelineStateManager.java:addPipeline(56)) - Created pipeline Pipeline[ Id: c4f8788a-4101-41dd-8bb9-99f0b1b35727, Nodes: 0ba01337-595b-4105-b408-2b17d3d783a7{ip: 192.168.5.170, host: byscane-nightly-xg47r-921641087, networkLocation: /default-rack, certSerialId: null}, Type:RATIS, Factor:ONE, State:OPEN]
2019-07-30 15:10:15,570 INFO  impl.RaftServerProxy (RaftServerProxy.java:addNew(89)) - 0ba01337-595b-4105-b408-2b17d3d783a7: addNew group-F034892D73E4:[d6086a6b-d6cf-41c7-b0f0-8938d322a030:192.168.5.170:38414, 0ba01337-595b-4105-b408-2b17d3d783a7:192.168.5.170:34248, e8247901-e06f-451d-8c14-d461922cdde8:192.168.5.170:37056] returns group-F034892D73E4:java.util.concurrent.CompletableFuture@79516990[Not completed]
2019-07-30 15:10:15,573 INFO  impl.RaftServerProxy (RaftServerProxy.java:addNew(89)) - e8247901-e06f-451d-8c14-d461922cdde8: addNew group-F034892D73E4:[d6086a6b-d6cf-41c7-b0f0-8938d322a030:192.168.5.170:38414, 0ba01337-595b-4105-b408-2b17d3d783a7:192.168.5.170:34248, e8247901-e06f-451d-8c14-d461922cdde8:192.168.5.170:37056] returns group-F034892D73E4:java.util.concurrent.CompletableFuture@4856ed41[Not completed]
2019-07-30 15:10:15,576 INFO  impl.RaftServerImpl (RaftServerImpl.java:<init>(93)) - 0ba01337-595b-4105-b408-2b17d3d783a7: new RaftServerImpl for group-F034892D73E4:[d6086a6b-d6cf-41c7-b0f0-8938d322a030:192.168.5.170:38414, 0ba01337-595b-4105-b408-2b17d3d783a7:192.168.5.170:34248, e8247901-e06f-451d-8c14-d461922cdde8:192.168.5.170:37056] with ContainerStateMachine:uninitialized
2019-07-30 15:10:15,576 INFO  server.RaftServerConfigKeys (ConfUtils.java:logGet(43)) - raft.server.rpc.timeout.min = 5s (custom)
2019-07-30 15:10:15,576 INFO  impl.RaftServerProxy (RaftServerProxy.java:addNew(89)) - d6086a6b-d6cf-41c7-b0f0-8938d322a030: addNew group-F034892D73E4:[d6086a6b-d6cf-41c7-b0f0-8938d322a030:192.168.5.170:38414, 0ba01337-595b-4105-b408-2b17d3d783a7:192.168.5.170:34248, e8247901-e06f-451d-8c14-d461922cdde8:192.168.5.170:37056] returns group-F034892D73E4:java.util.concurrent.CompletableFuture@2004b8f7[Not completed]
2019-07-30 15:10:15,576 INFO  server.RaftServerConfigKeys (ConfUtils.java:logGet(43)) - raft.server.rpc.timeout.max = 5200ms (custom)
2019-07-30 15:10:15,576 INFO  impl.RaftServerImpl (RaftServerImpl.java:<init>(93)) - e8247901-e06f-451d-8c14-d461922cdde8: new RaftServerImpl for group-F034892D73E4:[d6086a6b-d6cf-41c7-b0f0-8938d322a030:192.168.5.170:38414, 0ba01337-595b-4105-b408-2b17d3d783a7:192.168.5.170:34248, e8247901-e06f-451d-8c14-d461922cdde8:192.168.5.170:37056] with ContainerStateMachine:uninitialized
2019-07-30 15:10:15,576 INFO  server.RaftServerConfigKeys (ConfUtils.java:logGet(43)) - raft.server.rpcslowness.timeout = 120s (custom)
2019-07-30 15:10:15,576 INFO  server.RaftServerConfigKeys (ConfUtils.java:logGet(43)) - raft.server.rpc.timeout.min = 5s (custom)
2019-07-30 15:10:15,577 INFO  impl.RaftServerImpl (RaftServerImpl.java:<init>(93)) - d6086a6b-d6cf-41c7-b0f0-8938d322a030: new RaftServerImpl for group-F034892D73E4:[d6086a6b-d6cf-41c7-b0f0-8938d322a030:192.168.5.170:38414, 0ba01337-595b-4105-b408-2b17d3d783a7:192.168.5.170:34248, e8247901-e06f-451d-8c14-d461922cdde8:192.168.5.170:37056] with ContainerStateMachine:uninitialized
2019-07-30 15:10:15,576 INFO  server.RaftServerConfigKeys (ConfUtils.java:logGet(43)) - raft.server.sleep.deviation.threshold = 300 (default)
2019-07-30 15:10:15,577 INFO  server.RaftServerConfigKeys (ConfUtils.java:logGet(43)) - raft.server.rpc.timeout.min = 5s (custom)
2019-07-30 15:10:15,577 INFO  server.RaftServerConfigKeys (ConfUtils.java:logGet(43)) - raft.server.rpc.timeout.max = 5200ms (custom)
2019-07-30 15:10:15,577 INFO  server.RaftServerConfigKeys (ConfUtils.java:logGet(43)) - raft.server.rpc.timeout.max = 5200ms (custom)
2019-07-30 15:10:15,577 INFO  server.RaftServerConfigKeys (ConfUtils.java:logGet(43)) - raft.server.rpcslowness.timeout = 120s (custom)
2019-07-30 15:10:15,577 INFO  server.RaftServerConfigKeys (ConfUtils.java:logGet(43)) - raft.server.log.appender.install.snapshot.enabled = false (custom)
2019-07-30 15:10:15,577 INFO  server.RaftServerConfigKeys (ConfUtils.java:logGet(43)) - raft.server.sleep.deviation.threshold = 300 (default)
2019-07-30 15:10:15,577 INFO  server.RaftServerConfigKeys (ConfUtils.java:logGet(43)) - raft.server.rpcslowness.timeout = 120s (custom)
2019-07-30 15:10:15,578 INFO  server.RaftServerConfigKeys (ConfUtils.java:logGet(43)) - raft.server.log.appender.install.snapshot.enabled = false (custom)
2019-07-30 15:10:15,578 INFO  impl.RaftServerImpl (ServerState.java:<init>(105)) - 0ba01337-595b-4105-b408-2b17d3d783a7:group-F034892D73E4 ConfigurationManager, init=-1: [d6086a6b-d6cf-41c7-b0f0-8938d322a030:192.168.5.170:38414, 0ba01337-595b-4105-b408-2b17d3d783a7:192.168.5.170:34248, e8247901-e06f-451d-8c14-d461922cdde8:192.168.5.170:37056], old=null, confs=<EMPTY_MAP>
2019-07-30 15:10:15,578 INFO  impl.RaftServerImpl (ServerState.java:<init>(105)) - d6086a6b-d6cf-41c7-b0f0-8938d322a030:group-F034892D73E4 ConfigurationManager, init=-1: [d6086a6b-d6cf-41c7-b0f0-8938d322a030:192.168.5.170:38414, 0ba01337-595b-4105-b408-2b17d3d783a7:192.168.5.170:34248, e8247901-e06f-451d-8c14-d461922cdde8:192.168.5.170:37056], old=null, confs=<EMPTY_MAP>
2019-07-30 15:10:15,578 INFO  server.RaftServerConfigKeys (ConfUtils.java:logGet(43)) - raft.server.sleep.deviation.threshold = 300 (default)
2019-07-30 15:10:15,578 INFO  server.RaftServerConfigKeys (ConfUtils.java:logGet(43)) - raft.server.storage.dir = [/workdir/hadoop-ozone/integration-test/target/test-dir/MiniOzoneClusterImpl-ad46064b-6a94-4531-afe2-6a9f3b447690/datanode-4/data/ratis] (custom)
2019-07-30 15:10:15,578 INFO  server.RaftServerConfigKeys (ConfUtils.java:logGet(43)) - raft.server.storage.dir = [/workdir/hadoop-ozone/integration-test/target/test-dir/MiniOzoneClusterImpl-ad46064b-6a94-4531-afe2-6a9f3b447690/datanode-5/data/ratis] (custom)
2019-07-30 15:10:15,579 INFO  server.RaftServerConfigKeys (ConfUtils.java:logGet(43)) - raft.server.log.appender.install.snapshot.enabled = false (custom)
2019-07-30 15:10:15,579 INFO  storage.RaftStorageDirectory (RaftStorageDirectory.java:analyzeStorage(246)) - The storage directory /workdir/hadoop-ozone/integration-test/target/test-dir/MiniOzoneClusterImpl-ad46064b-6a94-4531-afe2-6a9f3b447690/datanode-4/data/ratis/43e010cb-dbd6-457d-8cad-f034892d73e4 does not exist. Creating ...
2019-07-30 15:10:15,579 INFO  impl.RaftServerImpl (ServerState.java:<init>(105)) - e8247901-e06f-451d-8c14-d461922cdde8:group-F034892D73E4 ConfigurationManager, init=-1: [d6086a6b-d6cf-41c7-b0f0-8938d322a030:192.168.5.170:38414, 0ba01337-595b-4105-b408-2b17d3d783a7:192.168.5.170:34248, e8247901-e06f-451d-8c14-d461922cdde8:192.168.5.170:37056], old=null, confs=<EMPTY_MAP>
2019-07-30 15:10:15,579 INFO  storage.RaftStorageDirectory (RaftStorageDirectory.java:analyzeStorage(246)) - The storage directory /workdir/hadoop-ozone/integration-test/target/test-dir/MiniOzoneClusterImpl-ad46064b-6a94-4531-afe2-6a9f3b447690/datanode-5/data/ratis/43e010cb-dbd6-457d-8cad-f034892d73e4 does not exist. Creating ...
2019-07-30 15:10:15,579 INFO  server.RaftServerConfigKeys (ConfUtils.java:logGet(43)) - raft.server.storage.dir = [/workdir/hadoop-ozone/integration-test/target/test-dir/MiniOzoneClusterImpl-ad46064b-6a94-4531-afe2-6a9f3b447690/datanode-3/data/ratis] (custom)
2019-07-30 15:10:15,580 INFO  storage.RaftStorageDirectory (RaftStorageDirectory.java:analyzeStorage(246)) - The storage directory /workdir/hadoop-ozone/integration-test/target/test-dir/MiniOzoneClusterImpl-ad46064b-6a94-4531-afe2-6a9f3b447690/datanode-3/data/ratis/43e010cb-dbd6-457d-8cad-f034892d73e4 does not exist. Creating ...
2019-07-30 15:10:15,595 INFO  storage.RaftStorageDirectory (RaftStorageDirectory.java:tryLock(328)) - Lock on /workdir/hadoop-ozone/integration-test/target/test-dir/MiniOzoneClusterImpl-ad46064b-6a94-4531-afe2-6a9f3b447690/datanode-5/data/ratis/43e010cb-dbd6-457d-8cad-f034892d73e4/in_use.lock acquired by nodename 32735@byscane-nightly-xg47r-921641087
2019-07-30 15:10:15,595 INFO  storage.RaftStorageDirectory (RaftStorageDirectory.java:tryLock(328)) - Lock on /workdir/hadoop-ozone/integration-test/target/test-dir/MiniOzoneClusterImpl-ad46064b-6a94-4531-afe2-6a9f3b447690/datanode-4/data/ratis/43e010cb-dbd6-457d-8cad-f034892d73e4/in_use.lock acquired by nodename 32735@byscane-nightly-xg47r-921641087
2019-07-30 15:10:15,595 INFO  storage.RaftStorageDirectory (RaftStorageDirectory.java:tryLock(328)) - Lock on /workdir/hadoop-ozone/integration-test/target/test-dir/MiniOzoneClusterImpl-ad46064b-6a94-4531-afe2-6a9f3b447690/datanode-3/data/ratis/43e010cb-dbd6-457d-8cad-f034892d73e4/in_use.lock acquired by nodename 32735@byscane-nightly-xg47r-921641087
2019-07-30 15:10:15,618 INFO  storage.RaftStorage (RaftStorage.java:format(72)) - Storage directory /workdir/hadoop-ozone/integration-test/target/test-dir/MiniOzoneClusterImpl-ad46064b-6a94-4531-afe2-6a9f3b447690/datanode-4/data/ratis/43e010cb-dbd6-457d-8cad-f034892d73e4 has been successfully formatted.
2019-07-30 15:10:15,618 INFO  storage.RaftStorage (RaftStorage.java:format(72)) - Storage directory /workdir/hadoop-ozone/integration-test/target/test-dir/MiniOzoneClusterImpl-ad46064b-6a94-4531-afe2-6a9f3b447690/datanode-3/data/ratis/43e010cb-dbd6-457d-8cad-f034892d73e4 has been successfully formatted.
2019-07-30 15:10:15,618 INFO  storage.RaftStorage (RaftStorage.java:format(72)) - Storage directory /workdir/hadoop-ozone/integration-test/target/test-dir/MiniOzoneClusterImpl-ad46064b-6a94-4531-afe2-6a9f3b447690/datanode-5/data/ratis/43e010cb-dbd6-457d-8cad-f034892d73e4 has been successfully formatted.
2019-07-30 15:10:15,618 INFO  ratis.ContainerStateMachine (ContainerStateMachine.java:loadSnapshot(213)) - group-F034892D73E4: The snapshot info is null. Setting the last applied indexto:(t:0, i:~)
2019-07-30 15:10:15,618 INFO  ratis.ContainerStateMachine (ContainerStateMachine.java:loadSnapshot(213)) - group-F034892D73E4: The snapshot info is null. Setting the last applied indexto:(t:0, i:~)
2019-07-30 15:10:15,618 INFO  server.RaftServerConfigKeys (ConfUtils.java:logGet(43)) - raft.server.leader.election.timeout = 120s (custom)
2019-07-30 15:10:15,618 INFO  ratis.ContainerStateMachine (ContainerStateMachine.java:loadSnapshot(213)) - group-F034892D73E4: The snapshot info is null. Setting the last applied indexto:(t:0, i:~)
2019-07-30 15:10:15,619 INFO  server.RaftServerConfigKeys (ConfUtils.java:logGet(43)) - raft.server.log.use.memory = false (default)
2019-07-30 15:10:15,618 INFO  server.RaftServerConfigKeys (ConfUtils.java:logGet(43)) - raft.server.leader.election.timeout = 120s (custom)
2019-07-30 15:10:15,619 INFO  server.RaftServerConfigKeys (ConfUtils.java:logGet(43)) - raft.server.log.purge.gap = 1000000000 (custom)
2019-07-30 15:10:15,619 INFO  server.RaftServerConfigKeys (ConfUtils.java:logGet(43)) - raft.server.leader.election.timeout = 120s (custom)
2019-07-30 15:10:15,619 INFO  server.RaftServerConfigKeys (ConfUtils.java:logGet(43)) - raft.server.log.appender.buffer.byte-limit = 33554432 (custom)
2019-07-30 15:10:15,619 INFO  server.RaftServerConfigKeys (ConfUtils.java:logGet(43)) - raft.server.log.use.memory = false (default)
2019-07-30 15:10:15,619 INFO  server.RaftServerConfigKeys (ConfUtils.java:logGet(43)) - raft.server.log.segment.size.max = 1048576 (custom)
2019-07-30 15:10:15,619 INFO  server.RaftServerConfigKeys (ConfUtils.java:logGet(43)) - raft.server.log.use.memory = false (default)
2019-07-30 15:10:15,620 INFO  server.RaftServerConfigKeys (ConfUtils.java:logGet(43)) - raft.server.log.segment.cache.num.max = 2 (custom)
2019-07-30 15:10:15,620 INFO  server.RaftServerConfigKeys (ConfUtils.java:logGet(43)) - raft.server.log.purge.gap = 1000000000 (custom)
2019-07-30 15:10:15,620 INFO  segmented.SegmentedRaftLogWorker (SegmentedRaftLogWorker.java:<init>(172)) - new e8247901-e06f-451d-8c14-d461922cdde8-SegmentedRaftLogWorker:Storage Directory /workdir/hadoop-ozone/integration-test/target/test-dir/MiniOzoneClusterImpl-ad46064b-6a94-4531-afe2-6a9f3b447690/datanode-3/data/ratis/43e010cb-dbd6-457d-8cad-f034892d73e4 for RaftStorage:Storage Directory /workdir/hadoop-ozone/integration-test/target/test-dir/MiniOzoneClusterImpl-ad46064b-6a94-4531-afe2-6a9f3b447690/datanode-3/data/ratis/43e010cb-dbd6-457d-8cad-f034892d73e4
2019-07-30 15:10:15,620 INFO  server.RaftServerConfigKeys (ConfUtils.java:logGet(43)) - raft.server.log.purge.gap = 1000000000 (custom)
2019-07-30 15:10:15,620 INFO  server.RaftServerConfigKeys (ConfUtils.java:logGet(43)) - raft.server.log.queue.byte-limit = 2147483647 (custom)
2019-07-30 15:10:15,620 INFO  server.RaftServerConfigKeys (ConfUtils.java:logGet(43)) - raft.server.log.appender.buffer.byte-limit = 33554432 (custom)
2019-07-30 15:10:15,621 INFO  server.RaftServerConfigKeys (ConfUtils.java:logGet(43)) - raft.server.log.queue.element-limit = 1024 (custom)
2019-07-30 15:10:15,621 INFO  server.RaftServerConfigKeys (ConfUtils.java:logGet(43)) - raft.server.log.appender.buffer.byte-limit = 33554432 (custom)
2019-07-30 15:10:15,621 INFO  server.RaftServerConfigKeys (ConfUtils.java:logGet(43)) - raft.server.log.segment.size.max = 1048576 (custom)
2019-07-30 15:10:15,621 INFO  server.RaftServerConfigKeys (ConfUtils.java:logGet(43)) - raft.server.log.segment.size.max = 1048576 (custom)
2019-07-30 15:10:15,621 INFO  server.RaftServerConfigKeys (ConfUtils.java:logGet(43)) - raft.server.log.preallocated.size = 16384 (custom)
2019-07-30 15:10:15,621 INFO  server.RaftServerConfigKeys (ConfUtils.java:logGet(43)) - raft.server.log.segment.size.max = 1048576 (custom)
2019-07-30 15:10:15,622 INFO  server.RaftServerConfigKeys (ConfUtils.java:logGet(43)) - raft.server.log.write.buffer.size = 33554432 (custom)
2019-07-30 15:10:15,622 INFO  server.RaftServerConfigKeys (ConfUtils.java:logGet(43)) - raft.server.log.segment.cache.num.max = 2 (custom)
2019-07-30 15:10:15,622 INFO  server.RaftServerConfigKeys (ConfUtils.java:logGet(43)) - raft.server.log.force.sync.num = 128 (default)
2019-07-30 15:10:15,622 INFO  server.RaftServerConfigKeys (ConfUtils.java:logGet(43)) - raft.server.log.segment.cache.num.max = 2 (custom)
2019-07-30 15:10:15,622 INFO  server.RaftServerConfigKeys (ConfUtils.java:logGet(43)) - raft.server.log.statemachine.data.sync = true (default)
2019-07-30 15:10:15,622 INFO  segmented.SegmentedRaftLogWorker (SegmentedRaftLogWorker.java:<init>(172)) - new d6086a6b-d6cf-41c7-b0f0-8938d322a030-SegmentedRaftLogWorker:Storage Directory /workdir/hadoop-ozone/integration-test/target/test-dir/MiniOzoneClusterImpl-ad46064b-6a94-4531-afe2-6a9f3b447690/datanode-4/data/ratis/43e010cb-dbd6-457d-8cad-f034892d73e4 for RaftStorage:Storage Directory /workdir/hadoop-ozone/integration-test/target/test-dir/MiniOzoneClusterImpl-ad46064b-6a94-4531-afe2-6a9f3b447690/datanode-4/data/ratis/43e010cb-dbd6-457d-8cad-f034892d73e4
2019-07-30 15:10:15,623 INFO  server.RaftServerConfigKeys (ConfUtils.java:logGet(43)) - raft.server.log.statemachine.data.sync.timeout = 10s (default)
2019-07-30 15:10:15,622 INFO  segmented.SegmentedRaftLogWorker (SegmentedRaftLogWorker.java:<init>(172)) - new 0ba01337-595b-4105-b408-2b17d3d783a7-SegmentedRaftLogWorker:Storage Directory /workdir/hadoop-ozone/integration-test/target/test-dir/MiniOzoneClusterImpl-ad46064b-6a94-4531-afe2-6a9f3b447690/datanode-5/data/ratis/43e010cb-dbd6-457d-8cad-f034892d73e4 for RaftStorage:Storage Directory /workdir/hadoop-ozone/integration-test/target/test-dir/MiniOzoneClusterImpl-ad46064b-6a94-4531-afe2-6a9f3b447690/datanode-5/data/ratis/43e010cb-dbd6-457d-8cad-f034892d73e4
2019-07-30 15:10:15,623 INFO  server.RaftServerConfigKeys (ConfUtils.java:logGet(43)) - raft.server.log.statemachine.data.sync.timeout.retry = -1 (default)
2019-07-30 15:10:15,623 INFO  server.RaftServerConfigKeys (ConfUtils.java:logGet(43)) - raft.server.log.queue.byte-limit = 2147483647 (custom)
2019-07-30 15:10:15,623 INFO  server.RaftServerConfigKeys (ConfUtils.java:logGet(43)) - raft.server.log.statemachine.data.caching.enabled = true (custom)
2019-07-30 15:10:15,623 INFO  server.RaftServerConfigKeys (ConfUtils.java:logGet(43)) - raft.server.log.queue.byte-limit = 2147483647 (custom)
2019-07-30 15:10:15,624 INFO  segmented.SegmentedRaftLogWorker (SegmentedRaftLogWorker.java:lambda$new$0(132)) - e8247901-e06f-451d-8c14-d461922cdde8-SegmentedRaftLogWorker:Storage Directory /workdir/hadoop-ozone/integration-test/target/test-dir/MiniOzoneClusterImpl-ad46064b-6a94-4531-afe2-6a9f3b447690/datanode-3/data/ratis/43e010cb-dbd6-457d-8cad-f034892d73e4: flushIndex: setUnconditionally 0 -> -1
2019-07-30 15:10:15,623 INFO  server.RaftServerConfigKeys (ConfUtils.java:logGet(43)) - raft.server.log.queue.element-limit = 1024 (custom)
2019-07-30 15:10:15,624 INFO  server.RaftServerConfigKeys (ConfUtils.java:logGet(43)) - raft.server.log.queue.element-limit = 1024 (custom)
2019-07-30 15:10:15,624 INFO  server.RaftServerConfigKeys (ConfUtils.java:logGet(43)) - raft.server.snapshot.auto.trigger.enabled = true (custom)
2019-07-30 15:10:15,624 INFO  server.RaftServerConfigKeys (ConfUtils.java:logGet(43)) - raft.server.log.segment.size.max = 1048576 (custom)
2019-07-30 15:10:15,624 INFO  server.RaftServerConfigKeys (ConfUtils.java:logGet(43)) - raft.server.snapshot.auto.trigger.threshold = 10000 (custom)
2019-07-30 15:10:15,624 INFO  server.RaftServerConfigKeys (ConfUtils.java:logGet(43)) - raft.server.log.segment.size.max = 1048576 (custom)
2019-07-30 15:10:15,625 INFO  server.RaftServerConfigKeys (ConfUtils.java:logGet(43)) - raft.server.retrycache.expirytime = 600000ms (custom)
2019-07-30 15:10:15,625 INFO  server.RaftServerConfigKeys (ConfUtils.java:logGet(43)) - raft.server.log.preallocated.size = 16384 (custom)
2019-07-30 15:10:15,625 INFO  impl.RaftServerImpl (RaftServerImpl.java:start(180)) - e8247901-e06f-451d-8c14-d461922cdde8: start group-F034892D73E4
2019-07-30 15:10:15,625 INFO  server.RaftServerConfigKeys (ConfUtils.java:logGet(43)) - raft.server.log.preallocated.size = 16384 (custom)
2019-07-30 15:10:15,625 INFO  impl.RaftServerImpl (RaftServerImpl.java:setRole(171)) - e8247901-e06f-451d-8c14-d461922cdde8:group-F034892D73E4 changes role from null to FOLLOWER at term 0 for startAsFollower
2019-07-30 15:10:15,625 INFO  server.RaftServerConfigKeys (ConfUtils.java:logGet(43)) - raft.server.log.write.buffer.size = 33554432 (custom)
2019-07-30 15:10:15,626 INFO  impl.RoleInfo (RoleInfo.java:updateAndGet(143)) - e8247901-e06f-451d-8c14-d461922cdde8: start FollowerState
2019-07-30 15:10:15,626 INFO  server.RaftServerConfigKeys (ConfUtils.java:logGet(43)) - raft.server.log.write.buffer.size = 33554432 (custom)
2019-07-30 15:10:15,626 INFO  server.RaftServerConfigKeys (ConfUtils.java:logGet(43)) - raft.server.log.force.sync.num = 128 (default)
2019-07-30 15:10:15,626 INFO  util.JmxRegister (JmxRegister.java:tryRegister(44)) - Successfully registered JMX Bean with object name Ratis:service=RaftServer,group=group-F034892D73E4,id=e8247901-e06f-451d-8c14-d461922cdde8
2019-07-30 15:10:15,626 INFO  server.RaftServerConfigKeys (ConfUtils.java:logGet(43)) - raft.server.log.force.sync.num = 128 (default)
2019-07-30 15:10:15,626 INFO  server.RaftServerConfigKeys (ConfUtils.java:logGet(43)) - raft.server.log.statemachine.data.sync = true (default)
2019-07-30 15:10:15,627 INFO  server.RaftServerConfigKeys (ConfUtils.java:logGet(43)) - raft.server.log.statemachine.data.sync = true (default)
2019-07-30 15:10:15,627 INFO  server.RaftServerConfigKeys (ConfUtils.java:logGet(43)) - raft.server.log.statemachine.data.sync.timeout = 10s (default)
2019-07-30 15:10:15,627 INFO  server.RaftServerConfigKeys (ConfUtils.java:logGet(43)) - raft.server.log.statemachine.data.sync.timeout = 10s (default)
2019-07-30 15:10:15,627 INFO  server.RaftServerConfigKeys (ConfUtils.java:logGet(43)) - raft.server.log.statemachine.data.sync.timeout.retry = -1 (default)
2019-07-30 15:10:15,627 INFO  server.RaftServerConfigKeys (ConfUtils.java:logGet(43)) - raft.server.log.statemachine.data.sync.timeout.retry = -1 (default)
2019-07-30 15:10:15,628 INFO  server.RaftServerConfigKeys (ConfUtils.java:logGet(43)) - raft.server.log.statemachine.data.caching.enabled = true (custom)
2019-07-30 15:10:15,628 INFO  server.RaftServerConfigKeys (ConfUtils.java:logGet(43)) - raft.server.log.statemachine.data.caching.enabled = true (custom)
2019-07-30 15:10:15,628 INFO  segmented.SegmentedRaftLogWorker (SegmentedRaftLogWorker.java:lambda$new$0(132)) - d6086a6b-d6cf-41c7-b0f0-8938d322a030-SegmentedRaftLogWorker:Storage Directory /workdir/hadoop-ozone/integration-test/target/test-dir/MiniOzoneClusterImpl-ad46064b-6a94-4531-afe2-6a9f3b447690/datanode-4/data/ratis/43e010cb-dbd6-457d-8cad-f034892d73e4: flushIndex: setUnconditionally 0 -> -1
2019-07-30 15:10:15,628 INFO  segmented.SegmentedRaftLogWorker (SegmentedRaftLogWorker.java:lambda$new$0(132)) - 0ba01337-595b-4105-b408-2b17d3d783a7-SegmentedRaftLogWorker:Storage Directory /workdir/hadoop-ozone/integration-test/target/test-dir/MiniOzoneClusterImpl-ad46064b-6a94-4531-afe2-6a9f3b447690/datanode-5/data/ratis/43e010cb-dbd6-457d-8cad-f034892d73e4: flushIndex: setUnconditionally 0 -> -1
2019-07-30 15:10:15,628 INFO  server.RaftServerConfigKeys (ConfUtils.java:logGet(43)) - raft.server.snapshot.auto.trigger.enabled = true (custom)
2019-07-30 15:10:15,628 INFO  server.RaftServerConfigKeys (ConfUtils.java:logGet(43)) - raft.server.snapshot.auto.trigger.enabled = true (custom)
2019-07-30 15:10:15,629 INFO  server.RaftServerConfigKeys (ConfUtils.java:logGet(43)) - raft.server.snapshot.auto.trigger.threshold = 10000 (custom)
2019-07-30 15:10:15,629 INFO  server.RaftServerConfigKeys (ConfUtils.java:logGet(43)) - raft.server.snapshot.auto.trigger.threshold = 10000 (custom)
2019-07-30 15:10:15,629 INFO  server.RaftServerConfigKeys (ConfUtils.java:logGet(43)) - raft.server.retrycache.expirytime = 600000ms (custom)
2019-07-30 15:10:15,629 INFO  server.RaftServerConfigKeys (ConfUtils.java:logGet(43)) - raft.server.retrycache.expirytime = 600000ms (custom)
2019-07-30 15:10:15,629 INFO  impl.RaftServerImpl (RaftServerImpl.java:start(180)) - d6086a6b-d6cf-41c7-b0f0-8938d322a030: start group-F034892D73E4
2019-07-30 15:10:15,629 INFO  impl.RaftServerImpl (RaftServerImpl.java:start(180)) - 0ba01337-595b-4105-b408-2b17d3d783a7: start group-F034892D73E4
2019-07-30 15:10:15,629 INFO  impl.RaftServerImpl (RaftServerImpl.java:setRole(171)) - d6086a6b-d6cf-41c7-b0f0-8938d322a030:group-F034892D73E4 changes role from null to FOLLOWER at term 0 for startAsFollower
2019-07-30 15:10:15,629 INFO  impl.RaftServerImpl (RaftServerImpl.java:setRole(171)) - 0ba01337-595b-4105-b408-2b17d3d783a7:group-F034892D73E4 changes role from null to FOLLOWER at term 0 for startAsFollower
2019-07-30 15:10:15,630 INFO  impl.RoleInfo (RoleInfo.java:updateAndGet(143)) - d6086a6b-d6cf-41c7-b0f0-8938d322a030: start FollowerState
2019-07-30 15:10:15,630 INFO  impl.RoleInfo (RoleInfo.java:updateAndGet(143)) - 0ba01337-595b-4105-b408-2b17d3d783a7: start FollowerState
2019-07-30 15:10:15,630 INFO  util.JmxRegister (JmxRegister.java:tryRegister(44)) - Successfully registered JMX Bean with object name Ratis:service=RaftServer,group=group-F034892D73E4,id=d6086a6b-d6cf-41c7-b0f0-8938d322a030
2019-07-30 15:10:15,630 INFO  util.JmxRegister (JmxRegister.java:tryRegister(44)) - Successfully registered JMX Bean with object name Ratis:service=RaftServer,group=group-F034892D73E4,id=0ba01337-595b-4105-b408-2b17d3d783a7
2019-07-30 15:10:15,633 INFO  pipeline.PipelineStateManager (PipelineStateManager.java:addPipeline(56)) - Created pipeline Pipeline[ Id: 43e010cb-dbd6-457d-8cad-f034892d73e4, Nodes: d6086a6b-d6cf-41c7-b0f0-8938d322a030{ip: 192.168.5.170, host: byscane-nightly-xg47r-921641087, networkLocation: /default-rack, certSerialId: null}e8247901-e06f-451d-8c14-d461922cdde8{ip: 192.168.5.170, host: byscane-nightly-xg47r-921641087, networkLocation: /default-rack, certSerialId: null}0ba01337-595b-4105-b408-2b17d3d783a7{ip: 192.168.5.170, host: byscane-nightly-xg47r-921641087, networkLocation: /default-rack, certSerialId: null}, Type:RATIS, Factor:THREE, State:OPEN]
2019-07-30 15:10:15,677 INFO  net.NetworkTopology (NetworkTopologyImpl.java:add(110)) - Added a new node: /default-rack/0c197b38-9285-4782-8f27-f50830aee78d
2019-07-30 15:10:15,678 INFO  node.SCMNodeManager (SCMNodeManager.java:register(273)) - Registered Data node : 0c197b38-9285-4782-8f27-f50830aee78d{ip: 192.168.5.170, host: byscane-nightly-xg47r-921641087, networkLocation: /default-rack, certSerialId: null}
2019-07-30 15:10:15,678 INFO  ozone.MiniOzoneClusterImpl (MiniOzoneClusterImpl.java:lambda$waitForClusterToBeReady$0(142)) - Cluster is ready. Got 7 of 7 DN Heartbeats.
2019-07-30 15:10:15,692 INFO  impl.RaftServerProxy (RaftServerProxy.java:addNew(89)) - 0c197b38-9285-4782-8f27-f50830aee78d: addNew group-5EF493BB936F:[0c197b38-9285-4782-8f27-f50830aee78d:192.168.5.170:40895] returns group-5EF493BB936F:java.util.concurrent.CompletableFuture@1f32c220[Not completed]
2019-07-30 15:10:15,704 INFO  impl.RaftServerImpl (RaftServerImpl.java:<init>(93)) - 0c197b38-9285-4782-8f27-f50830aee78d: new RaftServerImpl for group-5EF493BB936F:[0c197b38-9285-4782-8f27-f50830aee78d:192.168.5.170:40895] with ContainerStateMachine:uninitialized
2019-07-30 15:10:15,721 INFO  server.RaftServerConfigKeys (ConfUtils.java:logGet(43)) - raft.server.rpc.timeout.min = 5s (custom)
2019-07-30 15:10:15,721 INFO  server.RaftServerConfigKeys (ConfUtils.java:logGet(43)) - raft.server.rpc.timeout.max = 5200ms (custom)
2019-07-30 15:10:15,722 INFO  server.RaftServerConfigKeys (ConfUtils.java:logGet(43)) - raft.server.rpcslowness.timeout = 120s (custom)
2019-07-30 15:10:15,722 INFO  server.RaftServerConfigKeys (ConfUtils.java:logGet(43)) - raft.server.sleep.deviation.threshold = 300 (default)
2019-07-30 15:10:15,722 INFO  server.RaftServerConfigKeys (ConfUtils.java:logGet(43)) - raft.server.log.appender.install.snapshot.enabled = false (custom)
2019-07-30 15:10:15,722 INFO  impl.RaftServerImpl (ServerState.java:<init>(105)) - 0c197b38-9285-4782-8f27-f50830aee78d:group-5EF493BB936F ConfigurationManager, init=-1: [0c197b38-9285-4782-8f27-f50830aee78d:192.168.5.170:40895], old=null, confs=<EMPTY_MAP>
2019-07-30 15:10:15,722 INFO  server.RaftServerConfigKeys (ConfUtils.java:logGet(43)) - raft.server.storage.dir = [/workdir/hadoop-ozone/integration-test/target/test-dir/MiniOzoneClusterImpl-ad46064b-6a94-4531-afe2-6a9f3b447690/datanode-6/data/ratis] (custom)
2019-07-30 15:10:15,723 INFO  storage.RaftStorageDirectory (RaftStorageDirectory.java:analyzeStorage(246)) - The storage directory /workdir/hadoop-ozone/integration-test/target/test-dir/MiniOzoneClusterImpl-ad46064b-6a94-4531-afe2-6a9f3b447690/datanode-6/data/ratis/933adffc-9f93-430e-98ff-5ef493bb936f does not exist. Creating ...
2019-07-30 15:10:15,724 INFO  rpc.RpcClient (RpcClient.java:createVolume(288)) - Creating Volume: testblockoutputstream, with jenkins1000 as owner.
2019-07-30 15:10:15,736 INFO  storage.RaftStorageDirectory (RaftStorageDirectory.java:tryLock(328)) - Lock on /workdir/hadoop-ozone/integration-test/target/test-dir/MiniOzoneClusterImpl-ad46064b-6a94-4531-afe2-6a9f3b447690/datanode-6/data/ratis/933adffc-9f93-430e-98ff-5ef493bb936f/in_use.lock acquired by nodename 32735@byscane-nightly-xg47r-921641087
2019-07-30 15:10:15,739 INFO  rpc.RpcClient (RpcClient.java:createBucket(425)) - Creating Bucket: testblockoutputstream/testblockoutputstream, with Versioning false and Storage Type set to DISK and Encryption set to false 
2019-07-30 15:10:15,750 INFO  storage.RaftStorage (RaftStorage.java:format(72)) - Storage directory /workdir/hadoop-ozone/integration-test/target/test-dir/MiniOzoneClusterImpl-ad46064b-6a94-4531-afe2-6a9f3b447690/datanode-6/data/ratis/933adffc-9f93-430e-98ff-5ef493bb936f has been successfully formatted.
2019-07-30 15:10:15,750 INFO  ratis.ContainerStateMachine (ContainerStateMachine.java:loadSnapshot(213)) - group-5EF493BB936F: The snapshot info is null. Setting the last applied indexto:(t:0, i:~)
2019-07-30 15:10:15,750 INFO  server.RaftServerConfigKeys (ConfUtils.java:logGet(43)) - raft.server.leader.election.timeout = 120s (custom)
2019-07-30 15:10:15,750 INFO  server.RaftServerConfigKeys (ConfUtils.java:logGet(43)) - raft.server.log.use.memory = false (default)
2019-07-30 15:10:15,750 INFO  server.RaftServerConfigKeys (ConfUtils.java:logGet(43)) - raft.server.log.purge.gap = 1000000000 (custom)
2019-07-30 15:10:15,751 INFO  server.RaftServerConfigKeys (ConfUtils.java:logGet(43)) - raft.server.log.appender.buffer.byte-limit = 33554432 (custom)
2019-07-30 15:10:15,751 INFO  server.RaftServerConfigKeys (ConfUtils.java:logGet(43)) - raft.server.log.segment.size.max = 1048576 (custom)
2019-07-30 15:10:15,751 INFO  server.RaftServerConfigKeys (ConfUtils.java:logGet(43)) - raft.server.log.segment.cache.num.max = 2 (custom)
2019-07-30 15:10:15,753 INFO  segmented.SegmentedRaftLogWorker (SegmentedRaftLogWorker.java:<init>(172)) - new 0c197b38-9285-4782-8f27-f50830aee78d-SegmentedRaftLogWorker:Storage Directory /workdir/hadoop-ozone/integration-test/target/test-dir/MiniOzoneClusterImpl-ad46064b-6a94-4531-afe2-6a9f3b447690/datanode-6/data/ratis/933adffc-9f93-430e-98ff-5ef493bb936f for RaftStorage:Storage Directory /workdir/hadoop-ozone/integration-test/target/test-dir/MiniOzoneClusterImpl-ad46064b-6a94-4531-afe2-6a9f3b447690/datanode-6/data/ratis/933adffc-9f93-430e-98ff-5ef493bb936f
2019-07-30 15:10:15,753 INFO  server.RaftServerConfigKeys (ConfUtils.java:logGet(43)) - raft.server.log.queue.byte-limit = 2147483647 (custom)
2019-07-30 15:10:15,753 INFO  server.RaftServerConfigKeys (ConfUtils.java:logGet(43)) - raft.server.log.queue.element-limit = 1024 (custom)
2019-07-30 15:10:15,753 INFO  server.RaftServerConfigKeys (ConfUtils.java:logGet(43)) - raft.server.log.segment.size.max = 1048576 (custom)
2019-07-30 15:10:15,754 INFO  server.RaftServerConfigKeys (ConfUtils.java:logGet(43)) - raft.server.log.preallocated.size = 16384 (custom)
2019-07-30 15:10:15,754 INFO  server.RaftServerConfigKeys (ConfUtils.java:logGet(43)) - raft.server.log.write.buffer.size = 33554432 (custom)
2019-07-30 15:10:15,754 INFO  server.RaftServerConfigKeys (ConfUtils.java:logGet(43)) - raft.server.log.force.sync.num = 128 (default)
2019-07-30 15:10:15,754 INFO  server.RaftServerConfigKeys (ConfUtils.java:logGet(43)) - raft.server.log.statemachine.data.sync = true (default)
2019-07-30 15:10:15,754 INFO  server.RaftServerConfigKeys (ConfUtils.java:logGet(43)) - raft.server.log.statemachine.data.sync.timeout = 10s (default)
2019-07-30 15:10:15,754 INFO  server.RaftServerConfigKeys (ConfUtils.java:logGet(43)) - raft.server.log.statemachine.data.sync.timeout.retry = -1 (default)
2019-07-30 15:10:15,754 INFO  server.RaftServerConfigKeys (ConfUtils.java:logGet(43)) - raft.server.log.statemachine.data.caching.enabled = true (custom)
2019-07-30 15:10:15,755 INFO  segmented.SegmentedRaftLogWorker (SegmentedRaftLogWorker.java:lambda$new$0(132)) - 0c197b38-9285-4782-8f27-f50830aee78d-SegmentedRaftLogWorker:Storage Directory /workdir/hadoop-ozone/integration-test/target/test-dir/MiniOzoneClusterImpl-ad46064b-6a94-4531-afe2-6a9f3b447690/datanode-6/data/ratis/933adffc-9f93-430e-98ff-5ef493bb936f: flushIndex: setUnconditionally 0 -> -1
2019-07-30 15:10:15,755 INFO  server.RaftServerConfigKeys (ConfUtils.java:logGet(43)) - raft.server.snapshot.auto.trigger.enabled = true (custom)
2019-07-30 15:10:15,755 INFO  server.RaftServerConfigKeys (ConfUtils.java:logGet(43)) - raft.server.snapshot.auto.trigger.threshold = 10000 (custom)
2019-07-30 15:10:15,755 INFO  server.RaftServerConfigKeys (ConfUtils.java:logGet(43)) - raft.server.retrycache.expirytime = 600000ms (custom)
2019-07-30 15:10:15,756 INFO  impl.RaftServerImpl (RaftServerImpl.java:start(180)) - 0c197b38-9285-4782-8f27-f50830aee78d: start group-5EF493BB936F
2019-07-30 15:10:15,756 INFO  impl.RaftServerImpl (RaftServerImpl.java:setRole(171)) - 0c197b38-9285-4782-8f27-f50830aee78d:group-5EF493BB936F changes role from null to FOLLOWER at term 0 for startAsFollower
2019-07-30 15:10:15,756 INFO  impl.RoleInfo (RoleInfo.java:updateAndGet(143)) - 0c197b38-9285-4782-8f27-f50830aee78d: start FollowerState
2019-07-30 15:10:15,756 INFO  util.JmxRegister (JmxRegister.java:tryRegister(44)) - Successfully registered JMX Bean with object name Ratis:service=RaftServer,group=group-5EF493BB936F,id=0c197b38-9285-4782-8f27-f50830aee78d
2019-07-30 15:10:15,759 INFO  pipeline.PipelineStateManager (PipelineStateManager.java:addPipeline(56)) - Created pipeline Pipeline[ Id: 933adffc-9f93-430e-98ff-5ef493bb936f, Nodes: 0c197b38-9285-4782-8f27-f50830aee78d{ip: 192.168.5.170, host: byscane-nightly-xg47r-921641087, networkLocation: /default-rack, certSerialId: null}, Type:RATIS, Factor:ONE, State:OPEN]
2019-07-30 15:10:15,781 INFO  client.GrpcClientProtocolClient (GrpcClientProtocolClient.java:onNext(255)) - client-5B44F51A1439->d6086a6b-d6cf-41c7-b0f0-8938d322a030: receive RaftClientReply:client-5B44F51A1439->d6086a6b-d6cf-41c7-b0f0-8938d322a030@group-F034892D73E4, cid=183, FAILED org.apache.ratis.protocol.NotLeaderException: Server d6086a6b-d6cf-41c7-b0f0-8938d322a030 is not the leader (null). Request must be sent to leader., logIndex=0, commits[d6086a6b-d6cf-41c7-b0f0-8938d322a030:c-1]
2019-07-30 15:10:16,800 INFO  client.GrpcClientProtocolClient (GrpcClientProtocolClient.java:onNext(255)) - client-5B44F51A1439->0ba01337-595b-4105-b408-2b17d3d783a7: receive RaftClientReply:client-5B44F51A1439->0ba01337-595b-4105-b408-2b17d3d783a7@group-F034892D73E4, cid=183, FAILED org.apache.ratis.protocol.NotLeaderException: Server 0ba01337-595b-4105-b408-2b17d3d783a7 is not the leader (null). Request must be sent to leader., logIndex=0, commits[0ba01337-595b-4105-b408-2b17d3d783a7:c-1]
2019-07-30 15:10:17,561 INFO  container.ReplicationManager (ReplicationManager.java:start(155)) - Starting Replication Monitor Thread.
2019-07-30 15:10:17,571 INFO  container.ReplicationManager (ReplicationManager.java:run(207)) - Replication Monitor Thread took 0 milliseconds for processing 1 containers.
2019-07-30 15:10:17,814 INFO  client.GrpcClientProtocolClient (GrpcClientProtocolClient.java:onNext(255)) - client-5B44F51A1439->d6086a6b-d6cf-41c7-b0f0-8938d322a030: receive RaftClientReply:client-5B44F51A1439->d6086a6b-d6cf-41c7-b0f0-8938d322a030@group-F034892D73E4, cid=183, FAILED org.apache.ratis.protocol.NotLeaderException: Server d6086a6b-d6cf-41c7-b0f0-8938d322a030 is not the leader (null). Request must be sent to leader., logIndex=0, commits[d6086a6b-d6cf-41c7-b0f0-8938d322a030:c-1]
2019-07-30 15:10:18,827 INFO  client.GrpcClientProtocolClient (GrpcClientProtocolClient.java:onNext(255)) - client-5B44F51A1439->e8247901-e06f-451d-8c14-d461922cdde8: receive RaftClientReply:client-5B44F51A1439->e8247901-e06f-451d-8c14-d461922cdde8@group-F034892D73E4, cid=183, FAILED org.apache.ratis.protocol.NotLeaderException: Server e8247901-e06f-451d-8c14-d461922cdde8 is not the leader (null). Request must be sent to leader., logIndex=0, commits[e8247901-e06f-451d-8c14-d461922cdde8:c-1]
2019-07-30 15:10:19,697 INFO  impl.FollowerState (FollowerState.java:run(106)) - f299e6bf-7fb7-4e37-88ad-0be7bc4b776d:group-86C3ABE105DE changes to CANDIDATE, lastRpcTime:5067, electionTimeout:5067ms
2019-07-30 15:10:19,697 INFO  impl.RoleInfo (RoleInfo.java:shutdownFollowerState(121)) - f299e6bf-7fb7-4e37-88ad-0be7bc4b776d: shutdown FollowerState
2019-07-30 15:10:19,697 INFO  impl.RaftServerImpl (RaftServerImpl.java:setRole(171)) - f299e6bf-7fb7-4e37-88ad-0be7bc4b776d:group-86C3ABE105DE changes role from FOLLOWER to CANDIDATE at term 0 for changeToCandidate
2019-07-30 15:10:19,698 INFO  impl.RoleInfo (RoleInfo.java:updateAndGet(143)) - f299e6bf-7fb7-4e37-88ad-0be7bc4b776d: start LeaderElection
2019-07-30 15:10:19,744 INFO  impl.LeaderElection (LeaderElection.java:askForVotes(181)) - f299e6bf-7fb7-4e37-88ad-0be7bc4b776d:group-86C3ABE105DE:LeaderElection60: begin an election at term 1 for -1: [f299e6bf-7fb7-4e37-88ad-0be7bc4b776d:192.168.5.170:34856], old=null
2019-07-30 15:10:19,745 INFO  impl.RoleInfo (RoleInfo.java:shutdownLeaderElection(134)) - f299e6bf-7fb7-4e37-88ad-0be7bc4b776d: shutdown LeaderElection
2019-07-30 15:10:19,745 INFO  impl.RaftServerImpl (RaftServerImpl.java:setRole(171)) - f299e6bf-7fb7-4e37-88ad-0be7bc4b776d:group-86C3ABE105DE changes role from CANDIDATE to LEADER at term 1 for changeToLeader
2019-07-30 15:10:19,745 INFO  impl.RaftServerImpl (ServerState.java:setLeader(263)) - f299e6bf-7fb7-4e37-88ad-0be7bc4b776d:group-86C3ABE105DE change Leader from null to f299e6bf-7fb7-4e37-88ad-0be7bc4b776d at term 1 for becomeLeader, leader elected after 5119ms
2019-07-30 15:10:19,745 INFO  server.RaftServerConfigKeys (ConfUtils.java:logGet(43)) - raft.server.staging.catchup.gap = 1000 (default)
2019-07-30 15:10:19,745 INFO  server.RaftServerConfigKeys (ConfUtils.java:logGet(43)) - raft.server.rpc.sleep.time = 25ms (default)
2019-07-30 15:10:19,746 INFO  server.RaftServerConfigKeys (ConfUtils.java:logGet(43)) - raft.server.write.element-limit = 4096 (default)
2019-07-30 15:10:19,746 INFO  server.RaftServerConfigKeys (ConfUtils.java:logGet(43)) - raft.server.watch.timeout = 10s (default)
2019-07-30 15:10:19,746 INFO  server.RaftServerConfigKeys (ConfUtils.java:logGet(43)) - raft.server.watch.timeout.denomination = 1s (default)
2019-07-30 15:10:19,746 INFO  server.RaftServerConfigKeys (ConfUtils.java:logGet(43)) - raft.server.watch.element-limit = 65536 (default)
2019-07-30 15:10:19,746 INFO  impl.RoleInfo (RoleInfo.java:updateAndGet(143)) - f299e6bf-7fb7-4e37-88ad-0be7bc4b776d: start LeaderState
2019-07-30 15:10:19,747 INFO  segmented.SegmentedRaftLogWorker (SegmentedRaftLogWorker.java:startLogSegment(380)) - f299e6bf-7fb7-4e37-88ad-0be7bc4b776d-SegmentedRaftLogWorker:Storage Directory /workdir/hadoop-ozone/integration-test/target/test-dir/MiniOzoneClusterImpl-ad46064b-6a94-4531-afe2-6a9f3b447690/datanode-0/data/ratis/ea892ec5-e223-4786-8de8-86c3abe105de: Starting segment from index:0
2019-07-30 15:10:19,748 INFO  impl.RaftServerImpl (ServerState.java:setRaftConf(361)) - f299e6bf-7fb7-4e37-88ad-0be7bc4b776d:group-86C3ABE105DE set configuration 0: [f299e6bf-7fb7-4e37-88ad-0be7bc4b776d:192.168.5.170:34856], old=null at 0
2019-07-30 15:10:19,780 INFO  segmented.SegmentedRaftLogWorker (SegmentedRaftLogWorker.java:execute(569)) - f299e6bf-7fb7-4e37-88ad-0be7bc4b776d-SegmentedRaftLogWorker:Storage Directory /workdir/hadoop-ozone/integration-test/target/test-dir/MiniOzoneClusterImpl-ad46064b-6a94-4531-afe2-6a9f3b447690/datanode-0/data/ratis/ea892ec5-e223-4786-8de8-86c3abe105de: created new log segment /workdir/hadoop-ozone/integration-test/target/test-dir/MiniOzoneClusterImpl-ad46064b-6a94-4531-afe2-6a9f3b447690/datanode-0/data/ratis/ea892ec5-e223-4786-8de8-86c3abe105de/current/log_inprogress_0
2019-07-30 15:10:19,802 INFO  impl.FollowerState (FollowerState.java:run(106)) - 0095d080-e03a-4362-b098-b6a3a0c0b1d1:group-1E0916AFB0E5 changes to CANDIDATE, lastRpcTime:5036, electionTimeout:5036ms
2019-07-30 15:10:19,802 INFO  impl.RoleInfo (RoleInfo.java:shutdownFollowerState(121)) - 0095d080-e03a-4362-b098-b6a3a0c0b1d1: shutdown FollowerState
2019-07-30 15:10:19,802 INFO  impl.RaftServerImpl (RaftServerImpl.java:setRole(171)) - 0095d080-e03a-4362-b098-b6a3a0c0b1d1:group-1E0916AFB0E5 changes role from FOLLOWER to CANDIDATE at term 0 for changeToCandidate
2019-07-30 15:10:19,803 INFO  impl.RoleInfo (RoleInfo.java:updateAndGet(143)) - 0095d080-e03a-4362-b098-b6a3a0c0b1d1: start LeaderElection
2019-07-30 15:10:19,813 INFO  impl.LeaderElection (LeaderElection.java:askForVotes(181)) - 0095d080-e03a-4362-b098-b6a3a0c0b1d1:group-1E0916AFB0E5:LeaderElection61: begin an election at term 1 for -1: [0095d080-e03a-4362-b098-b6a3a0c0b1d1:192.168.5.170:35340], old=null
2019-07-30 15:10:19,813 INFO  impl.RoleInfo (RoleInfo.java:shutdownLeaderElection(134)) - 0095d080-e03a-4362-b098-b6a3a0c0b1d1: shutdown LeaderElection
2019-07-30 15:10:19,813 INFO  impl.RaftServerImpl (RaftServerImpl.java:setRole(171)) - 0095d080-e03a-4362-b098-b6a3a0c0b1d1:group-1E0916AFB0E5 changes role from CANDIDATE to LEADER at term 1 for changeToLeader
2019-07-30 15:10:19,813 INFO  impl.RaftServerImpl (ServerState.java:setLeader(263)) - 0095d080-e03a-4362-b098-b6a3a0c0b1d1:group-1E0916AFB0E5 change Leader from null to 0095d080-e03a-4362-b098-b6a3a0c0b1d1 at term 1 for becomeLeader, leader elected after 5052ms
2019-07-30 15:10:19,813 INFO  server.RaftServerConfigKeys (ConfUtils.java:logGet(43)) - raft.server.staging.catchup.gap = 1000 (default)
2019-07-30 15:10:19,814 INFO  server.RaftServerConfigKeys (ConfUtils.java:logGet(43)) - raft.server.rpc.sleep.time = 25ms (default)
2019-07-30 15:10:19,814 INFO  server.RaftServerConfigKeys (ConfUtils.java:logGet(43)) - raft.server.write.element-limit = 4096 (default)
2019-07-30 15:10:19,814 INFO  server.RaftServerConfigKeys (ConfUtils.java:logGet(43)) - raft.server.watch.timeout = 10s (default)
2019-07-30 15:10:19,814 INFO  server.RaftServerConfigKeys (ConfUtils.java:logGet(43)) - raft.server.watch.timeout.denomination = 1s (default)
2019-07-30 15:10:19,814 INFO  server.RaftServerConfigKeys (ConfUtils.java:logGet(43)) - raft.server.watch.element-limit = 65536 (default)
2019-07-30 15:10:19,815 INFO  impl.RoleInfo (RoleInfo.java:updateAndGet(143)) - 0095d080-e03a-4362-b098-b6a3a0c0b1d1: start LeaderState
2019-07-30 15:10:19,815 INFO  segmented.SegmentedRaftLogWorker (SegmentedRaftLogWorker.java:startLogSegment(380)) - 0095d080-e03a-4362-b098-b6a3a0c0b1d1-SegmentedRaftLogWorker:Storage Directory /workdir/hadoop-ozone/integration-test/target/test-dir/MiniOzoneClusterImpl-ad46064b-6a94-4531-afe2-6a9f3b447690/datanode-1/data/ratis/20e840da-6118-4bc2-ae9b-1e0916afb0e5: Starting segment from index:0
2019-07-30 15:10:19,816 INFO  impl.RaftServerImpl (ServerState.java:setRaftConf(361)) - 0095d080-e03a-4362-b098-b6a3a0c0b1d1:group-1E0916AFB0E5 set configuration 0: [0095d080-e03a-4362-b098-b6a3a0c0b1d1:192.168.5.170:35340], old=null at 0
2019-07-30 15:10:19,843 INFO  client.GrpcClientProtocolClient (GrpcClientProtocolClient.java:onNext(255)) - client-5B44F51A1439->0ba01337-595b-4105-b408-2b17d3d783a7: receive RaftClientReply:client-5B44F51A1439->0ba01337-595b-4105-b408-2b17d3d783a7@group-F034892D73E4, cid=183, FAILED org.apache.ratis.protocol.NotLeaderException: Server 0ba01337-595b-4105-b408-2b17d3d783a7 is not the leader (null). Request must be sent to leader., logIndex=0, commits[0ba01337-595b-4105-b408-2b17d3d783a7:c-1]
2019-07-30 15:10:19,852 INFO  segmented.SegmentedRaftLogWorker (SegmentedRaftLogWorker.java:execute(569)) - 0095d080-e03a-4362-b098-b6a3a0c0b1d1-SegmentedRaftLogWorker:Storage Directory /workdir/hadoop-ozone/integration-test/target/test-dir/MiniOzoneClusterImpl-ad46064b-6a94-4531-afe2-6a9f3b447690/datanode-1/data/ratis/20e840da-6118-4bc2-ae9b-1e0916afb0e5: created new log segment /workdir/hadoop-ozone/integration-test/target/test-dir/MiniOzoneClusterImpl-ad46064b-6a94-4531-afe2-6a9f3b447690/datanode-1/data/ratis/20e840da-6118-4bc2-ae9b-1e0916afb0e5/current/log_inprogress_0
2019-07-30 15:10:20,203 INFO  impl.FollowerState (FollowerState.java:run(106)) - e3c214c8-e82a-41f9-a71a-9bd5eb099339:group-44E5B9E5B47E changes to CANDIDATE, lastRpcTime:5153, electionTimeout:5153ms
2019-07-30 15:10:20,204 INFO  impl.RoleInfo (RoleInfo.java:shutdownFollowerState(121)) - e3c214c8-e82a-41f9-a71a-9bd5eb099339: shutdown FollowerState
2019-07-30 15:10:20,204 INFO  impl.RaftServerImpl (RaftServerImpl.java:setRole(171)) - e3c214c8-e82a-41f9-a71a-9bd5eb099339:group-44E5B9E5B47E changes role from FOLLOWER to CANDIDATE at term 0 for changeToCandidate
2019-07-30 15:10:20,204 INFO  impl.RoleInfo (RoleInfo.java:updateAndGet(143)) - e3c214c8-e82a-41f9-a71a-9bd5eb099339: start LeaderElection
2019-07-30 15:10:20,217 INFO  impl.FollowerState (FollowerState.java:run(106)) - e3c214c8-e82a-41f9-a71a-9bd5eb099339:group-98300A8E0D66 changes to CANDIDATE, lastRpcTime:5086, electionTimeout:5086ms
2019-07-30 15:10:20,217 INFO  impl.RoleInfo (RoleInfo.java:shutdownFollowerState(121)) - e3c214c8-e82a-41f9-a71a-9bd5eb099339: shutdown FollowerState
2019-07-30 15:10:20,217 INFO  impl.RaftServerImpl (RaftServerImpl.java:setRole(171)) - e3c214c8-e82a-41f9-a71a-9bd5eb099339:group-98300A8E0D66 changes role from FOLLOWER to CANDIDATE at term 0 for changeToCandidate
2019-07-30 15:10:20,217 INFO  impl.RoleInfo (RoleInfo.java:updateAndGet(143)) - e3c214c8-e82a-41f9-a71a-9bd5eb099339: start LeaderElection
2019-07-30 15:10:20,220 INFO  impl.LeaderElection (LeaderElection.java:askForVotes(181)) - e3c214c8-e82a-41f9-a71a-9bd5eb099339:group-44E5B9E5B47E:LeaderElection62: begin an election at term 1 for -1: [e3c214c8-e82a-41f9-a71a-9bd5eb099339:192.168.5.170:45397], old=null
2019-07-30 15:10:20,220 INFO  impl.RoleInfo (RoleInfo.java:shutdownLeaderElection(134)) - e3c214c8-e82a-41f9-a71a-9bd5eb099339: shutdown LeaderElection
2019-07-30 15:10:20,223 INFO  impl.RaftServerImpl (RaftServerImpl.java:setRole(171)) - e3c214c8-e82a-41f9-a71a-9bd5eb099339:group-44E5B9E5B47E changes role from CANDIDATE to LEADER at term 1 for changeToLeader
2019-07-30 15:10:20,223 INFO  impl.RaftServerImpl (ServerState.java:setLeader(263)) - e3c214c8-e82a-41f9-a71a-9bd5eb099339:group-44E5B9E5B47E change Leader from null to e3c214c8-e82a-41f9-a71a-9bd5eb099339 at term 1 for becomeLeader, leader elected after 5177ms
2019-07-30 15:10:20,223 INFO  server.RaftServerConfigKeys (ConfUtils.java:logGet(43)) - raft.server.staging.catchup.gap = 1000 (default)
2019-07-30 15:10:20,223 INFO  server.RaftServerConfigKeys (ConfUtils.java:logGet(43)) - raft.server.rpc.sleep.time = 25ms (default)
2019-07-30 15:10:20,223 INFO  server.RaftServerConfigKeys (ConfUtils.java:logGet(43)) - raft.server.write.element-limit = 4096 (default)
2019-07-30 15:10:20,224 INFO  server.RaftServerConfigKeys (ConfUtils.java:logGet(43)) - raft.server.watch.timeout = 10s (default)
2019-07-30 15:10:20,224 INFO  server.RaftServerConfigKeys (ConfUtils.java:logGet(43)) - raft.server.watch.timeout.denomination = 1s (default)
2019-07-30 15:10:20,224 INFO  server.RaftServerConfigKeys (ConfUtils.java:logGet(43)) - raft.server.watch.element-limit = 65536 (default)
2019-07-30 15:10:20,224 INFO  impl.RoleInfo (RoleInfo.java:updateAndGet(143)) - e3c214c8-e82a-41f9-a71a-9bd5eb099339: start LeaderState
2019-07-30 15:10:20,225 INFO  segmented.SegmentedRaftLogWorker (SegmentedRaftLogWorker.java:startLogSegment(380)) - e3c214c8-e82a-41f9-a71a-9bd5eb099339-SegmentedRaftLogWorker:Storage Directory /workdir/hadoop-ozone/integration-test/target/test-dir/MiniOzoneClusterImpl-ad46064b-6a94-4531-afe2-6a9f3b447690/datanode-2/data/ratis/5f201933-970e-4385-ba16-44e5b9e5b47e: Starting segment from index:0
2019-07-30 15:10:20,225 INFO  impl.RaftServerImpl (ServerState.java:setRaftConf(361)) - e3c214c8-e82a-41f9-a71a-9bd5eb099339:group-44E5B9E5B47E set configuration 0: [e3c214c8-e82a-41f9-a71a-9bd5eb099339:192.168.5.170:45397], old=null at 0
2019-07-30 15:10:20,247 INFO  impl.FollowerState (FollowerState.java:run(106)) - 0095d080-e03a-4362-b098-b6a3a0c0b1d1:group-98300A8E0D66 changes to CANDIDATE, lastRpcTime:5094, electionTimeout:5076ms
2019-07-30 15:10:20,247 INFO  impl.LeaderElection (LeaderElection.java:askForVotes(181)) - e3c214c8-e82a-41f9-a71a-9bd5eb099339:group-98300A8E0D66:LeaderElection63: begin an election at term 1 for -1: [e3c214c8-e82a-41f9-a71a-9bd5eb099339:192.168.5.170:45397, 0095d080-e03a-4362-b098-b6a3a0c0b1d1:192.168.5.170:35340, f299e6bf-7fb7-4e37-88ad-0be7bc4b776d:192.168.5.170:34856], old=null
2019-07-30 15:10:20,247 INFO  impl.RoleInfo (RoleInfo.java:shutdownFollowerState(121)) - 0095d080-e03a-4362-b098-b6a3a0c0b1d1: shutdown FollowerState
2019-07-30 15:10:20,248 INFO  impl.RaftServerImpl (RaftServerImpl.java:setRole(171)) - 0095d080-e03a-4362-b098-b6a3a0c0b1d1:group-98300A8E0D66 changes role from FOLLOWER to CANDIDATE at term 0 for changeToCandidate
2019-07-30 15:10:20,248 INFO  impl.RoleInfo (RoleInfo.java:updateAndGet(143)) - 0095d080-e03a-4362-b098-b6a3a0c0b1d1: start LeaderElection
2019-07-30 15:10:20,260 INFO  impl.RaftServerImpl (RaftServerImpl.java:setRole(171)) - f299e6bf-7fb7-4e37-88ad-0be7bc4b776d:group-98300A8E0D66 changes role from FOLLOWER to FOLLOWER at term 1 for recognizeCandidate:e3c214c8-e82a-41f9-a71a-9bd5eb099339
2019-07-30 15:10:20,260 INFO  impl.RoleInfo (RoleInfo.java:shutdownFollowerState(121)) - f299e6bf-7fb7-4e37-88ad-0be7bc4b776d: shutdown FollowerState
2019-07-30 15:10:20,260 INFO  impl.RoleInfo (RoleInfo.java:updateAndGet(143)) - f299e6bf-7fb7-4e37-88ad-0be7bc4b776d: start FollowerState
2019-07-30 15:10:20,260 INFO  impl.FollowerState (FollowerState.java:run(114)) - f299e6bf-7fb7-4e37-88ad-0be7bc4b776d: FollowerState was interrupted: java.lang.InterruptedException: sleep interrupted
2019-07-30 15:10:20,269 INFO  segmented.SegmentedRaftLogWorker (SegmentedRaftLogWorker.java:execute(569)) - e3c214c8-e82a-41f9-a71a-9bd5eb099339-SegmentedRaftLogWorker:Storage Directory /workdir/hadoop-ozone/integration-test/target/test-dir/MiniOzoneClusterImpl-ad46064b-6a94-4531-afe2-6a9f3b447690/datanode-2/data/ratis/5f201933-970e-4385-ba16-44e5b9e5b47e: created new log segment /workdir/hadoop-ozone/integration-test/target/test-dir/MiniOzoneClusterImpl-ad46064b-6a94-4531-afe2-6a9f3b447690/datanode-2/data/ratis/5f201933-970e-4385-ba16-44e5b9e5b47e/current/log_inprogress_0
2019-07-30 15:10:20,269 INFO  impl.LeaderElection (LeaderElection.java:askForVotes(181)) - 0095d080-e03a-4362-b098-b6a3a0c0b1d1:group-98300A8E0D66:LeaderElection64: begin an election at term 1 for -1: [e3c214c8-e82a-41f9-a71a-9bd5eb099339:192.168.5.170:45397, 0095d080-e03a-4362-b098-b6a3a0c0b1d1:192.168.5.170:35340, f299e6bf-7fb7-4e37-88ad-0be7bc4b776d:192.168.5.170:34856], old=null
2019-07-30 15:10:20,272 INFO  impl.LeaderElection (LeaderElection.java:logAndReturn(56)) - e3c214c8-e82a-41f9-a71a-9bd5eb099339:group-98300A8E0D66:LeaderElection63: Election PASSED; received 2 response(s) [e3c214c8-e82a-41f9-a71a-9bd5eb099339<-0095d080-e03a-4362-b098-b6a3a0c0b1d1#0:FAIL-t1, e3c214c8-e82a-41f9-a71a-9bd5eb099339<-f299e6bf-7fb7-4e37-88ad-0be7bc4b776d#0:OK-t1] and 0 exception(s); e3c214c8-e82a-41f9-a71a-9bd5eb099339:t1, leader=null, voted=e3c214c8-e82a-41f9-a71a-9bd5eb099339, raftlog=e3c214c8-e82a-41f9-a71a-9bd5eb099339-SegmentedRaftLog:OPENED:c-1,f-1,i0, conf=-1: [e3c214c8-e82a-41f9-a71a-9bd5eb099339:192.168.5.170:45397, 0095d080-e03a-4362-b098-b6a3a0c0b1d1:192.168.5.170:35340, f299e6bf-7fb7-4e37-88ad-0be7bc4b776d:192.168.5.170:34856], old=null
2019-07-30 15:10:20,273 INFO  impl.RoleInfo (RoleInfo.java:shutdownLeaderElection(134)) - e3c214c8-e82a-41f9-a71a-9bd5eb099339: shutdown LeaderElection
2019-07-30 15:10:20,273 INFO  impl.RaftServerImpl (RaftServerImpl.java:setRole(171)) - e3c214c8-e82a-41f9-a71a-9bd5eb099339:group-98300A8E0D66 changes role from CANDIDATE to LEADER at term 1 for changeToLeader
2019-07-30 15:10:20,277 INFO  impl.RaftServerImpl (ServerState.java:setLeader(263)) - e3c214c8-e82a-41f9-a71a-9bd5eb099339:group-98300A8E0D66 change Leader from null to e3c214c8-e82a-41f9-a71a-9bd5eb099339 at term 1 for becomeLeader, leader elected after 5153ms
2019-07-30 15:10:20,277 INFO  server.RaftServerConfigKeys (ConfUtils.java:logGet(43)) - raft.server.staging.catchup.gap = 1000 (default)
2019-07-30 15:10:20,278 INFO  server.RaftServerConfigKeys (ConfUtils.java:logGet(43)) - raft.server.rpc.sleep.time = 25ms (default)
2019-07-30 15:10:20,278 INFO  server.RaftServerConfigKeys (ConfUtils.java:logGet(43)) - raft.server.write.element-limit = 4096 (default)
2019-07-30 15:10:20,278 INFO  server.RaftServerConfigKeys (ConfUtils.java:logGet(43)) - raft.server.watch.timeout = 10s (default)
2019-07-30 15:10:20,279 INFO  server.RaftServerConfigKeys (ConfUtils.java:logGet(43)) - raft.server.watch.timeout.denomination = 1s (default)
2019-07-30 15:10:20,279 INFO  server.RaftServerConfigKeys (ConfUtils.java:logGet(43)) - raft.server.watch.element-limit = 65536 (default)
2019-07-30 15:10:20,279 INFO  server.RaftServerConfigKeys (ConfUtils.java:logGet(43)) - raft.server.log.appender.snapshot.chunk.size.max = 16MB (=16777216) (default)
2019-07-30 15:10:20,284 INFO  server.RaftServerConfigKeys (ConfUtils.java:logGet(43)) - raft.server.log.appender.buffer.byte-limit = 33554432 (custom)
2019-07-30 15:10:20,284 INFO  server.RaftServerConfigKeys (ConfUtils.java:logGet(43)) - raft.server.log.appender.buffer.element-limit = 1 (custom)
2019-07-30 15:10:20,285 INFO  grpc.GrpcConfigKeys$Server (ConfUtils.java:logGet(43)) - raft.grpc.server.leader.outstanding.appends.max = 128 (default)
2019-07-30 15:10:20,285 INFO  server.RaftServerConfigKeys (ConfUtils.java:logGet(43)) - raft.server.rpc.request.timeout = 3000ms (default)
2019-07-30 15:10:20,285 INFO  impl.FollowerState (FollowerState.java:run(106)) - e8247901-e06f-451d-8c14-d461922cdde8:group-A63CD2A28970 changes to CANDIDATE, lastRpcTime:5068, electionTimeout:5068ms
2019-07-30 15:10:20,286 INFO  server.RaftServerConfigKeys (ConfUtils.java:logGet(43)) - raft.server.log.appender.install.snapshot.enabled = false (custom)
2019-07-30 15:10:20,286 INFO  impl.RoleInfo (RoleInfo.java:shutdownFollowerState(121)) - e8247901-e06f-451d-8c14-d461922cdde8: shutdown FollowerState
2019-07-30 15:10:20,286 INFO  server.RaftServerConfigKeys (ConfUtils.java:logGet(43)) - raft.server.log.appender.snapshot.chunk.size.max = 16MB (=16777216) (default)
2019-07-30 15:10:20,286 INFO  impl.RaftServerImpl (RaftServerImpl.java:setRole(171)) - e8247901-e06f-451d-8c14-d461922cdde8:group-A63CD2A28970 changes role from FOLLOWER to CANDIDATE at term 0 for changeToCandidate
2019-07-30 15:10:20,286 INFO  server.RaftServerConfigKeys (ConfUtils.java:logGet(43)) - raft.server.log.appender.buffer.byte-limit = 33554432 (custom)
2019-07-30 15:10:20,286 INFO  impl.RoleInfo (RoleInfo.java:updateAndGet(143)) - e8247901-e06f-451d-8c14-d461922cdde8: start LeaderElection
2019-07-30 15:10:20,287 INFO  server.RaftServerConfigKeys (ConfUtils.java:logGet(43)) - raft.server.log.appender.buffer.element-limit = 1 (custom)
2019-07-30 15:10:20,289 INFO  grpc.GrpcConfigKeys$Server (ConfUtils.java:logGet(43)) - raft.grpc.server.leader.outstanding.appends.max = 128 (default)
2019-07-30 15:10:20,300 INFO  server.RaftServerConfigKeys (ConfUtils.java:logGet(43)) - raft.server.rpc.request.timeout = 3000ms (default)
2019-07-30 15:10:20,300 INFO  server.RaftServerConfigKeys (ConfUtils.java:logGet(43)) - raft.server.log.appender.install.snapshot.enabled = false (custom)
2019-07-30 15:10:20,301 INFO  impl.RoleInfo (RoleInfo.java:updateAndGet(143)) - e3c214c8-e82a-41f9-a71a-9bd5eb099339: start LeaderState
2019-07-30 15:10:20,301 INFO  segmented.SegmentedRaftLogWorker (SegmentedRaftLogWorker.java:startLogSegment(380)) - e3c214c8-e82a-41f9-a71a-9bd5eb099339-SegmentedRaftLogWorker:Storage Directory /workdir/hadoop-ozone/integration-test/target/test-dir/MiniOzoneClusterImpl-ad46064b-6a94-4531-afe2-6a9f3b447690/datanode-2/data/ratis/a8c0aadd-a882-4b60-936c-98300a8e0d66: Starting segment from index:0
2019-07-30 15:10:20,302 INFO  impl.RaftServerImpl (ServerState.java:setRaftConf(361)) - e3c214c8-e82a-41f9-a71a-9bd5eb099339:group-98300A8E0D66 set configuration 0: [e3c214c8-e82a-41f9-a71a-9bd5eb099339:192.168.5.170:45397, 0095d080-e03a-4362-b098-b6a3a0c0b1d1:192.168.5.170:35340, f299e6bf-7fb7-4e37-88ad-0be7bc4b776d:192.168.5.170:34856], old=null at 0
2019-07-30 15:10:20,322 INFO  impl.RaftServerImpl (RaftServerImpl.java:requestVote(754)) - e3c214c8-e82a-41f9-a71a-9bd5eb099339-LEADER: Withhold vote from candidate 0095d080-e03a-4362-b098-b6a3a0c0b1d1 with term 1. State: leader=e3c214c8-e82a-41f9-a71a-9bd5eb099339, term=1, lastRpcElapsed=null
2019-07-30 15:10:20,322 INFO  impl.LeaderElection (LeaderElection.java:askForVotes(181)) - e8247901-e06f-451d-8c14-d461922cdde8:group-A63CD2A28970:LeaderElection65: begin an election at term 1 for -1: [e8247901-e06f-451d-8c14-d461922cdde8:192.168.5.170:37056], old=null
2019-07-30 15:10:20,323 INFO  impl.RoleInfo (RoleInfo.java:shutdownLeaderElection(134)) - e8247901-e06f-451d-8c14-d461922cdde8: shutdown LeaderElection
2019-07-30 15:10:20,323 INFO  impl.RaftServerImpl (RaftServerImpl.java:setRole(171)) - e8247901-e06f-451d-8c14-d461922cdde8:group-A63CD2A28970 changes role from CANDIDATE to LEADER at term 1 for changeToLeader
2019-07-30 15:10:20,323 INFO  impl.RaftServerImpl (ServerState.java:setLeader(263)) - e8247901-e06f-451d-8c14-d461922cdde8:group-A63CD2A28970 change Leader from null to e8247901-e06f-451d-8c14-d461922cdde8 at term 1 for becomeLeader, leader elected after 5108ms
2019-07-30 15:10:20,323 INFO  server.RaftServerConfigKeys (ConfUtils.java:logGet(43)) - raft.server.staging.catchup.gap = 1000 (default)
2019-07-30 15:10:20,323 INFO  server.RaftServerConfigKeys (ConfUtils.java:logGet(43)) - raft.server.rpc.sleep.time = 25ms (default)
2019-07-30 15:10:20,323 INFO  server.RaftServerConfigKeys (ConfUtils.java:logGet(43)) - raft.server.write.element-limit = 4096 (default)
2019-07-30 15:10:20,324 INFO  server.RaftServerConfigKeys (ConfUtils.java:logGet(43)) - raft.server.watch.timeout = 10s (default)
2019-07-30 15:10:20,324 INFO  impl.RaftServerImpl (RaftServerImpl.java:setRole(171)) - 0095d080-e03a-4362-b098-b6a3a0c0b1d1:group-98300A8E0D66 changes role from CANDIDATE to FOLLOWER at term 1 for appendEntries
2019-07-30 15:10:20,324 INFO  impl.LeaderElection (LeaderElection.java:logAndReturn(56)) - 0095d080-e03a-4362-b098-b6a3a0c0b1d1:group-98300A8E0D66:LeaderElection64: Election REJECTED; received 2 response(s) [0095d080-e03a-4362-b098-b6a3a0c0b1d1<-e3c214c8-e82a-41f9-a71a-9bd5eb099339#0:FAIL-t1, 0095d080-e03a-4362-b098-b6a3a0c0b1d1<-f299e6bf-7fb7-4e37-88ad-0be7bc4b776d#0:FAIL-t1] and 0 exception(s); 0095d080-e03a-4362-b098-b6a3a0c0b1d1:t1, leader=null, voted=0095d080-e03a-4362-b098-b6a3a0c0b1d1, raftlog=0095d080-e03a-4362-b098-b6a3a0c0b1d1-SegmentedRaftLog:OPENED:c-1,f-1,i0, conf=-1: [e3c214c8-e82a-41f9-a71a-9bd5eb099339:192.168.5.170:45397, 0095d080-e03a-4362-b098-b6a3a0c0b1d1:192.168.5.170:35340, f299e6bf-7fb7-4e37-88ad-0be7bc4b776d:192.168.5.170:34856], old=null
2019-07-30 15:10:20,324 INFO  server.RaftServerConfigKeys (ConfUtils.java:logGet(43)) - raft.server.watch.timeout.denomination = 1s (default)
2019-07-30 15:10:20,324 INFO  impl.RaftServerImpl (ServerState.java:setLeader(263)) - f299e6bf-7fb7-4e37-88ad-0be7bc4b776d:group-98300A8E0D66 change Leader from null to e3c214c8-e82a-41f9-a71a-9bd5eb099339 at term 1 for appendEntries, leader elected after 5200ms
2019-07-30 15:10:20,324 INFO  server.RaftServerConfigKeys (ConfUtils.java:logGet(43)) - raft.server.watch.element-limit = 65536 (default)
2019-07-30 15:10:20,324 INFO  impl.RoleInfo (RoleInfo.java:shutdownLeaderElection(134)) - 0095d080-e03a-4362-b098-b6a3a0c0b1d1: shutdown LeaderElection
2019-07-30 15:10:20,325 INFO  segmented.SegmentedRaftLogWorker (SegmentedRaftLogWorker.java:execute(569)) - e3c214c8-e82a-41f9-a71a-9bd5eb099339-SegmentedRaftLogWorker:Storage Directory /workdir/hadoop-ozone/integration-test/target/test-dir/MiniOzoneClusterImpl-ad46064b-6a94-4531-afe2-6a9f3b447690/datanode-2/data/ratis/a8c0aadd-a882-4b60-936c-98300a8e0d66: created new log segment /workdir/hadoop-ozone/integration-test/target/test-dir/MiniOzoneClusterImpl-ad46064b-6a94-4531-afe2-6a9f3b447690/datanode-2/data/ratis/a8c0aadd-a882-4b60-936c-98300a8e0d66/current/log_inprogress_0
2019-07-30 15:10:20,325 INFO  impl.RoleInfo (RoleInfo.java:updateAndGet(143)) - e8247901-e06f-451d-8c14-d461922cdde8: start LeaderState
2019-07-30 15:10:20,328 INFO  impl.RoleInfo (RoleInfo.java:updateAndGet(143)) - 0095d080-e03a-4362-b098-b6a3a0c0b1d1: start FollowerState
2019-07-30 15:10:20,329 INFO  segmented.SegmentedRaftLogWorker (SegmentedRaftLogWorker.java:startLogSegment(380)) - e8247901-e06f-451d-8c14-d461922cdde8-SegmentedRaftLogWorker:Storage Directory /workdir/hadoop-ozone/integration-test/target/test-dir/MiniOzoneClusterImpl-ad46064b-6a94-4531-afe2-6a9f3b447690/datanode-3/data/ratis/64753657-20ec-44fb-811d-a63cd2a28970: Starting segment from index:0
2019-07-30 15:10:20,329 INFO  impl.RaftServerImpl (ServerState.java:setLeader(263)) - 0095d080-e03a-4362-b098-b6a3a0c0b1d1:group-98300A8E0D66 change Leader from null to e3c214c8-e82a-41f9-a71a-9bd5eb099339 at term 1 for appendEntries, leader elected after 5204ms
2019-07-30 15:10:20,329 INFO  impl.RaftServerImpl (ServerState.java:setRaftConf(361)) - e8247901-e06f-451d-8c14-d461922cdde8:group-A63CD2A28970 set configuration 0: [e8247901-e06f-451d-8c14-d461922cdde8:192.168.5.170:37056], old=null at 0
2019-07-30 15:10:20,349 INFO  impl.RaftServerImpl (ServerState.java:setRaftConf(361)) - f299e6bf-7fb7-4e37-88ad-0be7bc4b776d:group-98300A8E0D66 set configuration 0: [e3c214c8-e82a-41f9-a71a-9bd5eb099339:192.168.5.170:45397, 0095d080-e03a-4362-b098-b6a3a0c0b1d1:192.168.5.170:35340, f299e6bf-7fb7-4e37-88ad-0be7bc4b776d:192.168.5.170:34856], old=null at 0
2019-07-30 15:10:20,350 INFO  segmented.SegmentedRaftLogWorker (SegmentedRaftLogWorker.java:startLogSegment(380)) - f299e6bf-7fb7-4e37-88ad-0be7bc4b776d-SegmentedRaftLogWorker:Storage Directory /workdir/hadoop-ozone/integration-test/target/test-dir/MiniOzoneClusterImpl-ad46064b-6a94-4531-afe2-6a9f3b447690/datanode-0/data/ratis/a8c0aadd-a882-4b60-936c-98300a8e0d66: Starting segment from index:0
2019-07-30 15:10:20,350 INFO  impl.RaftServerImpl (ServerState.java:setRaftConf(361)) - 0095d080-e03a-4362-b098-b6a3a0c0b1d1:group-98300A8E0D66 set configuration 0: [e3c214c8-e82a-41f9-a71a-9bd5eb099339:192.168.5.170:45397, 0095d080-e03a-4362-b098-b6a3a0c0b1d1:192.168.5.170:35340, f299e6bf-7fb7-4e37-88ad-0be7bc4b776d:192.168.5.170:34856], old=null at 0
2019-07-30 15:10:20,350 INFO  segmented.SegmentedRaftLogWorker (SegmentedRaftLogWorker.java:startLogSegment(380)) - 0095d080-e03a-4362-b098-b6a3a0c0b1d1-SegmentedRaftLogWorker:Storage Directory /workdir/hadoop-ozone/integration-test/target/test-dir/MiniOzoneClusterImpl-ad46064b-6a94-4531-afe2-6a9f3b447690/datanode-1/data/ratis/a8c0aadd-a882-4b60-936c-98300a8e0d66: Starting segment from index:0
2019-07-30 15:10:20,362 INFO  segmented.SegmentedRaftLogWorker (SegmentedRaftLogWorker.java:execute(569)) - e8247901-e06f-451d-8c14-d461922cdde8-SegmentedRaftLogWorker:Storage Directory /workdir/hadoop-ozone/integration-test/target/test-dir/MiniOzoneClusterImpl-ad46064b-6a94-4531-afe2-6a9f3b447690/datanode-3/data/ratis/64753657-20ec-44fb-811d-a63cd2a28970: created new log segment /workdir/hadoop-ozone/integration-test/target/test-dir/MiniOzoneClusterImpl-ad46064b-6a94-4531-afe2-6a9f3b447690/datanode-3/data/ratis/64753657-20ec-44fb-811d-a63cd2a28970/current/log_inprogress_0
2019-07-30 15:10:20,386 INFO  segmented.SegmentedRaftLogWorker (SegmentedRaftLogWorker.java:execute(569)) - 0095d080-e03a-4362-b098-b6a3a0c0b1d1-SegmentedRaftLogWorker:Storage Directory /workdir/hadoop-ozone/integration-test/target/test-dir/MiniOzoneClusterImpl-ad46064b-6a94-4531-afe2-6a9f3b447690/datanode-1/data/ratis/a8c0aadd-a882-4b60-936c-98300a8e0d66: created new log segment /workdir/hadoop-ozone/integration-test/target/test-dir/MiniOzoneClusterImpl-ad46064b-6a94-4531-afe2-6a9f3b447690/datanode-1/data/ratis/a8c0aadd-a882-4b60-936c-98300a8e0d66/current/log_inprogress_0
2019-07-30 15:10:20,386 INFO  segmented.SegmentedRaftLogWorker (SegmentedRaftLogWorker.java:execute(569)) - f299e6bf-7fb7-4e37-88ad-0be7bc4b776d-SegmentedRaftLogWorker:Storage Directory /workdir/hadoop-ozone/integration-test/target/test-dir/MiniOzoneClusterImpl-ad46064b-6a94-4531-afe2-6a9f3b447690/datanode-0/data/ratis/a8c0aadd-a882-4b60-936c-98300a8e0d66: created new log segment /workdir/hadoop-ozone/integration-test/target/test-dir/MiniOzoneClusterImpl-ad46064b-6a94-4531-afe2-6a9f3b447690/datanode-0/data/ratis/a8c0aadd-a882-4b60-936c-98300a8e0d66/current/log_inprogress_0
2019-07-30 15:10:20,445 INFO  impl.FollowerState (FollowerState.java:run(106)) - d6086a6b-d6cf-41c7-b0f0-8938d322a030:group-80220CEE4786 changes to CANDIDATE, lastRpcTime:5065, electionTimeout:5065ms
2019-07-30 15:10:20,445 INFO  impl.RoleInfo (RoleInfo.java:shutdownFollowerState(121)) - d6086a6b-d6cf-41c7-b0f0-8938d322a030: shutdown FollowerState
2019-07-30 15:10:20,445 INFO  impl.RaftServerImpl (RaftServerImpl.java:setRole(171)) - d6086a6b-d6cf-41c7-b0f0-8938d322a030:group-80220CEE4786 changes role from FOLLOWER to CANDIDATE at term 0 for changeToCandidate
2019-07-30 15:10:20,446 INFO  impl.RoleInfo (RoleInfo.java:updateAndGet(143)) - d6086a6b-d6cf-41c7-b0f0-8938d322a030: start LeaderElection
2019-07-30 15:10:20,463 INFO  impl.LeaderElection (LeaderElection.java:askForVotes(181)) - d6086a6b-d6cf-41c7-b0f0-8938d322a030:group-80220CEE4786:LeaderElection66: begin an election at term 1 for -1: [d6086a6b-d6cf-41c7-b0f0-8938d322a030:192.168.5.170:38414], old=null
2019-07-30 15:10:20,464 INFO  impl.RoleInfo (RoleInfo.java:shutdownLeaderElection(134)) - d6086a6b-d6cf-41c7-b0f0-8938d322a030: shutdown LeaderElection
2019-07-30 15:10:20,464 INFO  impl.RaftServerImpl (RaftServerImpl.java:setRole(171)) - d6086a6b-d6cf-41c7-b0f0-8938d322a030:group-80220CEE4786 changes role from CANDIDATE to LEADER at term 1 for changeToLeader
2019-07-30 15:10:20,464 INFO  impl.RaftServerImpl (ServerState.java:setLeader(263)) - d6086a6b-d6cf-41c7-b0f0-8938d322a030:group-80220CEE4786 change Leader from null to d6086a6b-d6cf-41c7-b0f0-8938d322a030 at term 1 for becomeLeader, leader elected after 5088ms
2019-07-30 15:10:20,464 INFO  server.RaftServerConfigKeys (ConfUtils.java:logGet(43)) - raft.server.staging.catchup.gap = 1000 (default)
2019-07-30 15:10:20,464 INFO  server.RaftServerConfigKeys (ConfUtils.java:logGet(43)) - raft.server.rpc.sleep.time = 25ms (default)
2019-07-30 15:10:20,464 INFO  server.RaftServerConfigKeys (ConfUtils.java:logGet(43)) - raft.server.write.element-limit = 4096 (default)
2019-07-30 15:10:20,464 INFO  server.RaftServerConfigKeys (ConfUtils.java:logGet(43)) - raft.server.watch.timeout = 10s (default)
2019-07-30 15:10:20,464 INFO  server.RaftServerConfigKeys (ConfUtils.java:logGet(43)) - raft.server.watch.timeout.denomination = 1s (default)
2019-07-30 15:10:20,465 INFO  server.RaftServerConfigKeys (ConfUtils.java:logGet(43)) - raft.server.watch.element-limit = 65536 (default)
2019-07-30 15:10:20,465 INFO  impl.RoleInfo (RoleInfo.java:updateAndGet(143)) - d6086a6b-d6cf-41c7-b0f0-8938d322a030: start LeaderState
2019-07-30 15:10:20,465 INFO  segmented.SegmentedRaftLogWorker (SegmentedRaftLogWorker.java:startLogSegment(380)) - d6086a6b-d6cf-41c7-b0f0-8938d322a030-SegmentedRaftLogWorker:Storage Directory /workdir/hadoop-ozone/integration-test/target/test-dir/MiniOzoneClusterImpl-ad46064b-6a94-4531-afe2-6a9f3b447690/datanode-4/data/ratis/5335e366-25ee-4ec2-8e5e-80220cee4786: Starting segment from index:0
2019-07-30 15:10:20,466 INFO  impl.RaftServerImpl (ServerState.java:setRaftConf(361)) - d6086a6b-d6cf-41c7-b0f0-8938d322a030:group-80220CEE4786 set configuration 0: [d6086a6b-d6cf-41c7-b0f0-8938d322a030:192.168.5.170:38414], old=null at 0
2019-07-30 15:10:20,504 INFO  segmented.SegmentedRaftLogWorker (SegmentedRaftLogWorker.java:execute(569)) - d6086a6b-d6cf-41c7-b0f0-8938d322a030-SegmentedRaftLogWorker:Storage Directory /workdir/hadoop-ozone/integration-test/target/test-dir/MiniOzoneClusterImpl-ad46064b-6a94-4531-afe2-6a9f3b447690/datanode-4/data/ratis/5335e366-25ee-4ec2-8e5e-80220cee4786: created new log segment /workdir/hadoop-ozone/integration-test/target/test-dir/MiniOzoneClusterImpl-ad46064b-6a94-4531-afe2-6a9f3b447690/datanode-4/data/ratis/5335e366-25ee-4ec2-8e5e-80220cee4786/current/log_inprogress_0
2019-07-30 15:10:20,589 INFO  impl.FollowerState (FollowerState.java:run(106)) - 0ba01337-595b-4105-b408-2b17d3d783a7:group-99F0B1B35727 changes to CANDIDATE, lastRpcTime:5036, electionTimeout:5036ms
2019-07-30 15:10:20,589 INFO  impl.RoleInfo (RoleInfo.java:shutdownFollowerState(121)) - 0ba01337-595b-4105-b408-2b17d3d783a7: shutdown FollowerState
2019-07-30 15:10:20,590 INFO  impl.RaftServerImpl (RaftServerImpl.java:setRole(171)) - 0ba01337-595b-4105-b408-2b17d3d783a7:group-99F0B1B35727 changes role from FOLLOWER to CANDIDATE at term 0 for changeToCandidate
2019-07-30 15:10:20,590 INFO  impl.RoleInfo (RoleInfo.java:updateAndGet(143)) - 0ba01337-595b-4105-b408-2b17d3d783a7: start LeaderElection
2019-07-30 15:10:20,600 INFO  impl.LeaderElection (LeaderElection.java:askForVotes(181)) - 0ba01337-595b-4105-b408-2b17d3d783a7:group-99F0B1B35727:LeaderElection67: begin an election at term 1 for -1: [0ba01337-595b-4105-b408-2b17d3d783a7:192.168.5.170:34248], old=null
2019-07-30 15:10:20,600 INFO  impl.RoleInfo (RoleInfo.java:shutdownLeaderElection(134)) - 0ba01337-595b-4105-b408-2b17d3d783a7: shutdown LeaderElection
2019-07-30 15:10:20,600 INFO  impl.RaftServerImpl (RaftServerImpl.java:setRole(171)) - 0ba01337-595b-4105-b408-2b17d3d783a7:group-99F0B1B35727 changes role from CANDIDATE to LEADER at term 1 for changeToLeader
2019-07-30 15:10:20,600 INFO  impl.RaftServerImpl (ServerState.java:setLeader(263)) - 0ba01337-595b-4105-b408-2b17d3d783a7:group-99F0B1B35727 change Leader from null to 0ba01337-595b-4105-b408-2b17d3d783a7 at term 1 for becomeLeader, leader elected after 5052ms
2019-07-30 15:10:20,600 INFO  server.RaftServerConfigKeys (ConfUtils.java:logGet(43)) - raft.server.staging.catchup.gap = 1000 (default)
2019-07-30 15:10:20,601 INFO  server.RaftServerConfigKeys (ConfUtils.java:logGet(43)) - raft.server.rpc.sleep.time = 25ms (default)
2019-07-30 15:10:20,601 INFO  server.RaftServerConfigKeys (ConfUtils.java:logGet(43)) - raft.server.write.element-limit = 4096 (default)
2019-07-30 15:10:20,601 INFO  server.RaftServerConfigKeys (ConfUtils.java:logGet(43)) - raft.server.watch.timeout = 10s (default)
2019-07-30 15:10:20,601 INFO  server.RaftServerConfigKeys (ConfUtils.java:logGet(43)) - raft.server.watch.timeout.denomination = 1s (default)
2019-07-30 15:10:20,601 INFO  server.RaftServerConfigKeys (ConfUtils.java:logGet(43)) - raft.server.watch.element-limit = 65536 (default)
2019-07-30 15:10:20,601 INFO  impl.RoleInfo (RoleInfo.java:updateAndGet(143)) - 0ba01337-595b-4105-b408-2b17d3d783a7: start LeaderState
2019-07-30 15:10:20,602 INFO  segmented.SegmentedRaftLogWorker (SegmentedRaftLogWorker.java:startLogSegment(380)) - 0ba01337-595b-4105-b408-2b17d3d783a7-SegmentedRaftLogWorker:Storage Directory /workdir/hadoop-ozone/integration-test/target/test-dir/MiniOzoneClusterImpl-ad46064b-6a94-4531-afe2-6a9f3b447690/datanode-5/data/ratis/c4f8788a-4101-41dd-8bb9-99f0b1b35727: Starting segment from index:0
2019-07-30 15:10:20,602 INFO  impl.RaftServerImpl (ServerState.java:setRaftConf(361)) - 0ba01337-595b-4105-b408-2b17d3d783a7:group-99F0B1B35727 set configuration 0: [0ba01337-595b-4105-b408-2b17d3d783a7:192.168.5.170:34248], old=null at 0
2019-07-30 15:10:20,634 INFO  segmented.SegmentedRaftLogWorker (SegmentedRaftLogWorker.java:execute(569)) - 0ba01337-595b-4105-b408-2b17d3d783a7-SegmentedRaftLogWorker:Storage Directory /workdir/hadoop-ozone/integration-test/target/test-dir/MiniOzoneClusterImpl-ad46064b-6a94-4531-afe2-6a9f3b447690/datanode-5/data/ratis/c4f8788a-4101-41dd-8bb9-99f0b1b35727: created new log segment /workdir/hadoop-ozone/integration-test/target/test-dir/MiniOzoneClusterImpl-ad46064b-6a94-4531-afe2-6a9f3b447690/datanode-5/data/ratis/c4f8788a-4101-41dd-8bb9-99f0b1b35727/current/log_inprogress_0
2019-07-30 15:10:20,636 INFO  impl.FollowerState (FollowerState.java:run(106)) - 0ba01337-595b-4105-b408-2b17d3d783a7:group-F034892D73E4 changes to CANDIDATE, lastRpcTime:5005, electionTimeout:5005ms
2019-07-30 15:10:20,636 INFO  impl.RoleInfo (RoleInfo.java:shutdownFollowerState(121)) - 0ba01337-595b-4105-b408-2b17d3d783a7: shutdown FollowerState
2019-07-30 15:10:20,636 INFO  impl.RaftServerImpl (RaftServerImpl.java:setRole(171)) - 0ba01337-595b-4105-b408-2b17d3d783a7:group-F034892D73E4 changes role from FOLLOWER to CANDIDATE at term 0 for changeToCandidate
2019-07-30 15:10:20,636 INFO  impl.RoleInfo (RoleInfo.java:updateAndGet(143)) - 0ba01337-595b-4105-b408-2b17d3d783a7: start LeaderElection
2019-07-30 15:10:20,646 INFO  impl.LeaderElection (LeaderElection.java:askForVotes(181)) - 0ba01337-595b-4105-b408-2b17d3d783a7:group-F034892D73E4:LeaderElection68: begin an election at term 1 for -1: [d6086a6b-d6cf-41c7-b0f0-8938d322a030:192.168.5.170:38414, 0ba01337-595b-4105-b408-2b17d3d783a7:192.168.5.170:34248, e8247901-e06f-451d-8c14-d461922cdde8:192.168.5.170:37056], old=null
2019-07-30 15:10:20,655 INFO  impl.RaftServerImpl (RaftServerImpl.java:setRole(171)) - d6086a6b-d6cf-41c7-b0f0-8938d322a030:group-F034892D73E4 changes role from FOLLOWER to FOLLOWER at term 1 for recognizeCandidate:0ba01337-595b-4105-b408-2b17d3d783a7
2019-07-30 15:10:20,656 INFO  impl.RoleInfo (RoleInfo.java:shutdownFollowerState(121)) - d6086a6b-d6cf-41c7-b0f0-8938d322a030: shutdown FollowerState
2019-07-30 15:10:20,655 INFO  impl.RaftServerImpl (RaftServerImpl.java:setRole(171)) - e8247901-e06f-451d-8c14-d461922cdde8:group-F034892D73E4 changes role from FOLLOWER to FOLLOWER at term 1 for recognizeCandidate:0ba01337-595b-4105-b408-2b17d3d783a7
2019-07-30 15:10:20,656 INFO  impl.RoleInfo (RoleInfo.java:updateAndGet(143)) - d6086a6b-d6cf-41c7-b0f0-8938d322a030: start FollowerState
2019-07-30 15:10:20,656 INFO  impl.RoleInfo (RoleInfo.java:shutdownFollowerState(121)) - e8247901-e06f-451d-8c14-d461922cdde8: shutdown FollowerState
2019-07-30 15:10:20,656 INFO  impl.FollowerState (FollowerState.java:run(114)) - d6086a6b-d6cf-41c7-b0f0-8938d322a030: FollowerState was interrupted: java.lang.InterruptedException: sleep interrupted
2019-07-30 15:10:20,657 INFO  impl.RoleInfo (RoleInfo.java:updateAndGet(143)) - e8247901-e06f-451d-8c14-d461922cdde8: start FollowerState
2019-07-30 15:10:20,659 INFO  impl.FollowerState (FollowerState.java:run(114)) - e8247901-e06f-451d-8c14-d461922cdde8: FollowerState was interrupted: java.lang.InterruptedException: sleep interrupted
2019-07-30 15:10:20,677 INFO  impl.LeaderElection (LeaderElection.java:logAndReturn(56)) - 0ba01337-595b-4105-b408-2b17d3d783a7:group-F034892D73E4:LeaderElection68: Election PASSED; received 1 response(s) [0ba01337-595b-4105-b408-2b17d3d783a7<-d6086a6b-d6cf-41c7-b0f0-8938d322a030#0:OK-t1] and 0 exception(s); 0ba01337-595b-4105-b408-2b17d3d783a7:t1, leader=null, voted=0ba01337-595b-4105-b408-2b17d3d783a7, raftlog=0ba01337-595b-4105-b408-2b17d3d783a7-SegmentedRaftLog:OPENED:c-1,f-1,i0, conf=-1: [d6086a6b-d6cf-41c7-b0f0-8938d322a030:192.168.5.170:38414, 0ba01337-595b-4105-b408-2b17d3d783a7:192.168.5.170:34248, e8247901-e06f-451d-8c14-d461922cdde8:192.168.5.170:37056], old=null
2019-07-30 15:10:20,677 INFO  impl.RoleInfo (RoleInfo.java:shutdownLeaderElection(134)) - 0ba01337-595b-4105-b408-2b17d3d783a7: shutdown LeaderElection
2019-07-30 15:10:20,677 INFO  impl.RaftServerImpl (RaftServerImpl.java:setRole(171)) - 0ba01337-595b-4105-b408-2b17d3d783a7:group-F034892D73E4 changes role from CANDIDATE to LEADER at term 1 for changeToLeader
2019-07-30 15:10:20,677 INFO  impl.RaftServerImpl (ServerState.java:setLeader(263)) - 0ba01337-595b-4105-b408-2b17d3d783a7:group-F034892D73E4 change Leader from null to 0ba01337-595b-4105-b408-2b17d3d783a7 at term 1 for becomeLeader, leader elected after 5058ms
2019-07-30 15:10:20,677 INFO  server.RaftServerConfigKeys (ConfUtils.java:logGet(43)) - raft.server.staging.catchup.gap = 1000 (default)
2019-07-30 15:10:20,677 INFO  server.RaftServerConfigKeys (ConfUtils.java:logGet(43)) - raft.server.rpc.sleep.time = 25ms (default)
2019-07-30 15:10:20,677 INFO  server.RaftServerConfigKeys (ConfUtils.java:logGet(43)) - raft.server.write.element-limit = 4096 (default)
2019-07-30 15:10:20,678 INFO  server.RaftServerConfigKeys (ConfUtils.java:logGet(43)) - raft.server.watch.timeout = 10s (default)
2019-07-30 15:10:20,678 INFO  server.RaftServerConfigKeys (ConfUtils.java:logGet(43)) - raft.server.watch.timeout.denomination = 1s (default)
2019-07-30 15:10:20,678 INFO  server.RaftServerConfigKeys (ConfUtils.java:logGet(43)) - raft.server.watch.element-limit = 65536 (default)
2019-07-30 15:10:20,678 INFO  server.RaftServerConfigKeys (ConfUtils.java:logGet(43)) - raft.server.log.appender.snapshot.chunk.size.max = 16MB (=16777216) (default)
2019-07-30 15:10:20,678 INFO  server.RaftServerConfigKeys (ConfUtils.java:logGet(43)) - raft.server.log.appender.buffer.byte-limit = 33554432 (custom)
2019-07-30 15:10:20,678 INFO  server.RaftServerConfigKeys (ConfUtils.java:logGet(43)) - raft.server.log.appender.buffer.element-limit = 1 (custom)
2019-07-30 15:10:20,679 INFO  grpc.GrpcConfigKeys$Server (ConfUtils.java:logGet(43)) - raft.grpc.server.leader.outstanding.appends.max = 128 (default)
2019-07-30 15:10:20,679 INFO  server.RaftServerConfigKeys (ConfUtils.java:logGet(43)) - raft.server.rpc.request.timeout = 3000ms (default)
2019-07-30 15:10:20,679 INFO  server.RaftServerConfigKeys (ConfUtils.java:logGet(43)) - raft.server.log.appender.install.snapshot.enabled = false (custom)
2019-07-30 15:10:20,679 INFO  server.RaftServerConfigKeys (ConfUtils.java:logGet(43)) - raft.server.log.appender.snapshot.chunk.size.max = 16MB (=16777216) (default)
2019-07-30 15:10:20,679 INFO  server.RaftServerConfigKeys (ConfUtils.java:logGet(43)) - raft.server.log.appender.buffer.byte-limit = 33554432 (custom)
2019-07-30 15:10:20,679 INFO  server.RaftServerConfigKeys (ConfUtils.java:logGet(43)) - raft.server.log.appender.buffer.element-limit = 1 (custom)
2019-07-30 15:10:20,679 INFO  grpc.GrpcConfigKeys$Server (ConfUtils.java:logGet(43)) - raft.grpc.server.leader.outstanding.appends.max = 128 (default)
2019-07-30 15:10:20,680 INFO  server.RaftServerConfigKeys (ConfUtils.java:logGet(43)) - raft.server.rpc.request.timeout = 3000ms (default)
2019-07-30 15:10:20,680 INFO  server.RaftServerConfigKeys (ConfUtils.java:logGet(43)) - raft.server.log.appender.install.snapshot.enabled = false (custom)
2019-07-30 15:10:20,680 INFO  impl.RoleInfo (RoleInfo.java:updateAndGet(143)) - 0ba01337-595b-4105-b408-2b17d3d783a7: start LeaderState
2019-07-30 15:10:20,680 INFO  segmented.SegmentedRaftLogWorker (SegmentedRaftLogWorker.java:startLogSegment(380)) - 0ba01337-595b-4105-b408-2b17d3d783a7-SegmentedRaftLogWorker:Storage Directory /workdir/hadoop-ozone/integration-test/target/test-dir/MiniOzoneClusterImpl-ad46064b-6a94-4531-afe2-6a9f3b447690/datanode-5/data/ratis/43e010cb-dbd6-457d-8cad-f034892d73e4: Starting segment from index:0
2019-07-30 15:10:20,681 INFO  impl.RaftServerImpl (ServerState.java:setRaftConf(361)) - 0ba01337-595b-4105-b408-2b17d3d783a7:group-F034892D73E4 set configuration 0: [d6086a6b-d6cf-41c7-b0f0-8938d322a030:192.168.5.170:38414, 0ba01337-595b-4105-b408-2b17d3d783a7:192.168.5.170:34248, e8247901-e06f-451d-8c14-d461922cdde8:192.168.5.170:37056], old=null at 0
2019-07-30 15:10:20,682 INFO  impl.RaftServerImpl (ServerState.java:setLeader(263)) - d6086a6b-d6cf-41c7-b0f0-8938d322a030:group-F034892D73E4 change Leader from null to 0ba01337-595b-4105-b408-2b17d3d783a7 at term 1 for appendEntries, leader elected after 5063ms
2019-07-30 15:10:20,682 INFO  impl.RaftServerImpl (ServerState.java:setLeader(263)) - e8247901-e06f-451d-8c14-d461922cdde8:group-F034892D73E4 change Leader from null to 0ba01337-595b-4105-b408-2b17d3d783a7 at term 1 for appendEntries, leader elected after 5063ms
2019-07-30 15:10:20,704 INFO  impl.RaftServerImpl (ServerState.java:setRaftConf(361)) - d6086a6b-d6cf-41c7-b0f0-8938d322a030:group-F034892D73E4 set configuration 0: [d6086a6b-d6cf-41c7-b0f0-8938d322a030:192.168.5.170:38414, 0ba01337-595b-4105-b408-2b17d3d783a7:192.168.5.170:34248, e8247901-e06f-451d-8c14-d461922cdde8:192.168.5.170:37056], old=null at 0
2019-07-30 15:10:20,704 INFO  impl.RaftServerImpl (ServerState.java:setRaftConf(361)) - e8247901-e06f-451d-8c14-d461922cdde8:group-F034892D73E4 set configuration 0: [d6086a6b-d6cf-41c7-b0f0-8938d322a030:192.168.5.170:38414, 0ba01337-595b-4105-b408-2b17d3d783a7:192.168.5.170:34248, e8247901-e06f-451d-8c14-d461922cdde8:192.168.5.170:37056], old=null at 0
2019-07-30 15:10:20,704 INFO  segmented.SegmentedRaftLogWorker (SegmentedRaftLogWorker.java:startLogSegment(380)) - d6086a6b-d6cf-41c7-b0f0-8938d322a030-SegmentedRaftLogWorker:Storage Directory /workdir/hadoop-ozone/integration-test/target/test-dir/MiniOzoneClusterImpl-ad46064b-6a94-4531-afe2-6a9f3b447690/datanode-4/data/ratis/43e010cb-dbd6-457d-8cad-f034892d73e4: Starting segment from index:0
2019-07-30 15:10:20,705 INFO  segmented.SegmentedRaftLogWorker (SegmentedRaftLogWorker.java:startLogSegment(380)) - e8247901-e06f-451d-8c14-d461922cdde8-SegmentedRaftLogWorker:Storage Directory /workdir/hadoop-ozone/integration-test/target/test-dir/MiniOzoneClusterImpl-ad46064b-6a94-4531-afe2-6a9f3b447690/datanode-3/data/ratis/43e010cb-dbd6-457d-8cad-f034892d73e4: Starting segment from index:0
2019-07-30 15:10:20,722 INFO  segmented.SegmentedRaftLogWorker (SegmentedRaftLogWorker.java:execute(569)) - 0ba01337-595b-4105-b408-2b17d3d783a7-SegmentedRaftLogWorker:Storage Directory /workdir/hadoop-ozone/integration-test/target/test-dir/MiniOzoneClusterImpl-ad46064b-6a94-4531-afe2-6a9f3b447690/datanode-5/data/ratis/43e010cb-dbd6-457d-8cad-f034892d73e4: created new log segment /workdir/hadoop-ozone/integration-test/target/test-dir/MiniOzoneClusterImpl-ad46064b-6a94-4531-afe2-6a9f3b447690/datanode-5/data/ratis/43e010cb-dbd6-457d-8cad-f034892d73e4/current/log_inprogress_0
2019-07-30 15:10:20,733 INFO  segmented.SegmentedRaftLogWorker (SegmentedRaftLogWorker.java:execute(569)) - d6086a6b-d6cf-41c7-b0f0-8938d322a030-SegmentedRaftLogWorker:Storage Directory /workdir/hadoop-ozone/integration-test/target/test-dir/MiniOzoneClusterImpl-ad46064b-6a94-4531-afe2-6a9f3b447690/datanode-4/data/ratis/43e010cb-dbd6-457d-8cad-f034892d73e4: created new log segment /workdir/hadoop-ozone/integration-test/target/test-dir/MiniOzoneClusterImpl-ad46064b-6a94-4531-afe2-6a9f3b447690/datanode-4/data/ratis/43e010cb-dbd6-457d-8cad-f034892d73e4/current/log_inprogress_0
2019-07-30 15:10:20,747 INFO  segmented.SegmentedRaftLogWorker (SegmentedRaftLogWorker.java:execute(569)) - e8247901-e06f-451d-8c14-d461922cdde8-SegmentedRaftLogWorker:Storage Directory /workdir/hadoop-ozone/integration-test/target/test-dir/MiniOzoneClusterImpl-ad46064b-6a94-4531-afe2-6a9f3b447690/datanode-3/data/ratis/43e010cb-dbd6-457d-8cad-f034892d73e4: created new log segment /workdir/hadoop-ozone/integration-test/target/test-dir/MiniOzoneClusterImpl-ad46064b-6a94-4531-afe2-6a9f3b447690/datanode-3/data/ratis/43e010cb-dbd6-457d-8cad-f034892d73e4/current/log_inprogress_0
2019-07-30 15:10:20,854 INFO  client.GrpcClientProtocolClient (GrpcClientProtocolClient.java:onNext(255)) - client-5B44F51A1439->e8247901-e06f-451d-8c14-d461922cdde8: receive RaftClientReply:client-5B44F51A1439->e8247901-e06f-451d-8c14-d461922cdde8@group-F034892D73E4, cid=183, FAILED org.apache.ratis.protocol.NotLeaderException: Server e8247901-e06f-451d-8c14-d461922cdde8 is not the leader (0ba01337-595b-4105-b408-2b17d3d783a7:192.168.5.170:34248). Request must be sent to leader., logIndex=0, commits[e8247901-e06f-451d-8c14-d461922cdde8:c-1, d6086a6b-d6cf-41c7-b0f0-8938d322a030:c-1, 0ba01337-595b-4105-b408-2b17d3d783a7:c-1]
2019-07-30 15:10:20,861 INFO  impl.FollowerState (FollowerState.java:run(106)) - 0c197b38-9285-4782-8f27-f50830aee78d:group-5EF493BB936F changes to CANDIDATE, lastRpcTime:5105, electionTimeout:5105ms
2019-07-30 15:10:20,862 INFO  impl.RoleInfo (RoleInfo.java:shutdownFollowerState(121)) - 0c197b38-9285-4782-8f27-f50830aee78d: shutdown FollowerState
2019-07-30 15:10:20,862 INFO  impl.RaftServerImpl (RaftServerImpl.java:setRole(171)) - 0c197b38-9285-4782-8f27-f50830aee78d:group-5EF493BB936F changes role from FOLLOWER to CANDIDATE at term 0 for changeToCandidate
2019-07-30 15:10:20,862 INFO  impl.RoleInfo (RoleInfo.java:updateAndGet(143)) - 0c197b38-9285-4782-8f27-f50830aee78d: start LeaderElection
2019-07-30 15:10:20,882 INFO  impl.LeaderElection (LeaderElection.java:askForVotes(181)) - 0c197b38-9285-4782-8f27-f50830aee78d:group-5EF493BB936F:LeaderElection69: begin an election at term 1 for -1: [0c197b38-9285-4782-8f27-f50830aee78d:192.168.5.170:40895], old=null
2019-07-30 15:10:20,882 INFO  impl.RoleInfo (RoleInfo.java:shutdownLeaderElection(134)) - 0c197b38-9285-4782-8f27-f50830aee78d: shutdown LeaderElection
2019-07-30 15:10:20,882 INFO  impl.RaftServerImpl (RaftServerImpl.java:setRole(171)) - 0c197b38-9285-4782-8f27-f50830aee78d:group-5EF493BB936F changes role from CANDIDATE to LEADER at term 1 for changeToLeader
2019-07-30 15:10:20,882 INFO  impl.RaftServerImpl (ServerState.java:setLeader(263)) - 0c197b38-9285-4782-8f27-f50830aee78d:group-5EF493BB936F change Leader from null to 0c197b38-9285-4782-8f27-f50830aee78d at term 1 for becomeLeader, leader elected after 5132ms
2019-07-30 15:10:20,883 INFO  server.RaftServerConfigKeys (ConfUtils.java:logGet(43)) - raft.server.staging.catchup.gap = 1000 (default)
2019-07-30 15:10:20,883 INFO  server.RaftServerConfigKeys (ConfUtils.java:logGet(43)) - raft.server.rpc.sleep.time = 25ms (default)
2019-07-30 15:10:20,883 INFO  server.RaftServerConfigKeys (ConfUtils.java:logGet(43)) - raft.server.write.element-limit = 4096 (default)
2019-07-30 15:10:20,883 INFO  server.RaftServerConfigKeys (ConfUtils.java:logGet(43)) - raft.server.watch.timeout = 10s (default)
2019-07-30 15:10:20,883 INFO  server.RaftServerConfigKeys (ConfUtils.java:logGet(43)) - raft.server.watch.timeout.denomination = 1s (default)
2019-07-30 15:10:20,883 INFO  server.RaftServerConfigKeys (ConfUtils.java:logGet(43)) - raft.server.watch.element-limit = 65536 (default)
2019-07-30 15:10:20,884 INFO  impl.RoleInfo (RoleInfo.java:updateAndGet(143)) - 0c197b38-9285-4782-8f27-f50830aee78d: start LeaderState
2019-07-30 15:10:20,884 INFO  segmented.SegmentedRaftLogWorker (SegmentedRaftLogWorker.java:startLogSegment(380)) - 0c197b38-9285-4782-8f27-f50830aee78d-SegmentedRaftLogWorker:Storage Directory /workdir/hadoop-ozone/integration-test/target/test-dir/MiniOzoneClusterImpl-ad46064b-6a94-4531-afe2-6a9f3b447690/datanode-6/data/ratis/933adffc-9f93-430e-98ff-5ef493bb936f: Starting segment from index:0
2019-07-30 15:10:20,885 INFO  impl.RaftServerImpl (ServerState.java:setRaftConf(361)) - 0c197b38-9285-4782-8f27-f50830aee78d:group-5EF493BB936F set configuration 0: [0c197b38-9285-4782-8f27-f50830aee78d:192.168.5.170:40895], old=null at 0
2019-07-30 15:10:20,907 INFO  segmented.SegmentedRaftLogWorker (SegmentedRaftLogWorker.java:execute(569)) - 0c197b38-9285-4782-8f27-f50830aee78d-SegmentedRaftLogWorker:Storage Directory /workdir/hadoop-ozone/integration-test/target/test-dir/MiniOzoneClusterImpl-ad46064b-6a94-4531-afe2-6a9f3b447690/datanode-6/data/ratis/933adffc-9f93-430e-98ff-5ef493bb936f: created new log segment /workdir/hadoop-ozone/integration-test/target/test-dir/MiniOzoneClusterImpl-ad46064b-6a94-4531-afe2-6a9f3b447690/datanode-6/data/ratis/933adffc-9f93-430e-98ff-5ef493bb936f/current/log_inprogress_0
2019-07-30 15:10:21,001 INFO  client.GrpcClientProtocolClient (GrpcClientProtocolClient.java:onNext(255)) - client-5B44F51A1439->0ba01337-595b-4105-b408-2b17d3d783a7: receive RaftClientReply:client-5B44F51A1439->0ba01337-595b-4105-b408-2b17d3d783a7@group-F034892D73E4, cid=183, SUCCESS, logIndex=1, commits[0ba01337-595b-4105-b408-2b17d3d783a7:c1, d6086a6b-d6cf-41c7-b0f0-8938d322a030:c0, e8247901-e06f-451d-8c14-d461922cdde8:c0]
2019-07-30 15:10:21,025 INFO  client.GrpcClientProtocolClient (GrpcClientProtocolClient.java:onNext(255)) - client-5B44F51A1439->0ba01337-595b-4105-b408-2b17d3d783a7: receive RaftClientReply:client-5B44F51A1439->0ba01337-595b-4105-b408-2b17d3d783a7@group-F034892D73E4, cid=184, SUCCESS, logIndex=3, commits[0ba01337-595b-4105-b408-2b17d3d783a7:c4, d6086a6b-d6cf-41c7-b0f0-8938d322a030:c2, e8247901-e06f-451d-8c14-d461922cdde8:c2]
2019-07-30 15:10:21,076 INFO  client.GrpcClientProtocolClient (GrpcClientProtocolClient.java:onNext(255)) - client-5B44F51A1439->0ba01337-595b-4105-b408-2b17d3d783a7: receive RaftClientReply:client-5B44F51A1439->0ba01337-595b-4105-b408-2b17d3d783a7@group-F034892D73E4, cid=185, SUCCESS, logIndex=4, commits[0ba01337-595b-4105-b408-2b17d3d783a7:c12, d6086a6b-d6cf-41c7-b0f0-8938d322a030:c7, e8247901-e06f-451d-8c14-d461922cdde8:c7]
2019-07-30 15:10:21,077 INFO  client.GrpcClientProtocolClient (GrpcClientProtocolClient.java:onNext(255)) - client-5B44F51A1439->0ba01337-595b-4105-b408-2b17d3d783a7: receive RaftClientReply:client-5B44F51A1439->0ba01337-595b-4105-b408-2b17d3d783a7@group-F034892D73E4, cid=186, SUCCESS, logIndex=5, commits[0ba01337-595b-4105-b408-2b17d3d783a7:c12, d6086a6b-d6cf-41c7-b0f0-8938d322a030:c7, e8247901-e06f-451d-8c14-d461922cdde8:c7]
2019-07-30 15:10:21,080 INFO  client.GrpcClientProtocolClient (GrpcClientProtocolClient.java:onNext(255)) - client-5B44F51A1439->0ba01337-595b-4105-b408-2b17d3d783a7: receive RaftClientReply:client-5B44F51A1439->0ba01337-595b-4105-b408-2b17d3d783a7@group-F034892D73E4, cid=187, SUCCESS, logIndex=6, commits[0ba01337-595b-4105-b408-2b17d3d783a7:c12, d6086a6b-d6cf-41c7-b0f0-8938d322a030:c7, e8247901-e06f-451d-8c14-d461922cdde8:c7]
2019-07-30 15:10:21,143 INFO  client.GrpcClientProtocolClient (GrpcClientProtocolClient.java:onNext(255)) - client-5B44F51A1439->0ba01337-595b-4105-b408-2b17d3d783a7: receive RaftClientReply:client-5B44F51A1439->0ba01337-595b-4105-b408-2b17d3d783a7@group-F034892D73E4, cid=188, SUCCESS, logIndex=7, commits[0ba01337-595b-4105-b408-2b17d3d783a7:c12, d6086a6b-d6cf-41c7-b0f0-8938d322a030:c7, e8247901-e06f-451d-8c14-d461922cdde8:c7]
2019-07-30 15:10:21,151 INFO  client.GrpcClientProtocolClient (GrpcClientProtocolClient.java:onNext(255)) - client-5B44F51A1439->0ba01337-595b-4105-b408-2b17d3d783a7: receive RaftClientReply:client-5B44F51A1439->0ba01337-595b-4105-b408-2b17d3d783a7@group-F034892D73E4, cid=189, SUCCESS, logIndex=13, commits[0ba01337-595b-4105-b408-2b17d3d783a7:c13, d6086a6b-d6cf-41c7-b0f0-8938d322a030:c12, e8247901-e06f-451d-8c14-d461922cdde8:c12]
2019-07-30 15:10:21,160 INFO  client.GrpcClientProtocolClient (GrpcClientProtocolClient.java:onNext(255)) - client-5B44F51A1439->0ba01337-595b-4105-b408-2b17d3d783a7: receive RaftClientReply:client-5B44F51A1439->0ba01337-595b-4105-b408-2b17d3d783a7@group-F034892D73E4, cid=190, SUCCESS, logIndex=14, commits[0ba01337-595b-4105-b408-2b17d3d783a7:c14, d6086a6b-d6cf-41c7-b0f0-8938d322a030:c12, e8247901-e06f-451d-8c14-d461922cdde8:c12]
2019-07-30 15:10:22,162 WARN  scm.XceiverClientRatis (XceiverClientRatis.java:watchForCommit(262)) - 3 way commit failed on pipeline Pipeline[ Id: 43e010cb-dbd6-457d-8cad-f034892d73e4, Nodes: d6086a6b-d6cf-41c7-b0f0-8938d322a030{ip: 192.168.5.170, host: byscane-nightly-xg47r-921641087, networkLocation: /default-rack, certSerialId: null}e8247901-e06f-451d-8c14-d461922cdde8{ip: 192.168.5.170, host: byscane-nightly-xg47r-921641087, networkLocation: /default-rack, certSerialId: null}0ba01337-595b-4105-b408-2b17d3d783a7{ip: 192.168.5.170, host: byscane-nightly-xg47r-921641087, networkLocation: /default-rack, certSerialId: null}, Type:RATIS, Factor:THREE, State:OPEN]
java.util.concurrent.TimeoutException
	at java.util.concurrent.CompletableFuture.timedGet(CompletableFuture.java:1771)
	at java.util.concurrent.CompletableFuture.get(CompletableFuture.java:1915)
	at org.apache.hadoop.hdds.scm.XceiverClientRatis.watchForCommit(XceiverClientRatis.java:259)
	at org.apache.hadoop.hdds.scm.storage.CommitWatcher.watchForCommit(CommitWatcher.java:194)
	at org.apache.hadoop.hdds.scm.storage.CommitWatcher.watchOnLastIndex(CommitWatcher.java:157)
	at org.apache.hadoop.hdds.scm.storage.BlockOutputStream.watchForCommit(BlockOutputStream.java:347)
	at org.apache.hadoop.hdds.scm.storage.BlockOutputStream.handleFlush(BlockOutputStream.java:479)
	at org.apache.hadoop.hdds.scm.storage.BlockOutputStream.flush(BlockOutputStream.java:428)
	at org.apache.hadoop.ozone.client.io.BlockOutputStreamEntry.flush(BlockOutputStreamEntry.java:136)
	at org.apache.hadoop.ozone.client.io.KeyOutputStream.handleFlushOrClose(KeyOutputStream.java:442)
	at org.apache.hadoop.ozone.client.io.KeyOutputStream.flush(KeyOutputStream.java:396)
	at org.apache.hadoop.ozone.client.io.OzoneOutputStream.flush(OzoneOutputStream.java:54)
	at org.apache.hadoop.ozone.client.rpc.TestBlockOutputStreamWithFailures.testWatchForCommitDatanodeFailure(TestBlockOutputStreamWithFailures.java:330)
	at sun.reflect.NativeMethodAccessorImpl.invoke0(Native Method)
	at sun.reflect.NativeMethodAccessorImpl.invoke(NativeMethodAccessorImpl.java:62)
	at sun.reflect.DelegatingMethodAccessorImpl.invoke(DelegatingMethodAccessorImpl.java:43)
	at java.lang.reflect.Method.invoke(Method.java:498)
	at org.junit.runners.model.FrameworkMethod$1.runReflectiveCall(FrameworkMethod.java:47)
	at org.junit.internal.runners.model.ReflectiveCallable.run(ReflectiveCallable.java:12)
	at org.junit.runners.model.FrameworkMethod.invokeExplosively(FrameworkMethod.java:44)
	at org.junit.internal.runners.statements.InvokeMethod.evaluate(InvokeMethod.java:17)
	at org.junit.internal.runners.statements.RunBefores.evaluate(RunBefores.java:26)
	at org.junit.internal.runners.statements.RunAfters.evaluate(RunAfters.java:27)
	at org.junit.runners.ParentRunner.runLeaf(ParentRunner.java:271)
	at org.junit.runners.BlockJUnit4ClassRunner.runChild(BlockJUnit4ClassRunner.java:70)
	at org.junit.runners.BlockJUnit4ClassRunner.runChild(BlockJUnit4ClassRunner.java:50)
	at org.junit.runners.ParentRunner$3.run(ParentRunner.java:238)
	at org.junit.runners.ParentRunner$1.schedule(ParentRunner.java:63)
	at org.junit.runners.ParentRunner.runChildren(ParentRunner.java:236)
	at org.junit.runners.ParentRunner.access$000(ParentRunner.java:53)
	at org.junit.runners.ParentRunner$2.evaluate(ParentRunner.java:229)
	at org.junit.runners.ParentRunner.run(ParentRunner.java:309)
	at org.apache.maven.surefire.junit4.JUnit4Provider.execute(JUnit4Provider.java:365)
	at org.apache.maven.surefire.junit4.JUnit4Provider.executeWithRerun(JUnit4Provider.java:273)
	at org.apache.maven.surefire.junit4.JUnit4Provider.executeTestSet(JUnit4Provider.java:238)
	at org.apache.maven.surefire.junit4.JUnit4Provider.invoke(JUnit4Provider.java:159)
	at org.apache.maven.surefire.booter.ForkedBooter.invokeProviderInSameClassLoader(ForkedBooter.java:384)
	at org.apache.maven.surefire.booter.ForkedBooter.runSuitesInProcess(ForkedBooter.java:345)
	at org.apache.maven.surefire.booter.ForkedBooter.execute(ForkedBooter.java:126)
	at org.apache.maven.surefire.booter.ForkedBooter.main(ForkedBooter.java:418)
2019-07-30 15:10:23,164 WARN  storage.CommitWatcher (CommitWatcher.java:watchForCommit(203)) - watchForCommit failed for index 14
java.util.concurrent.TimeoutException
	at java.util.concurrent.CompletableFuture.timedGet(CompletableFuture.java:1771)
	at java.util.concurrent.CompletableFuture.get(CompletableFuture.java:1915)
	at org.apache.hadoop.hdds.scm.XceiverClientRatis.watchForCommit(XceiverClientRatis.java:268)
	at org.apache.hadoop.hdds.scm.storage.CommitWatcher.watchForCommit(CommitWatcher.java:194)
	at org.apache.hadoop.hdds.scm.storage.CommitWatcher.watchOnLastIndex(CommitWatcher.java:157)
	at org.apache.hadoop.hdds.scm.storage.BlockOutputStream.watchForCommit(BlockOutputStream.java:347)
	at org.apache.hadoop.hdds.scm.storage.BlockOutputStream.handleFlush(BlockOutputStream.java:479)
	at org.apache.hadoop.hdds.scm.storage.BlockOutputStream.flush(BlockOutputStream.java:428)
	at org.apache.hadoop.ozone.client.io.BlockOutputStreamEntry.flush(BlockOutputStreamEntry.java:136)
	at org.apache.hadoop.ozone.client.io.KeyOutputStream.handleFlushOrClose(KeyOutputStream.java:442)
	at org.apache.hadoop.ozone.client.io.KeyOutputStream.flush(KeyOutputStream.java:396)
	at org.apache.hadoop.ozone.client.io.OzoneOutputStream.flush(OzoneOutputStream.java:54)
	at org.apache.hadoop.ozone.client.rpc.TestBlockOutputStreamWithFailures.testWatchForCommitDatanodeFailure(TestBlockOutputStreamWithFailures.java:330)
	at sun.reflect.NativeMethodAccessorImpl.invoke0(Native Method)
	at sun.reflect.NativeMethodAccessorImpl.invoke(NativeMethodAccessorImpl.java:62)
	at sun.reflect.DelegatingMethodAccessorImpl.invoke(DelegatingMethodAccessorImpl.java:43)
	at java.lang.reflect.Method.invoke(Method.java:498)
	at org.junit.runners.model.FrameworkMethod$1.runReflectiveCall(FrameworkMethod.java:47)
	at org.junit.internal.runners.model.ReflectiveCallable.run(ReflectiveCallable.java:12)
	at org.junit.runners.model.FrameworkMethod.invokeExplosively(FrameworkMethod.java:44)
	at org.junit.internal.runners.statements.InvokeMethod.evaluate(InvokeMethod.java:17)
	at org.junit.internal.runners.statements.RunBefores.evaluate(RunBefores.java:26)
	at org.junit.internal.runners.statements.RunAfters.evaluate(RunAfters.java:27)
	at org.junit.runners.ParentRunner.runLeaf(ParentRunner.java:271)
	at org.junit.runners.BlockJUnit4ClassRunner.runChild(BlockJUnit4ClassRunner.java:70)
	at org.junit.runners.BlockJUnit4ClassRunner.runChild(BlockJUnit4ClassRunner.java:50)
	at org.junit.runners.ParentRunner$3.run(ParentRunner.java:238)
	at org.junit.runners.ParentRunner$1.schedule(ParentRunner.java:63)
	at org.junit.runners.ParentRunner.runChildren(ParentRunner.java:236)
	at org.junit.runners.ParentRunner.access$000(ParentRunner.java:53)
	at org.junit.runners.ParentRunner$2.evaluate(ParentRunner.java:229)
	at org.junit.runners.ParentRunner.run(ParentRunner.java:309)
	at org.apache.maven.surefire.junit4.JUnit4Provider.execute(JUnit4Provider.java:365)
	at org.apache.maven.surefire.junit4.JUnit4Provider.executeWithRerun(JUnit4Provider.java:273)
	at org.apache.maven.surefire.junit4.JUnit4Provider.executeTestSet(JUnit4Provider.java:238)
	at org.apache.maven.surefire.junit4.JUnit4Provider.invoke(JUnit4Provider.java:159)
	at org.apache.maven.surefire.booter.ForkedBooter.invokeProviderInSameClassLoader(ForkedBooter.java:384)
	at org.apache.maven.surefire.booter.ForkedBooter.runSuitesInProcess(ForkedBooter.java:345)
	at org.apache.maven.surefire.booter.ForkedBooter.execute(ForkedBooter.java:126)
	at org.apache.maven.surefire.booter.ForkedBooter.main(ForkedBooter.java:418)
2019-07-30 15:10:23,166 WARN  io.KeyOutputStream (KeyOutputStream.java:handleException(276)) - Encountered exception java.io.IOException: Unexpected Storage Container Exception: java.io.IOException: Unexpected Storage Container Exception: java.util.concurrent.TimeoutException on the pipeline Pipeline[ Id: 43e010cb-dbd6-457d-8cad-f034892d73e4, Nodes: d6086a6b-d6cf-41c7-b0f0-8938d322a030{ip: 192.168.5.170, host: byscane-nightly-xg47r-921641087, networkLocation: /default-rack, certSerialId: null}e8247901-e06f-451d-8c14-d461922cdde8{ip: 192.168.5.170, host: byscane-nightly-xg47r-921641087, networkLocation: /default-rack, certSerialId: null}0ba01337-595b-4105-b408-2b17d3d783a7{ip: 192.168.5.170, host: byscane-nightly-xg47r-921641087, networkLocation: /default-rack, certSerialId: null}, Type:RATIS, Factor:THREE, State:OPEN]. The last committed block length is 400, uncommitted data length is 50 retry count 0
2019-07-30 15:10:23,310 INFO  client.GrpcClientProtocolClient (GrpcClientProtocolClient.java:onNext(255)) - client-FF58FE812246->e3c214c8-e82a-41f9-a71a-9bd5eb099339: receive RaftClientReply:client-FF58FE812246->e3c214c8-e82a-41f9-a71a-9bd5eb099339@group-98300A8E0D66, cid=193, SUCCESS, logIndex=1, commits[e3c214c8-e82a-41f9-a71a-9bd5eb099339:c1, 0095d080-e03a-4362-b098-b6a3a0c0b1d1:c0, f299e6bf-7fb7-4e37-88ad-0be7bc4b776d:c0]
2019-07-30 15:10:23,359 INFO  client.GrpcClientProtocolClient (GrpcClientProtocolClient.java:onNext(255)) - client-FF58FE812246->e3c214c8-e82a-41f9-a71a-9bd5eb099339: receive RaftClientReply:client-FF58FE812246->e3c214c8-e82a-41f9-a71a-9bd5eb099339@group-98300A8E0D66, cid=194, SUCCESS, logIndex=3, commits[e3c214c8-e82a-41f9-a71a-9bd5eb099339:c4, 0095d080-e03a-4362-b098-b6a3a0c0b1d1:c3, f299e6bf-7fb7-4e37-88ad-0be7bc4b776d:c3]
2019-07-30 15:10:23,361 INFO  ozone.MiniOzoneClusterImpl (MiniOzoneClusterImpl.java:shutdown(321)) - Shutting down the Mini Ozone Cluster
2019-07-30 15:10:23,361 INFO  ozone.MiniOzoneClusterImpl (MiniOzoneClusterImpl.java:stop(336)) - Stopping the Mini Ozone Cluster
2019-07-30 15:10:23,362 INFO  ozone.MiniOzoneClusterImpl (MiniOzoneClusterImpl.java:stop(338)) - Stopping the OzoneManager
2019-07-30 15:10:23,362 INFO  ipc.Server (Server.java:stop(3082)) - Stopping server on 35129
2019-07-30 15:10:23,377 INFO  ipc.Server (Server.java:run(1185)) - Stopping IPC Server listener on 35129
2019-07-30 15:10:23,380 INFO  ipc.Server (Server.java:run(1319)) - Stopping IPC Server Responder
2019-07-30 15:10:23,377 INFO  utils.BackgroundService (BackgroundService.java:shutdown(148)) - Shutting down service KeyDeletingService
2019-07-30 15:10:23,407 INFO  handler.ContextHandler (ContextHandler.java:doStop(910)) - Stopped o.e.j.w.WebAppContext@786de0a3{/,null,UNAVAILABLE}{/ozoneManager}
2019-07-30 15:10:23,408 INFO  server.AbstractConnector (AbstractConnector.java:doStop(318)) - Stopped ServerConnector@472dc215{HTTP/1.1,[http/1.1]}{0.0.0.0:0}
2019-07-30 15:10:23,409 INFO  handler.ContextHandler (ContextHandler.java:doStop(910)) - Stopped o.e.j.s.ServletContextHandler@6d76aa05{/static,file:///workdir/hadoop-ozone/integration-test/target/test-classes/webapps/static,UNAVAILABLE}
2019-07-30 15:10:23,409 INFO  handler.ContextHandler (ContextHandler.java:doStop(910)) - Stopped o.e.j.s.ServletContextHandler@776b7fa2{/logs,file:///workdir/hadoop-ozone/integration-test/target/log,UNAVAILABLE}
2019-07-30 15:10:23,415 INFO  ozone.MiniOzoneClusterImpl (MiniOzoneClusterImpl.java:stop(344)) - Shutting the HddsDatanodes
2019-07-30 15:10:23,415 INFO  datanode.ObjectStoreHandler (ObjectStoreHandler.java:close(155)) - Closing ObjectStoreHandler.
2019-07-30 15:10:23,415 INFO  datanode.ObjectStoreHandler (ObjectStoreHandler.java:close(155)) - Closing ObjectStoreHandler.
2019-07-30 15:10:23,416 INFO  ozone.HddsDatanodeService (HddsDatanodeService.java:stop(451)) - Stopped plug-in org.apache.hadoop.ozone.web.OzoneHddsDatanodeService@2e29a7d
2019-07-30 15:10:23,416 INFO  ozone.HddsDatanodeService (HddsDatanodeService.java:stop(451)) - Stopped plug-in org.apache.hadoop.ozone.web.OzoneHddsDatanodeService@533165e7
2019-07-30 15:10:23,669 INFO  client.GrpcClientProtocolClient (GrpcClientProtocolClient.java:onNext(255)) - client-5B44F51A1439->0ba01337-595b-4105-b408-2b17d3d783a7: receive RaftClientReply:client-5B44F51A1439->0ba01337-595b-4105-b408-2b17d3d783a7@group-F034892D73E4, cid=192, SUCCESS, logIndex=0, commits[0ba01337-595b-4105-b408-2b17d3d783a7:c16, d6086a6b-d6cf-41c7-b0f0-8938d322a030:c16, e8247901-e06f-451d-8c14-d461922cdde8:c16]
2019-07-30 15:10:23,670 INFO  client.GrpcClientProtocolClient (GrpcClientProtocolClient.java:onNext(255)) - client-5B44F51A1439->0ba01337-595b-4105-b408-2b17d3d783a7: receive RaftClientReply:client-5B44F51A1439->0ba01337-595b-4105-b408-2b17d3d783a7@group-F034892D73E4, cid=191, SUCCESS, logIndex=0, commits[0ba01337-595b-4105-b408-2b17d3d783a7:c16, d6086a6b-d6cf-41c7-b0f0-8938d322a030:c16, e8247901-e06f-451d-8c14-d461922cdde8:c16]
2019-07-30 15:10:23,973 INFO  statemachine.DatanodeStateMachine (DatanodeStateMachine.java:lambda$startDaemon$0(350)) - Ozone container server started.
2019-07-30 15:10:24,295 INFO  statemachine.DatanodeStateMachine (DatanodeStateMachine.java:lambda$startDaemon$0(350)) - Ozone container server started.
2019-07-30 15:10:28,013 INFO  node.StaleNodeHandler (StaleNodeHandler.java:onMessage(58)) - Datanode d6086a6b-d6cf-41c7-b0f0-8938d322a030{ip: 192.168.5.170, host: byscane-nightly-xg47r-921641087, networkLocation: /default-rack, certSerialId: null} moved to stale state. Finalizing its pipelines [PipelineID=43e010cb-dbd6-457d-8cad-f034892d73e4, PipelineID=5335e366-25ee-4ec2-8e5e-80220cee4786]
2019-07-30 15:10:28,014 INFO  pipeline.SCMPipelineManager (SCMPipelineManager.java:finalizeAndDestroyPipeline(309)) - destroying pipeline:Pipeline[ Id: 43e010cb-dbd6-457d-8cad-f034892d73e4, Nodes: d6086a6b-d6cf-41c7-b0f0-8938d322a030{ip: 192.168.5.170, host: byscane-nightly-xg47r-921641087, networkLocation: /default-rack, certSerialId: null}e8247901-e06f-451d-8c14-d461922cdde8{ip: 192.168.5.170, host: byscane-nightly-xg47r-921641087, networkLocation: /default-rack, certSerialId: null}0ba01337-595b-4105-b408-2b17d3d783a7{ip: 192.168.5.170, host: byscane-nightly-xg47r-921641087, networkLocation: /default-rack, certSerialId: null}, Type:RATIS, Factor:THREE, State:OPEN]
2019-07-30 15:10:28,014 INFO  pipeline.PipelineStateManager (PipelineStateManager.java:finalizePipeline(123)) - Pipeline Pipeline[ Id: 43e010cb-dbd6-457d-8cad-f034892d73e4, Nodes: d6086a6b-d6cf-41c7-b0f0-8938d322a030{ip: 192.168.5.170, host: byscane-nightly-xg47r-921641087, networkLocation: /default-rack, certSerialId: null}e8247901-e06f-451d-8c14-d461922cdde8{ip: 192.168.5.170, host: byscane-nightly-xg47r-921641087, networkLocation: /default-rack, certSerialId: null}0ba01337-595b-4105-b408-2b17d3d783a7{ip: 192.168.5.170, host: byscane-nightly-xg47r-921641087, networkLocation: /default-rack, certSerialId: null}, Type:RATIS, Factor:THREE, State:CLOSED] moved to CLOSED state
2019-07-30 15:10:28,015 INFO  container.CloseContainerEventHandler (CloseContainerEventHandler.java:onMessage(61)) - Close container Event triggered for container : #1
2019-07-30 15:10:28,015 INFO  pipeline.SCMPipelineManager (SCMPipelineManager.java:finalizeAndDestroyPipeline(309)) - destroying pipeline:Pipeline[ Id: 5335e366-25ee-4ec2-8e5e-80220cee4786, Nodes: d6086a6b-d6cf-41c7-b0f0-8938d322a030{ip: 192.168.5.170, host: byscane-nightly-xg47r-921641087, networkLocation: /default-rack, certSerialId: null}, Type:RATIS, Factor:ONE, State:OPEN]
2019-07-30 15:10:28,015 INFO  pipeline.PipelineStateManager (PipelineStateManager.java:finalizePipeline(123)) - Pipeline Pipeline[ Id: 5335e366-25ee-4ec2-8e5e-80220cee4786, Nodes: d6086a6b-d6cf-41c7-b0f0-8938d322a030{ip: 192.168.5.170, host: byscane-nightly-xg47r-921641087, networkLocation: /default-rack, certSerialId: null}, Type:RATIS, Factor:ONE, State:CLOSED] moved to CLOSED state
2019-07-30 15:10:28,313 INFO  node.StaleNodeHandler (StaleNodeHandler.java:onMessage(58)) - Datanode 0095d080-e03a-4362-b098-b6a3a0c0b1d1{ip: 192.168.5.170, host: byscane-nightly-xg47r-921641087, networkLocation: /default-rack, certSerialId: null} moved to stale state. Finalizing its pipelines [PipelineID=20e840da-6118-4bc2-ae9b-1e0916afb0e5, PipelineID=a8c0aadd-a882-4b60-936c-98300a8e0d66]
2019-07-30 15:10:28,313 INFO  pipeline.SCMPipelineManager (SCMPipelineManager.java:finalizeAndDestroyPipeline(309)) - destroying pipeline:Pipeline[ Id: 20e840da-6118-4bc2-ae9b-1e0916afb0e5, Nodes: 0095d080-e03a-4362-b098-b6a3a0c0b1d1{ip: 192.168.5.170, host: byscane-nightly-xg47r-921641087, networkLocation: /default-rack, certSerialId: null}, Type:RATIS, Factor:ONE, State:OPEN]
2019-07-30 15:10:28,314 INFO  pipeline.PipelineStateManager (PipelineStateManager.java:finalizePipeline(123)) - Pipeline Pipeline[ Id: 20e840da-6118-4bc2-ae9b-1e0916afb0e5, Nodes: 0095d080-e03a-4362-b098-b6a3a0c0b1d1{ip: 192.168.5.170, host: byscane-nightly-xg47r-921641087, networkLocation: /default-rack, certSerialId: null}, Type:RATIS, Factor:ONE, State:CLOSED] moved to CLOSED state
2019-07-30 15:10:28,314 INFO  pipeline.SCMPipelineManager (SCMPipelineManager.java:finalizeAndDestroyPipeline(309)) - destroying pipeline:Pipeline[ Id: a8c0aadd-a882-4b60-936c-98300a8e0d66, Nodes: e3c214c8-e82a-41f9-a71a-9bd5eb099339{ip: 192.168.5.170, host: byscane-nightly-xg47r-921641087, networkLocation: /default-rack, certSerialId: null}0095d080-e03a-4362-b098-b6a3a0c0b1d1{ip: 192.168.5.170, host: byscane-nightly-xg47r-921641087, networkLocation: /default-rack, certSerialId: null}f299e6bf-7fb7-4e37-88ad-0be7bc4b776d{ip: 192.168.5.170, host: byscane-nightly-xg47r-921641087, networkLocation: /default-rack, certSerialId: null}, Type:RATIS, Factor:THREE, State:OPEN]
2019-07-30 15:10:28,314 INFO  pipeline.PipelineStateManager (PipelineStateManager.java:finalizePipeline(123)) - Pipeline Pipeline[ Id: a8c0aadd-a882-4b60-936c-98300a8e0d66, Nodes: e3c214c8-e82a-41f9-a71a-9bd5eb099339{ip: 192.168.5.170, host: byscane-nightly-xg47r-921641087, networkLocation: /default-rack, certSerialId: null}0095d080-e03a-4362-b098-b6a3a0c0b1d1{ip: 192.168.5.170, host: byscane-nightly-xg47r-921641087, networkLocation: /default-rack, certSerialId: null}f299e6bf-7fb7-4e37-88ad-0be7bc4b776d{ip: 192.168.5.170, host: byscane-nightly-xg47r-921641087, networkLocation: /default-rack, certSerialId: null}, Type:RATIS, Factor:THREE, State:CLOSED] moved to CLOSED state
2019-07-30 15:10:28,314 INFO  container.CloseContainerEventHandler (CloseContainerEventHandler.java:onMessage(61)) - Close container Event triggered for container : #2
2019-07-30 15:10:28,417 INFO  ozoneimpl.OzoneContainer (OzoneContainer.java:stop(199)) - Attempting to stop container services.
2019-07-30 15:10:28,417 INFO  ozoneimpl.OzoneContainer (OzoneContainer.java:stop(199)) - Attempting to stop container services.
2019-07-30 15:10:28,418 INFO  impl.RaftServerProxy (RaftServerProxy.java:lambda$close$4(314)) - 0095d080-e03a-4362-b098-b6a3a0c0b1d1: close
2019-07-30 15:10:28,418 INFO  impl.RaftServerProxy (RaftServerProxy.java:lambda$close$4(314)) - d6086a6b-d6cf-41c7-b0f0-8938d322a030: close
2019-07-30 15:10:28,419 INFO  impl.RaftServerImpl (RaftServerImpl.java:lambda$shutdown$3(245)) - 0095d080-e03a-4362-b098-b6a3a0c0b1d1: shutdown group-1E0916AFB0E5
2019-07-30 15:10:28,419 INFO  impl.RaftServerImpl (RaftServerImpl.java:lambda$shutdown$3(245)) - d6086a6b-d6cf-41c7-b0f0-8938d322a030: shutdown group-F034892D73E4
2019-07-30 15:10:28,419 INFO  util.JmxRegister (JmxRegister.java:unregister(73)) - Successfully un-registered JMX Bean with object name Ratis:service=RaftServer,group=group-1E0916AFB0E5,id=0095d080-e03a-4362-b098-b6a3a0c0b1d1
2019-07-30 15:10:28,420 INFO  util.JmxRegister (JmxRegister.java:unregister(73)) - Successfully un-registered JMX Bean with object name Ratis:service=RaftServer,group=group-F034892D73E4,id=d6086a6b-d6cf-41c7-b0f0-8938d322a030
2019-07-30 15:10:28,420 INFO  impl.RoleInfo (RoleInfo.java:shutdownLeaderState(104)) - 0095d080-e03a-4362-b098-b6a3a0c0b1d1: shutdown LeaderState
2019-07-30 15:10:28,420 INFO  impl.RoleInfo (RoleInfo.java:shutdownFollowerState(121)) - d6086a6b-d6cf-41c7-b0f0-8938d322a030: shutdown FollowerState
2019-07-30 15:10:28,421 INFO  impl.PendingRequests (PendingRequests.java:sendNotLeaderResponses(202)) - 0095d080-e03a-4362-b098-b6a3a0c0b1d1-PendingRequests: sendNotLeaderResponses
2019-07-30 15:10:28,421 INFO  ratis.ContainerStateMachine (ContainerStateMachine.java:takeSnapshot(262)) - group-F034892D73E4: Taking a snapshot at:(t:1, i:16) file /workdir/hadoop-ozone/integration-test/target/test-dir/MiniOzoneClusterImpl-ad46064b-6a94-4531-afe2-6a9f3b447690/datanode-4/data/ratis/43e010cb-dbd6-457d-8cad-f034892d73e4/sm/snapshot.1_16
2019-07-30 15:10:28,422 INFO  impl.StateMachineUpdater (StateMachineUpdater.java:stopAndJoin(115)) - StateMachineUpdater:0095d080-e03a-4362-b098-b6a3a0c0b1d1:group-1E0916AFB0E5: set stopIndex = 0
2019-07-30 15:10:28,421 INFO  impl.FollowerState (FollowerState.java:run(114)) - d6086a6b-d6cf-41c7-b0f0-8938d322a030: FollowerState was interrupted: java.lang.InterruptedException: sleep interrupted
2019-07-30 15:10:28,421 INFO  impl.StateMachineUpdater (StateMachineUpdater.java:stopAndJoin(115)) - StateMachineUpdater:d6086a6b-d6cf-41c7-b0f0-8938d322a030:group-F034892D73E4: set stopIndex = 16
2019-07-30 15:10:28,422 INFO  impl.RaftServerImpl (ServerState.java:close(394)) - 0095d080-e03a-4362-b098-b6a3a0c0b1d1:group-1E0916AFB0E5 closes. The last applied log index is 0
2019-07-30 15:10:28,427 INFO  segmented.SegmentedRaftLogWorker (SegmentedRaftLogWorker.java:run(313)) - 0095d080-e03a-4362-b098-b6a3a0c0b1d1-SegmentedRaftLogWorker:Storage Directory /workdir/hadoop-ozone/integration-test/target/test-dir/MiniOzoneClusterImpl-ad46064b-6a94-4531-afe2-6a9f3b447690/datanode-1/data/ratis/20e840da-6118-4bc2-ae9b-1e0916afb0e5 was interrupted, exiting. There are 0 tasks remaining in the queue.
2019-07-30 15:10:28,434 INFO  segmented.SegmentedRaftLogWorker (SegmentedRaftLogWorker.java:close(228)) - 0095d080-e03a-4362-b098-b6a3a0c0b1d1-SegmentedRaftLogWorker:Storage Directory /workdir/hadoop-ozone/integration-test/target/test-dir/MiniOzoneClusterImpl-ad46064b-6a94-4531-afe2-6a9f3b447690/datanode-1/data/ratis/20e840da-6118-4bc2-ae9b-1e0916afb0e5 close()
2019-07-30 15:10:28,439 INFO  ratis.ContainerStateMachine (ContainerStateMachine.java:takeSnapshot(273)) - group-F034892D73E4: Finished taking a snapshot at:(t:1, i:16) file:/workdir/hadoop-ozone/integration-test/target/test-dir/MiniOzoneClusterImpl-ad46064b-6a94-4531-afe2-6a9f3b447690/datanode-4/data/ratis/43e010cb-dbd6-457d-8cad-f034892d73e4/sm/snapshot.1_16 time:17
2019-07-30 15:10:28,439 INFO  impl.RaftServerImpl (RaftServerImpl.java:lambda$shutdown$3(245)) - 0095d080-e03a-4362-b098-b6a3a0c0b1d1: shutdown group-98300A8E0D66
2019-07-30 15:10:28,439 INFO  impl.StateMachineUpdater (StateMachineUpdater.java:takeSnapshot(242)) - StateMachineUpdater:d6086a6b-d6cf-41c7-b0f0-8938d322a030:group-F034892D73E4: Took a snapshot at index 16
2019-07-30 15:10:28,439 INFO  util.JmxRegister (JmxRegister.java:unregister(73)) - Successfully un-registered JMX Bean with object name Ratis:service=RaftServer,group=group-98300A8E0D66,id=0095d080-e03a-4362-b098-b6a3a0c0b1d1
2019-07-30 15:10:28,439 INFO  impl.StateMachineUpdater (StateMachineUpdater.java:lambda$new$0(80)) - StateMachineUpdater:d6086a6b-d6cf-41c7-b0f0-8938d322a030:group-F034892D73E4: snapshotIndex: updateIncreasingly -1 -> 16
2019-07-30 15:10:28,440 INFO  impl.RoleInfo (RoleInfo.java:shutdownFollowerState(121)) - 0095d080-e03a-4362-b098-b6a3a0c0b1d1: shutdown FollowerState
2019-07-30 15:10:28,440 INFO  impl.StateMachineUpdater (StateMachineUpdater.java:stopAndJoin(115)) - StateMachineUpdater:0095d080-e03a-4362-b098-b6a3a0c0b1d1:group-98300A8E0D66: set stopIndex = 4
2019-07-30 15:10:28,440 INFO  impl.FollowerState (FollowerState.java:run(114)) - 0095d080-e03a-4362-b098-b6a3a0c0b1d1: FollowerState was interrupted: java.lang.InterruptedException: sleep interrupted
2019-07-30 15:10:28,440 INFO  impl.RaftServerImpl (ServerState.java:close(394)) - d6086a6b-d6cf-41c7-b0f0-8938d322a030:group-F034892D73E4 closes. The last applied log index is 16
2019-07-30 15:10:28,440 INFO  ratis.ContainerStateMachine (ContainerStateMachine.java:takeSnapshot(262)) - group-98300A8E0D66: Taking a snapshot at:(t:1, i:3) file /workdir/hadoop-ozone/integration-test/target/test-dir/MiniOzoneClusterImpl-ad46064b-6a94-4531-afe2-6a9f3b447690/datanode-1/data/ratis/a8c0aadd-a882-4b60-936c-98300a8e0d66/sm/snapshot.1_3
2019-07-30 15:10:28,443 INFO  segmented.SegmentedRaftLogWorker (SegmentedRaftLogWorker.java:run(313)) - d6086a6b-d6cf-41c7-b0f0-8938d322a030-SegmentedRaftLogWorker:Storage Directory /workdir/hadoop-ozone/integration-test/target/test-dir/MiniOzoneClusterImpl-ad46064b-6a94-4531-afe2-6a9f3b447690/datanode-4/data/ratis/43e010cb-dbd6-457d-8cad-f034892d73e4 was interrupted, exiting. There are 0 tasks remaining in the queue.
2019-07-30 15:10:28,446 INFO  segmented.SegmentedRaftLogWorker (SegmentedRaftLogWorker.java:close(228)) - d6086a6b-d6cf-41c7-b0f0-8938d322a030-SegmentedRaftLogWorker:Storage Directory /workdir/hadoop-ozone/integration-test/target/test-dir/MiniOzoneClusterImpl-ad46064b-6a94-4531-afe2-6a9f3b447690/datanode-4/data/ratis/43e010cb-dbd6-457d-8cad-f034892d73e4 close()
2019-07-30 15:10:28,451 INFO  impl.RaftServerImpl (RaftServerImpl.java:lambda$shutdown$3(245)) - d6086a6b-d6cf-41c7-b0f0-8938d322a030: shutdown group-80220CEE4786
2019-07-30 15:10:28,451 INFO  util.JmxRegister (JmxRegister.java:unregister(73)) - Successfully un-registered JMX Bean with object name Ratis:service=RaftServer,group=group-80220CEE4786,id=d6086a6b-d6cf-41c7-b0f0-8938d322a030
2019-07-30 15:10:28,452 INFO  impl.RoleInfo (RoleInfo.java:shutdownLeaderState(104)) - d6086a6b-d6cf-41c7-b0f0-8938d322a030: shutdown LeaderState
2019-07-30 15:10:28,452 INFO  impl.PendingRequests (PendingRequests.java:sendNotLeaderResponses(202)) - d6086a6b-d6cf-41c7-b0f0-8938d322a030-PendingRequests: sendNotLeaderResponses
2019-07-30 15:10:28,453 INFO  impl.StateMachineUpdater (StateMachineUpdater.java:stopAndJoin(115)) - StateMachineUpdater:d6086a6b-d6cf-41c7-b0f0-8938d322a030:group-80220CEE4786: set stopIndex = 0
2019-07-30 15:10:28,453 INFO  impl.RaftServerImpl (ServerState.java:close(394)) - d6086a6b-d6cf-41c7-b0f0-8938d322a030:group-80220CEE4786 closes. The last applied log index is 0
2019-07-30 15:10:28,454 INFO  segmented.SegmentedRaftLogWorker (SegmentedRaftLogWorker.java:run(313)) - d6086a6b-d6cf-41c7-b0f0-8938d322a030-SegmentedRaftLogWorker:Storage Directory /workdir/hadoop-ozone/integration-test/target/test-dir/MiniOzoneClusterImpl-ad46064b-6a94-4531-afe2-6a9f3b447690/datanode-4/data/ratis/5335e366-25ee-4ec2-8e5e-80220cee4786 was interrupted, exiting. There are 0 tasks remaining in the queue.
2019-07-30 15:10:28,457 INFO  segmented.SegmentedRaftLogWorker (SegmentedRaftLogWorker.java:close(228)) - d6086a6b-d6cf-41c7-b0f0-8938d322a030-SegmentedRaftLogWorker:Storage Directory /workdir/hadoop-ozone/integration-test/target/test-dir/MiniOzoneClusterImpl-ad46064b-6a94-4531-afe2-6a9f3b447690/datanode-4/data/ratis/5335e366-25ee-4ec2-8e5e-80220cee4786 close()
2019-07-30 15:10:28,457 INFO  ratis.ContainerStateMachine (ContainerStateMachine.java:takeSnapshot(273)) - group-98300A8E0D66: Finished taking a snapshot at:(t:1, i:3) file:/workdir/hadoop-ozone/integration-test/target/test-dir/MiniOzoneClusterImpl-ad46064b-6a94-4531-afe2-6a9f3b447690/datanode-1/data/ratis/a8c0aadd-a882-4b60-936c-98300a8e0d66/sm/snapshot.1_3 time:17
2019-07-30 15:10:28,462 INFO  impl.StateMachineUpdater (StateMachineUpdater.java:takeSnapshot(242)) - StateMachineUpdater:0095d080-e03a-4362-b098-b6a3a0c0b1d1:group-98300A8E0D66: Took a snapshot at index 3
2019-07-30 15:10:28,462 INFO  server.GrpcService (GrpcService.java:closeImpl(155)) - d6086a6b-d6cf-41c7-b0f0-8938d322a030: shutdown server with port 38414 now
2019-07-30 15:10:28,462 INFO  impl.StateMachineUpdater (StateMachineUpdater.java:lambda$new$0(80)) - StateMachineUpdater:0095d080-e03a-4362-b098-b6a3a0c0b1d1:group-98300A8E0D66: snapshotIndex: updateIncreasingly -1 -> 3
2019-07-30 15:10:28,463 INFO  impl.RaftServerImpl (ServerState.java:close(394)) - 0095d080-e03a-4362-b098-b6a3a0c0b1d1:group-98300A8E0D66 closes. The last applied log index is 4
2019-07-30 15:10:28,463 INFO  segmented.SegmentedRaftLogWorker (SegmentedRaftLogWorker.java:run(313)) - 0095d080-e03a-4362-b098-b6a3a0c0b1d1-SegmentedRaftLogWorker:Storage Directory /workdir/hadoop-ozone/integration-test/target/test-dir/MiniOzoneClusterImpl-ad46064b-6a94-4531-afe2-6a9f3b447690/datanode-1/data/ratis/a8c0aadd-a882-4b60-936c-98300a8e0d66 was interrupted, exiting. There are 0 tasks remaining in the queue.
2019-07-30 15:10:28,466 WARN  server.GrpcServerProtocolService (LogUtils.java:warn(134)) - d6086a6b-d6cf-41c7-b0f0-8938d322a030: appendEntries onError: org.apache.ratis.thirdparty.io.grpc.StatusRuntimeException: CANCELLED: cancelled before receiving half close
2019-07-30 15:10:28,466 INFO  segmented.SegmentedRaftLogWorker (SegmentedRaftLogWorker.java:close(228)) - 0095d080-e03a-4362-b098-b6a3a0c0b1d1-SegmentedRaftLogWorker:Storage Directory /workdir/hadoop-ozone/integration-test/target/test-dir/MiniOzoneClusterImpl-ad46064b-6a94-4531-afe2-6a9f3b447690/datanode-1/data/ratis/a8c0aadd-a882-4b60-936c-98300a8e0d66 close()
2019-07-30 15:10:28,469 WARN  server.GrpcLogAppender (LogUtils.java:warn(134)) - 0ba01337-595b-4105-b408-2b17d3d783a7->d6086a6b-d6cf-41c7-b0f0-8938d322a030: Failed appendEntries: org.apache.ratis.thirdparty.io.grpc.StatusRuntimeException: CANCELLED: HTTP/2 error code: CANCEL
Received Rst Stream
2019-07-30 15:10:28,466 INFO  server.GrpcService (GrpcService.java:closeImpl(163)) - d6086a6b-d6cf-41c7-b0f0-8938d322a030: shutdown server with port 38414 successfully
2019-07-30 15:10:28,474 INFO  impl.FollowerInfo (FollowerInfo.java:lambda$new$0(50)) - 0ba01337-595b-4105-b408-2b17d3d783a7->d6086a6b-d6cf-41c7-b0f0-8938d322a030: nextIndex: updateUnconditionally 17 -> 16
2019-07-30 15:10:28,474 INFO  server.GrpcService (GrpcService.java:closeImpl(155)) - 0095d080-e03a-4362-b098-b6a3a0c0b1d1: shutdown server with port 35340 now
2019-07-30 15:10:28,476 WARN  server.GrpcServerProtocolService (LogUtils.java:warn(134)) - 0095d080-e03a-4362-b098-b6a3a0c0b1d1: appendEntries onError: org.apache.ratis.thirdparty.io.grpc.StatusRuntimeException: CANCELLED: cancelled before receiving half close
2019-07-30 15:10:28,476 INFO  server.GrpcService (GrpcService.java:closeImpl(163)) - 0095d080-e03a-4362-b098-b6a3a0c0b1d1: shutdown server with port 35340 successfully
2019-07-30 15:10:28,479 INFO  utils.BackgroundService (BackgroundService.java:shutdown(148)) - Shutting down service BlockDeletingService
2019-07-30 15:10:28,479 WARN  server.GrpcLogAppender (LogUtils.java:warn(134)) - e3c214c8-e82a-41f9-a71a-9bd5eb099339->0095d080-e03a-4362-b098-b6a3a0c0b1d1: Failed appendEntries: org.apache.ratis.thirdparty.io.grpc.StatusRuntimeException: CANCELLED: HTTP/2 error code: CANCEL
Received Rst Stream
2019-07-30 15:10:28,480 INFO  impl.FollowerInfo (FollowerInfo.java:lambda$new$0(50)) - e3c214c8-e82a-41f9-a71a-9bd5eb099339->0095d080-e03a-4362-b098-b6a3a0c0b1d1: nextIndex: updateUnconditionally 5 -> 4
2019-07-30 15:10:28,480 INFO  utils.BackgroundService (BackgroundService.java:shutdown(148)) - Shutting down service BlockDeletingService
2019-07-30 15:10:28,489 WARN  fs.CachingGetSpaceUsed (CachingGetSpaceUsed.java:run(183)) - Thread Interrupted waiting to refresh disk information: sleep interrupted
2019-07-30 15:10:28,489 WARN  fs.CachingGetSpaceUsed (CachingGetSpaceUsed.java:run(183)) - Thread Interrupted waiting to refresh disk information: sleep interrupted
2019-07-30 15:10:28,509 INFO  statemachine.DatanodeStateMachine (DatanodeStateMachine.java:stopDaemon(395)) - Ozone container server stopped.
2019-07-30 15:10:28,518 INFO  statemachine.DatanodeStateMachine (DatanodeStateMachine.java:stopDaemon(395)) - Ozone container server stopped.
2019-07-30 15:10:28,521 INFO  handler.ContextHandler (ContextHandler.java:doStop(910)) - Stopped o.e.j.w.WebAppContext@6101fd7d{/,null,UNAVAILABLE}{/hddsDatanode}
2019-07-30 15:10:28,521 INFO  handler.ContextHandler (ContextHandler.java:doStop(910)) - Stopped o.e.j.w.WebAppContext@62a09668{/,null,UNAVAILABLE}{/hddsDatanode}
2019-07-30 15:10:28,522 INFO  server.AbstractConnector (AbstractConnector.java:doStop(318)) - Stopped ServerConnector@b22bebc{HTTP/1.1,[http/1.1]}{0.0.0.0:0}
2019-07-30 15:10:28,522 INFO  server.AbstractConnector (AbstractConnector.java:doStop(318)) - Stopped ServerConnector@5232cec1{HTTP/1.1,[http/1.1]}{0.0.0.0:0}
2019-07-30 15:10:28,524 INFO  handler.ContextHandler (ContextHandler.java:doStop(910)) - Stopped o.e.j.s.ServletContextHandler@7b6e196e{/static,jar:file:/home/user/.m2/repository/org/apache/hadoop/hadoop-hdds-container-service/0.4.1-SNAPSHOT/hadoop-hdds-container-service-0.4.1-SNAPSHOT.jar!/webapps/static,UNAVAILABLE}
2019-07-30 15:10:28,524 INFO  handler.ContextHandler (ContextHandler.java:doStop(910)) - Stopped o.e.j.s.ServletContextHandler@7f39bcb5{/static,jar:file:/home/user/.m2/repository/org/apache/hadoop/hadoop-hdds-container-service/0.4.1-SNAPSHOT/hadoop-hdds-container-service-0.4.1-SNAPSHOT.jar!/webapps/static,UNAVAILABLE}
2019-07-30 15:10:28,527 INFO  handler.ContextHandler (ContextHandler.java:doStop(910)) - Stopped o.e.j.s.ServletContextHandler@5f4f198c{/logs,file:///workdir/hadoop-ozone/integration-test/target/log,UNAVAILABLE}
2019-07-30 15:10:28,527 INFO  handler.ContextHandler (ContextHandler.java:doStop(910)) - Stopped o.e.j.s.ServletContextHandler@1676e501{/logs,file:///workdir/hadoop-ozone/integration-test/target/log,UNAVAILABLE}
2019-07-30 15:10:28,529 INFO  datanode.ObjectStoreHandler (ObjectStoreHandler.java:close(155)) - Closing ObjectStoreHandler.
2019-07-30 15:10:28,529 INFO  datanode.ObjectStoreHandler (ObjectStoreHandler.java:close(155)) - Closing ObjectStoreHandler.
2019-07-30 15:10:28,529 INFO  ozone.HddsDatanodeService (HddsDatanodeService.java:stop(451)) - Stopped plug-in org.apache.hadoop.ozone.web.OzoneHddsDatanodeService@6f5df147
2019-07-30 15:10:28,529 INFO  ozone.HddsDatanodeService (HddsDatanodeService.java:stop(451)) - Stopped plug-in org.apache.hadoop.ozone.web.OzoneHddsDatanodeService@2a5917f6
2019-07-30 15:10:28,671 WARN  server.GrpcLogAppender (LogUtils.java:warn(134)) - 0ba01337-595b-4105-b408-2b17d3d783a7->d6086a6b-d6cf-41c7-b0f0-8938d322a030: Failed appendEntries: org.apache.ratis.thirdparty.io.grpc.StatusRuntimeException: UNAVAILABLE: io exception
2019-07-30 15:10:28,671 INFO  impl.FollowerInfo (FollowerInfo.java:lambda$new$0(50)) - 0ba01337-595b-4105-b408-2b17d3d783a7->d6086a6b-d6cf-41c7-b0f0-8938d322a030: nextIndex: updateUnconditionally 16 -> 15
2019-07-30 15:10:28,973 INFO  statemachine.DatanodeStateMachine (DatanodeStateMachine.java:lambda$startDaemon$0(350)) - Ozone container server started.
2019-07-30 15:10:29,278 INFO  statemachine.DatanodeStateMachine (DatanodeStateMachine.java:lambda$startDaemon$0(350)) - Ozone container server started.
2019-07-30 15:10:29,996 WARN  server.GrpcLogAppender (LogUtils.java:warn(134)) - 0ba01337-595b-4105-b408-2b17d3d783a7->d6086a6b-d6cf-41c7-b0f0-8938d322a030: Failed appendEntries: org.apache.ratis.thirdparty.io.grpc.StatusRuntimeException: UNAVAILABLE: io exception
2019-07-30 15:10:29,997 INFO  impl.FollowerInfo (FollowerInfo.java:lambda$new$0(50)) - 0ba01337-595b-4105-b408-2b17d3d783a7->d6086a6b-d6cf-41c7-b0f0-8938d322a030: nextIndex: updateUnconditionally 16 -> 15
2019-07-30 15:10:30,008 WARN  server.GrpcLogAppender (LogUtils.java:warn(134)) - 0ba01337-595b-4105-b408-2b17d3d783a7->d6086a6b-d6cf-41c7-b0f0-8938d322a030: Failed appendEntries: org.apache.ratis.thirdparty.io.grpc.StatusRuntimeException: UNAVAILABLE: io exception
2019-07-30 15:10:30,008 INFO  impl.FollowerInfo (FollowerInfo.java:lambda$new$0(50)) - 0ba01337-595b-4105-b408-2b17d3d783a7->d6086a6b-d6cf-41c7-b0f0-8938d322a030: nextIndex: updateUnconditionally 16 -> 15
2019-07-30 15:10:30,019 WARN  server.GrpcLogAppender (LogUtils.java:warn(134)) - 0ba01337-595b-4105-b408-2b17d3d783a7->d6086a6b-d6cf-41c7-b0f0-8938d322a030: Failed appendEntries: org.apache.ratis.thirdparty.io.grpc.StatusRuntimeException: UNAVAILABLE: io exception
2019-07-30 15:10:30,019 INFO  impl.FollowerInfo (FollowerInfo.java:lambda$new$0(50)) - 0ba01337-595b-4105-b408-2b17d3d783a7->d6086a6b-d6cf-41c7-b0f0-8938d322a030: nextIndex: updateUnconditionally 16 -> 15
2019-07-30 15:10:30,060 INFO  interfaces.Container (KeyValueContainer.java:compactDB(356)) - Container 1 is closed with bcsId 14.
2019-07-30 15:10:30,064 INFO  container.IncrementalContainerReportHandler (AbstractContainerReportHandler.java:updateContainerState(176)) - Moving container #1 to CLOSED state, datanode 0ba01337-595b-4105-b408-2b17d3d783a7{ip: 192.168.5.170, host: byscane-nightly-xg47r-921641087, networkLocation: /default-rack, certSerialId: null} reported CLOSED replica.
2019-07-30 15:10:30,083 INFO  interfaces.Container (KeyValueContainer.java:compactDB(356)) - Container 1 is closed with bcsId 14.
2019-07-30 15:10:30,837 WARN  server.GrpcLogAppender (LogUtils.java:warn(134)) - e3c214c8-e82a-41f9-a71a-9bd5eb099339->0095d080-e03a-4362-b098-b6a3a0c0b1d1: Failed appendEntries: org.apache.ratis.thirdparty.io.grpc.StatusRuntimeException: UNAVAILABLE: io exception
2019-07-30 15:10:30,837 INFO  impl.FollowerInfo (FollowerInfo.java:lambda$new$0(50)) - e3c214c8-e82a-41f9-a71a-9bd5eb099339->0095d080-e03a-4362-b098-b6a3a0c0b1d1: nextIndex: updateUnconditionally 4 -> 3
2019-07-30 15:10:32,520 WARN  server.GrpcLogAppender (LogUtils.java:warn(134)) - 0ba01337-595b-4105-b408-2b17d3d783a7->d6086a6b-d6cf-41c7-b0f0-8938d322a030: Failed appendEntries: org.apache.ratis.thirdparty.io.grpc.StatusRuntimeException: UNAVAILABLE: io exception
2019-07-30 15:10:32,520 INFO  impl.FollowerInfo (FollowerInfo.java:lambda$new$0(50)) - 0ba01337-595b-4105-b408-2b17d3d783a7->d6086a6b-d6cf-41c7-b0f0-8938d322a030: nextIndex: updateUnconditionally 15 -> 14
2019-07-30 15:10:33,021 INFO  node.StaleNodeHandler (StaleNodeHandler.java:onMessage(58)) - Datanode e8247901-e06f-451d-8c14-d461922cdde8{ip: 192.168.5.170, host: byscane-nightly-xg47r-921641087, networkLocation: /default-rack, certSerialId: null} moved to stale state. Finalizing its pipelines [PipelineID=43e010cb-dbd6-457d-8cad-f034892d73e4, PipelineID=64753657-20ec-44fb-811d-a63cd2a28970]
2019-07-30 15:10:33,021 INFO  pipeline.SCMPipelineManager (SCMPipelineManager.java:finalizeAndDestroyPipeline(309)) - destroying pipeline:Pipeline[ Id: 43e010cb-dbd6-457d-8cad-f034892d73e4, Nodes: d6086a6b-d6cf-41c7-b0f0-8938d322a030{ip: 192.168.5.170, host: byscane-nightly-xg47r-921641087, networkLocation: /default-rack, certSerialId: null}e8247901-e06f-451d-8c14-d461922cdde8{ip: 192.168.5.170, host: byscane-nightly-xg47r-921641087, networkLocation: /default-rack, certSerialId: null}0ba01337-595b-4105-b408-2b17d3d783a7{ip: 192.168.5.170, host: byscane-nightly-xg47r-921641087, networkLocation: /default-rack, certSerialId: null}, Type:RATIS, Factor:THREE, State:CLOSED]
2019-07-30 15:10:33,021 INFO  pipeline.SCMPipelineManager (SCMPipelineManager.java:finalizeAndDestroyPipeline(309)) - destroying pipeline:Pipeline[ Id: 64753657-20ec-44fb-811d-a63cd2a28970, Nodes: e8247901-e06f-451d-8c14-d461922cdde8{ip: 192.168.5.170, host: byscane-nightly-xg47r-921641087, networkLocation: /default-rack, certSerialId: null}, Type:RATIS, Factor:ONE, State:OPEN]
2019-07-30 15:10:33,021 INFO  pipeline.PipelineStateManager (PipelineStateManager.java:finalizePipeline(123)) - Pipeline Pipeline[ Id: 64753657-20ec-44fb-811d-a63cd2a28970, Nodes: e8247901-e06f-451d-8c14-d461922cdde8{ip: 192.168.5.170, host: byscane-nightly-xg47r-921641087, networkLocation: /default-rack, certSerialId: null}, Type:RATIS, Factor:ONE, State:CLOSED] moved to CLOSED state
2019-07-30 15:10:33,321 INFO  node.StaleNodeHandler (StaleNodeHandler.java:onMessage(58)) - Datanode e3c214c8-e82a-41f9-a71a-9bd5eb099339{ip: 192.168.5.170, host: byscane-nightly-xg47r-921641087, networkLocation: /default-rack, certSerialId: null} moved to stale state. Finalizing its pipelines [PipelineID=5f201933-970e-4385-ba16-44e5b9e5b47e, PipelineID=a8c0aadd-a882-4b60-936c-98300a8e0d66]
2019-07-30 15:10:33,321 INFO  pipeline.SCMPipelineManager (SCMPipelineManager.java:finalizeAndDestroyPipeline(309)) - destroying pipeline:Pipeline[ Id: 5f201933-970e-4385-ba16-44e5b9e5b47e, Nodes: e3c214c8-e82a-41f9-a71a-9bd5eb099339{ip: 192.168.5.170, host: byscane-nightly-xg47r-921641087, networkLocation: /default-rack, certSerialId: null}, Type:RATIS, Factor:ONE, State:OPEN]
2019-07-30 15:10:33,322 INFO  pipeline.PipelineStateManager (PipelineStateManager.java:finalizePipeline(123)) - Pipeline Pipeline[ Id: 5f201933-970e-4385-ba16-44e5b9e5b47e, Nodes: e3c214c8-e82a-41f9-a71a-9bd5eb099339{ip: 192.168.5.170, host: byscane-nightly-xg47r-921641087, networkLocation: /default-rack, certSerialId: null}, Type:RATIS, Factor:ONE, State:CLOSED] moved to CLOSED state
2019-07-30 15:10:33,322 INFO  pipeline.SCMPipelineManager (SCMPipelineManager.java:finalizeAndDestroyPipeline(309)) - destroying pipeline:Pipeline[ Id: a8c0aadd-a882-4b60-936c-98300a8e0d66, Nodes: e3c214c8-e82a-41f9-a71a-9bd5eb099339{ip: 192.168.5.170, host: byscane-nightly-xg47r-921641087, networkLocation: /default-rack, certSerialId: null}0095d080-e03a-4362-b098-b6a3a0c0b1d1{ip: 192.168.5.170, host: byscane-nightly-xg47r-921641087, networkLocation: /default-rack, certSerialId: null}f299e6bf-7fb7-4e37-88ad-0be7bc4b776d{ip: 192.168.5.170, host: byscane-nightly-xg47r-921641087, networkLocation: /default-rack, certSerialId: null}, Type:RATIS, Factor:THREE, State:CLOSED]
2019-07-30 15:10:33,337 WARN  server.GrpcLogAppender (LogUtils.java:warn(134)) - e3c214c8-e82a-41f9-a71a-9bd5eb099339->0095d080-e03a-4362-b098-b6a3a0c0b1d1: Failed appendEntries: org.apache.ratis.thirdparty.io.grpc.StatusRuntimeException: UNAVAILABLE: io exception
2019-07-30 15:10:33,337 INFO  impl.FollowerInfo (FollowerInfo.java:lambda$new$0(50)) - e3c214c8-e82a-41f9-a71a-9bd5eb099339->0095d080-e03a-4362-b098-b6a3a0c0b1d1: nextIndex: updateUnconditionally 3 -> 2
2019-07-30 15:10:33,530 INFO  ozoneimpl.OzoneContainer (OzoneContainer.java:stop(199)) - Attempting to stop container services.
2019-07-30 15:10:33,530 INFO  ozoneimpl.OzoneContainer (OzoneContainer.java:stop(199)) - Attempting to stop container services.
2019-07-30 15:10:33,531 INFO  impl.RaftServerProxy (RaftServerProxy.java:lambda$close$4(314)) - e3c214c8-e82a-41f9-a71a-9bd5eb099339: close
2019-07-30 15:10:33,531 INFO  impl.RaftServerProxy (RaftServerProxy.java:lambda$close$4(314)) - e8247901-e06f-451d-8c14-d461922cdde8: close
2019-07-30 15:10:33,531 INFO  impl.RaftServerImpl (RaftServerImpl.java:lambda$shutdown$3(245)) - e3c214c8-e82a-41f9-a71a-9bd5eb099339: shutdown group-44E5B9E5B47E
2019-07-30 15:10:33,531 INFO  impl.RaftServerImpl (RaftServerImpl.java:lambda$shutdown$3(245)) - e8247901-e06f-451d-8c14-d461922cdde8: shutdown group-F034892D73E4
2019-07-30 15:10:33,532 INFO  util.JmxRegister (JmxRegister.java:unregister(73)) - Successfully un-registered JMX Bean with object name Ratis:service=RaftServer,group=group-44E5B9E5B47E,id=e3c214c8-e82a-41f9-a71a-9bd5eb099339
2019-07-30 15:10:33,532 INFO  util.JmxRegister (JmxRegister.java:unregister(73)) - Successfully un-registered JMX Bean with object name Ratis:service=RaftServer,group=group-F034892D73E4,id=e8247901-e06f-451d-8c14-d461922cdde8
2019-07-30 15:10:33,532 INFO  impl.RoleInfo (RoleInfo.java:shutdownLeaderState(104)) - e3c214c8-e82a-41f9-a71a-9bd5eb099339: shutdown LeaderState
2019-07-30 15:10:33,533 INFO  impl.RoleInfo (RoleInfo.java:shutdownFollowerState(121)) - e8247901-e06f-451d-8c14-d461922cdde8: shutdown FollowerState
2019-07-30 15:10:33,533 INFO  impl.PendingRequests (PendingRequests.java:sendNotLeaderResponses(202)) - e3c214c8-e82a-41f9-a71a-9bd5eb099339-PendingRequests: sendNotLeaderResponses
2019-07-30 15:10:33,534 INFO  impl.FollowerState (FollowerState.java:run(114)) - e8247901-e06f-451d-8c14-d461922cdde8: FollowerState was interrupted: java.lang.InterruptedException: sleep interrupted
2019-07-30 15:10:33,534 INFO  ratis.ContainerStateMachine (ContainerStateMachine.java:takeSnapshot(262)) - group-F034892D73E4: Taking a snapshot at:(t:1, i:17) file /workdir/hadoop-ozone/integration-test/target/test-dir/MiniOzoneClusterImpl-ad46064b-6a94-4531-afe2-6a9f3b447690/datanode-3/data/ratis/43e010cb-dbd6-457d-8cad-f034892d73e4/sm/snapshot.1_17
2019-07-30 15:10:33,533 INFO  impl.StateMachineUpdater (StateMachineUpdater.java:stopAndJoin(115)) - StateMachineUpdater:e8247901-e06f-451d-8c14-d461922cdde8:group-F034892D73E4: set stopIndex = 18
2019-07-30 15:10:33,534 INFO  impl.StateMachineUpdater (StateMachineUpdater.java:stopAndJoin(115)) - StateMachineUpdater:e3c214c8-e82a-41f9-a71a-9bd5eb099339:group-44E5B9E5B47E: set stopIndex = 0
2019-07-30 15:10:33,538 INFO  impl.RaftServerImpl (ServerState.java:close(394)) - e3c214c8-e82a-41f9-a71a-9bd5eb099339:group-44E5B9E5B47E closes. The last applied log index is 0
2019-07-30 15:10:33,538 INFO  segmented.SegmentedRaftLogWorker (SegmentedRaftLogWorker.java:run(313)) - e3c214c8-e82a-41f9-a71a-9bd5eb099339-SegmentedRaftLogWorker:Storage Directory /workdir/hadoop-ozone/integration-test/target/test-dir/MiniOzoneClusterImpl-ad46064b-6a94-4531-afe2-6a9f3b447690/datanode-2/data/ratis/5f201933-970e-4385-ba16-44e5b9e5b47e was interrupted, exiting. There are 0 tasks remaining in the queue.
2019-07-30 15:10:33,540 INFO  segmented.SegmentedRaftLogWorker (SegmentedRaftLogWorker.java:close(228)) - e3c214c8-e82a-41f9-a71a-9bd5eb099339-SegmentedRaftLogWorker:Storage Directory /workdir/hadoop-ozone/integration-test/target/test-dir/MiniOzoneClusterImpl-ad46064b-6a94-4531-afe2-6a9f3b447690/datanode-2/data/ratis/5f201933-970e-4385-ba16-44e5b9e5b47e close()
2019-07-30 15:10:33,544 INFO  impl.RaftServerImpl (RaftServerImpl.java:lambda$shutdown$3(245)) - e3c214c8-e82a-41f9-a71a-9bd5eb099339: shutdown group-98300A8E0D66
2019-07-30 15:10:33,544 INFO  util.JmxRegister (JmxRegister.java:unregister(73)) - Successfully un-registered JMX Bean with object name Ratis:service=RaftServer,group=group-98300A8E0D66,id=e3c214c8-e82a-41f9-a71a-9bd5eb099339
2019-07-30 15:10:33,545 INFO  impl.RoleInfo (RoleInfo.java:shutdownLeaderState(104)) - e3c214c8-e82a-41f9-a71a-9bd5eb099339: shutdown LeaderState
2019-07-30 15:10:33,548 WARN  server.GrpcLogAppender (GrpcLogAppender.java:mayWait(143)) - GrpcLogAppender(e3c214c8-e82a-41f9-a71a-9bd5eb099339->0095d080-e03a-4362-b098-b6a3a0c0b1d1): Wait interrupted by java.lang.InterruptedException
2019-07-30 15:10:33,548 INFO  impl.PendingRequests (PendingRequests.java:sendNotLeaderResponses(202)) - e3c214c8-e82a-41f9-a71a-9bd5eb099339-PendingRequests: sendNotLeaderResponses
2019-07-30 15:10:33,548 WARN  server.GrpcLogAppender (GrpcLogAppender.java:mayWait(143)) - GrpcLogAppender(e3c214c8-e82a-41f9-a71a-9bd5eb099339->f299e6bf-7fb7-4e37-88ad-0be7bc4b776d): Wait interrupted by java.lang.InterruptedException
2019-07-30 15:10:33,553 INFO  ratis.ContainerStateMachine (ContainerStateMachine.java:takeSnapshot(273)) - group-F034892D73E4: Finished taking a snapshot at:(t:1, i:17) file:/workdir/hadoop-ozone/integration-test/target/test-dir/MiniOzoneClusterImpl-ad46064b-6a94-4531-afe2-6a9f3b447690/datanode-3/data/ratis/43e010cb-dbd6-457d-8cad-f034892d73e4/sm/snapshot.1_17 time:20
2019-07-30 15:10:33,553 INFO  impl.StateMachineUpdater (StateMachineUpdater.java:takeSnapshot(242)) - StateMachineUpdater:e8247901-e06f-451d-8c14-d461922cdde8:group-F034892D73E4: Took a snapshot at index 17
2019-07-30 15:10:33,553 INFO  impl.StateMachineUpdater (StateMachineUpdater.java:stopAndJoin(115)) - StateMachineUpdater:e3c214c8-e82a-41f9-a71a-9bd5eb099339:group-98300A8E0D66: set stopIndex = 4
2019-07-30 15:10:33,554 INFO  ratis.ContainerStateMachine (ContainerStateMachine.java:takeSnapshot(262)) - group-98300A8E0D66: Taking a snapshot at:(t:1, i:4) file /workdir/hadoop-ozone/integration-test/target/test-dir/MiniOzoneClusterImpl-ad46064b-6a94-4531-afe2-6a9f3b447690/datanode-2/data/ratis/a8c0aadd-a882-4b60-936c-98300a8e0d66/sm/snapshot.1_4
2019-07-30 15:10:33,554 INFO  impl.StateMachineUpdater (StateMachineUpdater.java:lambda$new$0(80)) - StateMachineUpdater:e8247901-e06f-451d-8c14-d461922cdde8:group-F034892D73E4: snapshotIndex: updateIncreasingly -1 -> 17
2019-07-30 15:10:33,556 INFO  server.GrpcServerProtocolService (GrpcServerProtocolService.java:onCompleted(104)) - f299e6bf-7fb7-4e37-88ad-0be7bc4b776d: appendEntries completed
2019-07-30 15:10:33,556 INFO  impl.RaftServerImpl (ServerState.java:close(394)) - e8247901-e06f-451d-8c14-d461922cdde8:group-F034892D73E4 closes. The last applied log index is 18
2019-07-30 15:10:33,557 INFO  server.GrpcLogAppender (GrpcLogAppender.java:onCompleted(292)) - e3c214c8-e82a-41f9-a71a-9bd5eb099339->f299e6bf-7fb7-4e37-88ad-0be7bc4b776d: follower responses appendEntries COMPLETED
2019-07-30 15:10:33,559 INFO  segmented.SegmentedRaftLogWorker (SegmentedRaftLogWorker.java:run(313)) - e8247901-e06f-451d-8c14-d461922cdde8-SegmentedRaftLogWorker:Storage Directory /workdir/hadoop-ozone/integration-test/target/test-dir/MiniOzoneClusterImpl-ad46064b-6a94-4531-afe2-6a9f3b447690/datanode-3/data/ratis/43e010cb-dbd6-457d-8cad-f034892d73e4 was interrupted, exiting. There are 0 tasks remaining in the queue.
2019-07-30 15:10:33,559 INFO  impl.FollowerInfo (FollowerInfo.java:lambda$new$0(50)) - e3c214c8-e82a-41f9-a71a-9bd5eb099339->f299e6bf-7fb7-4e37-88ad-0be7bc4b776d: nextIndex: updateUnconditionally 5 -> 4
2019-07-30 15:10:33,561 INFO  segmented.SegmentedRaftLogWorker (SegmentedRaftLogWorker.java:close(228)) - e8247901-e06f-451d-8c14-d461922cdde8-SegmentedRaftLogWorker:Storage Directory /workdir/hadoop-ozone/integration-test/target/test-dir/MiniOzoneClusterImpl-ad46064b-6a94-4531-afe2-6a9f3b447690/datanode-3/data/ratis/43e010cb-dbd6-457d-8cad-f034892d73e4 close()
2019-07-30 15:10:33,564 INFO  impl.RaftServerImpl (RaftServerImpl.java:lambda$shutdown$3(245)) - e8247901-e06f-451d-8c14-d461922cdde8: shutdown group-A63CD2A28970
2019-07-30 15:10:33,565 INFO  util.JmxRegister (JmxRegister.java:unregister(73)) - Successfully un-registered JMX Bean with object name Ratis:service=RaftServer,group=group-A63CD2A28970,id=e8247901-e06f-451d-8c14-d461922cdde8
2019-07-30 15:10:33,565 INFO  impl.RoleInfo (RoleInfo.java:shutdownLeaderState(104)) - e8247901-e06f-451d-8c14-d461922cdde8: shutdown LeaderState
2019-07-30 15:10:33,566 INFO  impl.PendingRequests (PendingRequests.java:sendNotLeaderResponses(202)) - e8247901-e06f-451d-8c14-d461922cdde8-PendingRequests: sendNotLeaderResponses
2019-07-30 15:10:33,566 INFO  impl.StateMachineUpdater (StateMachineUpdater.java:stopAndJoin(115)) - StateMachineUpdater:e8247901-e06f-451d-8c14-d461922cdde8:group-A63CD2A28970: set stopIndex = 0
2019-07-30 15:10:33,567 INFO  impl.RaftServerImpl (ServerState.java:close(394)) - e8247901-e06f-451d-8c14-d461922cdde8:group-A63CD2A28970 closes. The last applied log index is 0
2019-07-30 15:10:33,567 INFO  segmented.SegmentedRaftLogWorker (SegmentedRaftLogWorker.java:run(313)) - e8247901-e06f-451d-8c14-d461922cdde8-SegmentedRaftLogWorker:Storage Directory /workdir/hadoop-ozone/integration-test/target/test-dir/MiniOzoneClusterImpl-ad46064b-6a94-4531-afe2-6a9f3b447690/datanode-3/data/ratis/64753657-20ec-44fb-811d-a63cd2a28970 was interrupted, exiting. There are 0 tasks remaining in the queue.
2019-07-30 15:10:33,569 INFO  ratis.ContainerStateMachine (ContainerStateMachine.java:takeSnapshot(273)) - group-98300A8E0D66: Finished taking a snapshot at:(t:1, i:4) file:/workdir/hadoop-ozone/integration-test/target/test-dir/MiniOzoneClusterImpl-ad46064b-6a94-4531-afe2-6a9f3b447690/datanode-2/data/ratis/a8c0aadd-a882-4b60-936c-98300a8e0d66/sm/snapshot.1_4 time:16
2019-07-30 15:10:33,569 INFO  impl.StateMachineUpdater (StateMachineUpdater.java:takeSnapshot(242)) - StateMachineUpdater:e3c214c8-e82a-41f9-a71a-9bd5eb099339:group-98300A8E0D66: Took a snapshot at index 4
2019-07-30 15:10:33,570 INFO  segmented.SegmentedRaftLogWorker (SegmentedRaftLogWorker.java:close(228)) - e8247901-e06f-451d-8c14-d461922cdde8-SegmentedRaftLogWorker:Storage Directory /workdir/hadoop-ozone/integration-test/target/test-dir/MiniOzoneClusterImpl-ad46064b-6a94-4531-afe2-6a9f3b447690/datanode-3/data/ratis/64753657-20ec-44fb-811d-a63cd2a28970 close()
2019-07-30 15:10:33,570 INFO  impl.StateMachineUpdater (StateMachineUpdater.java:lambda$new$0(80)) - StateMachineUpdater:e3c214c8-e82a-41f9-a71a-9bd5eb099339:group-98300A8E0D66: snapshotIndex: updateIncreasingly -1 -> 4
2019-07-30 15:10:33,574 INFO  server.GrpcService (GrpcService.java:closeImpl(155)) - e8247901-e06f-451d-8c14-d461922cdde8: shutdown server with port 37056 now
2019-07-30 15:10:33,575 INFO  impl.RaftServerImpl (ServerState.java:close(394)) - e3c214c8-e82a-41f9-a71a-9bd5eb099339:group-98300A8E0D66 closes. The last applied log index is 4
2019-07-30 15:10:33,575 INFO  segmented.SegmentedRaftLogWorker (SegmentedRaftLogWorker.java:run(313)) - e3c214c8-e82a-41f9-a71a-9bd5eb099339-SegmentedRaftLogWorker:Storage Directory /workdir/hadoop-ozone/integration-test/target/test-dir/MiniOzoneClusterImpl-ad46064b-6a94-4531-afe2-6a9f3b447690/datanode-2/data/ratis/a8c0aadd-a882-4b60-936c-98300a8e0d66 was interrupted, exiting. There are 0 tasks remaining in the queue.
2019-07-30 15:10:33,578 INFO  server.GrpcService (GrpcService.java:closeImpl(163)) - e8247901-e06f-451d-8c14-d461922cdde8: shutdown server with port 37056 successfully
2019-07-30 15:10:33,580 WARN  server.GrpcLogAppender (LogUtils.java:warn(134)) - 0ba01337-595b-4105-b408-2b17d3d783a7->e8247901-e06f-451d-8c14-d461922cdde8: Failed appendEntries: org.apache.ratis.thirdparty.io.grpc.StatusRuntimeException: CANCELLED: HTTP/2 error code: CANCEL
Received Rst Stream
2019-07-30 15:10:33,580 INFO  segmented.SegmentedRaftLogWorker (SegmentedRaftLogWorker.java:close(228)) - e3c214c8-e82a-41f9-a71a-9bd5eb099339-SegmentedRaftLogWorker:Storage Directory /workdir/hadoop-ozone/integration-test/target/test-dir/MiniOzoneClusterImpl-ad46064b-6a94-4531-afe2-6a9f3b447690/datanode-2/data/ratis/a8c0aadd-a882-4b60-936c-98300a8e0d66 close()
2019-07-30 15:10:33,575 WARN  server.GrpcServerProtocolService (LogUtils.java:warn(134)) - e8247901-e06f-451d-8c14-d461922cdde8: appendEntries onError: org.apache.ratis.thirdparty.io.grpc.StatusRuntimeException: CANCELLED: cancelled before receiving half close
2019-07-30 15:10:33,585 INFO  utils.BackgroundService (BackgroundService.java:shutdown(148)) - Shutting down service BlockDeletingService
2019-07-30 15:10:33,585 INFO  server.GrpcService (GrpcService.java:closeImpl(155)) - e3c214c8-e82a-41f9-a71a-9bd5eb099339: shutdown server with port 45397 now
2019-07-30 15:10:33,580 INFO  impl.FollowerInfo (FollowerInfo.java:lambda$new$0(50)) - 0ba01337-595b-4105-b408-2b17d3d783a7->e8247901-e06f-451d-8c14-d461922cdde8: nextIndex: updateUnconditionally 19 -> 18
2019-07-30 15:10:33,586 INFO  server.GrpcService (GrpcService.java:closeImpl(163)) - e3c214c8-e82a-41f9-a71a-9bd5eb099339: shutdown server with port 45397 successfully
2019-07-30 15:10:33,588 WARN  fs.CachingGetSpaceUsed (CachingGetSpaceUsed.java:run(183)) - Thread Interrupted waiting to refresh disk information: sleep interrupted
2019-07-30 15:10:33,589 INFO  utils.BackgroundService (BackgroundService.java:shutdown(148)) - Shutting down service BlockDeletingService
2019-07-30 15:10:33,591 WARN  fs.CachingGetSpaceUsed (CachingGetSpaceUsed.java:run(183)) - Thread Interrupted waiting to refresh disk information: sleep interrupted
2019-07-30 15:10:33,615 INFO  statemachine.DatanodeStateMachine (DatanodeStateMachine.java:stopDaemon(395)) - Ozone container server stopped.
2019-07-30 15:10:33,617 INFO  statemachine.DatanodeStateMachine (DatanodeStateMachine.java:stopDaemon(395)) - Ozone container server stopped.
2019-07-30 15:10:33,623 INFO  handler.ContextHandler (ContextHandler.java:doStop(910)) - Stopped o.e.j.w.WebAppContext@2122b4bd{/,null,UNAVAILABLE}{/hddsDatanode}
2019-07-30 15:10:33,623 INFO  handler.ContextHandler (ContextHandler.java:doStop(910)) - Stopped o.e.j.w.WebAppContext@3df496d9{/,null,UNAVAILABLE}{/hddsDatanode}
2019-07-30 15:10:33,623 INFO  server.AbstractConnector (AbstractConnector.java:doStop(318)) - Stopped ServerConnector@5dd79a57{HTTP/1.1,[http/1.1]}{0.0.0.0:0}
2019-07-30 15:10:33,625 INFO  handler.ContextHandler (ContextHandler.java:doStop(910)) - Stopped o.e.j.s.ServletContextHandler@324ee3ca{/static,jar:file:/home/user/.m2/repository/org/apache/hadoop/hadoop-hdds-container-service/0.4.1-SNAPSHOT/hadoop-hdds-container-service-0.4.1-SNAPSHOT.jar!/webapps/static,UNAVAILABLE}
2019-07-30 15:10:33,625 INFO  server.AbstractConnector (AbstractConnector.java:doStop(318)) - Stopped ServerConnector@13e12ab6{HTTP/1.1,[http/1.1]}{0.0.0.0:0}
2019-07-30 15:10:33,627 INFO  handler.ContextHandler (ContextHandler.java:doStop(910)) - Stopped o.e.j.s.ServletContextHandler@5ca896af{/logs,file:///workdir/hadoop-ozone/integration-test/target/log,UNAVAILABLE}
2019-07-30 15:10:33,628 INFO  handler.ContextHandler (ContextHandler.java:doStop(910)) - Stopped o.e.j.s.ServletContextHandler@3681c285{/static,jar:file:/home/user/.m2/repository/org/apache/hadoop/hadoop-hdds-container-service/0.4.1-SNAPSHOT/hadoop-hdds-container-service-0.4.1-SNAPSHOT.jar!/webapps/static,UNAVAILABLE}
2019-07-30 15:10:33,628 INFO  handler.ContextHandler (ContextHandler.java:doStop(910)) - Stopped o.e.j.s.ServletContextHandler@19cad9f0{/logs,file:///workdir/hadoop-ozone/integration-test/target/log,UNAVAILABLE}
2019-07-30 15:10:33,629 INFO  datanode.ObjectStoreHandler (ObjectStoreHandler.java:close(155)) - Closing ObjectStoreHandler.
2019-07-30 15:10:33,629 INFO  ozone.HddsDatanodeService (HddsDatanodeService.java:stop(451)) - Stopped plug-in org.apache.hadoop.ozone.web.OzoneHddsDatanodeService@27aa0720
2019-07-30 15:10:33,630 INFO  datanode.ObjectStoreHandler (ObjectStoreHandler.java:close(155)) - Closing ObjectStoreHandler.
2019-07-30 15:10:33,630 INFO  ozone.HddsDatanodeService (HddsDatanodeService.java:stop(451)) - Stopped plug-in org.apache.hadoop.ozone.web.OzoneHddsDatanodeService@27bfa57f
2019-07-30 15:10:33,678 INFO  statemachine.DatanodeStateMachine (DatanodeStateMachine.java:lambda$startDaemon$0(350)) - Ozone container server started.
2019-07-30 15:10:34,302 INFO  statemachine.DatanodeStateMachine (DatanodeStateMachine.java:lambda$startDaemon$0(350)) - Ozone container server started.
2019-07-30 15:10:35,020 WARN  server.GrpcLogAppender (LogUtils.java:warn(134)) - 0ba01337-595b-4105-b408-2b17d3d783a7->d6086a6b-d6cf-41c7-b0f0-8938d322a030: Failed appendEntries: org.apache.ratis.thirdparty.io.grpc.StatusRuntimeException: UNAVAILABLE: io exception
2019-07-30 15:10:35,021 INFO  impl.FollowerInfo (FollowerInfo.java:lambda$new$0(50)) - 0ba01337-595b-4105-b408-2b17d3d783a7->d6086a6b-d6cf-41c7-b0f0-8938d322a030: nextIndex: updateUnconditionally 14 -> 13
2019-07-30 15:10:35,021 WARN  server.GrpcLogAppender (LogUtils.java:warn(134)) - 0ba01337-595b-4105-b408-2b17d3d783a7->e8247901-e06f-451d-8c14-d461922cdde8: Failed appendEntries: org.apache.ratis.thirdparty.io.grpc.StatusRuntimeException: UNAVAILABLE: io exception
2019-07-30 15:10:35,021 INFO  impl.FollowerInfo (FollowerInfo.java:lambda$new$0(50)) - 0ba01337-595b-4105-b408-2b17d3d783a7->e8247901-e06f-451d-8c14-d461922cdde8: nextIndex: updateUnconditionally 18 -> 17
2019-07-30 15:10:37,521 WARN  server.GrpcLogAppender (LogUtils.java:warn(134)) - 0ba01337-595b-4105-b408-2b17d3d783a7->d6086a6b-d6cf-41c7-b0f0-8938d322a030: Failed appendEntries: org.apache.ratis.thirdparty.io.grpc.StatusRuntimeException: UNAVAILABLE: io exception
2019-07-30 15:10:37,521 WARN  server.GrpcLogAppender (LogUtils.java:warn(134)) - 0ba01337-595b-4105-b408-2b17d3d783a7->e8247901-e06f-451d-8c14-d461922cdde8: Failed appendEntries: org.apache.ratis.thirdparty.io.grpc.StatusRuntimeException: UNAVAILABLE: io exception
2019-07-30 15:10:37,522 INFO  impl.FollowerInfo (FollowerInfo.java:lambda$new$0(50)) - 0ba01337-595b-4105-b408-2b17d3d783a7->d6086a6b-d6cf-41c7-b0f0-8938d322a030: nextIndex: updateUnconditionally 13 -> 12
2019-07-30 15:10:37,522 INFO  impl.FollowerInfo (FollowerInfo.java:lambda$new$0(50)) - 0ba01337-595b-4105-b408-2b17d3d783a7->e8247901-e06f-451d-8c14-d461922cdde8: nextIndex: updateUnconditionally 17 -> 16
2019-07-30 15:10:37,728 INFO  node.StaleNodeHandler (StaleNodeHandler.java:onMessage(58)) - Datanode 0c197b38-9285-4782-8f27-f50830aee78d{ip: 192.168.5.170, host: byscane-nightly-xg47r-921641087, networkLocation: /default-rack, certSerialId: null} moved to stale state. Finalizing its pipelines [PipelineID=933adffc-9f93-430e-98ff-5ef493bb936f]
2019-07-30 15:10:37,728 INFO  pipeline.SCMPipelineManager (SCMPipelineManager.java:finalizeAndDestroyPipeline(309)) - destroying pipeline:Pipeline[ Id: 933adffc-9f93-430e-98ff-5ef493bb936f, Nodes: 0c197b38-9285-4782-8f27-f50830aee78d{ip: 192.168.5.170, host: byscane-nightly-xg47r-921641087, networkLocation: /default-rack, certSerialId: null}, Type:RATIS, Factor:ONE, State:OPEN]
2019-07-30 15:10:37,729 INFO  pipeline.PipelineStateManager (PipelineStateManager.java:finalizePipeline(123)) - Pipeline Pipeline[ Id: 933adffc-9f93-430e-98ff-5ef493bb936f, Nodes: 0c197b38-9285-4782-8f27-f50830aee78d{ip: 192.168.5.170, host: byscane-nightly-xg47r-921641087, networkLocation: /default-rack, certSerialId: null}, Type:RATIS, Factor:ONE, State:CLOSED] moved to CLOSED state
2019-07-30 15:10:38,329 INFO  node.StaleNodeHandler (StaleNodeHandler.java:onMessage(58)) - Datanode f299e6bf-7fb7-4e37-88ad-0be7bc4b776d{ip: 192.168.5.170, host: byscane-nightly-xg47r-921641087, networkLocation: /default-rack, certSerialId: null} moved to stale state. Finalizing its pipelines [PipelineID=a8c0aadd-a882-4b60-936c-98300a8e0d66, PipelineID=ea892ec5-e223-4786-8de8-86c3abe105de]
2019-07-30 15:10:38,329 INFO  pipeline.SCMPipelineManager (SCMPipelineManager.java:finalizeAndDestroyPipeline(309)) - destroying pipeline:Pipeline[ Id: a8c0aadd-a882-4b60-936c-98300a8e0d66, Nodes: e3c214c8-e82a-41f9-a71a-9bd5eb099339{ip: 192.168.5.170, host: byscane-nightly-xg47r-921641087, networkLocation: /default-rack, certSerialId: null}0095d080-e03a-4362-b098-b6a3a0c0b1d1{ip: 192.168.5.170, host: byscane-nightly-xg47r-921641087, networkLocation: /default-rack, certSerialId: null}f299e6bf-7fb7-4e37-88ad-0be7bc4b776d{ip: 192.168.5.170, host: byscane-nightly-xg47r-921641087, networkLocation: /default-rack, certSerialId: null}, Type:RATIS, Factor:THREE, State:CLOSED]
2019-07-30 15:10:38,330 INFO  pipeline.SCMPipelineManager (SCMPipelineManager.java:finalizeAndDestroyPipeline(309)) - destroying pipeline:Pipeline[ Id: ea892ec5-e223-4786-8de8-86c3abe105de, Nodes: f299e6bf-7fb7-4e37-88ad-0be7bc4b776d{ip: 192.168.5.170, host: byscane-nightly-xg47r-921641087, networkLocation: /default-rack, certSerialId: null}, Type:RATIS, Factor:ONE, State:OPEN]
2019-07-30 15:10:38,330 INFO  pipeline.PipelineStateManager (PipelineStateManager.java:finalizePipeline(123)) - Pipeline Pipeline[ Id: ea892ec5-e223-4786-8de8-86c3abe105de, Nodes: f299e6bf-7fb7-4e37-88ad-0be7bc4b776d{ip: 192.168.5.170, host: byscane-nightly-xg47r-921641087, networkLocation: /default-rack, certSerialId: null}, Type:RATIS, Factor:ONE, State:CLOSED] moved to CLOSED state
2019-07-30 15:10:38,630 INFO  ozoneimpl.OzoneContainer (OzoneContainer.java:stop(199)) - Attempting to stop container services.
2019-07-30 15:10:38,631 INFO  impl.RaftServerProxy (RaftServerProxy.java:lambda$close$4(314)) - f299e6bf-7fb7-4e37-88ad-0be7bc4b776d: close
2019-07-30 15:10:38,631 INFO  ozoneimpl.OzoneContainer (OzoneContainer.java:stop(199)) - Attempting to stop container services.
2019-07-30 15:10:38,631 INFO  impl.RaftServerImpl (RaftServerImpl.java:lambda$shutdown$3(245)) - f299e6bf-7fb7-4e37-88ad-0be7bc4b776d: shutdown group-98300A8E0D66
2019-07-30 15:10:38,632 INFO  util.JmxRegister (JmxRegister.java:unregister(73)) - Successfully un-registered JMX Bean with object name Ratis:service=RaftServer,group=group-98300A8E0D66,id=f299e6bf-7fb7-4e37-88ad-0be7bc4b776d
2019-07-30 15:10:38,632 INFO  impl.RaftServerProxy (RaftServerProxy.java:lambda$close$4(314)) - 0c197b38-9285-4782-8f27-f50830aee78d: close
2019-07-30 15:10:38,632 INFO  impl.RoleInfo (RoleInfo.java:shutdownFollowerState(121)) - f299e6bf-7fb7-4e37-88ad-0be7bc4b776d: shutdown FollowerState
2019-07-30 15:10:38,633 INFO  impl.RaftServerImpl (RaftServerImpl.java:lambda$shutdown$3(245)) - 0c197b38-9285-4782-8f27-f50830aee78d: shutdown group-5EF493BB936F
2019-07-30 15:10:38,633 INFO  impl.FollowerState (FollowerState.java:run(114)) - f299e6bf-7fb7-4e37-88ad-0be7bc4b776d: FollowerState was interrupted: java.lang.InterruptedException: sleep interrupted
2019-07-30 15:10:38,633 INFO  ratis.ContainerStateMachine (ContainerStateMachine.java:takeSnapshot(262)) - group-98300A8E0D66: Taking a snapshot at:(t:1, i:3) file /workdir/hadoop-ozone/integration-test/target/test-dir/MiniOzoneClusterImpl-ad46064b-6a94-4531-afe2-6a9f3b447690/datanode-0/data/ratis/a8c0aadd-a882-4b60-936c-98300a8e0d66/sm/snapshot.1_3
2019-07-30 15:10:38,633 INFO  impl.StateMachineUpdater (StateMachineUpdater.java:stopAndJoin(115)) - StateMachineUpdater:f299e6bf-7fb7-4e37-88ad-0be7bc4b776d:group-98300A8E0D66: set stopIndex = 4
2019-07-30 15:10:38,633 INFO  util.JmxRegister (JmxRegister.java:unregister(73)) - Successfully un-registered JMX Bean with object name Ratis:service=RaftServer,group=group-5EF493BB936F,id=0c197b38-9285-4782-8f27-f50830aee78d
2019-07-30 15:10:38,637 INFO  impl.RoleInfo (RoleInfo.java:shutdownLeaderState(104)) - 0c197b38-9285-4782-8f27-f50830aee78d: shutdown LeaderState
2019-07-30 15:10:38,637 INFO  impl.PendingRequests (PendingRequests.java:sendNotLeaderResponses(202)) - 0c197b38-9285-4782-8f27-f50830aee78d-PendingRequests: sendNotLeaderResponses
2019-07-30 15:10:38,638 INFO  impl.StateMachineUpdater (StateMachineUpdater.java:stopAndJoin(115)) - StateMachineUpdater:0c197b38-9285-4782-8f27-f50830aee78d:group-5EF493BB936F: set stopIndex = 0
2019-07-30 15:10:38,638 INFO  impl.RaftServerImpl (ServerState.java:close(394)) - 0c197b38-9285-4782-8f27-f50830aee78d:group-5EF493BB936F closes. The last applied log index is 0
2019-07-30 15:10:38,639 INFO  segmented.SegmentedRaftLogWorker (SegmentedRaftLogWorker.java:run(313)) - 0c197b38-9285-4782-8f27-f50830aee78d-SegmentedRaftLogWorker:Storage Directory /workdir/hadoop-ozone/integration-test/target/test-dir/MiniOzoneClusterImpl-ad46064b-6a94-4531-afe2-6a9f3b447690/datanode-6/data/ratis/933adffc-9f93-430e-98ff-5ef493bb936f was interrupted, exiting. There are 0 tasks remaining in the queue.
2019-07-30 15:10:38,647 INFO  segmented.SegmentedRaftLogWorker (SegmentedRaftLogWorker.java:close(228)) - 0c197b38-9285-4782-8f27-f50830aee78d-SegmentedRaftLogWorker:Storage Directory /workdir/hadoop-ozone/integration-test/target/test-dir/MiniOzoneClusterImpl-ad46064b-6a94-4531-afe2-6a9f3b447690/datanode-6/data/ratis/933adffc-9f93-430e-98ff-5ef493bb936f close()
2019-07-30 15:10:38,650 INFO  ratis.ContainerStateMachine (ContainerStateMachine.java:takeSnapshot(273)) - group-98300A8E0D66: Finished taking a snapshot at:(t:1, i:3) file:/workdir/hadoop-ozone/integration-test/target/test-dir/MiniOzoneClusterImpl-ad46064b-6a94-4531-afe2-6a9f3b447690/datanode-0/data/ratis/a8c0aadd-a882-4b60-936c-98300a8e0d66/sm/snapshot.1_3 time:17
2019-07-30 15:10:38,650 INFO  server.GrpcService (GrpcService.java:closeImpl(155)) - 0c197b38-9285-4782-8f27-f50830aee78d: shutdown server with port 40895 now
2019-07-30 15:10:38,650 INFO  impl.StateMachineUpdater (StateMachineUpdater.java:takeSnapshot(242)) - StateMachineUpdater:f299e6bf-7fb7-4e37-88ad-0be7bc4b776d:group-98300A8E0D66: Took a snapshot at index 3
2019-07-30 15:10:38,651 INFO  impl.StateMachineUpdater (StateMachineUpdater.java:lambda$new$0(80)) - StateMachineUpdater:f299e6bf-7fb7-4e37-88ad-0be7bc4b776d:group-98300A8E0D66: snapshotIndex: updateIncreasingly -1 -> 3
2019-07-30 15:10:38,651 INFO  server.GrpcService (GrpcService.java:closeImpl(163)) - 0c197b38-9285-4782-8f27-f50830aee78d: shutdown server with port 40895 successfully
2019-07-30 15:10:38,651 INFO  impl.RaftServerImpl (ServerState.java:close(394)) - f299e6bf-7fb7-4e37-88ad-0be7bc4b776d:group-98300A8E0D66 closes. The last applied log index is 4
2019-07-30 15:10:38,652 INFO  segmented.SegmentedRaftLogWorker (SegmentedRaftLogWorker.java:run(313)) - f299e6bf-7fb7-4e37-88ad-0be7bc4b776d-SegmentedRaftLogWorker:Storage Directory /workdir/hadoop-ozone/integration-test/target/test-dir/MiniOzoneClusterImpl-ad46064b-6a94-4531-afe2-6a9f3b447690/datanode-0/data/ratis/a8c0aadd-a882-4b60-936c-98300a8e0d66 was interrupted, exiting. There are 0 tasks remaining in the queue.
2019-07-30 15:10:38,655 INFO  segmented.SegmentedRaftLogWorker (SegmentedRaftLogWorker.java:close(228)) - f299e6bf-7fb7-4e37-88ad-0be7bc4b776d-SegmentedRaftLogWorker:Storage Directory /workdir/hadoop-ozone/integration-test/target/test-dir/MiniOzoneClusterImpl-ad46064b-6a94-4531-afe2-6a9f3b447690/datanode-0/data/ratis/a8c0aadd-a882-4b60-936c-98300a8e0d66 close()
2019-07-30 15:10:38,655 INFO  utils.BackgroundService (BackgroundService.java:shutdown(148)) - Shutting down service BlockDeletingService
2019-07-30 15:10:38,663 INFO  impl.RaftServerImpl (RaftServerImpl.java:lambda$shutdown$3(245)) - f299e6bf-7fb7-4e37-88ad-0be7bc4b776d: shutdown group-86C3ABE105DE
2019-07-30 15:10:38,664 INFO  util.JmxRegister (JmxRegister.java:unregister(73)) - Successfully un-registered JMX Bean with object name Ratis:service=RaftServer,group=group-86C3ABE105DE,id=f299e6bf-7fb7-4e37-88ad-0be7bc4b776d
2019-07-30 15:10:38,666 INFO  impl.RoleInfo (RoleInfo.java:shutdownLeaderState(104)) - f299e6bf-7fb7-4e37-88ad-0be7bc4b776d: shutdown LeaderState
2019-07-30 15:10:38,666 INFO  impl.PendingRequests (PendingRequests.java:sendNotLeaderResponses(202)) - f299e6bf-7fb7-4e37-88ad-0be7bc4b776d-PendingRequests: sendNotLeaderResponses
2019-07-30 15:10:38,666 INFO  impl.StateMachineUpdater (StateMachineUpdater.java:stopAndJoin(115)) - StateMachineUpdater:f299e6bf-7fb7-4e37-88ad-0be7bc4b776d:group-86C3ABE105DE: set stopIndex = 0
2019-07-30 15:10:38,667 INFO  impl.RaftServerImpl (ServerState.java:close(394)) - f299e6bf-7fb7-4e37-88ad-0be7bc4b776d:group-86C3ABE105DE closes. The last applied log index is 0
2019-07-30 15:10:38,667 INFO  segmented.SegmentedRaftLogWorker (SegmentedRaftLogWorker.java:run(313)) - f299e6bf-7fb7-4e37-88ad-0be7bc4b776d-SegmentedRaftLogWorker:Storage Directory /workdir/hadoop-ozone/integration-test/target/test-dir/MiniOzoneClusterImpl-ad46064b-6a94-4531-afe2-6a9f3b447690/datanode-0/data/ratis/ea892ec5-e223-4786-8de8-86c3abe105de was interrupted, exiting. There are 0 tasks remaining in the queue.
2019-07-30 15:10:38,667 INFO  segmented.SegmentedRaftLogWorker (SegmentedRaftLogWorker.java:close(228)) - f299e6bf-7fb7-4e37-88ad-0be7bc4b776d-SegmentedRaftLogWorker:Storage Directory /workdir/hadoop-ozone/integration-test/target/test-dir/MiniOzoneClusterImpl-ad46064b-6a94-4531-afe2-6a9f3b447690/datanode-0/data/ratis/ea892ec5-e223-4786-8de8-86c3abe105de close()
2019-07-30 15:10:38,669 INFO  server.GrpcService (GrpcService.java:closeImpl(155)) - f299e6bf-7fb7-4e37-88ad-0be7bc4b776d: shutdown server with port 34856 now
2019-07-30 15:10:38,669 WARN  fs.CachingGetSpaceUsed (CachingGetSpaceUsed.java:run(183)) - Thread Interrupted waiting to refresh disk information: sleep interrupted
2019-07-30 15:10:38,669 INFO  server.GrpcService (GrpcService.java:closeImpl(163)) - f299e6bf-7fb7-4e37-88ad-0be7bc4b776d: shutdown server with port 34856 successfully
2019-07-30 15:10:38,671 INFO  utils.BackgroundService (BackgroundService.java:shutdown(148)) - Shutting down service BlockDeletingService
2019-07-30 15:10:38,675 WARN  fs.CachingGetSpaceUsed (CachingGetSpaceUsed.java:run(183)) - Thread Interrupted waiting to refresh disk information: sleep interrupted
2019-07-30 15:10:38,689 INFO  statemachine.DatanodeStateMachine (DatanodeStateMachine.java:stopDaemon(395)) - Ozone container server stopped.
2019-07-30 15:10:38,693 INFO  statemachine.DatanodeStateMachine (DatanodeStateMachine.java:stopDaemon(395)) - Ozone container server stopped.
2019-07-30 15:10:38,702 INFO  handler.ContextHandler (ContextHandler.java:doStop(910)) - Stopped o.e.j.w.WebAppContext@43ab4e83{/,null,UNAVAILABLE}{/hddsDatanode}
2019-07-30 15:10:38,702 INFO  handler.ContextHandler (ContextHandler.java:doStop(910)) - Stopped o.e.j.w.WebAppContext@139da216{/,null,UNAVAILABLE}{/hddsDatanode}
2019-07-30 15:10:38,704 INFO  server.AbstractConnector (AbstractConnector.java:doStop(318)) - Stopped ServerConnector@343b3399{HTTP/1.1,[http/1.1]}{0.0.0.0:0}
2019-07-30 15:10:38,704 INFO  server.AbstractConnector (AbstractConnector.java:doStop(318)) - Stopped ServerConnector@6a35cccf{HTTP/1.1,[http/1.1]}{0.0.0.0:0}
2019-07-30 15:10:38,704 INFO  handler.ContextHandler (ContextHandler.java:doStop(910)) - Stopped o.e.j.s.ServletContextHandler@63f093a{/static,jar:file:/home/user/.m2/repository/org/apache/hadoop/hadoop-hdds-container-service/0.4.1-SNAPSHOT/hadoop-hdds-container-service-0.4.1-SNAPSHOT.jar!/webapps/static,UNAVAILABLE}
2019-07-30 15:10:38,708 INFO  handler.ContextHandler (ContextHandler.java:doStop(910)) - Stopped o.e.j.s.ServletContextHandler@17adbecf{/static,jar:file:/home/user/.m2/repository/org/apache/hadoop/hadoop-hdds-container-service/0.4.1-SNAPSHOT/hadoop-hdds-container-service-0.4.1-SNAPSHOT.jar!/webapps/static,UNAVAILABLE}
2019-07-30 15:10:38,708 INFO  handler.ContextHandler (ContextHandler.java:doStop(910)) - Stopped o.e.j.s.ServletContextHandler@6419726f{/logs,file:///workdir/hadoop-ozone/integration-test/target/log,UNAVAILABLE}
2019-07-30 15:10:38,709 INFO  handler.ContextHandler (ContextHandler.java:doStop(910)) - Stopped o.e.j.s.ServletContextHandler@5b166420{/logs,file:///workdir/hadoop-ozone/integration-test/target/log,UNAVAILABLE}
2019-07-30 15:10:38,710 INFO  datanode.ObjectStoreHandler (ObjectStoreHandler.java:close(155)) - Closing ObjectStoreHandler.
2019-07-30 15:10:38,710 INFO  ozone.HddsDatanodeService (HddsDatanodeService.java:stop(451)) - Stopped plug-in org.apache.hadoop.ozone.web.OzoneHddsDatanodeService@2c4142f8
2019-07-30 15:10:39,064 INFO  statemachine.DatanodeStateMachine (DatanodeStateMachine.java:lambda$startDaemon$0(350)) - Ozone container server started.
2019-07-30 15:10:40,023 WARN  server.GrpcLogAppender (LogUtils.java:warn(134)) - 0ba01337-595b-4105-b408-2b17d3d783a7->e8247901-e06f-451d-8c14-d461922cdde8: Failed appendEntries: org.apache.ratis.thirdparty.io.grpc.StatusRuntimeException: UNAVAILABLE: io exception
2019-07-30 15:10:40,024 WARN  server.GrpcLogAppender (LogUtils.java:warn(134)) - 0ba01337-595b-4105-b408-2b17d3d783a7->d6086a6b-d6cf-41c7-b0f0-8938d322a030: Failed appendEntries: org.apache.ratis.thirdparty.io.grpc.StatusRuntimeException: UNAVAILABLE: io exception
2019-07-30 15:10:40,025 INFO  impl.FollowerInfo (FollowerInfo.java:lambda$new$0(50)) - 0ba01337-595b-4105-b408-2b17d3d783a7->e8247901-e06f-451d-8c14-d461922cdde8: nextIndex: updateUnconditionally 16 -> 15
2019-07-30 15:10:40,025 INFO  impl.FollowerInfo (FollowerInfo.java:lambda$new$0(50)) - 0ba01337-595b-4105-b408-2b17d3d783a7->d6086a6b-d6cf-41c7-b0f0-8938d322a030: nextIndex: updateUnconditionally 12 -> 11
2019-07-30 15:10:42,523 WARN  server.GrpcLogAppender (LogUtils.java:warn(134)) - 0ba01337-595b-4105-b408-2b17d3d783a7->e8247901-e06f-451d-8c14-d461922cdde8: Failed appendEntries: org.apache.ratis.thirdparty.io.grpc.StatusRuntimeException: UNAVAILABLE: io exception
2019-07-30 15:10:42,523 INFO  impl.FollowerInfo (FollowerInfo.java:lambda$new$0(50)) - 0ba01337-595b-4105-b408-2b17d3d783a7->e8247901-e06f-451d-8c14-d461922cdde8: nextIndex: updateUnconditionally 15 -> 14
2019-07-30 15:10:42,525 WARN  server.GrpcLogAppender (LogUtils.java:warn(134)) - 0ba01337-595b-4105-b408-2b17d3d783a7->d6086a6b-d6cf-41c7-b0f0-8938d322a030: Failed appendEntries: org.apache.ratis.thirdparty.io.grpc.StatusRuntimeException: UNAVAILABLE: io exception
2019-07-30 15:10:42,526 INFO  impl.FollowerInfo (FollowerInfo.java:lambda$new$0(50)) - 0ba01337-595b-4105-b408-2b17d3d783a7->d6086a6b-d6cf-41c7-b0f0-8938d322a030: nextIndex: updateUnconditionally 11 -> 10
2019-07-30 15:10:43,135 INFO  node.StaleNodeHandler (StaleNodeHandler.java:onMessage(58)) - Datanode 0ba01337-595b-4105-b408-2b17d3d783a7{ip: 192.168.5.170, host: byscane-nightly-xg47r-921641087, networkLocation: /default-rack, certSerialId: null} moved to stale state. Finalizing its pipelines [PipelineID=43e010cb-dbd6-457d-8cad-f034892d73e4, PipelineID=c4f8788a-4101-41dd-8bb9-99f0b1b35727]
2019-07-30 15:10:43,136 INFO  pipeline.SCMPipelineManager (SCMPipelineManager.java:finalizeAndDestroyPipeline(309)) - destroying pipeline:Pipeline[ Id: 43e010cb-dbd6-457d-8cad-f034892d73e4, Nodes: d6086a6b-d6cf-41c7-b0f0-8938d322a030{ip: 192.168.5.170, host: byscane-nightly-xg47r-921641087, networkLocation: /default-rack, certSerialId: null}e8247901-e06f-451d-8c14-d461922cdde8{ip: 192.168.5.170, host: byscane-nightly-xg47r-921641087, networkLocation: /default-rack, certSerialId: null}0ba01337-595b-4105-b408-2b17d3d783a7{ip: 192.168.5.170, host: byscane-nightly-xg47r-921641087, networkLocation: /default-rack, certSerialId: null}, Type:RATIS, Factor:THREE, State:CLOSED]
2019-07-30 15:10:43,136 INFO  pipeline.SCMPipelineManager (SCMPipelineManager.java:finalizeAndDestroyPipeline(309)) - destroying pipeline:Pipeline[ Id: c4f8788a-4101-41dd-8bb9-99f0b1b35727, Nodes: 0ba01337-595b-4105-b408-2b17d3d783a7{ip: 192.168.5.170, host: byscane-nightly-xg47r-921641087, networkLocation: /default-rack, certSerialId: null}, Type:RATIS, Factor:ONE, State:OPEN]
2019-07-30 15:10:43,136 INFO  pipeline.PipelineStateManager (PipelineStateManager.java:finalizePipeline(123)) - Pipeline Pipeline[ Id: c4f8788a-4101-41dd-8bb9-99f0b1b35727, Nodes: 0ba01337-595b-4105-b408-2b17d3d783a7{ip: 192.168.5.170, host: byscane-nightly-xg47r-921641087, networkLocation: /default-rack, certSerialId: null}, Type:RATIS, Factor:ONE, State:CLOSED] moved to CLOSED state
2019-07-30 15:10:43,711 INFO  ozoneimpl.OzoneContainer (OzoneContainer.java:stop(199)) - Attempting to stop container services.
2019-07-30 15:10:43,712 INFO  impl.RaftServerProxy (RaftServerProxy.java:lambda$close$4(314)) - 0ba01337-595b-4105-b408-2b17d3d783a7: close
2019-07-30 15:10:43,712 INFO  impl.RaftServerImpl (RaftServerImpl.java:lambda$shutdown$3(245)) - 0ba01337-595b-4105-b408-2b17d3d783a7: shutdown group-F034892D73E4
2019-07-30 15:10:43,713 INFO  util.JmxRegister (JmxRegister.java:unregister(73)) - Successfully un-registered JMX Bean with object name Ratis:service=RaftServer,group=group-F034892D73E4,id=0ba01337-595b-4105-b408-2b17d3d783a7
2019-07-30 15:10:43,713 INFO  impl.RoleInfo (RoleInfo.java:shutdownLeaderState(104)) - 0ba01337-595b-4105-b408-2b17d3d783a7: shutdown LeaderState
2019-07-30 15:10:43,716 WARN  server.GrpcLogAppender (GrpcLogAppender.java:mayWait(143)) - GrpcLogAppender(0ba01337-595b-4105-b408-2b17d3d783a7->d6086a6b-d6cf-41c7-b0f0-8938d322a030): Wait interrupted by java.lang.InterruptedException
2019-07-30 15:10:43,716 WARN  server.GrpcLogAppender (GrpcLogAppender.java:mayWait(143)) - GrpcLogAppender(0ba01337-595b-4105-b408-2b17d3d783a7->e8247901-e06f-451d-8c14-d461922cdde8): Wait interrupted by java.lang.InterruptedException
2019-07-30 15:10:43,716 INFO  impl.PendingRequests (PendingRequests.java:sendNotLeaderResponses(202)) - 0ba01337-595b-4105-b408-2b17d3d783a7-PendingRequests: sendNotLeaderResponses
2019-07-30 15:10:43,722 INFO  impl.StateMachineUpdater (StateMachineUpdater.java:stopAndJoin(115)) - StateMachineUpdater:0ba01337-595b-4105-b408-2b17d3d783a7:group-F034892D73E4: set stopIndex = 18
2019-07-30 15:10:43,722 INFO  ratis.ContainerStateMachine (ContainerStateMachine.java:takeSnapshot(262)) - group-F034892D73E4: Taking a snapshot at:(t:1, i:18) file /workdir/hadoop-ozone/integration-test/target/test-dir/MiniOzoneClusterImpl-ad46064b-6a94-4531-afe2-6a9f3b447690/datanode-5/data/ratis/43e010cb-dbd6-457d-8cad-f034892d73e4/sm/snapshot.1_18
2019-07-30 15:10:43,728 INFO  ratis.ContainerStateMachine (ContainerStateMachine.java:takeSnapshot(273)) - group-F034892D73E4: Finished taking a snapshot at:(t:1, i:18) file:/workdir/hadoop-ozone/integration-test/target/test-dir/MiniOzoneClusterImpl-ad46064b-6a94-4531-afe2-6a9f3b447690/datanode-5/data/ratis/43e010cb-dbd6-457d-8cad-f034892d73e4/sm/snapshot.1_18 time:6
2019-07-30 15:10:43,728 INFO  impl.StateMachineUpdater (StateMachineUpdater.java:takeSnapshot(242)) - StateMachineUpdater:0ba01337-595b-4105-b408-2b17d3d783a7:group-F034892D73E4: Took a snapshot at index 18
2019-07-30 15:10:43,728 INFO  impl.StateMachineUpdater (StateMachineUpdater.java:lambda$new$0(80)) - StateMachineUpdater:0ba01337-595b-4105-b408-2b17d3d783a7:group-F034892D73E4: snapshotIndex: updateIncreasingly -1 -> 18
2019-07-30 15:10:43,728 INFO  impl.RaftServerImpl (ServerState.java:close(394)) - 0ba01337-595b-4105-b408-2b17d3d783a7:group-F034892D73E4 closes. The last applied log index is 18
2019-07-30 15:10:43,729 INFO  segmented.SegmentedRaftLogWorker (SegmentedRaftLogWorker.java:run(313)) - 0ba01337-595b-4105-b408-2b17d3d783a7-SegmentedRaftLogWorker:Storage Directory /workdir/hadoop-ozone/integration-test/target/test-dir/MiniOzoneClusterImpl-ad46064b-6a94-4531-afe2-6a9f3b447690/datanode-5/data/ratis/43e010cb-dbd6-457d-8cad-f034892d73e4 was interrupted, exiting. There are 0 tasks remaining in the queue.
2019-07-30 15:10:43,729 INFO  segmented.SegmentedRaftLogWorker (SegmentedRaftLogWorker.java:close(228)) - 0ba01337-595b-4105-b408-2b17d3d783a7-SegmentedRaftLogWorker:Storage Directory /workdir/hadoop-ozone/integration-test/target/test-dir/MiniOzoneClusterImpl-ad46064b-6a94-4531-afe2-6a9f3b447690/datanode-5/data/ratis/43e010cb-dbd6-457d-8cad-f034892d73e4 close()
2019-07-30 15:10:43,731 INFO  impl.RaftServerImpl (RaftServerImpl.java:lambda$shutdown$3(245)) - 0ba01337-595b-4105-b408-2b17d3d783a7: shutdown group-99F0B1B35727
2019-07-30 15:10:43,731 INFO  util.JmxRegister (JmxRegister.java:unregister(73)) - Successfully un-registered JMX Bean with object name Ratis:service=RaftServer,group=group-99F0B1B35727,id=0ba01337-595b-4105-b408-2b17d3d783a7
2019-07-30 15:10:43,732 INFO  impl.RoleInfo (RoleInfo.java:shutdownLeaderState(104)) - 0ba01337-595b-4105-b408-2b17d3d783a7: shutdown LeaderState
2019-07-30 15:10:43,732 INFO  impl.PendingRequests (PendingRequests.java:sendNotLeaderResponses(202)) - 0ba01337-595b-4105-b408-2b17d3d783a7-PendingRequests: sendNotLeaderResponses
2019-07-30 15:10:43,732 INFO  impl.StateMachineUpdater (StateMachineUpdater.java:stopAndJoin(115)) - StateMachineUpdater:0ba01337-595b-4105-b408-2b17d3d783a7:group-99F0B1B35727: set stopIndex = 0
2019-07-30 15:10:43,733 INFO  impl.RaftServerImpl (ServerState.java:close(394)) - 0ba01337-595b-4105-b408-2b17d3d783a7:group-99F0B1B35727 closes. The last applied log index is 0
2019-07-30 15:10:43,733 INFO  segmented.SegmentedRaftLogWorker (SegmentedRaftLogWorker.java:run(313)) - 0ba01337-595b-4105-b408-2b17d3d783a7-SegmentedRaftLogWorker:Storage Directory /workdir/hadoop-ozone/integration-test/target/test-dir/MiniOzoneClusterImpl-ad46064b-6a94-4531-afe2-6a9f3b447690/datanode-5/data/ratis/c4f8788a-4101-41dd-8bb9-99f0b1b35727 was interrupted, exiting. There are 0 tasks remaining in the queue.
2019-07-30 15:10:43,733 INFO  segmented.SegmentedRaftLogWorker (SegmentedRaftLogWorker.java:close(228)) - 0ba01337-595b-4105-b408-2b17d3d783a7-SegmentedRaftLogWorker:Storage Directory /workdir/hadoop-ozone/integration-test/target/test-dir/MiniOzoneClusterImpl-ad46064b-6a94-4531-afe2-6a9f3b447690/datanode-5/data/ratis/c4f8788a-4101-41dd-8bb9-99f0b1b35727 close()
2019-07-30 15:10:43,735 INFO  server.GrpcService (GrpcService.java:closeImpl(155)) - 0ba01337-595b-4105-b408-2b17d3d783a7: shutdown server with port 34248 now
2019-07-30 15:10:43,736 WARN  client.GrpcClientProtocolService (LogUtils.java:warn(134)) - 3-UnorderedRequestStreamObserver3: onError: org.apache.ratis.thirdparty.io.grpc.StatusRuntimeException: CANCELLED: cancelled before receiving half close
2019-07-30 15:10:43,738 INFO  server.GrpcService (GrpcService.java:closeImpl(163)) - 0ba01337-595b-4105-b408-2b17d3d783a7: shutdown server with port 34248 successfully
2019-07-30 15:10:43,742 INFO  utils.BackgroundService (BackgroundService.java:shutdown(148)) - Shutting down service BlockDeletingService
2019-07-30 15:10:43,744 WARN  fs.CachingGetSpaceUsed (CachingGetSpaceUsed.java:run(183)) - Thread Interrupted waiting to refresh disk information: sleep interrupted
2019-07-30 15:10:43,761 INFO  statemachine.DatanodeStateMachine (DatanodeStateMachine.java:stopDaemon(395)) - Ozone container server stopped.
2019-07-30 15:10:43,774 INFO  handler.ContextHandler (ContextHandler.java:doStop(910)) - Stopped o.e.j.w.WebAppContext@745c25ed{/,null,UNAVAILABLE}{/hddsDatanode}
2019-07-30 15:10:43,775 INFO  server.AbstractConnector (AbstractConnector.java:doStop(318)) - Stopped ServerConnector@4fb1bffd{HTTP/1.1,[http/1.1]}{0.0.0.0:0}
2019-07-30 15:10:43,775 INFO  handler.ContextHandler (ContextHandler.java:doStop(910)) - Stopped o.e.j.s.ServletContextHandler@421c4c3e{/static,jar:file:/home/user/.m2/repository/org/apache/hadoop/hadoop-hdds-container-service/0.4.1-SNAPSHOT/hadoop-hdds-container-service-0.4.1-SNAPSHOT.jar!/webapps/static,UNAVAILABLE}
2019-07-30 15:10:43,776 INFO  handler.ContextHandler (ContextHandler.java:doStop(910)) - Stopped o.e.j.s.ServletContextHandler@52dfd7f5{/logs,file:///workdir/hadoop-ozone/integration-test/target/log,UNAVAILABLE}
2019-07-30 15:10:43,777 INFO  ozone.MiniOzoneClusterImpl (MiniOzoneClusterImpl.java:stop(353)) - Stopping the StorageContainerManager
2019-07-30 15:10:43,777 INFO  server.StorageContainerManager (StorageContainerManager.java:stop(796)) - Stopping Replication Manager Service.
2019-07-30 15:10:43,777 INFO  container.ReplicationManager (ReplicationManager.java:stop(187)) - Stopping Replication Monitor Thread.
2019-07-30 15:10:43,777 INFO  server.StorageContainerManager (StorageContainerManager.java:stop(803)) - Stopping Lease Manager of the command watchers
2019-07-30 15:10:43,778 INFO  server.StorageContainerManager (StorageContainerManager.java:stop(810)) - Stopping datanode service RPC server
2019-07-30 15:10:43,778 INFO  server.SCMDatanodeProtocolServer (SCMDatanodeProtocolServer.java:stop(367)) - Stopping the RPC server for DataNodes
2019-07-30 15:10:43,778 INFO  ipc.Server (Server.java:stop(3082)) - Stopping server on 35719
2019-07-30 15:10:43,781 INFO  ipc.Server (Server.java:run(1185)) - Stopping IPC Server listener on 35719
2019-07-30 15:10:43,781 INFO  ipc.Server (Server.java:run(1319)) - Stopping IPC Server Responder
2019-07-30 15:10:43,837 WARN  node.NodeStateManager (NodeStateManager.java:scheduleNextHealthCheck(631)) - Current Thread is interrupted, shutting down HB processing thread for Node Manager.
2019-07-30 15:10:43,838 INFO  server.StorageContainerManager (StorageContainerManager.java:stop(818)) - Stopping block service RPC server
2019-07-30 15:10:43,838 INFO  server.SCMBlockProtocolServer (SCMBlockProtocolServer.java:stop(148)) - Stopping the RPC server for Block Protocol
2019-07-30 15:10:43,838 INFO  ipc.Server (Server.java:stop(3082)) - Stopping server on 33556
2019-07-30 15:10:43,839 INFO  server.StorageContainerManager (StorageContainerManager.java:stop(825)) - Stopping the StorageContainerLocationProtocol RPC server
2019-07-30 15:10:43,840 INFO  ipc.Server (Server.java:run(1185)) - Stopping IPC Server listener on 33556
2019-07-30 15:10:43,840 INFO  server.SCMClientProtocolServer (SCMClientProtocolServer.java:stop(159)) - Stopping the RPC server for Client Protocol
2019-07-30 15:10:43,841 INFO  ipc.Server (Server.java:stop(3082)) - Stopping server on 42687
2019-07-30 15:10:43,840 INFO  ipc.Server (Server.java:run(1319)) - Stopping IPC Server Responder
2019-07-30 15:10:43,843 INFO  server.StorageContainerManager (StorageContainerManager.java:stop(832)) - Stopping Storage Container Manager HTTP server.
2019-07-30 15:10:43,844 INFO  ipc.Server (Server.java:run(1319)) - Stopping IPC Server Responder
2019-07-30 15:10:43,843 INFO  ipc.Server (Server.java:run(1185)) - Stopping IPC Server listener on 42687
2019-07-30 15:10:43,844 INFO  handler.ContextHandler (ContextHandler.java:doStop(910)) - Stopped o.e.j.w.WebAppContext@77c1a7ce{/,null,UNAVAILABLE}{/scm}
2019-07-30 15:10:43,845 INFO  server.AbstractConnector (AbstractConnector.java:doStop(318)) - Stopped ServerConnector@14a488ed{HTTP/1.1,[http/1.1]}{0.0.0.0:0}
2019-07-30 15:10:43,845 INFO  handler.ContextHandler (ContextHandler.java:doStop(910)) - Stopped o.e.j.s.ServletContextHandler@18edbed9{/static,file:///workdir/hadoop-ozone/integration-test/target/test-classes/webapps/static,UNAVAILABLE}
2019-07-30 15:10:43,846 INFO  handler.ContextHandler (ContextHandler.java:doStop(910)) - Stopped o.e.j.s.ServletContextHandler@569d6e0d{/logs,file:///workdir/hadoop-ozone/integration-test/target/log,UNAVAILABLE}
2019-07-30 15:10:43,846 INFO  server.StorageContainerManager (StorageContainerManager.java:stop(843)) - Stopping Block Manager Service.
2019-07-30 15:10:43,847 INFO  utils.BackgroundService (BackgroundService.java:shutdown(148)) - Shutting down service SCMBlockDeletingService
2019-07-30 15:10:43,847 INFO  utils.BackgroundService (BackgroundService.java:shutdown(148)) - Shutting down service SCMBlockDeletingService
2019-07-30 15:10:43,848 INFO  server.StorageContainerManager (StorageContainerManager.java:stop(865)) - Stopping SCM Event Queue.
2019-07-30 15:10:43,853 INFO  impl.MetricsSystemImpl (MetricsSystemImpl.java:stop(210)) - Stopping HddsDatanode metrics system...
2019-07-30 15:10:43,863 INFO  impl.MetricsSystemImpl (MetricsSystemImpl.java:stop(216)) - HddsDatanode metrics system stopped.
]]></system-out>
    <system-err><![CDATA[Jul 30, 2019 3:10:10 PM com.sun.jersey.server.impl.application.WebApplicationImpl _initiate
INFO: Initiating Jersey application, version 'Jersey: 1.19 02/11/2015 03:25 AM'
Jul 30, 2019 3:10:10 PM com.sun.jersey.server.impl.application.WebApplicationImpl _initiate
INFO: Initiating Jersey application, version 'Jersey: 1.19 02/11/2015 03:25 AM'
Jul 30, 2019 3:10:10 PM com.sun.jersey.server.impl.application.WebApplicationImpl _initiate
INFO: Initiating Jersey application, version 'Jersey: 1.19 02/11/2015 03:25 AM'
Jul 30, 2019 3:10:11 PM com.sun.jersey.server.impl.application.WebApplicationImpl _initiate
INFO: Initiating Jersey application, version 'Jersey: 1.19 02/11/2015 03:25 AM'
Jul 30, 2019 3:10:11 PM com.sun.jersey.server.impl.application.WebApplicationImpl _initiate
INFO: Initiating Jersey application, version 'Jersey: 1.19 02/11/2015 03:25 AM'
Jul 30, 2019 3:10:11 PM com.sun.jersey.server.impl.application.WebApplicationImpl _initiate
INFO: Initiating Jersey application, version 'Jersey: 1.19 02/11/2015 03:25 AM'
Jul 30, 2019 3:10:11 PM com.sun.jersey.server.impl.application.WebApplicationImpl _initiate
INFO: Initiating Jersey application, version 'Jersey: 1.19 02/11/2015 03:25 AM'
Jul 30, 2019 3:10:14 PM org.apache.ratis.thirdparty.io.grpc.internal.ManagedChannelOrphanWrapper$ManagedChannelReference cleanQueue
SEVERE: *~*~*~ Channel ManagedChannelImpl{logId=2886, target=192.168.5.170:35375} was not shutdown properly!!! ~*~*~*
    Make sure to call shutdown()/shutdownNow() and wait until awaitTermination() returns true.
java.lang.RuntimeException: ManagedChannel allocation site
	at org.apache.ratis.thirdparty.io.grpc.internal.ManagedChannelOrphanWrapper$ManagedChannelReference.<init>(ManagedChannelOrphanWrapper.java:103)
	at org.apache.ratis.thirdparty.io.grpc.internal.ManagedChannelOrphanWrapper.<init>(ManagedChannelOrphanWrapper.java:53)
	at org.apache.ratis.thirdparty.io.grpc.internal.ManagedChannelOrphanWrapper.<init>(ManagedChannelOrphanWrapper.java:44)
	at org.apache.ratis.thirdparty.io.grpc.internal.AbstractManagedChannelImplBuilder.build(AbstractManagedChannelImplBuilder.java:411)
	at org.apache.ratis.grpc.client.GrpcClientProtocolClient.<init>(GrpcClientProtocolClient.java:119)
	at org.apache.ratis.grpc.client.GrpcClientRpc.lambda$new$0(GrpcClientRpc.java:55)
	at org.apache.ratis.util.PeerProxyMap$PeerAndProxy.lambda$getProxy$0(PeerProxyMap.java:61)
	at org.apache.ratis.util.LifeCycle.startAndTransition(LifeCycle.java:202)
	at org.apache.ratis.util.PeerProxyMap$PeerAndProxy.getProxy(PeerProxyMap.java:60)
	at org.apache.ratis.util.PeerProxyMap.getProxy(PeerProxyMap.java:107)
	at org.apache.ratis.grpc.client.GrpcClientRpc.sendRequestAsync(GrpcClientRpc.java:66)
	at org.apache.ratis.client.impl.OrderedAsync.sendRequest(OrderedAsync.java:208)
	at org.apache.ratis.client.impl.OrderedAsync.sendRequestWithRetry(OrderedAsync.java:169)
	at org.apache.ratis.util.SlidingWindow$Client.sendOrDelayRequest(SlidingWindow.java:278)
	at org.apache.ratis.util.SlidingWindow$Client.submitNewRequest(SlidingWindow.java:257)
	at org.apache.ratis.client.impl.OrderedAsync.send(OrderedAsync.java:155)
	at org.apache.ratis.client.impl.RaftClientImpl.sendAsync(RaftClientImpl.java:145)
	at org.apache.ratis.client.impl.RaftClientImpl.sendAsync(RaftClientImpl.java:125)
	at org.apache.hadoop.hdds.scm.XceiverClientRatis.sendRequestAsync(XceiverClientRatis.java:224)
	at org.apache.hadoop.hdds.scm.XceiverClientRatis.sendCommandAsync(XceiverClientRatis.java:302)
	at org.apache.hadoop.hdds.scm.storage.ContainerProtocolCalls.writeChunkAsync(ContainerProtocolCalls.java:310)
	at org.apache.hadoop.hdds.scm.storage.BlockOutputStream.writeChunkToContainer(BlockOutputStream.java:601)
	at org.apache.hadoop.hdds.scm.storage.BlockOutputStream.writeChunk(BlockOutputStream.java:459)
	at org.apache.hadoop.hdds.scm.storage.BlockOutputStream.writeOnRetry(BlockOutputStream.java:285)
	at org.apache.hadoop.ozone.client.io.BlockOutputStreamEntry.writeOnRetry(BlockOutputStreamEntry.java:200)
	at org.apache.hadoop.ozone.client.io.KeyOutputStream.handleWrite(KeyOutputStream.java:209)
	at org.apache.hadoop.ozone.client.io.KeyOutputStream.handleRetry(KeyOutputStream.java:376)
	at org.apache.hadoop.ozone.client.io.KeyOutputStream.handleException(KeyOutputStream.java:325)
	at org.apache.hadoop.ozone.client.io.KeyOutputStream.handleFlushOrClose(KeyOutputStream.java:448)
	at org.apache.hadoop.ozone.client.io.KeyOutputStream.handleWrite(KeyOutputStream.java:235)
	at org.apache.hadoop.ozone.client.io.KeyOutputStream.write(KeyOutputStream.java:193)
	at org.apache.hadoop.ozone.client.io.OzoneOutputStream.write(OzoneOutputStream.java:49)
	at java.io.OutputStream.write(OutputStream.java:75)
	at org.apache.hadoop.ozone.client.rpc.TestBlockOutputStreamWithFailures.testWatchForCommitWithSingleNodeRatis(TestBlockOutputStreamWithFailures.java:881)
	at sun.reflect.NativeMethodAccessorImpl.invoke0(Native Method)
	at sun.reflect.NativeMethodAccessorImpl.invoke(NativeMethodAccessorImpl.java:62)
	at sun.reflect.DelegatingMethodAccessorImpl.invoke(DelegatingMethodAccessorImpl.java:43)
	at java.lang.reflect.Method.invoke(Method.java:498)
	at org.junit.runners.model.FrameworkMethod$1.runReflectiveCall(FrameworkMethod.java:47)
	at org.junit.internal.runners.model.ReflectiveCallable.run(ReflectiveCallable.java:12)
	at org.junit.runners.model.FrameworkMethod.invokeExplosively(FrameworkMethod.java:44)
	at org.junit.internal.runners.statements.InvokeMethod.evaluate(InvokeMethod.java:17)
	at org.junit.internal.runners.statements.RunBefores.evaluate(RunBefores.java:26)
	at org.junit.internal.runners.statements.RunAfters.evaluate(RunAfters.java:27)
	at org.junit.runners.ParentRunner.runLeaf(ParentRunner.java:271)
	at org.junit.runners.BlockJUnit4ClassRunner.runChild(BlockJUnit4ClassRunner.java:70)
	at org.junit.runners.BlockJUnit4ClassRunner.runChild(BlockJUnit4ClassRunner.java:50)
	at org.junit.runners.ParentRunner$3.run(ParentRunner.java:238)
	at org.junit.runners.ParentRunner$1.schedule(ParentRunner.java:63)
	at org.junit.runners.ParentRunner.runChildren(ParentRunner.java:236)
	at org.junit.runners.ParentRunner.access$000(ParentRunner.java:53)
	at org.junit.runners.ParentRunner$2.evaluate(ParentRunner.java:229)
	at org.junit.runners.ParentRunner.run(ParentRunner.java:309)
	at org.apache.maven.surefire.junit4.JUnit4Provider.execute(JUnit4Provider.java:365)
	at org.apache.maven.surefire.junit4.JUnit4Provider.executeWithRerun(JUnit4Provider.java:273)
	at org.apache.maven.surefire.junit4.JUnit4Provider.executeTestSet(JUnit4Provider.java:238)
	at org.apache.maven.surefire.junit4.JUnit4Provider.invoke(JUnit4Provider.java:159)
	at org.apache.maven.surefire.booter.ForkedBooter.invokeProviderInSameClassLoader(ForkedBooter.java:384)
	at org.apache.maven.surefire.booter.ForkedBooter.runSuitesInProcess(ForkedBooter.java:345)
	at org.apache.maven.surefire.booter.ForkedBooter.execute(ForkedBooter.java:126)
	at org.apache.maven.surefire.booter.ForkedBooter.main(ForkedBooter.java:418)

Jul 30, 2019 3:10:14 PM org.apache.ratis.thirdparty.io.grpc.internal.ManagedChannelOrphanWrapper$ManagedChannelReference cleanQueue
SEVERE: *~*~*~ Channel ManagedChannelImpl{logId=2896, target=192.168.5.170:41063} was not shutdown properly!!! ~*~*~*
    Make sure to call shutdown()/shutdownNow() and wait until awaitTermination() returns true.
java.lang.RuntimeException: ManagedChannel allocation site
	at org.apache.ratis.thirdparty.io.grpc.internal.ManagedChannelOrphanWrapper$ManagedChannelReference.<init>(ManagedChannelOrphanWrapper.java:103)
	at org.apache.ratis.thirdparty.io.grpc.internal.ManagedChannelOrphanWrapper.<init>(ManagedChannelOrphanWrapper.java:53)
	at org.apache.ratis.thirdparty.io.grpc.internal.ManagedChannelOrphanWrapper.<init>(ManagedChannelOrphanWrapper.java:44)
	at org.apache.ratis.thirdparty.io.grpc.internal.AbstractManagedChannelImplBuilder.build(AbstractManagedChannelImplBuilder.java:411)
	at org.apache.hadoop.hdds.scm.XceiverClientGrpc.connectToDatanode(XceiverClientGrpc.java:174)
	at org.apache.hadoop.hdds.scm.XceiverClientGrpc.reconnect(XceiverClientGrpc.java:422)
	at org.apache.hadoop.hdds.scm.XceiverClientGrpc.sendCommandAsync(XceiverClientGrpc.java:371)
	at org.apache.hadoop.hdds.scm.XceiverClientGrpc.sendCommandWithRetry(XceiverClientGrpc.java:284)
	at org.apache.hadoop.hdds.scm.XceiverClientGrpc.sendCommandWithTraceIDAndRetry(XceiverClientGrpc.java:250)
	at org.apache.hadoop.hdds.scm.XceiverClientGrpc.sendCommand(XceiverClientGrpc.java:233)
	at org.apache.hadoop.hdds.scm.storage.ContainerProtocolCalls.getBlock(ContainerProtocolCalls.java:118)
	at org.apache.hadoop.hdds.scm.storage.BlockInputStream.getChunkInfos(BlockInputStream.java:167)
	at org.apache.hadoop.hdds.scm.storage.BlockInputStream.initialize(BlockInputStream.java:118)
	at org.apache.hadoop.hdds.scm.storage.BlockInputStream.read(BlockInputStream.java:222)
	at org.apache.hadoop.ozone.client.io.KeyInputStream.read(KeyInputStream.java:171)
	at org.apache.hadoop.ozone.client.io.OzoneInputStream.read(OzoneInputStream.java:47)
	at java.io.InputStream.read(InputStream.java:101)
	at org.apache.hadoop.ozone.container.ContainerTestHelper.validateData(ContainerTestHelper.java:709)
	at org.apache.hadoop.ozone.client.rpc.TestBlockOutputStreamWithFailures.validateData(TestBlockOutputStreamWithFailures.java:1212)
	at org.apache.hadoop.ozone.client.rpc.TestBlockOutputStreamWithFailures.testWatchForCommitWithSingleNodeRatis(TestBlockOutputStreamWithFailures.java:914)
	at sun.reflect.NativeMethodAccessorImpl.invoke0(Native Method)
	at sun.reflect.NativeMethodAccessorImpl.invoke(NativeMethodAccessorImpl.java:62)
	at sun.reflect.DelegatingMethodAccessorImpl.invoke(DelegatingMethodAccessorImpl.java:43)
	at java.lang.reflect.Method.invoke(Method.java:498)
	at org.junit.runners.model.FrameworkMethod$1.runReflectiveCall(FrameworkMethod.java:47)
	at org.junit.internal.runners.model.ReflectiveCallable.run(ReflectiveCallable.java:12)
	at org.junit.runners.model.FrameworkMethod.invokeExplosively(FrameworkMethod.java:44)
	at org.junit.internal.runners.statements.InvokeMethod.evaluate(InvokeMethod.java:17)
	at org.junit.internal.runners.statements.RunBefores.evaluate(RunBefores.java:26)
	at org.junit.internal.runners.statements.RunAfters.evaluate(RunAfters.java:27)
	at org.junit.runners.ParentRunner.runLeaf(ParentRunner.java:271)
	at org.junit.runners.BlockJUnit4ClassRunner.runChild(BlockJUnit4ClassRunner.java:70)
	at org.junit.runners.BlockJUnit4ClassRunner.runChild(BlockJUnit4ClassRunner.java:50)
	at org.junit.runners.ParentRunner$3.run(ParentRunner.java:238)
	at org.junit.runners.ParentRunner$1.schedule(ParentRunner.java:63)
	at org.junit.runners.ParentRunner.runChildren(ParentRunner.java:236)
	at org.junit.runners.ParentRunner.access$000(ParentRunner.java:53)
	at org.junit.runners.ParentRunner$2.evaluate(ParentRunner.java:229)
	at org.junit.runners.ParentRunner.run(ParentRunner.java:309)
	at org.apache.maven.surefire.junit4.JUnit4Provider.execute(JUnit4Provider.java:365)
	at org.apache.maven.surefire.junit4.JUnit4Provider.executeWithRerun(JUnit4Provider.java:273)
	at org.apache.maven.surefire.junit4.JUnit4Provider.executeTestSet(JUnit4Provider.java:238)
	at org.apache.maven.surefire.junit4.JUnit4Provider.invoke(JUnit4Provider.java:159)
	at org.apache.maven.surefire.booter.ForkedBooter.invokeProviderInSameClassLoader(ForkedBooter.java:384)
	at org.apache.maven.surefire.booter.ForkedBooter.runSuitesInProcess(ForkedBooter.java:345)
	at org.apache.maven.surefire.booter.ForkedBooter.execute(ForkedBooter.java:126)
	at org.apache.maven.surefire.booter.ForkedBooter.main(ForkedBooter.java:418)

Jul 30, 2019 3:10:14 PM org.apache.ratis.thirdparty.io.grpc.internal.ManagedChannelOrphanWrapper$ManagedChannelReference cleanQueue
SEVERE: *~*~*~ Channel ManagedChannelImpl{logId=2891, target=192.168.5.170:34208} was not shutdown properly!!! ~*~*~*
    Make sure to call shutdown()/shutdownNow() and wait until awaitTermination() returns true.
java.lang.RuntimeException: ManagedChannel allocation site
	at org.apache.ratis.thirdparty.io.grpc.internal.ManagedChannelOrphanWrapper$ManagedChannelReference.<init>(ManagedChannelOrphanWrapper.java:103)
	at org.apache.ratis.thirdparty.io.grpc.internal.ManagedChannelOrphanWrapper.<init>(ManagedChannelOrphanWrapper.java:53)
	at org.apache.ratis.thirdparty.io.grpc.internal.ManagedChannelOrphanWrapper.<init>(ManagedChannelOrphanWrapper.java:44)
	at org.apache.ratis.thirdparty.io.grpc.internal.AbstractManagedChannelImplBuilder.build(AbstractManagedChannelImplBuilder.java:411)
	at org.apache.hadoop.hdds.scm.XceiverClientGrpc.connectToDatanode(XceiverClientGrpc.java:174)
	at org.apache.hadoop.hdds.scm.XceiverClientGrpc.reconnect(XceiverClientGrpc.java:422)
	at org.apache.hadoop.hdds.scm.XceiverClientGrpc.sendCommandAsync(XceiverClientGrpc.java:371)
	at org.apache.hadoop.hdds.scm.XceiverClientGrpc.sendCommandWithRetry(XceiverClientGrpc.java:284)
	at org.apache.hadoop.hdds.scm.XceiverClientGrpc.sendCommandWithTraceIDAndRetry(XceiverClientGrpc.java:250)
	at org.apache.hadoop.hdds.scm.XceiverClientGrpc.sendCommand(XceiverClientGrpc.java:233)
	at org.apache.hadoop.hdds.scm.storage.ContainerProtocolCalls.getBlock(ContainerProtocolCalls.java:118)
	at org.apache.hadoop.hdds.scm.storage.BlockInputStream.getChunkInfos(BlockInputStream.java:167)
	at org.apache.hadoop.hdds.scm.storage.BlockInputStream.initialize(BlockInputStream.java:118)
	at org.apache.hadoop.hdds.scm.storage.BlockInputStream.read(BlockInputStream.java:222)
	at org.apache.hadoop.ozone.client.io.KeyInputStream.read(KeyInputStream.java:171)
	at org.apache.hadoop.ozone.client.io.OzoneInputStream.read(OzoneInputStream.java:47)
	at java.io.InputStream.read(InputStream.java:101)
	at org.apache.hadoop.ozone.container.ContainerTestHelper.validateData(ContainerTestHelper.java:709)
	at org.apache.hadoop.ozone.client.rpc.TestBlockOutputStreamWithFailures.validateData(TestBlockOutputStreamWithFailures.java:1212)
	at org.apache.hadoop.ozone.client.rpc.TestBlockOutputStreamWithFailures.testWatchForCommitWithSingleNodeRatis(TestBlockOutputStreamWithFailures.java:914)
	at sun.reflect.NativeMethodAccessorImpl.invoke0(Native Method)
	at sun.reflect.NativeMethodAccessorImpl.invoke(NativeMethodAccessorImpl.java:62)
	at sun.reflect.DelegatingMethodAccessorImpl.invoke(DelegatingMethodAccessorImpl.java:43)
	at java.lang.reflect.Method.invoke(Method.java:498)
	at org.junit.runners.model.FrameworkMethod$1.runReflectiveCall(FrameworkMethod.java:47)
	at org.junit.internal.runners.model.ReflectiveCallable.run(ReflectiveCallable.java:12)
	at org.junit.runners.model.FrameworkMethod.invokeExplosively(FrameworkMethod.java:44)
	at org.junit.internal.runners.statements.InvokeMethod.evaluate(InvokeMethod.java:17)
	at org.junit.internal.runners.statements.RunBefores.evaluate(RunBefores.java:26)
	at org.junit.internal.runners.statements.RunAfters.evaluate(RunAfters.java:27)
	at org.junit.runners.ParentRunner.runLeaf(ParentRunner.java:271)
	at org.junit.runners.BlockJUnit4ClassRunner.runChild(BlockJUnit4ClassRunner.java:70)
	at org.junit.runners.BlockJUnit4ClassRunner.runChild(BlockJUnit4ClassRunner.java:50)
	at org.junit.runners.ParentRunner$3.run(ParentRunner.java:238)
	at org.junit.runners.ParentRunner$1.schedule(ParentRunner.java:63)
	at org.junit.runners.ParentRunner.runChildren(ParentRunner.java:236)
	at org.junit.runners.ParentRunner.access$000(ParentRunner.java:53)
	at org.junit.runners.ParentRunner$2.evaluate(ParentRunner.java:229)
	at org.junit.runners.ParentRunner.run(ParentRunner.java:309)
	at org.apache.maven.surefire.junit4.JUnit4Provider.execute(JUnit4Provider.java:365)
	at org.apache.maven.surefire.junit4.JUnit4Provider.executeWithRerun(JUnit4Provider.java:273)
	at org.apache.maven.surefire.junit4.JUnit4Provider.executeTestSet(JUnit4Provider.java:238)
	at org.apache.maven.surefire.junit4.JUnit4Provider.invoke(JUnit4Provider.java:159)
	at org.apache.maven.surefire.booter.ForkedBooter.invokeProviderInSameClassLoader(ForkedBooter.java:384)
	at org.apache.maven.surefire.booter.ForkedBooter.runSuitesInProcess(ForkedBooter.java:345)
	at org.apache.maven.surefire.booter.ForkedBooter.execute(ForkedBooter.java:126)
	at org.apache.maven.surefire.booter.ForkedBooter.main(ForkedBooter.java:418)

Jul 30, 2019 3:10:14 PM org.apache.ratis.thirdparty.io.grpc.internal.ManagedChannelOrphanWrapper$ManagedChannelReference cleanQueue
SEVERE: *~*~*~ Channel ManagedChannelImpl{logId=2881, target=192.168.5.170:34051} was not shutdown properly!!! ~*~*~*
    Make sure to call shutdown()/shutdownNow() and wait until awaitTermination() returns true.
java.lang.RuntimeException: ManagedChannel allocation site
	at org.apache.ratis.thirdparty.io.grpc.internal.ManagedChannelOrphanWrapper$ManagedChannelReference.<init>(ManagedChannelOrphanWrapper.java:103)
	at org.apache.ratis.thirdparty.io.grpc.internal.ManagedChannelOrphanWrapper.<init>(ManagedChannelOrphanWrapper.java:53)
	at org.apache.ratis.thirdparty.io.grpc.internal.ManagedChannelOrphanWrapper.<init>(ManagedChannelOrphanWrapper.java:44)
	at org.apache.ratis.thirdparty.io.grpc.internal.AbstractManagedChannelImplBuilder.build(AbstractManagedChannelImplBuilder.java:411)
	at org.apache.ratis.grpc.client.GrpcClientProtocolClient.<init>(GrpcClientProtocolClient.java:119)
	at org.apache.ratis.grpc.client.GrpcClientRpc.lambda$new$0(GrpcClientRpc.java:55)
	at org.apache.ratis.util.PeerProxyMap$PeerAndProxy.lambda$getProxy$0(PeerProxyMap.java:61)
	at org.apache.ratis.util.LifeCycle.startAndTransition(LifeCycle.java:202)
	at org.apache.ratis.util.PeerProxyMap$PeerAndProxy.getProxy(PeerProxyMap.java:60)
	at org.apache.ratis.util.PeerProxyMap.getProxy(PeerProxyMap.java:107)
	at org.apache.ratis.grpc.client.GrpcClientRpc.sendRequestAsync(GrpcClientRpc.java:66)
	at org.apache.ratis.client.impl.OrderedAsync.sendRequest(OrderedAsync.java:208)
	at org.apache.ratis.client.impl.OrderedAsync.sendRequestWithRetry(OrderedAsync.java:169)
	at org.apache.ratis.util.SlidingWindow$Client.sendOrDelayRequest(SlidingWindow.java:278)
	at org.apache.ratis.util.SlidingWindow$Client.retry(SlidingWindow.java:294)
	at org.apache.ratis.client.impl.OrderedAsync.lambda$scheduleWithTimeout$7(OrderedAsync.java:195)
	at org.apache.ratis.util.TimeoutScheduler.lambda$onTimeout$0(TimeoutScheduler.java:85)
	at org.apache.ratis.util.TimeoutScheduler.lambda$onTimeout$1(TimeoutScheduler.java:104)
	at org.apache.ratis.util.LogUtils.runAndLog(LogUtils.java:50)
	at org.apache.ratis.util.LogUtils$1.run(LogUtils.java:91)
	at java.util.concurrent.Executors$RunnableAdapter.call(Executors.java:511)
	at java.util.concurrent.FutureTask.run(FutureTask.java:266)
	at java.util.concurrent.ScheduledThreadPoolExecutor$ScheduledFutureTask.access$201(ScheduledThreadPoolExecutor.java:180)
	at java.util.concurrent.ScheduledThreadPoolExecutor$ScheduledFutureTask.run(ScheduledThreadPoolExecutor.java:293)
	at java.util.concurrent.ThreadPoolExecutor.runWorker(ThreadPoolExecutor.java:1149)
	at java.util.concurrent.ThreadPoolExecutor$Worker.run(ThreadPoolExecutor.java:624)
	at java.lang.Thread.run(Thread.java:748)

]]></system-err>
  </testcase>
  <testcase name="testFailureWithPrimeSizedData" classname="org.apache.hadoop.ozone.client.rpc.TestBlockOutputStreamWithFailures" time="34.546">
    <failure message="expected:&lt;64&gt; but was:&lt;66&gt;" type="java.lang.AssertionError"><![CDATA[java.lang.AssertionError: expected:<64> but was:<66>
	at org.junit.Assert.fail(Assert.java:88)
	at org.junit.Assert.failNotEquals(Assert.java:743)
	at org.junit.Assert.assertEquals(Assert.java:118)
	at org.junit.Assert.assertEquals(Assert.java:555)
	at org.junit.Assert.assertEquals(Assert.java:542)
	at org.apache.hadoop.ozone.client.rpc.TestBlockOutputStreamWithFailures.testFailureWithPrimeSizedData(TestBlockOutputStreamWithFailures.java:601)
	at sun.reflect.NativeMethodAccessorImpl.invoke0(Native Method)
	at sun.reflect.NativeMethodAccessorImpl.invoke(NativeMethodAccessorImpl.java:62)
	at sun.reflect.DelegatingMethodAccessorImpl.invoke(DelegatingMethodAccessorImpl.java:43)
	at java.lang.reflect.Method.invoke(Method.java:498)
	at org.junit.runners.model.FrameworkMethod$1.runReflectiveCall(FrameworkMethod.java:47)
	at org.junit.internal.runners.model.ReflectiveCallable.run(ReflectiveCallable.java:12)
	at org.junit.runners.model.FrameworkMethod.invokeExplosively(FrameworkMethod.java:44)
	at org.junit.internal.runners.statements.InvokeMethod.evaluate(InvokeMethod.java:17)
	at org.junit.internal.runners.statements.RunBefores.evaluate(RunBefores.java:26)
	at org.junit.internal.runners.statements.RunAfters.evaluate(RunAfters.java:27)
	at org.junit.runners.ParentRunner.runLeaf(ParentRunner.java:271)
	at org.junit.runners.BlockJUnit4ClassRunner.runChild(BlockJUnit4ClassRunner.java:70)
	at org.junit.runners.BlockJUnit4ClassRunner.runChild(BlockJUnit4ClassRunner.java:50)
	at org.junit.runners.ParentRunner$3.run(ParentRunner.java:238)
	at org.junit.runners.ParentRunner$1.schedule(ParentRunner.java:63)
	at org.junit.runners.ParentRunner.runChildren(ParentRunner.java:236)
	at org.junit.runners.ParentRunner.access$000(ParentRunner.java:53)
	at org.junit.runners.ParentRunner$2.evaluate(ParentRunner.java:229)
	at org.junit.runners.ParentRunner.run(ParentRunner.java:309)
	at org.apache.maven.surefire.junit4.JUnit4Provider.execute(JUnit4Provider.java:365)
	at org.apache.maven.surefire.junit4.JUnit4Provider.executeWithRerun(JUnit4Provider.java:273)
	at org.apache.maven.surefire.junit4.JUnit4Provider.executeTestSet(JUnit4Provider.java:238)
	at org.apache.maven.surefire.junit4.JUnit4Provider.invoke(JUnit4Provider.java:159)
	at org.apache.maven.surefire.booter.ForkedBooter.invokeProviderInSameClassLoader(ForkedBooter.java:384)
	at org.apache.maven.surefire.booter.ForkedBooter.runSuitesInProcess(ForkedBooter.java:345)
	at org.apache.maven.surefire.booter.ForkedBooter.execute(ForkedBooter.java:126)
	at org.apache.maven.surefire.booter.ForkedBooter.main(ForkedBooter.java:418)
]]></failure>
    <system-out><![CDATA[2019-07-30 15:10:43,923 WARN  server.ServerUtils (ServerUtils.java:getScmDbDir(145)) - ozone.scm.db.dirs is not configured. We recommend adding this setting. Falling back to ozone.metadata.dirs instead.
2019-07-30 15:10:43,930 WARN  server.ServerUtils (ServerUtils.java:getScmDbDir(145)) - ozone.scm.db.dirs is not configured. We recommend adding this setting. Falling back to ozone.metadata.dirs instead.
2019-07-30 15:10:43,931 WARN  server.ServerUtils (ServerUtils.java:getScmDbDir(145)) - ozone.scm.db.dirs is not configured. We recommend adding this setting. Falling back to ozone.metadata.dirs instead.
2019-07-30 15:10:43,931 INFO  db.DBStoreBuilder (DBStoreBuilder.java:addTable(110)) - using custom profile for table: deletedBlocks
2019-07-30 15:10:43,932 INFO  db.DBStoreBuilder (DBStoreBuilder.java:processTables(161)) - Using default column profile:DBProfile.DISK for Table:deletedBlocks
2019-07-30 15:10:43,932 INFO  db.DBStoreBuilder (DBStoreBuilder.java:addTable(110)) - using custom profile for table: validCerts
2019-07-30 15:10:43,932 INFO  db.DBStoreBuilder (DBStoreBuilder.java:processTables(161)) - Using default column profile:DBProfile.DISK for Table:validCerts
2019-07-30 15:10:43,932 INFO  db.DBStoreBuilder (DBStoreBuilder.java:addTable(110)) - using custom profile for table: revokedCerts
2019-07-30 15:10:43,933 INFO  db.DBStoreBuilder (DBStoreBuilder.java:processTables(161)) - Using default column profile:DBProfile.DISK for Table:revokedCerts
2019-07-30 15:10:43,933 INFO  db.DBStoreBuilder (DBStoreBuilder.java:addTable(110)) - using custom profile for table: default
2019-07-30 15:10:43,933 INFO  db.DBStoreBuilder (DBStoreBuilder.java:processTables(167)) - Using default column profile:DBProfile.DISK for Table:default
2019-07-30 15:10:43,933 INFO  db.DBStoreBuilder (DBStoreBuilder.java:getDbProfile(198)) - Using default options. DBProfile.DISK
2019-07-30 15:10:44,073 INFO  net.NodeSchemaLoader (NodeSchemaLoader.java:loadSchemaFromFile(125)) - Loading file from sun.misc.CompoundEnumeration@3a5e591b
2019-07-30 15:10:44,073 INFO  net.NodeSchemaLoader (NodeSchemaLoader.java:loadSchema(171)) - Loading network topology layer schema file
2019-07-30 15:10:44,081 INFO  node.SCMNodeManager (SCMNodeManager.java:<init>(121)) - Entering startup safe mode.
2019-07-30 15:10:44,082 WARN  server.ServerUtils (ServerUtils.java:getScmDbDir(145)) - ozone.scm.db.dirs is not configured. We recommend adding this setting. Falling back to ozone.metadata.dirs instead.
2019-07-30 15:10:44,119 INFO  pipeline.SCMPipelineManager (SCMPipelineManager.java:initializePipelineState(126)) - No pipeline exists in current db
2019-07-30 15:10:44,120 WARN  server.ServerUtils (ServerUtils.java:getScmDbDir(145)) - ozone.scm.db.dirs is not configured. We recommend adding this setting. Falling back to ozone.metadata.dirs instead.
2019-07-30 15:10:44,175 WARN  events.EventQueue (EventQueue.java:fireEvent(175)) - No event handler registered for event TypedEvent{payloadType=SafeModeStatus, name='SafeModeStatus'}
2019-07-30 15:10:44,176 INFO  ipc.CallQueueManager (CallQueueManager.java:<init>(84)) - Using callQueue: class java.util.concurrent.LinkedBlockingQueue, queueCapacity: 2000, scheduler: class org.apache.hadoop.ipc.DefaultRpcScheduler, ipcBackoff: false.
2019-07-30 15:10:44,177 INFO  ipc.Server (Server.java:run(1074)) - Starting Socket Reader #1 for port 39384
2019-07-30 15:10:44,180 INFO  ipc.CallQueueManager (CallQueueManager.java:<init>(84)) - Using callQueue: class java.util.concurrent.LinkedBlockingQueue, queueCapacity: 2000, scheduler: class org.apache.hadoop.ipc.DefaultRpcScheduler, ipcBackoff: false.
2019-07-30 15:10:44,181 INFO  ipc.Server (Server.java:run(1074)) - Starting Socket Reader #1 for port 39023
2019-07-30 15:10:44,182 INFO  ipc.CallQueueManager (CallQueueManager.java:<init>(84)) - Using callQueue: class java.util.concurrent.LinkedBlockingQueue, queueCapacity: 2000, scheduler: class org.apache.hadoop.ipc.DefaultRpcScheduler, ipcBackoff: false.
2019-07-30 15:10:44,183 INFO  ipc.Server (Server.java:run(1074)) - Starting Socket Reader #1 for port 35996
2019-07-30 15:10:44,186 INFO  hdfs.DFSUtil (DFSUtil.java:httpServerTemplateForNNAndJN(1641)) - Starting Web-server for scm at: http://0.0.0.0:0
2019-07-30 15:10:44,190 INFO  server.AuthenticationFilter (AuthenticationFilter.java:constructSecretProvider(240)) - Unable to initialize FileSignerSecretProvider, falling back to use random secrets.
2019-07-30 15:10:44,191 WARN  http.HttpRequestLog (HttpRequestLog.java:getRequestLog(97)) - Jetty request log can only be enabled using Log4j
2019-07-30 15:10:44,194 INFO  http.HttpServer2 (HttpServer2.java:addGlobalFilter(975)) - Added global filter 'safety' (class=org.apache.hadoop.http.HttpServer2$QuotingInputFilter)
2019-07-30 15:10:44,194 INFO  http.HttpServer2 (HttpServer2.java:addFilter(948)) - Added filter static_user_filter (class=org.apache.hadoop.http.lib.StaticUserWebFilter$StaticUserFilter) to context scm
2019-07-30 15:10:44,194 INFO  http.HttpServer2 (HttpServer2.java:addFilter(958)) - Added filter static_user_filter (class=org.apache.hadoop.http.lib.StaticUserWebFilter$StaticUserFilter) to context static
2019-07-30 15:10:44,195 INFO  http.HttpServer2 (HttpServer2.java:addFilter(958)) - Added filter static_user_filter (class=org.apache.hadoop.http.lib.StaticUserWebFilter$StaticUserFilter) to context logs
2019-07-30 15:10:44,197 INFO  server.StorageContainerManager (StorageContainerManager.java:start(758)) - StorageContainerLocationProtocol RPC server is listening at /0.0.0.0:35996
2019-07-30 15:10:44,200 WARN  impl.MetricsConfig (MetricsConfig.java:loadFirst(134)) - Cannot locate configuration: tried hadoop-metrics2-storagecontainermanager.properties,hadoop-metrics2.properties
2019-07-30 15:10:44,201 INFO  impl.MetricsSystemImpl (MetricsSystemImpl.java:startTimer(374)) - Scheduled Metric snapshot period at 10 second(s).
2019-07-30 15:10:44,201 INFO  impl.MetricsSystemImpl (MetricsSystemImpl.java:start(191)) - StorageContainerManager metrics system started
2019-07-30 15:10:44,301 INFO  server.SCMClientProtocolServer (SCMClientProtocolServer.java:start(151)) - RPC server for Client  is listening at /0.0.0.0:35996
2019-07-30 15:10:44,302 INFO  ipc.Server (Server.java:run(1314)) - IPC Server Responder: starting
2019-07-30 15:10:44,302 INFO  ipc.Server (Server.java:run(1153)) - IPC Server listener on 35996: starting
2019-07-30 15:10:44,305 INFO  server.StorageContainerManager (StorageContainerManager.java:start(768)) - ScmBlockLocationProtocol RPC server is listening at /0.0.0.0:39023
2019-07-30 15:10:44,306 INFO  server.SCMBlockProtocolServer (SCMBlockProtocolServer.java:start(140)) - RPC server for Block Protocol is listening at /0.0.0.0:39023
2019-07-30 15:10:44,306 INFO  ipc.Server (Server.java:run(1314)) - IPC Server Responder: starting
2019-07-30 15:10:44,307 INFO  ipc.Server (Server.java:run(1153)) - IPC Server listener on 39023: starting
2019-07-30 15:10:44,310 INFO  server.StorageContainerManager (StorageContainerManager.java:start(772)) - ScmDatanodeProtocl RPC server is listening at /0.0.0.0:39384
2019-07-30 15:10:44,310 INFO  server.SCMDatanodeProtocolServer (SCMDatanodeProtocolServer.java:start(191)) - RPC server for DataNodes is listening at /0.0.0.0:39384
2019-07-30 15:10:44,311 INFO  ipc.Server (Server.java:run(1314)) - IPC Server Responder: starting
2019-07-30 15:10:44,311 INFO  ipc.Server (Server.java:run(1153)) - IPC Server listener on 39384: starting
2019-07-30 15:10:44,315 INFO  http.HttpServer2 (HttpServer2.java:bindListener(1191)) - Jetty bound to port 44859
2019-07-30 15:10:44,315 INFO  server.Server (Server.java:doStart(351)) - jetty-9.3.24.v20180605, build timestamp: 2018-06-05T17:11:56Z, git hash: 84205aa28f11a4f31f2a3b86d1bba2cc8ab69827
2019-07-30 15:10:44,317 INFO  handler.ContextHandler (ContextHandler.java:doStart(781)) - Started o.e.j.s.ServletContextHandler@296b758{/logs,file:///workdir/hadoop-ozone/integration-test/target/log,AVAILABLE}
2019-07-30 15:10:44,317 INFO  handler.ContextHandler (ContextHandler.java:doStart(781)) - Started o.e.j.s.ServletContextHandler@6ac0c3aa{/static,file:///workdir/hadoop-ozone/integration-test/target/test-classes/webapps/static,AVAILABLE}
2019-07-30 15:10:44,321 INFO  handler.ContextHandler (ContextHandler.java:doStart(781)) - Started o.e.j.w.WebAppContext@38159192{/,file:///workdir/hadoop-ozone/integration-test/target/test-classes/webapps/scm/,AVAILABLE}{/scm}
2019-07-30 15:10:44,322 INFO  server.AbstractConnector (AbstractConnector.java:doStart(278)) - Started ServerConnector@363d3958{HTTP/1.1,[http/1.1]}{0.0.0.0:44859}
2019-07-30 15:10:44,323 INFO  server.Server (Server.java:doStart(419)) - Started @625034ms
2019-07-30 15:10:44,324 INFO  server.BaseHttpServer (BaseHttpServer.java:updateConnectorAddress(207)) - HTTP server of SCM is listening at http://0.0.0.0:44859
2019-07-30 15:10:44,324 WARN  server.ServerUtils (ServerUtils.java:getDBPath(222)) - ozone.om.db.dirs is not configured. We recommend adding this setting. Falling back to ozone.metadata.dirs instead.
2019-07-30 15:10:44,325 INFO  util.JvmPauseMonitor (JvmPauseMonitor.java:run(188)) - Starting JVM pause monitor
2019-07-30 15:10:44,338 WARN  server.ServerUtils (ServerUtils.java:getDBPath(222)) - ozone.om.db.dirs is not configured. We recommend adding this setting. Falling back to ozone.metadata.dirs instead.
2019-07-30 15:10:44,338 WARN  server.ServerUtils (ServerUtils.java:getDBPath(222)) - ozone.om.db.dirs is not configured. We recommend adding this setting. Falling back to ozone.metadata.dirs instead.
2019-07-30 15:10:44,338 INFO  om.OzoneManager (OzoneManager.java:setOMNodeDetails(644)) - OM Service ID is not set. Setting it to the default ID: omServiceIdDefault
2019-07-30 15:10:44,338 INFO  om.OzoneManager (OzoneManager.java:setOMNodeDetails(650)) - OM Node ID is not set. Setting it to the OmStorage's OmID: 2b60ee9d-1f44-4b16-addc-71c1f2bccff0
2019-07-30 15:10:44,339 INFO  om.OzoneManager (OzoneManager.java:loadOMHAConfigs(601)) - Found matching OM address with OMServiceId: null, OMNodeId: null, RPC Address: localhost:0 and Ratis port: 9872
2019-07-30 15:10:44,345 WARN  server.ServerUtils (ServerUtils.java:getDBPath(222)) - ozone.om.db.dirs is not configured. We recommend adding this setting. Falling back to ozone.metadata.dirs instead.
2019-07-30 15:10:44,346 INFO  db.DBStoreBuilder (DBStoreBuilder.java:addTable(110)) - using custom profile for table: userTable
2019-07-30 15:10:44,346 INFO  db.DBStoreBuilder (DBStoreBuilder.java:processTables(161)) - Using default column profile:DBProfile.DISK for Table:userTable
2019-07-30 15:10:44,346 INFO  db.DBStoreBuilder (DBStoreBuilder.java:addTable(110)) - using custom profile for table: volumeTable
2019-07-30 15:10:44,346 INFO  db.DBStoreBuilder (DBStoreBuilder.java:processTables(161)) - Using default column profile:DBProfile.DISK for Table:volumeTable
2019-07-30 15:10:44,346 INFO  db.DBStoreBuilder (DBStoreBuilder.java:addTable(110)) - using custom profile for table: bucketTable
2019-07-30 15:10:44,347 INFO  db.DBStoreBuilder (DBStoreBuilder.java:processTables(161)) - Using default column profile:DBProfile.DISK for Table:bucketTable
2019-07-30 15:10:44,347 INFO  db.DBStoreBuilder (DBStoreBuilder.java:addTable(110)) - using custom profile for table: keyTable
2019-07-30 15:10:44,347 INFO  db.DBStoreBuilder (DBStoreBuilder.java:processTables(161)) - Using default column profile:DBProfile.DISK for Table:keyTable
2019-07-30 15:10:44,347 INFO  db.DBStoreBuilder (DBStoreBuilder.java:addTable(110)) - using custom profile for table: deletedTable
2019-07-30 15:10:44,347 INFO  db.DBStoreBuilder (DBStoreBuilder.java:processTables(161)) - Using default column profile:DBProfile.DISK for Table:deletedTable
2019-07-30 15:10:44,347 INFO  db.DBStoreBuilder (DBStoreBuilder.java:addTable(110)) - using custom profile for table: openKeyTable
2019-07-30 15:10:44,348 INFO  db.DBStoreBuilder (DBStoreBuilder.java:processTables(161)) - Using default column profile:DBProfile.DISK for Table:openKeyTable
2019-07-30 15:10:44,348 INFO  db.DBStoreBuilder (DBStoreBuilder.java:addTable(110)) - using custom profile for table: s3Table
2019-07-30 15:10:44,348 INFO  db.DBStoreBuilder (DBStoreBuilder.java:processTables(161)) - Using default column profile:DBProfile.DISK for Table:s3Table
2019-07-30 15:10:44,348 INFO  db.DBStoreBuilder (DBStoreBuilder.java:addTable(110)) - using custom profile for table: multipartInfoTable
2019-07-30 15:10:44,348 INFO  db.DBStoreBuilder (DBStoreBuilder.java:processTables(161)) - Using default column profile:DBProfile.DISK for Table:multipartInfoTable
2019-07-30 15:10:44,349 INFO  db.DBStoreBuilder (DBStoreBuilder.java:addTable(110)) - using custom profile for table: dTokenTable
2019-07-30 15:10:44,349 INFO  db.DBStoreBuilder (DBStoreBuilder.java:processTables(161)) - Using default column profile:DBProfile.DISK for Table:dTokenTable
2019-07-30 15:10:44,349 INFO  db.DBStoreBuilder (DBStoreBuilder.java:addTable(110)) - using custom profile for table: s3SecretTable
2019-07-30 15:10:44,349 INFO  db.DBStoreBuilder (DBStoreBuilder.java:processTables(161)) - Using default column profile:DBProfile.DISK for Table:s3SecretTable
2019-07-30 15:10:44,349 INFO  db.DBStoreBuilder (DBStoreBuilder.java:addTable(110)) - using custom profile for table: prefixTable
2019-07-30 15:10:44,349 INFO  db.DBStoreBuilder (DBStoreBuilder.java:processTables(161)) - Using default column profile:DBProfile.DISK for Table:prefixTable
2019-07-30 15:10:44,350 INFO  db.DBStoreBuilder (DBStoreBuilder.java:addTable(110)) - using custom profile for table: default
2019-07-30 15:10:44,350 INFO  db.DBStoreBuilder (DBStoreBuilder.java:processTables(167)) - Using default column profile:DBProfile.DISK for Table:default
2019-07-30 15:10:44,350 INFO  db.DBStoreBuilder (DBStoreBuilder.java:getDbProfile(198)) - Using default options. DBProfile.DISK
2019-07-30 15:10:44,771 INFO  ipc.CallQueueManager (CallQueueManager.java:<init>(84)) - Using callQueue: class java.util.concurrent.LinkedBlockingQueue, queueCapacity: 2000, scheduler: class org.apache.hadoop.ipc.DefaultRpcScheduler, ipcBackoff: false.
2019-07-30 15:10:44,773 INFO  ipc.Server (Server.java:run(1074)) - Starting Socket Reader #1 for port 41235
2019-07-30 15:10:44,792 INFO  om.OzoneManager (OzoneManager.java:start(1255)) - OzoneManager RPC server is listening at localhost/127.0.0.1:41235
2019-07-30 15:10:44,792 INFO  impl.MetricsSystemImpl (MetricsSystemImpl.java:init(158)) - OzoneManager metrics system started (again)
2019-07-30 15:10:44,793 INFO  ipc.Server (Server.java:run(1314)) - IPC Server Responder: starting
2019-07-30 15:10:44,793 INFO  ipc.Server (Server.java:run(1153)) - IPC Server listener on 41235: starting
2019-07-30 15:10:44,803 INFO  hdfs.DFSUtil (DFSUtil.java:httpServerTemplateForNNAndJN(1641)) - Starting Web-server for ozoneManager at: http://0.0.0.0:0
2019-07-30 15:10:44,805 INFO  server.AuthenticationFilter (AuthenticationFilter.java:constructSecretProvider(240)) - Unable to initialize FileSignerSecretProvider, falling back to use random secrets.
2019-07-30 15:10:44,806 WARN  http.HttpRequestLog (HttpRequestLog.java:getRequestLog(97)) - Jetty request log can only be enabled using Log4j
2019-07-30 15:10:44,808 INFO  http.HttpServer2 (HttpServer2.java:addGlobalFilter(975)) - Added global filter 'safety' (class=org.apache.hadoop.http.HttpServer2$QuotingInputFilter)
2019-07-30 15:10:44,808 INFO  http.HttpServer2 (HttpServer2.java:addFilter(948)) - Added filter static_user_filter (class=org.apache.hadoop.http.lib.StaticUserWebFilter$StaticUserFilter) to context ozoneManager
2019-07-30 15:10:44,809 INFO  http.HttpServer2 (HttpServer2.java:addFilter(958)) - Added filter static_user_filter (class=org.apache.hadoop.http.lib.StaticUserWebFilter$StaticUserFilter) to context logs
2019-07-30 15:10:44,809 INFO  http.HttpServer2 (HttpServer2.java:addFilter(958)) - Added filter static_user_filter (class=org.apache.hadoop.http.lib.StaticUserWebFilter$StaticUserFilter) to context static
2019-07-30 15:10:44,810 INFO  http.HttpServer2 (HttpServer2.java:bindListener(1191)) - Jetty bound to port 39667
2019-07-30 15:10:44,810 INFO  server.Server (Server.java:doStart(351)) - jetty-9.3.24.v20180605, build timestamp: 2018-06-05T17:11:56Z, git hash: 84205aa28f11a4f31f2a3b86d1bba2cc8ab69827
2019-07-30 15:10:44,812 INFO  handler.ContextHandler (ContextHandler.java:doStart(781)) - Started o.e.j.s.ServletContextHandler@6e925a46{/logs,file:///workdir/hadoop-ozone/integration-test/target/log,AVAILABLE}
2019-07-30 15:10:44,813 INFO  handler.ContextHandler (ContextHandler.java:doStart(781)) - Started o.e.j.s.ServletContextHandler@35cf7e98{/static,file:///workdir/hadoop-ozone/integration-test/target/test-classes/webapps/static,AVAILABLE}
2019-07-30 15:10:44,818 INFO  handler.ContextHandler (ContextHandler.java:doStart(781)) - Started o.e.j.w.WebAppContext@627222d8{/,file:///workdir/hadoop-ozone/integration-test/target/test-classes/webapps/ozoneManager/,AVAILABLE}{/ozoneManager}
2019-07-30 15:10:44,818 INFO  server.AbstractConnector (AbstractConnector.java:doStart(278)) - Started ServerConnector@68330024{HTTP/1.1,[http/1.1]}{0.0.0.0:39667}
2019-07-30 15:10:44,820 INFO  server.Server (Server.java:doStart(419)) - Started @625531ms
2019-07-30 15:10:44,822 INFO  server.BaseHttpServer (BaseHttpServer.java:updateConnectorAddress(207)) - HTTP server of OZONEMANAGER is listening at http://0.0.0.0:39667
2019-07-30 15:10:44,839 INFO  impl.MetricsSystemImpl (MetricsSystemImpl.java:init(158)) - HddsDatanode metrics system started (again)
2019-07-30 15:10:44,842 INFO  ozone.HddsDatanodeService (HddsDatanodeService.java:start(184)) - HddsDatanodeService host:byscane-nightly-xg47r-921641087 ip:192.168.5.170
2019-07-30 15:10:44,855 INFO  volume.HddsVolume (HddsVolume.java:<init>(176)) - Creating Volume: /workdir/hadoop-ozone/integration-test/target/test-dir/MiniOzoneClusterImpl-deb39eb4-d2b4-453d-924d-c2b7b0ac8c4c/datanode-0/data/containers/hdds of  storage type : DISK and capacity : 52710309888
2019-07-30 15:10:44,856 INFO  volume.VolumeSet (VolumeSet.java:initializeVolumeSet(170)) - Added Volume : /workdir/hadoop-ozone/integration-test/target/test-dir/MiniOzoneClusterImpl-deb39eb4-d2b4-453d-924d-c2b7b0ac8c4c/datanode-0/data/containers/hdds to VolumeSet
2019-07-30 15:10:44,856 INFO  volume.ThrottledAsyncChecker (ThrottledAsyncChecker.java:schedule(140)) - Scheduling a check for org.apache.hadoop.ozone.container.common.volume.HddsVolume@6e774194
2019-07-30 15:10:44,857 INFO  volume.HddsVolumeChecker (HddsVolumeChecker.java:checkAllVolumes(203)) - Scheduled health check for volume org.apache.hadoop.ozone.container.common.volume.HddsVolume@6e774194
2019-07-30 15:10:44,873 INFO  impl.RaftServerProxy (ConfUtils.java:logGet(43)) - raft.rpc.type = GRPC (default)
2019-07-30 15:10:44,873 INFO  grpc.GrpcFactory (GrpcFactory.java:checkPooledByteBufAllocatorUseCacheForAllThreads(45)) - PERFORMANCE WARNING: useCacheForAllThreads is true that may cause Netty to create a lot garbage objects and, as a result, trigger GC.
	It is recommended to disable useCacheForAllThreads by setting -Dorg.apache.ratis.thirdparty.io.netty.allocator.useCacheForAllThreads=false in command line.
2019-07-30 15:10:44,873 INFO  grpc.GrpcConfigKeys$Server (ConfUtils.java:logGet(43)) - raft.grpc.server.port = 0 (default)
2019-07-30 15:10:44,874 INFO  server.GrpcService (ConfUtils.java:logGet(43)) - raft.grpc.message.size.max = 33570816 (custom)
2019-07-30 15:10:44,874 INFO  server.RaftServerConfigKeys (ConfUtils.java:logGet(43)) - raft.server.log.appender.buffer.byte-limit = 33554432 (custom)
2019-07-30 15:10:44,874 INFO  server.GrpcService (ConfUtils.java:logGet(43)) - raft.grpc.flow.control.window = 1MB (=1048576) (default)
2019-07-30 15:10:44,874 INFO  server.RaftServerConfigKeys (ConfUtils.java:logGet(43)) - raft.server.rpc.request.timeout = 3000ms (default)
2019-07-30 15:10:44,875 INFO  server.RaftServerConfigKeys (ConfUtils.java:logGet(43)) - raft.server.storage.dir = [/workdir/hadoop-ozone/integration-test/target/test-dir/MiniOzoneClusterImpl-deb39eb4-d2b4-453d-924d-c2b7b0ac8c4c/datanode-0/data/ratis] (custom)
2019-07-30 15:10:44,875 INFO  replication.SimpleContainerDownloader (SimpleContainerDownloader.java:<init>(72)) - Starting container downloader service to copy containers to replicate.
2019-07-30 15:10:44,877 INFO  hdfs.DFSUtil (DFSUtil.java:httpServerTemplateForNNAndJN(1641)) - Starting Web-server for hddsDatanode at: http://0.0.0.0:0
2019-07-30 15:10:44,878 INFO  server.AuthenticationFilter (AuthenticationFilter.java:constructSecretProvider(240)) - Unable to initialize FileSignerSecretProvider, falling back to use random secrets.
2019-07-30 15:10:44,878 WARN  http.HttpRequestLog (HttpRequestLog.java:getRequestLog(97)) - Jetty request log can only be enabled using Log4j
2019-07-30 15:10:44,880 INFO  http.HttpServer2 (HttpServer2.java:addGlobalFilter(975)) - Added global filter 'safety' (class=org.apache.hadoop.http.HttpServer2$QuotingInputFilter)
2019-07-30 15:10:44,880 INFO  http.HttpServer2 (HttpServer2.java:addFilter(948)) - Added filter static_user_filter (class=org.apache.hadoop.http.lib.StaticUserWebFilter$StaticUserFilter) to context hddsDatanode
2019-07-30 15:10:44,880 INFO  http.HttpServer2 (HttpServer2.java:addFilter(958)) - Added filter static_user_filter (class=org.apache.hadoop.http.lib.StaticUserWebFilter$StaticUserFilter) to context static
2019-07-30 15:10:44,880 INFO  http.HttpServer2 (HttpServer2.java:addFilter(958)) - Added filter static_user_filter (class=org.apache.hadoop.http.lib.StaticUserWebFilter$StaticUserFilter) to context logs
2019-07-30 15:10:44,881 INFO  http.HttpServer2 (HttpServer2.java:bindListener(1191)) - Jetty bound to port 40200
2019-07-30 15:10:44,881 INFO  server.Server (Server.java:doStart(351)) - jetty-9.3.24.v20180605, build timestamp: 2018-06-05T17:11:56Z, git hash: 84205aa28f11a4f31f2a3b86d1bba2cc8ab69827
2019-07-30 15:10:44,883 INFO  handler.ContextHandler (ContextHandler.java:doStart(781)) - Started o.e.j.s.ServletContextHandler@e1f88b6{/logs,file:///workdir/hadoop-ozone/integration-test/target/log,AVAILABLE}
2019-07-30 15:10:44,884 INFO  handler.ContextHandler (ContextHandler.java:doStart(781)) - Started o.e.j.s.ServletContextHandler@1cda3a6d{/static,jar:file:/home/user/.m2/repository/org/apache/hadoop/hadoop-hdds-container-service/0.4.1-SNAPSHOT/hadoop-hdds-container-service-0.4.1-SNAPSHOT.jar!/webapps/static,AVAILABLE}
2019-07-30 15:10:44,915 INFO  handler.ContextHandler (ContextHandler.java:doStart(781)) - Started o.e.j.w.WebAppContext@21288943{/,file:///tmp/jetty-0.0.0.0-40200-hddsDatanode-_-any-4137570827442210333.dir/webapp/,AVAILABLE}{/hddsDatanode}
2019-07-30 15:10:44,915 INFO  server.AbstractConnector (AbstractConnector.java:doStart(278)) - Started ServerConnector@68893394{HTTP/1.1,[http/1.1]}{0.0.0.0:40200}
2019-07-30 15:10:44,915 INFO  server.Server (Server.java:doStart(419)) - Started @625627ms
2019-07-30 15:10:44,917 INFO  server.BaseHttpServer (BaseHttpServer.java:updateConnectorAddress(207)) - HTTP server of HDDSDATANODE is listening at http://0.0.0.0:40200
2019-07-30 15:10:45,016 INFO  ozone.HddsDatanodeService (HddsDatanodeService.java:startPlugins(395)) - Started plug-in org.apache.hadoop.ozone.web.OzoneHddsDatanodeService@7313e4fb
2019-07-30 15:10:45,017 INFO  impl.MetricsSystemImpl (MetricsSystemImpl.java:init(158)) - HddsDatanode metrics system started (again)
2019-07-30 15:10:45,019 INFO  ozone.HddsDatanodeService (HddsDatanodeService.java:start(184)) - HddsDatanodeService host:byscane-nightly-xg47r-921641087 ip:192.168.5.170
2019-07-30 15:10:45,020 INFO  util.JvmPauseMonitor (JvmPauseMonitor.java:run(188)) - Starting JVM pause monitor
2019-07-30 15:10:45,021 INFO  datanode.InitDatanodeState (InitDatanodeState.java:persistContainerDatanodeDetails(140)) - DatanodeDetails is persisted to /workdir/hadoop-ozone/integration-test/target/test-dir/MiniOzoneClusterImpl-deb39eb4-d2b4-453d-924d-c2b7b0ac8c4c/datanode-0/meta/datanode.id
2019-07-30 15:10:45,031 INFO  volume.HddsVolume (HddsVolume.java:<init>(176)) - Creating Volume: /workdir/hadoop-ozone/integration-test/target/test-dir/MiniOzoneClusterImpl-deb39eb4-d2b4-453d-924d-c2b7b0ac8c4c/datanode-1/data/containers/hdds of  storage type : DISK and capacity : 52710309888
2019-07-30 15:10:45,031 INFO  volume.VolumeSet (VolumeSet.java:initializeVolumeSet(170)) - Added Volume : /workdir/hadoop-ozone/integration-test/target/test-dir/MiniOzoneClusterImpl-deb39eb4-d2b4-453d-924d-c2b7b0ac8c4c/datanode-1/data/containers/hdds to VolumeSet
2019-07-30 15:10:45,031 INFO  volume.ThrottledAsyncChecker (ThrottledAsyncChecker.java:schedule(140)) - Scheduling a check for org.apache.hadoop.ozone.container.common.volume.HddsVolume@53f67af6
2019-07-30 15:10:45,032 INFO  volume.HddsVolumeChecker (HddsVolumeChecker.java:checkAllVolumes(203)) - Scheduled health check for volume org.apache.hadoop.ozone.container.common.volume.HddsVolume@53f67af6
2019-07-30 15:10:45,045 INFO  impl.RaftServerProxy (ConfUtils.java:logGet(43)) - raft.rpc.type = GRPC (default)
2019-07-30 15:10:45,045 INFO  grpc.GrpcFactory (GrpcFactory.java:checkPooledByteBufAllocatorUseCacheForAllThreads(45)) - PERFORMANCE WARNING: useCacheForAllThreads is true that may cause Netty to create a lot garbage objects and, as a result, trigger GC.
	It is recommended to disable useCacheForAllThreads by setting -Dorg.apache.ratis.thirdparty.io.netty.allocator.useCacheForAllThreads=false in command line.
2019-07-30 15:10:45,045 INFO  grpc.GrpcConfigKeys$Server (ConfUtils.java:logGet(43)) - raft.grpc.server.port = 0 (default)
2019-07-30 15:10:45,046 INFO  server.GrpcService (ConfUtils.java:logGet(43)) - raft.grpc.message.size.max = 33570816 (custom)
2019-07-30 15:10:45,046 INFO  server.RaftServerConfigKeys (ConfUtils.java:logGet(43)) - raft.server.log.appender.buffer.byte-limit = 33554432 (custom)
2019-07-30 15:10:45,046 INFO  server.GrpcService (ConfUtils.java:logGet(43)) - raft.grpc.flow.control.window = 1MB (=1048576) (default)
2019-07-30 15:10:45,047 INFO  server.RaftServerConfigKeys (ConfUtils.java:logGet(43)) - raft.server.rpc.request.timeout = 3000ms (default)
2019-07-30 15:10:45,047 INFO  server.RaftServerConfigKeys (ConfUtils.java:logGet(43)) - raft.server.storage.dir = [/workdir/hadoop-ozone/integration-test/target/test-dir/MiniOzoneClusterImpl-deb39eb4-d2b4-453d-924d-c2b7b0ac8c4c/datanode-1/data/ratis] (custom)
2019-07-30 15:10:45,048 INFO  replication.SimpleContainerDownloader (SimpleContainerDownloader.java:<init>(72)) - Starting container downloader service to copy containers to replicate.
2019-07-30 15:10:45,049 INFO  hdfs.DFSUtil (DFSUtil.java:httpServerTemplateForNNAndJN(1641)) - Starting Web-server for hddsDatanode at: http://0.0.0.0:0
2019-07-30 15:10:45,050 INFO  server.AuthenticationFilter (AuthenticationFilter.java:constructSecretProvider(240)) - Unable to initialize FileSignerSecretProvider, falling back to use random secrets.
2019-07-30 15:10:45,051 WARN  http.HttpRequestLog (HttpRequestLog.java:getRequestLog(97)) - Jetty request log can only be enabled using Log4j
2019-07-30 15:10:45,052 INFO  http.HttpServer2 (HttpServer2.java:addGlobalFilter(975)) - Added global filter 'safety' (class=org.apache.hadoop.http.HttpServer2$QuotingInputFilter)
2019-07-30 15:10:45,052 INFO  http.HttpServer2 (HttpServer2.java:addFilter(948)) - Added filter static_user_filter (class=org.apache.hadoop.http.lib.StaticUserWebFilter$StaticUserFilter) to context hddsDatanode
2019-07-30 15:10:45,052 INFO  http.HttpServer2 (HttpServer2.java:addFilter(958)) - Added filter static_user_filter (class=org.apache.hadoop.http.lib.StaticUserWebFilter$StaticUserFilter) to context static
2019-07-30 15:10:45,052 INFO  http.HttpServer2 (HttpServer2.java:addFilter(958)) - Added filter static_user_filter (class=org.apache.hadoop.http.lib.StaticUserWebFilter$StaticUserFilter) to context logs
2019-07-30 15:10:45,053 INFO  http.HttpServer2 (HttpServer2.java:bindListener(1191)) - Jetty bound to port 32851
2019-07-30 15:10:45,053 INFO  server.Server (Server.java:doStart(351)) - jetty-9.3.24.v20180605, build timestamp: 2018-06-05T17:11:56Z, git hash: 84205aa28f11a4f31f2a3b86d1bba2cc8ab69827
2019-07-30 15:10:45,054 INFO  handler.ContextHandler (ContextHandler.java:doStart(781)) - Started o.e.j.s.ServletContextHandler@1f9ec3e7{/logs,file:///workdir/hadoop-ozone/integration-test/target/log,AVAILABLE}
2019-07-30 15:10:45,055 INFO  handler.ContextHandler (ContextHandler.java:doStart(781)) - Started o.e.j.s.ServletContextHandler@538c90bf{/static,jar:file:/home/user/.m2/repository/org/apache/hadoop/hadoop-hdds-container-service/0.4.1-SNAPSHOT/hadoop-hdds-container-service-0.4.1-SNAPSHOT.jar!/webapps/static,AVAILABLE}
2019-07-30 15:10:45,081 INFO  handler.ContextHandler (ContextHandler.java:doStart(781)) - Started o.e.j.w.WebAppContext@3f6f26cb{/,file:///tmp/jetty-0.0.0.0-32851-hddsDatanode-_-any-334573691986639584.dir/webapp/,AVAILABLE}{/hddsDatanode}
2019-07-30 15:10:45,081 INFO  server.AbstractConnector (AbstractConnector.java:doStart(278)) - Started ServerConnector@40123014{HTTP/1.1,[http/1.1]}{0.0.0.0:32851}
2019-07-30 15:10:45,081 INFO  server.Server (Server.java:doStart(419)) - Started @625793ms
2019-07-30 15:10:45,083 INFO  server.BaseHttpServer (BaseHttpServer.java:updateConnectorAddress(207)) - HTTP server of HDDSDATANODE is listening at http://0.0.0.0:32851
2019-07-30 15:10:45,202 INFO  ozone.HddsDatanodeService (HddsDatanodeService.java:startPlugins(395)) - Started plug-in org.apache.hadoop.ozone.web.OzoneHddsDatanodeService@6ca6d195
2019-07-30 15:10:45,203 INFO  impl.MetricsSystemImpl (MetricsSystemImpl.java:init(158)) - HddsDatanode metrics system started (again)
2019-07-30 15:10:45,206 INFO  util.JvmPauseMonitor (JvmPauseMonitor.java:run(188)) - Starting JVM pause monitor
2019-07-30 15:10:45,206 INFO  ozone.HddsDatanodeService (HddsDatanodeService.java:start(184)) - HddsDatanodeService host:byscane-nightly-xg47r-921641087 ip:192.168.5.170
2019-07-30 15:10:45,207 INFO  datanode.InitDatanodeState (InitDatanodeState.java:persistContainerDatanodeDetails(140)) - DatanodeDetails is persisted to /workdir/hadoop-ozone/integration-test/target/test-dir/MiniOzoneClusterImpl-deb39eb4-d2b4-453d-924d-c2b7b0ac8c4c/datanode-1/meta/datanode.id
2019-07-30 15:10:45,218 INFO  volume.HddsVolume (HddsVolume.java:<init>(176)) - Creating Volume: /workdir/hadoop-ozone/integration-test/target/test-dir/MiniOzoneClusterImpl-deb39eb4-d2b4-453d-924d-c2b7b0ac8c4c/datanode-2/data/containers/hdds of  storage type : DISK and capacity : 52710309888
2019-07-30 15:10:45,218 INFO  volume.VolumeSet (VolumeSet.java:initializeVolumeSet(170)) - Added Volume : /workdir/hadoop-ozone/integration-test/target/test-dir/MiniOzoneClusterImpl-deb39eb4-d2b4-453d-924d-c2b7b0ac8c4c/datanode-2/data/containers/hdds to VolumeSet
2019-07-30 15:10:45,219 INFO  volume.ThrottledAsyncChecker (ThrottledAsyncChecker.java:schedule(140)) - Scheduling a check for org.apache.hadoop.ozone.container.common.volume.HddsVolume@4fa2991
2019-07-30 15:10:45,219 INFO  volume.HddsVolumeChecker (HddsVolumeChecker.java:checkAllVolumes(203)) - Scheduled health check for volume org.apache.hadoop.ozone.container.common.volume.HddsVolume@4fa2991
2019-07-30 15:10:45,234 INFO  impl.RaftServerProxy (ConfUtils.java:logGet(43)) - raft.rpc.type = GRPC (default)
2019-07-30 15:10:45,234 INFO  grpc.GrpcFactory (GrpcFactory.java:checkPooledByteBufAllocatorUseCacheForAllThreads(45)) - PERFORMANCE WARNING: useCacheForAllThreads is true that may cause Netty to create a lot garbage objects and, as a result, trigger GC.
	It is recommended to disable useCacheForAllThreads by setting -Dorg.apache.ratis.thirdparty.io.netty.allocator.useCacheForAllThreads=false in command line.
2019-07-30 15:10:45,235 INFO  grpc.GrpcConfigKeys$Server (ConfUtils.java:logGet(43)) - raft.grpc.server.port = 0 (default)
2019-07-30 15:10:45,235 INFO  server.GrpcService (ConfUtils.java:logGet(43)) - raft.grpc.message.size.max = 33570816 (custom)
2019-07-30 15:10:45,235 INFO  server.RaftServerConfigKeys (ConfUtils.java:logGet(43)) - raft.server.log.appender.buffer.byte-limit = 33554432 (custom)
2019-07-30 15:10:45,235 INFO  server.GrpcService (ConfUtils.java:logGet(43)) - raft.grpc.flow.control.window = 1MB (=1048576) (default)
2019-07-30 15:10:45,235 INFO  server.RaftServerConfigKeys (ConfUtils.java:logGet(43)) - raft.server.rpc.request.timeout = 3000ms (default)
2019-07-30 15:10:45,236 INFO  server.RaftServerConfigKeys (ConfUtils.java:logGet(43)) - raft.server.storage.dir = [/workdir/hadoop-ozone/integration-test/target/test-dir/MiniOzoneClusterImpl-deb39eb4-d2b4-453d-924d-c2b7b0ac8c4c/datanode-2/data/ratis] (custom)
2019-07-30 15:10:45,236 INFO  replication.SimpleContainerDownloader (SimpleContainerDownloader.java:<init>(72)) - Starting container downloader service to copy containers to replicate.
2019-07-30 15:10:45,237 INFO  hdfs.DFSUtil (DFSUtil.java:httpServerTemplateForNNAndJN(1641)) - Starting Web-server for hddsDatanode at: http://0.0.0.0:0
2019-07-30 15:10:45,239 INFO  server.AuthenticationFilter (AuthenticationFilter.java:constructSecretProvider(240)) - Unable to initialize FileSignerSecretProvider, falling back to use random secrets.
2019-07-30 15:10:45,240 WARN  http.HttpRequestLog (HttpRequestLog.java:getRequestLog(97)) - Jetty request log can only be enabled using Log4j
2019-07-30 15:10:45,242 INFO  http.HttpServer2 (HttpServer2.java:addGlobalFilter(975)) - Added global filter 'safety' (class=org.apache.hadoop.http.HttpServer2$QuotingInputFilter)
2019-07-30 15:10:45,243 INFO  http.HttpServer2 (HttpServer2.java:addFilter(948)) - Added filter static_user_filter (class=org.apache.hadoop.http.lib.StaticUserWebFilter$StaticUserFilter) to context hddsDatanode
2019-07-30 15:10:45,243 INFO  http.HttpServer2 (HttpServer2.java:addFilter(958)) - Added filter static_user_filter (class=org.apache.hadoop.http.lib.StaticUserWebFilter$StaticUserFilter) to context logs
2019-07-30 15:10:45,243 INFO  http.HttpServer2 (HttpServer2.java:addFilter(958)) - Added filter static_user_filter (class=org.apache.hadoop.http.lib.StaticUserWebFilter$StaticUserFilter) to context static
2019-07-30 15:10:45,244 INFO  http.HttpServer2 (HttpServer2.java:bindListener(1191)) - Jetty bound to port 40710
2019-07-30 15:10:45,244 INFO  server.Server (Server.java:doStart(351)) - jetty-9.3.24.v20180605, build timestamp: 2018-06-05T17:11:56Z, git hash: 84205aa28f11a4f31f2a3b86d1bba2cc8ab69827
2019-07-30 15:10:45,246 INFO  handler.ContextHandler (ContextHandler.java:doStart(781)) - Started o.e.j.s.ServletContextHandler@3287cf03{/logs,file:///workdir/hadoop-ozone/integration-test/target/log,AVAILABLE}
2019-07-30 15:10:45,247 INFO  handler.ContextHandler (ContextHandler.java:doStart(781)) - Started o.e.j.s.ServletContextHandler@3f7030b5{/static,jar:file:/home/user/.m2/repository/org/apache/hadoop/hadoop-hdds-container-service/0.4.1-SNAPSHOT/hadoop-hdds-container-service-0.4.1-SNAPSHOT.jar!/webapps/static,AVAILABLE}
2019-07-30 15:10:45,291 INFO  handler.ContextHandler (ContextHandler.java:doStart(781)) - Started o.e.j.w.WebAppContext@5a1216b0{/,file:///tmp/jetty-0.0.0.0-40710-hddsDatanode-_-any-1645951334250680277.dir/webapp/,AVAILABLE}{/hddsDatanode}
2019-07-30 15:10:45,291 INFO  server.AbstractConnector (AbstractConnector.java:doStart(278)) - Started ServerConnector@5c4404dd{HTTP/1.1,[http/1.1]}{0.0.0.0:40710}
2019-07-30 15:10:45,292 INFO  server.Server (Server.java:doStart(419)) - Started @626004ms
2019-07-30 15:10:45,293 INFO  server.BaseHttpServer (BaseHttpServer.java:updateConnectorAddress(207)) - HTTP server of HDDSDATANODE is listening at http://0.0.0.0:40710
2019-07-30 15:10:45,399 INFO  ozone.HddsDatanodeService (HddsDatanodeService.java:startPlugins(395)) - Started plug-in org.apache.hadoop.ozone.web.OzoneHddsDatanodeService@c4fac3a
2019-07-30 15:10:45,400 INFO  impl.MetricsSystemImpl (MetricsSystemImpl.java:init(158)) - HddsDatanode metrics system started (again)
2019-07-30 15:10:45,403 INFO  ozone.HddsDatanodeService (HddsDatanodeService.java:start(184)) - HddsDatanodeService host:byscane-nightly-xg47r-921641087 ip:192.168.5.170
2019-07-30 15:10:45,403 INFO  util.JvmPauseMonitor (JvmPauseMonitor.java:run(188)) - Starting JVM pause monitor
2019-07-30 15:10:45,404 INFO  datanode.InitDatanodeState (InitDatanodeState.java:persistContainerDatanodeDetails(140)) - DatanodeDetails is persisted to /workdir/hadoop-ozone/integration-test/target/test-dir/MiniOzoneClusterImpl-deb39eb4-d2b4-453d-924d-c2b7b0ac8c4c/datanode-2/meta/datanode.id
2019-07-30 15:10:45,415 INFO  volume.HddsVolume (HddsVolume.java:<init>(176)) - Creating Volume: /workdir/hadoop-ozone/integration-test/target/test-dir/MiniOzoneClusterImpl-deb39eb4-d2b4-453d-924d-c2b7b0ac8c4c/datanode-3/data/containers/hdds of  storage type : DISK and capacity : 52710309888
2019-07-30 15:10:45,415 INFO  volume.VolumeSet (VolumeSet.java:initializeVolumeSet(170)) - Added Volume : /workdir/hadoop-ozone/integration-test/target/test-dir/MiniOzoneClusterImpl-deb39eb4-d2b4-453d-924d-c2b7b0ac8c4c/datanode-3/data/containers/hdds to VolumeSet
2019-07-30 15:10:45,415 INFO  volume.ThrottledAsyncChecker (ThrottledAsyncChecker.java:schedule(140)) - Scheduling a check for org.apache.hadoop.ozone.container.common.volume.HddsVolume@105d2c27
2019-07-30 15:10:45,416 INFO  volume.HddsVolumeChecker (HddsVolumeChecker.java:checkAllVolumes(203)) - Scheduled health check for volume org.apache.hadoop.ozone.container.common.volume.HddsVolume@105d2c27
2019-07-30 15:10:45,429 INFO  impl.RaftServerProxy (ConfUtils.java:logGet(43)) - raft.rpc.type = GRPC (default)
2019-07-30 15:10:45,429 INFO  grpc.GrpcFactory (GrpcFactory.java:checkPooledByteBufAllocatorUseCacheForAllThreads(45)) - PERFORMANCE WARNING: useCacheForAllThreads is true that may cause Netty to create a lot garbage objects and, as a result, trigger GC.
	It is recommended to disable useCacheForAllThreads by setting -Dorg.apache.ratis.thirdparty.io.netty.allocator.useCacheForAllThreads=false in command line.
2019-07-30 15:10:45,429 INFO  grpc.GrpcConfigKeys$Server (ConfUtils.java:logGet(43)) - raft.grpc.server.port = 0 (default)
2019-07-30 15:10:45,429 INFO  server.GrpcService (ConfUtils.java:logGet(43)) - raft.grpc.message.size.max = 33570816 (custom)
2019-07-30 15:10:45,429 INFO  server.RaftServerConfigKeys (ConfUtils.java:logGet(43)) - raft.server.log.appender.buffer.byte-limit = 33554432 (custom)
2019-07-30 15:10:45,430 INFO  server.GrpcService (ConfUtils.java:logGet(43)) - raft.grpc.flow.control.window = 1MB (=1048576) (default)
2019-07-30 15:10:45,430 INFO  server.RaftServerConfigKeys (ConfUtils.java:logGet(43)) - raft.server.rpc.request.timeout = 3000ms (default)
2019-07-30 15:10:45,430 INFO  server.RaftServerConfigKeys (ConfUtils.java:logGet(43)) - raft.server.storage.dir = [/workdir/hadoop-ozone/integration-test/target/test-dir/MiniOzoneClusterImpl-deb39eb4-d2b4-453d-924d-c2b7b0ac8c4c/datanode-3/data/ratis] (custom)
2019-07-30 15:10:45,430 INFO  replication.SimpleContainerDownloader (SimpleContainerDownloader.java:<init>(72)) - Starting container downloader service to copy containers to replicate.
2019-07-30 15:10:45,431 INFO  hdfs.DFSUtil (DFSUtil.java:httpServerTemplateForNNAndJN(1641)) - Starting Web-server for hddsDatanode at: http://0.0.0.0:0
2019-07-30 15:10:45,433 INFO  server.AuthenticationFilter (AuthenticationFilter.java:constructSecretProvider(240)) - Unable to initialize FileSignerSecretProvider, falling back to use random secrets.
2019-07-30 15:10:45,433 WARN  http.HttpRequestLog (HttpRequestLog.java:getRequestLog(97)) - Jetty request log can only be enabled using Log4j
2019-07-30 15:10:45,434 INFO  http.HttpServer2 (HttpServer2.java:addGlobalFilter(975)) - Added global filter 'safety' (class=org.apache.hadoop.http.HttpServer2$QuotingInputFilter)
2019-07-30 15:10:45,434 INFO  http.HttpServer2 (HttpServer2.java:addFilter(948)) - Added filter static_user_filter (class=org.apache.hadoop.http.lib.StaticUserWebFilter$StaticUserFilter) to context hddsDatanode
2019-07-30 15:10:45,434 INFO  http.HttpServer2 (HttpServer2.java:addFilter(958)) - Added filter static_user_filter (class=org.apache.hadoop.http.lib.StaticUserWebFilter$StaticUserFilter) to context static
2019-07-30 15:10:45,435 INFO  http.HttpServer2 (HttpServer2.java:addFilter(958)) - Added filter static_user_filter (class=org.apache.hadoop.http.lib.StaticUserWebFilter$StaticUserFilter) to context logs
2019-07-30 15:10:45,435 INFO  http.HttpServer2 (HttpServer2.java:bindListener(1191)) - Jetty bound to port 46839
2019-07-30 15:10:45,435 INFO  server.Server (Server.java:doStart(351)) - jetty-9.3.24.v20180605, build timestamp: 2018-06-05T17:11:56Z, git hash: 84205aa28f11a4f31f2a3b86d1bba2cc8ab69827
2019-07-30 15:10:45,437 INFO  handler.ContextHandler (ContextHandler.java:doStart(781)) - Started o.e.j.s.ServletContextHandler@1b13e4fb{/logs,file:///workdir/hadoop-ozone/integration-test/target/log,AVAILABLE}
2019-07-30 15:10:45,437 INFO  handler.ContextHandler (ContextHandler.java:doStart(781)) - Started o.e.j.s.ServletContextHandler@5cb6fac3{/static,jar:file:/home/user/.m2/repository/org/apache/hadoop/hadoop-hdds-container-service/0.4.1-SNAPSHOT/hadoop-hdds-container-service-0.4.1-SNAPSHOT.jar!/webapps/static,AVAILABLE}
2019-07-30 15:10:45,463 INFO  handler.ContextHandler (ContextHandler.java:doStart(781)) - Started o.e.j.w.WebAppContext@7c1a5092{/,file:///tmp/jetty-0.0.0.0-46839-hddsDatanode-_-any-6112652907659232568.dir/webapp/,AVAILABLE}{/hddsDatanode}
2019-07-30 15:10:45,464 INFO  server.AbstractConnector (AbstractConnector.java:doStart(278)) - Started ServerConnector@24663d05{HTTP/1.1,[http/1.1]}{0.0.0.0:46839}
2019-07-30 15:10:45,464 INFO  server.Server (Server.java:doStart(419)) - Started @626175ms
2019-07-30 15:10:45,466 INFO  server.BaseHttpServer (BaseHttpServer.java:updateConnectorAddress(207)) - HTTP server of HDDSDATANODE is listening at http://0.0.0.0:46839
2019-07-30 15:10:45,562 INFO  ozone.HddsDatanodeService (HddsDatanodeService.java:startPlugins(395)) - Started plug-in org.apache.hadoop.ozone.web.OzoneHddsDatanodeService@653e79fc
2019-07-30 15:10:45,562 INFO  impl.MetricsSystemImpl (MetricsSystemImpl.java:init(158)) - HddsDatanode metrics system started (again)
2019-07-30 15:10:45,565 INFO  ozone.HddsDatanodeService (HddsDatanodeService.java:start(184)) - HddsDatanodeService host:byscane-nightly-xg47r-921641087 ip:192.168.5.170
2019-07-30 15:10:45,566 INFO  util.JvmPauseMonitor (JvmPauseMonitor.java:run(188)) - Starting JVM pause monitor
2019-07-30 15:10:45,567 INFO  datanode.InitDatanodeState (InitDatanodeState.java:persistContainerDatanodeDetails(140)) - DatanodeDetails is persisted to /workdir/hadoop-ozone/integration-test/target/test-dir/MiniOzoneClusterImpl-deb39eb4-d2b4-453d-924d-c2b7b0ac8c4c/datanode-3/meta/datanode.id
2019-07-30 15:10:45,577 INFO  volume.HddsVolume (HddsVolume.java:<init>(176)) - Creating Volume: /workdir/hadoop-ozone/integration-test/target/test-dir/MiniOzoneClusterImpl-deb39eb4-d2b4-453d-924d-c2b7b0ac8c4c/datanode-4/data/containers/hdds of  storage type : DISK and capacity : 52710309888
2019-07-30 15:10:45,578 INFO  volume.VolumeSet (VolumeSet.java:initializeVolumeSet(170)) - Added Volume : /workdir/hadoop-ozone/integration-test/target/test-dir/MiniOzoneClusterImpl-deb39eb4-d2b4-453d-924d-c2b7b0ac8c4c/datanode-4/data/containers/hdds to VolumeSet
2019-07-30 15:10:45,578 INFO  volume.ThrottledAsyncChecker (ThrottledAsyncChecker.java:schedule(140)) - Scheduling a check for org.apache.hadoop.ozone.container.common.volume.HddsVolume@10164e94
2019-07-30 15:10:45,578 INFO  volume.HddsVolumeChecker (HddsVolumeChecker.java:checkAllVolumes(203)) - Scheduled health check for volume org.apache.hadoop.ozone.container.common.volume.HddsVolume@10164e94
2019-07-30 15:10:45,751 INFO  impl.RaftServerProxy (ConfUtils.java:logGet(43)) - raft.rpc.type = GRPC (default)
2019-07-30 15:10:45,752 INFO  grpc.GrpcFactory (GrpcFactory.java:checkPooledByteBufAllocatorUseCacheForAllThreads(45)) - PERFORMANCE WARNING: useCacheForAllThreads is true that may cause Netty to create a lot garbage objects and, as a result, trigger GC.
	It is recommended to disable useCacheForAllThreads by setting -Dorg.apache.ratis.thirdparty.io.netty.allocator.useCacheForAllThreads=false in command line.
2019-07-30 15:10:45,752 INFO  grpc.GrpcConfigKeys$Server (ConfUtils.java:logGet(43)) - raft.grpc.server.port = 0 (default)
2019-07-30 15:10:45,752 INFO  server.GrpcService (ConfUtils.java:logGet(43)) - raft.grpc.message.size.max = 33570816 (custom)
2019-07-30 15:10:45,755 INFO  server.RaftServerConfigKeys (ConfUtils.java:logGet(43)) - raft.server.log.appender.buffer.byte-limit = 33554432 (custom)
2019-07-30 15:10:45,756 INFO  server.GrpcService (ConfUtils.java:logGet(43)) - raft.grpc.flow.control.window = 1MB (=1048576) (default)
2019-07-30 15:10:45,757 INFO  server.RaftServerConfigKeys (ConfUtils.java:logGet(43)) - raft.server.rpc.request.timeout = 3000ms (default)
2019-07-30 15:10:45,757 INFO  server.RaftServerConfigKeys (ConfUtils.java:logGet(43)) - raft.server.storage.dir = [/workdir/hadoop-ozone/integration-test/target/test-dir/MiniOzoneClusterImpl-deb39eb4-d2b4-453d-924d-c2b7b0ac8c4c/datanode-4/data/ratis] (custom)
2019-07-30 15:10:45,758 INFO  replication.SimpleContainerDownloader (SimpleContainerDownloader.java:<init>(72)) - Starting container downloader service to copy containers to replicate.
2019-07-30 15:10:45,761 INFO  hdfs.DFSUtil (DFSUtil.java:httpServerTemplateForNNAndJN(1641)) - Starting Web-server for hddsDatanode at: http://0.0.0.0:0
2019-07-30 15:10:45,763 INFO  server.AuthenticationFilter (AuthenticationFilter.java:constructSecretProvider(240)) - Unable to initialize FileSignerSecretProvider, falling back to use random secrets.
2019-07-30 15:10:45,763 WARN  http.HttpRequestLog (HttpRequestLog.java:getRequestLog(97)) - Jetty request log can only be enabled using Log4j
2019-07-30 15:10:45,765 INFO  http.HttpServer2 (HttpServer2.java:addGlobalFilter(975)) - Added global filter 'safety' (class=org.apache.hadoop.http.HttpServer2$QuotingInputFilter)
2019-07-30 15:10:45,766 INFO  http.HttpServer2 (HttpServer2.java:addFilter(948)) - Added filter static_user_filter (class=org.apache.hadoop.http.lib.StaticUserWebFilter$StaticUserFilter) to context hddsDatanode
2019-07-30 15:10:45,766 INFO  http.HttpServer2 (HttpServer2.java:addFilter(958)) - Added filter static_user_filter (class=org.apache.hadoop.http.lib.StaticUserWebFilter$StaticUserFilter) to context logs
2019-07-30 15:10:45,766 INFO  http.HttpServer2 (HttpServer2.java:addFilter(958)) - Added filter static_user_filter (class=org.apache.hadoop.http.lib.StaticUserWebFilter$StaticUserFilter) to context static
2019-07-30 15:10:45,767 INFO  http.HttpServer2 (HttpServer2.java:bindListener(1191)) - Jetty bound to port 46006
2019-07-30 15:10:45,767 INFO  server.Server (Server.java:doStart(351)) - jetty-9.3.24.v20180605, build timestamp: 2018-06-05T17:11:56Z, git hash: 84205aa28f11a4f31f2a3b86d1bba2cc8ab69827
2019-07-30 15:10:45,770 INFO  handler.ContextHandler (ContextHandler.java:doStart(781)) - Started o.e.j.s.ServletContextHandler@745d399a{/logs,file:///workdir/hadoop-ozone/integration-test/target/log,AVAILABLE}
2019-07-30 15:10:45,770 INFO  handler.ContextHandler (ContextHandler.java:doStart(781)) - Started o.e.j.s.ServletContextHandler@420307f9{/static,jar:file:/home/user/.m2/repository/org/apache/hadoop/hadoop-hdds-container-service/0.4.1-SNAPSHOT/hadoop-hdds-container-service-0.4.1-SNAPSHOT.jar!/webapps/static,AVAILABLE}
2019-07-30 15:10:45,812 INFO  handler.ContextHandler (ContextHandler.java:doStart(781)) - Started o.e.j.w.WebAppContext@3237522b{/,file:///tmp/jetty-0.0.0.0-46006-hddsDatanode-_-any-4901881739219669274.dir/webapp/,AVAILABLE}{/hddsDatanode}
2019-07-30 15:10:45,812 INFO  server.AbstractConnector (AbstractConnector.java:doStart(278)) - Started ServerConnector@73ffe7b0{HTTP/1.1,[http/1.1]}{0.0.0.0:46006}
2019-07-30 15:10:45,813 INFO  server.Server (Server.java:doStart(419)) - Started @626524ms
2019-07-30 15:10:45,814 INFO  server.BaseHttpServer (BaseHttpServer.java:updateConnectorAddress(207)) - HTTP server of HDDSDATANODE is listening at http://0.0.0.0:46006
2019-07-30 15:10:45,928 INFO  ozone.HddsDatanodeService (HddsDatanodeService.java:startPlugins(395)) - Started plug-in org.apache.hadoop.ozone.web.OzoneHddsDatanodeService@509d0d21
2019-07-30 15:10:45,929 INFO  impl.MetricsSystemImpl (MetricsSystemImpl.java:init(158)) - HddsDatanode metrics system started (again)
2019-07-30 15:10:45,933 INFO  ozone.HddsDatanodeService (HddsDatanodeService.java:start(184)) - HddsDatanodeService host:byscane-nightly-xg47r-921641087 ip:192.168.5.170
2019-07-30 15:10:45,933 INFO  util.JvmPauseMonitor (JvmPauseMonitor.java:run(188)) - Starting JVM pause monitor
2019-07-30 15:10:45,934 INFO  datanode.InitDatanodeState (InitDatanodeState.java:persistContainerDatanodeDetails(140)) - DatanodeDetails is persisted to /workdir/hadoop-ozone/integration-test/target/test-dir/MiniOzoneClusterImpl-deb39eb4-d2b4-453d-924d-c2b7b0ac8c4c/datanode-4/meta/datanode.id
2019-07-30 15:10:45,948 INFO  volume.HddsVolume (HddsVolume.java:<init>(176)) - Creating Volume: /workdir/hadoop-ozone/integration-test/target/test-dir/MiniOzoneClusterImpl-deb39eb4-d2b4-453d-924d-c2b7b0ac8c4c/datanode-5/data/containers/hdds of  storage type : DISK and capacity : 52710309888
2019-07-30 15:10:45,949 INFO  volume.VolumeSet (VolumeSet.java:initializeVolumeSet(170)) - Added Volume : /workdir/hadoop-ozone/integration-test/target/test-dir/MiniOzoneClusterImpl-deb39eb4-d2b4-453d-924d-c2b7b0ac8c4c/datanode-5/data/containers/hdds to VolumeSet
2019-07-30 15:10:45,949 INFO  volume.ThrottledAsyncChecker (ThrottledAsyncChecker.java:schedule(140)) - Scheduling a check for org.apache.hadoop.ozone.container.common.volume.HddsVolume@4e64e44c
2019-07-30 15:10:45,949 INFO  volume.HddsVolumeChecker (HddsVolumeChecker.java:checkAllVolumes(203)) - Scheduled health check for volume org.apache.hadoop.ozone.container.common.volume.HddsVolume@4e64e44c
2019-07-30 15:10:45,966 INFO  impl.RaftServerProxy (ConfUtils.java:logGet(43)) - raft.rpc.type = GRPC (default)
2019-07-30 15:10:45,967 INFO  grpc.GrpcFactory (GrpcFactory.java:checkPooledByteBufAllocatorUseCacheForAllThreads(45)) - PERFORMANCE WARNING: useCacheForAllThreads is true that may cause Netty to create a lot garbage objects and, as a result, trigger GC.
	It is recommended to disable useCacheForAllThreads by setting -Dorg.apache.ratis.thirdparty.io.netty.allocator.useCacheForAllThreads=false in command line.
2019-07-30 15:10:45,967 INFO  grpc.GrpcConfigKeys$Server (ConfUtils.java:logGet(43)) - raft.grpc.server.port = 0 (default)
2019-07-30 15:10:45,967 INFO  server.GrpcService (ConfUtils.java:logGet(43)) - raft.grpc.message.size.max = 33570816 (custom)
2019-07-30 15:10:45,968 INFO  server.RaftServerConfigKeys (ConfUtils.java:logGet(43)) - raft.server.log.appender.buffer.byte-limit = 33554432 (custom)
2019-07-30 15:10:45,968 INFO  server.GrpcService (ConfUtils.java:logGet(43)) - raft.grpc.flow.control.window = 1MB (=1048576) (default)
2019-07-30 15:10:45,968 INFO  server.RaftServerConfigKeys (ConfUtils.java:logGet(43)) - raft.server.rpc.request.timeout = 3000ms (default)
2019-07-30 15:10:45,969 INFO  server.RaftServerConfigKeys (ConfUtils.java:logGet(43)) - raft.server.storage.dir = [/workdir/hadoop-ozone/integration-test/target/test-dir/MiniOzoneClusterImpl-deb39eb4-d2b4-453d-924d-c2b7b0ac8c4c/datanode-5/data/ratis] (custom)
2019-07-30 15:10:45,969 INFO  replication.SimpleContainerDownloader (SimpleContainerDownloader.java:<init>(72)) - Starting container downloader service to copy containers to replicate.
2019-07-30 15:10:45,971 INFO  hdfs.DFSUtil (DFSUtil.java:httpServerTemplateForNNAndJN(1641)) - Starting Web-server for hddsDatanode at: http://0.0.0.0:0
2019-07-30 15:10:45,972 INFO  server.AuthenticationFilter (AuthenticationFilter.java:constructSecretProvider(240)) - Unable to initialize FileSignerSecretProvider, falling back to use random secrets.
2019-07-30 15:10:45,972 WARN  http.HttpRequestLog (HttpRequestLog.java:getRequestLog(97)) - Jetty request log can only be enabled using Log4j
2019-07-30 15:10:45,974 INFO  http.HttpServer2 (HttpServer2.java:addGlobalFilter(975)) - Added global filter 'safety' (class=org.apache.hadoop.http.HttpServer2$QuotingInputFilter)
2019-07-30 15:10:45,974 INFO  http.HttpServer2 (HttpServer2.java:addFilter(948)) - Added filter static_user_filter (class=org.apache.hadoop.http.lib.StaticUserWebFilter$StaticUserFilter) to context hddsDatanode
2019-07-30 15:10:45,974 INFO  http.HttpServer2 (HttpServer2.java:addFilter(958)) - Added filter static_user_filter (class=org.apache.hadoop.http.lib.StaticUserWebFilter$StaticUserFilter) to context static
2019-07-30 15:10:45,974 INFO  http.HttpServer2 (HttpServer2.java:addFilter(958)) - Added filter static_user_filter (class=org.apache.hadoop.http.lib.StaticUserWebFilter$StaticUserFilter) to context logs
2019-07-30 15:10:45,975 INFO  http.HttpServer2 (HttpServer2.java:bindListener(1191)) - Jetty bound to port 34777
2019-07-30 15:10:45,975 INFO  server.Server (Server.java:doStart(351)) - jetty-9.3.24.v20180605, build timestamp: 2018-06-05T17:11:56Z, git hash: 84205aa28f11a4f31f2a3b86d1bba2cc8ab69827
2019-07-30 15:10:45,976 INFO  handler.ContextHandler (ContextHandler.java:doStart(781)) - Started o.e.j.s.ServletContextHandler@13088030{/logs,file:///workdir/hadoop-ozone/integration-test/target/log,AVAILABLE}
2019-07-30 15:10:45,977 INFO  handler.ContextHandler (ContextHandler.java:doStart(781)) - Started o.e.j.s.ServletContextHandler@4c33bf70{/static,jar:file:/home/user/.m2/repository/org/apache/hadoop/hadoop-hdds-container-service/0.4.1-SNAPSHOT/hadoop-hdds-container-service-0.4.1-SNAPSHOT.jar!/webapps/static,AVAILABLE}
2019-07-30 15:10:46,006 INFO  handler.ContextHandler (ContextHandler.java:doStart(781)) - Started o.e.j.w.WebAppContext@370e5bb9{/,file:///tmp/jetty-0.0.0.0-34777-hddsDatanode-_-any-3432518369589959640.dir/webapp/,AVAILABLE}{/hddsDatanode}
2019-07-30 15:10:46,006 INFO  server.AbstractConnector (AbstractConnector.java:doStart(278)) - Started ServerConnector@46769bd6{HTTP/1.1,[http/1.1]}{0.0.0.0:34777}
2019-07-30 15:10:46,006 INFO  server.Server (Server.java:doStart(419)) - Started @626718ms
2019-07-30 15:10:46,008 INFO  server.BaseHttpServer (BaseHttpServer.java:updateConnectorAddress(207)) - HTTP server of HDDSDATANODE is listening at http://0.0.0.0:34777
2019-07-30 15:10:46,105 INFO  ozone.HddsDatanodeService (HddsDatanodeService.java:startPlugins(395)) - Started plug-in org.apache.hadoop.ozone.web.OzoneHddsDatanodeService@68f9a4f4
2019-07-30 15:10:46,105 INFO  impl.MetricsSystemImpl (MetricsSystemImpl.java:init(158)) - HddsDatanode metrics system started (again)
2019-07-30 15:10:46,109 INFO  ozone.HddsDatanodeService (HddsDatanodeService.java:start(184)) - HddsDatanodeService host:byscane-nightly-xg47r-921641087 ip:192.168.5.170
2019-07-30 15:10:46,109 INFO  util.JvmPauseMonitor (JvmPauseMonitor.java:run(188)) - Starting JVM pause monitor
2019-07-30 15:10:46,111 INFO  datanode.InitDatanodeState (InitDatanodeState.java:persistContainerDatanodeDetails(140)) - DatanodeDetails is persisted to /workdir/hadoop-ozone/integration-test/target/test-dir/MiniOzoneClusterImpl-deb39eb4-d2b4-453d-924d-c2b7b0ac8c4c/datanode-5/meta/datanode.id
2019-07-30 15:10:46,122 INFO  volume.HddsVolume (HddsVolume.java:<init>(176)) - Creating Volume: /workdir/hadoop-ozone/integration-test/target/test-dir/MiniOzoneClusterImpl-deb39eb4-d2b4-453d-924d-c2b7b0ac8c4c/datanode-6/data/containers/hdds of  storage type : DISK and capacity : 52710309888
2019-07-30 15:10:46,123 INFO  volume.VolumeSet (VolumeSet.java:initializeVolumeSet(170)) - Added Volume : /workdir/hadoop-ozone/integration-test/target/test-dir/MiniOzoneClusterImpl-deb39eb4-d2b4-453d-924d-c2b7b0ac8c4c/datanode-6/data/containers/hdds to VolumeSet
2019-07-30 15:10:46,123 INFO  volume.ThrottledAsyncChecker (ThrottledAsyncChecker.java:schedule(140)) - Scheduling a check for org.apache.hadoop.ozone.container.common.volume.HddsVolume@64a9719a
2019-07-30 15:10:46,123 INFO  volume.HddsVolumeChecker (HddsVolumeChecker.java:checkAllVolumes(203)) - Scheduled health check for volume org.apache.hadoop.ozone.container.common.volume.HddsVolume@64a9719a
2019-07-30 15:10:46,137 INFO  impl.RaftServerProxy (ConfUtils.java:logGet(43)) - raft.rpc.type = GRPC (default)
2019-07-30 15:10:46,137 INFO  grpc.GrpcFactory (GrpcFactory.java:checkPooledByteBufAllocatorUseCacheForAllThreads(45)) - PERFORMANCE WARNING: useCacheForAllThreads is true that may cause Netty to create a lot garbage objects and, as a result, trigger GC.
	It is recommended to disable useCacheForAllThreads by setting -Dorg.apache.ratis.thirdparty.io.netty.allocator.useCacheForAllThreads=false in command line.
2019-07-30 15:10:46,137 INFO  grpc.GrpcConfigKeys$Server (ConfUtils.java:logGet(43)) - raft.grpc.server.port = 0 (default)
2019-07-30 15:10:46,137 INFO  server.GrpcService (ConfUtils.java:logGet(43)) - raft.grpc.message.size.max = 33570816 (custom)
2019-07-30 15:10:46,137 INFO  server.RaftServerConfigKeys (ConfUtils.java:logGet(43)) - raft.server.log.appender.buffer.byte-limit = 33554432 (custom)
2019-07-30 15:10:46,138 INFO  server.GrpcService (ConfUtils.java:logGet(43)) - raft.grpc.flow.control.window = 1MB (=1048576) (default)
2019-07-30 15:10:46,138 INFO  server.RaftServerConfigKeys (ConfUtils.java:logGet(43)) - raft.server.rpc.request.timeout = 3000ms (default)
2019-07-30 15:10:46,138 INFO  server.RaftServerConfigKeys (ConfUtils.java:logGet(43)) - raft.server.storage.dir = [/workdir/hadoop-ozone/integration-test/target/test-dir/MiniOzoneClusterImpl-deb39eb4-d2b4-453d-924d-c2b7b0ac8c4c/datanode-6/data/ratis] (custom)
2019-07-30 15:10:46,139 INFO  replication.SimpleContainerDownloader (SimpleContainerDownloader.java:<init>(72)) - Starting container downloader service to copy containers to replicate.
2019-07-30 15:10:46,139 INFO  hdfs.DFSUtil (DFSUtil.java:httpServerTemplateForNNAndJN(1641)) - Starting Web-server for hddsDatanode at: http://0.0.0.0:0
2019-07-30 15:10:46,140 INFO  server.AuthenticationFilter (AuthenticationFilter.java:constructSecretProvider(240)) - Unable to initialize FileSignerSecretProvider, falling back to use random secrets.
2019-07-30 15:10:46,141 WARN  http.HttpRequestLog (HttpRequestLog.java:getRequestLog(97)) - Jetty request log can only be enabled using Log4j
2019-07-30 15:10:46,142 INFO  http.HttpServer2 (HttpServer2.java:addGlobalFilter(975)) - Added global filter 'safety' (class=org.apache.hadoop.http.HttpServer2$QuotingInputFilter)
2019-07-30 15:10:46,142 INFO  http.HttpServer2 (HttpServer2.java:addFilter(948)) - Added filter static_user_filter (class=org.apache.hadoop.http.lib.StaticUserWebFilter$StaticUserFilter) to context hddsDatanode
2019-07-30 15:10:46,142 INFO  http.HttpServer2 (HttpServer2.java:addFilter(958)) - Added filter static_user_filter (class=org.apache.hadoop.http.lib.StaticUserWebFilter$StaticUserFilter) to context logs
2019-07-30 15:10:46,143 INFO  http.HttpServer2 (HttpServer2.java:addFilter(958)) - Added filter static_user_filter (class=org.apache.hadoop.http.lib.StaticUserWebFilter$StaticUserFilter) to context static
2019-07-30 15:10:46,143 INFO  http.HttpServer2 (HttpServer2.java:bindListener(1191)) - Jetty bound to port 43705
2019-07-30 15:10:46,143 INFO  server.Server (Server.java:doStart(351)) - jetty-9.3.24.v20180605, build timestamp: 2018-06-05T17:11:56Z, git hash: 84205aa28f11a4f31f2a3b86d1bba2cc8ab69827
2019-07-30 15:10:46,145 INFO  handler.ContextHandler (ContextHandler.java:doStart(781)) - Started o.e.j.s.ServletContextHandler@105c253a{/logs,file:///workdir/hadoop-ozone/integration-test/target/log,AVAILABLE}
2019-07-30 15:10:46,145 INFO  handler.ContextHandler (ContextHandler.java:doStart(781)) - Started o.e.j.s.ServletContextHandler@546f0f36{/static,jar:file:/home/user/.m2/repository/org/apache/hadoop/hadoop-hdds-container-service/0.4.1-SNAPSHOT/hadoop-hdds-container-service-0.4.1-SNAPSHOT.jar!/webapps/static,AVAILABLE}
2019-07-30 15:10:46,171 INFO  handler.ContextHandler (ContextHandler.java:doStart(781)) - Started o.e.j.w.WebAppContext@2162e4a{/,file:///tmp/jetty-0.0.0.0-43705-hddsDatanode-_-any-1138230380502467389.dir/webapp/,AVAILABLE}{/hddsDatanode}
2019-07-30 15:10:46,172 INFO  server.AbstractConnector (AbstractConnector.java:doStart(278)) - Started ServerConnector@595626b8{HTTP/1.1,[http/1.1]}{0.0.0.0:43705}
2019-07-30 15:10:46,172 INFO  server.Server (Server.java:doStart(419)) - Started @626883ms
2019-07-30 15:10:46,174 INFO  server.BaseHttpServer (BaseHttpServer.java:updateConnectorAddress(207)) - HTTP server of HDDSDATANODE is listening at http://0.0.0.0:43705
2019-07-30 15:10:46,270 INFO  ozone.HddsDatanodeService (HddsDatanodeService.java:startPlugins(395)) - Started plug-in org.apache.hadoop.ozone.web.OzoneHddsDatanodeService@757501da
2019-07-30 15:10:46,270 INFO  ozone.MiniOzoneClusterImpl (MiniOzoneClusterImpl.java:lambda$waitForClusterToBeReady$0(142)) - Waiting for cluster to be ready. Got 0 of 7 DN Heartbeats.
2019-07-30 15:10:46,272 INFO  util.JvmPauseMonitor (JvmPauseMonitor.java:run(188)) - Starting JVM pause monitor
2019-07-30 15:10:46,273 INFO  datanode.InitDatanodeState (InitDatanodeState.java:persistContainerDatanodeDetails(140)) - DatanodeDetails is persisted to /workdir/hadoop-ozone/integration-test/target/test-dir/MiniOzoneClusterImpl-deb39eb4-d2b4-453d-924d-c2b7b0ac8c4c/datanode-6/meta/datanode.id
2019-07-30 15:10:47,033 INFO  ozoneimpl.OzoneContainer (OzoneContainer.java:start(186)) - Attempting to start container services.
2019-07-30 15:10:47,034 INFO  ozoneimpl.OzoneContainer (OzoneContainer.java:startContainerScrub(160)) - Background container scrubber has been disabled by hdds.containerscrub.enabled
2019-07-30 15:10:47,034 INFO  ratis.XceiverServerRatis (XceiverServerRatis.java:start(404)) - Starting XceiverServerRatis 80a33e47-92c6-4939-ade9-ac3b601b7b20 at port 0
2019-07-30 15:10:47,041 INFO  impl.RaftServerProxy (RaftServerProxy.java:lambda$start$3(299)) - 80a33e47-92c6-4939-ade9-ac3b601b7b20: start RPC server
2019-07-30 15:10:47,042 INFO  server.GrpcService (GrpcService.java:startImpl(149)) - 80a33e47-92c6-4939-ade9-ac3b601b7b20: GrpcService started, listening on 0.0.0.0/0.0.0.0:46473
2019-07-30 15:10:47,042 INFO  ratis.XceiverServerRatis (XceiverServerRatis.java:start(414)) - XceiverServerRatis 80a33e47-92c6-4939-ade9-ac3b601b7b20 is started using port 46473
2019-07-30 15:10:47,049 INFO  server.XceiverServerGrpc (XceiverServerGrpc.java:start(161)) - XceiverServerGrpc 80a33e47-92c6-4939-ade9-ac3b601b7b20 is started using port 39517
2019-07-30 15:10:47,222 INFO  ozoneimpl.OzoneContainer (OzoneContainer.java:start(186)) - Attempting to start container services.
2019-07-30 15:10:47,222 INFO  ozoneimpl.OzoneContainer (OzoneContainer.java:startContainerScrub(160)) - Background container scrubber has been disabled by hdds.containerscrub.enabled
2019-07-30 15:10:47,222 INFO  ratis.XceiverServerRatis (XceiverServerRatis.java:start(404)) - Starting XceiverServerRatis e5fa99ce-951d-4e55-9b5e-cd58416142a4 at port 0
2019-07-30 15:10:47,229 INFO  impl.RaftServerProxy (RaftServerProxy.java:lambda$start$3(299)) - e5fa99ce-951d-4e55-9b5e-cd58416142a4: start RPC server
2019-07-30 15:10:47,230 INFO  server.GrpcService (GrpcService.java:startImpl(149)) - e5fa99ce-951d-4e55-9b5e-cd58416142a4: GrpcService started, listening on 0.0.0.0/0.0.0.0:36658
2019-07-30 15:10:47,230 INFO  ratis.XceiverServerRatis (XceiverServerRatis.java:start(414)) - XceiverServerRatis e5fa99ce-951d-4e55-9b5e-cd58416142a4 is started using port 36658
2019-07-30 15:10:47,231 INFO  server.XceiverServerGrpc (XceiverServerGrpc.java:start(161)) - XceiverServerGrpc e5fa99ce-951d-4e55-9b5e-cd58416142a4 is started using port 45531
2019-07-30 15:10:47,271 INFO  ozone.MiniOzoneClusterImpl (MiniOzoneClusterImpl.java:lambda$waitForClusterToBeReady$0(142)) - Waiting for cluster to be ready. Got 0 of 7 DN Heartbeats.
2019-07-30 15:10:47,409 INFO  ozoneimpl.OzoneContainer (OzoneContainer.java:start(186)) - Attempting to start container services.
2019-07-30 15:10:47,409 INFO  ozoneimpl.OzoneContainer (OzoneContainer.java:startContainerScrub(160)) - Background container scrubber has been disabled by hdds.containerscrub.enabled
2019-07-30 15:10:47,409 INFO  ratis.XceiverServerRatis (XceiverServerRatis.java:start(404)) - Starting XceiverServerRatis 8a680a7a-6242-4ac2-8c73-af55182af999 at port 0
2019-07-30 15:10:47,416 INFO  impl.RaftServerProxy (RaftServerProxy.java:lambda$start$3(299)) - 8a680a7a-6242-4ac2-8c73-af55182af999: start RPC server
2019-07-30 15:10:47,417 INFO  server.GrpcService (GrpcService.java:startImpl(149)) - 8a680a7a-6242-4ac2-8c73-af55182af999: GrpcService started, listening on 0.0.0.0/0.0.0.0:34331
2019-07-30 15:10:47,417 INFO  ratis.XceiverServerRatis (XceiverServerRatis.java:start(414)) - XceiverServerRatis 8a680a7a-6242-4ac2-8c73-af55182af999 is started using port 34331
2019-07-30 15:10:47,426 INFO  server.XceiverServerGrpc (XceiverServerGrpc.java:start(161)) - XceiverServerGrpc 8a680a7a-6242-4ac2-8c73-af55182af999 is started using port 38622
2019-07-30 15:10:47,591 INFO  ozoneimpl.OzoneContainer (OzoneContainer.java:start(186)) - Attempting to start container services.
2019-07-30 15:10:47,591 INFO  ozoneimpl.OzoneContainer (OzoneContainer.java:startContainerScrub(160)) - Background container scrubber has been disabled by hdds.containerscrub.enabled
2019-07-30 15:10:47,591 INFO  ratis.XceiverServerRatis (XceiverServerRatis.java:start(404)) - Starting XceiverServerRatis e6f7e345-2310-405e-81e0-5b298fa4eba6 at port 0
2019-07-30 15:10:47,599 INFO  impl.RaftServerProxy (RaftServerProxy.java:lambda$start$3(299)) - e6f7e345-2310-405e-81e0-5b298fa4eba6: start RPC server
2019-07-30 15:10:47,600 INFO  server.GrpcService (GrpcService.java:startImpl(149)) - e6f7e345-2310-405e-81e0-5b298fa4eba6: GrpcService started, listening on 0.0.0.0/0.0.0.0:39126
2019-07-30 15:10:47,600 INFO  ratis.XceiverServerRatis (XceiverServerRatis.java:start(414)) - XceiverServerRatis e6f7e345-2310-405e-81e0-5b298fa4eba6 is started using port 39126
2019-07-30 15:10:47,600 INFO  server.XceiverServerGrpc (XceiverServerGrpc.java:start(161)) - XceiverServerGrpc e6f7e345-2310-405e-81e0-5b298fa4eba6 is started using port 43836
2019-07-30 15:10:47,945 INFO  ozoneimpl.OzoneContainer (OzoneContainer.java:start(186)) - Attempting to start container services.
2019-07-30 15:10:47,945 INFO  ozoneimpl.OzoneContainer (OzoneContainer.java:startContainerScrub(160)) - Background container scrubber has been disabled by hdds.containerscrub.enabled
2019-07-30 15:10:47,945 INFO  ratis.XceiverServerRatis (XceiverServerRatis.java:start(404)) - Starting XceiverServerRatis b13d115d-b1b7-4a42-93a0-c105386ccce1 at port 0
2019-07-30 15:10:47,952 INFO  impl.RaftServerProxy (RaftServerProxy.java:lambda$start$3(299)) - b13d115d-b1b7-4a42-93a0-c105386ccce1: start RPC server
2019-07-30 15:10:47,953 INFO  server.GrpcService (GrpcService.java:startImpl(149)) - b13d115d-b1b7-4a42-93a0-c105386ccce1: GrpcService started, listening on 0.0.0.0/0.0.0.0:40183
2019-07-30 15:10:47,954 INFO  ratis.XceiverServerRatis (XceiverServerRatis.java:start(414)) - XceiverServerRatis b13d115d-b1b7-4a42-93a0-c105386ccce1 is started using port 40183
2019-07-30 15:10:47,954 INFO  server.XceiverServerGrpc (XceiverServerGrpc.java:start(161)) - XceiverServerGrpc b13d115d-b1b7-4a42-93a0-c105386ccce1 is started using port 39504
2019-07-30 15:10:48,115 INFO  ozoneimpl.OzoneContainer (OzoneContainer.java:start(186)) - Attempting to start container services.
2019-07-30 15:10:48,115 INFO  ozoneimpl.OzoneContainer (OzoneContainer.java:startContainerScrub(160)) - Background container scrubber has been disabled by hdds.containerscrub.enabled
2019-07-30 15:10:48,115 INFO  ratis.XceiverServerRatis (XceiverServerRatis.java:start(404)) - Starting XceiverServerRatis c591fbe9-ed50-49f5-8e7a-b9ddc7582314 at port 0
2019-07-30 15:10:48,123 INFO  impl.RaftServerProxy (RaftServerProxy.java:lambda$start$3(299)) - c591fbe9-ed50-49f5-8e7a-b9ddc7582314: start RPC server
2019-07-30 15:10:48,124 INFO  server.GrpcService (GrpcService.java:startImpl(149)) - c591fbe9-ed50-49f5-8e7a-b9ddc7582314: GrpcService started, listening on 0.0.0.0/0.0.0.0:45772
2019-07-30 15:10:48,124 INFO  ratis.XceiverServerRatis (XceiverServerRatis.java:start(414)) - XceiverServerRatis c591fbe9-ed50-49f5-8e7a-b9ddc7582314 is started using port 45772
2019-07-30 15:10:48,128 INFO  server.XceiverServerGrpc (XceiverServerGrpc.java:start(161)) - XceiverServerGrpc c591fbe9-ed50-49f5-8e7a-b9ddc7582314 is started using port 38690
2019-07-30 15:10:48,271 INFO  ozone.MiniOzoneClusterImpl (MiniOzoneClusterImpl.java:lambda$waitForClusterToBeReady$0(142)) - Waiting for cluster to be ready. Got 0 of 7 DN Heartbeats.
2019-07-30 15:10:48,295 INFO  ozoneimpl.OzoneContainer (OzoneContainer.java:start(186)) - Attempting to start container services.
2019-07-30 15:10:48,295 INFO  ozoneimpl.OzoneContainer (OzoneContainer.java:startContainerScrub(160)) - Background container scrubber has been disabled by hdds.containerscrub.enabled
2019-07-30 15:10:48,295 INFO  ratis.XceiverServerRatis (XceiverServerRatis.java:start(404)) - Starting XceiverServerRatis c328df49-0f3d-4ecf-91f5-893d86bae7a0 at port 0
2019-07-30 15:10:48,304 INFO  impl.RaftServerProxy (RaftServerProxy.java:lambda$start$3(299)) - c328df49-0f3d-4ecf-91f5-893d86bae7a0: start RPC server
2019-07-30 15:10:48,305 INFO  server.GrpcService (GrpcService.java:startImpl(149)) - c328df49-0f3d-4ecf-91f5-893d86bae7a0: GrpcService started, listening on 0.0.0.0/0.0.0.0:40071
2019-07-30 15:10:48,305 INFO  ratis.XceiverServerRatis (XceiverServerRatis.java:start(414)) - XceiverServerRatis c328df49-0f3d-4ecf-91f5-893d86bae7a0 is started using port 40071
2019-07-30 15:10:48,306 INFO  server.XceiverServerGrpc (XceiverServerGrpc.java:start(161)) - XceiverServerGrpc c328df49-0f3d-4ecf-91f5-893d86bae7a0 is started using port 42797
2019-07-30 15:10:49,026 INFO  net.NetworkTopology (NetworkTopologyImpl.java:add(110)) - Added a new node: /default-rack/80a33e47-92c6-4939-ade9-ac3b601b7b20
2019-07-30 15:10:49,029 INFO  node.SCMNodeManager (SCMNodeManager.java:register(273)) - Registered Data node : 80a33e47-92c6-4939-ade9-ac3b601b7b20{ip: 192.168.5.170, host: byscane-nightly-xg47r-921641087, networkLocation: /default-rack, certSerialId: null}
2019-07-30 15:10:49,030 INFO  safemode.SCMSafeModeManager (DataNodeSafeModeRule.java:process(71)) - SCM in safe mode. 1 DataNodes registered, 1 required.
2019-07-30 15:10:49,034 INFO  safemode.SCMSafeModeManager (SCMSafeModeManager.java:validateSafeModeExitRules(177)) - ScmSafeModeManager, all rules are successfully validated
2019-07-30 15:10:49,034 INFO  safemode.SCMSafeModeManager (SCMSafeModeManager.java:exitSafeMode(193)) - SCM exiting safe mode.
2019-07-30 15:10:49,051 INFO  impl.RaftServerProxy (RaftServerProxy.java:addNew(89)) - 80a33e47-92c6-4939-ade9-ac3b601b7b20: addNew group-97E8D07CCB3B:[80a33e47-92c6-4939-ade9-ac3b601b7b20:192.168.5.170:46473] returns group-97E8D07CCB3B:java.util.concurrent.CompletableFuture@79846fe1[Not completed]
2019-07-30 15:10:49,052 INFO  impl.RaftServerImpl (RaftServerImpl.java:<init>(93)) - 80a33e47-92c6-4939-ade9-ac3b601b7b20: new RaftServerImpl for group-97E8D07CCB3B:[80a33e47-92c6-4939-ade9-ac3b601b7b20:192.168.5.170:46473] with ContainerStateMachine:uninitialized
2019-07-30 15:10:49,052 INFO  server.RaftServerConfigKeys (ConfUtils.java:logGet(43)) - raft.server.rpc.timeout.min = 5s (custom)
2019-07-30 15:10:49,052 INFO  server.RaftServerConfigKeys (ConfUtils.java:logGet(43)) - raft.server.rpc.timeout.max = 5200ms (custom)
2019-07-30 15:10:49,052 INFO  server.RaftServerConfigKeys (ConfUtils.java:logGet(43)) - raft.server.rpcslowness.timeout = 120s (custom)
2019-07-30 15:10:49,053 INFO  server.RaftServerConfigKeys (ConfUtils.java:logGet(43)) - raft.server.sleep.deviation.threshold = 300 (default)
2019-07-30 15:10:49,053 INFO  server.RaftServerConfigKeys (ConfUtils.java:logGet(43)) - raft.server.log.appender.install.snapshot.enabled = false (custom)
2019-07-30 15:10:49,053 INFO  impl.RaftServerImpl (ServerState.java:<init>(105)) - 80a33e47-92c6-4939-ade9-ac3b601b7b20:group-97E8D07CCB3B ConfigurationManager, init=-1: [80a33e47-92c6-4939-ade9-ac3b601b7b20:192.168.5.170:46473], old=null, confs=<EMPTY_MAP>
2019-07-30 15:10:49,053 INFO  server.RaftServerConfigKeys (ConfUtils.java:logGet(43)) - raft.server.storage.dir = [/workdir/hadoop-ozone/integration-test/target/test-dir/MiniOzoneClusterImpl-deb39eb4-d2b4-453d-924d-c2b7b0ac8c4c/datanode-0/data/ratis] (custom)
2019-07-30 15:10:49,055 INFO  storage.RaftStorageDirectory (RaftStorageDirectory.java:analyzeStorage(246)) - The storage directory /workdir/hadoop-ozone/integration-test/target/test-dir/MiniOzoneClusterImpl-deb39eb4-d2b4-453d-924d-c2b7b0ac8c4c/datanode-0/data/ratis/e52e4997-df40-461b-b979-97e8d07ccb3b does not exist. Creating ...
2019-07-30 15:10:49,061 INFO  storage.RaftStorageDirectory (RaftStorageDirectory.java:tryLock(328)) - Lock on /workdir/hadoop-ozone/integration-test/target/test-dir/MiniOzoneClusterImpl-deb39eb4-d2b4-453d-924d-c2b7b0ac8c4c/datanode-0/data/ratis/e52e4997-df40-461b-b979-97e8d07ccb3b/in_use.lock acquired by nodename 32735@byscane-nightly-xg47r-921641087
2019-07-30 15:10:49,064 INFO  storage.RaftStorage (RaftStorage.java:format(72)) - Storage directory /workdir/hadoop-ozone/integration-test/target/test-dir/MiniOzoneClusterImpl-deb39eb4-d2b4-453d-924d-c2b7b0ac8c4c/datanode-0/data/ratis/e52e4997-df40-461b-b979-97e8d07ccb3b has been successfully formatted.
2019-07-30 15:10:49,064 INFO  ratis.ContainerStateMachine (ContainerStateMachine.java:loadSnapshot(213)) - group-97E8D07CCB3B: The snapshot info is null. Setting the last applied indexto:(t:0, i:~)
2019-07-30 15:10:49,064 INFO  server.RaftServerConfigKeys (ConfUtils.java:logGet(43)) - raft.server.leader.election.timeout = 120s (custom)
2019-07-30 15:10:49,064 INFO  server.RaftServerConfigKeys (ConfUtils.java:logGet(43)) - raft.server.log.use.memory = false (default)
2019-07-30 15:10:49,064 INFO  server.RaftServerConfigKeys (ConfUtils.java:logGet(43)) - raft.server.log.purge.gap = 1000000000 (custom)
2019-07-30 15:10:49,065 INFO  server.RaftServerConfigKeys (ConfUtils.java:logGet(43)) - raft.server.log.appender.buffer.byte-limit = 33554432 (custom)
2019-07-30 15:10:49,065 INFO  server.RaftServerConfigKeys (ConfUtils.java:logGet(43)) - raft.server.log.segment.size.max = 1048576 (custom)
2019-07-30 15:10:49,065 INFO  server.RaftServerConfigKeys (ConfUtils.java:logGet(43)) - raft.server.log.segment.cache.num.max = 2 (custom)
2019-07-30 15:10:49,065 INFO  segmented.SegmentedRaftLogWorker (SegmentedRaftLogWorker.java:<init>(172)) - new 80a33e47-92c6-4939-ade9-ac3b601b7b20-SegmentedRaftLogWorker:Storage Directory /workdir/hadoop-ozone/integration-test/target/test-dir/MiniOzoneClusterImpl-deb39eb4-d2b4-453d-924d-c2b7b0ac8c4c/datanode-0/data/ratis/e52e4997-df40-461b-b979-97e8d07ccb3b for RaftStorage:Storage Directory /workdir/hadoop-ozone/integration-test/target/test-dir/MiniOzoneClusterImpl-deb39eb4-d2b4-453d-924d-c2b7b0ac8c4c/datanode-0/data/ratis/e52e4997-df40-461b-b979-97e8d07ccb3b
2019-07-30 15:10:49,065 INFO  server.RaftServerConfigKeys (ConfUtils.java:logGet(43)) - raft.server.log.queue.byte-limit = 2147483647 (custom)
2019-07-30 15:10:49,065 INFO  server.RaftServerConfigKeys (ConfUtils.java:logGet(43)) - raft.server.log.queue.element-limit = 1024 (custom)
2019-07-30 15:10:49,066 INFO  server.RaftServerConfigKeys (ConfUtils.java:logGet(43)) - raft.server.log.segment.size.max = 1048576 (custom)
2019-07-30 15:10:49,066 INFO  server.RaftServerConfigKeys (ConfUtils.java:logGet(43)) - raft.server.log.preallocated.size = 16384 (custom)
2019-07-30 15:10:49,066 INFO  server.RaftServerConfigKeys (ConfUtils.java:logGet(43)) - raft.server.log.write.buffer.size = 33554432 (custom)
2019-07-30 15:10:49,066 INFO  server.RaftServerConfigKeys (ConfUtils.java:logGet(43)) - raft.server.log.force.sync.num = 128 (default)
2019-07-30 15:10:49,066 INFO  server.RaftServerConfigKeys (ConfUtils.java:logGet(43)) - raft.server.log.statemachine.data.sync = true (default)
2019-07-30 15:10:49,066 INFO  server.RaftServerConfigKeys (ConfUtils.java:logGet(43)) - raft.server.log.statemachine.data.sync.timeout = 10s (default)
2019-07-30 15:10:49,067 INFO  server.RaftServerConfigKeys (ConfUtils.java:logGet(43)) - raft.server.log.statemachine.data.sync.timeout.retry = -1 (default)
2019-07-30 15:10:49,067 INFO  server.RaftServerConfigKeys (ConfUtils.java:logGet(43)) - raft.server.log.statemachine.data.caching.enabled = true (custom)
2019-07-30 15:10:49,067 INFO  segmented.SegmentedRaftLogWorker (SegmentedRaftLogWorker.java:lambda$new$0(132)) - 80a33e47-92c6-4939-ade9-ac3b601b7b20-SegmentedRaftLogWorker:Storage Directory /workdir/hadoop-ozone/integration-test/target/test-dir/MiniOzoneClusterImpl-deb39eb4-d2b4-453d-924d-c2b7b0ac8c4c/datanode-0/data/ratis/e52e4997-df40-461b-b979-97e8d07ccb3b: flushIndex: setUnconditionally 0 -> -1
2019-07-30 15:10:49,067 INFO  server.RaftServerConfigKeys (ConfUtils.java:logGet(43)) - raft.server.snapshot.auto.trigger.enabled = true (custom)
2019-07-30 15:10:49,068 INFO  server.RaftServerConfigKeys (ConfUtils.java:logGet(43)) - raft.server.snapshot.auto.trigger.threshold = 10000 (custom)
2019-07-30 15:10:49,068 INFO  server.RaftServerConfigKeys (ConfUtils.java:logGet(43)) - raft.server.retrycache.expirytime = 600000ms (custom)
2019-07-30 15:10:49,068 INFO  impl.RaftServerImpl (RaftServerImpl.java:start(180)) - 80a33e47-92c6-4939-ade9-ac3b601b7b20: start group-97E8D07CCB3B
2019-07-30 15:10:49,068 INFO  impl.RaftServerImpl (RaftServerImpl.java:setRole(171)) - 80a33e47-92c6-4939-ade9-ac3b601b7b20:group-97E8D07CCB3B changes role from null to FOLLOWER at term 0 for startAsFollower
2019-07-30 15:10:49,068 INFO  impl.RoleInfo (RoleInfo.java:updateAndGet(143)) - 80a33e47-92c6-4939-ade9-ac3b601b7b20: start FollowerState
2019-07-30 15:10:49,069 INFO  util.JmxRegister (JmxRegister.java:tryRegister(44)) - Successfully registered JMX Bean with object name Ratis:service=RaftServer,group=group-97E8D07CCB3B,id=80a33e47-92c6-4939-ade9-ac3b601b7b20
2019-07-30 15:10:49,072 INFO  pipeline.PipelineStateManager (PipelineStateManager.java:addPipeline(56)) - Created pipeline Pipeline[ Id: e52e4997-df40-461b-b979-97e8d07ccb3b, Nodes: 80a33e47-92c6-4939-ade9-ac3b601b7b20{ip: 192.168.5.170, host: byscane-nightly-xg47r-921641087, networkLocation: /default-rack, certSerialId: null}, Type:RATIS, Factor:ONE, State:OPEN]
2019-07-30 15:10:49,207 INFO  net.NetworkTopology (NetworkTopologyImpl.java:add(110)) - Added a new node: /default-rack/e5fa99ce-951d-4e55-9b5e-cd58416142a4
2019-07-30 15:10:49,208 INFO  node.SCMNodeManager (SCMNodeManager.java:register(273)) - Registered Data node : e5fa99ce-951d-4e55-9b5e-cd58416142a4{ip: 192.168.5.170, host: byscane-nightly-xg47r-921641087, networkLocation: /default-rack, certSerialId: null}
2019-07-30 15:10:49,218 INFO  impl.RaftServerProxy (RaftServerProxy.java:addNew(89)) - e5fa99ce-951d-4e55-9b5e-cd58416142a4: addNew group-FE4032B3CD7C:[e5fa99ce-951d-4e55-9b5e-cd58416142a4:192.168.5.170:36658] returns group-FE4032B3CD7C:java.util.concurrent.CompletableFuture@27800149[Not completed]
2019-07-30 15:10:49,219 INFO  impl.RaftServerImpl (RaftServerImpl.java:<init>(93)) - e5fa99ce-951d-4e55-9b5e-cd58416142a4: new RaftServerImpl for group-FE4032B3CD7C:[e5fa99ce-951d-4e55-9b5e-cd58416142a4:192.168.5.170:36658] with ContainerStateMachine:uninitialized
2019-07-30 15:10:49,219 INFO  server.RaftServerConfigKeys (ConfUtils.java:logGet(43)) - raft.server.rpc.timeout.min = 5s (custom)
2019-07-30 15:10:49,219 INFO  server.RaftServerConfigKeys (ConfUtils.java:logGet(43)) - raft.server.rpc.timeout.max = 5200ms (custom)
2019-07-30 15:10:49,219 INFO  server.RaftServerConfigKeys (ConfUtils.java:logGet(43)) - raft.server.rpcslowness.timeout = 120s (custom)
2019-07-30 15:10:49,219 INFO  server.RaftServerConfigKeys (ConfUtils.java:logGet(43)) - raft.server.sleep.deviation.threshold = 300 (default)
2019-07-30 15:10:49,219 INFO  server.RaftServerConfigKeys (ConfUtils.java:logGet(43)) - raft.server.log.appender.install.snapshot.enabled = false (custom)
2019-07-30 15:10:49,220 INFO  impl.RaftServerImpl (ServerState.java:<init>(105)) - e5fa99ce-951d-4e55-9b5e-cd58416142a4:group-FE4032B3CD7C ConfigurationManager, init=-1: [e5fa99ce-951d-4e55-9b5e-cd58416142a4:192.168.5.170:36658], old=null, confs=<EMPTY_MAP>
2019-07-30 15:10:49,220 INFO  server.RaftServerConfigKeys (ConfUtils.java:logGet(43)) - raft.server.storage.dir = [/workdir/hadoop-ozone/integration-test/target/test-dir/MiniOzoneClusterImpl-deb39eb4-d2b4-453d-924d-c2b7b0ac8c4c/datanode-1/data/ratis] (custom)
2019-07-30 15:10:49,220 INFO  storage.RaftStorageDirectory (RaftStorageDirectory.java:analyzeStorage(246)) - The storage directory /workdir/hadoop-ozone/integration-test/target/test-dir/MiniOzoneClusterImpl-deb39eb4-d2b4-453d-924d-c2b7b0ac8c4c/datanode-1/data/ratis/f3f76dd3-5ba1-446e-9e85-fe4032b3cd7c does not exist. Creating ...
2019-07-30 15:10:49,226 INFO  storage.RaftStorageDirectory (RaftStorageDirectory.java:tryLock(328)) - Lock on /workdir/hadoop-ozone/integration-test/target/test-dir/MiniOzoneClusterImpl-deb39eb4-d2b4-453d-924d-c2b7b0ac8c4c/datanode-1/data/ratis/f3f76dd3-5ba1-446e-9e85-fe4032b3cd7c/in_use.lock acquired by nodename 32735@byscane-nightly-xg47r-921641087
2019-07-30 15:10:49,237 INFO  storage.RaftStorage (RaftStorage.java:format(72)) - Storage directory /workdir/hadoop-ozone/integration-test/target/test-dir/MiniOzoneClusterImpl-deb39eb4-d2b4-453d-924d-c2b7b0ac8c4c/datanode-1/data/ratis/f3f76dd3-5ba1-446e-9e85-fe4032b3cd7c has been successfully formatted.
2019-07-30 15:10:49,237 INFO  ratis.ContainerStateMachine (ContainerStateMachine.java:loadSnapshot(213)) - group-FE4032B3CD7C: The snapshot info is null. Setting the last applied indexto:(t:0, i:~)
2019-07-30 15:10:49,237 INFO  server.RaftServerConfigKeys (ConfUtils.java:logGet(43)) - raft.server.leader.election.timeout = 120s (custom)
2019-07-30 15:10:49,238 INFO  server.RaftServerConfigKeys (ConfUtils.java:logGet(43)) - raft.server.log.use.memory = false (default)
2019-07-30 15:10:49,238 INFO  server.RaftServerConfigKeys (ConfUtils.java:logGet(43)) - raft.server.log.purge.gap = 1000000000 (custom)
2019-07-30 15:10:49,238 INFO  server.RaftServerConfigKeys (ConfUtils.java:logGet(43)) - raft.server.log.appender.buffer.byte-limit = 33554432 (custom)
2019-07-30 15:10:49,238 INFO  server.RaftServerConfigKeys (ConfUtils.java:logGet(43)) - raft.server.log.segment.size.max = 1048576 (custom)
2019-07-30 15:10:49,238 INFO  server.RaftServerConfigKeys (ConfUtils.java:logGet(43)) - raft.server.log.segment.cache.num.max = 2 (custom)
2019-07-30 15:10:49,238 INFO  segmented.SegmentedRaftLogWorker (SegmentedRaftLogWorker.java:<init>(172)) - new e5fa99ce-951d-4e55-9b5e-cd58416142a4-SegmentedRaftLogWorker:Storage Directory /workdir/hadoop-ozone/integration-test/target/test-dir/MiniOzoneClusterImpl-deb39eb4-d2b4-453d-924d-c2b7b0ac8c4c/datanode-1/data/ratis/f3f76dd3-5ba1-446e-9e85-fe4032b3cd7c for RaftStorage:Storage Directory /workdir/hadoop-ozone/integration-test/target/test-dir/MiniOzoneClusterImpl-deb39eb4-d2b4-453d-924d-c2b7b0ac8c4c/datanode-1/data/ratis/f3f76dd3-5ba1-446e-9e85-fe4032b3cd7c
2019-07-30 15:10:49,239 INFO  server.RaftServerConfigKeys (ConfUtils.java:logGet(43)) - raft.server.log.queue.byte-limit = 2147483647 (custom)
2019-07-30 15:10:49,239 INFO  server.RaftServerConfigKeys (ConfUtils.java:logGet(43)) - raft.server.log.queue.element-limit = 1024 (custom)
2019-07-30 15:10:49,239 INFO  server.RaftServerConfigKeys (ConfUtils.java:logGet(43)) - raft.server.log.segment.size.max = 1048576 (custom)
2019-07-30 15:10:49,239 INFO  server.RaftServerConfigKeys (ConfUtils.java:logGet(43)) - raft.server.log.preallocated.size = 16384 (custom)
2019-07-30 15:10:49,239 INFO  server.RaftServerConfigKeys (ConfUtils.java:logGet(43)) - raft.server.log.write.buffer.size = 33554432 (custom)
2019-07-30 15:10:49,240 INFO  server.RaftServerConfigKeys (ConfUtils.java:logGet(43)) - raft.server.log.force.sync.num = 128 (default)
2019-07-30 15:10:49,240 INFO  server.RaftServerConfigKeys (ConfUtils.java:logGet(43)) - raft.server.log.statemachine.data.sync = true (default)
2019-07-30 15:10:49,240 INFO  server.RaftServerConfigKeys (ConfUtils.java:logGet(43)) - raft.server.log.statemachine.data.sync.timeout = 10s (default)
2019-07-30 15:10:49,240 INFO  server.RaftServerConfigKeys (ConfUtils.java:logGet(43)) - raft.server.log.statemachine.data.sync.timeout.retry = -1 (default)
2019-07-30 15:10:49,240 INFO  server.RaftServerConfigKeys (ConfUtils.java:logGet(43)) - raft.server.log.statemachine.data.caching.enabled = true (custom)
2019-07-30 15:10:49,241 INFO  segmented.SegmentedRaftLogWorker (SegmentedRaftLogWorker.java:lambda$new$0(132)) - e5fa99ce-951d-4e55-9b5e-cd58416142a4-SegmentedRaftLogWorker:Storage Directory /workdir/hadoop-ozone/integration-test/target/test-dir/MiniOzoneClusterImpl-deb39eb4-d2b4-453d-924d-c2b7b0ac8c4c/datanode-1/data/ratis/f3f76dd3-5ba1-446e-9e85-fe4032b3cd7c: flushIndex: setUnconditionally 0 -> -1
2019-07-30 15:10:49,241 INFO  server.RaftServerConfigKeys (ConfUtils.java:logGet(43)) - raft.server.snapshot.auto.trigger.enabled = true (custom)
2019-07-30 15:10:49,241 INFO  server.RaftServerConfigKeys (ConfUtils.java:logGet(43)) - raft.server.snapshot.auto.trigger.threshold = 10000 (custom)
2019-07-30 15:10:49,241 INFO  server.RaftServerConfigKeys (ConfUtils.java:logGet(43)) - raft.server.retrycache.expirytime = 600000ms (custom)
2019-07-30 15:10:49,242 INFO  impl.RaftServerImpl (RaftServerImpl.java:start(180)) - e5fa99ce-951d-4e55-9b5e-cd58416142a4: start group-FE4032B3CD7C
2019-07-30 15:10:49,242 INFO  impl.RaftServerImpl (RaftServerImpl.java:setRole(171)) - e5fa99ce-951d-4e55-9b5e-cd58416142a4:group-FE4032B3CD7C changes role from null to FOLLOWER at term 0 for startAsFollower
2019-07-30 15:10:49,242 INFO  impl.RoleInfo (RoleInfo.java:updateAndGet(143)) - e5fa99ce-951d-4e55-9b5e-cd58416142a4: start FollowerState
2019-07-30 15:10:49,242 INFO  util.JmxRegister (JmxRegister.java:tryRegister(44)) - Successfully registered JMX Bean with object name Ratis:service=RaftServer,group=group-FE4032B3CD7C,id=e5fa99ce-951d-4e55-9b5e-cd58416142a4
2019-07-30 15:10:49,244 INFO  pipeline.PipelineStateManager (PipelineStateManager.java:addPipeline(56)) - Created pipeline Pipeline[ Id: f3f76dd3-5ba1-446e-9e85-fe4032b3cd7c, Nodes: e5fa99ce-951d-4e55-9b5e-cd58416142a4{ip: 192.168.5.170, host: byscane-nightly-xg47r-921641087, networkLocation: /default-rack, certSerialId: null}, Type:RATIS, Factor:ONE, State:OPEN]
2019-07-30 15:10:49,272 INFO  ozone.MiniOzoneClusterImpl (MiniOzoneClusterImpl.java:lambda$waitForClusterToBeReady$0(142)) - Waiting for cluster to be ready. Got 2 of 7 DN Heartbeats.
2019-07-30 15:10:49,405 INFO  net.NetworkTopology (NetworkTopologyImpl.java:add(110)) - Added a new node: /default-rack/8a680a7a-6242-4ac2-8c73-af55182af999
2019-07-30 15:10:49,405 INFO  node.SCMNodeManager (SCMNodeManager.java:register(273)) - Registered Data node : 8a680a7a-6242-4ac2-8c73-af55182af999{ip: 192.168.5.170, host: byscane-nightly-xg47r-921641087, networkLocation: /default-rack, certSerialId: null}
2019-07-30 15:10:49,416 INFO  impl.RaftServerProxy (RaftServerProxy.java:addNew(89)) - 8a680a7a-6242-4ac2-8c73-af55182af999: addNew group-9CA9B1DDC274:[8a680a7a-6242-4ac2-8c73-af55182af999:192.168.5.170:34331] returns group-9CA9B1DDC274:java.util.concurrent.CompletableFuture@1eaef88[Not completed]
2019-07-30 15:10:49,417 INFO  impl.RaftServerImpl (RaftServerImpl.java:<init>(93)) - 8a680a7a-6242-4ac2-8c73-af55182af999: new RaftServerImpl for group-9CA9B1DDC274:[8a680a7a-6242-4ac2-8c73-af55182af999:192.168.5.170:34331] with ContainerStateMachine:uninitialized
2019-07-30 15:10:49,417 INFO  server.RaftServerConfigKeys (ConfUtils.java:logGet(43)) - raft.server.rpc.timeout.min = 5s (custom)
2019-07-30 15:10:49,417 INFO  server.RaftServerConfigKeys (ConfUtils.java:logGet(43)) - raft.server.rpc.timeout.max = 5200ms (custom)
2019-07-30 15:10:49,418 INFO  server.RaftServerConfigKeys (ConfUtils.java:logGet(43)) - raft.server.rpcslowness.timeout = 120s (custom)
2019-07-30 15:10:49,418 INFO  server.RaftServerConfigKeys (ConfUtils.java:logGet(43)) - raft.server.sleep.deviation.threshold = 300 (default)
2019-07-30 15:10:49,418 INFO  server.RaftServerConfigKeys (ConfUtils.java:logGet(43)) - raft.server.log.appender.install.snapshot.enabled = false (custom)
2019-07-30 15:10:49,418 INFO  impl.RaftServerImpl (ServerState.java:<init>(105)) - 8a680a7a-6242-4ac2-8c73-af55182af999:group-9CA9B1DDC274 ConfigurationManager, init=-1: [8a680a7a-6242-4ac2-8c73-af55182af999:192.168.5.170:34331], old=null, confs=<EMPTY_MAP>
2019-07-30 15:10:49,418 INFO  server.RaftServerConfigKeys (ConfUtils.java:logGet(43)) - raft.server.storage.dir = [/workdir/hadoop-ozone/integration-test/target/test-dir/MiniOzoneClusterImpl-deb39eb4-d2b4-453d-924d-c2b7b0ac8c4c/datanode-2/data/ratis] (custom)
2019-07-30 15:10:49,419 INFO  storage.RaftStorageDirectory (RaftStorageDirectory.java:analyzeStorage(246)) - The storage directory /workdir/hadoop-ozone/integration-test/target/test-dir/MiniOzoneClusterImpl-deb39eb4-d2b4-453d-924d-c2b7b0ac8c4c/datanode-2/data/ratis/f395f0c5-20f5-4929-9865-9ca9b1ddc274 does not exist. Creating ...
2019-07-30 15:10:49,423 INFO  storage.RaftStorageDirectory (RaftStorageDirectory.java:tryLock(328)) - Lock on /workdir/hadoop-ozone/integration-test/target/test-dir/MiniOzoneClusterImpl-deb39eb4-d2b4-453d-924d-c2b7b0ac8c4c/datanode-2/data/ratis/f395f0c5-20f5-4929-9865-9ca9b1ddc274/in_use.lock acquired by nodename 32735@byscane-nightly-xg47r-921641087
2019-07-30 15:10:49,435 INFO  storage.RaftStorage (RaftStorage.java:format(72)) - Storage directory /workdir/hadoop-ozone/integration-test/target/test-dir/MiniOzoneClusterImpl-deb39eb4-d2b4-453d-924d-c2b7b0ac8c4c/datanode-2/data/ratis/f395f0c5-20f5-4929-9865-9ca9b1ddc274 has been successfully formatted.
2019-07-30 15:10:49,435 INFO  ratis.ContainerStateMachine (ContainerStateMachine.java:loadSnapshot(213)) - group-9CA9B1DDC274: The snapshot info is null. Setting the last applied indexto:(t:0, i:~)
2019-07-30 15:10:49,435 INFO  server.RaftServerConfigKeys (ConfUtils.java:logGet(43)) - raft.server.leader.election.timeout = 120s (custom)
2019-07-30 15:10:49,435 INFO  server.RaftServerConfigKeys (ConfUtils.java:logGet(43)) - raft.server.log.use.memory = false (default)
2019-07-30 15:10:49,435 INFO  server.RaftServerConfigKeys (ConfUtils.java:logGet(43)) - raft.server.log.purge.gap = 1000000000 (custom)
2019-07-30 15:10:49,435 INFO  server.RaftServerConfigKeys (ConfUtils.java:logGet(43)) - raft.server.log.appender.buffer.byte-limit = 33554432 (custom)
2019-07-30 15:10:49,436 INFO  server.RaftServerConfigKeys (ConfUtils.java:logGet(43)) - raft.server.log.segment.size.max = 1048576 (custom)
2019-07-30 15:10:49,436 INFO  server.RaftServerConfigKeys (ConfUtils.java:logGet(43)) - raft.server.log.segment.cache.num.max = 2 (custom)
2019-07-30 15:10:49,436 INFO  segmented.SegmentedRaftLogWorker (SegmentedRaftLogWorker.java:<init>(172)) - new 8a680a7a-6242-4ac2-8c73-af55182af999-SegmentedRaftLogWorker:Storage Directory /workdir/hadoop-ozone/integration-test/target/test-dir/MiniOzoneClusterImpl-deb39eb4-d2b4-453d-924d-c2b7b0ac8c4c/datanode-2/data/ratis/f395f0c5-20f5-4929-9865-9ca9b1ddc274 for RaftStorage:Storage Directory /workdir/hadoop-ozone/integration-test/target/test-dir/MiniOzoneClusterImpl-deb39eb4-d2b4-453d-924d-c2b7b0ac8c4c/datanode-2/data/ratis/f395f0c5-20f5-4929-9865-9ca9b1ddc274
2019-07-30 15:10:49,436 INFO  server.RaftServerConfigKeys (ConfUtils.java:logGet(43)) - raft.server.log.queue.byte-limit = 2147483647 (custom)
2019-07-30 15:10:49,436 INFO  server.RaftServerConfigKeys (ConfUtils.java:logGet(43)) - raft.server.log.queue.element-limit = 1024 (custom)
2019-07-30 15:10:49,436 INFO  server.RaftServerConfigKeys (ConfUtils.java:logGet(43)) - raft.server.log.segment.size.max = 1048576 (custom)
2019-07-30 15:10:49,437 INFO  server.RaftServerConfigKeys (ConfUtils.java:logGet(43)) - raft.server.log.preallocated.size = 16384 (custom)
2019-07-30 15:10:49,437 INFO  server.RaftServerConfigKeys (ConfUtils.java:logGet(43)) - raft.server.log.write.buffer.size = 33554432 (custom)
2019-07-30 15:10:49,437 INFO  server.RaftServerConfigKeys (ConfUtils.java:logGet(43)) - raft.server.log.force.sync.num = 128 (default)
2019-07-30 15:10:49,437 INFO  server.RaftServerConfigKeys (ConfUtils.java:logGet(43)) - raft.server.log.statemachine.data.sync = true (default)
2019-07-30 15:10:49,437 INFO  server.RaftServerConfigKeys (ConfUtils.java:logGet(43)) - raft.server.log.statemachine.data.sync.timeout = 10s (default)
2019-07-30 15:10:49,437 INFO  server.RaftServerConfigKeys (ConfUtils.java:logGet(43)) - raft.server.log.statemachine.data.sync.timeout.retry = -1 (default)
2019-07-30 15:10:49,438 INFO  server.RaftServerConfigKeys (ConfUtils.java:logGet(43)) - raft.server.log.statemachine.data.caching.enabled = true (custom)
2019-07-30 15:10:49,438 INFO  segmented.SegmentedRaftLogWorker (SegmentedRaftLogWorker.java:lambda$new$0(132)) - 8a680a7a-6242-4ac2-8c73-af55182af999-SegmentedRaftLogWorker:Storage Directory /workdir/hadoop-ozone/integration-test/target/test-dir/MiniOzoneClusterImpl-deb39eb4-d2b4-453d-924d-c2b7b0ac8c4c/datanode-2/data/ratis/f395f0c5-20f5-4929-9865-9ca9b1ddc274: flushIndex: setUnconditionally 0 -> -1
2019-07-30 15:10:49,438 INFO  server.RaftServerConfigKeys (ConfUtils.java:logGet(43)) - raft.server.snapshot.auto.trigger.enabled = true (custom)
2019-07-30 15:10:49,438 INFO  server.RaftServerConfigKeys (ConfUtils.java:logGet(43)) - raft.server.snapshot.auto.trigger.threshold = 10000 (custom)
2019-07-30 15:10:49,439 INFO  server.RaftServerConfigKeys (ConfUtils.java:logGet(43)) - raft.server.retrycache.expirytime = 600000ms (custom)
2019-07-30 15:10:49,439 INFO  impl.RaftServerImpl (RaftServerImpl.java:start(180)) - 8a680a7a-6242-4ac2-8c73-af55182af999: start group-9CA9B1DDC274
2019-07-30 15:10:49,439 INFO  impl.RaftServerImpl (RaftServerImpl.java:setRole(171)) - 8a680a7a-6242-4ac2-8c73-af55182af999:group-9CA9B1DDC274 changes role from null to FOLLOWER at term 0 for startAsFollower
2019-07-30 15:10:49,439 INFO  impl.RoleInfo (RoleInfo.java:updateAndGet(143)) - 8a680a7a-6242-4ac2-8c73-af55182af999: start FollowerState
2019-07-30 15:10:49,440 INFO  util.JmxRegister (JmxRegister.java:tryRegister(44)) - Successfully registered JMX Bean with object name Ratis:service=RaftServer,group=group-9CA9B1DDC274,id=8a680a7a-6242-4ac2-8c73-af55182af999
2019-07-30 15:10:49,442 INFO  pipeline.PipelineStateManager (PipelineStateManager.java:addPipeline(56)) - Created pipeline Pipeline[ Id: f395f0c5-20f5-4929-9865-9ca9b1ddc274, Nodes: 8a680a7a-6242-4ac2-8c73-af55182af999{ip: 192.168.5.170, host: byscane-nightly-xg47r-921641087, networkLocation: /default-rack, certSerialId: null}, Type:RATIS, Factor:ONE, State:OPEN]
2019-07-30 15:10:49,457 INFO  impl.RaftServerProxy (RaftServerProxy.java:addNew(89)) - 8a680a7a-6242-4ac2-8c73-af55182af999: addNew group-E4E3B7CAA974:[80a33e47-92c6-4939-ade9-ac3b601b7b20:192.168.5.170:46473, e5fa99ce-951d-4e55-9b5e-cd58416142a4:192.168.5.170:36658, 8a680a7a-6242-4ac2-8c73-af55182af999:192.168.5.170:34331] returns group-E4E3B7CAA974:java.util.concurrent.CompletableFuture@4b17b00a[Not completed]
2019-07-30 15:10:49,460 INFO  impl.RaftServerProxy (RaftServerProxy.java:addNew(89)) - 80a33e47-92c6-4939-ade9-ac3b601b7b20: addNew group-E4E3B7CAA974:[80a33e47-92c6-4939-ade9-ac3b601b7b20:192.168.5.170:46473, e5fa99ce-951d-4e55-9b5e-cd58416142a4:192.168.5.170:36658, 8a680a7a-6242-4ac2-8c73-af55182af999:192.168.5.170:34331] returns group-E4E3B7CAA974:java.util.concurrent.CompletableFuture@20bfcead[Not completed]
2019-07-30 15:10:49,463 INFO  impl.RaftServerProxy (RaftServerProxy.java:addNew(89)) - e5fa99ce-951d-4e55-9b5e-cd58416142a4: addNew group-E4E3B7CAA974:[80a33e47-92c6-4939-ade9-ac3b601b7b20:192.168.5.170:46473, e5fa99ce-951d-4e55-9b5e-cd58416142a4:192.168.5.170:36658, 8a680a7a-6242-4ac2-8c73-af55182af999:192.168.5.170:34331] returns group-E4E3B7CAA974:java.util.concurrent.CompletableFuture@1d57904f[Not completed]
2019-07-30 15:10:49,463 INFO  impl.RaftServerImpl (RaftServerImpl.java:<init>(93)) - 8a680a7a-6242-4ac2-8c73-af55182af999: new RaftServerImpl for group-E4E3B7CAA974:[80a33e47-92c6-4939-ade9-ac3b601b7b20:192.168.5.170:46473, e5fa99ce-951d-4e55-9b5e-cd58416142a4:192.168.5.170:36658, 8a680a7a-6242-4ac2-8c73-af55182af999:192.168.5.170:34331] with ContainerStateMachine:uninitialized
2019-07-30 15:10:49,463 INFO  server.RaftServerConfigKeys (ConfUtils.java:logGet(43)) - raft.server.rpc.timeout.min = 5s (custom)
2019-07-30 15:10:49,463 INFO  server.RaftServerConfigKeys (ConfUtils.java:logGet(43)) - raft.server.rpc.timeout.max = 5200ms (custom)
2019-07-30 15:10:49,463 INFO  impl.RaftServerImpl (RaftServerImpl.java:<init>(93)) - 80a33e47-92c6-4939-ade9-ac3b601b7b20: new RaftServerImpl for group-E4E3B7CAA974:[80a33e47-92c6-4939-ade9-ac3b601b7b20:192.168.5.170:46473, e5fa99ce-951d-4e55-9b5e-cd58416142a4:192.168.5.170:36658, 8a680a7a-6242-4ac2-8c73-af55182af999:192.168.5.170:34331] with ContainerStateMachine:uninitialized
2019-07-30 15:10:49,463 INFO  server.RaftServerConfigKeys (ConfUtils.java:logGet(43)) - raft.server.rpcslowness.timeout = 120s (custom)
2019-07-30 15:10:49,463 INFO  server.RaftServerConfigKeys (ConfUtils.java:logGet(43)) - raft.server.rpc.timeout.min = 5s (custom)
2019-07-30 15:10:49,463 INFO  impl.RaftServerImpl (RaftServerImpl.java:<init>(93)) - e5fa99ce-951d-4e55-9b5e-cd58416142a4: new RaftServerImpl for group-E4E3B7CAA974:[80a33e47-92c6-4939-ade9-ac3b601b7b20:192.168.5.170:46473, e5fa99ce-951d-4e55-9b5e-cd58416142a4:192.168.5.170:36658, 8a680a7a-6242-4ac2-8c73-af55182af999:192.168.5.170:34331] with ContainerStateMachine:uninitialized
2019-07-30 15:10:49,463 INFO  server.RaftServerConfigKeys (ConfUtils.java:logGet(43)) - raft.server.sleep.deviation.threshold = 300 (default)
2019-07-30 15:10:49,464 INFO  server.RaftServerConfigKeys (ConfUtils.java:logGet(43)) - raft.server.rpc.timeout.min = 5s (custom)
2019-07-30 15:10:49,464 INFO  server.RaftServerConfigKeys (ConfUtils.java:logGet(43)) - raft.server.rpc.timeout.max = 5200ms (custom)
2019-07-30 15:10:49,464 INFO  server.RaftServerConfigKeys (ConfUtils.java:logGet(43)) - raft.server.rpc.timeout.max = 5200ms (custom)
2019-07-30 15:10:49,464 INFO  server.RaftServerConfigKeys (ConfUtils.java:logGet(43)) - raft.server.rpcslowness.timeout = 120s (custom)
2019-07-30 15:10:49,464 INFO  server.RaftServerConfigKeys (ConfUtils.java:logGet(43)) - raft.server.log.appender.install.snapshot.enabled = false (custom)
2019-07-30 15:10:49,464 INFO  server.RaftServerConfigKeys (ConfUtils.java:logGet(43)) - raft.server.sleep.deviation.threshold = 300 (default)
2019-07-30 15:10:49,465 INFO  server.RaftServerConfigKeys (ConfUtils.java:logGet(43)) - raft.server.log.appender.install.snapshot.enabled = false (custom)
2019-07-30 15:10:49,464 INFO  server.RaftServerConfigKeys (ConfUtils.java:logGet(43)) - raft.server.rpcslowness.timeout = 120s (custom)
2019-07-30 15:10:49,465 INFO  impl.RaftServerImpl (ServerState.java:<init>(105)) - e5fa99ce-951d-4e55-9b5e-cd58416142a4:group-E4E3B7CAA974 ConfigurationManager, init=-1: [80a33e47-92c6-4939-ade9-ac3b601b7b20:192.168.5.170:46473, e5fa99ce-951d-4e55-9b5e-cd58416142a4:192.168.5.170:36658, 8a680a7a-6242-4ac2-8c73-af55182af999:192.168.5.170:34331], old=null, confs=<EMPTY_MAP>
2019-07-30 15:10:49,465 INFO  impl.RaftServerImpl (ServerState.java:<init>(105)) - 8a680a7a-6242-4ac2-8c73-af55182af999:group-E4E3B7CAA974 ConfigurationManager, init=-1: [80a33e47-92c6-4939-ade9-ac3b601b7b20:192.168.5.170:46473, e5fa99ce-951d-4e55-9b5e-cd58416142a4:192.168.5.170:36658, 8a680a7a-6242-4ac2-8c73-af55182af999:192.168.5.170:34331], old=null, confs=<EMPTY_MAP>
2019-07-30 15:10:49,465 INFO  server.RaftServerConfigKeys (ConfUtils.java:logGet(43)) - raft.server.storage.dir = [/workdir/hadoop-ozone/integration-test/target/test-dir/MiniOzoneClusterImpl-deb39eb4-d2b4-453d-924d-c2b7b0ac8c4c/datanode-1/data/ratis] (custom)
2019-07-30 15:10:49,465 INFO  server.RaftServerConfigKeys (ConfUtils.java:logGet(43)) - raft.server.sleep.deviation.threshold = 300 (default)
2019-07-30 15:10:49,465 INFO  server.RaftServerConfigKeys (ConfUtils.java:logGet(43)) - raft.server.storage.dir = [/workdir/hadoop-ozone/integration-test/target/test-dir/MiniOzoneClusterImpl-deb39eb4-d2b4-453d-924d-c2b7b0ac8c4c/datanode-2/data/ratis] (custom)
2019-07-30 15:10:49,466 INFO  storage.RaftStorageDirectory (RaftStorageDirectory.java:analyzeStorage(246)) - The storage directory /workdir/hadoop-ozone/integration-test/target/test-dir/MiniOzoneClusterImpl-deb39eb4-d2b4-453d-924d-c2b7b0ac8c4c/datanode-1/data/ratis/18635bdc-25c5-41cc-b9e3-e4e3b7caa974 does not exist. Creating ...
2019-07-30 15:10:49,466 INFO  server.RaftServerConfigKeys (ConfUtils.java:logGet(43)) - raft.server.log.appender.install.snapshot.enabled = false (custom)
2019-07-30 15:10:49,466 INFO  storage.RaftStorageDirectory (RaftStorageDirectory.java:analyzeStorage(246)) - The storage directory /workdir/hadoop-ozone/integration-test/target/test-dir/MiniOzoneClusterImpl-deb39eb4-d2b4-453d-924d-c2b7b0ac8c4c/datanode-2/data/ratis/18635bdc-25c5-41cc-b9e3-e4e3b7caa974 does not exist. Creating ...
2019-07-30 15:10:49,466 INFO  impl.RaftServerImpl (ServerState.java:<init>(105)) - 80a33e47-92c6-4939-ade9-ac3b601b7b20:group-E4E3B7CAA974 ConfigurationManager, init=-1: [80a33e47-92c6-4939-ade9-ac3b601b7b20:192.168.5.170:46473, e5fa99ce-951d-4e55-9b5e-cd58416142a4:192.168.5.170:36658, 8a680a7a-6242-4ac2-8c73-af55182af999:192.168.5.170:34331], old=null, confs=<EMPTY_MAP>
2019-07-30 15:10:49,466 INFO  server.RaftServerConfigKeys (ConfUtils.java:logGet(43)) - raft.server.storage.dir = [/workdir/hadoop-ozone/integration-test/target/test-dir/MiniOzoneClusterImpl-deb39eb4-d2b4-453d-924d-c2b7b0ac8c4c/datanode-0/data/ratis] (custom)
2019-07-30 15:10:49,467 INFO  storage.RaftStorageDirectory (RaftStorageDirectory.java:analyzeStorage(246)) - The storage directory /workdir/hadoop-ozone/integration-test/target/test-dir/MiniOzoneClusterImpl-deb39eb4-d2b4-453d-924d-c2b7b0ac8c4c/datanode-0/data/ratis/18635bdc-25c5-41cc-b9e3-e4e3b7caa974 does not exist. Creating ...
2019-07-30 15:10:49,478 INFO  storage.RaftStorageDirectory (RaftStorageDirectory.java:tryLock(328)) - Lock on /workdir/hadoop-ozone/integration-test/target/test-dir/MiniOzoneClusterImpl-deb39eb4-d2b4-453d-924d-c2b7b0ac8c4c/datanode-2/data/ratis/18635bdc-25c5-41cc-b9e3-e4e3b7caa974/in_use.lock acquired by nodename 32735@byscane-nightly-xg47r-921641087
2019-07-30 15:10:49,478 INFO  storage.RaftStorageDirectory (RaftStorageDirectory.java:tryLock(328)) - Lock on /workdir/hadoop-ozone/integration-test/target/test-dir/MiniOzoneClusterImpl-deb39eb4-d2b4-453d-924d-c2b7b0ac8c4c/datanode-1/data/ratis/18635bdc-25c5-41cc-b9e3-e4e3b7caa974/in_use.lock acquired by nodename 32735@byscane-nightly-xg47r-921641087
2019-07-30 15:10:49,478 INFO  storage.RaftStorageDirectory (RaftStorageDirectory.java:tryLock(328)) - Lock on /workdir/hadoop-ozone/integration-test/target/test-dir/MiniOzoneClusterImpl-deb39eb4-d2b4-453d-924d-c2b7b0ac8c4c/datanode-0/data/ratis/18635bdc-25c5-41cc-b9e3-e4e3b7caa974/in_use.lock acquired by nodename 32735@byscane-nightly-xg47r-921641087
2019-07-30 15:10:49,491 INFO  storage.RaftStorage (RaftStorage.java:format(72)) - Storage directory /workdir/hadoop-ozone/integration-test/target/test-dir/MiniOzoneClusterImpl-deb39eb4-d2b4-453d-924d-c2b7b0ac8c4c/datanode-2/data/ratis/18635bdc-25c5-41cc-b9e3-e4e3b7caa974 has been successfully formatted.
2019-07-30 15:10:49,491 INFO  storage.RaftStorage (RaftStorage.java:format(72)) - Storage directory /workdir/hadoop-ozone/integration-test/target/test-dir/MiniOzoneClusterImpl-deb39eb4-d2b4-453d-924d-c2b7b0ac8c4c/datanode-0/data/ratis/18635bdc-25c5-41cc-b9e3-e4e3b7caa974 has been successfully formatted.
2019-07-30 15:10:49,492 INFO  ratis.ContainerStateMachine (ContainerStateMachine.java:loadSnapshot(213)) - group-E4E3B7CAA974: The snapshot info is null. Setting the last applied indexto:(t:0, i:~)
2019-07-30 15:10:49,491 INFO  storage.RaftStorage (RaftStorage.java:format(72)) - Storage directory /workdir/hadoop-ozone/integration-test/target/test-dir/MiniOzoneClusterImpl-deb39eb4-d2b4-453d-924d-c2b7b0ac8c4c/datanode-1/data/ratis/18635bdc-25c5-41cc-b9e3-e4e3b7caa974 has been successfully formatted.
2019-07-30 15:10:49,492 INFO  server.RaftServerConfigKeys (ConfUtils.java:logGet(43)) - raft.server.leader.election.timeout = 120s (custom)
2019-07-30 15:10:49,492 INFO  ratis.ContainerStateMachine (ContainerStateMachine.java:loadSnapshot(213)) - group-E4E3B7CAA974: The snapshot info is null. Setting the last applied indexto:(t:0, i:~)
2019-07-30 15:10:49,492 INFO  server.RaftServerConfigKeys (ConfUtils.java:logGet(43)) - raft.server.log.use.memory = false (default)
2019-07-30 15:10:49,492 INFO  ratis.ContainerStateMachine (ContainerStateMachine.java:loadSnapshot(213)) - group-E4E3B7CAA974: The snapshot info is null. Setting the last applied indexto:(t:0, i:~)
2019-07-30 15:10:49,492 INFO  server.RaftServerConfigKeys (ConfUtils.java:logGet(43)) - raft.server.log.purge.gap = 1000000000 (custom)
2019-07-30 15:10:49,492 INFO  server.RaftServerConfigKeys (ConfUtils.java:logGet(43)) - raft.server.leader.election.timeout = 120s (custom)
2019-07-30 15:10:49,493 INFO  server.RaftServerConfigKeys (ConfUtils.java:logGet(43)) - raft.server.log.appender.buffer.byte-limit = 33554432 (custom)
2019-07-30 15:10:49,493 INFO  server.RaftServerConfigKeys (ConfUtils.java:logGet(43)) - raft.server.log.segment.size.max = 1048576 (custom)
2019-07-30 15:10:49,493 INFO  server.RaftServerConfigKeys (ConfUtils.java:logGet(43)) - raft.server.leader.election.timeout = 120s (custom)
2019-07-30 15:10:49,493 INFO  server.RaftServerConfigKeys (ConfUtils.java:logGet(43)) - raft.server.log.segment.cache.num.max = 2 (custom)
2019-07-30 15:10:49,493 INFO  segmented.SegmentedRaftLogWorker (SegmentedRaftLogWorker.java:<init>(172)) - new 8a680a7a-6242-4ac2-8c73-af55182af999-SegmentedRaftLogWorker:Storage Directory /workdir/hadoop-ozone/integration-test/target/test-dir/MiniOzoneClusterImpl-deb39eb4-d2b4-453d-924d-c2b7b0ac8c4c/datanode-2/data/ratis/18635bdc-25c5-41cc-b9e3-e4e3b7caa974 for RaftStorage:Storage Directory /workdir/hadoop-ozone/integration-test/target/test-dir/MiniOzoneClusterImpl-deb39eb4-d2b4-453d-924d-c2b7b0ac8c4c/datanode-2/data/ratis/18635bdc-25c5-41cc-b9e3-e4e3b7caa974
2019-07-30 15:10:49,493 INFO  server.RaftServerConfigKeys (ConfUtils.java:logGet(43)) - raft.server.log.use.memory = false (default)
2019-07-30 15:10:49,494 INFO  server.RaftServerConfigKeys (ConfUtils.java:logGet(43)) - raft.server.log.queue.byte-limit = 2147483647 (custom)
2019-07-30 15:10:49,494 INFO  server.RaftServerConfigKeys (ConfUtils.java:logGet(43)) - raft.server.log.queue.element-limit = 1024 (custom)
2019-07-30 15:10:49,493 INFO  server.RaftServerConfigKeys (ConfUtils.java:logGet(43)) - raft.server.log.use.memory = false (default)
2019-07-30 15:10:49,494 INFO  server.RaftServerConfigKeys (ConfUtils.java:logGet(43)) - raft.server.log.segment.size.max = 1048576 (custom)
2019-07-30 15:10:49,494 INFO  server.RaftServerConfigKeys (ConfUtils.java:logGet(43)) - raft.server.log.purge.gap = 1000000000 (custom)
2019-07-30 15:10:49,494 INFO  server.RaftServerConfigKeys (ConfUtils.java:logGet(43)) - raft.server.log.preallocated.size = 16384 (custom)
2019-07-30 15:10:49,495 INFO  server.RaftServerConfigKeys (ConfUtils.java:logGet(43)) - raft.server.log.write.buffer.size = 33554432 (custom)
2019-07-30 15:10:49,494 INFO  server.RaftServerConfigKeys (ConfUtils.java:logGet(43)) - raft.server.log.purge.gap = 1000000000 (custom)
2019-07-30 15:10:49,495 INFO  server.RaftServerConfigKeys (ConfUtils.java:logGet(43)) - raft.server.log.force.sync.num = 128 (default)
2019-07-30 15:10:49,495 INFO  server.RaftServerConfigKeys (ConfUtils.java:logGet(43)) - raft.server.log.statemachine.data.sync = true (default)
2019-07-30 15:10:49,495 INFO  server.RaftServerConfigKeys (ConfUtils.java:logGet(43)) - raft.server.log.appender.buffer.byte-limit = 33554432 (custom)
2019-07-30 15:10:49,495 INFO  server.RaftServerConfigKeys (ConfUtils.java:logGet(43)) - raft.server.log.statemachine.data.sync.timeout = 10s (default)
2019-07-30 15:10:49,495 INFO  server.RaftServerConfigKeys (ConfUtils.java:logGet(43)) - raft.server.log.appender.buffer.byte-limit = 33554432 (custom)
2019-07-30 15:10:49,496 INFO  server.RaftServerConfigKeys (ConfUtils.java:logGet(43)) - raft.server.log.statemachine.data.sync.timeout.retry = -1 (default)
2019-07-30 15:10:49,496 INFO  server.RaftServerConfigKeys (ConfUtils.java:logGet(43)) - raft.server.log.segment.size.max = 1048576 (custom)
2019-07-30 15:10:49,496 INFO  server.RaftServerConfigKeys (ConfUtils.java:logGet(43)) - raft.server.log.statemachine.data.caching.enabled = true (custom)
2019-07-30 15:10:49,496 INFO  server.RaftServerConfigKeys (ConfUtils.java:logGet(43)) - raft.server.log.segment.size.max = 1048576 (custom)
2019-07-30 15:10:49,496 INFO  server.RaftServerConfigKeys (ConfUtils.java:logGet(43)) - raft.server.log.segment.cache.num.max = 2 (custom)
2019-07-30 15:10:49,496 INFO  segmented.SegmentedRaftLogWorker (SegmentedRaftLogWorker.java:lambda$new$0(132)) - 8a680a7a-6242-4ac2-8c73-af55182af999-SegmentedRaftLogWorker:Storage Directory /workdir/hadoop-ozone/integration-test/target/test-dir/MiniOzoneClusterImpl-deb39eb4-d2b4-453d-924d-c2b7b0ac8c4c/datanode-2/data/ratis/18635bdc-25c5-41cc-b9e3-e4e3b7caa974: flushIndex: setUnconditionally 0 -> -1
2019-07-30 15:10:49,496 INFO  server.RaftServerConfigKeys (ConfUtils.java:logGet(43)) - raft.server.log.segment.cache.num.max = 2 (custom)
2019-07-30 15:10:49,497 INFO  segmented.SegmentedRaftLogWorker (SegmentedRaftLogWorker.java:<init>(172)) - new 80a33e47-92c6-4939-ade9-ac3b601b7b20-SegmentedRaftLogWorker:Storage Directory /workdir/hadoop-ozone/integration-test/target/test-dir/MiniOzoneClusterImpl-deb39eb4-d2b4-453d-924d-c2b7b0ac8c4c/datanode-0/data/ratis/18635bdc-25c5-41cc-b9e3-e4e3b7caa974 for RaftStorage:Storage Directory /workdir/hadoop-ozone/integration-test/target/test-dir/MiniOzoneClusterImpl-deb39eb4-d2b4-453d-924d-c2b7b0ac8c4c/datanode-0/data/ratis/18635bdc-25c5-41cc-b9e3-e4e3b7caa974
2019-07-30 15:10:49,497 INFO  server.RaftServerConfigKeys (ConfUtils.java:logGet(43)) - raft.server.snapshot.auto.trigger.enabled = true (custom)
2019-07-30 15:10:49,497 INFO  segmented.SegmentedRaftLogWorker (SegmentedRaftLogWorker.java:<init>(172)) - new e5fa99ce-951d-4e55-9b5e-cd58416142a4-SegmentedRaftLogWorker:Storage Directory /workdir/hadoop-ozone/integration-test/target/test-dir/MiniOzoneClusterImpl-deb39eb4-d2b4-453d-924d-c2b7b0ac8c4c/datanode-1/data/ratis/18635bdc-25c5-41cc-b9e3-e4e3b7caa974 for RaftStorage:Storage Directory /workdir/hadoop-ozone/integration-test/target/test-dir/MiniOzoneClusterImpl-deb39eb4-d2b4-453d-924d-c2b7b0ac8c4c/datanode-1/data/ratis/18635bdc-25c5-41cc-b9e3-e4e3b7caa974
2019-07-30 15:10:49,497 INFO  server.RaftServerConfigKeys (ConfUtils.java:logGet(43)) - raft.server.snapshot.auto.trigger.threshold = 10000 (custom)
2019-07-30 15:10:49,497 INFO  server.RaftServerConfigKeys (ConfUtils.java:logGet(43)) - raft.server.log.queue.byte-limit = 2147483647 (custom)
2019-07-30 15:10:49,498 INFO  server.RaftServerConfigKeys (ConfUtils.java:logGet(43)) - raft.server.retrycache.expirytime = 600000ms (custom)
2019-07-30 15:10:49,497 INFO  server.RaftServerConfigKeys (ConfUtils.java:logGet(43)) - raft.server.log.queue.byte-limit = 2147483647 (custom)
2019-07-30 15:10:49,498 INFO  impl.RaftServerImpl (RaftServerImpl.java:start(180)) - 8a680a7a-6242-4ac2-8c73-af55182af999: start group-E4E3B7CAA974
2019-07-30 15:10:49,498 INFO  server.RaftServerConfigKeys (ConfUtils.java:logGet(43)) - raft.server.log.queue.element-limit = 1024 (custom)
2019-07-30 15:10:49,498 INFO  impl.RaftServerImpl (RaftServerImpl.java:setRole(171)) - 8a680a7a-6242-4ac2-8c73-af55182af999:group-E4E3B7CAA974 changes role from null to FOLLOWER at term 0 for startAsFollower
2019-07-30 15:10:49,498 INFO  server.RaftServerConfigKeys (ConfUtils.java:logGet(43)) - raft.server.log.queue.element-limit = 1024 (custom)
2019-07-30 15:10:49,498 INFO  impl.RoleInfo (RoleInfo.java:updateAndGet(143)) - 8a680a7a-6242-4ac2-8c73-af55182af999: start FollowerState
2019-07-30 15:10:49,498 INFO  server.RaftServerConfigKeys (ConfUtils.java:logGet(43)) - raft.server.log.segment.size.max = 1048576 (custom)
2019-07-30 15:10:49,499 INFO  server.RaftServerConfigKeys (ConfUtils.java:logGet(43)) - raft.server.log.segment.size.max = 1048576 (custom)
2019-07-30 15:10:49,499 INFO  server.RaftServerConfigKeys (ConfUtils.java:logGet(43)) - raft.server.log.preallocated.size = 16384 (custom)
2019-07-30 15:10:49,499 INFO  server.RaftServerConfigKeys (ConfUtils.java:logGet(43)) - raft.server.log.preallocated.size = 16384 (custom)
2019-07-30 15:10:49,499 INFO  util.JmxRegister (JmxRegister.java:tryRegister(44)) - Successfully registered JMX Bean with object name Ratis:service=RaftServer,group=group-E4E3B7CAA974,id=8a680a7a-6242-4ac2-8c73-af55182af999
2019-07-30 15:10:49,499 INFO  server.RaftServerConfigKeys (ConfUtils.java:logGet(43)) - raft.server.log.write.buffer.size = 33554432 (custom)
2019-07-30 15:10:49,499 INFO  server.RaftServerConfigKeys (ConfUtils.java:logGet(43)) - raft.server.log.write.buffer.size = 33554432 (custom)
2019-07-30 15:10:49,500 INFO  server.RaftServerConfigKeys (ConfUtils.java:logGet(43)) - raft.server.log.force.sync.num = 128 (default)
2019-07-30 15:10:49,500 INFO  server.RaftServerConfigKeys (ConfUtils.java:logGet(43)) - raft.server.log.force.sync.num = 128 (default)
2019-07-30 15:10:49,500 INFO  server.RaftServerConfigKeys (ConfUtils.java:logGet(43)) - raft.server.log.statemachine.data.sync = true (default)
2019-07-30 15:10:49,500 INFO  server.RaftServerConfigKeys (ConfUtils.java:logGet(43)) - raft.server.log.statemachine.data.sync = true (default)
2019-07-30 15:10:49,500 INFO  server.RaftServerConfigKeys (ConfUtils.java:logGet(43)) - raft.server.log.statemachine.data.sync.timeout = 10s (default)
2019-07-30 15:10:49,500 INFO  server.RaftServerConfigKeys (ConfUtils.java:logGet(43)) - raft.server.log.statemachine.data.sync.timeout = 10s (default)
2019-07-30 15:10:49,501 INFO  server.RaftServerConfigKeys (ConfUtils.java:logGet(43)) - raft.server.log.statemachine.data.sync.timeout.retry = -1 (default)
2019-07-30 15:10:49,501 INFO  server.RaftServerConfigKeys (ConfUtils.java:logGet(43)) - raft.server.log.statemachine.data.sync.timeout.retry = -1 (default)
2019-07-30 15:10:49,501 INFO  server.RaftServerConfigKeys (ConfUtils.java:logGet(43)) - raft.server.log.statemachine.data.caching.enabled = true (custom)
2019-07-30 15:10:49,501 INFO  server.RaftServerConfigKeys (ConfUtils.java:logGet(43)) - raft.server.log.statemachine.data.caching.enabled = true (custom)
2019-07-30 15:10:49,501 INFO  segmented.SegmentedRaftLogWorker (SegmentedRaftLogWorker.java:lambda$new$0(132)) - e5fa99ce-951d-4e55-9b5e-cd58416142a4-SegmentedRaftLogWorker:Storage Directory /workdir/hadoop-ozone/integration-test/target/test-dir/MiniOzoneClusterImpl-deb39eb4-d2b4-453d-924d-c2b7b0ac8c4c/datanode-1/data/ratis/18635bdc-25c5-41cc-b9e3-e4e3b7caa974: flushIndex: setUnconditionally 0 -> -1
2019-07-30 15:10:49,502 INFO  segmented.SegmentedRaftLogWorker (SegmentedRaftLogWorker.java:lambda$new$0(132)) - 80a33e47-92c6-4939-ade9-ac3b601b7b20-SegmentedRaftLogWorker:Storage Directory /workdir/hadoop-ozone/integration-test/target/test-dir/MiniOzoneClusterImpl-deb39eb4-d2b4-453d-924d-c2b7b0ac8c4c/datanode-0/data/ratis/18635bdc-25c5-41cc-b9e3-e4e3b7caa974: flushIndex: setUnconditionally 0 -> -1
2019-07-30 15:10:49,502 INFO  server.RaftServerConfigKeys (ConfUtils.java:logGet(43)) - raft.server.snapshot.auto.trigger.enabled = true (custom)
2019-07-30 15:10:49,502 INFO  server.RaftServerConfigKeys (ConfUtils.java:logGet(43)) - raft.server.snapshot.auto.trigger.threshold = 10000 (custom)
2019-07-30 15:10:49,502 INFO  server.RaftServerConfigKeys (ConfUtils.java:logGet(43)) - raft.server.snapshot.auto.trigger.enabled = true (custom)
2019-07-30 15:10:49,502 INFO  server.RaftServerConfigKeys (ConfUtils.java:logGet(43)) - raft.server.retrycache.expirytime = 600000ms (custom)
2019-07-30 15:10:49,502 INFO  server.RaftServerConfigKeys (ConfUtils.java:logGet(43)) - raft.server.snapshot.auto.trigger.threshold = 10000 (custom)
2019-07-30 15:10:49,502 INFO  impl.RaftServerImpl (RaftServerImpl.java:start(180)) - e5fa99ce-951d-4e55-9b5e-cd58416142a4: start group-E4E3B7CAA974
2019-07-30 15:10:49,503 INFO  server.RaftServerConfigKeys (ConfUtils.java:logGet(43)) - raft.server.retrycache.expirytime = 600000ms (custom)
2019-07-30 15:10:49,503 INFO  impl.RaftServerImpl (RaftServerImpl.java:setRole(171)) - e5fa99ce-951d-4e55-9b5e-cd58416142a4:group-E4E3B7CAA974 changes role from null to FOLLOWER at term 0 for startAsFollower
2019-07-30 15:10:49,503 INFO  impl.RaftServerImpl (RaftServerImpl.java:start(180)) - 80a33e47-92c6-4939-ade9-ac3b601b7b20: start group-E4E3B7CAA974
2019-07-30 15:10:49,503 INFO  impl.RoleInfo (RoleInfo.java:updateAndGet(143)) - e5fa99ce-951d-4e55-9b5e-cd58416142a4: start FollowerState
2019-07-30 15:10:49,503 INFO  impl.RaftServerImpl (RaftServerImpl.java:setRole(171)) - 80a33e47-92c6-4939-ade9-ac3b601b7b20:group-E4E3B7CAA974 changes role from null to FOLLOWER at term 0 for startAsFollower
2019-07-30 15:10:49,503 INFO  impl.RoleInfo (RoleInfo.java:updateAndGet(143)) - 80a33e47-92c6-4939-ade9-ac3b601b7b20: start FollowerState
2019-07-30 15:10:49,503 INFO  util.JmxRegister (JmxRegister.java:tryRegister(44)) - Successfully registered JMX Bean with object name Ratis:service=RaftServer,group=group-E4E3B7CAA974,id=e5fa99ce-951d-4e55-9b5e-cd58416142a4
2019-07-30 15:10:49,504 INFO  util.JmxRegister (JmxRegister.java:tryRegister(44)) - Successfully registered JMX Bean with object name Ratis:service=RaftServer,group=group-E4E3B7CAA974,id=80a33e47-92c6-4939-ade9-ac3b601b7b20
2019-07-30 15:10:49,506 INFO  pipeline.PipelineStateManager (PipelineStateManager.java:addPipeline(56)) - Created pipeline Pipeline[ Id: 18635bdc-25c5-41cc-b9e3-e4e3b7caa974, Nodes: 80a33e47-92c6-4939-ade9-ac3b601b7b20{ip: 192.168.5.170, host: byscane-nightly-xg47r-921641087, networkLocation: /default-rack, certSerialId: null}8a680a7a-6242-4ac2-8c73-af55182af999{ip: 192.168.5.170, host: byscane-nightly-xg47r-921641087, networkLocation: /default-rack, certSerialId: null}e5fa99ce-951d-4e55-9b5e-cd58416142a4{ip: 192.168.5.170, host: byscane-nightly-xg47r-921641087, networkLocation: /default-rack, certSerialId: null}, Type:RATIS, Factor:THREE, State:OPEN]
2019-07-30 15:10:49,567 INFO  net.NetworkTopology (NetworkTopologyImpl.java:add(110)) - Added a new node: /default-rack/e6f7e345-2310-405e-81e0-5b298fa4eba6
2019-07-30 15:10:49,567 INFO  node.SCMNodeManager (SCMNodeManager.java:register(273)) - Registered Data node : e6f7e345-2310-405e-81e0-5b298fa4eba6{ip: 192.168.5.170, host: byscane-nightly-xg47r-921641087, networkLocation: /default-rack, certSerialId: null}
2019-07-30 15:10:49,595 INFO  impl.RaftServerProxy (RaftServerProxy.java:addNew(89)) - e6f7e345-2310-405e-81e0-5b298fa4eba6: addNew group-7073520585FA:[e6f7e345-2310-405e-81e0-5b298fa4eba6:192.168.5.170:39126] returns group-7073520585FA:java.util.concurrent.CompletableFuture@52fa38fa[Not completed]
2019-07-30 15:10:49,596 INFO  impl.RaftServerImpl (RaftServerImpl.java:<init>(93)) - e6f7e345-2310-405e-81e0-5b298fa4eba6: new RaftServerImpl for group-7073520585FA:[e6f7e345-2310-405e-81e0-5b298fa4eba6:192.168.5.170:39126] with ContainerStateMachine:uninitialized
2019-07-30 15:10:49,596 INFO  server.RaftServerConfigKeys (ConfUtils.java:logGet(43)) - raft.server.rpc.timeout.min = 5s (custom)
2019-07-30 15:10:49,597 INFO  server.RaftServerConfigKeys (ConfUtils.java:logGet(43)) - raft.server.rpc.timeout.max = 5200ms (custom)
2019-07-30 15:10:49,597 INFO  server.RaftServerConfigKeys (ConfUtils.java:logGet(43)) - raft.server.rpcslowness.timeout = 120s (custom)
2019-07-30 15:10:49,597 INFO  server.RaftServerConfigKeys (ConfUtils.java:logGet(43)) - raft.server.sleep.deviation.threshold = 300 (default)
2019-07-30 15:10:49,597 INFO  server.RaftServerConfigKeys (ConfUtils.java:logGet(43)) - raft.server.log.appender.install.snapshot.enabled = false (custom)
2019-07-30 15:10:49,597 INFO  impl.RaftServerImpl (ServerState.java:<init>(105)) - e6f7e345-2310-405e-81e0-5b298fa4eba6:group-7073520585FA ConfigurationManager, init=-1: [e6f7e345-2310-405e-81e0-5b298fa4eba6:192.168.5.170:39126], old=null, confs=<EMPTY_MAP>
2019-07-30 15:10:49,597 INFO  server.RaftServerConfigKeys (ConfUtils.java:logGet(43)) - raft.server.storage.dir = [/workdir/hadoop-ozone/integration-test/target/test-dir/MiniOzoneClusterImpl-deb39eb4-d2b4-453d-924d-c2b7b0ac8c4c/datanode-3/data/ratis] (custom)
2019-07-30 15:10:49,598 INFO  storage.RaftStorageDirectory (RaftStorageDirectory.java:analyzeStorage(246)) - The storage directory /workdir/hadoop-ozone/integration-test/target/test-dir/MiniOzoneClusterImpl-deb39eb4-d2b4-453d-924d-c2b7b0ac8c4c/datanode-3/data/ratis/c7322f07-7302-4799-a1ec-7073520585fa does not exist. Creating ...
2019-07-30 15:10:49,603 INFO  storage.RaftStorageDirectory (RaftStorageDirectory.java:tryLock(328)) - Lock on /workdir/hadoop-ozone/integration-test/target/test-dir/MiniOzoneClusterImpl-deb39eb4-d2b4-453d-924d-c2b7b0ac8c4c/datanode-3/data/ratis/c7322f07-7302-4799-a1ec-7073520585fa/in_use.lock acquired by nodename 32735@byscane-nightly-xg47r-921641087
2019-07-30 15:10:49,614 INFO  storage.RaftStorage (RaftStorage.java:format(72)) - Storage directory /workdir/hadoop-ozone/integration-test/target/test-dir/MiniOzoneClusterImpl-deb39eb4-d2b4-453d-924d-c2b7b0ac8c4c/datanode-3/data/ratis/c7322f07-7302-4799-a1ec-7073520585fa has been successfully formatted.
2019-07-30 15:10:49,614 INFO  ratis.ContainerStateMachine (ContainerStateMachine.java:loadSnapshot(213)) - group-7073520585FA: The snapshot info is null. Setting the last applied indexto:(t:0, i:~)
2019-07-30 15:10:49,614 INFO  server.RaftServerConfigKeys (ConfUtils.java:logGet(43)) - raft.server.leader.election.timeout = 120s (custom)
2019-07-30 15:10:49,614 INFO  server.RaftServerConfigKeys (ConfUtils.java:logGet(43)) - raft.server.log.use.memory = false (default)
2019-07-30 15:10:49,615 INFO  server.RaftServerConfigKeys (ConfUtils.java:logGet(43)) - raft.server.log.purge.gap = 1000000000 (custom)
2019-07-30 15:10:49,615 INFO  server.RaftServerConfigKeys (ConfUtils.java:logGet(43)) - raft.server.log.appender.buffer.byte-limit = 33554432 (custom)
2019-07-30 15:10:49,615 INFO  server.RaftServerConfigKeys (ConfUtils.java:logGet(43)) - raft.server.log.segment.size.max = 1048576 (custom)
2019-07-30 15:10:49,615 INFO  server.RaftServerConfigKeys (ConfUtils.java:logGet(43)) - raft.server.log.segment.cache.num.max = 2 (custom)
2019-07-30 15:10:49,615 INFO  segmented.SegmentedRaftLogWorker (SegmentedRaftLogWorker.java:<init>(172)) - new e6f7e345-2310-405e-81e0-5b298fa4eba6-SegmentedRaftLogWorker:Storage Directory /workdir/hadoop-ozone/integration-test/target/test-dir/MiniOzoneClusterImpl-deb39eb4-d2b4-453d-924d-c2b7b0ac8c4c/datanode-3/data/ratis/c7322f07-7302-4799-a1ec-7073520585fa for RaftStorage:Storage Directory /workdir/hadoop-ozone/integration-test/target/test-dir/MiniOzoneClusterImpl-deb39eb4-d2b4-453d-924d-c2b7b0ac8c4c/datanode-3/data/ratis/c7322f07-7302-4799-a1ec-7073520585fa
2019-07-30 15:10:49,615 INFO  server.RaftServerConfigKeys (ConfUtils.java:logGet(43)) - raft.server.log.queue.byte-limit = 2147483647 (custom)
2019-07-30 15:10:49,616 INFO  server.RaftServerConfigKeys (ConfUtils.java:logGet(43)) - raft.server.log.queue.element-limit = 1024 (custom)
2019-07-30 15:10:49,616 INFO  server.RaftServerConfigKeys (ConfUtils.java:logGet(43)) - raft.server.log.segment.size.max = 1048576 (custom)
2019-07-30 15:10:49,616 INFO  server.RaftServerConfigKeys (ConfUtils.java:logGet(43)) - raft.server.log.preallocated.size = 16384 (custom)
2019-07-30 15:10:49,616 INFO  server.RaftServerConfigKeys (ConfUtils.java:logGet(43)) - raft.server.log.write.buffer.size = 33554432 (custom)
2019-07-30 15:10:49,616 INFO  server.RaftServerConfigKeys (ConfUtils.java:logGet(43)) - raft.server.log.force.sync.num = 128 (default)
2019-07-30 15:10:49,616 INFO  server.RaftServerConfigKeys (ConfUtils.java:logGet(43)) - raft.server.log.statemachine.data.sync = true (default)
2019-07-30 15:10:49,617 INFO  server.RaftServerConfigKeys (ConfUtils.java:logGet(43)) - raft.server.log.statemachine.data.sync.timeout = 10s (default)
2019-07-30 15:10:49,617 INFO  server.RaftServerConfigKeys (ConfUtils.java:logGet(43)) - raft.server.log.statemachine.data.sync.timeout.retry = -1 (default)
2019-07-30 15:10:49,617 INFO  server.RaftServerConfigKeys (ConfUtils.java:logGet(43)) - raft.server.log.statemachine.data.caching.enabled = true (custom)
2019-07-30 15:10:49,617 INFO  segmented.SegmentedRaftLogWorker (SegmentedRaftLogWorker.java:lambda$new$0(132)) - e6f7e345-2310-405e-81e0-5b298fa4eba6-SegmentedRaftLogWorker:Storage Directory /workdir/hadoop-ozone/integration-test/target/test-dir/MiniOzoneClusterImpl-deb39eb4-d2b4-453d-924d-c2b7b0ac8c4c/datanode-3/data/ratis/c7322f07-7302-4799-a1ec-7073520585fa: flushIndex: setUnconditionally 0 -> -1
2019-07-30 15:10:49,618 INFO  server.RaftServerConfigKeys (ConfUtils.java:logGet(43)) - raft.server.snapshot.auto.trigger.enabled = true (custom)
2019-07-30 15:10:49,618 INFO  server.RaftServerConfigKeys (ConfUtils.java:logGet(43)) - raft.server.snapshot.auto.trigger.threshold = 10000 (custom)
2019-07-30 15:10:49,618 INFO  server.RaftServerConfigKeys (ConfUtils.java:logGet(43)) - raft.server.retrycache.expirytime = 600000ms (custom)
2019-07-30 15:10:49,618 INFO  impl.RaftServerImpl (RaftServerImpl.java:start(180)) - e6f7e345-2310-405e-81e0-5b298fa4eba6: start group-7073520585FA
2019-07-30 15:10:49,618 INFO  impl.RaftServerImpl (RaftServerImpl.java:setRole(171)) - e6f7e345-2310-405e-81e0-5b298fa4eba6:group-7073520585FA changes role from null to FOLLOWER at term 0 for startAsFollower
2019-07-30 15:10:49,619 INFO  impl.RoleInfo (RoleInfo.java:updateAndGet(143)) - e6f7e345-2310-405e-81e0-5b298fa4eba6: start FollowerState
2019-07-30 15:10:49,619 INFO  util.JmxRegister (JmxRegister.java:tryRegister(44)) - Successfully registered JMX Bean with object name Ratis:service=RaftServer,group=group-7073520585FA,id=e6f7e345-2310-405e-81e0-5b298fa4eba6
2019-07-30 15:10:49,621 INFO  pipeline.PipelineStateManager (PipelineStateManager.java:addPipeline(56)) - Created pipeline Pipeline[ Id: c7322f07-7302-4799-a1ec-7073520585fa, Nodes: e6f7e345-2310-405e-81e0-5b298fa4eba6{ip: 192.168.5.170, host: byscane-nightly-xg47r-921641087, networkLocation: /default-rack, certSerialId: null}, Type:RATIS, Factor:ONE, State:OPEN]
2019-07-30 15:10:49,934 INFO  net.NetworkTopology (NetworkTopologyImpl.java:add(110)) - Added a new node: /default-rack/b13d115d-b1b7-4a42-93a0-c105386ccce1
2019-07-30 15:10:49,934 INFO  node.SCMNodeManager (SCMNodeManager.java:register(273)) - Registered Data node : b13d115d-b1b7-4a42-93a0-c105386ccce1{ip: 192.168.5.170, host: byscane-nightly-xg47r-921641087, networkLocation: /default-rack, certSerialId: null}
2019-07-30 15:10:49,943 INFO  impl.RaftServerProxy (RaftServerProxy.java:addNew(89)) - b13d115d-b1b7-4a42-93a0-c105386ccce1: addNew group-57AB95A8BE93:[b13d115d-b1b7-4a42-93a0-c105386ccce1:192.168.5.170:40183] returns group-57AB95A8BE93:java.util.concurrent.CompletableFuture@5e20d0e1[Not completed]
2019-07-30 15:10:49,944 INFO  impl.RaftServerImpl (RaftServerImpl.java:<init>(93)) - b13d115d-b1b7-4a42-93a0-c105386ccce1: new RaftServerImpl for group-57AB95A8BE93:[b13d115d-b1b7-4a42-93a0-c105386ccce1:192.168.5.170:40183] with ContainerStateMachine:uninitialized
2019-07-30 15:10:49,945 INFO  server.RaftServerConfigKeys (ConfUtils.java:logGet(43)) - raft.server.rpc.timeout.min = 5s (custom)
2019-07-30 15:10:49,945 INFO  server.RaftServerConfigKeys (ConfUtils.java:logGet(43)) - raft.server.rpc.timeout.max = 5200ms (custom)
2019-07-30 15:10:49,945 INFO  server.RaftServerConfigKeys (ConfUtils.java:logGet(43)) - raft.server.rpcslowness.timeout = 120s (custom)
2019-07-30 15:10:49,945 INFO  server.RaftServerConfigKeys (ConfUtils.java:logGet(43)) - raft.server.sleep.deviation.threshold = 300 (default)
2019-07-30 15:10:49,945 INFO  server.RaftServerConfigKeys (ConfUtils.java:logGet(43)) - raft.server.log.appender.install.snapshot.enabled = false (custom)
2019-07-30 15:10:49,945 INFO  impl.RaftServerImpl (ServerState.java:<init>(105)) - b13d115d-b1b7-4a42-93a0-c105386ccce1:group-57AB95A8BE93 ConfigurationManager, init=-1: [b13d115d-b1b7-4a42-93a0-c105386ccce1:192.168.5.170:40183], old=null, confs=<EMPTY_MAP>
2019-07-30 15:10:49,946 INFO  server.RaftServerConfigKeys (ConfUtils.java:logGet(43)) - raft.server.storage.dir = [/workdir/hadoop-ozone/integration-test/target/test-dir/MiniOzoneClusterImpl-deb39eb4-d2b4-453d-924d-c2b7b0ac8c4c/datanode-4/data/ratis] (custom)
2019-07-30 15:10:49,946 INFO  storage.RaftStorageDirectory (RaftStorageDirectory.java:analyzeStorage(246)) - The storage directory /workdir/hadoop-ozone/integration-test/target/test-dir/MiniOzoneClusterImpl-deb39eb4-d2b4-453d-924d-c2b7b0ac8c4c/datanode-4/data/ratis/ce858553-d13e-4f8d-a4e9-57ab95a8be93 does not exist. Creating ...
2019-07-30 15:10:49,952 INFO  storage.RaftStorageDirectory (RaftStorageDirectory.java:tryLock(328)) - Lock on /workdir/hadoop-ozone/integration-test/target/test-dir/MiniOzoneClusterImpl-deb39eb4-d2b4-453d-924d-c2b7b0ac8c4c/datanode-4/data/ratis/ce858553-d13e-4f8d-a4e9-57ab95a8be93/in_use.lock acquired by nodename 32735@byscane-nightly-xg47r-921641087
2019-07-30 15:10:49,964 INFO  storage.RaftStorage (RaftStorage.java:format(72)) - Storage directory /workdir/hadoop-ozone/integration-test/target/test-dir/MiniOzoneClusterImpl-deb39eb4-d2b4-453d-924d-c2b7b0ac8c4c/datanode-4/data/ratis/ce858553-d13e-4f8d-a4e9-57ab95a8be93 has been successfully formatted.
2019-07-30 15:10:49,964 INFO  ratis.ContainerStateMachine (ContainerStateMachine.java:loadSnapshot(213)) - group-57AB95A8BE93: The snapshot info is null. Setting the last applied indexto:(t:0, i:~)
2019-07-30 15:10:49,964 INFO  server.RaftServerConfigKeys (ConfUtils.java:logGet(43)) - raft.server.leader.election.timeout = 120s (custom)
2019-07-30 15:10:49,964 INFO  server.RaftServerConfigKeys (ConfUtils.java:logGet(43)) - raft.server.log.use.memory = false (default)
2019-07-30 15:10:49,964 INFO  server.RaftServerConfigKeys (ConfUtils.java:logGet(43)) - raft.server.log.purge.gap = 1000000000 (custom)
2019-07-30 15:10:49,965 INFO  server.RaftServerConfigKeys (ConfUtils.java:logGet(43)) - raft.server.log.appender.buffer.byte-limit = 33554432 (custom)
2019-07-30 15:10:49,965 INFO  server.RaftServerConfigKeys (ConfUtils.java:logGet(43)) - raft.server.log.segment.size.max = 1048576 (custom)
2019-07-30 15:10:49,965 INFO  server.RaftServerConfigKeys (ConfUtils.java:logGet(43)) - raft.server.log.segment.cache.num.max = 2 (custom)
2019-07-30 15:10:49,965 INFO  segmented.SegmentedRaftLogWorker (SegmentedRaftLogWorker.java:<init>(172)) - new b13d115d-b1b7-4a42-93a0-c105386ccce1-SegmentedRaftLogWorker:Storage Directory /workdir/hadoop-ozone/integration-test/target/test-dir/MiniOzoneClusterImpl-deb39eb4-d2b4-453d-924d-c2b7b0ac8c4c/datanode-4/data/ratis/ce858553-d13e-4f8d-a4e9-57ab95a8be93 for RaftStorage:Storage Directory /workdir/hadoop-ozone/integration-test/target/test-dir/MiniOzoneClusterImpl-deb39eb4-d2b4-453d-924d-c2b7b0ac8c4c/datanode-4/data/ratis/ce858553-d13e-4f8d-a4e9-57ab95a8be93
2019-07-30 15:10:49,965 INFO  server.RaftServerConfigKeys (ConfUtils.java:logGet(43)) - raft.server.log.queue.byte-limit = 2147483647 (custom)
2019-07-30 15:10:49,965 INFO  server.RaftServerConfigKeys (ConfUtils.java:logGet(43)) - raft.server.log.queue.element-limit = 1024 (custom)
2019-07-30 15:10:49,966 INFO  server.RaftServerConfigKeys (ConfUtils.java:logGet(43)) - raft.server.log.segment.size.max = 1048576 (custom)
2019-07-30 15:10:49,966 INFO  server.RaftServerConfigKeys (ConfUtils.java:logGet(43)) - raft.server.log.preallocated.size = 16384 (custom)
2019-07-30 15:10:49,966 INFO  server.RaftServerConfigKeys (ConfUtils.java:logGet(43)) - raft.server.log.write.buffer.size = 33554432 (custom)
2019-07-30 15:10:49,966 INFO  server.RaftServerConfigKeys (ConfUtils.java:logGet(43)) - raft.server.log.force.sync.num = 128 (default)
2019-07-30 15:10:49,966 INFO  server.RaftServerConfigKeys (ConfUtils.java:logGet(43)) - raft.server.log.statemachine.data.sync = true (default)
2019-07-30 15:10:49,966 INFO  server.RaftServerConfigKeys (ConfUtils.java:logGet(43)) - raft.server.log.statemachine.data.sync.timeout = 10s (default)
2019-07-30 15:10:49,967 INFO  server.RaftServerConfigKeys (ConfUtils.java:logGet(43)) - raft.server.log.statemachine.data.sync.timeout.retry = -1 (default)
2019-07-30 15:10:49,967 INFO  server.RaftServerConfigKeys (ConfUtils.java:logGet(43)) - raft.server.log.statemachine.data.caching.enabled = true (custom)
2019-07-30 15:10:49,967 INFO  segmented.SegmentedRaftLogWorker (SegmentedRaftLogWorker.java:lambda$new$0(132)) - b13d115d-b1b7-4a42-93a0-c105386ccce1-SegmentedRaftLogWorker:Storage Directory /workdir/hadoop-ozone/integration-test/target/test-dir/MiniOzoneClusterImpl-deb39eb4-d2b4-453d-924d-c2b7b0ac8c4c/datanode-4/data/ratis/ce858553-d13e-4f8d-a4e9-57ab95a8be93: flushIndex: setUnconditionally 0 -> -1
2019-07-30 15:10:49,968 INFO  server.RaftServerConfigKeys (ConfUtils.java:logGet(43)) - raft.server.snapshot.auto.trigger.enabled = true (custom)
2019-07-30 15:10:49,968 INFO  server.RaftServerConfigKeys (ConfUtils.java:logGet(43)) - raft.server.snapshot.auto.trigger.threshold = 10000 (custom)
2019-07-30 15:10:49,968 INFO  server.RaftServerConfigKeys (ConfUtils.java:logGet(43)) - raft.server.retrycache.expirytime = 600000ms (custom)
2019-07-30 15:10:49,968 INFO  impl.RaftServerImpl (RaftServerImpl.java:start(180)) - b13d115d-b1b7-4a42-93a0-c105386ccce1: start group-57AB95A8BE93
2019-07-30 15:10:49,968 INFO  impl.RaftServerImpl (RaftServerImpl.java:setRole(171)) - b13d115d-b1b7-4a42-93a0-c105386ccce1:group-57AB95A8BE93 changes role from null to FOLLOWER at term 0 for startAsFollower
2019-07-30 15:10:49,968 INFO  impl.RoleInfo (RoleInfo.java:updateAndGet(143)) - b13d115d-b1b7-4a42-93a0-c105386ccce1: start FollowerState
2019-07-30 15:10:49,969 INFO  util.JmxRegister (JmxRegister.java:tryRegister(44)) - Successfully registered JMX Bean with object name Ratis:service=RaftServer,group=group-57AB95A8BE93,id=b13d115d-b1b7-4a42-93a0-c105386ccce1
2019-07-30 15:10:49,971 INFO  pipeline.PipelineStateManager (PipelineStateManager.java:addPipeline(56)) - Created pipeline Pipeline[ Id: ce858553-d13e-4f8d-a4e9-57ab95a8be93, Nodes: b13d115d-b1b7-4a42-93a0-c105386ccce1{ip: 192.168.5.170, host: byscane-nightly-xg47r-921641087, networkLocation: /default-rack, certSerialId: null}, Type:RATIS, Factor:ONE, State:OPEN]
2019-07-30 15:10:50,110 INFO  net.NetworkTopology (NetworkTopologyImpl.java:add(110)) - Added a new node: /default-rack/c591fbe9-ed50-49f5-8e7a-b9ddc7582314
2019-07-30 15:10:50,111 INFO  node.SCMNodeManager (SCMNodeManager.java:register(273)) - Registered Data node : c591fbe9-ed50-49f5-8e7a-b9ddc7582314{ip: 192.168.5.170, host: byscane-nightly-xg47r-921641087, networkLocation: /default-rack, certSerialId: null}
2019-07-30 15:10:50,123 INFO  impl.RaftServerProxy (RaftServerProxy.java:addNew(89)) - c591fbe9-ed50-49f5-8e7a-b9ddc7582314: addNew group-AFF70AB04A45:[c591fbe9-ed50-49f5-8e7a-b9ddc7582314:192.168.5.170:45772] returns group-AFF70AB04A45:java.util.concurrent.CompletableFuture@349d2b36[Not completed]
2019-07-30 15:10:50,124 INFO  impl.RaftServerImpl (RaftServerImpl.java:<init>(93)) - c591fbe9-ed50-49f5-8e7a-b9ddc7582314: new RaftServerImpl for group-AFF70AB04A45:[c591fbe9-ed50-49f5-8e7a-b9ddc7582314:192.168.5.170:45772] with ContainerStateMachine:uninitialized
2019-07-30 15:10:50,124 INFO  server.RaftServerConfigKeys (ConfUtils.java:logGet(43)) - raft.server.rpc.timeout.min = 5s (custom)
2019-07-30 15:10:50,124 INFO  server.RaftServerConfigKeys (ConfUtils.java:logGet(43)) - raft.server.rpc.timeout.max = 5200ms (custom)
2019-07-30 15:10:50,124 INFO  server.RaftServerConfigKeys (ConfUtils.java:logGet(43)) - raft.server.rpcslowness.timeout = 120s (custom)
2019-07-30 15:10:50,124 INFO  server.RaftServerConfigKeys (ConfUtils.java:logGet(43)) - raft.server.sleep.deviation.threshold = 300 (default)
2019-07-30 15:10:50,124 INFO  server.RaftServerConfigKeys (ConfUtils.java:logGet(43)) - raft.server.log.appender.install.snapshot.enabled = false (custom)
2019-07-30 15:10:50,124 INFO  impl.RaftServerImpl (ServerState.java:<init>(105)) - c591fbe9-ed50-49f5-8e7a-b9ddc7582314:group-AFF70AB04A45 ConfigurationManager, init=-1: [c591fbe9-ed50-49f5-8e7a-b9ddc7582314:192.168.5.170:45772], old=null, confs=<EMPTY_MAP>
2019-07-30 15:10:50,125 INFO  server.RaftServerConfigKeys (ConfUtils.java:logGet(43)) - raft.server.storage.dir = [/workdir/hadoop-ozone/integration-test/target/test-dir/MiniOzoneClusterImpl-deb39eb4-d2b4-453d-924d-c2b7b0ac8c4c/datanode-5/data/ratis] (custom)
2019-07-30 15:10:50,125 INFO  storage.RaftStorageDirectory (RaftStorageDirectory.java:analyzeStorage(246)) - The storage directory /workdir/hadoop-ozone/integration-test/target/test-dir/MiniOzoneClusterImpl-deb39eb4-d2b4-453d-924d-c2b7b0ac8c4c/datanode-5/data/ratis/efee8551-c8b4-456d-a6af-aff70ab04a45 does not exist. Creating ...
2019-07-30 15:10:50,136 INFO  storage.RaftStorageDirectory (RaftStorageDirectory.java:tryLock(328)) - Lock on /workdir/hadoop-ozone/integration-test/target/test-dir/MiniOzoneClusterImpl-deb39eb4-d2b4-453d-924d-c2b7b0ac8c4c/datanode-5/data/ratis/efee8551-c8b4-456d-a6af-aff70ab04a45/in_use.lock acquired by nodename 32735@byscane-nightly-xg47r-921641087
2019-07-30 15:10:50,148 INFO  storage.RaftStorage (RaftStorage.java:format(72)) - Storage directory /workdir/hadoop-ozone/integration-test/target/test-dir/MiniOzoneClusterImpl-deb39eb4-d2b4-453d-924d-c2b7b0ac8c4c/datanode-5/data/ratis/efee8551-c8b4-456d-a6af-aff70ab04a45 has been successfully formatted.
2019-07-30 15:10:50,148 INFO  ratis.ContainerStateMachine (ContainerStateMachine.java:loadSnapshot(213)) - group-AFF70AB04A45: The snapshot info is null. Setting the last applied indexto:(t:0, i:~)
2019-07-30 15:10:50,148 INFO  server.RaftServerConfigKeys (ConfUtils.java:logGet(43)) - raft.server.leader.election.timeout = 120s (custom)
2019-07-30 15:10:50,149 INFO  server.RaftServerConfigKeys (ConfUtils.java:logGet(43)) - raft.server.log.use.memory = false (default)
2019-07-30 15:10:50,149 INFO  server.RaftServerConfigKeys (ConfUtils.java:logGet(43)) - raft.server.log.purge.gap = 1000000000 (custom)
2019-07-30 15:10:50,149 INFO  server.RaftServerConfigKeys (ConfUtils.java:logGet(43)) - raft.server.log.appender.buffer.byte-limit = 33554432 (custom)
2019-07-30 15:10:50,149 INFO  server.RaftServerConfigKeys (ConfUtils.java:logGet(43)) - raft.server.log.segment.size.max = 1048576 (custom)
2019-07-30 15:10:50,149 INFO  server.RaftServerConfigKeys (ConfUtils.java:logGet(43)) - raft.server.log.segment.cache.num.max = 2 (custom)
2019-07-30 15:10:50,149 INFO  segmented.SegmentedRaftLogWorker (SegmentedRaftLogWorker.java:<init>(172)) - new c591fbe9-ed50-49f5-8e7a-b9ddc7582314-SegmentedRaftLogWorker:Storage Directory /workdir/hadoop-ozone/integration-test/target/test-dir/MiniOzoneClusterImpl-deb39eb4-d2b4-453d-924d-c2b7b0ac8c4c/datanode-5/data/ratis/efee8551-c8b4-456d-a6af-aff70ab04a45 for RaftStorage:Storage Directory /workdir/hadoop-ozone/integration-test/target/test-dir/MiniOzoneClusterImpl-deb39eb4-d2b4-453d-924d-c2b7b0ac8c4c/datanode-5/data/ratis/efee8551-c8b4-456d-a6af-aff70ab04a45
2019-07-30 15:10:50,149 INFO  server.RaftServerConfigKeys (ConfUtils.java:logGet(43)) - raft.server.log.queue.byte-limit = 2147483647 (custom)
2019-07-30 15:10:50,150 INFO  server.RaftServerConfigKeys (ConfUtils.java:logGet(43)) - raft.server.log.queue.element-limit = 1024 (custom)
2019-07-30 15:10:50,150 INFO  server.RaftServerConfigKeys (ConfUtils.java:logGet(43)) - raft.server.log.segment.size.max = 1048576 (custom)
2019-07-30 15:10:50,150 INFO  server.RaftServerConfigKeys (ConfUtils.java:logGet(43)) - raft.server.log.preallocated.size = 16384 (custom)
2019-07-30 15:10:50,150 INFO  server.RaftServerConfigKeys (ConfUtils.java:logGet(43)) - raft.server.log.write.buffer.size = 33554432 (custom)
2019-07-30 15:10:50,150 INFO  server.RaftServerConfigKeys (ConfUtils.java:logGet(43)) - raft.server.log.force.sync.num = 128 (default)
2019-07-30 15:10:50,150 INFO  server.RaftServerConfigKeys (ConfUtils.java:logGet(43)) - raft.server.log.statemachine.data.sync = true (default)
2019-07-30 15:10:50,150 INFO  server.RaftServerConfigKeys (ConfUtils.java:logGet(43)) - raft.server.log.statemachine.data.sync.timeout = 10s (default)
2019-07-30 15:10:50,151 INFO  server.RaftServerConfigKeys (ConfUtils.java:logGet(43)) - raft.server.log.statemachine.data.sync.timeout.retry = -1 (default)
2019-07-30 15:10:50,151 INFO  server.RaftServerConfigKeys (ConfUtils.java:logGet(43)) - raft.server.log.statemachine.data.caching.enabled = true (custom)
2019-07-30 15:10:50,151 INFO  segmented.SegmentedRaftLogWorker (SegmentedRaftLogWorker.java:lambda$new$0(132)) - c591fbe9-ed50-49f5-8e7a-b9ddc7582314-SegmentedRaftLogWorker:Storage Directory /workdir/hadoop-ozone/integration-test/target/test-dir/MiniOzoneClusterImpl-deb39eb4-d2b4-453d-924d-c2b7b0ac8c4c/datanode-5/data/ratis/efee8551-c8b4-456d-a6af-aff70ab04a45: flushIndex: setUnconditionally 0 -> -1
2019-07-30 15:10:50,151 INFO  server.RaftServerConfigKeys (ConfUtils.java:logGet(43)) - raft.server.snapshot.auto.trigger.enabled = true (custom)
2019-07-30 15:10:50,152 INFO  server.RaftServerConfigKeys (ConfUtils.java:logGet(43)) - raft.server.snapshot.auto.trigger.threshold = 10000 (custom)
2019-07-30 15:10:50,152 INFO  server.RaftServerConfigKeys (ConfUtils.java:logGet(43)) - raft.server.retrycache.expirytime = 600000ms (custom)
2019-07-30 15:10:50,152 INFO  impl.RaftServerImpl (RaftServerImpl.java:start(180)) - c591fbe9-ed50-49f5-8e7a-b9ddc7582314: start group-AFF70AB04A45
2019-07-30 15:10:50,152 INFO  impl.RaftServerImpl (RaftServerImpl.java:setRole(171)) - c591fbe9-ed50-49f5-8e7a-b9ddc7582314:group-AFF70AB04A45 changes role from null to FOLLOWER at term 0 for startAsFollower
2019-07-30 15:10:50,152 INFO  impl.RoleInfo (RoleInfo.java:updateAndGet(143)) - c591fbe9-ed50-49f5-8e7a-b9ddc7582314: start FollowerState
2019-07-30 15:10:50,152 INFO  util.JmxRegister (JmxRegister.java:tryRegister(44)) - Successfully registered JMX Bean with object name Ratis:service=RaftServer,group=group-AFF70AB04A45,id=c591fbe9-ed50-49f5-8e7a-b9ddc7582314
2019-07-30 15:10:50,154 INFO  pipeline.PipelineStateManager (PipelineStateManager.java:addPipeline(56)) - Created pipeline Pipeline[ Id: efee8551-c8b4-456d-a6af-aff70ab04a45, Nodes: c591fbe9-ed50-49f5-8e7a-b9ddc7582314{ip: 192.168.5.170, host: byscane-nightly-xg47r-921641087, networkLocation: /default-rack, certSerialId: null}, Type:RATIS, Factor:ONE, State:OPEN]
2019-07-30 15:10:50,168 INFO  impl.RaftServerProxy (RaftServerProxy.java:addNew(89)) - e6f7e345-2310-405e-81e0-5b298fa4eba6: addNew group-C349716F54CA:[e6f7e345-2310-405e-81e0-5b298fa4eba6:192.168.5.170:39126, c591fbe9-ed50-49f5-8e7a-b9ddc7582314:192.168.5.170:45772, b13d115d-b1b7-4a42-93a0-c105386ccce1:192.168.5.170:40183] returns group-C349716F54CA:java.util.concurrent.CompletableFuture@3e5e95ab[Not completed]
2019-07-30 15:10:50,168 INFO  impl.RaftServerProxy (RaftServerProxy.java:addNew(89)) - c591fbe9-ed50-49f5-8e7a-b9ddc7582314: addNew group-C349716F54CA:[e6f7e345-2310-405e-81e0-5b298fa4eba6:192.168.5.170:39126, c591fbe9-ed50-49f5-8e7a-b9ddc7582314:192.168.5.170:45772, b13d115d-b1b7-4a42-93a0-c105386ccce1:192.168.5.170:40183] returns group-C349716F54CA:java.util.concurrent.CompletableFuture@743aabad[Not completed]
2019-07-30 15:10:50,168 INFO  impl.RaftServerProxy (RaftServerProxy.java:addNew(89)) - b13d115d-b1b7-4a42-93a0-c105386ccce1: addNew group-C349716F54CA:[e6f7e345-2310-405e-81e0-5b298fa4eba6:192.168.5.170:39126, c591fbe9-ed50-49f5-8e7a-b9ddc7582314:192.168.5.170:45772, b13d115d-b1b7-4a42-93a0-c105386ccce1:192.168.5.170:40183] returns group-C349716F54CA:java.util.concurrent.CompletableFuture@41a00691[Not completed]
2019-07-30 15:10:50,169 INFO  impl.RaftServerImpl (RaftServerImpl.java:<init>(93)) - e6f7e345-2310-405e-81e0-5b298fa4eba6: new RaftServerImpl for group-C349716F54CA:[e6f7e345-2310-405e-81e0-5b298fa4eba6:192.168.5.170:39126, c591fbe9-ed50-49f5-8e7a-b9ddc7582314:192.168.5.170:45772, b13d115d-b1b7-4a42-93a0-c105386ccce1:192.168.5.170:40183] with ContainerStateMachine:uninitialized
2019-07-30 15:10:50,169 INFO  server.RaftServerConfigKeys (ConfUtils.java:logGet(43)) - raft.server.rpc.timeout.min = 5s (custom)
2019-07-30 15:10:50,169 INFO  server.RaftServerConfigKeys (ConfUtils.java:logGet(43)) - raft.server.rpc.timeout.max = 5200ms (custom)
2019-07-30 15:10:50,169 INFO  server.RaftServerConfigKeys (ConfUtils.java:logGet(43)) - raft.server.rpcslowness.timeout = 120s (custom)
2019-07-30 15:10:50,169 INFO  server.RaftServerConfigKeys (ConfUtils.java:logGet(43)) - raft.server.sleep.deviation.threshold = 300 (default)
2019-07-30 15:10:50,169 INFO  server.RaftServerConfigKeys (ConfUtils.java:logGet(43)) - raft.server.log.appender.install.snapshot.enabled = false (custom)
2019-07-30 15:10:50,169 INFO  impl.RaftServerImpl (RaftServerImpl.java:<init>(93)) - c591fbe9-ed50-49f5-8e7a-b9ddc7582314: new RaftServerImpl for group-C349716F54CA:[e6f7e345-2310-405e-81e0-5b298fa4eba6:192.168.5.170:39126, c591fbe9-ed50-49f5-8e7a-b9ddc7582314:192.168.5.170:45772, b13d115d-b1b7-4a42-93a0-c105386ccce1:192.168.5.170:40183] with ContainerStateMachine:uninitialized
2019-07-30 15:10:50,169 INFO  impl.RaftServerImpl (ServerState.java:<init>(105)) - e6f7e345-2310-405e-81e0-5b298fa4eba6:group-C349716F54CA ConfigurationManager, init=-1: [e6f7e345-2310-405e-81e0-5b298fa4eba6:192.168.5.170:39126, c591fbe9-ed50-49f5-8e7a-b9ddc7582314:192.168.5.170:45772, b13d115d-b1b7-4a42-93a0-c105386ccce1:192.168.5.170:40183], old=null, confs=<EMPTY_MAP>
2019-07-30 15:10:50,169 INFO  server.RaftServerConfigKeys (ConfUtils.java:logGet(43)) - raft.server.rpc.timeout.min = 5s (custom)
2019-07-30 15:10:50,169 INFO  server.RaftServerConfigKeys (ConfUtils.java:logGet(43)) - raft.server.storage.dir = [/workdir/hadoop-ozone/integration-test/target/test-dir/MiniOzoneClusterImpl-deb39eb4-d2b4-453d-924d-c2b7b0ac8c4c/datanode-3/data/ratis] (custom)
2019-07-30 15:10:50,169 INFO  server.RaftServerConfigKeys (ConfUtils.java:logGet(43)) - raft.server.rpc.timeout.max = 5200ms (custom)
2019-07-30 15:10:50,170 INFO  impl.RaftServerImpl (RaftServerImpl.java:<init>(93)) - b13d115d-b1b7-4a42-93a0-c105386ccce1: new RaftServerImpl for group-C349716F54CA:[e6f7e345-2310-405e-81e0-5b298fa4eba6:192.168.5.170:39126, c591fbe9-ed50-49f5-8e7a-b9ddc7582314:192.168.5.170:45772, b13d115d-b1b7-4a42-93a0-c105386ccce1:192.168.5.170:40183] with ContainerStateMachine:uninitialized
2019-07-30 15:10:50,170 INFO  storage.RaftStorageDirectory (RaftStorageDirectory.java:analyzeStorage(246)) - The storage directory /workdir/hadoop-ozone/integration-test/target/test-dir/MiniOzoneClusterImpl-deb39eb4-d2b4-453d-924d-c2b7b0ac8c4c/datanode-3/data/ratis/df077e3b-fdee-4eab-88fb-c349716f54ca does not exist. Creating ...
2019-07-30 15:10:50,170 INFO  server.RaftServerConfigKeys (ConfUtils.java:logGet(43)) - raft.server.rpcslowness.timeout = 120s (custom)
2019-07-30 15:10:50,170 INFO  server.RaftServerConfigKeys (ConfUtils.java:logGet(43)) - raft.server.rpc.timeout.min = 5s (custom)
2019-07-30 15:10:50,170 INFO  server.RaftServerConfigKeys (ConfUtils.java:logGet(43)) - raft.server.sleep.deviation.threshold = 300 (default)
2019-07-30 15:10:50,170 INFO  server.RaftServerConfigKeys (ConfUtils.java:logGet(43)) - raft.server.rpc.timeout.max = 5200ms (custom)
2019-07-30 15:10:50,170 INFO  server.RaftServerConfigKeys (ConfUtils.java:logGet(43)) - raft.server.log.appender.install.snapshot.enabled = false (custom)
2019-07-30 15:10:50,171 INFO  server.RaftServerConfigKeys (ConfUtils.java:logGet(43)) - raft.server.rpcslowness.timeout = 120s (custom)
2019-07-30 15:10:50,171 INFO  impl.RaftServerImpl (ServerState.java:<init>(105)) - c591fbe9-ed50-49f5-8e7a-b9ddc7582314:group-C349716F54CA ConfigurationManager, init=-1: [e6f7e345-2310-405e-81e0-5b298fa4eba6:192.168.5.170:39126, c591fbe9-ed50-49f5-8e7a-b9ddc7582314:192.168.5.170:45772, b13d115d-b1b7-4a42-93a0-c105386ccce1:192.168.5.170:40183], old=null, confs=<EMPTY_MAP>
2019-07-30 15:10:50,171 INFO  server.RaftServerConfigKeys (ConfUtils.java:logGet(43)) - raft.server.sleep.deviation.threshold = 300 (default)
2019-07-30 15:10:50,171 INFO  server.RaftServerConfigKeys (ConfUtils.java:logGet(43)) - raft.server.storage.dir = [/workdir/hadoop-ozone/integration-test/target/test-dir/MiniOzoneClusterImpl-deb39eb4-d2b4-453d-924d-c2b7b0ac8c4c/datanode-5/data/ratis] (custom)
2019-07-30 15:10:50,171 INFO  server.RaftServerConfigKeys (ConfUtils.java:logGet(43)) - raft.server.log.appender.install.snapshot.enabled = false (custom)
2019-07-30 15:10:50,171 INFO  impl.RaftServerImpl (ServerState.java:<init>(105)) - b13d115d-b1b7-4a42-93a0-c105386ccce1:group-C349716F54CA ConfigurationManager, init=-1: [e6f7e345-2310-405e-81e0-5b298fa4eba6:192.168.5.170:39126, c591fbe9-ed50-49f5-8e7a-b9ddc7582314:192.168.5.170:45772, b13d115d-b1b7-4a42-93a0-c105386ccce1:192.168.5.170:40183], old=null, confs=<EMPTY_MAP>
2019-07-30 15:10:50,171 INFO  storage.RaftStorageDirectory (RaftStorageDirectory.java:analyzeStorage(246)) - The storage directory /workdir/hadoop-ozone/integration-test/target/test-dir/MiniOzoneClusterImpl-deb39eb4-d2b4-453d-924d-c2b7b0ac8c4c/datanode-5/data/ratis/df077e3b-fdee-4eab-88fb-c349716f54ca does not exist. Creating ...
2019-07-30 15:10:50,172 INFO  server.RaftServerConfigKeys (ConfUtils.java:logGet(43)) - raft.server.storage.dir = [/workdir/hadoop-ozone/integration-test/target/test-dir/MiniOzoneClusterImpl-deb39eb4-d2b4-453d-924d-c2b7b0ac8c4c/datanode-4/data/ratis] (custom)
2019-07-30 15:10:50,172 INFO  storage.RaftStorageDirectory (RaftStorageDirectory.java:analyzeStorage(246)) - The storage directory /workdir/hadoop-ozone/integration-test/target/test-dir/MiniOzoneClusterImpl-deb39eb4-d2b4-453d-924d-c2b7b0ac8c4c/datanode-4/data/ratis/df077e3b-fdee-4eab-88fb-c349716f54ca does not exist. Creating ...
2019-07-30 15:10:50,175 INFO  storage.RaftStorageDirectory (RaftStorageDirectory.java:tryLock(328)) - Lock on /workdir/hadoop-ozone/integration-test/target/test-dir/MiniOzoneClusterImpl-deb39eb4-d2b4-453d-924d-c2b7b0ac8c4c/datanode-3/data/ratis/df077e3b-fdee-4eab-88fb-c349716f54ca/in_use.lock acquired by nodename 32735@byscane-nightly-xg47r-921641087
2019-07-30 15:10:50,175 INFO  storage.RaftStorageDirectory (RaftStorageDirectory.java:tryLock(328)) - Lock on /workdir/hadoop-ozone/integration-test/target/test-dir/MiniOzoneClusterImpl-deb39eb4-d2b4-453d-924d-c2b7b0ac8c4c/datanode-5/data/ratis/df077e3b-fdee-4eab-88fb-c349716f54ca/in_use.lock acquired by nodename 32735@byscane-nightly-xg47r-921641087
2019-07-30 15:10:50,175 INFO  storage.RaftStorageDirectory (RaftStorageDirectory.java:tryLock(328)) - Lock on /workdir/hadoop-ozone/integration-test/target/test-dir/MiniOzoneClusterImpl-deb39eb4-d2b4-453d-924d-c2b7b0ac8c4c/datanode-4/data/ratis/df077e3b-fdee-4eab-88fb-c349716f54ca/in_use.lock acquired by nodename 32735@byscane-nightly-xg47r-921641087
2019-07-30 15:10:50,197 INFO  storage.RaftStorage (RaftStorage.java:format(72)) - Storage directory /workdir/hadoop-ozone/integration-test/target/test-dir/MiniOzoneClusterImpl-deb39eb4-d2b4-453d-924d-c2b7b0ac8c4c/datanode-3/data/ratis/df077e3b-fdee-4eab-88fb-c349716f54ca has been successfully formatted.
2019-07-30 15:10:50,197 INFO  storage.RaftStorage (RaftStorage.java:format(72)) - Storage directory /workdir/hadoop-ozone/integration-test/target/test-dir/MiniOzoneClusterImpl-deb39eb4-d2b4-453d-924d-c2b7b0ac8c4c/datanode-4/data/ratis/df077e3b-fdee-4eab-88fb-c349716f54ca has been successfully formatted.
2019-07-30 15:10:50,197 INFO  storage.RaftStorage (RaftStorage.java:format(72)) - Storage directory /workdir/hadoop-ozone/integration-test/target/test-dir/MiniOzoneClusterImpl-deb39eb4-d2b4-453d-924d-c2b7b0ac8c4c/datanode-5/data/ratis/df077e3b-fdee-4eab-88fb-c349716f54ca has been successfully formatted.
2019-07-30 15:10:50,197 INFO  ratis.ContainerStateMachine (ContainerStateMachine.java:loadSnapshot(213)) - group-C349716F54CA: The snapshot info is null. Setting the last applied indexto:(t:0, i:~)
2019-07-30 15:10:50,197 INFO  ratis.ContainerStateMachine (ContainerStateMachine.java:loadSnapshot(213)) - group-C349716F54CA: The snapshot info is null. Setting the last applied indexto:(t:0, i:~)
2019-07-30 15:10:50,197 INFO  ratis.ContainerStateMachine (ContainerStateMachine.java:loadSnapshot(213)) - group-C349716F54CA: The snapshot info is null. Setting the last applied indexto:(t:0, i:~)
2019-07-30 15:10:50,197 INFO  server.RaftServerConfigKeys (ConfUtils.java:logGet(43)) - raft.server.leader.election.timeout = 120s (custom)
2019-07-30 15:10:50,197 INFO  server.RaftServerConfigKeys (ConfUtils.java:logGet(43)) - raft.server.leader.election.timeout = 120s (custom)
2019-07-30 15:10:50,198 INFO  server.RaftServerConfigKeys (ConfUtils.java:logGet(43)) - raft.server.log.use.memory = false (default)
2019-07-30 15:10:50,198 INFO  server.RaftServerConfigKeys (ConfUtils.java:logGet(43)) - raft.server.leader.election.timeout = 120s (custom)
2019-07-30 15:10:50,198 INFO  server.RaftServerConfigKeys (ConfUtils.java:logGet(43)) - raft.server.log.purge.gap = 1000000000 (custom)
2019-07-30 15:10:50,198 INFO  server.RaftServerConfigKeys (ConfUtils.java:logGet(43)) - raft.server.log.use.memory = false (default)
2019-07-30 15:10:50,198 INFO  server.RaftServerConfigKeys (ConfUtils.java:logGet(43)) - raft.server.log.appender.buffer.byte-limit = 33554432 (custom)
2019-07-30 15:10:50,198 INFO  server.RaftServerConfigKeys (ConfUtils.java:logGet(43)) - raft.server.log.use.memory = false (default)
2019-07-30 15:10:50,199 INFO  server.RaftServerConfigKeys (ConfUtils.java:logGet(43)) - raft.server.log.segment.size.max = 1048576 (custom)
2019-07-30 15:10:50,198 INFO  server.RaftServerConfigKeys (ConfUtils.java:logGet(43)) - raft.server.log.purge.gap = 1000000000 (custom)
2019-07-30 15:10:50,199 INFO  server.RaftServerConfigKeys (ConfUtils.java:logGet(43)) - raft.server.log.segment.cache.num.max = 2 (custom)
2019-07-30 15:10:50,199 INFO  server.RaftServerConfigKeys (ConfUtils.java:logGet(43)) - raft.server.log.purge.gap = 1000000000 (custom)
2019-07-30 15:10:50,199 INFO  segmented.SegmentedRaftLogWorker (SegmentedRaftLogWorker.java:<init>(172)) - new c591fbe9-ed50-49f5-8e7a-b9ddc7582314-SegmentedRaftLogWorker:Storage Directory /workdir/hadoop-ozone/integration-test/target/test-dir/MiniOzoneClusterImpl-deb39eb4-d2b4-453d-924d-c2b7b0ac8c4c/datanode-5/data/ratis/df077e3b-fdee-4eab-88fb-c349716f54ca for RaftStorage:Storage Directory /workdir/hadoop-ozone/integration-test/target/test-dir/MiniOzoneClusterImpl-deb39eb4-d2b4-453d-924d-c2b7b0ac8c4c/datanode-5/data/ratis/df077e3b-fdee-4eab-88fb-c349716f54ca
2019-07-30 15:10:50,199 INFO  server.RaftServerConfigKeys (ConfUtils.java:logGet(43)) - raft.server.log.appender.buffer.byte-limit = 33554432 (custom)
2019-07-30 15:10:50,200 INFO  server.RaftServerConfigKeys (ConfUtils.java:logGet(43)) - raft.server.log.queue.byte-limit = 2147483647 (custom)
2019-07-30 15:10:50,199 INFO  server.RaftServerConfigKeys (ConfUtils.java:logGet(43)) - raft.server.log.appender.buffer.byte-limit = 33554432 (custom)
2019-07-30 15:10:50,200 INFO  server.RaftServerConfigKeys (ConfUtils.java:logGet(43)) - raft.server.log.queue.element-limit = 1024 (custom)
2019-07-30 15:10:50,200 INFO  server.RaftServerConfigKeys (ConfUtils.java:logGet(43)) - raft.server.log.segment.size.max = 1048576 (custom)
2019-07-30 15:10:50,200 INFO  server.RaftServerConfigKeys (ConfUtils.java:logGet(43)) - raft.server.log.segment.size.max = 1048576 (custom)
2019-07-30 15:10:50,200 INFO  server.RaftServerConfigKeys (ConfUtils.java:logGet(43)) - raft.server.log.segment.size.max = 1048576 (custom)
2019-07-30 15:10:50,200 INFO  server.RaftServerConfigKeys (ConfUtils.java:logGet(43)) - raft.server.log.preallocated.size = 16384 (custom)
2019-07-30 15:10:50,200 INFO  server.RaftServerConfigKeys (ConfUtils.java:logGet(43)) - raft.server.log.segment.cache.num.max = 2 (custom)
2019-07-30 15:10:50,201 INFO  server.RaftServerConfigKeys (ConfUtils.java:logGet(43)) - raft.server.log.write.buffer.size = 33554432 (custom)
2019-07-30 15:10:50,201 INFO  server.RaftServerConfigKeys (ConfUtils.java:logGet(43)) - raft.server.log.force.sync.num = 128 (default)
2019-07-30 15:10:50,201 INFO  server.RaftServerConfigKeys (ConfUtils.java:logGet(43)) - raft.server.log.segment.cache.num.max = 2 (custom)
2019-07-30 15:10:50,201 INFO  server.RaftServerConfigKeys (ConfUtils.java:logGet(43)) - raft.server.log.statemachine.data.sync = true (default)
2019-07-30 15:10:50,201 INFO  segmented.SegmentedRaftLogWorker (SegmentedRaftLogWorker.java:<init>(172)) - new e6f7e345-2310-405e-81e0-5b298fa4eba6-SegmentedRaftLogWorker:Storage Directory /workdir/hadoop-ozone/integration-test/target/test-dir/MiniOzoneClusterImpl-deb39eb4-d2b4-453d-924d-c2b7b0ac8c4c/datanode-3/data/ratis/df077e3b-fdee-4eab-88fb-c349716f54ca for RaftStorage:Storage Directory /workdir/hadoop-ozone/integration-test/target/test-dir/MiniOzoneClusterImpl-deb39eb4-d2b4-453d-924d-c2b7b0ac8c4c/datanode-3/data/ratis/df077e3b-fdee-4eab-88fb-c349716f54ca
2019-07-30 15:10:50,202 INFO  server.RaftServerConfigKeys (ConfUtils.java:logGet(43)) - raft.server.log.statemachine.data.sync.timeout = 10s (default)
2019-07-30 15:10:50,201 INFO  segmented.SegmentedRaftLogWorker (SegmentedRaftLogWorker.java:<init>(172)) - new b13d115d-b1b7-4a42-93a0-c105386ccce1-SegmentedRaftLogWorker:Storage Directory /workdir/hadoop-ozone/integration-test/target/test-dir/MiniOzoneClusterImpl-deb39eb4-d2b4-453d-924d-c2b7b0ac8c4c/datanode-4/data/ratis/df077e3b-fdee-4eab-88fb-c349716f54ca for RaftStorage:Storage Directory /workdir/hadoop-ozone/integration-test/target/test-dir/MiniOzoneClusterImpl-deb39eb4-d2b4-453d-924d-c2b7b0ac8c4c/datanode-4/data/ratis/df077e3b-fdee-4eab-88fb-c349716f54ca
2019-07-30 15:10:50,202 INFO  server.RaftServerConfigKeys (ConfUtils.java:logGet(43)) - raft.server.log.statemachine.data.sync.timeout.retry = -1 (default)
2019-07-30 15:10:50,202 INFO  server.RaftServerConfigKeys (ConfUtils.java:logGet(43)) - raft.server.log.queue.byte-limit = 2147483647 (custom)
2019-07-30 15:10:50,202 INFO  server.RaftServerConfigKeys (ConfUtils.java:logGet(43)) - raft.server.log.statemachine.data.caching.enabled = true (custom)
2019-07-30 15:10:50,202 INFO  server.RaftServerConfigKeys (ConfUtils.java:logGet(43)) - raft.server.log.queue.byte-limit = 2147483647 (custom)
2019-07-30 15:10:50,203 INFO  segmented.SegmentedRaftLogWorker (SegmentedRaftLogWorker.java:lambda$new$0(132)) - c591fbe9-ed50-49f5-8e7a-b9ddc7582314-SegmentedRaftLogWorker:Storage Directory /workdir/hadoop-ozone/integration-test/target/test-dir/MiniOzoneClusterImpl-deb39eb4-d2b4-453d-924d-c2b7b0ac8c4c/datanode-5/data/ratis/df077e3b-fdee-4eab-88fb-c349716f54ca: flushIndex: setUnconditionally 0 -> -1
2019-07-30 15:10:50,202 INFO  server.RaftServerConfigKeys (ConfUtils.java:logGet(43)) - raft.server.log.queue.element-limit = 1024 (custom)
2019-07-30 15:10:50,203 INFO  server.RaftServerConfigKeys (ConfUtils.java:logGet(43)) - raft.server.log.segment.size.max = 1048576 (custom)
2019-07-30 15:10:50,203 INFO  server.RaftServerConfigKeys (ConfUtils.java:logGet(43)) - raft.server.log.queue.element-limit = 1024 (custom)
2019-07-30 15:10:50,203 INFO  server.RaftServerConfigKeys (ConfUtils.java:logGet(43)) - raft.server.log.preallocated.size = 16384 (custom)
2019-07-30 15:10:50,203 INFO  server.RaftServerConfigKeys (ConfUtils.java:logGet(43)) - raft.server.snapshot.auto.trigger.enabled = true (custom)
2019-07-30 15:10:50,203 INFO  server.RaftServerConfigKeys (ConfUtils.java:logGet(43)) - raft.server.log.write.buffer.size = 33554432 (custom)
2019-07-30 15:10:50,203 INFO  server.RaftServerConfigKeys (ConfUtils.java:logGet(43)) - raft.server.log.segment.size.max = 1048576 (custom)
2019-07-30 15:10:50,204 INFO  server.RaftServerConfigKeys (ConfUtils.java:logGet(43)) - raft.server.log.force.sync.num = 128 (default)
2019-07-30 15:10:50,204 INFO  server.RaftServerConfigKeys (ConfUtils.java:logGet(43)) - raft.server.log.statemachine.data.sync = true (default)
2019-07-30 15:10:50,204 INFO  server.RaftServerConfigKeys (ConfUtils.java:logGet(43)) - raft.server.snapshot.auto.trigger.threshold = 10000 (custom)
2019-07-30 15:10:50,204 INFO  server.RaftServerConfigKeys (ConfUtils.java:logGet(43)) - raft.server.log.statemachine.data.sync.timeout = 10s (default)
2019-07-30 15:10:50,205 INFO  server.RaftServerConfigKeys (ConfUtils.java:logGet(43)) - raft.server.log.statemachine.data.sync.timeout.retry = -1 (default)
2019-07-30 15:10:50,204 INFO  server.RaftServerConfigKeys (ConfUtils.java:logGet(43)) - raft.server.log.preallocated.size = 16384 (custom)
2019-07-30 15:10:50,205 INFO  server.RaftServerConfigKeys (ConfUtils.java:logGet(43)) - raft.server.log.statemachine.data.caching.enabled = true (custom)
2019-07-30 15:10:50,204 INFO  server.RaftServerConfigKeys (ConfUtils.java:logGet(43)) - raft.server.retrycache.expirytime = 600000ms (custom)
2019-07-30 15:10:50,205 INFO  segmented.SegmentedRaftLogWorker (SegmentedRaftLogWorker.java:lambda$new$0(132)) - e6f7e345-2310-405e-81e0-5b298fa4eba6-SegmentedRaftLogWorker:Storage Directory /workdir/hadoop-ozone/integration-test/target/test-dir/MiniOzoneClusterImpl-deb39eb4-d2b4-453d-924d-c2b7b0ac8c4c/datanode-3/data/ratis/df077e3b-fdee-4eab-88fb-c349716f54ca: flushIndex: setUnconditionally 0 -> -1
2019-07-30 15:10:50,205 INFO  server.RaftServerConfigKeys (ConfUtils.java:logGet(43)) - raft.server.log.write.buffer.size = 33554432 (custom)
2019-07-30 15:10:50,205 INFO  impl.RaftServerImpl (RaftServerImpl.java:start(180)) - c591fbe9-ed50-49f5-8e7a-b9ddc7582314: start group-C349716F54CA
2019-07-30 15:10:50,206 INFO  server.RaftServerConfigKeys (ConfUtils.java:logGet(43)) - raft.server.snapshot.auto.trigger.enabled = true (custom)
2019-07-30 15:10:50,206 INFO  server.RaftServerConfigKeys (ConfUtils.java:logGet(43)) - raft.server.log.force.sync.num = 128 (default)
2019-07-30 15:10:50,206 INFO  server.RaftServerConfigKeys (ConfUtils.java:logGet(43)) - raft.server.snapshot.auto.trigger.threshold = 10000 (custom)
2019-07-30 15:10:50,206 INFO  impl.RaftServerImpl (RaftServerImpl.java:setRole(171)) - c591fbe9-ed50-49f5-8e7a-b9ddc7582314:group-C349716F54CA changes role from null to FOLLOWER at term 0 for startAsFollower
2019-07-30 15:10:50,206 INFO  server.RaftServerConfigKeys (ConfUtils.java:logGet(43)) - raft.server.retrycache.expirytime = 600000ms (custom)
2019-07-30 15:10:50,206 INFO  server.RaftServerConfigKeys (ConfUtils.java:logGet(43)) - raft.server.log.statemachine.data.sync = true (default)
2019-07-30 15:10:50,206 INFO  impl.RaftServerImpl (RaftServerImpl.java:start(180)) - e6f7e345-2310-405e-81e0-5b298fa4eba6: start group-C349716F54CA
2019-07-30 15:10:50,206 INFO  impl.RoleInfo (RoleInfo.java:updateAndGet(143)) - c591fbe9-ed50-49f5-8e7a-b9ddc7582314: start FollowerState
2019-07-30 15:10:50,207 INFO  impl.RaftServerImpl (RaftServerImpl.java:setRole(171)) - e6f7e345-2310-405e-81e0-5b298fa4eba6:group-C349716F54CA changes role from null to FOLLOWER at term 0 for startAsFollower
2019-07-30 15:10:50,207 INFO  server.RaftServerConfigKeys (ConfUtils.java:logGet(43)) - raft.server.log.statemachine.data.sync.timeout = 10s (default)
2019-07-30 15:10:50,207 INFO  impl.RoleInfo (RoleInfo.java:updateAndGet(143)) - e6f7e345-2310-405e-81e0-5b298fa4eba6: start FollowerState
2019-07-30 15:10:50,207 INFO  server.RaftServerConfigKeys (ConfUtils.java:logGet(43)) - raft.server.log.statemachine.data.sync.timeout.retry = -1 (default)
2019-07-30 15:10:50,207 INFO  util.JmxRegister (JmxRegister.java:tryRegister(44)) - Successfully registered JMX Bean with object name Ratis:service=RaftServer,group=group-C349716F54CA,id=c591fbe9-ed50-49f5-8e7a-b9ddc7582314
2019-07-30 15:10:50,208 INFO  util.JmxRegister (JmxRegister.java:tryRegister(44)) - Successfully registered JMX Bean with object name Ratis:service=RaftServer,group=group-C349716F54CA,id=e6f7e345-2310-405e-81e0-5b298fa4eba6
2019-07-30 15:10:50,208 INFO  server.RaftServerConfigKeys (ConfUtils.java:logGet(43)) - raft.server.log.statemachine.data.caching.enabled = true (custom)
2019-07-30 15:10:50,208 INFO  segmented.SegmentedRaftLogWorker (SegmentedRaftLogWorker.java:lambda$new$0(132)) - b13d115d-b1b7-4a42-93a0-c105386ccce1-SegmentedRaftLogWorker:Storage Directory /workdir/hadoop-ozone/integration-test/target/test-dir/MiniOzoneClusterImpl-deb39eb4-d2b4-453d-924d-c2b7b0ac8c4c/datanode-4/data/ratis/df077e3b-fdee-4eab-88fb-c349716f54ca: flushIndex: setUnconditionally 0 -> -1
2019-07-30 15:10:50,209 INFO  server.RaftServerConfigKeys (ConfUtils.java:logGet(43)) - raft.server.snapshot.auto.trigger.enabled = true (custom)
2019-07-30 15:10:50,209 INFO  server.RaftServerConfigKeys (ConfUtils.java:logGet(43)) - raft.server.snapshot.auto.trigger.threshold = 10000 (custom)
2019-07-30 15:10:50,209 INFO  server.RaftServerConfigKeys (ConfUtils.java:logGet(43)) - raft.server.retrycache.expirytime = 600000ms (custom)
2019-07-30 15:10:50,209 INFO  impl.RaftServerImpl (RaftServerImpl.java:start(180)) - b13d115d-b1b7-4a42-93a0-c105386ccce1: start group-C349716F54CA
2019-07-30 15:10:50,209 INFO  impl.RaftServerImpl (RaftServerImpl.java:setRole(171)) - b13d115d-b1b7-4a42-93a0-c105386ccce1:group-C349716F54CA changes role from null to FOLLOWER at term 0 for startAsFollower
2019-07-30 15:10:50,209 INFO  impl.RoleInfo (RoleInfo.java:updateAndGet(143)) - b13d115d-b1b7-4a42-93a0-c105386ccce1: start FollowerState
2019-07-30 15:10:50,210 INFO  util.JmxRegister (JmxRegister.java:tryRegister(44)) - Successfully registered JMX Bean with object name Ratis:service=RaftServer,group=group-C349716F54CA,id=b13d115d-b1b7-4a42-93a0-c105386ccce1
2019-07-30 15:10:50,212 INFO  pipeline.PipelineStateManager (PipelineStateManager.java:addPipeline(56)) - Created pipeline Pipeline[ Id: df077e3b-fdee-4eab-88fb-c349716f54ca, Nodes: c591fbe9-ed50-49f5-8e7a-b9ddc7582314{ip: 192.168.5.170, host: byscane-nightly-xg47r-921641087, networkLocation: /default-rack, certSerialId: null}e6f7e345-2310-405e-81e0-5b298fa4eba6{ip: 192.168.5.170, host: byscane-nightly-xg47r-921641087, networkLocation: /default-rack, certSerialId: null}b13d115d-b1b7-4a42-93a0-c105386ccce1{ip: 192.168.5.170, host: byscane-nightly-xg47r-921641087, networkLocation: /default-rack, certSerialId: null}, Type:RATIS, Factor:THREE, State:OPEN]
2019-07-30 15:10:50,272 INFO  net.NetworkTopology (NetworkTopologyImpl.java:add(110)) - Added a new node: /default-rack/c328df49-0f3d-4ecf-91f5-893d86bae7a0
2019-07-30 15:10:50,272 INFO  ozone.MiniOzoneClusterImpl (MiniOzoneClusterImpl.java:lambda$waitForClusterToBeReady$0(142)) - Cluster is ready. Got 7 of 7 DN Heartbeats.
2019-07-30 15:10:50,272 INFO  node.SCMNodeManager (SCMNodeManager.java:register(273)) - Registered Data node : c328df49-0f3d-4ecf-91f5-893d86bae7a0{ip: 192.168.5.170, host: byscane-nightly-xg47r-921641087, networkLocation: /default-rack, certSerialId: null}
2019-07-30 15:10:50,290 INFO  impl.RaftServerProxy (RaftServerProxy.java:addNew(89)) - c328df49-0f3d-4ecf-91f5-893d86bae7a0: addNew group-CF379BA25040:[c328df49-0f3d-4ecf-91f5-893d86bae7a0:192.168.5.170:40071] returns group-CF379BA25040:java.util.concurrent.CompletableFuture@12cf34b9[Not completed]
2019-07-30 15:10:50,306 INFO  impl.RaftServerImpl (RaftServerImpl.java:<init>(93)) - c328df49-0f3d-4ecf-91f5-893d86bae7a0: new RaftServerImpl for group-CF379BA25040:[c328df49-0f3d-4ecf-91f5-893d86bae7a0:192.168.5.170:40071] with ContainerStateMachine:uninitialized
2019-07-30 15:10:50,306 INFO  server.RaftServerConfigKeys (ConfUtils.java:logGet(43)) - raft.server.rpc.timeout.min = 5s (custom)
2019-07-30 15:10:50,306 INFO  server.RaftServerConfigKeys (ConfUtils.java:logGet(43)) - raft.server.rpc.timeout.max = 5200ms (custom)
2019-07-30 15:10:50,306 INFO  server.RaftServerConfigKeys (ConfUtils.java:logGet(43)) - raft.server.rpcslowness.timeout = 120s (custom)
2019-07-30 15:10:50,306 INFO  server.RaftServerConfigKeys (ConfUtils.java:logGet(43)) - raft.server.sleep.deviation.threshold = 300 (default)
2019-07-30 15:10:50,307 INFO  server.RaftServerConfigKeys (ConfUtils.java:logGet(43)) - raft.server.log.appender.install.snapshot.enabled = false (custom)
2019-07-30 15:10:50,307 INFO  impl.RaftServerImpl (ServerState.java:<init>(105)) - c328df49-0f3d-4ecf-91f5-893d86bae7a0:group-CF379BA25040 ConfigurationManager, init=-1: [c328df49-0f3d-4ecf-91f5-893d86bae7a0:192.168.5.170:40071], old=null, confs=<EMPTY_MAP>
2019-07-30 15:10:50,307 INFO  server.RaftServerConfigKeys (ConfUtils.java:logGet(43)) - raft.server.storage.dir = [/workdir/hadoop-ozone/integration-test/target/test-dir/MiniOzoneClusterImpl-deb39eb4-d2b4-453d-924d-c2b7b0ac8c4c/datanode-6/data/ratis] (custom)
2019-07-30 15:10:50,307 INFO  storage.RaftStorageDirectory (RaftStorageDirectory.java:analyzeStorage(246)) - The storage directory /workdir/hadoop-ozone/integration-test/target/test-dir/MiniOzoneClusterImpl-deb39eb4-d2b4-453d-924d-c2b7b0ac8c4c/datanode-6/data/ratis/aadd7b85-520a-4b2c-898f-cf379ba25040 does not exist. Creating ...
2019-07-30 15:10:50,308 INFO  rpc.RpcClient (RpcClient.java:createVolume(288)) - Creating Volume: testblockoutputstream, with jenkins1000 as owner.
2019-07-30 15:10:50,320 INFO  storage.RaftStorageDirectory (RaftStorageDirectory.java:tryLock(328)) - Lock on /workdir/hadoop-ozone/integration-test/target/test-dir/MiniOzoneClusterImpl-deb39eb4-d2b4-453d-924d-c2b7b0ac8c4c/datanode-6/data/ratis/aadd7b85-520a-4b2c-898f-cf379ba25040/in_use.lock acquired by nodename 32735@byscane-nightly-xg47r-921641087
2019-07-30 15:10:50,323 INFO  rpc.RpcClient (RpcClient.java:createBucket(425)) - Creating Bucket: testblockoutputstream/testblockoutputstream, with Versioning false and Storage Type set to DISK and Encryption set to false 
2019-07-30 15:10:50,333 INFO  storage.RaftStorage (RaftStorage.java:format(72)) - Storage directory /workdir/hadoop-ozone/integration-test/target/test-dir/MiniOzoneClusterImpl-deb39eb4-d2b4-453d-924d-c2b7b0ac8c4c/datanode-6/data/ratis/aadd7b85-520a-4b2c-898f-cf379ba25040 has been successfully formatted.
2019-07-30 15:10:50,334 INFO  ratis.ContainerStateMachine (ContainerStateMachine.java:loadSnapshot(213)) - group-CF379BA25040: The snapshot info is null. Setting the last applied indexto:(t:0, i:~)
2019-07-30 15:10:50,334 INFO  server.RaftServerConfigKeys (ConfUtils.java:logGet(43)) - raft.server.leader.election.timeout = 120s (custom)
2019-07-30 15:10:50,334 INFO  server.RaftServerConfigKeys (ConfUtils.java:logGet(43)) - raft.server.log.use.memory = false (default)
2019-07-30 15:10:50,334 INFO  server.RaftServerConfigKeys (ConfUtils.java:logGet(43)) - raft.server.log.purge.gap = 1000000000 (custom)
2019-07-30 15:10:50,334 INFO  server.RaftServerConfigKeys (ConfUtils.java:logGet(43)) - raft.server.log.appender.buffer.byte-limit = 33554432 (custom)
2019-07-30 15:10:50,334 INFO  server.RaftServerConfigKeys (ConfUtils.java:logGet(43)) - raft.server.log.segment.size.max = 1048576 (custom)
2019-07-30 15:10:50,335 INFO  server.RaftServerConfigKeys (ConfUtils.java:logGet(43)) - raft.server.log.segment.cache.num.max = 2 (custom)
2019-07-30 15:10:50,335 INFO  segmented.SegmentedRaftLogWorker (SegmentedRaftLogWorker.java:<init>(172)) - new c328df49-0f3d-4ecf-91f5-893d86bae7a0-SegmentedRaftLogWorker:Storage Directory /workdir/hadoop-ozone/integration-test/target/test-dir/MiniOzoneClusterImpl-deb39eb4-d2b4-453d-924d-c2b7b0ac8c4c/datanode-6/data/ratis/aadd7b85-520a-4b2c-898f-cf379ba25040 for RaftStorage:Storage Directory /workdir/hadoop-ozone/integration-test/target/test-dir/MiniOzoneClusterImpl-deb39eb4-d2b4-453d-924d-c2b7b0ac8c4c/datanode-6/data/ratis/aadd7b85-520a-4b2c-898f-cf379ba25040
2019-07-30 15:10:50,335 INFO  server.RaftServerConfigKeys (ConfUtils.java:logGet(43)) - raft.server.log.queue.byte-limit = 2147483647 (custom)
2019-07-30 15:10:50,335 INFO  server.RaftServerConfigKeys (ConfUtils.java:logGet(43)) - raft.server.log.queue.element-limit = 1024 (custom)
2019-07-30 15:10:50,335 INFO  server.RaftServerConfigKeys (ConfUtils.java:logGet(43)) - raft.server.log.segment.size.max = 1048576 (custom)
2019-07-30 15:10:50,335 INFO  server.RaftServerConfigKeys (ConfUtils.java:logGet(43)) - raft.server.log.preallocated.size = 16384 (custom)
2019-07-30 15:10:50,336 INFO  server.RaftServerConfigKeys (ConfUtils.java:logGet(43)) - raft.server.log.write.buffer.size = 33554432 (custom)
2019-07-30 15:10:50,336 INFO  server.RaftServerConfigKeys (ConfUtils.java:logGet(43)) - raft.server.log.force.sync.num = 128 (default)
2019-07-30 15:10:50,336 INFO  server.RaftServerConfigKeys (ConfUtils.java:logGet(43)) - raft.server.log.statemachine.data.sync = true (default)
2019-07-30 15:10:50,336 INFO  server.RaftServerConfigKeys (ConfUtils.java:logGet(43)) - raft.server.log.statemachine.data.sync.timeout = 10s (default)
2019-07-30 15:10:50,336 INFO  server.RaftServerConfigKeys (ConfUtils.java:logGet(43)) - raft.server.log.statemachine.data.sync.timeout.retry = -1 (default)
2019-07-30 15:10:50,336 INFO  server.RaftServerConfigKeys (ConfUtils.java:logGet(43)) - raft.server.log.statemachine.data.caching.enabled = true (custom)
2019-07-30 15:10:50,337 INFO  segmented.SegmentedRaftLogWorker (SegmentedRaftLogWorker.java:lambda$new$0(132)) - c328df49-0f3d-4ecf-91f5-893d86bae7a0-SegmentedRaftLogWorker:Storage Directory /workdir/hadoop-ozone/integration-test/target/test-dir/MiniOzoneClusterImpl-deb39eb4-d2b4-453d-924d-c2b7b0ac8c4c/datanode-6/data/ratis/aadd7b85-520a-4b2c-898f-cf379ba25040: flushIndex: setUnconditionally 0 -> -1
2019-07-30 15:10:50,337 INFO  server.RaftServerConfigKeys (ConfUtils.java:logGet(43)) - raft.server.snapshot.auto.trigger.enabled = true (custom)
2019-07-30 15:10:50,337 INFO  server.RaftServerConfigKeys (ConfUtils.java:logGet(43)) - raft.server.snapshot.auto.trigger.threshold = 10000 (custom)
2019-07-30 15:10:50,337 INFO  server.RaftServerConfigKeys (ConfUtils.java:logGet(43)) - raft.server.retrycache.expirytime = 600000ms (custom)
2019-07-30 15:10:50,337 INFO  impl.RaftServerImpl (RaftServerImpl.java:start(180)) - c328df49-0f3d-4ecf-91f5-893d86bae7a0: start group-CF379BA25040
2019-07-30 15:10:50,338 INFO  impl.RaftServerImpl (RaftServerImpl.java:setRole(171)) - c328df49-0f3d-4ecf-91f5-893d86bae7a0:group-CF379BA25040 changes role from null to FOLLOWER at term 0 for startAsFollower
2019-07-30 15:10:50,338 INFO  impl.RoleInfo (RoleInfo.java:updateAndGet(143)) - c328df49-0f3d-4ecf-91f5-893d86bae7a0: start FollowerState
2019-07-30 15:10:50,338 INFO  util.JmxRegister (JmxRegister.java:tryRegister(44)) - Successfully registered JMX Bean with object name Ratis:service=RaftServer,group=group-CF379BA25040,id=c328df49-0f3d-4ecf-91f5-893d86bae7a0
2019-07-30 15:10:50,340 INFO  pipeline.PipelineStateManager (PipelineStateManager.java:addPipeline(56)) - Created pipeline Pipeline[ Id: aadd7b85-520a-4b2c-898f-cf379ba25040, Nodes: c328df49-0f3d-4ecf-91f5-893d86bae7a0{ip: 192.168.5.170, host: byscane-nightly-xg47r-921641087, networkLocation: /default-rack, certSerialId: null}, Type:RATIS, Factor:ONE, State:OPEN]
2019-07-30 15:10:50,354 INFO  client.GrpcClientProtocolClient (GrpcClientProtocolClient.java:onNext(255)) - client-897CC7278FA0->80a33e47-92c6-4939-ade9-ac3b601b7b20: receive RaftClientReply:client-897CC7278FA0->80a33e47-92c6-4939-ade9-ac3b601b7b20@group-E4E3B7CAA974, cid=208, FAILED org.apache.ratis.protocol.NotLeaderException: Server 80a33e47-92c6-4939-ade9-ac3b601b7b20 is not the leader (null). Request must be sent to leader., logIndex=0, commits[80a33e47-92c6-4939-ade9-ac3b601b7b20:c-1]
2019-07-30 15:10:51,368 INFO  client.GrpcClientProtocolClient (GrpcClientProtocolClient.java:onNext(255)) - client-897CC7278FA0->8a680a7a-6242-4ac2-8c73-af55182af999: receive RaftClientReply:client-897CC7278FA0->8a680a7a-6242-4ac2-8c73-af55182af999@group-E4E3B7CAA974, cid=208, FAILED org.apache.ratis.protocol.NotLeaderException: Server 8a680a7a-6242-4ac2-8c73-af55182af999 is not the leader (null). Request must be sent to leader., logIndex=0, commits[8a680a7a-6242-4ac2-8c73-af55182af999:c-1]
2019-07-30 15:10:52,035 INFO  container.ReplicationManager (ReplicationManager.java:start(155)) - Starting Replication Monitor Thread.
2019-07-30 15:10:52,039 INFO  container.ReplicationManager (ReplicationManager.java:run(207)) - Replication Monitor Thread took 0 milliseconds for processing 1 containers.
2019-07-30 15:10:52,381 INFO  client.GrpcClientProtocolClient (GrpcClientProtocolClient.java:onNext(255)) - client-897CC7278FA0->e5fa99ce-951d-4e55-9b5e-cd58416142a4: receive RaftClientReply:client-897CC7278FA0->e5fa99ce-951d-4e55-9b5e-cd58416142a4@group-E4E3B7CAA974, cid=208, FAILED org.apache.ratis.protocol.NotLeaderException: Server e5fa99ce-951d-4e55-9b5e-cd58416142a4 is not the leader (null). Request must be sent to leader., logIndex=0, commits[e5fa99ce-951d-4e55-9b5e-cd58416142a4:c-1]
2019-07-30 15:10:53,391 INFO  client.GrpcClientProtocolClient (GrpcClientProtocolClient.java:onNext(255)) - client-897CC7278FA0->80a33e47-92c6-4939-ade9-ac3b601b7b20: receive RaftClientReply:client-897CC7278FA0->80a33e47-92c6-4939-ade9-ac3b601b7b20@group-E4E3B7CAA974, cid=208, FAILED org.apache.ratis.protocol.NotLeaderException: Server 80a33e47-92c6-4939-ade9-ac3b601b7b20 is not the leader (null). Request must be sent to leader., logIndex=0, commits[80a33e47-92c6-4939-ade9-ac3b601b7b20:c-1]
2019-07-30 15:10:54,167 INFO  impl.FollowerState (FollowerState.java:run(106)) - 80a33e47-92c6-4939-ade9-ac3b601b7b20:group-97E8D07CCB3B changes to CANDIDATE, lastRpcTime:5098, electionTimeout:5098ms
2019-07-30 15:10:54,167 INFO  impl.RoleInfo (RoleInfo.java:shutdownFollowerState(121)) - 80a33e47-92c6-4939-ade9-ac3b601b7b20: shutdown FollowerState
2019-07-30 15:10:54,167 INFO  impl.RaftServerImpl (RaftServerImpl.java:setRole(171)) - 80a33e47-92c6-4939-ade9-ac3b601b7b20:group-97E8D07CCB3B changes role from FOLLOWER to CANDIDATE at term 0 for changeToCandidate
2019-07-30 15:10:54,167 INFO  impl.RoleInfo (RoleInfo.java:updateAndGet(143)) - 80a33e47-92c6-4939-ade9-ac3b601b7b20: start LeaderElection
2019-07-30 15:10:54,201 INFO  impl.LeaderElection (LeaderElection.java:askForVotes(181)) - 80a33e47-92c6-4939-ade9-ac3b601b7b20:group-97E8D07CCB3B:LeaderElection70: begin an election at term 1 for -1: [80a33e47-92c6-4939-ade9-ac3b601b7b20:192.168.5.170:46473], old=null
2019-07-30 15:10:54,202 INFO  impl.RoleInfo (RoleInfo.java:shutdownLeaderElection(134)) - 80a33e47-92c6-4939-ade9-ac3b601b7b20: shutdown LeaderElection
2019-07-30 15:10:54,202 INFO  impl.RaftServerImpl (RaftServerImpl.java:setRole(171)) - 80a33e47-92c6-4939-ade9-ac3b601b7b20:group-97E8D07CCB3B changes role from CANDIDATE to LEADER at term 1 for changeToLeader
2019-07-30 15:10:54,202 INFO  impl.RaftServerImpl (ServerState.java:setLeader(263)) - 80a33e47-92c6-4939-ade9-ac3b601b7b20:group-97E8D07CCB3B change Leader from null to 80a33e47-92c6-4939-ade9-ac3b601b7b20 at term 1 for becomeLeader, leader elected after 5137ms
2019-07-30 15:10:54,202 INFO  server.RaftServerConfigKeys (ConfUtils.java:logGet(43)) - raft.server.staging.catchup.gap = 1000 (default)
2019-07-30 15:10:54,202 INFO  server.RaftServerConfigKeys (ConfUtils.java:logGet(43)) - raft.server.rpc.sleep.time = 25ms (default)
2019-07-30 15:10:54,202 INFO  server.RaftServerConfigKeys (ConfUtils.java:logGet(43)) - raft.server.write.element-limit = 4096 (default)
2019-07-30 15:10:54,202 INFO  server.RaftServerConfigKeys (ConfUtils.java:logGet(43)) - raft.server.watch.timeout = 10s (default)
2019-07-30 15:10:54,203 INFO  server.RaftServerConfigKeys (ConfUtils.java:logGet(43)) - raft.server.watch.timeout.denomination = 1s (default)
2019-07-30 15:10:54,203 INFO  server.RaftServerConfigKeys (ConfUtils.java:logGet(43)) - raft.server.watch.element-limit = 65536 (default)
2019-07-30 15:10:54,203 INFO  impl.RoleInfo (RoleInfo.java:updateAndGet(143)) - 80a33e47-92c6-4939-ade9-ac3b601b7b20: start LeaderState
2019-07-30 15:10:54,203 INFO  segmented.SegmentedRaftLogWorker (SegmentedRaftLogWorker.java:startLogSegment(380)) - 80a33e47-92c6-4939-ade9-ac3b601b7b20-SegmentedRaftLogWorker:Storage Directory /workdir/hadoop-ozone/integration-test/target/test-dir/MiniOzoneClusterImpl-deb39eb4-d2b4-453d-924d-c2b7b0ac8c4c/datanode-0/data/ratis/e52e4997-df40-461b-b979-97e8d07ccb3b: Starting segment from index:0
2019-07-30 15:10:54,204 INFO  impl.RaftServerImpl (ServerState.java:setRaftConf(361)) - 80a33e47-92c6-4939-ade9-ac3b601b7b20:group-97E8D07CCB3B set configuration 0: [80a33e47-92c6-4939-ade9-ac3b601b7b20:192.168.5.170:46473], old=null at 0
2019-07-30 15:10:54,232 INFO  segmented.SegmentedRaftLogWorker (SegmentedRaftLogWorker.java:execute(569)) - 80a33e47-92c6-4939-ade9-ac3b601b7b20-SegmentedRaftLogWorker:Storage Directory /workdir/hadoop-ozone/integration-test/target/test-dir/MiniOzoneClusterImpl-deb39eb4-d2b4-453d-924d-c2b7b0ac8c4c/datanode-0/data/ratis/e52e4997-df40-461b-b979-97e8d07ccb3b: created new log segment /workdir/hadoop-ozone/integration-test/target/test-dir/MiniOzoneClusterImpl-deb39eb4-d2b4-453d-924d-c2b7b0ac8c4c/datanode-0/data/ratis/e52e4997-df40-461b-b979-97e8d07ccb3b/current/log_inprogress_0
2019-07-30 15:10:54,289 INFO  impl.FollowerState (FollowerState.java:run(106)) - e5fa99ce-951d-4e55-9b5e-cd58416142a4:group-FE4032B3CD7C changes to CANDIDATE, lastRpcTime:5046, electionTimeout:5046ms
2019-07-30 15:10:54,289 INFO  impl.RoleInfo (RoleInfo.java:shutdownFollowerState(121)) - e5fa99ce-951d-4e55-9b5e-cd58416142a4: shutdown FollowerState
2019-07-30 15:10:54,289 INFO  impl.RaftServerImpl (RaftServerImpl.java:setRole(171)) - e5fa99ce-951d-4e55-9b5e-cd58416142a4:group-FE4032B3CD7C changes role from FOLLOWER to CANDIDATE at term 0 for changeToCandidate
2019-07-30 15:10:54,289 INFO  impl.RoleInfo (RoleInfo.java:updateAndGet(143)) - e5fa99ce-951d-4e55-9b5e-cd58416142a4: start LeaderElection
2019-07-30 15:10:54,310 INFO  impl.LeaderElection (LeaderElection.java:askForVotes(181)) - e5fa99ce-951d-4e55-9b5e-cd58416142a4:group-FE4032B3CD7C:LeaderElection71: begin an election at term 1 for -1: [e5fa99ce-951d-4e55-9b5e-cd58416142a4:192.168.5.170:36658], old=null
2019-07-30 15:10:54,310 INFO  impl.RoleInfo (RoleInfo.java:shutdownLeaderElection(134)) - e5fa99ce-951d-4e55-9b5e-cd58416142a4: shutdown LeaderElection
2019-07-30 15:10:54,310 INFO  impl.RaftServerImpl (RaftServerImpl.java:setRole(171)) - e5fa99ce-951d-4e55-9b5e-cd58416142a4:group-FE4032B3CD7C changes role from CANDIDATE to LEADER at term 1 for changeToLeader
2019-07-30 15:10:54,310 INFO  impl.RaftServerImpl (ServerState.java:setLeader(263)) - e5fa99ce-951d-4e55-9b5e-cd58416142a4:group-FE4032B3CD7C change Leader from null to e5fa99ce-951d-4e55-9b5e-cd58416142a4 at term 1 for becomeLeader, leader elected after 5072ms
2019-07-30 15:10:54,311 INFO  server.RaftServerConfigKeys (ConfUtils.java:logGet(43)) - raft.server.staging.catchup.gap = 1000 (default)
2019-07-30 15:10:54,311 INFO  server.RaftServerConfigKeys (ConfUtils.java:logGet(43)) - raft.server.rpc.sleep.time = 25ms (default)
2019-07-30 15:10:54,311 INFO  server.RaftServerConfigKeys (ConfUtils.java:logGet(43)) - raft.server.write.element-limit = 4096 (default)
2019-07-30 15:10:54,311 INFO  server.RaftServerConfigKeys (ConfUtils.java:logGet(43)) - raft.server.watch.timeout = 10s (default)
2019-07-30 15:10:54,311 INFO  server.RaftServerConfigKeys (ConfUtils.java:logGet(43)) - raft.server.watch.timeout.denomination = 1s (default)
2019-07-30 15:10:54,311 INFO  server.RaftServerConfigKeys (ConfUtils.java:logGet(43)) - raft.server.watch.element-limit = 65536 (default)
2019-07-30 15:10:54,311 INFO  impl.RoleInfo (RoleInfo.java:updateAndGet(143)) - e5fa99ce-951d-4e55-9b5e-cd58416142a4: start LeaderState
2019-07-30 15:10:54,312 INFO  segmented.SegmentedRaftLogWorker (SegmentedRaftLogWorker.java:startLogSegment(380)) - e5fa99ce-951d-4e55-9b5e-cd58416142a4-SegmentedRaftLogWorker:Storage Directory /workdir/hadoop-ozone/integration-test/target/test-dir/MiniOzoneClusterImpl-deb39eb4-d2b4-453d-924d-c2b7b0ac8c4c/datanode-1/data/ratis/f3f76dd3-5ba1-446e-9e85-fe4032b3cd7c: Starting segment from index:0
2019-07-30 15:10:54,312 INFO  impl.RaftServerImpl (ServerState.java:setRaftConf(361)) - e5fa99ce-951d-4e55-9b5e-cd58416142a4:group-FE4032B3CD7C set configuration 0: [e5fa99ce-951d-4e55-9b5e-cd58416142a4:192.168.5.170:36658], old=null at 0
2019-07-30 15:10:54,355 INFO  segmented.SegmentedRaftLogWorker (SegmentedRaftLogWorker.java:execute(569)) - e5fa99ce-951d-4e55-9b5e-cd58416142a4-SegmentedRaftLogWorker:Storage Directory /workdir/hadoop-ozone/integration-test/target/test-dir/MiniOzoneClusterImpl-deb39eb4-d2b4-453d-924d-c2b7b0ac8c4c/datanode-1/data/ratis/f3f76dd3-5ba1-446e-9e85-fe4032b3cd7c: created new log segment /workdir/hadoop-ozone/integration-test/target/test-dir/MiniOzoneClusterImpl-deb39eb4-d2b4-453d-924d-c2b7b0ac8c4c/datanode-1/data/ratis/f3f76dd3-5ba1-446e-9e85-fe4032b3cd7c/current/log_inprogress_0
2019-07-30 15:10:54,407 INFO  client.GrpcClientProtocolClient (GrpcClientProtocolClient.java:onNext(255)) - client-897CC7278FA0->e5fa99ce-951d-4e55-9b5e-cd58416142a4: receive RaftClientReply:client-897CC7278FA0->e5fa99ce-951d-4e55-9b5e-cd58416142a4@group-E4E3B7CAA974, cid=208, FAILED org.apache.ratis.protocol.NotLeaderException: Server e5fa99ce-951d-4e55-9b5e-cd58416142a4 is not the leader (null). Request must be sent to leader., logIndex=0, commits[e5fa99ce-951d-4e55-9b5e-cd58416142a4:c-1]
2019-07-30 15:10:54,474 INFO  impl.FollowerState (FollowerState.java:run(106)) - 8a680a7a-6242-4ac2-8c73-af55182af999:group-9CA9B1DDC274 changes to CANDIDATE, lastRpcTime:5034, electionTimeout:5034ms
2019-07-30 15:10:54,474 INFO  impl.RoleInfo (RoleInfo.java:shutdownFollowerState(121)) - 8a680a7a-6242-4ac2-8c73-af55182af999: shutdown FollowerState
2019-07-30 15:10:54,474 INFO  impl.RaftServerImpl (RaftServerImpl.java:setRole(171)) - 8a680a7a-6242-4ac2-8c73-af55182af999:group-9CA9B1DDC274 changes role from FOLLOWER to CANDIDATE at term 0 for changeToCandidate
2019-07-30 15:10:54,474 INFO  impl.RoleInfo (RoleInfo.java:updateAndGet(143)) - 8a680a7a-6242-4ac2-8c73-af55182af999: start LeaderElection
2019-07-30 15:10:54,487 INFO  impl.LeaderElection (LeaderElection.java:askForVotes(181)) - 8a680a7a-6242-4ac2-8c73-af55182af999:group-9CA9B1DDC274:LeaderElection72: begin an election at term 1 for -1: [8a680a7a-6242-4ac2-8c73-af55182af999:192.168.5.170:34331], old=null
2019-07-30 15:10:54,488 INFO  impl.RoleInfo (RoleInfo.java:shutdownLeaderElection(134)) - 8a680a7a-6242-4ac2-8c73-af55182af999: shutdown LeaderElection
2019-07-30 15:10:54,488 INFO  impl.RaftServerImpl (RaftServerImpl.java:setRole(171)) - 8a680a7a-6242-4ac2-8c73-af55182af999:group-9CA9B1DDC274 changes role from CANDIDATE to LEADER at term 1 for changeToLeader
2019-07-30 15:10:54,488 INFO  impl.RaftServerImpl (ServerState.java:setLeader(263)) - 8a680a7a-6242-4ac2-8c73-af55182af999:group-9CA9B1DDC274 change Leader from null to 8a680a7a-6242-4ac2-8c73-af55182af999 at term 1 for becomeLeader, leader elected after 5052ms
2019-07-30 15:10:54,488 INFO  server.RaftServerConfigKeys (ConfUtils.java:logGet(43)) - raft.server.staging.catchup.gap = 1000 (default)
2019-07-30 15:10:54,488 INFO  server.RaftServerConfigKeys (ConfUtils.java:logGet(43)) - raft.server.rpc.sleep.time = 25ms (default)
2019-07-30 15:10:54,488 INFO  server.RaftServerConfigKeys (ConfUtils.java:logGet(43)) - raft.server.write.element-limit = 4096 (default)
2019-07-30 15:10:54,489 INFO  server.RaftServerConfigKeys (ConfUtils.java:logGet(43)) - raft.server.watch.timeout = 10s (default)
2019-07-30 15:10:54,489 INFO  server.RaftServerConfigKeys (ConfUtils.java:logGet(43)) - raft.server.watch.timeout.denomination = 1s (default)
2019-07-30 15:10:54,489 INFO  server.RaftServerConfigKeys (ConfUtils.java:logGet(43)) - raft.server.watch.element-limit = 65536 (default)
2019-07-30 15:10:54,489 INFO  impl.RoleInfo (RoleInfo.java:updateAndGet(143)) - 8a680a7a-6242-4ac2-8c73-af55182af999: start LeaderState
2019-07-30 15:10:54,489 INFO  segmented.SegmentedRaftLogWorker (SegmentedRaftLogWorker.java:startLogSegment(380)) - 8a680a7a-6242-4ac2-8c73-af55182af999-SegmentedRaftLogWorker:Storage Directory /workdir/hadoop-ozone/integration-test/target/test-dir/MiniOzoneClusterImpl-deb39eb4-d2b4-453d-924d-c2b7b0ac8c4c/datanode-2/data/ratis/f395f0c5-20f5-4929-9865-9ca9b1ddc274: Starting segment from index:0
2019-07-30 15:10:54,490 INFO  impl.RaftServerImpl (ServerState.java:setRaftConf(361)) - 8a680a7a-6242-4ac2-8c73-af55182af999:group-9CA9B1DDC274 set configuration 0: [8a680a7a-6242-4ac2-8c73-af55182af999:192.168.5.170:34331], old=null at 0
2019-07-30 15:10:54,520 INFO  segmented.SegmentedRaftLogWorker (SegmentedRaftLogWorker.java:execute(569)) - 8a680a7a-6242-4ac2-8c73-af55182af999-SegmentedRaftLogWorker:Storage Directory /workdir/hadoop-ozone/integration-test/target/test-dir/MiniOzoneClusterImpl-deb39eb4-d2b4-453d-924d-c2b7b0ac8c4c/datanode-2/data/ratis/f395f0c5-20f5-4929-9865-9ca9b1ddc274: created new log segment /workdir/hadoop-ozone/integration-test/target/test-dir/MiniOzoneClusterImpl-deb39eb4-d2b4-453d-924d-c2b7b0ac8c4c/datanode-2/data/ratis/f395f0c5-20f5-4929-9865-9ca9b1ddc274/current/log_inprogress_0
2019-07-30 15:10:54,521 INFO  impl.FollowerState (FollowerState.java:run(106)) - 80a33e47-92c6-4939-ade9-ac3b601b7b20:group-E4E3B7CAA974 changes to CANDIDATE, lastRpcTime:5017, electionTimeout:5017ms
2019-07-30 15:10:54,521 INFO  impl.RoleInfo (RoleInfo.java:shutdownFollowerState(121)) - 80a33e47-92c6-4939-ade9-ac3b601b7b20: shutdown FollowerState
2019-07-30 15:10:54,521 INFO  impl.RaftServerImpl (RaftServerImpl.java:setRole(171)) - 80a33e47-92c6-4939-ade9-ac3b601b7b20:group-E4E3B7CAA974 changes role from FOLLOWER to CANDIDATE at term 0 for changeToCandidate
2019-07-30 15:10:54,521 INFO  impl.RoleInfo (RoleInfo.java:updateAndGet(143)) - 80a33e47-92c6-4939-ade9-ac3b601b7b20: start LeaderElection
2019-07-30 15:10:54,532 INFO  impl.LeaderElection (LeaderElection.java:askForVotes(181)) - 80a33e47-92c6-4939-ade9-ac3b601b7b20:group-E4E3B7CAA974:LeaderElection73: begin an election at term 1 for -1: [80a33e47-92c6-4939-ade9-ac3b601b7b20:192.168.5.170:46473, e5fa99ce-951d-4e55-9b5e-cd58416142a4:192.168.5.170:36658, 8a680a7a-6242-4ac2-8c73-af55182af999:192.168.5.170:34331], old=null
2019-07-30 15:10:54,540 INFO  impl.RaftServerImpl (RaftServerImpl.java:setRole(171)) - e5fa99ce-951d-4e55-9b5e-cd58416142a4:group-E4E3B7CAA974 changes role from FOLLOWER to FOLLOWER at term 1 for recognizeCandidate:80a33e47-92c6-4939-ade9-ac3b601b7b20
2019-07-30 15:10:54,543 INFO  impl.RoleInfo (RoleInfo.java:shutdownFollowerState(121)) - e5fa99ce-951d-4e55-9b5e-cd58416142a4: shutdown FollowerState
2019-07-30 15:10:54,543 INFO  impl.RaftServerImpl (RaftServerImpl.java:setRole(171)) - 8a680a7a-6242-4ac2-8c73-af55182af999:group-E4E3B7CAA974 changes role from FOLLOWER to FOLLOWER at term 1 for recognizeCandidate:80a33e47-92c6-4939-ade9-ac3b601b7b20
2019-07-30 15:10:54,543 INFO  impl.FollowerState (FollowerState.java:run(114)) - e5fa99ce-951d-4e55-9b5e-cd58416142a4: FollowerState was interrupted: java.lang.InterruptedException: sleep interrupted
2019-07-30 15:10:54,543 INFO  impl.RoleInfo (RoleInfo.java:updateAndGet(143)) - e5fa99ce-951d-4e55-9b5e-cd58416142a4: start FollowerState
2019-07-30 15:10:54,543 INFO  impl.RoleInfo (RoleInfo.java:shutdownFollowerState(121)) - 8a680a7a-6242-4ac2-8c73-af55182af999: shutdown FollowerState
2019-07-30 15:10:54,546 INFO  impl.RoleInfo (RoleInfo.java:updateAndGet(143)) - 8a680a7a-6242-4ac2-8c73-af55182af999: start FollowerState
2019-07-30 15:10:54,546 INFO  impl.FollowerState (FollowerState.java:run(114)) - 8a680a7a-6242-4ac2-8c73-af55182af999: FollowerState was interrupted: java.lang.InterruptedException: sleep interrupted
2019-07-30 15:10:54,579 INFO  impl.LeaderElection (LeaderElection.java:logAndReturn(56)) - 80a33e47-92c6-4939-ade9-ac3b601b7b20:group-E4E3B7CAA974:LeaderElection73: Election PASSED; received 1 response(s) [80a33e47-92c6-4939-ade9-ac3b601b7b20<-e5fa99ce-951d-4e55-9b5e-cd58416142a4#0:OK-t1] and 0 exception(s); 80a33e47-92c6-4939-ade9-ac3b601b7b20:t1, leader=null, voted=80a33e47-92c6-4939-ade9-ac3b601b7b20, raftlog=80a33e47-92c6-4939-ade9-ac3b601b7b20-SegmentedRaftLog:OPENED:c-1,f-1,i0, conf=-1: [80a33e47-92c6-4939-ade9-ac3b601b7b20:192.168.5.170:46473, e5fa99ce-951d-4e55-9b5e-cd58416142a4:192.168.5.170:36658, 8a680a7a-6242-4ac2-8c73-af55182af999:192.168.5.170:34331], old=null
2019-07-30 15:10:54,579 INFO  impl.RoleInfo (RoleInfo.java:shutdownLeaderElection(134)) - 80a33e47-92c6-4939-ade9-ac3b601b7b20: shutdown LeaderElection
2019-07-30 15:10:54,579 INFO  impl.RaftServerImpl (RaftServerImpl.java:setRole(171)) - 80a33e47-92c6-4939-ade9-ac3b601b7b20:group-E4E3B7CAA974 changes role from CANDIDATE to LEADER at term 1 for changeToLeader
2019-07-30 15:10:54,579 INFO  impl.RaftServerImpl (ServerState.java:setLeader(263)) - 80a33e47-92c6-4939-ade9-ac3b601b7b20:group-E4E3B7CAA974 change Leader from null to 80a33e47-92c6-4939-ade9-ac3b601b7b20 at term 1 for becomeLeader, leader elected after 5087ms
2019-07-30 15:10:54,579 INFO  server.RaftServerConfigKeys (ConfUtils.java:logGet(43)) - raft.server.staging.catchup.gap = 1000 (default)
2019-07-30 15:10:54,580 INFO  server.RaftServerConfigKeys (ConfUtils.java:logGet(43)) - raft.server.rpc.sleep.time = 25ms (default)
2019-07-30 15:10:54,580 INFO  server.RaftServerConfigKeys (ConfUtils.java:logGet(43)) - raft.server.write.element-limit = 4096 (default)
2019-07-30 15:10:54,580 INFO  server.RaftServerConfigKeys (ConfUtils.java:logGet(43)) - raft.server.watch.timeout = 10s (default)
2019-07-30 15:10:54,580 INFO  server.RaftServerConfigKeys (ConfUtils.java:logGet(43)) - raft.server.watch.timeout.denomination = 1s (default)
2019-07-30 15:10:54,580 INFO  server.RaftServerConfigKeys (ConfUtils.java:logGet(43)) - raft.server.watch.element-limit = 65536 (default)
2019-07-30 15:10:54,580 INFO  server.RaftServerConfigKeys (ConfUtils.java:logGet(43)) - raft.server.log.appender.snapshot.chunk.size.max = 16MB (=16777216) (default)
2019-07-30 15:10:54,581 INFO  server.RaftServerConfigKeys (ConfUtils.java:logGet(43)) - raft.server.log.appender.buffer.byte-limit = 33554432 (custom)
2019-07-30 15:10:54,581 INFO  server.RaftServerConfigKeys (ConfUtils.java:logGet(43)) - raft.server.log.appender.buffer.element-limit = 1 (custom)
2019-07-30 15:10:54,581 INFO  grpc.GrpcConfigKeys$Server (ConfUtils.java:logGet(43)) - raft.grpc.server.leader.outstanding.appends.max = 128 (default)
2019-07-30 15:10:54,581 INFO  server.RaftServerConfigKeys (ConfUtils.java:logGet(43)) - raft.server.rpc.request.timeout = 3000ms (default)
2019-07-30 15:10:54,582 INFO  server.RaftServerConfigKeys (ConfUtils.java:logGet(43)) - raft.server.log.appender.install.snapshot.enabled = false (custom)
2019-07-30 15:10:54,582 INFO  server.RaftServerConfigKeys (ConfUtils.java:logGet(43)) - raft.server.log.appender.snapshot.chunk.size.max = 16MB (=16777216) (default)
2019-07-30 15:10:54,582 INFO  server.RaftServerConfigKeys (ConfUtils.java:logGet(43)) - raft.server.log.appender.buffer.byte-limit = 33554432 (custom)
2019-07-30 15:10:54,582 INFO  server.RaftServerConfigKeys (ConfUtils.java:logGet(43)) - raft.server.log.appender.buffer.element-limit = 1 (custom)
2019-07-30 15:10:54,582 INFO  grpc.GrpcConfigKeys$Server (ConfUtils.java:logGet(43)) - raft.grpc.server.leader.outstanding.appends.max = 128 (default)
2019-07-30 15:10:54,583 INFO  server.RaftServerConfigKeys (ConfUtils.java:logGet(43)) - raft.server.rpc.request.timeout = 3000ms (default)
2019-07-30 15:10:54,583 INFO  server.RaftServerConfigKeys (ConfUtils.java:logGet(43)) - raft.server.log.appender.install.snapshot.enabled = false (custom)
2019-07-30 15:10:54,583 INFO  impl.RoleInfo (RoleInfo.java:updateAndGet(143)) - 80a33e47-92c6-4939-ade9-ac3b601b7b20: start LeaderState
2019-07-30 15:10:54,583 INFO  segmented.SegmentedRaftLogWorker (SegmentedRaftLogWorker.java:startLogSegment(380)) - 80a33e47-92c6-4939-ade9-ac3b601b7b20-SegmentedRaftLogWorker:Storage Directory /workdir/hadoop-ozone/integration-test/target/test-dir/MiniOzoneClusterImpl-deb39eb4-d2b4-453d-924d-c2b7b0ac8c4c/datanode-0/data/ratis/18635bdc-25c5-41cc-b9e3-e4e3b7caa974: Starting segment from index:0
2019-07-30 15:10:54,584 INFO  impl.RaftServerImpl (ServerState.java:setRaftConf(361)) - 80a33e47-92c6-4939-ade9-ac3b601b7b20:group-E4E3B7CAA974 set configuration 0: [80a33e47-92c6-4939-ade9-ac3b601b7b20:192.168.5.170:46473, e5fa99ce-951d-4e55-9b5e-cd58416142a4:192.168.5.170:36658, 8a680a7a-6242-4ac2-8c73-af55182af999:192.168.5.170:34331], old=null at 0
2019-07-30 15:10:54,605 INFO  impl.RaftServerImpl (ServerState.java:setLeader(263)) - e5fa99ce-951d-4e55-9b5e-cd58416142a4:group-E4E3B7CAA974 change Leader from null to 80a33e47-92c6-4939-ade9-ac3b601b7b20 at term 1 for appendEntries, leader elected after 5112ms
2019-07-30 15:10:54,605 INFO  impl.RaftServerImpl (ServerState.java:setLeader(263)) - 8a680a7a-6242-4ac2-8c73-af55182af999:group-E4E3B7CAA974 change Leader from null to 80a33e47-92c6-4939-ade9-ac3b601b7b20 at term 1 for appendEntries, leader elected after 5113ms
2019-07-30 15:10:54,613 INFO  impl.RaftServerImpl (ServerState.java:setRaftConf(361)) - e5fa99ce-951d-4e55-9b5e-cd58416142a4:group-E4E3B7CAA974 set configuration 0: [80a33e47-92c6-4939-ade9-ac3b601b7b20:192.168.5.170:46473, e5fa99ce-951d-4e55-9b5e-cd58416142a4:192.168.5.170:36658, 8a680a7a-6242-4ac2-8c73-af55182af999:192.168.5.170:34331], old=null at 0
2019-07-30 15:10:54,613 INFO  impl.RaftServerImpl (ServerState.java:setRaftConf(361)) - 8a680a7a-6242-4ac2-8c73-af55182af999:group-E4E3B7CAA974 set configuration 0: [80a33e47-92c6-4939-ade9-ac3b601b7b20:192.168.5.170:46473, e5fa99ce-951d-4e55-9b5e-cd58416142a4:192.168.5.170:36658, 8a680a7a-6242-4ac2-8c73-af55182af999:192.168.5.170:34331], old=null at 0
2019-07-30 15:10:54,613 INFO  segmented.SegmentedRaftLogWorker (SegmentedRaftLogWorker.java:startLogSegment(380)) - e5fa99ce-951d-4e55-9b5e-cd58416142a4-SegmentedRaftLogWorker:Storage Directory /workdir/hadoop-ozone/integration-test/target/test-dir/MiniOzoneClusterImpl-deb39eb4-d2b4-453d-924d-c2b7b0ac8c4c/datanode-1/data/ratis/18635bdc-25c5-41cc-b9e3-e4e3b7caa974: Starting segment from index:0
2019-07-30 15:10:54,613 INFO  segmented.SegmentedRaftLogWorker (SegmentedRaftLogWorker.java:startLogSegment(380)) - 8a680a7a-6242-4ac2-8c73-af55182af999-SegmentedRaftLogWorker:Storage Directory /workdir/hadoop-ozone/integration-test/target/test-dir/MiniOzoneClusterImpl-deb39eb4-d2b4-453d-924d-c2b7b0ac8c4c/datanode-2/data/ratis/18635bdc-25c5-41cc-b9e3-e4e3b7caa974: Starting segment from index:0
2019-07-30 15:10:54,617 INFO  segmented.SegmentedRaftLogWorker (SegmentedRaftLogWorker.java:execute(569)) - 80a33e47-92c6-4939-ade9-ac3b601b7b20-SegmentedRaftLogWorker:Storage Directory /workdir/hadoop-ozone/integration-test/target/test-dir/MiniOzoneClusterImpl-deb39eb4-d2b4-453d-924d-c2b7b0ac8c4c/datanode-0/data/ratis/18635bdc-25c5-41cc-b9e3-e4e3b7caa974: created new log segment /workdir/hadoop-ozone/integration-test/target/test-dir/MiniOzoneClusterImpl-deb39eb4-d2b4-453d-924d-c2b7b0ac8c4c/datanode-0/data/ratis/18635bdc-25c5-41cc-b9e3-e4e3b7caa974/current/log_inprogress_0
2019-07-30 15:10:54,644 INFO  segmented.SegmentedRaftLogWorker (SegmentedRaftLogWorker.java:execute(569)) - e5fa99ce-951d-4e55-9b5e-cd58416142a4-SegmentedRaftLogWorker:Storage Directory /workdir/hadoop-ozone/integration-test/target/test-dir/MiniOzoneClusterImpl-deb39eb4-d2b4-453d-924d-c2b7b0ac8c4c/datanode-1/data/ratis/18635bdc-25c5-41cc-b9e3-e4e3b7caa974: created new log segment /workdir/hadoop-ozone/integration-test/target/test-dir/MiniOzoneClusterImpl-deb39eb4-d2b4-453d-924d-c2b7b0ac8c4c/datanode-1/data/ratis/18635bdc-25c5-41cc-b9e3-e4e3b7caa974/current/log_inprogress_0
2019-07-30 15:10:54,644 INFO  segmented.SegmentedRaftLogWorker (SegmentedRaftLogWorker.java:execute(569)) - 8a680a7a-6242-4ac2-8c73-af55182af999-SegmentedRaftLogWorker:Storage Directory /workdir/hadoop-ozone/integration-test/target/test-dir/MiniOzoneClusterImpl-deb39eb4-d2b4-453d-924d-c2b7b0ac8c4c/datanode-2/data/ratis/18635bdc-25c5-41cc-b9e3-e4e3b7caa974: created new log segment /workdir/hadoop-ozone/integration-test/target/test-dir/MiniOzoneClusterImpl-deb39eb4-d2b4-453d-924d-c2b7b0ac8c4c/datanode-2/data/ratis/18635bdc-25c5-41cc-b9e3-e4e3b7caa974/current/log_inprogress_0
2019-07-30 15:10:54,692 INFO  impl.FollowerState (FollowerState.java:run(106)) - e6f7e345-2310-405e-81e0-5b298fa4eba6:group-7073520585FA changes to CANDIDATE, lastRpcTime:5073, electionTimeout:5073ms
2019-07-30 15:10:54,692 INFO  impl.RoleInfo (RoleInfo.java:shutdownFollowerState(121)) - e6f7e345-2310-405e-81e0-5b298fa4eba6: shutdown FollowerState
2019-07-30 15:10:54,693 INFO  impl.RaftServerImpl (RaftServerImpl.java:setRole(171)) - e6f7e345-2310-405e-81e0-5b298fa4eba6:group-7073520585FA changes role from FOLLOWER to CANDIDATE at term 0 for changeToCandidate
2019-07-30 15:10:54,693 INFO  impl.RoleInfo (RoleInfo.java:updateAndGet(143)) - e6f7e345-2310-405e-81e0-5b298fa4eba6: start LeaderElection
2019-07-30 15:10:54,713 INFO  impl.LeaderElection (LeaderElection.java:askForVotes(181)) - e6f7e345-2310-405e-81e0-5b298fa4eba6:group-7073520585FA:LeaderElection74: begin an election at term 1 for -1: [e6f7e345-2310-405e-81e0-5b298fa4eba6:192.168.5.170:39126], old=null
2019-07-30 15:10:54,714 INFO  impl.RoleInfo (RoleInfo.java:shutdownLeaderElection(134)) - e6f7e345-2310-405e-81e0-5b298fa4eba6: shutdown LeaderElection
2019-07-30 15:10:54,714 INFO  impl.RaftServerImpl (RaftServerImpl.java:setRole(171)) - e6f7e345-2310-405e-81e0-5b298fa4eba6:group-7073520585FA changes role from CANDIDATE to LEADER at term 1 for changeToLeader
2019-07-30 15:10:54,714 INFO  impl.RaftServerImpl (ServerState.java:setLeader(263)) - e6f7e345-2310-405e-81e0-5b298fa4eba6:group-7073520585FA change Leader from null to e6f7e345-2310-405e-81e0-5b298fa4eba6 at term 1 for becomeLeader, leader elected after 5099ms
2019-07-30 15:10:54,714 INFO  server.RaftServerConfigKeys (ConfUtils.java:logGet(43)) - raft.server.staging.catchup.gap = 1000 (default)
2019-07-30 15:10:54,714 INFO  server.RaftServerConfigKeys (ConfUtils.java:logGet(43)) - raft.server.rpc.sleep.time = 25ms (default)
2019-07-30 15:10:54,714 INFO  server.RaftServerConfigKeys (ConfUtils.java:logGet(43)) - raft.server.write.element-limit = 4096 (default)
2019-07-30 15:10:54,715 INFO  server.RaftServerConfigKeys (ConfUtils.java:logGet(43)) - raft.server.watch.timeout = 10s (default)
2019-07-30 15:10:54,715 INFO  server.RaftServerConfigKeys (ConfUtils.java:logGet(43)) - raft.server.watch.timeout.denomination = 1s (default)
2019-07-30 15:10:54,715 INFO  server.RaftServerConfigKeys (ConfUtils.java:logGet(43)) - raft.server.watch.element-limit = 65536 (default)
2019-07-30 15:10:54,715 INFO  impl.RoleInfo (RoleInfo.java:updateAndGet(143)) - e6f7e345-2310-405e-81e0-5b298fa4eba6: start LeaderState
2019-07-30 15:10:54,715 INFO  segmented.SegmentedRaftLogWorker (SegmentedRaftLogWorker.java:startLogSegment(380)) - e6f7e345-2310-405e-81e0-5b298fa4eba6-SegmentedRaftLogWorker:Storage Directory /workdir/hadoop-ozone/integration-test/target/test-dir/MiniOzoneClusterImpl-deb39eb4-d2b4-453d-924d-c2b7b0ac8c4c/datanode-3/data/ratis/c7322f07-7302-4799-a1ec-7073520585fa: Starting segment from index:0
2019-07-30 15:10:54,716 INFO  impl.RaftServerImpl (ServerState.java:setRaftConf(361)) - e6f7e345-2310-405e-81e0-5b298fa4eba6:group-7073520585FA set configuration 0: [e6f7e345-2310-405e-81e0-5b298fa4eba6:192.168.5.170:39126], old=null at 0
2019-07-30 15:10:54,739 INFO  segmented.SegmentedRaftLogWorker (SegmentedRaftLogWorker.java:execute(569)) - e6f7e345-2310-405e-81e0-5b298fa4eba6-SegmentedRaftLogWorker:Storage Directory /workdir/hadoop-ozone/integration-test/target/test-dir/MiniOzoneClusterImpl-deb39eb4-d2b4-453d-924d-c2b7b0ac8c4c/datanode-3/data/ratis/c7322f07-7302-4799-a1ec-7073520585fa: created new log segment /workdir/hadoop-ozone/integration-test/target/test-dir/MiniOzoneClusterImpl-deb39eb4-d2b4-453d-924d-c2b7b0ac8c4c/datanode-3/data/ratis/c7322f07-7302-4799-a1ec-7073520585fa/current/log_inprogress_0
2019-07-30 15:10:54,999 INFO  impl.FollowerState (FollowerState.java:run(106)) - b13d115d-b1b7-4a42-93a0-c105386ccce1:group-57AB95A8BE93 changes to CANDIDATE, lastRpcTime:5030, electionTimeout:5030ms
2019-07-30 15:10:54,999 INFO  impl.RoleInfo (RoleInfo.java:shutdownFollowerState(121)) - b13d115d-b1b7-4a42-93a0-c105386ccce1: shutdown FollowerState
2019-07-30 15:10:54,999 INFO  impl.RaftServerImpl (RaftServerImpl.java:setRole(171)) - b13d115d-b1b7-4a42-93a0-c105386ccce1:group-57AB95A8BE93 changes role from FOLLOWER to CANDIDATE at term 0 for changeToCandidate
2019-07-30 15:10:54,999 INFO  impl.RoleInfo (RoleInfo.java:updateAndGet(143)) - b13d115d-b1b7-4a42-93a0-c105386ccce1: start LeaderElection
2019-07-30 15:10:55,050 INFO  impl.LeaderElection (LeaderElection.java:askForVotes(181)) - b13d115d-b1b7-4a42-93a0-c105386ccce1:group-57AB95A8BE93:LeaderElection75: begin an election at term 1 for -1: [b13d115d-b1b7-4a42-93a0-c105386ccce1:192.168.5.170:40183], old=null
2019-07-30 15:10:55,051 INFO  impl.RoleInfo (RoleInfo.java:shutdownLeaderElection(134)) - b13d115d-b1b7-4a42-93a0-c105386ccce1: shutdown LeaderElection
2019-07-30 15:10:55,051 INFO  impl.RaftServerImpl (RaftServerImpl.java:setRole(171)) - b13d115d-b1b7-4a42-93a0-c105386ccce1:group-57AB95A8BE93 changes role from CANDIDATE to LEADER at term 1 for changeToLeader
2019-07-30 15:10:55,051 INFO  impl.RaftServerImpl (ServerState.java:setLeader(263)) - b13d115d-b1b7-4a42-93a0-c105386ccce1:group-57AB95A8BE93 change Leader from null to b13d115d-b1b7-4a42-93a0-c105386ccce1 at term 1 for becomeLeader, leader elected after 5086ms
2019-07-30 15:10:55,051 INFO  server.RaftServerConfigKeys (ConfUtils.java:logGet(43)) - raft.server.staging.catchup.gap = 1000 (default)
2019-07-30 15:10:55,051 INFO  server.RaftServerConfigKeys (ConfUtils.java:logGet(43)) - raft.server.rpc.sleep.time = 25ms (default)
2019-07-30 15:10:55,051 INFO  server.RaftServerConfigKeys (ConfUtils.java:logGet(43)) - raft.server.write.element-limit = 4096 (default)
2019-07-30 15:10:55,052 INFO  server.RaftServerConfigKeys (ConfUtils.java:logGet(43)) - raft.server.watch.timeout = 10s (default)
2019-07-30 15:10:55,052 INFO  server.RaftServerConfigKeys (ConfUtils.java:logGet(43)) - raft.server.watch.timeout.denomination = 1s (default)
2019-07-30 15:10:55,052 INFO  server.RaftServerConfigKeys (ConfUtils.java:logGet(43)) - raft.server.watch.element-limit = 65536 (default)
2019-07-30 15:10:55,052 INFO  impl.RoleInfo (RoleInfo.java:updateAndGet(143)) - b13d115d-b1b7-4a42-93a0-c105386ccce1: start LeaderState
2019-07-30 15:10:55,052 INFO  segmented.SegmentedRaftLogWorker (SegmentedRaftLogWorker.java:startLogSegment(380)) - b13d115d-b1b7-4a42-93a0-c105386ccce1-SegmentedRaftLogWorker:Storage Directory /workdir/hadoop-ozone/integration-test/target/test-dir/MiniOzoneClusterImpl-deb39eb4-d2b4-453d-924d-c2b7b0ac8c4c/datanode-4/data/ratis/ce858553-d13e-4f8d-a4e9-57ab95a8be93: Starting segment from index:0
2019-07-30 15:10:55,053 INFO  impl.RaftServerImpl (ServerState.java:setRaftConf(361)) - b13d115d-b1b7-4a42-93a0-c105386ccce1:group-57AB95A8BE93 set configuration 0: [b13d115d-b1b7-4a42-93a0-c105386ccce1:192.168.5.170:40183], old=null at 0
2019-07-30 15:10:55,094 INFO  segmented.SegmentedRaftLogWorker (SegmentedRaftLogWorker.java:execute(569)) - b13d115d-b1b7-4a42-93a0-c105386ccce1-SegmentedRaftLogWorker:Storage Directory /workdir/hadoop-ozone/integration-test/target/test-dir/MiniOzoneClusterImpl-deb39eb4-d2b4-453d-924d-c2b7b0ac8c4c/datanode-4/data/ratis/ce858553-d13e-4f8d-a4e9-57ab95a8be93: created new log segment /workdir/hadoop-ozone/integration-test/target/test-dir/MiniOzoneClusterImpl-deb39eb4-d2b4-453d-924d-c2b7b0ac8c4c/datanode-4/data/ratis/ce858553-d13e-4f8d-a4e9-57ab95a8be93/current/log_inprogress_0
2019-07-30 15:10:55,227 INFO  impl.FollowerState (FollowerState.java:run(106)) - e6f7e345-2310-405e-81e0-5b298fa4eba6:group-C349716F54CA changes to CANDIDATE, lastRpcTime:5019, electionTimeout:5019ms
2019-07-30 15:10:55,227 INFO  impl.RoleInfo (RoleInfo.java:shutdownFollowerState(121)) - e6f7e345-2310-405e-81e0-5b298fa4eba6: shutdown FollowerState
2019-07-30 15:10:55,227 INFO  impl.RaftServerImpl (RaftServerImpl.java:setRole(171)) - e6f7e345-2310-405e-81e0-5b298fa4eba6:group-C349716F54CA changes role from FOLLOWER to CANDIDATE at term 0 for changeToCandidate
2019-07-30 15:10:55,227 INFO  impl.RoleInfo (RoleInfo.java:updateAndGet(143)) - e6f7e345-2310-405e-81e0-5b298fa4eba6: start LeaderElection
2019-07-30 15:10:55,249 INFO  impl.LeaderElection (LeaderElection.java:askForVotes(181)) - e6f7e345-2310-405e-81e0-5b298fa4eba6:group-C349716F54CA:LeaderElection76: begin an election at term 1 for -1: [e6f7e345-2310-405e-81e0-5b298fa4eba6:192.168.5.170:39126, c591fbe9-ed50-49f5-8e7a-b9ddc7582314:192.168.5.170:45772, b13d115d-b1b7-4a42-93a0-c105386ccce1:192.168.5.170:40183], old=null
2019-07-30 15:10:55,262 INFO  impl.RaftServerImpl (RaftServerImpl.java:setRole(171)) - b13d115d-b1b7-4a42-93a0-c105386ccce1:group-C349716F54CA changes role from FOLLOWER to FOLLOWER at term 1 for recognizeCandidate:e6f7e345-2310-405e-81e0-5b298fa4eba6
2019-07-30 15:10:55,262 INFO  impl.RaftServerImpl (RaftServerImpl.java:setRole(171)) - c591fbe9-ed50-49f5-8e7a-b9ddc7582314:group-C349716F54CA changes role from FOLLOWER to FOLLOWER at term 1 for recognizeCandidate:e6f7e345-2310-405e-81e0-5b298fa4eba6
2019-07-30 15:10:55,262 INFO  impl.RoleInfo (RoleInfo.java:shutdownFollowerState(121)) - b13d115d-b1b7-4a42-93a0-c105386ccce1: shutdown FollowerState
2019-07-30 15:10:55,262 INFO  impl.RoleInfo (RoleInfo.java:shutdownFollowerState(121)) - c591fbe9-ed50-49f5-8e7a-b9ddc7582314: shutdown FollowerState
2019-07-30 15:10:55,263 INFO  impl.FollowerState (FollowerState.java:run(114)) - b13d115d-b1b7-4a42-93a0-c105386ccce1: FollowerState was interrupted: java.lang.InterruptedException: sleep interrupted
2019-07-30 15:10:55,263 INFO  impl.RoleInfo (RoleInfo.java:updateAndGet(143)) - c591fbe9-ed50-49f5-8e7a-b9ddc7582314: start FollowerState
2019-07-30 15:10:55,262 INFO  impl.RoleInfo (RoleInfo.java:updateAndGet(143)) - b13d115d-b1b7-4a42-93a0-c105386ccce1: start FollowerState
2019-07-30 15:10:55,263 INFO  impl.FollowerState (FollowerState.java:run(114)) - c591fbe9-ed50-49f5-8e7a-b9ddc7582314: FollowerState was interrupted: java.lang.InterruptedException: sleep interrupted
2019-07-30 15:10:55,276 INFO  impl.LeaderElection (LeaderElection.java:logAndReturn(56)) - e6f7e345-2310-405e-81e0-5b298fa4eba6:group-C349716F54CA:LeaderElection76: Election PASSED; received 1 response(s) [e6f7e345-2310-405e-81e0-5b298fa4eba6<-c591fbe9-ed50-49f5-8e7a-b9ddc7582314#0:OK-t1] and 0 exception(s); e6f7e345-2310-405e-81e0-5b298fa4eba6:t1, leader=null, voted=e6f7e345-2310-405e-81e0-5b298fa4eba6, raftlog=e6f7e345-2310-405e-81e0-5b298fa4eba6-SegmentedRaftLog:OPENED:c-1,f-1,i0, conf=-1: [e6f7e345-2310-405e-81e0-5b298fa4eba6:192.168.5.170:39126, c591fbe9-ed50-49f5-8e7a-b9ddc7582314:192.168.5.170:45772, b13d115d-b1b7-4a42-93a0-c105386ccce1:192.168.5.170:40183], old=null
2019-07-30 15:10:55,276 INFO  impl.RoleInfo (RoleInfo.java:shutdownLeaderElection(134)) - e6f7e345-2310-405e-81e0-5b298fa4eba6: shutdown LeaderElection
2019-07-30 15:10:55,276 INFO  impl.RaftServerImpl (RaftServerImpl.java:setRole(171)) - e6f7e345-2310-405e-81e0-5b298fa4eba6:group-C349716F54CA changes role from CANDIDATE to LEADER at term 1 for changeToLeader
2019-07-30 15:10:55,277 INFO  impl.RaftServerImpl (ServerState.java:setLeader(263)) - e6f7e345-2310-405e-81e0-5b298fa4eba6:group-C349716F54CA change Leader from null to e6f7e345-2310-405e-81e0-5b298fa4eba6 at term 1 for becomeLeader, leader elected after 5079ms
2019-07-30 15:10:55,277 INFO  server.RaftServerConfigKeys (ConfUtils.java:logGet(43)) - raft.server.staging.catchup.gap = 1000 (default)
2019-07-30 15:10:55,277 INFO  server.RaftServerConfigKeys (ConfUtils.java:logGet(43)) - raft.server.rpc.sleep.time = 25ms (default)
2019-07-30 15:10:55,277 INFO  server.RaftServerConfigKeys (ConfUtils.java:logGet(43)) - raft.server.write.element-limit = 4096 (default)
2019-07-30 15:10:55,277 INFO  server.RaftServerConfigKeys (ConfUtils.java:logGet(43)) - raft.server.watch.timeout = 10s (default)
2019-07-30 15:10:55,277 INFO  server.RaftServerConfigKeys (ConfUtils.java:logGet(43)) - raft.server.watch.timeout.denomination = 1s (default)
2019-07-30 15:10:55,277 INFO  server.RaftServerConfigKeys (ConfUtils.java:logGet(43)) - raft.server.watch.element-limit = 65536 (default)
2019-07-30 15:10:55,278 INFO  server.RaftServerConfigKeys (ConfUtils.java:logGet(43)) - raft.server.log.appender.snapshot.chunk.size.max = 16MB (=16777216) (default)
2019-07-30 15:10:55,278 INFO  server.RaftServerConfigKeys (ConfUtils.java:logGet(43)) - raft.server.log.appender.buffer.byte-limit = 33554432 (custom)
2019-07-30 15:10:55,278 INFO  server.RaftServerConfigKeys (ConfUtils.java:logGet(43)) - raft.server.log.appender.buffer.element-limit = 1 (custom)
2019-07-30 15:10:55,278 INFO  grpc.GrpcConfigKeys$Server (ConfUtils.java:logGet(43)) - raft.grpc.server.leader.outstanding.appends.max = 128 (default)
2019-07-30 15:10:55,278 INFO  server.RaftServerConfigKeys (ConfUtils.java:logGet(43)) - raft.server.rpc.request.timeout = 3000ms (default)
2019-07-30 15:10:55,279 INFO  server.RaftServerConfigKeys (ConfUtils.java:logGet(43)) - raft.server.log.appender.install.snapshot.enabled = false (custom)
2019-07-30 15:10:55,279 INFO  server.RaftServerConfigKeys (ConfUtils.java:logGet(43)) - raft.server.log.appender.snapshot.chunk.size.max = 16MB (=16777216) (default)
2019-07-30 15:10:55,279 INFO  server.RaftServerConfigKeys (ConfUtils.java:logGet(43)) - raft.server.log.appender.buffer.byte-limit = 33554432 (custom)
2019-07-30 15:10:55,279 INFO  server.RaftServerConfigKeys (ConfUtils.java:logGet(43)) - raft.server.log.appender.buffer.element-limit = 1 (custom)
2019-07-30 15:10:55,279 INFO  grpc.GrpcConfigKeys$Server (ConfUtils.java:logGet(43)) - raft.grpc.server.leader.outstanding.appends.max = 128 (default)
2019-07-30 15:10:55,279 INFO  server.RaftServerConfigKeys (ConfUtils.java:logGet(43)) - raft.server.rpc.request.timeout = 3000ms (default)
2019-07-30 15:10:55,280 INFO  server.RaftServerConfigKeys (ConfUtils.java:logGet(43)) - raft.server.log.appender.install.snapshot.enabled = false (custom)
2019-07-30 15:10:55,280 INFO  impl.RoleInfo (RoleInfo.java:updateAndGet(143)) - e6f7e345-2310-405e-81e0-5b298fa4eba6: start LeaderState
2019-07-30 15:10:55,280 INFO  segmented.SegmentedRaftLogWorker (SegmentedRaftLogWorker.java:startLogSegment(380)) - e6f7e345-2310-405e-81e0-5b298fa4eba6-SegmentedRaftLogWorker:Storage Directory /workdir/hadoop-ozone/integration-test/target/test-dir/MiniOzoneClusterImpl-deb39eb4-d2b4-453d-924d-c2b7b0ac8c4c/datanode-3/data/ratis/df077e3b-fdee-4eab-88fb-c349716f54ca: Starting segment from index:0
2019-07-30 15:10:55,281 INFO  impl.RaftServerImpl (ServerState.java:setRaftConf(361)) - e6f7e345-2310-405e-81e0-5b298fa4eba6:group-C349716F54CA set configuration 0: [e6f7e345-2310-405e-81e0-5b298fa4eba6:192.168.5.170:39126, c591fbe9-ed50-49f5-8e7a-b9ddc7582314:192.168.5.170:45772, b13d115d-b1b7-4a42-93a0-c105386ccce1:192.168.5.170:40183], old=null at 0
2019-07-30 15:10:55,301 INFO  impl.RaftServerImpl (ServerState.java:setLeader(263)) - c591fbe9-ed50-49f5-8e7a-b9ddc7582314:group-C349716F54CA change Leader from null to e6f7e345-2310-405e-81e0-5b298fa4eba6 at term 1 for appendEntries, leader elected after 5103ms
2019-07-30 15:10:55,304 INFO  impl.RaftServerImpl (ServerState.java:setLeader(263)) - b13d115d-b1b7-4a42-93a0-c105386ccce1:group-C349716F54CA change Leader from null to e6f7e345-2310-405e-81e0-5b298fa4eba6 at term 1 for appendEntries, leader elected after 5106ms
2019-07-30 15:10:55,306 INFO  impl.RaftServerImpl (ServerState.java:setRaftConf(361)) - c591fbe9-ed50-49f5-8e7a-b9ddc7582314:group-C349716F54CA set configuration 0: [e6f7e345-2310-405e-81e0-5b298fa4eba6:192.168.5.170:39126, c591fbe9-ed50-49f5-8e7a-b9ddc7582314:192.168.5.170:45772, b13d115d-b1b7-4a42-93a0-c105386ccce1:192.168.5.170:40183], old=null at 0
2019-07-30 15:10:55,306 INFO  impl.RaftServerImpl (ServerState.java:setRaftConf(361)) - b13d115d-b1b7-4a42-93a0-c105386ccce1:group-C349716F54CA set configuration 0: [e6f7e345-2310-405e-81e0-5b298fa4eba6:192.168.5.170:39126, c591fbe9-ed50-49f5-8e7a-b9ddc7582314:192.168.5.170:45772, b13d115d-b1b7-4a42-93a0-c105386ccce1:192.168.5.170:40183], old=null at 0
2019-07-30 15:10:55,306 INFO  segmented.SegmentedRaftLogWorker (SegmentedRaftLogWorker.java:startLogSegment(380)) - c591fbe9-ed50-49f5-8e7a-b9ddc7582314-SegmentedRaftLogWorker:Storage Directory /workdir/hadoop-ozone/integration-test/target/test-dir/MiniOzoneClusterImpl-deb39eb4-d2b4-453d-924d-c2b7b0ac8c4c/datanode-5/data/ratis/df077e3b-fdee-4eab-88fb-c349716f54ca: Starting segment from index:0
2019-07-30 15:10:55,307 INFO  segmented.SegmentedRaftLogWorker (SegmentedRaftLogWorker.java:startLogSegment(380)) - b13d115d-b1b7-4a42-93a0-c105386ccce1-SegmentedRaftLogWorker:Storage Directory /workdir/hadoop-ozone/integration-test/target/test-dir/MiniOzoneClusterImpl-deb39eb4-d2b4-453d-924d-c2b7b0ac8c4c/datanode-4/data/ratis/df077e3b-fdee-4eab-88fb-c349716f54ca: Starting segment from index:0
2019-07-30 15:10:55,321 INFO  impl.FollowerState (FollowerState.java:run(106)) - c591fbe9-ed50-49f5-8e7a-b9ddc7582314:group-AFF70AB04A45 changes to CANDIDATE, lastRpcTime:5168, electionTimeout:5168ms
2019-07-30 15:10:55,321 INFO  impl.RoleInfo (RoleInfo.java:shutdownFollowerState(121)) - c591fbe9-ed50-49f5-8e7a-b9ddc7582314: shutdown FollowerState
2019-07-30 15:10:55,321 INFO  impl.RaftServerImpl (RaftServerImpl.java:setRole(171)) - c591fbe9-ed50-49f5-8e7a-b9ddc7582314:group-AFF70AB04A45 changes role from FOLLOWER to CANDIDATE at term 0 for changeToCandidate
2019-07-30 15:10:55,321 INFO  impl.RoleInfo (RoleInfo.java:updateAndGet(143)) - c591fbe9-ed50-49f5-8e7a-b9ddc7582314: start LeaderElection
2019-07-30 15:10:55,349 INFO  segmented.SegmentedRaftLogWorker (SegmentedRaftLogWorker.java:execute(569)) - e6f7e345-2310-405e-81e0-5b298fa4eba6-SegmentedRaftLogWorker:Storage Directory /workdir/hadoop-ozone/integration-test/target/test-dir/MiniOzoneClusterImpl-deb39eb4-d2b4-453d-924d-c2b7b0ac8c4c/datanode-3/data/ratis/df077e3b-fdee-4eab-88fb-c349716f54ca: created new log segment /workdir/hadoop-ozone/integration-test/target/test-dir/MiniOzoneClusterImpl-deb39eb4-d2b4-453d-924d-c2b7b0ac8c4c/datanode-3/data/ratis/df077e3b-fdee-4eab-88fb-c349716f54ca/current/log_inprogress_0
2019-07-30 15:10:55,403 INFO  impl.FollowerState (FollowerState.java:run(106)) - c328df49-0f3d-4ecf-91f5-893d86bae7a0:group-CF379BA25040 changes to CANDIDATE, lastRpcTime:5065, electionTimeout:5065ms
2019-07-30 15:10:55,403 INFO  impl.RoleInfo (RoleInfo.java:shutdownFollowerState(121)) - c328df49-0f3d-4ecf-91f5-893d86bae7a0: shutdown FollowerState
2019-07-30 15:10:55,403 INFO  impl.RaftServerImpl (RaftServerImpl.java:setRole(171)) - c328df49-0f3d-4ecf-91f5-893d86bae7a0:group-CF379BA25040 changes role from FOLLOWER to CANDIDATE at term 0 for changeToCandidate
2019-07-30 15:10:55,404 INFO  impl.RoleInfo (RoleInfo.java:updateAndGet(143)) - c328df49-0f3d-4ecf-91f5-893d86bae7a0: start LeaderElection
2019-07-30 15:10:55,410 INFO  segmented.SegmentedRaftLogWorker (SegmentedRaftLogWorker.java:execute(569)) - c591fbe9-ed50-49f5-8e7a-b9ddc7582314-SegmentedRaftLogWorker:Storage Directory /workdir/hadoop-ozone/integration-test/target/test-dir/MiniOzoneClusterImpl-deb39eb4-d2b4-453d-924d-c2b7b0ac8c4c/datanode-5/data/ratis/df077e3b-fdee-4eab-88fb-c349716f54ca: created new log segment /workdir/hadoop-ozone/integration-test/target/test-dir/MiniOzoneClusterImpl-deb39eb4-d2b4-453d-924d-c2b7b0ac8c4c/datanode-5/data/ratis/df077e3b-fdee-4eab-88fb-c349716f54ca/current/log_inprogress_0
2019-07-30 15:10:55,410 INFO  segmented.SegmentedRaftLogWorker (SegmentedRaftLogWorker.java:execute(569)) - b13d115d-b1b7-4a42-93a0-c105386ccce1-SegmentedRaftLogWorker:Storage Directory /workdir/hadoop-ozone/integration-test/target/test-dir/MiniOzoneClusterImpl-deb39eb4-d2b4-453d-924d-c2b7b0ac8c4c/datanode-4/data/ratis/df077e3b-fdee-4eab-88fb-c349716f54ca: created new log segment /workdir/hadoop-ozone/integration-test/target/test-dir/MiniOzoneClusterImpl-deb39eb4-d2b4-453d-924d-c2b7b0ac8c4c/datanode-4/data/ratis/df077e3b-fdee-4eab-88fb-c349716f54ca/current/log_inprogress_0
2019-07-30 15:10:55,410 INFO  impl.LeaderElection (LeaderElection.java:askForVotes(181)) - c591fbe9-ed50-49f5-8e7a-b9ddc7582314:group-AFF70AB04A45:LeaderElection77: begin an election at term 1 for -1: [c591fbe9-ed50-49f5-8e7a-b9ddc7582314:192.168.5.170:45772], old=null
2019-07-30 15:10:55,411 INFO  impl.RoleInfo (RoleInfo.java:shutdownLeaderElection(134)) - c591fbe9-ed50-49f5-8e7a-b9ddc7582314: shutdown LeaderElection
2019-07-30 15:10:55,411 INFO  impl.RaftServerImpl (RaftServerImpl.java:setRole(171)) - c591fbe9-ed50-49f5-8e7a-b9ddc7582314:group-AFF70AB04A45 changes role from CANDIDATE to LEADER at term 1 for changeToLeader
2019-07-30 15:10:55,411 INFO  impl.RaftServerImpl (ServerState.java:setLeader(263)) - c591fbe9-ed50-49f5-8e7a-b9ddc7582314:group-AFF70AB04A45 change Leader from null to c591fbe9-ed50-49f5-8e7a-b9ddc7582314 at term 1 for becomeLeader, leader elected after 5262ms
2019-07-30 15:10:55,411 INFO  server.RaftServerConfigKeys (ConfUtils.java:logGet(43)) - raft.server.staging.catchup.gap = 1000 (default)
2019-07-30 15:10:55,411 INFO  server.RaftServerConfigKeys (ConfUtils.java:logGet(43)) - raft.server.rpc.sleep.time = 25ms (default)
2019-07-30 15:10:55,411 INFO  server.RaftServerConfigKeys (ConfUtils.java:logGet(43)) - raft.server.write.element-limit = 4096 (default)
2019-07-30 15:10:55,412 INFO  server.RaftServerConfigKeys (ConfUtils.java:logGet(43)) - raft.server.watch.timeout = 10s (default)
2019-07-30 15:10:55,412 INFO  server.RaftServerConfigKeys (ConfUtils.java:logGet(43)) - raft.server.watch.timeout.denomination = 1s (default)
2019-07-30 15:10:55,412 INFO  server.RaftServerConfigKeys (ConfUtils.java:logGet(43)) - raft.server.watch.element-limit = 65536 (default)
2019-07-30 15:10:55,412 INFO  impl.RoleInfo (RoleInfo.java:updateAndGet(143)) - c591fbe9-ed50-49f5-8e7a-b9ddc7582314: start LeaderState
2019-07-30 15:10:55,412 INFO  segmented.SegmentedRaftLogWorker (SegmentedRaftLogWorker.java:startLogSegment(380)) - c591fbe9-ed50-49f5-8e7a-b9ddc7582314-SegmentedRaftLogWorker:Storage Directory /workdir/hadoop-ozone/integration-test/target/test-dir/MiniOzoneClusterImpl-deb39eb4-d2b4-453d-924d-c2b7b0ac8c4c/datanode-5/data/ratis/efee8551-c8b4-456d-a6af-aff70ab04a45: Starting segment from index:0
2019-07-30 15:10:55,413 INFO  impl.RaftServerImpl (ServerState.java:setRaftConf(361)) - c591fbe9-ed50-49f5-8e7a-b9ddc7582314:group-AFF70AB04A45 set configuration 0: [c591fbe9-ed50-49f5-8e7a-b9ddc7582314:192.168.5.170:45772], old=null at 0
2019-07-30 15:10:55,431 INFO  client.GrpcClientProtocolClient (GrpcClientProtocolClient.java:onNext(255)) - client-897CC7278FA0->8a680a7a-6242-4ac2-8c73-af55182af999: receive RaftClientReply:client-897CC7278FA0->8a680a7a-6242-4ac2-8c73-af55182af999@group-E4E3B7CAA974, cid=208, FAILED org.apache.ratis.protocol.NotLeaderException: Server 8a680a7a-6242-4ac2-8c73-af55182af999 is not the leader (80a33e47-92c6-4939-ade9-ac3b601b7b20:192.168.5.170:46473). Request must be sent to leader., logIndex=0, commits[8a680a7a-6242-4ac2-8c73-af55182af999:c-1, 80a33e47-92c6-4939-ade9-ac3b601b7b20:c-1, e5fa99ce-951d-4e55-9b5e-cd58416142a4:c-1]
2019-07-30 15:10:55,433 INFO  impl.LeaderElection (LeaderElection.java:askForVotes(181)) - c328df49-0f3d-4ecf-91f5-893d86bae7a0:group-CF379BA25040:LeaderElection78: begin an election at term 1 for -1: [c328df49-0f3d-4ecf-91f5-893d86bae7a0:192.168.5.170:40071], old=null
2019-07-30 15:10:55,433 INFO  impl.RoleInfo (RoleInfo.java:shutdownLeaderElection(134)) - c328df49-0f3d-4ecf-91f5-893d86bae7a0: shutdown LeaderElection
2019-07-30 15:10:55,433 INFO  impl.RaftServerImpl (RaftServerImpl.java:setRole(171)) - c328df49-0f3d-4ecf-91f5-893d86bae7a0:group-CF379BA25040 changes role from CANDIDATE to LEADER at term 1 for changeToLeader
2019-07-30 15:10:55,433 INFO  impl.RaftServerImpl (ServerState.java:setLeader(263)) - c328df49-0f3d-4ecf-91f5-893d86bae7a0:group-CF379BA25040 change Leader from null to c328df49-0f3d-4ecf-91f5-893d86bae7a0 at term 1 for becomeLeader, leader elected after 5099ms
2019-07-30 15:10:55,434 INFO  server.RaftServerConfigKeys (ConfUtils.java:logGet(43)) - raft.server.staging.catchup.gap = 1000 (default)
2019-07-30 15:10:55,434 INFO  server.RaftServerConfigKeys (ConfUtils.java:logGet(43)) - raft.server.rpc.sleep.time = 25ms (default)
2019-07-30 15:10:55,434 INFO  server.RaftServerConfigKeys (ConfUtils.java:logGet(43)) - raft.server.write.element-limit = 4096 (default)
2019-07-30 15:10:55,434 INFO  server.RaftServerConfigKeys (ConfUtils.java:logGet(43)) - raft.server.watch.timeout = 10s (default)
2019-07-30 15:10:55,434 INFO  server.RaftServerConfigKeys (ConfUtils.java:logGet(43)) - raft.server.watch.timeout.denomination = 1s (default)
2019-07-30 15:10:55,434 INFO  server.RaftServerConfigKeys (ConfUtils.java:logGet(43)) - raft.server.watch.element-limit = 65536 (default)
2019-07-30 15:10:55,435 INFO  impl.RoleInfo (RoleInfo.java:updateAndGet(143)) - c328df49-0f3d-4ecf-91f5-893d86bae7a0: start LeaderState
2019-07-30 15:10:55,435 INFO  segmented.SegmentedRaftLogWorker (SegmentedRaftLogWorker.java:startLogSegment(380)) - c328df49-0f3d-4ecf-91f5-893d86bae7a0-SegmentedRaftLogWorker:Storage Directory /workdir/hadoop-ozone/integration-test/target/test-dir/MiniOzoneClusterImpl-deb39eb4-d2b4-453d-924d-c2b7b0ac8c4c/datanode-6/data/ratis/aadd7b85-520a-4b2c-898f-cf379ba25040: Starting segment from index:0
2019-07-30 15:10:55,435 INFO  impl.RaftServerImpl (ServerState.java:setRaftConf(361)) - c328df49-0f3d-4ecf-91f5-893d86bae7a0:group-CF379BA25040 set configuration 0: [c328df49-0f3d-4ecf-91f5-893d86bae7a0:192.168.5.170:40071], old=null at 0
2019-07-30 15:10:55,444 INFO  segmented.SegmentedRaftLogWorker (SegmentedRaftLogWorker.java:execute(569)) - c591fbe9-ed50-49f5-8e7a-b9ddc7582314-SegmentedRaftLogWorker:Storage Directory /workdir/hadoop-ozone/integration-test/target/test-dir/MiniOzoneClusterImpl-deb39eb4-d2b4-453d-924d-c2b7b0ac8c4c/datanode-5/data/ratis/efee8551-c8b4-456d-a6af-aff70ab04a45: created new log segment /workdir/hadoop-ozone/integration-test/target/test-dir/MiniOzoneClusterImpl-deb39eb4-d2b4-453d-924d-c2b7b0ac8c4c/datanode-5/data/ratis/efee8551-c8b4-456d-a6af-aff70ab04a45/current/log_inprogress_0
2019-07-30 15:10:55,485 INFO  segmented.SegmentedRaftLogWorker (SegmentedRaftLogWorker.java:execute(569)) - c328df49-0f3d-4ecf-91f5-893d86bae7a0-SegmentedRaftLogWorker:Storage Directory /workdir/hadoop-ozone/integration-test/target/test-dir/MiniOzoneClusterImpl-deb39eb4-d2b4-453d-924d-c2b7b0ac8c4c/datanode-6/data/ratis/aadd7b85-520a-4b2c-898f-cf379ba25040: created new log segment /workdir/hadoop-ozone/integration-test/target/test-dir/MiniOzoneClusterImpl-deb39eb4-d2b4-453d-924d-c2b7b0ac8c4c/datanode-6/data/ratis/aadd7b85-520a-4b2c-898f-cf379ba25040/current/log_inprogress_0
2019-07-30 15:10:55,584 INFO  client.GrpcClientProtocolClient (GrpcClientProtocolClient.java:onNext(255)) - client-897CC7278FA0->80a33e47-92c6-4939-ade9-ac3b601b7b20: receive RaftClientReply:client-897CC7278FA0->80a33e47-92c6-4939-ade9-ac3b601b7b20@group-E4E3B7CAA974, cid=208, SUCCESS, logIndex=1, commits[80a33e47-92c6-4939-ade9-ac3b601b7b20:c1, e5fa99ce-951d-4e55-9b5e-cd58416142a4:c0, 8a680a7a-6242-4ac2-8c73-af55182af999:c0]
2019-07-30 15:10:55,610 INFO  client.GrpcClientProtocolClient (GrpcClientProtocolClient.java:onNext(255)) - client-897CC7278FA0->80a33e47-92c6-4939-ade9-ac3b601b7b20: receive RaftClientReply:client-897CC7278FA0->80a33e47-92c6-4939-ade9-ac3b601b7b20@group-E4E3B7CAA974, cid=209, SUCCESS, logIndex=3, commits[80a33e47-92c6-4939-ade9-ac3b601b7b20:c3, e5fa99ce-951d-4e55-9b5e-cd58416142a4:c2, 8a680a7a-6242-4ac2-8c73-af55182af999:c2]
2019-07-30 15:10:55,650 INFO  client.GrpcClientProtocolClient (GrpcClientProtocolClient.java:onNext(255)) - client-897CC7278FA0->80a33e47-92c6-4939-ade9-ac3b601b7b20: receive RaftClientReply:client-897CC7278FA0->80a33e47-92c6-4939-ade9-ac3b601b7b20@group-E4E3B7CAA974, cid=210, SUCCESS, logIndex=4, commits[80a33e47-92c6-4939-ade9-ac3b601b7b20:c6, e5fa99ce-951d-4e55-9b5e-cd58416142a4:c3, 8a680a7a-6242-4ac2-8c73-af55182af999:c3]
2019-07-30 15:10:56,652 WARN  scm.XceiverClientRatis (XceiverClientRatis.java:watchForCommit(262)) - 3 way commit failed on pipeline Pipeline[ Id: 18635bdc-25c5-41cc-b9e3-e4e3b7caa974, Nodes: 80a33e47-92c6-4939-ade9-ac3b601b7b20{ip: 192.168.5.170, host: byscane-nightly-xg47r-921641087, networkLocation: /default-rack, certSerialId: null}8a680a7a-6242-4ac2-8c73-af55182af999{ip: 192.168.5.170, host: byscane-nightly-xg47r-921641087, networkLocation: /default-rack, certSerialId: null}e5fa99ce-951d-4e55-9b5e-cd58416142a4{ip: 192.168.5.170, host: byscane-nightly-xg47r-921641087, networkLocation: /default-rack, certSerialId: null}, Type:RATIS, Factor:THREE, State:OPEN]
java.util.concurrent.TimeoutException
	at java.util.concurrent.CompletableFuture.timedGet(CompletableFuture.java:1771)
	at java.util.concurrent.CompletableFuture.get(CompletableFuture.java:1915)
	at org.apache.hadoop.hdds.scm.XceiverClientRatis.watchForCommit(XceiverClientRatis.java:259)
	at org.apache.hadoop.hdds.scm.storage.CommitWatcher.watchForCommit(CommitWatcher.java:194)
	at org.apache.hadoop.hdds.scm.storage.CommitWatcher.watchOnLastIndex(CommitWatcher.java:157)
	at org.apache.hadoop.hdds.scm.storage.BlockOutputStream.watchForCommit(BlockOutputStream.java:347)
	at org.apache.hadoop.hdds.scm.storage.BlockOutputStream.handleFlush(BlockOutputStream.java:479)
	at org.apache.hadoop.hdds.scm.storage.BlockOutputStream.flush(BlockOutputStream.java:428)
	at org.apache.hadoop.ozone.client.io.BlockOutputStreamEntry.flush(BlockOutputStreamEntry.java:136)
	at org.apache.hadoop.ozone.client.io.KeyOutputStream.handleFlushOrClose(KeyOutputStream.java:442)
	at org.apache.hadoop.ozone.client.io.KeyOutputStream.flush(KeyOutputStream.java:396)
	at org.apache.hadoop.ozone.client.io.OzoneOutputStream.flush(OzoneOutputStream.java:54)
	at org.apache.hadoop.ozone.client.rpc.TestBlockOutputStreamWithFailures.testFailureWithPrimeSizedData(TestBlockOutputStreamWithFailures.java:595)
	at sun.reflect.NativeMethodAccessorImpl.invoke0(Native Method)
	at sun.reflect.NativeMethodAccessorImpl.invoke(NativeMethodAccessorImpl.java:62)
	at sun.reflect.DelegatingMethodAccessorImpl.invoke(DelegatingMethodAccessorImpl.java:43)
	at java.lang.reflect.Method.invoke(Method.java:498)
	at org.junit.runners.model.FrameworkMethod$1.runReflectiveCall(FrameworkMethod.java:47)
	at org.junit.internal.runners.model.ReflectiveCallable.run(ReflectiveCallable.java:12)
	at org.junit.runners.model.FrameworkMethod.invokeExplosively(FrameworkMethod.java:44)
	at org.junit.internal.runners.statements.InvokeMethod.evaluate(InvokeMethod.java:17)
	at org.junit.internal.runners.statements.RunBefores.evaluate(RunBefores.java:26)
	at org.junit.internal.runners.statements.RunAfters.evaluate(RunAfters.java:27)
	at org.junit.runners.ParentRunner.runLeaf(ParentRunner.java:271)
	at org.junit.runners.BlockJUnit4ClassRunner.runChild(BlockJUnit4ClassRunner.java:70)
	at org.junit.runners.BlockJUnit4ClassRunner.runChild(BlockJUnit4ClassRunner.java:50)
	at org.junit.runners.ParentRunner$3.run(ParentRunner.java:238)
	at org.junit.runners.ParentRunner$1.schedule(ParentRunner.java:63)
	at org.junit.runners.ParentRunner.runChildren(ParentRunner.java:236)
	at org.junit.runners.ParentRunner.access$000(ParentRunner.java:53)
	at org.junit.runners.ParentRunner$2.evaluate(ParentRunner.java:229)
	at org.junit.runners.ParentRunner.run(ParentRunner.java:309)
	at org.apache.maven.surefire.junit4.JUnit4Provider.execute(JUnit4Provider.java:365)
	at org.apache.maven.surefire.junit4.JUnit4Provider.executeWithRerun(JUnit4Provider.java:273)
	at org.apache.maven.surefire.junit4.JUnit4Provider.executeTestSet(JUnit4Provider.java:238)
	at org.apache.maven.surefire.junit4.JUnit4Provider.invoke(JUnit4Provider.java:159)
	at org.apache.maven.surefire.booter.ForkedBooter.invokeProviderInSameClassLoader(ForkedBooter.java:384)
	at org.apache.maven.surefire.booter.ForkedBooter.runSuitesInProcess(ForkedBooter.java:345)
	at org.apache.maven.surefire.booter.ForkedBooter.execute(ForkedBooter.java:126)
	at org.apache.maven.surefire.booter.ForkedBooter.main(ForkedBooter.java:418)
2019-07-30 15:10:57,655 WARN  storage.CommitWatcher (CommitWatcher.java:watchForCommit(203)) - watchForCommit failed for index 4
java.util.concurrent.TimeoutException
	at java.util.concurrent.CompletableFuture.timedGet(CompletableFuture.java:1771)
	at java.util.concurrent.CompletableFuture.get(CompletableFuture.java:1915)
	at org.apache.hadoop.hdds.scm.XceiverClientRatis.watchForCommit(XceiverClientRatis.java:268)
	at org.apache.hadoop.hdds.scm.storage.CommitWatcher.watchForCommit(CommitWatcher.java:194)
	at org.apache.hadoop.hdds.scm.storage.CommitWatcher.watchOnLastIndex(CommitWatcher.java:157)
	at org.apache.hadoop.hdds.scm.storage.BlockOutputStream.watchForCommit(BlockOutputStream.java:347)
	at org.apache.hadoop.hdds.scm.storage.BlockOutputStream.handleFlush(BlockOutputStream.java:479)
	at org.apache.hadoop.hdds.scm.storage.BlockOutputStream.flush(BlockOutputStream.java:428)
	at org.apache.hadoop.ozone.client.io.BlockOutputStreamEntry.flush(BlockOutputStreamEntry.java:136)
	at org.apache.hadoop.ozone.client.io.KeyOutputStream.handleFlushOrClose(KeyOutputStream.java:442)
	at org.apache.hadoop.ozone.client.io.KeyOutputStream.flush(KeyOutputStream.java:396)
	at org.apache.hadoop.ozone.client.io.OzoneOutputStream.flush(OzoneOutputStream.java:54)
	at org.apache.hadoop.ozone.client.rpc.TestBlockOutputStreamWithFailures.testFailureWithPrimeSizedData(TestBlockOutputStreamWithFailures.java:595)
	at sun.reflect.NativeMethodAccessorImpl.invoke0(Native Method)
	at sun.reflect.NativeMethodAccessorImpl.invoke(NativeMethodAccessorImpl.java:62)
	at sun.reflect.DelegatingMethodAccessorImpl.invoke(DelegatingMethodAccessorImpl.java:43)
	at java.lang.reflect.Method.invoke(Method.java:498)
	at org.junit.runners.model.FrameworkMethod$1.runReflectiveCall(FrameworkMethod.java:47)
	at org.junit.internal.runners.model.ReflectiveCallable.run(ReflectiveCallable.java:12)
	at org.junit.runners.model.FrameworkMethod.invokeExplosively(FrameworkMethod.java:44)
	at org.junit.internal.runners.statements.InvokeMethod.evaluate(InvokeMethod.java:17)
	at org.junit.internal.runners.statements.RunBefores.evaluate(RunBefores.java:26)
	at org.junit.internal.runners.statements.RunAfters.evaluate(RunAfters.java:27)
	at org.junit.runners.ParentRunner.runLeaf(ParentRunner.java:271)
	at org.junit.runners.BlockJUnit4ClassRunner.runChild(BlockJUnit4ClassRunner.java:70)
	at org.junit.runners.BlockJUnit4ClassRunner.runChild(BlockJUnit4ClassRunner.java:50)
	at org.junit.runners.ParentRunner$3.run(ParentRunner.java:238)
	at org.junit.runners.ParentRunner$1.schedule(ParentRunner.java:63)
	at org.junit.runners.ParentRunner.runChildren(ParentRunner.java:236)
	at org.junit.runners.ParentRunner.access$000(ParentRunner.java:53)
	at org.junit.runners.ParentRunner$2.evaluate(ParentRunner.java:229)
	at org.junit.runners.ParentRunner.run(ParentRunner.java:309)
	at org.apache.maven.surefire.junit4.JUnit4Provider.execute(JUnit4Provider.java:365)
	at org.apache.maven.surefire.junit4.JUnit4Provider.executeWithRerun(JUnit4Provider.java:273)
	at org.apache.maven.surefire.junit4.JUnit4Provider.executeTestSet(JUnit4Provider.java:238)
	at org.apache.maven.surefire.junit4.JUnit4Provider.invoke(JUnit4Provider.java:159)
	at org.apache.maven.surefire.booter.ForkedBooter.invokeProviderInSameClassLoader(ForkedBooter.java:384)
	at org.apache.maven.surefire.booter.ForkedBooter.runSuitesInProcess(ForkedBooter.java:345)
	at org.apache.maven.surefire.booter.ForkedBooter.execute(ForkedBooter.java:126)
	at org.apache.maven.surefire.booter.ForkedBooter.main(ForkedBooter.java:418)
2019-07-30 15:10:57,657 WARN  io.KeyOutputStream (KeyOutputStream.java:handleException(276)) - Encountered exception java.io.IOException: Unexpected Storage Container Exception: java.io.IOException: Unexpected Storage Container Exception: java.util.concurrent.TimeoutException on the pipeline Pipeline[ Id: 18635bdc-25c5-41cc-b9e3-e4e3b7caa974, Nodes: 80a33e47-92c6-4939-ade9-ac3b601b7b20{ip: 192.168.5.170, host: byscane-nightly-xg47r-921641087, networkLocation: /default-rack, certSerialId: null}8a680a7a-6242-4ac2-8c73-af55182af999{ip: 192.168.5.170, host: byscane-nightly-xg47r-921641087, networkLocation: /default-rack, certSerialId: null}e5fa99ce-951d-4e55-9b5e-cd58416142a4{ip: 192.168.5.170, host: byscane-nightly-xg47r-921641087, networkLocation: /default-rack, certSerialId: null}, Type:RATIS, Factor:THREE, State:OPEN]. The last committed block length is 0, uncommitted data length is 167 retry count 0
2019-07-30 15:10:57,676 INFO  client.GrpcClientProtocolClient (GrpcClientProtocolClient.java:onNext(255)) - client-B62F37984D09->c591fbe9-ed50-49f5-8e7a-b9ddc7582314: receive RaftClientReply:client-B62F37984D09->c591fbe9-ed50-49f5-8e7a-b9ddc7582314@group-C349716F54CA, cid=213, FAILED org.apache.ratis.protocol.NotLeaderException: Server c591fbe9-ed50-49f5-8e7a-b9ddc7582314 is not the leader (e6f7e345-2310-405e-81e0-5b298fa4eba6:192.168.5.170:39126). Request must be sent to leader., logIndex=0, commits[c591fbe9-ed50-49f5-8e7a-b9ddc7582314:c-1, e6f7e345-2310-405e-81e0-5b298fa4eba6:c-1, b13d115d-b1b7-4a42-93a0-c105386ccce1:c-1]
2019-07-30 15:10:57,874 INFO  client.GrpcClientProtocolClient (GrpcClientProtocolClient.java:onNext(255)) - client-B62F37984D09->e6f7e345-2310-405e-81e0-5b298fa4eba6: receive RaftClientReply:client-B62F37984D09->e6f7e345-2310-405e-81e0-5b298fa4eba6@group-C349716F54CA, cid=213, SUCCESS, logIndex=1, commits[e6f7e345-2310-405e-81e0-5b298fa4eba6:c1, c591fbe9-ed50-49f5-8e7a-b9ddc7582314:c0, b13d115d-b1b7-4a42-93a0-c105386ccce1:c0]
2019-07-30 15:10:57,887 INFO  client.GrpcClientProtocolClient (GrpcClientProtocolClient.java:onNext(255)) - client-B62F37984D09->e6f7e345-2310-405e-81e0-5b298fa4eba6: receive RaftClientReply:client-B62F37984D09->e6f7e345-2310-405e-81e0-5b298fa4eba6@group-C349716F54CA, cid=214, SUCCESS, logIndex=3, commits[e6f7e345-2310-405e-81e0-5b298fa4eba6:c4, c591fbe9-ed50-49f5-8e7a-b9ddc7582314:c1, b13d115d-b1b7-4a42-93a0-c105386ccce1:c1]
2019-07-30 15:10:57,911 INFO  client.GrpcClientProtocolClient (GrpcClientProtocolClient.java:onNext(255)) - client-B62F37984D09->e6f7e345-2310-405e-81e0-5b298fa4eba6: receive RaftClientReply:client-B62F37984D09->e6f7e345-2310-405e-81e0-5b298fa4eba6@group-C349716F54CA, cid=215, SUCCESS, logIndex=4, commits[e6f7e345-2310-405e-81e0-5b298fa4eba6:c6, c591fbe9-ed50-49f5-8e7a-b9ddc7582314:c4, b13d115d-b1b7-4a42-93a0-c105386ccce1:c4]
2019-07-30 15:10:57,912 INFO  ozone.MiniOzoneClusterImpl (MiniOzoneClusterImpl.java:shutdown(321)) - Shutting down the Mini Ozone Cluster
2019-07-30 15:10:57,912 INFO  ozone.MiniOzoneClusterImpl (MiniOzoneClusterImpl.java:stop(336)) - Stopping the Mini Ozone Cluster
2019-07-30 15:10:57,913 INFO  ozone.MiniOzoneClusterImpl (MiniOzoneClusterImpl.java:stop(338)) - Stopping the OzoneManager
2019-07-30 15:10:57,913 INFO  ipc.Server (Server.java:stop(3082)) - Stopping server on 41235
2019-07-30 15:10:57,918 INFO  ipc.Server (Server.java:run(1185)) - Stopping IPC Server listener on 41235
2019-07-30 15:10:57,938 INFO  utils.BackgroundService (BackgroundService.java:shutdown(148)) - Shutting down service KeyDeletingService
2019-07-30 15:10:57,938 INFO  ipc.Server (Server.java:run(1319)) - Stopping IPC Server Responder
2019-07-30 15:10:57,962 INFO  handler.ContextHandler (ContextHandler.java:doStop(910)) - Stopped o.e.j.w.WebAppContext@627222d8{/,null,UNAVAILABLE}{/ozoneManager}
2019-07-30 15:10:57,963 INFO  server.AbstractConnector (AbstractConnector.java:doStop(318)) - Stopped ServerConnector@68330024{HTTP/1.1,[http/1.1]}{0.0.0.0:0}
2019-07-30 15:10:57,964 INFO  handler.ContextHandler (ContextHandler.java:doStop(910)) - Stopped o.e.j.s.ServletContextHandler@35cf7e98{/static,file:///workdir/hadoop-ozone/integration-test/target/test-classes/webapps/static,UNAVAILABLE}
2019-07-30 15:10:57,964 INFO  handler.ContextHandler (ContextHandler.java:doStop(910)) - Stopped o.e.j.s.ServletContextHandler@6e925a46{/logs,file:///workdir/hadoop-ozone/integration-test/target/log,UNAVAILABLE}
2019-07-30 15:10:57,967 INFO  ozone.MiniOzoneClusterImpl (MiniOzoneClusterImpl.java:stop(344)) - Shutting the HddsDatanodes
2019-07-30 15:10:57,967 INFO  datanode.ObjectStoreHandler (ObjectStoreHandler.java:close(155)) - Closing ObjectStoreHandler.
2019-07-30 15:10:57,967 INFO  datanode.ObjectStoreHandler (ObjectStoreHandler.java:close(155)) - Closing ObjectStoreHandler.
2019-07-30 15:10:57,968 INFO  ozone.HddsDatanodeService (HddsDatanodeService.java:stop(451)) - Stopped plug-in org.apache.hadoop.ozone.web.OzoneHddsDatanodeService@509d0d21
2019-07-30 15:10:57,968 INFO  ozone.HddsDatanodeService (HddsDatanodeService.java:stop(451)) - Stopped plug-in org.apache.hadoop.ozone.web.OzoneHddsDatanodeService@6ca6d195
2019-07-30 15:10:58,126 INFO  client.GrpcClientProtocolClient (GrpcClientProtocolClient.java:onNext(255)) - client-897CC7278FA0->80a33e47-92c6-4939-ade9-ac3b601b7b20: receive RaftClientReply:client-897CC7278FA0->80a33e47-92c6-4939-ade9-ac3b601b7b20@group-E4E3B7CAA974, cid=211, SUCCESS, logIndex=0, commits[80a33e47-92c6-4939-ade9-ac3b601b7b20:c6, e5fa99ce-951d-4e55-9b5e-cd58416142a4:c6, 8a680a7a-6242-4ac2-8c73-af55182af999:c6]
2019-07-30 15:10:58,127 INFO  client.GrpcClientProtocolClient (GrpcClientProtocolClient.java:onNext(255)) - client-897CC7278FA0->80a33e47-92c6-4939-ade9-ac3b601b7b20: receive RaftClientReply:client-897CC7278FA0->80a33e47-92c6-4939-ade9-ac3b601b7b20@group-E4E3B7CAA974, cid=212, SUCCESS, logIndex=0, commits[80a33e47-92c6-4939-ade9-ac3b601b7b20:c6, e5fa99ce-951d-4e55-9b5e-cd58416142a4:c3, 8a680a7a-6242-4ac2-8c73-af55182af999:c6]
2019-07-30 15:10:58,567 INFO  statemachine.DatanodeStateMachine (DatanodeStateMachine.java:lambda$startDaemon$0(350)) - Ozone container server started.
2019-07-30 15:10:58,853 INFO  statemachine.DatanodeStateMachine (DatanodeStateMachine.java:lambda$startDaemon$0(350)) - Ozone container server started.
2019-07-30 15:11:02,569 INFO  node.StaleNodeHandler (StaleNodeHandler.java:onMessage(58)) - Datanode e5fa99ce-951d-4e55-9b5e-cd58416142a4{ip: 192.168.5.170, host: byscane-nightly-xg47r-921641087, networkLocation: /default-rack, certSerialId: null} moved to stale state. Finalizing its pipelines [PipelineID=f3f76dd3-5ba1-446e-9e85-fe4032b3cd7c, PipelineID=18635bdc-25c5-41cc-b9e3-e4e3b7caa974]
2019-07-30 15:11:02,569 INFO  pipeline.SCMPipelineManager (SCMPipelineManager.java:finalizeAndDestroyPipeline(309)) - destroying pipeline:Pipeline[ Id: f3f76dd3-5ba1-446e-9e85-fe4032b3cd7c, Nodes: e5fa99ce-951d-4e55-9b5e-cd58416142a4{ip: 192.168.5.170, host: byscane-nightly-xg47r-921641087, networkLocation: /default-rack, certSerialId: null}, Type:RATIS, Factor:ONE, State:OPEN]
2019-07-30 15:11:02,570 INFO  pipeline.PipelineStateManager (PipelineStateManager.java:finalizePipeline(123)) - Pipeline Pipeline[ Id: f3f76dd3-5ba1-446e-9e85-fe4032b3cd7c, Nodes: e5fa99ce-951d-4e55-9b5e-cd58416142a4{ip: 192.168.5.170, host: byscane-nightly-xg47r-921641087, networkLocation: /default-rack, certSerialId: null}, Type:RATIS, Factor:ONE, State:CLOSED] moved to CLOSED state
2019-07-30 15:11:02,570 INFO  pipeline.SCMPipelineManager (SCMPipelineManager.java:finalizeAndDestroyPipeline(309)) - destroying pipeline:Pipeline[ Id: 18635bdc-25c5-41cc-b9e3-e4e3b7caa974, Nodes: 80a33e47-92c6-4939-ade9-ac3b601b7b20{ip: 192.168.5.170, host: byscane-nightly-xg47r-921641087, networkLocation: /default-rack, certSerialId: null}8a680a7a-6242-4ac2-8c73-af55182af999{ip: 192.168.5.170, host: byscane-nightly-xg47r-921641087, networkLocation: /default-rack, certSerialId: null}e5fa99ce-951d-4e55-9b5e-cd58416142a4{ip: 192.168.5.170, host: byscane-nightly-xg47r-921641087, networkLocation: /default-rack, certSerialId: null}, Type:RATIS, Factor:THREE, State:OPEN]
2019-07-30 15:11:02,570 INFO  pipeline.PipelineStateManager (PipelineStateManager.java:finalizePipeline(123)) - Pipeline Pipeline[ Id: 18635bdc-25c5-41cc-b9e3-e4e3b7caa974, Nodes: 80a33e47-92c6-4939-ade9-ac3b601b7b20{ip: 192.168.5.170, host: byscane-nightly-xg47r-921641087, networkLocation: /default-rack, certSerialId: null}8a680a7a-6242-4ac2-8c73-af55182af999{ip: 192.168.5.170, host: byscane-nightly-xg47r-921641087, networkLocation: /default-rack, certSerialId: null}e5fa99ce-951d-4e55-9b5e-cd58416142a4{ip: 192.168.5.170, host: byscane-nightly-xg47r-921641087, networkLocation: /default-rack, certSerialId: null}, Type:RATIS, Factor:THREE, State:CLOSED] moved to CLOSED state
2019-07-30 15:11:02,571 INFO  container.CloseContainerEventHandler (CloseContainerEventHandler.java:onMessage(61)) - Close container Event triggered for container : #1
2019-07-30 15:11:02,869 INFO  node.StaleNodeHandler (StaleNodeHandler.java:onMessage(58)) - Datanode b13d115d-b1b7-4a42-93a0-c105386ccce1{ip: 192.168.5.170, host: byscane-nightly-xg47r-921641087, networkLocation: /default-rack, certSerialId: null} moved to stale state. Finalizing its pipelines [PipelineID=ce858553-d13e-4f8d-a4e9-57ab95a8be93, PipelineID=df077e3b-fdee-4eab-88fb-c349716f54ca]
2019-07-30 15:11:02,869 INFO  pipeline.SCMPipelineManager (SCMPipelineManager.java:finalizeAndDestroyPipeline(309)) - destroying pipeline:Pipeline[ Id: ce858553-d13e-4f8d-a4e9-57ab95a8be93, Nodes: b13d115d-b1b7-4a42-93a0-c105386ccce1{ip: 192.168.5.170, host: byscane-nightly-xg47r-921641087, networkLocation: /default-rack, certSerialId: null}, Type:RATIS, Factor:ONE, State:OPEN]
2019-07-30 15:11:02,869 INFO  pipeline.PipelineStateManager (PipelineStateManager.java:finalizePipeline(123)) - Pipeline Pipeline[ Id: ce858553-d13e-4f8d-a4e9-57ab95a8be93, Nodes: b13d115d-b1b7-4a42-93a0-c105386ccce1{ip: 192.168.5.170, host: byscane-nightly-xg47r-921641087, networkLocation: /default-rack, certSerialId: null}, Type:RATIS, Factor:ONE, State:CLOSED] moved to CLOSED state
2019-07-30 15:11:02,870 INFO  pipeline.SCMPipelineManager (SCMPipelineManager.java:finalizeAndDestroyPipeline(309)) - destroying pipeline:Pipeline[ Id: df077e3b-fdee-4eab-88fb-c349716f54ca, Nodes: c591fbe9-ed50-49f5-8e7a-b9ddc7582314{ip: 192.168.5.170, host: byscane-nightly-xg47r-921641087, networkLocation: /default-rack, certSerialId: null}e6f7e345-2310-405e-81e0-5b298fa4eba6{ip: 192.168.5.170, host: byscane-nightly-xg47r-921641087, networkLocation: /default-rack, certSerialId: null}b13d115d-b1b7-4a42-93a0-c105386ccce1{ip: 192.168.5.170, host: byscane-nightly-xg47r-921641087, networkLocation: /default-rack, certSerialId: null}, Type:RATIS, Factor:THREE, State:OPEN]
2019-07-30 15:11:02,870 INFO  pipeline.PipelineStateManager (PipelineStateManager.java:finalizePipeline(123)) - Pipeline Pipeline[ Id: df077e3b-fdee-4eab-88fb-c349716f54ca, Nodes: c591fbe9-ed50-49f5-8e7a-b9ddc7582314{ip: 192.168.5.170, host: byscane-nightly-xg47r-921641087, networkLocation: /default-rack, certSerialId: null}e6f7e345-2310-405e-81e0-5b298fa4eba6{ip: 192.168.5.170, host: byscane-nightly-xg47r-921641087, networkLocation: /default-rack, certSerialId: null}b13d115d-b1b7-4a42-93a0-c105386ccce1{ip: 192.168.5.170, host: byscane-nightly-xg47r-921641087, networkLocation: /default-rack, certSerialId: null}, Type:RATIS, Factor:THREE, State:CLOSED] moved to CLOSED state
2019-07-30 15:11:02,870 INFO  container.CloseContainerEventHandler (CloseContainerEventHandler.java:onMessage(61)) - Close container Event triggered for container : #2
2019-07-30 15:11:02,968 INFO  ozoneimpl.OzoneContainer (OzoneContainer.java:stop(199)) - Attempting to stop container services.
2019-07-30 15:11:02,969 INFO  ozoneimpl.OzoneContainer (OzoneContainer.java:stop(199)) - Attempting to stop container services.
2019-07-30 15:11:02,969 INFO  impl.RaftServerProxy (RaftServerProxy.java:lambda$close$4(314)) - b13d115d-b1b7-4a42-93a0-c105386ccce1: close
2019-07-30 15:11:02,969 INFO  impl.RaftServerProxy (RaftServerProxy.java:lambda$close$4(314)) - e5fa99ce-951d-4e55-9b5e-cd58416142a4: close
2019-07-30 15:11:02,970 INFO  impl.RaftServerImpl (RaftServerImpl.java:lambda$shutdown$3(245)) - b13d115d-b1b7-4a42-93a0-c105386ccce1: shutdown group-57AB95A8BE93
2019-07-30 15:11:02,970 INFO  impl.RaftServerImpl (RaftServerImpl.java:lambda$shutdown$3(245)) - e5fa99ce-951d-4e55-9b5e-cd58416142a4: shutdown group-FE4032B3CD7C
2019-07-30 15:11:02,970 INFO  util.JmxRegister (JmxRegister.java:unregister(73)) - Successfully un-registered JMX Bean with object name Ratis:service=RaftServer,group=group-57AB95A8BE93,id=b13d115d-b1b7-4a42-93a0-c105386ccce1
2019-07-30 15:11:02,970 INFO  util.JmxRegister (JmxRegister.java:unregister(73)) - Successfully un-registered JMX Bean with object name Ratis:service=RaftServer,group=group-FE4032B3CD7C,id=e5fa99ce-951d-4e55-9b5e-cd58416142a4
2019-07-30 15:11:02,971 INFO  impl.RoleInfo (RoleInfo.java:shutdownLeaderState(104)) - b13d115d-b1b7-4a42-93a0-c105386ccce1: shutdown LeaderState
2019-07-30 15:11:02,971 INFO  impl.RoleInfo (RoleInfo.java:shutdownLeaderState(104)) - e5fa99ce-951d-4e55-9b5e-cd58416142a4: shutdown LeaderState
2019-07-30 15:11:02,972 INFO  impl.PendingRequests (PendingRequests.java:sendNotLeaderResponses(202)) - b13d115d-b1b7-4a42-93a0-c105386ccce1-PendingRequests: sendNotLeaderResponses
2019-07-30 15:11:02,972 INFO  impl.PendingRequests (PendingRequests.java:sendNotLeaderResponses(202)) - e5fa99ce-951d-4e55-9b5e-cd58416142a4-PendingRequests: sendNotLeaderResponses
2019-07-30 15:11:02,972 INFO  impl.StateMachineUpdater (StateMachineUpdater.java:stopAndJoin(115)) - StateMachineUpdater:b13d115d-b1b7-4a42-93a0-c105386ccce1:group-57AB95A8BE93: set stopIndex = 0
2019-07-30 15:11:02,973 INFO  impl.StateMachineUpdater (StateMachineUpdater.java:stopAndJoin(115)) - StateMachineUpdater:e5fa99ce-951d-4e55-9b5e-cd58416142a4:group-FE4032B3CD7C: set stopIndex = 0
2019-07-30 15:11:02,973 INFO  impl.RaftServerImpl (ServerState.java:close(394)) - b13d115d-b1b7-4a42-93a0-c105386ccce1:group-57AB95A8BE93 closes. The last applied log index is 0
2019-07-30 15:11:02,973 INFO  impl.RaftServerImpl (ServerState.java:close(394)) - e5fa99ce-951d-4e55-9b5e-cd58416142a4:group-FE4032B3CD7C closes. The last applied log index is 0
2019-07-30 15:11:02,974 INFO  segmented.SegmentedRaftLogWorker (SegmentedRaftLogWorker.java:run(313)) - b13d115d-b1b7-4a42-93a0-c105386ccce1-SegmentedRaftLogWorker:Storage Directory /workdir/hadoop-ozone/integration-test/target/test-dir/MiniOzoneClusterImpl-deb39eb4-d2b4-453d-924d-c2b7b0ac8c4c/datanode-4/data/ratis/ce858553-d13e-4f8d-a4e9-57ab95a8be93 was interrupted, exiting. There are 0 tasks remaining in the queue.
2019-07-30 15:11:02,974 INFO  segmented.SegmentedRaftLogWorker (SegmentedRaftLogWorker.java:run(313)) - e5fa99ce-951d-4e55-9b5e-cd58416142a4-SegmentedRaftLogWorker:Storage Directory /workdir/hadoop-ozone/integration-test/target/test-dir/MiniOzoneClusterImpl-deb39eb4-d2b4-453d-924d-c2b7b0ac8c4c/datanode-1/data/ratis/f3f76dd3-5ba1-446e-9e85-fe4032b3cd7c was interrupted, exiting. There are 0 tasks remaining in the queue.
2019-07-30 15:11:02,978 INFO  segmented.SegmentedRaftLogWorker (SegmentedRaftLogWorker.java:close(228)) - b13d115d-b1b7-4a42-93a0-c105386ccce1-SegmentedRaftLogWorker:Storage Directory /workdir/hadoop-ozone/integration-test/target/test-dir/MiniOzoneClusterImpl-deb39eb4-d2b4-453d-924d-c2b7b0ac8c4c/datanode-4/data/ratis/ce858553-d13e-4f8d-a4e9-57ab95a8be93 close()
2019-07-30 15:11:02,980 INFO  segmented.SegmentedRaftLogWorker (SegmentedRaftLogWorker.java:close(228)) - e5fa99ce-951d-4e55-9b5e-cd58416142a4-SegmentedRaftLogWorker:Storage Directory /workdir/hadoop-ozone/integration-test/target/test-dir/MiniOzoneClusterImpl-deb39eb4-d2b4-453d-924d-c2b7b0ac8c4c/datanode-1/data/ratis/f3f76dd3-5ba1-446e-9e85-fe4032b3cd7c close()
2019-07-30 15:11:02,986 INFO  impl.RaftServerImpl (RaftServerImpl.java:lambda$shutdown$3(245)) - b13d115d-b1b7-4a42-93a0-c105386ccce1: shutdown group-C349716F54CA
2019-07-30 15:11:02,990 INFO  impl.RaftServerImpl (RaftServerImpl.java:lambda$shutdown$3(245)) - e5fa99ce-951d-4e55-9b5e-cd58416142a4: shutdown group-E4E3B7CAA974
2019-07-30 15:11:02,991 INFO  util.JmxRegister (JmxRegister.java:unregister(73)) - Successfully un-registered JMX Bean with object name Ratis:service=RaftServer,group=group-C349716F54CA,id=b13d115d-b1b7-4a42-93a0-c105386ccce1
2019-07-30 15:11:02,991 INFO  util.JmxRegister (JmxRegister.java:unregister(73)) - Successfully un-registered JMX Bean with object name Ratis:service=RaftServer,group=group-E4E3B7CAA974,id=e5fa99ce-951d-4e55-9b5e-cd58416142a4
2019-07-30 15:11:02,991 INFO  impl.RoleInfo (RoleInfo.java:shutdownFollowerState(121)) - b13d115d-b1b7-4a42-93a0-c105386ccce1: shutdown FollowerState
2019-07-30 15:11:02,992 INFO  impl.RoleInfo (RoleInfo.java:shutdownFollowerState(121)) - e5fa99ce-951d-4e55-9b5e-cd58416142a4: shutdown FollowerState
2019-07-30 15:11:02,992 INFO  impl.FollowerState (FollowerState.java:run(114)) - b13d115d-b1b7-4a42-93a0-c105386ccce1: FollowerState was interrupted: java.lang.InterruptedException: sleep interrupted
2019-07-30 15:11:02,992 INFO  ratis.ContainerStateMachine (ContainerStateMachine.java:takeSnapshot(262)) - group-C349716F54CA: Taking a snapshot at:(t:1, i:4) file /workdir/hadoop-ozone/integration-test/target/test-dir/MiniOzoneClusterImpl-deb39eb4-d2b4-453d-924d-c2b7b0ac8c4c/datanode-4/data/ratis/df077e3b-fdee-4eab-88fb-c349716f54ca/sm/snapshot.1_4
2019-07-30 15:11:02,992 INFO  impl.StateMachineUpdater (StateMachineUpdater.java:stopAndJoin(115)) - StateMachineUpdater:b13d115d-b1b7-4a42-93a0-c105386ccce1:group-C349716F54CA: set stopIndex = 6
2019-07-30 15:11:02,992 INFO  ratis.ContainerStateMachine (ContainerStateMachine.java:takeSnapshot(262)) - group-E4E3B7CAA974: Taking a snapshot at:(t:1, i:6) file /workdir/hadoop-ozone/integration-test/target/test-dir/MiniOzoneClusterImpl-deb39eb4-d2b4-453d-924d-c2b7b0ac8c4c/datanode-1/data/ratis/18635bdc-25c5-41cc-b9e3-e4e3b7caa974/sm/snapshot.1_6
2019-07-30 15:11:02,992 INFO  impl.FollowerState (FollowerState.java:run(114)) - e5fa99ce-951d-4e55-9b5e-cd58416142a4: FollowerState was interrupted: java.lang.InterruptedException: sleep interrupted
2019-07-30 15:11:02,992 INFO  impl.StateMachineUpdater (StateMachineUpdater.java:stopAndJoin(115)) - StateMachineUpdater:e5fa99ce-951d-4e55-9b5e-cd58416142a4:group-E4E3B7CAA974: set stopIndex = 6
2019-07-30 15:11:03,017 INFO  ratis.ContainerStateMachine (ContainerStateMachine.java:takeSnapshot(273)) - group-C349716F54CA: Finished taking a snapshot at:(t:1, i:4) file:/workdir/hadoop-ozone/integration-test/target/test-dir/MiniOzoneClusterImpl-deb39eb4-d2b4-453d-924d-c2b7b0ac8c4c/datanode-4/data/ratis/df077e3b-fdee-4eab-88fb-c349716f54ca/sm/snapshot.1_4 time:25
2019-07-30 15:11:03,018 INFO  impl.StateMachineUpdater (StateMachineUpdater.java:takeSnapshot(242)) - StateMachineUpdater:b13d115d-b1b7-4a42-93a0-c105386ccce1:group-C349716F54CA: Took a snapshot at index 4
2019-07-30 15:11:03,017 INFO  ratis.ContainerStateMachine (ContainerStateMachine.java:takeSnapshot(273)) - group-E4E3B7CAA974: Finished taking a snapshot at:(t:1, i:6) file:/workdir/hadoop-ozone/integration-test/target/test-dir/MiniOzoneClusterImpl-deb39eb4-d2b4-453d-924d-c2b7b0ac8c4c/datanode-1/data/ratis/18635bdc-25c5-41cc-b9e3-e4e3b7caa974/sm/snapshot.1_6 time:25
2019-07-30 15:11:03,018 INFO  impl.StateMachineUpdater (StateMachineUpdater.java:lambda$new$0(80)) - StateMachineUpdater:b13d115d-b1b7-4a42-93a0-c105386ccce1:group-C349716F54CA: snapshotIndex: updateIncreasingly -1 -> 4
2019-07-30 15:11:03,018 INFO  impl.StateMachineUpdater (StateMachineUpdater.java:takeSnapshot(242)) - StateMachineUpdater:e5fa99ce-951d-4e55-9b5e-cd58416142a4:group-E4E3B7CAA974: Took a snapshot at index 6
2019-07-30 15:11:03,018 INFO  impl.StateMachineUpdater (StateMachineUpdater.java:lambda$new$0(80)) - StateMachineUpdater:e5fa99ce-951d-4e55-9b5e-cd58416142a4:group-E4E3B7CAA974: snapshotIndex: updateIncreasingly -1 -> 6
2019-07-30 15:11:03,018 INFO  impl.RaftServerImpl (ServerState.java:close(394)) - b13d115d-b1b7-4a42-93a0-c105386ccce1:group-C349716F54CA closes. The last applied log index is 6
2019-07-30 15:11:03,018 INFO  impl.RaftServerImpl (ServerState.java:close(394)) - e5fa99ce-951d-4e55-9b5e-cd58416142a4:group-E4E3B7CAA974 closes. The last applied log index is 6
2019-07-30 15:11:03,019 INFO  segmented.SegmentedRaftLogWorker (SegmentedRaftLogWorker.java:run(313)) - b13d115d-b1b7-4a42-93a0-c105386ccce1-SegmentedRaftLogWorker:Storage Directory /workdir/hadoop-ozone/integration-test/target/test-dir/MiniOzoneClusterImpl-deb39eb4-d2b4-453d-924d-c2b7b0ac8c4c/datanode-4/data/ratis/df077e3b-fdee-4eab-88fb-c349716f54ca was interrupted, exiting. There are 0 tasks remaining in the queue.
2019-07-30 15:11:03,019 INFO  segmented.SegmentedRaftLogWorker (SegmentedRaftLogWorker.java:run(313)) - e5fa99ce-951d-4e55-9b5e-cd58416142a4-SegmentedRaftLogWorker:Storage Directory /workdir/hadoop-ozone/integration-test/target/test-dir/MiniOzoneClusterImpl-deb39eb4-d2b4-453d-924d-c2b7b0ac8c4c/datanode-1/data/ratis/18635bdc-25c5-41cc-b9e3-e4e3b7caa974 was interrupted, exiting. There are 0 tasks remaining in the queue.
2019-07-30 15:11:03,022 INFO  segmented.SegmentedRaftLogWorker (SegmentedRaftLogWorker.java:close(228)) - b13d115d-b1b7-4a42-93a0-c105386ccce1-SegmentedRaftLogWorker:Storage Directory /workdir/hadoop-ozone/integration-test/target/test-dir/MiniOzoneClusterImpl-deb39eb4-d2b4-453d-924d-c2b7b0ac8c4c/datanode-4/data/ratis/df077e3b-fdee-4eab-88fb-c349716f54ca close()
2019-07-30 15:11:03,024 INFO  segmented.SegmentedRaftLogWorker (SegmentedRaftLogWorker.java:close(228)) - e5fa99ce-951d-4e55-9b5e-cd58416142a4-SegmentedRaftLogWorker:Storage Directory /workdir/hadoop-ozone/integration-test/target/test-dir/MiniOzoneClusterImpl-deb39eb4-d2b4-453d-924d-c2b7b0ac8c4c/datanode-1/data/ratis/18635bdc-25c5-41cc-b9e3-e4e3b7caa974 close()
2019-07-30 15:11:03,029 INFO  server.GrpcService (GrpcService.java:closeImpl(155)) - b13d115d-b1b7-4a42-93a0-c105386ccce1: shutdown server with port 40183 now
2019-07-30 15:11:03,034 INFO  server.GrpcService (GrpcService.java:closeImpl(155)) - e5fa99ce-951d-4e55-9b5e-cd58416142a4: shutdown server with port 36658 now
2019-07-30 15:11:03,037 WARN  server.GrpcServerProtocolService (LogUtils.java:warn(134)) - b13d115d-b1b7-4a42-93a0-c105386ccce1: appendEntries onError: org.apache.ratis.thirdparty.io.grpc.StatusRuntimeException: CANCELLED: cancelled before receiving half close
2019-07-30 15:11:03,037 WARN  server.GrpcLogAppender (LogUtils.java:warn(134)) - e6f7e345-2310-405e-81e0-5b298fa4eba6->b13d115d-b1b7-4a42-93a0-c105386ccce1: Failed appendEntries: org.apache.ratis.thirdparty.io.grpc.StatusRuntimeException: CANCELLED: HTTP/2 error code: CANCEL
Received Rst Stream
2019-07-30 15:11:03,037 INFO  server.GrpcService (GrpcService.java:closeImpl(163)) - b13d115d-b1b7-4a42-93a0-c105386ccce1: shutdown server with port 40183 successfully
2019-07-30 15:11:03,040 INFO  impl.FollowerInfo (FollowerInfo.java:lambda$new$0(50)) - e6f7e345-2310-405e-81e0-5b298fa4eba6->b13d115d-b1b7-4a42-93a0-c105386ccce1: nextIndex: updateUnconditionally 7 -> 6
2019-07-30 15:11:03,040 WARN  server.GrpcLogAppender (LogUtils.java:warn(134)) - 80a33e47-92c6-4939-ade9-ac3b601b7b20->e5fa99ce-951d-4e55-9b5e-cd58416142a4: Failed appendEntries: org.apache.ratis.thirdparty.io.grpc.StatusRuntimeException: CANCELLED: HTTP/2 error code: CANCEL
Received Rst Stream
2019-07-30 15:11:03,040 WARN  server.GrpcServerProtocolService (LogUtils.java:warn(134)) - e5fa99ce-951d-4e55-9b5e-cd58416142a4: appendEntries onError: org.apache.ratis.thirdparty.io.grpc.StatusRuntimeException: CANCELLED: cancelled before receiving half close
2019-07-30 15:11:03,040 INFO  server.GrpcService (GrpcService.java:closeImpl(163)) - e5fa99ce-951d-4e55-9b5e-cd58416142a4: shutdown server with port 36658 successfully
2019-07-30 15:11:03,041 INFO  utils.BackgroundService (BackgroundService.java:shutdown(148)) - Shutting down service BlockDeletingService
2019-07-30 15:11:03,041 INFO  impl.FollowerInfo (FollowerInfo.java:lambda$new$0(50)) - 80a33e47-92c6-4939-ade9-ac3b601b7b20->e5fa99ce-951d-4e55-9b5e-cd58416142a4: nextIndex: updateUnconditionally 7 -> 6
2019-07-30 15:11:03,043 WARN  fs.CachingGetSpaceUsed (CachingGetSpaceUsed.java:run(183)) - Thread Interrupted waiting to refresh disk information: sleep interrupted
2019-07-30 15:11:03,044 INFO  utils.BackgroundService (BackgroundService.java:shutdown(148)) - Shutting down service BlockDeletingService
2019-07-30 15:11:03,045 WARN  fs.CachingGetSpaceUsed (CachingGetSpaceUsed.java:run(183)) - Thread Interrupted waiting to refresh disk information: sleep interrupted
2019-07-30 15:11:03,064 INFO  statemachine.DatanodeStateMachine (DatanodeStateMachine.java:stopDaemon(395)) - Ozone container server stopped.
2019-07-30 15:11:03,065 INFO  handler.ContextHandler (ContextHandler.java:doStop(910)) - Stopped o.e.j.w.WebAppContext@3237522b{/,null,UNAVAILABLE}{/hddsDatanode}
2019-07-30 15:11:03,069 INFO  server.AbstractConnector (AbstractConnector.java:doStop(318)) - Stopped ServerConnector@73ffe7b0{HTTP/1.1,[http/1.1]}{0.0.0.0:0}
2019-07-30 15:11:03,070 INFO  statemachine.DatanodeStateMachine (DatanodeStateMachine.java:stopDaemon(395)) - Ozone container server stopped.
2019-07-30 15:11:03,071 INFO  handler.ContextHandler (ContextHandler.java:doStop(910)) - Stopped o.e.j.s.ServletContextHandler@420307f9{/static,jar:file:/home/user/.m2/repository/org/apache/hadoop/hadoop-hdds-container-service/0.4.1-SNAPSHOT/hadoop-hdds-container-service-0.4.1-SNAPSHOT.jar!/webapps/static,UNAVAILABLE}
2019-07-30 15:11:03,075 INFO  handler.ContextHandler (ContextHandler.java:doStop(910)) - Stopped o.e.j.s.ServletContextHandler@745d399a{/logs,file:///workdir/hadoop-ozone/integration-test/target/log,UNAVAILABLE}
2019-07-30 15:11:03,077 INFO  handler.ContextHandler (ContextHandler.java:doStop(910)) - Stopped o.e.j.w.WebAppContext@3f6f26cb{/,null,UNAVAILABLE}{/hddsDatanode}
2019-07-30 15:11:03,077 INFO  datanode.ObjectStoreHandler (ObjectStoreHandler.java:close(155)) - Closing ObjectStoreHandler.
2019-07-30 15:11:03,077 INFO  server.AbstractConnector (AbstractConnector.java:doStop(318)) - Stopped ServerConnector@40123014{HTTP/1.1,[http/1.1]}{0.0.0.0:0}
2019-07-30 15:11:03,078 INFO  ozone.HddsDatanodeService (HddsDatanodeService.java:stop(451)) - Stopped plug-in org.apache.hadoop.ozone.web.OzoneHddsDatanodeService@653e79fc
2019-07-30 15:11:03,080 INFO  handler.ContextHandler (ContextHandler.java:doStop(910)) - Stopped o.e.j.s.ServletContextHandler@538c90bf{/static,jar:file:/home/user/.m2/repository/org/apache/hadoop/hadoop-hdds-container-service/0.4.1-SNAPSHOT/hadoop-hdds-container-service-0.4.1-SNAPSHOT.jar!/webapps/static,UNAVAILABLE}
2019-07-30 15:11:03,081 INFO  handler.ContextHandler (ContextHandler.java:doStop(910)) - Stopped o.e.j.s.ServletContextHandler@1f9ec3e7{/logs,file:///workdir/hadoop-ozone/integration-test/target/log,UNAVAILABLE}
2019-07-30 15:11:03,082 INFO  datanode.ObjectStoreHandler (ObjectStoreHandler.java:close(155)) - Closing ObjectStoreHandler.
2019-07-30 15:11:03,082 INFO  ozone.HddsDatanodeService (HddsDatanodeService.java:stop(451)) - Stopped plug-in org.apache.hadoop.ozone.web.OzoneHddsDatanodeService@c4fac3a
2019-07-30 15:11:03,123 WARN  server.GrpcLogAppender (LogUtils.java:warn(134)) - 80a33e47-92c6-4939-ade9-ac3b601b7b20->e5fa99ce-951d-4e55-9b5e-cd58416142a4: Failed appendEntries: org.apache.ratis.thirdparty.io.grpc.StatusRuntimeException: UNAVAILABLE: io exception
2019-07-30 15:11:03,123 INFO  impl.FollowerInfo (FollowerInfo.java:lambda$new$0(50)) - 80a33e47-92c6-4939-ade9-ac3b601b7b20->e5fa99ce-951d-4e55-9b5e-cd58416142a4: nextIndex: updateUnconditionally 6 -> 5
2019-07-30 15:11:03,568 INFO  statemachine.DatanodeStateMachine (DatanodeStateMachine.java:lambda$startDaemon$0(350)) - Ozone container server started.
2019-07-30 15:11:03,853 INFO  statemachine.DatanodeStateMachine (DatanodeStateMachine.java:lambda$startDaemon$0(350)) - Ozone container server started.
2019-07-30 15:11:05,403 WARN  server.GrpcLogAppender (LogUtils.java:warn(134)) - e6f7e345-2310-405e-81e0-5b298fa4eba6->b13d115d-b1b7-4a42-93a0-c105386ccce1: Failed appendEntries: org.apache.ratis.thirdparty.io.grpc.StatusRuntimeException: UNAVAILABLE: io exception
2019-07-30 15:11:05,403 INFO  impl.FollowerInfo (FollowerInfo.java:lambda$new$0(50)) - e6f7e345-2310-405e-81e0-5b298fa4eba6->b13d115d-b1b7-4a42-93a0-c105386ccce1: nextIndex: updateUnconditionally 6 -> 5
2019-07-30 15:11:05,579 WARN  server.GrpcLogAppender (LogUtils.java:warn(134)) - 80a33e47-92c6-4939-ade9-ac3b601b7b20->e5fa99ce-951d-4e55-9b5e-cd58416142a4: Failed appendEntries: org.apache.ratis.thirdparty.io.grpc.StatusRuntimeException: UNAVAILABLE: io exception
2019-07-30 15:11:05,580 INFO  impl.FollowerInfo (FollowerInfo.java:lambda$new$0(50)) - 80a33e47-92c6-4939-ade9-ac3b601b7b20->e5fa99ce-951d-4e55-9b5e-cd58416142a4: nextIndex: updateUnconditionally 6 -> 5
2019-07-30 15:11:05,590 WARN  server.GrpcLogAppender (LogUtils.java:warn(134)) - 80a33e47-92c6-4939-ade9-ac3b601b7b20->e5fa99ce-951d-4e55-9b5e-cd58416142a4: Failed appendEntries: org.apache.ratis.thirdparty.io.grpc.StatusRuntimeException: UNAVAILABLE: io exception
2019-07-30 15:11:05,590 INFO  impl.FollowerInfo (FollowerInfo.java:lambda$new$0(50)) - 80a33e47-92c6-4939-ade9-ac3b601b7b20->e5fa99ce-951d-4e55-9b5e-cd58416142a4: nextIndex: updateUnconditionally 6 -> 5
2019-07-30 15:11:05,595 WARN  server.GrpcLogAppender (LogUtils.java:warn(134)) - 80a33e47-92c6-4939-ade9-ac3b601b7b20->e5fa99ce-951d-4e55-9b5e-cd58416142a4: Failed appendEntries: org.apache.ratis.thirdparty.io.grpc.StatusRuntimeException: UNAVAILABLE: io exception
2019-07-30 15:11:05,595 INFO  impl.FollowerInfo (FollowerInfo.java:lambda$new$0(50)) - 80a33e47-92c6-4939-ade9-ac3b601b7b20->e5fa99ce-951d-4e55-9b5e-cd58416142a4: nextIndex: updateUnconditionally 6 -> 5
2019-07-30 15:11:05,663 INFO  interfaces.Container (KeyValueContainer.java:compactDB(356)) - Container 1 is closed with bcsId 4.
2019-07-30 15:11:05,664 INFO  container.IncrementalContainerReportHandler (AbstractContainerReportHandler.java:updateContainerState(176)) - Moving container #1 to CLOSED state, datanode 80a33e47-92c6-4939-ade9-ac3b601b7b20{ip: 192.168.5.170, host: byscane-nightly-xg47r-921641087, networkLocation: /default-rack, certSerialId: null} reported CLOSED replica.
2019-07-30 15:11:05,686 INFO  interfaces.Container (KeyValueContainer.java:compactDB(356)) - Container 1 is closed with bcsId 4.
2019-07-30 15:11:07,576 INFO  node.StaleNodeHandler (StaleNodeHandler.java:onMessage(58)) - Datanode 8a680a7a-6242-4ac2-8c73-af55182af999{ip: 192.168.5.170, host: byscane-nightly-xg47r-921641087, networkLocation: /default-rack, certSerialId: null} moved to stale state. Finalizing its pipelines [PipelineID=18635bdc-25c5-41cc-b9e3-e4e3b7caa974, PipelineID=f395f0c5-20f5-4929-9865-9ca9b1ddc274]
2019-07-30 15:11:07,576 INFO  pipeline.SCMPipelineManager (SCMPipelineManager.java:finalizeAndDestroyPipeline(309)) - destroying pipeline:Pipeline[ Id: 18635bdc-25c5-41cc-b9e3-e4e3b7caa974, Nodes: 80a33e47-92c6-4939-ade9-ac3b601b7b20{ip: 192.168.5.170, host: byscane-nightly-xg47r-921641087, networkLocation: /default-rack, certSerialId: null}8a680a7a-6242-4ac2-8c73-af55182af999{ip: 192.168.5.170, host: byscane-nightly-xg47r-921641087, networkLocation: /default-rack, certSerialId: null}e5fa99ce-951d-4e55-9b5e-cd58416142a4{ip: 192.168.5.170, host: byscane-nightly-xg47r-921641087, networkLocation: /default-rack, certSerialId: null}, Type:RATIS, Factor:THREE, State:CLOSED]
2019-07-30 15:11:07,577 INFO  pipeline.SCMPipelineManager (SCMPipelineManager.java:finalizeAndDestroyPipeline(309)) - destroying pipeline:Pipeline[ Id: f395f0c5-20f5-4929-9865-9ca9b1ddc274, Nodes: 8a680a7a-6242-4ac2-8c73-af55182af999{ip: 192.168.5.170, host: byscane-nightly-xg47r-921641087, networkLocation: /default-rack, certSerialId: null}, Type:RATIS, Factor:ONE, State:OPEN]
2019-07-30 15:11:07,577 INFO  pipeline.PipelineStateManager (PipelineStateManager.java:finalizePipeline(123)) - Pipeline Pipeline[ Id: f395f0c5-20f5-4929-9865-9ca9b1ddc274, Nodes: 8a680a7a-6242-4ac2-8c73-af55182af999{ip: 192.168.5.170, host: byscane-nightly-xg47r-921641087, networkLocation: /default-rack, certSerialId: null}, Type:RATIS, Factor:ONE, State:CLOSED] moved to CLOSED state
2019-07-30 15:11:07,876 INFO  node.StaleNodeHandler (StaleNodeHandler.java:onMessage(58)) - Datanode e6f7e345-2310-405e-81e0-5b298fa4eba6{ip: 192.168.5.170, host: byscane-nightly-xg47r-921641087, networkLocation: /default-rack, certSerialId: null} moved to stale state. Finalizing its pipelines [PipelineID=c7322f07-7302-4799-a1ec-7073520585fa, PipelineID=df077e3b-fdee-4eab-88fb-c349716f54ca]
2019-07-30 15:11:07,877 INFO  pipeline.SCMPipelineManager (SCMPipelineManager.java:finalizeAndDestroyPipeline(309)) - destroying pipeline:Pipeline[ Id: c7322f07-7302-4799-a1ec-7073520585fa, Nodes: e6f7e345-2310-405e-81e0-5b298fa4eba6{ip: 192.168.5.170, host: byscane-nightly-xg47r-921641087, networkLocation: /default-rack, certSerialId: null}, Type:RATIS, Factor:ONE, State:OPEN]
2019-07-30 15:11:07,877 INFO  pipeline.PipelineStateManager (PipelineStateManager.java:finalizePipeline(123)) - Pipeline Pipeline[ Id: c7322f07-7302-4799-a1ec-7073520585fa, Nodes: e6f7e345-2310-405e-81e0-5b298fa4eba6{ip: 192.168.5.170, host: byscane-nightly-xg47r-921641087, networkLocation: /default-rack, certSerialId: null}, Type:RATIS, Factor:ONE, State:CLOSED] moved to CLOSED state
2019-07-30 15:11:07,877 INFO  pipeline.SCMPipelineManager (SCMPipelineManager.java:finalizeAndDestroyPipeline(309)) - destroying pipeline:Pipeline[ Id: df077e3b-fdee-4eab-88fb-c349716f54ca, Nodes: c591fbe9-ed50-49f5-8e7a-b9ddc7582314{ip: 192.168.5.170, host: byscane-nightly-xg47r-921641087, networkLocation: /default-rack, certSerialId: null}e6f7e345-2310-405e-81e0-5b298fa4eba6{ip: 192.168.5.170, host: byscane-nightly-xg47r-921641087, networkLocation: /default-rack, certSerialId: null}b13d115d-b1b7-4a42-93a0-c105386ccce1{ip: 192.168.5.170, host: byscane-nightly-xg47r-921641087, networkLocation: /default-rack, certSerialId: null}, Type:RATIS, Factor:THREE, State:CLOSED]
2019-07-30 15:11:07,903 WARN  server.GrpcLogAppender (LogUtils.java:warn(134)) - e6f7e345-2310-405e-81e0-5b298fa4eba6->b13d115d-b1b7-4a42-93a0-c105386ccce1: Failed appendEntries: org.apache.ratis.thirdparty.io.grpc.StatusRuntimeException: UNAVAILABLE: io exception
2019-07-30 15:11:07,904 INFO  impl.FollowerInfo (FollowerInfo.java:lambda$new$0(50)) - e6f7e345-2310-405e-81e0-5b298fa4eba6->b13d115d-b1b7-4a42-93a0-c105386ccce1: nextIndex: updateUnconditionally 5 -> 4
2019-07-30 15:11:08,080 INFO  ozoneimpl.OzoneContainer (OzoneContainer.java:stop(199)) - Attempting to stop container services.
2019-07-30 15:11:08,081 INFO  impl.RaftServerProxy (RaftServerProxy.java:lambda$close$4(314)) - e6f7e345-2310-405e-81e0-5b298fa4eba6: close
2019-07-30 15:11:08,081 INFO  impl.RaftServerImpl (RaftServerImpl.java:lambda$shutdown$3(245)) - e6f7e345-2310-405e-81e0-5b298fa4eba6: shutdown group-7073520585FA
2019-07-30 15:11:08,082 INFO  util.JmxRegister (JmxRegister.java:unregister(73)) - Successfully un-registered JMX Bean with object name Ratis:service=RaftServer,group=group-7073520585FA,id=e6f7e345-2310-405e-81e0-5b298fa4eba6
2019-07-30 15:11:08,083 INFO  impl.RoleInfo (RoleInfo.java:shutdownLeaderState(104)) - e6f7e345-2310-405e-81e0-5b298fa4eba6: shutdown LeaderState
2019-07-30 15:11:08,083 INFO  ozoneimpl.OzoneContainer (OzoneContainer.java:stop(199)) - Attempting to stop container services.
2019-07-30 15:11:08,083 INFO  impl.PendingRequests (PendingRequests.java:sendNotLeaderResponses(202)) - e6f7e345-2310-405e-81e0-5b298fa4eba6-PendingRequests: sendNotLeaderResponses
2019-07-30 15:11:08,084 INFO  impl.RaftServerProxy (RaftServerProxy.java:lambda$close$4(314)) - 8a680a7a-6242-4ac2-8c73-af55182af999: close
2019-07-30 15:11:08,084 INFO  impl.StateMachineUpdater (StateMachineUpdater.java:stopAndJoin(115)) - StateMachineUpdater:e6f7e345-2310-405e-81e0-5b298fa4eba6:group-7073520585FA: set stopIndex = 0
2019-07-30 15:11:08,084 INFO  impl.RaftServerImpl (ServerState.java:close(394)) - e6f7e345-2310-405e-81e0-5b298fa4eba6:group-7073520585FA closes. The last applied log index is 0
2019-07-30 15:11:08,084 INFO  impl.RaftServerImpl (RaftServerImpl.java:lambda$shutdown$3(245)) - 8a680a7a-6242-4ac2-8c73-af55182af999: shutdown group-E4E3B7CAA974
2019-07-30 15:11:08,085 INFO  segmented.SegmentedRaftLogWorker (SegmentedRaftLogWorker.java:run(313)) - e6f7e345-2310-405e-81e0-5b298fa4eba6-SegmentedRaftLogWorker:Storage Directory /workdir/hadoop-ozone/integration-test/target/test-dir/MiniOzoneClusterImpl-deb39eb4-d2b4-453d-924d-c2b7b0ac8c4c/datanode-3/data/ratis/c7322f07-7302-4799-a1ec-7073520585fa was interrupted, exiting. There are 0 tasks remaining in the queue.
2019-07-30 15:11:08,085 INFO  util.JmxRegister (JmxRegister.java:unregister(73)) - Successfully un-registered JMX Bean with object name Ratis:service=RaftServer,group=group-E4E3B7CAA974,id=8a680a7a-6242-4ac2-8c73-af55182af999
2019-07-30 15:11:08,089 INFO  segmented.SegmentedRaftLogWorker (SegmentedRaftLogWorker.java:close(228)) - e6f7e345-2310-405e-81e0-5b298fa4eba6-SegmentedRaftLogWorker:Storage Directory /workdir/hadoop-ozone/integration-test/target/test-dir/MiniOzoneClusterImpl-deb39eb4-d2b4-453d-924d-c2b7b0ac8c4c/datanode-3/data/ratis/c7322f07-7302-4799-a1ec-7073520585fa close()
2019-07-30 15:11:08,089 INFO  impl.RoleInfo (RoleInfo.java:shutdownFollowerState(121)) - 8a680a7a-6242-4ac2-8c73-af55182af999: shutdown FollowerState
2019-07-30 15:11:08,093 INFO  impl.RaftServerImpl (RaftServerImpl.java:lambda$shutdown$3(245)) - e6f7e345-2310-405e-81e0-5b298fa4eba6: shutdown group-C349716F54CA
2019-07-30 15:11:08,093 INFO  impl.FollowerState (FollowerState.java:run(114)) - 8a680a7a-6242-4ac2-8c73-af55182af999: FollowerState was interrupted: java.lang.InterruptedException: sleep interrupted
2019-07-30 15:11:08,093 INFO  ratis.ContainerStateMachine (ContainerStateMachine.java:takeSnapshot(262)) - group-E4E3B7CAA974: Taking a snapshot at:(t:1, i:7) file /workdir/hadoop-ozone/integration-test/target/test-dir/MiniOzoneClusterImpl-deb39eb4-d2b4-453d-924d-c2b7b0ac8c4c/datanode-2/data/ratis/18635bdc-25c5-41cc-b9e3-e4e3b7caa974/sm/snapshot.1_7
2019-07-30 15:11:08,093 INFO  impl.StateMachineUpdater (StateMachineUpdater.java:stopAndJoin(115)) - StateMachineUpdater:8a680a7a-6242-4ac2-8c73-af55182af999:group-E4E3B7CAA974: set stopIndex = 7
2019-07-30 15:11:08,093 INFO  util.JmxRegister (JmxRegister.java:unregister(73)) - Successfully un-registered JMX Bean with object name Ratis:service=RaftServer,group=group-C349716F54CA,id=e6f7e345-2310-405e-81e0-5b298fa4eba6
2019-07-30 15:11:08,104 INFO  impl.RoleInfo (RoleInfo.java:shutdownLeaderState(104)) - e6f7e345-2310-405e-81e0-5b298fa4eba6: shutdown LeaderState
2019-07-30 15:11:08,109 INFO  impl.PendingRequests (PendingRequests.java:sendNotLeaderResponses(202)) - e6f7e345-2310-405e-81e0-5b298fa4eba6-PendingRequests: sendNotLeaderResponses
2019-07-30 15:11:08,109 WARN  server.GrpcLogAppender (LogUtils.java:warn(134)) - 80a33e47-92c6-4939-ade9-ac3b601b7b20->e5fa99ce-951d-4e55-9b5e-cd58416142a4: Failed appendEntries: org.apache.ratis.thirdparty.io.grpc.StatusRuntimeException: UNAVAILABLE: io exception
2019-07-30 15:11:08,112 INFO  impl.StateMachineUpdater (StateMachineUpdater.java:stopAndJoin(115)) - StateMachineUpdater:e6f7e345-2310-405e-81e0-5b298fa4eba6:group-C349716F54CA: set stopIndex = 6
2019-07-30 15:11:08,109 WARN  server.GrpcLogAppender (GrpcLogAppender.java:mayWait(143)) - GrpcLogAppender(e6f7e345-2310-405e-81e0-5b298fa4eba6->b13d115d-b1b7-4a42-93a0-c105386ccce1): Wait interrupted by java.lang.InterruptedException
2019-07-30 15:11:08,109 WARN  server.GrpcLogAppender (GrpcLogAppender.java:mayWait(143)) - GrpcLogAppender(e6f7e345-2310-405e-81e0-5b298fa4eba6->c591fbe9-ed50-49f5-8e7a-b9ddc7582314): Wait interrupted by java.lang.InterruptedException
2019-07-30 15:11:08,114 INFO  impl.FollowerInfo (FollowerInfo.java:lambda$new$0(50)) - 80a33e47-92c6-4939-ade9-ac3b601b7b20->e5fa99ce-951d-4e55-9b5e-cd58416142a4: nextIndex: updateUnconditionally 5 -> 4
2019-07-30 15:11:08,112 INFO  ratis.ContainerStateMachine (ContainerStateMachine.java:takeSnapshot(262)) - group-C349716F54CA: Taking a snapshot at:(t:1, i:6) file /workdir/hadoop-ozone/integration-test/target/test-dir/MiniOzoneClusterImpl-deb39eb4-d2b4-453d-924d-c2b7b0ac8c4c/datanode-3/data/ratis/df077e3b-fdee-4eab-88fb-c349716f54ca/sm/snapshot.1_6
2019-07-30 15:11:08,115 INFO  server.GrpcServerProtocolService (GrpcServerProtocolService.java:onCompleted(104)) - c591fbe9-ed50-49f5-8e7a-b9ddc7582314: appendEntries completed
2019-07-30 15:11:08,116 INFO  server.GrpcLogAppender (GrpcLogAppender.java:onCompleted(292)) - e6f7e345-2310-405e-81e0-5b298fa4eba6->c591fbe9-ed50-49f5-8e7a-b9ddc7582314: follower responses appendEntries COMPLETED
2019-07-30 15:11:08,116 INFO  impl.FollowerInfo (FollowerInfo.java:lambda$new$0(50)) - e6f7e345-2310-405e-81e0-5b298fa4eba6->c591fbe9-ed50-49f5-8e7a-b9ddc7582314: nextIndex: updateUnconditionally 7 -> 6
2019-07-30 15:11:08,128 INFO  ratis.ContainerStateMachine (ContainerStateMachine.java:takeSnapshot(273)) - group-E4E3B7CAA974: Finished taking a snapshot at:(t:1, i:7) file:/workdir/hadoop-ozone/integration-test/target/test-dir/MiniOzoneClusterImpl-deb39eb4-d2b4-453d-924d-c2b7b0ac8c4c/datanode-2/data/ratis/18635bdc-25c5-41cc-b9e3-e4e3b7caa974/sm/snapshot.1_7 time:35
2019-07-30 15:11:08,128 INFO  impl.StateMachineUpdater (StateMachineUpdater.java:takeSnapshot(242)) - StateMachineUpdater:8a680a7a-6242-4ac2-8c73-af55182af999:group-E4E3B7CAA974: Took a snapshot at index 7
2019-07-30 15:11:08,128 INFO  impl.StateMachineUpdater (StateMachineUpdater.java:lambda$new$0(80)) - StateMachineUpdater:8a680a7a-6242-4ac2-8c73-af55182af999:group-E4E3B7CAA974: snapshotIndex: updateIncreasingly -1 -> 7
2019-07-30 15:11:08,129 INFO  impl.RaftServerImpl (ServerState.java:close(394)) - 8a680a7a-6242-4ac2-8c73-af55182af999:group-E4E3B7CAA974 closes. The last applied log index is 7
2019-07-30 15:11:08,129 INFO  segmented.SegmentedRaftLogWorker (SegmentedRaftLogWorker.java:run(313)) - 8a680a7a-6242-4ac2-8c73-af55182af999-SegmentedRaftLogWorker:Storage Directory /workdir/hadoop-ozone/integration-test/target/test-dir/MiniOzoneClusterImpl-deb39eb4-d2b4-453d-924d-c2b7b0ac8c4c/datanode-2/data/ratis/18635bdc-25c5-41cc-b9e3-e4e3b7caa974 was interrupted, exiting. There are 0 tasks remaining in the queue.
2019-07-30 15:11:08,131 INFO  ratis.ContainerStateMachine (ContainerStateMachine.java:takeSnapshot(273)) - group-C349716F54CA: Finished taking a snapshot at:(t:1, i:6) file:/workdir/hadoop-ozone/integration-test/target/test-dir/MiniOzoneClusterImpl-deb39eb4-d2b4-453d-924d-c2b7b0ac8c4c/datanode-3/data/ratis/df077e3b-fdee-4eab-88fb-c349716f54ca/sm/snapshot.1_6 time:19
2019-07-30 15:11:08,131 INFO  segmented.SegmentedRaftLogWorker (SegmentedRaftLogWorker.java:close(228)) - 8a680a7a-6242-4ac2-8c73-af55182af999-SegmentedRaftLogWorker:Storage Directory /workdir/hadoop-ozone/integration-test/target/test-dir/MiniOzoneClusterImpl-deb39eb4-d2b4-453d-924d-c2b7b0ac8c4c/datanode-2/data/ratis/18635bdc-25c5-41cc-b9e3-e4e3b7caa974 close()
2019-07-30 15:11:08,131 INFO  impl.StateMachineUpdater (StateMachineUpdater.java:takeSnapshot(242)) - StateMachineUpdater:e6f7e345-2310-405e-81e0-5b298fa4eba6:group-C349716F54CA: Took a snapshot at index 6
2019-07-30 15:11:08,134 INFO  impl.RaftServerImpl (RaftServerImpl.java:lambda$shutdown$3(245)) - 8a680a7a-6242-4ac2-8c73-af55182af999: shutdown group-9CA9B1DDC274
2019-07-30 15:11:08,135 INFO  impl.StateMachineUpdater (StateMachineUpdater.java:lambda$new$0(80)) - StateMachineUpdater:e6f7e345-2310-405e-81e0-5b298fa4eba6:group-C349716F54CA: snapshotIndex: updateIncreasingly -1 -> 6
2019-07-30 15:11:08,135 INFO  util.JmxRegister (JmxRegister.java:unregister(73)) - Successfully un-registered JMX Bean with object name Ratis:service=RaftServer,group=group-9CA9B1DDC274,id=8a680a7a-6242-4ac2-8c73-af55182af999
2019-07-30 15:11:08,135 INFO  impl.RaftServerImpl (ServerState.java:close(394)) - e6f7e345-2310-405e-81e0-5b298fa4eba6:group-C349716F54CA closes. The last applied log index is 6
2019-07-30 15:11:08,135 INFO  impl.RoleInfo (RoleInfo.java:shutdownLeaderState(104)) - 8a680a7a-6242-4ac2-8c73-af55182af999: shutdown LeaderState
2019-07-30 15:11:08,136 INFO  segmented.SegmentedRaftLogWorker (SegmentedRaftLogWorker.java:run(313)) - e6f7e345-2310-405e-81e0-5b298fa4eba6-SegmentedRaftLogWorker:Storage Directory /workdir/hadoop-ozone/integration-test/target/test-dir/MiniOzoneClusterImpl-deb39eb4-d2b4-453d-924d-c2b7b0ac8c4c/datanode-3/data/ratis/df077e3b-fdee-4eab-88fb-c349716f54ca was interrupted, exiting. There are 0 tasks remaining in the queue.
2019-07-30 15:11:08,136 INFO  impl.PendingRequests (PendingRequests.java:sendNotLeaderResponses(202)) - 8a680a7a-6242-4ac2-8c73-af55182af999-PendingRequests: sendNotLeaderResponses
2019-07-30 15:11:08,138 INFO  segmented.SegmentedRaftLogWorker (SegmentedRaftLogWorker.java:close(228)) - e6f7e345-2310-405e-81e0-5b298fa4eba6-SegmentedRaftLogWorker:Storage Directory /workdir/hadoop-ozone/integration-test/target/test-dir/MiniOzoneClusterImpl-deb39eb4-d2b4-453d-924d-c2b7b0ac8c4c/datanode-3/data/ratis/df077e3b-fdee-4eab-88fb-c349716f54ca close()
2019-07-30 15:11:08,138 INFO  impl.StateMachineUpdater (StateMachineUpdater.java:stopAndJoin(115)) - StateMachineUpdater:8a680a7a-6242-4ac2-8c73-af55182af999:group-9CA9B1DDC274: set stopIndex = 0
2019-07-30 15:11:08,147 INFO  server.GrpcService (GrpcService.java:closeImpl(155)) - e6f7e345-2310-405e-81e0-5b298fa4eba6: shutdown server with port 39126 now
2019-07-30 15:11:08,147 INFO  impl.RaftServerImpl (ServerState.java:close(394)) - 8a680a7a-6242-4ac2-8c73-af55182af999:group-9CA9B1DDC274 closes. The last applied log index is 0
2019-07-30 15:11:08,148 INFO  segmented.SegmentedRaftLogWorker (SegmentedRaftLogWorker.java:run(313)) - 8a680a7a-6242-4ac2-8c73-af55182af999-SegmentedRaftLogWorker:Storage Directory /workdir/hadoop-ozone/integration-test/target/test-dir/MiniOzoneClusterImpl-deb39eb4-d2b4-453d-924d-c2b7b0ac8c4c/datanode-2/data/ratis/f395f0c5-20f5-4929-9865-9ca9b1ddc274 was interrupted, exiting. There are 0 tasks remaining in the queue.
2019-07-30 15:11:08,148 INFO  server.GrpcService (GrpcService.java:closeImpl(163)) - e6f7e345-2310-405e-81e0-5b298fa4eba6: shutdown server with port 39126 successfully
2019-07-30 15:11:08,149 INFO  segmented.SegmentedRaftLogWorker (SegmentedRaftLogWorker.java:close(228)) - 8a680a7a-6242-4ac2-8c73-af55182af999-SegmentedRaftLogWorker:Storage Directory /workdir/hadoop-ozone/integration-test/target/test-dir/MiniOzoneClusterImpl-deb39eb4-d2b4-453d-924d-c2b7b0ac8c4c/datanode-2/data/ratis/f395f0c5-20f5-4929-9865-9ca9b1ddc274 close()
2019-07-30 15:11:08,152 INFO  server.GrpcService (GrpcService.java:closeImpl(155)) - 8a680a7a-6242-4ac2-8c73-af55182af999: shutdown server with port 34331 now
2019-07-30 15:11:08,152 INFO  utils.BackgroundService (BackgroundService.java:shutdown(148)) - Shutting down service BlockDeletingService
2019-07-30 15:11:08,152 WARN  server.GrpcServerProtocolService (LogUtils.java:warn(134)) - 8a680a7a-6242-4ac2-8c73-af55182af999: appendEntries onError: org.apache.ratis.thirdparty.io.grpc.StatusRuntimeException: CANCELLED: cancelled before receiving half close
2019-07-30 15:11:08,152 WARN  server.GrpcLogAppender (LogUtils.java:warn(134)) - 80a33e47-92c6-4939-ade9-ac3b601b7b20->8a680a7a-6242-4ac2-8c73-af55182af999: Failed appendEntries: org.apache.ratis.thirdparty.io.grpc.StatusRuntimeException: CANCELLED: HTTP/2 error code: CANCEL
Received Rst Stream
2019-07-30 15:11:08,152 INFO  server.GrpcService (GrpcService.java:closeImpl(163)) - 8a680a7a-6242-4ac2-8c73-af55182af999: shutdown server with port 34331 successfully
2019-07-30 15:11:08,155 INFO  impl.FollowerInfo (FollowerInfo.java:lambda$new$0(50)) - 80a33e47-92c6-4939-ade9-ac3b601b7b20->8a680a7a-6242-4ac2-8c73-af55182af999: nextIndex: updateUnconditionally 9 -> 8
2019-07-30 15:11:08,155 WARN  fs.CachingGetSpaceUsed (CachingGetSpaceUsed.java:run(183)) - Thread Interrupted waiting to refresh disk information: sleep interrupted
2019-07-30 15:11:08,157 INFO  utils.BackgroundService (BackgroundService.java:shutdown(148)) - Shutting down service BlockDeletingService
2019-07-30 15:11:08,162 WARN  fs.CachingGetSpaceUsed (CachingGetSpaceUsed.java:run(183)) - Thread Interrupted waiting to refresh disk information: sleep interrupted
2019-07-30 15:11:08,171 INFO  statemachine.DatanodeStateMachine (DatanodeStateMachine.java:stopDaemon(395)) - Ozone container server stopped.
2019-07-30 15:11:08,191 INFO  statemachine.DatanodeStateMachine (DatanodeStateMachine.java:stopDaemon(395)) - Ozone container server stopped.
2019-07-30 15:11:08,193 INFO  handler.ContextHandler (ContextHandler.java:doStop(910)) - Stopped o.e.j.w.WebAppContext@7c1a5092{/,null,UNAVAILABLE}{/hddsDatanode}
2019-07-30 15:11:08,196 INFO  handler.ContextHandler (ContextHandler.java:doStop(910)) - Stopped o.e.j.w.WebAppContext@5a1216b0{/,null,UNAVAILABLE}{/hddsDatanode}
2019-07-30 15:11:08,196 INFO  server.AbstractConnector (AbstractConnector.java:doStop(318)) - Stopped ServerConnector@24663d05{HTTP/1.1,[http/1.1]}{0.0.0.0:0}
2019-07-30 15:11:08,197 INFO  server.AbstractConnector (AbstractConnector.java:doStop(318)) - Stopped ServerConnector@5c4404dd{HTTP/1.1,[http/1.1]}{0.0.0.0:0}
2019-07-30 15:11:08,197 INFO  handler.ContextHandler (ContextHandler.java:doStop(910)) - Stopped o.e.j.s.ServletContextHandler@5cb6fac3{/static,jar:file:/home/user/.m2/repository/org/apache/hadoop/hadoop-hdds-container-service/0.4.1-SNAPSHOT/hadoop-hdds-container-service-0.4.1-SNAPSHOT.jar!/webapps/static,UNAVAILABLE}
2019-07-30 15:11:08,198 INFO  handler.ContextHandler (ContextHandler.java:doStop(910)) - Stopped o.e.j.s.ServletContextHandler@3f7030b5{/static,jar:file:/home/user/.m2/repository/org/apache/hadoop/hadoop-hdds-container-service/0.4.1-SNAPSHOT/hadoop-hdds-container-service-0.4.1-SNAPSHOT.jar!/webapps/static,UNAVAILABLE}
2019-07-30 15:11:08,199 INFO  handler.ContextHandler (ContextHandler.java:doStop(910)) - Stopped o.e.j.s.ServletContextHandler@1b13e4fb{/logs,file:///workdir/hadoop-ozone/integration-test/target/log,UNAVAILABLE}
2019-07-30 15:11:08,200 INFO  handler.ContextHandler (ContextHandler.java:doStop(910)) - Stopped o.e.j.s.ServletContextHandler@3287cf03{/logs,file:///workdir/hadoop-ozone/integration-test/target/log,UNAVAILABLE}
2019-07-30 15:11:08,201 INFO  datanode.ObjectStoreHandler (ObjectStoreHandler.java:close(155)) - Closing ObjectStoreHandler.
2019-07-30 15:11:08,201 INFO  datanode.ObjectStoreHandler (ObjectStoreHandler.java:close(155)) - Closing ObjectStoreHandler.
2019-07-30 15:11:08,202 INFO  ozone.HddsDatanodeService (HddsDatanodeService.java:stop(451)) - Stopped plug-in org.apache.hadoop.ozone.web.OzoneHddsDatanodeService@757501da
2019-07-30 15:11:08,202 INFO  ozone.HddsDatanodeService (HddsDatanodeService.java:stop(451)) - Stopped plug-in org.apache.hadoop.ozone.web.OzoneHddsDatanodeService@7313e4fb
2019-07-30 15:11:08,272 INFO  statemachine.DatanodeStateMachine (DatanodeStateMachine.java:lambda$startDaemon$0(350)) - Ozone container server started.
2019-07-30 15:11:08,663 INFO  statemachine.DatanodeStateMachine (DatanodeStateMachine.java:lambda$startDaemon$0(350)) - Ozone container server started.
2019-07-30 15:11:10,607 WARN  server.GrpcLogAppender (LogUtils.java:warn(134)) - 80a33e47-92c6-4939-ade9-ac3b601b7b20->e5fa99ce-951d-4e55-9b5e-cd58416142a4: Failed appendEntries: org.apache.ratis.thirdparty.io.grpc.StatusRuntimeException: UNAVAILABLE: io exception
2019-07-30 15:11:10,607 WARN  server.GrpcLogAppender (LogUtils.java:warn(134)) - 80a33e47-92c6-4939-ade9-ac3b601b7b20->8a680a7a-6242-4ac2-8c73-af55182af999: Failed appendEntries: org.apache.ratis.thirdparty.io.grpc.StatusRuntimeException: UNAVAILABLE: io exception
2019-07-30 15:11:10,610 INFO  impl.FollowerInfo (FollowerInfo.java:lambda$new$0(50)) - 80a33e47-92c6-4939-ade9-ac3b601b7b20->e5fa99ce-951d-4e55-9b5e-cd58416142a4: nextIndex: updateUnconditionally 4 -> 3
2019-07-30 15:11:10,610 INFO  impl.FollowerInfo (FollowerInfo.java:lambda$new$0(50)) - 80a33e47-92c6-4939-ade9-ac3b601b7b20->8a680a7a-6242-4ac2-8c73-af55182af999: nextIndex: updateUnconditionally 8 -> 7
2019-07-30 15:11:12,282 INFO  node.StaleNodeHandler (StaleNodeHandler.java:onMessage(58)) - Datanode c328df49-0f3d-4ecf-91f5-893d86bae7a0{ip: 192.168.5.170, host: byscane-nightly-xg47r-921641087, networkLocation: /default-rack, certSerialId: null} moved to stale state. Finalizing its pipelines [PipelineID=aadd7b85-520a-4b2c-898f-cf379ba25040]
2019-07-30 15:11:12,283 INFO  pipeline.SCMPipelineManager (SCMPipelineManager.java:finalizeAndDestroyPipeline(309)) - destroying pipeline:Pipeline[ Id: aadd7b85-520a-4b2c-898f-cf379ba25040, Nodes: c328df49-0f3d-4ecf-91f5-893d86bae7a0{ip: 192.168.5.170, host: byscane-nightly-xg47r-921641087, networkLocation: /default-rack, certSerialId: null}, Type:RATIS, Factor:ONE, State:OPEN]
2019-07-30 15:11:12,283 INFO  pipeline.PipelineStateManager (PipelineStateManager.java:finalizePipeline(123)) - Pipeline Pipeline[ Id: aadd7b85-520a-4b2c-898f-cf379ba25040, Nodes: c328df49-0f3d-4ecf-91f5-893d86bae7a0{ip: 192.168.5.170, host: byscane-nightly-xg47r-921641087, networkLocation: /default-rack, certSerialId: null}, Type:RATIS, Factor:ONE, State:CLOSED] moved to CLOSED state
2019-07-30 15:11:12,683 INFO  node.StaleNodeHandler (StaleNodeHandler.java:onMessage(58)) - Datanode 80a33e47-92c6-4939-ade9-ac3b601b7b20{ip: 192.168.5.170, host: byscane-nightly-xg47r-921641087, networkLocation: /default-rack, certSerialId: null} moved to stale state. Finalizing its pipelines [PipelineID=e52e4997-df40-461b-b979-97e8d07ccb3b, PipelineID=18635bdc-25c5-41cc-b9e3-e4e3b7caa974]
2019-07-30 15:11:12,683 INFO  pipeline.SCMPipelineManager (SCMPipelineManager.java:finalizeAndDestroyPipeline(309)) - destroying pipeline:Pipeline[ Id: e52e4997-df40-461b-b979-97e8d07ccb3b, Nodes: 80a33e47-92c6-4939-ade9-ac3b601b7b20{ip: 192.168.5.170, host: byscane-nightly-xg47r-921641087, networkLocation: /default-rack, certSerialId: null}, Type:RATIS, Factor:ONE, State:OPEN]
2019-07-30 15:11:12,683 INFO  pipeline.PipelineStateManager (PipelineStateManager.java:finalizePipeline(123)) - Pipeline Pipeline[ Id: e52e4997-df40-461b-b979-97e8d07ccb3b, Nodes: 80a33e47-92c6-4939-ade9-ac3b601b7b20{ip: 192.168.5.170, host: byscane-nightly-xg47r-921641087, networkLocation: /default-rack, certSerialId: null}, Type:RATIS, Factor:ONE, State:CLOSED] moved to CLOSED state
2019-07-30 15:11:12,684 INFO  pipeline.SCMPipelineManager (SCMPipelineManager.java:finalizeAndDestroyPipeline(309)) - destroying pipeline:Pipeline[ Id: 18635bdc-25c5-41cc-b9e3-e4e3b7caa974, Nodes: 80a33e47-92c6-4939-ade9-ac3b601b7b20{ip: 192.168.5.170, host: byscane-nightly-xg47r-921641087, networkLocation: /default-rack, certSerialId: null}8a680a7a-6242-4ac2-8c73-af55182af999{ip: 192.168.5.170, host: byscane-nightly-xg47r-921641087, networkLocation: /default-rack, certSerialId: null}e5fa99ce-951d-4e55-9b5e-cd58416142a4{ip: 192.168.5.170, host: byscane-nightly-xg47r-921641087, networkLocation: /default-rack, certSerialId: null}, Type:RATIS, Factor:THREE, State:CLOSED]
2019-07-30 15:11:13,106 WARN  server.GrpcLogAppender (LogUtils.java:warn(134)) - 80a33e47-92c6-4939-ade9-ac3b601b7b20->8a680a7a-6242-4ac2-8c73-af55182af999: Failed appendEntries: org.apache.ratis.thirdparty.io.grpc.StatusRuntimeException: UNAVAILABLE: io exception
2019-07-30 15:11:13,106 WARN  server.GrpcLogAppender (LogUtils.java:warn(134)) - 80a33e47-92c6-4939-ade9-ac3b601b7b20->e5fa99ce-951d-4e55-9b5e-cd58416142a4: Failed appendEntries: org.apache.ratis.thirdparty.io.grpc.StatusRuntimeException: UNAVAILABLE: io exception
2019-07-30 15:11:13,107 INFO  impl.FollowerInfo (FollowerInfo.java:lambda$new$0(50)) - 80a33e47-92c6-4939-ade9-ac3b601b7b20->8a680a7a-6242-4ac2-8c73-af55182af999: nextIndex: updateUnconditionally 7 -> 6
2019-07-30 15:11:13,107 INFO  impl.FollowerInfo (FollowerInfo.java:lambda$new$0(50)) - 80a33e47-92c6-4939-ade9-ac3b601b7b20->e5fa99ce-951d-4e55-9b5e-cd58416142a4: nextIndex: updateUnconditionally 3 -> 2
2019-07-30 15:11:13,202 INFO  ozoneimpl.OzoneContainer (OzoneContainer.java:stop(199)) - Attempting to stop container services.
2019-07-30 15:11:13,203 INFO  ozoneimpl.OzoneContainer (OzoneContainer.java:stop(199)) - Attempting to stop container services.
2019-07-30 15:11:13,203 INFO  impl.RaftServerProxy (RaftServerProxy.java:lambda$close$4(314)) - c328df49-0f3d-4ecf-91f5-893d86bae7a0: close
2019-07-30 15:11:13,203 INFO  impl.RaftServerProxy (RaftServerProxy.java:lambda$close$4(314)) - 80a33e47-92c6-4939-ade9-ac3b601b7b20: close
2019-07-30 15:11:13,204 INFO  impl.RaftServerImpl (RaftServerImpl.java:lambda$shutdown$3(245)) - c328df49-0f3d-4ecf-91f5-893d86bae7a0: shutdown group-CF379BA25040
2019-07-30 15:11:13,204 INFO  util.JmxRegister (JmxRegister.java:unregister(73)) - Successfully un-registered JMX Bean with object name Ratis:service=RaftServer,group=group-CF379BA25040,id=c328df49-0f3d-4ecf-91f5-893d86bae7a0
2019-07-30 15:11:13,205 INFO  impl.RoleInfo (RoleInfo.java:shutdownLeaderState(104)) - c328df49-0f3d-4ecf-91f5-893d86bae7a0: shutdown LeaderState
2019-07-30 15:11:13,204 INFO  impl.RaftServerImpl (RaftServerImpl.java:lambda$shutdown$3(245)) - 80a33e47-92c6-4939-ade9-ac3b601b7b20: shutdown group-97E8D07CCB3B
2019-07-30 15:11:13,205 INFO  impl.PendingRequests (PendingRequests.java:sendNotLeaderResponses(202)) - c328df49-0f3d-4ecf-91f5-893d86bae7a0-PendingRequests: sendNotLeaderResponses
2019-07-30 15:11:13,206 INFO  util.JmxRegister (JmxRegister.java:unregister(73)) - Successfully un-registered JMX Bean with object name Ratis:service=RaftServer,group=group-97E8D07CCB3B,id=80a33e47-92c6-4939-ade9-ac3b601b7b20
2019-07-30 15:11:13,206 INFO  impl.StateMachineUpdater (StateMachineUpdater.java:stopAndJoin(115)) - StateMachineUpdater:c328df49-0f3d-4ecf-91f5-893d86bae7a0:group-CF379BA25040: set stopIndex = 0
2019-07-30 15:11:13,206 INFO  impl.RoleInfo (RoleInfo.java:shutdownLeaderState(104)) - 80a33e47-92c6-4939-ade9-ac3b601b7b20: shutdown LeaderState
2019-07-30 15:11:13,207 INFO  impl.RaftServerImpl (ServerState.java:close(394)) - c328df49-0f3d-4ecf-91f5-893d86bae7a0:group-CF379BA25040 closes. The last applied log index is 0
2019-07-30 15:11:13,207 INFO  impl.PendingRequests (PendingRequests.java:sendNotLeaderResponses(202)) - 80a33e47-92c6-4939-ade9-ac3b601b7b20-PendingRequests: sendNotLeaderResponses
2019-07-30 15:11:13,208 INFO  segmented.SegmentedRaftLogWorker (SegmentedRaftLogWorker.java:run(313)) - c328df49-0f3d-4ecf-91f5-893d86bae7a0-SegmentedRaftLogWorker:Storage Directory /workdir/hadoop-ozone/integration-test/target/test-dir/MiniOzoneClusterImpl-deb39eb4-d2b4-453d-924d-c2b7b0ac8c4c/datanode-6/data/ratis/aadd7b85-520a-4b2c-898f-cf379ba25040 was interrupted, exiting. There are 0 tasks remaining in the queue.
2019-07-30 15:11:13,208 INFO  impl.StateMachineUpdater (StateMachineUpdater.java:stopAndJoin(115)) - StateMachineUpdater:80a33e47-92c6-4939-ade9-ac3b601b7b20:group-97E8D07CCB3B: set stopIndex = 0
2019-07-30 15:11:13,211 INFO  segmented.SegmentedRaftLogWorker (SegmentedRaftLogWorker.java:close(228)) - c328df49-0f3d-4ecf-91f5-893d86bae7a0-SegmentedRaftLogWorker:Storage Directory /workdir/hadoop-ozone/integration-test/target/test-dir/MiniOzoneClusterImpl-deb39eb4-d2b4-453d-924d-c2b7b0ac8c4c/datanode-6/data/ratis/aadd7b85-520a-4b2c-898f-cf379ba25040 close()
2019-07-30 15:11:13,211 INFO  impl.RaftServerImpl (ServerState.java:close(394)) - 80a33e47-92c6-4939-ade9-ac3b601b7b20:group-97E8D07CCB3B closes. The last applied log index is 0
2019-07-30 15:11:13,213 INFO  server.GrpcService (GrpcService.java:closeImpl(155)) - c328df49-0f3d-4ecf-91f5-893d86bae7a0: shutdown server with port 40071 now
2019-07-30 15:11:13,213 INFO  segmented.SegmentedRaftLogWorker (SegmentedRaftLogWorker.java:run(313)) - 80a33e47-92c6-4939-ade9-ac3b601b7b20-SegmentedRaftLogWorker:Storage Directory /workdir/hadoop-ozone/integration-test/target/test-dir/MiniOzoneClusterImpl-deb39eb4-d2b4-453d-924d-c2b7b0ac8c4c/datanode-0/data/ratis/e52e4997-df40-461b-b979-97e8d07ccb3b was interrupted, exiting. There are 0 tasks remaining in the queue.
2019-07-30 15:11:13,215 INFO  server.GrpcService (GrpcService.java:closeImpl(163)) - c328df49-0f3d-4ecf-91f5-893d86bae7a0: shutdown server with port 40071 successfully
2019-07-30 15:11:13,215 INFO  segmented.SegmentedRaftLogWorker (SegmentedRaftLogWorker.java:close(228)) - 80a33e47-92c6-4939-ade9-ac3b601b7b20-SegmentedRaftLogWorker:Storage Directory /workdir/hadoop-ozone/integration-test/target/test-dir/MiniOzoneClusterImpl-deb39eb4-d2b4-453d-924d-c2b7b0ac8c4c/datanode-0/data/ratis/e52e4997-df40-461b-b979-97e8d07ccb3b close()
2019-07-30 15:11:13,218 INFO  impl.RaftServerImpl (RaftServerImpl.java:lambda$shutdown$3(245)) - 80a33e47-92c6-4939-ade9-ac3b601b7b20: shutdown group-E4E3B7CAA974
2019-07-30 15:11:13,218 INFO  util.JmxRegister (JmxRegister.java:unregister(73)) - Successfully un-registered JMX Bean with object name Ratis:service=RaftServer,group=group-E4E3B7CAA974,id=80a33e47-92c6-4939-ade9-ac3b601b7b20
2019-07-30 15:11:13,219 INFO  impl.RoleInfo (RoleInfo.java:shutdownLeaderState(104)) - 80a33e47-92c6-4939-ade9-ac3b601b7b20: shutdown LeaderState
2019-07-30 15:11:13,222 INFO  impl.PendingRequests (PendingRequests.java:sendNotLeaderResponses(202)) - 80a33e47-92c6-4939-ade9-ac3b601b7b20-PendingRequests: sendNotLeaderResponses
2019-07-30 15:11:13,222 WARN  server.GrpcLogAppender (GrpcLogAppender.java:mayWait(143)) - GrpcLogAppender(80a33e47-92c6-4939-ade9-ac3b601b7b20->e5fa99ce-951d-4e55-9b5e-cd58416142a4): Wait interrupted by java.lang.InterruptedException
2019-07-30 15:11:13,222 WARN  server.GrpcLogAppender (GrpcLogAppender.java:mayWait(143)) - GrpcLogAppender(80a33e47-92c6-4939-ade9-ac3b601b7b20->8a680a7a-6242-4ac2-8c73-af55182af999): Wait interrupted by java.lang.InterruptedException
2019-07-30 15:11:13,226 INFO  impl.StateMachineUpdater (StateMachineUpdater.java:stopAndJoin(115)) - StateMachineUpdater:80a33e47-92c6-4939-ade9-ac3b601b7b20:group-E4E3B7CAA974: set stopIndex = 8
2019-07-30 15:11:13,226 INFO  ratis.ContainerStateMachine (ContainerStateMachine.java:takeSnapshot(262)) - group-E4E3B7CAA974: Taking a snapshot at:(t:1, i:8) file /workdir/hadoop-ozone/integration-test/target/test-dir/MiniOzoneClusterImpl-deb39eb4-d2b4-453d-924d-c2b7b0ac8c4c/datanode-0/data/ratis/18635bdc-25c5-41cc-b9e3-e4e3b7caa974/sm/snapshot.1_8
2019-07-30 15:11:13,229 INFO  utils.BackgroundService (BackgroundService.java:shutdown(148)) - Shutting down service BlockDeletingService
2019-07-30 15:11:13,230 WARN  fs.CachingGetSpaceUsed (CachingGetSpaceUsed.java:run(183)) - Thread Interrupted waiting to refresh disk information: sleep interrupted
2019-07-30 15:11:13,247 INFO  statemachine.DatanodeStateMachine (DatanodeStateMachine.java:stopDaemon(395)) - Ozone container server stopped.
2019-07-30 15:11:13,248 INFO  handler.ContextHandler (ContextHandler.java:doStop(910)) - Stopped o.e.j.w.WebAppContext@2162e4a{/,null,UNAVAILABLE}{/hddsDatanode}
2019-07-30 15:11:13,248 INFO  server.AbstractConnector (AbstractConnector.java:doStop(318)) - Stopped ServerConnector@595626b8{HTTP/1.1,[http/1.1]}{0.0.0.0:0}
2019-07-30 15:11:13,249 INFO  handler.ContextHandler (ContextHandler.java:doStop(910)) - Stopped o.e.j.s.ServletContextHandler@546f0f36{/static,jar:file:/home/user/.m2/repository/org/apache/hadoop/hadoop-hdds-container-service/0.4.1-SNAPSHOT/hadoop-hdds-container-service-0.4.1-SNAPSHOT.jar!/webapps/static,UNAVAILABLE}
2019-07-30 15:11:13,249 INFO  handler.ContextHandler (ContextHandler.java:doStop(910)) - Stopped o.e.j.s.ServletContextHandler@105c253a{/logs,file:///workdir/hadoop-ozone/integration-test/target/log,UNAVAILABLE}
2019-07-30 15:11:13,250 INFO  datanode.ObjectStoreHandler (ObjectStoreHandler.java:close(155)) - Closing ObjectStoreHandler.
2019-07-30 15:11:13,250 INFO  ozone.HddsDatanodeService (HddsDatanodeService.java:stop(451)) - Stopped plug-in org.apache.hadoop.ozone.web.OzoneHddsDatanodeService@68f9a4f4
2019-07-30 15:11:13,253 INFO  ratis.ContainerStateMachine (ContainerStateMachine.java:takeSnapshot(273)) - group-E4E3B7CAA974: Finished taking a snapshot at:(t:1, i:8) file:/workdir/hadoop-ozone/integration-test/target/test-dir/MiniOzoneClusterImpl-deb39eb4-d2b4-453d-924d-c2b7b0ac8c4c/datanode-0/data/ratis/18635bdc-25c5-41cc-b9e3-e4e3b7caa974/sm/snapshot.1_8 time:28
2019-07-30 15:11:13,253 INFO  impl.StateMachineUpdater (StateMachineUpdater.java:takeSnapshot(242)) - StateMachineUpdater:80a33e47-92c6-4939-ade9-ac3b601b7b20:group-E4E3B7CAA974: Took a snapshot at index 8
2019-07-30 15:11:13,254 INFO  impl.StateMachineUpdater (StateMachineUpdater.java:lambda$new$0(80)) - StateMachineUpdater:80a33e47-92c6-4939-ade9-ac3b601b7b20:group-E4E3B7CAA974: snapshotIndex: updateIncreasingly -1 -> 8
2019-07-30 15:11:13,254 INFO  impl.RaftServerImpl (ServerState.java:close(394)) - 80a33e47-92c6-4939-ade9-ac3b601b7b20:group-E4E3B7CAA974 closes. The last applied log index is 8
2019-07-30 15:11:13,254 INFO  segmented.SegmentedRaftLogWorker (SegmentedRaftLogWorker.java:run(313)) - 80a33e47-92c6-4939-ade9-ac3b601b7b20-SegmentedRaftLogWorker:Storage Directory /workdir/hadoop-ozone/integration-test/target/test-dir/MiniOzoneClusterImpl-deb39eb4-d2b4-453d-924d-c2b7b0ac8c4c/datanode-0/data/ratis/18635bdc-25c5-41cc-b9e3-e4e3b7caa974 was interrupted, exiting. There are 0 tasks remaining in the queue.
2019-07-30 15:11:13,256 INFO  segmented.SegmentedRaftLogWorker (SegmentedRaftLogWorker.java:close(228)) - 80a33e47-92c6-4939-ade9-ac3b601b7b20-SegmentedRaftLogWorker:Storage Directory /workdir/hadoop-ozone/integration-test/target/test-dir/MiniOzoneClusterImpl-deb39eb4-d2b4-453d-924d-c2b7b0ac8c4c/datanode-0/data/ratis/18635bdc-25c5-41cc-b9e3-e4e3b7caa974 close()
2019-07-30 15:11:13,258 INFO  server.GrpcService (GrpcService.java:closeImpl(155)) - 80a33e47-92c6-4939-ade9-ac3b601b7b20: shutdown server with port 46473 now
2019-07-30 15:11:13,264 WARN  client.GrpcClientProtocolService (LogUtils.java:warn(134)) - 3-UnorderedRequestStreamObserver3: onError: org.apache.ratis.thirdparty.io.grpc.StatusRuntimeException: CANCELLED: cancelled before receiving half close
2019-07-30 15:11:13,264 INFO  server.GrpcService (GrpcService.java:closeImpl(163)) - 80a33e47-92c6-4939-ade9-ac3b601b7b20: shutdown server with port 46473 successfully
2019-07-30 15:11:13,265 INFO  utils.BackgroundService (BackgroundService.java:shutdown(148)) - Shutting down service BlockDeletingService
2019-07-30 15:11:13,266 WARN  fs.CachingGetSpaceUsed (CachingGetSpaceUsed.java:run(183)) - Thread Interrupted waiting to refresh disk information: sleep interrupted
2019-07-30 15:11:13,289 INFO  statemachine.DatanodeStateMachine (DatanodeStateMachine.java:stopDaemon(395)) - Ozone container server stopped.
2019-07-30 15:11:13,294 INFO  handler.ContextHandler (ContextHandler.java:doStop(910)) - Stopped o.e.j.w.WebAppContext@21288943{/,null,UNAVAILABLE}{/hddsDatanode}
2019-07-30 15:11:13,294 INFO  server.AbstractConnector (AbstractConnector.java:doStop(318)) - Stopped ServerConnector@68893394{HTTP/1.1,[http/1.1]}{0.0.0.0:0}
2019-07-30 15:11:13,296 INFO  handler.ContextHandler (ContextHandler.java:doStop(910)) - Stopped o.e.j.s.ServletContextHandler@1cda3a6d{/static,jar:file:/home/user/.m2/repository/org/apache/hadoop/hadoop-hdds-container-service/0.4.1-SNAPSHOT/hadoop-hdds-container-service-0.4.1-SNAPSHOT.jar!/webapps/static,UNAVAILABLE}
2019-07-30 15:11:13,297 INFO  handler.ContextHandler (ContextHandler.java:doStop(910)) - Stopped o.e.j.s.ServletContextHandler@e1f88b6{/logs,file:///workdir/hadoop-ozone/integration-test/target/log,UNAVAILABLE}
2019-07-30 15:11:13,871 INFO  statemachine.DatanodeStateMachine (DatanodeStateMachine.java:lambda$startDaemon$0(350)) - Ozone container server started.
2019-07-30 15:11:15,714 INFO  impl.FollowerState (FollowerState.java:run(106)) - c591fbe9-ed50-49f5-8e7a-b9ddc7582314:group-C349716F54CA changes to CANDIDATE, lastRpcTime:7810, electionTimeout:5084ms
2019-07-30 15:11:15,715 INFO  impl.RoleInfo (RoleInfo.java:shutdownFollowerState(121)) - c591fbe9-ed50-49f5-8e7a-b9ddc7582314: shutdown FollowerState
2019-07-30 15:11:15,715 INFO  impl.RaftServerImpl (RaftServerImpl.java:setRole(171)) - c591fbe9-ed50-49f5-8e7a-b9ddc7582314:group-C349716F54CA changes role from FOLLOWER to CANDIDATE at term 1 for changeToCandidate
2019-07-30 15:11:15,715 INFO  impl.RoleInfo (RoleInfo.java:updateAndGet(143)) - c591fbe9-ed50-49f5-8e7a-b9ddc7582314: start LeaderElection
2019-07-30 15:11:15,715 INFO  impl.RaftServerImpl (ServerState.java:setLeader(263)) - c591fbe9-ed50-49f5-8e7a-b9ddc7582314:group-C349716F54CA change Leader from e6f7e345-2310-405e-81e0-5b298fa4eba6 to null at term 1 for initElection
2019-07-30 15:11:15,741 INFO  impl.LeaderElection (LeaderElection.java:askForVotes(181)) - c591fbe9-ed50-49f5-8e7a-b9ddc7582314:group-C349716F54CA:LeaderElection79: begin an election at term 2 for 0: [e6f7e345-2310-405e-81e0-5b298fa4eba6:192.168.5.170:39126, c591fbe9-ed50-49f5-8e7a-b9ddc7582314:192.168.5.170:45772, b13d115d-b1b7-4a42-93a0-c105386ccce1:192.168.5.170:40183], old=null
2019-07-30 15:11:15,744 INFO  impl.LeaderElection (LogUtils.java:infoOrTrace(149)) - c591fbe9-ed50-49f5-8e7a-b9ddc7582314:group-C349716F54CA:LeaderElection79 got exception when requesting votes: {}
java.util.concurrent.ExecutionException: org.apache.ratis.thirdparty.io.grpc.StatusRuntimeException: UNAVAILABLE: io exception
	at java.util.concurrent.FutureTask.report(FutureTask.java:122)
	at java.util.concurrent.FutureTask.get(FutureTask.java:192)
	at org.apache.ratis.server.impl.LeaderElection.waitForResults(LeaderElection.java:262)
	at org.apache.ratis.server.impl.LeaderElection.askForVotes(LeaderElection.java:200)
	at org.apache.ratis.server.impl.LeaderElection.run(LeaderElection.java:130)
	at java.lang.Thread.run(Thread.java:748)
Caused by: org.apache.ratis.thirdparty.io.grpc.StatusRuntimeException: UNAVAILABLE: io exception
	at org.apache.ratis.thirdparty.io.grpc.stub.ClientCalls.toStatusRuntimeException(ClientCalls.java:233)
	at org.apache.ratis.thirdparty.io.grpc.stub.ClientCalls.getUnchecked(ClientCalls.java:214)
	at org.apache.ratis.thirdparty.io.grpc.stub.ClientCalls.blockingUnaryCall(ClientCalls.java:139)
	at org.apache.ratis.proto.grpc.RaftServerProtocolServiceGrpc$RaftServerProtocolServiceBlockingStub.requestVote(RaftServerProtocolServiceGrpc.java:265)
	at org.apache.ratis.grpc.server.GrpcServerProtocolClient.requestVote(GrpcServerProtocolClient.java:83)
	at org.apache.ratis.grpc.server.GrpcService.requestVote(GrpcService.java:195)
	at org.apache.ratis.server.impl.LeaderElection.lambda$submitRequests$1(LeaderElection.java:237)
	at java.util.concurrent.FutureTask.run(FutureTask.java:266)
	at java.util.concurrent.Executors$RunnableAdapter.call(Executors.java:511)
	at java.util.concurrent.FutureTask.run(FutureTask.java:266)
	at java.util.concurrent.ThreadPoolExecutor.runWorker(ThreadPoolExecutor.java:1149)
	at java.util.concurrent.ThreadPoolExecutor$Worker.run(ThreadPoolExecutor.java:624)
	... 1 more
Caused by: org.apache.ratis.thirdparty.io.netty.channel.AbstractChannel$AnnotatedConnectException: Connection refused: /192.168.5.170:39126
	at sun.nio.ch.SocketChannelImpl.checkConnect(Native Method)
	at sun.nio.ch.SocketChannelImpl.finishConnect(SocketChannelImpl.java:717)
	at org.apache.ratis.thirdparty.io.netty.channel.socket.nio.NioSocketChannel.doFinishConnect(NioSocketChannel.java:327)
	at org.apache.ratis.thirdparty.io.netty.channel.nio.AbstractNioChannel$AbstractNioUnsafe.finishConnect(AbstractNioChannel.java:340)
	at org.apache.ratis.thirdparty.io.netty.channel.nio.NioEventLoop.processSelectedKey(NioEventLoop.java:632)
	at org.apache.ratis.thirdparty.io.netty.channel.nio.NioEventLoop.processSelectedKeysOptimized(NioEventLoop.java:579)
	at org.apache.ratis.thirdparty.io.netty.channel.nio.NioEventLoop.processSelectedKeys(NioEventLoop.java:496)
	at org.apache.ratis.thirdparty.io.netty.channel.nio.NioEventLoop.run(NioEventLoop.java:458)
	at org.apache.ratis.thirdparty.io.netty.util.concurrent.SingleThreadEventExecutor$5.run(SingleThreadEventExecutor.java:897)
	at org.apache.ratis.thirdparty.io.netty.util.concurrent.FastThreadLocalRunnable.run(FastThreadLocalRunnable.java:30)
	... 1 more
Caused by: java.net.ConnectException: Connection refused
	... 11 more
2019-07-30 15:11:15,745 INFO  impl.LeaderElection (LogUtils.java:infoOrTrace(149)) - c591fbe9-ed50-49f5-8e7a-b9ddc7582314:group-C349716F54CA:LeaderElection79 got exception when requesting votes: {}
java.util.concurrent.ExecutionException: org.apache.ratis.thirdparty.io.grpc.StatusRuntimeException: UNAVAILABLE: io exception
	at java.util.concurrent.FutureTask.report(FutureTask.java:122)
	at java.util.concurrent.FutureTask.get(FutureTask.java:192)
	at org.apache.ratis.server.impl.LeaderElection.waitForResults(LeaderElection.java:262)
	at org.apache.ratis.server.impl.LeaderElection.askForVotes(LeaderElection.java:200)
	at org.apache.ratis.server.impl.LeaderElection.run(LeaderElection.java:130)
	at java.lang.Thread.run(Thread.java:748)
Caused by: org.apache.ratis.thirdparty.io.grpc.StatusRuntimeException: UNAVAILABLE: io exception
	at org.apache.ratis.thirdparty.io.grpc.stub.ClientCalls.toStatusRuntimeException(ClientCalls.java:233)
	at org.apache.ratis.thirdparty.io.grpc.stub.ClientCalls.getUnchecked(ClientCalls.java:214)
	at org.apache.ratis.thirdparty.io.grpc.stub.ClientCalls.blockingUnaryCall(ClientCalls.java:139)
	at org.apache.ratis.proto.grpc.RaftServerProtocolServiceGrpc$RaftServerProtocolServiceBlockingStub.requestVote(RaftServerProtocolServiceGrpc.java:265)
	at org.apache.ratis.grpc.server.GrpcServerProtocolClient.requestVote(GrpcServerProtocolClient.java:83)
	at org.apache.ratis.grpc.server.GrpcService.requestVote(GrpcService.java:195)
	at org.apache.ratis.server.impl.LeaderElection.lambda$submitRequests$1(LeaderElection.java:237)
	at java.util.concurrent.FutureTask.run(FutureTask.java:266)
	at java.util.concurrent.Executors$RunnableAdapter.call(Executors.java:511)
	at java.util.concurrent.FutureTask.run(FutureTask.java:266)
	at java.util.concurrent.ThreadPoolExecutor.runWorker(ThreadPoolExecutor.java:1149)
	at java.util.concurrent.ThreadPoolExecutor$Worker.run(ThreadPoolExecutor.java:624)
	... 1 more
Caused by: org.apache.ratis.thirdparty.io.netty.channel.AbstractChannel$AnnotatedConnectException: Connection refused: /192.168.5.170:40183
	at sun.nio.ch.SocketChannelImpl.checkConnect(Native Method)
	at sun.nio.ch.SocketChannelImpl.finishConnect(SocketChannelImpl.java:717)
	at org.apache.ratis.thirdparty.io.netty.channel.socket.nio.NioSocketChannel.doFinishConnect(NioSocketChannel.java:327)
	at org.apache.ratis.thirdparty.io.netty.channel.nio.AbstractNioChannel$AbstractNioUnsafe.finishConnect(AbstractNioChannel.java:340)
	at org.apache.ratis.thirdparty.io.netty.channel.nio.NioEventLoop.processSelectedKey(NioEventLoop.java:632)
	at org.apache.ratis.thirdparty.io.netty.channel.nio.NioEventLoop.processSelectedKeysOptimized(NioEventLoop.java:579)
	at org.apache.ratis.thirdparty.io.netty.channel.nio.NioEventLoop.processSelectedKeys(NioEventLoop.java:496)
	at org.apache.ratis.thirdparty.io.netty.channel.nio.NioEventLoop.run(NioEventLoop.java:458)
	at org.apache.ratis.thirdparty.io.netty.util.concurrent.SingleThreadEventExecutor$5.run(SingleThreadEventExecutor.java:897)
	at org.apache.ratis.thirdparty.io.netty.util.concurrent.FastThreadLocalRunnable.run(FastThreadLocalRunnable.java:30)
	... 1 more
Caused by: java.net.ConnectException: Connection refused
	... 11 more
2019-07-30 15:11:15,747 INFO  impl.LeaderElection (LeaderElection.java:logAndReturn(56)) - c591fbe9-ed50-49f5-8e7a-b9ddc7582314:group-C349716F54CA:LeaderElection79: Election REJECTED; received 0 response(s) [] and 2 exception(s); c591fbe9-ed50-49f5-8e7a-b9ddc7582314:t2, leader=null, voted=c591fbe9-ed50-49f5-8e7a-b9ddc7582314, raftlog=c591fbe9-ed50-49f5-8e7a-b9ddc7582314-SegmentedRaftLog:OPENED:c6,f6,i6, conf=0: [e6f7e345-2310-405e-81e0-5b298fa4eba6:192.168.5.170:39126, c591fbe9-ed50-49f5-8e7a-b9ddc7582314:192.168.5.170:45772, b13d115d-b1b7-4a42-93a0-c105386ccce1:192.168.5.170:40183], old=null
2019-07-30 15:11:15,747 INFO  impl.LeaderElection (LogUtils.java:infoOrTrace(149)) -   Exception 0: {}
java.util.concurrent.ExecutionException: org.apache.ratis.thirdparty.io.grpc.StatusRuntimeException: UNAVAILABLE: io exception
	at java.util.concurrent.FutureTask.report(FutureTask.java:122)
	at java.util.concurrent.FutureTask.get(FutureTask.java:192)
	at org.apache.ratis.server.impl.LeaderElection.waitForResults(LeaderElection.java:262)
	at org.apache.ratis.server.impl.LeaderElection.askForVotes(LeaderElection.java:200)
	at org.apache.ratis.server.impl.LeaderElection.run(LeaderElection.java:130)
	at java.lang.Thread.run(Thread.java:748)
Caused by: org.apache.ratis.thirdparty.io.grpc.StatusRuntimeException: UNAVAILABLE: io exception
	at org.apache.ratis.thirdparty.io.grpc.stub.ClientCalls.toStatusRuntimeException(ClientCalls.java:233)
	at org.apache.ratis.thirdparty.io.grpc.stub.ClientCalls.getUnchecked(ClientCalls.java:214)
	at org.apache.ratis.thirdparty.io.grpc.stub.ClientCalls.blockingUnaryCall(ClientCalls.java:139)
	at org.apache.ratis.proto.grpc.RaftServerProtocolServiceGrpc$RaftServerProtocolServiceBlockingStub.requestVote(RaftServerProtocolServiceGrpc.java:265)
	at org.apache.ratis.grpc.server.GrpcServerProtocolClient.requestVote(GrpcServerProtocolClient.java:83)
	at org.apache.ratis.grpc.server.GrpcService.requestVote(GrpcService.java:195)
	at org.apache.ratis.server.impl.LeaderElection.lambda$submitRequests$1(LeaderElection.java:237)
	at java.util.concurrent.FutureTask.run(FutureTask.java:266)
	at java.util.concurrent.Executors$RunnableAdapter.call(Executors.java:511)
	at java.util.concurrent.FutureTask.run(FutureTask.java:266)
	at java.util.concurrent.ThreadPoolExecutor.runWorker(ThreadPoolExecutor.java:1149)
	at java.util.concurrent.ThreadPoolExecutor$Worker.run(ThreadPoolExecutor.java:624)
	... 1 more
Caused by: org.apache.ratis.thirdparty.io.netty.channel.AbstractChannel$AnnotatedConnectException: Connection refused: /192.168.5.170:39126
	at sun.nio.ch.SocketChannelImpl.checkConnect(Native Method)
	at sun.nio.ch.SocketChannelImpl.finishConnect(SocketChannelImpl.java:717)
	at org.apache.ratis.thirdparty.io.netty.channel.socket.nio.NioSocketChannel.doFinishConnect(NioSocketChannel.java:327)
	at org.apache.ratis.thirdparty.io.netty.channel.nio.AbstractNioChannel$AbstractNioUnsafe.finishConnect(AbstractNioChannel.java:340)
	at org.apache.ratis.thirdparty.io.netty.channel.nio.NioEventLoop.processSelectedKey(NioEventLoop.java:632)
	at org.apache.ratis.thirdparty.io.netty.channel.nio.NioEventLoop.processSelectedKeysOptimized(NioEventLoop.java:579)
	at org.apache.ratis.thirdparty.io.netty.channel.nio.NioEventLoop.processSelectedKeys(NioEventLoop.java:496)
	at org.apache.ratis.thirdparty.io.netty.channel.nio.NioEventLoop.run(NioEventLoop.java:458)
	at org.apache.ratis.thirdparty.io.netty.util.concurrent.SingleThreadEventExecutor$5.run(SingleThreadEventExecutor.java:897)
	at org.apache.ratis.thirdparty.io.netty.util.concurrent.FastThreadLocalRunnable.run(FastThreadLocalRunnable.java:30)
	... 1 more
Caused by: java.net.ConnectException: Connection refused
	... 11 more
2019-07-30 15:11:15,748 INFO  impl.LeaderElection (LogUtils.java:infoOrTrace(149)) -   Exception 1: {}
java.util.concurrent.ExecutionException: org.apache.ratis.thirdparty.io.grpc.StatusRuntimeException: UNAVAILABLE: io exception
	at java.util.concurrent.FutureTask.report(FutureTask.java:122)
	at java.util.concurrent.FutureTask.get(FutureTask.java:192)
	at org.apache.ratis.server.impl.LeaderElection.waitForResults(LeaderElection.java:262)
	at org.apache.ratis.server.impl.LeaderElection.askForVotes(LeaderElection.java:200)
	at org.apache.ratis.server.impl.LeaderElection.run(LeaderElection.java:130)
	at java.lang.Thread.run(Thread.java:748)
Caused by: org.apache.ratis.thirdparty.io.grpc.StatusRuntimeException: UNAVAILABLE: io exception
	at org.apache.ratis.thirdparty.io.grpc.stub.ClientCalls.toStatusRuntimeException(ClientCalls.java:233)
	at org.apache.ratis.thirdparty.io.grpc.stub.ClientCalls.getUnchecked(ClientCalls.java:214)
	at org.apache.ratis.thirdparty.io.grpc.stub.ClientCalls.blockingUnaryCall(ClientCalls.java:139)
	at org.apache.ratis.proto.grpc.RaftServerProtocolServiceGrpc$RaftServerProtocolServiceBlockingStub.requestVote(RaftServerProtocolServiceGrpc.java:265)
	at org.apache.ratis.grpc.server.GrpcServerProtocolClient.requestVote(GrpcServerProtocolClient.java:83)
	at org.apache.ratis.grpc.server.GrpcService.requestVote(GrpcService.java:195)
	at org.apache.ratis.server.impl.LeaderElection.lambda$submitRequests$1(LeaderElection.java:237)
	at java.util.concurrent.FutureTask.run(FutureTask.java:266)
	at java.util.concurrent.Executors$RunnableAdapter.call(Executors.java:511)
	at java.util.concurrent.FutureTask.run(FutureTask.java:266)
	at java.util.concurrent.ThreadPoolExecutor.runWorker(ThreadPoolExecutor.java:1149)
	at java.util.concurrent.ThreadPoolExecutor$Worker.run(ThreadPoolExecutor.java:624)
	... 1 more
Caused by: org.apache.ratis.thirdparty.io.netty.channel.AbstractChannel$AnnotatedConnectException: Connection refused: /192.168.5.170:40183
	at sun.nio.ch.SocketChannelImpl.checkConnect(Native Method)
	at sun.nio.ch.SocketChannelImpl.finishConnect(SocketChannelImpl.java:717)
	at org.apache.ratis.thirdparty.io.netty.channel.socket.nio.NioSocketChannel.doFinishConnect(NioSocketChannel.java:327)
	at org.apache.ratis.thirdparty.io.netty.channel.nio.AbstractNioChannel$AbstractNioUnsafe.finishConnect(AbstractNioChannel.java:340)
	at org.apache.ratis.thirdparty.io.netty.channel.nio.NioEventLoop.processSelectedKey(NioEventLoop.java:632)
	at org.apache.ratis.thirdparty.io.netty.channel.nio.NioEventLoop.processSelectedKeysOptimized(NioEventLoop.java:579)
	at org.apache.ratis.thirdparty.io.netty.channel.nio.NioEventLoop.processSelectedKeys(NioEventLoop.java:496)
	at org.apache.ratis.thirdparty.io.netty.channel.nio.NioEventLoop.run(NioEventLoop.java:458)
	at org.apache.ratis.thirdparty.io.netty.util.concurrent.SingleThreadEventExecutor$5.run(SingleThreadEventExecutor.java:897)
	at org.apache.ratis.thirdparty.io.netty.util.concurrent.FastThreadLocalRunnable.run(FastThreadLocalRunnable.java:30)
	... 1 more
Caused by: java.net.ConnectException: Connection refused
	... 11 more
2019-07-30 15:11:15,748 INFO  impl.RaftServerImpl (RaftServerImpl.java:setRole(171)) - c591fbe9-ed50-49f5-8e7a-b9ddc7582314:group-C349716F54CA changes role from CANDIDATE to FOLLOWER at term 2 for DISCOVERED_A_NEW_TERM
2019-07-30 15:11:15,748 INFO  impl.RoleInfo (RoleInfo.java:shutdownLeaderElection(134)) - c591fbe9-ed50-49f5-8e7a-b9ddc7582314: shutdown LeaderElection
2019-07-30 15:11:15,748 INFO  impl.RoleInfo (RoleInfo.java:updateAndGet(143)) - c591fbe9-ed50-49f5-8e7a-b9ddc7582314: start FollowerState
2019-07-30 15:11:17,891 INFO  node.StaleNodeHandler (StaleNodeHandler.java:onMessage(58)) - Datanode c591fbe9-ed50-49f5-8e7a-b9ddc7582314{ip: 192.168.5.170, host: byscane-nightly-xg47r-921641087, networkLocation: /default-rack, certSerialId: null} moved to stale state. Finalizing its pipelines [PipelineID=efee8551-c8b4-456d-a6af-aff70ab04a45, PipelineID=df077e3b-fdee-4eab-88fb-c349716f54ca]
2019-07-30 15:11:17,892 INFO  pipeline.SCMPipelineManager (SCMPipelineManager.java:finalizeAndDestroyPipeline(309)) - destroying pipeline:Pipeline[ Id: efee8551-c8b4-456d-a6af-aff70ab04a45, Nodes: c591fbe9-ed50-49f5-8e7a-b9ddc7582314{ip: 192.168.5.170, host: byscane-nightly-xg47r-921641087, networkLocation: /default-rack, certSerialId: null}, Type:RATIS, Factor:ONE, State:OPEN]
2019-07-30 15:11:17,892 INFO  pipeline.PipelineStateManager (PipelineStateManager.java:finalizePipeline(123)) - Pipeline Pipeline[ Id: efee8551-c8b4-456d-a6af-aff70ab04a45, Nodes: c591fbe9-ed50-49f5-8e7a-b9ddc7582314{ip: 192.168.5.170, host: byscane-nightly-xg47r-921641087, networkLocation: /default-rack, certSerialId: null}, Type:RATIS, Factor:ONE, State:CLOSED] moved to CLOSED state
2019-07-30 15:11:17,892 INFO  pipeline.SCMPipelineManager (SCMPipelineManager.java:finalizeAndDestroyPipeline(309)) - destroying pipeline:Pipeline[ Id: df077e3b-fdee-4eab-88fb-c349716f54ca, Nodes: c591fbe9-ed50-49f5-8e7a-b9ddc7582314{ip: 192.168.5.170, host: byscane-nightly-xg47r-921641087, networkLocation: /default-rack, certSerialId: null}e6f7e345-2310-405e-81e0-5b298fa4eba6{ip: 192.168.5.170, host: byscane-nightly-xg47r-921641087, networkLocation: /default-rack, certSerialId: null}b13d115d-b1b7-4a42-93a0-c105386ccce1{ip: 192.168.5.170, host: byscane-nightly-xg47r-921641087, networkLocation: /default-rack, certSerialId: null}, Type:RATIS, Factor:THREE, State:CLOSED]
2019-07-30 15:11:18,251 INFO  ozoneimpl.OzoneContainer (OzoneContainer.java:stop(199)) - Attempting to stop container services.
2019-07-30 15:11:18,252 INFO  impl.RaftServerProxy (RaftServerProxy.java:lambda$close$4(314)) - c591fbe9-ed50-49f5-8e7a-b9ddc7582314: close
2019-07-30 15:11:18,253 INFO  impl.RaftServerImpl (RaftServerImpl.java:lambda$shutdown$3(245)) - c591fbe9-ed50-49f5-8e7a-b9ddc7582314: shutdown group-AFF70AB04A45
2019-07-30 15:11:18,253 INFO  util.JmxRegister (JmxRegister.java:unregister(73)) - Successfully un-registered JMX Bean with object name Ratis:service=RaftServer,group=group-AFF70AB04A45,id=c591fbe9-ed50-49f5-8e7a-b9ddc7582314
2019-07-30 15:11:18,254 INFO  impl.RoleInfo (RoleInfo.java:shutdownLeaderState(104)) - c591fbe9-ed50-49f5-8e7a-b9ddc7582314: shutdown LeaderState
2019-07-30 15:11:18,254 INFO  impl.PendingRequests (PendingRequests.java:sendNotLeaderResponses(202)) - c591fbe9-ed50-49f5-8e7a-b9ddc7582314-PendingRequests: sendNotLeaderResponses
2019-07-30 15:11:18,255 INFO  impl.StateMachineUpdater (StateMachineUpdater.java:stopAndJoin(115)) - StateMachineUpdater:c591fbe9-ed50-49f5-8e7a-b9ddc7582314:group-AFF70AB04A45: set stopIndex = 0
2019-07-30 15:11:18,255 INFO  impl.RaftServerImpl (ServerState.java:close(394)) - c591fbe9-ed50-49f5-8e7a-b9ddc7582314:group-AFF70AB04A45 closes. The last applied log index is 0
2019-07-30 15:11:18,256 INFO  segmented.SegmentedRaftLogWorker (SegmentedRaftLogWorker.java:run(313)) - c591fbe9-ed50-49f5-8e7a-b9ddc7582314-SegmentedRaftLogWorker:Storage Directory /workdir/hadoop-ozone/integration-test/target/test-dir/MiniOzoneClusterImpl-deb39eb4-d2b4-453d-924d-c2b7b0ac8c4c/datanode-5/data/ratis/efee8551-c8b4-456d-a6af-aff70ab04a45 was interrupted, exiting. There are 0 tasks remaining in the queue.
2019-07-30 15:11:18,258 INFO  segmented.SegmentedRaftLogWorker (SegmentedRaftLogWorker.java:close(228)) - c591fbe9-ed50-49f5-8e7a-b9ddc7582314-SegmentedRaftLogWorker:Storage Directory /workdir/hadoop-ozone/integration-test/target/test-dir/MiniOzoneClusterImpl-deb39eb4-d2b4-453d-924d-c2b7b0ac8c4c/datanode-5/data/ratis/efee8551-c8b4-456d-a6af-aff70ab04a45 close()
2019-07-30 15:11:18,260 INFO  impl.RaftServerImpl (RaftServerImpl.java:lambda$shutdown$3(245)) - c591fbe9-ed50-49f5-8e7a-b9ddc7582314: shutdown group-C349716F54CA
2019-07-30 15:11:18,260 INFO  util.JmxRegister (JmxRegister.java:unregister(73)) - Successfully un-registered JMX Bean with object name Ratis:service=RaftServer,group=group-C349716F54CA,id=c591fbe9-ed50-49f5-8e7a-b9ddc7582314
2019-07-30 15:11:18,261 INFO  impl.RoleInfo (RoleInfo.java:shutdownFollowerState(121)) - c591fbe9-ed50-49f5-8e7a-b9ddc7582314: shutdown FollowerState
2019-07-30 15:11:18,261 INFO  impl.StateMachineUpdater (StateMachineUpdater.java:stopAndJoin(115)) - StateMachineUpdater:c591fbe9-ed50-49f5-8e7a-b9ddc7582314:group-C349716F54CA: set stopIndex = 6
2019-07-30 15:11:18,261 INFO  ratis.ContainerStateMachine (ContainerStateMachine.java:takeSnapshot(262)) - group-C349716F54CA: Taking a snapshot at:(t:1, i:4) file /workdir/hadoop-ozone/integration-test/target/test-dir/MiniOzoneClusterImpl-deb39eb4-d2b4-453d-924d-c2b7b0ac8c4c/datanode-5/data/ratis/df077e3b-fdee-4eab-88fb-c349716f54ca/sm/snapshot.1_4
2019-07-30 15:11:18,261 INFO  impl.FollowerState (FollowerState.java:run(114)) - c591fbe9-ed50-49f5-8e7a-b9ddc7582314: FollowerState was interrupted: java.lang.InterruptedException: sleep interrupted
2019-07-30 15:11:18,280 INFO  ratis.ContainerStateMachine (ContainerStateMachine.java:takeSnapshot(273)) - group-C349716F54CA: Finished taking a snapshot at:(t:1, i:4) file:/workdir/hadoop-ozone/integration-test/target/test-dir/MiniOzoneClusterImpl-deb39eb4-d2b4-453d-924d-c2b7b0ac8c4c/datanode-5/data/ratis/df077e3b-fdee-4eab-88fb-c349716f54ca/sm/snapshot.1_4 time:19
2019-07-30 15:11:18,280 INFO  impl.StateMachineUpdater (StateMachineUpdater.java:takeSnapshot(242)) - StateMachineUpdater:c591fbe9-ed50-49f5-8e7a-b9ddc7582314:group-C349716F54CA: Took a snapshot at index 4
2019-07-30 15:11:18,280 INFO  impl.StateMachineUpdater (StateMachineUpdater.java:lambda$new$0(80)) - StateMachineUpdater:c591fbe9-ed50-49f5-8e7a-b9ddc7582314:group-C349716F54CA: snapshotIndex: updateIncreasingly -1 -> 4
2019-07-30 15:11:18,280 INFO  impl.RaftServerImpl (ServerState.java:close(394)) - c591fbe9-ed50-49f5-8e7a-b9ddc7582314:group-C349716F54CA closes. The last applied log index is 6
2019-07-30 15:11:18,281 INFO  segmented.SegmentedRaftLogWorker (SegmentedRaftLogWorker.java:run(313)) - c591fbe9-ed50-49f5-8e7a-b9ddc7582314-SegmentedRaftLogWorker:Storage Directory /workdir/hadoop-ozone/integration-test/target/test-dir/MiniOzoneClusterImpl-deb39eb4-d2b4-453d-924d-c2b7b0ac8c4c/datanode-5/data/ratis/df077e3b-fdee-4eab-88fb-c349716f54ca was interrupted, exiting. There are 0 tasks remaining in the queue.
2019-07-30 15:11:18,282 INFO  segmented.SegmentedRaftLogWorker (SegmentedRaftLogWorker.java:close(228)) - c591fbe9-ed50-49f5-8e7a-b9ddc7582314-SegmentedRaftLogWorker:Storage Directory /workdir/hadoop-ozone/integration-test/target/test-dir/MiniOzoneClusterImpl-deb39eb4-d2b4-453d-924d-c2b7b0ac8c4c/datanode-5/data/ratis/df077e3b-fdee-4eab-88fb-c349716f54ca close()
2019-07-30 15:11:18,284 INFO  server.GrpcService (GrpcService.java:closeImpl(155)) - c591fbe9-ed50-49f5-8e7a-b9ddc7582314: shutdown server with port 45772 now
2019-07-30 15:11:18,285 INFO  server.GrpcService (GrpcService.java:closeImpl(163)) - c591fbe9-ed50-49f5-8e7a-b9ddc7582314: shutdown server with port 45772 successfully
2019-07-30 15:11:18,288 INFO  utils.BackgroundService (BackgroundService.java:shutdown(148)) - Shutting down service BlockDeletingService
2019-07-30 15:11:18,290 WARN  fs.CachingGetSpaceUsed (CachingGetSpaceUsed.java:run(183)) - Thread Interrupted waiting to refresh disk information: sleep interrupted
2019-07-30 15:11:18,305 INFO  statemachine.DatanodeStateMachine (DatanodeStateMachine.java:stopDaemon(395)) - Ozone container server stopped.
2019-07-30 15:11:18,318 INFO  handler.ContextHandler (ContextHandler.java:doStop(910)) - Stopped o.e.j.w.WebAppContext@370e5bb9{/,null,UNAVAILABLE}{/hddsDatanode}
2019-07-30 15:11:18,318 INFO  server.AbstractConnector (AbstractConnector.java:doStop(318)) - Stopped ServerConnector@46769bd6{HTTP/1.1,[http/1.1]}{0.0.0.0:0}
2019-07-30 15:11:18,319 INFO  handler.ContextHandler (ContextHandler.java:doStop(910)) - Stopped o.e.j.s.ServletContextHandler@4c33bf70{/static,jar:file:/home/user/.m2/repository/org/apache/hadoop/hadoop-hdds-container-service/0.4.1-SNAPSHOT/hadoop-hdds-container-service-0.4.1-SNAPSHOT.jar!/webapps/static,UNAVAILABLE}
2019-07-30 15:11:18,319 INFO  handler.ContextHandler (ContextHandler.java:doStop(910)) - Stopped o.e.j.s.ServletContextHandler@13088030{/logs,file:///workdir/hadoop-ozone/integration-test/target/log,UNAVAILABLE}
2019-07-30 15:11:18,320 INFO  ozone.MiniOzoneClusterImpl (MiniOzoneClusterImpl.java:stop(353)) - Stopping the StorageContainerManager
2019-07-30 15:11:18,320 INFO  server.StorageContainerManager (StorageContainerManager.java:stop(796)) - Stopping Replication Manager Service.
2019-07-30 15:11:18,321 INFO  container.ReplicationManager (ReplicationManager.java:stop(187)) - Stopping Replication Monitor Thread.
2019-07-30 15:11:18,321 INFO  server.StorageContainerManager (StorageContainerManager.java:stop(803)) - Stopping Lease Manager of the command watchers
2019-07-30 15:11:18,321 INFO  server.StorageContainerManager (StorageContainerManager.java:stop(810)) - Stopping datanode service RPC server
2019-07-30 15:11:18,321 INFO  server.SCMDatanodeProtocolServer (SCMDatanodeProtocolServer.java:stop(367)) - Stopping the RPC server for DataNodes
2019-07-30 15:11:18,321 INFO  ipc.Server (Server.java:stop(3082)) - Stopping server on 39384
2019-07-30 15:11:18,323 INFO  ipc.Server (Server.java:run(1185)) - Stopping IPC Server listener on 39384
2019-07-30 15:11:18,323 INFO  ipc.Server (Server.java:run(1319)) - Stopping IPC Server Responder
2019-07-30 15:11:18,392 WARN  node.NodeStateManager (NodeStateManager.java:scheduleNextHealthCheck(631)) - Current Thread is interrupted, shutting down HB processing thread for Node Manager.
2019-07-30 15:11:18,392 INFO  server.StorageContainerManager (StorageContainerManager.java:stop(818)) - Stopping block service RPC server
2019-07-30 15:11:18,392 INFO  server.SCMBlockProtocolServer (SCMBlockProtocolServer.java:stop(148)) - Stopping the RPC server for Block Protocol
2019-07-30 15:11:18,393 INFO  ipc.Server (Server.java:stop(3082)) - Stopping server on 39023
2019-07-30 15:11:18,394 INFO  ipc.Server (Server.java:run(1185)) - Stopping IPC Server listener on 39023
2019-07-30 15:11:18,394 INFO  server.StorageContainerManager (StorageContainerManager.java:stop(825)) - Stopping the StorageContainerLocationProtocol RPC server
2019-07-30 15:11:18,396 INFO  server.SCMClientProtocolServer (SCMClientProtocolServer.java:stop(159)) - Stopping the RPC server for Client Protocol
2019-07-30 15:11:18,396 INFO  ipc.Server (Server.java:stop(3082)) - Stopping server on 35996
2019-07-30 15:11:18,394 INFO  ipc.Server (Server.java:run(1319)) - Stopping IPC Server Responder
2019-07-30 15:11:18,398 INFO  ipc.Server (Server.java:run(1185)) - Stopping IPC Server listener on 35996
2019-07-30 15:11:18,401 INFO  ipc.Server (Server.java:run(1319)) - Stopping IPC Server Responder
2019-07-30 15:11:18,401 INFO  server.StorageContainerManager (StorageContainerManager.java:stop(832)) - Stopping Storage Container Manager HTTP server.
2019-07-30 15:11:18,403 INFO  handler.ContextHandler (ContextHandler.java:doStop(910)) - Stopped o.e.j.w.WebAppContext@38159192{/,null,UNAVAILABLE}{/scm}
2019-07-30 15:11:18,404 INFO  server.AbstractConnector (AbstractConnector.java:doStop(318)) - Stopped ServerConnector@363d3958{HTTP/1.1,[http/1.1]}{0.0.0.0:0}
2019-07-30 15:11:18,404 INFO  handler.ContextHandler (ContextHandler.java:doStop(910)) - Stopped o.e.j.s.ServletContextHandler@6ac0c3aa{/static,file:///workdir/hadoop-ozone/integration-test/target/test-classes/webapps/static,UNAVAILABLE}
2019-07-30 15:11:18,405 INFO  handler.ContextHandler (ContextHandler.java:doStop(910)) - Stopped o.e.j.s.ServletContextHandler@296b758{/logs,file:///workdir/hadoop-ozone/integration-test/target/log,UNAVAILABLE}
2019-07-30 15:11:18,405 INFO  server.StorageContainerManager (StorageContainerManager.java:stop(843)) - Stopping Block Manager Service.
2019-07-30 15:11:18,405 INFO  utils.BackgroundService (BackgroundService.java:shutdown(148)) - Shutting down service SCMBlockDeletingService
2019-07-30 15:11:18,406 INFO  utils.BackgroundService (BackgroundService.java:shutdown(148)) - Shutting down service SCMBlockDeletingService
2019-07-30 15:11:18,406 INFO  server.StorageContainerManager (StorageContainerManager.java:stop(865)) - Stopping SCM Event Queue.
2019-07-30 15:11:18,410 INFO  impl.MetricsSystemImpl (MetricsSystemImpl.java:stop(210)) - Stopping HddsDatanode metrics system...
2019-07-30 15:11:18,418 INFO  impl.MetricsSystemImpl (MetricsSystemImpl.java:stop(216)) - HddsDatanode metrics system stopped.
]]></system-out>
    <system-err><![CDATA[Jul 30, 2019 3:10:44 PM com.sun.jersey.server.impl.application.WebApplicationImpl _initiate
INFO: Initiating Jersey application, version 'Jersey: 1.19 02/11/2015 03:25 AM'
Jul 30, 2019 3:10:45 PM com.sun.jersey.server.impl.application.WebApplicationImpl _initiate
INFO: Initiating Jersey application, version 'Jersey: 1.19 02/11/2015 03:25 AM'
Jul 30, 2019 3:10:45 PM com.sun.jersey.server.impl.application.WebApplicationImpl _initiate
INFO: Initiating Jersey application, version 'Jersey: 1.19 02/11/2015 03:25 AM'
Jul 30, 2019 3:10:45 PM com.sun.jersey.server.impl.application.WebApplicationImpl _initiate
INFO: Initiating Jersey application, version 'Jersey: 1.19 02/11/2015 03:25 AM'
Jul 30, 2019 3:10:45 PM com.sun.jersey.server.impl.application.WebApplicationImpl _initiate
INFO: Initiating Jersey application, version 'Jersey: 1.19 02/11/2015 03:25 AM'
Jul 30, 2019 3:10:46 PM com.sun.jersey.server.impl.application.WebApplicationImpl _initiate
INFO: Initiating Jersey application, version 'Jersey: 1.19 02/11/2015 03:25 AM'
Jul 30, 2019 3:10:46 PM com.sun.jersey.server.impl.application.WebApplicationImpl _initiate
INFO: Initiating Jersey application, version 'Jersey: 1.19 02/11/2015 03:25 AM'
Jul 30, 2019 3:10:49 PM org.apache.ratis.thirdparty.io.grpc.internal.ManagedChannelOrphanWrapper$ManagedChannelReference cleanQueue
SEVERE: *~*~*~ Channel ManagedChannelImpl{logId=3116, target=192.168.5.170:45397} was not shutdown properly!!! ~*~*~*
    Make sure to call shutdown()/shutdownNow() and wait until awaitTermination() returns true.
java.lang.RuntimeException: ManagedChannel allocation site
	at org.apache.ratis.thirdparty.io.grpc.internal.ManagedChannelOrphanWrapper$ManagedChannelReference.<init>(ManagedChannelOrphanWrapper.java:103)
	at org.apache.ratis.thirdparty.io.grpc.internal.ManagedChannelOrphanWrapper.<init>(ManagedChannelOrphanWrapper.java:53)
	at org.apache.ratis.thirdparty.io.grpc.internal.ManagedChannelOrphanWrapper.<init>(ManagedChannelOrphanWrapper.java:44)
	at org.apache.ratis.thirdparty.io.grpc.internal.AbstractManagedChannelImplBuilder.build(AbstractManagedChannelImplBuilder.java:411)
	at org.apache.ratis.grpc.client.GrpcClientProtocolClient.<init>(GrpcClientProtocolClient.java:119)
	at org.apache.ratis.grpc.client.GrpcClientRpc.lambda$new$0(GrpcClientRpc.java:55)
	at org.apache.ratis.util.PeerProxyMap$PeerAndProxy.lambda$getProxy$0(PeerProxyMap.java:61)
	at org.apache.ratis.util.LifeCycle.startAndTransition(LifeCycle.java:202)
	at org.apache.ratis.util.PeerProxyMap$PeerAndProxy.getProxy(PeerProxyMap.java:60)
	at org.apache.ratis.util.PeerProxyMap.getProxy(PeerProxyMap.java:107)
	at org.apache.ratis.grpc.client.GrpcClientRpc.sendRequestAsync(GrpcClientRpc.java:66)
	at org.apache.ratis.client.impl.OrderedAsync.sendRequest(OrderedAsync.java:208)
	at org.apache.ratis.client.impl.OrderedAsync.sendRequestWithRetry(OrderedAsync.java:169)
	at org.apache.ratis.util.SlidingWindow$Client.sendOrDelayRequest(SlidingWindow.java:278)
	at org.apache.ratis.util.SlidingWindow$Client.submitNewRequest(SlidingWindow.java:257)
	at org.apache.ratis.client.impl.OrderedAsync.send(OrderedAsync.java:155)
	at org.apache.ratis.client.impl.RaftClientImpl.sendAsync(RaftClientImpl.java:145)
	at org.apache.ratis.client.impl.RaftClientImpl.sendAsync(RaftClientImpl.java:125)
	at org.apache.hadoop.hdds.scm.XceiverClientRatis.sendRequestAsync(XceiverClientRatis.java:224)
	at org.apache.hadoop.hdds.scm.XceiverClientRatis.sendCommandAsync(XceiverClientRatis.java:302)
	at org.apache.hadoop.hdds.scm.storage.ContainerProtocolCalls.writeChunkAsync(ContainerProtocolCalls.java:310)
	at org.apache.hadoop.hdds.scm.storage.BlockOutputStream.writeChunkToContainer(BlockOutputStream.java:601)
	at org.apache.hadoop.hdds.scm.storage.BlockOutputStream.writeChunk(BlockOutputStream.java:459)
	at org.apache.hadoop.hdds.scm.storage.BlockOutputStream.handleFlush(BlockOutputStream.java:470)
	at org.apache.hadoop.hdds.scm.storage.BlockOutputStream.flush(BlockOutputStream.java:428)
	at org.apache.hadoop.ozone.client.io.BlockOutputStreamEntry.flush(BlockOutputStreamEntry.java:136)
	at org.apache.hadoop.ozone.client.io.KeyOutputStream.handleFlushOrClose(KeyOutputStream.java:442)
	at org.apache.hadoop.ozone.client.io.KeyOutputStream.flush(KeyOutputStream.java:396)
	at org.apache.hadoop.ozone.client.io.OzoneOutputStream.flush(OzoneOutputStream.java:54)
	at org.apache.hadoop.ozone.client.rpc.TestBlockOutputStreamWithFailures.testWatchForCommitDatanodeFailure(TestBlockOutputStreamWithFailures.java:330)
	at sun.reflect.NativeMethodAccessorImpl.invoke0(Native Method)
	at sun.reflect.NativeMethodAccessorImpl.invoke(NativeMethodAccessorImpl.java:62)
	at sun.reflect.DelegatingMethodAccessorImpl.invoke(DelegatingMethodAccessorImpl.java:43)
	at java.lang.reflect.Method.invoke(Method.java:498)
	at org.junit.runners.model.FrameworkMethod$1.runReflectiveCall(FrameworkMethod.java:47)
	at org.junit.internal.runners.model.ReflectiveCallable.run(ReflectiveCallable.java:12)
	at org.junit.runners.model.FrameworkMethod.invokeExplosively(FrameworkMethod.java:44)
	at org.junit.internal.runners.statements.InvokeMethod.evaluate(InvokeMethod.java:17)
	at org.junit.internal.runners.statements.RunBefores.evaluate(RunBefores.java:26)
	at org.junit.internal.runners.statements.RunAfters.evaluate(RunAfters.java:27)
	at org.junit.runners.ParentRunner.runLeaf(ParentRunner.java:271)
	at org.junit.runners.BlockJUnit4ClassRunner.runChild(BlockJUnit4ClassRunner.java:70)
	at org.junit.runners.BlockJUnit4ClassRunner.runChild(BlockJUnit4ClassRunner.java:50)
	at org.junit.runners.ParentRunner$3.run(ParentRunner.java:238)
	at org.junit.runners.ParentRunner$1.schedule(ParentRunner.java:63)
	at org.junit.runners.ParentRunner.runChildren(ParentRunner.java:236)
	at org.junit.runners.ParentRunner.access$000(ParentRunner.java:53)
	at org.junit.runners.ParentRunner$2.evaluate(ParentRunner.java:229)
	at org.junit.runners.ParentRunner.run(ParentRunner.java:309)
	at org.apache.maven.surefire.junit4.JUnit4Provider.execute(JUnit4Provider.java:365)
	at org.apache.maven.surefire.junit4.JUnit4Provider.executeWithRerun(JUnit4Provider.java:273)
	at org.apache.maven.surefire.junit4.JUnit4Provider.executeTestSet(JUnit4Provider.java:238)
	at org.apache.maven.surefire.junit4.JUnit4Provider.invoke(JUnit4Provider.java:159)
	at org.apache.maven.surefire.booter.ForkedBooter.invokeProviderInSameClassLoader(ForkedBooter.java:384)
	at org.apache.maven.surefire.booter.ForkedBooter.runSuitesInProcess(ForkedBooter.java:345)
	at org.apache.maven.surefire.booter.ForkedBooter.execute(ForkedBooter.java:126)
	at org.apache.maven.surefire.booter.ForkedBooter.main(ForkedBooter.java:418)

Jul 30, 2019 3:10:49 PM org.apache.ratis.thirdparty.io.grpc.internal.ManagedChannelOrphanWrapper$ManagedChannelReference cleanQueue
SEVERE: *~*~*~ Channel ManagedChannelImpl{logId=3111, target=192.168.5.170:34248} was not shutdown properly!!! ~*~*~*
    Make sure to call shutdown()/shutdownNow() and wait until awaitTermination() returns true.
java.lang.RuntimeException: ManagedChannel allocation site
	at org.apache.ratis.thirdparty.io.grpc.internal.ManagedChannelOrphanWrapper$ManagedChannelReference.<init>(ManagedChannelOrphanWrapper.java:103)
	at org.apache.ratis.thirdparty.io.grpc.internal.ManagedChannelOrphanWrapper.<init>(ManagedChannelOrphanWrapper.java:53)
	at org.apache.ratis.thirdparty.io.grpc.internal.ManagedChannelOrphanWrapper.<init>(ManagedChannelOrphanWrapper.java:44)
	at org.apache.ratis.thirdparty.io.grpc.internal.AbstractManagedChannelImplBuilder.build(AbstractManagedChannelImplBuilder.java:411)
	at org.apache.ratis.grpc.client.GrpcClientProtocolClient.<init>(GrpcClientProtocolClient.java:119)
	at org.apache.ratis.grpc.client.GrpcClientRpc.lambda$new$0(GrpcClientRpc.java:55)
	at org.apache.ratis.util.PeerProxyMap$PeerAndProxy.lambda$getProxy$0(PeerProxyMap.java:61)
	at org.apache.ratis.util.LifeCycle.startAndTransition(LifeCycle.java:202)
	at org.apache.ratis.util.PeerProxyMap$PeerAndProxy.getProxy(PeerProxyMap.java:60)
	at org.apache.ratis.util.PeerProxyMap.getProxy(PeerProxyMap.java:107)
	at org.apache.ratis.grpc.client.GrpcClientRpc.sendRequestAsync(GrpcClientRpc.java:66)
	at org.apache.ratis.client.impl.OrderedAsync.sendRequest(OrderedAsync.java:208)
	at org.apache.ratis.client.impl.OrderedAsync.sendRequestWithRetry(OrderedAsync.java:169)
	at org.apache.ratis.util.SlidingWindow$Client.sendOrDelayRequest(SlidingWindow.java:278)
	at org.apache.ratis.util.SlidingWindow$Client.retry(SlidingWindow.java:294)
	at org.apache.ratis.client.impl.OrderedAsync.lambda$scheduleWithTimeout$7(OrderedAsync.java:195)
	at org.apache.ratis.util.TimeoutScheduler.lambda$onTimeout$0(TimeoutScheduler.java:85)
	at org.apache.ratis.util.TimeoutScheduler.lambda$onTimeout$1(TimeoutScheduler.java:104)
	at org.apache.ratis.util.LogUtils.runAndLog(LogUtils.java:50)
	at org.apache.ratis.util.LogUtils$1.run(LogUtils.java:91)
	at java.util.concurrent.Executors$RunnableAdapter.call(Executors.java:511)
	at java.util.concurrent.FutureTask.run(FutureTask.java:266)
	at java.util.concurrent.ScheduledThreadPoolExecutor$ScheduledFutureTask.access$201(ScheduledThreadPoolExecutor.java:180)
	at java.util.concurrent.ScheduledThreadPoolExecutor$ScheduledFutureTask.run(ScheduledThreadPoolExecutor.java:293)
	at java.util.concurrent.ThreadPoolExecutor.runWorker(ThreadPoolExecutor.java:1149)
	at java.util.concurrent.ThreadPoolExecutor$Worker.run(ThreadPoolExecutor.java:624)
	at java.lang.Thread.run(Thread.java:748)

]]></system-err>
  </testcase>
  <testcase name="testWatchForCommitWithCloseContainerException" classname="org.apache.hadoop.ozone.client.rpc.TestBlockOutputStreamWithFailures" time="34.656">
    <failure message="expected:&lt;71&gt; but was:&lt;72&gt;" type="java.lang.AssertionError"><![CDATA[java.lang.AssertionError: expected:<71> but was:<72>
	at org.junit.Assert.fail(Assert.java:88)
	at org.junit.Assert.failNotEquals(Assert.java:743)
	at org.junit.Assert.assertEquals(Assert.java:118)
	at org.junit.Assert.assertEquals(Assert.java:555)
	at org.junit.Assert.assertEquals(Assert.java:542)
	at org.apache.hadoop.ozone.client.rpc.TestBlockOutputStreamWithFailures.testWatchForCommitWithCloseContainerException(TestBlockOutputStreamWithFailures.java:196)
	at sun.reflect.NativeMethodAccessorImpl.invoke0(Native Method)
	at sun.reflect.NativeMethodAccessorImpl.invoke(NativeMethodAccessorImpl.java:62)
	at sun.reflect.DelegatingMethodAccessorImpl.invoke(DelegatingMethodAccessorImpl.java:43)
	at java.lang.reflect.Method.invoke(Method.java:498)
	at org.junit.runners.model.FrameworkMethod$1.runReflectiveCall(FrameworkMethod.java:47)
	at org.junit.internal.runners.model.ReflectiveCallable.run(ReflectiveCallable.java:12)
	at org.junit.runners.model.FrameworkMethod.invokeExplosively(FrameworkMethod.java:44)
	at org.junit.internal.runners.statements.InvokeMethod.evaluate(InvokeMethod.java:17)
	at org.junit.internal.runners.statements.RunBefores.evaluate(RunBefores.java:26)
	at org.junit.internal.runners.statements.RunAfters.evaluate(RunAfters.java:27)
	at org.junit.runners.ParentRunner.runLeaf(ParentRunner.java:271)
	at org.junit.runners.BlockJUnit4ClassRunner.runChild(BlockJUnit4ClassRunner.java:70)
	at org.junit.runners.BlockJUnit4ClassRunner.runChild(BlockJUnit4ClassRunner.java:50)
	at org.junit.runners.ParentRunner$3.run(ParentRunner.java:238)
	at org.junit.runners.ParentRunner$1.schedule(ParentRunner.java:63)
	at org.junit.runners.ParentRunner.runChildren(ParentRunner.java:236)
	at org.junit.runners.ParentRunner.access$000(ParentRunner.java:53)
	at org.junit.runners.ParentRunner$2.evaluate(ParentRunner.java:229)
	at org.junit.runners.ParentRunner.run(ParentRunner.java:309)
	at org.apache.maven.surefire.junit4.JUnit4Provider.execute(JUnit4Provider.java:365)
	at org.apache.maven.surefire.junit4.JUnit4Provider.executeWithRerun(JUnit4Provider.java:273)
	at org.apache.maven.surefire.junit4.JUnit4Provider.executeTestSet(JUnit4Provider.java:238)
	at org.apache.maven.surefire.junit4.JUnit4Provider.invoke(JUnit4Provider.java:159)
	at org.apache.maven.surefire.booter.ForkedBooter.invokeProviderInSameClassLoader(ForkedBooter.java:384)
	at org.apache.maven.surefire.booter.ForkedBooter.runSuitesInProcess(ForkedBooter.java:345)
	at org.apache.maven.surefire.booter.ForkedBooter.execute(ForkedBooter.java:126)
	at org.apache.maven.surefire.booter.ForkedBooter.main(ForkedBooter.java:418)
]]></failure>
    <system-out><![CDATA[2019-07-30 15:11:18,465 WARN  server.ServerUtils (ServerUtils.java:getScmDbDir(145)) - ozone.scm.db.dirs is not configured. We recommend adding this setting. Falling back to ozone.metadata.dirs instead.
2019-07-30 15:11:18,479 WARN  server.ServerUtils (ServerUtils.java:getScmDbDir(145)) - ozone.scm.db.dirs is not configured. We recommend adding this setting. Falling back to ozone.metadata.dirs instead.
2019-07-30 15:11:18,479 WARN  server.ServerUtils (ServerUtils.java:getScmDbDir(145)) - ozone.scm.db.dirs is not configured. We recommend adding this setting. Falling back to ozone.metadata.dirs instead.
2019-07-30 15:11:18,480 INFO  db.DBStoreBuilder (DBStoreBuilder.java:addTable(110)) - using custom profile for table: deletedBlocks
2019-07-30 15:11:18,480 INFO  db.DBStoreBuilder (DBStoreBuilder.java:processTables(161)) - Using default column profile:DBProfile.DISK for Table:deletedBlocks
2019-07-30 15:11:18,480 INFO  db.DBStoreBuilder (DBStoreBuilder.java:addTable(110)) - using custom profile for table: validCerts
2019-07-30 15:11:18,480 INFO  db.DBStoreBuilder (DBStoreBuilder.java:processTables(161)) - Using default column profile:DBProfile.DISK for Table:validCerts
2019-07-30 15:11:18,481 INFO  db.DBStoreBuilder (DBStoreBuilder.java:addTable(110)) - using custom profile for table: revokedCerts
2019-07-30 15:11:18,481 INFO  db.DBStoreBuilder (DBStoreBuilder.java:processTables(161)) - Using default column profile:DBProfile.DISK for Table:revokedCerts
2019-07-30 15:11:18,481 INFO  db.DBStoreBuilder (DBStoreBuilder.java:addTable(110)) - using custom profile for table: default
2019-07-30 15:11:18,481 INFO  db.DBStoreBuilder (DBStoreBuilder.java:processTables(167)) - Using default column profile:DBProfile.DISK for Table:default
2019-07-30 15:11:18,481 INFO  db.DBStoreBuilder (DBStoreBuilder.java:getDbProfile(198)) - Using default options. DBProfile.DISK
2019-07-30 15:11:18,612 INFO  net.NodeSchemaLoader (NodeSchemaLoader.java:loadSchemaFromFile(125)) - Loading file from sun.misc.CompoundEnumeration@6a49b3c7
2019-07-30 15:11:18,612 INFO  net.NodeSchemaLoader (NodeSchemaLoader.java:loadSchema(171)) - Loading network topology layer schema file
2019-07-30 15:11:18,617 INFO  node.SCMNodeManager (SCMNodeManager.java:<init>(121)) - Entering startup safe mode.
2019-07-30 15:11:18,617 WARN  server.ServerUtils (ServerUtils.java:getScmDbDir(145)) - ozone.scm.db.dirs is not configured. We recommend adding this setting. Falling back to ozone.metadata.dirs instead.
2019-07-30 15:11:18,656 INFO  pipeline.SCMPipelineManager (SCMPipelineManager.java:initializePipelineState(126)) - No pipeline exists in current db
2019-07-30 15:11:18,656 WARN  server.ServerUtils (ServerUtils.java:getScmDbDir(145)) - ozone.scm.db.dirs is not configured. We recommend adding this setting. Falling back to ozone.metadata.dirs instead.
2019-07-30 15:11:18,698 WARN  events.EventQueue (EventQueue.java:fireEvent(175)) - No event handler registered for event TypedEvent{payloadType=SafeModeStatus, name='SafeModeStatus'}
2019-07-30 15:11:18,699 INFO  ipc.CallQueueManager (CallQueueManager.java:<init>(84)) - Using callQueue: class java.util.concurrent.LinkedBlockingQueue, queueCapacity: 2000, scheduler: class org.apache.hadoop.ipc.DefaultRpcScheduler, ipcBackoff: false.
2019-07-30 15:11:18,700 INFO  ipc.Server (Server.java:run(1074)) - Starting Socket Reader #1 for port 43046
2019-07-30 15:11:18,702 INFO  ipc.CallQueueManager (CallQueueManager.java:<init>(84)) - Using callQueue: class java.util.concurrent.LinkedBlockingQueue, queueCapacity: 2000, scheduler: class org.apache.hadoop.ipc.DefaultRpcScheduler, ipcBackoff: false.
2019-07-30 15:11:18,703 INFO  ipc.Server (Server.java:run(1074)) - Starting Socket Reader #1 for port 36485
2019-07-30 15:11:18,704 INFO  ipc.CallQueueManager (CallQueueManager.java:<init>(84)) - Using callQueue: class java.util.concurrent.LinkedBlockingQueue, queueCapacity: 2000, scheduler: class org.apache.hadoop.ipc.DefaultRpcScheduler, ipcBackoff: false.
2019-07-30 15:11:18,705 INFO  ipc.Server (Server.java:run(1074)) - Starting Socket Reader #1 for port 36678
2019-07-30 15:11:18,709 INFO  hdfs.DFSUtil (DFSUtil.java:httpServerTemplateForNNAndJN(1641)) - Starting Web-server for scm at: http://0.0.0.0:0
2019-07-30 15:11:18,711 INFO  server.AuthenticationFilter (AuthenticationFilter.java:constructSecretProvider(240)) - Unable to initialize FileSignerSecretProvider, falling back to use random secrets.
2019-07-30 15:11:18,712 WARN  http.HttpRequestLog (HttpRequestLog.java:getRequestLog(97)) - Jetty request log can only be enabled using Log4j
2019-07-30 15:11:18,714 INFO  http.HttpServer2 (HttpServer2.java:addGlobalFilter(975)) - Added global filter 'safety' (class=org.apache.hadoop.http.HttpServer2$QuotingInputFilter)
2019-07-30 15:11:18,715 INFO  http.HttpServer2 (HttpServer2.java:addFilter(948)) - Added filter static_user_filter (class=org.apache.hadoop.http.lib.StaticUserWebFilter$StaticUserFilter) to context scm
2019-07-30 15:11:18,715 INFO  http.HttpServer2 (HttpServer2.java:addFilter(958)) - Added filter static_user_filter (class=org.apache.hadoop.http.lib.StaticUserWebFilter$StaticUserFilter) to context static
2019-07-30 15:11:18,715 INFO  http.HttpServer2 (HttpServer2.java:addFilter(958)) - Added filter static_user_filter (class=org.apache.hadoop.http.lib.StaticUserWebFilter$StaticUserFilter) to context logs
2019-07-30 15:11:18,717 INFO  server.StorageContainerManager (StorageContainerManager.java:start(758)) - StorageContainerLocationProtocol RPC server is listening at /0.0.0.0:36678
2019-07-30 15:11:18,719 WARN  impl.MetricsConfig (MetricsConfig.java:loadFirst(134)) - Cannot locate configuration: tried hadoop-metrics2-storagecontainermanager.properties,hadoop-metrics2.properties
2019-07-30 15:11:18,720 INFO  impl.MetricsSystemImpl (MetricsSystemImpl.java:startTimer(374)) - Scheduled Metric snapshot period at 10 second(s).
2019-07-30 15:11:18,720 INFO  impl.MetricsSystemImpl (MetricsSystemImpl.java:start(191)) - StorageContainerManager metrics system started
2019-07-30 15:11:18,821 INFO  server.SCMClientProtocolServer (SCMClientProtocolServer.java:start(151)) - RPC server for Client  is listening at /0.0.0.0:36678
2019-07-30 15:11:18,822 INFO  ipc.Server (Server.java:run(1314)) - IPC Server Responder: starting
2019-07-30 15:11:18,822 INFO  ipc.Server (Server.java:run(1153)) - IPC Server listener on 36678: starting
2019-07-30 15:11:18,826 INFO  server.StorageContainerManager (StorageContainerManager.java:start(768)) - ScmBlockLocationProtocol RPC server is listening at /0.0.0.0:36485
2019-07-30 15:11:18,826 INFO  server.SCMBlockProtocolServer (SCMBlockProtocolServer.java:start(140)) - RPC server for Block Protocol is listening at /0.0.0.0:36485
2019-07-30 15:11:18,827 INFO  ipc.Server (Server.java:run(1314)) - IPC Server Responder: starting
2019-07-30 15:11:18,827 INFO  ipc.Server (Server.java:run(1153)) - IPC Server listener on 36485: starting
2019-07-30 15:11:18,831 INFO  server.StorageContainerManager (StorageContainerManager.java:start(772)) - ScmDatanodeProtocl RPC server is listening at /0.0.0.0:43046
2019-07-30 15:11:18,832 INFO  server.SCMDatanodeProtocolServer (SCMDatanodeProtocolServer.java:start(191)) - RPC server for DataNodes is listening at /0.0.0.0:43046
2019-07-30 15:11:18,832 INFO  ipc.Server (Server.java:run(1314)) - IPC Server Responder: starting
2019-07-30 15:11:18,832 INFO  ipc.Server (Server.java:run(1153)) - IPC Server listener on 43046: starting
2019-07-30 15:11:18,837 INFO  http.HttpServer2 (HttpServer2.java:bindListener(1191)) - Jetty bound to port 35347
2019-07-30 15:11:18,837 INFO  server.Server (Server.java:doStart(351)) - jetty-9.3.24.v20180605, build timestamp: 2018-06-05T17:11:56Z, git hash: 84205aa28f11a4f31f2a3b86d1bba2cc8ab69827
2019-07-30 15:11:18,838 INFO  handler.ContextHandler (ContextHandler.java:doStart(781)) - Started o.e.j.s.ServletContextHandler@36a65069{/logs,file:///workdir/hadoop-ozone/integration-test/target/log,AVAILABLE}
2019-07-30 15:11:18,839 INFO  handler.ContextHandler (ContextHandler.java:doStart(781)) - Started o.e.j.s.ServletContextHandler@5b8e2ea7{/static,file:///workdir/hadoop-ozone/integration-test/target/test-classes/webapps/static,AVAILABLE}
2019-07-30 15:11:18,842 INFO  handler.ContextHandler (ContextHandler.java:doStart(781)) - Started o.e.j.w.WebAppContext@67c64b9c{/,file:///workdir/hadoop-ozone/integration-test/target/test-classes/webapps/scm/,AVAILABLE}{/scm}
2019-07-30 15:11:18,842 INFO  server.AbstractConnector (AbstractConnector.java:doStart(278)) - Started ServerConnector@311d8595{HTTP/1.1,[http/1.1]}{0.0.0.0:35347}
2019-07-30 15:11:18,842 INFO  server.Server (Server.java:doStart(419)) - Started @659554ms
2019-07-30 15:11:18,845 INFO  server.BaseHttpServer (BaseHttpServer.java:updateConnectorAddress(207)) - HTTP server of SCM is listening at http://0.0.0.0:35347
2019-07-30 15:11:18,846 WARN  server.ServerUtils (ServerUtils.java:getDBPath(222)) - ozone.om.db.dirs is not configured. We recommend adding this setting. Falling back to ozone.metadata.dirs instead.
2019-07-30 15:11:18,846 INFO  util.JvmPauseMonitor (JvmPauseMonitor.java:run(188)) - Starting JVM pause monitor
2019-07-30 15:11:18,858 WARN  server.ServerUtils (ServerUtils.java:getDBPath(222)) - ozone.om.db.dirs is not configured. We recommend adding this setting. Falling back to ozone.metadata.dirs instead.
2019-07-30 15:11:18,858 WARN  server.ServerUtils (ServerUtils.java:getDBPath(222)) - ozone.om.db.dirs is not configured. We recommend adding this setting. Falling back to ozone.metadata.dirs instead.
2019-07-30 15:11:18,858 INFO  om.OzoneManager (OzoneManager.java:setOMNodeDetails(644)) - OM Service ID is not set. Setting it to the default ID: omServiceIdDefault
2019-07-30 15:11:18,859 INFO  om.OzoneManager (OzoneManager.java:setOMNodeDetails(650)) - OM Node ID is not set. Setting it to the OmStorage's OmID: ec225eed-ce4d-41ed-9887-5a8f7a055d26
2019-07-30 15:11:18,859 INFO  om.OzoneManager (OzoneManager.java:loadOMHAConfigs(601)) - Found matching OM address with OMServiceId: null, OMNodeId: null, RPC Address: localhost:0 and Ratis port: 9872
2019-07-30 15:11:18,864 WARN  server.ServerUtils (ServerUtils.java:getDBPath(222)) - ozone.om.db.dirs is not configured. We recommend adding this setting. Falling back to ozone.metadata.dirs instead.
2019-07-30 15:11:18,864 INFO  db.DBStoreBuilder (DBStoreBuilder.java:addTable(110)) - using custom profile for table: userTable
2019-07-30 15:11:18,864 INFO  db.DBStoreBuilder (DBStoreBuilder.java:processTables(161)) - Using default column profile:DBProfile.DISK for Table:userTable
2019-07-30 15:11:18,864 INFO  db.DBStoreBuilder (DBStoreBuilder.java:addTable(110)) - using custom profile for table: volumeTable
2019-07-30 15:11:18,864 INFO  db.DBStoreBuilder (DBStoreBuilder.java:processTables(161)) - Using default column profile:DBProfile.DISK for Table:volumeTable
2019-07-30 15:11:18,865 INFO  db.DBStoreBuilder (DBStoreBuilder.java:addTable(110)) - using custom profile for table: bucketTable
2019-07-30 15:11:18,865 INFO  db.DBStoreBuilder (DBStoreBuilder.java:processTables(161)) - Using default column profile:DBProfile.DISK for Table:bucketTable
2019-07-30 15:11:18,865 INFO  db.DBStoreBuilder (DBStoreBuilder.java:addTable(110)) - using custom profile for table: keyTable
2019-07-30 15:11:18,865 INFO  db.DBStoreBuilder (DBStoreBuilder.java:processTables(161)) - Using default column profile:DBProfile.DISK for Table:keyTable
2019-07-30 15:11:18,865 INFO  db.DBStoreBuilder (DBStoreBuilder.java:addTable(110)) - using custom profile for table: deletedTable
2019-07-30 15:11:18,865 INFO  db.DBStoreBuilder (DBStoreBuilder.java:processTables(161)) - Using default column profile:DBProfile.DISK for Table:deletedTable
2019-07-30 15:11:18,865 INFO  db.DBStoreBuilder (DBStoreBuilder.java:addTable(110)) - using custom profile for table: openKeyTable
2019-07-30 15:11:18,866 INFO  db.DBStoreBuilder (DBStoreBuilder.java:processTables(161)) - Using default column profile:DBProfile.DISK for Table:openKeyTable
2019-07-30 15:11:18,866 INFO  db.DBStoreBuilder (DBStoreBuilder.java:addTable(110)) - using custom profile for table: s3Table
2019-07-30 15:11:18,866 INFO  db.DBStoreBuilder (DBStoreBuilder.java:processTables(161)) - Using default column profile:DBProfile.DISK for Table:s3Table
2019-07-30 15:11:18,866 INFO  db.DBStoreBuilder (DBStoreBuilder.java:addTable(110)) - using custom profile for table: multipartInfoTable
2019-07-30 15:11:18,866 INFO  db.DBStoreBuilder (DBStoreBuilder.java:processTables(161)) - Using default column profile:DBProfile.DISK for Table:multipartInfoTable
2019-07-30 15:11:18,866 INFO  db.DBStoreBuilder (DBStoreBuilder.java:addTable(110)) - using custom profile for table: dTokenTable
2019-07-30 15:11:18,866 INFO  db.DBStoreBuilder (DBStoreBuilder.java:processTables(161)) - Using default column profile:DBProfile.DISK for Table:dTokenTable
2019-07-30 15:11:18,867 INFO  db.DBStoreBuilder (DBStoreBuilder.java:addTable(110)) - using custom profile for table: s3SecretTable
2019-07-30 15:11:18,867 INFO  db.DBStoreBuilder (DBStoreBuilder.java:processTables(161)) - Using default column profile:DBProfile.DISK for Table:s3SecretTable
2019-07-30 15:11:18,867 INFO  db.DBStoreBuilder (DBStoreBuilder.java:addTable(110)) - using custom profile for table: prefixTable
2019-07-30 15:11:18,867 INFO  db.DBStoreBuilder (DBStoreBuilder.java:processTables(161)) - Using default column profile:DBProfile.DISK for Table:prefixTable
2019-07-30 15:11:18,867 INFO  db.DBStoreBuilder (DBStoreBuilder.java:addTable(110)) - using custom profile for table: default
2019-07-30 15:11:18,867 INFO  db.DBStoreBuilder (DBStoreBuilder.java:processTables(167)) - Using default column profile:DBProfile.DISK for Table:default
2019-07-30 15:11:18,868 INFO  db.DBStoreBuilder (DBStoreBuilder.java:getDbProfile(198)) - Using default options. DBProfile.DISK
2019-07-30 15:11:19,340 INFO  ipc.CallQueueManager (CallQueueManager.java:<init>(84)) - Using callQueue: class java.util.concurrent.LinkedBlockingQueue, queueCapacity: 2000, scheduler: class org.apache.hadoop.ipc.DefaultRpcScheduler, ipcBackoff: false.
2019-07-30 15:11:19,341 INFO  ipc.Server (Server.java:run(1074)) - Starting Socket Reader #1 for port 33770
2019-07-30 15:11:19,357 INFO  om.OzoneManager (OzoneManager.java:start(1255)) - OzoneManager RPC server is listening at localhost/127.0.0.1:33770
2019-07-30 15:11:19,357 INFO  impl.MetricsSystemImpl (MetricsSystemImpl.java:init(158)) - OzoneManager metrics system started (again)
2019-07-30 15:11:19,358 INFO  ipc.Server (Server.java:run(1314)) - IPC Server Responder: starting
2019-07-30 15:11:19,358 INFO  ipc.Server (Server.java:run(1153)) - IPC Server listener on 33770: starting
2019-07-30 15:11:19,365 INFO  hdfs.DFSUtil (DFSUtil.java:httpServerTemplateForNNAndJN(1641)) - Starting Web-server for ozoneManager at: http://0.0.0.0:0
2019-07-30 15:11:19,366 INFO  server.AuthenticationFilter (AuthenticationFilter.java:constructSecretProvider(240)) - Unable to initialize FileSignerSecretProvider, falling back to use random secrets.
2019-07-30 15:11:19,367 WARN  http.HttpRequestLog (HttpRequestLog.java:getRequestLog(97)) - Jetty request log can only be enabled using Log4j
2019-07-30 15:11:19,369 INFO  http.HttpServer2 (HttpServer2.java:addGlobalFilter(975)) - Added global filter 'safety' (class=org.apache.hadoop.http.HttpServer2$QuotingInputFilter)
2019-07-30 15:11:19,370 INFO  http.HttpServer2 (HttpServer2.java:addFilter(948)) - Added filter static_user_filter (class=org.apache.hadoop.http.lib.StaticUserWebFilter$StaticUserFilter) to context ozoneManager
2019-07-30 15:11:19,370 INFO  http.HttpServer2 (HttpServer2.java:addFilter(958)) - Added filter static_user_filter (class=org.apache.hadoop.http.lib.StaticUserWebFilter$StaticUserFilter) to context logs
2019-07-30 15:11:19,370 INFO  http.HttpServer2 (HttpServer2.java:addFilter(958)) - Added filter static_user_filter (class=org.apache.hadoop.http.lib.StaticUserWebFilter$StaticUserFilter) to context static
2019-07-30 15:11:19,371 INFO  http.HttpServer2 (HttpServer2.java:bindListener(1191)) - Jetty bound to port 42388
2019-07-30 15:11:19,371 INFO  server.Server (Server.java:doStart(351)) - jetty-9.3.24.v20180605, build timestamp: 2018-06-05T17:11:56Z, git hash: 84205aa28f11a4f31f2a3b86d1bba2cc8ab69827
2019-07-30 15:11:19,374 INFO  handler.ContextHandler (ContextHandler.java:doStart(781)) - Started o.e.j.s.ServletContextHandler@4a9e6ea7{/logs,file:///workdir/hadoop-ozone/integration-test/target/log,AVAILABLE}
2019-07-30 15:11:19,374 INFO  handler.ContextHandler (ContextHandler.java:doStart(781)) - Started o.e.j.s.ServletContextHandler@5aaecd25{/static,file:///workdir/hadoop-ozone/integration-test/target/test-classes/webapps/static,AVAILABLE}
2019-07-30 15:11:19,379 INFO  handler.ContextHandler (ContextHandler.java:doStart(781)) - Started o.e.j.w.WebAppContext@60877629{/,file:///workdir/hadoop-ozone/integration-test/target/test-classes/webapps/ozoneManager/,AVAILABLE}{/ozoneManager}
2019-07-30 15:11:19,380 INFO  server.AbstractConnector (AbstractConnector.java:doStart(278)) - Started ServerConnector@7e86ff3b{HTTP/1.1,[http/1.1]}{0.0.0.0:42388}
2019-07-30 15:11:19,381 INFO  server.Server (Server.java:doStart(419)) - Started @660093ms
2019-07-30 15:11:19,382 INFO  server.BaseHttpServer (BaseHttpServer.java:updateConnectorAddress(207)) - HTTP server of OZONEMANAGER is listening at http://0.0.0.0:42388
2019-07-30 15:11:19,397 INFO  impl.MetricsSystemImpl (MetricsSystemImpl.java:init(158)) - HddsDatanode metrics system started (again)
2019-07-30 15:11:19,401 INFO  ozone.HddsDatanodeService (HddsDatanodeService.java:start(184)) - HddsDatanodeService host:byscane-nightly-xg47r-921641087 ip:192.168.5.170
2019-07-30 15:11:19,415 INFO  volume.HddsVolume (HddsVolume.java:<init>(176)) - Creating Volume: /workdir/hadoop-ozone/integration-test/target/test-dir/MiniOzoneClusterImpl-a7411b59-c253-4b32-b71c-4a3802367d93/datanode-0/data/containers/hdds of  storage type : DISK and capacity : 52710309888
2019-07-30 15:11:19,415 INFO  volume.VolumeSet (VolumeSet.java:initializeVolumeSet(170)) - Added Volume : /workdir/hadoop-ozone/integration-test/target/test-dir/MiniOzoneClusterImpl-a7411b59-c253-4b32-b71c-4a3802367d93/datanode-0/data/containers/hdds to VolumeSet
2019-07-30 15:11:19,415 INFO  volume.ThrottledAsyncChecker (ThrottledAsyncChecker.java:schedule(140)) - Scheduling a check for org.apache.hadoop.ozone.container.common.volume.HddsVolume@3d4b3b94
2019-07-30 15:11:19,416 INFO  volume.HddsVolumeChecker (HddsVolumeChecker.java:checkAllVolumes(203)) - Scheduled health check for volume org.apache.hadoop.ozone.container.common.volume.HddsVolume@3d4b3b94
2019-07-30 15:11:19,432 INFO  impl.RaftServerProxy (ConfUtils.java:logGet(43)) - raft.rpc.type = GRPC (default)
2019-07-30 15:11:19,432 INFO  grpc.GrpcFactory (GrpcFactory.java:checkPooledByteBufAllocatorUseCacheForAllThreads(45)) - PERFORMANCE WARNING: useCacheForAllThreads is true that may cause Netty to create a lot garbage objects and, as a result, trigger GC.
	It is recommended to disable useCacheForAllThreads by setting -Dorg.apache.ratis.thirdparty.io.netty.allocator.useCacheForAllThreads=false in command line.
2019-07-30 15:11:19,432 INFO  grpc.GrpcConfigKeys$Server (ConfUtils.java:logGet(43)) - raft.grpc.server.port = 0 (default)
2019-07-30 15:11:19,433 INFO  server.GrpcService (ConfUtils.java:logGet(43)) - raft.grpc.message.size.max = 33570816 (custom)
2019-07-30 15:11:19,433 INFO  server.RaftServerConfigKeys (ConfUtils.java:logGet(43)) - raft.server.log.appender.buffer.byte-limit = 33554432 (custom)
2019-07-30 15:11:19,433 INFO  server.GrpcService (ConfUtils.java:logGet(43)) - raft.grpc.flow.control.window = 1MB (=1048576) (default)
2019-07-30 15:11:19,433 INFO  server.RaftServerConfigKeys (ConfUtils.java:logGet(43)) - raft.server.rpc.request.timeout = 3000ms (default)
2019-07-30 15:11:19,434 INFO  server.RaftServerConfigKeys (ConfUtils.java:logGet(43)) - raft.server.storage.dir = [/workdir/hadoop-ozone/integration-test/target/test-dir/MiniOzoneClusterImpl-a7411b59-c253-4b32-b71c-4a3802367d93/datanode-0/data/ratis] (custom)
2019-07-30 15:11:19,434 INFO  replication.SimpleContainerDownloader (SimpleContainerDownloader.java:<init>(72)) - Starting container downloader service to copy containers to replicate.
2019-07-30 15:11:19,435 INFO  hdfs.DFSUtil (DFSUtil.java:httpServerTemplateForNNAndJN(1641)) - Starting Web-server for hddsDatanode at: http://0.0.0.0:0
2019-07-30 15:11:19,436 INFO  server.AuthenticationFilter (AuthenticationFilter.java:constructSecretProvider(240)) - Unable to initialize FileSignerSecretProvider, falling back to use random secrets.
2019-07-30 15:11:19,437 WARN  http.HttpRequestLog (HttpRequestLog.java:getRequestLog(97)) - Jetty request log can only be enabled using Log4j
2019-07-30 15:11:19,438 INFO  http.HttpServer2 (HttpServer2.java:addGlobalFilter(975)) - Added global filter 'safety' (class=org.apache.hadoop.http.HttpServer2$QuotingInputFilter)
2019-07-30 15:11:19,439 INFO  http.HttpServer2 (HttpServer2.java:addFilter(948)) - Added filter static_user_filter (class=org.apache.hadoop.http.lib.StaticUserWebFilter$StaticUserFilter) to context hddsDatanode
2019-07-30 15:11:19,439 INFO  http.HttpServer2 (HttpServer2.java:addFilter(958)) - Added filter static_user_filter (class=org.apache.hadoop.http.lib.StaticUserWebFilter$StaticUserFilter) to context logs
2019-07-30 15:11:19,439 INFO  http.HttpServer2 (HttpServer2.java:addFilter(958)) - Added filter static_user_filter (class=org.apache.hadoop.http.lib.StaticUserWebFilter$StaticUserFilter) to context static
2019-07-30 15:11:19,440 INFO  http.HttpServer2 (HttpServer2.java:bindListener(1191)) - Jetty bound to port 46118
2019-07-30 15:11:19,440 INFO  server.Server (Server.java:doStart(351)) - jetty-9.3.24.v20180605, build timestamp: 2018-06-05T17:11:56Z, git hash: 84205aa28f11a4f31f2a3b86d1bba2cc8ab69827
2019-07-30 15:11:19,442 INFO  handler.ContextHandler (ContextHandler.java:doStart(781)) - Started o.e.j.s.ServletContextHandler@ff7042c{/logs,file:///workdir/hadoop-ozone/integration-test/target/log,AVAILABLE}
2019-07-30 15:11:19,442 INFO  handler.ContextHandler (ContextHandler.java:doStart(781)) - Started o.e.j.s.ServletContextHandler@5126c0cd{/static,jar:file:/home/user/.m2/repository/org/apache/hadoop/hadoop-hdds-container-service/0.4.1-SNAPSHOT/hadoop-hdds-container-service-0.4.1-SNAPSHOT.jar!/webapps/static,AVAILABLE}
2019-07-30 15:11:19,473 INFO  handler.ContextHandler (ContextHandler.java:doStart(781)) - Started o.e.j.w.WebAppContext@6878cd83{/,file:///tmp/jetty-0.0.0.0-46118-hddsDatanode-_-any-822293281158622432.dir/webapp/,AVAILABLE}{/hddsDatanode}
2019-07-30 15:11:19,474 INFO  server.AbstractConnector (AbstractConnector.java:doStart(278)) - Started ServerConnector@62c41ad{HTTP/1.1,[http/1.1]}{0.0.0.0:46118}
2019-07-30 15:11:19,474 INFO  server.Server (Server.java:doStart(419)) - Started @660185ms
2019-07-30 15:11:19,475 INFO  server.BaseHttpServer (BaseHttpServer.java:updateConnectorAddress(207)) - HTTP server of HDDSDATANODE is listening at http://0.0.0.0:46118
2019-07-30 15:11:19,575 INFO  ozone.HddsDatanodeService (HddsDatanodeService.java:startPlugins(395)) - Started plug-in org.apache.hadoop.ozone.web.OzoneHddsDatanodeService@9d573a6
2019-07-30 15:11:19,575 INFO  impl.MetricsSystemImpl (MetricsSystemImpl.java:init(158)) - HddsDatanode metrics system started (again)
2019-07-30 15:11:19,578 INFO  ozone.HddsDatanodeService (HddsDatanodeService.java:start(184)) - HddsDatanodeService host:byscane-nightly-xg47r-921641087 ip:192.168.5.170
2019-07-30 15:11:19,578 INFO  util.JvmPauseMonitor (JvmPauseMonitor.java:run(188)) - Starting JVM pause monitor
2019-07-30 15:11:19,580 INFO  datanode.InitDatanodeState (InitDatanodeState.java:persistContainerDatanodeDetails(140)) - DatanodeDetails is persisted to /workdir/hadoop-ozone/integration-test/target/test-dir/MiniOzoneClusterImpl-a7411b59-c253-4b32-b71c-4a3802367d93/datanode-0/meta/datanode.id
2019-07-30 15:11:19,590 INFO  volume.HddsVolume (HddsVolume.java:<init>(176)) - Creating Volume: /workdir/hadoop-ozone/integration-test/target/test-dir/MiniOzoneClusterImpl-a7411b59-c253-4b32-b71c-4a3802367d93/datanode-1/data/containers/hdds of  storage type : DISK and capacity : 52710309888
2019-07-30 15:11:19,590 INFO  volume.VolumeSet (VolumeSet.java:initializeVolumeSet(170)) - Added Volume : /workdir/hadoop-ozone/integration-test/target/test-dir/MiniOzoneClusterImpl-a7411b59-c253-4b32-b71c-4a3802367d93/datanode-1/data/containers/hdds to VolumeSet
2019-07-30 15:11:19,590 INFO  volume.ThrottledAsyncChecker (ThrottledAsyncChecker.java:schedule(140)) - Scheduling a check for org.apache.hadoop.ozone.container.common.volume.HddsVolume@7ce87db5
2019-07-30 15:11:19,591 INFO  volume.HddsVolumeChecker (HddsVolumeChecker.java:checkAllVolumes(203)) - Scheduled health check for volume org.apache.hadoop.ozone.container.common.volume.HddsVolume@7ce87db5
2019-07-30 15:11:19,605 INFO  impl.RaftServerProxy (ConfUtils.java:logGet(43)) - raft.rpc.type = GRPC (default)
2019-07-30 15:11:19,605 INFO  grpc.GrpcFactory (GrpcFactory.java:checkPooledByteBufAllocatorUseCacheForAllThreads(45)) - PERFORMANCE WARNING: useCacheForAllThreads is true that may cause Netty to create a lot garbage objects and, as a result, trigger GC.
	It is recommended to disable useCacheForAllThreads by setting -Dorg.apache.ratis.thirdparty.io.netty.allocator.useCacheForAllThreads=false in command line.
2019-07-30 15:11:19,605 INFO  grpc.GrpcConfigKeys$Server (ConfUtils.java:logGet(43)) - raft.grpc.server.port = 0 (default)
2019-07-30 15:11:19,605 INFO  server.GrpcService (ConfUtils.java:logGet(43)) - raft.grpc.message.size.max = 33570816 (custom)
2019-07-30 15:11:19,606 INFO  server.RaftServerConfigKeys (ConfUtils.java:logGet(43)) - raft.server.log.appender.buffer.byte-limit = 33554432 (custom)
2019-07-30 15:11:19,606 INFO  server.GrpcService (ConfUtils.java:logGet(43)) - raft.grpc.flow.control.window = 1MB (=1048576) (default)
2019-07-30 15:11:19,606 INFO  server.RaftServerConfigKeys (ConfUtils.java:logGet(43)) - raft.server.rpc.request.timeout = 3000ms (default)
2019-07-30 15:11:19,606 INFO  server.RaftServerConfigKeys (ConfUtils.java:logGet(43)) - raft.server.storage.dir = [/workdir/hadoop-ozone/integration-test/target/test-dir/MiniOzoneClusterImpl-a7411b59-c253-4b32-b71c-4a3802367d93/datanode-1/data/ratis] (custom)
2019-07-30 15:11:19,607 INFO  replication.SimpleContainerDownloader (SimpleContainerDownloader.java:<init>(72)) - Starting container downloader service to copy containers to replicate.
2019-07-30 15:11:19,608 INFO  hdfs.DFSUtil (DFSUtil.java:httpServerTemplateForNNAndJN(1641)) - Starting Web-server for hddsDatanode at: http://0.0.0.0:0
2019-07-30 15:11:19,609 INFO  server.AuthenticationFilter (AuthenticationFilter.java:constructSecretProvider(240)) - Unable to initialize FileSignerSecretProvider, falling back to use random secrets.
2019-07-30 15:11:19,609 WARN  http.HttpRequestLog (HttpRequestLog.java:getRequestLog(97)) - Jetty request log can only be enabled using Log4j
2019-07-30 15:11:19,610 INFO  http.HttpServer2 (HttpServer2.java:addGlobalFilter(975)) - Added global filter 'safety' (class=org.apache.hadoop.http.HttpServer2$QuotingInputFilter)
2019-07-30 15:11:19,611 INFO  http.HttpServer2 (HttpServer2.java:addFilter(948)) - Added filter static_user_filter (class=org.apache.hadoop.http.lib.StaticUserWebFilter$StaticUserFilter) to context hddsDatanode
2019-07-30 15:11:19,611 INFO  http.HttpServer2 (HttpServer2.java:addFilter(958)) - Added filter static_user_filter (class=org.apache.hadoop.http.lib.StaticUserWebFilter$StaticUserFilter) to context logs
2019-07-30 15:11:19,611 INFO  http.HttpServer2 (HttpServer2.java:addFilter(958)) - Added filter static_user_filter (class=org.apache.hadoop.http.lib.StaticUserWebFilter$StaticUserFilter) to context static
2019-07-30 15:11:19,612 INFO  http.HttpServer2 (HttpServer2.java:bindListener(1191)) - Jetty bound to port 44465
2019-07-30 15:11:19,612 INFO  server.Server (Server.java:doStart(351)) - jetty-9.3.24.v20180605, build timestamp: 2018-06-05T17:11:56Z, git hash: 84205aa28f11a4f31f2a3b86d1bba2cc8ab69827
2019-07-30 15:11:19,613 INFO  handler.ContextHandler (ContextHandler.java:doStart(781)) - Started o.e.j.s.ServletContextHandler@60c3f653{/logs,file:///workdir/hadoop-ozone/integration-test/target/log,AVAILABLE}
2019-07-30 15:11:19,614 INFO  handler.ContextHandler (ContextHandler.java:doStart(781)) - Started o.e.j.s.ServletContextHandler@35c66ad{/static,jar:file:/home/user/.m2/repository/org/apache/hadoop/hadoop-hdds-container-service/0.4.1-SNAPSHOT/hadoop-hdds-container-service-0.4.1-SNAPSHOT.jar!/webapps/static,AVAILABLE}
2019-07-30 15:11:19,641 INFO  handler.ContextHandler (ContextHandler.java:doStart(781)) - Started o.e.j.w.WebAppContext@4db8b888{/,file:///tmp/jetty-0.0.0.0-44465-hddsDatanode-_-any-6173516091408103140.dir/webapp/,AVAILABLE}{/hddsDatanode}
2019-07-30 15:11:19,641 INFO  server.AbstractConnector (AbstractConnector.java:doStart(278)) - Started ServerConnector@2e67df05{HTTP/1.1,[http/1.1]}{0.0.0.0:44465}
2019-07-30 15:11:19,642 INFO  server.Server (Server.java:doStart(419)) - Started @660353ms
2019-07-30 15:11:19,643 INFO  server.BaseHttpServer (BaseHttpServer.java:updateConnectorAddress(207)) - HTTP server of HDDSDATANODE is listening at http://0.0.0.0:44465
2019-07-30 15:11:19,741 INFO  ozone.HddsDatanodeService (HddsDatanodeService.java:startPlugins(395)) - Started plug-in org.apache.hadoop.ozone.web.OzoneHddsDatanodeService@13b0755e
2019-07-30 15:11:19,741 INFO  impl.MetricsSystemImpl (MetricsSystemImpl.java:init(158)) - HddsDatanode metrics system started (again)
2019-07-30 15:11:19,744 INFO  ozone.HddsDatanodeService (HddsDatanodeService.java:start(184)) - HddsDatanodeService host:byscane-nightly-xg47r-921641087 ip:192.168.5.170
2019-07-30 15:11:19,744 INFO  util.JvmPauseMonitor (JvmPauseMonitor.java:run(188)) - Starting JVM pause monitor
2019-07-30 15:11:19,746 INFO  datanode.InitDatanodeState (InitDatanodeState.java:persistContainerDatanodeDetails(140)) - DatanodeDetails is persisted to /workdir/hadoop-ozone/integration-test/target/test-dir/MiniOzoneClusterImpl-a7411b59-c253-4b32-b71c-4a3802367d93/datanode-1/meta/datanode.id
2019-07-30 15:11:19,757 INFO  volume.HddsVolume (HddsVolume.java:<init>(176)) - Creating Volume: /workdir/hadoop-ozone/integration-test/target/test-dir/MiniOzoneClusterImpl-a7411b59-c253-4b32-b71c-4a3802367d93/datanode-2/data/containers/hdds of  storage type : DISK and capacity : 52710309888
2019-07-30 15:11:19,758 INFO  volume.VolumeSet (VolumeSet.java:initializeVolumeSet(170)) - Added Volume : /workdir/hadoop-ozone/integration-test/target/test-dir/MiniOzoneClusterImpl-a7411b59-c253-4b32-b71c-4a3802367d93/datanode-2/data/containers/hdds to VolumeSet
2019-07-30 15:11:19,758 INFO  volume.ThrottledAsyncChecker (ThrottledAsyncChecker.java:schedule(140)) - Scheduling a check for org.apache.hadoop.ozone.container.common.volume.HddsVolume@49842c0d
2019-07-30 15:11:19,758 INFO  volume.HddsVolumeChecker (HddsVolumeChecker.java:checkAllVolumes(203)) - Scheduled health check for volume org.apache.hadoop.ozone.container.common.volume.HddsVolume@49842c0d
2019-07-30 15:11:19,771 INFO  impl.RaftServerProxy (ConfUtils.java:logGet(43)) - raft.rpc.type = GRPC (default)
2019-07-30 15:11:19,771 INFO  grpc.GrpcFactory (GrpcFactory.java:checkPooledByteBufAllocatorUseCacheForAllThreads(45)) - PERFORMANCE WARNING: useCacheForAllThreads is true that may cause Netty to create a lot garbage objects and, as a result, trigger GC.
	It is recommended to disable useCacheForAllThreads by setting -Dorg.apache.ratis.thirdparty.io.netty.allocator.useCacheForAllThreads=false in command line.
2019-07-30 15:11:19,772 INFO  grpc.GrpcConfigKeys$Server (ConfUtils.java:logGet(43)) - raft.grpc.server.port = 0 (default)
2019-07-30 15:11:19,772 INFO  server.GrpcService (ConfUtils.java:logGet(43)) - raft.grpc.message.size.max = 33570816 (custom)
2019-07-30 15:11:19,772 INFO  server.RaftServerConfigKeys (ConfUtils.java:logGet(43)) - raft.server.log.appender.buffer.byte-limit = 33554432 (custom)
2019-07-30 15:11:19,772 INFO  server.GrpcService (ConfUtils.java:logGet(43)) - raft.grpc.flow.control.window = 1MB (=1048576) (default)
2019-07-30 15:11:19,772 INFO  server.RaftServerConfigKeys (ConfUtils.java:logGet(43)) - raft.server.rpc.request.timeout = 3000ms (default)
2019-07-30 15:11:19,773 INFO  server.RaftServerConfigKeys (ConfUtils.java:logGet(43)) - raft.server.storage.dir = [/workdir/hadoop-ozone/integration-test/target/test-dir/MiniOzoneClusterImpl-a7411b59-c253-4b32-b71c-4a3802367d93/datanode-2/data/ratis] (custom)
2019-07-30 15:11:19,773 INFO  replication.SimpleContainerDownloader (SimpleContainerDownloader.java:<init>(72)) - Starting container downloader service to copy containers to replicate.
2019-07-30 15:11:19,774 INFO  hdfs.DFSUtil (DFSUtil.java:httpServerTemplateForNNAndJN(1641)) - Starting Web-server for hddsDatanode at: http://0.0.0.0:0
2019-07-30 15:11:19,775 INFO  server.AuthenticationFilter (AuthenticationFilter.java:constructSecretProvider(240)) - Unable to initialize FileSignerSecretProvider, falling back to use random secrets.
2019-07-30 15:11:19,776 WARN  http.HttpRequestLog (HttpRequestLog.java:getRequestLog(97)) - Jetty request log can only be enabled using Log4j
2019-07-30 15:11:19,777 INFO  http.HttpServer2 (HttpServer2.java:addGlobalFilter(975)) - Added global filter 'safety' (class=org.apache.hadoop.http.HttpServer2$QuotingInputFilter)
2019-07-30 15:11:19,777 INFO  http.HttpServer2 (HttpServer2.java:addFilter(948)) - Added filter static_user_filter (class=org.apache.hadoop.http.lib.StaticUserWebFilter$StaticUserFilter) to context hddsDatanode
2019-07-30 15:11:19,777 INFO  http.HttpServer2 (HttpServer2.java:addFilter(958)) - Added filter static_user_filter (class=org.apache.hadoop.http.lib.StaticUserWebFilter$StaticUserFilter) to context logs
2019-07-30 15:11:19,777 INFO  http.HttpServer2 (HttpServer2.java:addFilter(958)) - Added filter static_user_filter (class=org.apache.hadoop.http.lib.StaticUserWebFilter$StaticUserFilter) to context static
2019-07-30 15:11:19,778 INFO  http.HttpServer2 (HttpServer2.java:bindListener(1191)) - Jetty bound to port 35519
2019-07-30 15:11:19,778 INFO  server.Server (Server.java:doStart(351)) - jetty-9.3.24.v20180605, build timestamp: 2018-06-05T17:11:56Z, git hash: 84205aa28f11a4f31f2a3b86d1bba2cc8ab69827
2019-07-30 15:11:19,780 INFO  handler.ContextHandler (ContextHandler.java:doStart(781)) - Started o.e.j.s.ServletContextHandler@53ed0519{/logs,file:///workdir/hadoop-ozone/integration-test/target/log,AVAILABLE}
2019-07-30 15:11:19,780 INFO  handler.ContextHandler (ContextHandler.java:doStart(781)) - Started o.e.j.s.ServletContextHandler@13437ce5{/static,jar:file:/home/user/.m2/repository/org/apache/hadoop/hadoop-hdds-container-service/0.4.1-SNAPSHOT/hadoop-hdds-container-service-0.4.1-SNAPSHOT.jar!/webapps/static,AVAILABLE}
2019-07-30 15:11:19,806 INFO  handler.ContextHandler (ContextHandler.java:doStart(781)) - Started o.e.j.w.WebAppContext@6f53e863{/,file:///tmp/jetty-0.0.0.0-35519-hddsDatanode-_-any-3975678297066415552.dir/webapp/,AVAILABLE}{/hddsDatanode}
2019-07-30 15:11:19,806 INFO  server.AbstractConnector (AbstractConnector.java:doStart(278)) - Started ServerConnector@186149f9{HTTP/1.1,[http/1.1]}{0.0.0.0:35519}
2019-07-30 15:11:19,806 INFO  server.Server (Server.java:doStart(419)) - Started @660518ms
2019-07-30 15:11:19,808 INFO  server.BaseHttpServer (BaseHttpServer.java:updateConnectorAddress(207)) - HTTP server of HDDSDATANODE is listening at http://0.0.0.0:35519
2019-07-30 15:11:19,937 INFO  ozone.HddsDatanodeService (HddsDatanodeService.java:startPlugins(395)) - Started plug-in org.apache.hadoop.ozone.web.OzoneHddsDatanodeService@67d99612
2019-07-30 15:11:19,938 INFO  impl.MetricsSystemImpl (MetricsSystemImpl.java:init(158)) - HddsDatanode metrics system started (again)
2019-07-30 15:11:19,941 INFO  ozone.HddsDatanodeService (HddsDatanodeService.java:start(184)) - HddsDatanodeService host:byscane-nightly-xg47r-921641087 ip:192.168.5.170
2019-07-30 15:11:19,942 INFO  util.JvmPauseMonitor (JvmPauseMonitor.java:run(188)) - Starting JVM pause monitor
2019-07-30 15:11:19,943 INFO  datanode.InitDatanodeState (InitDatanodeState.java:persistContainerDatanodeDetails(140)) - DatanodeDetails is persisted to /workdir/hadoop-ozone/integration-test/target/test-dir/MiniOzoneClusterImpl-a7411b59-c253-4b32-b71c-4a3802367d93/datanode-2/meta/datanode.id
2019-07-30 15:11:19,955 INFO  volume.HddsVolume (HddsVolume.java:<init>(176)) - Creating Volume: /workdir/hadoop-ozone/integration-test/target/test-dir/MiniOzoneClusterImpl-a7411b59-c253-4b32-b71c-4a3802367d93/datanode-3/data/containers/hdds of  storage type : DISK and capacity : 52710309888
2019-07-30 15:11:19,955 INFO  volume.VolumeSet (VolumeSet.java:initializeVolumeSet(170)) - Added Volume : /workdir/hadoop-ozone/integration-test/target/test-dir/MiniOzoneClusterImpl-a7411b59-c253-4b32-b71c-4a3802367d93/datanode-3/data/containers/hdds to VolumeSet
2019-07-30 15:11:19,955 INFO  volume.ThrottledAsyncChecker (ThrottledAsyncChecker.java:schedule(140)) - Scheduling a check for org.apache.hadoop.ozone.container.common.volume.HddsVolume@1b596e21
2019-07-30 15:11:19,956 INFO  volume.HddsVolumeChecker (HddsVolumeChecker.java:checkAllVolumes(203)) - Scheduled health check for volume org.apache.hadoop.ozone.container.common.volume.HddsVolume@1b596e21
2019-07-30 15:11:19,969 INFO  impl.RaftServerProxy (ConfUtils.java:logGet(43)) - raft.rpc.type = GRPC (default)
2019-07-30 15:11:19,970 INFO  grpc.GrpcFactory (GrpcFactory.java:checkPooledByteBufAllocatorUseCacheForAllThreads(45)) - PERFORMANCE WARNING: useCacheForAllThreads is true that may cause Netty to create a lot garbage objects and, as a result, trigger GC.
	It is recommended to disable useCacheForAllThreads by setting -Dorg.apache.ratis.thirdparty.io.netty.allocator.useCacheForAllThreads=false in command line.
2019-07-30 15:11:19,970 INFO  grpc.GrpcConfigKeys$Server (ConfUtils.java:logGet(43)) - raft.grpc.server.port = 0 (default)
2019-07-30 15:11:19,970 INFO  server.GrpcService (ConfUtils.java:logGet(43)) - raft.grpc.message.size.max = 33570816 (custom)
2019-07-30 15:11:19,970 INFO  server.RaftServerConfigKeys (ConfUtils.java:logGet(43)) - raft.server.log.appender.buffer.byte-limit = 33554432 (custom)
2019-07-30 15:11:19,970 INFO  server.GrpcService (ConfUtils.java:logGet(43)) - raft.grpc.flow.control.window = 1MB (=1048576) (default)
2019-07-30 15:11:19,971 INFO  server.RaftServerConfigKeys (ConfUtils.java:logGet(43)) - raft.server.rpc.request.timeout = 3000ms (default)
2019-07-30 15:11:19,971 INFO  server.RaftServerConfigKeys (ConfUtils.java:logGet(43)) - raft.server.storage.dir = [/workdir/hadoop-ozone/integration-test/target/test-dir/MiniOzoneClusterImpl-a7411b59-c253-4b32-b71c-4a3802367d93/datanode-3/data/ratis] (custom)
2019-07-30 15:11:19,971 INFO  replication.SimpleContainerDownloader (SimpleContainerDownloader.java:<init>(72)) - Starting container downloader service to copy containers to replicate.
2019-07-30 15:11:19,973 INFO  hdfs.DFSUtil (DFSUtil.java:httpServerTemplateForNNAndJN(1641)) - Starting Web-server for hddsDatanode at: http://0.0.0.0:0
2019-07-30 15:11:19,975 INFO  server.AuthenticationFilter (AuthenticationFilter.java:constructSecretProvider(240)) - Unable to initialize FileSignerSecretProvider, falling back to use random secrets.
2019-07-30 15:11:19,975 WARN  http.HttpRequestLog (HttpRequestLog.java:getRequestLog(97)) - Jetty request log can only be enabled using Log4j
2019-07-30 15:11:19,977 INFO  http.HttpServer2 (HttpServer2.java:addGlobalFilter(975)) - Added global filter 'safety' (class=org.apache.hadoop.http.HttpServer2$QuotingInputFilter)
2019-07-30 15:11:19,978 INFO  http.HttpServer2 (HttpServer2.java:addFilter(948)) - Added filter static_user_filter (class=org.apache.hadoop.http.lib.StaticUserWebFilter$StaticUserFilter) to context hddsDatanode
2019-07-30 15:11:19,978 INFO  http.HttpServer2 (HttpServer2.java:addFilter(958)) - Added filter static_user_filter (class=org.apache.hadoop.http.lib.StaticUserWebFilter$StaticUserFilter) to context logs
2019-07-30 15:11:19,978 INFO  http.HttpServer2 (HttpServer2.java:addFilter(958)) - Added filter static_user_filter (class=org.apache.hadoop.http.lib.StaticUserWebFilter$StaticUserFilter) to context static
2019-07-30 15:11:19,979 INFO  http.HttpServer2 (HttpServer2.java:bindListener(1191)) - Jetty bound to port 37526
2019-07-30 15:11:19,979 INFO  server.Server (Server.java:doStart(351)) - jetty-9.3.24.v20180605, build timestamp: 2018-06-05T17:11:56Z, git hash: 84205aa28f11a4f31f2a3b86d1bba2cc8ab69827
2019-07-30 15:11:19,981 INFO  handler.ContextHandler (ContextHandler.java:doStart(781)) - Started o.e.j.s.ServletContextHandler@435d648d{/logs,file:///workdir/hadoop-ozone/integration-test/target/log,AVAILABLE}
2019-07-30 15:11:19,982 INFO  handler.ContextHandler (ContextHandler.java:doStart(781)) - Started o.e.j.s.ServletContextHandler@1a4eb337{/static,jar:file:/home/user/.m2/repository/org/apache/hadoop/hadoop-hdds-container-service/0.4.1-SNAPSHOT/hadoop-hdds-container-service-0.4.1-SNAPSHOT.jar!/webapps/static,AVAILABLE}
2019-07-30 15:11:20,023 INFO  handler.ContextHandler (ContextHandler.java:doStart(781)) - Started o.e.j.w.WebAppContext@5db3afff{/,file:///tmp/jetty-0.0.0.0-37526-hddsDatanode-_-any-5152389785144927171.dir/webapp/,AVAILABLE}{/hddsDatanode}
2019-07-30 15:11:20,024 INFO  server.AbstractConnector (AbstractConnector.java:doStart(278)) - Started ServerConnector@25e60726{HTTP/1.1,[http/1.1]}{0.0.0.0:37526}
2019-07-30 15:11:20,025 INFO  server.Server (Server.java:doStart(419)) - Started @660737ms
2019-07-30 15:11:20,026 INFO  server.BaseHttpServer (BaseHttpServer.java:updateConnectorAddress(207)) - HTTP server of HDDSDATANODE is listening at http://0.0.0.0:37526
2019-07-30 15:11:20,130 INFO  ozone.HddsDatanodeService (HddsDatanodeService.java:startPlugins(395)) - Started plug-in org.apache.hadoop.ozone.web.OzoneHddsDatanodeService@6740b169
2019-07-30 15:11:20,130 INFO  impl.MetricsSystemImpl (MetricsSystemImpl.java:init(158)) - HddsDatanode metrics system started (again)
2019-07-30 15:11:20,134 INFO  ozone.HddsDatanodeService (HddsDatanodeService.java:start(184)) - HddsDatanodeService host:byscane-nightly-xg47r-921641087 ip:192.168.5.170
2019-07-30 15:11:20,134 INFO  util.JvmPauseMonitor (JvmPauseMonitor.java:run(188)) - Starting JVM pause monitor
2019-07-30 15:11:20,135 INFO  datanode.InitDatanodeState (InitDatanodeState.java:persistContainerDatanodeDetails(140)) - DatanodeDetails is persisted to /workdir/hadoop-ozone/integration-test/target/test-dir/MiniOzoneClusterImpl-a7411b59-c253-4b32-b71c-4a3802367d93/datanode-3/meta/datanode.id
2019-07-30 15:11:20,146 INFO  volume.HddsVolume (HddsVolume.java:<init>(176)) - Creating Volume: /workdir/hadoop-ozone/integration-test/target/test-dir/MiniOzoneClusterImpl-a7411b59-c253-4b32-b71c-4a3802367d93/datanode-4/data/containers/hdds of  storage type : DISK and capacity : 52710309888
2019-07-30 15:11:20,147 INFO  volume.VolumeSet (VolumeSet.java:initializeVolumeSet(170)) - Added Volume : /workdir/hadoop-ozone/integration-test/target/test-dir/MiniOzoneClusterImpl-a7411b59-c253-4b32-b71c-4a3802367d93/datanode-4/data/containers/hdds to VolumeSet
2019-07-30 15:11:20,147 INFO  volume.ThrottledAsyncChecker (ThrottledAsyncChecker.java:schedule(140)) - Scheduling a check for org.apache.hadoop.ozone.container.common.volume.HddsVolume@1a8b10dd
2019-07-30 15:11:20,147 INFO  volume.HddsVolumeChecker (HddsVolumeChecker.java:checkAllVolumes(203)) - Scheduled health check for volume org.apache.hadoop.ozone.container.common.volume.HddsVolume@1a8b10dd
2019-07-30 15:11:20,160 INFO  impl.RaftServerProxy (ConfUtils.java:logGet(43)) - raft.rpc.type = GRPC (default)
2019-07-30 15:11:20,160 INFO  grpc.GrpcFactory (GrpcFactory.java:checkPooledByteBufAllocatorUseCacheForAllThreads(45)) - PERFORMANCE WARNING: useCacheForAllThreads is true that may cause Netty to create a lot garbage objects and, as a result, trigger GC.
	It is recommended to disable useCacheForAllThreads by setting -Dorg.apache.ratis.thirdparty.io.netty.allocator.useCacheForAllThreads=false in command line.
2019-07-30 15:11:20,160 INFO  grpc.GrpcConfigKeys$Server (ConfUtils.java:logGet(43)) - raft.grpc.server.port = 0 (default)
2019-07-30 15:11:20,161 INFO  server.GrpcService (ConfUtils.java:logGet(43)) - raft.grpc.message.size.max = 33570816 (custom)
2019-07-30 15:11:20,161 INFO  server.RaftServerConfigKeys (ConfUtils.java:logGet(43)) - raft.server.log.appender.buffer.byte-limit = 33554432 (custom)
2019-07-30 15:11:20,161 INFO  server.GrpcService (ConfUtils.java:logGet(43)) - raft.grpc.flow.control.window = 1MB (=1048576) (default)
2019-07-30 15:11:20,162 INFO  server.RaftServerConfigKeys (ConfUtils.java:logGet(43)) - raft.server.rpc.request.timeout = 3000ms (default)
2019-07-30 15:11:20,162 INFO  server.RaftServerConfigKeys (ConfUtils.java:logGet(43)) - raft.server.storage.dir = [/workdir/hadoop-ozone/integration-test/target/test-dir/MiniOzoneClusterImpl-a7411b59-c253-4b32-b71c-4a3802367d93/datanode-4/data/ratis] (custom)
2019-07-30 15:11:20,163 INFO  replication.SimpleContainerDownloader (SimpleContainerDownloader.java:<init>(72)) - Starting container downloader service to copy containers to replicate.
2019-07-30 15:11:20,164 INFO  hdfs.DFSUtil (DFSUtil.java:httpServerTemplateForNNAndJN(1641)) - Starting Web-server for hddsDatanode at: http://0.0.0.0:0
2019-07-30 15:11:20,165 INFO  server.AuthenticationFilter (AuthenticationFilter.java:constructSecretProvider(240)) - Unable to initialize FileSignerSecretProvider, falling back to use random secrets.
2019-07-30 15:11:20,165 WARN  http.HttpRequestLog (HttpRequestLog.java:getRequestLog(97)) - Jetty request log can only be enabled using Log4j
2019-07-30 15:11:20,166 INFO  http.HttpServer2 (HttpServer2.java:addGlobalFilter(975)) - Added global filter 'safety' (class=org.apache.hadoop.http.HttpServer2$QuotingInputFilter)
2019-07-30 15:11:20,167 INFO  http.HttpServer2 (HttpServer2.java:addFilter(948)) - Added filter static_user_filter (class=org.apache.hadoop.http.lib.StaticUserWebFilter$StaticUserFilter) to context hddsDatanode
2019-07-30 15:11:20,167 INFO  http.HttpServer2 (HttpServer2.java:addFilter(958)) - Added filter static_user_filter (class=org.apache.hadoop.http.lib.StaticUserWebFilter$StaticUserFilter) to context static
2019-07-30 15:11:20,167 INFO  http.HttpServer2 (HttpServer2.java:addFilter(958)) - Added filter static_user_filter (class=org.apache.hadoop.http.lib.StaticUserWebFilter$StaticUserFilter) to context logs
2019-07-30 15:11:20,167 INFO  http.HttpServer2 (HttpServer2.java:bindListener(1191)) - Jetty bound to port 33735
2019-07-30 15:11:20,168 INFO  server.Server (Server.java:doStart(351)) - jetty-9.3.24.v20180605, build timestamp: 2018-06-05T17:11:56Z, git hash: 84205aa28f11a4f31f2a3b86d1bba2cc8ab69827
2019-07-30 15:11:20,169 INFO  handler.ContextHandler (ContextHandler.java:doStart(781)) - Started o.e.j.s.ServletContextHandler@6ae729fb{/logs,file:///workdir/hadoop-ozone/integration-test/target/log,AVAILABLE}
2019-07-30 15:11:20,170 INFO  handler.ContextHandler (ContextHandler.java:doStart(781)) - Started o.e.j.s.ServletContextHandler@22351330{/static,jar:file:/home/user/.m2/repository/org/apache/hadoop/hadoop-hdds-container-service/0.4.1-SNAPSHOT/hadoop-hdds-container-service-0.4.1-SNAPSHOT.jar!/webapps/static,AVAILABLE}
2019-07-30 15:11:20,196 INFO  handler.ContextHandler (ContextHandler.java:doStart(781)) - Started o.e.j.w.WebAppContext@76300346{/,file:///tmp/jetty-0.0.0.0-33735-hddsDatanode-_-any-9204895446671560634.dir/webapp/,AVAILABLE}{/hddsDatanode}
2019-07-30 15:11:20,196 INFO  server.AbstractConnector (AbstractConnector.java:doStart(278)) - Started ServerConnector@153f6a67{HTTP/1.1,[http/1.1]}{0.0.0.0:33735}
2019-07-30 15:11:20,197 INFO  server.Server (Server.java:doStart(419)) - Started @660908ms
2019-07-30 15:11:20,199 INFO  server.BaseHttpServer (BaseHttpServer.java:updateConnectorAddress(207)) - HTTP server of HDDSDATANODE is listening at http://0.0.0.0:33735
2019-07-30 15:11:20,297 INFO  ozone.HddsDatanodeService (HddsDatanodeService.java:startPlugins(395)) - Started plug-in org.apache.hadoop.ozone.web.OzoneHddsDatanodeService@2aaa5122
2019-07-30 15:11:20,297 INFO  impl.MetricsSystemImpl (MetricsSystemImpl.java:init(158)) - HddsDatanode metrics system started (again)
2019-07-30 15:11:20,301 INFO  ozone.HddsDatanodeService (HddsDatanodeService.java:start(184)) - HddsDatanodeService host:byscane-nightly-xg47r-921641087 ip:192.168.5.170
2019-07-30 15:11:20,301 INFO  util.JvmPauseMonitor (JvmPauseMonitor.java:run(188)) - Starting JVM pause monitor
2019-07-30 15:11:20,302 INFO  datanode.InitDatanodeState (InitDatanodeState.java:persistContainerDatanodeDetails(140)) - DatanodeDetails is persisted to /workdir/hadoop-ozone/integration-test/target/test-dir/MiniOzoneClusterImpl-a7411b59-c253-4b32-b71c-4a3802367d93/datanode-4/meta/datanode.id
2019-07-30 15:11:20,314 INFO  volume.HddsVolume (HddsVolume.java:<init>(176)) - Creating Volume: /workdir/hadoop-ozone/integration-test/target/test-dir/MiniOzoneClusterImpl-a7411b59-c253-4b32-b71c-4a3802367d93/datanode-5/data/containers/hdds of  storage type : DISK and capacity : 52710309888
2019-07-30 15:11:20,315 INFO  volume.VolumeSet (VolumeSet.java:initializeVolumeSet(170)) - Added Volume : /workdir/hadoop-ozone/integration-test/target/test-dir/MiniOzoneClusterImpl-a7411b59-c253-4b32-b71c-4a3802367d93/datanode-5/data/containers/hdds to VolumeSet
2019-07-30 15:11:20,315 INFO  volume.ThrottledAsyncChecker (ThrottledAsyncChecker.java:schedule(140)) - Scheduling a check for org.apache.hadoop.ozone.container.common.volume.HddsVolume@2227fa03
2019-07-30 15:11:20,315 INFO  volume.HddsVolumeChecker (HddsVolumeChecker.java:checkAllVolumes(203)) - Scheduled health check for volume org.apache.hadoop.ozone.container.common.volume.HddsVolume@2227fa03
2019-07-30 15:11:20,328 INFO  impl.RaftServerProxy (ConfUtils.java:logGet(43)) - raft.rpc.type = GRPC (default)
2019-07-30 15:11:20,328 INFO  grpc.GrpcFactory (GrpcFactory.java:checkPooledByteBufAllocatorUseCacheForAllThreads(45)) - PERFORMANCE WARNING: useCacheForAllThreads is true that may cause Netty to create a lot garbage objects and, as a result, trigger GC.
	It is recommended to disable useCacheForAllThreads by setting -Dorg.apache.ratis.thirdparty.io.netty.allocator.useCacheForAllThreads=false in command line.
2019-07-30 15:11:20,329 INFO  grpc.GrpcConfigKeys$Server (ConfUtils.java:logGet(43)) - raft.grpc.server.port = 0 (default)
2019-07-30 15:11:20,329 INFO  server.GrpcService (ConfUtils.java:logGet(43)) - raft.grpc.message.size.max = 33570816 (custom)
2019-07-30 15:11:20,329 INFO  server.RaftServerConfigKeys (ConfUtils.java:logGet(43)) - raft.server.log.appender.buffer.byte-limit = 33554432 (custom)
2019-07-30 15:11:20,329 INFO  server.GrpcService (ConfUtils.java:logGet(43)) - raft.grpc.flow.control.window = 1MB (=1048576) (default)
2019-07-30 15:11:20,329 INFO  server.RaftServerConfigKeys (ConfUtils.java:logGet(43)) - raft.server.rpc.request.timeout = 3000ms (default)
2019-07-30 15:11:20,330 INFO  server.RaftServerConfigKeys (ConfUtils.java:logGet(43)) - raft.server.storage.dir = [/workdir/hadoop-ozone/integration-test/target/test-dir/MiniOzoneClusterImpl-a7411b59-c253-4b32-b71c-4a3802367d93/datanode-5/data/ratis] (custom)
2019-07-30 15:11:20,330 INFO  replication.SimpleContainerDownloader (SimpleContainerDownloader.java:<init>(72)) - Starting container downloader service to copy containers to replicate.
2019-07-30 15:11:20,331 INFO  hdfs.DFSUtil (DFSUtil.java:httpServerTemplateForNNAndJN(1641)) - Starting Web-server for hddsDatanode at: http://0.0.0.0:0
2019-07-30 15:11:20,332 INFO  server.AuthenticationFilter (AuthenticationFilter.java:constructSecretProvider(240)) - Unable to initialize FileSignerSecretProvider, falling back to use random secrets.
2019-07-30 15:11:20,332 WARN  http.HttpRequestLog (HttpRequestLog.java:getRequestLog(97)) - Jetty request log can only be enabled using Log4j
2019-07-30 15:11:20,333 INFO  http.HttpServer2 (HttpServer2.java:addGlobalFilter(975)) - Added global filter 'safety' (class=org.apache.hadoop.http.HttpServer2$QuotingInputFilter)
2019-07-30 15:11:20,334 INFO  http.HttpServer2 (HttpServer2.java:addFilter(948)) - Added filter static_user_filter (class=org.apache.hadoop.http.lib.StaticUserWebFilter$StaticUserFilter) to context hddsDatanode
2019-07-30 15:11:20,334 INFO  http.HttpServer2 (HttpServer2.java:addFilter(958)) - Added filter static_user_filter (class=org.apache.hadoop.http.lib.StaticUserWebFilter$StaticUserFilter) to context logs
2019-07-30 15:11:20,334 INFO  http.HttpServer2 (HttpServer2.java:addFilter(958)) - Added filter static_user_filter (class=org.apache.hadoop.http.lib.StaticUserWebFilter$StaticUserFilter) to context static
2019-07-30 15:11:20,335 INFO  http.HttpServer2 (HttpServer2.java:bindListener(1191)) - Jetty bound to port 42945
2019-07-30 15:11:20,335 INFO  server.Server (Server.java:doStart(351)) - jetty-9.3.24.v20180605, build timestamp: 2018-06-05T17:11:56Z, git hash: 84205aa28f11a4f31f2a3b86d1bba2cc8ab69827
2019-07-30 15:11:20,336 INFO  handler.ContextHandler (ContextHandler.java:doStart(781)) - Started o.e.j.s.ServletContextHandler@74d242b5{/logs,file:///workdir/hadoop-ozone/integration-test/target/log,AVAILABLE}
2019-07-30 15:11:20,337 INFO  handler.ContextHandler (ContextHandler.java:doStart(781)) - Started o.e.j.s.ServletContextHandler@3b2b9b96{/static,jar:file:/home/user/.m2/repository/org/apache/hadoop/hadoop-hdds-container-service/0.4.1-SNAPSHOT/hadoop-hdds-container-service-0.4.1-SNAPSHOT.jar!/webapps/static,AVAILABLE}
2019-07-30 15:11:20,363 INFO  handler.ContextHandler (ContextHandler.java:doStart(781)) - Started o.e.j.w.WebAppContext@11763e57{/,file:///tmp/jetty-0.0.0.0-42945-hddsDatanode-_-any-6029229169202747000.dir/webapp/,AVAILABLE}{/hddsDatanode}
2019-07-30 15:11:20,363 INFO  server.AbstractConnector (AbstractConnector.java:doStart(278)) - Started ServerConnector@27e688ad{HTTP/1.1,[http/1.1]}{0.0.0.0:42945}
2019-07-30 15:11:20,363 INFO  server.Server (Server.java:doStart(419)) - Started @661075ms
2019-07-30 15:11:20,365 INFO  server.BaseHttpServer (BaseHttpServer.java:updateConnectorAddress(207)) - HTTP server of HDDSDATANODE is listening at http://0.0.0.0:42945
2019-07-30 15:11:20,653 INFO  ozone.HddsDatanodeService (HddsDatanodeService.java:startPlugins(395)) - Started plug-in org.apache.hadoop.ozone.web.OzoneHddsDatanodeService@60df0131
2019-07-30 15:11:20,654 INFO  impl.MetricsSystemImpl (MetricsSystemImpl.java:init(158)) - HddsDatanode metrics system started (again)
2019-07-30 15:11:20,661 INFO  util.JvmPauseMonitor (JvmPauseMonitor.java:run(188)) - Starting JVM pause monitor
2019-07-30 15:11:20,661 INFO  ozone.HddsDatanodeService (HddsDatanodeService.java:start(184)) - HddsDatanodeService host:byscane-nightly-xg47r-921641087 ip:192.168.5.170
2019-07-30 15:11:20,662 INFO  datanode.InitDatanodeState (InitDatanodeState.java:persistContainerDatanodeDetails(140)) - DatanodeDetails is persisted to /workdir/hadoop-ozone/integration-test/target/test-dir/MiniOzoneClusterImpl-a7411b59-c253-4b32-b71c-4a3802367d93/datanode-5/meta/datanode.id
2019-07-30 15:11:20,675 INFO  volume.HddsVolume (HddsVolume.java:<init>(176)) - Creating Volume: /workdir/hadoop-ozone/integration-test/target/test-dir/MiniOzoneClusterImpl-a7411b59-c253-4b32-b71c-4a3802367d93/datanode-6/data/containers/hdds of  storage type : DISK and capacity : 52710309888
2019-07-30 15:11:20,676 INFO  volume.VolumeSet (VolumeSet.java:initializeVolumeSet(170)) - Added Volume : /workdir/hadoop-ozone/integration-test/target/test-dir/MiniOzoneClusterImpl-a7411b59-c253-4b32-b71c-4a3802367d93/datanode-6/data/containers/hdds to VolumeSet
2019-07-30 15:11:20,676 INFO  volume.ThrottledAsyncChecker (ThrottledAsyncChecker.java:schedule(140)) - Scheduling a check for org.apache.hadoop.ozone.container.common.volume.HddsVolume@3052ce36
2019-07-30 15:11:20,677 INFO  volume.HddsVolumeChecker (HddsVolumeChecker.java:checkAllVolumes(203)) - Scheduled health check for volume org.apache.hadoop.ozone.container.common.volume.HddsVolume@3052ce36
2019-07-30 15:11:20,697 INFO  impl.RaftServerProxy (ConfUtils.java:logGet(43)) - raft.rpc.type = GRPC (default)
2019-07-30 15:11:20,698 INFO  grpc.GrpcFactory (GrpcFactory.java:checkPooledByteBufAllocatorUseCacheForAllThreads(45)) - PERFORMANCE WARNING: useCacheForAllThreads is true that may cause Netty to create a lot garbage objects and, as a result, trigger GC.
	It is recommended to disable useCacheForAllThreads by setting -Dorg.apache.ratis.thirdparty.io.netty.allocator.useCacheForAllThreads=false in command line.
2019-07-30 15:11:20,698 INFO  grpc.GrpcConfigKeys$Server (ConfUtils.java:logGet(43)) - raft.grpc.server.port = 0 (default)
2019-07-30 15:11:20,698 INFO  server.GrpcService (ConfUtils.java:logGet(43)) - raft.grpc.message.size.max = 33570816 (custom)
2019-07-30 15:11:20,698 INFO  server.RaftServerConfigKeys (ConfUtils.java:logGet(43)) - raft.server.log.appender.buffer.byte-limit = 33554432 (custom)
2019-07-30 15:11:20,699 INFO  server.GrpcService (ConfUtils.java:logGet(43)) - raft.grpc.flow.control.window = 1MB (=1048576) (default)
2019-07-30 15:11:20,699 INFO  server.RaftServerConfigKeys (ConfUtils.java:logGet(43)) - raft.server.rpc.request.timeout = 3000ms (default)
2019-07-30 15:11:20,700 INFO  server.RaftServerConfigKeys (ConfUtils.java:logGet(43)) - raft.server.storage.dir = [/workdir/hadoop-ozone/integration-test/target/test-dir/MiniOzoneClusterImpl-a7411b59-c253-4b32-b71c-4a3802367d93/datanode-6/data/ratis] (custom)
2019-07-30 15:11:20,700 INFO  replication.SimpleContainerDownloader (SimpleContainerDownloader.java:<init>(72)) - Starting container downloader service to copy containers to replicate.
2019-07-30 15:11:20,702 INFO  hdfs.DFSUtil (DFSUtil.java:httpServerTemplateForNNAndJN(1641)) - Starting Web-server for hddsDatanode at: http://0.0.0.0:0
2019-07-30 15:11:20,704 INFO  server.AuthenticationFilter (AuthenticationFilter.java:constructSecretProvider(240)) - Unable to initialize FileSignerSecretProvider, falling back to use random secrets.
2019-07-30 15:11:20,704 WARN  http.HttpRequestLog (HttpRequestLog.java:getRequestLog(97)) - Jetty request log can only be enabled using Log4j
2019-07-30 15:11:20,706 INFO  http.HttpServer2 (HttpServer2.java:addGlobalFilter(975)) - Added global filter 'safety' (class=org.apache.hadoop.http.HttpServer2$QuotingInputFilter)
2019-07-30 15:11:20,707 INFO  http.HttpServer2 (HttpServer2.java:addFilter(948)) - Added filter static_user_filter (class=org.apache.hadoop.http.lib.StaticUserWebFilter$StaticUserFilter) to context hddsDatanode
2019-07-30 15:11:20,707 INFO  http.HttpServer2 (HttpServer2.java:addFilter(958)) - Added filter static_user_filter (class=org.apache.hadoop.http.lib.StaticUserWebFilter$StaticUserFilter) to context logs
2019-07-30 15:11:20,707 INFO  http.HttpServer2 (HttpServer2.java:addFilter(958)) - Added filter static_user_filter (class=org.apache.hadoop.http.lib.StaticUserWebFilter$StaticUserFilter) to context static
2019-07-30 15:11:20,708 INFO  http.HttpServer2 (HttpServer2.java:bindListener(1191)) - Jetty bound to port 45935
2019-07-30 15:11:20,708 INFO  server.Server (Server.java:doStart(351)) - jetty-9.3.24.v20180605, build timestamp: 2018-06-05T17:11:56Z, git hash: 84205aa28f11a4f31f2a3b86d1bba2cc8ab69827
2019-07-30 15:11:20,710 INFO  handler.ContextHandler (ContextHandler.java:doStart(781)) - Started o.e.j.s.ServletContextHandler@5ad98e6f{/logs,file:///workdir/hadoop-ozone/integration-test/target/log,AVAILABLE}
2019-07-30 15:11:20,711 INFO  handler.ContextHandler (ContextHandler.java:doStart(781)) - Started o.e.j.s.ServletContextHandler@77422a9f{/static,jar:file:/home/user/.m2/repository/org/apache/hadoop/hadoop-hdds-container-service/0.4.1-SNAPSHOT/hadoop-hdds-container-service-0.4.1-SNAPSHOT.jar!/webapps/static,AVAILABLE}
2019-07-30 15:11:20,747 INFO  handler.ContextHandler (ContextHandler.java:doStart(781)) - Started o.e.j.w.WebAppContext@3468faa5{/,file:///tmp/jetty-0.0.0.0-45935-hddsDatanode-_-any-2494786735089179573.dir/webapp/,AVAILABLE}{/hddsDatanode}
2019-07-30 15:11:20,747 INFO  server.AbstractConnector (AbstractConnector.java:doStart(278)) - Started ServerConnector@7308c29a{HTTP/1.1,[http/1.1]}{0.0.0.0:45935}
2019-07-30 15:11:20,749 INFO  server.Server (Server.java:doStart(419)) - Started @661459ms
2019-07-30 15:11:20,750 INFO  server.BaseHttpServer (BaseHttpServer.java:updateConnectorAddress(207)) - HTTP server of HDDSDATANODE is listening at http://0.0.0.0:45935
2019-07-30 15:11:20,879 INFO  ozone.HddsDatanodeService (HddsDatanodeService.java:startPlugins(395)) - Started plug-in org.apache.hadoop.ozone.web.OzoneHddsDatanodeService@56297b5f
2019-07-30 15:11:20,879 INFO  ozone.MiniOzoneClusterImpl (MiniOzoneClusterImpl.java:lambda$waitForClusterToBeReady$0(142)) - Waiting for cluster to be ready. Got 0 of 7 DN Heartbeats.
2019-07-30 15:11:20,881 INFO  util.JvmPauseMonitor (JvmPauseMonitor.java:run(188)) - Starting JVM pause monitor
2019-07-30 15:11:20,882 INFO  datanode.InitDatanodeState (InitDatanodeState.java:persistContainerDatanodeDetails(140)) - DatanodeDetails is persisted to /workdir/hadoop-ozone/integration-test/target/test-dir/MiniOzoneClusterImpl-a7411b59-c253-4b32-b71c-4a3802367d93/datanode-6/meta/datanode.id
2019-07-30 15:11:21,589 INFO  ozoneimpl.OzoneContainer (OzoneContainer.java:start(186)) - Attempting to start container services.
2019-07-30 15:11:21,589 INFO  ozoneimpl.OzoneContainer (OzoneContainer.java:startContainerScrub(160)) - Background container scrubber has been disabled by hdds.containerscrub.enabled
2019-07-30 15:11:21,589 INFO  ratis.XceiverServerRatis (XceiverServerRatis.java:start(404)) - Starting XceiverServerRatis 94f9f387-1fd0-4244-9860-0e1bff5de2ff at port 0
2019-07-30 15:11:21,595 INFO  impl.RaftServerProxy (RaftServerProxy.java:lambda$start$3(299)) - 94f9f387-1fd0-4244-9860-0e1bff5de2ff: start RPC server
2019-07-30 15:11:21,596 INFO  server.GrpcService (GrpcService.java:startImpl(149)) - 94f9f387-1fd0-4244-9860-0e1bff5de2ff: GrpcService started, listening on 0.0.0.0/0.0.0.0:34075
2019-07-30 15:11:21,596 INFO  ratis.XceiverServerRatis (XceiverServerRatis.java:start(414)) - XceiverServerRatis 94f9f387-1fd0-4244-9860-0e1bff5de2ff is started using port 34075
2019-07-30 15:11:21,596 INFO  server.XceiverServerGrpc (XceiverServerGrpc.java:start(161)) - XceiverServerGrpc 94f9f387-1fd0-4244-9860-0e1bff5de2ff is started using port 35538
2019-07-30 15:11:21,759 INFO  ozoneimpl.OzoneContainer (OzoneContainer.java:start(186)) - Attempting to start container services.
2019-07-30 15:11:21,759 INFO  ozoneimpl.OzoneContainer (OzoneContainer.java:startContainerScrub(160)) - Background container scrubber has been disabled by hdds.containerscrub.enabled
2019-07-30 15:11:21,760 INFO  ratis.XceiverServerRatis (XceiverServerRatis.java:start(404)) - Starting XceiverServerRatis 803a907b-1436-41a2-8a4e-eef36fdef27c at port 0
2019-07-30 15:11:21,768 INFO  impl.RaftServerProxy (RaftServerProxy.java:lambda$start$3(299)) - 803a907b-1436-41a2-8a4e-eef36fdef27c: start RPC server
2019-07-30 15:11:21,776 INFO  server.GrpcService (GrpcService.java:startImpl(149)) - 803a907b-1436-41a2-8a4e-eef36fdef27c: GrpcService started, listening on 0.0.0.0/0.0.0.0:34948
2019-07-30 15:11:21,776 INFO  ratis.XceiverServerRatis (XceiverServerRatis.java:start(414)) - XceiverServerRatis 803a907b-1436-41a2-8a4e-eef36fdef27c is started using port 34948
2019-07-30 15:11:21,777 INFO  server.XceiverServerGrpc (XceiverServerGrpc.java:start(161)) - XceiverServerGrpc 803a907b-1436-41a2-8a4e-eef36fdef27c is started using port 43435
2019-07-30 15:11:21,880 INFO  ozone.MiniOzoneClusterImpl (MiniOzoneClusterImpl.java:lambda$waitForClusterToBeReady$0(142)) - Waiting for cluster to be ready. Got 0 of 7 DN Heartbeats.
2019-07-30 15:11:21,948 INFO  ozoneimpl.OzoneContainer (OzoneContainer.java:start(186)) - Attempting to start container services.
2019-07-30 15:11:21,948 INFO  ozoneimpl.OzoneContainer (OzoneContainer.java:startContainerScrub(160)) - Background container scrubber has been disabled by hdds.containerscrub.enabled
2019-07-30 15:11:21,948 INFO  ratis.XceiverServerRatis (XceiverServerRatis.java:start(404)) - Starting XceiverServerRatis d14613f8-d093-437c-8526-da547fa8e3f6 at port 0
2019-07-30 15:11:21,956 INFO  impl.RaftServerProxy (RaftServerProxy.java:lambda$start$3(299)) - d14613f8-d093-437c-8526-da547fa8e3f6: start RPC server
2019-07-30 15:11:21,957 INFO  server.GrpcService (GrpcService.java:startImpl(149)) - d14613f8-d093-437c-8526-da547fa8e3f6: GrpcService started, listening on 0.0.0.0/0.0.0.0:42411
2019-07-30 15:11:21,957 INFO  ratis.XceiverServerRatis (XceiverServerRatis.java:start(414)) - XceiverServerRatis d14613f8-d093-437c-8526-da547fa8e3f6 is started using port 42411
2019-07-30 15:11:21,957 INFO  server.XceiverServerGrpc (XceiverServerGrpc.java:start(161)) - XceiverServerGrpc d14613f8-d093-437c-8526-da547fa8e3f6 is started using port 34416
2019-07-30 15:11:22,141 INFO  ozoneimpl.OzoneContainer (OzoneContainer.java:start(186)) - Attempting to start container services.
2019-07-30 15:11:22,141 INFO  ozoneimpl.OzoneContainer (OzoneContainer.java:startContainerScrub(160)) - Background container scrubber has been disabled by hdds.containerscrub.enabled
2019-07-30 15:11:22,141 INFO  ratis.XceiverServerRatis (XceiverServerRatis.java:start(404)) - Starting XceiverServerRatis 75a520fe-665b-49fe-9a72-197f3048aa8d at port 0
2019-07-30 15:11:22,150 INFO  impl.RaftServerProxy (RaftServerProxy.java:lambda$start$3(299)) - 75a520fe-665b-49fe-9a72-197f3048aa8d: start RPC server
2019-07-30 15:11:22,150 INFO  server.GrpcService (GrpcService.java:startImpl(149)) - 75a520fe-665b-49fe-9a72-197f3048aa8d: GrpcService started, listening on 0.0.0.0/0.0.0.0:44342
2019-07-30 15:11:22,151 INFO  ratis.XceiverServerRatis (XceiverServerRatis.java:start(414)) - XceiverServerRatis 75a520fe-665b-49fe-9a72-197f3048aa8d is started using port 44342
2019-07-30 15:11:22,151 INFO  server.XceiverServerGrpc (XceiverServerGrpc.java:start(161)) - XceiverServerGrpc 75a520fe-665b-49fe-9a72-197f3048aa8d is started using port 45353
2019-07-30 15:11:22,314 INFO  ozoneimpl.OzoneContainer (OzoneContainer.java:start(186)) - Attempting to start container services.
2019-07-30 15:11:22,314 INFO  ozoneimpl.OzoneContainer (OzoneContainer.java:startContainerScrub(160)) - Background container scrubber has been disabled by hdds.containerscrub.enabled
2019-07-30 15:11:22,314 INFO  ratis.XceiverServerRatis (XceiverServerRatis.java:start(404)) - Starting XceiverServerRatis dcff06cd-ae6d-4ae0-92d5-910e4a8ab9be at port 0
2019-07-30 15:11:22,323 INFO  impl.RaftServerProxy (RaftServerProxy.java:lambda$start$3(299)) - dcff06cd-ae6d-4ae0-92d5-910e4a8ab9be: start RPC server
2019-07-30 15:11:22,324 INFO  server.GrpcService (GrpcService.java:startImpl(149)) - dcff06cd-ae6d-4ae0-92d5-910e4a8ab9be: GrpcService started, listening on 0.0.0.0/0.0.0.0:44230
2019-07-30 15:11:22,324 INFO  ratis.XceiverServerRatis (XceiverServerRatis.java:start(414)) - XceiverServerRatis dcff06cd-ae6d-4ae0-92d5-910e4a8ab9be is started using port 44230
2019-07-30 15:11:22,324 INFO  server.XceiverServerGrpc (XceiverServerGrpc.java:start(161)) - XceiverServerGrpc dcff06cd-ae6d-4ae0-92d5-910e4a8ab9be is started using port 36550
2019-07-30 15:11:22,686 INFO  ozoneimpl.OzoneContainer (OzoneContainer.java:start(186)) - Attempting to start container services.
2019-07-30 15:11:22,686 INFO  ozoneimpl.OzoneContainer (OzoneContainer.java:startContainerScrub(160)) - Background container scrubber has been disabled by hdds.containerscrub.enabled
2019-07-30 15:11:22,686 INFO  ratis.XceiverServerRatis (XceiverServerRatis.java:start(404)) - Starting XceiverServerRatis 0485825d-d380-4417-8394-96c5056d47e9 at port 0
2019-07-30 15:11:22,695 INFO  impl.RaftServerProxy (RaftServerProxy.java:lambda$start$3(299)) - 0485825d-d380-4417-8394-96c5056d47e9: start RPC server
2019-07-30 15:11:22,699 INFO  server.GrpcService (GrpcService.java:startImpl(149)) - 0485825d-d380-4417-8394-96c5056d47e9: GrpcService started, listening on 0.0.0.0/0.0.0.0:41894
2019-07-30 15:11:22,699 INFO  ratis.XceiverServerRatis (XceiverServerRatis.java:start(414)) - XceiverServerRatis 0485825d-d380-4417-8394-96c5056d47e9 is started using port 41894
2019-07-30 15:11:22,699 INFO  server.XceiverServerGrpc (XceiverServerGrpc.java:start(161)) - XceiverServerGrpc 0485825d-d380-4417-8394-96c5056d47e9 is started using port 41033
2019-07-30 15:11:22,880 INFO  ozone.MiniOzoneClusterImpl (MiniOzoneClusterImpl.java:lambda$waitForClusterToBeReady$0(142)) - Waiting for cluster to be ready. Got 0 of 7 DN Heartbeats.
2019-07-30 15:11:22,907 INFO  ozoneimpl.OzoneContainer (OzoneContainer.java:start(186)) - Attempting to start container services.
2019-07-30 15:11:22,907 INFO  ozoneimpl.OzoneContainer (OzoneContainer.java:startContainerScrub(160)) - Background container scrubber has been disabled by hdds.containerscrub.enabled
2019-07-30 15:11:22,907 INFO  ratis.XceiverServerRatis (XceiverServerRatis.java:start(404)) - Starting XceiverServerRatis c12632d0-2dcb-49b0-a4cc-89ffab2550ae at port 0
2019-07-30 15:11:22,915 INFO  impl.RaftServerProxy (RaftServerProxy.java:lambda$start$3(299)) - c12632d0-2dcb-49b0-a4cc-89ffab2550ae: start RPC server
2019-07-30 15:11:22,916 INFO  server.GrpcService (GrpcService.java:startImpl(149)) - c12632d0-2dcb-49b0-a4cc-89ffab2550ae: GrpcService started, listening on 0.0.0.0/0.0.0.0:45992
2019-07-30 15:11:22,916 INFO  ratis.XceiverServerRatis (XceiverServerRatis.java:start(414)) - XceiverServerRatis c12632d0-2dcb-49b0-a4cc-89ffab2550ae is started using port 45992
2019-07-30 15:11:22,916 INFO  server.XceiverServerGrpc (XceiverServerGrpc.java:start(161)) - XceiverServerGrpc c12632d0-2dcb-49b0-a4cc-89ffab2550ae is started using port 46696
2019-07-30 15:11:23,584 INFO  net.NetworkTopology (NetworkTopologyImpl.java:add(110)) - Added a new node: /default-rack/94f9f387-1fd0-4244-9860-0e1bff5de2ff
2019-07-30 15:11:23,587 INFO  node.SCMNodeManager (SCMNodeManager.java:register(273)) - Registered Data node : 94f9f387-1fd0-4244-9860-0e1bff5de2ff{ip: 192.168.5.170, host: byscane-nightly-xg47r-921641087, networkLocation: /default-rack, certSerialId: null}
2019-07-30 15:11:23,588 INFO  safemode.SCMSafeModeManager (DataNodeSafeModeRule.java:process(71)) - SCM in safe mode. 1 DataNodes registered, 1 required.
2019-07-30 15:11:23,591 INFO  safemode.SCMSafeModeManager (SCMSafeModeManager.java:validateSafeModeExitRules(177)) - ScmSafeModeManager, all rules are successfully validated
2019-07-30 15:11:23,591 INFO  safemode.SCMSafeModeManager (SCMSafeModeManager.java:exitSafeMode(193)) - SCM exiting safe mode.
2019-07-30 15:11:23,604 INFO  impl.RaftServerProxy (RaftServerProxy.java:addNew(89)) - 94f9f387-1fd0-4244-9860-0e1bff5de2ff: addNew group-E239172CB5CE:[94f9f387-1fd0-4244-9860-0e1bff5de2ff:192.168.5.170:34075] returns group-E239172CB5CE:java.util.concurrent.CompletableFuture@612456ef[Not completed]
2019-07-30 15:11:23,605 INFO  impl.RaftServerImpl (RaftServerImpl.java:<init>(93)) - 94f9f387-1fd0-4244-9860-0e1bff5de2ff: new RaftServerImpl for group-E239172CB5CE:[94f9f387-1fd0-4244-9860-0e1bff5de2ff:192.168.5.170:34075] with ContainerStateMachine:uninitialized
2019-07-30 15:11:23,605 INFO  server.RaftServerConfigKeys (ConfUtils.java:logGet(43)) - raft.server.rpc.timeout.min = 5s (custom)
2019-07-30 15:11:23,605 INFO  server.RaftServerConfigKeys (ConfUtils.java:logGet(43)) - raft.server.rpc.timeout.max = 5200ms (custom)
2019-07-30 15:11:23,605 INFO  server.RaftServerConfigKeys (ConfUtils.java:logGet(43)) - raft.server.rpcslowness.timeout = 120s (custom)
2019-07-30 15:11:23,605 INFO  server.RaftServerConfigKeys (ConfUtils.java:logGet(43)) - raft.server.sleep.deviation.threshold = 300 (default)
2019-07-30 15:11:23,605 INFO  server.RaftServerConfigKeys (ConfUtils.java:logGet(43)) - raft.server.log.appender.install.snapshot.enabled = false (custom)
2019-07-30 15:11:23,606 INFO  impl.RaftServerImpl (ServerState.java:<init>(105)) - 94f9f387-1fd0-4244-9860-0e1bff5de2ff:group-E239172CB5CE ConfigurationManager, init=-1: [94f9f387-1fd0-4244-9860-0e1bff5de2ff:192.168.5.170:34075], old=null, confs=<EMPTY_MAP>
2019-07-30 15:11:23,606 INFO  server.RaftServerConfigKeys (ConfUtils.java:logGet(43)) - raft.server.storage.dir = [/workdir/hadoop-ozone/integration-test/target/test-dir/MiniOzoneClusterImpl-a7411b59-c253-4b32-b71c-4a3802367d93/datanode-0/data/ratis] (custom)
2019-07-30 15:11:23,606 INFO  storage.RaftStorageDirectory (RaftStorageDirectory.java:analyzeStorage(246)) - The storage directory /workdir/hadoop-ozone/integration-test/target/test-dir/MiniOzoneClusterImpl-a7411b59-c253-4b32-b71c-4a3802367d93/datanode-0/data/ratis/22aab5c6-aa95-4c17-90dd-e239172cb5ce does not exist. Creating ...
2019-07-30 15:11:23,613 INFO  storage.RaftStorageDirectory (RaftStorageDirectory.java:tryLock(328)) - Lock on /workdir/hadoop-ozone/integration-test/target/test-dir/MiniOzoneClusterImpl-a7411b59-c253-4b32-b71c-4a3802367d93/datanode-0/data/ratis/22aab5c6-aa95-4c17-90dd-e239172cb5ce/in_use.lock acquired by nodename 32735@byscane-nightly-xg47r-921641087
2019-07-30 15:11:23,625 INFO  storage.RaftStorage (RaftStorage.java:format(72)) - Storage directory /workdir/hadoop-ozone/integration-test/target/test-dir/MiniOzoneClusterImpl-a7411b59-c253-4b32-b71c-4a3802367d93/datanode-0/data/ratis/22aab5c6-aa95-4c17-90dd-e239172cb5ce has been successfully formatted.
2019-07-30 15:11:23,625 INFO  ratis.ContainerStateMachine (ContainerStateMachine.java:loadSnapshot(213)) - group-E239172CB5CE: The snapshot info is null. Setting the last applied indexto:(t:0, i:~)
2019-07-30 15:11:23,625 INFO  server.RaftServerConfigKeys (ConfUtils.java:logGet(43)) - raft.server.leader.election.timeout = 120s (custom)
2019-07-30 15:11:23,626 INFO  server.RaftServerConfigKeys (ConfUtils.java:logGet(43)) - raft.server.log.use.memory = false (default)
2019-07-30 15:11:23,626 INFO  server.RaftServerConfigKeys (ConfUtils.java:logGet(43)) - raft.server.log.purge.gap = 1000000000 (custom)
2019-07-30 15:11:23,626 INFO  server.RaftServerConfigKeys (ConfUtils.java:logGet(43)) - raft.server.log.appender.buffer.byte-limit = 33554432 (custom)
2019-07-30 15:11:23,626 INFO  server.RaftServerConfigKeys (ConfUtils.java:logGet(43)) - raft.server.log.segment.size.max = 1048576 (custom)
2019-07-30 15:11:23,626 INFO  server.RaftServerConfigKeys (ConfUtils.java:logGet(43)) - raft.server.log.segment.cache.num.max = 2 (custom)
2019-07-30 15:11:23,626 INFO  segmented.SegmentedRaftLogWorker (SegmentedRaftLogWorker.java:<init>(172)) - new 94f9f387-1fd0-4244-9860-0e1bff5de2ff-SegmentedRaftLogWorker:Storage Directory /workdir/hadoop-ozone/integration-test/target/test-dir/MiniOzoneClusterImpl-a7411b59-c253-4b32-b71c-4a3802367d93/datanode-0/data/ratis/22aab5c6-aa95-4c17-90dd-e239172cb5ce for RaftStorage:Storage Directory /workdir/hadoop-ozone/integration-test/target/test-dir/MiniOzoneClusterImpl-a7411b59-c253-4b32-b71c-4a3802367d93/datanode-0/data/ratis/22aab5c6-aa95-4c17-90dd-e239172cb5ce
2019-07-30 15:11:23,627 INFO  server.RaftServerConfigKeys (ConfUtils.java:logGet(43)) - raft.server.log.queue.byte-limit = 2147483647 (custom)
2019-07-30 15:11:23,627 INFO  server.RaftServerConfigKeys (ConfUtils.java:logGet(43)) - raft.server.log.queue.element-limit = 1024 (custom)
2019-07-30 15:11:23,627 INFO  server.RaftServerConfigKeys (ConfUtils.java:logGet(43)) - raft.server.log.segment.size.max = 1048576 (custom)
2019-07-30 15:11:23,627 INFO  server.RaftServerConfigKeys (ConfUtils.java:logGet(43)) - raft.server.log.preallocated.size = 16384 (custom)
2019-07-30 15:11:23,627 INFO  server.RaftServerConfigKeys (ConfUtils.java:logGet(43)) - raft.server.log.write.buffer.size = 33554432 (custom)
2019-07-30 15:11:23,628 INFO  server.RaftServerConfigKeys (ConfUtils.java:logGet(43)) - raft.server.log.force.sync.num = 128 (default)
2019-07-30 15:11:23,628 INFO  server.RaftServerConfigKeys (ConfUtils.java:logGet(43)) - raft.server.log.statemachine.data.sync = true (default)
2019-07-30 15:11:23,628 INFO  server.RaftServerConfigKeys (ConfUtils.java:logGet(43)) - raft.server.log.statemachine.data.sync.timeout = 10s (default)
2019-07-30 15:11:23,628 INFO  server.RaftServerConfigKeys (ConfUtils.java:logGet(43)) - raft.server.log.statemachine.data.sync.timeout.retry = -1 (default)
2019-07-30 15:11:23,628 INFO  server.RaftServerConfigKeys (ConfUtils.java:logGet(43)) - raft.server.log.statemachine.data.caching.enabled = true (custom)
2019-07-30 15:11:23,629 INFO  segmented.SegmentedRaftLogWorker (SegmentedRaftLogWorker.java:lambda$new$0(132)) - 94f9f387-1fd0-4244-9860-0e1bff5de2ff-SegmentedRaftLogWorker:Storage Directory /workdir/hadoop-ozone/integration-test/target/test-dir/MiniOzoneClusterImpl-a7411b59-c253-4b32-b71c-4a3802367d93/datanode-0/data/ratis/22aab5c6-aa95-4c17-90dd-e239172cb5ce: flushIndex: setUnconditionally 0 -> -1
2019-07-30 15:11:23,629 INFO  server.RaftServerConfigKeys (ConfUtils.java:logGet(43)) - raft.server.snapshot.auto.trigger.enabled = true (custom)
2019-07-30 15:11:23,629 INFO  server.RaftServerConfigKeys (ConfUtils.java:logGet(43)) - raft.server.snapshot.auto.trigger.threshold = 10000 (custom)
2019-07-30 15:11:23,630 INFO  server.RaftServerConfigKeys (ConfUtils.java:logGet(43)) - raft.server.retrycache.expirytime = 600000ms (custom)
2019-07-30 15:11:23,630 INFO  impl.RaftServerImpl (RaftServerImpl.java:start(180)) - 94f9f387-1fd0-4244-9860-0e1bff5de2ff: start group-E239172CB5CE
2019-07-30 15:11:23,630 INFO  impl.RaftServerImpl (RaftServerImpl.java:setRole(171)) - 94f9f387-1fd0-4244-9860-0e1bff5de2ff:group-E239172CB5CE changes role from null to FOLLOWER at term 0 for startAsFollower
2019-07-30 15:11:23,630 INFO  impl.RoleInfo (RoleInfo.java:updateAndGet(143)) - 94f9f387-1fd0-4244-9860-0e1bff5de2ff: start FollowerState
2019-07-30 15:11:23,631 INFO  util.JmxRegister (JmxRegister.java:tryRegister(44)) - Successfully registered JMX Bean with object name Ratis:service=RaftServer,group=group-E239172CB5CE,id=94f9f387-1fd0-4244-9860-0e1bff5de2ff
2019-07-30 15:11:23,634 INFO  pipeline.PipelineStateManager (PipelineStateManager.java:addPipeline(56)) - Created pipeline Pipeline[ Id: 22aab5c6-aa95-4c17-90dd-e239172cb5ce, Nodes: 94f9f387-1fd0-4244-9860-0e1bff5de2ff{ip: 192.168.5.170, host: byscane-nightly-xg47r-921641087, networkLocation: /default-rack, certSerialId: null}, Type:RATIS, Factor:ONE, State:OPEN]
2019-07-30 15:11:23,746 INFO  net.NetworkTopology (NetworkTopologyImpl.java:add(110)) - Added a new node: /default-rack/803a907b-1436-41a2-8a4e-eef36fdef27c
2019-07-30 15:11:23,746 INFO  node.SCMNodeManager (SCMNodeManager.java:register(273)) - Registered Data node : 803a907b-1436-41a2-8a4e-eef36fdef27c{ip: 192.168.5.170, host: byscane-nightly-xg47r-921641087, networkLocation: /default-rack, certSerialId: null}
2019-07-30 15:11:23,765 INFO  impl.RaftServerProxy (RaftServerProxy.java:addNew(89)) - 803a907b-1436-41a2-8a4e-eef36fdef27c: addNew group-C778543E4064:[803a907b-1436-41a2-8a4e-eef36fdef27c:192.168.5.170:34948] returns group-C778543E4064:java.util.concurrent.CompletableFuture@3c9b09c6[Not completed]
2019-07-30 15:11:23,766 INFO  impl.RaftServerImpl (RaftServerImpl.java:<init>(93)) - 803a907b-1436-41a2-8a4e-eef36fdef27c: new RaftServerImpl for group-C778543E4064:[803a907b-1436-41a2-8a4e-eef36fdef27c:192.168.5.170:34948] with ContainerStateMachine:uninitialized
2019-07-30 15:11:23,766 INFO  server.RaftServerConfigKeys (ConfUtils.java:logGet(43)) - raft.server.rpc.timeout.min = 5s (custom)
2019-07-30 15:11:23,766 INFO  server.RaftServerConfigKeys (ConfUtils.java:logGet(43)) - raft.server.rpc.timeout.max = 5200ms (custom)
2019-07-30 15:11:23,766 INFO  server.RaftServerConfigKeys (ConfUtils.java:logGet(43)) - raft.server.rpcslowness.timeout = 120s (custom)
2019-07-30 15:11:23,767 INFO  server.RaftServerConfigKeys (ConfUtils.java:logGet(43)) - raft.server.sleep.deviation.threshold = 300 (default)
2019-07-30 15:11:23,767 INFO  server.RaftServerConfigKeys (ConfUtils.java:logGet(43)) - raft.server.log.appender.install.snapshot.enabled = false (custom)
2019-07-30 15:11:23,767 INFO  impl.RaftServerImpl (ServerState.java:<init>(105)) - 803a907b-1436-41a2-8a4e-eef36fdef27c:group-C778543E4064 ConfigurationManager, init=-1: [803a907b-1436-41a2-8a4e-eef36fdef27c:192.168.5.170:34948], old=null, confs=<EMPTY_MAP>
2019-07-30 15:11:23,767 INFO  server.RaftServerConfigKeys (ConfUtils.java:logGet(43)) - raft.server.storage.dir = [/workdir/hadoop-ozone/integration-test/target/test-dir/MiniOzoneClusterImpl-a7411b59-c253-4b32-b71c-4a3802367d93/datanode-1/data/ratis] (custom)
2019-07-30 15:11:23,767 INFO  storage.RaftStorageDirectory (RaftStorageDirectory.java:analyzeStorage(246)) - The storage directory /workdir/hadoop-ozone/integration-test/target/test-dir/MiniOzoneClusterImpl-a7411b59-c253-4b32-b71c-4a3802367d93/datanode-1/data/ratis/69efa346-4542-4cb4-a525-c778543e4064 does not exist. Creating ...
2019-07-30 15:11:23,779 INFO  storage.RaftStorageDirectory (RaftStorageDirectory.java:tryLock(328)) - Lock on /workdir/hadoop-ozone/integration-test/target/test-dir/MiniOzoneClusterImpl-a7411b59-c253-4b32-b71c-4a3802367d93/datanode-1/data/ratis/69efa346-4542-4cb4-a525-c778543e4064/in_use.lock acquired by nodename 32735@byscane-nightly-xg47r-921641087
2019-07-30 15:11:23,791 INFO  storage.RaftStorage (RaftStorage.java:format(72)) - Storage directory /workdir/hadoop-ozone/integration-test/target/test-dir/MiniOzoneClusterImpl-a7411b59-c253-4b32-b71c-4a3802367d93/datanode-1/data/ratis/69efa346-4542-4cb4-a525-c778543e4064 has been successfully formatted.
2019-07-30 15:11:23,791 INFO  ratis.ContainerStateMachine (ContainerStateMachine.java:loadSnapshot(213)) - group-C778543E4064: The snapshot info is null. Setting the last applied indexto:(t:0, i:~)
2019-07-30 15:11:23,791 INFO  server.RaftServerConfigKeys (ConfUtils.java:logGet(43)) - raft.server.leader.election.timeout = 120s (custom)
2019-07-30 15:11:23,791 INFO  server.RaftServerConfigKeys (ConfUtils.java:logGet(43)) - raft.server.log.use.memory = false (default)
2019-07-30 15:11:23,791 INFO  server.RaftServerConfigKeys (ConfUtils.java:logGet(43)) - raft.server.log.purge.gap = 1000000000 (custom)
2019-07-30 15:11:23,791 INFO  server.RaftServerConfigKeys (ConfUtils.java:logGet(43)) - raft.server.log.appender.buffer.byte-limit = 33554432 (custom)
2019-07-30 15:11:23,792 INFO  server.RaftServerConfigKeys (ConfUtils.java:logGet(43)) - raft.server.log.segment.size.max = 1048576 (custom)
2019-07-30 15:11:23,792 INFO  server.RaftServerConfigKeys (ConfUtils.java:logGet(43)) - raft.server.log.segment.cache.num.max = 2 (custom)
2019-07-30 15:11:23,792 INFO  segmented.SegmentedRaftLogWorker (SegmentedRaftLogWorker.java:<init>(172)) - new 803a907b-1436-41a2-8a4e-eef36fdef27c-SegmentedRaftLogWorker:Storage Directory /workdir/hadoop-ozone/integration-test/target/test-dir/MiniOzoneClusterImpl-a7411b59-c253-4b32-b71c-4a3802367d93/datanode-1/data/ratis/69efa346-4542-4cb4-a525-c778543e4064 for RaftStorage:Storage Directory /workdir/hadoop-ozone/integration-test/target/test-dir/MiniOzoneClusterImpl-a7411b59-c253-4b32-b71c-4a3802367d93/datanode-1/data/ratis/69efa346-4542-4cb4-a525-c778543e4064
2019-07-30 15:11:23,792 INFO  server.RaftServerConfigKeys (ConfUtils.java:logGet(43)) - raft.server.log.queue.byte-limit = 2147483647 (custom)
2019-07-30 15:11:23,792 INFO  server.RaftServerConfigKeys (ConfUtils.java:logGet(43)) - raft.server.log.queue.element-limit = 1024 (custom)
2019-07-30 15:11:23,792 INFO  server.RaftServerConfigKeys (ConfUtils.java:logGet(43)) - raft.server.log.segment.size.max = 1048576 (custom)
2019-07-30 15:11:23,793 INFO  server.RaftServerConfigKeys (ConfUtils.java:logGet(43)) - raft.server.log.preallocated.size = 16384 (custom)
2019-07-30 15:11:23,793 INFO  server.RaftServerConfigKeys (ConfUtils.java:logGet(43)) - raft.server.log.write.buffer.size = 33554432 (custom)
2019-07-30 15:11:23,793 INFO  server.RaftServerConfigKeys (ConfUtils.java:logGet(43)) - raft.server.log.force.sync.num = 128 (default)
2019-07-30 15:11:23,793 INFO  server.RaftServerConfigKeys (ConfUtils.java:logGet(43)) - raft.server.log.statemachine.data.sync = true (default)
2019-07-30 15:11:23,793 INFO  server.RaftServerConfigKeys (ConfUtils.java:logGet(43)) - raft.server.log.statemachine.data.sync.timeout = 10s (default)
2019-07-30 15:11:23,793 INFO  server.RaftServerConfigKeys (ConfUtils.java:logGet(43)) - raft.server.log.statemachine.data.sync.timeout.retry = -1 (default)
2019-07-30 15:11:23,794 INFO  server.RaftServerConfigKeys (ConfUtils.java:logGet(43)) - raft.server.log.statemachine.data.caching.enabled = true (custom)
2019-07-30 15:11:23,794 INFO  segmented.SegmentedRaftLogWorker (SegmentedRaftLogWorker.java:lambda$new$0(132)) - 803a907b-1436-41a2-8a4e-eef36fdef27c-SegmentedRaftLogWorker:Storage Directory /workdir/hadoop-ozone/integration-test/target/test-dir/MiniOzoneClusterImpl-a7411b59-c253-4b32-b71c-4a3802367d93/datanode-1/data/ratis/69efa346-4542-4cb4-a525-c778543e4064: flushIndex: setUnconditionally 0 -> -1
2019-07-30 15:11:23,794 INFO  server.RaftServerConfigKeys (ConfUtils.java:logGet(43)) - raft.server.snapshot.auto.trigger.enabled = true (custom)
2019-07-30 15:11:23,794 INFO  server.RaftServerConfigKeys (ConfUtils.java:logGet(43)) - raft.server.snapshot.auto.trigger.threshold = 10000 (custom)
2019-07-30 15:11:23,795 INFO  server.RaftServerConfigKeys (ConfUtils.java:logGet(43)) - raft.server.retrycache.expirytime = 600000ms (custom)
2019-07-30 15:11:23,795 INFO  impl.RaftServerImpl (RaftServerImpl.java:start(180)) - 803a907b-1436-41a2-8a4e-eef36fdef27c: start group-C778543E4064
2019-07-30 15:11:23,795 INFO  impl.RaftServerImpl (RaftServerImpl.java:setRole(171)) - 803a907b-1436-41a2-8a4e-eef36fdef27c:group-C778543E4064 changes role from null to FOLLOWER at term 0 for startAsFollower
2019-07-30 15:11:23,795 INFO  impl.RoleInfo (RoleInfo.java:updateAndGet(143)) - 803a907b-1436-41a2-8a4e-eef36fdef27c: start FollowerState
2019-07-30 15:11:23,796 INFO  util.JmxRegister (JmxRegister.java:tryRegister(44)) - Successfully registered JMX Bean with object name Ratis:service=RaftServer,group=group-C778543E4064,id=803a907b-1436-41a2-8a4e-eef36fdef27c
2019-07-30 15:11:23,797 INFO  pipeline.PipelineStateManager (PipelineStateManager.java:addPipeline(56)) - Created pipeline Pipeline[ Id: 69efa346-4542-4cb4-a525-c778543e4064, Nodes: 803a907b-1436-41a2-8a4e-eef36fdef27c{ip: 192.168.5.170, host: byscane-nightly-xg47r-921641087, networkLocation: /default-rack, certSerialId: null}, Type:RATIS, Factor:ONE, State:OPEN]
2019-07-30 15:11:23,881 INFO  ozone.MiniOzoneClusterImpl (MiniOzoneClusterImpl.java:lambda$waitForClusterToBeReady$0(142)) - Waiting for cluster to be ready. Got 2 of 7 DN Heartbeats.
2019-07-30 15:11:23,943 INFO  net.NetworkTopology (NetworkTopologyImpl.java:add(110)) - Added a new node: /default-rack/d14613f8-d093-437c-8526-da547fa8e3f6
2019-07-30 15:11:23,943 INFO  node.SCMNodeManager (SCMNodeManager.java:register(273)) - Registered Data node : d14613f8-d093-437c-8526-da547fa8e3f6{ip: 192.168.5.170, host: byscane-nightly-xg47r-921641087, networkLocation: /default-rack, certSerialId: null}
2019-07-30 15:11:23,950 INFO  impl.RaftServerProxy (RaftServerProxy.java:addNew(89)) - d14613f8-d093-437c-8526-da547fa8e3f6: addNew group-B9DD15632CC0:[d14613f8-d093-437c-8526-da547fa8e3f6:192.168.5.170:42411] returns group-B9DD15632CC0:java.util.concurrent.CompletableFuture@44ada6cb[Not completed]
2019-07-30 15:11:23,951 INFO  impl.RaftServerImpl (RaftServerImpl.java:<init>(93)) - d14613f8-d093-437c-8526-da547fa8e3f6: new RaftServerImpl for group-B9DD15632CC0:[d14613f8-d093-437c-8526-da547fa8e3f6:192.168.5.170:42411] with ContainerStateMachine:uninitialized
2019-07-30 15:11:23,951 INFO  server.RaftServerConfigKeys (ConfUtils.java:logGet(43)) - raft.server.rpc.timeout.min = 5s (custom)
2019-07-30 15:11:23,951 INFO  server.RaftServerConfigKeys (ConfUtils.java:logGet(43)) - raft.server.rpc.timeout.max = 5200ms (custom)
2019-07-30 15:11:23,951 INFO  server.RaftServerConfigKeys (ConfUtils.java:logGet(43)) - raft.server.rpcslowness.timeout = 120s (custom)
2019-07-30 15:11:23,951 INFO  server.RaftServerConfigKeys (ConfUtils.java:logGet(43)) - raft.server.sleep.deviation.threshold = 300 (default)
2019-07-30 15:11:23,952 INFO  server.RaftServerConfigKeys (ConfUtils.java:logGet(43)) - raft.server.log.appender.install.snapshot.enabled = false (custom)
2019-07-30 15:11:23,952 INFO  impl.RaftServerImpl (ServerState.java:<init>(105)) - d14613f8-d093-437c-8526-da547fa8e3f6:group-B9DD15632CC0 ConfigurationManager, init=-1: [d14613f8-d093-437c-8526-da547fa8e3f6:192.168.5.170:42411], old=null, confs=<EMPTY_MAP>
2019-07-30 15:11:23,952 INFO  server.RaftServerConfigKeys (ConfUtils.java:logGet(43)) - raft.server.storage.dir = [/workdir/hadoop-ozone/integration-test/target/test-dir/MiniOzoneClusterImpl-a7411b59-c253-4b32-b71c-4a3802367d93/datanode-2/data/ratis] (custom)
2019-07-30 15:11:23,952 INFO  storage.RaftStorageDirectory (RaftStorageDirectory.java:analyzeStorage(246)) - The storage directory /workdir/hadoop-ozone/integration-test/target/test-dir/MiniOzoneClusterImpl-a7411b59-c253-4b32-b71c-4a3802367d93/datanode-2/data/ratis/4d614d30-7c52-46fc-8ce3-b9dd15632cc0 does not exist. Creating ...
2019-07-30 15:11:23,957 INFO  storage.RaftStorageDirectory (RaftStorageDirectory.java:tryLock(328)) - Lock on /workdir/hadoop-ozone/integration-test/target/test-dir/MiniOzoneClusterImpl-a7411b59-c253-4b32-b71c-4a3802367d93/datanode-2/data/ratis/4d614d30-7c52-46fc-8ce3-b9dd15632cc0/in_use.lock acquired by nodename 32735@byscane-nightly-xg47r-921641087
2019-07-30 15:11:23,968 INFO  storage.RaftStorage (RaftStorage.java:format(72)) - Storage directory /workdir/hadoop-ozone/integration-test/target/test-dir/MiniOzoneClusterImpl-a7411b59-c253-4b32-b71c-4a3802367d93/datanode-2/data/ratis/4d614d30-7c52-46fc-8ce3-b9dd15632cc0 has been successfully formatted.
2019-07-30 15:11:23,969 INFO  ratis.ContainerStateMachine (ContainerStateMachine.java:loadSnapshot(213)) - group-B9DD15632CC0: The snapshot info is null. Setting the last applied indexto:(t:0, i:~)
2019-07-30 15:11:23,969 INFO  server.RaftServerConfigKeys (ConfUtils.java:logGet(43)) - raft.server.leader.election.timeout = 120s (custom)
2019-07-30 15:11:23,969 INFO  server.RaftServerConfigKeys (ConfUtils.java:logGet(43)) - raft.server.log.use.memory = false (default)
2019-07-30 15:11:23,969 INFO  server.RaftServerConfigKeys (ConfUtils.java:logGet(43)) - raft.server.log.purge.gap = 1000000000 (custom)
2019-07-30 15:11:23,969 INFO  server.RaftServerConfigKeys (ConfUtils.java:logGet(43)) - raft.server.log.appender.buffer.byte-limit = 33554432 (custom)
2019-07-30 15:11:23,969 INFO  server.RaftServerConfigKeys (ConfUtils.java:logGet(43)) - raft.server.log.segment.size.max = 1048576 (custom)
2019-07-30 15:11:23,970 INFO  server.RaftServerConfigKeys (ConfUtils.java:logGet(43)) - raft.server.log.segment.cache.num.max = 2 (custom)
2019-07-30 15:11:23,970 INFO  segmented.SegmentedRaftLogWorker (SegmentedRaftLogWorker.java:<init>(172)) - new d14613f8-d093-437c-8526-da547fa8e3f6-SegmentedRaftLogWorker:Storage Directory /workdir/hadoop-ozone/integration-test/target/test-dir/MiniOzoneClusterImpl-a7411b59-c253-4b32-b71c-4a3802367d93/datanode-2/data/ratis/4d614d30-7c52-46fc-8ce3-b9dd15632cc0 for RaftStorage:Storage Directory /workdir/hadoop-ozone/integration-test/target/test-dir/MiniOzoneClusterImpl-a7411b59-c253-4b32-b71c-4a3802367d93/datanode-2/data/ratis/4d614d30-7c52-46fc-8ce3-b9dd15632cc0
2019-07-30 15:11:23,970 INFO  server.RaftServerConfigKeys (ConfUtils.java:logGet(43)) - raft.server.log.queue.byte-limit = 2147483647 (custom)
2019-07-30 15:11:23,970 INFO  server.RaftServerConfigKeys (ConfUtils.java:logGet(43)) - raft.server.log.queue.element-limit = 1024 (custom)
2019-07-30 15:11:23,970 INFO  server.RaftServerConfigKeys (ConfUtils.java:logGet(43)) - raft.server.log.segment.size.max = 1048576 (custom)
2019-07-30 15:11:23,970 INFO  server.RaftServerConfigKeys (ConfUtils.java:logGet(43)) - raft.server.log.preallocated.size = 16384 (custom)
2019-07-30 15:11:23,971 INFO  server.RaftServerConfigKeys (ConfUtils.java:logGet(43)) - raft.server.log.write.buffer.size = 33554432 (custom)
2019-07-30 15:11:23,971 INFO  server.RaftServerConfigKeys (ConfUtils.java:logGet(43)) - raft.server.log.force.sync.num = 128 (default)
2019-07-30 15:11:23,971 INFO  server.RaftServerConfigKeys (ConfUtils.java:logGet(43)) - raft.server.log.statemachine.data.sync = true (default)
2019-07-30 15:11:23,971 INFO  server.RaftServerConfigKeys (ConfUtils.java:logGet(43)) - raft.server.log.statemachine.data.sync.timeout = 10s (default)
2019-07-30 15:11:23,971 INFO  server.RaftServerConfigKeys (ConfUtils.java:logGet(43)) - raft.server.log.statemachine.data.sync.timeout.retry = -1 (default)
2019-07-30 15:11:23,971 INFO  server.RaftServerConfigKeys (ConfUtils.java:logGet(43)) - raft.server.log.statemachine.data.caching.enabled = true (custom)
2019-07-30 15:11:23,972 INFO  segmented.SegmentedRaftLogWorker (SegmentedRaftLogWorker.java:lambda$new$0(132)) - d14613f8-d093-437c-8526-da547fa8e3f6-SegmentedRaftLogWorker:Storage Directory /workdir/hadoop-ozone/integration-test/target/test-dir/MiniOzoneClusterImpl-a7411b59-c253-4b32-b71c-4a3802367d93/datanode-2/data/ratis/4d614d30-7c52-46fc-8ce3-b9dd15632cc0: flushIndex: setUnconditionally 0 -> -1
2019-07-30 15:11:23,972 INFO  server.RaftServerConfigKeys (ConfUtils.java:logGet(43)) - raft.server.snapshot.auto.trigger.enabled = true (custom)
2019-07-30 15:11:23,972 INFO  server.RaftServerConfigKeys (ConfUtils.java:logGet(43)) - raft.server.snapshot.auto.trigger.threshold = 10000 (custom)
2019-07-30 15:11:23,973 INFO  server.RaftServerConfigKeys (ConfUtils.java:logGet(43)) - raft.server.retrycache.expirytime = 600000ms (custom)
2019-07-30 15:11:23,973 INFO  impl.RaftServerImpl (RaftServerImpl.java:start(180)) - d14613f8-d093-437c-8526-da547fa8e3f6: start group-B9DD15632CC0
2019-07-30 15:11:23,973 INFO  impl.RaftServerImpl (RaftServerImpl.java:setRole(171)) - d14613f8-d093-437c-8526-da547fa8e3f6:group-B9DD15632CC0 changes role from null to FOLLOWER at term 0 for startAsFollower
2019-07-30 15:11:23,973 INFO  impl.RoleInfo (RoleInfo.java:updateAndGet(143)) - d14613f8-d093-437c-8526-da547fa8e3f6: start FollowerState
2019-07-30 15:11:23,973 INFO  util.JmxRegister (JmxRegister.java:tryRegister(44)) - Successfully registered JMX Bean with object name Ratis:service=RaftServer,group=group-B9DD15632CC0,id=d14613f8-d093-437c-8526-da547fa8e3f6
2019-07-30 15:11:23,975 INFO  pipeline.PipelineStateManager (PipelineStateManager.java:addPipeline(56)) - Created pipeline Pipeline[ Id: 4d614d30-7c52-46fc-8ce3-b9dd15632cc0, Nodes: d14613f8-d093-437c-8526-da547fa8e3f6{ip: 192.168.5.170, host: byscane-nightly-xg47r-921641087, networkLocation: /default-rack, certSerialId: null}, Type:RATIS, Factor:ONE, State:OPEN]
2019-07-30 15:11:23,985 INFO  impl.RaftServerProxy (RaftServerProxy.java:addNew(89)) - 803a907b-1436-41a2-8a4e-eef36fdef27c: addNew group-643B93E632FC:[803a907b-1436-41a2-8a4e-eef36fdef27c:192.168.5.170:34948, 94f9f387-1fd0-4244-9860-0e1bff5de2ff:192.168.5.170:34075, d14613f8-d093-437c-8526-da547fa8e3f6:192.168.5.170:42411] returns group-643B93E632FC:java.util.concurrent.CompletableFuture@1eeb96fe[Not completed]
2019-07-30 15:11:23,985 INFO  impl.RaftServerProxy (RaftServerProxy.java:addNew(89)) - 94f9f387-1fd0-4244-9860-0e1bff5de2ff: addNew group-643B93E632FC:[803a907b-1436-41a2-8a4e-eef36fdef27c:192.168.5.170:34948, 94f9f387-1fd0-4244-9860-0e1bff5de2ff:192.168.5.170:34075, d14613f8-d093-437c-8526-da547fa8e3f6:192.168.5.170:42411] returns group-643B93E632FC:java.util.concurrent.CompletableFuture@38aee383[Not completed]
2019-07-30 15:11:23,985 INFO  impl.RaftServerProxy (RaftServerProxy.java:addNew(89)) - d14613f8-d093-437c-8526-da547fa8e3f6: addNew group-643B93E632FC:[803a907b-1436-41a2-8a4e-eef36fdef27c:192.168.5.170:34948, 94f9f387-1fd0-4244-9860-0e1bff5de2ff:192.168.5.170:34075, d14613f8-d093-437c-8526-da547fa8e3f6:192.168.5.170:42411] returns group-643B93E632FC:java.util.concurrent.CompletableFuture@37d9e016[Not completed]
2019-07-30 15:11:23,986 INFO  impl.RaftServerImpl (RaftServerImpl.java:<init>(93)) - 803a907b-1436-41a2-8a4e-eef36fdef27c: new RaftServerImpl for group-643B93E632FC:[803a907b-1436-41a2-8a4e-eef36fdef27c:192.168.5.170:34948, 94f9f387-1fd0-4244-9860-0e1bff5de2ff:192.168.5.170:34075, d14613f8-d093-437c-8526-da547fa8e3f6:192.168.5.170:42411] with ContainerStateMachine:uninitialized
2019-07-30 15:11:23,986 INFO  server.RaftServerConfigKeys (ConfUtils.java:logGet(43)) - raft.server.rpc.timeout.min = 5s (custom)
2019-07-30 15:11:23,986 INFO  server.RaftServerConfigKeys (ConfUtils.java:logGet(43)) - raft.server.rpc.timeout.max = 5200ms (custom)
2019-07-30 15:11:23,986 INFO  impl.RaftServerImpl (RaftServerImpl.java:<init>(93)) - d14613f8-d093-437c-8526-da547fa8e3f6: new RaftServerImpl for group-643B93E632FC:[803a907b-1436-41a2-8a4e-eef36fdef27c:192.168.5.170:34948, 94f9f387-1fd0-4244-9860-0e1bff5de2ff:192.168.5.170:34075, d14613f8-d093-437c-8526-da547fa8e3f6:192.168.5.170:42411] with ContainerStateMachine:uninitialized
2019-07-30 15:11:23,986 INFO  server.RaftServerConfigKeys (ConfUtils.java:logGet(43)) - raft.server.rpcslowness.timeout = 120s (custom)
2019-07-30 15:11:23,986 INFO  server.RaftServerConfigKeys (ConfUtils.java:logGet(43)) - raft.server.rpc.timeout.min = 5s (custom)
2019-07-30 15:11:23,986 INFO  impl.RaftServerImpl (RaftServerImpl.java:<init>(93)) - 94f9f387-1fd0-4244-9860-0e1bff5de2ff: new RaftServerImpl for group-643B93E632FC:[803a907b-1436-41a2-8a4e-eef36fdef27c:192.168.5.170:34948, 94f9f387-1fd0-4244-9860-0e1bff5de2ff:192.168.5.170:34075, d14613f8-d093-437c-8526-da547fa8e3f6:192.168.5.170:42411] with ContainerStateMachine:uninitialized
2019-07-30 15:11:23,986 INFO  server.RaftServerConfigKeys (ConfUtils.java:logGet(43)) - raft.server.sleep.deviation.threshold = 300 (default)
2019-07-30 15:11:23,987 INFO  server.RaftServerConfigKeys (ConfUtils.java:logGet(43)) - raft.server.rpc.timeout.min = 5s (custom)
2019-07-30 15:11:23,987 INFO  server.RaftServerConfigKeys (ConfUtils.java:logGet(43)) - raft.server.rpc.timeout.max = 5200ms (custom)
2019-07-30 15:11:23,987 INFO  server.RaftServerConfigKeys (ConfUtils.java:logGet(43)) - raft.server.rpc.timeout.max = 5200ms (custom)
2019-07-30 15:11:23,987 INFO  server.RaftServerConfigKeys (ConfUtils.java:logGet(43)) - raft.server.rpcslowness.timeout = 120s (custom)
2019-07-30 15:11:23,988 INFO  server.RaftServerConfigKeys (ConfUtils.java:logGet(43)) - raft.server.sleep.deviation.threshold = 300 (default)
2019-07-30 15:11:23,987 INFO  server.RaftServerConfigKeys (ConfUtils.java:logGet(43)) - raft.server.log.appender.install.snapshot.enabled = false (custom)
2019-07-30 15:11:23,988 INFO  server.RaftServerConfigKeys (ConfUtils.java:logGet(43)) - raft.server.log.appender.install.snapshot.enabled = false (custom)
2019-07-30 15:11:23,987 INFO  server.RaftServerConfigKeys (ConfUtils.java:logGet(43)) - raft.server.rpcslowness.timeout = 120s (custom)
2019-07-30 15:11:23,988 INFO  impl.RaftServerImpl (ServerState.java:<init>(105)) - 94f9f387-1fd0-4244-9860-0e1bff5de2ff:group-643B93E632FC ConfigurationManager, init=-1: [803a907b-1436-41a2-8a4e-eef36fdef27c:192.168.5.170:34948, 94f9f387-1fd0-4244-9860-0e1bff5de2ff:192.168.5.170:34075, d14613f8-d093-437c-8526-da547fa8e3f6:192.168.5.170:42411], old=null, confs=<EMPTY_MAP>
2019-07-30 15:11:23,988 INFO  impl.RaftServerImpl (ServerState.java:<init>(105)) - 803a907b-1436-41a2-8a4e-eef36fdef27c:group-643B93E632FC ConfigurationManager, init=-1: [803a907b-1436-41a2-8a4e-eef36fdef27c:192.168.5.170:34948, 94f9f387-1fd0-4244-9860-0e1bff5de2ff:192.168.5.170:34075, d14613f8-d093-437c-8526-da547fa8e3f6:192.168.5.170:42411], old=null, confs=<EMPTY_MAP>
2019-07-30 15:11:23,988 INFO  server.RaftServerConfigKeys (ConfUtils.java:logGet(43)) - raft.server.storage.dir = [/workdir/hadoop-ozone/integration-test/target/test-dir/MiniOzoneClusterImpl-a7411b59-c253-4b32-b71c-4a3802367d93/datanode-0/data/ratis] (custom)
2019-07-30 15:11:23,988 INFO  server.RaftServerConfigKeys (ConfUtils.java:logGet(43)) - raft.server.sleep.deviation.threshold = 300 (default)
2019-07-30 15:11:23,988 INFO  server.RaftServerConfigKeys (ConfUtils.java:logGet(43)) - raft.server.storage.dir = [/workdir/hadoop-ozone/integration-test/target/test-dir/MiniOzoneClusterImpl-a7411b59-c253-4b32-b71c-4a3802367d93/datanode-1/data/ratis] (custom)
2019-07-30 15:11:23,989 INFO  server.RaftServerConfigKeys (ConfUtils.java:logGet(43)) - raft.server.log.appender.install.snapshot.enabled = false (custom)
2019-07-30 15:11:23,989 INFO  storage.RaftStorageDirectory (RaftStorageDirectory.java:analyzeStorage(246)) - The storage directory /workdir/hadoop-ozone/integration-test/target/test-dir/MiniOzoneClusterImpl-a7411b59-c253-4b32-b71c-4a3802367d93/datanode-0/data/ratis/b22b6ac1-5eec-4d5a-a4fc-643b93e632fc does not exist. Creating ...
2019-07-30 15:11:23,989 INFO  storage.RaftStorageDirectory (RaftStorageDirectory.java:analyzeStorage(246)) - The storage directory /workdir/hadoop-ozone/integration-test/target/test-dir/MiniOzoneClusterImpl-a7411b59-c253-4b32-b71c-4a3802367d93/datanode-1/data/ratis/b22b6ac1-5eec-4d5a-a4fc-643b93e632fc does not exist. Creating ...
2019-07-30 15:11:23,989 INFO  impl.RaftServerImpl (ServerState.java:<init>(105)) - d14613f8-d093-437c-8526-da547fa8e3f6:group-643B93E632FC ConfigurationManager, init=-1: [803a907b-1436-41a2-8a4e-eef36fdef27c:192.168.5.170:34948, 94f9f387-1fd0-4244-9860-0e1bff5de2ff:192.168.5.170:34075, d14613f8-d093-437c-8526-da547fa8e3f6:192.168.5.170:42411], old=null, confs=<EMPTY_MAP>
2019-07-30 15:11:23,990 INFO  server.RaftServerConfigKeys (ConfUtils.java:logGet(43)) - raft.server.storage.dir = [/workdir/hadoop-ozone/integration-test/target/test-dir/MiniOzoneClusterImpl-a7411b59-c253-4b32-b71c-4a3802367d93/datanode-2/data/ratis] (custom)
2019-07-30 15:11:23,990 INFO  storage.RaftStorageDirectory (RaftStorageDirectory.java:analyzeStorage(246)) - The storage directory /workdir/hadoop-ozone/integration-test/target/test-dir/MiniOzoneClusterImpl-a7411b59-c253-4b32-b71c-4a3802367d93/datanode-2/data/ratis/b22b6ac1-5eec-4d5a-a4fc-643b93e632fc does not exist. Creating ...
2019-07-30 15:11:24,010 INFO  storage.RaftStorageDirectory (RaftStorageDirectory.java:tryLock(328)) - Lock on /workdir/hadoop-ozone/integration-test/target/test-dir/MiniOzoneClusterImpl-a7411b59-c253-4b32-b71c-4a3802367d93/datanode-0/data/ratis/b22b6ac1-5eec-4d5a-a4fc-643b93e632fc/in_use.lock acquired by nodename 32735@byscane-nightly-xg47r-921641087
2019-07-30 15:11:24,010 INFO  storage.RaftStorageDirectory (RaftStorageDirectory.java:tryLock(328)) - Lock on /workdir/hadoop-ozone/integration-test/target/test-dir/MiniOzoneClusterImpl-a7411b59-c253-4b32-b71c-4a3802367d93/datanode-1/data/ratis/b22b6ac1-5eec-4d5a-a4fc-643b93e632fc/in_use.lock acquired by nodename 32735@byscane-nightly-xg47r-921641087
2019-07-30 15:11:24,010 INFO  storage.RaftStorageDirectory (RaftStorageDirectory.java:tryLock(328)) - Lock on /workdir/hadoop-ozone/integration-test/target/test-dir/MiniOzoneClusterImpl-a7411b59-c253-4b32-b71c-4a3802367d93/datanode-2/data/ratis/b22b6ac1-5eec-4d5a-a4fc-643b93e632fc/in_use.lock acquired by nodename 32735@byscane-nightly-xg47r-921641087
2019-07-30 15:11:24,033 INFO  storage.RaftStorage (RaftStorage.java:format(72)) - Storage directory /workdir/hadoop-ozone/integration-test/target/test-dir/MiniOzoneClusterImpl-a7411b59-c253-4b32-b71c-4a3802367d93/datanode-0/data/ratis/b22b6ac1-5eec-4d5a-a4fc-643b93e632fc has been successfully formatted.
2019-07-30 15:11:24,033 INFO  storage.RaftStorage (RaftStorage.java:format(72)) - Storage directory /workdir/hadoop-ozone/integration-test/target/test-dir/MiniOzoneClusterImpl-a7411b59-c253-4b32-b71c-4a3802367d93/datanode-2/data/ratis/b22b6ac1-5eec-4d5a-a4fc-643b93e632fc has been successfully formatted.
2019-07-30 15:11:24,033 INFO  storage.RaftStorage (RaftStorage.java:format(72)) - Storage directory /workdir/hadoop-ozone/integration-test/target/test-dir/MiniOzoneClusterImpl-a7411b59-c253-4b32-b71c-4a3802367d93/datanode-1/data/ratis/b22b6ac1-5eec-4d5a-a4fc-643b93e632fc has been successfully formatted.
2019-07-30 15:11:24,033 INFO  ratis.ContainerStateMachine (ContainerStateMachine.java:loadSnapshot(213)) - group-643B93E632FC: The snapshot info is null. Setting the last applied indexto:(t:0, i:~)
2019-07-30 15:11:24,033 INFO  ratis.ContainerStateMachine (ContainerStateMachine.java:loadSnapshot(213)) - group-643B93E632FC: The snapshot info is null. Setting the last applied indexto:(t:0, i:~)
2019-07-30 15:11:24,033 INFO  ratis.ContainerStateMachine (ContainerStateMachine.java:loadSnapshot(213)) - group-643B93E632FC: The snapshot info is null. Setting the last applied indexto:(t:0, i:~)
2019-07-30 15:11:24,034 INFO  server.RaftServerConfigKeys (ConfUtils.java:logGet(43)) - raft.server.leader.election.timeout = 120s (custom)
2019-07-30 15:11:24,033 INFO  server.RaftServerConfigKeys (ConfUtils.java:logGet(43)) - raft.server.leader.election.timeout = 120s (custom)
2019-07-30 15:11:24,034 INFO  server.RaftServerConfigKeys (ConfUtils.java:logGet(43)) - raft.server.log.use.memory = false (default)
2019-07-30 15:11:24,034 INFO  server.RaftServerConfigKeys (ConfUtils.java:logGet(43)) - raft.server.log.purge.gap = 1000000000 (custom)
2019-07-30 15:11:24,034 INFO  server.RaftServerConfigKeys (ConfUtils.java:logGet(43)) - raft.server.log.appender.buffer.byte-limit = 33554432 (custom)
2019-07-30 15:11:24,034 INFO  server.RaftServerConfigKeys (ConfUtils.java:logGet(43)) - raft.server.log.segment.size.max = 1048576 (custom)
2019-07-30 15:11:24,035 INFO  server.RaftServerConfigKeys (ConfUtils.java:logGet(43)) - raft.server.log.segment.cache.num.max = 2 (custom)
2019-07-30 15:11:24,033 INFO  server.RaftServerConfigKeys (ConfUtils.java:logGet(43)) - raft.server.leader.election.timeout = 120s (custom)
2019-07-30 15:11:24,035 INFO  segmented.SegmentedRaftLogWorker (SegmentedRaftLogWorker.java:<init>(172)) - new 803a907b-1436-41a2-8a4e-eef36fdef27c-SegmentedRaftLogWorker:Storage Directory /workdir/hadoop-ozone/integration-test/target/test-dir/MiniOzoneClusterImpl-a7411b59-c253-4b32-b71c-4a3802367d93/datanode-1/data/ratis/b22b6ac1-5eec-4d5a-a4fc-643b93e632fc for RaftStorage:Storage Directory /workdir/hadoop-ozone/integration-test/target/test-dir/MiniOzoneClusterImpl-a7411b59-c253-4b32-b71c-4a3802367d93/datanode-1/data/ratis/b22b6ac1-5eec-4d5a-a4fc-643b93e632fc
2019-07-30 15:11:24,034 INFO  server.RaftServerConfigKeys (ConfUtils.java:logGet(43)) - raft.server.log.use.memory = false (default)
2019-07-30 15:11:24,035 INFO  server.RaftServerConfigKeys (ConfUtils.java:logGet(43)) - raft.server.log.queue.byte-limit = 2147483647 (custom)
2019-07-30 15:11:24,036 INFO  server.RaftServerConfigKeys (ConfUtils.java:logGet(43)) - raft.server.log.queue.element-limit = 1024 (custom)
2019-07-30 15:11:24,036 INFO  server.RaftServerConfigKeys (ConfUtils.java:logGet(43)) - raft.server.log.segment.size.max = 1048576 (custom)
2019-07-30 15:11:24,036 INFO  server.RaftServerConfigKeys (ConfUtils.java:logGet(43)) - raft.server.log.preallocated.size = 16384 (custom)
2019-07-30 15:11:24,036 INFO  server.RaftServerConfigKeys (ConfUtils.java:logGet(43)) - raft.server.log.write.buffer.size = 33554432 (custom)
2019-07-30 15:11:24,037 INFO  server.RaftServerConfigKeys (ConfUtils.java:logGet(43)) - raft.server.log.force.sync.num = 128 (default)
2019-07-30 15:11:24,035 INFO  server.RaftServerConfigKeys (ConfUtils.java:logGet(43)) - raft.server.log.use.memory = false (default)
2019-07-30 15:11:24,037 INFO  server.RaftServerConfigKeys (ConfUtils.java:logGet(43)) - raft.server.log.purge.gap = 1000000000 (custom)
2019-07-30 15:11:24,037 INFO  server.RaftServerConfigKeys (ConfUtils.java:logGet(43)) - raft.server.log.appender.buffer.byte-limit = 33554432 (custom)
2019-07-30 15:11:24,037 INFO  server.RaftServerConfigKeys (ConfUtils.java:logGet(43)) - raft.server.log.statemachine.data.sync = true (default)
2019-07-30 15:11:24,035 INFO  server.RaftServerConfigKeys (ConfUtils.java:logGet(43)) - raft.server.log.purge.gap = 1000000000 (custom)
2019-07-30 15:11:24,038 INFO  server.RaftServerConfigKeys (ConfUtils.java:logGet(43)) - raft.server.log.appender.buffer.byte-limit = 33554432 (custom)
2019-07-30 15:11:24,038 INFO  server.RaftServerConfigKeys (ConfUtils.java:logGet(43)) - raft.server.log.segment.size.max = 1048576 (custom)
2019-07-30 15:11:24,038 INFO  server.RaftServerConfigKeys (ConfUtils.java:logGet(43)) - raft.server.log.segment.cache.num.max = 2 (custom)
2019-07-30 15:11:24,038 INFO  segmented.SegmentedRaftLogWorker (SegmentedRaftLogWorker.java:<init>(172)) - new 94f9f387-1fd0-4244-9860-0e1bff5de2ff-SegmentedRaftLogWorker:Storage Directory /workdir/hadoop-ozone/integration-test/target/test-dir/MiniOzoneClusterImpl-a7411b59-c253-4b32-b71c-4a3802367d93/datanode-0/data/ratis/b22b6ac1-5eec-4d5a-a4fc-643b93e632fc for RaftStorage:Storage Directory /workdir/hadoop-ozone/integration-test/target/test-dir/MiniOzoneClusterImpl-a7411b59-c253-4b32-b71c-4a3802367d93/datanode-0/data/ratis/b22b6ac1-5eec-4d5a-a4fc-643b93e632fc
2019-07-30 15:11:24,038 INFO  server.RaftServerConfigKeys (ConfUtils.java:logGet(43)) - raft.server.log.statemachine.data.sync.timeout = 10s (default)
2019-07-30 15:11:24,037 INFO  server.RaftServerConfigKeys (ConfUtils.java:logGet(43)) - raft.server.log.segment.size.max = 1048576 (custom)
2019-07-30 15:11:24,039 INFO  server.RaftServerConfigKeys (ConfUtils.java:logGet(43)) - raft.server.log.statemachine.data.sync.timeout.retry = -1 (default)
2019-07-30 15:11:24,038 INFO  server.RaftServerConfigKeys (ConfUtils.java:logGet(43)) - raft.server.log.queue.byte-limit = 2147483647 (custom)
2019-07-30 15:11:24,039 INFO  server.RaftServerConfigKeys (ConfUtils.java:logGet(43)) - raft.server.log.statemachine.data.caching.enabled = true (custom)
2019-07-30 15:11:24,039 INFO  server.RaftServerConfigKeys (ConfUtils.java:logGet(43)) - raft.server.log.segment.cache.num.max = 2 (custom)
2019-07-30 15:11:24,039 INFO  server.RaftServerConfigKeys (ConfUtils.java:logGet(43)) - raft.server.log.queue.element-limit = 1024 (custom)
2019-07-30 15:11:24,039 INFO  server.RaftServerConfigKeys (ConfUtils.java:logGet(43)) - raft.server.log.segment.size.max = 1048576 (custom)
2019-07-30 15:11:24,040 INFO  server.RaftServerConfigKeys (ConfUtils.java:logGet(43)) - raft.server.log.preallocated.size = 16384 (custom)
2019-07-30 15:11:24,040 INFO  server.RaftServerConfigKeys (ConfUtils.java:logGet(43)) - raft.server.log.write.buffer.size = 33554432 (custom)
2019-07-30 15:11:24,039 INFO  segmented.SegmentedRaftLogWorker (SegmentedRaftLogWorker.java:lambda$new$0(132)) - 803a907b-1436-41a2-8a4e-eef36fdef27c-SegmentedRaftLogWorker:Storage Directory /workdir/hadoop-ozone/integration-test/target/test-dir/MiniOzoneClusterImpl-a7411b59-c253-4b32-b71c-4a3802367d93/datanode-1/data/ratis/b22b6ac1-5eec-4d5a-a4fc-643b93e632fc: flushIndex: setUnconditionally 0 -> -1
2019-07-30 15:11:24,040 INFO  segmented.SegmentedRaftLogWorker (SegmentedRaftLogWorker.java:<init>(172)) - new d14613f8-d093-437c-8526-da547fa8e3f6-SegmentedRaftLogWorker:Storage Directory /workdir/hadoop-ozone/integration-test/target/test-dir/MiniOzoneClusterImpl-a7411b59-c253-4b32-b71c-4a3802367d93/datanode-2/data/ratis/b22b6ac1-5eec-4d5a-a4fc-643b93e632fc for RaftStorage:Storage Directory /workdir/hadoop-ozone/integration-test/target/test-dir/MiniOzoneClusterImpl-a7411b59-c253-4b32-b71c-4a3802367d93/datanode-2/data/ratis/b22b6ac1-5eec-4d5a-a4fc-643b93e632fc
2019-07-30 15:11:24,040 INFO  server.RaftServerConfigKeys (ConfUtils.java:logGet(43)) - raft.server.log.force.sync.num = 128 (default)
2019-07-30 15:11:24,040 INFO  server.RaftServerConfigKeys (ConfUtils.java:logGet(43)) - raft.server.snapshot.auto.trigger.enabled = true (custom)
2019-07-30 15:11:24,040 INFO  server.RaftServerConfigKeys (ConfUtils.java:logGet(43)) - raft.server.log.queue.byte-limit = 2147483647 (custom)
2019-07-30 15:11:24,040 INFO  server.RaftServerConfigKeys (ConfUtils.java:logGet(43)) - raft.server.snapshot.auto.trigger.threshold = 10000 (custom)
2019-07-30 15:11:24,040 INFO  server.RaftServerConfigKeys (ConfUtils.java:logGet(43)) - raft.server.log.statemachine.data.sync = true (default)
2019-07-30 15:11:24,041 INFO  server.RaftServerConfigKeys (ConfUtils.java:logGet(43)) - raft.server.retrycache.expirytime = 600000ms (custom)
2019-07-30 15:11:24,041 INFO  server.RaftServerConfigKeys (ConfUtils.java:logGet(43)) - raft.server.log.queue.element-limit = 1024 (custom)
2019-07-30 15:11:24,041 INFO  impl.RaftServerImpl (RaftServerImpl.java:start(180)) - 803a907b-1436-41a2-8a4e-eef36fdef27c: start group-643B93E632FC
2019-07-30 15:11:24,041 INFO  impl.RaftServerImpl (RaftServerImpl.java:setRole(171)) - 803a907b-1436-41a2-8a4e-eef36fdef27c:group-643B93E632FC changes role from null to FOLLOWER at term 0 for startAsFollower
2019-07-30 15:11:24,041 INFO  server.RaftServerConfigKeys (ConfUtils.java:logGet(43)) - raft.server.log.statemachine.data.sync.timeout = 10s (default)
2019-07-30 15:11:24,042 INFO  impl.RoleInfo (RoleInfo.java:updateAndGet(143)) - 803a907b-1436-41a2-8a4e-eef36fdef27c: start FollowerState
2019-07-30 15:11:24,041 INFO  server.RaftServerConfigKeys (ConfUtils.java:logGet(43)) - raft.server.log.segment.size.max = 1048576 (custom)
2019-07-30 15:11:24,042 INFO  server.RaftServerConfigKeys (ConfUtils.java:logGet(43)) - raft.server.log.preallocated.size = 16384 (custom)
2019-07-30 15:11:24,042 INFO  server.RaftServerConfigKeys (ConfUtils.java:logGet(43)) - raft.server.log.statemachine.data.sync.timeout.retry = -1 (default)
2019-07-30 15:11:24,042 INFO  util.JmxRegister (JmxRegister.java:tryRegister(44)) - Successfully registered JMX Bean with object name Ratis:service=RaftServer,group=group-643B93E632FC,id=803a907b-1436-41a2-8a4e-eef36fdef27c
2019-07-30 15:11:24,042 INFO  server.RaftServerConfigKeys (ConfUtils.java:logGet(43)) - raft.server.log.write.buffer.size = 33554432 (custom)
2019-07-30 15:11:24,042 INFO  server.RaftServerConfigKeys (ConfUtils.java:logGet(43)) - raft.server.log.statemachine.data.caching.enabled = true (custom)
2019-07-30 15:11:24,043 INFO  server.RaftServerConfigKeys (ConfUtils.java:logGet(43)) - raft.server.log.force.sync.num = 128 (default)
2019-07-30 15:11:24,043 INFO  server.RaftServerConfigKeys (ConfUtils.java:logGet(43)) - raft.server.log.statemachine.data.sync = true (default)
2019-07-30 15:11:24,043 INFO  segmented.SegmentedRaftLogWorker (SegmentedRaftLogWorker.java:lambda$new$0(132)) - 94f9f387-1fd0-4244-9860-0e1bff5de2ff-SegmentedRaftLogWorker:Storage Directory /workdir/hadoop-ozone/integration-test/target/test-dir/MiniOzoneClusterImpl-a7411b59-c253-4b32-b71c-4a3802367d93/datanode-0/data/ratis/b22b6ac1-5eec-4d5a-a4fc-643b93e632fc: flushIndex: setUnconditionally 0 -> -1
2019-07-30 15:11:24,043 INFO  server.RaftServerConfigKeys (ConfUtils.java:logGet(43)) - raft.server.log.statemachine.data.sync.timeout = 10s (default)
2019-07-30 15:11:24,043 INFO  server.RaftServerConfigKeys (ConfUtils.java:logGet(43)) - raft.server.log.statemachine.data.sync.timeout.retry = -1 (default)
2019-07-30 15:11:24,043 INFO  server.RaftServerConfigKeys (ConfUtils.java:logGet(43)) - raft.server.snapshot.auto.trigger.enabled = true (custom)
2019-07-30 15:11:24,044 INFO  server.RaftServerConfigKeys (ConfUtils.java:logGet(43)) - raft.server.log.statemachine.data.caching.enabled = true (custom)
2019-07-30 15:11:24,044 INFO  server.RaftServerConfigKeys (ConfUtils.java:logGet(43)) - raft.server.snapshot.auto.trigger.threshold = 10000 (custom)
2019-07-30 15:11:24,044 INFO  segmented.SegmentedRaftLogWorker (SegmentedRaftLogWorker.java:lambda$new$0(132)) - d14613f8-d093-437c-8526-da547fa8e3f6-SegmentedRaftLogWorker:Storage Directory /workdir/hadoop-ozone/integration-test/target/test-dir/MiniOzoneClusterImpl-a7411b59-c253-4b32-b71c-4a3802367d93/datanode-2/data/ratis/b22b6ac1-5eec-4d5a-a4fc-643b93e632fc: flushIndex: setUnconditionally 0 -> -1
2019-07-30 15:11:24,044 INFO  server.RaftServerConfigKeys (ConfUtils.java:logGet(43)) - raft.server.retrycache.expirytime = 600000ms (custom)
2019-07-30 15:11:24,044 INFO  server.RaftServerConfigKeys (ConfUtils.java:logGet(43)) - raft.server.snapshot.auto.trigger.enabled = true (custom)
2019-07-30 15:11:24,044 INFO  impl.RaftServerImpl (RaftServerImpl.java:start(180)) - 94f9f387-1fd0-4244-9860-0e1bff5de2ff: start group-643B93E632FC
2019-07-30 15:11:24,044 INFO  server.RaftServerConfigKeys (ConfUtils.java:logGet(43)) - raft.server.snapshot.auto.trigger.threshold = 10000 (custom)
2019-07-30 15:11:24,044 INFO  impl.RaftServerImpl (RaftServerImpl.java:setRole(171)) - 94f9f387-1fd0-4244-9860-0e1bff5de2ff:group-643B93E632FC changes role from null to FOLLOWER at term 0 for startAsFollower
2019-07-30 15:11:24,045 INFO  server.RaftServerConfigKeys (ConfUtils.java:logGet(43)) - raft.server.retrycache.expirytime = 600000ms (custom)
2019-07-30 15:11:24,045 INFO  impl.RoleInfo (RoleInfo.java:updateAndGet(143)) - 94f9f387-1fd0-4244-9860-0e1bff5de2ff: start FollowerState
2019-07-30 15:11:24,045 INFO  impl.RaftServerImpl (RaftServerImpl.java:start(180)) - d14613f8-d093-437c-8526-da547fa8e3f6: start group-643B93E632FC
2019-07-30 15:11:24,045 INFO  impl.RaftServerImpl (RaftServerImpl.java:setRole(171)) - d14613f8-d093-437c-8526-da547fa8e3f6:group-643B93E632FC changes role from null to FOLLOWER at term 0 for startAsFollower
2019-07-30 15:11:24,045 INFO  impl.RoleInfo (RoleInfo.java:updateAndGet(143)) - d14613f8-d093-437c-8526-da547fa8e3f6: start FollowerState
2019-07-30 15:11:24,045 INFO  util.JmxRegister (JmxRegister.java:tryRegister(44)) - Successfully registered JMX Bean with object name Ratis:service=RaftServer,group=group-643B93E632FC,id=94f9f387-1fd0-4244-9860-0e1bff5de2ff
2019-07-30 15:11:24,046 INFO  util.JmxRegister (JmxRegister.java:tryRegister(44)) - Successfully registered JMX Bean with object name Ratis:service=RaftServer,group=group-643B93E632FC,id=d14613f8-d093-437c-8526-da547fa8e3f6
2019-07-30 15:11:24,047 INFO  pipeline.PipelineStateManager (PipelineStateManager.java:addPipeline(56)) - Created pipeline Pipeline[ Id: b22b6ac1-5eec-4d5a-a4fc-643b93e632fc, Nodes: 94f9f387-1fd0-4244-9860-0e1bff5de2ff{ip: 192.168.5.170, host: byscane-nightly-xg47r-921641087, networkLocation: /default-rack, certSerialId: null}803a907b-1436-41a2-8a4e-eef36fdef27c{ip: 192.168.5.170, host: byscane-nightly-xg47r-921641087, networkLocation: /default-rack, certSerialId: null}d14613f8-d093-437c-8526-da547fa8e3f6{ip: 192.168.5.170, host: byscane-nightly-xg47r-921641087, networkLocation: /default-rack, certSerialId: null}, Type:RATIS, Factor:THREE, State:OPEN]
2019-07-30 15:11:24,137 INFO  net.NetworkTopology (NetworkTopologyImpl.java:add(110)) - Added a new node: /default-rack/75a520fe-665b-49fe-9a72-197f3048aa8d
2019-07-30 15:11:24,137 INFO  node.SCMNodeManager (SCMNodeManager.java:register(273)) - Registered Data node : 75a520fe-665b-49fe-9a72-197f3048aa8d{ip: 192.168.5.170, host: byscane-nightly-xg47r-921641087, networkLocation: /default-rack, certSerialId: null}
2019-07-30 15:11:24,146 INFO  impl.RaftServerProxy (RaftServerProxy.java:addNew(89)) - 75a520fe-665b-49fe-9a72-197f3048aa8d: addNew group-DC0199A56197:[75a520fe-665b-49fe-9a72-197f3048aa8d:192.168.5.170:44342] returns group-DC0199A56197:java.util.concurrent.CompletableFuture@7dbec447[Not completed]
2019-07-30 15:11:24,147 INFO  impl.RaftServerImpl (RaftServerImpl.java:<init>(93)) - 75a520fe-665b-49fe-9a72-197f3048aa8d: new RaftServerImpl for group-DC0199A56197:[75a520fe-665b-49fe-9a72-197f3048aa8d:192.168.5.170:44342] with ContainerStateMachine:uninitialized
2019-07-30 15:11:24,147 INFO  server.RaftServerConfigKeys (ConfUtils.java:logGet(43)) - raft.server.rpc.timeout.min = 5s (custom)
2019-07-30 15:11:24,148 INFO  server.RaftServerConfigKeys (ConfUtils.java:logGet(43)) - raft.server.rpc.timeout.max = 5200ms (custom)
2019-07-30 15:11:24,148 INFO  server.RaftServerConfigKeys (ConfUtils.java:logGet(43)) - raft.server.rpcslowness.timeout = 120s (custom)
2019-07-30 15:11:24,148 INFO  server.RaftServerConfigKeys (ConfUtils.java:logGet(43)) - raft.server.sleep.deviation.threshold = 300 (default)
2019-07-30 15:11:24,148 INFO  server.RaftServerConfigKeys (ConfUtils.java:logGet(43)) - raft.server.log.appender.install.snapshot.enabled = false (custom)
2019-07-30 15:11:24,148 INFO  impl.RaftServerImpl (ServerState.java:<init>(105)) - 75a520fe-665b-49fe-9a72-197f3048aa8d:group-DC0199A56197 ConfigurationManager, init=-1: [75a520fe-665b-49fe-9a72-197f3048aa8d:192.168.5.170:44342], old=null, confs=<EMPTY_MAP>
2019-07-30 15:11:24,148 INFO  server.RaftServerConfigKeys (ConfUtils.java:logGet(43)) - raft.server.storage.dir = [/workdir/hadoop-ozone/integration-test/target/test-dir/MiniOzoneClusterImpl-a7411b59-c253-4b32-b71c-4a3802367d93/datanode-3/data/ratis] (custom)
2019-07-30 15:11:24,149 INFO  storage.RaftStorageDirectory (RaftStorageDirectory.java:analyzeStorage(246)) - The storage directory /workdir/hadoop-ozone/integration-test/target/test-dir/MiniOzoneClusterImpl-a7411b59-c253-4b32-b71c-4a3802367d93/datanode-3/data/ratis/0c6dc25f-607b-4e89-99f0-dc0199a56197 does not exist. Creating ...
2019-07-30 15:11:24,161 INFO  storage.RaftStorageDirectory (RaftStorageDirectory.java:tryLock(328)) - Lock on /workdir/hadoop-ozone/integration-test/target/test-dir/MiniOzoneClusterImpl-a7411b59-c253-4b32-b71c-4a3802367d93/datanode-3/data/ratis/0c6dc25f-607b-4e89-99f0-dc0199a56197/in_use.lock acquired by nodename 32735@byscane-nightly-xg47r-921641087
2019-07-30 15:11:24,171 INFO  storage.RaftStorage (RaftStorage.java:format(72)) - Storage directory /workdir/hadoop-ozone/integration-test/target/test-dir/MiniOzoneClusterImpl-a7411b59-c253-4b32-b71c-4a3802367d93/datanode-3/data/ratis/0c6dc25f-607b-4e89-99f0-dc0199a56197 has been successfully formatted.
2019-07-30 15:11:24,171 INFO  ratis.ContainerStateMachine (ContainerStateMachine.java:loadSnapshot(213)) - group-DC0199A56197: The snapshot info is null. Setting the last applied indexto:(t:0, i:~)
2019-07-30 15:11:24,172 INFO  server.RaftServerConfigKeys (ConfUtils.java:logGet(43)) - raft.server.leader.election.timeout = 120s (custom)
2019-07-30 15:11:24,172 INFO  server.RaftServerConfigKeys (ConfUtils.java:logGet(43)) - raft.server.log.use.memory = false (default)
2019-07-30 15:11:24,172 INFO  server.RaftServerConfigKeys (ConfUtils.java:logGet(43)) - raft.server.log.purge.gap = 1000000000 (custom)
2019-07-30 15:11:24,172 INFO  server.RaftServerConfigKeys (ConfUtils.java:logGet(43)) - raft.server.log.appender.buffer.byte-limit = 33554432 (custom)
2019-07-30 15:11:24,172 INFO  server.RaftServerConfigKeys (ConfUtils.java:logGet(43)) - raft.server.log.segment.size.max = 1048576 (custom)
2019-07-30 15:11:24,173 INFO  server.RaftServerConfigKeys (ConfUtils.java:logGet(43)) - raft.server.log.segment.cache.num.max = 2 (custom)
2019-07-30 15:11:24,173 INFO  segmented.SegmentedRaftLogWorker (SegmentedRaftLogWorker.java:<init>(172)) - new 75a520fe-665b-49fe-9a72-197f3048aa8d-SegmentedRaftLogWorker:Storage Directory /workdir/hadoop-ozone/integration-test/target/test-dir/MiniOzoneClusterImpl-a7411b59-c253-4b32-b71c-4a3802367d93/datanode-3/data/ratis/0c6dc25f-607b-4e89-99f0-dc0199a56197 for RaftStorage:Storage Directory /workdir/hadoop-ozone/integration-test/target/test-dir/MiniOzoneClusterImpl-a7411b59-c253-4b32-b71c-4a3802367d93/datanode-3/data/ratis/0c6dc25f-607b-4e89-99f0-dc0199a56197
2019-07-30 15:11:24,173 INFO  server.RaftServerConfigKeys (ConfUtils.java:logGet(43)) - raft.server.log.queue.byte-limit = 2147483647 (custom)
2019-07-30 15:11:24,173 INFO  server.RaftServerConfigKeys (ConfUtils.java:logGet(43)) - raft.server.log.queue.element-limit = 1024 (custom)
2019-07-30 15:11:24,173 INFO  server.RaftServerConfigKeys (ConfUtils.java:logGet(43)) - raft.server.log.segment.size.max = 1048576 (custom)
2019-07-30 15:11:24,173 INFO  server.RaftServerConfigKeys (ConfUtils.java:logGet(43)) - raft.server.log.preallocated.size = 16384 (custom)
2019-07-30 15:11:24,174 INFO  server.RaftServerConfigKeys (ConfUtils.java:logGet(43)) - raft.server.log.write.buffer.size = 33554432 (custom)
2019-07-30 15:11:24,174 INFO  server.RaftServerConfigKeys (ConfUtils.java:logGet(43)) - raft.server.log.force.sync.num = 128 (default)
2019-07-30 15:11:24,174 INFO  server.RaftServerConfigKeys (ConfUtils.java:logGet(43)) - raft.server.log.statemachine.data.sync = true (default)
2019-07-30 15:11:24,174 INFO  server.RaftServerConfigKeys (ConfUtils.java:logGet(43)) - raft.server.log.statemachine.data.sync.timeout = 10s (default)
2019-07-30 15:11:24,174 INFO  server.RaftServerConfigKeys (ConfUtils.java:logGet(43)) - raft.server.log.statemachine.data.sync.timeout.retry = -1 (default)
2019-07-30 15:11:24,175 INFO  server.RaftServerConfigKeys (ConfUtils.java:logGet(43)) - raft.server.log.statemachine.data.caching.enabled = true (custom)
2019-07-30 15:11:24,175 INFO  segmented.SegmentedRaftLogWorker (SegmentedRaftLogWorker.java:lambda$new$0(132)) - 75a520fe-665b-49fe-9a72-197f3048aa8d-SegmentedRaftLogWorker:Storage Directory /workdir/hadoop-ozone/integration-test/target/test-dir/MiniOzoneClusterImpl-a7411b59-c253-4b32-b71c-4a3802367d93/datanode-3/data/ratis/0c6dc25f-607b-4e89-99f0-dc0199a56197: flushIndex: setUnconditionally 0 -> -1
2019-07-30 15:11:24,175 INFO  server.RaftServerConfigKeys (ConfUtils.java:logGet(43)) - raft.server.snapshot.auto.trigger.enabled = true (custom)
2019-07-30 15:11:24,175 INFO  server.RaftServerConfigKeys (ConfUtils.java:logGet(43)) - raft.server.snapshot.auto.trigger.threshold = 10000 (custom)
2019-07-30 15:11:24,176 INFO  server.RaftServerConfigKeys (ConfUtils.java:logGet(43)) - raft.server.retrycache.expirytime = 600000ms (custom)
2019-07-30 15:11:24,176 INFO  impl.RaftServerImpl (RaftServerImpl.java:start(180)) - 75a520fe-665b-49fe-9a72-197f3048aa8d: start group-DC0199A56197
2019-07-30 15:11:24,176 INFO  impl.RaftServerImpl (RaftServerImpl.java:setRole(171)) - 75a520fe-665b-49fe-9a72-197f3048aa8d:group-DC0199A56197 changes role from null to FOLLOWER at term 0 for startAsFollower
2019-07-30 15:11:24,176 INFO  impl.RoleInfo (RoleInfo.java:updateAndGet(143)) - 75a520fe-665b-49fe-9a72-197f3048aa8d: start FollowerState
2019-07-30 15:11:24,188 INFO  util.JmxRegister (JmxRegister.java:tryRegister(44)) - Successfully registered JMX Bean with object name Ratis:service=RaftServer,group=group-DC0199A56197,id=75a520fe-665b-49fe-9a72-197f3048aa8d
2019-07-30 15:11:24,198 INFO  pipeline.PipelineStateManager (PipelineStateManager.java:addPipeline(56)) - Created pipeline Pipeline[ Id: 0c6dc25f-607b-4e89-99f0-dc0199a56197, Nodes: 75a520fe-665b-49fe-9a72-197f3048aa8d{ip: 192.168.5.170, host: byscane-nightly-xg47r-921641087, networkLocation: /default-rack, certSerialId: null}, Type:RATIS, Factor:ONE, State:OPEN]
2019-07-30 15:11:24,304 INFO  net.NetworkTopology (NetworkTopologyImpl.java:add(110)) - Added a new node: /default-rack/dcff06cd-ae6d-4ae0-92d5-910e4a8ab9be
2019-07-30 15:11:24,304 INFO  node.SCMNodeManager (SCMNodeManager.java:register(273)) - Registered Data node : dcff06cd-ae6d-4ae0-92d5-910e4a8ab9be{ip: 192.168.5.170, host: byscane-nightly-xg47r-921641087, networkLocation: /default-rack, certSerialId: null}
2019-07-30 15:11:24,311 INFO  impl.RaftServerProxy (RaftServerProxy.java:addNew(89)) - dcff06cd-ae6d-4ae0-92d5-910e4a8ab9be: addNew group-89D18603DD9D:[dcff06cd-ae6d-4ae0-92d5-910e4a8ab9be:192.168.5.170:44230] returns group-89D18603DD9D:java.util.concurrent.CompletableFuture@5910b9b4[Not completed]
2019-07-30 15:11:24,312 INFO  impl.RaftServerImpl (RaftServerImpl.java:<init>(93)) - dcff06cd-ae6d-4ae0-92d5-910e4a8ab9be: new RaftServerImpl for group-89D18603DD9D:[dcff06cd-ae6d-4ae0-92d5-910e4a8ab9be:192.168.5.170:44230] with ContainerStateMachine:uninitialized
2019-07-30 15:11:24,312 INFO  server.RaftServerConfigKeys (ConfUtils.java:logGet(43)) - raft.server.rpc.timeout.min = 5s (custom)
2019-07-30 15:11:24,312 INFO  server.RaftServerConfigKeys (ConfUtils.java:logGet(43)) - raft.server.rpc.timeout.max = 5200ms (custom)
2019-07-30 15:11:24,312 INFO  server.RaftServerConfigKeys (ConfUtils.java:logGet(43)) - raft.server.rpcslowness.timeout = 120s (custom)
2019-07-30 15:11:24,313 INFO  server.RaftServerConfigKeys (ConfUtils.java:logGet(43)) - raft.server.sleep.deviation.threshold = 300 (default)
2019-07-30 15:11:24,313 INFO  server.RaftServerConfigKeys (ConfUtils.java:logGet(43)) - raft.server.log.appender.install.snapshot.enabled = false (custom)
2019-07-30 15:11:24,313 INFO  impl.RaftServerImpl (ServerState.java:<init>(105)) - dcff06cd-ae6d-4ae0-92d5-910e4a8ab9be:group-89D18603DD9D ConfigurationManager, init=-1: [dcff06cd-ae6d-4ae0-92d5-910e4a8ab9be:192.168.5.170:44230], old=null, confs=<EMPTY_MAP>
2019-07-30 15:11:24,313 INFO  server.RaftServerConfigKeys (ConfUtils.java:logGet(43)) - raft.server.storage.dir = [/workdir/hadoop-ozone/integration-test/target/test-dir/MiniOzoneClusterImpl-a7411b59-c253-4b32-b71c-4a3802367d93/datanode-4/data/ratis] (custom)
2019-07-30 15:11:24,313 INFO  storage.RaftStorageDirectory (RaftStorageDirectory.java:analyzeStorage(246)) - The storage directory /workdir/hadoop-ozone/integration-test/target/test-dir/MiniOzoneClusterImpl-a7411b59-c253-4b32-b71c-4a3802367d93/datanode-4/data/ratis/b1f5d58a-7da0-4580-bbb5-89d18603dd9d does not exist. Creating ...
2019-07-30 15:11:24,328 INFO  storage.RaftStorageDirectory (RaftStorageDirectory.java:tryLock(328)) - Lock on /workdir/hadoop-ozone/integration-test/target/test-dir/MiniOzoneClusterImpl-a7411b59-c253-4b32-b71c-4a3802367d93/datanode-4/data/ratis/b1f5d58a-7da0-4580-bbb5-89d18603dd9d/in_use.lock acquired by nodename 32735@byscane-nightly-xg47r-921641087
2019-07-30 15:11:24,340 INFO  storage.RaftStorage (RaftStorage.java:format(72)) - Storage directory /workdir/hadoop-ozone/integration-test/target/test-dir/MiniOzoneClusterImpl-a7411b59-c253-4b32-b71c-4a3802367d93/datanode-4/data/ratis/b1f5d58a-7da0-4580-bbb5-89d18603dd9d has been successfully formatted.
2019-07-30 15:11:24,340 INFO  ratis.ContainerStateMachine (ContainerStateMachine.java:loadSnapshot(213)) - group-89D18603DD9D: The snapshot info is null. Setting the last applied indexto:(t:0, i:~)
2019-07-30 15:11:24,340 INFO  server.RaftServerConfigKeys (ConfUtils.java:logGet(43)) - raft.server.leader.election.timeout = 120s (custom)
2019-07-30 15:11:24,340 INFO  server.RaftServerConfigKeys (ConfUtils.java:logGet(43)) - raft.server.log.use.memory = false (default)
2019-07-30 15:11:24,340 INFO  server.RaftServerConfigKeys (ConfUtils.java:logGet(43)) - raft.server.log.purge.gap = 1000000000 (custom)
2019-07-30 15:11:24,341 INFO  server.RaftServerConfigKeys (ConfUtils.java:logGet(43)) - raft.server.log.appender.buffer.byte-limit = 33554432 (custom)
2019-07-30 15:11:24,341 INFO  server.RaftServerConfigKeys (ConfUtils.java:logGet(43)) - raft.server.log.segment.size.max = 1048576 (custom)
2019-07-30 15:11:24,341 INFO  server.RaftServerConfigKeys (ConfUtils.java:logGet(43)) - raft.server.log.segment.cache.num.max = 2 (custom)
2019-07-30 15:11:24,341 INFO  segmented.SegmentedRaftLogWorker (SegmentedRaftLogWorker.java:<init>(172)) - new dcff06cd-ae6d-4ae0-92d5-910e4a8ab9be-SegmentedRaftLogWorker:Storage Directory /workdir/hadoop-ozone/integration-test/target/test-dir/MiniOzoneClusterImpl-a7411b59-c253-4b32-b71c-4a3802367d93/datanode-4/data/ratis/b1f5d58a-7da0-4580-bbb5-89d18603dd9d for RaftStorage:Storage Directory /workdir/hadoop-ozone/integration-test/target/test-dir/MiniOzoneClusterImpl-a7411b59-c253-4b32-b71c-4a3802367d93/datanode-4/data/ratis/b1f5d58a-7da0-4580-bbb5-89d18603dd9d
2019-07-30 15:11:24,341 INFO  server.RaftServerConfigKeys (ConfUtils.java:logGet(43)) - raft.server.log.queue.byte-limit = 2147483647 (custom)
2019-07-30 15:11:24,341 INFO  server.RaftServerConfigKeys (ConfUtils.java:logGet(43)) - raft.server.log.queue.element-limit = 1024 (custom)
2019-07-30 15:11:24,342 INFO  server.RaftServerConfigKeys (ConfUtils.java:logGet(43)) - raft.server.log.segment.size.max = 1048576 (custom)
2019-07-30 15:11:24,342 INFO  server.RaftServerConfigKeys (ConfUtils.java:logGet(43)) - raft.server.log.preallocated.size = 16384 (custom)
2019-07-30 15:11:24,342 INFO  server.RaftServerConfigKeys (ConfUtils.java:logGet(43)) - raft.server.log.write.buffer.size = 33554432 (custom)
2019-07-30 15:11:24,342 INFO  server.RaftServerConfigKeys (ConfUtils.java:logGet(43)) - raft.server.log.force.sync.num = 128 (default)
2019-07-30 15:11:24,342 INFO  server.RaftServerConfigKeys (ConfUtils.java:logGet(43)) - raft.server.log.statemachine.data.sync = true (default)
2019-07-30 15:11:24,342 INFO  server.RaftServerConfigKeys (ConfUtils.java:logGet(43)) - raft.server.log.statemachine.data.sync.timeout = 10s (default)
2019-07-30 15:11:24,342 INFO  server.RaftServerConfigKeys (ConfUtils.java:logGet(43)) - raft.server.log.statemachine.data.sync.timeout.retry = -1 (default)
2019-07-30 15:11:24,343 INFO  server.RaftServerConfigKeys (ConfUtils.java:logGet(43)) - raft.server.log.statemachine.data.caching.enabled = true (custom)
2019-07-30 15:11:24,343 INFO  segmented.SegmentedRaftLogWorker (SegmentedRaftLogWorker.java:lambda$new$0(132)) - dcff06cd-ae6d-4ae0-92d5-910e4a8ab9be-SegmentedRaftLogWorker:Storage Directory /workdir/hadoop-ozone/integration-test/target/test-dir/MiniOzoneClusterImpl-a7411b59-c253-4b32-b71c-4a3802367d93/datanode-4/data/ratis/b1f5d58a-7da0-4580-bbb5-89d18603dd9d: flushIndex: setUnconditionally 0 -> -1
2019-07-30 15:11:24,343 INFO  server.RaftServerConfigKeys (ConfUtils.java:logGet(43)) - raft.server.snapshot.auto.trigger.enabled = true (custom)
2019-07-30 15:11:24,344 INFO  server.RaftServerConfigKeys (ConfUtils.java:logGet(43)) - raft.server.snapshot.auto.trigger.threshold = 10000 (custom)
2019-07-30 15:11:24,344 INFO  server.RaftServerConfigKeys (ConfUtils.java:logGet(43)) - raft.server.retrycache.expirytime = 600000ms (custom)
2019-07-30 15:11:24,344 INFO  impl.RaftServerImpl (RaftServerImpl.java:start(180)) - dcff06cd-ae6d-4ae0-92d5-910e4a8ab9be: start group-89D18603DD9D
2019-07-30 15:11:24,344 INFO  impl.RaftServerImpl (RaftServerImpl.java:setRole(171)) - dcff06cd-ae6d-4ae0-92d5-910e4a8ab9be:group-89D18603DD9D changes role from null to FOLLOWER at term 0 for startAsFollower
2019-07-30 15:11:24,344 INFO  impl.RoleInfo (RoleInfo.java:updateAndGet(143)) - dcff06cd-ae6d-4ae0-92d5-910e4a8ab9be: start FollowerState
2019-07-30 15:11:24,345 INFO  util.JmxRegister (JmxRegister.java:tryRegister(44)) - Successfully registered JMX Bean with object name Ratis:service=RaftServer,group=group-89D18603DD9D,id=dcff06cd-ae6d-4ae0-92d5-910e4a8ab9be
2019-07-30 15:11:24,346 INFO  pipeline.PipelineStateManager (PipelineStateManager.java:addPipeline(56)) - Created pipeline Pipeline[ Id: b1f5d58a-7da0-4580-bbb5-89d18603dd9d, Nodes: dcff06cd-ae6d-4ae0-92d5-910e4a8ab9be{ip: 192.168.5.170, host: byscane-nightly-xg47r-921641087, networkLocation: /default-rack, certSerialId: null}, Type:RATIS, Factor:ONE, State:OPEN]
2019-07-30 15:11:24,662 INFO  net.NetworkTopology (NetworkTopologyImpl.java:add(110)) - Added a new node: /default-rack/0485825d-d380-4417-8394-96c5056d47e9
2019-07-30 15:11:24,662 INFO  node.SCMNodeManager (SCMNodeManager.java:register(273)) - Registered Data node : 0485825d-d380-4417-8394-96c5056d47e9{ip: 192.168.5.170, host: byscane-nightly-xg47r-921641087, networkLocation: /default-rack, certSerialId: null}
2019-07-30 15:11:24,671 INFO  impl.RaftServerProxy (RaftServerProxy.java:addNew(89)) - 0485825d-d380-4417-8394-96c5056d47e9: addNew group-003CD94C43D8:[0485825d-d380-4417-8394-96c5056d47e9:192.168.5.170:41894] returns group-003CD94C43D8:java.util.concurrent.CompletableFuture@473545cc[Not completed]
2019-07-30 15:11:24,672 INFO  impl.RaftServerImpl (RaftServerImpl.java:<init>(93)) - 0485825d-d380-4417-8394-96c5056d47e9: new RaftServerImpl for group-003CD94C43D8:[0485825d-d380-4417-8394-96c5056d47e9:192.168.5.170:41894] with ContainerStateMachine:uninitialized
2019-07-30 15:11:24,672 INFO  server.RaftServerConfigKeys (ConfUtils.java:logGet(43)) - raft.server.rpc.timeout.min = 5s (custom)
2019-07-30 15:11:24,672 INFO  server.RaftServerConfigKeys (ConfUtils.java:logGet(43)) - raft.server.rpc.timeout.max = 5200ms (custom)
2019-07-30 15:11:24,672 INFO  server.RaftServerConfigKeys (ConfUtils.java:logGet(43)) - raft.server.rpcslowness.timeout = 120s (custom)
2019-07-30 15:11:24,673 INFO  server.RaftServerConfigKeys (ConfUtils.java:logGet(43)) - raft.server.sleep.deviation.threshold = 300 (default)
2019-07-30 15:11:24,673 INFO  server.RaftServerConfigKeys (ConfUtils.java:logGet(43)) - raft.server.log.appender.install.snapshot.enabled = false (custom)
2019-07-30 15:11:24,673 INFO  impl.RaftServerImpl (ServerState.java:<init>(105)) - 0485825d-d380-4417-8394-96c5056d47e9:group-003CD94C43D8 ConfigurationManager, init=-1: [0485825d-d380-4417-8394-96c5056d47e9:192.168.5.170:41894], old=null, confs=<EMPTY_MAP>
2019-07-30 15:11:24,673 INFO  server.RaftServerConfigKeys (ConfUtils.java:logGet(43)) - raft.server.storage.dir = [/workdir/hadoop-ozone/integration-test/target/test-dir/MiniOzoneClusterImpl-a7411b59-c253-4b32-b71c-4a3802367d93/datanode-5/data/ratis] (custom)
2019-07-30 15:11:24,673 INFO  storage.RaftStorageDirectory (RaftStorageDirectory.java:analyzeStorage(246)) - The storage directory /workdir/hadoop-ozone/integration-test/target/test-dir/MiniOzoneClusterImpl-a7411b59-c253-4b32-b71c-4a3802367d93/datanode-5/data/ratis/e4f23b81-b3df-4035-919f-003cd94c43d8 does not exist. Creating ...
2019-07-30 15:11:24,687 INFO  storage.RaftStorageDirectory (RaftStorageDirectory.java:tryLock(328)) - Lock on /workdir/hadoop-ozone/integration-test/target/test-dir/MiniOzoneClusterImpl-a7411b59-c253-4b32-b71c-4a3802367d93/datanode-5/data/ratis/e4f23b81-b3df-4035-919f-003cd94c43d8/in_use.lock acquired by nodename 32735@byscane-nightly-xg47r-921641087
2019-07-30 15:11:24,699 INFO  storage.RaftStorage (RaftStorage.java:format(72)) - Storage directory /workdir/hadoop-ozone/integration-test/target/test-dir/MiniOzoneClusterImpl-a7411b59-c253-4b32-b71c-4a3802367d93/datanode-5/data/ratis/e4f23b81-b3df-4035-919f-003cd94c43d8 has been successfully formatted.
2019-07-30 15:11:24,699 INFO  ratis.ContainerStateMachine (ContainerStateMachine.java:loadSnapshot(213)) - group-003CD94C43D8: The snapshot info is null. Setting the last applied indexto:(t:0, i:~)
2019-07-30 15:11:24,699 INFO  server.RaftServerConfigKeys (ConfUtils.java:logGet(43)) - raft.server.leader.election.timeout = 120s (custom)
2019-07-30 15:11:24,699 INFO  server.RaftServerConfigKeys (ConfUtils.java:logGet(43)) - raft.server.log.use.memory = false (default)
2019-07-30 15:11:24,699 INFO  server.RaftServerConfigKeys (ConfUtils.java:logGet(43)) - raft.server.log.purge.gap = 1000000000 (custom)
2019-07-30 15:11:24,699 INFO  server.RaftServerConfigKeys (ConfUtils.java:logGet(43)) - raft.server.log.appender.buffer.byte-limit = 33554432 (custom)
2019-07-30 15:11:24,700 INFO  server.RaftServerConfigKeys (ConfUtils.java:logGet(43)) - raft.server.log.segment.size.max = 1048576 (custom)
2019-07-30 15:11:24,700 INFO  server.RaftServerConfigKeys (ConfUtils.java:logGet(43)) - raft.server.log.segment.cache.num.max = 2 (custom)
2019-07-30 15:11:24,700 INFO  segmented.SegmentedRaftLogWorker (SegmentedRaftLogWorker.java:<init>(172)) - new 0485825d-d380-4417-8394-96c5056d47e9-SegmentedRaftLogWorker:Storage Directory /workdir/hadoop-ozone/integration-test/target/test-dir/MiniOzoneClusterImpl-a7411b59-c253-4b32-b71c-4a3802367d93/datanode-5/data/ratis/e4f23b81-b3df-4035-919f-003cd94c43d8 for RaftStorage:Storage Directory /workdir/hadoop-ozone/integration-test/target/test-dir/MiniOzoneClusterImpl-a7411b59-c253-4b32-b71c-4a3802367d93/datanode-5/data/ratis/e4f23b81-b3df-4035-919f-003cd94c43d8
2019-07-30 15:11:24,700 INFO  server.RaftServerConfigKeys (ConfUtils.java:logGet(43)) - raft.server.log.queue.byte-limit = 2147483647 (custom)
2019-07-30 15:11:24,700 INFO  server.RaftServerConfigKeys (ConfUtils.java:logGet(43)) - raft.server.log.queue.element-limit = 1024 (custom)
2019-07-30 15:11:24,700 INFO  server.RaftServerConfigKeys (ConfUtils.java:logGet(43)) - raft.server.log.segment.size.max = 1048576 (custom)
2019-07-30 15:11:24,701 INFO  server.RaftServerConfigKeys (ConfUtils.java:logGet(43)) - raft.server.log.preallocated.size = 16384 (custom)
2019-07-30 15:11:24,701 INFO  server.RaftServerConfigKeys (ConfUtils.java:logGet(43)) - raft.server.log.write.buffer.size = 33554432 (custom)
2019-07-30 15:11:24,701 INFO  server.RaftServerConfigKeys (ConfUtils.java:logGet(43)) - raft.server.log.force.sync.num = 128 (default)
2019-07-30 15:11:24,701 INFO  server.RaftServerConfigKeys (ConfUtils.java:logGet(43)) - raft.server.log.statemachine.data.sync = true (default)
2019-07-30 15:11:24,701 INFO  server.RaftServerConfigKeys (ConfUtils.java:logGet(43)) - raft.server.log.statemachine.data.sync.timeout = 10s (default)
2019-07-30 15:11:24,701 INFO  server.RaftServerConfigKeys (ConfUtils.java:logGet(43)) - raft.server.log.statemachine.data.sync.timeout.retry = -1 (default)
2019-07-30 15:11:24,702 INFO  server.RaftServerConfigKeys (ConfUtils.java:logGet(43)) - raft.server.log.statemachine.data.caching.enabled = true (custom)
2019-07-30 15:11:24,702 INFO  segmented.SegmentedRaftLogWorker (SegmentedRaftLogWorker.java:lambda$new$0(132)) - 0485825d-d380-4417-8394-96c5056d47e9-SegmentedRaftLogWorker:Storage Directory /workdir/hadoop-ozone/integration-test/target/test-dir/MiniOzoneClusterImpl-a7411b59-c253-4b32-b71c-4a3802367d93/datanode-5/data/ratis/e4f23b81-b3df-4035-919f-003cd94c43d8: flushIndex: setUnconditionally 0 -> -1
2019-07-30 15:11:24,702 INFO  server.RaftServerConfigKeys (ConfUtils.java:logGet(43)) - raft.server.snapshot.auto.trigger.enabled = true (custom)
2019-07-30 15:11:24,702 INFO  server.RaftServerConfigKeys (ConfUtils.java:logGet(43)) - raft.server.snapshot.auto.trigger.threshold = 10000 (custom)
2019-07-30 15:11:24,702 INFO  server.RaftServerConfigKeys (ConfUtils.java:logGet(43)) - raft.server.retrycache.expirytime = 600000ms (custom)
2019-07-30 15:11:24,703 INFO  impl.RaftServerImpl (RaftServerImpl.java:start(180)) - 0485825d-d380-4417-8394-96c5056d47e9: start group-003CD94C43D8
2019-07-30 15:11:24,703 INFO  impl.RaftServerImpl (RaftServerImpl.java:setRole(171)) - 0485825d-d380-4417-8394-96c5056d47e9:group-003CD94C43D8 changes role from null to FOLLOWER at term 0 for startAsFollower
2019-07-30 15:11:24,703 INFO  impl.RoleInfo (RoleInfo.java:updateAndGet(143)) - 0485825d-d380-4417-8394-96c5056d47e9: start FollowerState
2019-07-30 15:11:24,703 INFO  util.JmxRegister (JmxRegister.java:tryRegister(44)) - Successfully registered JMX Bean with object name Ratis:service=RaftServer,group=group-003CD94C43D8,id=0485825d-d380-4417-8394-96c5056d47e9
2019-07-30 15:11:24,705 INFO  pipeline.PipelineStateManager (PipelineStateManager.java:addPipeline(56)) - Created pipeline Pipeline[ Id: e4f23b81-b3df-4035-919f-003cd94c43d8, Nodes: 0485825d-d380-4417-8394-96c5056d47e9{ip: 192.168.5.170, host: byscane-nightly-xg47r-921641087, networkLocation: /default-rack, certSerialId: null}, Type:RATIS, Factor:ONE, State:OPEN]
2019-07-30 15:11:24,717 INFO  impl.RaftServerProxy (RaftServerProxy.java:addNew(89)) - 75a520fe-665b-49fe-9a72-197f3048aa8d: addNew group-9BC8DDDEC6EB:[0485825d-d380-4417-8394-96c5056d47e9:192.168.5.170:41894, dcff06cd-ae6d-4ae0-92d5-910e4a8ab9be:192.168.5.170:44230, 75a520fe-665b-49fe-9a72-197f3048aa8d:192.168.5.170:44342] returns group-9BC8DDDEC6EB:java.util.concurrent.CompletableFuture@95c9ad0[Not completed]
2019-07-30 15:11:24,717 INFO  impl.RaftServerProxy (RaftServerProxy.java:addNew(89)) - dcff06cd-ae6d-4ae0-92d5-910e4a8ab9be: addNew group-9BC8DDDEC6EB:[0485825d-d380-4417-8394-96c5056d47e9:192.168.5.170:41894, dcff06cd-ae6d-4ae0-92d5-910e4a8ab9be:192.168.5.170:44230, 75a520fe-665b-49fe-9a72-197f3048aa8d:192.168.5.170:44342] returns group-9BC8DDDEC6EB:java.util.concurrent.CompletableFuture@3d5b3241[Not completed]
2019-07-30 15:11:24,717 INFO  impl.RaftServerProxy (RaftServerProxy.java:addNew(89)) - 0485825d-d380-4417-8394-96c5056d47e9: addNew group-9BC8DDDEC6EB:[0485825d-d380-4417-8394-96c5056d47e9:192.168.5.170:41894, dcff06cd-ae6d-4ae0-92d5-910e4a8ab9be:192.168.5.170:44230, 75a520fe-665b-49fe-9a72-197f3048aa8d:192.168.5.170:44342] returns group-9BC8DDDEC6EB:java.util.concurrent.CompletableFuture@77ceb676[Not completed]
2019-07-30 15:11:24,718 INFO  impl.RaftServerImpl (RaftServerImpl.java:<init>(93)) - 75a520fe-665b-49fe-9a72-197f3048aa8d: new RaftServerImpl for group-9BC8DDDEC6EB:[0485825d-d380-4417-8394-96c5056d47e9:192.168.5.170:41894, dcff06cd-ae6d-4ae0-92d5-910e4a8ab9be:192.168.5.170:44230, 75a520fe-665b-49fe-9a72-197f3048aa8d:192.168.5.170:44342] with ContainerStateMachine:uninitialized
2019-07-30 15:11:24,718 INFO  server.RaftServerConfigKeys (ConfUtils.java:logGet(43)) - raft.server.rpc.timeout.min = 5s (custom)
2019-07-30 15:11:24,719 INFO  server.RaftServerConfigKeys (ConfUtils.java:logGet(43)) - raft.server.rpc.timeout.max = 5200ms (custom)
2019-07-30 15:11:24,719 INFO  server.RaftServerConfigKeys (ConfUtils.java:logGet(43)) - raft.server.rpcslowness.timeout = 120s (custom)
2019-07-30 15:11:24,719 INFO  impl.RaftServerImpl (RaftServerImpl.java:<init>(93)) - dcff06cd-ae6d-4ae0-92d5-910e4a8ab9be: new RaftServerImpl for group-9BC8DDDEC6EB:[0485825d-d380-4417-8394-96c5056d47e9:192.168.5.170:41894, dcff06cd-ae6d-4ae0-92d5-910e4a8ab9be:192.168.5.170:44230, 75a520fe-665b-49fe-9a72-197f3048aa8d:192.168.5.170:44342] with ContainerStateMachine:uninitialized
2019-07-30 15:11:24,719 INFO  server.RaftServerConfigKeys (ConfUtils.java:logGet(43)) - raft.server.sleep.deviation.threshold = 300 (default)
2019-07-30 15:11:24,719 INFO  impl.RaftServerImpl (RaftServerImpl.java:<init>(93)) - 0485825d-d380-4417-8394-96c5056d47e9: new RaftServerImpl for group-9BC8DDDEC6EB:[0485825d-d380-4417-8394-96c5056d47e9:192.168.5.170:41894, dcff06cd-ae6d-4ae0-92d5-910e4a8ab9be:192.168.5.170:44230, 75a520fe-665b-49fe-9a72-197f3048aa8d:192.168.5.170:44342] with ContainerStateMachine:uninitialized
2019-07-30 15:11:24,719 INFO  server.RaftServerConfigKeys (ConfUtils.java:logGet(43)) - raft.server.rpc.timeout.min = 5s (custom)
2019-07-30 15:11:24,719 INFO  server.RaftServerConfigKeys (ConfUtils.java:logGet(43)) - raft.server.rpc.timeout.min = 5s (custom)
2019-07-30 15:11:24,719 INFO  server.RaftServerConfigKeys (ConfUtils.java:logGet(43)) - raft.server.log.appender.install.snapshot.enabled = false (custom)
2019-07-30 15:11:24,720 INFO  server.RaftServerConfigKeys (ConfUtils.java:logGet(43)) - raft.server.rpc.timeout.max = 5200ms (custom)
2019-07-30 15:11:24,719 INFO  server.RaftServerConfigKeys (ConfUtils.java:logGet(43)) - raft.server.rpc.timeout.max = 5200ms (custom)
2019-07-30 15:11:24,720 INFO  server.RaftServerConfigKeys (ConfUtils.java:logGet(43)) - raft.server.rpcslowness.timeout = 120s (custom)
2019-07-30 15:11:24,720 INFO  impl.RaftServerImpl (ServerState.java:<init>(105)) - 75a520fe-665b-49fe-9a72-197f3048aa8d:group-9BC8DDDEC6EB ConfigurationManager, init=-1: [0485825d-d380-4417-8394-96c5056d47e9:192.168.5.170:41894, dcff06cd-ae6d-4ae0-92d5-910e4a8ab9be:192.168.5.170:44230, 75a520fe-665b-49fe-9a72-197f3048aa8d:192.168.5.170:44342], old=null, confs=<EMPTY_MAP>
2019-07-30 15:11:24,720 INFO  server.RaftServerConfigKeys (ConfUtils.java:logGet(43)) - raft.server.sleep.deviation.threshold = 300 (default)
2019-07-30 15:11:24,720 INFO  server.RaftServerConfigKeys (ConfUtils.java:logGet(43)) - raft.server.log.appender.install.snapshot.enabled = false (custom)
2019-07-30 15:11:24,720 INFO  server.RaftServerConfigKeys (ConfUtils.java:logGet(43)) - raft.server.rpcslowness.timeout = 120s (custom)
2019-07-30 15:11:24,721 INFO  impl.RaftServerImpl (ServerState.java:<init>(105)) - 0485825d-d380-4417-8394-96c5056d47e9:group-9BC8DDDEC6EB ConfigurationManager, init=-1: [0485825d-d380-4417-8394-96c5056d47e9:192.168.5.170:41894, dcff06cd-ae6d-4ae0-92d5-910e4a8ab9be:192.168.5.170:44230, 75a520fe-665b-49fe-9a72-197f3048aa8d:192.168.5.170:44342], old=null, confs=<EMPTY_MAP>
2019-07-30 15:11:24,720 INFO  server.RaftServerConfigKeys (ConfUtils.java:logGet(43)) - raft.server.storage.dir = [/workdir/hadoop-ozone/integration-test/target/test-dir/MiniOzoneClusterImpl-a7411b59-c253-4b32-b71c-4a3802367d93/datanode-3/data/ratis] (custom)
2019-07-30 15:11:24,721 INFO  server.RaftServerConfigKeys (ConfUtils.java:logGet(43)) - raft.server.storage.dir = [/workdir/hadoop-ozone/integration-test/target/test-dir/MiniOzoneClusterImpl-a7411b59-c253-4b32-b71c-4a3802367d93/datanode-5/data/ratis] (custom)
2019-07-30 15:11:24,721 INFO  server.RaftServerConfigKeys (ConfUtils.java:logGet(43)) - raft.server.sleep.deviation.threshold = 300 (default)
2019-07-30 15:11:24,721 INFO  storage.RaftStorageDirectory (RaftStorageDirectory.java:analyzeStorage(246)) - The storage directory /workdir/hadoop-ozone/integration-test/target/test-dir/MiniOzoneClusterImpl-a7411b59-c253-4b32-b71c-4a3802367d93/datanode-3/data/ratis/9ebc7871-911a-4c41-920c-9bc8dddec6eb does not exist. Creating ...
2019-07-30 15:11:24,721 INFO  storage.RaftStorageDirectory (RaftStorageDirectory.java:analyzeStorage(246)) - The storage directory /workdir/hadoop-ozone/integration-test/target/test-dir/MiniOzoneClusterImpl-a7411b59-c253-4b32-b71c-4a3802367d93/datanode-5/data/ratis/9ebc7871-911a-4c41-920c-9bc8dddec6eb does not exist. Creating ...
2019-07-30 15:11:24,721 INFO  server.RaftServerConfigKeys (ConfUtils.java:logGet(43)) - raft.server.log.appender.install.snapshot.enabled = false (custom)
2019-07-30 15:11:24,722 INFO  impl.RaftServerImpl (ServerState.java:<init>(105)) - dcff06cd-ae6d-4ae0-92d5-910e4a8ab9be:group-9BC8DDDEC6EB ConfigurationManager, init=-1: [0485825d-d380-4417-8394-96c5056d47e9:192.168.5.170:41894, dcff06cd-ae6d-4ae0-92d5-910e4a8ab9be:192.168.5.170:44230, 75a520fe-665b-49fe-9a72-197f3048aa8d:192.168.5.170:44342], old=null, confs=<EMPTY_MAP>
2019-07-30 15:11:24,722 INFO  server.RaftServerConfigKeys (ConfUtils.java:logGet(43)) - raft.server.storage.dir = [/workdir/hadoop-ozone/integration-test/target/test-dir/MiniOzoneClusterImpl-a7411b59-c253-4b32-b71c-4a3802367d93/datanode-4/data/ratis] (custom)
2019-07-30 15:11:24,722 INFO  storage.RaftStorageDirectory (RaftStorageDirectory.java:analyzeStorage(246)) - The storage directory /workdir/hadoop-ozone/integration-test/target/test-dir/MiniOzoneClusterImpl-a7411b59-c253-4b32-b71c-4a3802367d93/datanode-4/data/ratis/9ebc7871-911a-4c41-920c-9bc8dddec6eb does not exist. Creating ...
2019-07-30 15:11:24,737 INFO  storage.RaftStorageDirectory (RaftStorageDirectory.java:tryLock(328)) - Lock on /workdir/hadoop-ozone/integration-test/target/test-dir/MiniOzoneClusterImpl-a7411b59-c253-4b32-b71c-4a3802367d93/datanode-4/data/ratis/9ebc7871-911a-4c41-920c-9bc8dddec6eb/in_use.lock acquired by nodename 32735@byscane-nightly-xg47r-921641087
2019-07-30 15:11:24,737 INFO  storage.RaftStorageDirectory (RaftStorageDirectory.java:tryLock(328)) - Lock on /workdir/hadoop-ozone/integration-test/target/test-dir/MiniOzoneClusterImpl-a7411b59-c253-4b32-b71c-4a3802367d93/datanode-5/data/ratis/9ebc7871-911a-4c41-920c-9bc8dddec6eb/in_use.lock acquired by nodename 32735@byscane-nightly-xg47r-921641087
2019-07-30 15:11:24,737 INFO  storage.RaftStorageDirectory (RaftStorageDirectory.java:tryLock(328)) - Lock on /workdir/hadoop-ozone/integration-test/target/test-dir/MiniOzoneClusterImpl-a7411b59-c253-4b32-b71c-4a3802367d93/datanode-3/data/ratis/9ebc7871-911a-4c41-920c-9bc8dddec6eb/in_use.lock acquired by nodename 32735@byscane-nightly-xg47r-921641087
2019-07-30 15:11:24,759 INFO  storage.RaftStorage (RaftStorage.java:format(72)) - Storage directory /workdir/hadoop-ozone/integration-test/target/test-dir/MiniOzoneClusterImpl-a7411b59-c253-4b32-b71c-4a3802367d93/datanode-5/data/ratis/9ebc7871-911a-4c41-920c-9bc8dddec6eb has been successfully formatted.
2019-07-30 15:11:24,759 INFO  storage.RaftStorage (RaftStorage.java:format(72)) - Storage directory /workdir/hadoop-ozone/integration-test/target/test-dir/MiniOzoneClusterImpl-a7411b59-c253-4b32-b71c-4a3802367d93/datanode-3/data/ratis/9ebc7871-911a-4c41-920c-9bc8dddec6eb has been successfully formatted.
2019-07-30 15:11:24,759 INFO  storage.RaftStorage (RaftStorage.java:format(72)) - Storage directory /workdir/hadoop-ozone/integration-test/target/test-dir/MiniOzoneClusterImpl-a7411b59-c253-4b32-b71c-4a3802367d93/datanode-4/data/ratis/9ebc7871-911a-4c41-920c-9bc8dddec6eb has been successfully formatted.
2019-07-30 15:11:24,759 INFO  ratis.ContainerStateMachine (ContainerStateMachine.java:loadSnapshot(213)) - group-9BC8DDDEC6EB: The snapshot info is null. Setting the last applied indexto:(t:0, i:~)
2019-07-30 15:11:24,759 INFO  ratis.ContainerStateMachine (ContainerStateMachine.java:loadSnapshot(213)) - group-9BC8DDDEC6EB: The snapshot info is null. Setting the last applied indexto:(t:0, i:~)
2019-07-30 15:11:24,759 INFO  server.RaftServerConfigKeys (ConfUtils.java:logGet(43)) - raft.server.leader.election.timeout = 120s (custom)
2019-07-30 15:11:24,759 INFO  ratis.ContainerStateMachine (ContainerStateMachine.java:loadSnapshot(213)) - group-9BC8DDDEC6EB: The snapshot info is null. Setting the last applied indexto:(t:0, i:~)
2019-07-30 15:11:24,760 INFO  server.RaftServerConfigKeys (ConfUtils.java:logGet(43)) - raft.server.log.use.memory = false (default)
2019-07-30 15:11:24,760 INFO  server.RaftServerConfigKeys (ConfUtils.java:logGet(43)) - raft.server.log.purge.gap = 1000000000 (custom)
2019-07-30 15:11:24,760 INFO  server.RaftServerConfigKeys (ConfUtils.java:logGet(43)) - raft.server.leader.election.timeout = 120s (custom)
2019-07-30 15:11:24,760 INFO  server.RaftServerConfigKeys (ConfUtils.java:logGet(43)) - raft.server.log.appender.buffer.byte-limit = 33554432 (custom)
2019-07-30 15:11:24,760 INFO  server.RaftServerConfigKeys (ConfUtils.java:logGet(43)) - raft.server.leader.election.timeout = 120s (custom)
2019-07-30 15:11:24,760 INFO  server.RaftServerConfigKeys (ConfUtils.java:logGet(43)) - raft.server.log.segment.size.max = 1048576 (custom)
2019-07-30 15:11:24,760 INFO  server.RaftServerConfigKeys (ConfUtils.java:logGet(43)) - raft.server.log.use.memory = false (default)
2019-07-30 15:11:24,761 INFO  server.RaftServerConfigKeys (ConfUtils.java:logGet(43)) - raft.server.log.segment.cache.num.max = 2 (custom)
2019-07-30 15:11:24,761 INFO  segmented.SegmentedRaftLogWorker (SegmentedRaftLogWorker.java:<init>(172)) - new 75a520fe-665b-49fe-9a72-197f3048aa8d-SegmentedRaftLogWorker:Storage Directory /workdir/hadoop-ozone/integration-test/target/test-dir/MiniOzoneClusterImpl-a7411b59-c253-4b32-b71c-4a3802367d93/datanode-3/data/ratis/9ebc7871-911a-4c41-920c-9bc8dddec6eb for RaftStorage:Storage Directory /workdir/hadoop-ozone/integration-test/target/test-dir/MiniOzoneClusterImpl-a7411b59-c253-4b32-b71c-4a3802367d93/datanode-3/data/ratis/9ebc7871-911a-4c41-920c-9bc8dddec6eb
2019-07-30 15:11:24,761 INFO  server.RaftServerConfigKeys (ConfUtils.java:logGet(43)) - raft.server.log.use.memory = false (default)
2019-07-30 15:11:24,761 INFO  server.RaftServerConfigKeys (ConfUtils.java:logGet(43)) - raft.server.log.queue.byte-limit = 2147483647 (custom)
2019-07-30 15:11:24,762 INFO  server.RaftServerConfigKeys (ConfUtils.java:logGet(43)) - raft.server.log.queue.element-limit = 1024 (custom)
2019-07-30 15:11:24,761 INFO  server.RaftServerConfigKeys (ConfUtils.java:logGet(43)) - raft.server.log.purge.gap = 1000000000 (custom)
2019-07-30 15:11:24,762 INFO  server.RaftServerConfigKeys (ConfUtils.java:logGet(43)) - raft.server.log.segment.size.max = 1048576 (custom)
2019-07-30 15:11:24,762 INFO  server.RaftServerConfigKeys (ConfUtils.java:logGet(43)) - raft.server.log.preallocated.size = 16384 (custom)
2019-07-30 15:11:24,762 INFO  server.RaftServerConfigKeys (ConfUtils.java:logGet(43)) - raft.server.log.write.buffer.size = 33554432 (custom)
2019-07-30 15:11:24,761 INFO  server.RaftServerConfigKeys (ConfUtils.java:logGet(43)) - raft.server.log.purge.gap = 1000000000 (custom)
2019-07-30 15:11:24,762 INFO  server.RaftServerConfigKeys (ConfUtils.java:logGet(43)) - raft.server.log.force.sync.num = 128 (default)
2019-07-30 15:11:24,762 INFO  server.RaftServerConfigKeys (ConfUtils.java:logGet(43)) - raft.server.log.appender.buffer.byte-limit = 33554432 (custom)
2019-07-30 15:11:24,763 INFO  server.RaftServerConfigKeys (ConfUtils.java:logGet(43)) - raft.server.log.statemachine.data.sync = true (default)
2019-07-30 15:11:24,763 INFO  server.RaftServerConfigKeys (ConfUtils.java:logGet(43)) - raft.server.log.statemachine.data.sync.timeout = 10s (default)
2019-07-30 15:11:24,762 INFO  server.RaftServerConfigKeys (ConfUtils.java:logGet(43)) - raft.server.log.appender.buffer.byte-limit = 33554432 (custom)
2019-07-30 15:11:24,763 INFO  server.RaftServerConfigKeys (ConfUtils.java:logGet(43)) - raft.server.log.statemachine.data.sync.timeout.retry = -1 (default)
2019-07-30 15:11:24,763 INFO  server.RaftServerConfigKeys (ConfUtils.java:logGet(43)) - raft.server.log.segment.size.max = 1048576 (custom)
2019-07-30 15:11:24,763 INFO  server.RaftServerConfigKeys (ConfUtils.java:logGet(43)) - raft.server.log.statemachine.data.caching.enabled = true (custom)
2019-07-30 15:11:24,763 INFO  server.RaftServerConfigKeys (ConfUtils.java:logGet(43)) - raft.server.log.segment.size.max = 1048576 (custom)
2019-07-30 15:11:24,764 INFO  server.RaftServerConfigKeys (ConfUtils.java:logGet(43)) - raft.server.log.segment.cache.num.max = 2 (custom)
2019-07-30 15:11:24,764 INFO  server.RaftServerConfigKeys (ConfUtils.java:logGet(43)) - raft.server.log.segment.cache.num.max = 2 (custom)
2019-07-30 15:11:24,764 INFO  segmented.SegmentedRaftLogWorker (SegmentedRaftLogWorker.java:lambda$new$0(132)) - 75a520fe-665b-49fe-9a72-197f3048aa8d-SegmentedRaftLogWorker:Storage Directory /workdir/hadoop-ozone/integration-test/target/test-dir/MiniOzoneClusterImpl-a7411b59-c253-4b32-b71c-4a3802367d93/datanode-3/data/ratis/9ebc7871-911a-4c41-920c-9bc8dddec6eb: flushIndex: setUnconditionally 0 -> -1
2019-07-30 15:11:24,764 INFO  segmented.SegmentedRaftLogWorker (SegmentedRaftLogWorker.java:<init>(172)) - new dcff06cd-ae6d-4ae0-92d5-910e4a8ab9be-SegmentedRaftLogWorker:Storage Directory /workdir/hadoop-ozone/integration-test/target/test-dir/MiniOzoneClusterImpl-a7411b59-c253-4b32-b71c-4a3802367d93/datanode-4/data/ratis/9ebc7871-911a-4c41-920c-9bc8dddec6eb for RaftStorage:Storage Directory /workdir/hadoop-ozone/integration-test/target/test-dir/MiniOzoneClusterImpl-a7411b59-c253-4b32-b71c-4a3802367d93/datanode-4/data/ratis/9ebc7871-911a-4c41-920c-9bc8dddec6eb
2019-07-30 15:11:24,764 INFO  segmented.SegmentedRaftLogWorker (SegmentedRaftLogWorker.java:<init>(172)) - new 0485825d-d380-4417-8394-96c5056d47e9-SegmentedRaftLogWorker:Storage Directory /workdir/hadoop-ozone/integration-test/target/test-dir/MiniOzoneClusterImpl-a7411b59-c253-4b32-b71c-4a3802367d93/datanode-5/data/ratis/9ebc7871-911a-4c41-920c-9bc8dddec6eb for RaftStorage:Storage Directory /workdir/hadoop-ozone/integration-test/target/test-dir/MiniOzoneClusterImpl-a7411b59-c253-4b32-b71c-4a3802367d93/datanode-5/data/ratis/9ebc7871-911a-4c41-920c-9bc8dddec6eb
2019-07-30 15:11:24,765 INFO  server.RaftServerConfigKeys (ConfUtils.java:logGet(43)) - raft.server.snapshot.auto.trigger.enabled = true (custom)
2019-07-30 15:11:24,765 INFO  server.RaftServerConfigKeys (ConfUtils.java:logGet(43)) - raft.server.log.queue.byte-limit = 2147483647 (custom)
2019-07-30 15:11:24,765 INFO  server.RaftServerConfigKeys (ConfUtils.java:logGet(43)) - raft.server.snapshot.auto.trigger.threshold = 10000 (custom)
2019-07-30 15:11:24,765 INFO  server.RaftServerConfigKeys (ConfUtils.java:logGet(43)) - raft.server.log.queue.byte-limit = 2147483647 (custom)
2019-07-30 15:11:24,765 INFO  server.RaftServerConfigKeys (ConfUtils.java:logGet(43)) - raft.server.retrycache.expirytime = 600000ms (custom)
2019-07-30 15:11:24,765 INFO  server.RaftServerConfigKeys (ConfUtils.java:logGet(43)) - raft.server.log.queue.element-limit = 1024 (custom)
2019-07-30 15:11:24,766 INFO  impl.RaftServerImpl (RaftServerImpl.java:start(180)) - 75a520fe-665b-49fe-9a72-197f3048aa8d: start group-9BC8DDDEC6EB
2019-07-30 15:11:24,765 INFO  server.RaftServerConfigKeys (ConfUtils.java:logGet(43)) - raft.server.log.queue.element-limit = 1024 (custom)
2019-07-30 15:11:24,766 INFO  impl.RaftServerImpl (RaftServerImpl.java:setRole(171)) - 75a520fe-665b-49fe-9a72-197f3048aa8d:group-9BC8DDDEC6EB changes role from null to FOLLOWER at term 0 for startAsFollower
2019-07-30 15:11:24,766 INFO  server.RaftServerConfigKeys (ConfUtils.java:logGet(43)) - raft.server.log.segment.size.max = 1048576 (custom)
2019-07-30 15:11:24,766 INFO  impl.RoleInfo (RoleInfo.java:updateAndGet(143)) - 75a520fe-665b-49fe-9a72-197f3048aa8d: start FollowerState
2019-07-30 15:11:24,766 INFO  server.RaftServerConfigKeys (ConfUtils.java:logGet(43)) - raft.server.log.segment.size.max = 1048576 (custom)
2019-07-30 15:11:24,767 INFO  server.RaftServerConfigKeys (ConfUtils.java:logGet(43)) - raft.server.log.preallocated.size = 16384 (custom)
2019-07-30 15:11:24,766 INFO  server.RaftServerConfigKeys (ConfUtils.java:logGet(43)) - raft.server.log.preallocated.size = 16384 (custom)
2019-07-30 15:11:24,767 INFO  server.RaftServerConfigKeys (ConfUtils.java:logGet(43)) - raft.server.log.write.buffer.size = 33554432 (custom)
2019-07-30 15:11:24,767 INFO  util.JmxRegister (JmxRegister.java:tryRegister(44)) - Successfully registered JMX Bean with object name Ratis:service=RaftServer,group=group-9BC8DDDEC6EB,id=75a520fe-665b-49fe-9a72-197f3048aa8d
2019-07-30 15:11:24,767 INFO  server.RaftServerConfigKeys (ConfUtils.java:logGet(43)) - raft.server.log.force.sync.num = 128 (default)
2019-07-30 15:11:24,767 INFO  server.RaftServerConfigKeys (ConfUtils.java:logGet(43)) - raft.server.log.statemachine.data.sync = true (default)
2019-07-30 15:11:24,767 INFO  server.RaftServerConfigKeys (ConfUtils.java:logGet(43)) - raft.server.log.write.buffer.size = 33554432 (custom)
2019-07-30 15:11:24,768 INFO  server.RaftServerConfigKeys (ConfUtils.java:logGet(43)) - raft.server.log.statemachine.data.sync.timeout = 10s (default)
2019-07-30 15:11:24,768 INFO  server.RaftServerConfigKeys (ConfUtils.java:logGet(43)) - raft.server.log.force.sync.num = 128 (default)
2019-07-30 15:11:24,768 INFO  server.RaftServerConfigKeys (ConfUtils.java:logGet(43)) - raft.server.log.statemachine.data.sync.timeout.retry = -1 (default)
2019-07-30 15:11:24,768 INFO  server.RaftServerConfigKeys (ConfUtils.java:logGet(43)) - raft.server.log.statemachine.data.sync = true (default)
2019-07-30 15:11:24,768 INFO  server.RaftServerConfigKeys (ConfUtils.java:logGet(43)) - raft.server.log.statemachine.data.caching.enabled = true (custom)
2019-07-30 15:11:24,768 INFO  server.RaftServerConfigKeys (ConfUtils.java:logGet(43)) - raft.server.log.statemachine.data.sync.timeout = 10s (default)
2019-07-30 15:11:24,769 INFO  server.RaftServerConfigKeys (ConfUtils.java:logGet(43)) - raft.server.log.statemachine.data.sync.timeout.retry = -1 (default)
2019-07-30 15:11:24,769 INFO  segmented.SegmentedRaftLogWorker (SegmentedRaftLogWorker.java:lambda$new$0(132)) - 0485825d-d380-4417-8394-96c5056d47e9-SegmentedRaftLogWorker:Storage Directory /workdir/hadoop-ozone/integration-test/target/test-dir/MiniOzoneClusterImpl-a7411b59-c253-4b32-b71c-4a3802367d93/datanode-5/data/ratis/9ebc7871-911a-4c41-920c-9bc8dddec6eb: flushIndex: setUnconditionally 0 -> -1
2019-07-30 15:11:24,769 INFO  server.RaftServerConfigKeys (ConfUtils.java:logGet(43)) - raft.server.log.statemachine.data.caching.enabled = true (custom)
2019-07-30 15:11:24,769 INFO  server.RaftServerConfigKeys (ConfUtils.java:logGet(43)) - raft.server.snapshot.auto.trigger.enabled = true (custom)
2019-07-30 15:11:24,769 INFO  segmented.SegmentedRaftLogWorker (SegmentedRaftLogWorker.java:lambda$new$0(132)) - dcff06cd-ae6d-4ae0-92d5-910e4a8ab9be-SegmentedRaftLogWorker:Storage Directory /workdir/hadoop-ozone/integration-test/target/test-dir/MiniOzoneClusterImpl-a7411b59-c253-4b32-b71c-4a3802367d93/datanode-4/data/ratis/9ebc7871-911a-4c41-920c-9bc8dddec6eb: flushIndex: setUnconditionally 0 -> -1
2019-07-30 15:11:24,769 INFO  server.RaftServerConfigKeys (ConfUtils.java:logGet(43)) - raft.server.snapshot.auto.trigger.threshold = 10000 (custom)
2019-07-30 15:11:24,770 INFO  server.RaftServerConfigKeys (ConfUtils.java:logGet(43)) - raft.server.snapshot.auto.trigger.enabled = true (custom)
2019-07-30 15:11:24,770 INFO  server.RaftServerConfigKeys (ConfUtils.java:logGet(43)) - raft.server.retrycache.expirytime = 600000ms (custom)
2019-07-30 15:11:24,770 INFO  server.RaftServerConfigKeys (ConfUtils.java:logGet(43)) - raft.server.snapshot.auto.trigger.threshold = 10000 (custom)
2019-07-30 15:11:24,770 INFO  impl.RaftServerImpl (RaftServerImpl.java:start(180)) - 0485825d-d380-4417-8394-96c5056d47e9: start group-9BC8DDDEC6EB
2019-07-30 15:11:24,770 INFO  server.RaftServerConfigKeys (ConfUtils.java:logGet(43)) - raft.server.retrycache.expirytime = 600000ms (custom)
2019-07-30 15:11:24,770 INFO  impl.RaftServerImpl (RaftServerImpl.java:setRole(171)) - 0485825d-d380-4417-8394-96c5056d47e9:group-9BC8DDDEC6EB changes role from null to FOLLOWER at term 0 for startAsFollower
2019-07-30 15:11:24,770 INFO  impl.RaftServerImpl (RaftServerImpl.java:start(180)) - dcff06cd-ae6d-4ae0-92d5-910e4a8ab9be: start group-9BC8DDDEC6EB
2019-07-30 15:11:24,770 INFO  impl.RoleInfo (RoleInfo.java:updateAndGet(143)) - 0485825d-d380-4417-8394-96c5056d47e9: start FollowerState
2019-07-30 15:11:24,771 INFO  impl.RaftServerImpl (RaftServerImpl.java:setRole(171)) - dcff06cd-ae6d-4ae0-92d5-910e4a8ab9be:group-9BC8DDDEC6EB changes role from null to FOLLOWER at term 0 for startAsFollower
2019-07-30 15:11:24,771 INFO  impl.RoleInfo (RoleInfo.java:updateAndGet(143)) - dcff06cd-ae6d-4ae0-92d5-910e4a8ab9be: start FollowerState
2019-07-30 15:11:24,771 INFO  util.JmxRegister (JmxRegister.java:tryRegister(44)) - Successfully registered JMX Bean with object name Ratis:service=RaftServer,group=group-9BC8DDDEC6EB,id=0485825d-d380-4417-8394-96c5056d47e9
2019-07-30 15:11:24,771 INFO  util.JmxRegister (JmxRegister.java:tryRegister(44)) - Successfully registered JMX Bean with object name Ratis:service=RaftServer,group=group-9BC8DDDEC6EB,id=dcff06cd-ae6d-4ae0-92d5-910e4a8ab9be
2019-07-30 15:11:24,773 INFO  pipeline.PipelineStateManager (PipelineStateManager.java:addPipeline(56)) - Created pipeline Pipeline[ Id: 9ebc7871-911a-4c41-920c-9bc8dddec6eb, Nodes: dcff06cd-ae6d-4ae0-92d5-910e4a8ab9be{ip: 192.168.5.170, host: byscane-nightly-xg47r-921641087, networkLocation: /default-rack, certSerialId: null}75a520fe-665b-49fe-9a72-197f3048aa8d{ip: 192.168.5.170, host: byscane-nightly-xg47r-921641087, networkLocation: /default-rack, certSerialId: null}0485825d-d380-4417-8394-96c5056d47e9{ip: 192.168.5.170, host: byscane-nightly-xg47r-921641087, networkLocation: /default-rack, certSerialId: null}, Type:RATIS, Factor:THREE, State:OPEN]
2019-07-30 15:11:24,881 INFO  ozone.MiniOzoneClusterImpl (MiniOzoneClusterImpl.java:lambda$waitForClusterToBeReady$0(142)) - Waiting for cluster to be ready. Got 6 of 7 DN Heartbeats.
2019-07-30 15:11:24,882 INFO  net.NetworkTopology (NetworkTopologyImpl.java:add(110)) - Added a new node: /default-rack/c12632d0-2dcb-49b0-a4cc-89ffab2550ae
2019-07-30 15:11:24,882 INFO  node.SCMNodeManager (SCMNodeManager.java:register(273)) - Registered Data node : c12632d0-2dcb-49b0-a4cc-89ffab2550ae{ip: 192.168.5.170, host: byscane-nightly-xg47r-921641087, networkLocation: /default-rack, certSerialId: null}
2019-07-30 15:11:24,888 INFO  impl.RaftServerProxy (RaftServerProxy.java:addNew(89)) - c12632d0-2dcb-49b0-a4cc-89ffab2550ae: addNew group-498442456AD0:[c12632d0-2dcb-49b0-a4cc-89ffab2550ae:192.168.5.170:45992] returns group-498442456AD0:java.util.concurrent.CompletableFuture@19b0d9bf[Not completed]
2019-07-30 15:11:24,889 INFO  impl.RaftServerImpl (RaftServerImpl.java:<init>(93)) - c12632d0-2dcb-49b0-a4cc-89ffab2550ae: new RaftServerImpl for group-498442456AD0:[c12632d0-2dcb-49b0-a4cc-89ffab2550ae:192.168.5.170:45992] with ContainerStateMachine:uninitialized
2019-07-30 15:11:24,889 INFO  server.RaftServerConfigKeys (ConfUtils.java:logGet(43)) - raft.server.rpc.timeout.min = 5s (custom)
2019-07-30 15:11:24,889 INFO  server.RaftServerConfigKeys (ConfUtils.java:logGet(43)) - raft.server.rpc.timeout.max = 5200ms (custom)
2019-07-30 15:11:24,890 INFO  server.RaftServerConfigKeys (ConfUtils.java:logGet(43)) - raft.server.rpcslowness.timeout = 120s (custom)
2019-07-30 15:11:24,890 INFO  server.RaftServerConfigKeys (ConfUtils.java:logGet(43)) - raft.server.sleep.deviation.threshold = 300 (default)
2019-07-30 15:11:24,890 INFO  server.RaftServerConfigKeys (ConfUtils.java:logGet(43)) - raft.server.log.appender.install.snapshot.enabled = false (custom)
2019-07-30 15:11:24,890 INFO  impl.RaftServerImpl (ServerState.java:<init>(105)) - c12632d0-2dcb-49b0-a4cc-89ffab2550ae:group-498442456AD0 ConfigurationManager, init=-1: [c12632d0-2dcb-49b0-a4cc-89ffab2550ae:192.168.5.170:45992], old=null, confs=<EMPTY_MAP>
2019-07-30 15:11:24,890 INFO  server.RaftServerConfigKeys (ConfUtils.java:logGet(43)) - raft.server.storage.dir = [/workdir/hadoop-ozone/integration-test/target/test-dir/MiniOzoneClusterImpl-a7411b59-c253-4b32-b71c-4a3802367d93/datanode-6/data/ratis] (custom)
2019-07-30 15:11:24,891 INFO  storage.RaftStorageDirectory (RaftStorageDirectory.java:analyzeStorage(246)) - The storage directory /workdir/hadoop-ozone/integration-test/target/test-dir/MiniOzoneClusterImpl-a7411b59-c253-4b32-b71c-4a3802367d93/datanode-6/data/ratis/c9b92886-cf71-4b4e-bd29-498442456ad0 does not exist. Creating ...
2019-07-30 15:11:24,912 INFO  storage.RaftStorageDirectory (RaftStorageDirectory.java:tryLock(328)) - Lock on /workdir/hadoop-ozone/integration-test/target/test-dir/MiniOzoneClusterImpl-a7411b59-c253-4b32-b71c-4a3802367d93/datanode-6/data/ratis/c9b92886-cf71-4b4e-bd29-498442456ad0/in_use.lock acquired by nodename 32735@byscane-nightly-xg47r-921641087
2019-07-30 15:11:24,924 INFO  storage.RaftStorage (RaftStorage.java:format(72)) - Storage directory /workdir/hadoop-ozone/integration-test/target/test-dir/MiniOzoneClusterImpl-a7411b59-c253-4b32-b71c-4a3802367d93/datanode-6/data/ratis/c9b92886-cf71-4b4e-bd29-498442456ad0 has been successfully formatted.
2019-07-30 15:11:24,924 INFO  ratis.ContainerStateMachine (ContainerStateMachine.java:loadSnapshot(213)) - group-498442456AD0: The snapshot info is null. Setting the last applied indexto:(t:0, i:~)
2019-07-30 15:11:24,924 INFO  server.RaftServerConfigKeys (ConfUtils.java:logGet(43)) - raft.server.leader.election.timeout = 120s (custom)
2019-07-30 15:11:24,924 INFO  server.RaftServerConfigKeys (ConfUtils.java:logGet(43)) - raft.server.log.use.memory = false (default)
2019-07-30 15:11:24,925 INFO  server.RaftServerConfigKeys (ConfUtils.java:logGet(43)) - raft.server.log.purge.gap = 1000000000 (custom)
2019-07-30 15:11:24,925 INFO  server.RaftServerConfigKeys (ConfUtils.java:logGet(43)) - raft.server.log.appender.buffer.byte-limit = 33554432 (custom)
2019-07-30 15:11:24,925 INFO  server.RaftServerConfigKeys (ConfUtils.java:logGet(43)) - raft.server.log.segment.size.max = 1048576 (custom)
2019-07-30 15:11:24,925 INFO  server.RaftServerConfigKeys (ConfUtils.java:logGet(43)) - raft.server.log.segment.cache.num.max = 2 (custom)
2019-07-30 15:11:24,925 INFO  segmented.SegmentedRaftLogWorker (SegmentedRaftLogWorker.java:<init>(172)) - new c12632d0-2dcb-49b0-a4cc-89ffab2550ae-SegmentedRaftLogWorker:Storage Directory /workdir/hadoop-ozone/integration-test/target/test-dir/MiniOzoneClusterImpl-a7411b59-c253-4b32-b71c-4a3802367d93/datanode-6/data/ratis/c9b92886-cf71-4b4e-bd29-498442456ad0 for RaftStorage:Storage Directory /workdir/hadoop-ozone/integration-test/target/test-dir/MiniOzoneClusterImpl-a7411b59-c253-4b32-b71c-4a3802367d93/datanode-6/data/ratis/c9b92886-cf71-4b4e-bd29-498442456ad0
2019-07-30 15:11:24,925 INFO  server.RaftServerConfigKeys (ConfUtils.java:logGet(43)) - raft.server.log.queue.byte-limit = 2147483647 (custom)
2019-07-30 15:11:24,926 INFO  server.RaftServerConfigKeys (ConfUtils.java:logGet(43)) - raft.server.log.queue.element-limit = 1024 (custom)
2019-07-30 15:11:24,926 INFO  server.RaftServerConfigKeys (ConfUtils.java:logGet(43)) - raft.server.log.segment.size.max = 1048576 (custom)
2019-07-30 15:11:24,926 INFO  server.RaftServerConfigKeys (ConfUtils.java:logGet(43)) - raft.server.log.preallocated.size = 16384 (custom)
2019-07-30 15:11:24,926 INFO  server.RaftServerConfigKeys (ConfUtils.java:logGet(43)) - raft.server.log.write.buffer.size = 33554432 (custom)
2019-07-30 15:11:24,926 INFO  server.RaftServerConfigKeys (ConfUtils.java:logGet(43)) - raft.server.log.force.sync.num = 128 (default)
2019-07-30 15:11:24,926 INFO  server.RaftServerConfigKeys (ConfUtils.java:logGet(43)) - raft.server.log.statemachine.data.sync = true (default)
2019-07-30 15:11:24,927 INFO  server.RaftServerConfigKeys (ConfUtils.java:logGet(43)) - raft.server.log.statemachine.data.sync.timeout = 10s (default)
2019-07-30 15:11:24,927 INFO  server.RaftServerConfigKeys (ConfUtils.java:logGet(43)) - raft.server.log.statemachine.data.sync.timeout.retry = -1 (default)
2019-07-30 15:11:24,927 INFO  server.RaftServerConfigKeys (ConfUtils.java:logGet(43)) - raft.server.log.statemachine.data.caching.enabled = true (custom)
2019-07-30 15:11:24,927 INFO  segmented.SegmentedRaftLogWorker (SegmentedRaftLogWorker.java:lambda$new$0(132)) - c12632d0-2dcb-49b0-a4cc-89ffab2550ae-SegmentedRaftLogWorker:Storage Directory /workdir/hadoop-ozone/integration-test/target/test-dir/MiniOzoneClusterImpl-a7411b59-c253-4b32-b71c-4a3802367d93/datanode-6/data/ratis/c9b92886-cf71-4b4e-bd29-498442456ad0: flushIndex: setUnconditionally 0 -> -1
2019-07-30 15:11:24,928 INFO  server.RaftServerConfigKeys (ConfUtils.java:logGet(43)) - raft.server.snapshot.auto.trigger.enabled = true (custom)
2019-07-30 15:11:24,928 INFO  server.RaftServerConfigKeys (ConfUtils.java:logGet(43)) - raft.server.snapshot.auto.trigger.threshold = 10000 (custom)
2019-07-30 15:11:24,928 INFO  server.RaftServerConfigKeys (ConfUtils.java:logGet(43)) - raft.server.retrycache.expirytime = 600000ms (custom)
2019-07-30 15:11:24,928 INFO  impl.RaftServerImpl (RaftServerImpl.java:start(180)) - c12632d0-2dcb-49b0-a4cc-89ffab2550ae: start group-498442456AD0
2019-07-30 15:11:24,928 INFO  impl.RaftServerImpl (RaftServerImpl.java:setRole(171)) - c12632d0-2dcb-49b0-a4cc-89ffab2550ae:group-498442456AD0 changes role from null to FOLLOWER at term 0 for startAsFollower
2019-07-30 15:11:24,928 INFO  impl.RoleInfo (RoleInfo.java:updateAndGet(143)) - c12632d0-2dcb-49b0-a4cc-89ffab2550ae: start FollowerState
2019-07-30 15:11:24,929 INFO  util.JmxRegister (JmxRegister.java:tryRegister(44)) - Successfully registered JMX Bean with object name Ratis:service=RaftServer,group=group-498442456AD0,id=c12632d0-2dcb-49b0-a4cc-89ffab2550ae
2019-07-30 15:11:24,931 INFO  pipeline.PipelineStateManager (PipelineStateManager.java:addPipeline(56)) - Created pipeline Pipeline[ Id: c9b92886-cf71-4b4e-bd29-498442456ad0, Nodes: c12632d0-2dcb-49b0-a4cc-89ffab2550ae{ip: 192.168.5.170, host: byscane-nightly-xg47r-921641087, networkLocation: /default-rack, certSerialId: null}, Type:RATIS, Factor:ONE, State:OPEN]
2019-07-30 15:11:25,882 INFO  ozone.MiniOzoneClusterImpl (MiniOzoneClusterImpl.java:lambda$waitForClusterToBeReady$0(142)) - Cluster is ready. Got 7 of 7 DN Heartbeats.
2019-07-30 15:11:25,941 INFO  rpc.RpcClient (RpcClient.java:createVolume(288)) - Creating Volume: testblockoutputstream, with jenkins1000 as owner.
2019-07-30 15:11:25,957 INFO  rpc.RpcClient (RpcClient.java:createBucket(425)) - Creating Bucket: testblockoutputstream/testblockoutputstream, with Versioning false and Storage Type set to DISK and Encryption set to false 
2019-07-30 15:11:25,985 INFO  client.GrpcClientProtocolClient (GrpcClientProtocolClient.java:onNext(255)) - client-07198456D0F2->dcff06cd-ae6d-4ae0-92d5-910e4a8ab9be: receive RaftClientReply:client-07198456D0F2->dcff06cd-ae6d-4ae0-92d5-910e4a8ab9be@group-9BC8DDDEC6EB, cid=229, FAILED org.apache.ratis.protocol.NotLeaderException: Server dcff06cd-ae6d-4ae0-92d5-910e4a8ab9be is not the leader (null). Request must be sent to leader., logIndex=0, commits[dcff06cd-ae6d-4ae0-92d5-910e4a8ab9be:c-1]
2019-07-30 15:11:26,592 INFO  container.ReplicationManager (ReplicationManager.java:start(155)) - Starting Replication Monitor Thread.
2019-07-30 15:11:26,596 INFO  container.ReplicationManager (ReplicationManager.java:run(207)) - Replication Monitor Thread took 0 milliseconds for processing 1 containers.
2019-07-30 15:11:26,997 INFO  client.GrpcClientProtocolClient (GrpcClientProtocolClient.java:onNext(255)) - client-07198456D0F2->75a520fe-665b-49fe-9a72-197f3048aa8d: receive RaftClientReply:client-07198456D0F2->75a520fe-665b-49fe-9a72-197f3048aa8d@group-9BC8DDDEC6EB, cid=229, FAILED org.apache.ratis.protocol.NotLeaderException: Server 75a520fe-665b-49fe-9a72-197f3048aa8d is not the leader (null). Request must be sent to leader., logIndex=0, commits[75a520fe-665b-49fe-9a72-197f3048aa8d:c-1]
2019-07-30 15:11:28,008 INFO  client.GrpcClientProtocolClient (GrpcClientProtocolClient.java:onNext(255)) - client-07198456D0F2->0485825d-d380-4417-8394-96c5056d47e9: receive RaftClientReply:client-07198456D0F2->0485825d-d380-4417-8394-96c5056d47e9@group-9BC8DDDEC6EB, cid=229, FAILED org.apache.ratis.protocol.NotLeaderException: Server 0485825d-d380-4417-8394-96c5056d47e9 is not the leader (null). Request must be sent to leader., logIndex=0, commits[0485825d-d380-4417-8394-96c5056d47e9:c-1]
2019-07-30 15:11:28,802 INFO  impl.FollowerState (FollowerState.java:run(106)) - 94f9f387-1fd0-4244-9860-0e1bff5de2ff:group-E239172CB5CE changes to CANDIDATE, lastRpcTime:5171, electionTimeout:5171ms
2019-07-30 15:11:28,802 INFO  impl.RoleInfo (RoleInfo.java:shutdownFollowerState(121)) - 94f9f387-1fd0-4244-9860-0e1bff5de2ff: shutdown FollowerState
2019-07-30 15:11:28,802 INFO  impl.RaftServerImpl (RaftServerImpl.java:setRole(171)) - 94f9f387-1fd0-4244-9860-0e1bff5de2ff:group-E239172CB5CE changes role from FOLLOWER to CANDIDATE at term 0 for changeToCandidate
2019-07-30 15:11:28,802 INFO  impl.RoleInfo (RoleInfo.java:updateAndGet(143)) - 94f9f387-1fd0-4244-9860-0e1bff5de2ff: start LeaderElection
2019-07-30 15:11:28,835 INFO  impl.LeaderElection (LeaderElection.java:askForVotes(181)) - 94f9f387-1fd0-4244-9860-0e1bff5de2ff:group-E239172CB5CE:LeaderElection80: begin an election at term 1 for -1: [94f9f387-1fd0-4244-9860-0e1bff5de2ff:192.168.5.170:34075], old=null
2019-07-30 15:11:28,836 INFO  impl.RoleInfo (RoleInfo.java:shutdownLeaderElection(134)) - 94f9f387-1fd0-4244-9860-0e1bff5de2ff: shutdown LeaderElection
2019-07-30 15:11:28,836 INFO  impl.RaftServerImpl (RaftServerImpl.java:setRole(171)) - 94f9f387-1fd0-4244-9860-0e1bff5de2ff:group-E239172CB5CE changes role from CANDIDATE to LEADER at term 1 for changeToLeader
2019-07-30 15:11:28,836 INFO  impl.RaftServerImpl (ServerState.java:setLeader(263)) - 94f9f387-1fd0-4244-9860-0e1bff5de2ff:group-E239172CB5CE change Leader from null to 94f9f387-1fd0-4244-9860-0e1bff5de2ff at term 1 for becomeLeader, leader elected after 5210ms
2019-07-30 15:11:28,836 INFO  server.RaftServerConfigKeys (ConfUtils.java:logGet(43)) - raft.server.staging.catchup.gap = 1000 (default)
2019-07-30 15:11:28,836 INFO  server.RaftServerConfigKeys (ConfUtils.java:logGet(43)) - raft.server.rpc.sleep.time = 25ms (default)
2019-07-30 15:11:28,836 INFO  server.RaftServerConfigKeys (ConfUtils.java:logGet(43)) - raft.server.write.element-limit = 4096 (default)
2019-07-30 15:11:28,837 INFO  server.RaftServerConfigKeys (ConfUtils.java:logGet(43)) - raft.server.watch.timeout = 10s (default)
2019-07-30 15:11:28,837 INFO  server.RaftServerConfigKeys (ConfUtils.java:logGet(43)) - raft.server.watch.timeout.denomination = 1s (default)
2019-07-30 15:11:28,837 INFO  server.RaftServerConfigKeys (ConfUtils.java:logGet(43)) - raft.server.watch.element-limit = 65536 (default)
2019-07-30 15:11:28,837 INFO  impl.RoleInfo (RoleInfo.java:updateAndGet(143)) - 94f9f387-1fd0-4244-9860-0e1bff5de2ff: start LeaderState
2019-07-30 15:11:28,838 INFO  segmented.SegmentedRaftLogWorker (SegmentedRaftLogWorker.java:startLogSegment(380)) - 94f9f387-1fd0-4244-9860-0e1bff5de2ff-SegmentedRaftLogWorker:Storage Directory /workdir/hadoop-ozone/integration-test/target/test-dir/MiniOzoneClusterImpl-a7411b59-c253-4b32-b71c-4a3802367d93/datanode-0/data/ratis/22aab5c6-aa95-4c17-90dd-e239172cb5ce: Starting segment from index:0
2019-07-30 15:11:28,838 INFO  impl.RaftServerImpl (ServerState.java:setRaftConf(361)) - 94f9f387-1fd0-4244-9860-0e1bff5de2ff:group-E239172CB5CE set configuration 0: [94f9f387-1fd0-4244-9860-0e1bff5de2ff:192.168.5.170:34075], old=null at 0
2019-07-30 15:11:28,868 INFO  segmented.SegmentedRaftLogWorker (SegmentedRaftLogWorker.java:execute(569)) - 94f9f387-1fd0-4244-9860-0e1bff5de2ff-SegmentedRaftLogWorker:Storage Directory /workdir/hadoop-ozone/integration-test/target/test-dir/MiniOzoneClusterImpl-a7411b59-c253-4b32-b71c-4a3802367d93/datanode-0/data/ratis/22aab5c6-aa95-4c17-90dd-e239172cb5ce: created new log segment /workdir/hadoop-ozone/integration-test/target/test-dir/MiniOzoneClusterImpl-a7411b59-c253-4b32-b71c-4a3802367d93/datanode-0/data/ratis/22aab5c6-aa95-4c17-90dd-e239172cb5ce/current/log_inprogress_0
2019-07-30 15:11:28,880 INFO  impl.FollowerState (FollowerState.java:run(106)) - 803a907b-1436-41a2-8a4e-eef36fdef27c:group-C778543E4064 changes to CANDIDATE, lastRpcTime:5084, electionTimeout:5084ms
2019-07-30 15:11:28,880 INFO  impl.RoleInfo (RoleInfo.java:shutdownFollowerState(121)) - 803a907b-1436-41a2-8a4e-eef36fdef27c: shutdown FollowerState
2019-07-30 15:11:28,880 INFO  impl.RaftServerImpl (RaftServerImpl.java:setRole(171)) - 803a907b-1436-41a2-8a4e-eef36fdef27c:group-C778543E4064 changes role from FOLLOWER to CANDIDATE at term 0 for changeToCandidate
2019-07-30 15:11:28,880 INFO  impl.RoleInfo (RoleInfo.java:updateAndGet(143)) - 803a907b-1436-41a2-8a4e-eef36fdef27c: start LeaderElection
2019-07-30 15:11:28,900 INFO  impl.LeaderElection (LeaderElection.java:askForVotes(181)) - 803a907b-1436-41a2-8a4e-eef36fdef27c:group-C778543E4064:LeaderElection81: begin an election at term 1 for -1: [803a907b-1436-41a2-8a4e-eef36fdef27c:192.168.5.170:34948], old=null
2019-07-30 15:11:28,901 INFO  impl.RoleInfo (RoleInfo.java:shutdownLeaderElection(134)) - 803a907b-1436-41a2-8a4e-eef36fdef27c: shutdown LeaderElection
2019-07-30 15:11:28,901 INFO  impl.RaftServerImpl (RaftServerImpl.java:setRole(171)) - 803a907b-1436-41a2-8a4e-eef36fdef27c:group-C778543E4064 changes role from CANDIDATE to LEADER at term 1 for changeToLeader
2019-07-30 15:11:28,901 INFO  impl.RaftServerImpl (ServerState.java:setLeader(263)) - 803a907b-1436-41a2-8a4e-eef36fdef27c:group-C778543E4064 change Leader from null to 803a907b-1436-41a2-8a4e-eef36fdef27c at term 1 for becomeLeader, leader elected after 5109ms
2019-07-30 15:11:28,901 INFO  server.RaftServerConfigKeys (ConfUtils.java:logGet(43)) - raft.server.staging.catchup.gap = 1000 (default)
2019-07-30 15:11:28,901 INFO  server.RaftServerConfigKeys (ConfUtils.java:logGet(43)) - raft.server.rpc.sleep.time = 25ms (default)
2019-07-30 15:11:28,901 INFO  server.RaftServerConfigKeys (ConfUtils.java:logGet(43)) - raft.server.write.element-limit = 4096 (default)
2019-07-30 15:11:28,902 INFO  server.RaftServerConfigKeys (ConfUtils.java:logGet(43)) - raft.server.watch.timeout = 10s (default)
2019-07-30 15:11:28,902 INFO  server.RaftServerConfigKeys (ConfUtils.java:logGet(43)) - raft.server.watch.timeout.denomination = 1s (default)
2019-07-30 15:11:28,902 INFO  server.RaftServerConfigKeys (ConfUtils.java:logGet(43)) - raft.server.watch.element-limit = 65536 (default)
2019-07-30 15:11:28,902 INFO  impl.RoleInfo (RoleInfo.java:updateAndGet(143)) - 803a907b-1436-41a2-8a4e-eef36fdef27c: start LeaderState
2019-07-30 15:11:28,902 INFO  segmented.SegmentedRaftLogWorker (SegmentedRaftLogWorker.java:startLogSegment(380)) - 803a907b-1436-41a2-8a4e-eef36fdef27c-SegmentedRaftLogWorker:Storage Directory /workdir/hadoop-ozone/integration-test/target/test-dir/MiniOzoneClusterImpl-a7411b59-c253-4b32-b71c-4a3802367d93/datanode-1/data/ratis/69efa346-4542-4cb4-a525-c778543e4064: Starting segment from index:0
2019-07-30 15:11:28,905 INFO  impl.RaftServerImpl (ServerState.java:setRaftConf(361)) - 803a907b-1436-41a2-8a4e-eef36fdef27c:group-C778543E4064 set configuration 0: [803a907b-1436-41a2-8a4e-eef36fdef27c:192.168.5.170:34948], old=null at 0
2019-07-30 15:11:28,935 INFO  segmented.SegmentedRaftLogWorker (SegmentedRaftLogWorker.java:execute(569)) - 803a907b-1436-41a2-8a4e-eef36fdef27c-SegmentedRaftLogWorker:Storage Directory /workdir/hadoop-ozone/integration-test/target/test-dir/MiniOzoneClusterImpl-a7411b59-c253-4b32-b71c-4a3802367d93/datanode-1/data/ratis/69efa346-4542-4cb4-a525-c778543e4064: created new log segment /workdir/hadoop-ozone/integration-test/target/test-dir/MiniOzoneClusterImpl-a7411b59-c253-4b32-b71c-4a3802367d93/datanode-1/data/ratis/69efa346-4542-4cb4-a525-c778543e4064/current/log_inprogress_0
2019-07-30 15:11:29,018 INFO  client.GrpcClientProtocolClient (GrpcClientProtocolClient.java:onNext(255)) - client-07198456D0F2->dcff06cd-ae6d-4ae0-92d5-910e4a8ab9be: receive RaftClientReply:client-07198456D0F2->dcff06cd-ae6d-4ae0-92d5-910e4a8ab9be@group-9BC8DDDEC6EB, cid=229, FAILED org.apache.ratis.protocol.NotLeaderException: Server dcff06cd-ae6d-4ae0-92d5-910e4a8ab9be is not the leader (null). Request must be sent to leader., logIndex=0, commits[dcff06cd-ae6d-4ae0-92d5-910e4a8ab9be:c-1]
2019-07-30 15:11:29,068 INFO  impl.FollowerState (FollowerState.java:run(106)) - d14613f8-d093-437c-8526-da547fa8e3f6:group-B9DD15632CC0 changes to CANDIDATE, lastRpcTime:5094, electionTimeout:5094ms
2019-07-30 15:11:29,068 INFO  impl.RoleInfo (RoleInfo.java:shutdownFollowerState(121)) - d14613f8-d093-437c-8526-da547fa8e3f6: shutdown FollowerState
2019-07-30 15:11:29,068 INFO  impl.RaftServerImpl (RaftServerImpl.java:setRole(171)) - d14613f8-d093-437c-8526-da547fa8e3f6:group-B9DD15632CC0 changes role from FOLLOWER to CANDIDATE at term 0 for changeToCandidate
2019-07-30 15:11:29,068 INFO  impl.RoleInfo (RoleInfo.java:updateAndGet(143)) - d14613f8-d093-437c-8526-da547fa8e3f6: start LeaderElection
2019-07-30 15:11:29,079 INFO  impl.FollowerState (FollowerState.java:run(106)) - 94f9f387-1fd0-4244-9860-0e1bff5de2ff:group-643B93E632FC changes to CANDIDATE, lastRpcTime:5034, electionTimeout:5034ms
2019-07-30 15:11:29,080 INFO  impl.RoleInfo (RoleInfo.java:shutdownFollowerState(121)) - 94f9f387-1fd0-4244-9860-0e1bff5de2ff: shutdown FollowerState
2019-07-30 15:11:29,080 INFO  impl.RaftServerImpl (RaftServerImpl.java:setRole(171)) - 94f9f387-1fd0-4244-9860-0e1bff5de2ff:group-643B93E632FC changes role from FOLLOWER to CANDIDATE at term 0 for changeToCandidate
2019-07-30 15:11:29,080 INFO  impl.RoleInfo (RoleInfo.java:updateAndGet(143)) - 94f9f387-1fd0-4244-9860-0e1bff5de2ff: start LeaderElection
2019-07-30 15:11:29,098 INFO  impl.LeaderElection (LeaderElection.java:askForVotes(181)) - d14613f8-d093-437c-8526-da547fa8e3f6:group-B9DD15632CC0:LeaderElection82: begin an election at term 1 for -1: [d14613f8-d093-437c-8526-da547fa8e3f6:192.168.5.170:42411], old=null
2019-07-30 15:11:29,098 INFO  impl.RoleInfo (RoleInfo.java:shutdownLeaderElection(134)) - d14613f8-d093-437c-8526-da547fa8e3f6: shutdown LeaderElection
2019-07-30 15:11:29,098 INFO  impl.RaftServerImpl (RaftServerImpl.java:setRole(171)) - d14613f8-d093-437c-8526-da547fa8e3f6:group-B9DD15632CC0 changes role from CANDIDATE to LEADER at term 1 for changeToLeader
2019-07-30 15:11:29,098 INFO  impl.RaftServerImpl (ServerState.java:setLeader(263)) - d14613f8-d093-437c-8526-da547fa8e3f6:group-B9DD15632CC0 change Leader from null to d14613f8-d093-437c-8526-da547fa8e3f6 at term 1 for becomeLeader, leader elected after 5129ms
2019-07-30 15:11:29,098 INFO  server.RaftServerConfigKeys (ConfUtils.java:logGet(43)) - raft.server.staging.catchup.gap = 1000 (default)
2019-07-30 15:11:29,099 INFO  server.RaftServerConfigKeys (ConfUtils.java:logGet(43)) - raft.server.rpc.sleep.time = 25ms (default)
2019-07-30 15:11:29,099 INFO  server.RaftServerConfigKeys (ConfUtils.java:logGet(43)) - raft.server.write.element-limit = 4096 (default)
2019-07-30 15:11:29,099 INFO  server.RaftServerConfigKeys (ConfUtils.java:logGet(43)) - raft.server.watch.timeout = 10s (default)
2019-07-30 15:11:29,099 INFO  server.RaftServerConfigKeys (ConfUtils.java:logGet(43)) - raft.server.watch.timeout.denomination = 1s (default)
2019-07-30 15:11:29,099 INFO  server.RaftServerConfigKeys (ConfUtils.java:logGet(43)) - raft.server.watch.element-limit = 65536 (default)
2019-07-30 15:11:29,099 INFO  impl.RoleInfo (RoleInfo.java:updateAndGet(143)) - d14613f8-d093-437c-8526-da547fa8e3f6: start LeaderState
2019-07-30 15:11:29,100 INFO  segmented.SegmentedRaftLogWorker (SegmentedRaftLogWorker.java:startLogSegment(380)) - d14613f8-d093-437c-8526-da547fa8e3f6-SegmentedRaftLogWorker:Storage Directory /workdir/hadoop-ozone/integration-test/target/test-dir/MiniOzoneClusterImpl-a7411b59-c253-4b32-b71c-4a3802367d93/datanode-2/data/ratis/4d614d30-7c52-46fc-8ce3-b9dd15632cc0: Starting segment from index:0
2019-07-30 15:11:29,101 INFO  impl.RaftServerImpl (ServerState.java:setRaftConf(361)) - d14613f8-d093-437c-8526-da547fa8e3f6:group-B9DD15632CC0 set configuration 0: [d14613f8-d093-437c-8526-da547fa8e3f6:192.168.5.170:42411], old=null at 0
2019-07-30 15:11:29,102 INFO  impl.LeaderElection (LeaderElection.java:askForVotes(181)) - 94f9f387-1fd0-4244-9860-0e1bff5de2ff:group-643B93E632FC:LeaderElection83: begin an election at term 1 for -1: [803a907b-1436-41a2-8a4e-eef36fdef27c:192.168.5.170:34948, 94f9f387-1fd0-4244-9860-0e1bff5de2ff:192.168.5.170:34075, d14613f8-d093-437c-8526-da547fa8e3f6:192.168.5.170:42411], old=null
2019-07-30 15:11:29,108 INFO  impl.RaftServerImpl (RaftServerImpl.java:setRole(171)) - 803a907b-1436-41a2-8a4e-eef36fdef27c:group-643B93E632FC changes role from FOLLOWER to FOLLOWER at term 1 for recognizeCandidate:94f9f387-1fd0-4244-9860-0e1bff5de2ff
2019-07-30 15:11:29,108 INFO  impl.RaftServerImpl (RaftServerImpl.java:setRole(171)) - d14613f8-d093-437c-8526-da547fa8e3f6:group-643B93E632FC changes role from FOLLOWER to FOLLOWER at term 1 for recognizeCandidate:94f9f387-1fd0-4244-9860-0e1bff5de2ff
2019-07-30 15:11:29,108 INFO  impl.RoleInfo (RoleInfo.java:shutdownFollowerState(121)) - 803a907b-1436-41a2-8a4e-eef36fdef27c: shutdown FollowerState
2019-07-30 15:11:29,108 INFO  impl.RoleInfo (RoleInfo.java:shutdownFollowerState(121)) - d14613f8-d093-437c-8526-da547fa8e3f6: shutdown FollowerState
2019-07-30 15:11:29,109 INFO  impl.FollowerState (FollowerState.java:run(114)) - 803a907b-1436-41a2-8a4e-eef36fdef27c: FollowerState was interrupted: java.lang.InterruptedException: sleep interrupted
2019-07-30 15:11:29,109 INFO  impl.RoleInfo (RoleInfo.java:updateAndGet(143)) - 803a907b-1436-41a2-8a4e-eef36fdef27c: start FollowerState
2019-07-30 15:11:29,120 INFO  impl.FollowerState (FollowerState.java:run(114)) - d14613f8-d093-437c-8526-da547fa8e3f6: FollowerState was interrupted: java.lang.InterruptedException: sleep interrupted
2019-07-30 15:11:29,109 INFO  impl.RoleInfo (RoleInfo.java:updateAndGet(143)) - d14613f8-d093-437c-8526-da547fa8e3f6: start FollowerState
2019-07-30 15:11:29,133 INFO  segmented.SegmentedRaftLogWorker (SegmentedRaftLogWorker.java:execute(569)) - d14613f8-d093-437c-8526-da547fa8e3f6-SegmentedRaftLogWorker:Storage Directory /workdir/hadoop-ozone/integration-test/target/test-dir/MiniOzoneClusterImpl-a7411b59-c253-4b32-b71c-4a3802367d93/datanode-2/data/ratis/4d614d30-7c52-46fc-8ce3-b9dd15632cc0: created new log segment /workdir/hadoop-ozone/integration-test/target/test-dir/MiniOzoneClusterImpl-a7411b59-c253-4b32-b71c-4a3802367d93/datanode-2/data/ratis/4d614d30-7c52-46fc-8ce3-b9dd15632cc0/current/log_inprogress_0
2019-07-30 15:11:29,134 INFO  impl.LeaderElection (LeaderElection.java:logAndReturn(56)) - 94f9f387-1fd0-4244-9860-0e1bff5de2ff:group-643B93E632FC:LeaderElection83: Election PASSED; received 1 response(s) [94f9f387-1fd0-4244-9860-0e1bff5de2ff<-803a907b-1436-41a2-8a4e-eef36fdef27c#0:OK-t1] and 0 exception(s); 94f9f387-1fd0-4244-9860-0e1bff5de2ff:t1, leader=null, voted=94f9f387-1fd0-4244-9860-0e1bff5de2ff, raftlog=94f9f387-1fd0-4244-9860-0e1bff5de2ff-SegmentedRaftLog:OPENED:c-1,f-1,i0, conf=-1: [803a907b-1436-41a2-8a4e-eef36fdef27c:192.168.5.170:34948, 94f9f387-1fd0-4244-9860-0e1bff5de2ff:192.168.5.170:34075, d14613f8-d093-437c-8526-da547fa8e3f6:192.168.5.170:42411], old=null
2019-07-30 15:11:29,134 INFO  impl.RoleInfo (RoleInfo.java:shutdownLeaderElection(134)) - 94f9f387-1fd0-4244-9860-0e1bff5de2ff: shutdown LeaderElection
2019-07-30 15:11:29,134 INFO  impl.RaftServerImpl (RaftServerImpl.java:setRole(171)) - 94f9f387-1fd0-4244-9860-0e1bff5de2ff:group-643B93E632FC changes role from CANDIDATE to LEADER at term 1 for changeToLeader
2019-07-30 15:11:29,134 INFO  impl.RaftServerImpl (ServerState.java:setLeader(263)) - 94f9f387-1fd0-4244-9860-0e1bff5de2ff:group-643B93E632FC change Leader from null to 94f9f387-1fd0-4244-9860-0e1bff5de2ff at term 1 for becomeLeader, leader elected after 5100ms
2019-07-30 15:11:29,134 INFO  server.RaftServerConfigKeys (ConfUtils.java:logGet(43)) - raft.server.staging.catchup.gap = 1000 (default)
2019-07-30 15:11:29,135 INFO  server.RaftServerConfigKeys (ConfUtils.java:logGet(43)) - raft.server.rpc.sleep.time = 25ms (default)
2019-07-30 15:11:29,135 INFO  server.RaftServerConfigKeys (ConfUtils.java:logGet(43)) - raft.server.write.element-limit = 4096 (default)
2019-07-30 15:11:29,135 INFO  server.RaftServerConfigKeys (ConfUtils.java:logGet(43)) - raft.server.watch.timeout = 10s (default)
2019-07-30 15:11:29,135 INFO  server.RaftServerConfigKeys (ConfUtils.java:logGet(43)) - raft.server.watch.timeout.denomination = 1s (default)
2019-07-30 15:11:29,135 INFO  server.RaftServerConfigKeys (ConfUtils.java:logGet(43)) - raft.server.watch.element-limit = 65536 (default)
2019-07-30 15:11:29,135 INFO  server.RaftServerConfigKeys (ConfUtils.java:logGet(43)) - raft.server.log.appender.snapshot.chunk.size.max = 16MB (=16777216) (default)
2019-07-30 15:11:29,136 INFO  server.RaftServerConfigKeys (ConfUtils.java:logGet(43)) - raft.server.log.appender.buffer.byte-limit = 33554432 (custom)
2019-07-30 15:11:29,136 INFO  server.RaftServerConfigKeys (ConfUtils.java:logGet(43)) - raft.server.log.appender.buffer.element-limit = 1 (custom)
2019-07-30 15:11:29,136 INFO  grpc.GrpcConfigKeys$Server (ConfUtils.java:logGet(43)) - raft.grpc.server.leader.outstanding.appends.max = 128 (default)
2019-07-30 15:11:29,136 INFO  server.RaftServerConfigKeys (ConfUtils.java:logGet(43)) - raft.server.rpc.request.timeout = 3000ms (default)
2019-07-30 15:11:29,136 INFO  server.RaftServerConfigKeys (ConfUtils.java:logGet(43)) - raft.server.log.appender.install.snapshot.enabled = false (custom)
2019-07-30 15:11:29,137 INFO  server.RaftServerConfigKeys (ConfUtils.java:logGet(43)) - raft.server.log.appender.snapshot.chunk.size.max = 16MB (=16777216) (default)
2019-07-30 15:11:29,137 INFO  server.RaftServerConfigKeys (ConfUtils.java:logGet(43)) - raft.server.log.appender.buffer.byte-limit = 33554432 (custom)
2019-07-30 15:11:29,137 INFO  server.RaftServerConfigKeys (ConfUtils.java:logGet(43)) - raft.server.log.appender.buffer.element-limit = 1 (custom)
2019-07-30 15:11:29,137 INFO  grpc.GrpcConfigKeys$Server (ConfUtils.java:logGet(43)) - raft.grpc.server.leader.outstanding.appends.max = 128 (default)
2019-07-30 15:11:29,137 INFO  server.RaftServerConfigKeys (ConfUtils.java:logGet(43)) - raft.server.rpc.request.timeout = 3000ms (default)
2019-07-30 15:11:29,137 INFO  server.RaftServerConfigKeys (ConfUtils.java:logGet(43)) - raft.server.log.appender.install.snapshot.enabled = false (custom)
2019-07-30 15:11:29,138 INFO  impl.RoleInfo (RoleInfo.java:updateAndGet(143)) - 94f9f387-1fd0-4244-9860-0e1bff5de2ff: start LeaderState
2019-07-30 15:11:29,138 INFO  segmented.SegmentedRaftLogWorker (SegmentedRaftLogWorker.java:startLogSegment(380)) - 94f9f387-1fd0-4244-9860-0e1bff5de2ff-SegmentedRaftLogWorker:Storage Directory /workdir/hadoop-ozone/integration-test/target/test-dir/MiniOzoneClusterImpl-a7411b59-c253-4b32-b71c-4a3802367d93/datanode-0/data/ratis/b22b6ac1-5eec-4d5a-a4fc-643b93e632fc: Starting segment from index:0
2019-07-30 15:11:29,139 INFO  impl.RaftServerImpl (ServerState.java:setRaftConf(361)) - 94f9f387-1fd0-4244-9860-0e1bff5de2ff:group-643B93E632FC set configuration 0: [803a907b-1436-41a2-8a4e-eef36fdef27c:192.168.5.170:34948, 94f9f387-1fd0-4244-9860-0e1bff5de2ff:192.168.5.170:34075, d14613f8-d093-437c-8526-da547fa8e3f6:192.168.5.170:42411], old=null at 0
2019-07-30 15:11:29,161 INFO  impl.RaftServerImpl (ServerState.java:setLeader(263)) - 803a907b-1436-41a2-8a4e-eef36fdef27c:group-643B93E632FC change Leader from null to 94f9f387-1fd0-4244-9860-0e1bff5de2ff at term 1 for appendEntries, leader elected after 5127ms
2019-07-30 15:11:29,161 INFO  impl.RaftServerImpl (ServerState.java:setLeader(263)) - d14613f8-d093-437c-8526-da547fa8e3f6:group-643B93E632FC change Leader from null to 94f9f387-1fd0-4244-9860-0e1bff5de2ff at term 1 for appendEntries, leader elected after 5127ms
2019-07-30 15:11:29,169 INFO  impl.RaftServerImpl (ServerState.java:setRaftConf(361)) - 803a907b-1436-41a2-8a4e-eef36fdef27c:group-643B93E632FC set configuration 0: [803a907b-1436-41a2-8a4e-eef36fdef27c:192.168.5.170:34948, 94f9f387-1fd0-4244-9860-0e1bff5de2ff:192.168.5.170:34075, d14613f8-d093-437c-8526-da547fa8e3f6:192.168.5.170:42411], old=null at 0
2019-07-30 15:11:29,169 INFO  segmented.SegmentedRaftLogWorker (SegmentedRaftLogWorker.java:startLogSegment(380)) - 803a907b-1436-41a2-8a4e-eef36fdef27c-SegmentedRaftLogWorker:Storage Directory /workdir/hadoop-ozone/integration-test/target/test-dir/MiniOzoneClusterImpl-a7411b59-c253-4b32-b71c-4a3802367d93/datanode-1/data/ratis/b22b6ac1-5eec-4d5a-a4fc-643b93e632fc: Starting segment from index:0
2019-07-30 15:11:29,172 INFO  impl.RaftServerImpl (ServerState.java:setRaftConf(361)) - d14613f8-d093-437c-8526-da547fa8e3f6:group-643B93E632FC set configuration 0: [803a907b-1436-41a2-8a4e-eef36fdef27c:192.168.5.170:34948, 94f9f387-1fd0-4244-9860-0e1bff5de2ff:192.168.5.170:34075, d14613f8-d093-437c-8526-da547fa8e3f6:192.168.5.170:42411], old=null at 0
2019-07-30 15:11:29,172 INFO  segmented.SegmentedRaftLogWorker (SegmentedRaftLogWorker.java:execute(569)) - 94f9f387-1fd0-4244-9860-0e1bff5de2ff-SegmentedRaftLogWorker:Storage Directory /workdir/hadoop-ozone/integration-test/target/test-dir/MiniOzoneClusterImpl-a7411b59-c253-4b32-b71c-4a3802367d93/datanode-0/data/ratis/b22b6ac1-5eec-4d5a-a4fc-643b93e632fc: created new log segment /workdir/hadoop-ozone/integration-test/target/test-dir/MiniOzoneClusterImpl-a7411b59-c253-4b32-b71c-4a3802367d93/datanode-0/data/ratis/b22b6ac1-5eec-4d5a-a4fc-643b93e632fc/current/log_inprogress_0
2019-07-30 15:11:29,172 INFO  segmented.SegmentedRaftLogWorker (SegmentedRaftLogWorker.java:startLogSegment(380)) - d14613f8-d093-437c-8526-da547fa8e3f6-SegmentedRaftLogWorker:Storage Directory /workdir/hadoop-ozone/integration-test/target/test-dir/MiniOzoneClusterImpl-a7411b59-c253-4b32-b71c-4a3802367d93/datanode-2/data/ratis/b22b6ac1-5eec-4d5a-a4fc-643b93e632fc: Starting segment from index:0
2019-07-30 15:11:29,200 INFO  segmented.SegmentedRaftLogWorker (SegmentedRaftLogWorker.java:execute(569)) - 803a907b-1436-41a2-8a4e-eef36fdef27c-SegmentedRaftLogWorker:Storage Directory /workdir/hadoop-ozone/integration-test/target/test-dir/MiniOzoneClusterImpl-a7411b59-c253-4b32-b71c-4a3802367d93/datanode-1/data/ratis/b22b6ac1-5eec-4d5a-a4fc-643b93e632fc: created new log segment /workdir/hadoop-ozone/integration-test/target/test-dir/MiniOzoneClusterImpl-a7411b59-c253-4b32-b71c-4a3802367d93/datanode-1/data/ratis/b22b6ac1-5eec-4d5a-a4fc-643b93e632fc/current/log_inprogress_0
2019-07-30 15:11:29,200 INFO  segmented.SegmentedRaftLogWorker (SegmentedRaftLogWorker.java:execute(569)) - d14613f8-d093-437c-8526-da547fa8e3f6-SegmentedRaftLogWorker:Storage Directory /workdir/hadoop-ozone/integration-test/target/test-dir/MiniOzoneClusterImpl-a7411b59-c253-4b32-b71c-4a3802367d93/datanode-2/data/ratis/b22b6ac1-5eec-4d5a-a4fc-643b93e632fc: created new log segment /workdir/hadoop-ozone/integration-test/target/test-dir/MiniOzoneClusterImpl-a7411b59-c253-4b32-b71c-4a3802367d93/datanode-2/data/ratis/b22b6ac1-5eec-4d5a-a4fc-643b93e632fc/current/log_inprogress_0
2019-07-30 15:11:29,369 INFO  impl.FollowerState (FollowerState.java:run(106)) - 75a520fe-665b-49fe-9a72-197f3048aa8d:group-DC0199A56197 changes to CANDIDATE, lastRpcTime:5192, electionTimeout:5192ms
2019-07-30 15:11:29,369 INFO  impl.RoleInfo (RoleInfo.java:shutdownFollowerState(121)) - 75a520fe-665b-49fe-9a72-197f3048aa8d: shutdown FollowerState
2019-07-30 15:11:29,369 INFO  impl.RaftServerImpl (RaftServerImpl.java:setRole(171)) - 75a520fe-665b-49fe-9a72-197f3048aa8d:group-DC0199A56197 changes role from FOLLOWER to CANDIDATE at term 0 for changeToCandidate
2019-07-30 15:11:29,369 INFO  impl.RoleInfo (RoleInfo.java:updateAndGet(143)) - 75a520fe-665b-49fe-9a72-197f3048aa8d: start LeaderElection
2019-07-30 15:11:29,388 INFO  impl.LeaderElection (LeaderElection.java:askForVotes(181)) - 75a520fe-665b-49fe-9a72-197f3048aa8d:group-DC0199A56197:LeaderElection84: begin an election at term 1 for -1: [75a520fe-665b-49fe-9a72-197f3048aa8d:192.168.5.170:44342], old=null
2019-07-30 15:11:29,388 INFO  impl.RoleInfo (RoleInfo.java:shutdownLeaderElection(134)) - 75a520fe-665b-49fe-9a72-197f3048aa8d: shutdown LeaderElection
2019-07-30 15:11:29,388 INFO  impl.RaftServerImpl (RaftServerImpl.java:setRole(171)) - 75a520fe-665b-49fe-9a72-197f3048aa8d:group-DC0199A56197 changes role from CANDIDATE to LEADER at term 1 for changeToLeader
2019-07-30 15:11:29,388 INFO  impl.RaftServerImpl (ServerState.java:setLeader(263)) - 75a520fe-665b-49fe-9a72-197f3048aa8d:group-DC0199A56197 change Leader from null to 75a520fe-665b-49fe-9a72-197f3048aa8d at term 1 for becomeLeader, leader elected after 5216ms
2019-07-30 15:11:29,388 INFO  server.RaftServerConfigKeys (ConfUtils.java:logGet(43)) - raft.server.staging.catchup.gap = 1000 (default)
2019-07-30 15:11:29,389 INFO  server.RaftServerConfigKeys (ConfUtils.java:logGet(43)) - raft.server.rpc.sleep.time = 25ms (default)
2019-07-30 15:11:29,389 INFO  server.RaftServerConfigKeys (ConfUtils.java:logGet(43)) - raft.server.write.element-limit = 4096 (default)
2019-07-30 15:11:29,389 INFO  server.RaftServerConfigKeys (ConfUtils.java:logGet(43)) - raft.server.watch.timeout = 10s (default)
2019-07-30 15:11:29,389 INFO  server.RaftServerConfigKeys (ConfUtils.java:logGet(43)) - raft.server.watch.timeout.denomination = 1s (default)
2019-07-30 15:11:29,389 INFO  server.RaftServerConfigKeys (ConfUtils.java:logGet(43)) - raft.server.watch.element-limit = 65536 (default)
2019-07-30 15:11:29,389 INFO  impl.RoleInfo (RoleInfo.java:updateAndGet(143)) - 75a520fe-665b-49fe-9a72-197f3048aa8d: start LeaderState
2019-07-30 15:11:29,390 INFO  segmented.SegmentedRaftLogWorker (SegmentedRaftLogWorker.java:startLogSegment(380)) - 75a520fe-665b-49fe-9a72-197f3048aa8d-SegmentedRaftLogWorker:Storage Directory /workdir/hadoop-ozone/integration-test/target/test-dir/MiniOzoneClusterImpl-a7411b59-c253-4b32-b71c-4a3802367d93/datanode-3/data/ratis/0c6dc25f-607b-4e89-99f0-dc0199a56197: Starting segment from index:0
2019-07-30 15:11:29,390 INFO  impl.RaftServerImpl (ServerState.java:setRaftConf(361)) - 75a520fe-665b-49fe-9a72-197f3048aa8d:group-DC0199A56197 set configuration 0: [75a520fe-665b-49fe-9a72-197f3048aa8d:192.168.5.170:44342], old=null at 0
2019-07-30 15:11:29,419 INFO  segmented.SegmentedRaftLogWorker (SegmentedRaftLogWorker.java:execute(569)) - 75a520fe-665b-49fe-9a72-197f3048aa8d-SegmentedRaftLogWorker:Storage Directory /workdir/hadoop-ozone/integration-test/target/test-dir/MiniOzoneClusterImpl-a7411b59-c253-4b32-b71c-4a3802367d93/datanode-3/data/ratis/0c6dc25f-607b-4e89-99f0-dc0199a56197: created new log segment /workdir/hadoop-ozone/integration-test/target/test-dir/MiniOzoneClusterImpl-a7411b59-c253-4b32-b71c-4a3802367d93/datanode-3/data/ratis/0c6dc25f-607b-4e89-99f0-dc0199a56197/current/log_inprogress_0
2019-07-30 15:11:29,440 INFO  impl.FollowerState (FollowerState.java:run(106)) - dcff06cd-ae6d-4ae0-92d5-910e4a8ab9be:group-89D18603DD9D changes to CANDIDATE, lastRpcTime:5095, electionTimeout:5095ms
2019-07-30 15:11:29,440 INFO  impl.RoleInfo (RoleInfo.java:shutdownFollowerState(121)) - dcff06cd-ae6d-4ae0-92d5-910e4a8ab9be: shutdown FollowerState
2019-07-30 15:11:29,440 INFO  impl.RaftServerImpl (RaftServerImpl.java:setRole(171)) - dcff06cd-ae6d-4ae0-92d5-910e4a8ab9be:group-89D18603DD9D changes role from FOLLOWER to CANDIDATE at term 0 for changeToCandidate
2019-07-30 15:11:29,440 INFO  impl.RoleInfo (RoleInfo.java:updateAndGet(143)) - dcff06cd-ae6d-4ae0-92d5-910e4a8ab9be: start LeaderElection
2019-07-30 15:11:29,457 INFO  impl.LeaderElection (LeaderElection.java:askForVotes(181)) - dcff06cd-ae6d-4ae0-92d5-910e4a8ab9be:group-89D18603DD9D:LeaderElection85: begin an election at term 1 for -1: [dcff06cd-ae6d-4ae0-92d5-910e4a8ab9be:192.168.5.170:44230], old=null
2019-07-30 15:11:29,457 INFO  impl.RoleInfo (RoleInfo.java:shutdownLeaderElection(134)) - dcff06cd-ae6d-4ae0-92d5-910e4a8ab9be: shutdown LeaderElection
2019-07-30 15:11:29,457 INFO  impl.RaftServerImpl (RaftServerImpl.java:setRole(171)) - dcff06cd-ae6d-4ae0-92d5-910e4a8ab9be:group-89D18603DD9D changes role from CANDIDATE to LEADER at term 1 for changeToLeader
2019-07-30 15:11:29,457 INFO  impl.RaftServerImpl (ServerState.java:setLeader(263)) - dcff06cd-ae6d-4ae0-92d5-910e4a8ab9be:group-89D18603DD9D change Leader from null to dcff06cd-ae6d-4ae0-92d5-910e4a8ab9be at term 1 for becomeLeader, leader elected after 5116ms
2019-07-30 15:11:29,457 INFO  server.RaftServerConfigKeys (ConfUtils.java:logGet(43)) - raft.server.staging.catchup.gap = 1000 (default)
2019-07-30 15:11:29,457 INFO  server.RaftServerConfigKeys (ConfUtils.java:logGet(43)) - raft.server.rpc.sleep.time = 25ms (default)
2019-07-30 15:11:29,457 INFO  server.RaftServerConfigKeys (ConfUtils.java:logGet(43)) - raft.server.write.element-limit = 4096 (default)
2019-07-30 15:11:29,458 INFO  server.RaftServerConfigKeys (ConfUtils.java:logGet(43)) - raft.server.watch.timeout = 10s (default)
2019-07-30 15:11:29,458 INFO  server.RaftServerConfigKeys (ConfUtils.java:logGet(43)) - raft.server.watch.timeout.denomination = 1s (default)
2019-07-30 15:11:29,458 INFO  server.RaftServerConfigKeys (ConfUtils.java:logGet(43)) - raft.server.watch.element-limit = 65536 (default)
2019-07-30 15:11:29,458 INFO  impl.RoleInfo (RoleInfo.java:updateAndGet(143)) - dcff06cd-ae6d-4ae0-92d5-910e4a8ab9be: start LeaderState
2019-07-30 15:11:29,458 INFO  segmented.SegmentedRaftLogWorker (SegmentedRaftLogWorker.java:startLogSegment(380)) - dcff06cd-ae6d-4ae0-92d5-910e4a8ab9be-SegmentedRaftLogWorker:Storage Directory /workdir/hadoop-ozone/integration-test/target/test-dir/MiniOzoneClusterImpl-a7411b59-c253-4b32-b71c-4a3802367d93/datanode-4/data/ratis/b1f5d58a-7da0-4580-bbb5-89d18603dd9d: Starting segment from index:0
2019-07-30 15:11:29,459 INFO  impl.RaftServerImpl (ServerState.java:setRaftConf(361)) - dcff06cd-ae6d-4ae0-92d5-910e4a8ab9be:group-89D18603DD9D set configuration 0: [dcff06cd-ae6d-4ae0-92d5-910e4a8ab9be:192.168.5.170:44230], old=null at 0
2019-07-30 15:11:29,505 INFO  segmented.SegmentedRaftLogWorker (SegmentedRaftLogWorker.java:execute(569)) - dcff06cd-ae6d-4ae0-92d5-910e4a8ab9be-SegmentedRaftLogWorker:Storage Directory /workdir/hadoop-ozone/integration-test/target/test-dir/MiniOzoneClusterImpl-a7411b59-c253-4b32-b71c-4a3802367d93/datanode-4/data/ratis/b1f5d58a-7da0-4580-bbb5-89d18603dd9d: created new log segment /workdir/hadoop-ozone/integration-test/target/test-dir/MiniOzoneClusterImpl-a7411b59-c253-4b32-b71c-4a3802367d93/datanode-4/data/ratis/b1f5d58a-7da0-4580-bbb5-89d18603dd9d/current/log_inprogress_0
2019-07-30 15:11:29,783 INFO  impl.FollowerState (FollowerState.java:run(106)) - 0485825d-d380-4417-8394-96c5056d47e9:group-003CD94C43D8 changes to CANDIDATE, lastRpcTime:5080, electionTimeout:5080ms
2019-07-30 15:11:29,784 INFO  impl.RoleInfo (RoleInfo.java:shutdownFollowerState(121)) - 0485825d-d380-4417-8394-96c5056d47e9: shutdown FollowerState
2019-07-30 15:11:29,784 INFO  impl.RaftServerImpl (RaftServerImpl.java:setRole(171)) - 0485825d-d380-4417-8394-96c5056d47e9:group-003CD94C43D8 changes role from FOLLOWER to CANDIDATE at term 0 for changeToCandidate
2019-07-30 15:11:29,784 INFO  impl.RoleInfo (RoleInfo.java:updateAndGet(143)) - 0485825d-d380-4417-8394-96c5056d47e9: start LeaderElection
2019-07-30 15:11:29,794 INFO  impl.LeaderElection (LeaderElection.java:askForVotes(181)) - 0485825d-d380-4417-8394-96c5056d47e9:group-003CD94C43D8:LeaderElection86: begin an election at term 1 for -1: [0485825d-d380-4417-8394-96c5056d47e9:192.168.5.170:41894], old=null
2019-07-30 15:11:29,794 INFO  impl.RoleInfo (RoleInfo.java:shutdownLeaderElection(134)) - 0485825d-d380-4417-8394-96c5056d47e9: shutdown LeaderElection
2019-07-30 15:11:29,794 INFO  impl.RaftServerImpl (RaftServerImpl.java:setRole(171)) - 0485825d-d380-4417-8394-96c5056d47e9:group-003CD94C43D8 changes role from CANDIDATE to LEADER at term 1 for changeToLeader
2019-07-30 15:11:29,794 INFO  impl.RaftServerImpl (ServerState.java:setLeader(263)) - 0485825d-d380-4417-8394-96c5056d47e9:group-003CD94C43D8 change Leader from null to 0485825d-d380-4417-8394-96c5056d47e9 at term 1 for becomeLeader, leader elected after 5095ms
2019-07-30 15:11:29,794 INFO  server.RaftServerConfigKeys (ConfUtils.java:logGet(43)) - raft.server.staging.catchup.gap = 1000 (default)
2019-07-30 15:11:29,795 INFO  server.RaftServerConfigKeys (ConfUtils.java:logGet(43)) - raft.server.rpc.sleep.time = 25ms (default)
2019-07-30 15:11:29,795 INFO  server.RaftServerConfigKeys (ConfUtils.java:logGet(43)) - raft.server.write.element-limit = 4096 (default)
2019-07-30 15:11:29,795 INFO  server.RaftServerConfigKeys (ConfUtils.java:logGet(43)) - raft.server.watch.timeout = 10s (default)
2019-07-30 15:11:29,795 INFO  server.RaftServerConfigKeys (ConfUtils.java:logGet(43)) - raft.server.watch.timeout.denomination = 1s (default)
2019-07-30 15:11:29,795 INFO  server.RaftServerConfigKeys (ConfUtils.java:logGet(43)) - raft.server.watch.element-limit = 65536 (default)
2019-07-30 15:11:29,795 INFO  impl.RoleInfo (RoleInfo.java:updateAndGet(143)) - 0485825d-d380-4417-8394-96c5056d47e9: start LeaderState
2019-07-30 15:11:29,795 INFO  segmented.SegmentedRaftLogWorker (SegmentedRaftLogWorker.java:startLogSegment(380)) - 0485825d-d380-4417-8394-96c5056d47e9-SegmentedRaftLogWorker:Storage Directory /workdir/hadoop-ozone/integration-test/target/test-dir/MiniOzoneClusterImpl-a7411b59-c253-4b32-b71c-4a3802367d93/datanode-5/data/ratis/e4f23b81-b3df-4035-919f-003cd94c43d8: Starting segment from index:0
2019-07-30 15:11:29,796 INFO  impl.RaftServerImpl (ServerState.java:setRaftConf(361)) - 0485825d-d380-4417-8394-96c5056d47e9:group-003CD94C43D8 set configuration 0: [0485825d-d380-4417-8394-96c5056d47e9:192.168.5.170:41894], old=null at 0
2019-07-30 15:11:29,847 INFO  segmented.SegmentedRaftLogWorker (SegmentedRaftLogWorker.java:execute(569)) - 0485825d-d380-4417-8394-96c5056d47e9-SegmentedRaftLogWorker:Storage Directory /workdir/hadoop-ozone/integration-test/target/test-dir/MiniOzoneClusterImpl-a7411b59-c253-4b32-b71c-4a3802367d93/datanode-5/data/ratis/e4f23b81-b3df-4035-919f-003cd94c43d8: created new log segment /workdir/hadoop-ozone/integration-test/target/test-dir/MiniOzoneClusterImpl-a7411b59-c253-4b32-b71c-4a3802367d93/datanode-5/data/ratis/e4f23b81-b3df-4035-919f-003cd94c43d8/current/log_inprogress_0
2019-07-30 15:11:29,863 INFO  impl.FollowerState (FollowerState.java:run(106)) - 75a520fe-665b-49fe-9a72-197f3048aa8d:group-9BC8DDDEC6EB changes to CANDIDATE, lastRpcTime:5096, electionTimeout:5096ms
2019-07-30 15:11:29,863 INFO  impl.RoleInfo (RoleInfo.java:shutdownFollowerState(121)) - 75a520fe-665b-49fe-9a72-197f3048aa8d: shutdown FollowerState
2019-07-30 15:11:29,863 INFO  impl.RaftServerImpl (RaftServerImpl.java:setRole(171)) - 75a520fe-665b-49fe-9a72-197f3048aa8d:group-9BC8DDDEC6EB changes role from FOLLOWER to CANDIDATE at term 0 for changeToCandidate
2019-07-30 15:11:29,863 INFO  impl.RoleInfo (RoleInfo.java:updateAndGet(143)) - 75a520fe-665b-49fe-9a72-197f3048aa8d: start LeaderElection
2019-07-30 15:11:29,880 INFO  impl.LeaderElection (LeaderElection.java:askForVotes(181)) - 75a520fe-665b-49fe-9a72-197f3048aa8d:group-9BC8DDDEC6EB:LeaderElection87: begin an election at term 1 for -1: [0485825d-d380-4417-8394-96c5056d47e9:192.168.5.170:41894, dcff06cd-ae6d-4ae0-92d5-910e4a8ab9be:192.168.5.170:44230, 75a520fe-665b-49fe-9a72-197f3048aa8d:192.168.5.170:44342], old=null
2019-07-30 15:11:29,886 INFO  impl.RaftServerImpl (RaftServerImpl.java:setRole(171)) - 0485825d-d380-4417-8394-96c5056d47e9:group-9BC8DDDEC6EB changes role from FOLLOWER to FOLLOWER at term 1 for recognizeCandidate:75a520fe-665b-49fe-9a72-197f3048aa8d
2019-07-30 15:11:29,886 INFO  impl.RaftServerImpl (RaftServerImpl.java:setRole(171)) - dcff06cd-ae6d-4ae0-92d5-910e4a8ab9be:group-9BC8DDDEC6EB changes role from FOLLOWER to FOLLOWER at term 1 for recognizeCandidate:75a520fe-665b-49fe-9a72-197f3048aa8d
2019-07-30 15:11:29,886 INFO  impl.RoleInfo (RoleInfo.java:shutdownFollowerState(121)) - 0485825d-d380-4417-8394-96c5056d47e9: shutdown FollowerState
2019-07-30 15:11:29,886 INFO  impl.RoleInfo (RoleInfo.java:shutdownFollowerState(121)) - dcff06cd-ae6d-4ae0-92d5-910e4a8ab9be: shutdown FollowerState
2019-07-30 15:11:29,886 INFO  impl.RoleInfo (RoleInfo.java:updateAndGet(143)) - 0485825d-d380-4417-8394-96c5056d47e9: start FollowerState
2019-07-30 15:11:29,887 INFO  impl.FollowerState (FollowerState.java:run(114)) - dcff06cd-ae6d-4ae0-92d5-910e4a8ab9be: FollowerState was interrupted: java.lang.InterruptedException: sleep interrupted
2019-07-30 15:11:29,887 INFO  impl.FollowerState (FollowerState.java:run(114)) - 0485825d-d380-4417-8394-96c5056d47e9: FollowerState was interrupted: java.lang.InterruptedException: sleep interrupted
2019-07-30 15:11:29,887 INFO  impl.RoleInfo (RoleInfo.java:updateAndGet(143)) - dcff06cd-ae6d-4ae0-92d5-910e4a8ab9be: start FollowerState
2019-07-30 15:11:29,915 INFO  impl.LeaderElection (LeaderElection.java:logAndReturn(56)) - 75a520fe-665b-49fe-9a72-197f3048aa8d:group-9BC8DDDEC6EB:LeaderElection87: Election PASSED; received 1 response(s) [75a520fe-665b-49fe-9a72-197f3048aa8d<-0485825d-d380-4417-8394-96c5056d47e9#0:OK-t1] and 0 exception(s); 75a520fe-665b-49fe-9a72-197f3048aa8d:t1, leader=null, voted=75a520fe-665b-49fe-9a72-197f3048aa8d, raftlog=75a520fe-665b-49fe-9a72-197f3048aa8d-SegmentedRaftLog:OPENED:c-1,f-1,i0, conf=-1: [0485825d-d380-4417-8394-96c5056d47e9:192.168.5.170:41894, dcff06cd-ae6d-4ae0-92d5-910e4a8ab9be:192.168.5.170:44230, 75a520fe-665b-49fe-9a72-197f3048aa8d:192.168.5.170:44342], old=null
2019-07-30 15:11:29,915 INFO  impl.RoleInfo (RoleInfo.java:shutdownLeaderElection(134)) - 75a520fe-665b-49fe-9a72-197f3048aa8d: shutdown LeaderElection
2019-07-30 15:11:29,915 INFO  impl.RaftServerImpl (RaftServerImpl.java:setRole(171)) - 75a520fe-665b-49fe-9a72-197f3048aa8d:group-9BC8DDDEC6EB changes role from CANDIDATE to LEADER at term 1 for changeToLeader
2019-07-30 15:11:29,916 INFO  impl.RaftServerImpl (ServerState.java:setLeader(263)) - 75a520fe-665b-49fe-9a72-197f3048aa8d:group-9BC8DDDEC6EB change Leader from null to 75a520fe-665b-49fe-9a72-197f3048aa8d at term 1 for becomeLeader, leader elected after 5156ms
2019-07-30 15:11:29,916 INFO  server.RaftServerConfigKeys (ConfUtils.java:logGet(43)) - raft.server.staging.catchup.gap = 1000 (default)
2019-07-30 15:11:29,916 INFO  server.RaftServerConfigKeys (ConfUtils.java:logGet(43)) - raft.server.rpc.sleep.time = 25ms (default)
2019-07-30 15:11:29,916 INFO  server.RaftServerConfigKeys (ConfUtils.java:logGet(43)) - raft.server.write.element-limit = 4096 (default)
2019-07-30 15:11:29,916 INFO  server.RaftServerConfigKeys (ConfUtils.java:logGet(43)) - raft.server.watch.timeout = 10s (default)
2019-07-30 15:11:29,916 INFO  server.RaftServerConfigKeys (ConfUtils.java:logGet(43)) - raft.server.watch.timeout.denomination = 1s (default)
2019-07-30 15:11:29,916 INFO  server.RaftServerConfigKeys (ConfUtils.java:logGet(43)) - raft.server.watch.element-limit = 65536 (default)
2019-07-30 15:11:29,917 INFO  server.RaftServerConfigKeys (ConfUtils.java:logGet(43)) - raft.server.log.appender.snapshot.chunk.size.max = 16MB (=16777216) (default)
2019-07-30 15:11:29,917 INFO  server.RaftServerConfigKeys (ConfUtils.java:logGet(43)) - raft.server.log.appender.buffer.byte-limit = 33554432 (custom)
2019-07-30 15:11:29,917 INFO  server.RaftServerConfigKeys (ConfUtils.java:logGet(43)) - raft.server.log.appender.buffer.element-limit = 1 (custom)
2019-07-30 15:11:29,917 INFO  grpc.GrpcConfigKeys$Server (ConfUtils.java:logGet(43)) - raft.grpc.server.leader.outstanding.appends.max = 128 (default)
2019-07-30 15:11:29,917 INFO  server.RaftServerConfigKeys (ConfUtils.java:logGet(43)) - raft.server.rpc.request.timeout = 3000ms (default)
2019-07-30 15:11:29,918 INFO  server.RaftServerConfigKeys (ConfUtils.java:logGet(43)) - raft.server.log.appender.install.snapshot.enabled = false (custom)
2019-07-30 15:11:29,918 INFO  server.RaftServerConfigKeys (ConfUtils.java:logGet(43)) - raft.server.log.appender.snapshot.chunk.size.max = 16MB (=16777216) (default)
2019-07-30 15:11:29,918 INFO  server.RaftServerConfigKeys (ConfUtils.java:logGet(43)) - raft.server.log.appender.buffer.byte-limit = 33554432 (custom)
2019-07-30 15:11:29,918 INFO  server.RaftServerConfigKeys (ConfUtils.java:logGet(43)) - raft.server.log.appender.buffer.element-limit = 1 (custom)
2019-07-30 15:11:29,918 INFO  grpc.GrpcConfigKeys$Server (ConfUtils.java:logGet(43)) - raft.grpc.server.leader.outstanding.appends.max = 128 (default)
2019-07-30 15:11:29,918 INFO  server.RaftServerConfigKeys (ConfUtils.java:logGet(43)) - raft.server.rpc.request.timeout = 3000ms (default)
2019-07-30 15:11:29,919 INFO  server.RaftServerConfigKeys (ConfUtils.java:logGet(43)) - raft.server.log.appender.install.snapshot.enabled = false (custom)
2019-07-30 15:11:29,919 INFO  impl.RoleInfo (RoleInfo.java:updateAndGet(143)) - 75a520fe-665b-49fe-9a72-197f3048aa8d: start LeaderState
2019-07-30 15:11:29,919 INFO  segmented.SegmentedRaftLogWorker (SegmentedRaftLogWorker.java:startLogSegment(380)) - 75a520fe-665b-49fe-9a72-197f3048aa8d-SegmentedRaftLogWorker:Storage Directory /workdir/hadoop-ozone/integration-test/target/test-dir/MiniOzoneClusterImpl-a7411b59-c253-4b32-b71c-4a3802367d93/datanode-3/data/ratis/9ebc7871-911a-4c41-920c-9bc8dddec6eb: Starting segment from index:0
2019-07-30 15:11:29,920 INFO  impl.RaftServerImpl (ServerState.java:setRaftConf(361)) - 75a520fe-665b-49fe-9a72-197f3048aa8d:group-9BC8DDDEC6EB set configuration 0: [0485825d-d380-4417-8394-96c5056d47e9:192.168.5.170:41894, dcff06cd-ae6d-4ae0-92d5-910e4a8ab9be:192.168.5.170:44230, 75a520fe-665b-49fe-9a72-197f3048aa8d:192.168.5.170:44342], old=null at 0
2019-07-30 15:11:29,963 INFO  impl.RaftServerImpl (ServerState.java:setLeader(263)) - 0485825d-d380-4417-8394-96c5056d47e9:group-9BC8DDDEC6EB change Leader from null to 75a520fe-665b-49fe-9a72-197f3048aa8d at term 1 for appendEntries, leader elected after 5203ms
2019-07-30 15:11:29,966 INFO  impl.RaftServerImpl (ServerState.java:setLeader(263)) - dcff06cd-ae6d-4ae0-92d5-910e4a8ab9be:group-9BC8DDDEC6EB change Leader from null to 75a520fe-665b-49fe-9a72-197f3048aa8d at term 1 for appendEntries, leader elected after 5206ms
2019-07-30 15:11:29,967 INFO  segmented.SegmentedRaftLogWorker (SegmentedRaftLogWorker.java:execute(569)) - 75a520fe-665b-49fe-9a72-197f3048aa8d-SegmentedRaftLogWorker:Storage Directory /workdir/hadoop-ozone/integration-test/target/test-dir/MiniOzoneClusterImpl-a7411b59-c253-4b32-b71c-4a3802367d93/datanode-3/data/ratis/9ebc7871-911a-4c41-920c-9bc8dddec6eb: created new log segment /workdir/hadoop-ozone/integration-test/target/test-dir/MiniOzoneClusterImpl-a7411b59-c253-4b32-b71c-4a3802367d93/datanode-3/data/ratis/9ebc7871-911a-4c41-920c-9bc8dddec6eb/current/log_inprogress_0
2019-07-30 15:11:29,968 INFO  impl.RaftServerImpl (ServerState.java:setRaftConf(361)) - 0485825d-d380-4417-8394-96c5056d47e9:group-9BC8DDDEC6EB set configuration 0: [0485825d-d380-4417-8394-96c5056d47e9:192.168.5.170:41894, dcff06cd-ae6d-4ae0-92d5-910e4a8ab9be:192.168.5.170:44230, 75a520fe-665b-49fe-9a72-197f3048aa8d:192.168.5.170:44342], old=null at 0
2019-07-30 15:11:29,968 INFO  segmented.SegmentedRaftLogWorker (SegmentedRaftLogWorker.java:startLogSegment(380)) - 0485825d-d380-4417-8394-96c5056d47e9-SegmentedRaftLogWorker:Storage Directory /workdir/hadoop-ozone/integration-test/target/test-dir/MiniOzoneClusterImpl-a7411b59-c253-4b32-b71c-4a3802367d93/datanode-5/data/ratis/9ebc7871-911a-4c41-920c-9bc8dddec6eb: Starting segment from index:0
2019-07-30 15:11:29,968 INFO  impl.RaftServerImpl (ServerState.java:setRaftConf(361)) - dcff06cd-ae6d-4ae0-92d5-910e4a8ab9be:group-9BC8DDDEC6EB set configuration 0: [0485825d-d380-4417-8394-96c5056d47e9:192.168.5.170:41894, dcff06cd-ae6d-4ae0-92d5-910e4a8ab9be:192.168.5.170:44230, 75a520fe-665b-49fe-9a72-197f3048aa8d:192.168.5.170:44342], old=null at 0
2019-07-30 15:11:29,969 INFO  segmented.SegmentedRaftLogWorker (SegmentedRaftLogWorker.java:startLogSegment(380)) - dcff06cd-ae6d-4ae0-92d5-910e4a8ab9be-SegmentedRaftLogWorker:Storage Directory /workdir/hadoop-ozone/integration-test/target/test-dir/MiniOzoneClusterImpl-a7411b59-c253-4b32-b71c-4a3802367d93/datanode-4/data/ratis/9ebc7871-911a-4c41-920c-9bc8dddec6eb: Starting segment from index:0
2019-07-30 15:11:30,008 INFO  segmented.SegmentedRaftLogWorker (SegmentedRaftLogWorker.java:execute(569)) - dcff06cd-ae6d-4ae0-92d5-910e4a8ab9be-SegmentedRaftLogWorker:Storage Directory /workdir/hadoop-ozone/integration-test/target/test-dir/MiniOzoneClusterImpl-a7411b59-c253-4b32-b71c-4a3802367d93/datanode-4/data/ratis/9ebc7871-911a-4c41-920c-9bc8dddec6eb: created new log segment /workdir/hadoop-ozone/integration-test/target/test-dir/MiniOzoneClusterImpl-a7411b59-c253-4b32-b71c-4a3802367d93/datanode-4/data/ratis/9ebc7871-911a-4c41-920c-9bc8dddec6eb/current/log_inprogress_0
2019-07-30 15:11:30,012 INFO  segmented.SegmentedRaftLogWorker (SegmentedRaftLogWorker.java:execute(569)) - 0485825d-d380-4417-8394-96c5056d47e9-SegmentedRaftLogWorker:Storage Directory /workdir/hadoop-ozone/integration-test/target/test-dir/MiniOzoneClusterImpl-a7411b59-c253-4b32-b71c-4a3802367d93/datanode-5/data/ratis/9ebc7871-911a-4c41-920c-9bc8dddec6eb: created new log segment /workdir/hadoop-ozone/integration-test/target/test-dir/MiniOzoneClusterImpl-a7411b59-c253-4b32-b71c-4a3802367d93/datanode-5/data/ratis/9ebc7871-911a-4c41-920c-9bc8dddec6eb/current/log_inprogress_0
2019-07-30 15:11:30,064 INFO  impl.FollowerState (FollowerState.java:run(106)) - c12632d0-2dcb-49b0-a4cc-89ffab2550ae:group-498442456AD0 changes to CANDIDATE, lastRpcTime:5135, electionTimeout:5135ms
2019-07-30 15:11:30,064 INFO  impl.RoleInfo (RoleInfo.java:shutdownFollowerState(121)) - c12632d0-2dcb-49b0-a4cc-89ffab2550ae: shutdown FollowerState
2019-07-30 15:11:30,064 INFO  impl.RaftServerImpl (RaftServerImpl.java:setRole(171)) - c12632d0-2dcb-49b0-a4cc-89ffab2550ae:group-498442456AD0 changes role from FOLLOWER to CANDIDATE at term 0 for changeToCandidate
2019-07-30 15:11:30,064 INFO  impl.RoleInfo (RoleInfo.java:updateAndGet(143)) - c12632d0-2dcb-49b0-a4cc-89ffab2550ae: start LeaderElection
2019-07-30 15:11:30,087 INFO  impl.LeaderElection (LeaderElection.java:askForVotes(181)) - c12632d0-2dcb-49b0-a4cc-89ffab2550ae:group-498442456AD0:LeaderElection88: begin an election at term 1 for -1: [c12632d0-2dcb-49b0-a4cc-89ffab2550ae:192.168.5.170:45992], old=null
2019-07-30 15:11:30,087 INFO  impl.RoleInfo (RoleInfo.java:shutdownLeaderElection(134)) - c12632d0-2dcb-49b0-a4cc-89ffab2550ae: shutdown LeaderElection
2019-07-30 15:11:30,087 INFO  impl.RaftServerImpl (RaftServerImpl.java:setRole(171)) - c12632d0-2dcb-49b0-a4cc-89ffab2550ae:group-498442456AD0 changes role from CANDIDATE to LEADER at term 1 for changeToLeader
2019-07-30 15:11:30,087 INFO  impl.RaftServerImpl (ServerState.java:setLeader(263)) - c12632d0-2dcb-49b0-a4cc-89ffab2550ae:group-498442456AD0 change Leader from null to c12632d0-2dcb-49b0-a4cc-89ffab2550ae at term 1 for becomeLeader, leader elected after 5162ms
2019-07-30 15:11:30,087 INFO  server.RaftServerConfigKeys (ConfUtils.java:logGet(43)) - raft.server.staging.catchup.gap = 1000 (default)
2019-07-30 15:11:30,088 INFO  server.RaftServerConfigKeys (ConfUtils.java:logGet(43)) - raft.server.rpc.sleep.time = 25ms (default)
2019-07-30 15:11:30,088 INFO  server.RaftServerConfigKeys (ConfUtils.java:logGet(43)) - raft.server.write.element-limit = 4096 (default)
2019-07-30 15:11:30,088 INFO  server.RaftServerConfigKeys (ConfUtils.java:logGet(43)) - raft.server.watch.timeout = 10s (default)
2019-07-30 15:11:30,088 INFO  server.RaftServerConfigKeys (ConfUtils.java:logGet(43)) - raft.server.watch.timeout.denomination = 1s (default)
2019-07-30 15:11:30,088 INFO  server.RaftServerConfigKeys (ConfUtils.java:logGet(43)) - raft.server.watch.element-limit = 65536 (default)
2019-07-30 15:11:30,088 INFO  impl.RoleInfo (RoleInfo.java:updateAndGet(143)) - c12632d0-2dcb-49b0-a4cc-89ffab2550ae: start LeaderState
2019-07-30 15:11:30,089 INFO  segmented.SegmentedRaftLogWorker (SegmentedRaftLogWorker.java:startLogSegment(380)) - c12632d0-2dcb-49b0-a4cc-89ffab2550ae-SegmentedRaftLogWorker:Storage Directory /workdir/hadoop-ozone/integration-test/target/test-dir/MiniOzoneClusterImpl-a7411b59-c253-4b32-b71c-4a3802367d93/datanode-6/data/ratis/c9b92886-cf71-4b4e-bd29-498442456ad0: Starting segment from index:0
2019-07-30 15:11:30,089 INFO  impl.RaftServerImpl (ServerState.java:setRaftConf(361)) - c12632d0-2dcb-49b0-a4cc-89ffab2550ae:group-498442456AD0 set configuration 0: [c12632d0-2dcb-49b0-a4cc-89ffab2550ae:192.168.5.170:45992], old=null at 0
2019-07-30 15:11:30,155 INFO  segmented.SegmentedRaftLogWorker (SegmentedRaftLogWorker.java:execute(569)) - c12632d0-2dcb-49b0-a4cc-89ffab2550ae-SegmentedRaftLogWorker:Storage Directory /workdir/hadoop-ozone/integration-test/target/test-dir/MiniOzoneClusterImpl-a7411b59-c253-4b32-b71c-4a3802367d93/datanode-6/data/ratis/c9b92886-cf71-4b4e-bd29-498442456ad0: created new log segment /workdir/hadoop-ozone/integration-test/target/test-dir/MiniOzoneClusterImpl-a7411b59-c253-4b32-b71c-4a3802367d93/datanode-6/data/ratis/c9b92886-cf71-4b4e-bd29-498442456ad0/current/log_inprogress_0
2019-07-30 15:11:30,183 INFO  client.GrpcClientProtocolClient (GrpcClientProtocolClient.java:onNext(255)) - client-07198456D0F2->75a520fe-665b-49fe-9a72-197f3048aa8d: receive RaftClientReply:client-07198456D0F2->75a520fe-665b-49fe-9a72-197f3048aa8d@group-9BC8DDDEC6EB, cid=229, SUCCESS, logIndex=1, commits[75a520fe-665b-49fe-9a72-197f3048aa8d:c1, 0485825d-d380-4417-8394-96c5056d47e9:c0, dcff06cd-ae6d-4ae0-92d5-910e4a8ab9be:c0]
2019-07-30 15:11:30,208 INFO  client.GrpcClientProtocolClient (GrpcClientProtocolClient.java:onNext(255)) - client-07198456D0F2->75a520fe-665b-49fe-9a72-197f3048aa8d: receive RaftClientReply:client-07198456D0F2->75a520fe-665b-49fe-9a72-197f3048aa8d@group-9BC8DDDEC6EB, cid=230, SUCCESS, logIndex=3, commits[75a520fe-665b-49fe-9a72-197f3048aa8d:c4, 0485825d-d380-4417-8394-96c5056d47e9:c1, dcff06cd-ae6d-4ae0-92d5-910e4a8ab9be:c1]
2019-07-30 15:11:30,258 INFO  client.GrpcClientProtocolClient (GrpcClientProtocolClient.java:onNext(255)) - client-07198456D0F2->75a520fe-665b-49fe-9a72-197f3048aa8d: receive RaftClientReply:client-07198456D0F2->75a520fe-665b-49fe-9a72-197f3048aa8d@group-9BC8DDDEC6EB, cid=231, SUCCESS, logIndex=4, commits[75a520fe-665b-49fe-9a72-197f3048aa8d:c12, 0485825d-d380-4417-8394-96c5056d47e9:c7, dcff06cd-ae6d-4ae0-92d5-910e4a8ab9be:c7]
2019-07-30 15:11:30,259 INFO  client.GrpcClientProtocolClient (GrpcClientProtocolClient.java:onNext(255)) - client-07198456D0F2->75a520fe-665b-49fe-9a72-197f3048aa8d: receive RaftClientReply:client-07198456D0F2->75a520fe-665b-49fe-9a72-197f3048aa8d@group-9BC8DDDEC6EB, cid=232, SUCCESS, logIndex=5, commits[75a520fe-665b-49fe-9a72-197f3048aa8d:c12, 0485825d-d380-4417-8394-96c5056d47e9:c7, dcff06cd-ae6d-4ae0-92d5-910e4a8ab9be:c7]
2019-07-30 15:11:30,260 INFO  client.GrpcClientProtocolClient (GrpcClientProtocolClient.java:onNext(255)) - client-07198456D0F2->75a520fe-665b-49fe-9a72-197f3048aa8d: receive RaftClientReply:client-07198456D0F2->75a520fe-665b-49fe-9a72-197f3048aa8d@group-9BC8DDDEC6EB, cid=233, SUCCESS, logIndex=6, commits[75a520fe-665b-49fe-9a72-197f3048aa8d:c12, 0485825d-d380-4417-8394-96c5056d47e9:c7, dcff06cd-ae6d-4ae0-92d5-910e4a8ab9be:c7]
2019-07-30 15:11:30,323 INFO  client.GrpcClientProtocolClient (GrpcClientProtocolClient.java:onNext(255)) - client-07198456D0F2->75a520fe-665b-49fe-9a72-197f3048aa8d: receive RaftClientReply:client-07198456D0F2->75a520fe-665b-49fe-9a72-197f3048aa8d@group-9BC8DDDEC6EB, cid=234, SUCCESS, logIndex=7, commits[75a520fe-665b-49fe-9a72-197f3048aa8d:c12, 0485825d-d380-4417-8394-96c5056d47e9:c7, dcff06cd-ae6d-4ae0-92d5-910e4a8ab9be:c7]
2019-07-30 15:11:30,344 INFO  client.GrpcClientProtocolClient (GrpcClientProtocolClient.java:onNext(255)) - client-07198456D0F2->75a520fe-665b-49fe-9a72-197f3048aa8d: receive RaftClientReply:client-07198456D0F2->75a520fe-665b-49fe-9a72-197f3048aa8d@group-9BC8DDDEC6EB, cid=235, SUCCESS, logIndex=13, commits[75a520fe-665b-49fe-9a72-197f3048aa8d:c13, 0485825d-d380-4417-8394-96c5056d47e9:c12, dcff06cd-ae6d-4ae0-92d5-910e4a8ab9be:c12]
2019-07-30 15:11:30,348 INFO  client.GrpcClientProtocolClient (GrpcClientProtocolClient.java:onNext(255)) - client-07198456D0F2->75a520fe-665b-49fe-9a72-197f3048aa8d: receive RaftClientReply:client-07198456D0F2->75a520fe-665b-49fe-9a72-197f3048aa8d@group-9BC8DDDEC6EB, cid=236, SUCCESS, logIndex=14, commits[75a520fe-665b-49fe-9a72-197f3048aa8d:c14, 0485825d-d380-4417-8394-96c5056d47e9:c12, dcff06cd-ae6d-4ae0-92d5-910e4a8ab9be:c12]
2019-07-30 15:11:31,350 WARN  scm.XceiverClientRatis (XceiverClientRatis.java:watchForCommit(262)) - 3 way commit failed on pipeline Pipeline[ Id: 9ebc7871-911a-4c41-920c-9bc8dddec6eb, Nodes: dcff06cd-ae6d-4ae0-92d5-910e4a8ab9be{ip: 192.168.5.170, host: byscane-nightly-xg47r-921641087, networkLocation: /default-rack, certSerialId: null}75a520fe-665b-49fe-9a72-197f3048aa8d{ip: 192.168.5.170, host: byscane-nightly-xg47r-921641087, networkLocation: /default-rack, certSerialId: null}0485825d-d380-4417-8394-96c5056d47e9{ip: 192.168.5.170, host: byscane-nightly-xg47r-921641087, networkLocation: /default-rack, certSerialId: null}, Type:RATIS, Factor:THREE, State:OPEN]
java.util.concurrent.TimeoutException
	at java.util.concurrent.CompletableFuture.timedGet(CompletableFuture.java:1771)
	at java.util.concurrent.CompletableFuture.get(CompletableFuture.java:1915)
	at org.apache.hadoop.hdds.scm.XceiverClientRatis.watchForCommit(XceiverClientRatis.java:259)
	at org.apache.hadoop.hdds.scm.storage.CommitWatcher.watchForCommit(CommitWatcher.java:194)
	at org.apache.hadoop.hdds.scm.storage.CommitWatcher.watchOnLastIndex(CommitWatcher.java:157)
	at org.apache.hadoop.hdds.scm.storage.BlockOutputStream.watchForCommit(BlockOutputStream.java:347)
	at org.apache.hadoop.hdds.scm.storage.BlockOutputStream.handleFlush(BlockOutputStream.java:479)
	at org.apache.hadoop.hdds.scm.storage.BlockOutputStream.flush(BlockOutputStream.java:428)
	at org.apache.hadoop.ozone.client.io.BlockOutputStreamEntry.flush(BlockOutputStreamEntry.java:136)
	at org.apache.hadoop.ozone.client.io.KeyOutputStream.handleFlushOrClose(KeyOutputStream.java:442)
	at org.apache.hadoop.ozone.client.io.KeyOutputStream.flush(KeyOutputStream.java:396)
	at org.apache.hadoop.ozone.client.io.OzoneOutputStream.flush(OzoneOutputStream.java:54)
	at org.apache.hadoop.ozone.client.rpc.TestBlockOutputStreamWithFailures.testWatchForCommitWithCloseContainerException(TestBlockOutputStreamWithFailures.java:190)
	at sun.reflect.NativeMethodAccessorImpl.invoke0(Native Method)
	at sun.reflect.NativeMethodAccessorImpl.invoke(NativeMethodAccessorImpl.java:62)
	at sun.reflect.DelegatingMethodAccessorImpl.invoke(DelegatingMethodAccessorImpl.java:43)
	at java.lang.reflect.Method.invoke(Method.java:498)
	at org.junit.runners.model.FrameworkMethod$1.runReflectiveCall(FrameworkMethod.java:47)
	at org.junit.internal.runners.model.ReflectiveCallable.run(ReflectiveCallable.java:12)
	at org.junit.runners.model.FrameworkMethod.invokeExplosively(FrameworkMethod.java:44)
	at org.junit.internal.runners.statements.InvokeMethod.evaluate(InvokeMethod.java:17)
	at org.junit.internal.runners.statements.RunBefores.evaluate(RunBefores.java:26)
	at org.junit.internal.runners.statements.RunAfters.evaluate(RunAfters.java:27)
	at org.junit.runners.ParentRunner.runLeaf(ParentRunner.java:271)
	at org.junit.runners.BlockJUnit4ClassRunner.runChild(BlockJUnit4ClassRunner.java:70)
	at org.junit.runners.BlockJUnit4ClassRunner.runChild(BlockJUnit4ClassRunner.java:50)
	at org.junit.runners.ParentRunner$3.run(ParentRunner.java:238)
	at org.junit.runners.ParentRunner$1.schedule(ParentRunner.java:63)
	at org.junit.runners.ParentRunner.runChildren(ParentRunner.java:236)
	at org.junit.runners.ParentRunner.access$000(ParentRunner.java:53)
	at org.junit.runners.ParentRunner$2.evaluate(ParentRunner.java:229)
	at org.junit.runners.ParentRunner.run(ParentRunner.java:309)
	at org.apache.maven.surefire.junit4.JUnit4Provider.execute(JUnit4Provider.java:365)
	at org.apache.maven.surefire.junit4.JUnit4Provider.executeWithRerun(JUnit4Provider.java:273)
	at org.apache.maven.surefire.junit4.JUnit4Provider.executeTestSet(JUnit4Provider.java:238)
	at org.apache.maven.surefire.junit4.JUnit4Provider.invoke(JUnit4Provider.java:159)
	at org.apache.maven.surefire.booter.ForkedBooter.invokeProviderInSameClassLoader(ForkedBooter.java:384)
	at org.apache.maven.surefire.booter.ForkedBooter.runSuitesInProcess(ForkedBooter.java:345)
	at org.apache.maven.surefire.booter.ForkedBooter.execute(ForkedBooter.java:126)
	at org.apache.maven.surefire.booter.ForkedBooter.main(ForkedBooter.java:418)
2019-07-30 15:11:32,354 WARN  storage.CommitWatcher (CommitWatcher.java:watchForCommit(203)) - watchForCommit failed for index 14
java.util.concurrent.TimeoutException
	at java.util.concurrent.CompletableFuture.timedGet(CompletableFuture.java:1771)
	at java.util.concurrent.CompletableFuture.get(CompletableFuture.java:1915)
	at org.apache.hadoop.hdds.scm.XceiverClientRatis.watchForCommit(XceiverClientRatis.java:268)
	at org.apache.hadoop.hdds.scm.storage.CommitWatcher.watchForCommit(CommitWatcher.java:194)
	at org.apache.hadoop.hdds.scm.storage.CommitWatcher.watchOnLastIndex(CommitWatcher.java:157)
	at org.apache.hadoop.hdds.scm.storage.BlockOutputStream.watchForCommit(BlockOutputStream.java:347)
	at org.apache.hadoop.hdds.scm.storage.BlockOutputStream.handleFlush(BlockOutputStream.java:479)
	at org.apache.hadoop.hdds.scm.storage.BlockOutputStream.flush(BlockOutputStream.java:428)
	at org.apache.hadoop.ozone.client.io.BlockOutputStreamEntry.flush(BlockOutputStreamEntry.java:136)
	at org.apache.hadoop.ozone.client.io.KeyOutputStream.handleFlushOrClose(KeyOutputStream.java:442)
	at org.apache.hadoop.ozone.client.io.KeyOutputStream.flush(KeyOutputStream.java:396)
	at org.apache.hadoop.ozone.client.io.OzoneOutputStream.flush(OzoneOutputStream.java:54)
	at org.apache.hadoop.ozone.client.rpc.TestBlockOutputStreamWithFailures.testWatchForCommitWithCloseContainerException(TestBlockOutputStreamWithFailures.java:190)
	at sun.reflect.NativeMethodAccessorImpl.invoke0(Native Method)
	at sun.reflect.NativeMethodAccessorImpl.invoke(NativeMethodAccessorImpl.java:62)
	at sun.reflect.DelegatingMethodAccessorImpl.invoke(DelegatingMethodAccessorImpl.java:43)
	at java.lang.reflect.Method.invoke(Method.java:498)
	at org.junit.runners.model.FrameworkMethod$1.runReflectiveCall(FrameworkMethod.java:47)
	at org.junit.internal.runners.model.ReflectiveCallable.run(ReflectiveCallable.java:12)
	at org.junit.runners.model.FrameworkMethod.invokeExplosively(FrameworkMethod.java:44)
	at org.junit.internal.runners.statements.InvokeMethod.evaluate(InvokeMethod.java:17)
	at org.junit.internal.runners.statements.RunBefores.evaluate(RunBefores.java:26)
	at org.junit.internal.runners.statements.RunAfters.evaluate(RunAfters.java:27)
	at org.junit.runners.ParentRunner.runLeaf(ParentRunner.java:271)
	at org.junit.runners.BlockJUnit4ClassRunner.runChild(BlockJUnit4ClassRunner.java:70)
	at org.junit.runners.BlockJUnit4ClassRunner.runChild(BlockJUnit4ClassRunner.java:50)
	at org.junit.runners.ParentRunner$3.run(ParentRunner.java:238)
	at org.junit.runners.ParentRunner$1.schedule(ParentRunner.java:63)
	at org.junit.runners.ParentRunner.runChildren(ParentRunner.java:236)
	at org.junit.runners.ParentRunner.access$000(ParentRunner.java:53)
	at org.junit.runners.ParentRunner$2.evaluate(ParentRunner.java:229)
	at org.junit.runners.ParentRunner.run(ParentRunner.java:309)
	at org.apache.maven.surefire.junit4.JUnit4Provider.execute(JUnit4Provider.java:365)
	at org.apache.maven.surefire.junit4.JUnit4Provider.executeWithRerun(JUnit4Provider.java:273)
	at org.apache.maven.surefire.junit4.JUnit4Provider.executeTestSet(JUnit4Provider.java:238)
	at org.apache.maven.surefire.junit4.JUnit4Provider.invoke(JUnit4Provider.java:159)
	at org.apache.maven.surefire.booter.ForkedBooter.invokeProviderInSameClassLoader(ForkedBooter.java:384)
	at org.apache.maven.surefire.booter.ForkedBooter.runSuitesInProcess(ForkedBooter.java:345)
	at org.apache.maven.surefire.booter.ForkedBooter.execute(ForkedBooter.java:126)
	at org.apache.maven.surefire.booter.ForkedBooter.main(ForkedBooter.java:418)
2019-07-30 15:11:32,355 WARN  io.KeyOutputStream (KeyOutputStream.java:handleException(276)) - Encountered exception java.io.IOException: Unexpected Storage Container Exception: java.io.IOException: Unexpected Storage Container Exception: java.util.concurrent.TimeoutException on the pipeline Pipeline[ Id: 9ebc7871-911a-4c41-920c-9bc8dddec6eb, Nodes: dcff06cd-ae6d-4ae0-92d5-910e4a8ab9be{ip: 192.168.5.170, host: byscane-nightly-xg47r-921641087, networkLocation: /default-rack, certSerialId: null}75a520fe-665b-49fe-9a72-197f3048aa8d{ip: 192.168.5.170, host: byscane-nightly-xg47r-921641087, networkLocation: /default-rack, certSerialId: null}0485825d-d380-4417-8394-96c5056d47e9{ip: 192.168.5.170, host: byscane-nightly-xg47r-921641087, networkLocation: /default-rack, certSerialId: null}, Type:RATIS, Factor:THREE, State:OPEN]. The last committed block length is 400, uncommitted data length is 50 retry count 0
2019-07-30 15:11:32,540 INFO  client.GrpcClientProtocolClient (GrpcClientProtocolClient.java:onNext(255)) - client-43F0FFF6BE3C->94f9f387-1fd0-4244-9860-0e1bff5de2ff: receive RaftClientReply:client-43F0FFF6BE3C->94f9f387-1fd0-4244-9860-0e1bff5de2ff@group-643B93E632FC, cid=239, SUCCESS, logIndex=1, commits[94f9f387-1fd0-4244-9860-0e1bff5de2ff:c1, 803a907b-1436-41a2-8a4e-eef36fdef27c:c0, d14613f8-d093-437c-8526-da547fa8e3f6:c0]
2019-07-30 15:11:32,598 INFO  client.GrpcClientProtocolClient (GrpcClientProtocolClient.java:onNext(255)) - client-43F0FFF6BE3C->94f9f387-1fd0-4244-9860-0e1bff5de2ff: receive RaftClientReply:client-43F0FFF6BE3C->94f9f387-1fd0-4244-9860-0e1bff5de2ff@group-643B93E632FC, cid=240, SUCCESS, logIndex=3, commits[94f9f387-1fd0-4244-9860-0e1bff5de2ff:c4, 803a907b-1436-41a2-8a4e-eef36fdef27c:c3, d14613f8-d093-437c-8526-da547fa8e3f6:c3]
2019-07-30 15:11:32,599 INFO  ozone.MiniOzoneClusterImpl (MiniOzoneClusterImpl.java:shutdown(321)) - Shutting down the Mini Ozone Cluster
2019-07-30 15:11:32,599 INFO  ozone.MiniOzoneClusterImpl (MiniOzoneClusterImpl.java:stop(336)) - Stopping the Mini Ozone Cluster
2019-07-30 15:11:32,600 INFO  ozone.MiniOzoneClusterImpl (MiniOzoneClusterImpl.java:stop(338)) - Stopping the OzoneManager
2019-07-30 15:11:32,600 INFO  ipc.Server (Server.java:stop(3082)) - Stopping server on 33770
2019-07-30 15:11:32,615 INFO  ipc.Server (Server.java:run(1185)) - Stopping IPC Server listener on 33770
2019-07-30 15:11:32,617 INFO  ipc.Server (Server.java:run(1319)) - Stopping IPC Server Responder
2019-07-30 15:11:32,615 INFO  utils.BackgroundService (BackgroundService.java:shutdown(148)) - Shutting down service KeyDeletingService
2019-07-30 15:11:32,646 INFO  handler.ContextHandler (ContextHandler.java:doStop(910)) - Stopped o.e.j.w.WebAppContext@60877629{/,null,UNAVAILABLE}{/ozoneManager}
2019-07-30 15:11:32,646 INFO  server.AbstractConnector (AbstractConnector.java:doStop(318)) - Stopped ServerConnector@7e86ff3b{HTTP/1.1,[http/1.1]}{0.0.0.0:0}
2019-07-30 15:11:32,647 INFO  handler.ContextHandler (ContextHandler.java:doStop(910)) - Stopped o.e.j.s.ServletContextHandler@5aaecd25{/static,file:///workdir/hadoop-ozone/integration-test/target/test-classes/webapps/static,UNAVAILABLE}
2019-07-30 15:11:32,647 INFO  handler.ContextHandler (ContextHandler.java:doStop(910)) - Stopped o.e.j.s.ServletContextHandler@4a9e6ea7{/logs,file:///workdir/hadoop-ozone/integration-test/target/log,UNAVAILABLE}
2019-07-30 15:11:32,650 INFO  ozone.MiniOzoneClusterImpl (MiniOzoneClusterImpl.java:stop(344)) - Shutting the HddsDatanodes
2019-07-30 15:11:32,650 INFO  datanode.ObjectStoreHandler (ObjectStoreHandler.java:close(155)) - Closing ObjectStoreHandler.
2019-07-30 15:11:32,650 INFO  datanode.ObjectStoreHandler (ObjectStoreHandler.java:close(155)) - Closing ObjectStoreHandler.
2019-07-30 15:11:32,650 INFO  ozone.HddsDatanodeService (HddsDatanodeService.java:stop(451)) - Stopped plug-in org.apache.hadoop.ozone.web.OzoneHddsDatanodeService@2aaa5122
2019-07-30 15:11:32,651 INFO  ozone.HddsDatanodeService (HddsDatanodeService.java:stop(451)) - Stopped plug-in org.apache.hadoop.ozone.web.OzoneHddsDatanodeService@13b0755e
2019-07-30 15:11:32,859 INFO  client.GrpcClientProtocolClient (GrpcClientProtocolClient.java:onNext(255)) - client-07198456D0F2->75a520fe-665b-49fe-9a72-197f3048aa8d: receive RaftClientReply:client-07198456D0F2->75a520fe-665b-49fe-9a72-197f3048aa8d@group-9BC8DDDEC6EB, cid=238, SUCCESS, logIndex=0, commits[75a520fe-665b-49fe-9a72-197f3048aa8d:c16, 0485825d-d380-4417-8394-96c5056d47e9:c16, dcff06cd-ae6d-4ae0-92d5-910e4a8ab9be:c13]
2019-07-30 15:11:32,859 INFO  client.GrpcClientProtocolClient (GrpcClientProtocolClient.java:onNext(255)) - client-07198456D0F2->75a520fe-665b-49fe-9a72-197f3048aa8d: receive RaftClientReply:client-07198456D0F2->75a520fe-665b-49fe-9a72-197f3048aa8d@group-9BC8DDDEC6EB, cid=237, SUCCESS, logIndex=0, commits[75a520fe-665b-49fe-9a72-197f3048aa8d:c16, 0485825d-d380-4417-8394-96c5056d47e9:c16, dcff06cd-ae6d-4ae0-92d5-910e4a8ab9be:c16]
2019-07-30 15:11:33,172 INFO  statemachine.DatanodeStateMachine (DatanodeStateMachine.java:lambda$startDaemon$0(350)) - Ozone container server started.
2019-07-30 15:11:33,524 INFO  statemachine.DatanodeStateMachine (DatanodeStateMachine.java:lambda$startDaemon$0(350)) - Ozone container server started.
2019-07-30 15:11:37,273 INFO  node.StaleNodeHandler (StaleNodeHandler.java:onMessage(58)) - Datanode dcff06cd-ae6d-4ae0-92d5-910e4a8ab9be{ip: 192.168.5.170, host: byscane-nightly-xg47r-921641087, networkLocation: /default-rack, certSerialId: null} moved to stale state. Finalizing its pipelines [PipelineID=b1f5d58a-7da0-4580-bbb5-89d18603dd9d, PipelineID=9ebc7871-911a-4c41-920c-9bc8dddec6eb]
2019-07-30 15:11:37,273 INFO  pipeline.SCMPipelineManager (SCMPipelineManager.java:finalizeAndDestroyPipeline(309)) - destroying pipeline:Pipeline[ Id: b1f5d58a-7da0-4580-bbb5-89d18603dd9d, Nodes: dcff06cd-ae6d-4ae0-92d5-910e4a8ab9be{ip: 192.168.5.170, host: byscane-nightly-xg47r-921641087, networkLocation: /default-rack, certSerialId: null}, Type:RATIS, Factor:ONE, State:OPEN]
2019-07-30 15:11:37,274 INFO  pipeline.PipelineStateManager (PipelineStateManager.java:finalizePipeline(123)) - Pipeline Pipeline[ Id: b1f5d58a-7da0-4580-bbb5-89d18603dd9d, Nodes: dcff06cd-ae6d-4ae0-92d5-910e4a8ab9be{ip: 192.168.5.170, host: byscane-nightly-xg47r-921641087, networkLocation: /default-rack, certSerialId: null}, Type:RATIS, Factor:ONE, State:CLOSED] moved to CLOSED state
2019-07-30 15:11:37,274 INFO  pipeline.SCMPipelineManager (SCMPipelineManager.java:finalizeAndDestroyPipeline(309)) - destroying pipeline:Pipeline[ Id: 9ebc7871-911a-4c41-920c-9bc8dddec6eb, Nodes: dcff06cd-ae6d-4ae0-92d5-910e4a8ab9be{ip: 192.168.5.170, host: byscane-nightly-xg47r-921641087, networkLocation: /default-rack, certSerialId: null}75a520fe-665b-49fe-9a72-197f3048aa8d{ip: 192.168.5.170, host: byscane-nightly-xg47r-921641087, networkLocation: /default-rack, certSerialId: null}0485825d-d380-4417-8394-96c5056d47e9{ip: 192.168.5.170, host: byscane-nightly-xg47r-921641087, networkLocation: /default-rack, certSerialId: null}, Type:RATIS, Factor:THREE, State:OPEN]
2019-07-30 15:11:37,274 INFO  pipeline.PipelineStateManager (PipelineStateManager.java:finalizePipeline(123)) - Pipeline Pipeline[ Id: 9ebc7871-911a-4c41-920c-9bc8dddec6eb, Nodes: dcff06cd-ae6d-4ae0-92d5-910e4a8ab9be{ip: 192.168.5.170, host: byscane-nightly-xg47r-921641087, networkLocation: /default-rack, certSerialId: null}75a520fe-665b-49fe-9a72-197f3048aa8d{ip: 192.168.5.170, host: byscane-nightly-xg47r-921641087, networkLocation: /default-rack, certSerialId: null}0485825d-d380-4417-8394-96c5056d47e9{ip: 192.168.5.170, host: byscane-nightly-xg47r-921641087, networkLocation: /default-rack, certSerialId: null}, Type:RATIS, Factor:THREE, State:CLOSED] moved to CLOSED state
2019-07-30 15:11:37,275 INFO  container.CloseContainerEventHandler (CloseContainerEventHandler.java:onMessage(61)) - Close container Event triggered for container : #1
2019-07-30 15:11:37,573 INFO  node.StaleNodeHandler (StaleNodeHandler.java:onMessage(58)) - Datanode 803a907b-1436-41a2-8a4e-eef36fdef27c{ip: 192.168.5.170, host: byscane-nightly-xg47r-921641087, networkLocation: /default-rack, certSerialId: null} moved to stale state. Finalizing its pipelines [PipelineID=b22b6ac1-5eec-4d5a-a4fc-643b93e632fc, PipelineID=69efa346-4542-4cb4-a525-c778543e4064]
2019-07-30 15:11:37,573 INFO  pipeline.SCMPipelineManager (SCMPipelineManager.java:finalizeAndDestroyPipeline(309)) - destroying pipeline:Pipeline[ Id: b22b6ac1-5eec-4d5a-a4fc-643b93e632fc, Nodes: 94f9f387-1fd0-4244-9860-0e1bff5de2ff{ip: 192.168.5.170, host: byscane-nightly-xg47r-921641087, networkLocation: /default-rack, certSerialId: null}803a907b-1436-41a2-8a4e-eef36fdef27c{ip: 192.168.5.170, host: byscane-nightly-xg47r-921641087, networkLocation: /default-rack, certSerialId: null}d14613f8-d093-437c-8526-da547fa8e3f6{ip: 192.168.5.170, host: byscane-nightly-xg47r-921641087, networkLocation: /default-rack, certSerialId: null}, Type:RATIS, Factor:THREE, State:OPEN]
2019-07-30 15:11:37,573 INFO  pipeline.PipelineStateManager (PipelineStateManager.java:finalizePipeline(123)) - Pipeline Pipeline[ Id: b22b6ac1-5eec-4d5a-a4fc-643b93e632fc, Nodes: 94f9f387-1fd0-4244-9860-0e1bff5de2ff{ip: 192.168.5.170, host: byscane-nightly-xg47r-921641087, networkLocation: /default-rack, certSerialId: null}803a907b-1436-41a2-8a4e-eef36fdef27c{ip: 192.168.5.170, host: byscane-nightly-xg47r-921641087, networkLocation: /default-rack, certSerialId: null}d14613f8-d093-437c-8526-da547fa8e3f6{ip: 192.168.5.170, host: byscane-nightly-xg47r-921641087, networkLocation: /default-rack, certSerialId: null}, Type:RATIS, Factor:THREE, State:CLOSED] moved to CLOSED state
2019-07-30 15:11:37,574 INFO  pipeline.SCMPipelineManager (SCMPipelineManager.java:finalizeAndDestroyPipeline(309)) - destroying pipeline:Pipeline[ Id: 69efa346-4542-4cb4-a525-c778543e4064, Nodes: 803a907b-1436-41a2-8a4e-eef36fdef27c{ip: 192.168.5.170, host: byscane-nightly-xg47r-921641087, networkLocation: /default-rack, certSerialId: null}, Type:RATIS, Factor:ONE, State:OPEN]
2019-07-30 15:11:37,574 INFO  container.CloseContainerEventHandler (CloseContainerEventHandler.java:onMessage(61)) - Close container Event triggered for container : #2
2019-07-30 15:11:37,574 INFO  pipeline.PipelineStateManager (PipelineStateManager.java:finalizePipeline(123)) - Pipeline Pipeline[ Id: 69efa346-4542-4cb4-a525-c778543e4064, Nodes: 803a907b-1436-41a2-8a4e-eef36fdef27c{ip: 192.168.5.170, host: byscane-nightly-xg47r-921641087, networkLocation: /default-rack, certSerialId: null}, Type:RATIS, Factor:ONE, State:CLOSED] moved to CLOSED state
2019-07-30 15:11:37,652 INFO  ozoneimpl.OzoneContainer (OzoneContainer.java:stop(199)) - Attempting to stop container services.
2019-07-30 15:11:37,652 INFO  ozoneimpl.OzoneContainer (OzoneContainer.java:stop(199)) - Attempting to stop container services.
2019-07-30 15:11:37,652 INFO  impl.RaftServerProxy (RaftServerProxy.java:lambda$close$4(314)) - dcff06cd-ae6d-4ae0-92d5-910e4a8ab9be: close
2019-07-30 15:11:37,653 INFO  impl.RaftServerProxy (RaftServerProxy.java:lambda$close$4(314)) - 803a907b-1436-41a2-8a4e-eef36fdef27c: close
2019-07-30 15:11:37,653 INFO  impl.RaftServerImpl (RaftServerImpl.java:lambda$shutdown$3(245)) - dcff06cd-ae6d-4ae0-92d5-910e4a8ab9be: shutdown group-89D18603DD9D
2019-07-30 15:11:37,653 INFO  impl.RaftServerImpl (RaftServerImpl.java:lambda$shutdown$3(245)) - 803a907b-1436-41a2-8a4e-eef36fdef27c: shutdown group-643B93E632FC
2019-07-30 15:11:37,654 INFO  util.JmxRegister (JmxRegister.java:unregister(73)) - Successfully un-registered JMX Bean with object name Ratis:service=RaftServer,group=group-89D18603DD9D,id=dcff06cd-ae6d-4ae0-92d5-910e4a8ab9be
2019-07-30 15:11:37,654 INFO  util.JmxRegister (JmxRegister.java:unregister(73)) - Successfully un-registered JMX Bean with object name Ratis:service=RaftServer,group=group-643B93E632FC,id=803a907b-1436-41a2-8a4e-eef36fdef27c
2019-07-30 15:11:37,654 INFO  impl.RoleInfo (RoleInfo.java:shutdownLeaderState(104)) - dcff06cd-ae6d-4ae0-92d5-910e4a8ab9be: shutdown LeaderState
2019-07-30 15:11:37,655 INFO  impl.RoleInfo (RoleInfo.java:shutdownFollowerState(121)) - 803a907b-1436-41a2-8a4e-eef36fdef27c: shutdown FollowerState
2019-07-30 15:11:37,655 INFO  impl.PendingRequests (PendingRequests.java:sendNotLeaderResponses(202)) - dcff06cd-ae6d-4ae0-92d5-910e4a8ab9be-PendingRequests: sendNotLeaderResponses
2019-07-30 15:11:37,656 INFO  impl.FollowerState (FollowerState.java:run(114)) - 803a907b-1436-41a2-8a4e-eef36fdef27c: FollowerState was interrupted: java.lang.InterruptedException: sleep interrupted
2019-07-30 15:11:37,656 INFO  ratis.ContainerStateMachine (ContainerStateMachine.java:takeSnapshot(262)) - group-643B93E632FC: Taking a snapshot at:(t:1, i:3) file /workdir/hadoop-ozone/integration-test/target/test-dir/MiniOzoneClusterImpl-a7411b59-c253-4b32-b71c-4a3802367d93/datanode-1/data/ratis/b22b6ac1-5eec-4d5a-a4fc-643b93e632fc/sm/snapshot.1_3
2019-07-30 15:11:37,655 INFO  impl.StateMachineUpdater (StateMachineUpdater.java:stopAndJoin(115)) - StateMachineUpdater:803a907b-1436-41a2-8a4e-eef36fdef27c:group-643B93E632FC: set stopIndex = 4
2019-07-30 15:11:37,656 INFO  impl.StateMachineUpdater (StateMachineUpdater.java:stopAndJoin(115)) - StateMachineUpdater:dcff06cd-ae6d-4ae0-92d5-910e4a8ab9be:group-89D18603DD9D: set stopIndex = 0
2019-07-30 15:11:37,662 INFO  impl.RaftServerImpl (ServerState.java:close(394)) - dcff06cd-ae6d-4ae0-92d5-910e4a8ab9be:group-89D18603DD9D closes. The last applied log index is 0
2019-07-30 15:11:37,662 INFO  segmented.SegmentedRaftLogWorker (SegmentedRaftLogWorker.java:run(313)) - dcff06cd-ae6d-4ae0-92d5-910e4a8ab9be-SegmentedRaftLogWorker:Storage Directory /workdir/hadoop-ozone/integration-test/target/test-dir/MiniOzoneClusterImpl-a7411b59-c253-4b32-b71c-4a3802367d93/datanode-4/data/ratis/b1f5d58a-7da0-4580-bbb5-89d18603dd9d was interrupted, exiting. There are 0 tasks remaining in the queue.
2019-07-30 15:11:37,665 INFO  segmented.SegmentedRaftLogWorker (SegmentedRaftLogWorker.java:close(228)) - dcff06cd-ae6d-4ae0-92d5-910e4a8ab9be-SegmentedRaftLogWorker:Storage Directory /workdir/hadoop-ozone/integration-test/target/test-dir/MiniOzoneClusterImpl-a7411b59-c253-4b32-b71c-4a3802367d93/datanode-4/data/ratis/b1f5d58a-7da0-4580-bbb5-89d18603dd9d close()
2019-07-30 15:11:37,681 INFO  impl.RaftServerImpl (RaftServerImpl.java:lambda$shutdown$3(245)) - dcff06cd-ae6d-4ae0-92d5-910e4a8ab9be: shutdown group-9BC8DDDEC6EB
2019-07-30 15:11:37,682 INFO  util.JmxRegister (JmxRegister.java:unregister(73)) - Successfully un-registered JMX Bean with object name Ratis:service=RaftServer,group=group-9BC8DDDEC6EB,id=dcff06cd-ae6d-4ae0-92d5-910e4a8ab9be
2019-07-30 15:11:37,682 INFO  impl.RoleInfo (RoleInfo.java:shutdownFollowerState(121)) - dcff06cd-ae6d-4ae0-92d5-910e4a8ab9be: shutdown FollowerState
2019-07-30 15:11:37,683 INFO  impl.StateMachineUpdater (StateMachineUpdater.java:stopAndJoin(115)) - StateMachineUpdater:dcff06cd-ae6d-4ae0-92d5-910e4a8ab9be:group-9BC8DDDEC6EB: set stopIndex = 16
2019-07-30 15:11:37,683 INFO  ratis.ContainerStateMachine (ContainerStateMachine.java:takeSnapshot(262)) - group-9BC8DDDEC6EB: Taking a snapshot at:(t:1, i:16) file /workdir/hadoop-ozone/integration-test/target/test-dir/MiniOzoneClusterImpl-a7411b59-c253-4b32-b71c-4a3802367d93/datanode-4/data/ratis/9ebc7871-911a-4c41-920c-9bc8dddec6eb/sm/snapshot.1_16
2019-07-30 15:11:37,683 INFO  impl.FollowerState (FollowerState.java:run(114)) - dcff06cd-ae6d-4ae0-92d5-910e4a8ab9be: FollowerState was interrupted: java.lang.InterruptedException: sleep interrupted
2019-07-30 15:11:37,690 INFO  ratis.ContainerStateMachine (ContainerStateMachine.java:takeSnapshot(273)) - group-643B93E632FC: Finished taking a snapshot at:(t:1, i:3) file:/workdir/hadoop-ozone/integration-test/target/test-dir/MiniOzoneClusterImpl-a7411b59-c253-4b32-b71c-4a3802367d93/datanode-1/data/ratis/b22b6ac1-5eec-4d5a-a4fc-643b93e632fc/sm/snapshot.1_3 time:34
2019-07-30 15:11:37,690 INFO  impl.StateMachineUpdater (StateMachineUpdater.java:takeSnapshot(242)) - StateMachineUpdater:803a907b-1436-41a2-8a4e-eef36fdef27c:group-643B93E632FC: Took a snapshot at index 3
2019-07-30 15:11:37,690 INFO  impl.StateMachineUpdater (StateMachineUpdater.java:lambda$new$0(80)) - StateMachineUpdater:803a907b-1436-41a2-8a4e-eef36fdef27c:group-643B93E632FC: snapshotIndex: updateIncreasingly -1 -> 3
2019-07-30 15:11:37,692 INFO  impl.RaftServerImpl (ServerState.java:close(394)) - 803a907b-1436-41a2-8a4e-eef36fdef27c:group-643B93E632FC closes. The last applied log index is 4
2019-07-30 15:11:37,692 INFO  ratis.ContainerStateMachine (ContainerStateMachine.java:takeSnapshot(273)) - group-9BC8DDDEC6EB: Finished taking a snapshot at:(t:1, i:16) file:/workdir/hadoop-ozone/integration-test/target/test-dir/MiniOzoneClusterImpl-a7411b59-c253-4b32-b71c-4a3802367d93/datanode-4/data/ratis/9ebc7871-911a-4c41-920c-9bc8dddec6eb/sm/snapshot.1_16 time:9
2019-07-30 15:11:37,693 INFO  impl.StateMachineUpdater (StateMachineUpdater.java:takeSnapshot(242)) - StateMachineUpdater:dcff06cd-ae6d-4ae0-92d5-910e4a8ab9be:group-9BC8DDDEC6EB: Took a snapshot at index 16
2019-07-30 15:11:37,693 INFO  impl.StateMachineUpdater (StateMachineUpdater.java:lambda$new$0(80)) - StateMachineUpdater:dcff06cd-ae6d-4ae0-92d5-910e4a8ab9be:group-9BC8DDDEC6EB: snapshotIndex: updateIncreasingly -1 -> 16
2019-07-30 15:11:37,693 INFO  segmented.SegmentedRaftLogWorker (SegmentedRaftLogWorker.java:run(313)) - 803a907b-1436-41a2-8a4e-eef36fdef27c-SegmentedRaftLogWorker:Storage Directory /workdir/hadoop-ozone/integration-test/target/test-dir/MiniOzoneClusterImpl-a7411b59-c253-4b32-b71c-4a3802367d93/datanode-1/data/ratis/b22b6ac1-5eec-4d5a-a4fc-643b93e632fc was interrupted, exiting. There are 0 tasks remaining in the queue.
2019-07-30 15:11:37,693 INFO  impl.RaftServerImpl (ServerState.java:close(394)) - dcff06cd-ae6d-4ae0-92d5-910e4a8ab9be:group-9BC8DDDEC6EB closes. The last applied log index is 16
2019-07-30 15:11:37,694 INFO  segmented.SegmentedRaftLogWorker (SegmentedRaftLogWorker.java:close(228)) - 803a907b-1436-41a2-8a4e-eef36fdef27c-SegmentedRaftLogWorker:Storage Directory /workdir/hadoop-ozone/integration-test/target/test-dir/MiniOzoneClusterImpl-a7411b59-c253-4b32-b71c-4a3802367d93/datanode-1/data/ratis/b22b6ac1-5eec-4d5a-a4fc-643b93e632fc close()
2019-07-30 15:11:37,694 INFO  segmented.SegmentedRaftLogWorker (SegmentedRaftLogWorker.java:run(313)) - dcff06cd-ae6d-4ae0-92d5-910e4a8ab9be-SegmentedRaftLogWorker:Storage Directory /workdir/hadoop-ozone/integration-test/target/test-dir/MiniOzoneClusterImpl-a7411b59-c253-4b32-b71c-4a3802367d93/datanode-4/data/ratis/9ebc7871-911a-4c41-920c-9bc8dddec6eb was interrupted, exiting. There are 0 tasks remaining in the queue.
2019-07-30 15:11:37,696 INFO  impl.RaftServerImpl (RaftServerImpl.java:lambda$shutdown$3(245)) - 803a907b-1436-41a2-8a4e-eef36fdef27c: shutdown group-C778543E4064
2019-07-30 15:11:37,697 INFO  segmented.SegmentedRaftLogWorker (SegmentedRaftLogWorker.java:close(228)) - dcff06cd-ae6d-4ae0-92d5-910e4a8ab9be-SegmentedRaftLogWorker:Storage Directory /workdir/hadoop-ozone/integration-test/target/test-dir/MiniOzoneClusterImpl-a7411b59-c253-4b32-b71c-4a3802367d93/datanode-4/data/ratis/9ebc7871-911a-4c41-920c-9bc8dddec6eb close()
2019-07-30 15:11:37,697 INFO  util.JmxRegister (JmxRegister.java:unregister(73)) - Successfully un-registered JMX Bean with object name Ratis:service=RaftServer,group=group-C778543E4064,id=803a907b-1436-41a2-8a4e-eef36fdef27c
2019-07-30 15:11:37,700 INFO  server.GrpcService (GrpcService.java:closeImpl(155)) - dcff06cd-ae6d-4ae0-92d5-910e4a8ab9be: shutdown server with port 44230 now
2019-07-30 15:11:37,700 INFO  impl.RoleInfo (RoleInfo.java:shutdownLeaderState(104)) - 803a907b-1436-41a2-8a4e-eef36fdef27c: shutdown LeaderState
2019-07-30 15:11:37,701 INFO  impl.PendingRequests (PendingRequests.java:sendNotLeaderResponses(202)) - 803a907b-1436-41a2-8a4e-eef36fdef27c-PendingRequests: sendNotLeaderResponses
2019-07-30 15:11:37,701 INFO  impl.StateMachineUpdater (StateMachineUpdater.java:stopAndJoin(115)) - StateMachineUpdater:803a907b-1436-41a2-8a4e-eef36fdef27c:group-C778543E4064: set stopIndex = 0
2019-07-30 15:11:37,701 INFO  impl.RaftServerImpl (ServerState.java:close(394)) - 803a907b-1436-41a2-8a4e-eef36fdef27c:group-C778543E4064 closes. The last applied log index is 0
2019-07-30 15:11:37,702 INFO  segmented.SegmentedRaftLogWorker (SegmentedRaftLogWorker.java:run(313)) - 803a907b-1436-41a2-8a4e-eef36fdef27c-SegmentedRaftLogWorker:Storage Directory /workdir/hadoop-ozone/integration-test/target/test-dir/MiniOzoneClusterImpl-a7411b59-c253-4b32-b71c-4a3802367d93/datanode-1/data/ratis/69efa346-4542-4cb4-a525-c778543e4064 was interrupted, exiting. There are 0 tasks remaining in the queue.
2019-07-30 15:11:37,702 WARN  server.GrpcServerProtocolService (LogUtils.java:warn(134)) - dcff06cd-ae6d-4ae0-92d5-910e4a8ab9be: appendEntries onError: org.apache.ratis.thirdparty.io.grpc.StatusRuntimeException: CANCELLED: cancelled before receiving half close
2019-07-30 15:11:37,702 INFO  segmented.SegmentedRaftLogWorker (SegmentedRaftLogWorker.java:close(228)) - 803a907b-1436-41a2-8a4e-eef36fdef27c-SegmentedRaftLogWorker:Storage Directory /workdir/hadoop-ozone/integration-test/target/test-dir/MiniOzoneClusterImpl-a7411b59-c253-4b32-b71c-4a3802367d93/datanode-1/data/ratis/69efa346-4542-4cb4-a525-c778543e4064 close()
2019-07-30 15:11:37,703 INFO  server.GrpcService (GrpcService.java:closeImpl(163)) - dcff06cd-ae6d-4ae0-92d5-910e4a8ab9be: shutdown server with port 44230 successfully
2019-07-30 15:11:37,705 INFO  server.GrpcService (GrpcService.java:closeImpl(155)) - 803a907b-1436-41a2-8a4e-eef36fdef27c: shutdown server with port 34948 now
2019-07-30 15:11:37,705 WARN  server.GrpcLogAppender (LogUtils.java:warn(134)) - 75a520fe-665b-49fe-9a72-197f3048aa8d->dcff06cd-ae6d-4ae0-92d5-910e4a8ab9be: Failed appendEntries: org.apache.ratis.thirdparty.io.grpc.StatusRuntimeException: CANCELLED: HTTP/2 error code: CANCEL
Received Rst Stream
2019-07-30 15:11:37,706 WARN  server.GrpcServerProtocolService (LogUtils.java:warn(134)) - 803a907b-1436-41a2-8a4e-eef36fdef27c: appendEntries onError: org.apache.ratis.thirdparty.io.grpc.StatusRuntimeException: CANCELLED: cancelled before receiving half close
2019-07-30 15:11:37,706 INFO  server.GrpcService (GrpcService.java:closeImpl(163)) - 803a907b-1436-41a2-8a4e-eef36fdef27c: shutdown server with port 34948 successfully
2019-07-30 15:11:37,706 INFO  impl.FollowerInfo (FollowerInfo.java:lambda$new$0(50)) - 75a520fe-665b-49fe-9a72-197f3048aa8d->dcff06cd-ae6d-4ae0-92d5-910e4a8ab9be: nextIndex: updateUnconditionally 17 -> 16
2019-07-30 15:11:37,707 WARN  server.GrpcLogAppender (LogUtils.java:warn(134)) - 94f9f387-1fd0-4244-9860-0e1bff5de2ff->803a907b-1436-41a2-8a4e-eef36fdef27c: Failed appendEntries: org.apache.ratis.thirdparty.io.grpc.StatusRuntimeException: CANCELLED: HTTP/2 error code: CANCEL
Received Rst Stream
2019-07-30 15:11:37,707 INFO  utils.BackgroundService (BackgroundService.java:shutdown(148)) - Shutting down service BlockDeletingService
2019-07-30 15:11:37,707 INFO  impl.FollowerInfo (FollowerInfo.java:lambda$new$0(50)) - 94f9f387-1fd0-4244-9860-0e1bff5de2ff->803a907b-1436-41a2-8a4e-eef36fdef27c: nextIndex: updateUnconditionally 5 -> 4
2019-07-30 15:11:37,709 INFO  utils.BackgroundService (BackgroundService.java:shutdown(148)) - Shutting down service BlockDeletingService
2019-07-30 15:11:37,715 WARN  fs.CachingGetSpaceUsed (CachingGetSpaceUsed.java:run(183)) - Thread Interrupted waiting to refresh disk information: sleep interrupted
2019-07-30 15:11:37,716 WARN  fs.CachingGetSpaceUsed (CachingGetSpaceUsed.java:run(183)) - Thread Interrupted waiting to refresh disk information: sleep interrupted
2019-07-30 15:11:37,735 INFO  statemachine.DatanodeStateMachine (DatanodeStateMachine.java:stopDaemon(395)) - Ozone container server stopped.
2019-07-30 15:11:37,740 INFO  handler.ContextHandler (ContextHandler.java:doStop(910)) - Stopped o.e.j.w.WebAppContext@76300346{/,null,UNAVAILABLE}{/hddsDatanode}
2019-07-30 15:11:37,741 INFO  statemachine.DatanodeStateMachine (DatanodeStateMachine.java:stopDaemon(395)) - Ozone container server stopped.
2019-07-30 15:11:37,750 INFO  server.AbstractConnector (AbstractConnector.java:doStop(318)) - Stopped ServerConnector@153f6a67{HTTP/1.1,[http/1.1]}{0.0.0.0:0}
2019-07-30 15:11:37,755 INFO  handler.ContextHandler (ContextHandler.java:doStop(910)) - Stopped o.e.j.w.WebAppContext@4db8b888{/,null,UNAVAILABLE}{/hddsDatanode}
2019-07-30 15:11:37,755 INFO  handler.ContextHandler (ContextHandler.java:doStop(910)) - Stopped o.e.j.s.ServletContextHandler@22351330{/static,jar:file:/home/user/.m2/repository/org/apache/hadoop/hadoop-hdds-container-service/0.4.1-SNAPSHOT/hadoop-hdds-container-service-0.4.1-SNAPSHOT.jar!/webapps/static,UNAVAILABLE}
2019-07-30 15:11:37,755 INFO  server.AbstractConnector (AbstractConnector.java:doStop(318)) - Stopped ServerConnector@2e67df05{HTTP/1.1,[http/1.1]}{0.0.0.0:0}
2019-07-30 15:11:37,755 INFO  handler.ContextHandler (ContextHandler.java:doStop(910)) - Stopped o.e.j.s.ServletContextHandler@6ae729fb{/logs,file:///workdir/hadoop-ozone/integration-test/target/log,UNAVAILABLE}
2019-07-30 15:11:37,757 INFO  handler.ContextHandler (ContextHandler.java:doStop(910)) - Stopped o.e.j.s.ServletContextHandler@35c66ad{/static,jar:file:/home/user/.m2/repository/org/apache/hadoop/hadoop-hdds-container-service/0.4.1-SNAPSHOT/hadoop-hdds-container-service-0.4.1-SNAPSHOT.jar!/webapps/static,UNAVAILABLE}
2019-07-30 15:11:37,759 INFO  handler.ContextHandler (ContextHandler.java:doStop(910)) - Stopped o.e.j.s.ServletContextHandler@60c3f653{/logs,file:///workdir/hadoop-ozone/integration-test/target/log,UNAVAILABLE}
2019-07-30 15:11:37,760 INFO  datanode.ObjectStoreHandler (ObjectStoreHandler.java:close(155)) - Closing ObjectStoreHandler.
2019-07-30 15:11:37,761 INFO  ozone.HddsDatanodeService (HddsDatanodeService.java:stop(451)) - Stopped plug-in org.apache.hadoop.ozone.web.OzoneHddsDatanodeService@6740b169
2019-07-30 15:11:37,761 INFO  datanode.ObjectStoreHandler (ObjectStoreHandler.java:close(155)) - Closing ObjectStoreHandler.
2019-07-30 15:11:37,761 INFO  ozone.HddsDatanodeService (HddsDatanodeService.java:stop(451)) - Stopped plug-in org.apache.hadoop.ozone.web.OzoneHddsDatanodeService@67d99612
2019-07-30 15:11:37,860 WARN  server.GrpcLogAppender (LogUtils.java:warn(134)) - 75a520fe-665b-49fe-9a72-197f3048aa8d->dcff06cd-ae6d-4ae0-92d5-910e4a8ab9be: Failed appendEntries: org.apache.ratis.thirdparty.io.grpc.StatusRuntimeException: UNAVAILABLE: io exception
2019-07-30 15:11:37,860 INFO  impl.FollowerInfo (FollowerInfo.java:lambda$new$0(50)) - 75a520fe-665b-49fe-9a72-197f3048aa8d->dcff06cd-ae6d-4ae0-92d5-910e4a8ab9be: nextIndex: updateUnconditionally 16 -> 15
2019-07-30 15:11:38,173 INFO  statemachine.DatanodeStateMachine (DatanodeStateMachine.java:lambda$startDaemon$0(350)) - Ozone container server started.
2019-07-30 15:11:38,527 INFO  statemachine.DatanodeStateMachine (DatanodeStateMachine.java:lambda$startDaemon$0(350)) - Ozone container server started.
2019-07-30 15:11:40,069 WARN  server.GrpcLogAppender (LogUtils.java:warn(134)) - 94f9f387-1fd0-4244-9860-0e1bff5de2ff->803a907b-1436-41a2-8a4e-eef36fdef27c: Failed appendEntries: org.apache.ratis.thirdparty.io.grpc.StatusRuntimeException: UNAVAILABLE: io exception
2019-07-30 15:11:40,069 INFO  impl.FollowerInfo (FollowerInfo.java:lambda$new$0(50)) - 94f9f387-1fd0-4244-9860-0e1bff5de2ff->803a907b-1436-41a2-8a4e-eef36fdef27c: nextIndex: updateUnconditionally 4 -> 3
2019-07-30 15:11:40,359 WARN  server.GrpcLogAppender (LogUtils.java:warn(134)) - 75a520fe-665b-49fe-9a72-197f3048aa8d->dcff06cd-ae6d-4ae0-92d5-910e4a8ab9be: Failed appendEntries: org.apache.ratis.thirdparty.io.grpc.StatusRuntimeException: UNAVAILABLE: io exception
2019-07-30 15:11:40,360 INFO  impl.FollowerInfo (FollowerInfo.java:lambda$new$0(50)) - 75a520fe-665b-49fe-9a72-197f3048aa8d->dcff06cd-ae6d-4ae0-92d5-910e4a8ab9be: nextIndex: updateUnconditionally 15 -> 14
2019-07-30 15:11:40,546 WARN  server.GrpcLogAppender (LogUtils.java:warn(134)) - 94f9f387-1fd0-4244-9860-0e1bff5de2ff->803a907b-1436-41a2-8a4e-eef36fdef27c: Failed appendEntries: org.apache.ratis.thirdparty.io.grpc.StatusRuntimeException: UNAVAILABLE: io exception
2019-07-30 15:11:40,546 INFO  impl.FollowerInfo (FollowerInfo.java:lambda$new$0(50)) - 94f9f387-1fd0-4244-9860-0e1bff5de2ff->803a907b-1436-41a2-8a4e-eef36fdef27c: nextIndex: updateUnconditionally 4 -> 3
2019-07-30 15:11:40,557 WARN  server.GrpcLogAppender (LogUtils.java:warn(134)) - 94f9f387-1fd0-4244-9860-0e1bff5de2ff->803a907b-1436-41a2-8a4e-eef36fdef27c: Failed appendEntries: org.apache.ratis.thirdparty.io.grpc.StatusRuntimeException: UNAVAILABLE: io exception
2019-07-30 15:11:40,558 INFO  impl.FollowerInfo (FollowerInfo.java:lambda$new$0(50)) - 94f9f387-1fd0-4244-9860-0e1bff5de2ff->803a907b-1436-41a2-8a4e-eef36fdef27c: nextIndex: updateUnconditionally 4 -> 3
2019-07-30 15:11:40,563 WARN  server.GrpcLogAppender (LogUtils.java:warn(134)) - 94f9f387-1fd0-4244-9860-0e1bff5de2ff->803a907b-1436-41a2-8a4e-eef36fdef27c: Failed appendEntries: org.apache.ratis.thirdparty.io.grpc.StatusRuntimeException: UNAVAILABLE: io exception
2019-07-30 15:11:40,563 INFO  impl.FollowerInfo (FollowerInfo.java:lambda$new$0(50)) - 94f9f387-1fd0-4244-9860-0e1bff5de2ff->803a907b-1436-41a2-8a4e-eef36fdef27c: nextIndex: updateUnconditionally 4 -> 3
2019-07-30 15:11:40,612 INFO  interfaces.Container (KeyValueContainer.java:compactDB(356)) - Container 2 is closed with bcsId 3.
2019-07-30 15:11:40,614 INFO  container.IncrementalContainerReportHandler (AbstractContainerReportHandler.java:updateContainerState(176)) - Moving container #2 to CLOSED state, datanode 94f9f387-1fd0-4244-9860-0e1bff5de2ff{ip: 192.168.5.170, host: byscane-nightly-xg47r-921641087, networkLocation: /default-rack, certSerialId: null} reported CLOSED replica.
2019-07-30 15:11:40,647 INFO  interfaces.Container (KeyValueContainer.java:compactDB(356)) - Container 2 is closed with bcsId 3.
2019-07-30 15:11:42,186 INFO  node.StaleNodeHandler (StaleNodeHandler.java:onMessage(58)) - Datanode 75a520fe-665b-49fe-9a72-197f3048aa8d{ip: 192.168.5.170, host: byscane-nightly-xg47r-921641087, networkLocation: /default-rack, certSerialId: null} moved to stale state. Finalizing its pipelines [PipelineID=0c6dc25f-607b-4e89-99f0-dc0199a56197, PipelineID=9ebc7871-911a-4c41-920c-9bc8dddec6eb]
2019-07-30 15:11:42,187 INFO  pipeline.SCMPipelineManager (SCMPipelineManager.java:finalizeAndDestroyPipeline(309)) - destroying pipeline:Pipeline[ Id: 0c6dc25f-607b-4e89-99f0-dc0199a56197, Nodes: 75a520fe-665b-49fe-9a72-197f3048aa8d{ip: 192.168.5.170, host: byscane-nightly-xg47r-921641087, networkLocation: /default-rack, certSerialId: null}, Type:RATIS, Factor:ONE, State:OPEN]
2019-07-30 15:11:42,187 INFO  pipeline.PipelineStateManager (PipelineStateManager.java:finalizePipeline(123)) - Pipeline Pipeline[ Id: 0c6dc25f-607b-4e89-99f0-dc0199a56197, Nodes: 75a520fe-665b-49fe-9a72-197f3048aa8d{ip: 192.168.5.170, host: byscane-nightly-xg47r-921641087, networkLocation: /default-rack, certSerialId: null}, Type:RATIS, Factor:ONE, State:CLOSED] moved to CLOSED state
2019-07-30 15:11:42,187 INFO  pipeline.SCMPipelineManager (SCMPipelineManager.java:finalizeAndDestroyPipeline(309)) - destroying pipeline:Pipeline[ Id: 9ebc7871-911a-4c41-920c-9bc8dddec6eb, Nodes: dcff06cd-ae6d-4ae0-92d5-910e4a8ab9be{ip: 192.168.5.170, host: byscane-nightly-xg47r-921641087, networkLocation: /default-rack, certSerialId: null}75a520fe-665b-49fe-9a72-197f3048aa8d{ip: 192.168.5.170, host: byscane-nightly-xg47r-921641087, networkLocation: /default-rack, certSerialId: null}0485825d-d380-4417-8394-96c5056d47e9{ip: 192.168.5.170, host: byscane-nightly-xg47r-921641087, networkLocation: /default-rack, certSerialId: null}, Type:RATIS, Factor:THREE, State:CLOSED]
2019-07-30 15:11:42,587 INFO  node.StaleNodeHandler (StaleNodeHandler.java:onMessage(58)) - Datanode d14613f8-d093-437c-8526-da547fa8e3f6{ip: 192.168.5.170, host: byscane-nightly-xg47r-921641087, networkLocation: /default-rack, certSerialId: null} moved to stale state. Finalizing its pipelines [PipelineID=b22b6ac1-5eec-4d5a-a4fc-643b93e632fc, PipelineID=4d614d30-7c52-46fc-8ce3-b9dd15632cc0]
2019-07-30 15:11:42,587 INFO  pipeline.SCMPipelineManager (SCMPipelineManager.java:finalizeAndDestroyPipeline(309)) - destroying pipeline:Pipeline[ Id: b22b6ac1-5eec-4d5a-a4fc-643b93e632fc, Nodes: 94f9f387-1fd0-4244-9860-0e1bff5de2ff{ip: 192.168.5.170, host: byscane-nightly-xg47r-921641087, networkLocation: /default-rack, certSerialId: null}803a907b-1436-41a2-8a4e-eef36fdef27c{ip: 192.168.5.170, host: byscane-nightly-xg47r-921641087, networkLocation: /default-rack, certSerialId: null}d14613f8-d093-437c-8526-da547fa8e3f6{ip: 192.168.5.170, host: byscane-nightly-xg47r-921641087, networkLocation: /default-rack, certSerialId: null}, Type:RATIS, Factor:THREE, State:CLOSED]
2019-07-30 15:11:42,587 INFO  pipeline.SCMPipelineManager (SCMPipelineManager.java:finalizeAndDestroyPipeline(309)) - destroying pipeline:Pipeline[ Id: 4d614d30-7c52-46fc-8ce3-b9dd15632cc0, Nodes: d14613f8-d093-437c-8526-da547fa8e3f6{ip: 192.168.5.170, host: byscane-nightly-xg47r-921641087, networkLocation: /default-rack, certSerialId: null}, Type:RATIS, Factor:ONE, State:OPEN]
2019-07-30 15:11:42,587 INFO  pipeline.PipelineStateManager (PipelineStateManager.java:finalizePipeline(123)) - Pipeline Pipeline[ Id: 4d614d30-7c52-46fc-8ce3-b9dd15632cc0, Nodes: d14613f8-d093-437c-8526-da547fa8e3f6{ip: 192.168.5.170, host: byscane-nightly-xg47r-921641087, networkLocation: /default-rack, certSerialId: null}, Type:RATIS, Factor:ONE, State:CLOSED] moved to CLOSED state
2019-07-30 15:11:42,761 INFO  ozoneimpl.OzoneContainer (OzoneContainer.java:stop(199)) - Attempting to stop container services.
2019-07-30 15:11:42,762 INFO  ozoneimpl.OzoneContainer (OzoneContainer.java:stop(199)) - Attempting to stop container services.
2019-07-30 15:11:42,762 INFO  impl.RaftServerProxy (RaftServerProxy.java:lambda$close$4(314)) - 75a520fe-665b-49fe-9a72-197f3048aa8d: close
2019-07-30 15:11:42,762 INFO  impl.RaftServerProxy (RaftServerProxy.java:lambda$close$4(314)) - d14613f8-d093-437c-8526-da547fa8e3f6: close
2019-07-30 15:11:42,763 INFO  impl.RaftServerImpl (RaftServerImpl.java:lambda$shutdown$3(245)) - 75a520fe-665b-49fe-9a72-197f3048aa8d: shutdown group-DC0199A56197
2019-07-30 15:11:42,763 INFO  impl.RaftServerImpl (RaftServerImpl.java:lambda$shutdown$3(245)) - d14613f8-d093-437c-8526-da547fa8e3f6: shutdown group-643B93E632FC
2019-07-30 15:11:42,763 INFO  util.JmxRegister (JmxRegister.java:unregister(73)) - Successfully un-registered JMX Bean with object name Ratis:service=RaftServer,group=group-DC0199A56197,id=75a520fe-665b-49fe-9a72-197f3048aa8d
2019-07-30 15:11:42,764 INFO  util.JmxRegister (JmxRegister.java:unregister(73)) - Successfully un-registered JMX Bean with object name Ratis:service=RaftServer,group=group-643B93E632FC,id=d14613f8-d093-437c-8526-da547fa8e3f6
2019-07-30 15:11:42,764 INFO  impl.RoleInfo (RoleInfo.java:shutdownLeaderState(104)) - 75a520fe-665b-49fe-9a72-197f3048aa8d: shutdown LeaderState
2019-07-30 15:11:42,764 INFO  impl.RoleInfo (RoleInfo.java:shutdownFollowerState(121)) - d14613f8-d093-437c-8526-da547fa8e3f6: shutdown FollowerState
2019-07-30 15:11:42,765 INFO  impl.PendingRequests (PendingRequests.java:sendNotLeaderResponses(202)) - 75a520fe-665b-49fe-9a72-197f3048aa8d-PendingRequests: sendNotLeaderResponses
2019-07-30 15:11:42,765 INFO  impl.FollowerState (FollowerState.java:run(114)) - d14613f8-d093-437c-8526-da547fa8e3f6: FollowerState was interrupted: java.lang.InterruptedException: sleep interrupted
2019-07-30 15:11:42,765 INFO  ratis.ContainerStateMachine (ContainerStateMachine.java:takeSnapshot(262)) - group-643B93E632FC: Taking a snapshot at:(t:1, i:5) file /workdir/hadoop-ozone/integration-test/target/test-dir/MiniOzoneClusterImpl-a7411b59-c253-4b32-b71c-4a3802367d93/datanode-2/data/ratis/b22b6ac1-5eec-4d5a-a4fc-643b93e632fc/sm/snapshot.1_5
2019-07-30 15:11:42,765 INFO  impl.StateMachineUpdater (StateMachineUpdater.java:stopAndJoin(115)) - StateMachineUpdater:d14613f8-d093-437c-8526-da547fa8e3f6:group-643B93E632FC: set stopIndex = 5
2019-07-30 15:11:42,766 INFO  impl.StateMachineUpdater (StateMachineUpdater.java:stopAndJoin(115)) - StateMachineUpdater:75a520fe-665b-49fe-9a72-197f3048aa8d:group-DC0199A56197: set stopIndex = 0
2019-07-30 15:11:42,770 INFO  impl.RaftServerImpl (ServerState.java:close(394)) - 75a520fe-665b-49fe-9a72-197f3048aa8d:group-DC0199A56197 closes. The last applied log index is 0
2019-07-30 15:11:42,771 INFO  segmented.SegmentedRaftLogWorker (SegmentedRaftLogWorker.java:run(313)) - 75a520fe-665b-49fe-9a72-197f3048aa8d-SegmentedRaftLogWorker:Storage Directory /workdir/hadoop-ozone/integration-test/target/test-dir/MiniOzoneClusterImpl-a7411b59-c253-4b32-b71c-4a3802367d93/datanode-3/data/ratis/0c6dc25f-607b-4e89-99f0-dc0199a56197 was interrupted, exiting. There are 0 tasks remaining in the queue.
2019-07-30 15:11:42,771 INFO  segmented.SegmentedRaftLogWorker (SegmentedRaftLogWorker.java:close(228)) - 75a520fe-665b-49fe-9a72-197f3048aa8d-SegmentedRaftLogWorker:Storage Directory /workdir/hadoop-ozone/integration-test/target/test-dir/MiniOzoneClusterImpl-a7411b59-c253-4b32-b71c-4a3802367d93/datanode-3/data/ratis/0c6dc25f-607b-4e89-99f0-dc0199a56197 close()
2019-07-30 15:11:42,773 INFO  impl.RaftServerImpl (RaftServerImpl.java:lambda$shutdown$3(245)) - 75a520fe-665b-49fe-9a72-197f3048aa8d: shutdown group-9BC8DDDEC6EB
2019-07-30 15:11:42,774 INFO  util.JmxRegister (JmxRegister.java:unregister(73)) - Successfully un-registered JMX Bean with object name Ratis:service=RaftServer,group=group-9BC8DDDEC6EB,id=75a520fe-665b-49fe-9a72-197f3048aa8d
2019-07-30 15:11:42,774 INFO  impl.RoleInfo (RoleInfo.java:shutdownLeaderState(104)) - 75a520fe-665b-49fe-9a72-197f3048aa8d: shutdown LeaderState
2019-07-30 15:11:42,778 WARN  server.GrpcLogAppender (GrpcLogAppender.java:mayWait(143)) - GrpcLogAppender(75a520fe-665b-49fe-9a72-197f3048aa8d->0485825d-d380-4417-8394-96c5056d47e9): Wait interrupted by java.lang.InterruptedException
2019-07-30 15:11:42,779 WARN  server.GrpcLogAppender (GrpcLogAppender.java:mayWait(143)) - GrpcLogAppender(75a520fe-665b-49fe-9a72-197f3048aa8d->dcff06cd-ae6d-4ae0-92d5-910e4a8ab9be): Wait interrupted by java.lang.InterruptedException
2019-07-30 15:11:42,778 INFO  impl.PendingRequests (PendingRequests.java:sendNotLeaderResponses(202)) - 75a520fe-665b-49fe-9a72-197f3048aa8d-PendingRequests: sendNotLeaderResponses
2019-07-30 15:11:42,779 INFO  server.GrpcServerProtocolService (GrpcServerProtocolService.java:onCompleted(104)) - 0485825d-d380-4417-8394-96c5056d47e9: appendEntries completed
2019-07-30 15:11:42,783 INFO  impl.StateMachineUpdater (StateMachineUpdater.java:stopAndJoin(115)) - StateMachineUpdater:75a520fe-665b-49fe-9a72-197f3048aa8d:group-9BC8DDDEC6EB: set stopIndex = 16
2019-07-30 15:11:42,784 INFO  server.GrpcLogAppender (GrpcLogAppender.java:onCompleted(292)) - 75a520fe-665b-49fe-9a72-197f3048aa8d->0485825d-d380-4417-8394-96c5056d47e9: follower responses appendEntries COMPLETED
2019-07-30 15:11:42,783 INFO  ratis.ContainerStateMachine (ContainerStateMachine.java:takeSnapshot(262)) - group-9BC8DDDEC6EB: Taking a snapshot at:(t:1, i:14) file /workdir/hadoop-ozone/integration-test/target/test-dir/MiniOzoneClusterImpl-a7411b59-c253-4b32-b71c-4a3802367d93/datanode-3/data/ratis/9ebc7871-911a-4c41-920c-9bc8dddec6eb/sm/snapshot.1_14
2019-07-30 15:11:42,783 INFO  ratis.ContainerStateMachine (ContainerStateMachine.java:takeSnapshot(273)) - group-643B93E632FC: Finished taking a snapshot at:(t:1, i:5) file:/workdir/hadoop-ozone/integration-test/target/test-dir/MiniOzoneClusterImpl-a7411b59-c253-4b32-b71c-4a3802367d93/datanode-2/data/ratis/b22b6ac1-5eec-4d5a-a4fc-643b93e632fc/sm/snapshot.1_5 time:18
2019-07-30 15:11:42,784 INFO  impl.FollowerInfo (FollowerInfo.java:lambda$new$0(50)) - 75a520fe-665b-49fe-9a72-197f3048aa8d->0485825d-d380-4417-8394-96c5056d47e9: nextIndex: updateUnconditionally 17 -> 16
2019-07-30 15:11:42,784 INFO  impl.StateMachineUpdater (StateMachineUpdater.java:takeSnapshot(242)) - StateMachineUpdater:d14613f8-d093-437c-8526-da547fa8e3f6:group-643B93E632FC: Took a snapshot at index 5
2019-07-30 15:11:42,785 INFO  impl.StateMachineUpdater (StateMachineUpdater.java:lambda$new$0(80)) - StateMachineUpdater:d14613f8-d093-437c-8526-da547fa8e3f6:group-643B93E632FC: snapshotIndex: updateIncreasingly -1 -> 5
2019-07-30 15:11:42,785 INFO  impl.RaftServerImpl (ServerState.java:close(394)) - d14613f8-d093-437c-8526-da547fa8e3f6:group-643B93E632FC closes. The last applied log index is 5
2019-07-30 15:11:42,785 INFO  segmented.SegmentedRaftLogWorker (SegmentedRaftLogWorker.java:run(313)) - d14613f8-d093-437c-8526-da547fa8e3f6-SegmentedRaftLogWorker:Storage Directory /workdir/hadoop-ozone/integration-test/target/test-dir/MiniOzoneClusterImpl-a7411b59-c253-4b32-b71c-4a3802367d93/datanode-2/data/ratis/b22b6ac1-5eec-4d5a-a4fc-643b93e632fc was interrupted, exiting. There are 0 tasks remaining in the queue.
2019-07-30 15:11:42,788 INFO  segmented.SegmentedRaftLogWorker (SegmentedRaftLogWorker.java:close(228)) - d14613f8-d093-437c-8526-da547fa8e3f6-SegmentedRaftLogWorker:Storage Directory /workdir/hadoop-ozone/integration-test/target/test-dir/MiniOzoneClusterImpl-a7411b59-c253-4b32-b71c-4a3802367d93/datanode-2/data/ratis/b22b6ac1-5eec-4d5a-a4fc-643b93e632fc close()
2019-07-30 15:11:42,790 INFO  impl.RaftServerImpl (RaftServerImpl.java:lambda$shutdown$3(245)) - d14613f8-d093-437c-8526-da547fa8e3f6: shutdown group-B9DD15632CC0
2019-07-30 15:11:42,790 INFO  util.JmxRegister (JmxRegister.java:unregister(73)) - Successfully un-registered JMX Bean with object name Ratis:service=RaftServer,group=group-B9DD15632CC0,id=d14613f8-d093-437c-8526-da547fa8e3f6
2019-07-30 15:11:42,790 INFO  impl.RoleInfo (RoleInfo.java:shutdownLeaderState(104)) - d14613f8-d093-437c-8526-da547fa8e3f6: shutdown LeaderState
2019-07-30 15:11:42,791 INFO  impl.PendingRequests (PendingRequests.java:sendNotLeaderResponses(202)) - d14613f8-d093-437c-8526-da547fa8e3f6-PendingRequests: sendNotLeaderResponses
2019-07-30 15:11:42,791 INFO  impl.StateMachineUpdater (StateMachineUpdater.java:stopAndJoin(115)) - StateMachineUpdater:d14613f8-d093-437c-8526-da547fa8e3f6:group-B9DD15632CC0: set stopIndex = 0
2019-07-30 15:11:42,791 INFO  impl.RaftServerImpl (ServerState.java:close(394)) - d14613f8-d093-437c-8526-da547fa8e3f6:group-B9DD15632CC0 closes. The last applied log index is 0
2019-07-30 15:11:42,792 INFO  segmented.SegmentedRaftLogWorker (SegmentedRaftLogWorker.java:run(313)) - d14613f8-d093-437c-8526-da547fa8e3f6-SegmentedRaftLogWorker:Storage Directory /workdir/hadoop-ozone/integration-test/target/test-dir/MiniOzoneClusterImpl-a7411b59-c253-4b32-b71c-4a3802367d93/datanode-2/data/ratis/4d614d30-7c52-46fc-8ce3-b9dd15632cc0 was interrupted, exiting. There are 0 tasks remaining in the queue.
2019-07-30 15:11:42,792 INFO  segmented.SegmentedRaftLogWorker (SegmentedRaftLogWorker.java:close(228)) - d14613f8-d093-437c-8526-da547fa8e3f6-SegmentedRaftLogWorker:Storage Directory /workdir/hadoop-ozone/integration-test/target/test-dir/MiniOzoneClusterImpl-a7411b59-c253-4b32-b71c-4a3802367d93/datanode-2/data/ratis/4d614d30-7c52-46fc-8ce3-b9dd15632cc0 close()
2019-07-30 15:11:42,794 INFO  server.GrpcService (GrpcService.java:closeImpl(155)) - d14613f8-d093-437c-8526-da547fa8e3f6: shutdown server with port 42411 now
2019-07-30 15:11:42,797 WARN  server.GrpcServerProtocolService (LogUtils.java:warn(134)) - d14613f8-d093-437c-8526-da547fa8e3f6: appendEntries onError: org.apache.ratis.thirdparty.io.grpc.StatusRuntimeException: CANCELLED: cancelled before receiving half close
2019-07-30 15:11:42,797 INFO  server.GrpcService (GrpcService.java:closeImpl(163)) - d14613f8-d093-437c-8526-da547fa8e3f6: shutdown server with port 42411 successfully
2019-07-30 15:11:42,797 WARN  server.GrpcLogAppender (LogUtils.java:warn(134)) - 94f9f387-1fd0-4244-9860-0e1bff5de2ff->d14613f8-d093-437c-8526-da547fa8e3f6: Failed appendEntries: org.apache.ratis.thirdparty.io.grpc.StatusRuntimeException: CANCELLED: HTTP/2 error code: CANCEL
Received Rst Stream
2019-07-30 15:11:42,798 INFO  impl.FollowerInfo (FollowerInfo.java:lambda$new$0(50)) - 94f9f387-1fd0-4244-9860-0e1bff5de2ff->d14613f8-d093-437c-8526-da547fa8e3f6: nextIndex: updateUnconditionally 7 -> 6
2019-07-30 15:11:42,799 INFO  utils.BackgroundService (BackgroundService.java:shutdown(148)) - Shutting down service BlockDeletingService
2019-07-30 15:11:42,831 INFO  ratis.ContainerStateMachine (ContainerStateMachine.java:takeSnapshot(273)) - group-9BC8DDDEC6EB: Finished taking a snapshot at:(t:1, i:14) file:/workdir/hadoop-ozone/integration-test/target/test-dir/MiniOzoneClusterImpl-a7411b59-c253-4b32-b71c-4a3802367d93/datanode-3/data/ratis/9ebc7871-911a-4c41-920c-9bc8dddec6eb/sm/snapshot.1_14 time:48
2019-07-30 15:11:42,832 INFO  impl.StateMachineUpdater (StateMachineUpdater.java:takeSnapshot(242)) - StateMachineUpdater:75a520fe-665b-49fe-9a72-197f3048aa8d:group-9BC8DDDEC6EB: Took a snapshot at index 14
2019-07-30 15:11:42,832 INFO  impl.StateMachineUpdater (StateMachineUpdater.java:lambda$new$0(80)) - StateMachineUpdater:75a520fe-665b-49fe-9a72-197f3048aa8d:group-9BC8DDDEC6EB: snapshotIndex: updateIncreasingly -1 -> 14
2019-07-30 15:11:42,832 WARN  fs.CachingGetSpaceUsed (CachingGetSpaceUsed.java:run(183)) - Thread Interrupted waiting to refresh disk information: sleep interrupted
2019-07-30 15:11:42,832 INFO  impl.RaftServerImpl (ServerState.java:close(394)) - 75a520fe-665b-49fe-9a72-197f3048aa8d:group-9BC8DDDEC6EB closes. The last applied log index is 16
2019-07-30 15:11:42,833 INFO  segmented.SegmentedRaftLogWorker (SegmentedRaftLogWorker.java:run(313)) - 75a520fe-665b-49fe-9a72-197f3048aa8d-SegmentedRaftLogWorker:Storage Directory /workdir/hadoop-ozone/integration-test/target/test-dir/MiniOzoneClusterImpl-a7411b59-c253-4b32-b71c-4a3802367d93/datanode-3/data/ratis/9ebc7871-911a-4c41-920c-9bc8dddec6eb was interrupted, exiting. There are 0 tasks remaining in the queue.
2019-07-30 15:11:42,833 INFO  segmented.SegmentedRaftLogWorker (SegmentedRaftLogWorker.java:close(228)) - 75a520fe-665b-49fe-9a72-197f3048aa8d-SegmentedRaftLogWorker:Storage Directory /workdir/hadoop-ozone/integration-test/target/test-dir/MiniOzoneClusterImpl-a7411b59-c253-4b32-b71c-4a3802367d93/datanode-3/data/ratis/9ebc7871-911a-4c41-920c-9bc8dddec6eb close()
2019-07-30 15:11:42,836 INFO  server.GrpcService (GrpcService.java:closeImpl(155)) - 75a520fe-665b-49fe-9a72-197f3048aa8d: shutdown server with port 44342 now
2019-07-30 15:11:42,836 WARN  client.GrpcClientProtocolService (LogUtils.java:warn(134)) - 2-UnorderedRequestStreamObserver2: onError: org.apache.ratis.thirdparty.io.grpc.StatusRuntimeException: CANCELLED: cancelled before receiving half close
2019-07-30 15:11:42,836 INFO  server.GrpcService (GrpcService.java:closeImpl(163)) - 75a520fe-665b-49fe-9a72-197f3048aa8d: shutdown server with port 44342 successfully
2019-07-30 15:11:42,840 INFO  utils.BackgroundService (BackgroundService.java:shutdown(148)) - Shutting down service BlockDeletingService
2019-07-30 15:11:42,843 WARN  fs.CachingGetSpaceUsed (CachingGetSpaceUsed.java:run(183)) - Thread Interrupted waiting to refresh disk information: sleep interrupted
2019-07-30 15:11:42,855 INFO  statemachine.DatanodeStateMachine (DatanodeStateMachine.java:stopDaemon(395)) - Ozone container server stopped.
2019-07-30 15:11:42,858 INFO  handler.ContextHandler (ContextHandler.java:doStop(910)) - Stopped o.e.j.w.WebAppContext@6f53e863{/,null,UNAVAILABLE}{/hddsDatanode}
2019-07-30 15:11:42,859 INFO  server.AbstractConnector (AbstractConnector.java:doStop(318)) - Stopped ServerConnector@186149f9{HTTP/1.1,[http/1.1]}{0.0.0.0:0}
2019-07-30 15:11:42,860 INFO  handler.ContextHandler (ContextHandler.java:doStop(910)) - Stopped o.e.j.s.ServletContextHandler@13437ce5{/static,jar:file:/home/user/.m2/repository/org/apache/hadoop/hadoop-hdds-container-service/0.4.1-SNAPSHOT/hadoop-hdds-container-service-0.4.1-SNAPSHOT.jar!/webapps/static,UNAVAILABLE}
2019-07-30 15:11:42,862 INFO  handler.ContextHandler (ContextHandler.java:doStop(910)) - Stopped o.e.j.s.ServletContextHandler@53ed0519{/logs,file:///workdir/hadoop-ozone/integration-test/target/log,UNAVAILABLE}
2019-07-30 15:11:42,863 INFO  datanode.ObjectStoreHandler (ObjectStoreHandler.java:close(155)) - Closing ObjectStoreHandler.
2019-07-30 15:11:42,864 INFO  ozone.HddsDatanodeService (HddsDatanodeService.java:stop(451)) - Stopped plug-in org.apache.hadoop.ozone.web.OzoneHddsDatanodeService@9d573a6
2019-07-30 15:11:42,871 INFO  statemachine.DatanodeStateMachine (DatanodeStateMachine.java:stopDaemon(395)) - Ozone container server stopped.
2019-07-30 15:11:42,872 INFO  handler.ContextHandler (ContextHandler.java:doStop(910)) - Stopped o.e.j.w.WebAppContext@5db3afff{/,null,UNAVAILABLE}{/hddsDatanode}
2019-07-30 15:11:42,873 INFO  server.AbstractConnector (AbstractConnector.java:doStop(318)) - Stopped ServerConnector@25e60726{HTTP/1.1,[http/1.1]}{0.0.0.0:0}
2019-07-30 15:11:42,873 INFO  handler.ContextHandler (ContextHandler.java:doStop(910)) - Stopped o.e.j.s.ServletContextHandler@1a4eb337{/static,jar:file:/home/user/.m2/repository/org/apache/hadoop/hadoop-hdds-container-service/0.4.1-SNAPSHOT/hadoop-hdds-container-service-0.4.1-SNAPSHOT.jar!/webapps/static,UNAVAILABLE}
2019-07-30 15:11:42,874 INFO  handler.ContextHandler (ContextHandler.java:doStop(910)) - Stopped o.e.j.s.ServletContextHandler@435d648d{/logs,file:///workdir/hadoop-ozone/integration-test/target/log,UNAVAILABLE}
2019-07-30 15:11:42,875 INFO  datanode.ObjectStoreHandler (ObjectStoreHandler.java:close(155)) - Closing ObjectStoreHandler.
2019-07-30 15:11:42,875 INFO  ozone.HddsDatanodeService (HddsDatanodeService.java:stop(451)) - Stopped plug-in org.apache.hadoop.ozone.web.OzoneHddsDatanodeService@56297b5f
2019-07-30 15:11:42,886 INFO  statemachine.DatanodeStateMachine (DatanodeStateMachine.java:lambda$startDaemon$0(350)) - Ozone container server started.
2019-07-30 15:11:43,061 WARN  server.GrpcLogAppender (LogUtils.java:warn(134)) - 94f9f387-1fd0-4244-9860-0e1bff5de2ff->d14613f8-d093-437c-8526-da547fa8e3f6: Failed appendEntries: org.apache.ratis.thirdparty.io.grpc.StatusRuntimeException: UNAVAILABLE: io exception
2019-07-30 15:11:43,061 INFO  impl.FollowerInfo (FollowerInfo.java:lambda$new$0(50)) - 94f9f387-1fd0-4244-9860-0e1bff5de2ff->d14613f8-d093-437c-8526-da547fa8e3f6: nextIndex: updateUnconditionally 6 -> 5
2019-07-30 15:11:43,063 WARN  server.GrpcLogAppender (LogUtils.java:warn(134)) - 94f9f387-1fd0-4244-9860-0e1bff5de2ff->803a907b-1436-41a2-8a4e-eef36fdef27c: Failed appendEntries: org.apache.ratis.thirdparty.io.grpc.StatusRuntimeException: UNAVAILABLE: io exception
2019-07-30 15:11:43,063 INFO  impl.FollowerInfo (FollowerInfo.java:lambda$new$0(50)) - 94f9f387-1fd0-4244-9860-0e1bff5de2ff->803a907b-1436-41a2-8a4e-eef36fdef27c: nextIndex: updateUnconditionally 3 -> 2
2019-07-30 15:11:43,613 INFO  statemachine.DatanodeStateMachine (DatanodeStateMachine.java:lambda$startDaemon$0(350)) - Ozone container server started.
2019-07-30 15:11:45,562 WARN  server.GrpcLogAppender (LogUtils.java:warn(134)) - 94f9f387-1fd0-4244-9860-0e1bff5de2ff->d14613f8-d093-437c-8526-da547fa8e3f6: Failed appendEntries: org.apache.ratis.thirdparty.io.grpc.StatusRuntimeException: UNAVAILABLE: io exception
2019-07-30 15:11:45,563 INFO  impl.FollowerInfo (FollowerInfo.java:lambda$new$0(50)) - 94f9f387-1fd0-4244-9860-0e1bff5de2ff->d14613f8-d093-437c-8526-da547fa8e3f6: nextIndex: updateUnconditionally 5 -> 4
2019-07-30 15:11:45,563 WARN  server.GrpcLogAppender (LogUtils.java:warn(134)) - 94f9f387-1fd0-4244-9860-0e1bff5de2ff->803a907b-1436-41a2-8a4e-eef36fdef27c: Failed appendEntries: org.apache.ratis.thirdparty.io.grpc.StatusRuntimeException: UNAVAILABLE: io exception
2019-07-30 15:11:45,563 INFO  impl.FollowerInfo (FollowerInfo.java:lambda$new$0(50)) - 94f9f387-1fd0-4244-9860-0e1bff5de2ff->803a907b-1436-41a2-8a4e-eef36fdef27c: nextIndex: updateUnconditionally 2 -> 1
2019-07-30 15:11:46,893 INFO  node.StaleNodeHandler (StaleNodeHandler.java:onMessage(58)) - Datanode c12632d0-2dcb-49b0-a4cc-89ffab2550ae{ip: 192.168.5.170, host: byscane-nightly-xg47r-921641087, networkLocation: /default-rack, certSerialId: null} moved to stale state. Finalizing its pipelines [PipelineID=c9b92886-cf71-4b4e-bd29-498442456ad0]
2019-07-30 15:11:46,893 INFO  pipeline.SCMPipelineManager (SCMPipelineManager.java:finalizeAndDestroyPipeline(309)) - destroying pipeline:Pipeline[ Id: c9b92886-cf71-4b4e-bd29-498442456ad0, Nodes: c12632d0-2dcb-49b0-a4cc-89ffab2550ae{ip: 192.168.5.170, host: byscane-nightly-xg47r-921641087, networkLocation: /default-rack, certSerialId: null}, Type:RATIS, Factor:ONE, State:OPEN]
2019-07-30 15:11:46,894 INFO  pipeline.PipelineStateManager (PipelineStateManager.java:finalizePipeline(123)) - Pipeline Pipeline[ Id: c9b92886-cf71-4b4e-bd29-498442456ad0, Nodes: c12632d0-2dcb-49b0-a4cc-89ffab2550ae{ip: 192.168.5.170, host: byscane-nightly-xg47r-921641087, networkLocation: /default-rack, certSerialId: null}, Type:RATIS, Factor:ONE, State:CLOSED] moved to CLOSED state
2019-07-30 15:11:47,694 INFO  node.StaleNodeHandler (StaleNodeHandler.java:onMessage(58)) - Datanode 94f9f387-1fd0-4244-9860-0e1bff5de2ff{ip: 192.168.5.170, host: byscane-nightly-xg47r-921641087, networkLocation: /default-rack, certSerialId: null} moved to stale state. Finalizing its pipelines [PipelineID=b22b6ac1-5eec-4d5a-a4fc-643b93e632fc, PipelineID=22aab5c6-aa95-4c17-90dd-e239172cb5ce]
2019-07-30 15:11:47,695 INFO  pipeline.SCMPipelineManager (SCMPipelineManager.java:finalizeAndDestroyPipeline(309)) - destroying pipeline:Pipeline[ Id: b22b6ac1-5eec-4d5a-a4fc-643b93e632fc, Nodes: 94f9f387-1fd0-4244-9860-0e1bff5de2ff{ip: 192.168.5.170, host: byscane-nightly-xg47r-921641087, networkLocation: /default-rack, certSerialId: null}803a907b-1436-41a2-8a4e-eef36fdef27c{ip: 192.168.5.170, host: byscane-nightly-xg47r-921641087, networkLocation: /default-rack, certSerialId: null}d14613f8-d093-437c-8526-da547fa8e3f6{ip: 192.168.5.170, host: byscane-nightly-xg47r-921641087, networkLocation: /default-rack, certSerialId: null}, Type:RATIS, Factor:THREE, State:CLOSED]
2019-07-30 15:11:47,695 INFO  pipeline.SCMPipelineManager (SCMPipelineManager.java:finalizeAndDestroyPipeline(309)) - destroying pipeline:Pipeline[ Id: 22aab5c6-aa95-4c17-90dd-e239172cb5ce, Nodes: 94f9f387-1fd0-4244-9860-0e1bff5de2ff{ip: 192.168.5.170, host: byscane-nightly-xg47r-921641087, networkLocation: /default-rack, certSerialId: null}, Type:RATIS, Factor:ONE, State:OPEN]
2019-07-30 15:11:47,695 INFO  pipeline.PipelineStateManager (PipelineStateManager.java:finalizePipeline(123)) - Pipeline Pipeline[ Id: 22aab5c6-aa95-4c17-90dd-e239172cb5ce, Nodes: 94f9f387-1fd0-4244-9860-0e1bff5de2ff{ip: 192.168.5.170, host: byscane-nightly-xg47r-921641087, networkLocation: /default-rack, certSerialId: null}, Type:RATIS, Factor:ONE, State:CLOSED] moved to CLOSED state
2019-07-30 15:11:47,865 INFO  ozoneimpl.OzoneContainer (OzoneContainer.java:stop(199)) - Attempting to stop container services.
2019-07-30 15:11:47,865 INFO  impl.RaftServerProxy (RaftServerProxy.java:lambda$close$4(314)) - 94f9f387-1fd0-4244-9860-0e1bff5de2ff: close
2019-07-30 15:11:47,865 INFO  impl.RaftServerImpl (RaftServerImpl.java:lambda$shutdown$3(245)) - 94f9f387-1fd0-4244-9860-0e1bff5de2ff: shutdown group-643B93E632FC
2019-07-30 15:11:47,866 INFO  util.JmxRegister (JmxRegister.java:unregister(73)) - Successfully un-registered JMX Bean with object name Ratis:service=RaftServer,group=group-643B93E632FC,id=94f9f387-1fd0-4244-9860-0e1bff5de2ff
2019-07-30 15:11:47,866 INFO  impl.RoleInfo (RoleInfo.java:shutdownLeaderState(104)) - 94f9f387-1fd0-4244-9860-0e1bff5de2ff: shutdown LeaderState
2019-07-30 15:11:47,870 WARN  server.GrpcLogAppender (GrpcLogAppender.java:mayWait(143)) - GrpcLogAppender(94f9f387-1fd0-4244-9860-0e1bff5de2ff->803a907b-1436-41a2-8a4e-eef36fdef27c): Wait interrupted by java.lang.InterruptedException
2019-07-30 15:11:47,871 WARN  server.GrpcLogAppender (GrpcLogAppender.java:mayWait(143)) - GrpcLogAppender(94f9f387-1fd0-4244-9860-0e1bff5de2ff->d14613f8-d093-437c-8526-da547fa8e3f6): Wait interrupted by java.lang.InterruptedException
2019-07-30 15:11:47,870 INFO  impl.PendingRequests (PendingRequests.java:sendNotLeaderResponses(202)) - 94f9f387-1fd0-4244-9860-0e1bff5de2ff-PendingRequests: sendNotLeaderResponses
2019-07-30 15:11:47,874 INFO  impl.StateMachineUpdater (StateMachineUpdater.java:stopAndJoin(115)) - StateMachineUpdater:94f9f387-1fd0-4244-9860-0e1bff5de2ff:group-643B93E632FC: set stopIndex = 6
2019-07-30 15:11:47,875 INFO  ratis.ContainerStateMachine (ContainerStateMachine.java:takeSnapshot(262)) - group-643B93E632FC: Taking a snapshot at:(t:1, i:6) file /workdir/hadoop-ozone/integration-test/target/test-dir/MiniOzoneClusterImpl-a7411b59-c253-4b32-b71c-4a3802367d93/datanode-0/data/ratis/b22b6ac1-5eec-4d5a-a4fc-643b93e632fc/sm/snapshot.1_6
2019-07-30 15:11:47,876 INFO  ozoneimpl.OzoneContainer (OzoneContainer.java:stop(199)) - Attempting to stop container services.
2019-07-30 15:11:47,877 INFO  impl.RaftServerProxy (RaftServerProxy.java:lambda$close$4(314)) - c12632d0-2dcb-49b0-a4cc-89ffab2550ae: close
2019-07-30 15:11:47,877 INFO  impl.RaftServerImpl (RaftServerImpl.java:lambda$shutdown$3(245)) - c12632d0-2dcb-49b0-a4cc-89ffab2550ae: shutdown group-498442456AD0
2019-07-30 15:11:47,878 INFO  util.JmxRegister (JmxRegister.java:unregister(73)) - Successfully un-registered JMX Bean with object name Ratis:service=RaftServer,group=group-498442456AD0,id=c12632d0-2dcb-49b0-a4cc-89ffab2550ae
2019-07-30 15:11:47,878 INFO  impl.RoleInfo (RoleInfo.java:shutdownLeaderState(104)) - c12632d0-2dcb-49b0-a4cc-89ffab2550ae: shutdown LeaderState
2019-07-30 15:11:47,879 INFO  impl.PendingRequests (PendingRequests.java:sendNotLeaderResponses(202)) - c12632d0-2dcb-49b0-a4cc-89ffab2550ae-PendingRequests: sendNotLeaderResponses
2019-07-30 15:11:47,879 INFO  impl.StateMachineUpdater (StateMachineUpdater.java:stopAndJoin(115)) - StateMachineUpdater:c12632d0-2dcb-49b0-a4cc-89ffab2550ae:group-498442456AD0: set stopIndex = 0
2019-07-30 15:11:47,880 INFO  impl.RaftServerImpl (ServerState.java:close(394)) - c12632d0-2dcb-49b0-a4cc-89ffab2550ae:group-498442456AD0 closes. The last applied log index is 0
2019-07-30 15:11:47,880 INFO  segmented.SegmentedRaftLogWorker (SegmentedRaftLogWorker.java:run(313)) - c12632d0-2dcb-49b0-a4cc-89ffab2550ae-SegmentedRaftLogWorker:Storage Directory /workdir/hadoop-ozone/integration-test/target/test-dir/MiniOzoneClusterImpl-a7411b59-c253-4b32-b71c-4a3802367d93/datanode-6/data/ratis/c9b92886-cf71-4b4e-bd29-498442456ad0 was interrupted, exiting. There are 0 tasks remaining in the queue.
2019-07-30 15:11:47,887 INFO  segmented.SegmentedRaftLogWorker (SegmentedRaftLogWorker.java:close(228)) - c12632d0-2dcb-49b0-a4cc-89ffab2550ae-SegmentedRaftLogWorker:Storage Directory /workdir/hadoop-ozone/integration-test/target/test-dir/MiniOzoneClusterImpl-a7411b59-c253-4b32-b71c-4a3802367d93/datanode-6/data/ratis/c9b92886-cf71-4b4e-bd29-498442456ad0 close()
2019-07-30 15:11:47,889 INFO  ratis.ContainerStateMachine (ContainerStateMachine.java:takeSnapshot(273)) - group-643B93E632FC: Finished taking a snapshot at:(t:1, i:6) file:/workdir/hadoop-ozone/integration-test/target/test-dir/MiniOzoneClusterImpl-a7411b59-c253-4b32-b71c-4a3802367d93/datanode-0/data/ratis/b22b6ac1-5eec-4d5a-a4fc-643b93e632fc/sm/snapshot.1_6 time:15
2019-07-30 15:11:47,889 INFO  server.GrpcService (GrpcService.java:closeImpl(155)) - c12632d0-2dcb-49b0-a4cc-89ffab2550ae: shutdown server with port 45992 now
2019-07-30 15:11:47,889 INFO  impl.StateMachineUpdater (StateMachineUpdater.java:takeSnapshot(242)) - StateMachineUpdater:94f9f387-1fd0-4244-9860-0e1bff5de2ff:group-643B93E632FC: Took a snapshot at index 6
2019-07-30 15:11:47,890 INFO  impl.StateMachineUpdater (StateMachineUpdater.java:lambda$new$0(80)) - StateMachineUpdater:94f9f387-1fd0-4244-9860-0e1bff5de2ff:group-643B93E632FC: snapshotIndex: updateIncreasingly -1 -> 6
2019-07-30 15:11:47,892 INFO  server.GrpcService (GrpcService.java:closeImpl(163)) - c12632d0-2dcb-49b0-a4cc-89ffab2550ae: shutdown server with port 45992 successfully
2019-07-30 15:11:47,892 INFO  impl.RaftServerImpl (ServerState.java:close(394)) - 94f9f387-1fd0-4244-9860-0e1bff5de2ff:group-643B93E632FC closes. The last applied log index is 6
2019-07-30 15:11:47,893 INFO  segmented.SegmentedRaftLogWorker (SegmentedRaftLogWorker.java:run(313)) - 94f9f387-1fd0-4244-9860-0e1bff5de2ff-SegmentedRaftLogWorker:Storage Directory /workdir/hadoop-ozone/integration-test/target/test-dir/MiniOzoneClusterImpl-a7411b59-c253-4b32-b71c-4a3802367d93/datanode-0/data/ratis/b22b6ac1-5eec-4d5a-a4fc-643b93e632fc was interrupted, exiting. There are 0 tasks remaining in the queue.
2019-07-30 15:11:47,895 INFO  segmented.SegmentedRaftLogWorker (SegmentedRaftLogWorker.java:close(228)) - 94f9f387-1fd0-4244-9860-0e1bff5de2ff-SegmentedRaftLogWorker:Storage Directory /workdir/hadoop-ozone/integration-test/target/test-dir/MiniOzoneClusterImpl-a7411b59-c253-4b32-b71c-4a3802367d93/datanode-0/data/ratis/b22b6ac1-5eec-4d5a-a4fc-643b93e632fc close()
2019-07-30 15:11:47,896 INFO  utils.BackgroundService (BackgroundService.java:shutdown(148)) - Shutting down service BlockDeletingService
2019-07-30 15:11:47,898 INFO  impl.RaftServerImpl (RaftServerImpl.java:lambda$shutdown$3(245)) - 94f9f387-1fd0-4244-9860-0e1bff5de2ff: shutdown group-E239172CB5CE
2019-07-30 15:11:47,898 INFO  util.JmxRegister (JmxRegister.java:unregister(73)) - Successfully un-registered JMX Bean with object name Ratis:service=RaftServer,group=group-E239172CB5CE,id=94f9f387-1fd0-4244-9860-0e1bff5de2ff
2019-07-30 15:11:47,899 INFO  impl.RoleInfo (RoleInfo.java:shutdownLeaderState(104)) - 94f9f387-1fd0-4244-9860-0e1bff5de2ff: shutdown LeaderState
2019-07-30 15:11:47,899 INFO  impl.PendingRequests (PendingRequests.java:sendNotLeaderResponses(202)) - 94f9f387-1fd0-4244-9860-0e1bff5de2ff-PendingRequests: sendNotLeaderResponses
2019-07-30 15:11:47,899 INFO  impl.StateMachineUpdater (StateMachineUpdater.java:stopAndJoin(115)) - StateMachineUpdater:94f9f387-1fd0-4244-9860-0e1bff5de2ff:group-E239172CB5CE: set stopIndex = 0
2019-07-30 15:11:47,901 INFO  impl.RaftServerImpl (ServerState.java:close(394)) - 94f9f387-1fd0-4244-9860-0e1bff5de2ff:group-E239172CB5CE closes. The last applied log index is 0
2019-07-30 15:11:47,901 WARN  fs.CachingGetSpaceUsed (CachingGetSpaceUsed.java:run(183)) - Thread Interrupted waiting to refresh disk information: sleep interrupted
2019-07-30 15:11:47,902 INFO  segmented.SegmentedRaftLogWorker (SegmentedRaftLogWorker.java:run(313)) - 94f9f387-1fd0-4244-9860-0e1bff5de2ff-SegmentedRaftLogWorker:Storage Directory /workdir/hadoop-ozone/integration-test/target/test-dir/MiniOzoneClusterImpl-a7411b59-c253-4b32-b71c-4a3802367d93/datanode-0/data/ratis/22aab5c6-aa95-4c17-90dd-e239172cb5ce was interrupted, exiting. There are 0 tasks remaining in the queue.
2019-07-30 15:11:47,902 INFO  segmented.SegmentedRaftLogWorker (SegmentedRaftLogWorker.java:close(228)) - 94f9f387-1fd0-4244-9860-0e1bff5de2ff-SegmentedRaftLogWorker:Storage Directory /workdir/hadoop-ozone/integration-test/target/test-dir/MiniOzoneClusterImpl-a7411b59-c253-4b32-b71c-4a3802367d93/datanode-0/data/ratis/22aab5c6-aa95-4c17-90dd-e239172cb5ce close()
2019-07-30 15:11:47,904 INFO  server.GrpcService (GrpcService.java:closeImpl(155)) - 94f9f387-1fd0-4244-9860-0e1bff5de2ff: shutdown server with port 34075 now
2019-07-30 15:11:47,905 INFO  server.GrpcService (GrpcService.java:closeImpl(163)) - 94f9f387-1fd0-4244-9860-0e1bff5de2ff: shutdown server with port 34075 successfully
2019-07-30 15:11:47,906 INFO  utils.BackgroundService (BackgroundService.java:shutdown(148)) - Shutting down service BlockDeletingService
2019-07-30 15:11:47,907 WARN  fs.CachingGetSpaceUsed (CachingGetSpaceUsed.java:run(183)) - Thread Interrupted waiting to refresh disk information: sleep interrupted
2019-07-30 15:11:47,921 INFO  statemachine.DatanodeStateMachine (DatanodeStateMachine.java:stopDaemon(395)) - Ozone container server stopped.
2019-07-30 15:11:47,922 INFO  handler.ContextHandler (ContextHandler.java:doStop(910)) - Stopped o.e.j.w.WebAppContext@3468faa5{/,null,UNAVAILABLE}{/hddsDatanode}
2019-07-30 15:11:47,923 INFO  server.AbstractConnector (AbstractConnector.java:doStop(318)) - Stopped ServerConnector@7308c29a{HTTP/1.1,[http/1.1]}{0.0.0.0:0}
2019-07-30 15:11:47,923 INFO  handler.ContextHandler (ContextHandler.java:doStop(910)) - Stopped o.e.j.s.ServletContextHandler@77422a9f{/static,jar:file:/home/user/.m2/repository/org/apache/hadoop/hadoop-hdds-container-service/0.4.1-SNAPSHOT/hadoop-hdds-container-service-0.4.1-SNAPSHOT.jar!/webapps/static,UNAVAILABLE}
2019-07-30 15:11:47,923 INFO  handler.ContextHandler (ContextHandler.java:doStop(910)) - Stopped o.e.j.s.ServletContextHandler@5ad98e6f{/logs,file:///workdir/hadoop-ozone/integration-test/target/log,UNAVAILABLE}
2019-07-30 15:11:47,925 INFO  datanode.ObjectStoreHandler (ObjectStoreHandler.java:close(155)) - Closing ObjectStoreHandler.
2019-07-30 15:11:47,928 INFO  statemachine.DatanodeStateMachine (DatanodeStateMachine.java:stopDaemon(395)) - Ozone container server stopped.
2019-07-30 15:11:47,930 INFO  ozone.HddsDatanodeService (HddsDatanodeService.java:stop(451)) - Stopped plug-in org.apache.hadoop.ozone.web.OzoneHddsDatanodeService@60df0131
2019-07-30 15:11:47,930 INFO  handler.ContextHandler (ContextHandler.java:doStop(910)) - Stopped o.e.j.w.WebAppContext@6878cd83{/,null,UNAVAILABLE}{/hddsDatanode}
2019-07-30 15:11:47,931 INFO  server.AbstractConnector (AbstractConnector.java:doStop(318)) - Stopped ServerConnector@62c41ad{HTTP/1.1,[http/1.1]}{0.0.0.0:0}
2019-07-30 15:11:47,932 INFO  handler.ContextHandler (ContextHandler.java:doStop(910)) - Stopped o.e.j.s.ServletContextHandler@5126c0cd{/static,jar:file:/home/user/.m2/repository/org/apache/hadoop/hadoop-hdds-container-service/0.4.1-SNAPSHOT/hadoop-hdds-container-service-0.4.1-SNAPSHOT.jar!/webapps/static,UNAVAILABLE}
2019-07-30 15:11:47,934 INFO  handler.ContextHandler (ContextHandler.java:doStop(910)) - Stopped o.e.j.s.ServletContextHandler@ff7042c{/logs,file:///workdir/hadoop-ozone/integration-test/target/log,UNAVAILABLE}
2019-07-30 15:11:48,241 INFO  statemachine.DatanodeStateMachine (DatanodeStateMachine.java:lambda$startDaemon$0(350)) - Ozone container server started.
2019-07-30 15:11:50,268 INFO  impl.FollowerState (FollowerState.java:run(106)) - 0485825d-d380-4417-8394-96c5056d47e9:group-9BC8DDDEC6EB changes to CANDIDATE, lastRpcTime:9906, electionTimeout:5062ms
2019-07-30 15:11:50,268 INFO  impl.RoleInfo (RoleInfo.java:shutdownFollowerState(121)) - 0485825d-d380-4417-8394-96c5056d47e9: shutdown FollowerState
2019-07-30 15:11:50,268 INFO  impl.RaftServerImpl (RaftServerImpl.java:setRole(171)) - 0485825d-d380-4417-8394-96c5056d47e9:group-9BC8DDDEC6EB changes role from FOLLOWER to CANDIDATE at term 1 for changeToCandidate
2019-07-30 15:11:50,268 INFO  impl.RoleInfo (RoleInfo.java:updateAndGet(143)) - 0485825d-d380-4417-8394-96c5056d47e9: start LeaderElection
2019-07-30 15:11:50,271 INFO  impl.RaftServerImpl (ServerState.java:setLeader(263)) - 0485825d-d380-4417-8394-96c5056d47e9:group-9BC8DDDEC6EB change Leader from 75a520fe-665b-49fe-9a72-197f3048aa8d to null at term 1 for initElection
2019-07-30 15:11:50,279 INFO  impl.LeaderElection (LeaderElection.java:askForVotes(181)) - 0485825d-d380-4417-8394-96c5056d47e9:group-9BC8DDDEC6EB:LeaderElection89: begin an election at term 2 for 0: [0485825d-d380-4417-8394-96c5056d47e9:192.168.5.170:41894, dcff06cd-ae6d-4ae0-92d5-910e4a8ab9be:192.168.5.170:44230, 75a520fe-665b-49fe-9a72-197f3048aa8d:192.168.5.170:44342], old=null
2019-07-30 15:11:50,282 INFO  impl.LeaderElection (LogUtils.java:infoOrTrace(149)) - 0485825d-d380-4417-8394-96c5056d47e9:group-9BC8DDDEC6EB:LeaderElection89 got exception when requesting votes: {}
java.util.concurrent.ExecutionException: org.apache.ratis.thirdparty.io.grpc.StatusRuntimeException: UNAVAILABLE: io exception
	at java.util.concurrent.FutureTask.report(FutureTask.java:122)
	at java.util.concurrent.FutureTask.get(FutureTask.java:192)
	at org.apache.ratis.server.impl.LeaderElection.waitForResults(LeaderElection.java:262)
	at org.apache.ratis.server.impl.LeaderElection.askForVotes(LeaderElection.java:200)
	at org.apache.ratis.server.impl.LeaderElection.run(LeaderElection.java:130)
	at java.lang.Thread.run(Thread.java:748)
Caused by: org.apache.ratis.thirdparty.io.grpc.StatusRuntimeException: UNAVAILABLE: io exception
	at org.apache.ratis.thirdparty.io.grpc.stub.ClientCalls.toStatusRuntimeException(ClientCalls.java:233)
	at org.apache.ratis.thirdparty.io.grpc.stub.ClientCalls.getUnchecked(ClientCalls.java:214)
	at org.apache.ratis.thirdparty.io.grpc.stub.ClientCalls.blockingUnaryCall(ClientCalls.java:139)
	at org.apache.ratis.proto.grpc.RaftServerProtocolServiceGrpc$RaftServerProtocolServiceBlockingStub.requestVote(RaftServerProtocolServiceGrpc.java:265)
	at org.apache.ratis.grpc.server.GrpcServerProtocolClient.requestVote(GrpcServerProtocolClient.java:83)
	at org.apache.ratis.grpc.server.GrpcService.requestVote(GrpcService.java:195)
	at org.apache.ratis.server.impl.LeaderElection.lambda$submitRequests$1(LeaderElection.java:237)
	at java.util.concurrent.FutureTask.run(FutureTask.java:266)
	at java.util.concurrent.Executors$RunnableAdapter.call(Executors.java:511)
	at java.util.concurrent.FutureTask.run(FutureTask.java:266)
	at java.util.concurrent.ThreadPoolExecutor.runWorker(ThreadPoolExecutor.java:1149)
	at java.util.concurrent.ThreadPoolExecutor$Worker.run(ThreadPoolExecutor.java:624)
	... 1 more
Caused by: org.apache.ratis.thirdparty.io.netty.channel.AbstractChannel$AnnotatedConnectException: Connection refused: /192.168.5.170:44342
	at sun.nio.ch.SocketChannelImpl.checkConnect(Native Method)
	at sun.nio.ch.SocketChannelImpl.finishConnect(SocketChannelImpl.java:717)
	at org.apache.ratis.thirdparty.io.netty.channel.socket.nio.NioSocketChannel.doFinishConnect(NioSocketChannel.java:327)
	at org.apache.ratis.thirdparty.io.netty.channel.nio.AbstractNioChannel$AbstractNioUnsafe.finishConnect(AbstractNioChannel.java:340)
	at org.apache.ratis.thirdparty.io.netty.channel.nio.NioEventLoop.processSelectedKey(NioEventLoop.java:632)
	at org.apache.ratis.thirdparty.io.netty.channel.nio.NioEventLoop.processSelectedKeysOptimized(NioEventLoop.java:579)
	at org.apache.ratis.thirdparty.io.netty.channel.nio.NioEventLoop.processSelectedKeys(NioEventLoop.java:496)
	at org.apache.ratis.thirdparty.io.netty.channel.nio.NioEventLoop.run(NioEventLoop.java:458)
	at org.apache.ratis.thirdparty.io.netty.util.concurrent.SingleThreadEventExecutor$5.run(SingleThreadEventExecutor.java:897)
	at org.apache.ratis.thirdparty.io.netty.util.concurrent.FastThreadLocalRunnable.run(FastThreadLocalRunnable.java:30)
	... 1 more
Caused by: java.net.ConnectException: Connection refused
	... 11 more
2019-07-30 15:11:50,284 INFO  impl.LeaderElection (LogUtils.java:infoOrTrace(149)) - 0485825d-d380-4417-8394-96c5056d47e9:group-9BC8DDDEC6EB:LeaderElection89 got exception when requesting votes: {}
java.util.concurrent.ExecutionException: org.apache.ratis.thirdparty.io.grpc.StatusRuntimeException: UNAVAILABLE: io exception
	at java.util.concurrent.FutureTask.report(FutureTask.java:122)
	at java.util.concurrent.FutureTask.get(FutureTask.java:192)
	at org.apache.ratis.server.impl.LeaderElection.waitForResults(LeaderElection.java:262)
	at org.apache.ratis.server.impl.LeaderElection.askForVotes(LeaderElection.java:200)
	at org.apache.ratis.server.impl.LeaderElection.run(LeaderElection.java:130)
	at java.lang.Thread.run(Thread.java:748)
Caused by: org.apache.ratis.thirdparty.io.grpc.StatusRuntimeException: UNAVAILABLE: io exception
	at org.apache.ratis.thirdparty.io.grpc.stub.ClientCalls.toStatusRuntimeException(ClientCalls.java:233)
	at org.apache.ratis.thirdparty.io.grpc.stub.ClientCalls.getUnchecked(ClientCalls.java:214)
	at org.apache.ratis.thirdparty.io.grpc.stub.ClientCalls.blockingUnaryCall(ClientCalls.java:139)
	at org.apache.ratis.proto.grpc.RaftServerProtocolServiceGrpc$RaftServerProtocolServiceBlockingStub.requestVote(RaftServerProtocolServiceGrpc.java:265)
	at org.apache.ratis.grpc.server.GrpcServerProtocolClient.requestVote(GrpcServerProtocolClient.java:83)
	at org.apache.ratis.grpc.server.GrpcService.requestVote(GrpcService.java:195)
	at org.apache.ratis.server.impl.LeaderElection.lambda$submitRequests$1(LeaderElection.java:237)
	at java.util.concurrent.FutureTask.run(FutureTask.java:266)
	at java.util.concurrent.Executors$RunnableAdapter.call(Executors.java:511)
	at java.util.concurrent.FutureTask.run(FutureTask.java:266)
	at java.util.concurrent.ThreadPoolExecutor.runWorker(ThreadPoolExecutor.java:1149)
	at java.util.concurrent.ThreadPoolExecutor$Worker.run(ThreadPoolExecutor.java:624)
	... 1 more
Caused by: org.apache.ratis.thirdparty.io.netty.channel.AbstractChannel$AnnotatedConnectException: Connection refused: /192.168.5.170:44230
	at sun.nio.ch.SocketChannelImpl.checkConnect(Native Method)
	at sun.nio.ch.SocketChannelImpl.finishConnect(SocketChannelImpl.java:717)
	at org.apache.ratis.thirdparty.io.netty.channel.socket.nio.NioSocketChannel.doFinishConnect(NioSocketChannel.java:327)
	at org.apache.ratis.thirdparty.io.netty.channel.nio.AbstractNioChannel$AbstractNioUnsafe.finishConnect(AbstractNioChannel.java:340)
	at org.apache.ratis.thirdparty.io.netty.channel.nio.NioEventLoop.processSelectedKey(NioEventLoop.java:632)
	at org.apache.ratis.thirdparty.io.netty.channel.nio.NioEventLoop.processSelectedKeysOptimized(NioEventLoop.java:579)
	at org.apache.ratis.thirdparty.io.netty.channel.nio.NioEventLoop.processSelectedKeys(NioEventLoop.java:496)
	at org.apache.ratis.thirdparty.io.netty.channel.nio.NioEventLoop.run(NioEventLoop.java:458)
	at org.apache.ratis.thirdparty.io.netty.util.concurrent.SingleThreadEventExecutor$5.run(SingleThreadEventExecutor.java:897)
	at org.apache.ratis.thirdparty.io.netty.util.concurrent.FastThreadLocalRunnable.run(FastThreadLocalRunnable.java:30)
	... 1 more
Caused by: java.net.ConnectException: Connection refused
	... 11 more
2019-07-30 15:11:50,285 INFO  impl.LeaderElection (LeaderElection.java:logAndReturn(56)) - 0485825d-d380-4417-8394-96c5056d47e9:group-9BC8DDDEC6EB:LeaderElection89: Election REJECTED; received 0 response(s) [] and 2 exception(s); 0485825d-d380-4417-8394-96c5056d47e9:t2, leader=null, voted=0485825d-d380-4417-8394-96c5056d47e9, raftlog=0485825d-d380-4417-8394-96c5056d47e9-SegmentedRaftLog:OPENED:c16,f16,i16, conf=0: [0485825d-d380-4417-8394-96c5056d47e9:192.168.5.170:41894, dcff06cd-ae6d-4ae0-92d5-910e4a8ab9be:192.168.5.170:44230, 75a520fe-665b-49fe-9a72-197f3048aa8d:192.168.5.170:44342], old=null
2019-07-30 15:11:50,285 INFO  impl.LeaderElection (LogUtils.java:infoOrTrace(149)) -   Exception 0: {}
java.util.concurrent.ExecutionException: org.apache.ratis.thirdparty.io.grpc.StatusRuntimeException: UNAVAILABLE: io exception
	at java.util.concurrent.FutureTask.report(FutureTask.java:122)
	at java.util.concurrent.FutureTask.get(FutureTask.java:192)
	at org.apache.ratis.server.impl.LeaderElection.waitForResults(LeaderElection.java:262)
	at org.apache.ratis.server.impl.LeaderElection.askForVotes(LeaderElection.java:200)
	at org.apache.ratis.server.impl.LeaderElection.run(LeaderElection.java:130)
	at java.lang.Thread.run(Thread.java:748)
Caused by: org.apache.ratis.thirdparty.io.grpc.StatusRuntimeException: UNAVAILABLE: io exception
	at org.apache.ratis.thirdparty.io.grpc.stub.ClientCalls.toStatusRuntimeException(ClientCalls.java:233)
	at org.apache.ratis.thirdparty.io.grpc.stub.ClientCalls.getUnchecked(ClientCalls.java:214)
	at org.apache.ratis.thirdparty.io.grpc.stub.ClientCalls.blockingUnaryCall(ClientCalls.java:139)
	at org.apache.ratis.proto.grpc.RaftServerProtocolServiceGrpc$RaftServerProtocolServiceBlockingStub.requestVote(RaftServerProtocolServiceGrpc.java:265)
	at org.apache.ratis.grpc.server.GrpcServerProtocolClient.requestVote(GrpcServerProtocolClient.java:83)
	at org.apache.ratis.grpc.server.GrpcService.requestVote(GrpcService.java:195)
	at org.apache.ratis.server.impl.LeaderElection.lambda$submitRequests$1(LeaderElection.java:237)
	at java.util.concurrent.FutureTask.run(FutureTask.java:266)
	at java.util.concurrent.Executors$RunnableAdapter.call(Executors.java:511)
	at java.util.concurrent.FutureTask.run(FutureTask.java:266)
	at java.util.concurrent.ThreadPoolExecutor.runWorker(ThreadPoolExecutor.java:1149)
	at java.util.concurrent.ThreadPoolExecutor$Worker.run(ThreadPoolExecutor.java:624)
	... 1 more
Caused by: org.apache.ratis.thirdparty.io.netty.channel.AbstractChannel$AnnotatedConnectException: Connection refused: /192.168.5.170:44342
	at sun.nio.ch.SocketChannelImpl.checkConnect(Native Method)
	at sun.nio.ch.SocketChannelImpl.finishConnect(SocketChannelImpl.java:717)
	at org.apache.ratis.thirdparty.io.netty.channel.socket.nio.NioSocketChannel.doFinishConnect(NioSocketChannel.java:327)
	at org.apache.ratis.thirdparty.io.netty.channel.nio.AbstractNioChannel$AbstractNioUnsafe.finishConnect(AbstractNioChannel.java:340)
	at org.apache.ratis.thirdparty.io.netty.channel.nio.NioEventLoop.processSelectedKey(NioEventLoop.java:632)
	at org.apache.ratis.thirdparty.io.netty.channel.nio.NioEventLoop.processSelectedKeysOptimized(NioEventLoop.java:579)
	at org.apache.ratis.thirdparty.io.netty.channel.nio.NioEventLoop.processSelectedKeys(NioEventLoop.java:496)
	at org.apache.ratis.thirdparty.io.netty.channel.nio.NioEventLoop.run(NioEventLoop.java:458)
	at org.apache.ratis.thirdparty.io.netty.util.concurrent.SingleThreadEventExecutor$5.run(SingleThreadEventExecutor.java:897)
	at org.apache.ratis.thirdparty.io.netty.util.concurrent.FastThreadLocalRunnable.run(FastThreadLocalRunnable.java:30)
	... 1 more
Caused by: java.net.ConnectException: Connection refused
	... 11 more
2019-07-30 15:11:50,286 INFO  impl.LeaderElection (LogUtils.java:infoOrTrace(149)) -   Exception 1: {}
java.util.concurrent.ExecutionException: org.apache.ratis.thirdparty.io.grpc.StatusRuntimeException: UNAVAILABLE: io exception
	at java.util.concurrent.FutureTask.report(FutureTask.java:122)
	at java.util.concurrent.FutureTask.get(FutureTask.java:192)
	at org.apache.ratis.server.impl.LeaderElection.waitForResults(LeaderElection.java:262)
	at org.apache.ratis.server.impl.LeaderElection.askForVotes(LeaderElection.java:200)
	at org.apache.ratis.server.impl.LeaderElection.run(LeaderElection.java:130)
	at java.lang.Thread.run(Thread.java:748)
Caused by: org.apache.ratis.thirdparty.io.grpc.StatusRuntimeException: UNAVAILABLE: io exception
	at org.apache.ratis.thirdparty.io.grpc.stub.ClientCalls.toStatusRuntimeException(ClientCalls.java:233)
	at org.apache.ratis.thirdparty.io.grpc.stub.ClientCalls.getUnchecked(ClientCalls.java:214)
	at org.apache.ratis.thirdparty.io.grpc.stub.ClientCalls.blockingUnaryCall(ClientCalls.java:139)
	at org.apache.ratis.proto.grpc.RaftServerProtocolServiceGrpc$RaftServerProtocolServiceBlockingStub.requestVote(RaftServerProtocolServiceGrpc.java:265)
	at org.apache.ratis.grpc.server.GrpcServerProtocolClient.requestVote(GrpcServerProtocolClient.java:83)
	at org.apache.ratis.grpc.server.GrpcService.requestVote(GrpcService.java:195)
	at org.apache.ratis.server.impl.LeaderElection.lambda$submitRequests$1(LeaderElection.java:237)
	at java.util.concurrent.FutureTask.run(FutureTask.java:266)
	at java.util.concurrent.Executors$RunnableAdapter.call(Executors.java:511)
	at java.util.concurrent.FutureTask.run(FutureTask.java:266)
	at java.util.concurrent.ThreadPoolExecutor.runWorker(ThreadPoolExecutor.java:1149)
	at java.util.concurrent.ThreadPoolExecutor$Worker.run(ThreadPoolExecutor.java:624)
	... 1 more
Caused by: org.apache.ratis.thirdparty.io.netty.channel.AbstractChannel$AnnotatedConnectException: Connection refused: /192.168.5.170:44230
	at sun.nio.ch.SocketChannelImpl.checkConnect(Native Method)
	at sun.nio.ch.SocketChannelImpl.finishConnect(SocketChannelImpl.java:717)
	at org.apache.ratis.thirdparty.io.netty.channel.socket.nio.NioSocketChannel.doFinishConnect(NioSocketChannel.java:327)
	at org.apache.ratis.thirdparty.io.netty.channel.nio.AbstractNioChannel$AbstractNioUnsafe.finishConnect(AbstractNioChannel.java:340)
	at org.apache.ratis.thirdparty.io.netty.channel.nio.NioEventLoop.processSelectedKey(NioEventLoop.java:632)
	at org.apache.ratis.thirdparty.io.netty.channel.nio.NioEventLoop.processSelectedKeysOptimized(NioEventLoop.java:579)
	at org.apache.ratis.thirdparty.io.netty.channel.nio.NioEventLoop.processSelectedKeys(NioEventLoop.java:496)
	at org.apache.ratis.thirdparty.io.netty.channel.nio.NioEventLoop.run(NioEventLoop.java:458)
	at org.apache.ratis.thirdparty.io.netty.util.concurrent.SingleThreadEventExecutor$5.run(SingleThreadEventExecutor.java:897)
	at org.apache.ratis.thirdparty.io.netty.util.concurrent.FastThreadLocalRunnable.run(FastThreadLocalRunnable.java:30)
	... 1 more
Caused by: java.net.ConnectException: Connection refused
	... 11 more
2019-07-30 15:11:50,286 INFO  impl.RaftServerImpl (RaftServerImpl.java:setRole(171)) - 0485825d-d380-4417-8394-96c5056d47e9:group-9BC8DDDEC6EB changes role from CANDIDATE to FOLLOWER at term 2 for DISCOVERED_A_NEW_TERM
2019-07-30 15:11:50,286 INFO  impl.RoleInfo (RoleInfo.java:shutdownLeaderElection(134)) - 0485825d-d380-4417-8394-96c5056d47e9: shutdown LeaderElection
2019-07-30 15:11:50,286 INFO  impl.RoleInfo (RoleInfo.java:updateAndGet(143)) - 0485825d-d380-4417-8394-96c5056d47e9: start FollowerState
2019-07-30 15:11:52,301 INFO  node.StaleNodeHandler (StaleNodeHandler.java:onMessage(58)) - Datanode 0485825d-d380-4417-8394-96c5056d47e9{ip: 192.168.5.170, host: byscane-nightly-xg47r-921641087, networkLocation: /default-rack, certSerialId: null} moved to stale state. Finalizing its pipelines [PipelineID=9ebc7871-911a-4c41-920c-9bc8dddec6eb, PipelineID=e4f23b81-b3df-4035-919f-003cd94c43d8]
2019-07-30 15:11:52,301 INFO  pipeline.SCMPipelineManager (SCMPipelineManager.java:finalizeAndDestroyPipeline(309)) - destroying pipeline:Pipeline[ Id: 9ebc7871-911a-4c41-920c-9bc8dddec6eb, Nodes: dcff06cd-ae6d-4ae0-92d5-910e4a8ab9be{ip: 192.168.5.170, host: byscane-nightly-xg47r-921641087, networkLocation: /default-rack, certSerialId: null}75a520fe-665b-49fe-9a72-197f3048aa8d{ip: 192.168.5.170, host: byscane-nightly-xg47r-921641087, networkLocation: /default-rack, certSerialId: null}0485825d-d380-4417-8394-96c5056d47e9{ip: 192.168.5.170, host: byscane-nightly-xg47r-921641087, networkLocation: /default-rack, certSerialId: null}, Type:RATIS, Factor:THREE, State:CLOSED]
2019-07-30 15:11:52,302 INFO  pipeline.SCMPipelineManager (SCMPipelineManager.java:finalizeAndDestroyPipeline(309)) - destroying pipeline:Pipeline[ Id: e4f23b81-b3df-4035-919f-003cd94c43d8, Nodes: 0485825d-d380-4417-8394-96c5056d47e9{ip: 192.168.5.170, host: byscane-nightly-xg47r-921641087, networkLocation: /default-rack, certSerialId: null}, Type:RATIS, Factor:ONE, State:OPEN]
2019-07-30 15:11:52,302 INFO  pipeline.PipelineStateManager (PipelineStateManager.java:finalizePipeline(123)) - Pipeline Pipeline[ Id: e4f23b81-b3df-4035-919f-003cd94c43d8, Nodes: 0485825d-d380-4417-8394-96c5056d47e9{ip: 192.168.5.170, host: byscane-nightly-xg47r-921641087, networkLocation: /default-rack, certSerialId: null}, Type:RATIS, Factor:ONE, State:CLOSED] moved to CLOSED state
2019-07-30 15:11:52,931 INFO  ozoneimpl.OzoneContainer (OzoneContainer.java:stop(199)) - Attempting to stop container services.
2019-07-30 15:11:52,931 INFO  impl.RaftServerProxy (RaftServerProxy.java:lambda$close$4(314)) - 0485825d-d380-4417-8394-96c5056d47e9: close
2019-07-30 15:11:52,932 INFO  impl.RaftServerImpl (RaftServerImpl.java:lambda$shutdown$3(245)) - 0485825d-d380-4417-8394-96c5056d47e9: shutdown group-9BC8DDDEC6EB
2019-07-30 15:11:52,932 INFO  impl.RaftServerImpl (RaftServerImpl.java:lambda$shutdown$3(245)) - 0485825d-d380-4417-8394-96c5056d47e9: shutdown group-003CD94C43D8
2019-07-30 15:11:52,933 INFO  util.JmxRegister (JmxRegister.java:unregister(73)) - Successfully un-registered JMX Bean with object name Ratis:service=RaftServer,group=group-9BC8DDDEC6EB,id=0485825d-d380-4417-8394-96c5056d47e9
2019-07-30 15:11:52,933 INFO  util.JmxRegister (JmxRegister.java:unregister(73)) - Successfully un-registered JMX Bean with object name Ratis:service=RaftServer,group=group-003CD94C43D8,id=0485825d-d380-4417-8394-96c5056d47e9
2019-07-30 15:11:52,933 INFO  impl.RoleInfo (RoleInfo.java:shutdownFollowerState(121)) - 0485825d-d380-4417-8394-96c5056d47e9: shutdown FollowerState
2019-07-30 15:11:52,934 INFO  impl.RoleInfo (RoleInfo.java:shutdownLeaderState(104)) - 0485825d-d380-4417-8394-96c5056d47e9: shutdown LeaderState
2019-07-30 15:11:52,934 INFO  ratis.ContainerStateMachine (ContainerStateMachine.java:takeSnapshot(262)) - group-9BC8DDDEC6EB: Taking a snapshot at:(t:1, i:16) file /workdir/hadoop-ozone/integration-test/target/test-dir/MiniOzoneClusterImpl-a7411b59-c253-4b32-b71c-4a3802367d93/datanode-5/data/ratis/9ebc7871-911a-4c41-920c-9bc8dddec6eb/sm/snapshot.1_16
2019-07-30 15:11:52,934 INFO  impl.FollowerState (FollowerState.java:run(114)) - 0485825d-d380-4417-8394-96c5056d47e9: FollowerState was interrupted: java.lang.InterruptedException: sleep interrupted
2019-07-30 15:11:52,934 INFO  impl.StateMachineUpdater (StateMachineUpdater.java:stopAndJoin(115)) - StateMachineUpdater:0485825d-d380-4417-8394-96c5056d47e9:group-9BC8DDDEC6EB: set stopIndex = 16
2019-07-30 15:11:52,934 INFO  impl.PendingRequests (PendingRequests.java:sendNotLeaderResponses(202)) - 0485825d-d380-4417-8394-96c5056d47e9-PendingRequests: sendNotLeaderResponses
2019-07-30 15:11:52,937 INFO  impl.StateMachineUpdater (StateMachineUpdater.java:stopAndJoin(115)) - StateMachineUpdater:0485825d-d380-4417-8394-96c5056d47e9:group-003CD94C43D8: set stopIndex = 0
2019-07-30 15:11:52,937 INFO  impl.RaftServerImpl (ServerState.java:close(394)) - 0485825d-d380-4417-8394-96c5056d47e9:group-003CD94C43D8 closes. The last applied log index is 0
2019-07-30 15:11:52,938 INFO  segmented.SegmentedRaftLogWorker (SegmentedRaftLogWorker.java:run(313)) - 0485825d-d380-4417-8394-96c5056d47e9-SegmentedRaftLogWorker:Storage Directory /workdir/hadoop-ozone/integration-test/target/test-dir/MiniOzoneClusterImpl-a7411b59-c253-4b32-b71c-4a3802367d93/datanode-5/data/ratis/e4f23b81-b3df-4035-919f-003cd94c43d8 was interrupted, exiting. There are 0 tasks remaining in the queue.
2019-07-30 15:11:52,938 INFO  segmented.SegmentedRaftLogWorker (SegmentedRaftLogWorker.java:close(228)) - 0485825d-d380-4417-8394-96c5056d47e9-SegmentedRaftLogWorker:Storage Directory /workdir/hadoop-ozone/integration-test/target/test-dir/MiniOzoneClusterImpl-a7411b59-c253-4b32-b71c-4a3802367d93/datanode-5/data/ratis/e4f23b81-b3df-4035-919f-003cd94c43d8 close()
2019-07-30 15:11:52,949 INFO  ratis.ContainerStateMachine (ContainerStateMachine.java:takeSnapshot(273)) - group-9BC8DDDEC6EB: Finished taking a snapshot at:(t:1, i:16) file:/workdir/hadoop-ozone/integration-test/target/test-dir/MiniOzoneClusterImpl-a7411b59-c253-4b32-b71c-4a3802367d93/datanode-5/data/ratis/9ebc7871-911a-4c41-920c-9bc8dddec6eb/sm/snapshot.1_16 time:15
2019-07-30 15:11:52,949 INFO  impl.StateMachineUpdater (StateMachineUpdater.java:takeSnapshot(242)) - StateMachineUpdater:0485825d-d380-4417-8394-96c5056d47e9:group-9BC8DDDEC6EB: Took a snapshot at index 16
2019-07-30 15:11:52,950 INFO  impl.StateMachineUpdater (StateMachineUpdater.java:lambda$new$0(80)) - StateMachineUpdater:0485825d-d380-4417-8394-96c5056d47e9:group-9BC8DDDEC6EB: snapshotIndex: updateIncreasingly -1 -> 16
2019-07-30 15:11:52,950 INFO  impl.RaftServerImpl (ServerState.java:close(394)) - 0485825d-d380-4417-8394-96c5056d47e9:group-9BC8DDDEC6EB closes. The last applied log index is 16
2019-07-30 15:11:52,951 INFO  segmented.SegmentedRaftLogWorker (SegmentedRaftLogWorker.java:run(313)) - 0485825d-d380-4417-8394-96c5056d47e9-SegmentedRaftLogWorker:Storage Directory /workdir/hadoop-ozone/integration-test/target/test-dir/MiniOzoneClusterImpl-a7411b59-c253-4b32-b71c-4a3802367d93/datanode-5/data/ratis/9ebc7871-911a-4c41-920c-9bc8dddec6eb was interrupted, exiting. There are 0 tasks remaining in the queue.
2019-07-30 15:11:52,951 INFO  segmented.SegmentedRaftLogWorker (SegmentedRaftLogWorker.java:close(228)) - 0485825d-d380-4417-8394-96c5056d47e9-SegmentedRaftLogWorker:Storage Directory /workdir/hadoop-ozone/integration-test/target/test-dir/MiniOzoneClusterImpl-a7411b59-c253-4b32-b71c-4a3802367d93/datanode-5/data/ratis/9ebc7871-911a-4c41-920c-9bc8dddec6eb close()
2019-07-30 15:11:52,952 INFO  server.GrpcService (GrpcService.java:closeImpl(155)) - 0485825d-d380-4417-8394-96c5056d47e9: shutdown server with port 41894 now
2019-07-30 15:11:52,953 INFO  server.GrpcService (GrpcService.java:closeImpl(163)) - 0485825d-d380-4417-8394-96c5056d47e9: shutdown server with port 41894 successfully
2019-07-30 15:11:52,955 INFO  utils.BackgroundService (BackgroundService.java:shutdown(148)) - Shutting down service BlockDeletingService
2019-07-30 15:11:52,957 WARN  fs.CachingGetSpaceUsed (CachingGetSpaceUsed.java:run(183)) - Thread Interrupted waiting to refresh disk information: sleep interrupted
2019-07-30 15:11:52,974 INFO  statemachine.DatanodeStateMachine (DatanodeStateMachine.java:stopDaemon(395)) - Ozone container server stopped.
2019-07-30 15:11:52,987 INFO  handler.ContextHandler (ContextHandler.java:doStop(910)) - Stopped o.e.j.w.WebAppContext@11763e57{/,null,UNAVAILABLE}{/hddsDatanode}
2019-07-30 15:11:52,988 INFO  server.AbstractConnector (AbstractConnector.java:doStop(318)) - Stopped ServerConnector@27e688ad{HTTP/1.1,[http/1.1]}{0.0.0.0:0}
2019-07-30 15:11:52,988 INFO  handler.ContextHandler (ContextHandler.java:doStop(910)) - Stopped o.e.j.s.ServletContextHandler@3b2b9b96{/static,jar:file:/home/user/.m2/repository/org/apache/hadoop/hadoop-hdds-container-service/0.4.1-SNAPSHOT/hadoop-hdds-container-service-0.4.1-SNAPSHOT.jar!/webapps/static,UNAVAILABLE}
2019-07-30 15:11:52,989 INFO  handler.ContextHandler (ContextHandler.java:doStop(910)) - Stopped o.e.j.s.ServletContextHandler@74d242b5{/logs,file:///workdir/hadoop-ozone/integration-test/target/log,UNAVAILABLE}
2019-07-30 15:11:52,990 INFO  ozone.MiniOzoneClusterImpl (MiniOzoneClusterImpl.java:stop(353)) - Stopping the StorageContainerManager
2019-07-30 15:11:52,990 INFO  server.StorageContainerManager (StorageContainerManager.java:stop(796)) - Stopping Replication Manager Service.
2019-07-30 15:11:52,990 INFO  container.ReplicationManager (ReplicationManager.java:stop(187)) - Stopping Replication Monitor Thread.
2019-07-30 15:11:52,991 INFO  server.StorageContainerManager (StorageContainerManager.java:stop(803)) - Stopping Lease Manager of the command watchers
2019-07-30 15:11:52,991 INFO  server.StorageContainerManager (StorageContainerManager.java:stop(810)) - Stopping datanode service RPC server
2019-07-30 15:11:52,991 INFO  server.SCMDatanodeProtocolServer (SCMDatanodeProtocolServer.java:stop(367)) - Stopping the RPC server for DataNodes
2019-07-30 15:11:52,991 INFO  ipc.Server (Server.java:stop(3082)) - Stopping server on 43046
2019-07-30 15:11:52,994 INFO  ipc.Server (Server.java:run(1185)) - Stopping IPC Server listener on 43046
2019-07-30 15:11:52,995 INFO  ipc.Server (Server.java:run(1319)) - Stopping IPC Server Responder
2019-07-30 15:11:53,002 WARN  node.NodeStateManager (NodeStateManager.java:scheduleNextHealthCheck(631)) - Current Thread is interrupted, shutting down HB processing thread for Node Manager.
2019-07-30 15:11:53,002 INFO  server.StorageContainerManager (StorageContainerManager.java:stop(818)) - Stopping block service RPC server
2019-07-30 15:11:53,002 INFO  server.SCMBlockProtocolServer (SCMBlockProtocolServer.java:stop(148)) - Stopping the RPC server for Block Protocol
2019-07-30 15:11:53,003 INFO  ipc.Server (Server.java:stop(3082)) - Stopping server on 36485
2019-07-30 15:11:53,004 INFO  server.StorageContainerManager (StorageContainerManager.java:stop(825)) - Stopping the StorageContainerLocationProtocol RPC server
2019-07-30 15:11:53,005 INFO  server.SCMClientProtocolServer (SCMClientProtocolServer.java:stop(159)) - Stopping the RPC server for Client Protocol
2019-07-30 15:11:53,005 INFO  ipc.Server (Server.java:run(1319)) - Stopping IPC Server Responder
2019-07-30 15:11:53,006 INFO  ipc.Server (Server.java:stop(3082)) - Stopping server on 36678
2019-07-30 15:11:53,005 INFO  ipc.Server (Server.java:run(1185)) - Stopping IPC Server listener on 36485
2019-07-30 15:11:53,009 INFO  ipc.Server (Server.java:run(1185)) - Stopping IPC Server listener on 36678
2019-07-30 15:11:53,009 INFO  server.StorageContainerManager (StorageContainerManager.java:stop(832)) - Stopping Storage Container Manager HTTP server.
2019-07-30 15:11:53,009 INFO  ipc.Server (Server.java:run(1319)) - Stopping IPC Server Responder
2019-07-30 15:11:53,011 INFO  handler.ContextHandler (ContextHandler.java:doStop(910)) - Stopped o.e.j.w.WebAppContext@67c64b9c{/,null,UNAVAILABLE}{/scm}
2019-07-30 15:11:53,011 INFO  server.AbstractConnector (AbstractConnector.java:doStop(318)) - Stopped ServerConnector@311d8595{HTTP/1.1,[http/1.1]}{0.0.0.0:0}
2019-07-30 15:11:53,012 INFO  handler.ContextHandler (ContextHandler.java:doStop(910)) - Stopped o.e.j.s.ServletContextHandler@5b8e2ea7{/static,file:///workdir/hadoop-ozone/integration-test/target/test-classes/webapps/static,UNAVAILABLE}
2019-07-30 15:11:53,012 INFO  handler.ContextHandler (ContextHandler.java:doStop(910)) - Stopped o.e.j.s.ServletContextHandler@36a65069{/logs,file:///workdir/hadoop-ozone/integration-test/target/log,UNAVAILABLE}
2019-07-30 15:11:53,013 INFO  server.StorageContainerManager (StorageContainerManager.java:stop(843)) - Stopping Block Manager Service.
2019-07-30 15:11:53,013 INFO  utils.BackgroundService (BackgroundService.java:shutdown(148)) - Shutting down service SCMBlockDeletingService
2019-07-30 15:11:53,014 INFO  utils.BackgroundService (BackgroundService.java:shutdown(148)) - Shutting down service SCMBlockDeletingService
2019-07-30 15:11:53,014 INFO  server.StorageContainerManager (StorageContainerManager.java:stop(865)) - Stopping SCM Event Queue.
2019-07-30 15:11:53,034 INFO  impl.MetricsSystemImpl (MetricsSystemImpl.java:stop(210)) - Stopping HddsDatanode metrics system...
2019-07-30 15:11:53,044 INFO  impl.MetricsSystemImpl (MetricsSystemImpl.java:stop(216)) - HddsDatanode metrics system stopped.
]]></system-out>
    <system-err><![CDATA[Jul 30, 2019 3:11:19 PM com.sun.jersey.server.impl.application.WebApplicationImpl _initiate
INFO: Initiating Jersey application, version 'Jersey: 1.19 02/11/2015 03:25 AM'
Jul 30, 2019 3:11:19 PM com.sun.jersey.server.impl.application.WebApplicationImpl _initiate
INFO: Initiating Jersey application, version 'Jersey: 1.19 02/11/2015 03:25 AM'
Jul 30, 2019 3:11:19 PM com.sun.jersey.server.impl.application.WebApplicationImpl _initiate
INFO: Initiating Jersey application, version 'Jersey: 1.19 02/11/2015 03:25 AM'
Jul 30, 2019 3:11:20 PM com.sun.jersey.server.impl.application.WebApplicationImpl _initiate
INFO: Initiating Jersey application, version 'Jersey: 1.19 02/11/2015 03:25 AM'
Jul 30, 2019 3:11:20 PM com.sun.jersey.server.impl.application.WebApplicationImpl _initiate
INFO: Initiating Jersey application, version 'Jersey: 1.19 02/11/2015 03:25 AM'
Jul 30, 2019 3:11:20 PM com.sun.jersey.server.impl.application.WebApplicationImpl _initiate
INFO: Initiating Jersey application, version 'Jersey: 1.19 02/11/2015 03:25 AM'
Jul 30, 2019 3:11:20 PM com.sun.jersey.server.impl.application.WebApplicationImpl _initiate
INFO: Initiating Jersey application, version 'Jersey: 1.19 02/11/2015 03:25 AM'
Jul 30, 2019 3:11:23 PM org.apache.ratis.thirdparty.io.grpc.internal.ManagedChannelOrphanWrapper$ManagedChannelReference cleanQueue
SEVERE: *~*~*~ Channel ManagedChannelImpl{logId=3348, target=192.168.5.170:39126} was not shutdown properly!!! ~*~*~*
    Make sure to call shutdown()/shutdownNow() and wait until awaitTermination() returns true.
java.lang.RuntimeException: ManagedChannel allocation site
	at org.apache.ratis.thirdparty.io.grpc.internal.ManagedChannelOrphanWrapper$ManagedChannelReference.<init>(ManagedChannelOrphanWrapper.java:103)
	at org.apache.ratis.thirdparty.io.grpc.internal.ManagedChannelOrphanWrapper.<init>(ManagedChannelOrphanWrapper.java:53)
	at org.apache.ratis.thirdparty.io.grpc.internal.ManagedChannelOrphanWrapper.<init>(ManagedChannelOrphanWrapper.java:44)
	at org.apache.ratis.thirdparty.io.grpc.internal.AbstractManagedChannelImplBuilder.build(AbstractManagedChannelImplBuilder.java:411)
	at org.apache.ratis.grpc.client.GrpcClientProtocolClient.<init>(GrpcClientProtocolClient.java:119)
	at org.apache.ratis.grpc.client.GrpcClientRpc.lambda$new$0(GrpcClientRpc.java:55)
	at org.apache.ratis.util.PeerProxyMap$PeerAndProxy.lambda$getProxy$0(PeerProxyMap.java:61)
	at org.apache.ratis.util.LifeCycle.startAndTransition(LifeCycle.java:202)
	at org.apache.ratis.util.PeerProxyMap$PeerAndProxy.getProxy(PeerProxyMap.java:60)
	at org.apache.ratis.util.PeerProxyMap.getProxy(PeerProxyMap.java:107)
	at org.apache.ratis.grpc.client.GrpcClientRpc.sendRequestAsync(GrpcClientRpc.java:66)
	at org.apache.ratis.client.impl.OrderedAsync.sendRequest(OrderedAsync.java:208)
	at org.apache.ratis.client.impl.OrderedAsync.sendRequestWithRetry(OrderedAsync.java:169)
	at org.apache.ratis.util.SlidingWindow$Client.sendOrDelayRequest(SlidingWindow.java:278)
	at org.apache.ratis.util.SlidingWindow$Client.retry(SlidingWindow.java:294)
	at org.apache.ratis.client.impl.OrderedAsync.lambda$scheduleWithTimeout$7(OrderedAsync.java:195)
	at org.apache.ratis.util.TimeoutScheduler.lambda$onTimeout$0(TimeoutScheduler.java:85)
	at org.apache.ratis.util.TimeoutScheduler.lambda$onTimeout$1(TimeoutScheduler.java:104)
	at org.apache.ratis.util.LogUtils.runAndLog(LogUtils.java:50)
	at org.apache.ratis.util.LogUtils$1.run(LogUtils.java:91)
	at java.util.concurrent.Executors$RunnableAdapter.call(Executors.java:511)
	at java.util.concurrent.FutureTask.run(FutureTask.java:266)
	at java.util.concurrent.ScheduledThreadPoolExecutor$ScheduledFutureTask.access$201(ScheduledThreadPoolExecutor.java:180)
	at java.util.concurrent.ScheduledThreadPoolExecutor$ScheduledFutureTask.run(ScheduledThreadPoolExecutor.java:293)
	at java.util.concurrent.ThreadPoolExecutor.runWorker(ThreadPoolExecutor.java:1149)
	at java.util.concurrent.ThreadPoolExecutor$Worker.run(ThreadPoolExecutor.java:624)
	at java.lang.Thread.run(Thread.java:748)

Jul 30, 2019 3:11:23 PM org.apache.ratis.thirdparty.io.grpc.internal.ManagedChannelOrphanWrapper$ManagedChannelReference cleanQueue
SEVERE: *~*~*~ Channel ManagedChannelImpl{logId=3338, target=192.168.5.170:46473} was not shutdown properly!!! ~*~*~*
    Make sure to call shutdown()/shutdownNow() and wait until awaitTermination() returns true.
java.lang.RuntimeException: ManagedChannel allocation site
	at org.apache.ratis.thirdparty.io.grpc.internal.ManagedChannelOrphanWrapper$ManagedChannelReference.<init>(ManagedChannelOrphanWrapper.java:103)
	at org.apache.ratis.thirdparty.io.grpc.internal.ManagedChannelOrphanWrapper.<init>(ManagedChannelOrphanWrapper.java:53)
	at org.apache.ratis.thirdparty.io.grpc.internal.ManagedChannelOrphanWrapper.<init>(ManagedChannelOrphanWrapper.java:44)
	at org.apache.ratis.thirdparty.io.grpc.internal.AbstractManagedChannelImplBuilder.build(AbstractManagedChannelImplBuilder.java:411)
	at org.apache.ratis.grpc.client.GrpcClientProtocolClient.<init>(GrpcClientProtocolClient.java:119)
	at org.apache.ratis.grpc.client.GrpcClientRpc.lambda$new$0(GrpcClientRpc.java:55)
	at org.apache.ratis.util.PeerProxyMap$PeerAndProxy.lambda$getProxy$0(PeerProxyMap.java:61)
	at org.apache.ratis.util.LifeCycle.startAndTransition(LifeCycle.java:202)
	at org.apache.ratis.util.PeerProxyMap$PeerAndProxy.getProxy(PeerProxyMap.java:60)
	at org.apache.ratis.util.PeerProxyMap.getProxy(PeerProxyMap.java:107)
	at org.apache.ratis.grpc.client.GrpcClientRpc.sendRequestAsync(GrpcClientRpc.java:66)
	at org.apache.ratis.client.impl.OrderedAsync.sendRequest(OrderedAsync.java:208)
	at org.apache.ratis.client.impl.OrderedAsync.sendRequestWithRetry(OrderedAsync.java:169)
	at org.apache.ratis.util.SlidingWindow$Client.sendOrDelayRequest(SlidingWindow.java:278)
	at org.apache.ratis.util.SlidingWindow$Client.retry(SlidingWindow.java:294)
	at org.apache.ratis.client.impl.OrderedAsync.lambda$scheduleWithTimeout$7(OrderedAsync.java:195)
	at org.apache.ratis.util.TimeoutScheduler.lambda$onTimeout$0(TimeoutScheduler.java:85)
	at org.apache.ratis.util.TimeoutScheduler.lambda$onTimeout$1(TimeoutScheduler.java:104)
	at org.apache.ratis.util.LogUtils.runAndLog(LogUtils.java:50)
	at org.apache.ratis.util.LogUtils$1.run(LogUtils.java:91)
	at java.util.concurrent.Executors$RunnableAdapter.call(Executors.java:511)
	at java.util.concurrent.FutureTask.run(FutureTask.java:266)
	at java.util.concurrent.ScheduledThreadPoolExecutor$ScheduledFutureTask.access$201(ScheduledThreadPoolExecutor.java:180)
	at java.util.concurrent.ScheduledThreadPoolExecutor$ScheduledFutureTask.run(ScheduledThreadPoolExecutor.java:293)
	at java.util.concurrent.ThreadPoolExecutor.runWorker(ThreadPoolExecutor.java:1149)
	at java.util.concurrent.ThreadPoolExecutor$Worker.run(ThreadPoolExecutor.java:624)
	at java.lang.Thread.run(Thread.java:748)

]]></system-err>
  </testcase>
  <testcase name="testExceptionDuringClose" classname="org.apache.hadoop.ozone.client.rpc.TestBlockOutputStreamWithFailures" time="34.257"/>
</testsuite>