<?xml version="1.0" encoding="UTF-8"?>
<testsuite xmlns:xsi="http://www.w3.org/2001/XMLSchema-instance" xsi:noNamespaceSchemaLocation="https://maven.apache.org/surefire/maven-surefire-plugin/xsd/surefire-test-report.xsd" name="org.apache.hadoop.ozone.client.rpc.TestBlockOutputStreamWithFailures" time="711.106" tests="8" errors="0" skipped="0" failures="1">
  <properties>
    <property name="awt.toolkit" value="sun.awt.X11.XToolkit"/>
    <property name="file.encoding.pkg" value="sun.io"/>
    <property name="java.specification.version" value="1.8"/>
    <property name="sun.cpu.isalist" value=""/>
    <property name="sun.jnu.encoding" value="UTF-8"/>
    <property name="java.class.path" value="/workdir/hadoop-ozone/integration-test/target/test-classes:/workdir/hadoop-ozone/integration-test/target/classes:/home/user/.m2/repository/org/apache/hadoop/hadoop-ozone-common/0.5.0-SNAPSHOT/hadoop-ozone-common-0.5.0-SNAPSHOT.jar:/home/user/.m2/repository/org/apache/commons/commons-compress/1.4.1/commons-compress-1.4.1.jar:/home/user/.m2/repository/org/tukaani/xz/1.0/xz-1.0.jar:/home/user/.m2/repository/org/apache/hadoop/hadoop-common/3.2.0/hadoop-common-3.2.0.jar:/home/user/.m2/repository/org/apache/hadoop/hadoop-hdfs/3.2.0/hadoop-hdfs-3.2.0.jar:/home/user/.m2/repository/org/apache/hadoop/hadoop-hdfs-client/3.2.0/hadoop-hdfs-client-3.2.0.jar:/home/user/.m2/repository/com/fasterxml/jackson/core/jackson-annotations/2.9.5/jackson-annotations-2.9.5.jar:/home/user/.m2/repository/org/apache/hadoop/hadoop-hdds-common/0.5.0-SNAPSHOT/hadoop-hdds-common-0.5.0-SNAPSHOT.jar:/home/user/.m2/repository/javax/annotation/javax.annotation-api/1.2/javax.annotation-api-1.2.jar:/home/user/.m2/repository/org/apache/ratis/ratis-server/0.4.0-2337318-SNAPSHOT/ratis-server-0.4.0-2337318-SNAPSHOT.jar:/home/user/.m2/repository/org/apache/ratis/ratis-thirdparty-misc/0.2.0/ratis-thirdparty-misc-0.2.0.jar:/home/user/.m2/repository/org/apache/ratis/ratis-proto/0.4.0-2337318-SNAPSHOT/ratis-proto-0.4.0-2337318-SNAPSHOT.jar:/home/user/.m2/repository/org/apache/ratis/ratis-common/0.4.0-2337318-SNAPSHOT/ratis-common-0.4.0-2337318-SNAPSHOT.jar:/home/user/.m2/repository/org/apache/ratis/ratis-client/0.4.0-2337318-SNAPSHOT/ratis-client-0.4.0-2337318-SNAPSHOT.jar:/home/user/.m2/repository/org/apache/ratis/ratis-metrics/0.4.0-2337318-SNAPSHOT/ratis-metrics-0.4.0-2337318-SNAPSHOT.jar:/home/user/.m2/repository/org/apache/ratis/ratis-netty/0.4.0-2337318-SNAPSHOT/ratis-netty-0.4.0-2337318-SNAPSHOT.jar:/home/user/.m2/repository/org/apache/ratis/ratis-grpc/0.4.0-2337318-SNAPSHOT/ratis-grpc-0.4.0-2337318-SNAPSHOT.jar:/home/user/.m2/repository/org/rocksdb/rocksdbjni/6.0.1/rocksdbjni-6.0.1.jar:/home/user/.m2/repository/org/apache/logging/log4j/log4j-api/2.11.0/log4j-api-2.11.0.jar:/home/user/.m2/repository/org/apache/logging/log4j/log4j-core/2.11.0/log4j-core-2.11.0.jar:/home/user/.m2/repository/com/lmax/disruptor/3.4.2/disruptor-3.4.2.jar:/home/user/.m2/repository/org/apache/commons/commons-pool2/2.6.0/commons-pool2-2.6.0.jar:/home/user/.m2/repository/org/bouncycastle/bcpkix-jdk15on/1.60/bcpkix-jdk15on-1.60.jar:/home/user/.m2/repository/commons-validator/commons-validator/1.6/commons-validator-1.6.jar:/home/user/.m2/repository/commons-digester/commons-digester/1.8.1/commons-digester-1.8.1.jar:/home/user/.m2/repository/io/jaegertracing/jaeger-client/0.33.1/jaeger-client-0.33.1.jar:/home/user/.m2/repository/io/jaegertracing/jaeger-thrift/0.33.1/jaeger-thrift-0.33.1.jar:/home/user/.m2/repository/org/apache/thrift/libthrift/0.11.0/libthrift-0.11.0.jar:/home/user/.m2/repository/com/squareup/okhttp3/okhttp/3.9.0/okhttp-3.9.0.jar:/home/user/.m2/repository/com/squareup/okio/okio/1.13.0/okio-1.13.0.jar:/home/user/.m2/repository/io/jaegertracing/jaeger-core/0.33.1/jaeger-core-0.33.1.jar:/home/user/.m2/repository/io/jaegertracing/jaeger-tracerresolver/0.33.1/jaeger-tracerresolver-0.33.1.jar:/home/user/.m2/repository/io/opentracing/contrib/opentracing-tracerresolver/0.1.5/opentracing-tracerresolver-0.1.5.jar:/home/user/.m2/repository/io/opentracing/opentracing-util/0.31.0/opentracing-util-0.31.0.jar:/home/user/.m2/repository/io/opentracing/opentracing-api/0.31.0/opentracing-api-0.31.0.jar:/home/user/.m2/repository/io/opentracing/opentracing-noop/0.31.0/opentracing-noop-0.31.0.jar:/home/user/.m2/repository/org/apache/hadoop/hadoop-hdds-server-framework/0.5.0-SNAPSHOT/hadoop-hdds-server-framework-0.5.0-SNAPSHOT.jar:/home/user/.m2/repository/org/apache/hadoop/hadoop-hdds-container-service/0.5.0-SNAPSHOT/hadoop-hdds-container-service-0.5.0-SNAPSHOT.jar:/home/user/.m2/repository/org/apache/hadoop/hadoop-hdds-client/0.5.0-SNAPSHOT/hadoop-hdds-client-0.5.0-SNAPSHOT.jar:/home/user/.m2/repository/org/apache/hadoop/hadoop-hdds-tools/0.5.0-SNAPSHOT/hadoop-hdds-tools-0.5.0-SNAPSHOT.jar:/home/user/.m2/repository/org/apache/hadoop/hadoop-hdds-server-scm/0.5.0-SNAPSHOT/hadoop-hdds-server-scm-0.5.0-SNAPSHOT.jar:/home/user/.m2/repository/org/apache/hadoop/hadoop-hdds-docs/0.5.0-SNAPSHOT/hadoop-hdds-docs-0.5.0-SNAPSHOT.jar:/home/user/.m2/repository/io/dropwizard/metrics/metrics-core/3.2.4/metrics-core-3.2.4.jar:/home/user/.m2/repository/org/hamcrest/hamcrest-all/1.3/hamcrest-all-1.3.jar:/home/user/.m2/repository/org/bouncycastle/bcprov-jdk15on/1.60/bcprov-jdk15on-1.60.jar:/home/user/.m2/repository/info/picocli/picocli/3.9.6/picocli-3.9.6.jar:/home/user/.m2/repository/com/google/protobuf/protobuf-java/2.5.0/protobuf-java-2.5.0.jar:/home/user/.m2/repository/com/google/guava/guava/11.0.2/guava-11.0.2.jar:/home/user/.m2/repository/org/apache/hadoop/hadoop-ozone-ozone-manager/0.5.0-SNAPSHOT/hadoop-ozone-ozone-manager-0.5.0-SNAPSHOT.jar:/home/user/.m2/repository/org/apache/hadoop/hadoop-minikdc/3.2.0/hadoop-minikdc-3.2.0.jar:/home/user/.m2/repository/commons-io/commons-io/2.5/commons-io-2.5.jar:/home/user/.m2/repository/org/apache/kerby/kerb-simplekdc/1.0.1/kerb-simplekdc-1.0.1.jar:/home/user/.m2/repository/org/apache/kerby/kerb-client/1.0.1/kerb-client-1.0.1.jar:/home/user/.m2/repository/org/apache/kerby/kerby-config/1.0.1/kerby-config-1.0.1.jar:/home/user/.m2/repository/org/apache/kerby/kerb-core/1.0.1/kerb-core-1.0.1.jar:/home/user/.m2/repository/org/apache/kerby/kerby-pkix/1.0.1/kerby-pkix-1.0.1.jar:/home/user/.m2/repository/org/apache/kerby/kerby-asn1/1.0.1/kerby-asn1-1.0.1.jar:/home/user/.m2/repository/org/apache/kerby/kerby-util/1.0.1/kerby-util-1.0.1.jar:/home/user/.m2/repository/org/apache/kerby/kerb-common/1.0.1/kerb-common-1.0.1.jar:/home/user/.m2/repository/org/apache/kerby/kerb-crypto/1.0.1/kerb-crypto-1.0.1.jar:/home/user/.m2/repository/org/apache/kerby/kerb-util/1.0.1/kerb-util-1.0.1.jar:/home/user/.m2/repository/org/apache/kerby/token-provider/1.0.1/token-provider-1.0.1.jar:/home/user/.m2/repository/org/apache/kerby/kerb-admin/1.0.1/kerb-admin-1.0.1.jar:/home/user/.m2/repository/org/apache/kerby/kerb-server/1.0.1/kerb-server-1.0.1.jar:/home/user/.m2/repository/org/apache/kerby/kerb-identity/1.0.1/kerb-identity-1.0.1.jar:/home/user/.m2/repository/org/apache/kerby/kerby-xdr/1.0.1/kerby-xdr-1.0.1.jar:/home/user/.m2/repository/org/slf4j/slf4j-log4j12/1.7.25/slf4j-log4j12-1.7.25.jar:/home/user/.m2/repository/org/apache/hadoop/hadoop-ozone-objectstore-service/0.5.0-SNAPSHOT/hadoop-ozone-objectstore-service-0.5.0-SNAPSHOT.jar:/home/user/.m2/repository/org/apache/hadoop/hadoop-ozone-s3gateway/0.5.0-SNAPSHOT/hadoop-ozone-s3gateway-0.5.0-SNAPSHOT.jar:/home/user/.m2/repository/org/jboss/weld/servlet/weld-servlet/2.4.7.Final/weld-servlet-2.4.7.Final.jar:/home/user/.m2/repository/org/glassfish/jersey/containers/jersey-container-servlet-core/2.27/jersey-container-servlet-core-2.27.jar:/home/user/.m2/repository/org/glassfish/hk2/external/javax.inject/2.5.0-b42/javax.inject-2.5.0-b42.jar:/home/user/.m2/repository/org/glassfish/jersey/core/jersey-common/2.27/jersey-common-2.27.jar:/home/user/.m2/repository/org/glassfish/hk2/osgi-resource-locator/1.0.1/osgi-resource-locator-1.0.1.jar:/home/user/.m2/repository/javax/ws/rs/javax.ws.rs-api/2.1/javax.ws.rs-api-2.1.jar:/home/user/.m2/repository/org/glassfish/jersey/ext/cdi/jersey-cdi1x/2.27/jersey-cdi1x-2.27.jar:/home/user/.m2/repository/org/glassfish/jersey/inject/jersey-hk2/2.27/jersey-hk2-2.27.jar:/home/user/.m2/repository/org/glassfish/hk2/hk2-locator/2.5.0-b42/hk2-locator-2.5.0-b42.jar:/home/user/.m2/repository/org/javassist/javassist/3.22.0-CR2/javassist-3.22.0-CR2.jar:/home/user/.m2/repository/org/glassfish/hk2/hk2-api/2.5.0/hk2-api-2.5.0.jar:/home/user/.m2/repository/org/glassfish/hk2/external/jakarta.inject/2.5.0/jakarta.inject-2.5.0.jar:/home/user/.m2/repository/org/glassfish/hk2/hk2-utils/2.5.0/hk2-utils-2.5.0.jar:/home/user/.m2/repository/jakarta/annotation/jakarta.annotation-api/1.3.4/jakarta.annotation-api-1.3.4.jar:/home/user/.m2/repository/org/glassfish/hk2/external/aopalliance-repackaged/2.5.0/aopalliance-repackaged-2.5.0.jar:/home/user/.m2/repository/com/fasterxml/jackson/dataformat/jackson-dataformat-xml/2.9.0/jackson-dataformat-xml-2.9.0.jar:/home/user/.m2/repository/com/fasterxml/jackson/core/jackson-core/2.9.5/jackson-core-2.9.5.jar:/home/user/.m2/repository/com/fasterxml/jackson/module/jackson-module-jaxb-annotations/2.9.5/jackson-module-jaxb-annotations-2.9.5.jar:/home/user/.m2/repository/javax/enterprise/cdi-api/1.2/cdi-api-1.2.jar:/home/user/.m2/repository/javax/el/javax.el-api/3.0.0/javax.el-api-3.0.0.jar:/home/user/.m2/repository/javax/interceptor/javax.interceptor-api/1.2/javax.interceptor-api-1.2.jar:/home/user/.m2/repository/javax/inject/javax.inject/1/javax.inject-1.jar:/home/user/.m2/repository/com/sun/xml/bind/jaxb-impl/2.3.0.1/jaxb-impl-2.3.0.1.jar:/home/user/.m2/repository/com/sun/xml/bind/jaxb-core/2.3.0.1/jaxb-core-2.3.0.1.jar:/home/user/.m2/repository/javax/xml/bind/jaxb-api/2.3.0/jaxb-api-2.3.0.jar:/home/user/.m2/repository/javax/activation/activation/1.1.1/activation-1.1.1.jar:/home/user/.m2/repository/org/apache/hadoop/hadoop-ozone-csi/0.5.0-SNAPSHOT/hadoop-ozone-csi-0.5.0-SNAPSHOT.jar:/home/user/.m2/repository/com/google/protobuf/protobuf-java-util/3.5.1/protobuf-java-util-3.5.1.jar:/home/user/.m2/repository/org/apache/hadoop/hadoop-hdds-config/0.5.0-SNAPSHOT/hadoop-hdds-config-0.5.0-SNAPSHOT.jar:/home/user/.m2/repository/io/grpc/grpc-netty/1.17.1/grpc-netty-1.17.1.jar:/home/user/.m2/repository/io/grpc/grpc-core/1.17.1/grpc-core-1.17.1.jar:/home/user/.m2/repository/io/grpc/grpc-context/1.17.1/grpc-context-1.17.1.jar:/home/user/.m2/repository/com/google/errorprone/error_prone_annotations/2.2.0/error_prone_annotations-2.2.0.jar:/home/user/.m2/repository/org/codehaus/mojo/animal-sniffer-annotations/1.17/animal-sniffer-annotations-1.17.jar:/home/user/.m2/repository/io/opencensus/opencensus-api/0.17.0/opencensus-api-0.17.0.jar:/home/user/.m2/repository/io/opencensus/opencensus-contrib-grpc-metrics/0.17.0/opencensus-contrib-grpc-metrics-0.17.0.jar:/home/user/.m2/repository/io/netty/netty-codec-http2/4.1.30.Final/netty-codec-http2-4.1.30.Final.jar:/home/user/.m2/repository/io/netty/netty-codec-http/4.1.30.Final/netty-codec-http-4.1.30.Final.jar:/home/user/.m2/repository/io/netty/netty-codec/4.1.30.Final/netty-codec-4.1.30.Final.jar:/home/user/.m2/repository/io/netty/netty-handler/4.1.30.Final/netty-handler-4.1.30.Final.jar:/home/user/.m2/repository/io/netty/netty-handler-proxy/4.1.30.Final/netty-handler-proxy-4.1.30.Final.jar:/home/user/.m2/repository/io/netty/netty-codec-socks/4.1.30.Final/netty-codec-socks-4.1.30.Final.jar:/home/user/.m2/repository/io/netty/netty-transport-native-epoll/4.1.30.Final/netty-transport-native-epoll-4.1.30.Final.jar:/home/user/.m2/repository/io/netty/netty-common/4.1.30.Final/netty-common-4.1.30.Final.jar:/home/user/.m2/repository/io/netty/netty-buffer/4.1.30.Final/netty-buffer-4.1.30.Final.jar:/home/user/.m2/repository/io/netty/netty-transport/4.1.30.Final/netty-transport-4.1.30.Final.jar:/home/user/.m2/repository/io/netty/netty-resolver/4.1.30.Final/netty-resolver-4.1.30.Final.jar:/home/user/.m2/repository/io/netty/netty-transport-native-unix-common/4.1.30.Final/netty-transport-native-unix-common-4.1.30.Final.jar:/home/user/.m2/repository/io/grpc/grpc-protobuf/1.17.1/grpc-protobuf-1.17.1.jar:/home/user/.m2/repository/com/google/api/grpc/proto-google-common-protos/1.0.0/proto-google-common-protos-1.0.0.jar:/home/user/.m2/repository/io/grpc/grpc-protobuf-lite/1.17.1/grpc-protobuf-lite-1.17.1.jar:/home/user/.m2/repository/io/grpc/grpc-stub/1.17.1/grpc-stub-1.17.1.jar:/home/user/.m2/repository/org/apache/hadoop/hadoop-ozone-recon/0.5.0-SNAPSHOT/hadoop-ozone-recon-0.5.0-SNAPSHOT.jar:/home/user/.m2/repository/org/apache/hadoop/hadoop-ozone-reconcodegen/0.5.0-SNAPSHOT/hadoop-ozone-reconcodegen-0.5.0-SNAPSHOT.jar:/home/user/.m2/repository/com/google/inject/extensions/guice-multibindings/4.0/guice-multibindings-4.0.jar:/home/user/.m2/repository/com/google/inject/guice/4.0/guice-4.0.jar:/home/user/.m2/repository/aopalliance/aopalliance/1.0/aopalliance-1.0.jar:/home/user/.m2/repository/com/google/inject/extensions/guice-servlet/4.0/guice-servlet-4.0.jar:/home/user/.m2/repository/org/glassfish/jersey/containers/jersey-container-servlet/2.27/jersey-container-servlet-2.27.jar:/home/user/.m2/repository/org/glassfish/hk2/guice-bridge/2.5.0/guice-bridge-2.5.0.jar:/home/user/.m2/repository/org/glassfish/jersey/core/jersey-server/2.27/jersey-server-2.27.jar:/home/user/.m2/repository/org/glassfish/jersey/core/jersey-client/2.27/jersey-client-2.27.jar:/home/user/.m2/repository/org/glassfish/jersey/media/jersey-media-jaxb/2.27/jersey-media-jaxb-2.27.jar:/home/user/.m2/repository/javax/validation/validation-api/1.1.0.Final/validation-api-1.1.0.Final.jar:/home/user/.m2/repository/org/glassfish/jersey/media/jersey-media-json-jackson/2.27/jersey-media-json-jackson-2.27.jar:/home/user/.m2/repository/org/glassfish/jersey/ext/jersey-entity-filtering/2.27/jersey-entity-filtering-2.27.jar:/home/user/.m2/repository/com/google/inject/extensions/guice-assistedinject/4.0/guice-assistedinject-4.0.jar:/home/user/.m2/repository/org/jooq/jooq/3.11.10/jooq-3.11.10.jar:/home/user/.m2/repository/org/jooq/jooq-meta/3.11.10/jooq-meta-3.11.10.jar:/home/user/.m2/repository/org/jooq/jooq-codegen/3.11.10/jooq-codegen-3.11.10.jar:/home/user/.m2/repository/com/jolbox/bonecp/0.8.0.RELEASE/bonecp-0.8.0.RELEASE.jar:/home/user/.m2/repository/org/xerial/sqlite-jdbc/3.25.2/sqlite-jdbc-3.25.2.jar:/home/user/.m2/repository/org/springframework/spring-jdbc/5.1.3.RELEASE/spring-jdbc-5.1.3.RELEASE.jar:/home/user/.m2/repository/org/springframework/spring-beans/5.1.3.RELEASE/spring-beans-5.1.3.RELEASE.jar:/home/user/.m2/repository/org/springframework/spring-core/5.1.3.RELEASE/spring-core-5.1.3.RELEASE.jar:/home/user/.m2/repository/org/springframework/spring-jcl/5.1.3.RELEASE/spring-jcl-5.1.3.RELEASE.jar:/home/user/.m2/repository/org/springframework/spring-tx/5.1.3.RELEASE/spring-tx-5.1.3.RELEASE.jar:/home/user/.m2/repository/org/apache/hadoop/hadoop-ozone-client/0.5.0-SNAPSHOT/hadoop-ozone-client-0.5.0-SNAPSHOT.jar:/home/user/.m2/repository/commons-lang/commons-lang/2.6/commons-lang-2.6.jar:/home/user/.m2/repository/org/apache/hadoop/hadoop-ozone-ozone-manager/0.5.0-SNAPSHOT/hadoop-ozone-ozone-manager-0.5.0-SNAPSHOT-tests.jar:/home/user/.m2/repository/junit/junit/4.11/junit-4.11.jar:/home/user/.m2/repository/org/hamcrest/hamcrest-core/1.3/hamcrest-core-1.3.jar:/home/user/.m2/repository/org/openjdk/jmh/jmh-core/1.19/jmh-core-1.19.jar:/home/user/.m2/repository/net/sf/jopt-simple/jopt-simple/4.6/jopt-simple-4.6.jar:/home/user/.m2/repository/org/apache/commons/commons-math3/3.1.1/commons-math3-3.1.1.jar:/home/user/.m2/repository/org/openjdk/jmh/jmh-generator-annprocess/1.19/jmh-generator-annprocess-1.19.jar:/home/user/.m2/repository/org/mockito/mockito-all/1.8.5/mockito-all-1.8.5.jar:/home/user/.m2/repository/org/apache/hadoop/hadoop-kms/3.2.0/hadoop-kms-3.2.0.jar:/home/user/.m2/repository/org/apache/hadoop/hadoop-auth/3.2.0/hadoop-auth-3.2.0.jar:/home/user/.m2/repository/com/nimbusds/nimbus-jose-jwt/4.41.1/nimbus-jose-jwt-4.41.1.jar:/home/user/.m2/repository/com/github/stephenc/jcip/jcip-annotations/1.0-1/jcip-annotations-1.0-1.jar:/home/user/.m2/repository/net/minidev/json-smart/2.3/json-smart-2.3.jar:/home/user/.m2/repository/net/minidev/accessors-smart/1.2/accessors-smart-1.2.jar:/home/user/.m2/repository/org/ow2/asm/asm/5.0.4/asm-5.0.4.jar:/home/user/.m2/repository/org/apache/curator/curator-framework/2.12.0/curator-framework-2.12.0.jar:/home/user/.m2/repository/com/sun/jersey/jersey-core/1.19/jersey-core-1.19.jar:/home/user/.m2/repository/javax/ws/rs/jsr311-api/1.1.1/jsr311-api-1.1.1.jar:/home/user/.m2/repository/com/sun/jersey/jersey-server/1.19/jersey-server-1.19.jar:/home/user/.m2/repository/javax/servlet/javax.servlet-api/3.1.0/javax.servlet-api-3.1.0.jar:/home/user/.m2/repository/org/eclipse/jetty/jetty-server/9.3.24.v20180605/jetty-server-9.3.24.v20180605.jar:/home/user/.m2/repository/org/eclipse/jetty/jetty-http/9.3.24.v20180605/jetty-http-9.3.24.v20180605.jar:/home/user/.m2/repository/org/eclipse/jetty/jetty-io/9.3.24.v20180605/jetty-io-9.3.24.v20180605.jar:/home/user/.m2/repository/org/eclipse/jetty/jetty-webapp/9.3.24.v20180605/jetty-webapp-9.3.24.v20180605.jar:/home/user/.m2/repository/org/eclipse/jetty/jetty-xml/9.3.24.v20180605/jetty-xml-9.3.24.v20180605.jar:/home/user/.m2/repository/log4j/log4j/1.2.17/log4j-1.2.17.jar:/home/user/.m2/repository/org/slf4j/slf4j-api/1.7.25/slf4j-api-1.7.25.jar:/home/user/.m2/repository/org/slf4j/jul-to-slf4j/1.7.25/jul-to-slf4j-1.7.25.jar:/home/user/.m2/repository/org/eclipse/jetty/jetty-util/9.3.24.v20180605/jetty-util-9.3.24.v20180605.jar:/home/user/.m2/repository/com/fasterxml/jackson/core/jackson-databind/2.9.5/jackson-databind-2.9.5.jar:/home/user/.m2/repository/org/apache/hadoop/hadoop-kms/3.2.0/hadoop-kms-3.2.0-tests.jar:/home/user/.m2/repository/org/apache/hadoop/hadoop-hdds-server-scm/0.5.0-SNAPSHOT/hadoop-hdds-server-scm-0.5.0-SNAPSHOT-tests.jar:/home/user/.m2/repository/org/apache/hadoop/hadoop-hdds-container-service/0.5.0-SNAPSHOT/hadoop-hdds-container-service-0.5.0-SNAPSHOT-tests.jar:/home/user/.m2/repository/org/yaml/snakeyaml/1.16/snakeyaml-1.16.jar:/home/user/.m2/repository/org/apache/hadoop/hadoop-common/3.2.0/hadoop-common-3.2.0-tests.jar:/home/user/.m2/repository/org/apache/hadoop/hadoop-annotations/3.2.0/hadoop-annotations-3.2.0.jar:/usr/lib/jvm/java-1.8-openjdk/jre/../lib/tools.jar:/home/user/.m2/repository/commons-cli/commons-cli/1.2/commons-cli-1.2.jar:/home/user/.m2/repository/org/apache/httpcomponents/httpclient/4.5.2/httpclient-4.5.2.jar:/home/user/.m2/repository/org/apache/httpcomponents/httpcore/4.4.4/httpcore-4.4.4.jar:/home/user/.m2/repository/commons-codec/commons-codec/1.11/commons-codec-1.11.jar:/home/user/.m2/repository/commons-net/commons-net/3.6/commons-net-3.6.jar:/home/user/.m2/repository/commons-collections/commons-collections/3.2.2/commons-collections-3.2.2.jar:/home/user/.m2/repository/org/eclipse/jetty/jetty-servlet/9.3.24.v20180605/jetty-servlet-9.3.24.v20180605.jar:/home/user/.m2/repository/org/eclipse/jetty/jetty-security/9.3.24.v20180605/jetty-security-9.3.24.v20180605.jar:/home/user/.m2/repository/javax/servlet/jsp/jsp-api/2.1/jsp-api-2.1.jar:/home/user/.m2/repository/com/sun/jersey/jersey-servlet/1.19/jersey-servlet-1.19.jar:/home/user/.m2/repository/com/sun/jersey/jersey-json/1.19/jersey-json-1.19.jar:/home/user/.m2/repository/org/codehaus/jettison/jettison/1.1/jettison-1.1.jar:/home/user/.m2/repository/org/codehaus/jackson/jackson-core-asl/1.9.13/jackson-core-asl-1.9.13.jar:/home/user/.m2/repository/org/codehaus/jackson/jackson-mapper-asl/1.9.13/jackson-mapper-asl-1.9.13.jar:/home/user/.m2/repository/org/codehaus/jackson/jackson-jaxrs/1.9.13/jackson-jaxrs-1.9.13.jar:/home/user/.m2/repository/org/codehaus/jackson/jackson-xc/1.9.13/jackson-xc-1.9.13.jar:/home/user/.m2/repository/commons-logging/commons-logging/1.1.3/commons-logging-1.1.3.jar:/home/user/.m2/repository/commons-beanutils/commons-beanutils/1.9.3/commons-beanutils-1.9.3.jar:/home/user/.m2/repository/org/apache/commons/commons-configuration2/2.1.1/commons-configuration2-2.1.1.jar:/home/user/.m2/repository/org/apache/commons/commons-lang3/3.7/commons-lang3-3.7.jar:/home/user/.m2/repository/org/apache/commons/commons-text/1.4/commons-text-1.4.jar:/home/user/.m2/repository/org/apache/avro/avro/1.7.7/avro-1.7.7.jar:/home/user/.m2/repository/com/thoughtworks/paranamer/paranamer/2.3/paranamer-2.3.jar:/home/user/.m2/repository/org/xerial/snappy/snappy-java/1.0.5/snappy-java-1.0.5.jar:/home/user/.m2/repository/com/google/re2j/re2j/1.1/re2j-1.1.jar:/home/user/.m2/repository/com/google/code/gson/gson/2.2.4/gson-2.2.4.jar:/home/user/.m2/repository/com/jcraft/jsch/0.1.54/jsch-0.1.54.jar:/home/user/.m2/repository/org/apache/curator/curator-client/2.12.0/curator-client-2.12.0.jar:/home/user/.m2/repository/org/apache/curator/curator-recipes/2.12.0/curator-recipes-2.12.0.jar:/home/user/.m2/repository/com/google/code/findbugs/jsr305/3.0.0/jsr305-3.0.0.jar:/home/user/.m2/repository/org/apache/htrace/htrace-core4/4.1.0-incubating/htrace-core4-4.1.0-incubating.jar:/home/user/.m2/repository/org/apache/zookeeper/zookeeper/3.4.13/zookeeper-3.4.13.jar:/home/user/.m2/repository/org/apache/yetus/audience-annotations/0.5.0/audience-annotations-0.5.0.jar:/home/user/.m2/repository/org/codehaus/woodstox/stax2-api/3.1.4/stax2-api-3.1.4.jar:/home/user/.m2/repository/com/fasterxml/woodstox/woodstox-core/5.0.3/woodstox-core-5.0.3.jar:/home/user/.m2/repository/dnsjava/dnsjava/2.1.7/dnsjava-2.1.7.jar:/home/user/.m2/repository/org/apache/hadoop/hadoop-hdfs/3.2.0/hadoop-hdfs-3.2.0-tests.jar:/home/user/.m2/repository/org/eclipse/jetty/jetty-util-ajax/9.3.24.v20180605/jetty-util-ajax-9.3.24.v20180605.jar:/home/user/.m2/repository/commons-daemon/commons-daemon/1.0.13/commons-daemon-1.0.13.jar:/home/user/.m2/repository/io/netty/netty/3.10.5.Final/netty-3.10.5.Final.jar:/home/user/.m2/repository/io/netty/netty-all/4.0.52.Final/netty-all-4.0.52.Final.jar:/home/user/.m2/repository/org/fusesource/leveldbjni/leveldbjni-all/1.8/leveldbjni-all-1.8.jar:"/>
    <property name="java.vm.vendor" value="IcedTea"/>
    <property name="sun.arch.data.model" value="64"/>
    <property name="test.build.dir" value="/workdir/hadoop-ozone/integration-test/target/test-dir"/>
    <property name="test.cache.data" value=""/>
    <property name="java.vendor.url" value="https://icedtea.classpath.org"/>
    <property name="user.timezone" value=""/>
    <property name="java.vm.specification.version" value="1.8"/>
    <property name="os.name" value="Linux"/>
    <property name="test.build.data" value="/workdir/hadoop-ozone/integration-test/target/test-dir"/>
    <property name="user.country" value="US"/>
    <property name="sun.java.launcher" value="SUN_STANDARD"/>
    <property name="sun.boot.library.path" value="/usr/lib/jvm/java-1.8-openjdk/jre/lib/amd64"/>
    <property name="sun.java.command" value="/workdir/hadoop-ozone/integration-test/target/surefire/surefirebooter4380930400480203425.jar /workdir/hadoop-ozone/integration-test/target/surefire 2019-08-29T09-37-00_511-jvmRun1 surefire7461014812668738559tmp surefire_167825439055790610897tmp"/>
    <property name="test" value="!TestMiniChaosOzoneCluster"/>
    <property name="surefire.test.class.path" value="/workdir/hadoop-ozone/integration-test/target/test-classes:/workdir/hadoop-ozone/integration-test/target/classes:/home/user/.m2/repository/org/apache/hadoop/hadoop-ozone-common/0.5.0-SNAPSHOT/hadoop-ozone-common-0.5.0-SNAPSHOT.jar:/home/user/.m2/repository/org/apache/commons/commons-compress/1.4.1/commons-compress-1.4.1.jar:/home/user/.m2/repository/org/tukaani/xz/1.0/xz-1.0.jar:/home/user/.m2/repository/org/apache/hadoop/hadoop-common/3.2.0/hadoop-common-3.2.0.jar:/home/user/.m2/repository/org/apache/hadoop/hadoop-hdfs/3.2.0/hadoop-hdfs-3.2.0.jar:/home/user/.m2/repository/org/apache/hadoop/hadoop-hdfs-client/3.2.0/hadoop-hdfs-client-3.2.0.jar:/home/user/.m2/repository/com/fasterxml/jackson/core/jackson-annotations/2.9.5/jackson-annotations-2.9.5.jar:/home/user/.m2/repository/org/apache/hadoop/hadoop-hdds-common/0.5.0-SNAPSHOT/hadoop-hdds-common-0.5.0-SNAPSHOT.jar:/home/user/.m2/repository/javax/annotation/javax.annotation-api/1.2/javax.annotation-api-1.2.jar:/home/user/.m2/repository/org/apache/ratis/ratis-server/0.4.0-2337318-SNAPSHOT/ratis-server-0.4.0-2337318-SNAPSHOT.jar:/home/user/.m2/repository/org/apache/ratis/ratis-thirdparty-misc/0.2.0/ratis-thirdparty-misc-0.2.0.jar:/home/user/.m2/repository/org/apache/ratis/ratis-proto/0.4.0-2337318-SNAPSHOT/ratis-proto-0.4.0-2337318-SNAPSHOT.jar:/home/user/.m2/repository/org/apache/ratis/ratis-common/0.4.0-2337318-SNAPSHOT/ratis-common-0.4.0-2337318-SNAPSHOT.jar:/home/user/.m2/repository/org/apache/ratis/ratis-client/0.4.0-2337318-SNAPSHOT/ratis-client-0.4.0-2337318-SNAPSHOT.jar:/home/user/.m2/repository/org/apache/ratis/ratis-metrics/0.4.0-2337318-SNAPSHOT/ratis-metrics-0.4.0-2337318-SNAPSHOT.jar:/home/user/.m2/repository/org/apache/ratis/ratis-netty/0.4.0-2337318-SNAPSHOT/ratis-netty-0.4.0-2337318-SNAPSHOT.jar:/home/user/.m2/repository/org/apache/ratis/ratis-grpc/0.4.0-2337318-SNAPSHOT/ratis-grpc-0.4.0-2337318-SNAPSHOT.jar:/home/user/.m2/repository/org/rocksdb/rocksdbjni/6.0.1/rocksdbjni-6.0.1.jar:/home/user/.m2/repository/org/apache/logging/log4j/log4j-api/2.11.0/log4j-api-2.11.0.jar:/home/user/.m2/repository/org/apache/logging/log4j/log4j-core/2.11.0/log4j-core-2.11.0.jar:/home/user/.m2/repository/com/lmax/disruptor/3.4.2/disruptor-3.4.2.jar:/home/user/.m2/repository/org/apache/commons/commons-pool2/2.6.0/commons-pool2-2.6.0.jar:/home/user/.m2/repository/org/bouncycastle/bcpkix-jdk15on/1.60/bcpkix-jdk15on-1.60.jar:/home/user/.m2/repository/commons-validator/commons-validator/1.6/commons-validator-1.6.jar:/home/user/.m2/repository/commons-digester/commons-digester/1.8.1/commons-digester-1.8.1.jar:/home/user/.m2/repository/io/jaegertracing/jaeger-client/0.33.1/jaeger-client-0.33.1.jar:/home/user/.m2/repository/io/jaegertracing/jaeger-thrift/0.33.1/jaeger-thrift-0.33.1.jar:/home/user/.m2/repository/org/apache/thrift/libthrift/0.11.0/libthrift-0.11.0.jar:/home/user/.m2/repository/com/squareup/okhttp3/okhttp/3.9.0/okhttp-3.9.0.jar:/home/user/.m2/repository/com/squareup/okio/okio/1.13.0/okio-1.13.0.jar:/home/user/.m2/repository/io/jaegertracing/jaeger-core/0.33.1/jaeger-core-0.33.1.jar:/home/user/.m2/repository/io/jaegertracing/jaeger-tracerresolver/0.33.1/jaeger-tracerresolver-0.33.1.jar:/home/user/.m2/repository/io/opentracing/contrib/opentracing-tracerresolver/0.1.5/opentracing-tracerresolver-0.1.5.jar:/home/user/.m2/repository/io/opentracing/opentracing-util/0.31.0/opentracing-util-0.31.0.jar:/home/user/.m2/repository/io/opentracing/opentracing-api/0.31.0/opentracing-api-0.31.0.jar:/home/user/.m2/repository/io/opentracing/opentracing-noop/0.31.0/opentracing-noop-0.31.0.jar:/home/user/.m2/repository/org/apache/hadoop/hadoop-hdds-server-framework/0.5.0-SNAPSHOT/hadoop-hdds-server-framework-0.5.0-SNAPSHOT.jar:/home/user/.m2/repository/org/apache/hadoop/hadoop-hdds-container-service/0.5.0-SNAPSHOT/hadoop-hdds-container-service-0.5.0-SNAPSHOT.jar:/home/user/.m2/repository/org/apache/hadoop/hadoop-hdds-client/0.5.0-SNAPSHOT/hadoop-hdds-client-0.5.0-SNAPSHOT.jar:/home/user/.m2/repository/org/apache/hadoop/hadoop-hdds-tools/0.5.0-SNAPSHOT/hadoop-hdds-tools-0.5.0-SNAPSHOT.jar:/home/user/.m2/repository/org/apache/hadoop/hadoop-hdds-server-scm/0.5.0-SNAPSHOT/hadoop-hdds-server-scm-0.5.0-SNAPSHOT.jar:/home/user/.m2/repository/org/apache/hadoop/hadoop-hdds-docs/0.5.0-SNAPSHOT/hadoop-hdds-docs-0.5.0-SNAPSHOT.jar:/home/user/.m2/repository/io/dropwizard/metrics/metrics-core/3.2.4/metrics-core-3.2.4.jar:/home/user/.m2/repository/org/hamcrest/hamcrest-all/1.3/hamcrest-all-1.3.jar:/home/user/.m2/repository/org/bouncycastle/bcprov-jdk15on/1.60/bcprov-jdk15on-1.60.jar:/home/user/.m2/repository/info/picocli/picocli/3.9.6/picocli-3.9.6.jar:/home/user/.m2/repository/com/google/protobuf/protobuf-java/2.5.0/protobuf-java-2.5.0.jar:/home/user/.m2/repository/com/google/guava/guava/11.0.2/guava-11.0.2.jar:/home/user/.m2/repository/org/apache/hadoop/hadoop-ozone-ozone-manager/0.5.0-SNAPSHOT/hadoop-ozone-ozone-manager-0.5.0-SNAPSHOT.jar:/home/user/.m2/repository/org/apache/hadoop/hadoop-minikdc/3.2.0/hadoop-minikdc-3.2.0.jar:/home/user/.m2/repository/commons-io/commons-io/2.5/commons-io-2.5.jar:/home/user/.m2/repository/org/apache/kerby/kerb-simplekdc/1.0.1/kerb-simplekdc-1.0.1.jar:/home/user/.m2/repository/org/apache/kerby/kerb-client/1.0.1/kerb-client-1.0.1.jar:/home/user/.m2/repository/org/apache/kerby/kerby-config/1.0.1/kerby-config-1.0.1.jar:/home/user/.m2/repository/org/apache/kerby/kerb-core/1.0.1/kerb-core-1.0.1.jar:/home/user/.m2/repository/org/apache/kerby/kerby-pkix/1.0.1/kerby-pkix-1.0.1.jar:/home/user/.m2/repository/org/apache/kerby/kerby-asn1/1.0.1/kerby-asn1-1.0.1.jar:/home/user/.m2/repository/org/apache/kerby/kerby-util/1.0.1/kerby-util-1.0.1.jar:/home/user/.m2/repository/org/apache/kerby/kerb-common/1.0.1/kerb-common-1.0.1.jar:/home/user/.m2/repository/org/apache/kerby/kerb-crypto/1.0.1/kerb-crypto-1.0.1.jar:/home/user/.m2/repository/org/apache/kerby/kerb-util/1.0.1/kerb-util-1.0.1.jar:/home/user/.m2/repository/org/apache/kerby/token-provider/1.0.1/token-provider-1.0.1.jar:/home/user/.m2/repository/org/apache/kerby/kerb-admin/1.0.1/kerb-admin-1.0.1.jar:/home/user/.m2/repository/org/apache/kerby/kerb-server/1.0.1/kerb-server-1.0.1.jar:/home/user/.m2/repository/org/apache/kerby/kerb-identity/1.0.1/kerb-identity-1.0.1.jar:/home/user/.m2/repository/org/apache/kerby/kerby-xdr/1.0.1/kerby-xdr-1.0.1.jar:/home/user/.m2/repository/org/slf4j/slf4j-log4j12/1.7.25/slf4j-log4j12-1.7.25.jar:/home/user/.m2/repository/org/apache/hadoop/hadoop-ozone-objectstore-service/0.5.0-SNAPSHOT/hadoop-ozone-objectstore-service-0.5.0-SNAPSHOT.jar:/home/user/.m2/repository/org/apache/hadoop/hadoop-ozone-s3gateway/0.5.0-SNAPSHOT/hadoop-ozone-s3gateway-0.5.0-SNAPSHOT.jar:/home/user/.m2/repository/org/jboss/weld/servlet/weld-servlet/2.4.7.Final/weld-servlet-2.4.7.Final.jar:/home/user/.m2/repository/org/glassfish/jersey/containers/jersey-container-servlet-core/2.27/jersey-container-servlet-core-2.27.jar:/home/user/.m2/repository/org/glassfish/hk2/external/javax.inject/2.5.0-b42/javax.inject-2.5.0-b42.jar:/home/user/.m2/repository/org/glassfish/jersey/core/jersey-common/2.27/jersey-common-2.27.jar:/home/user/.m2/repository/org/glassfish/hk2/osgi-resource-locator/1.0.1/osgi-resource-locator-1.0.1.jar:/home/user/.m2/repository/javax/ws/rs/javax.ws.rs-api/2.1/javax.ws.rs-api-2.1.jar:/home/user/.m2/repository/org/glassfish/jersey/ext/cdi/jersey-cdi1x/2.27/jersey-cdi1x-2.27.jar:/home/user/.m2/repository/org/glassfish/jersey/inject/jersey-hk2/2.27/jersey-hk2-2.27.jar:/home/user/.m2/repository/org/glassfish/hk2/hk2-locator/2.5.0-b42/hk2-locator-2.5.0-b42.jar:/home/user/.m2/repository/org/javassist/javassist/3.22.0-CR2/javassist-3.22.0-CR2.jar:/home/user/.m2/repository/org/glassfish/hk2/hk2-api/2.5.0/hk2-api-2.5.0.jar:/home/user/.m2/repository/org/glassfish/hk2/external/jakarta.inject/2.5.0/jakarta.inject-2.5.0.jar:/home/user/.m2/repository/org/glassfish/hk2/hk2-utils/2.5.0/hk2-utils-2.5.0.jar:/home/user/.m2/repository/jakarta/annotation/jakarta.annotation-api/1.3.4/jakarta.annotation-api-1.3.4.jar:/home/user/.m2/repository/org/glassfish/hk2/external/aopalliance-repackaged/2.5.0/aopalliance-repackaged-2.5.0.jar:/home/user/.m2/repository/com/fasterxml/jackson/dataformat/jackson-dataformat-xml/2.9.0/jackson-dataformat-xml-2.9.0.jar:/home/user/.m2/repository/com/fasterxml/jackson/core/jackson-core/2.9.5/jackson-core-2.9.5.jar:/home/user/.m2/repository/com/fasterxml/jackson/module/jackson-module-jaxb-annotations/2.9.5/jackson-module-jaxb-annotations-2.9.5.jar:/home/user/.m2/repository/javax/enterprise/cdi-api/1.2/cdi-api-1.2.jar:/home/user/.m2/repository/javax/el/javax.el-api/3.0.0/javax.el-api-3.0.0.jar:/home/user/.m2/repository/javax/interceptor/javax.interceptor-api/1.2/javax.interceptor-api-1.2.jar:/home/user/.m2/repository/javax/inject/javax.inject/1/javax.inject-1.jar:/home/user/.m2/repository/com/sun/xml/bind/jaxb-impl/2.3.0.1/jaxb-impl-2.3.0.1.jar:/home/user/.m2/repository/com/sun/xml/bind/jaxb-core/2.3.0.1/jaxb-core-2.3.0.1.jar:/home/user/.m2/repository/javax/xml/bind/jaxb-api/2.3.0/jaxb-api-2.3.0.jar:/home/user/.m2/repository/javax/activation/activation/1.1.1/activation-1.1.1.jar:/home/user/.m2/repository/org/apache/hadoop/hadoop-ozone-csi/0.5.0-SNAPSHOT/hadoop-ozone-csi-0.5.0-SNAPSHOT.jar:/home/user/.m2/repository/com/google/protobuf/protobuf-java-util/3.5.1/protobuf-java-util-3.5.1.jar:/home/user/.m2/repository/org/apache/hadoop/hadoop-hdds-config/0.5.0-SNAPSHOT/hadoop-hdds-config-0.5.0-SNAPSHOT.jar:/home/user/.m2/repository/io/grpc/grpc-netty/1.17.1/grpc-netty-1.17.1.jar:/home/user/.m2/repository/io/grpc/grpc-core/1.17.1/grpc-core-1.17.1.jar:/home/user/.m2/repository/io/grpc/grpc-context/1.17.1/grpc-context-1.17.1.jar:/home/user/.m2/repository/com/google/errorprone/error_prone_annotations/2.2.0/error_prone_annotations-2.2.0.jar:/home/user/.m2/repository/org/codehaus/mojo/animal-sniffer-annotations/1.17/animal-sniffer-annotations-1.17.jar:/home/user/.m2/repository/io/opencensus/opencensus-api/0.17.0/opencensus-api-0.17.0.jar:/home/user/.m2/repository/io/opencensus/opencensus-contrib-grpc-metrics/0.17.0/opencensus-contrib-grpc-metrics-0.17.0.jar:/home/user/.m2/repository/io/netty/netty-codec-http2/4.1.30.Final/netty-codec-http2-4.1.30.Final.jar:/home/user/.m2/repository/io/netty/netty-codec-http/4.1.30.Final/netty-codec-http-4.1.30.Final.jar:/home/user/.m2/repository/io/netty/netty-codec/4.1.30.Final/netty-codec-4.1.30.Final.jar:/home/user/.m2/repository/io/netty/netty-handler/4.1.30.Final/netty-handler-4.1.30.Final.jar:/home/user/.m2/repository/io/netty/netty-handler-proxy/4.1.30.Final/netty-handler-proxy-4.1.30.Final.jar:/home/user/.m2/repository/io/netty/netty-codec-socks/4.1.30.Final/netty-codec-socks-4.1.30.Final.jar:/home/user/.m2/repository/io/netty/netty-transport-native-epoll/4.1.30.Final/netty-transport-native-epoll-4.1.30.Final.jar:/home/user/.m2/repository/io/netty/netty-common/4.1.30.Final/netty-common-4.1.30.Final.jar:/home/user/.m2/repository/io/netty/netty-buffer/4.1.30.Final/netty-buffer-4.1.30.Final.jar:/home/user/.m2/repository/io/netty/netty-transport/4.1.30.Final/netty-transport-4.1.30.Final.jar:/home/user/.m2/repository/io/netty/netty-resolver/4.1.30.Final/netty-resolver-4.1.30.Final.jar:/home/user/.m2/repository/io/netty/netty-transport-native-unix-common/4.1.30.Final/netty-transport-native-unix-common-4.1.30.Final.jar:/home/user/.m2/repository/io/grpc/grpc-protobuf/1.17.1/grpc-protobuf-1.17.1.jar:/home/user/.m2/repository/com/google/api/grpc/proto-google-common-protos/1.0.0/proto-google-common-protos-1.0.0.jar:/home/user/.m2/repository/io/grpc/grpc-protobuf-lite/1.17.1/grpc-protobuf-lite-1.17.1.jar:/home/user/.m2/repository/io/grpc/grpc-stub/1.17.1/grpc-stub-1.17.1.jar:/home/user/.m2/repository/org/apache/hadoop/hadoop-ozone-recon/0.5.0-SNAPSHOT/hadoop-ozone-recon-0.5.0-SNAPSHOT.jar:/home/user/.m2/repository/org/apache/hadoop/hadoop-ozone-reconcodegen/0.5.0-SNAPSHOT/hadoop-ozone-reconcodegen-0.5.0-SNAPSHOT.jar:/home/user/.m2/repository/com/google/inject/extensions/guice-multibindings/4.0/guice-multibindings-4.0.jar:/home/user/.m2/repository/com/google/inject/guice/4.0/guice-4.0.jar:/home/user/.m2/repository/aopalliance/aopalliance/1.0/aopalliance-1.0.jar:/home/user/.m2/repository/com/google/inject/extensions/guice-servlet/4.0/guice-servlet-4.0.jar:/home/user/.m2/repository/org/glassfish/jersey/containers/jersey-container-servlet/2.27/jersey-container-servlet-2.27.jar:/home/user/.m2/repository/org/glassfish/hk2/guice-bridge/2.5.0/guice-bridge-2.5.0.jar:/home/user/.m2/repository/org/glassfish/jersey/core/jersey-server/2.27/jersey-server-2.27.jar:/home/user/.m2/repository/org/glassfish/jersey/core/jersey-client/2.27/jersey-client-2.27.jar:/home/user/.m2/repository/org/glassfish/jersey/media/jersey-media-jaxb/2.27/jersey-media-jaxb-2.27.jar:/home/user/.m2/repository/javax/validation/validation-api/1.1.0.Final/validation-api-1.1.0.Final.jar:/home/user/.m2/repository/org/glassfish/jersey/media/jersey-media-json-jackson/2.27/jersey-media-json-jackson-2.27.jar:/home/user/.m2/repository/org/glassfish/jersey/ext/jersey-entity-filtering/2.27/jersey-entity-filtering-2.27.jar:/home/user/.m2/repository/com/google/inject/extensions/guice-assistedinject/4.0/guice-assistedinject-4.0.jar:/home/user/.m2/repository/org/jooq/jooq/3.11.10/jooq-3.11.10.jar:/home/user/.m2/repository/org/jooq/jooq-meta/3.11.10/jooq-meta-3.11.10.jar:/home/user/.m2/repository/org/jooq/jooq-codegen/3.11.10/jooq-codegen-3.11.10.jar:/home/user/.m2/repository/com/jolbox/bonecp/0.8.0.RELEASE/bonecp-0.8.0.RELEASE.jar:/home/user/.m2/repository/org/xerial/sqlite-jdbc/3.25.2/sqlite-jdbc-3.25.2.jar:/home/user/.m2/repository/org/springframework/spring-jdbc/5.1.3.RELEASE/spring-jdbc-5.1.3.RELEASE.jar:/home/user/.m2/repository/org/springframework/spring-beans/5.1.3.RELEASE/spring-beans-5.1.3.RELEASE.jar:/home/user/.m2/repository/org/springframework/spring-core/5.1.3.RELEASE/spring-core-5.1.3.RELEASE.jar:/home/user/.m2/repository/org/springframework/spring-jcl/5.1.3.RELEASE/spring-jcl-5.1.3.RELEASE.jar:/home/user/.m2/repository/org/springframework/spring-tx/5.1.3.RELEASE/spring-tx-5.1.3.RELEASE.jar:/home/user/.m2/repository/org/apache/hadoop/hadoop-ozone-client/0.5.0-SNAPSHOT/hadoop-ozone-client-0.5.0-SNAPSHOT.jar:/home/user/.m2/repository/commons-lang/commons-lang/2.6/commons-lang-2.6.jar:/home/user/.m2/repository/org/apache/hadoop/hadoop-ozone-ozone-manager/0.5.0-SNAPSHOT/hadoop-ozone-ozone-manager-0.5.0-SNAPSHOT-tests.jar:/home/user/.m2/repository/junit/junit/4.11/junit-4.11.jar:/home/user/.m2/repository/org/hamcrest/hamcrest-core/1.3/hamcrest-core-1.3.jar:/home/user/.m2/repository/org/openjdk/jmh/jmh-core/1.19/jmh-core-1.19.jar:/home/user/.m2/repository/net/sf/jopt-simple/jopt-simple/4.6/jopt-simple-4.6.jar:/home/user/.m2/repository/org/apache/commons/commons-math3/3.1.1/commons-math3-3.1.1.jar:/home/user/.m2/repository/org/openjdk/jmh/jmh-generator-annprocess/1.19/jmh-generator-annprocess-1.19.jar:/home/user/.m2/repository/org/mockito/mockito-all/1.8.5/mockito-all-1.8.5.jar:/home/user/.m2/repository/org/apache/hadoop/hadoop-kms/3.2.0/hadoop-kms-3.2.0.jar:/home/user/.m2/repository/org/apache/hadoop/hadoop-auth/3.2.0/hadoop-auth-3.2.0.jar:/home/user/.m2/repository/com/nimbusds/nimbus-jose-jwt/4.41.1/nimbus-jose-jwt-4.41.1.jar:/home/user/.m2/repository/com/github/stephenc/jcip/jcip-annotations/1.0-1/jcip-annotations-1.0-1.jar:/home/user/.m2/repository/net/minidev/json-smart/2.3/json-smart-2.3.jar:/home/user/.m2/repository/net/minidev/accessors-smart/1.2/accessors-smart-1.2.jar:/home/user/.m2/repository/org/ow2/asm/asm/5.0.4/asm-5.0.4.jar:/home/user/.m2/repository/org/apache/curator/curator-framework/2.12.0/curator-framework-2.12.0.jar:/home/user/.m2/repository/com/sun/jersey/jersey-core/1.19/jersey-core-1.19.jar:/home/user/.m2/repository/javax/ws/rs/jsr311-api/1.1.1/jsr311-api-1.1.1.jar:/home/user/.m2/repository/com/sun/jersey/jersey-server/1.19/jersey-server-1.19.jar:/home/user/.m2/repository/javax/servlet/javax.servlet-api/3.1.0/javax.servlet-api-3.1.0.jar:/home/user/.m2/repository/org/eclipse/jetty/jetty-server/9.3.24.v20180605/jetty-server-9.3.24.v20180605.jar:/home/user/.m2/repository/org/eclipse/jetty/jetty-http/9.3.24.v20180605/jetty-http-9.3.24.v20180605.jar:/home/user/.m2/repository/org/eclipse/jetty/jetty-io/9.3.24.v20180605/jetty-io-9.3.24.v20180605.jar:/home/user/.m2/repository/org/eclipse/jetty/jetty-webapp/9.3.24.v20180605/jetty-webapp-9.3.24.v20180605.jar:/home/user/.m2/repository/org/eclipse/jetty/jetty-xml/9.3.24.v20180605/jetty-xml-9.3.24.v20180605.jar:/home/user/.m2/repository/log4j/log4j/1.2.17/log4j-1.2.17.jar:/home/user/.m2/repository/org/slf4j/slf4j-api/1.7.25/slf4j-api-1.7.25.jar:/home/user/.m2/repository/org/slf4j/jul-to-slf4j/1.7.25/jul-to-slf4j-1.7.25.jar:/home/user/.m2/repository/org/eclipse/jetty/jetty-util/9.3.24.v20180605/jetty-util-9.3.24.v20180605.jar:/home/user/.m2/repository/com/fasterxml/jackson/core/jackson-databind/2.9.5/jackson-databind-2.9.5.jar:/home/user/.m2/repository/org/apache/hadoop/hadoop-kms/3.2.0/hadoop-kms-3.2.0-tests.jar:/home/user/.m2/repository/org/apache/hadoop/hadoop-hdds-server-scm/0.5.0-SNAPSHOT/hadoop-hdds-server-scm-0.5.0-SNAPSHOT-tests.jar:/home/user/.m2/repository/org/apache/hadoop/hadoop-hdds-container-service/0.5.0-SNAPSHOT/hadoop-hdds-container-service-0.5.0-SNAPSHOT-tests.jar:/home/user/.m2/repository/org/yaml/snakeyaml/1.16/snakeyaml-1.16.jar:/home/user/.m2/repository/org/apache/hadoop/hadoop-common/3.2.0/hadoop-common-3.2.0-tests.jar:/home/user/.m2/repository/org/apache/hadoop/hadoop-annotations/3.2.0/hadoop-annotations-3.2.0.jar:/usr/lib/jvm/java-1.8-openjdk/jre/../lib/tools.jar:/home/user/.m2/repository/commons-cli/commons-cli/1.2/commons-cli-1.2.jar:/home/user/.m2/repository/org/apache/httpcomponents/httpclient/4.5.2/httpclient-4.5.2.jar:/home/user/.m2/repository/org/apache/httpcomponents/httpcore/4.4.4/httpcore-4.4.4.jar:/home/user/.m2/repository/commons-codec/commons-codec/1.11/commons-codec-1.11.jar:/home/user/.m2/repository/commons-net/commons-net/3.6/commons-net-3.6.jar:/home/user/.m2/repository/commons-collections/commons-collections/3.2.2/commons-collections-3.2.2.jar:/home/user/.m2/repository/org/eclipse/jetty/jetty-servlet/9.3.24.v20180605/jetty-servlet-9.3.24.v20180605.jar:/home/user/.m2/repository/org/eclipse/jetty/jetty-security/9.3.24.v20180605/jetty-security-9.3.24.v20180605.jar:/home/user/.m2/repository/javax/servlet/jsp/jsp-api/2.1/jsp-api-2.1.jar:/home/user/.m2/repository/com/sun/jersey/jersey-servlet/1.19/jersey-servlet-1.19.jar:/home/user/.m2/repository/com/sun/jersey/jersey-json/1.19/jersey-json-1.19.jar:/home/user/.m2/repository/org/codehaus/jettison/jettison/1.1/jettison-1.1.jar:/home/user/.m2/repository/org/codehaus/jackson/jackson-core-asl/1.9.13/jackson-core-asl-1.9.13.jar:/home/user/.m2/repository/org/codehaus/jackson/jackson-mapper-asl/1.9.13/jackson-mapper-asl-1.9.13.jar:/home/user/.m2/repository/org/codehaus/jackson/jackson-jaxrs/1.9.13/jackson-jaxrs-1.9.13.jar:/home/user/.m2/repository/org/codehaus/jackson/jackson-xc/1.9.13/jackson-xc-1.9.13.jar:/home/user/.m2/repository/commons-logging/commons-logging/1.1.3/commons-logging-1.1.3.jar:/home/user/.m2/repository/commons-beanutils/commons-beanutils/1.9.3/commons-beanutils-1.9.3.jar:/home/user/.m2/repository/org/apache/commons/commons-configuration2/2.1.1/commons-configuration2-2.1.1.jar:/home/user/.m2/repository/org/apache/commons/commons-lang3/3.7/commons-lang3-3.7.jar:/home/user/.m2/repository/org/apache/commons/commons-text/1.4/commons-text-1.4.jar:/home/user/.m2/repository/org/apache/avro/avro/1.7.7/avro-1.7.7.jar:/home/user/.m2/repository/com/thoughtworks/paranamer/paranamer/2.3/paranamer-2.3.jar:/home/user/.m2/repository/org/xerial/snappy/snappy-java/1.0.5/snappy-java-1.0.5.jar:/home/user/.m2/repository/com/google/re2j/re2j/1.1/re2j-1.1.jar:/home/user/.m2/repository/com/google/code/gson/gson/2.2.4/gson-2.2.4.jar:/home/user/.m2/repository/com/jcraft/jsch/0.1.54/jsch-0.1.54.jar:/home/user/.m2/repository/org/apache/curator/curator-client/2.12.0/curator-client-2.12.0.jar:/home/user/.m2/repository/org/apache/curator/curator-recipes/2.12.0/curator-recipes-2.12.0.jar:/home/user/.m2/repository/com/google/code/findbugs/jsr305/3.0.0/jsr305-3.0.0.jar:/home/user/.m2/repository/org/apache/htrace/htrace-core4/4.1.0-incubating/htrace-core4-4.1.0-incubating.jar:/home/user/.m2/repository/org/apache/zookeeper/zookeeper/3.4.13/zookeeper-3.4.13.jar:/home/user/.m2/repository/org/apache/yetus/audience-annotations/0.5.0/audience-annotations-0.5.0.jar:/home/user/.m2/repository/org/codehaus/woodstox/stax2-api/3.1.4/stax2-api-3.1.4.jar:/home/user/.m2/repository/com/fasterxml/woodstox/woodstox-core/5.0.3/woodstox-core-5.0.3.jar:/home/user/.m2/repository/dnsjava/dnsjava/2.1.7/dnsjava-2.1.7.jar:/home/user/.m2/repository/org/apache/hadoop/hadoop-hdfs/3.2.0/hadoop-hdfs-3.2.0-tests.jar:/home/user/.m2/repository/org/eclipse/jetty/jetty-util-ajax/9.3.24.v20180605/jetty-util-ajax-9.3.24.v20180605.jar:/home/user/.m2/repository/commons-daemon/commons-daemon/1.0.13/commons-daemon-1.0.13.jar:/home/user/.m2/repository/io/netty/netty/3.10.5.Final/netty-3.10.5.Final.jar:/home/user/.m2/repository/io/netty/netty-all/4.0.52.Final/netty-all-4.0.52.Final.jar:/home/user/.m2/repository/org/fusesource/leveldbjni/leveldbjni-all/1.8/leveldbjni-all-1.8.jar:"/>
    <property name="sun.cpu.endian" value="little"/>
    <property name="user.home" value="/home/user"/>
    <property name="user.language" value="en"/>
    <property name="java.specification.vendor" value="Oracle Corporation"/>
    <property name="java.home" value="/usr/lib/jvm/java-1.8-openjdk/jre"/>
    <property name="java.security.krb5.conf" value="/workdir/hadoop-ozone/integration-test/target/test-classes/krb5.conf"/>
    <property name="basedir" value="/workdir/hadoop-ozone/integration-test"/>
    <property name="file.separator" value="/"/>
    <property name="line.separator" value="&#10;"/>
    <property name="java.vm.specification.vendor" value="Oracle Corporation"/>
    <property name="java.specification.name" value="Java Platform API Specification"/>
    <property name="java.awt.graphicsenv" value="sun.awt.X11GraphicsEnvironment"/>
    <property name="surefire.real.class.path" value="/workdir/hadoop-ozone/integration-test/target/surefire/surefirebooter4380930400480203425.jar"/>
    <property name="hadoop.log.dir" value="/workdir/hadoop-ozone/integration-test/target/log"/>
    <property name="sun.boot.class.path" value="/usr/lib/jvm/java-1.8-openjdk/jre/lib/resources.jar:/usr/lib/jvm/java-1.8-openjdk/jre/lib/rt.jar:/usr/lib/jvm/java-1.8-openjdk/jre/lib/sunrsasign.jar:/usr/lib/jvm/java-1.8-openjdk/jre/lib/jsse.jar:/usr/lib/jvm/java-1.8-openjdk/jre/lib/jce.jar:/usr/lib/jvm/java-1.8-openjdk/jre/lib/charsets.jar:/usr/lib/jvm/java-1.8-openjdk/jre/lib/jfr.jar:/usr/lib/jvm/java-1.8-openjdk/jre/classes"/>
    <property name="sun.management.compiler" value="HotSpot 64-Bit Tiered Compilers"/>
    <property name="java.runtime.version" value="1.8.0_212-b04"/>
    <property name="java.net.preferIPv4Stack" value="true"/>
    <property name="user.name" value="jenkins1000"/>
    <property name="path.separator" value=":"/>
    <property name="java.security.egd" value="file:///dev/urandom"/>
    <property name="os.version" value="3.10.0-957.12.2.el7.x86_64"/>
    <property name="java.endorsed.dirs" value="/usr/lib/jvm/java-1.8-openjdk/jre/lib/endorsed"/>
    <property name="java.runtime.name" value="OpenJDK Runtime Environment"/>
    <property name="file.encoding" value="UTF-8"/>
    <property name="java.vm.name" value="OpenJDK 64-Bit Server VM"/>
    <property name="test.build.webapps" value=""/>
    <property name="localRepository" value="/home/user/.m2/repository"/>
    <property name="java.vendor.url.bug" value="https://icedtea.classpath.org/bugzilla"/>
    <property name="java.io.tmpdir" value="/tmp"/>
    <property name="require.test.libhadoop" value=""/>
    <property name="java.version" value="1.8.0_212"/>
    <property name="user.dir" value="/workdir/hadoop-ozone/integration-test"/>
    <property name="os.arch" value="amd64"/>
    <property name="java.vm.specification.name" value="Java Virtual Machine Specification"/>
    <property name="test.build.classes" value="/workdir/hadoop-ozone/integration-test/target/test-classes"/>
    <property name="java.awt.printerjob" value="sun.print.PSPrinterJob"/>
    <property name="sun.os.patch.level" value="unknown"/>
    <property name="hadoop.tmp.dir" value="/workdir/hadoop-ozone/integration-test/target/tmp"/>
    <property name="java.library.path" value="/usr/lib/jvm/java-1.8-openjdk/jre/lib/amd64/server:/usr/lib/jvm/java-1.8-openjdk/jre/lib/amd64:/usr/lib/jvm/java-1.8-openjdk/jre/../lib/amd64:/workdir/hadoop-ozone/integration-test/target/native/target/usr/local/lib:/workdir/hadoop-ozone/integration-test/../../hadoop-common-project/hadoop-common/target/native/target/usr/local/lib:/usr/java/packages/lib/amd64:/usr/lib64:/lib64:/lib:/usr/lib"/>
    <property name="java.vm.info" value="mixed mode"/>
    <property name="java.vendor" value="IcedTea"/>
    <property name="java.vm.version" value="25.212-b04"/>
    <property name="java.ext.dirs" value="/usr/lib/jvm/java-1.8-openjdk/jre/lib/ext:/usr/java/packages/lib/ext"/>
    <property name="sun.io.unicode.encoding" value="UnicodeLittle"/>
    <property name="java.class.version" value="52.0"/>
  </properties>
  <testcase name="test2DatanodesFailure" classname="org.apache.hadoop.ozone.client.rpc.TestBlockOutputStreamWithFailures" time="52.095"/>
  <testcase name="testDatanodeFailureWithPreAllocation" classname="org.apache.hadoop.ozone.client.rpc.TestBlockOutputStreamWithFailures" time="226.295"/>
  <testcase name="testDatanodeFailureWithSingleNodeRatis" classname="org.apache.hadoop.ozone.client.rpc.TestBlockOutputStreamWithFailures" time="225.773"/>
  <testcase name="testWatchForCommitWithSingleNodeRatis" classname="org.apache.hadoop.ozone.client.rpc.TestBlockOutputStreamWithFailures" time="34.059"/>
  <testcase name="testWatchForCommitDatanodeFailure" classname="org.apache.hadoop.ozone.client.rpc.TestBlockOutputStreamWithFailures" time="42.099"/>
  <testcase name="testFailureWithPrimeSizedData" classname="org.apache.hadoop.ozone.client.rpc.TestBlockOutputStreamWithFailures" time="39.071"/>
  <testcase name="testWatchForCommitWithCloseContainerException" classname="org.apache.hadoop.ozone.client.rpc.TestBlockOutputStreamWithFailures" time="48.528"/>
  <testcase name="testExceptionDuringClose" classname="org.apache.hadoop.ozone.client.rpc.TestBlockOutputStreamWithFailures" time="42.914">
    <failure message="expected:&lt;92&gt; but was:&lt;94&gt;" type="java.lang.AssertionError"><![CDATA[java.lang.AssertionError: expected:<92> but was:<94>
	at org.junit.Assert.fail(Assert.java:88)
	at org.junit.Assert.failNotEquals(Assert.java:743)
	at org.junit.Assert.assertEquals(Assert.java:118)
	at org.junit.Assert.assertEquals(Assert.java:555)
	at org.junit.Assert.assertEquals(Assert.java:542)
	at org.apache.hadoop.ozone.client.rpc.TestBlockOutputStreamWithFailures.testExceptionDuringClose(TestBlockOutputStreamWithFailures.java:769)
	at sun.reflect.NativeMethodAccessorImpl.invoke0(Native Method)
	at sun.reflect.NativeMethodAccessorImpl.invoke(NativeMethodAccessorImpl.java:62)
	at sun.reflect.DelegatingMethodAccessorImpl.invoke(DelegatingMethodAccessorImpl.java:43)
	at java.lang.reflect.Method.invoke(Method.java:498)
	at org.junit.runners.model.FrameworkMethod$1.runReflectiveCall(FrameworkMethod.java:47)
	at org.junit.internal.runners.model.ReflectiveCallable.run(ReflectiveCallable.java:12)
	at org.junit.runners.model.FrameworkMethod.invokeExplosively(FrameworkMethod.java:44)
	at org.junit.internal.runners.statements.InvokeMethod.evaluate(InvokeMethod.java:17)
	at org.junit.internal.runners.statements.RunBefores.evaluate(RunBefores.java:26)
	at org.junit.internal.runners.statements.RunAfters.evaluate(RunAfters.java:27)
	at org.junit.runners.ParentRunner.runLeaf(ParentRunner.java:271)
	at org.junit.runners.BlockJUnit4ClassRunner.runChild(BlockJUnit4ClassRunner.java:70)
	at org.junit.runners.BlockJUnit4ClassRunner.runChild(BlockJUnit4ClassRunner.java:50)
	at org.junit.runners.ParentRunner$3.run(ParentRunner.java:238)
	at org.junit.runners.ParentRunner$1.schedule(ParentRunner.java:63)
	at org.junit.runners.ParentRunner.runChildren(ParentRunner.java:236)
	at org.junit.runners.ParentRunner.access$000(ParentRunner.java:53)
	at org.junit.runners.ParentRunner$2.evaluate(ParentRunner.java:229)
	at org.junit.runners.ParentRunner.run(ParentRunner.java:309)
	at org.apache.maven.surefire.junit4.JUnit4Provider.execute(JUnit4Provider.java:365)
	at org.apache.maven.surefire.junit4.JUnit4Provider.executeWithRerun(JUnit4Provider.java:273)
	at org.apache.maven.surefire.junit4.JUnit4Provider.executeTestSet(JUnit4Provider.java:238)
	at org.apache.maven.surefire.junit4.JUnit4Provider.invoke(JUnit4Provider.java:159)
	at org.apache.maven.surefire.booter.ForkedBooter.invokeProviderInSameClassLoader(ForkedBooter.java:384)
	at org.apache.maven.surefire.booter.ForkedBooter.runSuitesInProcess(ForkedBooter.java:345)
	at org.apache.maven.surefire.booter.ForkedBooter.execute(ForkedBooter.java:126)
	at org.apache.maven.surefire.booter.ForkedBooter.main(ForkedBooter.java:418)
]]></failure>
    <system-out><![CDATA[2019-08-29 10:00:38,177 [main] WARN  server.ServerUtils (ServerUtils.java:getScmDbDir(145)) - ozone.scm.db.dirs is not configured. We recommend adding this setting. Falling back to ozone.metadata.dirs instead.
2019-08-29 10:00:38,221 [main] WARN  server.ServerUtils (ServerUtils.java:getScmDbDir(145)) - ozone.scm.db.dirs is not configured. We recommend adding this setting. Falling back to ozone.metadata.dirs instead.
2019-08-29 10:00:38,222 [main] WARN  server.ServerUtils (ServerUtils.java:getScmDbDir(145)) - ozone.scm.db.dirs is not configured. We recommend adding this setting. Falling back to ozone.metadata.dirs instead.
2019-08-29 10:00:38,222 [main] INFO  db.DBStoreBuilder (DBStoreBuilder.java:addTable(110)) - using custom profile for table: deletedBlocks
2019-08-29 10:00:38,222 [main] INFO  db.DBStoreBuilder (DBStoreBuilder.java:processTables(161)) - Using default column profile:DBProfile.DISK for Table:deletedBlocks
2019-08-29 10:00:38,223 [main] INFO  db.DBStoreBuilder (DBStoreBuilder.java:addTable(110)) - using custom profile for table: validCerts
2019-08-29 10:00:38,223 [main] INFO  db.DBStoreBuilder (DBStoreBuilder.java:processTables(161)) - Using default column profile:DBProfile.DISK for Table:validCerts
2019-08-29 10:00:38,223 [main] INFO  db.DBStoreBuilder (DBStoreBuilder.java:addTable(110)) - using custom profile for table: revokedCerts
2019-08-29 10:00:38,223 [main] INFO  db.DBStoreBuilder (DBStoreBuilder.java:processTables(161)) - Using default column profile:DBProfile.DISK for Table:revokedCerts
2019-08-29 10:00:38,224 [main] INFO  db.DBStoreBuilder (DBStoreBuilder.java:addTable(110)) - using custom profile for table: default
2019-08-29 10:00:38,224 [main] INFO  db.DBStoreBuilder (DBStoreBuilder.java:processTables(167)) - Using default column profile:DBProfile.DISK for Table:default
2019-08-29 10:00:38,224 [main] INFO  db.DBStoreBuilder (DBStoreBuilder.java:getDbProfile(198)) - Using default options. DBProfile.DISK
2019-08-29 10:00:38,466 [main] INFO  net.NodeSchemaLoader (NodeSchemaLoader.java:loadSchemaFromFile(125)) - Loading file from sun.misc.CompoundEnumeration@7aaaca20
2019-08-29 10:00:38,466 [main] INFO  net.NodeSchemaLoader (NodeSchemaLoader.java:loadSchema(171)) - Loading network topology layer schema file
2019-08-29 10:00:38,470 [main] INFO  node.SCMNodeManager (SCMNodeManager.java:<init>(121)) - Entering startup safe mode.
2019-08-29 10:00:38,470 [main] INFO  algorithms.ContainerPlacementPolicyFactory (ContainerPlacementPolicyFactory.java:getPolicy(55)) - Create container placement policy of type org.apache.hadoop.hdds.scm.container.placement.algorithms.SCMContainerPlacementRandom
2019-08-29 10:00:38,470 [main] WARN  server.ServerUtils (ServerUtils.java:getScmDbDir(145)) - ozone.scm.db.dirs is not configured. We recommend adding this setting. Falling back to ozone.metadata.dirs instead.
2019-08-29 10:00:38,542 [main] INFO  pipeline.SCMPipelineManager (SCMPipelineManager.java:initializePipelineState(126)) - No pipeline exists in current db
2019-08-29 10:00:38,543 [main] WARN  server.ServerUtils (ServerUtils.java:getScmDbDir(145)) - ozone.scm.db.dirs is not configured. We recommend adding this setting. Falling back to ozone.metadata.dirs instead.
2019-08-29 10:00:38,637 [main] WARN  events.EventQueue (EventQueue.java:fireEvent(175)) - No event handler registered for event TypedEvent{payloadType=SafeModeStatus, name='SafeModeStatus'}
2019-08-29 10:00:38,638 [main] INFO  ipc.CallQueueManager (CallQueueManager.java:<init>(84)) - Using callQueue: class java.util.concurrent.LinkedBlockingQueue, queueCapacity: 2000, scheduler: class org.apache.hadoop.ipc.DefaultRpcScheduler, ipcBackoff: false.
2019-08-29 10:00:38,639 [Socket Reader #1 for port 37717] INFO  ipc.Server (Server.java:run(1074)) - Starting Socket Reader #1 for port 37717
2019-08-29 10:00:38,641 [main] INFO  ipc.CallQueueManager (CallQueueManager.java:<init>(84)) - Using callQueue: class java.util.concurrent.LinkedBlockingQueue, queueCapacity: 2000, scheduler: class org.apache.hadoop.ipc.DefaultRpcScheduler, ipcBackoff: false.
2019-08-29 10:00:38,642 [Socket Reader #1 for port 34590] INFO  ipc.Server (Server.java:run(1074)) - Starting Socket Reader #1 for port 34590
2019-08-29 10:00:38,646 [main] INFO  ipc.CallQueueManager (CallQueueManager.java:<init>(84)) - Using callQueue: class java.util.concurrent.LinkedBlockingQueue, queueCapacity: 2000, scheduler: class org.apache.hadoop.ipc.DefaultRpcScheduler, ipcBackoff: false.
2019-08-29 10:00:38,646 [Socket Reader #1 for port 38976] INFO  ipc.Server (Server.java:run(1074)) - Starting Socket Reader #1 for port 38976
2019-08-29 10:00:38,648 [main] INFO  hdfs.DFSUtil (DFSUtil.java:httpServerTemplateForNNAndJN(1641)) - Starting Web-server for scm at: http://0.0.0.0:0
2019-08-29 10:00:38,650 [main] INFO  server.AuthenticationFilter (AuthenticationFilter.java:constructSecretProvider(240)) - Unable to initialize FileSignerSecretProvider, falling back to use random secrets.
2019-08-29 10:00:38,651 [main] WARN  http.HttpRequestLog (HttpRequestLog.java:getRequestLog(97)) - Jetty request log can only be enabled using Log4j
2019-08-29 10:00:38,652 [main] INFO  http.HttpServer2 (HttpServer2.java:addGlobalFilter(975)) - Added global filter 'safety' (class=org.apache.hadoop.http.HttpServer2$QuotingInputFilter)
2019-08-29 10:00:38,653 [main] INFO  http.HttpServer2 (HttpServer2.java:addFilter(948)) - Added filter static_user_filter (class=org.apache.hadoop.http.lib.StaticUserWebFilter$StaticUserFilter) to context scm
2019-08-29 10:00:38,653 [main] INFO  http.HttpServer2 (HttpServer2.java:addFilter(958)) - Added filter static_user_filter (class=org.apache.hadoop.http.lib.StaticUserWebFilter$StaticUserFilter) to context static
2019-08-29 10:00:38,653 [main] INFO  http.HttpServer2 (HttpServer2.java:addFilter(958)) - Added filter static_user_filter (class=org.apache.hadoop.http.lib.StaticUserWebFilter$StaticUserFilter) to context logs
2019-08-29 10:00:38,654 [main] INFO  server.StorageContainerManager (StorageContainerManager.java:start(759)) - StorageContainerLocationProtocol RPC server is listening at /0.0.0.0:38976
2019-08-29 10:00:38,656 [main] WARN  impl.MetricsConfig (MetricsConfig.java:loadFirst(134)) - Cannot locate configuration: tried hadoop-metrics2-storagecontainermanager.properties,hadoop-metrics2.properties
2019-08-29 10:00:38,657 [main] INFO  impl.MetricsSystemImpl (MetricsSystemImpl.java:startTimer(374)) - Scheduled Metric snapshot period at 10 second(s).
2019-08-29 10:00:38,657 [main] INFO  impl.MetricsSystemImpl (MetricsSystemImpl.java:start(191)) - StorageContainerManager metrics system started
2019-08-29 10:00:38,816 [main] INFO  server.SCMClientProtocolServer (SCMClientProtocolServer.java:start(151)) - RPC server for Client  is listening at /0.0.0.0:38976
2019-08-29 10:00:38,816 [IPC Server Responder] INFO  ipc.Server (Server.java:run(1314)) - IPC Server Responder: starting
2019-08-29 10:00:38,817 [IPC Server listener on 38976] INFO  ipc.Server (Server.java:run(1153)) - IPC Server listener on 38976: starting
2019-08-29 10:00:38,820 [main] INFO  server.StorageContainerManager (StorageContainerManager.java:start(769)) - ScmBlockLocationProtocol RPC server is listening at /0.0.0.0:34590
2019-08-29 10:00:38,820 [main] INFO  server.SCMBlockProtocolServer (SCMBlockProtocolServer.java:start(140)) - RPC server for Block Protocol is listening at /0.0.0.0:34590
2019-08-29 10:00:38,821 [IPC Server Responder] INFO  ipc.Server (Server.java:run(1314)) - IPC Server Responder: starting
2019-08-29 10:00:38,822 [IPC Server listener on 34590] INFO  ipc.Server (Server.java:run(1153)) - IPC Server listener on 34590: starting
2019-08-29 10:00:38,828 [main] INFO  server.StorageContainerManager (StorageContainerManager.java:start(773)) - ScmDatanodeProtocl RPC server is listening at /0.0.0.0:37717
2019-08-29 10:00:38,828 [main] INFO  server.SCMDatanodeProtocolServer (SCMDatanodeProtocolServer.java:start(191)) - RPC server for DataNodes is listening at /0.0.0.0:37717
2019-08-29 10:00:38,828 [IPC Server Responder] INFO  ipc.Server (Server.java:run(1314)) - IPC Server Responder: starting
2019-08-29 10:00:38,828 [IPC Server listener on 37717] INFO  ipc.Server (Server.java:run(1153)) - IPC Server listener on 37717: starting
2019-08-29 10:00:38,831 [main] INFO  http.HttpServer2 (HttpServer2.java:bindListener(1191)) - Jetty bound to port 43812
2019-08-29 10:00:38,832 [main] INFO  server.Server (Server.java:doStart(351)) - jetty-9.3.24.v20180605, build timestamp: 2018-06-05T17:11:56Z, git hash: 84205aa28f11a4f31f2a3b86d1bba2cc8ab69827
2019-08-29 10:00:38,833 [main] INFO  handler.ContextHandler (ContextHandler.java:doStart(781)) - Started o.e.j.s.ServletContextHandler@7a8c01ef{/logs,file:///workdir/hadoop-ozone/integration-test/target/log,AVAILABLE}
2019-08-29 10:00:38,833 [main] INFO  handler.ContextHandler (ContextHandler.java:doStart(781)) - Started o.e.j.s.ServletContextHandler@4469046b{/static,file:///workdir/hadoop-ozone/integration-test/target/test-classes/webapps/static,AVAILABLE}
2019-08-29 10:00:38,842 [main] INFO  handler.ContextHandler (ContextHandler.java:doStart(781)) - Started o.e.j.w.WebAppContext@1f481ec3{/,file:///workdir/hadoop-ozone/integration-test/target/test-classes/webapps/scm/,AVAILABLE}{/scm}
2019-08-29 10:00:38,843 [main] INFO  server.AbstractConnector (AbstractConnector.java:doStart(278)) - Started ServerConnector@2b4a0be0{HTTP/1.1,[http/1.1]}{0.0.0.0:43812}
2019-08-29 10:00:38,847 [main] INFO  server.Server (Server.java:doStart(419)) - Started @669238ms
2019-08-29 10:00:38,848 [main] INFO  server.BaseHttpServer (BaseHttpServer.java:updateConnectorAddress(213)) - HTTP server of SCM is listening at http://0.0.0.0:43812
2019-08-29 10:00:38,848 [main] WARN  server.ServerUtils (ServerUtils.java:getDBPath(222)) - ozone.om.db.dirs is not configured. We recommend adding this setting. Falling back to ozone.metadata.dirs instead.
2019-08-29 10:00:38,850 [org.apache.hadoop.util.JvmPauseMonitor$Monitor@4047ca4d] INFO  util.JvmPauseMonitor (JvmPauseMonitor.java:run(188)) - Starting JVM pause monitor
2019-08-29 10:00:38,856 [main] WARN  server.ServerUtils (ServerUtils.java:getDBPath(222)) - ozone.om.db.dirs is not configured. We recommend adding this setting. Falling back to ozone.metadata.dirs instead.
2019-08-29 10:00:38,857 [main] WARN  server.ServerUtils (ServerUtils.java:getDBPath(222)) - ozone.om.db.dirs is not configured. We recommend adding this setting. Falling back to ozone.metadata.dirs instead.
2019-08-29 10:00:38,857 [main] INFO  om.OzoneManager (OzoneManager.java:setOMNodeDetails(648)) - OM Service ID is not set. Setting it to the default ID: omServiceIdDefault
2019-08-29 10:00:38,857 [main] INFO  om.OzoneManager (OzoneManager.java:setOMNodeDetails(654)) - OM Node ID is not set. Setting it to the OmStorage's OmID: 7aa121ca-4a66-4df6-9b63-df46f154915d
2019-08-29 10:00:38,857 [main] INFO  om.OzoneManager (OzoneManager.java:loadOMHAConfigs(605)) - Found matching OM address with OMServiceId: null, OMNodeId: null, RPC Address: localhost:0 and Ratis port: 9872
2019-08-29 10:00:38,862 | INFO  | SCMAudit | user=jenkins1000 | ip=192.168.36.71 | op=GET_SCM_INFO null | ret=SUCCESS |  
2019-08-29 10:00:38,864 [main] WARN  server.ServerUtils (ServerUtils.java:getDBPath(222)) - ozone.om.db.dirs is not configured. We recommend adding this setting. Falling back to ozone.metadata.dirs instead.
2019-08-29 10:00:38,864 [main] INFO  db.DBStoreBuilder (DBStoreBuilder.java:addTable(110)) - using custom profile for table: userTable
2019-08-29 10:00:38,864 [main] INFO  db.DBStoreBuilder (DBStoreBuilder.java:processTables(161)) - Using default column profile:DBProfile.DISK for Table:userTable
2019-08-29 10:00:38,864 [main] INFO  db.DBStoreBuilder (DBStoreBuilder.java:addTable(110)) - using custom profile for table: volumeTable
2019-08-29 10:00:38,865 [main] INFO  db.DBStoreBuilder (DBStoreBuilder.java:processTables(161)) - Using default column profile:DBProfile.DISK for Table:volumeTable
2019-08-29 10:00:38,865 [main] INFO  db.DBStoreBuilder (DBStoreBuilder.java:addTable(110)) - using custom profile for table: bucketTable
2019-08-29 10:00:38,865 [main] INFO  db.DBStoreBuilder (DBStoreBuilder.java:processTables(161)) - Using default column profile:DBProfile.DISK for Table:bucketTable
2019-08-29 10:00:38,865 [main] INFO  db.DBStoreBuilder (DBStoreBuilder.java:addTable(110)) - using custom profile for table: keyTable
2019-08-29 10:00:38,865 [main] INFO  db.DBStoreBuilder (DBStoreBuilder.java:processTables(161)) - Using default column profile:DBProfile.DISK for Table:keyTable
2019-08-29 10:00:38,865 [main] INFO  db.DBStoreBuilder (DBStoreBuilder.java:addTable(110)) - using custom profile for table: deletedTable
2019-08-29 10:00:38,865 [main] INFO  db.DBStoreBuilder (DBStoreBuilder.java:processTables(161)) - Using default column profile:DBProfile.DISK for Table:deletedTable
2019-08-29 10:00:38,866 [main] INFO  db.DBStoreBuilder (DBStoreBuilder.java:addTable(110)) - using custom profile for table: openKeyTable
2019-08-29 10:00:38,866 [main] INFO  db.DBStoreBuilder (DBStoreBuilder.java:processTables(161)) - Using default column profile:DBProfile.DISK for Table:openKeyTable
2019-08-29 10:00:38,866 [main] INFO  db.DBStoreBuilder (DBStoreBuilder.java:addTable(110)) - using custom profile for table: s3Table
2019-08-29 10:00:38,866 [main] INFO  db.DBStoreBuilder (DBStoreBuilder.java:processTables(161)) - Using default column profile:DBProfile.DISK for Table:s3Table
2019-08-29 10:00:38,866 [main] INFO  db.DBStoreBuilder (DBStoreBuilder.java:addTable(110)) - using custom profile for table: multipartInfoTable
2019-08-29 10:00:38,866 [main] INFO  db.DBStoreBuilder (DBStoreBuilder.java:processTables(161)) - Using default column profile:DBProfile.DISK for Table:multipartInfoTable
2019-08-29 10:00:38,867 [main] INFO  db.DBStoreBuilder (DBStoreBuilder.java:addTable(110)) - using custom profile for table: dTokenTable
2019-08-29 10:00:38,867 [main] INFO  db.DBStoreBuilder (DBStoreBuilder.java:processTables(161)) - Using default column profile:DBProfile.DISK for Table:dTokenTable
2019-08-29 10:00:38,867 [main] INFO  db.DBStoreBuilder (DBStoreBuilder.java:addTable(110)) - using custom profile for table: s3SecretTable
2019-08-29 10:00:38,867 [main] INFO  db.DBStoreBuilder (DBStoreBuilder.java:processTables(161)) - Using default column profile:DBProfile.DISK for Table:s3SecretTable
2019-08-29 10:00:38,867 [main] INFO  db.DBStoreBuilder (DBStoreBuilder.java:addTable(110)) - using custom profile for table: prefixTable
2019-08-29 10:00:38,867 [main] INFO  db.DBStoreBuilder (DBStoreBuilder.java:processTables(161)) - Using default column profile:DBProfile.DISK for Table:prefixTable
2019-08-29 10:00:38,867 [main] INFO  db.DBStoreBuilder (DBStoreBuilder.java:addTable(110)) - using custom profile for table: default
2019-08-29 10:00:38,868 [main] INFO  db.DBStoreBuilder (DBStoreBuilder.java:processTables(167)) - Using default column profile:DBProfile.DISK for Table:default
2019-08-29 10:00:38,868 [main] INFO  db.DBStoreBuilder (DBStoreBuilder.java:getDbProfile(198)) - Using default options. DBProfile.DISK
2019-08-29 10:00:39,562 [main] INFO  ipc.CallQueueManager (CallQueueManager.java:<init>(84)) - Using callQueue: class java.util.concurrent.LinkedBlockingQueue, queueCapacity: 2000, scheduler: class org.apache.hadoop.ipc.DefaultRpcScheduler, ipcBackoff: false.
2019-08-29 10:00:39,564 [Socket Reader #1 for port 46341] INFO  ipc.Server (Server.java:run(1074)) - Starting Socket Reader #1 for port 46341
2019-08-29 10:00:39,575 [main] INFO  om.OzoneManager (OzoneManager.java:start(1259)) - OzoneManager RPC server is listening at localhost/127.0.0.1:46341
2019-08-29 10:00:39,575 [main] INFO  impl.MetricsSystemImpl (MetricsSystemImpl.java:init(158)) - OzoneManager metrics system started (again)
2019-08-29 10:00:39,576 [IPC Server Responder] INFO  ipc.Server (Server.java:run(1314)) - IPC Server Responder: starting
2019-08-29 10:00:39,576 [IPC Server listener on 46341] INFO  ipc.Server (Server.java:run(1153)) - IPC Server listener on 46341: starting
2019-08-29 10:00:39,582 [main] INFO  hdfs.DFSUtil (DFSUtil.java:httpServerTemplateForNNAndJN(1641)) - Starting Web-server for ozoneManager at: http://0.0.0.0:0
2019-08-29 10:00:39,583 [main] INFO  server.AuthenticationFilter (AuthenticationFilter.java:constructSecretProvider(240)) - Unable to initialize FileSignerSecretProvider, falling back to use random secrets.
2019-08-29 10:00:39,584 [main] WARN  http.HttpRequestLog (HttpRequestLog.java:getRequestLog(97)) - Jetty request log can only be enabled using Log4j
2019-08-29 10:00:39,585 [main] INFO  http.HttpServer2 (HttpServer2.java:addGlobalFilter(975)) - Added global filter 'safety' (class=org.apache.hadoop.http.HttpServer2$QuotingInputFilter)
2019-08-29 10:00:39,585 [main] INFO  http.HttpServer2 (HttpServer2.java:addFilter(948)) - Added filter static_user_filter (class=org.apache.hadoop.http.lib.StaticUserWebFilter$StaticUserFilter) to context ozoneManager
2019-08-29 10:00:39,586 [main] INFO  http.HttpServer2 (HttpServer2.java:addFilter(958)) - Added filter static_user_filter (class=org.apache.hadoop.http.lib.StaticUserWebFilter$StaticUserFilter) to context logs
2019-08-29 10:00:39,586 [main] INFO  http.HttpServer2 (HttpServer2.java:addFilter(958)) - Added filter static_user_filter (class=org.apache.hadoop.http.lib.StaticUserWebFilter$StaticUserFilter) to context static
2019-08-29 10:00:39,586 [main] INFO  http.HttpServer2 (HttpServer2.java:bindListener(1191)) - Jetty bound to port 43439
2019-08-29 10:00:39,586 [main] INFO  server.Server (Server.java:doStart(351)) - jetty-9.3.24.v20180605, build timestamp: 2018-06-05T17:11:56Z, git hash: 84205aa28f11a4f31f2a3b86d1bba2cc8ab69827
2019-08-29 10:00:39,588 [main] INFO  handler.ContextHandler (ContextHandler.java:doStart(781)) - Started o.e.j.s.ServletContextHandler@6ce45045{/logs,file:///workdir/hadoop-ozone/integration-test/target/log,AVAILABLE}
2019-08-29 10:00:39,588 [main] INFO  handler.ContextHandler (ContextHandler.java:doStart(781)) - Started o.e.j.s.ServletContextHandler@2ba89cb2{/static,file:///workdir/hadoop-ozone/integration-test/target/test-classes/webapps/static,AVAILABLE}
2019-08-29 10:00:39,591 [main] INFO  handler.ContextHandler (ContextHandler.java:doStart(781)) - Started o.e.j.w.WebAppContext@5308c994{/,file:///workdir/hadoop-ozone/integration-test/target/test-classes/webapps/ozoneManager/,AVAILABLE}{/ozoneManager}
2019-08-29 10:00:39,592 [main] INFO  server.AbstractConnector (AbstractConnector.java:doStart(278)) - Started ServerConnector@4f6f6223{HTTP/1.1,[http/1.1]}{0.0.0.0:43439}
2019-08-29 10:00:39,592 [main] INFO  server.Server (Server.java:doStart(419)) - Started @669983ms
2019-08-29 10:00:39,594 [main] INFO  server.BaseHttpServer (BaseHttpServer.java:updateConnectorAddress(213)) - HTTP server of OZONEMANAGER is listening at http://0.0.0.0:43439
2019-08-29 10:00:39,610 [main] INFO  impl.MetricsSystemImpl (MetricsSystemImpl.java:init(158)) - HddsDatanode metrics system started (again)
2019-08-29 10:00:39,614 [main] INFO  ozone.HddsDatanodeService (HddsDatanodeService.java:start(184)) - HddsDatanodeService host:pr-hdds-2030-kknj5-1067311611 ip:192.168.36.71
2019-08-29 10:00:39,627 [main] INFO  volume.HddsVolume (HddsVolume.java:<init>(176)) - Creating Volume: /workdir/hadoop-ozone/integration-test/target/test-dir/MiniOzoneClusterImpl-f14b1e95-ba00-4e6c-8692-7616f74434d5/datanode-0/data/containers/hdds of  storage type : DISK and capacity : 1482555576320
2019-08-29 10:00:39,627 [main] INFO  volume.VolumeSet (VolumeSet.java:initializeVolumeSet(170)) - Added Volume : /workdir/hadoop-ozone/integration-test/target/test-dir/MiniOzoneClusterImpl-f14b1e95-ba00-4e6c-8692-7616f74434d5/datanode-0/data/containers/hdds to VolumeSet
2019-08-29 10:00:39,628 [main] INFO  volume.ThrottledAsyncChecker (ThrottledAsyncChecker.java:schedule(140)) - Scheduling a check for org.apache.hadoop.ozone.container.common.volume.HddsVolume@39894485
2019-08-29 10:00:39,628 [main] INFO  volume.HddsVolumeChecker (HddsVolumeChecker.java:checkAllVolumes(203)) - Scheduled health check for volume org.apache.hadoop.ozone.container.common.volume.HddsVolume@39894485
2019-08-29 10:00:39,646 [main] INFO  impl.RaftServerProxy (ConfUtils.java:logGet(43)) - raft.rpc.type = GRPC (default)
2019-08-29 10:00:39,647 [main] INFO  grpc.GrpcFactory (GrpcFactory.java:checkPooledByteBufAllocatorUseCacheForAllThreads(45)) - PERFORMANCE WARNING: useCacheForAllThreads is true that may cause Netty to create a lot garbage objects and, as a result, trigger GC.
	It is recommended to disable useCacheForAllThreads by setting -Dorg.apache.ratis.thirdparty.io.netty.allocator.useCacheForAllThreads=false in command line.
2019-08-29 10:00:39,647 [main] INFO  grpc.GrpcConfigKeys$Server (ConfUtils.java:logGet(43)) - raft.grpc.server.port = 0 (default)
2019-08-29 10:00:39,647 [main] INFO  server.GrpcService (ConfUtils.java:logGet(43)) - raft.grpc.message.size.max = 33570816 (custom)
2019-08-29 10:00:39,647 [main] INFO  server.RaftServerConfigKeys (ConfUtils.java:logGet(43)) - raft.server.log.appender.buffer.byte-limit = 33554432 (custom)
2019-08-29 10:00:39,647 [main] INFO  server.GrpcService (ConfUtils.java:logGet(43)) - raft.grpc.flow.control.window = 1MB (=1048576) (default)
2019-08-29 10:00:39,648 [main] INFO  server.RaftServerConfigKeys (ConfUtils.java:logGet(43)) - raft.server.rpc.request.timeout = 3000ms (default)
2019-08-29 10:00:39,648 [main] INFO  server.RaftServerConfigKeys (ConfUtils.java:logGet(43)) - raft.server.storage.dir = [/workdir/hadoop-ozone/integration-test/target/test-dir/MiniOzoneClusterImpl-f14b1e95-ba00-4e6c-8692-7616f74434d5/datanode-0/data/ratis] (custom)
2019-08-29 10:00:39,648 [main] INFO  replication.SimpleContainerDownloader (SimpleContainerDownloader.java:<init>(72)) - Starting container downloader service to copy containers to replicate.
2019-08-29 10:00:39,649 [main] INFO  hdfs.DFSUtil (DFSUtil.java:httpServerTemplateForNNAndJN(1641)) - Starting Web-server for hddsDatanode at: http://0.0.0.0:0
2019-08-29 10:00:39,651 [main] INFO  server.AuthenticationFilter (AuthenticationFilter.java:constructSecretProvider(240)) - Unable to initialize FileSignerSecretProvider, falling back to use random secrets.
2019-08-29 10:00:39,651 [main] WARN  http.HttpRequestLog (HttpRequestLog.java:getRequestLog(97)) - Jetty request log can only be enabled using Log4j
2019-08-29 10:00:39,652 [main] INFO  http.HttpServer2 (HttpServer2.java:addGlobalFilter(975)) - Added global filter 'safety' (class=org.apache.hadoop.http.HttpServer2$QuotingInputFilter)
2019-08-29 10:00:39,652 [main] INFO  http.HttpServer2 (HttpServer2.java:addFilter(948)) - Added filter static_user_filter (class=org.apache.hadoop.http.lib.StaticUserWebFilter$StaticUserFilter) to context hddsDatanode
2019-08-29 10:00:39,653 [main] INFO  http.HttpServer2 (HttpServer2.java:addFilter(958)) - Added filter static_user_filter (class=org.apache.hadoop.http.lib.StaticUserWebFilter$StaticUserFilter) to context static
2019-08-29 10:00:39,653 [main] INFO  http.HttpServer2 (HttpServer2.java:addFilter(958)) - Added filter static_user_filter (class=org.apache.hadoop.http.lib.StaticUserWebFilter$StaticUserFilter) to context logs
2019-08-29 10:00:39,653 [main] INFO  http.HttpServer2 (HttpServer2.java:bindListener(1191)) - Jetty bound to port 46232
2019-08-29 10:00:39,653 [main] INFO  server.Server (Server.java:doStart(351)) - jetty-9.3.24.v20180605, build timestamp: 2018-06-05T17:11:56Z, git hash: 84205aa28f11a4f31f2a3b86d1bba2cc8ab69827
2019-08-29 10:00:39,655 [main] INFO  handler.ContextHandler (ContextHandler.java:doStart(781)) - Started o.e.j.s.ServletContextHandler@2d60947f{/logs,file:///workdir/hadoop-ozone/integration-test/target/log,AVAILABLE}
2019-08-29 10:00:39,656 [main] INFO  handler.ContextHandler (ContextHandler.java:doStart(781)) - Started o.e.j.s.ServletContextHandler@7f16cf71{/static,jar:file:/home/user/.m2/repository/org/apache/hadoop/hadoop-hdds-container-service/0.5.0-SNAPSHOT/hadoop-hdds-container-service-0.5.0-SNAPSHOT.jar!/webapps/static,AVAILABLE}
2019-08-29 10:00:39,700 [main] INFO  handler.ContextHandler (ContextHandler.java:doStart(781)) - Started o.e.j.w.WebAppContext@34eb24e2{/,file:///tmp/jetty-0.0.0.0-46232-hddsDatanode-_-any-2321488885805416793.dir/webapp/,AVAILABLE}{/hddsDatanode}
2019-08-29 10:00:39,700 [main] INFO  server.AbstractConnector (AbstractConnector.java:doStart(278)) - Started ServerConnector@4d8d21a3{HTTP/1.1,[http/1.1]}{0.0.0.0:46232}
2019-08-29 10:00:39,702 [main] INFO  server.Server (Server.java:doStart(419)) - Started @670093ms
2019-08-29 10:00:39,703 [main] INFO  server.BaseHttpServer (BaseHttpServer.java:updateConnectorAddress(213)) - HTTP server of HDDSDATANODE is listening at http://0.0.0.0:46232
2019-08-29 10:00:39,828 | INFO  | ObjectStoreRestHttpServer | Listening HDDS REST traffic on /0.0.0.0:45644 |  
2019-08-29 10:00:39,828 [main] INFO  ozone.HddsDatanodeService (HddsDatanodeService.java:startPlugins(395)) - Started plug-in org.apache.hadoop.ozone.web.OzoneHddsDatanodeService@11f2be38
2019-08-29 10:00:39,828 [main] INFO  impl.MetricsSystemImpl (MetricsSystemImpl.java:init(158)) - HddsDatanode metrics system started (again)
2019-08-29 10:00:39,832 [main] INFO  ozone.HddsDatanodeService (HddsDatanodeService.java:start(184)) - HddsDatanodeService host:pr-hdds-2030-kknj5-1067311611 ip:192.168.36.71
2019-08-29 10:00:39,832 [org.apache.hadoop.util.JvmPauseMonitor$Monitor@26c93ee1] INFO  util.JvmPauseMonitor (JvmPauseMonitor.java:run(188)) - Starting JVM pause monitor
2019-08-29 10:00:39,834 [Datanode State Machine Thread - 0] INFO  datanode.InitDatanodeState (InitDatanodeState.java:persistContainerDatanodeDetails(140)) - DatanodeDetails is persisted to /workdir/hadoop-ozone/integration-test/target/test-dir/MiniOzoneClusterImpl-f14b1e95-ba00-4e6c-8692-7616f74434d5/datanode-0/meta/datanode.id
2019-08-29 10:00:39,845 [main] INFO  volume.HddsVolume (HddsVolume.java:<init>(176)) - Creating Volume: /workdir/hadoop-ozone/integration-test/target/test-dir/MiniOzoneClusterImpl-f14b1e95-ba00-4e6c-8692-7616f74434d5/datanode-1/data/containers/hdds of  storage type : DISK and capacity : 1482555576320
2019-08-29 10:00:39,845 [main] INFO  volume.VolumeSet (VolumeSet.java:initializeVolumeSet(170)) - Added Volume : /workdir/hadoop-ozone/integration-test/target/test-dir/MiniOzoneClusterImpl-f14b1e95-ba00-4e6c-8692-7616f74434d5/datanode-1/data/containers/hdds to VolumeSet
2019-08-29 10:00:39,846 [main] INFO  volume.ThrottledAsyncChecker (ThrottledAsyncChecker.java:schedule(140)) - Scheduling a check for org.apache.hadoop.ozone.container.common.volume.HddsVolume@4e683bb8
2019-08-29 10:00:39,846 [main] INFO  volume.HddsVolumeChecker (HddsVolumeChecker.java:checkAllVolumes(203)) - Scheduled health check for volume org.apache.hadoop.ozone.container.common.volume.HddsVolume@4e683bb8
2019-08-29 10:00:39,859 [main] INFO  impl.RaftServerProxy (ConfUtils.java:logGet(43)) - raft.rpc.type = GRPC (default)
2019-08-29 10:00:39,859 [main] INFO  grpc.GrpcFactory (GrpcFactory.java:checkPooledByteBufAllocatorUseCacheForAllThreads(45)) - PERFORMANCE WARNING: useCacheForAllThreads is true that may cause Netty to create a lot garbage objects and, as a result, trigger GC.
	It is recommended to disable useCacheForAllThreads by setting -Dorg.apache.ratis.thirdparty.io.netty.allocator.useCacheForAllThreads=false in command line.
2019-08-29 10:00:39,859 [main] INFO  grpc.GrpcConfigKeys$Server (ConfUtils.java:logGet(43)) - raft.grpc.server.port = 0 (default)
2019-08-29 10:00:39,860 [main] INFO  server.GrpcService (ConfUtils.java:logGet(43)) - raft.grpc.message.size.max = 33570816 (custom)
2019-08-29 10:00:39,860 [main] INFO  server.RaftServerConfigKeys (ConfUtils.java:logGet(43)) - raft.server.log.appender.buffer.byte-limit = 33554432 (custom)
2019-08-29 10:00:39,860 [main] INFO  server.GrpcService (ConfUtils.java:logGet(43)) - raft.grpc.flow.control.window = 1MB (=1048576) (default)
2019-08-29 10:00:39,860 [main] INFO  server.RaftServerConfigKeys (ConfUtils.java:logGet(43)) - raft.server.rpc.request.timeout = 3000ms (default)
2019-08-29 10:00:39,860 [main] INFO  server.RaftServerConfigKeys (ConfUtils.java:logGet(43)) - raft.server.storage.dir = [/workdir/hadoop-ozone/integration-test/target/test-dir/MiniOzoneClusterImpl-f14b1e95-ba00-4e6c-8692-7616f74434d5/datanode-1/data/ratis] (custom)
2019-08-29 10:00:39,861 [main] INFO  replication.SimpleContainerDownloader (SimpleContainerDownloader.java:<init>(72)) - Starting container downloader service to copy containers to replicate.
2019-08-29 10:00:39,862 [main] INFO  hdfs.DFSUtil (DFSUtil.java:httpServerTemplateForNNAndJN(1641)) - Starting Web-server for hddsDatanode at: http://0.0.0.0:0
2019-08-29 10:00:39,863 [main] INFO  server.AuthenticationFilter (AuthenticationFilter.java:constructSecretProvider(240)) - Unable to initialize FileSignerSecretProvider, falling back to use random secrets.
2019-08-29 10:00:39,863 [main] WARN  http.HttpRequestLog (HttpRequestLog.java:getRequestLog(97)) - Jetty request log can only be enabled using Log4j
2019-08-29 10:00:39,864 [main] INFO  http.HttpServer2 (HttpServer2.java:addGlobalFilter(975)) - Added global filter 'safety' (class=org.apache.hadoop.http.HttpServer2$QuotingInputFilter)
2019-08-29 10:00:39,865 [main] INFO  http.HttpServer2 (HttpServer2.java:addFilter(948)) - Added filter static_user_filter (class=org.apache.hadoop.http.lib.StaticUserWebFilter$StaticUserFilter) to context hddsDatanode
2019-08-29 10:00:39,865 [main] INFO  http.HttpServer2 (HttpServer2.java:addFilter(958)) - Added filter static_user_filter (class=org.apache.hadoop.http.lib.StaticUserWebFilter$StaticUserFilter) to context static
2019-08-29 10:00:39,865 [main] INFO  http.HttpServer2 (HttpServer2.java:addFilter(958)) - Added filter static_user_filter (class=org.apache.hadoop.http.lib.StaticUserWebFilter$StaticUserFilter) to context logs
2019-08-29 10:00:39,866 [main] INFO  http.HttpServer2 (HttpServer2.java:bindListener(1191)) - Jetty bound to port 41256
2019-08-29 10:00:39,866 [main] INFO  server.Server (Server.java:doStart(351)) - jetty-9.3.24.v20180605, build timestamp: 2018-06-05T17:11:56Z, git hash: 84205aa28f11a4f31f2a3b86d1bba2cc8ab69827
2019-08-29 10:00:39,867 [main] INFO  handler.ContextHandler (ContextHandler.java:doStart(781)) - Started o.e.j.s.ServletContextHandler@44808c29{/logs,file:///workdir/hadoop-ozone/integration-test/target/log,AVAILABLE}
2019-08-29 10:00:39,868 [main] INFO  handler.ContextHandler (ContextHandler.java:doStart(781)) - Started o.e.j.s.ServletContextHandler@7188bd49{/static,jar:file:/home/user/.m2/repository/org/apache/hadoop/hadoop-hdds-container-service/0.5.0-SNAPSHOT/hadoop-hdds-container-service-0.5.0-SNAPSHOT.jar!/webapps/static,AVAILABLE}
2019-08-29 10:00:39,894 [main] INFO  handler.ContextHandler (ContextHandler.java:doStart(781)) - Started o.e.j.w.WebAppContext@59cfabaf{/,file:///tmp/jetty-0.0.0.0-41256-hddsDatanode-_-any-1127421605805987160.dir/webapp/,AVAILABLE}{/hddsDatanode}
2019-08-29 10:00:39,894 [main] INFO  server.AbstractConnector (AbstractConnector.java:doStart(278)) - Started ServerConnector@174bbe8e{HTTP/1.1,[http/1.1]}{0.0.0.0:41256}
2019-08-29 10:00:39,895 [main] INFO  server.Server (Server.java:doStart(419)) - Started @670287ms
2019-08-29 10:00:39,896 [main] INFO  server.BaseHttpServer (BaseHttpServer.java:updateConnectorAddress(213)) - HTTP server of HDDSDATANODE is listening at http://0.0.0.0:41256
2019-08-29 10:00:40,007 | INFO  | ObjectStoreRestHttpServer | Listening HDDS REST traffic on /0.0.0.0:34993 |  
2019-08-29 10:00:40,007 [main] INFO  ozone.HddsDatanodeService (HddsDatanodeService.java:startPlugins(395)) - Started plug-in org.apache.hadoop.ozone.web.OzoneHddsDatanodeService@911a6cd
2019-08-29 10:00:40,007 [main] INFO  impl.MetricsSystemImpl (MetricsSystemImpl.java:init(158)) - HddsDatanode metrics system started (again)
2019-08-29 10:00:40,012 [org.apache.hadoop.util.JvmPauseMonitor$Monitor@4d3c376a] INFO  util.JvmPauseMonitor (JvmPauseMonitor.java:run(188)) - Starting JVM pause monitor
2019-08-29 10:00:40,012 [main] INFO  ozone.HddsDatanodeService (HddsDatanodeService.java:start(184)) - HddsDatanodeService host:pr-hdds-2030-kknj5-1067311611 ip:192.168.36.71
2019-08-29 10:00:40,013 [Datanode State Machine Thread - 0] INFO  datanode.InitDatanodeState (InitDatanodeState.java:persistContainerDatanodeDetails(140)) - DatanodeDetails is persisted to /workdir/hadoop-ozone/integration-test/target/test-dir/MiniOzoneClusterImpl-f14b1e95-ba00-4e6c-8692-7616f74434d5/datanode-1/meta/datanode.id
2019-08-29 10:00:40,022 [main] INFO  volume.HddsVolume (HddsVolume.java:<init>(176)) - Creating Volume: /workdir/hadoop-ozone/integration-test/target/test-dir/MiniOzoneClusterImpl-f14b1e95-ba00-4e6c-8692-7616f74434d5/datanode-2/data/containers/hdds of  storage type : DISK and capacity : 1482555576320
2019-08-29 10:00:40,022 [main] INFO  volume.VolumeSet (VolumeSet.java:initializeVolumeSet(170)) - Added Volume : /workdir/hadoop-ozone/integration-test/target/test-dir/MiniOzoneClusterImpl-f14b1e95-ba00-4e6c-8692-7616f74434d5/datanode-2/data/containers/hdds to VolumeSet
2019-08-29 10:00:40,025 [main] INFO  volume.ThrottledAsyncChecker (ThrottledAsyncChecker.java:schedule(140)) - Scheduling a check for org.apache.hadoop.ozone.container.common.volume.HddsVolume@78a6ffe3
2019-08-29 10:00:40,025 [main] INFO  volume.HddsVolumeChecker (HddsVolumeChecker.java:checkAllVolumes(203)) - Scheduled health check for volume org.apache.hadoop.ozone.container.common.volume.HddsVolume@78a6ffe3
2019-08-29 10:00:40,038 [main] INFO  impl.RaftServerProxy (ConfUtils.java:logGet(43)) - raft.rpc.type = GRPC (default)
2019-08-29 10:00:40,039 [main] INFO  grpc.GrpcFactory (GrpcFactory.java:checkPooledByteBufAllocatorUseCacheForAllThreads(45)) - PERFORMANCE WARNING: useCacheForAllThreads is true that may cause Netty to create a lot garbage objects and, as a result, trigger GC.
	It is recommended to disable useCacheForAllThreads by setting -Dorg.apache.ratis.thirdparty.io.netty.allocator.useCacheForAllThreads=false in command line.
2019-08-29 10:00:40,039 [main] INFO  grpc.GrpcConfigKeys$Server (ConfUtils.java:logGet(43)) - raft.grpc.server.port = 0 (default)
2019-08-29 10:00:40,039 [main] INFO  server.GrpcService (ConfUtils.java:logGet(43)) - raft.grpc.message.size.max = 33570816 (custom)
2019-08-29 10:00:40,039 [main] INFO  server.RaftServerConfigKeys (ConfUtils.java:logGet(43)) - raft.server.log.appender.buffer.byte-limit = 33554432 (custom)
2019-08-29 10:00:40,039 [main] INFO  server.GrpcService (ConfUtils.java:logGet(43)) - raft.grpc.flow.control.window = 1MB (=1048576) (default)
2019-08-29 10:00:40,040 [main] INFO  server.RaftServerConfigKeys (ConfUtils.java:logGet(43)) - raft.server.rpc.request.timeout = 3000ms (default)
2019-08-29 10:00:40,040 [main] INFO  server.RaftServerConfigKeys (ConfUtils.java:logGet(43)) - raft.server.storage.dir = [/workdir/hadoop-ozone/integration-test/target/test-dir/MiniOzoneClusterImpl-f14b1e95-ba00-4e6c-8692-7616f74434d5/datanode-2/data/ratis] (custom)
2019-08-29 10:00:40,040 [main] INFO  replication.SimpleContainerDownloader (SimpleContainerDownloader.java:<init>(72)) - Starting container downloader service to copy containers to replicate.
2019-08-29 10:00:40,041 [main] INFO  hdfs.DFSUtil (DFSUtil.java:httpServerTemplateForNNAndJN(1641)) - Starting Web-server for hddsDatanode at: http://0.0.0.0:0
2019-08-29 10:00:40,042 [main] INFO  server.AuthenticationFilter (AuthenticationFilter.java:constructSecretProvider(240)) - Unable to initialize FileSignerSecretProvider, falling back to use random secrets.
2019-08-29 10:00:40,043 [main] WARN  http.HttpRequestLog (HttpRequestLog.java:getRequestLog(97)) - Jetty request log can only be enabled using Log4j
2019-08-29 10:00:40,044 [main] INFO  http.HttpServer2 (HttpServer2.java:addGlobalFilter(975)) - Added global filter 'safety' (class=org.apache.hadoop.http.HttpServer2$QuotingInputFilter)
2019-08-29 10:00:40,044 [main] INFO  http.HttpServer2 (HttpServer2.java:addFilter(948)) - Added filter static_user_filter (class=org.apache.hadoop.http.lib.StaticUserWebFilter$StaticUserFilter) to context hddsDatanode
2019-08-29 10:00:40,044 [main] INFO  http.HttpServer2 (HttpServer2.java:addFilter(958)) - Added filter static_user_filter (class=org.apache.hadoop.http.lib.StaticUserWebFilter$StaticUserFilter) to context static
2019-08-29 10:00:40,044 [main] INFO  http.HttpServer2 (HttpServer2.java:addFilter(958)) - Added filter static_user_filter (class=org.apache.hadoop.http.lib.StaticUserWebFilter$StaticUserFilter) to context logs
2019-08-29 10:00:40,045 [main] INFO  http.HttpServer2 (HttpServer2.java:bindListener(1191)) - Jetty bound to port 35035
2019-08-29 10:00:40,045 [main] INFO  server.Server (Server.java:doStart(351)) - jetty-9.3.24.v20180605, build timestamp: 2018-06-05T17:11:56Z, git hash: 84205aa28f11a4f31f2a3b86d1bba2cc8ab69827
2019-08-29 10:00:40,047 [main] INFO  handler.ContextHandler (ContextHandler.java:doStart(781)) - Started o.e.j.s.ServletContextHandler@66b962b4{/logs,file:///workdir/hadoop-ozone/integration-test/target/log,AVAILABLE}
2019-08-29 10:00:40,047 [main] INFO  handler.ContextHandler (ContextHandler.java:doStart(781)) - Started o.e.j.s.ServletContextHandler@705b4359{/static,jar:file:/home/user/.m2/repository/org/apache/hadoop/hadoop-hdds-container-service/0.5.0-SNAPSHOT/hadoop-hdds-container-service-0.5.0-SNAPSHOT.jar!/webapps/static,AVAILABLE}
2019-08-29 10:00:40,101 [main] INFO  handler.ContextHandler (ContextHandler.java:doStart(781)) - Started o.e.j.w.WebAppContext@2603ff76{/,file:///tmp/jetty-0.0.0.0-35035-hddsDatanode-_-any-3900990027220873146.dir/webapp/,AVAILABLE}{/hddsDatanode}
2019-08-29 10:00:40,102 [main] INFO  server.AbstractConnector (AbstractConnector.java:doStart(278)) - Started ServerConnector@18ea91d7{HTTP/1.1,[http/1.1]}{0.0.0.0:35035}
2019-08-29 10:00:40,104 [main] INFO  server.Server (Server.java:doStart(419)) - Started @670495ms
2019-08-29 10:00:40,105 [main] INFO  server.BaseHttpServer (BaseHttpServer.java:updateConnectorAddress(213)) - HTTP server of HDDSDATANODE is listening at http://0.0.0.0:35035
2019-08-29 10:00:40,205 | INFO  | ObjectStoreRestHttpServer | Listening HDDS REST traffic on /0.0.0.0:43936 |  
2019-08-29 10:00:40,205 [main] INFO  ozone.HddsDatanodeService (HddsDatanodeService.java:startPlugins(395)) - Started plug-in org.apache.hadoop.ozone.web.OzoneHddsDatanodeService@57e9dd1f
2019-08-29 10:00:40,205 [main] INFO  impl.MetricsSystemImpl (MetricsSystemImpl.java:init(158)) - HddsDatanode metrics system started (again)
2019-08-29 10:00:40,210 [org.apache.hadoop.util.JvmPauseMonitor$Monitor@734f0ea7] INFO  util.JvmPauseMonitor (JvmPauseMonitor.java:run(188)) - Starting JVM pause monitor
2019-08-29 10:00:40,210 [main] INFO  ozone.HddsDatanodeService (HddsDatanodeService.java:start(184)) - HddsDatanodeService host:pr-hdds-2030-kknj5-1067311611 ip:192.168.36.71
2019-08-29 10:00:40,212 [Datanode State Machine Thread - 0] INFO  datanode.InitDatanodeState (InitDatanodeState.java:persistContainerDatanodeDetails(140)) - DatanodeDetails is persisted to /workdir/hadoop-ozone/integration-test/target/test-dir/MiniOzoneClusterImpl-f14b1e95-ba00-4e6c-8692-7616f74434d5/datanode-2/meta/datanode.id
2019-08-29 10:00:40,223 [main] INFO  volume.HddsVolume (HddsVolume.java:<init>(176)) - Creating Volume: /workdir/hadoop-ozone/integration-test/target/test-dir/MiniOzoneClusterImpl-f14b1e95-ba00-4e6c-8692-7616f74434d5/datanode-3/data/containers/hdds of  storage type : DISK and capacity : 1482555576320
2019-08-29 10:00:40,224 [main] INFO  volume.VolumeSet (VolumeSet.java:initializeVolumeSet(170)) - Added Volume : /workdir/hadoop-ozone/integration-test/target/test-dir/MiniOzoneClusterImpl-f14b1e95-ba00-4e6c-8692-7616f74434d5/datanode-3/data/containers/hdds to VolumeSet
2019-08-29 10:00:40,224 [main] INFO  volume.ThrottledAsyncChecker (ThrottledAsyncChecker.java:schedule(140)) - Scheduling a check for org.apache.hadoop.ozone.container.common.volume.HddsVolume@49136fb
2019-08-29 10:00:40,224 [main] INFO  volume.HddsVolumeChecker (HddsVolumeChecker.java:checkAllVolumes(203)) - Scheduled health check for volume org.apache.hadoop.ozone.container.common.volume.HddsVolume@49136fb
2019-08-29 10:00:40,241 [main] INFO  impl.RaftServerProxy (ConfUtils.java:logGet(43)) - raft.rpc.type = GRPC (default)
2019-08-29 10:00:40,242 [main] INFO  grpc.GrpcFactory (GrpcFactory.java:checkPooledByteBufAllocatorUseCacheForAllThreads(45)) - PERFORMANCE WARNING: useCacheForAllThreads is true that may cause Netty to create a lot garbage objects and, as a result, trigger GC.
	It is recommended to disable useCacheForAllThreads by setting -Dorg.apache.ratis.thirdparty.io.netty.allocator.useCacheForAllThreads=false in command line.
2019-08-29 10:00:40,242 [main] INFO  grpc.GrpcConfigKeys$Server (ConfUtils.java:logGet(43)) - raft.grpc.server.port = 0 (default)
2019-08-29 10:00:40,242 [main] INFO  server.GrpcService (ConfUtils.java:logGet(43)) - raft.grpc.message.size.max = 33570816 (custom)
2019-08-29 10:00:40,242 [main] INFO  server.RaftServerConfigKeys (ConfUtils.java:logGet(43)) - raft.server.log.appender.buffer.byte-limit = 33554432 (custom)
2019-08-29 10:00:40,242 [main] INFO  server.GrpcService (ConfUtils.java:logGet(43)) - raft.grpc.flow.control.window = 1MB (=1048576) (default)
2019-08-29 10:00:40,243 [main] INFO  server.RaftServerConfigKeys (ConfUtils.java:logGet(43)) - raft.server.rpc.request.timeout = 3000ms (default)
2019-08-29 10:00:40,243 [main] INFO  server.RaftServerConfigKeys (ConfUtils.java:logGet(43)) - raft.server.storage.dir = [/workdir/hadoop-ozone/integration-test/target/test-dir/MiniOzoneClusterImpl-f14b1e95-ba00-4e6c-8692-7616f74434d5/datanode-3/data/ratis] (custom)
2019-08-29 10:00:40,243 [main] INFO  replication.SimpleContainerDownloader (SimpleContainerDownloader.java:<init>(72)) - Starting container downloader service to copy containers to replicate.
2019-08-29 10:00:40,244 [main] INFO  hdfs.DFSUtil (DFSUtil.java:httpServerTemplateForNNAndJN(1641)) - Starting Web-server for hddsDatanode at: http://0.0.0.0:0
2019-08-29 10:00:40,245 [main] INFO  server.AuthenticationFilter (AuthenticationFilter.java:constructSecretProvider(240)) - Unable to initialize FileSignerSecretProvider, falling back to use random secrets.
2019-08-29 10:00:40,246 [main] WARN  http.HttpRequestLog (HttpRequestLog.java:getRequestLog(97)) - Jetty request log can only be enabled using Log4j
2019-08-29 10:00:40,247 [main] INFO  http.HttpServer2 (HttpServer2.java:addGlobalFilter(975)) - Added global filter 'safety' (class=org.apache.hadoop.http.HttpServer2$QuotingInputFilter)
2019-08-29 10:00:40,247 [main] INFO  http.HttpServer2 (HttpServer2.java:addFilter(948)) - Added filter static_user_filter (class=org.apache.hadoop.http.lib.StaticUserWebFilter$StaticUserFilter) to context hddsDatanode
2019-08-29 10:00:40,247 [main] INFO  http.HttpServer2 (HttpServer2.java:addFilter(958)) - Added filter static_user_filter (class=org.apache.hadoop.http.lib.StaticUserWebFilter$StaticUserFilter) to context logs
2019-08-29 10:00:40,248 [main] INFO  http.HttpServer2 (HttpServer2.java:addFilter(958)) - Added filter static_user_filter (class=org.apache.hadoop.http.lib.StaticUserWebFilter$StaticUserFilter) to context static
2019-08-29 10:00:40,248 [main] INFO  http.HttpServer2 (HttpServer2.java:bindListener(1191)) - Jetty bound to port 34316
2019-08-29 10:00:40,248 [main] INFO  server.Server (Server.java:doStart(351)) - jetty-9.3.24.v20180605, build timestamp: 2018-06-05T17:11:56Z, git hash: 84205aa28f11a4f31f2a3b86d1bba2cc8ab69827
2019-08-29 10:00:40,250 [main] INFO  handler.ContextHandler (ContextHandler.java:doStart(781)) - Started o.e.j.s.ServletContextHandler@2ece1629{/logs,file:///workdir/hadoop-ozone/integration-test/target/log,AVAILABLE}
2019-08-29 10:00:40,250 [main] INFO  handler.ContextHandler (ContextHandler.java:doStart(781)) - Started o.e.j.s.ServletContextHandler@329e6700{/static,jar:file:/home/user/.m2/repository/org/apache/hadoop/hadoop-hdds-container-service/0.5.0-SNAPSHOT/hadoop-hdds-container-service-0.5.0-SNAPSHOT.jar!/webapps/static,AVAILABLE}
2019-08-29 10:00:40,277 [main] INFO  handler.ContextHandler (ContextHandler.java:doStart(781)) - Started o.e.j.w.WebAppContext@7ca0b2cf{/,file:///tmp/jetty-0.0.0.0-34316-hddsDatanode-_-any-9067671770239373724.dir/webapp/,AVAILABLE}{/hddsDatanode}
2019-08-29 10:00:40,277 [main] INFO  server.AbstractConnector (AbstractConnector.java:doStart(278)) - Started ServerConnector@3d6fe206{HTTP/1.1,[http/1.1]}{0.0.0.0:34316}
2019-08-29 10:00:40,277 [main] INFO  server.Server (Server.java:doStart(419)) - Started @670669ms
2019-08-29 10:00:40,280 [main] INFO  server.BaseHttpServer (BaseHttpServer.java:updateConnectorAddress(213)) - HTTP server of HDDSDATANODE is listening at http://0.0.0.0:34316
2019-08-29 10:00:40,418 | INFO  | ObjectStoreRestHttpServer | Listening HDDS REST traffic on /0.0.0.0:38339 |  
2019-08-29 10:00:40,418 [main] INFO  ozone.HddsDatanodeService (HddsDatanodeService.java:startPlugins(395)) - Started plug-in org.apache.hadoop.ozone.web.OzoneHddsDatanodeService@7e6c990f
2019-08-29 10:00:40,419 [main] INFO  impl.MetricsSystemImpl (MetricsSystemImpl.java:init(158)) - HddsDatanode metrics system started (again)
2019-08-29 10:00:40,425 [org.apache.hadoop.util.JvmPauseMonitor$Monitor@2b5b02d3] INFO  util.JvmPauseMonitor (JvmPauseMonitor.java:run(188)) - Starting JVM pause monitor
2019-08-29 10:00:40,425 [main] INFO  ozone.HddsDatanodeService (HddsDatanodeService.java:start(184)) - HddsDatanodeService host:pr-hdds-2030-kknj5-1067311611 ip:192.168.36.71
2019-08-29 10:00:40,426 [Datanode State Machine Thread - 0] INFO  datanode.InitDatanodeState (InitDatanodeState.java:persistContainerDatanodeDetails(140)) - DatanodeDetails is persisted to /workdir/hadoop-ozone/integration-test/target/test-dir/MiniOzoneClusterImpl-f14b1e95-ba00-4e6c-8692-7616f74434d5/datanode-3/meta/datanode.id
2019-08-29 10:00:40,439 [main] INFO  volume.HddsVolume (HddsVolume.java:<init>(176)) - Creating Volume: /workdir/hadoop-ozone/integration-test/target/test-dir/MiniOzoneClusterImpl-f14b1e95-ba00-4e6c-8692-7616f74434d5/datanode-4/data/containers/hdds of  storage type : DISK and capacity : 1482555576320
2019-08-29 10:00:40,439 [main] INFO  volume.VolumeSet (VolumeSet.java:initializeVolumeSet(170)) - Added Volume : /workdir/hadoop-ozone/integration-test/target/test-dir/MiniOzoneClusterImpl-f14b1e95-ba00-4e6c-8692-7616f74434d5/datanode-4/data/containers/hdds to VolumeSet
2019-08-29 10:00:40,439 [main] INFO  volume.ThrottledAsyncChecker (ThrottledAsyncChecker.java:schedule(140)) - Scheduling a check for org.apache.hadoop.ozone.container.common.volume.HddsVolume@354aaf03
2019-08-29 10:00:40,440 [main] INFO  volume.HddsVolumeChecker (HddsVolumeChecker.java:checkAllVolumes(203)) - Scheduled health check for volume org.apache.hadoop.ozone.container.common.volume.HddsVolume@354aaf03
2019-08-29 10:00:40,455 [main] INFO  impl.RaftServerProxy (ConfUtils.java:logGet(43)) - raft.rpc.type = GRPC (default)
2019-08-29 10:00:40,455 [main] INFO  grpc.GrpcFactory (GrpcFactory.java:checkPooledByteBufAllocatorUseCacheForAllThreads(45)) - PERFORMANCE WARNING: useCacheForAllThreads is true that may cause Netty to create a lot garbage objects and, as a result, trigger GC.
	It is recommended to disable useCacheForAllThreads by setting -Dorg.apache.ratis.thirdparty.io.netty.allocator.useCacheForAllThreads=false in command line.
2019-08-29 10:00:40,456 [main] INFO  grpc.GrpcConfigKeys$Server (ConfUtils.java:logGet(43)) - raft.grpc.server.port = 0 (default)
2019-08-29 10:00:40,456 [main] INFO  server.GrpcService (ConfUtils.java:logGet(43)) - raft.grpc.message.size.max = 33570816 (custom)
2019-08-29 10:00:40,456 [main] INFO  server.RaftServerConfigKeys (ConfUtils.java:logGet(43)) - raft.server.log.appender.buffer.byte-limit = 33554432 (custom)
2019-08-29 10:00:40,456 [main] INFO  server.GrpcService (ConfUtils.java:logGet(43)) - raft.grpc.flow.control.window = 1MB (=1048576) (default)
2019-08-29 10:00:40,457 [main] INFO  server.RaftServerConfigKeys (ConfUtils.java:logGet(43)) - raft.server.rpc.request.timeout = 3000ms (default)
2019-08-29 10:00:40,457 [main] INFO  server.RaftServerConfigKeys (ConfUtils.java:logGet(43)) - raft.server.storage.dir = [/workdir/hadoop-ozone/integration-test/target/test-dir/MiniOzoneClusterImpl-f14b1e95-ba00-4e6c-8692-7616f74434d5/datanode-4/data/ratis] (custom)
2019-08-29 10:00:40,457 [main] INFO  replication.SimpleContainerDownloader (SimpleContainerDownloader.java:<init>(72)) - Starting container downloader service to copy containers to replicate.
2019-08-29 10:00:40,458 [main] INFO  hdfs.DFSUtil (DFSUtil.java:httpServerTemplateForNNAndJN(1641)) - Starting Web-server for hddsDatanode at: http://0.0.0.0:0
2019-08-29 10:00:40,459 [main] INFO  server.AuthenticationFilter (AuthenticationFilter.java:constructSecretProvider(240)) - Unable to initialize FileSignerSecretProvider, falling back to use random secrets.
2019-08-29 10:00:40,460 [main] WARN  http.HttpRequestLog (HttpRequestLog.java:getRequestLog(97)) - Jetty request log can only be enabled using Log4j
2019-08-29 10:00:40,461 [main] INFO  http.HttpServer2 (HttpServer2.java:addGlobalFilter(975)) - Added global filter 'safety' (class=org.apache.hadoop.http.HttpServer2$QuotingInputFilter)
2019-08-29 10:00:40,462 [main] INFO  http.HttpServer2 (HttpServer2.java:addFilter(948)) - Added filter static_user_filter (class=org.apache.hadoop.http.lib.StaticUserWebFilter$StaticUserFilter) to context hddsDatanode
2019-08-29 10:00:40,462 [main] INFO  http.HttpServer2 (HttpServer2.java:addFilter(958)) - Added filter static_user_filter (class=org.apache.hadoop.http.lib.StaticUserWebFilter$StaticUserFilter) to context logs
2019-08-29 10:00:40,462 [main] INFO  http.HttpServer2 (HttpServer2.java:addFilter(958)) - Added filter static_user_filter (class=org.apache.hadoop.http.lib.StaticUserWebFilter$StaticUserFilter) to context static
2019-08-29 10:00:40,463 [main] INFO  http.HttpServer2 (HttpServer2.java:bindListener(1191)) - Jetty bound to port 42366
2019-08-29 10:00:40,463 [main] INFO  server.Server (Server.java:doStart(351)) - jetty-9.3.24.v20180605, build timestamp: 2018-06-05T17:11:56Z, git hash: 84205aa28f11a4f31f2a3b86d1bba2cc8ab69827
2019-08-29 10:00:40,464 [main] INFO  handler.ContextHandler (ContextHandler.java:doStart(781)) - Started o.e.j.s.ServletContextHandler@6aef33f6{/logs,file:///workdir/hadoop-ozone/integration-test/target/log,AVAILABLE}
2019-08-29 10:00:40,465 [main] INFO  handler.ContextHandler (ContextHandler.java:doStart(781)) - Started o.e.j.s.ServletContextHandler@26499067{/static,jar:file:/home/user/.m2/repository/org/apache/hadoop/hadoop-hdds-container-service/0.5.0-SNAPSHOT/hadoop-hdds-container-service-0.5.0-SNAPSHOT.jar!/webapps/static,AVAILABLE}
2019-08-29 10:00:40,495 [main] INFO  handler.ContextHandler (ContextHandler.java:doStart(781)) - Started o.e.j.w.WebAppContext@af913dc{/,file:///tmp/jetty-0.0.0.0-42366-hddsDatanode-_-any-2708335329627322053.dir/webapp/,AVAILABLE}{/hddsDatanode}
2019-08-29 10:00:40,495 [main] INFO  server.AbstractConnector (AbstractConnector.java:doStart(278)) - Started ServerConnector@bdc2f96{HTTP/1.1,[http/1.1]}{0.0.0.0:42366}
2019-08-29 10:00:40,495 [main] INFO  server.Server (Server.java:doStart(419)) - Started @670886ms
2019-08-29 10:00:40,498 [main] INFO  server.BaseHttpServer (BaseHttpServer.java:updateConnectorAddress(213)) - HTTP server of HDDSDATANODE is listening at http://0.0.0.0:42366
2019-08-29 10:00:40,612 | INFO  | ObjectStoreRestHttpServer | Listening HDDS REST traffic on /0.0.0.0:39708 |  
2019-08-29 10:00:40,612 [main] INFO  ozone.HddsDatanodeService (HddsDatanodeService.java:startPlugins(395)) - Started plug-in org.apache.hadoop.ozone.web.OzoneHddsDatanodeService@515576b0
2019-08-29 10:00:40,613 [main] INFO  impl.MetricsSystemImpl (MetricsSystemImpl.java:init(158)) - HddsDatanode metrics system started (again)
2019-08-29 10:00:40,618 [org.apache.hadoop.util.JvmPauseMonitor$Monitor@4ef155c4] INFO  util.JvmPauseMonitor (JvmPauseMonitor.java:run(188)) - Starting JVM pause monitor
2019-08-29 10:00:40,619 [main] INFO  ozone.HddsDatanodeService (HddsDatanodeService.java:start(184)) - HddsDatanodeService host:pr-hdds-2030-kknj5-1067311611 ip:192.168.36.71
2019-08-29 10:00:40,620 [Datanode State Machine Thread - 0] INFO  datanode.InitDatanodeState (InitDatanodeState.java:persistContainerDatanodeDetails(140)) - DatanodeDetails is persisted to /workdir/hadoop-ozone/integration-test/target/test-dir/MiniOzoneClusterImpl-f14b1e95-ba00-4e6c-8692-7616f74434d5/datanode-4/meta/datanode.id
2019-08-29 10:00:40,630 [main] INFO  volume.HddsVolume (HddsVolume.java:<init>(176)) - Creating Volume: /workdir/hadoop-ozone/integration-test/target/test-dir/MiniOzoneClusterImpl-f14b1e95-ba00-4e6c-8692-7616f74434d5/datanode-5/data/containers/hdds of  storage type : DISK and capacity : 1482555576320
2019-08-29 10:00:40,631 [main] INFO  volume.VolumeSet (VolumeSet.java:initializeVolumeSet(170)) - Added Volume : /workdir/hadoop-ozone/integration-test/target/test-dir/MiniOzoneClusterImpl-f14b1e95-ba00-4e6c-8692-7616f74434d5/datanode-5/data/containers/hdds to VolumeSet
2019-08-29 10:00:40,631 [main] INFO  volume.ThrottledAsyncChecker (ThrottledAsyncChecker.java:schedule(140)) - Scheduling a check for org.apache.hadoop.ozone.container.common.volume.HddsVolume@5ce0b14f
2019-08-29 10:00:40,631 [main] INFO  volume.HddsVolumeChecker (HddsVolumeChecker.java:checkAllVolumes(203)) - Scheduled health check for volume org.apache.hadoop.ozone.container.common.volume.HddsVolume@5ce0b14f
2019-08-29 10:00:40,646 [main] INFO  impl.RaftServerProxy (ConfUtils.java:logGet(43)) - raft.rpc.type = GRPC (default)
2019-08-29 10:00:40,647 [main] INFO  grpc.GrpcFactory (GrpcFactory.java:checkPooledByteBufAllocatorUseCacheForAllThreads(45)) - PERFORMANCE WARNING: useCacheForAllThreads is true that may cause Netty to create a lot garbage objects and, as a result, trigger GC.
	It is recommended to disable useCacheForAllThreads by setting -Dorg.apache.ratis.thirdparty.io.netty.allocator.useCacheForAllThreads=false in command line.
2019-08-29 10:00:40,647 [main] INFO  grpc.GrpcConfigKeys$Server (ConfUtils.java:logGet(43)) - raft.grpc.server.port = 0 (default)
2019-08-29 10:00:40,647 [main] INFO  server.GrpcService (ConfUtils.java:logGet(43)) - raft.grpc.message.size.max = 33570816 (custom)
2019-08-29 10:00:40,647 [main] INFO  server.RaftServerConfigKeys (ConfUtils.java:logGet(43)) - raft.server.log.appender.buffer.byte-limit = 33554432 (custom)
2019-08-29 10:00:40,647 [main] INFO  server.GrpcService (ConfUtils.java:logGet(43)) - raft.grpc.flow.control.window = 1MB (=1048576) (default)
2019-08-29 10:00:40,647 [main] INFO  server.RaftServerConfigKeys (ConfUtils.java:logGet(43)) - raft.server.rpc.request.timeout = 3000ms (default)
2019-08-29 10:00:40,648 [main] INFO  server.RaftServerConfigKeys (ConfUtils.java:logGet(43)) - raft.server.storage.dir = [/workdir/hadoop-ozone/integration-test/target/test-dir/MiniOzoneClusterImpl-f14b1e95-ba00-4e6c-8692-7616f74434d5/datanode-5/data/ratis] (custom)
2019-08-29 10:00:40,648 [main] INFO  replication.SimpleContainerDownloader (SimpleContainerDownloader.java:<init>(72)) - Starting container downloader service to copy containers to replicate.
2019-08-29 10:00:40,649 [main] INFO  hdfs.DFSUtil (DFSUtil.java:httpServerTemplateForNNAndJN(1641)) - Starting Web-server for hddsDatanode at: http://0.0.0.0:0
2019-08-29 10:00:40,650 [main] INFO  server.AuthenticationFilter (AuthenticationFilter.java:constructSecretProvider(240)) - Unable to initialize FileSignerSecretProvider, falling back to use random secrets.
2019-08-29 10:00:40,650 [main] WARN  http.HttpRequestLog (HttpRequestLog.java:getRequestLog(97)) - Jetty request log can only be enabled using Log4j
2019-08-29 10:00:40,651 [main] INFO  http.HttpServer2 (HttpServer2.java:addGlobalFilter(975)) - Added global filter 'safety' (class=org.apache.hadoop.http.HttpServer2$QuotingInputFilter)
2019-08-29 10:00:40,652 [main] INFO  http.HttpServer2 (HttpServer2.java:addFilter(948)) - Added filter static_user_filter (class=org.apache.hadoop.http.lib.StaticUserWebFilter$StaticUserFilter) to context hddsDatanode
2019-08-29 10:00:40,652 [main] INFO  http.HttpServer2 (HttpServer2.java:addFilter(958)) - Added filter static_user_filter (class=org.apache.hadoop.http.lib.StaticUserWebFilter$StaticUserFilter) to context logs
2019-08-29 10:00:40,652 [main] INFO  http.HttpServer2 (HttpServer2.java:addFilter(958)) - Added filter static_user_filter (class=org.apache.hadoop.http.lib.StaticUserWebFilter$StaticUserFilter) to context static
2019-08-29 10:00:40,653 [main] INFO  http.HttpServer2 (HttpServer2.java:bindListener(1191)) - Jetty bound to port 36827
2019-08-29 10:00:40,653 [main] INFO  server.Server (Server.java:doStart(351)) - jetty-9.3.24.v20180605, build timestamp: 2018-06-05T17:11:56Z, git hash: 84205aa28f11a4f31f2a3b86d1bba2cc8ab69827
2019-08-29 10:00:40,654 [main] INFO  handler.ContextHandler (ContextHandler.java:doStart(781)) - Started o.e.j.s.ServletContextHandler@29e7da9c{/logs,file:///workdir/hadoop-ozone/integration-test/target/log,AVAILABLE}
2019-08-29 10:00:40,655 [main] INFO  handler.ContextHandler (ContextHandler.java:doStart(781)) - Started o.e.j.s.ServletContextHandler@3095f1eb{/static,jar:file:/home/user/.m2/repository/org/apache/hadoop/hadoop-hdds-container-service/0.5.0-SNAPSHOT/hadoop-hdds-container-service-0.5.0-SNAPSHOT.jar!/webapps/static,AVAILABLE}
2019-08-29 10:00:40,681 [main] INFO  handler.ContextHandler (ContextHandler.java:doStart(781)) - Started o.e.j.w.WebAppContext@d9c54e6{/,file:///tmp/jetty-0.0.0.0-36827-hddsDatanode-_-any-8050669104405378829.dir/webapp/,AVAILABLE}{/hddsDatanode}
2019-08-29 10:00:40,681 [main] INFO  server.AbstractConnector (AbstractConnector.java:doStart(278)) - Started ServerConnector@570e6180{HTTP/1.1,[http/1.1]}{0.0.0.0:36827}
2019-08-29 10:00:40,682 [main] INFO  server.Server (Server.java:doStart(419)) - Started @671073ms
2019-08-29 10:00:40,685 [main] INFO  server.BaseHttpServer (BaseHttpServer.java:updateConnectorAddress(213)) - HTTP server of HDDSDATANODE is listening at http://0.0.0.0:36827
2019-08-29 10:00:40,821 | INFO  | ObjectStoreRestHttpServer | Listening HDDS REST traffic on /0.0.0.0:34598 |  
2019-08-29 10:00:40,821 [main] INFO  ozone.HddsDatanodeService (HddsDatanodeService.java:startPlugins(395)) - Started plug-in org.apache.hadoop.ozone.web.OzoneHddsDatanodeService@69789fec
2019-08-29 10:00:40,821 [main] INFO  impl.MetricsSystemImpl (MetricsSystemImpl.java:init(158)) - HddsDatanode metrics system started (again)
2019-08-29 10:00:40,828 [org.apache.hadoop.util.JvmPauseMonitor$Monitor@7f4c06c7] INFO  util.JvmPauseMonitor (JvmPauseMonitor.java:run(188)) - Starting JVM pause monitor
2019-08-29 10:00:40,828 [main] INFO  ozone.HddsDatanodeService (HddsDatanodeService.java:start(184)) - HddsDatanodeService host:pr-hdds-2030-kknj5-1067311611 ip:192.168.36.71
2019-08-29 10:00:40,829 [Datanode State Machine Thread - 0] INFO  datanode.InitDatanodeState (InitDatanodeState.java:persistContainerDatanodeDetails(140)) - DatanodeDetails is persisted to /workdir/hadoop-ozone/integration-test/target/test-dir/MiniOzoneClusterImpl-f14b1e95-ba00-4e6c-8692-7616f74434d5/datanode-5/meta/datanode.id
2019-08-29 10:00:40,841 [main] INFO  volume.HddsVolume (HddsVolume.java:<init>(176)) - Creating Volume: /workdir/hadoop-ozone/integration-test/target/test-dir/MiniOzoneClusterImpl-f14b1e95-ba00-4e6c-8692-7616f74434d5/datanode-6/data/containers/hdds of  storage type : DISK and capacity : 1482555576320
2019-08-29 10:00:40,842 [main] INFO  volume.VolumeSet (VolumeSet.java:initializeVolumeSet(170)) - Added Volume : /workdir/hadoop-ozone/integration-test/target/test-dir/MiniOzoneClusterImpl-f14b1e95-ba00-4e6c-8692-7616f74434d5/datanode-6/data/containers/hdds to VolumeSet
2019-08-29 10:00:40,842 [main] INFO  volume.ThrottledAsyncChecker (ThrottledAsyncChecker.java:schedule(140)) - Scheduling a check for org.apache.hadoop.ozone.container.common.volume.HddsVolume@10d5e2dc
2019-08-29 10:00:40,842 [main] INFO  volume.HddsVolumeChecker (HddsVolumeChecker.java:checkAllVolumes(203)) - Scheduled health check for volume org.apache.hadoop.ozone.container.common.volume.HddsVolume@10d5e2dc
2019-08-29 10:00:40,857 [main] INFO  impl.RaftServerProxy (ConfUtils.java:logGet(43)) - raft.rpc.type = GRPC (default)
2019-08-29 10:00:40,857 [main] INFO  grpc.GrpcFactory (GrpcFactory.java:checkPooledByteBufAllocatorUseCacheForAllThreads(45)) - PERFORMANCE WARNING: useCacheForAllThreads is true that may cause Netty to create a lot garbage objects and, as a result, trigger GC.
	It is recommended to disable useCacheForAllThreads by setting -Dorg.apache.ratis.thirdparty.io.netty.allocator.useCacheForAllThreads=false in command line.
2019-08-29 10:00:40,857 [main] INFO  grpc.GrpcConfigKeys$Server (ConfUtils.java:logGet(43)) - raft.grpc.server.port = 0 (default)
2019-08-29 10:00:40,857 [main] INFO  server.GrpcService (ConfUtils.java:logGet(43)) - raft.grpc.message.size.max = 33570816 (custom)
2019-08-29 10:00:40,858 [main] INFO  server.RaftServerConfigKeys (ConfUtils.java:logGet(43)) - raft.server.log.appender.buffer.byte-limit = 33554432 (custom)
2019-08-29 10:00:40,858 [main] INFO  server.GrpcService (ConfUtils.java:logGet(43)) - raft.grpc.flow.control.window = 1MB (=1048576) (default)
2019-08-29 10:00:40,858 [main] INFO  server.RaftServerConfigKeys (ConfUtils.java:logGet(43)) - raft.server.rpc.request.timeout = 3000ms (default)
2019-08-29 10:00:40,858 [main] INFO  server.RaftServerConfigKeys (ConfUtils.java:logGet(43)) - raft.server.storage.dir = [/workdir/hadoop-ozone/integration-test/target/test-dir/MiniOzoneClusterImpl-f14b1e95-ba00-4e6c-8692-7616f74434d5/datanode-6/data/ratis] (custom)
2019-08-29 10:00:40,859 [main] INFO  replication.SimpleContainerDownloader (SimpleContainerDownloader.java:<init>(72)) - Starting container downloader service to copy containers to replicate.
2019-08-29 10:00:40,860 [main] INFO  hdfs.DFSUtil (DFSUtil.java:httpServerTemplateForNNAndJN(1641)) - Starting Web-server for hddsDatanode at: http://0.0.0.0:0
2019-08-29 10:00:40,861 [main] INFO  server.AuthenticationFilter (AuthenticationFilter.java:constructSecretProvider(240)) - Unable to initialize FileSignerSecretProvider, falling back to use random secrets.
2019-08-29 10:00:40,862 [main] WARN  http.HttpRequestLog (HttpRequestLog.java:getRequestLog(97)) - Jetty request log can only be enabled using Log4j
2019-08-29 10:00:40,863 [main] INFO  http.HttpServer2 (HttpServer2.java:addGlobalFilter(975)) - Added global filter 'safety' (class=org.apache.hadoop.http.HttpServer2$QuotingInputFilter)
2019-08-29 10:00:40,863 [main] INFO  http.HttpServer2 (HttpServer2.java:addFilter(948)) - Added filter static_user_filter (class=org.apache.hadoop.http.lib.StaticUserWebFilter$StaticUserFilter) to context hddsDatanode
2019-08-29 10:00:40,863 [main] INFO  http.HttpServer2 (HttpServer2.java:addFilter(958)) - Added filter static_user_filter (class=org.apache.hadoop.http.lib.StaticUserWebFilter$StaticUserFilter) to context logs
2019-08-29 10:00:40,864 [main] INFO  http.HttpServer2 (HttpServer2.java:addFilter(958)) - Added filter static_user_filter (class=org.apache.hadoop.http.lib.StaticUserWebFilter$StaticUserFilter) to context static
2019-08-29 10:00:40,864 [main] INFO  http.HttpServer2 (HttpServer2.java:bindListener(1191)) - Jetty bound to port 46463
2019-08-29 10:00:40,864 [main] INFO  server.Server (Server.java:doStart(351)) - jetty-9.3.24.v20180605, build timestamp: 2018-06-05T17:11:56Z, git hash: 84205aa28f11a4f31f2a3b86d1bba2cc8ab69827
2019-08-29 10:00:40,866 [main] INFO  handler.ContextHandler (ContextHandler.java:doStart(781)) - Started o.e.j.s.ServletContextHandler@1140585{/logs,file:///workdir/hadoop-ozone/integration-test/target/log,AVAILABLE}
2019-08-29 10:00:40,866 [main] INFO  handler.ContextHandler (ContextHandler.java:doStart(781)) - Started o.e.j.s.ServletContextHandler@4fc23215{/static,jar:file:/home/user/.m2/repository/org/apache/hadoop/hadoop-hdds-container-service/0.5.0-SNAPSHOT/hadoop-hdds-container-service-0.5.0-SNAPSHOT.jar!/webapps/static,AVAILABLE}
2019-08-29 10:00:40,898 [main] INFO  handler.ContextHandler (ContextHandler.java:doStart(781)) - Started o.e.j.w.WebAppContext@13f05e8e{/,file:///tmp/jetty-0.0.0.0-46463-hddsDatanode-_-any-3117136190091398553.dir/webapp/,AVAILABLE}{/hddsDatanode}
2019-08-29 10:00:40,898 [main] INFO  server.AbstractConnector (AbstractConnector.java:doStart(278)) - Started ServerConnector@7ff4f301{HTTP/1.1,[http/1.1]}{0.0.0.0:46463}
2019-08-29 10:00:40,900 [main] INFO  server.Server (Server.java:doStart(419)) - Started @671291ms
2019-08-29 10:00:40,901 [main] INFO  server.BaseHttpServer (BaseHttpServer.java:updateConnectorAddress(213)) - HTTP server of HDDSDATANODE is listening at http://0.0.0.0:46463
2019-08-29 10:00:41,335 | INFO  | ObjectStoreRestHttpServer | Listening HDDS REST traffic on /0.0.0.0:45017 |  
2019-08-29 10:00:41,335 [main] INFO  ozone.HddsDatanodeService (HddsDatanodeService.java:startPlugins(395)) - Started plug-in org.apache.hadoop.ozone.web.OzoneHddsDatanodeService@7ff66a81
2019-08-29 10:00:41,336 [main] INFO  ozone.MiniOzoneClusterImpl (MiniOzoneClusterImpl.java:lambda$waitForClusterToBeReady$0(142)) - Waiting for cluster to be ready. Got 0 of 7 DN Heartbeats.
2019-08-29 10:00:41,337 [org.apache.hadoop.util.JvmPauseMonitor$Monitor@5c96e5da] INFO  util.JvmPauseMonitor (JvmPauseMonitor.java:run(188)) - Starting JVM pause monitor
2019-08-29 10:00:41,338 [Datanode State Machine Thread - 0] INFO  datanode.InitDatanodeState (InitDatanodeState.java:persistContainerDatanodeDetails(140)) - DatanodeDetails is persisted to /workdir/hadoop-ozone/integration-test/target/test-dir/MiniOzoneClusterImpl-f14b1e95-ba00-4e6c-8692-7616f74434d5/datanode-6/meta/datanode.id
2019-08-29 10:00:41,838 | INFO  | SCMAudit | user=jenkins1000 | ip=192.168.36.71 | op=GET_VERSION null | ret=SUCCESS |  
2019-08-29 10:00:41,880 [Datanode State Machine Thread - 0] INFO  ozoneimpl.OzoneContainer (OzoneContainer.java:start(186)) - Attempting to start container services.
2019-08-29 10:00:41,880 [Datanode State Machine Thread - 0] INFO  ozoneimpl.OzoneContainer (OzoneContainer.java:startContainerScrub(160)) - Background container scrubber has been disabled by hdds.containerscrub.enabled
2019-08-29 10:00:41,880 [Datanode State Machine Thread - 0] INFO  ratis.XceiverServerRatis (XceiverServerRatis.java:start(404)) - Starting XceiverServerRatis c4b7c157-a592-42f1-8daa-93be55f8212b at port 0
2019-08-29 10:00:41,885 [Datanode State Machine Thread - 0] INFO  impl.RaftServerProxy (RaftServerProxy.java:lambda$start$3(299)) - c4b7c157-a592-42f1-8daa-93be55f8212b: start RPC server
2019-08-29 10:00:41,898 [Datanode State Machine Thread - 0] INFO  server.GrpcService (GrpcService.java:startImpl(149)) - c4b7c157-a592-42f1-8daa-93be55f8212b: GrpcService started, listening on 0.0.0.0/0.0.0.0:43957
2019-08-29 10:00:41,898 [Datanode State Machine Thread - 0] INFO  ratis.XceiverServerRatis (XceiverServerRatis.java:start(414)) - XceiverServerRatis c4b7c157-a592-42f1-8daa-93be55f8212b is started using port 43957
2019-08-29 10:00:41,899 [Datanode State Machine Thread - 0] INFO  server.XceiverServerGrpc (XceiverServerGrpc.java:start(161)) - XceiverServerGrpc c4b7c157-a592-42f1-8daa-93be55f8212b is started using port 39753
2019-08-29 10:00:42,013 | INFO  | SCMAudit | user=jenkins1000 | ip=192.168.36.71 | op=GET_VERSION null | ret=SUCCESS |  
2019-08-29 10:00:42,029 [Datanode State Machine Thread - 0] INFO  ozoneimpl.OzoneContainer (OzoneContainer.java:start(186)) - Attempting to start container services.
2019-08-29 10:00:42,029 [Datanode State Machine Thread - 0] INFO  ozoneimpl.OzoneContainer (OzoneContainer.java:startContainerScrub(160)) - Background container scrubber has been disabled by hdds.containerscrub.enabled
2019-08-29 10:00:42,029 [Datanode State Machine Thread - 0] INFO  ratis.XceiverServerRatis (XceiverServerRatis.java:start(404)) - Starting XceiverServerRatis 5b8556db-8e30-4259-bb17-5eca36377ad0 at port 0
2019-08-29 10:00:42,035 [Datanode State Machine Thread - 0] INFO  impl.RaftServerProxy (RaftServerProxy.java:lambda$start$3(299)) - 5b8556db-8e30-4259-bb17-5eca36377ad0: start RPC server
2019-08-29 10:00:42,036 [Datanode State Machine Thread - 0] INFO  server.GrpcService (GrpcService.java:startImpl(149)) - 5b8556db-8e30-4259-bb17-5eca36377ad0: GrpcService started, listening on 0.0.0.0/0.0.0.0:35544
2019-08-29 10:00:42,036 [Datanode State Machine Thread - 0] INFO  ratis.XceiverServerRatis (XceiverServerRatis.java:start(414)) - XceiverServerRatis 5b8556db-8e30-4259-bb17-5eca36377ad0 is started using port 35544
2019-08-29 10:00:42,036 [Datanode State Machine Thread - 0] INFO  server.XceiverServerGrpc (XceiverServerGrpc.java:start(161)) - XceiverServerGrpc 5b8556db-8e30-4259-bb17-5eca36377ad0 is started using port 32841
2019-08-29 10:00:42,211 | INFO  | SCMAudit | user=jenkins1000 | ip=192.168.36.71 | op=GET_VERSION null | ret=SUCCESS |  
2019-08-29 10:00:42,225 [Datanode State Machine Thread - 0] INFO  ozoneimpl.OzoneContainer (OzoneContainer.java:start(186)) - Attempting to start container services.
2019-08-29 10:00:42,225 [Datanode State Machine Thread - 0] INFO  ozoneimpl.OzoneContainer (OzoneContainer.java:startContainerScrub(160)) - Background container scrubber has been disabled by hdds.containerscrub.enabled
2019-08-29 10:00:42,225 [Datanode State Machine Thread - 0] INFO  ratis.XceiverServerRatis (XceiverServerRatis.java:start(404)) - Starting XceiverServerRatis 0764962b-5f15-464e-b468-a2e0db5340b9 at port 0
2019-08-29 10:00:42,231 [Datanode State Machine Thread - 0] INFO  impl.RaftServerProxy (RaftServerProxy.java:lambda$start$3(299)) - 0764962b-5f15-464e-b468-a2e0db5340b9: start RPC server
2019-08-29 10:00:42,232 [Datanode State Machine Thread - 0] INFO  server.GrpcService (GrpcService.java:startImpl(149)) - 0764962b-5f15-464e-b468-a2e0db5340b9: GrpcService started, listening on 0.0.0.0/0.0.0.0:43491
2019-08-29 10:00:42,232 [Datanode State Machine Thread - 0] INFO  ratis.XceiverServerRatis (XceiverServerRatis.java:start(414)) - XceiverServerRatis 0764962b-5f15-464e-b468-a2e0db5340b9 is started using port 43491
2019-08-29 10:00:42,242 [Datanode State Machine Thread - 0] INFO  server.XceiverServerGrpc (XceiverServerGrpc.java:start(161)) - XceiverServerGrpc 0764962b-5f15-464e-b468-a2e0db5340b9 is started using port 39641
2019-08-29 10:00:42,336 [main] INFO  ozone.MiniOzoneClusterImpl (MiniOzoneClusterImpl.java:lambda$waitForClusterToBeReady$0(142)) - Waiting for cluster to be ready. Got 0 of 7 DN Heartbeats.
2019-08-29 10:00:42,426 | INFO  | SCMAudit | user=jenkins1000 | ip=192.168.36.71 | op=GET_VERSION null | ret=SUCCESS |  
2019-08-29 10:00:42,452 [Datanode State Machine Thread - 0] INFO  ozoneimpl.OzoneContainer (OzoneContainer.java:start(186)) - Attempting to start container services.
2019-08-29 10:00:42,453 [Datanode State Machine Thread - 0] INFO  ozoneimpl.OzoneContainer (OzoneContainer.java:startContainerScrub(160)) - Background container scrubber has been disabled by hdds.containerscrub.enabled
2019-08-29 10:00:42,453 [Datanode State Machine Thread - 0] INFO  ratis.XceiverServerRatis (XceiverServerRatis.java:start(404)) - Starting XceiverServerRatis 1172efdb-db01-40ba-b2d8-1219aa980c8c at port 0
2019-08-29 10:00:42,459 [Datanode State Machine Thread - 0] INFO  impl.RaftServerProxy (RaftServerProxy.java:lambda$start$3(299)) - 1172efdb-db01-40ba-b2d8-1219aa980c8c: start RPC server
2019-08-29 10:00:42,460 [Datanode State Machine Thread - 0] INFO  server.GrpcService (GrpcService.java:startImpl(149)) - 1172efdb-db01-40ba-b2d8-1219aa980c8c: GrpcService started, listening on 0.0.0.0/0.0.0.0:36989
2019-08-29 10:00:42,460 [Datanode State Machine Thread - 0] INFO  ratis.XceiverServerRatis (XceiverServerRatis.java:start(414)) - XceiverServerRatis 1172efdb-db01-40ba-b2d8-1219aa980c8c is started using port 36989
2019-08-29 10:00:42,463 [Datanode State Machine Thread - 0] INFO  server.XceiverServerGrpc (XceiverServerGrpc.java:start(161)) - XceiverServerGrpc 1172efdb-db01-40ba-b2d8-1219aa980c8c is started using port 44535
2019-08-29 10:00:42,619 | INFO  | SCMAudit | user=jenkins1000 | ip=192.168.36.71 | op=GET_VERSION null | ret=SUCCESS |  
2019-08-29 10:00:42,650 [Datanode State Machine Thread - 0] INFO  ozoneimpl.OzoneContainer (OzoneContainer.java:start(186)) - Attempting to start container services.
2019-08-29 10:00:42,650 [Datanode State Machine Thread - 0] INFO  ozoneimpl.OzoneContainer (OzoneContainer.java:startContainerScrub(160)) - Background container scrubber has been disabled by hdds.containerscrub.enabled
2019-08-29 10:00:42,650 [Datanode State Machine Thread - 0] INFO  ratis.XceiverServerRatis (XceiverServerRatis.java:start(404)) - Starting XceiverServerRatis 1f9ce788-27f8-4fe6-818b-71130e2aa710 at port 0
2019-08-29 10:00:42,657 [Datanode State Machine Thread - 0] INFO  impl.RaftServerProxy (RaftServerProxy.java:lambda$start$3(299)) - 1f9ce788-27f8-4fe6-818b-71130e2aa710: start RPC server
2019-08-29 10:00:42,658 [Datanode State Machine Thread - 0] INFO  server.GrpcService (GrpcService.java:startImpl(149)) - 1f9ce788-27f8-4fe6-818b-71130e2aa710: GrpcService started, listening on 0.0.0.0/0.0.0.0:43656
2019-08-29 10:00:42,658 [Datanode State Machine Thread - 0] INFO  ratis.XceiverServerRatis (XceiverServerRatis.java:start(414)) - XceiverServerRatis 1f9ce788-27f8-4fe6-818b-71130e2aa710 is started using port 43656
2019-08-29 10:00:42,661 [Datanode State Machine Thread - 0] INFO  server.XceiverServerGrpc (XceiverServerGrpc.java:start(161)) - XceiverServerGrpc 1f9ce788-27f8-4fe6-818b-71130e2aa710 is started using port 37351
2019-08-29 10:00:42,828 | INFO  | SCMAudit | user=jenkins1000 | ip=192.168.36.71 | op=GET_VERSION null | ret=SUCCESS |  
2019-08-29 10:00:42,843 [Datanode State Machine Thread - 0] INFO  ozoneimpl.OzoneContainer (OzoneContainer.java:start(186)) - Attempting to start container services.
2019-08-29 10:00:42,843 [Datanode State Machine Thread - 0] INFO  ozoneimpl.OzoneContainer (OzoneContainer.java:startContainerScrub(160)) - Background container scrubber has been disabled by hdds.containerscrub.enabled
2019-08-29 10:00:42,843 [Datanode State Machine Thread - 0] INFO  ratis.XceiverServerRatis (XceiverServerRatis.java:start(404)) - Starting XceiverServerRatis a82d0560-fbbd-4e02-943e-0d91b09290d4 at port 0
2019-08-29 10:00:42,849 [Datanode State Machine Thread - 0] INFO  impl.RaftServerProxy (RaftServerProxy.java:lambda$start$3(299)) - a82d0560-fbbd-4e02-943e-0d91b09290d4: start RPC server
2019-08-29 10:00:42,850 [Datanode State Machine Thread - 0] INFO  server.GrpcService (GrpcService.java:startImpl(149)) - a82d0560-fbbd-4e02-943e-0d91b09290d4: GrpcService started, listening on 0.0.0.0/0.0.0.0:38920
2019-08-29 10:00:42,850 [Datanode State Machine Thread - 0] INFO  ratis.XceiverServerRatis (XceiverServerRatis.java:start(414)) - XceiverServerRatis a82d0560-fbbd-4e02-943e-0d91b09290d4 is started using port 38920
2019-08-29 10:00:42,850 [Datanode State Machine Thread - 0] INFO  server.XceiverServerGrpc (XceiverServerGrpc.java:start(161)) - XceiverServerGrpc a82d0560-fbbd-4e02-943e-0d91b09290d4 is started using port 39411
2019-08-29 10:00:43,337 [main] INFO  ozone.MiniOzoneClusterImpl (MiniOzoneClusterImpl.java:lambda$waitForClusterToBeReady$0(142)) - Waiting for cluster to be ready. Got 0 of 7 DN Heartbeats.
2019-08-29 10:00:43,337 | INFO  | SCMAudit | user=jenkins1000 | ip=192.168.36.71 | op=GET_VERSION null | ret=SUCCESS |  
2019-08-29 10:00:43,341 [Datanode State Machine Thread - 0] INFO  ozoneimpl.OzoneContainer (OzoneContainer.java:start(186)) - Attempting to start container services.
2019-08-29 10:00:43,341 [Datanode State Machine Thread - 0] INFO  ozoneimpl.OzoneContainer (OzoneContainer.java:startContainerScrub(160)) - Background container scrubber has been disabled by hdds.containerscrub.enabled
2019-08-29 10:00:43,342 [Datanode State Machine Thread - 0] INFO  ratis.XceiverServerRatis (XceiverServerRatis.java:start(404)) - Starting XceiverServerRatis 3a5d5b16-15dc-4940-b3a3-401ea9a94175 at port 0
2019-08-29 10:00:43,349 [Datanode State Machine Thread - 0] INFO  impl.RaftServerProxy (RaftServerProxy.java:lambda$start$3(299)) - 3a5d5b16-15dc-4940-b3a3-401ea9a94175: start RPC server
2019-08-29 10:00:43,350 [Datanode State Machine Thread - 0] INFO  server.GrpcService (GrpcService.java:startImpl(149)) - 3a5d5b16-15dc-4940-b3a3-401ea9a94175: GrpcService started, listening on 0.0.0.0/0.0.0.0:39759
2019-08-29 10:00:43,350 [Datanode State Machine Thread - 0] INFO  ratis.XceiverServerRatis (XceiverServerRatis.java:start(414)) - XceiverServerRatis 3a5d5b16-15dc-4940-b3a3-401ea9a94175 is started using port 39759
2019-08-29 10:00:43,350 [Datanode State Machine Thread - 0] INFO  server.XceiverServerGrpc (XceiverServerGrpc.java:start(161)) - XceiverServerGrpc 3a5d5b16-15dc-4940-b3a3-401ea9a94175 is started using port 34994
2019-08-29 10:00:43,838 [IPC Server handler 0 on 37717] INFO  net.NetworkTopology (NetworkTopologyImpl.java:add(110)) - Added a new node: /default-rack/c4b7c157-a592-42f1-8daa-93be55f8212b
2019-08-29 10:00:43,841 [IPC Server handler 0 on 37717] INFO  node.SCMNodeManager (SCMNodeManager.java:register(273)) - Registered Data node : c4b7c157-a592-42f1-8daa-93be55f8212b{ip: 192.168.36.71, host: pr-hdds-2030-kknj5-1067311611, networkLocation: /default-rack, certSerialId: null}
2019-08-29 10:00:43,842 [EventQueue-NodeRegistrationContainerReportForDataNodeSafeModeRule] INFO  safemode.SCMSafeModeManager (DataNodeSafeModeRule.java:process(71)) - SCM in safe mode. 1 DataNodes registered, 1 required.
2019-08-29 10:00:43,842 | INFO  | SCMAudit | user=jenkins1000 | ip=192.168.36.71 | op=REGISTER {datanodeDetails=c4b7c157-a592-42f1-8daa-93be55f8212b{ip: 192.168.36.71, host: pr-hdds-2030-kknj5-1067311611, networkLocation: /default-rack, certSerialId: null}} | ret=SUCCESS |  
2019-08-29 10:00:43,845 [EventQueue-NodeRegistrationContainerReportForDataNodeSafeModeRule] INFO  safemode.SCMSafeModeManager (SCMSafeModeManager.java:validateSafeModeExitRules(177)) - ScmSafeModeManager, all rules are successfully validated
2019-08-29 10:00:43,845 [EventQueue-NodeRegistrationContainerReportForDataNodeSafeModeRule] INFO  safemode.SCMSafeModeManager (SCMSafeModeManager.java:exitSafeMode(193)) - SCM exiting safe mode.
2019-08-29 10:00:43,855 [grpc-default-executor-7] INFO  impl.RaftServerProxy (RaftServerProxy.java:addNew(89)) - c4b7c157-a592-42f1-8daa-93be55f8212b: addNew group-8FC34FDB95FB:[c4b7c157-a592-42f1-8daa-93be55f8212b:192.168.36.71:43957] returns group-8FC34FDB95FB:java.util.concurrent.CompletableFuture@4abe0477[Not completed]
2019-08-29 10:00:43,857 [pool-730-thread-1] INFO  impl.RaftServerImpl (RaftServerImpl.java:<init>(93)) - c4b7c157-a592-42f1-8daa-93be55f8212b: new RaftServerImpl for group-8FC34FDB95FB:[c4b7c157-a592-42f1-8daa-93be55f8212b:192.168.36.71:43957] with ContainerStateMachine:uninitialized
2019-08-29 10:00:43,857 [pool-730-thread-1] INFO  server.RaftServerConfigKeys (ConfUtils.java:logGet(43)) - raft.server.rpc.timeout.min = 5s (custom)
2019-08-29 10:00:43,857 [pool-730-thread-1] INFO  server.RaftServerConfigKeys (ConfUtils.java:logGet(43)) - raft.server.rpc.timeout.max = 5200ms (custom)
2019-08-29 10:00:43,857 [pool-730-thread-1] INFO  server.RaftServerConfigKeys (ConfUtils.java:logGet(43)) - raft.server.rpcslowness.timeout = 120s (custom)
2019-08-29 10:00:43,857 [pool-730-thread-1] INFO  server.RaftServerConfigKeys (ConfUtils.java:logGet(43)) - raft.server.sleep.deviation.threshold = 300 (default)
2019-08-29 10:00:43,858 [pool-730-thread-1] INFO  server.RaftServerConfigKeys (ConfUtils.java:logGet(43)) - raft.server.log.appender.install.snapshot.enabled = false (custom)
2019-08-29 10:00:43,858 [pool-730-thread-1] INFO  impl.RaftServerImpl (ServerState.java:<init>(105)) - c4b7c157-a592-42f1-8daa-93be55f8212b:group-8FC34FDB95FB ConfigurationManager, init=-1: [c4b7c157-a592-42f1-8daa-93be55f8212b:192.168.36.71:43957], old=null, confs=<EMPTY_MAP>
2019-08-29 10:00:43,858 [pool-730-thread-1] INFO  server.RaftServerConfigKeys (ConfUtils.java:logGet(43)) - raft.server.storage.dir = [/workdir/hadoop-ozone/integration-test/target/test-dir/MiniOzoneClusterImpl-f14b1e95-ba00-4e6c-8692-7616f74434d5/datanode-0/data/ratis] (custom)
2019-08-29 10:00:43,858 [pool-730-thread-1] INFO  storage.RaftStorageDirectory (RaftStorageDirectory.java:analyzeStorage(246)) - The storage directory /workdir/hadoop-ozone/integration-test/target/test-dir/MiniOzoneClusterImpl-f14b1e95-ba00-4e6c-8692-7616f74434d5/datanode-0/data/ratis/6e596249-ca0d-49eb-8173-8fc34fdb95fb does not exist. Creating ...
2019-08-29 10:00:43,891 [pool-730-thread-1] INFO  storage.RaftStorageDirectory (RaftStorageDirectory.java:tryLock(328)) - Lock on /workdir/hadoop-ozone/integration-test/target/test-dir/MiniOzoneClusterImpl-f14b1e95-ba00-4e6c-8692-7616f74434d5/datanode-0/data/ratis/6e596249-ca0d-49eb-8173-8fc34fdb95fb/in_use.lock acquired by nodename 23284@pr-hdds-2030-kknj5-1067311611
2019-08-29 10:00:43,957 [pool-730-thread-1] INFO  storage.RaftStorage (RaftStorage.java:format(72)) - Storage directory /workdir/hadoop-ozone/integration-test/target/test-dir/MiniOzoneClusterImpl-f14b1e95-ba00-4e6c-8692-7616f74434d5/datanode-0/data/ratis/6e596249-ca0d-49eb-8173-8fc34fdb95fb has been successfully formatted.
2019-08-29 10:00:43,957 [pool-730-thread-1] INFO  ratis.ContainerStateMachine (ContainerStateMachine.java:loadSnapshot(226)) - group-8FC34FDB95FB: The snapshot info is null. Setting the last applied indexto:(t:0, i:~)
2019-08-29 10:00:43,957 [pool-730-thread-1] INFO  server.RaftServerConfigKeys (ConfUtils.java:logGet(43)) - raft.server.leader.election.timeout = 120s (custom)
2019-08-29 10:00:43,958 [pool-730-thread-1] INFO  server.RaftServerConfigKeys (ConfUtils.java:logGet(43)) - raft.server.log.use.memory = false (default)
2019-08-29 10:00:43,958 [pool-730-thread-1] INFO  server.RaftServerConfigKeys (ConfUtils.java:logGet(43)) - raft.server.log.purge.gap = 1000000 (custom)
2019-08-29 10:00:43,958 [pool-730-thread-1] INFO  server.RaftServerConfigKeys (ConfUtils.java:logGet(43)) - raft.server.log.appender.buffer.byte-limit = 33554432 (custom)
2019-08-29 10:00:43,958 [pool-730-thread-1] INFO  server.RaftServerConfigKeys (ConfUtils.java:logGet(43)) - raft.server.log.segment.size.max = 1048576 (custom)
2019-08-29 10:00:43,958 [pool-730-thread-1] INFO  server.RaftServerConfigKeys (ConfUtils.java:logGet(43)) - raft.server.log.segment.cache.num.max = 2 (custom)
2019-08-29 10:00:43,958 [pool-730-thread-1] INFO  segmented.SegmentedRaftLogWorker (SegmentedRaftLogWorker.java:<init>(172)) - new c4b7c157-a592-42f1-8daa-93be55f8212b-SegmentedRaftLogWorker:Storage Directory /workdir/hadoop-ozone/integration-test/target/test-dir/MiniOzoneClusterImpl-f14b1e95-ba00-4e6c-8692-7616f74434d5/datanode-0/data/ratis/6e596249-ca0d-49eb-8173-8fc34fdb95fb for RaftStorage:Storage Directory /workdir/hadoop-ozone/integration-test/target/test-dir/MiniOzoneClusterImpl-f14b1e95-ba00-4e6c-8692-7616f74434d5/datanode-0/data/ratis/6e596249-ca0d-49eb-8173-8fc34fdb95fb
2019-08-29 10:00:43,959 [pool-730-thread-1] INFO  server.RaftServerConfigKeys (ConfUtils.java:logGet(43)) - raft.server.log.queue.byte-limit = 2147483647 (custom)
2019-08-29 10:00:43,959 [pool-730-thread-1] INFO  server.RaftServerConfigKeys (ConfUtils.java:logGet(43)) - raft.server.log.queue.element-limit = 1024 (custom)
2019-08-29 10:00:43,959 [pool-730-thread-1] INFO  server.RaftServerConfigKeys (ConfUtils.java:logGet(43)) - raft.server.log.segment.size.max = 1048576 (custom)
2019-08-29 10:00:43,959 [pool-730-thread-1] INFO  server.RaftServerConfigKeys (ConfUtils.java:logGet(43)) - raft.server.log.preallocated.size = 16384 (custom)
2019-08-29 10:00:43,960 [pool-730-thread-1] INFO  server.RaftServerConfigKeys (ConfUtils.java:logGet(43)) - raft.server.log.write.buffer.size = 33554432 (custom)
2019-08-29 10:00:43,960 [pool-730-thread-1] INFO  server.RaftServerConfigKeys (ConfUtils.java:logGet(43)) - raft.server.log.force.sync.num = 128 (default)
2019-08-29 10:00:43,960 [pool-730-thread-1] INFO  server.RaftServerConfigKeys (ConfUtils.java:logGet(43)) - raft.server.log.statemachine.data.sync = true (default)
2019-08-29 10:00:43,960 [pool-730-thread-1] INFO  server.RaftServerConfigKeys (ConfUtils.java:logGet(43)) - raft.server.log.statemachine.data.sync.timeout = 10s (default)
2019-08-29 10:00:43,960 [pool-730-thread-1] INFO  server.RaftServerConfigKeys (ConfUtils.java:logGet(43)) - raft.server.log.statemachine.data.sync.timeout.retry = -1 (default)
2019-08-29 10:00:43,961 [pool-730-thread-1] INFO  server.RaftServerConfigKeys (ConfUtils.java:logGet(43)) - raft.server.log.statemachine.data.caching.enabled = true (custom)
2019-08-29 10:00:43,961 [pool-730-thread-1] INFO  segmented.SegmentedRaftLogWorker (SegmentedRaftLogWorker.java:lambda$new$0(132)) - c4b7c157-a592-42f1-8daa-93be55f8212b-SegmentedRaftLogWorker:Storage Directory /workdir/hadoop-ozone/integration-test/target/test-dir/MiniOzoneClusterImpl-f14b1e95-ba00-4e6c-8692-7616f74434d5/datanode-0/data/ratis/6e596249-ca0d-49eb-8173-8fc34fdb95fb: flushIndex: setUnconditionally 0 -> -1
2019-08-29 10:00:43,961 [pool-730-thread-1] INFO  server.RaftServerConfigKeys (ConfUtils.java:logGet(43)) - raft.server.snapshot.auto.trigger.enabled = true (custom)
2019-08-29 10:00:43,961 [pool-730-thread-1] INFO  server.RaftServerConfigKeys (ConfUtils.java:logGet(43)) - raft.server.snapshot.auto.trigger.threshold = 10000 (custom)
2019-08-29 10:00:43,962 [pool-730-thread-1] INFO  server.RaftServerConfigKeys (ConfUtils.java:logGet(43)) - raft.server.retrycache.expirytime = 600000ms (custom)
2019-08-29 10:00:43,962 [pool-730-thread-1] INFO  impl.RaftServerImpl (RaftServerImpl.java:start(180)) - c4b7c157-a592-42f1-8daa-93be55f8212b: start group-8FC34FDB95FB
2019-08-29 10:00:43,962 [pool-730-thread-1] INFO  impl.RaftServerImpl (RaftServerImpl.java:setRole(171)) - c4b7c157-a592-42f1-8daa-93be55f8212b:group-8FC34FDB95FB changes role from null to FOLLOWER at term 0 for startAsFollower
2019-08-29 10:00:43,962 [pool-730-thread-1] INFO  impl.RoleInfo (RoleInfo.java:updateAndGet(143)) - c4b7c157-a592-42f1-8daa-93be55f8212b: start FollowerState
2019-08-29 10:00:43,963 [pool-730-thread-1] INFO  util.JmxRegister (JmxRegister.java:tryRegister(44)) - Successfully registered JMX Bean with object name Ratis:service=RaftServer,group=group-8FC34FDB95FB,id=c4b7c157-a592-42f1-8daa-93be55f8212b
2019-08-29 10:00:44,002 [RatisPipelineUtilsThread] INFO  pipeline.PipelineStateManager (PipelineStateManager.java:addPipeline(56)) - Created pipeline Pipeline[ Id: 6e596249-ca0d-49eb-8173-8fc34fdb95fb, Nodes: c4b7c157-a592-42f1-8daa-93be55f8212b{ip: 192.168.36.71, host: pr-hdds-2030-kknj5-1067311611, networkLocation: /default-rack, certSerialId: null}, Type:RATIS, Factor:ONE, State:OPEN]
2019-08-29 10:00:44,012 [IPC Server handler 1 on 37717] INFO  net.NetworkTopology (NetworkTopologyImpl.java:add(110)) - Added a new node: /default-rack/5b8556db-8e30-4259-bb17-5eca36377ad0
2019-08-29 10:00:44,013 [IPC Server handler 1 on 37717] INFO  node.SCMNodeManager (SCMNodeManager.java:register(273)) - Registered Data node : 5b8556db-8e30-4259-bb17-5eca36377ad0{ip: 192.168.36.71, host: pr-hdds-2030-kknj5-1067311611, networkLocation: /default-rack, certSerialId: null}
2019-08-29 10:00:44,013 | INFO  | SCMAudit | user=jenkins1000 | ip=192.168.36.71 | op=REGISTER {datanodeDetails=5b8556db-8e30-4259-bb17-5eca36377ad0{ip: 192.168.36.71, host: pr-hdds-2030-kknj5-1067311611, networkLocation: /default-rack, certSerialId: null}} | ret=SUCCESS |  
2019-08-29 10:00:44,020 [grpc-default-executor-7] INFO  impl.RaftServerProxy (RaftServerProxy.java:addNew(89)) - 5b8556db-8e30-4259-bb17-5eca36377ad0: addNew group-12D2B0664596:[5b8556db-8e30-4259-bb17-5eca36377ad0:192.168.36.71:35544] returns group-12D2B0664596:java.util.concurrent.CompletableFuture@e33ffd[Not completed]
2019-08-29 10:00:44,022 [pool-741-thread-1] INFO  impl.RaftServerImpl (RaftServerImpl.java:<init>(93)) - 5b8556db-8e30-4259-bb17-5eca36377ad0: new RaftServerImpl for group-12D2B0664596:[5b8556db-8e30-4259-bb17-5eca36377ad0:192.168.36.71:35544] with ContainerStateMachine:uninitialized
2019-08-29 10:00:44,022 [pool-741-thread-1] INFO  server.RaftServerConfigKeys (ConfUtils.java:logGet(43)) - raft.server.rpc.timeout.min = 5s (custom)
2019-08-29 10:00:44,022 [pool-741-thread-1] INFO  server.RaftServerConfigKeys (ConfUtils.java:logGet(43)) - raft.server.rpc.timeout.max = 5200ms (custom)
2019-08-29 10:00:44,022 [pool-741-thread-1] INFO  server.RaftServerConfigKeys (ConfUtils.java:logGet(43)) - raft.server.rpcslowness.timeout = 120s (custom)
2019-08-29 10:00:44,022 [pool-741-thread-1] INFO  server.RaftServerConfigKeys (ConfUtils.java:logGet(43)) - raft.server.sleep.deviation.threshold = 300 (default)
2019-08-29 10:00:44,023 [pool-741-thread-1] INFO  server.RaftServerConfigKeys (ConfUtils.java:logGet(43)) - raft.server.log.appender.install.snapshot.enabled = false (custom)
2019-08-29 10:00:44,023 [pool-741-thread-1] INFO  impl.RaftServerImpl (ServerState.java:<init>(105)) - 5b8556db-8e30-4259-bb17-5eca36377ad0:group-12D2B0664596 ConfigurationManager, init=-1: [5b8556db-8e30-4259-bb17-5eca36377ad0:192.168.36.71:35544], old=null, confs=<EMPTY_MAP>
2019-08-29 10:00:44,023 [pool-741-thread-1] INFO  server.RaftServerConfigKeys (ConfUtils.java:logGet(43)) - raft.server.storage.dir = [/workdir/hadoop-ozone/integration-test/target/test-dir/MiniOzoneClusterImpl-f14b1e95-ba00-4e6c-8692-7616f74434d5/datanode-1/data/ratis] (custom)
2019-08-29 10:00:44,023 [pool-741-thread-1] INFO  storage.RaftStorageDirectory (RaftStorageDirectory.java:analyzeStorage(246)) - The storage directory /workdir/hadoop-ozone/integration-test/target/test-dir/MiniOzoneClusterImpl-f14b1e95-ba00-4e6c-8692-7616f74434d5/datanode-1/data/ratis/dc9eb39a-e4cf-4cd4-afc3-12d2b0664596 does not exist. Creating ...
2019-08-29 10:00:44,071 [pool-741-thread-1] INFO  storage.RaftStorageDirectory (RaftStorageDirectory.java:tryLock(328)) - Lock on /workdir/hadoop-ozone/integration-test/target/test-dir/MiniOzoneClusterImpl-f14b1e95-ba00-4e6c-8692-7616f74434d5/datanode-1/data/ratis/dc9eb39a-e4cf-4cd4-afc3-12d2b0664596/in_use.lock acquired by nodename 23284@pr-hdds-2030-kknj5-1067311611
2019-08-29 10:00:44,084 [pool-741-thread-1] INFO  storage.RaftStorage (RaftStorage.java:format(72)) - Storage directory /workdir/hadoop-ozone/integration-test/target/test-dir/MiniOzoneClusterImpl-f14b1e95-ba00-4e6c-8692-7616f74434d5/datanode-1/data/ratis/dc9eb39a-e4cf-4cd4-afc3-12d2b0664596 has been successfully formatted.
2019-08-29 10:00:44,084 [pool-741-thread-1] INFO  ratis.ContainerStateMachine (ContainerStateMachine.java:loadSnapshot(226)) - group-12D2B0664596: The snapshot info is null. Setting the last applied indexto:(t:0, i:~)
2019-08-29 10:00:44,084 [pool-741-thread-1] INFO  server.RaftServerConfigKeys (ConfUtils.java:logGet(43)) - raft.server.leader.election.timeout = 120s (custom)
2019-08-29 10:00:44,084 [pool-741-thread-1] INFO  server.RaftServerConfigKeys (ConfUtils.java:logGet(43)) - raft.server.log.use.memory = false (default)
2019-08-29 10:00:44,085 [pool-741-thread-1] INFO  server.RaftServerConfigKeys (ConfUtils.java:logGet(43)) - raft.server.log.purge.gap = 1000000 (custom)
2019-08-29 10:00:44,085 [pool-741-thread-1] INFO  server.RaftServerConfigKeys (ConfUtils.java:logGet(43)) - raft.server.log.appender.buffer.byte-limit = 33554432 (custom)
2019-08-29 10:00:44,085 [pool-741-thread-1] INFO  server.RaftServerConfigKeys (ConfUtils.java:logGet(43)) - raft.server.log.segment.size.max = 1048576 (custom)
2019-08-29 10:00:44,085 [pool-741-thread-1] INFO  server.RaftServerConfigKeys (ConfUtils.java:logGet(43)) - raft.server.log.segment.cache.num.max = 2 (custom)
2019-08-29 10:00:44,085 [pool-741-thread-1] INFO  segmented.SegmentedRaftLogWorker (SegmentedRaftLogWorker.java:<init>(172)) - new 5b8556db-8e30-4259-bb17-5eca36377ad0-SegmentedRaftLogWorker:Storage Directory /workdir/hadoop-ozone/integration-test/target/test-dir/MiniOzoneClusterImpl-f14b1e95-ba00-4e6c-8692-7616f74434d5/datanode-1/data/ratis/dc9eb39a-e4cf-4cd4-afc3-12d2b0664596 for RaftStorage:Storage Directory /workdir/hadoop-ozone/integration-test/target/test-dir/MiniOzoneClusterImpl-f14b1e95-ba00-4e6c-8692-7616f74434d5/datanode-1/data/ratis/dc9eb39a-e4cf-4cd4-afc3-12d2b0664596
2019-08-29 10:00:44,086 [pool-741-thread-1] INFO  server.RaftServerConfigKeys (ConfUtils.java:logGet(43)) - raft.server.log.queue.byte-limit = 2147483647 (custom)
2019-08-29 10:00:44,086 [pool-741-thread-1] INFO  server.RaftServerConfigKeys (ConfUtils.java:logGet(43)) - raft.server.log.queue.element-limit = 1024 (custom)
2019-08-29 10:00:44,086 [pool-741-thread-1] INFO  server.RaftServerConfigKeys (ConfUtils.java:logGet(43)) - raft.server.log.segment.size.max = 1048576 (custom)
2019-08-29 10:00:44,086 [pool-741-thread-1] INFO  server.RaftServerConfigKeys (ConfUtils.java:logGet(43)) - raft.server.log.preallocated.size = 16384 (custom)
2019-08-29 10:00:44,086 [pool-741-thread-1] INFO  server.RaftServerConfigKeys (ConfUtils.java:logGet(43)) - raft.server.log.write.buffer.size = 33554432 (custom)
2019-08-29 10:00:44,086 [pool-741-thread-1] INFO  server.RaftServerConfigKeys (ConfUtils.java:logGet(43)) - raft.server.log.force.sync.num = 128 (default)
2019-08-29 10:00:44,087 [pool-741-thread-1] INFO  server.RaftServerConfigKeys (ConfUtils.java:logGet(43)) - raft.server.log.statemachine.data.sync = true (default)
2019-08-29 10:00:44,087 [pool-741-thread-1] INFO  server.RaftServerConfigKeys (ConfUtils.java:logGet(43)) - raft.server.log.statemachine.data.sync.timeout = 10s (default)
2019-08-29 10:00:44,087 [pool-741-thread-1] INFO  server.RaftServerConfigKeys (ConfUtils.java:logGet(43)) - raft.server.log.statemachine.data.sync.timeout.retry = -1 (default)
2019-08-29 10:00:44,087 [pool-741-thread-1] INFO  server.RaftServerConfigKeys (ConfUtils.java:logGet(43)) - raft.server.log.statemachine.data.caching.enabled = true (custom)
2019-08-29 10:00:44,088 [pool-741-thread-1] INFO  segmented.SegmentedRaftLogWorker (SegmentedRaftLogWorker.java:lambda$new$0(132)) - 5b8556db-8e30-4259-bb17-5eca36377ad0-SegmentedRaftLogWorker:Storage Directory /workdir/hadoop-ozone/integration-test/target/test-dir/MiniOzoneClusterImpl-f14b1e95-ba00-4e6c-8692-7616f74434d5/datanode-1/data/ratis/dc9eb39a-e4cf-4cd4-afc3-12d2b0664596: flushIndex: setUnconditionally 0 -> -1
2019-08-29 10:00:44,088 [pool-741-thread-1] INFO  server.RaftServerConfigKeys (ConfUtils.java:logGet(43)) - raft.server.snapshot.auto.trigger.enabled = true (custom)
2019-08-29 10:00:44,088 [pool-741-thread-1] INFO  server.RaftServerConfigKeys (ConfUtils.java:logGet(43)) - raft.server.snapshot.auto.trigger.threshold = 10000 (custom)
2019-08-29 10:00:44,088 [pool-741-thread-1] INFO  server.RaftServerConfigKeys (ConfUtils.java:logGet(43)) - raft.server.retrycache.expirytime = 600000ms (custom)
2019-08-29 10:00:44,089 [pool-741-thread-1] INFO  impl.RaftServerImpl (RaftServerImpl.java:start(180)) - 5b8556db-8e30-4259-bb17-5eca36377ad0: start group-12D2B0664596
2019-08-29 10:00:44,089 [pool-741-thread-1] INFO  impl.RaftServerImpl (RaftServerImpl.java:setRole(171)) - 5b8556db-8e30-4259-bb17-5eca36377ad0:group-12D2B0664596 changes role from null to FOLLOWER at term 0 for startAsFollower
2019-08-29 10:00:44,089 [pool-741-thread-1] INFO  impl.RoleInfo (RoleInfo.java:updateAndGet(143)) - 5b8556db-8e30-4259-bb17-5eca36377ad0: start FollowerState
2019-08-29 10:00:44,089 [pool-741-thread-1] INFO  util.JmxRegister (JmxRegister.java:tryRegister(44)) - Successfully registered JMX Bean with object name Ratis:service=RaftServer,group=group-12D2B0664596,id=5b8556db-8e30-4259-bb17-5eca36377ad0
2019-08-29 10:00:44,091 [RatisPipelineUtilsThread] INFO  pipeline.PipelineStateManager (PipelineStateManager.java:addPipeline(56)) - Created pipeline Pipeline[ Id: dc9eb39a-e4cf-4cd4-afc3-12d2b0664596, Nodes: 5b8556db-8e30-4259-bb17-5eca36377ad0{ip: 192.168.36.71, host: pr-hdds-2030-kknj5-1067311611, networkLocation: /default-rack, certSerialId: null}, Type:RATIS, Factor:ONE, State:OPEN]
2019-08-29 10:00:44,211 [IPC Server handler 3 on 37717] INFO  net.NetworkTopology (NetworkTopologyImpl.java:add(110)) - Added a new node: /default-rack/0764962b-5f15-464e-b468-a2e0db5340b9
2019-08-29 10:00:44,211 [IPC Server handler 3 on 37717] INFO  node.SCMNodeManager (SCMNodeManager.java:register(273)) - Registered Data node : 0764962b-5f15-464e-b468-a2e0db5340b9{ip: 192.168.36.71, host: pr-hdds-2030-kknj5-1067311611, networkLocation: /default-rack, certSerialId: null}
2019-08-29 10:00:44,211 | INFO  | SCMAudit | user=jenkins1000 | ip=192.168.36.71 | op=REGISTER {datanodeDetails=0764962b-5f15-464e-b468-a2e0db5340b9{ip: 192.168.36.71, host: pr-hdds-2030-kknj5-1067311611, networkLocation: /default-rack, certSerialId: null}} | ret=SUCCESS |  
2019-08-29 10:00:44,218 [grpc-default-executor-7] INFO  impl.RaftServerProxy (RaftServerProxy.java:addNew(89)) - 0764962b-5f15-464e-b468-a2e0db5340b9: addNew group-55732B9A5F16:[0764962b-5f15-464e-b468-a2e0db5340b9:192.168.36.71:43491] returns group-55732B9A5F16:java.util.concurrent.CompletableFuture@1abb547a[Not completed]
2019-08-29 10:00:44,220 [pool-752-thread-1] INFO  impl.RaftServerImpl (RaftServerImpl.java:<init>(93)) - 0764962b-5f15-464e-b468-a2e0db5340b9: new RaftServerImpl for group-55732B9A5F16:[0764962b-5f15-464e-b468-a2e0db5340b9:192.168.36.71:43491] with ContainerStateMachine:uninitialized
2019-08-29 10:00:44,220 [pool-752-thread-1] INFO  server.RaftServerConfigKeys (ConfUtils.java:logGet(43)) - raft.server.rpc.timeout.min = 5s (custom)
2019-08-29 10:00:44,220 [pool-752-thread-1] INFO  server.RaftServerConfigKeys (ConfUtils.java:logGet(43)) - raft.server.rpc.timeout.max = 5200ms (custom)
2019-08-29 10:00:44,220 [pool-752-thread-1] INFO  server.RaftServerConfigKeys (ConfUtils.java:logGet(43)) - raft.server.rpcslowness.timeout = 120s (custom)
2019-08-29 10:00:44,220 [pool-752-thread-1] INFO  server.RaftServerConfigKeys (ConfUtils.java:logGet(43)) - raft.server.sleep.deviation.threshold = 300 (default)
2019-08-29 10:00:44,221 [pool-752-thread-1] INFO  server.RaftServerConfigKeys (ConfUtils.java:logGet(43)) - raft.server.log.appender.install.snapshot.enabled = false (custom)
2019-08-29 10:00:44,221 [pool-752-thread-1] INFO  impl.RaftServerImpl (ServerState.java:<init>(105)) - 0764962b-5f15-464e-b468-a2e0db5340b9:group-55732B9A5F16 ConfigurationManager, init=-1: [0764962b-5f15-464e-b468-a2e0db5340b9:192.168.36.71:43491], old=null, confs=<EMPTY_MAP>
2019-08-29 10:00:44,221 [pool-752-thread-1] INFO  server.RaftServerConfigKeys (ConfUtils.java:logGet(43)) - raft.server.storage.dir = [/workdir/hadoop-ozone/integration-test/target/test-dir/MiniOzoneClusterImpl-f14b1e95-ba00-4e6c-8692-7616f74434d5/datanode-2/data/ratis] (custom)
2019-08-29 10:00:44,221 [pool-752-thread-1] INFO  storage.RaftStorageDirectory (RaftStorageDirectory.java:analyzeStorage(246)) - The storage directory /workdir/hadoop-ozone/integration-test/target/test-dir/MiniOzoneClusterImpl-f14b1e95-ba00-4e6c-8692-7616f74434d5/datanode-2/data/ratis/0e445a2e-f920-4285-ac2c-55732b9a5f16 does not exist. Creating ...
2019-08-29 10:00:44,235 [pool-752-thread-1] INFO  storage.RaftStorageDirectory (RaftStorageDirectory.java:tryLock(328)) - Lock on /workdir/hadoop-ozone/integration-test/target/test-dir/MiniOzoneClusterImpl-f14b1e95-ba00-4e6c-8692-7616f74434d5/datanode-2/data/ratis/0e445a2e-f920-4285-ac2c-55732b9a5f16/in_use.lock acquired by nodename 23284@pr-hdds-2030-kknj5-1067311611
2019-08-29 10:00:44,249 [pool-752-thread-1] INFO  storage.RaftStorage (RaftStorage.java:format(72)) - Storage directory /workdir/hadoop-ozone/integration-test/target/test-dir/MiniOzoneClusterImpl-f14b1e95-ba00-4e6c-8692-7616f74434d5/datanode-2/data/ratis/0e445a2e-f920-4285-ac2c-55732b9a5f16 has been successfully formatted.
2019-08-29 10:00:44,249 [pool-752-thread-1] INFO  ratis.ContainerStateMachine (ContainerStateMachine.java:loadSnapshot(226)) - group-55732B9A5F16: The snapshot info is null. Setting the last applied indexto:(t:0, i:~)
2019-08-29 10:00:44,249 [pool-752-thread-1] INFO  server.RaftServerConfigKeys (ConfUtils.java:logGet(43)) - raft.server.leader.election.timeout = 120s (custom)
2019-08-29 10:00:44,250 [pool-752-thread-1] INFO  server.RaftServerConfigKeys (ConfUtils.java:logGet(43)) - raft.server.log.use.memory = false (default)
2019-08-29 10:00:44,250 [pool-752-thread-1] INFO  server.RaftServerConfigKeys (ConfUtils.java:logGet(43)) - raft.server.log.purge.gap = 1000000 (custom)
2019-08-29 10:00:44,250 [pool-752-thread-1] INFO  server.RaftServerConfigKeys (ConfUtils.java:logGet(43)) - raft.server.log.appender.buffer.byte-limit = 33554432 (custom)
2019-08-29 10:00:44,250 [pool-752-thread-1] INFO  server.RaftServerConfigKeys (ConfUtils.java:logGet(43)) - raft.server.log.segment.size.max = 1048576 (custom)
2019-08-29 10:00:44,250 [pool-752-thread-1] INFO  server.RaftServerConfigKeys (ConfUtils.java:logGet(43)) - raft.server.log.segment.cache.num.max = 2 (custom)
2019-08-29 10:00:44,250 [pool-752-thread-1] INFO  segmented.SegmentedRaftLogWorker (SegmentedRaftLogWorker.java:<init>(172)) - new 0764962b-5f15-464e-b468-a2e0db5340b9-SegmentedRaftLogWorker:Storage Directory /workdir/hadoop-ozone/integration-test/target/test-dir/MiniOzoneClusterImpl-f14b1e95-ba00-4e6c-8692-7616f74434d5/datanode-2/data/ratis/0e445a2e-f920-4285-ac2c-55732b9a5f16 for RaftStorage:Storage Directory /workdir/hadoop-ozone/integration-test/target/test-dir/MiniOzoneClusterImpl-f14b1e95-ba00-4e6c-8692-7616f74434d5/datanode-2/data/ratis/0e445a2e-f920-4285-ac2c-55732b9a5f16
2019-08-29 10:00:44,250 [pool-752-thread-1] INFO  server.RaftServerConfigKeys (ConfUtils.java:logGet(43)) - raft.server.log.queue.byte-limit = 2147483647 (custom)
2019-08-29 10:00:44,251 [pool-752-thread-1] INFO  server.RaftServerConfigKeys (ConfUtils.java:logGet(43)) - raft.server.log.queue.element-limit = 1024 (custom)
2019-08-29 10:00:44,251 [pool-752-thread-1] INFO  server.RaftServerConfigKeys (ConfUtils.java:logGet(43)) - raft.server.log.segment.size.max = 1048576 (custom)
2019-08-29 10:00:44,251 [pool-752-thread-1] INFO  server.RaftServerConfigKeys (ConfUtils.java:logGet(43)) - raft.server.log.preallocated.size = 16384 (custom)
2019-08-29 10:00:44,251 [pool-752-thread-1] INFO  server.RaftServerConfigKeys (ConfUtils.java:logGet(43)) - raft.server.log.write.buffer.size = 33554432 (custom)
2019-08-29 10:00:44,251 [pool-752-thread-1] INFO  server.RaftServerConfigKeys (ConfUtils.java:logGet(43)) - raft.server.log.force.sync.num = 128 (default)
2019-08-29 10:00:44,252 [pool-752-thread-1] INFO  server.RaftServerConfigKeys (ConfUtils.java:logGet(43)) - raft.server.log.statemachine.data.sync = true (default)
2019-08-29 10:00:44,252 [pool-752-thread-1] INFO  server.RaftServerConfigKeys (ConfUtils.java:logGet(43)) - raft.server.log.statemachine.data.sync.timeout = 10s (default)
2019-08-29 10:00:44,252 [pool-752-thread-1] INFO  server.RaftServerConfigKeys (ConfUtils.java:logGet(43)) - raft.server.log.statemachine.data.sync.timeout.retry = -1 (default)
2019-08-29 10:00:44,252 [pool-752-thread-1] INFO  server.RaftServerConfigKeys (ConfUtils.java:logGet(43)) - raft.server.log.statemachine.data.caching.enabled = true (custom)
2019-08-29 10:00:44,252 [pool-752-thread-1] INFO  segmented.SegmentedRaftLogWorker (SegmentedRaftLogWorker.java:lambda$new$0(132)) - 0764962b-5f15-464e-b468-a2e0db5340b9-SegmentedRaftLogWorker:Storage Directory /workdir/hadoop-ozone/integration-test/target/test-dir/MiniOzoneClusterImpl-f14b1e95-ba00-4e6c-8692-7616f74434d5/datanode-2/data/ratis/0e445a2e-f920-4285-ac2c-55732b9a5f16: flushIndex: setUnconditionally 0 -> -1
2019-08-29 10:00:44,253 [pool-752-thread-1] INFO  server.RaftServerConfigKeys (ConfUtils.java:logGet(43)) - raft.server.snapshot.auto.trigger.enabled = true (custom)
2019-08-29 10:00:44,253 [pool-752-thread-1] INFO  server.RaftServerConfigKeys (ConfUtils.java:logGet(43)) - raft.server.snapshot.auto.trigger.threshold = 10000 (custom)
2019-08-29 10:00:44,253 [pool-752-thread-1] INFO  server.RaftServerConfigKeys (ConfUtils.java:logGet(43)) - raft.server.retrycache.expirytime = 600000ms (custom)
2019-08-29 10:00:44,253 [pool-752-thread-1] INFO  impl.RaftServerImpl (RaftServerImpl.java:start(180)) - 0764962b-5f15-464e-b468-a2e0db5340b9: start group-55732B9A5F16
2019-08-29 10:00:44,254 [pool-752-thread-1] INFO  impl.RaftServerImpl (RaftServerImpl.java:setRole(171)) - 0764962b-5f15-464e-b468-a2e0db5340b9:group-55732B9A5F16 changes role from null to FOLLOWER at term 0 for startAsFollower
2019-08-29 10:00:44,254 [pool-752-thread-1] INFO  impl.RoleInfo (RoleInfo.java:updateAndGet(143)) - 0764962b-5f15-464e-b468-a2e0db5340b9: start FollowerState
2019-08-29 10:00:44,254 [pool-752-thread-1] INFO  util.JmxRegister (JmxRegister.java:tryRegister(44)) - Successfully registered JMX Bean with object name Ratis:service=RaftServer,group=group-55732B9A5F16,id=0764962b-5f15-464e-b468-a2e0db5340b9
2019-08-29 10:00:44,256 [RatisPipelineUtilsThread] INFO  pipeline.PipelineStateManager (PipelineStateManager.java:addPipeline(56)) - Created pipeline Pipeline[ Id: 0e445a2e-f920-4285-ac2c-55732b9a5f16, Nodes: 0764962b-5f15-464e-b468-a2e0db5340b9{ip: 192.168.36.71, host: pr-hdds-2030-kknj5-1067311611, networkLocation: /default-rack, certSerialId: null}, Type:RATIS, Factor:ONE, State:OPEN]
2019-08-29 10:00:44,274 [grpc-default-executor-4] INFO  impl.RaftServerProxy (RaftServerProxy.java:addNew(89)) - c4b7c157-a592-42f1-8daa-93be55f8212b: addNew group-DDC327439CFC:[c4b7c157-a592-42f1-8daa-93be55f8212b:192.168.36.71:43957, 0764962b-5f15-464e-b468-a2e0db5340b9:192.168.36.71:43491, 5b8556db-8e30-4259-bb17-5eca36377ad0:192.168.36.71:35544] returns group-DDC327439CFC:java.util.concurrent.CompletableFuture@1e9f158[Not completed]
2019-08-29 10:00:44,275 [grpc-default-executor-5] INFO  impl.RaftServerProxy (RaftServerProxy.java:addNew(89)) - 5b8556db-8e30-4259-bb17-5eca36377ad0: addNew group-DDC327439CFC:[c4b7c157-a592-42f1-8daa-93be55f8212b:192.168.36.71:43957, 0764962b-5f15-464e-b468-a2e0db5340b9:192.168.36.71:43491, 5b8556db-8e30-4259-bb17-5eca36377ad0:192.168.36.71:35544] returns group-DDC327439CFC:java.util.concurrent.CompletableFuture@28c05f37[Not completed]
2019-08-29 10:00:44,275 [grpc-default-executor-7] INFO  impl.RaftServerProxy (RaftServerProxy.java:addNew(89)) - 0764962b-5f15-464e-b468-a2e0db5340b9: addNew group-DDC327439CFC:[c4b7c157-a592-42f1-8daa-93be55f8212b:192.168.36.71:43957, 0764962b-5f15-464e-b468-a2e0db5340b9:192.168.36.71:43491, 5b8556db-8e30-4259-bb17-5eca36377ad0:192.168.36.71:35544] returns group-DDC327439CFC:java.util.concurrent.CompletableFuture@1911e714[Not completed]
2019-08-29 10:00:44,276 [pool-730-thread-1] INFO  impl.RaftServerImpl (RaftServerImpl.java:<init>(93)) - c4b7c157-a592-42f1-8daa-93be55f8212b: new RaftServerImpl for group-DDC327439CFC:[c4b7c157-a592-42f1-8daa-93be55f8212b:192.168.36.71:43957, 0764962b-5f15-464e-b468-a2e0db5340b9:192.168.36.71:43491, 5b8556db-8e30-4259-bb17-5eca36377ad0:192.168.36.71:35544] with ContainerStateMachine:uninitialized
2019-08-29 10:00:44,276 [pool-730-thread-1] INFO  server.RaftServerConfigKeys (ConfUtils.java:logGet(43)) - raft.server.rpc.timeout.min = 5s (custom)
2019-08-29 10:00:44,276 [pool-730-thread-1] INFO  server.RaftServerConfigKeys (ConfUtils.java:logGet(43)) - raft.server.rpc.timeout.max = 5200ms (custom)
2019-08-29 10:00:44,276 [pool-730-thread-1] INFO  server.RaftServerConfigKeys (ConfUtils.java:logGet(43)) - raft.server.rpcslowness.timeout = 120s (custom)
2019-08-29 10:00:44,276 [pool-730-thread-1] INFO  server.RaftServerConfigKeys (ConfUtils.java:logGet(43)) - raft.server.sleep.deviation.threshold = 300 (default)
2019-08-29 10:00:44,276 [pool-730-thread-1] INFO  server.RaftServerConfigKeys (ConfUtils.java:logGet(43)) - raft.server.log.appender.install.snapshot.enabled = false (custom)
2019-08-29 10:00:44,276 [pool-730-thread-1] INFO  impl.RaftServerImpl (ServerState.java:<init>(105)) - c4b7c157-a592-42f1-8daa-93be55f8212b:group-DDC327439CFC ConfigurationManager, init=-1: [c4b7c157-a592-42f1-8daa-93be55f8212b:192.168.36.71:43957, 0764962b-5f15-464e-b468-a2e0db5340b9:192.168.36.71:43491, 5b8556db-8e30-4259-bb17-5eca36377ad0:192.168.36.71:35544], old=null, confs=<EMPTY_MAP>
2019-08-29 10:00:44,276 [pool-730-thread-1] INFO  server.RaftServerConfigKeys (ConfUtils.java:logGet(43)) - raft.server.storage.dir = [/workdir/hadoop-ozone/integration-test/target/test-dir/MiniOzoneClusterImpl-f14b1e95-ba00-4e6c-8692-7616f74434d5/datanode-0/data/ratis] (custom)
2019-08-29 10:00:44,277 [pool-741-thread-1] INFO  impl.RaftServerImpl (RaftServerImpl.java:<init>(93)) - 5b8556db-8e30-4259-bb17-5eca36377ad0: new RaftServerImpl for group-DDC327439CFC:[c4b7c157-a592-42f1-8daa-93be55f8212b:192.168.36.71:43957, 0764962b-5f15-464e-b468-a2e0db5340b9:192.168.36.71:43491, 5b8556db-8e30-4259-bb17-5eca36377ad0:192.168.36.71:35544] with ContainerStateMachine:uninitialized
2019-08-29 10:00:44,277 [pool-730-thread-1] INFO  storage.RaftStorageDirectory (RaftStorageDirectory.java:analyzeStorage(246)) - The storage directory /workdir/hadoop-ozone/integration-test/target/test-dir/MiniOzoneClusterImpl-f14b1e95-ba00-4e6c-8692-7616f74434d5/datanode-0/data/ratis/d1c443aa-df5a-459a-b552-ddc327439cfc does not exist. Creating ...
2019-08-29 10:00:44,277 [pool-741-thread-1] INFO  server.RaftServerConfigKeys (ConfUtils.java:logGet(43)) - raft.server.rpc.timeout.min = 5s (custom)
2019-08-29 10:00:44,277 [pool-752-thread-1] INFO  impl.RaftServerImpl (RaftServerImpl.java:<init>(93)) - 0764962b-5f15-464e-b468-a2e0db5340b9: new RaftServerImpl for group-DDC327439CFC:[c4b7c157-a592-42f1-8daa-93be55f8212b:192.168.36.71:43957, 0764962b-5f15-464e-b468-a2e0db5340b9:192.168.36.71:43491, 5b8556db-8e30-4259-bb17-5eca36377ad0:192.168.36.71:35544] with ContainerStateMachine:uninitialized
2019-08-29 10:00:44,277 [pool-741-thread-1] INFO  server.RaftServerConfigKeys (ConfUtils.java:logGet(43)) - raft.server.rpc.timeout.max = 5200ms (custom)
2019-08-29 10:00:44,277 [pool-752-thread-1] INFO  server.RaftServerConfigKeys (ConfUtils.java:logGet(43)) - raft.server.rpc.timeout.min = 5s (custom)
2019-08-29 10:00:44,277 [pool-741-thread-1] INFO  server.RaftServerConfigKeys (ConfUtils.java:logGet(43)) - raft.server.rpcslowness.timeout = 120s (custom)
2019-08-29 10:00:44,277 [pool-752-thread-1] INFO  server.RaftServerConfigKeys (ConfUtils.java:logGet(43)) - raft.server.rpc.timeout.max = 5200ms (custom)
2019-08-29 10:00:44,278 [pool-741-thread-1] INFO  server.RaftServerConfigKeys (ConfUtils.java:logGet(43)) - raft.server.sleep.deviation.threshold = 300 (default)
2019-08-29 10:00:44,278 [pool-752-thread-1] INFO  server.RaftServerConfigKeys (ConfUtils.java:logGet(43)) - raft.server.rpcslowness.timeout = 120s (custom)
2019-08-29 10:00:44,278 [pool-741-thread-1] INFO  server.RaftServerConfigKeys (ConfUtils.java:logGet(43)) - raft.server.log.appender.install.snapshot.enabled = false (custom)
2019-08-29 10:00:44,278 [pool-752-thread-1] INFO  server.RaftServerConfigKeys (ConfUtils.java:logGet(43)) - raft.server.sleep.deviation.threshold = 300 (default)
2019-08-29 10:00:44,278 [pool-741-thread-1] INFO  impl.RaftServerImpl (ServerState.java:<init>(105)) - 5b8556db-8e30-4259-bb17-5eca36377ad0:group-DDC327439CFC ConfigurationManager, init=-1: [c4b7c157-a592-42f1-8daa-93be55f8212b:192.168.36.71:43957, 0764962b-5f15-464e-b468-a2e0db5340b9:192.168.36.71:43491, 5b8556db-8e30-4259-bb17-5eca36377ad0:192.168.36.71:35544], old=null, confs=<EMPTY_MAP>
2019-08-29 10:00:44,278 [pool-752-thread-1] INFO  server.RaftServerConfigKeys (ConfUtils.java:logGet(43)) - raft.server.log.appender.install.snapshot.enabled = false (custom)
2019-08-29 10:00:44,278 [pool-741-thread-1] INFO  server.RaftServerConfigKeys (ConfUtils.java:logGet(43)) - raft.server.storage.dir = [/workdir/hadoop-ozone/integration-test/target/test-dir/MiniOzoneClusterImpl-f14b1e95-ba00-4e6c-8692-7616f74434d5/datanode-1/data/ratis] (custom)
2019-08-29 10:00:44,278 [pool-752-thread-1] INFO  impl.RaftServerImpl (ServerState.java:<init>(105)) - 0764962b-5f15-464e-b468-a2e0db5340b9:group-DDC327439CFC ConfigurationManager, init=-1: [c4b7c157-a592-42f1-8daa-93be55f8212b:192.168.36.71:43957, 0764962b-5f15-464e-b468-a2e0db5340b9:192.168.36.71:43491, 5b8556db-8e30-4259-bb17-5eca36377ad0:192.168.36.71:35544], old=null, confs=<EMPTY_MAP>
2019-08-29 10:00:44,279 [pool-752-thread-1] INFO  server.RaftServerConfigKeys (ConfUtils.java:logGet(43)) - raft.server.storage.dir = [/workdir/hadoop-ozone/integration-test/target/test-dir/MiniOzoneClusterImpl-f14b1e95-ba00-4e6c-8692-7616f74434d5/datanode-2/data/ratis] (custom)
2019-08-29 10:00:44,279 [pool-741-thread-1] INFO  storage.RaftStorageDirectory (RaftStorageDirectory.java:analyzeStorage(246)) - The storage directory /workdir/hadoop-ozone/integration-test/target/test-dir/MiniOzoneClusterImpl-f14b1e95-ba00-4e6c-8692-7616f74434d5/datanode-1/data/ratis/d1c443aa-df5a-459a-b552-ddc327439cfc does not exist. Creating ...
2019-08-29 10:00:44,279 [pool-752-thread-1] INFO  storage.RaftStorageDirectory (RaftStorageDirectory.java:analyzeStorage(246)) - The storage directory /workdir/hadoop-ozone/integration-test/target/test-dir/MiniOzoneClusterImpl-f14b1e95-ba00-4e6c-8692-7616f74434d5/datanode-2/data/ratis/d1c443aa-df5a-459a-b552-ddc327439cfc does not exist. Creating ...
2019-08-29 10:00:44,290 [pool-752-thread-1] INFO  storage.RaftStorageDirectory (RaftStorageDirectory.java:tryLock(328)) - Lock on /workdir/hadoop-ozone/integration-test/target/test-dir/MiniOzoneClusterImpl-f14b1e95-ba00-4e6c-8692-7616f74434d5/datanode-2/data/ratis/d1c443aa-df5a-459a-b552-ddc327439cfc/in_use.lock acquired by nodename 23284@pr-hdds-2030-kknj5-1067311611
2019-08-29 10:00:44,290 [pool-741-thread-1] INFO  storage.RaftStorageDirectory (RaftStorageDirectory.java:tryLock(328)) - Lock on /workdir/hadoop-ozone/integration-test/target/test-dir/MiniOzoneClusterImpl-f14b1e95-ba00-4e6c-8692-7616f74434d5/datanode-1/data/ratis/d1c443aa-df5a-459a-b552-ddc327439cfc/in_use.lock acquired by nodename 23284@pr-hdds-2030-kknj5-1067311611
2019-08-29 10:00:44,290 [pool-730-thread-1] INFO  storage.RaftStorageDirectory (RaftStorageDirectory.java:tryLock(328)) - Lock on /workdir/hadoop-ozone/integration-test/target/test-dir/MiniOzoneClusterImpl-f14b1e95-ba00-4e6c-8692-7616f74434d5/datanode-0/data/ratis/d1c443aa-df5a-459a-b552-ddc327439cfc/in_use.lock acquired by nodename 23284@pr-hdds-2030-kknj5-1067311611
2019-08-29 10:00:44,304 [pool-752-thread-1] INFO  storage.RaftStorage (RaftStorage.java:format(72)) - Storage directory /workdir/hadoop-ozone/integration-test/target/test-dir/MiniOzoneClusterImpl-f14b1e95-ba00-4e6c-8692-7616f74434d5/datanode-2/data/ratis/d1c443aa-df5a-459a-b552-ddc327439cfc has been successfully formatted.
2019-08-29 10:00:44,304 [pool-730-thread-1] INFO  storage.RaftStorage (RaftStorage.java:format(72)) - Storage directory /workdir/hadoop-ozone/integration-test/target/test-dir/MiniOzoneClusterImpl-f14b1e95-ba00-4e6c-8692-7616f74434d5/datanode-0/data/ratis/d1c443aa-df5a-459a-b552-ddc327439cfc has been successfully formatted.
2019-08-29 10:00:44,304 [pool-741-thread-1] INFO  storage.RaftStorage (RaftStorage.java:format(72)) - Storage directory /workdir/hadoop-ozone/integration-test/target/test-dir/MiniOzoneClusterImpl-f14b1e95-ba00-4e6c-8692-7616f74434d5/datanode-1/data/ratis/d1c443aa-df5a-459a-b552-ddc327439cfc has been successfully formatted.
2019-08-29 10:00:44,304 [pool-752-thread-1] INFO  ratis.ContainerStateMachine (ContainerStateMachine.java:loadSnapshot(226)) - group-DDC327439CFC: The snapshot info is null. Setting the last applied indexto:(t:0, i:~)
2019-08-29 10:00:44,305 [pool-741-thread-1] INFO  ratis.ContainerStateMachine (ContainerStateMachine.java:loadSnapshot(226)) - group-DDC327439CFC: The snapshot info is null. Setting the last applied indexto:(t:0, i:~)
2019-08-29 10:00:44,305 [pool-730-thread-1] INFO  ratis.ContainerStateMachine (ContainerStateMachine.java:loadSnapshot(226)) - group-DDC327439CFC: The snapshot info is null. Setting the last applied indexto:(t:0, i:~)
2019-08-29 10:00:44,305 [pool-741-thread-1] INFO  server.RaftServerConfigKeys (ConfUtils.java:logGet(43)) - raft.server.leader.election.timeout = 120s (custom)
2019-08-29 10:00:44,305 [pool-730-thread-1] INFO  server.RaftServerConfigKeys (ConfUtils.java:logGet(43)) - raft.server.leader.election.timeout = 120s (custom)
2019-08-29 10:00:44,305 [pool-752-thread-1] INFO  server.RaftServerConfigKeys (ConfUtils.java:logGet(43)) - raft.server.leader.election.timeout = 120s (custom)
2019-08-29 10:00:44,305 [pool-730-thread-1] INFO  server.RaftServerConfigKeys (ConfUtils.java:logGet(43)) - raft.server.log.use.memory = false (default)
2019-08-29 10:00:44,305 [pool-741-thread-1] INFO  server.RaftServerConfigKeys (ConfUtils.java:logGet(43)) - raft.server.log.use.memory = false (default)
2019-08-29 10:00:44,306 [pool-730-thread-1] INFO  server.RaftServerConfigKeys (ConfUtils.java:logGet(43)) - raft.server.log.purge.gap = 1000000 (custom)
2019-08-29 10:00:44,306 [pool-752-thread-1] INFO  server.RaftServerConfigKeys (ConfUtils.java:logGet(43)) - raft.server.log.use.memory = false (default)
2019-08-29 10:00:44,306 [pool-730-thread-1] INFO  server.RaftServerConfigKeys (ConfUtils.java:logGet(43)) - raft.server.log.appender.buffer.byte-limit = 33554432 (custom)
2019-08-29 10:00:44,306 [pool-741-thread-1] INFO  server.RaftServerConfigKeys (ConfUtils.java:logGet(43)) - raft.server.log.purge.gap = 1000000 (custom)
2019-08-29 10:00:44,307 [pool-730-thread-1] INFO  server.RaftServerConfigKeys (ConfUtils.java:logGet(43)) - raft.server.log.segment.size.max = 1048576 (custom)
2019-08-29 10:00:44,306 [pool-752-thread-1] INFO  server.RaftServerConfigKeys (ConfUtils.java:logGet(43)) - raft.server.log.purge.gap = 1000000 (custom)
2019-08-29 10:00:44,307 [pool-730-thread-1] INFO  server.RaftServerConfigKeys (ConfUtils.java:logGet(43)) - raft.server.log.segment.cache.num.max = 2 (custom)
2019-08-29 10:00:44,307 [pool-741-thread-1] INFO  server.RaftServerConfigKeys (ConfUtils.java:logGet(43)) - raft.server.log.appender.buffer.byte-limit = 33554432 (custom)
2019-08-29 10:00:44,307 [pool-730-thread-1] INFO  segmented.SegmentedRaftLogWorker (SegmentedRaftLogWorker.java:<init>(172)) - new c4b7c157-a592-42f1-8daa-93be55f8212b-SegmentedRaftLogWorker:Storage Directory /workdir/hadoop-ozone/integration-test/target/test-dir/MiniOzoneClusterImpl-f14b1e95-ba00-4e6c-8692-7616f74434d5/datanode-0/data/ratis/d1c443aa-df5a-459a-b552-ddc327439cfc for RaftStorage:Storage Directory /workdir/hadoop-ozone/integration-test/target/test-dir/MiniOzoneClusterImpl-f14b1e95-ba00-4e6c-8692-7616f74434d5/datanode-0/data/ratis/d1c443aa-df5a-459a-b552-ddc327439cfc
2019-08-29 10:00:44,307 [pool-752-thread-1] INFO  server.RaftServerConfigKeys (ConfUtils.java:logGet(43)) - raft.server.log.appender.buffer.byte-limit = 33554432 (custom)
2019-08-29 10:00:44,308 [pool-730-thread-1] INFO  server.RaftServerConfigKeys (ConfUtils.java:logGet(43)) - raft.server.log.queue.byte-limit = 2147483647 (custom)
2019-08-29 10:00:44,307 [pool-741-thread-1] INFO  server.RaftServerConfigKeys (ConfUtils.java:logGet(43)) - raft.server.log.segment.size.max = 1048576 (custom)
2019-08-29 10:00:44,308 [pool-730-thread-1] INFO  server.RaftServerConfigKeys (ConfUtils.java:logGet(43)) - raft.server.log.queue.element-limit = 1024 (custom)
2019-08-29 10:00:44,308 [pool-752-thread-1] INFO  server.RaftServerConfigKeys (ConfUtils.java:logGet(43)) - raft.server.log.segment.size.max = 1048576 (custom)
2019-08-29 10:00:44,308 [pool-730-thread-1] INFO  server.RaftServerConfigKeys (ConfUtils.java:logGet(43)) - raft.server.log.segment.size.max = 1048576 (custom)
2019-08-29 10:00:44,308 [pool-741-thread-1] INFO  server.RaftServerConfigKeys (ConfUtils.java:logGet(43)) - raft.server.log.segment.cache.num.max = 2 (custom)
2019-08-29 10:00:44,309 [pool-730-thread-1] INFO  server.RaftServerConfigKeys (ConfUtils.java:logGet(43)) - raft.server.log.preallocated.size = 16384 (custom)
2019-08-29 10:00:44,308 [pool-752-thread-1] INFO  server.RaftServerConfigKeys (ConfUtils.java:logGet(43)) - raft.server.log.segment.cache.num.max = 2 (custom)
2019-08-29 10:00:44,309 [pool-730-thread-1] INFO  server.RaftServerConfigKeys (ConfUtils.java:logGet(43)) - raft.server.log.write.buffer.size = 33554432 (custom)
2019-08-29 10:00:44,309 [pool-730-thread-1] INFO  server.RaftServerConfigKeys (ConfUtils.java:logGet(43)) - raft.server.log.force.sync.num = 128 (default)
2019-08-29 10:00:44,309 [pool-741-thread-1] INFO  segmented.SegmentedRaftLogWorker (SegmentedRaftLogWorker.java:<init>(172)) - new 5b8556db-8e30-4259-bb17-5eca36377ad0-SegmentedRaftLogWorker:Storage Directory /workdir/hadoop-ozone/integration-test/target/test-dir/MiniOzoneClusterImpl-f14b1e95-ba00-4e6c-8692-7616f74434d5/datanode-1/data/ratis/d1c443aa-df5a-459a-b552-ddc327439cfc for RaftStorage:Storage Directory /workdir/hadoop-ozone/integration-test/target/test-dir/MiniOzoneClusterImpl-f14b1e95-ba00-4e6c-8692-7616f74434d5/datanode-1/data/ratis/d1c443aa-df5a-459a-b552-ddc327439cfc
2019-08-29 10:00:44,309 [pool-730-thread-1] INFO  server.RaftServerConfigKeys (ConfUtils.java:logGet(43)) - raft.server.log.statemachine.data.sync = true (default)
2019-08-29 10:00:44,310 [pool-730-thread-1] INFO  server.RaftServerConfigKeys (ConfUtils.java:logGet(43)) - raft.server.log.statemachine.data.sync.timeout = 10s (default)
2019-08-29 10:00:44,309 [pool-752-thread-1] INFO  segmented.SegmentedRaftLogWorker (SegmentedRaftLogWorker.java:<init>(172)) - new 0764962b-5f15-464e-b468-a2e0db5340b9-SegmentedRaftLogWorker:Storage Directory /workdir/hadoop-ozone/integration-test/target/test-dir/MiniOzoneClusterImpl-f14b1e95-ba00-4e6c-8692-7616f74434d5/datanode-2/data/ratis/d1c443aa-df5a-459a-b552-ddc327439cfc for RaftStorage:Storage Directory /workdir/hadoop-ozone/integration-test/target/test-dir/MiniOzoneClusterImpl-f14b1e95-ba00-4e6c-8692-7616f74434d5/datanode-2/data/ratis/d1c443aa-df5a-459a-b552-ddc327439cfc
2019-08-29 10:00:44,310 [pool-730-thread-1] INFO  server.RaftServerConfigKeys (ConfUtils.java:logGet(43)) - raft.server.log.statemachine.data.sync.timeout.retry = -1 (default)
2019-08-29 10:00:44,310 [pool-741-thread-1] INFO  server.RaftServerConfigKeys (ConfUtils.java:logGet(43)) - raft.server.log.queue.byte-limit = 2147483647 (custom)
2019-08-29 10:00:44,310 [pool-730-thread-1] INFO  server.RaftServerConfigKeys (ConfUtils.java:logGet(43)) - raft.server.log.statemachine.data.caching.enabled = true (custom)
2019-08-29 10:00:44,310 [pool-752-thread-1] INFO  server.RaftServerConfigKeys (ConfUtils.java:logGet(43)) - raft.server.log.queue.byte-limit = 2147483647 (custom)
2019-08-29 10:00:44,311 [pool-752-thread-1] INFO  server.RaftServerConfigKeys (ConfUtils.java:logGet(43)) - raft.server.log.queue.element-limit = 1024 (custom)
2019-08-29 10:00:44,311 [pool-741-thread-1] INFO  server.RaftServerConfigKeys (ConfUtils.java:logGet(43)) - raft.server.log.queue.element-limit = 1024 (custom)
2019-08-29 10:00:44,311 [pool-752-thread-1] INFO  server.RaftServerConfigKeys (ConfUtils.java:logGet(43)) - raft.server.log.segment.size.max = 1048576 (custom)
2019-08-29 10:00:44,311 [pool-730-thread-1] INFO  segmented.SegmentedRaftLogWorker (SegmentedRaftLogWorker.java:lambda$new$0(132)) - c4b7c157-a592-42f1-8daa-93be55f8212b-SegmentedRaftLogWorker:Storage Directory /workdir/hadoop-ozone/integration-test/target/test-dir/MiniOzoneClusterImpl-f14b1e95-ba00-4e6c-8692-7616f74434d5/datanode-0/data/ratis/d1c443aa-df5a-459a-b552-ddc327439cfc: flushIndex: setUnconditionally 0 -> -1
2019-08-29 10:00:44,311 [pool-752-thread-1] INFO  server.RaftServerConfigKeys (ConfUtils.java:logGet(43)) - raft.server.log.preallocated.size = 16384 (custom)
2019-08-29 10:00:44,312 [pool-752-thread-1] INFO  server.RaftServerConfigKeys (ConfUtils.java:logGet(43)) - raft.server.log.write.buffer.size = 33554432 (custom)
2019-08-29 10:00:44,312 [pool-730-thread-1] INFO  server.RaftServerConfigKeys (ConfUtils.java:logGet(43)) - raft.server.snapshot.auto.trigger.enabled = true (custom)
2019-08-29 10:00:44,311 [pool-741-thread-1] INFO  server.RaftServerConfigKeys (ConfUtils.java:logGet(43)) - raft.server.log.segment.size.max = 1048576 (custom)
2019-08-29 10:00:44,312 [pool-730-thread-1] INFO  server.RaftServerConfigKeys (ConfUtils.java:logGet(43)) - raft.server.snapshot.auto.trigger.threshold = 10000 (custom)
2019-08-29 10:00:44,312 [pool-752-thread-1] INFO  server.RaftServerConfigKeys (ConfUtils.java:logGet(43)) - raft.server.log.force.sync.num = 128 (default)
2019-08-29 10:00:44,312 [pool-730-thread-1] INFO  server.RaftServerConfigKeys (ConfUtils.java:logGet(43)) - raft.server.retrycache.expirytime = 600000ms (custom)
2019-08-29 10:00:44,312 [pool-741-thread-1] INFO  server.RaftServerConfigKeys (ConfUtils.java:logGet(43)) - raft.server.log.preallocated.size = 16384 (custom)
2019-08-29 10:00:44,313 [pool-730-thread-1] INFO  impl.RaftServerImpl (RaftServerImpl.java:start(180)) - c4b7c157-a592-42f1-8daa-93be55f8212b: start group-DDC327439CFC
2019-08-29 10:00:44,313 [pool-752-thread-1] INFO  server.RaftServerConfigKeys (ConfUtils.java:logGet(43)) - raft.server.log.statemachine.data.sync = true (default)
2019-08-29 10:00:44,313 [pool-730-thread-1] INFO  impl.RaftServerImpl (RaftServerImpl.java:setRole(171)) - c4b7c157-a592-42f1-8daa-93be55f8212b:group-DDC327439CFC changes role from null to FOLLOWER at term 0 for startAsFollower
2019-08-29 10:00:44,313 [pool-741-thread-1] INFO  server.RaftServerConfigKeys (ConfUtils.java:logGet(43)) - raft.server.log.write.buffer.size = 33554432 (custom)
2019-08-29 10:00:44,313 [pool-730-thread-1] INFO  impl.RoleInfo (RoleInfo.java:updateAndGet(143)) - c4b7c157-a592-42f1-8daa-93be55f8212b: start FollowerState
2019-08-29 10:00:44,313 [pool-752-thread-1] INFO  server.RaftServerConfigKeys (ConfUtils.java:logGet(43)) - raft.server.log.statemachine.data.sync.timeout = 10s (default)
2019-08-29 10:00:44,314 [pool-752-thread-1] INFO  server.RaftServerConfigKeys (ConfUtils.java:logGet(43)) - raft.server.log.statemachine.data.sync.timeout.retry = -1 (default)
2019-08-29 10:00:44,314 [pool-741-thread-1] INFO  server.RaftServerConfigKeys (ConfUtils.java:logGet(43)) - raft.server.log.force.sync.num = 128 (default)
2019-08-29 10:00:44,314 [pool-730-thread-1] INFO  util.JmxRegister (JmxRegister.java:tryRegister(44)) - Successfully registered JMX Bean with object name Ratis:service=RaftServer,group=group-DDC327439CFC,id=c4b7c157-a592-42f1-8daa-93be55f8212b
2019-08-29 10:00:44,314 [pool-752-thread-1] INFO  server.RaftServerConfigKeys (ConfUtils.java:logGet(43)) - raft.server.log.statemachine.data.caching.enabled = true (custom)
2019-08-29 10:00:44,314 [pool-741-thread-1] INFO  server.RaftServerConfigKeys (ConfUtils.java:logGet(43)) - raft.server.log.statemachine.data.sync = true (default)
2019-08-29 10:00:44,315 [pool-752-thread-1] INFO  segmented.SegmentedRaftLogWorker (SegmentedRaftLogWorker.java:lambda$new$0(132)) - 0764962b-5f15-464e-b468-a2e0db5340b9-SegmentedRaftLogWorker:Storage Directory /workdir/hadoop-ozone/integration-test/target/test-dir/MiniOzoneClusterImpl-f14b1e95-ba00-4e6c-8692-7616f74434d5/datanode-2/data/ratis/d1c443aa-df5a-459a-b552-ddc327439cfc: flushIndex: setUnconditionally 0 -> -1
2019-08-29 10:00:44,315 [pool-741-thread-1] INFO  server.RaftServerConfigKeys (ConfUtils.java:logGet(43)) - raft.server.log.statemachine.data.sync.timeout = 10s (default)
2019-08-29 10:00:44,315 [pool-741-thread-1] INFO  server.RaftServerConfigKeys (ConfUtils.java:logGet(43)) - raft.server.log.statemachine.data.sync.timeout.retry = -1 (default)
2019-08-29 10:00:44,315 [pool-752-thread-1] INFO  server.RaftServerConfigKeys (ConfUtils.java:logGet(43)) - raft.server.snapshot.auto.trigger.enabled = true (custom)
2019-08-29 10:00:44,315 [pool-752-thread-1] INFO  server.RaftServerConfigKeys (ConfUtils.java:logGet(43)) - raft.server.snapshot.auto.trigger.threshold = 10000 (custom)
2019-08-29 10:00:44,315 [pool-741-thread-1] INFO  server.RaftServerConfigKeys (ConfUtils.java:logGet(43)) - raft.server.log.statemachine.data.caching.enabled = true (custom)
2019-08-29 10:00:44,316 [pool-752-thread-1] INFO  server.RaftServerConfigKeys (ConfUtils.java:logGet(43)) - raft.server.retrycache.expirytime = 600000ms (custom)
2019-08-29 10:00:44,316 [pool-741-thread-1] INFO  segmented.SegmentedRaftLogWorker (SegmentedRaftLogWorker.java:lambda$new$0(132)) - 5b8556db-8e30-4259-bb17-5eca36377ad0-SegmentedRaftLogWorker:Storage Directory /workdir/hadoop-ozone/integration-test/target/test-dir/MiniOzoneClusterImpl-f14b1e95-ba00-4e6c-8692-7616f74434d5/datanode-1/data/ratis/d1c443aa-df5a-459a-b552-ddc327439cfc: flushIndex: setUnconditionally 0 -> -1
2019-08-29 10:00:44,316 [pool-752-thread-1] INFO  impl.RaftServerImpl (RaftServerImpl.java:start(180)) - 0764962b-5f15-464e-b468-a2e0db5340b9: start group-DDC327439CFC
2019-08-29 10:00:44,316 [pool-752-thread-1] INFO  impl.RaftServerImpl (RaftServerImpl.java:setRole(171)) - 0764962b-5f15-464e-b468-a2e0db5340b9:group-DDC327439CFC changes role from null to FOLLOWER at term 0 for startAsFollower
2019-08-29 10:00:44,316 [pool-741-thread-1] INFO  server.RaftServerConfigKeys (ConfUtils.java:logGet(43)) - raft.server.snapshot.auto.trigger.enabled = true (custom)
2019-08-29 10:00:44,316 [pool-752-thread-1] INFO  impl.RoleInfo (RoleInfo.java:updateAndGet(143)) - 0764962b-5f15-464e-b468-a2e0db5340b9: start FollowerState
2019-08-29 10:00:44,316 [pool-741-thread-1] INFO  server.RaftServerConfigKeys (ConfUtils.java:logGet(43)) - raft.server.snapshot.auto.trigger.threshold = 10000 (custom)
2019-08-29 10:00:44,317 [pool-741-thread-1] INFO  server.RaftServerConfigKeys (ConfUtils.java:logGet(43)) - raft.server.retrycache.expirytime = 600000ms (custom)
2019-08-29 10:00:44,317 [pool-752-thread-1] INFO  util.JmxRegister (JmxRegister.java:tryRegister(44)) - Successfully registered JMX Bean with object name Ratis:service=RaftServer,group=group-DDC327439CFC,id=0764962b-5f15-464e-b468-a2e0db5340b9
2019-08-29 10:00:44,317 [pool-741-thread-1] INFO  impl.RaftServerImpl (RaftServerImpl.java:start(180)) - 5b8556db-8e30-4259-bb17-5eca36377ad0: start group-DDC327439CFC
2019-08-29 10:00:44,317 [pool-741-thread-1] INFO  impl.RaftServerImpl (RaftServerImpl.java:setRole(171)) - 5b8556db-8e30-4259-bb17-5eca36377ad0:group-DDC327439CFC changes role from null to FOLLOWER at term 0 for startAsFollower
2019-08-29 10:00:44,317 [pool-741-thread-1] INFO  impl.RoleInfo (RoleInfo.java:updateAndGet(143)) - 5b8556db-8e30-4259-bb17-5eca36377ad0: start FollowerState
2019-08-29 10:00:44,318 [pool-741-thread-1] INFO  util.JmxRegister (JmxRegister.java:tryRegister(44)) - Successfully registered JMX Bean with object name Ratis:service=RaftServer,group=group-DDC327439CFC,id=5b8556db-8e30-4259-bb17-5eca36377ad0
2019-08-29 10:00:44,320 [RatisPipelineUtilsThread] INFO  pipeline.PipelineStateManager (PipelineStateManager.java:addPipeline(56)) - Created pipeline Pipeline[ Id: d1c443aa-df5a-459a-b552-ddc327439cfc, Nodes: c4b7c157-a592-42f1-8daa-93be55f8212b{ip: 192.168.36.71, host: pr-hdds-2030-kknj5-1067311611, networkLocation: /default-rack, certSerialId: null}0764962b-5f15-464e-b468-a2e0db5340b9{ip: 192.168.36.71, host: pr-hdds-2030-kknj5-1067311611, networkLocation: /default-rack, certSerialId: null}5b8556db-8e30-4259-bb17-5eca36377ad0{ip: 192.168.36.71, host: pr-hdds-2030-kknj5-1067311611, networkLocation: /default-rack, certSerialId: null}, Type:RATIS, Factor:THREE, State:OPEN]
2019-08-29 10:00:44,337 [main] INFO  ozone.MiniOzoneClusterImpl (MiniOzoneClusterImpl.java:lambda$waitForClusterToBeReady$0(142)) - Waiting for cluster to be ready. Got 3 of 7 DN Heartbeats.
2019-08-29 10:00:44,426 [IPC Server handler 5 on 37717] INFO  net.NetworkTopology (NetworkTopologyImpl.java:add(110)) - Added a new node: /default-rack/1172efdb-db01-40ba-b2d8-1219aa980c8c
2019-08-29 10:00:44,426 [IPC Server handler 5 on 37717] INFO  node.SCMNodeManager (SCMNodeManager.java:register(273)) - Registered Data node : 1172efdb-db01-40ba-b2d8-1219aa980c8c{ip: 192.168.36.71, host: pr-hdds-2030-kknj5-1067311611, networkLocation: /default-rack, certSerialId: null}
2019-08-29 10:00:44,426 | INFO  | SCMAudit | user=jenkins1000 | ip=192.168.36.71 | op=REGISTER {datanodeDetails=1172efdb-db01-40ba-b2d8-1219aa980c8c{ip: 192.168.36.71, host: pr-hdds-2030-kknj5-1067311611, networkLocation: /default-rack, certSerialId: null}} | ret=SUCCESS |  
2019-08-29 10:00:44,433 [grpc-default-executor-7] INFO  impl.RaftServerProxy (RaftServerProxy.java:addNew(89)) - 1172efdb-db01-40ba-b2d8-1219aa980c8c: addNew group-1DE8FCE05D20:[1172efdb-db01-40ba-b2d8-1219aa980c8c:192.168.36.71:36989] returns group-1DE8FCE05D20:java.util.concurrent.CompletableFuture@31057e6b[Not completed]
2019-08-29 10:00:44,435 [pool-763-thread-1] INFO  impl.RaftServerImpl (RaftServerImpl.java:<init>(93)) - 1172efdb-db01-40ba-b2d8-1219aa980c8c: new RaftServerImpl for group-1DE8FCE05D20:[1172efdb-db01-40ba-b2d8-1219aa980c8c:192.168.36.71:36989] with ContainerStateMachine:uninitialized
2019-08-29 10:00:44,435 [pool-763-thread-1] INFO  server.RaftServerConfigKeys (ConfUtils.java:logGet(43)) - raft.server.rpc.timeout.min = 5s (custom)
2019-08-29 10:00:44,435 [pool-763-thread-1] INFO  server.RaftServerConfigKeys (ConfUtils.java:logGet(43)) - raft.server.rpc.timeout.max = 5200ms (custom)
2019-08-29 10:00:44,435 [pool-763-thread-1] INFO  server.RaftServerConfigKeys (ConfUtils.java:logGet(43)) - raft.server.rpcslowness.timeout = 120s (custom)
2019-08-29 10:00:44,435 [pool-763-thread-1] INFO  server.RaftServerConfigKeys (ConfUtils.java:logGet(43)) - raft.server.sleep.deviation.threshold = 300 (default)
2019-08-29 10:00:44,435 [pool-763-thread-1] INFO  server.RaftServerConfigKeys (ConfUtils.java:logGet(43)) - raft.server.log.appender.install.snapshot.enabled = false (custom)
2019-08-29 10:00:44,435 [pool-763-thread-1] INFO  impl.RaftServerImpl (ServerState.java:<init>(105)) - 1172efdb-db01-40ba-b2d8-1219aa980c8c:group-1DE8FCE05D20 ConfigurationManager, init=-1: [1172efdb-db01-40ba-b2d8-1219aa980c8c:192.168.36.71:36989], old=null, confs=<EMPTY_MAP>
2019-08-29 10:00:44,436 [pool-763-thread-1] INFO  server.RaftServerConfigKeys (ConfUtils.java:logGet(43)) - raft.server.storage.dir = [/workdir/hadoop-ozone/integration-test/target/test-dir/MiniOzoneClusterImpl-f14b1e95-ba00-4e6c-8692-7616f74434d5/datanode-3/data/ratis] (custom)
2019-08-29 10:00:44,436 [pool-763-thread-1] INFO  storage.RaftStorageDirectory (RaftStorageDirectory.java:analyzeStorage(246)) - The storage directory /workdir/hadoop-ozone/integration-test/target/test-dir/MiniOzoneClusterImpl-f14b1e95-ba00-4e6c-8692-7616f74434d5/datanode-3/data/ratis/b1ef3a4f-1148-4c1c-901e-1de8fce05d20 does not exist. Creating ...
2019-08-29 10:00:44,475 [pool-763-thread-1] INFO  storage.RaftStorageDirectory (RaftStorageDirectory.java:tryLock(328)) - Lock on /workdir/hadoop-ozone/integration-test/target/test-dir/MiniOzoneClusterImpl-f14b1e95-ba00-4e6c-8692-7616f74434d5/datanode-3/data/ratis/b1ef3a4f-1148-4c1c-901e-1de8fce05d20/in_use.lock acquired by nodename 23284@pr-hdds-2030-kknj5-1067311611
2019-08-29 10:00:44,515 [pool-763-thread-1] INFO  storage.RaftStorage (RaftStorage.java:format(72)) - Storage directory /workdir/hadoop-ozone/integration-test/target/test-dir/MiniOzoneClusterImpl-f14b1e95-ba00-4e6c-8692-7616f74434d5/datanode-3/data/ratis/b1ef3a4f-1148-4c1c-901e-1de8fce05d20 has been successfully formatted.
2019-08-29 10:00:44,515 [pool-763-thread-1] INFO  ratis.ContainerStateMachine (ContainerStateMachine.java:loadSnapshot(226)) - group-1DE8FCE05D20: The snapshot info is null. Setting the last applied indexto:(t:0, i:~)
2019-08-29 10:00:44,516 [pool-763-thread-1] INFO  server.RaftServerConfigKeys (ConfUtils.java:logGet(43)) - raft.server.leader.election.timeout = 120s (custom)
2019-08-29 10:00:44,516 [pool-763-thread-1] INFO  server.RaftServerConfigKeys (ConfUtils.java:logGet(43)) - raft.server.log.use.memory = false (default)
2019-08-29 10:00:44,516 [pool-763-thread-1] INFO  server.RaftServerConfigKeys (ConfUtils.java:logGet(43)) - raft.server.log.purge.gap = 1000000 (custom)
2019-08-29 10:00:44,516 [pool-763-thread-1] INFO  server.RaftServerConfigKeys (ConfUtils.java:logGet(43)) - raft.server.log.appender.buffer.byte-limit = 33554432 (custom)
2019-08-29 10:00:44,516 [pool-763-thread-1] INFO  server.RaftServerConfigKeys (ConfUtils.java:logGet(43)) - raft.server.log.segment.size.max = 1048576 (custom)
2019-08-29 10:00:44,516 [pool-763-thread-1] INFO  server.RaftServerConfigKeys (ConfUtils.java:logGet(43)) - raft.server.log.segment.cache.num.max = 2 (custom)
2019-08-29 10:00:44,517 [pool-763-thread-1] INFO  segmented.SegmentedRaftLogWorker (SegmentedRaftLogWorker.java:<init>(172)) - new 1172efdb-db01-40ba-b2d8-1219aa980c8c-SegmentedRaftLogWorker:Storage Directory /workdir/hadoop-ozone/integration-test/target/test-dir/MiniOzoneClusterImpl-f14b1e95-ba00-4e6c-8692-7616f74434d5/datanode-3/data/ratis/b1ef3a4f-1148-4c1c-901e-1de8fce05d20 for RaftStorage:Storage Directory /workdir/hadoop-ozone/integration-test/target/test-dir/MiniOzoneClusterImpl-f14b1e95-ba00-4e6c-8692-7616f74434d5/datanode-3/data/ratis/b1ef3a4f-1148-4c1c-901e-1de8fce05d20
2019-08-29 10:00:44,517 [pool-763-thread-1] INFO  server.RaftServerConfigKeys (ConfUtils.java:logGet(43)) - raft.server.log.queue.byte-limit = 2147483647 (custom)
2019-08-29 10:00:44,517 [pool-763-thread-1] INFO  server.RaftServerConfigKeys (ConfUtils.java:logGet(43)) - raft.server.log.queue.element-limit = 1024 (custom)
2019-08-29 10:00:44,517 [pool-763-thread-1] INFO  server.RaftServerConfigKeys (ConfUtils.java:logGet(43)) - raft.server.log.segment.size.max = 1048576 (custom)
2019-08-29 10:00:44,517 [pool-763-thread-1] INFO  server.RaftServerConfigKeys (ConfUtils.java:logGet(43)) - raft.server.log.preallocated.size = 16384 (custom)
2019-08-29 10:00:44,518 [pool-763-thread-1] INFO  server.RaftServerConfigKeys (ConfUtils.java:logGet(43)) - raft.server.log.write.buffer.size = 33554432 (custom)
2019-08-29 10:00:44,518 [pool-763-thread-1] INFO  server.RaftServerConfigKeys (ConfUtils.java:logGet(43)) - raft.server.log.force.sync.num = 128 (default)
2019-08-29 10:00:44,518 [pool-763-thread-1] INFO  server.RaftServerConfigKeys (ConfUtils.java:logGet(43)) - raft.server.log.statemachine.data.sync = true (default)
2019-08-29 10:00:44,518 [pool-763-thread-1] INFO  server.RaftServerConfigKeys (ConfUtils.java:logGet(43)) - raft.server.log.statemachine.data.sync.timeout = 10s (default)
2019-08-29 10:00:44,518 [pool-763-thread-1] INFO  server.RaftServerConfigKeys (ConfUtils.java:logGet(43)) - raft.server.log.statemachine.data.sync.timeout.retry = -1 (default)
2019-08-29 10:00:44,518 [pool-763-thread-1] INFO  server.RaftServerConfigKeys (ConfUtils.java:logGet(43)) - raft.server.log.statemachine.data.caching.enabled = true (custom)
2019-08-29 10:00:44,519 [pool-763-thread-1] INFO  segmented.SegmentedRaftLogWorker (SegmentedRaftLogWorker.java:lambda$new$0(132)) - 1172efdb-db01-40ba-b2d8-1219aa980c8c-SegmentedRaftLogWorker:Storage Directory /workdir/hadoop-ozone/integration-test/target/test-dir/MiniOzoneClusterImpl-f14b1e95-ba00-4e6c-8692-7616f74434d5/datanode-3/data/ratis/b1ef3a4f-1148-4c1c-901e-1de8fce05d20: flushIndex: setUnconditionally 0 -> -1
2019-08-29 10:00:44,519 [pool-763-thread-1] INFO  server.RaftServerConfigKeys (ConfUtils.java:logGet(43)) - raft.server.snapshot.auto.trigger.enabled = true (custom)
2019-08-29 10:00:44,519 [pool-763-thread-1] INFO  server.RaftServerConfigKeys (ConfUtils.java:logGet(43)) - raft.server.snapshot.auto.trigger.threshold = 10000 (custom)
2019-08-29 10:00:44,520 [pool-763-thread-1] INFO  server.RaftServerConfigKeys (ConfUtils.java:logGet(43)) - raft.server.retrycache.expirytime = 600000ms (custom)
2019-08-29 10:00:44,520 [pool-763-thread-1] INFO  impl.RaftServerImpl (RaftServerImpl.java:start(180)) - 1172efdb-db01-40ba-b2d8-1219aa980c8c: start group-1DE8FCE05D20
2019-08-29 10:00:44,520 [pool-763-thread-1] INFO  impl.RaftServerImpl (RaftServerImpl.java:setRole(171)) - 1172efdb-db01-40ba-b2d8-1219aa980c8c:group-1DE8FCE05D20 changes role from null to FOLLOWER at term 0 for startAsFollower
2019-08-29 10:00:44,520 [pool-763-thread-1] INFO  impl.RoleInfo (RoleInfo.java:updateAndGet(143)) - 1172efdb-db01-40ba-b2d8-1219aa980c8c: start FollowerState
2019-08-29 10:00:44,520 [pool-763-thread-1] INFO  util.JmxRegister (JmxRegister.java:tryRegister(44)) - Successfully registered JMX Bean with object name Ratis:service=RaftServer,group=group-1DE8FCE05D20,id=1172efdb-db01-40ba-b2d8-1219aa980c8c
2019-08-29 10:00:44,523 [RatisPipelineUtilsThread] INFO  pipeline.PipelineStateManager (PipelineStateManager.java:addPipeline(56)) - Created pipeline Pipeline[ Id: b1ef3a4f-1148-4c1c-901e-1de8fce05d20, Nodes: 1172efdb-db01-40ba-b2d8-1219aa980c8c{ip: 192.168.36.71, host: pr-hdds-2030-kknj5-1067311611, networkLocation: /default-rack, certSerialId: null}, Type:RATIS, Factor:ONE, State:OPEN]
2019-08-29 10:00:44,619 [IPC Server handler 4 on 37717] INFO  net.NetworkTopology (NetworkTopologyImpl.java:add(110)) - Added a new node: /default-rack/1f9ce788-27f8-4fe6-818b-71130e2aa710
2019-08-29 10:00:44,619 [IPC Server handler 4 on 37717] INFO  node.SCMNodeManager (SCMNodeManager.java:register(273)) - Registered Data node : 1f9ce788-27f8-4fe6-818b-71130e2aa710{ip: 192.168.36.71, host: pr-hdds-2030-kknj5-1067311611, networkLocation: /default-rack, certSerialId: null}
2019-08-29 10:00:44,622 | INFO  | SCMAudit | user=jenkins1000 | ip=192.168.36.71 | op=REGISTER {datanodeDetails=1f9ce788-27f8-4fe6-818b-71130e2aa710{ip: 192.168.36.71, host: pr-hdds-2030-kknj5-1067311611, networkLocation: /default-rack, certSerialId: null}} | ret=SUCCESS |  
2019-08-29 10:00:44,628 [grpc-default-executor-7] INFO  impl.RaftServerProxy (RaftServerProxy.java:addNew(89)) - 1f9ce788-27f8-4fe6-818b-71130e2aa710: addNew group-0A224A3EC114:[1f9ce788-27f8-4fe6-818b-71130e2aa710:192.168.36.71:43656] returns group-0A224A3EC114:java.util.concurrent.CompletableFuture@238727ee[Not completed]
2019-08-29 10:00:44,629 [pool-774-thread-1] INFO  impl.RaftServerImpl (RaftServerImpl.java:<init>(93)) - 1f9ce788-27f8-4fe6-818b-71130e2aa710: new RaftServerImpl for group-0A224A3EC114:[1f9ce788-27f8-4fe6-818b-71130e2aa710:192.168.36.71:43656] with ContainerStateMachine:uninitialized
2019-08-29 10:00:44,630 [pool-774-thread-1] INFO  server.RaftServerConfigKeys (ConfUtils.java:logGet(43)) - raft.server.rpc.timeout.min = 5s (custom)
2019-08-29 10:00:44,630 [pool-774-thread-1] INFO  server.RaftServerConfigKeys (ConfUtils.java:logGet(43)) - raft.server.rpc.timeout.max = 5200ms (custom)
2019-08-29 10:00:44,630 [pool-774-thread-1] INFO  server.RaftServerConfigKeys (ConfUtils.java:logGet(43)) - raft.server.rpcslowness.timeout = 120s (custom)
2019-08-29 10:00:44,630 [pool-774-thread-1] INFO  server.RaftServerConfigKeys (ConfUtils.java:logGet(43)) - raft.server.sleep.deviation.threshold = 300 (default)
2019-08-29 10:00:44,630 [pool-774-thread-1] INFO  server.RaftServerConfigKeys (ConfUtils.java:logGet(43)) - raft.server.log.appender.install.snapshot.enabled = false (custom)
2019-08-29 10:00:44,630 [pool-774-thread-1] INFO  impl.RaftServerImpl (ServerState.java:<init>(105)) - 1f9ce788-27f8-4fe6-818b-71130e2aa710:group-0A224A3EC114 ConfigurationManager, init=-1: [1f9ce788-27f8-4fe6-818b-71130e2aa710:192.168.36.71:43656], old=null, confs=<EMPTY_MAP>
2019-08-29 10:00:44,630 [pool-774-thread-1] INFO  server.RaftServerConfigKeys (ConfUtils.java:logGet(43)) - raft.server.storage.dir = [/workdir/hadoop-ozone/integration-test/target/test-dir/MiniOzoneClusterImpl-f14b1e95-ba00-4e6c-8692-7616f74434d5/datanode-4/data/ratis] (custom)
2019-08-29 10:00:44,631 [pool-774-thread-1] INFO  storage.RaftStorageDirectory (RaftStorageDirectory.java:analyzeStorage(246)) - The storage directory /workdir/hadoop-ozone/integration-test/target/test-dir/MiniOzoneClusterImpl-f14b1e95-ba00-4e6c-8692-7616f74434d5/datanode-4/data/ratis/c51ca3db-2c7d-40eb-8c8a-0a224a3ec114 does not exist. Creating ...
2019-08-29 10:00:44,659 [pool-774-thread-1] INFO  storage.RaftStorageDirectory (RaftStorageDirectory.java:tryLock(328)) - Lock on /workdir/hadoop-ozone/integration-test/target/test-dir/MiniOzoneClusterImpl-f14b1e95-ba00-4e6c-8692-7616f74434d5/datanode-4/data/ratis/c51ca3db-2c7d-40eb-8c8a-0a224a3ec114/in_use.lock acquired by nodename 23284@pr-hdds-2030-kknj5-1067311611
2019-08-29 10:00:44,686 [pool-774-thread-1] INFO  storage.RaftStorage (RaftStorage.java:format(72)) - Storage directory /workdir/hadoop-ozone/integration-test/target/test-dir/MiniOzoneClusterImpl-f14b1e95-ba00-4e6c-8692-7616f74434d5/datanode-4/data/ratis/c51ca3db-2c7d-40eb-8c8a-0a224a3ec114 has been successfully formatted.
2019-08-29 10:00:44,686 [pool-774-thread-1] INFO  ratis.ContainerStateMachine (ContainerStateMachine.java:loadSnapshot(226)) - group-0A224A3EC114: The snapshot info is null. Setting the last applied indexto:(t:0, i:~)
2019-08-29 10:00:44,686 [pool-774-thread-1] INFO  server.RaftServerConfigKeys (ConfUtils.java:logGet(43)) - raft.server.leader.election.timeout = 120s (custom)
2019-08-29 10:00:44,686 [pool-774-thread-1] INFO  server.RaftServerConfigKeys (ConfUtils.java:logGet(43)) - raft.server.log.use.memory = false (default)
2019-08-29 10:00:44,687 [pool-774-thread-1] INFO  server.RaftServerConfigKeys (ConfUtils.java:logGet(43)) - raft.server.log.purge.gap = 1000000 (custom)
2019-08-29 10:00:44,687 [pool-774-thread-1] INFO  server.RaftServerConfigKeys (ConfUtils.java:logGet(43)) - raft.server.log.appender.buffer.byte-limit = 33554432 (custom)
2019-08-29 10:00:44,687 [pool-774-thread-1] INFO  server.RaftServerConfigKeys (ConfUtils.java:logGet(43)) - raft.server.log.segment.size.max = 1048576 (custom)
2019-08-29 10:00:44,687 [pool-774-thread-1] INFO  server.RaftServerConfigKeys (ConfUtils.java:logGet(43)) - raft.server.log.segment.cache.num.max = 2 (custom)
2019-08-29 10:00:44,687 [pool-774-thread-1] INFO  segmented.SegmentedRaftLogWorker (SegmentedRaftLogWorker.java:<init>(172)) - new 1f9ce788-27f8-4fe6-818b-71130e2aa710-SegmentedRaftLogWorker:Storage Directory /workdir/hadoop-ozone/integration-test/target/test-dir/MiniOzoneClusterImpl-f14b1e95-ba00-4e6c-8692-7616f74434d5/datanode-4/data/ratis/c51ca3db-2c7d-40eb-8c8a-0a224a3ec114 for RaftStorage:Storage Directory /workdir/hadoop-ozone/integration-test/target/test-dir/MiniOzoneClusterImpl-f14b1e95-ba00-4e6c-8692-7616f74434d5/datanode-4/data/ratis/c51ca3db-2c7d-40eb-8c8a-0a224a3ec114
2019-08-29 10:00:44,687 [pool-774-thread-1] INFO  server.RaftServerConfigKeys (ConfUtils.java:logGet(43)) - raft.server.log.queue.byte-limit = 2147483647 (custom)
2019-08-29 10:00:44,688 [pool-774-thread-1] INFO  server.RaftServerConfigKeys (ConfUtils.java:logGet(43)) - raft.server.log.queue.element-limit = 1024 (custom)
2019-08-29 10:00:44,688 [pool-774-thread-1] INFO  server.RaftServerConfigKeys (ConfUtils.java:logGet(43)) - raft.server.log.segment.size.max = 1048576 (custom)
2019-08-29 10:00:44,688 [pool-774-thread-1] INFO  server.RaftServerConfigKeys (ConfUtils.java:logGet(43)) - raft.server.log.preallocated.size = 16384 (custom)
2019-08-29 10:00:44,688 [pool-774-thread-1] INFO  server.RaftServerConfigKeys (ConfUtils.java:logGet(43)) - raft.server.log.write.buffer.size = 33554432 (custom)
2019-08-29 10:00:44,688 [pool-774-thread-1] INFO  server.RaftServerConfigKeys (ConfUtils.java:logGet(43)) - raft.server.log.force.sync.num = 128 (default)
2019-08-29 10:00:44,688 [pool-774-thread-1] INFO  server.RaftServerConfigKeys (ConfUtils.java:logGet(43)) - raft.server.log.statemachine.data.sync = true (default)
2019-08-29 10:00:44,688 [pool-774-thread-1] INFO  server.RaftServerConfigKeys (ConfUtils.java:logGet(43)) - raft.server.log.statemachine.data.sync.timeout = 10s (default)
2019-08-29 10:00:44,689 [pool-774-thread-1] INFO  server.RaftServerConfigKeys (ConfUtils.java:logGet(43)) - raft.server.log.statemachine.data.sync.timeout.retry = -1 (default)
2019-08-29 10:00:44,689 [pool-774-thread-1] INFO  server.RaftServerConfigKeys (ConfUtils.java:logGet(43)) - raft.server.log.statemachine.data.caching.enabled = true (custom)
2019-08-29 10:00:44,689 [pool-774-thread-1] INFO  segmented.SegmentedRaftLogWorker (SegmentedRaftLogWorker.java:lambda$new$0(132)) - 1f9ce788-27f8-4fe6-818b-71130e2aa710-SegmentedRaftLogWorker:Storage Directory /workdir/hadoop-ozone/integration-test/target/test-dir/MiniOzoneClusterImpl-f14b1e95-ba00-4e6c-8692-7616f74434d5/datanode-4/data/ratis/c51ca3db-2c7d-40eb-8c8a-0a224a3ec114: flushIndex: setUnconditionally 0 -> -1
2019-08-29 10:00:44,690 [pool-774-thread-1] INFO  server.RaftServerConfigKeys (ConfUtils.java:logGet(43)) - raft.server.snapshot.auto.trigger.enabled = true (custom)
2019-08-29 10:00:44,690 [pool-774-thread-1] INFO  server.RaftServerConfigKeys (ConfUtils.java:logGet(43)) - raft.server.snapshot.auto.trigger.threshold = 10000 (custom)
2019-08-29 10:00:44,690 [pool-774-thread-1] INFO  server.RaftServerConfigKeys (ConfUtils.java:logGet(43)) - raft.server.retrycache.expirytime = 600000ms (custom)
2019-08-29 10:00:44,690 [pool-774-thread-1] INFO  impl.RaftServerImpl (RaftServerImpl.java:start(180)) - 1f9ce788-27f8-4fe6-818b-71130e2aa710: start group-0A224A3EC114
2019-08-29 10:00:44,690 [pool-774-thread-1] INFO  impl.RaftServerImpl (RaftServerImpl.java:setRole(171)) - 1f9ce788-27f8-4fe6-818b-71130e2aa710:group-0A224A3EC114 changes role from null to FOLLOWER at term 0 for startAsFollower
2019-08-29 10:00:44,690 [pool-774-thread-1] INFO  impl.RoleInfo (RoleInfo.java:updateAndGet(143)) - 1f9ce788-27f8-4fe6-818b-71130e2aa710: start FollowerState
2019-08-29 10:00:44,691 [pool-774-thread-1] INFO  util.JmxRegister (JmxRegister.java:tryRegister(44)) - Successfully registered JMX Bean with object name Ratis:service=RaftServer,group=group-0A224A3EC114,id=1f9ce788-27f8-4fe6-818b-71130e2aa710
2019-08-29 10:00:44,693 [RatisPipelineUtilsThread] INFO  pipeline.PipelineStateManager (PipelineStateManager.java:addPipeline(56)) - Created pipeline Pipeline[ Id: c51ca3db-2c7d-40eb-8c8a-0a224a3ec114, Nodes: 1f9ce788-27f8-4fe6-818b-71130e2aa710{ip: 192.168.36.71, host: pr-hdds-2030-kknj5-1067311611, networkLocation: /default-rack, certSerialId: null}, Type:RATIS, Factor:ONE, State:OPEN]
2019-08-29 10:00:44,829 [IPC Server handler 6 on 37717] INFO  net.NetworkTopology (NetworkTopologyImpl.java:add(110)) - Added a new node: /default-rack/a82d0560-fbbd-4e02-943e-0d91b09290d4
2019-08-29 10:00:44,829 [IPC Server handler 6 on 37717] INFO  node.SCMNodeManager (SCMNodeManager.java:register(273)) - Registered Data node : a82d0560-fbbd-4e02-943e-0d91b09290d4{ip: 192.168.36.71, host: pr-hdds-2030-kknj5-1067311611, networkLocation: /default-rack, certSerialId: null}
2019-08-29 10:00:44,833 | INFO  | SCMAudit | user=jenkins1000 | ip=192.168.36.71 | op=REGISTER {datanodeDetails=a82d0560-fbbd-4e02-943e-0d91b09290d4{ip: 192.168.36.71, host: pr-hdds-2030-kknj5-1067311611, networkLocation: /default-rack, certSerialId: null}} | ret=SUCCESS |  
2019-08-29 10:00:44,841 [grpc-default-executor-4] INFO  impl.RaftServerProxy (RaftServerProxy.java:addNew(89)) - a82d0560-fbbd-4e02-943e-0d91b09290d4: addNew group-B1FB6B979F35:[a82d0560-fbbd-4e02-943e-0d91b09290d4:192.168.36.71:38920] returns group-B1FB6B979F35:java.util.concurrent.CompletableFuture@658a0547[Not completed]
2019-08-29 10:00:44,842 [pool-785-thread-1] INFO  impl.RaftServerImpl (RaftServerImpl.java:<init>(93)) - a82d0560-fbbd-4e02-943e-0d91b09290d4: new RaftServerImpl for group-B1FB6B979F35:[a82d0560-fbbd-4e02-943e-0d91b09290d4:192.168.36.71:38920] with ContainerStateMachine:uninitialized
2019-08-29 10:00:44,842 [pool-785-thread-1] INFO  server.RaftServerConfigKeys (ConfUtils.java:logGet(43)) - raft.server.rpc.timeout.min = 5s (custom)
2019-08-29 10:00:44,842 [pool-785-thread-1] INFO  server.RaftServerConfigKeys (ConfUtils.java:logGet(43)) - raft.server.rpc.timeout.max = 5200ms (custom)
2019-08-29 10:00:44,842 [pool-785-thread-1] INFO  server.RaftServerConfigKeys (ConfUtils.java:logGet(43)) - raft.server.rpcslowness.timeout = 120s (custom)
2019-08-29 10:00:44,842 [pool-785-thread-1] INFO  server.RaftServerConfigKeys (ConfUtils.java:logGet(43)) - raft.server.sleep.deviation.threshold = 300 (default)
2019-08-29 10:00:44,842 [pool-785-thread-1] INFO  server.RaftServerConfigKeys (ConfUtils.java:logGet(43)) - raft.server.log.appender.install.snapshot.enabled = false (custom)
2019-08-29 10:00:44,842 [pool-785-thread-1] INFO  impl.RaftServerImpl (ServerState.java:<init>(105)) - a82d0560-fbbd-4e02-943e-0d91b09290d4:group-B1FB6B979F35 ConfigurationManager, init=-1: [a82d0560-fbbd-4e02-943e-0d91b09290d4:192.168.36.71:38920], old=null, confs=<EMPTY_MAP>
2019-08-29 10:00:44,842 [pool-785-thread-1] INFO  server.RaftServerConfigKeys (ConfUtils.java:logGet(43)) - raft.server.storage.dir = [/workdir/hadoop-ozone/integration-test/target/test-dir/MiniOzoneClusterImpl-f14b1e95-ba00-4e6c-8692-7616f74434d5/datanode-5/data/ratis] (custom)
2019-08-29 10:00:44,843 [pool-785-thread-1] INFO  storage.RaftStorageDirectory (RaftStorageDirectory.java:analyzeStorage(246)) - The storage directory /workdir/hadoop-ozone/integration-test/target/test-dir/MiniOzoneClusterImpl-f14b1e95-ba00-4e6c-8692-7616f74434d5/datanode-5/data/ratis/fcbf47f8-3875-4bb5-87a1-b1fb6b979f35 does not exist. Creating ...
2019-08-29 10:00:44,866 [pool-785-thread-1] INFO  storage.RaftStorageDirectory (RaftStorageDirectory.java:tryLock(328)) - Lock on /workdir/hadoop-ozone/integration-test/target/test-dir/MiniOzoneClusterImpl-f14b1e95-ba00-4e6c-8692-7616f74434d5/datanode-5/data/ratis/fcbf47f8-3875-4bb5-87a1-b1fb6b979f35/in_use.lock acquired by nodename 23284@pr-hdds-2030-kknj5-1067311611
2019-08-29 10:00:44,879 [pool-785-thread-1] INFO  storage.RaftStorage (RaftStorage.java:format(72)) - Storage directory /workdir/hadoop-ozone/integration-test/target/test-dir/MiniOzoneClusterImpl-f14b1e95-ba00-4e6c-8692-7616f74434d5/datanode-5/data/ratis/fcbf47f8-3875-4bb5-87a1-b1fb6b979f35 has been successfully formatted.
2019-08-29 10:00:44,880 [pool-785-thread-1] INFO  ratis.ContainerStateMachine (ContainerStateMachine.java:loadSnapshot(226)) - group-B1FB6B979F35: The snapshot info is null. Setting the last applied indexto:(t:0, i:~)
2019-08-29 10:00:44,880 [pool-785-thread-1] INFO  server.RaftServerConfigKeys (ConfUtils.java:logGet(43)) - raft.server.leader.election.timeout = 120s (custom)
2019-08-29 10:00:44,880 [pool-785-thread-1] INFO  server.RaftServerConfigKeys (ConfUtils.java:logGet(43)) - raft.server.log.use.memory = false (default)
2019-08-29 10:00:44,880 [pool-785-thread-1] INFO  server.RaftServerConfigKeys (ConfUtils.java:logGet(43)) - raft.server.log.purge.gap = 1000000 (custom)
2019-08-29 10:00:44,880 [pool-785-thread-1] INFO  server.RaftServerConfigKeys (ConfUtils.java:logGet(43)) - raft.server.log.appender.buffer.byte-limit = 33554432 (custom)
2019-08-29 10:00:44,881 [pool-785-thread-1] INFO  server.RaftServerConfigKeys (ConfUtils.java:logGet(43)) - raft.server.log.segment.size.max = 1048576 (custom)
2019-08-29 10:00:44,881 [pool-785-thread-1] INFO  server.RaftServerConfigKeys (ConfUtils.java:logGet(43)) - raft.server.log.segment.cache.num.max = 2 (custom)
2019-08-29 10:00:44,881 [pool-785-thread-1] INFO  segmented.SegmentedRaftLogWorker (SegmentedRaftLogWorker.java:<init>(172)) - new a82d0560-fbbd-4e02-943e-0d91b09290d4-SegmentedRaftLogWorker:Storage Directory /workdir/hadoop-ozone/integration-test/target/test-dir/MiniOzoneClusterImpl-f14b1e95-ba00-4e6c-8692-7616f74434d5/datanode-5/data/ratis/fcbf47f8-3875-4bb5-87a1-b1fb6b979f35 for RaftStorage:Storage Directory /workdir/hadoop-ozone/integration-test/target/test-dir/MiniOzoneClusterImpl-f14b1e95-ba00-4e6c-8692-7616f74434d5/datanode-5/data/ratis/fcbf47f8-3875-4bb5-87a1-b1fb6b979f35
2019-08-29 10:00:44,881 [pool-785-thread-1] INFO  server.RaftServerConfigKeys (ConfUtils.java:logGet(43)) - raft.server.log.queue.byte-limit = 2147483647 (custom)
2019-08-29 10:00:44,881 [pool-785-thread-1] INFO  server.RaftServerConfigKeys (ConfUtils.java:logGet(43)) - raft.server.log.queue.element-limit = 1024 (custom)
2019-08-29 10:00:44,882 [pool-785-thread-1] INFO  server.RaftServerConfigKeys (ConfUtils.java:logGet(43)) - raft.server.log.segment.size.max = 1048576 (custom)
2019-08-29 10:00:44,882 [pool-785-thread-1] INFO  server.RaftServerConfigKeys (ConfUtils.java:logGet(43)) - raft.server.log.preallocated.size = 16384 (custom)
2019-08-29 10:00:44,882 [pool-785-thread-1] INFO  server.RaftServerConfigKeys (ConfUtils.java:logGet(43)) - raft.server.log.write.buffer.size = 33554432 (custom)
2019-08-29 10:00:44,882 [pool-785-thread-1] INFO  server.RaftServerConfigKeys (ConfUtils.java:logGet(43)) - raft.server.log.force.sync.num = 128 (default)
2019-08-29 10:00:44,882 [pool-785-thread-1] INFO  server.RaftServerConfigKeys (ConfUtils.java:logGet(43)) - raft.server.log.statemachine.data.sync = true (default)
2019-08-29 10:00:44,883 [pool-785-thread-1] INFO  server.RaftServerConfigKeys (ConfUtils.java:logGet(43)) - raft.server.log.statemachine.data.sync.timeout = 10s (default)
2019-08-29 10:00:44,883 [pool-785-thread-1] INFO  server.RaftServerConfigKeys (ConfUtils.java:logGet(43)) - raft.server.log.statemachine.data.sync.timeout.retry = -1 (default)
2019-08-29 10:00:44,883 [pool-785-thread-1] INFO  server.RaftServerConfigKeys (ConfUtils.java:logGet(43)) - raft.server.log.statemachine.data.caching.enabled = true (custom)
2019-08-29 10:00:44,883 [pool-785-thread-1] INFO  segmented.SegmentedRaftLogWorker (SegmentedRaftLogWorker.java:lambda$new$0(132)) - a82d0560-fbbd-4e02-943e-0d91b09290d4-SegmentedRaftLogWorker:Storage Directory /workdir/hadoop-ozone/integration-test/target/test-dir/MiniOzoneClusterImpl-f14b1e95-ba00-4e6c-8692-7616f74434d5/datanode-5/data/ratis/fcbf47f8-3875-4bb5-87a1-b1fb6b979f35: flushIndex: setUnconditionally 0 -> -1
2019-08-29 10:00:44,884 [pool-785-thread-1] INFO  server.RaftServerConfigKeys (ConfUtils.java:logGet(43)) - raft.server.snapshot.auto.trigger.enabled = true (custom)
2019-08-29 10:00:44,884 [pool-785-thread-1] INFO  server.RaftServerConfigKeys (ConfUtils.java:logGet(43)) - raft.server.snapshot.auto.trigger.threshold = 10000 (custom)
2019-08-29 10:00:44,884 [pool-785-thread-1] INFO  server.RaftServerConfigKeys (ConfUtils.java:logGet(43)) - raft.server.retrycache.expirytime = 600000ms (custom)
2019-08-29 10:00:44,885 [pool-785-thread-1] INFO  impl.RaftServerImpl (RaftServerImpl.java:start(180)) - a82d0560-fbbd-4e02-943e-0d91b09290d4: start group-B1FB6B979F35
2019-08-29 10:00:44,885 [pool-785-thread-1] INFO  impl.RaftServerImpl (RaftServerImpl.java:setRole(171)) - a82d0560-fbbd-4e02-943e-0d91b09290d4:group-B1FB6B979F35 changes role from null to FOLLOWER at term 0 for startAsFollower
2019-08-29 10:00:44,885 [pool-785-thread-1] INFO  impl.RoleInfo (RoleInfo.java:updateAndGet(143)) - a82d0560-fbbd-4e02-943e-0d91b09290d4: start FollowerState
2019-08-29 10:00:44,885 [pool-785-thread-1] INFO  util.JmxRegister (JmxRegister.java:tryRegister(44)) - Successfully registered JMX Bean with object name Ratis:service=RaftServer,group=group-B1FB6B979F35,id=a82d0560-fbbd-4e02-943e-0d91b09290d4
2019-08-29 10:00:44,888 [RatisPipelineUtilsThread] INFO  pipeline.PipelineStateManager (PipelineStateManager.java:addPipeline(56)) - Created pipeline Pipeline[ Id: fcbf47f8-3875-4bb5-87a1-b1fb6b979f35, Nodes: a82d0560-fbbd-4e02-943e-0d91b09290d4{ip: 192.168.36.71, host: pr-hdds-2030-kknj5-1067311611, networkLocation: /default-rack, certSerialId: null}, Type:RATIS, Factor:ONE, State:OPEN]
2019-08-29 10:00:44,903 [grpc-default-executor-4] INFO  impl.RaftServerProxy (RaftServerProxy.java:addNew(89)) - 1172efdb-db01-40ba-b2d8-1219aa980c8c: addNew group-AC766320D942:[a82d0560-fbbd-4e02-943e-0d91b09290d4:192.168.36.71:38920, 1f9ce788-27f8-4fe6-818b-71130e2aa710:192.168.36.71:43656, 1172efdb-db01-40ba-b2d8-1219aa980c8c:192.168.36.71:36989] returns group-AC766320D942:java.util.concurrent.CompletableFuture@fdf0931[Not completed]
2019-08-29 10:00:44,903 [grpc-default-executor-4] INFO  impl.RaftServerProxy (RaftServerProxy.java:addNew(89)) - 1f9ce788-27f8-4fe6-818b-71130e2aa710: addNew group-AC766320D942:[a82d0560-fbbd-4e02-943e-0d91b09290d4:192.168.36.71:38920, 1f9ce788-27f8-4fe6-818b-71130e2aa710:192.168.36.71:43656, 1172efdb-db01-40ba-b2d8-1219aa980c8c:192.168.36.71:36989] returns group-AC766320D942:java.util.concurrent.CompletableFuture@503100cb[Not completed]
2019-08-29 10:00:44,904 [grpc-default-executor-5] INFO  impl.RaftServerProxy (RaftServerProxy.java:addNew(89)) - a82d0560-fbbd-4e02-943e-0d91b09290d4: addNew group-AC766320D942:[a82d0560-fbbd-4e02-943e-0d91b09290d4:192.168.36.71:38920, 1f9ce788-27f8-4fe6-818b-71130e2aa710:192.168.36.71:43656, 1172efdb-db01-40ba-b2d8-1219aa980c8c:192.168.36.71:36989] returns group-AC766320D942:java.util.concurrent.CompletableFuture@fb09967[Not completed]
2019-08-29 10:00:44,904 [pool-763-thread-1] INFO  impl.RaftServerImpl (RaftServerImpl.java:<init>(93)) - 1172efdb-db01-40ba-b2d8-1219aa980c8c: new RaftServerImpl for group-AC766320D942:[a82d0560-fbbd-4e02-943e-0d91b09290d4:192.168.36.71:38920, 1f9ce788-27f8-4fe6-818b-71130e2aa710:192.168.36.71:43656, 1172efdb-db01-40ba-b2d8-1219aa980c8c:192.168.36.71:36989] with ContainerStateMachine:uninitialized
2019-08-29 10:00:44,904 [pool-763-thread-1] INFO  server.RaftServerConfigKeys (ConfUtils.java:logGet(43)) - raft.server.rpc.timeout.min = 5s (custom)
2019-08-29 10:00:44,904 [pool-763-thread-1] INFO  server.RaftServerConfigKeys (ConfUtils.java:logGet(43)) - raft.server.rpc.timeout.max = 5200ms (custom)
2019-08-29 10:00:44,904 [pool-763-thread-1] INFO  server.RaftServerConfigKeys (ConfUtils.java:logGet(43)) - raft.server.rpcslowness.timeout = 120s (custom)
2019-08-29 10:00:44,904 [pool-763-thread-1] INFO  server.RaftServerConfigKeys (ConfUtils.java:logGet(43)) - raft.server.sleep.deviation.threshold = 300 (default)
2019-08-29 10:00:44,904 [pool-763-thread-1] INFO  server.RaftServerConfigKeys (ConfUtils.java:logGet(43)) - raft.server.log.appender.install.snapshot.enabled = false (custom)
2019-08-29 10:00:44,904 [pool-763-thread-1] INFO  impl.RaftServerImpl (ServerState.java:<init>(105)) - 1172efdb-db01-40ba-b2d8-1219aa980c8c:group-AC766320D942 ConfigurationManager, init=-1: [a82d0560-fbbd-4e02-943e-0d91b09290d4:192.168.36.71:38920, 1f9ce788-27f8-4fe6-818b-71130e2aa710:192.168.36.71:43656, 1172efdb-db01-40ba-b2d8-1219aa980c8c:192.168.36.71:36989], old=null, confs=<EMPTY_MAP>
2019-08-29 10:00:44,904 [pool-785-thread-1] INFO  impl.RaftServerImpl (RaftServerImpl.java:<init>(93)) - a82d0560-fbbd-4e02-943e-0d91b09290d4: new RaftServerImpl for group-AC766320D942:[a82d0560-fbbd-4e02-943e-0d91b09290d4:192.168.36.71:38920, 1f9ce788-27f8-4fe6-818b-71130e2aa710:192.168.36.71:43656, 1172efdb-db01-40ba-b2d8-1219aa980c8c:192.168.36.71:36989] with ContainerStateMachine:uninitialized
2019-08-29 10:00:44,904 [pool-763-thread-1] INFO  server.RaftServerConfigKeys (ConfUtils.java:logGet(43)) - raft.server.storage.dir = [/workdir/hadoop-ozone/integration-test/target/test-dir/MiniOzoneClusterImpl-f14b1e95-ba00-4e6c-8692-7616f74434d5/datanode-3/data/ratis] (custom)
2019-08-29 10:00:44,905 [pool-785-thread-1] INFO  server.RaftServerConfigKeys (ConfUtils.java:logGet(43)) - raft.server.rpc.timeout.min = 5s (custom)
2019-08-29 10:00:44,905 [pool-785-thread-1] INFO  server.RaftServerConfigKeys (ConfUtils.java:logGet(43)) - raft.server.rpc.timeout.max = 5200ms (custom)
2019-08-29 10:00:44,905 [pool-785-thread-1] INFO  server.RaftServerConfigKeys (ConfUtils.java:logGet(43)) - raft.server.rpcslowness.timeout = 120s (custom)
2019-08-29 10:00:44,905 [pool-763-thread-1] INFO  storage.RaftStorageDirectory (RaftStorageDirectory.java:analyzeStorage(246)) - The storage directory /workdir/hadoop-ozone/integration-test/target/test-dir/MiniOzoneClusterImpl-f14b1e95-ba00-4e6c-8692-7616f74434d5/datanode-3/data/ratis/2e3fccb6-da16-4be4-afb9-ac766320d942 does not exist. Creating ...
2019-08-29 10:00:44,905 [pool-785-thread-1] INFO  server.RaftServerConfigKeys (ConfUtils.java:logGet(43)) - raft.server.sleep.deviation.threshold = 300 (default)
2019-08-29 10:00:44,905 [pool-785-thread-1] INFO  server.RaftServerConfigKeys (ConfUtils.java:logGet(43)) - raft.server.log.appender.install.snapshot.enabled = false (custom)
2019-08-29 10:00:44,905 [pool-774-thread-1] INFO  impl.RaftServerImpl (RaftServerImpl.java:<init>(93)) - 1f9ce788-27f8-4fe6-818b-71130e2aa710: new RaftServerImpl for group-AC766320D942:[a82d0560-fbbd-4e02-943e-0d91b09290d4:192.168.36.71:38920, 1f9ce788-27f8-4fe6-818b-71130e2aa710:192.168.36.71:43656, 1172efdb-db01-40ba-b2d8-1219aa980c8c:192.168.36.71:36989] with ContainerStateMachine:uninitialized
2019-08-29 10:00:44,905 [pool-785-thread-1] INFO  impl.RaftServerImpl (ServerState.java:<init>(105)) - a82d0560-fbbd-4e02-943e-0d91b09290d4:group-AC766320D942 ConfigurationManager, init=-1: [a82d0560-fbbd-4e02-943e-0d91b09290d4:192.168.36.71:38920, 1f9ce788-27f8-4fe6-818b-71130e2aa710:192.168.36.71:43656, 1172efdb-db01-40ba-b2d8-1219aa980c8c:192.168.36.71:36989], old=null, confs=<EMPTY_MAP>
2019-08-29 10:00:44,905 [pool-774-thread-1] INFO  server.RaftServerConfigKeys (ConfUtils.java:logGet(43)) - raft.server.rpc.timeout.min = 5s (custom)
2019-08-29 10:00:44,905 [pool-785-thread-1] INFO  server.RaftServerConfigKeys (ConfUtils.java:logGet(43)) - raft.server.storage.dir = [/workdir/hadoop-ozone/integration-test/target/test-dir/MiniOzoneClusterImpl-f14b1e95-ba00-4e6c-8692-7616f74434d5/datanode-5/data/ratis] (custom)
2019-08-29 10:00:44,906 [pool-774-thread-1] INFO  server.RaftServerConfigKeys (ConfUtils.java:logGet(43)) - raft.server.rpc.timeout.max = 5200ms (custom)
2019-08-29 10:00:44,906 [pool-774-thread-1] INFO  server.RaftServerConfigKeys (ConfUtils.java:logGet(43)) - raft.server.rpcslowness.timeout = 120s (custom)
2019-08-29 10:00:44,906 [pool-785-thread-1] INFO  storage.RaftStorageDirectory (RaftStorageDirectory.java:analyzeStorage(246)) - The storage directory /workdir/hadoop-ozone/integration-test/target/test-dir/MiniOzoneClusterImpl-f14b1e95-ba00-4e6c-8692-7616f74434d5/datanode-5/data/ratis/2e3fccb6-da16-4be4-afb9-ac766320d942 does not exist. Creating ...
2019-08-29 10:00:44,906 [pool-774-thread-1] INFO  server.RaftServerConfigKeys (ConfUtils.java:logGet(43)) - raft.server.sleep.deviation.threshold = 300 (default)
2019-08-29 10:00:44,906 [pool-774-thread-1] INFO  server.RaftServerConfigKeys (ConfUtils.java:logGet(43)) - raft.server.log.appender.install.snapshot.enabled = false (custom)
2019-08-29 10:00:44,906 [pool-774-thread-1] INFO  impl.RaftServerImpl (ServerState.java:<init>(105)) - 1f9ce788-27f8-4fe6-818b-71130e2aa710:group-AC766320D942 ConfigurationManager, init=-1: [a82d0560-fbbd-4e02-943e-0d91b09290d4:192.168.36.71:38920, 1f9ce788-27f8-4fe6-818b-71130e2aa710:192.168.36.71:43656, 1172efdb-db01-40ba-b2d8-1219aa980c8c:192.168.36.71:36989], old=null, confs=<EMPTY_MAP>
2019-08-29 10:00:44,907 [pool-774-thread-1] INFO  server.RaftServerConfigKeys (ConfUtils.java:logGet(43)) - raft.server.storage.dir = [/workdir/hadoop-ozone/integration-test/target/test-dir/MiniOzoneClusterImpl-f14b1e95-ba00-4e6c-8692-7616f74434d5/datanode-4/data/ratis] (custom)
2019-08-29 10:00:44,907 [pool-774-thread-1] INFO  storage.RaftStorageDirectory (RaftStorageDirectory.java:analyzeStorage(246)) - The storage directory /workdir/hadoop-ozone/integration-test/target/test-dir/MiniOzoneClusterImpl-f14b1e95-ba00-4e6c-8692-7616f74434d5/datanode-4/data/ratis/2e3fccb6-da16-4be4-afb9-ac766320d942 does not exist. Creating ...
2019-08-29 10:00:44,943 [pool-785-thread-1] INFO  storage.RaftStorageDirectory (RaftStorageDirectory.java:tryLock(328)) - Lock on /workdir/hadoop-ozone/integration-test/target/test-dir/MiniOzoneClusterImpl-f14b1e95-ba00-4e6c-8692-7616f74434d5/datanode-5/data/ratis/2e3fccb6-da16-4be4-afb9-ac766320d942/in_use.lock acquired by nodename 23284@pr-hdds-2030-kknj5-1067311611
2019-08-29 10:00:44,943 [pool-774-thread-1] INFO  storage.RaftStorageDirectory (RaftStorageDirectory.java:tryLock(328)) - Lock on /workdir/hadoop-ozone/integration-test/target/test-dir/MiniOzoneClusterImpl-f14b1e95-ba00-4e6c-8692-7616f74434d5/datanode-4/data/ratis/2e3fccb6-da16-4be4-afb9-ac766320d942/in_use.lock acquired by nodename 23284@pr-hdds-2030-kknj5-1067311611
2019-08-29 10:00:44,943 [pool-763-thread-1] INFO  storage.RaftStorageDirectory (RaftStorageDirectory.java:tryLock(328)) - Lock on /workdir/hadoop-ozone/integration-test/target/test-dir/MiniOzoneClusterImpl-f14b1e95-ba00-4e6c-8692-7616f74434d5/datanode-3/data/ratis/2e3fccb6-da16-4be4-afb9-ac766320d942/in_use.lock acquired by nodename 23284@pr-hdds-2030-kknj5-1067311611
2019-08-29 10:00:44,947 [pool-785-thread-1] INFO  storage.RaftStorage (RaftStorage.java:format(72)) - Storage directory /workdir/hadoop-ozone/integration-test/target/test-dir/MiniOzoneClusterImpl-f14b1e95-ba00-4e6c-8692-7616f74434d5/datanode-5/data/ratis/2e3fccb6-da16-4be4-afb9-ac766320d942 has been successfully formatted.
2019-08-29 10:00:44,947 [pool-763-thread-1] INFO  storage.RaftStorage (RaftStorage.java:format(72)) - Storage directory /workdir/hadoop-ozone/integration-test/target/test-dir/MiniOzoneClusterImpl-f14b1e95-ba00-4e6c-8692-7616f74434d5/datanode-3/data/ratis/2e3fccb6-da16-4be4-afb9-ac766320d942 has been successfully formatted.
2019-08-29 10:00:44,947 [pool-774-thread-1] INFO  storage.RaftStorage (RaftStorage.java:format(72)) - Storage directory /workdir/hadoop-ozone/integration-test/target/test-dir/MiniOzoneClusterImpl-f14b1e95-ba00-4e6c-8692-7616f74434d5/datanode-4/data/ratis/2e3fccb6-da16-4be4-afb9-ac766320d942 has been successfully formatted.
2019-08-29 10:00:44,947 [pool-763-thread-1] INFO  ratis.ContainerStateMachine (ContainerStateMachine.java:loadSnapshot(226)) - group-AC766320D942: The snapshot info is null. Setting the last applied indexto:(t:0, i:~)
2019-08-29 10:00:44,948 [pool-774-thread-1] INFO  ratis.ContainerStateMachine (ContainerStateMachine.java:loadSnapshot(226)) - group-AC766320D942: The snapshot info is null. Setting the last applied indexto:(t:0, i:~)
2019-08-29 10:00:44,947 [pool-785-thread-1] INFO  ratis.ContainerStateMachine (ContainerStateMachine.java:loadSnapshot(226)) - group-AC766320D942: The snapshot info is null. Setting the last applied indexto:(t:0, i:~)
2019-08-29 10:00:44,948 [pool-774-thread-1] INFO  server.RaftServerConfigKeys (ConfUtils.java:logGet(43)) - raft.server.leader.election.timeout = 120s (custom)
2019-08-29 10:00:44,948 [pool-763-thread-1] INFO  server.RaftServerConfigKeys (ConfUtils.java:logGet(43)) - raft.server.leader.election.timeout = 120s (custom)
2019-08-29 10:00:44,948 [pool-774-thread-1] INFO  server.RaftServerConfigKeys (ConfUtils.java:logGet(43)) - raft.server.log.use.memory = false (default)
2019-08-29 10:00:44,948 [pool-785-thread-1] INFO  server.RaftServerConfigKeys (ConfUtils.java:logGet(43)) - raft.server.leader.election.timeout = 120s (custom)
2019-08-29 10:00:44,948 [pool-774-thread-1] INFO  server.RaftServerConfigKeys (ConfUtils.java:logGet(43)) - raft.server.log.purge.gap = 1000000 (custom)
2019-08-29 10:00:44,948 [pool-763-thread-1] INFO  server.RaftServerConfigKeys (ConfUtils.java:logGet(43)) - raft.server.log.use.memory = false (default)
2019-08-29 10:00:44,948 [pool-774-thread-1] INFO  server.RaftServerConfigKeys (ConfUtils.java:logGet(43)) - raft.server.log.appender.buffer.byte-limit = 33554432 (custom)
2019-08-29 10:00:44,948 [pool-785-thread-1] INFO  server.RaftServerConfigKeys (ConfUtils.java:logGet(43)) - raft.server.log.use.memory = false (default)
2019-08-29 10:00:44,949 [pool-774-thread-1] INFO  server.RaftServerConfigKeys (ConfUtils.java:logGet(43)) - raft.server.log.segment.size.max = 1048576 (custom)
2019-08-29 10:00:44,949 [pool-763-thread-1] INFO  server.RaftServerConfigKeys (ConfUtils.java:logGet(43)) - raft.server.log.purge.gap = 1000000 (custom)
2019-08-29 10:00:44,949 [pool-774-thread-1] INFO  server.RaftServerConfigKeys (ConfUtils.java:logGet(43)) - raft.server.log.segment.cache.num.max = 2 (custom)
2019-08-29 10:00:44,949 [pool-785-thread-1] INFO  server.RaftServerConfigKeys (ConfUtils.java:logGet(43)) - raft.server.log.purge.gap = 1000000 (custom)
2019-08-29 10:00:44,949 [pool-774-thread-1] INFO  segmented.SegmentedRaftLogWorker (SegmentedRaftLogWorker.java:<init>(172)) - new 1f9ce788-27f8-4fe6-818b-71130e2aa710-SegmentedRaftLogWorker:Storage Directory /workdir/hadoop-ozone/integration-test/target/test-dir/MiniOzoneClusterImpl-f14b1e95-ba00-4e6c-8692-7616f74434d5/datanode-4/data/ratis/2e3fccb6-da16-4be4-afb9-ac766320d942 for RaftStorage:Storage Directory /workdir/hadoop-ozone/integration-test/target/test-dir/MiniOzoneClusterImpl-f14b1e95-ba00-4e6c-8692-7616f74434d5/datanode-4/data/ratis/2e3fccb6-da16-4be4-afb9-ac766320d942
2019-08-29 10:00:44,949 [pool-763-thread-1] INFO  server.RaftServerConfigKeys (ConfUtils.java:logGet(43)) - raft.server.log.appender.buffer.byte-limit = 33554432 (custom)
2019-08-29 10:00:44,949 [pool-774-thread-1] INFO  server.RaftServerConfigKeys (ConfUtils.java:logGet(43)) - raft.server.log.queue.byte-limit = 2147483647 (custom)
2019-08-29 10:00:44,949 [pool-785-thread-1] INFO  server.RaftServerConfigKeys (ConfUtils.java:logGet(43)) - raft.server.log.appender.buffer.byte-limit = 33554432 (custom)
2019-08-29 10:00:44,950 [pool-774-thread-1] INFO  server.RaftServerConfigKeys (ConfUtils.java:logGet(43)) - raft.server.log.queue.element-limit = 1024 (custom)
2019-08-29 10:00:44,950 [pool-763-thread-1] INFO  server.RaftServerConfigKeys (ConfUtils.java:logGet(43)) - raft.server.log.segment.size.max = 1048576 (custom)
2019-08-29 10:00:44,950 [pool-774-thread-1] INFO  server.RaftServerConfigKeys (ConfUtils.java:logGet(43)) - raft.server.log.segment.size.max = 1048576 (custom)
2019-08-29 10:00:44,950 [pool-785-thread-1] INFO  server.RaftServerConfigKeys (ConfUtils.java:logGet(43)) - raft.server.log.segment.size.max = 1048576 (custom)
2019-08-29 10:00:44,950 [pool-774-thread-1] INFO  server.RaftServerConfigKeys (ConfUtils.java:logGet(43)) - raft.server.log.preallocated.size = 16384 (custom)
2019-08-29 10:00:44,950 [pool-763-thread-1] INFO  server.RaftServerConfigKeys (ConfUtils.java:logGet(43)) - raft.server.log.segment.cache.num.max = 2 (custom)
2019-08-29 10:00:44,950 [pool-774-thread-1] INFO  server.RaftServerConfigKeys (ConfUtils.java:logGet(43)) - raft.server.log.write.buffer.size = 33554432 (custom)
2019-08-29 10:00:44,950 [pool-785-thread-1] INFO  server.RaftServerConfigKeys (ConfUtils.java:logGet(43)) - raft.server.log.segment.cache.num.max = 2 (custom)
2019-08-29 10:00:44,950 [pool-774-thread-1] INFO  server.RaftServerConfigKeys (ConfUtils.java:logGet(43)) - raft.server.log.force.sync.num = 128 (default)
2019-08-29 10:00:44,950 [pool-763-thread-1] INFO  segmented.SegmentedRaftLogWorker (SegmentedRaftLogWorker.java:<init>(172)) - new 1172efdb-db01-40ba-b2d8-1219aa980c8c-SegmentedRaftLogWorker:Storage Directory /workdir/hadoop-ozone/integration-test/target/test-dir/MiniOzoneClusterImpl-f14b1e95-ba00-4e6c-8692-7616f74434d5/datanode-3/data/ratis/2e3fccb6-da16-4be4-afb9-ac766320d942 for RaftStorage:Storage Directory /workdir/hadoop-ozone/integration-test/target/test-dir/MiniOzoneClusterImpl-f14b1e95-ba00-4e6c-8692-7616f74434d5/datanode-3/data/ratis/2e3fccb6-da16-4be4-afb9-ac766320d942
2019-08-29 10:00:44,951 [pool-774-thread-1] INFO  server.RaftServerConfigKeys (ConfUtils.java:logGet(43)) - raft.server.log.statemachine.data.sync = true (default)
2019-08-29 10:00:44,951 [pool-785-thread-1] INFO  segmented.SegmentedRaftLogWorker (SegmentedRaftLogWorker.java:<init>(172)) - new a82d0560-fbbd-4e02-943e-0d91b09290d4-SegmentedRaftLogWorker:Storage Directory /workdir/hadoop-ozone/integration-test/target/test-dir/MiniOzoneClusterImpl-f14b1e95-ba00-4e6c-8692-7616f74434d5/datanode-5/data/ratis/2e3fccb6-da16-4be4-afb9-ac766320d942 for RaftStorage:Storage Directory /workdir/hadoop-ozone/integration-test/target/test-dir/MiniOzoneClusterImpl-f14b1e95-ba00-4e6c-8692-7616f74434d5/datanode-5/data/ratis/2e3fccb6-da16-4be4-afb9-ac766320d942
2019-08-29 10:00:44,951 [pool-774-thread-1] INFO  server.RaftServerConfigKeys (ConfUtils.java:logGet(43)) - raft.server.log.statemachine.data.sync.timeout = 10s (default)
2019-08-29 10:00:44,951 [pool-763-thread-1] INFO  server.RaftServerConfigKeys (ConfUtils.java:logGet(43)) - raft.server.log.queue.byte-limit = 2147483647 (custom)
2019-08-29 10:00:44,951 [pool-774-thread-1] INFO  server.RaftServerConfigKeys (ConfUtils.java:logGet(43)) - raft.server.log.statemachine.data.sync.timeout.retry = -1 (default)
2019-08-29 10:00:44,951 [pool-785-thread-1] INFO  server.RaftServerConfigKeys (ConfUtils.java:logGet(43)) - raft.server.log.queue.byte-limit = 2147483647 (custom)
2019-08-29 10:00:44,951 [pool-774-thread-1] INFO  server.RaftServerConfigKeys (ConfUtils.java:logGet(43)) - raft.server.log.statemachine.data.caching.enabled = true (custom)
2019-08-29 10:00:44,951 [pool-763-thread-1] INFO  server.RaftServerConfigKeys (ConfUtils.java:logGet(43)) - raft.server.log.queue.element-limit = 1024 (custom)
2019-08-29 10:00:44,951 [pool-785-thread-1] INFO  server.RaftServerConfigKeys (ConfUtils.java:logGet(43)) - raft.server.log.queue.element-limit = 1024 (custom)
2019-08-29 10:00:44,952 [pool-774-thread-1] INFO  segmented.SegmentedRaftLogWorker (SegmentedRaftLogWorker.java:lambda$new$0(132)) - 1f9ce788-27f8-4fe6-818b-71130e2aa710-SegmentedRaftLogWorker:Storage Directory /workdir/hadoop-ozone/integration-test/target/test-dir/MiniOzoneClusterImpl-f14b1e95-ba00-4e6c-8692-7616f74434d5/datanode-4/data/ratis/2e3fccb6-da16-4be4-afb9-ac766320d942: flushIndex: setUnconditionally 0 -> -1
2019-08-29 10:00:44,952 [pool-763-thread-1] INFO  server.RaftServerConfigKeys (ConfUtils.java:logGet(43)) - raft.server.log.segment.size.max = 1048576 (custom)
2019-08-29 10:00:44,952 [pool-785-thread-1] INFO  server.RaftServerConfigKeys (ConfUtils.java:logGet(43)) - raft.server.log.segment.size.max = 1048576 (custom)
2019-08-29 10:00:44,952 [pool-774-thread-1] INFO  server.RaftServerConfigKeys (ConfUtils.java:logGet(43)) - raft.server.snapshot.auto.trigger.enabled = true (custom)
2019-08-29 10:00:44,952 [pool-763-thread-1] INFO  server.RaftServerConfigKeys (ConfUtils.java:logGet(43)) - raft.server.log.preallocated.size = 16384 (custom)
2019-08-29 10:00:44,952 [pool-774-thread-1] INFO  server.RaftServerConfigKeys (ConfUtils.java:logGet(43)) - raft.server.snapshot.auto.trigger.threshold = 10000 (custom)
2019-08-29 10:00:44,952 [pool-785-thread-1] INFO  server.RaftServerConfigKeys (ConfUtils.java:logGet(43)) - raft.server.log.preallocated.size = 16384 (custom)
2019-08-29 10:00:44,953 [pool-774-thread-1] INFO  server.RaftServerConfigKeys (ConfUtils.java:logGet(43)) - raft.server.retrycache.expirytime = 600000ms (custom)
2019-08-29 10:00:44,952 [pool-763-thread-1] INFO  server.RaftServerConfigKeys (ConfUtils.java:logGet(43)) - raft.server.log.write.buffer.size = 33554432 (custom)
2019-08-29 10:00:44,953 [pool-774-thread-1] INFO  impl.RaftServerImpl (RaftServerImpl.java:start(180)) - 1f9ce788-27f8-4fe6-818b-71130e2aa710: start group-AC766320D942
2019-08-29 10:00:44,953 [pool-785-thread-1] INFO  server.RaftServerConfigKeys (ConfUtils.java:logGet(43)) - raft.server.log.write.buffer.size = 33554432 (custom)
2019-08-29 10:00:44,953 [pool-774-thread-1] INFO  impl.RaftServerImpl (RaftServerImpl.java:setRole(171)) - 1f9ce788-27f8-4fe6-818b-71130e2aa710:group-AC766320D942 changes role from null to FOLLOWER at term 0 for startAsFollower
2019-08-29 10:00:44,953 [pool-763-thread-1] INFO  server.RaftServerConfigKeys (ConfUtils.java:logGet(43)) - raft.server.log.force.sync.num = 128 (default)
2019-08-29 10:00:44,953 [pool-774-thread-1] INFO  impl.RoleInfo (RoleInfo.java:updateAndGet(143)) - 1f9ce788-27f8-4fe6-818b-71130e2aa710: start FollowerState
2019-08-29 10:00:44,953 [pool-785-thread-1] INFO  server.RaftServerConfigKeys (ConfUtils.java:logGet(43)) - raft.server.log.force.sync.num = 128 (default)
2019-08-29 10:00:44,953 [pool-763-thread-1] INFO  server.RaftServerConfigKeys (ConfUtils.java:logGet(43)) - raft.server.log.statemachine.data.sync = true (default)
2019-08-29 10:00:44,954 [pool-785-thread-1] INFO  server.RaftServerConfigKeys (ConfUtils.java:logGet(43)) - raft.server.log.statemachine.data.sync = true (default)
2019-08-29 10:00:44,954 [pool-763-thread-1] INFO  server.RaftServerConfigKeys (ConfUtils.java:logGet(43)) - raft.server.log.statemachine.data.sync.timeout = 10s (default)
2019-08-29 10:00:44,954 [pool-785-thread-1] INFO  server.RaftServerConfigKeys (ConfUtils.java:logGet(43)) - raft.server.log.statemachine.data.sync.timeout = 10s (default)
2019-08-29 10:00:44,954 [pool-774-thread-1] INFO  util.JmxRegister (JmxRegister.java:tryRegister(44)) - Successfully registered JMX Bean with object name Ratis:service=RaftServer,group=group-AC766320D942,id=1f9ce788-27f8-4fe6-818b-71130e2aa710
2019-08-29 10:00:44,954 [pool-785-thread-1] INFO  server.RaftServerConfigKeys (ConfUtils.java:logGet(43)) - raft.server.log.statemachine.data.sync.timeout.retry = -1 (default)
2019-08-29 10:00:44,954 [pool-763-thread-1] INFO  server.RaftServerConfigKeys (ConfUtils.java:logGet(43)) - raft.server.log.statemachine.data.sync.timeout.retry = -1 (default)
2019-08-29 10:00:44,954 [pool-785-thread-1] INFO  server.RaftServerConfigKeys (ConfUtils.java:logGet(43)) - raft.server.log.statemachine.data.caching.enabled = true (custom)
2019-08-29 10:00:44,954 [pool-763-thread-1] INFO  server.RaftServerConfigKeys (ConfUtils.java:logGet(43)) - raft.server.log.statemachine.data.caching.enabled = true (custom)
2019-08-29 10:00:44,954 [pool-763-thread-1] INFO  segmented.SegmentedRaftLogWorker (SegmentedRaftLogWorker.java:lambda$new$0(132)) - 1172efdb-db01-40ba-b2d8-1219aa980c8c-SegmentedRaftLogWorker:Storage Directory /workdir/hadoop-ozone/integration-test/target/test-dir/MiniOzoneClusterImpl-f14b1e95-ba00-4e6c-8692-7616f74434d5/datanode-3/data/ratis/2e3fccb6-da16-4be4-afb9-ac766320d942: flushIndex: setUnconditionally 0 -> -1
2019-08-29 10:00:44,954 [pool-785-thread-1] INFO  segmented.SegmentedRaftLogWorker (SegmentedRaftLogWorker.java:lambda$new$0(132)) - a82d0560-fbbd-4e02-943e-0d91b09290d4-SegmentedRaftLogWorker:Storage Directory /workdir/hadoop-ozone/integration-test/target/test-dir/MiniOzoneClusterImpl-f14b1e95-ba00-4e6c-8692-7616f74434d5/datanode-5/data/ratis/2e3fccb6-da16-4be4-afb9-ac766320d942: flushIndex: setUnconditionally 0 -> -1
2019-08-29 10:00:44,955 [pool-763-thread-1] INFO  server.RaftServerConfigKeys (ConfUtils.java:logGet(43)) - raft.server.snapshot.auto.trigger.enabled = true (custom)
2019-08-29 10:00:44,955 [pool-763-thread-1] INFO  server.RaftServerConfigKeys (ConfUtils.java:logGet(43)) - raft.server.snapshot.auto.trigger.threshold = 10000 (custom)
2019-08-29 10:00:44,955 [pool-785-thread-1] INFO  server.RaftServerConfigKeys (ConfUtils.java:logGet(43)) - raft.server.snapshot.auto.trigger.enabled = true (custom)
2019-08-29 10:00:44,955 [pool-763-thread-1] INFO  server.RaftServerConfigKeys (ConfUtils.java:logGet(43)) - raft.server.retrycache.expirytime = 600000ms (custom)
2019-08-29 10:00:44,955 [pool-785-thread-1] INFO  server.RaftServerConfigKeys (ConfUtils.java:logGet(43)) - raft.server.snapshot.auto.trigger.threshold = 10000 (custom)
2019-08-29 10:00:44,955 [pool-763-thread-1] INFO  impl.RaftServerImpl (RaftServerImpl.java:start(180)) - 1172efdb-db01-40ba-b2d8-1219aa980c8c: start group-AC766320D942
2019-08-29 10:00:44,955 [pool-785-thread-1] INFO  server.RaftServerConfigKeys (ConfUtils.java:logGet(43)) - raft.server.retrycache.expirytime = 600000ms (custom)
2019-08-29 10:00:44,956 [pool-763-thread-1] INFO  impl.RaftServerImpl (RaftServerImpl.java:setRole(171)) - 1172efdb-db01-40ba-b2d8-1219aa980c8c:group-AC766320D942 changes role from null to FOLLOWER at term 0 for startAsFollower
2019-08-29 10:00:44,956 [pool-785-thread-1] INFO  impl.RaftServerImpl (RaftServerImpl.java:start(180)) - a82d0560-fbbd-4e02-943e-0d91b09290d4: start group-AC766320D942
2019-08-29 10:00:44,956 [pool-763-thread-1] INFO  impl.RoleInfo (RoleInfo.java:updateAndGet(143)) - 1172efdb-db01-40ba-b2d8-1219aa980c8c: start FollowerState
2019-08-29 10:00:44,956 [pool-785-thread-1] INFO  impl.RaftServerImpl (RaftServerImpl.java:setRole(171)) - a82d0560-fbbd-4e02-943e-0d91b09290d4:group-AC766320D942 changes role from null to FOLLOWER at term 0 for startAsFollower
2019-08-29 10:00:44,956 [pool-785-thread-1] INFO  impl.RoleInfo (RoleInfo.java:updateAndGet(143)) - a82d0560-fbbd-4e02-943e-0d91b09290d4: start FollowerState
2019-08-29 10:00:44,956 [pool-763-thread-1] INFO  util.JmxRegister (JmxRegister.java:tryRegister(44)) - Successfully registered JMX Bean with object name Ratis:service=RaftServer,group=group-AC766320D942,id=1172efdb-db01-40ba-b2d8-1219aa980c8c
2019-08-29 10:00:44,956 [pool-785-thread-1] INFO  util.JmxRegister (JmxRegister.java:tryRegister(44)) - Successfully registered JMX Bean with object name Ratis:service=RaftServer,group=group-AC766320D942,id=a82d0560-fbbd-4e02-943e-0d91b09290d4
2019-08-29 10:00:44,958 [RatisPipelineUtilsThread] INFO  pipeline.PipelineStateManager (PipelineStateManager.java:addPipeline(56)) - Created pipeline Pipeline[ Id: 2e3fccb6-da16-4be4-afb9-ac766320d942, Nodes: 1172efdb-db01-40ba-b2d8-1219aa980c8c{ip: 192.168.36.71, host: pr-hdds-2030-kknj5-1067311611, networkLocation: /default-rack, certSerialId: null}1f9ce788-27f8-4fe6-818b-71130e2aa710{ip: 192.168.36.71, host: pr-hdds-2030-kknj5-1067311611, networkLocation: /default-rack, certSerialId: null}a82d0560-fbbd-4e02-943e-0d91b09290d4{ip: 192.168.36.71, host: pr-hdds-2030-kknj5-1067311611, networkLocation: /default-rack, certSerialId: null}, Type:RATIS, Factor:THREE, State:OPEN]
2019-08-29 10:00:45,337 [main] INFO  ozone.MiniOzoneClusterImpl (MiniOzoneClusterImpl.java:lambda$waitForClusterToBeReady$0(142)) - Waiting for cluster to be ready. Got 6 of 7 DN Heartbeats.
2019-08-29 10:00:45,338 [IPC Server handler 2 on 37717] INFO  net.NetworkTopology (NetworkTopologyImpl.java:add(110)) - Added a new node: /default-rack/3a5d5b16-15dc-4940-b3a3-401ea9a94175
2019-08-29 10:00:45,338 [IPC Server handler 2 on 37717] INFO  node.SCMNodeManager (SCMNodeManager.java:register(273)) - Registered Data node : 3a5d5b16-15dc-4940-b3a3-401ea9a94175{ip: 192.168.36.71, host: pr-hdds-2030-kknj5-1067311611, networkLocation: /default-rack, certSerialId: null}
2019-08-29 10:00:45,338 | INFO  | SCMAudit | user=jenkins1000 | ip=192.168.36.71 | op=REGISTER {datanodeDetails=3a5d5b16-15dc-4940-b3a3-401ea9a94175{ip: 192.168.36.71, host: pr-hdds-2030-kknj5-1067311611, networkLocation: /default-rack, certSerialId: null}} | ret=SUCCESS |  
2019-08-29 10:00:45,344 [grpc-default-executor-5] INFO  impl.RaftServerProxy (RaftServerProxy.java:addNew(89)) - 3a5d5b16-15dc-4940-b3a3-401ea9a94175: addNew group-0532DC5EF9CD:[3a5d5b16-15dc-4940-b3a3-401ea9a94175:192.168.36.71:39759] returns group-0532DC5EF9CD:java.util.concurrent.CompletableFuture@6cd26386[Not completed]
2019-08-29 10:00:45,346 [pool-796-thread-1] INFO  impl.RaftServerImpl (RaftServerImpl.java:<init>(93)) - 3a5d5b16-15dc-4940-b3a3-401ea9a94175: new RaftServerImpl for group-0532DC5EF9CD:[3a5d5b16-15dc-4940-b3a3-401ea9a94175:192.168.36.71:39759] with ContainerStateMachine:uninitialized
2019-08-29 10:00:45,347 [pool-796-thread-1] INFO  server.RaftServerConfigKeys (ConfUtils.java:logGet(43)) - raft.server.rpc.timeout.min = 5s (custom)
2019-08-29 10:00:45,347 [pool-796-thread-1] INFO  server.RaftServerConfigKeys (ConfUtils.java:logGet(43)) - raft.server.rpc.timeout.max = 5200ms (custom)
2019-08-29 10:00:45,347 [pool-796-thread-1] INFO  server.RaftServerConfigKeys (ConfUtils.java:logGet(43)) - raft.server.rpcslowness.timeout = 120s (custom)
2019-08-29 10:00:45,347 [pool-796-thread-1] INFO  server.RaftServerConfigKeys (ConfUtils.java:logGet(43)) - raft.server.sleep.deviation.threshold = 300 (default)
2019-08-29 10:00:45,347 [pool-796-thread-1] INFO  server.RaftServerConfigKeys (ConfUtils.java:logGet(43)) - raft.server.log.appender.install.snapshot.enabled = false (custom)
2019-08-29 10:00:45,347 [pool-796-thread-1] INFO  impl.RaftServerImpl (ServerState.java:<init>(105)) - 3a5d5b16-15dc-4940-b3a3-401ea9a94175:group-0532DC5EF9CD ConfigurationManager, init=-1: [3a5d5b16-15dc-4940-b3a3-401ea9a94175:192.168.36.71:39759], old=null, confs=<EMPTY_MAP>
2019-08-29 10:00:45,348 [pool-796-thread-1] INFO  server.RaftServerConfigKeys (ConfUtils.java:logGet(43)) - raft.server.storage.dir = [/workdir/hadoop-ozone/integration-test/target/test-dir/MiniOzoneClusterImpl-f14b1e95-ba00-4e6c-8692-7616f74434d5/datanode-6/data/ratis] (custom)
2019-08-29 10:00:45,348 [pool-796-thread-1] INFO  storage.RaftStorageDirectory (RaftStorageDirectory.java:analyzeStorage(246)) - The storage directory /workdir/hadoop-ozone/integration-test/target/test-dir/MiniOzoneClusterImpl-f14b1e95-ba00-4e6c-8692-7616f74434d5/datanode-6/data/ratis/72770422-651a-4f13-b52e-0532dc5ef9cd does not exist. Creating ...
2019-08-29 10:00:45,355 [pool-796-thread-1] INFO  storage.RaftStorageDirectory (RaftStorageDirectory.java:tryLock(328)) - Lock on /workdir/hadoop-ozone/integration-test/target/test-dir/MiniOzoneClusterImpl-f14b1e95-ba00-4e6c-8692-7616f74434d5/datanode-6/data/ratis/72770422-651a-4f13-b52e-0532dc5ef9cd/in_use.lock acquired by nodename 23284@pr-hdds-2030-kknj5-1067311611
2019-08-29 10:00:45,369 [pool-796-thread-1] INFO  storage.RaftStorage (RaftStorage.java:format(72)) - Storage directory /workdir/hadoop-ozone/integration-test/target/test-dir/MiniOzoneClusterImpl-f14b1e95-ba00-4e6c-8692-7616f74434d5/datanode-6/data/ratis/72770422-651a-4f13-b52e-0532dc5ef9cd has been successfully formatted.
2019-08-29 10:00:45,370 [pool-796-thread-1] INFO  ratis.ContainerStateMachine (ContainerStateMachine.java:loadSnapshot(226)) - group-0532DC5EF9CD: The snapshot info is null. Setting the last applied indexto:(t:0, i:~)
2019-08-29 10:00:45,370 [pool-796-thread-1] INFO  server.RaftServerConfigKeys (ConfUtils.java:logGet(43)) - raft.server.leader.election.timeout = 120s (custom)
2019-08-29 10:00:45,371 [pool-796-thread-1] INFO  server.RaftServerConfigKeys (ConfUtils.java:logGet(43)) - raft.server.log.use.memory = false (default)
2019-08-29 10:00:45,371 [pool-796-thread-1] INFO  server.RaftServerConfigKeys (ConfUtils.java:logGet(43)) - raft.server.log.purge.gap = 1000000 (custom)
2019-08-29 10:00:45,371 [pool-796-thread-1] INFO  server.RaftServerConfigKeys (ConfUtils.java:logGet(43)) - raft.server.log.appender.buffer.byte-limit = 33554432 (custom)
2019-08-29 10:00:45,371 [pool-796-thread-1] INFO  server.RaftServerConfigKeys (ConfUtils.java:logGet(43)) - raft.server.log.segment.size.max = 1048576 (custom)
2019-08-29 10:00:45,371 [pool-796-thread-1] INFO  server.RaftServerConfigKeys (ConfUtils.java:logGet(43)) - raft.server.log.segment.cache.num.max = 2 (custom)
2019-08-29 10:00:45,371 [pool-796-thread-1] INFO  segmented.SegmentedRaftLogWorker (SegmentedRaftLogWorker.java:<init>(172)) - new 3a5d5b16-15dc-4940-b3a3-401ea9a94175-SegmentedRaftLogWorker:Storage Directory /workdir/hadoop-ozone/integration-test/target/test-dir/MiniOzoneClusterImpl-f14b1e95-ba00-4e6c-8692-7616f74434d5/datanode-6/data/ratis/72770422-651a-4f13-b52e-0532dc5ef9cd for RaftStorage:Storage Directory /workdir/hadoop-ozone/integration-test/target/test-dir/MiniOzoneClusterImpl-f14b1e95-ba00-4e6c-8692-7616f74434d5/datanode-6/data/ratis/72770422-651a-4f13-b52e-0532dc5ef9cd
2019-08-29 10:00:45,372 [pool-796-thread-1] INFO  server.RaftServerConfigKeys (ConfUtils.java:logGet(43)) - raft.server.log.queue.byte-limit = 2147483647 (custom)
2019-08-29 10:00:45,372 [pool-796-thread-1] INFO  server.RaftServerConfigKeys (ConfUtils.java:logGet(43)) - raft.server.log.queue.element-limit = 1024 (custom)
2019-08-29 10:00:45,372 [pool-796-thread-1] INFO  server.RaftServerConfigKeys (ConfUtils.java:logGet(43)) - raft.server.log.segment.size.max = 1048576 (custom)
2019-08-29 10:00:45,372 [pool-796-thread-1] INFO  server.RaftServerConfigKeys (ConfUtils.java:logGet(43)) - raft.server.log.preallocated.size = 16384 (custom)
2019-08-29 10:00:45,372 [pool-796-thread-1] INFO  server.RaftServerConfigKeys (ConfUtils.java:logGet(43)) - raft.server.log.write.buffer.size = 33554432 (custom)
2019-08-29 10:00:45,373 [pool-796-thread-1] INFO  server.RaftServerConfigKeys (ConfUtils.java:logGet(43)) - raft.server.log.force.sync.num = 128 (default)
2019-08-29 10:00:45,373 [pool-796-thread-1] INFO  server.RaftServerConfigKeys (ConfUtils.java:logGet(43)) - raft.server.log.statemachine.data.sync = true (default)
2019-08-29 10:00:45,373 [pool-796-thread-1] INFO  server.RaftServerConfigKeys (ConfUtils.java:logGet(43)) - raft.server.log.statemachine.data.sync.timeout = 10s (default)
2019-08-29 10:00:45,373 [pool-796-thread-1] INFO  server.RaftServerConfigKeys (ConfUtils.java:logGet(43)) - raft.server.log.statemachine.data.sync.timeout.retry = -1 (default)
2019-08-29 10:00:45,373 [pool-796-thread-1] INFO  server.RaftServerConfigKeys (ConfUtils.java:logGet(43)) - raft.server.log.statemachine.data.caching.enabled = true (custom)
2019-08-29 10:00:45,374 [pool-796-thread-1] INFO  segmented.SegmentedRaftLogWorker (SegmentedRaftLogWorker.java:lambda$new$0(132)) - 3a5d5b16-15dc-4940-b3a3-401ea9a94175-SegmentedRaftLogWorker:Storage Directory /workdir/hadoop-ozone/integration-test/target/test-dir/MiniOzoneClusterImpl-f14b1e95-ba00-4e6c-8692-7616f74434d5/datanode-6/data/ratis/72770422-651a-4f13-b52e-0532dc5ef9cd: flushIndex: setUnconditionally 0 -> -1
2019-08-29 10:00:45,374 [pool-796-thread-1] INFO  server.RaftServerConfigKeys (ConfUtils.java:logGet(43)) - raft.server.snapshot.auto.trigger.enabled = true (custom)
2019-08-29 10:00:45,374 [pool-796-thread-1] INFO  server.RaftServerConfigKeys (ConfUtils.java:logGet(43)) - raft.server.snapshot.auto.trigger.threshold = 10000 (custom)
2019-08-29 10:00:45,374 [pool-796-thread-1] INFO  server.RaftServerConfigKeys (ConfUtils.java:logGet(43)) - raft.server.retrycache.expirytime = 600000ms (custom)
2019-08-29 10:00:45,375 [pool-796-thread-1] INFO  impl.RaftServerImpl (RaftServerImpl.java:start(180)) - 3a5d5b16-15dc-4940-b3a3-401ea9a94175: start group-0532DC5EF9CD
2019-08-29 10:00:45,375 [pool-796-thread-1] INFO  impl.RaftServerImpl (RaftServerImpl.java:setRole(171)) - 3a5d5b16-15dc-4940-b3a3-401ea9a94175:group-0532DC5EF9CD changes role from null to FOLLOWER at term 0 for startAsFollower
2019-08-29 10:00:45,375 [pool-796-thread-1] INFO  impl.RoleInfo (RoleInfo.java:updateAndGet(143)) - 3a5d5b16-15dc-4940-b3a3-401ea9a94175: start FollowerState
2019-08-29 10:00:45,375 [pool-796-thread-1] INFO  util.JmxRegister (JmxRegister.java:tryRegister(44)) - Successfully registered JMX Bean with object name Ratis:service=RaftServer,group=group-0532DC5EF9CD,id=3a5d5b16-15dc-4940-b3a3-401ea9a94175
2019-08-29 10:00:45,377 [RatisPipelineUtilsThread] INFO  pipeline.PipelineStateManager (PipelineStateManager.java:addPipeline(56)) - Created pipeline Pipeline[ Id: 72770422-651a-4f13-b52e-0532dc5ef9cd, Nodes: 3a5d5b16-15dc-4940-b3a3-401ea9a94175{ip: 192.168.36.71, host: pr-hdds-2030-kknj5-1067311611, networkLocation: /default-rack, certSerialId: null}, Type:RATIS, Factor:ONE, State:OPEN]
2019-08-29 10:00:45,834 | INFO  | SCMAudit | user=jenkins1000 | ip=192.168.36.71 | op=SEND_HEARTBEAT {datanodeUUID=c4b7c157-a592-42f1-8daa-93be55f8212b, command=[]} | ret=SUCCESS |  
2019-08-29 10:00:46,012 | INFO  | SCMAudit | user=jenkins1000 | ip=192.168.36.71 | op=SEND_HEARTBEAT {datanodeUUID=5b8556db-8e30-4259-bb17-5eca36377ad0, command=[]} | ret=SUCCESS |  
2019-08-29 10:00:46,211 | INFO  | SCMAudit | user=jenkins1000 | ip=192.168.36.71 | op=SEND_HEARTBEAT {datanodeUUID=0764962b-5f15-464e-b468-a2e0db5340b9, command=[]} | ret=SUCCESS |  
2019-08-29 10:00:46,338 [main] INFO  ozone.MiniOzoneClusterImpl (MiniOzoneClusterImpl.java:lambda$waitForClusterToBeReady$0(142)) - Cluster is ready. Got 7 of 7 DN Heartbeats.
2019-08-29 10:00:46,370 [main] INFO  rpc.RpcClient (RpcClient.java:createVolume(293)) - Creating Volume: testblockoutputstream, with jenkins1000 as owner.
2019-08-29 10:00:46,394 | INFO  | OMAudit | user=jenkins1000 | ip=127.0.0.1 | op=CREATE_VOLUME {admin=jenkins1000, owner=jenkins1000, volume=testblockoutputstream, creationTime=1567072846371, quotaInBytes=1152921504606846976} | ret=SUCCESS |  
2019-08-29 10:00:46,409 | INFO  | OMAudit | user=jenkins1000 | ip=127.0.0.1 | op=READ_VOLUME {volume=testblockoutputstream} | ret=SUCCESS |  
2019-08-29 10:00:46,410 [main] INFO  rpc.RpcClient (RpcClient.java:createBucket(432)) - Creating Bucket: testblockoutputstream/testblockoutputstream, with Versioning false and Storage Type set to DISK and Encryption set to false 
2019-08-29 10:00:46,414 | INFO  | OMAudit | user=jenkins1000 | ip=127.0.0.1 | op=CREATE_BUCKET {volume=testblockoutputstream, bucket=testblockoutputstream, acls=[user:jenkins1000:a[ACCESS], group:default:a[ACCESS]], isVersionEnabled=false, storageType=DISK, creationTime=0} | ret=SUCCESS |  
2019-08-29 10:00:46,416 | INFO  | OMAudit | user=jenkins1000 | ip=127.0.0.1 | op=READ_VOLUME {volume=testblockoutputstream} | ret=SUCCESS |  
2019-08-29 10:00:46,417 | INFO  | OMAudit | user=jenkins1000 | ip=127.0.0.1 | op=READ_BUCKET {volume=testblockoutputstream, bucket=testblockoutputstream} | ret=SUCCESS |  
2019-08-29 10:00:46,426 | INFO  | SCMAudit | user=jenkins1000 | ip=192.168.36.71 | op=SEND_HEARTBEAT {datanodeUUID=1172efdb-db01-40ba-b2d8-1219aa980c8c, command=[]} | ret=SUCCESS |  
2019-08-29 10:00:46,443 | INFO  | SCMAudit | user=jenkins1000 | ip=192.168.36.71 | op=ALLOCATE_BLOCK {owner=7aa121ca-4a66-4df6-9b63-df46f154915d, size=800, type=RATIS, factor=THREE} | ret=SUCCESS |  
2019-08-29 10:00:46,445 | INFO  | OMAudit | user=jenkins1000 | ip=127.0.0.1 | op=ALLOCATE_KEY {volume=testblockoutputstream, bucket=testblockoutputstream, key=54e925db-3706-451e-82e1-58d431dd3d52, dataSize=0, replicationType=RATIS, replicationFactor=THREE, keyLocationInfo=null} | ret=SUCCESS |  
2019-08-29 10:00:46,456 [grpc-default-executor-7] INFO  client.GrpcClientProtocolClient (GrpcClientProtocolClient.java:onNext(255)) - client-BA37497E0D83->c4b7c157-a592-42f1-8daa-93be55f8212b: receive RaftClientReply:client-BA37497E0D83->c4b7c157-a592-42f1-8daa-93be55f8212b@group-DDC327439CFC, cid=266, FAILED org.apache.ratis.protocol.NotLeaderException: Server c4b7c157-a592-42f1-8daa-93be55f8212b is not the leader (null). Request must be sent to leader., logIndex=0, commits[c4b7c157-a592-42f1-8daa-93be55f8212b:c-1]
2019-08-29 10:00:46,618 | INFO  | SCMAudit | user=jenkins1000 | ip=192.168.36.71 | op=SEND_HEARTBEAT {datanodeUUID=1f9ce788-27f8-4fe6-818b-71130e2aa710, command=[]} | ret=SUCCESS |  
2019-08-29 10:00:46,829 | INFO  | SCMAudit | user=jenkins1000 | ip=192.168.36.71 | op=SEND_HEARTBEAT {datanodeUUID=a82d0560-fbbd-4e02-943e-0d91b09290d4, command=[]} | ret=SUCCESS |  
2019-08-29 10:00:46,833 | INFO  | SCMAudit | user=jenkins1000 | ip=192.168.36.71 | op=SEND_HEARTBEAT {datanodeUUID=c4b7c157-a592-42f1-8daa-93be55f8212b, command=[]} | ret=SUCCESS |  
2019-08-29 10:00:46,846 [Thread-5052] INFO  container.ReplicationManager (ReplicationManager.java:start(152)) - Starting Replication Monitor Thread.
2019-08-29 10:00:46,850 [ReplicationMonitor] INFO  container.ReplicationManager (ReplicationManager.java:run(215)) - Replication Monitor Thread took 0 milliseconds for processing 1 containers.
2019-08-29 10:00:47,012 | INFO  | SCMAudit | user=jenkins1000 | ip=192.168.36.71 | op=SEND_HEARTBEAT {datanodeUUID=5b8556db-8e30-4259-bb17-5eca36377ad0, command=[]} | ret=SUCCESS |  
2019-08-29 10:00:47,210 | INFO  | SCMAudit | user=jenkins1000 | ip=192.168.36.71 | op=SEND_HEARTBEAT {datanodeUUID=0764962b-5f15-464e-b468-a2e0db5340b9, command=[]} | ret=SUCCESS |  
2019-08-29 10:00:47,338 | INFO  | SCMAudit | user=jenkins1000 | ip=192.168.36.71 | op=SEND_HEARTBEAT {datanodeUUID=3a5d5b16-15dc-4940-b3a3-401ea9a94175, command=[]} | ret=SUCCESS |  
2019-08-29 10:00:47,426 | INFO  | SCMAudit | user=jenkins1000 | ip=192.168.36.71 | op=SEND_HEARTBEAT {datanodeUUID=1172efdb-db01-40ba-b2d8-1219aa980c8c, command=[]} | ret=SUCCESS |  
2019-08-29 10:00:47,475 [grpc-default-executor-4] INFO  client.GrpcClientProtocolClient (GrpcClientProtocolClient.java:onNext(255)) - client-BA37497E0D83->0764962b-5f15-464e-b468-a2e0db5340b9: receive RaftClientReply:client-BA37497E0D83->0764962b-5f15-464e-b468-a2e0db5340b9@group-DDC327439CFC, cid=266, FAILED org.apache.ratis.protocol.NotLeaderException: Server 0764962b-5f15-464e-b468-a2e0db5340b9 is not the leader (null). Request must be sent to leader., logIndex=0, commits[0764962b-5f15-464e-b468-a2e0db5340b9:c-1]
2019-08-29 10:00:47,619 | INFO  | SCMAudit | user=jenkins1000 | ip=192.168.36.71 | op=SEND_HEARTBEAT {datanodeUUID=1f9ce788-27f8-4fe6-818b-71130e2aa710, command=[]} | ret=SUCCESS |  
2019-08-29 10:00:47,829 | INFO  | SCMAudit | user=jenkins1000 | ip=192.168.36.71 | op=SEND_HEARTBEAT {datanodeUUID=a82d0560-fbbd-4e02-943e-0d91b09290d4, command=[]} | ret=SUCCESS |  
2019-08-29 10:00:47,833 | INFO  | SCMAudit | user=jenkins1000 | ip=192.168.36.71 | op=SEND_HEARTBEAT {datanodeUUID=c4b7c157-a592-42f1-8daa-93be55f8212b, command=[]} | ret=SUCCESS |  
2019-08-29 10:00:48,013 | INFO  | SCMAudit | user=jenkins1000 | ip=192.168.36.71 | op=SEND_HEARTBEAT {datanodeUUID=5b8556db-8e30-4259-bb17-5eca36377ad0, command=[]} | ret=SUCCESS |  
2019-08-29 10:00:48,211 | INFO  | SCMAudit | user=jenkins1000 | ip=192.168.36.71 | op=SEND_HEARTBEAT {datanodeUUID=0764962b-5f15-464e-b468-a2e0db5340b9, command=[]} | ret=SUCCESS |  
2019-08-29 10:00:48,338 | INFO  | SCMAudit | user=jenkins1000 | ip=192.168.36.71 | op=SEND_HEARTBEAT {datanodeUUID=3a5d5b16-15dc-4940-b3a3-401ea9a94175, command=[]} | ret=SUCCESS |  
2019-08-29 10:00:48,426 | INFO  | SCMAudit | user=jenkins1000 | ip=192.168.36.71 | op=SEND_HEARTBEAT {datanodeUUID=1172efdb-db01-40ba-b2d8-1219aa980c8c, command=[]} | ret=SUCCESS |  
2019-08-29 10:00:48,496 [grpc-default-executor-4] INFO  client.GrpcClientProtocolClient (GrpcClientProtocolClient.java:onNext(255)) - client-BA37497E0D83->c4b7c157-a592-42f1-8daa-93be55f8212b: receive RaftClientReply:client-BA37497E0D83->c4b7c157-a592-42f1-8daa-93be55f8212b@group-DDC327439CFC, cid=266, FAILED org.apache.ratis.protocol.NotLeaderException: Server c4b7c157-a592-42f1-8daa-93be55f8212b is not the leader (null). Request must be sent to leader., logIndex=0, commits[c4b7c157-a592-42f1-8daa-93be55f8212b:c-1]
2019-08-29 10:00:48,618 | INFO  | SCMAudit | user=jenkins1000 | ip=192.168.36.71 | op=SEND_HEARTBEAT {datanodeUUID=1f9ce788-27f8-4fe6-818b-71130e2aa710, command=[]} | ret=SUCCESS |  
2019-08-29 10:00:48,828 | INFO  | SCMAudit | user=jenkins1000 | ip=192.168.36.71 | op=SEND_HEARTBEAT {datanodeUUID=a82d0560-fbbd-4e02-943e-0d91b09290d4, command=[]} | ret=SUCCESS |  
2019-08-29 10:00:48,833 | INFO  | SCMAudit | user=jenkins1000 | ip=192.168.36.71 | op=SEND_HEARTBEAT {datanodeUUID=c4b7c157-a592-42f1-8daa-93be55f8212b, command=[]} | ret=SUCCESS |  
2019-08-29 10:00:49,013 | INFO  | SCMAudit | user=jenkins1000 | ip=192.168.36.71 | op=SEND_HEARTBEAT {datanodeUUID=5b8556db-8e30-4259-bb17-5eca36377ad0, command=[]} | ret=SUCCESS |  
2019-08-29 10:00:49,089 [Thread-5054] INFO  impl.FollowerState (FollowerState.java:run(106)) - c4b7c157-a592-42f1-8daa-93be55f8212b:group-8FC34FDB95FB changes to CANDIDATE, lastRpcTime:5126, electionTimeout:5126ms
2019-08-29 10:00:49,089 [Thread-5054] INFO  impl.RoleInfo (RoleInfo.java:shutdownFollowerState(121)) - c4b7c157-a592-42f1-8daa-93be55f8212b: shutdown FollowerState
2019-08-29 10:00:49,089 [Thread-5054] INFO  impl.RaftServerImpl (RaftServerImpl.java:setRole(171)) - c4b7c157-a592-42f1-8daa-93be55f8212b:group-8FC34FDB95FB changes role from FOLLOWER to CANDIDATE at term 0 for changeToCandidate
2019-08-29 10:00:49,089 [Thread-5054] INFO  impl.RoleInfo (RoleInfo.java:updateAndGet(143)) - c4b7c157-a592-42f1-8daa-93be55f8212b: start LeaderElection
2019-08-29 10:00:49,145 [c4b7c157-a592-42f1-8daa-93be55f8212b:group-8FC34FDB95FB:LeaderElection103] INFO  impl.LeaderElection (LeaderElection.java:askForVotes(181)) - c4b7c157-a592-42f1-8daa-93be55f8212b:group-8FC34FDB95FB:LeaderElection103: begin an election at term 1 for -1: [c4b7c157-a592-42f1-8daa-93be55f8212b:192.168.36.71:43957], old=null
2019-08-29 10:00:49,145 [c4b7c157-a592-42f1-8daa-93be55f8212b:group-8FC34FDB95FB:LeaderElection103] INFO  impl.RoleInfo (RoleInfo.java:shutdownLeaderElection(134)) - c4b7c157-a592-42f1-8daa-93be55f8212b: shutdown LeaderElection
2019-08-29 10:00:49,145 [c4b7c157-a592-42f1-8daa-93be55f8212b:group-8FC34FDB95FB:LeaderElection103] INFO  impl.RaftServerImpl (RaftServerImpl.java:setRole(171)) - c4b7c157-a592-42f1-8daa-93be55f8212b:group-8FC34FDB95FB changes role from CANDIDATE to LEADER at term 1 for changeToLeader
2019-08-29 10:00:49,145 [c4b7c157-a592-42f1-8daa-93be55f8212b:group-8FC34FDB95FB:LeaderElection103] INFO  impl.RaftServerImpl (ServerState.java:setLeader(263)) - c4b7c157-a592-42f1-8daa-93be55f8212b:group-8FC34FDB95FB change Leader from null to c4b7c157-a592-42f1-8daa-93be55f8212b at term 1 for becomeLeader, leader elected after 5187ms
2019-08-29 10:00:49,146 [c4b7c157-a592-42f1-8daa-93be55f8212b:group-8FC34FDB95FB:LeaderElection103] INFO  server.RaftServerConfigKeys (ConfUtils.java:logGet(43)) - raft.server.staging.catchup.gap = 1000 (default)
2019-08-29 10:00:49,146 [c4b7c157-a592-42f1-8daa-93be55f8212b:group-8FC34FDB95FB:LeaderElection103] INFO  server.RaftServerConfigKeys (ConfUtils.java:logGet(43)) - raft.server.rpc.sleep.time = 25ms (default)
2019-08-29 10:00:49,146 [c4b7c157-a592-42f1-8daa-93be55f8212b:group-8FC34FDB95FB:LeaderElection103] INFO  server.RaftServerConfigKeys (ConfUtils.java:logGet(43)) - raft.server.write.element-limit = 4096 (default)
2019-08-29 10:00:49,146 [c4b7c157-a592-42f1-8daa-93be55f8212b:group-8FC34FDB95FB:LeaderElection103] INFO  server.RaftServerConfigKeys (ConfUtils.java:logGet(43)) - raft.server.watch.timeout = 10s (default)
2019-08-29 10:00:49,146 [c4b7c157-a592-42f1-8daa-93be55f8212b:group-8FC34FDB95FB:LeaderElection103] INFO  server.RaftServerConfigKeys (ConfUtils.java:logGet(43)) - raft.server.watch.timeout.denomination = 1s (default)
2019-08-29 10:00:49,147 [c4b7c157-a592-42f1-8daa-93be55f8212b:group-8FC34FDB95FB:LeaderElection103] INFO  server.RaftServerConfigKeys (ConfUtils.java:logGet(43)) - raft.server.watch.element-limit = 65536 (default)
2019-08-29 10:00:49,147 [c4b7c157-a592-42f1-8daa-93be55f8212b:group-8FC34FDB95FB:LeaderElection103] INFO  impl.RoleInfo (RoleInfo.java:updateAndGet(143)) - c4b7c157-a592-42f1-8daa-93be55f8212b: start LeaderState
2019-08-29 10:00:49,147 [c4b7c157-a592-42f1-8daa-93be55f8212b:group-8FC34FDB95FB:LeaderElection103] INFO  segmented.SegmentedRaftLogWorker (SegmentedRaftLogWorker.java:startLogSegment(380)) - c4b7c157-a592-42f1-8daa-93be55f8212b-SegmentedRaftLogWorker:Storage Directory /workdir/hadoop-ozone/integration-test/target/test-dir/MiniOzoneClusterImpl-f14b1e95-ba00-4e6c-8692-7616f74434d5/datanode-0/data/ratis/6e596249-ca0d-49eb-8173-8fc34fdb95fb: Starting segment from index:0
2019-08-29 10:00:49,148 [c4b7c157-a592-42f1-8daa-93be55f8212b:group-8FC34FDB95FB:LeaderElection103] INFO  impl.RaftServerImpl (ServerState.java:setRaftConf(361)) - c4b7c157-a592-42f1-8daa-93be55f8212b:group-8FC34FDB95FB set configuration 0: [c4b7c157-a592-42f1-8daa-93be55f8212b:192.168.36.71:43957], old=null at 0
2019-08-29 10:00:49,187 [Thread-5057] INFO  impl.FollowerState (FollowerState.java:run(106)) - 5b8556db-8e30-4259-bb17-5eca36377ad0:group-12D2B0664596 changes to CANDIDATE, lastRpcTime:5098, electionTimeout:5098ms
2019-08-29 10:00:49,188 [Thread-5057] INFO  impl.RoleInfo (RoleInfo.java:shutdownFollowerState(121)) - 5b8556db-8e30-4259-bb17-5eca36377ad0: shutdown FollowerState
2019-08-29 10:00:49,188 [Thread-5057] INFO  impl.RaftServerImpl (RaftServerImpl.java:setRole(171)) - 5b8556db-8e30-4259-bb17-5eca36377ad0:group-12D2B0664596 changes role from FOLLOWER to CANDIDATE at term 0 for changeToCandidate
2019-08-29 10:00:49,188 [Thread-5057] INFO  impl.RoleInfo (RoleInfo.java:updateAndGet(143)) - 5b8556db-8e30-4259-bb17-5eca36377ad0: start LeaderElection
2019-08-29 10:00:49,195 [c4b7c157-a592-42f1-8daa-93be55f8212b-SegmentedRaftLogWorker:Storage Directory /workdir/hadoop-ozone/integration-test/target/test-dir/MiniOzoneClusterImpl-f14b1e95-ba00-4e6c-8692-7616f74434d5/datanode-0/data/ratis/6e596249-ca0d-49eb-8173-8fc34fdb95fb] INFO  segmented.SegmentedRaftLogWorker (SegmentedRaftLogWorker.java:execute(569)) - c4b7c157-a592-42f1-8daa-93be55f8212b-SegmentedRaftLogWorker:Storage Directory /workdir/hadoop-ozone/integration-test/target/test-dir/MiniOzoneClusterImpl-f14b1e95-ba00-4e6c-8692-7616f74434d5/datanode-0/data/ratis/6e596249-ca0d-49eb-8173-8fc34fdb95fb: created new log segment /workdir/hadoop-ozone/integration-test/target/test-dir/MiniOzoneClusterImpl-f14b1e95-ba00-4e6c-8692-7616f74434d5/datanode-0/data/ratis/6e596249-ca0d-49eb-8173-8fc34fdb95fb/current/log_inprogress_0
2019-08-29 10:00:49,208 [5b8556db-8e30-4259-bb17-5eca36377ad0:group-12D2B0664596:LeaderElection104] INFO  impl.LeaderElection (LeaderElection.java:askForVotes(181)) - 5b8556db-8e30-4259-bb17-5eca36377ad0:group-12D2B0664596:LeaderElection104: begin an election at term 1 for -1: [5b8556db-8e30-4259-bb17-5eca36377ad0:192.168.36.71:35544], old=null
2019-08-29 10:00:49,208 [5b8556db-8e30-4259-bb17-5eca36377ad0:group-12D2B0664596:LeaderElection104] INFO  impl.RoleInfo (RoleInfo.java:shutdownLeaderElection(134)) - 5b8556db-8e30-4259-bb17-5eca36377ad0: shutdown LeaderElection
2019-08-29 10:00:49,209 [5b8556db-8e30-4259-bb17-5eca36377ad0:group-12D2B0664596:LeaderElection104] INFO  impl.RaftServerImpl (RaftServerImpl.java:setRole(171)) - 5b8556db-8e30-4259-bb17-5eca36377ad0:group-12D2B0664596 changes role from CANDIDATE to LEADER at term 1 for changeToLeader
2019-08-29 10:00:49,209 [5b8556db-8e30-4259-bb17-5eca36377ad0:group-12D2B0664596:LeaderElection104] INFO  impl.RaftServerImpl (ServerState.java:setLeader(263)) - 5b8556db-8e30-4259-bb17-5eca36377ad0:group-12D2B0664596 change Leader from null to 5b8556db-8e30-4259-bb17-5eca36377ad0 at term 1 for becomeLeader, leader elected after 5124ms
2019-08-29 10:00:49,209 [5b8556db-8e30-4259-bb17-5eca36377ad0:group-12D2B0664596:LeaderElection104] INFO  server.RaftServerConfigKeys (ConfUtils.java:logGet(43)) - raft.server.staging.catchup.gap = 1000 (default)
2019-08-29 10:00:49,209 [5b8556db-8e30-4259-bb17-5eca36377ad0:group-12D2B0664596:LeaderElection104] INFO  server.RaftServerConfigKeys (ConfUtils.java:logGet(43)) - raft.server.rpc.sleep.time = 25ms (default)
2019-08-29 10:00:49,209 [5b8556db-8e30-4259-bb17-5eca36377ad0:group-12D2B0664596:LeaderElection104] INFO  server.RaftServerConfigKeys (ConfUtils.java:logGet(43)) - raft.server.write.element-limit = 4096 (default)
2019-08-29 10:00:49,209 [5b8556db-8e30-4259-bb17-5eca36377ad0:group-12D2B0664596:LeaderElection104] INFO  server.RaftServerConfigKeys (ConfUtils.java:logGet(43)) - raft.server.watch.timeout = 10s (default)
2019-08-29 10:00:49,209 [5b8556db-8e30-4259-bb17-5eca36377ad0:group-12D2B0664596:LeaderElection104] INFO  server.RaftServerConfigKeys (ConfUtils.java:logGet(43)) - raft.server.watch.timeout.denomination = 1s (default)
2019-08-29 10:00:49,209 [5b8556db-8e30-4259-bb17-5eca36377ad0:group-12D2B0664596:LeaderElection104] INFO  server.RaftServerConfigKeys (ConfUtils.java:logGet(43)) - raft.server.watch.element-limit = 65536 (default)
2019-08-29 10:00:49,209 [5b8556db-8e30-4259-bb17-5eca36377ad0:group-12D2B0664596:LeaderElection104] INFO  impl.RoleInfo (RoleInfo.java:updateAndGet(143)) - 5b8556db-8e30-4259-bb17-5eca36377ad0: start LeaderState
2019-08-29 10:00:49,209 [5b8556db-8e30-4259-bb17-5eca36377ad0:group-12D2B0664596:LeaderElection104] INFO  segmented.SegmentedRaftLogWorker (SegmentedRaftLogWorker.java:startLogSegment(380)) - 5b8556db-8e30-4259-bb17-5eca36377ad0-SegmentedRaftLogWorker:Storage Directory /workdir/hadoop-ozone/integration-test/target/test-dir/MiniOzoneClusterImpl-f14b1e95-ba00-4e6c-8692-7616f74434d5/datanode-1/data/ratis/dc9eb39a-e4cf-4cd4-afc3-12d2b0664596: Starting segment from index:0
2019-08-29 10:00:49,210 [5b8556db-8e30-4259-bb17-5eca36377ad0:group-12D2B0664596:LeaderElection104] INFO  impl.RaftServerImpl (ServerState.java:setRaftConf(361)) - 5b8556db-8e30-4259-bb17-5eca36377ad0:group-12D2B0664596 set configuration 0: [5b8556db-8e30-4259-bb17-5eca36377ad0:192.168.36.71:35544], old=null at 0
2019-08-29 10:00:49,211 | INFO  | SCMAudit | user=jenkins1000 | ip=192.168.36.71 | op=SEND_HEARTBEAT {datanodeUUID=0764962b-5f15-464e-b468-a2e0db5340b9, command=[]} | ret=SUCCESS |  
2019-08-29 10:00:49,255 [5b8556db-8e30-4259-bb17-5eca36377ad0-SegmentedRaftLogWorker:Storage Directory /workdir/hadoop-ozone/integration-test/target/test-dir/MiniOzoneClusterImpl-f14b1e95-ba00-4e6c-8692-7616f74434d5/datanode-1/data/ratis/dc9eb39a-e4cf-4cd4-afc3-12d2b0664596] INFO  segmented.SegmentedRaftLogWorker (SegmentedRaftLogWorker.java:execute(569)) - 5b8556db-8e30-4259-bb17-5eca36377ad0-SegmentedRaftLogWorker:Storage Directory /workdir/hadoop-ozone/integration-test/target/test-dir/MiniOzoneClusterImpl-f14b1e95-ba00-4e6c-8692-7616f74434d5/datanode-1/data/ratis/dc9eb39a-e4cf-4cd4-afc3-12d2b0664596: created new log segment /workdir/hadoop-ozone/integration-test/target/test-dir/MiniOzoneClusterImpl-f14b1e95-ba00-4e6c-8692-7616f74434d5/datanode-1/data/ratis/dc9eb39a-e4cf-4cd4-afc3-12d2b0664596/current/log_inprogress_0
2019-08-29 10:00:49,338 | INFO  | SCMAudit | user=jenkins1000 | ip=192.168.36.71 | op=SEND_HEARTBEAT {datanodeUUID=3a5d5b16-15dc-4940-b3a3-401ea9a94175, command=[]} | ret=SUCCESS |  
2019-08-29 10:00:49,342 [Thread-5060] INFO  impl.FollowerState (FollowerState.java:run(106)) - 0764962b-5f15-464e-b468-a2e0db5340b9:group-55732B9A5F16 changes to CANDIDATE, lastRpcTime:5088, electionTimeout:5088ms
2019-08-29 10:00:49,342 [Thread-5060] INFO  impl.RoleInfo (RoleInfo.java:shutdownFollowerState(121)) - 0764962b-5f15-464e-b468-a2e0db5340b9: shutdown FollowerState
2019-08-29 10:00:49,343 [Thread-5060] INFO  impl.RaftServerImpl (RaftServerImpl.java:setRole(171)) - 0764962b-5f15-464e-b468-a2e0db5340b9:group-55732B9A5F16 changes role from FOLLOWER to CANDIDATE at term 0 for changeToCandidate
2019-08-29 10:00:49,343 [Thread-5060] INFO  impl.RoleInfo (RoleInfo.java:updateAndGet(143)) - 0764962b-5f15-464e-b468-a2e0db5340b9: start LeaderElection
2019-08-29 10:00:49,363 [0764962b-5f15-464e-b468-a2e0db5340b9:group-55732B9A5F16:LeaderElection105] INFO  impl.LeaderElection (LeaderElection.java:askForVotes(181)) - 0764962b-5f15-464e-b468-a2e0db5340b9:group-55732B9A5F16:LeaderElection105: begin an election at term 1 for -1: [0764962b-5f15-464e-b468-a2e0db5340b9:192.168.36.71:43491], old=null
2019-08-29 10:00:49,364 [0764962b-5f15-464e-b468-a2e0db5340b9:group-55732B9A5F16:LeaderElection105] INFO  impl.RoleInfo (RoleInfo.java:shutdownLeaderElection(134)) - 0764962b-5f15-464e-b468-a2e0db5340b9: shutdown LeaderElection
2019-08-29 10:00:49,364 [0764962b-5f15-464e-b468-a2e0db5340b9:group-55732B9A5F16:LeaderElection105] INFO  impl.RaftServerImpl (RaftServerImpl.java:setRole(171)) - 0764962b-5f15-464e-b468-a2e0db5340b9:group-55732B9A5F16 changes role from CANDIDATE to LEADER at term 1 for changeToLeader
2019-08-29 10:00:49,364 [0764962b-5f15-464e-b468-a2e0db5340b9:group-55732B9A5F16:LeaderElection105] INFO  impl.RaftServerImpl (ServerState.java:setLeader(263)) - 0764962b-5f15-464e-b468-a2e0db5340b9:group-55732B9A5F16 change Leader from null to 0764962b-5f15-464e-b468-a2e0db5340b9 at term 1 for becomeLeader, leader elected after 5114ms
2019-08-29 10:00:49,364 [0764962b-5f15-464e-b468-a2e0db5340b9:group-55732B9A5F16:LeaderElection105] INFO  server.RaftServerConfigKeys (ConfUtils.java:logGet(43)) - raft.server.staging.catchup.gap = 1000 (default)
2019-08-29 10:00:49,364 [0764962b-5f15-464e-b468-a2e0db5340b9:group-55732B9A5F16:LeaderElection105] INFO  server.RaftServerConfigKeys (ConfUtils.java:logGet(43)) - raft.server.rpc.sleep.time = 25ms (default)
2019-08-29 10:00:49,364 [0764962b-5f15-464e-b468-a2e0db5340b9:group-55732B9A5F16:LeaderElection105] INFO  server.RaftServerConfigKeys (ConfUtils.java:logGet(43)) - raft.server.write.element-limit = 4096 (default)
2019-08-29 10:00:49,365 [0764962b-5f15-464e-b468-a2e0db5340b9:group-55732B9A5F16:LeaderElection105] INFO  server.RaftServerConfigKeys (ConfUtils.java:logGet(43)) - raft.server.watch.timeout = 10s (default)
2019-08-29 10:00:49,365 [0764962b-5f15-464e-b468-a2e0db5340b9:group-55732B9A5F16:LeaderElection105] INFO  server.RaftServerConfigKeys (ConfUtils.java:logGet(43)) - raft.server.watch.timeout.denomination = 1s (default)
2019-08-29 10:00:49,365 [0764962b-5f15-464e-b468-a2e0db5340b9:group-55732B9A5F16:LeaderElection105] INFO  server.RaftServerConfigKeys (ConfUtils.java:logGet(43)) - raft.server.watch.element-limit = 65536 (default)
2019-08-29 10:00:49,365 [0764962b-5f15-464e-b468-a2e0db5340b9:group-55732B9A5F16:LeaderElection105] INFO  impl.RoleInfo (RoleInfo.java:updateAndGet(143)) - 0764962b-5f15-464e-b468-a2e0db5340b9: start LeaderState
2019-08-29 10:00:49,365 [0764962b-5f15-464e-b468-a2e0db5340b9:group-55732B9A5F16:LeaderElection105] INFO  segmented.SegmentedRaftLogWorker (SegmentedRaftLogWorker.java:startLogSegment(380)) - 0764962b-5f15-464e-b468-a2e0db5340b9-SegmentedRaftLogWorker:Storage Directory /workdir/hadoop-ozone/integration-test/target/test-dir/MiniOzoneClusterImpl-f14b1e95-ba00-4e6c-8692-7616f74434d5/datanode-2/data/ratis/0e445a2e-f920-4285-ac2c-55732b9a5f16: Starting segment from index:0
2019-08-29 10:00:49,366 [0764962b-5f15-464e-b468-a2e0db5340b9:group-55732B9A5F16:LeaderElection105] INFO  impl.RaftServerImpl (ServerState.java:setRaftConf(361)) - 0764962b-5f15-464e-b468-a2e0db5340b9:group-55732B9A5F16 set configuration 0: [0764962b-5f15-464e-b468-a2e0db5340b9:192.168.36.71:43491], old=null at 0
2019-08-29 10:00:49,425 | INFO  | SCMAudit | user=jenkins1000 | ip=192.168.36.71 | op=SEND_HEARTBEAT {datanodeUUID=1172efdb-db01-40ba-b2d8-1219aa980c8c, command=[]} | ret=SUCCESS |  
2019-08-29 10:00:49,429 [0764962b-5f15-464e-b468-a2e0db5340b9-SegmentedRaftLogWorker:Storage Directory /workdir/hadoop-ozone/integration-test/target/test-dir/MiniOzoneClusterImpl-f14b1e95-ba00-4e6c-8692-7616f74434d5/datanode-2/data/ratis/0e445a2e-f920-4285-ac2c-55732b9a5f16] INFO  segmented.SegmentedRaftLogWorker (SegmentedRaftLogWorker.java:execute(569)) - 0764962b-5f15-464e-b468-a2e0db5340b9-SegmentedRaftLogWorker:Storage Directory /workdir/hadoop-ozone/integration-test/target/test-dir/MiniOzoneClusterImpl-f14b1e95-ba00-4e6c-8692-7616f74434d5/datanode-2/data/ratis/0e445a2e-f920-4285-ac2c-55732b9a5f16: created new log segment /workdir/hadoop-ozone/integration-test/target/test-dir/MiniOzoneClusterImpl-f14b1e95-ba00-4e6c-8692-7616f74434d5/datanode-2/data/ratis/0e445a2e-f920-4285-ac2c-55732b9a5f16/current/log_inprogress_0
2019-08-29 10:00:49,458 [Thread-5069] INFO  impl.FollowerState (FollowerState.java:run(106)) - 5b8556db-8e30-4259-bb17-5eca36377ad0:group-DDC327439CFC changes to CANDIDATE, lastRpcTime:5140, electionTimeout:5140ms
2019-08-29 10:00:49,458 [Thread-5069] INFO  impl.RoleInfo (RoleInfo.java:shutdownFollowerState(121)) - 5b8556db-8e30-4259-bb17-5eca36377ad0: shutdown FollowerState
2019-08-29 10:00:49,458 [Thread-5069] INFO  impl.RaftServerImpl (RaftServerImpl.java:setRole(171)) - 5b8556db-8e30-4259-bb17-5eca36377ad0:group-DDC327439CFC changes role from FOLLOWER to CANDIDATE at term 0 for changeToCandidate
2019-08-29 10:00:49,459 [Thread-5069] INFO  impl.RoleInfo (RoleInfo.java:updateAndGet(143)) - 5b8556db-8e30-4259-bb17-5eca36377ad0: start LeaderElection
2019-08-29 10:00:49,459 [Thread-5066] INFO  impl.FollowerState (FollowerState.java:run(106)) - 0764962b-5f15-464e-b468-a2e0db5340b9:group-DDC327439CFC changes to CANDIDATE, lastRpcTime:5142, electionTimeout:5142ms
2019-08-29 10:00:49,465 [Thread-5066] INFO  impl.RoleInfo (RoleInfo.java:shutdownFollowerState(121)) - 0764962b-5f15-464e-b468-a2e0db5340b9: shutdown FollowerState
2019-08-29 10:00:49,465 [Thread-5066] INFO  impl.RaftServerImpl (RaftServerImpl.java:setRole(171)) - 0764962b-5f15-464e-b468-a2e0db5340b9:group-DDC327439CFC changes role from FOLLOWER to CANDIDATE at term 0 for changeToCandidate
2019-08-29 10:00:49,465 [Thread-5066] INFO  impl.RoleInfo (RoleInfo.java:updateAndGet(143)) - 0764962b-5f15-464e-b468-a2e0db5340b9: start LeaderElection
2019-08-29 10:00:49,481 [Thread-5063] INFO  impl.FollowerState (FollowerState.java:run(106)) - c4b7c157-a592-42f1-8daa-93be55f8212b:group-DDC327439CFC changes to CANDIDATE, lastRpcTime:5167, electionTimeout:5167ms
2019-08-29 10:00:49,481 [Thread-5063] INFO  impl.RoleInfo (RoleInfo.java:shutdownFollowerState(121)) - c4b7c157-a592-42f1-8daa-93be55f8212b: shutdown FollowerState
2019-08-29 10:00:49,481 [Thread-5063] INFO  impl.RaftServerImpl (RaftServerImpl.java:setRole(171)) - c4b7c157-a592-42f1-8daa-93be55f8212b:group-DDC327439CFC changes role from FOLLOWER to CANDIDATE at term 0 for changeToCandidate
2019-08-29 10:00:49,481 [Thread-5063] INFO  impl.RoleInfo (RoleInfo.java:updateAndGet(143)) - c4b7c157-a592-42f1-8daa-93be55f8212b: start LeaderElection
2019-08-29 10:00:49,486 [5b8556db-8e30-4259-bb17-5eca36377ad0:group-DDC327439CFC:LeaderElection106] INFO  impl.LeaderElection (LeaderElection.java:askForVotes(181)) - 5b8556db-8e30-4259-bb17-5eca36377ad0:group-DDC327439CFC:LeaderElection106: begin an election at term 1 for -1: [c4b7c157-a592-42f1-8daa-93be55f8212b:192.168.36.71:43957, 0764962b-5f15-464e-b468-a2e0db5340b9:192.168.36.71:43491, 5b8556db-8e30-4259-bb17-5eca36377ad0:192.168.36.71:35544], old=null
2019-08-29 10:00:49,486 [0764962b-5f15-464e-b468-a2e0db5340b9:group-DDC327439CFC:LeaderElection107] INFO  impl.LeaderElection (LeaderElection.java:askForVotes(181)) - 0764962b-5f15-464e-b468-a2e0db5340b9:group-DDC327439CFC:LeaderElection107: begin an election at term 1 for -1: [c4b7c157-a592-42f1-8daa-93be55f8212b:192.168.36.71:43957, 0764962b-5f15-464e-b468-a2e0db5340b9:192.168.36.71:43491, 5b8556db-8e30-4259-bb17-5eca36377ad0:192.168.36.71:35544], old=null
2019-08-29 10:00:49,488 [c4b7c157-a592-42f1-8daa-93be55f8212b:group-DDC327439CFC:LeaderElection108] INFO  impl.LeaderElection (LeaderElection.java:askForVotes(181)) - c4b7c157-a592-42f1-8daa-93be55f8212b:group-DDC327439CFC:LeaderElection108: begin an election at term 1 for -1: [c4b7c157-a592-42f1-8daa-93be55f8212b:192.168.36.71:43957, 0764962b-5f15-464e-b468-a2e0db5340b9:192.168.36.71:43491, 5b8556db-8e30-4259-bb17-5eca36377ad0:192.168.36.71:35544], old=null
2019-08-29 10:00:49,491 [5b8556db-8e30-4259-bb17-5eca36377ad0:group-DDC327439CFC:LeaderElection106] INFO  impl.LeaderElection (LeaderElection.java:logAndReturn(56)) - 5b8556db-8e30-4259-bb17-5eca36377ad0:group-DDC327439CFC:LeaderElection106: Election REJECTED; received 2 response(s) [5b8556db-8e30-4259-bb17-5eca36377ad0<-c4b7c157-a592-42f1-8daa-93be55f8212b#0:FAIL-t1, 5b8556db-8e30-4259-bb17-5eca36377ad0<-0764962b-5f15-464e-b468-a2e0db5340b9#0:FAIL-t1] and 0 exception(s); 5b8556db-8e30-4259-bb17-5eca36377ad0:t1, leader=null, voted=5b8556db-8e30-4259-bb17-5eca36377ad0, raftlog=5b8556db-8e30-4259-bb17-5eca36377ad0-SegmentedRaftLog:OPENED:c-1,f-1,i0, conf=-1: [c4b7c157-a592-42f1-8daa-93be55f8212b:192.168.36.71:43957, 0764962b-5f15-464e-b468-a2e0db5340b9:192.168.36.71:43491, 5b8556db-8e30-4259-bb17-5eca36377ad0:192.168.36.71:35544], old=null
2019-08-29 10:00:49,491 [5b8556db-8e30-4259-bb17-5eca36377ad0:group-DDC327439CFC:LeaderElection106] INFO  impl.RaftServerImpl (RaftServerImpl.java:setRole(171)) - 5b8556db-8e30-4259-bb17-5eca36377ad0:group-DDC327439CFC changes role from CANDIDATE to FOLLOWER at term 1 for DISCOVERED_A_NEW_TERM
2019-08-29 10:00:49,491 [5b8556db-8e30-4259-bb17-5eca36377ad0:group-DDC327439CFC:LeaderElection106] INFO  impl.RoleInfo (RoleInfo.java:shutdownLeaderElection(134)) - 5b8556db-8e30-4259-bb17-5eca36377ad0: shutdown LeaderElection
2019-08-29 10:00:49,491 [0764962b-5f15-464e-b468-a2e0db5340b9:group-DDC327439CFC:LeaderElection107] INFO  impl.LeaderElection (LeaderElection.java:logAndReturn(56)) - 0764962b-5f15-464e-b468-a2e0db5340b9:group-DDC327439CFC:LeaderElection107: Election REJECTED; received 2 response(s) [0764962b-5f15-464e-b468-a2e0db5340b9<-c4b7c157-a592-42f1-8daa-93be55f8212b#0:FAIL-t1, 0764962b-5f15-464e-b468-a2e0db5340b9<-5b8556db-8e30-4259-bb17-5eca36377ad0#0:FAIL-t1] and 0 exception(s); 0764962b-5f15-464e-b468-a2e0db5340b9:t1, leader=null, voted=0764962b-5f15-464e-b468-a2e0db5340b9, raftlog=0764962b-5f15-464e-b468-a2e0db5340b9-SegmentedRaftLog:OPENED:c-1,f-1,i0, conf=-1: [c4b7c157-a592-42f1-8daa-93be55f8212b:192.168.36.71:43957, 0764962b-5f15-464e-b468-a2e0db5340b9:192.168.36.71:43491, 5b8556db-8e30-4259-bb17-5eca36377ad0:192.168.36.71:35544], old=null
2019-08-29 10:00:49,491 [5b8556db-8e30-4259-bb17-5eca36377ad0:group-DDC327439CFC:LeaderElection106] INFO  impl.RoleInfo (RoleInfo.java:updateAndGet(143)) - 5b8556db-8e30-4259-bb17-5eca36377ad0: start FollowerState
2019-08-29 10:00:49,492 [0764962b-5f15-464e-b468-a2e0db5340b9:group-DDC327439CFC:LeaderElection107] INFO  impl.RaftServerImpl (RaftServerImpl.java:setRole(171)) - 0764962b-5f15-464e-b468-a2e0db5340b9:group-DDC327439CFC changes role from CANDIDATE to FOLLOWER at term 1 for DISCOVERED_A_NEW_TERM
2019-08-29 10:00:49,492 [0764962b-5f15-464e-b468-a2e0db5340b9:group-DDC327439CFC:LeaderElection107] INFO  impl.RoleInfo (RoleInfo.java:shutdownLeaderElection(134)) - 0764962b-5f15-464e-b468-a2e0db5340b9: shutdown LeaderElection
2019-08-29 10:00:49,492 [0764962b-5f15-464e-b468-a2e0db5340b9:group-DDC327439CFC:LeaderElection107] INFO  impl.RoleInfo (RoleInfo.java:updateAndGet(143)) - 0764962b-5f15-464e-b468-a2e0db5340b9: start FollowerState
2019-08-29 10:00:49,492 [c4b7c157-a592-42f1-8daa-93be55f8212b:group-DDC327439CFC:LeaderElection108] INFO  impl.LeaderElection (LeaderElection.java:logAndReturn(56)) - c4b7c157-a592-42f1-8daa-93be55f8212b:group-DDC327439CFC:LeaderElection108: Election REJECTED; received 2 response(s) [c4b7c157-a592-42f1-8daa-93be55f8212b<-0764962b-5f15-464e-b468-a2e0db5340b9#0:FAIL-t1, c4b7c157-a592-42f1-8daa-93be55f8212b<-5b8556db-8e30-4259-bb17-5eca36377ad0#0:FAIL-t1] and 0 exception(s); c4b7c157-a592-42f1-8daa-93be55f8212b:t1, leader=null, voted=c4b7c157-a592-42f1-8daa-93be55f8212b, raftlog=c4b7c157-a592-42f1-8daa-93be55f8212b-SegmentedRaftLog:OPENED:c-1,f-1,i0, conf=-1: [c4b7c157-a592-42f1-8daa-93be55f8212b:192.168.36.71:43957, 0764962b-5f15-464e-b468-a2e0db5340b9:192.168.36.71:43491, 5b8556db-8e30-4259-bb17-5eca36377ad0:192.168.36.71:35544], old=null
2019-08-29 10:00:49,493 [c4b7c157-a592-42f1-8daa-93be55f8212b:group-DDC327439CFC:LeaderElection108] INFO  impl.RaftServerImpl (RaftServerImpl.java:setRole(171)) - c4b7c157-a592-42f1-8daa-93be55f8212b:group-DDC327439CFC changes role from CANDIDATE to FOLLOWER at term 1 for DISCOVERED_A_NEW_TERM
2019-08-29 10:00:49,493 [c4b7c157-a592-42f1-8daa-93be55f8212b:group-DDC327439CFC:LeaderElection108] INFO  impl.RoleInfo (RoleInfo.java:shutdownLeaderElection(134)) - c4b7c157-a592-42f1-8daa-93be55f8212b: shutdown LeaderElection
2019-08-29 10:00:49,493 [c4b7c157-a592-42f1-8daa-93be55f8212b:group-DDC327439CFC:LeaderElection108] INFO  impl.RoleInfo (RoleInfo.java:updateAndGet(143)) - c4b7c157-a592-42f1-8daa-93be55f8212b: start FollowerState
2019-08-29 10:00:49,503 [grpc-default-executor-7] INFO  client.GrpcClientProtocolClient (GrpcClientProtocolClient.java:onNext(255)) - client-BA37497E0D83->0764962b-5f15-464e-b468-a2e0db5340b9: receive RaftClientReply:client-BA37497E0D83->0764962b-5f15-464e-b468-a2e0db5340b9@group-DDC327439CFC, cid=266, FAILED org.apache.ratis.protocol.NotLeaderException: Server 0764962b-5f15-464e-b468-a2e0db5340b9 is not the leader (null). Request must be sent to leader., logIndex=0, commits[0764962b-5f15-464e-b468-a2e0db5340b9:c-1]
2019-08-29 10:00:49,568 [Thread-5072] INFO  impl.FollowerState (FollowerState.java:run(106)) - 1172efdb-db01-40ba-b2d8-1219aa980c8c:group-1DE8FCE05D20 changes to CANDIDATE, lastRpcTime:5047, electionTimeout:5047ms
2019-08-29 10:00:49,568 [Thread-5072] INFO  impl.RoleInfo (RoleInfo.java:shutdownFollowerState(121)) - 1172efdb-db01-40ba-b2d8-1219aa980c8c: shutdown FollowerState
2019-08-29 10:00:49,568 [Thread-5072] INFO  impl.RaftServerImpl (RaftServerImpl.java:setRole(171)) - 1172efdb-db01-40ba-b2d8-1219aa980c8c:group-1DE8FCE05D20 changes role from FOLLOWER to CANDIDATE at term 0 for changeToCandidate
2019-08-29 10:00:49,568 [Thread-5072] INFO  impl.RoleInfo (RoleInfo.java:updateAndGet(143)) - 1172efdb-db01-40ba-b2d8-1219aa980c8c: start LeaderElection
2019-08-29 10:00:49,598 [1172efdb-db01-40ba-b2d8-1219aa980c8c:group-1DE8FCE05D20:LeaderElection109] INFO  impl.LeaderElection (LeaderElection.java:askForVotes(181)) - 1172efdb-db01-40ba-b2d8-1219aa980c8c:group-1DE8FCE05D20:LeaderElection109: begin an election at term 1 for -1: [1172efdb-db01-40ba-b2d8-1219aa980c8c:192.168.36.71:36989], old=null
2019-08-29 10:00:49,598 [1172efdb-db01-40ba-b2d8-1219aa980c8c:group-1DE8FCE05D20:LeaderElection109] INFO  impl.RoleInfo (RoleInfo.java:shutdownLeaderElection(134)) - 1172efdb-db01-40ba-b2d8-1219aa980c8c: shutdown LeaderElection
2019-08-29 10:00:49,598 [1172efdb-db01-40ba-b2d8-1219aa980c8c:group-1DE8FCE05D20:LeaderElection109] INFO  impl.RaftServerImpl (RaftServerImpl.java:setRole(171)) - 1172efdb-db01-40ba-b2d8-1219aa980c8c:group-1DE8FCE05D20 changes role from CANDIDATE to LEADER at term 1 for changeToLeader
2019-08-29 10:00:49,598 [1172efdb-db01-40ba-b2d8-1219aa980c8c:group-1DE8FCE05D20:LeaderElection109] INFO  impl.RaftServerImpl (ServerState.java:setLeader(263)) - 1172efdb-db01-40ba-b2d8-1219aa980c8c:group-1DE8FCE05D20 change Leader from null to 1172efdb-db01-40ba-b2d8-1219aa980c8c at term 1 for becomeLeader, leader elected after 5082ms
2019-08-29 10:00:49,598 [1172efdb-db01-40ba-b2d8-1219aa980c8c:group-1DE8FCE05D20:LeaderElection109] INFO  server.RaftServerConfigKeys (ConfUtils.java:logGet(43)) - raft.server.staging.catchup.gap = 1000 (default)
2019-08-29 10:00:49,598 [1172efdb-db01-40ba-b2d8-1219aa980c8c:group-1DE8FCE05D20:LeaderElection109] INFO  server.RaftServerConfigKeys (ConfUtils.java:logGet(43)) - raft.server.rpc.sleep.time = 25ms (default)
2019-08-29 10:00:49,599 [1172efdb-db01-40ba-b2d8-1219aa980c8c:group-1DE8FCE05D20:LeaderElection109] INFO  server.RaftServerConfigKeys (ConfUtils.java:logGet(43)) - raft.server.write.element-limit = 4096 (default)
2019-08-29 10:00:49,599 [1172efdb-db01-40ba-b2d8-1219aa980c8c:group-1DE8FCE05D20:LeaderElection109] INFO  server.RaftServerConfigKeys (ConfUtils.java:logGet(43)) - raft.server.watch.timeout = 10s (default)
2019-08-29 10:00:49,599 [1172efdb-db01-40ba-b2d8-1219aa980c8c:group-1DE8FCE05D20:LeaderElection109] INFO  server.RaftServerConfigKeys (ConfUtils.java:logGet(43)) - raft.server.watch.timeout.denomination = 1s (default)
2019-08-29 10:00:49,599 [1172efdb-db01-40ba-b2d8-1219aa980c8c:group-1DE8FCE05D20:LeaderElection109] INFO  server.RaftServerConfigKeys (ConfUtils.java:logGet(43)) - raft.server.watch.element-limit = 65536 (default)
2019-08-29 10:00:49,599 [1172efdb-db01-40ba-b2d8-1219aa980c8c:group-1DE8FCE05D20:LeaderElection109] INFO  impl.RoleInfo (RoleInfo.java:updateAndGet(143)) - 1172efdb-db01-40ba-b2d8-1219aa980c8c: start LeaderState
2019-08-29 10:00:49,600 [1172efdb-db01-40ba-b2d8-1219aa980c8c:group-1DE8FCE05D20:LeaderElection109] INFO  segmented.SegmentedRaftLogWorker (SegmentedRaftLogWorker.java:startLogSegment(380)) - 1172efdb-db01-40ba-b2d8-1219aa980c8c-SegmentedRaftLogWorker:Storage Directory /workdir/hadoop-ozone/integration-test/target/test-dir/MiniOzoneClusterImpl-f14b1e95-ba00-4e6c-8692-7616f74434d5/datanode-3/data/ratis/b1ef3a4f-1148-4c1c-901e-1de8fce05d20: Starting segment from index:0
2019-08-29 10:00:49,600 [1172efdb-db01-40ba-b2d8-1219aa980c8c:group-1DE8FCE05D20:LeaderElection109] INFO  impl.RaftServerImpl (ServerState.java:setRaftConf(361)) - 1172efdb-db01-40ba-b2d8-1219aa980c8c:group-1DE8FCE05D20 set configuration 0: [1172efdb-db01-40ba-b2d8-1219aa980c8c:192.168.36.71:36989], old=null at 0
2019-08-29 10:00:49,619 | INFO  | SCMAudit | user=jenkins1000 | ip=192.168.36.71 | op=SEND_HEARTBEAT {datanodeUUID=1f9ce788-27f8-4fe6-818b-71130e2aa710, command=[]} | ret=SUCCESS |  
2019-08-29 10:00:49,640 [1172efdb-db01-40ba-b2d8-1219aa980c8c-SegmentedRaftLogWorker:Storage Directory /workdir/hadoop-ozone/integration-test/target/test-dir/MiniOzoneClusterImpl-f14b1e95-ba00-4e6c-8692-7616f74434d5/datanode-3/data/ratis/b1ef3a4f-1148-4c1c-901e-1de8fce05d20] INFO  segmented.SegmentedRaftLogWorker (SegmentedRaftLogWorker.java:execute(569)) - 1172efdb-db01-40ba-b2d8-1219aa980c8c-SegmentedRaftLogWorker:Storage Directory /workdir/hadoop-ozone/integration-test/target/test-dir/MiniOzoneClusterImpl-f14b1e95-ba00-4e6c-8692-7616f74434d5/datanode-3/data/ratis/b1ef3a4f-1148-4c1c-901e-1de8fce05d20: created new log segment /workdir/hadoop-ozone/integration-test/target/test-dir/MiniOzoneClusterImpl-f14b1e95-ba00-4e6c-8692-7616f74434d5/datanode-3/data/ratis/b1ef3a4f-1148-4c1c-901e-1de8fce05d20/current/log_inprogress_0
2019-08-29 10:00:49,717 [Thread-5078] INFO  impl.FollowerState (FollowerState.java:run(106)) - 1f9ce788-27f8-4fe6-818b-71130e2aa710:group-0A224A3EC114 changes to CANDIDATE, lastRpcTime:5026, electionTimeout:5026ms
2019-08-29 10:00:49,717 [Thread-5078] INFO  impl.RoleInfo (RoleInfo.java:shutdownFollowerState(121)) - 1f9ce788-27f8-4fe6-818b-71130e2aa710: shutdown FollowerState
2019-08-29 10:00:49,717 [Thread-5078] INFO  impl.RaftServerImpl (RaftServerImpl.java:setRole(171)) - 1f9ce788-27f8-4fe6-818b-71130e2aa710:group-0A224A3EC114 changes role from FOLLOWER to CANDIDATE at term 0 for changeToCandidate
2019-08-29 10:00:49,717 [Thread-5078] INFO  impl.RoleInfo (RoleInfo.java:updateAndGet(143)) - 1f9ce788-27f8-4fe6-818b-71130e2aa710: start LeaderElection
2019-08-29 10:00:49,738 [1f9ce788-27f8-4fe6-818b-71130e2aa710:group-0A224A3EC114:LeaderElection110] INFO  impl.LeaderElection (LeaderElection.java:askForVotes(181)) - 1f9ce788-27f8-4fe6-818b-71130e2aa710:group-0A224A3EC114:LeaderElection110: begin an election at term 1 for -1: [1f9ce788-27f8-4fe6-818b-71130e2aa710:192.168.36.71:43656], old=null
2019-08-29 10:00:49,739 [1f9ce788-27f8-4fe6-818b-71130e2aa710:group-0A224A3EC114:LeaderElection110] INFO  impl.RoleInfo (RoleInfo.java:shutdownLeaderElection(134)) - 1f9ce788-27f8-4fe6-818b-71130e2aa710: shutdown LeaderElection
2019-08-29 10:00:49,739 [1f9ce788-27f8-4fe6-818b-71130e2aa710:group-0A224A3EC114:LeaderElection110] INFO  impl.RaftServerImpl (RaftServerImpl.java:setRole(171)) - 1f9ce788-27f8-4fe6-818b-71130e2aa710:group-0A224A3EC114 changes role from CANDIDATE to LEADER at term 1 for changeToLeader
2019-08-29 10:00:49,739 [1f9ce788-27f8-4fe6-818b-71130e2aa710:group-0A224A3EC114:LeaderElection110] INFO  impl.RaftServerImpl (ServerState.java:setLeader(263)) - 1f9ce788-27f8-4fe6-818b-71130e2aa710:group-0A224A3EC114 change Leader from null to 1f9ce788-27f8-4fe6-818b-71130e2aa710 at term 1 for becomeLeader, leader elected after 5052ms
2019-08-29 10:00:49,739 [1f9ce788-27f8-4fe6-818b-71130e2aa710:group-0A224A3EC114:LeaderElection110] INFO  server.RaftServerConfigKeys (ConfUtils.java:logGet(43)) - raft.server.staging.catchup.gap = 1000 (default)
2019-08-29 10:00:49,739 [1f9ce788-27f8-4fe6-818b-71130e2aa710:group-0A224A3EC114:LeaderElection110] INFO  server.RaftServerConfigKeys (ConfUtils.java:logGet(43)) - raft.server.rpc.sleep.time = 25ms (default)
2019-08-29 10:00:49,739 [1f9ce788-27f8-4fe6-818b-71130e2aa710:group-0A224A3EC114:LeaderElection110] INFO  server.RaftServerConfigKeys (ConfUtils.java:logGet(43)) - raft.server.write.element-limit = 4096 (default)
2019-08-29 10:00:49,739 [1f9ce788-27f8-4fe6-818b-71130e2aa710:group-0A224A3EC114:LeaderElection110] INFO  server.RaftServerConfigKeys (ConfUtils.java:logGet(43)) - raft.server.watch.timeout = 10s (default)
2019-08-29 10:00:49,740 [1f9ce788-27f8-4fe6-818b-71130e2aa710:group-0A224A3EC114:LeaderElection110] INFO  server.RaftServerConfigKeys (ConfUtils.java:logGet(43)) - raft.server.watch.timeout.denomination = 1s (default)
2019-08-29 10:00:49,740 [1f9ce788-27f8-4fe6-818b-71130e2aa710:group-0A224A3EC114:LeaderElection110] INFO  server.RaftServerConfigKeys (ConfUtils.java:logGet(43)) - raft.server.watch.element-limit = 65536 (default)
2019-08-29 10:00:49,740 [1f9ce788-27f8-4fe6-818b-71130e2aa710:group-0A224A3EC114:LeaderElection110] INFO  impl.RoleInfo (RoleInfo.java:updateAndGet(143)) - 1f9ce788-27f8-4fe6-818b-71130e2aa710: start LeaderState
2019-08-29 10:00:49,740 [1f9ce788-27f8-4fe6-818b-71130e2aa710:group-0A224A3EC114:LeaderElection110] INFO  segmented.SegmentedRaftLogWorker (SegmentedRaftLogWorker.java:startLogSegment(380)) - 1f9ce788-27f8-4fe6-818b-71130e2aa710-SegmentedRaftLogWorker:Storage Directory /workdir/hadoop-ozone/integration-test/target/test-dir/MiniOzoneClusterImpl-f14b1e95-ba00-4e6c-8692-7616f74434d5/datanode-4/data/ratis/c51ca3db-2c7d-40eb-8c8a-0a224a3ec114: Starting segment from index:0
2019-08-29 10:00:49,741 [1f9ce788-27f8-4fe6-818b-71130e2aa710:group-0A224A3EC114:LeaderElection110] INFO  impl.RaftServerImpl (ServerState.java:setRaftConf(361)) - 1f9ce788-27f8-4fe6-818b-71130e2aa710:group-0A224A3EC114 set configuration 0: [1f9ce788-27f8-4fe6-818b-71130e2aa710:192.168.36.71:43656], old=null at 0
2019-08-29 10:00:49,785 [1f9ce788-27f8-4fe6-818b-71130e2aa710-SegmentedRaftLogWorker:Storage Directory /workdir/hadoop-ozone/integration-test/target/test-dir/MiniOzoneClusterImpl-f14b1e95-ba00-4e6c-8692-7616f74434d5/datanode-4/data/ratis/c51ca3db-2c7d-40eb-8c8a-0a224a3ec114] INFO  segmented.SegmentedRaftLogWorker (SegmentedRaftLogWorker.java:execute(569)) - 1f9ce788-27f8-4fe6-818b-71130e2aa710-SegmentedRaftLogWorker:Storage Directory /workdir/hadoop-ozone/integration-test/target/test-dir/MiniOzoneClusterImpl-f14b1e95-ba00-4e6c-8692-7616f74434d5/datanode-4/data/ratis/c51ca3db-2c7d-40eb-8c8a-0a224a3ec114: created new log segment /workdir/hadoop-ozone/integration-test/target/test-dir/MiniOzoneClusterImpl-f14b1e95-ba00-4e6c-8692-7616f74434d5/datanode-4/data/ratis/c51ca3db-2c7d-40eb-8c8a-0a224a3ec114/current/log_inprogress_0
2019-08-29 10:00:49,828 | INFO  | SCMAudit | user=jenkins1000 | ip=192.168.36.71 | op=SEND_HEARTBEAT {datanodeUUID=a82d0560-fbbd-4e02-943e-0d91b09290d4, command=[]} | ret=SUCCESS |  
2019-08-29 10:00:49,834 | INFO  | SCMAudit | user=jenkins1000 | ip=192.168.36.71 | op=SEND_HEARTBEAT {datanodeUUID=c4b7c157-a592-42f1-8daa-93be55f8212b, command=[]} | ret=SUCCESS |  
2019-08-29 10:00:49,979 [Thread-5081] INFO  impl.FollowerState (FollowerState.java:run(106)) - a82d0560-fbbd-4e02-943e-0d91b09290d4:group-B1FB6B979F35 changes to CANDIDATE, lastRpcTime:5094, electionTimeout:5094ms
2019-08-29 10:00:49,980 [Thread-5081] INFO  impl.RoleInfo (RoleInfo.java:shutdownFollowerState(121)) - a82d0560-fbbd-4e02-943e-0d91b09290d4: shutdown FollowerState
2019-08-29 10:00:49,980 [Thread-5081] INFO  impl.RaftServerImpl (RaftServerImpl.java:setRole(171)) - a82d0560-fbbd-4e02-943e-0d91b09290d4:group-B1FB6B979F35 changes role from FOLLOWER to CANDIDATE at term 0 for changeToCandidate
2019-08-29 10:00:49,980 [Thread-5081] INFO  impl.RoleInfo (RoleInfo.java:updateAndGet(143)) - a82d0560-fbbd-4e02-943e-0d91b09290d4: start LeaderElection
2019-08-29 10:00:50,001 [a82d0560-fbbd-4e02-943e-0d91b09290d4:group-B1FB6B979F35:LeaderElection111] INFO  impl.LeaderElection (LeaderElection.java:askForVotes(181)) - a82d0560-fbbd-4e02-943e-0d91b09290d4:group-B1FB6B979F35:LeaderElection111: begin an election at term 1 for -1: [a82d0560-fbbd-4e02-943e-0d91b09290d4:192.168.36.71:38920], old=null
2019-08-29 10:00:50,001 [a82d0560-fbbd-4e02-943e-0d91b09290d4:group-B1FB6B979F35:LeaderElection111] INFO  impl.RoleInfo (RoleInfo.java:shutdownLeaderElection(134)) - a82d0560-fbbd-4e02-943e-0d91b09290d4: shutdown LeaderElection
2019-08-29 10:00:50,002 [a82d0560-fbbd-4e02-943e-0d91b09290d4:group-B1FB6B979F35:LeaderElection111] INFO  impl.RaftServerImpl (RaftServerImpl.java:setRole(171)) - a82d0560-fbbd-4e02-943e-0d91b09290d4:group-B1FB6B979F35 changes role from CANDIDATE to LEADER at term 1 for changeToLeader
2019-08-29 10:00:50,002 [a82d0560-fbbd-4e02-943e-0d91b09290d4:group-B1FB6B979F35:LeaderElection111] INFO  impl.RaftServerImpl (ServerState.java:setLeader(263)) - a82d0560-fbbd-4e02-943e-0d91b09290d4:group-B1FB6B979F35 change Leader from null to a82d0560-fbbd-4e02-943e-0d91b09290d4 at term 1 for becomeLeader, leader elected after 5121ms
2019-08-29 10:00:50,002 [a82d0560-fbbd-4e02-943e-0d91b09290d4:group-B1FB6B979F35:LeaderElection111] INFO  server.RaftServerConfigKeys (ConfUtils.java:logGet(43)) - raft.server.staging.catchup.gap = 1000 (default)
2019-08-29 10:00:50,002 [a82d0560-fbbd-4e02-943e-0d91b09290d4:group-B1FB6B979F35:LeaderElection111] INFO  server.RaftServerConfigKeys (ConfUtils.java:logGet(43)) - raft.server.rpc.sleep.time = 25ms (default)
2019-08-29 10:00:50,002 [a82d0560-fbbd-4e02-943e-0d91b09290d4:group-B1FB6B979F35:LeaderElection111] INFO  server.RaftServerConfigKeys (ConfUtils.java:logGet(43)) - raft.server.write.element-limit = 4096 (default)
2019-08-29 10:00:50,002 [a82d0560-fbbd-4e02-943e-0d91b09290d4:group-B1FB6B979F35:LeaderElection111] INFO  server.RaftServerConfigKeys (ConfUtils.java:logGet(43)) - raft.server.watch.timeout = 10s (default)
2019-08-29 10:00:50,003 [a82d0560-fbbd-4e02-943e-0d91b09290d4:group-B1FB6B979F35:LeaderElection111] INFO  server.RaftServerConfigKeys (ConfUtils.java:logGet(43)) - raft.server.watch.timeout.denomination = 1s (default)
2019-08-29 10:00:50,003 [a82d0560-fbbd-4e02-943e-0d91b09290d4:group-B1FB6B979F35:LeaderElection111] INFO  server.RaftServerConfigKeys (ConfUtils.java:logGet(43)) - raft.server.watch.element-limit = 65536 (default)
2019-08-29 10:00:50,003 [a82d0560-fbbd-4e02-943e-0d91b09290d4:group-B1FB6B979F35:LeaderElection111] INFO  impl.RoleInfo (RoleInfo.java:updateAndGet(143)) - a82d0560-fbbd-4e02-943e-0d91b09290d4: start LeaderState
2019-08-29 10:00:50,003 [a82d0560-fbbd-4e02-943e-0d91b09290d4:group-B1FB6B979F35:LeaderElection111] INFO  segmented.SegmentedRaftLogWorker (SegmentedRaftLogWorker.java:startLogSegment(380)) - a82d0560-fbbd-4e02-943e-0d91b09290d4-SegmentedRaftLogWorker:Storage Directory /workdir/hadoop-ozone/integration-test/target/test-dir/MiniOzoneClusterImpl-f14b1e95-ba00-4e6c-8692-7616f74434d5/datanode-5/data/ratis/fcbf47f8-3875-4bb5-87a1-b1fb6b979f35: Starting segment from index:0
2019-08-29 10:00:50,004 [a82d0560-fbbd-4e02-943e-0d91b09290d4:group-B1FB6B979F35:LeaderElection111] INFO  impl.RaftServerImpl (ServerState.java:setRaftConf(361)) - a82d0560-fbbd-4e02-943e-0d91b09290d4:group-B1FB6B979F35 set configuration 0: [a82d0560-fbbd-4e02-943e-0d91b09290d4:192.168.36.71:38920], old=null at 0
2019-08-29 10:00:50,006 [Thread-5089] INFO  impl.FollowerState (FollowerState.java:run(106)) - a82d0560-fbbd-4e02-943e-0d91b09290d4:group-AC766320D942 changes to CANDIDATE, lastRpcTime:5049, electionTimeout:5049ms
2019-08-29 10:00:50,006 [Thread-5089] INFO  impl.RoleInfo (RoleInfo.java:shutdownFollowerState(121)) - a82d0560-fbbd-4e02-943e-0d91b09290d4: shutdown FollowerState
2019-08-29 10:00:50,006 [Thread-5089] INFO  impl.RaftServerImpl (RaftServerImpl.java:setRole(171)) - a82d0560-fbbd-4e02-943e-0d91b09290d4:group-AC766320D942 changes role from FOLLOWER to CANDIDATE at term 0 for changeToCandidate
2019-08-29 10:00:50,006 [Thread-5089] INFO  impl.RoleInfo (RoleInfo.java:updateAndGet(143)) - a82d0560-fbbd-4e02-943e-0d91b09290d4: start LeaderElection
2019-08-29 10:00:50,039 | INFO  | SCMAudit | user=jenkins1000 | ip=192.168.36.71 | op=SEND_HEARTBEAT {datanodeUUID=5b8556db-8e30-4259-bb17-5eca36377ad0, command=[]} | ret=SUCCESS |  
2019-08-29 10:00:50,052 [a82d0560-fbbd-4e02-943e-0d91b09290d4-SegmentedRaftLogWorker:Storage Directory /workdir/hadoop-ozone/integration-test/target/test-dir/MiniOzoneClusterImpl-f14b1e95-ba00-4e6c-8692-7616f74434d5/datanode-5/data/ratis/fcbf47f8-3875-4bb5-87a1-b1fb6b979f35] INFO  segmented.SegmentedRaftLogWorker (SegmentedRaftLogWorker.java:execute(569)) - a82d0560-fbbd-4e02-943e-0d91b09290d4-SegmentedRaftLogWorker:Storage Directory /workdir/hadoop-ozone/integration-test/target/test-dir/MiniOzoneClusterImpl-f14b1e95-ba00-4e6c-8692-7616f74434d5/datanode-5/data/ratis/fcbf47f8-3875-4bb5-87a1-b1fb6b979f35: created new log segment /workdir/hadoop-ozone/integration-test/target/test-dir/MiniOzoneClusterImpl-f14b1e95-ba00-4e6c-8692-7616f74434d5/datanode-5/data/ratis/fcbf47f8-3875-4bb5-87a1-b1fb6b979f35/current/log_inprogress_0
2019-08-29 10:00:50,052 [a82d0560-fbbd-4e02-943e-0d91b09290d4:group-AC766320D942:LeaderElection112] INFO  impl.LeaderElection (LeaderElection.java:askForVotes(181)) - a82d0560-fbbd-4e02-943e-0d91b09290d4:group-AC766320D942:LeaderElection112: begin an election at term 1 for -1: [a82d0560-fbbd-4e02-943e-0d91b09290d4:192.168.36.71:38920, 1f9ce788-27f8-4fe6-818b-71130e2aa710:192.168.36.71:43656, 1172efdb-db01-40ba-b2d8-1219aa980c8c:192.168.36.71:36989], old=null
2019-08-29 10:00:50,060 [grpc-default-executor-7] INFO  impl.RaftServerImpl (RaftServerImpl.java:setRole(171)) - 1172efdb-db01-40ba-b2d8-1219aa980c8c:group-AC766320D942 changes role from FOLLOWER to FOLLOWER at term 1 for recognizeCandidate:a82d0560-fbbd-4e02-943e-0d91b09290d4
2019-08-29 10:00:50,060 [grpc-default-executor-6] INFO  impl.RaftServerImpl (RaftServerImpl.java:setRole(171)) - 1f9ce788-27f8-4fe6-818b-71130e2aa710:group-AC766320D942 changes role from FOLLOWER to FOLLOWER at term 1 for recognizeCandidate:a82d0560-fbbd-4e02-943e-0d91b09290d4
2019-08-29 10:00:50,060 [grpc-default-executor-7] INFO  impl.RoleInfo (RoleInfo.java:shutdownFollowerState(121)) - 1172efdb-db01-40ba-b2d8-1219aa980c8c: shutdown FollowerState
2019-08-29 10:00:50,060 [grpc-default-executor-6] INFO  impl.RoleInfo (RoleInfo.java:shutdownFollowerState(121)) - 1f9ce788-27f8-4fe6-818b-71130e2aa710: shutdown FollowerState
2019-08-29 10:00:50,061 [grpc-default-executor-7] INFO  impl.RoleInfo (RoleInfo.java:updateAndGet(143)) - 1172efdb-db01-40ba-b2d8-1219aa980c8c: start FollowerState
2019-08-29 10:00:50,061 [grpc-default-executor-6] INFO  impl.RoleInfo (RoleInfo.java:updateAndGet(143)) - 1f9ce788-27f8-4fe6-818b-71130e2aa710: start FollowerState
2019-08-29 10:00:50,061 [Thread-5088] INFO  impl.FollowerState (FollowerState.java:run(114)) - 1172efdb-db01-40ba-b2d8-1219aa980c8c: FollowerState was interrupted: java.lang.InterruptedException: sleep interrupted
2019-08-29 10:00:50,061 [Thread-5084] INFO  impl.FollowerState (FollowerState.java:run(114)) - 1f9ce788-27f8-4fe6-818b-71130e2aa710: FollowerState was interrupted: java.lang.InterruptedException: sleep interrupted
2019-08-29 10:00:50,075 [a82d0560-fbbd-4e02-943e-0d91b09290d4:group-AC766320D942:LeaderElection112] INFO  impl.LeaderElection (LeaderElection.java:logAndReturn(56)) - a82d0560-fbbd-4e02-943e-0d91b09290d4:group-AC766320D942:LeaderElection112: Election PASSED; received 1 response(s) [a82d0560-fbbd-4e02-943e-0d91b09290d4<-1f9ce788-27f8-4fe6-818b-71130e2aa710#0:OK-t1] and 0 exception(s); a82d0560-fbbd-4e02-943e-0d91b09290d4:t1, leader=null, voted=a82d0560-fbbd-4e02-943e-0d91b09290d4, raftlog=a82d0560-fbbd-4e02-943e-0d91b09290d4-SegmentedRaftLog:OPENED:c-1,f-1,i0, conf=-1: [a82d0560-fbbd-4e02-943e-0d91b09290d4:192.168.36.71:38920, 1f9ce788-27f8-4fe6-818b-71130e2aa710:192.168.36.71:43656, 1172efdb-db01-40ba-b2d8-1219aa980c8c:192.168.36.71:36989], old=null
2019-08-29 10:00:50,075 [a82d0560-fbbd-4e02-943e-0d91b09290d4:group-AC766320D942:LeaderElection112] INFO  impl.RoleInfo (RoleInfo.java:shutdownLeaderElection(134)) - a82d0560-fbbd-4e02-943e-0d91b09290d4: shutdown LeaderElection
2019-08-29 10:00:50,076 [a82d0560-fbbd-4e02-943e-0d91b09290d4:group-AC766320D942:LeaderElection112] INFO  impl.RaftServerImpl (RaftServerImpl.java:setRole(171)) - a82d0560-fbbd-4e02-943e-0d91b09290d4:group-AC766320D942 changes role from CANDIDATE to LEADER at term 1 for changeToLeader
2019-08-29 10:00:50,076 [a82d0560-fbbd-4e02-943e-0d91b09290d4:group-AC766320D942:LeaderElection112] INFO  impl.RaftServerImpl (ServerState.java:setLeader(263)) - a82d0560-fbbd-4e02-943e-0d91b09290d4:group-AC766320D942 change Leader from null to a82d0560-fbbd-4e02-943e-0d91b09290d4 at term 1 for becomeLeader, leader elected after 5127ms
2019-08-29 10:00:50,076 [a82d0560-fbbd-4e02-943e-0d91b09290d4:group-AC766320D942:LeaderElection112] INFO  server.RaftServerConfigKeys (ConfUtils.java:logGet(43)) - raft.server.staging.catchup.gap = 1000 (default)
2019-08-29 10:00:50,076 [a82d0560-fbbd-4e02-943e-0d91b09290d4:group-AC766320D942:LeaderElection112] INFO  server.RaftServerConfigKeys (ConfUtils.java:logGet(43)) - raft.server.rpc.sleep.time = 25ms (default)
2019-08-29 10:00:50,076 [a82d0560-fbbd-4e02-943e-0d91b09290d4:group-AC766320D942:LeaderElection112] INFO  server.RaftServerConfigKeys (ConfUtils.java:logGet(43)) - raft.server.write.element-limit = 4096 (default)
2019-08-29 10:00:50,076 [a82d0560-fbbd-4e02-943e-0d91b09290d4:group-AC766320D942:LeaderElection112] INFO  server.RaftServerConfigKeys (ConfUtils.java:logGet(43)) - raft.server.watch.timeout = 10s (default)
2019-08-29 10:00:50,076 [a82d0560-fbbd-4e02-943e-0d91b09290d4:group-AC766320D942:LeaderElection112] INFO  server.RaftServerConfigKeys (ConfUtils.java:logGet(43)) - raft.server.watch.timeout.denomination = 1s (default)
2019-08-29 10:00:50,076 [a82d0560-fbbd-4e02-943e-0d91b09290d4:group-AC766320D942:LeaderElection112] INFO  server.RaftServerConfigKeys (ConfUtils.java:logGet(43)) - raft.server.watch.element-limit = 65536 (default)
2019-08-29 10:00:50,076 [a82d0560-fbbd-4e02-943e-0d91b09290d4:group-AC766320D942:LeaderElection112] INFO  server.RaftServerConfigKeys (ConfUtils.java:logGet(43)) - raft.server.log.appender.snapshot.chunk.size.max = 16MB (=16777216) (default)
2019-08-29 10:00:50,077 [a82d0560-fbbd-4e02-943e-0d91b09290d4:group-AC766320D942:LeaderElection112] INFO  server.RaftServerConfigKeys (ConfUtils.java:logGet(43)) - raft.server.log.appender.buffer.byte-limit = 33554432 (custom)
2019-08-29 10:00:50,077 [a82d0560-fbbd-4e02-943e-0d91b09290d4:group-AC766320D942:LeaderElection112] INFO  server.RaftServerConfigKeys (ConfUtils.java:logGet(43)) - raft.server.log.appender.buffer.element-limit = 1 (custom)
2019-08-29 10:00:50,077 [a82d0560-fbbd-4e02-943e-0d91b09290d4:group-AC766320D942:LeaderElection112] INFO  grpc.GrpcConfigKeys$Server (ConfUtils.java:logGet(43)) - raft.grpc.server.leader.outstanding.appends.max = 128 (default)
2019-08-29 10:00:50,077 [a82d0560-fbbd-4e02-943e-0d91b09290d4:group-AC766320D942:LeaderElection112] INFO  server.RaftServerConfigKeys (ConfUtils.java:logGet(43)) - raft.server.rpc.request.timeout = 3000ms (default)
2019-08-29 10:00:50,077 [a82d0560-fbbd-4e02-943e-0d91b09290d4:group-AC766320D942:LeaderElection112] INFO  server.RaftServerConfigKeys (ConfUtils.java:logGet(43)) - raft.server.log.appender.install.snapshot.enabled = false (custom)
2019-08-29 10:00:50,078 [a82d0560-fbbd-4e02-943e-0d91b09290d4:group-AC766320D942:LeaderElection112] INFO  server.RaftServerConfigKeys (ConfUtils.java:logGet(43)) - raft.server.log.appender.snapshot.chunk.size.max = 16MB (=16777216) (default)
2019-08-29 10:00:50,078 [a82d0560-fbbd-4e02-943e-0d91b09290d4:group-AC766320D942:LeaderElection112] INFO  server.RaftServerConfigKeys (ConfUtils.java:logGet(43)) - raft.server.log.appender.buffer.byte-limit = 33554432 (custom)
2019-08-29 10:00:50,078 [a82d0560-fbbd-4e02-943e-0d91b09290d4:group-AC766320D942:LeaderElection112] INFO  server.RaftServerConfigKeys (ConfUtils.java:logGet(43)) - raft.server.log.appender.buffer.element-limit = 1 (custom)
2019-08-29 10:00:50,078 [a82d0560-fbbd-4e02-943e-0d91b09290d4:group-AC766320D942:LeaderElection112] INFO  grpc.GrpcConfigKeys$Server (ConfUtils.java:logGet(43)) - raft.grpc.server.leader.outstanding.appends.max = 128 (default)
2019-08-29 10:00:50,078 [a82d0560-fbbd-4e02-943e-0d91b09290d4:group-AC766320D942:LeaderElection112] INFO  server.RaftServerConfigKeys (ConfUtils.java:logGet(43)) - raft.server.rpc.request.timeout = 3000ms (default)
2019-08-29 10:00:50,078 [a82d0560-fbbd-4e02-943e-0d91b09290d4:group-AC766320D942:LeaderElection112] INFO  server.RaftServerConfigKeys (ConfUtils.java:logGet(43)) - raft.server.log.appender.install.snapshot.enabled = false (custom)
2019-08-29 10:00:50,078 [a82d0560-fbbd-4e02-943e-0d91b09290d4:group-AC766320D942:LeaderElection112] INFO  impl.RoleInfo (RoleInfo.java:updateAndGet(143)) - a82d0560-fbbd-4e02-943e-0d91b09290d4: start LeaderState
2019-08-29 10:00:50,079 [a82d0560-fbbd-4e02-943e-0d91b09290d4:group-AC766320D942:LeaderElection112] INFO  segmented.SegmentedRaftLogWorker (SegmentedRaftLogWorker.java:startLogSegment(380)) - a82d0560-fbbd-4e02-943e-0d91b09290d4-SegmentedRaftLogWorker:Storage Directory /workdir/hadoop-ozone/integration-test/target/test-dir/MiniOzoneClusterImpl-f14b1e95-ba00-4e6c-8692-7616f74434d5/datanode-5/data/ratis/2e3fccb6-da16-4be4-afb9-ac766320d942: Starting segment from index:0
2019-08-29 10:00:50,079 [a82d0560-fbbd-4e02-943e-0d91b09290d4:group-AC766320D942:LeaderElection112] INFO  impl.RaftServerImpl (ServerState.java:setRaftConf(361)) - a82d0560-fbbd-4e02-943e-0d91b09290d4:group-AC766320D942 set configuration 0: [a82d0560-fbbd-4e02-943e-0d91b09290d4:192.168.36.71:38920, 1f9ce788-27f8-4fe6-818b-71130e2aa710:192.168.36.71:43656, 1172efdb-db01-40ba-b2d8-1219aa980c8c:192.168.36.71:36989], old=null at 0
2019-08-29 10:00:50,119 [grpc-default-executor-6] INFO  impl.RaftServerImpl (ServerState.java:setLeader(263)) - 1172efdb-db01-40ba-b2d8-1219aa980c8c:group-AC766320D942 change Leader from null to a82d0560-fbbd-4e02-943e-0d91b09290d4 at term 1 for appendEntries, leader elected after 5171ms
2019-08-29 10:00:50,119 [grpc-default-executor-7] INFO  impl.RaftServerImpl (ServerState.java:setLeader(263)) - 1f9ce788-27f8-4fe6-818b-71130e2aa710:group-AC766320D942 change Leader from null to a82d0560-fbbd-4e02-943e-0d91b09290d4 at term 1 for appendEntries, leader elected after 5171ms
2019-08-29 10:00:50,122 [grpc-default-executor-6] INFO  impl.RaftServerImpl (ServerState.java:setRaftConf(361)) - 1f9ce788-27f8-4fe6-818b-71130e2aa710:group-AC766320D942 set configuration 0: [a82d0560-fbbd-4e02-943e-0d91b09290d4:192.168.36.71:38920, 1f9ce788-27f8-4fe6-818b-71130e2aa710:192.168.36.71:43656, 1172efdb-db01-40ba-b2d8-1219aa980c8c:192.168.36.71:36989], old=null at 0
2019-08-29 10:00:50,122 [grpc-default-executor-7] INFO  impl.RaftServerImpl (ServerState.java:setRaftConf(361)) - 1172efdb-db01-40ba-b2d8-1219aa980c8c:group-AC766320D942 set configuration 0: [a82d0560-fbbd-4e02-943e-0d91b09290d4:192.168.36.71:38920, 1f9ce788-27f8-4fe6-818b-71130e2aa710:192.168.36.71:43656, 1172efdb-db01-40ba-b2d8-1219aa980c8c:192.168.36.71:36989], old=null at 0
2019-08-29 10:00:50,122 [grpc-default-executor-6] INFO  segmented.SegmentedRaftLogWorker (SegmentedRaftLogWorker.java:startLogSegment(380)) - 1f9ce788-27f8-4fe6-818b-71130e2aa710-SegmentedRaftLogWorker:Storage Directory /workdir/hadoop-ozone/integration-test/target/test-dir/MiniOzoneClusterImpl-f14b1e95-ba00-4e6c-8692-7616f74434d5/datanode-4/data/ratis/2e3fccb6-da16-4be4-afb9-ac766320d942: Starting segment from index:0
2019-08-29 10:00:50,122 [grpc-default-executor-7] INFO  segmented.SegmentedRaftLogWorker (SegmentedRaftLogWorker.java:startLogSegment(380)) - 1172efdb-db01-40ba-b2d8-1219aa980c8c-SegmentedRaftLogWorker:Storage Directory /workdir/hadoop-ozone/integration-test/target/test-dir/MiniOzoneClusterImpl-f14b1e95-ba00-4e6c-8692-7616f74434d5/datanode-3/data/ratis/2e3fccb6-da16-4be4-afb9-ac766320d942: Starting segment from index:0
2019-08-29 10:00:50,128 [a82d0560-fbbd-4e02-943e-0d91b09290d4-SegmentedRaftLogWorker:Storage Directory /workdir/hadoop-ozone/integration-test/target/test-dir/MiniOzoneClusterImpl-f14b1e95-ba00-4e6c-8692-7616f74434d5/datanode-5/data/ratis/2e3fccb6-da16-4be4-afb9-ac766320d942] INFO  segmented.SegmentedRaftLogWorker (SegmentedRaftLogWorker.java:execute(569)) - a82d0560-fbbd-4e02-943e-0d91b09290d4-SegmentedRaftLogWorker:Storage Directory /workdir/hadoop-ozone/integration-test/target/test-dir/MiniOzoneClusterImpl-f14b1e95-ba00-4e6c-8692-7616f74434d5/datanode-5/data/ratis/2e3fccb6-da16-4be4-afb9-ac766320d942: created new log segment /workdir/hadoop-ozone/integration-test/target/test-dir/MiniOzoneClusterImpl-f14b1e95-ba00-4e6c-8692-7616f74434d5/datanode-5/data/ratis/2e3fccb6-da16-4be4-afb9-ac766320d942/current/log_inprogress_0
2019-08-29 10:00:50,169 [1f9ce788-27f8-4fe6-818b-71130e2aa710-SegmentedRaftLogWorker:Storage Directory /workdir/hadoop-ozone/integration-test/target/test-dir/MiniOzoneClusterImpl-f14b1e95-ba00-4e6c-8692-7616f74434d5/datanode-4/data/ratis/2e3fccb6-da16-4be4-afb9-ac766320d942] INFO  segmented.SegmentedRaftLogWorker (SegmentedRaftLogWorker.java:execute(569)) - 1f9ce788-27f8-4fe6-818b-71130e2aa710-SegmentedRaftLogWorker:Storage Directory /workdir/hadoop-ozone/integration-test/target/test-dir/MiniOzoneClusterImpl-f14b1e95-ba00-4e6c-8692-7616f74434d5/datanode-4/data/ratis/2e3fccb6-da16-4be4-afb9-ac766320d942: created new log segment /workdir/hadoop-ozone/integration-test/target/test-dir/MiniOzoneClusterImpl-f14b1e95-ba00-4e6c-8692-7616f74434d5/datanode-4/data/ratis/2e3fccb6-da16-4be4-afb9-ac766320d942/current/log_inprogress_0
2019-08-29 10:00:50,169 [1172efdb-db01-40ba-b2d8-1219aa980c8c-SegmentedRaftLogWorker:Storage Directory /workdir/hadoop-ozone/integration-test/target/test-dir/MiniOzoneClusterImpl-f14b1e95-ba00-4e6c-8692-7616f74434d5/datanode-3/data/ratis/2e3fccb6-da16-4be4-afb9-ac766320d942] INFO  segmented.SegmentedRaftLogWorker (SegmentedRaftLogWorker.java:execute(569)) - 1172efdb-db01-40ba-b2d8-1219aa980c8c-SegmentedRaftLogWorker:Storage Directory /workdir/hadoop-ozone/integration-test/target/test-dir/MiniOzoneClusterImpl-f14b1e95-ba00-4e6c-8692-7616f74434d5/datanode-3/data/ratis/2e3fccb6-da16-4be4-afb9-ac766320d942: created new log segment /workdir/hadoop-ozone/integration-test/target/test-dir/MiniOzoneClusterImpl-f14b1e95-ba00-4e6c-8692-7616f74434d5/datanode-3/data/ratis/2e3fccb6-da16-4be4-afb9-ac766320d942/current/log_inprogress_0
2019-08-29 10:00:50,211 | INFO  | SCMAudit | user=jenkins1000 | ip=192.168.36.71 | op=SEND_HEARTBEAT {datanodeUUID=0764962b-5f15-464e-b468-a2e0db5340b9, command=[]} | ret=SUCCESS |  
2019-08-29 10:00:50,338 | INFO  | SCMAudit | user=jenkins1000 | ip=192.168.36.71 | op=SEND_HEARTBEAT {datanodeUUID=3a5d5b16-15dc-4940-b3a3-401ea9a94175, command=[]} | ret=SUCCESS |  
2019-08-29 10:00:50,426 | INFO  | SCMAudit | user=jenkins1000 | ip=192.168.36.71 | op=SEND_HEARTBEAT {datanodeUUID=1172efdb-db01-40ba-b2d8-1219aa980c8c, command=[]} | ret=SUCCESS |  
2019-08-29 10:00:50,511 [grpc-default-executor-7] INFO  client.GrpcClientProtocolClient (GrpcClientProtocolClient.java:onNext(255)) - client-BA37497E0D83->c4b7c157-a592-42f1-8daa-93be55f8212b: receive RaftClientReply:client-BA37497E0D83->c4b7c157-a592-42f1-8daa-93be55f8212b@group-DDC327439CFC, cid=266, FAILED org.apache.ratis.protocol.NotLeaderException: Server c4b7c157-a592-42f1-8daa-93be55f8212b is not the leader (null). Request must be sent to leader., logIndex=0, commits[c4b7c157-a592-42f1-8daa-93be55f8212b:c-1]
2019-08-29 10:00:50,540 [Thread-5093] INFO  impl.FollowerState (FollowerState.java:run(106)) - 3a5d5b16-15dc-4940-b3a3-401ea9a94175:group-0532DC5EF9CD changes to CANDIDATE, lastRpcTime:5165, electionTimeout:5165ms
2019-08-29 10:00:50,541 [Thread-5093] INFO  impl.RoleInfo (RoleInfo.java:shutdownFollowerState(121)) - 3a5d5b16-15dc-4940-b3a3-401ea9a94175: shutdown FollowerState
2019-08-29 10:00:50,541 [Thread-5093] INFO  impl.RaftServerImpl (RaftServerImpl.java:setRole(171)) - 3a5d5b16-15dc-4940-b3a3-401ea9a94175:group-0532DC5EF9CD changes role from FOLLOWER to CANDIDATE at term 0 for changeToCandidate
2019-08-29 10:00:50,541 [Thread-5093] INFO  impl.RoleInfo (RoleInfo.java:updateAndGet(143)) - 3a5d5b16-15dc-4940-b3a3-401ea9a94175: start LeaderElection
2019-08-29 10:00:50,558 [3a5d5b16-15dc-4940-b3a3-401ea9a94175:group-0532DC5EF9CD:LeaderElection113] INFO  impl.LeaderElection (LeaderElection.java:askForVotes(181)) - 3a5d5b16-15dc-4940-b3a3-401ea9a94175:group-0532DC5EF9CD:LeaderElection113: begin an election at term 1 for -1: [3a5d5b16-15dc-4940-b3a3-401ea9a94175:192.168.36.71:39759], old=null
2019-08-29 10:00:50,559 [3a5d5b16-15dc-4940-b3a3-401ea9a94175:group-0532DC5EF9CD:LeaderElection113] INFO  impl.RoleInfo (RoleInfo.java:shutdownLeaderElection(134)) - 3a5d5b16-15dc-4940-b3a3-401ea9a94175: shutdown LeaderElection
2019-08-29 10:00:50,559 [3a5d5b16-15dc-4940-b3a3-401ea9a94175:group-0532DC5EF9CD:LeaderElection113] INFO  impl.RaftServerImpl (RaftServerImpl.java:setRole(171)) - 3a5d5b16-15dc-4940-b3a3-401ea9a94175:group-0532DC5EF9CD changes role from CANDIDATE to LEADER at term 1 for changeToLeader
2019-08-29 10:00:50,559 [3a5d5b16-15dc-4940-b3a3-401ea9a94175:group-0532DC5EF9CD:LeaderElection113] INFO  impl.RaftServerImpl (ServerState.java:setLeader(263)) - 3a5d5b16-15dc-4940-b3a3-401ea9a94175:group-0532DC5EF9CD change Leader from null to 3a5d5b16-15dc-4940-b3a3-401ea9a94175 at term 1 for becomeLeader, leader elected after 5188ms
2019-08-29 10:00:50,559 [3a5d5b16-15dc-4940-b3a3-401ea9a94175:group-0532DC5EF9CD:LeaderElection113] INFO  server.RaftServerConfigKeys (ConfUtils.java:logGet(43)) - raft.server.staging.catchup.gap = 1000 (default)
2019-08-29 10:00:50,559 [3a5d5b16-15dc-4940-b3a3-401ea9a94175:group-0532DC5EF9CD:LeaderElection113] INFO  server.RaftServerConfigKeys (ConfUtils.java:logGet(43)) - raft.server.rpc.sleep.time = 25ms (default)
2019-08-29 10:00:50,559 [3a5d5b16-15dc-4940-b3a3-401ea9a94175:group-0532DC5EF9CD:LeaderElection113] INFO  server.RaftServerConfigKeys (ConfUtils.java:logGet(43)) - raft.server.write.element-limit = 4096 (default)
2019-08-29 10:00:50,559 [3a5d5b16-15dc-4940-b3a3-401ea9a94175:group-0532DC5EF9CD:LeaderElection113] INFO  server.RaftServerConfigKeys (ConfUtils.java:logGet(43)) - raft.server.watch.timeout = 10s (default)
2019-08-29 10:00:50,559 [3a5d5b16-15dc-4940-b3a3-401ea9a94175:group-0532DC5EF9CD:LeaderElection113] INFO  server.RaftServerConfigKeys (ConfUtils.java:logGet(43)) - raft.server.watch.timeout.denomination = 1s (default)
2019-08-29 10:00:50,559 [3a5d5b16-15dc-4940-b3a3-401ea9a94175:group-0532DC5EF9CD:LeaderElection113] INFO  server.RaftServerConfigKeys (ConfUtils.java:logGet(43)) - raft.server.watch.element-limit = 65536 (default)
2019-08-29 10:00:50,560 [3a5d5b16-15dc-4940-b3a3-401ea9a94175:group-0532DC5EF9CD:LeaderElection113] INFO  impl.RoleInfo (RoleInfo.java:updateAndGet(143)) - 3a5d5b16-15dc-4940-b3a3-401ea9a94175: start LeaderState
2019-08-29 10:00:50,560 [3a5d5b16-15dc-4940-b3a3-401ea9a94175:group-0532DC5EF9CD:LeaderElection113] INFO  segmented.SegmentedRaftLogWorker (SegmentedRaftLogWorker.java:startLogSegment(380)) - 3a5d5b16-15dc-4940-b3a3-401ea9a94175-SegmentedRaftLogWorker:Storage Directory /workdir/hadoop-ozone/integration-test/target/test-dir/MiniOzoneClusterImpl-f14b1e95-ba00-4e6c-8692-7616f74434d5/datanode-6/data/ratis/72770422-651a-4f13-b52e-0532dc5ef9cd: Starting segment from index:0
2019-08-29 10:00:50,560 [3a5d5b16-15dc-4940-b3a3-401ea9a94175:group-0532DC5EF9CD:LeaderElection113] INFO  impl.RaftServerImpl (ServerState.java:setRaftConf(361)) - 3a5d5b16-15dc-4940-b3a3-401ea9a94175:group-0532DC5EF9CD set configuration 0: [3a5d5b16-15dc-4940-b3a3-401ea9a94175:192.168.36.71:39759], old=null at 0
2019-08-29 10:00:50,619 | INFO  | SCMAudit | user=jenkins1000 | ip=192.168.36.71 | op=SEND_HEARTBEAT {datanodeUUID=1f9ce788-27f8-4fe6-818b-71130e2aa710, command=[]} | ret=SUCCESS |  
2019-08-29 10:00:50,623 [3a5d5b16-15dc-4940-b3a3-401ea9a94175-SegmentedRaftLogWorker:Storage Directory /workdir/hadoop-ozone/integration-test/target/test-dir/MiniOzoneClusterImpl-f14b1e95-ba00-4e6c-8692-7616f74434d5/datanode-6/data/ratis/72770422-651a-4f13-b52e-0532dc5ef9cd] INFO  segmented.SegmentedRaftLogWorker (SegmentedRaftLogWorker.java:execute(569)) - 3a5d5b16-15dc-4940-b3a3-401ea9a94175-SegmentedRaftLogWorker:Storage Directory /workdir/hadoop-ozone/integration-test/target/test-dir/MiniOzoneClusterImpl-f14b1e95-ba00-4e6c-8692-7616f74434d5/datanode-6/data/ratis/72770422-651a-4f13-b52e-0532dc5ef9cd: created new log segment /workdir/hadoop-ozone/integration-test/target/test-dir/MiniOzoneClusterImpl-f14b1e95-ba00-4e6c-8692-7616f74434d5/datanode-6/data/ratis/72770422-651a-4f13-b52e-0532dc5ef9cd/current/log_inprogress_0
2019-08-29 10:00:50,829 | INFO  | SCMAudit | user=jenkins1000 | ip=192.168.36.71 | op=SEND_HEARTBEAT {datanodeUUID=a82d0560-fbbd-4e02-943e-0d91b09290d4, command=[]} | ret=SUCCESS |  
2019-08-29 10:00:50,834 | INFO  | SCMAudit | user=jenkins1000 | ip=192.168.36.71 | op=SEND_HEARTBEAT {datanodeUUID=c4b7c157-a592-42f1-8daa-93be55f8212b, command=[]} | ret=SUCCESS |  
2019-08-29 10:00:51,063 | INFO  | SCMAudit | user=jenkins1000 | ip=192.168.36.71 | op=SEND_HEARTBEAT {datanodeUUID=5b8556db-8e30-4259-bb17-5eca36377ad0, command=[]} | ret=SUCCESS |  
2019-08-29 10:00:51,211 | INFO  | SCMAudit | user=jenkins1000 | ip=192.168.36.71 | op=SEND_HEARTBEAT {datanodeUUID=0764962b-5f15-464e-b468-a2e0db5340b9, command=[]} | ret=SUCCESS |  
2019-08-29 10:00:51,339 | INFO  | SCMAudit | user=jenkins1000 | ip=192.168.36.71 | op=SEND_HEARTBEAT {datanodeUUID=3a5d5b16-15dc-4940-b3a3-401ea9a94175, command=[]} | ret=SUCCESS |  
2019-08-29 10:00:51,426 | INFO  | SCMAudit | user=jenkins1000 | ip=192.168.36.71 | op=SEND_HEARTBEAT {datanodeUUID=1172efdb-db01-40ba-b2d8-1219aa980c8c, command=[]} | ret=SUCCESS |  
2019-08-29 10:00:51,520 [grpc-default-executor-5] INFO  client.GrpcClientProtocolClient (GrpcClientProtocolClient.java:onNext(255)) - client-BA37497E0D83->0764962b-5f15-464e-b468-a2e0db5340b9: receive RaftClientReply:client-BA37497E0D83->0764962b-5f15-464e-b468-a2e0db5340b9@group-DDC327439CFC, cid=266, FAILED org.apache.ratis.protocol.NotLeaderException: Server 0764962b-5f15-464e-b468-a2e0db5340b9 is not the leader (null). Request must be sent to leader., logIndex=0, commits[0764962b-5f15-464e-b468-a2e0db5340b9:c-1]
2019-08-29 10:00:51,619 | INFO  | SCMAudit | user=jenkins1000 | ip=192.168.36.71 | op=SEND_HEARTBEAT {datanodeUUID=1f9ce788-27f8-4fe6-818b-71130e2aa710, command=[]} | ret=SUCCESS |  
2019-08-29 10:00:51,829 | INFO  | SCMAudit | user=jenkins1000 | ip=192.168.36.71 | op=SEND_HEARTBEAT {datanodeUUID=a82d0560-fbbd-4e02-943e-0d91b09290d4, command=[]} | ret=SUCCESS |  
2019-08-29 10:00:51,834 | INFO  | SCMAudit | user=jenkins1000 | ip=192.168.36.71 | op=SEND_HEARTBEAT {datanodeUUID=c4b7c157-a592-42f1-8daa-93be55f8212b, command=[]} | ret=SUCCESS |  
2019-08-29 10:00:52,039 | INFO  | SCMAudit | user=jenkins1000 | ip=192.168.36.71 | op=SEND_HEARTBEAT {datanodeUUID=5b8556db-8e30-4259-bb17-5eca36377ad0, command=[]} | ret=SUCCESS |  
2019-08-29 10:00:52,212 | INFO  | SCMAudit | user=jenkins1000 | ip=192.168.36.71 | op=SEND_HEARTBEAT {datanodeUUID=0764962b-5f15-464e-b468-a2e0db5340b9, command=[]} | ret=SUCCESS |  
2019-08-29 10:00:52,339 | INFO  | SCMAudit | user=jenkins1000 | ip=192.168.36.71 | op=SEND_HEARTBEAT {datanodeUUID=3a5d5b16-15dc-4940-b3a3-401ea9a94175, command=[]} | ret=SUCCESS |  
2019-08-29 10:00:52,425 | INFO  | SCMAudit | user=jenkins1000 | ip=192.168.36.71 | op=SEND_HEARTBEAT {datanodeUUID=1172efdb-db01-40ba-b2d8-1219aa980c8c, command=[]} | ret=SUCCESS |  
2019-08-29 10:00:52,528 [grpc-default-executor-6] INFO  client.GrpcClientProtocolClient (GrpcClientProtocolClient.java:onNext(255)) - client-BA37497E0D83->c4b7c157-a592-42f1-8daa-93be55f8212b: receive RaftClientReply:client-BA37497E0D83->c4b7c157-a592-42f1-8daa-93be55f8212b@group-DDC327439CFC, cid=266, FAILED org.apache.ratis.protocol.NotLeaderException: Server c4b7c157-a592-42f1-8daa-93be55f8212b is not the leader (null). Request must be sent to leader., logIndex=0, commits[c4b7c157-a592-42f1-8daa-93be55f8212b:c-1]
2019-08-29 10:00:52,618 | INFO  | SCMAudit | user=jenkins1000 | ip=192.168.36.71 | op=SEND_HEARTBEAT {datanodeUUID=1f9ce788-27f8-4fe6-818b-71130e2aa710, command=[]} | ret=SUCCESS |  
2019-08-29 10:00:52,828 | INFO  | SCMAudit | user=jenkins1000 | ip=192.168.36.71 | op=SEND_HEARTBEAT {datanodeUUID=a82d0560-fbbd-4e02-943e-0d91b09290d4, command=[]} | ret=SUCCESS |  
2019-08-29 10:00:52,834 | INFO  | SCMAudit | user=jenkins1000 | ip=192.168.36.71 | op=SEND_HEARTBEAT {datanodeUUID=c4b7c157-a592-42f1-8daa-93be55f8212b, command=[]} | ret=SUCCESS |  
2019-08-29 10:00:53,040 | INFO  | SCMAudit | user=jenkins1000 | ip=192.168.36.71 | op=SEND_HEARTBEAT {datanodeUUID=5b8556db-8e30-4259-bb17-5eca36377ad0, command=[]} | ret=SUCCESS |  
2019-08-29 10:00:53,212 | INFO  | SCMAudit | user=jenkins1000 | ip=192.168.36.71 | op=SEND_HEARTBEAT {datanodeUUID=0764962b-5f15-464e-b468-a2e0db5340b9, command=[]} | ret=SUCCESS |  
2019-08-29 10:00:53,339 | INFO  | SCMAudit | user=jenkins1000 | ip=192.168.36.71 | op=SEND_HEARTBEAT {datanodeUUID=3a5d5b16-15dc-4940-b3a3-401ea9a94175, command=[]} | ret=SUCCESS |  
2019-08-29 10:00:53,425 | INFO  | SCMAudit | user=jenkins1000 | ip=192.168.36.71 | op=SEND_HEARTBEAT {datanodeUUID=1172efdb-db01-40ba-b2d8-1219aa980c8c, command=[]} | ret=SUCCESS |  
2019-08-29 10:00:53,539 [grpc-default-executor-6] INFO  client.GrpcClientProtocolClient (GrpcClientProtocolClient.java:onNext(255)) - client-BA37497E0D83->0764962b-5f15-464e-b468-a2e0db5340b9: receive RaftClientReply:client-BA37497E0D83->0764962b-5f15-464e-b468-a2e0db5340b9@group-DDC327439CFC, cid=266, FAILED org.apache.ratis.protocol.NotLeaderException: Server 0764962b-5f15-464e-b468-a2e0db5340b9 is not the leader (null). Request must be sent to leader., logIndex=0, commits[0764962b-5f15-464e-b468-a2e0db5340b9:c-1]
2019-08-29 10:00:53,618 | INFO  | SCMAudit | user=jenkins1000 | ip=192.168.36.71 | op=SEND_HEARTBEAT {datanodeUUID=1f9ce788-27f8-4fe6-818b-71130e2aa710, command=[]} | ret=SUCCESS |  
2019-08-29 10:00:53,829 | INFO  | SCMAudit | user=jenkins1000 | ip=192.168.36.71 | op=SEND_HEARTBEAT {datanodeUUID=a82d0560-fbbd-4e02-943e-0d91b09290d4, command=[]} | ret=SUCCESS |  
2019-08-29 10:00:53,834 | INFO  | SCMAudit | user=jenkins1000 | ip=192.168.36.71 | op=SEND_HEARTBEAT {datanodeUUID=c4b7c157-a592-42f1-8daa-93be55f8212b, command=[]} | ret=SUCCESS |  
2019-08-29 10:00:54,040 | INFO  | SCMAudit | user=jenkins1000 | ip=192.168.36.71 | op=SEND_HEARTBEAT {datanodeUUID=5b8556db-8e30-4259-bb17-5eca36377ad0, command=[]} | ret=SUCCESS |  
2019-08-29 10:00:54,212 | INFO  | SCMAudit | user=jenkins1000 | ip=192.168.36.71 | op=SEND_HEARTBEAT {datanodeUUID=0764962b-5f15-464e-b468-a2e0db5340b9, command=[]} | ret=SUCCESS |  
2019-08-29 10:00:54,339 | INFO  | SCMAudit | user=jenkins1000 | ip=192.168.36.71 | op=SEND_HEARTBEAT {datanodeUUID=3a5d5b16-15dc-4940-b3a3-401ea9a94175, command=[]} | ret=SUCCESS |  
2019-08-29 10:00:54,426 | INFO  | SCMAudit | user=jenkins1000 | ip=192.168.36.71 | op=SEND_HEARTBEAT {datanodeUUID=1172efdb-db01-40ba-b2d8-1219aa980c8c, command=[]} | ret=SUCCESS |  
2019-08-29 10:00:54,512 [Thread-5137] INFO  impl.FollowerState (FollowerState.java:run(106)) - c4b7c157-a592-42f1-8daa-93be55f8212b:group-DDC327439CFC changes to CANDIDATE, lastRpcTime:5019, electionTimeout:5019ms
2019-08-29 10:00:54,512 [Thread-5137] INFO  impl.RoleInfo (RoleInfo.java:shutdownFollowerState(121)) - c4b7c157-a592-42f1-8daa-93be55f8212b: shutdown FollowerState
2019-08-29 10:00:54,513 [Thread-5137] INFO  impl.RaftServerImpl (RaftServerImpl.java:setRole(171)) - c4b7c157-a592-42f1-8daa-93be55f8212b:group-DDC327439CFC changes role from FOLLOWER to CANDIDATE at term 1 for changeToCandidate
2019-08-29 10:00:54,513 [Thread-5137] INFO  impl.RoleInfo (RoleInfo.java:updateAndGet(143)) - c4b7c157-a592-42f1-8daa-93be55f8212b: start LeaderElection
2019-08-29 10:00:54,516 [Thread-5135] INFO  impl.FollowerState (FollowerState.java:run(106)) - 5b8556db-8e30-4259-bb17-5eca36377ad0:group-DDC327439CFC changes to CANDIDATE, lastRpcTime:5024, electionTimeout:5024ms
2019-08-29 10:00:54,516 [Thread-5135] INFO  impl.RoleInfo (RoleInfo.java:shutdownFollowerState(121)) - 5b8556db-8e30-4259-bb17-5eca36377ad0: shutdown FollowerState
2019-08-29 10:00:54,516 [Thread-5135] INFO  impl.RaftServerImpl (RaftServerImpl.java:setRole(171)) - 5b8556db-8e30-4259-bb17-5eca36377ad0:group-DDC327439CFC changes role from FOLLOWER to CANDIDATE at term 1 for changeToCandidate
2019-08-29 10:00:54,516 [Thread-5135] INFO  impl.RoleInfo (RoleInfo.java:updateAndGet(143)) - 5b8556db-8e30-4259-bb17-5eca36377ad0: start LeaderElection
2019-08-29 10:00:54,527 [c4b7c157-a592-42f1-8daa-93be55f8212b:group-DDC327439CFC:LeaderElection114] INFO  impl.LeaderElection (LeaderElection.java:askForVotes(181)) - c4b7c157-a592-42f1-8daa-93be55f8212b:group-DDC327439CFC:LeaderElection114: begin an election at term 2 for -1: [c4b7c157-a592-42f1-8daa-93be55f8212b:192.168.36.71:43957, 0764962b-5f15-464e-b468-a2e0db5340b9:192.168.36.71:43491, 5b8556db-8e30-4259-bb17-5eca36377ad0:192.168.36.71:35544], old=null
2019-08-29 10:00:54,527 [5b8556db-8e30-4259-bb17-5eca36377ad0:group-DDC327439CFC:LeaderElection115] INFO  impl.LeaderElection (LeaderElection.java:askForVotes(181)) - 5b8556db-8e30-4259-bb17-5eca36377ad0:group-DDC327439CFC:LeaderElection115: begin an election at term 2 for -1: [c4b7c157-a592-42f1-8daa-93be55f8212b:192.168.36.71:43957, 0764962b-5f15-464e-b468-a2e0db5340b9:192.168.36.71:43491, 5b8556db-8e30-4259-bb17-5eca36377ad0:192.168.36.71:35544], old=null
2019-08-29 10:00:54,529 [grpc-default-executor-7] INFO  impl.RaftServerImpl (RaftServerImpl.java:setRole(171)) - 0764962b-5f15-464e-b468-a2e0db5340b9:group-DDC327439CFC changes role from FOLLOWER to FOLLOWER at term 2 for recognizeCandidate:5b8556db-8e30-4259-bb17-5eca36377ad0
2019-08-29 10:00:54,529 [grpc-default-executor-7] INFO  impl.RoleInfo (RoleInfo.java:shutdownFollowerState(121)) - 0764962b-5f15-464e-b468-a2e0db5340b9: shutdown FollowerState
2019-08-29 10:00:54,529 [grpc-default-executor-7] INFO  impl.RoleInfo (RoleInfo.java:updateAndGet(143)) - 0764962b-5f15-464e-b468-a2e0db5340b9: start FollowerState
2019-08-29 10:00:54,530 [Thread-5136] INFO  impl.FollowerState (FollowerState.java:run(114)) - 0764962b-5f15-464e-b468-a2e0db5340b9: FollowerState was interrupted: java.lang.InterruptedException: sleep interrupted
2019-08-29 10:00:54,545 [5b8556db-8e30-4259-bb17-5eca36377ad0:group-DDC327439CFC:LeaderElection115] INFO  impl.LeaderElection (LeaderElection.java:logAndReturn(56)) - 5b8556db-8e30-4259-bb17-5eca36377ad0:group-DDC327439CFC:LeaderElection115: Election PASSED; received 2 response(s) [5b8556db-8e30-4259-bb17-5eca36377ad0<-c4b7c157-a592-42f1-8daa-93be55f8212b#0:FAIL-t2, 5b8556db-8e30-4259-bb17-5eca36377ad0<-0764962b-5f15-464e-b468-a2e0db5340b9#0:OK-t2] and 0 exception(s); 5b8556db-8e30-4259-bb17-5eca36377ad0:t2, leader=null, voted=5b8556db-8e30-4259-bb17-5eca36377ad0, raftlog=5b8556db-8e30-4259-bb17-5eca36377ad0-SegmentedRaftLog:OPENED:c-1,f-1,i0, conf=-1: [c4b7c157-a592-42f1-8daa-93be55f8212b:192.168.36.71:43957, 0764962b-5f15-464e-b468-a2e0db5340b9:192.168.36.71:43491, 5b8556db-8e30-4259-bb17-5eca36377ad0:192.168.36.71:35544], old=null
2019-08-29 10:00:54,545 [c4b7c157-a592-42f1-8daa-93be55f8212b:group-DDC327439CFC:LeaderElection114] INFO  impl.LeaderElection (LeaderElection.java:logAndReturn(56)) - c4b7c157-a592-42f1-8daa-93be55f8212b:group-DDC327439CFC:LeaderElection114: Election REJECTED; received 2 response(s) [c4b7c157-a592-42f1-8daa-93be55f8212b<-0764962b-5f15-464e-b468-a2e0db5340b9#0:FAIL-t2, c4b7c157-a592-42f1-8daa-93be55f8212b<-5b8556db-8e30-4259-bb17-5eca36377ad0#0:FAIL-t2] and 0 exception(s); c4b7c157-a592-42f1-8daa-93be55f8212b:t2, leader=null, voted=c4b7c157-a592-42f1-8daa-93be55f8212b, raftlog=c4b7c157-a592-42f1-8daa-93be55f8212b-SegmentedRaftLog:OPENED:c-1,f-1,i0, conf=-1: [c4b7c157-a592-42f1-8daa-93be55f8212b:192.168.36.71:43957, 0764962b-5f15-464e-b468-a2e0db5340b9:192.168.36.71:43491, 5b8556db-8e30-4259-bb17-5eca36377ad0:192.168.36.71:35544], old=null
2019-08-29 10:00:54,545 [5b8556db-8e30-4259-bb17-5eca36377ad0:group-DDC327439CFC:LeaderElection115] INFO  impl.RoleInfo (RoleInfo.java:shutdownLeaderElection(134)) - 5b8556db-8e30-4259-bb17-5eca36377ad0: shutdown LeaderElection
2019-08-29 10:00:54,546 [c4b7c157-a592-42f1-8daa-93be55f8212b:group-DDC327439CFC:LeaderElection114] INFO  impl.RaftServerImpl (RaftServerImpl.java:setRole(171)) - c4b7c157-a592-42f1-8daa-93be55f8212b:group-DDC327439CFC changes role from CANDIDATE to FOLLOWER at term 2 for DISCOVERED_A_NEW_TERM
2019-08-29 10:00:54,546 [5b8556db-8e30-4259-bb17-5eca36377ad0:group-DDC327439CFC:LeaderElection115] INFO  impl.RaftServerImpl (RaftServerImpl.java:setRole(171)) - 5b8556db-8e30-4259-bb17-5eca36377ad0:group-DDC327439CFC changes role from CANDIDATE to LEADER at term 2 for changeToLeader
2019-08-29 10:00:54,546 [c4b7c157-a592-42f1-8daa-93be55f8212b:group-DDC327439CFC:LeaderElection114] INFO  impl.RoleInfo (RoleInfo.java:shutdownLeaderElection(134)) - c4b7c157-a592-42f1-8daa-93be55f8212b: shutdown LeaderElection
2019-08-29 10:00:54,546 [5b8556db-8e30-4259-bb17-5eca36377ad0:group-DDC327439CFC:LeaderElection115] INFO  impl.RaftServerImpl (ServerState.java:setLeader(263)) - 5b8556db-8e30-4259-bb17-5eca36377ad0:group-DDC327439CFC change Leader from null to 5b8556db-8e30-4259-bb17-5eca36377ad0 at term 2 for becomeLeader, leader elected after 10240ms
2019-08-29 10:00:54,546 [c4b7c157-a592-42f1-8daa-93be55f8212b:group-DDC327439CFC:LeaderElection114] INFO  impl.RoleInfo (RoleInfo.java:updateAndGet(143)) - c4b7c157-a592-42f1-8daa-93be55f8212b: start FollowerState
2019-08-29 10:00:54,548 [5b8556db-8e30-4259-bb17-5eca36377ad0:group-DDC327439CFC:LeaderElection115] INFO  server.RaftServerConfigKeys (ConfUtils.java:logGet(43)) - raft.server.staging.catchup.gap = 1000 (default)
2019-08-29 10:00:54,549 [5b8556db-8e30-4259-bb17-5eca36377ad0:group-DDC327439CFC:LeaderElection115] INFO  server.RaftServerConfigKeys (ConfUtils.java:logGet(43)) - raft.server.rpc.sleep.time = 25ms (default)
2019-08-29 10:00:54,549 [5b8556db-8e30-4259-bb17-5eca36377ad0:group-DDC327439CFC:LeaderElection115] INFO  server.RaftServerConfigKeys (ConfUtils.java:logGet(43)) - raft.server.write.element-limit = 4096 (default)
2019-08-29 10:00:54,549 [5b8556db-8e30-4259-bb17-5eca36377ad0:group-DDC327439CFC:LeaderElection115] INFO  server.RaftServerConfigKeys (ConfUtils.java:logGet(43)) - raft.server.watch.timeout = 10s (default)
2019-08-29 10:00:54,549 [5b8556db-8e30-4259-bb17-5eca36377ad0:group-DDC327439CFC:LeaderElection115] INFO  server.RaftServerConfigKeys (ConfUtils.java:logGet(43)) - raft.server.watch.timeout.denomination = 1s (default)
2019-08-29 10:00:54,549 [grpc-default-executor-7] INFO  client.GrpcClientProtocolClient (GrpcClientProtocolClient.java:onNext(255)) - client-BA37497E0D83->5b8556db-8e30-4259-bb17-5eca36377ad0: receive RaftClientReply:client-BA37497E0D83->5b8556db-8e30-4259-bb17-5eca36377ad0@group-DDC327439CFC, cid=266, FAILED org.apache.ratis.protocol.NotLeaderException: Server 5b8556db-8e30-4259-bb17-5eca36377ad0 is not the leader (null). Request must be sent to leader., logIndex=0, commits[5b8556db-8e30-4259-bb17-5eca36377ad0:c-1]
2019-08-29 10:00:54,549 [5b8556db-8e30-4259-bb17-5eca36377ad0:group-DDC327439CFC:LeaderElection115] INFO  server.RaftServerConfigKeys (ConfUtils.java:logGet(43)) - raft.server.watch.element-limit = 65536 (default)
2019-08-29 10:00:54,550 [5b8556db-8e30-4259-bb17-5eca36377ad0:group-DDC327439CFC:LeaderElection115] INFO  server.RaftServerConfigKeys (ConfUtils.java:logGet(43)) - raft.server.log.appender.snapshot.chunk.size.max = 16MB (=16777216) (default)
2019-08-29 10:00:54,552 [5b8556db-8e30-4259-bb17-5eca36377ad0:group-DDC327439CFC:LeaderElection115] INFO  server.RaftServerConfigKeys (ConfUtils.java:logGet(43)) - raft.server.log.appender.buffer.byte-limit = 33554432 (custom)
2019-08-29 10:00:54,552 [5b8556db-8e30-4259-bb17-5eca36377ad0:group-DDC327439CFC:LeaderElection115] INFO  server.RaftServerConfigKeys (ConfUtils.java:logGet(43)) - raft.server.log.appender.buffer.element-limit = 1 (custom)
2019-08-29 10:00:54,552 [5b8556db-8e30-4259-bb17-5eca36377ad0:group-DDC327439CFC:LeaderElection115] INFO  grpc.GrpcConfigKeys$Server (ConfUtils.java:logGet(43)) - raft.grpc.server.leader.outstanding.appends.max = 128 (default)
2019-08-29 10:00:54,552 [5b8556db-8e30-4259-bb17-5eca36377ad0:group-DDC327439CFC:LeaderElection115] INFO  server.RaftServerConfigKeys (ConfUtils.java:logGet(43)) - raft.server.rpc.request.timeout = 3000ms (default)
2019-08-29 10:00:54,552 [5b8556db-8e30-4259-bb17-5eca36377ad0:group-DDC327439CFC:LeaderElection115] INFO  server.RaftServerConfigKeys (ConfUtils.java:logGet(43)) - raft.server.log.appender.install.snapshot.enabled = false (custom)
2019-08-29 10:00:54,552 [5b8556db-8e30-4259-bb17-5eca36377ad0:group-DDC327439CFC:LeaderElection115] INFO  server.RaftServerConfigKeys (ConfUtils.java:logGet(43)) - raft.server.log.appender.snapshot.chunk.size.max = 16MB (=16777216) (default)
2019-08-29 10:00:54,552 [5b8556db-8e30-4259-bb17-5eca36377ad0:group-DDC327439CFC:LeaderElection115] INFO  server.RaftServerConfigKeys (ConfUtils.java:logGet(43)) - raft.server.log.appender.buffer.byte-limit = 33554432 (custom)
2019-08-29 10:00:54,553 [5b8556db-8e30-4259-bb17-5eca36377ad0:group-DDC327439CFC:LeaderElection115] INFO  server.RaftServerConfigKeys (ConfUtils.java:logGet(43)) - raft.server.log.appender.buffer.element-limit = 1 (custom)
2019-08-29 10:00:54,553 [5b8556db-8e30-4259-bb17-5eca36377ad0:group-DDC327439CFC:LeaderElection115] INFO  grpc.GrpcConfigKeys$Server (ConfUtils.java:logGet(43)) - raft.grpc.server.leader.outstanding.appends.max = 128 (default)
2019-08-29 10:00:54,553 [5b8556db-8e30-4259-bb17-5eca36377ad0:group-DDC327439CFC:LeaderElection115] INFO  server.RaftServerConfigKeys (ConfUtils.java:logGet(43)) - raft.server.rpc.request.timeout = 3000ms (default)
2019-08-29 10:00:54,553 [5b8556db-8e30-4259-bb17-5eca36377ad0:group-DDC327439CFC:LeaderElection115] INFO  server.RaftServerConfigKeys (ConfUtils.java:logGet(43)) - raft.server.log.appender.install.snapshot.enabled = false (custom)
2019-08-29 10:00:54,553 [5b8556db-8e30-4259-bb17-5eca36377ad0:group-DDC327439CFC:LeaderElection115] INFO  impl.RoleInfo (RoleInfo.java:updateAndGet(143)) - 5b8556db-8e30-4259-bb17-5eca36377ad0: start LeaderState
2019-08-29 10:00:54,553 [5b8556db-8e30-4259-bb17-5eca36377ad0:group-DDC327439CFC:LeaderElection115] INFO  segmented.SegmentedRaftLogWorker (SegmentedRaftLogWorker.java:startLogSegment(380)) - 5b8556db-8e30-4259-bb17-5eca36377ad0-SegmentedRaftLogWorker:Storage Directory /workdir/hadoop-ozone/integration-test/target/test-dir/MiniOzoneClusterImpl-f14b1e95-ba00-4e6c-8692-7616f74434d5/datanode-1/data/ratis/d1c443aa-df5a-459a-b552-ddc327439cfc: Starting segment from index:0
2019-08-29 10:00:54,554 [5b8556db-8e30-4259-bb17-5eca36377ad0:group-DDC327439CFC:LeaderElection115] INFO  impl.RaftServerImpl (ServerState.java:setRaftConf(361)) - 5b8556db-8e30-4259-bb17-5eca36377ad0:group-DDC327439CFC set configuration 0: [c4b7c157-a592-42f1-8daa-93be55f8212b:192.168.36.71:43957, 0764962b-5f15-464e-b468-a2e0db5340b9:192.168.36.71:43491, 5b8556db-8e30-4259-bb17-5eca36377ad0:192.168.36.71:35544], old=null at 0
2019-08-29 10:00:54,555 [grpc-default-executor-7] INFO  impl.RaftServerImpl (ServerState.java:setLeader(263)) - c4b7c157-a592-42f1-8daa-93be55f8212b:group-DDC327439CFC change Leader from null to 5b8556db-8e30-4259-bb17-5eca36377ad0 at term 2 for appendEntries, leader elected after 10249ms
2019-08-29 10:00:54,555 [grpc-default-executor-6] INFO  impl.RaftServerImpl (ServerState.java:setLeader(263)) - 0764962b-5f15-464e-b468-a2e0db5340b9:group-DDC327439CFC change Leader from null to 5b8556db-8e30-4259-bb17-5eca36377ad0 at term 2 for appendEntries, leader elected after 10249ms
2019-08-29 10:00:54,556 [grpc-default-executor-6] INFO  impl.RaftServerImpl (ServerState.java:setRaftConf(361)) - c4b7c157-a592-42f1-8daa-93be55f8212b:group-DDC327439CFC set configuration 0: [c4b7c157-a592-42f1-8daa-93be55f8212b:192.168.36.71:43957, 0764962b-5f15-464e-b468-a2e0db5340b9:192.168.36.71:43491, 5b8556db-8e30-4259-bb17-5eca36377ad0:192.168.36.71:35544], old=null at 0
2019-08-29 10:00:54,556 [grpc-default-executor-7] INFO  impl.RaftServerImpl (ServerState.java:setRaftConf(361)) - 0764962b-5f15-464e-b468-a2e0db5340b9:group-DDC327439CFC set configuration 0: [c4b7c157-a592-42f1-8daa-93be55f8212b:192.168.36.71:43957, 0764962b-5f15-464e-b468-a2e0db5340b9:192.168.36.71:43491, 5b8556db-8e30-4259-bb17-5eca36377ad0:192.168.36.71:35544], old=null at 0
2019-08-29 10:00:54,557 [grpc-default-executor-6] INFO  segmented.SegmentedRaftLogWorker (SegmentedRaftLogWorker.java:startLogSegment(380)) - c4b7c157-a592-42f1-8daa-93be55f8212b-SegmentedRaftLogWorker:Storage Directory /workdir/hadoop-ozone/integration-test/target/test-dir/MiniOzoneClusterImpl-f14b1e95-ba00-4e6c-8692-7616f74434d5/datanode-0/data/ratis/d1c443aa-df5a-459a-b552-ddc327439cfc: Starting segment from index:0
2019-08-29 10:00:54,557 [grpc-default-executor-7] INFO  segmented.SegmentedRaftLogWorker (SegmentedRaftLogWorker.java:startLogSegment(380)) - 0764962b-5f15-464e-b468-a2e0db5340b9-SegmentedRaftLogWorker:Storage Directory /workdir/hadoop-ozone/integration-test/target/test-dir/MiniOzoneClusterImpl-f14b1e95-ba00-4e6c-8692-7616f74434d5/datanode-2/data/ratis/d1c443aa-df5a-459a-b552-ddc327439cfc: Starting segment from index:0
2019-08-29 10:00:54,597 [c4b7c157-a592-42f1-8daa-93be55f8212b-SegmentedRaftLogWorker:Storage Directory /workdir/hadoop-ozone/integration-test/target/test-dir/MiniOzoneClusterImpl-f14b1e95-ba00-4e6c-8692-7616f74434d5/datanode-0/data/ratis/d1c443aa-df5a-459a-b552-ddc327439cfc] INFO  segmented.SegmentedRaftLogWorker (SegmentedRaftLogWorker.java:execute(569)) - c4b7c157-a592-42f1-8daa-93be55f8212b-SegmentedRaftLogWorker:Storage Directory /workdir/hadoop-ozone/integration-test/target/test-dir/MiniOzoneClusterImpl-f14b1e95-ba00-4e6c-8692-7616f74434d5/datanode-0/data/ratis/d1c443aa-df5a-459a-b552-ddc327439cfc: created new log segment /workdir/hadoop-ozone/integration-test/target/test-dir/MiniOzoneClusterImpl-f14b1e95-ba00-4e6c-8692-7616f74434d5/datanode-0/data/ratis/d1c443aa-df5a-459a-b552-ddc327439cfc/current/log_inprogress_0
2019-08-29 10:00:54,597 [5b8556db-8e30-4259-bb17-5eca36377ad0-SegmentedRaftLogWorker:Storage Directory /workdir/hadoop-ozone/integration-test/target/test-dir/MiniOzoneClusterImpl-f14b1e95-ba00-4e6c-8692-7616f74434d5/datanode-1/data/ratis/d1c443aa-df5a-459a-b552-ddc327439cfc] INFO  segmented.SegmentedRaftLogWorker (SegmentedRaftLogWorker.java:execute(569)) - 5b8556db-8e30-4259-bb17-5eca36377ad0-SegmentedRaftLogWorker:Storage Directory /workdir/hadoop-ozone/integration-test/target/test-dir/MiniOzoneClusterImpl-f14b1e95-ba00-4e6c-8692-7616f74434d5/datanode-1/data/ratis/d1c443aa-df5a-459a-b552-ddc327439cfc: created new log segment /workdir/hadoop-ozone/integration-test/target/test-dir/MiniOzoneClusterImpl-f14b1e95-ba00-4e6c-8692-7616f74434d5/datanode-1/data/ratis/d1c443aa-df5a-459a-b552-ddc327439cfc/current/log_inprogress_0
2019-08-29 10:00:54,597 [0764962b-5f15-464e-b468-a2e0db5340b9-SegmentedRaftLogWorker:Storage Directory /workdir/hadoop-ozone/integration-test/target/test-dir/MiniOzoneClusterImpl-f14b1e95-ba00-4e6c-8692-7616f74434d5/datanode-2/data/ratis/d1c443aa-df5a-459a-b552-ddc327439cfc] INFO  segmented.SegmentedRaftLogWorker (SegmentedRaftLogWorker.java:execute(569)) - 0764962b-5f15-464e-b468-a2e0db5340b9-SegmentedRaftLogWorker:Storage Directory /workdir/hadoop-ozone/integration-test/target/test-dir/MiniOzoneClusterImpl-f14b1e95-ba00-4e6c-8692-7616f74434d5/datanode-2/data/ratis/d1c443aa-df5a-459a-b552-ddc327439cfc: created new log segment /workdir/hadoop-ozone/integration-test/target/test-dir/MiniOzoneClusterImpl-f14b1e95-ba00-4e6c-8692-7616f74434d5/datanode-2/data/ratis/d1c443aa-df5a-459a-b552-ddc327439cfc/current/log_inprogress_0
2019-08-29 10:00:54,619 | INFO  | SCMAudit | user=jenkins1000 | ip=192.168.36.71 | op=SEND_HEARTBEAT {datanodeUUID=1f9ce788-27f8-4fe6-818b-71130e2aa710, command=[]} | ret=SUCCESS |  
2019-08-29 10:00:54,829 | INFO  | SCMAudit | user=jenkins1000 | ip=192.168.36.71 | op=SEND_HEARTBEAT {datanodeUUID=a82d0560-fbbd-4e02-943e-0d91b09290d4, command=[]} | ret=SUCCESS |  
2019-08-29 10:00:54,834 | INFO  | SCMAudit | user=jenkins1000 | ip=192.168.36.71 | op=SEND_HEARTBEAT {datanodeUUID=c4b7c157-a592-42f1-8daa-93be55f8212b, command=[]} | ret=SUCCESS |  
2019-08-29 10:00:55,040 | INFO  | SCMAudit | user=jenkins1000 | ip=192.168.36.71 | op=SEND_HEARTBEAT {datanodeUUID=5b8556db-8e30-4259-bb17-5eca36377ad0, command=[]} | ret=SUCCESS |  
2019-08-29 10:00:55,212 | INFO  | SCMAudit | user=jenkins1000 | ip=192.168.36.71 | op=SEND_HEARTBEAT {datanodeUUID=0764962b-5f15-464e-b468-a2e0db5340b9, command=[]} | ret=SUCCESS |  
2019-08-29 10:00:55,339 | INFO  | SCMAudit | user=jenkins1000 | ip=192.168.36.71 | op=SEND_HEARTBEAT {datanodeUUID=3a5d5b16-15dc-4940-b3a3-401ea9a94175, command=[]} | ret=SUCCESS |  
2019-08-29 10:00:55,426 | INFO  | SCMAudit | user=jenkins1000 | ip=192.168.36.71 | op=SEND_HEARTBEAT {datanodeUUID=1172efdb-db01-40ba-b2d8-1219aa980c8c, command=[]} | ret=SUCCESS |  
2019-08-29 10:00:55,563 [grpc-default-executor-7] INFO  client.GrpcClientProtocolClient (GrpcClientProtocolClient.java:onNext(255)) - client-BA37497E0D83->0764962b-5f15-464e-b468-a2e0db5340b9: receive RaftClientReply:client-BA37497E0D83->0764962b-5f15-464e-b468-a2e0db5340b9@group-DDC327439CFC, cid=266, FAILED org.apache.ratis.protocol.NotLeaderException: Server 0764962b-5f15-464e-b468-a2e0db5340b9 is not the leader (5b8556db-8e30-4259-bb17-5eca36377ad0:192.168.36.71:35544). Request must be sent to leader., logIndex=0, commits[0764962b-5f15-464e-b468-a2e0db5340b9:c-1, c4b7c157-a592-42f1-8daa-93be55f8212b:c-1, 5b8556db-8e30-4259-bb17-5eca36377ad0:c-1]
2019-08-29 10:00:55,620 | INFO  | SCMAudit | user=jenkins1000 | ip=192.168.36.71 | op=SEND_HEARTBEAT {datanodeUUID=1f9ce788-27f8-4fe6-818b-71130e2aa710, command=[]} | ret=SUCCESS |  
2019-08-29 10:00:55,723 | INFO  | SCMAudit | user=jenkins1000 | ip=192.168.36.71 | op=SEND_HEARTBEAT {datanodeUUID=0764962b-5f15-464e-b468-a2e0db5340b9, command=[]} | ret=SUCCESS |  
2019-08-29 10:00:55,723 | INFO  | SCMAudit | user=jenkins1000 | ip=192.168.36.71 | op=SEND_HEARTBEAT {datanodeUUID=5b8556db-8e30-4259-bb17-5eca36377ad0, command=[]} | ret=SUCCESS |  
2019-08-29 10:00:55,723 | INFO  | DNAudit | user=null | ip=null | op=WRITE_CHUNK {blockData=conID: 1 locID: 102699686064488471 bcsId: 0} | ret=SUCCESS |  
2019-08-29 10:00:55,723 | INFO  | DNAudit | user=null | ip=null | op=WRITE_CHUNK {blockData=conID: 1 locID: 102699686064488471 bcsId: 0} | ret=SUCCESS |  
2019-08-29 10:00:55,723 | INFO  | SCMAudit | user=jenkins1000 | ip=192.168.36.71 | op=SEND_HEARTBEAT {datanodeUUID=c4b7c157-a592-42f1-8daa-93be55f8212b, command=[]} | ret=SUCCESS |  
2019-08-29 10:00:55,723 | INFO  | DNAudit | user=null | ip=null | op=WRITE_CHUNK {blockData=conID: 1 locID: 102699686064488471 bcsId: 0} | ret=SUCCESS |  
2019-08-29 10:00:55,738 | INFO  | DNAudit | user=null | ip=null | op=WRITE_CHUNK {blockData=conID: 1 locID: 102699686064488471 bcsId: 0} | ret=SUCCESS |  
2019-08-29 10:00:55,743 [grpc-default-executor-6] INFO  client.GrpcClientProtocolClient (GrpcClientProtocolClient.java:onNext(255)) - client-BA37497E0D83->5b8556db-8e30-4259-bb17-5eca36377ad0: receive RaftClientReply:client-BA37497E0D83->5b8556db-8e30-4259-bb17-5eca36377ad0@group-DDC327439CFC, cid=266, SUCCESS, logIndex=1, commits[5b8556db-8e30-4259-bb17-5eca36377ad0:c1, c4b7c157-a592-42f1-8daa-93be55f8212b:c0, 0764962b-5f15-464e-b468-a2e0db5340b9:c0]
2019-08-29 10:00:55,745 | INFO  | DNAudit | user=null | ip=null | op=WRITE_CHUNK {blockData=conID: 1 locID: 102699686064488471 bcsId: 0} | ret=SUCCESS |  
2019-08-29 10:00:55,746 | INFO  | DNAudit | user=null | ip=null | op=WRITE_CHUNK {blockData=conID: 1 locID: 102699686064488471 bcsId: 0} | ret=SUCCESS |  
2019-08-29 10:00:55,746 | INFO  | DNAudit | user=null | ip=null | op=WRITE_CHUNK {blockData=conID: 1 locID: 102699686064488471 bcsId: 0} | ret=SUCCESS |  
2019-08-29 10:00:55,753 | INFO  | DNAudit | user=null | ip=null | op=WRITE_CHUNK {blockData=conID: 1 locID: 102699686064488471 bcsId: 0} | ret=SUCCESS |  
2019-08-29 10:00:55,753 | INFO  | DNAudit | user=null | ip=null | op=WRITE_CHUNK {blockData=conID: 1 locID: 102699686064488471 bcsId: 0} | ret=SUCCESS |  
2019-08-29 10:00:55,753 | INFO  | DNAudit | user=null | ip=null | op=WRITE_CHUNK {blockData=conID: 1 locID: 102699686064488471 bcsId: 0} | ret=SUCCESS |  
2019-08-29 10:00:55,758 [grpc-default-executor-5] INFO  client.GrpcClientProtocolClient (GrpcClientProtocolClient.java:onNext(255)) - client-BA37497E0D83->5b8556db-8e30-4259-bb17-5eca36377ad0: receive RaftClientReply:client-BA37497E0D83->5b8556db-8e30-4259-bb17-5eca36377ad0@group-DDC327439CFC, cid=267, SUCCESS, logIndex=3, commits[5b8556db-8e30-4259-bb17-5eca36377ad0:c4, c4b7c157-a592-42f1-8daa-93be55f8212b:c1, 0764962b-5f15-464e-b468-a2e0db5340b9:c1]
2019-08-29 10:00:55,778 | INFO  | DNAudit | user=null | ip=null | op=WRITE_CHUNK {blockData=conID: 1 locID: 102699686064488471 bcsId: 0} | ret=SUCCESS |  
2019-08-29 10:00:55,778 | INFO  | DNAudit | user=null | ip=null | op=WRITE_CHUNK {blockData=conID: 1 locID: 102699686064488471 bcsId: 0} | ret=SUCCESS |  
2019-08-29 10:00:55,829 | INFO  | SCMAudit | user=jenkins1000 | ip=192.168.36.71 | op=SEND_HEARTBEAT {datanodeUUID=a82d0560-fbbd-4e02-943e-0d91b09290d4, command=[]} | ret=SUCCESS |  
2019-08-29 10:00:55,893 | INFO  | DNAudit | user=null | ip=null | op=PUT_BLOCK {blockData=[blockId=conID: 1 locID: 102699686064488471 bcsId: 0,size=167]} | ret=SUCCESS |  
2019-08-29 10:00:55,894 [grpc-default-executor-6] INFO  client.GrpcClientProtocolClient (GrpcClientProtocolClient.java:onNext(255)) - client-BA37497E0D83->5b8556db-8e30-4259-bb17-5eca36377ad0: receive RaftClientReply:client-BA37497E0D83->5b8556db-8e30-4259-bb17-5eca36377ad0@group-DDC327439CFC, cid=268, SUCCESS, logIndex=4, commits[5b8556db-8e30-4259-bb17-5eca36377ad0:c6, c4b7c157-a592-42f1-8daa-93be55f8212b:c4, 0764962b-5f15-464e-b468-a2e0db5340b9:c4]
2019-08-29 10:00:55,895 [EventQueue-CloseContainerForCloseContainerEventHandler] INFO  container.CloseContainerEventHandler (CloseContainerEventHandler.java:onMessage(61)) - Close container Event triggered for container : #1
2019-08-29 10:00:55,896 [EventQueue-CloseContainerForCloseContainerEventHandler] INFO  container.CloseContainerEventHandler (CloseContainerEventHandler.java:onMessage(61)) - Close container Event triggered for container : #1
2019-08-29 10:00:55,896 [EventQueue-CloseContainerForCloseContainerEventHandler] INFO  container.CloseContainerEventHandler (CloseContainerEventHandler.java:onMessage(61)) - Close container Event triggered for container : #1
2019-08-29 10:00:55,985 | INFO  | DNAudit | user=null | ip=null | op=PUT_BLOCK {blockData=[blockId=conID: 1 locID: 102699686064488471 bcsId: 0,size=167]} | ret=SUCCESS |  
2019-08-29 10:00:56,110 | INFO  | DNAudit | user=null | ip=null | op=PUT_BLOCK {blockData=[blockId=conID: 1 locID: 102699686064488471 bcsId: 0,size=167]} | ret=SUCCESS |  
2019-08-29 10:00:56,339 | INFO  | SCMAudit | user=jenkins1000 | ip=192.168.36.71 | op=SEND_HEARTBEAT {datanodeUUID=3a5d5b16-15dc-4940-b3a3-401ea9a94175, command=[]} | ret=SUCCESS |  
2019-08-29 10:00:56,426 | INFO  | SCMAudit | user=jenkins1000 | ip=192.168.36.71 | op=SEND_HEARTBEAT {datanodeUUID=1172efdb-db01-40ba-b2d8-1219aa980c8c, command=[]} | ret=SUCCESS |  
2019-08-29 10:00:56,619 | INFO  | SCMAudit | user=jenkins1000 | ip=192.168.36.71 | op=SEND_HEARTBEAT {datanodeUUID=1f9ce788-27f8-4fe6-818b-71130e2aa710, command=[]} | ret=SUCCESS |  
2019-08-29 10:00:56,723 | INFO  | SCMAudit | user=jenkins1000 | ip=192.168.36.71 | op=SEND_HEARTBEAT {datanodeUUID=c4b7c157-a592-42f1-8daa-93be55f8212b, command=[commandType: closeContainerCommand closeContainerCommandProto { containerID: 1 pipelineID { id: "d1c443aa-df5a-459a-b552-ddc327439cfc" } cmdId: 1 force: false } , commandType: closeContainerCommand closeContainerCommandProto { containerID: 1 pipelineID { id: "d1c443aa-df5a-459a-b552-ddc327439cfc" } cmdId: 1 force: false } , commandType: closeContainerCommand closeContainerCommandProto { containerID: 1 pipelineID { id: "d1c443aa-df5a-459a-b552-ddc327439cfc" } cmdId: 1 force: false } ]} | ret=SUCCESS |  
2019-08-29 10:00:56,723 | INFO  | SCMAudit | user=jenkins1000 | ip=192.168.36.71 | op=SEND_HEARTBEAT {datanodeUUID=5b8556db-8e30-4259-bb17-5eca36377ad0, command=[commandType: closeContainerCommand closeContainerCommandProto { containerID: 1 pipelineID { id: "d1c443aa-df5a-459a-b552-ddc327439cfc" } cmdId: 1 force: false } , commandType: closeContainerCommand closeContainerCommandProto { containerID: 1 pipelineID { id: "d1c443aa-df5a-459a-b552-ddc327439cfc" } cmdId: 1 force: false } , commandType: closeContainerCommand closeContainerCommandProto { containerID: 1 pipelineID { id: "d1c443aa-df5a-459a-b552-ddc327439cfc" } cmdId: 1 force: false } ]} | ret=SUCCESS |  
2019-08-29 10:00:56,723 | INFO  | SCMAudit | user=jenkins1000 | ip=192.168.36.71 | op=SEND_HEARTBEAT {datanodeUUID=0764962b-5f15-464e-b468-a2e0db5340b9, command=[commandType: closeContainerCommand closeContainerCommandProto { containerID: 1 pipelineID { id: "d1c443aa-df5a-459a-b552-ddc327439cfc" } cmdId: 1 force: false } , commandType: closeContainerCommand closeContainerCommandProto { containerID: 1 pipelineID { id: "d1c443aa-df5a-459a-b552-ddc327439cfc" } cmdId: 1 force: false } , commandType: closeContainerCommand closeContainerCommandProto { containerID: 1 pipelineID { id: "d1c443aa-df5a-459a-b552-ddc327439cfc" } cmdId: 1 force: false } ]} | ret=SUCCESS |  
2019-08-29 10:00:56,829 | INFO  | SCMAudit | user=jenkins1000 | ip=192.168.36.71 | op=SEND_HEARTBEAT {datanodeUUID=a82d0560-fbbd-4e02-943e-0d91b09290d4, command=[]} | ret=SUCCESS |  
2019-08-29 10:00:56,887 | INFO  | SCMAudit | user=jenkins1000 | ip=192.168.36.71 | op=SEND_HEARTBEAT {datanodeUUID=c4b7c157-a592-42f1-8daa-93be55f8212b, command=[]} | ret=SUCCESS |  
2019-08-29 10:00:57,339 | INFO  | SCMAudit | user=jenkins1000 | ip=192.168.36.71 | op=SEND_HEARTBEAT {datanodeUUID=3a5d5b16-15dc-4940-b3a3-401ea9a94175, command=[]} | ret=SUCCESS |  
2019-08-29 10:00:57,426 | INFO  | SCMAudit | user=jenkins1000 | ip=192.168.36.71 | op=SEND_HEARTBEAT {datanodeUUID=1172efdb-db01-40ba-b2d8-1219aa980c8c, command=[]} | ret=SUCCESS |  
2019-08-29 10:00:57,619 | INFO  | SCMAudit | user=jenkins1000 | ip=192.168.36.71 | op=SEND_HEARTBEAT {datanodeUUID=1f9ce788-27f8-4fe6-818b-71130e2aa710, command=[]} | ret=SUCCESS |  
2019-08-29 10:00:57,723 | INFO  | SCMAudit | user=jenkins1000 | ip=192.168.36.71 | op=SEND_HEARTBEAT {datanodeUUID=0764962b-5f15-464e-b468-a2e0db5340b9, command=[]} | ret=SUCCESS |  
2019-08-29 10:00:57,723 | INFO  | SCMAudit | user=jenkins1000 | ip=192.168.36.71 | op=SEND_HEARTBEAT {datanodeUUID=5b8556db-8e30-4259-bb17-5eca36377ad0, command=[]} | ret=SUCCESS |  
2019-08-29 10:00:57,749 | INFO  | SCMAudit | user=jenkins1000 | ip=192.168.36.71 | op=SEND_HEARTBEAT {datanodeUUID=5b8556db-8e30-4259-bb17-5eca36377ad0, command=[]} | ret=SUCCESS |  
2019-08-29 10:00:57,749 | INFO  | SCMAudit | user=jenkins1000 | ip=192.168.36.71 | op=SEND_HEARTBEAT {datanodeUUID=0764962b-5f15-464e-b468-a2e0db5340b9, command=[]} | ret=SUCCESS |  
2019-08-29 10:00:57,829 | INFO  | SCMAudit | user=jenkins1000 | ip=192.168.36.71 | op=SEND_HEARTBEAT {datanodeUUID=a82d0560-fbbd-4e02-943e-0d91b09290d4, command=[]} | ret=SUCCESS |  
2019-08-29 10:00:57,853 [RatisApplyTransactionExecutor 1] INFO  interfaces.Container (KeyValueContainer.java:compactDB(356)) - Container 1 is closed with bcsId 4.
2019-08-29 10:00:57,854 [RatisApplyTransactionExecutor 1] INFO  interfaces.Container (KeyValueContainer.java:compactDB(356)) - Container 1 is closed with bcsId 4.
2019-08-29 10:00:57,854 | INFO  | DNAudit | user=null | ip=null | op=CLOSE_CONTAINER {containerID=1} | ret=SUCCESS |  
2019-08-29 10:00:57,854 | INFO  | DNAudit | user=null | ip=null | op=CLOSE_CONTAINER {containerID=1} | ret=SUCCESS |  
2019-08-29 10:00:57,854 | INFO  | SCMAudit | user=jenkins1000 | ip=192.168.36.71 | op=SEND_HEARTBEAT {datanodeUUID=5b8556db-8e30-4259-bb17-5eca36377ad0, command=[]} | ret=SUCCESS |  
2019-08-29 10:00:57,854 | INFO  | SCMAudit | user=jenkins1000 | ip=192.168.36.71 | op=SEND_HEARTBEAT {datanodeUUID=c4b7c157-a592-42f1-8daa-93be55f8212b, command=[]} | ret=SUCCESS |  
2019-08-29 10:00:57,854 [EventQueue-IncrementalContainerReportForIncrementalContainerReportHandler] INFO  container.IncrementalContainerReportHandler (AbstractContainerReportHandler.java:updateContainerState(176)) - Moving container #1 to CLOSED state, datanode 5b8556db-8e30-4259-bb17-5eca36377ad0{ip: 192.168.36.71, host: pr-hdds-2030-kknj5-1067311611, networkLocation: /default-rack, certSerialId: null} reported CLOSED replica.
2019-08-29 10:00:57,873 [RatisApplyTransactionExecutor 1] INFO  interfaces.Container (KeyValueContainer.java:compactDB(356)) - Container 1 is closed with bcsId 4.
2019-08-29 10:00:57,874 | INFO  | DNAudit | user=null | ip=null | op=CLOSE_CONTAINER {containerID=1} | ret=SUCCESS |  
2019-08-29 10:00:57,875 | INFO  | SCMAudit | user=jenkins1000 | ip=192.168.36.71 | op=SEND_HEARTBEAT {datanodeUUID=0764962b-5f15-464e-b468-a2e0db5340b9, command=[]} | ret=SUCCESS |  
2019-08-29 10:00:57,901 | ERROR | DNAudit | user=null | ip=null | op=WRITE_CHUNK {blockData=conID: 1 locID: 102699686064488471 bcsId: 4} | ret=FAILURE | org.apache.hadoop.hdds.scm.container.common.helpers.ContainerNotOpenException: Container 1 in CLOSED state
	at org.apache.hadoop.ozone.container.common.impl.HddsDispatcher.validateContainerCommand(HddsDispatcher.java:408)
	at org.apache.hadoop.ozone.container.common.transport.server.ratis.ContainerStateMachine.startTransaction(ContainerStateMachine.java:309) 
2019-08-29 10:00:57,902 | ERROR | DNAudit | user=null | ip=null | op=WRITE_CHUNK {blockData=conID: 1 locID: 102699686064488471 bcsId: 4} | ret=FAILURE | org.apache.hadoop.hdds.scm.container.common.helpers.ContainerNotOpenException: Container 1 in CLOSED state
	at org.apache.hadoop.ozone.container.common.impl.HddsDispatcher.validateContainerCommand(HddsDispatcher.java:408)
	at org.apache.hadoop.ozone.container.common.transport.server.ratis.ContainerStateMachine.startTransaction(ContainerStateMachine.java:309) 
2019-08-29 10:00:57,907 | ERROR | DNAudit | user=null | ip=null | op=PUT_BLOCK {blockData=[blockId=conID: 1 locID: 102699686064488471 bcsId: 0,size=334]} | ret=FAILURE | org.apache.hadoop.hdds.scm.container.common.helpers.ContainerNotOpenException: Container 1 in CLOSED state
	at org.apache.hadoop.ozone.container.common.impl.HddsDispatcher.validateContainerCommand(HddsDispatcher.java:408)
	at org.apache.hadoop.ozone.container.common.transport.server.ratis.ContainerStateMachine.startTransaction(ContainerStateMachine.java:309) 
2019-08-29 10:00:57,911 [grpc-default-executor-5] INFO  client.GrpcClientProtocolClient (GrpcClientProtocolClient.java:onNext(255)) - client-BA37497E0D83->5b8556db-8e30-4259-bb17-5eca36377ad0: receive RaftClientReply:client-BA37497E0D83->5b8556db-8e30-4259-bb17-5eca36377ad0@group-DDC327439CFC, cid=269, FAILED org.apache.ratis.protocol.StateMachineException: org.apache.hadoop.hdds.scm.container.common.helpers.ContainerNotOpenException from Server 5b8556db-8e30-4259-bb17-5eca36377ad0: Container 1 in CLOSED state, logIndex=0, commits[5b8556db-8e30-4259-bb17-5eca36377ad0:c8, c4b7c157-a592-42f1-8daa-93be55f8212b:c7, 0764962b-5f15-464e-b468-a2e0db5340b9:c7]
2019-08-29 10:00:57,915 [grpc-default-executor-5] INFO  client.GrpcClientProtocolClient (GrpcClientProtocolClient.java:onNext(255)) - client-BA37497E0D83->5b8556db-8e30-4259-bb17-5eca36377ad0: receive RaftClientReply:client-BA37497E0D83->5b8556db-8e30-4259-bb17-5eca36377ad0@group-DDC327439CFC, cid=270, FAILED org.apache.ratis.protocol.StateMachineException: org.apache.hadoop.hdds.scm.container.common.helpers.ContainerNotOpenException from Server 5b8556db-8e30-4259-bb17-5eca36377ad0: Container 1 in CLOSED state, logIndex=0, commits[5b8556db-8e30-4259-bb17-5eca36377ad0:c8, c4b7c157-a592-42f1-8daa-93be55f8212b:c7, 0764962b-5f15-464e-b468-a2e0db5340b9:c7]
2019-08-29 10:00:57,916 [grpc-default-executor-5] INFO  client.GrpcClientProtocolClient (GrpcClientProtocolClient.java:onNext(255)) - client-BA37497E0D83->5b8556db-8e30-4259-bb17-5eca36377ad0: receive RaftClientReply:client-BA37497E0D83->5b8556db-8e30-4259-bb17-5eca36377ad0@group-DDC327439CFC, cid=271, FAILED org.apache.ratis.protocol.StateMachineException: org.apache.hadoop.hdds.scm.container.common.helpers.ContainerNotOpenException from Server 5b8556db-8e30-4259-bb17-5eca36377ad0: Container 1 in CLOSED state, logIndex=0, commits[5b8556db-8e30-4259-bb17-5eca36377ad0:c8, c4b7c157-a592-42f1-8daa-93be55f8212b:c7, 0764962b-5f15-464e-b468-a2e0db5340b9:c7]
2019-08-29 10:00:57,964 | INFO  | SCMAudit | user=jenkins1000 | ip=192.168.36.71 | op=ALLOCATE_BLOCK {owner=7aa121ca-4a66-4df6-9b63-df46f154915d, size=800, type=RATIS, factor=THREE} | ret=SUCCESS |  
2019-08-29 10:00:57,966 | INFO  | OMAudit | user=jenkins1000 | ip=127.0.0.1 | op=ALLOCATE_BLOCK {volume=testblockoutputstream, bucket=testblockoutputstream, key=54e925db-3706-451e-82e1-58d431dd3d52, dataSize=0, replicationType=null, replicationFactor=null, keyLocationInfo=null, clientID=102699686062915606} | ret=SUCCESS |  
2019-08-29 10:00:57,976 [grpc-default-executor-5] INFO  client.GrpcClientProtocolClient (GrpcClientProtocolClient.java:onNext(255)) - client-6B322F6F3817->c4b7c157-a592-42f1-8daa-93be55f8212b: receive RaftClientReply:client-6B322F6F3817->c4b7c157-a592-42f1-8daa-93be55f8212b@group-DDC327439CFC, cid=272, FAILED org.apache.ratis.protocol.NotLeaderException: Server c4b7c157-a592-42f1-8daa-93be55f8212b is not the leader (5b8556db-8e30-4259-bb17-5eca36377ad0:192.168.36.71:35544). Request must be sent to leader., logIndex=0, commits[c4b7c157-a592-42f1-8daa-93be55f8212b:c7, 0764962b-5f15-464e-b468-a2e0db5340b9:c4, 5b8556db-8e30-4259-bb17-5eca36377ad0:c7]
2019-08-29 10:00:58,104 | INFO  | DNAudit | user=null | ip=null | op=WRITE_CHUNK {blockData=conID: 2 locID: 102699686819528728 bcsId: 0} | ret=SUCCESS |  
2019-08-29 10:00:58,104 | INFO  | SCMAudit | user=jenkins1000 | ip=192.168.36.71 | op=SEND_HEARTBEAT {datanodeUUID=c4b7c157-a592-42f1-8daa-93be55f8212b, command=[]} | ret=SUCCESS |  
2019-08-29 10:00:58,118 | INFO  | DNAudit | user=null | ip=null | op=WRITE_CHUNK {blockData=conID: 2 locID: 102699686819528728 bcsId: 0} | ret=SUCCESS |  
2019-08-29 10:00:58,118 | INFO  | DNAudit | user=null | ip=null | op=WRITE_CHUNK {blockData=conID: 2 locID: 102699686819528728 bcsId: 0} | ret=SUCCESS |  
2019-08-29 10:00:58,118 | INFO  | SCMAudit | user=jenkins1000 | ip=192.168.36.71 | op=SEND_HEARTBEAT {datanodeUUID=5b8556db-8e30-4259-bb17-5eca36377ad0, command=[]} | ret=SUCCESS |  
2019-08-29 10:00:58,118 | INFO  | SCMAudit | user=jenkins1000 | ip=192.168.36.71 | op=SEND_HEARTBEAT {datanodeUUID=0764962b-5f15-464e-b468-a2e0db5340b9, command=[]} | ret=SUCCESS |  
2019-08-29 10:00:58,138 | INFO  | DNAudit | user=null | ip=null | op=WRITE_CHUNK {blockData=conID: 2 locID: 102699686819528728 bcsId: 0} | ret=SUCCESS |  
2019-08-29 10:00:58,144 [grpc-default-executor-7] INFO  client.GrpcClientProtocolClient (GrpcClientProtocolClient.java:onNext(255)) - client-6B322F6F3817->5b8556db-8e30-4259-bb17-5eca36377ad0: receive RaftClientReply:client-6B322F6F3817->5b8556db-8e30-4259-bb17-5eca36377ad0@group-DDC327439CFC, cid=272, SUCCESS, logIndex=9, commits[5b8556db-8e30-4259-bb17-5eca36377ad0:c9, c4b7c157-a592-42f1-8daa-93be55f8212b:c8, 0764962b-5f15-464e-b468-a2e0db5340b9:c8]
2019-08-29 10:00:58,144 | INFO  | DNAudit | user=null | ip=null | op=WRITE_CHUNK {blockData=conID: 2 locID: 102699686819528728 bcsId: 0} | ret=SUCCESS |  
2019-08-29 10:00:58,144 | INFO  | DNAudit | user=null | ip=null | op=WRITE_CHUNK {blockData=conID: 2 locID: 102699686819528728 bcsId: 0} | ret=SUCCESS |  
2019-08-29 10:00:58,148 | INFO  | DNAudit | user=null | ip=null | op=WRITE_CHUNK {blockData=conID: 2 locID: 102699686819528728 bcsId: 0} | ret=SUCCESS |  
2019-08-29 10:00:58,148 | INFO  | DNAudit | user=null | ip=null | op=WRITE_CHUNK {blockData=conID: 2 locID: 102699686819528728 bcsId: 0} | ret=SUCCESS |  
2019-08-29 10:00:58,149 | INFO  | DNAudit | user=null | ip=null | op=WRITE_CHUNK {blockData=conID: 2 locID: 102699686819528728 bcsId: 0} | ret=SUCCESS |  
2019-08-29 10:00:58,152 | INFO  | DNAudit | user=null | ip=null | op=WRITE_CHUNK {blockData=conID: 2 locID: 102699686819528728 bcsId: 0} | ret=SUCCESS |  
2019-08-29 10:00:58,156 | INFO  | DNAudit | user=null | ip=null | op=WRITE_CHUNK {blockData=conID: 2 locID: 102699686819528728 bcsId: 0} | ret=SUCCESS |  
2019-08-29 10:00:58,156 | INFO  | DNAudit | user=null | ip=null | op=WRITE_CHUNK {blockData=conID: 2 locID: 102699686819528728 bcsId: 0} | ret=SUCCESS |  
2019-08-29 10:00:58,155 [grpc-default-executor-5] INFO  client.GrpcClientProtocolClient (GrpcClientProtocolClient.java:onNext(255)) - client-6B322F6F3817->5b8556db-8e30-4259-bb17-5eca36377ad0: receive RaftClientReply:client-6B322F6F3817->5b8556db-8e30-4259-bb17-5eca36377ad0@group-DDC327439CFC, cid=273, SUCCESS, logIndex=11, commits[5b8556db-8e30-4259-bb17-5eca36377ad0:c12, c4b7c157-a592-42f1-8daa-93be55f8212b:c10, 0764962b-5f15-464e-b468-a2e0db5340b9:c10]
2019-08-29 10:00:58,230 | INFO  | DNAudit | user=null | ip=null | op=PUT_BLOCK {blockData=[blockId=conID: 2 locID: 102699686819528728 bcsId: 0,size=167]} | ret=SUCCESS |  
2019-08-29 10:00:58,231 [grpc-default-executor-5] INFO  client.GrpcClientProtocolClient (GrpcClientProtocolClient.java:onNext(255)) - client-6B322F6F3817->5b8556db-8e30-4259-bb17-5eca36377ad0: receive RaftClientReply:client-6B322F6F3817->5b8556db-8e30-4259-bb17-5eca36377ad0@group-DDC327439CFC, cid=274, SUCCESS, logIndex=12, commits[5b8556db-8e30-4259-bb17-5eca36377ad0:c14, c4b7c157-a592-42f1-8daa-93be55f8212b:c11, 0764962b-5f15-464e-b468-a2e0db5340b9:c11]
2019-08-29 10:00:58,340 | INFO  | SCMAudit | user=jenkins1000 | ip=192.168.36.71 | op=SEND_HEARTBEAT {datanodeUUID=3a5d5b16-15dc-4940-b3a3-401ea9a94175, command=[]} | ret=SUCCESS |  
2019-08-29 10:00:58,426 | INFO  | SCMAudit | user=jenkins1000 | ip=192.168.36.71 | op=SEND_HEARTBEAT {datanodeUUID=1172efdb-db01-40ba-b2d8-1219aa980c8c, command=[]} | ret=SUCCESS |  
2019-08-29 10:00:58,618 | INFO  | SCMAudit | user=jenkins1000 | ip=192.168.36.71 | op=SEND_HEARTBEAT {datanodeUUID=1f9ce788-27f8-4fe6-818b-71130e2aa710, command=[]} | ret=SUCCESS |  
2019-08-29 10:00:58,829 | INFO  | SCMAudit | user=jenkins1000 | ip=192.168.36.71 | op=SEND_HEARTBEAT {datanodeUUID=a82d0560-fbbd-4e02-943e-0d91b09290d4, command=[]} | ret=SUCCESS |  
2019-08-29 10:00:59,103 | INFO  | SCMAudit | user=jenkins1000 | ip=192.168.36.71 | op=SEND_HEARTBEAT {datanodeUUID=c4b7c157-a592-42f1-8daa-93be55f8212b, command=[]} | ret=SUCCESS |  
2019-08-29 10:00:59,118 | INFO  | SCMAudit | user=jenkins1000 | ip=192.168.36.71 | op=SEND_HEARTBEAT {datanodeUUID=0764962b-5f15-464e-b468-a2e0db5340b9, command=[]} | ret=SUCCESS |  
2019-08-29 10:00:59,119 | INFO  | SCMAudit | user=jenkins1000 | ip=192.168.36.71 | op=SEND_HEARTBEAT {datanodeUUID=5b8556db-8e30-4259-bb17-5eca36377ad0, command=[]} | ret=SUCCESS |  
2019-08-29 10:00:59,232 [main] WARN  scm.XceiverClientRatis (XceiverClientRatis.java:watchForCommit(262)) - 3 way commit failed on pipeline Pipeline[ Id: d1c443aa-df5a-459a-b552-ddc327439cfc, Nodes: c4b7c157-a592-42f1-8daa-93be55f8212b{ip: 192.168.36.71, host: pr-hdds-2030-kknj5-1067311611, networkLocation: /default-rack, certSerialId: null}0764962b-5f15-464e-b468-a2e0db5340b9{ip: 192.168.36.71, host: pr-hdds-2030-kknj5-1067311611, networkLocation: /default-rack, certSerialId: null}5b8556db-8e30-4259-bb17-5eca36377ad0{ip: 192.168.36.71, host: pr-hdds-2030-kknj5-1067311611, networkLocation: /default-rack, certSerialId: null}, Type:RATIS, Factor:THREE, State:OPEN]
java.util.concurrent.TimeoutException
	at java.util.concurrent.CompletableFuture.timedGet(CompletableFuture.java:1771)
	at java.util.concurrent.CompletableFuture.get(CompletableFuture.java:1915)
	at org.apache.hadoop.hdds.scm.XceiverClientRatis.watchForCommit(XceiverClientRatis.java:259)
	at org.apache.hadoop.hdds.scm.storage.CommitWatcher.watchForCommit(CommitWatcher.java:194)
	at org.apache.hadoop.hdds.scm.storage.CommitWatcher.watchOnLastIndex(CommitWatcher.java:157)
	at org.apache.hadoop.hdds.scm.storage.BlockOutputStream.watchForCommit(BlockOutputStream.java:347)
	at org.apache.hadoop.hdds.scm.storage.BlockOutputStream.handleFlush(BlockOutputStream.java:479)
	at org.apache.hadoop.hdds.scm.storage.BlockOutputStream.close(BlockOutputStream.java:493)
	at org.apache.hadoop.ozone.client.io.BlockOutputStreamEntry.close(BlockOutputStreamEntry.java:143)
	at org.apache.hadoop.ozone.client.io.KeyOutputStream.handleFlushOrClose(KeyOutputStream.java:434)
	at org.apache.hadoop.ozone.client.io.KeyOutputStream.close(KeyOutputStream.java:472)
	at org.apache.hadoop.ozone.client.io.OzoneOutputStream.close(OzoneOutputStream.java:60)
	at org.apache.hadoop.ozone.client.rpc.TestBlockOutputStreamWithFailures.testExceptionDuringClose(TestBlockOutputStreamWithFailures.java:754)
	at sun.reflect.NativeMethodAccessorImpl.invoke0(Native Method)
	at sun.reflect.NativeMethodAccessorImpl.invoke(NativeMethodAccessorImpl.java:62)
	at sun.reflect.DelegatingMethodAccessorImpl.invoke(DelegatingMethodAccessorImpl.java:43)
	at java.lang.reflect.Method.invoke(Method.java:498)
	at org.junit.runners.model.FrameworkMethod$1.runReflectiveCall(FrameworkMethod.java:47)
	at org.junit.internal.runners.model.ReflectiveCallable.run(ReflectiveCallable.java:12)
	at org.junit.runners.model.FrameworkMethod.invokeExplosively(FrameworkMethod.java:44)
	at org.junit.internal.runners.statements.InvokeMethod.evaluate(InvokeMethod.java:17)
	at org.junit.internal.runners.statements.RunBefores.evaluate(RunBefores.java:26)
	at org.junit.internal.runners.statements.RunAfters.evaluate(RunAfters.java:27)
	at org.junit.runners.ParentRunner.runLeaf(ParentRunner.java:271)
	at org.junit.runners.BlockJUnit4ClassRunner.runChild(BlockJUnit4ClassRunner.java:70)
	at org.junit.runners.BlockJUnit4ClassRunner.runChild(BlockJUnit4ClassRunner.java:50)
	at org.junit.runners.ParentRunner$3.run(ParentRunner.java:238)
	at org.junit.runners.ParentRunner$1.schedule(ParentRunner.java:63)
	at org.junit.runners.ParentRunner.runChildren(ParentRunner.java:236)
	at org.junit.runners.ParentRunner.access$000(ParentRunner.java:53)
	at org.junit.runners.ParentRunner$2.evaluate(ParentRunner.java:229)
	at org.junit.runners.ParentRunner.run(ParentRunner.java:309)
	at org.apache.maven.surefire.junit4.JUnit4Provider.execute(JUnit4Provider.java:365)
	at org.apache.maven.surefire.junit4.JUnit4Provider.executeWithRerun(JUnit4Provider.java:273)
	at org.apache.maven.surefire.junit4.JUnit4Provider.executeTestSet(JUnit4Provider.java:238)
	at org.apache.maven.surefire.junit4.JUnit4Provider.invoke(JUnit4Provider.java:159)
	at org.apache.maven.surefire.booter.ForkedBooter.invokeProviderInSameClassLoader(ForkedBooter.java:384)
	at org.apache.maven.surefire.booter.ForkedBooter.runSuitesInProcess(ForkedBooter.java:345)
	at org.apache.maven.surefire.booter.ForkedBooter.execute(ForkedBooter.java:126)
	at org.apache.maven.surefire.booter.ForkedBooter.main(ForkedBooter.java:418)
2019-08-29 10:00:59,341 | INFO  | SCMAudit | user=jenkins1000 | ip=192.168.36.71 | op=SEND_HEARTBEAT {datanodeUUID=3a5d5b16-15dc-4940-b3a3-401ea9a94175, command=[]} | ret=SUCCESS |  
2019-08-29 10:00:59,426 | INFO  | SCMAudit | user=jenkins1000 | ip=192.168.36.71 | op=SEND_HEARTBEAT {datanodeUUID=1172efdb-db01-40ba-b2d8-1219aa980c8c, command=[]} | ret=SUCCESS |  
2019-08-29 10:00:59,619 | INFO  | SCMAudit | user=jenkins1000 | ip=192.168.36.71 | op=SEND_HEARTBEAT {datanodeUUID=1f9ce788-27f8-4fe6-818b-71130e2aa710, command=[]} | ret=SUCCESS |  
2019-08-29 10:00:59,829 | INFO  | SCMAudit | user=jenkins1000 | ip=192.168.36.71 | op=SEND_HEARTBEAT {datanodeUUID=a82d0560-fbbd-4e02-943e-0d91b09290d4, command=[]} | ret=SUCCESS |  
2019-08-29 10:01:00,103 | INFO  | SCMAudit | user=jenkins1000 | ip=192.168.36.71 | op=SEND_HEARTBEAT {datanodeUUID=c4b7c157-a592-42f1-8daa-93be55f8212b, command=[]} | ret=SUCCESS |  
2019-08-29 10:01:00,119 | INFO  | SCMAudit | user=jenkins1000 | ip=192.168.36.71 | op=SEND_HEARTBEAT {datanodeUUID=0764962b-5f15-464e-b468-a2e0db5340b9, command=[]} | ret=SUCCESS |  
2019-08-29 10:01:00,120 | INFO  | SCMAudit | user=jenkins1000 | ip=192.168.36.71 | op=SEND_HEARTBEAT {datanodeUUID=5b8556db-8e30-4259-bb17-5eca36377ad0, command=[]} | ret=SUCCESS |  
2019-08-29 10:01:00,236 [main] WARN  storage.CommitWatcher (CommitWatcher.java:watchForCommit(203)) - watchForCommit failed for index 12
java.util.concurrent.TimeoutException
	at java.util.concurrent.CompletableFuture.timedGet(CompletableFuture.java:1771)
	at java.util.concurrent.CompletableFuture.get(CompletableFuture.java:1915)
	at org.apache.hadoop.hdds.scm.XceiverClientRatis.watchForCommit(XceiverClientRatis.java:268)
	at org.apache.hadoop.hdds.scm.storage.CommitWatcher.watchForCommit(CommitWatcher.java:194)
	at org.apache.hadoop.hdds.scm.storage.CommitWatcher.watchOnLastIndex(CommitWatcher.java:157)
	at org.apache.hadoop.hdds.scm.storage.BlockOutputStream.watchForCommit(BlockOutputStream.java:347)
	at org.apache.hadoop.hdds.scm.storage.BlockOutputStream.handleFlush(BlockOutputStream.java:479)
	at org.apache.hadoop.hdds.scm.storage.BlockOutputStream.close(BlockOutputStream.java:493)
	at org.apache.hadoop.ozone.client.io.BlockOutputStreamEntry.close(BlockOutputStreamEntry.java:143)
	at org.apache.hadoop.ozone.client.io.KeyOutputStream.handleFlushOrClose(KeyOutputStream.java:434)
	at org.apache.hadoop.ozone.client.io.KeyOutputStream.close(KeyOutputStream.java:472)
	at org.apache.hadoop.ozone.client.io.OzoneOutputStream.close(OzoneOutputStream.java:60)
	at org.apache.hadoop.ozone.client.rpc.TestBlockOutputStreamWithFailures.testExceptionDuringClose(TestBlockOutputStreamWithFailures.java:754)
	at sun.reflect.NativeMethodAccessorImpl.invoke0(Native Method)
	at sun.reflect.NativeMethodAccessorImpl.invoke(NativeMethodAccessorImpl.java:62)
	at sun.reflect.DelegatingMethodAccessorImpl.invoke(DelegatingMethodAccessorImpl.java:43)
	at java.lang.reflect.Method.invoke(Method.java:498)
	at org.junit.runners.model.FrameworkMethod$1.runReflectiveCall(FrameworkMethod.java:47)
	at org.junit.internal.runners.model.ReflectiveCallable.run(ReflectiveCallable.java:12)
	at org.junit.runners.model.FrameworkMethod.invokeExplosively(FrameworkMethod.java:44)
	at org.junit.internal.runners.statements.InvokeMethod.evaluate(InvokeMethod.java:17)
	at org.junit.internal.runners.statements.RunBefores.evaluate(RunBefores.java:26)
	at org.junit.internal.runners.statements.RunAfters.evaluate(RunAfters.java:27)
	at org.junit.runners.ParentRunner.runLeaf(ParentRunner.java:271)
	at org.junit.runners.BlockJUnit4ClassRunner.runChild(BlockJUnit4ClassRunner.java:70)
	at org.junit.runners.BlockJUnit4ClassRunner.runChild(BlockJUnit4ClassRunner.java:50)
	at org.junit.runners.ParentRunner$3.run(ParentRunner.java:238)
	at org.junit.runners.ParentRunner$1.schedule(ParentRunner.java:63)
	at org.junit.runners.ParentRunner.runChildren(ParentRunner.java:236)
	at org.junit.runners.ParentRunner.access$000(ParentRunner.java:53)
	at org.junit.runners.ParentRunner$2.evaluate(ParentRunner.java:229)
	at org.junit.runners.ParentRunner.run(ParentRunner.java:309)
	at org.apache.maven.surefire.junit4.JUnit4Provider.execute(JUnit4Provider.java:365)
	at org.apache.maven.surefire.junit4.JUnit4Provider.executeWithRerun(JUnit4Provider.java:273)
	at org.apache.maven.surefire.junit4.JUnit4Provider.executeTestSet(JUnit4Provider.java:238)
	at org.apache.maven.surefire.junit4.JUnit4Provider.invoke(JUnit4Provider.java:159)
	at org.apache.maven.surefire.booter.ForkedBooter.invokeProviderInSameClassLoader(ForkedBooter.java:384)
	at org.apache.maven.surefire.booter.ForkedBooter.runSuitesInProcess(ForkedBooter.java:345)
	at org.apache.maven.surefire.booter.ForkedBooter.execute(ForkedBooter.java:126)
	at org.apache.maven.surefire.booter.ForkedBooter.main(ForkedBooter.java:418)
2019-08-29 10:01:00,237 [main] WARN  io.KeyOutputStream (KeyOutputStream.java:handleException(276)) - Encountered exception java.io.IOException: Unexpected Storage Container Exception: java.io.IOException: Unexpected Storage Container Exception: java.util.concurrent.TimeoutException on the pipeline Pipeline[ Id: d1c443aa-df5a-459a-b552-ddc327439cfc, Nodes: c4b7c157-a592-42f1-8daa-93be55f8212b{ip: 192.168.36.71, host: pr-hdds-2030-kknj5-1067311611, networkLocation: /default-rack, certSerialId: null}0764962b-5f15-464e-b468-a2e0db5340b9{ip: 192.168.36.71, host: pr-hdds-2030-kknj5-1067311611, networkLocation: /default-rack, certSerialId: null}5b8556db-8e30-4259-bb17-5eca36377ad0{ip: 192.168.36.71, host: pr-hdds-2030-kknj5-1067311611, networkLocation: /default-rack, certSerialId: null}, Type:RATIS, Factor:THREE, State:OPEN]. The last committed block length is 0, uncommitted data length is 167 retry count 0
2019-08-29 10:01:00,246 | INFO  | SCMAudit | user=jenkins1000 | ip=192.168.36.71 | op=ALLOCATE_BLOCK {owner=7aa121ca-4a66-4df6-9b63-df46f154915d, size=800, type=RATIS, factor=THREE} | ret=SUCCESS |  
2019-08-29 10:01:00,252 | INFO  | OMAudit | user=jenkins1000 | ip=127.0.0.1 | op=ALLOCATE_BLOCK {volume=testblockoutputstream, bucket=testblockoutputstream, key=54e925db-3706-451e-82e1-58d431dd3d52, dataSize=0, replicationType=null, replicationFactor=null, keyLocationInfo=null, clientID=102699686062915606} | ret=SUCCESS |  
2019-08-29 10:01:00,263 [grpc-default-executor-6] INFO  client.GrpcClientProtocolClient (GrpcClientProtocolClient.java:onNext(255)) - client-914767D1C7F2->1172efdb-db01-40ba-b2d8-1219aa980c8c: receive RaftClientReply:client-914767D1C7F2->1172efdb-db01-40ba-b2d8-1219aa980c8c@group-AC766320D942, cid=277, FAILED org.apache.ratis.protocol.NotLeaderException: Server 1172efdb-db01-40ba-b2d8-1219aa980c8c is not the leader (a82d0560-fbbd-4e02-943e-0d91b09290d4:192.168.36.71:38920). Request must be sent to leader., logIndex=0, commits[1172efdb-db01-40ba-b2d8-1219aa980c8c:c0, a82d0560-fbbd-4e02-943e-0d91b09290d4:c0, 1f9ce788-27f8-4fe6-818b-71130e2aa710:c0]
2019-08-29 10:01:00,341 | INFO  | SCMAudit | user=jenkins1000 | ip=192.168.36.71 | op=SEND_HEARTBEAT {datanodeUUID=3a5d5b16-15dc-4940-b3a3-401ea9a94175, command=[]} | ret=SUCCESS |  
2019-08-29 10:01:00,422 | INFO  | DNAudit | user=null | ip=null | op=WRITE_CHUNK {blockData=conID: 3 locID: 102699686969081881 bcsId: 0} | ret=SUCCESS |  
2019-08-29 10:01:00,423 | INFO  | SCMAudit | user=jenkins1000 | ip=192.168.36.71 | op=SEND_HEARTBEAT {datanodeUUID=a82d0560-fbbd-4e02-943e-0d91b09290d4, command=[]} | ret=SUCCESS |  
2019-08-29 10:01:00,426 | INFO  | SCMAudit | user=jenkins1000 | ip=192.168.36.71 | op=SEND_HEARTBEAT {datanodeUUID=1172efdb-db01-40ba-b2d8-1219aa980c8c, command=[]} | ret=SUCCESS |  
2019-08-29 10:01:00,442 | INFO  | DNAudit | user=null | ip=null | op=WRITE_CHUNK {blockData=conID: 3 locID: 102699686969081881 bcsId: 0} | ret=SUCCESS |  
2019-08-29 10:01:00,443 | INFO  | DNAudit | user=null | ip=null | op=WRITE_CHUNK {blockData=conID: 3 locID: 102699686969081881 bcsId: 0} | ret=SUCCESS |  
2019-08-29 10:01:00,443 | INFO  | SCMAudit | user=jenkins1000 | ip=192.168.36.71 | op=SEND_HEARTBEAT {datanodeUUID=1172efdb-db01-40ba-b2d8-1219aa980c8c, command=[]} | ret=SUCCESS |  
2019-08-29 10:01:00,443 | INFO  | SCMAudit | user=jenkins1000 | ip=192.168.36.71 | op=SEND_HEARTBEAT {datanodeUUID=1f9ce788-27f8-4fe6-818b-71130e2aa710, command=[]} | ret=SUCCESS |  
2019-08-29 10:01:00,475 | INFO  | DNAudit | user=null | ip=null | op=WRITE_CHUNK {blockData=conID: 3 locID: 102699686969081881 bcsId: 0} | ret=SUCCESS |  
2019-08-29 10:01:00,480 [grpc-default-executor-5] INFO  client.GrpcClientProtocolClient (GrpcClientProtocolClient.java:onNext(255)) - client-914767D1C7F2->a82d0560-fbbd-4e02-943e-0d91b09290d4: receive RaftClientReply:client-914767D1C7F2->a82d0560-fbbd-4e02-943e-0d91b09290d4@group-AC766320D942, cid=277, SUCCESS, logIndex=1, commits[a82d0560-fbbd-4e02-943e-0d91b09290d4:c1, 1f9ce788-27f8-4fe6-818b-71130e2aa710:c0, 1172efdb-db01-40ba-b2d8-1219aa980c8c:c0]
2019-08-29 10:01:00,480 | INFO  | DNAudit | user=null | ip=null | op=WRITE_CHUNK {blockData=conID: 3 locID: 102699686969081881 bcsId: 0} | ret=SUCCESS |  
2019-08-29 10:01:00,481 | INFO  | DNAudit | user=null | ip=null | op=WRITE_CHUNK {blockData=conID: 3 locID: 102699686969081881 bcsId: 0} | ret=SUCCESS |  
2019-08-29 10:01:00,484 | INFO  | DNAudit | user=null | ip=null | op=WRITE_CHUNK {blockData=conID: 3 locID: 102699686969081881 bcsId: 0} | ret=SUCCESS |  
2019-08-29 10:01:00,485 | INFO  | DNAudit | user=null | ip=null | op=WRITE_CHUNK {blockData=conID: 3 locID: 102699686969081881 bcsId: 0} | ret=SUCCESS |  
2019-08-29 10:01:00,485 | INFO  | DNAudit | user=null | ip=null | op=WRITE_CHUNK {blockData=conID: 3 locID: 102699686969081881 bcsId: 0} | ret=SUCCESS |  
2019-08-29 10:01:00,507 | INFO  | DNAudit | user=null | ip=null | op=WRITE_CHUNK {blockData=conID: 3 locID: 102699686969081881 bcsId: 0} | ret=SUCCESS |  
2019-08-29 10:01:00,510 [grpc-default-executor-5] INFO  client.GrpcClientProtocolClient (GrpcClientProtocolClient.java:onNext(255)) - client-914767D1C7F2->a82d0560-fbbd-4e02-943e-0d91b09290d4: receive RaftClientReply:client-914767D1C7F2->a82d0560-fbbd-4e02-943e-0d91b09290d4@group-AC766320D942, cid=278, SUCCESS, logIndex=3, commits[a82d0560-fbbd-4e02-943e-0d91b09290d4:c4, 1f9ce788-27f8-4fe6-818b-71130e2aa710:c2, 1172efdb-db01-40ba-b2d8-1219aa980c8c:c2]
2019-08-29 10:01:00,516 | INFO  | DNAudit | user=null | ip=null | op=WRITE_CHUNK {blockData=conID: 3 locID: 102699686969081881 bcsId: 0} | ret=SUCCESS |  
2019-08-29 10:01:00,517 | INFO  | DNAudit | user=null | ip=null | op=WRITE_CHUNK {blockData=conID: 3 locID: 102699686969081881 bcsId: 0} | ret=SUCCESS |  
2019-08-29 10:01:00,572 | INFO  | DNAudit | user=null | ip=null | op=PUT_BLOCK {blockData=[blockId=conID: 3 locID: 102699686969081881 bcsId: 0,size=167]} | ret=SUCCESS |  
2019-08-29 10:01:00,575 [grpc-default-executor-5] INFO  client.GrpcClientProtocolClient (GrpcClientProtocolClient.java:onNext(255)) - client-914767D1C7F2->a82d0560-fbbd-4e02-943e-0d91b09290d4: receive RaftClientReply:client-914767D1C7F2->a82d0560-fbbd-4e02-943e-0d91b09290d4@group-AC766320D942, cid=279, SUCCESS, logIndex=4, commits[a82d0560-fbbd-4e02-943e-0d91b09290d4:c6, 1f9ce788-27f8-4fe6-818b-71130e2aa710:c4, 1172efdb-db01-40ba-b2d8-1219aa980c8c:c4]
2019-08-29 10:01:00,583 | INFO  | OMAudit | user=jenkins1000 | ip=127.0.0.1 | op=COMMIT_KEY {volume=testblockoutputstream, bucket=testblockoutputstream, key=54e925db-3706-451e-82e1-58d431dd3d52, dataSize=334, replicationType=null, replicationFactor=null, keyLocationInfo=[{blockID={containerID=1, localID=102699686064488471}, length=167, offset=0, token=null, pipeline=Pipeline[ Id: d1c443aa-df5a-459a-b552-ddc327439cfc, Nodes: c4b7c157-a592-42f1-8daa-93be55f8212b{ip: 192.168.36.71, host: pr-hdds-2030-kknj5-1067311611, networkLocation: /default-rack, certSerialId: null}0764962b-5f15-464e-b468-a2e0db5340b9{ip: 192.168.36.71, host: pr-hdds-2030-kknj5-1067311611, networkLocation: /default-rack, certSerialId: null}5b8556db-8e30-4259-bb17-5eca36377ad0{ip: 192.168.36.71, host: pr-hdds-2030-kknj5-1067311611, networkLocation: /default-rack, certSerialId: null}, Type:RATIS, Factor:THREE, State:OPEN], createVersion=0}, {blockID={containerID=3, localID=102699686969081881}, length=167, offset=0, token=null, pipeline=Pipeline[ Id: 2e3fccb6-da16-4be4-afb9-ac766320d942, Nodes: 1172efdb-db01-40ba-b2d8-1219aa980c8c{ip: 192.168.36.71, host: pr-hdds-2030-kknj5-1067311611, networkLocation: /default-rack, certSerialId: null}1f9ce788-27f8-4fe6-818b-71130e2aa710{ip: 192.168.36.71, host: pr-hdds-2030-kknj5-1067311611, networkLocation: /default-rack, certSerialId: null}a82d0560-fbbd-4e02-943e-0d91b09290d4{ip: 192.168.36.71, host: pr-hdds-2030-kknj5-1067311611, networkLocation: /default-rack, certSerialId: null}, Type:RATIS, Factor:THREE, State:OPEN], createVersion=0}], clientID=102699686062915606} | ret=SUCCESS |  
2019-08-29 10:01:00,584 [main] INFO  ozone.MiniOzoneClusterImpl (MiniOzoneClusterImpl.java:shutdown(321)) - Shutting down the Mini Ozone Cluster
2019-08-29 10:01:00,584 | INFO  | SCMAudit | user=null | ip=null | op=GET_SCM_INFO null | ret=SUCCESS |  
2019-08-29 10:01:00,584 [main] INFO  ozone.MiniOzoneClusterImpl (MiniOzoneClusterImpl.java:stop(336)) - Stopping the Mini Ozone Cluster
2019-08-29 10:01:00,584 [main] INFO  ozone.MiniOzoneClusterImpl (MiniOzoneClusterImpl.java:stop(338)) - Stopping the OzoneManager
2019-08-29 10:01:00,585 [main] INFO  ipc.Server (Server.java:stop(3082)) - Stopping server on 46341
2019-08-29 10:01:00,593 [IPC Server listener on 46341] INFO  ipc.Server (Server.java:run(1185)) - Stopping IPC Server listener on 46341
2019-08-29 10:01:00,597 [main] INFO  ratis.OzoneManagerDoubleBuffer (OzoneManagerDoubleBuffer.java:stop(248)) - Stopping OMDoubleBuffer flush thread
2019-08-29 10:01:00,597 [IPC Server Responder] INFO  ipc.Server (Server.java:run(1319)) - Stopping IPC Server Responder
2019-08-29 10:01:00,617 [OMDoubleBufferFlushThread] INFO  ratis.OzoneManagerDoubleBuffer (OzoneManagerDoubleBuffer.java:flushTransactions(191)) - OMDoubleBuffer flush thread OMDoubleBufferFlushThread is interrupted and will exit. OMDoubleBufferFlushThread
2019-08-29 10:01:00,617 [main] INFO  utils.BackgroundService (BackgroundService.java:shutdown(148)) - Shutting down service KeyDeletingService
2019-08-29 10:01:00,619 [main] INFO  handler.ContextHandler (ContextHandler.java:doStop(910)) - Stopped o.e.j.w.WebAppContext@5308c994{/,null,UNAVAILABLE}{/ozoneManager}
2019-08-29 10:01:00,619 [main] INFO  server.AbstractConnector (AbstractConnector.java:doStop(318)) - Stopped ServerConnector@4f6f6223{HTTP/1.1,[http/1.1]}{0.0.0.0:0}
2019-08-29 10:01:00,620 [main] INFO  handler.ContextHandler (ContextHandler.java:doStop(910)) - Stopped o.e.j.s.ServletContextHandler@2ba89cb2{/static,file:///workdir/hadoop-ozone/integration-test/target/test-classes/webapps/static,UNAVAILABLE}
2019-08-29 10:01:00,620 [main] INFO  handler.ContextHandler (ContextHandler.java:doStop(910)) - Stopped o.e.j.s.ServletContextHandler@6ce45045{/logs,file:///workdir/hadoop-ozone/integration-test/target/log,UNAVAILABLE}
2019-08-29 10:01:00,622 [main] INFO  ozone.MiniOzoneClusterImpl (MiniOzoneClusterImpl.java:stop(344)) - Shutting the HddsDatanodes
2019-08-29 10:01:00,622 [main] INFO  datanode.ObjectStoreHandler (ObjectStoreHandler.java:close(155)) - Closing ObjectStoreHandler.
2019-08-29 10:01:00,622 [ForkJoinPool.commonPool-worker-0] INFO  datanode.ObjectStoreHandler (ObjectStoreHandler.java:close(155)) - Closing ObjectStoreHandler.
2019-08-29 10:01:00,623 [main] INFO  ozone.HddsDatanodeService (HddsDatanodeService.java:stop(451)) - Stopped plug-in org.apache.hadoop.ozone.web.OzoneHddsDatanodeService@515576b0
2019-08-29 10:01:00,623 [ForkJoinPool.commonPool-worker-0] INFO  ozone.HddsDatanodeService (HddsDatanodeService.java:stop(451)) - Stopped plug-in org.apache.hadoop.ozone.web.OzoneHddsDatanodeService@911a6cd
2019-08-29 10:01:00,646 | INFO  | DNAudit | user=null | ip=null | op=PUT_BLOCK {blockData=[blockId=conID: 3 locID: 102699686969081881 bcsId: 0,size=167]} | ret=SUCCESS |  
2019-08-29 10:01:00,663 [grpc-default-executor-5] INFO  client.GrpcClientProtocolClient (GrpcClientProtocolClient.java:onNext(255)) - client-6B322F6F3817->5b8556db-8e30-4259-bb17-5eca36377ad0: receive RaftClientReply:client-6B322F6F3817->5b8556db-8e30-4259-bb17-5eca36377ad0@group-DDC327439CFC, cid=276, SUCCESS, logIndex=0, commits[5b8556db-8e30-4259-bb17-5eca36377ad0:c14, c4b7c157-a592-42f1-8daa-93be55f8212b:c11, 0764962b-5f15-464e-b468-a2e0db5340b9:c14]
2019-08-29 10:01:00,663 [grpc-default-executor-5] INFO  client.GrpcClientProtocolClient (GrpcClientProtocolClient.java:onNext(255)) - client-6B322F6F3817->5b8556db-8e30-4259-bb17-5eca36377ad0: receive RaftClientReply:client-6B322F6F3817->5b8556db-8e30-4259-bb17-5eca36377ad0@group-DDC327439CFC, cid=275, SUCCESS, logIndex=0, commits[5b8556db-8e30-4259-bb17-5eca36377ad0:c14, c4b7c157-a592-42f1-8daa-93be55f8212b:c14, 0764962b-5f15-464e-b468-a2e0db5340b9:c14]
2019-08-29 10:01:00,701 | INFO  | DNAudit | user=null | ip=null | op=PUT_BLOCK {blockData=[blockId=conID: 3 locID: 102699686969081881 bcsId: 0,size=167]} | ret=SUCCESS |  
2019-08-29 10:01:00,764 | INFO  | DNAudit | user=null | ip=null | op=PUT_BLOCK {blockData=[blockId=conID: 2 locID: 102699686819528728 bcsId: 0,size=167]} | ret=SUCCESS |  
2019-08-29 10:01:00,814 | INFO  | DNAudit | user=null | ip=null | op=PUT_BLOCK {blockData=[blockId=conID: 2 locID: 102699686819528728 bcsId: 0,size=167]} | ret=SUCCESS |  
2019-08-29 10:01:01,103 | INFO  | SCMAudit | user=jenkins1000 | ip=192.168.36.71 | op=SEND_HEARTBEAT {datanodeUUID=c4b7c157-a592-42f1-8daa-93be55f8212b, command=[]} | ret=SUCCESS |  
2019-08-29 10:01:01,119 | INFO  | SCMAudit | user=jenkins1000 | ip=192.168.36.71 | op=SEND_HEARTBEAT {datanodeUUID=0764962b-5f15-464e-b468-a2e0db5340b9, command=[]} | ret=SUCCESS |  
2019-08-29 10:01:01,119 [Datanode State Machine Thread - 0] INFO  statemachine.DatanodeStateMachine (DatanodeStateMachine.java:lambda$startDaemon$0(350)) - Ozone container server started.
2019-08-29 10:01:01,341 | INFO  | SCMAudit | user=jenkins1000 | ip=192.168.36.71 | op=SEND_HEARTBEAT {datanodeUUID=3a5d5b16-15dc-4940-b3a3-401ea9a94175, command=[]} | ret=SUCCESS |  
2019-08-29 10:01:01,423 | INFO  | SCMAudit | user=jenkins1000 | ip=192.168.36.71 | op=SEND_HEARTBEAT {datanodeUUID=a82d0560-fbbd-4e02-943e-0d91b09290d4, command=[]} | ret=SUCCESS |  
2019-08-29 10:01:01,442 [Datanode State Machine Thread - 0] INFO  statemachine.DatanodeStateMachine (DatanodeStateMachine.java:lambda$startDaemon$0(350)) - Ozone container server started.
2019-08-29 10:01:01,443 | INFO  | SCMAudit | user=jenkins1000 | ip=192.168.36.71 | op=SEND_HEARTBEAT {datanodeUUID=1172efdb-db01-40ba-b2d8-1219aa980c8c, command=[]} | ret=SUCCESS |  
2019-08-29 10:01:02,104 | INFO  | SCMAudit | user=jenkins1000 | ip=192.168.36.71 | op=SEND_HEARTBEAT {datanodeUUID=c4b7c157-a592-42f1-8daa-93be55f8212b, command=[]} | ret=SUCCESS |  
2019-08-29 10:01:02,119 | INFO  | SCMAudit | user=jenkins1000 | ip=192.168.36.71 | op=SEND_HEARTBEAT {datanodeUUID=0764962b-5f15-464e-b468-a2e0db5340b9, command=[]} | ret=SUCCESS |  
2019-08-29 10:01:02,342 | INFO  | SCMAudit | user=jenkins1000 | ip=192.168.36.71 | op=SEND_HEARTBEAT {datanodeUUID=3a5d5b16-15dc-4940-b3a3-401ea9a94175, command=[]} | ret=SUCCESS |  
2019-08-29 10:01:02,423 | INFO  | SCMAudit | user=jenkins1000 | ip=192.168.36.71 | op=SEND_HEARTBEAT {datanodeUUID=a82d0560-fbbd-4e02-943e-0d91b09290d4, command=[]} | ret=SUCCESS |  
2019-08-29 10:01:02,442 | INFO  | SCMAudit | user=jenkins1000 | ip=192.168.36.71 | op=SEND_HEARTBEAT {datanodeUUID=1172efdb-db01-40ba-b2d8-1219aa980c8c, command=[]} | ret=SUCCESS |  
2019-08-29 10:01:03,104 | INFO  | SCMAudit | user=jenkins1000 | ip=192.168.36.71 | op=SEND_HEARTBEAT {datanodeUUID=c4b7c157-a592-42f1-8daa-93be55f8212b, command=[]} | ret=SUCCESS |  
2019-08-29 10:01:03,120 | INFO  | SCMAudit | user=jenkins1000 | ip=192.168.36.71 | op=SEND_HEARTBEAT {datanodeUUID=0764962b-5f15-464e-b468-a2e0db5340b9, command=[]} | ret=SUCCESS |  
2019-08-29 10:01:03,342 | INFO  | SCMAudit | user=jenkins1000 | ip=192.168.36.71 | op=SEND_HEARTBEAT {datanodeUUID=3a5d5b16-15dc-4940-b3a3-401ea9a94175, command=[]} | ret=SUCCESS |  
2019-08-29 10:01:03,424 | INFO  | SCMAudit | user=jenkins1000 | ip=192.168.36.71 | op=SEND_HEARTBEAT {datanodeUUID=a82d0560-fbbd-4e02-943e-0d91b09290d4, command=[]} | ret=SUCCESS |  
2019-08-29 10:01:03,443 | INFO  | SCMAudit | user=jenkins1000 | ip=192.168.36.71 | op=SEND_HEARTBEAT {datanodeUUID=1172efdb-db01-40ba-b2d8-1219aa980c8c, command=[]} | ret=SUCCESS |  
2019-08-29 10:01:04,104 | INFO  | SCMAudit | user=jenkins1000 | ip=192.168.36.71 | op=SEND_HEARTBEAT {datanodeUUID=c4b7c157-a592-42f1-8daa-93be55f8212b, command=[]} | ret=SUCCESS |  
2019-08-29 10:01:04,120 | INFO  | SCMAudit | user=jenkins1000 | ip=192.168.36.71 | op=SEND_HEARTBEAT {datanodeUUID=0764962b-5f15-464e-b468-a2e0db5340b9, command=[]} | ret=SUCCESS |  
2019-08-29 10:01:04,342 | INFO  | SCMAudit | user=jenkins1000 | ip=192.168.36.71 | op=SEND_HEARTBEAT {datanodeUUID=3a5d5b16-15dc-4940-b3a3-401ea9a94175, command=[]} | ret=SUCCESS |  
2019-08-29 10:01:04,424 | INFO  | SCMAudit | user=jenkins1000 | ip=192.168.36.71 | op=SEND_HEARTBEAT {datanodeUUID=a82d0560-fbbd-4e02-943e-0d91b09290d4, command=[]} | ret=SUCCESS |  
2019-08-29 10:01:04,443 | INFO  | SCMAudit | user=jenkins1000 | ip=192.168.36.71 | op=SEND_HEARTBEAT {datanodeUUID=1172efdb-db01-40ba-b2d8-1219aa980c8c, command=[]} | ret=SUCCESS |  
2019-08-29 10:01:05,104 | INFO  | SCMAudit | user=jenkins1000 | ip=192.168.36.71 | op=SEND_HEARTBEAT {datanodeUUID=c4b7c157-a592-42f1-8daa-93be55f8212b, command=[]} | ret=SUCCESS |  
2019-08-29 10:01:05,120 | INFO  | SCMAudit | user=jenkins1000 | ip=192.168.36.71 | op=SEND_HEARTBEAT {datanodeUUID=0764962b-5f15-464e-b468-a2e0db5340b9, command=[]} | ret=SUCCESS |  
2019-08-29 10:01:05,193 [EventQueue-StaleNodeForStaleNodeHandler] INFO  node.StaleNodeHandler (StaleNodeHandler.java:onMessage(58)) - Datanode 5b8556db-8e30-4259-bb17-5eca36377ad0{ip: 192.168.36.71, host: pr-hdds-2030-kknj5-1067311611, networkLocation: /default-rack, certSerialId: null} moved to stale state. Finalizing its pipelines [PipelineID=d1c443aa-df5a-459a-b552-ddc327439cfc, PipelineID=dc9eb39a-e4cf-4cd4-afc3-12d2b0664596]
2019-08-29 10:01:05,193 [EventQueue-StaleNodeForStaleNodeHandler] INFO  pipeline.SCMPipelineManager (SCMPipelineManager.java:finalizeAndDestroyPipeline(309)) - destroying pipeline:Pipeline[ Id: d1c443aa-df5a-459a-b552-ddc327439cfc, Nodes: c4b7c157-a592-42f1-8daa-93be55f8212b{ip: 192.168.36.71, host: pr-hdds-2030-kknj5-1067311611, networkLocation: /default-rack, certSerialId: null}0764962b-5f15-464e-b468-a2e0db5340b9{ip: 192.168.36.71, host: pr-hdds-2030-kknj5-1067311611, networkLocation: /default-rack, certSerialId: null}5b8556db-8e30-4259-bb17-5eca36377ad0{ip: 192.168.36.71, host: pr-hdds-2030-kknj5-1067311611, networkLocation: /default-rack, certSerialId: null}, Type:RATIS, Factor:THREE, State:OPEN]
2019-08-29 10:01:05,193 [EventQueue-StaleNodeForStaleNodeHandler] INFO  pipeline.PipelineStateManager (PipelineStateManager.java:finalizePipeline(123)) - Pipeline Pipeline[ Id: d1c443aa-df5a-459a-b552-ddc327439cfc, Nodes: c4b7c157-a592-42f1-8daa-93be55f8212b{ip: 192.168.36.71, host: pr-hdds-2030-kknj5-1067311611, networkLocation: /default-rack, certSerialId: null}0764962b-5f15-464e-b468-a2e0db5340b9{ip: 192.168.36.71, host: pr-hdds-2030-kknj5-1067311611, networkLocation: /default-rack, certSerialId: null}5b8556db-8e30-4259-bb17-5eca36377ad0{ip: 192.168.36.71, host: pr-hdds-2030-kknj5-1067311611, networkLocation: /default-rack, certSerialId: null}, Type:RATIS, Factor:THREE, State:CLOSED] moved to CLOSED state
2019-08-29 10:01:05,194 [EventQueue-CloseContainerForCloseContainerEventHandler] INFO  container.CloseContainerEventHandler (CloseContainerEventHandler.java:onMessage(61)) - Close container Event triggered for container : #2
2019-08-29 10:01:05,194 [EventQueue-StaleNodeForStaleNodeHandler] INFO  pipeline.SCMPipelineManager (SCMPipelineManager.java:finalizeAndDestroyPipeline(309)) - destroying pipeline:Pipeline[ Id: dc9eb39a-e4cf-4cd4-afc3-12d2b0664596, Nodes: 5b8556db-8e30-4259-bb17-5eca36377ad0{ip: 192.168.36.71, host: pr-hdds-2030-kknj5-1067311611, networkLocation: /default-rack, certSerialId: null}, Type:RATIS, Factor:ONE, State:OPEN]
2019-08-29 10:01:05,194 [EventQueue-StaleNodeForStaleNodeHandler] INFO  pipeline.PipelineStateManager (PipelineStateManager.java:finalizePipeline(123)) - Pipeline Pipeline[ Id: dc9eb39a-e4cf-4cd4-afc3-12d2b0664596, Nodes: 5b8556db-8e30-4259-bb17-5eca36377ad0{ip: 192.168.36.71, host: pr-hdds-2030-kknj5-1067311611, networkLocation: /default-rack, certSerialId: null}, Type:RATIS, Factor:ONE, State:CLOSED] moved to CLOSED state
2019-08-29 10:01:05,342 | INFO  | SCMAudit | user=jenkins1000 | ip=192.168.36.71 | op=SEND_HEARTBEAT {datanodeUUID=3a5d5b16-15dc-4940-b3a3-401ea9a94175, command=[]} | ret=SUCCESS |  
2019-08-29 10:01:05,425 | INFO  | SCMAudit | user=jenkins1000 | ip=192.168.36.71 | op=SEND_HEARTBEAT {datanodeUUID=a82d0560-fbbd-4e02-943e-0d91b09290d4, command=[]} | ret=SUCCESS |  
2019-08-29 10:01:05,443 | INFO  | SCMAudit | user=jenkins1000 | ip=192.168.36.71 | op=SEND_HEARTBEAT {datanodeUUID=1172efdb-db01-40ba-b2d8-1219aa980c8c, command=[]} | ret=SUCCESS |  
2019-08-29 10:01:05,493 [EventQueue-StaleNodeForStaleNodeHandler] INFO  node.StaleNodeHandler (StaleNodeHandler.java:onMessage(58)) - Datanode 1f9ce788-27f8-4fe6-818b-71130e2aa710{ip: 192.168.36.71, host: pr-hdds-2030-kknj5-1067311611, networkLocation: /default-rack, certSerialId: null} moved to stale state. Finalizing its pipelines [PipelineID=c51ca3db-2c7d-40eb-8c8a-0a224a3ec114, PipelineID=2e3fccb6-da16-4be4-afb9-ac766320d942]
2019-08-29 10:01:05,494 [EventQueue-StaleNodeForStaleNodeHandler] INFO  pipeline.SCMPipelineManager (SCMPipelineManager.java:finalizeAndDestroyPipeline(309)) - destroying pipeline:Pipeline[ Id: c51ca3db-2c7d-40eb-8c8a-0a224a3ec114, Nodes: 1f9ce788-27f8-4fe6-818b-71130e2aa710{ip: 192.168.36.71, host: pr-hdds-2030-kknj5-1067311611, networkLocation: /default-rack, certSerialId: null}, Type:RATIS, Factor:ONE, State:OPEN]
2019-08-29 10:01:05,494 [EventQueue-StaleNodeForStaleNodeHandler] INFO  pipeline.PipelineStateManager (PipelineStateManager.java:finalizePipeline(123)) - Pipeline Pipeline[ Id: c51ca3db-2c7d-40eb-8c8a-0a224a3ec114, Nodes: 1f9ce788-27f8-4fe6-818b-71130e2aa710{ip: 192.168.36.71, host: pr-hdds-2030-kknj5-1067311611, networkLocation: /default-rack, certSerialId: null}, Type:RATIS, Factor:ONE, State:CLOSED] moved to CLOSED state
2019-08-29 10:01:05,494 [EventQueue-StaleNodeForStaleNodeHandler] INFO  pipeline.SCMPipelineManager (SCMPipelineManager.java:finalizeAndDestroyPipeline(309)) - destroying pipeline:Pipeline[ Id: 2e3fccb6-da16-4be4-afb9-ac766320d942, Nodes: 1172efdb-db01-40ba-b2d8-1219aa980c8c{ip: 192.168.36.71, host: pr-hdds-2030-kknj5-1067311611, networkLocation: /default-rack, certSerialId: null}1f9ce788-27f8-4fe6-818b-71130e2aa710{ip: 192.168.36.71, host: pr-hdds-2030-kknj5-1067311611, networkLocation: /default-rack, certSerialId: null}a82d0560-fbbd-4e02-943e-0d91b09290d4{ip: 192.168.36.71, host: pr-hdds-2030-kknj5-1067311611, networkLocation: /default-rack, certSerialId: null}, Type:RATIS, Factor:THREE, State:OPEN]
2019-08-29 10:01:05,494 [EventQueue-StaleNodeForStaleNodeHandler] INFO  pipeline.PipelineStateManager (PipelineStateManager.java:finalizePipeline(123)) - Pipeline Pipeline[ Id: 2e3fccb6-da16-4be4-afb9-ac766320d942, Nodes: 1172efdb-db01-40ba-b2d8-1219aa980c8c{ip: 192.168.36.71, host: pr-hdds-2030-kknj5-1067311611, networkLocation: /default-rack, certSerialId: null}1f9ce788-27f8-4fe6-818b-71130e2aa710{ip: 192.168.36.71, host: pr-hdds-2030-kknj5-1067311611, networkLocation: /default-rack, certSerialId: null}a82d0560-fbbd-4e02-943e-0d91b09290d4{ip: 192.168.36.71, host: pr-hdds-2030-kknj5-1067311611, networkLocation: /default-rack, certSerialId: null}, Type:RATIS, Factor:THREE, State:CLOSED] moved to CLOSED state
2019-08-29 10:01:05,494 [EventQueue-CloseContainerForCloseContainerEventHandler] INFO  container.CloseContainerEventHandler (CloseContainerEventHandler.java:onMessage(61)) - Close container Event triggered for container : #3
2019-08-29 10:01:05,626 [ForkJoinPool.commonPool-worker-0] INFO  ozoneimpl.OzoneContainer (OzoneContainer.java:stop(199)) - Attempting to stop container services.
2019-08-29 10:01:05,626 [main] INFO  ozoneimpl.OzoneContainer (OzoneContainer.java:stop(199)) - Attempting to stop container services.
2019-08-29 10:01:05,627 [ForkJoinPool.commonPool-worker-0] INFO  impl.RaftServerProxy (RaftServerProxy.java:lambda$close$4(314)) - 5b8556db-8e30-4259-bb17-5eca36377ad0: close
2019-08-29 10:01:05,627 [main] INFO  impl.RaftServerProxy (RaftServerProxy.java:lambda$close$4(314)) - 1f9ce788-27f8-4fe6-818b-71130e2aa710: close
2019-08-29 10:01:05,627 [ForkJoinPool.commonPool-worker-0] INFO  impl.RaftServerImpl (RaftServerImpl.java:lambda$shutdown$3(245)) - 5b8556db-8e30-4259-bb17-5eca36377ad0: shutdown group-DDC327439CFC
2019-08-29 10:01:05,628 [main] INFO  impl.RaftServerImpl (RaftServerImpl.java:lambda$shutdown$3(245)) - 1f9ce788-27f8-4fe6-818b-71130e2aa710: shutdown group-0A224A3EC114
2019-08-29 10:01:05,628 [ForkJoinPool.commonPool-worker-0] INFO  util.JmxRegister (JmxRegister.java:unregister(73)) - Successfully un-registered JMX Bean with object name Ratis:service=RaftServer,group=group-DDC327439CFC,id=5b8556db-8e30-4259-bb17-5eca36377ad0
2019-08-29 10:01:05,628 [main] INFO  util.JmxRegister (JmxRegister.java:unregister(73)) - Successfully un-registered JMX Bean with object name Ratis:service=RaftServer,group=group-0A224A3EC114,id=1f9ce788-27f8-4fe6-818b-71130e2aa710
2019-08-29 10:01:05,629 [ForkJoinPool.commonPool-worker-0] INFO  impl.RoleInfo (RoleInfo.java:shutdownLeaderState(104)) - 5b8556db-8e30-4259-bb17-5eca36377ad0: shutdown LeaderState
2019-08-29 10:01:05,629 [main] INFO  impl.RoleInfo (RoleInfo.java:shutdownLeaderState(104)) - 1f9ce788-27f8-4fe6-818b-71130e2aa710: shutdown LeaderState
2019-08-29 10:01:05,633 [org.apache.ratis.server.impl.LogAppender$AppenderDaemon$$Lambda$461/450537864@a359726] WARN  server.GrpcLogAppender (GrpcLogAppender.java:mayWait(143)) - GrpcLogAppender(5b8556db-8e30-4259-bb17-5eca36377ad0->0764962b-5f15-464e-b468-a2e0db5340b9): Wait interrupted by java.lang.InterruptedException
2019-08-29 10:01:05,633 [org.apache.ratis.server.impl.LogAppender$AppenderDaemon$$Lambda$461/450537864@4f3710a4] WARN  server.GrpcLogAppender (GrpcLogAppender.java:mayWait(143)) - GrpcLogAppender(5b8556db-8e30-4259-bb17-5eca36377ad0->c4b7c157-a592-42f1-8daa-93be55f8212b): Wait interrupted by java.lang.InterruptedException
2019-08-29 10:01:05,633 [ForkJoinPool.commonPool-worker-0] INFO  impl.PendingRequests (PendingRequests.java:sendNotLeaderResponses(202)) - 5b8556db-8e30-4259-bb17-5eca36377ad0-PendingRequests: sendNotLeaderResponses
2019-08-29 10:01:05,633 [grpc-default-executor-4] INFO  server.GrpcServerProtocolService (GrpcServerProtocolService.java:onCompleted(104)) - 0764962b-5f15-464e-b468-a2e0db5340b9: appendEntries completed
2019-08-29 10:01:05,633 [main] INFO  impl.PendingRequests (PendingRequests.java:sendNotLeaderResponses(202)) - 1f9ce788-27f8-4fe6-818b-71130e2aa710-PendingRequests: sendNotLeaderResponses
2019-08-29 10:01:05,637 [StateMachineUpdater:5b8556db-8e30-4259-bb17-5eca36377ad0:group-DDC327439CFC] INFO  ratis.ContainerStateMachine (ContainerStateMachine.java:takeSnapshot(283)) - group-DDC327439CFC: Taking a snapshot at:(t:2, i:14) file /workdir/hadoop-ozone/integration-test/target/test-dir/MiniOzoneClusterImpl-f14b1e95-ba00-4e6c-8692-7616f74434d5/datanode-1/data/ratis/d1c443aa-df5a-459a-b552-ddc327439cfc/sm/snapshot.2_14
2019-08-29 10:01:05,637 [ForkJoinPool.commonPool-worker-0] INFO  impl.StateMachineUpdater (StateMachineUpdater.java:stopAndJoin(115)) - StateMachineUpdater:5b8556db-8e30-4259-bb17-5eca36377ad0:group-DDC327439CFC: set stopIndex = 14
2019-08-29 10:01:05,633 [grpc-default-executor-5] INFO  server.GrpcServerProtocolService (GrpcServerProtocolService.java:onCompleted(104)) - c4b7c157-a592-42f1-8daa-93be55f8212b: appendEntries completed
2019-08-29 10:01:05,637 [grpc-default-executor-4] INFO  server.GrpcLogAppender (GrpcLogAppender.java:onCompleted(292)) - 5b8556db-8e30-4259-bb17-5eca36377ad0->0764962b-5f15-464e-b468-a2e0db5340b9: follower responses appendEntries COMPLETED
2019-08-29 10:01:05,637 [main] INFO  impl.StateMachineUpdater (StateMachineUpdater.java:stopAndJoin(115)) - StateMachineUpdater:1f9ce788-27f8-4fe6-818b-71130e2aa710:group-0A224A3EC114: set stopIndex = 0
2019-08-29 10:01:05,638 [grpc-default-executor-4] INFO  impl.FollowerInfo (FollowerInfo.java:lambda$new$0(50)) - 5b8556db-8e30-4259-bb17-5eca36377ad0->0764962b-5f15-464e-b468-a2e0db5340b9: nextIndex: updateUnconditionally 15 -> 14
2019-08-29 10:01:05,638 [grpc-default-executor-5] INFO  server.GrpcLogAppender (GrpcLogAppender.java:onCompleted(292)) - 5b8556db-8e30-4259-bb17-5eca36377ad0->c4b7c157-a592-42f1-8daa-93be55f8212b: follower responses appendEntries COMPLETED
2019-08-29 10:01:05,639 [main] INFO  impl.RaftServerImpl (ServerState.java:close(394)) - 1f9ce788-27f8-4fe6-818b-71130e2aa710:group-0A224A3EC114 closes. The last applied log index is 0
2019-08-29 10:01:05,639 [grpc-default-executor-5] INFO  impl.FollowerInfo (FollowerInfo.java:lambda$new$0(50)) - 5b8556db-8e30-4259-bb17-5eca36377ad0->c4b7c157-a592-42f1-8daa-93be55f8212b: nextIndex: updateUnconditionally 15 -> 14
2019-08-29 10:01:05,640 [1f9ce788-27f8-4fe6-818b-71130e2aa710-SegmentedRaftLogWorker:Storage Directory /workdir/hadoop-ozone/integration-test/target/test-dir/MiniOzoneClusterImpl-f14b1e95-ba00-4e6c-8692-7616f74434d5/datanode-4/data/ratis/c51ca3db-2c7d-40eb-8c8a-0a224a3ec114] INFO  segmented.SegmentedRaftLogWorker (SegmentedRaftLogWorker.java:run(313)) - 1f9ce788-27f8-4fe6-818b-71130e2aa710-SegmentedRaftLogWorker:Storage Directory /workdir/hadoop-ozone/integration-test/target/test-dir/MiniOzoneClusterImpl-f14b1e95-ba00-4e6c-8692-7616f74434d5/datanode-4/data/ratis/c51ca3db-2c7d-40eb-8c8a-0a224a3ec114 was interrupted, exiting. There are 0 tasks remaining in the queue.
2019-08-29 10:01:05,642 [main] INFO  segmented.SegmentedRaftLogWorker (SegmentedRaftLogWorker.java:close(228)) - 1f9ce788-27f8-4fe6-818b-71130e2aa710-SegmentedRaftLogWorker:Storage Directory /workdir/hadoop-ozone/integration-test/target/test-dir/MiniOzoneClusterImpl-f14b1e95-ba00-4e6c-8692-7616f74434d5/datanode-4/data/ratis/c51ca3db-2c7d-40eb-8c8a-0a224a3ec114 close()
2019-08-29 10:01:05,645 [main] INFO  impl.RaftServerImpl (RaftServerImpl.java:lambda$shutdown$3(245)) - 1f9ce788-27f8-4fe6-818b-71130e2aa710: shutdown group-AC766320D942
2019-08-29 10:01:05,646 [main] INFO  util.JmxRegister (JmxRegister.java:unregister(73)) - Successfully un-registered JMX Bean with object name Ratis:service=RaftServer,group=group-AC766320D942,id=1f9ce788-27f8-4fe6-818b-71130e2aa710
2019-08-29 10:01:05,646 [main] INFO  impl.RoleInfo (RoleInfo.java:shutdownFollowerState(121)) - 1f9ce788-27f8-4fe6-818b-71130e2aa710: shutdown FollowerState
2019-08-29 10:01:05,647 [main] INFO  impl.StateMachineUpdater (StateMachineUpdater.java:stopAndJoin(115)) - StateMachineUpdater:1f9ce788-27f8-4fe6-818b-71130e2aa710:group-AC766320D942: set stopIndex = 6
2019-08-29 10:01:05,647 [Thread-5153] INFO  impl.FollowerState (FollowerState.java:run(114)) - 1f9ce788-27f8-4fe6-818b-71130e2aa710: FollowerState was interrupted: java.lang.InterruptedException: sleep interrupted
2019-08-29 10:01:05,647 [StateMachineUpdater:1f9ce788-27f8-4fe6-818b-71130e2aa710:group-AC766320D942] INFO  ratis.ContainerStateMachine (ContainerStateMachine.java:takeSnapshot(283)) - group-AC766320D942: Taking a snapshot at:(t:1, i:4) file /workdir/hadoop-ozone/integration-test/target/test-dir/MiniOzoneClusterImpl-f14b1e95-ba00-4e6c-8692-7616f74434d5/datanode-4/data/ratis/2e3fccb6-da16-4be4-afb9-ac766320d942/sm/snapshot.1_4
2019-08-29 10:01:05,677 [StateMachineUpdater:1f9ce788-27f8-4fe6-818b-71130e2aa710:group-AC766320D942] INFO  ratis.ContainerStateMachine (ContainerStateMachine.java:takeSnapshot(294)) - group-AC766320D942: Finished taking a snapshot at:(t:1, i:4) file:/workdir/hadoop-ozone/integration-test/target/test-dir/MiniOzoneClusterImpl-f14b1e95-ba00-4e6c-8692-7616f74434d5/datanode-4/data/ratis/2e3fccb6-da16-4be4-afb9-ac766320d942/sm/snapshot.1_4 time:30
2019-08-29 10:01:05,677 [StateMachineUpdater:1f9ce788-27f8-4fe6-818b-71130e2aa710:group-AC766320D942] INFO  impl.StateMachineUpdater (StateMachineUpdater.java:takeSnapshot(242)) - StateMachineUpdater:1f9ce788-27f8-4fe6-818b-71130e2aa710:group-AC766320D942: Took a snapshot at index 4
2019-08-29 10:01:05,677 [StateMachineUpdater:5b8556db-8e30-4259-bb17-5eca36377ad0:group-DDC327439CFC] INFO  ratis.ContainerStateMachine (ContainerStateMachine.java:takeSnapshot(294)) - group-DDC327439CFC: Finished taking a snapshot at:(t:2, i:14) file:/workdir/hadoop-ozone/integration-test/target/test-dir/MiniOzoneClusterImpl-f14b1e95-ba00-4e6c-8692-7616f74434d5/datanode-1/data/ratis/d1c443aa-df5a-459a-b552-ddc327439cfc/sm/snapshot.2_14 time:40
2019-08-29 10:01:05,677 [StateMachineUpdater:1f9ce788-27f8-4fe6-818b-71130e2aa710:group-AC766320D942] INFO  impl.StateMachineUpdater (StateMachineUpdater.java:lambda$new$0(80)) - StateMachineUpdater:1f9ce788-27f8-4fe6-818b-71130e2aa710:group-AC766320D942: snapshotIndex: updateIncreasingly -1 -> 4
2019-08-29 10:01:05,677 [StateMachineUpdater:5b8556db-8e30-4259-bb17-5eca36377ad0:group-DDC327439CFC] INFO  impl.StateMachineUpdater (StateMachineUpdater.java:takeSnapshot(242)) - StateMachineUpdater:5b8556db-8e30-4259-bb17-5eca36377ad0:group-DDC327439CFC: Took a snapshot at index 14
2019-08-29 10:01:05,677 [StateMachineUpdater:5b8556db-8e30-4259-bb17-5eca36377ad0:group-DDC327439CFC] INFO  impl.StateMachineUpdater (StateMachineUpdater.java:lambda$new$0(80)) - StateMachineUpdater:5b8556db-8e30-4259-bb17-5eca36377ad0:group-DDC327439CFC: snapshotIndex: updateIncreasingly -1 -> 14
2019-08-29 10:01:05,677 [main] INFO  impl.RaftServerImpl (ServerState.java:close(394)) - 1f9ce788-27f8-4fe6-818b-71130e2aa710:group-AC766320D942 closes. The last applied log index is 6
2019-08-29 10:01:05,678 [ForkJoinPool.commonPool-worker-0] INFO  impl.RaftServerImpl (ServerState.java:close(394)) - 5b8556db-8e30-4259-bb17-5eca36377ad0:group-DDC327439CFC closes. The last applied log index is 14
2019-08-29 10:01:05,678 [1f9ce788-27f8-4fe6-818b-71130e2aa710-SegmentedRaftLogWorker:Storage Directory /workdir/hadoop-ozone/integration-test/target/test-dir/MiniOzoneClusterImpl-f14b1e95-ba00-4e6c-8692-7616f74434d5/datanode-4/data/ratis/2e3fccb6-da16-4be4-afb9-ac766320d942] INFO  segmented.SegmentedRaftLogWorker (SegmentedRaftLogWorker.java:run(313)) - 1f9ce788-27f8-4fe6-818b-71130e2aa710-SegmentedRaftLogWorker:Storage Directory /workdir/hadoop-ozone/integration-test/target/test-dir/MiniOzoneClusterImpl-f14b1e95-ba00-4e6c-8692-7616f74434d5/datanode-4/data/ratis/2e3fccb6-da16-4be4-afb9-ac766320d942 was interrupted, exiting. There are 0 tasks remaining in the queue.
2019-08-29 10:01:05,678 [5b8556db-8e30-4259-bb17-5eca36377ad0-SegmentedRaftLogWorker:Storage Directory /workdir/hadoop-ozone/integration-test/target/test-dir/MiniOzoneClusterImpl-f14b1e95-ba00-4e6c-8692-7616f74434d5/datanode-1/data/ratis/d1c443aa-df5a-459a-b552-ddc327439cfc] INFO  segmented.SegmentedRaftLogWorker (SegmentedRaftLogWorker.java:run(313)) - 5b8556db-8e30-4259-bb17-5eca36377ad0-SegmentedRaftLogWorker:Storage Directory /workdir/hadoop-ozone/integration-test/target/test-dir/MiniOzoneClusterImpl-f14b1e95-ba00-4e6c-8692-7616f74434d5/datanode-1/data/ratis/d1c443aa-df5a-459a-b552-ddc327439cfc was interrupted, exiting. There are 0 tasks remaining in the queue.
2019-08-29 10:01:05,681 [main] INFO  segmented.SegmentedRaftLogWorker (SegmentedRaftLogWorker.java:close(228)) - 1f9ce788-27f8-4fe6-818b-71130e2aa710-SegmentedRaftLogWorker:Storage Directory /workdir/hadoop-ozone/integration-test/target/test-dir/MiniOzoneClusterImpl-f14b1e95-ba00-4e6c-8692-7616f74434d5/datanode-4/data/ratis/2e3fccb6-da16-4be4-afb9-ac766320d942 close()
2019-08-29 10:01:05,683 [ForkJoinPool.commonPool-worker-0] INFO  segmented.SegmentedRaftLogWorker (SegmentedRaftLogWorker.java:close(228)) - 5b8556db-8e30-4259-bb17-5eca36377ad0-SegmentedRaftLogWorker:Storage Directory /workdir/hadoop-ozone/integration-test/target/test-dir/MiniOzoneClusterImpl-f14b1e95-ba00-4e6c-8692-7616f74434d5/datanode-1/data/ratis/d1c443aa-df5a-459a-b552-ddc327439cfc close()
2019-08-29 10:01:05,687 [main] INFO  server.GrpcService (GrpcService.java:closeImpl(155)) - 1f9ce788-27f8-4fe6-818b-71130e2aa710: shutdown server with port 43656 now
2019-08-29 10:01:05,690 [ForkJoinPool.commonPool-worker-0] INFO  impl.RaftServerImpl (RaftServerImpl.java:lambda$shutdown$3(245)) - 5b8556db-8e30-4259-bb17-5eca36377ad0: shutdown group-12D2B0664596
2019-08-29 10:01:05,691 [ForkJoinPool.commonPool-worker-0] INFO  util.JmxRegister (JmxRegister.java:unregister(73)) - Successfully un-registered JMX Bean with object name Ratis:service=RaftServer,group=group-12D2B0664596,id=5b8556db-8e30-4259-bb17-5eca36377ad0
2019-08-29 10:01:05,691 [main] INFO  server.GrpcService (GrpcService.java:closeImpl(163)) - 1f9ce788-27f8-4fe6-818b-71130e2aa710: shutdown server with port 43656 successfully
2019-08-29 10:01:05,691 [grpc-default-executor-6] WARN  server.GrpcServerProtocolService (LogUtils.java:warn(134)) - 1f9ce788-27f8-4fe6-818b-71130e2aa710: appendEntries onError: org.apache.ratis.thirdparty.io.grpc.StatusRuntimeException: CANCELLED: cancelled before receiving half close
2019-08-29 10:01:05,691 [grpc-default-executor-4] WARN  server.GrpcLogAppender (LogUtils.java:warn(134)) - a82d0560-fbbd-4e02-943e-0d91b09290d4->1f9ce788-27f8-4fe6-818b-71130e2aa710: Failed appendEntries: org.apache.ratis.thirdparty.io.grpc.StatusRuntimeException: CANCELLED: HTTP/2 error code: CANCEL
Received Rst Stream
2019-08-29 10:01:05,691 [ForkJoinPool.commonPool-worker-0] INFO  impl.RoleInfo (RoleInfo.java:shutdownLeaderState(104)) - 5b8556db-8e30-4259-bb17-5eca36377ad0: shutdown LeaderState
2019-08-29 10:01:05,692 [grpc-default-executor-4] INFO  impl.FollowerInfo (FollowerInfo.java:lambda$new$0(50)) - a82d0560-fbbd-4e02-943e-0d91b09290d4->1f9ce788-27f8-4fe6-818b-71130e2aa710: nextIndex: updateUnconditionally 7 -> 6
2019-08-29 10:01:05,692 [ForkJoinPool.commonPool-worker-0] INFO  impl.PendingRequests (PendingRequests.java:sendNotLeaderResponses(202)) - 5b8556db-8e30-4259-bb17-5eca36377ad0-PendingRequests: sendNotLeaderResponses
2019-08-29 10:01:05,693 [ForkJoinPool.commonPool-worker-0] INFO  impl.StateMachineUpdater (StateMachineUpdater.java:stopAndJoin(115)) - StateMachineUpdater:5b8556db-8e30-4259-bb17-5eca36377ad0:group-12D2B0664596: set stopIndex = 0
2019-08-29 10:01:05,693 [ForkJoinPool.commonPool-worker-0] INFO  impl.RaftServerImpl (ServerState.java:close(394)) - 5b8556db-8e30-4259-bb17-5eca36377ad0:group-12D2B0664596 closes. The last applied log index is 0
2019-08-29 10:01:05,693 [main] INFO  utils.BackgroundService (BackgroundService.java:shutdown(148)) - Shutting down service BlockDeletingService
2019-08-29 10:01:05,694 [5b8556db-8e30-4259-bb17-5eca36377ad0-SegmentedRaftLogWorker:Storage Directory /workdir/hadoop-ozone/integration-test/target/test-dir/MiniOzoneClusterImpl-f14b1e95-ba00-4e6c-8692-7616f74434d5/datanode-1/data/ratis/dc9eb39a-e4cf-4cd4-afc3-12d2b0664596] INFO  segmented.SegmentedRaftLogWorker (SegmentedRaftLogWorker.java:run(313)) - 5b8556db-8e30-4259-bb17-5eca36377ad0-SegmentedRaftLogWorker:Storage Directory /workdir/hadoop-ozone/integration-test/target/test-dir/MiniOzoneClusterImpl-f14b1e95-ba00-4e6c-8692-7616f74434d5/datanode-1/data/ratis/dc9eb39a-e4cf-4cd4-afc3-12d2b0664596 was interrupted, exiting. There are 0 tasks remaining in the queue.
2019-08-29 10:01:05,697 [ForkJoinPool.commonPool-worker-0] INFO  segmented.SegmentedRaftLogWorker (SegmentedRaftLogWorker.java:close(228)) - 5b8556db-8e30-4259-bb17-5eca36377ad0-SegmentedRaftLogWorker:Storage Directory /workdir/hadoop-ozone/integration-test/target/test-dir/MiniOzoneClusterImpl-f14b1e95-ba00-4e6c-8692-7616f74434d5/datanode-1/data/ratis/dc9eb39a-e4cf-4cd4-afc3-12d2b0664596 close()
2019-08-29 10:01:05,702 [ForkJoinPool.commonPool-worker-0] INFO  server.GrpcService (GrpcService.java:closeImpl(155)) - 5b8556db-8e30-4259-bb17-5eca36377ad0: shutdown server with port 35544 now
2019-08-29 10:01:05,702 [refreshUsed-/workdir/hadoop-ozone/integration-test/target/test-dir/MiniOzoneClusterImpl-f14b1e95-ba00-4e6c-8692-7616f74434d5/datanode-4/data/containers] WARN  fs.CachingGetSpaceUsed (CachingGetSpaceUsed.java:run(183)) - Thread Interrupted waiting to refresh disk information: sleep interrupted
2019-08-29 10:01:05,703 [grpc-default-executor-4] WARN  client.GrpcClientProtocolService (LogUtils.java:warn(134)) - 3-UnorderedRequestStreamObserver3: onError: org.apache.ratis.thirdparty.io.grpc.StatusRuntimeException: CANCELLED: cancelled before receiving half close
2019-08-29 10:01:05,703 [ForkJoinPool.commonPool-worker-0] INFO  server.GrpcService (GrpcService.java:closeImpl(163)) - 5b8556db-8e30-4259-bb17-5eca36377ad0: shutdown server with port 35544 successfully
2019-08-29 10:01:05,705 [ForkJoinPool.commonPool-worker-0] INFO  utils.BackgroundService (BackgroundService.java:shutdown(148)) - Shutting down service BlockDeletingService
2019-08-29 10:01:05,706 [refreshUsed-/workdir/hadoop-ozone/integration-test/target/test-dir/MiniOzoneClusterImpl-f14b1e95-ba00-4e6c-8692-7616f74434d5/datanode-1/data/containers] WARN  fs.CachingGetSpaceUsed (CachingGetSpaceUsed.java:run(183)) - Thread Interrupted waiting to refresh disk information: sleep interrupted
2019-08-29 10:01:05,737 [main] INFO  statemachine.DatanodeStateMachine (DatanodeStateMachine.java:stopDaemon(395)) - Ozone container server stopped.
2019-08-29 10:01:05,737 [ForkJoinPool.commonPool-worker-0] INFO  statemachine.DatanodeStateMachine (DatanodeStateMachine.java:stopDaemon(395)) - Ozone container server stopped.
2019-08-29 10:01:05,742 [main] INFO  handler.ContextHandler (ContextHandler.java:doStop(910)) - Stopped o.e.j.w.WebAppContext@af913dc{/,null,UNAVAILABLE}{/hddsDatanode}
2019-08-29 10:01:05,744 [ForkJoinPool.commonPool-worker-0] INFO  handler.ContextHandler (ContextHandler.java:doStop(910)) - Stopped o.e.j.w.WebAppContext@59cfabaf{/,null,UNAVAILABLE}{/hddsDatanode}
2019-08-29 10:01:05,744 [main] INFO  server.AbstractConnector (AbstractConnector.java:doStop(318)) - Stopped ServerConnector@bdc2f96{HTTP/1.1,[http/1.1]}{0.0.0.0:0}
2019-08-29 10:01:05,745 [ForkJoinPool.commonPool-worker-0] INFO  server.AbstractConnector (AbstractConnector.java:doStop(318)) - Stopped ServerConnector@174bbe8e{HTTP/1.1,[http/1.1]}{0.0.0.0:0}
2019-08-29 10:01:05,745 [main] INFO  handler.ContextHandler (ContextHandler.java:doStop(910)) - Stopped o.e.j.s.ServletContextHandler@26499067{/static,jar:file:/home/user/.m2/repository/org/apache/hadoop/hadoop-hdds-container-service/0.5.0-SNAPSHOT/hadoop-hdds-container-service-0.5.0-SNAPSHOT.jar!/webapps/static,UNAVAILABLE}
2019-08-29 10:01:05,747 [ForkJoinPool.commonPool-worker-0] INFO  handler.ContextHandler (ContextHandler.java:doStop(910)) - Stopped o.e.j.s.ServletContextHandler@7188bd49{/static,jar:file:/home/user/.m2/repository/org/apache/hadoop/hadoop-hdds-container-service/0.5.0-SNAPSHOT/hadoop-hdds-container-service-0.5.0-SNAPSHOT.jar!/webapps/static,UNAVAILABLE}
2019-08-29 10:01:05,747 [main] INFO  handler.ContextHandler (ContextHandler.java:doStop(910)) - Stopped o.e.j.s.ServletContextHandler@6aef33f6{/logs,file:///workdir/hadoop-ozone/integration-test/target/log,UNAVAILABLE}
2019-08-29 10:01:05,749 [ForkJoinPool.commonPool-worker-0] INFO  handler.ContextHandler (ContextHandler.java:doStop(910)) - Stopped o.e.j.s.ServletContextHandler@44808c29{/logs,file:///workdir/hadoop-ozone/integration-test/target/log,UNAVAILABLE}
2019-08-29 10:01:05,750 [main] INFO  datanode.ObjectStoreHandler (ObjectStoreHandler.java:close(155)) - Closing ObjectStoreHandler.
2019-08-29 10:01:05,750 [ForkJoinPool.commonPool-worker-0] INFO  datanode.ObjectStoreHandler (ObjectStoreHandler.java:close(155)) - Closing ObjectStoreHandler.
2019-08-29 10:01:05,751 [main] INFO  ozone.HddsDatanodeService (HddsDatanodeService.java:stop(451)) - Stopped plug-in org.apache.hadoop.ozone.web.OzoneHddsDatanodeService@7e6c990f
2019-08-29 10:01:05,751 [ForkJoinPool.commonPool-worker-0] INFO  ozone.HddsDatanodeService (HddsDatanodeService.java:stop(451)) - Stopped plug-in org.apache.hadoop.ozone.web.OzoneHddsDatanodeService@57e9dd1f
2019-08-29 10:01:06,105 | INFO  | SCMAudit | user=jenkins1000 | ip=192.168.36.71 | op=SEND_HEARTBEAT {datanodeUUID=c4b7c157-a592-42f1-8daa-93be55f8212b, command=[commandType: closeContainerCommand closeContainerCommandProto { containerID: 2 pipelineID { id: "d1c443aa-df5a-459a-b552-ddc327439cfc" } cmdId: 2 force: false } ]} | ret=SUCCESS |  
2019-08-29 10:01:06,119 [Datanode State Machine Thread - 0] INFO  statemachine.DatanodeStateMachine (DatanodeStateMachine.java:lambda$startDaemon$0(350)) - Ozone container server started.
2019-08-29 10:01:06,343 | INFO  | SCMAudit | user=jenkins1000 | ip=192.168.36.71 | op=SEND_HEARTBEAT {datanodeUUID=3a5d5b16-15dc-4940-b3a3-401ea9a94175, command=[]} | ret=SUCCESS |  
2019-08-29 10:01:06,425 | INFO  | SCMAudit | user=jenkins1000 | ip=192.168.36.71 | op=SEND_HEARTBEAT {datanodeUUID=a82d0560-fbbd-4e02-943e-0d91b09290d4, command=[commandType: closeContainerCommand closeContainerCommandProto { containerID: 3 pipelineID { id: "2e3fccb6-da16-4be4-afb9-ac766320d942" } cmdId: 3 force: false } ]} | ret=SUCCESS |  
2019-08-29 10:01:06,442 [Datanode State Machine Thread - 0] INFO  statemachine.DatanodeStateMachine (DatanodeStateMachine.java:lambda$startDaemon$0(350)) - Ozone container server started.
2019-08-29 10:01:07,104 | INFO  | SCMAudit | user=jenkins1000 | ip=192.168.36.71 | op=SEND_HEARTBEAT {datanodeUUID=c4b7c157-a592-42f1-8daa-93be55f8212b, command=[]} | ret=SUCCESS |  
2019-08-29 10:01:07,343 | INFO  | SCMAudit | user=jenkins1000 | ip=192.168.36.71 | op=SEND_HEARTBEAT {datanodeUUID=3a5d5b16-15dc-4940-b3a3-401ea9a94175, command=[]} | ret=SUCCESS |  
2019-08-29 10:01:07,426 | INFO  | SCMAudit | user=jenkins1000 | ip=192.168.36.71 | op=SEND_HEARTBEAT {datanodeUUID=a82d0560-fbbd-4e02-943e-0d91b09290d4, command=[]} | ret=SUCCESS |  
2019-08-29 10:01:08,023 [grpc-default-executor-6] WARN  server.GrpcLogAppender (LogUtils.java:warn(134)) - a82d0560-fbbd-4e02-943e-0d91b09290d4->1f9ce788-27f8-4fe6-818b-71130e2aa710: Failed appendEntries: org.apache.ratis.thirdparty.io.grpc.StatusRuntimeException: UNAVAILABLE: io exception
2019-08-29 10:01:08,024 [grpc-default-executor-6] INFO  impl.FollowerInfo (FollowerInfo.java:lambda$new$0(50)) - a82d0560-fbbd-4e02-943e-0d91b09290d4->1f9ce788-27f8-4fe6-818b-71130e2aa710: nextIndex: updateUnconditionally 6 -> 5
2019-08-29 10:01:08,104 | INFO  | SCMAudit | user=jenkins1000 | ip=192.168.36.71 | op=SEND_HEARTBEAT {datanodeUUID=c4b7c157-a592-42f1-8daa-93be55f8212b, command=[]} | ret=SUCCESS |  
2019-08-29 10:01:08,143 | INFO  | SCMAudit | user=jenkins1000 | ip=192.168.36.71 | op=SEND_HEARTBEAT {datanodeUUID=c4b7c157-a592-42f1-8daa-93be55f8212b, command=[]} | ret=SUCCESS |  
2019-08-29 10:01:08,343 | INFO  | SCMAudit | user=jenkins1000 | ip=192.168.36.71 | op=SEND_HEARTBEAT {datanodeUUID=3a5d5b16-15dc-4940-b3a3-401ea9a94175, command=[]} | ret=SUCCESS |  
2019-08-29 10:01:08,426 | INFO  | SCMAudit | user=jenkins1000 | ip=192.168.36.71 | op=SEND_HEARTBEAT {datanodeUUID=a82d0560-fbbd-4e02-943e-0d91b09290d4, command=[]} | ret=SUCCESS |  
2019-08-29 10:01:08,467 | INFO  | SCMAudit | user=jenkins1000 | ip=192.168.36.71 | op=SEND_HEARTBEAT {datanodeUUID=a82d0560-fbbd-4e02-943e-0d91b09290d4, command=[]} | ret=SUCCESS |  
2019-08-29 10:01:08,468 [grpc-default-executor-4] WARN  server.GrpcLogAppender (LogUtils.java:warn(134)) - a82d0560-fbbd-4e02-943e-0d91b09290d4->1f9ce788-27f8-4fe6-818b-71130e2aa710: Failed appendEntries: org.apache.ratis.thirdparty.io.grpc.StatusRuntimeException: UNAVAILABLE: io exception
2019-08-29 10:01:08,469 [grpc-default-executor-4] INFO  impl.FollowerInfo (FollowerInfo.java:lambda$new$0(50)) - a82d0560-fbbd-4e02-943e-0d91b09290d4->1f9ce788-27f8-4fe6-818b-71130e2aa710: nextIndex: updateUnconditionally 6 -> 5
2019-08-29 10:01:08,482 [grpc-default-executor-6] WARN  server.GrpcLogAppender (LogUtils.java:warn(134)) - a82d0560-fbbd-4e02-943e-0d91b09290d4->1f9ce788-27f8-4fe6-818b-71130e2aa710: Failed appendEntries: org.apache.ratis.thirdparty.io.grpc.StatusRuntimeException: UNAVAILABLE: io exception
2019-08-29 10:01:08,483 [grpc-default-executor-6] INFO  impl.FollowerInfo (FollowerInfo.java:lambda$new$0(50)) - a82d0560-fbbd-4e02-943e-0d91b09290d4->1f9ce788-27f8-4fe6-818b-71130e2aa710: nextIndex: updateUnconditionally 6 -> 5
2019-08-29 10:01:08,487 [grpc-default-executor-7] WARN  server.GrpcLogAppender (LogUtils.java:warn(134)) - a82d0560-fbbd-4e02-943e-0d91b09290d4->1f9ce788-27f8-4fe6-818b-71130e2aa710: Failed appendEntries: org.apache.ratis.thirdparty.io.grpc.StatusRuntimeException: UNAVAILABLE: io exception
2019-08-29 10:01:08,487 [grpc-default-executor-7] INFO  impl.FollowerInfo (FollowerInfo.java:lambda$new$0(50)) - a82d0560-fbbd-4e02-943e-0d91b09290d4->1f9ce788-27f8-4fe6-818b-71130e2aa710: nextIndex: updateUnconditionally 6 -> 5
2019-08-29 10:01:08,594 [RatisApplyTransactionExecutor 3] INFO  interfaces.Container (KeyValueContainer.java:compactDB(356)) - Container 3 is closed with bcsId 4.
2019-08-29 10:01:08,594 [RatisApplyTransactionExecutor 3] INFO  interfaces.Container (KeyValueContainer.java:compactDB(356)) - Container 3 is closed with bcsId 4.
2019-08-29 10:01:08,595 | INFO  | DNAudit | user=null | ip=null | op=CLOSE_CONTAINER {containerID=3} | ret=SUCCESS |  
2019-08-29 10:01:08,595 | INFO  | DNAudit | user=null | ip=null | op=CLOSE_CONTAINER {containerID=3} | ret=SUCCESS |  
2019-08-29 10:01:08,596 | INFO  | SCMAudit | user=jenkins1000 | ip=192.168.36.71 | op=SEND_HEARTBEAT {datanodeUUID=a82d0560-fbbd-4e02-943e-0d91b09290d4, command=[]} | ret=SUCCESS |  
2019-08-29 10:01:08,596 [EventQueue-IncrementalContainerReportForIncrementalContainerReportHandler] INFO  container.IncrementalContainerReportHandler (AbstractContainerReportHandler.java:updateContainerState(176)) - Moving container #3 to CLOSED state, datanode a82d0560-fbbd-4e02-943e-0d91b09290d4{ip: 192.168.36.71, host: pr-hdds-2030-kknj5-1067311611, networkLocation: /default-rack, certSerialId: null} reported CLOSED replica.
2019-08-29 10:01:09,143 | INFO  | SCMAudit | user=jenkins1000 | ip=192.168.36.71 | op=SEND_HEARTBEAT {datanodeUUID=c4b7c157-a592-42f1-8daa-93be55f8212b, command=[]} | ret=SUCCESS |  
2019-08-29 10:01:09,343 | INFO  | SCMAudit | user=jenkins1000 | ip=192.168.36.71 | op=SEND_HEARTBEAT {datanodeUUID=3a5d5b16-15dc-4940-b3a3-401ea9a94175, command=[]} | ret=SUCCESS |  
2019-08-29 10:01:09,596 | INFO  | SCMAudit | user=jenkins1000 | ip=192.168.36.71 | op=SEND_HEARTBEAT {datanodeUUID=a82d0560-fbbd-4e02-943e-0d91b09290d4, command=[]} | ret=SUCCESS |  
2019-08-29 10:01:09,735 [Thread-5198] INFO  impl.FollowerState (FollowerState.java:run(106)) - 0764962b-5f15-464e-b468-a2e0db5340b9:group-DDC327439CFC changes to CANDIDATE, lastRpcTime:6571, electionTimeout:5036ms
2019-08-29 10:01:09,735 [Thread-5198] INFO  impl.RoleInfo (RoleInfo.java:shutdownFollowerState(121)) - 0764962b-5f15-464e-b468-a2e0db5340b9: shutdown FollowerState
2019-08-29 10:01:09,735 [Thread-5198] INFO  impl.RaftServerImpl (RaftServerImpl.java:setRole(171)) - 0764962b-5f15-464e-b468-a2e0db5340b9:group-DDC327439CFC changes role from FOLLOWER to CANDIDATE at term 2 for changeToCandidate
2019-08-29 10:01:09,735 [Thread-5198] INFO  impl.RoleInfo (RoleInfo.java:updateAndGet(143)) - 0764962b-5f15-464e-b468-a2e0db5340b9: start LeaderElection
2019-08-29 10:01:09,735 [0764962b-5f15-464e-b468-a2e0db5340b9:group-DDC327439CFC:LeaderElection116] INFO  impl.RaftServerImpl (ServerState.java:setLeader(263)) - 0764962b-5f15-464e-b468-a2e0db5340b9:group-DDC327439CFC change Leader from 5b8556db-8e30-4259-bb17-5eca36377ad0 to null at term 2 for initElection
2019-08-29 10:01:09,751 [0764962b-5f15-464e-b468-a2e0db5340b9:group-DDC327439CFC:LeaderElection116] INFO  impl.LeaderElection (LeaderElection.java:askForVotes(181)) - 0764962b-5f15-464e-b468-a2e0db5340b9:group-DDC327439CFC:LeaderElection116: begin an election at term 3 for 0: [c4b7c157-a592-42f1-8daa-93be55f8212b:192.168.36.71:43957, 0764962b-5f15-464e-b468-a2e0db5340b9:192.168.36.71:43491, 5b8556db-8e30-4259-bb17-5eca36377ad0:192.168.36.71:35544], old=null
2019-08-29 10:01:09,753 [0764962b-5f15-464e-b468-a2e0db5340b9:group-DDC327439CFC:LeaderElection116] INFO  impl.LeaderElection (LogUtils.java:infoOrTrace(149)) - 0764962b-5f15-464e-b468-a2e0db5340b9:group-DDC327439CFC:LeaderElection116 got exception when requesting votes: {}
java.util.concurrent.ExecutionException: org.apache.ratis.thirdparty.io.grpc.StatusRuntimeException: UNAVAILABLE: io exception
	at java.util.concurrent.FutureTask.report(FutureTask.java:122)
	at java.util.concurrent.FutureTask.get(FutureTask.java:192)
	at org.apache.ratis.server.impl.LeaderElection.waitForResults(LeaderElection.java:262)
	at org.apache.ratis.server.impl.LeaderElection.askForVotes(LeaderElection.java:200)
	at org.apache.ratis.server.impl.LeaderElection.run(LeaderElection.java:130)
	at java.lang.Thread.run(Thread.java:748)
Caused by: org.apache.ratis.thirdparty.io.grpc.StatusRuntimeException: UNAVAILABLE: io exception
	at org.apache.ratis.thirdparty.io.grpc.stub.ClientCalls.toStatusRuntimeException(ClientCalls.java:233)
	at org.apache.ratis.thirdparty.io.grpc.stub.ClientCalls.getUnchecked(ClientCalls.java:214)
	at org.apache.ratis.thirdparty.io.grpc.stub.ClientCalls.blockingUnaryCall(ClientCalls.java:139)
	at org.apache.ratis.proto.grpc.RaftServerProtocolServiceGrpc$RaftServerProtocolServiceBlockingStub.requestVote(RaftServerProtocolServiceGrpc.java:265)
	at org.apache.ratis.grpc.server.GrpcServerProtocolClient.requestVote(GrpcServerProtocolClient.java:83)
	at org.apache.ratis.grpc.server.GrpcService.requestVote(GrpcService.java:195)
	at org.apache.ratis.server.impl.LeaderElection.lambda$submitRequests$1(LeaderElection.java:237)
	at java.util.concurrent.FutureTask.run(FutureTask.java:266)
	at java.util.concurrent.Executors$RunnableAdapter.call(Executors.java:511)
	at java.util.concurrent.FutureTask.run(FutureTask.java:266)
	at java.util.concurrent.ThreadPoolExecutor.runWorker(ThreadPoolExecutor.java:1149)
	at java.util.concurrent.ThreadPoolExecutor$Worker.run(ThreadPoolExecutor.java:624)
	... 1 more
Caused by: org.apache.ratis.thirdparty.io.netty.channel.AbstractChannel$AnnotatedConnectException: Connection refused: /192.168.36.71:35544
	at sun.nio.ch.SocketChannelImpl.checkConnect(Native Method)
	at sun.nio.ch.SocketChannelImpl.finishConnect(SocketChannelImpl.java:717)
	at org.apache.ratis.thirdparty.io.netty.channel.socket.nio.NioSocketChannel.doFinishConnect(NioSocketChannel.java:327)
	at org.apache.ratis.thirdparty.io.netty.channel.nio.AbstractNioChannel$AbstractNioUnsafe.finishConnect(AbstractNioChannel.java:340)
	at org.apache.ratis.thirdparty.io.netty.channel.nio.NioEventLoop.processSelectedKey(NioEventLoop.java:632)
	at org.apache.ratis.thirdparty.io.netty.channel.nio.NioEventLoop.processSelectedKeysOptimized(NioEventLoop.java:579)
	at org.apache.ratis.thirdparty.io.netty.channel.nio.NioEventLoop.processSelectedKeys(NioEventLoop.java:496)
	at org.apache.ratis.thirdparty.io.netty.channel.nio.NioEventLoop.run(NioEventLoop.java:458)
	at org.apache.ratis.thirdparty.io.netty.util.concurrent.SingleThreadEventExecutor$5.run(SingleThreadEventExecutor.java:897)
	at org.apache.ratis.thirdparty.io.netty.util.concurrent.FastThreadLocalRunnable.run(FastThreadLocalRunnable.java:30)
	... 1 more
Caused by: java.net.ConnectException: Connection refused
	... 11 more
2019-08-29 10:01:09,753 [grpc-default-executor-7] INFO  impl.RaftServerImpl (ServerState.java:setLeader(263)) - c4b7c157-a592-42f1-8daa-93be55f8212b:group-DDC327439CFC change Leader from 5b8556db-8e30-4259-bb17-5eca36377ad0 to null at term 3 for updateCurrentTerm
2019-08-29 10:01:09,757 [grpc-default-executor-7] INFO  impl.RaftServerImpl (RaftServerImpl.java:setRole(171)) - c4b7c157-a592-42f1-8daa-93be55f8212b:group-DDC327439CFC changes role from FOLLOWER to FOLLOWER at term 3 for recognizeCandidate:0764962b-5f15-464e-b468-a2e0db5340b9
2019-08-29 10:01:09,757 [grpc-default-executor-7] INFO  impl.RoleInfo (RoleInfo.java:shutdownFollowerState(121)) - c4b7c157-a592-42f1-8daa-93be55f8212b: shutdown FollowerState
2019-08-29 10:01:09,757 [grpc-default-executor-7] INFO  impl.RoleInfo (RoleInfo.java:updateAndGet(143)) - c4b7c157-a592-42f1-8daa-93be55f8212b: start FollowerState
2019-08-29 10:01:09,757 [Thread-5201] INFO  impl.FollowerState (FollowerState.java:run(114)) - c4b7c157-a592-42f1-8daa-93be55f8212b: FollowerState was interrupted: java.lang.InterruptedException: sleep interrupted
2019-08-29 10:01:09,771 [0764962b-5f15-464e-b468-a2e0db5340b9:group-DDC327439CFC:LeaderElection116] INFO  impl.LeaderElection (LeaderElection.java:logAndReturn(56)) - 0764962b-5f15-464e-b468-a2e0db5340b9:group-DDC327439CFC:LeaderElection116: Election PASSED; received 1 response(s) [0764962b-5f15-464e-b468-a2e0db5340b9<-c4b7c157-a592-42f1-8daa-93be55f8212b#0:OK-t3] and 1 exception(s); 0764962b-5f15-464e-b468-a2e0db5340b9:t3, leader=null, voted=0764962b-5f15-464e-b468-a2e0db5340b9, raftlog=0764962b-5f15-464e-b468-a2e0db5340b9-SegmentedRaftLog:OPENED:c14,f14,i14, conf=0: [c4b7c157-a592-42f1-8daa-93be55f8212b:192.168.36.71:43957, 0764962b-5f15-464e-b468-a2e0db5340b9:192.168.36.71:43491, 5b8556db-8e30-4259-bb17-5eca36377ad0:192.168.36.71:35544], old=null
2019-08-29 10:01:09,771 [0764962b-5f15-464e-b468-a2e0db5340b9:group-DDC327439CFC:LeaderElection116] INFO  impl.LeaderElection (LogUtils.java:infoOrTrace(149)) -   Exception 0: {}
java.util.concurrent.ExecutionException: org.apache.ratis.thirdparty.io.grpc.StatusRuntimeException: UNAVAILABLE: io exception
	at java.util.concurrent.FutureTask.report(FutureTask.java:122)
	at java.util.concurrent.FutureTask.get(FutureTask.java:192)
	at org.apache.ratis.server.impl.LeaderElection.waitForResults(LeaderElection.java:262)
	at org.apache.ratis.server.impl.LeaderElection.askForVotes(LeaderElection.java:200)
	at org.apache.ratis.server.impl.LeaderElection.run(LeaderElection.java:130)
	at java.lang.Thread.run(Thread.java:748)
Caused by: org.apache.ratis.thirdparty.io.grpc.StatusRuntimeException: UNAVAILABLE: io exception
	at org.apache.ratis.thirdparty.io.grpc.stub.ClientCalls.toStatusRuntimeException(ClientCalls.java:233)
	at org.apache.ratis.thirdparty.io.grpc.stub.ClientCalls.getUnchecked(ClientCalls.java:214)
	at org.apache.ratis.thirdparty.io.grpc.stub.ClientCalls.blockingUnaryCall(ClientCalls.java:139)
	at org.apache.ratis.proto.grpc.RaftServerProtocolServiceGrpc$RaftServerProtocolServiceBlockingStub.requestVote(RaftServerProtocolServiceGrpc.java:265)
	at org.apache.ratis.grpc.server.GrpcServerProtocolClient.requestVote(GrpcServerProtocolClient.java:83)
	at org.apache.ratis.grpc.server.GrpcService.requestVote(GrpcService.java:195)
	at org.apache.ratis.server.impl.LeaderElection.lambda$submitRequests$1(LeaderElection.java:237)
	at java.util.concurrent.FutureTask.run(FutureTask.java:266)
	at java.util.concurrent.Executors$RunnableAdapter.call(Executors.java:511)
	at java.util.concurrent.FutureTask.run(FutureTask.java:266)
	at java.util.concurrent.ThreadPoolExecutor.runWorker(ThreadPoolExecutor.java:1149)
	at java.util.concurrent.ThreadPoolExecutor$Worker.run(ThreadPoolExecutor.java:624)
	... 1 more
Caused by: org.apache.ratis.thirdparty.io.netty.channel.AbstractChannel$AnnotatedConnectException: Connection refused: /192.168.36.71:35544
	at sun.nio.ch.SocketChannelImpl.checkConnect(Native Method)
	at sun.nio.ch.SocketChannelImpl.finishConnect(SocketChannelImpl.java:717)
	at org.apache.ratis.thirdparty.io.netty.channel.socket.nio.NioSocketChannel.doFinishConnect(NioSocketChannel.java:327)
	at org.apache.ratis.thirdparty.io.netty.channel.nio.AbstractNioChannel$AbstractNioUnsafe.finishConnect(AbstractNioChannel.java:340)
	at org.apache.ratis.thirdparty.io.netty.channel.nio.NioEventLoop.processSelectedKey(NioEventLoop.java:632)
	at org.apache.ratis.thirdparty.io.netty.channel.nio.NioEventLoop.processSelectedKeysOptimized(NioEventLoop.java:579)
	at org.apache.ratis.thirdparty.io.netty.channel.nio.NioEventLoop.processSelectedKeys(NioEventLoop.java:496)
	at org.apache.ratis.thirdparty.io.netty.channel.nio.NioEventLoop.run(NioEventLoop.java:458)
	at org.apache.ratis.thirdparty.io.netty.util.concurrent.SingleThreadEventExecutor$5.run(SingleThreadEventExecutor.java:897)
	at org.apache.ratis.thirdparty.io.netty.util.concurrent.FastThreadLocalRunnable.run(FastThreadLocalRunnable.java:30)
	... 1 more
Caused by: java.net.ConnectException: Connection refused
	... 11 more
2019-08-29 10:01:09,772 [0764962b-5f15-464e-b468-a2e0db5340b9:group-DDC327439CFC:LeaderElection116] INFO  impl.RoleInfo (RoleInfo.java:shutdownLeaderElection(134)) - 0764962b-5f15-464e-b468-a2e0db5340b9: shutdown LeaderElection
2019-08-29 10:01:09,772 [0764962b-5f15-464e-b468-a2e0db5340b9:group-DDC327439CFC:LeaderElection116] INFO  impl.RaftServerImpl (RaftServerImpl.java:setRole(171)) - 0764962b-5f15-464e-b468-a2e0db5340b9:group-DDC327439CFC changes role from CANDIDATE to LEADER at term 3 for changeToLeader
2019-08-29 10:01:09,772 [0764962b-5f15-464e-b468-a2e0db5340b9:group-DDC327439CFC:LeaderElection116] INFO  impl.RaftServerImpl (ServerState.java:setLeader(263)) - 0764962b-5f15-464e-b468-a2e0db5340b9:group-DDC327439CFC change Leader from null to 0764962b-5f15-464e-b468-a2e0db5340b9 at term 3 for becomeLeader, leader elected after 36ms
2019-08-29 10:01:09,772 [0764962b-5f15-464e-b468-a2e0db5340b9:group-DDC327439CFC:LeaderElection116] INFO  server.RaftServerConfigKeys (ConfUtils.java:logGet(43)) - raft.server.staging.catchup.gap = 1000 (default)
2019-08-29 10:01:09,772 [0764962b-5f15-464e-b468-a2e0db5340b9:group-DDC327439CFC:LeaderElection116] INFO  server.RaftServerConfigKeys (ConfUtils.java:logGet(43)) - raft.server.rpc.sleep.time = 25ms (default)
2019-08-29 10:01:09,773 [0764962b-5f15-464e-b468-a2e0db5340b9:group-DDC327439CFC:LeaderElection116] INFO  server.RaftServerConfigKeys (ConfUtils.java:logGet(43)) - raft.server.write.element-limit = 4096 (default)
2019-08-29 10:01:09,773 [0764962b-5f15-464e-b468-a2e0db5340b9:group-DDC327439CFC:LeaderElection116] INFO  server.RaftServerConfigKeys (ConfUtils.java:logGet(43)) - raft.server.watch.timeout = 10s (default)
2019-08-29 10:01:09,773 [0764962b-5f15-464e-b468-a2e0db5340b9:group-DDC327439CFC:LeaderElection116] INFO  server.RaftServerConfigKeys (ConfUtils.java:logGet(43)) - raft.server.watch.timeout.denomination = 1s (default)
2019-08-29 10:01:09,773 [0764962b-5f15-464e-b468-a2e0db5340b9:group-DDC327439CFC:LeaderElection116] INFO  server.RaftServerConfigKeys (ConfUtils.java:logGet(43)) - raft.server.watch.element-limit = 65536 (default)
2019-08-29 10:01:09,773 [0764962b-5f15-464e-b468-a2e0db5340b9:group-DDC327439CFC:LeaderElection116] INFO  server.RaftServerConfigKeys (ConfUtils.java:logGet(43)) - raft.server.log.appender.snapshot.chunk.size.max = 16MB (=16777216) (default)
2019-08-29 10:01:09,773 [0764962b-5f15-464e-b468-a2e0db5340b9:group-DDC327439CFC:LeaderElection116] INFO  server.RaftServerConfigKeys (ConfUtils.java:logGet(43)) - raft.server.log.appender.buffer.byte-limit = 33554432 (custom)
2019-08-29 10:01:09,774 [0764962b-5f15-464e-b468-a2e0db5340b9:group-DDC327439CFC:LeaderElection116] INFO  server.RaftServerConfigKeys (ConfUtils.java:logGet(43)) - raft.server.log.appender.buffer.element-limit = 1 (custom)
2019-08-29 10:01:09,774 [0764962b-5f15-464e-b468-a2e0db5340b9:group-DDC327439CFC:LeaderElection116] INFO  grpc.GrpcConfigKeys$Server (ConfUtils.java:logGet(43)) - raft.grpc.server.leader.outstanding.appends.max = 128 (default)
2019-08-29 10:01:09,774 [0764962b-5f15-464e-b468-a2e0db5340b9:group-DDC327439CFC:LeaderElection116] INFO  server.RaftServerConfigKeys (ConfUtils.java:logGet(43)) - raft.server.rpc.request.timeout = 3000ms (default)
2019-08-29 10:01:09,774 [0764962b-5f15-464e-b468-a2e0db5340b9:group-DDC327439CFC:LeaderElection116] INFO  server.RaftServerConfigKeys (ConfUtils.java:logGet(43)) - raft.server.log.appender.install.snapshot.enabled = false (custom)
2019-08-29 10:01:09,774 [0764962b-5f15-464e-b468-a2e0db5340b9:group-DDC327439CFC:LeaderElection116] INFO  server.RaftServerConfigKeys (ConfUtils.java:logGet(43)) - raft.server.log.appender.snapshot.chunk.size.max = 16MB (=16777216) (default)
2019-08-29 10:01:09,775 [0764962b-5f15-464e-b468-a2e0db5340b9:group-DDC327439CFC:LeaderElection116] INFO  server.RaftServerConfigKeys (ConfUtils.java:logGet(43)) - raft.server.log.appender.buffer.byte-limit = 33554432 (custom)
2019-08-29 10:01:09,775 [0764962b-5f15-464e-b468-a2e0db5340b9:group-DDC327439CFC:LeaderElection116] INFO  server.RaftServerConfigKeys (ConfUtils.java:logGet(43)) - raft.server.log.appender.buffer.element-limit = 1 (custom)
2019-08-29 10:01:09,775 [0764962b-5f15-464e-b468-a2e0db5340b9:group-DDC327439CFC:LeaderElection116] INFO  grpc.GrpcConfigKeys$Server (ConfUtils.java:logGet(43)) - raft.grpc.server.leader.outstanding.appends.max = 128 (default)
2019-08-29 10:01:09,775 [0764962b-5f15-464e-b468-a2e0db5340b9:group-DDC327439CFC:LeaderElection116] INFO  server.RaftServerConfigKeys (ConfUtils.java:logGet(43)) - raft.server.rpc.request.timeout = 3000ms (default)
2019-08-29 10:01:09,775 [0764962b-5f15-464e-b468-a2e0db5340b9:group-DDC327439CFC:LeaderElection116] INFO  server.RaftServerConfigKeys (ConfUtils.java:logGet(43)) - raft.server.log.appender.install.snapshot.enabled = false (custom)
2019-08-29 10:01:09,775 [0764962b-5f15-464e-b468-a2e0db5340b9:group-DDC327439CFC:LeaderElection116] INFO  impl.RoleInfo (RoleInfo.java:updateAndGet(143)) - 0764962b-5f15-464e-b468-a2e0db5340b9: start LeaderState
2019-08-29 10:01:09,776 [0764962b-5f15-464e-b468-a2e0db5340b9:group-DDC327439CFC:LeaderElection116] INFO  segmented.SegmentedRaftLogWorker (SegmentedRaftLogWorker.java:rollLogSegment(385)) - 0764962b-5f15-464e-b468-a2e0db5340b9-SegmentedRaftLogWorker:Storage Directory /workdir/hadoop-ozone/integration-test/target/test-dir/MiniOzoneClusterImpl-f14b1e95-ba00-4e6c-8692-7616f74434d5/datanode-2/data/ratis/d1c443aa-df5a-459a-b552-ddc327439cfc: Rolling segment log-0_14 to index:14
2019-08-29 10:01:09,778 [0764962b-5f15-464e-b468-a2e0db5340b9:group-DDC327439CFC:LeaderElection116] INFO  impl.RaftServerImpl (ServerState.java:setRaftConf(361)) - 0764962b-5f15-464e-b468-a2e0db5340b9:group-DDC327439CFC set configuration 15: [c4b7c157-a592-42f1-8daa-93be55f8212b:192.168.36.71:43957, 0764962b-5f15-464e-b468-a2e0db5340b9:192.168.36.71:43491, 5b8556db-8e30-4259-bb17-5eca36377ad0:192.168.36.71:35544], old=null at 15
2019-08-29 10:01:09,779 [0764962b-5f15-464e-b468-a2e0db5340b9-SegmentedRaftLogWorker:Storage Directory /workdir/hadoop-ozone/integration-test/target/test-dir/MiniOzoneClusterImpl-f14b1e95-ba00-4e6c-8692-7616f74434d5/datanode-2/data/ratis/d1c443aa-df5a-459a-b552-ddc327439cfc] INFO  segmented.SegmentedRaftLogWorker (SegmentedRaftLogWorker.java:execute(526)) - 0764962b-5f15-464e-b468-a2e0db5340b9-SegmentedRaftLogWorker:Storage Directory /workdir/hadoop-ozone/integration-test/target/test-dir/MiniOzoneClusterImpl-f14b1e95-ba00-4e6c-8692-7616f74434d5/datanode-2/data/ratis/d1c443aa-df5a-459a-b552-ddc327439cfc: Rolled log segment from /workdir/hadoop-ozone/integration-test/target/test-dir/MiniOzoneClusterImpl-f14b1e95-ba00-4e6c-8692-7616f74434d5/datanode-2/data/ratis/d1c443aa-df5a-459a-b552-ddc327439cfc/current/log_inprogress_0 to /workdir/hadoop-ozone/integration-test/target/test-dir/MiniOzoneClusterImpl-f14b1e95-ba00-4e6c-8692-7616f74434d5/datanode-2/data/ratis/d1c443aa-df5a-459a-b552-ddc327439cfc/current/log_0-14
2019-08-29 10:01:09,779 [grpc-default-executor-7] WARN  server.GrpcLogAppender (LogUtils.java:warn(134)) - 0764962b-5f15-464e-b468-a2e0db5340b9->5b8556db-8e30-4259-bb17-5eca36377ad0: Failed appendEntries: org.apache.ratis.thirdparty.io.grpc.StatusRuntimeException: UNAVAILABLE: io exception
2019-08-29 10:01:09,779 [grpc-default-executor-4] INFO  impl.RaftServerImpl (ServerState.java:setLeader(263)) - c4b7c157-a592-42f1-8daa-93be55f8212b:group-DDC327439CFC change Leader from null to 0764962b-5f15-464e-b468-a2e0db5340b9 at term 3 for appendEntries, leader elected after 26ms
2019-08-29 10:01:09,779 [grpc-default-executor-7] INFO  impl.FollowerInfo (FollowerInfo.java:lambda$new$0(50)) - 0764962b-5f15-464e-b468-a2e0db5340b9->5b8556db-8e30-4259-bb17-5eca36377ad0: nextIndex: updateUnconditionally 15 -> 1
2019-08-29 10:01:09,780 [grpc-default-executor-7] INFO  impl.RaftServerImpl (ServerState.java:setRaftConf(361)) - c4b7c157-a592-42f1-8daa-93be55f8212b:group-DDC327439CFC set configuration 15: [c4b7c157-a592-42f1-8daa-93be55f8212b:192.168.36.71:43957, 0764962b-5f15-464e-b468-a2e0db5340b9:192.168.36.71:43491, 5b8556db-8e30-4259-bb17-5eca36377ad0:192.168.36.71:35544], old=null at 15
2019-08-29 10:01:09,781 [grpc-default-executor-7] INFO  segmented.SegmentedRaftLogWorker (SegmentedRaftLogWorker.java:rollLogSegment(385)) - c4b7c157-a592-42f1-8daa-93be55f8212b-SegmentedRaftLogWorker:Storage Directory /workdir/hadoop-ozone/integration-test/target/test-dir/MiniOzoneClusterImpl-f14b1e95-ba00-4e6c-8692-7616f74434d5/datanode-0/data/ratis/d1c443aa-df5a-459a-b552-ddc327439cfc: Rolling segment log-0_14 to index:14
2019-08-29 10:01:09,781 [c4b7c157-a592-42f1-8daa-93be55f8212b-SegmentedRaftLogWorker:Storage Directory /workdir/hadoop-ozone/integration-test/target/test-dir/MiniOzoneClusterImpl-f14b1e95-ba00-4e6c-8692-7616f74434d5/datanode-0/data/ratis/d1c443aa-df5a-459a-b552-ddc327439cfc] INFO  segmented.SegmentedRaftLogWorker (SegmentedRaftLogWorker.java:execute(526)) - c4b7c157-a592-42f1-8daa-93be55f8212b-SegmentedRaftLogWorker:Storage Directory /workdir/hadoop-ozone/integration-test/target/test-dir/MiniOzoneClusterImpl-f14b1e95-ba00-4e6c-8692-7616f74434d5/datanode-0/data/ratis/d1c443aa-df5a-459a-b552-ddc327439cfc: Rolled log segment from /workdir/hadoop-ozone/integration-test/target/test-dir/MiniOzoneClusterImpl-f14b1e95-ba00-4e6c-8692-7616f74434d5/datanode-0/data/ratis/d1c443aa-df5a-459a-b552-ddc327439cfc/current/log_inprogress_0 to /workdir/hadoop-ozone/integration-test/target/test-dir/MiniOzoneClusterImpl-f14b1e95-ba00-4e6c-8692-7616f74434d5/datanode-0/data/ratis/d1c443aa-df5a-459a-b552-ddc327439cfc/current/log_0-14
2019-08-29 10:01:09,826 [c4b7c157-a592-42f1-8daa-93be55f8212b-SegmentedRaftLogWorker:Storage Directory /workdir/hadoop-ozone/integration-test/target/test-dir/MiniOzoneClusterImpl-f14b1e95-ba00-4e6c-8692-7616f74434d5/datanode-0/data/ratis/d1c443aa-df5a-459a-b552-ddc327439cfc] INFO  segmented.SegmentedRaftLogWorker (SegmentedRaftLogWorker.java:execute(569)) - c4b7c157-a592-42f1-8daa-93be55f8212b-SegmentedRaftLogWorker:Storage Directory /workdir/hadoop-ozone/integration-test/target/test-dir/MiniOzoneClusterImpl-f14b1e95-ba00-4e6c-8692-7616f74434d5/datanode-0/data/ratis/d1c443aa-df5a-459a-b552-ddc327439cfc: created new log segment /workdir/hadoop-ozone/integration-test/target/test-dir/MiniOzoneClusterImpl-f14b1e95-ba00-4e6c-8692-7616f74434d5/datanode-0/data/ratis/d1c443aa-df5a-459a-b552-ddc327439cfc/current/log_inprogress_15
2019-08-29 10:01:09,826 [0764962b-5f15-464e-b468-a2e0db5340b9-SegmentedRaftLogWorker:Storage Directory /workdir/hadoop-ozone/integration-test/target/test-dir/MiniOzoneClusterImpl-f14b1e95-ba00-4e6c-8692-7616f74434d5/datanode-2/data/ratis/d1c443aa-df5a-459a-b552-ddc327439cfc] INFO  segmented.SegmentedRaftLogWorker (SegmentedRaftLogWorker.java:execute(569)) - 0764962b-5f15-464e-b468-a2e0db5340b9-SegmentedRaftLogWorker:Storage Directory /workdir/hadoop-ozone/integration-test/target/test-dir/MiniOzoneClusterImpl-f14b1e95-ba00-4e6c-8692-7616f74434d5/datanode-2/data/ratis/d1c443aa-df5a-459a-b552-ddc327439cfc: created new log segment /workdir/hadoop-ozone/integration-test/target/test-dir/MiniOzoneClusterImpl-f14b1e95-ba00-4e6c-8692-7616f74434d5/datanode-2/data/ratis/d1c443aa-df5a-459a-b552-ddc327439cfc/current/log_inprogress_15
2019-08-29 10:01:09,837 | INFO  | DNAudit | user=null | ip=null | op=READ_CHUNK {blockData=conID: 1 locID: 102699686064488471 bcsId: 0} | ret=SUCCESS |  
2019-08-29 10:01:09,839 [grpc-default-executor-6] WARN  server.GrpcLogAppender (LogUtils.java:warn(134)) - 0764962b-5f15-464e-b468-a2e0db5340b9->5b8556db-8e30-4259-bb17-5eca36377ad0: Failed appendEntries: org.apache.ratis.thirdparty.io.grpc.StatusRuntimeException: UNAVAILABLE: io exception
2019-08-29 10:01:09,839 [grpc-default-executor-6] INFO  impl.FollowerInfo (FollowerInfo.java:lambda$new$0(50)) - 0764962b-5f15-464e-b468-a2e0db5340b9->5b8556db-8e30-4259-bb17-5eca36377ad0: nextIndex: updateUnconditionally 2 -> 1
2019-08-29 10:01:09,845 [grpc-default-executor-7] WARN  server.GrpcLogAppender (LogUtils.java:warn(134)) - 0764962b-5f15-464e-b468-a2e0db5340b9->5b8556db-8e30-4259-bb17-5eca36377ad0: Failed appendEntries: org.apache.ratis.thirdparty.io.grpc.StatusRuntimeException: UNAVAILABLE: io exception
2019-08-29 10:01:09,846 [grpc-default-executor-7] INFO  impl.FollowerInfo (FollowerInfo.java:lambda$new$0(50)) - 0764962b-5f15-464e-b468-a2e0db5340b9->5b8556db-8e30-4259-bb17-5eca36377ad0: nextIndex: updateUnconditionally 2 -> 1
2019-08-29 10:01:10,143 | INFO  | SCMAudit | user=jenkins1000 | ip=192.168.36.71 | op=SEND_HEARTBEAT {datanodeUUID=c4b7c157-a592-42f1-8daa-93be55f8212b, command=[]} | ret=SUCCESS |  
2019-08-29 10:01:10,199 [EventQueue-StaleNodeForStaleNodeHandler] INFO  node.StaleNodeHandler (StaleNodeHandler.java:onMessage(58)) - Datanode 0764962b-5f15-464e-b468-a2e0db5340b9{ip: 192.168.36.71, host: pr-hdds-2030-kknj5-1067311611, networkLocation: /default-rack, certSerialId: null} moved to stale state. Finalizing its pipelines [PipelineID=d1c443aa-df5a-459a-b552-ddc327439cfc, PipelineID=0e445a2e-f920-4285-ac2c-55732b9a5f16]
2019-08-29 10:01:10,199 [EventQueue-StaleNodeForStaleNodeHandler] INFO  pipeline.SCMPipelineManager (SCMPipelineManager.java:finalizeAndDestroyPipeline(309)) - destroying pipeline:Pipeline[ Id: d1c443aa-df5a-459a-b552-ddc327439cfc, Nodes: c4b7c157-a592-42f1-8daa-93be55f8212b{ip: 192.168.36.71, host: pr-hdds-2030-kknj5-1067311611, networkLocation: /default-rack, certSerialId: null}0764962b-5f15-464e-b468-a2e0db5340b9{ip: 192.168.36.71, host: pr-hdds-2030-kknj5-1067311611, networkLocation: /default-rack, certSerialId: null}5b8556db-8e30-4259-bb17-5eca36377ad0{ip: 192.168.36.71, host: pr-hdds-2030-kknj5-1067311611, networkLocation: /default-rack, certSerialId: null}, Type:RATIS, Factor:THREE, State:CLOSED]
2019-08-29 10:01:10,199 [EventQueue-StaleNodeForStaleNodeHandler] INFO  pipeline.SCMPipelineManager (SCMPipelineManager.java:finalizeAndDestroyPipeline(309)) - destroying pipeline:Pipeline[ Id: 0e445a2e-f920-4285-ac2c-55732b9a5f16, Nodes: 0764962b-5f15-464e-b468-a2e0db5340b9{ip: 192.168.36.71, host: pr-hdds-2030-kknj5-1067311611, networkLocation: /default-rack, certSerialId: null}, Type:RATIS, Factor:ONE, State:OPEN]
2019-08-29 10:01:10,199 [EventQueue-StaleNodeForStaleNodeHandler] INFO  pipeline.PipelineStateManager (PipelineStateManager.java:finalizePipeline(123)) - Pipeline Pipeline[ Id: 0e445a2e-f920-4285-ac2c-55732b9a5f16, Nodes: 0764962b-5f15-464e-b468-a2e0db5340b9{ip: 192.168.36.71, host: pr-hdds-2030-kknj5-1067311611, networkLocation: /default-rack, certSerialId: null}, Type:RATIS, Factor:ONE, State:CLOSED] moved to CLOSED state
2019-08-29 10:01:10,343 | INFO  | SCMAudit | user=jenkins1000 | ip=192.168.36.71 | op=SEND_HEARTBEAT {datanodeUUID=3a5d5b16-15dc-4940-b3a3-401ea9a94175, command=[]} | ret=SUCCESS |  
2019-08-29 10:01:10,499 [EventQueue-StaleNodeForStaleNodeHandler] INFO  node.StaleNodeHandler (StaleNodeHandler.java:onMessage(58)) - Datanode 1172efdb-db01-40ba-b2d8-1219aa980c8c{ip: 192.168.36.71, host: pr-hdds-2030-kknj5-1067311611, networkLocation: /default-rack, certSerialId: null} moved to stale state. Finalizing its pipelines [PipelineID=b1ef3a4f-1148-4c1c-901e-1de8fce05d20, PipelineID=2e3fccb6-da16-4be4-afb9-ac766320d942]
2019-08-29 10:01:10,500 [EventQueue-StaleNodeForStaleNodeHandler] INFO  pipeline.SCMPipelineManager (SCMPipelineManager.java:finalizeAndDestroyPipeline(309)) - destroying pipeline:Pipeline[ Id: b1ef3a4f-1148-4c1c-901e-1de8fce05d20, Nodes: 1172efdb-db01-40ba-b2d8-1219aa980c8c{ip: 192.168.36.71, host: pr-hdds-2030-kknj5-1067311611, networkLocation: /default-rack, certSerialId: null}, Type:RATIS, Factor:ONE, State:OPEN]
2019-08-29 10:01:10,500 [EventQueue-StaleNodeForStaleNodeHandler] INFO  pipeline.PipelineStateManager (PipelineStateManager.java:finalizePipeline(123)) - Pipeline Pipeline[ Id: b1ef3a4f-1148-4c1c-901e-1de8fce05d20, Nodes: 1172efdb-db01-40ba-b2d8-1219aa980c8c{ip: 192.168.36.71, host: pr-hdds-2030-kknj5-1067311611, networkLocation: /default-rack, certSerialId: null}, Type:RATIS, Factor:ONE, State:CLOSED] moved to CLOSED state
2019-08-29 10:01:10,500 [EventQueue-StaleNodeForStaleNodeHandler] INFO  pipeline.SCMPipelineManager (SCMPipelineManager.java:finalizeAndDestroyPipeline(309)) - destroying pipeline:Pipeline[ Id: 2e3fccb6-da16-4be4-afb9-ac766320d942, Nodes: 1172efdb-db01-40ba-b2d8-1219aa980c8c{ip: 192.168.36.71, host: pr-hdds-2030-kknj5-1067311611, networkLocation: /default-rack, certSerialId: null}1f9ce788-27f8-4fe6-818b-71130e2aa710{ip: 192.168.36.71, host: pr-hdds-2030-kknj5-1067311611, networkLocation: /default-rack, certSerialId: null}a82d0560-fbbd-4e02-943e-0d91b09290d4{ip: 192.168.36.71, host: pr-hdds-2030-kknj5-1067311611, networkLocation: /default-rack, certSerialId: null}, Type:RATIS, Factor:THREE, State:CLOSED]
2019-08-29 10:01:10,596 | INFO  | SCMAudit | user=jenkins1000 | ip=192.168.36.71 | op=SEND_HEARTBEAT {datanodeUUID=a82d0560-fbbd-4e02-943e-0d91b09290d4, command=[]} | ret=SUCCESS |  
2019-08-29 10:01:10,751 [ForkJoinPool.commonPool-worker-0] INFO  ozoneimpl.OzoneContainer (OzoneContainer.java:stop(199)) - Attempting to stop container services.
2019-08-29 10:01:10,751 [main] INFO  ozoneimpl.OzoneContainer (OzoneContainer.java:stop(199)) - Attempting to stop container services.
2019-08-29 10:01:10,752 [ForkJoinPool.commonPool-worker-0] INFO  impl.RaftServerProxy (RaftServerProxy.java:lambda$close$4(314)) - 0764962b-5f15-464e-b468-a2e0db5340b9: close
2019-08-29 10:01:10,752 [main] INFO  impl.RaftServerProxy (RaftServerProxy.java:lambda$close$4(314)) - 1172efdb-db01-40ba-b2d8-1219aa980c8c: close
2019-08-29 10:01:10,752 [ForkJoinPool.commonPool-worker-0] INFO  impl.RaftServerImpl (RaftServerImpl.java:lambda$shutdown$3(245)) - 0764962b-5f15-464e-b468-a2e0db5340b9: shutdown group-DDC327439CFC
2019-08-29 10:01:10,752 [main] INFO  impl.RaftServerImpl (RaftServerImpl.java:lambda$shutdown$3(245)) - 1172efdb-db01-40ba-b2d8-1219aa980c8c: shutdown group-1DE8FCE05D20
2019-08-29 10:01:10,753 [ForkJoinPool.commonPool-worker-0] INFO  util.JmxRegister (JmxRegister.java:unregister(73)) - Successfully un-registered JMX Bean with object name Ratis:service=RaftServer,group=group-DDC327439CFC,id=0764962b-5f15-464e-b468-a2e0db5340b9
2019-08-29 10:01:10,753 [main] INFO  util.JmxRegister (JmxRegister.java:unregister(73)) - Successfully un-registered JMX Bean with object name Ratis:service=RaftServer,group=group-1DE8FCE05D20,id=1172efdb-db01-40ba-b2d8-1219aa980c8c
2019-08-29 10:01:10,753 [ForkJoinPool.commonPool-worker-0] INFO  impl.RoleInfo (RoleInfo.java:shutdownLeaderState(104)) - 0764962b-5f15-464e-b468-a2e0db5340b9: shutdown LeaderState
2019-08-29 10:01:10,753 [main] INFO  impl.RoleInfo (RoleInfo.java:shutdownLeaderState(104)) - 1172efdb-db01-40ba-b2d8-1219aa980c8c: shutdown LeaderState
2019-08-29 10:01:10,759 [org.apache.ratis.server.impl.LogAppender$AppenderDaemon$$Lambda$461/450537864@3249560a] WARN  server.GrpcLogAppender (GrpcLogAppender.java:mayWait(143)) - GrpcLogAppender(0764962b-5f15-464e-b468-a2e0db5340b9->5b8556db-8e30-4259-bb17-5eca36377ad0): Wait interrupted by java.lang.InterruptedException
2019-08-29 10:01:10,759 [ForkJoinPool.commonPool-worker-0] INFO  impl.PendingRequests (PendingRequests.java:sendNotLeaderResponses(202)) - 0764962b-5f15-464e-b468-a2e0db5340b9-PendingRequests: sendNotLeaderResponses
2019-08-29 10:01:10,759 [org.apache.ratis.server.impl.LogAppender$AppenderDaemon$$Lambda$461/450537864@191b8413] WARN  server.GrpcLogAppender (GrpcLogAppender.java:mayWait(143)) - GrpcLogAppender(0764962b-5f15-464e-b468-a2e0db5340b9->c4b7c157-a592-42f1-8daa-93be55f8212b): Wait interrupted by java.lang.InterruptedException
2019-08-29 10:01:10,759 [ForkJoinPool.commonPool-worker-0] INFO  impl.StateMachineUpdater (StateMachineUpdater.java:stopAndJoin(115)) - StateMachineUpdater:0764962b-5f15-464e-b468-a2e0db5340b9:group-DDC327439CFC: set stopIndex = 16
2019-08-29 10:01:10,759 [main] INFO  impl.PendingRequests (PendingRequests.java:sendNotLeaderResponses(202)) - 1172efdb-db01-40ba-b2d8-1219aa980c8c-PendingRequests: sendNotLeaderResponses
2019-08-29 10:01:10,760 [grpc-default-executor-4] INFO  server.GrpcServerProtocolService (GrpcServerProtocolService.java:onCompleted(104)) - c4b7c157-a592-42f1-8daa-93be55f8212b: appendEntries completed
2019-08-29 10:01:10,759 [StateMachineUpdater:0764962b-5f15-464e-b468-a2e0db5340b9:group-DDC327439CFC] INFO  ratis.ContainerStateMachine (ContainerStateMachine.java:takeSnapshot(283)) - group-DDC327439CFC: Taking a snapshot at:(t:2, i:14) file /workdir/hadoop-ozone/integration-test/target/test-dir/MiniOzoneClusterImpl-f14b1e95-ba00-4e6c-8692-7616f74434d5/datanode-2/data/ratis/d1c443aa-df5a-459a-b552-ddc327439cfc/sm/snapshot.2_14
2019-08-29 10:01:10,760 [main] INFO  impl.StateMachineUpdater (StateMachineUpdater.java:stopAndJoin(115)) - StateMachineUpdater:1172efdb-db01-40ba-b2d8-1219aa980c8c:group-1DE8FCE05D20: set stopIndex = 0
2019-08-29 10:01:10,760 [grpc-default-executor-4] INFO  server.GrpcLogAppender (GrpcLogAppender.java:onCompleted(292)) - 0764962b-5f15-464e-b468-a2e0db5340b9->c4b7c157-a592-42f1-8daa-93be55f8212b: follower responses appendEntries COMPLETED
2019-08-29 10:01:10,761 [main] INFO  impl.RaftServerImpl (ServerState.java:close(394)) - 1172efdb-db01-40ba-b2d8-1219aa980c8c:group-1DE8FCE05D20 closes. The last applied log index is 0
2019-08-29 10:01:10,761 [grpc-default-executor-4] INFO  impl.FollowerInfo (FollowerInfo.java:lambda$new$0(50)) - 0764962b-5f15-464e-b468-a2e0db5340b9->c4b7c157-a592-42f1-8daa-93be55f8212b: nextIndex: updateUnconditionally 17 -> 16
2019-08-29 10:01:10,761 [1172efdb-db01-40ba-b2d8-1219aa980c8c-SegmentedRaftLogWorker:Storage Directory /workdir/hadoop-ozone/integration-test/target/test-dir/MiniOzoneClusterImpl-f14b1e95-ba00-4e6c-8692-7616f74434d5/datanode-3/data/ratis/b1ef3a4f-1148-4c1c-901e-1de8fce05d20] INFO  segmented.SegmentedRaftLogWorker (SegmentedRaftLogWorker.java:run(313)) - 1172efdb-db01-40ba-b2d8-1219aa980c8c-SegmentedRaftLogWorker:Storage Directory /workdir/hadoop-ozone/integration-test/target/test-dir/MiniOzoneClusterImpl-f14b1e95-ba00-4e6c-8692-7616f74434d5/datanode-3/data/ratis/b1ef3a4f-1148-4c1c-901e-1de8fce05d20 was interrupted, exiting. There are 0 tasks remaining in the queue.
2019-08-29 10:01:10,764 [main] INFO  segmented.SegmentedRaftLogWorker (SegmentedRaftLogWorker.java:close(228)) - 1172efdb-db01-40ba-b2d8-1219aa980c8c-SegmentedRaftLogWorker:Storage Directory /workdir/hadoop-ozone/integration-test/target/test-dir/MiniOzoneClusterImpl-f14b1e95-ba00-4e6c-8692-7616f74434d5/datanode-3/data/ratis/b1ef3a4f-1148-4c1c-901e-1de8fce05d20 close()
2019-08-29 10:01:10,768 [main] INFO  impl.RaftServerImpl (RaftServerImpl.java:lambda$shutdown$3(245)) - 1172efdb-db01-40ba-b2d8-1219aa980c8c: shutdown group-AC766320D942
2019-08-29 10:01:10,768 [main] INFO  util.JmxRegister (JmxRegister.java:unregister(73)) - Successfully un-registered JMX Bean with object name Ratis:service=RaftServer,group=group-AC766320D942,id=1172efdb-db01-40ba-b2d8-1219aa980c8c
2019-08-29 10:01:10,769 [main] INFO  impl.RoleInfo (RoleInfo.java:shutdownFollowerState(121)) - 1172efdb-db01-40ba-b2d8-1219aa980c8c: shutdown FollowerState
2019-08-29 10:01:10,769 [main] INFO  impl.StateMachineUpdater (StateMachineUpdater.java:stopAndJoin(115)) - StateMachineUpdater:1172efdb-db01-40ba-b2d8-1219aa980c8c:group-AC766320D942: set stopIndex = 7
2019-08-29 10:01:10,769 [Thread-5152] INFO  impl.FollowerState (FollowerState.java:run(114)) - 1172efdb-db01-40ba-b2d8-1219aa980c8c: FollowerState was interrupted: java.lang.InterruptedException: sleep interrupted
2019-08-29 10:01:10,769 [StateMachineUpdater:1172efdb-db01-40ba-b2d8-1219aa980c8c:group-AC766320D942] INFO  ratis.ContainerStateMachine (ContainerStateMachine.java:takeSnapshot(283)) - group-AC766320D942: Taking a snapshot at:(t:1, i:7) file /workdir/hadoop-ozone/integration-test/target/test-dir/MiniOzoneClusterImpl-f14b1e95-ba00-4e6c-8692-7616f74434d5/datanode-3/data/ratis/2e3fccb6-da16-4be4-afb9-ac766320d942/sm/snapshot.1_7
2019-08-29 10:01:10,774 [StateMachineUpdater:1172efdb-db01-40ba-b2d8-1219aa980c8c:group-AC766320D942] INFO  ratis.ContainerStateMachine (ContainerStateMachine.java:takeSnapshot(294)) - group-AC766320D942: Finished taking a snapshot at:(t:1, i:7) file:/workdir/hadoop-ozone/integration-test/target/test-dir/MiniOzoneClusterImpl-f14b1e95-ba00-4e6c-8692-7616f74434d5/datanode-3/data/ratis/2e3fccb6-da16-4be4-afb9-ac766320d942/sm/snapshot.1_7 time:5
2019-08-29 10:01:10,774 [StateMachineUpdater:0764962b-5f15-464e-b468-a2e0db5340b9:group-DDC327439CFC] INFO  ratis.ContainerStateMachine (ContainerStateMachine.java:takeSnapshot(294)) - group-DDC327439CFC: Finished taking a snapshot at:(t:2, i:14) file:/workdir/hadoop-ozone/integration-test/target/test-dir/MiniOzoneClusterImpl-f14b1e95-ba00-4e6c-8692-7616f74434d5/datanode-2/data/ratis/d1c443aa-df5a-459a-b552-ddc327439cfc/sm/snapshot.2_14 time:14
2019-08-29 10:01:10,774 [StateMachineUpdater:0764962b-5f15-464e-b468-a2e0db5340b9:group-DDC327439CFC] INFO  impl.StateMachineUpdater (StateMachineUpdater.java:takeSnapshot(242)) - StateMachineUpdater:0764962b-5f15-464e-b468-a2e0db5340b9:group-DDC327439CFC: Took a snapshot at index 14
2019-08-29 10:01:10,774 [StateMachineUpdater:1172efdb-db01-40ba-b2d8-1219aa980c8c:group-AC766320D942] INFO  impl.StateMachineUpdater (StateMachineUpdater.java:takeSnapshot(242)) - StateMachineUpdater:1172efdb-db01-40ba-b2d8-1219aa980c8c:group-AC766320D942: Took a snapshot at index 7
2019-08-29 10:01:10,774 [StateMachineUpdater:0764962b-5f15-464e-b468-a2e0db5340b9:group-DDC327439CFC] INFO  impl.StateMachineUpdater (StateMachineUpdater.java:lambda$new$0(80)) - StateMachineUpdater:0764962b-5f15-464e-b468-a2e0db5340b9:group-DDC327439CFC: snapshotIndex: updateIncreasingly -1 -> 14
2019-08-29 10:01:10,775 [StateMachineUpdater:1172efdb-db01-40ba-b2d8-1219aa980c8c:group-AC766320D942] INFO  impl.StateMachineUpdater (StateMachineUpdater.java:lambda$new$0(80)) - StateMachineUpdater:1172efdb-db01-40ba-b2d8-1219aa980c8c:group-AC766320D942: snapshotIndex: updateIncreasingly -1 -> 7
2019-08-29 10:01:10,775 [ForkJoinPool.commonPool-worker-0] INFO  impl.RaftServerImpl (ServerState.java:close(394)) - 0764962b-5f15-464e-b468-a2e0db5340b9:group-DDC327439CFC closes. The last applied log index is 16
2019-08-29 10:01:10,775 [main] INFO  impl.RaftServerImpl (ServerState.java:close(394)) - 1172efdb-db01-40ba-b2d8-1219aa980c8c:group-AC766320D942 closes. The last applied log index is 7
2019-08-29 10:01:10,775 [0764962b-5f15-464e-b468-a2e0db5340b9-SegmentedRaftLogWorker:Storage Directory /workdir/hadoop-ozone/integration-test/target/test-dir/MiniOzoneClusterImpl-f14b1e95-ba00-4e6c-8692-7616f74434d5/datanode-2/data/ratis/d1c443aa-df5a-459a-b552-ddc327439cfc] INFO  segmented.SegmentedRaftLogWorker (SegmentedRaftLogWorker.java:run(313)) - 0764962b-5f15-464e-b468-a2e0db5340b9-SegmentedRaftLogWorker:Storage Directory /workdir/hadoop-ozone/integration-test/target/test-dir/MiniOzoneClusterImpl-f14b1e95-ba00-4e6c-8692-7616f74434d5/datanode-2/data/ratis/d1c443aa-df5a-459a-b552-ddc327439cfc was interrupted, exiting. There are 0 tasks remaining in the queue.
2019-08-29 10:01:10,776 [1172efdb-db01-40ba-b2d8-1219aa980c8c-SegmentedRaftLogWorker:Storage Directory /workdir/hadoop-ozone/integration-test/target/test-dir/MiniOzoneClusterImpl-f14b1e95-ba00-4e6c-8692-7616f74434d5/datanode-3/data/ratis/2e3fccb6-da16-4be4-afb9-ac766320d942] INFO  segmented.SegmentedRaftLogWorker (SegmentedRaftLogWorker.java:run(313)) - 1172efdb-db01-40ba-b2d8-1219aa980c8c-SegmentedRaftLogWorker:Storage Directory /workdir/hadoop-ozone/integration-test/target/test-dir/MiniOzoneClusterImpl-f14b1e95-ba00-4e6c-8692-7616f74434d5/datanode-3/data/ratis/2e3fccb6-da16-4be4-afb9-ac766320d942 was interrupted, exiting. There are 0 tasks remaining in the queue.
2019-08-29 10:01:10,778 [ForkJoinPool.commonPool-worker-0] INFO  segmented.SegmentedRaftLogWorker (SegmentedRaftLogWorker.java:close(228)) - 0764962b-5f15-464e-b468-a2e0db5340b9-SegmentedRaftLogWorker:Storage Directory /workdir/hadoop-ozone/integration-test/target/test-dir/MiniOzoneClusterImpl-f14b1e95-ba00-4e6c-8692-7616f74434d5/datanode-2/data/ratis/d1c443aa-df5a-459a-b552-ddc327439cfc close()
2019-08-29 10:01:10,780 [main] INFO  segmented.SegmentedRaftLogWorker (SegmentedRaftLogWorker.java:close(228)) - 1172efdb-db01-40ba-b2d8-1219aa980c8c-SegmentedRaftLogWorker:Storage Directory /workdir/hadoop-ozone/integration-test/target/test-dir/MiniOzoneClusterImpl-f14b1e95-ba00-4e6c-8692-7616f74434d5/datanode-3/data/ratis/2e3fccb6-da16-4be4-afb9-ac766320d942 close()
2019-08-29 10:01:10,784 [ForkJoinPool.commonPool-worker-0] INFO  impl.RaftServerImpl (RaftServerImpl.java:lambda$shutdown$3(245)) - 0764962b-5f15-464e-b468-a2e0db5340b9: shutdown group-55732B9A5F16
2019-08-29 10:01:10,794 [main] INFO  server.GrpcService (GrpcService.java:closeImpl(155)) - 1172efdb-db01-40ba-b2d8-1219aa980c8c: shutdown server with port 36989 now
2019-08-29 10:01:10,794 [ForkJoinPool.commonPool-worker-0] INFO  util.JmxRegister (JmxRegister.java:unregister(73)) - Successfully un-registered JMX Bean with object name Ratis:service=RaftServer,group=group-55732B9A5F16,id=0764962b-5f15-464e-b468-a2e0db5340b9
2019-08-29 10:01:10,795 [ForkJoinPool.commonPool-worker-0] INFO  impl.RoleInfo (RoleInfo.java:shutdownLeaderState(104)) - 0764962b-5f15-464e-b468-a2e0db5340b9: shutdown LeaderState
2019-08-29 10:01:10,795 [ForkJoinPool.commonPool-worker-0] INFO  impl.PendingRequests (PendingRequests.java:sendNotLeaderResponses(202)) - 0764962b-5f15-464e-b468-a2e0db5340b9-PendingRequests: sendNotLeaderResponses
2019-08-29 10:01:10,795 [main] INFO  server.GrpcService (GrpcService.java:closeImpl(163)) - 1172efdb-db01-40ba-b2d8-1219aa980c8c: shutdown server with port 36989 successfully
2019-08-29 10:01:10,795 [grpc-default-executor-7] WARN  server.GrpcServerProtocolService (LogUtils.java:warn(134)) - 1172efdb-db01-40ba-b2d8-1219aa980c8c: appendEntries onError: org.apache.ratis.thirdparty.io.grpc.StatusRuntimeException: CANCELLED: cancelled before receiving half close
2019-08-29 10:01:10,795 [ForkJoinPool.commonPool-worker-0] INFO  impl.StateMachineUpdater (StateMachineUpdater.java:stopAndJoin(115)) - StateMachineUpdater:0764962b-5f15-464e-b468-a2e0db5340b9:group-55732B9A5F16: set stopIndex = 0
2019-08-29 10:01:10,796 [ForkJoinPool.commonPool-worker-0] INFO  impl.RaftServerImpl (ServerState.java:close(394)) - 0764962b-5f15-464e-b468-a2e0db5340b9:group-55732B9A5F16 closes. The last applied log index is 0
2019-08-29 10:01:10,795 [grpc-default-executor-6] WARN  server.GrpcLogAppender (LogUtils.java:warn(134)) - a82d0560-fbbd-4e02-943e-0d91b09290d4->1172efdb-db01-40ba-b2d8-1219aa980c8c: Failed appendEntries: org.apache.ratis.thirdparty.io.grpc.StatusRuntimeException: CANCELLED: HTTP/2 error code: CANCEL
Received Rst Stream
2019-08-29 10:01:10,797 [0764962b-5f15-464e-b468-a2e0db5340b9-SegmentedRaftLogWorker:Storage Directory /workdir/hadoop-ozone/integration-test/target/test-dir/MiniOzoneClusterImpl-f14b1e95-ba00-4e6c-8692-7616f74434d5/datanode-2/data/ratis/0e445a2e-f920-4285-ac2c-55732b9a5f16] INFO  segmented.SegmentedRaftLogWorker (SegmentedRaftLogWorker.java:run(313)) - 0764962b-5f15-464e-b468-a2e0db5340b9-SegmentedRaftLogWorker:Storage Directory /workdir/hadoop-ozone/integration-test/target/test-dir/MiniOzoneClusterImpl-f14b1e95-ba00-4e6c-8692-7616f74434d5/datanode-2/data/ratis/0e445a2e-f920-4285-ac2c-55732b9a5f16 was interrupted, exiting. There are 0 tasks remaining in the queue.
2019-08-29 10:01:10,797 [main] INFO  utils.BackgroundService (BackgroundService.java:shutdown(148)) - Shutting down service BlockDeletingService
2019-08-29 10:01:10,799 [ForkJoinPool.commonPool-worker-0] INFO  segmented.SegmentedRaftLogWorker (SegmentedRaftLogWorker.java:close(228)) - 0764962b-5f15-464e-b468-a2e0db5340b9-SegmentedRaftLogWorker:Storage Directory /workdir/hadoop-ozone/integration-test/target/test-dir/MiniOzoneClusterImpl-f14b1e95-ba00-4e6c-8692-7616f74434d5/datanode-2/data/ratis/0e445a2e-f920-4285-ac2c-55732b9a5f16 close()
2019-08-29 10:01:10,797 [grpc-default-executor-6] INFO  impl.FollowerInfo (FollowerInfo.java:lambda$new$0(50)) - a82d0560-fbbd-4e02-943e-0d91b09290d4->1172efdb-db01-40ba-b2d8-1219aa980c8c: nextIndex: updateUnconditionally 9 -> 8
2019-08-29 10:01:10,802 [ForkJoinPool.commonPool-worker-0] INFO  server.GrpcService (GrpcService.java:closeImpl(155)) - 0764962b-5f15-464e-b468-a2e0db5340b9: shutdown server with port 43491 now
2019-08-29 10:01:10,802 [refreshUsed-/workdir/hadoop-ozone/integration-test/target/test-dir/MiniOzoneClusterImpl-f14b1e95-ba00-4e6c-8692-7616f74434d5/datanode-3/data/containers] WARN  fs.CachingGetSpaceUsed (CachingGetSpaceUsed.java:run(183)) - Thread Interrupted waiting to refresh disk information: sleep interrupted
2019-08-29 10:01:10,802 [ForkJoinPool.commonPool-worker-0] INFO  server.GrpcService (GrpcService.java:closeImpl(163)) - 0764962b-5f15-464e-b468-a2e0db5340b9: shutdown server with port 43491 successfully
2019-08-29 10:01:10,805 [ForkJoinPool.commonPool-worker-0] INFO  utils.BackgroundService (BackgroundService.java:shutdown(148)) - Shutting down service BlockDeletingService
2019-08-29 10:01:10,806 [refreshUsed-/workdir/hadoop-ozone/integration-test/target/test-dir/MiniOzoneClusterImpl-f14b1e95-ba00-4e6c-8692-7616f74434d5/datanode-2/data/containers] WARN  fs.CachingGetSpaceUsed (CachingGetSpaceUsed.java:run(183)) - Thread Interrupted waiting to refresh disk information: sleep interrupted
2019-08-29 10:01:10,822 [main] INFO  statemachine.DatanodeStateMachine (DatanodeStateMachine.java:stopDaemon(395)) - Ozone container server stopped.
2019-08-29 10:01:10,824 [main] INFO  handler.ContextHandler (ContextHandler.java:doStop(910)) - Stopped o.e.j.w.WebAppContext@7ca0b2cf{/,null,UNAVAILABLE}{/hddsDatanode}
2019-08-29 10:01:10,825 [ForkJoinPool.commonPool-worker-0] INFO  statemachine.DatanodeStateMachine (DatanodeStateMachine.java:stopDaemon(395)) - Ozone container server stopped.
2019-08-29 10:01:10,829 [main] INFO  server.AbstractConnector (AbstractConnector.java:doStop(318)) - Stopped ServerConnector@3d6fe206{HTTP/1.1,[http/1.1]}{0.0.0.0:0}
2019-08-29 10:01:10,830 [ForkJoinPool.commonPool-worker-0] INFO  handler.ContextHandler (ContextHandler.java:doStop(910)) - Stopped o.e.j.w.WebAppContext@2603ff76{/,null,UNAVAILABLE}{/hddsDatanode}
2019-08-29 10:01:10,830 [main] INFO  handler.ContextHandler (ContextHandler.java:doStop(910)) - Stopped o.e.j.s.ServletContextHandler@329e6700{/static,jar:file:/home/user/.m2/repository/org/apache/hadoop/hadoop-hdds-container-service/0.5.0-SNAPSHOT/hadoop-hdds-container-service-0.5.0-SNAPSHOT.jar!/webapps/static,UNAVAILABLE}
2019-08-29 10:01:10,830 [ForkJoinPool.commonPool-worker-0] INFO  server.AbstractConnector (AbstractConnector.java:doStop(318)) - Stopped ServerConnector@18ea91d7{HTTP/1.1,[http/1.1]}{0.0.0.0:0}
2019-08-29 10:01:10,831 [main] INFO  handler.ContextHandler (ContextHandler.java:doStop(910)) - Stopped o.e.j.s.ServletContextHandler@2ece1629{/logs,file:///workdir/hadoop-ozone/integration-test/target/log,UNAVAILABLE}
2019-08-29 10:01:10,832 [ForkJoinPool.commonPool-worker-0] INFO  handler.ContextHandler (ContextHandler.java:doStop(910)) - Stopped o.e.j.s.ServletContextHandler@705b4359{/static,jar:file:/home/user/.m2/repository/org/apache/hadoop/hadoop-hdds-container-service/0.5.0-SNAPSHOT/hadoop-hdds-container-service-0.5.0-SNAPSHOT.jar!/webapps/static,UNAVAILABLE}
2019-08-29 10:01:10,834 [ForkJoinPool.commonPool-worker-0] INFO  handler.ContextHandler (ContextHandler.java:doStop(910)) - Stopped o.e.j.s.ServletContextHandler@66b962b4{/logs,file:///workdir/hadoop-ozone/integration-test/target/log,UNAVAILABLE}
2019-08-29 10:01:10,835 [main] INFO  datanode.ObjectStoreHandler (ObjectStoreHandler.java:close(155)) - Closing ObjectStoreHandler.
2019-08-29 10:01:10,835 [ForkJoinPool.commonPool-worker-0] INFO  datanode.ObjectStoreHandler (ObjectStoreHandler.java:close(155)) - Closing ObjectStoreHandler.
2019-08-29 10:01:10,835 [main] INFO  ozone.HddsDatanodeService (HddsDatanodeService.java:stop(451)) - Stopped plug-in org.apache.hadoop.ozone.web.OzoneHddsDatanodeService@7ff66a81
2019-08-29 10:01:10,835 [ForkJoinPool.commonPool-worker-0] INFO  ozone.HddsDatanodeService (HddsDatanodeService.java:stop(451)) - Stopped plug-in org.apache.hadoop.ozone.web.OzoneHddsDatanodeService@11f2be38
2019-08-29 10:01:10,987 [grpc-default-executor-6] WARN  server.GrpcLogAppender (LogUtils.java:warn(134)) - a82d0560-fbbd-4e02-943e-0d91b09290d4->1172efdb-db01-40ba-b2d8-1219aa980c8c: Failed appendEntries: org.apache.ratis.thirdparty.io.grpc.StatusRuntimeException: UNAVAILABLE: io exception
2019-08-29 10:01:10,988 [grpc-default-executor-6] INFO  impl.FollowerInfo (FollowerInfo.java:lambda$new$0(50)) - a82d0560-fbbd-4e02-943e-0d91b09290d4->1172efdb-db01-40ba-b2d8-1219aa980c8c: nextIndex: updateUnconditionally 8 -> 7
2019-08-29 10:01:10,988 [grpc-default-executor-8] WARN  server.GrpcLogAppender (LogUtils.java:warn(134)) - a82d0560-fbbd-4e02-943e-0d91b09290d4->1f9ce788-27f8-4fe6-818b-71130e2aa710: Failed appendEntries: org.apache.ratis.thirdparty.io.grpc.StatusRuntimeException: UNAVAILABLE: io exception
2019-08-29 10:01:10,988 [grpc-default-executor-8] INFO  impl.FollowerInfo (FollowerInfo.java:lambda$new$0(50)) - a82d0560-fbbd-4e02-943e-0d91b09290d4->1f9ce788-27f8-4fe6-818b-71130e2aa710: nextIndex: updateUnconditionally 5 -> 4
2019-08-29 10:01:11,143 [Datanode State Machine Thread - 0] INFO  statemachine.DatanodeStateMachine (DatanodeStateMachine.java:lambda$startDaemon$0(350)) - Ozone container server started.
2019-08-29 10:01:11,342 [Datanode State Machine Thread - 0] INFO  statemachine.DatanodeStateMachine (DatanodeStateMachine.java:lambda$startDaemon$0(350)) - Ozone container server started.
2019-08-29 10:01:11,596 | INFO  | SCMAudit | user=jenkins1000 | ip=192.168.36.71 | op=SEND_HEARTBEAT {datanodeUUID=a82d0560-fbbd-4e02-943e-0d91b09290d4, command=[]} | ret=SUCCESS |  
2019-08-29 10:01:12,595 | INFO  | SCMAudit | user=jenkins1000 | ip=192.168.36.71 | op=SEND_HEARTBEAT {datanodeUUID=a82d0560-fbbd-4e02-943e-0d91b09290d4, command=[]} | ret=SUCCESS |  
2019-08-29 10:01:13,488 [grpc-default-executor-4] WARN  server.GrpcLogAppender (LogUtils.java:warn(134)) - a82d0560-fbbd-4e02-943e-0d91b09290d4->1f9ce788-27f8-4fe6-818b-71130e2aa710: Failed appendEntries: org.apache.ratis.thirdparty.io.grpc.StatusRuntimeException: UNAVAILABLE: io exception
2019-08-29 10:01:13,488 [grpc-default-executor-6] WARN  server.GrpcLogAppender (LogUtils.java:warn(134)) - a82d0560-fbbd-4e02-943e-0d91b09290d4->1172efdb-db01-40ba-b2d8-1219aa980c8c: Failed appendEntries: org.apache.ratis.thirdparty.io.grpc.StatusRuntimeException: UNAVAILABLE: io exception
2019-08-29 10:01:13,488 [grpc-default-executor-4] INFO  impl.FollowerInfo (FollowerInfo.java:lambda$new$0(50)) - a82d0560-fbbd-4e02-943e-0d91b09290d4->1f9ce788-27f8-4fe6-818b-71130e2aa710: nextIndex: updateUnconditionally 4 -> 3
2019-08-29 10:01:13,488 [grpc-default-executor-6] INFO  impl.FollowerInfo (FollowerInfo.java:lambda$new$0(50)) - a82d0560-fbbd-4e02-943e-0d91b09290d4->1172efdb-db01-40ba-b2d8-1219aa980c8c: nextIndex: updateUnconditionally 7 -> 6
2019-08-29 10:01:13,595 | INFO  | SCMAudit | user=jenkins1000 | ip=192.168.36.71 | op=SEND_HEARTBEAT {datanodeUUID=a82d0560-fbbd-4e02-943e-0d91b09290d4, command=[]} | ret=SUCCESS |  
2019-08-29 10:01:14,596 | INFO  | SCMAudit | user=jenkins1000 | ip=192.168.36.71 | op=SEND_HEARTBEAT {datanodeUUID=a82d0560-fbbd-4e02-943e-0d91b09290d4, command=[]} | ret=SUCCESS |  
2019-08-29 10:01:15,205 [EventQueue-StaleNodeForStaleNodeHandler] INFO  node.StaleNodeHandler (StaleNodeHandler.java:onMessage(58)) - Datanode c4b7c157-a592-42f1-8daa-93be55f8212b{ip: 192.168.36.71, host: pr-hdds-2030-kknj5-1067311611, networkLocation: /default-rack, certSerialId: null} moved to stale state. Finalizing its pipelines [PipelineID=d1c443aa-df5a-459a-b552-ddc327439cfc, PipelineID=6e596249-ca0d-49eb-8173-8fc34fdb95fb]
2019-08-29 10:01:15,205 [EventQueue-StaleNodeForStaleNodeHandler] INFO  pipeline.SCMPipelineManager (SCMPipelineManager.java:finalizeAndDestroyPipeline(309)) - destroying pipeline:Pipeline[ Id: d1c443aa-df5a-459a-b552-ddc327439cfc, Nodes: c4b7c157-a592-42f1-8daa-93be55f8212b{ip: 192.168.36.71, host: pr-hdds-2030-kknj5-1067311611, networkLocation: /default-rack, certSerialId: null}0764962b-5f15-464e-b468-a2e0db5340b9{ip: 192.168.36.71, host: pr-hdds-2030-kknj5-1067311611, networkLocation: /default-rack, certSerialId: null}5b8556db-8e30-4259-bb17-5eca36377ad0{ip: 192.168.36.71, host: pr-hdds-2030-kknj5-1067311611, networkLocation: /default-rack, certSerialId: null}, Type:RATIS, Factor:THREE, State:CLOSED]
2019-08-29 10:01:15,205 [EventQueue-StaleNodeForStaleNodeHandler] INFO  pipeline.SCMPipelineManager (SCMPipelineManager.java:finalizeAndDestroyPipeline(309)) - destroying pipeline:Pipeline[ Id: 6e596249-ca0d-49eb-8173-8fc34fdb95fb, Nodes: c4b7c157-a592-42f1-8daa-93be55f8212b{ip: 192.168.36.71, host: pr-hdds-2030-kknj5-1067311611, networkLocation: /default-rack, certSerialId: null}, Type:RATIS, Factor:ONE, State:OPEN]
2019-08-29 10:01:15,205 [EventQueue-StaleNodeForStaleNodeHandler] INFO  pipeline.PipelineStateManager (PipelineStateManager.java:finalizePipeline(123)) - Pipeline Pipeline[ Id: 6e596249-ca0d-49eb-8173-8fc34fdb95fb, Nodes: c4b7c157-a592-42f1-8daa-93be55f8212b{ip: 192.168.36.71, host: pr-hdds-2030-kknj5-1067311611, networkLocation: /default-rack, certSerialId: null}, Type:RATIS, Factor:ONE, State:CLOSED] moved to CLOSED state
2019-08-29 10:01:15,405 [EventQueue-StaleNodeForStaleNodeHandler] INFO  node.StaleNodeHandler (StaleNodeHandler.java:onMessage(58)) - Datanode 3a5d5b16-15dc-4940-b3a3-401ea9a94175{ip: 192.168.36.71, host: pr-hdds-2030-kknj5-1067311611, networkLocation: /default-rack, certSerialId: null} moved to stale state. Finalizing its pipelines [PipelineID=72770422-651a-4f13-b52e-0532dc5ef9cd]
2019-08-29 10:01:15,405 [EventQueue-StaleNodeForStaleNodeHandler] INFO  pipeline.SCMPipelineManager (SCMPipelineManager.java:finalizeAndDestroyPipeline(309)) - destroying pipeline:Pipeline[ Id: 72770422-651a-4f13-b52e-0532dc5ef9cd, Nodes: 3a5d5b16-15dc-4940-b3a3-401ea9a94175{ip: 192.168.36.71, host: pr-hdds-2030-kknj5-1067311611, networkLocation: /default-rack, certSerialId: null}, Type:RATIS, Factor:ONE, State:OPEN]
2019-08-29 10:01:15,406 [EventQueue-StaleNodeForStaleNodeHandler] INFO  pipeline.PipelineStateManager (PipelineStateManager.java:finalizePipeline(123)) - Pipeline Pipeline[ Id: 72770422-651a-4f13-b52e-0532dc5ef9cd, Nodes: 3a5d5b16-15dc-4940-b3a3-401ea9a94175{ip: 192.168.36.71, host: pr-hdds-2030-kknj5-1067311611, networkLocation: /default-rack, certSerialId: null}, Type:RATIS, Factor:ONE, State:CLOSED] moved to CLOSED state
2019-08-29 10:01:15,596 | INFO  | SCMAudit | user=jenkins1000 | ip=192.168.36.71 | op=SEND_HEARTBEAT {datanodeUUID=a82d0560-fbbd-4e02-943e-0d91b09290d4, command=[]} | ret=SUCCESS |  
2019-08-29 10:01:15,836 [ForkJoinPool.commonPool-worker-0] INFO  ozoneimpl.OzoneContainer (OzoneContainer.java:stop(199)) - Attempting to stop container services.
2019-08-29 10:01:15,837 [main] INFO  ozoneimpl.OzoneContainer (OzoneContainer.java:stop(199)) - Attempting to stop container services.
2019-08-29 10:01:15,837 [ForkJoinPool.commonPool-worker-0] INFO  impl.RaftServerProxy (RaftServerProxy.java:lambda$close$4(314)) - c4b7c157-a592-42f1-8daa-93be55f8212b: close
2019-08-29 10:01:15,837 [main] INFO  impl.RaftServerProxy (RaftServerProxy.java:lambda$close$4(314)) - 3a5d5b16-15dc-4940-b3a3-401ea9a94175: close
2019-08-29 10:01:15,837 [ForkJoinPool.commonPool-worker-0] INFO  impl.RaftServerImpl (RaftServerImpl.java:lambda$shutdown$3(245)) - c4b7c157-a592-42f1-8daa-93be55f8212b: shutdown group-DDC327439CFC
2019-08-29 10:01:15,838 [main] INFO  impl.RaftServerImpl (RaftServerImpl.java:lambda$shutdown$3(245)) - 3a5d5b16-15dc-4940-b3a3-401ea9a94175: shutdown group-0532DC5EF9CD
2019-08-29 10:01:15,838 [ForkJoinPool.commonPool-worker-0] INFO  util.JmxRegister (JmxRegister.java:unregister(73)) - Successfully un-registered JMX Bean with object name Ratis:service=RaftServer,group=group-DDC327439CFC,id=c4b7c157-a592-42f1-8daa-93be55f8212b
2019-08-29 10:01:15,838 [main] INFO  util.JmxRegister (JmxRegister.java:unregister(73)) - Successfully un-registered JMX Bean with object name Ratis:service=RaftServer,group=group-0532DC5EF9CD,id=3a5d5b16-15dc-4940-b3a3-401ea9a94175
2019-08-29 10:01:15,838 [ForkJoinPool.commonPool-worker-0] INFO  impl.RoleInfo (RoleInfo.java:shutdownFollowerState(121)) - c4b7c157-a592-42f1-8daa-93be55f8212b: shutdown FollowerState
2019-08-29 10:01:15,839 [main] INFO  impl.RoleInfo (RoleInfo.java:shutdownLeaderState(104)) - 3a5d5b16-15dc-4940-b3a3-401ea9a94175: shutdown LeaderState
2019-08-29 10:01:15,839 [Thread-5377] INFO  impl.FollowerState (FollowerState.java:run(114)) - c4b7c157-a592-42f1-8daa-93be55f8212b: FollowerState was interrupted: java.lang.InterruptedException: sleep interrupted
2019-08-29 10:01:15,839 [StateMachineUpdater:c4b7c157-a592-42f1-8daa-93be55f8212b:group-DDC327439CFC] INFO  ratis.ContainerStateMachine (ContainerStateMachine.java:takeSnapshot(283)) - group-DDC327439CFC: Taking a snapshot at:(t:2, i:14) file /workdir/hadoop-ozone/integration-test/target/test-dir/MiniOzoneClusterImpl-f14b1e95-ba00-4e6c-8692-7616f74434d5/datanode-0/data/ratis/d1c443aa-df5a-459a-b552-ddc327439cfc/sm/snapshot.2_14
2019-08-29 10:01:15,839 [ForkJoinPool.commonPool-worker-0] INFO  impl.StateMachineUpdater (StateMachineUpdater.java:stopAndJoin(115)) - StateMachineUpdater:c4b7c157-a592-42f1-8daa-93be55f8212b:group-DDC327439CFC: set stopIndex = 15
2019-08-29 10:01:15,840 [main] INFO  impl.PendingRequests (PendingRequests.java:sendNotLeaderResponses(202)) - 3a5d5b16-15dc-4940-b3a3-401ea9a94175-PendingRequests: sendNotLeaderResponses
2019-08-29 10:01:15,841 [main] INFO  impl.StateMachineUpdater (StateMachineUpdater.java:stopAndJoin(115)) - StateMachineUpdater:3a5d5b16-15dc-4940-b3a3-401ea9a94175:group-0532DC5EF9CD: set stopIndex = 0
2019-08-29 10:01:15,841 [main] INFO  impl.RaftServerImpl (ServerState.java:close(394)) - 3a5d5b16-15dc-4940-b3a3-401ea9a94175:group-0532DC5EF9CD closes. The last applied log index is 0
2019-08-29 10:01:15,841 [3a5d5b16-15dc-4940-b3a3-401ea9a94175-SegmentedRaftLogWorker:Storage Directory /workdir/hadoop-ozone/integration-test/target/test-dir/MiniOzoneClusterImpl-f14b1e95-ba00-4e6c-8692-7616f74434d5/datanode-6/data/ratis/72770422-651a-4f13-b52e-0532dc5ef9cd] INFO  segmented.SegmentedRaftLogWorker (SegmentedRaftLogWorker.java:run(313)) - 3a5d5b16-15dc-4940-b3a3-401ea9a94175-SegmentedRaftLogWorker:Storage Directory /workdir/hadoop-ozone/integration-test/target/test-dir/MiniOzoneClusterImpl-f14b1e95-ba00-4e6c-8692-7616f74434d5/datanode-6/data/ratis/72770422-651a-4f13-b52e-0532dc5ef9cd was interrupted, exiting. There are 0 tasks remaining in the queue.
2019-08-29 10:01:15,853 [main] INFO  segmented.SegmentedRaftLogWorker (SegmentedRaftLogWorker.java:close(228)) - 3a5d5b16-15dc-4940-b3a3-401ea9a94175-SegmentedRaftLogWorker:Storage Directory /workdir/hadoop-ozone/integration-test/target/test-dir/MiniOzoneClusterImpl-f14b1e95-ba00-4e6c-8692-7616f74434d5/datanode-6/data/ratis/72770422-651a-4f13-b52e-0532dc5ef9cd close()
2019-08-29 10:01:15,855 [main] INFO  server.GrpcService (GrpcService.java:closeImpl(155)) - 3a5d5b16-15dc-4940-b3a3-401ea9a94175: shutdown server with port 39759 now
2019-08-29 10:01:15,855 [StateMachineUpdater:c4b7c157-a592-42f1-8daa-93be55f8212b:group-DDC327439CFC] INFO  ratis.ContainerStateMachine (ContainerStateMachine.java:takeSnapshot(294)) - group-DDC327439CFC: Finished taking a snapshot at:(t:2, i:14) file:/workdir/hadoop-ozone/integration-test/target/test-dir/MiniOzoneClusterImpl-f14b1e95-ba00-4e6c-8692-7616f74434d5/datanode-0/data/ratis/d1c443aa-df5a-459a-b552-ddc327439cfc/sm/snapshot.2_14 time:17
2019-08-29 10:01:15,856 [StateMachineUpdater:c4b7c157-a592-42f1-8daa-93be55f8212b:group-DDC327439CFC] INFO  impl.StateMachineUpdater (StateMachineUpdater.java:takeSnapshot(242)) - StateMachineUpdater:c4b7c157-a592-42f1-8daa-93be55f8212b:group-DDC327439CFC: Took a snapshot at index 14
2019-08-29 10:01:15,857 [main] INFO  server.GrpcService (GrpcService.java:closeImpl(163)) - 3a5d5b16-15dc-4940-b3a3-401ea9a94175: shutdown server with port 39759 successfully
2019-08-29 10:01:15,858 [StateMachineUpdater:c4b7c157-a592-42f1-8daa-93be55f8212b:group-DDC327439CFC] INFO  impl.StateMachineUpdater (StateMachineUpdater.java:lambda$new$0(80)) - StateMachineUpdater:c4b7c157-a592-42f1-8daa-93be55f8212b:group-DDC327439CFC: snapshotIndex: updateIncreasingly -1 -> 14
2019-08-29 10:01:15,858 [ForkJoinPool.commonPool-worker-0] INFO  impl.RaftServerImpl (ServerState.java:close(394)) - c4b7c157-a592-42f1-8daa-93be55f8212b:group-DDC327439CFC closes. The last applied log index is 15
2019-08-29 10:01:15,859 [c4b7c157-a592-42f1-8daa-93be55f8212b-SegmentedRaftLogWorker:Storage Directory /workdir/hadoop-ozone/integration-test/target/test-dir/MiniOzoneClusterImpl-f14b1e95-ba00-4e6c-8692-7616f74434d5/datanode-0/data/ratis/d1c443aa-df5a-459a-b552-ddc327439cfc] INFO  segmented.SegmentedRaftLogWorker (SegmentedRaftLogWorker.java:run(313)) - c4b7c157-a592-42f1-8daa-93be55f8212b-SegmentedRaftLogWorker:Storage Directory /workdir/hadoop-ozone/integration-test/target/test-dir/MiniOzoneClusterImpl-f14b1e95-ba00-4e6c-8692-7616f74434d5/datanode-0/data/ratis/d1c443aa-df5a-459a-b552-ddc327439cfc was interrupted, exiting. There are 0 tasks remaining in the queue.
2019-08-29 10:01:15,868 [ForkJoinPool.commonPool-worker-0] INFO  segmented.SegmentedRaftLogWorker (SegmentedRaftLogWorker.java:close(228)) - c4b7c157-a592-42f1-8daa-93be55f8212b-SegmentedRaftLogWorker:Storage Directory /workdir/hadoop-ozone/integration-test/target/test-dir/MiniOzoneClusterImpl-f14b1e95-ba00-4e6c-8692-7616f74434d5/datanode-0/data/ratis/d1c443aa-df5a-459a-b552-ddc327439cfc close()
2019-08-29 10:01:15,869 [main] INFO  utils.BackgroundService (BackgroundService.java:shutdown(148)) - Shutting down service BlockDeletingService
2019-08-29 10:01:15,869 [ForkJoinPool.commonPool-worker-0] INFO  impl.RaftServerImpl (RaftServerImpl.java:lambda$shutdown$3(245)) - c4b7c157-a592-42f1-8daa-93be55f8212b: shutdown group-8FC34FDB95FB
2019-08-29 10:01:15,870 [ForkJoinPool.commonPool-worker-0] INFO  util.JmxRegister (JmxRegister.java:unregister(73)) - Successfully un-registered JMX Bean with object name Ratis:service=RaftServer,group=group-8FC34FDB95FB,id=c4b7c157-a592-42f1-8daa-93be55f8212b
2019-08-29 10:01:15,871 [ForkJoinPool.commonPool-worker-0] INFO  impl.RoleInfo (RoleInfo.java:shutdownLeaderState(104)) - c4b7c157-a592-42f1-8daa-93be55f8212b: shutdown LeaderState
2019-08-29 10:01:15,871 [refreshUsed-/workdir/hadoop-ozone/integration-test/target/test-dir/MiniOzoneClusterImpl-f14b1e95-ba00-4e6c-8692-7616f74434d5/datanode-6/data/containers] WARN  fs.CachingGetSpaceUsed (CachingGetSpaceUsed.java:run(183)) - Thread Interrupted waiting to refresh disk information: sleep interrupted
2019-08-29 10:01:15,871 [ForkJoinPool.commonPool-worker-0] INFO  impl.PendingRequests (PendingRequests.java:sendNotLeaderResponses(202)) - c4b7c157-a592-42f1-8daa-93be55f8212b-PendingRequests: sendNotLeaderResponses
2019-08-29 10:01:15,872 [ForkJoinPool.commonPool-worker-0] INFO  impl.StateMachineUpdater (StateMachineUpdater.java:stopAndJoin(115)) - StateMachineUpdater:c4b7c157-a592-42f1-8daa-93be55f8212b:group-8FC34FDB95FB: set stopIndex = 0
2019-08-29 10:01:15,872 [ForkJoinPool.commonPool-worker-0] INFO  impl.RaftServerImpl (ServerState.java:close(394)) - c4b7c157-a592-42f1-8daa-93be55f8212b:group-8FC34FDB95FB closes. The last applied log index is 0
2019-08-29 10:01:15,872 [c4b7c157-a592-42f1-8daa-93be55f8212b-SegmentedRaftLogWorker:Storage Directory /workdir/hadoop-ozone/integration-test/target/test-dir/MiniOzoneClusterImpl-f14b1e95-ba00-4e6c-8692-7616f74434d5/datanode-0/data/ratis/6e596249-ca0d-49eb-8173-8fc34fdb95fb] INFO  segmented.SegmentedRaftLogWorker (SegmentedRaftLogWorker.java:run(313)) - c4b7c157-a592-42f1-8daa-93be55f8212b-SegmentedRaftLogWorker:Storage Directory /workdir/hadoop-ozone/integration-test/target/test-dir/MiniOzoneClusterImpl-f14b1e95-ba00-4e6c-8692-7616f74434d5/datanode-0/data/ratis/6e596249-ca0d-49eb-8173-8fc34fdb95fb was interrupted, exiting. There are 0 tasks remaining in the queue.
2019-08-29 10:01:15,873 [ForkJoinPool.commonPool-worker-0] INFO  segmented.SegmentedRaftLogWorker (SegmentedRaftLogWorker.java:close(228)) - c4b7c157-a592-42f1-8daa-93be55f8212b-SegmentedRaftLogWorker:Storage Directory /workdir/hadoop-ozone/integration-test/target/test-dir/MiniOzoneClusterImpl-f14b1e95-ba00-4e6c-8692-7616f74434d5/datanode-0/data/ratis/6e596249-ca0d-49eb-8173-8fc34fdb95fb close()
2019-08-29 10:01:15,873 [ForkJoinPool.commonPool-worker-0] INFO  server.GrpcService (GrpcService.java:closeImpl(155)) - c4b7c157-a592-42f1-8daa-93be55f8212b: shutdown server with port 43957 now
2019-08-29 10:01:15,873 [ForkJoinPool.commonPool-worker-0] INFO  server.GrpcService (GrpcService.java:closeImpl(163)) - c4b7c157-a592-42f1-8daa-93be55f8212b: shutdown server with port 43957 successfully
2019-08-29 10:01:15,874 [ForkJoinPool.commonPool-worker-0] INFO  utils.BackgroundService (BackgroundService.java:shutdown(148)) - Shutting down service BlockDeletingService
2019-08-29 10:01:15,875 [refreshUsed-/workdir/hadoop-ozone/integration-test/target/test-dir/MiniOzoneClusterImpl-f14b1e95-ba00-4e6c-8692-7616f74434d5/datanode-0/data/containers] WARN  fs.CachingGetSpaceUsed (CachingGetSpaceUsed.java:run(183)) - Thread Interrupted waiting to refresh disk information: sleep interrupted
2019-08-29 10:01:15,893 [main] INFO  statemachine.DatanodeStateMachine (DatanodeStateMachine.java:stopDaemon(395)) - Ozone container server stopped.
2019-08-29 10:01:15,894 [main] INFO  handler.ContextHandler (ContextHandler.java:doStop(910)) - Stopped o.e.j.w.WebAppContext@13f05e8e{/,null,UNAVAILABLE}{/hddsDatanode}
2019-08-29 10:01:15,895 [main] INFO  server.AbstractConnector (AbstractConnector.java:doStop(318)) - Stopped ServerConnector@7ff4f301{HTTP/1.1,[http/1.1]}{0.0.0.0:0}
2019-08-29 10:01:15,896 [main] INFO  handler.ContextHandler (ContextHandler.java:doStop(910)) - Stopped o.e.j.s.ServletContextHandler@4fc23215{/static,jar:file:/home/user/.m2/repository/org/apache/hadoop/hadoop-hdds-container-service/0.5.0-SNAPSHOT/hadoop-hdds-container-service-0.5.0-SNAPSHOT.jar!/webapps/static,UNAVAILABLE}
2019-08-29 10:01:15,896 [main] INFO  handler.ContextHandler (ContextHandler.java:doStop(910)) - Stopped o.e.j.s.ServletContextHandler@1140585{/logs,file:///workdir/hadoop-ozone/integration-test/target/log,UNAVAILABLE}
2019-08-29 10:01:15,898 [main] INFO  datanode.ObjectStoreHandler (ObjectStoreHandler.java:close(155)) - Closing ObjectStoreHandler.
2019-08-29 10:01:15,898 [main] INFO  ozone.HddsDatanodeService (HddsDatanodeService.java:stop(451)) - Stopped plug-in org.apache.hadoop.ozone.web.OzoneHddsDatanodeService@69789fec
2019-08-29 10:01:15,901 [ForkJoinPool.commonPool-worker-0] INFO  statemachine.DatanodeStateMachine (DatanodeStateMachine.java:stopDaemon(395)) - Ozone container server stopped.
2019-08-29 10:01:15,904 [ForkJoinPool.commonPool-worker-0] INFO  handler.ContextHandler (ContextHandler.java:doStop(910)) - Stopped o.e.j.w.WebAppContext@34eb24e2{/,null,UNAVAILABLE}{/hddsDatanode}
2019-08-29 10:01:15,905 [ForkJoinPool.commonPool-worker-0] INFO  server.AbstractConnector (AbstractConnector.java:doStop(318)) - Stopped ServerConnector@4d8d21a3{HTTP/1.1,[http/1.1]}{0.0.0.0:0}
2019-08-29 10:01:15,906 [ForkJoinPool.commonPool-worker-0] INFO  handler.ContextHandler (ContextHandler.java:doStop(910)) - Stopped o.e.j.s.ServletContextHandler@7f16cf71{/static,jar:file:/home/user/.m2/repository/org/apache/hadoop/hadoop-hdds-container-service/0.5.0-SNAPSHOT/hadoop-hdds-container-service-0.5.0-SNAPSHOT.jar!/webapps/static,UNAVAILABLE}
2019-08-29 10:01:15,907 [ForkJoinPool.commonPool-worker-0] INFO  handler.ContextHandler (ContextHandler.java:doStop(910)) - Stopped o.e.j.s.ServletContextHandler@2d60947f{/logs,file:///workdir/hadoop-ozone/integration-test/target/log,UNAVAILABLE}
2019-08-29 10:01:15,988 [grpc-default-executor-6] WARN  server.GrpcLogAppender (LogUtils.java:warn(134)) - a82d0560-fbbd-4e02-943e-0d91b09290d4->1f9ce788-27f8-4fe6-818b-71130e2aa710: Failed appendEntries: org.apache.ratis.thirdparty.io.grpc.StatusRuntimeException: UNAVAILABLE: io exception
2019-08-29 10:01:15,988 [grpc-default-executor-5] WARN  server.GrpcLogAppender (LogUtils.java:warn(134)) - a82d0560-fbbd-4e02-943e-0d91b09290d4->1172efdb-db01-40ba-b2d8-1219aa980c8c: Failed appendEntries: org.apache.ratis.thirdparty.io.grpc.StatusRuntimeException: UNAVAILABLE: io exception
2019-08-29 10:01:15,989 [grpc-default-executor-6] INFO  impl.FollowerInfo (FollowerInfo.java:lambda$new$0(50)) - a82d0560-fbbd-4e02-943e-0d91b09290d4->1f9ce788-27f8-4fe6-818b-71130e2aa710: nextIndex: updateUnconditionally 3 -> 2
2019-08-29 10:01:15,989 [grpc-default-executor-5] INFO  impl.FollowerInfo (FollowerInfo.java:lambda$new$0(50)) - a82d0560-fbbd-4e02-943e-0d91b09290d4->1172efdb-db01-40ba-b2d8-1219aa980c8c: nextIndex: updateUnconditionally 6 -> 5
2019-08-29 10:01:16,594 [Datanode State Machine Thread - 0] INFO  statemachine.DatanodeStateMachine (DatanodeStateMachine.java:lambda$startDaemon$0(350)) - Ozone container server started.
2019-08-29 10:01:18,489 [grpc-default-executor-5] WARN  server.GrpcLogAppender (LogUtils.java:warn(134)) - a82d0560-fbbd-4e02-943e-0d91b09290d4->1f9ce788-27f8-4fe6-818b-71130e2aa710: Failed appendEntries: org.apache.ratis.thirdparty.io.grpc.StatusRuntimeException: UNAVAILABLE: io exception
2019-08-29 10:01:18,489 [grpc-default-executor-8] WARN  server.GrpcLogAppender (LogUtils.java:warn(134)) - a82d0560-fbbd-4e02-943e-0d91b09290d4->1172efdb-db01-40ba-b2d8-1219aa980c8c: Failed appendEntries: org.apache.ratis.thirdparty.io.grpc.StatusRuntimeException: UNAVAILABLE: io exception
2019-08-29 10:01:18,489 [grpc-default-executor-5] INFO  impl.FollowerInfo (FollowerInfo.java:lambda$new$0(50)) - a82d0560-fbbd-4e02-943e-0d91b09290d4->1f9ce788-27f8-4fe6-818b-71130e2aa710: nextIndex: updateUnconditionally 2 -> 1
2019-08-29 10:01:18,489 [grpc-default-executor-8] INFO  impl.FollowerInfo (FollowerInfo.java:lambda$new$0(50)) - a82d0560-fbbd-4e02-943e-0d91b09290d4->1172efdb-db01-40ba-b2d8-1219aa980c8c: nextIndex: updateUnconditionally 5 -> 4
2019-08-29 10:01:20,612 [EventQueue-StaleNodeForStaleNodeHandler] INFO  node.StaleNodeHandler (StaleNodeHandler.java:onMessage(58)) - Datanode a82d0560-fbbd-4e02-943e-0d91b09290d4{ip: 192.168.36.71, host: pr-hdds-2030-kknj5-1067311611, networkLocation: /default-rack, certSerialId: null} moved to stale state. Finalizing its pipelines [PipelineID=2e3fccb6-da16-4be4-afb9-ac766320d942, PipelineID=fcbf47f8-3875-4bb5-87a1-b1fb6b979f35]
2019-08-29 10:01:20,613 [EventQueue-StaleNodeForStaleNodeHandler] INFO  pipeline.SCMPipelineManager (SCMPipelineManager.java:finalizeAndDestroyPipeline(309)) - destroying pipeline:Pipeline[ Id: 2e3fccb6-da16-4be4-afb9-ac766320d942, Nodes: 1172efdb-db01-40ba-b2d8-1219aa980c8c{ip: 192.168.36.71, host: pr-hdds-2030-kknj5-1067311611, networkLocation: /default-rack, certSerialId: null}1f9ce788-27f8-4fe6-818b-71130e2aa710{ip: 192.168.36.71, host: pr-hdds-2030-kknj5-1067311611, networkLocation: /default-rack, certSerialId: null}a82d0560-fbbd-4e02-943e-0d91b09290d4{ip: 192.168.36.71, host: pr-hdds-2030-kknj5-1067311611, networkLocation: /default-rack, certSerialId: null}, Type:RATIS, Factor:THREE, State:CLOSED]
2019-08-29 10:01:20,613 [EventQueue-StaleNodeForStaleNodeHandler] INFO  pipeline.SCMPipelineManager (SCMPipelineManager.java:finalizeAndDestroyPipeline(309)) - destroying pipeline:Pipeline[ Id: fcbf47f8-3875-4bb5-87a1-b1fb6b979f35, Nodes: a82d0560-fbbd-4e02-943e-0d91b09290d4{ip: 192.168.36.71, host: pr-hdds-2030-kknj5-1067311611, networkLocation: /default-rack, certSerialId: null}, Type:RATIS, Factor:ONE, State:OPEN]
2019-08-29 10:01:20,613 [EventQueue-StaleNodeForStaleNodeHandler] INFO  pipeline.PipelineStateManager (PipelineStateManager.java:finalizePipeline(123)) - Pipeline Pipeline[ Id: fcbf47f8-3875-4bb5-87a1-b1fb6b979f35, Nodes: a82d0560-fbbd-4e02-943e-0d91b09290d4{ip: 192.168.36.71, host: pr-hdds-2030-kknj5-1067311611, networkLocation: /default-rack, certSerialId: null}, Type:RATIS, Factor:ONE, State:CLOSED] moved to CLOSED state
2019-08-29 10:01:20,903 [main] INFO  ozoneimpl.OzoneContainer (OzoneContainer.java:stop(199)) - Attempting to stop container services.
2019-08-29 10:01:20,903 [main] INFO  impl.RaftServerProxy (RaftServerProxy.java:lambda$close$4(314)) - a82d0560-fbbd-4e02-943e-0d91b09290d4: close
2019-08-29 10:01:20,904 [main] INFO  impl.RaftServerImpl (RaftServerImpl.java:lambda$shutdown$3(245)) - a82d0560-fbbd-4e02-943e-0d91b09290d4: shutdown group-AC766320D942
2019-08-29 10:01:20,904 [ForkJoinPool.commonPool-worker-1] INFO  impl.RaftServerImpl (RaftServerImpl.java:lambda$shutdown$3(245)) - a82d0560-fbbd-4e02-943e-0d91b09290d4: shutdown group-B1FB6B979F35
2019-08-29 10:01:20,905 [main] INFO  util.JmxRegister (JmxRegister.java:unregister(73)) - Successfully un-registered JMX Bean with object name Ratis:service=RaftServer,group=group-AC766320D942,id=a82d0560-fbbd-4e02-943e-0d91b09290d4
2019-08-29 10:01:20,905 [ForkJoinPool.commonPool-worker-1] INFO  util.JmxRegister (JmxRegister.java:unregister(73)) - Successfully un-registered JMX Bean with object name Ratis:service=RaftServer,group=group-B1FB6B979F35,id=a82d0560-fbbd-4e02-943e-0d91b09290d4
2019-08-29 10:01:20,905 [main] INFO  impl.RoleInfo (RoleInfo.java:shutdownLeaderState(104)) - a82d0560-fbbd-4e02-943e-0d91b09290d4: shutdown LeaderState
2019-08-29 10:01:20,905 [ForkJoinPool.commonPool-worker-1] INFO  impl.RoleInfo (RoleInfo.java:shutdownLeaderState(104)) - a82d0560-fbbd-4e02-943e-0d91b09290d4: shutdown LeaderState
2019-08-29 10:01:20,909 [org.apache.ratis.server.impl.LogAppender$AppenderDaemon$$Lambda$461/450537864@58b6c5b5] WARN  server.GrpcLogAppender (GrpcLogAppender.java:mayWait(143)) - GrpcLogAppender(a82d0560-fbbd-4e02-943e-0d91b09290d4->1f9ce788-27f8-4fe6-818b-71130e2aa710): Wait interrupted by java.lang.InterruptedException
2019-08-29 10:01:20,909 [org.apache.ratis.server.impl.LogAppender$AppenderDaemon$$Lambda$461/450537864@1db440c7] WARN  server.GrpcLogAppender (GrpcLogAppender.java:mayWait(143)) - GrpcLogAppender(a82d0560-fbbd-4e02-943e-0d91b09290d4->1172efdb-db01-40ba-b2d8-1219aa980c8c): Wait interrupted by java.lang.InterruptedException
2019-08-29 10:01:20,909 [ForkJoinPool.commonPool-worker-1] INFO  impl.PendingRequests (PendingRequests.java:sendNotLeaderResponses(202)) - a82d0560-fbbd-4e02-943e-0d91b09290d4-PendingRequests: sendNotLeaderResponses
2019-08-29 10:01:20,909 [main] INFO  impl.PendingRequests (PendingRequests.java:sendNotLeaderResponses(202)) - a82d0560-fbbd-4e02-943e-0d91b09290d4-PendingRequests: sendNotLeaderResponses
2019-08-29 10:01:20,909 [ForkJoinPool.commonPool-worker-1] INFO  impl.StateMachineUpdater (StateMachineUpdater.java:stopAndJoin(115)) - StateMachineUpdater:a82d0560-fbbd-4e02-943e-0d91b09290d4:group-B1FB6B979F35: set stopIndex = 0
2019-08-29 10:01:20,912 [ForkJoinPool.commonPool-worker-1] INFO  impl.RaftServerImpl (ServerState.java:close(394)) - a82d0560-fbbd-4e02-943e-0d91b09290d4:group-B1FB6B979F35 closes. The last applied log index is 0
2019-08-29 10:01:20,912 [StateMachineUpdater:a82d0560-fbbd-4e02-943e-0d91b09290d4:group-AC766320D942] INFO  ratis.ContainerStateMachine (ContainerStateMachine.java:takeSnapshot(283)) - group-AC766320D942: Taking a snapshot at:(t:1, i:8) file /workdir/hadoop-ozone/integration-test/target/test-dir/MiniOzoneClusterImpl-f14b1e95-ba00-4e6c-8692-7616f74434d5/datanode-5/data/ratis/2e3fccb6-da16-4be4-afb9-ac766320d942/sm/snapshot.1_8
2019-08-29 10:01:20,912 [main] INFO  impl.StateMachineUpdater (StateMachineUpdater.java:stopAndJoin(115)) - StateMachineUpdater:a82d0560-fbbd-4e02-943e-0d91b09290d4:group-AC766320D942: set stopIndex = 8
2019-08-29 10:01:20,912 [a82d0560-fbbd-4e02-943e-0d91b09290d4-SegmentedRaftLogWorker:Storage Directory /workdir/hadoop-ozone/integration-test/target/test-dir/MiniOzoneClusterImpl-f14b1e95-ba00-4e6c-8692-7616f74434d5/datanode-5/data/ratis/fcbf47f8-3875-4bb5-87a1-b1fb6b979f35] INFO  segmented.SegmentedRaftLogWorker (SegmentedRaftLogWorker.java:run(313)) - a82d0560-fbbd-4e02-943e-0d91b09290d4-SegmentedRaftLogWorker:Storage Directory /workdir/hadoop-ozone/integration-test/target/test-dir/MiniOzoneClusterImpl-f14b1e95-ba00-4e6c-8692-7616f74434d5/datanode-5/data/ratis/fcbf47f8-3875-4bb5-87a1-b1fb6b979f35 was interrupted, exiting. There are 0 tasks remaining in the queue.
2019-08-29 10:01:20,925 [ForkJoinPool.commonPool-worker-1] INFO  segmented.SegmentedRaftLogWorker (SegmentedRaftLogWorker.java:close(228)) - a82d0560-fbbd-4e02-943e-0d91b09290d4-SegmentedRaftLogWorker:Storage Directory /workdir/hadoop-ozone/integration-test/target/test-dir/MiniOzoneClusterImpl-f14b1e95-ba00-4e6c-8692-7616f74434d5/datanode-5/data/ratis/fcbf47f8-3875-4bb5-87a1-b1fb6b979f35 close()
2019-08-29 10:01:20,928 [StateMachineUpdater:a82d0560-fbbd-4e02-943e-0d91b09290d4:group-AC766320D942] INFO  ratis.ContainerStateMachine (ContainerStateMachine.java:takeSnapshot(294)) - group-AC766320D942: Finished taking a snapshot at:(t:1, i:8) file:/workdir/hadoop-ozone/integration-test/target/test-dir/MiniOzoneClusterImpl-f14b1e95-ba00-4e6c-8692-7616f74434d5/datanode-5/data/ratis/2e3fccb6-da16-4be4-afb9-ac766320d942/sm/snapshot.1_8 time:16
2019-08-29 10:01:20,928 [StateMachineUpdater:a82d0560-fbbd-4e02-943e-0d91b09290d4:group-AC766320D942] INFO  impl.StateMachineUpdater (StateMachineUpdater.java:takeSnapshot(242)) - StateMachineUpdater:a82d0560-fbbd-4e02-943e-0d91b09290d4:group-AC766320D942: Took a snapshot at index 8
2019-08-29 10:01:20,929 [StateMachineUpdater:a82d0560-fbbd-4e02-943e-0d91b09290d4:group-AC766320D942] INFO  impl.StateMachineUpdater (StateMachineUpdater.java:lambda$new$0(80)) - StateMachineUpdater:a82d0560-fbbd-4e02-943e-0d91b09290d4:group-AC766320D942: snapshotIndex: updateIncreasingly -1 -> 8
2019-08-29 10:01:20,929 [main] INFO  impl.RaftServerImpl (ServerState.java:close(394)) - a82d0560-fbbd-4e02-943e-0d91b09290d4:group-AC766320D942 closes. The last applied log index is 8
2019-08-29 10:01:20,929 [a82d0560-fbbd-4e02-943e-0d91b09290d4-SegmentedRaftLogWorker:Storage Directory /workdir/hadoop-ozone/integration-test/target/test-dir/MiniOzoneClusterImpl-f14b1e95-ba00-4e6c-8692-7616f74434d5/datanode-5/data/ratis/2e3fccb6-da16-4be4-afb9-ac766320d942] INFO  segmented.SegmentedRaftLogWorker (SegmentedRaftLogWorker.java:run(313)) - a82d0560-fbbd-4e02-943e-0d91b09290d4-SegmentedRaftLogWorker:Storage Directory /workdir/hadoop-ozone/integration-test/target/test-dir/MiniOzoneClusterImpl-f14b1e95-ba00-4e6c-8692-7616f74434d5/datanode-5/data/ratis/2e3fccb6-da16-4be4-afb9-ac766320d942 was interrupted, exiting. There are 0 tasks remaining in the queue.
2019-08-29 10:01:20,930 [main] INFO  segmented.SegmentedRaftLogWorker (SegmentedRaftLogWorker.java:close(228)) - a82d0560-fbbd-4e02-943e-0d91b09290d4-SegmentedRaftLogWorker:Storage Directory /workdir/hadoop-ozone/integration-test/target/test-dir/MiniOzoneClusterImpl-f14b1e95-ba00-4e6c-8692-7616f74434d5/datanode-5/data/ratis/2e3fccb6-da16-4be4-afb9-ac766320d942 close()
2019-08-29 10:01:20,930 [main] INFO  server.GrpcService (GrpcService.java:closeImpl(155)) - a82d0560-fbbd-4e02-943e-0d91b09290d4: shutdown server with port 38920 now
2019-08-29 10:01:20,931 [main] INFO  server.GrpcService (GrpcService.java:closeImpl(163)) - a82d0560-fbbd-4e02-943e-0d91b09290d4: shutdown server with port 38920 successfully
2019-08-29 10:01:20,932 [main] INFO  utils.BackgroundService (BackgroundService.java:shutdown(148)) - Shutting down service BlockDeletingService
2019-08-29 10:01:20,933 [refreshUsed-/workdir/hadoop-ozone/integration-test/target/test-dir/MiniOzoneClusterImpl-f14b1e95-ba00-4e6c-8692-7616f74434d5/datanode-5/data/containers] WARN  fs.CachingGetSpaceUsed (CachingGetSpaceUsed.java:run(183)) - Thread Interrupted waiting to refresh disk information: sleep interrupted
2019-08-29 10:01:20,949 [main] INFO  statemachine.DatanodeStateMachine (DatanodeStateMachine.java:stopDaemon(395)) - Ozone container server stopped.
2019-08-29 10:01:20,950 [main] INFO  handler.ContextHandler (ContextHandler.java:doStop(910)) - Stopped o.e.j.w.WebAppContext@d9c54e6{/,null,UNAVAILABLE}{/hddsDatanode}
2019-08-29 10:01:20,951 [main] INFO  server.AbstractConnector (AbstractConnector.java:doStop(318)) - Stopped ServerConnector@570e6180{HTTP/1.1,[http/1.1]}{0.0.0.0:0}
2019-08-29 10:01:20,951 [main] INFO  handler.ContextHandler (ContextHandler.java:doStop(910)) - Stopped o.e.j.s.ServletContextHandler@3095f1eb{/static,jar:file:/home/user/.m2/repository/org/apache/hadoop/hadoop-hdds-container-service/0.5.0-SNAPSHOT/hadoop-hdds-container-service-0.5.0-SNAPSHOT.jar!/webapps/static,UNAVAILABLE}
2019-08-29 10:01:20,952 [main] INFO  handler.ContextHandler (ContextHandler.java:doStop(910)) - Stopped o.e.j.s.ServletContextHandler@29e7da9c{/logs,file:///workdir/hadoop-ozone/integration-test/target/log,UNAVAILABLE}
2019-08-29 10:01:20,953 [main] INFO  ozone.MiniOzoneClusterImpl (MiniOzoneClusterImpl.java:stop(353)) - Stopping the StorageContainerManager
2019-08-29 10:01:20,953 [main] INFO  server.StorageContainerManager (StorageContainerManager.java:stop(797)) - Stopping Replication Manager Service.
2019-08-29 10:01:20,953 [main] INFO  container.ReplicationManager (ReplicationManager.java:stop(193)) - Stopping Replication Monitor Thread.
2019-08-29 10:01:20,953 [main] INFO  server.StorageContainerManager (StorageContainerManager.java:stop(804)) - Stopping Lease Manager of the command watchers
2019-08-29 10:01:20,953 [main] INFO  server.StorageContainerManager (StorageContainerManager.java:stop(811)) - Stopping datanode service RPC server
2019-08-29 10:01:20,954 [main] INFO  server.SCMDatanodeProtocolServer (SCMDatanodeProtocolServer.java:stop(367)) - Stopping the RPC server for DataNodes
2019-08-29 10:01:20,954 [main] INFO  ipc.Server (Server.java:stop(3082)) - Stopping server on 37717
2019-08-29 10:01:20,959 [IPC Server listener on 37717] INFO  ipc.Server (Server.java:run(1185)) - Stopping IPC Server listener on 37717
2019-08-29 10:01:20,960 [IPC Server Responder] INFO  ipc.Server (Server.java:run(1319)) - Stopping IPC Server Responder
2019-08-29 10:01:21,013 [SCM Heartbeat Processing Thread - 0] WARN  node.NodeStateManager (NodeStateManager.java:scheduleNextHealthCheck(646)) - Current Thread is interrupted, shutting down HB processing thread for Node Manager.
2019-08-29 10:01:21,013 [main] INFO  server.StorageContainerManager (StorageContainerManager.java:stop(819)) - Stopping block service RPC server
2019-08-29 10:01:21,013 [main] INFO  server.SCMBlockProtocolServer (SCMBlockProtocolServer.java:stop(148)) - Stopping the RPC server for Block Protocol
2019-08-29 10:01:21,014 [main] INFO  ipc.Server (Server.java:stop(3082)) - Stopping server on 34590
2019-08-29 10:01:21,016 [IPC Server listener on 34590] INFO  ipc.Server (Server.java:run(1185)) - Stopping IPC Server listener on 34590
2019-08-29 10:01:21,016 [main] INFO  server.StorageContainerManager (StorageContainerManager.java:stop(826)) - Stopping the StorageContainerLocationProtocol RPC server
2019-08-29 10:01:21,016 [main] INFO  server.SCMClientProtocolServer (SCMClientProtocolServer.java:stop(159)) - Stopping the RPC server for Client Protocol
2019-08-29 10:01:21,016 [IPC Server Responder] INFO  ipc.Server (Server.java:run(1319)) - Stopping IPC Server Responder
2019-08-29 10:01:21,016 [main] INFO  ipc.Server (Server.java:stop(3082)) - Stopping server on 38976
2019-08-29 10:01:21,017 [main] INFO  server.StorageContainerManager (StorageContainerManager.java:stop(833)) - Stopping Storage Container Manager HTTP server.
2019-08-29 10:01:21,019 [IPC Server listener on 38976] INFO  ipc.Server (Server.java:run(1185)) - Stopping IPC Server listener on 38976
2019-08-29 10:01:21,019 [IPC Server Responder] INFO  ipc.Server (Server.java:run(1319)) - Stopping IPC Server Responder
2019-08-29 10:01:21,019 [main] INFO  handler.ContextHandler (ContextHandler.java:doStop(910)) - Stopped o.e.j.w.WebAppContext@1f481ec3{/,null,UNAVAILABLE}{/scm}
2019-08-29 10:01:21,020 [main] INFO  server.AbstractConnector (AbstractConnector.java:doStop(318)) - Stopped ServerConnector@2b4a0be0{HTTP/1.1,[http/1.1]}{0.0.0.0:0}
2019-08-29 10:01:21,021 [main] INFO  handler.ContextHandler (ContextHandler.java:doStop(910)) - Stopped o.e.j.s.ServletContextHandler@4469046b{/static,file:///workdir/hadoop-ozone/integration-test/target/test-classes/webapps/static,UNAVAILABLE}
2019-08-29 10:01:21,021 [main] INFO  handler.ContextHandler (ContextHandler.java:doStop(910)) - Stopped o.e.j.s.ServletContextHandler@7a8c01ef{/logs,file:///workdir/hadoop-ozone/integration-test/target/log,UNAVAILABLE}
2019-08-29 10:01:21,022 [main] INFO  server.StorageContainerManager (StorageContainerManager.java:stop(844)) - Stopping Block Manager Service.
2019-08-29 10:01:21,022 [main] INFO  utils.BackgroundService (BackgroundService.java:shutdown(148)) - Shutting down service SCMBlockDeletingService
2019-08-29 10:01:21,022 [main] INFO  utils.BackgroundService (BackgroundService.java:shutdown(148)) - Shutting down service SCMBlockDeletingService
2019-08-29 10:01:21,022 [main] INFO  server.StorageContainerManager (StorageContainerManager.java:stop(866)) - Stopping SCM Event Queue.
2019-08-29 10:01:21,026 [main] INFO  impl.MetricsSystemImpl (MetricsSystemImpl.java:stop(210)) - Stopping HddsDatanode metrics system...
2019-08-29 10:01:21,035 [main] INFO  impl.MetricsSystemImpl (MetricsSystemImpl.java:stop(216)) - HddsDatanode metrics system stopped.
]]></system-out>
    <system-err><![CDATA[Aug 29, 2019 10:00:39 AM com.sun.jersey.server.impl.application.WebApplicationImpl _initiate
INFO: Initiating Jersey application, version 'Jersey: 1.19 02/11/2015 03:25 AM'
Aug 29, 2019 10:00:39 AM com.sun.jersey.server.impl.application.WebApplicationImpl _initiate
INFO: Initiating Jersey application, version 'Jersey: 1.19 02/11/2015 03:25 AM'
Aug 29, 2019 10:00:40 AM com.sun.jersey.server.impl.application.WebApplicationImpl _initiate
INFO: Initiating Jersey application, version 'Jersey: 1.19 02/11/2015 03:25 AM'
Aug 29, 2019 10:00:40 AM com.sun.jersey.server.impl.application.WebApplicationImpl _initiate
INFO: Initiating Jersey application, version 'Jersey: 1.19 02/11/2015 03:25 AM'
Aug 29, 2019 10:00:40 AM com.sun.jersey.server.impl.application.WebApplicationImpl _initiate
INFO: Initiating Jersey application, version 'Jersey: 1.19 02/11/2015 03:25 AM'
Aug 29, 2019 10:00:40 AM com.sun.jersey.server.impl.application.WebApplicationImpl _initiate
INFO: Initiating Jersey application, version 'Jersey: 1.19 02/11/2015 03:25 AM'
Aug 29, 2019 10:00:40 AM com.sun.jersey.server.impl.application.WebApplicationImpl _initiate
INFO: Initiating Jersey application, version 'Jersey: 1.19 02/11/2015 03:25 AM'
Aug 29, 2019 10:00:41 AM org.apache.ratis.thirdparty.io.grpc.internal.ManagedChannelOrphanWrapper$ManagedChannelReference cleanQueue
SEVERE: *~*~*~ Channel ManagedChannelImpl{logId=3757, target=192.168.36.71:38473} was not shutdown properly!!! ~*~*~*
    Make sure to call shutdown()/shutdownNow() and wait until awaitTermination() returns true.
java.lang.RuntimeException: ManagedChannel allocation site
	at org.apache.ratis.thirdparty.io.grpc.internal.ManagedChannelOrphanWrapper$ManagedChannelReference.<init>(ManagedChannelOrphanWrapper.java:103)
	at org.apache.ratis.thirdparty.io.grpc.internal.ManagedChannelOrphanWrapper.<init>(ManagedChannelOrphanWrapper.java:53)
	at org.apache.ratis.thirdparty.io.grpc.internal.ManagedChannelOrphanWrapper.<init>(ManagedChannelOrphanWrapper.java:44)
	at org.apache.ratis.thirdparty.io.grpc.internal.AbstractManagedChannelImplBuilder.build(AbstractManagedChannelImplBuilder.java:411)
	at org.apache.hadoop.hdds.scm.XceiverClientGrpc.connectToDatanode(XceiverClientGrpc.java:174)
	at org.apache.hadoop.hdds.scm.XceiverClientGrpc.reconnect(XceiverClientGrpc.java:422)
	at org.apache.hadoop.hdds.scm.XceiverClientGrpc.sendCommandAsync(XceiverClientGrpc.java:371)
	at org.apache.hadoop.hdds.scm.XceiverClientGrpc.sendCommandWithRetry(XceiverClientGrpc.java:284)
	at org.apache.hadoop.hdds.scm.XceiverClientGrpc.sendCommandWithTraceIDAndRetry(XceiverClientGrpc.java:250)
	at org.apache.hadoop.hdds.scm.XceiverClientGrpc.sendCommand(XceiverClientGrpc.java:233)
	at org.apache.hadoop.hdds.scm.storage.ContainerProtocolCalls.readChunk(ContainerProtocolCalls.java:245)
	at org.apache.hadoop.hdds.scm.storage.ChunkInputStream.readChunk(ChunkInputStream.java:335)
	at org.apache.hadoop.hdds.scm.storage.ChunkInputStream.readChunkFromContainer(ChunkInputStream.java:307)
	at org.apache.hadoop.hdds.scm.storage.ChunkInputStream.prepareRead(ChunkInputStream.java:259)
	at org.apache.hadoop.hdds.scm.storage.ChunkInputStream.read(ChunkInputStream.java:144)
	at org.apache.hadoop.hdds.scm.storage.BlockInputStream.read(BlockInputStream.java:239)
	at org.apache.hadoop.ozone.client.io.KeyInputStream.read(KeyInputStream.java:171)
	at org.apache.hadoop.ozone.client.io.OzoneInputStream.read(OzoneInputStream.java:47)
	at java.io.InputStream.read(InputStream.java:101)
	at org.apache.hadoop.ozone.container.ContainerTestHelper.validateData(ContainerTestHelper.java:713)
	at org.apache.hadoop.ozone.client.rpc.TestBlockOutputStreamWithFailures.validateData(TestBlockOutputStreamWithFailures.java:1216)
	at org.apache.hadoop.ozone.client.rpc.TestBlockOutputStreamWithFailures.testWatchForCommitWithCloseContainerException(TestBlockOutputStreamWithFailures.java:260)
	at sun.reflect.NativeMethodAccessorImpl.invoke0(Native Method)
	at sun.reflect.NativeMethodAccessorImpl.invoke(NativeMethodAccessorImpl.java:62)
	at sun.reflect.DelegatingMethodAccessorImpl.invoke(DelegatingMethodAccessorImpl.java:43)
	at java.lang.reflect.Method.invoke(Method.java:498)
	at org.junit.runners.model.FrameworkMethod$1.runReflectiveCall(FrameworkMethod.java:47)
	at org.junit.internal.runners.model.ReflectiveCallable.run(ReflectiveCallable.java:12)
	at org.junit.runners.model.FrameworkMethod.invokeExplosively(FrameworkMethod.java:44)
	at org.junit.internal.runners.statements.InvokeMethod.evaluate(InvokeMethod.java:17)
	at org.junit.internal.runners.statements.RunBefores.evaluate(RunBefores.java:26)
	at org.junit.internal.runners.statements.RunAfters.evaluate(RunAfters.java:27)
	at org.junit.runners.ParentRunner.runLeaf(ParentRunner.java:271)
	at org.junit.runners.BlockJUnit4ClassRunner.runChild(BlockJUnit4ClassRunner.java:70)
	at org.junit.runners.BlockJUnit4ClassRunner.runChild(BlockJUnit4ClassRunner.java:50)
	at org.junit.runners.ParentRunner$3.run(ParentRunner.java:238)
	at org.junit.runners.ParentRunner$1.schedule(ParentRunner.java:63)
	at org.junit.runners.ParentRunner.runChildren(ParentRunner.java:236)
	at org.junit.runners.ParentRunner.access$000(ParentRunner.java:53)
	at org.junit.runners.ParentRunner$2.evaluate(ParentRunner.java:229)
	at org.junit.runners.ParentRunner.run(ParentRunner.java:309)
	at org.apache.maven.surefire.junit4.JUnit4Provider.execute(JUnit4Provider.java:365)
	at org.apache.maven.surefire.junit4.JUnit4Provider.executeWithRerun(JUnit4Provider.java:273)
	at org.apache.maven.surefire.junit4.JUnit4Provider.executeTestSet(JUnit4Provider.java:238)
	at org.apache.maven.surefire.junit4.JUnit4Provider.invoke(JUnit4Provider.java:159)
	at org.apache.maven.surefire.booter.ForkedBooter.invokeProviderInSameClassLoader(ForkedBooter.java:384)
	at org.apache.maven.surefire.booter.ForkedBooter.runSuitesInProcess(ForkedBooter.java:345)
	at org.apache.maven.surefire.booter.ForkedBooter.execute(ForkedBooter.java:126)
	at org.apache.maven.surefire.booter.ForkedBooter.main(ForkedBooter.java:418)

Aug 29, 2019 10:00:41 AM org.apache.ratis.thirdparty.io.grpc.internal.ManagedChannelOrphanWrapper$ManagedChannelReference cleanQueue
SEVERE: *~*~*~ Channel ManagedChannelImpl{logId=3752, target=192.168.36.71:45591} was not shutdown properly!!! ~*~*~*
    Make sure to call shutdown()/shutdownNow() and wait until awaitTermination() returns true.
java.lang.RuntimeException: ManagedChannel allocation site
	at org.apache.ratis.thirdparty.io.grpc.internal.ManagedChannelOrphanWrapper$ManagedChannelReference.<init>(ManagedChannelOrphanWrapper.java:103)
	at org.apache.ratis.thirdparty.io.grpc.internal.ManagedChannelOrphanWrapper.<init>(ManagedChannelOrphanWrapper.java:53)
	at org.apache.ratis.thirdparty.io.grpc.internal.ManagedChannelOrphanWrapper.<init>(ManagedChannelOrphanWrapper.java:44)
	at org.apache.ratis.thirdparty.io.grpc.internal.AbstractManagedChannelImplBuilder.build(AbstractManagedChannelImplBuilder.java:411)
	at org.apache.hadoop.hdds.scm.XceiverClientGrpc.connectToDatanode(XceiverClientGrpc.java:174)
	at org.apache.hadoop.hdds.scm.XceiverClientGrpc.reconnect(XceiverClientGrpc.java:422)
	at org.apache.hadoop.hdds.scm.XceiverClientGrpc.sendCommandAsync(XceiverClientGrpc.java:371)
	at org.apache.hadoop.hdds.scm.XceiverClientGrpc.sendCommandWithRetry(XceiverClientGrpc.java:284)
	at org.apache.hadoop.hdds.scm.XceiverClientGrpc.sendCommandWithTraceIDAndRetry(XceiverClientGrpc.java:250)
	at org.apache.hadoop.hdds.scm.XceiverClientGrpc.sendCommand(XceiverClientGrpc.java:233)
	at org.apache.hadoop.hdds.scm.storage.ContainerProtocolCalls.readChunk(ContainerProtocolCalls.java:245)
	at org.apache.hadoop.hdds.scm.storage.ChunkInputStream.readChunk(ChunkInputStream.java:335)
	at org.apache.hadoop.hdds.scm.storage.ChunkInputStream.readChunkFromContainer(ChunkInputStream.java:307)
	at org.apache.hadoop.hdds.scm.storage.ChunkInputStream.prepareRead(ChunkInputStream.java:259)
	at org.apache.hadoop.hdds.scm.storage.ChunkInputStream.read(ChunkInputStream.java:144)
	at org.apache.hadoop.hdds.scm.storage.BlockInputStream.read(BlockInputStream.java:239)
	at org.apache.hadoop.ozone.client.io.KeyInputStream.read(KeyInputStream.java:171)
	at org.apache.hadoop.ozone.client.io.OzoneInputStream.read(OzoneInputStream.java:47)
	at java.io.InputStream.read(InputStream.java:101)
	at org.apache.hadoop.ozone.container.ContainerTestHelper.validateData(ContainerTestHelper.java:713)
	at org.apache.hadoop.ozone.client.rpc.TestBlockOutputStreamWithFailures.validateData(TestBlockOutputStreamWithFailures.java:1216)
	at org.apache.hadoop.ozone.client.rpc.TestBlockOutputStreamWithFailures.testWatchForCommitWithCloseContainerException(TestBlockOutputStreamWithFailures.java:260)
	at sun.reflect.NativeMethodAccessorImpl.invoke0(Native Method)
	at sun.reflect.NativeMethodAccessorImpl.invoke(NativeMethodAccessorImpl.java:62)
	at sun.reflect.DelegatingMethodAccessorImpl.invoke(DelegatingMethodAccessorImpl.java:43)
	at java.lang.reflect.Method.invoke(Method.java:498)
	at org.junit.runners.model.FrameworkMethod$1.runReflectiveCall(FrameworkMethod.java:47)
	at org.junit.internal.runners.model.ReflectiveCallable.run(ReflectiveCallable.java:12)
	at org.junit.runners.model.FrameworkMethod.invokeExplosively(FrameworkMethod.java:44)
	at org.junit.internal.runners.statements.InvokeMethod.evaluate(InvokeMethod.java:17)
	at org.junit.internal.runners.statements.RunBefores.evaluate(RunBefores.java:26)
	at org.junit.internal.runners.statements.RunAfters.evaluate(RunAfters.java:27)
	at org.junit.runners.ParentRunner.runLeaf(ParentRunner.java:271)
	at org.junit.runners.BlockJUnit4ClassRunner.runChild(BlockJUnit4ClassRunner.java:70)
	at org.junit.runners.BlockJUnit4ClassRunner.runChild(BlockJUnit4ClassRunner.java:50)
	at org.junit.runners.ParentRunner$3.run(ParentRunner.java:238)
	at org.junit.runners.ParentRunner$1.schedule(ParentRunner.java:63)
	at org.junit.runners.ParentRunner.runChildren(ParentRunner.java:236)
	at org.junit.runners.ParentRunner.access$000(ParentRunner.java:53)
	at org.junit.runners.ParentRunner$2.evaluate(ParentRunner.java:229)
	at org.junit.runners.ParentRunner.run(ParentRunner.java:309)
	at org.apache.maven.surefire.junit4.JUnit4Provider.execute(JUnit4Provider.java:365)
	at org.apache.maven.surefire.junit4.JUnit4Provider.executeWithRerun(JUnit4Provider.java:273)
	at org.apache.maven.surefire.junit4.JUnit4Provider.executeTestSet(JUnit4Provider.java:238)
	at org.apache.maven.surefire.junit4.JUnit4Provider.invoke(JUnit4Provider.java:159)
	at org.apache.maven.surefire.booter.ForkedBooter.invokeProviderInSameClassLoader(ForkedBooter.java:384)
	at org.apache.maven.surefire.booter.ForkedBooter.runSuitesInProcess(ForkedBooter.java:345)
	at org.apache.maven.surefire.booter.ForkedBooter.execute(ForkedBooter.java:126)
	at org.apache.maven.surefire.booter.ForkedBooter.main(ForkedBooter.java:418)

Aug 29, 2019 10:00:41 AM org.apache.ratis.thirdparty.io.grpc.internal.ManagedChannelOrphanWrapper$ManagedChannelReference cleanQueue
SEVERE: *~*~*~ Channel ManagedChannelImpl{logId=3737, target=192.168.36.71:34948} was not shutdown properly!!! ~*~*~*
    Make sure to call shutdown()/shutdownNow() and wait until awaitTermination() returns true.
java.lang.RuntimeException: ManagedChannel allocation site
	at org.apache.ratis.thirdparty.io.grpc.internal.ManagedChannelOrphanWrapper$ManagedChannelReference.<init>(ManagedChannelOrphanWrapper.java:103)
	at org.apache.ratis.thirdparty.io.grpc.internal.ManagedChannelOrphanWrapper.<init>(ManagedChannelOrphanWrapper.java:53)
	at org.apache.ratis.thirdparty.io.grpc.internal.ManagedChannelOrphanWrapper.<init>(ManagedChannelOrphanWrapper.java:44)
	at org.apache.ratis.thirdparty.io.grpc.internal.AbstractManagedChannelImplBuilder.build(AbstractManagedChannelImplBuilder.java:411)
	at org.apache.hadoop.hdds.scm.XceiverClientGrpc.connectToDatanode(XceiverClientGrpc.java:174)
	at org.apache.hadoop.hdds.scm.XceiverClientGrpc.reconnect(XceiverClientGrpc.java:422)
	at org.apache.hadoop.hdds.scm.XceiverClientGrpc.sendCommandAsync(XceiverClientGrpc.java:371)
	at org.apache.hadoop.hdds.scm.XceiverClientGrpc.sendCommandWithRetry(XceiverClientGrpc.java:284)
	at org.apache.hadoop.hdds.scm.XceiverClientGrpc.sendCommandWithTraceIDAndRetry(XceiverClientGrpc.java:250)
	at org.apache.hadoop.hdds.scm.XceiverClientGrpc.sendCommand(XceiverClientGrpc.java:233)
	at org.apache.hadoop.hdds.scm.storage.ContainerProtocolCalls.getBlock(ContainerProtocolCalls.java:118)
	at org.apache.hadoop.hdds.scm.storage.BlockInputStream.getChunkInfos(BlockInputStream.java:167)
	at org.apache.hadoop.hdds.scm.storage.BlockInputStream.initialize(BlockInputStream.java:118)
	at org.apache.hadoop.hdds.scm.storage.BlockInputStream.read(BlockInputStream.java:222)
	at org.apache.hadoop.ozone.client.io.KeyInputStream.read(KeyInputStream.java:171)
	at org.apache.hadoop.ozone.client.io.OzoneInputStream.read(OzoneInputStream.java:47)
	at java.io.InputStream.read(InputStream.java:101)
	at org.apache.hadoop.ozone.container.ContainerTestHelper.validateData(ContainerTestHelper.java:713)
	at org.apache.hadoop.ozone.client.rpc.TestBlockOutputStreamWithFailures.validateData(TestBlockOutputStreamWithFailures.java:1216)
	at org.apache.hadoop.ozone.client.rpc.TestBlockOutputStreamWithFailures.testWatchForCommitWithCloseContainerException(TestBlockOutputStreamWithFailures.java:260)
	at sun.reflect.NativeMethodAccessorImpl.invoke0(Native Method)
	at sun.reflect.NativeMethodAccessorImpl.invoke(NativeMethodAccessorImpl.java:62)
	at sun.reflect.DelegatingMethodAccessorImpl.invoke(DelegatingMethodAccessorImpl.java:43)
	at java.lang.reflect.Method.invoke(Method.java:498)
	at org.junit.runners.model.FrameworkMethod$1.runReflectiveCall(FrameworkMethod.java:47)
	at org.junit.internal.runners.model.ReflectiveCallable.run(ReflectiveCallable.java:12)
	at org.junit.runners.model.FrameworkMethod.invokeExplosively(FrameworkMethod.java:44)
	at org.junit.internal.runners.statements.InvokeMethod.evaluate(InvokeMethod.java:17)
	at org.junit.internal.runners.statements.RunBefores.evaluate(RunBefores.java:26)
	at org.junit.internal.runners.statements.RunAfters.evaluate(RunAfters.java:27)
	at org.junit.runners.ParentRunner.runLeaf(ParentRunner.java:271)
	at org.junit.runners.BlockJUnit4ClassRunner.runChild(BlockJUnit4ClassRunner.java:70)
	at org.junit.runners.BlockJUnit4ClassRunner.runChild(BlockJUnit4ClassRunner.java:50)
	at org.junit.runners.ParentRunner$3.run(ParentRunner.java:238)
	at org.junit.runners.ParentRunner$1.schedule(ParentRunner.java:63)
	at org.junit.runners.ParentRunner.runChildren(ParentRunner.java:236)
	at org.junit.runners.ParentRunner.access$000(ParentRunner.java:53)
	at org.junit.runners.ParentRunner$2.evaluate(ParentRunner.java:229)
	at org.junit.runners.ParentRunner.run(ParentRunner.java:309)
	at org.apache.maven.surefire.junit4.JUnit4Provider.execute(JUnit4Provider.java:365)
	at org.apache.maven.surefire.junit4.JUnit4Provider.executeWithRerun(JUnit4Provider.java:273)
	at org.apache.maven.surefire.junit4.JUnit4Provider.executeTestSet(JUnit4Provider.java:238)
	at org.apache.maven.surefire.junit4.JUnit4Provider.invoke(JUnit4Provider.java:159)
	at org.apache.maven.surefire.booter.ForkedBooter.invokeProviderInSameClassLoader(ForkedBooter.java:384)
	at org.apache.maven.surefire.booter.ForkedBooter.runSuitesInProcess(ForkedBooter.java:345)
	at org.apache.maven.surefire.booter.ForkedBooter.execute(ForkedBooter.java:126)
	at org.apache.maven.surefire.booter.ForkedBooter.main(ForkedBooter.java:418)

Aug 29, 2019 10:00:41 AM org.apache.ratis.thirdparty.io.grpc.internal.ManagedChannelOrphanWrapper$ManagedChannelReference cleanQueue
SEVERE: *~*~*~ Channel ManagedChannelImpl{logId=3747, target=192.168.36.71:34948} was not shutdown properly!!! ~*~*~*
    Make sure to call shutdown()/shutdownNow() and wait until awaitTermination() returns true.
java.lang.RuntimeException: ManagedChannel allocation site
	at org.apache.ratis.thirdparty.io.grpc.internal.ManagedChannelOrphanWrapper$ManagedChannelReference.<init>(ManagedChannelOrphanWrapper.java:103)
	at org.apache.ratis.thirdparty.io.grpc.internal.ManagedChannelOrphanWrapper.<init>(ManagedChannelOrphanWrapper.java:53)
	at org.apache.ratis.thirdparty.io.grpc.internal.ManagedChannelOrphanWrapper.<init>(ManagedChannelOrphanWrapper.java:44)
	at org.apache.ratis.thirdparty.io.grpc.internal.AbstractManagedChannelImplBuilder.build(AbstractManagedChannelImplBuilder.java:411)
	at org.apache.hadoop.hdds.scm.XceiverClientGrpc.connectToDatanode(XceiverClientGrpc.java:174)
	at org.apache.hadoop.hdds.scm.XceiverClientGrpc.reconnect(XceiverClientGrpc.java:422)
	at org.apache.hadoop.hdds.scm.XceiverClientGrpc.sendCommandAsync(XceiverClientGrpc.java:371)
	at org.apache.hadoop.hdds.scm.XceiverClientGrpc.sendCommandWithRetry(XceiverClientGrpc.java:284)
	at org.apache.hadoop.hdds.scm.XceiverClientGrpc.sendCommandWithTraceIDAndRetry(XceiverClientGrpc.java:250)
	at org.apache.hadoop.hdds.scm.XceiverClientGrpc.sendCommand(XceiverClientGrpc.java:233)
	at org.apache.hadoop.hdds.scm.storage.ContainerProtocolCalls.getBlock(ContainerProtocolCalls.java:118)
	at org.apache.hadoop.hdds.scm.storage.BlockInputStream.getChunkInfos(BlockInputStream.java:167)
	at org.apache.hadoop.hdds.scm.storage.BlockInputStream.initialize(BlockInputStream.java:118)
	at org.apache.hadoop.hdds.scm.storage.BlockInputStream.read(BlockInputStream.java:222)
	at org.apache.hadoop.ozone.client.io.KeyInputStream.read(KeyInputStream.java:171)
	at org.apache.hadoop.ozone.client.io.OzoneInputStream.read(OzoneInputStream.java:47)
	at java.io.InputStream.read(InputStream.java:101)
	at org.apache.hadoop.ozone.container.ContainerTestHelper.validateData(ContainerTestHelper.java:713)
	at org.apache.hadoop.ozone.client.rpc.TestBlockOutputStreamWithFailures.validateData(TestBlockOutputStreamWithFailures.java:1216)
	at org.apache.hadoop.ozone.client.rpc.TestBlockOutputStreamWithFailures.testWatchForCommitWithCloseContainerException(TestBlockOutputStreamWithFailures.java:260)
	at sun.reflect.NativeMethodAccessorImpl.invoke0(Native Method)
	at sun.reflect.NativeMethodAccessorImpl.invoke(NativeMethodAccessorImpl.java:62)
	at sun.reflect.DelegatingMethodAccessorImpl.invoke(DelegatingMethodAccessorImpl.java:43)
	at java.lang.reflect.Method.invoke(Method.java:498)
	at org.junit.runners.model.FrameworkMethod$1.runReflectiveCall(FrameworkMethod.java:47)
	at org.junit.internal.runners.model.ReflectiveCallable.run(ReflectiveCallable.java:12)
	at org.junit.runners.model.FrameworkMethod.invokeExplosively(FrameworkMethod.java:44)
	at org.junit.internal.runners.statements.InvokeMethod.evaluate(InvokeMethod.java:17)
	at org.junit.internal.runners.statements.RunBefores.evaluate(RunBefores.java:26)
	at org.junit.internal.runners.statements.RunAfters.evaluate(RunAfters.java:27)
	at org.junit.runners.ParentRunner.runLeaf(ParentRunner.java:271)
	at org.junit.runners.BlockJUnit4ClassRunner.runChild(BlockJUnit4ClassRunner.java:70)
	at org.junit.runners.BlockJUnit4ClassRunner.runChild(BlockJUnit4ClassRunner.java:50)
	at org.junit.runners.ParentRunner$3.run(ParentRunner.java:238)
	at org.junit.runners.ParentRunner$1.schedule(ParentRunner.java:63)
	at org.junit.runners.ParentRunner.runChildren(ParentRunner.java:236)
	at org.junit.runners.ParentRunner.access$000(ParentRunner.java:53)
	at org.junit.runners.ParentRunner$2.evaluate(ParentRunner.java:229)
	at org.junit.runners.ParentRunner.run(ParentRunner.java:309)
	at org.apache.maven.surefire.junit4.JUnit4Provider.execute(JUnit4Provider.java:365)
	at org.apache.maven.surefire.junit4.JUnit4Provider.executeWithRerun(JUnit4Provider.java:273)
	at org.apache.maven.surefire.junit4.JUnit4Provider.executeTestSet(JUnit4Provider.java:238)
	at org.apache.maven.surefire.junit4.JUnit4Provider.invoke(JUnit4Provider.java:159)
	at org.apache.maven.surefire.booter.ForkedBooter.invokeProviderInSameClassLoader(ForkedBooter.java:384)
	at org.apache.maven.surefire.booter.ForkedBooter.runSuitesInProcess(ForkedBooter.java:345)
	at org.apache.maven.surefire.booter.ForkedBooter.execute(ForkedBooter.java:126)
	at org.apache.maven.surefire.booter.ForkedBooter.main(ForkedBooter.java:418)

Aug 29, 2019 10:00:41 AM org.apache.ratis.thirdparty.io.grpc.internal.ManagedChannelOrphanWrapper$ManagedChannelReference cleanQueue
SEVERE: *~*~*~ Channel ManagedChannelImpl{logId=3728, target=192.168.36.71:45881} was not shutdown properly!!! ~*~*~*
    Make sure to call shutdown()/shutdownNow() and wait until awaitTermination() returns true.
java.lang.RuntimeException: ManagedChannel allocation site
	at org.apache.ratis.thirdparty.io.grpc.internal.ManagedChannelOrphanWrapper$ManagedChannelReference.<init>(ManagedChannelOrphanWrapper.java:103)
	at org.apache.ratis.thirdparty.io.grpc.internal.ManagedChannelOrphanWrapper.<init>(ManagedChannelOrphanWrapper.java:53)
	at org.apache.ratis.thirdparty.io.grpc.internal.ManagedChannelOrphanWrapper.<init>(ManagedChannelOrphanWrapper.java:44)
	at org.apache.ratis.thirdparty.io.grpc.internal.AbstractManagedChannelImplBuilder.build(AbstractManagedChannelImplBuilder.java:411)
	at org.apache.ratis.grpc.client.GrpcClientProtocolClient.<init>(GrpcClientProtocolClient.java:119)
	at org.apache.ratis.grpc.client.GrpcClientRpc.lambda$new$0(GrpcClientRpc.java:55)
	at org.apache.ratis.util.PeerProxyMap$PeerAndProxy.lambda$getProxy$0(PeerProxyMap.java:61)
	at org.apache.ratis.util.LifeCycle.startAndTransition(LifeCycle.java:202)
	at org.apache.ratis.util.PeerProxyMap$PeerAndProxy.getProxy(PeerProxyMap.java:60)
	at org.apache.ratis.util.PeerProxyMap.getProxy(PeerProxyMap.java:107)
	at org.apache.ratis.grpc.client.GrpcClientRpc.sendRequestAsync(GrpcClientRpc.java:66)
	at org.apache.ratis.client.impl.OrderedAsync.sendRequest(OrderedAsync.java:208)
	at org.apache.ratis.client.impl.OrderedAsync.sendRequestWithRetry(OrderedAsync.java:169)
	at org.apache.ratis.util.SlidingWindow$Client.sendOrDelayRequest(SlidingWindow.java:278)
	at org.apache.ratis.util.SlidingWindow$Client.retry(SlidingWindow.java:294)
	at org.apache.ratis.client.impl.OrderedAsync.lambda$scheduleWithTimeout$7(OrderedAsync.java:195)
	at org.apache.ratis.util.TimeoutScheduler.lambda$onTimeout$0(TimeoutScheduler.java:85)
	at org.apache.ratis.util.TimeoutScheduler.lambda$onTimeout$1(TimeoutScheduler.java:104)
	at org.apache.ratis.util.LogUtils.runAndLog(LogUtils.java:50)
	at org.apache.ratis.util.LogUtils$1.run(LogUtils.java:91)
	at java.util.concurrent.Executors$RunnableAdapter.call(Executors.java:511)
	at java.util.concurrent.FutureTask.run(FutureTask.java:266)
	at java.util.concurrent.ScheduledThreadPoolExecutor$ScheduledFutureTask.access$201(ScheduledThreadPoolExecutor.java:180)
	at java.util.concurrent.ScheduledThreadPoolExecutor$ScheduledFutureTask.run(ScheduledThreadPoolExecutor.java:293)
	at java.util.concurrent.ThreadPoolExecutor.runWorker(ThreadPoolExecutor.java:1149)
	at java.util.concurrent.ThreadPoolExecutor$Worker.run(ThreadPoolExecutor.java:624)
	at java.lang.Thread.run(Thread.java:748)

Aug 29, 2019 10:00:41 AM org.apache.ratis.thirdparty.io.grpc.internal.ManagedChannelOrphanWrapper$ManagedChannelReference cleanQueue
SEVERE: *~*~*~ Channel ManagedChannelImpl{logId=3742, target=192.168.36.71:45591} was not shutdown properly!!! ~*~*~*
    Make sure to call shutdown()/shutdownNow() and wait until awaitTermination() returns true.
java.lang.RuntimeException: ManagedChannel allocation site
	at org.apache.ratis.thirdparty.io.grpc.internal.ManagedChannelOrphanWrapper$ManagedChannelReference.<init>(ManagedChannelOrphanWrapper.java:103)
	at org.apache.ratis.thirdparty.io.grpc.internal.ManagedChannelOrphanWrapper.<init>(ManagedChannelOrphanWrapper.java:53)
	at org.apache.ratis.thirdparty.io.grpc.internal.ManagedChannelOrphanWrapper.<init>(ManagedChannelOrphanWrapper.java:44)
	at org.apache.ratis.thirdparty.io.grpc.internal.AbstractManagedChannelImplBuilder.build(AbstractManagedChannelImplBuilder.java:411)
	at org.apache.hadoop.hdds.scm.XceiverClientGrpc.connectToDatanode(XceiverClientGrpc.java:174)
	at org.apache.hadoop.hdds.scm.XceiverClientGrpc.reconnect(XceiverClientGrpc.java:422)
	at org.apache.hadoop.hdds.scm.XceiverClientGrpc.sendCommandAsync(XceiverClientGrpc.java:371)
	at org.apache.hadoop.hdds.scm.XceiverClientGrpc.sendCommandWithRetry(XceiverClientGrpc.java:284)
	at org.apache.hadoop.hdds.scm.XceiverClientGrpc.sendCommandWithTraceIDAndRetry(XceiverClientGrpc.java:250)
	at org.apache.hadoop.hdds.scm.XceiverClientGrpc.sendCommand(XceiverClientGrpc.java:233)
	at org.apache.hadoop.hdds.scm.storage.ContainerProtocolCalls.readChunk(ContainerProtocolCalls.java:245)
	at org.apache.hadoop.hdds.scm.storage.ChunkInputStream.readChunk(ChunkInputStream.java:335)
	at org.apache.hadoop.hdds.scm.storage.ChunkInputStream.readChunkFromContainer(ChunkInputStream.java:307)
	at org.apache.hadoop.hdds.scm.storage.ChunkInputStream.prepareRead(ChunkInputStream.java:259)
	at org.apache.hadoop.hdds.scm.storage.ChunkInputStream.read(ChunkInputStream.java:144)
	at org.apache.hadoop.hdds.scm.storage.BlockInputStream.read(BlockInputStream.java:239)
	at org.apache.hadoop.ozone.client.io.KeyInputStream.read(KeyInputStream.java:171)
	at org.apache.hadoop.ozone.client.io.OzoneInputStream.read(OzoneInputStream.java:47)
	at java.io.InputStream.read(InputStream.java:101)
	at org.apache.hadoop.ozone.container.ContainerTestHelper.validateData(ContainerTestHelper.java:713)
	at org.apache.hadoop.ozone.client.rpc.TestBlockOutputStreamWithFailures.validateData(TestBlockOutputStreamWithFailures.java:1216)
	at org.apache.hadoop.ozone.client.rpc.TestBlockOutputStreamWithFailures.testWatchForCommitWithCloseContainerException(TestBlockOutputStreamWithFailures.java:260)
	at sun.reflect.NativeMethodAccessorImpl.invoke0(Native Method)
	at sun.reflect.NativeMethodAccessorImpl.invoke(NativeMethodAccessorImpl.java:62)
	at sun.reflect.DelegatingMethodAccessorImpl.invoke(DelegatingMethodAccessorImpl.java:43)
	at java.lang.reflect.Method.invoke(Method.java:498)
	at org.junit.runners.model.FrameworkMethod$1.runReflectiveCall(FrameworkMethod.java:47)
	at org.junit.internal.runners.model.ReflectiveCallable.run(ReflectiveCallable.java:12)
	at org.junit.runners.model.FrameworkMethod.invokeExplosively(FrameworkMethod.java:44)
	at org.junit.internal.runners.statements.InvokeMethod.evaluate(InvokeMethod.java:17)
	at org.junit.internal.runners.statements.RunBefores.evaluate(RunBefores.java:26)
	at org.junit.internal.runners.statements.RunAfters.evaluate(RunAfters.java:27)
	at org.junit.runners.ParentRunner.runLeaf(ParentRunner.java:271)
	at org.junit.runners.BlockJUnit4ClassRunner.runChild(BlockJUnit4ClassRunner.java:70)
	at org.junit.runners.BlockJUnit4ClassRunner.runChild(BlockJUnit4ClassRunner.java:50)
	at org.junit.runners.ParentRunner$3.run(ParentRunner.java:238)
	at org.junit.runners.ParentRunner$1.schedule(ParentRunner.java:63)
	at org.junit.runners.ParentRunner.runChildren(ParentRunner.java:236)
	at org.junit.runners.ParentRunner.access$000(ParentRunner.java:53)
	at org.junit.runners.ParentRunner$2.evaluate(ParentRunner.java:229)
	at org.junit.runners.ParentRunner.run(ParentRunner.java:309)
	at org.apache.maven.surefire.junit4.JUnit4Provider.execute(JUnit4Provider.java:365)
	at org.apache.maven.surefire.junit4.JUnit4Provider.executeWithRerun(JUnit4Provider.java:273)
	at org.apache.maven.surefire.junit4.JUnit4Provider.executeTestSet(JUnit4Provider.java:238)
	at org.apache.maven.surefire.junit4.JUnit4Provider.invoke(JUnit4Provider.java:159)
	at org.apache.maven.surefire.booter.ForkedBooter.invokeProviderInSameClassLoader(ForkedBooter.java:384)
	at org.apache.maven.surefire.booter.ForkedBooter.runSuitesInProcess(ForkedBooter.java:345)
	at org.apache.maven.surefire.booter.ForkedBooter.execute(ForkedBooter.java:126)
	at org.apache.maven.surefire.booter.ForkedBooter.main(ForkedBooter.java:418)

]]></system-err>
  </testcase>
</testsuite>