<?xml version="1.0" encoding="UTF-8"?>
<testsuite xmlns:xsi="http://www.w3.org/2001/XMLSchema-instance" xsi:noNamespaceSchemaLocation="https://maven.apache.org/surefire/maven-surefire-plugin/xsd/surefire-test-report.xsd" name="org.apache.hadoop.ozone.freon.TestRandomKeyGenerator" time="161.299" tests="6" errors="1" skipped="0" failures="0">
  <properties>
    <property name="awt.toolkit" value="sun.awt.X11.XToolkit"/>
    <property name="file.encoding.pkg" value="sun.io"/>
    <property name="java.specification.version" value="1.8"/>
    <property name="sun.cpu.isalist" value=""/>
    <property name="sun.jnu.encoding" value="UTF-8"/>
    <property name="java.class.path" value="/workdir/hadoop-ozone/tools/target/test-classes:/workdir/hadoop-ozone/tools/target/classes:/home/user/.m2/repository/org/apache/hadoop/hadoop-ozone-ozone-manager/0.5.0-SNAPSHOT/hadoop-ozone-ozone-manager-0.5.0-SNAPSHOT.jar:/home/user/.m2/repository/org/apache/hadoop/hadoop-hdds-docs/0.5.0-SNAPSHOT/hadoop-hdds-docs-0.5.0-SNAPSHOT.jar:/home/user/.m2/repository/org/bouncycastle/bcprov-jdk15on/1.60/bcprov-jdk15on-1.60.jar:/home/user/.m2/repository/org/apache/hadoop/hadoop-ozone-common/0.5.0-SNAPSHOT/hadoop-ozone-common-0.5.0-SNAPSHOT.jar:/home/user/.m2/repository/org/apache/commons/commons-compress/1.4.1/commons-compress-1.4.1.jar:/home/user/.m2/repository/org/tukaani/xz/1.0/xz-1.0.jar:/home/user/.m2/repository/org/apache/hadoop/hadoop-hdfs-client/3.2.0/hadoop-hdfs-client-3.2.0.jar:/home/user/.m2/repository/com/fasterxml/jackson/core/jackson-annotations/2.9.5/jackson-annotations-2.9.5.jar:/home/user/.m2/repository/org/apache/hadoop/hadoop-hdds-common/0.5.0-SNAPSHOT/hadoop-hdds-common-0.5.0-SNAPSHOT.jar:/home/user/.m2/repository/org/apache/hadoop/hadoop-hdds-config/0.5.0-SNAPSHOT/hadoop-hdds-config-0.5.0-SNAPSHOT.jar:/home/user/.m2/repository/javax/annotation/javax.annotation-api/1.2/javax.annotation-api-1.2.jar:/home/user/.m2/repository/org/apache/ratis/ratis-server/0.4.0-78e95b9-SNAPSHOT/ratis-server-0.4.0-78e95b9-SNAPSHOT.jar:/home/user/.m2/repository/org/apache/ratis/ratis-thirdparty-misc/0.2.0/ratis-thirdparty-misc-0.2.0.jar:/home/user/.m2/repository/org/apache/ratis/ratis-proto/0.4.0-78e95b9-SNAPSHOT/ratis-proto-0.4.0-78e95b9-SNAPSHOT.jar:/home/user/.m2/repository/org/apache/ratis/ratis-common/0.4.0-78e95b9-SNAPSHOT/ratis-common-0.4.0-78e95b9-SNAPSHOT.jar:/home/user/.m2/repository/org/apache/ratis/ratis-client/0.4.0-78e95b9-SNAPSHOT/ratis-client-0.4.0-78e95b9-SNAPSHOT.jar:/home/user/.m2/repository/org/apache/ratis/ratis-metrics/0.4.0-78e95b9-SNAPSHOT/ratis-metrics-0.4.0-78e95b9-SNAPSHOT.jar:/home/user/.m2/repository/com/github/joshelser/dropwizard-metrics-hadoop-metrics2-reporter/0.1.2/dropwizard-metrics-hadoop-metrics2-reporter-0.1.2.jar:/home/user/.m2/repository/io/dropwizard/metrics/metrics-jvm/3.2.5/metrics-jvm-3.2.5.jar:/home/user/.m2/repository/io/dropwizard/metrics/metrics-ganglia/3.2.5/metrics-ganglia-3.2.5.jar:/home/user/.m2/repository/info/ganglia/gmetric4j/gmetric4j/1.0.7/gmetric4j-1.0.7.jar:/home/user/.m2/repository/org/apache/ratis/ratis-netty/0.4.0-78e95b9-SNAPSHOT/ratis-netty-0.4.0-78e95b9-SNAPSHOT.jar:/home/user/.m2/repository/org/apache/ratis/ratis-grpc/0.4.0-78e95b9-SNAPSHOT/ratis-grpc-0.4.0-78e95b9-SNAPSHOT.jar:/home/user/.m2/repository/org/rocksdb/rocksdbjni/6.0.1/rocksdbjni-6.0.1.jar:/home/user/.m2/repository/org/apache/logging/log4j/log4j-api/2.11.0/log4j-api-2.11.0.jar:/home/user/.m2/repository/org/apache/logging/log4j/log4j-core/2.11.0/log4j-core-2.11.0.jar:/home/user/.m2/repository/com/lmax/disruptor/3.4.2/disruptor-3.4.2.jar:/home/user/.m2/repository/org/apache/commons/commons-pool2/2.6.0/commons-pool2-2.6.0.jar:/home/user/.m2/repository/org/bouncycastle/bcpkix-jdk15on/1.60/bcpkix-jdk15on-1.60.jar:/home/user/.m2/repository/commons-validator/commons-validator/1.6/commons-validator-1.6.jar:/home/user/.m2/repository/commons-digester/commons-digester/1.8.1/commons-digester-1.8.1.jar:/home/user/.m2/repository/io/jaegertracing/jaeger-client/0.33.1/jaeger-client-0.33.1.jar:/home/user/.m2/repository/io/jaegertracing/jaeger-thrift/0.33.1/jaeger-thrift-0.33.1.jar:/home/user/.m2/repository/org/apache/thrift/libthrift/0.11.0/libthrift-0.11.0.jar:/home/user/.m2/repository/com/squareup/okhttp3/okhttp/3.9.0/okhttp-3.9.0.jar:/home/user/.m2/repository/com/squareup/okio/okio/1.13.0/okio-1.13.0.jar:/home/user/.m2/repository/io/jaegertracing/jaeger-core/0.33.1/jaeger-core-0.33.1.jar:/home/user/.m2/repository/io/jaegertracing/jaeger-tracerresolver/0.33.1/jaeger-tracerresolver-0.33.1.jar:/home/user/.m2/repository/io/opentracing/contrib/opentracing-tracerresolver/0.1.5/opentracing-tracerresolver-0.1.5.jar:/home/user/.m2/repository/io/opentracing/opentracing-util/0.31.0/opentracing-util-0.31.0.jar:/home/user/.m2/repository/io/opentracing/opentracing-api/0.31.0/opentracing-api-0.31.0.jar:/home/user/.m2/repository/io/opentracing/opentracing-noop/0.31.0/opentracing-noop-0.31.0.jar:/home/user/.m2/repository/org/yaml/snakeyaml/1.16/snakeyaml-1.16.jar:/home/user/.m2/repository/org/apache/hadoop/hadoop-hdds-container-service/0.5.0-SNAPSHOT/hadoop-hdds-container-service-0.5.0-SNAPSHOT.jar:/home/user/.m2/repository/org/apache/hadoop/hadoop-hdds-client/0.5.0-SNAPSHOT/hadoop-hdds-client-0.5.0-SNAPSHOT.jar:/home/user/.m2/repository/org/apache/hadoop/hadoop-hdds-tools/0.5.0-SNAPSHOT/hadoop-hdds-tools-0.5.0-SNAPSHOT.jar:/home/user/.m2/repository/org/xerial/sqlite-jdbc/3.25.2/sqlite-jdbc-3.25.2.jar:/home/user/.m2/repository/org/apache/hadoop/hadoop-hdds-server-scm/0.5.0-SNAPSHOT/hadoop-hdds-server-scm-0.5.0-SNAPSHOT.jar:/home/user/.m2/repository/org/hamcrest/hamcrest-all/1.3/hamcrest-all-1.3.jar:/home/user/.m2/repository/info/picocli/picocli/3.9.6/picocli-3.9.6.jar:/home/user/.m2/repository/com/google/protobuf/protobuf-java/2.5.0/protobuf-java-2.5.0.jar:/home/user/.m2/repository/com/google/guava/guava/11.0.2/guava-11.0.2.jar:/home/user/.m2/repository/org/apache/hadoop/hadoop-ozone-client/0.5.0-SNAPSHOT/hadoop-ozone-client-0.5.0-SNAPSHOT.jar:/workdir/hadoop-ozone/ozonefs/target/classes:/home/user/.m2/repository/org/apache/hadoop/hadoop-hdds-server-framework/0.5.0-SNAPSHOT/hadoop-hdds-server-framework-0.5.0-SNAPSHOT.jar:/home/user/.m2/repository/org/apache/hadoop/hadoop-common/3.2.0/hadoop-common-3.2.0.jar:/home/user/.m2/repository/org/apache/hadoop/hadoop-annotations/3.2.0/hadoop-annotations-3.2.0.jar:/usr/lib/jvm/java-1.8-openjdk/jre/../lib/tools.jar:/home/user/.m2/repository/commons-cli/commons-cli/1.2/commons-cli-1.2.jar:/home/user/.m2/repository/org/apache/commons/commons-math3/3.1.1/commons-math3-3.1.1.jar:/home/user/.m2/repository/org/apache/httpcomponents/httpclient/4.5.2/httpclient-4.5.2.jar:/home/user/.m2/repository/org/apache/httpcomponents/httpcore/4.4.4/httpcore-4.4.4.jar:/home/user/.m2/repository/commons-codec/commons-codec/1.11/commons-codec-1.11.jar:/home/user/.m2/repository/commons-io/commons-io/2.5/commons-io-2.5.jar:/home/user/.m2/repository/commons-net/commons-net/3.6/commons-net-3.6.jar:/home/user/.m2/repository/commons-collections/commons-collections/3.2.2/commons-collections-3.2.2.jar:/home/user/.m2/repository/javax/servlet/javax.servlet-api/3.1.0/javax.servlet-api-3.1.0.jar:/home/user/.m2/repository/org/eclipse/jetty/jetty-server/9.3.24.v20180605/jetty-server-9.3.24.v20180605.jar:/home/user/.m2/repository/org/eclipse/jetty/jetty-http/9.3.24.v20180605/jetty-http-9.3.24.v20180605.jar:/home/user/.m2/repository/org/eclipse/jetty/jetty-io/9.3.24.v20180605/jetty-io-9.3.24.v20180605.jar:/home/user/.m2/repository/org/eclipse/jetty/jetty-util/9.3.24.v20180605/jetty-util-9.3.24.v20180605.jar:/home/user/.m2/repository/org/eclipse/jetty/jetty-servlet/9.3.24.v20180605/jetty-servlet-9.3.24.v20180605.jar:/home/user/.m2/repository/org/eclipse/jetty/jetty-security/9.3.24.v20180605/jetty-security-9.3.24.v20180605.jar:/home/user/.m2/repository/org/eclipse/jetty/jetty-webapp/9.3.24.v20180605/jetty-webapp-9.3.24.v20180605.jar:/home/user/.m2/repository/org/eclipse/jetty/jetty-xml/9.3.24.v20180605/jetty-xml-9.3.24.v20180605.jar:/home/user/.m2/repository/javax/servlet/jsp/jsp-api/2.1/jsp-api-2.1.jar:/home/user/.m2/repository/com/sun/jersey/jersey-core/1.19/jersey-core-1.19.jar:/home/user/.m2/repository/javax/ws/rs/jsr311-api/1.1.1/jsr311-api-1.1.1.jar:/home/user/.m2/repository/com/sun/jersey/jersey-servlet/1.19/jersey-servlet-1.19.jar:/home/user/.m2/repository/com/sun/jersey/jersey-json/1.19/jersey-json-1.19.jar:/home/user/.m2/repository/org/codehaus/jettison/jettison/1.1/jettison-1.1.jar:/home/user/.m2/repository/com/sun/xml/bind/jaxb-impl/2.3.0.1/jaxb-impl-2.3.0.1.jar:/home/user/.m2/repository/org/codehaus/jackson/jackson-core-asl/1.9.13/jackson-core-asl-1.9.13.jar:/home/user/.m2/repository/org/codehaus/jackson/jackson-mapper-asl/1.9.13/jackson-mapper-asl-1.9.13.jar:/home/user/.m2/repository/org/codehaus/jackson/jackson-jaxrs/1.9.13/jackson-jaxrs-1.9.13.jar:/home/user/.m2/repository/org/codehaus/jackson/jackson-xc/1.9.13/jackson-xc-1.9.13.jar:/home/user/.m2/repository/com/sun/jersey/jersey-server/1.19/jersey-server-1.19.jar:/home/user/.m2/repository/commons-logging/commons-logging/1.1.3/commons-logging-1.1.3.jar:/home/user/.m2/repository/log4j/log4j/1.2.17/log4j-1.2.17.jar:/home/user/.m2/repository/commons-beanutils/commons-beanutils/1.9.3/commons-beanutils-1.9.3.jar:/home/user/.m2/repository/org/apache/commons/commons-configuration2/2.1.1/commons-configuration2-2.1.1.jar:/home/user/.m2/repository/org/apache/commons/commons-lang3/3.7/commons-lang3-3.7.jar:/home/user/.m2/repository/org/apache/commons/commons-text/1.4/commons-text-1.4.jar:/home/user/.m2/repository/org/slf4j/slf4j-api/1.7.25/slf4j-api-1.7.25.jar:/home/user/.m2/repository/org/slf4j/slf4j-log4j12/1.7.25/slf4j-log4j12-1.7.25.jar:/home/user/.m2/repository/org/apache/avro/avro/1.7.7/avro-1.7.7.jar:/home/user/.m2/repository/com/thoughtworks/paranamer/paranamer/2.3/paranamer-2.3.jar:/home/user/.m2/repository/org/xerial/snappy/snappy-java/1.0.5/snappy-java-1.0.5.jar:/home/user/.m2/repository/com/google/re2j/re2j/1.1/re2j-1.1.jar:/home/user/.m2/repository/com/google/code/gson/gson/2.2.4/gson-2.2.4.jar:/home/user/.m2/repository/org/apache/hadoop/hadoop-auth/3.2.0/hadoop-auth-3.2.0.jar:/home/user/.m2/repository/com/nimbusds/nimbus-jose-jwt/4.41.1/nimbus-jose-jwt-4.41.1.jar:/home/user/.m2/repository/com/github/stephenc/jcip/jcip-annotations/1.0-1/jcip-annotations-1.0-1.jar:/home/user/.m2/repository/net/minidev/json-smart/2.3/json-smart-2.3.jar:/home/user/.m2/repository/net/minidev/accessors-smart/1.2/accessors-smart-1.2.jar:/home/user/.m2/repository/org/apache/curator/curator-framework/2.12.0/curator-framework-2.12.0.jar:/home/user/.m2/repository/com/jcraft/jsch/0.1.54/jsch-0.1.54.jar:/home/user/.m2/repository/org/apache/curator/curator-client/2.12.0/curator-client-2.12.0.jar:/home/user/.m2/repository/org/apache/curator/curator-recipes/2.12.0/curator-recipes-2.12.0.jar:/home/user/.m2/repository/com/google/code/findbugs/jsr305/3.0.0/jsr305-3.0.0.jar:/home/user/.m2/repository/org/apache/htrace/htrace-core4/4.1.0-incubating/htrace-core4-4.1.0-incubating.jar:/home/user/.m2/repository/org/apache/zookeeper/zookeeper/3.4.13/zookeeper-3.4.13.jar:/home/user/.m2/repository/org/apache/yetus/audience-annotations/0.5.0/audience-annotations-0.5.0.jar:/home/user/.m2/repository/org/apache/kerby/kerb-simplekdc/1.0.1/kerb-simplekdc-1.0.1.jar:/home/user/.m2/repository/org/apache/kerby/kerb-client/1.0.1/kerb-client-1.0.1.jar:/home/user/.m2/repository/org/apache/kerby/kerby-config/1.0.1/kerby-config-1.0.1.jar:/home/user/.m2/repository/org/apache/kerby/kerb-core/1.0.1/kerb-core-1.0.1.jar:/home/user/.m2/repository/org/apache/kerby/kerby-pkix/1.0.1/kerby-pkix-1.0.1.jar:/home/user/.m2/repository/org/apache/kerby/kerby-asn1/1.0.1/kerby-asn1-1.0.1.jar:/home/user/.m2/repository/org/apache/kerby/kerby-util/1.0.1/kerby-util-1.0.1.jar:/home/user/.m2/repository/org/apache/kerby/kerb-common/1.0.1/kerb-common-1.0.1.jar:/home/user/.m2/repository/org/apache/kerby/kerb-crypto/1.0.1/kerb-crypto-1.0.1.jar:/home/user/.m2/repository/org/apache/kerby/kerb-util/1.0.1/kerb-util-1.0.1.jar:/home/user/.m2/repository/org/apache/kerby/token-provider/1.0.1/token-provider-1.0.1.jar:/home/user/.m2/repository/org/apache/kerby/kerb-admin/1.0.1/kerb-admin-1.0.1.jar:/home/user/.m2/repository/org/apache/kerby/kerb-server/1.0.1/kerb-server-1.0.1.jar:/home/user/.m2/repository/org/apache/kerby/kerb-identity/1.0.1/kerb-identity-1.0.1.jar:/home/user/.m2/repository/org/apache/kerby/kerby-xdr/1.0.1/kerby-xdr-1.0.1.jar:/home/user/.m2/repository/com/fasterxml/jackson/core/jackson-databind/2.9.5/jackson-databind-2.9.5.jar:/home/user/.m2/repository/com/fasterxml/jackson/core/jackson-core/2.9.5/jackson-core-2.9.5.jar:/home/user/.m2/repository/org/codehaus/woodstox/stax2-api/3.1.4/stax2-api-3.1.4.jar:/home/user/.m2/repository/com/fasterxml/woodstox/woodstox-core/5.0.3/woodstox-core-5.0.3.jar:/home/user/.m2/repository/dnsjava/dnsjava/2.1.7/dnsjava-2.1.7.jar:/home/user/.m2/repository/org/apache/hadoop/hadoop-hdfs/3.2.0/hadoop-hdfs-3.2.0.jar:/home/user/.m2/repository/org/eclipse/jetty/jetty-util-ajax/9.3.24.v20180605/jetty-util-ajax-9.3.24.v20180605.jar:/home/user/.m2/repository/commons-daemon/commons-daemon/1.0.13/commons-daemon-1.0.13.jar:/home/user/.m2/repository/io/netty/netty/3.10.5.Final/netty-3.10.5.Final.jar:/home/user/.m2/repository/io/netty/netty-all/4.0.52.Final/netty-all-4.0.52.Final.jar:/home/user/.m2/repository/org/fusesource/leveldbjni/leveldbjni-all/1.8/leveldbjni-all-1.8.jar:/home/user/.m2/repository/com/sun/xml/bind/jaxb-core/2.3.0.1/jaxb-core-2.3.0.1.jar:/home/user/.m2/repository/javax/xml/bind/jaxb-api/2.3.0/jaxb-api-2.3.0.jar:/home/user/.m2/repository/javax/activation/activation/1.1.1/activation-1.1.1.jar:/home/user/.m2/repository/io/dropwizard/metrics/metrics-core/3.2.4/metrics-core-3.2.4.jar:/home/user/.m2/repository/org/openjdk/jmh/jmh-core/1.19/jmh-core-1.19.jar:/home/user/.m2/repository/net/sf/jopt-simple/jopt-simple/4.6/jopt-simple-4.6.jar:/home/user/.m2/repository/org/openjdk/jmh/jmh-generator-annprocess/1.19/jmh-generator-annprocess-1.19.jar:/home/user/.m2/repository/com/google/code/findbugs/findbugs/3.0.1/findbugs-3.0.1.jar:/home/user/.m2/repository/net/jcip/jcip-annotations/1.0/jcip-annotations-1.0.jar:/home/user/.m2/repository/com/google/code/findbugs/bcel-findbugs/6.0/bcel-findbugs-6.0.jar:/home/user/.m2/repository/com/google/code/findbugs/jFormatString/2.0.1/jFormatString-2.0.1.jar:/home/user/.m2/repository/dom4j/dom4j/1.6.1/dom4j-1.6.1.jar:/home/user/.m2/repository/xml-apis/xml-apis/1.0.b2/xml-apis-1.0.b2.jar:/home/user/.m2/repository/org/ow2/asm/asm-debug-all/5.0.2/asm-debug-all-5.0.2.jar:/home/user/.m2/repository/org/ow2/asm/asm-commons/5.0.2/asm-commons-5.0.2.jar:/home/user/.m2/repository/org/ow2/asm/asm-tree/5.0.2/asm-tree-5.0.2.jar:/home/user/.m2/repository/org/ow2/asm/asm/5.0.4/asm-5.0.4.jar:/home/user/.m2/repository/commons-lang/commons-lang/2.6/commons-lang-2.6.jar:/home/user/.m2/repository/com/apple/AppleJavaExtensions/1.4/AppleJavaExtensions-1.4.jar:/home/user/.m2/repository/jaxen/jaxen/1.1.6/jaxen-1.1.6.jar:/home/user/.m2/repository/junit/junit/4.11/junit-4.11.jar:/home/user/.m2/repository/org/hamcrest/hamcrest-core/1.3/hamcrest-core-1.3.jar:/home/user/.m2/repository/org/apache/hadoop/hadoop-common/3.2.0/hadoop-common-3.2.0-tests.jar:/workdir/hadoop-ozone/integration-test/target/test-classes:/home/user/.m2/repository/org/apache/hadoop/hadoop-ozone-s3gateway/0.5.0-SNAPSHOT/hadoop-ozone-s3gateway-0.5.0-SNAPSHOT.jar:/home/user/.m2/repository/org/jboss/weld/servlet/weld-servlet/2.4.7.Final/weld-servlet-2.4.7.Final.jar:/home/user/.m2/repository/org/glassfish/jersey/containers/jersey-container-servlet-core/2.27/jersey-container-servlet-core-2.27.jar:/home/user/.m2/repository/org/glassfish/hk2/external/javax.inject/2.5.0-b42/javax.inject-2.5.0-b42.jar:/home/user/.m2/repository/org/glassfish/jersey/core/jersey-common/2.27/jersey-common-2.27.jar:/home/user/.m2/repository/org/glassfish/hk2/osgi-resource-locator/1.0.1/osgi-resource-locator-1.0.1.jar:/home/user/.m2/repository/javax/ws/rs/javax.ws.rs-api/2.1/javax.ws.rs-api-2.1.jar:/home/user/.m2/repository/org/glassfish/jersey/ext/cdi/jersey-cdi1x/2.27/jersey-cdi1x-2.27.jar:/home/user/.m2/repository/org/glassfish/jersey/inject/jersey-hk2/2.27/jersey-hk2-2.27.jar:/home/user/.m2/repository/org/glassfish/hk2/hk2-locator/2.5.0-b42/hk2-locator-2.5.0-b42.jar:/home/user/.m2/repository/org/javassist/javassist/3.22.0-CR2/javassist-3.22.0-CR2.jar:/home/user/.m2/repository/org/glassfish/hk2/hk2-api/2.5.0/hk2-api-2.5.0.jar:/home/user/.m2/repository/org/glassfish/hk2/external/jakarta.inject/2.5.0/jakarta.inject-2.5.0.jar:/home/user/.m2/repository/org/glassfish/hk2/hk2-utils/2.5.0/hk2-utils-2.5.0.jar:/home/user/.m2/repository/jakarta/annotation/jakarta.annotation-api/1.3.4/jakarta.annotation-api-1.3.4.jar:/home/user/.m2/repository/org/glassfish/hk2/external/aopalliance-repackaged/2.5.0/aopalliance-repackaged-2.5.0.jar:/home/user/.m2/repository/com/fasterxml/jackson/dataformat/jackson-dataformat-xml/2.9.0/jackson-dataformat-xml-2.9.0.jar:/home/user/.m2/repository/com/fasterxml/jackson/module/jackson-module-jaxb-annotations/2.9.5/jackson-module-jaxb-annotations-2.9.5.jar:/home/user/.m2/repository/javax/enterprise/cdi-api/1.2/cdi-api-1.2.jar:/home/user/.m2/repository/javax/el/javax.el-api/3.0.0/javax.el-api-3.0.0.jar:/home/user/.m2/repository/javax/interceptor/javax.interceptor-api/1.2/javax.interceptor-api-1.2.jar:/home/user/.m2/repository/javax/inject/javax.inject/1/javax.inject-1.jar:/home/user/.m2/repository/org/apache/hadoop/hadoop-ozone-csi/0.5.0-SNAPSHOT/hadoop-ozone-csi-0.5.0-SNAPSHOT.jar:/home/user/.m2/repository/com/google/protobuf/protobuf-java-util/3.5.1/protobuf-java-util-3.5.1.jar:/home/user/.m2/repository/io/grpc/grpc-netty/1.17.1/grpc-netty-1.17.1.jar:/home/user/.m2/repository/io/grpc/grpc-core/1.17.1/grpc-core-1.17.1.jar:/home/user/.m2/repository/io/grpc/grpc-context/1.17.1/grpc-context-1.17.1.jar:/home/user/.m2/repository/com/google/errorprone/error_prone_annotations/2.2.0/error_prone_annotations-2.2.0.jar:/home/user/.m2/repository/org/codehaus/mojo/animal-sniffer-annotations/1.17/animal-sniffer-annotations-1.17.jar:/home/user/.m2/repository/io/opencensus/opencensus-api/0.17.0/opencensus-api-0.17.0.jar:/home/user/.m2/repository/io/opencensus/opencensus-contrib-grpc-metrics/0.17.0/opencensus-contrib-grpc-metrics-0.17.0.jar:/home/user/.m2/repository/io/netty/netty-codec-http2/4.1.30.Final/netty-codec-http2-4.1.30.Final.jar:/home/user/.m2/repository/io/netty/netty-codec-http/4.1.30.Final/netty-codec-http-4.1.30.Final.jar:/home/user/.m2/repository/io/netty/netty-codec/4.1.30.Final/netty-codec-4.1.30.Final.jar:/home/user/.m2/repository/io/netty/netty-handler/4.1.30.Final/netty-handler-4.1.30.Final.jar:/home/user/.m2/repository/io/netty/netty-handler-proxy/4.1.30.Final/netty-handler-proxy-4.1.30.Final.jar:/home/user/.m2/repository/io/netty/netty-codec-socks/4.1.30.Final/netty-codec-socks-4.1.30.Final.jar:/home/user/.m2/repository/io/netty/netty-transport-native-epoll/4.1.30.Final/netty-transport-native-epoll-4.1.30.Final.jar:/home/user/.m2/repository/io/netty/netty-common/4.1.30.Final/netty-common-4.1.30.Final.jar:/home/user/.m2/repository/io/netty/netty-buffer/4.1.30.Final/netty-buffer-4.1.30.Final.jar:/home/user/.m2/repository/io/netty/netty-transport/4.1.30.Final/netty-transport-4.1.30.Final.jar:/home/user/.m2/repository/io/netty/netty-resolver/4.1.30.Final/netty-resolver-4.1.30.Final.jar:/home/user/.m2/repository/io/netty/netty-transport-native-unix-common/4.1.30.Final/netty-transport-native-unix-common-4.1.30.Final.jar:/home/user/.m2/repository/io/grpc/grpc-protobuf/1.17.1/grpc-protobuf-1.17.1.jar:/home/user/.m2/repository/com/google/api/grpc/proto-google-common-protos/1.0.0/proto-google-common-protos-1.0.0.jar:/home/user/.m2/repository/io/grpc/grpc-protobuf-lite/1.17.1/grpc-protobuf-lite-1.17.1.jar:/home/user/.m2/repository/io/grpc/grpc-stub/1.17.1/grpc-stub-1.17.1.jar:/home/user/.m2/repository/org/apache/hadoop/hadoop-ozone-recon/0.5.0-SNAPSHOT/hadoop-ozone-recon-0.5.0-SNAPSHOT.jar:/home/user/.m2/repository/org/apache/hadoop/hadoop-ozone-reconcodegen/0.5.0-SNAPSHOT/hadoop-ozone-reconcodegen-0.5.0-SNAPSHOT.jar:/home/user/.m2/repository/com/google/inject/extensions/guice-multibindings/4.0/guice-multibindings-4.0.jar:/home/user/.m2/repository/com/google/inject/guice/4.0/guice-4.0.jar:/home/user/.m2/repository/aopalliance/aopalliance/1.0/aopalliance-1.0.jar:/home/user/.m2/repository/com/google/inject/extensions/guice-servlet/4.0/guice-servlet-4.0.jar:/home/user/.m2/repository/org/glassfish/jersey/containers/jersey-container-servlet/2.27/jersey-container-servlet-2.27.jar:/home/user/.m2/repository/org/glassfish/hk2/guice-bridge/2.5.0/guice-bridge-2.5.0.jar:/home/user/.m2/repository/org/glassfish/jersey/core/jersey-server/2.27/jersey-server-2.27.jar:/home/user/.m2/repository/org/glassfish/jersey/core/jersey-client/2.27/jersey-client-2.27.jar:/home/user/.m2/repository/org/glassfish/jersey/media/jersey-media-jaxb/2.27/jersey-media-jaxb-2.27.jar:/home/user/.m2/repository/javax/validation/validation-api/1.1.0.Final/validation-api-1.1.0.Final.jar:/home/user/.m2/repository/org/glassfish/jersey/media/jersey-media-json-jackson/2.27/jersey-media-json-jackson-2.27.jar:/home/user/.m2/repository/org/glassfish/jersey/ext/jersey-entity-filtering/2.27/jersey-entity-filtering-2.27.jar:/home/user/.m2/repository/com/google/inject/extensions/guice-assistedinject/4.0/guice-assistedinject-4.0.jar:/home/user/.m2/repository/org/jooq/jooq/3.11.10/jooq-3.11.10.jar:/home/user/.m2/repository/org/jooq/jooq-meta/3.11.10/jooq-meta-3.11.10.jar:/home/user/.m2/repository/org/jooq/jooq-codegen/3.11.10/jooq-codegen-3.11.10.jar:/home/user/.m2/repository/com/jolbox/bonecp/0.8.0.RELEASE/bonecp-0.8.0.RELEASE.jar:/home/user/.m2/repository/org/springframework/spring-jdbc/5.1.3.RELEASE/spring-jdbc-5.1.3.RELEASE.jar:/home/user/.m2/repository/org/springframework/spring-beans/5.1.3.RELEASE/spring-beans-5.1.3.RELEASE.jar:/home/user/.m2/repository/org/springframework/spring-core/5.1.3.RELEASE/spring-core-5.1.3.RELEASE.jar:/home/user/.m2/repository/org/springframework/spring-jcl/5.1.3.RELEASE/spring-jcl-5.1.3.RELEASE.jar:/home/user/.m2/repository/org/springframework/spring-tx/5.1.3.RELEASE/spring-tx-5.1.3.RELEASE.jar:/home/user/.m2/repository/org/mockito/mockito-core/2.15.0/mockito-core-2.15.0.jar:/home/user/.m2/repository/net/bytebuddy/byte-buddy/1.7.9/byte-buddy-1.7.9.jar:/home/user/.m2/repository/net/bytebuddy/byte-buddy-agent/1.7.9/byte-buddy-agent-1.7.9.jar:/home/user/.m2/repository/org/objenesis/objenesis/1.0/objenesis-1.0.jar:"/>
    <property name="java.vm.vendor" value="IcedTea"/>
    <property name="sun.arch.data.model" value="64"/>
    <property name="test.build.dir" value="/workdir/hadoop-ozone/tools/target/test-dir"/>
    <property name="test.cache.data" value=""/>
    <property name="java.vendor.url" value="https://icedtea.classpath.org"/>
    <property name="user.timezone" value=""/>
    <property name="java.vm.specification.version" value="1.8"/>
    <property name="os.name" value="Linux"/>
    <property name="test.build.data" value="/workdir/hadoop-ozone/tools/target/test-dir"/>
    <property name="user.country" value="US"/>
    <property name="sun.java.launcher" value="SUN_STANDARD"/>
    <property name="sun.boot.library.path" value="/usr/lib/jvm/java-1.8-openjdk/jre/lib/amd64"/>
    <property name="sun.java.command" value="/workdir/hadoop-ozone/tools/target/surefire/surefirebooter5985263856547296667.jar /workdir/hadoop-ozone/tools/target/surefire 2019-09-11T01-48-59_506-jvmRun1 surefire4534822777178499947tmp surefire_1053422190970103752749tmp"/>
    <property name="test" value="!TestMiniChaosOzoneCluster"/>
    <property name="surefire.test.class.path" value="/workdir/hadoop-ozone/tools/target/test-classes:/workdir/hadoop-ozone/tools/target/classes:/home/user/.m2/repository/org/apache/hadoop/hadoop-ozone-ozone-manager/0.5.0-SNAPSHOT/hadoop-ozone-ozone-manager-0.5.0-SNAPSHOT.jar:/home/user/.m2/repository/org/apache/hadoop/hadoop-hdds-docs/0.5.0-SNAPSHOT/hadoop-hdds-docs-0.5.0-SNAPSHOT.jar:/home/user/.m2/repository/org/bouncycastle/bcprov-jdk15on/1.60/bcprov-jdk15on-1.60.jar:/home/user/.m2/repository/org/apache/hadoop/hadoop-ozone-common/0.5.0-SNAPSHOT/hadoop-ozone-common-0.5.0-SNAPSHOT.jar:/home/user/.m2/repository/org/apache/commons/commons-compress/1.4.1/commons-compress-1.4.1.jar:/home/user/.m2/repository/org/tukaani/xz/1.0/xz-1.0.jar:/home/user/.m2/repository/org/apache/hadoop/hadoop-hdfs-client/3.2.0/hadoop-hdfs-client-3.2.0.jar:/home/user/.m2/repository/com/fasterxml/jackson/core/jackson-annotations/2.9.5/jackson-annotations-2.9.5.jar:/home/user/.m2/repository/org/apache/hadoop/hadoop-hdds-common/0.5.0-SNAPSHOT/hadoop-hdds-common-0.5.0-SNAPSHOT.jar:/home/user/.m2/repository/org/apache/hadoop/hadoop-hdds-config/0.5.0-SNAPSHOT/hadoop-hdds-config-0.5.0-SNAPSHOT.jar:/home/user/.m2/repository/javax/annotation/javax.annotation-api/1.2/javax.annotation-api-1.2.jar:/home/user/.m2/repository/org/apache/ratis/ratis-server/0.4.0-78e95b9-SNAPSHOT/ratis-server-0.4.0-78e95b9-SNAPSHOT.jar:/home/user/.m2/repository/org/apache/ratis/ratis-thirdparty-misc/0.2.0/ratis-thirdparty-misc-0.2.0.jar:/home/user/.m2/repository/org/apache/ratis/ratis-proto/0.4.0-78e95b9-SNAPSHOT/ratis-proto-0.4.0-78e95b9-SNAPSHOT.jar:/home/user/.m2/repository/org/apache/ratis/ratis-common/0.4.0-78e95b9-SNAPSHOT/ratis-common-0.4.0-78e95b9-SNAPSHOT.jar:/home/user/.m2/repository/org/apache/ratis/ratis-client/0.4.0-78e95b9-SNAPSHOT/ratis-client-0.4.0-78e95b9-SNAPSHOT.jar:/home/user/.m2/repository/org/apache/ratis/ratis-metrics/0.4.0-78e95b9-SNAPSHOT/ratis-metrics-0.4.0-78e95b9-SNAPSHOT.jar:/home/user/.m2/repository/com/github/joshelser/dropwizard-metrics-hadoop-metrics2-reporter/0.1.2/dropwizard-metrics-hadoop-metrics2-reporter-0.1.2.jar:/home/user/.m2/repository/io/dropwizard/metrics/metrics-jvm/3.2.5/metrics-jvm-3.2.5.jar:/home/user/.m2/repository/io/dropwizard/metrics/metrics-ganglia/3.2.5/metrics-ganglia-3.2.5.jar:/home/user/.m2/repository/info/ganglia/gmetric4j/gmetric4j/1.0.7/gmetric4j-1.0.7.jar:/home/user/.m2/repository/org/apache/ratis/ratis-netty/0.4.0-78e95b9-SNAPSHOT/ratis-netty-0.4.0-78e95b9-SNAPSHOT.jar:/home/user/.m2/repository/org/apache/ratis/ratis-grpc/0.4.0-78e95b9-SNAPSHOT/ratis-grpc-0.4.0-78e95b9-SNAPSHOT.jar:/home/user/.m2/repository/org/rocksdb/rocksdbjni/6.0.1/rocksdbjni-6.0.1.jar:/home/user/.m2/repository/org/apache/logging/log4j/log4j-api/2.11.0/log4j-api-2.11.0.jar:/home/user/.m2/repository/org/apache/logging/log4j/log4j-core/2.11.0/log4j-core-2.11.0.jar:/home/user/.m2/repository/com/lmax/disruptor/3.4.2/disruptor-3.4.2.jar:/home/user/.m2/repository/org/apache/commons/commons-pool2/2.6.0/commons-pool2-2.6.0.jar:/home/user/.m2/repository/org/bouncycastle/bcpkix-jdk15on/1.60/bcpkix-jdk15on-1.60.jar:/home/user/.m2/repository/commons-validator/commons-validator/1.6/commons-validator-1.6.jar:/home/user/.m2/repository/commons-digester/commons-digester/1.8.1/commons-digester-1.8.1.jar:/home/user/.m2/repository/io/jaegertracing/jaeger-client/0.33.1/jaeger-client-0.33.1.jar:/home/user/.m2/repository/io/jaegertracing/jaeger-thrift/0.33.1/jaeger-thrift-0.33.1.jar:/home/user/.m2/repository/org/apache/thrift/libthrift/0.11.0/libthrift-0.11.0.jar:/home/user/.m2/repository/com/squareup/okhttp3/okhttp/3.9.0/okhttp-3.9.0.jar:/home/user/.m2/repository/com/squareup/okio/okio/1.13.0/okio-1.13.0.jar:/home/user/.m2/repository/io/jaegertracing/jaeger-core/0.33.1/jaeger-core-0.33.1.jar:/home/user/.m2/repository/io/jaegertracing/jaeger-tracerresolver/0.33.1/jaeger-tracerresolver-0.33.1.jar:/home/user/.m2/repository/io/opentracing/contrib/opentracing-tracerresolver/0.1.5/opentracing-tracerresolver-0.1.5.jar:/home/user/.m2/repository/io/opentracing/opentracing-util/0.31.0/opentracing-util-0.31.0.jar:/home/user/.m2/repository/io/opentracing/opentracing-api/0.31.0/opentracing-api-0.31.0.jar:/home/user/.m2/repository/io/opentracing/opentracing-noop/0.31.0/opentracing-noop-0.31.0.jar:/home/user/.m2/repository/org/yaml/snakeyaml/1.16/snakeyaml-1.16.jar:/home/user/.m2/repository/org/apache/hadoop/hadoop-hdds-container-service/0.5.0-SNAPSHOT/hadoop-hdds-container-service-0.5.0-SNAPSHOT.jar:/home/user/.m2/repository/org/apache/hadoop/hadoop-hdds-client/0.5.0-SNAPSHOT/hadoop-hdds-client-0.5.0-SNAPSHOT.jar:/home/user/.m2/repository/org/apache/hadoop/hadoop-hdds-tools/0.5.0-SNAPSHOT/hadoop-hdds-tools-0.5.0-SNAPSHOT.jar:/home/user/.m2/repository/org/xerial/sqlite-jdbc/3.25.2/sqlite-jdbc-3.25.2.jar:/home/user/.m2/repository/org/apache/hadoop/hadoop-hdds-server-scm/0.5.0-SNAPSHOT/hadoop-hdds-server-scm-0.5.0-SNAPSHOT.jar:/home/user/.m2/repository/org/hamcrest/hamcrest-all/1.3/hamcrest-all-1.3.jar:/home/user/.m2/repository/info/picocli/picocli/3.9.6/picocli-3.9.6.jar:/home/user/.m2/repository/com/google/protobuf/protobuf-java/2.5.0/protobuf-java-2.5.0.jar:/home/user/.m2/repository/com/google/guava/guava/11.0.2/guava-11.0.2.jar:/home/user/.m2/repository/org/apache/hadoop/hadoop-ozone-client/0.5.0-SNAPSHOT/hadoop-ozone-client-0.5.0-SNAPSHOT.jar:/workdir/hadoop-ozone/ozonefs/target/classes:/home/user/.m2/repository/org/apache/hadoop/hadoop-hdds-server-framework/0.5.0-SNAPSHOT/hadoop-hdds-server-framework-0.5.0-SNAPSHOT.jar:/home/user/.m2/repository/org/apache/hadoop/hadoop-common/3.2.0/hadoop-common-3.2.0.jar:/home/user/.m2/repository/org/apache/hadoop/hadoop-annotations/3.2.0/hadoop-annotations-3.2.0.jar:/usr/lib/jvm/java-1.8-openjdk/jre/../lib/tools.jar:/home/user/.m2/repository/commons-cli/commons-cli/1.2/commons-cli-1.2.jar:/home/user/.m2/repository/org/apache/commons/commons-math3/3.1.1/commons-math3-3.1.1.jar:/home/user/.m2/repository/org/apache/httpcomponents/httpclient/4.5.2/httpclient-4.5.2.jar:/home/user/.m2/repository/org/apache/httpcomponents/httpcore/4.4.4/httpcore-4.4.4.jar:/home/user/.m2/repository/commons-codec/commons-codec/1.11/commons-codec-1.11.jar:/home/user/.m2/repository/commons-io/commons-io/2.5/commons-io-2.5.jar:/home/user/.m2/repository/commons-net/commons-net/3.6/commons-net-3.6.jar:/home/user/.m2/repository/commons-collections/commons-collections/3.2.2/commons-collections-3.2.2.jar:/home/user/.m2/repository/javax/servlet/javax.servlet-api/3.1.0/javax.servlet-api-3.1.0.jar:/home/user/.m2/repository/org/eclipse/jetty/jetty-server/9.3.24.v20180605/jetty-server-9.3.24.v20180605.jar:/home/user/.m2/repository/org/eclipse/jetty/jetty-http/9.3.24.v20180605/jetty-http-9.3.24.v20180605.jar:/home/user/.m2/repository/org/eclipse/jetty/jetty-io/9.3.24.v20180605/jetty-io-9.3.24.v20180605.jar:/home/user/.m2/repository/org/eclipse/jetty/jetty-util/9.3.24.v20180605/jetty-util-9.3.24.v20180605.jar:/home/user/.m2/repository/org/eclipse/jetty/jetty-servlet/9.3.24.v20180605/jetty-servlet-9.3.24.v20180605.jar:/home/user/.m2/repository/org/eclipse/jetty/jetty-security/9.3.24.v20180605/jetty-security-9.3.24.v20180605.jar:/home/user/.m2/repository/org/eclipse/jetty/jetty-webapp/9.3.24.v20180605/jetty-webapp-9.3.24.v20180605.jar:/home/user/.m2/repository/org/eclipse/jetty/jetty-xml/9.3.24.v20180605/jetty-xml-9.3.24.v20180605.jar:/home/user/.m2/repository/javax/servlet/jsp/jsp-api/2.1/jsp-api-2.1.jar:/home/user/.m2/repository/com/sun/jersey/jersey-core/1.19/jersey-core-1.19.jar:/home/user/.m2/repository/javax/ws/rs/jsr311-api/1.1.1/jsr311-api-1.1.1.jar:/home/user/.m2/repository/com/sun/jersey/jersey-servlet/1.19/jersey-servlet-1.19.jar:/home/user/.m2/repository/com/sun/jersey/jersey-json/1.19/jersey-json-1.19.jar:/home/user/.m2/repository/org/codehaus/jettison/jettison/1.1/jettison-1.1.jar:/home/user/.m2/repository/com/sun/xml/bind/jaxb-impl/2.3.0.1/jaxb-impl-2.3.0.1.jar:/home/user/.m2/repository/org/codehaus/jackson/jackson-core-asl/1.9.13/jackson-core-asl-1.9.13.jar:/home/user/.m2/repository/org/codehaus/jackson/jackson-mapper-asl/1.9.13/jackson-mapper-asl-1.9.13.jar:/home/user/.m2/repository/org/codehaus/jackson/jackson-jaxrs/1.9.13/jackson-jaxrs-1.9.13.jar:/home/user/.m2/repository/org/codehaus/jackson/jackson-xc/1.9.13/jackson-xc-1.9.13.jar:/home/user/.m2/repository/com/sun/jersey/jersey-server/1.19/jersey-server-1.19.jar:/home/user/.m2/repository/commons-logging/commons-logging/1.1.3/commons-logging-1.1.3.jar:/home/user/.m2/repository/log4j/log4j/1.2.17/log4j-1.2.17.jar:/home/user/.m2/repository/commons-beanutils/commons-beanutils/1.9.3/commons-beanutils-1.9.3.jar:/home/user/.m2/repository/org/apache/commons/commons-configuration2/2.1.1/commons-configuration2-2.1.1.jar:/home/user/.m2/repository/org/apache/commons/commons-lang3/3.7/commons-lang3-3.7.jar:/home/user/.m2/repository/org/apache/commons/commons-text/1.4/commons-text-1.4.jar:/home/user/.m2/repository/org/slf4j/slf4j-api/1.7.25/slf4j-api-1.7.25.jar:/home/user/.m2/repository/org/slf4j/slf4j-log4j12/1.7.25/slf4j-log4j12-1.7.25.jar:/home/user/.m2/repository/org/apache/avro/avro/1.7.7/avro-1.7.7.jar:/home/user/.m2/repository/com/thoughtworks/paranamer/paranamer/2.3/paranamer-2.3.jar:/home/user/.m2/repository/org/xerial/snappy/snappy-java/1.0.5/snappy-java-1.0.5.jar:/home/user/.m2/repository/com/google/re2j/re2j/1.1/re2j-1.1.jar:/home/user/.m2/repository/com/google/code/gson/gson/2.2.4/gson-2.2.4.jar:/home/user/.m2/repository/org/apache/hadoop/hadoop-auth/3.2.0/hadoop-auth-3.2.0.jar:/home/user/.m2/repository/com/nimbusds/nimbus-jose-jwt/4.41.1/nimbus-jose-jwt-4.41.1.jar:/home/user/.m2/repository/com/github/stephenc/jcip/jcip-annotations/1.0-1/jcip-annotations-1.0-1.jar:/home/user/.m2/repository/net/minidev/json-smart/2.3/json-smart-2.3.jar:/home/user/.m2/repository/net/minidev/accessors-smart/1.2/accessors-smart-1.2.jar:/home/user/.m2/repository/org/apache/curator/curator-framework/2.12.0/curator-framework-2.12.0.jar:/home/user/.m2/repository/com/jcraft/jsch/0.1.54/jsch-0.1.54.jar:/home/user/.m2/repository/org/apache/curator/curator-client/2.12.0/curator-client-2.12.0.jar:/home/user/.m2/repository/org/apache/curator/curator-recipes/2.12.0/curator-recipes-2.12.0.jar:/home/user/.m2/repository/com/google/code/findbugs/jsr305/3.0.0/jsr305-3.0.0.jar:/home/user/.m2/repository/org/apache/htrace/htrace-core4/4.1.0-incubating/htrace-core4-4.1.0-incubating.jar:/home/user/.m2/repository/org/apache/zookeeper/zookeeper/3.4.13/zookeeper-3.4.13.jar:/home/user/.m2/repository/org/apache/yetus/audience-annotations/0.5.0/audience-annotations-0.5.0.jar:/home/user/.m2/repository/org/apache/kerby/kerb-simplekdc/1.0.1/kerb-simplekdc-1.0.1.jar:/home/user/.m2/repository/org/apache/kerby/kerb-client/1.0.1/kerb-client-1.0.1.jar:/home/user/.m2/repository/org/apache/kerby/kerby-config/1.0.1/kerby-config-1.0.1.jar:/home/user/.m2/repository/org/apache/kerby/kerb-core/1.0.1/kerb-core-1.0.1.jar:/home/user/.m2/repository/org/apache/kerby/kerby-pkix/1.0.1/kerby-pkix-1.0.1.jar:/home/user/.m2/repository/org/apache/kerby/kerby-asn1/1.0.1/kerby-asn1-1.0.1.jar:/home/user/.m2/repository/org/apache/kerby/kerby-util/1.0.1/kerby-util-1.0.1.jar:/home/user/.m2/repository/org/apache/kerby/kerb-common/1.0.1/kerb-common-1.0.1.jar:/home/user/.m2/repository/org/apache/kerby/kerb-crypto/1.0.1/kerb-crypto-1.0.1.jar:/home/user/.m2/repository/org/apache/kerby/kerb-util/1.0.1/kerb-util-1.0.1.jar:/home/user/.m2/repository/org/apache/kerby/token-provider/1.0.1/token-provider-1.0.1.jar:/home/user/.m2/repository/org/apache/kerby/kerb-admin/1.0.1/kerb-admin-1.0.1.jar:/home/user/.m2/repository/org/apache/kerby/kerb-server/1.0.1/kerb-server-1.0.1.jar:/home/user/.m2/repository/org/apache/kerby/kerb-identity/1.0.1/kerb-identity-1.0.1.jar:/home/user/.m2/repository/org/apache/kerby/kerby-xdr/1.0.1/kerby-xdr-1.0.1.jar:/home/user/.m2/repository/com/fasterxml/jackson/core/jackson-databind/2.9.5/jackson-databind-2.9.5.jar:/home/user/.m2/repository/com/fasterxml/jackson/core/jackson-core/2.9.5/jackson-core-2.9.5.jar:/home/user/.m2/repository/org/codehaus/woodstox/stax2-api/3.1.4/stax2-api-3.1.4.jar:/home/user/.m2/repository/com/fasterxml/woodstox/woodstox-core/5.0.3/woodstox-core-5.0.3.jar:/home/user/.m2/repository/dnsjava/dnsjava/2.1.7/dnsjava-2.1.7.jar:/home/user/.m2/repository/org/apache/hadoop/hadoop-hdfs/3.2.0/hadoop-hdfs-3.2.0.jar:/home/user/.m2/repository/org/eclipse/jetty/jetty-util-ajax/9.3.24.v20180605/jetty-util-ajax-9.3.24.v20180605.jar:/home/user/.m2/repository/commons-daemon/commons-daemon/1.0.13/commons-daemon-1.0.13.jar:/home/user/.m2/repository/io/netty/netty/3.10.5.Final/netty-3.10.5.Final.jar:/home/user/.m2/repository/io/netty/netty-all/4.0.52.Final/netty-all-4.0.52.Final.jar:/home/user/.m2/repository/org/fusesource/leveldbjni/leveldbjni-all/1.8/leveldbjni-all-1.8.jar:/home/user/.m2/repository/com/sun/xml/bind/jaxb-core/2.3.0.1/jaxb-core-2.3.0.1.jar:/home/user/.m2/repository/javax/xml/bind/jaxb-api/2.3.0/jaxb-api-2.3.0.jar:/home/user/.m2/repository/javax/activation/activation/1.1.1/activation-1.1.1.jar:/home/user/.m2/repository/io/dropwizard/metrics/metrics-core/3.2.4/metrics-core-3.2.4.jar:/home/user/.m2/repository/org/openjdk/jmh/jmh-core/1.19/jmh-core-1.19.jar:/home/user/.m2/repository/net/sf/jopt-simple/jopt-simple/4.6/jopt-simple-4.6.jar:/home/user/.m2/repository/org/openjdk/jmh/jmh-generator-annprocess/1.19/jmh-generator-annprocess-1.19.jar:/home/user/.m2/repository/com/google/code/findbugs/findbugs/3.0.1/findbugs-3.0.1.jar:/home/user/.m2/repository/net/jcip/jcip-annotations/1.0/jcip-annotations-1.0.jar:/home/user/.m2/repository/com/google/code/findbugs/bcel-findbugs/6.0/bcel-findbugs-6.0.jar:/home/user/.m2/repository/com/google/code/findbugs/jFormatString/2.0.1/jFormatString-2.0.1.jar:/home/user/.m2/repository/dom4j/dom4j/1.6.1/dom4j-1.6.1.jar:/home/user/.m2/repository/xml-apis/xml-apis/1.0.b2/xml-apis-1.0.b2.jar:/home/user/.m2/repository/org/ow2/asm/asm-debug-all/5.0.2/asm-debug-all-5.0.2.jar:/home/user/.m2/repository/org/ow2/asm/asm-commons/5.0.2/asm-commons-5.0.2.jar:/home/user/.m2/repository/org/ow2/asm/asm-tree/5.0.2/asm-tree-5.0.2.jar:/home/user/.m2/repository/org/ow2/asm/asm/5.0.4/asm-5.0.4.jar:/home/user/.m2/repository/commons-lang/commons-lang/2.6/commons-lang-2.6.jar:/home/user/.m2/repository/com/apple/AppleJavaExtensions/1.4/AppleJavaExtensions-1.4.jar:/home/user/.m2/repository/jaxen/jaxen/1.1.6/jaxen-1.1.6.jar:/home/user/.m2/repository/junit/junit/4.11/junit-4.11.jar:/home/user/.m2/repository/org/hamcrest/hamcrest-core/1.3/hamcrest-core-1.3.jar:/home/user/.m2/repository/org/apache/hadoop/hadoop-common/3.2.0/hadoop-common-3.2.0-tests.jar:/workdir/hadoop-ozone/integration-test/target/test-classes:/home/user/.m2/repository/org/apache/hadoop/hadoop-ozone-s3gateway/0.5.0-SNAPSHOT/hadoop-ozone-s3gateway-0.5.0-SNAPSHOT.jar:/home/user/.m2/repository/org/jboss/weld/servlet/weld-servlet/2.4.7.Final/weld-servlet-2.4.7.Final.jar:/home/user/.m2/repository/org/glassfish/jersey/containers/jersey-container-servlet-core/2.27/jersey-container-servlet-core-2.27.jar:/home/user/.m2/repository/org/glassfish/hk2/external/javax.inject/2.5.0-b42/javax.inject-2.5.0-b42.jar:/home/user/.m2/repository/org/glassfish/jersey/core/jersey-common/2.27/jersey-common-2.27.jar:/home/user/.m2/repository/org/glassfish/hk2/osgi-resource-locator/1.0.1/osgi-resource-locator-1.0.1.jar:/home/user/.m2/repository/javax/ws/rs/javax.ws.rs-api/2.1/javax.ws.rs-api-2.1.jar:/home/user/.m2/repository/org/glassfish/jersey/ext/cdi/jersey-cdi1x/2.27/jersey-cdi1x-2.27.jar:/home/user/.m2/repository/org/glassfish/jersey/inject/jersey-hk2/2.27/jersey-hk2-2.27.jar:/home/user/.m2/repository/org/glassfish/hk2/hk2-locator/2.5.0-b42/hk2-locator-2.5.0-b42.jar:/home/user/.m2/repository/org/javassist/javassist/3.22.0-CR2/javassist-3.22.0-CR2.jar:/home/user/.m2/repository/org/glassfish/hk2/hk2-api/2.5.0/hk2-api-2.5.0.jar:/home/user/.m2/repository/org/glassfish/hk2/external/jakarta.inject/2.5.0/jakarta.inject-2.5.0.jar:/home/user/.m2/repository/org/glassfish/hk2/hk2-utils/2.5.0/hk2-utils-2.5.0.jar:/home/user/.m2/repository/jakarta/annotation/jakarta.annotation-api/1.3.4/jakarta.annotation-api-1.3.4.jar:/home/user/.m2/repository/org/glassfish/hk2/external/aopalliance-repackaged/2.5.0/aopalliance-repackaged-2.5.0.jar:/home/user/.m2/repository/com/fasterxml/jackson/dataformat/jackson-dataformat-xml/2.9.0/jackson-dataformat-xml-2.9.0.jar:/home/user/.m2/repository/com/fasterxml/jackson/module/jackson-module-jaxb-annotations/2.9.5/jackson-module-jaxb-annotations-2.9.5.jar:/home/user/.m2/repository/javax/enterprise/cdi-api/1.2/cdi-api-1.2.jar:/home/user/.m2/repository/javax/el/javax.el-api/3.0.0/javax.el-api-3.0.0.jar:/home/user/.m2/repository/javax/interceptor/javax.interceptor-api/1.2/javax.interceptor-api-1.2.jar:/home/user/.m2/repository/javax/inject/javax.inject/1/javax.inject-1.jar:/home/user/.m2/repository/org/apache/hadoop/hadoop-ozone-csi/0.5.0-SNAPSHOT/hadoop-ozone-csi-0.5.0-SNAPSHOT.jar:/home/user/.m2/repository/com/google/protobuf/protobuf-java-util/3.5.1/protobuf-java-util-3.5.1.jar:/home/user/.m2/repository/io/grpc/grpc-netty/1.17.1/grpc-netty-1.17.1.jar:/home/user/.m2/repository/io/grpc/grpc-core/1.17.1/grpc-core-1.17.1.jar:/home/user/.m2/repository/io/grpc/grpc-context/1.17.1/grpc-context-1.17.1.jar:/home/user/.m2/repository/com/google/errorprone/error_prone_annotations/2.2.0/error_prone_annotations-2.2.0.jar:/home/user/.m2/repository/org/codehaus/mojo/animal-sniffer-annotations/1.17/animal-sniffer-annotations-1.17.jar:/home/user/.m2/repository/io/opencensus/opencensus-api/0.17.0/opencensus-api-0.17.0.jar:/home/user/.m2/repository/io/opencensus/opencensus-contrib-grpc-metrics/0.17.0/opencensus-contrib-grpc-metrics-0.17.0.jar:/home/user/.m2/repository/io/netty/netty-codec-http2/4.1.30.Final/netty-codec-http2-4.1.30.Final.jar:/home/user/.m2/repository/io/netty/netty-codec-http/4.1.30.Final/netty-codec-http-4.1.30.Final.jar:/home/user/.m2/repository/io/netty/netty-codec/4.1.30.Final/netty-codec-4.1.30.Final.jar:/home/user/.m2/repository/io/netty/netty-handler/4.1.30.Final/netty-handler-4.1.30.Final.jar:/home/user/.m2/repository/io/netty/netty-handler-proxy/4.1.30.Final/netty-handler-proxy-4.1.30.Final.jar:/home/user/.m2/repository/io/netty/netty-codec-socks/4.1.30.Final/netty-codec-socks-4.1.30.Final.jar:/home/user/.m2/repository/io/netty/netty-transport-native-epoll/4.1.30.Final/netty-transport-native-epoll-4.1.30.Final.jar:/home/user/.m2/repository/io/netty/netty-common/4.1.30.Final/netty-common-4.1.30.Final.jar:/home/user/.m2/repository/io/netty/netty-buffer/4.1.30.Final/netty-buffer-4.1.30.Final.jar:/home/user/.m2/repository/io/netty/netty-transport/4.1.30.Final/netty-transport-4.1.30.Final.jar:/home/user/.m2/repository/io/netty/netty-resolver/4.1.30.Final/netty-resolver-4.1.30.Final.jar:/home/user/.m2/repository/io/netty/netty-transport-native-unix-common/4.1.30.Final/netty-transport-native-unix-common-4.1.30.Final.jar:/home/user/.m2/repository/io/grpc/grpc-protobuf/1.17.1/grpc-protobuf-1.17.1.jar:/home/user/.m2/repository/com/google/api/grpc/proto-google-common-protos/1.0.0/proto-google-common-protos-1.0.0.jar:/home/user/.m2/repository/io/grpc/grpc-protobuf-lite/1.17.1/grpc-protobuf-lite-1.17.1.jar:/home/user/.m2/repository/io/grpc/grpc-stub/1.17.1/grpc-stub-1.17.1.jar:/home/user/.m2/repository/org/apache/hadoop/hadoop-ozone-recon/0.5.0-SNAPSHOT/hadoop-ozone-recon-0.5.0-SNAPSHOT.jar:/home/user/.m2/repository/org/apache/hadoop/hadoop-ozone-reconcodegen/0.5.0-SNAPSHOT/hadoop-ozone-reconcodegen-0.5.0-SNAPSHOT.jar:/home/user/.m2/repository/com/google/inject/extensions/guice-multibindings/4.0/guice-multibindings-4.0.jar:/home/user/.m2/repository/com/google/inject/guice/4.0/guice-4.0.jar:/home/user/.m2/repository/aopalliance/aopalliance/1.0/aopalliance-1.0.jar:/home/user/.m2/repository/com/google/inject/extensions/guice-servlet/4.0/guice-servlet-4.0.jar:/home/user/.m2/repository/org/glassfish/jersey/containers/jersey-container-servlet/2.27/jersey-container-servlet-2.27.jar:/home/user/.m2/repository/org/glassfish/hk2/guice-bridge/2.5.0/guice-bridge-2.5.0.jar:/home/user/.m2/repository/org/glassfish/jersey/core/jersey-server/2.27/jersey-server-2.27.jar:/home/user/.m2/repository/org/glassfish/jersey/core/jersey-client/2.27/jersey-client-2.27.jar:/home/user/.m2/repository/org/glassfish/jersey/media/jersey-media-jaxb/2.27/jersey-media-jaxb-2.27.jar:/home/user/.m2/repository/javax/validation/validation-api/1.1.0.Final/validation-api-1.1.0.Final.jar:/home/user/.m2/repository/org/glassfish/jersey/media/jersey-media-json-jackson/2.27/jersey-media-json-jackson-2.27.jar:/home/user/.m2/repository/org/glassfish/jersey/ext/jersey-entity-filtering/2.27/jersey-entity-filtering-2.27.jar:/home/user/.m2/repository/com/google/inject/extensions/guice-assistedinject/4.0/guice-assistedinject-4.0.jar:/home/user/.m2/repository/org/jooq/jooq/3.11.10/jooq-3.11.10.jar:/home/user/.m2/repository/org/jooq/jooq-meta/3.11.10/jooq-meta-3.11.10.jar:/home/user/.m2/repository/org/jooq/jooq-codegen/3.11.10/jooq-codegen-3.11.10.jar:/home/user/.m2/repository/com/jolbox/bonecp/0.8.0.RELEASE/bonecp-0.8.0.RELEASE.jar:/home/user/.m2/repository/org/springframework/spring-jdbc/5.1.3.RELEASE/spring-jdbc-5.1.3.RELEASE.jar:/home/user/.m2/repository/org/springframework/spring-beans/5.1.3.RELEASE/spring-beans-5.1.3.RELEASE.jar:/home/user/.m2/repository/org/springframework/spring-core/5.1.3.RELEASE/spring-core-5.1.3.RELEASE.jar:/home/user/.m2/repository/org/springframework/spring-jcl/5.1.3.RELEASE/spring-jcl-5.1.3.RELEASE.jar:/home/user/.m2/repository/org/springframework/spring-tx/5.1.3.RELEASE/spring-tx-5.1.3.RELEASE.jar:/home/user/.m2/repository/org/mockito/mockito-core/2.15.0/mockito-core-2.15.0.jar:/home/user/.m2/repository/net/bytebuddy/byte-buddy/1.7.9/byte-buddy-1.7.9.jar:/home/user/.m2/repository/net/bytebuddy/byte-buddy-agent/1.7.9/byte-buddy-agent-1.7.9.jar:/home/user/.m2/repository/org/objenesis/objenesis/1.0/objenesis-1.0.jar:"/>
    <property name="sun.cpu.endian" value="little"/>
    <property name="user.home" value="/home/user"/>
    <property name="user.language" value="en"/>
    <property name="java.specification.vendor" value="Oracle Corporation"/>
    <property name="java.home" value="/usr/lib/jvm/java-1.8-openjdk/jre"/>
    <property name="java.security.krb5.conf" value="/workdir/hadoop-ozone/tools/target/test-classes/krb5.conf"/>
    <property name="basedir" value="/workdir/hadoop-ozone/tools"/>
    <property name="file.separator" value="/"/>
    <property name="line.separator" value="&#10;"/>
    <property name="java.vm.specification.vendor" value="Oracle Corporation"/>
    <property name="java.specification.name" value="Java Platform API Specification"/>
    <property name="java.awt.graphicsenv" value="sun.awt.X11GraphicsEnvironment"/>
    <property name="surefire.real.class.path" value="/workdir/hadoop-ozone/tools/target/surefire/surefirebooter5985263856547296667.jar"/>
    <property name="hadoop.log.dir" value="/workdir/hadoop-ozone/tools/target/log"/>
    <property name="sun.boot.class.path" value="/usr/lib/jvm/java-1.8-openjdk/jre/lib/resources.jar:/usr/lib/jvm/java-1.8-openjdk/jre/lib/rt.jar:/usr/lib/jvm/java-1.8-openjdk/jre/lib/sunrsasign.jar:/usr/lib/jvm/java-1.8-openjdk/jre/lib/jsse.jar:/usr/lib/jvm/java-1.8-openjdk/jre/lib/jce.jar:/usr/lib/jvm/java-1.8-openjdk/jre/lib/charsets.jar:/usr/lib/jvm/java-1.8-openjdk/jre/lib/jfr.jar:/usr/lib/jvm/java-1.8-openjdk/jre/classes"/>
    <property name="sun.management.compiler" value="HotSpot 64-Bit Tiered Compilers"/>
    <property name="java.runtime.version" value="1.8.0_212-b04"/>
    <property name="java.net.preferIPv4Stack" value="true"/>
    <property name="user.name" value="jenkins1000"/>
    <property name="path.separator" value=":"/>
    <property name="java.security.egd" value="file:///dev/urandom"/>
    <property name="os.version" value="3.10.0-957.12.2.el7.x86_64"/>
    <property name="java.endorsed.dirs" value="/usr/lib/jvm/java-1.8-openjdk/jre/lib/endorsed"/>
    <property name="java.runtime.name" value="OpenJDK Runtime Environment"/>
    <property name="file.encoding" value="UTF-8"/>
    <property name="java.vm.name" value="OpenJDK 64-Bit Server VM"/>
    <property name="test.build.webapps" value=""/>
    <property name="localRepository" value="/home/user/.m2/repository"/>
    <property name="java.vendor.url.bug" value="https://icedtea.classpath.org/bugzilla"/>
    <property name="java.io.tmpdir" value="/tmp"/>
    <property name="require.test.libhadoop" value=""/>
    <property name="java.version" value="1.8.0_212"/>
    <property name="user.dir" value="/workdir/hadoop-ozone/tools"/>
    <property name="os.arch" value="amd64"/>
    <property name="java.vm.specification.name" value="Java Virtual Machine Specification"/>
    <property name="test.build.classes" value="/workdir/hadoop-ozone/tools/target/test-classes"/>
    <property name="java.awt.printerjob" value="sun.print.PSPrinterJob"/>
    <property name="sun.os.patch.level" value="unknown"/>
    <property name="hadoop.tmp.dir" value="/workdir/hadoop-ozone/tools/target/tmp"/>
    <property name="java.library.path" value="/usr/lib/jvm/java-1.8-openjdk/jre/lib/amd64/server:/usr/lib/jvm/java-1.8-openjdk/jre/lib/amd64:/usr/lib/jvm/java-1.8-openjdk/jre/../lib/amd64:/workdir/hadoop-ozone/tools/target/native/target/usr/local/lib:/workdir/hadoop-ozone/tools/../../hadoop-common-project/hadoop-common/target/native/target/usr/local/lib:/usr/java/packages/lib/amd64:/usr/lib64:/lib64:/lib:/usr/lib"/>
    <property name="java.vm.info" value="mixed mode"/>
    <property name="java.vendor" value="IcedTea"/>
    <property name="java.vm.version" value="25.212-b04"/>
    <property name="java.ext.dirs" value="/usr/lib/jvm/java-1.8-openjdk/jre/lib/ext:/usr/java/packages/lib/ext"/>
    <property name="sun.io.unicode.encoding" value="UnicodeLittle"/>
    <property name="java.class.version" value="52.0"/>
  </properties>
  <testcase name="ratisTest3" classname="org.apache.hadoop.ozone.freon.TestRandomKeyGenerator" time="10.829"/>
  <testcase name="testThreadPoolSize" classname="org.apache.hadoop.ozone.freon.TestRandomKeyGenerator" time="5.039"/>
  <testcase name="defaultTest" classname="org.apache.hadoop.ozone.freon.TestRandomKeyGenerator" time="5.028"/>
  <testcase name="bigFileThan2GB" classname="org.apache.hadoop.ozone.freon.TestRandomKeyGenerator" time="102.292">
    <error message="Allocated 0 blocks. Requested 1 blocks" type="INTERNAL_ERROR org.apache.hadoop.ozone.om.exceptions.OMException">INTERNAL_ERROR org.apache.hadoop.ozone.om.exceptions.OMException: Allocated 0 blocks. Requested 1 blocks
	at org.apache.hadoop.ozone.om.protocolPB.OzoneManagerProtocolClientSideTranslatorPB.handleError(OzoneManagerProtocolClientSideTranslatorPB.java:725)
	at org.apache.hadoop.ozone.om.protocolPB.OzoneManagerProtocolClientSideTranslatorPB.allocateBlock(OzoneManagerProtocolClientSideTranslatorPB.java:757)
	at org.apache.hadoop.ozone.client.io.BlockOutputStreamEntryPool.allocateNewBlock(BlockOutputStreamEntryPool.java:248)
	at org.apache.hadoop.ozone.client.io.BlockOutputStreamEntryPool.allocateBlockIfNeeded(BlockOutputStreamEntryPool.java:296)
	at org.apache.hadoop.ozone.client.io.KeyOutputStream.handleWrite(KeyOutputStream.java:201)
	at org.apache.hadoop.ozone.client.io.KeyOutputStream.write(KeyOutputStream.java:193)
	at org.apache.hadoop.ozone.client.io.OzoneOutputStream.write(OzoneOutputStream.java:49)
	at org.apache.hadoop.ozone.freon.RandomKeyGenerator.createKey(RandomKeyGenerator.java:708)
	at org.apache.hadoop.ozone.freon.RandomKeyGenerator.access$1100(RandomKeyGenerator.java:88)
	at org.apache.hadoop.ozone.freon.RandomKeyGenerator$ObjectCreator.run(RandomKeyGenerator.java:615)
	at java.util.concurrent.Executors$RunnableAdapter.call(Executors.java:511)
	at java.util.concurrent.FutureTask.run(FutureTask.java:266)
	at java.util.concurrent.ThreadPoolExecutor.runWorker(ThreadPoolExecutor.java:1149)
	at java.util.concurrent.ThreadPoolExecutor$Worker.run(ThreadPoolExecutor.java:624)
	at java.lang.Thread.run(Thread.java:748)
</error>
    <system-out><![CDATA[2019-09-11 04:25:42,046 [grpc-default-executor-2] WARN  client.GrpcClientProtocolService (LogUtils.java:warn(134)) - 7-UnorderedRequestStreamObserver7: onError: org.apache.ratis.thirdparty.io.grpc.StatusRuntimeException: CANCELLED: cancelled before receiving half close
2019-09-11 04:25:48,948 [main] INFO  freon.RandomKeyGenerator (RandomKeyGenerator.java:call(283)) - Number of Threads: 1
2019-09-11 04:25:48,949 [main] INFO  freon.RandomKeyGenerator (RandomKeyGenerator.java:call(288)) - Number of Volumes: 1.
2019-09-11 04:25:48,949 [main] INFO  freon.RandomKeyGenerator (RandomKeyGenerator.java:call(289)) - Number of Buckets per Volume: 1.
2019-09-11 04:25:48,949 [main] INFO  freon.RandomKeyGenerator (RandomKeyGenerator.java:call(290)) - Number of Keys per Bucket: 1.
2019-09-11 04:25:48,949 [main] INFO  freon.RandomKeyGenerator (RandomKeyGenerator.java:call(291)) - Key size: 2147483657 bytes
2019-09-11 04:25:48,949 [main] INFO  freon.RandomKeyGenerator (RandomKeyGenerator.java:call(292)) - Buffer size: 4096 bytes
2019-09-11 04:25:48,949 [main] INFO  freon.RandomKeyGenerator (RandomKeyGenerator.java:call(293)) - validateWrites : true
2019-09-11 04:25:48,951 [main] INFO  freon.RandomKeyGenerator (RandomKeyGenerator.java:call(307)) - Data validation is enabled.
2019-09-11 04:25:48,951 [main] INFO  freon.RandomKeyGenerator (RandomKeyGenerator.java:call(313)) - Starting progress bar Thread.

2019-09-11 04:25:48,951 [pool-277-thread-1] INFO  rpc.RpcClient (RpcClient.java:createVolume(298)) - Creating Volume: vol-0-49906, with jenkins1000 as owner.
 0.00% |█                                                                                                    |  0/1 Time: 0:00:002019-09-11 04:25:48,956 [IPC Server handler 3 on 33556] INFO  volume.OMVolumeCreateRequest (OMVolumeCreateRequest.java:validateAndUpdateCache(189)) - created volume:vol-0-49906 for user:jenkins1000
2019-09-11 04:25:48,959 [pool-277-thread-1] INFO  rpc.RpcClient (RpcClient.java:createBucket(437)) - Creating Bucket: vol-0-49906/bucket-0-57665, with Versioning false and Storage Type set to DISK and Encryption set to false 
2019-09-11 04:25:49,074 [grpc-default-executor-0] INFO  client.GrpcClientProtocolClient (GrpcClientProtocolClient.java:onNext(264)) - client-734BBEB428D7->11e48d46-e648-47f9-b6a0-9c7f26654c28: receive RaftClientReply:client-734BBEB428D7->11e48d46-e648-47f9-b6a0-9c7f26654c28@group-7000B19605CB, cid=600, FAILED org.apache.ratis.protocol.NotLeaderException: Server 11e48d46-e648-47f9-b6a0-9c7f26654c28@group-7000B19605CB is not the leader a5e38e3e-c2ad-4348-acb9-3fc25cfb14dd:192.168.34.53:37772, logIndex=0, commits[11e48d46-e648-47f9-b6a0-9c7f26654c28:c724, d1b6a90e-e817-40a7-bec1-608b5cc7d8b6:c724, a5e38e3e-c2ad-4348-acb9-3fc25cfb14dd:c724]
2019-09-11 04:25:49,119 [grpc-default-executor-2] INFO  client.GrpcClientProtocolClient (GrpcClientProtocolClient.java:onNext(264)) - client-734BBEB428D7->a5e38e3e-c2ad-4348-acb9-3fc25cfb14dd: receive RaftClientReply:client-734BBEB428D7->a5e38e3e-c2ad-4348-acb9-3fc25cfb14dd@group-7000B19605CB, cid=600, SUCCESS, logIndex=725, commits[a5e38e3e-c2ad-4348-acb9-3fc25cfb14dd:c725, 11e48d46-e648-47f9-b6a0-9c7f26654c28:c724, d1b6a90e-e817-40a7-bec1-608b5cc7d8b6:c724]
2019-09-11 04:25:49,136 [grpc-default-executor-0] INFO  client.GrpcClientProtocolClient (GrpcClientProtocolClient.java:onNext(264)) - client-734BBEB428D7->a5e38e3e-c2ad-4348-acb9-3fc25cfb14dd: receive RaftClientReply:client-734BBEB428D7->a5e38e3e-c2ad-4348-acb9-3fc25cfb14dd@group-7000B19605CB, cid=601, SUCCESS, logIndex=727, commits[a5e38e3e-c2ad-4348-acb9-3fc25cfb14dd:c727, 11e48d46-e648-47f9-b6a0-9c7f26654c28:c725, d1b6a90e-e817-40a7-bec1-608b5cc7d8b6:c725]
2019-09-11 04:25:49,148 [grpc-default-executor-0] INFO  client.GrpcClientProtocolClient (GrpcClientProtocolClient.java:onNext(264)) - client-734BBEB428D7->a5e38e3e-c2ad-4348-acb9-3fc25cfb14dd: receive RaftClientReply:client-734BBEB428D7->a5e38e3e-c2ad-4348-acb9-3fc25cfb14dd@group-7000B19605CB, cid=602, SUCCESS, logIndex=728, commits[a5e38e3e-c2ad-4348-acb9-3fc25cfb14dd:c730, 11e48d46-e648-47f9-b6a0-9c7f26654c28:c727, d1b6a90e-e817-40a7-bec1-608b5cc7d8b6:c727]
2019-09-11 04:25:49,149 [grpc-default-executor-0] INFO  client.GrpcClientProtocolClient (GrpcClientProtocolClient.java:onNext(264)) - client-734BBEB428D7->a5e38e3e-c2ad-4348-acb9-3fc25cfb14dd: receive RaftClientReply:client-734BBEB428D7->a5e38e3e-c2ad-4348-acb9-3fc25cfb14dd@group-7000B19605CB, cid=603, SUCCESS, logIndex=730, commits[a5e38e3e-c2ad-4348-acb9-3fc25cfb14dd:c730, 11e48d46-e648-47f9-b6a0-9c7f26654c28:c727, d1b6a90e-e817-40a7-bec1-608b5cc7d8b6:c727]
2019-09-11 04:25:49,175 [grpc-default-executor-0] INFO  client.GrpcClientProtocolClient (GrpcClientProtocolClient.java:onNext(264)) - client-734BBEB428D7->a5e38e3e-c2ad-4348-acb9-3fc25cfb14dd: receive RaftClientReply:client-734BBEB428D7->a5e38e3e-c2ad-4348-acb9-3fc25cfb14dd@group-7000B19605CB, cid=604, SUCCESS, logIndex=733, commits[a5e38e3e-c2ad-4348-acb9-3fc25cfb14dd:c733, 11e48d46-e648-47f9-b6a0-9c7f26654c28:c730, d1b6a90e-e817-40a7-bec1-608b5cc7d8b6:c730]
2019-09-11 04:25:49,176 [grpc-default-executor-0] INFO  client.GrpcClientProtocolClient (GrpcClientProtocolClient.java:onNext(264)) - client-734BBEB428D7->a5e38e3e-c2ad-4348-acb9-3fc25cfb14dd: receive RaftClientReply:client-734BBEB428D7->a5e38e3e-c2ad-4348-acb9-3fc25cfb14dd@group-7000B19605CB, cid=605, SUCCESS, logIndex=734, commits[a5e38e3e-c2ad-4348-acb9-3fc25cfb14dd:c734, 11e48d46-e648-47f9-b6a0-9c7f26654c28:c730, d1b6a90e-e817-40a7-bec1-608b5cc7d8b6:c730]
2019-09-11 04:25:49,207 [grpc-default-executor-3] INFO  client.GrpcClientProtocolClient (GrpcClientProtocolClient.java:onNext(264)) - client-734BBEB428D7->a5e38e3e-c2ad-4348-acb9-3fc25cfb14dd: receive RaftClientReply:client-734BBEB428D7->a5e38e3e-c2ad-4348-acb9-3fc25cfb14dd@group-7000B19605CB, cid=606, SUCCESS, logIndex=737, commits[a5e38e3e-c2ad-4348-acb9-3fc25cfb14dd:c738, 11e48d46-e648-47f9-b6a0-9c7f26654c28:c736, d1b6a90e-e817-40a7-bec1-608b5cc7d8b6:c736]
2019-09-11 04:25:49,208 [grpc-default-executor-3] INFO  client.GrpcClientProtocolClient (GrpcClientProtocolClient.java:onNext(264)) - client-734BBEB428D7->a5e38e3e-c2ad-4348-acb9-3fc25cfb14dd: receive RaftClientReply:client-734BBEB428D7->a5e38e3e-c2ad-4348-acb9-3fc25cfb14dd@group-7000B19605CB, cid=607, SUCCESS, logIndex=738, commits[a5e38e3e-c2ad-4348-acb9-3fc25cfb14dd:c738, 11e48d46-e648-47f9-b6a0-9c7f26654c28:c736, d1b6a90e-e817-40a7-bec1-608b5cc7d8b6:c736]
2019-09-11 04:25:49,221 [grpc-default-executor-3] INFO  client.GrpcClientProtocolClient (GrpcClientProtocolClient.java:onNext(264)) - client-734BBEB428D7->a5e38e3e-c2ad-4348-acb9-3fc25cfb14dd: receive RaftClientReply:client-734BBEB428D7->a5e38e3e-c2ad-4348-acb9-3fc25cfb14dd@group-7000B19605CB, cid=608, SUCCESS, logIndex=0, commits[a5e38e3e-c2ad-4348-acb9-3fc25cfb14dd:c739, 11e48d46-e648-47f9-b6a0-9c7f26654c28:c738, d1b6a90e-e817-40a7-bec1-608b5cc7d8b6:c738]
2019-09-11 04:25:49,247 [grpc-default-executor-0] INFO  client.GrpcClientProtocolClient (GrpcClientProtocolClient.java:onNext(264)) - client-734BBEB428D7->a5e38e3e-c2ad-4348-acb9-3fc25cfb14dd: receive RaftClientReply:client-734BBEB428D7->a5e38e3e-c2ad-4348-acb9-3fc25cfb14dd@group-7000B19605CB, cid=609, SUCCESS, logIndex=741, commits[a5e38e3e-c2ad-4348-acb9-3fc25cfb14dd:c742, 11e48d46-e648-47f9-b6a0-9c7f26654c28:c740, d1b6a90e-e817-40a7-bec1-608b5cc7d8b6:c740]
2019-09-11 04:25:49,250 [grpc-default-executor-0] INFO  client.GrpcClientProtocolClient (GrpcClientProtocolClient.java:onNext(264)) - client-734BBEB428D7->a5e38e3e-c2ad-4348-acb9-3fc25cfb14dd: receive RaftClientReply:client-734BBEB428D7->a5e38e3e-c2ad-4348-acb9-3fc25cfb14dd@group-7000B19605CB, cid=610, SUCCESS, logIndex=742, commits[a5e38e3e-c2ad-4348-acb9-3fc25cfb14dd:c744, 11e48d46-e648-47f9-b6a0-9c7f26654c28:c740, d1b6a90e-e817-40a7-bec1-608b5cc7d8b6:c740]
2019-09-11 04:25:49,251 [grpc-default-executor-2] INFO  client.GrpcClientProtocolClient (GrpcClientProtocolClient.java:onNext(264)) - client-734BBEB428D7->a5e38e3e-c2ad-4348-acb9-3fc25cfb14dd: receive RaftClientReply:client-734BBEB428D7->a5e38e3e-c2ad-4348-acb9-3fc25cfb14dd@group-7000B19605CB, cid=611, SUCCESS, logIndex=743, commits[a5e38e3e-c2ad-4348-acb9-3fc25cfb14dd:c744, 11e48d46-e648-47f9-b6a0-9c7f26654c28:c740, d1b6a90e-e817-40a7-bec1-608b5cc7d8b6:c740]
2019-09-11 04:25:49,251 [grpc-default-executor-2] INFO  client.GrpcClientProtocolClient (GrpcClientProtocolClient.java:onNext(264)) - client-734BBEB428D7->a5e38e3e-c2ad-4348-acb9-3fc25cfb14dd: receive RaftClientReply:client-734BBEB428D7->a5e38e3e-c2ad-4348-acb9-3fc25cfb14dd@group-7000B19605CB, cid=612, SUCCESS, logIndex=744, commits[a5e38e3e-c2ad-4348-acb9-3fc25cfb14dd:c744, 11e48d46-e648-47f9-b6a0-9c7f26654c28:c740, d1b6a90e-e817-40a7-bec1-608b5cc7d8b6:c740]
2019-09-11 04:25:49,252 [grpc-default-executor-2] INFO  client.GrpcClientProtocolClient (GrpcClientProtocolClient.java:onNext(264)) - client-734BBEB428D7->a5e38e3e-c2ad-4348-acb9-3fc25cfb14dd: receive RaftClientReply:client-734BBEB428D7->a5e38e3e-c2ad-4348-acb9-3fc25cfb14dd@group-7000B19605CB, cid=613, SUCCESS, logIndex=0, commits[a5e38e3e-c2ad-4348-acb9-3fc25cfb14dd:c748, 11e48d46-e648-47f9-b6a0-9c7f26654c28:c744, d1b6a90e-e817-40a7-bec1-608b5cc7d8b6:c744]
2019-09-11 04:25:49,274 [grpc-default-executor-0] INFO  client.GrpcClientProtocolClient (GrpcClientProtocolClient.java:onNext(264)) - client-734BBEB428D7->a5e38e3e-c2ad-4348-acb9-3fc25cfb14dd: receive RaftClientReply:client-734BBEB428D7->a5e38e3e-c2ad-4348-acb9-3fc25cfb14dd@group-7000B19605CB, cid=614, SUCCESS, logIndex=749, commits[a5e38e3e-c2ad-4348-acb9-3fc25cfb14dd:c750, 11e48d46-e648-47f9-b6a0-9c7f26654c28:c748, d1b6a90e-e817-40a7-bec1-608b5cc7d8b6:c748]
2019-09-11 04:25:49,274 [grpc-default-executor-0] INFO  client.GrpcClientProtocolClient (GrpcClientProtocolClient.java:onNext(264)) - client-734BBEB428D7->a5e38e3e-c2ad-4348-acb9-3fc25cfb14dd: receive RaftClientReply:client-734BBEB428D7->a5e38e3e-c2ad-4348-acb9-3fc25cfb14dd@group-7000B19605CB, cid=615, SUCCESS, logIndex=750, commits[a5e38e3e-c2ad-4348-acb9-3fc25cfb14dd:c750, 11e48d46-e648-47f9-b6a0-9c7f26654c28:c748, d1b6a90e-e817-40a7-bec1-608b5cc7d8b6:c748]
2019-09-11 04:25:49,297 [grpc-default-executor-2] INFO  client.GrpcClientProtocolClient (GrpcClientProtocolClient.java:onNext(264)) - client-734BBEB428D7->a5e38e3e-c2ad-4348-acb9-3fc25cfb14dd: receive RaftClientReply:client-734BBEB428D7->a5e38e3e-c2ad-4348-acb9-3fc25cfb14dd@group-7000B19605CB, cid=616, SUCCESS, logIndex=753, commits[a5e38e3e-c2ad-4348-acb9-3fc25cfb14dd:c754, 11e48d46-e648-47f9-b6a0-9c7f26654c28:c751, d1b6a90e-e817-40a7-bec1-608b5cc7d8b6:c751]
2019-09-11 04:25:49,298 [grpc-default-executor-2] INFO  client.GrpcClientProtocolClient (GrpcClientProtocolClient.java:onNext(264)) - client-734BBEB428D7->a5e38e3e-c2ad-4348-acb9-3fc25cfb14dd: receive RaftClientReply:client-734BBEB428D7->a5e38e3e-c2ad-4348-acb9-3fc25cfb14dd@group-7000B19605CB, cid=617, SUCCESS, logIndex=754, commits[a5e38e3e-c2ad-4348-acb9-3fc25cfb14dd:c754, 11e48d46-e648-47f9-b6a0-9c7f26654c28:c751, d1b6a90e-e817-40a7-bec1-608b5cc7d8b6:c751]
2019-09-11 04:25:49,307 [grpc-default-executor-2] INFO  client.GrpcClientProtocolClient (GrpcClientProtocolClient.java:onNext(264)) - client-734BBEB428D7->a5e38e3e-c2ad-4348-acb9-3fc25cfb14dd: receive RaftClientReply:client-734BBEB428D7->a5e38e3e-c2ad-4348-acb9-3fc25cfb14dd@group-7000B19605CB, cid=618, SUCCESS, logIndex=0, commits[a5e38e3e-c2ad-4348-acb9-3fc25cfb14dd:c755, 11e48d46-e648-47f9-b6a0-9c7f26654c28:c754, d1b6a90e-e817-40a7-bec1-608b5cc7d8b6:c754]
2019-09-11 04:25:49,548 [grpc-default-executor-0] INFO  client.GrpcClientProtocolClient (GrpcClientProtocolClient.java:onNext(264)) - client-734BBEB428D7->a5e38e3e-c2ad-4348-acb9-3fc25cfb14dd: receive RaftClientReply:client-734BBEB428D7->a5e38e3e-c2ad-4348-acb9-3fc25cfb14dd@group-7000B19605CB, cid=619, SUCCESS, logIndex=757, commits[a5e38e3e-c2ad-4348-acb9-3fc25cfb14dd:c758, 11e48d46-e648-47f9-b6a0-9c7f26654c28:c754, d1b6a90e-e817-40a7-bec1-608b5cc7d8b6:c756]
2019-09-11 04:25:49,548 [grpc-default-executor-0] INFO  client.GrpcClientProtocolClient (GrpcClientProtocolClient.java:onNext(264)) - client-734BBEB428D7->a5e38e3e-c2ad-4348-acb9-3fc25cfb14dd: receive RaftClientReply:client-734BBEB428D7->a5e38e3e-c2ad-4348-acb9-3fc25cfb14dd@group-7000B19605CB, cid=620, SUCCESS, logIndex=758, commits[a5e38e3e-c2ad-4348-acb9-3fc25cfb14dd:c760, 11e48d46-e648-47f9-b6a0-9c7f26654c28:c756, d1b6a90e-e817-40a7-bec1-608b5cc7d8b6:c756]
2019-09-11 04:25:49,549 [grpc-default-executor-0] INFO  client.GrpcClientProtocolClient (GrpcClientProtocolClient.java:onNext(264)) - client-734BBEB428D7->a5e38e3e-c2ad-4348-acb9-3fc25cfb14dd: receive RaftClientReply:client-734BBEB428D7->a5e38e3e-c2ad-4348-acb9-3fc25cfb14dd@group-7000B19605CB, cid=621, SUCCESS, logIndex=759, commits[a5e38e3e-c2ad-4348-acb9-3fc25cfb14dd:c760, 11e48d46-e648-47f9-b6a0-9c7f26654c28:c756, d1b6a90e-e817-40a7-bec1-608b5cc7d8b6:c756]
2019-09-11 04:25:49,549 [grpc-default-executor-0] INFO  client.GrpcClientProtocolClient (GrpcClientProtocolClient.java:onNext(264)) - client-734BBEB428D7->a5e38e3e-c2ad-4348-acb9-3fc25cfb14dd: receive RaftClientReply:client-734BBEB428D7->a5e38e3e-c2ad-4348-acb9-3fc25cfb14dd@group-7000B19605CB, cid=622, SUCCESS, logIndex=760, commits[a5e38e3e-c2ad-4348-acb9-3fc25cfb14dd:c760, 11e48d46-e648-47f9-b6a0-9c7f26654c28:c756, d1b6a90e-e817-40a7-bec1-608b5cc7d8b6:c756]
2019-09-11 04:25:49,560 [grpc-default-executor-2] INFO  client.GrpcClientProtocolClient (GrpcClientProtocolClient.java:onNext(264)) - client-734BBEB428D7->a5e38e3e-c2ad-4348-acb9-3fc25cfb14dd: receive RaftClientReply:client-734BBEB428D7->a5e38e3e-c2ad-4348-acb9-3fc25cfb14dd@group-7000B19605CB, cid=623, SUCCESS, logIndex=0, commits[a5e38e3e-c2ad-4348-acb9-3fc25cfb14dd:c761, 11e48d46-e648-47f9-b6a0-9c7f26654c28:c758, d1b6a90e-e817-40a7-bec1-608b5cc7d8b6:c758]
2019-09-11 04:25:49,587 [grpc-default-executor-3] INFO  client.GrpcClientProtocolClient (GrpcClientProtocolClient.java:onNext(264)) - client-734BBEB428D7->a5e38e3e-c2ad-4348-acb9-3fc25cfb14dd: receive RaftClientReply:client-734BBEB428D7->a5e38e3e-c2ad-4348-acb9-3fc25cfb14dd@group-7000B19605CB, cid=624, SUCCESS, logIndex=765, commits[a5e38e3e-c2ad-4348-acb9-3fc25cfb14dd:c766, 11e48d46-e648-47f9-b6a0-9c7f26654c28:c764, d1b6a90e-e817-40a7-bec1-608b5cc7d8b6:c764]
2019-09-11 04:25:49,588 [grpc-default-executor-3] INFO  client.GrpcClientProtocolClient (GrpcClientProtocolClient.java:onNext(264)) - client-734BBEB428D7->a5e38e3e-c2ad-4348-acb9-3fc25cfb14dd: receive RaftClientReply:client-734BBEB428D7->a5e38e3e-c2ad-4348-acb9-3fc25cfb14dd@group-7000B19605CB, cid=625, SUCCESS, logIndex=766, commits[a5e38e3e-c2ad-4348-acb9-3fc25cfb14dd:c766, 11e48d46-e648-47f9-b6a0-9c7f26654c28:c764, d1b6a90e-e817-40a7-bec1-608b5cc7d8b6:c764]
2019-09-11 04:25:49,612 [grpc-default-executor-2] INFO  client.GrpcClientProtocolClient (GrpcClientProtocolClient.java:onNext(264)) - client-734BBEB428D7->a5e38e3e-c2ad-4348-acb9-3fc25cfb14dd: receive RaftClientReply:client-734BBEB428D7->a5e38e3e-c2ad-4348-acb9-3fc25cfb14dd@group-7000B19605CB, cid=626, SUCCESS, logIndex=769, commits[a5e38e3e-c2ad-4348-acb9-3fc25cfb14dd:c770, 11e48d46-e648-47f9-b6a0-9c7f26654c28:c766, d1b6a90e-e817-40a7-bec1-608b5cc7d8b6:c766]
2019-09-11 04:25:49,612 [grpc-default-executor-2] INFO  client.GrpcClientProtocolClient (GrpcClientProtocolClient.java:onNext(264)) - client-734BBEB428D7->a5e38e3e-c2ad-4348-acb9-3fc25cfb14dd: receive RaftClientReply:client-734BBEB428D7->a5e38e3e-c2ad-4348-acb9-3fc25cfb14dd@group-7000B19605CB, cid=627, SUCCESS, logIndex=770, commits[a5e38e3e-c2ad-4348-acb9-3fc25cfb14dd:c770, 11e48d46-e648-47f9-b6a0-9c7f26654c28:c766, d1b6a90e-e817-40a7-bec1-608b5cc7d8b6:c766]
2019-09-11 04:25:49,626 [grpc-default-executor-2] INFO  client.GrpcClientProtocolClient (GrpcClientProtocolClient.java:onNext(264)) - client-734BBEB428D7->a5e38e3e-c2ad-4348-acb9-3fc25cfb14dd: receive RaftClientReply:client-734BBEB428D7->a5e38e3e-c2ad-4348-acb9-3fc25cfb14dd@group-7000B19605CB, cid=628, SUCCESS, logIndex=0, commits[a5e38e3e-c2ad-4348-acb9-3fc25cfb14dd:c771, 11e48d46-e648-47f9-b6a0-9c7f26654c28:c770, d1b6a90e-e817-40a7-bec1-608b5cc7d8b6:c770]
2019-09-11 04:25:49,650 [grpc-default-executor-1] INFO  client.GrpcClientProtocolClient (GrpcClientProtocolClient.java:onNext(264)) - client-734BBEB428D7->a5e38e3e-c2ad-4348-acb9-3fc25cfb14dd: receive RaftClientReply:client-734BBEB428D7->a5e38e3e-c2ad-4348-acb9-3fc25cfb14dd@group-7000B19605CB, cid=629, SUCCESS, logIndex=773, commits[a5e38e3e-c2ad-4348-acb9-3fc25cfb14dd:c774, 11e48d46-e648-47f9-b6a0-9c7f26654c28:c772, d1b6a90e-e817-40a7-bec1-608b5cc7d8b6:c772]
2019-09-11 04:25:49,652 [grpc-default-executor-1] INFO  client.GrpcClientProtocolClient (GrpcClientProtocolClient.java:onNext(264)) - client-734BBEB428D7->a5e38e3e-c2ad-4348-acb9-3fc25cfb14dd: receive RaftClientReply:client-734BBEB428D7->a5e38e3e-c2ad-4348-acb9-3fc25cfb14dd@group-7000B19605CB, cid=630, SUCCESS, logIndex=774, commits[a5e38e3e-c2ad-4348-acb9-3fc25cfb14dd:c776, 11e48d46-e648-47f9-b6a0-9c7f26654c28:c772, d1b6a90e-e817-40a7-bec1-608b5cc7d8b6:c772]
2019-09-11 04:25:49,652 [grpc-default-executor-1] INFO  client.GrpcClientProtocolClient (GrpcClientProtocolClient.java:onNext(264)) - client-734BBEB428D7->a5e38e3e-c2ad-4348-acb9-3fc25cfb14dd: receive RaftClientReply:client-734BBEB428D7->a5e38e3e-c2ad-4348-acb9-3fc25cfb14dd@group-7000B19605CB, cid=631, SUCCESS, logIndex=775, commits[a5e38e3e-c2ad-4348-acb9-3fc25cfb14dd:c776, 11e48d46-e648-47f9-b6a0-9c7f26654c28:c772, d1b6a90e-e817-40a7-bec1-608b5cc7d8b6:c772]
2019-09-11 04:25:49,653 [grpc-default-executor-1] INFO  client.GrpcClientProtocolClient (GrpcClientProtocolClient.java:onNext(264)) - client-734BBEB428D7->a5e38e3e-c2ad-4348-acb9-3fc25cfb14dd: receive RaftClientReply:client-734BBEB428D7->a5e38e3e-c2ad-4348-acb9-3fc25cfb14dd@group-7000B19605CB, cid=632, SUCCESS, logIndex=776, commits[a5e38e3e-c2ad-4348-acb9-3fc25cfb14dd:c777, 11e48d46-e648-47f9-b6a0-9c7f26654c28:c774, d1b6a90e-e817-40a7-bec1-608b5cc7d8b6:c774]
2019-09-11 04:25:49,676 [grpc-default-executor-1] INFO  client.GrpcClientProtocolClient (GrpcClientProtocolClient.java:onNext(264)) - client-734BBEB428D7->a5e38e3e-c2ad-4348-acb9-3fc25cfb14dd: receive RaftClientReply:client-734BBEB428D7->a5e38e3e-c2ad-4348-acb9-3fc25cfb14dd@group-7000B19605CB, cid=633, SUCCESS, logIndex=781, commits[a5e38e3e-c2ad-4348-acb9-3fc25cfb14dd:c782, 11e48d46-e648-47f9-b6a0-9c7f26654c28:c780, d1b6a90e-e817-40a7-bec1-608b5cc7d8b6:c780]
2019-09-11 04:25:49,677 [grpc-default-executor-1] INFO  client.GrpcClientProtocolClient (GrpcClientProtocolClient.java:onNext(264)) - client-734BBEB428D7->a5e38e3e-c2ad-4348-acb9-3fc25cfb14dd: receive RaftClientReply:client-734BBEB428D7->a5e38e3e-c2ad-4348-acb9-3fc25cfb14dd@group-7000B19605CB, cid=634, SUCCESS, logIndex=782, commits[a5e38e3e-c2ad-4348-acb9-3fc25cfb14dd:c782, 11e48d46-e648-47f9-b6a0-9c7f26654c28:c780, d1b6a90e-e817-40a7-bec1-608b5cc7d8b6:c780]
2019-09-11 04:25:49,704 [grpc-default-executor-3] INFO  client.GrpcClientProtocolClient (GrpcClientProtocolClient.java:onNext(264)) - client-734BBEB428D7->a5e38e3e-c2ad-4348-acb9-3fc25cfb14dd: receive RaftClientReply:client-734BBEB428D7->a5e38e3e-c2ad-4348-acb9-3fc25cfb14dd@group-7000B19605CB, cid=635, SUCCESS, logIndex=785, commits[a5e38e3e-c2ad-4348-acb9-3fc25cfb14dd:c786, 11e48d46-e648-47f9-b6a0-9c7f26654c28:c782, d1b6a90e-e817-40a7-bec1-608b5cc7d8b6:c782]
2019-09-11 04:25:49,705 [grpc-default-executor-3] INFO  client.GrpcClientProtocolClient (GrpcClientProtocolClient.java:onNext(264)) - client-734BBEB428D7->a5e38e3e-c2ad-4348-acb9-3fc25cfb14dd: receive RaftClientReply:client-734BBEB428D7->a5e38e3e-c2ad-4348-acb9-3fc25cfb14dd@group-7000B19605CB, cid=636, SUCCESS, logIndex=786, commits[a5e38e3e-c2ad-4348-acb9-3fc25cfb14dd:c786, 11e48d46-e648-47f9-b6a0-9c7f26654c28:c782, d1b6a90e-e817-40a7-bec1-608b5cc7d8b6:c782]
2019-09-11 04:25:49,715 [grpc-default-executor-3] INFO  client.GrpcClientProtocolClient (GrpcClientProtocolClient.java:onNext(264)) - client-734BBEB428D7->a5e38e3e-c2ad-4348-acb9-3fc25cfb14dd: receive RaftClientReply:client-734BBEB428D7->a5e38e3e-c2ad-4348-acb9-3fc25cfb14dd@group-7000B19605CB, cid=637, SUCCESS, logIndex=0, commits[a5e38e3e-c2ad-4348-acb9-3fc25cfb14dd:c788, 11e48d46-e648-47f9-b6a0-9c7f26654c28:c786, d1b6a90e-e817-40a7-bec1-608b5cc7d8b6:c786]
2019-09-11 04:25:49,736 [grpc-default-executor-1] INFO  client.GrpcClientProtocolClient (GrpcClientProtocolClient.java:onNext(264)) - client-734BBEB428D7->a5e38e3e-c2ad-4348-acb9-3fc25cfb14dd: receive RaftClientReply:client-734BBEB428D7->a5e38e3e-c2ad-4348-acb9-3fc25cfb14dd@group-7000B19605CB, cid=638, SUCCESS, logIndex=789, commits[a5e38e3e-c2ad-4348-acb9-3fc25cfb14dd:c790, 11e48d46-e648-47f9-b6a0-9c7f26654c28:c788, d1b6a90e-e817-40a7-bec1-608b5cc7d8b6:c788]
2019-09-11 04:25:49,737 [grpc-default-executor-1] INFO  client.GrpcClientProtocolClient (GrpcClientProtocolClient.java:onNext(264)) - client-734BBEB428D7->a5e38e3e-c2ad-4348-acb9-3fc25cfb14dd: receive RaftClientReply:client-734BBEB428D7->a5e38e3e-c2ad-4348-acb9-3fc25cfb14dd@group-7000B19605CB, cid=639, SUCCESS, logIndex=790, commits[a5e38e3e-c2ad-4348-acb9-3fc25cfb14dd:c792, 11e48d46-e648-47f9-b6a0-9c7f26654c28:c788, d1b6a90e-e817-40a7-bec1-608b5cc7d8b6:c788]
2019-09-11 04:25:49,740 [grpc-default-executor-1] INFO  client.GrpcClientProtocolClient (GrpcClientProtocolClient.java:onNext(264)) - client-734BBEB428D7->a5e38e3e-c2ad-4348-acb9-3fc25cfb14dd: receive RaftClientReply:client-734BBEB428D7->a5e38e3e-c2ad-4348-acb9-3fc25cfb14dd@group-7000B19605CB, cid=640, SUCCESS, logIndex=791, commits[a5e38e3e-c2ad-4348-acb9-3fc25cfb14dd:c792, 11e48d46-e648-47f9-b6a0-9c7f26654c28:c788, d1b6a90e-e817-40a7-bec1-608b5cc7d8b6:c788]
2019-09-11 04:25:49,741 [grpc-default-executor-1] INFO  client.GrpcClientProtocolClient (GrpcClientProtocolClient.java:onNext(264)) - client-734BBEB428D7->a5e38e3e-c2ad-4348-acb9-3fc25cfb14dd: receive RaftClientReply:client-734BBEB428D7->a5e38e3e-c2ad-4348-acb9-3fc25cfb14dd@group-7000B19605CB, cid=641, SUCCESS, logIndex=792, commits[a5e38e3e-c2ad-4348-acb9-3fc25cfb14dd:c792, 11e48d46-e648-47f9-b6a0-9c7f26654c28:c788, d1b6a90e-e817-40a7-bec1-608b5cc7d8b6:c788]
2019-09-11 04:25:49,742 [grpc-default-executor-1] INFO  client.GrpcClientProtocolClient (GrpcClientProtocolClient.java:onNext(264)) - client-734BBEB428D7->a5e38e3e-c2ad-4348-acb9-3fc25cfb14dd: receive RaftClientReply:client-734BBEB428D7->a5e38e3e-c2ad-4348-acb9-3fc25cfb14dd@group-7000B19605CB, cid=642, SUCCESS, logIndex=0, commits[a5e38e3e-c2ad-4348-acb9-3fc25cfb14dd:c795, 11e48d46-e648-47f9-b6a0-9c7f26654c28:c792, d1b6a90e-e817-40a7-bec1-608b5cc7d8b6:c792]
2019-09-11 04:25:49,766 [grpc-default-executor-1] INFO  client.GrpcClientProtocolClient (GrpcClientProtocolClient.java:onNext(264)) - client-734BBEB428D7->a5e38e3e-c2ad-4348-acb9-3fc25cfb14dd: receive RaftClientReply:client-734BBEB428D7->a5e38e3e-c2ad-4348-acb9-3fc25cfb14dd@group-7000B19605CB, cid=643, SUCCESS, logIndex=796, commits[a5e38e3e-c2ad-4348-acb9-3fc25cfb14dd:c797, 11e48d46-e648-47f9-b6a0-9c7f26654c28:c795, d1b6a90e-e817-40a7-bec1-608b5cc7d8b6:c795]
2019-09-11 04:25:49,767 [grpc-default-executor-1] INFO  client.GrpcClientProtocolClient (GrpcClientProtocolClient.java:onNext(264)) - client-734BBEB428D7->a5e38e3e-c2ad-4348-acb9-3fc25cfb14dd: receive RaftClientReply:client-734BBEB428D7->a5e38e3e-c2ad-4348-acb9-3fc25cfb14dd@group-7000B19605CB, cid=644, SUCCESS, logIndex=797, commits[a5e38e3e-c2ad-4348-acb9-3fc25cfb14dd:c797, 11e48d46-e648-47f9-b6a0-9c7f26654c28:c795, d1b6a90e-e817-40a7-bec1-608b5cc7d8b6:c795]
2019-09-11 04:25:49,791 [grpc-default-executor-1] INFO  client.GrpcClientProtocolClient (GrpcClientProtocolClient.java:onNext(264)) - client-734BBEB428D7->a5e38e3e-c2ad-4348-acb9-3fc25cfb14dd: receive RaftClientReply:client-734BBEB428D7->a5e38e3e-c2ad-4348-acb9-3fc25cfb14dd@group-7000B19605CB, cid=645, SUCCESS, logIndex=800, commits[a5e38e3e-c2ad-4348-acb9-3fc25cfb14dd:c801, 11e48d46-e648-47f9-b6a0-9c7f26654c28:c798, d1b6a90e-e817-40a7-bec1-608b5cc7d8b6:c798]
2019-09-11 04:25:49,791 [grpc-default-executor-1] INFO  client.GrpcClientProtocolClient (GrpcClientProtocolClient.java:onNext(264)) - client-734BBEB428D7->a5e38e3e-c2ad-4348-acb9-3fc25cfb14dd: receive RaftClientReply:client-734BBEB428D7->a5e38e3e-c2ad-4348-acb9-3fc25cfb14dd@group-7000B19605CB, cid=646, SUCCESS, logIndex=801, commits[a5e38e3e-c2ad-4348-acb9-3fc25cfb14dd:c801, 11e48d46-e648-47f9-b6a0-9c7f26654c28:c798, d1b6a90e-e817-40a7-bec1-608b5cc7d8b6:c798]
2019-09-11 04:25:49,802 [grpc-default-executor-1] INFO  client.GrpcClientProtocolClient (GrpcClientProtocolClient.java:onNext(264)) - client-734BBEB428D7->a5e38e3e-c2ad-4348-acb9-3fc25cfb14dd: receive RaftClientReply:client-734BBEB428D7->a5e38e3e-c2ad-4348-acb9-3fc25cfb14dd@group-7000B19605CB, cid=647, SUCCESS, logIndex=0, commits[a5e38e3e-c2ad-4348-acb9-3fc25cfb14dd:c803, 11e48d46-e648-47f9-b6a0-9c7f26654c28:c801, d1b6a90e-e817-40a7-bec1-608b5cc7d8b6:c801]
2019-09-11 04:25:49,836 [grpc-default-executor-2] INFO  client.GrpcClientProtocolClient (GrpcClientProtocolClient.java:onNext(264)) - client-734BBEB428D7->a5e38e3e-c2ad-4348-acb9-3fc25cfb14dd: receive RaftClientReply:client-734BBEB428D7->a5e38e3e-c2ad-4348-acb9-3fc25cfb14dd@group-7000B19605CB, cid=648, SUCCESS, logIndex=804, commits[a5e38e3e-c2ad-4348-acb9-3fc25cfb14dd:c805, 11e48d46-e648-47f9-b6a0-9c7f26654c28:c803, d1b6a90e-e817-40a7-bec1-608b5cc7d8b6:c803]
2019-09-11 04:25:49,837 [grpc-default-executor-2] INFO  client.GrpcClientProtocolClient (GrpcClientProtocolClient.java:onNext(264)) - client-734BBEB428D7->a5e38e3e-c2ad-4348-acb9-3fc25cfb14dd: receive RaftClientReply:client-734BBEB428D7->a5e38e3e-c2ad-4348-acb9-3fc25cfb14dd@group-7000B19605CB, cid=649, SUCCESS, logIndex=805, commits[a5e38e3e-c2ad-4348-acb9-3fc25cfb14dd:c807, 11e48d46-e648-47f9-b6a0-9c7f26654c28:c803, d1b6a90e-e817-40a7-bec1-608b5cc7d8b6:c803]
2019-09-11 04:25:49,837 [grpc-default-executor-1] INFO  client.GrpcClientProtocolClient (GrpcClientProtocolClient.java:onNext(264)) - client-734BBEB428D7->a5e38e3e-c2ad-4348-acb9-3fc25cfb14dd: receive RaftClientReply:client-734BBEB428D7->a5e38e3e-c2ad-4348-acb9-3fc25cfb14dd@group-7000B19605CB, cid=650, SUCCESS, logIndex=806, commits[a5e38e3e-c2ad-4348-acb9-3fc25cfb14dd:c807, 11e48d46-e648-47f9-b6a0-9c7f26654c28:c803, d1b6a90e-e817-40a7-bec1-608b5cc7d8b6:c803]
2019-09-11 04:25:49,838 [grpc-default-executor-1] INFO  client.GrpcClientProtocolClient (GrpcClientProtocolClient.java:onNext(264)) - client-734BBEB428D7->a5e38e3e-c2ad-4348-acb9-3fc25cfb14dd: receive RaftClientReply:client-734BBEB428D7->a5e38e3e-c2ad-4348-acb9-3fc25cfb14dd@group-7000B19605CB, cid=651, SUCCESS, logIndex=807, commits[a5e38e3e-c2ad-4348-acb9-3fc25cfb14dd:c807, 11e48d46-e648-47f9-b6a0-9c7f26654c28:c803, d1b6a90e-e817-40a7-bec1-608b5cc7d8b6:c803]
2019-09-11 04:25:49,839 [grpc-default-executor-2] INFO  client.GrpcClientProtocolClient (GrpcClientProtocolClient.java:onNext(264)) - client-734BBEB428D7->a5e38e3e-c2ad-4348-acb9-3fc25cfb14dd: receive RaftClientReply:client-734BBEB428D7->a5e38e3e-c2ad-4348-acb9-3fc25cfb14dd@group-7000B19605CB, cid=652, SUCCESS, logIndex=0, commits[a5e38e3e-c2ad-4348-acb9-3fc25cfb14dd:c811, 11e48d46-e648-47f9-b6a0-9c7f26654c28:c806, d1b6a90e-e817-40a7-bec1-608b5cc7d8b6:c807]
2019-09-11 04:25:49,862 [grpc-default-executor-2] INFO  client.GrpcClientProtocolClient (GrpcClientProtocolClient.java:onNext(264)) - client-734BBEB428D7->a5e38e3e-c2ad-4348-acb9-3fc25cfb14dd: receive RaftClientReply:client-734BBEB428D7->a5e38e3e-c2ad-4348-acb9-3fc25cfb14dd@group-7000B19605CB, cid=653, SUCCESS, logIndex=812, commits[a5e38e3e-c2ad-4348-acb9-3fc25cfb14dd:c813, 11e48d46-e648-47f9-b6a0-9c7f26654c28:c811, d1b6a90e-e817-40a7-bec1-608b5cc7d8b6:c811]
2019-09-11 04:25:49,863 [grpc-default-executor-2] INFO  client.GrpcClientProtocolClient (GrpcClientProtocolClient.java:onNext(264)) - client-734BBEB428D7->a5e38e3e-c2ad-4348-acb9-3fc25cfb14dd: receive RaftClientReply:client-734BBEB428D7->a5e38e3e-c2ad-4348-acb9-3fc25cfb14dd@group-7000B19605CB, cid=654, SUCCESS, logIndex=813, commits[a5e38e3e-c2ad-4348-acb9-3fc25cfb14dd:c813, 11e48d46-e648-47f9-b6a0-9c7f26654c28:c811, d1b6a90e-e817-40a7-bec1-608b5cc7d8b6:c811]
2019-09-11 04:25:49,887 [grpc-default-executor-1] INFO  client.GrpcClientProtocolClient (GrpcClientProtocolClient.java:onNext(264)) - client-734BBEB428D7->a5e38e3e-c2ad-4348-acb9-3fc25cfb14dd: receive RaftClientReply:client-734BBEB428D7->a5e38e3e-c2ad-4348-acb9-3fc25cfb14dd@group-7000B19605CB, cid=655, SUCCESS, logIndex=816, commits[a5e38e3e-c2ad-4348-acb9-3fc25cfb14dd:c817, 11e48d46-e648-47f9-b6a0-9c7f26654c28:c813, d1b6a90e-e817-40a7-bec1-608b5cc7d8b6:c813]
2019-09-11 04:25:49,887 [grpc-default-executor-1] INFO  client.GrpcClientProtocolClient (GrpcClientProtocolClient.java:onNext(264)) - client-734BBEB428D7->a5e38e3e-c2ad-4348-acb9-3fc25cfb14dd: receive RaftClientReply:client-734BBEB428D7->a5e38e3e-c2ad-4348-acb9-3fc25cfb14dd@group-7000B19605CB, cid=656, SUCCESS, logIndex=817, commits[a5e38e3e-c2ad-4348-acb9-3fc25cfb14dd:c817, 11e48d46-e648-47f9-b6a0-9c7f26654c28:c813, d1b6a90e-e817-40a7-bec1-608b5cc7d8b6:c813]
2019-09-11 04:25:49,898 [grpc-default-executor-1] INFO  client.GrpcClientProtocolClient (GrpcClientProtocolClient.java:onNext(264)) - client-734BBEB428D7->a5e38e3e-c2ad-4348-acb9-3fc25cfb14dd: receive RaftClientReply:client-734BBEB428D7->a5e38e3e-c2ad-4348-acb9-3fc25cfb14dd@group-7000B19605CB, cid=657, SUCCESS, logIndex=0, commits[a5e38e3e-c2ad-4348-acb9-3fc25cfb14dd:c818, 11e48d46-e648-47f9-b6a0-9c7f26654c28:c817, d1b6a90e-e817-40a7-bec1-608b5cc7d8b6:c817]
2019-09-11 04:25:49,922 [grpc-default-executor-3] INFO  client.GrpcClientProtocolClient (GrpcClientProtocolClient.java:onNext(264)) - client-734BBEB428D7->a5e38e3e-c2ad-4348-acb9-3fc25cfb14dd: receive RaftClientReply:client-734BBEB428D7->a5e38e3e-c2ad-4348-acb9-3fc25cfb14dd@group-7000B19605CB, cid=658, SUCCESS, logIndex=820, commits[a5e38e3e-c2ad-4348-acb9-3fc25cfb14dd:c821, 11e48d46-e648-47f9-b6a0-9c7f26654c28:c819, d1b6a90e-e817-40a7-bec1-608b5cc7d8b6:c819]
2019-09-11 04:25:49,923 [grpc-default-executor-3] INFO  client.GrpcClientProtocolClient (GrpcClientProtocolClient.java:onNext(264)) - client-734BBEB428D7->a5e38e3e-c2ad-4348-acb9-3fc25cfb14dd: receive RaftClientReply:client-734BBEB428D7->a5e38e3e-c2ad-4348-acb9-3fc25cfb14dd@group-7000B19605CB, cid=659, SUCCESS, logIndex=821, commits[a5e38e3e-c2ad-4348-acb9-3fc25cfb14dd:c821, 11e48d46-e648-47f9-b6a0-9c7f26654c28:c819, d1b6a90e-e817-40a7-bec1-608b5cc7d8b6:c819]
2019-09-11 04:25:49,924 [grpc-default-executor-1] INFO  client.GrpcClientProtocolClient (GrpcClientProtocolClient.java:onNext(264)) - client-734BBEB428D7->a5e38e3e-c2ad-4348-acb9-3fc25cfb14dd: receive RaftClientReply:client-734BBEB428D7->a5e38e3e-c2ad-4348-acb9-3fc25cfb14dd@group-7000B19605CB, cid=660, SUCCESS, logIndex=822, commits[a5e38e3e-c2ad-4348-acb9-3fc25cfb14dd:c823, 11e48d46-e648-47f9-b6a0-9c7f26654c28:c819, d1b6a90e-e817-40a7-bec1-608b5cc7d8b6:c819]
2019-09-11 04:25:49,924 [grpc-default-executor-1] INFO  client.GrpcClientProtocolClient (GrpcClientProtocolClient.java:onNext(264)) - client-734BBEB428D7->a5e38e3e-c2ad-4348-acb9-3fc25cfb14dd: receive RaftClientReply:client-734BBEB428D7->a5e38e3e-c2ad-4348-acb9-3fc25cfb14dd@group-7000B19605CB, cid=661, SUCCESS, logIndex=823, commits[a5e38e3e-c2ad-4348-acb9-3fc25cfb14dd:c823, 11e48d46-e648-47f9-b6a0-9c7f26654c28:c819, d1b6a90e-e817-40a7-bec1-608b5cc7d8b6:c819]
2019-09-11 04:25:49,926 [grpc-default-executor-1] INFO  client.GrpcClientProtocolClient (GrpcClientProtocolClient.java:onNext(264)) - client-734BBEB428D7->a5e38e3e-c2ad-4348-acb9-3fc25cfb14dd: receive RaftClientReply:client-734BBEB428D7->a5e38e3e-c2ad-4348-acb9-3fc25cfb14dd@group-7000B19605CB, cid=662, SUCCESS, logIndex=0, commits[a5e38e3e-c2ad-4348-acb9-3fc25cfb14dd:c826, 11e48d46-e648-47f9-b6a0-9c7f26654c28:c823, d1b6a90e-e817-40a7-bec1-608b5cc7d8b6:c823]
2019-09-11 04:25:49,949 [grpc-default-executor-1] INFO  client.GrpcClientProtocolClient (GrpcClientProtocolClient.java:onNext(264)) - client-734BBEB428D7->a5e38e3e-c2ad-4348-acb9-3fc25cfb14dd: receive RaftClientReply:client-734BBEB428D7->a5e38e3e-c2ad-4348-acb9-3fc25cfb14dd@group-7000B19605CB, cid=663, SUCCESS, logIndex=827, commits[a5e38e3e-c2ad-4348-acb9-3fc25cfb14dd:c828, 11e48d46-e648-47f9-b6a0-9c7f26654c28:c826, d1b6a90e-e817-40a7-bec1-608b5cc7d8b6:c826]
2019-09-11 04:25:49,949 [grpc-default-executor-1] INFO  client.GrpcClientProtocolClient (GrpcClientProtocolClient.java:onNext(264)) - client-734BBEB428D7->a5e38e3e-c2ad-4348-acb9-3fc25cfb14dd: receive RaftClientReply:client-734BBEB428D7->a5e38e3e-c2ad-4348-acb9-3fc25cfb14dd@group-7000B19605CB, cid=664, SUCCESS, logIndex=828, commits[a5e38e3e-c2ad-4348-acb9-3fc25cfb14dd:c828, 11e48d46-e648-47f9-b6a0-9c7f26654c28:c826, d1b6a90e-e817-40a7-bec1-608b5cc7d8b6:c826]
 0.00% |█                                                                                                    |  0/1 Time: 0:00:012019-09-11 04:25:49,997 [grpc-default-executor-3] INFO  client.GrpcClientProtocolClient (GrpcClientProtocolClient.java:onNext(264)) - client-734BBEB428D7->a5e38e3e-c2ad-4348-acb9-3fc25cfb14dd: receive RaftClientReply:client-734BBEB428D7->a5e38e3e-c2ad-4348-acb9-3fc25cfb14dd@group-7000B19605CB, cid=665, SUCCESS, logIndex=831, commits[a5e38e3e-c2ad-4348-acb9-3fc25cfb14dd:c832, 11e48d46-e648-47f9-b6a0-9c7f26654c28:c828, d1b6a90e-e817-40a7-bec1-608b5cc7d8b6:c828]
2019-09-11 04:25:49,997 [grpc-default-executor-3] INFO  client.GrpcClientProtocolClient (GrpcClientProtocolClient.java:onNext(264)) - client-734BBEB428D7->a5e38e3e-c2ad-4348-acb9-3fc25cfb14dd: receive RaftClientReply:client-734BBEB428D7->a5e38e3e-c2ad-4348-acb9-3fc25cfb14dd@group-7000B19605CB, cid=666, SUCCESS, logIndex=832, commits[a5e38e3e-c2ad-4348-acb9-3fc25cfb14dd:c832, 11e48d46-e648-47f9-b6a0-9c7f26654c28:c828, d1b6a90e-e817-40a7-bec1-608b5cc7d8b6:c828]
2019-09-11 04:25:50,008 [grpc-default-executor-1] INFO  client.GrpcClientProtocolClient (GrpcClientProtocolClient.java:onNext(264)) - client-734BBEB428D7->a5e38e3e-c2ad-4348-acb9-3fc25cfb14dd: receive RaftClientReply:client-734BBEB428D7->a5e38e3e-c2ad-4348-acb9-3fc25cfb14dd@group-7000B19605CB, cid=667, SUCCESS, logIndex=0, commits[a5e38e3e-c2ad-4348-acb9-3fc25cfb14dd:c833, 11e48d46-e648-47f9-b6a0-9c7f26654c28:c832, d1b6a90e-e817-40a7-bec1-608b5cc7d8b6:c832]
2019-09-11 04:25:50,034 [grpc-default-executor-1] INFO  client.GrpcClientProtocolClient (GrpcClientProtocolClient.java:onNext(264)) - client-734BBEB428D7->a5e38e3e-c2ad-4348-acb9-3fc25cfb14dd: receive RaftClientReply:client-734BBEB428D7->a5e38e3e-c2ad-4348-acb9-3fc25cfb14dd@group-7000B19605CB, cid=668, SUCCESS, logIndex=835, commits[a5e38e3e-c2ad-4348-acb9-3fc25cfb14dd:c838, 11e48d46-e648-47f9-b6a0-9c7f26654c28:c834, d1b6a90e-e817-40a7-bec1-608b5cc7d8b6:c834]
2019-09-11 04:25:50,035 [grpc-default-executor-1] INFO  client.GrpcClientProtocolClient (GrpcClientProtocolClient.java:onNext(264)) - client-734BBEB428D7->a5e38e3e-c2ad-4348-acb9-3fc25cfb14dd: receive RaftClientReply:client-734BBEB428D7->a5e38e3e-c2ad-4348-acb9-3fc25cfb14dd@group-7000B19605CB, cid=669, SUCCESS, logIndex=836, commits[a5e38e3e-c2ad-4348-acb9-3fc25cfb14dd:c838, 11e48d46-e648-47f9-b6a0-9c7f26654c28:c834, d1b6a90e-e817-40a7-bec1-608b5cc7d8b6:c834]
2019-09-11 04:25:50,035 [grpc-default-executor-1] INFO  client.GrpcClientProtocolClient (GrpcClientProtocolClient.java:onNext(264)) - client-734BBEB428D7->a5e38e3e-c2ad-4348-acb9-3fc25cfb14dd: receive RaftClientReply:client-734BBEB428D7->a5e38e3e-c2ad-4348-acb9-3fc25cfb14dd@group-7000B19605CB, cid=670, SUCCESS, logIndex=837, commits[a5e38e3e-c2ad-4348-acb9-3fc25cfb14dd:c838, 11e48d46-e648-47f9-b6a0-9c7f26654c28:c834, d1b6a90e-e817-40a7-bec1-608b5cc7d8b6:c834]
2019-09-11 04:25:50,036 [grpc-default-executor-1] INFO  client.GrpcClientProtocolClient (GrpcClientProtocolClient.java:onNext(264)) - client-734BBEB428D7->a5e38e3e-c2ad-4348-acb9-3fc25cfb14dd: receive RaftClientReply:client-734BBEB428D7->a5e38e3e-c2ad-4348-acb9-3fc25cfb14dd@group-7000B19605CB, cid=671, SUCCESS, logIndex=838, commits[a5e38e3e-c2ad-4348-acb9-3fc25cfb14dd:c838, 11e48d46-e648-47f9-b6a0-9c7f26654c28:c834, d1b6a90e-e817-40a7-bec1-608b5cc7d8b6:c834]
2019-09-11 04:25:50,044 [grpc-default-executor-1] INFO  client.GrpcClientProtocolClient (GrpcClientProtocolClient.java:onNext(264)) - client-734BBEB428D7->a5e38e3e-c2ad-4348-acb9-3fc25cfb14dd: receive RaftClientReply:client-734BBEB428D7->a5e38e3e-c2ad-4348-acb9-3fc25cfb14dd@group-7000B19605CB, cid=672, SUCCESS, logIndex=0, commits[a5e38e3e-c2ad-4348-acb9-3fc25cfb14dd:c839, 11e48d46-e648-47f9-b6a0-9c7f26654c28:c836, d1b6a90e-e817-40a7-bec1-608b5cc7d8b6:c836]
2019-09-11 04:25:50,065 [grpc-default-executor-1] INFO  client.GrpcClientProtocolClient (GrpcClientProtocolClient.java:onNext(264)) - client-734BBEB428D7->a5e38e3e-c2ad-4348-acb9-3fc25cfb14dd: receive RaftClientReply:client-734BBEB428D7->a5e38e3e-c2ad-4348-acb9-3fc25cfb14dd@group-7000B19605CB, cid=673, SUCCESS, logIndex=843, commits[a5e38e3e-c2ad-4348-acb9-3fc25cfb14dd:c844, 11e48d46-e648-47f9-b6a0-9c7f26654c28:c842, d1b6a90e-e817-40a7-bec1-608b5cc7d8b6:c842]
2019-09-11 04:25:50,065 [grpc-default-executor-1] INFO  client.GrpcClientProtocolClient (GrpcClientProtocolClient.java:onNext(264)) - client-734BBEB428D7->a5e38e3e-c2ad-4348-acb9-3fc25cfb14dd: receive RaftClientReply:client-734BBEB428D7->a5e38e3e-c2ad-4348-acb9-3fc25cfb14dd@group-7000B19605CB, cid=674, SUCCESS, logIndex=844, commits[a5e38e3e-c2ad-4348-acb9-3fc25cfb14dd:c844, 11e48d46-e648-47f9-b6a0-9c7f26654c28:c842, d1b6a90e-e817-40a7-bec1-608b5cc7d8b6:c842]
2019-09-11 04:25:50,087 [grpc-default-executor-2] INFO  client.GrpcClientProtocolClient (GrpcClientProtocolClient.java:onNext(264)) - client-734BBEB428D7->a5e38e3e-c2ad-4348-acb9-3fc25cfb14dd: receive RaftClientReply:client-734BBEB428D7->a5e38e3e-c2ad-4348-acb9-3fc25cfb14dd@group-7000B19605CB, cid=675, SUCCESS, logIndex=847, commits[a5e38e3e-c2ad-4348-acb9-3fc25cfb14dd:c848, 11e48d46-e648-47f9-b6a0-9c7f26654c28:c844, d1b6a90e-e817-40a7-bec1-608b5cc7d8b6:c844]
2019-09-11 04:25:50,088 [grpc-default-executor-2] INFO  client.GrpcClientProtocolClient (GrpcClientProtocolClient.java:onNext(264)) - client-734BBEB428D7->a5e38e3e-c2ad-4348-acb9-3fc25cfb14dd: receive RaftClientReply:client-734BBEB428D7->a5e38e3e-c2ad-4348-acb9-3fc25cfb14dd@group-7000B19605CB, cid=676, SUCCESS, logIndex=848, commits[a5e38e3e-c2ad-4348-acb9-3fc25cfb14dd:c848, 11e48d46-e648-47f9-b6a0-9c7f26654c28:c844, d1b6a90e-e817-40a7-bec1-608b5cc7d8b6:c844]
2019-09-11 04:25:50,098 [grpc-default-executor-2] INFO  client.GrpcClientProtocolClient (GrpcClientProtocolClient.java:onNext(264)) - client-734BBEB428D7->a5e38e3e-c2ad-4348-acb9-3fc25cfb14dd: receive RaftClientReply:client-734BBEB428D7->a5e38e3e-c2ad-4348-acb9-3fc25cfb14dd@group-7000B19605CB, cid=677, SUCCESS, logIndex=0, commits[a5e38e3e-c2ad-4348-acb9-3fc25cfb14dd:c849, 11e48d46-e648-47f9-b6a0-9c7f26654c28:c848, d1b6a90e-e817-40a7-bec1-608b5cc7d8b6:c848]
2019-09-11 04:25:50,129 [grpc-default-executor-1] INFO  client.GrpcClientProtocolClient (GrpcClientProtocolClient.java:onNext(264)) - client-734BBEB428D7->a5e38e3e-c2ad-4348-acb9-3fc25cfb14dd: receive RaftClientReply:client-734BBEB428D7->a5e38e3e-c2ad-4348-acb9-3fc25cfb14dd@group-7000B19605CB, cid=678, SUCCESS, logIndex=851, commits[a5e38e3e-c2ad-4348-acb9-3fc25cfb14dd:c852, 11e48d46-e648-47f9-b6a0-9c7f26654c28:c850, d1b6a90e-e817-40a7-bec1-608b5cc7d8b6:c850]
2019-09-11 04:25:50,130 [grpc-default-executor-1] INFO  client.GrpcClientProtocolClient (GrpcClientProtocolClient.java:onNext(264)) - client-734BBEB428D7->a5e38e3e-c2ad-4348-acb9-3fc25cfb14dd: receive RaftClientReply:client-734BBEB428D7->a5e38e3e-c2ad-4348-acb9-3fc25cfb14dd@group-7000B19605CB, cid=679, SUCCESS, logIndex=852, commits[a5e38e3e-c2ad-4348-acb9-3fc25cfb14dd:c854, 11e48d46-e648-47f9-b6a0-9c7f26654c28:c850, d1b6a90e-e817-40a7-bec1-608b5cc7d8b6:c850]
2019-09-11 04:25:50,131 [grpc-default-executor-1] INFO  client.GrpcClientProtocolClient (GrpcClientProtocolClient.java:onNext(264)) - client-734BBEB428D7->a5e38e3e-c2ad-4348-acb9-3fc25cfb14dd: receive RaftClientReply:client-734BBEB428D7->a5e38e3e-c2ad-4348-acb9-3fc25cfb14dd@group-7000B19605CB, cid=680, SUCCESS, logIndex=853, commits[a5e38e3e-c2ad-4348-acb9-3fc25cfb14dd:c854, 11e48d46-e648-47f9-b6a0-9c7f26654c28:c850, d1b6a90e-e817-40a7-bec1-608b5cc7d8b6:c850]
2019-09-11 04:25:50,131 [grpc-default-executor-1] INFO  client.GrpcClientProtocolClient (GrpcClientProtocolClient.java:onNext(264)) - client-734BBEB428D7->a5e38e3e-c2ad-4348-acb9-3fc25cfb14dd: receive RaftClientReply:client-734BBEB428D7->a5e38e3e-c2ad-4348-acb9-3fc25cfb14dd@group-7000B19605CB, cid=681, SUCCESS, logIndex=854, commits[a5e38e3e-c2ad-4348-acb9-3fc25cfb14dd:c854, 11e48d46-e648-47f9-b6a0-9c7f26654c28:c850, d1b6a90e-e817-40a7-bec1-608b5cc7d8b6:c850]
2019-09-11 04:25:50,132 [grpc-default-executor-3] INFO  client.GrpcClientProtocolClient (GrpcClientProtocolClient.java:onNext(264)) - client-734BBEB428D7->a5e38e3e-c2ad-4348-acb9-3fc25cfb14dd: receive RaftClientReply:client-734BBEB428D7->a5e38e3e-c2ad-4348-acb9-3fc25cfb14dd@group-7000B19605CB, cid=682, SUCCESS, logIndex=0, commits[a5e38e3e-c2ad-4348-acb9-3fc25cfb14dd:c858, 11e48d46-e648-47f9-b6a0-9c7f26654c28:c854, d1b6a90e-e817-40a7-bec1-608b5cc7d8b6:c854]
2019-09-11 04:25:50,158 [grpc-default-executor-1] INFO  client.GrpcClientProtocolClient (GrpcClientProtocolClient.java:onNext(264)) - client-734BBEB428D7->a5e38e3e-c2ad-4348-acb9-3fc25cfb14dd: receive RaftClientReply:client-734BBEB428D7->a5e38e3e-c2ad-4348-acb9-3fc25cfb14dd@group-7000B19605CB, cid=683, SUCCESS, logIndex=859, commits[a5e38e3e-c2ad-4348-acb9-3fc25cfb14dd:c860, 11e48d46-e648-47f9-b6a0-9c7f26654c28:c854, d1b6a90e-e817-40a7-bec1-608b5cc7d8b6:c858]
2019-09-11 04:25:50,159 [grpc-default-executor-1] INFO  client.GrpcClientProtocolClient (GrpcClientProtocolClient.java:onNext(264)) - client-734BBEB428D7->a5e38e3e-c2ad-4348-acb9-3fc25cfb14dd: receive RaftClientReply:client-734BBEB428D7->a5e38e3e-c2ad-4348-acb9-3fc25cfb14dd@group-7000B19605CB, cid=684, SUCCESS, logIndex=860, commits[a5e38e3e-c2ad-4348-acb9-3fc25cfb14dd:c860, 11e48d46-e648-47f9-b6a0-9c7f26654c28:c858, d1b6a90e-e817-40a7-bec1-608b5cc7d8b6:c858]
2019-09-11 04:25:50,184 [grpc-default-executor-1] INFO  client.GrpcClientProtocolClient (GrpcClientProtocolClient.java:onNext(264)) - client-734BBEB428D7->a5e38e3e-c2ad-4348-acb9-3fc25cfb14dd: receive RaftClientReply:client-734BBEB428D7->a5e38e3e-c2ad-4348-acb9-3fc25cfb14dd@group-7000B19605CB, cid=685, SUCCESS, logIndex=863, commits[a5e38e3e-c2ad-4348-acb9-3fc25cfb14dd:c864, 11e48d46-e648-47f9-b6a0-9c7f26654c28:c860, d1b6a90e-e817-40a7-bec1-608b5cc7d8b6:c860]
2019-09-11 04:25:50,184 [grpc-default-executor-1] INFO  client.GrpcClientProtocolClient (GrpcClientProtocolClient.java:onNext(264)) - client-734BBEB428D7->a5e38e3e-c2ad-4348-acb9-3fc25cfb14dd: receive RaftClientReply:client-734BBEB428D7->a5e38e3e-c2ad-4348-acb9-3fc25cfb14dd@group-7000B19605CB, cid=686, SUCCESS, logIndex=864, commits[a5e38e3e-c2ad-4348-acb9-3fc25cfb14dd:c864, 11e48d46-e648-47f9-b6a0-9c7f26654c28:c860, d1b6a90e-e817-40a7-bec1-608b5cc7d8b6:c860]
2019-09-11 04:25:50,196 [grpc-default-executor-1] INFO  client.GrpcClientProtocolClient (GrpcClientProtocolClient.java:onNext(264)) - client-734BBEB428D7->a5e38e3e-c2ad-4348-acb9-3fc25cfb14dd: receive RaftClientReply:client-734BBEB428D7->a5e38e3e-c2ad-4348-acb9-3fc25cfb14dd@group-7000B19605CB, cid=687, SUCCESS, logIndex=0, commits[a5e38e3e-c2ad-4348-acb9-3fc25cfb14dd:c865, 11e48d46-e648-47f9-b6a0-9c7f26654c28:c864, d1b6a90e-e817-40a7-bec1-608b5cc7d8b6:c864]
2019-09-11 04:25:50,219 [grpc-default-executor-3] INFO  client.GrpcClientProtocolClient (GrpcClientProtocolClient.java:onNext(264)) - client-734BBEB428D7->a5e38e3e-c2ad-4348-acb9-3fc25cfb14dd: receive RaftClientReply:client-734BBEB428D7->a5e38e3e-c2ad-4348-acb9-3fc25cfb14dd@group-7000B19605CB, cid=688, SUCCESS, logIndex=867, commits[a5e38e3e-c2ad-4348-acb9-3fc25cfb14dd:c868, 11e48d46-e648-47f9-b6a0-9c7f26654c28:c866, d1b6a90e-e817-40a7-bec1-608b5cc7d8b6:c866]
2019-09-11 04:25:50,220 [grpc-default-executor-3] INFO  client.GrpcClientProtocolClient (GrpcClientProtocolClient.java:onNext(264)) - client-734BBEB428D7->a5e38e3e-c2ad-4348-acb9-3fc25cfb14dd: receive RaftClientReply:client-734BBEB428D7->a5e38e3e-c2ad-4348-acb9-3fc25cfb14dd@group-7000B19605CB, cid=689, SUCCESS, logIndex=868, commits[a5e38e3e-c2ad-4348-acb9-3fc25cfb14dd:c870, 11e48d46-e648-47f9-b6a0-9c7f26654c28:c866, d1b6a90e-e817-40a7-bec1-608b5cc7d8b6:c866]
2019-09-11 04:25:50,220 [grpc-default-executor-3] INFO  client.GrpcClientProtocolClient (GrpcClientProtocolClient.java:onNext(264)) - client-734BBEB428D7->a5e38e3e-c2ad-4348-acb9-3fc25cfb14dd: receive RaftClientReply:client-734BBEB428D7->a5e38e3e-c2ad-4348-acb9-3fc25cfb14dd@group-7000B19605CB, cid=690, SUCCESS, logIndex=869, commits[a5e38e3e-c2ad-4348-acb9-3fc25cfb14dd:c870, 11e48d46-e648-47f9-b6a0-9c7f26654c28:c866, d1b6a90e-e817-40a7-bec1-608b5cc7d8b6:c866]
2019-09-11 04:25:50,220 [grpc-default-executor-3] INFO  client.GrpcClientProtocolClient (GrpcClientProtocolClient.java:onNext(264)) - client-734BBEB428D7->a5e38e3e-c2ad-4348-acb9-3fc25cfb14dd: receive RaftClientReply:client-734BBEB428D7->a5e38e3e-c2ad-4348-acb9-3fc25cfb14dd@group-7000B19605CB, cid=691, SUCCESS, logIndex=870, commits[a5e38e3e-c2ad-4348-acb9-3fc25cfb14dd:c870, 11e48d46-e648-47f9-b6a0-9c7f26654c28:c866, d1b6a90e-e817-40a7-bec1-608b5cc7d8b6:c866]
2019-09-11 04:25:50,232 [grpc-default-executor-3] INFO  client.GrpcClientProtocolClient (GrpcClientProtocolClient.java:onNext(264)) - client-734BBEB428D7->a5e38e3e-c2ad-4348-acb9-3fc25cfb14dd: receive RaftClientReply:client-734BBEB428D7->a5e38e3e-c2ad-4348-acb9-3fc25cfb14dd@group-7000B19605CB, cid=692, SUCCESS, logIndex=0, commits[a5e38e3e-c2ad-4348-acb9-3fc25cfb14dd:c871, 11e48d46-e648-47f9-b6a0-9c7f26654c28:c868, d1b6a90e-e817-40a7-bec1-608b5cc7d8b6:c868]
2019-09-11 04:25:50,254 [grpc-default-executor-2] INFO  client.GrpcClientProtocolClient (GrpcClientProtocolClient.java:onNext(264)) - client-734BBEB428D7->a5e38e3e-c2ad-4348-acb9-3fc25cfb14dd: receive RaftClientReply:client-734BBEB428D7->a5e38e3e-c2ad-4348-acb9-3fc25cfb14dd@group-7000B19605CB, cid=693, SUCCESS, logIndex=874, commits[a5e38e3e-c2ad-4348-acb9-3fc25cfb14dd:c874, 11e48d46-e648-47f9-b6a0-9c7f26654c28:c870, d1b6a90e-e817-40a7-bec1-608b5cc7d8b6:c873]
2019-09-11 04:25:50,254 [grpc-default-executor-2] INFO  client.GrpcClientProtocolClient (GrpcClientProtocolClient.java:onNext(264)) - client-734BBEB428D7->a5e38e3e-c2ad-4348-acb9-3fc25cfb14dd: receive RaftClientReply:client-734BBEB428D7->a5e38e3e-c2ad-4348-acb9-3fc25cfb14dd@group-7000B19605CB, cid=694, SUCCESS, logIndex=875, commits[a5e38e3e-c2ad-4348-acb9-3fc25cfb14dd:c875, 11e48d46-e648-47f9-b6a0-9c7f26654c28:c873, d1b6a90e-e817-40a7-bec1-608b5cc7d8b6:c873]
2019-09-11 04:25:50,268 [grpc-default-executor-3] INFO  client.GrpcClientProtocolClient (GrpcClientProtocolClient.java:onNext(264)) - client-734BBEB428D7->a5e38e3e-c2ad-4348-acb9-3fc25cfb14dd: receive RaftClientReply:client-734BBEB428D7->a5e38e3e-c2ad-4348-acb9-3fc25cfb14dd@group-7000B19605CB, cid=695, SUCCESS, logIndex=878, commits[a5e38e3e-c2ad-4348-acb9-3fc25cfb14dd:c879, 11e48d46-e648-47f9-b6a0-9c7f26654c28:c874, d1b6a90e-e817-40a7-bec1-608b5cc7d8b6:c875]
2019-09-11 04:25:50,268 [grpc-default-executor-3] INFO  client.GrpcClientProtocolClient (GrpcClientProtocolClient.java:onNext(264)) - client-734BBEB428D7->a5e38e3e-c2ad-4348-acb9-3fc25cfb14dd: receive RaftClientReply:client-734BBEB428D7->a5e38e3e-c2ad-4348-acb9-3fc25cfb14dd@group-7000B19605CB, cid=696, SUCCESS, logIndex=879, commits[a5e38e3e-c2ad-4348-acb9-3fc25cfb14dd:c879, 11e48d46-e648-47f9-b6a0-9c7f26654c28:c875, d1b6a90e-e817-40a7-bec1-608b5cc7d8b6:c875]
2019-09-11 04:25:50,270 [grpc-default-executor-3] INFO  client.GrpcClientProtocolClient (GrpcClientProtocolClient.java:onNext(264)) - client-734BBEB428D7->a5e38e3e-c2ad-4348-acb9-3fc25cfb14dd: receive RaftClientReply:client-734BBEB428D7->a5e38e3e-c2ad-4348-acb9-3fc25cfb14dd@group-7000B19605CB, cid=697, SUCCESS, logIndex=0, commits[a5e38e3e-c2ad-4348-acb9-3fc25cfb14dd:c880, 11e48d46-e648-47f9-b6a0-9c7f26654c28:c879, d1b6a90e-e817-40a7-bec1-608b5cc7d8b6:c879]
2019-09-11 04:25:50,293 [grpc-default-executor-3] INFO  client.GrpcClientProtocolClient (GrpcClientProtocolClient.java:onNext(264)) - client-734BBEB428D7->a5e38e3e-c2ad-4348-acb9-3fc25cfb14dd: receive RaftClientReply:client-734BBEB428D7->a5e38e3e-c2ad-4348-acb9-3fc25cfb14dd@group-7000B19605CB, cid=698, SUCCESS, logIndex=882, commits[a5e38e3e-c2ad-4348-acb9-3fc25cfb14dd:c884, 11e48d46-e648-47f9-b6a0-9c7f26654c28:c881, d1b6a90e-e817-40a7-bec1-608b5cc7d8b6:c881]
2019-09-11 04:25:50,293 [grpc-default-executor-3] INFO  client.GrpcClientProtocolClient (GrpcClientProtocolClient.java:onNext(264)) - client-734BBEB428D7->a5e38e3e-c2ad-4348-acb9-3fc25cfb14dd: receive RaftClientReply:client-734BBEB428D7->a5e38e3e-c2ad-4348-acb9-3fc25cfb14dd@group-7000B19605CB, cid=699, SUCCESS, logIndex=883, commits[a5e38e3e-c2ad-4348-acb9-3fc25cfb14dd:c885, 11e48d46-e648-47f9-b6a0-9c7f26654c28:c881, d1b6a90e-e817-40a7-bec1-608b5cc7d8b6:c881]
2019-09-11 04:25:50,294 [grpc-default-executor-3] INFO  client.GrpcClientProtocolClient (GrpcClientProtocolClient.java:onNext(264)) - client-734BBEB428D7->a5e38e3e-c2ad-4348-acb9-3fc25cfb14dd: receive RaftClientReply:client-734BBEB428D7->a5e38e3e-c2ad-4348-acb9-3fc25cfb14dd@group-7000B19605CB, cid=700, SUCCESS, logIndex=884, commits[a5e38e3e-c2ad-4348-acb9-3fc25cfb14dd:c885, 11e48d46-e648-47f9-b6a0-9c7f26654c28:c881, d1b6a90e-e817-40a7-bec1-608b5cc7d8b6:c881]
2019-09-11 04:25:50,294 [grpc-default-executor-3] INFO  client.GrpcClientProtocolClient (GrpcClientProtocolClient.java:onNext(264)) - client-734BBEB428D7->a5e38e3e-c2ad-4348-acb9-3fc25cfb14dd: receive RaftClientReply:client-734BBEB428D7->a5e38e3e-c2ad-4348-acb9-3fc25cfb14dd@group-7000B19605CB, cid=701, SUCCESS, logIndex=885, commits[a5e38e3e-c2ad-4348-acb9-3fc25cfb14dd:c885, 11e48d46-e648-47f9-b6a0-9c7f26654c28:c881, d1b6a90e-e817-40a7-bec1-608b5cc7d8b6:c881]
2019-09-11 04:25:50,305 [grpc-default-executor-3] INFO  client.GrpcClientProtocolClient (GrpcClientProtocolClient.java:onNext(264)) - client-734BBEB428D7->a5e38e3e-c2ad-4348-acb9-3fc25cfb14dd: receive RaftClientReply:client-734BBEB428D7->a5e38e3e-c2ad-4348-acb9-3fc25cfb14dd@group-7000B19605CB, cid=702, SUCCESS, logIndex=0, commits[a5e38e3e-c2ad-4348-acb9-3fc25cfb14dd:c886, 11e48d46-e648-47f9-b6a0-9c7f26654c28:c883, d1b6a90e-e817-40a7-bec1-608b5cc7d8b6:c883]
2019-09-11 04:25:50,328 [grpc-default-executor-2] INFO  client.GrpcClientProtocolClient (GrpcClientProtocolClient.java:onNext(264)) - client-734BBEB428D7->a5e38e3e-c2ad-4348-acb9-3fc25cfb14dd: receive RaftClientReply:client-734BBEB428D7->a5e38e3e-c2ad-4348-acb9-3fc25cfb14dd@group-7000B19605CB, cid=703, SUCCESS, logIndex=890, commits[a5e38e3e-c2ad-4348-acb9-3fc25cfb14dd:c891, 11e48d46-e648-47f9-b6a0-9c7f26654c28:c889, d1b6a90e-e817-40a7-bec1-608b5cc7d8b6:c889]
2019-09-11 04:25:50,329 [grpc-default-executor-2] INFO  client.GrpcClientProtocolClient (GrpcClientProtocolClient.java:onNext(264)) - client-734BBEB428D7->a5e38e3e-c2ad-4348-acb9-3fc25cfb14dd: receive RaftClientReply:client-734BBEB428D7->a5e38e3e-c2ad-4348-acb9-3fc25cfb14dd@group-7000B19605CB, cid=704, SUCCESS, logIndex=891, commits[a5e38e3e-c2ad-4348-acb9-3fc25cfb14dd:c891, 11e48d46-e648-47f9-b6a0-9c7f26654c28:c889, d1b6a90e-e817-40a7-bec1-608b5cc7d8b6:c889]
2019-09-11 04:25:50,353 [grpc-default-executor-3] INFO  client.GrpcClientProtocolClient (GrpcClientProtocolClient.java:onNext(264)) - client-734BBEB428D7->a5e38e3e-c2ad-4348-acb9-3fc25cfb14dd: receive RaftClientReply:client-734BBEB428D7->a5e38e3e-c2ad-4348-acb9-3fc25cfb14dd@group-7000B19605CB, cid=705, SUCCESS, logIndex=894, commits[a5e38e3e-c2ad-4348-acb9-3fc25cfb14dd:c895, 11e48d46-e648-47f9-b6a0-9c7f26654c28:c891, d1b6a90e-e817-40a7-bec1-608b5cc7d8b6:c891]
2019-09-11 04:25:50,353 [grpc-default-executor-3] INFO  client.GrpcClientProtocolClient (GrpcClientProtocolClient.java:onNext(264)) - client-734BBEB428D7->a5e38e3e-c2ad-4348-acb9-3fc25cfb14dd: receive RaftClientReply:client-734BBEB428D7->a5e38e3e-c2ad-4348-acb9-3fc25cfb14dd@group-7000B19605CB, cid=706, SUCCESS, logIndex=895, commits[a5e38e3e-c2ad-4348-acb9-3fc25cfb14dd:c895, 11e48d46-e648-47f9-b6a0-9c7f26654c28:c891, d1b6a90e-e817-40a7-bec1-608b5cc7d8b6:c891]
2019-09-11 04:25:50,356 [grpc-default-executor-3] INFO  client.GrpcClientProtocolClient (GrpcClientProtocolClient.java:onNext(264)) - client-734BBEB428D7->a5e38e3e-c2ad-4348-acb9-3fc25cfb14dd: receive RaftClientReply:client-734BBEB428D7->a5e38e3e-c2ad-4348-acb9-3fc25cfb14dd@group-7000B19605CB, cid=707, SUCCESS, logIndex=0, commits[a5e38e3e-c2ad-4348-acb9-3fc25cfb14dd:c896, 11e48d46-e648-47f9-b6a0-9c7f26654c28:c895, d1b6a90e-e817-40a7-bec1-608b5cc7d8b6:c895]
2019-09-11 04:25:50,377 [grpc-default-executor-2] INFO  client.GrpcClientProtocolClient (GrpcClientProtocolClient.java:onNext(264)) - client-734BBEB428D7->a5e38e3e-c2ad-4348-acb9-3fc25cfb14dd: receive RaftClientReply:client-734BBEB428D7->a5e38e3e-c2ad-4348-acb9-3fc25cfb14dd@group-7000B19605CB, cid=708, SUCCESS, logIndex=898, commits[a5e38e3e-c2ad-4348-acb9-3fc25cfb14dd:c899, 11e48d46-e648-47f9-b6a0-9c7f26654c28:c897, d1b6a90e-e817-40a7-bec1-608b5cc7d8b6:c897]
2019-09-11 04:25:50,377 [grpc-default-executor-2] INFO  client.GrpcClientProtocolClient (GrpcClientProtocolClient.java:onNext(264)) - client-734BBEB428D7->a5e38e3e-c2ad-4348-acb9-3fc25cfb14dd: receive RaftClientReply:client-734BBEB428D7->a5e38e3e-c2ad-4348-acb9-3fc25cfb14dd@group-7000B19605CB, cid=709, SUCCESS, logIndex=899, commits[a5e38e3e-c2ad-4348-acb9-3fc25cfb14dd:c899, 11e48d46-e648-47f9-b6a0-9c7f26654c28:c897, d1b6a90e-e817-40a7-bec1-608b5cc7d8b6:c897]
2019-09-11 04:25:50,378 [grpc-default-executor-2] INFO  client.GrpcClientProtocolClient (GrpcClientProtocolClient.java:onNext(264)) - client-734BBEB428D7->a5e38e3e-c2ad-4348-acb9-3fc25cfb14dd: receive RaftClientReply:client-734BBEB428D7->a5e38e3e-c2ad-4348-acb9-3fc25cfb14dd@group-7000B19605CB, cid=710, SUCCESS, logIndex=900, commits[a5e38e3e-c2ad-4348-acb9-3fc25cfb14dd:c901, 11e48d46-e648-47f9-b6a0-9c7f26654c28:c897, d1b6a90e-e817-40a7-bec1-608b5cc7d8b6:c897]
2019-09-11 04:25:50,379 [grpc-default-executor-2] INFO  client.GrpcClientProtocolClient (GrpcClientProtocolClient.java:onNext(264)) - client-734BBEB428D7->a5e38e3e-c2ad-4348-acb9-3fc25cfb14dd: receive RaftClientReply:client-734BBEB428D7->a5e38e3e-c2ad-4348-acb9-3fc25cfb14dd@group-7000B19605CB, cid=711, SUCCESS, logIndex=901, commits[a5e38e3e-c2ad-4348-acb9-3fc25cfb14dd:c901, 11e48d46-e648-47f9-b6a0-9c7f26654c28:c897, d1b6a90e-e817-40a7-bec1-608b5cc7d8b6:c897]
2019-09-11 04:25:50,381 [grpc-default-executor-2] INFO  client.GrpcClientProtocolClient (GrpcClientProtocolClient.java:onNext(264)) - client-734BBEB428D7->a5e38e3e-c2ad-4348-acb9-3fc25cfb14dd: receive RaftClientReply:client-734BBEB428D7->a5e38e3e-c2ad-4348-acb9-3fc25cfb14dd@group-7000B19605CB, cid=712, SUCCESS, logIndex=0, commits[a5e38e3e-c2ad-4348-acb9-3fc25cfb14dd:c903, 11e48d46-e648-47f9-b6a0-9c7f26654c28:c899, d1b6a90e-e817-40a7-bec1-608b5cc7d8b6:c899]
2019-09-11 04:25:50,420 [grpc-default-executor-1] INFO  client.GrpcClientProtocolClient (GrpcClientProtocolClient.java:onNext(264)) - client-734BBEB428D7->a5e38e3e-c2ad-4348-acb9-3fc25cfb14dd: receive RaftClientReply:client-734BBEB428D7->a5e38e3e-c2ad-4348-acb9-3fc25cfb14dd@group-7000B19605CB, cid=713, SUCCESS, logIndex=906, commits[a5e38e3e-c2ad-4348-acb9-3fc25cfb14dd:c907, 11e48d46-e648-47f9-b6a0-9c7f26654c28:c901, d1b6a90e-e817-40a7-bec1-608b5cc7d8b6:c905]
2019-09-11 04:25:50,421 [grpc-default-executor-1] INFO  client.GrpcClientProtocolClient (GrpcClientProtocolClient.java:onNext(264)) - client-734BBEB428D7->a5e38e3e-c2ad-4348-acb9-3fc25cfb14dd: receive RaftClientReply:client-734BBEB428D7->a5e38e3e-c2ad-4348-acb9-3fc25cfb14dd@group-7000B19605CB, cid=714, SUCCESS, logIndex=907, commits[a5e38e3e-c2ad-4348-acb9-3fc25cfb14dd:c907, 11e48d46-e648-47f9-b6a0-9c7f26654c28:c905, d1b6a90e-e817-40a7-bec1-608b5cc7d8b6:c905]
2019-09-11 04:25:50,436 [grpc-default-executor-3] INFO  client.GrpcClientProtocolClient (GrpcClientProtocolClient.java:onNext(264)) - client-734BBEB428D7->a5e38e3e-c2ad-4348-acb9-3fc25cfb14dd: receive RaftClientReply:client-734BBEB428D7->a5e38e3e-c2ad-4348-acb9-3fc25cfb14dd@group-7000B19605CB, cid=715, SUCCESS, logIndex=910, commits[a5e38e3e-c2ad-4348-acb9-3fc25cfb14dd:c911, 11e48d46-e648-47f9-b6a0-9c7f26654c28:c907, d1b6a90e-e817-40a7-bec1-608b5cc7d8b6:c909]
2019-09-11 04:25:50,436 [grpc-default-executor-3] INFO  client.GrpcClientProtocolClient (GrpcClientProtocolClient.java:onNext(264)) - client-734BBEB428D7->a5e38e3e-c2ad-4348-acb9-3fc25cfb14dd: receive RaftClientReply:client-734BBEB428D7->a5e38e3e-c2ad-4348-acb9-3fc25cfb14dd@group-7000B19605CB, cid=716, SUCCESS, logIndex=911, commits[a5e38e3e-c2ad-4348-acb9-3fc25cfb14dd:c911, 11e48d46-e648-47f9-b6a0-9c7f26654c28:c909, d1b6a90e-e817-40a7-bec1-608b5cc7d8b6:c909]
2019-09-11 04:25:50,438 [grpc-default-executor-3] INFO  client.GrpcClientProtocolClient (GrpcClientProtocolClient.java:onNext(264)) - client-734BBEB428D7->a5e38e3e-c2ad-4348-acb9-3fc25cfb14dd: receive RaftClientReply:client-734BBEB428D7->a5e38e3e-c2ad-4348-acb9-3fc25cfb14dd@group-7000B19605CB, cid=717, SUCCESS, logIndex=0, commits[a5e38e3e-c2ad-4348-acb9-3fc25cfb14dd:c912, 11e48d46-e648-47f9-b6a0-9c7f26654c28:c911, d1b6a90e-e817-40a7-bec1-608b5cc7d8b6:c911]
2019-09-11 04:25:50,460 [grpc-default-executor-2] INFO  client.GrpcClientProtocolClient (GrpcClientProtocolClient.java:onNext(264)) - client-734BBEB428D7->a5e38e3e-c2ad-4348-acb9-3fc25cfb14dd: receive RaftClientReply:client-734BBEB428D7->a5e38e3e-c2ad-4348-acb9-3fc25cfb14dd@group-7000B19605CB, cid=718, SUCCESS, logIndex=914, commits[a5e38e3e-c2ad-4348-acb9-3fc25cfb14dd:c914, 11e48d46-e648-47f9-b6a0-9c7f26654c28:c913, d1b6a90e-e817-40a7-bec1-608b5cc7d8b6:c913]
2019-09-11 04:25:50,460 [grpc-default-executor-2] INFO  client.GrpcClientProtocolClient (GrpcClientProtocolClient.java:onNext(264)) - client-734BBEB428D7->a5e38e3e-c2ad-4348-acb9-3fc25cfb14dd: receive RaftClientReply:client-734BBEB428D7->a5e38e3e-c2ad-4348-acb9-3fc25cfb14dd@group-7000B19605CB, cid=719, SUCCESS, logIndex=915, commits[a5e38e3e-c2ad-4348-acb9-3fc25cfb14dd:c917, 11e48d46-e648-47f9-b6a0-9c7f26654c28:c913, d1b6a90e-e817-40a7-bec1-608b5cc7d8b6:c913]
2019-09-11 04:25:50,461 [grpc-default-executor-2] INFO  client.GrpcClientProtocolClient (GrpcClientProtocolClient.java:onNext(264)) - client-734BBEB428D7->a5e38e3e-c2ad-4348-acb9-3fc25cfb14dd: receive RaftClientReply:client-734BBEB428D7->a5e38e3e-c2ad-4348-acb9-3fc25cfb14dd@group-7000B19605CB, cid=720, SUCCESS, logIndex=916, commits[a5e38e3e-c2ad-4348-acb9-3fc25cfb14dd:c917, 11e48d46-e648-47f9-b6a0-9c7f26654c28:c913, d1b6a90e-e817-40a7-bec1-608b5cc7d8b6:c913]
2019-09-11 04:25:50,461 [grpc-default-executor-2] INFO  client.GrpcClientProtocolClient (GrpcClientProtocolClient.java:onNext(264)) - client-734BBEB428D7->a5e38e3e-c2ad-4348-acb9-3fc25cfb14dd: receive RaftClientReply:client-734BBEB428D7->a5e38e3e-c2ad-4348-acb9-3fc25cfb14dd@group-7000B19605CB, cid=721, SUCCESS, logIndex=917, commits[a5e38e3e-c2ad-4348-acb9-3fc25cfb14dd:c917, 11e48d46-e648-47f9-b6a0-9c7f26654c28:c913, d1b6a90e-e817-40a7-bec1-608b5cc7d8b6:c913]
2019-09-11 04:25:50,463 [grpc-default-executor-3] INFO  client.GrpcClientProtocolClient (GrpcClientProtocolClient.java:onNext(264)) - client-734BBEB428D7->a5e38e3e-c2ad-4348-acb9-3fc25cfb14dd: receive RaftClientReply:client-734BBEB428D7->a5e38e3e-c2ad-4348-acb9-3fc25cfb14dd@group-7000B19605CB, cid=722, SUCCESS, logIndex=0, commits[a5e38e3e-c2ad-4348-acb9-3fc25cfb14dd:c921, 11e48d46-e648-47f9-b6a0-9c7f26654c28:c917, d1b6a90e-e817-40a7-bec1-608b5cc7d8b6:c915]
2019-09-11 04:25:50,485 [grpc-default-executor-3] INFO  client.GrpcClientProtocolClient (GrpcClientProtocolClient.java:onNext(264)) - client-734BBEB428D7->a5e38e3e-c2ad-4348-acb9-3fc25cfb14dd: receive RaftClientReply:client-734BBEB428D7->a5e38e3e-c2ad-4348-acb9-3fc25cfb14dd@group-7000B19605CB, cid=723, SUCCESS, logIndex=922, commits[a5e38e3e-c2ad-4348-acb9-3fc25cfb14dd:c923, 11e48d46-e648-47f9-b6a0-9c7f26654c28:c921, d1b6a90e-e817-40a7-bec1-608b5cc7d8b6:c921]
2019-09-11 04:25:50,485 [grpc-default-executor-3] INFO  client.GrpcClientProtocolClient (GrpcClientProtocolClient.java:onNext(264)) - client-734BBEB428D7->a5e38e3e-c2ad-4348-acb9-3fc25cfb14dd: receive RaftClientReply:client-734BBEB428D7->a5e38e3e-c2ad-4348-acb9-3fc25cfb14dd@group-7000B19605CB, cid=724, SUCCESS, logIndex=923, commits[a5e38e3e-c2ad-4348-acb9-3fc25cfb14dd:c923, 11e48d46-e648-47f9-b6a0-9c7f26654c28:c921, d1b6a90e-e817-40a7-bec1-608b5cc7d8b6:c921]
2019-09-11 04:25:50,510 [grpc-default-executor-3] INFO  client.GrpcClientProtocolClient (GrpcClientProtocolClient.java:onNext(264)) - client-734BBEB428D7->a5e38e3e-c2ad-4348-acb9-3fc25cfb14dd: receive RaftClientReply:client-734BBEB428D7->a5e38e3e-c2ad-4348-acb9-3fc25cfb14dd@group-7000B19605CB, cid=725, SUCCESS, logIndex=926, commits[a5e38e3e-c2ad-4348-acb9-3fc25cfb14dd:c927, 11e48d46-e648-47f9-b6a0-9c7f26654c28:c923, d1b6a90e-e817-40a7-bec1-608b5cc7d8b6:c923]
2019-09-11 04:25:50,510 [grpc-default-executor-3] INFO  client.GrpcClientProtocolClient (GrpcClientProtocolClient.java:onNext(264)) - client-734BBEB428D7->a5e38e3e-c2ad-4348-acb9-3fc25cfb14dd: receive RaftClientReply:client-734BBEB428D7->a5e38e3e-c2ad-4348-acb9-3fc25cfb14dd@group-7000B19605CB, cid=726, SUCCESS, logIndex=927, commits[a5e38e3e-c2ad-4348-acb9-3fc25cfb14dd:c927, 11e48d46-e648-47f9-b6a0-9c7f26654c28:c923, d1b6a90e-e817-40a7-bec1-608b5cc7d8b6:c923]
2019-09-11 04:25:50,512 [grpc-default-executor-3] INFO  client.GrpcClientProtocolClient (GrpcClientProtocolClient.java:onNext(264)) - client-734BBEB428D7->a5e38e3e-c2ad-4348-acb9-3fc25cfb14dd: receive RaftClientReply:client-734BBEB428D7->a5e38e3e-c2ad-4348-acb9-3fc25cfb14dd@group-7000B19605CB, cid=727, SUCCESS, logIndex=0, commits[a5e38e3e-c2ad-4348-acb9-3fc25cfb14dd:c928, 11e48d46-e648-47f9-b6a0-9c7f26654c28:c927, d1b6a90e-e817-40a7-bec1-608b5cc7d8b6:c927]
2019-09-11 04:25:50,534 [grpc-default-executor-1] INFO  client.GrpcClientProtocolClient (GrpcClientProtocolClient.java:onNext(264)) - client-734BBEB428D7->a5e38e3e-c2ad-4348-acb9-3fc25cfb14dd: receive RaftClientReply:client-734BBEB428D7->a5e38e3e-c2ad-4348-acb9-3fc25cfb14dd@group-7000B19605CB, cid=728, SUCCESS, logIndex=930, commits[a5e38e3e-c2ad-4348-acb9-3fc25cfb14dd:c931, 11e48d46-e648-47f9-b6a0-9c7f26654c28:c929, d1b6a90e-e817-40a7-bec1-608b5cc7d8b6:c929]
2019-09-11 04:25:50,535 [grpc-default-executor-2] INFO  client.GrpcClientProtocolClient (GrpcClientProtocolClient.java:onNext(264)) - client-734BBEB428D7->a5e38e3e-c2ad-4348-acb9-3fc25cfb14dd: receive RaftClientReply:client-734BBEB428D7->a5e38e3e-c2ad-4348-acb9-3fc25cfb14dd@group-7000B19605CB, cid=729, SUCCESS, logIndex=931, commits[a5e38e3e-c2ad-4348-acb9-3fc25cfb14dd:c933, 11e48d46-e648-47f9-b6a0-9c7f26654c28:c929, d1b6a90e-e817-40a7-bec1-608b5cc7d8b6:c929]
2019-09-11 04:25:50,535 [grpc-default-executor-2] INFO  client.GrpcClientProtocolClient (GrpcClientProtocolClient.java:onNext(264)) - client-734BBEB428D7->a5e38e3e-c2ad-4348-acb9-3fc25cfb14dd: receive RaftClientReply:client-734BBEB428D7->a5e38e3e-c2ad-4348-acb9-3fc25cfb14dd@group-7000B19605CB, cid=730, SUCCESS, logIndex=932, commits[a5e38e3e-c2ad-4348-acb9-3fc25cfb14dd:c933, 11e48d46-e648-47f9-b6a0-9c7f26654c28:c929, d1b6a90e-e817-40a7-bec1-608b5cc7d8b6:c929]
2019-09-11 04:25:50,535 [grpc-default-executor-2] INFO  client.GrpcClientProtocolClient (GrpcClientProtocolClient.java:onNext(264)) - client-734BBEB428D7->a5e38e3e-c2ad-4348-acb9-3fc25cfb14dd: receive RaftClientReply:client-734BBEB428D7->a5e38e3e-c2ad-4348-acb9-3fc25cfb14dd@group-7000B19605CB, cid=731, SUCCESS, logIndex=933, commits[a5e38e3e-c2ad-4348-acb9-3fc25cfb14dd:c933, 11e48d46-e648-47f9-b6a0-9c7f26654c28:c929, d1b6a90e-e817-40a7-bec1-608b5cc7d8b6:c929]
2019-09-11 04:25:50,537 [grpc-default-executor-1] INFO  client.GrpcClientProtocolClient (GrpcClientProtocolClient.java:onNext(264)) - client-734BBEB428D7->a5e38e3e-c2ad-4348-acb9-3fc25cfb14dd: receive RaftClientReply:client-734BBEB428D7->a5e38e3e-c2ad-4348-acb9-3fc25cfb14dd@group-7000B19605CB, cid=732, SUCCESS, logIndex=0, commits[a5e38e3e-c2ad-4348-acb9-3fc25cfb14dd:c937, 11e48d46-e648-47f9-b6a0-9c7f26654c28:c933, d1b6a90e-e817-40a7-bec1-608b5cc7d8b6:c933]
2019-09-11 04:25:50,559 [grpc-default-executor-3] INFO  client.GrpcClientProtocolClient (GrpcClientProtocolClient.java:onNext(264)) - client-734BBEB428D7->a5e38e3e-c2ad-4348-acb9-3fc25cfb14dd: receive RaftClientReply:client-734BBEB428D7->a5e38e3e-c2ad-4348-acb9-3fc25cfb14dd@group-7000B19605CB, cid=733, SUCCESS, logIndex=938, commits[a5e38e3e-c2ad-4348-acb9-3fc25cfb14dd:c939, 11e48d46-e648-47f9-b6a0-9c7f26654c28:c937, d1b6a90e-e817-40a7-bec1-608b5cc7d8b6:c937]
2019-09-11 04:25:50,559 [grpc-default-executor-3] INFO  client.GrpcClientProtocolClient (GrpcClientProtocolClient.java:onNext(264)) - client-734BBEB428D7->a5e38e3e-c2ad-4348-acb9-3fc25cfb14dd: receive RaftClientReply:client-734BBEB428D7->a5e38e3e-c2ad-4348-acb9-3fc25cfb14dd@group-7000B19605CB, cid=734, SUCCESS, logIndex=939, commits[a5e38e3e-c2ad-4348-acb9-3fc25cfb14dd:c939, 11e48d46-e648-47f9-b6a0-9c7f26654c28:c937, d1b6a90e-e817-40a7-bec1-608b5cc7d8b6:c937]
2019-09-11 04:25:50,607 [grpc-default-executor-3] INFO  client.GrpcClientProtocolClient (GrpcClientProtocolClient.java:onNext(264)) - client-734BBEB428D7->a5e38e3e-c2ad-4348-acb9-3fc25cfb14dd: receive RaftClientReply:client-734BBEB428D7->a5e38e3e-c2ad-4348-acb9-3fc25cfb14dd@group-7000B19605CB, cid=735, SUCCESS, logIndex=942, commits[a5e38e3e-c2ad-4348-acb9-3fc25cfb14dd:c943, 11e48d46-e648-47f9-b6a0-9c7f26654c28:c939, d1b6a90e-e817-40a7-bec1-608b5cc7d8b6:c939]
2019-09-11 04:25:50,608 [grpc-default-executor-3] INFO  client.GrpcClientProtocolClient (GrpcClientProtocolClient.java:onNext(264)) - client-734BBEB428D7->a5e38e3e-c2ad-4348-acb9-3fc25cfb14dd: receive RaftClientReply:client-734BBEB428D7->a5e38e3e-c2ad-4348-acb9-3fc25cfb14dd@group-7000B19605CB, cid=736, SUCCESS, logIndex=943, commits[a5e38e3e-c2ad-4348-acb9-3fc25cfb14dd:c943, 11e48d46-e648-47f9-b6a0-9c7f26654c28:c939, d1b6a90e-e817-40a7-bec1-608b5cc7d8b6:c939]
2019-09-11 04:25:50,619 [grpc-default-executor-3] INFO  client.GrpcClientProtocolClient (GrpcClientProtocolClient.java:onNext(264)) - client-734BBEB428D7->a5e38e3e-c2ad-4348-acb9-3fc25cfb14dd: receive RaftClientReply:client-734BBEB428D7->a5e38e3e-c2ad-4348-acb9-3fc25cfb14dd@group-7000B19605CB, cid=737, SUCCESS, logIndex=0, commits[a5e38e3e-c2ad-4348-acb9-3fc25cfb14dd:c944, 11e48d46-e648-47f9-b6a0-9c7f26654c28:c943, d1b6a90e-e817-40a7-bec1-608b5cc7d8b6:c943]
2019-09-11 04:25:50,644 [grpc-default-executor-2] INFO  client.GrpcClientProtocolClient (GrpcClientProtocolClient.java:onNext(264)) - client-734BBEB428D7->a5e38e3e-c2ad-4348-acb9-3fc25cfb14dd: receive RaftClientReply:client-734BBEB428D7->a5e38e3e-c2ad-4348-acb9-3fc25cfb14dd@group-7000B19605CB, cid=738, SUCCESS, logIndex=946, commits[a5e38e3e-c2ad-4348-acb9-3fc25cfb14dd:c947, 11e48d46-e648-47f9-b6a0-9c7f26654c28:c943, d1b6a90e-e817-40a7-bec1-608b5cc7d8b6:c945]
2019-09-11 04:25:50,644 [grpc-default-executor-2] INFO  client.GrpcClientProtocolClient (GrpcClientProtocolClient.java:onNext(264)) - client-734BBEB428D7->a5e38e3e-c2ad-4348-acb9-3fc25cfb14dd: receive RaftClientReply:client-734BBEB428D7->a5e38e3e-c2ad-4348-acb9-3fc25cfb14dd@group-7000B19605CB, cid=739, SUCCESS, logIndex=947, commits[a5e38e3e-c2ad-4348-acb9-3fc25cfb14dd:c949, 11e48d46-e648-47f9-b6a0-9c7f26654c28:c945, d1b6a90e-e817-40a7-bec1-608b5cc7d8b6:c945]
2019-09-11 04:25:50,645 [grpc-default-executor-2] INFO  client.GrpcClientProtocolClient (GrpcClientProtocolClient.java:onNext(264)) - client-734BBEB428D7->a5e38e3e-c2ad-4348-acb9-3fc25cfb14dd: receive RaftClientReply:client-734BBEB428D7->a5e38e3e-c2ad-4348-acb9-3fc25cfb14dd@group-7000B19605CB, cid=740, SUCCESS, logIndex=948, commits[a5e38e3e-c2ad-4348-acb9-3fc25cfb14dd:c949, 11e48d46-e648-47f9-b6a0-9c7f26654c28:c945, d1b6a90e-e817-40a7-bec1-608b5cc7d8b6:c945]
2019-09-11 04:25:50,645 [grpc-default-executor-2] INFO  client.GrpcClientProtocolClient (GrpcClientProtocolClient.java:onNext(264)) - client-734BBEB428D7->a5e38e3e-c2ad-4348-acb9-3fc25cfb14dd: receive RaftClientReply:client-734BBEB428D7->a5e38e3e-c2ad-4348-acb9-3fc25cfb14dd@group-7000B19605CB, cid=741, SUCCESS, logIndex=949, commits[a5e38e3e-c2ad-4348-acb9-3fc25cfb14dd:c949, 11e48d46-e648-47f9-b6a0-9c7f26654c28:c945, d1b6a90e-e817-40a7-bec1-608b5cc7d8b6:c945]
2019-09-11 04:25:50,654 [grpc-default-executor-2] INFO  client.GrpcClientProtocolClient (GrpcClientProtocolClient.java:onNext(264)) - client-734BBEB428D7->a5e38e3e-c2ad-4348-acb9-3fc25cfb14dd: receive RaftClientReply:client-734BBEB428D7->a5e38e3e-c2ad-4348-acb9-3fc25cfb14dd@group-7000B19605CB, cid=742, SUCCESS, logIndex=0, commits[a5e38e3e-c2ad-4348-acb9-3fc25cfb14dd:c950, 11e48d46-e648-47f9-b6a0-9c7f26654c28:c947, d1b6a90e-e817-40a7-bec1-608b5cc7d8b6:c947]
2019-09-11 04:25:50,677 [grpc-default-executor-3] INFO  client.GrpcClientProtocolClient (GrpcClientProtocolClient.java:onNext(264)) - client-734BBEB428D7->a5e38e3e-c2ad-4348-acb9-3fc25cfb14dd: receive RaftClientReply:client-734BBEB428D7->a5e38e3e-c2ad-4348-acb9-3fc25cfb14dd@group-7000B19605CB, cid=743, SUCCESS, logIndex=954, commits[a5e38e3e-c2ad-4348-acb9-3fc25cfb14dd:c955, 11e48d46-e648-47f9-b6a0-9c7f26654c28:c953, d1b6a90e-e817-40a7-bec1-608b5cc7d8b6:c953]
2019-09-11 04:25:50,677 [grpc-default-executor-3] INFO  client.GrpcClientProtocolClient (GrpcClientProtocolClient.java:onNext(264)) - client-734BBEB428D7->a5e38e3e-c2ad-4348-acb9-3fc25cfb14dd: receive RaftClientReply:client-734BBEB428D7->a5e38e3e-c2ad-4348-acb9-3fc25cfb14dd@group-7000B19605CB, cid=744, SUCCESS, logIndex=955, commits[a5e38e3e-c2ad-4348-acb9-3fc25cfb14dd:c955, 11e48d46-e648-47f9-b6a0-9c7f26654c28:c953, d1b6a90e-e817-40a7-bec1-608b5cc7d8b6:c953]
2019-09-11 04:25:50,703 [grpc-default-executor-3] INFO  client.GrpcClientProtocolClient (GrpcClientProtocolClient.java:onNext(264)) - client-734BBEB428D7->a5e38e3e-c2ad-4348-acb9-3fc25cfb14dd: receive RaftClientReply:client-734BBEB428D7->a5e38e3e-c2ad-4348-acb9-3fc25cfb14dd@group-7000B19605CB, cid=745, SUCCESS, logIndex=958, commits[a5e38e3e-c2ad-4348-acb9-3fc25cfb14dd:c958, 11e48d46-e648-47f9-b6a0-9c7f26654c28:c955, d1b6a90e-e817-40a7-bec1-608b5cc7d8b6:c955]
2019-09-11 04:25:50,703 [grpc-default-executor-3] INFO  client.GrpcClientProtocolClient (GrpcClientProtocolClient.java:onNext(264)) - client-734BBEB428D7->a5e38e3e-c2ad-4348-acb9-3fc25cfb14dd: receive RaftClientReply:client-734BBEB428D7->a5e38e3e-c2ad-4348-acb9-3fc25cfb14dd@group-7000B19605CB, cid=746, SUCCESS, logIndex=959, commits[a5e38e3e-c2ad-4348-acb9-3fc25cfb14dd:c959, 11e48d46-e648-47f9-b6a0-9c7f26654c28:c955, d1b6a90e-e817-40a7-bec1-608b5cc7d8b6:c955]
2019-09-11 04:25:50,715 [grpc-default-executor-3] INFO  client.GrpcClientProtocolClient (GrpcClientProtocolClient.java:onNext(264)) - client-734BBEB428D7->a5e38e3e-c2ad-4348-acb9-3fc25cfb14dd: receive RaftClientReply:client-734BBEB428D7->a5e38e3e-c2ad-4348-acb9-3fc25cfb14dd@group-7000B19605CB, cid=747, SUCCESS, logIndex=0, commits[a5e38e3e-c2ad-4348-acb9-3fc25cfb14dd:c961, 11e48d46-e648-47f9-b6a0-9c7f26654c28:c959, d1b6a90e-e817-40a7-bec1-608b5cc7d8b6:c959]
2019-09-11 04:25:50,737 [grpc-default-executor-2] INFO  client.GrpcClientProtocolClient (GrpcClientProtocolClient.java:onNext(264)) - client-734BBEB428D7->a5e38e3e-c2ad-4348-acb9-3fc25cfb14dd: receive RaftClientReply:client-734BBEB428D7->a5e38e3e-c2ad-4348-acb9-3fc25cfb14dd@group-7000B19605CB, cid=748, SUCCESS, logIndex=962, commits[a5e38e3e-c2ad-4348-acb9-3fc25cfb14dd:c963, 11e48d46-e648-47f9-b6a0-9c7f26654c28:c961, d1b6a90e-e817-40a7-bec1-608b5cc7d8b6:c961]
2019-09-11 04:25:50,737 [grpc-default-executor-2] INFO  client.GrpcClientProtocolClient (GrpcClientProtocolClient.java:onNext(264)) - client-734BBEB428D7->a5e38e3e-c2ad-4348-acb9-3fc25cfb14dd: receive RaftClientReply:client-734BBEB428D7->a5e38e3e-c2ad-4348-acb9-3fc25cfb14dd@group-7000B19605CB, cid=749, SUCCESS, logIndex=963, commits[a5e38e3e-c2ad-4348-acb9-3fc25cfb14dd:c964, 11e48d46-e648-47f9-b6a0-9c7f26654c28:c961, d1b6a90e-e817-40a7-bec1-608b5cc7d8b6:c961]
2019-09-11 04:25:50,738 [grpc-default-executor-2] INFO  client.GrpcClientProtocolClient (GrpcClientProtocolClient.java:onNext(264)) - client-734BBEB428D7->a5e38e3e-c2ad-4348-acb9-3fc25cfb14dd: receive RaftClientReply:client-734BBEB428D7->a5e38e3e-c2ad-4348-acb9-3fc25cfb14dd@group-7000B19605CB, cid=750, SUCCESS, logIndex=964, commits[a5e38e3e-c2ad-4348-acb9-3fc25cfb14dd:c964, 11e48d46-e648-47f9-b6a0-9c7f26654c28:c961, d1b6a90e-e817-40a7-bec1-608b5cc7d8b6:c961]
2019-09-11 04:25:50,738 [grpc-default-executor-2] INFO  client.GrpcClientProtocolClient (GrpcClientProtocolClient.java:onNext(264)) - client-734BBEB428D7->a5e38e3e-c2ad-4348-acb9-3fc25cfb14dd: receive RaftClientReply:client-734BBEB428D7->a5e38e3e-c2ad-4348-acb9-3fc25cfb14dd@group-7000B19605CB, cid=751, SUCCESS, logIndex=965, commits[a5e38e3e-c2ad-4348-acb9-3fc25cfb14dd:c965, 11e48d46-e648-47f9-b6a0-9c7f26654c28:c961, d1b6a90e-e817-40a7-bec1-608b5cc7d8b6:c961]
2019-09-11 04:25:50,739 [grpc-default-executor-2] INFO  client.GrpcClientProtocolClient (GrpcClientProtocolClient.java:onNext(264)) - client-734BBEB428D7->a5e38e3e-c2ad-4348-acb9-3fc25cfb14dd: receive RaftClientReply:client-734BBEB428D7->a5e38e3e-c2ad-4348-acb9-3fc25cfb14dd@group-7000B19605CB, cid=752, SUCCESS, logIndex=0, commits[a5e38e3e-c2ad-4348-acb9-3fc25cfb14dd:c968, 11e48d46-e648-47f9-b6a0-9c7f26654c28:c963, d1b6a90e-e817-40a7-bec1-608b5cc7d8b6:c965]
2019-09-11 04:25:50,759 [grpc-default-executor-2] INFO  client.GrpcClientProtocolClient (GrpcClientProtocolClient.java:onNext(264)) - client-734BBEB428D7->a5e38e3e-c2ad-4348-acb9-3fc25cfb14dd: receive RaftClientReply:client-734BBEB428D7->a5e38e3e-c2ad-4348-acb9-3fc25cfb14dd@group-7000B19605CB, cid=753, SUCCESS, logIndex=970, commits[a5e38e3e-c2ad-4348-acb9-3fc25cfb14dd:c971, 11e48d46-e648-47f9-b6a0-9c7f26654c28:c969, d1b6a90e-e817-40a7-bec1-608b5cc7d8b6:c969]
2019-09-11 04:25:50,759 [grpc-default-executor-2] INFO  client.GrpcClientProtocolClient (GrpcClientProtocolClient.java:onNext(264)) - client-734BBEB428D7->a5e38e3e-c2ad-4348-acb9-3fc25cfb14dd: receive RaftClientReply:client-734BBEB428D7->a5e38e3e-c2ad-4348-acb9-3fc25cfb14dd@group-7000B19605CB, cid=754, SUCCESS, logIndex=971, commits[a5e38e3e-c2ad-4348-acb9-3fc25cfb14dd:c971, 11e48d46-e648-47f9-b6a0-9c7f26654c28:c969, d1b6a90e-e817-40a7-bec1-608b5cc7d8b6:c969]
2019-09-11 04:25:50,779 [grpc-default-executor-2] INFO  client.GrpcClientProtocolClient (GrpcClientProtocolClient.java:onNext(264)) - client-734BBEB428D7->a5e38e3e-c2ad-4348-acb9-3fc25cfb14dd: receive RaftClientReply:client-734BBEB428D7->a5e38e3e-c2ad-4348-acb9-3fc25cfb14dd@group-7000B19605CB, cid=755, SUCCESS, logIndex=974, commits[a5e38e3e-c2ad-4348-acb9-3fc25cfb14dd:c975, 11e48d46-e648-47f9-b6a0-9c7f26654c28:c973, d1b6a90e-e817-40a7-bec1-608b5cc7d8b6:c973]
2019-09-11 04:25:50,779 [grpc-default-executor-2] INFO  client.GrpcClientProtocolClient (GrpcClientProtocolClient.java:onNext(264)) - client-734BBEB428D7->a5e38e3e-c2ad-4348-acb9-3fc25cfb14dd: receive RaftClientReply:client-734BBEB428D7->a5e38e3e-c2ad-4348-acb9-3fc25cfb14dd@group-7000B19605CB, cid=756, SUCCESS, logIndex=975, commits[a5e38e3e-c2ad-4348-acb9-3fc25cfb14dd:c975, 11e48d46-e648-47f9-b6a0-9c7f26654c28:c973, d1b6a90e-e817-40a7-bec1-608b5cc7d8b6:c973]
2019-09-11 04:25:50,791 [grpc-default-executor-2] INFO  client.GrpcClientProtocolClient (GrpcClientProtocolClient.java:onNext(264)) - client-734BBEB428D7->a5e38e3e-c2ad-4348-acb9-3fc25cfb14dd: receive RaftClientReply:client-734BBEB428D7->a5e38e3e-c2ad-4348-acb9-3fc25cfb14dd@group-7000B19605CB, cid=757, SUCCESS, logIndex=0, commits[a5e38e3e-c2ad-4348-acb9-3fc25cfb14dd:c976, 11e48d46-e648-47f9-b6a0-9c7f26654c28:c975, d1b6a90e-e817-40a7-bec1-608b5cc7d8b6:c975]
2019-09-11 04:25:50,810 [grpc-default-executor-0] INFO  client.GrpcClientProtocolClient (GrpcClientProtocolClient.java:onNext(264)) - client-734BBEB428D7->a5e38e3e-c2ad-4348-acb9-3fc25cfb14dd: receive RaftClientReply:client-734BBEB428D7->a5e38e3e-c2ad-4348-acb9-3fc25cfb14dd@group-7000B19605CB, cid=758, SUCCESS, logIndex=978, commits[a5e38e3e-c2ad-4348-acb9-3fc25cfb14dd:c979, 11e48d46-e648-47f9-b6a0-9c7f26654c28:c977, d1b6a90e-e817-40a7-bec1-608b5cc7d8b6:c977]
2019-09-11 04:25:50,811 [grpc-default-executor-2] INFO  client.GrpcClientProtocolClient (GrpcClientProtocolClient.java:onNext(264)) - client-734BBEB428D7->a5e38e3e-c2ad-4348-acb9-3fc25cfb14dd: receive RaftClientReply:client-734BBEB428D7->a5e38e3e-c2ad-4348-acb9-3fc25cfb14dd@group-7000B19605CB, cid=759, SUCCESS, logIndex=979, commits[a5e38e3e-c2ad-4348-acb9-3fc25cfb14dd:c981, 11e48d46-e648-47f9-b6a0-9c7f26654c28:c977, d1b6a90e-e817-40a7-bec1-608b5cc7d8b6:c977]
2019-09-11 04:25:50,811 [grpc-default-executor-2] INFO  client.GrpcClientProtocolClient (GrpcClientProtocolClient.java:onNext(264)) - client-734BBEB428D7->a5e38e3e-c2ad-4348-acb9-3fc25cfb14dd: receive RaftClientReply:client-734BBEB428D7->a5e38e3e-c2ad-4348-acb9-3fc25cfb14dd@group-7000B19605CB, cid=760, SUCCESS, logIndex=980, commits[a5e38e3e-c2ad-4348-acb9-3fc25cfb14dd:c981, 11e48d46-e648-47f9-b6a0-9c7f26654c28:c977, d1b6a90e-e817-40a7-bec1-608b5cc7d8b6:c977]
2019-09-11 04:25:50,811 [grpc-default-executor-2] INFO  client.GrpcClientProtocolClient (GrpcClientProtocolClient.java:onNext(264)) - client-734BBEB428D7->a5e38e3e-c2ad-4348-acb9-3fc25cfb14dd: receive RaftClientReply:client-734BBEB428D7->a5e38e3e-c2ad-4348-acb9-3fc25cfb14dd@group-7000B19605CB, cid=761, SUCCESS, logIndex=981, commits[a5e38e3e-c2ad-4348-acb9-3fc25cfb14dd:c981, 11e48d46-e648-47f9-b6a0-9c7f26654c28:c977, d1b6a90e-e817-40a7-bec1-608b5cc7d8b6:c977]
2019-09-11 04:25:50,813 [grpc-default-executor-2] INFO  client.GrpcClientProtocolClient (GrpcClientProtocolClient.java:onNext(264)) - client-734BBEB428D7->a5e38e3e-c2ad-4348-acb9-3fc25cfb14dd: receive RaftClientReply:client-734BBEB428D7->a5e38e3e-c2ad-4348-acb9-3fc25cfb14dd@group-7000B19605CB, cid=762, SUCCESS, logIndex=0, commits[a5e38e3e-c2ad-4348-acb9-3fc25cfb14dd:c985, 11e48d46-e648-47f9-b6a0-9c7f26654c28:c980, d1b6a90e-e817-40a7-bec1-608b5cc7d8b6:c981]
2019-09-11 04:25:50,834 [grpc-default-executor-2] INFO  client.GrpcClientProtocolClient (GrpcClientProtocolClient.java:onNext(264)) - client-734BBEB428D7->a5e38e3e-c2ad-4348-acb9-3fc25cfb14dd: receive RaftClientReply:client-734BBEB428D7->a5e38e3e-c2ad-4348-acb9-3fc25cfb14dd@group-7000B19605CB, cid=763, SUCCESS, logIndex=986, commits[a5e38e3e-c2ad-4348-acb9-3fc25cfb14dd:c987, 11e48d46-e648-47f9-b6a0-9c7f26654c28:c985, d1b6a90e-e817-40a7-bec1-608b5cc7d8b6:c985]
2019-09-11 04:25:50,834 [grpc-default-executor-2] INFO  client.GrpcClientProtocolClient (GrpcClientProtocolClient.java:onNext(264)) - client-734BBEB428D7->a5e38e3e-c2ad-4348-acb9-3fc25cfb14dd: receive RaftClientReply:client-734BBEB428D7->a5e38e3e-c2ad-4348-acb9-3fc25cfb14dd@group-7000B19605CB, cid=764, SUCCESS, logIndex=987, commits[a5e38e3e-c2ad-4348-acb9-3fc25cfb14dd:c987, 11e48d46-e648-47f9-b6a0-9c7f26654c28:c985, d1b6a90e-e817-40a7-bec1-608b5cc7d8b6:c985]
2019-09-11 04:25:50,846 [grpc-default-executor-0] INFO  client.GrpcClientProtocolClient (GrpcClientProtocolClient.java:onNext(264)) - client-734BBEB428D7->a5e38e3e-c2ad-4348-acb9-3fc25cfb14dd: receive RaftClientReply:client-734BBEB428D7->a5e38e3e-c2ad-4348-acb9-3fc25cfb14dd@group-7000B19605CB, cid=765, SUCCESS, logIndex=990, commits[a5e38e3e-c2ad-4348-acb9-3fc25cfb14dd:c991, 11e48d46-e648-47f9-b6a0-9c7f26654c28:c986, d1b6a90e-e817-40a7-bec1-608b5cc7d8b6:c987]
2019-09-11 04:25:50,846 [grpc-default-executor-0] INFO  client.GrpcClientProtocolClient (GrpcClientProtocolClient.java:onNext(264)) - client-734BBEB428D7->a5e38e3e-c2ad-4348-acb9-3fc25cfb14dd: receive RaftClientReply:client-734BBEB428D7->a5e38e3e-c2ad-4348-acb9-3fc25cfb14dd@group-7000B19605CB, cid=766, SUCCESS, logIndex=991, commits[a5e38e3e-c2ad-4348-acb9-3fc25cfb14dd:c991, 11e48d46-e648-47f9-b6a0-9c7f26654c28:c986, d1b6a90e-e817-40a7-bec1-608b5cc7d8b6:c987]
2019-09-11 04:25:50,847 [grpc-default-executor-0] INFO  client.GrpcClientProtocolClient (GrpcClientProtocolClient.java:onNext(264)) - client-734BBEB428D7->a5e38e3e-c2ad-4348-acb9-3fc25cfb14dd: receive RaftClientReply:client-734BBEB428D7->a5e38e3e-c2ad-4348-acb9-3fc25cfb14dd@group-7000B19605CB, cid=767, SUCCESS, logIndex=0, commits[a5e38e3e-c2ad-4348-acb9-3fc25cfb14dd:c992, 11e48d46-e648-47f9-b6a0-9c7f26654c28:c987, d1b6a90e-e817-40a7-bec1-608b5cc7d8b6:c990]
2019-09-11 04:25:50,849 [grpc-default-executor-0] INFO  client.GrpcClientProtocolClient (GrpcClientProtocolClient.java:onNext(264)) - client-734BBEB428D7->a5e38e3e-c2ad-4348-acb9-3fc25cfb14dd: receive RaftClientReply:client-734BBEB428D7->a5e38e3e-c2ad-4348-acb9-3fc25cfb14dd@group-7000B19605CB, cid=768, SUCCESS, logIndex=0, commits[a5e38e3e-c2ad-4348-acb9-3fc25cfb14dd:c993, 11e48d46-e648-47f9-b6a0-9c7f26654c28:c991, d1b6a90e-e817-40a7-bec1-608b5cc7d8b6:c991]
2019-09-11 04:25:50,869 [grpc-default-executor-2] INFO  client.GrpcClientProtocolClient (GrpcClientProtocolClient.java:onNext(264)) - client-734BBEB428D7->a5e38e3e-c2ad-4348-acb9-3fc25cfb14dd: receive RaftClientReply:client-734BBEB428D7->a5e38e3e-c2ad-4348-acb9-3fc25cfb14dd@group-7000B19605CB, cid=769, SUCCESS, logIndex=994, commits[a5e38e3e-c2ad-4348-acb9-3fc25cfb14dd:c995, 11e48d46-e648-47f9-b6a0-9c7f26654c28:c993, d1b6a90e-e817-40a7-bec1-608b5cc7d8b6:c993]
2019-09-11 04:25:50,870 [grpc-default-executor-1] INFO  client.GrpcClientProtocolClient (GrpcClientProtocolClient.java:onNext(264)) - client-734BBEB428D7->a5e38e3e-c2ad-4348-acb9-3fc25cfb14dd: receive RaftClientReply:client-734BBEB428D7->a5e38e3e-c2ad-4348-acb9-3fc25cfb14dd@group-7000B19605CB, cid=770, SUCCESS, logIndex=995, commits[a5e38e3e-c2ad-4348-acb9-3fc25cfb14dd:c995, 11e48d46-e648-47f9-b6a0-9c7f26654c28:c993, d1b6a90e-e817-40a7-bec1-608b5cc7d8b6:c993]
2019-09-11 04:25:50,870 [grpc-default-executor-1] INFO  client.GrpcClientProtocolClient (GrpcClientProtocolClient.java:onNext(264)) - client-734BBEB428D7->a5e38e3e-c2ad-4348-acb9-3fc25cfb14dd: receive RaftClientReply:client-734BBEB428D7->a5e38e3e-c2ad-4348-acb9-3fc25cfb14dd@group-7000B19605CB, cid=771, SUCCESS, logIndex=996, commits[a5e38e3e-c2ad-4348-acb9-3fc25cfb14dd:c997, 11e48d46-e648-47f9-b6a0-9c7f26654c28:c993, d1b6a90e-e817-40a7-bec1-608b5cc7d8b6:c993]
2019-09-11 04:25:50,870 [grpc-default-executor-2] INFO  client.GrpcClientProtocolClient (GrpcClientProtocolClient.java:onNext(264)) - client-734BBEB428D7->a5e38e3e-c2ad-4348-acb9-3fc25cfb14dd: receive RaftClientReply:client-734BBEB428D7->a5e38e3e-c2ad-4348-acb9-3fc25cfb14dd@group-7000B19605CB, cid=772, SUCCESS, logIndex=997, commits[a5e38e3e-c2ad-4348-acb9-3fc25cfb14dd:c997, 11e48d46-e648-47f9-b6a0-9c7f26654c28:c993, d1b6a90e-e817-40a7-bec1-608b5cc7d8b6:c993]
2019-09-11 04:25:50,872 [grpc-default-executor-2] INFO  client.GrpcClientProtocolClient (GrpcClientProtocolClient.java:onNext(264)) - client-734BBEB428D7->a5e38e3e-c2ad-4348-acb9-3fc25cfb14dd: receive RaftClientReply:client-734BBEB428D7->a5e38e3e-c2ad-4348-acb9-3fc25cfb14dd@group-7000B19605CB, cid=773, SUCCESS, logIndex=0, commits[a5e38e3e-c2ad-4348-acb9-3fc25cfb14dd:c999, 11e48d46-e648-47f9-b6a0-9c7f26654c28:c996, d1b6a90e-e817-40a7-bec1-608b5cc7d8b6:c995]
2019-09-11 04:25:50,891 [grpc-default-executor-2] INFO  client.GrpcClientProtocolClient (GrpcClientProtocolClient.java:onNext(264)) - client-734BBEB428D7->a5e38e3e-c2ad-4348-acb9-3fc25cfb14dd: receive RaftClientReply:client-734BBEB428D7->a5e38e3e-c2ad-4348-acb9-3fc25cfb14dd@group-7000B19605CB, cid=774, SUCCESS, logIndex=1002, commits[a5e38e3e-c2ad-4348-acb9-3fc25cfb14dd:c1003, 11e48d46-e648-47f9-b6a0-9c7f26654c28:c1001, d1b6a90e-e817-40a7-bec1-608b5cc7d8b6:c1001]
2019-09-11 04:25:50,891 [grpc-default-executor-2] INFO  client.GrpcClientProtocolClient (GrpcClientProtocolClient.java:onNext(264)) - client-734BBEB428D7->a5e38e3e-c2ad-4348-acb9-3fc25cfb14dd: receive RaftClientReply:client-734BBEB428D7->a5e38e3e-c2ad-4348-acb9-3fc25cfb14dd@group-7000B19605CB, cid=775, SUCCESS, logIndex=1003, commits[a5e38e3e-c2ad-4348-acb9-3fc25cfb14dd:c1003, 11e48d46-e648-47f9-b6a0-9c7f26654c28:c1001, d1b6a90e-e817-40a7-bec1-608b5cc7d8b6:c1001]
 0.00% |█                                                                                                    |  0/1 Time: 0:00:022019-09-11 04:25:51,139 [grpc-default-executor-0] INFO  client.GrpcClientProtocolClient (GrpcClientProtocolClient.java:onNext(264)) - client-734BBEB428D7->a5e38e3e-c2ad-4348-acb9-3fc25cfb14dd: receive RaftClientReply:client-734BBEB428D7->a5e38e3e-c2ad-4348-acb9-3fc25cfb14dd@group-7000B19605CB, cid=776, SUCCESS, logIndex=1006, commits[a5e38e3e-c2ad-4348-acb9-3fc25cfb14dd:c1007, 11e48d46-e648-47f9-b6a0-9c7f26654c28:c1003, d1b6a90e-e817-40a7-bec1-608b5cc7d8b6:c1003]
2019-09-11 04:25:51,140 [grpc-default-executor-0] INFO  client.GrpcClientProtocolClient (GrpcClientProtocolClient.java:onNext(264)) - client-734BBEB428D7->a5e38e3e-c2ad-4348-acb9-3fc25cfb14dd: receive RaftClientReply:client-734BBEB428D7->a5e38e3e-c2ad-4348-acb9-3fc25cfb14dd@group-7000B19605CB, cid=777, SUCCESS, logIndex=1007, commits[a5e38e3e-c2ad-4348-acb9-3fc25cfb14dd:c1007, 11e48d46-e648-47f9-b6a0-9c7f26654c28:c1003, d1b6a90e-e817-40a7-bec1-608b5cc7d8b6:c1003]
2019-09-11 04:25:51,152 [grpc-default-executor-0] INFO  client.GrpcClientProtocolClient (GrpcClientProtocolClient.java:onNext(264)) - client-734BBEB428D7->a5e38e3e-c2ad-4348-acb9-3fc25cfb14dd: receive RaftClientReply:client-734BBEB428D7->a5e38e3e-c2ad-4348-acb9-3fc25cfb14dd@group-7000B19605CB, cid=778, SUCCESS, logIndex=0, commits[a5e38e3e-c2ad-4348-acb9-3fc25cfb14dd:c1009, 11e48d46-e648-47f9-b6a0-9c7f26654c28:c1007, d1b6a90e-e817-40a7-bec1-608b5cc7d8b6:c1007]
2019-09-11 04:25:51,174 [grpc-default-executor-2] INFO  client.GrpcClientProtocolClient (GrpcClientProtocolClient.java:onNext(264)) - client-734BBEB428D7->a5e38e3e-c2ad-4348-acb9-3fc25cfb14dd: receive RaftClientReply:client-734BBEB428D7->a5e38e3e-c2ad-4348-acb9-3fc25cfb14dd@group-7000B19605CB, cid=779, SUCCESS, logIndex=1010, commits[a5e38e3e-c2ad-4348-acb9-3fc25cfb14dd:c1011, 11e48d46-e648-47f9-b6a0-9c7f26654c28:c1007, d1b6a90e-e817-40a7-bec1-608b5cc7d8b6:c1009]
2019-09-11 04:25:51,175 [grpc-default-executor-1] INFO  client.GrpcClientProtocolClient (GrpcClientProtocolClient.java:onNext(264)) - client-734BBEB428D7->a5e38e3e-c2ad-4348-acb9-3fc25cfb14dd: receive RaftClientReply:client-734BBEB428D7->a5e38e3e-c2ad-4348-acb9-3fc25cfb14dd@group-7000B19605CB, cid=780, SUCCESS, logIndex=1011, commits[a5e38e3e-c2ad-4348-acb9-3fc25cfb14dd:c1011, 11e48d46-e648-47f9-b6a0-9c7f26654c28:c1009, d1b6a90e-e817-40a7-bec1-608b5cc7d8b6:c1009]
2019-09-11 04:25:51,176 [grpc-default-executor-1] INFO  client.GrpcClientProtocolClient (GrpcClientProtocolClient.java:onNext(264)) - client-734BBEB428D7->a5e38e3e-c2ad-4348-acb9-3fc25cfb14dd: receive RaftClientReply:client-734BBEB428D7->a5e38e3e-c2ad-4348-acb9-3fc25cfb14dd@group-7000B19605CB, cid=781, SUCCESS, logIndex=1012, commits[a5e38e3e-c2ad-4348-acb9-3fc25cfb14dd:c1013, 11e48d46-e648-47f9-b6a0-9c7f26654c28:c1009, d1b6a90e-e817-40a7-bec1-608b5cc7d8b6:c1009]
2019-09-11 04:25:51,176 [grpc-default-executor-1] INFO  client.GrpcClientProtocolClient (GrpcClientProtocolClient.java:onNext(264)) - client-734BBEB428D7->a5e38e3e-c2ad-4348-acb9-3fc25cfb14dd: receive RaftClientReply:client-734BBEB428D7->a5e38e3e-c2ad-4348-acb9-3fc25cfb14dd@group-7000B19605CB, cid=782, SUCCESS, logIndex=1013, commits[a5e38e3e-c2ad-4348-acb9-3fc25cfb14dd:c1013, 11e48d46-e648-47f9-b6a0-9c7f26654c28:c1009, d1b6a90e-e817-40a7-bec1-608b5cc7d8b6:c1009]
2019-09-11 04:25:51,178 [grpc-default-executor-1] INFO  client.GrpcClientProtocolClient (GrpcClientProtocolClient.java:onNext(264)) - client-734BBEB428D7->a5e38e3e-c2ad-4348-acb9-3fc25cfb14dd: receive RaftClientReply:client-734BBEB428D7->a5e38e3e-c2ad-4348-acb9-3fc25cfb14dd@group-7000B19605CB, cid=783, SUCCESS, logIndex=0, commits[a5e38e3e-c2ad-4348-acb9-3fc25cfb14dd:c1017, 11e48d46-e648-47f9-b6a0-9c7f26654c28:c1013, d1b6a90e-e817-40a7-bec1-608b5cc7d8b6:c1013]
2019-09-11 04:25:51,200 [grpc-default-executor-1] INFO  client.GrpcClientProtocolClient (GrpcClientProtocolClient.java:onNext(264)) - client-734BBEB428D7->a5e38e3e-c2ad-4348-acb9-3fc25cfb14dd: receive RaftClientReply:client-734BBEB428D7->a5e38e3e-c2ad-4348-acb9-3fc25cfb14dd@group-7000B19605CB, cid=784, SUCCESS, logIndex=1018, commits[a5e38e3e-c2ad-4348-acb9-3fc25cfb14dd:c1019, 11e48d46-e648-47f9-b6a0-9c7f26654c28:c1017, d1b6a90e-e817-40a7-bec1-608b5cc7d8b6:c1017]
2019-09-11 04:25:51,201 [grpc-default-executor-1] INFO  client.GrpcClientProtocolClient (GrpcClientProtocolClient.java:onNext(264)) - client-734BBEB428D7->a5e38e3e-c2ad-4348-acb9-3fc25cfb14dd: receive RaftClientReply:client-734BBEB428D7->a5e38e3e-c2ad-4348-acb9-3fc25cfb14dd@group-7000B19605CB, cid=785, SUCCESS, logIndex=1019, commits[a5e38e3e-c2ad-4348-acb9-3fc25cfb14dd:c1019, 11e48d46-e648-47f9-b6a0-9c7f26654c28:c1017, d1b6a90e-e817-40a7-bec1-608b5cc7d8b6:c1017]
2019-09-11 04:25:51,224 [grpc-default-executor-1] INFO  client.GrpcClientProtocolClient (GrpcClientProtocolClient.java:onNext(264)) - client-734BBEB428D7->a5e38e3e-c2ad-4348-acb9-3fc25cfb14dd: receive RaftClientReply:client-734BBEB428D7->a5e38e3e-c2ad-4348-acb9-3fc25cfb14dd@group-7000B19605CB, cid=786, SUCCESS, logIndex=1022, commits[a5e38e3e-c2ad-4348-acb9-3fc25cfb14dd:c1023, 11e48d46-e648-47f9-b6a0-9c7f26654c28:c1019, d1b6a90e-e817-40a7-bec1-608b5cc7d8b6:c1019]
2019-09-11 04:25:51,225 [grpc-default-executor-1] INFO  client.GrpcClientProtocolClient (GrpcClientProtocolClient.java:onNext(264)) - client-734BBEB428D7->a5e38e3e-c2ad-4348-acb9-3fc25cfb14dd: receive RaftClientReply:client-734BBEB428D7->a5e38e3e-c2ad-4348-acb9-3fc25cfb14dd@group-7000B19605CB, cid=787, SUCCESS, logIndex=1023, commits[a5e38e3e-c2ad-4348-acb9-3fc25cfb14dd:c1023, 11e48d46-e648-47f9-b6a0-9c7f26654c28:c1019, d1b6a90e-e817-40a7-bec1-608b5cc7d8b6:c1019]
2019-09-11 04:25:51,227 [grpc-default-executor-1] INFO  client.GrpcClientProtocolClient (GrpcClientProtocolClient.java:onNext(264)) - client-734BBEB428D7->a5e38e3e-c2ad-4348-acb9-3fc25cfb14dd: receive RaftClientReply:client-734BBEB428D7->a5e38e3e-c2ad-4348-acb9-3fc25cfb14dd@group-7000B19605CB, cid=788, SUCCESS, logIndex=0, commits[a5e38e3e-c2ad-4348-acb9-3fc25cfb14dd:c1025, 11e48d46-e648-47f9-b6a0-9c7f26654c28:c1023, d1b6a90e-e817-40a7-bec1-608b5cc7d8b6:c1023]
2019-09-11 04:25:51,248 [grpc-default-executor-2] INFO  client.GrpcClientProtocolClient (GrpcClientProtocolClient.java:onNext(264)) - client-734BBEB428D7->a5e38e3e-c2ad-4348-acb9-3fc25cfb14dd: receive RaftClientReply:client-734BBEB428D7->a5e38e3e-c2ad-4348-acb9-3fc25cfb14dd@group-7000B19605CB, cid=789, SUCCESS, logIndex=1026, commits[a5e38e3e-c2ad-4348-acb9-3fc25cfb14dd:c1027, 11e48d46-e648-47f9-b6a0-9c7f26654c28:c1025, d1b6a90e-e817-40a7-bec1-608b5cc7d8b6:c1025]
2019-09-11 04:25:51,249 [grpc-default-executor-0] INFO  client.GrpcClientProtocolClient (GrpcClientProtocolClient.java:onNext(264)) - client-734BBEB428D7->a5e38e3e-c2ad-4348-acb9-3fc25cfb14dd: receive RaftClientReply:client-734BBEB428D7->a5e38e3e-c2ad-4348-acb9-3fc25cfb14dd@group-7000B19605CB, cid=790, SUCCESS, logIndex=1027, commits[a5e38e3e-c2ad-4348-acb9-3fc25cfb14dd:c1029, 11e48d46-e648-47f9-b6a0-9c7f26654c28:c1025, d1b6a90e-e817-40a7-bec1-608b5cc7d8b6:c1025]
2019-09-11 04:25:51,249 [grpc-default-executor-0] INFO  client.GrpcClientProtocolClient (GrpcClientProtocolClient.java:onNext(264)) - client-734BBEB428D7->a5e38e3e-c2ad-4348-acb9-3fc25cfb14dd: receive RaftClientReply:client-734BBEB428D7->a5e38e3e-c2ad-4348-acb9-3fc25cfb14dd@group-7000B19605CB, cid=791, SUCCESS, logIndex=1028, commits[a5e38e3e-c2ad-4348-acb9-3fc25cfb14dd:c1029, 11e48d46-e648-47f9-b6a0-9c7f26654c28:c1025, d1b6a90e-e817-40a7-bec1-608b5cc7d8b6:c1025]
2019-09-11 04:25:51,249 [grpc-default-executor-0] INFO  client.GrpcClientProtocolClient (GrpcClientProtocolClient.java:onNext(264)) - client-734BBEB428D7->a5e38e3e-c2ad-4348-acb9-3fc25cfb14dd: receive RaftClientReply:client-734BBEB428D7->a5e38e3e-c2ad-4348-acb9-3fc25cfb14dd@group-7000B19605CB, cid=792, SUCCESS, logIndex=1029, commits[a5e38e3e-c2ad-4348-acb9-3fc25cfb14dd:c1029, 11e48d46-e648-47f9-b6a0-9c7f26654c28:c1025, d1b6a90e-e817-40a7-bec1-608b5cc7d8b6:c1025]
2019-09-11 04:25:51,251 [grpc-default-executor-2] INFO  client.GrpcClientProtocolClient (GrpcClientProtocolClient.java:onNext(264)) - client-734BBEB428D7->a5e38e3e-c2ad-4348-acb9-3fc25cfb14dd: receive RaftClientReply:client-734BBEB428D7->a5e38e3e-c2ad-4348-acb9-3fc25cfb14dd@group-7000B19605CB, cid=793, SUCCESS, logIndex=0, commits[a5e38e3e-c2ad-4348-acb9-3fc25cfb14dd:c1032, 11e48d46-e648-47f9-b6a0-9c7f26654c28:c1027, d1b6a90e-e817-40a7-bec1-608b5cc7d8b6:c1029]
2019-09-11 04:25:51,270 [grpc-default-executor-0] INFO  client.GrpcClientProtocolClient (GrpcClientProtocolClient.java:onNext(264)) - client-734BBEB428D7->a5e38e3e-c2ad-4348-acb9-3fc25cfb14dd: receive RaftClientReply:client-734BBEB428D7->a5e38e3e-c2ad-4348-acb9-3fc25cfb14dd@group-7000B19605CB, cid=794, SUCCESS, logIndex=1034, commits[a5e38e3e-c2ad-4348-acb9-3fc25cfb14dd:c1035, 11e48d46-e648-47f9-b6a0-9c7f26654c28:c1033, d1b6a90e-e817-40a7-bec1-608b5cc7d8b6:c1033]
2019-09-11 04:25:51,270 [grpc-default-executor-0] INFO  client.GrpcClientProtocolClient (GrpcClientProtocolClient.java:onNext(264)) - client-734BBEB428D7->a5e38e3e-c2ad-4348-acb9-3fc25cfb14dd: receive RaftClientReply:client-734BBEB428D7->a5e38e3e-c2ad-4348-acb9-3fc25cfb14dd@group-7000B19605CB, cid=795, SUCCESS, logIndex=1035, commits[a5e38e3e-c2ad-4348-acb9-3fc25cfb14dd:c1035, 11e48d46-e648-47f9-b6a0-9c7f26654c28:c1033, d1b6a90e-e817-40a7-bec1-608b5cc7d8b6:c1033]
2019-09-11 04:25:51,283 [grpc-default-executor-0] INFO  client.GrpcClientProtocolClient (GrpcClientProtocolClient.java:onNext(264)) - client-734BBEB428D7->a5e38e3e-c2ad-4348-acb9-3fc25cfb14dd: receive RaftClientReply:client-734BBEB428D7->a5e38e3e-c2ad-4348-acb9-3fc25cfb14dd@group-7000B19605CB, cid=796, SUCCESS, logIndex=1038, commits[a5e38e3e-c2ad-4348-acb9-3fc25cfb14dd:c1039, 11e48d46-e648-47f9-b6a0-9c7f26654c28:c1035, d1b6a90e-e817-40a7-bec1-608b5cc7d8b6:c1035]
2019-09-11 04:25:51,284 [grpc-default-executor-0] INFO  client.GrpcClientProtocolClient (GrpcClientProtocolClient.java:onNext(264)) - client-734BBEB428D7->a5e38e3e-c2ad-4348-acb9-3fc25cfb14dd: receive RaftClientReply:client-734BBEB428D7->a5e38e3e-c2ad-4348-acb9-3fc25cfb14dd@group-7000B19605CB, cid=797, SUCCESS, logIndex=1039, commits[a5e38e3e-c2ad-4348-acb9-3fc25cfb14dd:c1039, 11e48d46-e648-47f9-b6a0-9c7f26654c28:c1035, d1b6a90e-e817-40a7-bec1-608b5cc7d8b6:c1035]
2019-09-11 04:25:51,295 [grpc-default-executor-0] INFO  client.GrpcClientProtocolClient (GrpcClientProtocolClient.java:onNext(264)) - client-734BBEB428D7->a5e38e3e-c2ad-4348-acb9-3fc25cfb14dd: receive RaftClientReply:client-734BBEB428D7->a5e38e3e-c2ad-4348-acb9-3fc25cfb14dd@group-7000B19605CB, cid=798, SUCCESS, logIndex=0, commits[a5e38e3e-c2ad-4348-acb9-3fc25cfb14dd:c1040, 11e48d46-e648-47f9-b6a0-9c7f26654c28:c1039, d1b6a90e-e817-40a7-bec1-608b5cc7d8b6:c1039]
2019-09-11 04:25:51,313 [grpc-default-executor-0] INFO  client.GrpcClientProtocolClient (GrpcClientProtocolClient.java:onNext(264)) - client-734BBEB428D7->a5e38e3e-c2ad-4348-acb9-3fc25cfb14dd: receive RaftClientReply:client-734BBEB428D7->a5e38e3e-c2ad-4348-acb9-3fc25cfb14dd@group-7000B19605CB, cid=799, SUCCESS, logIndex=1042, commits[a5e38e3e-c2ad-4348-acb9-3fc25cfb14dd:c1044, 11e48d46-e648-47f9-b6a0-9c7f26654c28:c1041, d1b6a90e-e817-40a7-bec1-608b5cc7d8b6:c1041]
2019-09-11 04:25:51,314 [grpc-default-executor-0] INFO  client.GrpcClientProtocolClient (GrpcClientProtocolClient.java:onNext(264)) - client-734BBEB428D7->a5e38e3e-c2ad-4348-acb9-3fc25cfb14dd: receive RaftClientReply:client-734BBEB428D7->a5e38e3e-c2ad-4348-acb9-3fc25cfb14dd@group-7000B19605CB, cid=800, SUCCESS, logIndex=1043, commits[a5e38e3e-c2ad-4348-acb9-3fc25cfb14dd:c1045, 11e48d46-e648-47f9-b6a0-9c7f26654c28:c1041, d1b6a90e-e817-40a7-bec1-608b5cc7d8b6:c1041]
2019-09-11 04:25:51,314 [grpc-default-executor-0] INFO  client.GrpcClientProtocolClient (GrpcClientProtocolClient.java:onNext(264)) - client-734BBEB428D7->a5e38e3e-c2ad-4348-acb9-3fc25cfb14dd: receive RaftClientReply:client-734BBEB428D7->a5e38e3e-c2ad-4348-acb9-3fc25cfb14dd@group-7000B19605CB, cid=801, SUCCESS, logIndex=1044, commits[a5e38e3e-c2ad-4348-acb9-3fc25cfb14dd:c1045, 11e48d46-e648-47f9-b6a0-9c7f26654c28:c1041, d1b6a90e-e817-40a7-bec1-608b5cc7d8b6:c1041]
2019-09-11 04:25:51,314 [grpc-default-executor-0] INFO  client.GrpcClientProtocolClient (GrpcClientProtocolClient.java:onNext(264)) - client-734BBEB428D7->a5e38e3e-c2ad-4348-acb9-3fc25cfb14dd: receive RaftClientReply:client-734BBEB428D7->a5e38e3e-c2ad-4348-acb9-3fc25cfb14dd@group-7000B19605CB, cid=802, SUCCESS, logIndex=1045, commits[a5e38e3e-c2ad-4348-acb9-3fc25cfb14dd:c1045, 11e48d46-e648-47f9-b6a0-9c7f26654c28:c1041, d1b6a90e-e817-40a7-bec1-608b5cc7d8b6:c1041]
2019-09-11 04:25:51,315 [grpc-default-executor-1] INFO  client.GrpcClientProtocolClient (GrpcClientProtocolClient.java:onNext(264)) - client-734BBEB428D7->a5e38e3e-c2ad-4348-acb9-3fc25cfb14dd: receive RaftClientReply:client-734BBEB428D7->a5e38e3e-c2ad-4348-acb9-3fc25cfb14dd@group-7000B19605CB, cid=803, SUCCESS, logIndex=0, commits[a5e38e3e-c2ad-4348-acb9-3fc25cfb14dd:c1046, 11e48d46-e648-47f9-b6a0-9c7f26654c28:c1043, d1b6a90e-e817-40a7-bec1-608b5cc7d8b6:c1044]
2019-09-11 04:25:51,332 [grpc-default-executor-0] INFO  client.GrpcClientProtocolClient (GrpcClientProtocolClient.java:onNext(264)) - client-734BBEB428D7->a5e38e3e-c2ad-4348-acb9-3fc25cfb14dd: receive RaftClientReply:client-734BBEB428D7->a5e38e3e-c2ad-4348-acb9-3fc25cfb14dd@group-7000B19605CB, cid=804, SUCCESS, logIndex=1050, commits[a5e38e3e-c2ad-4348-acb9-3fc25cfb14dd:c1051, 11e48d46-e648-47f9-b6a0-9c7f26654c28:c1049, d1b6a90e-e817-40a7-bec1-608b5cc7d8b6:c1049]
2019-09-11 04:25:51,333 [grpc-default-executor-0] INFO  client.GrpcClientProtocolClient (GrpcClientProtocolClient.java:onNext(264)) - client-734BBEB428D7->a5e38e3e-c2ad-4348-acb9-3fc25cfb14dd: receive RaftClientReply:client-734BBEB428D7->a5e38e3e-c2ad-4348-acb9-3fc25cfb14dd@group-7000B19605CB, cid=805, SUCCESS, logIndex=1051, commits[a5e38e3e-c2ad-4348-acb9-3fc25cfb14dd:c1051, 11e48d46-e648-47f9-b6a0-9c7f26654c28:c1049, d1b6a90e-e817-40a7-bec1-608b5cc7d8b6:c1049]
2019-09-11 04:25:51,356 [grpc-default-executor-2] INFO  client.GrpcClientProtocolClient (GrpcClientProtocolClient.java:onNext(264)) - client-734BBEB428D7->a5e38e3e-c2ad-4348-acb9-3fc25cfb14dd: receive RaftClientReply:client-734BBEB428D7->a5e38e3e-c2ad-4348-acb9-3fc25cfb14dd@group-7000B19605CB, cid=806, SUCCESS, logIndex=1054, commits[a5e38e3e-c2ad-4348-acb9-3fc25cfb14dd:c1055, 11e48d46-e648-47f9-b6a0-9c7f26654c28:c1051, d1b6a90e-e817-40a7-bec1-608b5cc7d8b6:c1051]
2019-09-11 04:25:51,356 [grpc-default-executor-2] INFO  client.GrpcClientProtocolClient (GrpcClientProtocolClient.java:onNext(264)) - client-734BBEB428D7->a5e38e3e-c2ad-4348-acb9-3fc25cfb14dd: receive RaftClientReply:client-734BBEB428D7->a5e38e3e-c2ad-4348-acb9-3fc25cfb14dd@group-7000B19605CB, cid=807, SUCCESS, logIndex=1055, commits[a5e38e3e-c2ad-4348-acb9-3fc25cfb14dd:c1055, 11e48d46-e648-47f9-b6a0-9c7f26654c28:c1051, d1b6a90e-e817-40a7-bec1-608b5cc7d8b6:c1051]
2019-09-11 04:25:51,365 [grpc-default-executor-2] INFO  client.GrpcClientProtocolClient (GrpcClientProtocolClient.java:onNext(264)) - client-734BBEB428D7->a5e38e3e-c2ad-4348-acb9-3fc25cfb14dd: receive RaftClientReply:client-734BBEB428D7->a5e38e3e-c2ad-4348-acb9-3fc25cfb14dd@group-7000B19605CB, cid=808, SUCCESS, logIndex=0, commits[a5e38e3e-c2ad-4348-acb9-3fc25cfb14dd:c1056, 11e48d46-e648-47f9-b6a0-9c7f26654c28:c1055, d1b6a90e-e817-40a7-bec1-608b5cc7d8b6:c1055]
2019-09-11 04:25:51,385 [grpc-default-executor-1] INFO  client.GrpcClientProtocolClient (GrpcClientProtocolClient.java:onNext(264)) - client-734BBEB428D7->a5e38e3e-c2ad-4348-acb9-3fc25cfb14dd: receive RaftClientReply:client-734BBEB428D7->a5e38e3e-c2ad-4348-acb9-3fc25cfb14dd@group-7000B19605CB, cid=809, SUCCESS, logIndex=1058, commits[a5e38e3e-c2ad-4348-acb9-3fc25cfb14dd:c1059, 11e48d46-e648-47f9-b6a0-9c7f26654c28:c1057, d1b6a90e-e817-40a7-bec1-608b5cc7d8b6:c1057]
2019-09-11 04:25:51,386 [grpc-default-executor-1] INFO  client.GrpcClientProtocolClient (GrpcClientProtocolClient.java:onNext(264)) - client-734BBEB428D7->a5e38e3e-c2ad-4348-acb9-3fc25cfb14dd: receive RaftClientReply:client-734BBEB428D7->a5e38e3e-c2ad-4348-acb9-3fc25cfb14dd@group-7000B19605CB, cid=810, SUCCESS, logIndex=1059, commits[a5e38e3e-c2ad-4348-acb9-3fc25cfb14dd:c1060, 11e48d46-e648-47f9-b6a0-9c7f26654c28:c1057, d1b6a90e-e817-40a7-bec1-608b5cc7d8b6:c1057]
2019-09-11 04:25:51,387 [grpc-default-executor-1] INFO  client.GrpcClientProtocolClient (GrpcClientProtocolClient.java:onNext(264)) - client-734BBEB428D7->a5e38e3e-c2ad-4348-acb9-3fc25cfb14dd: receive RaftClientReply:client-734BBEB428D7->a5e38e3e-c2ad-4348-acb9-3fc25cfb14dd@group-7000B19605CB, cid=811, SUCCESS, logIndex=1060, commits[a5e38e3e-c2ad-4348-acb9-3fc25cfb14dd:c1061, 11e48d46-e648-47f9-b6a0-9c7f26654c28:c1057, d1b6a90e-e817-40a7-bec1-608b5cc7d8b6:c1057]
2019-09-11 04:25:51,387 [grpc-default-executor-1] INFO  client.GrpcClientProtocolClient (GrpcClientProtocolClient.java:onNext(264)) - client-734BBEB428D7->a5e38e3e-c2ad-4348-acb9-3fc25cfb14dd: receive RaftClientReply:client-734BBEB428D7->a5e38e3e-c2ad-4348-acb9-3fc25cfb14dd@group-7000B19605CB, cid=812, SUCCESS, logIndex=1061, commits[a5e38e3e-c2ad-4348-acb9-3fc25cfb14dd:c1061, 11e48d46-e648-47f9-b6a0-9c7f26654c28:c1057, d1b6a90e-e817-40a7-bec1-608b5cc7d8b6:c1057]
2019-09-11 04:25:51,388 [grpc-default-executor-1] INFO  client.GrpcClientProtocolClient (GrpcClientProtocolClient.java:onNext(264)) - client-734BBEB428D7->a5e38e3e-c2ad-4348-acb9-3fc25cfb14dd: receive RaftClientReply:client-734BBEB428D7->a5e38e3e-c2ad-4348-acb9-3fc25cfb14dd@group-7000B19605CB, cid=813, SUCCESS, logIndex=0, commits[a5e38e3e-c2ad-4348-acb9-3fc25cfb14dd:c1065, 11e48d46-e648-47f9-b6a0-9c7f26654c28:c1061, d1b6a90e-e817-40a7-bec1-608b5cc7d8b6:c1060]
2019-09-11 04:25:51,427 [grpc-default-executor-0] INFO  client.GrpcClientProtocolClient (GrpcClientProtocolClient.java:onNext(264)) - client-734BBEB428D7->a5e38e3e-c2ad-4348-acb9-3fc25cfb14dd: receive RaftClientReply:client-734BBEB428D7->a5e38e3e-c2ad-4348-acb9-3fc25cfb14dd@group-7000B19605CB, cid=814, SUCCESS, logIndex=1066, commits[a5e38e3e-c2ad-4348-acb9-3fc25cfb14dd:c1067, 11e48d46-e648-47f9-b6a0-9c7f26654c28:c1065, d1b6a90e-e817-40a7-bec1-608b5cc7d8b6:c1065]
2019-09-11 04:25:51,428 [grpc-default-executor-0] INFO  client.GrpcClientProtocolClient (GrpcClientProtocolClient.java:onNext(264)) - client-734BBEB428D7->a5e38e3e-c2ad-4348-acb9-3fc25cfb14dd: receive RaftClientReply:client-734BBEB428D7->a5e38e3e-c2ad-4348-acb9-3fc25cfb14dd@group-7000B19605CB, cid=815, SUCCESS, logIndex=1067, commits[a5e38e3e-c2ad-4348-acb9-3fc25cfb14dd:c1067, 11e48d46-e648-47f9-b6a0-9c7f26654c28:c1065, d1b6a90e-e817-40a7-bec1-608b5cc7d8b6:c1065]
2019-09-11 04:25:51,451 [grpc-default-executor-1] INFO  client.GrpcClientProtocolClient (GrpcClientProtocolClient.java:onNext(264)) - client-734BBEB428D7->a5e38e3e-c2ad-4348-acb9-3fc25cfb14dd: receive RaftClientReply:client-734BBEB428D7->a5e38e3e-c2ad-4348-acb9-3fc25cfb14dd@group-7000B19605CB, cid=816, SUCCESS, logIndex=1070, commits[a5e38e3e-c2ad-4348-acb9-3fc25cfb14dd:c1071, 11e48d46-e648-47f9-b6a0-9c7f26654c28:c1067, d1b6a90e-e817-40a7-bec1-608b5cc7d8b6:c1067]
2019-09-11 04:25:51,451 [grpc-default-executor-1] INFO  client.GrpcClientProtocolClient (GrpcClientProtocolClient.java:onNext(264)) - client-734BBEB428D7->a5e38e3e-c2ad-4348-acb9-3fc25cfb14dd: receive RaftClientReply:client-734BBEB428D7->a5e38e3e-c2ad-4348-acb9-3fc25cfb14dd@group-7000B19605CB, cid=817, SUCCESS, logIndex=1071, commits[a5e38e3e-c2ad-4348-acb9-3fc25cfb14dd:c1071, 11e48d46-e648-47f9-b6a0-9c7f26654c28:c1067, d1b6a90e-e817-40a7-bec1-608b5cc7d8b6:c1067]
2019-09-11 04:25:51,462 [grpc-default-executor-1] INFO  client.GrpcClientProtocolClient (GrpcClientProtocolClient.java:onNext(264)) - client-734BBEB428D7->a5e38e3e-c2ad-4348-acb9-3fc25cfb14dd: receive RaftClientReply:client-734BBEB428D7->a5e38e3e-c2ad-4348-acb9-3fc25cfb14dd@group-7000B19605CB, cid=818, SUCCESS, logIndex=0, commits[a5e38e3e-c2ad-4348-acb9-3fc25cfb14dd:c1072, 11e48d46-e648-47f9-b6a0-9c7f26654c28:c1071, d1b6a90e-e817-40a7-bec1-608b5cc7d8b6:c1071]
2019-09-11 04:25:51,489 [grpc-default-executor-2] INFO  client.GrpcClientProtocolClient (GrpcClientProtocolClient.java:onNext(264)) - client-734BBEB428D7->a5e38e3e-c2ad-4348-acb9-3fc25cfb14dd: receive RaftClientReply:client-734BBEB428D7->a5e38e3e-c2ad-4348-acb9-3fc25cfb14dd@group-7000B19605CB, cid=819, SUCCESS, logIndex=1074, commits[a5e38e3e-c2ad-4348-acb9-3fc25cfb14dd:c1076, 11e48d46-e648-47f9-b6a0-9c7f26654c28:c1073, d1b6a90e-e817-40a7-bec1-608b5cc7d8b6:c1073]
2019-09-11 04:25:51,490 [grpc-default-executor-2] INFO  client.GrpcClientProtocolClient (GrpcClientProtocolClient.java:onNext(264)) - client-734BBEB428D7->a5e38e3e-c2ad-4348-acb9-3fc25cfb14dd: receive RaftClientReply:client-734BBEB428D7->a5e38e3e-c2ad-4348-acb9-3fc25cfb14dd@group-7000B19605CB, cid=820, SUCCESS, logIndex=1075, commits[a5e38e3e-c2ad-4348-acb9-3fc25cfb14dd:c1077, 11e48d46-e648-47f9-b6a0-9c7f26654c28:c1073, d1b6a90e-e817-40a7-bec1-608b5cc7d8b6:c1073]
2019-09-11 04:25:51,490 [grpc-default-executor-2] INFO  client.GrpcClientProtocolClient (GrpcClientProtocolClient.java:onNext(264)) - client-734BBEB428D7->a5e38e3e-c2ad-4348-acb9-3fc25cfb14dd: receive RaftClientReply:client-734BBEB428D7->a5e38e3e-c2ad-4348-acb9-3fc25cfb14dd@group-7000B19605CB, cid=821, SUCCESS, logIndex=1076, commits[a5e38e3e-c2ad-4348-acb9-3fc25cfb14dd:c1077, 11e48d46-e648-47f9-b6a0-9c7f26654c28:c1073, d1b6a90e-e817-40a7-bec1-608b5cc7d8b6:c1073]
2019-09-11 04:25:51,491 [grpc-default-executor-2] INFO  client.GrpcClientProtocolClient (GrpcClientProtocolClient.java:onNext(264)) - client-734BBEB428D7->a5e38e3e-c2ad-4348-acb9-3fc25cfb14dd: receive RaftClientReply:client-734BBEB428D7->a5e38e3e-c2ad-4348-acb9-3fc25cfb14dd@group-7000B19605CB, cid=822, SUCCESS, logIndex=1077, commits[a5e38e3e-c2ad-4348-acb9-3fc25cfb14dd:c1077, 11e48d46-e648-47f9-b6a0-9c7f26654c28:c1073, d1b6a90e-e817-40a7-bec1-608b5cc7d8b6:c1073]
2019-09-11 04:25:51,502 [grpc-default-executor-2] INFO  client.GrpcClientProtocolClient (GrpcClientProtocolClient.java:onNext(264)) - client-734BBEB428D7->a5e38e3e-c2ad-4348-acb9-3fc25cfb14dd: receive RaftClientReply:client-734BBEB428D7->a5e38e3e-c2ad-4348-acb9-3fc25cfb14dd@group-7000B19605CB, cid=823, SUCCESS, logIndex=0, commits[a5e38e3e-c2ad-4348-acb9-3fc25cfb14dd:c1079, 11e48d46-e648-47f9-b6a0-9c7f26654c28:c1075, d1b6a90e-e817-40a7-bec1-608b5cc7d8b6:c1076]
2019-09-11 04:25:51,523 [grpc-default-executor-0] INFO  client.GrpcClientProtocolClient (GrpcClientProtocolClient.java:onNext(264)) - client-734BBEB428D7->a5e38e3e-c2ad-4348-acb9-3fc25cfb14dd: receive RaftClientReply:client-734BBEB428D7->a5e38e3e-c2ad-4348-acb9-3fc25cfb14dd@group-7000B19605CB, cid=824, SUCCESS, logIndex=1082, commits[a5e38e3e-c2ad-4348-acb9-3fc25cfb14dd:c1083, 11e48d46-e648-47f9-b6a0-9c7f26654c28:c1081, d1b6a90e-e817-40a7-bec1-608b5cc7d8b6:c1081]
2019-09-11 04:25:51,523 [grpc-default-executor-0] INFO  client.GrpcClientProtocolClient (GrpcClientProtocolClient.java:onNext(264)) - client-734BBEB428D7->a5e38e3e-c2ad-4348-acb9-3fc25cfb14dd: receive RaftClientReply:client-734BBEB428D7->a5e38e3e-c2ad-4348-acb9-3fc25cfb14dd@group-7000B19605CB, cid=825, SUCCESS, logIndex=1083, commits[a5e38e3e-c2ad-4348-acb9-3fc25cfb14dd:c1083, 11e48d46-e648-47f9-b6a0-9c7f26654c28:c1081, d1b6a90e-e817-40a7-bec1-608b5cc7d8b6:c1081]
2019-09-11 04:25:51,536 [grpc-default-executor-0] INFO  client.GrpcClientProtocolClient (GrpcClientProtocolClient.java:onNext(264)) - client-734BBEB428D7->a5e38e3e-c2ad-4348-acb9-3fc25cfb14dd: receive RaftClientReply:client-734BBEB428D7->a5e38e3e-c2ad-4348-acb9-3fc25cfb14dd@group-7000B19605CB, cid=826, SUCCESS, logIndex=1086, commits[a5e38e3e-c2ad-4348-acb9-3fc25cfb14dd:c1087, 11e48d46-e648-47f9-b6a0-9c7f26654c28:c1082, d1b6a90e-e817-40a7-bec1-608b5cc7d8b6:c1083]
2019-09-11 04:25:51,537 [grpc-default-executor-0] INFO  client.GrpcClientProtocolClient (GrpcClientProtocolClient.java:onNext(264)) - client-734BBEB428D7->a5e38e3e-c2ad-4348-acb9-3fc25cfb14dd: receive RaftClientReply:client-734BBEB428D7->a5e38e3e-c2ad-4348-acb9-3fc25cfb14dd@group-7000B19605CB, cid=827, SUCCESS, logIndex=1087, commits[a5e38e3e-c2ad-4348-acb9-3fc25cfb14dd:c1087, 11e48d46-e648-47f9-b6a0-9c7f26654c28:c1083, d1b6a90e-e817-40a7-bec1-608b5cc7d8b6:c1083]
2019-09-11 04:25:51,539 [grpc-default-executor-0] INFO  client.GrpcClientProtocolClient (GrpcClientProtocolClient.java:onNext(264)) - client-734BBEB428D7->a5e38e3e-c2ad-4348-acb9-3fc25cfb14dd: receive RaftClientReply:client-734BBEB428D7->a5e38e3e-c2ad-4348-acb9-3fc25cfb14dd@group-7000B19605CB, cid=828, SUCCESS, logIndex=0, commits[a5e38e3e-c2ad-4348-acb9-3fc25cfb14dd:c1089, 11e48d46-e648-47f9-b6a0-9c7f26654c28:c1087, d1b6a90e-e817-40a7-bec1-608b5cc7d8b6:c1087]
2019-09-11 04:25:51,563 [grpc-default-executor-0] INFO  client.GrpcClientProtocolClient (GrpcClientProtocolClient.java:onNext(264)) - client-734BBEB428D7->a5e38e3e-c2ad-4348-acb9-3fc25cfb14dd: receive RaftClientReply:client-734BBEB428D7->a5e38e3e-c2ad-4348-acb9-3fc25cfb14dd@group-7000B19605CB, cid=829, SUCCESS, logIndex=1090, commits[a5e38e3e-c2ad-4348-acb9-3fc25cfb14dd:c1091, 11e48d46-e648-47f9-b6a0-9c7f26654c28:c1089, d1b6a90e-e817-40a7-bec1-608b5cc7d8b6:c1089]
2019-09-11 04:25:51,563 [grpc-default-executor-0] INFO  client.GrpcClientProtocolClient (GrpcClientProtocolClient.java:onNext(264)) - client-734BBEB428D7->a5e38e3e-c2ad-4348-acb9-3fc25cfb14dd: receive RaftClientReply:client-734BBEB428D7->a5e38e3e-c2ad-4348-acb9-3fc25cfb14dd@group-7000B19605CB, cid=830, SUCCESS, logIndex=1091, commits[a5e38e3e-c2ad-4348-acb9-3fc25cfb14dd:c1091, 11e48d46-e648-47f9-b6a0-9c7f26654c28:c1089, d1b6a90e-e817-40a7-bec1-608b5cc7d8b6:c1089]
2019-09-11 04:25:51,564 [grpc-default-executor-0] INFO  client.GrpcClientProtocolClient (GrpcClientProtocolClient.java:onNext(264)) - client-734BBEB428D7->a5e38e3e-c2ad-4348-acb9-3fc25cfb14dd: receive RaftClientReply:client-734BBEB428D7->a5e38e3e-c2ad-4348-acb9-3fc25cfb14dd@group-7000B19605CB, cid=831, SUCCESS, logIndex=1092, commits[a5e38e3e-c2ad-4348-acb9-3fc25cfb14dd:c1093, 11e48d46-e648-47f9-b6a0-9c7f26654c28:c1089, d1b6a90e-e817-40a7-bec1-608b5cc7d8b6:c1089]
2019-09-11 04:25:51,564 [grpc-default-executor-0] INFO  client.GrpcClientProtocolClient (GrpcClientProtocolClient.java:onNext(264)) - client-734BBEB428D7->a5e38e3e-c2ad-4348-acb9-3fc25cfb14dd: receive RaftClientReply:client-734BBEB428D7->a5e38e3e-c2ad-4348-acb9-3fc25cfb14dd@group-7000B19605CB, cid=832, SUCCESS, logIndex=1093, commits[a5e38e3e-c2ad-4348-acb9-3fc25cfb14dd:c1093, 11e48d46-e648-47f9-b6a0-9c7f26654c28:c1089, d1b6a90e-e817-40a7-bec1-608b5cc7d8b6:c1089]
2019-09-11 04:25:51,565 [grpc-default-executor-0] INFO  client.GrpcClientProtocolClient (GrpcClientProtocolClient.java:onNext(264)) - client-734BBEB428D7->a5e38e3e-c2ad-4348-acb9-3fc25cfb14dd: receive RaftClientReply:client-734BBEB428D7->a5e38e3e-c2ad-4348-acb9-3fc25cfb14dd@group-7000B19605CB, cid=833, SUCCESS, logIndex=0, commits[a5e38e3e-c2ad-4348-acb9-3fc25cfb14dd:c1095, 11e48d46-e648-47f9-b6a0-9c7f26654c28:c1091, d1b6a90e-e817-40a7-bec1-608b5cc7d8b6:c1091]
2019-09-11 04:25:51,585 [grpc-default-executor-0] INFO  client.GrpcClientProtocolClient (GrpcClientProtocolClient.java:onNext(264)) - client-734BBEB428D7->a5e38e3e-c2ad-4348-acb9-3fc25cfb14dd: receive RaftClientReply:client-734BBEB428D7->a5e38e3e-c2ad-4348-acb9-3fc25cfb14dd@group-7000B19605CB, cid=834, SUCCESS, logIndex=1098, commits[a5e38e3e-c2ad-4348-acb9-3fc25cfb14dd:c1099, 11e48d46-e648-47f9-b6a0-9c7f26654c28:c1097, d1b6a90e-e817-40a7-bec1-608b5cc7d8b6:c1097]
2019-09-11 04:25:51,585 [grpc-default-executor-0] INFO  client.GrpcClientProtocolClient (GrpcClientProtocolClient.java:onNext(264)) - client-734BBEB428D7->a5e38e3e-c2ad-4348-acb9-3fc25cfb14dd: receive RaftClientReply:client-734BBEB428D7->a5e38e3e-c2ad-4348-acb9-3fc25cfb14dd@group-7000B19605CB, cid=835, SUCCESS, logIndex=1099, commits[a5e38e3e-c2ad-4348-acb9-3fc25cfb14dd:c1099, 11e48d46-e648-47f9-b6a0-9c7f26654c28:c1097, d1b6a90e-e817-40a7-bec1-608b5cc7d8b6:c1097]
2019-09-11 04:25:51,596 [grpc-default-executor-1] INFO  client.GrpcClientProtocolClient (GrpcClientProtocolClient.java:onNext(264)) - client-734BBEB428D7->a5e38e3e-c2ad-4348-acb9-3fc25cfb14dd: receive RaftClientReply:client-734BBEB428D7->a5e38e3e-c2ad-4348-acb9-3fc25cfb14dd@group-7000B19605CB, cid=836, SUCCESS, logIndex=1102, commits[a5e38e3e-c2ad-4348-acb9-3fc25cfb14dd:c1103, 11e48d46-e648-47f9-b6a0-9c7f26654c28:c1098, d1b6a90e-e817-40a7-bec1-608b5cc7d8b6:c1099]
2019-09-11 04:25:51,597 [grpc-default-executor-1] INFO  client.GrpcClientProtocolClient (GrpcClientProtocolClient.java:onNext(264)) - client-734BBEB428D7->a5e38e3e-c2ad-4348-acb9-3fc25cfb14dd: receive RaftClientReply:client-734BBEB428D7->a5e38e3e-c2ad-4348-acb9-3fc25cfb14dd@group-7000B19605CB, cid=837, SUCCESS, logIndex=1103, commits[a5e38e3e-c2ad-4348-acb9-3fc25cfb14dd:c1103, 11e48d46-e648-47f9-b6a0-9c7f26654c28:c1099, d1b6a90e-e817-40a7-bec1-608b5cc7d8b6:c1099]
2019-09-11 04:25:51,598 [grpc-default-executor-2] INFO  client.GrpcClientProtocolClient (GrpcClientProtocolClient.java:onNext(264)) - client-734BBEB428D7->a5e38e3e-c2ad-4348-acb9-3fc25cfb14dd: receive RaftClientReply:client-734BBEB428D7->a5e38e3e-c2ad-4348-acb9-3fc25cfb14dd@group-7000B19605CB, cid=838, SUCCESS, logIndex=0, commits[a5e38e3e-c2ad-4348-acb9-3fc25cfb14dd:c1104, 11e48d46-e648-47f9-b6a0-9c7f26654c28:c1103, d1b6a90e-e817-40a7-bec1-608b5cc7d8b6:c1103]
2019-09-11 04:25:51,615 [grpc-default-executor-0] INFO  client.GrpcClientProtocolClient (GrpcClientProtocolClient.java:onNext(264)) - client-734BBEB428D7->a5e38e3e-c2ad-4348-acb9-3fc25cfb14dd: receive RaftClientReply:client-734BBEB428D7->a5e38e3e-c2ad-4348-acb9-3fc25cfb14dd@group-7000B19605CB, cid=839, SUCCESS, logIndex=1106, commits[a5e38e3e-c2ad-4348-acb9-3fc25cfb14dd:c1109, 11e48d46-e648-47f9-b6a0-9c7f26654c28:c1105, d1b6a90e-e817-40a7-bec1-608b5cc7d8b6:c1105]
2019-09-11 04:25:51,616 [grpc-default-executor-0] INFO  client.GrpcClientProtocolClient (GrpcClientProtocolClient.java:onNext(264)) - client-734BBEB428D7->a5e38e3e-c2ad-4348-acb9-3fc25cfb14dd: receive RaftClientReply:client-734BBEB428D7->a5e38e3e-c2ad-4348-acb9-3fc25cfb14dd@group-7000B19605CB, cid=840, SUCCESS, logIndex=1107, commits[a5e38e3e-c2ad-4348-acb9-3fc25cfb14dd:c1109, 11e48d46-e648-47f9-b6a0-9c7f26654c28:c1105, d1b6a90e-e817-40a7-bec1-608b5cc7d8b6:c1105]
2019-09-11 04:25:51,616 [grpc-default-executor-0] INFO  client.GrpcClientProtocolClient (GrpcClientProtocolClient.java:onNext(264)) - client-734BBEB428D7->a5e38e3e-c2ad-4348-acb9-3fc25cfb14dd: receive RaftClientReply:client-734BBEB428D7->a5e38e3e-c2ad-4348-acb9-3fc25cfb14dd@group-7000B19605CB, cid=841, SUCCESS, logIndex=1108, commits[a5e38e3e-c2ad-4348-acb9-3fc25cfb14dd:c1109, 11e48d46-e648-47f9-b6a0-9c7f26654c28:c1105, d1b6a90e-e817-40a7-bec1-608b5cc7d8b6:c1105]
2019-09-11 04:25:51,616 [grpc-default-executor-0] INFO  client.GrpcClientProtocolClient (GrpcClientProtocolClient.java:onNext(264)) - client-734BBEB428D7->a5e38e3e-c2ad-4348-acb9-3fc25cfb14dd: receive RaftClientReply:client-734BBEB428D7->a5e38e3e-c2ad-4348-acb9-3fc25cfb14dd@group-7000B19605CB, cid=842, SUCCESS, logIndex=1109, commits[a5e38e3e-c2ad-4348-acb9-3fc25cfb14dd:c1109, 11e48d46-e648-47f9-b6a0-9c7f26654c28:c1105, d1b6a90e-e817-40a7-bec1-608b5cc7d8b6:c1105]
2019-09-11 04:25:51,618 [grpc-default-executor-0] INFO  client.GrpcClientProtocolClient (GrpcClientProtocolClient.java:onNext(264)) - client-734BBEB428D7->a5e38e3e-c2ad-4348-acb9-3fc25cfb14dd: receive RaftClientReply:client-734BBEB428D7->a5e38e3e-c2ad-4348-acb9-3fc25cfb14dd@group-7000B19605CB, cid=843, SUCCESS, logIndex=0, commits[a5e38e3e-c2ad-4348-acb9-3fc25cfb14dd:c1113, 11e48d46-e648-47f9-b6a0-9c7f26654c28:c1107, d1b6a90e-e817-40a7-bec1-608b5cc7d8b6:c1109]
2019-09-11 04:25:51,636 [grpc-default-executor-1] INFO  client.GrpcClientProtocolClient (GrpcClientProtocolClient.java:onNext(264)) - client-734BBEB428D7->a5e38e3e-c2ad-4348-acb9-3fc25cfb14dd: receive RaftClientReply:client-734BBEB428D7->a5e38e3e-c2ad-4348-acb9-3fc25cfb14dd@group-7000B19605CB, cid=844, SUCCESS, logIndex=1114, commits[a5e38e3e-c2ad-4348-acb9-3fc25cfb14dd:c1115, 11e48d46-e648-47f9-b6a0-9c7f26654c28:c1113, d1b6a90e-e817-40a7-bec1-608b5cc7d8b6:c1109]
2019-09-11 04:25:51,637 [grpc-default-executor-1] INFO  client.GrpcClientProtocolClient (GrpcClientProtocolClient.java:onNext(264)) - client-734BBEB428D7->a5e38e3e-c2ad-4348-acb9-3fc25cfb14dd: receive RaftClientReply:client-734BBEB428D7->a5e38e3e-c2ad-4348-acb9-3fc25cfb14dd@group-7000B19605CB, cid=845, SUCCESS, logIndex=1115, commits[a5e38e3e-c2ad-4348-acb9-3fc25cfb14dd:c1115, 11e48d46-e648-47f9-b6a0-9c7f26654c28:c1113, d1b6a90e-e817-40a7-bec1-608b5cc7d8b6:c1113]
2019-09-11 04:25:51,654 [grpc-default-executor-1] INFO  client.GrpcClientProtocolClient (GrpcClientProtocolClient.java:onNext(264)) - client-734BBEB428D7->a5e38e3e-c2ad-4348-acb9-3fc25cfb14dd: receive RaftClientReply:client-734BBEB428D7->a5e38e3e-c2ad-4348-acb9-3fc25cfb14dd@group-7000B19605CB, cid=846, SUCCESS, logIndex=1118, commits[a5e38e3e-c2ad-4348-acb9-3fc25cfb14dd:c1119, 11e48d46-e648-47f9-b6a0-9c7f26654c28:c1117, d1b6a90e-e817-40a7-bec1-608b5cc7d8b6:c1117]
2019-09-11 04:25:51,654 [grpc-default-executor-1] INFO  client.GrpcClientProtocolClient (GrpcClientProtocolClient.java:onNext(264)) - client-734BBEB428D7->a5e38e3e-c2ad-4348-acb9-3fc25cfb14dd: receive RaftClientReply:client-734BBEB428D7->a5e38e3e-c2ad-4348-acb9-3fc25cfb14dd@group-7000B19605CB, cid=847, SUCCESS, logIndex=1119, commits[a5e38e3e-c2ad-4348-acb9-3fc25cfb14dd:c1119, 11e48d46-e648-47f9-b6a0-9c7f26654c28:c1117, d1b6a90e-e817-40a7-bec1-608b5cc7d8b6:c1117]
2019-09-11 04:25:51,664 [grpc-default-executor-2] INFO  client.GrpcClientProtocolClient (GrpcClientProtocolClient.java:onNext(264)) - client-734BBEB428D7->a5e38e3e-c2ad-4348-acb9-3fc25cfb14dd: receive RaftClientReply:client-734BBEB428D7->a5e38e3e-c2ad-4348-acb9-3fc25cfb14dd@group-7000B19605CB, cid=848, SUCCESS, logIndex=0, commits[a5e38e3e-c2ad-4348-acb9-3fc25cfb14dd:c1120, 11e48d46-e648-47f9-b6a0-9c7f26654c28:c1119, d1b6a90e-e817-40a7-bec1-608b5cc7d8b6:c1119]
2019-09-11 04:25:51,779 [grpc-default-executor-0] INFO  client.GrpcClientProtocolClient (GrpcClientProtocolClient.java:onNext(264)) - client-734BBEB428D7->a5e38e3e-c2ad-4348-acb9-3fc25cfb14dd: receive RaftClientReply:client-734BBEB428D7->a5e38e3e-c2ad-4348-acb9-3fc25cfb14dd@group-7000B19605CB, cid=849, SUCCESS, logIndex=1122, commits[a5e38e3e-c2ad-4348-acb9-3fc25cfb14dd:c1125, 11e48d46-e648-47f9-b6a0-9c7f26654c28:c1121, d1b6a90e-e817-40a7-bec1-608b5cc7d8b6:c1121]
2019-09-11 04:25:51,779 [grpc-default-executor-0] INFO  client.GrpcClientProtocolClient (GrpcClientProtocolClient.java:onNext(264)) - client-734BBEB428D7->a5e38e3e-c2ad-4348-acb9-3fc25cfb14dd: receive RaftClientReply:client-734BBEB428D7->a5e38e3e-c2ad-4348-acb9-3fc25cfb14dd@group-7000B19605CB, cid=850, SUCCESS, logIndex=1123, commits[a5e38e3e-c2ad-4348-acb9-3fc25cfb14dd:c1125, 11e48d46-e648-47f9-b6a0-9c7f26654c28:c1121, d1b6a90e-e817-40a7-bec1-608b5cc7d8b6:c1121]
2019-09-11 04:25:51,780 [grpc-default-executor-0] INFO  client.GrpcClientProtocolClient (GrpcClientProtocolClient.java:onNext(264)) - client-734BBEB428D7->a5e38e3e-c2ad-4348-acb9-3fc25cfb14dd: receive RaftClientReply:client-734BBEB428D7->a5e38e3e-c2ad-4348-acb9-3fc25cfb14dd@group-7000B19605CB, cid=851, SUCCESS, logIndex=1124, commits[a5e38e3e-c2ad-4348-acb9-3fc25cfb14dd:c1125, 11e48d46-e648-47f9-b6a0-9c7f26654c28:c1121, d1b6a90e-e817-40a7-bec1-608b5cc7d8b6:c1121]
2019-09-11 04:25:51,780 [grpc-default-executor-0] INFO  client.GrpcClientProtocolClient (GrpcClientProtocolClient.java:onNext(264)) - client-734BBEB428D7->a5e38e3e-c2ad-4348-acb9-3fc25cfb14dd: receive RaftClientReply:client-734BBEB428D7->a5e38e3e-c2ad-4348-acb9-3fc25cfb14dd@group-7000B19605CB, cid=852, SUCCESS, logIndex=1125, commits[a5e38e3e-c2ad-4348-acb9-3fc25cfb14dd:c1125, 11e48d46-e648-47f9-b6a0-9c7f26654c28:c1121, d1b6a90e-e817-40a7-bec1-608b5cc7d8b6:c1121]
2019-09-11 04:25:51,792 [grpc-default-executor-0] INFO  client.GrpcClientProtocolClient (GrpcClientProtocolClient.java:onNext(264)) - client-734BBEB428D7->a5e38e3e-c2ad-4348-acb9-3fc25cfb14dd: receive RaftClientReply:client-734BBEB428D7->a5e38e3e-c2ad-4348-acb9-3fc25cfb14dd@group-7000B19605CB, cid=853, SUCCESS, logIndex=0, commits[a5e38e3e-c2ad-4348-acb9-3fc25cfb14dd:c1129, 11e48d46-e648-47f9-b6a0-9c7f26654c28:c1123, d1b6a90e-e817-40a7-bec1-608b5cc7d8b6:c1125]
2019-09-11 04:25:51,813 [grpc-default-executor-1] INFO  client.GrpcClientProtocolClient (GrpcClientProtocolClient.java:onNext(264)) - client-734BBEB428D7->a5e38e3e-c2ad-4348-acb9-3fc25cfb14dd: receive RaftClientReply:client-734BBEB428D7->a5e38e3e-c2ad-4348-acb9-3fc25cfb14dd@group-7000B19605CB, cid=854, SUCCESS, logIndex=1130, commits[a5e38e3e-c2ad-4348-acb9-3fc25cfb14dd:c1131, 11e48d46-e648-47f9-b6a0-9c7f26654c28:c1129, d1b6a90e-e817-40a7-bec1-608b5cc7d8b6:c1129]
2019-09-11 04:25:51,813 [grpc-default-executor-1] INFO  client.GrpcClientProtocolClient (GrpcClientProtocolClient.java:onNext(264)) - client-734BBEB428D7->a5e38e3e-c2ad-4348-acb9-3fc25cfb14dd: receive RaftClientReply:client-734BBEB428D7->a5e38e3e-c2ad-4348-acb9-3fc25cfb14dd@group-7000B19605CB, cid=855, SUCCESS, logIndex=1131, commits[a5e38e3e-c2ad-4348-acb9-3fc25cfb14dd:c1131, 11e48d46-e648-47f9-b6a0-9c7f26654c28:c1129, d1b6a90e-e817-40a7-bec1-608b5cc7d8b6:c1129]
2019-09-11 04:25:51,826 [grpc-default-executor-0] INFO  client.GrpcClientProtocolClient (GrpcClientProtocolClient.java:onNext(264)) - client-734BBEB428D7->a5e38e3e-c2ad-4348-acb9-3fc25cfb14dd: receive RaftClientReply:client-734BBEB428D7->a5e38e3e-c2ad-4348-acb9-3fc25cfb14dd@group-7000B19605CB, cid=856, SUCCESS, logIndex=1134, commits[a5e38e3e-c2ad-4348-acb9-3fc25cfb14dd:c1135, 11e48d46-e648-47f9-b6a0-9c7f26654c28:c1130, d1b6a90e-e817-40a7-bec1-608b5cc7d8b6:c1131]
2019-09-11 04:25:51,826 [grpc-default-executor-0] INFO  client.GrpcClientProtocolClient (GrpcClientProtocolClient.java:onNext(264)) - client-734BBEB428D7->a5e38e3e-c2ad-4348-acb9-3fc25cfb14dd: receive RaftClientReply:client-734BBEB428D7->a5e38e3e-c2ad-4348-acb9-3fc25cfb14dd@group-7000B19605CB, cid=857, SUCCESS, logIndex=1135, commits[a5e38e3e-c2ad-4348-acb9-3fc25cfb14dd:c1135, 11e48d46-e648-47f9-b6a0-9c7f26654c28:c1130, d1b6a90e-e817-40a7-bec1-608b5cc7d8b6:c1131]
2019-09-11 04:25:51,828 [grpc-default-executor-1] INFO  client.GrpcClientProtocolClient (GrpcClientProtocolClient.java:onNext(264)) - client-734BBEB428D7->a5e38e3e-c2ad-4348-acb9-3fc25cfb14dd: receive RaftClientReply:client-734BBEB428D7->a5e38e3e-c2ad-4348-acb9-3fc25cfb14dd@group-7000B19605CB, cid=858, SUCCESS, logIndex=0, commits[a5e38e3e-c2ad-4348-acb9-3fc25cfb14dd:c1136, 11e48d46-e648-47f9-b6a0-9c7f26654c28:c1131, d1b6a90e-e817-40a7-bec1-608b5cc7d8b6:c1134]
2019-09-11 04:25:51,829 [grpc-default-executor-1] INFO  client.GrpcClientProtocolClient (GrpcClientProtocolClient.java:onNext(264)) - client-734BBEB428D7->a5e38e3e-c2ad-4348-acb9-3fc25cfb14dd: receive RaftClientReply:client-734BBEB428D7->a5e38e3e-c2ad-4348-acb9-3fc25cfb14dd@group-7000B19605CB, cid=859, SUCCESS, logIndex=0, commits[a5e38e3e-c2ad-4348-acb9-3fc25cfb14dd:c1137, 11e48d46-e648-47f9-b6a0-9c7f26654c28:c1135, d1b6a90e-e817-40a7-bec1-608b5cc7d8b6:c1135]
2019-09-11 04:25:51,849 [grpc-default-executor-0] INFO  client.GrpcClientProtocolClient (GrpcClientProtocolClient.java:onNext(264)) - client-734BBEB428D7->a5e38e3e-c2ad-4348-acb9-3fc25cfb14dd: receive RaftClientReply:client-734BBEB428D7->a5e38e3e-c2ad-4348-acb9-3fc25cfb14dd@group-7000B19605CB, cid=860, SUCCESS, logIndex=1138, commits[a5e38e3e-c2ad-4348-acb9-3fc25cfb14dd:c1141, 11e48d46-e648-47f9-b6a0-9c7f26654c28:c1137, d1b6a90e-e817-40a7-bec1-608b5cc7d8b6:c1137]
2019-09-11 04:25:51,849 [grpc-default-executor-0] INFO  client.GrpcClientProtocolClient (GrpcClientProtocolClient.java:onNext(264)) - client-734BBEB428D7->a5e38e3e-c2ad-4348-acb9-3fc25cfb14dd: receive RaftClientReply:client-734BBEB428D7->a5e38e3e-c2ad-4348-acb9-3fc25cfb14dd@group-7000B19605CB, cid=861, SUCCESS, logIndex=1139, commits[a5e38e3e-c2ad-4348-acb9-3fc25cfb14dd:c1141, 11e48d46-e648-47f9-b6a0-9c7f26654c28:c1137, d1b6a90e-e817-40a7-bec1-608b5cc7d8b6:c1137]
2019-09-11 04:25:51,850 [grpc-default-executor-0] INFO  client.GrpcClientProtocolClient (GrpcClientProtocolClient.java:onNext(264)) - client-734BBEB428D7->a5e38e3e-c2ad-4348-acb9-3fc25cfb14dd: receive RaftClientReply:client-734BBEB428D7->a5e38e3e-c2ad-4348-acb9-3fc25cfb14dd@group-7000B19605CB, cid=862, SUCCESS, logIndex=1140, commits[a5e38e3e-c2ad-4348-acb9-3fc25cfb14dd:c1141, 11e48d46-e648-47f9-b6a0-9c7f26654c28:c1137, d1b6a90e-e817-40a7-bec1-608b5cc7d8b6:c1137]
2019-09-11 04:25:51,850 [grpc-default-executor-0] INFO  client.GrpcClientProtocolClient (GrpcClientProtocolClient.java:onNext(264)) - client-734BBEB428D7->a5e38e3e-c2ad-4348-acb9-3fc25cfb14dd: receive RaftClientReply:client-734BBEB428D7->a5e38e3e-c2ad-4348-acb9-3fc25cfb14dd@group-7000B19605CB, cid=863, SUCCESS, logIndex=1141, commits[a5e38e3e-c2ad-4348-acb9-3fc25cfb14dd:c1142, 11e48d46-e648-47f9-b6a0-9c7f26654c28:c1138, d1b6a90e-e817-40a7-bec1-608b5cc7d8b6:c1137]
2019-09-11 04:25:51,851 [grpc-default-executor-0] INFO  client.GrpcClientProtocolClient (GrpcClientProtocolClient.java:onNext(264)) - client-734BBEB428D7->a5e38e3e-c2ad-4348-acb9-3fc25cfb14dd: receive RaftClientReply:client-734BBEB428D7->a5e38e3e-c2ad-4348-acb9-3fc25cfb14dd@group-7000B19605CB, cid=864, SUCCESS, logIndex=0, commits[a5e38e3e-c2ad-4348-acb9-3fc25cfb14dd:c1143, 11e48d46-e648-47f9-b6a0-9c7f26654c28:c1139, d1b6a90e-e817-40a7-bec1-608b5cc7d8b6:c1139]
2019-09-11 04:25:51,870 [grpc-default-executor-2] INFO  client.GrpcClientProtocolClient (GrpcClientProtocolClient.java:onNext(264)) - client-734BBEB428D7->a5e38e3e-c2ad-4348-acb9-3fc25cfb14dd: receive RaftClientReply:client-734BBEB428D7->a5e38e3e-c2ad-4348-acb9-3fc25cfb14dd@group-7000B19605CB, cid=865, SUCCESS, logIndex=1146, commits[a5e38e3e-c2ad-4348-acb9-3fc25cfb14dd:c1147, 11e48d46-e648-47f9-b6a0-9c7f26654c28:c1145, d1b6a90e-e817-40a7-bec1-608b5cc7d8b6:c1145]
2019-09-11 04:25:51,871 [grpc-default-executor-2] INFO  client.GrpcClientProtocolClient (GrpcClientProtocolClient.java:onNext(264)) - client-734BBEB428D7->a5e38e3e-c2ad-4348-acb9-3fc25cfb14dd: receive RaftClientReply:client-734BBEB428D7->a5e38e3e-c2ad-4348-acb9-3fc25cfb14dd@group-7000B19605CB, cid=866, SUCCESS, logIndex=1147, commits[a5e38e3e-c2ad-4348-acb9-3fc25cfb14dd:c1147, 11e48d46-e648-47f9-b6a0-9c7f26654c28:c1145, d1b6a90e-e817-40a7-bec1-608b5cc7d8b6:c1145]
2019-09-11 04:25:51,883 [grpc-default-executor-2] INFO  client.GrpcClientProtocolClient (GrpcClientProtocolClient.java:onNext(264)) - client-734BBEB428D7->a5e38e3e-c2ad-4348-acb9-3fc25cfb14dd: receive RaftClientReply:client-734BBEB428D7->a5e38e3e-c2ad-4348-acb9-3fc25cfb14dd@group-7000B19605CB, cid=867, SUCCESS, logIndex=1150, commits[a5e38e3e-c2ad-4348-acb9-3fc25cfb14dd:c1151, 11e48d46-e648-47f9-b6a0-9c7f26654c28:c1147, d1b6a90e-e817-40a7-bec1-608b5cc7d8b6:c1147]
2019-09-11 04:25:51,883 [grpc-default-executor-2] INFO  client.GrpcClientProtocolClient (GrpcClientProtocolClient.java:onNext(264)) - client-734BBEB428D7->a5e38e3e-c2ad-4348-acb9-3fc25cfb14dd: receive RaftClientReply:client-734BBEB428D7->a5e38e3e-c2ad-4348-acb9-3fc25cfb14dd@group-7000B19605CB, cid=868, SUCCESS, logIndex=1151, commits[a5e38e3e-c2ad-4348-acb9-3fc25cfb14dd:c1151, 11e48d46-e648-47f9-b6a0-9c7f26654c28:c1147, d1b6a90e-e817-40a7-bec1-608b5cc7d8b6:c1147]
2019-09-11 04:25:51,896 [grpc-default-executor-2] INFO  client.GrpcClientProtocolClient (GrpcClientProtocolClient.java:onNext(264)) - client-734BBEB428D7->a5e38e3e-c2ad-4348-acb9-3fc25cfb14dd: receive RaftClientReply:client-734BBEB428D7->a5e38e3e-c2ad-4348-acb9-3fc25cfb14dd@group-7000B19605CB, cid=869, SUCCESS, logIndex=0, commits[a5e38e3e-c2ad-4348-acb9-3fc25cfb14dd:c1153, 11e48d46-e648-47f9-b6a0-9c7f26654c28:c1151, d1b6a90e-e817-40a7-bec1-608b5cc7d8b6:c1151]
2019-09-11 04:25:51,915 [grpc-default-executor-0] INFO  client.GrpcClientProtocolClient (GrpcClientProtocolClient.java:onNext(264)) - client-734BBEB428D7->a5e38e3e-c2ad-4348-acb9-3fc25cfb14dd: receive RaftClientReply:client-734BBEB428D7->a5e38e3e-c2ad-4348-acb9-3fc25cfb14dd@group-7000B19605CB, cid=870, SUCCESS, logIndex=1154, commits[a5e38e3e-c2ad-4348-acb9-3fc25cfb14dd:c1155, 11e48d46-e648-47f9-b6a0-9c7f26654c28:c1153, d1b6a90e-e817-40a7-bec1-608b5cc7d8b6:c1153]
2019-09-11 04:25:51,915 [grpc-default-executor-0] INFO  client.GrpcClientProtocolClient (GrpcClientProtocolClient.java:onNext(264)) - client-734BBEB428D7->a5e38e3e-c2ad-4348-acb9-3fc25cfb14dd: receive RaftClientReply:client-734BBEB428D7->a5e38e3e-c2ad-4348-acb9-3fc25cfb14dd@group-7000B19605CB, cid=871, SUCCESS, logIndex=1155, commits[a5e38e3e-c2ad-4348-acb9-3fc25cfb14dd:c1155, 11e48d46-e648-47f9-b6a0-9c7f26654c28:c1153, d1b6a90e-e817-40a7-bec1-608b5cc7d8b6:c1153]
2019-09-11 04:25:51,916 [grpc-default-executor-1] INFO  client.GrpcClientProtocolClient (GrpcClientProtocolClient.java:onNext(264)) - client-734BBEB428D7->a5e38e3e-c2ad-4348-acb9-3fc25cfb14dd: receive RaftClientReply:client-734BBEB428D7->a5e38e3e-c2ad-4348-acb9-3fc25cfb14dd@group-7000B19605CB, cid=872, SUCCESS, logIndex=1156, commits[a5e38e3e-c2ad-4348-acb9-3fc25cfb14dd:c1157, 11e48d46-e648-47f9-b6a0-9c7f26654c28:c1153, d1b6a90e-e817-40a7-bec1-608b5cc7d8b6:c1153]
2019-09-11 04:25:51,917 [grpc-default-executor-1] INFO  client.GrpcClientProtocolClient (GrpcClientProtocolClient.java:onNext(264)) - client-734BBEB428D7->a5e38e3e-c2ad-4348-acb9-3fc25cfb14dd: receive RaftClientReply:client-734BBEB428D7->a5e38e3e-c2ad-4348-acb9-3fc25cfb14dd@group-7000B19605CB, cid=873, SUCCESS, logIndex=1157, commits[a5e38e3e-c2ad-4348-acb9-3fc25cfb14dd:c1157, 11e48d46-e648-47f9-b6a0-9c7f26654c28:c1153, d1b6a90e-e817-40a7-bec1-608b5cc7d8b6:c1153]
2019-09-11 04:25:51,917 [grpc-default-executor-0] INFO  client.GrpcClientProtocolClient (GrpcClientProtocolClient.java:onNext(264)) - client-734BBEB428D7->a5e38e3e-c2ad-4348-acb9-3fc25cfb14dd: receive RaftClientReply:client-734BBEB428D7->a5e38e3e-c2ad-4348-acb9-3fc25cfb14dd@group-7000B19605CB, cid=874, SUCCESS, logIndex=0, commits[a5e38e3e-c2ad-4348-acb9-3fc25cfb14dd:c1159, 11e48d46-e648-47f9-b6a0-9c7f26654c28:c1155, d1b6a90e-e817-40a7-bec1-608b5cc7d8b6:c1155]
2019-09-11 04:25:51,936 [grpc-default-executor-1] INFO  client.GrpcClientProtocolClient (GrpcClientProtocolClient.java:onNext(264)) - client-734BBEB428D7->a5e38e3e-c2ad-4348-acb9-3fc25cfb14dd: receive RaftClientReply:client-734BBEB428D7->a5e38e3e-c2ad-4348-acb9-3fc25cfb14dd@group-7000B19605CB, cid=875, SUCCESS, logIndex=1162, commits[a5e38e3e-c2ad-4348-acb9-3fc25cfb14dd:c1162, 11e48d46-e648-47f9-b6a0-9c7f26654c28:c1161, d1b6a90e-e817-40a7-bec1-608b5cc7d8b6:c1161]
2019-09-11 04:25:51,937 [grpc-default-executor-1] INFO  client.GrpcClientProtocolClient (GrpcClientProtocolClient.java:onNext(264)) - client-734BBEB428D7->a5e38e3e-c2ad-4348-acb9-3fc25cfb14dd: receive RaftClientReply:client-734BBEB428D7->a5e38e3e-c2ad-4348-acb9-3fc25cfb14dd@group-7000B19605CB, cid=876, SUCCESS, logIndex=1163, commits[a5e38e3e-c2ad-4348-acb9-3fc25cfb14dd:c1163, 11e48d46-e648-47f9-b6a0-9c7f26654c28:c1161, d1b6a90e-e817-40a7-bec1-608b5cc7d8b6:c1161]
2019-09-11 04:25:51,983 [grpc-default-executor-3] INFO  client.GrpcClientProtocolClient (GrpcClientProtocolClient.java:onNext(264)) - client-734BBEB428D7->a5e38e3e-c2ad-4348-acb9-3fc25cfb14dd: receive RaftClientReply:client-734BBEB428D7->a5e38e3e-c2ad-4348-acb9-3fc25cfb14dd@group-7000B19605CB, cid=877, SUCCESS, logIndex=1166, commits[a5e38e3e-c2ad-4348-acb9-3fc25cfb14dd:c1167, 11e48d46-e648-47f9-b6a0-9c7f26654c28:c1163, d1b6a90e-e817-40a7-bec1-608b5cc7d8b6:c1163]
2019-09-11 04:25:51,984 [grpc-default-executor-3] INFO  client.GrpcClientProtocolClient (GrpcClientProtocolClient.java:onNext(264)) - client-734BBEB428D7->a5e38e3e-c2ad-4348-acb9-3fc25cfb14dd: receive RaftClientReply:client-734BBEB428D7->a5e38e3e-c2ad-4348-acb9-3fc25cfb14dd@group-7000B19605CB, cid=878, SUCCESS, logIndex=1167, commits[a5e38e3e-c2ad-4348-acb9-3fc25cfb14dd:c1167, 11e48d46-e648-47f9-b6a0-9c7f26654c28:c1163, d1b6a90e-e817-40a7-bec1-608b5cc7d8b6:c1163]
2019-09-11 04:25:51,993 [grpc-default-executor-3] INFO  client.GrpcClientProtocolClient (GrpcClientProtocolClient.java:onNext(264)) - client-734BBEB428D7->a5e38e3e-c2ad-4348-acb9-3fc25cfb14dd: receive RaftClientReply:client-734BBEB428D7->a5e38e3e-c2ad-4348-acb9-3fc25cfb14dd@group-7000B19605CB, cid=879, SUCCESS, logIndex=0, commits[a5e38e3e-c2ad-4348-acb9-3fc25cfb14dd:c1168, 11e48d46-e648-47f9-b6a0-9c7f26654c28:c1167, d1b6a90e-e817-40a7-bec1-608b5cc7d8b6:c1167]
2019-09-11 04:25:52,013 [grpc-default-executor-3] INFO  client.GrpcClientProtocolClient (GrpcClientProtocolClient.java:onNext(264)) - client-734BBEB428D7->a5e38e3e-c2ad-4348-acb9-3fc25cfb14dd: receive RaftClientReply:client-734BBEB428D7->a5e38e3e-c2ad-4348-acb9-3fc25cfb14dd@group-7000B19605CB, cid=880, SUCCESS, logIndex=1170, commits[a5e38e3e-c2ad-4348-acb9-3fc25cfb14dd:c1171, 11e48d46-e648-47f9-b6a0-9c7f26654c28:c1169, d1b6a90e-e817-40a7-bec1-608b5cc7d8b6:c1169]
2019-09-11 04:25:52,014 [grpc-default-executor-3] INFO  client.GrpcClientProtocolClient (GrpcClientProtocolClient.java:onNext(264)) - client-734BBEB428D7->a5e38e3e-c2ad-4348-acb9-3fc25cfb14dd: receive RaftClientReply:client-734BBEB428D7->a5e38e3e-c2ad-4348-acb9-3fc25cfb14dd@group-7000B19605CB, cid=881, SUCCESS, logIndex=1171, commits[a5e38e3e-c2ad-4348-acb9-3fc25cfb14dd:c1171, 11e48d46-e648-47f9-b6a0-9c7f26654c28:c1169, d1b6a90e-e817-40a7-bec1-608b5cc7d8b6:c1169]
2019-09-11 04:25:52,015 [grpc-default-executor-2] INFO  client.GrpcClientProtocolClient (GrpcClientProtocolClient.java:onNext(264)) - client-734BBEB428D7->a5e38e3e-c2ad-4348-acb9-3fc25cfb14dd: receive RaftClientReply:client-734BBEB428D7->a5e38e3e-c2ad-4348-acb9-3fc25cfb14dd@group-7000B19605CB, cid=882, SUCCESS, logIndex=1172, commits[a5e38e3e-c2ad-4348-acb9-3fc25cfb14dd:c1172, 11e48d46-e648-47f9-b6a0-9c7f26654c28:c1169, d1b6a90e-e817-40a7-bec1-608b5cc7d8b6:c1169]
2019-09-11 04:25:52,015 [grpc-default-executor-2] INFO  client.GrpcClientProtocolClient (GrpcClientProtocolClient.java:onNext(264)) - client-734BBEB428D7->a5e38e3e-c2ad-4348-acb9-3fc25cfb14dd: receive RaftClientReply:client-734BBEB428D7->a5e38e3e-c2ad-4348-acb9-3fc25cfb14dd@group-7000B19605CB, cid=883, SUCCESS, logIndex=1173, commits[a5e38e3e-c2ad-4348-acb9-3fc25cfb14dd:c1173, 11e48d46-e648-47f9-b6a0-9c7f26654c28:c1169, d1b6a90e-e817-40a7-bec1-608b5cc7d8b6:c1169]
2019-09-11 04:25:52,017 [grpc-default-executor-3] INFO  client.GrpcClientProtocolClient (GrpcClientProtocolClient.java:onNext(264)) - client-734BBEB428D7->a5e38e3e-c2ad-4348-acb9-3fc25cfb14dd: receive RaftClientReply:client-734BBEB428D7->a5e38e3e-c2ad-4348-acb9-3fc25cfb14dd@group-7000B19605CB, cid=884, SUCCESS, logIndex=0, commits[a5e38e3e-c2ad-4348-acb9-3fc25cfb14dd:c1176, 11e48d46-e648-47f9-b6a0-9c7f26654c28:c1171, d1b6a90e-e817-40a7-bec1-608b5cc7d8b6:c1172]
2019-09-11 04:25:52,034 [grpc-default-executor-3] INFO  client.GrpcClientProtocolClient (GrpcClientProtocolClient.java:onNext(264)) - client-734BBEB428D7->a5e38e3e-c2ad-4348-acb9-3fc25cfb14dd: receive RaftClientReply:client-734BBEB428D7->a5e38e3e-c2ad-4348-acb9-3fc25cfb14dd@group-7000B19605CB, cid=885, SUCCESS, logIndex=1178, commits[a5e38e3e-c2ad-4348-acb9-3fc25cfb14dd:c1178, 11e48d46-e648-47f9-b6a0-9c7f26654c28:c1177, d1b6a90e-e817-40a7-bec1-608b5cc7d8b6:c1177]
2019-09-11 04:25:52,035 [grpc-default-executor-3] INFO  client.GrpcClientProtocolClient (GrpcClientProtocolClient.java:onNext(264)) - client-734BBEB428D7->a5e38e3e-c2ad-4348-acb9-3fc25cfb14dd: receive RaftClientReply:client-734BBEB428D7->a5e38e3e-c2ad-4348-acb9-3fc25cfb14dd@group-7000B19605CB, cid=886, SUCCESS, logIndex=1179, commits[a5e38e3e-c2ad-4348-acb9-3fc25cfb14dd:c1179, 11e48d46-e648-47f9-b6a0-9c7f26654c28:c1177, d1b6a90e-e817-40a7-bec1-608b5cc7d8b6:c1177]
2019-09-11 04:25:52,055 [grpc-default-executor-0] INFO  client.GrpcClientProtocolClient (GrpcClientProtocolClient.java:onNext(264)) - client-734BBEB428D7->a5e38e3e-c2ad-4348-acb9-3fc25cfb14dd: receive RaftClientReply:client-734BBEB428D7->a5e38e3e-c2ad-4348-acb9-3fc25cfb14dd@group-7000B19605CB, cid=887, SUCCESS, logIndex=1182, commits[a5e38e3e-c2ad-4348-acb9-3fc25cfb14dd:c1183, 11e48d46-e648-47f9-b6a0-9c7f26654c28:c1179, d1b6a90e-e817-40a7-bec1-608b5cc7d8b6:c1178]
2019-09-11 04:25:52,055 [grpc-default-executor-0] INFO  client.GrpcClientProtocolClient (GrpcClientProtocolClient.java:onNext(264)) - client-734BBEB428D7->a5e38e3e-c2ad-4348-acb9-3fc25cfb14dd: receive RaftClientReply:client-734BBEB428D7->a5e38e3e-c2ad-4348-acb9-3fc25cfb14dd@group-7000B19605CB, cid=888, SUCCESS, logIndex=1183, commits[a5e38e3e-c2ad-4348-acb9-3fc25cfb14dd:c1183, 11e48d46-e648-47f9-b6a0-9c7f26654c28:c1179, d1b6a90e-e817-40a7-bec1-608b5cc7d8b6:c1179]
2019-09-11 04:25:52,056 [grpc-default-executor-3] INFO  client.GrpcClientProtocolClient (GrpcClientProtocolClient.java:onNext(264)) - client-734BBEB428D7->a5e38e3e-c2ad-4348-acb9-3fc25cfb14dd: receive RaftClientReply:client-734BBEB428D7->a5e38e3e-c2ad-4348-acb9-3fc25cfb14dd@group-7000B19605CB, cid=889, SUCCESS, logIndex=0, commits[a5e38e3e-c2ad-4348-acb9-3fc25cfb14dd:c1184, 11e48d46-e648-47f9-b6a0-9c7f26654c28:c1183, d1b6a90e-e817-40a7-bec1-608b5cc7d8b6:c1183]
2019-09-11 04:25:52,077 [grpc-default-executor-0] INFO  client.GrpcClientProtocolClient (GrpcClientProtocolClient.java:onNext(264)) - client-734BBEB428D7->a5e38e3e-c2ad-4348-acb9-3fc25cfb14dd: receive RaftClientReply:client-734BBEB428D7->a5e38e3e-c2ad-4348-acb9-3fc25cfb14dd@group-7000B19605CB, cid=890, SUCCESS, logIndex=1185, commits[a5e38e3e-c2ad-4348-acb9-3fc25cfb14dd:c1188, 11e48d46-e648-47f9-b6a0-9c7f26654c28:c1184, d1b6a90e-e817-40a7-bec1-608b5cc7d8b6:c1184]
2019-09-11 04:25:52,078 [grpc-default-executor-0] INFO  client.GrpcClientProtocolClient (GrpcClientProtocolClient.java:onNext(264)) - client-734BBEB428D7->a5e38e3e-c2ad-4348-acb9-3fc25cfb14dd: receive RaftClientReply:client-734BBEB428D7->a5e38e3e-c2ad-4348-acb9-3fc25cfb14dd@group-7000B19605CB, cid=891, SUCCESS, logIndex=1186, commits[a5e38e3e-c2ad-4348-acb9-3fc25cfb14dd:c1188, 11e48d46-e648-47f9-b6a0-9c7f26654c28:c1184, d1b6a90e-e817-40a7-bec1-608b5cc7d8b6:c1184]
2019-09-11 04:25:52,078 [grpc-default-executor-0] INFO  client.GrpcClientProtocolClient (GrpcClientProtocolClient.java:onNext(264)) - client-734BBEB428D7->a5e38e3e-c2ad-4348-acb9-3fc25cfb14dd: receive RaftClientReply:client-734BBEB428D7->a5e38e3e-c2ad-4348-acb9-3fc25cfb14dd@group-7000B19605CB, cid=892, SUCCESS, logIndex=1187, commits[a5e38e3e-c2ad-4348-acb9-3fc25cfb14dd:c1188, 11e48d46-e648-47f9-b6a0-9c7f26654c28:c1184, d1b6a90e-e817-40a7-bec1-608b5cc7d8b6:c1184]
2019-09-11 04:25:52,078 [grpc-default-executor-0] INFO  client.GrpcClientProtocolClient (GrpcClientProtocolClient.java:onNext(264)) - client-734BBEB428D7->a5e38e3e-c2ad-4348-acb9-3fc25cfb14dd: receive RaftClientReply:client-734BBEB428D7->a5e38e3e-c2ad-4348-acb9-3fc25cfb14dd@group-7000B19605CB, cid=893, SUCCESS, logIndex=1188, commits[a5e38e3e-c2ad-4348-acb9-3fc25cfb14dd:c1188, 11e48d46-e648-47f9-b6a0-9c7f26654c28:c1184, d1b6a90e-e817-40a7-bec1-608b5cc7d8b6:c1184]
2019-09-11 04:25:52,080 [grpc-default-executor-0] INFO  client.GrpcClientProtocolClient (GrpcClientProtocolClient.java:onNext(264)) - client-734BBEB428D7->a5e38e3e-c2ad-4348-acb9-3fc25cfb14dd: receive RaftClientReply:client-734BBEB428D7->a5e38e3e-c2ad-4348-acb9-3fc25cfb14dd@group-7000B19605CB, cid=894, SUCCESS, logIndex=0, commits[a5e38e3e-c2ad-4348-acb9-3fc25cfb14dd:c1190, 11e48d46-e648-47f9-b6a0-9c7f26654c28:c1186, d1b6a90e-e817-40a7-bec1-608b5cc7d8b6:c1186]
2019-09-11 04:25:52,101 [grpc-default-executor-0] INFO  client.GrpcClientProtocolClient (GrpcClientProtocolClient.java:onNext(264)) - client-734BBEB428D7->a5e38e3e-c2ad-4348-acb9-3fc25cfb14dd: receive RaftClientReply:client-734BBEB428D7->a5e38e3e-c2ad-4348-acb9-3fc25cfb14dd@group-7000B19605CB, cid=895, SUCCESS, logIndex=1193, commits[a5e38e3e-c2ad-4348-acb9-3fc25cfb14dd:c1194, 11e48d46-e648-47f9-b6a0-9c7f26654c28:c1192, d1b6a90e-e817-40a7-bec1-608b5cc7d8b6:c1192]
2019-09-11 04:25:52,101 [grpc-default-executor-0] INFO  client.GrpcClientProtocolClient (GrpcClientProtocolClient.java:onNext(264)) - client-734BBEB428D7->a5e38e3e-c2ad-4348-acb9-3fc25cfb14dd: receive RaftClientReply:client-734BBEB428D7->a5e38e3e-c2ad-4348-acb9-3fc25cfb14dd@group-7000B19605CB, cid=896, SUCCESS, logIndex=1194, commits[a5e38e3e-c2ad-4348-acb9-3fc25cfb14dd:c1194, 11e48d46-e648-47f9-b6a0-9c7f26654c28:c1192, d1b6a90e-e817-40a7-bec1-608b5cc7d8b6:c1192]
2019-09-11 04:25:52,114 [grpc-default-executor-1] INFO  client.GrpcClientProtocolClient (GrpcClientProtocolClient.java:onNext(264)) - client-734BBEB428D7->a5e38e3e-c2ad-4348-acb9-3fc25cfb14dd: receive RaftClientReply:client-734BBEB428D7->a5e38e3e-c2ad-4348-acb9-3fc25cfb14dd@group-7000B19605CB, cid=897, SUCCESS, logIndex=1197, commits[a5e38e3e-c2ad-4348-acb9-3fc25cfb14dd:c1197, 11e48d46-e648-47f9-b6a0-9c7f26654c28:c1194, d1b6a90e-e817-40a7-bec1-608b5cc7d8b6:c1194]
2019-09-11 04:25:52,114 [grpc-default-executor-1] INFO  client.GrpcClientProtocolClient (GrpcClientProtocolClient.java:onNext(264)) - client-734BBEB428D7->a5e38e3e-c2ad-4348-acb9-3fc25cfb14dd: receive RaftClientReply:client-734BBEB428D7->a5e38e3e-c2ad-4348-acb9-3fc25cfb14dd@group-7000B19605CB, cid=898, SUCCESS, logIndex=1198, commits[a5e38e3e-c2ad-4348-acb9-3fc25cfb14dd:c1198, 11e48d46-e648-47f9-b6a0-9c7f26654c28:c1194, d1b6a90e-e817-40a7-bec1-608b5cc7d8b6:c1194]
 0.00% |█                                                                                                    |  0/1 Time: 0:00:032019-09-11 04:25:52,127 [grpc-default-executor-3] INFO  client.GrpcClientProtocolClient (GrpcClientProtocolClient.java:onNext(264)) - client-734BBEB428D7->a5e38e3e-c2ad-4348-acb9-3fc25cfb14dd: receive RaftClientReply:client-734BBEB428D7->a5e38e3e-c2ad-4348-acb9-3fc25cfb14dd@group-7000B19605CB, cid=899, SUCCESS, logIndex=0, commits[a5e38e3e-c2ad-4348-acb9-3fc25cfb14dd:c1199, 11e48d46-e648-47f9-b6a0-9c7f26654c28:c1198, d1b6a90e-e817-40a7-bec1-608b5cc7d8b6:c1198]
2019-09-11 04:25:52,146 [grpc-default-executor-1] INFO  client.GrpcClientProtocolClient (GrpcClientProtocolClient.java:onNext(264)) - client-734BBEB428D7->a5e38e3e-c2ad-4348-acb9-3fc25cfb14dd: receive RaftClientReply:client-734BBEB428D7->a5e38e3e-c2ad-4348-acb9-3fc25cfb14dd@group-7000B19605CB, cid=900, SUCCESS, logIndex=1201, commits[a5e38e3e-c2ad-4348-acb9-3fc25cfb14dd:c1203, 11e48d46-e648-47f9-b6a0-9c7f26654c28:c1200, d1b6a90e-e817-40a7-bec1-608b5cc7d8b6:c1200]
2019-09-11 04:25:52,147 [grpc-default-executor-1] INFO  client.GrpcClientProtocolClient (GrpcClientProtocolClient.java:onNext(264)) - client-734BBEB428D7->a5e38e3e-c2ad-4348-acb9-3fc25cfb14dd: receive RaftClientReply:client-734BBEB428D7->a5e38e3e-c2ad-4348-acb9-3fc25cfb14dd@group-7000B19605CB, cid=901, SUCCESS, logIndex=1202, commits[a5e38e3e-c2ad-4348-acb9-3fc25cfb14dd:c1204, 11e48d46-e648-47f9-b6a0-9c7f26654c28:c1200, d1b6a90e-e817-40a7-bec1-608b5cc7d8b6:c1200]
2019-09-11 04:25:52,147 [grpc-default-executor-1] INFO  client.GrpcClientProtocolClient (GrpcClientProtocolClient.java:onNext(264)) - client-734BBEB428D7->a5e38e3e-c2ad-4348-acb9-3fc25cfb14dd: receive RaftClientReply:client-734BBEB428D7->a5e38e3e-c2ad-4348-acb9-3fc25cfb14dd@group-7000B19605CB, cid=902, SUCCESS, logIndex=1203, commits[a5e38e3e-c2ad-4348-acb9-3fc25cfb14dd:c1204, 11e48d46-e648-47f9-b6a0-9c7f26654c28:c1200, d1b6a90e-e817-40a7-bec1-608b5cc7d8b6:c1200]
2019-09-11 04:25:52,148 [grpc-default-executor-3] INFO  client.GrpcClientProtocolClient (GrpcClientProtocolClient.java:onNext(264)) - client-734BBEB428D7->a5e38e3e-c2ad-4348-acb9-3fc25cfb14dd: receive RaftClientReply:client-734BBEB428D7->a5e38e3e-c2ad-4348-acb9-3fc25cfb14dd@group-7000B19605CB, cid=903, SUCCESS, logIndex=1204, commits[a5e38e3e-c2ad-4348-acb9-3fc25cfb14dd:c1204, 11e48d46-e648-47f9-b6a0-9c7f26654c28:c1200, d1b6a90e-e817-40a7-bec1-608b5cc7d8b6:c1200]
2019-09-11 04:25:52,149 [grpc-default-executor-3] INFO  client.GrpcClientProtocolClient (GrpcClientProtocolClient.java:onNext(264)) - client-734BBEB428D7->a5e38e3e-c2ad-4348-acb9-3fc25cfb14dd: receive RaftClientReply:client-734BBEB428D7->a5e38e3e-c2ad-4348-acb9-3fc25cfb14dd@group-7000B19605CB, cid=904, SUCCESS, logIndex=0, commits[a5e38e3e-c2ad-4348-acb9-3fc25cfb14dd:c1208, 11e48d46-e648-47f9-b6a0-9c7f26654c28:c1202, d1b6a90e-e817-40a7-bec1-608b5cc7d8b6:c1204]
2019-09-11 04:25:52,168 [grpc-default-executor-3] INFO  client.GrpcClientProtocolClient (GrpcClientProtocolClient.java:onNext(264)) - client-734BBEB428D7->a5e38e3e-c2ad-4348-acb9-3fc25cfb14dd: receive RaftClientReply:client-734BBEB428D7->a5e38e3e-c2ad-4348-acb9-3fc25cfb14dd@group-7000B19605CB, cid=905, SUCCESS, logIndex=1209, commits[a5e38e3e-c2ad-4348-acb9-3fc25cfb14dd:c1210, 11e48d46-e648-47f9-b6a0-9c7f26654c28:c1208, d1b6a90e-e817-40a7-bec1-608b5cc7d8b6:c1208]
2019-09-11 04:25:52,168 [grpc-default-executor-3] INFO  client.GrpcClientProtocolClient (GrpcClientProtocolClient.java:onNext(264)) - client-734BBEB428D7->a5e38e3e-c2ad-4348-acb9-3fc25cfb14dd: receive RaftClientReply:client-734BBEB428D7->a5e38e3e-c2ad-4348-acb9-3fc25cfb14dd@group-7000B19605CB, cid=906, SUCCESS, logIndex=1210, commits[a5e38e3e-c2ad-4348-acb9-3fc25cfb14dd:c1210, 11e48d46-e648-47f9-b6a0-9c7f26654c28:c1208, d1b6a90e-e817-40a7-bec1-608b5cc7d8b6:c1208]
2019-09-11 04:25:52,181 [grpc-default-executor-2] INFO  client.GrpcClientProtocolClient (GrpcClientProtocolClient.java:onNext(264)) - client-734BBEB428D7->a5e38e3e-c2ad-4348-acb9-3fc25cfb14dd: receive RaftClientReply:client-734BBEB428D7->a5e38e3e-c2ad-4348-acb9-3fc25cfb14dd@group-7000B19605CB, cid=907, SUCCESS, logIndex=1213, commits[a5e38e3e-c2ad-4348-acb9-3fc25cfb14dd:c1214, 11e48d46-e648-47f9-b6a0-9c7f26654c28:c1210, d1b6a90e-e817-40a7-bec1-608b5cc7d8b6:c1209]
2019-09-11 04:25:52,181 [grpc-default-executor-2] INFO  client.GrpcClientProtocolClient (GrpcClientProtocolClient.java:onNext(264)) - client-734BBEB428D7->a5e38e3e-c2ad-4348-acb9-3fc25cfb14dd: receive RaftClientReply:client-734BBEB428D7->a5e38e3e-c2ad-4348-acb9-3fc25cfb14dd@group-7000B19605CB, cid=908, SUCCESS, logIndex=1214, commits[a5e38e3e-c2ad-4348-acb9-3fc25cfb14dd:c1214, 11e48d46-e648-47f9-b6a0-9c7f26654c28:c1210, d1b6a90e-e817-40a7-bec1-608b5cc7d8b6:c1210]
2019-09-11 04:25:52,182 [grpc-default-executor-1] INFO  client.GrpcClientProtocolClient (GrpcClientProtocolClient.java:onNext(264)) - client-734BBEB428D7->a5e38e3e-c2ad-4348-acb9-3fc25cfb14dd: receive RaftClientReply:client-734BBEB428D7->a5e38e3e-c2ad-4348-acb9-3fc25cfb14dd@group-7000B19605CB, cid=909, SUCCESS, logIndex=0, commits[a5e38e3e-c2ad-4348-acb9-3fc25cfb14dd:c1215, 11e48d46-e648-47f9-b6a0-9c7f26654c28:c1214, d1b6a90e-e817-40a7-bec1-608b5cc7d8b6:c1214]
2019-09-11 04:25:52,202 [grpc-default-executor-2] INFO  client.GrpcClientProtocolClient (GrpcClientProtocolClient.java:onNext(264)) - client-734BBEB428D7->a5e38e3e-c2ad-4348-acb9-3fc25cfb14dd: receive RaftClientReply:client-734BBEB428D7->a5e38e3e-c2ad-4348-acb9-3fc25cfb14dd@group-7000B19605CB, cid=910, SUCCESS, logIndex=1217, commits[a5e38e3e-c2ad-4348-acb9-3fc25cfb14dd:c1220, 11e48d46-e648-47f9-b6a0-9c7f26654c28:c1216, d1b6a90e-e817-40a7-bec1-608b5cc7d8b6:c1216]
2019-09-11 04:25:52,202 [grpc-default-executor-2] INFO  client.GrpcClientProtocolClient (GrpcClientProtocolClient.java:onNext(264)) - client-734BBEB428D7->a5e38e3e-c2ad-4348-acb9-3fc25cfb14dd: receive RaftClientReply:client-734BBEB428D7->a5e38e3e-c2ad-4348-acb9-3fc25cfb14dd@group-7000B19605CB, cid=911, SUCCESS, logIndex=1218, commits[a5e38e3e-c2ad-4348-acb9-3fc25cfb14dd:c1220, 11e48d46-e648-47f9-b6a0-9c7f26654c28:c1216, d1b6a90e-e817-40a7-bec1-608b5cc7d8b6:c1216]
2019-09-11 04:25:52,203 [grpc-default-executor-2] INFO  client.GrpcClientProtocolClient (GrpcClientProtocolClient.java:onNext(264)) - client-734BBEB428D7->a5e38e3e-c2ad-4348-acb9-3fc25cfb14dd: receive RaftClientReply:client-734BBEB428D7->a5e38e3e-c2ad-4348-acb9-3fc25cfb14dd@group-7000B19605CB, cid=912, SUCCESS, logIndex=1219, commits[a5e38e3e-c2ad-4348-acb9-3fc25cfb14dd:c1220, 11e48d46-e648-47f9-b6a0-9c7f26654c28:c1216, d1b6a90e-e817-40a7-bec1-608b5cc7d8b6:c1216]
2019-09-11 04:25:52,203 [grpc-default-executor-3] INFO  client.GrpcClientProtocolClient (GrpcClientProtocolClient.java:onNext(264)) - client-734BBEB428D7->a5e38e3e-c2ad-4348-acb9-3fc25cfb14dd: receive RaftClientReply:client-734BBEB428D7->a5e38e3e-c2ad-4348-acb9-3fc25cfb14dd@group-7000B19605CB, cid=913, SUCCESS, logIndex=1220, commits[a5e38e3e-c2ad-4348-acb9-3fc25cfb14dd:c1220, 11e48d46-e648-47f9-b6a0-9c7f26654c28:c1216, d1b6a90e-e817-40a7-bec1-608b5cc7d8b6:c1216]
2019-09-11 04:25:52,204 [grpc-default-executor-3] INFO  client.GrpcClientProtocolClient (GrpcClientProtocolClient.java:onNext(264)) - client-734BBEB428D7->a5e38e3e-c2ad-4348-acb9-3fc25cfb14dd: receive RaftClientReply:client-734BBEB428D7->a5e38e3e-c2ad-4348-acb9-3fc25cfb14dd@group-7000B19605CB, cid=914, SUCCESS, logIndex=0, commits[a5e38e3e-c2ad-4348-acb9-3fc25cfb14dd:c1221, 11e48d46-e648-47f9-b6a0-9c7f26654c28:c1218, d1b6a90e-e817-40a7-bec1-608b5cc7d8b6:c1218]
2019-09-11 04:25:52,225 [grpc-default-executor-3] INFO  client.GrpcClientProtocolClient (GrpcClientProtocolClient.java:onNext(264)) - client-734BBEB428D7->a5e38e3e-c2ad-4348-acb9-3fc25cfb14dd: receive RaftClientReply:client-734BBEB428D7->a5e38e3e-c2ad-4348-acb9-3fc25cfb14dd@group-7000B19605CB, cid=915, SUCCESS, logIndex=1225, commits[a5e38e3e-c2ad-4348-acb9-3fc25cfb14dd:c1226, 11e48d46-e648-47f9-b6a0-9c7f26654c28:c1224, d1b6a90e-e817-40a7-bec1-608b5cc7d8b6:c1224]
2019-09-11 04:25:52,225 [grpc-default-executor-3] INFO  client.GrpcClientProtocolClient (GrpcClientProtocolClient.java:onNext(264)) - client-734BBEB428D7->a5e38e3e-c2ad-4348-acb9-3fc25cfb14dd: receive RaftClientReply:client-734BBEB428D7->a5e38e3e-c2ad-4348-acb9-3fc25cfb14dd@group-7000B19605CB, cid=916, SUCCESS, logIndex=1226, commits[a5e38e3e-c2ad-4348-acb9-3fc25cfb14dd:c1226, 11e48d46-e648-47f9-b6a0-9c7f26654c28:c1224, d1b6a90e-e817-40a7-bec1-608b5cc7d8b6:c1224]
2019-09-11 04:25:52,238 [grpc-default-executor-3] INFO  client.GrpcClientProtocolClient (GrpcClientProtocolClient.java:onNext(264)) - client-734BBEB428D7->a5e38e3e-c2ad-4348-acb9-3fc25cfb14dd: receive RaftClientReply:client-734BBEB428D7->a5e38e3e-c2ad-4348-acb9-3fc25cfb14dd@group-7000B19605CB, cid=917, SUCCESS, logIndex=1229, commits[a5e38e3e-c2ad-4348-acb9-3fc25cfb14dd:c1230, 11e48d46-e648-47f9-b6a0-9c7f26654c28:c1226, d1b6a90e-e817-40a7-bec1-608b5cc7d8b6:c1226]
2019-09-11 04:25:52,238 [grpc-default-executor-3] INFO  client.GrpcClientProtocolClient (GrpcClientProtocolClient.java:onNext(264)) - client-734BBEB428D7->a5e38e3e-c2ad-4348-acb9-3fc25cfb14dd: receive RaftClientReply:client-734BBEB428D7->a5e38e3e-c2ad-4348-acb9-3fc25cfb14dd@group-7000B19605CB, cid=918, SUCCESS, logIndex=1230, commits[a5e38e3e-c2ad-4348-acb9-3fc25cfb14dd:c1230, 11e48d46-e648-47f9-b6a0-9c7f26654c28:c1226, d1b6a90e-e817-40a7-bec1-608b5cc7d8b6:c1226]
2019-09-11 04:25:52,249 [grpc-default-executor-3] INFO  client.GrpcClientProtocolClient (GrpcClientProtocolClient.java:onNext(264)) - client-734BBEB428D7->a5e38e3e-c2ad-4348-acb9-3fc25cfb14dd: receive RaftClientReply:client-734BBEB428D7->a5e38e3e-c2ad-4348-acb9-3fc25cfb14dd@group-7000B19605CB, cid=919, SUCCESS, logIndex=0, commits[a5e38e3e-c2ad-4348-acb9-3fc25cfb14dd:c1231, 11e48d46-e648-47f9-b6a0-9c7f26654c28:c1230, d1b6a90e-e817-40a7-bec1-608b5cc7d8b6:c1230]
2019-09-11 04:25:52,399 [grpc-default-executor-3] INFO  client.GrpcClientProtocolClient (GrpcClientProtocolClient.java:onNext(264)) - client-734BBEB428D7->a5e38e3e-c2ad-4348-acb9-3fc25cfb14dd: receive RaftClientReply:client-734BBEB428D7->a5e38e3e-c2ad-4348-acb9-3fc25cfb14dd@group-7000B19605CB, cid=920, SUCCESS, logIndex=1233, commits[a5e38e3e-c2ad-4348-acb9-3fc25cfb14dd:c1234, 11e48d46-e648-47f9-b6a0-9c7f26654c28:c1232, d1b6a90e-e817-40a7-bec1-608b5cc7d8b6:c1232]
2019-09-11 04:25:52,399 [grpc-default-executor-3] INFO  client.GrpcClientProtocolClient (GrpcClientProtocolClient.java:onNext(264)) - client-734BBEB428D7->a5e38e3e-c2ad-4348-acb9-3fc25cfb14dd: receive RaftClientReply:client-734BBEB428D7->a5e38e3e-c2ad-4348-acb9-3fc25cfb14dd@group-7000B19605CB, cid=921, SUCCESS, logIndex=1234, commits[a5e38e3e-c2ad-4348-acb9-3fc25cfb14dd:c1234, 11e48d46-e648-47f9-b6a0-9c7f26654c28:c1232, d1b6a90e-e817-40a7-bec1-608b5cc7d8b6:c1232]
2019-09-11 04:25:52,411 [grpc-default-executor-2] INFO  client.GrpcClientProtocolClient (GrpcClientProtocolClient.java:onNext(264)) - client-734BBEB428D7->a5e38e3e-c2ad-4348-acb9-3fc25cfb14dd: receive RaftClientReply:client-734BBEB428D7->a5e38e3e-c2ad-4348-acb9-3fc25cfb14dd@group-7000B19605CB, cid=922, SUCCESS, logIndex=1235, commits[a5e38e3e-c2ad-4348-acb9-3fc25cfb14dd:c1237, 11e48d46-e648-47f9-b6a0-9c7f26654c28:c1232, d1b6a90e-e817-40a7-bec1-608b5cc7d8b6:c1234]
2019-09-11 04:25:52,411 [grpc-default-executor-1] INFO  client.GrpcClientProtocolClient (GrpcClientProtocolClient.java:onNext(264)) - client-734BBEB428D7->a5e38e3e-c2ad-4348-acb9-3fc25cfb14dd: receive RaftClientReply:client-734BBEB428D7->a5e38e3e-c2ad-4348-acb9-3fc25cfb14dd@group-7000B19605CB, cid=923, SUCCESS, logIndex=1236, commits[a5e38e3e-c2ad-4348-acb9-3fc25cfb14dd:c1238, 11e48d46-e648-47f9-b6a0-9c7f26654c28:c1234, d1b6a90e-e817-40a7-bec1-608b5cc7d8b6:c1234]
2019-09-11 04:25:52,434 [grpc-default-executor-3] INFO  client.GrpcClientProtocolClient (GrpcClientProtocolClient.java:onNext(264)) - client-734BBEB428D7->a5e38e3e-c2ad-4348-acb9-3fc25cfb14dd: receive RaftClientReply:client-734BBEB428D7->a5e38e3e-c2ad-4348-acb9-3fc25cfb14dd@group-7000B19605CB, cid=924, SUCCESS, logIndex=1241, commits[a5e38e3e-c2ad-4348-acb9-3fc25cfb14dd:c1242, 11e48d46-e648-47f9-b6a0-9c7f26654c28:c1240, d1b6a90e-e817-40a7-bec1-608b5cc7d8b6:c1240]
2019-09-11 04:25:52,435 [grpc-default-executor-3] INFO  client.GrpcClientProtocolClient (GrpcClientProtocolClient.java:onNext(264)) - client-734BBEB428D7->a5e38e3e-c2ad-4348-acb9-3fc25cfb14dd: receive RaftClientReply:client-734BBEB428D7->a5e38e3e-c2ad-4348-acb9-3fc25cfb14dd@group-7000B19605CB, cid=925, SUCCESS, logIndex=1242, commits[a5e38e3e-c2ad-4348-acb9-3fc25cfb14dd:c1242, 11e48d46-e648-47f9-b6a0-9c7f26654c28:c1240, d1b6a90e-e817-40a7-bec1-608b5cc7d8b6:c1240]
2019-09-11 04:25:52,458 [grpc-default-executor-1] INFO  client.GrpcClientProtocolClient (GrpcClientProtocolClient.java:onNext(264)) - client-734BBEB428D7->a5e38e3e-c2ad-4348-acb9-3fc25cfb14dd: receive RaftClientReply:client-734BBEB428D7->a5e38e3e-c2ad-4348-acb9-3fc25cfb14dd@group-7000B19605CB, cid=926, SUCCESS, logIndex=1245, commits[a5e38e3e-c2ad-4348-acb9-3fc25cfb14dd:c1246, 11e48d46-e648-47f9-b6a0-9c7f26654c28:c1242, d1b6a90e-e817-40a7-bec1-608b5cc7d8b6:c1242]
2019-09-11 04:25:52,459 [grpc-default-executor-1] INFO  client.GrpcClientProtocolClient (GrpcClientProtocolClient.java:onNext(264)) - client-734BBEB428D7->a5e38e3e-c2ad-4348-acb9-3fc25cfb14dd: receive RaftClientReply:client-734BBEB428D7->a5e38e3e-c2ad-4348-acb9-3fc25cfb14dd@group-7000B19605CB, cid=927, SUCCESS, logIndex=1246, commits[a5e38e3e-c2ad-4348-acb9-3fc25cfb14dd:c1246, 11e48d46-e648-47f9-b6a0-9c7f26654c28:c1242, d1b6a90e-e817-40a7-bec1-608b5cc7d8b6:c1242]
2019-09-11 04:25:52,470 [grpc-default-executor-3] INFO  client.GrpcClientProtocolClient (GrpcClientProtocolClient.java:onNext(264)) - client-734BBEB428D7->a5e38e3e-c2ad-4348-acb9-3fc25cfb14dd: receive RaftClientReply:client-734BBEB428D7->a5e38e3e-c2ad-4348-acb9-3fc25cfb14dd@group-7000B19605CB, cid=928, SUCCESS, logIndex=0, commits[a5e38e3e-c2ad-4348-acb9-3fc25cfb14dd:c1247, 11e48d46-e648-47f9-b6a0-9c7f26654c28:c1246, d1b6a90e-e817-40a7-bec1-608b5cc7d8b6:c1246]
2019-09-11 04:25:52,490 [grpc-default-executor-3] INFO  client.GrpcClientProtocolClient (GrpcClientProtocolClient.java:onNext(264)) - client-734BBEB428D7->a5e38e3e-c2ad-4348-acb9-3fc25cfb14dd: receive RaftClientReply:client-734BBEB428D7->a5e38e3e-c2ad-4348-acb9-3fc25cfb14dd@group-7000B19605CB, cid=929, SUCCESS, logIndex=1249, commits[a5e38e3e-c2ad-4348-acb9-3fc25cfb14dd:c1250, 11e48d46-e648-47f9-b6a0-9c7f26654c28:c1248, d1b6a90e-e817-40a7-bec1-608b5cc7d8b6:c1248]
2019-09-11 04:25:52,490 [grpc-default-executor-3] INFO  client.GrpcClientProtocolClient (GrpcClientProtocolClient.java:onNext(264)) - client-734BBEB428D7->a5e38e3e-c2ad-4348-acb9-3fc25cfb14dd: receive RaftClientReply:client-734BBEB428D7->a5e38e3e-c2ad-4348-acb9-3fc25cfb14dd@group-7000B19605CB, cid=930, SUCCESS, logIndex=1250, commits[a5e38e3e-c2ad-4348-acb9-3fc25cfb14dd:c1251, 11e48d46-e648-47f9-b6a0-9c7f26654c28:c1248, d1b6a90e-e817-40a7-bec1-608b5cc7d8b6:c1248]
2019-09-11 04:25:52,490 [grpc-default-executor-3] INFO  client.GrpcClientProtocolClient (GrpcClientProtocolClient.java:onNext(264)) - client-734BBEB428D7->a5e38e3e-c2ad-4348-acb9-3fc25cfb14dd: receive RaftClientReply:client-734BBEB428D7->a5e38e3e-c2ad-4348-acb9-3fc25cfb14dd@group-7000B19605CB, cid=931, SUCCESS, logIndex=1251, commits[a5e38e3e-c2ad-4348-acb9-3fc25cfb14dd:c1251, 11e48d46-e648-47f9-b6a0-9c7f26654c28:c1248, d1b6a90e-e817-40a7-bec1-608b5cc7d8b6:c1248]
2019-09-11 04:25:52,491 [grpc-default-executor-3] INFO  client.GrpcClientProtocolClient (GrpcClientProtocolClient.java:onNext(264)) - client-734BBEB428D7->a5e38e3e-c2ad-4348-acb9-3fc25cfb14dd: receive RaftClientReply:client-734BBEB428D7->a5e38e3e-c2ad-4348-acb9-3fc25cfb14dd@group-7000B19605CB, cid=932, SUCCESS, logIndex=1252, commits[a5e38e3e-c2ad-4348-acb9-3fc25cfb14dd:c1252, 11e48d46-e648-47f9-b6a0-9c7f26654c28:c1248, d1b6a90e-e817-40a7-bec1-608b5cc7d8b6:c1248]
2019-09-11 04:25:52,492 [grpc-default-executor-3] INFO  client.GrpcClientProtocolClient (GrpcClientProtocolClient.java:onNext(264)) - client-734BBEB428D7->a5e38e3e-c2ad-4348-acb9-3fc25cfb14dd: receive RaftClientReply:client-734BBEB428D7->a5e38e3e-c2ad-4348-acb9-3fc25cfb14dd@group-7000B19605CB, cid=933, SUCCESS, logIndex=0, commits[a5e38e3e-c2ad-4348-acb9-3fc25cfb14dd:c1254, 11e48d46-e648-47f9-b6a0-9c7f26654c28:c1250, d1b6a90e-e817-40a7-bec1-608b5cc7d8b6:c1250]
2019-09-11 04:25:52,511 [grpc-default-executor-3] INFO  client.GrpcClientProtocolClient (GrpcClientProtocolClient.java:onNext(264)) - client-734BBEB428D7->a5e38e3e-c2ad-4348-acb9-3fc25cfb14dd: receive RaftClientReply:client-734BBEB428D7->a5e38e3e-c2ad-4348-acb9-3fc25cfb14dd@group-7000B19605CB, cid=934, SUCCESS, logIndex=1257, commits[a5e38e3e-c2ad-4348-acb9-3fc25cfb14dd:c1258, 11e48d46-e648-47f9-b6a0-9c7f26654c28:c1256, d1b6a90e-e817-40a7-bec1-608b5cc7d8b6:c1256]
2019-09-11 04:25:52,511 [grpc-default-executor-3] INFO  client.GrpcClientProtocolClient (GrpcClientProtocolClient.java:onNext(264)) - client-734BBEB428D7->a5e38e3e-c2ad-4348-acb9-3fc25cfb14dd: receive RaftClientReply:client-734BBEB428D7->a5e38e3e-c2ad-4348-acb9-3fc25cfb14dd@group-7000B19605CB, cid=935, SUCCESS, logIndex=1258, commits[a5e38e3e-c2ad-4348-acb9-3fc25cfb14dd:c1258, 11e48d46-e648-47f9-b6a0-9c7f26654c28:c1256, d1b6a90e-e817-40a7-bec1-608b5cc7d8b6:c1256]
2019-09-11 04:25:52,524 [grpc-default-executor-1] INFO  client.GrpcClientProtocolClient (GrpcClientProtocolClient.java:onNext(264)) - client-734BBEB428D7->a5e38e3e-c2ad-4348-acb9-3fc25cfb14dd: receive RaftClientReply:client-734BBEB428D7->a5e38e3e-c2ad-4348-acb9-3fc25cfb14dd@group-7000B19605CB, cid=936, SUCCESS, logIndex=1261, commits[a5e38e3e-c2ad-4348-acb9-3fc25cfb14dd:c1261, 11e48d46-e648-47f9-b6a0-9c7f26654c28:c1258, d1b6a90e-e817-40a7-bec1-608b5cc7d8b6:c1258]
2019-09-11 04:25:52,524 [grpc-default-executor-1] INFO  client.GrpcClientProtocolClient (GrpcClientProtocolClient.java:onNext(264)) - client-734BBEB428D7->a5e38e3e-c2ad-4348-acb9-3fc25cfb14dd: receive RaftClientReply:client-734BBEB428D7->a5e38e3e-c2ad-4348-acb9-3fc25cfb14dd@group-7000B19605CB, cid=937, SUCCESS, logIndex=1262, commits[a5e38e3e-c2ad-4348-acb9-3fc25cfb14dd:c1262, 11e48d46-e648-47f9-b6a0-9c7f26654c28:c1258, d1b6a90e-e817-40a7-bec1-608b5cc7d8b6:c1258]
2019-09-11 04:25:52,537 [grpc-default-executor-2] INFO  client.GrpcClientProtocolClient (GrpcClientProtocolClient.java:onNext(264)) - client-734BBEB428D7->a5e38e3e-c2ad-4348-acb9-3fc25cfb14dd: receive RaftClientReply:client-734BBEB428D7->a5e38e3e-c2ad-4348-acb9-3fc25cfb14dd@group-7000B19605CB, cid=938, SUCCESS, logIndex=0, commits[a5e38e3e-c2ad-4348-acb9-3fc25cfb14dd:c1264, 11e48d46-e648-47f9-b6a0-9c7f26654c28:c1262, d1b6a90e-e817-40a7-bec1-608b5cc7d8b6:c1262]
2019-09-11 04:25:52,561 [grpc-default-executor-3] INFO  client.GrpcClientProtocolClient (GrpcClientProtocolClient.java:onNext(264)) - client-734BBEB428D7->a5e38e3e-c2ad-4348-acb9-3fc25cfb14dd: receive RaftClientReply:client-734BBEB428D7->a5e38e3e-c2ad-4348-acb9-3fc25cfb14dd@group-7000B19605CB, cid=939, SUCCESS, logIndex=1265, commits[a5e38e3e-c2ad-4348-acb9-3fc25cfb14dd:c1265, 11e48d46-e648-47f9-b6a0-9c7f26654c28:c1264, d1b6a90e-e817-40a7-bec1-608b5cc7d8b6:c1264]
2019-09-11 04:25:52,562 [grpc-default-executor-3] INFO  client.GrpcClientProtocolClient (GrpcClientProtocolClient.java:onNext(264)) - client-734BBEB428D7->a5e38e3e-c2ad-4348-acb9-3fc25cfb14dd: receive RaftClientReply:client-734BBEB428D7->a5e38e3e-c2ad-4348-acb9-3fc25cfb14dd@group-7000B19605CB, cid=940, SUCCESS, logIndex=1266, commits[a5e38e3e-c2ad-4348-acb9-3fc25cfb14dd:c1268, 11e48d46-e648-47f9-b6a0-9c7f26654c28:c1264, d1b6a90e-e817-40a7-bec1-608b5cc7d8b6:c1264]
2019-09-11 04:25:52,562 [grpc-default-executor-3] INFO  client.GrpcClientProtocolClient (GrpcClientProtocolClient.java:onNext(264)) - client-734BBEB428D7->a5e38e3e-c2ad-4348-acb9-3fc25cfb14dd: receive RaftClientReply:client-734BBEB428D7->a5e38e3e-c2ad-4348-acb9-3fc25cfb14dd@group-7000B19605CB, cid=941, SUCCESS, logIndex=1267, commits[a5e38e3e-c2ad-4348-acb9-3fc25cfb14dd:c1268, 11e48d46-e648-47f9-b6a0-9c7f26654c28:c1264, d1b6a90e-e817-40a7-bec1-608b5cc7d8b6:c1264]
2019-09-11 04:25:52,563 [grpc-default-executor-3] INFO  client.GrpcClientProtocolClient (GrpcClientProtocolClient.java:onNext(264)) - client-734BBEB428D7->a5e38e3e-c2ad-4348-acb9-3fc25cfb14dd: receive RaftClientReply:client-734BBEB428D7->a5e38e3e-c2ad-4348-acb9-3fc25cfb14dd@group-7000B19605CB, cid=942, SUCCESS, logIndex=1268, commits[a5e38e3e-c2ad-4348-acb9-3fc25cfb14dd:c1268, 11e48d46-e648-47f9-b6a0-9c7f26654c28:c1264, d1b6a90e-e817-40a7-bec1-608b5cc7d8b6:c1264]
2019-09-11 04:25:52,580 [grpc-default-executor-3] INFO  client.GrpcClientProtocolClient (GrpcClientProtocolClient.java:onNext(264)) - client-734BBEB428D7->a5e38e3e-c2ad-4348-acb9-3fc25cfb14dd: receive RaftClientReply:client-734BBEB428D7->a5e38e3e-c2ad-4348-acb9-3fc25cfb14dd@group-7000B19605CB, cid=943, SUCCESS, logIndex=0, commits[a5e38e3e-c2ad-4348-acb9-3fc25cfb14dd:c1270, 11e48d46-e648-47f9-b6a0-9c7f26654c28:c1268, d1b6a90e-e817-40a7-bec1-608b5cc7d8b6:c1268]
2019-09-11 04:25:52,592 [grpc-default-executor-1] INFO  client.GrpcClientProtocolClient (GrpcClientProtocolClient.java:onNext(264)) - client-734BBEB428D7->a5e38e3e-c2ad-4348-acb9-3fc25cfb14dd: receive RaftClientReply:client-734BBEB428D7->a5e38e3e-c2ad-4348-acb9-3fc25cfb14dd@group-7000B19605CB, cid=944, SUCCESS, logIndex=1271, commits[a5e38e3e-c2ad-4348-acb9-3fc25cfb14dd:c1272, 11e48d46-e648-47f9-b6a0-9c7f26654c28:c1270, d1b6a90e-e817-40a7-bec1-608b5cc7d8b6:c1270]
2019-09-11 04:25:52,593 [grpc-default-executor-1] INFO  client.GrpcClientProtocolClient (GrpcClientProtocolClient.java:onNext(264)) - client-734BBEB428D7->a5e38e3e-c2ad-4348-acb9-3fc25cfb14dd: receive RaftClientReply:client-734BBEB428D7->a5e38e3e-c2ad-4348-acb9-3fc25cfb14dd@group-7000B19605CB, cid=945, SUCCESS, logIndex=1272, commits[a5e38e3e-c2ad-4348-acb9-3fc25cfb14dd:c1272, 11e48d46-e648-47f9-b6a0-9c7f26654c28:c1270, d1b6a90e-e817-40a7-bec1-608b5cc7d8b6:c1270]
2019-09-11 04:25:52,631 [grpc-default-executor-2] INFO  client.GrpcClientProtocolClient (GrpcClientProtocolClient.java:onNext(264)) - client-734BBEB428D7->a5e38e3e-c2ad-4348-acb9-3fc25cfb14dd: receive RaftClientReply:client-734BBEB428D7->a5e38e3e-c2ad-4348-acb9-3fc25cfb14dd@group-7000B19605CB, cid=946, SUCCESS, logIndex=1275, commits[a5e38e3e-c2ad-4348-acb9-3fc25cfb14dd:c1275, 11e48d46-e648-47f9-b6a0-9c7f26654c28:c1272, d1b6a90e-e817-40a7-bec1-608b5cc7d8b6:c1272]
2019-09-11 04:25:52,631 [grpc-default-executor-2] INFO  client.GrpcClientProtocolClient (GrpcClientProtocolClient.java:onNext(264)) - client-734BBEB428D7->a5e38e3e-c2ad-4348-acb9-3fc25cfb14dd: receive RaftClientReply:client-734BBEB428D7->a5e38e3e-c2ad-4348-acb9-3fc25cfb14dd@group-7000B19605CB, cid=947, SUCCESS, logIndex=1276, commits[a5e38e3e-c2ad-4348-acb9-3fc25cfb14dd:c1276, 11e48d46-e648-47f9-b6a0-9c7f26654c28:c1272, d1b6a90e-e817-40a7-bec1-608b5cc7d8b6:c1272]
2019-09-11 04:25:52,644 [grpc-default-executor-2] INFO  client.GrpcClientProtocolClient (GrpcClientProtocolClient.java:onNext(264)) - client-734BBEB428D7->a5e38e3e-c2ad-4348-acb9-3fc25cfb14dd: receive RaftClientReply:client-734BBEB428D7->a5e38e3e-c2ad-4348-acb9-3fc25cfb14dd@group-7000B19605CB, cid=948, SUCCESS, logIndex=0, commits[a5e38e3e-c2ad-4348-acb9-3fc25cfb14dd:c1278, 11e48d46-e648-47f9-b6a0-9c7f26654c28:c1276, d1b6a90e-e817-40a7-bec1-608b5cc7d8b6:c1276]
2019-09-11 04:25:52,663 [grpc-default-executor-1] INFO  client.GrpcClientProtocolClient (GrpcClientProtocolClient.java:onNext(264)) - client-734BBEB428D7->a5e38e3e-c2ad-4348-acb9-3fc25cfb14dd: receive RaftClientReply:client-734BBEB428D7->a5e38e3e-c2ad-4348-acb9-3fc25cfb14dd@group-7000B19605CB, cid=949, SUCCESS, logIndex=1279, commits[a5e38e3e-c2ad-4348-acb9-3fc25cfb14dd:c1280, 11e48d46-e648-47f9-b6a0-9c7f26654c28:c1278, d1b6a90e-e817-40a7-bec1-608b5cc7d8b6:c1278]
2019-09-11 04:25:52,664 [grpc-default-executor-1] INFO  client.GrpcClientProtocolClient (GrpcClientProtocolClient.java:onNext(264)) - client-734BBEB428D7->a5e38e3e-c2ad-4348-acb9-3fc25cfb14dd: receive RaftClientReply:client-734BBEB428D7->a5e38e3e-c2ad-4348-acb9-3fc25cfb14dd@group-7000B19605CB, cid=950, SUCCESS, logIndex=1280, commits[a5e38e3e-c2ad-4348-acb9-3fc25cfb14dd:c1282, 11e48d46-e648-47f9-b6a0-9c7f26654c28:c1278, d1b6a90e-e817-40a7-bec1-608b5cc7d8b6:c1278]
2019-09-11 04:25:52,664 [grpc-default-executor-1] INFO  client.GrpcClientProtocolClient (GrpcClientProtocolClient.java:onNext(264)) - client-734BBEB428D7->a5e38e3e-c2ad-4348-acb9-3fc25cfb14dd: receive RaftClientReply:client-734BBEB428D7->a5e38e3e-c2ad-4348-acb9-3fc25cfb14dd@group-7000B19605CB, cid=951, SUCCESS, logIndex=1281, commits[a5e38e3e-c2ad-4348-acb9-3fc25cfb14dd:c1282, 11e48d46-e648-47f9-b6a0-9c7f26654c28:c1278, d1b6a90e-e817-40a7-bec1-608b5cc7d8b6:c1278]
2019-09-11 04:25:52,664 [grpc-default-executor-1] INFO  client.GrpcClientProtocolClient (GrpcClientProtocolClient.java:onNext(264)) - client-734BBEB428D7->a5e38e3e-c2ad-4348-acb9-3fc25cfb14dd: receive RaftClientReply:client-734BBEB428D7->a5e38e3e-c2ad-4348-acb9-3fc25cfb14dd@group-7000B19605CB, cid=952, SUCCESS, logIndex=1282, commits[a5e38e3e-c2ad-4348-acb9-3fc25cfb14dd:c1282, 11e48d46-e648-47f9-b6a0-9c7f26654c28:c1278, d1b6a90e-e817-40a7-bec1-608b5cc7d8b6:c1278]
2019-09-11 04:25:52,666 [grpc-default-executor-1] INFO  client.GrpcClientProtocolClient (GrpcClientProtocolClient.java:onNext(264)) - client-734BBEB428D7->a5e38e3e-c2ad-4348-acb9-3fc25cfb14dd: receive RaftClientReply:client-734BBEB428D7->a5e38e3e-c2ad-4348-acb9-3fc25cfb14dd@group-7000B19605CB, cid=953, SUCCESS, logIndex=0, commits[a5e38e3e-c2ad-4348-acb9-3fc25cfb14dd:c1285, 11e48d46-e648-47f9-b6a0-9c7f26654c28:c1280, d1b6a90e-e817-40a7-bec1-608b5cc7d8b6:c1282]
2019-09-11 04:25:52,685 [grpc-default-executor-2] INFO  client.GrpcClientProtocolClient (GrpcClientProtocolClient.java:onNext(264)) - client-734BBEB428D7->a5e38e3e-c2ad-4348-acb9-3fc25cfb14dd: receive RaftClientReply:client-734BBEB428D7->a5e38e3e-c2ad-4348-acb9-3fc25cfb14dd@group-7000B19605CB, cid=954, SUCCESS, logIndex=1286, commits[a5e38e3e-c2ad-4348-acb9-3fc25cfb14dd:c1287, 11e48d46-e648-47f9-b6a0-9c7f26654c28:c1285, d1b6a90e-e817-40a7-bec1-608b5cc7d8b6:c1285]
2019-09-11 04:25:52,685 [grpc-default-executor-2] INFO  client.GrpcClientProtocolClient (GrpcClientProtocolClient.java:onNext(264)) - client-734BBEB428D7->a5e38e3e-c2ad-4348-acb9-3fc25cfb14dd: receive RaftClientReply:client-734BBEB428D7->a5e38e3e-c2ad-4348-acb9-3fc25cfb14dd@group-7000B19605CB, cid=955, SUCCESS, logIndex=1287, commits[a5e38e3e-c2ad-4348-acb9-3fc25cfb14dd:c1287, 11e48d46-e648-47f9-b6a0-9c7f26654c28:c1285, d1b6a90e-e817-40a7-bec1-608b5cc7d8b6:c1285]
2019-09-11 04:25:52,698 [grpc-default-executor-3] INFO  client.GrpcClientProtocolClient (GrpcClientProtocolClient.java:onNext(264)) - client-734BBEB428D7->a5e38e3e-c2ad-4348-acb9-3fc25cfb14dd: receive RaftClientReply:client-734BBEB428D7->a5e38e3e-c2ad-4348-acb9-3fc25cfb14dd@group-7000B19605CB, cid=956, SUCCESS, logIndex=1290, commits[a5e38e3e-c2ad-4348-acb9-3fc25cfb14dd:c1291, 11e48d46-e648-47f9-b6a0-9c7f26654c28:c1287, d1b6a90e-e817-40a7-bec1-608b5cc7d8b6:c1287]
2019-09-11 04:25:52,698 [grpc-default-executor-3] INFO  client.GrpcClientProtocolClient (GrpcClientProtocolClient.java:onNext(264)) - client-734BBEB428D7->a5e38e3e-c2ad-4348-acb9-3fc25cfb14dd: receive RaftClientReply:client-734BBEB428D7->a5e38e3e-c2ad-4348-acb9-3fc25cfb14dd@group-7000B19605CB, cid=957, SUCCESS, logIndex=1291, commits[a5e38e3e-c2ad-4348-acb9-3fc25cfb14dd:c1291, 11e48d46-e648-47f9-b6a0-9c7f26654c28:c1287, d1b6a90e-e817-40a7-bec1-608b5cc7d8b6:c1287]
2019-09-11 04:25:52,711 [grpc-default-executor-3] INFO  client.GrpcClientProtocolClient (GrpcClientProtocolClient.java:onNext(264)) - client-734BBEB428D7->a5e38e3e-c2ad-4348-acb9-3fc25cfb14dd: receive RaftClientReply:client-734BBEB428D7->a5e38e3e-c2ad-4348-acb9-3fc25cfb14dd@group-7000B19605CB, cid=958, SUCCESS, logIndex=0, commits[a5e38e3e-c2ad-4348-acb9-3fc25cfb14dd:c1293, 11e48d46-e648-47f9-b6a0-9c7f26654c28:c1291, d1b6a90e-e817-40a7-bec1-608b5cc7d8b6:c1291]
2019-09-11 04:25:52,737 [grpc-default-executor-3] INFO  client.GrpcClientProtocolClient (GrpcClientProtocolClient.java:onNext(264)) - client-734BBEB428D7->a5e38e3e-c2ad-4348-acb9-3fc25cfb14dd: receive RaftClientReply:client-734BBEB428D7->a5e38e3e-c2ad-4348-acb9-3fc25cfb14dd@group-7000B19605CB, cid=959, SUCCESS, logIndex=1294, commits[a5e38e3e-c2ad-4348-acb9-3fc25cfb14dd:c1295, 11e48d46-e648-47f9-b6a0-9c7f26654c28:c1293, d1b6a90e-e817-40a7-bec1-608b5cc7d8b6:c1293]
2019-09-11 04:25:52,738 [grpc-default-executor-3] INFO  client.GrpcClientProtocolClient (GrpcClientProtocolClient.java:onNext(264)) - client-734BBEB428D7->a5e38e3e-c2ad-4348-acb9-3fc25cfb14dd: receive RaftClientReply:client-734BBEB428D7->a5e38e3e-c2ad-4348-acb9-3fc25cfb14dd@group-7000B19605CB, cid=960, SUCCESS, logIndex=1295, commits[a5e38e3e-c2ad-4348-acb9-3fc25cfb14dd:c1295, 11e48d46-e648-47f9-b6a0-9c7f26654c28:c1293, d1b6a90e-e817-40a7-bec1-608b5cc7d8b6:c1293]
2019-09-11 04:25:52,745 [grpc-default-executor-3] INFO  client.GrpcClientProtocolClient (GrpcClientProtocolClient.java:onNext(264)) - client-734BBEB428D7->a5e38e3e-c2ad-4348-acb9-3fc25cfb14dd: receive RaftClientReply:client-734BBEB428D7->a5e38e3e-c2ad-4348-acb9-3fc25cfb14dd@group-7000B19605CB, cid=961, SUCCESS, logIndex=1296, commits[a5e38e3e-c2ad-4348-acb9-3fc25cfb14dd:c1297, 11e48d46-e648-47f9-b6a0-9c7f26654c28:c1293, d1b6a90e-e817-40a7-bec1-608b5cc7d8b6:c1293]
2019-09-11 04:25:52,750 [grpc-default-executor-3] INFO  client.GrpcClientProtocolClient (GrpcClientProtocolClient.java:onNext(264)) - client-734BBEB428D7->a5e38e3e-c2ad-4348-acb9-3fc25cfb14dd: receive RaftClientReply:client-734BBEB428D7->a5e38e3e-c2ad-4348-acb9-3fc25cfb14dd@group-7000B19605CB, cid=962, SUCCESS, logIndex=1297, commits[a5e38e3e-c2ad-4348-acb9-3fc25cfb14dd:c1297, 11e48d46-e648-47f9-b6a0-9c7f26654c28:c1293, d1b6a90e-e817-40a7-bec1-608b5cc7d8b6:c1293]
2019-09-11 04:25:52,757 [grpc-default-executor-3] INFO  client.GrpcClientProtocolClient (GrpcClientProtocolClient.java:onNext(264)) - client-734BBEB428D7->a5e38e3e-c2ad-4348-acb9-3fc25cfb14dd: receive RaftClientReply:client-734BBEB428D7->a5e38e3e-c2ad-4348-acb9-3fc25cfb14dd@group-7000B19605CB, cid=963, SUCCESS, logIndex=0, commits[a5e38e3e-c2ad-4348-acb9-3fc25cfb14dd:c1298, 11e48d46-e648-47f9-b6a0-9c7f26654c28:c1295, d1b6a90e-e817-40a7-bec1-608b5cc7d8b6:c1295]
2019-09-11 04:25:52,770 [grpc-default-executor-3] INFO  client.GrpcClientProtocolClient (GrpcClientProtocolClient.java:onNext(264)) - client-734BBEB428D7->a5e38e3e-c2ad-4348-acb9-3fc25cfb14dd: receive RaftClientReply:client-734BBEB428D7->a5e38e3e-c2ad-4348-acb9-3fc25cfb14dd@group-7000B19605CB, cid=964, SUCCESS, logIndex=1302, commits[a5e38e3e-c2ad-4348-acb9-3fc25cfb14dd:c1303, 11e48d46-e648-47f9-b6a0-9c7f26654c28:c1297, d1b6a90e-e817-40a7-bec1-608b5cc7d8b6:c1299]
2019-09-11 04:25:52,770 [grpc-default-executor-3] INFO  client.GrpcClientProtocolClient (GrpcClientProtocolClient.java:onNext(264)) - client-734BBEB428D7->a5e38e3e-c2ad-4348-acb9-3fc25cfb14dd: receive RaftClientReply:client-734BBEB428D7->a5e38e3e-c2ad-4348-acb9-3fc25cfb14dd@group-7000B19605CB, cid=965, SUCCESS, logIndex=1303, commits[a5e38e3e-c2ad-4348-acb9-3fc25cfb14dd:c1303, 11e48d46-e648-47f9-b6a0-9c7f26654c28:c1297, d1b6a90e-e817-40a7-bec1-608b5cc7d8b6:c1299]
2019-09-11 04:25:52,786 [grpc-default-executor-1] INFO  client.GrpcClientProtocolClient (GrpcClientProtocolClient.java:onNext(264)) - client-734BBEB428D7->a5e38e3e-c2ad-4348-acb9-3fc25cfb14dd: receive RaftClientReply:client-734BBEB428D7->a5e38e3e-c2ad-4348-acb9-3fc25cfb14dd@group-7000B19605CB, cid=966, SUCCESS, logIndex=1306, commits[a5e38e3e-c2ad-4348-acb9-3fc25cfb14dd:c1307, 11e48d46-e648-47f9-b6a0-9c7f26654c28:c1305, d1b6a90e-e817-40a7-bec1-608b5cc7d8b6:c1305]
2019-09-11 04:25:52,787 [grpc-default-executor-1] INFO  client.GrpcClientProtocolClient (GrpcClientProtocolClient.java:onNext(264)) - client-734BBEB428D7->a5e38e3e-c2ad-4348-acb9-3fc25cfb14dd: receive RaftClientReply:client-734BBEB428D7->a5e38e3e-c2ad-4348-acb9-3fc25cfb14dd@group-7000B19605CB, cid=967, SUCCESS, logIndex=1307, commits[a5e38e3e-c2ad-4348-acb9-3fc25cfb14dd:c1307, 11e48d46-e648-47f9-b6a0-9c7f26654c28:c1305, d1b6a90e-e817-40a7-bec1-608b5cc7d8b6:c1305]
2019-09-11 04:25:52,789 [grpc-default-executor-1] INFO  client.GrpcClientProtocolClient (GrpcClientProtocolClient.java:onNext(264)) - client-734BBEB428D7->a5e38e3e-c2ad-4348-acb9-3fc25cfb14dd: receive RaftClientReply:client-734BBEB428D7->a5e38e3e-c2ad-4348-acb9-3fc25cfb14dd@group-7000B19605CB, cid=968, SUCCESS, logIndex=0, commits[a5e38e3e-c2ad-4348-acb9-3fc25cfb14dd:c1309, 11e48d46-e648-47f9-b6a0-9c7f26654c28:c1307, d1b6a90e-e817-40a7-bec1-608b5cc7d8b6:c1307]
2019-09-11 04:25:52,805 [grpc-default-executor-2] INFO  client.GrpcClientProtocolClient (GrpcClientProtocolClient.java:onNext(264)) - client-734BBEB428D7->a5e38e3e-c2ad-4348-acb9-3fc25cfb14dd: receive RaftClientReply:client-734BBEB428D7->a5e38e3e-c2ad-4348-acb9-3fc25cfb14dd@group-7000B19605CB, cid=969, SUCCESS, logIndex=1310, commits[a5e38e3e-c2ad-4348-acb9-3fc25cfb14dd:c1311, 11e48d46-e648-47f9-b6a0-9c7f26654c28:c1309, d1b6a90e-e817-40a7-bec1-608b5cc7d8b6:c1309]
2019-09-11 04:25:52,806 [grpc-default-executor-2] INFO  client.GrpcClientProtocolClient (GrpcClientProtocolClient.java:onNext(264)) - client-734BBEB428D7->a5e38e3e-c2ad-4348-acb9-3fc25cfb14dd: receive RaftClientReply:client-734BBEB428D7->a5e38e3e-c2ad-4348-acb9-3fc25cfb14dd@group-7000B19605CB, cid=970, SUCCESS, logIndex=1311, commits[a5e38e3e-c2ad-4348-acb9-3fc25cfb14dd:c1311, 11e48d46-e648-47f9-b6a0-9c7f26654c28:c1309, d1b6a90e-e817-40a7-bec1-608b5cc7d8b6:c1309]
2019-09-11 04:25:52,806 [grpc-default-executor-2] INFO  client.GrpcClientProtocolClient (GrpcClientProtocolClient.java:onNext(264)) - client-734BBEB428D7->a5e38e3e-c2ad-4348-acb9-3fc25cfb14dd: receive RaftClientReply:client-734BBEB428D7->a5e38e3e-c2ad-4348-acb9-3fc25cfb14dd@group-7000B19605CB, cid=971, SUCCESS, logIndex=1312, commits[a5e38e3e-c2ad-4348-acb9-3fc25cfb14dd:c1313, 11e48d46-e648-47f9-b6a0-9c7f26654c28:c1309, d1b6a90e-e817-40a7-bec1-608b5cc7d8b6:c1309]
2019-09-11 04:25:52,807 [grpc-default-executor-2] INFO  client.GrpcClientProtocolClient (GrpcClientProtocolClient.java:onNext(264)) - client-734BBEB428D7->a5e38e3e-c2ad-4348-acb9-3fc25cfb14dd: receive RaftClientReply:client-734BBEB428D7->a5e38e3e-c2ad-4348-acb9-3fc25cfb14dd@group-7000B19605CB, cid=972, SUCCESS, logIndex=1313, commits[a5e38e3e-c2ad-4348-acb9-3fc25cfb14dd:c1313, 11e48d46-e648-47f9-b6a0-9c7f26654c28:c1309, d1b6a90e-e817-40a7-bec1-608b5cc7d8b6:c1309]
2019-09-11 04:25:52,808 [grpc-default-executor-3] INFO  client.GrpcClientProtocolClient (GrpcClientProtocolClient.java:onNext(264)) - client-734BBEB428D7->a5e38e3e-c2ad-4348-acb9-3fc25cfb14dd: receive RaftClientReply:client-734BBEB428D7->a5e38e3e-c2ad-4348-acb9-3fc25cfb14dd@group-7000B19605CB, cid=973, SUCCESS, logIndex=0, commits[a5e38e3e-c2ad-4348-acb9-3fc25cfb14dd:c1315, 11e48d46-e648-47f9-b6a0-9c7f26654c28:c1311, d1b6a90e-e817-40a7-bec1-608b5cc7d8b6:c1311]
2019-09-11 04:25:52,834 [grpc-default-executor-2] INFO  client.GrpcClientProtocolClient (GrpcClientProtocolClient.java:onNext(264)) - client-734BBEB428D7->a5e38e3e-c2ad-4348-acb9-3fc25cfb14dd: receive RaftClientReply:client-734BBEB428D7->a5e38e3e-c2ad-4348-acb9-3fc25cfb14dd@group-7000B19605CB, cid=974, SUCCESS, logIndex=1318, commits[a5e38e3e-c2ad-4348-acb9-3fc25cfb14dd:c1319, 11e48d46-e648-47f9-b6a0-9c7f26654c28:c1317, d1b6a90e-e817-40a7-bec1-608b5cc7d8b6:c1313]
2019-09-11 04:25:52,834 [grpc-default-executor-2] INFO  client.GrpcClientProtocolClient (GrpcClientProtocolClient.java:onNext(264)) - client-734BBEB428D7->a5e38e3e-c2ad-4348-acb9-3fc25cfb14dd: receive RaftClientReply:client-734BBEB428D7->a5e38e3e-c2ad-4348-acb9-3fc25cfb14dd@group-7000B19605CB, cid=975, SUCCESS, logIndex=1319, commits[a5e38e3e-c2ad-4348-acb9-3fc25cfb14dd:c1319, 11e48d46-e648-47f9-b6a0-9c7f26654c28:c1317, d1b6a90e-e817-40a7-bec1-608b5cc7d8b6:c1317]
2019-09-11 04:25:52,855 [grpc-default-executor-1] INFO  client.GrpcClientProtocolClient (GrpcClientProtocolClient.java:onNext(264)) - client-734BBEB428D7->a5e38e3e-c2ad-4348-acb9-3fc25cfb14dd: receive RaftClientReply:client-734BBEB428D7->a5e38e3e-c2ad-4348-acb9-3fc25cfb14dd@group-7000B19605CB, cid=976, SUCCESS, logIndex=1322, commits[a5e38e3e-c2ad-4348-acb9-3fc25cfb14dd:c1323, 11e48d46-e648-47f9-b6a0-9c7f26654c28:c1321, d1b6a90e-e817-40a7-bec1-608b5cc7d8b6:c1321]
2019-09-11 04:25:52,855 [grpc-default-executor-1] INFO  client.GrpcClientProtocolClient (GrpcClientProtocolClient.java:onNext(264)) - client-734BBEB428D7->a5e38e3e-c2ad-4348-acb9-3fc25cfb14dd: receive RaftClientReply:client-734BBEB428D7->a5e38e3e-c2ad-4348-acb9-3fc25cfb14dd@group-7000B19605CB, cid=977, SUCCESS, logIndex=1323, commits[a5e38e3e-c2ad-4348-acb9-3fc25cfb14dd:c1323, 11e48d46-e648-47f9-b6a0-9c7f26654c28:c1321, d1b6a90e-e817-40a7-bec1-608b5cc7d8b6:c1321]
2019-09-11 04:25:52,865 [grpc-default-executor-1] INFO  client.GrpcClientProtocolClient (GrpcClientProtocolClient.java:onNext(264)) - client-734BBEB428D7->a5e38e3e-c2ad-4348-acb9-3fc25cfb14dd: receive RaftClientReply:client-734BBEB428D7->a5e38e3e-c2ad-4348-acb9-3fc25cfb14dd@group-7000B19605CB, cid=978, SUCCESS, logIndex=0, commits[a5e38e3e-c2ad-4348-acb9-3fc25cfb14dd:c1324, 11e48d46-e648-47f9-b6a0-9c7f26654c28:c1323, d1b6a90e-e817-40a7-bec1-608b5cc7d8b6:c1323]
2019-09-11 04:25:52,883 [grpc-default-executor-3] INFO  client.GrpcClientProtocolClient (GrpcClientProtocolClient.java:onNext(264)) - client-734BBEB428D7->a5e38e3e-c2ad-4348-acb9-3fc25cfb14dd: receive RaftClientReply:client-734BBEB428D7->a5e38e3e-c2ad-4348-acb9-3fc25cfb14dd@group-7000B19605CB, cid=979, SUCCESS, logIndex=1326, commits[a5e38e3e-c2ad-4348-acb9-3fc25cfb14dd:c1327, 11e48d46-e648-47f9-b6a0-9c7f26654c28:c1325, d1b6a90e-e817-40a7-bec1-608b5cc7d8b6:c1325]
2019-09-11 04:25:52,884 [grpc-default-executor-3] INFO  client.GrpcClientProtocolClient (GrpcClientProtocolClient.java:onNext(264)) - client-734BBEB428D7->a5e38e3e-c2ad-4348-acb9-3fc25cfb14dd: receive RaftClientReply:client-734BBEB428D7->a5e38e3e-c2ad-4348-acb9-3fc25cfb14dd@group-7000B19605CB, cid=980, SUCCESS, logIndex=1327, commits[a5e38e3e-c2ad-4348-acb9-3fc25cfb14dd:c1327, 11e48d46-e648-47f9-b6a0-9c7f26654c28:c1325, d1b6a90e-e817-40a7-bec1-608b5cc7d8b6:c1325]
2019-09-11 04:25:52,884 [grpc-default-executor-0] INFO  client.GrpcClientProtocolClient (GrpcClientProtocolClient.java:onNext(264)) - client-734BBEB428D7->a5e38e3e-c2ad-4348-acb9-3fc25cfb14dd: receive RaftClientReply:client-734BBEB428D7->a5e38e3e-c2ad-4348-acb9-3fc25cfb14dd@group-7000B19605CB, cid=981, SUCCESS, logIndex=1328, commits[a5e38e3e-c2ad-4348-acb9-3fc25cfb14dd:c1329, 11e48d46-e648-47f9-b6a0-9c7f26654c28:c1325, d1b6a90e-e817-40a7-bec1-608b5cc7d8b6:c1325]
2019-09-11 04:25:52,885 [grpc-default-executor-1] INFO  client.GrpcClientProtocolClient (GrpcClientProtocolClient.java:onNext(264)) - client-734BBEB428D7->a5e38e3e-c2ad-4348-acb9-3fc25cfb14dd: receive RaftClientReply:client-734BBEB428D7->a5e38e3e-c2ad-4348-acb9-3fc25cfb14dd@group-7000B19605CB, cid=982, SUCCESS, logIndex=1329, commits[a5e38e3e-c2ad-4348-acb9-3fc25cfb14dd:c1329, 11e48d46-e648-47f9-b6a0-9c7f26654c28:c1325, d1b6a90e-e817-40a7-bec1-608b5cc7d8b6:c1325]
2019-09-11 04:25:52,886 [grpc-default-executor-0] INFO  client.GrpcClientProtocolClient (GrpcClientProtocolClient.java:onNext(264)) - client-734BBEB428D7->a5e38e3e-c2ad-4348-acb9-3fc25cfb14dd: receive RaftClientReply:client-734BBEB428D7->a5e38e3e-c2ad-4348-acb9-3fc25cfb14dd@group-7000B19605CB, cid=983, SUCCESS, logIndex=0, commits[a5e38e3e-c2ad-4348-acb9-3fc25cfb14dd:c1331, 11e48d46-e648-47f9-b6a0-9c7f26654c28:c1327, d1b6a90e-e817-40a7-bec1-608b5cc7d8b6:c1327]
2019-09-11 04:25:52,905 [grpc-default-executor-1] INFO  client.GrpcClientProtocolClient (GrpcClientProtocolClient.java:onNext(264)) - client-734BBEB428D7->a5e38e3e-c2ad-4348-acb9-3fc25cfb14dd: receive RaftClientReply:client-734BBEB428D7->a5e38e3e-c2ad-4348-acb9-3fc25cfb14dd@group-7000B19605CB, cid=984, SUCCESS, logIndex=1334, commits[a5e38e3e-c2ad-4348-acb9-3fc25cfb14dd:c1335, 11e48d46-e648-47f9-b6a0-9c7f26654c28:c1333, d1b6a90e-e817-40a7-bec1-608b5cc7d8b6:c1333]
2019-09-11 04:25:52,905 [grpc-default-executor-1] INFO  client.GrpcClientProtocolClient (GrpcClientProtocolClient.java:onNext(264)) - client-734BBEB428D7->a5e38e3e-c2ad-4348-acb9-3fc25cfb14dd: receive RaftClientReply:client-734BBEB428D7->a5e38e3e-c2ad-4348-acb9-3fc25cfb14dd@group-7000B19605CB, cid=985, SUCCESS, logIndex=1335, commits[a5e38e3e-c2ad-4348-acb9-3fc25cfb14dd:c1335, 11e48d46-e648-47f9-b6a0-9c7f26654c28:c1333, d1b6a90e-e817-40a7-bec1-608b5cc7d8b6:c1333]
2019-09-11 04:25:52,918 [grpc-default-executor-3] INFO  client.GrpcClientProtocolClient (GrpcClientProtocolClient.java:onNext(264)) - client-734BBEB428D7->a5e38e3e-c2ad-4348-acb9-3fc25cfb14dd: receive RaftClientReply:client-734BBEB428D7->a5e38e3e-c2ad-4348-acb9-3fc25cfb14dd@group-7000B19605CB, cid=986, SUCCESS, logIndex=1338, commits[a5e38e3e-c2ad-4348-acb9-3fc25cfb14dd:c1338, 11e48d46-e648-47f9-b6a0-9c7f26654c28:c1335, d1b6a90e-e817-40a7-bec1-608b5cc7d8b6:c1335]
2019-09-11 04:25:52,918 [grpc-default-executor-3] INFO  client.GrpcClientProtocolClient (GrpcClientProtocolClient.java:onNext(264)) - client-734BBEB428D7->a5e38e3e-c2ad-4348-acb9-3fc25cfb14dd: receive RaftClientReply:client-734BBEB428D7->a5e38e3e-c2ad-4348-acb9-3fc25cfb14dd@group-7000B19605CB, cid=987, SUCCESS, logIndex=1339, commits[a5e38e3e-c2ad-4348-acb9-3fc25cfb14dd:c1339, 11e48d46-e648-47f9-b6a0-9c7f26654c28:c1335, d1b6a90e-e817-40a7-bec1-608b5cc7d8b6:c1335]
2019-09-11 04:25:52,931 [grpc-default-executor-3] INFO  client.GrpcClientProtocolClient (GrpcClientProtocolClient.java:onNext(264)) - client-734BBEB428D7->a5e38e3e-c2ad-4348-acb9-3fc25cfb14dd: receive RaftClientReply:client-734BBEB428D7->a5e38e3e-c2ad-4348-acb9-3fc25cfb14dd@group-7000B19605CB, cid=988, SUCCESS, logIndex=0, commits[a5e38e3e-c2ad-4348-acb9-3fc25cfb14dd:c1341, 11e48d46-e648-47f9-b6a0-9c7f26654c28:c1339, d1b6a90e-e817-40a7-bec1-608b5cc7d8b6:c1339]
2019-09-11 04:25:53,062 [grpc-default-executor-3] INFO  client.GrpcClientProtocolClient (GrpcClientProtocolClient.java:onNext(264)) - client-734BBEB428D7->a5e38e3e-c2ad-4348-acb9-3fc25cfb14dd: receive RaftClientReply:client-734BBEB428D7->a5e38e3e-c2ad-4348-acb9-3fc25cfb14dd@group-7000B19605CB, cid=989, SUCCESS, logIndex=1342, commits[a5e38e3e-c2ad-4348-acb9-3fc25cfb14dd:c1343, 11e48d46-e648-47f9-b6a0-9c7f26654c28:c1339, d1b6a90e-e817-40a7-bec1-608b5cc7d8b6:c1341]
2019-09-11 04:25:53,063 [grpc-default-executor-3] INFO  client.GrpcClientProtocolClient (GrpcClientProtocolClient.java:onNext(264)) - client-734BBEB428D7->a5e38e3e-c2ad-4348-acb9-3fc25cfb14dd: receive RaftClientReply:client-734BBEB428D7->a5e38e3e-c2ad-4348-acb9-3fc25cfb14dd@group-7000B19605CB, cid=990, SUCCESS, logIndex=1343, commits[a5e38e3e-c2ad-4348-acb9-3fc25cfb14dd:c1343, 11e48d46-e648-47f9-b6a0-9c7f26654c28:c1339, d1b6a90e-e817-40a7-bec1-608b5cc7d8b6:c1341]
2019-09-11 04:25:53,075 [grpc-default-executor-3] INFO  client.GrpcClientProtocolClient (GrpcClientProtocolClient.java:onNext(264)) - client-734BBEB428D7->a5e38e3e-c2ad-4348-acb9-3fc25cfb14dd: receive RaftClientReply:client-734BBEB428D7->a5e38e3e-c2ad-4348-acb9-3fc25cfb14dd@group-7000B19605CB, cid=991, SUCCESS, logIndex=1344, commits[a5e38e3e-c2ad-4348-acb9-3fc25cfb14dd:c1345, 11e48d46-e648-47f9-b6a0-9c7f26654c28:c1341, d1b6a90e-e817-40a7-bec1-608b5cc7d8b6:c1341]
2019-09-11 04:25:53,075 [grpc-default-executor-3] INFO  client.GrpcClientProtocolClient (GrpcClientProtocolClient.java:onNext(264)) - client-734BBEB428D7->a5e38e3e-c2ad-4348-acb9-3fc25cfb14dd: receive RaftClientReply:client-734BBEB428D7->a5e38e3e-c2ad-4348-acb9-3fc25cfb14dd@group-7000B19605CB, cid=992, SUCCESS, logIndex=1345, commits[a5e38e3e-c2ad-4348-acb9-3fc25cfb14dd:c1347, 11e48d46-e648-47f9-b6a0-9c7f26654c28:c1343, d1b6a90e-e817-40a7-bec1-608b5cc7d8b6:c1343]
2019-09-11 04:25:53,102 [grpc-default-executor-0] INFO  client.GrpcClientProtocolClient (GrpcClientProtocolClient.java:onNext(264)) - client-734BBEB428D7->a5e38e3e-c2ad-4348-acb9-3fc25cfb14dd: receive RaftClientReply:client-734BBEB428D7->a5e38e3e-c2ad-4348-acb9-3fc25cfb14dd@group-7000B19605CB, cid=993, SUCCESS, logIndex=1350, commits[a5e38e3e-c2ad-4348-acb9-3fc25cfb14dd:c1351, 11e48d46-e648-47f9-b6a0-9c7f26654c28:c1349, d1b6a90e-e817-40a7-bec1-608b5cc7d8b6:c1349]
2019-09-11 04:25:53,102 [grpc-default-executor-0] INFO  client.GrpcClientProtocolClient (GrpcClientProtocolClient.java:onNext(264)) - client-734BBEB428D7->a5e38e3e-c2ad-4348-acb9-3fc25cfb14dd: receive RaftClientReply:client-734BBEB428D7->a5e38e3e-c2ad-4348-acb9-3fc25cfb14dd@group-7000B19605CB, cid=994, SUCCESS, logIndex=1351, commits[a5e38e3e-c2ad-4348-acb9-3fc25cfb14dd:c1351, 11e48d46-e648-47f9-b6a0-9c7f26654c28:c1349, d1b6a90e-e817-40a7-bec1-608b5cc7d8b6:c1349]
2019-09-11 04:25:53,115 [grpc-default-executor-0] INFO  client.GrpcClientProtocolClient (GrpcClientProtocolClient.java:onNext(264)) - client-734BBEB428D7->a5e38e3e-c2ad-4348-acb9-3fc25cfb14dd: receive RaftClientReply:client-734BBEB428D7->a5e38e3e-c2ad-4348-acb9-3fc25cfb14dd@group-7000B19605CB, cid=995, SUCCESS, logIndex=1354, commits[a5e38e3e-c2ad-4348-acb9-3fc25cfb14dd:c1355, 11e48d46-e648-47f9-b6a0-9c7f26654c28:c1351, d1b6a90e-e817-40a7-bec1-608b5cc7d8b6:c1351]
2019-09-11 04:25:53,115 [grpc-default-executor-0] INFO  client.GrpcClientProtocolClient (GrpcClientProtocolClient.java:onNext(264)) - client-734BBEB428D7->a5e38e3e-c2ad-4348-acb9-3fc25cfb14dd: receive RaftClientReply:client-734BBEB428D7->a5e38e3e-c2ad-4348-acb9-3fc25cfb14dd@group-7000B19605CB, cid=996, SUCCESS, logIndex=1355, commits[a5e38e3e-c2ad-4348-acb9-3fc25cfb14dd:c1355, 11e48d46-e648-47f9-b6a0-9c7f26654c28:c1351, d1b6a90e-e817-40a7-bec1-608b5cc7d8b6:c1351]
 0.00% |█                                                                                                    |  0/1 Time: 0:00:042019-09-11 04:25:53,128 [grpc-default-executor-0] INFO  client.GrpcClientProtocolClient (GrpcClientProtocolClient.java:onNext(264)) - client-734BBEB428D7->a5e38e3e-c2ad-4348-acb9-3fc25cfb14dd: receive RaftClientReply:client-734BBEB428D7->a5e38e3e-c2ad-4348-acb9-3fc25cfb14dd@group-7000B19605CB, cid=997, SUCCESS, logIndex=0, commits[a5e38e3e-c2ad-4348-acb9-3fc25cfb14dd:c1357, 11e48d46-e648-47f9-b6a0-9c7f26654c28:c1355, d1b6a90e-e817-40a7-bec1-608b5cc7d8b6:c1355]
2019-09-11 04:25:53,149 [grpc-default-executor-0] INFO  client.GrpcClientProtocolClient (GrpcClientProtocolClient.java:onNext(264)) - client-734BBEB428D7->a5e38e3e-c2ad-4348-acb9-3fc25cfb14dd: receive RaftClientReply:client-734BBEB428D7->a5e38e3e-c2ad-4348-acb9-3fc25cfb14dd@group-7000B19605CB, cid=998, SUCCESS, logIndex=1358, commits[a5e38e3e-c2ad-4348-acb9-3fc25cfb14dd:c1359, 11e48d46-e648-47f9-b6a0-9c7f26654c28:c1357, d1b6a90e-e817-40a7-bec1-608b5cc7d8b6:c1357]
2019-09-11 04:25:53,149 [grpc-default-executor-0] INFO  client.GrpcClientProtocolClient (GrpcClientProtocolClient.java:onNext(264)) - client-734BBEB428D7->a5e38e3e-c2ad-4348-acb9-3fc25cfb14dd: receive RaftClientReply:client-734BBEB428D7->a5e38e3e-c2ad-4348-acb9-3fc25cfb14dd@group-7000B19605CB, cid=999, SUCCESS, logIndex=1359, commits[a5e38e3e-c2ad-4348-acb9-3fc25cfb14dd:c1359, 11e48d46-e648-47f9-b6a0-9c7f26654c28:c1357, d1b6a90e-e817-40a7-bec1-608b5cc7d8b6:c1357]
2019-09-11 04:25:53,150 [grpc-default-executor-0] INFO  client.GrpcClientProtocolClient (GrpcClientProtocolClient.java:onNext(264)) - client-734BBEB428D7->a5e38e3e-c2ad-4348-acb9-3fc25cfb14dd: receive RaftClientReply:client-734BBEB428D7->a5e38e3e-c2ad-4348-acb9-3fc25cfb14dd@group-7000B19605CB, cid=1000, SUCCESS, logIndex=1360, commits[a5e38e3e-c2ad-4348-acb9-3fc25cfb14dd:c1361, 11e48d46-e648-47f9-b6a0-9c7f26654c28:c1357, d1b6a90e-e817-40a7-bec1-608b5cc7d8b6:c1357]
2019-09-11 04:25:53,150 [grpc-default-executor-0] INFO  client.GrpcClientProtocolClient (GrpcClientProtocolClient.java:onNext(264)) - client-734BBEB428D7->a5e38e3e-c2ad-4348-acb9-3fc25cfb14dd: receive RaftClientReply:client-734BBEB428D7->a5e38e3e-c2ad-4348-acb9-3fc25cfb14dd@group-7000B19605CB, cid=1001, SUCCESS, logIndex=1361, commits[a5e38e3e-c2ad-4348-acb9-3fc25cfb14dd:c1361, 11e48d46-e648-47f9-b6a0-9c7f26654c28:c1357, d1b6a90e-e817-40a7-bec1-608b5cc7d8b6:c1357]
2019-09-11 04:25:53,151 [grpc-default-executor-3] INFO  client.GrpcClientProtocolClient (GrpcClientProtocolClient.java:onNext(264)) - client-734BBEB428D7->a5e38e3e-c2ad-4348-acb9-3fc25cfb14dd: receive RaftClientReply:client-734BBEB428D7->a5e38e3e-c2ad-4348-acb9-3fc25cfb14dd@group-7000B19605CB, cid=1002, SUCCESS, logIndex=0, commits[a5e38e3e-c2ad-4348-acb9-3fc25cfb14dd:c1363, 11e48d46-e648-47f9-b6a0-9c7f26654c28:c1359, d1b6a90e-e817-40a7-bec1-608b5cc7d8b6:c1359]
2019-09-11 04:25:53,169 [grpc-default-executor-0] INFO  client.GrpcClientProtocolClient (GrpcClientProtocolClient.java:onNext(264)) - client-734BBEB428D7->a5e38e3e-c2ad-4348-acb9-3fc25cfb14dd: receive RaftClientReply:client-734BBEB428D7->a5e38e3e-c2ad-4348-acb9-3fc25cfb14dd@group-7000B19605CB, cid=1003, SUCCESS, logIndex=1366, commits[a5e38e3e-c2ad-4348-acb9-3fc25cfb14dd:c1367, 11e48d46-e648-47f9-b6a0-9c7f26654c28:c1365, d1b6a90e-e817-40a7-bec1-608b5cc7d8b6:c1365]
2019-09-11 04:25:53,170 [grpc-default-executor-0] INFO  client.GrpcClientProtocolClient (GrpcClientProtocolClient.java:onNext(264)) - client-734BBEB428D7->a5e38e3e-c2ad-4348-acb9-3fc25cfb14dd: receive RaftClientReply:client-734BBEB428D7->a5e38e3e-c2ad-4348-acb9-3fc25cfb14dd@group-7000B19605CB, cid=1004, SUCCESS, logIndex=1367, commits[a5e38e3e-c2ad-4348-acb9-3fc25cfb14dd:c1367, 11e48d46-e648-47f9-b6a0-9c7f26654c28:c1365, d1b6a90e-e817-40a7-bec1-608b5cc7d8b6:c1365]
2019-09-11 04:25:53,183 [grpc-default-executor-0] INFO  client.GrpcClientProtocolClient (GrpcClientProtocolClient.java:onNext(264)) - client-734BBEB428D7->a5e38e3e-c2ad-4348-acb9-3fc25cfb14dd: receive RaftClientReply:client-734BBEB428D7->a5e38e3e-c2ad-4348-acb9-3fc25cfb14dd@group-7000B19605CB, cid=1005, SUCCESS, logIndex=1370, commits[a5e38e3e-c2ad-4348-acb9-3fc25cfb14dd:c1371, 11e48d46-e648-47f9-b6a0-9c7f26654c28:c1367, d1b6a90e-e817-40a7-bec1-608b5cc7d8b6:c1367]
2019-09-11 04:25:53,183 [grpc-default-executor-0] INFO  client.GrpcClientProtocolClient (GrpcClientProtocolClient.java:onNext(264)) - client-734BBEB428D7->a5e38e3e-c2ad-4348-acb9-3fc25cfb14dd: receive RaftClientReply:client-734BBEB428D7->a5e38e3e-c2ad-4348-acb9-3fc25cfb14dd@group-7000B19605CB, cid=1006, SUCCESS, logIndex=1371, commits[a5e38e3e-c2ad-4348-acb9-3fc25cfb14dd:c1371, 11e48d46-e648-47f9-b6a0-9c7f26654c28:c1367, d1b6a90e-e817-40a7-bec1-608b5cc7d8b6:c1367]
2019-09-11 04:25:53,195 [grpc-default-executor-0] INFO  client.GrpcClientProtocolClient (GrpcClientProtocolClient.java:onNext(264)) - client-734BBEB428D7->a5e38e3e-c2ad-4348-acb9-3fc25cfb14dd: receive RaftClientReply:client-734BBEB428D7->a5e38e3e-c2ad-4348-acb9-3fc25cfb14dd@group-7000B19605CB, cid=1007, SUCCESS, logIndex=0, commits[a5e38e3e-c2ad-4348-acb9-3fc25cfb14dd:c1373, 11e48d46-e648-47f9-b6a0-9c7f26654c28:c1371, d1b6a90e-e817-40a7-bec1-608b5cc7d8b6:c1371]
2019-09-11 04:25:53,214 [grpc-default-executor-3] INFO  client.GrpcClientProtocolClient (GrpcClientProtocolClient.java:onNext(264)) - client-734BBEB428D7->a5e38e3e-c2ad-4348-acb9-3fc25cfb14dd: receive RaftClientReply:client-734BBEB428D7->a5e38e3e-c2ad-4348-acb9-3fc25cfb14dd@group-7000B19605CB, cid=1008, SUCCESS, logIndex=1374, commits[a5e38e3e-c2ad-4348-acb9-3fc25cfb14dd:c1375, 11e48d46-e648-47f9-b6a0-9c7f26654c28:c1373, d1b6a90e-e817-40a7-bec1-608b5cc7d8b6:c1373]
2019-09-11 04:25:53,215 [grpc-default-executor-3] INFO  client.GrpcClientProtocolClient (GrpcClientProtocolClient.java:onNext(264)) - client-734BBEB428D7->a5e38e3e-c2ad-4348-acb9-3fc25cfb14dd: receive RaftClientReply:client-734BBEB428D7->a5e38e3e-c2ad-4348-acb9-3fc25cfb14dd@group-7000B19605CB, cid=1009, SUCCESS, logIndex=1375, commits[a5e38e3e-c2ad-4348-acb9-3fc25cfb14dd:c1376, 11e48d46-e648-47f9-b6a0-9c7f26654c28:c1373, d1b6a90e-e817-40a7-bec1-608b5cc7d8b6:c1373]
2019-09-11 04:25:53,215 [grpc-default-executor-3] INFO  client.GrpcClientProtocolClient (GrpcClientProtocolClient.java:onNext(264)) - client-734BBEB428D7->a5e38e3e-c2ad-4348-acb9-3fc25cfb14dd: receive RaftClientReply:client-734BBEB428D7->a5e38e3e-c2ad-4348-acb9-3fc25cfb14dd@group-7000B19605CB, cid=1010, SUCCESS, logIndex=1376, commits[a5e38e3e-c2ad-4348-acb9-3fc25cfb14dd:c1377, 11e48d46-e648-47f9-b6a0-9c7f26654c28:c1373, d1b6a90e-e817-40a7-bec1-608b5cc7d8b6:c1373]
2019-09-11 04:25:53,215 [grpc-default-executor-3] INFO  client.GrpcClientProtocolClient (GrpcClientProtocolClient.java:onNext(264)) - client-734BBEB428D7->a5e38e3e-c2ad-4348-acb9-3fc25cfb14dd: receive RaftClientReply:client-734BBEB428D7->a5e38e3e-c2ad-4348-acb9-3fc25cfb14dd@group-7000B19605CB, cid=1011, SUCCESS, logIndex=1377, commits[a5e38e3e-c2ad-4348-acb9-3fc25cfb14dd:c1377, 11e48d46-e648-47f9-b6a0-9c7f26654c28:c1373, d1b6a90e-e817-40a7-bec1-608b5cc7d8b6:c1373]
2019-09-11 04:25:53,216 [grpc-default-executor-3] INFO  client.GrpcClientProtocolClient (GrpcClientProtocolClient.java:onNext(264)) - client-734BBEB428D7->a5e38e3e-c2ad-4348-acb9-3fc25cfb14dd: receive RaftClientReply:client-734BBEB428D7->a5e38e3e-c2ad-4348-acb9-3fc25cfb14dd@group-7000B19605CB, cid=1012, SUCCESS, logIndex=0, commits[a5e38e3e-c2ad-4348-acb9-3fc25cfb14dd:c1380, 11e48d46-e648-47f9-b6a0-9c7f26654c28:c1375, d1b6a90e-e817-40a7-bec1-608b5cc7d8b6:c1376]
2019-09-11 04:25:53,234 [grpc-default-executor-3] INFO  client.GrpcClientProtocolClient (GrpcClientProtocolClient.java:onNext(264)) - client-734BBEB428D7->a5e38e3e-c2ad-4348-acb9-3fc25cfb14dd: receive RaftClientReply:client-734BBEB428D7->a5e38e3e-c2ad-4348-acb9-3fc25cfb14dd@group-7000B19605CB, cid=1013, SUCCESS, logIndex=1382, commits[a5e38e3e-c2ad-4348-acb9-3fc25cfb14dd:c1383, 11e48d46-e648-47f9-b6a0-9c7f26654c28:c1381, d1b6a90e-e817-40a7-bec1-608b5cc7d8b6:c1381]
2019-09-11 04:25:53,235 [grpc-default-executor-3] INFO  client.GrpcClientProtocolClient (GrpcClientProtocolClient.java:onNext(264)) - client-734BBEB428D7->a5e38e3e-c2ad-4348-acb9-3fc25cfb14dd: receive RaftClientReply:client-734BBEB428D7->a5e38e3e-c2ad-4348-acb9-3fc25cfb14dd@group-7000B19605CB, cid=1014, SUCCESS, logIndex=1383, commits[a5e38e3e-c2ad-4348-acb9-3fc25cfb14dd:c1383, 11e48d46-e648-47f9-b6a0-9c7f26654c28:c1381, d1b6a90e-e817-40a7-bec1-608b5cc7d8b6:c1381]
2019-09-11 04:25:53,265 [grpc-default-executor-3] INFO  client.GrpcClientProtocolClient (GrpcClientProtocolClient.java:onNext(264)) - client-734BBEB428D7->a5e38e3e-c2ad-4348-acb9-3fc25cfb14dd: receive RaftClientReply:client-734BBEB428D7->a5e38e3e-c2ad-4348-acb9-3fc25cfb14dd@group-7000B19605CB, cid=1015, SUCCESS, logIndex=1386, commits[a5e38e3e-c2ad-4348-acb9-3fc25cfb14dd:c1387, 11e48d46-e648-47f9-b6a0-9c7f26654c28:c1383, d1b6a90e-e817-40a7-bec1-608b5cc7d8b6:c1383]
2019-09-11 04:25:53,266 [grpc-default-executor-3] INFO  client.GrpcClientProtocolClient (GrpcClientProtocolClient.java:onNext(264)) - client-734BBEB428D7->a5e38e3e-c2ad-4348-acb9-3fc25cfb14dd: receive RaftClientReply:client-734BBEB428D7->a5e38e3e-c2ad-4348-acb9-3fc25cfb14dd@group-7000B19605CB, cid=1016, SUCCESS, logIndex=1387, commits[a5e38e3e-c2ad-4348-acb9-3fc25cfb14dd:c1387, 11e48d46-e648-47f9-b6a0-9c7f26654c28:c1383, d1b6a90e-e817-40a7-bec1-608b5cc7d8b6:c1383]
2019-09-11 04:25:53,278 [grpc-default-executor-3] INFO  client.GrpcClientProtocolClient (GrpcClientProtocolClient.java:onNext(264)) - client-734BBEB428D7->a5e38e3e-c2ad-4348-acb9-3fc25cfb14dd: receive RaftClientReply:client-734BBEB428D7->a5e38e3e-c2ad-4348-acb9-3fc25cfb14dd@group-7000B19605CB, cid=1017, SUCCESS, logIndex=0, commits[a5e38e3e-c2ad-4348-acb9-3fc25cfb14dd:c1389, 11e48d46-e648-47f9-b6a0-9c7f26654c28:c1387, d1b6a90e-e817-40a7-bec1-608b5cc7d8b6:c1387]
2019-09-11 04:25:53,295 [grpc-default-executor-1] INFO  client.GrpcClientProtocolClient (GrpcClientProtocolClient.java:onNext(264)) - client-734BBEB428D7->a5e38e3e-c2ad-4348-acb9-3fc25cfb14dd: receive RaftClientReply:client-734BBEB428D7->a5e38e3e-c2ad-4348-acb9-3fc25cfb14dd@group-7000B19605CB, cid=1018, SUCCESS, logIndex=1390, commits[a5e38e3e-c2ad-4348-acb9-3fc25cfb14dd:c1391, 11e48d46-e648-47f9-b6a0-9c7f26654c28:c1389, d1b6a90e-e817-40a7-bec1-608b5cc7d8b6:c1389]
2019-09-11 04:25:53,295 [grpc-default-executor-1] INFO  client.GrpcClientProtocolClient (GrpcClientProtocolClient.java:onNext(264)) - client-734BBEB428D7->a5e38e3e-c2ad-4348-acb9-3fc25cfb14dd: receive RaftClientReply:client-734BBEB428D7->a5e38e3e-c2ad-4348-acb9-3fc25cfb14dd@group-7000B19605CB, cid=1019, SUCCESS, logIndex=1391, commits[a5e38e3e-c2ad-4348-acb9-3fc25cfb14dd:c1393, 11e48d46-e648-47f9-b6a0-9c7f26654c28:c1389, d1b6a90e-e817-40a7-bec1-608b5cc7d8b6:c1389]
2019-09-11 04:25:53,296 [grpc-default-executor-1] INFO  client.GrpcClientProtocolClient (GrpcClientProtocolClient.java:onNext(264)) - client-734BBEB428D7->a5e38e3e-c2ad-4348-acb9-3fc25cfb14dd: receive RaftClientReply:client-734BBEB428D7->a5e38e3e-c2ad-4348-acb9-3fc25cfb14dd@group-7000B19605CB, cid=1020, SUCCESS, logIndex=1392, commits[a5e38e3e-c2ad-4348-acb9-3fc25cfb14dd:c1393, 11e48d46-e648-47f9-b6a0-9c7f26654c28:c1389, d1b6a90e-e817-40a7-bec1-608b5cc7d8b6:c1389]
2019-09-11 04:25:53,296 [grpc-default-executor-0] INFO  client.GrpcClientProtocolClient (GrpcClientProtocolClient.java:onNext(264)) - client-734BBEB428D7->a5e38e3e-c2ad-4348-acb9-3fc25cfb14dd: receive RaftClientReply:client-734BBEB428D7->a5e38e3e-c2ad-4348-acb9-3fc25cfb14dd@group-7000B19605CB, cid=1021, SUCCESS, logIndex=1393, commits[a5e38e3e-c2ad-4348-acb9-3fc25cfb14dd:c1393, 11e48d46-e648-47f9-b6a0-9c7f26654c28:c1389, d1b6a90e-e817-40a7-bec1-608b5cc7d8b6:c1389]
2019-09-11 04:25:53,298 [grpc-default-executor-0] INFO  client.GrpcClientProtocolClient (GrpcClientProtocolClient.java:onNext(264)) - client-734BBEB428D7->a5e38e3e-c2ad-4348-acb9-3fc25cfb14dd: receive RaftClientReply:client-734BBEB428D7->a5e38e3e-c2ad-4348-acb9-3fc25cfb14dd@group-7000B19605CB, cid=1022, SUCCESS, logIndex=0, commits[a5e38e3e-c2ad-4348-acb9-3fc25cfb14dd:c1397, 11e48d46-e648-47f9-b6a0-9c7f26654c28:c1391, d1b6a90e-e817-40a7-bec1-608b5cc7d8b6:c1393]
2019-09-11 04:25:53,314 [grpc-default-executor-0] INFO  client.GrpcClientProtocolClient (GrpcClientProtocolClient.java:onNext(264)) - client-734BBEB428D7->a5e38e3e-c2ad-4348-acb9-3fc25cfb14dd: receive RaftClientReply:client-734BBEB428D7->a5e38e3e-c2ad-4348-acb9-3fc25cfb14dd@group-7000B19605CB, cid=1023, SUCCESS, logIndex=1398, commits[a5e38e3e-c2ad-4348-acb9-3fc25cfb14dd:c1399, 11e48d46-e648-47f9-b6a0-9c7f26654c28:c1397, d1b6a90e-e817-40a7-bec1-608b5cc7d8b6:c1397]
2019-09-11 04:25:53,314 [grpc-default-executor-0] INFO  client.GrpcClientProtocolClient (GrpcClientProtocolClient.java:onNext(264)) - client-734BBEB428D7->a5e38e3e-c2ad-4348-acb9-3fc25cfb14dd: receive RaftClientReply:client-734BBEB428D7->a5e38e3e-c2ad-4348-acb9-3fc25cfb14dd@group-7000B19605CB, cid=1024, SUCCESS, logIndex=1399, commits[a5e38e3e-c2ad-4348-acb9-3fc25cfb14dd:c1399, 11e48d46-e648-47f9-b6a0-9c7f26654c28:c1397, d1b6a90e-e817-40a7-bec1-608b5cc7d8b6:c1397]
2019-09-11 04:25:53,326 [grpc-default-executor-0] INFO  client.GrpcClientProtocolClient (GrpcClientProtocolClient.java:onNext(264)) - client-734BBEB428D7->a5e38e3e-c2ad-4348-acb9-3fc25cfb14dd: receive RaftClientReply:client-734BBEB428D7->a5e38e3e-c2ad-4348-acb9-3fc25cfb14dd@group-7000B19605CB, cid=1025, SUCCESS, logIndex=1402, commits[a5e38e3e-c2ad-4348-acb9-3fc25cfb14dd:c1402, 11e48d46-e648-47f9-b6a0-9c7f26654c28:c1399, d1b6a90e-e817-40a7-bec1-608b5cc7d8b6:c1399]
2019-09-11 04:25:53,326 [grpc-default-executor-0] INFO  client.GrpcClientProtocolClient (GrpcClientProtocolClient.java:onNext(264)) - client-734BBEB428D7->a5e38e3e-c2ad-4348-acb9-3fc25cfb14dd: receive RaftClientReply:client-734BBEB428D7->a5e38e3e-c2ad-4348-acb9-3fc25cfb14dd@group-7000B19605CB, cid=1026, SUCCESS, logIndex=1403, commits[a5e38e3e-c2ad-4348-acb9-3fc25cfb14dd:c1403, 11e48d46-e648-47f9-b6a0-9c7f26654c28:c1399, d1b6a90e-e817-40a7-bec1-608b5cc7d8b6:c1399]
2019-09-11 04:25:53,337 [grpc-default-executor-0] INFO  client.GrpcClientProtocolClient (GrpcClientProtocolClient.java:onNext(264)) - client-734BBEB428D7->a5e38e3e-c2ad-4348-acb9-3fc25cfb14dd: receive RaftClientReply:client-734BBEB428D7->a5e38e3e-c2ad-4348-acb9-3fc25cfb14dd@group-7000B19605CB, cid=1027, SUCCESS, logIndex=0, commits[a5e38e3e-c2ad-4348-acb9-3fc25cfb14dd:c1405, 11e48d46-e648-47f9-b6a0-9c7f26654c28:c1403, d1b6a90e-e817-40a7-bec1-608b5cc7d8b6:c1403]
2019-09-11 04:25:53,360 [grpc-default-executor-0] INFO  client.GrpcClientProtocolClient (GrpcClientProtocolClient.java:onNext(264)) - client-734BBEB428D7->a5e38e3e-c2ad-4348-acb9-3fc25cfb14dd: receive RaftClientReply:client-734BBEB428D7->a5e38e3e-c2ad-4348-acb9-3fc25cfb14dd@group-7000B19605CB, cid=1028, SUCCESS, logIndex=1406, commits[a5e38e3e-c2ad-4348-acb9-3fc25cfb14dd:c1408, 11e48d46-e648-47f9-b6a0-9c7f26654c28:c1405, d1b6a90e-e817-40a7-bec1-608b5cc7d8b6:c1405]
2019-09-11 04:25:53,360 [grpc-default-executor-0] INFO  client.GrpcClientProtocolClient (GrpcClientProtocolClient.java:onNext(264)) - client-734BBEB428D7->a5e38e3e-c2ad-4348-acb9-3fc25cfb14dd: receive RaftClientReply:client-734BBEB428D7->a5e38e3e-c2ad-4348-acb9-3fc25cfb14dd@group-7000B19605CB, cid=1029, SUCCESS, logIndex=1407, commits[a5e38e3e-c2ad-4348-acb9-3fc25cfb14dd:c1409, 11e48d46-e648-47f9-b6a0-9c7f26654c28:c1405, d1b6a90e-e817-40a7-bec1-608b5cc7d8b6:c1405]
2019-09-11 04:25:53,361 [grpc-default-executor-0] INFO  client.GrpcClientProtocolClient (GrpcClientProtocolClient.java:onNext(264)) - client-734BBEB428D7->a5e38e3e-c2ad-4348-acb9-3fc25cfb14dd: receive RaftClientReply:client-734BBEB428D7->a5e38e3e-c2ad-4348-acb9-3fc25cfb14dd@group-7000B19605CB, cid=1030, SUCCESS, logIndex=1408, commits[a5e38e3e-c2ad-4348-acb9-3fc25cfb14dd:c1409, 11e48d46-e648-47f9-b6a0-9c7f26654c28:c1405, d1b6a90e-e817-40a7-bec1-608b5cc7d8b6:c1405]
2019-09-11 04:25:53,361 [grpc-default-executor-0] INFO  client.GrpcClientProtocolClient (GrpcClientProtocolClient.java:onNext(264)) - client-734BBEB428D7->a5e38e3e-c2ad-4348-acb9-3fc25cfb14dd: receive RaftClientReply:client-734BBEB428D7->a5e38e3e-c2ad-4348-acb9-3fc25cfb14dd@group-7000B19605CB, cid=1031, SUCCESS, logIndex=1409, commits[a5e38e3e-c2ad-4348-acb9-3fc25cfb14dd:c1409, 11e48d46-e648-47f9-b6a0-9c7f26654c28:c1405, d1b6a90e-e817-40a7-bec1-608b5cc7d8b6:c1405]
2019-09-11 04:25:53,363 [grpc-default-executor-0] INFO  client.GrpcClientProtocolClient (GrpcClientProtocolClient.java:onNext(264)) - client-734BBEB428D7->a5e38e3e-c2ad-4348-acb9-3fc25cfb14dd: receive RaftClientReply:client-734BBEB428D7->a5e38e3e-c2ad-4348-acb9-3fc25cfb14dd@group-7000B19605CB, cid=1032, SUCCESS, logIndex=0, commits[a5e38e3e-c2ad-4348-acb9-3fc25cfb14dd:c1412, 11e48d46-e648-47f9-b6a0-9c7f26654c28:c1409, d1b6a90e-e817-40a7-bec1-608b5cc7d8b6:c1408]
2019-09-11 04:25:53,381 [grpc-default-executor-0] INFO  client.GrpcClientProtocolClient (GrpcClientProtocolClient.java:onNext(264)) - client-734BBEB428D7->a5e38e3e-c2ad-4348-acb9-3fc25cfb14dd: receive RaftClientReply:client-734BBEB428D7->a5e38e3e-c2ad-4348-acb9-3fc25cfb14dd@group-7000B19605CB, cid=1033, SUCCESS, logIndex=1413, commits[a5e38e3e-c2ad-4348-acb9-3fc25cfb14dd:c1414, 11e48d46-e648-47f9-b6a0-9c7f26654c28:c1409, d1b6a90e-e817-40a7-bec1-608b5cc7d8b6:c1412]
2019-09-11 04:25:53,382 [grpc-default-executor-0] INFO  client.GrpcClientProtocolClient (GrpcClientProtocolClient.java:onNext(264)) - client-734BBEB428D7->a5e38e3e-c2ad-4348-acb9-3fc25cfb14dd: receive RaftClientReply:client-734BBEB428D7->a5e38e3e-c2ad-4348-acb9-3fc25cfb14dd@group-7000B19605CB, cid=1034, SUCCESS, logIndex=1414, commits[a5e38e3e-c2ad-4348-acb9-3fc25cfb14dd:c1414, 11e48d46-e648-47f9-b6a0-9c7f26654c28:c1412, d1b6a90e-e817-40a7-bec1-608b5cc7d8b6:c1412]
2019-09-11 04:25:53,394 [grpc-default-executor-0] INFO  client.GrpcClientProtocolClient (GrpcClientProtocolClient.java:onNext(264)) - client-734BBEB428D7->a5e38e3e-c2ad-4348-acb9-3fc25cfb14dd: receive RaftClientReply:client-734BBEB428D7->a5e38e3e-c2ad-4348-acb9-3fc25cfb14dd@group-7000B19605CB, cid=1035, SUCCESS, logIndex=1417, commits[a5e38e3e-c2ad-4348-acb9-3fc25cfb14dd:c1417, 11e48d46-e648-47f9-b6a0-9c7f26654c28:c1414, d1b6a90e-e817-40a7-bec1-608b5cc7d8b6:c1414]
2019-09-11 04:25:53,395 [grpc-default-executor-0] INFO  client.GrpcClientProtocolClient (GrpcClientProtocolClient.java:onNext(264)) - client-734BBEB428D7->a5e38e3e-c2ad-4348-acb9-3fc25cfb14dd: receive RaftClientReply:client-734BBEB428D7->a5e38e3e-c2ad-4348-acb9-3fc25cfb14dd@group-7000B19605CB, cid=1036, SUCCESS, logIndex=1418, commits[a5e38e3e-c2ad-4348-acb9-3fc25cfb14dd:c1418, 11e48d46-e648-47f9-b6a0-9c7f26654c28:c1414, d1b6a90e-e817-40a7-bec1-608b5cc7d8b6:c1414]
2019-09-11 04:25:53,407 [grpc-default-executor-3] INFO  client.GrpcClientProtocolClient (GrpcClientProtocolClient.java:onNext(264)) - client-734BBEB428D7->a5e38e3e-c2ad-4348-acb9-3fc25cfb14dd: receive RaftClientReply:client-734BBEB428D7->a5e38e3e-c2ad-4348-acb9-3fc25cfb14dd@group-7000B19605CB, cid=1037, SUCCESS, logIndex=0, commits[a5e38e3e-c2ad-4348-acb9-3fc25cfb14dd:c1420, 11e48d46-e648-47f9-b6a0-9c7f26654c28:c1418, d1b6a90e-e817-40a7-bec1-608b5cc7d8b6:c1418]
2019-09-11 04:25:53,425 [grpc-default-executor-0] INFO  client.GrpcClientProtocolClient (GrpcClientProtocolClient.java:onNext(264)) - client-734BBEB428D7->a5e38e3e-c2ad-4348-acb9-3fc25cfb14dd: receive RaftClientReply:client-734BBEB428D7->a5e38e3e-c2ad-4348-acb9-3fc25cfb14dd@group-7000B19605CB, cid=1038, SUCCESS, logIndex=1421, commits[a5e38e3e-c2ad-4348-acb9-3fc25cfb14dd:c1422, 11e48d46-e648-47f9-b6a0-9c7f26654c28:c1420, d1b6a90e-e817-40a7-bec1-608b5cc7d8b6:c1420]
2019-09-11 04:25:53,425 [grpc-default-executor-1] INFO  client.GrpcClientProtocolClient (GrpcClientProtocolClient.java:onNext(264)) - client-734BBEB428D7->a5e38e3e-c2ad-4348-acb9-3fc25cfb14dd: receive RaftClientReply:client-734BBEB428D7->a5e38e3e-c2ad-4348-acb9-3fc25cfb14dd@group-7000B19605CB, cid=1039, SUCCESS, logIndex=1422, commits[a5e38e3e-c2ad-4348-acb9-3fc25cfb14dd:c1422, 11e48d46-e648-47f9-b6a0-9c7f26654c28:c1420, d1b6a90e-e817-40a7-bec1-608b5cc7d8b6:c1420]
2019-09-11 04:25:53,426 [grpc-default-executor-1] INFO  client.GrpcClientProtocolClient (GrpcClientProtocolClient.java:onNext(264)) - client-734BBEB428D7->a5e38e3e-c2ad-4348-acb9-3fc25cfb14dd: receive RaftClientReply:client-734BBEB428D7->a5e38e3e-c2ad-4348-acb9-3fc25cfb14dd@group-7000B19605CB, cid=1040, SUCCESS, logIndex=1423, commits[a5e38e3e-c2ad-4348-acb9-3fc25cfb14dd:c1423, 11e48d46-e648-47f9-b6a0-9c7f26654c28:c1420, d1b6a90e-e817-40a7-bec1-608b5cc7d8b6:c1420]
2019-09-11 04:25:53,426 [grpc-default-executor-1] INFO  client.GrpcClientProtocolClient (GrpcClientProtocolClient.java:onNext(264)) - client-734BBEB428D7->a5e38e3e-c2ad-4348-acb9-3fc25cfb14dd: receive RaftClientReply:client-734BBEB428D7->a5e38e3e-c2ad-4348-acb9-3fc25cfb14dd@group-7000B19605CB, cid=1041, SUCCESS, logIndex=1424, commits[a5e38e3e-c2ad-4348-acb9-3fc25cfb14dd:c1424, 11e48d46-e648-47f9-b6a0-9c7f26654c28:c1420, d1b6a90e-e817-40a7-bec1-608b5cc7d8b6:c1420]
2019-09-11 04:25:53,427 [grpc-default-executor-0] INFO  client.GrpcClientProtocolClient (GrpcClientProtocolClient.java:onNext(264)) - client-734BBEB428D7->a5e38e3e-c2ad-4348-acb9-3fc25cfb14dd: receive RaftClientReply:client-734BBEB428D7->a5e38e3e-c2ad-4348-acb9-3fc25cfb14dd@group-7000B19605CB, cid=1042, SUCCESS, logIndex=0, commits[a5e38e3e-c2ad-4348-acb9-3fc25cfb14dd:c1426, 11e48d46-e648-47f9-b6a0-9c7f26654c28:c1422, d1b6a90e-e817-40a7-bec1-608b5cc7d8b6:c1422]
2019-09-11 04:25:53,446 [grpc-default-executor-0] INFO  client.GrpcClientProtocolClient (GrpcClientProtocolClient.java:onNext(264)) - client-734BBEB428D7->a5e38e3e-c2ad-4348-acb9-3fc25cfb14dd: receive RaftClientReply:client-734BBEB428D7->a5e38e3e-c2ad-4348-acb9-3fc25cfb14dd@group-7000B19605CB, cid=1043, SUCCESS, logIndex=1429, commits[a5e38e3e-c2ad-4348-acb9-3fc25cfb14dd:c1430, 11e48d46-e648-47f9-b6a0-9c7f26654c28:c1428, d1b6a90e-e817-40a7-bec1-608b5cc7d8b6:c1428]
2019-09-11 04:25:53,446 [grpc-default-executor-0] INFO  client.GrpcClientProtocolClient (GrpcClientProtocolClient.java:onNext(264)) - client-734BBEB428D7->a5e38e3e-c2ad-4348-acb9-3fc25cfb14dd: receive RaftClientReply:client-734BBEB428D7->a5e38e3e-c2ad-4348-acb9-3fc25cfb14dd@group-7000B19605CB, cid=1044, SUCCESS, logIndex=1430, commits[a5e38e3e-c2ad-4348-acb9-3fc25cfb14dd:c1430, 11e48d46-e648-47f9-b6a0-9c7f26654c28:c1428, d1b6a90e-e817-40a7-bec1-608b5cc7d8b6:c1428]
2019-09-11 04:25:53,459 [grpc-default-executor-1] INFO  client.GrpcClientProtocolClient (GrpcClientProtocolClient.java:onNext(264)) - client-734BBEB428D7->a5e38e3e-c2ad-4348-acb9-3fc25cfb14dd: receive RaftClientReply:client-734BBEB428D7->a5e38e3e-c2ad-4348-acb9-3fc25cfb14dd@group-7000B19605CB, cid=1045, SUCCESS, logIndex=1433, commits[a5e38e3e-c2ad-4348-acb9-3fc25cfb14dd:c1433, 11e48d46-e648-47f9-b6a0-9c7f26654c28:c1430, d1b6a90e-e817-40a7-bec1-608b5cc7d8b6:c1430]
2019-09-11 04:25:53,459 [grpc-default-executor-1] INFO  client.GrpcClientProtocolClient (GrpcClientProtocolClient.java:onNext(264)) - client-734BBEB428D7->a5e38e3e-c2ad-4348-acb9-3fc25cfb14dd: receive RaftClientReply:client-734BBEB428D7->a5e38e3e-c2ad-4348-acb9-3fc25cfb14dd@group-7000B19605CB, cid=1046, SUCCESS, logIndex=1434, commits[a5e38e3e-c2ad-4348-acb9-3fc25cfb14dd:c1434, 11e48d46-e648-47f9-b6a0-9c7f26654c28:c1430, d1b6a90e-e817-40a7-bec1-608b5cc7d8b6:c1430]
2019-09-11 04:25:53,471 [grpc-default-executor-1] INFO  client.GrpcClientProtocolClient (GrpcClientProtocolClient.java:onNext(264)) - client-734BBEB428D7->a5e38e3e-c2ad-4348-acb9-3fc25cfb14dd: receive RaftClientReply:client-734BBEB428D7->a5e38e3e-c2ad-4348-acb9-3fc25cfb14dd@group-7000B19605CB, cid=1047, SUCCESS, logIndex=0, commits[a5e38e3e-c2ad-4348-acb9-3fc25cfb14dd:c1436, 11e48d46-e648-47f9-b6a0-9c7f26654c28:c1434, d1b6a90e-e817-40a7-bec1-608b5cc7d8b6:c1434]
2019-09-11 04:25:53,489 [grpc-default-executor-3] INFO  client.GrpcClientProtocolClient (GrpcClientProtocolClient.java:onNext(264)) - client-734BBEB428D7->a5e38e3e-c2ad-4348-acb9-3fc25cfb14dd: receive RaftClientReply:client-734BBEB428D7->a5e38e3e-c2ad-4348-acb9-3fc25cfb14dd@group-7000B19605CB, cid=1048, SUCCESS, logIndex=1437, commits[a5e38e3e-c2ad-4348-acb9-3fc25cfb14dd:c1438, 11e48d46-e648-47f9-b6a0-9c7f26654c28:c1436, d1b6a90e-e817-40a7-bec1-608b5cc7d8b6:c1436]
2019-09-11 04:25:53,490 [grpc-default-executor-0] INFO  client.GrpcClientProtocolClient (GrpcClientProtocolClient.java:onNext(264)) - client-734BBEB428D7->a5e38e3e-c2ad-4348-acb9-3fc25cfb14dd: receive RaftClientReply:client-734BBEB428D7->a5e38e3e-c2ad-4348-acb9-3fc25cfb14dd@group-7000B19605CB, cid=1049, SUCCESS, logIndex=1438, commits[a5e38e3e-c2ad-4348-acb9-3fc25cfb14dd:c1438, 11e48d46-e648-47f9-b6a0-9c7f26654c28:c1436, d1b6a90e-e817-40a7-bec1-608b5cc7d8b6:c1436]
2019-09-11 04:25:53,491 [grpc-default-executor-0] INFO  client.GrpcClientProtocolClient (GrpcClientProtocolClient.java:onNext(264)) - client-734BBEB428D7->a5e38e3e-c2ad-4348-acb9-3fc25cfb14dd: receive RaftClientReply:client-734BBEB428D7->a5e38e3e-c2ad-4348-acb9-3fc25cfb14dd@group-7000B19605CB, cid=1050, SUCCESS, logIndex=1439, commits[a5e38e3e-c2ad-4348-acb9-3fc25cfb14dd:c1439, 11e48d46-e648-47f9-b6a0-9c7f26654c28:c1436, d1b6a90e-e817-40a7-bec1-608b5cc7d8b6:c1436]
2019-09-11 04:25:53,491 [grpc-default-executor-0] INFO  client.GrpcClientProtocolClient (GrpcClientProtocolClient.java:onNext(264)) - client-734BBEB428D7->a5e38e3e-c2ad-4348-acb9-3fc25cfb14dd: receive RaftClientReply:client-734BBEB428D7->a5e38e3e-c2ad-4348-acb9-3fc25cfb14dd@group-7000B19605CB, cid=1051, SUCCESS, logIndex=1440, commits[a5e38e3e-c2ad-4348-acb9-3fc25cfb14dd:c1440, 11e48d46-e648-47f9-b6a0-9c7f26654c28:c1436, d1b6a90e-e817-40a7-bec1-608b5cc7d8b6:c1436]
2019-09-11 04:25:53,492 [grpc-default-executor-2] INFO  client.GrpcClientProtocolClient (GrpcClientProtocolClient.java:onNext(264)) - client-734BBEB428D7->a5e38e3e-c2ad-4348-acb9-3fc25cfb14dd: receive RaftClientReply:client-734BBEB428D7->a5e38e3e-c2ad-4348-acb9-3fc25cfb14dd@group-7000B19605CB, cid=1052, SUCCESS, logIndex=0, commits[a5e38e3e-c2ad-4348-acb9-3fc25cfb14dd:c1442, 11e48d46-e648-47f9-b6a0-9c7f26654c28:c1438, d1b6a90e-e817-40a7-bec1-608b5cc7d8b6:c1438]
2019-09-11 04:25:53,510 [grpc-default-executor-2] INFO  client.GrpcClientProtocolClient (GrpcClientProtocolClient.java:onNext(264)) - client-734BBEB428D7->a5e38e3e-c2ad-4348-acb9-3fc25cfb14dd: receive RaftClientReply:client-734BBEB428D7->a5e38e3e-c2ad-4348-acb9-3fc25cfb14dd@group-7000B19605CB, cid=1053, SUCCESS, logIndex=1445, commits[a5e38e3e-c2ad-4348-acb9-3fc25cfb14dd:c1446, 11e48d46-e648-47f9-b6a0-9c7f26654c28:c1444, d1b6a90e-e817-40a7-bec1-608b5cc7d8b6:c1444]
2019-09-11 04:25:53,511 [grpc-default-executor-2] INFO  client.GrpcClientProtocolClient (GrpcClientProtocolClient.java:onNext(264)) - client-734BBEB428D7->a5e38e3e-c2ad-4348-acb9-3fc25cfb14dd: receive RaftClientReply:client-734BBEB428D7->a5e38e3e-c2ad-4348-acb9-3fc25cfb14dd@group-7000B19605CB, cid=1054, SUCCESS, logIndex=1446, commits[a5e38e3e-c2ad-4348-acb9-3fc25cfb14dd:c1446, 11e48d46-e648-47f9-b6a0-9c7f26654c28:c1444, d1b6a90e-e817-40a7-bec1-608b5cc7d8b6:c1444]
2019-09-11 04:25:53,524 [grpc-default-executor-4] INFO  client.GrpcClientProtocolClient (GrpcClientProtocolClient.java:onNext(264)) - client-734BBEB428D7->a5e38e3e-c2ad-4348-acb9-3fc25cfb14dd: receive RaftClientReply:client-734BBEB428D7->a5e38e3e-c2ad-4348-acb9-3fc25cfb14dd@group-7000B19605CB, cid=1055, SUCCESS, logIndex=1449, commits[a5e38e3e-c2ad-4348-acb9-3fc25cfb14dd:c1450, 11e48d46-e648-47f9-b6a0-9c7f26654c28:c1446, d1b6a90e-e817-40a7-bec1-608b5cc7d8b6:c1446]
2019-09-11 04:25:53,524 [grpc-default-executor-4] INFO  client.GrpcClientProtocolClient (GrpcClientProtocolClient.java:onNext(264)) - client-734BBEB428D7->a5e38e3e-c2ad-4348-acb9-3fc25cfb14dd: receive RaftClientReply:client-734BBEB428D7->a5e38e3e-c2ad-4348-acb9-3fc25cfb14dd@group-7000B19605CB, cid=1056, SUCCESS, logIndex=1450, commits[a5e38e3e-c2ad-4348-acb9-3fc25cfb14dd:c1450, 11e48d46-e648-47f9-b6a0-9c7f26654c28:c1446, d1b6a90e-e817-40a7-bec1-608b5cc7d8b6:c1446]
2019-09-11 04:25:53,535 [grpc-default-executor-4] INFO  client.GrpcClientProtocolClient (GrpcClientProtocolClient.java:onNext(264)) - client-734BBEB428D7->a5e38e3e-c2ad-4348-acb9-3fc25cfb14dd: receive RaftClientReply:client-734BBEB428D7->a5e38e3e-c2ad-4348-acb9-3fc25cfb14dd@group-7000B19605CB, cid=1057, SUCCESS, logIndex=0, commits[a5e38e3e-c2ad-4348-acb9-3fc25cfb14dd:c1452, 11e48d46-e648-47f9-b6a0-9c7f26654c28:c1450, d1b6a90e-e817-40a7-bec1-608b5cc7d8b6:c1450]
2019-09-11 04:25:53,551 [grpc-default-executor-1] INFO  client.GrpcClientProtocolClient (GrpcClientProtocolClient.java:onNext(264)) - client-734BBEB428D7->a5e38e3e-c2ad-4348-acb9-3fc25cfb14dd: receive RaftClientReply:client-734BBEB428D7->a5e38e3e-c2ad-4348-acb9-3fc25cfb14dd@group-7000B19605CB, cid=1058, SUCCESS, logIndex=1453, commits[a5e38e3e-c2ad-4348-acb9-3fc25cfb14dd:c1454, 11e48d46-e648-47f9-b6a0-9c7f26654c28:c1452, d1b6a90e-e817-40a7-bec1-608b5cc7d8b6:c1452]
2019-09-11 04:25:53,552 [grpc-default-executor-1] INFO  client.GrpcClientProtocolClient (GrpcClientProtocolClient.java:onNext(264)) - client-734BBEB428D7->a5e38e3e-c2ad-4348-acb9-3fc25cfb14dd: receive RaftClientReply:client-734BBEB428D7->a5e38e3e-c2ad-4348-acb9-3fc25cfb14dd@group-7000B19605CB, cid=1059, SUCCESS, logIndex=1454, commits[a5e38e3e-c2ad-4348-acb9-3fc25cfb14dd:c1454, 11e48d46-e648-47f9-b6a0-9c7f26654c28:c1452, d1b6a90e-e817-40a7-bec1-608b5cc7d8b6:c1452]
2019-09-11 04:25:53,552 [grpc-default-executor-0] INFO  client.GrpcClientProtocolClient (GrpcClientProtocolClient.java:onNext(264)) - client-734BBEB428D7->a5e38e3e-c2ad-4348-acb9-3fc25cfb14dd: receive RaftClientReply:client-734BBEB428D7->a5e38e3e-c2ad-4348-acb9-3fc25cfb14dd@group-7000B19605CB, cid=1060, SUCCESS, logIndex=1455, commits[a5e38e3e-c2ad-4348-acb9-3fc25cfb14dd:c1455, 11e48d46-e648-47f9-b6a0-9c7f26654c28:c1452, d1b6a90e-e817-40a7-bec1-608b5cc7d8b6:c1452]
2019-09-11 04:25:53,552 [grpc-default-executor-0] INFO  client.GrpcClientProtocolClient (GrpcClientProtocolClient.java:onNext(264)) - client-734BBEB428D7->a5e38e3e-c2ad-4348-acb9-3fc25cfb14dd: receive RaftClientReply:client-734BBEB428D7->a5e38e3e-c2ad-4348-acb9-3fc25cfb14dd@group-7000B19605CB, cid=1061, SUCCESS, logIndex=1456, commits[a5e38e3e-c2ad-4348-acb9-3fc25cfb14dd:c1456, 11e48d46-e648-47f9-b6a0-9c7f26654c28:c1452, d1b6a90e-e817-40a7-bec1-608b5cc7d8b6:c1452]
2019-09-11 04:25:53,554 [grpc-default-executor-0] INFO  client.GrpcClientProtocolClient (GrpcClientProtocolClient.java:onNext(264)) - client-734BBEB428D7->a5e38e3e-c2ad-4348-acb9-3fc25cfb14dd: receive RaftClientReply:client-734BBEB428D7->a5e38e3e-c2ad-4348-acb9-3fc25cfb14dd@group-7000B19605CB, cid=1062, SUCCESS, logIndex=0, commits[a5e38e3e-c2ad-4348-acb9-3fc25cfb14dd:c1458, 11e48d46-e648-47f9-b6a0-9c7f26654c28:c1454, d1b6a90e-e817-40a7-bec1-608b5cc7d8b6:c1454]
2019-09-11 04:25:53,707 [grpc-default-executor-4] INFO  client.GrpcClientProtocolClient (GrpcClientProtocolClient.java:onNext(264)) - client-734BBEB428D7->a5e38e3e-c2ad-4348-acb9-3fc25cfb14dd: receive RaftClientReply:client-734BBEB428D7->a5e38e3e-c2ad-4348-acb9-3fc25cfb14dd@group-7000B19605CB, cid=1063, SUCCESS, logIndex=1461, commits[a5e38e3e-c2ad-4348-acb9-3fc25cfb14dd:c1462, 11e48d46-e648-47f9-b6a0-9c7f26654c28:c1460, d1b6a90e-e817-40a7-bec1-608b5cc7d8b6:c1460]
2019-09-11 04:25:53,707 [grpc-default-executor-4] INFO  client.GrpcClientProtocolClient (GrpcClientProtocolClient.java:onNext(264)) - client-734BBEB428D7->a5e38e3e-c2ad-4348-acb9-3fc25cfb14dd: receive RaftClientReply:client-734BBEB428D7->a5e38e3e-c2ad-4348-acb9-3fc25cfb14dd@group-7000B19605CB, cid=1064, SUCCESS, logIndex=1462, commits[a5e38e3e-c2ad-4348-acb9-3fc25cfb14dd:c1462, 11e48d46-e648-47f9-b6a0-9c7f26654c28:c1460, d1b6a90e-e817-40a7-bec1-608b5cc7d8b6:c1460]
2019-09-11 04:25:53,720 [grpc-default-executor-0] INFO  client.GrpcClientProtocolClient (GrpcClientProtocolClient.java:onNext(264)) - client-734BBEB428D7->a5e38e3e-c2ad-4348-acb9-3fc25cfb14dd: receive RaftClientReply:client-734BBEB428D7->a5e38e3e-c2ad-4348-acb9-3fc25cfb14dd@group-7000B19605CB, cid=1065, SUCCESS, logIndex=1465, commits[a5e38e3e-c2ad-4348-acb9-3fc25cfb14dd:c1466, 11e48d46-e648-47f9-b6a0-9c7f26654c28:c1462, d1b6a90e-e817-40a7-bec1-608b5cc7d8b6:c1462]
2019-09-11 04:25:53,721 [grpc-default-executor-0] INFO  client.GrpcClientProtocolClient (GrpcClientProtocolClient.java:onNext(264)) - client-734BBEB428D7->a5e38e3e-c2ad-4348-acb9-3fc25cfb14dd: receive RaftClientReply:client-734BBEB428D7->a5e38e3e-c2ad-4348-acb9-3fc25cfb14dd@group-7000B19605CB, cid=1066, SUCCESS, logIndex=1466, commits[a5e38e3e-c2ad-4348-acb9-3fc25cfb14dd:c1466, 11e48d46-e648-47f9-b6a0-9c7f26654c28:c1462, d1b6a90e-e817-40a7-bec1-608b5cc7d8b6:c1462]
2019-09-11 04:25:53,722 [grpc-default-executor-0] INFO  client.GrpcClientProtocolClient (GrpcClientProtocolClient.java:onNext(264)) - client-734BBEB428D7->a5e38e3e-c2ad-4348-acb9-3fc25cfb14dd: receive RaftClientReply:client-734BBEB428D7->a5e38e3e-c2ad-4348-acb9-3fc25cfb14dd@group-7000B19605CB, cid=1067, SUCCESS, logIndex=0, commits[a5e38e3e-c2ad-4348-acb9-3fc25cfb14dd:c1467, 11e48d46-e648-47f9-b6a0-9c7f26654c28:c1466, d1b6a90e-e817-40a7-bec1-608b5cc7d8b6:c1466]
2019-09-11 04:25:53,743 [grpc-default-executor-0] INFO  client.GrpcClientProtocolClient (GrpcClientProtocolClient.java:onNext(264)) - client-734BBEB428D7->a5e38e3e-c2ad-4348-acb9-3fc25cfb14dd: receive RaftClientReply:client-734BBEB428D7->a5e38e3e-c2ad-4348-acb9-3fc25cfb14dd@group-7000B19605CB, cid=1068, SUCCESS, logIndex=1469, commits[a5e38e3e-c2ad-4348-acb9-3fc25cfb14dd:c1470, 11e48d46-e648-47f9-b6a0-9c7f26654c28:c1468, d1b6a90e-e817-40a7-bec1-608b5cc7d8b6:c1468]
2019-09-11 04:25:53,744 [grpc-default-executor-0] INFO  client.GrpcClientProtocolClient (GrpcClientProtocolClient.java:onNext(264)) - client-734BBEB428D7->a5e38e3e-c2ad-4348-acb9-3fc25cfb14dd: receive RaftClientReply:client-734BBEB428D7->a5e38e3e-c2ad-4348-acb9-3fc25cfb14dd@group-7000B19605CB, cid=1069, SUCCESS, logIndex=1470, commits[a5e38e3e-c2ad-4348-acb9-3fc25cfb14dd:c1470, 11e48d46-e648-47f9-b6a0-9c7f26654c28:c1468, d1b6a90e-e817-40a7-bec1-608b5cc7d8b6:c1468]
2019-09-11 04:25:53,744 [grpc-default-executor-0] INFO  client.GrpcClientProtocolClient (GrpcClientProtocolClient.java:onNext(264)) - client-734BBEB428D7->a5e38e3e-c2ad-4348-acb9-3fc25cfb14dd: receive RaftClientReply:client-734BBEB428D7->a5e38e3e-c2ad-4348-acb9-3fc25cfb14dd@group-7000B19605CB, cid=1070, SUCCESS, logIndex=1471, commits[a5e38e3e-c2ad-4348-acb9-3fc25cfb14dd:c1472, 11e48d46-e648-47f9-b6a0-9c7f26654c28:c1468, d1b6a90e-e817-40a7-bec1-608b5cc7d8b6:c1468]
2019-09-11 04:25:53,745 [grpc-default-executor-0] INFO  client.GrpcClientProtocolClient (GrpcClientProtocolClient.java:onNext(264)) - client-734BBEB428D7->a5e38e3e-c2ad-4348-acb9-3fc25cfb14dd: receive RaftClientReply:client-734BBEB428D7->a5e38e3e-c2ad-4348-acb9-3fc25cfb14dd@group-7000B19605CB, cid=1071, SUCCESS, logIndex=1472, commits[a5e38e3e-c2ad-4348-acb9-3fc25cfb14dd:c1472, 11e48d46-e648-47f9-b6a0-9c7f26654c28:c1468, d1b6a90e-e817-40a7-bec1-608b5cc7d8b6:c1468]
2019-09-11 04:25:53,746 [grpc-default-executor-1] INFO  client.GrpcClientProtocolClient (GrpcClientProtocolClient.java:onNext(264)) - client-734BBEB428D7->a5e38e3e-c2ad-4348-acb9-3fc25cfb14dd: receive RaftClientReply:client-734BBEB428D7->a5e38e3e-c2ad-4348-acb9-3fc25cfb14dd@group-7000B19605CB, cid=1072, SUCCESS, logIndex=0, commits[a5e38e3e-c2ad-4348-acb9-3fc25cfb14dd:c1475, 11e48d46-e648-47f9-b6a0-9c7f26654c28:c1471, d1b6a90e-e817-40a7-bec1-608b5cc7d8b6:c1470]
2019-09-11 04:25:53,766 [grpc-default-executor-0] INFO  client.GrpcClientProtocolClient (GrpcClientProtocolClient.java:onNext(264)) - client-734BBEB428D7->a5e38e3e-c2ad-4348-acb9-3fc25cfb14dd: receive RaftClientReply:client-734BBEB428D7->a5e38e3e-c2ad-4348-acb9-3fc25cfb14dd@group-7000B19605CB, cid=1073, SUCCESS, logIndex=1477, commits[a5e38e3e-c2ad-4348-acb9-3fc25cfb14dd:c1478, 11e48d46-e648-47f9-b6a0-9c7f26654c28:c1476, d1b6a90e-e817-40a7-bec1-608b5cc7d8b6:c1476]
2019-09-11 04:25:53,767 [grpc-default-executor-0] INFO  client.GrpcClientProtocolClient (GrpcClientProtocolClient.java:onNext(264)) - client-734BBEB428D7->a5e38e3e-c2ad-4348-acb9-3fc25cfb14dd: receive RaftClientReply:client-734BBEB428D7->a5e38e3e-c2ad-4348-acb9-3fc25cfb14dd@group-7000B19605CB, cid=1074, SUCCESS, logIndex=1478, commits[a5e38e3e-c2ad-4348-acb9-3fc25cfb14dd:c1478, 11e48d46-e648-47f9-b6a0-9c7f26654c28:c1476, d1b6a90e-e817-40a7-bec1-608b5cc7d8b6:c1476]
2019-09-11 04:25:53,779 [grpc-default-executor-0] INFO  client.GrpcClientProtocolClient (GrpcClientProtocolClient.java:onNext(264)) - client-734BBEB428D7->a5e38e3e-c2ad-4348-acb9-3fc25cfb14dd: receive RaftClientReply:client-734BBEB428D7->a5e38e3e-c2ad-4348-acb9-3fc25cfb14dd@group-7000B19605CB, cid=1075, SUCCESS, logIndex=1481, commits[a5e38e3e-c2ad-4348-acb9-3fc25cfb14dd:c1481, 11e48d46-e648-47f9-b6a0-9c7f26654c28:c1478, d1b6a90e-e817-40a7-bec1-608b5cc7d8b6:c1478]
2019-09-11 04:25:53,780 [grpc-default-executor-0] INFO  client.GrpcClientProtocolClient (GrpcClientProtocolClient.java:onNext(264)) - client-734BBEB428D7->a5e38e3e-c2ad-4348-acb9-3fc25cfb14dd: receive RaftClientReply:client-734BBEB428D7->a5e38e3e-c2ad-4348-acb9-3fc25cfb14dd@group-7000B19605CB, cid=1076, SUCCESS, logIndex=1482, commits[a5e38e3e-c2ad-4348-acb9-3fc25cfb14dd:c1482, 11e48d46-e648-47f9-b6a0-9c7f26654c28:c1478, d1b6a90e-e817-40a7-bec1-608b5cc7d8b6:c1478]
2019-09-11 04:25:53,792 [grpc-default-executor-0] INFO  client.GrpcClientProtocolClient (GrpcClientProtocolClient.java:onNext(264)) - client-734BBEB428D7->a5e38e3e-c2ad-4348-acb9-3fc25cfb14dd: receive RaftClientReply:client-734BBEB428D7->a5e38e3e-c2ad-4348-acb9-3fc25cfb14dd@group-7000B19605CB, cid=1077, SUCCESS, logIndex=0, commits[a5e38e3e-c2ad-4348-acb9-3fc25cfb14dd:c1484, 11e48d46-e648-47f9-b6a0-9c7f26654c28:c1482, d1b6a90e-e817-40a7-bec1-608b5cc7d8b6:c1482]
2019-09-11 04:25:53,813 [grpc-default-executor-4] INFO  client.GrpcClientProtocolClient (GrpcClientProtocolClient.java:onNext(264)) - client-734BBEB428D7->a5e38e3e-c2ad-4348-acb9-3fc25cfb14dd: receive RaftClientReply:client-734BBEB428D7->a5e38e3e-c2ad-4348-acb9-3fc25cfb14dd@group-7000B19605CB, cid=1078, SUCCESS, logIndex=1485, commits[a5e38e3e-c2ad-4348-acb9-3fc25cfb14dd:c1486, 11e48d46-e648-47f9-b6a0-9c7f26654c28:c1484, d1b6a90e-e817-40a7-bec1-608b5cc7d8b6:c1484]
2019-09-11 04:25:53,813 [grpc-default-executor-1] INFO  client.GrpcClientProtocolClient (GrpcClientProtocolClient.java:onNext(264)) - client-734BBEB428D7->a5e38e3e-c2ad-4348-acb9-3fc25cfb14dd: receive RaftClientReply:client-734BBEB428D7->a5e38e3e-c2ad-4348-acb9-3fc25cfb14dd@group-7000B19605CB, cid=1079, SUCCESS, logIndex=1486, commits[a5e38e3e-c2ad-4348-acb9-3fc25cfb14dd:c1486, 11e48d46-e648-47f9-b6a0-9c7f26654c28:c1484, d1b6a90e-e817-40a7-bec1-608b5cc7d8b6:c1484]
2019-09-11 04:25:53,814 [grpc-default-executor-1] INFO  client.GrpcClientProtocolClient (GrpcClientProtocolClient.java:onNext(264)) - client-734BBEB428D7->a5e38e3e-c2ad-4348-acb9-3fc25cfb14dd: receive RaftClientReply:client-734BBEB428D7->a5e38e3e-c2ad-4348-acb9-3fc25cfb14dd@group-7000B19605CB, cid=1080, SUCCESS, logIndex=1487, commits[a5e38e3e-c2ad-4348-acb9-3fc25cfb14dd:c1487, 11e48d46-e648-47f9-b6a0-9c7f26654c28:c1484, d1b6a90e-e817-40a7-bec1-608b5cc7d8b6:c1484]
2019-09-11 04:25:53,814 [grpc-default-executor-1] INFO  client.GrpcClientProtocolClient (GrpcClientProtocolClient.java:onNext(264)) - client-734BBEB428D7->a5e38e3e-c2ad-4348-acb9-3fc25cfb14dd: receive RaftClientReply:client-734BBEB428D7->a5e38e3e-c2ad-4348-acb9-3fc25cfb14dd@group-7000B19605CB, cid=1081, SUCCESS, logIndex=1488, commits[a5e38e3e-c2ad-4348-acb9-3fc25cfb14dd:c1488, 11e48d46-e648-47f9-b6a0-9c7f26654c28:c1484, d1b6a90e-e817-40a7-bec1-608b5cc7d8b6:c1484]
2019-09-11 04:25:53,815 [grpc-default-executor-1] INFO  client.GrpcClientProtocolClient (GrpcClientProtocolClient.java:onNext(264)) - client-734BBEB428D7->a5e38e3e-c2ad-4348-acb9-3fc25cfb14dd: receive RaftClientReply:client-734BBEB428D7->a5e38e3e-c2ad-4348-acb9-3fc25cfb14dd@group-7000B19605CB, cid=1082, SUCCESS, logIndex=0, commits[a5e38e3e-c2ad-4348-acb9-3fc25cfb14dd:c1490, 11e48d46-e648-47f9-b6a0-9c7f26654c28:c1486, d1b6a90e-e817-40a7-bec1-608b5cc7d8b6:c1486]
2019-09-11 04:25:53,834 [grpc-default-executor-0] INFO  client.GrpcClientProtocolClient (GrpcClientProtocolClient.java:onNext(264)) - client-734BBEB428D7->a5e38e3e-c2ad-4348-acb9-3fc25cfb14dd: receive RaftClientReply:client-734BBEB428D7->a5e38e3e-c2ad-4348-acb9-3fc25cfb14dd@group-7000B19605CB, cid=1083, SUCCESS, logIndex=1493, commits[a5e38e3e-c2ad-4348-acb9-3fc25cfb14dd:c1494, 11e48d46-e648-47f9-b6a0-9c7f26654c28:c1492, d1b6a90e-e817-40a7-bec1-608b5cc7d8b6:c1492]
2019-09-11 04:25:53,835 [grpc-default-executor-0] INFO  client.GrpcClientProtocolClient (GrpcClientProtocolClient.java:onNext(264)) - client-734BBEB428D7->a5e38e3e-c2ad-4348-acb9-3fc25cfb14dd: receive RaftClientReply:client-734BBEB428D7->a5e38e3e-c2ad-4348-acb9-3fc25cfb14dd@group-7000B19605CB, cid=1084, SUCCESS, logIndex=1494, commits[a5e38e3e-c2ad-4348-acb9-3fc25cfb14dd:c1494, 11e48d46-e648-47f9-b6a0-9c7f26654c28:c1492, d1b6a90e-e817-40a7-bec1-608b5cc7d8b6:c1492]
2019-09-11 04:25:53,866 [grpc-default-executor-4] INFO  client.GrpcClientProtocolClient (GrpcClientProtocolClient.java:onNext(264)) - client-734BBEB428D7->a5e38e3e-c2ad-4348-acb9-3fc25cfb14dd: receive RaftClientReply:client-734BBEB428D7->a5e38e3e-c2ad-4348-acb9-3fc25cfb14dd@group-7000B19605CB, cid=1085, SUCCESS, logIndex=1497, commits[a5e38e3e-c2ad-4348-acb9-3fc25cfb14dd:c1498, 11e48d46-e648-47f9-b6a0-9c7f26654c28:c1494, d1b6a90e-e817-40a7-bec1-608b5cc7d8b6:c1494]
2019-09-11 04:25:53,867 [grpc-default-executor-4] INFO  client.GrpcClientProtocolClient (GrpcClientProtocolClient.java:onNext(264)) - client-734BBEB428D7->a5e38e3e-c2ad-4348-acb9-3fc25cfb14dd: receive RaftClientReply:client-734BBEB428D7->a5e38e3e-c2ad-4348-acb9-3fc25cfb14dd@group-7000B19605CB, cid=1086, SUCCESS, logIndex=1498, commits[a5e38e3e-c2ad-4348-acb9-3fc25cfb14dd:c1498, 11e48d46-e648-47f9-b6a0-9c7f26654c28:c1494, d1b6a90e-e817-40a7-bec1-608b5cc7d8b6:c1494]
2019-09-11 04:25:53,872 [grpc-default-executor-4] INFO  client.GrpcClientProtocolClient (GrpcClientProtocolClient.java:onNext(264)) - client-734BBEB428D7->a5e38e3e-c2ad-4348-acb9-3fc25cfb14dd: receive RaftClientReply:client-734BBEB428D7->a5e38e3e-c2ad-4348-acb9-3fc25cfb14dd@group-7000B19605CB, cid=1087, SUCCESS, logIndex=0, commits[a5e38e3e-c2ad-4348-acb9-3fc25cfb14dd:c1500, 11e48d46-e648-47f9-b6a0-9c7f26654c28:c1498, d1b6a90e-e817-40a7-bec1-608b5cc7d8b6:c1498]
2019-09-11 04:25:53,891 [grpc-default-executor-4] INFO  client.GrpcClientProtocolClient (GrpcClientProtocolClient.java:onNext(264)) - client-734BBEB428D7->a5e38e3e-c2ad-4348-acb9-3fc25cfb14dd: receive RaftClientReply:client-734BBEB428D7->a5e38e3e-c2ad-4348-acb9-3fc25cfb14dd@group-7000B19605CB, cid=1088, SUCCESS, logIndex=1501, commits[a5e38e3e-c2ad-4348-acb9-3fc25cfb14dd:c1502, 11e48d46-e648-47f9-b6a0-9c7f26654c28:c1500, d1b6a90e-e817-40a7-bec1-608b5cc7d8b6:c1500]
2019-09-11 04:25:53,891 [grpc-default-executor-2] INFO  client.GrpcClientProtocolClient (GrpcClientProtocolClient.java:onNext(264)) - client-734BBEB428D7->a5e38e3e-c2ad-4348-acb9-3fc25cfb14dd: receive RaftClientReply:client-734BBEB428D7->a5e38e3e-c2ad-4348-acb9-3fc25cfb14dd@group-7000B19605CB, cid=1089, SUCCESS, logIndex=1502, commits[a5e38e3e-c2ad-4348-acb9-3fc25cfb14dd:c1502, 11e48d46-e648-47f9-b6a0-9c7f26654c28:c1500, d1b6a90e-e817-40a7-bec1-608b5cc7d8b6:c1500]
2019-09-11 04:25:53,892 [grpc-default-executor-2] INFO  client.GrpcClientProtocolClient (GrpcClientProtocolClient.java:onNext(264)) - client-734BBEB428D7->a5e38e3e-c2ad-4348-acb9-3fc25cfb14dd: receive RaftClientReply:client-734BBEB428D7->a5e38e3e-c2ad-4348-acb9-3fc25cfb14dd@group-7000B19605CB, cid=1090, SUCCESS, logIndex=1503, commits[a5e38e3e-c2ad-4348-acb9-3fc25cfb14dd:c1503, 11e48d46-e648-47f9-b6a0-9c7f26654c28:c1500, d1b6a90e-e817-40a7-bec1-608b5cc7d8b6:c1500]
2019-09-11 04:25:53,892 [grpc-default-executor-2] INFO  client.GrpcClientProtocolClient (GrpcClientProtocolClient.java:onNext(264)) - client-734BBEB428D7->a5e38e3e-c2ad-4348-acb9-3fc25cfb14dd: receive RaftClientReply:client-734BBEB428D7->a5e38e3e-c2ad-4348-acb9-3fc25cfb14dd@group-7000B19605CB, cid=1091, SUCCESS, logIndex=1504, commits[a5e38e3e-c2ad-4348-acb9-3fc25cfb14dd:c1504, 11e48d46-e648-47f9-b6a0-9c7f26654c28:c1500, d1b6a90e-e817-40a7-bec1-608b5cc7d8b6:c1500]
2019-09-11 04:25:53,895 [grpc-default-executor-0] INFO  client.GrpcClientProtocolClient (GrpcClientProtocolClient.java:onNext(264)) - client-734BBEB428D7->a5e38e3e-c2ad-4348-acb9-3fc25cfb14dd: receive RaftClientReply:client-734BBEB428D7->a5e38e3e-c2ad-4348-acb9-3fc25cfb14dd@group-7000B19605CB, cid=1092, SUCCESS, logIndex=0, commits[a5e38e3e-c2ad-4348-acb9-3fc25cfb14dd:c1506, 11e48d46-e648-47f9-b6a0-9c7f26654c28:c1502, d1b6a90e-e817-40a7-bec1-608b5cc7d8b6:c1502]
2019-09-11 04:25:53,914 [grpc-default-executor-4] INFO  client.GrpcClientProtocolClient (GrpcClientProtocolClient.java:onNext(264)) - client-734BBEB428D7->a5e38e3e-c2ad-4348-acb9-3fc25cfb14dd: receive RaftClientReply:client-734BBEB428D7->a5e38e3e-c2ad-4348-acb9-3fc25cfb14dd@group-7000B19605CB, cid=1093, SUCCESS, logIndex=1509, commits[a5e38e3e-c2ad-4348-acb9-3fc25cfb14dd:c1510, 11e48d46-e648-47f9-b6a0-9c7f26654c28:c1508, d1b6a90e-e817-40a7-bec1-608b5cc7d8b6:c1508]
2019-09-11 04:25:53,914 [grpc-default-executor-4] INFO  client.GrpcClientProtocolClient (GrpcClientProtocolClient.java:onNext(264)) - client-734BBEB428D7->a5e38e3e-c2ad-4348-acb9-3fc25cfb14dd: receive RaftClientReply:client-734BBEB428D7->a5e38e3e-c2ad-4348-acb9-3fc25cfb14dd@group-7000B19605CB, cid=1094, SUCCESS, logIndex=1510, commits[a5e38e3e-c2ad-4348-acb9-3fc25cfb14dd:c1510, 11e48d46-e648-47f9-b6a0-9c7f26654c28:c1508, d1b6a90e-e817-40a7-bec1-608b5cc7d8b6:c1508]
2019-09-11 04:25:53,927 [grpc-default-executor-2] INFO  client.GrpcClientProtocolClient (GrpcClientProtocolClient.java:onNext(264)) - client-734BBEB428D7->a5e38e3e-c2ad-4348-acb9-3fc25cfb14dd: receive RaftClientReply:client-734BBEB428D7->a5e38e3e-c2ad-4348-acb9-3fc25cfb14dd@group-7000B19605CB, cid=1095, SUCCESS, logIndex=1513, commits[a5e38e3e-c2ad-4348-acb9-3fc25cfb14dd:c1514, 11e48d46-e648-47f9-b6a0-9c7f26654c28:c1510, d1b6a90e-e817-40a7-bec1-608b5cc7d8b6:c1510]
2019-09-11 04:25:53,927 [grpc-default-executor-2] INFO  client.GrpcClientProtocolClient (GrpcClientProtocolClient.java:onNext(264)) - client-734BBEB428D7->a5e38e3e-c2ad-4348-acb9-3fc25cfb14dd: receive RaftClientReply:client-734BBEB428D7->a5e38e3e-c2ad-4348-acb9-3fc25cfb14dd@group-7000B19605CB, cid=1096, SUCCESS, logIndex=1514, commits[a5e38e3e-c2ad-4348-acb9-3fc25cfb14dd:c1514, 11e48d46-e648-47f9-b6a0-9c7f26654c28:c1510, d1b6a90e-e817-40a7-bec1-608b5cc7d8b6:c1510]
2019-09-11 04:25:53,939 [grpc-default-executor-2] INFO  client.GrpcClientProtocolClient (GrpcClientProtocolClient.java:onNext(264)) - client-734BBEB428D7->a5e38e3e-c2ad-4348-acb9-3fc25cfb14dd: receive RaftClientReply:client-734BBEB428D7->a5e38e3e-c2ad-4348-acb9-3fc25cfb14dd@group-7000B19605CB, cid=1097, SUCCESS, logIndex=0, commits[a5e38e3e-c2ad-4348-acb9-3fc25cfb14dd:c1515, 11e48d46-e648-47f9-b6a0-9c7f26654c28:c1514, d1b6a90e-e817-40a7-bec1-608b5cc7d8b6:c1514]
2019-09-11 04:25:53,958 [grpc-default-executor-0] INFO  client.GrpcClientProtocolClient (GrpcClientProtocolClient.java:onNext(264)) - client-734BBEB428D7->a5e38e3e-c2ad-4348-acb9-3fc25cfb14dd: receive RaftClientReply:client-734BBEB428D7->a5e38e3e-c2ad-4348-acb9-3fc25cfb14dd@group-7000B19605CB, cid=1098, SUCCESS, logIndex=1517, commits[a5e38e3e-c2ad-4348-acb9-3fc25cfb14dd:c1517, 11e48d46-e648-47f9-b6a0-9c7f26654c28:c1516, d1b6a90e-e817-40a7-bec1-608b5cc7d8b6:c1516]
2019-09-11 04:25:53,959 [grpc-default-executor-0] INFO  client.GrpcClientProtocolClient (GrpcClientProtocolClient.java:onNext(264)) - client-734BBEB428D7->a5e38e3e-c2ad-4348-acb9-3fc25cfb14dd: receive RaftClientReply:client-734BBEB428D7->a5e38e3e-c2ad-4348-acb9-3fc25cfb14dd@group-7000B19605CB, cid=1099, SUCCESS, logIndex=1518, commits[a5e38e3e-c2ad-4348-acb9-3fc25cfb14dd:c1518, 11e48d46-e648-47f9-b6a0-9c7f26654c28:c1516, d1b6a90e-e817-40a7-bec1-608b5cc7d8b6:c1516]
2019-09-11 04:25:53,959 [grpc-default-executor-4] INFO  client.GrpcClientProtocolClient (GrpcClientProtocolClient.java:onNext(264)) - client-734BBEB428D7->a5e38e3e-c2ad-4348-acb9-3fc25cfb14dd: receive RaftClientReply:client-734BBEB428D7->a5e38e3e-c2ad-4348-acb9-3fc25cfb14dd@group-7000B19605CB, cid=1100, SUCCESS, logIndex=1519, commits[a5e38e3e-c2ad-4348-acb9-3fc25cfb14dd:c1519, 11e48d46-e648-47f9-b6a0-9c7f26654c28:c1516, d1b6a90e-e817-40a7-bec1-608b5cc7d8b6:c1516]
2019-09-11 04:25:53,959 [grpc-default-executor-4] INFO  client.GrpcClientProtocolClient (GrpcClientProtocolClient.java:onNext(264)) - client-734BBEB428D7->a5e38e3e-c2ad-4348-acb9-3fc25cfb14dd: receive RaftClientReply:client-734BBEB428D7->a5e38e3e-c2ad-4348-acb9-3fc25cfb14dd@group-7000B19605CB, cid=1101, SUCCESS, logIndex=1520, commits[a5e38e3e-c2ad-4348-acb9-3fc25cfb14dd:c1520, 11e48d46-e648-47f9-b6a0-9c7f26654c28:c1516, d1b6a90e-e817-40a7-bec1-608b5cc7d8b6:c1516]
2019-09-11 04:25:53,960 [grpc-default-executor-1] INFO  client.GrpcClientProtocolClient (GrpcClientProtocolClient.java:onNext(264)) - client-734BBEB428D7->a5e38e3e-c2ad-4348-acb9-3fc25cfb14dd: receive RaftClientReply:client-734BBEB428D7->a5e38e3e-c2ad-4348-acb9-3fc25cfb14dd@group-7000B19605CB, cid=1102, SUCCESS, logIndex=0, commits[a5e38e3e-c2ad-4348-acb9-3fc25cfb14dd:c1522, 11e48d46-e648-47f9-b6a0-9c7f26654c28:c1518, d1b6a90e-e817-40a7-bec1-608b5cc7d8b6:c1518]
2019-09-11 04:25:53,979 [grpc-default-executor-4] INFO  client.GrpcClientProtocolClient (GrpcClientProtocolClient.java:onNext(264)) - client-734BBEB428D7->a5e38e3e-c2ad-4348-acb9-3fc25cfb14dd: receive RaftClientReply:client-734BBEB428D7->a5e38e3e-c2ad-4348-acb9-3fc25cfb14dd@group-7000B19605CB, cid=1103, SUCCESS, logIndex=1525, commits[a5e38e3e-c2ad-4348-acb9-3fc25cfb14dd:c1526, 11e48d46-e648-47f9-b6a0-9c7f26654c28:c1524, d1b6a90e-e817-40a7-bec1-608b5cc7d8b6:c1524]
2019-09-11 04:25:53,979 [grpc-default-executor-4] INFO  client.GrpcClientProtocolClient (GrpcClientProtocolClient.java:onNext(264)) - client-734BBEB428D7->a5e38e3e-c2ad-4348-acb9-3fc25cfb14dd: receive RaftClientReply:client-734BBEB428D7->a5e38e3e-c2ad-4348-acb9-3fc25cfb14dd@group-7000B19605CB, cid=1104, SUCCESS, logIndex=1526, commits[a5e38e3e-c2ad-4348-acb9-3fc25cfb14dd:c1526, 11e48d46-e648-47f9-b6a0-9c7f26654c28:c1524, d1b6a90e-e817-40a7-bec1-608b5cc7d8b6:c1524]
2019-09-11 04:25:53,991 [grpc-default-executor-1] INFO  client.GrpcClientProtocolClient (GrpcClientProtocolClient.java:onNext(264)) - client-734BBEB428D7->a5e38e3e-c2ad-4348-acb9-3fc25cfb14dd: receive RaftClientReply:client-734BBEB428D7->a5e38e3e-c2ad-4348-acb9-3fc25cfb14dd@group-7000B19605CB, cid=1105, SUCCESS, logIndex=1529, commits[a5e38e3e-c2ad-4348-acb9-3fc25cfb14dd:c1529, 11e48d46-e648-47f9-b6a0-9c7f26654c28:c1526, d1b6a90e-e817-40a7-bec1-608b5cc7d8b6:c1526]
2019-09-11 04:25:53,992 [grpc-default-executor-1] INFO  client.GrpcClientProtocolClient (GrpcClientProtocolClient.java:onNext(264)) - client-734BBEB428D7->a5e38e3e-c2ad-4348-acb9-3fc25cfb14dd: receive RaftClientReply:client-734BBEB428D7->a5e38e3e-c2ad-4348-acb9-3fc25cfb14dd@group-7000B19605CB, cid=1106, SUCCESS, logIndex=1530, commits[a5e38e3e-c2ad-4348-acb9-3fc25cfb14dd:c1530, 11e48d46-e648-47f9-b6a0-9c7f26654c28:c1526, d1b6a90e-e817-40a7-bec1-608b5cc7d8b6:c1526]
2019-09-11 04:25:54,005 [grpc-default-executor-0] INFO  client.GrpcClientProtocolClient (GrpcClientProtocolClient.java:onNext(264)) - client-734BBEB428D7->a5e38e3e-c2ad-4348-acb9-3fc25cfb14dd: receive RaftClientReply:client-734BBEB428D7->a5e38e3e-c2ad-4348-acb9-3fc25cfb14dd@group-7000B19605CB, cid=1107, SUCCESS, logIndex=0, commits[a5e38e3e-c2ad-4348-acb9-3fc25cfb14dd:c1532, 11e48d46-e648-47f9-b6a0-9c7f26654c28:c1530, d1b6a90e-e817-40a7-bec1-608b5cc7d8b6:c1530]
2019-09-11 04:25:54,023 [grpc-default-executor-1] INFO  client.GrpcClientProtocolClient (GrpcClientProtocolClient.java:onNext(264)) - client-734BBEB428D7->a5e38e3e-c2ad-4348-acb9-3fc25cfb14dd: receive RaftClientReply:client-734BBEB428D7->a5e38e3e-c2ad-4348-acb9-3fc25cfb14dd@group-7000B19605CB, cid=1108, SUCCESS, logIndex=1533, commits[a5e38e3e-c2ad-4348-acb9-3fc25cfb14dd:c1534, 11e48d46-e648-47f9-b6a0-9c7f26654c28:c1532, d1b6a90e-e817-40a7-bec1-608b5cc7d8b6:c1532]
2019-09-11 04:25:54,024 [grpc-default-executor-4] INFO  client.GrpcClientProtocolClient (GrpcClientProtocolClient.java:onNext(264)) - client-734BBEB428D7->a5e38e3e-c2ad-4348-acb9-3fc25cfb14dd: receive RaftClientReply:client-734BBEB428D7->a5e38e3e-c2ad-4348-acb9-3fc25cfb14dd@group-7000B19605CB, cid=1109, SUCCESS, logIndex=1534, commits[a5e38e3e-c2ad-4348-acb9-3fc25cfb14dd:c1534, 11e48d46-e648-47f9-b6a0-9c7f26654c28:c1532, d1b6a90e-e817-40a7-bec1-608b5cc7d8b6:c1532]
2019-09-11 04:25:54,024 [grpc-default-executor-4] INFO  client.GrpcClientProtocolClient (GrpcClientProtocolClient.java:onNext(264)) - client-734BBEB428D7->a5e38e3e-c2ad-4348-acb9-3fc25cfb14dd: receive RaftClientReply:client-734BBEB428D7->a5e38e3e-c2ad-4348-acb9-3fc25cfb14dd@group-7000B19605CB, cid=1110, SUCCESS, logIndex=1535, commits[a5e38e3e-c2ad-4348-acb9-3fc25cfb14dd:c1535, 11e48d46-e648-47f9-b6a0-9c7f26654c28:c1532, d1b6a90e-e817-40a7-bec1-608b5cc7d8b6:c1532]
2019-09-11 04:25:54,025 [grpc-default-executor-4] INFO  client.GrpcClientProtocolClient (GrpcClientProtocolClient.java:onNext(264)) - client-734BBEB428D7->a5e38e3e-c2ad-4348-acb9-3fc25cfb14dd: receive RaftClientReply:client-734BBEB428D7->a5e38e3e-c2ad-4348-acb9-3fc25cfb14dd@group-7000B19605CB, cid=1111, SUCCESS, logIndex=1536, commits[a5e38e3e-c2ad-4348-acb9-3fc25cfb14dd:c1536, 11e48d46-e648-47f9-b6a0-9c7f26654c28:c1532, d1b6a90e-e817-40a7-bec1-608b5cc7d8b6:c1532]
2019-09-11 04:25:54,026 [grpc-default-executor-0] INFO  client.GrpcClientProtocolClient (GrpcClientProtocolClient.java:onNext(264)) - client-734BBEB428D7->a5e38e3e-c2ad-4348-acb9-3fc25cfb14dd: receive RaftClientReply:client-734BBEB428D7->a5e38e3e-c2ad-4348-acb9-3fc25cfb14dd@group-7000B19605CB, cid=1112, SUCCESS, logIndex=0, commits[a5e38e3e-c2ad-4348-acb9-3fc25cfb14dd:c1538, 11e48d46-e648-47f9-b6a0-9c7f26654c28:c1534, d1b6a90e-e817-40a7-bec1-608b5cc7d8b6:c1534]
2019-09-11 04:25:54,045 [grpc-default-executor-0] INFO  client.GrpcClientProtocolClient (GrpcClientProtocolClient.java:onNext(264)) - client-734BBEB428D7->a5e38e3e-c2ad-4348-acb9-3fc25cfb14dd: receive RaftClientReply:client-734BBEB428D7->a5e38e3e-c2ad-4348-acb9-3fc25cfb14dd@group-7000B19605CB, cid=1113, SUCCESS, logIndex=1541, commits[a5e38e3e-c2ad-4348-acb9-3fc25cfb14dd:c1542, 11e48d46-e648-47f9-b6a0-9c7f26654c28:c1540, d1b6a90e-e817-40a7-bec1-608b5cc7d8b6:c1540]
2019-09-11 04:25:54,045 [grpc-default-executor-0] INFO  client.GrpcClientProtocolClient (GrpcClientProtocolClient.java:onNext(264)) - client-734BBEB428D7->a5e38e3e-c2ad-4348-acb9-3fc25cfb14dd: receive RaftClientReply:client-734BBEB428D7->a5e38e3e-c2ad-4348-acb9-3fc25cfb14dd@group-7000B19605CB, cid=1114, SUCCESS, logIndex=1542, commits[a5e38e3e-c2ad-4348-acb9-3fc25cfb14dd:c1542, 11e48d46-e648-47f9-b6a0-9c7f26654c28:c1540, d1b6a90e-e817-40a7-bec1-608b5cc7d8b6:c1540]
2019-09-11 04:25:54,056 [grpc-default-executor-0] INFO  client.GrpcClientProtocolClient (GrpcClientProtocolClient.java:onNext(264)) - client-734BBEB428D7->a5e38e3e-c2ad-4348-acb9-3fc25cfb14dd: receive RaftClientReply:client-734BBEB428D7->a5e38e3e-c2ad-4348-acb9-3fc25cfb14dd@group-7000B19605CB, cid=1115, SUCCESS, logIndex=1545, commits[a5e38e3e-c2ad-4348-acb9-3fc25cfb14dd:c1545, 11e48d46-e648-47f9-b6a0-9c7f26654c28:c1542, d1b6a90e-e817-40a7-bec1-608b5cc7d8b6:c1542]
2019-09-11 04:25:54,057 [grpc-default-executor-0] INFO  client.GrpcClientProtocolClient (GrpcClientProtocolClient.java:onNext(264)) - client-734BBEB428D7->a5e38e3e-c2ad-4348-acb9-3fc25cfb14dd: receive RaftClientReply:client-734BBEB428D7->a5e38e3e-c2ad-4348-acb9-3fc25cfb14dd@group-7000B19605CB, cid=1116, SUCCESS, logIndex=1546, commits[a5e38e3e-c2ad-4348-acb9-3fc25cfb14dd:c1546, 11e48d46-e648-47f9-b6a0-9c7f26654c28:c1542, d1b6a90e-e817-40a7-bec1-608b5cc7d8b6:c1542]
2019-09-11 04:25:54,068 [grpc-default-executor-0] INFO  client.GrpcClientProtocolClient (GrpcClientProtocolClient.java:onNext(264)) - client-734BBEB428D7->a5e38e3e-c2ad-4348-acb9-3fc25cfb14dd: receive RaftClientReply:client-734BBEB428D7->a5e38e3e-c2ad-4348-acb9-3fc25cfb14dd@group-7000B19605CB, cid=1117, SUCCESS, logIndex=0, commits[a5e38e3e-c2ad-4348-acb9-3fc25cfb14dd:c1548, 11e48d46-e648-47f9-b6a0-9c7f26654c28:c1546, d1b6a90e-e817-40a7-bec1-608b5cc7d8b6:c1546]
2019-09-11 04:25:54,084 [grpc-default-executor-2] INFO  client.GrpcClientProtocolClient (GrpcClientProtocolClient.java:onNext(264)) - client-734BBEB428D7->a5e38e3e-c2ad-4348-acb9-3fc25cfb14dd: receive RaftClientReply:client-734BBEB428D7->a5e38e3e-c2ad-4348-acb9-3fc25cfb14dd@group-7000B19605CB, cid=1118, SUCCESS, logIndex=1549, commits[a5e38e3e-c2ad-4348-acb9-3fc25cfb14dd:c1550, 11e48d46-e648-47f9-b6a0-9c7f26654c28:c1548, d1b6a90e-e817-40a7-bec1-608b5cc7d8b6:c1548]
2019-09-11 04:25:54,084 [grpc-default-executor-2] INFO  client.GrpcClientProtocolClient (GrpcClientProtocolClient.java:onNext(264)) - client-734BBEB428D7->a5e38e3e-c2ad-4348-acb9-3fc25cfb14dd: receive RaftClientReply:client-734BBEB428D7->a5e38e3e-c2ad-4348-acb9-3fc25cfb14dd@group-7000B19605CB, cid=1119, SUCCESS, logIndex=1550, commits[a5e38e3e-c2ad-4348-acb9-3fc25cfb14dd:c1552, 11e48d46-e648-47f9-b6a0-9c7f26654c28:c1548, d1b6a90e-e817-40a7-bec1-608b5cc7d8b6:c1548]
2019-09-11 04:25:54,085 [grpc-default-executor-2] INFO  client.GrpcClientProtocolClient (GrpcClientProtocolClient.java:onNext(264)) - client-734BBEB428D7->a5e38e3e-c2ad-4348-acb9-3fc25cfb14dd: receive RaftClientReply:client-734BBEB428D7->a5e38e3e-c2ad-4348-acb9-3fc25cfb14dd@group-7000B19605CB, cid=1120, SUCCESS, logIndex=1551, commits[a5e38e3e-c2ad-4348-acb9-3fc25cfb14dd:c1552, 11e48d46-e648-47f9-b6a0-9c7f26654c28:c1548, d1b6a90e-e817-40a7-bec1-608b5cc7d8b6:c1548]
2019-09-11 04:25:54,085 [grpc-default-executor-2] INFO  client.GrpcClientProtocolClient (GrpcClientProtocolClient.java:onNext(264)) - client-734BBEB428D7->a5e38e3e-c2ad-4348-acb9-3fc25cfb14dd: receive RaftClientReply:client-734BBEB428D7->a5e38e3e-c2ad-4348-acb9-3fc25cfb14dd@group-7000B19605CB, cid=1121, SUCCESS, logIndex=1552, commits[a5e38e3e-c2ad-4348-acb9-3fc25cfb14dd:c1552, 11e48d46-e648-47f9-b6a0-9c7f26654c28:c1548, d1b6a90e-e817-40a7-bec1-608b5cc7d8b6:c1548]
2019-09-11 04:25:54,087 [grpc-default-executor-2] INFO  client.GrpcClientProtocolClient (GrpcClientProtocolClient.java:onNext(264)) - client-734BBEB428D7->a5e38e3e-c2ad-4348-acb9-3fc25cfb14dd: receive RaftClientReply:client-734BBEB428D7->a5e38e3e-c2ad-4348-acb9-3fc25cfb14dd@group-7000B19605CB, cid=1122, SUCCESS, logIndex=0, commits[a5e38e3e-c2ad-4348-acb9-3fc25cfb14dd:c1554, 11e48d46-e648-47f9-b6a0-9c7f26654c28:c1550, d1b6a90e-e817-40a7-bec1-608b5cc7d8b6:c1550]
2019-09-11 04:25:54,110 [grpc-default-executor-0] INFO  client.GrpcClientProtocolClient (GrpcClientProtocolClient.java:onNext(264)) - client-734BBEB428D7->a5e38e3e-c2ad-4348-acb9-3fc25cfb14dd: receive RaftClientReply:client-734BBEB428D7->a5e38e3e-c2ad-4348-acb9-3fc25cfb14dd@group-7000B19605CB, cid=1123, SUCCESS, logIndex=1556, commits[a5e38e3e-c2ad-4348-acb9-3fc25cfb14dd:c1557, 11e48d46-e648-47f9-b6a0-9c7f26654c28:c1555, d1b6a90e-e817-40a7-bec1-608b5cc7d8b6:c1555]
2019-09-11 04:25:54,110 [grpc-default-executor-0] INFO  client.GrpcClientProtocolClient (GrpcClientProtocolClient.java:onNext(264)) - client-734BBEB428D7->a5e38e3e-c2ad-4348-acb9-3fc25cfb14dd: receive RaftClientReply:client-734BBEB428D7->a5e38e3e-c2ad-4348-acb9-3fc25cfb14dd@group-7000B19605CB, cid=1124, SUCCESS, logIndex=1557, commits[a5e38e3e-c2ad-4348-acb9-3fc25cfb14dd:c1557, 11e48d46-e648-47f9-b6a0-9c7f26654c28:c1555, d1b6a90e-e817-40a7-bec1-608b5cc7d8b6:c1555]
2019-09-11 04:25:54,122 [grpc-default-executor-4] INFO  client.GrpcClientProtocolClient (GrpcClientProtocolClient.java:onNext(264)) - client-734BBEB428D7->a5e38e3e-c2ad-4348-acb9-3fc25cfb14dd: receive RaftClientReply:client-734BBEB428D7->a5e38e3e-c2ad-4348-acb9-3fc25cfb14dd@group-7000B19605CB, cid=1125, SUCCESS, logIndex=1560, commits[a5e38e3e-c2ad-4348-acb9-3fc25cfb14dd:c1560, 11e48d46-e648-47f9-b6a0-9c7f26654c28:c1557, d1b6a90e-e817-40a7-bec1-608b5cc7d8b6:c1557]
2019-09-11 04:25:54,123 [grpc-default-executor-4] INFO  client.GrpcClientProtocolClient (GrpcClientProtocolClient.java:onNext(264)) - client-734BBEB428D7->a5e38e3e-c2ad-4348-acb9-3fc25cfb14dd: receive RaftClientReply:client-734BBEB428D7->a5e38e3e-c2ad-4348-acb9-3fc25cfb14dd@group-7000B19605CB, cid=1126, SUCCESS, logIndex=1561, commits[a5e38e3e-c2ad-4348-acb9-3fc25cfb14dd:c1561, 11e48d46-e648-47f9-b6a0-9c7f26654c28:c1557, d1b6a90e-e817-40a7-bec1-608b5cc7d8b6:c1557]
 0.00% |█                                                                                                    |  0/1 Time: 0:00:052019-09-11 04:25:54,135 [grpc-default-executor-0] INFO  client.GrpcClientProtocolClient (GrpcClientProtocolClient.java:onNext(264)) - client-734BBEB428D7->a5e38e3e-c2ad-4348-acb9-3fc25cfb14dd: receive RaftClientReply:client-734BBEB428D7->a5e38e3e-c2ad-4348-acb9-3fc25cfb14dd@group-7000B19605CB, cid=1127, SUCCESS, logIndex=0, commits[a5e38e3e-c2ad-4348-acb9-3fc25cfb14dd:c1563, 11e48d46-e648-47f9-b6a0-9c7f26654c28:c1561, d1b6a90e-e817-40a7-bec1-608b5cc7d8b6:c1561]
2019-09-11 04:25:54,154 [grpc-default-executor-4] INFO  client.GrpcClientProtocolClient (GrpcClientProtocolClient.java:onNext(264)) - client-734BBEB428D7->a5e38e3e-c2ad-4348-acb9-3fc25cfb14dd: receive RaftClientReply:client-734BBEB428D7->a5e38e3e-c2ad-4348-acb9-3fc25cfb14dd@group-7000B19605CB, cid=1128, SUCCESS, logIndex=1564, commits[a5e38e3e-c2ad-4348-acb9-3fc25cfb14dd:c1565, 11e48d46-e648-47f9-b6a0-9c7f26654c28:c1561, d1b6a90e-e817-40a7-bec1-608b5cc7d8b6:c1563]
2019-09-11 04:25:54,154 [grpc-default-executor-4] INFO  client.GrpcClientProtocolClient (GrpcClientProtocolClient.java:onNext(264)) - client-734BBEB428D7->a5e38e3e-c2ad-4348-acb9-3fc25cfb14dd: receive RaftClientReply:client-734BBEB428D7->a5e38e3e-c2ad-4348-acb9-3fc25cfb14dd@group-7000B19605CB, cid=1129, SUCCESS, logIndex=1565, commits[a5e38e3e-c2ad-4348-acb9-3fc25cfb14dd:c1565, 11e48d46-e648-47f9-b6a0-9c7f26654c28:c1563, d1b6a90e-e817-40a7-bec1-608b5cc7d8b6:c1563]
2019-09-11 04:25:54,155 [grpc-default-executor-0] INFO  client.GrpcClientProtocolClient (GrpcClientProtocolClient.java:onNext(264)) - client-734BBEB428D7->a5e38e3e-c2ad-4348-acb9-3fc25cfb14dd: receive RaftClientReply:client-734BBEB428D7->a5e38e3e-c2ad-4348-acb9-3fc25cfb14dd@group-7000B19605CB, cid=1130, SUCCESS, logIndex=1566, commits[a5e38e3e-c2ad-4348-acb9-3fc25cfb14dd:c1567, 11e48d46-e648-47f9-b6a0-9c7f26654c28:c1563, d1b6a90e-e817-40a7-bec1-608b5cc7d8b6:c1563]
2019-09-11 04:25:54,155 [grpc-default-executor-0] INFO  client.GrpcClientProtocolClient (GrpcClientProtocolClient.java:onNext(264)) - client-734BBEB428D7->a5e38e3e-c2ad-4348-acb9-3fc25cfb14dd: receive RaftClientReply:client-734BBEB428D7->a5e38e3e-c2ad-4348-acb9-3fc25cfb14dd@group-7000B19605CB, cid=1131, SUCCESS, logIndex=1567, commits[a5e38e3e-c2ad-4348-acb9-3fc25cfb14dd:c1567, 11e48d46-e648-47f9-b6a0-9c7f26654c28:c1563, d1b6a90e-e817-40a7-bec1-608b5cc7d8b6:c1563]
2019-09-11 04:25:54,156 [grpc-default-executor-4] INFO  client.GrpcClientProtocolClient (GrpcClientProtocolClient.java:onNext(264)) - client-734BBEB428D7->a5e38e3e-c2ad-4348-acb9-3fc25cfb14dd: receive RaftClientReply:client-734BBEB428D7->a5e38e3e-c2ad-4348-acb9-3fc25cfb14dd@group-7000B19605CB, cid=1132, SUCCESS, logIndex=0, commits[a5e38e3e-c2ad-4348-acb9-3fc25cfb14dd:c1568, 11e48d46-e648-47f9-b6a0-9c7f26654c28:c1565, d1b6a90e-e817-40a7-bec1-608b5cc7d8b6:c1565]
2019-09-11 04:25:54,175 [grpc-default-executor-0] INFO  client.GrpcClientProtocolClient (GrpcClientProtocolClient.java:onNext(264)) - client-734BBEB428D7->a5e38e3e-c2ad-4348-acb9-3fc25cfb14dd: receive RaftClientReply:client-734BBEB428D7->a5e38e3e-c2ad-4348-acb9-3fc25cfb14dd@group-7000B19605CB, cid=1133, SUCCESS, logIndex=1571, commits[a5e38e3e-c2ad-4348-acb9-3fc25cfb14dd:c1572, 11e48d46-e648-47f9-b6a0-9c7f26654c28:c1570, d1b6a90e-e817-40a7-bec1-608b5cc7d8b6:c1570]
2019-09-11 04:25:54,176 [grpc-default-executor-0] INFO  client.GrpcClientProtocolClient (GrpcClientProtocolClient.java:onNext(264)) - client-734BBEB428D7->a5e38e3e-c2ad-4348-acb9-3fc25cfb14dd: receive RaftClientReply:client-734BBEB428D7->a5e38e3e-c2ad-4348-acb9-3fc25cfb14dd@group-7000B19605CB, cid=1134, SUCCESS, logIndex=1572, commits[a5e38e3e-c2ad-4348-acb9-3fc25cfb14dd:c1572, 11e48d46-e648-47f9-b6a0-9c7f26654c28:c1570, d1b6a90e-e817-40a7-bec1-608b5cc7d8b6:c1570]
2019-09-11 04:25:54,188 [grpc-default-executor-4] INFO  client.GrpcClientProtocolClient (GrpcClientProtocolClient.java:onNext(264)) - client-734BBEB428D7->a5e38e3e-c2ad-4348-acb9-3fc25cfb14dd: receive RaftClientReply:client-734BBEB428D7->a5e38e3e-c2ad-4348-acb9-3fc25cfb14dd@group-7000B19605CB, cid=1135, SUCCESS, logIndex=1575, commits[a5e38e3e-c2ad-4348-acb9-3fc25cfb14dd:c1575, 11e48d46-e648-47f9-b6a0-9c7f26654c28:c1572, d1b6a90e-e817-40a7-bec1-608b5cc7d8b6:c1572]
2019-09-11 04:25:54,188 [grpc-default-executor-4] INFO  client.GrpcClientProtocolClient (GrpcClientProtocolClient.java:onNext(264)) - client-734BBEB428D7->a5e38e3e-c2ad-4348-acb9-3fc25cfb14dd: receive RaftClientReply:client-734BBEB428D7->a5e38e3e-c2ad-4348-acb9-3fc25cfb14dd@group-7000B19605CB, cid=1136, SUCCESS, logIndex=1576, commits[a5e38e3e-c2ad-4348-acb9-3fc25cfb14dd:c1576, 11e48d46-e648-47f9-b6a0-9c7f26654c28:c1572, d1b6a90e-e817-40a7-bec1-608b5cc7d8b6:c1572]
2019-09-11 04:25:54,322 [grpc-default-executor-4] INFO  client.GrpcClientProtocolClient (GrpcClientProtocolClient.java:onNext(264)) - client-734BBEB428D7->a5e38e3e-c2ad-4348-acb9-3fc25cfb14dd: receive RaftClientReply:client-734BBEB428D7->a5e38e3e-c2ad-4348-acb9-3fc25cfb14dd@group-7000B19605CB, cid=1137, SUCCESS, logIndex=0, commits[a5e38e3e-c2ad-4348-acb9-3fc25cfb14dd:c1578, 11e48d46-e648-47f9-b6a0-9c7f26654c28:c1576, d1b6a90e-e817-40a7-bec1-608b5cc7d8b6:c1576]
2019-09-11 04:25:54,343 [grpc-default-executor-4] INFO  client.GrpcClientProtocolClient (GrpcClientProtocolClient.java:onNext(264)) - client-734BBEB428D7->a5e38e3e-c2ad-4348-acb9-3fc25cfb14dd: receive RaftClientReply:client-734BBEB428D7->a5e38e3e-c2ad-4348-acb9-3fc25cfb14dd@group-7000B19605CB, cid=1138, SUCCESS, logIndex=1579, commits[a5e38e3e-c2ad-4348-acb9-3fc25cfb14dd:c1580, 11e48d46-e648-47f9-b6a0-9c7f26654c28:c1578, d1b6a90e-e817-40a7-bec1-608b5cc7d8b6:c1578]
2019-09-11 04:25:54,343 [grpc-default-executor-2] INFO  client.GrpcClientProtocolClient (GrpcClientProtocolClient.java:onNext(264)) - client-734BBEB428D7->a5e38e3e-c2ad-4348-acb9-3fc25cfb14dd: receive RaftClientReply:client-734BBEB428D7->a5e38e3e-c2ad-4348-acb9-3fc25cfb14dd@group-7000B19605CB, cid=1139, SUCCESS, logIndex=1580, commits[a5e38e3e-c2ad-4348-acb9-3fc25cfb14dd:c1580, 11e48d46-e648-47f9-b6a0-9c7f26654c28:c1578, d1b6a90e-e817-40a7-bec1-608b5cc7d8b6:c1578]
2019-09-11 04:25:54,344 [grpc-default-executor-2] INFO  client.GrpcClientProtocolClient (GrpcClientProtocolClient.java:onNext(264)) - client-734BBEB428D7->a5e38e3e-c2ad-4348-acb9-3fc25cfb14dd: receive RaftClientReply:client-734BBEB428D7->a5e38e3e-c2ad-4348-acb9-3fc25cfb14dd@group-7000B19605CB, cid=1140, SUCCESS, logIndex=1581, commits[a5e38e3e-c2ad-4348-acb9-3fc25cfb14dd:c1582, 11e48d46-e648-47f9-b6a0-9c7f26654c28:c1578, d1b6a90e-e817-40a7-bec1-608b5cc7d8b6:c1578]
2019-09-11 04:25:54,344 [grpc-default-executor-2] INFO  client.GrpcClientProtocolClient (GrpcClientProtocolClient.java:onNext(264)) - client-734BBEB428D7->a5e38e3e-c2ad-4348-acb9-3fc25cfb14dd: receive RaftClientReply:client-734BBEB428D7->a5e38e3e-c2ad-4348-acb9-3fc25cfb14dd@group-7000B19605CB, cid=1141, SUCCESS, logIndex=1582, commits[a5e38e3e-c2ad-4348-acb9-3fc25cfb14dd:c1582, 11e48d46-e648-47f9-b6a0-9c7f26654c28:c1578, d1b6a90e-e817-40a7-bec1-608b5cc7d8b6:c1578]
2019-09-11 04:25:54,345 [grpc-default-executor-4] INFO  client.GrpcClientProtocolClient (GrpcClientProtocolClient.java:onNext(264)) - client-734BBEB428D7->a5e38e3e-c2ad-4348-acb9-3fc25cfb14dd: receive RaftClientReply:client-734BBEB428D7->a5e38e3e-c2ad-4348-acb9-3fc25cfb14dd@group-7000B19605CB, cid=1142, SUCCESS, logIndex=0, commits[a5e38e3e-c2ad-4348-acb9-3fc25cfb14dd:c1584, 11e48d46-e648-47f9-b6a0-9c7f26654c28:c1580, d1b6a90e-e817-40a7-bec1-608b5cc7d8b6:c1580]
2019-09-11 04:25:54,368 [grpc-default-executor-2] INFO  client.GrpcClientProtocolClient (GrpcClientProtocolClient.java:onNext(264)) - client-734BBEB428D7->a5e38e3e-c2ad-4348-acb9-3fc25cfb14dd: receive RaftClientReply:client-734BBEB428D7->a5e38e3e-c2ad-4348-acb9-3fc25cfb14dd@group-7000B19605CB, cid=1143, SUCCESS, logIndex=1587, commits[a5e38e3e-c2ad-4348-acb9-3fc25cfb14dd:c1588, 11e48d46-e648-47f9-b6a0-9c7f26654c28:c1586, d1b6a90e-e817-40a7-bec1-608b5cc7d8b6:c1586]
2019-09-11 04:25:54,368 [grpc-default-executor-2] INFO  client.GrpcClientProtocolClient (GrpcClientProtocolClient.java:onNext(264)) - client-734BBEB428D7->a5e38e3e-c2ad-4348-acb9-3fc25cfb14dd: receive RaftClientReply:client-734BBEB428D7->a5e38e3e-c2ad-4348-acb9-3fc25cfb14dd@group-7000B19605CB, cid=1144, SUCCESS, logIndex=1588, commits[a5e38e3e-c2ad-4348-acb9-3fc25cfb14dd:c1588, 11e48d46-e648-47f9-b6a0-9c7f26654c28:c1586, d1b6a90e-e817-40a7-bec1-608b5cc7d8b6:c1586]
2019-09-11 04:25:54,389 [grpc-default-executor-2] INFO  client.GrpcClientProtocolClient (GrpcClientProtocolClient.java:onNext(264)) - client-734BBEB428D7->a5e38e3e-c2ad-4348-acb9-3fc25cfb14dd: receive RaftClientReply:client-734BBEB428D7->a5e38e3e-c2ad-4348-acb9-3fc25cfb14dd@group-7000B19605CB, cid=1145, SUCCESS, logIndex=1591, commits[a5e38e3e-c2ad-4348-acb9-3fc25cfb14dd:c1592, 11e48d46-e648-47f9-b6a0-9c7f26654c28:c1590, d1b6a90e-e817-40a7-bec1-608b5cc7d8b6:c1590]
2019-09-11 04:25:54,389 [grpc-default-executor-2] INFO  client.GrpcClientProtocolClient (GrpcClientProtocolClient.java:onNext(264)) - client-734BBEB428D7->a5e38e3e-c2ad-4348-acb9-3fc25cfb14dd: receive RaftClientReply:client-734BBEB428D7->a5e38e3e-c2ad-4348-acb9-3fc25cfb14dd@group-7000B19605CB, cid=1146, SUCCESS, logIndex=1592, commits[a5e38e3e-c2ad-4348-acb9-3fc25cfb14dd:c1592, 11e48d46-e648-47f9-b6a0-9c7f26654c28:c1590, d1b6a90e-e817-40a7-bec1-608b5cc7d8b6:c1590]
2019-09-11 04:25:54,401 [grpc-default-executor-4] INFO  client.GrpcClientProtocolClient (GrpcClientProtocolClient.java:onNext(264)) - client-734BBEB428D7->a5e38e3e-c2ad-4348-acb9-3fc25cfb14dd: receive RaftClientReply:client-734BBEB428D7->a5e38e3e-c2ad-4348-acb9-3fc25cfb14dd@group-7000B19605CB, cid=1147, SUCCESS, logIndex=0, commits[a5e38e3e-c2ad-4348-acb9-3fc25cfb14dd:c1593, 11e48d46-e648-47f9-b6a0-9c7f26654c28:c1592, d1b6a90e-e817-40a7-bec1-608b5cc7d8b6:c1592]
2019-09-11 04:25:54,421 [grpc-default-executor-0] INFO  client.GrpcClientProtocolClient (GrpcClientProtocolClient.java:onNext(264)) - client-734BBEB428D7->a5e38e3e-c2ad-4348-acb9-3fc25cfb14dd: receive RaftClientReply:client-734BBEB428D7->a5e38e3e-c2ad-4348-acb9-3fc25cfb14dd@group-7000B19605CB, cid=1148, SUCCESS, logIndex=1595, commits[a5e38e3e-c2ad-4348-acb9-3fc25cfb14dd:c1596, 11e48d46-e648-47f9-b6a0-9c7f26654c28:c1594, d1b6a90e-e817-40a7-bec1-608b5cc7d8b6:c1594]
2019-09-11 04:25:54,422 [grpc-default-executor-0] INFO  client.GrpcClientProtocolClient (GrpcClientProtocolClient.java:onNext(264)) - client-734BBEB428D7->a5e38e3e-c2ad-4348-acb9-3fc25cfb14dd: receive RaftClientReply:client-734BBEB428D7->a5e38e3e-c2ad-4348-acb9-3fc25cfb14dd@group-7000B19605CB, cid=1149, SUCCESS, logIndex=1596, commits[a5e38e3e-c2ad-4348-acb9-3fc25cfb14dd:c1596, 11e48d46-e648-47f9-b6a0-9c7f26654c28:c1594, d1b6a90e-e817-40a7-bec1-608b5cc7d8b6:c1594]
2019-09-11 04:25:54,422 [grpc-default-executor-0] INFO  client.GrpcClientProtocolClient (GrpcClientProtocolClient.java:onNext(264)) - client-734BBEB428D7->a5e38e3e-c2ad-4348-acb9-3fc25cfb14dd: receive RaftClientReply:client-734BBEB428D7->a5e38e3e-c2ad-4348-acb9-3fc25cfb14dd@group-7000B19605CB, cid=1150, SUCCESS, logIndex=1597, commits[a5e38e3e-c2ad-4348-acb9-3fc25cfb14dd:c1598, 11e48d46-e648-47f9-b6a0-9c7f26654c28:c1594, d1b6a90e-e817-40a7-bec1-608b5cc7d8b6:c1594]
2019-09-11 04:25:54,423 [grpc-default-executor-0] INFO  client.GrpcClientProtocolClient (GrpcClientProtocolClient.java:onNext(264)) - client-734BBEB428D7->a5e38e3e-c2ad-4348-acb9-3fc25cfb14dd: receive RaftClientReply:client-734BBEB428D7->a5e38e3e-c2ad-4348-acb9-3fc25cfb14dd@group-7000B19605CB, cid=1151, SUCCESS, logIndex=1598, commits[a5e38e3e-c2ad-4348-acb9-3fc25cfb14dd:c1598, 11e48d46-e648-47f9-b6a0-9c7f26654c28:c1594, d1b6a90e-e817-40a7-bec1-608b5cc7d8b6:c1594]
2019-09-11 04:25:54,424 [grpc-default-executor-4] INFO  client.GrpcClientProtocolClient (GrpcClientProtocolClient.java:onNext(264)) - client-734BBEB428D7->a5e38e3e-c2ad-4348-acb9-3fc25cfb14dd: receive RaftClientReply:client-734BBEB428D7->a5e38e3e-c2ad-4348-acb9-3fc25cfb14dd@group-7000B19605CB, cid=1152, SUCCESS, logIndex=0, commits[a5e38e3e-c2ad-4348-acb9-3fc25cfb14dd:c1600, 11e48d46-e648-47f9-b6a0-9c7f26654c28:c1596, d1b6a90e-e817-40a7-bec1-608b5cc7d8b6:c1596]
2019-09-11 04:25:54,443 [grpc-default-executor-4] INFO  client.GrpcClientProtocolClient (GrpcClientProtocolClient.java:onNext(264)) - client-734BBEB428D7->a5e38e3e-c2ad-4348-acb9-3fc25cfb14dd: receive RaftClientReply:client-734BBEB428D7->a5e38e3e-c2ad-4348-acb9-3fc25cfb14dd@group-7000B19605CB, cid=1153, SUCCESS, logIndex=1603, commits[a5e38e3e-c2ad-4348-acb9-3fc25cfb14dd:c1604, 11e48d46-e648-47f9-b6a0-9c7f26654c28:c1602, d1b6a90e-e817-40a7-bec1-608b5cc7d8b6:c1602]
2019-09-11 04:25:54,443 [grpc-default-executor-4] INFO  client.GrpcClientProtocolClient (GrpcClientProtocolClient.java:onNext(264)) - client-734BBEB428D7->a5e38e3e-c2ad-4348-acb9-3fc25cfb14dd: receive RaftClientReply:client-734BBEB428D7->a5e38e3e-c2ad-4348-acb9-3fc25cfb14dd@group-7000B19605CB, cid=1154, SUCCESS, logIndex=1604, commits[a5e38e3e-c2ad-4348-acb9-3fc25cfb14dd:c1604, 11e48d46-e648-47f9-b6a0-9c7f26654c28:c1602, d1b6a90e-e817-40a7-bec1-608b5cc7d8b6:c1602]
2019-09-11 04:25:54,476 [grpc-default-executor-4] INFO  client.GrpcClientProtocolClient (GrpcClientProtocolClient.java:onNext(264)) - client-734BBEB428D7->a5e38e3e-c2ad-4348-acb9-3fc25cfb14dd: receive RaftClientReply:client-734BBEB428D7->a5e38e3e-c2ad-4348-acb9-3fc25cfb14dd@group-7000B19605CB, cid=1155, SUCCESS, logIndex=1607, commits[a5e38e3e-c2ad-4348-acb9-3fc25cfb14dd:c1608, 11e48d46-e648-47f9-b6a0-9c7f26654c28:c1604, d1b6a90e-e817-40a7-bec1-608b5cc7d8b6:c1604]
2019-09-11 04:25:54,477 [grpc-default-executor-4] INFO  client.GrpcClientProtocolClient (GrpcClientProtocolClient.java:onNext(264)) - client-734BBEB428D7->a5e38e3e-c2ad-4348-acb9-3fc25cfb14dd: receive RaftClientReply:client-734BBEB428D7->a5e38e3e-c2ad-4348-acb9-3fc25cfb14dd@group-7000B19605CB, cid=1156, SUCCESS, logIndex=1608, commits[a5e38e3e-c2ad-4348-acb9-3fc25cfb14dd:c1608, 11e48d46-e648-47f9-b6a0-9c7f26654c28:c1604, d1b6a90e-e817-40a7-bec1-608b5cc7d8b6:c1604]
2019-09-11 04:25:54,489 [grpc-default-executor-0] INFO  client.GrpcClientProtocolClient (GrpcClientProtocolClient.java:onNext(264)) - client-734BBEB428D7->a5e38e3e-c2ad-4348-acb9-3fc25cfb14dd: receive RaftClientReply:client-734BBEB428D7->a5e38e3e-c2ad-4348-acb9-3fc25cfb14dd@group-7000B19605CB, cid=1157, SUCCESS, logIndex=0, commits[a5e38e3e-c2ad-4348-acb9-3fc25cfb14dd:c1610, 11e48d46-e648-47f9-b6a0-9c7f26654c28:c1608, d1b6a90e-e817-40a7-bec1-608b5cc7d8b6:c1608]
2019-09-11 04:25:54,510 [grpc-default-executor-0] INFO  client.GrpcClientProtocolClient (GrpcClientProtocolClient.java:onNext(264)) - client-734BBEB428D7->a5e38e3e-c2ad-4348-acb9-3fc25cfb14dd: receive RaftClientReply:client-734BBEB428D7->a5e38e3e-c2ad-4348-acb9-3fc25cfb14dd@group-7000B19605CB, cid=1158, SUCCESS, logIndex=1611, commits[a5e38e3e-c2ad-4348-acb9-3fc25cfb14dd:c1612, 11e48d46-e648-47f9-b6a0-9c7f26654c28:c1608, d1b6a90e-e817-40a7-bec1-608b5cc7d8b6:c1610]
2019-09-11 04:25:54,510 [grpc-default-executor-4] INFO  client.GrpcClientProtocolClient (GrpcClientProtocolClient.java:onNext(264)) - client-734BBEB428D7->a5e38e3e-c2ad-4348-acb9-3fc25cfb14dd: receive RaftClientReply:client-734BBEB428D7->a5e38e3e-c2ad-4348-acb9-3fc25cfb14dd@group-7000B19605CB, cid=1159, SUCCESS, logIndex=1612, commits[a5e38e3e-c2ad-4348-acb9-3fc25cfb14dd:c1614, 11e48d46-e648-47f9-b6a0-9c7f26654c28:c1610, d1b6a90e-e817-40a7-bec1-608b5cc7d8b6:c1610]
2019-09-11 04:25:54,511 [grpc-default-executor-4] INFO  client.GrpcClientProtocolClient (GrpcClientProtocolClient.java:onNext(264)) - client-734BBEB428D7->a5e38e3e-c2ad-4348-acb9-3fc25cfb14dd: receive RaftClientReply:client-734BBEB428D7->a5e38e3e-c2ad-4348-acb9-3fc25cfb14dd@group-7000B19605CB, cid=1160, SUCCESS, logIndex=1613, commits[a5e38e3e-c2ad-4348-acb9-3fc25cfb14dd:c1614, 11e48d46-e648-47f9-b6a0-9c7f26654c28:c1610, d1b6a90e-e817-40a7-bec1-608b5cc7d8b6:c1610]
2019-09-11 04:25:54,511 [grpc-default-executor-4] INFO  client.GrpcClientProtocolClient (GrpcClientProtocolClient.java:onNext(264)) - client-734BBEB428D7->a5e38e3e-c2ad-4348-acb9-3fc25cfb14dd: receive RaftClientReply:client-734BBEB428D7->a5e38e3e-c2ad-4348-acb9-3fc25cfb14dd@group-7000B19605CB, cid=1161, SUCCESS, logIndex=1614, commits[a5e38e3e-c2ad-4348-acb9-3fc25cfb14dd:c1614, 11e48d46-e648-47f9-b6a0-9c7f26654c28:c1610, d1b6a90e-e817-40a7-bec1-608b5cc7d8b6:c1610]
2019-09-11 04:25:54,512 [grpc-default-executor-4] INFO  client.GrpcClientProtocolClient (GrpcClientProtocolClient.java:onNext(264)) - client-734BBEB428D7->a5e38e3e-c2ad-4348-acb9-3fc25cfb14dd: receive RaftClientReply:client-734BBEB428D7->a5e38e3e-c2ad-4348-acb9-3fc25cfb14dd@group-7000B19605CB, cid=1162, SUCCESS, logIndex=0, commits[a5e38e3e-c2ad-4348-acb9-3fc25cfb14dd:c1616, 11e48d46-e648-47f9-b6a0-9c7f26654c28:c1612, d1b6a90e-e817-40a7-bec1-608b5cc7d8b6:c1612]
2019-09-11 04:25:54,531 [grpc-default-executor-0] INFO  client.GrpcClientProtocolClient (GrpcClientProtocolClient.java:onNext(264)) - client-734BBEB428D7->a5e38e3e-c2ad-4348-acb9-3fc25cfb14dd: receive RaftClientReply:client-734BBEB428D7->a5e38e3e-c2ad-4348-acb9-3fc25cfb14dd@group-7000B19605CB, cid=1163, SUCCESS, logIndex=1619, commits[a5e38e3e-c2ad-4348-acb9-3fc25cfb14dd:c1620, 11e48d46-e648-47f9-b6a0-9c7f26654c28:c1618, d1b6a90e-e817-40a7-bec1-608b5cc7d8b6:c1618]
2019-09-11 04:25:54,531 [grpc-default-executor-0] INFO  client.GrpcClientProtocolClient (GrpcClientProtocolClient.java:onNext(264)) - client-734BBEB428D7->a5e38e3e-c2ad-4348-acb9-3fc25cfb14dd: receive RaftClientReply:client-734BBEB428D7->a5e38e3e-c2ad-4348-acb9-3fc25cfb14dd@group-7000B19605CB, cid=1164, SUCCESS, logIndex=1620, commits[a5e38e3e-c2ad-4348-acb9-3fc25cfb14dd:c1620, 11e48d46-e648-47f9-b6a0-9c7f26654c28:c1618, d1b6a90e-e817-40a7-bec1-608b5cc7d8b6:c1618]
2019-09-11 04:25:54,549 [grpc-default-executor-0] INFO  client.GrpcClientProtocolClient (GrpcClientProtocolClient.java:onNext(264)) - client-734BBEB428D7->a5e38e3e-c2ad-4348-acb9-3fc25cfb14dd: receive RaftClientReply:client-734BBEB428D7->a5e38e3e-c2ad-4348-acb9-3fc25cfb14dd@group-7000B19605CB, cid=1165, SUCCESS, logIndex=1623, commits[a5e38e3e-c2ad-4348-acb9-3fc25cfb14dd:c1624, 11e48d46-e648-47f9-b6a0-9c7f26654c28:c1619, d1b6a90e-e817-40a7-bec1-608b5cc7d8b6:c1620]
2019-09-11 04:25:54,549 [grpc-default-executor-0] INFO  client.GrpcClientProtocolClient (GrpcClientProtocolClient.java:onNext(264)) - client-734BBEB428D7->a5e38e3e-c2ad-4348-acb9-3fc25cfb14dd: receive RaftClientReply:client-734BBEB428D7->a5e38e3e-c2ad-4348-acb9-3fc25cfb14dd@group-7000B19605CB, cid=1166, SUCCESS, logIndex=1624, commits[a5e38e3e-c2ad-4348-acb9-3fc25cfb14dd:c1624, 11e48d46-e648-47f9-b6a0-9c7f26654c28:c1619, d1b6a90e-e817-40a7-bec1-608b5cc7d8b6:c1620]
2019-09-11 04:25:54,557 [grpc-default-executor-2] INFO  client.GrpcClientProtocolClient (GrpcClientProtocolClient.java:onNext(264)) - client-734BBEB428D7->a5e38e3e-c2ad-4348-acb9-3fc25cfb14dd: receive RaftClientReply:client-734BBEB428D7->a5e38e3e-c2ad-4348-acb9-3fc25cfb14dd@group-7000B19605CB, cid=1167, SUCCESS, logIndex=0, commits[a5e38e3e-c2ad-4348-acb9-3fc25cfb14dd:c1624, 11e48d46-e648-47f9-b6a0-9c7f26654c28:c1620, d1b6a90e-e817-40a7-bec1-608b5cc7d8b6:c1620]
2019-09-11 04:25:54,558 [grpc-default-executor-2] INFO  client.GrpcClientProtocolClient (GrpcClientProtocolClient.java:onNext(264)) - client-734BBEB428D7->a5e38e3e-c2ad-4348-acb9-3fc25cfb14dd: receive RaftClientReply:client-734BBEB428D7->a5e38e3e-c2ad-4348-acb9-3fc25cfb14dd@group-7000B19605CB, cid=1168, SUCCESS, logIndex=0, commits[a5e38e3e-c2ad-4348-acb9-3fc25cfb14dd:c1626, 11e48d46-e648-47f9-b6a0-9c7f26654c28:c1624, d1b6a90e-e817-40a7-bec1-608b5cc7d8b6:c1624]
2019-09-11 04:25:54,576 [grpc-default-executor-0] INFO  client.GrpcClientProtocolClient (GrpcClientProtocolClient.java:onNext(264)) - client-734BBEB428D7->a5e38e3e-c2ad-4348-acb9-3fc25cfb14dd: receive RaftClientReply:client-734BBEB428D7->a5e38e3e-c2ad-4348-acb9-3fc25cfb14dd@group-7000B19605CB, cid=1169, SUCCESS, logIndex=1627, commits[a5e38e3e-c2ad-4348-acb9-3fc25cfb14dd:c1628, 11e48d46-e648-47f9-b6a0-9c7f26654c28:c1626, d1b6a90e-e817-40a7-bec1-608b5cc7d8b6:c1626]
2019-09-11 04:25:54,576 [grpc-default-executor-4] INFO  client.GrpcClientProtocolClient (GrpcClientProtocolClient.java:onNext(264)) - client-734BBEB428D7->a5e38e3e-c2ad-4348-acb9-3fc25cfb14dd: receive RaftClientReply:client-734BBEB428D7->a5e38e3e-c2ad-4348-acb9-3fc25cfb14dd@group-7000B19605CB, cid=1170, SUCCESS, logIndex=1628, commits[a5e38e3e-c2ad-4348-acb9-3fc25cfb14dd:c1628, 11e48d46-e648-47f9-b6a0-9c7f26654c28:c1626, d1b6a90e-e817-40a7-bec1-608b5cc7d8b6:c1626]
2019-09-11 04:25:54,577 [grpc-default-executor-4] INFO  client.GrpcClientProtocolClient (GrpcClientProtocolClient.java:onNext(264)) - client-734BBEB428D7->a5e38e3e-c2ad-4348-acb9-3fc25cfb14dd: receive RaftClientReply:client-734BBEB428D7->a5e38e3e-c2ad-4348-acb9-3fc25cfb14dd@group-7000B19605CB, cid=1171, SUCCESS, logIndex=1629, commits[a5e38e3e-c2ad-4348-acb9-3fc25cfb14dd:c1630, 11e48d46-e648-47f9-b6a0-9c7f26654c28:c1626, d1b6a90e-e817-40a7-bec1-608b5cc7d8b6:c1626]
2019-09-11 04:25:54,577 [grpc-default-executor-4] INFO  client.GrpcClientProtocolClient (GrpcClientProtocolClient.java:onNext(264)) - client-734BBEB428D7->a5e38e3e-c2ad-4348-acb9-3fc25cfb14dd: receive RaftClientReply:client-734BBEB428D7->a5e38e3e-c2ad-4348-acb9-3fc25cfb14dd@group-7000B19605CB, cid=1172, SUCCESS, logIndex=1630, commits[a5e38e3e-c2ad-4348-acb9-3fc25cfb14dd:c1630, 11e48d46-e648-47f9-b6a0-9c7f26654c28:c1626, d1b6a90e-e817-40a7-bec1-608b5cc7d8b6:c1626]
2019-09-11 04:25:54,579 [grpc-default-executor-4] INFO  client.GrpcClientProtocolClient (GrpcClientProtocolClient.java:onNext(264)) - client-734BBEB428D7->a5e38e3e-c2ad-4348-acb9-3fc25cfb14dd: receive RaftClientReply:client-734BBEB428D7->a5e38e3e-c2ad-4348-acb9-3fc25cfb14dd@group-7000B19605CB, cid=1173, SUCCESS, logIndex=0, commits[a5e38e3e-c2ad-4348-acb9-3fc25cfb14dd:c1632, 11e48d46-e648-47f9-b6a0-9c7f26654c28:c1628, d1b6a90e-e817-40a7-bec1-608b5cc7d8b6:c1628]
2019-09-11 04:25:54,617 [grpc-default-executor-2] INFO  client.GrpcClientProtocolClient (GrpcClientProtocolClient.java:onNext(264)) - client-734BBEB428D7->a5e38e3e-c2ad-4348-acb9-3fc25cfb14dd: receive RaftClientReply:client-734BBEB428D7->a5e38e3e-c2ad-4348-acb9-3fc25cfb14dd@group-7000B19605CB, cid=1174, SUCCESS, logIndex=1635, commits[a5e38e3e-c2ad-4348-acb9-3fc25cfb14dd:c1636, 11e48d46-e648-47f9-b6a0-9c7f26654c28:c1634, d1b6a90e-e817-40a7-bec1-608b5cc7d8b6:c1630]
2019-09-11 04:25:54,618 [grpc-default-executor-2] INFO  client.GrpcClientProtocolClient (GrpcClientProtocolClient.java:onNext(264)) - client-734BBEB428D7->a5e38e3e-c2ad-4348-acb9-3fc25cfb14dd: receive RaftClientReply:client-734BBEB428D7->a5e38e3e-c2ad-4348-acb9-3fc25cfb14dd@group-7000B19605CB, cid=1175, SUCCESS, logIndex=1636, commits[a5e38e3e-c2ad-4348-acb9-3fc25cfb14dd:c1636, 11e48d46-e648-47f9-b6a0-9c7f26654c28:c1634, d1b6a90e-e817-40a7-bec1-608b5cc7d8b6:c1634]
2019-09-11 04:25:54,637 [grpc-default-executor-0] INFO  client.GrpcClientProtocolClient (GrpcClientProtocolClient.java:onNext(264)) - client-734BBEB428D7->a5e38e3e-c2ad-4348-acb9-3fc25cfb14dd: receive RaftClientReply:client-734BBEB428D7->a5e38e3e-c2ad-4348-acb9-3fc25cfb14dd@group-7000B19605CB, cid=1176, SUCCESS, logIndex=1638, commits[a5e38e3e-c2ad-4348-acb9-3fc25cfb14dd:c1639, 11e48d46-e648-47f9-b6a0-9c7f26654c28:c1637, d1b6a90e-e817-40a7-bec1-608b5cc7d8b6:c1637]
2019-09-11 04:25:54,638 [grpc-default-executor-0] INFO  client.GrpcClientProtocolClient (GrpcClientProtocolClient.java:onNext(264)) - client-734BBEB428D7->a5e38e3e-c2ad-4348-acb9-3fc25cfb14dd: receive RaftClientReply:client-734BBEB428D7->a5e38e3e-c2ad-4348-acb9-3fc25cfb14dd@group-7000B19605CB, cid=1177, SUCCESS, logIndex=1639, commits[a5e38e3e-c2ad-4348-acb9-3fc25cfb14dd:c1639, 11e48d46-e648-47f9-b6a0-9c7f26654c28:c1637, d1b6a90e-e817-40a7-bec1-608b5cc7d8b6:c1637]
2019-09-11 04:25:54,650 [grpc-default-executor-2] INFO  client.GrpcClientProtocolClient (GrpcClientProtocolClient.java:onNext(264)) - client-734BBEB428D7->a5e38e3e-c2ad-4348-acb9-3fc25cfb14dd: receive RaftClientReply:client-734BBEB428D7->a5e38e3e-c2ad-4348-acb9-3fc25cfb14dd@group-7000B19605CB, cid=1178, SUCCESS, logIndex=0, commits[a5e38e3e-c2ad-4348-acb9-3fc25cfb14dd:c1640, 11e48d46-e648-47f9-b6a0-9c7f26654c28:c1639, d1b6a90e-e817-40a7-bec1-608b5cc7d8b6:c1639]
2019-09-11 04:25:54,668 [grpc-default-executor-0] INFO  client.GrpcClientProtocolClient (GrpcClientProtocolClient.java:onNext(264)) - client-734BBEB428D7->a5e38e3e-c2ad-4348-acb9-3fc25cfb14dd: receive RaftClientReply:client-734BBEB428D7->a5e38e3e-c2ad-4348-acb9-3fc25cfb14dd@group-7000B19605CB, cid=1179, SUCCESS, logIndex=1642, commits[a5e38e3e-c2ad-4348-acb9-3fc25cfb14dd:c1643, 11e48d46-e648-47f9-b6a0-9c7f26654c28:c1641, d1b6a90e-e817-40a7-bec1-608b5cc7d8b6:c1641]
2019-09-11 04:25:54,669 [grpc-default-executor-0] INFO  client.GrpcClientProtocolClient (GrpcClientProtocolClient.java:onNext(264)) - client-734BBEB428D7->a5e38e3e-c2ad-4348-acb9-3fc25cfb14dd: receive RaftClientReply:client-734BBEB428D7->a5e38e3e-c2ad-4348-acb9-3fc25cfb14dd@group-7000B19605CB, cid=1180, SUCCESS, logIndex=1643, commits[a5e38e3e-c2ad-4348-acb9-3fc25cfb14dd:c1643, 11e48d46-e648-47f9-b6a0-9c7f26654c28:c1641, d1b6a90e-e817-40a7-bec1-608b5cc7d8b6:c1641]
2019-09-11 04:25:54,669 [grpc-default-executor-0] INFO  client.GrpcClientProtocolClient (GrpcClientProtocolClient.java:onNext(264)) - client-734BBEB428D7->a5e38e3e-c2ad-4348-acb9-3fc25cfb14dd: receive RaftClientReply:client-734BBEB428D7->a5e38e3e-c2ad-4348-acb9-3fc25cfb14dd@group-7000B19605CB, cid=1181, SUCCESS, logIndex=1644, commits[a5e38e3e-c2ad-4348-acb9-3fc25cfb14dd:c1644, 11e48d46-e648-47f9-b6a0-9c7f26654c28:c1641, d1b6a90e-e817-40a7-bec1-608b5cc7d8b6:c1641]
2019-09-11 04:25:54,670 [grpc-default-executor-0] INFO  client.GrpcClientProtocolClient (GrpcClientProtocolClient.java:onNext(264)) - client-734BBEB428D7->a5e38e3e-c2ad-4348-acb9-3fc25cfb14dd: receive RaftClientReply:client-734BBEB428D7->a5e38e3e-c2ad-4348-acb9-3fc25cfb14dd@group-7000B19605CB, cid=1182, SUCCESS, logIndex=1645, commits[a5e38e3e-c2ad-4348-acb9-3fc25cfb14dd:c1645, 11e48d46-e648-47f9-b6a0-9c7f26654c28:c1641, d1b6a90e-e817-40a7-bec1-608b5cc7d8b6:c1641]
2019-09-11 04:25:54,671 [grpc-default-executor-1] INFO  client.GrpcClientProtocolClient (GrpcClientProtocolClient.java:onNext(264)) - client-734BBEB428D7->a5e38e3e-c2ad-4348-acb9-3fc25cfb14dd: receive RaftClientReply:client-734BBEB428D7->a5e38e3e-c2ad-4348-acb9-3fc25cfb14dd@group-7000B19605CB, cid=1183, SUCCESS, logIndex=0, commits[a5e38e3e-c2ad-4348-acb9-3fc25cfb14dd:c1647, 11e48d46-e648-47f9-b6a0-9c7f26654c28:c1643, d1b6a90e-e817-40a7-bec1-608b5cc7d8b6:c1643]
2019-09-11 04:25:54,690 [grpc-default-executor-4] INFO  client.GrpcClientProtocolClient (GrpcClientProtocolClient.java:onNext(264)) - client-734BBEB428D7->a5e38e3e-c2ad-4348-acb9-3fc25cfb14dd: receive RaftClientReply:client-734BBEB428D7->a5e38e3e-c2ad-4348-acb9-3fc25cfb14dd@group-7000B19605CB, cid=1184, SUCCESS, logIndex=1650, commits[a5e38e3e-c2ad-4348-acb9-3fc25cfb14dd:c1651, 11e48d46-e648-47f9-b6a0-9c7f26654c28:c1649, d1b6a90e-e817-40a7-bec1-608b5cc7d8b6:c1649]
2019-09-11 04:25:54,691 [grpc-default-executor-4] INFO  client.GrpcClientProtocolClient (GrpcClientProtocolClient.java:onNext(264)) - client-734BBEB428D7->a5e38e3e-c2ad-4348-acb9-3fc25cfb14dd: receive RaftClientReply:client-734BBEB428D7->a5e38e3e-c2ad-4348-acb9-3fc25cfb14dd@group-7000B19605CB, cid=1185, SUCCESS, logIndex=1651, commits[a5e38e3e-c2ad-4348-acb9-3fc25cfb14dd:c1651, 11e48d46-e648-47f9-b6a0-9c7f26654c28:c1649, d1b6a90e-e817-40a7-bec1-608b5cc7d8b6:c1649]
2019-09-11 04:25:54,703 [grpc-default-executor-4] INFO  client.GrpcClientProtocolClient (GrpcClientProtocolClient.java:onNext(264)) - client-734BBEB428D7->a5e38e3e-c2ad-4348-acb9-3fc25cfb14dd: receive RaftClientReply:client-734BBEB428D7->a5e38e3e-c2ad-4348-acb9-3fc25cfb14dd@group-7000B19605CB, cid=1186, SUCCESS, logIndex=1654, commits[a5e38e3e-c2ad-4348-acb9-3fc25cfb14dd:c1655, 11e48d46-e648-47f9-b6a0-9c7f26654c28:c1651, d1b6a90e-e817-40a7-bec1-608b5cc7d8b6:c1651]
2019-09-11 04:25:54,704 [grpc-default-executor-4] INFO  client.GrpcClientProtocolClient (GrpcClientProtocolClient.java:onNext(264)) - client-734BBEB428D7->a5e38e3e-c2ad-4348-acb9-3fc25cfb14dd: receive RaftClientReply:client-734BBEB428D7->a5e38e3e-c2ad-4348-acb9-3fc25cfb14dd@group-7000B19605CB, cid=1187, SUCCESS, logIndex=1655, commits[a5e38e3e-c2ad-4348-acb9-3fc25cfb14dd:c1655, 11e48d46-e648-47f9-b6a0-9c7f26654c28:c1651, d1b6a90e-e817-40a7-bec1-608b5cc7d8b6:c1651]
2019-09-11 04:25:54,716 [grpc-default-executor-4] INFO  client.GrpcClientProtocolClient (GrpcClientProtocolClient.java:onNext(264)) - client-734BBEB428D7->a5e38e3e-c2ad-4348-acb9-3fc25cfb14dd: receive RaftClientReply:client-734BBEB428D7->a5e38e3e-c2ad-4348-acb9-3fc25cfb14dd@group-7000B19605CB, cid=1188, SUCCESS, logIndex=0, commits[a5e38e3e-c2ad-4348-acb9-3fc25cfb14dd:c1657, 11e48d46-e648-47f9-b6a0-9c7f26654c28:c1655, d1b6a90e-e817-40a7-bec1-608b5cc7d8b6:c1655]
2019-09-11 04:25:54,734 [grpc-default-executor-0] INFO  client.GrpcClientProtocolClient (GrpcClientProtocolClient.java:onNext(264)) - client-734BBEB428D7->a5e38e3e-c2ad-4348-acb9-3fc25cfb14dd: receive RaftClientReply:client-734BBEB428D7->a5e38e3e-c2ad-4348-acb9-3fc25cfb14dd@group-7000B19605CB, cid=1189, SUCCESS, logIndex=1658, commits[a5e38e3e-c2ad-4348-acb9-3fc25cfb14dd:c1659, 11e48d46-e648-47f9-b6a0-9c7f26654c28:c1657, d1b6a90e-e817-40a7-bec1-608b5cc7d8b6:c1657]
2019-09-11 04:25:54,734 [grpc-default-executor-0] INFO  client.GrpcClientProtocolClient (GrpcClientProtocolClient.java:onNext(264)) - client-734BBEB428D7->a5e38e3e-c2ad-4348-acb9-3fc25cfb14dd: receive RaftClientReply:client-734BBEB428D7->a5e38e3e-c2ad-4348-acb9-3fc25cfb14dd@group-7000B19605CB, cid=1190, SUCCESS, logIndex=1659, commits[a5e38e3e-c2ad-4348-acb9-3fc25cfb14dd:c1659, 11e48d46-e648-47f9-b6a0-9c7f26654c28:c1657, d1b6a90e-e817-40a7-bec1-608b5cc7d8b6:c1657]
2019-09-11 04:25:54,735 [grpc-default-executor-2] INFO  client.GrpcClientProtocolClient (GrpcClientProtocolClient.java:onNext(264)) - client-734BBEB428D7->a5e38e3e-c2ad-4348-acb9-3fc25cfb14dd: receive RaftClientReply:client-734BBEB428D7->a5e38e3e-c2ad-4348-acb9-3fc25cfb14dd@group-7000B19605CB, cid=1191, SUCCESS, logIndex=1660, commits[a5e38e3e-c2ad-4348-acb9-3fc25cfb14dd:c1661, 11e48d46-e648-47f9-b6a0-9c7f26654c28:c1657, d1b6a90e-e817-40a7-bec1-608b5cc7d8b6:c1657]
2019-09-11 04:25:54,735 [grpc-default-executor-2] INFO  client.GrpcClientProtocolClient (GrpcClientProtocolClient.java:onNext(264)) - client-734BBEB428D7->a5e38e3e-c2ad-4348-acb9-3fc25cfb14dd: receive RaftClientReply:client-734BBEB428D7->a5e38e3e-c2ad-4348-acb9-3fc25cfb14dd@group-7000B19605CB, cid=1192, SUCCESS, logIndex=1661, commits[a5e38e3e-c2ad-4348-acb9-3fc25cfb14dd:c1661, 11e48d46-e648-47f9-b6a0-9c7f26654c28:c1657, d1b6a90e-e817-40a7-bec1-608b5cc7d8b6:c1657]
2019-09-11 04:25:54,737 [grpc-default-executor-2] INFO  client.GrpcClientProtocolClient (GrpcClientProtocolClient.java:onNext(264)) - client-734BBEB428D7->a5e38e3e-c2ad-4348-acb9-3fc25cfb14dd: receive RaftClientReply:client-734BBEB428D7->a5e38e3e-c2ad-4348-acb9-3fc25cfb14dd@group-7000B19605CB, cid=1193, SUCCESS, logIndex=0, commits[a5e38e3e-c2ad-4348-acb9-3fc25cfb14dd:c1663, 11e48d46-e648-47f9-b6a0-9c7f26654c28:c1659, d1b6a90e-e817-40a7-bec1-608b5cc7d8b6:c1659]
2019-09-11 04:25:54,754 [grpc-default-executor-2] INFO  client.GrpcClientProtocolClient (GrpcClientProtocolClient.java:onNext(264)) - client-734BBEB428D7->a5e38e3e-c2ad-4348-acb9-3fc25cfb14dd: receive RaftClientReply:client-734BBEB428D7->a5e38e3e-c2ad-4348-acb9-3fc25cfb14dd@group-7000B19605CB, cid=1194, SUCCESS, logIndex=1666, commits[a5e38e3e-c2ad-4348-acb9-3fc25cfb14dd:c1667, 11e48d46-e648-47f9-b6a0-9c7f26654c28:c1665, d1b6a90e-e817-40a7-bec1-608b5cc7d8b6:c1665]
2019-09-11 04:25:54,755 [grpc-default-executor-2] INFO  client.GrpcClientProtocolClient (GrpcClientProtocolClient.java:onNext(264)) - client-734BBEB428D7->a5e38e3e-c2ad-4348-acb9-3fc25cfb14dd: receive RaftClientReply:client-734BBEB428D7->a5e38e3e-c2ad-4348-acb9-3fc25cfb14dd@group-7000B19605CB, cid=1195, SUCCESS, logIndex=1667, commits[a5e38e3e-c2ad-4348-acb9-3fc25cfb14dd:c1667, 11e48d46-e648-47f9-b6a0-9c7f26654c28:c1665, d1b6a90e-e817-40a7-bec1-608b5cc7d8b6:c1665]
2019-09-11 04:25:54,768 [grpc-default-executor-2] INFO  client.GrpcClientProtocolClient (GrpcClientProtocolClient.java:onNext(264)) - client-734BBEB428D7->a5e38e3e-c2ad-4348-acb9-3fc25cfb14dd: receive RaftClientReply:client-734BBEB428D7->a5e38e3e-c2ad-4348-acb9-3fc25cfb14dd@group-7000B19605CB, cid=1196, SUCCESS, logIndex=1670, commits[a5e38e3e-c2ad-4348-acb9-3fc25cfb14dd:c1670, 11e48d46-e648-47f9-b6a0-9c7f26654c28:c1667, d1b6a90e-e817-40a7-bec1-608b5cc7d8b6:c1667]
2019-09-11 04:25:54,768 [grpc-default-executor-2] INFO  client.GrpcClientProtocolClient (GrpcClientProtocolClient.java:onNext(264)) - client-734BBEB428D7->a5e38e3e-c2ad-4348-acb9-3fc25cfb14dd: receive RaftClientReply:client-734BBEB428D7->a5e38e3e-c2ad-4348-acb9-3fc25cfb14dd@group-7000B19605CB, cid=1197, SUCCESS, logIndex=1671, commits[a5e38e3e-c2ad-4348-acb9-3fc25cfb14dd:c1671, 11e48d46-e648-47f9-b6a0-9c7f26654c28:c1667, d1b6a90e-e817-40a7-bec1-608b5cc7d8b6:c1667]
2019-09-11 04:25:54,780 [grpc-default-executor-2] INFO  client.GrpcClientProtocolClient (GrpcClientProtocolClient.java:onNext(264)) - client-734BBEB428D7->a5e38e3e-c2ad-4348-acb9-3fc25cfb14dd: receive RaftClientReply:client-734BBEB428D7->a5e38e3e-c2ad-4348-acb9-3fc25cfb14dd@group-7000B19605CB, cid=1198, SUCCESS, logIndex=0, commits[a5e38e3e-c2ad-4348-acb9-3fc25cfb14dd:c1673, 11e48d46-e648-47f9-b6a0-9c7f26654c28:c1671, d1b6a90e-e817-40a7-bec1-608b5cc7d8b6:c1671]
2019-09-11 04:25:54,799 [grpc-default-executor-0] INFO  client.GrpcClientProtocolClient (GrpcClientProtocolClient.java:onNext(264)) - client-734BBEB428D7->a5e38e3e-c2ad-4348-acb9-3fc25cfb14dd: receive RaftClientReply:client-734BBEB428D7->a5e38e3e-c2ad-4348-acb9-3fc25cfb14dd@group-7000B19605CB, cid=1199, SUCCESS, logIndex=1674, commits[a5e38e3e-c2ad-4348-acb9-3fc25cfb14dd:c1675, 11e48d46-e648-47f9-b6a0-9c7f26654c28:c1673, d1b6a90e-e817-40a7-bec1-608b5cc7d8b6:c1673]
2019-09-11 04:25:54,800 [grpc-default-executor-0] INFO  client.GrpcClientProtocolClient (GrpcClientProtocolClient.java:onNext(264)) - client-734BBEB428D7->a5e38e3e-c2ad-4348-acb9-3fc25cfb14dd: receive RaftClientReply:client-734BBEB428D7->a5e38e3e-c2ad-4348-acb9-3fc25cfb14dd@group-7000B19605CB, cid=1200, SUCCESS, logIndex=1675, commits[a5e38e3e-c2ad-4348-acb9-3fc25cfb14dd:c1677, 11e48d46-e648-47f9-b6a0-9c7f26654c28:c1673, d1b6a90e-e817-40a7-bec1-608b5cc7d8b6:c1673]
2019-09-11 04:25:54,800 [grpc-default-executor-0] INFO  client.GrpcClientProtocolClient (GrpcClientProtocolClient.java:onNext(264)) - client-734BBEB428D7->a5e38e3e-c2ad-4348-acb9-3fc25cfb14dd: receive RaftClientReply:client-734BBEB428D7->a5e38e3e-c2ad-4348-acb9-3fc25cfb14dd@group-7000B19605CB, cid=1201, SUCCESS, logIndex=1676, commits[a5e38e3e-c2ad-4348-acb9-3fc25cfb14dd:c1677, 11e48d46-e648-47f9-b6a0-9c7f26654c28:c1673, d1b6a90e-e817-40a7-bec1-608b5cc7d8b6:c1673]
2019-09-11 04:25:54,800 [grpc-default-executor-0] INFO  client.GrpcClientProtocolClient (GrpcClientProtocolClient.java:onNext(264)) - client-734BBEB428D7->a5e38e3e-c2ad-4348-acb9-3fc25cfb14dd: receive RaftClientReply:client-734BBEB428D7->a5e38e3e-c2ad-4348-acb9-3fc25cfb14dd@group-7000B19605CB, cid=1202, SUCCESS, logIndex=1677, commits[a5e38e3e-c2ad-4348-acb9-3fc25cfb14dd:c1677, 11e48d46-e648-47f9-b6a0-9c7f26654c28:c1673, d1b6a90e-e817-40a7-bec1-608b5cc7d8b6:c1673]
2019-09-11 04:25:54,811 [grpc-default-executor-2] INFO  client.GrpcClientProtocolClient (GrpcClientProtocolClient.java:onNext(264)) - client-734BBEB428D7->a5e38e3e-c2ad-4348-acb9-3fc25cfb14dd: receive RaftClientReply:client-734BBEB428D7->a5e38e3e-c2ad-4348-acb9-3fc25cfb14dd@group-7000B19605CB, cid=1203, SUCCESS, logIndex=0, commits[a5e38e3e-c2ad-4348-acb9-3fc25cfb14dd:c1679, 11e48d46-e648-47f9-b6a0-9c7f26654c28:c1675, d1b6a90e-e817-40a7-bec1-608b5cc7d8b6:c1675]
2019-09-11 04:25:54,827 [grpc-default-executor-4] INFO  client.GrpcClientProtocolClient (GrpcClientProtocolClient.java:onNext(264)) - client-734BBEB428D7->a5e38e3e-c2ad-4348-acb9-3fc25cfb14dd: receive RaftClientReply:client-734BBEB428D7->a5e38e3e-c2ad-4348-acb9-3fc25cfb14dd@group-7000B19605CB, cid=1204, SUCCESS, logIndex=1681, commits[a5e38e3e-c2ad-4348-acb9-3fc25cfb14dd:c1682, 11e48d46-e648-47f9-b6a0-9c7f26654c28:c1680, d1b6a90e-e817-40a7-bec1-608b5cc7d8b6:c1680]
2019-09-11 04:25:54,827 [grpc-default-executor-4] INFO  client.GrpcClientProtocolClient (GrpcClientProtocolClient.java:onNext(264)) - client-734BBEB428D7->a5e38e3e-c2ad-4348-acb9-3fc25cfb14dd: receive RaftClientReply:client-734BBEB428D7->a5e38e3e-c2ad-4348-acb9-3fc25cfb14dd@group-7000B19605CB, cid=1205, SUCCESS, logIndex=1682, commits[a5e38e3e-c2ad-4348-acb9-3fc25cfb14dd:c1682, 11e48d46-e648-47f9-b6a0-9c7f26654c28:c1680, d1b6a90e-e817-40a7-bec1-608b5cc7d8b6:c1680]
2019-09-11 04:25:54,839 [grpc-default-executor-1] INFO  client.GrpcClientProtocolClient (GrpcClientProtocolClient.java:onNext(264)) - client-734BBEB428D7->a5e38e3e-c2ad-4348-acb9-3fc25cfb14dd: receive RaftClientReply:client-734BBEB428D7->a5e38e3e-c2ad-4348-acb9-3fc25cfb14dd@group-7000B19605CB, cid=1206, SUCCESS, logIndex=1685, commits[a5e38e3e-c2ad-4348-acb9-3fc25cfb14dd:c1686, 11e48d46-e648-47f9-b6a0-9c7f26654c28:c1682, d1b6a90e-e817-40a7-bec1-608b5cc7d8b6:c1682]
2019-09-11 04:25:54,840 [grpc-default-executor-1] INFO  client.GrpcClientProtocolClient (GrpcClientProtocolClient.java:onNext(264)) - client-734BBEB428D7->a5e38e3e-c2ad-4348-acb9-3fc25cfb14dd: receive RaftClientReply:client-734BBEB428D7->a5e38e3e-c2ad-4348-acb9-3fc25cfb14dd@group-7000B19605CB, cid=1207, SUCCESS, logIndex=1686, commits[a5e38e3e-c2ad-4348-acb9-3fc25cfb14dd:c1686, 11e48d46-e648-47f9-b6a0-9c7f26654c28:c1682, d1b6a90e-e817-40a7-bec1-608b5cc7d8b6:c1682]
2019-09-11 04:25:54,843 [grpc-default-executor-1] INFO  client.GrpcClientProtocolClient (GrpcClientProtocolClient.java:onNext(264)) - client-734BBEB428D7->a5e38e3e-c2ad-4348-acb9-3fc25cfb14dd: receive RaftClientReply:client-734BBEB428D7->a5e38e3e-c2ad-4348-acb9-3fc25cfb14dd@group-7000B19605CB, cid=1208, SUCCESS, logIndex=0, commits[a5e38e3e-c2ad-4348-acb9-3fc25cfb14dd:c1687, 11e48d46-e648-47f9-b6a0-9c7f26654c28:c1686, d1b6a90e-e817-40a7-bec1-608b5cc7d8b6:c1686]
2019-09-11 04:25:54,941 [grpc-default-executor-0] INFO  client.GrpcClientProtocolClient (GrpcClientProtocolClient.java:onNext(264)) - client-734BBEB428D7->a5e38e3e-c2ad-4348-acb9-3fc25cfb14dd: receive RaftClientReply:client-734BBEB428D7->a5e38e3e-c2ad-4348-acb9-3fc25cfb14dd@group-7000B19605CB, cid=1209, SUCCESS, logIndex=1689, commits[a5e38e3e-c2ad-4348-acb9-3fc25cfb14dd:c1692, 11e48d46-e648-47f9-b6a0-9c7f26654c28:c1688, d1b6a90e-e817-40a7-bec1-608b5cc7d8b6:c1688]
2019-09-11 04:25:54,942 [grpc-default-executor-0] INFO  client.GrpcClientProtocolClient (GrpcClientProtocolClient.java:onNext(264)) - client-734BBEB428D7->a5e38e3e-c2ad-4348-acb9-3fc25cfb14dd: receive RaftClientReply:client-734BBEB428D7->a5e38e3e-c2ad-4348-acb9-3fc25cfb14dd@group-7000B19605CB, cid=1210, SUCCESS, logIndex=1690, commits[a5e38e3e-c2ad-4348-acb9-3fc25cfb14dd:c1692, 11e48d46-e648-47f9-b6a0-9c7f26654c28:c1688, d1b6a90e-e817-40a7-bec1-608b5cc7d8b6:c1688]
2019-09-11 04:25:54,942 [grpc-default-executor-0] INFO  client.GrpcClientProtocolClient (GrpcClientProtocolClient.java:onNext(264)) - client-734BBEB428D7->a5e38e3e-c2ad-4348-acb9-3fc25cfb14dd: receive RaftClientReply:client-734BBEB428D7->a5e38e3e-c2ad-4348-acb9-3fc25cfb14dd@group-7000B19605CB, cid=1211, SUCCESS, logIndex=1691, commits[a5e38e3e-c2ad-4348-acb9-3fc25cfb14dd:c1693, 11e48d46-e648-47f9-b6a0-9c7f26654c28:c1691, d1b6a90e-e817-40a7-bec1-608b5cc7d8b6:c1688]
2019-09-11 04:25:54,943 [grpc-default-executor-4] INFO  client.GrpcClientProtocolClient (GrpcClientProtocolClient.java:onNext(264)) - client-734BBEB428D7->a5e38e3e-c2ad-4348-acb9-3fc25cfb14dd: receive RaftClientReply:client-734BBEB428D7->a5e38e3e-c2ad-4348-acb9-3fc25cfb14dd@group-7000B19605CB, cid=1212, SUCCESS, logIndex=1692, commits[a5e38e3e-c2ad-4348-acb9-3fc25cfb14dd:c1693, 11e48d46-e648-47f9-b6a0-9c7f26654c28:c1691, d1b6a90e-e817-40a7-bec1-608b5cc7d8b6:c1688]
2019-09-11 04:25:54,944 [grpc-default-executor-0] INFO  client.GrpcClientProtocolClient (GrpcClientProtocolClient.java:onNext(264)) - client-734BBEB428D7->a5e38e3e-c2ad-4348-acb9-3fc25cfb14dd: receive RaftClientReply:client-734BBEB428D7->a5e38e3e-c2ad-4348-acb9-3fc25cfb14dd@group-7000B19605CB, cid=1213, SUCCESS, logIndex=0, commits[a5e38e3e-c2ad-4348-acb9-3fc25cfb14dd:c1695, 11e48d46-e648-47f9-b6a0-9c7f26654c28:c1692, d1b6a90e-e817-40a7-bec1-608b5cc7d8b6:c1691]
2019-09-11 04:25:54,965 [grpc-default-executor-4] INFO  client.GrpcClientProtocolClient (GrpcClientProtocolClient.java:onNext(264)) - client-734BBEB428D7->a5e38e3e-c2ad-4348-acb9-3fc25cfb14dd: receive RaftClientReply:client-734BBEB428D7->a5e38e3e-c2ad-4348-acb9-3fc25cfb14dd@group-7000B19605CB, cid=1214, SUCCESS, logIndex=1696, commits[a5e38e3e-c2ad-4348-acb9-3fc25cfb14dd:c1697, 11e48d46-e648-47f9-b6a0-9c7f26654c28:c1695, d1b6a90e-e817-40a7-bec1-608b5cc7d8b6:c1695]
2019-09-11 04:25:54,965 [grpc-default-executor-4] INFO  client.GrpcClientProtocolClient (GrpcClientProtocolClient.java:onNext(264)) - client-734BBEB428D7->a5e38e3e-c2ad-4348-acb9-3fc25cfb14dd: receive RaftClientReply:client-734BBEB428D7->a5e38e3e-c2ad-4348-acb9-3fc25cfb14dd@group-7000B19605CB, cid=1215, SUCCESS, logIndex=1697, commits[a5e38e3e-c2ad-4348-acb9-3fc25cfb14dd:c1697, 11e48d46-e648-47f9-b6a0-9c7f26654c28:c1695, d1b6a90e-e817-40a7-bec1-608b5cc7d8b6:c1695]
2019-09-11 04:25:54,978 [grpc-default-executor-1] INFO  client.GrpcClientProtocolClient (GrpcClientProtocolClient.java:onNext(264)) - client-734BBEB428D7->a5e38e3e-c2ad-4348-acb9-3fc25cfb14dd: receive RaftClientReply:client-734BBEB428D7->a5e38e3e-c2ad-4348-acb9-3fc25cfb14dd@group-7000B19605CB, cid=1216, SUCCESS, logIndex=1700, commits[a5e38e3e-c2ad-4348-acb9-3fc25cfb14dd:c1701, 11e48d46-e648-47f9-b6a0-9c7f26654c28:c1697, d1b6a90e-e817-40a7-bec1-608b5cc7d8b6:c1697]
2019-09-11 04:25:54,978 [grpc-default-executor-1] INFO  client.GrpcClientProtocolClient (GrpcClientProtocolClient.java:onNext(264)) - client-734BBEB428D7->a5e38e3e-c2ad-4348-acb9-3fc25cfb14dd: receive RaftClientReply:client-734BBEB428D7->a5e38e3e-c2ad-4348-acb9-3fc25cfb14dd@group-7000B19605CB, cid=1217, SUCCESS, logIndex=1701, commits[a5e38e3e-c2ad-4348-acb9-3fc25cfb14dd:c1701, 11e48d46-e648-47f9-b6a0-9c7f26654c28:c1697, d1b6a90e-e817-40a7-bec1-608b5cc7d8b6:c1697]
2019-09-11 04:25:54,990 [grpc-default-executor-0] INFO  client.GrpcClientProtocolClient (GrpcClientProtocolClient.java:onNext(264)) - client-734BBEB428D7->a5e38e3e-c2ad-4348-acb9-3fc25cfb14dd: receive RaftClientReply:client-734BBEB428D7->a5e38e3e-c2ad-4348-acb9-3fc25cfb14dd@group-7000B19605CB, cid=1218, SUCCESS, logIndex=0, commits[a5e38e3e-c2ad-4348-acb9-3fc25cfb14dd:c1703, 11e48d46-e648-47f9-b6a0-9c7f26654c28:c1701, d1b6a90e-e817-40a7-bec1-608b5cc7d8b6:c1701]
2019-09-11 04:25:55,009 [grpc-default-executor-0] INFO  client.GrpcClientProtocolClient (GrpcClientProtocolClient.java:onNext(264)) - client-734BBEB428D7->a5e38e3e-c2ad-4348-acb9-3fc25cfb14dd: receive RaftClientReply:client-734BBEB428D7->a5e38e3e-c2ad-4348-acb9-3fc25cfb14dd@group-7000B19605CB, cid=1219, SUCCESS, logIndex=1704, commits[a5e38e3e-c2ad-4348-acb9-3fc25cfb14dd:c1704, 11e48d46-e648-47f9-b6a0-9c7f26654c28:c1703, d1b6a90e-e817-40a7-bec1-608b5cc7d8b6:c1703]
2019-09-11 04:25:55,010 [grpc-default-executor-0] INFO  client.GrpcClientProtocolClient (GrpcClientProtocolClient.java:onNext(264)) - client-734BBEB428D7->a5e38e3e-c2ad-4348-acb9-3fc25cfb14dd: receive RaftClientReply:client-734BBEB428D7->a5e38e3e-c2ad-4348-acb9-3fc25cfb14dd@group-7000B19605CB, cid=1220, SUCCESS, logIndex=1705, commits[a5e38e3e-c2ad-4348-acb9-3fc25cfb14dd:c1705, 11e48d46-e648-47f9-b6a0-9c7f26654c28:c1703, d1b6a90e-e817-40a7-bec1-608b5cc7d8b6:c1703]
2019-09-11 04:25:55,011 [grpc-default-executor-0] INFO  client.GrpcClientProtocolClient (GrpcClientProtocolClient.java:onNext(264)) - client-734BBEB428D7->a5e38e3e-c2ad-4348-acb9-3fc25cfb14dd: receive RaftClientReply:client-734BBEB428D7->a5e38e3e-c2ad-4348-acb9-3fc25cfb14dd@group-7000B19605CB, cid=1221, SUCCESS, logIndex=1706, commits[a5e38e3e-c2ad-4348-acb9-3fc25cfb14dd:c1707, 11e48d46-e648-47f9-b6a0-9c7f26654c28:c1703, d1b6a90e-e817-40a7-bec1-608b5cc7d8b6:c1703]
2019-09-11 04:25:55,011 [grpc-default-executor-0] INFO  client.GrpcClientProtocolClient (GrpcClientProtocolClient.java:onNext(264)) - client-734BBEB428D7->a5e38e3e-c2ad-4348-acb9-3fc25cfb14dd: receive RaftClientReply:client-734BBEB428D7->a5e38e3e-c2ad-4348-acb9-3fc25cfb14dd@group-7000B19605CB, cid=1222, SUCCESS, logIndex=1707, commits[a5e38e3e-c2ad-4348-acb9-3fc25cfb14dd:c1707, 11e48d46-e648-47f9-b6a0-9c7f26654c28:c1703, d1b6a90e-e817-40a7-bec1-608b5cc7d8b6:c1703]
2019-09-11 04:25:55,012 [grpc-default-executor-0] INFO  client.GrpcClientProtocolClient (GrpcClientProtocolClient.java:onNext(264)) - client-734BBEB428D7->a5e38e3e-c2ad-4348-acb9-3fc25cfb14dd: receive RaftClientReply:client-734BBEB428D7->a5e38e3e-c2ad-4348-acb9-3fc25cfb14dd@group-7000B19605CB, cid=1223, SUCCESS, logIndex=0, commits[a5e38e3e-c2ad-4348-acb9-3fc25cfb14dd:c1709, 11e48d46-e648-47f9-b6a0-9c7f26654c28:c1705, d1b6a90e-e817-40a7-bec1-608b5cc7d8b6:c1705]
2019-09-11 04:25:55,031 [grpc-default-executor-0] INFO  client.GrpcClientProtocolClient (GrpcClientProtocolClient.java:onNext(264)) - client-734BBEB428D7->a5e38e3e-c2ad-4348-acb9-3fc25cfb14dd: receive RaftClientReply:client-734BBEB428D7->a5e38e3e-c2ad-4348-acb9-3fc25cfb14dd@group-7000B19605CB, cid=1224, SUCCESS, logIndex=1712, commits[a5e38e3e-c2ad-4348-acb9-3fc25cfb14dd:c1713, 11e48d46-e648-47f9-b6a0-9c7f26654c28:c1711, d1b6a90e-e817-40a7-bec1-608b5cc7d8b6:c1711]
2019-09-11 04:25:55,032 [grpc-default-executor-0] INFO  client.GrpcClientProtocolClient (GrpcClientProtocolClient.java:onNext(264)) - client-734BBEB428D7->a5e38e3e-c2ad-4348-acb9-3fc25cfb14dd: receive RaftClientReply:client-734BBEB428D7->a5e38e3e-c2ad-4348-acb9-3fc25cfb14dd@group-7000B19605CB, cid=1225, SUCCESS, logIndex=1713, commits[a5e38e3e-c2ad-4348-acb9-3fc25cfb14dd:c1713, 11e48d46-e648-47f9-b6a0-9c7f26654c28:c1711, d1b6a90e-e817-40a7-bec1-608b5cc7d8b6:c1711]
2019-09-11 04:25:55,061 [grpc-default-executor-1] INFO  client.GrpcClientProtocolClient (GrpcClientProtocolClient.java:onNext(264)) - client-734BBEB428D7->a5e38e3e-c2ad-4348-acb9-3fc25cfb14dd: receive RaftClientReply:client-734BBEB428D7->a5e38e3e-c2ad-4348-acb9-3fc25cfb14dd@group-7000B19605CB, cid=1226, SUCCESS, logIndex=1716, commits[a5e38e3e-c2ad-4348-acb9-3fc25cfb14dd:c1717, 11e48d46-e648-47f9-b6a0-9c7f26654c28:c1713, d1b6a90e-e817-40a7-bec1-608b5cc7d8b6:c1713]
2019-09-11 04:25:55,062 [grpc-default-executor-1] INFO  client.GrpcClientProtocolClient (GrpcClientProtocolClient.java:onNext(264)) - client-734BBEB428D7->a5e38e3e-c2ad-4348-acb9-3fc25cfb14dd: receive RaftClientReply:client-734BBEB428D7->a5e38e3e-c2ad-4348-acb9-3fc25cfb14dd@group-7000B19605CB, cid=1227, SUCCESS, logIndex=1717, commits[a5e38e3e-c2ad-4348-acb9-3fc25cfb14dd:c1717, 11e48d46-e648-47f9-b6a0-9c7f26654c28:c1713, d1b6a90e-e817-40a7-bec1-608b5cc7d8b6:c1713]
2019-09-11 04:25:55,074 [grpc-default-executor-1] INFO  client.GrpcClientProtocolClient (GrpcClientProtocolClient.java:onNext(264)) - client-734BBEB428D7->a5e38e3e-c2ad-4348-acb9-3fc25cfb14dd: receive RaftClientReply:client-734BBEB428D7->a5e38e3e-c2ad-4348-acb9-3fc25cfb14dd@group-7000B19605CB, cid=1228, SUCCESS, logIndex=0, commits[a5e38e3e-c2ad-4348-acb9-3fc25cfb14dd:c1719, 11e48d46-e648-47f9-b6a0-9c7f26654c28:c1717, d1b6a90e-e817-40a7-bec1-608b5cc7d8b6:c1717]
2019-09-11 04:25:55,093 [grpc-default-executor-1] INFO  client.GrpcClientProtocolClient (GrpcClientProtocolClient.java:onNext(264)) - client-734BBEB428D7->a5e38e3e-c2ad-4348-acb9-3fc25cfb14dd: receive RaftClientReply:client-734BBEB428D7->a5e38e3e-c2ad-4348-acb9-3fc25cfb14dd@group-7000B19605CB, cid=1229, SUCCESS, logIndex=1720, commits[a5e38e3e-c2ad-4348-acb9-3fc25cfb14dd:c1721, 11e48d46-e648-47f9-b6a0-9c7f26654c28:c1719, d1b6a90e-e817-40a7-bec1-608b5cc7d8b6:c1719]
2019-09-11 04:25:55,093 [grpc-default-executor-2] INFO  client.GrpcClientProtocolClient (GrpcClientProtocolClient.java:onNext(264)) - client-734BBEB428D7->a5e38e3e-c2ad-4348-acb9-3fc25cfb14dd: receive RaftClientReply:client-734BBEB428D7->a5e38e3e-c2ad-4348-acb9-3fc25cfb14dd@group-7000B19605CB, cid=1230, SUCCESS, logIndex=1721, commits[a5e38e3e-c2ad-4348-acb9-3fc25cfb14dd:c1723, 11e48d46-e648-47f9-b6a0-9c7f26654c28:c1719, d1b6a90e-e817-40a7-bec1-608b5cc7d8b6:c1719]
2019-09-11 04:25:55,093 [grpc-default-executor-2] INFO  client.GrpcClientProtocolClient (GrpcClientProtocolClient.java:onNext(264)) - client-734BBEB428D7->a5e38e3e-c2ad-4348-acb9-3fc25cfb14dd: receive RaftClientReply:client-734BBEB428D7->a5e38e3e-c2ad-4348-acb9-3fc25cfb14dd@group-7000B19605CB, cid=1231, SUCCESS, logIndex=1722, commits[a5e38e3e-c2ad-4348-acb9-3fc25cfb14dd:c1723, 11e48d46-e648-47f9-b6a0-9c7f26654c28:c1719, d1b6a90e-e817-40a7-bec1-608b5cc7d8b6:c1719]
2019-09-11 04:25:55,094 [grpc-default-executor-2] INFO  client.GrpcClientProtocolClient (GrpcClientProtocolClient.java:onNext(264)) - client-734BBEB428D7->a5e38e3e-c2ad-4348-acb9-3fc25cfb14dd: receive RaftClientReply:client-734BBEB428D7->a5e38e3e-c2ad-4348-acb9-3fc25cfb14dd@group-7000B19605CB, cid=1232, SUCCESS, logIndex=1723, commits[a5e38e3e-c2ad-4348-acb9-3fc25cfb14dd:c1723, 11e48d46-e648-47f9-b6a0-9c7f26654c28:c1719, d1b6a90e-e817-40a7-bec1-608b5cc7d8b6:c1719]
2019-09-11 04:25:55,095 [grpc-default-executor-2] INFO  client.GrpcClientProtocolClient (GrpcClientProtocolClient.java:onNext(264)) - client-734BBEB428D7->a5e38e3e-c2ad-4348-acb9-3fc25cfb14dd: receive RaftClientReply:client-734BBEB428D7->a5e38e3e-c2ad-4348-acb9-3fc25cfb14dd@group-7000B19605CB, cid=1233, SUCCESS, logIndex=0, commits[a5e38e3e-c2ad-4348-acb9-3fc25cfb14dd:c1727, 11e48d46-e648-47f9-b6a0-9c7f26654c28:c1721, d1b6a90e-e817-40a7-bec1-608b5cc7d8b6:c1723]
 0.00% |█                                                                                                    |  0/1 Time: 0:00:062019-09-11 04:25:55,127 [grpc-default-executor-0] INFO  client.GrpcClientProtocolClient (GrpcClientProtocolClient.java:onNext(264)) - client-734BBEB428D7->a5e38e3e-c2ad-4348-acb9-3fc25cfb14dd: receive RaftClientReply:client-734BBEB428D7->a5e38e3e-c2ad-4348-acb9-3fc25cfb14dd@group-7000B19605CB, cid=1234, SUCCESS, logIndex=1728, commits[a5e38e3e-c2ad-4348-acb9-3fc25cfb14dd:c1729, 11e48d46-e648-47f9-b6a0-9c7f26654c28:c1727, d1b6a90e-e817-40a7-bec1-608b5cc7d8b6:c1727]
2019-09-11 04:25:55,128 [grpc-default-executor-0] INFO  client.GrpcClientProtocolClient (GrpcClientProtocolClient.java:onNext(264)) - client-734BBEB428D7->a5e38e3e-c2ad-4348-acb9-3fc25cfb14dd: receive RaftClientReply:client-734BBEB428D7->a5e38e3e-c2ad-4348-acb9-3fc25cfb14dd@group-7000B19605CB, cid=1235, SUCCESS, logIndex=1729, commits[a5e38e3e-c2ad-4348-acb9-3fc25cfb14dd:c1729, 11e48d46-e648-47f9-b6a0-9c7f26654c28:c1727, d1b6a90e-e817-40a7-bec1-608b5cc7d8b6:c1727]
2019-09-11 04:25:55,147 [grpc-default-executor-2] INFO  client.GrpcClientProtocolClient (GrpcClientProtocolClient.java:onNext(264)) - client-734BBEB428D7->a5e38e3e-c2ad-4348-acb9-3fc25cfb14dd: receive RaftClientReply:client-734BBEB428D7->a5e38e3e-c2ad-4348-acb9-3fc25cfb14dd@group-7000B19605CB, cid=1236, SUCCESS, logIndex=1732, commits[a5e38e3e-c2ad-4348-acb9-3fc25cfb14dd:c1733, 11e48d46-e648-47f9-b6a0-9c7f26654c28:c1731, d1b6a90e-e817-40a7-bec1-608b5cc7d8b6:c1731]
2019-09-11 04:25:55,147 [grpc-default-executor-2] INFO  client.GrpcClientProtocolClient (GrpcClientProtocolClient.java:onNext(264)) - client-734BBEB428D7->a5e38e3e-c2ad-4348-acb9-3fc25cfb14dd: receive RaftClientReply:client-734BBEB428D7->a5e38e3e-c2ad-4348-acb9-3fc25cfb14dd@group-7000B19605CB, cid=1237, SUCCESS, logIndex=1733, commits[a5e38e3e-c2ad-4348-acb9-3fc25cfb14dd:c1733, 11e48d46-e648-47f9-b6a0-9c7f26654c28:c1731, d1b6a90e-e817-40a7-bec1-608b5cc7d8b6:c1731]
2019-09-11 04:25:55,159 [grpc-default-executor-0] INFO  client.GrpcClientProtocolClient (GrpcClientProtocolClient.java:onNext(264)) - client-734BBEB428D7->a5e38e3e-c2ad-4348-acb9-3fc25cfb14dd: receive RaftClientReply:client-734BBEB428D7->a5e38e3e-c2ad-4348-acb9-3fc25cfb14dd@group-7000B19605CB, cid=1238, SUCCESS, logIndex=0, commits[a5e38e3e-c2ad-4348-acb9-3fc25cfb14dd:c1735, 11e48d46-e648-47f9-b6a0-9c7f26654c28:c1733, d1b6a90e-e817-40a7-bec1-608b5cc7d8b6:c1733]
2019-09-11 04:25:55,199 [grpc-default-executor-2] INFO  client.GrpcClientProtocolClient (GrpcClientProtocolClient.java:onNext(264)) - client-734BBEB428D7->a5e38e3e-c2ad-4348-acb9-3fc25cfb14dd: receive RaftClientReply:client-734BBEB428D7->a5e38e3e-c2ad-4348-acb9-3fc25cfb14dd@group-7000B19605CB, cid=1239, SUCCESS, logIndex=1736, commits[a5e38e3e-c2ad-4348-acb9-3fc25cfb14dd:c1736, 11e48d46-e648-47f9-b6a0-9c7f26654c28:c1735, d1b6a90e-e817-40a7-bec1-608b5cc7d8b6:c1735]
2019-09-11 04:25:55,200 [grpc-default-executor-1] INFO  client.GrpcClientProtocolClient (GrpcClientProtocolClient.java:onNext(264)) - client-734BBEB428D7->a5e38e3e-c2ad-4348-acb9-3fc25cfb14dd: receive RaftClientReply:client-734BBEB428D7->a5e38e3e-c2ad-4348-acb9-3fc25cfb14dd@group-7000B19605CB, cid=1240, SUCCESS, logIndex=1737, commits[a5e38e3e-c2ad-4348-acb9-3fc25cfb14dd:c1737, 11e48d46-e648-47f9-b6a0-9c7f26654c28:c1735, d1b6a90e-e817-40a7-bec1-608b5cc7d8b6:c1735]
2019-09-11 04:25:55,201 [grpc-default-executor-1] INFO  client.GrpcClientProtocolClient (GrpcClientProtocolClient.java:onNext(264)) - client-734BBEB428D7->a5e38e3e-c2ad-4348-acb9-3fc25cfb14dd: receive RaftClientReply:client-734BBEB428D7->a5e38e3e-c2ad-4348-acb9-3fc25cfb14dd@group-7000B19605CB, cid=1241, SUCCESS, logIndex=1738, commits[a5e38e3e-c2ad-4348-acb9-3fc25cfb14dd:c1739, 11e48d46-e648-47f9-b6a0-9c7f26654c28:c1735, d1b6a90e-e817-40a7-bec1-608b5cc7d8b6:c1735]
2019-09-11 04:25:55,201 [grpc-default-executor-2] INFO  client.GrpcClientProtocolClient (GrpcClientProtocolClient.java:onNext(264)) - client-734BBEB428D7->a5e38e3e-c2ad-4348-acb9-3fc25cfb14dd: receive RaftClientReply:client-734BBEB428D7->a5e38e3e-c2ad-4348-acb9-3fc25cfb14dd@group-7000B19605CB, cid=1242, SUCCESS, logIndex=1739, commits[a5e38e3e-c2ad-4348-acb9-3fc25cfb14dd:c1739, 11e48d46-e648-47f9-b6a0-9c7f26654c28:c1735, d1b6a90e-e817-40a7-bec1-608b5cc7d8b6:c1735]
2019-09-11 04:25:55,202 [grpc-default-executor-2] INFO  client.GrpcClientProtocolClient (GrpcClientProtocolClient.java:onNext(264)) - client-734BBEB428D7->a5e38e3e-c2ad-4348-acb9-3fc25cfb14dd: receive RaftClientReply:client-734BBEB428D7->a5e38e3e-c2ad-4348-acb9-3fc25cfb14dd@group-7000B19605CB, cid=1243, SUCCESS, logIndex=0, commits[a5e38e3e-c2ad-4348-acb9-3fc25cfb14dd:c1742, 11e48d46-e648-47f9-b6a0-9c7f26654c28:c1738, d1b6a90e-e817-40a7-bec1-608b5cc7d8b6:c1737]
2019-09-11 04:25:55,223 [grpc-default-executor-4] INFO  client.GrpcClientProtocolClient (GrpcClientProtocolClient.java:onNext(264)) - client-734BBEB428D7->a5e38e3e-c2ad-4348-acb9-3fc25cfb14dd: receive RaftClientReply:client-734BBEB428D7->a5e38e3e-c2ad-4348-acb9-3fc25cfb14dd@group-7000B19605CB, cid=1244, SUCCESS, logIndex=1744, commits[a5e38e3e-c2ad-4348-acb9-3fc25cfb14dd:c1744, 11e48d46-e648-47f9-b6a0-9c7f26654c28:c1743, d1b6a90e-e817-40a7-bec1-608b5cc7d8b6:c1743]
2019-09-11 04:25:55,223 [grpc-default-executor-4] INFO  client.GrpcClientProtocolClient (GrpcClientProtocolClient.java:onNext(264)) - client-734BBEB428D7->a5e38e3e-c2ad-4348-acb9-3fc25cfb14dd: receive RaftClientReply:client-734BBEB428D7->a5e38e3e-c2ad-4348-acb9-3fc25cfb14dd@group-7000B19605CB, cid=1245, SUCCESS, logIndex=1745, commits[a5e38e3e-c2ad-4348-acb9-3fc25cfb14dd:c1745, 11e48d46-e648-47f9-b6a0-9c7f26654c28:c1743, d1b6a90e-e817-40a7-bec1-608b5cc7d8b6:c1743]
2019-09-11 04:25:55,236 [grpc-default-executor-1] INFO  client.GrpcClientProtocolClient (GrpcClientProtocolClient.java:onNext(264)) - client-734BBEB428D7->a5e38e3e-c2ad-4348-acb9-3fc25cfb14dd: receive RaftClientReply:client-734BBEB428D7->a5e38e3e-c2ad-4348-acb9-3fc25cfb14dd@group-7000B19605CB, cid=1246, SUCCESS, logIndex=1748, commits[a5e38e3e-c2ad-4348-acb9-3fc25cfb14dd:c1749, 11e48d46-e648-47f9-b6a0-9c7f26654c28:c1745, d1b6a90e-e817-40a7-bec1-608b5cc7d8b6:c1745]
2019-09-11 04:25:55,236 [grpc-default-executor-1] INFO  client.GrpcClientProtocolClient (GrpcClientProtocolClient.java:onNext(264)) - client-734BBEB428D7->a5e38e3e-c2ad-4348-acb9-3fc25cfb14dd: receive RaftClientReply:client-734BBEB428D7->a5e38e3e-c2ad-4348-acb9-3fc25cfb14dd@group-7000B19605CB, cid=1247, SUCCESS, logIndex=1749, commits[a5e38e3e-c2ad-4348-acb9-3fc25cfb14dd:c1749, 11e48d46-e648-47f9-b6a0-9c7f26654c28:c1745, d1b6a90e-e817-40a7-bec1-608b5cc7d8b6:c1745]
2019-09-11 04:25:55,247 [grpc-default-executor-4] INFO  client.GrpcClientProtocolClient (GrpcClientProtocolClient.java:onNext(264)) - client-734BBEB428D7->a5e38e3e-c2ad-4348-acb9-3fc25cfb14dd: receive RaftClientReply:client-734BBEB428D7->a5e38e3e-c2ad-4348-acb9-3fc25cfb14dd@group-7000B19605CB, cid=1248, SUCCESS, logIndex=0, commits[a5e38e3e-c2ad-4348-acb9-3fc25cfb14dd:c1749, 11e48d46-e648-47f9-b6a0-9c7f26654c28:c1749, d1b6a90e-e817-40a7-bec1-608b5cc7d8b6:c1749]
2019-09-11 04:25:55,273 [grpc-default-executor-0] INFO  client.GrpcClientProtocolClient (GrpcClientProtocolClient.java:onNext(264)) - client-734BBEB428D7->a5e38e3e-c2ad-4348-acb9-3fc25cfb14dd: receive RaftClientReply:client-734BBEB428D7->a5e38e3e-c2ad-4348-acb9-3fc25cfb14dd@group-7000B19605CB, cid=1249, SUCCESS, logIndex=1752, commits[a5e38e3e-c2ad-4348-acb9-3fc25cfb14dd:c1753, 11e48d46-e648-47f9-b6a0-9c7f26654c28:c1751, d1b6a90e-e817-40a7-bec1-608b5cc7d8b6:c1751]
2019-09-11 04:25:55,274 [grpc-default-executor-1] INFO  client.GrpcClientProtocolClient (GrpcClientProtocolClient.java:onNext(264)) - client-734BBEB428D7->a5e38e3e-c2ad-4348-acb9-3fc25cfb14dd: receive RaftClientReply:client-734BBEB428D7->a5e38e3e-c2ad-4348-acb9-3fc25cfb14dd@group-7000B19605CB, cid=1250, SUCCESS, logIndex=1753, commits[a5e38e3e-c2ad-4348-acb9-3fc25cfb14dd:c1753, 11e48d46-e648-47f9-b6a0-9c7f26654c28:c1751, d1b6a90e-e817-40a7-bec1-608b5cc7d8b6:c1751]
2019-09-11 04:25:55,274 [grpc-default-executor-0] INFO  client.GrpcClientProtocolClient (GrpcClientProtocolClient.java:onNext(264)) - client-734BBEB428D7->a5e38e3e-c2ad-4348-acb9-3fc25cfb14dd: receive RaftClientReply:client-734BBEB428D7->a5e38e3e-c2ad-4348-acb9-3fc25cfb14dd@group-7000B19605CB, cid=1251, SUCCESS, logIndex=1754, commits[a5e38e3e-c2ad-4348-acb9-3fc25cfb14dd:c1754, 11e48d46-e648-47f9-b6a0-9c7f26654c28:c1751, d1b6a90e-e817-40a7-bec1-608b5cc7d8b6:c1751]
2019-09-11 04:25:55,275 [grpc-default-executor-0] INFO  client.GrpcClientProtocolClient (GrpcClientProtocolClient.java:onNext(264)) - client-734BBEB428D7->a5e38e3e-c2ad-4348-acb9-3fc25cfb14dd: receive RaftClientReply:client-734BBEB428D7->a5e38e3e-c2ad-4348-acb9-3fc25cfb14dd@group-7000B19605CB, cid=1252, SUCCESS, logIndex=1755, commits[a5e38e3e-c2ad-4348-acb9-3fc25cfb14dd:c1755, 11e48d46-e648-47f9-b6a0-9c7f26654c28:c1751, d1b6a90e-e817-40a7-bec1-608b5cc7d8b6:c1751]
2019-09-11 04:25:55,276 [grpc-default-executor-4] INFO  client.GrpcClientProtocolClient (GrpcClientProtocolClient.java:onNext(264)) - client-734BBEB428D7->a5e38e3e-c2ad-4348-acb9-3fc25cfb14dd: receive RaftClientReply:client-734BBEB428D7->a5e38e3e-c2ad-4348-acb9-3fc25cfb14dd@group-7000B19605CB, cid=1253, SUCCESS, logIndex=0, commits[a5e38e3e-c2ad-4348-acb9-3fc25cfb14dd:c1757, 11e48d46-e648-47f9-b6a0-9c7f26654c28:c1753, d1b6a90e-e817-40a7-bec1-608b5cc7d8b6:c1753]
2019-09-11 04:25:55,294 [grpc-default-executor-4] INFO  client.GrpcClientProtocolClient (GrpcClientProtocolClient.java:onNext(264)) - client-734BBEB428D7->a5e38e3e-c2ad-4348-acb9-3fc25cfb14dd: receive RaftClientReply:client-734BBEB428D7->a5e38e3e-c2ad-4348-acb9-3fc25cfb14dd@group-7000B19605CB, cid=1254, SUCCESS, logIndex=1760, commits[a5e38e3e-c2ad-4348-acb9-3fc25cfb14dd:c1761, 11e48d46-e648-47f9-b6a0-9c7f26654c28:c1759, d1b6a90e-e817-40a7-bec1-608b5cc7d8b6:c1759]
2019-09-11 04:25:55,294 [grpc-default-executor-4] INFO  client.GrpcClientProtocolClient (GrpcClientProtocolClient.java:onNext(264)) - client-734BBEB428D7->a5e38e3e-c2ad-4348-acb9-3fc25cfb14dd: receive RaftClientReply:client-734BBEB428D7->a5e38e3e-c2ad-4348-acb9-3fc25cfb14dd@group-7000B19605CB, cid=1255, SUCCESS, logIndex=1761, commits[a5e38e3e-c2ad-4348-acb9-3fc25cfb14dd:c1761, 11e48d46-e648-47f9-b6a0-9c7f26654c28:c1759, d1b6a90e-e817-40a7-bec1-608b5cc7d8b6:c1759]
2019-09-11 04:25:55,308 [grpc-default-executor-1] INFO  client.GrpcClientProtocolClient (GrpcClientProtocolClient.java:onNext(264)) - client-734BBEB428D7->a5e38e3e-c2ad-4348-acb9-3fc25cfb14dd: receive RaftClientReply:client-734BBEB428D7->a5e38e3e-c2ad-4348-acb9-3fc25cfb14dd@group-7000B19605CB, cid=1256, SUCCESS, logIndex=1764, commits[a5e38e3e-c2ad-4348-acb9-3fc25cfb14dd:c1765, 11e48d46-e648-47f9-b6a0-9c7f26654c28:c1761, d1b6a90e-e817-40a7-bec1-608b5cc7d8b6:c1761]
2019-09-11 04:25:55,311 [grpc-default-executor-1] INFO  client.GrpcClientProtocolClient (GrpcClientProtocolClient.java:onNext(264)) - client-734BBEB428D7->a5e38e3e-c2ad-4348-acb9-3fc25cfb14dd: receive RaftClientReply:client-734BBEB428D7->a5e38e3e-c2ad-4348-acb9-3fc25cfb14dd@group-7000B19605CB, cid=1257, SUCCESS, logIndex=1765, commits[a5e38e3e-c2ad-4348-acb9-3fc25cfb14dd:c1765, 11e48d46-e648-47f9-b6a0-9c7f26654c28:c1761, d1b6a90e-e817-40a7-bec1-608b5cc7d8b6:c1761]
2019-09-11 04:25:55,321 [grpc-default-executor-1] INFO  client.GrpcClientProtocolClient (GrpcClientProtocolClient.java:onNext(264)) - client-734BBEB428D7->a5e38e3e-c2ad-4348-acb9-3fc25cfb14dd: receive RaftClientReply:client-734BBEB428D7->a5e38e3e-c2ad-4348-acb9-3fc25cfb14dd@group-7000B19605CB, cid=1258, SUCCESS, logIndex=0, commits[a5e38e3e-c2ad-4348-acb9-3fc25cfb14dd:c1767, 11e48d46-e648-47f9-b6a0-9c7f26654c28:c1765, d1b6a90e-e817-40a7-bec1-608b5cc7d8b6:c1765]
2019-09-11 04:25:55,343 [grpc-default-executor-0] INFO  client.GrpcClientProtocolClient (GrpcClientProtocolClient.java:onNext(264)) - client-734BBEB428D7->a5e38e3e-c2ad-4348-acb9-3fc25cfb14dd: receive RaftClientReply:client-734BBEB428D7->a5e38e3e-c2ad-4348-acb9-3fc25cfb14dd@group-7000B19605CB, cid=1259, SUCCESS, logIndex=1768, commits[a5e38e3e-c2ad-4348-acb9-3fc25cfb14dd:c1769, 11e48d46-e648-47f9-b6a0-9c7f26654c28:c1767, d1b6a90e-e817-40a7-bec1-608b5cc7d8b6:c1767]
2019-09-11 04:25:55,344 [grpc-default-executor-0] INFO  client.GrpcClientProtocolClient (GrpcClientProtocolClient.java:onNext(264)) - client-734BBEB428D7->a5e38e3e-c2ad-4348-acb9-3fc25cfb14dd: receive RaftClientReply:client-734BBEB428D7->a5e38e3e-c2ad-4348-acb9-3fc25cfb14dd@group-7000B19605CB, cid=1260, SUCCESS, logIndex=1769, commits[a5e38e3e-c2ad-4348-acb9-3fc25cfb14dd:c1769, 11e48d46-e648-47f9-b6a0-9c7f26654c28:c1767, d1b6a90e-e817-40a7-bec1-608b5cc7d8b6:c1767]
2019-09-11 04:25:55,344 [grpc-default-executor-0] INFO  client.GrpcClientProtocolClient (GrpcClientProtocolClient.java:onNext(264)) - client-734BBEB428D7->a5e38e3e-c2ad-4348-acb9-3fc25cfb14dd: receive RaftClientReply:client-734BBEB428D7->a5e38e3e-c2ad-4348-acb9-3fc25cfb14dd@group-7000B19605CB, cid=1261, SUCCESS, logIndex=1770, commits[a5e38e3e-c2ad-4348-acb9-3fc25cfb14dd:c1770, 11e48d46-e648-47f9-b6a0-9c7f26654c28:c1767, d1b6a90e-e817-40a7-bec1-608b5cc7d8b6:c1767]
2019-09-11 04:25:55,345 [grpc-default-executor-0] INFO  client.GrpcClientProtocolClient (GrpcClientProtocolClient.java:onNext(264)) - client-734BBEB428D7->a5e38e3e-c2ad-4348-acb9-3fc25cfb14dd: receive RaftClientReply:client-734BBEB428D7->a5e38e3e-c2ad-4348-acb9-3fc25cfb14dd@group-7000B19605CB, cid=1262, SUCCESS, logIndex=1771, commits[a5e38e3e-c2ad-4348-acb9-3fc25cfb14dd:c1771, 11e48d46-e648-47f9-b6a0-9c7f26654c28:c1767, d1b6a90e-e817-40a7-bec1-608b5cc7d8b6:c1767]
2019-09-11 04:25:55,346 [grpc-default-executor-4] INFO  client.GrpcClientProtocolClient (GrpcClientProtocolClient.java:onNext(264)) - client-734BBEB428D7->a5e38e3e-c2ad-4348-acb9-3fc25cfb14dd: receive RaftClientReply:client-734BBEB428D7->a5e38e3e-c2ad-4348-acb9-3fc25cfb14dd@group-7000B19605CB, cid=1263, SUCCESS, logIndex=0, commits[a5e38e3e-c2ad-4348-acb9-3fc25cfb14dd:c1773, 11e48d46-e648-47f9-b6a0-9c7f26654c28:c1769, d1b6a90e-e817-40a7-bec1-608b5cc7d8b6:c1769]
2019-09-11 04:25:55,377 [grpc-default-executor-4] INFO  client.GrpcClientProtocolClient (GrpcClientProtocolClient.java:onNext(264)) - client-734BBEB428D7->a5e38e3e-c2ad-4348-acb9-3fc25cfb14dd: receive RaftClientReply:client-734BBEB428D7->a5e38e3e-c2ad-4348-acb9-3fc25cfb14dd@group-7000B19605CB, cid=1264, SUCCESS, logIndex=1776, commits[a5e38e3e-c2ad-4348-acb9-3fc25cfb14dd:c1777, 11e48d46-e648-47f9-b6a0-9c7f26654c28:c1775, d1b6a90e-e817-40a7-bec1-608b5cc7d8b6:c1775]
2019-09-11 04:25:55,377 [grpc-default-executor-4] INFO  client.GrpcClientProtocolClient (GrpcClientProtocolClient.java:onNext(264)) - client-734BBEB428D7->a5e38e3e-c2ad-4348-acb9-3fc25cfb14dd: receive RaftClientReply:client-734BBEB428D7->a5e38e3e-c2ad-4348-acb9-3fc25cfb14dd@group-7000B19605CB, cid=1265, SUCCESS, logIndex=1777, commits[a5e38e3e-c2ad-4348-acb9-3fc25cfb14dd:c1777, 11e48d46-e648-47f9-b6a0-9c7f26654c28:c1775, d1b6a90e-e817-40a7-bec1-608b5cc7d8b6:c1775]
2019-09-11 04:25:55,395 [grpc-default-executor-1] INFO  client.GrpcClientProtocolClient (GrpcClientProtocolClient.java:onNext(264)) - client-734BBEB428D7->a5e38e3e-c2ad-4348-acb9-3fc25cfb14dd: receive RaftClientReply:client-734BBEB428D7->a5e38e3e-c2ad-4348-acb9-3fc25cfb14dd@group-7000B19605CB, cid=1266, SUCCESS, logIndex=1780, commits[a5e38e3e-c2ad-4348-acb9-3fc25cfb14dd:c1781, 11e48d46-e648-47f9-b6a0-9c7f26654c28:c1779, d1b6a90e-e817-40a7-bec1-608b5cc7d8b6:c1779]
2019-09-11 04:25:55,396 [grpc-default-executor-1] INFO  client.GrpcClientProtocolClient (GrpcClientProtocolClient.java:onNext(264)) - client-734BBEB428D7->a5e38e3e-c2ad-4348-acb9-3fc25cfb14dd: receive RaftClientReply:client-734BBEB428D7->a5e38e3e-c2ad-4348-acb9-3fc25cfb14dd@group-7000B19605CB, cid=1267, SUCCESS, logIndex=1781, commits[a5e38e3e-c2ad-4348-acb9-3fc25cfb14dd:c1781, 11e48d46-e648-47f9-b6a0-9c7f26654c28:c1779, d1b6a90e-e817-40a7-bec1-608b5cc7d8b6:c1779]
2019-09-11 04:25:55,408 [grpc-default-executor-4] INFO  client.GrpcClientProtocolClient (GrpcClientProtocolClient.java:onNext(264)) - client-734BBEB428D7->a5e38e3e-c2ad-4348-acb9-3fc25cfb14dd: receive RaftClientReply:client-734BBEB428D7->a5e38e3e-c2ad-4348-acb9-3fc25cfb14dd@group-7000B19605CB, cid=1268, SUCCESS, logIndex=0, commits[a5e38e3e-c2ad-4348-acb9-3fc25cfb14dd:c1783, 11e48d46-e648-47f9-b6a0-9c7f26654c28:c1781, d1b6a90e-e817-40a7-bec1-608b5cc7d8b6:c1781]
2019-09-11 04:25:55,434 [grpc-default-executor-1] INFO  client.GrpcClientProtocolClient (GrpcClientProtocolClient.java:onNext(264)) - client-734BBEB428D7->a5e38e3e-c2ad-4348-acb9-3fc25cfb14dd: receive RaftClientReply:client-734BBEB428D7->a5e38e3e-c2ad-4348-acb9-3fc25cfb14dd@group-7000B19605CB, cid=1269, SUCCESS, logIndex=1784, commits[a5e38e3e-c2ad-4348-acb9-3fc25cfb14dd:c1785, 11e48d46-e648-47f9-b6a0-9c7f26654c28:c1783, d1b6a90e-e817-40a7-bec1-608b5cc7d8b6:c1783]
2019-09-11 04:25:55,435 [grpc-default-executor-1] INFO  client.GrpcClientProtocolClient (GrpcClientProtocolClient.java:onNext(264)) - client-734BBEB428D7->a5e38e3e-c2ad-4348-acb9-3fc25cfb14dd: receive RaftClientReply:client-734BBEB428D7->a5e38e3e-c2ad-4348-acb9-3fc25cfb14dd@group-7000B19605CB, cid=1270, SUCCESS, logIndex=1785, commits[a5e38e3e-c2ad-4348-acb9-3fc25cfb14dd:c1785, 11e48d46-e648-47f9-b6a0-9c7f26654c28:c1783, d1b6a90e-e817-40a7-bec1-608b5cc7d8b6:c1783]
2019-09-11 04:25:55,435 [grpc-default-executor-1] INFO  client.GrpcClientProtocolClient (GrpcClientProtocolClient.java:onNext(264)) - client-734BBEB428D7->a5e38e3e-c2ad-4348-acb9-3fc25cfb14dd: receive RaftClientReply:client-734BBEB428D7->a5e38e3e-c2ad-4348-acb9-3fc25cfb14dd@group-7000B19605CB, cid=1271, SUCCESS, logIndex=1786, commits[a5e38e3e-c2ad-4348-acb9-3fc25cfb14dd:c1787, 11e48d46-e648-47f9-b6a0-9c7f26654c28:c1783, d1b6a90e-e817-40a7-bec1-608b5cc7d8b6:c1783]
2019-09-11 04:25:55,436 [grpc-default-executor-1] INFO  client.GrpcClientProtocolClient (GrpcClientProtocolClient.java:onNext(264)) - client-734BBEB428D7->a5e38e3e-c2ad-4348-acb9-3fc25cfb14dd: receive RaftClientReply:client-734BBEB428D7->a5e38e3e-c2ad-4348-acb9-3fc25cfb14dd@group-7000B19605CB, cid=1272, SUCCESS, logIndex=1787, commits[a5e38e3e-c2ad-4348-acb9-3fc25cfb14dd:c1787, 11e48d46-e648-47f9-b6a0-9c7f26654c28:c1783, d1b6a90e-e817-40a7-bec1-608b5cc7d8b6:c1783]
2019-09-11 04:25:55,437 [grpc-default-executor-1] INFO  client.GrpcClientProtocolClient (GrpcClientProtocolClient.java:onNext(264)) - client-734BBEB428D7->a5e38e3e-c2ad-4348-acb9-3fc25cfb14dd: receive RaftClientReply:client-734BBEB428D7->a5e38e3e-c2ad-4348-acb9-3fc25cfb14dd@group-7000B19605CB, cid=1273, SUCCESS, logIndex=0, commits[a5e38e3e-c2ad-4348-acb9-3fc25cfb14dd:c1789, 11e48d46-e648-47f9-b6a0-9c7f26654c28:c1785, d1b6a90e-e817-40a7-bec1-608b5cc7d8b6:c1785]
2019-09-11 04:25:55,463 [grpc-default-executor-2] INFO  client.GrpcClientProtocolClient (GrpcClientProtocolClient.java:onNext(264)) - client-734BBEB428D7->a5e38e3e-c2ad-4348-acb9-3fc25cfb14dd: receive RaftClientReply:client-734BBEB428D7->a5e38e3e-c2ad-4348-acb9-3fc25cfb14dd@group-7000B19605CB, cid=1274, SUCCESS, logIndex=1792, commits[a5e38e3e-c2ad-4348-acb9-3fc25cfb14dd:c1793, 11e48d46-e648-47f9-b6a0-9c7f26654c28:c1791, d1b6a90e-e817-40a7-bec1-608b5cc7d8b6:c1791]
2019-09-11 04:25:55,464 [grpc-default-executor-2] INFO  client.GrpcClientProtocolClient (GrpcClientProtocolClient.java:onNext(264)) - client-734BBEB428D7->a5e38e3e-c2ad-4348-acb9-3fc25cfb14dd: receive RaftClientReply:client-734BBEB428D7->a5e38e3e-c2ad-4348-acb9-3fc25cfb14dd@group-7000B19605CB, cid=1275, SUCCESS, logIndex=1793, commits[a5e38e3e-c2ad-4348-acb9-3fc25cfb14dd:c1793, 11e48d46-e648-47f9-b6a0-9c7f26654c28:c1791, d1b6a90e-e817-40a7-bec1-608b5cc7d8b6:c1791]
2019-09-11 04:25:55,475 [grpc-default-executor-0] INFO  client.GrpcClientProtocolClient (GrpcClientProtocolClient.java:onNext(264)) - client-734BBEB428D7->a5e38e3e-c2ad-4348-acb9-3fc25cfb14dd: receive RaftClientReply:client-734BBEB428D7->a5e38e3e-c2ad-4348-acb9-3fc25cfb14dd@group-7000B19605CB, cid=1276, SUCCESS, logIndex=1796, commits[a5e38e3e-c2ad-4348-acb9-3fc25cfb14dd:c1796, 11e48d46-e648-47f9-b6a0-9c7f26654c28:c1793, d1b6a90e-e817-40a7-bec1-608b5cc7d8b6:c1793]
2019-09-11 04:25:55,475 [grpc-default-executor-0] INFO  client.GrpcClientProtocolClient (GrpcClientProtocolClient.java:onNext(264)) - client-734BBEB428D7->a5e38e3e-c2ad-4348-acb9-3fc25cfb14dd: receive RaftClientReply:client-734BBEB428D7->a5e38e3e-c2ad-4348-acb9-3fc25cfb14dd@group-7000B19605CB, cid=1277, SUCCESS, logIndex=1797, commits[a5e38e3e-c2ad-4348-acb9-3fc25cfb14dd:c1797, 11e48d46-e648-47f9-b6a0-9c7f26654c28:c1793, d1b6a90e-e817-40a7-bec1-608b5cc7d8b6:c1793]
2019-09-11 04:25:55,490 [grpc-default-executor-0] INFO  client.GrpcClientProtocolClient (GrpcClientProtocolClient.java:onNext(264)) - client-734BBEB428D7->a5e38e3e-c2ad-4348-acb9-3fc25cfb14dd: receive RaftClientReply:client-734BBEB428D7->a5e38e3e-c2ad-4348-acb9-3fc25cfb14dd@group-7000B19605CB, cid=1278, SUCCESS, logIndex=0, commits[a5e38e3e-c2ad-4348-acb9-3fc25cfb14dd:c1799, 11e48d46-e648-47f9-b6a0-9c7f26654c28:c1797, d1b6a90e-e817-40a7-bec1-608b5cc7d8b6:c1797]
2019-09-11 04:25:55,646 [grpc-default-executor-0] INFO  client.GrpcClientProtocolClient (GrpcClientProtocolClient.java:onNext(264)) - client-734BBEB428D7->a5e38e3e-c2ad-4348-acb9-3fc25cfb14dd: receive RaftClientReply:client-734BBEB428D7->a5e38e3e-c2ad-4348-acb9-3fc25cfb14dd@group-7000B19605CB, cid=1279, SUCCESS, logIndex=1800, commits[a5e38e3e-c2ad-4348-acb9-3fc25cfb14dd:c1801, 11e48d46-e648-47f9-b6a0-9c7f26654c28:c1799, d1b6a90e-e817-40a7-bec1-608b5cc7d8b6:c1799]
2019-09-11 04:25:55,647 [grpc-default-executor-0] INFO  client.GrpcClientProtocolClient (GrpcClientProtocolClient.java:onNext(264)) - client-734BBEB428D7->a5e38e3e-c2ad-4348-acb9-3fc25cfb14dd: receive RaftClientReply:client-734BBEB428D7->a5e38e3e-c2ad-4348-acb9-3fc25cfb14dd@group-7000B19605CB, cid=1280, SUCCESS, logIndex=1801, commits[a5e38e3e-c2ad-4348-acb9-3fc25cfb14dd:c1803, 11e48d46-e648-47f9-b6a0-9c7f26654c28:c1799, d1b6a90e-e817-40a7-bec1-608b5cc7d8b6:c1799]
2019-09-11 04:25:55,647 [grpc-default-executor-0] INFO  client.GrpcClientProtocolClient (GrpcClientProtocolClient.java:onNext(264)) - client-734BBEB428D7->a5e38e3e-c2ad-4348-acb9-3fc25cfb14dd: receive RaftClientReply:client-734BBEB428D7->a5e38e3e-c2ad-4348-acb9-3fc25cfb14dd@group-7000B19605CB, cid=1281, SUCCESS, logIndex=1802, commits[a5e38e3e-c2ad-4348-acb9-3fc25cfb14dd:c1803, 11e48d46-e648-47f9-b6a0-9c7f26654c28:c1799, d1b6a90e-e817-40a7-bec1-608b5cc7d8b6:c1799]
2019-09-11 04:25:55,648 [grpc-default-executor-1] INFO  client.GrpcClientProtocolClient (GrpcClientProtocolClient.java:onNext(264)) - client-734BBEB428D7->a5e38e3e-c2ad-4348-acb9-3fc25cfb14dd: receive RaftClientReply:client-734BBEB428D7->a5e38e3e-c2ad-4348-acb9-3fc25cfb14dd@group-7000B19605CB, cid=1282, SUCCESS, logIndex=1803, commits[a5e38e3e-c2ad-4348-acb9-3fc25cfb14dd:c1803, 11e48d46-e648-47f9-b6a0-9c7f26654c28:c1799, d1b6a90e-e817-40a7-bec1-608b5cc7d8b6:c1799]
2019-09-11 04:25:55,650 [grpc-default-executor-1] INFO  client.GrpcClientProtocolClient (GrpcClientProtocolClient.java:onNext(264)) - client-734BBEB428D7->a5e38e3e-c2ad-4348-acb9-3fc25cfb14dd: receive RaftClientReply:client-734BBEB428D7->a5e38e3e-c2ad-4348-acb9-3fc25cfb14dd@group-7000B19605CB, cid=1283, SUCCESS, logIndex=0, commits[a5e38e3e-c2ad-4348-acb9-3fc25cfb14dd:c1807, 11e48d46-e648-47f9-b6a0-9c7f26654c28:c1801, d1b6a90e-e817-40a7-bec1-608b5cc7d8b6:c1803]
2019-09-11 04:25:55,679 [grpc-default-executor-1] INFO  client.GrpcClientProtocolClient (GrpcClientProtocolClient.java:onNext(264)) - client-734BBEB428D7->a5e38e3e-c2ad-4348-acb9-3fc25cfb14dd: receive RaftClientReply:client-734BBEB428D7->a5e38e3e-c2ad-4348-acb9-3fc25cfb14dd@group-7000B19605CB, cid=1284, SUCCESS, logIndex=1808, commits[a5e38e3e-c2ad-4348-acb9-3fc25cfb14dd:c1809, 11e48d46-e648-47f9-b6a0-9c7f26654c28:c1807, d1b6a90e-e817-40a7-bec1-608b5cc7d8b6:c1807]
2019-09-11 04:25:55,680 [grpc-default-executor-1] INFO  client.GrpcClientProtocolClient (GrpcClientProtocolClient.java:onNext(264)) - client-734BBEB428D7->a5e38e3e-c2ad-4348-acb9-3fc25cfb14dd: receive RaftClientReply:client-734BBEB428D7->a5e38e3e-c2ad-4348-acb9-3fc25cfb14dd@group-7000B19605CB, cid=1285, SUCCESS, logIndex=1809, commits[a5e38e3e-c2ad-4348-acb9-3fc25cfb14dd:c1809, 11e48d46-e648-47f9-b6a0-9c7f26654c28:c1807, d1b6a90e-e817-40a7-bec1-608b5cc7d8b6:c1807]
2019-09-11 04:25:55,696 [grpc-default-executor-0] INFO  client.GrpcClientProtocolClient (GrpcClientProtocolClient.java:onNext(264)) - client-734BBEB428D7->a5e38e3e-c2ad-4348-acb9-3fc25cfb14dd: receive RaftClientReply:client-734BBEB428D7->a5e38e3e-c2ad-4348-acb9-3fc25cfb14dd@group-7000B19605CB, cid=1286, SUCCESS, logIndex=1812, commits[a5e38e3e-c2ad-4348-acb9-3fc25cfb14dd:c1813, 11e48d46-e648-47f9-b6a0-9c7f26654c28:c1809, d1b6a90e-e817-40a7-bec1-608b5cc7d8b6:c1809]
2019-09-11 04:25:55,696 [grpc-default-executor-0] INFO  client.GrpcClientProtocolClient (GrpcClientProtocolClient.java:onNext(264)) - client-734BBEB428D7->a5e38e3e-c2ad-4348-acb9-3fc25cfb14dd: receive RaftClientReply:client-734BBEB428D7->a5e38e3e-c2ad-4348-acb9-3fc25cfb14dd@group-7000B19605CB, cid=1287, SUCCESS, logIndex=1813, commits[a5e38e3e-c2ad-4348-acb9-3fc25cfb14dd:c1813, 11e48d46-e648-47f9-b6a0-9c7f26654c28:c1809, d1b6a90e-e817-40a7-bec1-608b5cc7d8b6:c1809]
2019-09-11 04:25:55,708 [grpc-default-executor-0] INFO  client.GrpcClientProtocolClient (GrpcClientProtocolClient.java:onNext(264)) - client-734BBEB428D7->a5e38e3e-c2ad-4348-acb9-3fc25cfb14dd: receive RaftClientReply:client-734BBEB428D7->a5e38e3e-c2ad-4348-acb9-3fc25cfb14dd@group-7000B19605CB, cid=1288, SUCCESS, logIndex=0, commits[a5e38e3e-c2ad-4348-acb9-3fc25cfb14dd:c1814, 11e48d46-e648-47f9-b6a0-9c7f26654c28:c1813, d1b6a90e-e817-40a7-bec1-608b5cc7d8b6:c1813]
2019-09-11 04:25:55,738 [grpc-default-executor-0] INFO  client.GrpcClientProtocolClient (GrpcClientProtocolClient.java:onNext(264)) - client-734BBEB428D7->a5e38e3e-c2ad-4348-acb9-3fc25cfb14dd: receive RaftClientReply:client-734BBEB428D7->a5e38e3e-c2ad-4348-acb9-3fc25cfb14dd@group-7000B19605CB, cid=1289, SUCCESS, logIndex=1816, commits[a5e38e3e-c2ad-4348-acb9-3fc25cfb14dd:c1817, 11e48d46-e648-47f9-b6a0-9c7f26654c28:c1815, d1b6a90e-e817-40a7-bec1-608b5cc7d8b6:c1815]
2019-09-11 04:25:55,739 [grpc-default-executor-0] INFO  client.GrpcClientProtocolClient (GrpcClientProtocolClient.java:onNext(264)) - client-734BBEB428D7->a5e38e3e-c2ad-4348-acb9-3fc25cfb14dd: receive RaftClientReply:client-734BBEB428D7->a5e38e3e-c2ad-4348-acb9-3fc25cfb14dd@group-7000B19605CB, cid=1290, SUCCESS, logIndex=1817, commits[a5e38e3e-c2ad-4348-acb9-3fc25cfb14dd:c1817, 11e48d46-e648-47f9-b6a0-9c7f26654c28:c1815, d1b6a90e-e817-40a7-bec1-608b5cc7d8b6:c1815]
2019-09-11 04:25:55,740 [grpc-default-executor-2] INFO  client.GrpcClientProtocolClient (GrpcClientProtocolClient.java:onNext(264)) - client-734BBEB428D7->a5e38e3e-c2ad-4348-acb9-3fc25cfb14dd: receive RaftClientReply:client-734BBEB428D7->a5e38e3e-c2ad-4348-acb9-3fc25cfb14dd@group-7000B19605CB, cid=1291, SUCCESS, logIndex=1818, commits[a5e38e3e-c2ad-4348-acb9-3fc25cfb14dd:c1819, 11e48d46-e648-47f9-b6a0-9c7f26654c28:c1815, d1b6a90e-e817-40a7-bec1-608b5cc7d8b6:c1815]
2019-09-11 04:25:55,740 [grpc-default-executor-2] INFO  client.GrpcClientProtocolClient (GrpcClientProtocolClient.java:onNext(264)) - client-734BBEB428D7->a5e38e3e-c2ad-4348-acb9-3fc25cfb14dd: receive RaftClientReply:client-734BBEB428D7->a5e38e3e-c2ad-4348-acb9-3fc25cfb14dd@group-7000B19605CB, cid=1292, SUCCESS, logIndex=1819, commits[a5e38e3e-c2ad-4348-acb9-3fc25cfb14dd:c1819, 11e48d46-e648-47f9-b6a0-9c7f26654c28:c1815, d1b6a90e-e817-40a7-bec1-608b5cc7d8b6:c1815]
2019-09-11 04:25:55,742 [grpc-default-executor-0] INFO  client.GrpcClientProtocolClient (GrpcClientProtocolClient.java:onNext(264)) - client-734BBEB428D7->a5e38e3e-c2ad-4348-acb9-3fc25cfb14dd: receive RaftClientReply:client-734BBEB428D7->a5e38e3e-c2ad-4348-acb9-3fc25cfb14dd@group-7000B19605CB, cid=1293, SUCCESS, logIndex=0, commits[a5e38e3e-c2ad-4348-acb9-3fc25cfb14dd:c1823, 11e48d46-e648-47f9-b6a0-9c7f26654c28:c1817, d1b6a90e-e817-40a7-bec1-608b5cc7d8b6:c1819]
2019-09-11 04:25:55,763 [grpc-default-executor-0] INFO  client.GrpcClientProtocolClient (GrpcClientProtocolClient.java:onNext(264)) - client-734BBEB428D7->a5e38e3e-c2ad-4348-acb9-3fc25cfb14dd: receive RaftClientReply:client-734BBEB428D7->a5e38e3e-c2ad-4348-acb9-3fc25cfb14dd@group-7000B19605CB, cid=1294, SUCCESS, logIndex=1824, commits[a5e38e3e-c2ad-4348-acb9-3fc25cfb14dd:c1825, 11e48d46-e648-47f9-b6a0-9c7f26654c28:c1823, d1b6a90e-e817-40a7-bec1-608b5cc7d8b6:c1823]
2019-09-11 04:25:55,764 [grpc-default-executor-0] INFO  client.GrpcClientProtocolClient (GrpcClientProtocolClient.java:onNext(264)) - client-734BBEB428D7->a5e38e3e-c2ad-4348-acb9-3fc25cfb14dd: receive RaftClientReply:client-734BBEB428D7->a5e38e3e-c2ad-4348-acb9-3fc25cfb14dd@group-7000B19605CB, cid=1295, SUCCESS, logIndex=1825, commits[a5e38e3e-c2ad-4348-acb9-3fc25cfb14dd:c1825, 11e48d46-e648-47f9-b6a0-9c7f26654c28:c1823, d1b6a90e-e817-40a7-bec1-608b5cc7d8b6:c1823]
2019-09-11 04:25:55,797 [grpc-default-executor-2] INFO  client.GrpcClientProtocolClient (GrpcClientProtocolClient.java:onNext(264)) - client-734BBEB428D7->a5e38e3e-c2ad-4348-acb9-3fc25cfb14dd: receive RaftClientReply:client-734BBEB428D7->a5e38e3e-c2ad-4348-acb9-3fc25cfb14dd@group-7000B19605CB, cid=1296, SUCCESS, logIndex=1828, commits[a5e38e3e-c2ad-4348-acb9-3fc25cfb14dd:c1828, 11e48d46-e648-47f9-b6a0-9c7f26654c28:c1825, d1b6a90e-e817-40a7-bec1-608b5cc7d8b6:c1825]
2019-09-11 04:25:55,797 [grpc-default-executor-2] INFO  client.GrpcClientProtocolClient (GrpcClientProtocolClient.java:onNext(264)) - client-734BBEB428D7->a5e38e3e-c2ad-4348-acb9-3fc25cfb14dd: receive RaftClientReply:client-734BBEB428D7->a5e38e3e-c2ad-4348-acb9-3fc25cfb14dd@group-7000B19605CB, cid=1297, SUCCESS, logIndex=1829, commits[a5e38e3e-c2ad-4348-acb9-3fc25cfb14dd:c1829, 11e48d46-e648-47f9-b6a0-9c7f26654c28:c1825, d1b6a90e-e817-40a7-bec1-608b5cc7d8b6:c1825]
2019-09-11 04:25:55,811 [grpc-default-executor-2] INFO  client.GrpcClientProtocolClient (GrpcClientProtocolClient.java:onNext(264)) - client-734BBEB428D7->a5e38e3e-c2ad-4348-acb9-3fc25cfb14dd: receive RaftClientReply:client-734BBEB428D7->a5e38e3e-c2ad-4348-acb9-3fc25cfb14dd@group-7000B19605CB, cid=1298, SUCCESS, logIndex=0, commits[a5e38e3e-c2ad-4348-acb9-3fc25cfb14dd:c1831, 11e48d46-e648-47f9-b6a0-9c7f26654c28:c1829, d1b6a90e-e817-40a7-bec1-608b5cc7d8b6:c1829]
2019-09-11 04:25:55,841 [grpc-default-executor-4] INFO  client.GrpcClientProtocolClient (GrpcClientProtocolClient.java:onNext(264)) - client-734BBEB428D7->a5e38e3e-c2ad-4348-acb9-3fc25cfb14dd: receive RaftClientReply:client-734BBEB428D7->a5e38e3e-c2ad-4348-acb9-3fc25cfb14dd@group-7000B19605CB, cid=1299, SUCCESS, logIndex=1832, commits[a5e38e3e-c2ad-4348-acb9-3fc25cfb14dd:c1833, 11e48d46-e648-47f9-b6a0-9c7f26654c28:c1831, d1b6a90e-e817-40a7-bec1-608b5cc7d8b6:c1831]
2019-09-11 04:25:55,842 [grpc-default-executor-4] INFO  client.GrpcClientProtocolClient (GrpcClientProtocolClient.java:onNext(264)) - client-734BBEB428D7->a5e38e3e-c2ad-4348-acb9-3fc25cfb14dd: receive RaftClientReply:client-734BBEB428D7->a5e38e3e-c2ad-4348-acb9-3fc25cfb14dd@group-7000B19605CB, cid=1300, SUCCESS, logIndex=1833, commits[a5e38e3e-c2ad-4348-acb9-3fc25cfb14dd:c1833, 11e48d46-e648-47f9-b6a0-9c7f26654c28:c1831, d1b6a90e-e817-40a7-bec1-608b5cc7d8b6:c1831]
2019-09-11 04:25:55,842 [grpc-default-executor-1] INFO  client.GrpcClientProtocolClient (GrpcClientProtocolClient.java:onNext(264)) - client-734BBEB428D7->a5e38e3e-c2ad-4348-acb9-3fc25cfb14dd: receive RaftClientReply:client-734BBEB428D7->a5e38e3e-c2ad-4348-acb9-3fc25cfb14dd@group-7000B19605CB, cid=1301, SUCCESS, logIndex=1834, commits[a5e38e3e-c2ad-4348-acb9-3fc25cfb14dd:c1835, 11e48d46-e648-47f9-b6a0-9c7f26654c28:c1831, d1b6a90e-e817-40a7-bec1-608b5cc7d8b6:c1831]
2019-09-11 04:25:55,843 [grpc-default-executor-4] INFO  client.GrpcClientProtocolClient (GrpcClientProtocolClient.java:onNext(264)) - client-734BBEB428D7->a5e38e3e-c2ad-4348-acb9-3fc25cfb14dd: receive RaftClientReply:client-734BBEB428D7->a5e38e3e-c2ad-4348-acb9-3fc25cfb14dd@group-7000B19605CB, cid=1302, SUCCESS, logIndex=1835, commits[a5e38e3e-c2ad-4348-acb9-3fc25cfb14dd:c1835, 11e48d46-e648-47f9-b6a0-9c7f26654c28:c1831, d1b6a90e-e817-40a7-bec1-608b5cc7d8b6:c1831]
2019-09-11 04:25:55,845 [grpc-default-executor-4] INFO  client.GrpcClientProtocolClient (GrpcClientProtocolClient.java:onNext(264)) - client-734BBEB428D7->a5e38e3e-c2ad-4348-acb9-3fc25cfb14dd: receive RaftClientReply:client-734BBEB428D7->a5e38e3e-c2ad-4348-acb9-3fc25cfb14dd@group-7000B19605CB, cid=1303, SUCCESS, logIndex=0, commits[a5e38e3e-c2ad-4348-acb9-3fc25cfb14dd:c1839, 11e48d46-e648-47f9-b6a0-9c7f26654c28:c1834, d1b6a90e-e817-40a7-bec1-608b5cc7d8b6:c1835]
2019-09-11 04:25:55,865 [grpc-default-executor-1] INFO  client.GrpcClientProtocolClient (GrpcClientProtocolClient.java:onNext(264)) - client-734BBEB428D7->a5e38e3e-c2ad-4348-acb9-3fc25cfb14dd: receive RaftClientReply:client-734BBEB428D7->a5e38e3e-c2ad-4348-acb9-3fc25cfb14dd@group-7000B19605CB, cid=1304, SUCCESS, logIndex=1840, commits[a5e38e3e-c2ad-4348-acb9-3fc25cfb14dd:c1841, 11e48d46-e648-47f9-b6a0-9c7f26654c28:c1839, d1b6a90e-e817-40a7-bec1-608b5cc7d8b6:c1839]
2019-09-11 04:25:55,865 [grpc-default-executor-1] INFO  client.GrpcClientProtocolClient (GrpcClientProtocolClient.java:onNext(264)) - client-734BBEB428D7->a5e38e3e-c2ad-4348-acb9-3fc25cfb14dd: receive RaftClientReply:client-734BBEB428D7->a5e38e3e-c2ad-4348-acb9-3fc25cfb14dd@group-7000B19605CB, cid=1305, SUCCESS, logIndex=1841, commits[a5e38e3e-c2ad-4348-acb9-3fc25cfb14dd:c1841, 11e48d46-e648-47f9-b6a0-9c7f26654c28:c1839, d1b6a90e-e817-40a7-bec1-608b5cc7d8b6:c1839]
2019-09-11 04:25:55,880 [grpc-default-executor-0] INFO  client.GrpcClientProtocolClient (GrpcClientProtocolClient.java:onNext(264)) - client-734BBEB428D7->a5e38e3e-c2ad-4348-acb9-3fc25cfb14dd: receive RaftClientReply:client-734BBEB428D7->a5e38e3e-c2ad-4348-acb9-3fc25cfb14dd@group-7000B19605CB, cid=1306, SUCCESS, logIndex=1844, commits[a5e38e3e-c2ad-4348-acb9-3fc25cfb14dd:c1845, 11e48d46-e648-47f9-b6a0-9c7f26654c28:c1841, d1b6a90e-e817-40a7-bec1-608b5cc7d8b6:c1841]
2019-09-11 04:25:55,880 [grpc-default-executor-0] INFO  client.GrpcClientProtocolClient (GrpcClientProtocolClient.java:onNext(264)) - client-734BBEB428D7->a5e38e3e-c2ad-4348-acb9-3fc25cfb14dd: receive RaftClientReply:client-734BBEB428D7->a5e38e3e-c2ad-4348-acb9-3fc25cfb14dd@group-7000B19605CB, cid=1307, SUCCESS, logIndex=1845, commits[a5e38e3e-c2ad-4348-acb9-3fc25cfb14dd:c1845, 11e48d46-e648-47f9-b6a0-9c7f26654c28:c1841, d1b6a90e-e817-40a7-bec1-608b5cc7d8b6:c1841]
2019-09-11 04:25:55,893 [grpc-default-executor-0] INFO  client.GrpcClientProtocolClient (GrpcClientProtocolClient.java:onNext(264)) - client-734BBEB428D7->a5e38e3e-c2ad-4348-acb9-3fc25cfb14dd: receive RaftClientReply:client-734BBEB428D7->a5e38e3e-c2ad-4348-acb9-3fc25cfb14dd@group-7000B19605CB, cid=1308, SUCCESS, logIndex=0, commits[a5e38e3e-c2ad-4348-acb9-3fc25cfb14dd:c1847, 11e48d46-e648-47f9-b6a0-9c7f26654c28:c1845, d1b6a90e-e817-40a7-bec1-608b5cc7d8b6:c1845]
2019-09-11 04:25:55,913 [grpc-default-executor-1] INFO  client.GrpcClientProtocolClient (GrpcClientProtocolClient.java:onNext(264)) - client-734BBEB428D7->a5e38e3e-c2ad-4348-acb9-3fc25cfb14dd: receive RaftClientReply:client-734BBEB428D7->a5e38e3e-c2ad-4348-acb9-3fc25cfb14dd@group-7000B19605CB, cid=1309, SUCCESS, logIndex=1848, commits[a5e38e3e-c2ad-4348-acb9-3fc25cfb14dd:c1849, 11e48d46-e648-47f9-b6a0-9c7f26654c28:c1847, d1b6a90e-e817-40a7-bec1-608b5cc7d8b6:c1847]
2019-09-11 04:25:55,914 [grpc-default-executor-1] INFO  client.GrpcClientProtocolClient (GrpcClientProtocolClient.java:onNext(264)) - client-734BBEB428D7->a5e38e3e-c2ad-4348-acb9-3fc25cfb14dd: receive RaftClientReply:client-734BBEB428D7->a5e38e3e-c2ad-4348-acb9-3fc25cfb14dd@group-7000B19605CB, cid=1310, SUCCESS, logIndex=1849, commits[a5e38e3e-c2ad-4348-acb9-3fc25cfb14dd:c1849, 11e48d46-e648-47f9-b6a0-9c7f26654c28:c1847, d1b6a90e-e817-40a7-bec1-608b5cc7d8b6:c1847]
2019-09-11 04:25:55,916 [grpc-default-executor-1] INFO  client.GrpcClientProtocolClient (GrpcClientProtocolClient.java:onNext(264)) - client-734BBEB428D7->a5e38e3e-c2ad-4348-acb9-3fc25cfb14dd: receive RaftClientReply:client-734BBEB428D7->a5e38e3e-c2ad-4348-acb9-3fc25cfb14dd@group-7000B19605CB, cid=1311, SUCCESS, logIndex=1850, commits[a5e38e3e-c2ad-4348-acb9-3fc25cfb14dd:c1851, 11e48d46-e648-47f9-b6a0-9c7f26654c28:c1847, d1b6a90e-e817-40a7-bec1-608b5cc7d8b6:c1849]
2019-09-11 04:25:55,916 [grpc-default-executor-1] INFO  client.GrpcClientProtocolClient (GrpcClientProtocolClient.java:onNext(264)) - client-734BBEB428D7->a5e38e3e-c2ad-4348-acb9-3fc25cfb14dd: receive RaftClientReply:client-734BBEB428D7->a5e38e3e-c2ad-4348-acb9-3fc25cfb14dd@group-7000B19605CB, cid=1312, SUCCESS, logIndex=1851, commits[a5e38e3e-c2ad-4348-acb9-3fc25cfb14dd:c1853, 11e48d46-e648-47f9-b6a0-9c7f26654c28:c1847, d1b6a90e-e817-40a7-bec1-608b5cc7d8b6:c1849]
2019-09-11 04:25:55,928 [grpc-default-executor-1] INFO  client.GrpcClientProtocolClient (GrpcClientProtocolClient.java:onNext(264)) - client-734BBEB428D7->a5e38e3e-c2ad-4348-acb9-3fc25cfb14dd: receive RaftClientReply:client-734BBEB428D7->a5e38e3e-c2ad-4348-acb9-3fc25cfb14dd@group-7000B19605CB, cid=1313, SUCCESS, logIndex=0, commits[a5e38e3e-c2ad-4348-acb9-3fc25cfb14dd:c1854, 11e48d46-e648-47f9-b6a0-9c7f26654c28:c1849, d1b6a90e-e817-40a7-bec1-608b5cc7d8b6:c1851]
2019-09-11 04:25:55,943 [grpc-default-executor-1] INFO  client.GrpcClientProtocolClient (GrpcClientProtocolClient.java:onNext(264)) - client-734BBEB428D7->a5e38e3e-c2ad-4348-acb9-3fc25cfb14dd: receive RaftClientReply:client-734BBEB428D7->a5e38e3e-c2ad-4348-acb9-3fc25cfb14dd@group-7000B19605CB, cid=1314, SUCCESS, logIndex=1856, commits[a5e38e3e-c2ad-4348-acb9-3fc25cfb14dd:c1857, 11e48d46-e648-47f9-b6a0-9c7f26654c28:c1855, d1b6a90e-e817-40a7-bec1-608b5cc7d8b6:c1855]
2019-09-11 04:25:55,943 [grpc-default-executor-1] INFO  client.GrpcClientProtocolClient (GrpcClientProtocolClient.java:onNext(264)) - client-734BBEB428D7->a5e38e3e-c2ad-4348-acb9-3fc25cfb14dd: receive RaftClientReply:client-734BBEB428D7->a5e38e3e-c2ad-4348-acb9-3fc25cfb14dd@group-7000B19605CB, cid=1315, SUCCESS, logIndex=1857, commits[a5e38e3e-c2ad-4348-acb9-3fc25cfb14dd:c1857, 11e48d46-e648-47f9-b6a0-9c7f26654c28:c1855, d1b6a90e-e817-40a7-bec1-608b5cc7d8b6:c1855]
2019-09-11 04:25:55,956 [grpc-default-executor-0] INFO  client.GrpcClientProtocolClient (GrpcClientProtocolClient.java:onNext(264)) - client-734BBEB428D7->a5e38e3e-c2ad-4348-acb9-3fc25cfb14dd: receive RaftClientReply:client-734BBEB428D7->a5e38e3e-c2ad-4348-acb9-3fc25cfb14dd@group-7000B19605CB, cid=1316, SUCCESS, logIndex=1860, commits[a5e38e3e-c2ad-4348-acb9-3fc25cfb14dd:c1861, 11e48d46-e648-47f9-b6a0-9c7f26654c28:c1857, d1b6a90e-e817-40a7-bec1-608b5cc7d8b6:c1857]
2019-09-11 04:25:55,957 [grpc-default-executor-0] INFO  client.GrpcClientProtocolClient (GrpcClientProtocolClient.java:onNext(264)) - client-734BBEB428D7->a5e38e3e-c2ad-4348-acb9-3fc25cfb14dd: receive RaftClientReply:client-734BBEB428D7->a5e38e3e-c2ad-4348-acb9-3fc25cfb14dd@group-7000B19605CB, cid=1317, SUCCESS, logIndex=1861, commits[a5e38e3e-c2ad-4348-acb9-3fc25cfb14dd:c1861, 11e48d46-e648-47f9-b6a0-9c7f26654c28:c1857, d1b6a90e-e817-40a7-bec1-608b5cc7d8b6:c1857]
2019-09-11 04:25:55,970 [grpc-default-executor-0] INFO  client.GrpcClientProtocolClient (GrpcClientProtocolClient.java:onNext(264)) - client-734BBEB428D7->a5e38e3e-c2ad-4348-acb9-3fc25cfb14dd: receive RaftClientReply:client-734BBEB428D7->a5e38e3e-c2ad-4348-acb9-3fc25cfb14dd@group-7000B19605CB, cid=1318, SUCCESS, logIndex=0, commits[a5e38e3e-c2ad-4348-acb9-3fc25cfb14dd:c1863, 11e48d46-e648-47f9-b6a0-9c7f26654c28:c1861, d1b6a90e-e817-40a7-bec1-608b5cc7d8b6:c1861]
2019-09-11 04:25:55,997 [grpc-default-executor-4] INFO  client.GrpcClientProtocolClient (GrpcClientProtocolClient.java:onNext(264)) - client-734BBEB428D7->a5e38e3e-c2ad-4348-acb9-3fc25cfb14dd: receive RaftClientReply:client-734BBEB428D7->a5e38e3e-c2ad-4348-acb9-3fc25cfb14dd@group-7000B19605CB, cid=1319, SUCCESS, logIndex=1864, commits[a5e38e3e-c2ad-4348-acb9-3fc25cfb14dd:c1865, 11e48d46-e648-47f9-b6a0-9c7f26654c28:c1863, d1b6a90e-e817-40a7-bec1-608b5cc7d8b6:c1863]
2019-09-11 04:25:55,998 [grpc-default-executor-4] INFO  client.GrpcClientProtocolClient (GrpcClientProtocolClient.java:onNext(264)) - client-734BBEB428D7->a5e38e3e-c2ad-4348-acb9-3fc25cfb14dd: receive RaftClientReply:client-734BBEB428D7->a5e38e3e-c2ad-4348-acb9-3fc25cfb14dd@group-7000B19605CB, cid=1320, SUCCESS, logIndex=1865, commits[a5e38e3e-c2ad-4348-acb9-3fc25cfb14dd:c1867, 11e48d46-e648-47f9-b6a0-9c7f26654c28:c1863, d1b6a90e-e817-40a7-bec1-608b5cc7d8b6:c1863]
2019-09-11 04:25:55,998 [grpc-default-executor-4] INFO  client.GrpcClientProtocolClient (GrpcClientProtocolClient.java:onNext(264)) - client-734BBEB428D7->a5e38e3e-c2ad-4348-acb9-3fc25cfb14dd: receive RaftClientReply:client-734BBEB428D7->a5e38e3e-c2ad-4348-acb9-3fc25cfb14dd@group-7000B19605CB, cid=1321, SUCCESS, logIndex=1866, commits[a5e38e3e-c2ad-4348-acb9-3fc25cfb14dd:c1867, 11e48d46-e648-47f9-b6a0-9c7f26654c28:c1863, d1b6a90e-e817-40a7-bec1-608b5cc7d8b6:c1863]
2019-09-11 04:25:55,999 [grpc-default-executor-4] INFO  client.GrpcClientProtocolClient (GrpcClientProtocolClient.java:onNext(264)) - client-734BBEB428D7->a5e38e3e-c2ad-4348-acb9-3fc25cfb14dd: receive RaftClientReply:client-734BBEB428D7->a5e38e3e-c2ad-4348-acb9-3fc25cfb14dd@group-7000B19605CB, cid=1322, SUCCESS, logIndex=1867, commits[a5e38e3e-c2ad-4348-acb9-3fc25cfb14dd:c1867, 11e48d46-e648-47f9-b6a0-9c7f26654c28:c1863, d1b6a90e-e817-40a7-bec1-608b5cc7d8b6:c1863]
2019-09-11 04:25:56,000 [grpc-default-executor-0] INFO  client.GrpcClientProtocolClient (GrpcClientProtocolClient.java:onNext(264)) - client-734BBEB428D7->a5e38e3e-c2ad-4348-acb9-3fc25cfb14dd: receive RaftClientReply:client-734BBEB428D7->a5e38e3e-c2ad-4348-acb9-3fc25cfb14dd@group-7000B19605CB, cid=1323, SUCCESS, logIndex=0, commits[a5e38e3e-c2ad-4348-acb9-3fc25cfb14dd:c1871, 11e48d46-e648-47f9-b6a0-9c7f26654c28:c1867, d1b6a90e-e817-40a7-bec1-608b5cc7d8b6:c1867]
2019-09-11 04:25:56,019 [grpc-default-executor-0] INFO  client.GrpcClientProtocolClient (GrpcClientProtocolClient.java:onNext(264)) - client-734BBEB428D7->a5e38e3e-c2ad-4348-acb9-3fc25cfb14dd: receive RaftClientReply:client-734BBEB428D7->a5e38e3e-c2ad-4348-acb9-3fc25cfb14dd@group-7000B19605CB, cid=1324, SUCCESS, logIndex=1872, commits[a5e38e3e-c2ad-4348-acb9-3fc25cfb14dd:c1873, 11e48d46-e648-47f9-b6a0-9c7f26654c28:c1871, d1b6a90e-e817-40a7-bec1-608b5cc7d8b6:c1871]
2019-09-11 04:25:56,020 [grpc-default-executor-0] INFO  client.GrpcClientProtocolClient (GrpcClientProtocolClient.java:onNext(264)) - client-734BBEB428D7->a5e38e3e-c2ad-4348-acb9-3fc25cfb14dd: receive RaftClientReply:client-734BBEB428D7->a5e38e3e-c2ad-4348-acb9-3fc25cfb14dd@group-7000B19605CB, cid=1325, SUCCESS, logIndex=1873, commits[a5e38e3e-c2ad-4348-acb9-3fc25cfb14dd:c1873, 11e48d46-e648-47f9-b6a0-9c7f26654c28:c1871, d1b6a90e-e817-40a7-bec1-608b5cc7d8b6:c1871]
2019-09-11 04:25:56,033 [grpc-default-executor-2] INFO  client.GrpcClientProtocolClient (GrpcClientProtocolClient.java:onNext(264)) - client-734BBEB428D7->a5e38e3e-c2ad-4348-acb9-3fc25cfb14dd: receive RaftClientReply:client-734BBEB428D7->a5e38e3e-c2ad-4348-acb9-3fc25cfb14dd@group-7000B19605CB, cid=1326, SUCCESS, logIndex=1876, commits[a5e38e3e-c2ad-4348-acb9-3fc25cfb14dd:c1877, 11e48d46-e648-47f9-b6a0-9c7f26654c28:c1873, d1b6a90e-e817-40a7-bec1-608b5cc7d8b6:c1873]
2019-09-11 04:25:56,033 [grpc-default-executor-2] INFO  client.GrpcClientProtocolClient (GrpcClientProtocolClient.java:onNext(264)) - client-734BBEB428D7->a5e38e3e-c2ad-4348-acb9-3fc25cfb14dd: receive RaftClientReply:client-734BBEB428D7->a5e38e3e-c2ad-4348-acb9-3fc25cfb14dd@group-7000B19605CB, cid=1327, SUCCESS, logIndex=1877, commits[a5e38e3e-c2ad-4348-acb9-3fc25cfb14dd:c1877, 11e48d46-e648-47f9-b6a0-9c7f26654c28:c1873, d1b6a90e-e817-40a7-bec1-608b5cc7d8b6:c1873]
2019-09-11 04:25:56,046 [grpc-default-executor-4] INFO  client.GrpcClientProtocolClient (GrpcClientProtocolClient.java:onNext(264)) - client-734BBEB428D7->a5e38e3e-c2ad-4348-acb9-3fc25cfb14dd: receive RaftClientReply:client-734BBEB428D7->a5e38e3e-c2ad-4348-acb9-3fc25cfb14dd@group-7000B19605CB, cid=1328, SUCCESS, logIndex=0, commits[a5e38e3e-c2ad-4348-acb9-3fc25cfb14dd:c1879, 11e48d46-e648-47f9-b6a0-9c7f26654c28:c1877, d1b6a90e-e817-40a7-bec1-608b5cc7d8b6:c1877]
2019-09-11 04:25:56,073 [grpc-default-executor-0] INFO  client.GrpcClientProtocolClient (GrpcClientProtocolClient.java:onNext(264)) - client-734BBEB428D7->a5e38e3e-c2ad-4348-acb9-3fc25cfb14dd: receive RaftClientReply:client-734BBEB428D7->a5e38e3e-c2ad-4348-acb9-3fc25cfb14dd@group-7000B19605CB, cid=1329, SUCCESS, logIndex=1880, commits[a5e38e3e-c2ad-4348-acb9-3fc25cfb14dd:c1883, 11e48d46-e648-47f9-b6a0-9c7f26654c28:c1879, d1b6a90e-e817-40a7-bec1-608b5cc7d8b6:c1879]
2019-09-11 04:25:56,074 [grpc-default-executor-0] INFO  client.GrpcClientProtocolClient (GrpcClientProtocolClient.java:onNext(264)) - client-734BBEB428D7->a5e38e3e-c2ad-4348-acb9-3fc25cfb14dd: receive RaftClientReply:client-734BBEB428D7->a5e38e3e-c2ad-4348-acb9-3fc25cfb14dd@group-7000B19605CB, cid=1330, SUCCESS, logIndex=1881, commits[a5e38e3e-c2ad-4348-acb9-3fc25cfb14dd:c1883, 11e48d46-e648-47f9-b6a0-9c7f26654c28:c1879, d1b6a90e-e817-40a7-bec1-608b5cc7d8b6:c1879]
2019-09-11 04:25:56,074 [grpc-default-executor-0] INFO  client.GrpcClientProtocolClient (GrpcClientProtocolClient.java:onNext(264)) - client-734BBEB428D7->a5e38e3e-c2ad-4348-acb9-3fc25cfb14dd: receive RaftClientReply:client-734BBEB428D7->a5e38e3e-c2ad-4348-acb9-3fc25cfb14dd@group-7000B19605CB, cid=1331, SUCCESS, logIndex=1882, commits[a5e38e3e-c2ad-4348-acb9-3fc25cfb14dd:c1883, 11e48d46-e648-47f9-b6a0-9c7f26654c28:c1879, d1b6a90e-e817-40a7-bec1-608b5cc7d8b6:c1879]
2019-09-11 04:25:56,074 [grpc-default-executor-0] INFO  client.GrpcClientProtocolClient (GrpcClientProtocolClient.java:onNext(264)) - client-734BBEB428D7->a5e38e3e-c2ad-4348-acb9-3fc25cfb14dd: receive RaftClientReply:client-734BBEB428D7->a5e38e3e-c2ad-4348-acb9-3fc25cfb14dd@group-7000B19605CB, cid=1332, SUCCESS, logIndex=1883, commits[a5e38e3e-c2ad-4348-acb9-3fc25cfb14dd:c1883, 11e48d46-e648-47f9-b6a0-9c7f26654c28:c1879, d1b6a90e-e817-40a7-bec1-608b5cc7d8b6:c1879]
2019-09-11 04:25:56,085 [grpc-default-executor-0] INFO  client.GrpcClientProtocolClient (GrpcClientProtocolClient.java:onNext(264)) - client-734BBEB428D7->a5e38e3e-c2ad-4348-acb9-3fc25cfb14dd: receive RaftClientReply:client-734BBEB428D7->a5e38e3e-c2ad-4348-acb9-3fc25cfb14dd@group-7000B19605CB, cid=1333, SUCCESS, logIndex=0, commits[a5e38e3e-c2ad-4348-acb9-3fc25cfb14dd:c1884, 11e48d46-e648-47f9-b6a0-9c7f26654c28:c1881, d1b6a90e-e817-40a7-bec1-608b5cc7d8b6:c1881]
2019-09-11 04:25:56,106 [grpc-default-executor-2] INFO  client.GrpcClientProtocolClient (GrpcClientProtocolClient.java:onNext(264)) - client-734BBEB428D7->a5e38e3e-c2ad-4348-acb9-3fc25cfb14dd: receive RaftClientReply:client-734BBEB428D7->a5e38e3e-c2ad-4348-acb9-3fc25cfb14dd@group-7000B19605CB, cid=1334, SUCCESS, logIndex=1888, commits[a5e38e3e-c2ad-4348-acb9-3fc25cfb14dd:c1889, 11e48d46-e648-47f9-b6a0-9c7f26654c28:c1887, d1b6a90e-e817-40a7-bec1-608b5cc7d8b6:c1887]
2019-09-11 04:25:56,106 [grpc-default-executor-2] INFO  client.GrpcClientProtocolClient (GrpcClientProtocolClient.java:onNext(264)) - client-734BBEB428D7->a5e38e3e-c2ad-4348-acb9-3fc25cfb14dd: receive RaftClientReply:client-734BBEB428D7->a5e38e3e-c2ad-4348-acb9-3fc25cfb14dd@group-7000B19605CB, cid=1335, SUCCESS, logIndex=1889, commits[a5e38e3e-c2ad-4348-acb9-3fc25cfb14dd:c1889, 11e48d46-e648-47f9-b6a0-9c7f26654c28:c1887, d1b6a90e-e817-40a7-bec1-608b5cc7d8b6:c1887]
2019-09-11 04:25:56,119 [grpc-default-executor-4] INFO  client.GrpcClientProtocolClient (GrpcClientProtocolClient.java:onNext(264)) - client-734BBEB428D7->a5e38e3e-c2ad-4348-acb9-3fc25cfb14dd: receive RaftClientReply:client-734BBEB428D7->a5e38e3e-c2ad-4348-acb9-3fc25cfb14dd@group-7000B19605CB, cid=1336, SUCCESS, logIndex=1892, commits[a5e38e3e-c2ad-4348-acb9-3fc25cfb14dd:c1893, 11e48d46-e648-47f9-b6a0-9c7f26654c28:c1889, d1b6a90e-e817-40a7-bec1-608b5cc7d8b6:c1889]
2019-09-11 04:25:56,119 [grpc-default-executor-4] INFO  client.GrpcClientProtocolClient (GrpcClientProtocolClient.java:onNext(264)) - client-734BBEB428D7->a5e38e3e-c2ad-4348-acb9-3fc25cfb14dd: receive RaftClientReply:client-734BBEB428D7->a5e38e3e-c2ad-4348-acb9-3fc25cfb14dd@group-7000B19605CB, cid=1337, SUCCESS, logIndex=1893, commits[a5e38e3e-c2ad-4348-acb9-3fc25cfb14dd:c1893, 11e48d46-e648-47f9-b6a0-9c7f26654c28:c1889, d1b6a90e-e817-40a7-bec1-608b5cc7d8b6:c1889]
 0.00% |█                                                                                                    |  0/1 Time: 0:00:072019-09-11 04:25:56,129 [grpc-default-executor-4] INFO  client.GrpcClientProtocolClient (GrpcClientProtocolClient.java:onNext(264)) - client-734BBEB428D7->a5e38e3e-c2ad-4348-acb9-3fc25cfb14dd: receive RaftClientReply:client-734BBEB428D7->a5e38e3e-c2ad-4348-acb9-3fc25cfb14dd@group-7000B19605CB, cid=1338, SUCCESS, logIndex=0, commits[a5e38e3e-c2ad-4348-acb9-3fc25cfb14dd:c1894, 11e48d46-e648-47f9-b6a0-9c7f26654c28:c1893, d1b6a90e-e817-40a7-bec1-608b5cc7d8b6:c1893]
2019-09-11 04:25:56,157 [grpc-default-executor-2] INFO  client.GrpcClientProtocolClient (GrpcClientProtocolClient.java:onNext(264)) - client-734BBEB428D7->a5e38e3e-c2ad-4348-acb9-3fc25cfb14dd: receive RaftClientReply:client-734BBEB428D7->a5e38e3e-c2ad-4348-acb9-3fc25cfb14dd@group-7000B19605CB, cid=1339, SUCCESS, logIndex=1896, commits[a5e38e3e-c2ad-4348-acb9-3fc25cfb14dd:c1896, 11e48d46-e648-47f9-b6a0-9c7f26654c28:c1895, d1b6a90e-e817-40a7-bec1-608b5cc7d8b6:c1895]
2019-09-11 04:25:56,157 [grpc-default-executor-4] INFO  client.GrpcClientProtocolClient (GrpcClientProtocolClient.java:onNext(264)) - client-734BBEB428D7->a5e38e3e-c2ad-4348-acb9-3fc25cfb14dd: receive RaftClientReply:client-734BBEB428D7->a5e38e3e-c2ad-4348-acb9-3fc25cfb14dd@group-7000B19605CB, cid=1340, SUCCESS, logIndex=1897, commits[a5e38e3e-c2ad-4348-acb9-3fc25cfb14dd:c1897, 11e48d46-e648-47f9-b6a0-9c7f26654c28:c1895, d1b6a90e-e817-40a7-bec1-608b5cc7d8b6:c1895]
2019-09-11 04:25:56,158 [grpc-default-executor-2] INFO  client.GrpcClientProtocolClient (GrpcClientProtocolClient.java:onNext(264)) - client-734BBEB428D7->a5e38e3e-c2ad-4348-acb9-3fc25cfb14dd: receive RaftClientReply:client-734BBEB428D7->a5e38e3e-c2ad-4348-acb9-3fc25cfb14dd@group-7000B19605CB, cid=1341, SUCCESS, logIndex=1898, commits[a5e38e3e-c2ad-4348-acb9-3fc25cfb14dd:c1899, 11e48d46-e648-47f9-b6a0-9c7f26654c28:c1895, d1b6a90e-e817-40a7-bec1-608b5cc7d8b6:c1895]
2019-09-11 04:25:56,158 [grpc-default-executor-2] INFO  client.GrpcClientProtocolClient (GrpcClientProtocolClient.java:onNext(264)) - client-734BBEB428D7->a5e38e3e-c2ad-4348-acb9-3fc25cfb14dd: receive RaftClientReply:client-734BBEB428D7->a5e38e3e-c2ad-4348-acb9-3fc25cfb14dd@group-7000B19605CB, cid=1342, SUCCESS, logIndex=1899, commits[a5e38e3e-c2ad-4348-acb9-3fc25cfb14dd:c1899, 11e48d46-e648-47f9-b6a0-9c7f26654c28:c1895, d1b6a90e-e817-40a7-bec1-608b5cc7d8b6:c1895]
2019-09-11 04:25:56,159 [grpc-default-executor-2] INFO  client.GrpcClientProtocolClient (GrpcClientProtocolClient.java:onNext(264)) - client-734BBEB428D7->a5e38e3e-c2ad-4348-acb9-3fc25cfb14dd: receive RaftClientReply:client-734BBEB428D7->a5e38e3e-c2ad-4348-acb9-3fc25cfb14dd@group-7000B19605CB, cid=1343, SUCCESS, logIndex=0, commits[a5e38e3e-c2ad-4348-acb9-3fc25cfb14dd:c1901, 11e48d46-e648-47f9-b6a0-9c7f26654c28:c1897, d1b6a90e-e817-40a7-bec1-608b5cc7d8b6:c1897]
2019-09-11 04:25:56,181 [grpc-default-executor-4] INFO  client.GrpcClientProtocolClient (GrpcClientProtocolClient.java:onNext(264)) - client-734BBEB428D7->a5e38e3e-c2ad-4348-acb9-3fc25cfb14dd: receive RaftClientReply:client-734BBEB428D7->a5e38e3e-c2ad-4348-acb9-3fc25cfb14dd@group-7000B19605CB, cid=1344, SUCCESS, logIndex=1904, commits[a5e38e3e-c2ad-4348-acb9-3fc25cfb14dd:c1905, 11e48d46-e648-47f9-b6a0-9c7f26654c28:c1903, d1b6a90e-e817-40a7-bec1-608b5cc7d8b6:c1899]
2019-09-11 04:25:56,181 [grpc-default-executor-4] INFO  client.GrpcClientProtocolClient (GrpcClientProtocolClient.java:onNext(264)) - client-734BBEB428D7->a5e38e3e-c2ad-4348-acb9-3fc25cfb14dd: receive RaftClientReply:client-734BBEB428D7->a5e38e3e-c2ad-4348-acb9-3fc25cfb14dd@group-7000B19605CB, cid=1345, SUCCESS, logIndex=1905, commits[a5e38e3e-c2ad-4348-acb9-3fc25cfb14dd:c1905, 11e48d46-e648-47f9-b6a0-9c7f26654c28:c1903, d1b6a90e-e817-40a7-bec1-608b5cc7d8b6:c1903]
2019-09-11 04:25:56,203 [grpc-default-executor-2] INFO  client.GrpcClientProtocolClient (GrpcClientProtocolClient.java:onNext(264)) - client-734BBEB428D7->a5e38e3e-c2ad-4348-acb9-3fc25cfb14dd: receive RaftClientReply:client-734BBEB428D7->a5e38e3e-c2ad-4348-acb9-3fc25cfb14dd@group-7000B19605CB, cid=1346, SUCCESS, logIndex=1908, commits[a5e38e3e-c2ad-4348-acb9-3fc25cfb14dd:c1909, 11e48d46-e648-47f9-b6a0-9c7f26654c28:c1907, d1b6a90e-e817-40a7-bec1-608b5cc7d8b6:c1905]
2019-09-11 04:25:56,203 [grpc-default-executor-2] INFO  client.GrpcClientProtocolClient (GrpcClientProtocolClient.java:onNext(264)) - client-734BBEB428D7->a5e38e3e-c2ad-4348-acb9-3fc25cfb14dd: receive RaftClientReply:client-734BBEB428D7->a5e38e3e-c2ad-4348-acb9-3fc25cfb14dd@group-7000B19605CB, cid=1347, SUCCESS, logIndex=1909, commits[a5e38e3e-c2ad-4348-acb9-3fc25cfb14dd:c1909, 11e48d46-e648-47f9-b6a0-9c7f26654c28:c1907, d1b6a90e-e817-40a7-bec1-608b5cc7d8b6:c1907]
2019-09-11 04:25:56,215 [grpc-default-executor-2] INFO  client.GrpcClientProtocolClient (GrpcClientProtocolClient.java:onNext(264)) - client-734BBEB428D7->a5e38e3e-c2ad-4348-acb9-3fc25cfb14dd: receive RaftClientReply:client-734BBEB428D7->a5e38e3e-c2ad-4348-acb9-3fc25cfb14dd@group-7000B19605CB, cid=1348, SUCCESS, logIndex=0, commits[a5e38e3e-c2ad-4348-acb9-3fc25cfb14dd:c1910, 11e48d46-e648-47f9-b6a0-9c7f26654c28:c1909, d1b6a90e-e817-40a7-bec1-608b5cc7d8b6:c1909]
2019-09-11 04:25:56,385 [grpc-default-executor-2] INFO  client.GrpcClientProtocolClient (GrpcClientProtocolClient.java:onNext(264)) - client-734BBEB428D7->a5e38e3e-c2ad-4348-acb9-3fc25cfb14dd: receive RaftClientReply:client-734BBEB428D7->a5e38e3e-c2ad-4348-acb9-3fc25cfb14dd@group-7000B19605CB, cid=1349, SUCCESS, logIndex=1912, commits[a5e38e3e-c2ad-4348-acb9-3fc25cfb14dd:c1913, 11e48d46-e648-47f9-b6a0-9c7f26654c28:c1909, d1b6a90e-e817-40a7-bec1-608b5cc7d8b6:c1911]
2019-09-11 04:25:56,386 [grpc-default-executor-2] INFO  client.GrpcClientProtocolClient (GrpcClientProtocolClient.java:onNext(264)) - client-734BBEB428D7->a5e38e3e-c2ad-4348-acb9-3fc25cfb14dd: receive RaftClientReply:client-734BBEB428D7->a5e38e3e-c2ad-4348-acb9-3fc25cfb14dd@group-7000B19605CB, cid=1350, SUCCESS, logIndex=1913, commits[a5e38e3e-c2ad-4348-acb9-3fc25cfb14dd:c1913, 11e48d46-e648-47f9-b6a0-9c7f26654c28:c1909, d1b6a90e-e817-40a7-bec1-608b5cc7d8b6:c1911]
2019-09-11 04:25:56,396 [grpc-default-executor-1] INFO  client.GrpcClientProtocolClient (GrpcClientProtocolClient.java:onNext(264)) - client-734BBEB428D7->a5e38e3e-c2ad-4348-acb9-3fc25cfb14dd: receive RaftClientReply:client-734BBEB428D7->a5e38e3e-c2ad-4348-acb9-3fc25cfb14dd@group-7000B19605CB, cid=1351, SUCCESS, logIndex=1914, commits[a5e38e3e-c2ad-4348-acb9-3fc25cfb14dd:c1914, 11e48d46-e648-47f9-b6a0-9c7f26654c28:c1911, d1b6a90e-e817-40a7-bec1-608b5cc7d8b6:c1911]
2019-09-11 04:25:56,398 [grpc-default-executor-0] INFO  client.GrpcClientProtocolClient (GrpcClientProtocolClient.java:onNext(264)) - client-734BBEB428D7->a5e38e3e-c2ad-4348-acb9-3fc25cfb14dd: receive RaftClientReply:client-734BBEB428D7->a5e38e3e-c2ad-4348-acb9-3fc25cfb14dd@group-7000B19605CB, cid=1352, SUCCESS, logIndex=1915, commits[a5e38e3e-c2ad-4348-acb9-3fc25cfb14dd:c1917, 11e48d46-e648-47f9-b6a0-9c7f26654c28:c1911, d1b6a90e-e817-40a7-bec1-608b5cc7d8b6:c1913]
2019-09-11 04:25:56,399 [grpc-default-executor-1] INFO  client.GrpcClientProtocolClient (GrpcClientProtocolClient.java:onNext(264)) - client-734BBEB428D7->a5e38e3e-c2ad-4348-acb9-3fc25cfb14dd: receive RaftClientReply:client-734BBEB428D7->a5e38e3e-c2ad-4348-acb9-3fc25cfb14dd@group-7000B19605CB, cid=1353, SUCCESS, logIndex=0, commits[a5e38e3e-c2ad-4348-acb9-3fc25cfb14dd:c1919, 11e48d46-e648-47f9-b6a0-9c7f26654c28:c1916, d1b6a90e-e817-40a7-bec1-608b5cc7d8b6:c1914]
2019-09-11 04:25:56,423 [grpc-default-executor-1] INFO  client.GrpcClientProtocolClient (GrpcClientProtocolClient.java:onNext(264)) - client-734BBEB428D7->a5e38e3e-c2ad-4348-acb9-3fc25cfb14dd: receive RaftClientReply:client-734BBEB428D7->a5e38e3e-c2ad-4348-acb9-3fc25cfb14dd@group-7000B19605CB, cid=1354, SUCCESS, logIndex=1920, commits[a5e38e3e-c2ad-4348-acb9-3fc25cfb14dd:c1921, 11e48d46-e648-47f9-b6a0-9c7f26654c28:c1919, d1b6a90e-e817-40a7-bec1-608b5cc7d8b6:c1919]
2019-09-11 04:25:56,423 [grpc-default-executor-1] INFO  client.GrpcClientProtocolClient (GrpcClientProtocolClient.java:onNext(264)) - client-734BBEB428D7->a5e38e3e-c2ad-4348-acb9-3fc25cfb14dd: receive RaftClientReply:client-734BBEB428D7->a5e38e3e-c2ad-4348-acb9-3fc25cfb14dd@group-7000B19605CB, cid=1355, SUCCESS, logIndex=1921, commits[a5e38e3e-c2ad-4348-acb9-3fc25cfb14dd:c1921, 11e48d46-e648-47f9-b6a0-9c7f26654c28:c1919, d1b6a90e-e817-40a7-bec1-608b5cc7d8b6:c1919]
2019-09-11 04:25:56,445 [grpc-default-executor-1] INFO  client.GrpcClientProtocolClient (GrpcClientProtocolClient.java:onNext(264)) - client-734BBEB428D7->a5e38e3e-c2ad-4348-acb9-3fc25cfb14dd: receive RaftClientReply:client-734BBEB428D7->a5e38e3e-c2ad-4348-acb9-3fc25cfb14dd@group-7000B19605CB, cid=1356, SUCCESS, logIndex=1924, commits[a5e38e3e-c2ad-4348-acb9-3fc25cfb14dd:c1925, 11e48d46-e648-47f9-b6a0-9c7f26654c28:c1923, d1b6a90e-e817-40a7-bec1-608b5cc7d8b6:c1923]
2019-09-11 04:25:56,445 [grpc-default-executor-1] INFO  client.GrpcClientProtocolClient (GrpcClientProtocolClient.java:onNext(264)) - client-734BBEB428D7->a5e38e3e-c2ad-4348-acb9-3fc25cfb14dd: receive RaftClientReply:client-734BBEB428D7->a5e38e3e-c2ad-4348-acb9-3fc25cfb14dd@group-7000B19605CB, cid=1357, SUCCESS, logIndex=1925, commits[a5e38e3e-c2ad-4348-acb9-3fc25cfb14dd:c1925, 11e48d46-e648-47f9-b6a0-9c7f26654c28:c1923, d1b6a90e-e817-40a7-bec1-608b5cc7d8b6:c1923]
2019-09-11 04:25:56,458 [grpc-default-executor-4] INFO  client.GrpcClientProtocolClient (GrpcClientProtocolClient.java:onNext(264)) - client-734BBEB428D7->a5e38e3e-c2ad-4348-acb9-3fc25cfb14dd: receive RaftClientReply:client-734BBEB428D7->a5e38e3e-c2ad-4348-acb9-3fc25cfb14dd@group-7000B19605CB, cid=1358, SUCCESS, logIndex=0, commits[a5e38e3e-c2ad-4348-acb9-3fc25cfb14dd:c1927, 11e48d46-e648-47f9-b6a0-9c7f26654c28:c1925, d1b6a90e-e817-40a7-bec1-608b5cc7d8b6:c1925]
2019-09-11 04:25:56,487 [grpc-default-executor-0] INFO  client.GrpcClientProtocolClient (GrpcClientProtocolClient.java:onNext(264)) - client-734BBEB428D7->a5e38e3e-c2ad-4348-acb9-3fc25cfb14dd: receive RaftClientReply:client-734BBEB428D7->a5e38e3e-c2ad-4348-acb9-3fc25cfb14dd@group-7000B19605CB, cid=1359, SUCCESS, logIndex=1928, commits[a5e38e3e-c2ad-4348-acb9-3fc25cfb14dd:c1930, 11e48d46-e648-47f9-b6a0-9c7f26654c28:c1927, d1b6a90e-e817-40a7-bec1-608b5cc7d8b6:c1927]
2019-09-11 04:25:56,487 [grpc-default-executor-0] INFO  client.GrpcClientProtocolClient (GrpcClientProtocolClient.java:onNext(264)) - client-734BBEB428D7->a5e38e3e-c2ad-4348-acb9-3fc25cfb14dd: receive RaftClientReply:client-734BBEB428D7->a5e38e3e-c2ad-4348-acb9-3fc25cfb14dd@group-7000B19605CB, cid=1360, SUCCESS, logIndex=1929, commits[a5e38e3e-c2ad-4348-acb9-3fc25cfb14dd:c1931, 11e48d46-e648-47f9-b6a0-9c7f26654c28:c1927, d1b6a90e-e817-40a7-bec1-608b5cc7d8b6:c1927]
2019-09-11 04:25:56,487 [grpc-default-executor-0] INFO  client.GrpcClientProtocolClient (GrpcClientProtocolClient.java:onNext(264)) - client-734BBEB428D7->a5e38e3e-c2ad-4348-acb9-3fc25cfb14dd: receive RaftClientReply:client-734BBEB428D7->a5e38e3e-c2ad-4348-acb9-3fc25cfb14dd@group-7000B19605CB, cid=1361, SUCCESS, logIndex=1930, commits[a5e38e3e-c2ad-4348-acb9-3fc25cfb14dd:c1931, 11e48d46-e648-47f9-b6a0-9c7f26654c28:c1927, d1b6a90e-e817-40a7-bec1-608b5cc7d8b6:c1927]
2019-09-11 04:25:56,488 [grpc-default-executor-0] INFO  client.GrpcClientProtocolClient (GrpcClientProtocolClient.java:onNext(264)) - client-734BBEB428D7->a5e38e3e-c2ad-4348-acb9-3fc25cfb14dd: receive RaftClientReply:client-734BBEB428D7->a5e38e3e-c2ad-4348-acb9-3fc25cfb14dd@group-7000B19605CB, cid=1362, SUCCESS, logIndex=1931, commits[a5e38e3e-c2ad-4348-acb9-3fc25cfb14dd:c1931, 11e48d46-e648-47f9-b6a0-9c7f26654c28:c1927, d1b6a90e-e817-40a7-bec1-608b5cc7d8b6:c1927]
2019-09-11 04:25:56,489 [grpc-default-executor-4] INFO  client.GrpcClientProtocolClient (GrpcClientProtocolClient.java:onNext(264)) - client-734BBEB428D7->a5e38e3e-c2ad-4348-acb9-3fc25cfb14dd: receive RaftClientReply:client-734BBEB428D7->a5e38e3e-c2ad-4348-acb9-3fc25cfb14dd@group-7000B19605CB, cid=1363, SUCCESS, logIndex=0, commits[a5e38e3e-c2ad-4348-acb9-3fc25cfb14dd:c1935, 11e48d46-e648-47f9-b6a0-9c7f26654c28:c1929, d1b6a90e-e817-40a7-bec1-608b5cc7d8b6:c1931]
2019-09-11 04:25:56,510 [grpc-default-executor-0] INFO  client.GrpcClientProtocolClient (GrpcClientProtocolClient.java:onNext(264)) - client-734BBEB428D7->a5e38e3e-c2ad-4348-acb9-3fc25cfb14dd: receive RaftClientReply:client-734BBEB428D7->a5e38e3e-c2ad-4348-acb9-3fc25cfb14dd@group-7000B19605CB, cid=1364, SUCCESS, logIndex=1936, commits[a5e38e3e-c2ad-4348-acb9-3fc25cfb14dd:c1937, 11e48d46-e648-47f9-b6a0-9c7f26654c28:c1935, d1b6a90e-e817-40a7-bec1-608b5cc7d8b6:c1935]
2019-09-11 04:25:56,511 [grpc-default-executor-0] INFO  client.GrpcClientProtocolClient (GrpcClientProtocolClient.java:onNext(264)) - client-734BBEB428D7->a5e38e3e-c2ad-4348-acb9-3fc25cfb14dd: receive RaftClientReply:client-734BBEB428D7->a5e38e3e-c2ad-4348-acb9-3fc25cfb14dd@group-7000B19605CB, cid=1365, SUCCESS, logIndex=1937, commits[a5e38e3e-c2ad-4348-acb9-3fc25cfb14dd:c1937, 11e48d46-e648-47f9-b6a0-9c7f26654c28:c1935, d1b6a90e-e817-40a7-bec1-608b5cc7d8b6:c1935]
2019-09-11 04:25:56,540 [grpc-default-executor-4] INFO  client.GrpcClientProtocolClient (GrpcClientProtocolClient.java:onNext(264)) - client-734BBEB428D7->a5e38e3e-c2ad-4348-acb9-3fc25cfb14dd: receive RaftClientReply:client-734BBEB428D7->a5e38e3e-c2ad-4348-acb9-3fc25cfb14dd@group-7000B19605CB, cid=1366, SUCCESS, logIndex=1940, commits[a5e38e3e-c2ad-4348-acb9-3fc25cfb14dd:c1941, 11e48d46-e648-47f9-b6a0-9c7f26654c28:c1937, d1b6a90e-e817-40a7-bec1-608b5cc7d8b6:c1937]
2019-09-11 04:25:56,540 [grpc-default-executor-4] INFO  client.GrpcClientProtocolClient (GrpcClientProtocolClient.java:onNext(264)) - client-734BBEB428D7->a5e38e3e-c2ad-4348-acb9-3fc25cfb14dd: receive RaftClientReply:client-734BBEB428D7->a5e38e3e-c2ad-4348-acb9-3fc25cfb14dd@group-7000B19605CB, cid=1367, SUCCESS, logIndex=1941, commits[a5e38e3e-c2ad-4348-acb9-3fc25cfb14dd:c1941, 11e48d46-e648-47f9-b6a0-9c7f26654c28:c1937, d1b6a90e-e817-40a7-bec1-608b5cc7d8b6:c1937]
2019-09-11 04:25:56,551 [grpc-default-executor-4] INFO  client.GrpcClientProtocolClient (GrpcClientProtocolClient.java:onNext(264)) - client-734BBEB428D7->a5e38e3e-c2ad-4348-acb9-3fc25cfb14dd: receive RaftClientReply:client-734BBEB428D7->a5e38e3e-c2ad-4348-acb9-3fc25cfb14dd@group-7000B19605CB, cid=1368, SUCCESS, logIndex=0, commits[a5e38e3e-c2ad-4348-acb9-3fc25cfb14dd:c1942, 11e48d46-e648-47f9-b6a0-9c7f26654c28:c1941, d1b6a90e-e817-40a7-bec1-608b5cc7d8b6:c1941]
2019-09-11 04:25:56,578 [grpc-default-executor-4] INFO  client.GrpcClientProtocolClient (GrpcClientProtocolClient.java:onNext(264)) - client-734BBEB428D7->a5e38e3e-c2ad-4348-acb9-3fc25cfb14dd: receive RaftClientReply:client-734BBEB428D7->a5e38e3e-c2ad-4348-acb9-3fc25cfb14dd@group-7000B19605CB, cid=1369, SUCCESS, logIndex=1944, commits[a5e38e3e-c2ad-4348-acb9-3fc25cfb14dd:c1945, 11e48d46-e648-47f9-b6a0-9c7f26654c28:c1943, d1b6a90e-e817-40a7-bec1-608b5cc7d8b6:c1943]
2019-09-11 04:25:56,579 [grpc-default-executor-4] INFO  client.GrpcClientProtocolClient (GrpcClientProtocolClient.java:onNext(264)) - client-734BBEB428D7->a5e38e3e-c2ad-4348-acb9-3fc25cfb14dd: receive RaftClientReply:client-734BBEB428D7->a5e38e3e-c2ad-4348-acb9-3fc25cfb14dd@group-7000B19605CB, cid=1370, SUCCESS, logIndex=1945, commits[a5e38e3e-c2ad-4348-acb9-3fc25cfb14dd:c1945, 11e48d46-e648-47f9-b6a0-9c7f26654c28:c1943, d1b6a90e-e817-40a7-bec1-608b5cc7d8b6:c1943]
2019-09-11 04:25:56,579 [grpc-default-executor-4] INFO  client.GrpcClientProtocolClient (GrpcClientProtocolClient.java:onNext(264)) - client-734BBEB428D7->a5e38e3e-c2ad-4348-acb9-3fc25cfb14dd: receive RaftClientReply:client-734BBEB428D7->a5e38e3e-c2ad-4348-acb9-3fc25cfb14dd@group-7000B19605CB, cid=1371, SUCCESS, logIndex=1946, commits[a5e38e3e-c2ad-4348-acb9-3fc25cfb14dd:c1947, 11e48d46-e648-47f9-b6a0-9c7f26654c28:c1943, d1b6a90e-e817-40a7-bec1-608b5cc7d8b6:c1943]
2019-09-11 04:25:56,580 [grpc-default-executor-0] INFO  client.GrpcClientProtocolClient (GrpcClientProtocolClient.java:onNext(264)) - client-734BBEB428D7->a5e38e3e-c2ad-4348-acb9-3fc25cfb14dd: receive RaftClientReply:client-734BBEB428D7->a5e38e3e-c2ad-4348-acb9-3fc25cfb14dd@group-7000B19605CB, cid=1372, SUCCESS, logIndex=1947, commits[a5e38e3e-c2ad-4348-acb9-3fc25cfb14dd:c1947, 11e48d46-e648-47f9-b6a0-9c7f26654c28:c1943, d1b6a90e-e817-40a7-bec1-608b5cc7d8b6:c1943]
2019-09-11 04:25:56,581 [grpc-default-executor-0] INFO  client.GrpcClientProtocolClient (GrpcClientProtocolClient.java:onNext(264)) - client-734BBEB428D7->a5e38e3e-c2ad-4348-acb9-3fc25cfb14dd: receive RaftClientReply:client-734BBEB428D7->a5e38e3e-c2ad-4348-acb9-3fc25cfb14dd@group-7000B19605CB, cid=1373, SUCCESS, logIndex=0, commits[a5e38e3e-c2ad-4348-acb9-3fc25cfb14dd:c1948, 11e48d46-e648-47f9-b6a0-9c7f26654c28:c1945, d1b6a90e-e817-40a7-bec1-608b5cc7d8b6:c1945]
2019-09-11 04:25:56,601 [grpc-default-executor-4] INFO  client.GrpcClientProtocolClient (GrpcClientProtocolClient.java:onNext(264)) - client-734BBEB428D7->a5e38e3e-c2ad-4348-acb9-3fc25cfb14dd: receive RaftClientReply:client-734BBEB428D7->a5e38e3e-c2ad-4348-acb9-3fc25cfb14dd@group-7000B19605CB, cid=1374, SUCCESS, logIndex=1952, commits[a5e38e3e-c2ad-4348-acb9-3fc25cfb14dd:c1953, 11e48d46-e648-47f9-b6a0-9c7f26654c28:c1951, d1b6a90e-e817-40a7-bec1-608b5cc7d8b6:c1951]
2019-09-11 04:25:56,602 [grpc-default-executor-4] INFO  client.GrpcClientProtocolClient (GrpcClientProtocolClient.java:onNext(264)) - client-734BBEB428D7->a5e38e3e-c2ad-4348-acb9-3fc25cfb14dd: receive RaftClientReply:client-734BBEB428D7->a5e38e3e-c2ad-4348-acb9-3fc25cfb14dd@group-7000B19605CB, cid=1375, SUCCESS, logIndex=1953, commits[a5e38e3e-c2ad-4348-acb9-3fc25cfb14dd:c1953, 11e48d46-e648-47f9-b6a0-9c7f26654c28:c1951, d1b6a90e-e817-40a7-bec1-608b5cc7d8b6:c1951]
2019-09-11 04:25:56,615 [grpc-default-executor-0] INFO  client.GrpcClientProtocolClient (GrpcClientProtocolClient.java:onNext(264)) - client-734BBEB428D7->a5e38e3e-c2ad-4348-acb9-3fc25cfb14dd: receive RaftClientReply:client-734BBEB428D7->a5e38e3e-c2ad-4348-acb9-3fc25cfb14dd@group-7000B19605CB, cid=1376, SUCCESS, logIndex=1956, commits[a5e38e3e-c2ad-4348-acb9-3fc25cfb14dd:c1957, 11e48d46-e648-47f9-b6a0-9c7f26654c28:c1953, d1b6a90e-e817-40a7-bec1-608b5cc7d8b6:c1953]
2019-09-11 04:25:56,615 [grpc-default-executor-0] INFO  client.GrpcClientProtocolClient (GrpcClientProtocolClient.java:onNext(264)) - client-734BBEB428D7->a5e38e3e-c2ad-4348-acb9-3fc25cfb14dd: receive RaftClientReply:client-734BBEB428D7->a5e38e3e-c2ad-4348-acb9-3fc25cfb14dd@group-7000B19605CB, cid=1377, SUCCESS, logIndex=1957, commits[a5e38e3e-c2ad-4348-acb9-3fc25cfb14dd:c1957, 11e48d46-e648-47f9-b6a0-9c7f26654c28:c1953, d1b6a90e-e817-40a7-bec1-608b5cc7d8b6:c1953]
2019-09-11 04:25:56,627 [grpc-default-executor-0] INFO  client.GrpcClientProtocolClient (GrpcClientProtocolClient.java:onNext(264)) - client-734BBEB428D7->a5e38e3e-c2ad-4348-acb9-3fc25cfb14dd: receive RaftClientReply:client-734BBEB428D7->a5e38e3e-c2ad-4348-acb9-3fc25cfb14dd@group-7000B19605CB, cid=1378, SUCCESS, logIndex=0, commits[a5e38e3e-c2ad-4348-acb9-3fc25cfb14dd:c1959, 11e48d46-e648-47f9-b6a0-9c7f26654c28:c1957, d1b6a90e-e817-40a7-bec1-608b5cc7d8b6:c1957]
2019-09-11 04:25:56,653 [grpc-default-executor-4] INFO  client.GrpcClientProtocolClient (GrpcClientProtocolClient.java:onNext(264)) - client-734BBEB428D7->a5e38e3e-c2ad-4348-acb9-3fc25cfb14dd: receive RaftClientReply:client-734BBEB428D7->a5e38e3e-c2ad-4348-acb9-3fc25cfb14dd@group-7000B19605CB, cid=1379, SUCCESS, logIndex=1960, commits[a5e38e3e-c2ad-4348-acb9-3fc25cfb14dd:c1962, 11e48d46-e648-47f9-b6a0-9c7f26654c28:c1959, d1b6a90e-e817-40a7-bec1-608b5cc7d8b6:c1959]
2019-09-11 04:25:56,653 [grpc-default-executor-4] INFO  client.GrpcClientProtocolClient (GrpcClientProtocolClient.java:onNext(264)) - client-734BBEB428D7->a5e38e3e-c2ad-4348-acb9-3fc25cfb14dd: receive RaftClientReply:client-734BBEB428D7->a5e38e3e-c2ad-4348-acb9-3fc25cfb14dd@group-7000B19605CB, cid=1380, SUCCESS, logIndex=1961, commits[a5e38e3e-c2ad-4348-acb9-3fc25cfb14dd:c1963, 11e48d46-e648-47f9-b6a0-9c7f26654c28:c1959, d1b6a90e-e817-40a7-bec1-608b5cc7d8b6:c1959]
2019-09-11 04:25:56,654 [grpc-default-executor-4] INFO  client.GrpcClientProtocolClient (GrpcClientProtocolClient.java:onNext(264)) - client-734BBEB428D7->a5e38e3e-c2ad-4348-acb9-3fc25cfb14dd: receive RaftClientReply:client-734BBEB428D7->a5e38e3e-c2ad-4348-acb9-3fc25cfb14dd@group-7000B19605CB, cid=1381, SUCCESS, logIndex=1962, commits[a5e38e3e-c2ad-4348-acb9-3fc25cfb14dd:c1963, 11e48d46-e648-47f9-b6a0-9c7f26654c28:c1959, d1b6a90e-e817-40a7-bec1-608b5cc7d8b6:c1959]
2019-09-11 04:25:56,654 [grpc-default-executor-4] INFO  client.GrpcClientProtocolClient (GrpcClientProtocolClient.java:onNext(264)) - client-734BBEB428D7->a5e38e3e-c2ad-4348-acb9-3fc25cfb14dd: receive RaftClientReply:client-734BBEB428D7->a5e38e3e-c2ad-4348-acb9-3fc25cfb14dd@group-7000B19605CB, cid=1382, SUCCESS, logIndex=1963, commits[a5e38e3e-c2ad-4348-acb9-3fc25cfb14dd:c1963, 11e48d46-e648-47f9-b6a0-9c7f26654c28:c1959, d1b6a90e-e817-40a7-bec1-608b5cc7d8b6:c1959]
2019-09-11 04:25:56,679 [grpc-default-executor-4] INFO  client.GrpcClientProtocolClient (GrpcClientProtocolClient.java:onNext(264)) - client-734BBEB428D7->a5e38e3e-c2ad-4348-acb9-3fc25cfb14dd: receive RaftClientReply:client-734BBEB428D7->a5e38e3e-c2ad-4348-acb9-3fc25cfb14dd@group-7000B19605CB, cid=1383, SUCCESS, logIndex=0, commits[a5e38e3e-c2ad-4348-acb9-3fc25cfb14dd:c1967, 11e48d46-e648-47f9-b6a0-9c7f26654c28:c1961, d1b6a90e-e817-40a7-bec1-608b5cc7d8b6:c1963]
2019-09-11 04:25:56,698 [grpc-default-executor-1] INFO  client.GrpcClientProtocolClient (GrpcClientProtocolClient.java:onNext(264)) - client-734BBEB428D7->a5e38e3e-c2ad-4348-acb9-3fc25cfb14dd: receive RaftClientReply:client-734BBEB428D7->a5e38e3e-c2ad-4348-acb9-3fc25cfb14dd@group-7000B19605CB, cid=1384, SUCCESS, logIndex=1968, commits[a5e38e3e-c2ad-4348-acb9-3fc25cfb14dd:c1969, 11e48d46-e648-47f9-b6a0-9c7f26654c28:c1967, d1b6a90e-e817-40a7-bec1-608b5cc7d8b6:c1963]
2019-09-11 04:25:56,699 [grpc-default-executor-1] INFO  client.GrpcClientProtocolClient (GrpcClientProtocolClient.java:onNext(264)) - client-734BBEB428D7->a5e38e3e-c2ad-4348-acb9-3fc25cfb14dd: receive RaftClientReply:client-734BBEB428D7->a5e38e3e-c2ad-4348-acb9-3fc25cfb14dd@group-7000B19605CB, cid=1385, SUCCESS, logIndex=1969, commits[a5e38e3e-c2ad-4348-acb9-3fc25cfb14dd:c1969, 11e48d46-e648-47f9-b6a0-9c7f26654c28:c1967, d1b6a90e-e817-40a7-bec1-608b5cc7d8b6:c1967]
2019-09-11 04:25:56,712 [grpc-default-executor-0] INFO  client.GrpcClientProtocolClient (GrpcClientProtocolClient.java:onNext(264)) - client-734BBEB428D7->a5e38e3e-c2ad-4348-acb9-3fc25cfb14dd: receive RaftClientReply:client-734BBEB428D7->a5e38e3e-c2ad-4348-acb9-3fc25cfb14dd@group-7000B19605CB, cid=1386, SUCCESS, logIndex=1972, commits[a5e38e3e-c2ad-4348-acb9-3fc25cfb14dd:c1972, 11e48d46-e648-47f9-b6a0-9c7f26654c28:c1969, d1b6a90e-e817-40a7-bec1-608b5cc7d8b6:c1969]
2019-09-11 04:25:56,712 [grpc-default-executor-0] INFO  client.GrpcClientProtocolClient (GrpcClientProtocolClient.java:onNext(264)) - client-734BBEB428D7->a5e38e3e-c2ad-4348-acb9-3fc25cfb14dd: receive RaftClientReply:client-734BBEB428D7->a5e38e3e-c2ad-4348-acb9-3fc25cfb14dd@group-7000B19605CB, cid=1387, SUCCESS, logIndex=1973, commits[a5e38e3e-c2ad-4348-acb9-3fc25cfb14dd:c1973, 11e48d46-e648-47f9-b6a0-9c7f26654c28:c1969, d1b6a90e-e817-40a7-bec1-608b5cc7d8b6:c1969]
2019-09-11 04:25:56,724 [grpc-default-executor-0] INFO  client.GrpcClientProtocolClient (GrpcClientProtocolClient.java:onNext(264)) - client-734BBEB428D7->a5e38e3e-c2ad-4348-acb9-3fc25cfb14dd: receive RaftClientReply:client-734BBEB428D7->a5e38e3e-c2ad-4348-acb9-3fc25cfb14dd@group-7000B19605CB, cid=1388, SUCCESS, logIndex=0, commits[a5e38e3e-c2ad-4348-acb9-3fc25cfb14dd:c1975, 11e48d46-e648-47f9-b6a0-9c7f26654c28:c1973, d1b6a90e-e817-40a7-bec1-608b5cc7d8b6:c1973]
2019-09-11 04:25:56,753 [grpc-default-executor-1] INFO  client.GrpcClientProtocolClient (GrpcClientProtocolClient.java:onNext(264)) - client-734BBEB428D7->a5e38e3e-c2ad-4348-acb9-3fc25cfb14dd: receive RaftClientReply:client-734BBEB428D7->a5e38e3e-c2ad-4348-acb9-3fc25cfb14dd@group-7000B19605CB, cid=1389, SUCCESS, logIndex=1976, commits[a5e38e3e-c2ad-4348-acb9-3fc25cfb14dd:c1978, 11e48d46-e648-47f9-b6a0-9c7f26654c28:c1975, d1b6a90e-e817-40a7-bec1-608b5cc7d8b6:c1975]
2019-09-11 04:25:56,753 [grpc-default-executor-1] INFO  client.GrpcClientProtocolClient (GrpcClientProtocolClient.java:onNext(264)) - client-734BBEB428D7->a5e38e3e-c2ad-4348-acb9-3fc25cfb14dd: receive RaftClientReply:client-734BBEB428D7->a5e38e3e-c2ad-4348-acb9-3fc25cfb14dd@group-7000B19605CB, cid=1390, SUCCESS, logIndex=1977, commits[a5e38e3e-c2ad-4348-acb9-3fc25cfb14dd:c1979, 11e48d46-e648-47f9-b6a0-9c7f26654c28:c1975, d1b6a90e-e817-40a7-bec1-608b5cc7d8b6:c1975]
2019-09-11 04:25:56,754 [grpc-default-executor-1] INFO  client.GrpcClientProtocolClient (GrpcClientProtocolClient.java:onNext(264)) - client-734BBEB428D7->a5e38e3e-c2ad-4348-acb9-3fc25cfb14dd: receive RaftClientReply:client-734BBEB428D7->a5e38e3e-c2ad-4348-acb9-3fc25cfb14dd@group-7000B19605CB, cid=1391, SUCCESS, logIndex=1978, commits[a5e38e3e-c2ad-4348-acb9-3fc25cfb14dd:c1979, 11e48d46-e648-47f9-b6a0-9c7f26654c28:c1975, d1b6a90e-e817-40a7-bec1-608b5cc7d8b6:c1975]
2019-09-11 04:25:56,754 [grpc-default-executor-1] INFO  client.GrpcClientProtocolClient (GrpcClientProtocolClient.java:onNext(264)) - client-734BBEB428D7->a5e38e3e-c2ad-4348-acb9-3fc25cfb14dd: receive RaftClientReply:client-734BBEB428D7->a5e38e3e-c2ad-4348-acb9-3fc25cfb14dd@group-7000B19605CB, cid=1392, SUCCESS, logIndex=1979, commits[a5e38e3e-c2ad-4348-acb9-3fc25cfb14dd:c1979, 11e48d46-e648-47f9-b6a0-9c7f26654c28:c1975, d1b6a90e-e817-40a7-bec1-608b5cc7d8b6:c1975]
2019-09-11 04:25:56,765 [grpc-default-executor-4] INFO  client.GrpcClientProtocolClient (GrpcClientProtocolClient.java:onNext(264)) - client-734BBEB428D7->a5e38e3e-c2ad-4348-acb9-3fc25cfb14dd: receive RaftClientReply:client-734BBEB428D7->a5e38e3e-c2ad-4348-acb9-3fc25cfb14dd@group-7000B19605CB, cid=1393, SUCCESS, logIndex=0, commits[a5e38e3e-c2ad-4348-acb9-3fc25cfb14dd:c1981, 11e48d46-e648-47f9-b6a0-9c7f26654c28:c1977, d1b6a90e-e817-40a7-bec1-608b5cc7d8b6:c1978]
2019-09-11 04:25:56,783 [grpc-default-executor-1] INFO  client.GrpcClientProtocolClient (GrpcClientProtocolClient.java:onNext(264)) - client-734BBEB428D7->a5e38e3e-c2ad-4348-acb9-3fc25cfb14dd: receive RaftClientReply:client-734BBEB428D7->a5e38e3e-c2ad-4348-acb9-3fc25cfb14dd@group-7000B19605CB, cid=1394, SUCCESS, logIndex=1984, commits[a5e38e3e-c2ad-4348-acb9-3fc25cfb14dd:c1985, 11e48d46-e648-47f9-b6a0-9c7f26654c28:c1983, d1b6a90e-e817-40a7-bec1-608b5cc7d8b6:c1983]
2019-09-11 04:25:56,784 [grpc-default-executor-1] INFO  client.GrpcClientProtocolClient (GrpcClientProtocolClient.java:onNext(264)) - client-734BBEB428D7->a5e38e3e-c2ad-4348-acb9-3fc25cfb14dd: receive RaftClientReply:client-734BBEB428D7->a5e38e3e-c2ad-4348-acb9-3fc25cfb14dd@group-7000B19605CB, cid=1395, SUCCESS, logIndex=1985, commits[a5e38e3e-c2ad-4348-acb9-3fc25cfb14dd:c1985, 11e48d46-e648-47f9-b6a0-9c7f26654c28:c1983, d1b6a90e-e817-40a7-bec1-608b5cc7d8b6:c1983]
2019-09-11 04:25:56,797 [grpc-default-executor-0] INFO  client.GrpcClientProtocolClient (GrpcClientProtocolClient.java:onNext(264)) - client-734BBEB428D7->a5e38e3e-c2ad-4348-acb9-3fc25cfb14dd: receive RaftClientReply:client-734BBEB428D7->a5e38e3e-c2ad-4348-acb9-3fc25cfb14dd@group-7000B19605CB, cid=1396, SUCCESS, logIndex=1988, commits[a5e38e3e-c2ad-4348-acb9-3fc25cfb14dd:c1989, 11e48d46-e648-47f9-b6a0-9c7f26654c28:c1985, d1b6a90e-e817-40a7-bec1-608b5cc7d8b6:c1985]
2019-09-11 04:25:56,797 [grpc-default-executor-0] INFO  client.GrpcClientProtocolClient (GrpcClientProtocolClient.java:onNext(264)) - client-734BBEB428D7->a5e38e3e-c2ad-4348-acb9-3fc25cfb14dd: receive RaftClientReply:client-734BBEB428D7->a5e38e3e-c2ad-4348-acb9-3fc25cfb14dd@group-7000B19605CB, cid=1397, SUCCESS, logIndex=1989, commits[a5e38e3e-c2ad-4348-acb9-3fc25cfb14dd:c1989, 11e48d46-e648-47f9-b6a0-9c7f26654c28:c1985, d1b6a90e-e817-40a7-bec1-608b5cc7d8b6:c1985]
2019-09-11 04:25:56,809 [grpc-default-executor-0] INFO  client.GrpcClientProtocolClient (GrpcClientProtocolClient.java:onNext(264)) - client-734BBEB428D7->a5e38e3e-c2ad-4348-acb9-3fc25cfb14dd: receive RaftClientReply:client-734BBEB428D7->a5e38e3e-c2ad-4348-acb9-3fc25cfb14dd@group-7000B19605CB, cid=1398, SUCCESS, logIndex=0, commits[a5e38e3e-c2ad-4348-acb9-3fc25cfb14dd:c1991, 11e48d46-e648-47f9-b6a0-9c7f26654c28:c1989, d1b6a90e-e817-40a7-bec1-608b5cc7d8b6:c1989]
2019-09-11 04:25:56,835 [grpc-default-executor-0] INFO  client.GrpcClientProtocolClient (GrpcClientProtocolClient.java:onNext(264)) - client-734BBEB428D7->a5e38e3e-c2ad-4348-acb9-3fc25cfb14dd: receive RaftClientReply:client-734BBEB428D7->a5e38e3e-c2ad-4348-acb9-3fc25cfb14dd@group-7000B19605CB, cid=1399, SUCCESS, logIndex=1992, commits[a5e38e3e-c2ad-4348-acb9-3fc25cfb14dd:c1993, 11e48d46-e648-47f9-b6a0-9c7f26654c28:c1991, d1b6a90e-e817-40a7-bec1-608b5cc7d8b6:c1991]
2019-09-11 04:25:56,836 [grpc-default-executor-0] INFO  client.GrpcClientProtocolClient (GrpcClientProtocolClient.java:onNext(264)) - client-734BBEB428D7->a5e38e3e-c2ad-4348-acb9-3fc25cfb14dd: receive RaftClientReply:client-734BBEB428D7->a5e38e3e-c2ad-4348-acb9-3fc25cfb14dd@group-7000B19605CB, cid=1400, SUCCESS, logIndex=1993, commits[a5e38e3e-c2ad-4348-acb9-3fc25cfb14dd:c1995, 11e48d46-e648-47f9-b6a0-9c7f26654c28:c1991, d1b6a90e-e817-40a7-bec1-608b5cc7d8b6:c1991]
2019-09-11 04:25:56,836 [grpc-default-executor-0] INFO  client.GrpcClientProtocolClient (GrpcClientProtocolClient.java:onNext(264)) - client-734BBEB428D7->a5e38e3e-c2ad-4348-acb9-3fc25cfb14dd: receive RaftClientReply:client-734BBEB428D7->a5e38e3e-c2ad-4348-acb9-3fc25cfb14dd@group-7000B19605CB, cid=1401, SUCCESS, logIndex=1994, commits[a5e38e3e-c2ad-4348-acb9-3fc25cfb14dd:c1995, 11e48d46-e648-47f9-b6a0-9c7f26654c28:c1991, d1b6a90e-e817-40a7-bec1-608b5cc7d8b6:c1991]
2019-09-11 04:25:56,836 [grpc-default-executor-0] INFO  client.GrpcClientProtocolClient (GrpcClientProtocolClient.java:onNext(264)) - client-734BBEB428D7->a5e38e3e-c2ad-4348-acb9-3fc25cfb14dd: receive RaftClientReply:client-734BBEB428D7->a5e38e3e-c2ad-4348-acb9-3fc25cfb14dd@group-7000B19605CB, cid=1402, SUCCESS, logIndex=1995, commits[a5e38e3e-c2ad-4348-acb9-3fc25cfb14dd:c1995, 11e48d46-e648-47f9-b6a0-9c7f26654c28:c1991, d1b6a90e-e817-40a7-bec1-608b5cc7d8b6:c1991]
2019-09-11 04:25:56,848 [grpc-default-executor-0] INFO  client.GrpcClientProtocolClient (GrpcClientProtocolClient.java:onNext(264)) - client-734BBEB428D7->a5e38e3e-c2ad-4348-acb9-3fc25cfb14dd: receive RaftClientReply:client-734BBEB428D7->a5e38e3e-c2ad-4348-acb9-3fc25cfb14dd@group-7000B19605CB, cid=1403, SUCCESS, logIndex=0, commits[a5e38e3e-c2ad-4348-acb9-3fc25cfb14dd:c1999, 11e48d46-e648-47f9-b6a0-9c7f26654c28:c1993, d1b6a90e-e817-40a7-bec1-608b5cc7d8b6:c1995]
2019-09-11 04:25:56,866 [grpc-default-executor-4] INFO  client.GrpcClientProtocolClient (GrpcClientProtocolClient.java:onNext(264)) - client-734BBEB428D7->a5e38e3e-c2ad-4348-acb9-3fc25cfb14dd: receive RaftClientReply:client-734BBEB428D7->a5e38e3e-c2ad-4348-acb9-3fc25cfb14dd@group-7000B19605CB, cid=1404, SUCCESS, logIndex=2000, commits[a5e38e3e-c2ad-4348-acb9-3fc25cfb14dd:c2000, 11e48d46-e648-47f9-b6a0-9c7f26654c28:c1999, d1b6a90e-e817-40a7-bec1-608b5cc7d8b6:c1999]
2019-09-11 04:25:56,866 [grpc-default-executor-4] INFO  client.GrpcClientProtocolClient (GrpcClientProtocolClient.java:onNext(264)) - client-734BBEB428D7->a5e38e3e-c2ad-4348-acb9-3fc25cfb14dd: receive RaftClientReply:client-734BBEB428D7->a5e38e3e-c2ad-4348-acb9-3fc25cfb14dd@group-7000B19605CB, cid=1405, SUCCESS, logIndex=2001, commits[a5e38e3e-c2ad-4348-acb9-3fc25cfb14dd:c2001, 11e48d46-e648-47f9-b6a0-9c7f26654c28:c1999, d1b6a90e-e817-40a7-bec1-608b5cc7d8b6:c1999]
2019-09-11 04:25:56,877 [grpc-default-executor-2] INFO  client.GrpcClientProtocolClient (GrpcClientProtocolClient.java:onNext(264)) - client-734BBEB428D7->a5e38e3e-c2ad-4348-acb9-3fc25cfb14dd: receive RaftClientReply:client-734BBEB428D7->a5e38e3e-c2ad-4348-acb9-3fc25cfb14dd@group-7000B19605CB, cid=1406, SUCCESS, logIndex=2004, commits[a5e38e3e-c2ad-4348-acb9-3fc25cfb14dd:c2005, 11e48d46-e648-47f9-b6a0-9c7f26654c28:c2001, d1b6a90e-e817-40a7-bec1-608b5cc7d8b6:c2001]
2019-09-11 04:25:56,878 [grpc-default-executor-2] INFO  client.GrpcClientProtocolClient (GrpcClientProtocolClient.java:onNext(264)) - client-734BBEB428D7->a5e38e3e-c2ad-4348-acb9-3fc25cfb14dd: receive RaftClientReply:client-734BBEB428D7->a5e38e3e-c2ad-4348-acb9-3fc25cfb14dd@group-7000B19605CB, cid=1407, SUCCESS, logIndex=2005, commits[a5e38e3e-c2ad-4348-acb9-3fc25cfb14dd:c2005, 11e48d46-e648-47f9-b6a0-9c7f26654c28:c2001, d1b6a90e-e817-40a7-bec1-608b5cc7d8b6:c2001]
2019-09-11 04:25:56,887 [grpc-default-executor-2] INFO  client.GrpcClientProtocolClient (GrpcClientProtocolClient.java:onNext(264)) - client-734BBEB428D7->a5e38e3e-c2ad-4348-acb9-3fc25cfb14dd: receive RaftClientReply:client-734BBEB428D7->a5e38e3e-c2ad-4348-acb9-3fc25cfb14dd@group-7000B19605CB, cid=1408, SUCCESS, logIndex=0, commits[a5e38e3e-c2ad-4348-acb9-3fc25cfb14dd:c2006, 11e48d46-e648-47f9-b6a0-9c7f26654c28:c2005, d1b6a90e-e817-40a7-bec1-608b5cc7d8b6:c2005]
2019-09-11 04:25:56,910 [grpc-default-executor-4] INFO  client.GrpcClientProtocolClient (GrpcClientProtocolClient.java:onNext(264)) - client-734BBEB428D7->a5e38e3e-c2ad-4348-acb9-3fc25cfb14dd: receive RaftClientReply:client-734BBEB428D7->a5e38e3e-c2ad-4348-acb9-3fc25cfb14dd@group-7000B19605CB, cid=1409, SUCCESS, logIndex=2008, commits[a5e38e3e-c2ad-4348-acb9-3fc25cfb14dd:c2009, 11e48d46-e648-47f9-b6a0-9c7f26654c28:c2007, d1b6a90e-e817-40a7-bec1-608b5cc7d8b6:c2007]
2019-09-11 04:25:56,910 [grpc-default-executor-4] INFO  client.GrpcClientProtocolClient (GrpcClientProtocolClient.java:onNext(264)) - client-734BBEB428D7->a5e38e3e-c2ad-4348-acb9-3fc25cfb14dd: receive RaftClientReply:client-734BBEB428D7->a5e38e3e-c2ad-4348-acb9-3fc25cfb14dd@group-7000B19605CB, cid=1410, SUCCESS, logIndex=2009, commits[a5e38e3e-c2ad-4348-acb9-3fc25cfb14dd:c2011, 11e48d46-e648-47f9-b6a0-9c7f26654c28:c2007, d1b6a90e-e817-40a7-bec1-608b5cc7d8b6:c2007]
2019-09-11 04:25:56,910 [grpc-default-executor-4] INFO  client.GrpcClientProtocolClient (GrpcClientProtocolClient.java:onNext(264)) - client-734BBEB428D7->a5e38e3e-c2ad-4348-acb9-3fc25cfb14dd: receive RaftClientReply:client-734BBEB428D7->a5e38e3e-c2ad-4348-acb9-3fc25cfb14dd@group-7000B19605CB, cid=1411, SUCCESS, logIndex=2010, commits[a5e38e3e-c2ad-4348-acb9-3fc25cfb14dd:c2011, 11e48d46-e648-47f9-b6a0-9c7f26654c28:c2007, d1b6a90e-e817-40a7-bec1-608b5cc7d8b6:c2007]
2019-09-11 04:25:56,911 [grpc-default-executor-4] INFO  client.GrpcClientProtocolClient (GrpcClientProtocolClient.java:onNext(264)) - client-734BBEB428D7->a5e38e3e-c2ad-4348-acb9-3fc25cfb14dd: receive RaftClientReply:client-734BBEB428D7->a5e38e3e-c2ad-4348-acb9-3fc25cfb14dd@group-7000B19605CB, cid=1412, SUCCESS, logIndex=2011, commits[a5e38e3e-c2ad-4348-acb9-3fc25cfb14dd:c2011, 11e48d46-e648-47f9-b6a0-9c7f26654c28:c2007, d1b6a90e-e817-40a7-bec1-608b5cc7d8b6:c2007]
2019-09-11 04:25:56,912 [grpc-default-executor-4] INFO  client.GrpcClientProtocolClient (GrpcClientProtocolClient.java:onNext(264)) - client-734BBEB428D7->a5e38e3e-c2ad-4348-acb9-3fc25cfb14dd: receive RaftClientReply:client-734BBEB428D7->a5e38e3e-c2ad-4348-acb9-3fc25cfb14dd@group-7000B19605CB, cid=1413, SUCCESS, logIndex=0, commits[a5e38e3e-c2ad-4348-acb9-3fc25cfb14dd:c2015, 11e48d46-e648-47f9-b6a0-9c7f26654c28:c2011, d1b6a90e-e817-40a7-bec1-608b5cc7d8b6:c2009]
2019-09-11 04:25:56,939 [grpc-default-executor-0] INFO  client.GrpcClientProtocolClient (GrpcClientProtocolClient.java:onNext(264)) - client-734BBEB428D7->a5e38e3e-c2ad-4348-acb9-3fc25cfb14dd: receive RaftClientReply:client-734BBEB428D7->a5e38e3e-c2ad-4348-acb9-3fc25cfb14dd@group-7000B19605CB, cid=1414, SUCCESS, logIndex=2016, commits[a5e38e3e-c2ad-4348-acb9-3fc25cfb14dd:c2017, 11e48d46-e648-47f9-b6a0-9c7f26654c28:c2015, d1b6a90e-e817-40a7-bec1-608b5cc7d8b6:c2015]
2019-09-11 04:25:56,939 [grpc-default-executor-0] INFO  client.GrpcClientProtocolClient (GrpcClientProtocolClient.java:onNext(264)) - client-734BBEB428D7->a5e38e3e-c2ad-4348-acb9-3fc25cfb14dd: receive RaftClientReply:client-734BBEB428D7->a5e38e3e-c2ad-4348-acb9-3fc25cfb14dd@group-7000B19605CB, cid=1415, SUCCESS, logIndex=2017, commits[a5e38e3e-c2ad-4348-acb9-3fc25cfb14dd:c2017, 11e48d46-e648-47f9-b6a0-9c7f26654c28:c2015, d1b6a90e-e817-40a7-bec1-608b5cc7d8b6:c2015]
2019-09-11 04:25:56,957 [grpc-default-executor-0] INFO  client.GrpcClientProtocolClient (GrpcClientProtocolClient.java:onNext(264)) - client-734BBEB428D7->a5e38e3e-c2ad-4348-acb9-3fc25cfb14dd: receive RaftClientReply:client-734BBEB428D7->a5e38e3e-c2ad-4348-acb9-3fc25cfb14dd@group-7000B19605CB, cid=1416, SUCCESS, logIndex=2020, commits[a5e38e3e-c2ad-4348-acb9-3fc25cfb14dd:c2021, 11e48d46-e648-47f9-b6a0-9c7f26654c28:c2019, d1b6a90e-e817-40a7-bec1-608b5cc7d8b6:c2019]
2019-09-11 04:25:56,958 [grpc-default-executor-0] INFO  client.GrpcClientProtocolClient (GrpcClientProtocolClient.java:onNext(264)) - client-734BBEB428D7->a5e38e3e-c2ad-4348-acb9-3fc25cfb14dd: receive RaftClientReply:client-734BBEB428D7->a5e38e3e-c2ad-4348-acb9-3fc25cfb14dd@group-7000B19605CB, cid=1417, SUCCESS, logIndex=2021, commits[a5e38e3e-c2ad-4348-acb9-3fc25cfb14dd:c2021, 11e48d46-e648-47f9-b6a0-9c7f26654c28:c2019, d1b6a90e-e817-40a7-bec1-608b5cc7d8b6:c2019]
2019-09-11 04:25:56,969 [grpc-default-executor-0] INFO  client.GrpcClientProtocolClient (GrpcClientProtocolClient.java:onNext(264)) - client-734BBEB428D7->a5e38e3e-c2ad-4348-acb9-3fc25cfb14dd: receive RaftClientReply:client-734BBEB428D7->a5e38e3e-c2ad-4348-acb9-3fc25cfb14dd@group-7000B19605CB, cid=1418, SUCCESS, logIndex=0, commits[a5e38e3e-c2ad-4348-acb9-3fc25cfb14dd:c2022, 11e48d46-e648-47f9-b6a0-9c7f26654c28:c2021, d1b6a90e-e817-40a7-bec1-608b5cc7d8b6:c2021]
2019-09-11 04:25:57,116 [grpc-default-executor-0] INFO  client.GrpcClientProtocolClient (GrpcClientProtocolClient.java:onNext(264)) - client-734BBEB428D7->a5e38e3e-c2ad-4348-acb9-3fc25cfb14dd: receive RaftClientReply:client-734BBEB428D7->a5e38e3e-c2ad-4348-acb9-3fc25cfb14dd@group-7000B19605CB, cid=1419, SUCCESS, logIndex=2024, commits[a5e38e3e-c2ad-4348-acb9-3fc25cfb14dd:c2025, 11e48d46-e648-47f9-b6a0-9c7f26654c28:c2023, d1b6a90e-e817-40a7-bec1-608b5cc7d8b6:c2023]
2019-09-11 04:25:57,118 [grpc-default-executor-0] INFO  client.GrpcClientProtocolClient (GrpcClientProtocolClient.java:onNext(264)) - client-734BBEB428D7->a5e38e3e-c2ad-4348-acb9-3fc25cfb14dd: receive RaftClientReply:client-734BBEB428D7->a5e38e3e-c2ad-4348-acb9-3fc25cfb14dd@group-7000B19605CB, cid=1420, SUCCESS, logIndex=2025, commits[a5e38e3e-c2ad-4348-acb9-3fc25cfb14dd:c2025, 11e48d46-e648-47f9-b6a0-9c7f26654c28:c2023, d1b6a90e-e817-40a7-bec1-608b5cc7d8b6:c2023]
2019-09-11 04:25:57,118 [grpc-default-executor-0] INFO  client.GrpcClientProtocolClient (GrpcClientProtocolClient.java:onNext(264)) - client-734BBEB428D7->a5e38e3e-c2ad-4348-acb9-3fc25cfb14dd: receive RaftClientReply:client-734BBEB428D7->a5e38e3e-c2ad-4348-acb9-3fc25cfb14dd@group-7000B19605CB, cid=1421, SUCCESS, logIndex=2026, commits[a5e38e3e-c2ad-4348-acb9-3fc25cfb14dd:c2027, 11e48d46-e648-47f9-b6a0-9c7f26654c28:c2023, d1b6a90e-e817-40a7-bec1-608b5cc7d8b6:c2023]
2019-09-11 04:25:57,118 [grpc-default-executor-0] INFO  client.GrpcClientProtocolClient (GrpcClientProtocolClient.java:onNext(264)) - client-734BBEB428D7->a5e38e3e-c2ad-4348-acb9-3fc25cfb14dd: receive RaftClientReply:client-734BBEB428D7->a5e38e3e-c2ad-4348-acb9-3fc25cfb14dd@group-7000B19605CB, cid=1422, SUCCESS, logIndex=2027, commits[a5e38e3e-c2ad-4348-acb9-3fc25cfb14dd:c2027, 11e48d46-e648-47f9-b6a0-9c7f26654c28:c2023, d1b6a90e-e817-40a7-bec1-608b5cc7d8b6:c2023]
2019-09-11 04:25:57,119 [grpc-default-executor-0] INFO  client.GrpcClientProtocolClient (GrpcClientProtocolClient.java:onNext(264)) - client-734BBEB428D7->a5e38e3e-c2ad-4348-acb9-3fc25cfb14dd: receive RaftClientReply:client-734BBEB428D7->a5e38e3e-c2ad-4348-acb9-3fc25cfb14dd@group-7000B19605CB, cid=1423, SUCCESS, logIndex=0, commits[a5e38e3e-c2ad-4348-acb9-3fc25cfb14dd:c2029, 11e48d46-e648-47f9-b6a0-9c7f26654c28:c2025, d1b6a90e-e817-40a7-bec1-608b5cc7d8b6:c2025]
 0.00% |█                                                                                                    |  0/1 Time: 0:00:082019-09-11 04:25:57,139 [grpc-default-executor-4] INFO  client.GrpcClientProtocolClient (GrpcClientProtocolClient.java:onNext(264)) - client-734BBEB428D7->a5e38e3e-c2ad-4348-acb9-3fc25cfb14dd: receive RaftClientReply:client-734BBEB428D7->a5e38e3e-c2ad-4348-acb9-3fc25cfb14dd@group-7000B19605CB, cid=1424, SUCCESS, logIndex=2032, commits[a5e38e3e-c2ad-4348-acb9-3fc25cfb14dd:c2033, 11e48d46-e648-47f9-b6a0-9c7f26654c28:c2031, d1b6a90e-e817-40a7-bec1-608b5cc7d8b6:c2031]
2019-09-11 04:25:57,140 [grpc-default-executor-4] INFO  client.GrpcClientProtocolClient (GrpcClientProtocolClient.java:onNext(264)) - client-734BBEB428D7->a5e38e3e-c2ad-4348-acb9-3fc25cfb14dd: receive RaftClientReply:client-734BBEB428D7->a5e38e3e-c2ad-4348-acb9-3fc25cfb14dd@group-7000B19605CB, cid=1425, SUCCESS, logIndex=2033, commits[a5e38e3e-c2ad-4348-acb9-3fc25cfb14dd:c2033, 11e48d46-e648-47f9-b6a0-9c7f26654c28:c2031, d1b6a90e-e817-40a7-bec1-608b5cc7d8b6:c2031]
2019-09-11 04:25:57,153 [grpc-default-executor-4] INFO  client.GrpcClientProtocolClient (GrpcClientProtocolClient.java:onNext(264)) - client-734BBEB428D7->a5e38e3e-c2ad-4348-acb9-3fc25cfb14dd: receive RaftClientReply:client-734BBEB428D7->a5e38e3e-c2ad-4348-acb9-3fc25cfb14dd@group-7000B19605CB, cid=1426, SUCCESS, logIndex=2036, commits[a5e38e3e-c2ad-4348-acb9-3fc25cfb14dd:c2037, 11e48d46-e648-47f9-b6a0-9c7f26654c28:c2033, d1b6a90e-e817-40a7-bec1-608b5cc7d8b6:c2033]
2019-09-11 04:25:57,153 [grpc-default-executor-4] INFO  client.GrpcClientProtocolClient (GrpcClientProtocolClient.java:onNext(264)) - client-734BBEB428D7->a5e38e3e-c2ad-4348-acb9-3fc25cfb14dd: receive RaftClientReply:client-734BBEB428D7->a5e38e3e-c2ad-4348-acb9-3fc25cfb14dd@group-7000B19605CB, cid=1427, SUCCESS, logIndex=2037, commits[a5e38e3e-c2ad-4348-acb9-3fc25cfb14dd:c2037, 11e48d46-e648-47f9-b6a0-9c7f26654c28:c2033, d1b6a90e-e817-40a7-bec1-608b5cc7d8b6:c2033]
2019-09-11 04:25:57,165 [grpc-default-executor-4] INFO  client.GrpcClientProtocolClient (GrpcClientProtocolClient.java:onNext(264)) - client-734BBEB428D7->a5e38e3e-c2ad-4348-acb9-3fc25cfb14dd: receive RaftClientReply:client-734BBEB428D7->a5e38e3e-c2ad-4348-acb9-3fc25cfb14dd@group-7000B19605CB, cid=1428, SUCCESS, logIndex=0, commits[a5e38e3e-c2ad-4348-acb9-3fc25cfb14dd:c2039, 11e48d46-e648-47f9-b6a0-9c7f26654c28:c2037, d1b6a90e-e817-40a7-bec1-608b5cc7d8b6:c2037]
2019-09-11 04:25:57,189 [grpc-default-executor-4] INFO  client.GrpcClientProtocolClient (GrpcClientProtocolClient.java:onNext(264)) - client-734BBEB428D7->a5e38e3e-c2ad-4348-acb9-3fc25cfb14dd: receive RaftClientReply:client-734BBEB428D7->a5e38e3e-c2ad-4348-acb9-3fc25cfb14dd@group-7000B19605CB, cid=1429, SUCCESS, logIndex=2040, commits[a5e38e3e-c2ad-4348-acb9-3fc25cfb14dd:c2041, 11e48d46-e648-47f9-b6a0-9c7f26654c28:c2039, d1b6a90e-e817-40a7-bec1-608b5cc7d8b6:c2039]
2019-09-11 04:25:57,190 [grpc-default-executor-1] INFO  client.GrpcClientProtocolClient (GrpcClientProtocolClient.java:onNext(264)) - client-734BBEB428D7->a5e38e3e-c2ad-4348-acb9-3fc25cfb14dd: receive RaftClientReply:client-734BBEB428D7->a5e38e3e-c2ad-4348-acb9-3fc25cfb14dd@group-7000B19605CB, cid=1430, SUCCESS, logIndex=2041, commits[a5e38e3e-c2ad-4348-acb9-3fc25cfb14dd:c2041, 11e48d46-e648-47f9-b6a0-9c7f26654c28:c2039, d1b6a90e-e817-40a7-bec1-608b5cc7d8b6:c2039]
2019-09-11 04:25:57,191 [grpc-default-executor-4] INFO  client.GrpcClientProtocolClient (GrpcClientProtocolClient.java:onNext(264)) - client-734BBEB428D7->a5e38e3e-c2ad-4348-acb9-3fc25cfb14dd: receive RaftClientReply:client-734BBEB428D7->a5e38e3e-c2ad-4348-acb9-3fc25cfb14dd@group-7000B19605CB, cid=1431, SUCCESS, logIndex=2042, commits[a5e38e3e-c2ad-4348-acb9-3fc25cfb14dd:c2042, 11e48d46-e648-47f9-b6a0-9c7f26654c28:c2039, d1b6a90e-e817-40a7-bec1-608b5cc7d8b6:c2039]
2019-09-11 04:25:57,191 [grpc-default-executor-1] INFO  client.GrpcClientProtocolClient (GrpcClientProtocolClient.java:onNext(264)) - client-734BBEB428D7->a5e38e3e-c2ad-4348-acb9-3fc25cfb14dd: receive RaftClientReply:client-734BBEB428D7->a5e38e3e-c2ad-4348-acb9-3fc25cfb14dd@group-7000B19605CB, cid=1432, SUCCESS, logIndex=2043, commits[a5e38e3e-c2ad-4348-acb9-3fc25cfb14dd:c2043, 11e48d46-e648-47f9-b6a0-9c7f26654c28:c2039, d1b6a90e-e817-40a7-bec1-608b5cc7d8b6:c2039]
2019-09-11 04:25:57,192 [grpc-default-executor-1] INFO  client.GrpcClientProtocolClient (GrpcClientProtocolClient.java:onNext(264)) - client-734BBEB428D7->a5e38e3e-c2ad-4348-acb9-3fc25cfb14dd: receive RaftClientReply:client-734BBEB428D7->a5e38e3e-c2ad-4348-acb9-3fc25cfb14dd@group-7000B19605CB, cid=1433, SUCCESS, logIndex=0, commits[a5e38e3e-c2ad-4348-acb9-3fc25cfb14dd:c2045, 11e48d46-e648-47f9-b6a0-9c7f26654c28:c2041, d1b6a90e-e817-40a7-bec1-608b5cc7d8b6:c2041]
2019-09-11 04:25:57,213 [grpc-default-executor-1] INFO  client.GrpcClientProtocolClient (GrpcClientProtocolClient.java:onNext(264)) - client-734BBEB428D7->a5e38e3e-c2ad-4348-acb9-3fc25cfb14dd: receive RaftClientReply:client-734BBEB428D7->a5e38e3e-c2ad-4348-acb9-3fc25cfb14dd@group-7000B19605CB, cid=1434, SUCCESS, logIndex=2048, commits[a5e38e3e-c2ad-4348-acb9-3fc25cfb14dd:c2049, 11e48d46-e648-47f9-b6a0-9c7f26654c28:c2047, d1b6a90e-e817-40a7-bec1-608b5cc7d8b6:c2047]
2019-09-11 04:25:57,213 [grpc-default-executor-1] INFO  client.GrpcClientProtocolClient (GrpcClientProtocolClient.java:onNext(264)) - client-734BBEB428D7->a5e38e3e-c2ad-4348-acb9-3fc25cfb14dd: receive RaftClientReply:client-734BBEB428D7->a5e38e3e-c2ad-4348-acb9-3fc25cfb14dd@group-7000B19605CB, cid=1435, SUCCESS, logIndex=2049, commits[a5e38e3e-c2ad-4348-acb9-3fc25cfb14dd:c2049, 11e48d46-e648-47f9-b6a0-9c7f26654c28:c2047, d1b6a90e-e817-40a7-bec1-608b5cc7d8b6:c2047]
2019-09-11 04:25:57,249 [grpc-default-executor-1] INFO  client.GrpcClientProtocolClient (GrpcClientProtocolClient.java:onNext(264)) - client-734BBEB428D7->a5e38e3e-c2ad-4348-acb9-3fc25cfb14dd: receive RaftClientReply:client-734BBEB428D7->a5e38e3e-c2ad-4348-acb9-3fc25cfb14dd@group-7000B19605CB, cid=1436, SUCCESS, logIndex=2052, commits[a5e38e3e-c2ad-4348-acb9-3fc25cfb14dd:c2053, 11e48d46-e648-47f9-b6a0-9c7f26654c28:c2048, d1b6a90e-e817-40a7-bec1-608b5cc7d8b6:c2049]
2019-09-11 04:25:57,250 [grpc-default-executor-1] INFO  client.GrpcClientProtocolClient (GrpcClientProtocolClient.java:onNext(264)) - client-734BBEB428D7->a5e38e3e-c2ad-4348-acb9-3fc25cfb14dd: receive RaftClientReply:client-734BBEB428D7->a5e38e3e-c2ad-4348-acb9-3fc25cfb14dd@group-7000B19605CB, cid=1437, SUCCESS, logIndex=2053, commits[a5e38e3e-c2ad-4348-acb9-3fc25cfb14dd:c2053, 11e48d46-e648-47f9-b6a0-9c7f26654c28:c2048, d1b6a90e-e817-40a7-bec1-608b5cc7d8b6:c2049]
2019-09-11 04:25:57,266 [grpc-default-executor-1] INFO  client.GrpcClientProtocolClient (GrpcClientProtocolClient.java:onNext(264)) - client-734BBEB428D7->a5e38e3e-c2ad-4348-acb9-3fc25cfb14dd: receive RaftClientReply:client-734BBEB428D7->a5e38e3e-c2ad-4348-acb9-3fc25cfb14dd@group-7000B19605CB, cid=1438, SUCCESS, logIndex=0, commits[a5e38e3e-c2ad-4348-acb9-3fc25cfb14dd:c2054, 11e48d46-e648-47f9-b6a0-9c7f26654c28:c2049, d1b6a90e-e817-40a7-bec1-608b5cc7d8b6:c2053]
2019-09-11 04:25:57,269 [grpc-default-executor-1] INFO  client.GrpcClientProtocolClient (GrpcClientProtocolClient.java:onNext(264)) - client-734BBEB428D7->a5e38e3e-c2ad-4348-acb9-3fc25cfb14dd: receive RaftClientReply:client-734BBEB428D7->a5e38e3e-c2ad-4348-acb9-3fc25cfb14dd@group-7000B19605CB, cid=1439, SUCCESS, logIndex=0, commits[a5e38e3e-c2ad-4348-acb9-3fc25cfb14dd:c2055, 11e48d46-e648-47f9-b6a0-9c7f26654c28:c2053, d1b6a90e-e817-40a7-bec1-608b5cc7d8b6:c2053]
2019-09-11 04:25:57,293 [grpc-default-executor-2] INFO  client.GrpcClientProtocolClient (GrpcClientProtocolClient.java:onNext(264)) - client-734BBEB428D7->a5e38e3e-c2ad-4348-acb9-3fc25cfb14dd: receive RaftClientReply:client-734BBEB428D7->a5e38e3e-c2ad-4348-acb9-3fc25cfb14dd@group-7000B19605CB, cid=1440, SUCCESS, logIndex=2056, commits[a5e38e3e-c2ad-4348-acb9-3fc25cfb14dd:c2057, 11e48d46-e648-47f9-b6a0-9c7f26654c28:c2055, d1b6a90e-e817-40a7-bec1-608b5cc7d8b6:c2055]
2019-09-11 04:25:57,293 [grpc-default-executor-2] INFO  client.GrpcClientProtocolClient (GrpcClientProtocolClient.java:onNext(264)) - client-734BBEB428D7->a5e38e3e-c2ad-4348-acb9-3fc25cfb14dd: receive RaftClientReply:client-734BBEB428D7->a5e38e3e-c2ad-4348-acb9-3fc25cfb14dd@group-7000B19605CB, cid=1441, SUCCESS, logIndex=2057, commits[a5e38e3e-c2ad-4348-acb9-3fc25cfb14dd:c2059, 11e48d46-e648-47f9-b6a0-9c7f26654c28:c2055, d1b6a90e-e817-40a7-bec1-608b5cc7d8b6:c2055]
2019-09-11 04:25:57,293 [grpc-default-executor-2] INFO  client.GrpcClientProtocolClient (GrpcClientProtocolClient.java:onNext(264)) - client-734BBEB428D7->a5e38e3e-c2ad-4348-acb9-3fc25cfb14dd: receive RaftClientReply:client-734BBEB428D7->a5e38e3e-c2ad-4348-acb9-3fc25cfb14dd@group-7000B19605CB, cid=1442, SUCCESS, logIndex=2058, commits[a5e38e3e-c2ad-4348-acb9-3fc25cfb14dd:c2059, 11e48d46-e648-47f9-b6a0-9c7f26654c28:c2055, d1b6a90e-e817-40a7-bec1-608b5cc7d8b6:c2055]
2019-09-11 04:25:57,294 [grpc-default-executor-2] INFO  client.GrpcClientProtocolClient (GrpcClientProtocolClient.java:onNext(264)) - client-734BBEB428D7->a5e38e3e-c2ad-4348-acb9-3fc25cfb14dd: receive RaftClientReply:client-734BBEB428D7->a5e38e3e-c2ad-4348-acb9-3fc25cfb14dd@group-7000B19605CB, cid=1443, SUCCESS, logIndex=2059, commits[a5e38e3e-c2ad-4348-acb9-3fc25cfb14dd:c2059, 11e48d46-e648-47f9-b6a0-9c7f26654c28:c2055, d1b6a90e-e817-40a7-bec1-608b5cc7d8b6:c2055]
2019-09-11 04:25:57,295 [grpc-default-executor-1] INFO  client.GrpcClientProtocolClient (GrpcClientProtocolClient.java:onNext(264)) - client-734BBEB428D7->a5e38e3e-c2ad-4348-acb9-3fc25cfb14dd: receive RaftClientReply:client-734BBEB428D7->a5e38e3e-c2ad-4348-acb9-3fc25cfb14dd@group-7000B19605CB, cid=1444, SUCCESS, logIndex=0, commits[a5e38e3e-c2ad-4348-acb9-3fc25cfb14dd:c2063, 11e48d46-e648-47f9-b6a0-9c7f26654c28:c2059, d1b6a90e-e817-40a7-bec1-608b5cc7d8b6:c2057]
2019-09-11 04:25:57,313 [grpc-default-executor-2] INFO  client.GrpcClientProtocolClient (GrpcClientProtocolClient.java:onNext(264)) - client-734BBEB428D7->a5e38e3e-c2ad-4348-acb9-3fc25cfb14dd: receive RaftClientReply:client-734BBEB428D7->a5e38e3e-c2ad-4348-acb9-3fc25cfb14dd@group-7000B19605CB, cid=1445, SUCCESS, logIndex=2064, commits[a5e38e3e-c2ad-4348-acb9-3fc25cfb14dd:c2065, 11e48d46-e648-47f9-b6a0-9c7f26654c28:c2063, d1b6a90e-e817-40a7-bec1-608b5cc7d8b6:c2063]
2019-09-11 04:25:57,314 [grpc-default-executor-2] INFO  client.GrpcClientProtocolClient (GrpcClientProtocolClient.java:onNext(264)) - client-734BBEB428D7->a5e38e3e-c2ad-4348-acb9-3fc25cfb14dd: receive RaftClientReply:client-734BBEB428D7->a5e38e3e-c2ad-4348-acb9-3fc25cfb14dd@group-7000B19605CB, cid=1446, SUCCESS, logIndex=2065, commits[a5e38e3e-c2ad-4348-acb9-3fc25cfb14dd:c2065, 11e48d46-e648-47f9-b6a0-9c7f26654c28:c2063, d1b6a90e-e817-40a7-bec1-608b5cc7d8b6:c2063]
2019-09-11 04:25:57,326 [grpc-default-executor-4] INFO  client.GrpcClientProtocolClient (GrpcClientProtocolClient.java:onNext(264)) - client-734BBEB428D7->a5e38e3e-c2ad-4348-acb9-3fc25cfb14dd: receive RaftClientReply:client-734BBEB428D7->a5e38e3e-c2ad-4348-acb9-3fc25cfb14dd@group-7000B19605CB, cid=1447, SUCCESS, logIndex=2068, commits[a5e38e3e-c2ad-4348-acb9-3fc25cfb14dd:c2069, 11e48d46-e648-47f9-b6a0-9c7f26654c28:c2065, d1b6a90e-e817-40a7-bec1-608b5cc7d8b6:c2065]
2019-09-11 04:25:57,326 [grpc-default-executor-4] INFO  client.GrpcClientProtocolClient (GrpcClientProtocolClient.java:onNext(264)) - client-734BBEB428D7->a5e38e3e-c2ad-4348-acb9-3fc25cfb14dd: receive RaftClientReply:client-734BBEB428D7->a5e38e3e-c2ad-4348-acb9-3fc25cfb14dd@group-7000B19605CB, cid=1448, SUCCESS, logIndex=2069, commits[a5e38e3e-c2ad-4348-acb9-3fc25cfb14dd:c2069, 11e48d46-e648-47f9-b6a0-9c7f26654c28:c2065, d1b6a90e-e817-40a7-bec1-608b5cc7d8b6:c2065]
2019-09-11 04:25:57,338 [grpc-default-executor-1] INFO  client.GrpcClientProtocolClient (GrpcClientProtocolClient.java:onNext(264)) - client-734BBEB428D7->a5e38e3e-c2ad-4348-acb9-3fc25cfb14dd: receive RaftClientReply:client-734BBEB428D7->a5e38e3e-c2ad-4348-acb9-3fc25cfb14dd@group-7000B19605CB, cid=1449, SUCCESS, logIndex=0, commits[a5e38e3e-c2ad-4348-acb9-3fc25cfb14dd:c2070, 11e48d46-e648-47f9-b6a0-9c7f26654c28:c2069, d1b6a90e-e817-40a7-bec1-608b5cc7d8b6:c2069]
2019-09-11 04:25:57,363 [grpc-default-executor-2] INFO  client.GrpcClientProtocolClient (GrpcClientProtocolClient.java:onNext(264)) - client-734BBEB428D7->a5e38e3e-c2ad-4348-acb9-3fc25cfb14dd: receive RaftClientReply:client-734BBEB428D7->a5e38e3e-c2ad-4348-acb9-3fc25cfb14dd@group-7000B19605CB, cid=1450, SUCCESS, logIndex=2072, commits[a5e38e3e-c2ad-4348-acb9-3fc25cfb14dd:c2073, 11e48d46-e648-47f9-b6a0-9c7f26654c28:c2071, d1b6a90e-e817-40a7-bec1-608b5cc7d8b6:c2071]
2019-09-11 04:25:57,363 [grpc-default-executor-2] INFO  client.GrpcClientProtocolClient (GrpcClientProtocolClient.java:onNext(264)) - client-734BBEB428D7->a5e38e3e-c2ad-4348-acb9-3fc25cfb14dd: receive RaftClientReply:client-734BBEB428D7->a5e38e3e-c2ad-4348-acb9-3fc25cfb14dd@group-7000B19605CB, cid=1451, SUCCESS, logIndex=2073, commits[a5e38e3e-c2ad-4348-acb9-3fc25cfb14dd:c2075, 11e48d46-e648-47f9-b6a0-9c7f26654c28:c2071, d1b6a90e-e817-40a7-bec1-608b5cc7d8b6:c2071]
2019-09-11 04:25:57,363 [grpc-default-executor-2] INFO  client.GrpcClientProtocolClient (GrpcClientProtocolClient.java:onNext(264)) - client-734BBEB428D7->a5e38e3e-c2ad-4348-acb9-3fc25cfb14dd: receive RaftClientReply:client-734BBEB428D7->a5e38e3e-c2ad-4348-acb9-3fc25cfb14dd@group-7000B19605CB, cid=1452, SUCCESS, logIndex=2074, commits[a5e38e3e-c2ad-4348-acb9-3fc25cfb14dd:c2075, 11e48d46-e648-47f9-b6a0-9c7f26654c28:c2071, d1b6a90e-e817-40a7-bec1-608b5cc7d8b6:c2071]
2019-09-11 04:25:57,364 [grpc-default-executor-1] INFO  client.GrpcClientProtocolClient (GrpcClientProtocolClient.java:onNext(264)) - client-734BBEB428D7->a5e38e3e-c2ad-4348-acb9-3fc25cfb14dd: receive RaftClientReply:client-734BBEB428D7->a5e38e3e-c2ad-4348-acb9-3fc25cfb14dd@group-7000B19605CB, cid=1453, SUCCESS, logIndex=2075, commits[a5e38e3e-c2ad-4348-acb9-3fc25cfb14dd:c2075, 11e48d46-e648-47f9-b6a0-9c7f26654c28:c2071, d1b6a90e-e817-40a7-bec1-608b5cc7d8b6:c2071]
2019-09-11 04:25:57,365 [grpc-default-executor-2] INFO  client.GrpcClientProtocolClient (GrpcClientProtocolClient.java:onNext(264)) - client-734BBEB428D7->a5e38e3e-c2ad-4348-acb9-3fc25cfb14dd: receive RaftClientReply:client-734BBEB428D7->a5e38e3e-c2ad-4348-acb9-3fc25cfb14dd@group-7000B19605CB, cid=1454, SUCCESS, logIndex=0, commits[a5e38e3e-c2ad-4348-acb9-3fc25cfb14dd:c2077, 11e48d46-e648-47f9-b6a0-9c7f26654c28:c2073, d1b6a90e-e817-40a7-bec1-608b5cc7d8b6:c2073]
2019-09-11 04:25:57,384 [grpc-default-executor-2] INFO  client.GrpcClientProtocolClient (GrpcClientProtocolClient.java:onNext(264)) - client-734BBEB428D7->a5e38e3e-c2ad-4348-acb9-3fc25cfb14dd: receive RaftClientReply:client-734BBEB428D7->a5e38e3e-c2ad-4348-acb9-3fc25cfb14dd@group-7000B19605CB, cid=1455, SUCCESS, logIndex=2080, commits[a5e38e3e-c2ad-4348-acb9-3fc25cfb14dd:c2081, 11e48d46-e648-47f9-b6a0-9c7f26654c28:c2079, d1b6a90e-e817-40a7-bec1-608b5cc7d8b6:c2079]
2019-09-11 04:25:57,384 [grpc-default-executor-2] INFO  client.GrpcClientProtocolClient (GrpcClientProtocolClient.java:onNext(264)) - client-734BBEB428D7->a5e38e3e-c2ad-4348-acb9-3fc25cfb14dd: receive RaftClientReply:client-734BBEB428D7->a5e38e3e-c2ad-4348-acb9-3fc25cfb14dd@group-7000B19605CB, cid=1456, SUCCESS, logIndex=2081, commits[a5e38e3e-c2ad-4348-acb9-3fc25cfb14dd:c2081, 11e48d46-e648-47f9-b6a0-9c7f26654c28:c2079, d1b6a90e-e817-40a7-bec1-608b5cc7d8b6:c2079]
2019-09-11 04:25:57,395 [grpc-default-executor-1] INFO  client.GrpcClientProtocolClient (GrpcClientProtocolClient.java:onNext(264)) - client-734BBEB428D7->a5e38e3e-c2ad-4348-acb9-3fc25cfb14dd: receive RaftClientReply:client-734BBEB428D7->a5e38e3e-c2ad-4348-acb9-3fc25cfb14dd@group-7000B19605CB, cid=1457, SUCCESS, logIndex=2084, commits[a5e38e3e-c2ad-4348-acb9-3fc25cfb14dd:c2084, 11e48d46-e648-47f9-b6a0-9c7f26654c28:c2081, d1b6a90e-e817-40a7-bec1-608b5cc7d8b6:c2081]
2019-09-11 04:25:57,395 [grpc-default-executor-1] INFO  client.GrpcClientProtocolClient (GrpcClientProtocolClient.java:onNext(264)) - client-734BBEB428D7->a5e38e3e-c2ad-4348-acb9-3fc25cfb14dd: receive RaftClientReply:client-734BBEB428D7->a5e38e3e-c2ad-4348-acb9-3fc25cfb14dd@group-7000B19605CB, cid=1458, SUCCESS, logIndex=2085, commits[a5e38e3e-c2ad-4348-acb9-3fc25cfb14dd:c2085, 11e48d46-e648-47f9-b6a0-9c7f26654c28:c2081, d1b6a90e-e817-40a7-bec1-608b5cc7d8b6:c2081]
2019-09-11 04:25:57,406 [grpc-default-executor-1] INFO  client.GrpcClientProtocolClient (GrpcClientProtocolClient.java:onNext(264)) - client-734BBEB428D7->a5e38e3e-c2ad-4348-acb9-3fc25cfb14dd: receive RaftClientReply:client-734BBEB428D7->a5e38e3e-c2ad-4348-acb9-3fc25cfb14dd@group-7000B19605CB, cid=1459, SUCCESS, logIndex=0, commits[a5e38e3e-c2ad-4348-acb9-3fc25cfb14dd:c2087, 11e48d46-e648-47f9-b6a0-9c7f26654c28:c2085, d1b6a90e-e817-40a7-bec1-608b5cc7d8b6:c2085]
2019-09-11 04:25:57,431 [grpc-default-executor-2] INFO  client.GrpcClientProtocolClient (GrpcClientProtocolClient.java:onNext(264)) - client-734BBEB428D7->a5e38e3e-c2ad-4348-acb9-3fc25cfb14dd: receive RaftClientReply:client-734BBEB428D7->a5e38e3e-c2ad-4348-acb9-3fc25cfb14dd@group-7000B19605CB, cid=1460, SUCCESS, logIndex=2088, commits[a5e38e3e-c2ad-4348-acb9-3fc25cfb14dd:c2089, 11e48d46-e648-47f9-b6a0-9c7f26654c28:c2087, d1b6a90e-e817-40a7-bec1-608b5cc7d8b6:c2087]
2019-09-11 04:25:57,432 [grpc-default-executor-2] INFO  client.GrpcClientProtocolClient (GrpcClientProtocolClient.java:onNext(264)) - client-734BBEB428D7->a5e38e3e-c2ad-4348-acb9-3fc25cfb14dd: receive RaftClientReply:client-734BBEB428D7->a5e38e3e-c2ad-4348-acb9-3fc25cfb14dd@group-7000B19605CB, cid=1461, SUCCESS, logIndex=2089, commits[a5e38e3e-c2ad-4348-acb9-3fc25cfb14dd:c2091, 11e48d46-e648-47f9-b6a0-9c7f26654c28:c2087, d1b6a90e-e817-40a7-bec1-608b5cc7d8b6:c2087]
2019-09-11 04:25:57,432 [grpc-default-executor-2] INFO  client.GrpcClientProtocolClient (GrpcClientProtocolClient.java:onNext(264)) - client-734BBEB428D7->a5e38e3e-c2ad-4348-acb9-3fc25cfb14dd: receive RaftClientReply:client-734BBEB428D7->a5e38e3e-c2ad-4348-acb9-3fc25cfb14dd@group-7000B19605CB, cid=1462, SUCCESS, logIndex=2090, commits[a5e38e3e-c2ad-4348-acb9-3fc25cfb14dd:c2091, 11e48d46-e648-47f9-b6a0-9c7f26654c28:c2087, d1b6a90e-e817-40a7-bec1-608b5cc7d8b6:c2087]
2019-09-11 04:25:57,433 [grpc-default-executor-4] INFO  client.GrpcClientProtocolClient (GrpcClientProtocolClient.java:onNext(264)) - client-734BBEB428D7->a5e38e3e-c2ad-4348-acb9-3fc25cfb14dd: receive RaftClientReply:client-734BBEB428D7->a5e38e3e-c2ad-4348-acb9-3fc25cfb14dd@group-7000B19605CB, cid=1463, SUCCESS, logIndex=2091, commits[a5e38e3e-c2ad-4348-acb9-3fc25cfb14dd:c2091, 11e48d46-e648-47f9-b6a0-9c7f26654c28:c2087, d1b6a90e-e817-40a7-bec1-608b5cc7d8b6:c2087]
2019-09-11 04:25:57,434 [grpc-default-executor-4] INFO  client.GrpcClientProtocolClient (GrpcClientProtocolClient.java:onNext(264)) - client-734BBEB428D7->a5e38e3e-c2ad-4348-acb9-3fc25cfb14dd: receive RaftClientReply:client-734BBEB428D7->a5e38e3e-c2ad-4348-acb9-3fc25cfb14dd@group-7000B19605CB, cid=1464, SUCCESS, logIndex=0, commits[a5e38e3e-c2ad-4348-acb9-3fc25cfb14dd:c2095, 11e48d46-e648-47f9-b6a0-9c7f26654c28:c2089, d1b6a90e-e817-40a7-bec1-608b5cc7d8b6:c2091]
2019-09-11 04:25:57,456 [grpc-default-executor-4] INFO  client.GrpcClientProtocolClient (GrpcClientProtocolClient.java:onNext(264)) - client-734BBEB428D7->a5e38e3e-c2ad-4348-acb9-3fc25cfb14dd: receive RaftClientReply:client-734BBEB428D7->a5e38e3e-c2ad-4348-acb9-3fc25cfb14dd@group-7000B19605CB, cid=1465, SUCCESS, logIndex=2096, commits[a5e38e3e-c2ad-4348-acb9-3fc25cfb14dd:c2097, 11e48d46-e648-47f9-b6a0-9c7f26654c28:c2095, d1b6a90e-e817-40a7-bec1-608b5cc7d8b6:c2095]
2019-09-11 04:25:57,456 [grpc-default-executor-4] INFO  client.GrpcClientProtocolClient (GrpcClientProtocolClient.java:onNext(264)) - client-734BBEB428D7->a5e38e3e-c2ad-4348-acb9-3fc25cfb14dd: receive RaftClientReply:client-734BBEB428D7->a5e38e3e-c2ad-4348-acb9-3fc25cfb14dd@group-7000B19605CB, cid=1466, SUCCESS, logIndex=2097, commits[a5e38e3e-c2ad-4348-acb9-3fc25cfb14dd:c2097, 11e48d46-e648-47f9-b6a0-9c7f26654c28:c2095, d1b6a90e-e817-40a7-bec1-608b5cc7d8b6:c2095]
2019-09-11 04:25:57,477 [grpc-default-executor-1] INFO  client.GrpcClientProtocolClient (GrpcClientProtocolClient.java:onNext(264)) - client-734BBEB428D7->a5e38e3e-c2ad-4348-acb9-3fc25cfb14dd: receive RaftClientReply:client-734BBEB428D7->a5e38e3e-c2ad-4348-acb9-3fc25cfb14dd@group-7000B19605CB, cid=1467, SUCCESS, logIndex=2100, commits[a5e38e3e-c2ad-4348-acb9-3fc25cfb14dd:c2101, 11e48d46-e648-47f9-b6a0-9c7f26654c28:c2098, d1b6a90e-e817-40a7-bec1-608b5cc7d8b6:c2098]
2019-09-11 04:25:57,477 [grpc-default-executor-1] INFO  client.GrpcClientProtocolClient (GrpcClientProtocolClient.java:onNext(264)) - client-734BBEB428D7->a5e38e3e-c2ad-4348-acb9-3fc25cfb14dd: receive RaftClientReply:client-734BBEB428D7->a5e38e3e-c2ad-4348-acb9-3fc25cfb14dd@group-7000B19605CB, cid=1468, SUCCESS, logIndex=2101, commits[a5e38e3e-c2ad-4348-acb9-3fc25cfb14dd:c2101, 11e48d46-e648-47f9-b6a0-9c7f26654c28:c2098, d1b6a90e-e817-40a7-bec1-608b5cc7d8b6:c2098]
2019-09-11 04:25:57,478 [grpc-default-executor-1] INFO  client.GrpcClientProtocolClient (GrpcClientProtocolClient.java:onNext(264)) - client-734BBEB428D7->a5e38e3e-c2ad-4348-acb9-3fc25cfb14dd: receive RaftClientReply:client-734BBEB428D7->a5e38e3e-c2ad-4348-acb9-3fc25cfb14dd@group-7000B19605CB, cid=1469, SUCCESS, logIndex=0, commits[a5e38e3e-c2ad-4348-acb9-3fc25cfb14dd:c2102, 11e48d46-e648-47f9-b6a0-9c7f26654c28:c2101, d1b6a90e-e817-40a7-bec1-608b5cc7d8b6:c2101]
2019-09-11 04:25:57,503 [grpc-default-executor-2] INFO  client.GrpcClientProtocolClient (GrpcClientProtocolClient.java:onNext(264)) - client-734BBEB428D7->a5e38e3e-c2ad-4348-acb9-3fc25cfb14dd: receive RaftClientReply:client-734BBEB428D7->a5e38e3e-c2ad-4348-acb9-3fc25cfb14dd@group-7000B19605CB, cid=1470, SUCCESS, logIndex=2103, commits[a5e38e3e-c2ad-4348-acb9-3fc25cfb14dd:c2105, 11e48d46-e648-47f9-b6a0-9c7f26654c28:c2102, d1b6a90e-e817-40a7-bec1-608b5cc7d8b6:c2102]
2019-09-11 04:25:57,503 [grpc-default-executor-2] INFO  client.GrpcClientProtocolClient (GrpcClientProtocolClient.java:onNext(264)) - client-734BBEB428D7->a5e38e3e-c2ad-4348-acb9-3fc25cfb14dd: receive RaftClientReply:client-734BBEB428D7->a5e38e3e-c2ad-4348-acb9-3fc25cfb14dd@group-7000B19605CB, cid=1471, SUCCESS, logIndex=2104, commits[a5e38e3e-c2ad-4348-acb9-3fc25cfb14dd:c2106, 11e48d46-e648-47f9-b6a0-9c7f26654c28:c2102, d1b6a90e-e817-40a7-bec1-608b5cc7d8b6:c2102]
2019-09-11 04:25:57,504 [grpc-default-executor-2] INFO  client.GrpcClientProtocolClient (GrpcClientProtocolClient.java:onNext(264)) - client-734BBEB428D7->a5e38e3e-c2ad-4348-acb9-3fc25cfb14dd: receive RaftClientReply:client-734BBEB428D7->a5e38e3e-c2ad-4348-acb9-3fc25cfb14dd@group-7000B19605CB, cid=1472, SUCCESS, logIndex=2105, commits[a5e38e3e-c2ad-4348-acb9-3fc25cfb14dd:c2106, 11e48d46-e648-47f9-b6a0-9c7f26654c28:c2102, d1b6a90e-e817-40a7-bec1-608b5cc7d8b6:c2102]
2019-09-11 04:25:57,504 [grpc-default-executor-2] INFO  client.GrpcClientProtocolClient (GrpcClientProtocolClient.java:onNext(264)) - client-734BBEB428D7->a5e38e3e-c2ad-4348-acb9-3fc25cfb14dd: receive RaftClientReply:client-734BBEB428D7->a5e38e3e-c2ad-4348-acb9-3fc25cfb14dd@group-7000B19605CB, cid=1473, SUCCESS, logIndex=2106, commits[a5e38e3e-c2ad-4348-acb9-3fc25cfb14dd:c2106, 11e48d46-e648-47f9-b6a0-9c7f26654c28:c2102, d1b6a90e-e817-40a7-bec1-608b5cc7d8b6:c2102]
2019-09-11 04:25:57,505 [grpc-default-executor-2] INFO  client.GrpcClientProtocolClient (GrpcClientProtocolClient.java:onNext(264)) - client-734BBEB428D7->a5e38e3e-c2ad-4348-acb9-3fc25cfb14dd: receive RaftClientReply:client-734BBEB428D7->a5e38e3e-c2ad-4348-acb9-3fc25cfb14dd@group-7000B19605CB, cid=1474, SUCCESS, logIndex=0, commits[a5e38e3e-c2ad-4348-acb9-3fc25cfb14dd:c2108, 11e48d46-e648-47f9-b6a0-9c7f26654c28:c2104, d1b6a90e-e817-40a7-bec1-608b5cc7d8b6:c2105]
2019-09-11 04:25:57,523 [grpc-default-executor-2] INFO  client.GrpcClientProtocolClient (GrpcClientProtocolClient.java:onNext(264)) - client-734BBEB428D7->a5e38e3e-c2ad-4348-acb9-3fc25cfb14dd: receive RaftClientReply:client-734BBEB428D7->a5e38e3e-c2ad-4348-acb9-3fc25cfb14dd@group-7000B19605CB, cid=1475, SUCCESS, logIndex=2111, commits[a5e38e3e-c2ad-4348-acb9-3fc25cfb14dd:c2112, 11e48d46-e648-47f9-b6a0-9c7f26654c28:c2110, d1b6a90e-e817-40a7-bec1-608b5cc7d8b6:c2110]
2019-09-11 04:25:57,524 [grpc-default-executor-2] INFO  client.GrpcClientProtocolClient (GrpcClientProtocolClient.java:onNext(264)) - client-734BBEB428D7->a5e38e3e-c2ad-4348-acb9-3fc25cfb14dd: receive RaftClientReply:client-734BBEB428D7->a5e38e3e-c2ad-4348-acb9-3fc25cfb14dd@group-7000B19605CB, cid=1476, SUCCESS, logIndex=2112, commits[a5e38e3e-c2ad-4348-acb9-3fc25cfb14dd:c2112, 11e48d46-e648-47f9-b6a0-9c7f26654c28:c2110, d1b6a90e-e817-40a7-bec1-608b5cc7d8b6:c2110]
2019-09-11 04:25:57,539 [grpc-default-executor-4] INFO  client.GrpcClientProtocolClient (GrpcClientProtocolClient.java:onNext(264)) - client-734BBEB428D7->a5e38e3e-c2ad-4348-acb9-3fc25cfb14dd: receive RaftClientReply:client-734BBEB428D7->a5e38e3e-c2ad-4348-acb9-3fc25cfb14dd@group-7000B19605CB, cid=1477, SUCCESS, logIndex=2115, commits[a5e38e3e-c2ad-4348-acb9-3fc25cfb14dd:c2116, 11e48d46-e648-47f9-b6a0-9c7f26654c28:c2112, d1b6a90e-e817-40a7-bec1-608b5cc7d8b6:c2112]
2019-09-11 04:25:57,540 [grpc-default-executor-4] INFO  client.GrpcClientProtocolClient (GrpcClientProtocolClient.java:onNext(264)) - client-734BBEB428D7->a5e38e3e-c2ad-4348-acb9-3fc25cfb14dd: receive RaftClientReply:client-734BBEB428D7->a5e38e3e-c2ad-4348-acb9-3fc25cfb14dd@group-7000B19605CB, cid=1478, SUCCESS, logIndex=2116, commits[a5e38e3e-c2ad-4348-acb9-3fc25cfb14dd:c2116, 11e48d46-e648-47f9-b6a0-9c7f26654c28:c2112, d1b6a90e-e817-40a7-bec1-608b5cc7d8b6:c2112]
2019-09-11 04:25:57,550 [grpc-default-executor-4] INFO  client.GrpcClientProtocolClient (GrpcClientProtocolClient.java:onNext(264)) - client-734BBEB428D7->a5e38e3e-c2ad-4348-acb9-3fc25cfb14dd: receive RaftClientReply:client-734BBEB428D7->a5e38e3e-c2ad-4348-acb9-3fc25cfb14dd@group-7000B19605CB, cid=1479, SUCCESS, logIndex=0, commits[a5e38e3e-c2ad-4348-acb9-3fc25cfb14dd:c2117, 11e48d46-e648-47f9-b6a0-9c7f26654c28:c2116, d1b6a90e-e817-40a7-bec1-608b5cc7d8b6:c2116]
2019-09-11 04:25:57,577 [grpc-default-executor-1] INFO  client.GrpcClientProtocolClient (GrpcClientProtocolClient.java:onNext(264)) - client-734BBEB428D7->a5e38e3e-c2ad-4348-acb9-3fc25cfb14dd: receive RaftClientReply:client-734BBEB428D7->a5e38e3e-c2ad-4348-acb9-3fc25cfb14dd@group-7000B19605CB, cid=1480, SUCCESS, logIndex=2119, commits[a5e38e3e-c2ad-4348-acb9-3fc25cfb14dd:c2120, 11e48d46-e648-47f9-b6a0-9c7f26654c28:c2118, d1b6a90e-e817-40a7-bec1-608b5cc7d8b6:c2118]
2019-09-11 04:25:57,577 [grpc-default-executor-1] INFO  client.GrpcClientProtocolClient (GrpcClientProtocolClient.java:onNext(264)) - client-734BBEB428D7->a5e38e3e-c2ad-4348-acb9-3fc25cfb14dd: receive RaftClientReply:client-734BBEB428D7->a5e38e3e-c2ad-4348-acb9-3fc25cfb14dd@group-7000B19605CB, cid=1481, SUCCESS, logIndex=2120, commits[a5e38e3e-c2ad-4348-acb9-3fc25cfb14dd:c2122, 11e48d46-e648-47f9-b6a0-9c7f26654c28:c2118, d1b6a90e-e817-40a7-bec1-608b5cc7d8b6:c2118]
2019-09-11 04:25:57,577 [grpc-default-executor-2] INFO  client.GrpcClientProtocolClient (GrpcClientProtocolClient.java:onNext(264)) - client-734BBEB428D7->a5e38e3e-c2ad-4348-acb9-3fc25cfb14dd: receive RaftClientReply:client-734BBEB428D7->a5e38e3e-c2ad-4348-acb9-3fc25cfb14dd@group-7000B19605CB, cid=1482, SUCCESS, logIndex=2121, commits[a5e38e3e-c2ad-4348-acb9-3fc25cfb14dd:c2122, 11e48d46-e648-47f9-b6a0-9c7f26654c28:c2118, d1b6a90e-e817-40a7-bec1-608b5cc7d8b6:c2118]
2019-09-11 04:25:57,578 [grpc-default-executor-2] INFO  client.GrpcClientProtocolClient (GrpcClientProtocolClient.java:onNext(264)) - client-734BBEB428D7->a5e38e3e-c2ad-4348-acb9-3fc25cfb14dd: receive RaftClientReply:client-734BBEB428D7->a5e38e3e-c2ad-4348-acb9-3fc25cfb14dd@group-7000B19605CB, cid=1483, SUCCESS, logIndex=2122, commits[a5e38e3e-c2ad-4348-acb9-3fc25cfb14dd:c2122, 11e48d46-e648-47f9-b6a0-9c7f26654c28:c2118, d1b6a90e-e817-40a7-bec1-608b5cc7d8b6:c2118]
2019-09-11 04:25:57,579 [grpc-default-executor-1] INFO  client.GrpcClientProtocolClient (GrpcClientProtocolClient.java:onNext(264)) - client-734BBEB428D7->a5e38e3e-c2ad-4348-acb9-3fc25cfb14dd: receive RaftClientReply:client-734BBEB428D7->a5e38e3e-c2ad-4348-acb9-3fc25cfb14dd@group-7000B19605CB, cid=1484, SUCCESS, logIndex=0, commits[a5e38e3e-c2ad-4348-acb9-3fc25cfb14dd:c2124, 11e48d46-e648-47f9-b6a0-9c7f26654c28:c2120, d1b6a90e-e817-40a7-bec1-608b5cc7d8b6:c2120]
2019-09-11 04:25:57,597 [grpc-default-executor-1] INFO  client.GrpcClientProtocolClient (GrpcClientProtocolClient.java:onNext(264)) - client-734BBEB428D7->a5e38e3e-c2ad-4348-acb9-3fc25cfb14dd: receive RaftClientReply:client-734BBEB428D7->a5e38e3e-c2ad-4348-acb9-3fc25cfb14dd@group-7000B19605CB, cid=1485, SUCCESS, logIndex=2127, commits[a5e38e3e-c2ad-4348-acb9-3fc25cfb14dd:c2128, 11e48d46-e648-47f9-b6a0-9c7f26654c28:c2126, d1b6a90e-e817-40a7-bec1-608b5cc7d8b6:c2126]
2019-09-11 04:25:57,598 [grpc-default-executor-1] INFO  client.GrpcClientProtocolClient (GrpcClientProtocolClient.java:onNext(264)) - client-734BBEB428D7->a5e38e3e-c2ad-4348-acb9-3fc25cfb14dd: receive RaftClientReply:client-734BBEB428D7->a5e38e3e-c2ad-4348-acb9-3fc25cfb14dd@group-7000B19605CB, cid=1486, SUCCESS, logIndex=2128, commits[a5e38e3e-c2ad-4348-acb9-3fc25cfb14dd:c2128, 11e48d46-e648-47f9-b6a0-9c7f26654c28:c2126, d1b6a90e-e817-40a7-bec1-608b5cc7d8b6:c2126]
2019-09-11 04:25:57,610 [grpc-default-executor-1] INFO  client.GrpcClientProtocolClient (GrpcClientProtocolClient.java:onNext(264)) - client-734BBEB428D7->a5e38e3e-c2ad-4348-acb9-3fc25cfb14dd: receive RaftClientReply:client-734BBEB428D7->a5e38e3e-c2ad-4348-acb9-3fc25cfb14dd@group-7000B19605CB, cid=1487, SUCCESS, logIndex=2131, commits[a5e38e3e-c2ad-4348-acb9-3fc25cfb14dd:c2132, 11e48d46-e648-47f9-b6a0-9c7f26654c28:c2128, d1b6a90e-e817-40a7-bec1-608b5cc7d8b6:c2128]
2019-09-11 04:25:57,611 [grpc-default-executor-1] INFO  client.GrpcClientProtocolClient (GrpcClientProtocolClient.java:onNext(264)) - client-734BBEB428D7->a5e38e3e-c2ad-4348-acb9-3fc25cfb14dd: receive RaftClientReply:client-734BBEB428D7->a5e38e3e-c2ad-4348-acb9-3fc25cfb14dd@group-7000B19605CB, cid=1488, SUCCESS, logIndex=2132, commits[a5e38e3e-c2ad-4348-acb9-3fc25cfb14dd:c2132, 11e48d46-e648-47f9-b6a0-9c7f26654c28:c2128, d1b6a90e-e817-40a7-bec1-608b5cc7d8b6:c2128]
2019-09-11 04:25:57,622 [grpc-default-executor-1] INFO  client.GrpcClientProtocolClient (GrpcClientProtocolClient.java:onNext(264)) - client-734BBEB428D7->a5e38e3e-c2ad-4348-acb9-3fc25cfb14dd: receive RaftClientReply:client-734BBEB428D7->a5e38e3e-c2ad-4348-acb9-3fc25cfb14dd@group-7000B19605CB, cid=1489, SUCCESS, logIndex=0, commits[a5e38e3e-c2ad-4348-acb9-3fc25cfb14dd:c2133, 11e48d46-e648-47f9-b6a0-9c7f26654c28:c2132, d1b6a90e-e817-40a7-bec1-608b5cc7d8b6:c2132]
2019-09-11 04:25:57,732 [grpc-default-executor-4] INFO  client.GrpcClientProtocolClient (GrpcClientProtocolClient.java:onNext(264)) - client-734BBEB428D7->a5e38e3e-c2ad-4348-acb9-3fc25cfb14dd: receive RaftClientReply:client-734BBEB428D7->a5e38e3e-c2ad-4348-acb9-3fc25cfb14dd@group-7000B19605CB, cid=1490, SUCCESS, logIndex=2135, commits[a5e38e3e-c2ad-4348-acb9-3fc25cfb14dd:c2136, 11e48d46-e648-47f9-b6a0-9c7f26654c28:c2134, d1b6a90e-e817-40a7-bec1-608b5cc7d8b6:c2134]
2019-09-11 04:25:57,732 [grpc-default-executor-4] INFO  client.GrpcClientProtocolClient (GrpcClientProtocolClient.java:onNext(264)) - client-734BBEB428D7->a5e38e3e-c2ad-4348-acb9-3fc25cfb14dd: receive RaftClientReply:client-734BBEB428D7->a5e38e3e-c2ad-4348-acb9-3fc25cfb14dd@group-7000B19605CB, cid=1491, SUCCESS, logIndex=2136, commits[a5e38e3e-c2ad-4348-acb9-3fc25cfb14dd:c2138, 11e48d46-e648-47f9-b6a0-9c7f26654c28:c2134, d1b6a90e-e817-40a7-bec1-608b5cc7d8b6:c2134]
2019-09-11 04:25:57,733 [grpc-default-executor-4] INFO  client.GrpcClientProtocolClient (GrpcClientProtocolClient.java:onNext(264)) - client-734BBEB428D7->a5e38e3e-c2ad-4348-acb9-3fc25cfb14dd: receive RaftClientReply:client-734BBEB428D7->a5e38e3e-c2ad-4348-acb9-3fc25cfb14dd@group-7000B19605CB, cid=1492, SUCCESS, logIndex=2137, commits[a5e38e3e-c2ad-4348-acb9-3fc25cfb14dd:c2138, 11e48d46-e648-47f9-b6a0-9c7f26654c28:c2134, d1b6a90e-e817-40a7-bec1-608b5cc7d8b6:c2134]
2019-09-11 04:25:57,733 [grpc-default-executor-4] INFO  client.GrpcClientProtocolClient (GrpcClientProtocolClient.java:onNext(264)) - client-734BBEB428D7->a5e38e3e-c2ad-4348-acb9-3fc25cfb14dd: receive RaftClientReply:client-734BBEB428D7->a5e38e3e-c2ad-4348-acb9-3fc25cfb14dd@group-7000B19605CB, cid=1493, SUCCESS, logIndex=2138, commits[a5e38e3e-c2ad-4348-acb9-3fc25cfb14dd:c2138, 11e48d46-e648-47f9-b6a0-9c7f26654c28:c2134, d1b6a90e-e817-40a7-bec1-608b5cc7d8b6:c2134]
2019-09-11 04:25:57,734 [grpc-default-executor-2] INFO  client.GrpcClientProtocolClient (GrpcClientProtocolClient.java:onNext(264)) - client-734BBEB428D7->a5e38e3e-c2ad-4348-acb9-3fc25cfb14dd: receive RaftClientReply:client-734BBEB428D7->a5e38e3e-c2ad-4348-acb9-3fc25cfb14dd@group-7000B19605CB, cid=1494, SUCCESS, logIndex=0, commits[a5e38e3e-c2ad-4348-acb9-3fc25cfb14dd:c2141, 11e48d46-e648-47f9-b6a0-9c7f26654c28:c2138, d1b6a90e-e817-40a7-bec1-608b5cc7d8b6:c2136]
2019-09-11 04:25:57,754 [grpc-default-executor-2] INFO  client.GrpcClientProtocolClient (GrpcClientProtocolClient.java:onNext(264)) - client-734BBEB428D7->a5e38e3e-c2ad-4348-acb9-3fc25cfb14dd: receive RaftClientReply:client-734BBEB428D7->a5e38e3e-c2ad-4348-acb9-3fc25cfb14dd@group-7000B19605CB, cid=1495, SUCCESS, logIndex=2143, commits[a5e38e3e-c2ad-4348-acb9-3fc25cfb14dd:c2144, 11e48d46-e648-47f9-b6a0-9c7f26654c28:c2142, d1b6a90e-e817-40a7-bec1-608b5cc7d8b6:c2142]
2019-09-11 04:25:57,754 [grpc-default-executor-2] INFO  client.GrpcClientProtocolClient (GrpcClientProtocolClient.java:onNext(264)) - client-734BBEB428D7->a5e38e3e-c2ad-4348-acb9-3fc25cfb14dd: receive RaftClientReply:client-734BBEB428D7->a5e38e3e-c2ad-4348-acb9-3fc25cfb14dd@group-7000B19605CB, cid=1496, SUCCESS, logIndex=2144, commits[a5e38e3e-c2ad-4348-acb9-3fc25cfb14dd:c2144, 11e48d46-e648-47f9-b6a0-9c7f26654c28:c2142, d1b6a90e-e817-40a7-bec1-608b5cc7d8b6:c2142]
2019-09-11 04:25:57,767 [grpc-default-executor-4] INFO  client.GrpcClientProtocolClient (GrpcClientProtocolClient.java:onNext(264)) - client-734BBEB428D7->a5e38e3e-c2ad-4348-acb9-3fc25cfb14dd: receive RaftClientReply:client-734BBEB428D7->a5e38e3e-c2ad-4348-acb9-3fc25cfb14dd@group-7000B19605CB, cid=1497, SUCCESS, logIndex=2147, commits[a5e38e3e-c2ad-4348-acb9-3fc25cfb14dd:c2148, 11e48d46-e648-47f9-b6a0-9c7f26654c28:c2144, d1b6a90e-e817-40a7-bec1-608b5cc7d8b6:c2144]
2019-09-11 04:25:57,767 [grpc-default-executor-4] INFO  client.GrpcClientProtocolClient (GrpcClientProtocolClient.java:onNext(264)) - client-734BBEB428D7->a5e38e3e-c2ad-4348-acb9-3fc25cfb14dd: receive RaftClientReply:client-734BBEB428D7->a5e38e3e-c2ad-4348-acb9-3fc25cfb14dd@group-7000B19605CB, cid=1498, SUCCESS, logIndex=2148, commits[a5e38e3e-c2ad-4348-acb9-3fc25cfb14dd:c2148, 11e48d46-e648-47f9-b6a0-9c7f26654c28:c2144, d1b6a90e-e817-40a7-bec1-608b5cc7d8b6:c2144]
2019-09-11 04:25:57,779 [grpc-default-executor-4] INFO  client.GrpcClientProtocolClient (GrpcClientProtocolClient.java:onNext(264)) - client-734BBEB428D7->a5e38e3e-c2ad-4348-acb9-3fc25cfb14dd: receive RaftClientReply:client-734BBEB428D7->a5e38e3e-c2ad-4348-acb9-3fc25cfb14dd@group-7000B19605CB, cid=1499, SUCCESS, logIndex=0, commits[a5e38e3e-c2ad-4348-acb9-3fc25cfb14dd:c2150, 11e48d46-e648-47f9-b6a0-9c7f26654c28:c2148, d1b6a90e-e817-40a7-bec1-608b5cc7d8b6:c2148]
2019-09-11 04:25:57,804 [grpc-default-executor-2] INFO  client.GrpcClientProtocolClient (GrpcClientProtocolClient.java:onNext(264)) - client-734BBEB428D7->a5e38e3e-c2ad-4348-acb9-3fc25cfb14dd: receive RaftClientReply:client-734BBEB428D7->a5e38e3e-c2ad-4348-acb9-3fc25cfb14dd@group-7000B19605CB, cid=1500, SUCCESS, logIndex=2151, commits[a5e38e3e-c2ad-4348-acb9-3fc25cfb14dd:c2151, 11e48d46-e648-47f9-b6a0-9c7f26654c28:c2150, d1b6a90e-e817-40a7-bec1-608b5cc7d8b6:c2150]
2019-09-11 04:25:57,805 [grpc-default-executor-2] INFO  client.GrpcClientProtocolClient (GrpcClientProtocolClient.java:onNext(264)) - client-734BBEB428D7->a5e38e3e-c2ad-4348-acb9-3fc25cfb14dd: receive RaftClientReply:client-734BBEB428D7->a5e38e3e-c2ad-4348-acb9-3fc25cfb14dd@group-7000B19605CB, cid=1501, SUCCESS, logIndex=2152, commits[a5e38e3e-c2ad-4348-acb9-3fc25cfb14dd:c2154, 11e48d46-e648-47f9-b6a0-9c7f26654c28:c2150, d1b6a90e-e817-40a7-bec1-608b5cc7d8b6:c2150]
2019-09-11 04:25:57,805 [grpc-default-executor-2] INFO  client.GrpcClientProtocolClient (GrpcClientProtocolClient.java:onNext(264)) - client-734BBEB428D7->a5e38e3e-c2ad-4348-acb9-3fc25cfb14dd: receive RaftClientReply:client-734BBEB428D7->a5e38e3e-c2ad-4348-acb9-3fc25cfb14dd@group-7000B19605CB, cid=1502, SUCCESS, logIndex=2153, commits[a5e38e3e-c2ad-4348-acb9-3fc25cfb14dd:c2154, 11e48d46-e648-47f9-b6a0-9c7f26654c28:c2150, d1b6a90e-e817-40a7-bec1-608b5cc7d8b6:c2150]
2019-09-11 04:25:57,805 [grpc-default-executor-2] INFO  client.GrpcClientProtocolClient (GrpcClientProtocolClient.java:onNext(264)) - client-734BBEB428D7->a5e38e3e-c2ad-4348-acb9-3fc25cfb14dd: receive RaftClientReply:client-734BBEB428D7->a5e38e3e-c2ad-4348-acb9-3fc25cfb14dd@group-7000B19605CB, cid=1503, SUCCESS, logIndex=2154, commits[a5e38e3e-c2ad-4348-acb9-3fc25cfb14dd:c2155, 11e48d46-e648-47f9-b6a0-9c7f26654c28:c2151, d1b6a90e-e817-40a7-bec1-608b5cc7d8b6:c2150]
2019-09-11 04:25:57,807 [grpc-default-executor-2] INFO  client.GrpcClientProtocolClient (GrpcClientProtocolClient.java:onNext(264)) - client-734BBEB428D7->a5e38e3e-c2ad-4348-acb9-3fc25cfb14dd: receive RaftClientReply:client-734BBEB428D7->a5e38e3e-c2ad-4348-acb9-3fc25cfb14dd@group-7000B19605CB, cid=1504, SUCCESS, logIndex=0, commits[a5e38e3e-c2ad-4348-acb9-3fc25cfb14dd:c2156, 11e48d46-e648-47f9-b6a0-9c7f26654c28:c2153, d1b6a90e-e817-40a7-bec1-608b5cc7d8b6:c2152]
2019-09-11 04:25:57,825 [grpc-default-executor-4] INFO  client.GrpcClientProtocolClient (GrpcClientProtocolClient.java:onNext(264)) - client-734BBEB428D7->a5e38e3e-c2ad-4348-acb9-3fc25cfb14dd: receive RaftClientReply:client-734BBEB428D7->a5e38e3e-c2ad-4348-acb9-3fc25cfb14dd@group-7000B19605CB, cid=1505, SUCCESS, logIndex=2159, commits[a5e38e3e-c2ad-4348-acb9-3fc25cfb14dd:c2160, 11e48d46-e648-47f9-b6a0-9c7f26654c28:c2158, d1b6a90e-e817-40a7-bec1-608b5cc7d8b6:c2158]
2019-09-11 04:25:57,825 [grpc-default-executor-4] INFO  client.GrpcClientProtocolClient (GrpcClientProtocolClient.java:onNext(264)) - client-734BBEB428D7->a5e38e3e-c2ad-4348-acb9-3fc25cfb14dd: receive RaftClientReply:client-734BBEB428D7->a5e38e3e-c2ad-4348-acb9-3fc25cfb14dd@group-7000B19605CB, cid=1506, SUCCESS, logIndex=2160, commits[a5e38e3e-c2ad-4348-acb9-3fc25cfb14dd:c2160, 11e48d46-e648-47f9-b6a0-9c7f26654c28:c2158, d1b6a90e-e817-40a7-bec1-608b5cc7d8b6:c2158]
2019-09-11 04:25:57,852 [grpc-default-executor-1] INFO  client.GrpcClientProtocolClient (GrpcClientProtocolClient.java:onNext(264)) - client-734BBEB428D7->a5e38e3e-c2ad-4348-acb9-3fc25cfb14dd: receive RaftClientReply:client-734BBEB428D7->a5e38e3e-c2ad-4348-acb9-3fc25cfb14dd@group-7000B19605CB, cid=1507, SUCCESS, logIndex=2163, commits[a5e38e3e-c2ad-4348-acb9-3fc25cfb14dd:c2164, 11e48d46-e648-47f9-b6a0-9c7f26654c28:c2160, d1b6a90e-e817-40a7-bec1-608b5cc7d8b6:c2160]
2019-09-11 04:25:57,853 [grpc-default-executor-1] INFO  client.GrpcClientProtocolClient (GrpcClientProtocolClient.java:onNext(264)) - client-734BBEB428D7->a5e38e3e-c2ad-4348-acb9-3fc25cfb14dd: receive RaftClientReply:client-734BBEB428D7->a5e38e3e-c2ad-4348-acb9-3fc25cfb14dd@group-7000B19605CB, cid=1508, SUCCESS, logIndex=2164, commits[a5e38e3e-c2ad-4348-acb9-3fc25cfb14dd:c2164, 11e48d46-e648-47f9-b6a0-9c7f26654c28:c2160, d1b6a90e-e817-40a7-bec1-608b5cc7d8b6:c2160]
2019-09-11 04:25:57,864 [grpc-default-executor-2] INFO  client.GrpcClientProtocolClient (GrpcClientProtocolClient.java:onNext(264)) - client-734BBEB428D7->a5e38e3e-c2ad-4348-acb9-3fc25cfb14dd: receive RaftClientReply:client-734BBEB428D7->a5e38e3e-c2ad-4348-acb9-3fc25cfb14dd@group-7000B19605CB, cid=1509, SUCCESS, logIndex=0, commits[a5e38e3e-c2ad-4348-acb9-3fc25cfb14dd:c2166, 11e48d46-e648-47f9-b6a0-9c7f26654c28:c2164, d1b6a90e-e817-40a7-bec1-608b5cc7d8b6:c2164]
2019-09-11 04:25:57,889 [grpc-default-executor-0] INFO  client.GrpcClientProtocolClient (GrpcClientProtocolClient.java:onNext(264)) - client-734BBEB428D7->a5e38e3e-c2ad-4348-acb9-3fc25cfb14dd: receive RaftClientReply:client-734BBEB428D7->a5e38e3e-c2ad-4348-acb9-3fc25cfb14dd@group-7000B19605CB, cid=1510, SUCCESS, logIndex=2167, commits[a5e38e3e-c2ad-4348-acb9-3fc25cfb14dd:c2169, 11e48d46-e648-47f9-b6a0-9c7f26654c28:c2166, d1b6a90e-e817-40a7-bec1-608b5cc7d8b6:c2166]
2019-09-11 04:25:57,889 [grpc-default-executor-0] INFO  client.GrpcClientProtocolClient (GrpcClientProtocolClient.java:onNext(264)) - client-734BBEB428D7->a5e38e3e-c2ad-4348-acb9-3fc25cfb14dd: receive RaftClientReply:client-734BBEB428D7->a5e38e3e-c2ad-4348-acb9-3fc25cfb14dd@group-7000B19605CB, cid=1511, SUCCESS, logIndex=2168, commits[a5e38e3e-c2ad-4348-acb9-3fc25cfb14dd:c2170, 11e48d46-e648-47f9-b6a0-9c7f26654c28:c2166, d1b6a90e-e817-40a7-bec1-608b5cc7d8b6:c2166]
2019-09-11 04:25:57,889 [grpc-default-executor-0] INFO  client.GrpcClientProtocolClient (GrpcClientProtocolClient.java:onNext(264)) - client-734BBEB428D7->a5e38e3e-c2ad-4348-acb9-3fc25cfb14dd: receive RaftClientReply:client-734BBEB428D7->a5e38e3e-c2ad-4348-acb9-3fc25cfb14dd@group-7000B19605CB, cid=1512, SUCCESS, logIndex=2169, commits[a5e38e3e-c2ad-4348-acb9-3fc25cfb14dd:c2170, 11e48d46-e648-47f9-b6a0-9c7f26654c28:c2166, d1b6a90e-e817-40a7-bec1-608b5cc7d8b6:c2166]
2019-09-11 04:25:57,890 [grpc-default-executor-0] INFO  client.GrpcClientProtocolClient (GrpcClientProtocolClient.java:onNext(264)) - client-734BBEB428D7->a5e38e3e-c2ad-4348-acb9-3fc25cfb14dd: receive RaftClientReply:client-734BBEB428D7->a5e38e3e-c2ad-4348-acb9-3fc25cfb14dd@group-7000B19605CB, cid=1513, SUCCESS, logIndex=2170, commits[a5e38e3e-c2ad-4348-acb9-3fc25cfb14dd:c2170, 11e48d46-e648-47f9-b6a0-9c7f26654c28:c2166, d1b6a90e-e817-40a7-bec1-608b5cc7d8b6:c2166]
2019-09-11 04:25:57,891 [grpc-default-executor-2] INFO  client.GrpcClientProtocolClient (GrpcClientProtocolClient.java:onNext(264)) - client-734BBEB428D7->a5e38e3e-c2ad-4348-acb9-3fc25cfb14dd: receive RaftClientReply:client-734BBEB428D7->a5e38e3e-c2ad-4348-acb9-3fc25cfb14dd@group-7000B19605CB, cid=1514, SUCCESS, logIndex=0, commits[a5e38e3e-c2ad-4348-acb9-3fc25cfb14dd:c2174, 11e48d46-e648-47f9-b6a0-9c7f26654c28:c2170, d1b6a90e-e817-40a7-bec1-608b5cc7d8b6:c2168]
2019-09-11 04:25:57,909 [grpc-default-executor-2] INFO  client.GrpcClientProtocolClient (GrpcClientProtocolClient.java:onNext(264)) - client-734BBEB428D7->a5e38e3e-c2ad-4348-acb9-3fc25cfb14dd: receive RaftClientReply:client-734BBEB428D7->a5e38e3e-c2ad-4348-acb9-3fc25cfb14dd@group-7000B19605CB, cid=1515, SUCCESS, logIndex=2175, commits[a5e38e3e-c2ad-4348-acb9-3fc25cfb14dd:c2176, 11e48d46-e648-47f9-b6a0-9c7f26654c28:c2174, d1b6a90e-e817-40a7-bec1-608b5cc7d8b6:c2174]
2019-09-11 04:25:57,910 [grpc-default-executor-2] INFO  client.GrpcClientProtocolClient (GrpcClientProtocolClient.java:onNext(264)) - client-734BBEB428D7->a5e38e3e-c2ad-4348-acb9-3fc25cfb14dd: receive RaftClientReply:client-734BBEB428D7->a5e38e3e-c2ad-4348-acb9-3fc25cfb14dd@group-7000B19605CB, cid=1516, SUCCESS, logIndex=2176, commits[a5e38e3e-c2ad-4348-acb9-3fc25cfb14dd:c2176, 11e48d46-e648-47f9-b6a0-9c7f26654c28:c2174, d1b6a90e-e817-40a7-bec1-608b5cc7d8b6:c2174]
2019-09-11 04:25:57,921 [grpc-default-executor-2] INFO  client.GrpcClientProtocolClient (GrpcClientProtocolClient.java:onNext(264)) - client-734BBEB428D7->a5e38e3e-c2ad-4348-acb9-3fc25cfb14dd: receive RaftClientReply:client-734BBEB428D7->a5e38e3e-c2ad-4348-acb9-3fc25cfb14dd@group-7000B19605CB, cid=1517, SUCCESS, logIndex=2179, commits[a5e38e3e-c2ad-4348-acb9-3fc25cfb14dd:c2180, 11e48d46-e648-47f9-b6a0-9c7f26654c28:c2176, d1b6a90e-e817-40a7-bec1-608b5cc7d8b6:c2176]
2019-09-11 04:25:57,921 [grpc-default-executor-2] INFO  client.GrpcClientProtocolClient (GrpcClientProtocolClient.java:onNext(264)) - client-734BBEB428D7->a5e38e3e-c2ad-4348-acb9-3fc25cfb14dd: receive RaftClientReply:client-734BBEB428D7->a5e38e3e-c2ad-4348-acb9-3fc25cfb14dd@group-7000B19605CB, cid=1518, SUCCESS, logIndex=2180, commits[a5e38e3e-c2ad-4348-acb9-3fc25cfb14dd:c2180, 11e48d46-e648-47f9-b6a0-9c7f26654c28:c2176, d1b6a90e-e817-40a7-bec1-608b5cc7d8b6:c2176]
2019-09-11 04:25:57,932 [grpc-default-executor-2] INFO  client.GrpcClientProtocolClient (GrpcClientProtocolClient.java:onNext(264)) - client-734BBEB428D7->a5e38e3e-c2ad-4348-acb9-3fc25cfb14dd: receive RaftClientReply:client-734BBEB428D7->a5e38e3e-c2ad-4348-acb9-3fc25cfb14dd@group-7000B19605CB, cid=1519, SUCCESS, logIndex=0, commits[a5e38e3e-c2ad-4348-acb9-3fc25cfb14dd:c2182, 11e48d46-e648-47f9-b6a0-9c7f26654c28:c2180, d1b6a90e-e817-40a7-bec1-608b5cc7d8b6:c2180]
2019-09-11 04:25:57,953 [grpc-default-executor-2] INFO  client.GrpcClientProtocolClient (GrpcClientProtocolClient.java:onNext(264)) - client-734BBEB428D7->a5e38e3e-c2ad-4348-acb9-3fc25cfb14dd: receive RaftClientReply:client-734BBEB428D7->a5e38e3e-c2ad-4348-acb9-3fc25cfb14dd@group-7000B19605CB, cid=1520, SUCCESS, logIndex=2183, commits[a5e38e3e-c2ad-4348-acb9-3fc25cfb14dd:c2184, 11e48d46-e648-47f9-b6a0-9c7f26654c28:c2182, d1b6a90e-e817-40a7-bec1-608b5cc7d8b6:c2182]
2019-09-11 04:25:57,953 [grpc-default-executor-2] INFO  client.GrpcClientProtocolClient (GrpcClientProtocolClient.java:onNext(264)) - client-734BBEB428D7->a5e38e3e-c2ad-4348-acb9-3fc25cfb14dd: receive RaftClientReply:client-734BBEB428D7->a5e38e3e-c2ad-4348-acb9-3fc25cfb14dd@group-7000B19605CB, cid=1521, SUCCESS, logIndex=2184, commits[a5e38e3e-c2ad-4348-acb9-3fc25cfb14dd:c2184, 11e48d46-e648-47f9-b6a0-9c7f26654c28:c2182, d1b6a90e-e817-40a7-bec1-608b5cc7d8b6:c2182]
2019-09-11 04:25:57,954 [grpc-default-executor-4] INFO  client.GrpcClientProtocolClient (GrpcClientProtocolClient.java:onNext(264)) - client-734BBEB428D7->a5e38e3e-c2ad-4348-acb9-3fc25cfb14dd: receive RaftClientReply:client-734BBEB428D7->a5e38e3e-c2ad-4348-acb9-3fc25cfb14dd@group-7000B19605CB, cid=1522, SUCCESS, logIndex=2185, commits[a5e38e3e-c2ad-4348-acb9-3fc25cfb14dd:c2186, 11e48d46-e648-47f9-b6a0-9c7f26654c28:c2182, d1b6a90e-e817-40a7-bec1-608b5cc7d8b6:c2182]
2019-09-11 04:25:57,955 [grpc-default-executor-4] INFO  client.GrpcClientProtocolClient (GrpcClientProtocolClient.java:onNext(264)) - client-734BBEB428D7->a5e38e3e-c2ad-4348-acb9-3fc25cfb14dd: receive RaftClientReply:client-734BBEB428D7->a5e38e3e-c2ad-4348-acb9-3fc25cfb14dd@group-7000B19605CB, cid=1523, SUCCESS, logIndex=2186, commits[a5e38e3e-c2ad-4348-acb9-3fc25cfb14dd:c2186, 11e48d46-e648-47f9-b6a0-9c7f26654c28:c2182, d1b6a90e-e817-40a7-bec1-608b5cc7d8b6:c2182]
2019-09-11 04:25:57,956 [grpc-default-executor-0] INFO  client.GrpcClientProtocolClient (GrpcClientProtocolClient.java:onNext(264)) - client-734BBEB428D7->a5e38e3e-c2ad-4348-acb9-3fc25cfb14dd: receive RaftClientReply:client-734BBEB428D7->a5e38e3e-c2ad-4348-acb9-3fc25cfb14dd@group-7000B19605CB, cid=1524, SUCCESS, logIndex=0, commits[a5e38e3e-c2ad-4348-acb9-3fc25cfb14dd:c2188, 11e48d46-e648-47f9-b6a0-9c7f26654c28:c2184, d1b6a90e-e817-40a7-bec1-608b5cc7d8b6:c2184]
2019-09-11 04:25:57,982 [grpc-default-executor-4] INFO  client.GrpcClientProtocolClient (GrpcClientProtocolClient.java:onNext(264)) - client-734BBEB428D7->a5e38e3e-c2ad-4348-acb9-3fc25cfb14dd: receive RaftClientReply:client-734BBEB428D7->a5e38e3e-c2ad-4348-acb9-3fc25cfb14dd@group-7000B19605CB, cid=1525, SUCCESS, logIndex=2191, commits[a5e38e3e-c2ad-4348-acb9-3fc25cfb14dd:c2192, 11e48d46-e648-47f9-b6a0-9c7f26654c28:c2186, d1b6a90e-e817-40a7-bec1-608b5cc7d8b6:c2190]
2019-09-11 04:25:57,983 [grpc-default-executor-4] INFO  client.GrpcClientProtocolClient (GrpcClientProtocolClient.java:onNext(264)) - client-734BBEB428D7->a5e38e3e-c2ad-4348-acb9-3fc25cfb14dd: receive RaftClientReply:client-734BBEB428D7->a5e38e3e-c2ad-4348-acb9-3fc25cfb14dd@group-7000B19605CB, cid=1526, SUCCESS, logIndex=2192, commits[a5e38e3e-c2ad-4348-acb9-3fc25cfb14dd:c2192, 11e48d46-e648-47f9-b6a0-9c7f26654c28:c2190, d1b6a90e-e817-40a7-bec1-608b5cc7d8b6:c2190]
2019-09-11 04:25:57,995 [grpc-default-executor-0] INFO  client.GrpcClientProtocolClient (GrpcClientProtocolClient.java:onNext(264)) - client-734BBEB428D7->a5e38e3e-c2ad-4348-acb9-3fc25cfb14dd: receive RaftClientReply:client-734BBEB428D7->a5e38e3e-c2ad-4348-acb9-3fc25cfb14dd@group-7000B19605CB, cid=1527, SUCCESS, logIndex=2194, commits[a5e38e3e-c2ad-4348-acb9-3fc25cfb14dd:c2195, 11e48d46-e648-47f9-b6a0-9c7f26654c28:c2192, d1b6a90e-e817-40a7-bec1-608b5cc7d8b6:c2192]
2019-09-11 04:25:57,996 [grpc-default-executor-0] INFO  client.GrpcClientProtocolClient (GrpcClientProtocolClient.java:onNext(264)) - client-734BBEB428D7->a5e38e3e-c2ad-4348-acb9-3fc25cfb14dd: receive RaftClientReply:client-734BBEB428D7->a5e38e3e-c2ad-4348-acb9-3fc25cfb14dd@group-7000B19605CB, cid=1528, SUCCESS, logIndex=2195, commits[a5e38e3e-c2ad-4348-acb9-3fc25cfb14dd:c2195, 11e48d46-e648-47f9-b6a0-9c7f26654c28:c2192, d1b6a90e-e817-40a7-bec1-608b5cc7d8b6:c2192]
2019-09-11 04:25:58,008 [grpc-default-executor-4] INFO  client.GrpcClientProtocolClient (GrpcClientProtocolClient.java:onNext(264)) - client-734BBEB428D7->a5e38e3e-c2ad-4348-acb9-3fc25cfb14dd: receive RaftClientReply:client-734BBEB428D7->a5e38e3e-c2ad-4348-acb9-3fc25cfb14dd@group-7000B19605CB, cid=1529, SUCCESS, logIndex=0, commits[a5e38e3e-c2ad-4348-acb9-3fc25cfb14dd:c2197, 11e48d46-e648-47f9-b6a0-9c7f26654c28:c2195, d1b6a90e-e817-40a7-bec1-608b5cc7d8b6:c2195]
2019-09-11 04:25:58,037 [grpc-default-executor-4] INFO  client.GrpcClientProtocolClient (GrpcClientProtocolClient.java:onNext(264)) - client-734BBEB428D7->a5e38e3e-c2ad-4348-acb9-3fc25cfb14dd: receive RaftClientReply:client-734BBEB428D7->a5e38e3e-c2ad-4348-acb9-3fc25cfb14dd@group-7000B19605CB, cid=1530, SUCCESS, logIndex=2198, commits[a5e38e3e-c2ad-4348-acb9-3fc25cfb14dd:c2201, 11e48d46-e648-47f9-b6a0-9c7f26654c28:c2197, d1b6a90e-e817-40a7-bec1-608b5cc7d8b6:c2197]
2019-09-11 04:25:58,037 [grpc-default-executor-4] INFO  client.GrpcClientProtocolClient (GrpcClientProtocolClient.java:onNext(264)) - client-734BBEB428D7->a5e38e3e-c2ad-4348-acb9-3fc25cfb14dd: receive RaftClientReply:client-734BBEB428D7->a5e38e3e-c2ad-4348-acb9-3fc25cfb14dd@group-7000B19605CB, cid=1531, SUCCESS, logIndex=2199, commits[a5e38e3e-c2ad-4348-acb9-3fc25cfb14dd:c2201, 11e48d46-e648-47f9-b6a0-9c7f26654c28:c2197, d1b6a90e-e817-40a7-bec1-608b5cc7d8b6:c2197]
2019-09-11 04:25:58,038 [grpc-default-executor-4] INFO  client.GrpcClientProtocolClient (GrpcClientProtocolClient.java:onNext(264)) - client-734BBEB428D7->a5e38e3e-c2ad-4348-acb9-3fc25cfb14dd: receive RaftClientReply:client-734BBEB428D7->a5e38e3e-c2ad-4348-acb9-3fc25cfb14dd@group-7000B19605CB, cid=1532, SUCCESS, logIndex=2200, commits[a5e38e3e-c2ad-4348-acb9-3fc25cfb14dd:c2201, 11e48d46-e648-47f9-b6a0-9c7f26654c28:c2197, d1b6a90e-e817-40a7-bec1-608b5cc7d8b6:c2197]
2019-09-11 04:25:58,038 [grpc-default-executor-4] INFO  client.GrpcClientProtocolClient (GrpcClientProtocolClient.java:onNext(264)) - client-734BBEB428D7->a5e38e3e-c2ad-4348-acb9-3fc25cfb14dd: receive RaftClientReply:client-734BBEB428D7->a5e38e3e-c2ad-4348-acb9-3fc25cfb14dd@group-7000B19605CB, cid=1533, SUCCESS, logIndex=2201, commits[a5e38e3e-c2ad-4348-acb9-3fc25cfb14dd:c2201, 11e48d46-e648-47f9-b6a0-9c7f26654c28:c2197, d1b6a90e-e817-40a7-bec1-608b5cc7d8b6:c2197]
2019-09-11 04:25:58,048 [grpc-default-executor-4] INFO  client.GrpcClientProtocolClient (GrpcClientProtocolClient.java:onNext(264)) - client-734BBEB428D7->a5e38e3e-c2ad-4348-acb9-3fc25cfb14dd: receive RaftClientReply:client-734BBEB428D7->a5e38e3e-c2ad-4348-acb9-3fc25cfb14dd@group-7000B19605CB, cid=1534, SUCCESS, logIndex=0, commits[a5e38e3e-c2ad-4348-acb9-3fc25cfb14dd:c2202, 11e48d46-e648-47f9-b6a0-9c7f26654c28:c2199, d1b6a90e-e817-40a7-bec1-608b5cc7d8b6:c2199]
2019-09-11 04:25:58,067 [grpc-default-executor-4] INFO  client.GrpcClientProtocolClient (GrpcClientProtocolClient.java:onNext(264)) - client-734BBEB428D7->a5e38e3e-c2ad-4348-acb9-3fc25cfb14dd: receive RaftClientReply:client-734BBEB428D7->a5e38e3e-c2ad-4348-acb9-3fc25cfb14dd@group-7000B19605CB, cid=1535, SUCCESS, logIndex=2206, commits[a5e38e3e-c2ad-4348-acb9-3fc25cfb14dd:c2207, 11e48d46-e648-47f9-b6a0-9c7f26654c28:c2205, d1b6a90e-e817-40a7-bec1-608b5cc7d8b6:c2205]
2019-09-11 04:25:58,067 [grpc-default-executor-4] INFO  client.GrpcClientProtocolClient (GrpcClientProtocolClient.java:onNext(264)) - client-734BBEB428D7->a5e38e3e-c2ad-4348-acb9-3fc25cfb14dd: receive RaftClientReply:client-734BBEB428D7->a5e38e3e-c2ad-4348-acb9-3fc25cfb14dd@group-7000B19605CB, cid=1536, SUCCESS, logIndex=2207, commits[a5e38e3e-c2ad-4348-acb9-3fc25cfb14dd:c2207, 11e48d46-e648-47f9-b6a0-9c7f26654c28:c2205, d1b6a90e-e817-40a7-bec1-608b5cc7d8b6:c2205]
2019-09-11 04:25:58,080 [grpc-default-executor-0] INFO  client.GrpcClientProtocolClient (GrpcClientProtocolClient.java:onNext(264)) - client-734BBEB428D7->a5e38e3e-c2ad-4348-acb9-3fc25cfb14dd: receive RaftClientReply:client-734BBEB428D7->a5e38e3e-c2ad-4348-acb9-3fc25cfb14dd@group-7000B19605CB, cid=1537, SUCCESS, logIndex=2210, commits[a5e38e3e-c2ad-4348-acb9-3fc25cfb14dd:c2210, 11e48d46-e648-47f9-b6a0-9c7f26654c28:c2207, d1b6a90e-e817-40a7-bec1-608b5cc7d8b6:c2207]
2019-09-11 04:25:58,081 [grpc-default-executor-0] INFO  client.GrpcClientProtocolClient (GrpcClientProtocolClient.java:onNext(264)) - client-734BBEB428D7->a5e38e3e-c2ad-4348-acb9-3fc25cfb14dd: receive RaftClientReply:client-734BBEB428D7->a5e38e3e-c2ad-4348-acb9-3fc25cfb14dd@group-7000B19605CB, cid=1538, SUCCESS, logIndex=2211, commits[a5e38e3e-c2ad-4348-acb9-3fc25cfb14dd:c2211, 11e48d46-e648-47f9-b6a0-9c7f26654c28:c2207, d1b6a90e-e817-40a7-bec1-608b5cc7d8b6:c2207]
2019-09-11 04:25:58,093 [grpc-default-executor-0] INFO  client.GrpcClientProtocolClient (GrpcClientProtocolClient.java:onNext(264)) - client-734BBEB428D7->a5e38e3e-c2ad-4348-acb9-3fc25cfb14dd: receive RaftClientReply:client-734BBEB428D7->a5e38e3e-c2ad-4348-acb9-3fc25cfb14dd@group-7000B19605CB, cid=1539, SUCCESS, logIndex=0, commits[a5e38e3e-c2ad-4348-acb9-3fc25cfb14dd:c2213, 11e48d46-e648-47f9-b6a0-9c7f26654c28:c2211, d1b6a90e-e817-40a7-bec1-608b5cc7d8b6:c2211]
2019-09-11 04:25:58,119 [grpc-default-executor-2] INFO  client.GrpcClientProtocolClient (GrpcClientProtocolClient.java:onNext(264)) - client-734BBEB428D7->a5e38e3e-c2ad-4348-acb9-3fc25cfb14dd: receive RaftClientReply:client-734BBEB428D7->a5e38e3e-c2ad-4348-acb9-3fc25cfb14dd@group-7000B19605CB, cid=1540, SUCCESS, logIndex=2214, commits[a5e38e3e-c2ad-4348-acb9-3fc25cfb14dd:c2215, 11e48d46-e648-47f9-b6a0-9c7f26654c28:c2213, d1b6a90e-e817-40a7-bec1-608b5cc7d8b6:c2213]
2019-09-11 04:25:58,119 [grpc-default-executor-0] INFO  client.GrpcClientProtocolClient (GrpcClientProtocolClient.java:onNext(264)) - client-734BBEB428D7->a5e38e3e-c2ad-4348-acb9-3fc25cfb14dd: receive RaftClientReply:client-734BBEB428D7->a5e38e3e-c2ad-4348-acb9-3fc25cfb14dd@group-7000B19605CB, cid=1541, SUCCESS, logIndex=2215, commits[a5e38e3e-c2ad-4348-acb9-3fc25cfb14dd:c2215, 11e48d46-e648-47f9-b6a0-9c7f26654c28:c2213, d1b6a90e-e817-40a7-bec1-608b5cc7d8b6:c2213]
2019-09-11 04:25:58,120 [grpc-default-executor-0] INFO  client.GrpcClientProtocolClient (GrpcClientProtocolClient.java:onNext(264)) - client-734BBEB428D7->a5e38e3e-c2ad-4348-acb9-3fc25cfb14dd: receive RaftClientReply:client-734BBEB428D7->a5e38e3e-c2ad-4348-acb9-3fc25cfb14dd@group-7000B19605CB, cid=1542, SUCCESS, logIndex=2216, commits[a5e38e3e-c2ad-4348-acb9-3fc25cfb14dd:c2217, 11e48d46-e648-47f9-b6a0-9c7f26654c28:c2213, d1b6a90e-e817-40a7-bec1-608b5cc7d8b6:c2213]
2019-09-11 04:25:58,120 [grpc-default-executor-0] INFO  client.GrpcClientProtocolClient (GrpcClientProtocolClient.java:onNext(264)) - client-734BBEB428D7->a5e38e3e-c2ad-4348-acb9-3fc25cfb14dd: receive RaftClientReply:client-734BBEB428D7->a5e38e3e-c2ad-4348-acb9-3fc25cfb14dd@group-7000B19605CB, cid=1543, SUCCESS, logIndex=2217, commits[a5e38e3e-c2ad-4348-acb9-3fc25cfb14dd:c2217, 11e48d46-e648-47f9-b6a0-9c7f26654c28:c2213, d1b6a90e-e817-40a7-bec1-608b5cc7d8b6:c2213]
2019-09-11 04:25:58,121 [grpc-default-executor-0] INFO  client.GrpcClientProtocolClient (GrpcClientProtocolClient.java:onNext(264)) - client-734BBEB428D7->a5e38e3e-c2ad-4348-acb9-3fc25cfb14dd: receive RaftClientReply:client-734BBEB428D7->a5e38e3e-c2ad-4348-acb9-3fc25cfb14dd@group-7000B19605CB, cid=1544, SUCCESS, logIndex=0, commits[a5e38e3e-c2ad-4348-acb9-3fc25cfb14dd:c2219, 11e48d46-e648-47f9-b6a0-9c7f26654c28:c2215, d1b6a90e-e817-40a7-bec1-608b5cc7d8b6:c2215]
 0.00% |█                                                                                                    |  0/1 Time: 0:00:092019-09-11 04:25:58,140 [grpc-default-executor-2] INFO  client.GrpcClientProtocolClient (GrpcClientProtocolClient.java:onNext(264)) - client-734BBEB428D7->a5e38e3e-c2ad-4348-acb9-3fc25cfb14dd: receive RaftClientReply:client-734BBEB428D7->a5e38e3e-c2ad-4348-acb9-3fc25cfb14dd@group-7000B19605CB, cid=1545, SUCCESS, logIndex=2222, commits[a5e38e3e-c2ad-4348-acb9-3fc25cfb14dd:c2223, 11e48d46-e648-47f9-b6a0-9c7f26654c28:c2221, d1b6a90e-e817-40a7-bec1-608b5cc7d8b6:c2221]
2019-09-11 04:25:58,140 [grpc-default-executor-2] INFO  client.GrpcClientProtocolClient (GrpcClientProtocolClient.java:onNext(264)) - client-734BBEB428D7->a5e38e3e-c2ad-4348-acb9-3fc25cfb14dd: receive RaftClientReply:client-734BBEB428D7->a5e38e3e-c2ad-4348-acb9-3fc25cfb14dd@group-7000B19605CB, cid=1546, SUCCESS, logIndex=2223, commits[a5e38e3e-c2ad-4348-acb9-3fc25cfb14dd:c2223, 11e48d46-e648-47f9-b6a0-9c7f26654c28:c2221, d1b6a90e-e817-40a7-bec1-608b5cc7d8b6:c2221]
2019-09-11 04:25:58,153 [grpc-default-executor-2] INFO  client.GrpcClientProtocolClient (GrpcClientProtocolClient.java:onNext(264)) - client-734BBEB428D7->a5e38e3e-c2ad-4348-acb9-3fc25cfb14dd: receive RaftClientReply:client-734BBEB428D7->a5e38e3e-c2ad-4348-acb9-3fc25cfb14dd@group-7000B19605CB, cid=1547, SUCCESS, logIndex=2226, commits[a5e38e3e-c2ad-4348-acb9-3fc25cfb14dd:c2227, 11e48d46-e648-47f9-b6a0-9c7f26654c28:c2223, d1b6a90e-e817-40a7-bec1-608b5cc7d8b6:c2223]
2019-09-11 04:25:58,154 [grpc-default-executor-2] INFO  client.GrpcClientProtocolClient (GrpcClientProtocolClient.java:onNext(264)) - client-734BBEB428D7->a5e38e3e-c2ad-4348-acb9-3fc25cfb14dd: receive RaftClientReply:client-734BBEB428D7->a5e38e3e-c2ad-4348-acb9-3fc25cfb14dd@group-7000B19605CB, cid=1548, SUCCESS, logIndex=2227, commits[a5e38e3e-c2ad-4348-acb9-3fc25cfb14dd:c2227, 11e48d46-e648-47f9-b6a0-9c7f26654c28:c2223, d1b6a90e-e817-40a7-bec1-608b5cc7d8b6:c2223]
2019-09-11 04:25:58,164 [grpc-default-executor-2] INFO  client.GrpcClientProtocolClient (GrpcClientProtocolClient.java:onNext(264)) - client-734BBEB428D7->a5e38e3e-c2ad-4348-acb9-3fc25cfb14dd: receive RaftClientReply:client-734BBEB428D7->a5e38e3e-c2ad-4348-acb9-3fc25cfb14dd@group-7000B19605CB, cid=1549, SUCCESS, logIndex=0, commits[a5e38e3e-c2ad-4348-acb9-3fc25cfb14dd:c2228, 11e48d46-e648-47f9-b6a0-9c7f26654c28:c2227, d1b6a90e-e817-40a7-bec1-608b5cc7d8b6:c2227]
2019-09-11 04:25:58,187 [grpc-default-executor-2] INFO  client.GrpcClientProtocolClient (GrpcClientProtocolClient.java:onNext(264)) - client-734BBEB428D7->a5e38e3e-c2ad-4348-acb9-3fc25cfb14dd: receive RaftClientReply:client-734BBEB428D7->a5e38e3e-c2ad-4348-acb9-3fc25cfb14dd@group-7000B19605CB, cid=1550, SUCCESS, logIndex=2230, commits[a5e38e3e-c2ad-4348-acb9-3fc25cfb14dd:c2230, 11e48d46-e648-47f9-b6a0-9c7f26654c28:c2229, d1b6a90e-e817-40a7-bec1-608b5cc7d8b6:c2229]
2019-09-11 04:25:58,187 [grpc-default-executor-2] INFO  client.GrpcClientProtocolClient (GrpcClientProtocolClient.java:onNext(264)) - client-734BBEB428D7->a5e38e3e-c2ad-4348-acb9-3fc25cfb14dd: receive RaftClientReply:client-734BBEB428D7->a5e38e3e-c2ad-4348-acb9-3fc25cfb14dd@group-7000B19605CB, cid=1551, SUCCESS, logIndex=2231, commits[a5e38e3e-c2ad-4348-acb9-3fc25cfb14dd:c2233, 11e48d46-e648-47f9-b6a0-9c7f26654c28:c2229, d1b6a90e-e817-40a7-bec1-608b5cc7d8b6:c2229]
2019-09-11 04:25:58,188 [grpc-default-executor-2] INFO  client.GrpcClientProtocolClient (GrpcClientProtocolClient.java:onNext(264)) - client-734BBEB428D7->a5e38e3e-c2ad-4348-acb9-3fc25cfb14dd: receive RaftClientReply:client-734BBEB428D7->a5e38e3e-c2ad-4348-acb9-3fc25cfb14dd@group-7000B19605CB, cid=1552, SUCCESS, logIndex=2232, commits[a5e38e3e-c2ad-4348-acb9-3fc25cfb14dd:c2233, 11e48d46-e648-47f9-b6a0-9c7f26654c28:c2229, d1b6a90e-e817-40a7-bec1-608b5cc7d8b6:c2229]
2019-09-11 04:25:58,188 [grpc-default-executor-2] INFO  client.GrpcClientProtocolClient (GrpcClientProtocolClient.java:onNext(264)) - client-734BBEB428D7->a5e38e3e-c2ad-4348-acb9-3fc25cfb14dd: receive RaftClientReply:client-734BBEB428D7->a5e38e3e-c2ad-4348-acb9-3fc25cfb14dd@group-7000B19605CB, cid=1553, SUCCESS, logIndex=2233, commits[a5e38e3e-c2ad-4348-acb9-3fc25cfb14dd:c2233, 11e48d46-e648-47f9-b6a0-9c7f26654c28:c2229, d1b6a90e-e817-40a7-bec1-608b5cc7d8b6:c2229]
2019-09-11 04:25:58,190 [grpc-default-executor-2] INFO  client.GrpcClientProtocolClient (GrpcClientProtocolClient.java:onNext(264)) - client-734BBEB428D7->a5e38e3e-c2ad-4348-acb9-3fc25cfb14dd: receive RaftClientReply:client-734BBEB428D7->a5e38e3e-c2ad-4348-acb9-3fc25cfb14dd@group-7000B19605CB, cid=1554, SUCCESS, logIndex=0, commits[a5e38e3e-c2ad-4348-acb9-3fc25cfb14dd:c2236, 11e48d46-e648-47f9-b6a0-9c7f26654c28:c2233, d1b6a90e-e817-40a7-bec1-608b5cc7d8b6:c2233]
2019-09-11 04:25:58,208 [grpc-default-executor-1] INFO  client.GrpcClientProtocolClient (GrpcClientProtocolClient.java:onNext(264)) - client-734BBEB428D7->a5e38e3e-c2ad-4348-acb9-3fc25cfb14dd: receive RaftClientReply:client-734BBEB428D7->a5e38e3e-c2ad-4348-acb9-3fc25cfb14dd@group-7000B19605CB, cid=1555, SUCCESS, logIndex=2237, commits[a5e38e3e-c2ad-4348-acb9-3fc25cfb14dd:c2238, 11e48d46-e648-47f9-b6a0-9c7f26654c28:c2236, d1b6a90e-e817-40a7-bec1-608b5cc7d8b6:c2236]
2019-09-11 04:25:58,208 [grpc-default-executor-1] INFO  client.GrpcClientProtocolClient (GrpcClientProtocolClient.java:onNext(264)) - client-734BBEB428D7->a5e38e3e-c2ad-4348-acb9-3fc25cfb14dd: receive RaftClientReply:client-734BBEB428D7->a5e38e3e-c2ad-4348-acb9-3fc25cfb14dd@group-7000B19605CB, cid=1556, SUCCESS, logIndex=2238, commits[a5e38e3e-c2ad-4348-acb9-3fc25cfb14dd:c2238, 11e48d46-e648-47f9-b6a0-9c7f26654c28:c2236, d1b6a90e-e817-40a7-bec1-608b5cc7d8b6:c2236]
2019-09-11 04:25:58,239 [grpc-default-executor-2] INFO  client.GrpcClientProtocolClient (GrpcClientProtocolClient.java:onNext(264)) - client-734BBEB428D7->a5e38e3e-c2ad-4348-acb9-3fc25cfb14dd: receive RaftClientReply:client-734BBEB428D7->a5e38e3e-c2ad-4348-acb9-3fc25cfb14dd@group-7000B19605CB, cid=1557, SUCCESS, logIndex=2241, commits[a5e38e3e-c2ad-4348-acb9-3fc25cfb14dd:c2242, 11e48d46-e648-47f9-b6a0-9c7f26654c28:c2240, d1b6a90e-e817-40a7-bec1-608b5cc7d8b6:c2240]
2019-09-11 04:25:58,240 [grpc-default-executor-2] INFO  client.GrpcClientProtocolClient (GrpcClientProtocolClient.java:onNext(264)) - client-734BBEB428D7->a5e38e3e-c2ad-4348-acb9-3fc25cfb14dd: receive RaftClientReply:client-734BBEB428D7->a5e38e3e-c2ad-4348-acb9-3fc25cfb14dd@group-7000B19605CB, cid=1558, SUCCESS, logIndex=2242, commits[a5e38e3e-c2ad-4348-acb9-3fc25cfb14dd:c2242, 11e48d46-e648-47f9-b6a0-9c7f26654c28:c2240, d1b6a90e-e817-40a7-bec1-608b5cc7d8b6:c2240]
2019-09-11 04:25:58,242 [grpc-default-executor-2] INFO  client.GrpcClientProtocolClient (GrpcClientProtocolClient.java:onNext(264)) - client-734BBEB428D7->a5e38e3e-c2ad-4348-acb9-3fc25cfb14dd: receive RaftClientReply:client-734BBEB428D7->a5e38e3e-c2ad-4348-acb9-3fc25cfb14dd@group-7000B19605CB, cid=1559, SUCCESS, logIndex=0, commits[a5e38e3e-c2ad-4348-acb9-3fc25cfb14dd:c2244, 11e48d46-e648-47f9-b6a0-9c7f26654c28:c2242, d1b6a90e-e817-40a7-bec1-608b5cc7d8b6:c2242]
2019-09-11 04:25:58,383 [grpc-default-executor-0] INFO  client.GrpcClientProtocolClient (GrpcClientProtocolClient.java:onNext(264)) - client-734BBEB428D7->a5e38e3e-c2ad-4348-acb9-3fc25cfb14dd: receive RaftClientReply:client-734BBEB428D7->a5e38e3e-c2ad-4348-acb9-3fc25cfb14dd@group-7000B19605CB, cid=1560, SUCCESS, logIndex=2245, commits[a5e38e3e-c2ad-4348-acb9-3fc25cfb14dd:c2247, 11e48d46-e648-47f9-b6a0-9c7f26654c28:c2244, d1b6a90e-e817-40a7-bec1-608b5cc7d8b6:c2244]
2019-09-11 04:25:58,383 [grpc-default-executor-0] INFO  client.GrpcClientProtocolClient (GrpcClientProtocolClient.java:onNext(264)) - client-734BBEB428D7->a5e38e3e-c2ad-4348-acb9-3fc25cfb14dd: receive RaftClientReply:client-734BBEB428D7->a5e38e3e-c2ad-4348-acb9-3fc25cfb14dd@group-7000B19605CB, cid=1561, SUCCESS, logIndex=2246, commits[a5e38e3e-c2ad-4348-acb9-3fc25cfb14dd:c2248, 11e48d46-e648-47f9-b6a0-9c7f26654c28:c2244, d1b6a90e-e817-40a7-bec1-608b5cc7d8b6:c2244]
2019-09-11 04:25:58,384 [grpc-default-executor-0] INFO  client.GrpcClientProtocolClient (GrpcClientProtocolClient.java:onNext(264)) - client-734BBEB428D7->a5e38e3e-c2ad-4348-acb9-3fc25cfb14dd: receive RaftClientReply:client-734BBEB428D7->a5e38e3e-c2ad-4348-acb9-3fc25cfb14dd@group-7000B19605CB, cid=1562, SUCCESS, logIndex=2247, commits[a5e38e3e-c2ad-4348-acb9-3fc25cfb14dd:c2248, 11e48d46-e648-47f9-b6a0-9c7f26654c28:c2244, d1b6a90e-e817-40a7-bec1-608b5cc7d8b6:c2244]
2019-09-11 04:25:58,384 [grpc-default-executor-0] INFO  client.GrpcClientProtocolClient (GrpcClientProtocolClient.java:onNext(264)) - client-734BBEB428D7->a5e38e3e-c2ad-4348-acb9-3fc25cfb14dd: receive RaftClientReply:client-734BBEB428D7->a5e38e3e-c2ad-4348-acb9-3fc25cfb14dd@group-7000B19605CB, cid=1563, SUCCESS, logIndex=2248, commits[a5e38e3e-c2ad-4348-acb9-3fc25cfb14dd:c2248, 11e48d46-e648-47f9-b6a0-9c7f26654c28:c2244, d1b6a90e-e817-40a7-bec1-608b5cc7d8b6:c2244]
2019-09-11 04:25:58,394 [grpc-default-executor-0] INFO  client.GrpcClientProtocolClient (GrpcClientProtocolClient.java:onNext(264)) - client-734BBEB428D7->a5e38e3e-c2ad-4348-acb9-3fc25cfb14dd: receive RaftClientReply:client-734BBEB428D7->a5e38e3e-c2ad-4348-acb9-3fc25cfb14dd@group-7000B19605CB, cid=1564, SUCCESS, logIndex=0, commits[a5e38e3e-c2ad-4348-acb9-3fc25cfb14dd:c2249, 11e48d46-e648-47f9-b6a0-9c7f26654c28:c2246, d1b6a90e-e817-40a7-bec1-608b5cc7d8b6:c2246]
2019-09-11 04:25:58,415 [grpc-default-executor-2] INFO  client.GrpcClientProtocolClient (GrpcClientProtocolClient.java:onNext(264)) - client-734BBEB428D7->a5e38e3e-c2ad-4348-acb9-3fc25cfb14dd: receive RaftClientReply:client-734BBEB428D7->a5e38e3e-c2ad-4348-acb9-3fc25cfb14dd@group-7000B19605CB, cid=1565, SUCCESS, logIndex=2253, commits[a5e38e3e-c2ad-4348-acb9-3fc25cfb14dd:c2254, 11e48d46-e648-47f9-b6a0-9c7f26654c28:c2252, d1b6a90e-e817-40a7-bec1-608b5cc7d8b6:c2252]
2019-09-11 04:25:58,415 [grpc-default-executor-2] INFO  client.GrpcClientProtocolClient (GrpcClientProtocolClient.java:onNext(264)) - client-734BBEB428D7->a5e38e3e-c2ad-4348-acb9-3fc25cfb14dd: receive RaftClientReply:client-734BBEB428D7->a5e38e3e-c2ad-4348-acb9-3fc25cfb14dd@group-7000B19605CB, cid=1566, SUCCESS, logIndex=2254, commits[a5e38e3e-c2ad-4348-acb9-3fc25cfb14dd:c2254, 11e48d46-e648-47f9-b6a0-9c7f26654c28:c2252, d1b6a90e-e817-40a7-bec1-608b5cc7d8b6:c2252]
2019-09-11 04:25:58,432 [grpc-default-executor-0] INFO  client.GrpcClientProtocolClient (GrpcClientProtocolClient.java:onNext(264)) - client-734BBEB428D7->a5e38e3e-c2ad-4348-acb9-3fc25cfb14dd: receive RaftClientReply:client-734BBEB428D7->a5e38e3e-c2ad-4348-acb9-3fc25cfb14dd@group-7000B19605CB, cid=1567, SUCCESS, logIndex=2257, commits[a5e38e3e-c2ad-4348-acb9-3fc25cfb14dd:c2258, 11e48d46-e648-47f9-b6a0-9c7f26654c28:c2254, d1b6a90e-e817-40a7-bec1-608b5cc7d8b6:c2254]
2019-09-11 04:25:58,432 [grpc-default-executor-0] INFO  client.GrpcClientProtocolClient (GrpcClientProtocolClient.java:onNext(264)) - client-734BBEB428D7->a5e38e3e-c2ad-4348-acb9-3fc25cfb14dd: receive RaftClientReply:client-734BBEB428D7->a5e38e3e-c2ad-4348-acb9-3fc25cfb14dd@group-7000B19605CB, cid=1568, SUCCESS, logIndex=2258, commits[a5e38e3e-c2ad-4348-acb9-3fc25cfb14dd:c2258, 11e48d46-e648-47f9-b6a0-9c7f26654c28:c2254, d1b6a90e-e817-40a7-bec1-608b5cc7d8b6:c2254]
2019-09-11 04:25:58,445 [grpc-default-executor-2] INFO  client.GrpcClientProtocolClient (GrpcClientProtocolClient.java:onNext(264)) - client-734BBEB428D7->a5e38e3e-c2ad-4348-acb9-3fc25cfb14dd: receive RaftClientReply:client-734BBEB428D7->a5e38e3e-c2ad-4348-acb9-3fc25cfb14dd@group-7000B19605CB, cid=1569, SUCCESS, logIndex=0, commits[a5e38e3e-c2ad-4348-acb9-3fc25cfb14dd:c2260, 11e48d46-e648-47f9-b6a0-9c7f26654c28:c2258, d1b6a90e-e817-40a7-bec1-608b5cc7d8b6:c2258]
2019-09-11 04:25:58,489 [grpc-default-executor-2] INFO  client.GrpcClientProtocolClient (GrpcClientProtocolClient.java:onNext(264)) - client-734BBEB428D7->a5e38e3e-c2ad-4348-acb9-3fc25cfb14dd: receive RaftClientReply:client-734BBEB428D7->a5e38e3e-c2ad-4348-acb9-3fc25cfb14dd@group-7000B19605CB, cid=1570, SUCCESS, logIndex=2261, commits[a5e38e3e-c2ad-4348-acb9-3fc25cfb14dd:c2262, 11e48d46-e648-47f9-b6a0-9c7f26654c28:c2260, d1b6a90e-e817-40a7-bec1-608b5cc7d8b6:c2260]
2019-09-11 04:25:58,490 [grpc-default-executor-0] INFO  client.GrpcClientProtocolClient (GrpcClientProtocolClient.java:onNext(264)) - client-734BBEB428D7->a5e38e3e-c2ad-4348-acb9-3fc25cfb14dd: receive RaftClientReply:client-734BBEB428D7->a5e38e3e-c2ad-4348-acb9-3fc25cfb14dd@group-7000B19605CB, cid=1571, SUCCESS, logIndex=2262, commits[a5e38e3e-c2ad-4348-acb9-3fc25cfb14dd:c2264, 11e48d46-e648-47f9-b6a0-9c7f26654c28:c2260, d1b6a90e-e817-40a7-bec1-608b5cc7d8b6:c2260]
2019-09-11 04:25:58,490 [grpc-default-executor-0] INFO  client.GrpcClientProtocolClient (GrpcClientProtocolClient.java:onNext(264)) - client-734BBEB428D7->a5e38e3e-c2ad-4348-acb9-3fc25cfb14dd: receive RaftClientReply:client-734BBEB428D7->a5e38e3e-c2ad-4348-acb9-3fc25cfb14dd@group-7000B19605CB, cid=1572, SUCCESS, logIndex=2263, commits[a5e38e3e-c2ad-4348-acb9-3fc25cfb14dd:c2264, 11e48d46-e648-47f9-b6a0-9c7f26654c28:c2260, d1b6a90e-e817-40a7-bec1-608b5cc7d8b6:c2260]
2019-09-11 04:25:58,491 [grpc-default-executor-2] INFO  client.GrpcClientProtocolClient (GrpcClientProtocolClient.java:onNext(264)) - client-734BBEB428D7->a5e38e3e-c2ad-4348-acb9-3fc25cfb14dd: receive RaftClientReply:client-734BBEB428D7->a5e38e3e-c2ad-4348-acb9-3fc25cfb14dd@group-7000B19605CB, cid=1573, SUCCESS, logIndex=2264, commits[a5e38e3e-c2ad-4348-acb9-3fc25cfb14dd:c2264, 11e48d46-e648-47f9-b6a0-9c7f26654c28:c2260, d1b6a90e-e817-40a7-bec1-608b5cc7d8b6:c2260]
2019-09-11 04:25:58,492 [grpc-default-executor-2] INFO  client.GrpcClientProtocolClient (GrpcClientProtocolClient.java:onNext(264)) - client-734BBEB428D7->a5e38e3e-c2ad-4348-acb9-3fc25cfb14dd: receive RaftClientReply:client-734BBEB428D7->a5e38e3e-c2ad-4348-acb9-3fc25cfb14dd@group-7000B19605CB, cid=1574, SUCCESS, logIndex=0, commits[a5e38e3e-c2ad-4348-acb9-3fc25cfb14dd:c2268, 11e48d46-e648-47f9-b6a0-9c7f26654c28:c2262, d1b6a90e-e817-40a7-bec1-608b5cc7d8b6:c2264]
2019-09-11 04:25:58,515 [grpc-default-executor-0] INFO  client.GrpcClientProtocolClient (GrpcClientProtocolClient.java:onNext(264)) - client-734BBEB428D7->a5e38e3e-c2ad-4348-acb9-3fc25cfb14dd: receive RaftClientReply:client-734BBEB428D7->a5e38e3e-c2ad-4348-acb9-3fc25cfb14dd@group-7000B19605CB, cid=1575, SUCCESS, logIndex=2269, commits[a5e38e3e-c2ad-4348-acb9-3fc25cfb14dd:c2270, 11e48d46-e648-47f9-b6a0-9c7f26654c28:c2264, d1b6a90e-e817-40a7-bec1-608b5cc7d8b6:c2268]
2019-09-11 04:25:58,515 [grpc-default-executor-0] INFO  client.GrpcClientProtocolClient (GrpcClientProtocolClient.java:onNext(264)) - client-734BBEB428D7->a5e38e3e-c2ad-4348-acb9-3fc25cfb14dd: receive RaftClientReply:client-734BBEB428D7->a5e38e3e-c2ad-4348-acb9-3fc25cfb14dd@group-7000B19605CB, cid=1576, SUCCESS, logIndex=2270, commits[a5e38e3e-c2ad-4348-acb9-3fc25cfb14dd:c2270, 11e48d46-e648-47f9-b6a0-9c7f26654c28:c2268, d1b6a90e-e817-40a7-bec1-608b5cc7d8b6:c2268]
2019-09-11 04:25:58,547 [grpc-default-executor-1] INFO  client.GrpcClientProtocolClient (GrpcClientProtocolClient.java:onNext(264)) - client-734BBEB428D7->a5e38e3e-c2ad-4348-acb9-3fc25cfb14dd: receive RaftClientReply:client-734BBEB428D7->a5e38e3e-c2ad-4348-acb9-3fc25cfb14dd@group-7000B19605CB, cid=1577, SUCCESS, logIndex=2273, commits[a5e38e3e-c2ad-4348-acb9-3fc25cfb14dd:c2274, 11e48d46-e648-47f9-b6a0-9c7f26654c28:c2272, d1b6a90e-e817-40a7-bec1-608b5cc7d8b6:c2272]
2019-09-11 04:25:58,547 [grpc-default-executor-1] INFO  client.GrpcClientProtocolClient (GrpcClientProtocolClient.java:onNext(264)) - client-734BBEB428D7->a5e38e3e-c2ad-4348-acb9-3fc25cfb14dd: receive RaftClientReply:client-734BBEB428D7->a5e38e3e-c2ad-4348-acb9-3fc25cfb14dd@group-7000B19605CB, cid=1578, SUCCESS, logIndex=2274, commits[a5e38e3e-c2ad-4348-acb9-3fc25cfb14dd:c2274, 11e48d46-e648-47f9-b6a0-9c7f26654c28:c2272, d1b6a90e-e817-40a7-bec1-608b5cc7d8b6:c2272]
2019-09-11 04:25:58,560 [grpc-default-executor-1] INFO  client.GrpcClientProtocolClient (GrpcClientProtocolClient.java:onNext(264)) - client-734BBEB428D7->a5e38e3e-c2ad-4348-acb9-3fc25cfb14dd: receive RaftClientReply:client-734BBEB428D7->a5e38e3e-c2ad-4348-acb9-3fc25cfb14dd@group-7000B19605CB, cid=1579, SUCCESS, logIndex=0, commits[a5e38e3e-c2ad-4348-acb9-3fc25cfb14dd:c2276, 11e48d46-e648-47f9-b6a0-9c7f26654c28:c2274, d1b6a90e-e817-40a7-bec1-608b5cc7d8b6:c2274]
2019-09-11 04:25:58,587 [grpc-default-executor-0] INFO  client.GrpcClientProtocolClient (GrpcClientProtocolClient.java:onNext(264)) - client-734BBEB428D7->a5e38e3e-c2ad-4348-acb9-3fc25cfb14dd: receive RaftClientReply:client-734BBEB428D7->a5e38e3e-c2ad-4348-acb9-3fc25cfb14dd@group-7000B19605CB, cid=1580, SUCCESS, logIndex=2277, commits[a5e38e3e-c2ad-4348-acb9-3fc25cfb14dd:c2278, 11e48d46-e648-47f9-b6a0-9c7f26654c28:c2276, d1b6a90e-e817-40a7-bec1-608b5cc7d8b6:c2276]
2019-09-11 04:25:58,588 [grpc-default-executor-0] INFO  client.GrpcClientProtocolClient (GrpcClientProtocolClient.java:onNext(264)) - client-734BBEB428D7->a5e38e3e-c2ad-4348-acb9-3fc25cfb14dd: receive RaftClientReply:client-734BBEB428D7->a5e38e3e-c2ad-4348-acb9-3fc25cfb14dd@group-7000B19605CB, cid=1581, SUCCESS, logIndex=2278, commits[a5e38e3e-c2ad-4348-acb9-3fc25cfb14dd:c2278, 11e48d46-e648-47f9-b6a0-9c7f26654c28:c2276, d1b6a90e-e817-40a7-bec1-608b5cc7d8b6:c2276]
2019-09-11 04:25:58,588 [grpc-default-executor-0] INFO  client.GrpcClientProtocolClient (GrpcClientProtocolClient.java:onNext(264)) - client-734BBEB428D7->a5e38e3e-c2ad-4348-acb9-3fc25cfb14dd: receive RaftClientReply:client-734BBEB428D7->a5e38e3e-c2ad-4348-acb9-3fc25cfb14dd@group-7000B19605CB, cid=1582, SUCCESS, logIndex=2279, commits[a5e38e3e-c2ad-4348-acb9-3fc25cfb14dd:c2280, 11e48d46-e648-47f9-b6a0-9c7f26654c28:c2276, d1b6a90e-e817-40a7-bec1-608b5cc7d8b6:c2276]
2019-09-11 04:25:58,589 [grpc-default-executor-0] INFO  client.GrpcClientProtocolClient (GrpcClientProtocolClient.java:onNext(264)) - client-734BBEB428D7->a5e38e3e-c2ad-4348-acb9-3fc25cfb14dd: receive RaftClientReply:client-734BBEB428D7->a5e38e3e-c2ad-4348-acb9-3fc25cfb14dd@group-7000B19605CB, cid=1583, SUCCESS, logIndex=2280, commits[a5e38e3e-c2ad-4348-acb9-3fc25cfb14dd:c2280, 11e48d46-e648-47f9-b6a0-9c7f26654c28:c2276, d1b6a90e-e817-40a7-bec1-608b5cc7d8b6:c2276]
2019-09-11 04:25:58,590 [grpc-default-executor-2] INFO  client.GrpcClientProtocolClient (GrpcClientProtocolClient.java:onNext(264)) - client-734BBEB428D7->a5e38e3e-c2ad-4348-acb9-3fc25cfb14dd: receive RaftClientReply:client-734BBEB428D7->a5e38e3e-c2ad-4348-acb9-3fc25cfb14dd@group-7000B19605CB, cid=1584, SUCCESS, logIndex=0, commits[a5e38e3e-c2ad-4348-acb9-3fc25cfb14dd:c2282, 11e48d46-e648-47f9-b6a0-9c7f26654c28:c2278, d1b6a90e-e817-40a7-bec1-608b5cc7d8b6:c2278]
2019-09-11 04:25:58,609 [grpc-default-executor-2] INFO  client.GrpcClientProtocolClient (GrpcClientProtocolClient.java:onNext(264)) - client-734BBEB428D7->a5e38e3e-c2ad-4348-acb9-3fc25cfb14dd: receive RaftClientReply:client-734BBEB428D7->a5e38e3e-c2ad-4348-acb9-3fc25cfb14dd@group-7000B19605CB, cid=1585, SUCCESS, logIndex=2285, commits[a5e38e3e-c2ad-4348-acb9-3fc25cfb14dd:c2286, 11e48d46-e648-47f9-b6a0-9c7f26654c28:c2284, d1b6a90e-e817-40a7-bec1-608b5cc7d8b6:c2284]
2019-09-11 04:25:58,609 [grpc-default-executor-2] INFO  client.GrpcClientProtocolClient (GrpcClientProtocolClient.java:onNext(264)) - client-734BBEB428D7->a5e38e3e-c2ad-4348-acb9-3fc25cfb14dd: receive RaftClientReply:client-734BBEB428D7->a5e38e3e-c2ad-4348-acb9-3fc25cfb14dd@group-7000B19605CB, cid=1586, SUCCESS, logIndex=2286, commits[a5e38e3e-c2ad-4348-acb9-3fc25cfb14dd:c2286, 11e48d46-e648-47f9-b6a0-9c7f26654c28:c2284, d1b6a90e-e817-40a7-bec1-608b5cc7d8b6:c2284]
2019-09-11 04:25:58,622 [grpc-default-executor-1] INFO  client.GrpcClientProtocolClient (GrpcClientProtocolClient.java:onNext(264)) - client-734BBEB428D7->a5e38e3e-c2ad-4348-acb9-3fc25cfb14dd: receive RaftClientReply:client-734BBEB428D7->a5e38e3e-c2ad-4348-acb9-3fc25cfb14dd@group-7000B19605CB, cid=1587, SUCCESS, logIndex=2289, commits[a5e38e3e-c2ad-4348-acb9-3fc25cfb14dd:c2289, 11e48d46-e648-47f9-b6a0-9c7f26654c28:c2286, d1b6a90e-e817-40a7-bec1-608b5cc7d8b6:c2286]
2019-09-11 04:25:58,623 [grpc-default-executor-1] INFO  client.GrpcClientProtocolClient (GrpcClientProtocolClient.java:onNext(264)) - client-734BBEB428D7->a5e38e3e-c2ad-4348-acb9-3fc25cfb14dd: receive RaftClientReply:client-734BBEB428D7->a5e38e3e-c2ad-4348-acb9-3fc25cfb14dd@group-7000B19605CB, cid=1588, SUCCESS, logIndex=2290, commits[a5e38e3e-c2ad-4348-acb9-3fc25cfb14dd:c2290, 11e48d46-e648-47f9-b6a0-9c7f26654c28:c2286, d1b6a90e-e817-40a7-bec1-608b5cc7d8b6:c2286]
2019-09-11 04:25:58,635 [grpc-default-executor-2] INFO  client.GrpcClientProtocolClient (GrpcClientProtocolClient.java:onNext(264)) - client-734BBEB428D7->a5e38e3e-c2ad-4348-acb9-3fc25cfb14dd: receive RaftClientReply:client-734BBEB428D7->a5e38e3e-c2ad-4348-acb9-3fc25cfb14dd@group-7000B19605CB, cid=1589, SUCCESS, logIndex=0, commits[a5e38e3e-c2ad-4348-acb9-3fc25cfb14dd:c2291, 11e48d46-e648-47f9-b6a0-9c7f26654c28:c2290, d1b6a90e-e817-40a7-bec1-608b5cc7d8b6:c2290]
2019-09-11 04:25:58,661 [grpc-default-executor-2] INFO  client.GrpcClientProtocolClient (GrpcClientProtocolClient.java:onNext(264)) - client-734BBEB428D7->a5e38e3e-c2ad-4348-acb9-3fc25cfb14dd: receive RaftClientReply:client-734BBEB428D7->a5e38e3e-c2ad-4348-acb9-3fc25cfb14dd@group-7000B19605CB, cid=1590, SUCCESS, logIndex=2293, commits[a5e38e3e-c2ad-4348-acb9-3fc25cfb14dd:c2294, 11e48d46-e648-47f9-b6a0-9c7f26654c28:c2292, d1b6a90e-e817-40a7-bec1-608b5cc7d8b6:c2292]
2019-09-11 04:25:58,661 [grpc-default-executor-2] INFO  client.GrpcClientProtocolClient (GrpcClientProtocolClient.java:onNext(264)) - client-734BBEB428D7->a5e38e3e-c2ad-4348-acb9-3fc25cfb14dd: receive RaftClientReply:client-734BBEB428D7->a5e38e3e-c2ad-4348-acb9-3fc25cfb14dd@group-7000B19605CB, cid=1591, SUCCESS, logIndex=2294, commits[a5e38e3e-c2ad-4348-acb9-3fc25cfb14dd:c2296, 11e48d46-e648-47f9-b6a0-9c7f26654c28:c2292, d1b6a90e-e817-40a7-bec1-608b5cc7d8b6:c2292]
2019-09-11 04:25:58,661 [grpc-default-executor-2] INFO  client.GrpcClientProtocolClient (GrpcClientProtocolClient.java:onNext(264)) - client-734BBEB428D7->a5e38e3e-c2ad-4348-acb9-3fc25cfb14dd: receive RaftClientReply:client-734BBEB428D7->a5e38e3e-c2ad-4348-acb9-3fc25cfb14dd@group-7000B19605CB, cid=1592, SUCCESS, logIndex=2295, commits[a5e38e3e-c2ad-4348-acb9-3fc25cfb14dd:c2296, 11e48d46-e648-47f9-b6a0-9c7f26654c28:c2292, d1b6a90e-e817-40a7-bec1-608b5cc7d8b6:c2292]
2019-09-11 04:25:58,662 [grpc-default-executor-2] INFO  client.GrpcClientProtocolClient (GrpcClientProtocolClient.java:onNext(264)) - client-734BBEB428D7->a5e38e3e-c2ad-4348-acb9-3fc25cfb14dd: receive RaftClientReply:client-734BBEB428D7->a5e38e3e-c2ad-4348-acb9-3fc25cfb14dd@group-7000B19605CB, cid=1593, SUCCESS, logIndex=2296, commits[a5e38e3e-c2ad-4348-acb9-3fc25cfb14dd:c2296, 11e48d46-e648-47f9-b6a0-9c7f26654c28:c2292, d1b6a90e-e817-40a7-bec1-608b5cc7d8b6:c2292]
2019-09-11 04:25:58,664 [grpc-default-executor-2] INFO  client.GrpcClientProtocolClient (GrpcClientProtocolClient.java:onNext(264)) - client-734BBEB428D7->a5e38e3e-c2ad-4348-acb9-3fc25cfb14dd: receive RaftClientReply:client-734BBEB428D7->a5e38e3e-c2ad-4348-acb9-3fc25cfb14dd@group-7000B19605CB, cid=1594, SUCCESS, logIndex=0, commits[a5e38e3e-c2ad-4348-acb9-3fc25cfb14dd:c2300, 11e48d46-e648-47f9-b6a0-9c7f26654c28:c2294, d1b6a90e-e817-40a7-bec1-608b5cc7d8b6:c2296]
2019-09-11 04:25:58,682 [grpc-default-executor-4] INFO  client.GrpcClientProtocolClient (GrpcClientProtocolClient.java:onNext(264)) - client-734BBEB428D7->a5e38e3e-c2ad-4348-acb9-3fc25cfb14dd: receive RaftClientReply:client-734BBEB428D7->a5e38e3e-c2ad-4348-acb9-3fc25cfb14dd@group-7000B19605CB, cid=1595, SUCCESS, logIndex=2301, commits[a5e38e3e-c2ad-4348-acb9-3fc25cfb14dd:c2302, 11e48d46-e648-47f9-b6a0-9c7f26654c28:c2300, d1b6a90e-e817-40a7-bec1-608b5cc7d8b6:c2300]
2019-09-11 04:25:58,683 [grpc-default-executor-4] INFO  client.GrpcClientProtocolClient (GrpcClientProtocolClient.java:onNext(264)) - client-734BBEB428D7->a5e38e3e-c2ad-4348-acb9-3fc25cfb14dd: receive RaftClientReply:client-734BBEB428D7->a5e38e3e-c2ad-4348-acb9-3fc25cfb14dd@group-7000B19605CB, cid=1596, SUCCESS, logIndex=2302, commits[a5e38e3e-c2ad-4348-acb9-3fc25cfb14dd:c2302, 11e48d46-e648-47f9-b6a0-9c7f26654c28:c2300, d1b6a90e-e817-40a7-bec1-608b5cc7d8b6:c2300]
2019-09-11 04:25:58,696 [grpc-default-executor-0] INFO  client.GrpcClientProtocolClient (GrpcClientProtocolClient.java:onNext(264)) - client-734BBEB428D7->a5e38e3e-c2ad-4348-acb9-3fc25cfb14dd: receive RaftClientReply:client-734BBEB428D7->a5e38e3e-c2ad-4348-acb9-3fc25cfb14dd@group-7000B19605CB, cid=1597, SUCCESS, logIndex=2305, commits[a5e38e3e-c2ad-4348-acb9-3fc25cfb14dd:c2305, 11e48d46-e648-47f9-b6a0-9c7f26654c28:c2302, d1b6a90e-e817-40a7-bec1-608b5cc7d8b6:c2302]
2019-09-11 04:25:58,696 [grpc-default-executor-0] INFO  client.GrpcClientProtocolClient (GrpcClientProtocolClient.java:onNext(264)) - client-734BBEB428D7->a5e38e3e-c2ad-4348-acb9-3fc25cfb14dd: receive RaftClientReply:client-734BBEB428D7->a5e38e3e-c2ad-4348-acb9-3fc25cfb14dd@group-7000B19605CB, cid=1598, SUCCESS, logIndex=2306, commits[a5e38e3e-c2ad-4348-acb9-3fc25cfb14dd:c2306, 11e48d46-e648-47f9-b6a0-9c7f26654c28:c2302, d1b6a90e-e817-40a7-bec1-608b5cc7d8b6:c2302]
2019-09-11 04:25:58,709 [grpc-default-executor-0] INFO  client.GrpcClientProtocolClient (GrpcClientProtocolClient.java:onNext(264)) - client-734BBEB428D7->a5e38e3e-c2ad-4348-acb9-3fc25cfb14dd: receive RaftClientReply:client-734BBEB428D7->a5e38e3e-c2ad-4348-acb9-3fc25cfb14dd@group-7000B19605CB, cid=1599, SUCCESS, logIndex=0, commits[a5e38e3e-c2ad-4348-acb9-3fc25cfb14dd:c2308, 11e48d46-e648-47f9-b6a0-9c7f26654c28:c2306, d1b6a90e-e817-40a7-bec1-608b5cc7d8b6:c2306]
2019-09-11 04:25:58,732 [grpc-default-executor-4] INFO  client.GrpcClientProtocolClient (GrpcClientProtocolClient.java:onNext(264)) - client-734BBEB428D7->a5e38e3e-c2ad-4348-acb9-3fc25cfb14dd: receive RaftClientReply:client-734BBEB428D7->a5e38e3e-c2ad-4348-acb9-3fc25cfb14dd@group-7000B19605CB, cid=1600, SUCCESS, logIndex=2309, commits[a5e38e3e-c2ad-4348-acb9-3fc25cfb14dd:c2310, 11e48d46-e648-47f9-b6a0-9c7f26654c28:c2308, d1b6a90e-e817-40a7-bec1-608b5cc7d8b6:c2308]
2019-09-11 04:25:58,733 [grpc-default-executor-4] INFO  client.GrpcClientProtocolClient (GrpcClientProtocolClient.java:onNext(264)) - client-734BBEB428D7->a5e38e3e-c2ad-4348-acb9-3fc25cfb14dd: receive RaftClientReply:client-734BBEB428D7->a5e38e3e-c2ad-4348-acb9-3fc25cfb14dd@group-7000B19605CB, cid=1601, SUCCESS, logIndex=2310, commits[a5e38e3e-c2ad-4348-acb9-3fc25cfb14dd:c2312, 11e48d46-e648-47f9-b6a0-9c7f26654c28:c2308, d1b6a90e-e817-40a7-bec1-608b5cc7d8b6:c2308]
2019-09-11 04:25:58,733 [grpc-default-executor-4] INFO  client.GrpcClientProtocolClient (GrpcClientProtocolClient.java:onNext(264)) - client-734BBEB428D7->a5e38e3e-c2ad-4348-acb9-3fc25cfb14dd: receive RaftClientReply:client-734BBEB428D7->a5e38e3e-c2ad-4348-acb9-3fc25cfb14dd@group-7000B19605CB, cid=1602, SUCCESS, logIndex=2311, commits[a5e38e3e-c2ad-4348-acb9-3fc25cfb14dd:c2312, 11e48d46-e648-47f9-b6a0-9c7f26654c28:c2308, d1b6a90e-e817-40a7-bec1-608b5cc7d8b6:c2308]
2019-09-11 04:25:58,733 [grpc-default-executor-4] INFO  client.GrpcClientProtocolClient (GrpcClientProtocolClient.java:onNext(264)) - client-734BBEB428D7->a5e38e3e-c2ad-4348-acb9-3fc25cfb14dd: receive RaftClientReply:client-734BBEB428D7->a5e38e3e-c2ad-4348-acb9-3fc25cfb14dd@group-7000B19605CB, cid=1603, SUCCESS, logIndex=2312, commits[a5e38e3e-c2ad-4348-acb9-3fc25cfb14dd:c2313, 11e48d46-e648-47f9-b6a0-9c7f26654c28:c2308, d1b6a90e-e817-40a7-bec1-608b5cc7d8b6:c2309]
2019-09-11 04:25:58,735 [grpc-default-executor-0] INFO  client.GrpcClientProtocolClient (GrpcClientProtocolClient.java:onNext(264)) - client-734BBEB428D7->a5e38e3e-c2ad-4348-acb9-3fc25cfb14dd: receive RaftClientReply:client-734BBEB428D7->a5e38e3e-c2ad-4348-acb9-3fc25cfb14dd@group-7000B19605CB, cid=1604, SUCCESS, logIndex=0, commits[a5e38e3e-c2ad-4348-acb9-3fc25cfb14dd:c2315, 11e48d46-e648-47f9-b6a0-9c7f26654c28:c2312, d1b6a90e-e817-40a7-bec1-608b5cc7d8b6:c2310]
2019-09-11 04:25:58,757 [grpc-default-executor-0] INFO  client.GrpcClientProtocolClient (GrpcClientProtocolClient.java:onNext(264)) - client-734BBEB428D7->a5e38e3e-c2ad-4348-acb9-3fc25cfb14dd: receive RaftClientReply:client-734BBEB428D7->a5e38e3e-c2ad-4348-acb9-3fc25cfb14dd@group-7000B19605CB, cid=1605, SUCCESS, logIndex=2316, commits[a5e38e3e-c2ad-4348-acb9-3fc25cfb14dd:c2317, 11e48d46-e648-47f9-b6a0-9c7f26654c28:c2315, d1b6a90e-e817-40a7-bec1-608b5cc7d8b6:c2315]
2019-09-11 04:25:58,757 [grpc-default-executor-0] INFO  client.GrpcClientProtocolClient (GrpcClientProtocolClient.java:onNext(264)) - client-734BBEB428D7->a5e38e3e-c2ad-4348-acb9-3fc25cfb14dd: receive RaftClientReply:client-734BBEB428D7->a5e38e3e-c2ad-4348-acb9-3fc25cfb14dd@group-7000B19605CB, cid=1606, SUCCESS, logIndex=2317, commits[a5e38e3e-c2ad-4348-acb9-3fc25cfb14dd:c2317, 11e48d46-e648-47f9-b6a0-9c7f26654c28:c2315, d1b6a90e-e817-40a7-bec1-608b5cc7d8b6:c2315]
2019-09-11 04:25:58,770 [grpc-default-executor-4] INFO  client.GrpcClientProtocolClient (GrpcClientProtocolClient.java:onNext(264)) - client-734BBEB428D7->a5e38e3e-c2ad-4348-acb9-3fc25cfb14dd: receive RaftClientReply:client-734BBEB428D7->a5e38e3e-c2ad-4348-acb9-3fc25cfb14dd@group-7000B19605CB, cid=1607, SUCCESS, logIndex=2320, commits[a5e38e3e-c2ad-4348-acb9-3fc25cfb14dd:c2320, 11e48d46-e648-47f9-b6a0-9c7f26654c28:c2317, d1b6a90e-e817-40a7-bec1-608b5cc7d8b6:c2317]
2019-09-11 04:25:58,770 [grpc-default-executor-4] INFO  client.GrpcClientProtocolClient (GrpcClientProtocolClient.java:onNext(264)) - client-734BBEB428D7->a5e38e3e-c2ad-4348-acb9-3fc25cfb14dd: receive RaftClientReply:client-734BBEB428D7->a5e38e3e-c2ad-4348-acb9-3fc25cfb14dd@group-7000B19605CB, cid=1608, SUCCESS, logIndex=2321, commits[a5e38e3e-c2ad-4348-acb9-3fc25cfb14dd:c2321, 11e48d46-e648-47f9-b6a0-9c7f26654c28:c2317, d1b6a90e-e817-40a7-bec1-608b5cc7d8b6:c2317]
2019-09-11 04:25:58,782 [grpc-default-executor-4] INFO  client.GrpcClientProtocolClient (GrpcClientProtocolClient.java:onNext(264)) - client-734BBEB428D7->a5e38e3e-c2ad-4348-acb9-3fc25cfb14dd: receive RaftClientReply:client-734BBEB428D7->a5e38e3e-c2ad-4348-acb9-3fc25cfb14dd@group-7000B19605CB, cid=1609, SUCCESS, logIndex=0, commits[a5e38e3e-c2ad-4348-acb9-3fc25cfb14dd:c2323, 11e48d46-e648-47f9-b6a0-9c7f26654c28:c2321, d1b6a90e-e817-40a7-bec1-608b5cc7d8b6:c2321]
2019-09-11 04:25:58,807 [grpc-default-executor-1] INFO  client.GrpcClientProtocolClient (GrpcClientProtocolClient.java:onNext(264)) - client-734BBEB428D7->a5e38e3e-c2ad-4348-acb9-3fc25cfb14dd: receive RaftClientReply:client-734BBEB428D7->a5e38e3e-c2ad-4348-acb9-3fc25cfb14dd@group-7000B19605CB, cid=1610, SUCCESS, logIndex=2324, commits[a5e38e3e-c2ad-4348-acb9-3fc25cfb14dd:c2326, 11e48d46-e648-47f9-b6a0-9c7f26654c28:c2323, d1b6a90e-e817-40a7-bec1-608b5cc7d8b6:c2323]
2019-09-11 04:25:58,807 [grpc-default-executor-1] INFO  client.GrpcClientProtocolClient (GrpcClientProtocolClient.java:onNext(264)) - client-734BBEB428D7->a5e38e3e-c2ad-4348-acb9-3fc25cfb14dd: receive RaftClientReply:client-734BBEB428D7->a5e38e3e-c2ad-4348-acb9-3fc25cfb14dd@group-7000B19605CB, cid=1611, SUCCESS, logIndex=2325, commits[a5e38e3e-c2ad-4348-acb9-3fc25cfb14dd:c2327, 11e48d46-e648-47f9-b6a0-9c7f26654c28:c2323, d1b6a90e-e817-40a7-bec1-608b5cc7d8b6:c2323]
2019-09-11 04:25:58,808 [grpc-default-executor-0] INFO  client.GrpcClientProtocolClient (GrpcClientProtocolClient.java:onNext(264)) - client-734BBEB428D7->a5e38e3e-c2ad-4348-acb9-3fc25cfb14dd: receive RaftClientReply:client-734BBEB428D7->a5e38e3e-c2ad-4348-acb9-3fc25cfb14dd@group-7000B19605CB, cid=1612, SUCCESS, logIndex=2326, commits[a5e38e3e-c2ad-4348-acb9-3fc25cfb14dd:c2327, 11e48d46-e648-47f9-b6a0-9c7f26654c28:c2323, d1b6a90e-e817-40a7-bec1-608b5cc7d8b6:c2323]
2019-09-11 04:25:58,808 [grpc-default-executor-0] INFO  client.GrpcClientProtocolClient (GrpcClientProtocolClient.java:onNext(264)) - client-734BBEB428D7->a5e38e3e-c2ad-4348-acb9-3fc25cfb14dd: receive RaftClientReply:client-734BBEB428D7->a5e38e3e-c2ad-4348-acb9-3fc25cfb14dd@group-7000B19605CB, cid=1613, SUCCESS, logIndex=2327, commits[a5e38e3e-c2ad-4348-acb9-3fc25cfb14dd:c2327, 11e48d46-e648-47f9-b6a0-9c7f26654c28:c2323, d1b6a90e-e817-40a7-bec1-608b5cc7d8b6:c2323]
2019-09-11 04:25:58,809 [grpc-default-executor-0] INFO  client.GrpcClientProtocolClient (GrpcClientProtocolClient.java:onNext(264)) - client-734BBEB428D7->a5e38e3e-c2ad-4348-acb9-3fc25cfb14dd: receive RaftClientReply:client-734BBEB428D7->a5e38e3e-c2ad-4348-acb9-3fc25cfb14dd@group-7000B19605CB, cid=1614, SUCCESS, logIndex=0, commits[a5e38e3e-c2ad-4348-acb9-3fc25cfb14dd:c2331, 11e48d46-e648-47f9-b6a0-9c7f26654c28:c2325, d1b6a90e-e817-40a7-bec1-608b5cc7d8b6:c2327]
2019-09-11 04:25:58,828 [grpc-default-executor-1] INFO  client.GrpcClientProtocolClient (GrpcClientProtocolClient.java:onNext(264)) - client-734BBEB428D7->a5e38e3e-c2ad-4348-acb9-3fc25cfb14dd: receive RaftClientReply:client-734BBEB428D7->a5e38e3e-c2ad-4348-acb9-3fc25cfb14dd@group-7000B19605CB, cid=1615, SUCCESS, logIndex=2332, commits[a5e38e3e-c2ad-4348-acb9-3fc25cfb14dd:c2333, 11e48d46-e648-47f9-b6a0-9c7f26654c28:c2331, d1b6a90e-e817-40a7-bec1-608b5cc7d8b6:c2331]
2019-09-11 04:25:58,828 [grpc-default-executor-1] INFO  client.GrpcClientProtocolClient (GrpcClientProtocolClient.java:onNext(264)) - client-734BBEB428D7->a5e38e3e-c2ad-4348-acb9-3fc25cfb14dd: receive RaftClientReply:client-734BBEB428D7->a5e38e3e-c2ad-4348-acb9-3fc25cfb14dd@group-7000B19605CB, cid=1616, SUCCESS, logIndex=2333, commits[a5e38e3e-c2ad-4348-acb9-3fc25cfb14dd:c2333, 11e48d46-e648-47f9-b6a0-9c7f26654c28:c2331, d1b6a90e-e817-40a7-bec1-608b5cc7d8b6:c2331]
2019-09-11 04:25:58,841 [grpc-default-executor-1] INFO  client.GrpcClientProtocolClient (GrpcClientProtocolClient.java:onNext(264)) - client-734BBEB428D7->a5e38e3e-c2ad-4348-acb9-3fc25cfb14dd: receive RaftClientReply:client-734BBEB428D7->a5e38e3e-c2ad-4348-acb9-3fc25cfb14dd@group-7000B19605CB, cid=1617, SUCCESS, logIndex=2336, commits[a5e38e3e-c2ad-4348-acb9-3fc25cfb14dd:c2337, 11e48d46-e648-47f9-b6a0-9c7f26654c28:c2333, d1b6a90e-e817-40a7-bec1-608b5cc7d8b6:c2333]
2019-09-11 04:25:58,841 [grpc-default-executor-1] INFO  client.GrpcClientProtocolClient (GrpcClientProtocolClient.java:onNext(264)) - client-734BBEB428D7->a5e38e3e-c2ad-4348-acb9-3fc25cfb14dd: receive RaftClientReply:client-734BBEB428D7->a5e38e3e-c2ad-4348-acb9-3fc25cfb14dd@group-7000B19605CB, cid=1618, SUCCESS, logIndex=2337, commits[a5e38e3e-c2ad-4348-acb9-3fc25cfb14dd:c2337, 11e48d46-e648-47f9-b6a0-9c7f26654c28:c2333, d1b6a90e-e817-40a7-bec1-608b5cc7d8b6:c2333]
2019-09-11 04:25:58,853 [grpc-default-executor-1] INFO  client.GrpcClientProtocolClient (GrpcClientProtocolClient.java:onNext(264)) - client-734BBEB428D7->a5e38e3e-c2ad-4348-acb9-3fc25cfb14dd: receive RaftClientReply:client-734BBEB428D7->a5e38e3e-c2ad-4348-acb9-3fc25cfb14dd@group-7000B19605CB, cid=1619, SUCCESS, logIndex=0, commits[a5e38e3e-c2ad-4348-acb9-3fc25cfb14dd:c2339, 11e48d46-e648-47f9-b6a0-9c7f26654c28:c2337, d1b6a90e-e817-40a7-bec1-608b5cc7d8b6:c2337]
2019-09-11 04:25:58,879 [grpc-default-executor-2] INFO  client.GrpcClientProtocolClient (GrpcClientProtocolClient.java:onNext(264)) - client-734BBEB428D7->a5e38e3e-c2ad-4348-acb9-3fc25cfb14dd: receive RaftClientReply:client-734BBEB428D7->a5e38e3e-c2ad-4348-acb9-3fc25cfb14dd@group-7000B19605CB, cid=1620, SUCCESS, logIndex=2340, commits[a5e38e3e-c2ad-4348-acb9-3fc25cfb14dd:c2342, 11e48d46-e648-47f9-b6a0-9c7f26654c28:c2339, d1b6a90e-e817-40a7-bec1-608b5cc7d8b6:c2339]
2019-09-11 04:25:58,880 [grpc-default-executor-2] INFO  client.GrpcClientProtocolClient (GrpcClientProtocolClient.java:onNext(264)) - client-734BBEB428D7->a5e38e3e-c2ad-4348-acb9-3fc25cfb14dd: receive RaftClientReply:client-734BBEB428D7->a5e38e3e-c2ad-4348-acb9-3fc25cfb14dd@group-7000B19605CB, cid=1621, SUCCESS, logIndex=2341, commits[a5e38e3e-c2ad-4348-acb9-3fc25cfb14dd:c2343, 11e48d46-e648-47f9-b6a0-9c7f26654c28:c2339, d1b6a90e-e817-40a7-bec1-608b5cc7d8b6:c2339]
2019-09-11 04:25:58,880 [grpc-default-executor-2] INFO  client.GrpcClientProtocolClient (GrpcClientProtocolClient.java:onNext(264)) - client-734BBEB428D7->a5e38e3e-c2ad-4348-acb9-3fc25cfb14dd: receive RaftClientReply:client-734BBEB428D7->a5e38e3e-c2ad-4348-acb9-3fc25cfb14dd@group-7000B19605CB, cid=1622, SUCCESS, logIndex=2342, commits[a5e38e3e-c2ad-4348-acb9-3fc25cfb14dd:c2343, 11e48d46-e648-47f9-b6a0-9c7f26654c28:c2339, d1b6a90e-e817-40a7-bec1-608b5cc7d8b6:c2339]
2019-09-11 04:25:58,880 [grpc-default-executor-1] INFO  client.GrpcClientProtocolClient (GrpcClientProtocolClient.java:onNext(264)) - client-734BBEB428D7->a5e38e3e-c2ad-4348-acb9-3fc25cfb14dd: receive RaftClientReply:client-734BBEB428D7->a5e38e3e-c2ad-4348-acb9-3fc25cfb14dd@group-7000B19605CB, cid=1623, SUCCESS, logIndex=2343, commits[a5e38e3e-c2ad-4348-acb9-3fc25cfb14dd:c2343, 11e48d46-e648-47f9-b6a0-9c7f26654c28:c2339, d1b6a90e-e817-40a7-bec1-608b5cc7d8b6:c2339]
2019-09-11 04:25:58,882 [grpc-default-executor-2] INFO  client.GrpcClientProtocolClient (GrpcClientProtocolClient.java:onNext(264)) - client-734BBEB428D7->a5e38e3e-c2ad-4348-acb9-3fc25cfb14dd: receive RaftClientReply:client-734BBEB428D7->a5e38e3e-c2ad-4348-acb9-3fc25cfb14dd@group-7000B19605CB, cid=1624, SUCCESS, logIndex=0, commits[a5e38e3e-c2ad-4348-acb9-3fc25cfb14dd:c2346, 11e48d46-e648-47f9-b6a0-9c7f26654c28:c2341, d1b6a90e-e817-40a7-bec1-608b5cc7d8b6:c2342]
2019-09-11 04:25:58,893 [grpc-default-executor-2] INFO  client.GrpcClientProtocolClient (GrpcClientProtocolClient.java:onNext(264)) - client-734BBEB428D7->a5e38e3e-c2ad-4348-acb9-3fc25cfb14dd: receive RaftClientReply:client-734BBEB428D7->a5e38e3e-c2ad-4348-acb9-3fc25cfb14dd@group-7000B19605CB, cid=1625, SUCCESS, logIndex=2348, commits[a5e38e3e-c2ad-4348-acb9-3fc25cfb14dd:c2349, 11e48d46-e648-47f9-b6a0-9c7f26654c28:c2347, d1b6a90e-e817-40a7-bec1-608b5cc7d8b6:c2343]
2019-09-11 04:25:58,893 [grpc-default-executor-2] INFO  client.GrpcClientProtocolClient (GrpcClientProtocolClient.java:onNext(264)) - client-734BBEB428D7->a5e38e3e-c2ad-4348-acb9-3fc25cfb14dd: receive RaftClientReply:client-734BBEB428D7->a5e38e3e-c2ad-4348-acb9-3fc25cfb14dd@group-7000B19605CB, cid=1626, SUCCESS, logIndex=2349, commits[a5e38e3e-c2ad-4348-acb9-3fc25cfb14dd:c2349, 11e48d46-e648-47f9-b6a0-9c7f26654c28:c2347, d1b6a90e-e817-40a7-bec1-608b5cc7d8b6:c2347]
2019-09-11 04:25:58,911 [grpc-default-executor-1] INFO  client.GrpcClientProtocolClient (GrpcClientProtocolClient.java:onNext(264)) - client-734BBEB428D7->a5e38e3e-c2ad-4348-acb9-3fc25cfb14dd: receive RaftClientReply:client-734BBEB428D7->a5e38e3e-c2ad-4348-acb9-3fc25cfb14dd@group-7000B19605CB, cid=1627, SUCCESS, logIndex=2352, commits[a5e38e3e-c2ad-4348-acb9-3fc25cfb14dd:c2353, 11e48d46-e648-47f9-b6a0-9c7f26654c28:c2351, d1b6a90e-e817-40a7-bec1-608b5cc7d8b6:c2351]
2019-09-11 04:25:58,912 [grpc-default-executor-1] INFO  client.GrpcClientProtocolClient (GrpcClientProtocolClient.java:onNext(264)) - client-734BBEB428D7->a5e38e3e-c2ad-4348-acb9-3fc25cfb14dd: receive RaftClientReply:client-734BBEB428D7->a5e38e3e-c2ad-4348-acb9-3fc25cfb14dd@group-7000B19605CB, cid=1628, SUCCESS, logIndex=2353, commits[a5e38e3e-c2ad-4348-acb9-3fc25cfb14dd:c2353, 11e48d46-e648-47f9-b6a0-9c7f26654c28:c2351, d1b6a90e-e817-40a7-bec1-608b5cc7d8b6:c2351]
2019-09-11 04:25:58,927 [grpc-default-executor-1] INFO  client.GrpcClientProtocolClient (GrpcClientProtocolClient.java:onNext(264)) - client-734BBEB428D7->a5e38e3e-c2ad-4348-acb9-3fc25cfb14dd: receive RaftClientReply:client-734BBEB428D7->a5e38e3e-c2ad-4348-acb9-3fc25cfb14dd@group-7000B19605CB, cid=1629, SUCCESS, logIndex=0, commits[a5e38e3e-c2ad-4348-acb9-3fc25cfb14dd:c2355, 11e48d46-e648-47f9-b6a0-9c7f26654c28:c2353, d1b6a90e-e817-40a7-bec1-608b5cc7d8b6:c2353]
2019-09-11 04:25:59,106 [grpc-default-executor-2] INFO  client.GrpcClientProtocolClient (GrpcClientProtocolClient.java:onNext(264)) - client-734BBEB428D7->a5e38e3e-c2ad-4348-acb9-3fc25cfb14dd: receive RaftClientReply:client-734BBEB428D7->a5e38e3e-c2ad-4348-acb9-3fc25cfb14dd@group-7000B19605CB, cid=1630, SUCCESS, logIndex=2356, commits[a5e38e3e-c2ad-4348-acb9-3fc25cfb14dd:c2356, 11e48d46-e648-47f9-b6a0-9c7f26654c28:c2355, d1b6a90e-e817-40a7-bec1-608b5cc7d8b6:c2353]
2019-09-11 04:25:59,108 [grpc-default-executor-4] INFO  client.GrpcClientProtocolClient (GrpcClientProtocolClient.java:onNext(264)) - client-734BBEB428D7->a5e38e3e-c2ad-4348-acb9-3fc25cfb14dd: receive RaftClientReply:client-734BBEB428D7->a5e38e3e-c2ad-4348-acb9-3fc25cfb14dd@group-7000B19605CB, cid=1631, SUCCESS, logIndex=2357, commits[a5e38e3e-c2ad-4348-acb9-3fc25cfb14dd:c2357, 11e48d46-e648-47f9-b6a0-9c7f26654c28:c2355, d1b6a90e-e817-40a7-bec1-608b5cc7d8b6:c2355]
2019-09-11 04:25:59,117 [grpc-default-executor-2] INFO  client.GrpcClientProtocolClient (GrpcClientProtocolClient.java:onNext(264)) - client-734BBEB428D7->a5e38e3e-c2ad-4348-acb9-3fc25cfb14dd: receive RaftClientReply:client-734BBEB428D7->a5e38e3e-c2ad-4348-acb9-3fc25cfb14dd@group-7000B19605CB, cid=1632, SUCCESS, logIndex=2358, commits[a5e38e3e-c2ad-4348-acb9-3fc25cfb14dd:c2359, 11e48d46-e648-47f9-b6a0-9c7f26654c28:c2355, d1b6a90e-e817-40a7-bec1-608b5cc7d8b6:c2355]
2019-09-11 04:25:59,118 [grpc-default-executor-2] INFO  client.GrpcClientProtocolClient (GrpcClientProtocolClient.java:onNext(264)) - client-734BBEB428D7->a5e38e3e-c2ad-4348-acb9-3fc25cfb14dd: receive RaftClientReply:client-734BBEB428D7->a5e38e3e-c2ad-4348-acb9-3fc25cfb14dd@group-7000B19605CB, cid=1633, SUCCESS, logIndex=2359, commits[a5e38e3e-c2ad-4348-acb9-3fc25cfb14dd:c2360, 11e48d46-e648-47f9-b6a0-9c7f26654c28:c2356, d1b6a90e-e817-40a7-bec1-608b5cc7d8b6:c2356]
2019-09-11 04:25:59,120 [grpc-default-executor-4] INFO  client.GrpcClientProtocolClient (GrpcClientProtocolClient.java:onNext(264)) - client-734BBEB428D7->a5e38e3e-c2ad-4348-acb9-3fc25cfb14dd: receive RaftClientReply:client-734BBEB428D7->a5e38e3e-c2ad-4348-acb9-3fc25cfb14dd@group-7000B19605CB, cid=1634, SUCCESS, logIndex=0, commits[a5e38e3e-c2ad-4348-acb9-3fc25cfb14dd:c2362, 11e48d46-e648-47f9-b6a0-9c7f26654c28:c2359, d1b6a90e-e817-40a7-bec1-608b5cc7d8b6:c2357]
 0.00% |█                                                                                                    |  0/1 Time: 0:00:102019-09-11 04:25:59,140 [grpc-default-executor-4] INFO  client.GrpcClientProtocolClient (GrpcClientProtocolClient.java:onNext(264)) - client-734BBEB428D7->a5e38e3e-c2ad-4348-acb9-3fc25cfb14dd: receive RaftClientReply:client-734BBEB428D7->a5e38e3e-c2ad-4348-acb9-3fc25cfb14dd@group-7000B19605CB, cid=1635, SUCCESS, logIndex=2364, commits[a5e38e3e-c2ad-4348-acb9-3fc25cfb14dd:c2365, 11e48d46-e648-47f9-b6a0-9c7f26654c28:c2363, d1b6a90e-e817-40a7-bec1-608b5cc7d8b6:c2363]
2019-09-11 04:25:59,140 [grpc-default-executor-4] INFO  client.GrpcClientProtocolClient (GrpcClientProtocolClient.java:onNext(264)) - client-734BBEB428D7->a5e38e3e-c2ad-4348-acb9-3fc25cfb14dd: receive RaftClientReply:client-734BBEB428D7->a5e38e3e-c2ad-4348-acb9-3fc25cfb14dd@group-7000B19605CB, cid=1636, SUCCESS, logIndex=2365, commits[a5e38e3e-c2ad-4348-acb9-3fc25cfb14dd:c2365, 11e48d46-e648-47f9-b6a0-9c7f26654c28:c2363, d1b6a90e-e817-40a7-bec1-608b5cc7d8b6:c2363]
2019-09-11 04:25:59,154 [grpc-default-executor-4] INFO  client.GrpcClientProtocolClient (GrpcClientProtocolClient.java:onNext(264)) - client-734BBEB428D7->a5e38e3e-c2ad-4348-acb9-3fc25cfb14dd: receive RaftClientReply:client-734BBEB428D7->a5e38e3e-c2ad-4348-acb9-3fc25cfb14dd@group-7000B19605CB, cid=1637, SUCCESS, logIndex=2368, commits[a5e38e3e-c2ad-4348-acb9-3fc25cfb14dd:c2369, 11e48d46-e648-47f9-b6a0-9c7f26654c28:c2365, d1b6a90e-e817-40a7-bec1-608b5cc7d8b6:c2365]
2019-09-11 04:25:59,154 [grpc-default-executor-4] INFO  client.GrpcClientProtocolClient (GrpcClientProtocolClient.java:onNext(264)) - client-734BBEB428D7->a5e38e3e-c2ad-4348-acb9-3fc25cfb14dd: receive RaftClientReply:client-734BBEB428D7->a5e38e3e-c2ad-4348-acb9-3fc25cfb14dd@group-7000B19605CB, cid=1638, SUCCESS, logIndex=2369, commits[a5e38e3e-c2ad-4348-acb9-3fc25cfb14dd:c2369, 11e48d46-e648-47f9-b6a0-9c7f26654c28:c2365, d1b6a90e-e817-40a7-bec1-608b5cc7d8b6:c2365]
2019-09-11 04:25:59,165 [grpc-default-executor-4] INFO  client.GrpcClientProtocolClient (GrpcClientProtocolClient.java:onNext(264)) - client-734BBEB428D7->a5e38e3e-c2ad-4348-acb9-3fc25cfb14dd: receive RaftClientReply:client-734BBEB428D7->a5e38e3e-c2ad-4348-acb9-3fc25cfb14dd@group-7000B19605CB, cid=1639, SUCCESS, logIndex=0, commits[a5e38e3e-c2ad-4348-acb9-3fc25cfb14dd:c2370, 11e48d46-e648-47f9-b6a0-9c7f26654c28:c2369, d1b6a90e-e817-40a7-bec1-608b5cc7d8b6:c2369]
2019-09-11 04:25:59,194 [grpc-default-executor-4] INFO  client.GrpcClientProtocolClient (GrpcClientProtocolClient.java:onNext(264)) - client-734BBEB428D7->a5e38e3e-c2ad-4348-acb9-3fc25cfb14dd: receive RaftClientReply:client-734BBEB428D7->a5e38e3e-c2ad-4348-acb9-3fc25cfb14dd@group-7000B19605CB, cid=1640, SUCCESS, logIndex=2372, commits[a5e38e3e-c2ad-4348-acb9-3fc25cfb14dd:c2373, 11e48d46-e648-47f9-b6a0-9c7f26654c28:c2371, d1b6a90e-e817-40a7-bec1-608b5cc7d8b6:c2371]
2019-09-11 04:25:59,195 [grpc-default-executor-2] INFO  client.GrpcClientProtocolClient (GrpcClientProtocolClient.java:onNext(264)) - client-734BBEB428D7->a5e38e3e-c2ad-4348-acb9-3fc25cfb14dd: receive RaftClientReply:client-734BBEB428D7->a5e38e3e-c2ad-4348-acb9-3fc25cfb14dd@group-7000B19605CB, cid=1641, SUCCESS, logIndex=2373, commits[a5e38e3e-c2ad-4348-acb9-3fc25cfb14dd:c2373, 11e48d46-e648-47f9-b6a0-9c7f26654c28:c2371, d1b6a90e-e817-40a7-bec1-608b5cc7d8b6:c2371]
2019-09-11 04:25:59,196 [grpc-default-executor-1] INFO  client.GrpcClientProtocolClient (GrpcClientProtocolClient.java:onNext(264)) - client-734BBEB428D7->a5e38e3e-c2ad-4348-acb9-3fc25cfb14dd: receive RaftClientReply:client-734BBEB428D7->a5e38e3e-c2ad-4348-acb9-3fc25cfb14dd@group-7000B19605CB, cid=1642, SUCCESS, logIndex=2374, commits[a5e38e3e-c2ad-4348-acb9-3fc25cfb14dd:c2374, 11e48d46-e648-47f9-b6a0-9c7f26654c28:c2371, d1b6a90e-e817-40a7-bec1-608b5cc7d8b6:c2371]
2019-09-11 04:25:59,196 [grpc-default-executor-1] INFO  client.GrpcClientProtocolClient (GrpcClientProtocolClient.java:onNext(264)) - client-734BBEB428D7->a5e38e3e-c2ad-4348-acb9-3fc25cfb14dd: receive RaftClientReply:client-734BBEB428D7->a5e38e3e-c2ad-4348-acb9-3fc25cfb14dd@group-7000B19605CB, cid=1643, SUCCESS, logIndex=2375, commits[a5e38e3e-c2ad-4348-acb9-3fc25cfb14dd:c2375, 11e48d46-e648-47f9-b6a0-9c7f26654c28:c2371, d1b6a90e-e817-40a7-bec1-608b5cc7d8b6:c2371]
2019-09-11 04:25:59,197 [grpc-default-executor-4] INFO  client.GrpcClientProtocolClient (GrpcClientProtocolClient.java:onNext(264)) - client-734BBEB428D7->a5e38e3e-c2ad-4348-acb9-3fc25cfb14dd: receive RaftClientReply:client-734BBEB428D7->a5e38e3e-c2ad-4348-acb9-3fc25cfb14dd@group-7000B19605CB, cid=1644, SUCCESS, logIndex=0, commits[a5e38e3e-c2ad-4348-acb9-3fc25cfb14dd:c2378, 11e48d46-e648-47f9-b6a0-9c7f26654c28:c2374, d1b6a90e-e817-40a7-bec1-608b5cc7d8b6:c2373]
2019-09-11 04:25:59,215 [grpc-default-executor-1] INFO  client.GrpcClientProtocolClient (GrpcClientProtocolClient.java:onNext(264)) - client-734BBEB428D7->a5e38e3e-c2ad-4348-acb9-3fc25cfb14dd: receive RaftClientReply:client-734BBEB428D7->a5e38e3e-c2ad-4348-acb9-3fc25cfb14dd@group-7000B19605CB, cid=1645, SUCCESS, logIndex=2380, commits[a5e38e3e-c2ad-4348-acb9-3fc25cfb14dd:c2381, 11e48d46-e648-47f9-b6a0-9c7f26654c28:c2379, d1b6a90e-e817-40a7-bec1-608b5cc7d8b6:c2379]
2019-09-11 04:25:59,216 [grpc-default-executor-1] INFO  client.GrpcClientProtocolClient (GrpcClientProtocolClient.java:onNext(264)) - client-734BBEB428D7->a5e38e3e-c2ad-4348-acb9-3fc25cfb14dd: receive RaftClientReply:client-734BBEB428D7->a5e38e3e-c2ad-4348-acb9-3fc25cfb14dd@group-7000B19605CB, cid=1646, SUCCESS, logIndex=2381, commits[a5e38e3e-c2ad-4348-acb9-3fc25cfb14dd:c2381, 11e48d46-e648-47f9-b6a0-9c7f26654c28:c2379, d1b6a90e-e817-40a7-bec1-608b5cc7d8b6:c2379]
2019-09-11 04:25:59,241 [grpc-default-executor-2] INFO  client.GrpcClientProtocolClient (GrpcClientProtocolClient.java:onNext(264)) - client-734BBEB428D7->a5e38e3e-c2ad-4348-acb9-3fc25cfb14dd: receive RaftClientReply:client-734BBEB428D7->a5e38e3e-c2ad-4348-acb9-3fc25cfb14dd@group-7000B19605CB, cid=1647, SUCCESS, logIndex=2384, commits[a5e38e3e-c2ad-4348-acb9-3fc25cfb14dd:c2385, 11e48d46-e648-47f9-b6a0-9c7f26654c28:c2381, d1b6a90e-e817-40a7-bec1-608b5cc7d8b6:c2381]
2019-09-11 04:25:59,242 [grpc-default-executor-2] INFO  client.GrpcClientProtocolClient (GrpcClientProtocolClient.java:onNext(264)) - client-734BBEB428D7->a5e38e3e-c2ad-4348-acb9-3fc25cfb14dd: receive RaftClientReply:client-734BBEB428D7->a5e38e3e-c2ad-4348-acb9-3fc25cfb14dd@group-7000B19605CB, cid=1648, SUCCESS, logIndex=2385, commits[a5e38e3e-c2ad-4348-acb9-3fc25cfb14dd:c2385, 11e48d46-e648-47f9-b6a0-9c7f26654c28:c2381, d1b6a90e-e817-40a7-bec1-608b5cc7d8b6:c2381]
2019-09-11 04:25:59,255 [grpc-default-executor-2] INFO  client.GrpcClientProtocolClient (GrpcClientProtocolClient.java:onNext(264)) - client-734BBEB428D7->a5e38e3e-c2ad-4348-acb9-3fc25cfb14dd: receive RaftClientReply:client-734BBEB428D7->a5e38e3e-c2ad-4348-acb9-3fc25cfb14dd@group-7000B19605CB, cid=1649, SUCCESS, logIndex=0, commits[a5e38e3e-c2ad-4348-acb9-3fc25cfb14dd:c2387, 11e48d46-e648-47f9-b6a0-9c7f26654c28:c2385, d1b6a90e-e817-40a7-bec1-608b5cc7d8b6:c2385]
2019-09-11 04:25:59,274 [grpc-default-executor-2] INFO  client.GrpcClientProtocolClient (GrpcClientProtocolClient.java:onNext(264)) - client-734BBEB428D7->a5e38e3e-c2ad-4348-acb9-3fc25cfb14dd: receive RaftClientReply:client-734BBEB428D7->a5e38e3e-c2ad-4348-acb9-3fc25cfb14dd@group-7000B19605CB, cid=1650, SUCCESS, logIndex=2388, commits[a5e38e3e-c2ad-4348-acb9-3fc25cfb14dd:c2389, 11e48d46-e648-47f9-b6a0-9c7f26654c28:c2385, d1b6a90e-e817-40a7-bec1-608b5cc7d8b6:c2387]
2019-09-11 04:25:59,275 [grpc-default-executor-2] INFO  client.GrpcClientProtocolClient (GrpcClientProtocolClient.java:onNext(264)) - client-734BBEB428D7->a5e38e3e-c2ad-4348-acb9-3fc25cfb14dd: receive RaftClientReply:client-734BBEB428D7->a5e38e3e-c2ad-4348-acb9-3fc25cfb14dd@group-7000B19605CB, cid=1651, SUCCESS, logIndex=2389, commits[a5e38e3e-c2ad-4348-acb9-3fc25cfb14dd:c2389, 11e48d46-e648-47f9-b6a0-9c7f26654c28:c2385, d1b6a90e-e817-40a7-bec1-608b5cc7d8b6:c2387]
2019-09-11 04:25:59,275 [grpc-default-executor-2] INFO  client.GrpcClientProtocolClient (GrpcClientProtocolClient.java:onNext(264)) - client-734BBEB428D7->a5e38e3e-c2ad-4348-acb9-3fc25cfb14dd: receive RaftClientReply:client-734BBEB428D7->a5e38e3e-c2ad-4348-acb9-3fc25cfb14dd@group-7000B19605CB, cid=1652, SUCCESS, logIndex=2390, commits[a5e38e3e-c2ad-4348-acb9-3fc25cfb14dd:c2390, 11e48d46-e648-47f9-b6a0-9c7f26654c28:c2387, d1b6a90e-e817-40a7-bec1-608b5cc7d8b6:c2387]
2019-09-11 04:25:59,276 [grpc-default-executor-2] INFO  client.GrpcClientProtocolClient (GrpcClientProtocolClient.java:onNext(264)) - client-734BBEB428D7->a5e38e3e-c2ad-4348-acb9-3fc25cfb14dd: receive RaftClientReply:client-734BBEB428D7->a5e38e3e-c2ad-4348-acb9-3fc25cfb14dd@group-7000B19605CB, cid=1653, SUCCESS, logIndex=2391, commits[a5e38e3e-c2ad-4348-acb9-3fc25cfb14dd:c2391, 11e48d46-e648-47f9-b6a0-9c7f26654c28:c2387, d1b6a90e-e817-40a7-bec1-608b5cc7d8b6:c2387]
2019-09-11 04:25:59,277 [grpc-default-executor-3] INFO  client.GrpcClientProtocolClient (GrpcClientProtocolClient.java:onNext(264)) - client-734BBEB428D7->a5e38e3e-c2ad-4348-acb9-3fc25cfb14dd: receive RaftClientReply:client-734BBEB428D7->a5e38e3e-c2ad-4348-acb9-3fc25cfb14dd@group-7000B19605CB, cid=1654, SUCCESS, logIndex=0, commits[a5e38e3e-c2ad-4348-acb9-3fc25cfb14dd:c2394, 11e48d46-e648-47f9-b6a0-9c7f26654c28:c2390, d1b6a90e-e817-40a7-bec1-608b5cc7d8b6:c2390]
2019-09-11 04:25:59,296 [grpc-default-executor-2] INFO  client.GrpcClientProtocolClient (GrpcClientProtocolClient.java:onNext(264)) - client-734BBEB428D7->a5e38e3e-c2ad-4348-acb9-3fc25cfb14dd: receive RaftClientReply:client-734BBEB428D7->a5e38e3e-c2ad-4348-acb9-3fc25cfb14dd@group-7000B19605CB, cid=1655, SUCCESS, logIndex=2396, commits[a5e38e3e-c2ad-4348-acb9-3fc25cfb14dd:c2397, 11e48d46-e648-47f9-b6a0-9c7f26654c28:c2395, d1b6a90e-e817-40a7-bec1-608b5cc7d8b6:c2395]
2019-09-11 04:25:59,297 [grpc-default-executor-2] INFO  client.GrpcClientProtocolClient (GrpcClientProtocolClient.java:onNext(264)) - client-734BBEB428D7->a5e38e3e-c2ad-4348-acb9-3fc25cfb14dd: receive RaftClientReply:client-734BBEB428D7->a5e38e3e-c2ad-4348-acb9-3fc25cfb14dd@group-7000B19605CB, cid=1656, SUCCESS, logIndex=2397, commits[a5e38e3e-c2ad-4348-acb9-3fc25cfb14dd:c2397, 11e48d46-e648-47f9-b6a0-9c7f26654c28:c2395, d1b6a90e-e817-40a7-bec1-608b5cc7d8b6:c2395]
2019-09-11 04:25:59,311 [grpc-default-executor-1] INFO  client.GrpcClientProtocolClient (GrpcClientProtocolClient.java:onNext(264)) - client-734BBEB428D7->a5e38e3e-c2ad-4348-acb9-3fc25cfb14dd: receive RaftClientReply:client-734BBEB428D7->a5e38e3e-c2ad-4348-acb9-3fc25cfb14dd@group-7000B19605CB, cid=1657, SUCCESS, logIndex=2400, commits[a5e38e3e-c2ad-4348-acb9-3fc25cfb14dd:c2401, 11e48d46-e648-47f9-b6a0-9c7f26654c28:c2396, d1b6a90e-e817-40a7-bec1-608b5cc7d8b6:c2397]
2019-09-11 04:25:59,312 [grpc-default-executor-1] INFO  client.GrpcClientProtocolClient (GrpcClientProtocolClient.java:onNext(264)) - client-734BBEB428D7->a5e38e3e-c2ad-4348-acb9-3fc25cfb14dd: receive RaftClientReply:client-734BBEB428D7->a5e38e3e-c2ad-4348-acb9-3fc25cfb14dd@group-7000B19605CB, cid=1658, SUCCESS, logIndex=2401, commits[a5e38e3e-c2ad-4348-acb9-3fc25cfb14dd:c2401, 11e48d46-e648-47f9-b6a0-9c7f26654c28:c2397, d1b6a90e-e817-40a7-bec1-608b5cc7d8b6:c2397]
2019-09-11 04:25:59,323 [grpc-default-executor-2] INFO  client.GrpcClientProtocolClient (GrpcClientProtocolClient.java:onNext(264)) - client-734BBEB428D7->a5e38e3e-c2ad-4348-acb9-3fc25cfb14dd: receive RaftClientReply:client-734BBEB428D7->a5e38e3e-c2ad-4348-acb9-3fc25cfb14dd@group-7000B19605CB, cid=1659, SUCCESS, logIndex=0, commits[a5e38e3e-c2ad-4348-acb9-3fc25cfb14dd:c2401, 11e48d46-e648-47f9-b6a0-9c7f26654c28:c2401, d1b6a90e-e817-40a7-bec1-608b5cc7d8b6:c2401]
2019-09-11 04:25:59,348 [grpc-default-executor-2] INFO  client.GrpcClientProtocolClient (GrpcClientProtocolClient.java:onNext(264)) - client-734BBEB428D7->a5e38e3e-c2ad-4348-acb9-3fc25cfb14dd: receive RaftClientReply:client-734BBEB428D7->a5e38e3e-c2ad-4348-acb9-3fc25cfb14dd@group-7000B19605CB, cid=1660, SUCCESS, logIndex=2404, commits[a5e38e3e-c2ad-4348-acb9-3fc25cfb14dd:c2405, 11e48d46-e648-47f9-b6a0-9c7f26654c28:c2403, d1b6a90e-e817-40a7-bec1-608b5cc7d8b6:c2403]
2019-09-11 04:25:59,349 [grpc-default-executor-1] INFO  client.GrpcClientProtocolClient (GrpcClientProtocolClient.java:onNext(264)) - client-734BBEB428D7->a5e38e3e-c2ad-4348-acb9-3fc25cfb14dd: receive RaftClientReply:client-734BBEB428D7->a5e38e3e-c2ad-4348-acb9-3fc25cfb14dd@group-7000B19605CB, cid=1661, SUCCESS, logIndex=2405, commits[a5e38e3e-c2ad-4348-acb9-3fc25cfb14dd:c2405, 11e48d46-e648-47f9-b6a0-9c7f26654c28:c2403, d1b6a90e-e817-40a7-bec1-608b5cc7d8b6:c2403]
2019-09-11 04:25:59,349 [grpc-default-executor-1] INFO  client.GrpcClientProtocolClient (GrpcClientProtocolClient.java:onNext(264)) - client-734BBEB428D7->a5e38e3e-c2ad-4348-acb9-3fc25cfb14dd: receive RaftClientReply:client-734BBEB428D7->a5e38e3e-c2ad-4348-acb9-3fc25cfb14dd@group-7000B19605CB, cid=1662, SUCCESS, logIndex=2406, commits[a5e38e3e-c2ad-4348-acb9-3fc25cfb14dd:c2407, 11e48d46-e648-47f9-b6a0-9c7f26654c28:c2403, d1b6a90e-e817-40a7-bec1-608b5cc7d8b6:c2403]
2019-09-11 04:25:59,350 [grpc-default-executor-1] INFO  client.GrpcClientProtocolClient (GrpcClientProtocolClient.java:onNext(264)) - client-734BBEB428D7->a5e38e3e-c2ad-4348-acb9-3fc25cfb14dd: receive RaftClientReply:client-734BBEB428D7->a5e38e3e-c2ad-4348-acb9-3fc25cfb14dd@group-7000B19605CB, cid=1663, SUCCESS, logIndex=2407, commits[a5e38e3e-c2ad-4348-acb9-3fc25cfb14dd:c2408, 11e48d46-e648-47f9-b6a0-9c7f26654c28:c2404, d1b6a90e-e817-40a7-bec1-608b5cc7d8b6:c2404]
2019-09-11 04:25:59,351 [grpc-default-executor-1] INFO  client.GrpcClientProtocolClient (GrpcClientProtocolClient.java:onNext(264)) - client-734BBEB428D7->a5e38e3e-c2ad-4348-acb9-3fc25cfb14dd: receive RaftClientReply:client-734BBEB428D7->a5e38e3e-c2ad-4348-acb9-3fc25cfb14dd@group-7000B19605CB, cid=1664, SUCCESS, logIndex=0, commits[a5e38e3e-c2ad-4348-acb9-3fc25cfb14dd:c2409, 11e48d46-e648-47f9-b6a0-9c7f26654c28:c2405, d1b6a90e-e817-40a7-bec1-608b5cc7d8b6:c2405]
2019-09-11 04:25:59,371 [grpc-default-executor-1] INFO  client.GrpcClientProtocolClient (GrpcClientProtocolClient.java:onNext(264)) - client-734BBEB428D7->a5e38e3e-c2ad-4348-acb9-3fc25cfb14dd: receive RaftClientReply:client-734BBEB428D7->a5e38e3e-c2ad-4348-acb9-3fc25cfb14dd@group-7000B19605CB, cid=1665, SUCCESS, logIndex=2412, commits[a5e38e3e-c2ad-4348-acb9-3fc25cfb14dd:c2413, 11e48d46-e648-47f9-b6a0-9c7f26654c28:c2411, d1b6a90e-e817-40a7-bec1-608b5cc7d8b6:c2411]
2019-09-11 04:25:59,371 [grpc-default-executor-1] INFO  client.GrpcClientProtocolClient (GrpcClientProtocolClient.java:onNext(264)) - client-734BBEB428D7->a5e38e3e-c2ad-4348-acb9-3fc25cfb14dd: receive RaftClientReply:client-734BBEB428D7->a5e38e3e-c2ad-4348-acb9-3fc25cfb14dd@group-7000B19605CB, cid=1666, SUCCESS, logIndex=2413, commits[a5e38e3e-c2ad-4348-acb9-3fc25cfb14dd:c2413, 11e48d46-e648-47f9-b6a0-9c7f26654c28:c2411, d1b6a90e-e817-40a7-bec1-608b5cc7d8b6:c2411]
2019-09-11 04:25:59,384 [grpc-default-executor-1] INFO  client.GrpcClientProtocolClient (GrpcClientProtocolClient.java:onNext(264)) - client-734BBEB428D7->a5e38e3e-c2ad-4348-acb9-3fc25cfb14dd: receive RaftClientReply:client-734BBEB428D7->a5e38e3e-c2ad-4348-acb9-3fc25cfb14dd@group-7000B19605CB, cid=1667, SUCCESS, logIndex=2416, commits[a5e38e3e-c2ad-4348-acb9-3fc25cfb14dd:c2416, 11e48d46-e648-47f9-b6a0-9c7f26654c28:c2413, d1b6a90e-e817-40a7-bec1-608b5cc7d8b6:c2412]
2019-09-11 04:25:59,384 [grpc-default-executor-1] INFO  client.GrpcClientProtocolClient (GrpcClientProtocolClient.java:onNext(264)) - client-734BBEB428D7->a5e38e3e-c2ad-4348-acb9-3fc25cfb14dd: receive RaftClientReply:client-734BBEB428D7->a5e38e3e-c2ad-4348-acb9-3fc25cfb14dd@group-7000B19605CB, cid=1668, SUCCESS, logIndex=2417, commits[a5e38e3e-c2ad-4348-acb9-3fc25cfb14dd:c2417, 11e48d46-e648-47f9-b6a0-9c7f26654c28:c2413, d1b6a90e-e817-40a7-bec1-608b5cc7d8b6:c2413]
2019-09-11 04:25:59,396 [grpc-default-executor-1] INFO  client.GrpcClientProtocolClient (GrpcClientProtocolClient.java:onNext(264)) - client-734BBEB428D7->a5e38e3e-c2ad-4348-acb9-3fc25cfb14dd: receive RaftClientReply:client-734BBEB428D7->a5e38e3e-c2ad-4348-acb9-3fc25cfb14dd@group-7000B19605CB, cid=1669, SUCCESS, logIndex=0, commits[a5e38e3e-c2ad-4348-acb9-3fc25cfb14dd:c2419, 11e48d46-e648-47f9-b6a0-9c7f26654c28:c2417, d1b6a90e-e817-40a7-bec1-608b5cc7d8b6:c2417]
2019-09-11 04:25:59,424 [grpc-default-executor-1] INFO  client.GrpcClientProtocolClient (GrpcClientProtocolClient.java:onNext(264)) - client-734BBEB428D7->a5e38e3e-c2ad-4348-acb9-3fc25cfb14dd: receive RaftClientReply:client-734BBEB428D7->a5e38e3e-c2ad-4348-acb9-3fc25cfb14dd@group-7000B19605CB, cid=1670, SUCCESS, logIndex=2420, commits[a5e38e3e-c2ad-4348-acb9-3fc25cfb14dd:c2422, 11e48d46-e648-47f9-b6a0-9c7f26654c28:c2419, d1b6a90e-e817-40a7-bec1-608b5cc7d8b6:c2419]
2019-09-11 04:25:59,425 [grpc-default-executor-1] INFO  client.GrpcClientProtocolClient (GrpcClientProtocolClient.java:onNext(264)) - client-734BBEB428D7->a5e38e3e-c2ad-4348-acb9-3fc25cfb14dd: receive RaftClientReply:client-734BBEB428D7->a5e38e3e-c2ad-4348-acb9-3fc25cfb14dd@group-7000B19605CB, cid=1671, SUCCESS, logIndex=2421, commits[a5e38e3e-c2ad-4348-acb9-3fc25cfb14dd:c2423, 11e48d46-e648-47f9-b6a0-9c7f26654c28:c2419, d1b6a90e-e817-40a7-bec1-608b5cc7d8b6:c2419]
2019-09-11 04:25:59,425 [grpc-default-executor-1] INFO  client.GrpcClientProtocolClient (GrpcClientProtocolClient.java:onNext(264)) - client-734BBEB428D7->a5e38e3e-c2ad-4348-acb9-3fc25cfb14dd: receive RaftClientReply:client-734BBEB428D7->a5e38e3e-c2ad-4348-acb9-3fc25cfb14dd@group-7000B19605CB, cid=1672, SUCCESS, logIndex=2422, commits[a5e38e3e-c2ad-4348-acb9-3fc25cfb14dd:c2423, 11e48d46-e648-47f9-b6a0-9c7f26654c28:c2419, d1b6a90e-e817-40a7-bec1-608b5cc7d8b6:c2419]
2019-09-11 04:25:59,425 [grpc-default-executor-1] INFO  client.GrpcClientProtocolClient (GrpcClientProtocolClient.java:onNext(264)) - client-734BBEB428D7->a5e38e3e-c2ad-4348-acb9-3fc25cfb14dd: receive RaftClientReply:client-734BBEB428D7->a5e38e3e-c2ad-4348-acb9-3fc25cfb14dd@group-7000B19605CB, cid=1673, SUCCESS, logIndex=2423, commits[a5e38e3e-c2ad-4348-acb9-3fc25cfb14dd:c2423, 11e48d46-e648-47f9-b6a0-9c7f26654c28:c2419, d1b6a90e-e817-40a7-bec1-608b5cc7d8b6:c2419]
2019-09-11 04:25:59,426 [grpc-default-executor-1] INFO  client.GrpcClientProtocolClient (GrpcClientProtocolClient.java:onNext(264)) - client-734BBEB428D7->a5e38e3e-c2ad-4348-acb9-3fc25cfb14dd: receive RaftClientReply:client-734BBEB428D7->a5e38e3e-c2ad-4348-acb9-3fc25cfb14dd@group-7000B19605CB, cid=1674, SUCCESS, logIndex=0, commits[a5e38e3e-c2ad-4348-acb9-3fc25cfb14dd:c2424, 11e48d46-e648-47f9-b6a0-9c7f26654c28:c2421, d1b6a90e-e817-40a7-bec1-608b5cc7d8b6:c2421]
2019-09-11 04:25:59,446 [grpc-default-executor-3] INFO  client.GrpcClientProtocolClient (GrpcClientProtocolClient.java:onNext(264)) - client-734BBEB428D7->a5e38e3e-c2ad-4348-acb9-3fc25cfb14dd: receive RaftClientReply:client-734BBEB428D7->a5e38e3e-c2ad-4348-acb9-3fc25cfb14dd@group-7000B19605CB, cid=1675, SUCCESS, logIndex=2428, commits[a5e38e3e-c2ad-4348-acb9-3fc25cfb14dd:c2429, 11e48d46-e648-47f9-b6a0-9c7f26654c28:c2427, d1b6a90e-e817-40a7-bec1-608b5cc7d8b6:c2427]
2019-09-11 04:25:59,446 [grpc-default-executor-3] INFO  client.GrpcClientProtocolClient (GrpcClientProtocolClient.java:onNext(264)) - client-734BBEB428D7->a5e38e3e-c2ad-4348-acb9-3fc25cfb14dd: receive RaftClientReply:client-734BBEB428D7->a5e38e3e-c2ad-4348-acb9-3fc25cfb14dd@group-7000B19605CB, cid=1676, SUCCESS, logIndex=2429, commits[a5e38e3e-c2ad-4348-acb9-3fc25cfb14dd:c2429, 11e48d46-e648-47f9-b6a0-9c7f26654c28:c2427, d1b6a90e-e817-40a7-bec1-608b5cc7d8b6:c2427]
2019-09-11 04:25:59,459 [grpc-default-executor-2] INFO  client.GrpcClientProtocolClient (GrpcClientProtocolClient.java:onNext(264)) - client-734BBEB428D7->a5e38e3e-c2ad-4348-acb9-3fc25cfb14dd: receive RaftClientReply:client-734BBEB428D7->a5e38e3e-c2ad-4348-acb9-3fc25cfb14dd@group-7000B19605CB, cid=1677, SUCCESS, logIndex=2432, commits[a5e38e3e-c2ad-4348-acb9-3fc25cfb14dd:c2433, 11e48d46-e648-47f9-b6a0-9c7f26654c28:c2429, d1b6a90e-e817-40a7-bec1-608b5cc7d8b6:c2429]
2019-09-11 04:25:59,459 [grpc-default-executor-2] INFO  client.GrpcClientProtocolClient (GrpcClientProtocolClient.java:onNext(264)) - client-734BBEB428D7->a5e38e3e-c2ad-4348-acb9-3fc25cfb14dd: receive RaftClientReply:client-734BBEB428D7->a5e38e3e-c2ad-4348-acb9-3fc25cfb14dd@group-7000B19605CB, cid=1678, SUCCESS, logIndex=2433, commits[a5e38e3e-c2ad-4348-acb9-3fc25cfb14dd:c2433, 11e48d46-e648-47f9-b6a0-9c7f26654c28:c2429, d1b6a90e-e817-40a7-bec1-608b5cc7d8b6:c2429]
2019-09-11 04:25:59,469 [grpc-default-executor-2] INFO  client.GrpcClientProtocolClient (GrpcClientProtocolClient.java:onNext(264)) - client-734BBEB428D7->a5e38e3e-c2ad-4348-acb9-3fc25cfb14dd: receive RaftClientReply:client-734BBEB428D7->a5e38e3e-c2ad-4348-acb9-3fc25cfb14dd@group-7000B19605CB, cid=1679, SUCCESS, logIndex=0, commits[a5e38e3e-c2ad-4348-acb9-3fc25cfb14dd:c2434, 11e48d46-e648-47f9-b6a0-9c7f26654c28:c2433, d1b6a90e-e817-40a7-bec1-608b5cc7d8b6:c2433]
2019-09-11 04:25:59,496 [grpc-default-executor-1] INFO  client.GrpcClientProtocolClient (GrpcClientProtocolClient.java:onNext(264)) - client-734BBEB428D7->a5e38e3e-c2ad-4348-acb9-3fc25cfb14dd: receive RaftClientReply:client-734BBEB428D7->a5e38e3e-c2ad-4348-acb9-3fc25cfb14dd@group-7000B19605CB, cid=1680, SUCCESS, logIndex=2435, commits[a5e38e3e-c2ad-4348-acb9-3fc25cfb14dd:c2436, 11e48d46-e648-47f9-b6a0-9c7f26654c28:c2434, d1b6a90e-e817-40a7-bec1-608b5cc7d8b6:c2434]
2019-09-11 04:25:59,497 [grpc-default-executor-1] INFO  client.GrpcClientProtocolClient (GrpcClientProtocolClient.java:onNext(264)) - client-734BBEB428D7->a5e38e3e-c2ad-4348-acb9-3fc25cfb14dd: receive RaftClientReply:client-734BBEB428D7->a5e38e3e-c2ad-4348-acb9-3fc25cfb14dd@group-7000B19605CB, cid=1681, SUCCESS, logIndex=2436, commits[a5e38e3e-c2ad-4348-acb9-3fc25cfb14dd:c2436, 11e48d46-e648-47f9-b6a0-9c7f26654c28:c2434, d1b6a90e-e817-40a7-bec1-608b5cc7d8b6:c2434]
2019-09-11 04:25:59,497 [grpc-default-executor-1] INFO  client.GrpcClientProtocolClient (GrpcClientProtocolClient.java:onNext(264)) - client-734BBEB428D7->a5e38e3e-c2ad-4348-acb9-3fc25cfb14dd: receive RaftClientReply:client-734BBEB428D7->a5e38e3e-c2ad-4348-acb9-3fc25cfb14dd@group-7000B19605CB, cid=1682, SUCCESS, logIndex=2437, commits[a5e38e3e-c2ad-4348-acb9-3fc25cfb14dd:c2438, 11e48d46-e648-47f9-b6a0-9c7f26654c28:c2434, d1b6a90e-e817-40a7-bec1-608b5cc7d8b6:c2434]
2019-09-11 04:25:59,497 [grpc-default-executor-1] INFO  client.GrpcClientProtocolClient (GrpcClientProtocolClient.java:onNext(264)) - client-734BBEB428D7->a5e38e3e-c2ad-4348-acb9-3fc25cfb14dd: receive RaftClientReply:client-734BBEB428D7->a5e38e3e-c2ad-4348-acb9-3fc25cfb14dd@group-7000B19605CB, cid=1683, SUCCESS, logIndex=2438, commits[a5e38e3e-c2ad-4348-acb9-3fc25cfb14dd:c2438, 11e48d46-e648-47f9-b6a0-9c7f26654c28:c2434, d1b6a90e-e817-40a7-bec1-608b5cc7d8b6:c2434]
2019-09-11 04:25:59,525 [grpc-default-executor-1] INFO  client.GrpcClientProtocolClient (GrpcClientProtocolClient.java:onNext(264)) - client-734BBEB428D7->a5e38e3e-c2ad-4348-acb9-3fc25cfb14dd: receive RaftClientReply:client-734BBEB428D7->a5e38e3e-c2ad-4348-acb9-3fc25cfb14dd@group-7000B19605CB, cid=1684, SUCCESS, logIndex=0, commits[a5e38e3e-c2ad-4348-acb9-3fc25cfb14dd:c2442, 11e48d46-e648-47f9-b6a0-9c7f26654c28:c2436, d1b6a90e-e817-40a7-bec1-608b5cc7d8b6:c2438]
2019-09-11 04:25:59,547 [grpc-default-executor-3] INFO  client.GrpcClientProtocolClient (GrpcClientProtocolClient.java:onNext(264)) - client-734BBEB428D7->a5e38e3e-c2ad-4348-acb9-3fc25cfb14dd: receive RaftClientReply:client-734BBEB428D7->a5e38e3e-c2ad-4348-acb9-3fc25cfb14dd@group-7000B19605CB, cid=1685, SUCCESS, logIndex=2443, commits[a5e38e3e-c2ad-4348-acb9-3fc25cfb14dd:c2444, 11e48d46-e648-47f9-b6a0-9c7f26654c28:c2442, d1b6a90e-e817-40a7-bec1-608b5cc7d8b6:c2442]
2019-09-11 04:25:59,547 [grpc-default-executor-1] INFO  client.GrpcClientProtocolClient (GrpcClientProtocolClient.java:onNext(264)) - client-734BBEB428D7->a5e38e3e-c2ad-4348-acb9-3fc25cfb14dd: receive RaftClientReply:client-734BBEB428D7->a5e38e3e-c2ad-4348-acb9-3fc25cfb14dd@group-7000B19605CB, cid=1686, SUCCESS, logIndex=2444, commits[a5e38e3e-c2ad-4348-acb9-3fc25cfb14dd:c2444, 11e48d46-e648-47f9-b6a0-9c7f26654c28:c2442, d1b6a90e-e817-40a7-bec1-608b5cc7d8b6:c2442]
2019-09-11 04:25:59,560 [grpc-default-executor-2] INFO  client.GrpcClientProtocolClient (GrpcClientProtocolClient.java:onNext(264)) - client-734BBEB428D7->a5e38e3e-c2ad-4348-acb9-3fc25cfb14dd: receive RaftClientReply:client-734BBEB428D7->a5e38e3e-c2ad-4348-acb9-3fc25cfb14dd@group-7000B19605CB, cid=1687, SUCCESS, logIndex=2447, commits[a5e38e3e-c2ad-4348-acb9-3fc25cfb14dd:c2447, 11e48d46-e648-47f9-b6a0-9c7f26654c28:c2444, d1b6a90e-e817-40a7-bec1-608b5cc7d8b6:c2444]
2019-09-11 04:25:59,560 [grpc-default-executor-2] INFO  client.GrpcClientProtocolClient (GrpcClientProtocolClient.java:onNext(264)) - client-734BBEB428D7->a5e38e3e-c2ad-4348-acb9-3fc25cfb14dd: receive RaftClientReply:client-734BBEB428D7->a5e38e3e-c2ad-4348-acb9-3fc25cfb14dd@group-7000B19605CB, cid=1688, SUCCESS, logIndex=2448, commits[a5e38e3e-c2ad-4348-acb9-3fc25cfb14dd:c2448, 11e48d46-e648-47f9-b6a0-9c7f26654c28:c2444, d1b6a90e-e817-40a7-bec1-608b5cc7d8b6:c2444]
2019-09-11 04:25:59,573 [grpc-default-executor-2] INFO  client.GrpcClientProtocolClient (GrpcClientProtocolClient.java:onNext(264)) - client-734BBEB428D7->a5e38e3e-c2ad-4348-acb9-3fc25cfb14dd: receive RaftClientReply:client-734BBEB428D7->a5e38e3e-c2ad-4348-acb9-3fc25cfb14dd@group-7000B19605CB, cid=1689, SUCCESS, logIndex=0, commits[a5e38e3e-c2ad-4348-acb9-3fc25cfb14dd:c2450, 11e48d46-e648-47f9-b6a0-9c7f26654c28:c2448, d1b6a90e-e817-40a7-bec1-608b5cc7d8b6:c2448]
2019-09-11 04:25:59,604 [grpc-default-executor-3] INFO  client.GrpcClientProtocolClient (GrpcClientProtocolClient.java:onNext(264)) - client-734BBEB428D7->a5e38e3e-c2ad-4348-acb9-3fc25cfb14dd: receive RaftClientReply:client-734BBEB428D7->a5e38e3e-c2ad-4348-acb9-3fc25cfb14dd@group-7000B19605CB, cid=1690, SUCCESS, logIndex=2451, commits[a5e38e3e-c2ad-4348-acb9-3fc25cfb14dd:c2452, 11e48d46-e648-47f9-b6a0-9c7f26654c28:c2450, d1b6a90e-e817-40a7-bec1-608b5cc7d8b6:c2450]
2019-09-11 04:25:59,605 [grpc-default-executor-3] INFO  client.GrpcClientProtocolClient (GrpcClientProtocolClient.java:onNext(264)) - client-734BBEB428D7->a5e38e3e-c2ad-4348-acb9-3fc25cfb14dd: receive RaftClientReply:client-734BBEB428D7->a5e38e3e-c2ad-4348-acb9-3fc25cfb14dd@group-7000B19605CB, cid=1691, SUCCESS, logIndex=2452, commits[a5e38e3e-c2ad-4348-acb9-3fc25cfb14dd:c2453, 11e48d46-e648-47f9-b6a0-9c7f26654c28:c2450, d1b6a90e-e817-40a7-bec1-608b5cc7d8b6:c2450]
2019-09-11 04:25:59,606 [grpc-default-executor-3] INFO  client.GrpcClientProtocolClient (GrpcClientProtocolClient.java:onNext(264)) - client-734BBEB428D7->a5e38e3e-c2ad-4348-acb9-3fc25cfb14dd: receive RaftClientReply:client-734BBEB428D7->a5e38e3e-c2ad-4348-acb9-3fc25cfb14dd@group-7000B19605CB, cid=1692, SUCCESS, logIndex=2453, commits[a5e38e3e-c2ad-4348-acb9-3fc25cfb14dd:c2454, 11e48d46-e648-47f9-b6a0-9c7f26654c28:c2450, d1b6a90e-e817-40a7-bec1-608b5cc7d8b6:c2450]
2019-09-11 04:25:59,606 [grpc-default-executor-3] INFO  client.GrpcClientProtocolClient (GrpcClientProtocolClient.java:onNext(264)) - client-734BBEB428D7->a5e38e3e-c2ad-4348-acb9-3fc25cfb14dd: receive RaftClientReply:client-734BBEB428D7->a5e38e3e-c2ad-4348-acb9-3fc25cfb14dd@group-7000B19605CB, cid=1693, SUCCESS, logIndex=2454, commits[a5e38e3e-c2ad-4348-acb9-3fc25cfb14dd:c2454, 11e48d46-e648-47f9-b6a0-9c7f26654c28:c2450, d1b6a90e-e817-40a7-bec1-608b5cc7d8b6:c2450]
2019-09-11 04:25:59,607 [grpc-default-executor-3] INFO  client.GrpcClientProtocolClient (GrpcClientProtocolClient.java:onNext(264)) - client-734BBEB428D7->a5e38e3e-c2ad-4348-acb9-3fc25cfb14dd: receive RaftClientReply:client-734BBEB428D7->a5e38e3e-c2ad-4348-acb9-3fc25cfb14dd@group-7000B19605CB, cid=1694, SUCCESS, logIndex=0, commits[a5e38e3e-c2ad-4348-acb9-3fc25cfb14dd:c2458, 11e48d46-e648-47f9-b6a0-9c7f26654c28:c2454, d1b6a90e-e817-40a7-bec1-608b5cc7d8b6:c2454]
2019-09-11 04:25:59,627 [grpc-default-executor-1] INFO  client.GrpcClientProtocolClient (GrpcClientProtocolClient.java:onNext(264)) - client-734BBEB428D7->a5e38e3e-c2ad-4348-acb9-3fc25cfb14dd: receive RaftClientReply:client-734BBEB428D7->a5e38e3e-c2ad-4348-acb9-3fc25cfb14dd@group-7000B19605CB, cid=1695, SUCCESS, logIndex=2459, commits[a5e38e3e-c2ad-4348-acb9-3fc25cfb14dd:c2460, 11e48d46-e648-47f9-b6a0-9c7f26654c28:c2458, d1b6a90e-e817-40a7-bec1-608b5cc7d8b6:c2458]
2019-09-11 04:25:59,627 [grpc-default-executor-1] INFO  client.GrpcClientProtocolClient (GrpcClientProtocolClient.java:onNext(264)) - client-734BBEB428D7->a5e38e3e-c2ad-4348-acb9-3fc25cfb14dd: receive RaftClientReply:client-734BBEB428D7->a5e38e3e-c2ad-4348-acb9-3fc25cfb14dd@group-7000B19605CB, cid=1696, SUCCESS, logIndex=2460, commits[a5e38e3e-c2ad-4348-acb9-3fc25cfb14dd:c2460, 11e48d46-e648-47f9-b6a0-9c7f26654c28:c2458, d1b6a90e-e817-40a7-bec1-608b5cc7d8b6:c2458]
2019-09-11 04:25:59,641 [grpc-default-executor-2] INFO  client.GrpcClientProtocolClient (GrpcClientProtocolClient.java:onNext(264)) - client-734BBEB428D7->a5e38e3e-c2ad-4348-acb9-3fc25cfb14dd: receive RaftClientReply:client-734BBEB428D7->a5e38e3e-c2ad-4348-acb9-3fc25cfb14dd@group-7000B19605CB, cid=1697, SUCCESS, logIndex=2463, commits[a5e38e3e-c2ad-4348-acb9-3fc25cfb14dd:c2464, 11e48d46-e648-47f9-b6a0-9c7f26654c28:c2460, d1b6a90e-e817-40a7-bec1-608b5cc7d8b6:c2460]
2019-09-11 04:25:59,641 [grpc-default-executor-2] INFO  client.GrpcClientProtocolClient (GrpcClientProtocolClient.java:onNext(264)) - client-734BBEB428D7->a5e38e3e-c2ad-4348-acb9-3fc25cfb14dd: receive RaftClientReply:client-734BBEB428D7->a5e38e3e-c2ad-4348-acb9-3fc25cfb14dd@group-7000B19605CB, cid=1698, SUCCESS, logIndex=2464, commits[a5e38e3e-c2ad-4348-acb9-3fc25cfb14dd:c2464, 11e48d46-e648-47f9-b6a0-9c7f26654c28:c2460, d1b6a90e-e817-40a7-bec1-608b5cc7d8b6:c2460]
2019-09-11 04:25:59,652 [grpc-default-executor-2] INFO  client.GrpcClientProtocolClient (GrpcClientProtocolClient.java:onNext(264)) - client-734BBEB428D7->a5e38e3e-c2ad-4348-acb9-3fc25cfb14dd: receive RaftClientReply:client-734BBEB428D7->a5e38e3e-c2ad-4348-acb9-3fc25cfb14dd@group-7000B19605CB, cid=1699, SUCCESS, logIndex=0, commits[a5e38e3e-c2ad-4348-acb9-3fc25cfb14dd:c2465, 11e48d46-e648-47f9-b6a0-9c7f26654c28:c2464, d1b6a90e-e817-40a7-bec1-608b5cc7d8b6:c2464]
2019-09-11 04:25:59,829 [grpc-default-executor-2] INFO  client.GrpcClientProtocolClient (GrpcClientProtocolClient.java:onNext(264)) - client-734BBEB428D7->a5e38e3e-c2ad-4348-acb9-3fc25cfb14dd: receive RaftClientReply:client-734BBEB428D7->a5e38e3e-c2ad-4348-acb9-3fc25cfb14dd@group-7000B19605CB, cid=1700, SUCCESS, logIndex=2467, commits[a5e38e3e-c2ad-4348-acb9-3fc25cfb14dd:c2468, 11e48d46-e648-47f9-b6a0-9c7f26654c28:c2466, d1b6a90e-e817-40a7-bec1-608b5cc7d8b6:c2466]
2019-09-11 04:25:59,830 [grpc-default-executor-2] INFO  client.GrpcClientProtocolClient (GrpcClientProtocolClient.java:onNext(264)) - client-734BBEB428D7->a5e38e3e-c2ad-4348-acb9-3fc25cfb14dd: receive RaftClientReply:client-734BBEB428D7->a5e38e3e-c2ad-4348-acb9-3fc25cfb14dd@group-7000B19605CB, cid=1701, SUCCESS, logIndex=2468, commits[a5e38e3e-c2ad-4348-acb9-3fc25cfb14dd:c2470, 11e48d46-e648-47f9-b6a0-9c7f26654c28:c2466, d1b6a90e-e817-40a7-bec1-608b5cc7d8b6:c2466]
2019-09-11 04:25:59,830 [grpc-default-executor-2] INFO  client.GrpcClientProtocolClient (GrpcClientProtocolClient.java:onNext(264)) - client-734BBEB428D7->a5e38e3e-c2ad-4348-acb9-3fc25cfb14dd: receive RaftClientReply:client-734BBEB428D7->a5e38e3e-c2ad-4348-acb9-3fc25cfb14dd@group-7000B19605CB, cid=1702, SUCCESS, logIndex=2469, commits[a5e38e3e-c2ad-4348-acb9-3fc25cfb14dd:c2470, 11e48d46-e648-47f9-b6a0-9c7f26654c28:c2466, d1b6a90e-e817-40a7-bec1-608b5cc7d8b6:c2466]
2019-09-11 04:25:59,831 [grpc-default-executor-2] INFO  client.GrpcClientProtocolClient (GrpcClientProtocolClient.java:onNext(264)) - client-734BBEB428D7->a5e38e3e-c2ad-4348-acb9-3fc25cfb14dd: receive RaftClientReply:client-734BBEB428D7->a5e38e3e-c2ad-4348-acb9-3fc25cfb14dd@group-7000B19605CB, cid=1703, SUCCESS, logIndex=2470, commits[a5e38e3e-c2ad-4348-acb9-3fc25cfb14dd:c2471, 11e48d46-e648-47f9-b6a0-9c7f26654c28:c2466, d1b6a90e-e817-40a7-bec1-608b5cc7d8b6:c2467]
2019-09-11 04:25:59,832 [grpc-default-executor-2] INFO  client.GrpcClientProtocolClient (GrpcClientProtocolClient.java:onNext(264)) - client-734BBEB428D7->a5e38e3e-c2ad-4348-acb9-3fc25cfb14dd: receive RaftClientReply:client-734BBEB428D7->a5e38e3e-c2ad-4348-acb9-3fc25cfb14dd@group-7000B19605CB, cid=1704, SUCCESS, logIndex=0, commits[a5e38e3e-c2ad-4348-acb9-3fc25cfb14dd:c2474, 11e48d46-e648-47f9-b6a0-9c7f26654c28:c2468, d1b6a90e-e817-40a7-bec1-608b5cc7d8b6:c2470]
2019-09-11 04:25:59,853 [grpc-default-executor-2] INFO  client.GrpcClientProtocolClient (GrpcClientProtocolClient.java:onNext(264)) - client-734BBEB428D7->a5e38e3e-c2ad-4348-acb9-3fc25cfb14dd: receive RaftClientReply:client-734BBEB428D7->a5e38e3e-c2ad-4348-acb9-3fc25cfb14dd@group-7000B19605CB, cid=1705, SUCCESS, logIndex=2475, commits[a5e38e3e-c2ad-4348-acb9-3fc25cfb14dd:c2476, 11e48d46-e648-47f9-b6a0-9c7f26654c28:c2474, d1b6a90e-e817-40a7-bec1-608b5cc7d8b6:c2474]
2019-09-11 04:25:59,853 [grpc-default-executor-2] INFO  client.GrpcClientProtocolClient (GrpcClientProtocolClient.java:onNext(264)) - client-734BBEB428D7->a5e38e3e-c2ad-4348-acb9-3fc25cfb14dd: receive RaftClientReply:client-734BBEB428D7->a5e38e3e-c2ad-4348-acb9-3fc25cfb14dd@group-7000B19605CB, cid=1706, SUCCESS, logIndex=2476, commits[a5e38e3e-c2ad-4348-acb9-3fc25cfb14dd:c2476, 11e48d46-e648-47f9-b6a0-9c7f26654c28:c2474, d1b6a90e-e817-40a7-bec1-608b5cc7d8b6:c2474]
2019-09-11 04:25:59,867 [grpc-default-executor-3] INFO  client.GrpcClientProtocolClient (GrpcClientProtocolClient.java:onNext(264)) - client-734BBEB428D7->a5e38e3e-c2ad-4348-acb9-3fc25cfb14dd: receive RaftClientReply:client-734BBEB428D7->a5e38e3e-c2ad-4348-acb9-3fc25cfb14dd@group-7000B19605CB, cid=1707, SUCCESS, logIndex=2479, commits[a5e38e3e-c2ad-4348-acb9-3fc25cfb14dd:c2480, 11e48d46-e648-47f9-b6a0-9c7f26654c28:c2476, d1b6a90e-e817-40a7-bec1-608b5cc7d8b6:c2476]
2019-09-11 04:25:59,867 [grpc-default-executor-3] INFO  client.GrpcClientProtocolClient (GrpcClientProtocolClient.java:onNext(264)) - client-734BBEB428D7->a5e38e3e-c2ad-4348-acb9-3fc25cfb14dd: receive RaftClientReply:client-734BBEB428D7->a5e38e3e-c2ad-4348-acb9-3fc25cfb14dd@group-7000B19605CB, cid=1708, SUCCESS, logIndex=2480, commits[a5e38e3e-c2ad-4348-acb9-3fc25cfb14dd:c2480, 11e48d46-e648-47f9-b6a0-9c7f26654c28:c2476, d1b6a90e-e817-40a7-bec1-608b5cc7d8b6:c2476]
2019-09-11 04:25:59,879 [grpc-default-executor-3] INFO  client.GrpcClientProtocolClient (GrpcClientProtocolClient.java:onNext(264)) - client-734BBEB428D7->a5e38e3e-c2ad-4348-acb9-3fc25cfb14dd: receive RaftClientReply:client-734BBEB428D7->a5e38e3e-c2ad-4348-acb9-3fc25cfb14dd@group-7000B19605CB, cid=1709, SUCCESS, logIndex=0, commits[a5e38e3e-c2ad-4348-acb9-3fc25cfb14dd:c2482, 11e48d46-e648-47f9-b6a0-9c7f26654c28:c2480, d1b6a90e-e817-40a7-bec1-608b5cc7d8b6:c2480]
2019-09-11 04:25:59,910 [grpc-default-executor-2] INFO  client.GrpcClientProtocolClient (GrpcClientProtocolClient.java:onNext(264)) - client-734BBEB428D7->a5e38e3e-c2ad-4348-acb9-3fc25cfb14dd: receive RaftClientReply:client-734BBEB428D7->a5e38e3e-c2ad-4348-acb9-3fc25cfb14dd@group-7000B19605CB, cid=1710, SUCCESS, logIndex=2483, commits[a5e38e3e-c2ad-4348-acb9-3fc25cfb14dd:c2484, 11e48d46-e648-47f9-b6a0-9c7f26654c28:c2482, d1b6a90e-e817-40a7-bec1-608b5cc7d8b6:c2482]
2019-09-11 04:25:59,911 [grpc-default-executor-2] INFO  client.GrpcClientProtocolClient (GrpcClientProtocolClient.java:onNext(264)) - client-734BBEB428D7->a5e38e3e-c2ad-4348-acb9-3fc25cfb14dd: receive RaftClientReply:client-734BBEB428D7->a5e38e3e-c2ad-4348-acb9-3fc25cfb14dd@group-7000B19605CB, cid=1711, SUCCESS, logIndex=2484, commits[a5e38e3e-c2ad-4348-acb9-3fc25cfb14dd:c2486, 11e48d46-e648-47f9-b6a0-9c7f26654c28:c2482, d1b6a90e-e817-40a7-bec1-608b5cc7d8b6:c2482]
2019-09-11 04:25:59,912 [grpc-default-executor-2] INFO  client.GrpcClientProtocolClient (GrpcClientProtocolClient.java:onNext(264)) - client-734BBEB428D7->a5e38e3e-c2ad-4348-acb9-3fc25cfb14dd: receive RaftClientReply:client-734BBEB428D7->a5e38e3e-c2ad-4348-acb9-3fc25cfb14dd@group-7000B19605CB, cid=1712, SUCCESS, logIndex=2485, commits[a5e38e3e-c2ad-4348-acb9-3fc25cfb14dd:c2486, 11e48d46-e648-47f9-b6a0-9c7f26654c28:c2484, d1b6a90e-e817-40a7-bec1-608b5cc7d8b6:c2482]
2019-09-11 04:25:59,912 [grpc-default-executor-2] INFO  client.GrpcClientProtocolClient (GrpcClientProtocolClient.java:onNext(264)) - client-734BBEB428D7->a5e38e3e-c2ad-4348-acb9-3fc25cfb14dd: receive RaftClientReply:client-734BBEB428D7->a5e38e3e-c2ad-4348-acb9-3fc25cfb14dd@group-7000B19605CB, cid=1713, SUCCESS, logIndex=2486, commits[a5e38e3e-c2ad-4348-acb9-3fc25cfb14dd:c2487, 11e48d46-e648-47f9-b6a0-9c7f26654c28:c2484, d1b6a90e-e817-40a7-bec1-608b5cc7d8b6:c2482]
2019-09-11 04:25:59,913 [grpc-default-executor-2] INFO  client.GrpcClientProtocolClient (GrpcClientProtocolClient.java:onNext(264)) - client-734BBEB428D7->a5e38e3e-c2ad-4348-acb9-3fc25cfb14dd: receive RaftClientReply:client-734BBEB428D7->a5e38e3e-c2ad-4348-acb9-3fc25cfb14dd@group-7000B19605CB, cid=1714, SUCCESS, logIndex=0, commits[a5e38e3e-c2ad-4348-acb9-3fc25cfb14dd:c2489, 11e48d46-e648-47f9-b6a0-9c7f26654c28:c2486, d1b6a90e-e817-40a7-bec1-608b5cc7d8b6:c2484]
2019-09-11 04:25:59,935 [grpc-default-executor-1] INFO  client.GrpcClientProtocolClient (GrpcClientProtocolClient.java:onNext(264)) - client-734BBEB428D7->a5e38e3e-c2ad-4348-acb9-3fc25cfb14dd: receive RaftClientReply:client-734BBEB428D7->a5e38e3e-c2ad-4348-acb9-3fc25cfb14dd@group-7000B19605CB, cid=1715, SUCCESS, logIndex=2490, commits[a5e38e3e-c2ad-4348-acb9-3fc25cfb14dd:c2491, 11e48d46-e648-47f9-b6a0-9c7f26654c28:c2489, d1b6a90e-e817-40a7-bec1-608b5cc7d8b6:c2489]
2019-09-11 04:25:59,935 [grpc-default-executor-1] INFO  client.GrpcClientProtocolClient (GrpcClientProtocolClient.java:onNext(264)) - client-734BBEB428D7->a5e38e3e-c2ad-4348-acb9-3fc25cfb14dd: receive RaftClientReply:client-734BBEB428D7->a5e38e3e-c2ad-4348-acb9-3fc25cfb14dd@group-7000B19605CB, cid=1716, SUCCESS, logIndex=2491, commits[a5e38e3e-c2ad-4348-acb9-3fc25cfb14dd:c2491, 11e48d46-e648-47f9-b6a0-9c7f26654c28:c2489, d1b6a90e-e817-40a7-bec1-608b5cc7d8b6:c2489]
2019-09-11 04:25:59,960 [grpc-default-executor-2] INFO  client.GrpcClientProtocolClient (GrpcClientProtocolClient.java:onNext(264)) - client-734BBEB428D7->a5e38e3e-c2ad-4348-acb9-3fc25cfb14dd: receive RaftClientReply:client-734BBEB428D7->a5e38e3e-c2ad-4348-acb9-3fc25cfb14dd@group-7000B19605CB, cid=1717, SUCCESS, logIndex=2494, commits[a5e38e3e-c2ad-4348-acb9-3fc25cfb14dd:c2495, 11e48d46-e648-47f9-b6a0-9c7f26654c28:c2491, d1b6a90e-e817-40a7-bec1-608b5cc7d8b6:c2491]
2019-09-11 04:25:59,960 [grpc-default-executor-2] INFO  client.GrpcClientProtocolClient (GrpcClientProtocolClient.java:onNext(264)) - client-734BBEB428D7->a5e38e3e-c2ad-4348-acb9-3fc25cfb14dd: receive RaftClientReply:client-734BBEB428D7->a5e38e3e-c2ad-4348-acb9-3fc25cfb14dd@group-7000B19605CB, cid=1718, SUCCESS, logIndex=2495, commits[a5e38e3e-c2ad-4348-acb9-3fc25cfb14dd:c2495, 11e48d46-e648-47f9-b6a0-9c7f26654c28:c2491, d1b6a90e-e817-40a7-bec1-608b5cc7d8b6:c2491]
2019-09-11 04:25:59,973 [grpc-default-executor-2] INFO  client.GrpcClientProtocolClient (GrpcClientProtocolClient.java:onNext(264)) - client-734BBEB428D7->a5e38e3e-c2ad-4348-acb9-3fc25cfb14dd: receive RaftClientReply:client-734BBEB428D7->a5e38e3e-c2ad-4348-acb9-3fc25cfb14dd@group-7000B19605CB, cid=1719, SUCCESS, logIndex=0, commits[a5e38e3e-c2ad-4348-acb9-3fc25cfb14dd:c2497, 11e48d46-e648-47f9-b6a0-9c7f26654c28:c2495, d1b6a90e-e817-40a7-bec1-608b5cc7d8b6:c2495]
2019-09-11 04:26:00,001 [grpc-default-executor-3] INFO  client.GrpcClientProtocolClient (GrpcClientProtocolClient.java:onNext(264)) - client-734BBEB428D7->a5e38e3e-c2ad-4348-acb9-3fc25cfb14dd: receive RaftClientReply:client-734BBEB428D7->a5e38e3e-c2ad-4348-acb9-3fc25cfb14dd@group-7000B19605CB, cid=1720, SUCCESS, logIndex=2498, commits[a5e38e3e-c2ad-4348-acb9-3fc25cfb14dd:c2500, 11e48d46-e648-47f9-b6a0-9c7f26654c28:c2497, d1b6a90e-e817-40a7-bec1-608b5cc7d8b6:c2497]
2019-09-11 04:26:00,001 [grpc-default-executor-3] INFO  client.GrpcClientProtocolClient (GrpcClientProtocolClient.java:onNext(264)) - client-734BBEB428D7->a5e38e3e-c2ad-4348-acb9-3fc25cfb14dd: receive RaftClientReply:client-734BBEB428D7->a5e38e3e-c2ad-4348-acb9-3fc25cfb14dd@group-7000B19605CB, cid=1721, SUCCESS, logIndex=2499, commits[a5e38e3e-c2ad-4348-acb9-3fc25cfb14dd:c2501, 11e48d46-e648-47f9-b6a0-9c7f26654c28:c2497, d1b6a90e-e817-40a7-bec1-608b5cc7d8b6:c2497]
2019-09-11 04:26:00,002 [grpc-default-executor-3] INFO  client.GrpcClientProtocolClient (GrpcClientProtocolClient.java:onNext(264)) - client-734BBEB428D7->a5e38e3e-c2ad-4348-acb9-3fc25cfb14dd: receive RaftClientReply:client-734BBEB428D7->a5e38e3e-c2ad-4348-acb9-3fc25cfb14dd@group-7000B19605CB, cid=1722, SUCCESS, logIndex=2500, commits[a5e38e3e-c2ad-4348-acb9-3fc25cfb14dd:c2501, 11e48d46-e648-47f9-b6a0-9c7f26654c28:c2497, d1b6a90e-e817-40a7-bec1-608b5cc7d8b6:c2497]
2019-09-11 04:26:00,002 [grpc-default-executor-2] INFO  client.GrpcClientProtocolClient (GrpcClientProtocolClient.java:onNext(264)) - client-734BBEB428D7->a5e38e3e-c2ad-4348-acb9-3fc25cfb14dd: receive RaftClientReply:client-734BBEB428D7->a5e38e3e-c2ad-4348-acb9-3fc25cfb14dd@group-7000B19605CB, cid=1723, SUCCESS, logIndex=2501, commits[a5e38e3e-c2ad-4348-acb9-3fc25cfb14dd:c2501, 11e48d46-e648-47f9-b6a0-9c7f26654c28:c2497, d1b6a90e-e817-40a7-bec1-608b5cc7d8b6:c2497]
2019-09-11 04:26:00,004 [grpc-default-executor-2] INFO  client.GrpcClientProtocolClient (GrpcClientProtocolClient.java:onNext(264)) - client-734BBEB428D7->a5e38e3e-c2ad-4348-acb9-3fc25cfb14dd: receive RaftClientReply:client-734BBEB428D7->a5e38e3e-c2ad-4348-acb9-3fc25cfb14dd@group-7000B19605CB, cid=1724, SUCCESS, logIndex=0, commits[a5e38e3e-c2ad-4348-acb9-3fc25cfb14dd:c2503, 11e48d46-e648-47f9-b6a0-9c7f26654c28:c2500, d1b6a90e-e817-40a7-bec1-608b5cc7d8b6:c2500]
2019-09-11 04:26:00,022 [grpc-default-executor-1] INFO  client.GrpcClientProtocolClient (GrpcClientProtocolClient.java:onNext(264)) - client-734BBEB428D7->a5e38e3e-c2ad-4348-acb9-3fc25cfb14dd: receive RaftClientReply:client-734BBEB428D7->a5e38e3e-c2ad-4348-acb9-3fc25cfb14dd@group-7000B19605CB, cid=1725, SUCCESS, logIndex=2506, commits[a5e38e3e-c2ad-4348-acb9-3fc25cfb14dd:c2507, 11e48d46-e648-47f9-b6a0-9c7f26654c28:c2505, d1b6a90e-e817-40a7-bec1-608b5cc7d8b6:c2505]
2019-09-11 04:26:00,022 [grpc-default-executor-1] INFO  client.GrpcClientProtocolClient (GrpcClientProtocolClient.java:onNext(264)) - client-734BBEB428D7->a5e38e3e-c2ad-4348-acb9-3fc25cfb14dd: receive RaftClientReply:client-734BBEB428D7->a5e38e3e-c2ad-4348-acb9-3fc25cfb14dd@group-7000B19605CB, cid=1726, SUCCESS, logIndex=2507, commits[a5e38e3e-c2ad-4348-acb9-3fc25cfb14dd:c2507, 11e48d46-e648-47f9-b6a0-9c7f26654c28:c2505, d1b6a90e-e817-40a7-bec1-608b5cc7d8b6:c2505]
2019-09-11 04:26:00,034 [grpc-default-executor-3] INFO  client.GrpcClientProtocolClient (GrpcClientProtocolClient.java:onNext(264)) - client-734BBEB428D7->a5e38e3e-c2ad-4348-acb9-3fc25cfb14dd: receive RaftClientReply:client-734BBEB428D7->a5e38e3e-c2ad-4348-acb9-3fc25cfb14dd@group-7000B19605CB, cid=1727, SUCCESS, logIndex=2510, commits[a5e38e3e-c2ad-4348-acb9-3fc25cfb14dd:c2511, 11e48d46-e648-47f9-b6a0-9c7f26654c28:c2507, d1b6a90e-e817-40a7-bec1-608b5cc7d8b6:c2507]
2019-09-11 04:26:00,035 [grpc-default-executor-3] INFO  client.GrpcClientProtocolClient (GrpcClientProtocolClient.java:onNext(264)) - client-734BBEB428D7->a5e38e3e-c2ad-4348-acb9-3fc25cfb14dd: receive RaftClientReply:client-734BBEB428D7->a5e38e3e-c2ad-4348-acb9-3fc25cfb14dd@group-7000B19605CB, cid=1728, SUCCESS, logIndex=2511, commits[a5e38e3e-c2ad-4348-acb9-3fc25cfb14dd:c2511, 11e48d46-e648-47f9-b6a0-9c7f26654c28:c2507, d1b6a90e-e817-40a7-bec1-608b5cc7d8b6:c2507]
2019-09-11 04:26:00,044 [grpc-default-executor-3] INFO  client.GrpcClientProtocolClient (GrpcClientProtocolClient.java:onNext(264)) - client-734BBEB428D7->a5e38e3e-c2ad-4348-acb9-3fc25cfb14dd: receive RaftClientReply:client-734BBEB428D7->a5e38e3e-c2ad-4348-acb9-3fc25cfb14dd@group-7000B19605CB, cid=1729, SUCCESS, logIndex=0, commits[a5e38e3e-c2ad-4348-acb9-3fc25cfb14dd:c2512, 11e48d46-e648-47f9-b6a0-9c7f26654c28:c2511, d1b6a90e-e817-40a7-bec1-608b5cc7d8b6:c2511]
2019-09-11 04:26:00,074 [grpc-default-executor-2] INFO  client.GrpcClientProtocolClient (GrpcClientProtocolClient.java:onNext(264)) - client-734BBEB428D7->a5e38e3e-c2ad-4348-acb9-3fc25cfb14dd: receive RaftClientReply:client-734BBEB428D7->a5e38e3e-c2ad-4348-acb9-3fc25cfb14dd@group-7000B19605CB, cid=1730, SUCCESS, logIndex=2514, commits[a5e38e3e-c2ad-4348-acb9-3fc25cfb14dd:c2515, 11e48d46-e648-47f9-b6a0-9c7f26654c28:c2511, d1b6a90e-e817-40a7-bec1-608b5cc7d8b6:c2513]
2019-09-11 04:26:00,074 [grpc-default-executor-1] INFO  client.GrpcClientProtocolClient (GrpcClientProtocolClient.java:onNext(264)) - client-734BBEB428D7->a5e38e3e-c2ad-4348-acb9-3fc25cfb14dd: receive RaftClientReply:client-734BBEB428D7->a5e38e3e-c2ad-4348-acb9-3fc25cfb14dd@group-7000B19605CB, cid=1731, SUCCESS, logIndex=2515, commits[a5e38e3e-c2ad-4348-acb9-3fc25cfb14dd:c2515, 11e48d46-e648-47f9-b6a0-9c7f26654c28:c2513, d1b6a90e-e817-40a7-bec1-608b5cc7d8b6:c2513]
2019-09-11 04:26:00,075 [grpc-default-executor-1] INFO  client.GrpcClientProtocolClient (GrpcClientProtocolClient.java:onNext(264)) - client-734BBEB428D7->a5e38e3e-c2ad-4348-acb9-3fc25cfb14dd: receive RaftClientReply:client-734BBEB428D7->a5e38e3e-c2ad-4348-acb9-3fc25cfb14dd@group-7000B19605CB, cid=1732, SUCCESS, logIndex=2516, commits[a5e38e3e-c2ad-4348-acb9-3fc25cfb14dd:c2517, 11e48d46-e648-47f9-b6a0-9c7f26654c28:c2513, d1b6a90e-e817-40a7-bec1-608b5cc7d8b6:c2513]
2019-09-11 04:26:00,075 [grpc-default-executor-1] INFO  client.GrpcClientProtocolClient (GrpcClientProtocolClient.java:onNext(264)) - client-734BBEB428D7->a5e38e3e-c2ad-4348-acb9-3fc25cfb14dd: receive RaftClientReply:client-734BBEB428D7->a5e38e3e-c2ad-4348-acb9-3fc25cfb14dd@group-7000B19605CB, cid=1733, SUCCESS, logIndex=2517, commits[a5e38e3e-c2ad-4348-acb9-3fc25cfb14dd:c2517, 11e48d46-e648-47f9-b6a0-9c7f26654c28:c2513, d1b6a90e-e817-40a7-bec1-608b5cc7d8b6:c2513]
2019-09-11 04:26:00,076 [grpc-default-executor-1] INFO  client.GrpcClientProtocolClient (GrpcClientProtocolClient.java:onNext(264)) - client-734BBEB428D7->a5e38e3e-c2ad-4348-acb9-3fc25cfb14dd: receive RaftClientReply:client-734BBEB428D7->a5e38e3e-c2ad-4348-acb9-3fc25cfb14dd@group-7000B19605CB, cid=1734, SUCCESS, logIndex=0, commits[a5e38e3e-c2ad-4348-acb9-3fc25cfb14dd:c2518, 11e48d46-e648-47f9-b6a0-9c7f26654c28:c2515, d1b6a90e-e817-40a7-bec1-608b5cc7d8b6:c2515]
2019-09-11 04:26:00,095 [grpc-default-executor-2] INFO  client.GrpcClientProtocolClient (GrpcClientProtocolClient.java:onNext(264)) - client-734BBEB428D7->a5e38e3e-c2ad-4348-acb9-3fc25cfb14dd: receive RaftClientReply:client-734BBEB428D7->a5e38e3e-c2ad-4348-acb9-3fc25cfb14dd@group-7000B19605CB, cid=1735, SUCCESS, logIndex=2521, commits[a5e38e3e-c2ad-4348-acb9-3fc25cfb14dd:c2522, 11e48d46-e648-47f9-b6a0-9c7f26654c28:c2520, d1b6a90e-e817-40a7-bec1-608b5cc7d8b6:c2520]
2019-09-11 04:26:00,095 [grpc-default-executor-2] INFO  client.GrpcClientProtocolClient (GrpcClientProtocolClient.java:onNext(264)) - client-734BBEB428D7->a5e38e3e-c2ad-4348-acb9-3fc25cfb14dd: receive RaftClientReply:client-734BBEB428D7->a5e38e3e-c2ad-4348-acb9-3fc25cfb14dd@group-7000B19605CB, cid=1736, SUCCESS, logIndex=2522, commits[a5e38e3e-c2ad-4348-acb9-3fc25cfb14dd:c2522, 11e48d46-e648-47f9-b6a0-9c7f26654c28:c2520, d1b6a90e-e817-40a7-bec1-608b5cc7d8b6:c2520]
2019-09-11 04:26:00,108 [grpc-default-executor-1] INFO  client.GrpcClientProtocolClient (GrpcClientProtocolClient.java:onNext(264)) - client-734BBEB428D7->a5e38e3e-c2ad-4348-acb9-3fc25cfb14dd: receive RaftClientReply:client-734BBEB428D7->a5e38e3e-c2ad-4348-acb9-3fc25cfb14dd@group-7000B19605CB, cid=1737, SUCCESS, logIndex=2525, commits[a5e38e3e-c2ad-4348-acb9-3fc25cfb14dd:c2526, 11e48d46-e648-47f9-b6a0-9c7f26654c28:c2522, d1b6a90e-e817-40a7-bec1-608b5cc7d8b6:c2522]
2019-09-11 04:26:00,108 [grpc-default-executor-1] INFO  client.GrpcClientProtocolClient (GrpcClientProtocolClient.java:onNext(264)) - client-734BBEB428D7->a5e38e3e-c2ad-4348-acb9-3fc25cfb14dd: receive RaftClientReply:client-734BBEB428D7->a5e38e3e-c2ad-4348-acb9-3fc25cfb14dd@group-7000B19605CB, cid=1738, SUCCESS, logIndex=2526, commits[a5e38e3e-c2ad-4348-acb9-3fc25cfb14dd:c2526, 11e48d46-e648-47f9-b6a0-9c7f26654c28:c2522, d1b6a90e-e817-40a7-bec1-608b5cc7d8b6:c2522]
2019-09-11 04:26:00,121 [grpc-default-executor-1] INFO  client.GrpcClientProtocolClient (GrpcClientProtocolClient.java:onNext(264)) - client-734BBEB428D7->a5e38e3e-c2ad-4348-acb9-3fc25cfb14dd: receive RaftClientReply:client-734BBEB428D7->a5e38e3e-c2ad-4348-acb9-3fc25cfb14dd@group-7000B19605CB, cid=1739, SUCCESS, logIndex=0, commits[a5e38e3e-c2ad-4348-acb9-3fc25cfb14dd:c2528, 11e48d46-e648-47f9-b6a0-9c7f26654c28:c2526, d1b6a90e-e817-40a7-bec1-608b5cc7d8b6:c2526]
 0.00% |█                                                                                                    |  0/1 Time: 0:00:112019-09-11 04:26:00,147 [grpc-default-executor-2] INFO  client.GrpcClientProtocolClient (GrpcClientProtocolClient.java:onNext(264)) - client-734BBEB428D7->a5e38e3e-c2ad-4348-acb9-3fc25cfb14dd: receive RaftClientReply:client-734BBEB428D7->a5e38e3e-c2ad-4348-acb9-3fc25cfb14dd@group-7000B19605CB, cid=1740, SUCCESS, logIndex=2529, commits[a5e38e3e-c2ad-4348-acb9-3fc25cfb14dd:c2530, 11e48d46-e648-47f9-b6a0-9c7f26654c28:c2528, d1b6a90e-e817-40a7-bec1-608b5cc7d8b6:c2528]
2019-09-11 04:26:00,147 [grpc-default-executor-2] INFO  client.GrpcClientProtocolClient (GrpcClientProtocolClient.java:onNext(264)) - client-734BBEB428D7->a5e38e3e-c2ad-4348-acb9-3fc25cfb14dd: receive RaftClientReply:client-734BBEB428D7->a5e38e3e-c2ad-4348-acb9-3fc25cfb14dd@group-7000B19605CB, cid=1741, SUCCESS, logIndex=2530, commits[a5e38e3e-c2ad-4348-acb9-3fc25cfb14dd:c2532, 11e48d46-e648-47f9-b6a0-9c7f26654c28:c2528, d1b6a90e-e817-40a7-bec1-608b5cc7d8b6:c2528]
2019-09-11 04:26:00,148 [grpc-default-executor-2] INFO  client.GrpcClientProtocolClient (GrpcClientProtocolClient.java:onNext(264)) - client-734BBEB428D7->a5e38e3e-c2ad-4348-acb9-3fc25cfb14dd: receive RaftClientReply:client-734BBEB428D7->a5e38e3e-c2ad-4348-acb9-3fc25cfb14dd@group-7000B19605CB, cid=1742, SUCCESS, logIndex=2531, commits[a5e38e3e-c2ad-4348-acb9-3fc25cfb14dd:c2532, 11e48d46-e648-47f9-b6a0-9c7f26654c28:c2528, d1b6a90e-e817-40a7-bec1-608b5cc7d8b6:c2528]
2019-09-11 04:26:00,148 [grpc-default-executor-2] INFO  client.GrpcClientProtocolClient (GrpcClientProtocolClient.java:onNext(264)) - client-734BBEB428D7->a5e38e3e-c2ad-4348-acb9-3fc25cfb14dd: receive RaftClientReply:client-734BBEB428D7->a5e38e3e-c2ad-4348-acb9-3fc25cfb14dd@group-7000B19605CB, cid=1743, SUCCESS, logIndex=2532, commits[a5e38e3e-c2ad-4348-acb9-3fc25cfb14dd:c2532, 11e48d46-e648-47f9-b6a0-9c7f26654c28:c2528, d1b6a90e-e817-40a7-bec1-608b5cc7d8b6:c2528]
2019-09-11 04:26:00,150 [grpc-default-executor-4] INFO  client.GrpcClientProtocolClient (GrpcClientProtocolClient.java:onNext(264)) - client-734BBEB428D7->a5e38e3e-c2ad-4348-acb9-3fc25cfb14dd: receive RaftClientReply:client-734BBEB428D7->a5e38e3e-c2ad-4348-acb9-3fc25cfb14dd@group-7000B19605CB, cid=1744, SUCCESS, logIndex=0, commits[a5e38e3e-c2ad-4348-acb9-3fc25cfb14dd:c2535, 11e48d46-e648-47f9-b6a0-9c7f26654c28:c2530, d1b6a90e-e817-40a7-bec1-608b5cc7d8b6:c2532]
2019-09-11 04:26:00,169 [grpc-default-executor-3] INFO  client.GrpcClientProtocolClient (GrpcClientProtocolClient.java:onNext(264)) - client-734BBEB428D7->a5e38e3e-c2ad-4348-acb9-3fc25cfb14dd: receive RaftClientReply:client-734BBEB428D7->a5e38e3e-c2ad-4348-acb9-3fc25cfb14dd@group-7000B19605CB, cid=1745, SUCCESS, logIndex=2537, commits[a5e38e3e-c2ad-4348-acb9-3fc25cfb14dd:c2538, 11e48d46-e648-47f9-b6a0-9c7f26654c28:c2536, d1b6a90e-e817-40a7-bec1-608b5cc7d8b6:c2536]
2019-09-11 04:26:00,170 [grpc-default-executor-3] INFO  client.GrpcClientProtocolClient (GrpcClientProtocolClient.java:onNext(264)) - client-734BBEB428D7->a5e38e3e-c2ad-4348-acb9-3fc25cfb14dd: receive RaftClientReply:client-734BBEB428D7->a5e38e3e-c2ad-4348-acb9-3fc25cfb14dd@group-7000B19605CB, cid=1746, SUCCESS, logIndex=2538, commits[a5e38e3e-c2ad-4348-acb9-3fc25cfb14dd:c2538, 11e48d46-e648-47f9-b6a0-9c7f26654c28:c2536, d1b6a90e-e817-40a7-bec1-608b5cc7d8b6:c2536]
2019-09-11 04:26:00,182 [grpc-default-executor-2] INFO  client.GrpcClientProtocolClient (GrpcClientProtocolClient.java:onNext(264)) - client-734BBEB428D7->a5e38e3e-c2ad-4348-acb9-3fc25cfb14dd: receive RaftClientReply:client-734BBEB428D7->a5e38e3e-c2ad-4348-acb9-3fc25cfb14dd@group-7000B19605CB, cid=1747, SUCCESS, logIndex=2541, commits[a5e38e3e-c2ad-4348-acb9-3fc25cfb14dd:c2541, 11e48d46-e648-47f9-b6a0-9c7f26654c28:c2538, d1b6a90e-e817-40a7-bec1-608b5cc7d8b6:c2538]
2019-09-11 04:26:00,182 [grpc-default-executor-2] INFO  client.GrpcClientProtocolClient (GrpcClientProtocolClient.java:onNext(264)) - client-734BBEB428D7->a5e38e3e-c2ad-4348-acb9-3fc25cfb14dd: receive RaftClientReply:client-734BBEB428D7->a5e38e3e-c2ad-4348-acb9-3fc25cfb14dd@group-7000B19605CB, cid=1748, SUCCESS, logIndex=2542, commits[a5e38e3e-c2ad-4348-acb9-3fc25cfb14dd:c2542, 11e48d46-e648-47f9-b6a0-9c7f26654c28:c2538, d1b6a90e-e817-40a7-bec1-608b5cc7d8b6:c2538]
2019-09-11 04:26:00,195 [grpc-default-executor-2] INFO  client.GrpcClientProtocolClient (GrpcClientProtocolClient.java:onNext(264)) - client-734BBEB428D7->a5e38e3e-c2ad-4348-acb9-3fc25cfb14dd: receive RaftClientReply:client-734BBEB428D7->a5e38e3e-c2ad-4348-acb9-3fc25cfb14dd@group-7000B19605CB, cid=1749, SUCCESS, logIndex=0, commits[a5e38e3e-c2ad-4348-acb9-3fc25cfb14dd:c2544, 11e48d46-e648-47f9-b6a0-9c7f26654c28:c2542, d1b6a90e-e817-40a7-bec1-608b5cc7d8b6:c2542]
2019-09-11 04:26:00,220 [grpc-default-executor-1] INFO  client.GrpcClientProtocolClient (GrpcClientProtocolClient.java:onNext(264)) - client-734BBEB428D7->a5e38e3e-c2ad-4348-acb9-3fc25cfb14dd: receive RaftClientReply:client-734BBEB428D7->a5e38e3e-c2ad-4348-acb9-3fc25cfb14dd@group-7000B19605CB, cid=1750, SUCCESS, logIndex=2545, commits[a5e38e3e-c2ad-4348-acb9-3fc25cfb14dd:c2545, 11e48d46-e648-47f9-b6a0-9c7f26654c28:c2544, d1b6a90e-e817-40a7-bec1-608b5cc7d8b6:c2544]
2019-09-11 04:26:00,220 [grpc-default-executor-2] INFO  client.GrpcClientProtocolClient (GrpcClientProtocolClient.java:onNext(264)) - client-734BBEB428D7->a5e38e3e-c2ad-4348-acb9-3fc25cfb14dd: receive RaftClientReply:client-734BBEB428D7->a5e38e3e-c2ad-4348-acb9-3fc25cfb14dd@group-7000B19605CB, cid=1751, SUCCESS, logIndex=2546, commits[a5e38e3e-c2ad-4348-acb9-3fc25cfb14dd:c2548, 11e48d46-e648-47f9-b6a0-9c7f26654c28:c2544, d1b6a90e-e817-40a7-bec1-608b5cc7d8b6:c2544]
2019-09-11 04:26:00,221 [grpc-default-executor-2] INFO  client.GrpcClientProtocolClient (GrpcClientProtocolClient.java:onNext(264)) - client-734BBEB428D7->a5e38e3e-c2ad-4348-acb9-3fc25cfb14dd: receive RaftClientReply:client-734BBEB428D7->a5e38e3e-c2ad-4348-acb9-3fc25cfb14dd@group-7000B19605CB, cid=1752, SUCCESS, logIndex=2547, commits[a5e38e3e-c2ad-4348-acb9-3fc25cfb14dd:c2548, 11e48d46-e648-47f9-b6a0-9c7f26654c28:c2544, d1b6a90e-e817-40a7-bec1-608b5cc7d8b6:c2544]
2019-09-11 04:26:00,221 [grpc-default-executor-2] INFO  client.GrpcClientProtocolClient (GrpcClientProtocolClient.java:onNext(264)) - client-734BBEB428D7->a5e38e3e-c2ad-4348-acb9-3fc25cfb14dd: receive RaftClientReply:client-734BBEB428D7->a5e38e3e-c2ad-4348-acb9-3fc25cfb14dd@group-7000B19605CB, cid=1753, SUCCESS, logIndex=2548, commits[a5e38e3e-c2ad-4348-acb9-3fc25cfb14dd:c2548, 11e48d46-e648-47f9-b6a0-9c7f26654c28:c2544, d1b6a90e-e817-40a7-bec1-608b5cc7d8b6:c2544]
2019-09-11 04:26:00,222 [grpc-default-executor-1] INFO  client.GrpcClientProtocolClient (GrpcClientProtocolClient.java:onNext(264)) - client-734BBEB428D7->a5e38e3e-c2ad-4348-acb9-3fc25cfb14dd: receive RaftClientReply:client-734BBEB428D7->a5e38e3e-c2ad-4348-acb9-3fc25cfb14dd@group-7000B19605CB, cid=1754, SUCCESS, logIndex=0, commits[a5e38e3e-c2ad-4348-acb9-3fc25cfb14dd:c2550, 11e48d46-e648-47f9-b6a0-9c7f26654c28:c2546, d1b6a90e-e817-40a7-bec1-608b5cc7d8b6:c2547]
2019-09-11 04:26:00,242 [grpc-default-executor-1] INFO  client.GrpcClientProtocolClient (GrpcClientProtocolClient.java:onNext(264)) - client-734BBEB428D7->a5e38e3e-c2ad-4348-acb9-3fc25cfb14dd: receive RaftClientReply:client-734BBEB428D7->a5e38e3e-c2ad-4348-acb9-3fc25cfb14dd@group-7000B19605CB, cid=1755, SUCCESS, logIndex=2553, commits[a5e38e3e-c2ad-4348-acb9-3fc25cfb14dd:c2554, 11e48d46-e648-47f9-b6a0-9c7f26654c28:c2552, d1b6a90e-e817-40a7-bec1-608b5cc7d8b6:c2552]
2019-09-11 04:26:00,242 [grpc-default-executor-1] INFO  client.GrpcClientProtocolClient (GrpcClientProtocolClient.java:onNext(264)) - client-734BBEB428D7->a5e38e3e-c2ad-4348-acb9-3fc25cfb14dd: receive RaftClientReply:client-734BBEB428D7->a5e38e3e-c2ad-4348-acb9-3fc25cfb14dd@group-7000B19605CB, cid=1756, SUCCESS, logIndex=2554, commits[a5e38e3e-c2ad-4348-acb9-3fc25cfb14dd:c2554, 11e48d46-e648-47f9-b6a0-9c7f26654c28:c2552, d1b6a90e-e817-40a7-bec1-608b5cc7d8b6:c2552]
2019-09-11 04:26:00,255 [grpc-default-executor-1] INFO  client.GrpcClientProtocolClient (GrpcClientProtocolClient.java:onNext(264)) - client-734BBEB428D7->a5e38e3e-c2ad-4348-acb9-3fc25cfb14dd: receive RaftClientReply:client-734BBEB428D7->a5e38e3e-c2ad-4348-acb9-3fc25cfb14dd@group-7000B19605CB, cid=1757, SUCCESS, logIndex=2557, commits[a5e38e3e-c2ad-4348-acb9-3fc25cfb14dd:c2558, 11e48d46-e648-47f9-b6a0-9c7f26654c28:c2554, d1b6a90e-e817-40a7-bec1-608b5cc7d8b6:c2554]
2019-09-11 04:26:00,255 [grpc-default-executor-1] INFO  client.GrpcClientProtocolClient (GrpcClientProtocolClient.java:onNext(264)) - client-734BBEB428D7->a5e38e3e-c2ad-4348-acb9-3fc25cfb14dd: receive RaftClientReply:client-734BBEB428D7->a5e38e3e-c2ad-4348-acb9-3fc25cfb14dd@group-7000B19605CB, cid=1758, SUCCESS, logIndex=2558, commits[a5e38e3e-c2ad-4348-acb9-3fc25cfb14dd:c2558, 11e48d46-e648-47f9-b6a0-9c7f26654c28:c2554, d1b6a90e-e817-40a7-bec1-608b5cc7d8b6:c2554]
2019-09-11 04:26:00,266 [grpc-default-executor-1] INFO  client.GrpcClientProtocolClient (GrpcClientProtocolClient.java:onNext(264)) - client-734BBEB428D7->a5e38e3e-c2ad-4348-acb9-3fc25cfb14dd: receive RaftClientReply:client-734BBEB428D7->a5e38e3e-c2ad-4348-acb9-3fc25cfb14dd@group-7000B19605CB, cid=1759, SUCCESS, logIndex=0, commits[a5e38e3e-c2ad-4348-acb9-3fc25cfb14dd:c2560, 11e48d46-e648-47f9-b6a0-9c7f26654c28:c2558, d1b6a90e-e817-40a7-bec1-608b5cc7d8b6:c2558]
2019-09-11 04:26:00,288 [grpc-default-executor-2] INFO  client.GrpcClientProtocolClient (GrpcClientProtocolClient.java:onNext(264)) - client-734BBEB428D7->a5e38e3e-c2ad-4348-acb9-3fc25cfb14dd: receive RaftClientReply:client-734BBEB428D7->a5e38e3e-c2ad-4348-acb9-3fc25cfb14dd@group-7000B19605CB, cid=1760, SUCCESS, logIndex=2561, commits[a5e38e3e-c2ad-4348-acb9-3fc25cfb14dd:c2562, 11e48d46-e648-47f9-b6a0-9c7f26654c28:c2560, d1b6a90e-e817-40a7-bec1-608b5cc7d8b6:c2560]
2019-09-11 04:26:00,289 [grpc-default-executor-2] INFO  client.GrpcClientProtocolClient (GrpcClientProtocolClient.java:onNext(264)) - client-734BBEB428D7->a5e38e3e-c2ad-4348-acb9-3fc25cfb14dd: receive RaftClientReply:client-734BBEB428D7->a5e38e3e-c2ad-4348-acb9-3fc25cfb14dd@group-7000B19605CB, cid=1761, SUCCESS, logIndex=2562, commits[a5e38e3e-c2ad-4348-acb9-3fc25cfb14dd:c2564, 11e48d46-e648-47f9-b6a0-9c7f26654c28:c2560, d1b6a90e-e817-40a7-bec1-608b5cc7d8b6:c2560]
2019-09-11 04:26:00,289 [grpc-default-executor-2] INFO  client.GrpcClientProtocolClient (GrpcClientProtocolClient.java:onNext(264)) - client-734BBEB428D7->a5e38e3e-c2ad-4348-acb9-3fc25cfb14dd: receive RaftClientReply:client-734BBEB428D7->a5e38e3e-c2ad-4348-acb9-3fc25cfb14dd@group-7000B19605CB, cid=1762, SUCCESS, logIndex=2563, commits[a5e38e3e-c2ad-4348-acb9-3fc25cfb14dd:c2564, 11e48d46-e648-47f9-b6a0-9c7f26654c28:c2560, d1b6a90e-e817-40a7-bec1-608b5cc7d8b6:c2560]
2019-09-11 04:26:00,290 [grpc-default-executor-2] INFO  client.GrpcClientProtocolClient (GrpcClientProtocolClient.java:onNext(264)) - client-734BBEB428D7->a5e38e3e-c2ad-4348-acb9-3fc25cfb14dd: receive RaftClientReply:client-734BBEB428D7->a5e38e3e-c2ad-4348-acb9-3fc25cfb14dd@group-7000B19605CB, cid=1763, SUCCESS, logIndex=2564, commits[a5e38e3e-c2ad-4348-acb9-3fc25cfb14dd:c2564, 11e48d46-e648-47f9-b6a0-9c7f26654c28:c2560, d1b6a90e-e817-40a7-bec1-608b5cc7d8b6:c2560]
2019-09-11 04:26:00,291 [grpc-default-executor-2] INFO  client.GrpcClientProtocolClient (GrpcClientProtocolClient.java:onNext(264)) - client-734BBEB428D7->a5e38e3e-c2ad-4348-acb9-3fc25cfb14dd: receive RaftClientReply:client-734BBEB428D7->a5e38e3e-c2ad-4348-acb9-3fc25cfb14dd@group-7000B19605CB, cid=1764, SUCCESS, logIndex=0, commits[a5e38e3e-c2ad-4348-acb9-3fc25cfb14dd:c2567, 11e48d46-e648-47f9-b6a0-9c7f26654c28:c2562, d1b6a90e-e817-40a7-bec1-608b5cc7d8b6:c2564]
2019-09-11 04:26:00,307 [grpc-default-executor-3] INFO  client.GrpcClientProtocolClient (GrpcClientProtocolClient.java:onNext(264)) - client-734BBEB428D7->a5e38e3e-c2ad-4348-acb9-3fc25cfb14dd: receive RaftClientReply:client-734BBEB428D7->a5e38e3e-c2ad-4348-acb9-3fc25cfb14dd@group-7000B19605CB, cid=1765, SUCCESS, logIndex=2568, commits[a5e38e3e-c2ad-4348-acb9-3fc25cfb14dd:c2569, 11e48d46-e648-47f9-b6a0-9c7f26654c28:c2567, d1b6a90e-e817-40a7-bec1-608b5cc7d8b6:c2567]
2019-09-11 04:26:00,308 [grpc-default-executor-3] INFO  client.GrpcClientProtocolClient (GrpcClientProtocolClient.java:onNext(264)) - client-734BBEB428D7->a5e38e3e-c2ad-4348-acb9-3fc25cfb14dd: receive RaftClientReply:client-734BBEB428D7->a5e38e3e-c2ad-4348-acb9-3fc25cfb14dd@group-7000B19605CB, cid=1766, SUCCESS, logIndex=2569, commits[a5e38e3e-c2ad-4348-acb9-3fc25cfb14dd:c2569, 11e48d46-e648-47f9-b6a0-9c7f26654c28:c2567, d1b6a90e-e817-40a7-bec1-608b5cc7d8b6:c2567]
2019-09-11 04:26:00,319 [grpc-default-executor-3] INFO  client.GrpcClientProtocolClient (GrpcClientProtocolClient.java:onNext(264)) - client-734BBEB428D7->a5e38e3e-c2ad-4348-acb9-3fc25cfb14dd: receive RaftClientReply:client-734BBEB428D7->a5e38e3e-c2ad-4348-acb9-3fc25cfb14dd@group-7000B19605CB, cid=1767, SUCCESS, logIndex=2572, commits[a5e38e3e-c2ad-4348-acb9-3fc25cfb14dd:c2573, 11e48d46-e648-47f9-b6a0-9c7f26654c28:c2569, d1b6a90e-e817-40a7-bec1-608b5cc7d8b6:c2569]
2019-09-11 04:26:00,319 [grpc-default-executor-3] INFO  client.GrpcClientProtocolClient (GrpcClientProtocolClient.java:onNext(264)) - client-734BBEB428D7->a5e38e3e-c2ad-4348-acb9-3fc25cfb14dd: receive RaftClientReply:client-734BBEB428D7->a5e38e3e-c2ad-4348-acb9-3fc25cfb14dd@group-7000B19605CB, cid=1768, SUCCESS, logIndex=2573, commits[a5e38e3e-c2ad-4348-acb9-3fc25cfb14dd:c2573, 11e48d46-e648-47f9-b6a0-9c7f26654c28:c2569, d1b6a90e-e817-40a7-bec1-608b5cc7d8b6:c2569]
2019-09-11 04:26:00,339 [grpc-default-executor-3] INFO  client.GrpcClientProtocolClient (GrpcClientProtocolClient.java:onNext(264)) - client-734BBEB428D7->a5e38e3e-c2ad-4348-acb9-3fc25cfb14dd: receive RaftClientReply:client-734BBEB428D7->a5e38e3e-c2ad-4348-acb9-3fc25cfb14dd@group-7000B19605CB, cid=1769, SUCCESS, logIndex=0, commits[a5e38e3e-c2ad-4348-acb9-3fc25cfb14dd:c2575, 11e48d46-e648-47f9-b6a0-9c7f26654c28:c2573, d1b6a90e-e817-40a7-bec1-608b5cc7d8b6:c2573]
2019-09-11 04:26:00,483 [grpc-default-executor-3] INFO  client.GrpcClientProtocolClient (GrpcClientProtocolClient.java:onNext(264)) - client-734BBEB428D7->a5e38e3e-c2ad-4348-acb9-3fc25cfb14dd: receive RaftClientReply:client-734BBEB428D7->a5e38e3e-c2ad-4348-acb9-3fc25cfb14dd@group-7000B19605CB, cid=1770, SUCCESS, logIndex=2576, commits[a5e38e3e-c2ad-4348-acb9-3fc25cfb14dd:c2579, 11e48d46-e648-47f9-b6a0-9c7f26654c28:c2575, d1b6a90e-e817-40a7-bec1-608b5cc7d8b6:c2575]
2019-09-11 04:26:00,485 [grpc-default-executor-3] INFO  client.GrpcClientProtocolClient (GrpcClientProtocolClient.java:onNext(264)) - client-734BBEB428D7->a5e38e3e-c2ad-4348-acb9-3fc25cfb14dd: receive RaftClientReply:client-734BBEB428D7->a5e38e3e-c2ad-4348-acb9-3fc25cfb14dd@group-7000B19605CB, cid=1771, SUCCESS, logIndex=2577, commits[a5e38e3e-c2ad-4348-acb9-3fc25cfb14dd:c2579, 11e48d46-e648-47f9-b6a0-9c7f26654c28:c2575, d1b6a90e-e817-40a7-bec1-608b5cc7d8b6:c2575]
2019-09-11 04:26:00,485 [grpc-default-executor-3] INFO  client.GrpcClientProtocolClient (GrpcClientProtocolClient.java:onNext(264)) - client-734BBEB428D7->a5e38e3e-c2ad-4348-acb9-3fc25cfb14dd: receive RaftClientReply:client-734BBEB428D7->a5e38e3e-c2ad-4348-acb9-3fc25cfb14dd@group-7000B19605CB, cid=1772, SUCCESS, logIndex=2578, commits[a5e38e3e-c2ad-4348-acb9-3fc25cfb14dd:c2579, 11e48d46-e648-47f9-b6a0-9c7f26654c28:c2578, d1b6a90e-e817-40a7-bec1-608b5cc7d8b6:c2575]
2019-09-11 04:26:00,485 [grpc-default-executor-3] INFO  client.GrpcClientProtocolClient (GrpcClientProtocolClient.java:onNext(264)) - client-734BBEB428D7->a5e38e3e-c2ad-4348-acb9-3fc25cfb14dd: receive RaftClientReply:client-734BBEB428D7->a5e38e3e-c2ad-4348-acb9-3fc25cfb14dd@group-7000B19605CB, cid=1773, SUCCESS, logIndex=2579, commits[a5e38e3e-c2ad-4348-acb9-3fc25cfb14dd:c2580, 11e48d46-e648-47f9-b6a0-9c7f26654c28:c2578, d1b6a90e-e817-40a7-bec1-608b5cc7d8b6:c2578]
2019-09-11 04:26:00,507 [grpc-default-executor-2] INFO  client.GrpcClientProtocolClient (GrpcClientProtocolClient.java:onNext(264)) - client-734BBEB428D7->a5e38e3e-c2ad-4348-acb9-3fc25cfb14dd: receive RaftClientReply:client-734BBEB428D7->a5e38e3e-c2ad-4348-acb9-3fc25cfb14dd@group-7000B19605CB, cid=1774, SUCCESS, logIndex=2583, commits[a5e38e3e-c2ad-4348-acb9-3fc25cfb14dd:c2584, 11e48d46-e648-47f9-b6a0-9c7f26654c28:c2582, d1b6a90e-e817-40a7-bec1-608b5cc7d8b6:c2582]
2019-09-11 04:26:00,507 [grpc-default-executor-2] INFO  client.GrpcClientProtocolClient (GrpcClientProtocolClient.java:onNext(264)) - client-734BBEB428D7->a5e38e3e-c2ad-4348-acb9-3fc25cfb14dd: receive RaftClientReply:client-734BBEB428D7->a5e38e3e-c2ad-4348-acb9-3fc25cfb14dd@group-7000B19605CB, cid=1775, SUCCESS, logIndex=2584, commits[a5e38e3e-c2ad-4348-acb9-3fc25cfb14dd:c2584, 11e48d46-e648-47f9-b6a0-9c7f26654c28:c2582, d1b6a90e-e817-40a7-bec1-608b5cc7d8b6:c2582]
2019-09-11 04:26:00,520 [grpc-default-executor-3] INFO  client.GrpcClientProtocolClient (GrpcClientProtocolClient.java:onNext(264)) - client-734BBEB428D7->a5e38e3e-c2ad-4348-acb9-3fc25cfb14dd: receive RaftClientReply:client-734BBEB428D7->a5e38e3e-c2ad-4348-acb9-3fc25cfb14dd@group-7000B19605CB, cid=1776, SUCCESS, logIndex=2587, commits[a5e38e3e-c2ad-4348-acb9-3fc25cfb14dd:c2588, 11e48d46-e648-47f9-b6a0-9c7f26654c28:c2584, d1b6a90e-e817-40a7-bec1-608b5cc7d8b6:c2584]
2019-09-11 04:26:00,520 [grpc-default-executor-3] INFO  client.GrpcClientProtocolClient (GrpcClientProtocolClient.java:onNext(264)) - client-734BBEB428D7->a5e38e3e-c2ad-4348-acb9-3fc25cfb14dd: receive RaftClientReply:client-734BBEB428D7->a5e38e3e-c2ad-4348-acb9-3fc25cfb14dd@group-7000B19605CB, cid=1777, SUCCESS, logIndex=2588, commits[a5e38e3e-c2ad-4348-acb9-3fc25cfb14dd:c2588, 11e48d46-e648-47f9-b6a0-9c7f26654c28:c2584, d1b6a90e-e817-40a7-bec1-608b5cc7d8b6:c2584]
2019-09-11 04:26:00,532 [grpc-default-executor-3] INFO  client.GrpcClientProtocolClient (GrpcClientProtocolClient.java:onNext(264)) - client-734BBEB428D7->a5e38e3e-c2ad-4348-acb9-3fc25cfb14dd: receive RaftClientReply:client-734BBEB428D7->a5e38e3e-c2ad-4348-acb9-3fc25cfb14dd@group-7000B19605CB, cid=1778, SUCCESS, logIndex=0, commits[a5e38e3e-c2ad-4348-acb9-3fc25cfb14dd:c2589, 11e48d46-e648-47f9-b6a0-9c7f26654c28:c2588, d1b6a90e-e817-40a7-bec1-608b5cc7d8b6:c2588]
2019-09-11 04:26:00,559 [grpc-default-executor-1] INFO  client.GrpcClientProtocolClient (GrpcClientProtocolClient.java:onNext(264)) - client-734BBEB428D7->a5e38e3e-c2ad-4348-acb9-3fc25cfb14dd: receive RaftClientReply:client-734BBEB428D7->a5e38e3e-c2ad-4348-acb9-3fc25cfb14dd@group-7000B19605CB, cid=1779, SUCCESS, logIndex=2591, commits[a5e38e3e-c2ad-4348-acb9-3fc25cfb14dd:c2593, 11e48d46-e648-47f9-b6a0-9c7f26654c28:c2590, d1b6a90e-e817-40a7-bec1-608b5cc7d8b6:c2590]
2019-09-11 04:26:00,560 [grpc-default-executor-1] INFO  client.GrpcClientProtocolClient (GrpcClientProtocolClient.java:onNext(264)) - client-734BBEB428D7->a5e38e3e-c2ad-4348-acb9-3fc25cfb14dd: receive RaftClientReply:client-734BBEB428D7->a5e38e3e-c2ad-4348-acb9-3fc25cfb14dd@group-7000B19605CB, cid=1780, SUCCESS, logIndex=2592, commits[a5e38e3e-c2ad-4348-acb9-3fc25cfb14dd:c2594, 11e48d46-e648-47f9-b6a0-9c7f26654c28:c2590, d1b6a90e-e817-40a7-bec1-608b5cc7d8b6:c2590]
2019-09-11 04:26:00,560 [grpc-default-executor-1] INFO  client.GrpcClientProtocolClient (GrpcClientProtocolClient.java:onNext(264)) - client-734BBEB428D7->a5e38e3e-c2ad-4348-acb9-3fc25cfb14dd: receive RaftClientReply:client-734BBEB428D7->a5e38e3e-c2ad-4348-acb9-3fc25cfb14dd@group-7000B19605CB, cid=1781, SUCCESS, logIndex=2593, commits[a5e38e3e-c2ad-4348-acb9-3fc25cfb14dd:c2594, 11e48d46-e648-47f9-b6a0-9c7f26654c28:c2590, d1b6a90e-e817-40a7-bec1-608b5cc7d8b6:c2590]
2019-09-11 04:26:00,560 [grpc-default-executor-1] INFO  client.GrpcClientProtocolClient (GrpcClientProtocolClient.java:onNext(264)) - client-734BBEB428D7->a5e38e3e-c2ad-4348-acb9-3fc25cfb14dd: receive RaftClientReply:client-734BBEB428D7->a5e38e3e-c2ad-4348-acb9-3fc25cfb14dd@group-7000B19605CB, cid=1782, SUCCESS, logIndex=2594, commits[a5e38e3e-c2ad-4348-acb9-3fc25cfb14dd:c2594, 11e48d46-e648-47f9-b6a0-9c7f26654c28:c2590, d1b6a90e-e817-40a7-bec1-608b5cc7d8b6:c2590]
2019-09-11 04:26:00,562 [grpc-default-executor-3] INFO  client.GrpcClientProtocolClient (GrpcClientProtocolClient.java:onNext(264)) - client-734BBEB428D7->a5e38e3e-c2ad-4348-acb9-3fc25cfb14dd: receive RaftClientReply:client-734BBEB428D7->a5e38e3e-c2ad-4348-acb9-3fc25cfb14dd@group-7000B19605CB, cid=1783, SUCCESS, logIndex=0, commits[a5e38e3e-c2ad-4348-acb9-3fc25cfb14dd:c2596, 11e48d46-e648-47f9-b6a0-9c7f26654c28:c2592, d1b6a90e-e817-40a7-bec1-608b5cc7d8b6:c2593]
2019-09-11 04:26:00,581 [grpc-default-executor-3] INFO  client.GrpcClientProtocolClient (GrpcClientProtocolClient.java:onNext(264)) - client-734BBEB428D7->a5e38e3e-c2ad-4348-acb9-3fc25cfb14dd: receive RaftClientReply:client-734BBEB428D7->a5e38e3e-c2ad-4348-acb9-3fc25cfb14dd@group-7000B19605CB, cid=1784, SUCCESS, logIndex=2599, commits[a5e38e3e-c2ad-4348-acb9-3fc25cfb14dd:c2600, 11e48d46-e648-47f9-b6a0-9c7f26654c28:c2598, d1b6a90e-e817-40a7-bec1-608b5cc7d8b6:c2598]
2019-09-11 04:26:00,582 [grpc-default-executor-3] INFO  client.GrpcClientProtocolClient (GrpcClientProtocolClient.java:onNext(264)) - client-734BBEB428D7->a5e38e3e-c2ad-4348-acb9-3fc25cfb14dd: receive RaftClientReply:client-734BBEB428D7->a5e38e3e-c2ad-4348-acb9-3fc25cfb14dd@group-7000B19605CB, cid=1785, SUCCESS, logIndex=2600, commits[a5e38e3e-c2ad-4348-acb9-3fc25cfb14dd:c2600, 11e48d46-e648-47f9-b6a0-9c7f26654c28:c2598, d1b6a90e-e817-40a7-bec1-608b5cc7d8b6:c2598]
2019-09-11 04:26:00,635 [grpc-default-executor-3] INFO  client.GrpcClientProtocolClient (GrpcClientProtocolClient.java:onNext(264)) - client-734BBEB428D7->a5e38e3e-c2ad-4348-acb9-3fc25cfb14dd: receive RaftClientReply:client-734BBEB428D7->a5e38e3e-c2ad-4348-acb9-3fc25cfb14dd@group-7000B19605CB, cid=1786, SUCCESS, logIndex=2603, commits[a5e38e3e-c2ad-4348-acb9-3fc25cfb14dd:c2604, 11e48d46-e648-47f9-b6a0-9c7f26654c28:c2600, d1b6a90e-e817-40a7-bec1-608b5cc7d8b6:c2600]
2019-09-11 04:26:00,635 [grpc-default-executor-3] INFO  client.GrpcClientProtocolClient (GrpcClientProtocolClient.java:onNext(264)) - client-734BBEB428D7->a5e38e3e-c2ad-4348-acb9-3fc25cfb14dd: receive RaftClientReply:client-734BBEB428D7->a5e38e3e-c2ad-4348-acb9-3fc25cfb14dd@group-7000B19605CB, cid=1787, SUCCESS, logIndex=2604, commits[a5e38e3e-c2ad-4348-acb9-3fc25cfb14dd:c2604, 11e48d46-e648-47f9-b6a0-9c7f26654c28:c2600, d1b6a90e-e817-40a7-bec1-608b5cc7d8b6:c2600]
2019-09-11 04:26:00,646 [grpc-default-executor-2] INFO  client.GrpcClientProtocolClient (GrpcClientProtocolClient.java:onNext(264)) - client-734BBEB428D7->a5e38e3e-c2ad-4348-acb9-3fc25cfb14dd: receive RaftClientReply:client-734BBEB428D7->a5e38e3e-c2ad-4348-acb9-3fc25cfb14dd@group-7000B19605CB, cid=1788, SUCCESS, logIndex=0, commits[a5e38e3e-c2ad-4348-acb9-3fc25cfb14dd:c2604, 11e48d46-e648-47f9-b6a0-9c7f26654c28:c2604, d1b6a90e-e817-40a7-bec1-608b5cc7d8b6:c2604]
2019-09-11 04:26:00,680 [grpc-default-executor-1] INFO  client.GrpcClientProtocolClient (GrpcClientProtocolClient.java:onNext(264)) - client-734BBEB428D7->a5e38e3e-c2ad-4348-acb9-3fc25cfb14dd: receive RaftClientReply:client-734BBEB428D7->a5e38e3e-c2ad-4348-acb9-3fc25cfb14dd@group-7000B19605CB, cid=1789, SUCCESS, logIndex=2607, commits[a5e38e3e-c2ad-4348-acb9-3fc25cfb14dd:c2609, 11e48d46-e648-47f9-b6a0-9c7f26654c28:c2606, d1b6a90e-e817-40a7-bec1-608b5cc7d8b6:c2606]
2019-09-11 04:26:00,681 [grpc-default-executor-1] INFO  client.GrpcClientProtocolClient (GrpcClientProtocolClient.java:onNext(264)) - client-734BBEB428D7->a5e38e3e-c2ad-4348-acb9-3fc25cfb14dd: receive RaftClientReply:client-734BBEB428D7->a5e38e3e-c2ad-4348-acb9-3fc25cfb14dd@group-7000B19605CB, cid=1790, SUCCESS, logIndex=2608, commits[a5e38e3e-c2ad-4348-acb9-3fc25cfb14dd:c2610, 11e48d46-e648-47f9-b6a0-9c7f26654c28:c2606, d1b6a90e-e817-40a7-bec1-608b5cc7d8b6:c2606]
2019-09-11 04:26:00,681 [grpc-default-executor-1] INFO  client.GrpcClientProtocolClient (GrpcClientProtocolClient.java:onNext(264)) - client-734BBEB428D7->a5e38e3e-c2ad-4348-acb9-3fc25cfb14dd: receive RaftClientReply:client-734BBEB428D7->a5e38e3e-c2ad-4348-acb9-3fc25cfb14dd@group-7000B19605CB, cid=1791, SUCCESS, logIndex=2609, commits[a5e38e3e-c2ad-4348-acb9-3fc25cfb14dd:c2610, 11e48d46-e648-47f9-b6a0-9c7f26654c28:c2606, d1b6a90e-e817-40a7-bec1-608b5cc7d8b6:c2606]
2019-09-11 04:26:00,681 [grpc-default-executor-1] INFO  client.GrpcClientProtocolClient (GrpcClientProtocolClient.java:onNext(264)) - client-734BBEB428D7->a5e38e3e-c2ad-4348-acb9-3fc25cfb14dd: receive RaftClientReply:client-734BBEB428D7->a5e38e3e-c2ad-4348-acb9-3fc25cfb14dd@group-7000B19605CB, cid=1792, SUCCESS, logIndex=2610, commits[a5e38e3e-c2ad-4348-acb9-3fc25cfb14dd:c2610, 11e48d46-e648-47f9-b6a0-9c7f26654c28:c2606, d1b6a90e-e817-40a7-bec1-608b5cc7d8b6:c2606]
2019-09-11 04:26:00,693 [grpc-default-executor-3] INFO  client.GrpcClientProtocolClient (GrpcClientProtocolClient.java:onNext(264)) - client-734BBEB428D7->a5e38e3e-c2ad-4348-acb9-3fc25cfb14dd: receive RaftClientReply:client-734BBEB428D7->a5e38e3e-c2ad-4348-acb9-3fc25cfb14dd@group-7000B19605CB, cid=1793, SUCCESS, logIndex=0, commits[a5e38e3e-c2ad-4348-acb9-3fc25cfb14dd:c2611, 11e48d46-e648-47f9-b6a0-9c7f26654c28:c2608, d1b6a90e-e817-40a7-bec1-608b5cc7d8b6:c2608]
2019-09-11 04:26:00,714 [grpc-default-executor-1] INFO  client.GrpcClientProtocolClient (GrpcClientProtocolClient.java:onNext(264)) - client-734BBEB428D7->a5e38e3e-c2ad-4348-acb9-3fc25cfb14dd: receive RaftClientReply:client-734BBEB428D7->a5e38e3e-c2ad-4348-acb9-3fc25cfb14dd@group-7000B19605CB, cid=1794, SUCCESS, logIndex=2615, commits[a5e38e3e-c2ad-4348-acb9-3fc25cfb14dd:c2616, 11e48d46-e648-47f9-b6a0-9c7f26654c28:c2614, d1b6a90e-e817-40a7-bec1-608b5cc7d8b6:c2614]
2019-09-11 04:26:00,714 [grpc-default-executor-1] INFO  client.GrpcClientProtocolClient (GrpcClientProtocolClient.java:onNext(264)) - client-734BBEB428D7->a5e38e3e-c2ad-4348-acb9-3fc25cfb14dd: receive RaftClientReply:client-734BBEB428D7->a5e38e3e-c2ad-4348-acb9-3fc25cfb14dd@group-7000B19605CB, cid=1795, SUCCESS, logIndex=2616, commits[a5e38e3e-c2ad-4348-acb9-3fc25cfb14dd:c2616, 11e48d46-e648-47f9-b6a0-9c7f26654c28:c2614, d1b6a90e-e817-40a7-bec1-608b5cc7d8b6:c2614]
2019-09-11 04:26:00,727 [grpc-default-executor-4] INFO  client.GrpcClientProtocolClient (GrpcClientProtocolClient.java:onNext(264)) - client-734BBEB428D7->a5e38e3e-c2ad-4348-acb9-3fc25cfb14dd: receive RaftClientReply:client-734BBEB428D7->a5e38e3e-c2ad-4348-acb9-3fc25cfb14dd@group-7000B19605CB, cid=1796, SUCCESS, logIndex=2619, commits[a5e38e3e-c2ad-4348-acb9-3fc25cfb14dd:c2619, 11e48d46-e648-47f9-b6a0-9c7f26654c28:c2616, d1b6a90e-e817-40a7-bec1-608b5cc7d8b6:c2616]
2019-09-11 04:26:00,727 [grpc-default-executor-4] INFO  client.GrpcClientProtocolClient (GrpcClientProtocolClient.java:onNext(264)) - client-734BBEB428D7->a5e38e3e-c2ad-4348-acb9-3fc25cfb14dd: receive RaftClientReply:client-734BBEB428D7->a5e38e3e-c2ad-4348-acb9-3fc25cfb14dd@group-7000B19605CB, cid=1797, SUCCESS, logIndex=2620, commits[a5e38e3e-c2ad-4348-acb9-3fc25cfb14dd:c2620, 11e48d46-e648-47f9-b6a0-9c7f26654c28:c2616, d1b6a90e-e817-40a7-bec1-608b5cc7d8b6:c2616]
2019-09-11 04:26:00,740 [grpc-default-executor-4] INFO  client.GrpcClientProtocolClient (GrpcClientProtocolClient.java:onNext(264)) - client-734BBEB428D7->a5e38e3e-c2ad-4348-acb9-3fc25cfb14dd: receive RaftClientReply:client-734BBEB428D7->a5e38e3e-c2ad-4348-acb9-3fc25cfb14dd@group-7000B19605CB, cid=1798, SUCCESS, logIndex=0, commits[a5e38e3e-c2ad-4348-acb9-3fc25cfb14dd:c2622, 11e48d46-e648-47f9-b6a0-9c7f26654c28:c2620, d1b6a90e-e817-40a7-bec1-608b5cc7d8b6:c2620]
2019-09-11 04:26:00,770 [grpc-default-executor-2] INFO  client.GrpcClientProtocolClient (GrpcClientProtocolClient.java:onNext(264)) - client-734BBEB428D7->a5e38e3e-c2ad-4348-acb9-3fc25cfb14dd: receive RaftClientReply:client-734BBEB428D7->a5e38e3e-c2ad-4348-acb9-3fc25cfb14dd@group-7000B19605CB, cid=1799, SUCCESS, logIndex=2623, commits[a5e38e3e-c2ad-4348-acb9-3fc25cfb14dd:c2624, 11e48d46-e648-47f9-b6a0-9c7f26654c28:c2622, d1b6a90e-e817-40a7-bec1-608b5cc7d8b6:c2622]
2019-09-11 04:26:00,771 [grpc-default-executor-3] INFO  client.GrpcClientProtocolClient (GrpcClientProtocolClient.java:onNext(264)) - client-734BBEB428D7->a5e38e3e-c2ad-4348-acb9-3fc25cfb14dd: receive RaftClientReply:client-734BBEB428D7->a5e38e3e-c2ad-4348-acb9-3fc25cfb14dd@group-7000B19605CB, cid=1800, SUCCESS, logIndex=2624, commits[a5e38e3e-c2ad-4348-acb9-3fc25cfb14dd:c2625, 11e48d46-e648-47f9-b6a0-9c7f26654c28:c2622, d1b6a90e-e817-40a7-bec1-608b5cc7d8b6:c2622]
2019-09-11 04:26:00,771 [grpc-default-executor-3] INFO  client.GrpcClientProtocolClient (GrpcClientProtocolClient.java:onNext(264)) - client-734BBEB428D7->a5e38e3e-c2ad-4348-acb9-3fc25cfb14dd: receive RaftClientReply:client-734BBEB428D7->a5e38e3e-c2ad-4348-acb9-3fc25cfb14dd@group-7000B19605CB, cid=1801, SUCCESS, logIndex=2625, commits[a5e38e3e-c2ad-4348-acb9-3fc25cfb14dd:c2626, 11e48d46-e648-47f9-b6a0-9c7f26654c28:c2622, d1b6a90e-e817-40a7-bec1-608b5cc7d8b6:c2622]
2019-09-11 04:26:00,771 [grpc-default-executor-3] INFO  client.GrpcClientProtocolClient (GrpcClientProtocolClient.java:onNext(264)) - client-734BBEB428D7->a5e38e3e-c2ad-4348-acb9-3fc25cfb14dd: receive RaftClientReply:client-734BBEB428D7->a5e38e3e-c2ad-4348-acb9-3fc25cfb14dd@group-7000B19605CB, cid=1802, SUCCESS, logIndex=2626, commits[a5e38e3e-c2ad-4348-acb9-3fc25cfb14dd:c2626, 11e48d46-e648-47f9-b6a0-9c7f26654c28:c2622, d1b6a90e-e817-40a7-bec1-608b5cc7d8b6:c2622]
2019-09-11 04:26:00,773 [grpc-default-executor-4] INFO  client.GrpcClientProtocolClient (GrpcClientProtocolClient.java:onNext(264)) - client-734BBEB428D7->a5e38e3e-c2ad-4348-acb9-3fc25cfb14dd: receive RaftClientReply:client-734BBEB428D7->a5e38e3e-c2ad-4348-acb9-3fc25cfb14dd@group-7000B19605CB, cid=1803, SUCCESS, logIndex=0, commits[a5e38e3e-c2ad-4348-acb9-3fc25cfb14dd:c2628, 11e48d46-e648-47f9-b6a0-9c7f26654c28:c2624, d1b6a90e-e817-40a7-bec1-608b5cc7d8b6:c2624]
2019-09-11 04:26:00,794 [grpc-default-executor-3] INFO  client.GrpcClientProtocolClient (GrpcClientProtocolClient.java:onNext(264)) - client-734BBEB428D7->a5e38e3e-c2ad-4348-acb9-3fc25cfb14dd: receive RaftClientReply:client-734BBEB428D7->a5e38e3e-c2ad-4348-acb9-3fc25cfb14dd@group-7000B19605CB, cid=1804, SUCCESS, logIndex=2631, commits[a5e38e3e-c2ad-4348-acb9-3fc25cfb14dd:c2632, 11e48d46-e648-47f9-b6a0-9c7f26654c28:c2630, d1b6a90e-e817-40a7-bec1-608b5cc7d8b6:c2630]
2019-09-11 04:26:00,794 [grpc-default-executor-3] INFO  client.GrpcClientProtocolClient (GrpcClientProtocolClient.java:onNext(264)) - client-734BBEB428D7->a5e38e3e-c2ad-4348-acb9-3fc25cfb14dd: receive RaftClientReply:client-734BBEB428D7->a5e38e3e-c2ad-4348-acb9-3fc25cfb14dd@group-7000B19605CB, cid=1805, SUCCESS, logIndex=2632, commits[a5e38e3e-c2ad-4348-acb9-3fc25cfb14dd:c2632, 11e48d46-e648-47f9-b6a0-9c7f26654c28:c2630, d1b6a90e-e817-40a7-bec1-608b5cc7d8b6:c2630]
2019-09-11 04:26:00,807 [grpc-default-executor-4] INFO  client.GrpcClientProtocolClient (GrpcClientProtocolClient.java:onNext(264)) - client-734BBEB428D7->a5e38e3e-c2ad-4348-acb9-3fc25cfb14dd: receive RaftClientReply:client-734BBEB428D7->a5e38e3e-c2ad-4348-acb9-3fc25cfb14dd@group-7000B19605CB, cid=1806, SUCCESS, logIndex=2635, commits[a5e38e3e-c2ad-4348-acb9-3fc25cfb14dd:c2636, 11e48d46-e648-47f9-b6a0-9c7f26654c28:c2632, d1b6a90e-e817-40a7-bec1-608b5cc7d8b6:c2632]
2019-09-11 04:26:00,807 [grpc-default-executor-4] INFO  client.GrpcClientProtocolClient (GrpcClientProtocolClient.java:onNext(264)) - client-734BBEB428D7->a5e38e3e-c2ad-4348-acb9-3fc25cfb14dd: receive RaftClientReply:client-734BBEB428D7->a5e38e3e-c2ad-4348-acb9-3fc25cfb14dd@group-7000B19605CB, cid=1807, SUCCESS, logIndex=2636, commits[a5e38e3e-c2ad-4348-acb9-3fc25cfb14dd:c2636, 11e48d46-e648-47f9-b6a0-9c7f26654c28:c2632, d1b6a90e-e817-40a7-bec1-608b5cc7d8b6:c2632]
2019-09-11 04:26:00,831 [grpc-default-executor-4] INFO  client.GrpcClientProtocolClient (GrpcClientProtocolClient.java:onNext(264)) - client-734BBEB428D7->a5e38e3e-c2ad-4348-acb9-3fc25cfb14dd: receive RaftClientReply:client-734BBEB428D7->a5e38e3e-c2ad-4348-acb9-3fc25cfb14dd@group-7000B19605CB, cid=1808, SUCCESS, logIndex=0, commits[a5e38e3e-c2ad-4348-acb9-3fc25cfb14dd:c2638, 11e48d46-e648-47f9-b6a0-9c7f26654c28:c2636, d1b6a90e-e817-40a7-bec1-608b5cc7d8b6:c2636]
2019-09-11 04:26:00,859 [grpc-default-executor-2] INFO  client.GrpcClientProtocolClient (GrpcClientProtocolClient.java:onNext(264)) - client-734BBEB428D7->a5e38e3e-c2ad-4348-acb9-3fc25cfb14dd: receive RaftClientReply:client-734BBEB428D7->a5e38e3e-c2ad-4348-acb9-3fc25cfb14dd@group-7000B19605CB, cid=1809, SUCCESS, logIndex=2639, commits[a5e38e3e-c2ad-4348-acb9-3fc25cfb14dd:c2640, 11e48d46-e648-47f9-b6a0-9c7f26654c28:c2638, d1b6a90e-e817-40a7-bec1-608b5cc7d8b6:c2638]
2019-09-11 04:26:00,860 [grpc-default-executor-2] INFO  client.GrpcClientProtocolClient (GrpcClientProtocolClient.java:onNext(264)) - client-734BBEB428D7->a5e38e3e-c2ad-4348-acb9-3fc25cfb14dd: receive RaftClientReply:client-734BBEB428D7->a5e38e3e-c2ad-4348-acb9-3fc25cfb14dd@group-7000B19605CB, cid=1810, SUCCESS, logIndex=2640, commits[a5e38e3e-c2ad-4348-acb9-3fc25cfb14dd:c2642, 11e48d46-e648-47f9-b6a0-9c7f26654c28:c2638, d1b6a90e-e817-40a7-bec1-608b5cc7d8b6:c2638]
2019-09-11 04:26:00,860 [grpc-default-executor-2] INFO  client.GrpcClientProtocolClient (GrpcClientProtocolClient.java:onNext(264)) - client-734BBEB428D7->a5e38e3e-c2ad-4348-acb9-3fc25cfb14dd: receive RaftClientReply:client-734BBEB428D7->a5e38e3e-c2ad-4348-acb9-3fc25cfb14dd@group-7000B19605CB, cid=1811, SUCCESS, logIndex=2641, commits[a5e38e3e-c2ad-4348-acb9-3fc25cfb14dd:c2642, 11e48d46-e648-47f9-b6a0-9c7f26654c28:c2638, d1b6a90e-e817-40a7-bec1-608b5cc7d8b6:c2638]
2019-09-11 04:26:00,861 [grpc-default-executor-2] INFO  client.GrpcClientProtocolClient (GrpcClientProtocolClient.java:onNext(264)) - client-734BBEB428D7->a5e38e3e-c2ad-4348-acb9-3fc25cfb14dd: receive RaftClientReply:client-734BBEB428D7->a5e38e3e-c2ad-4348-acb9-3fc25cfb14dd@group-7000B19605CB, cid=1812, SUCCESS, logIndex=2642, commits[a5e38e3e-c2ad-4348-acb9-3fc25cfb14dd:c2643, 11e48d46-e648-47f9-b6a0-9c7f26654c28:c2639, d1b6a90e-e817-40a7-bec1-608b5cc7d8b6:c2638]
2019-09-11 04:26:00,862 [grpc-default-executor-2] INFO  client.GrpcClientProtocolClient (GrpcClientProtocolClient.java:onNext(264)) - client-734BBEB428D7->a5e38e3e-c2ad-4348-acb9-3fc25cfb14dd: receive RaftClientReply:client-734BBEB428D7->a5e38e3e-c2ad-4348-acb9-3fc25cfb14dd@group-7000B19605CB, cid=1813, SUCCESS, logIndex=0, commits[a5e38e3e-c2ad-4348-acb9-3fc25cfb14dd:c2645, 11e48d46-e648-47f9-b6a0-9c7f26654c28:c2640, d1b6a90e-e817-40a7-bec1-608b5cc7d8b6:c2641]
2019-09-11 04:26:00,882 [grpc-default-executor-3] INFO  client.GrpcClientProtocolClient (GrpcClientProtocolClient.java:onNext(264)) - client-734BBEB428D7->a5e38e3e-c2ad-4348-acb9-3fc25cfb14dd: receive RaftClientReply:client-734BBEB428D7->a5e38e3e-c2ad-4348-acb9-3fc25cfb14dd@group-7000B19605CB, cid=1814, SUCCESS, logIndex=2647, commits[a5e38e3e-c2ad-4348-acb9-3fc25cfb14dd:c2648, 11e48d46-e648-47f9-b6a0-9c7f26654c28:c2646, d1b6a90e-e817-40a7-bec1-608b5cc7d8b6:c2646]
2019-09-11 04:26:00,882 [grpc-default-executor-3] INFO  client.GrpcClientProtocolClient (GrpcClientProtocolClient.java:onNext(264)) - client-734BBEB428D7->a5e38e3e-c2ad-4348-acb9-3fc25cfb14dd: receive RaftClientReply:client-734BBEB428D7->a5e38e3e-c2ad-4348-acb9-3fc25cfb14dd@group-7000B19605CB, cid=1815, SUCCESS, logIndex=2648, commits[a5e38e3e-c2ad-4348-acb9-3fc25cfb14dd:c2648, 11e48d46-e648-47f9-b6a0-9c7f26654c28:c2646, d1b6a90e-e817-40a7-bec1-608b5cc7d8b6:c2646]
2019-09-11 04:26:00,895 [grpc-default-executor-3] INFO  client.GrpcClientProtocolClient (GrpcClientProtocolClient.java:onNext(264)) - client-734BBEB428D7->a5e38e3e-c2ad-4348-acb9-3fc25cfb14dd: receive RaftClientReply:client-734BBEB428D7->a5e38e3e-c2ad-4348-acb9-3fc25cfb14dd@group-7000B19605CB, cid=1816, SUCCESS, logIndex=2651, commits[a5e38e3e-c2ad-4348-acb9-3fc25cfb14dd:c2652, 11e48d46-e648-47f9-b6a0-9c7f26654c28:c2648, d1b6a90e-e817-40a7-bec1-608b5cc7d8b6:c2647]
2019-09-11 04:26:00,895 [grpc-default-executor-3] INFO  client.GrpcClientProtocolClient (GrpcClientProtocolClient.java:onNext(264)) - client-734BBEB428D7->a5e38e3e-c2ad-4348-acb9-3fc25cfb14dd: receive RaftClientReply:client-734BBEB428D7->a5e38e3e-c2ad-4348-acb9-3fc25cfb14dd@group-7000B19605CB, cid=1817, SUCCESS, logIndex=2652, commits[a5e38e3e-c2ad-4348-acb9-3fc25cfb14dd:c2652, 11e48d46-e648-47f9-b6a0-9c7f26654c28:c2648, d1b6a90e-e817-40a7-bec1-608b5cc7d8b6:c2648]
2019-09-11 04:26:00,897 [grpc-default-executor-4] INFO  client.GrpcClientProtocolClient (GrpcClientProtocolClient.java:onNext(264)) - client-734BBEB428D7->a5e38e3e-c2ad-4348-acb9-3fc25cfb14dd: receive RaftClientReply:client-734BBEB428D7->a5e38e3e-c2ad-4348-acb9-3fc25cfb14dd@group-7000B19605CB, cid=1818, SUCCESS, logIndex=0, commits[a5e38e3e-c2ad-4348-acb9-3fc25cfb14dd:c2654, 11e48d46-e648-47f9-b6a0-9c7f26654c28:c2652, d1b6a90e-e817-40a7-bec1-608b5cc7d8b6:c2652]
2019-09-11 04:26:00,923 [grpc-default-executor-4] INFO  client.GrpcClientProtocolClient (GrpcClientProtocolClient.java:onNext(264)) - client-734BBEB428D7->a5e38e3e-c2ad-4348-acb9-3fc25cfb14dd: receive RaftClientReply:client-734BBEB428D7->a5e38e3e-c2ad-4348-acb9-3fc25cfb14dd@group-7000B19605CB, cid=1819, SUCCESS, logIndex=2655, commits[a5e38e3e-c2ad-4348-acb9-3fc25cfb14dd:c2656, 11e48d46-e648-47f9-b6a0-9c7f26654c28:c2654, d1b6a90e-e817-40a7-bec1-608b5cc7d8b6:c2654]
2019-09-11 04:26:00,923 [grpc-default-executor-2] INFO  client.GrpcClientProtocolClient (GrpcClientProtocolClient.java:onNext(264)) - client-734BBEB428D7->a5e38e3e-c2ad-4348-acb9-3fc25cfb14dd: receive RaftClientReply:client-734BBEB428D7->a5e38e3e-c2ad-4348-acb9-3fc25cfb14dd@group-7000B19605CB, cid=1820, SUCCESS, logIndex=2656, commits[a5e38e3e-c2ad-4348-acb9-3fc25cfb14dd:c2656, 11e48d46-e648-47f9-b6a0-9c7f26654c28:c2654, d1b6a90e-e817-40a7-bec1-608b5cc7d8b6:c2654]
2019-09-11 04:26:00,924 [grpc-default-executor-3] INFO  client.GrpcClientProtocolClient (GrpcClientProtocolClient.java:onNext(264)) - client-734BBEB428D7->a5e38e3e-c2ad-4348-acb9-3fc25cfb14dd: receive RaftClientReply:client-734BBEB428D7->a5e38e3e-c2ad-4348-acb9-3fc25cfb14dd@group-7000B19605CB, cid=1821, SUCCESS, logIndex=2657, commits[a5e38e3e-c2ad-4348-acb9-3fc25cfb14dd:c2657, 11e48d46-e648-47f9-b6a0-9c7f26654c28:c2654, d1b6a90e-e817-40a7-bec1-608b5cc7d8b6:c2654]
2019-09-11 04:26:00,924 [grpc-default-executor-3] INFO  client.GrpcClientProtocolClient (GrpcClientProtocolClient.java:onNext(264)) - client-734BBEB428D7->a5e38e3e-c2ad-4348-acb9-3fc25cfb14dd: receive RaftClientReply:client-734BBEB428D7->a5e38e3e-c2ad-4348-acb9-3fc25cfb14dd@group-7000B19605CB, cid=1822, SUCCESS, logIndex=2658, commits[a5e38e3e-c2ad-4348-acb9-3fc25cfb14dd:c2658, 11e48d46-e648-47f9-b6a0-9c7f26654c28:c2654, d1b6a90e-e817-40a7-bec1-608b5cc7d8b6:c2654]
2019-09-11 04:26:00,925 [grpc-default-executor-4] INFO  client.GrpcClientProtocolClient (GrpcClientProtocolClient.java:onNext(264)) - client-734BBEB428D7->a5e38e3e-c2ad-4348-acb9-3fc25cfb14dd: receive RaftClientReply:client-734BBEB428D7->a5e38e3e-c2ad-4348-acb9-3fc25cfb14dd@group-7000B19605CB, cid=1823, SUCCESS, logIndex=0, commits[a5e38e3e-c2ad-4348-acb9-3fc25cfb14dd:c2660, 11e48d46-e648-47f9-b6a0-9c7f26654c28:c2656, d1b6a90e-e817-40a7-bec1-608b5cc7d8b6:c2656]
2019-09-11 04:26:00,945 [grpc-default-executor-2] INFO  client.GrpcClientProtocolClient (GrpcClientProtocolClient.java:onNext(264)) - client-734BBEB428D7->a5e38e3e-c2ad-4348-acb9-3fc25cfb14dd: receive RaftClientReply:client-734BBEB428D7->a5e38e3e-c2ad-4348-acb9-3fc25cfb14dd@group-7000B19605CB, cid=1824, SUCCESS, logIndex=2663, commits[a5e38e3e-c2ad-4348-acb9-3fc25cfb14dd:c2664, 11e48d46-e648-47f9-b6a0-9c7f26654c28:c2662, d1b6a90e-e817-40a7-bec1-608b5cc7d8b6:c2662]
2019-09-11 04:26:00,945 [grpc-default-executor-2] INFO  client.GrpcClientProtocolClient (GrpcClientProtocolClient.java:onNext(264)) - client-734BBEB428D7->a5e38e3e-c2ad-4348-acb9-3fc25cfb14dd: receive RaftClientReply:client-734BBEB428D7->a5e38e3e-c2ad-4348-acb9-3fc25cfb14dd@group-7000B19605CB, cid=1825, SUCCESS, logIndex=2664, commits[a5e38e3e-c2ad-4348-acb9-3fc25cfb14dd:c2664, 11e48d46-e648-47f9-b6a0-9c7f26654c28:c2662, d1b6a90e-e817-40a7-bec1-608b5cc7d8b6:c2662]
2019-09-11 04:26:00,958 [grpc-default-executor-3] INFO  client.GrpcClientProtocolClient (GrpcClientProtocolClient.java:onNext(264)) - client-734BBEB428D7->a5e38e3e-c2ad-4348-acb9-3fc25cfb14dd: receive RaftClientReply:client-734BBEB428D7->a5e38e3e-c2ad-4348-acb9-3fc25cfb14dd@group-7000B19605CB, cid=1826, SUCCESS, logIndex=2667, commits[a5e38e3e-c2ad-4348-acb9-3fc25cfb14dd:c2668, 11e48d46-e648-47f9-b6a0-9c7f26654c28:c2664, d1b6a90e-e817-40a7-bec1-608b5cc7d8b6:c2664]
2019-09-11 04:26:00,958 [grpc-default-executor-3] INFO  client.GrpcClientProtocolClient (GrpcClientProtocolClient.java:onNext(264)) - client-734BBEB428D7->a5e38e3e-c2ad-4348-acb9-3fc25cfb14dd: receive RaftClientReply:client-734BBEB428D7->a5e38e3e-c2ad-4348-acb9-3fc25cfb14dd@group-7000B19605CB, cid=1827, SUCCESS, logIndex=2668, commits[a5e38e3e-c2ad-4348-acb9-3fc25cfb14dd:c2668, 11e48d46-e648-47f9-b6a0-9c7f26654c28:c2664, d1b6a90e-e817-40a7-bec1-608b5cc7d8b6:c2664]
2019-09-11 04:26:00,970 [grpc-default-executor-3] INFO  client.GrpcClientProtocolClient (GrpcClientProtocolClient.java:onNext(264)) - client-734BBEB428D7->a5e38e3e-c2ad-4348-acb9-3fc25cfb14dd: receive RaftClientReply:client-734BBEB428D7->a5e38e3e-c2ad-4348-acb9-3fc25cfb14dd@group-7000B19605CB, cid=1828, SUCCESS, logIndex=0, commits[a5e38e3e-c2ad-4348-acb9-3fc25cfb14dd:c2670, 11e48d46-e648-47f9-b6a0-9c7f26654c28:c2668, d1b6a90e-e817-40a7-bec1-608b5cc7d8b6:c2668]
2019-09-11 04:26:00,997 [grpc-default-executor-3] INFO  client.GrpcClientProtocolClient (GrpcClientProtocolClient.java:onNext(264)) - client-734BBEB428D7->a5e38e3e-c2ad-4348-acb9-3fc25cfb14dd: receive RaftClientReply:client-734BBEB428D7->a5e38e3e-c2ad-4348-acb9-3fc25cfb14dd@group-7000B19605CB, cid=1829, SUCCESS, logIndex=2671, commits[a5e38e3e-c2ad-4348-acb9-3fc25cfb14dd:c2672, 11e48d46-e648-47f9-b6a0-9c7f26654c28:c2670, d1b6a90e-e817-40a7-bec1-608b5cc7d8b6:c2670]
2019-09-11 04:26:00,997 [grpc-default-executor-3] INFO  client.GrpcClientProtocolClient (GrpcClientProtocolClient.java:onNext(264)) - client-734BBEB428D7->a5e38e3e-c2ad-4348-acb9-3fc25cfb14dd: receive RaftClientReply:client-734BBEB428D7->a5e38e3e-c2ad-4348-acb9-3fc25cfb14dd@group-7000B19605CB, cid=1830, SUCCESS, logIndex=2672, commits[a5e38e3e-c2ad-4348-acb9-3fc25cfb14dd:c2672, 11e48d46-e648-47f9-b6a0-9c7f26654c28:c2670, d1b6a90e-e817-40a7-bec1-608b5cc7d8b6:c2670]
2019-09-11 04:26:00,998 [grpc-default-executor-4] INFO  client.GrpcClientProtocolClient (GrpcClientProtocolClient.java:onNext(264)) - client-734BBEB428D7->a5e38e3e-c2ad-4348-acb9-3fc25cfb14dd: receive RaftClientReply:client-734BBEB428D7->a5e38e3e-c2ad-4348-acb9-3fc25cfb14dd@group-7000B19605CB, cid=1831, SUCCESS, logIndex=2673, commits[a5e38e3e-c2ad-4348-acb9-3fc25cfb14dd:c2673, 11e48d46-e648-47f9-b6a0-9c7f26654c28:c2670, d1b6a90e-e817-40a7-bec1-608b5cc7d8b6:c2670]
2019-09-11 04:26:00,998 [grpc-default-executor-4] INFO  client.GrpcClientProtocolClient (GrpcClientProtocolClient.java:onNext(264)) - client-734BBEB428D7->a5e38e3e-c2ad-4348-acb9-3fc25cfb14dd: receive RaftClientReply:client-734BBEB428D7->a5e38e3e-c2ad-4348-acb9-3fc25cfb14dd@group-7000B19605CB, cid=1832, SUCCESS, logIndex=2674, commits[a5e38e3e-c2ad-4348-acb9-3fc25cfb14dd:c2674, 11e48d46-e648-47f9-b6a0-9c7f26654c28:c2670, d1b6a90e-e817-40a7-bec1-608b5cc7d8b6:c2670]
2019-09-11 04:26:00,999 [grpc-default-executor-4] INFO  client.GrpcClientProtocolClient (GrpcClientProtocolClient.java:onNext(264)) - client-734BBEB428D7->a5e38e3e-c2ad-4348-acb9-3fc25cfb14dd: receive RaftClientReply:client-734BBEB428D7->a5e38e3e-c2ad-4348-acb9-3fc25cfb14dd@group-7000B19605CB, cid=1833, SUCCESS, logIndex=0, commits[a5e38e3e-c2ad-4348-acb9-3fc25cfb14dd:c2676, 11e48d46-e648-47f9-b6a0-9c7f26654c28:c2672, d1b6a90e-e817-40a7-bec1-608b5cc7d8b6:c2672]
2019-09-11 04:26:01,019 [grpc-default-executor-4] INFO  client.GrpcClientProtocolClient (GrpcClientProtocolClient.java:onNext(264)) - client-734BBEB428D7->a5e38e3e-c2ad-4348-acb9-3fc25cfb14dd: receive RaftClientReply:client-734BBEB428D7->a5e38e3e-c2ad-4348-acb9-3fc25cfb14dd@group-7000B19605CB, cid=1834, SUCCESS, logIndex=2679, commits[a5e38e3e-c2ad-4348-acb9-3fc25cfb14dd:c2680, 11e48d46-e648-47f9-b6a0-9c7f26654c28:c2678, d1b6a90e-e817-40a7-bec1-608b5cc7d8b6:c2678]
2019-09-11 04:26:01,019 [grpc-default-executor-4] INFO  client.GrpcClientProtocolClient (GrpcClientProtocolClient.java:onNext(264)) - client-734BBEB428D7->a5e38e3e-c2ad-4348-acb9-3fc25cfb14dd: receive RaftClientReply:client-734BBEB428D7->a5e38e3e-c2ad-4348-acb9-3fc25cfb14dd@group-7000B19605CB, cid=1835, SUCCESS, logIndex=2680, commits[a5e38e3e-c2ad-4348-acb9-3fc25cfb14dd:c2680, 11e48d46-e648-47f9-b6a0-9c7f26654c28:c2678, d1b6a90e-e817-40a7-bec1-608b5cc7d8b6:c2678]
 0.00% |█                                                                                                    |  0/1 Time: 0:00:122019-09-11 04:26:01,130 [grpc-default-executor-2] INFO  client.GrpcClientProtocolClient (GrpcClientProtocolClient.java:onNext(264)) - client-734BBEB428D7->a5e38e3e-c2ad-4348-acb9-3fc25cfb14dd: receive RaftClientReply:client-734BBEB428D7->a5e38e3e-c2ad-4348-acb9-3fc25cfb14dd@group-7000B19605CB, cid=1836, SUCCESS, logIndex=2683, commits[a5e38e3e-c2ad-4348-acb9-3fc25cfb14dd:c2684, 11e48d46-e648-47f9-b6a0-9c7f26654c28:c2681, d1b6a90e-e817-40a7-bec1-608b5cc7d8b6:c2680]
2019-09-11 04:26:01,131 [grpc-default-executor-2] INFO  client.GrpcClientProtocolClient (GrpcClientProtocolClient.java:onNext(264)) - client-734BBEB428D7->a5e38e3e-c2ad-4348-acb9-3fc25cfb14dd: receive RaftClientReply:client-734BBEB428D7->a5e38e3e-c2ad-4348-acb9-3fc25cfb14dd@group-7000B19605CB, cid=1837, SUCCESS, logIndex=2684, commits[a5e38e3e-c2ad-4348-acb9-3fc25cfb14dd:c2684, 11e48d46-e648-47f9-b6a0-9c7f26654c28:c2681, d1b6a90e-e817-40a7-bec1-608b5cc7d8b6:c2681]
2019-09-11 04:26:01,143 [grpc-default-executor-3] INFO  client.GrpcClientProtocolClient (GrpcClientProtocolClient.java:onNext(264)) - client-734BBEB428D7->a5e38e3e-c2ad-4348-acb9-3fc25cfb14dd: receive RaftClientReply:client-734BBEB428D7->a5e38e3e-c2ad-4348-acb9-3fc25cfb14dd@group-7000B19605CB, cid=1838, SUCCESS, logIndex=0, commits[a5e38e3e-c2ad-4348-acb9-3fc25cfb14dd:c2686, 11e48d46-e648-47f9-b6a0-9c7f26654c28:c2684, d1b6a90e-e817-40a7-bec1-608b5cc7d8b6:c2684]
2019-09-11 04:26:01,173 [grpc-default-executor-3] INFO  client.GrpcClientProtocolClient (GrpcClientProtocolClient.java:onNext(264)) - client-734BBEB428D7->a5e38e3e-c2ad-4348-acb9-3fc25cfb14dd: receive RaftClientReply:client-734BBEB428D7->a5e38e3e-c2ad-4348-acb9-3fc25cfb14dd@group-7000B19605CB, cid=1839, SUCCESS, logIndex=2687, commits[a5e38e3e-c2ad-4348-acb9-3fc25cfb14dd:c2690, 11e48d46-e648-47f9-b6a0-9c7f26654c28:c2686, d1b6a90e-e817-40a7-bec1-608b5cc7d8b6:c2686]
2019-09-11 04:26:01,174 [grpc-default-executor-3] INFO  client.GrpcClientProtocolClient (GrpcClientProtocolClient.java:onNext(264)) - client-734BBEB428D7->a5e38e3e-c2ad-4348-acb9-3fc25cfb14dd: receive RaftClientReply:client-734BBEB428D7->a5e38e3e-c2ad-4348-acb9-3fc25cfb14dd@group-7000B19605CB, cid=1840, SUCCESS, logIndex=2688, commits[a5e38e3e-c2ad-4348-acb9-3fc25cfb14dd:c2690, 11e48d46-e648-47f9-b6a0-9c7f26654c28:c2686, d1b6a90e-e817-40a7-bec1-608b5cc7d8b6:c2686]
2019-09-11 04:26:01,174 [grpc-default-executor-3] INFO  client.GrpcClientProtocolClient (GrpcClientProtocolClient.java:onNext(264)) - client-734BBEB428D7->a5e38e3e-c2ad-4348-acb9-3fc25cfb14dd: receive RaftClientReply:client-734BBEB428D7->a5e38e3e-c2ad-4348-acb9-3fc25cfb14dd@group-7000B19605CB, cid=1841, SUCCESS, logIndex=2689, commits[a5e38e3e-c2ad-4348-acb9-3fc25cfb14dd:c2690, 11e48d46-e648-47f9-b6a0-9c7f26654c28:c2686, d1b6a90e-e817-40a7-bec1-608b5cc7d8b6:c2686]
2019-09-11 04:26:01,174 [grpc-default-executor-3] INFO  client.GrpcClientProtocolClient (GrpcClientProtocolClient.java:onNext(264)) - client-734BBEB428D7->a5e38e3e-c2ad-4348-acb9-3fc25cfb14dd: receive RaftClientReply:client-734BBEB428D7->a5e38e3e-c2ad-4348-acb9-3fc25cfb14dd@group-7000B19605CB, cid=1842, SUCCESS, logIndex=2690, commits[a5e38e3e-c2ad-4348-acb9-3fc25cfb14dd:c2690, 11e48d46-e648-47f9-b6a0-9c7f26654c28:c2686, d1b6a90e-e817-40a7-bec1-608b5cc7d8b6:c2686]
2019-09-11 04:26:01,185 [grpc-default-executor-4] INFO  client.GrpcClientProtocolClient (GrpcClientProtocolClient.java:onNext(264)) - client-734BBEB428D7->a5e38e3e-c2ad-4348-acb9-3fc25cfb14dd: receive RaftClientReply:client-734BBEB428D7->a5e38e3e-c2ad-4348-acb9-3fc25cfb14dd@group-7000B19605CB, cid=1843, SUCCESS, logIndex=0, commits[a5e38e3e-c2ad-4348-acb9-3fc25cfb14dd:c2691, 11e48d46-e648-47f9-b6a0-9c7f26654c28:c2688, d1b6a90e-e817-40a7-bec1-608b5cc7d8b6:c2688]
2019-09-11 04:26:01,204 [grpc-default-executor-3] INFO  client.GrpcClientProtocolClient (GrpcClientProtocolClient.java:onNext(264)) - client-734BBEB428D7->a5e38e3e-c2ad-4348-acb9-3fc25cfb14dd: receive RaftClientReply:client-734BBEB428D7->a5e38e3e-c2ad-4348-acb9-3fc25cfb14dd@group-7000B19605CB, cid=1844, SUCCESS, logIndex=2695, commits[a5e38e3e-c2ad-4348-acb9-3fc25cfb14dd:c2696, 11e48d46-e648-47f9-b6a0-9c7f26654c28:c2694, d1b6a90e-e817-40a7-bec1-608b5cc7d8b6:c2694]
2019-09-11 04:26:01,204 [grpc-default-executor-3] INFO  client.GrpcClientProtocolClient (GrpcClientProtocolClient.java:onNext(264)) - client-734BBEB428D7->a5e38e3e-c2ad-4348-acb9-3fc25cfb14dd: receive RaftClientReply:client-734BBEB428D7->a5e38e3e-c2ad-4348-acb9-3fc25cfb14dd@group-7000B19605CB, cid=1845, SUCCESS, logIndex=2696, commits[a5e38e3e-c2ad-4348-acb9-3fc25cfb14dd:c2696, 11e48d46-e648-47f9-b6a0-9c7f26654c28:c2694, d1b6a90e-e817-40a7-bec1-608b5cc7d8b6:c2694]
2019-09-11 04:26:01,217 [grpc-default-executor-3] INFO  client.GrpcClientProtocolClient (GrpcClientProtocolClient.java:onNext(264)) - client-734BBEB428D7->a5e38e3e-c2ad-4348-acb9-3fc25cfb14dd: receive RaftClientReply:client-734BBEB428D7->a5e38e3e-c2ad-4348-acb9-3fc25cfb14dd@group-7000B19605CB, cid=1846, SUCCESS, logIndex=2699, commits[a5e38e3e-c2ad-4348-acb9-3fc25cfb14dd:c2699, 11e48d46-e648-47f9-b6a0-9c7f26654c28:c2696, d1b6a90e-e817-40a7-bec1-608b5cc7d8b6:c2696]
2019-09-11 04:26:01,217 [grpc-default-executor-3] INFO  client.GrpcClientProtocolClient (GrpcClientProtocolClient.java:onNext(264)) - client-734BBEB428D7->a5e38e3e-c2ad-4348-acb9-3fc25cfb14dd: receive RaftClientReply:client-734BBEB428D7->a5e38e3e-c2ad-4348-acb9-3fc25cfb14dd@group-7000B19605CB, cid=1847, SUCCESS, logIndex=2700, commits[a5e38e3e-c2ad-4348-acb9-3fc25cfb14dd:c2700, 11e48d46-e648-47f9-b6a0-9c7f26654c28:c2696, d1b6a90e-e817-40a7-bec1-608b5cc7d8b6:c2696]
2019-09-11 04:26:01,230 [grpc-default-executor-3] INFO  client.GrpcClientProtocolClient (GrpcClientProtocolClient.java:onNext(264)) - client-734BBEB428D7->a5e38e3e-c2ad-4348-acb9-3fc25cfb14dd: receive RaftClientReply:client-734BBEB428D7->a5e38e3e-c2ad-4348-acb9-3fc25cfb14dd@group-7000B19605CB, cid=1848, SUCCESS, logIndex=0, commits[a5e38e3e-c2ad-4348-acb9-3fc25cfb14dd:c2702, 11e48d46-e648-47f9-b6a0-9c7f26654c28:c2700, d1b6a90e-e817-40a7-bec1-608b5cc7d8b6:c2700]
2019-09-11 04:26:01,256 [grpc-default-executor-2] INFO  client.GrpcClientProtocolClient (GrpcClientProtocolClient.java:onNext(264)) - client-734BBEB428D7->a5e38e3e-c2ad-4348-acb9-3fc25cfb14dd: receive RaftClientReply:client-734BBEB428D7->a5e38e3e-c2ad-4348-acb9-3fc25cfb14dd@group-7000B19605CB, cid=1849, SUCCESS, logIndex=2703, commits[a5e38e3e-c2ad-4348-acb9-3fc25cfb14dd:c2705, 11e48d46-e648-47f9-b6a0-9c7f26654c28:c2702, d1b6a90e-e817-40a7-bec1-608b5cc7d8b6:c2702]
2019-09-11 04:26:01,256 [grpc-default-executor-2] INFO  client.GrpcClientProtocolClient (GrpcClientProtocolClient.java:onNext(264)) - client-734BBEB428D7->a5e38e3e-c2ad-4348-acb9-3fc25cfb14dd: receive RaftClientReply:client-734BBEB428D7->a5e38e3e-c2ad-4348-acb9-3fc25cfb14dd@group-7000B19605CB, cid=1850, SUCCESS, logIndex=2704, commits[a5e38e3e-c2ad-4348-acb9-3fc25cfb14dd:c2706, 11e48d46-e648-47f9-b6a0-9c7f26654c28:c2702, d1b6a90e-e817-40a7-bec1-608b5cc7d8b6:c2702]
2019-09-11 04:26:01,256 [grpc-default-executor-2] INFO  client.GrpcClientProtocolClient (GrpcClientProtocolClient.java:onNext(264)) - client-734BBEB428D7->a5e38e3e-c2ad-4348-acb9-3fc25cfb14dd: receive RaftClientReply:client-734BBEB428D7->a5e38e3e-c2ad-4348-acb9-3fc25cfb14dd@group-7000B19605CB, cid=1851, SUCCESS, logIndex=2705, commits[a5e38e3e-c2ad-4348-acb9-3fc25cfb14dd:c2706, 11e48d46-e648-47f9-b6a0-9c7f26654c28:c2702, d1b6a90e-e817-40a7-bec1-608b5cc7d8b6:c2702]
2019-09-11 04:26:01,257 [grpc-default-executor-2] INFO  client.GrpcClientProtocolClient (GrpcClientProtocolClient.java:onNext(264)) - client-734BBEB428D7->a5e38e3e-c2ad-4348-acb9-3fc25cfb14dd: receive RaftClientReply:client-734BBEB428D7->a5e38e3e-c2ad-4348-acb9-3fc25cfb14dd@group-7000B19605CB, cid=1852, SUCCESS, logIndex=2706, commits[a5e38e3e-c2ad-4348-acb9-3fc25cfb14dd:c2706, 11e48d46-e648-47f9-b6a0-9c7f26654c28:c2702, d1b6a90e-e817-40a7-bec1-608b5cc7d8b6:c2702]
2019-09-11 04:26:01,258 [grpc-default-executor-3] INFO  client.GrpcClientProtocolClient (GrpcClientProtocolClient.java:onNext(264)) - client-734BBEB428D7->a5e38e3e-c2ad-4348-acb9-3fc25cfb14dd: receive RaftClientReply:client-734BBEB428D7->a5e38e3e-c2ad-4348-acb9-3fc25cfb14dd@group-7000B19605CB, cid=1853, SUCCESS, logIndex=0, commits[a5e38e3e-c2ad-4348-acb9-3fc25cfb14dd:c2709, 11e48d46-e648-47f9-b6a0-9c7f26654c28:c2704, d1b6a90e-e817-40a7-bec1-608b5cc7d8b6:c2705]
2019-09-11 04:26:01,277 [grpc-default-executor-1] INFO  client.GrpcClientProtocolClient (GrpcClientProtocolClient.java:onNext(264)) - client-734BBEB428D7->a5e38e3e-c2ad-4348-acb9-3fc25cfb14dd: receive RaftClientReply:client-734BBEB428D7->a5e38e3e-c2ad-4348-acb9-3fc25cfb14dd@group-7000B19605CB, cid=1854, SUCCESS, logIndex=2711, commits[a5e38e3e-c2ad-4348-acb9-3fc25cfb14dd:c2712, 11e48d46-e648-47f9-b6a0-9c7f26654c28:c2710, d1b6a90e-e817-40a7-bec1-608b5cc7d8b6:c2710]
2019-09-11 04:26:01,277 [grpc-default-executor-1] INFO  client.GrpcClientProtocolClient (GrpcClientProtocolClient.java:onNext(264)) - client-734BBEB428D7->a5e38e3e-c2ad-4348-acb9-3fc25cfb14dd: receive RaftClientReply:client-734BBEB428D7->a5e38e3e-c2ad-4348-acb9-3fc25cfb14dd@group-7000B19605CB, cid=1855, SUCCESS, logIndex=2712, commits[a5e38e3e-c2ad-4348-acb9-3fc25cfb14dd:c2712, 11e48d46-e648-47f9-b6a0-9c7f26654c28:c2710, d1b6a90e-e817-40a7-bec1-608b5cc7d8b6:c2710]
2019-09-11 04:26:01,311 [grpc-default-executor-2] INFO  client.GrpcClientProtocolClient (GrpcClientProtocolClient.java:onNext(264)) - client-734BBEB428D7->a5e38e3e-c2ad-4348-acb9-3fc25cfb14dd: receive RaftClientReply:client-734BBEB428D7->a5e38e3e-c2ad-4348-acb9-3fc25cfb14dd@group-7000B19605CB, cid=1856, SUCCESS, logIndex=2715, commits[a5e38e3e-c2ad-4348-acb9-3fc25cfb14dd:c2716, 11e48d46-e648-47f9-b6a0-9c7f26654c28:c2712, d1b6a90e-e817-40a7-bec1-608b5cc7d8b6:c2712]
2019-09-11 04:26:01,311 [grpc-default-executor-2] INFO  client.GrpcClientProtocolClient (GrpcClientProtocolClient.java:onNext(264)) - client-734BBEB428D7->a5e38e3e-c2ad-4348-acb9-3fc25cfb14dd: receive RaftClientReply:client-734BBEB428D7->a5e38e3e-c2ad-4348-acb9-3fc25cfb14dd@group-7000B19605CB, cid=1857, SUCCESS, logIndex=2716, commits[a5e38e3e-c2ad-4348-acb9-3fc25cfb14dd:c2716, 11e48d46-e648-47f9-b6a0-9c7f26654c28:c2712, d1b6a90e-e817-40a7-bec1-608b5cc7d8b6:c2712]
2019-09-11 04:26:01,323 [grpc-default-executor-2] INFO  client.GrpcClientProtocolClient (GrpcClientProtocolClient.java:onNext(264)) - client-734BBEB428D7->a5e38e3e-c2ad-4348-acb9-3fc25cfb14dd: receive RaftClientReply:client-734BBEB428D7->a5e38e3e-c2ad-4348-acb9-3fc25cfb14dd@group-7000B19605CB, cid=1858, SUCCESS, logIndex=0, commits[a5e38e3e-c2ad-4348-acb9-3fc25cfb14dd:c2718, 11e48d46-e648-47f9-b6a0-9c7f26654c28:c2716, d1b6a90e-e817-40a7-bec1-608b5cc7d8b6:c2716]
2019-09-11 04:26:01,348 [grpc-default-executor-4] INFO  client.GrpcClientProtocolClient (GrpcClientProtocolClient.java:onNext(264)) - client-734BBEB428D7->a5e38e3e-c2ad-4348-acb9-3fc25cfb14dd: receive RaftClientReply:client-734BBEB428D7->a5e38e3e-c2ad-4348-acb9-3fc25cfb14dd@group-7000B19605CB, cid=1859, SUCCESS, logIndex=2719, commits[a5e38e3e-c2ad-4348-acb9-3fc25cfb14dd:c2721, 11e48d46-e648-47f9-b6a0-9c7f26654c28:c2718, d1b6a90e-e817-40a7-bec1-608b5cc7d8b6:c2718]
2019-09-11 04:26:01,348 [grpc-default-executor-4] INFO  client.GrpcClientProtocolClient (GrpcClientProtocolClient.java:onNext(264)) - client-734BBEB428D7->a5e38e3e-c2ad-4348-acb9-3fc25cfb14dd: receive RaftClientReply:client-734BBEB428D7->a5e38e3e-c2ad-4348-acb9-3fc25cfb14dd@group-7000B19605CB, cid=1860, SUCCESS, logIndex=2720, commits[a5e38e3e-c2ad-4348-acb9-3fc25cfb14dd:c2722, 11e48d46-e648-47f9-b6a0-9c7f26654c28:c2718, d1b6a90e-e817-40a7-bec1-608b5cc7d8b6:c2718]
2019-09-11 04:26:01,349 [grpc-default-executor-4] INFO  client.GrpcClientProtocolClient (GrpcClientProtocolClient.java:onNext(264)) - client-734BBEB428D7->a5e38e3e-c2ad-4348-acb9-3fc25cfb14dd: receive RaftClientReply:client-734BBEB428D7->a5e38e3e-c2ad-4348-acb9-3fc25cfb14dd@group-7000B19605CB, cid=1861, SUCCESS, logIndex=2721, commits[a5e38e3e-c2ad-4348-acb9-3fc25cfb14dd:c2722, 11e48d46-e648-47f9-b6a0-9c7f26654c28:c2718, d1b6a90e-e817-40a7-bec1-608b5cc7d8b6:c2718]
2019-09-11 04:26:01,349 [grpc-default-executor-4] INFO  client.GrpcClientProtocolClient (GrpcClientProtocolClient.java:onNext(264)) - client-734BBEB428D7->a5e38e3e-c2ad-4348-acb9-3fc25cfb14dd: receive RaftClientReply:client-734BBEB428D7->a5e38e3e-c2ad-4348-acb9-3fc25cfb14dd@group-7000B19605CB, cid=1862, SUCCESS, logIndex=2722, commits[a5e38e3e-c2ad-4348-acb9-3fc25cfb14dd:c2722, 11e48d46-e648-47f9-b6a0-9c7f26654c28:c2718, d1b6a90e-e817-40a7-bec1-608b5cc7d8b6:c2718]
2019-09-11 04:26:01,372 [grpc-default-executor-4] INFO  client.GrpcClientProtocolClient (GrpcClientProtocolClient.java:onNext(264)) - client-734BBEB428D7->a5e38e3e-c2ad-4348-acb9-3fc25cfb14dd: receive RaftClientReply:client-734BBEB428D7->a5e38e3e-c2ad-4348-acb9-3fc25cfb14dd@group-7000B19605CB, cid=1863, SUCCESS, logIndex=0, commits[a5e38e3e-c2ad-4348-acb9-3fc25cfb14dd:c2723, 11e48d46-e648-47f9-b6a0-9c7f26654c28:c2720, d1b6a90e-e817-40a7-bec1-608b5cc7d8b6:c2720]
2019-09-11 04:26:01,382 [grpc-default-executor-4] INFO  client.GrpcClientProtocolClient (GrpcClientProtocolClient.java:onNext(264)) - client-734BBEB428D7->a5e38e3e-c2ad-4348-acb9-3fc25cfb14dd: receive RaftClientReply:client-734BBEB428D7->a5e38e3e-c2ad-4348-acb9-3fc25cfb14dd@group-7000B19605CB, cid=1864, SUCCESS, logIndex=2727, commits[a5e38e3e-c2ad-4348-acb9-3fc25cfb14dd:c2728, 11e48d46-e648-47f9-b6a0-9c7f26654c28:c2722, d1b6a90e-e817-40a7-bec1-608b5cc7d8b6:c2726]
2019-09-11 04:26:01,382 [grpc-default-executor-4] INFO  client.GrpcClientProtocolClient (GrpcClientProtocolClient.java:onNext(264)) - client-734BBEB428D7->a5e38e3e-c2ad-4348-acb9-3fc25cfb14dd: receive RaftClientReply:client-734BBEB428D7->a5e38e3e-c2ad-4348-acb9-3fc25cfb14dd@group-7000B19605CB, cid=1865, SUCCESS, logIndex=2728, commits[a5e38e3e-c2ad-4348-acb9-3fc25cfb14dd:c2728, 11e48d46-e648-47f9-b6a0-9c7f26654c28:c2726, d1b6a90e-e817-40a7-bec1-608b5cc7d8b6:c2726]
2019-09-11 04:26:01,400 [grpc-default-executor-3] INFO  client.GrpcClientProtocolClient (GrpcClientProtocolClient.java:onNext(264)) - client-734BBEB428D7->a5e38e3e-c2ad-4348-acb9-3fc25cfb14dd: receive RaftClientReply:client-734BBEB428D7->a5e38e3e-c2ad-4348-acb9-3fc25cfb14dd@group-7000B19605CB, cid=1866, SUCCESS, logIndex=2731, commits[a5e38e3e-c2ad-4348-acb9-3fc25cfb14dd:c2732, 11e48d46-e648-47f9-b6a0-9c7f26654c28:c2730, d1b6a90e-e817-40a7-bec1-608b5cc7d8b6:c2730]
2019-09-11 04:26:01,400 [grpc-default-executor-3] INFO  client.GrpcClientProtocolClient (GrpcClientProtocolClient.java:onNext(264)) - client-734BBEB428D7->a5e38e3e-c2ad-4348-acb9-3fc25cfb14dd: receive RaftClientReply:client-734BBEB428D7->a5e38e3e-c2ad-4348-acb9-3fc25cfb14dd@group-7000B19605CB, cid=1867, SUCCESS, logIndex=2732, commits[a5e38e3e-c2ad-4348-acb9-3fc25cfb14dd:c2732, 11e48d46-e648-47f9-b6a0-9c7f26654c28:c2730, d1b6a90e-e817-40a7-bec1-608b5cc7d8b6:c2730]
2019-09-11 04:26:01,412 [grpc-default-executor-3] INFO  client.GrpcClientProtocolClient (GrpcClientProtocolClient.java:onNext(264)) - client-734BBEB428D7->a5e38e3e-c2ad-4348-acb9-3fc25cfb14dd: receive RaftClientReply:client-734BBEB428D7->a5e38e3e-c2ad-4348-acb9-3fc25cfb14dd@group-7000B19605CB, cid=1868, SUCCESS, logIndex=0, commits[a5e38e3e-c2ad-4348-acb9-3fc25cfb14dd:c2734, 11e48d46-e648-47f9-b6a0-9c7f26654c28:c2732, d1b6a90e-e817-40a7-bec1-608b5cc7d8b6:c2732]
2019-09-11 04:26:01,438 [grpc-default-executor-3] INFO  client.GrpcClientProtocolClient (GrpcClientProtocolClient.java:onNext(264)) - client-734BBEB428D7->a5e38e3e-c2ad-4348-acb9-3fc25cfb14dd: receive RaftClientReply:client-734BBEB428D7->a5e38e3e-c2ad-4348-acb9-3fc25cfb14dd@group-7000B19605CB, cid=1869, SUCCESS, logIndex=2735, commits[a5e38e3e-c2ad-4348-acb9-3fc25cfb14dd:c2736, 11e48d46-e648-47f9-b6a0-9c7f26654c28:c2734, d1b6a90e-e817-40a7-bec1-608b5cc7d8b6:c2734]
2019-09-11 04:26:01,438 [grpc-default-executor-3] INFO  client.GrpcClientProtocolClient (GrpcClientProtocolClient.java:onNext(264)) - client-734BBEB428D7->a5e38e3e-c2ad-4348-acb9-3fc25cfb14dd: receive RaftClientReply:client-734BBEB428D7->a5e38e3e-c2ad-4348-acb9-3fc25cfb14dd@group-7000B19605CB, cid=1870, SUCCESS, logIndex=2736, commits[a5e38e3e-c2ad-4348-acb9-3fc25cfb14dd:c2738, 11e48d46-e648-47f9-b6a0-9c7f26654c28:c2734, d1b6a90e-e817-40a7-bec1-608b5cc7d8b6:c2734]
2019-09-11 04:26:01,439 [grpc-default-executor-3] INFO  client.GrpcClientProtocolClient (GrpcClientProtocolClient.java:onNext(264)) - client-734BBEB428D7->a5e38e3e-c2ad-4348-acb9-3fc25cfb14dd: receive RaftClientReply:client-734BBEB428D7->a5e38e3e-c2ad-4348-acb9-3fc25cfb14dd@group-7000B19605CB, cid=1871, SUCCESS, logIndex=2737, commits[a5e38e3e-c2ad-4348-acb9-3fc25cfb14dd:c2738, 11e48d46-e648-47f9-b6a0-9c7f26654c28:c2734, d1b6a90e-e817-40a7-bec1-608b5cc7d8b6:c2734]
2019-09-11 04:26:01,439 [grpc-default-executor-2] INFO  client.GrpcClientProtocolClient (GrpcClientProtocolClient.java:onNext(264)) - client-734BBEB428D7->a5e38e3e-c2ad-4348-acb9-3fc25cfb14dd: receive RaftClientReply:client-734BBEB428D7->a5e38e3e-c2ad-4348-acb9-3fc25cfb14dd@group-7000B19605CB, cid=1872, SUCCESS, logIndex=2738, commits[a5e38e3e-c2ad-4348-acb9-3fc25cfb14dd:c2738, 11e48d46-e648-47f9-b6a0-9c7f26654c28:c2734, d1b6a90e-e817-40a7-bec1-608b5cc7d8b6:c2734]
2019-09-11 04:26:01,440 [grpc-default-executor-3] INFO  client.GrpcClientProtocolClient (GrpcClientProtocolClient.java:onNext(264)) - client-734BBEB428D7->a5e38e3e-c2ad-4348-acb9-3fc25cfb14dd: receive RaftClientReply:client-734BBEB428D7->a5e38e3e-c2ad-4348-acb9-3fc25cfb14dd@group-7000B19605CB, cid=1873, SUCCESS, logIndex=0, commits[a5e38e3e-c2ad-4348-acb9-3fc25cfb14dd:c2740, 11e48d46-e648-47f9-b6a0-9c7f26654c28:c2736, d1b6a90e-e817-40a7-bec1-608b5cc7d8b6:c2736]
2019-09-11 04:26:01,460 [grpc-default-executor-3] INFO  client.GrpcClientProtocolClient (GrpcClientProtocolClient.java:onNext(264)) - client-734BBEB428D7->a5e38e3e-c2ad-4348-acb9-3fc25cfb14dd: receive RaftClientReply:client-734BBEB428D7->a5e38e3e-c2ad-4348-acb9-3fc25cfb14dd@group-7000B19605CB, cid=1874, SUCCESS, logIndex=2743, commits[a5e38e3e-c2ad-4348-acb9-3fc25cfb14dd:c2744, 11e48d46-e648-47f9-b6a0-9c7f26654c28:c2742, d1b6a90e-e817-40a7-bec1-608b5cc7d8b6:c2742]
2019-09-11 04:26:01,460 [grpc-default-executor-3] INFO  client.GrpcClientProtocolClient (GrpcClientProtocolClient.java:onNext(264)) - client-734BBEB428D7->a5e38e3e-c2ad-4348-acb9-3fc25cfb14dd: receive RaftClientReply:client-734BBEB428D7->a5e38e3e-c2ad-4348-acb9-3fc25cfb14dd@group-7000B19605CB, cid=1875, SUCCESS, logIndex=2744, commits[a5e38e3e-c2ad-4348-acb9-3fc25cfb14dd:c2744, 11e48d46-e648-47f9-b6a0-9c7f26654c28:c2742, d1b6a90e-e817-40a7-bec1-608b5cc7d8b6:c2742]
2019-09-11 04:26:01,473 [grpc-default-executor-3] INFO  client.GrpcClientProtocolClient (GrpcClientProtocolClient.java:onNext(264)) - client-734BBEB428D7->a5e38e3e-c2ad-4348-acb9-3fc25cfb14dd: receive RaftClientReply:client-734BBEB428D7->a5e38e3e-c2ad-4348-acb9-3fc25cfb14dd@group-7000B19605CB, cid=1876, SUCCESS, logIndex=2747, commits[a5e38e3e-c2ad-4348-acb9-3fc25cfb14dd:c2748, 11e48d46-e648-47f9-b6a0-9c7f26654c28:c2744, d1b6a90e-e817-40a7-bec1-608b5cc7d8b6:c2744]
2019-09-11 04:26:01,474 [grpc-default-executor-3] INFO  client.GrpcClientProtocolClient (GrpcClientProtocolClient.java:onNext(264)) - client-734BBEB428D7->a5e38e3e-c2ad-4348-acb9-3fc25cfb14dd: receive RaftClientReply:client-734BBEB428D7->a5e38e3e-c2ad-4348-acb9-3fc25cfb14dd@group-7000B19605CB, cid=1877, SUCCESS, logIndex=2748, commits[a5e38e3e-c2ad-4348-acb9-3fc25cfb14dd:c2748, 11e48d46-e648-47f9-b6a0-9c7f26654c28:c2744, d1b6a90e-e817-40a7-bec1-608b5cc7d8b6:c2744]
2019-09-11 04:26:01,486 [grpc-default-executor-2] INFO  client.GrpcClientProtocolClient (GrpcClientProtocolClient.java:onNext(264)) - client-734BBEB428D7->a5e38e3e-c2ad-4348-acb9-3fc25cfb14dd: receive RaftClientReply:client-734BBEB428D7->a5e38e3e-c2ad-4348-acb9-3fc25cfb14dd@group-7000B19605CB, cid=1878, SUCCESS, logIndex=0, commits[a5e38e3e-c2ad-4348-acb9-3fc25cfb14dd:c2750, 11e48d46-e648-47f9-b6a0-9c7f26654c28:c2748, d1b6a90e-e817-40a7-bec1-608b5cc7d8b6:c2748]
2019-09-11 04:26:01,514 [grpc-default-executor-4] INFO  client.GrpcClientProtocolClient (GrpcClientProtocolClient.java:onNext(264)) - client-734BBEB428D7->a5e38e3e-c2ad-4348-acb9-3fc25cfb14dd: receive RaftClientReply:client-734BBEB428D7->a5e38e3e-c2ad-4348-acb9-3fc25cfb14dd@group-7000B19605CB, cid=1879, SUCCESS, logIndex=2751, commits[a5e38e3e-c2ad-4348-acb9-3fc25cfb14dd:c2752, 11e48d46-e648-47f9-b6a0-9c7f26654c28:c2750, d1b6a90e-e817-40a7-bec1-608b5cc7d8b6:c2750]
2019-09-11 04:26:01,514 [grpc-default-executor-4] INFO  client.GrpcClientProtocolClient (GrpcClientProtocolClient.java:onNext(264)) - client-734BBEB428D7->a5e38e3e-c2ad-4348-acb9-3fc25cfb14dd: receive RaftClientReply:client-734BBEB428D7->a5e38e3e-c2ad-4348-acb9-3fc25cfb14dd@group-7000B19605CB, cid=1880, SUCCESS, logIndex=2752, commits[a5e38e3e-c2ad-4348-acb9-3fc25cfb14dd:c2753, 11e48d46-e648-47f9-b6a0-9c7f26654c28:c2750, d1b6a90e-e817-40a7-bec1-608b5cc7d8b6:c2750]
2019-09-11 04:26:01,515 [grpc-default-executor-4] INFO  client.GrpcClientProtocolClient (GrpcClientProtocolClient.java:onNext(264)) - client-734BBEB428D7->a5e38e3e-c2ad-4348-acb9-3fc25cfb14dd: receive RaftClientReply:client-734BBEB428D7->a5e38e3e-c2ad-4348-acb9-3fc25cfb14dd@group-7000B19605CB, cid=1881, SUCCESS, logIndex=2753, commits[a5e38e3e-c2ad-4348-acb9-3fc25cfb14dd:c2754, 11e48d46-e648-47f9-b6a0-9c7f26654c28:c2750, d1b6a90e-e817-40a7-bec1-608b5cc7d8b6:c2750]
2019-09-11 04:26:01,515 [grpc-default-executor-4] INFO  client.GrpcClientProtocolClient (GrpcClientProtocolClient.java:onNext(264)) - client-734BBEB428D7->a5e38e3e-c2ad-4348-acb9-3fc25cfb14dd: receive RaftClientReply:client-734BBEB428D7->a5e38e3e-c2ad-4348-acb9-3fc25cfb14dd@group-7000B19605CB, cid=1882, SUCCESS, logIndex=2754, commits[a5e38e3e-c2ad-4348-acb9-3fc25cfb14dd:c2754, 11e48d46-e648-47f9-b6a0-9c7f26654c28:c2750, d1b6a90e-e817-40a7-bec1-608b5cc7d8b6:c2750]
2019-09-11 04:26:01,516 [grpc-default-executor-3] INFO  client.GrpcClientProtocolClient (GrpcClientProtocolClient.java:onNext(264)) - client-734BBEB428D7->a5e38e3e-c2ad-4348-acb9-3fc25cfb14dd: receive RaftClientReply:client-734BBEB428D7->a5e38e3e-c2ad-4348-acb9-3fc25cfb14dd@group-7000B19605CB, cid=1883, SUCCESS, logIndex=0, commits[a5e38e3e-c2ad-4348-acb9-3fc25cfb14dd:c2756, 11e48d46-e648-47f9-b6a0-9c7f26654c28:c2752, d1b6a90e-e817-40a7-bec1-608b5cc7d8b6:c2752]
2019-09-11 04:26:01,535 [grpc-default-executor-4] INFO  client.GrpcClientProtocolClient (GrpcClientProtocolClient.java:onNext(264)) - client-734BBEB428D7->a5e38e3e-c2ad-4348-acb9-3fc25cfb14dd: receive RaftClientReply:client-734BBEB428D7->a5e38e3e-c2ad-4348-acb9-3fc25cfb14dd@group-7000B19605CB, cid=1884, SUCCESS, logIndex=2759, commits[a5e38e3e-c2ad-4348-acb9-3fc25cfb14dd:c2760, 11e48d46-e648-47f9-b6a0-9c7f26654c28:c2758, d1b6a90e-e817-40a7-bec1-608b5cc7d8b6:c2758]
2019-09-11 04:26:01,535 [grpc-default-executor-4] INFO  client.GrpcClientProtocolClient (GrpcClientProtocolClient.java:onNext(264)) - client-734BBEB428D7->a5e38e3e-c2ad-4348-acb9-3fc25cfb14dd: receive RaftClientReply:client-734BBEB428D7->a5e38e3e-c2ad-4348-acb9-3fc25cfb14dd@group-7000B19605CB, cid=1885, SUCCESS, logIndex=2760, commits[a5e38e3e-c2ad-4348-acb9-3fc25cfb14dd:c2760, 11e48d46-e648-47f9-b6a0-9c7f26654c28:c2758, d1b6a90e-e817-40a7-bec1-608b5cc7d8b6:c2758]
2019-09-11 04:26:01,548 [grpc-default-executor-4] INFO  client.GrpcClientProtocolClient (GrpcClientProtocolClient.java:onNext(264)) - client-734BBEB428D7->a5e38e3e-c2ad-4348-acb9-3fc25cfb14dd: receive RaftClientReply:client-734BBEB428D7->a5e38e3e-c2ad-4348-acb9-3fc25cfb14dd@group-7000B19605CB, cid=1886, SUCCESS, logIndex=2763, commits[a5e38e3e-c2ad-4348-acb9-3fc25cfb14dd:c2764, 11e48d46-e648-47f9-b6a0-9c7f26654c28:c2760, d1b6a90e-e817-40a7-bec1-608b5cc7d8b6:c2760]
2019-09-11 04:26:01,549 [grpc-default-executor-4] INFO  client.GrpcClientProtocolClient (GrpcClientProtocolClient.java:onNext(264)) - client-734BBEB428D7->a5e38e3e-c2ad-4348-acb9-3fc25cfb14dd: receive RaftClientReply:client-734BBEB428D7->a5e38e3e-c2ad-4348-acb9-3fc25cfb14dd@group-7000B19605CB, cid=1887, SUCCESS, logIndex=2764, commits[a5e38e3e-c2ad-4348-acb9-3fc25cfb14dd:c2764, 11e48d46-e648-47f9-b6a0-9c7f26654c28:c2760, d1b6a90e-e817-40a7-bec1-608b5cc7d8b6:c2760]
2019-09-11 04:26:01,561 [grpc-default-executor-4] INFO  client.GrpcClientProtocolClient (GrpcClientProtocolClient.java:onNext(264)) - client-734BBEB428D7->a5e38e3e-c2ad-4348-acb9-3fc25cfb14dd: receive RaftClientReply:client-734BBEB428D7->a5e38e3e-c2ad-4348-acb9-3fc25cfb14dd@group-7000B19605CB, cid=1888, SUCCESS, logIndex=0, commits[a5e38e3e-c2ad-4348-acb9-3fc25cfb14dd:c2766, 11e48d46-e648-47f9-b6a0-9c7f26654c28:c2764, d1b6a90e-e817-40a7-bec1-608b5cc7d8b6:c2764]
2019-09-11 04:26:01,585 [grpc-default-executor-3] INFO  client.GrpcClientProtocolClient (GrpcClientProtocolClient.java:onNext(264)) - client-734BBEB428D7->a5e38e3e-c2ad-4348-acb9-3fc25cfb14dd: receive RaftClientReply:client-734BBEB428D7->a5e38e3e-c2ad-4348-acb9-3fc25cfb14dd@group-7000B19605CB, cid=1889, SUCCESS, logIndex=2767, commits[a5e38e3e-c2ad-4348-acb9-3fc25cfb14dd:c2769, 11e48d46-e648-47f9-b6a0-9c7f26654c28:c2766, d1b6a90e-e817-40a7-bec1-608b5cc7d8b6:c2766]
2019-09-11 04:26:01,586 [grpc-default-executor-3] INFO  client.GrpcClientProtocolClient (GrpcClientProtocolClient.java:onNext(264)) - client-734BBEB428D7->a5e38e3e-c2ad-4348-acb9-3fc25cfb14dd: receive RaftClientReply:client-734BBEB428D7->a5e38e3e-c2ad-4348-acb9-3fc25cfb14dd@group-7000B19605CB, cid=1890, SUCCESS, logIndex=2768, commits[a5e38e3e-c2ad-4348-acb9-3fc25cfb14dd:c2770, 11e48d46-e648-47f9-b6a0-9c7f26654c28:c2766, d1b6a90e-e817-40a7-bec1-608b5cc7d8b6:c2766]
2019-09-11 04:26:01,586 [grpc-default-executor-3] INFO  client.GrpcClientProtocolClient (GrpcClientProtocolClient.java:onNext(264)) - client-734BBEB428D7->a5e38e3e-c2ad-4348-acb9-3fc25cfb14dd: receive RaftClientReply:client-734BBEB428D7->a5e38e3e-c2ad-4348-acb9-3fc25cfb14dd@group-7000B19605CB, cid=1891, SUCCESS, logIndex=2769, commits[a5e38e3e-c2ad-4348-acb9-3fc25cfb14dd:c2770, 11e48d46-e648-47f9-b6a0-9c7f26654c28:c2766, d1b6a90e-e817-40a7-bec1-608b5cc7d8b6:c2766]
2019-09-11 04:26:01,587 [grpc-default-executor-3] INFO  client.GrpcClientProtocolClient (GrpcClientProtocolClient.java:onNext(264)) - client-734BBEB428D7->a5e38e3e-c2ad-4348-acb9-3fc25cfb14dd: receive RaftClientReply:client-734BBEB428D7->a5e38e3e-c2ad-4348-acb9-3fc25cfb14dd@group-7000B19605CB, cid=1892, SUCCESS, logIndex=2770, commits[a5e38e3e-c2ad-4348-acb9-3fc25cfb14dd:c2770, 11e48d46-e648-47f9-b6a0-9c7f26654c28:c2766, d1b6a90e-e817-40a7-bec1-608b5cc7d8b6:c2766]
2019-09-11 04:26:01,588 [grpc-default-executor-4] INFO  client.GrpcClientProtocolClient (GrpcClientProtocolClient.java:onNext(264)) - client-734BBEB428D7->a5e38e3e-c2ad-4348-acb9-3fc25cfb14dd: receive RaftClientReply:client-734BBEB428D7->a5e38e3e-c2ad-4348-acb9-3fc25cfb14dd@group-7000B19605CB, cid=1893, SUCCESS, logIndex=0, commits[a5e38e3e-c2ad-4348-acb9-3fc25cfb14dd:c2774, 11e48d46-e648-47f9-b6a0-9c7f26654c28:c2770, d1b6a90e-e817-40a7-bec1-608b5cc7d8b6:c2768]
2019-09-11 04:26:01,605 [grpc-default-executor-3] INFO  client.GrpcClientProtocolClient (GrpcClientProtocolClient.java:onNext(264)) - client-734BBEB428D7->a5e38e3e-c2ad-4348-acb9-3fc25cfb14dd: receive RaftClientReply:client-734BBEB428D7->a5e38e3e-c2ad-4348-acb9-3fc25cfb14dd@group-7000B19605CB, cid=1894, SUCCESS, logIndex=2775, commits[a5e38e3e-c2ad-4348-acb9-3fc25cfb14dd:c2776, 11e48d46-e648-47f9-b6a0-9c7f26654c28:c2774, d1b6a90e-e817-40a7-bec1-608b5cc7d8b6:c2774]
2019-09-11 04:26:01,605 [grpc-default-executor-3] INFO  client.GrpcClientProtocolClient (GrpcClientProtocolClient.java:onNext(264)) - client-734BBEB428D7->a5e38e3e-c2ad-4348-acb9-3fc25cfb14dd: receive RaftClientReply:client-734BBEB428D7->a5e38e3e-c2ad-4348-acb9-3fc25cfb14dd@group-7000B19605CB, cid=1895, SUCCESS, logIndex=2776, commits[a5e38e3e-c2ad-4348-acb9-3fc25cfb14dd:c2776, 11e48d46-e648-47f9-b6a0-9c7f26654c28:c2774, d1b6a90e-e817-40a7-bec1-608b5cc7d8b6:c2774]
2019-09-11 04:26:01,616 [grpc-default-executor-1] INFO  client.GrpcClientProtocolClient (GrpcClientProtocolClient.java:onNext(264)) - client-734BBEB428D7->a5e38e3e-c2ad-4348-acb9-3fc25cfb14dd: receive RaftClientReply:client-734BBEB428D7->a5e38e3e-c2ad-4348-acb9-3fc25cfb14dd@group-7000B19605CB, cid=1896, SUCCESS, logIndex=2779, commits[a5e38e3e-c2ad-4348-acb9-3fc25cfb14dd:c2779, 11e48d46-e648-47f9-b6a0-9c7f26654c28:c2776, d1b6a90e-e817-40a7-bec1-608b5cc7d8b6:c2776]
2019-09-11 04:26:01,617 [grpc-default-executor-1] INFO  client.GrpcClientProtocolClient (GrpcClientProtocolClient.java:onNext(264)) - client-734BBEB428D7->a5e38e3e-c2ad-4348-acb9-3fc25cfb14dd: receive RaftClientReply:client-734BBEB428D7->a5e38e3e-c2ad-4348-acb9-3fc25cfb14dd@group-7000B19605CB, cid=1897, SUCCESS, logIndex=2780, commits[a5e38e3e-c2ad-4348-acb9-3fc25cfb14dd:c2780, 11e48d46-e648-47f9-b6a0-9c7f26654c28:c2776, d1b6a90e-e817-40a7-bec1-608b5cc7d8b6:c2776]
2019-09-11 04:26:01,621 [grpc-default-executor-1] INFO  client.GrpcClientProtocolClient (GrpcClientProtocolClient.java:onNext(264)) - client-734BBEB428D7->a5e38e3e-c2ad-4348-acb9-3fc25cfb14dd: receive RaftClientReply:client-734BBEB428D7->a5e38e3e-c2ad-4348-acb9-3fc25cfb14dd@group-7000B19605CB, cid=1898, SUCCESS, logIndex=0, commits[a5e38e3e-c2ad-4348-acb9-3fc25cfb14dd:c2782, 11e48d46-e648-47f9-b6a0-9c7f26654c28:c2780, d1b6a90e-e817-40a7-bec1-608b5cc7d8b6:c2780]
2019-09-11 04:26:01,640 [grpc-default-executor-1] INFO  client.GrpcClientProtocolClient (GrpcClientProtocolClient.java:onNext(264)) - client-734BBEB428D7->a5e38e3e-c2ad-4348-acb9-3fc25cfb14dd: receive RaftClientReply:client-734BBEB428D7->a5e38e3e-c2ad-4348-acb9-3fc25cfb14dd@group-7000B19605CB, cid=1899, SUCCESS, logIndex=2783, commits[a5e38e3e-c2ad-4348-acb9-3fc25cfb14dd:c2785, 11e48d46-e648-47f9-b6a0-9c7f26654c28:c2782, d1b6a90e-e817-40a7-bec1-608b5cc7d8b6:c2782]
2019-09-11 04:26:01,641 [grpc-default-executor-3] INFO  client.GrpcClientProtocolClient (GrpcClientProtocolClient.java:onNext(264)) - client-734BBEB428D7->a5e38e3e-c2ad-4348-acb9-3fc25cfb14dd: receive RaftClientReply:client-734BBEB428D7->a5e38e3e-c2ad-4348-acb9-3fc25cfb14dd@group-7000B19605CB, cid=1900, SUCCESS, logIndex=2784, commits[a5e38e3e-c2ad-4348-acb9-3fc25cfb14dd:c2786, 11e48d46-e648-47f9-b6a0-9c7f26654c28:c2782, d1b6a90e-e817-40a7-bec1-608b5cc7d8b6:c2782]
2019-09-11 04:26:01,641 [grpc-default-executor-3] INFO  client.GrpcClientProtocolClient (GrpcClientProtocolClient.java:onNext(264)) - client-734BBEB428D7->a5e38e3e-c2ad-4348-acb9-3fc25cfb14dd: receive RaftClientReply:client-734BBEB428D7->a5e38e3e-c2ad-4348-acb9-3fc25cfb14dd@group-7000B19605CB, cid=1901, SUCCESS, logIndex=2785, commits[a5e38e3e-c2ad-4348-acb9-3fc25cfb14dd:c2786, 11e48d46-e648-47f9-b6a0-9c7f26654c28:c2782, d1b6a90e-e817-40a7-bec1-608b5cc7d8b6:c2782]
2019-09-11 04:26:01,641 [grpc-default-executor-3] INFO  client.GrpcClientProtocolClient (GrpcClientProtocolClient.java:onNext(264)) - client-734BBEB428D7->a5e38e3e-c2ad-4348-acb9-3fc25cfb14dd: receive RaftClientReply:client-734BBEB428D7->a5e38e3e-c2ad-4348-acb9-3fc25cfb14dd@group-7000B19605CB, cid=1902, SUCCESS, logIndex=2786, commits[a5e38e3e-c2ad-4348-acb9-3fc25cfb14dd:c2786, 11e48d46-e648-47f9-b6a0-9c7f26654c28:c2782, d1b6a90e-e817-40a7-bec1-608b5cc7d8b6:c2782]
 0.00% |█                                                                                                    |  0/1 Time: 0:00:132019-09-11 04:26:02,175 [grpc-default-executor-1] INFO  client.GrpcClientProtocolClient (GrpcClientProtocolClient.java:onNext(264)) - client-734BBEB428D7->a5e38e3e-c2ad-4348-acb9-3fc25cfb14dd: receive RaftClientReply:client-734BBEB428D7->a5e38e3e-c2ad-4348-acb9-3fc25cfb14dd@group-7000B19605CB, cid=1903, SUCCESS, logIndex=0, commits[a5e38e3e-c2ad-4348-acb9-3fc25cfb14dd:c2788, 11e48d46-e648-47f9-b6a0-9c7f26654c28:c2784, d1b6a90e-e817-40a7-bec1-608b5cc7d8b6:c2785]
2019-09-11 04:26:02,198 [grpc-default-executor-1] INFO  client.GrpcClientProtocolClient (GrpcClientProtocolClient.java:onNext(264)) - client-734BBEB428D7->a5e38e3e-c2ad-4348-acb9-3fc25cfb14dd: receive RaftClientReply:client-734BBEB428D7->a5e38e3e-c2ad-4348-acb9-3fc25cfb14dd@group-7000B19605CB, cid=1904, SUCCESS, logIndex=2791, commits[a5e38e3e-c2ad-4348-acb9-3fc25cfb14dd:c2792, 11e48d46-e648-47f9-b6a0-9c7f26654c28:c2790, d1b6a90e-e817-40a7-bec1-608b5cc7d8b6:c2790]
2019-09-11 04:26:02,198 [grpc-default-executor-1] INFO  client.GrpcClientProtocolClient (GrpcClientProtocolClient.java:onNext(264)) - client-734BBEB428D7->a5e38e3e-c2ad-4348-acb9-3fc25cfb14dd: receive RaftClientReply:client-734BBEB428D7->a5e38e3e-c2ad-4348-acb9-3fc25cfb14dd@group-7000B19605CB, cid=1905, SUCCESS, logIndex=2792, commits[a5e38e3e-c2ad-4348-acb9-3fc25cfb14dd:c2792, 11e48d46-e648-47f9-b6a0-9c7f26654c28:c2790, d1b6a90e-e817-40a7-bec1-608b5cc7d8b6:c2790]
2019-09-11 04:26:02,211 [grpc-default-executor-1] INFO  client.GrpcClientProtocolClient (GrpcClientProtocolClient.java:onNext(264)) - client-734BBEB428D7->a5e38e3e-c2ad-4348-acb9-3fc25cfb14dd: receive RaftClientReply:client-734BBEB428D7->a5e38e3e-c2ad-4348-acb9-3fc25cfb14dd@group-7000B19605CB, cid=1906, SUCCESS, logIndex=2795, commits[a5e38e3e-c2ad-4348-acb9-3fc25cfb14dd:c2796, 11e48d46-e648-47f9-b6a0-9c7f26654c28:c2792, d1b6a90e-e817-40a7-bec1-608b5cc7d8b6:c2792]
2019-09-11 04:26:02,212 [grpc-default-executor-1] INFO  client.GrpcClientProtocolClient (GrpcClientProtocolClient.java:onNext(264)) - client-734BBEB428D7->a5e38e3e-c2ad-4348-acb9-3fc25cfb14dd: receive RaftClientReply:client-734BBEB428D7->a5e38e3e-c2ad-4348-acb9-3fc25cfb14dd@group-7000B19605CB, cid=1907, SUCCESS, logIndex=2796, commits[a5e38e3e-c2ad-4348-acb9-3fc25cfb14dd:c2796, 11e48d46-e648-47f9-b6a0-9c7f26654c28:c2792, d1b6a90e-e817-40a7-bec1-608b5cc7d8b6:c2792]
2019-09-11 04:26:02,223 [grpc-default-executor-3] INFO  client.GrpcClientProtocolClient (GrpcClientProtocolClient.java:onNext(264)) - client-734BBEB428D7->a5e38e3e-c2ad-4348-acb9-3fc25cfb14dd: receive RaftClientReply:client-734BBEB428D7->a5e38e3e-c2ad-4348-acb9-3fc25cfb14dd@group-7000B19605CB, cid=1908, SUCCESS, logIndex=0, commits[a5e38e3e-c2ad-4348-acb9-3fc25cfb14dd:c2798, 11e48d46-e648-47f9-b6a0-9c7f26654c28:c2796, d1b6a90e-e817-40a7-bec1-608b5cc7d8b6:c2796]
2019-09-11 04:26:02,251 [grpc-default-executor-4] INFO  client.GrpcClientProtocolClient (GrpcClientProtocolClient.java:onNext(264)) - client-734BBEB428D7->a5e38e3e-c2ad-4348-acb9-3fc25cfb14dd: receive RaftClientReply:client-734BBEB428D7->a5e38e3e-c2ad-4348-acb9-3fc25cfb14dd@group-7000B19605CB, cid=1909, SUCCESS, logIndex=2799, commits[a5e38e3e-c2ad-4348-acb9-3fc25cfb14dd:c2800, 11e48d46-e648-47f9-b6a0-9c7f26654c28:c2798, d1b6a90e-e817-40a7-bec1-608b5cc7d8b6:c2798]
2019-09-11 04:26:02,251 [grpc-default-executor-4] INFO  client.GrpcClientProtocolClient (GrpcClientProtocolClient.java:onNext(264)) - client-734BBEB428D7->a5e38e3e-c2ad-4348-acb9-3fc25cfb14dd: receive RaftClientReply:client-734BBEB428D7->a5e38e3e-c2ad-4348-acb9-3fc25cfb14dd@group-7000B19605CB, cid=1910, SUCCESS, logIndex=2800, commits[a5e38e3e-c2ad-4348-acb9-3fc25cfb14dd:c2800, 11e48d46-e648-47f9-b6a0-9c7f26654c28:c2798, d1b6a90e-e817-40a7-bec1-608b5cc7d8b6:c2798]
2019-09-11 04:26:02,262 [grpc-default-executor-3] INFO  client.GrpcClientProtocolClient (GrpcClientProtocolClient.java:onNext(264)) - client-734BBEB428D7->a5e38e3e-c2ad-4348-acb9-3fc25cfb14dd: receive RaftClientReply:client-734BBEB428D7->a5e38e3e-c2ad-4348-acb9-3fc25cfb14dd@group-7000B19605CB, cid=1911, SUCCESS, logIndex=2801, commits[a5e38e3e-c2ad-4348-acb9-3fc25cfb14dd:c2802, 11e48d46-e648-47f9-b6a0-9c7f26654c28:c2798, d1b6a90e-e817-40a7-bec1-608b5cc7d8b6:c2798]
2019-09-11 04:26:02,263 [grpc-default-executor-3] INFO  client.GrpcClientProtocolClient (GrpcClientProtocolClient.java:onNext(264)) - client-734BBEB428D7->a5e38e3e-c2ad-4348-acb9-3fc25cfb14dd: receive RaftClientReply:client-734BBEB428D7->a5e38e3e-c2ad-4348-acb9-3fc25cfb14dd@group-7000B19605CB, cid=1912, SUCCESS, logIndex=2802, commits[a5e38e3e-c2ad-4348-acb9-3fc25cfb14dd:c2802, 11e48d46-e648-47f9-b6a0-9c7f26654c28:c2798, d1b6a90e-e817-40a7-bec1-608b5cc7d8b6:c2798]
2019-09-11 04:26:02,263 [grpc-default-executor-4] INFO  client.GrpcClientProtocolClient (GrpcClientProtocolClient.java:onNext(264)) - client-734BBEB428D7->a5e38e3e-c2ad-4348-acb9-3fc25cfb14dd: receive RaftClientReply:client-734BBEB428D7->a5e38e3e-c2ad-4348-acb9-3fc25cfb14dd@group-7000B19605CB, cid=1913, SUCCESS, logIndex=0, commits[a5e38e3e-c2ad-4348-acb9-3fc25cfb14dd:c2804, 11e48d46-e648-47f9-b6a0-9c7f26654c28:c2800, d1b6a90e-e817-40a7-bec1-608b5cc7d8b6:c2800]
2019-09-11 04:26:02,285 [grpc-default-executor-3] INFO  client.GrpcClientProtocolClient (GrpcClientProtocolClient.java:onNext(264)) - client-734BBEB428D7->a5e38e3e-c2ad-4348-acb9-3fc25cfb14dd: receive RaftClientReply:client-734BBEB428D7->a5e38e3e-c2ad-4348-acb9-3fc25cfb14dd@group-7000B19605CB, cid=1914, SUCCESS, logIndex=2807, commits[a5e38e3e-c2ad-4348-acb9-3fc25cfb14dd:c2808, 11e48d46-e648-47f9-b6a0-9c7f26654c28:c2806, d1b6a90e-e817-40a7-bec1-608b5cc7d8b6:c2806]
2019-09-11 04:26:02,285 [grpc-default-executor-3] INFO  client.GrpcClientProtocolClient (GrpcClientProtocolClient.java:onNext(264)) - client-734BBEB428D7->a5e38e3e-c2ad-4348-acb9-3fc25cfb14dd: receive RaftClientReply:client-734BBEB428D7->a5e38e3e-c2ad-4348-acb9-3fc25cfb14dd@group-7000B19605CB, cid=1915, SUCCESS, logIndex=2808, commits[a5e38e3e-c2ad-4348-acb9-3fc25cfb14dd:c2808, 11e48d46-e648-47f9-b6a0-9c7f26654c28:c2806, d1b6a90e-e817-40a7-bec1-608b5cc7d8b6:c2806]
2019-09-11 04:26:02,298 [grpc-default-executor-1] INFO  client.GrpcClientProtocolClient (GrpcClientProtocolClient.java:onNext(264)) - client-734BBEB428D7->a5e38e3e-c2ad-4348-acb9-3fc25cfb14dd: receive RaftClientReply:client-734BBEB428D7->a5e38e3e-c2ad-4348-acb9-3fc25cfb14dd@group-7000B19605CB, cid=1916, SUCCESS, logIndex=2811, commits[a5e38e3e-c2ad-4348-acb9-3fc25cfb14dd:c2811, 11e48d46-e648-47f9-b6a0-9c7f26654c28:c2808, d1b6a90e-e817-40a7-bec1-608b5cc7d8b6:c2808]
2019-09-11 04:26:02,298 [grpc-default-executor-1] INFO  client.GrpcClientProtocolClient (GrpcClientProtocolClient.java:onNext(264)) - client-734BBEB428D7->a5e38e3e-c2ad-4348-acb9-3fc25cfb14dd: receive RaftClientReply:client-734BBEB428D7->a5e38e3e-c2ad-4348-acb9-3fc25cfb14dd@group-7000B19605CB, cid=1917, SUCCESS, logIndex=2812, commits[a5e38e3e-c2ad-4348-acb9-3fc25cfb14dd:c2812, 11e48d46-e648-47f9-b6a0-9c7f26654c28:c2808, d1b6a90e-e817-40a7-bec1-608b5cc7d8b6:c2808]
2019-09-11 04:26:02,311 [grpc-default-executor-1] INFO  client.GrpcClientProtocolClient (GrpcClientProtocolClient.java:onNext(264)) - client-734BBEB428D7->a5e38e3e-c2ad-4348-acb9-3fc25cfb14dd: receive RaftClientReply:client-734BBEB428D7->a5e38e3e-c2ad-4348-acb9-3fc25cfb14dd@group-7000B19605CB, cid=1918, SUCCESS, logIndex=0, commits[a5e38e3e-c2ad-4348-acb9-3fc25cfb14dd:c2814, 11e48d46-e648-47f9-b6a0-9c7f26654c28:c2812, d1b6a90e-e817-40a7-bec1-608b5cc7d8b6:c2812]
2019-09-11 04:26:02,336 [grpc-default-executor-4] INFO  client.GrpcClientProtocolClient (GrpcClientProtocolClient.java:onNext(264)) - client-734BBEB428D7->a5e38e3e-c2ad-4348-acb9-3fc25cfb14dd: receive RaftClientReply:client-734BBEB428D7->a5e38e3e-c2ad-4348-acb9-3fc25cfb14dd@group-7000B19605CB, cid=1919, SUCCESS, logIndex=2815, commits[a5e38e3e-c2ad-4348-acb9-3fc25cfb14dd:c2816, 11e48d46-e648-47f9-b6a0-9c7f26654c28:c2814, d1b6a90e-e817-40a7-bec1-608b5cc7d8b6:c2814]
2019-09-11 04:26:02,337 [grpc-default-executor-1] INFO  client.GrpcClientProtocolClient (GrpcClientProtocolClient.java:onNext(264)) - client-734BBEB428D7->a5e38e3e-c2ad-4348-acb9-3fc25cfb14dd: receive RaftClientReply:client-734BBEB428D7->a5e38e3e-c2ad-4348-acb9-3fc25cfb14dd@group-7000B19605CB, cid=1920, SUCCESS, logIndex=2816, commits[a5e38e3e-c2ad-4348-acb9-3fc25cfb14dd:c2818, 11e48d46-e648-47f9-b6a0-9c7f26654c28:c2814, d1b6a90e-e817-40a7-bec1-608b5cc7d8b6:c2814]
2019-09-11 04:26:02,337 [grpc-default-executor-1] INFO  client.GrpcClientProtocolClient (GrpcClientProtocolClient.java:onNext(264)) - client-734BBEB428D7->a5e38e3e-c2ad-4348-acb9-3fc25cfb14dd: receive RaftClientReply:client-734BBEB428D7->a5e38e3e-c2ad-4348-acb9-3fc25cfb14dd@group-7000B19605CB, cid=1921, SUCCESS, logIndex=2817, commits[a5e38e3e-c2ad-4348-acb9-3fc25cfb14dd:c2818, 11e48d46-e648-47f9-b6a0-9c7f26654c28:c2814, d1b6a90e-e817-40a7-bec1-608b5cc7d8b6:c2814]
2019-09-11 04:26:02,338 [grpc-default-executor-1] INFO  client.GrpcClientProtocolClient (GrpcClientProtocolClient.java:onNext(264)) - client-734BBEB428D7->a5e38e3e-c2ad-4348-acb9-3fc25cfb14dd: receive RaftClientReply:client-734BBEB428D7->a5e38e3e-c2ad-4348-acb9-3fc25cfb14dd@group-7000B19605CB, cid=1922, SUCCESS, logIndex=2818, commits[a5e38e3e-c2ad-4348-acb9-3fc25cfb14dd:c2818, 11e48d46-e648-47f9-b6a0-9c7f26654c28:c2814, d1b6a90e-e817-40a7-bec1-608b5cc7d8b6:c2814]
2019-09-11 04:26:02,339 [grpc-default-executor-4] INFO  client.GrpcClientProtocolClient (GrpcClientProtocolClient.java:onNext(264)) - client-734BBEB428D7->a5e38e3e-c2ad-4348-acb9-3fc25cfb14dd: receive RaftClientReply:client-734BBEB428D7->a5e38e3e-c2ad-4348-acb9-3fc25cfb14dd@group-7000B19605CB, cid=1923, SUCCESS, logIndex=0, commits[a5e38e3e-c2ad-4348-acb9-3fc25cfb14dd:c2822, 11e48d46-e648-47f9-b6a0-9c7f26654c28:c2816, d1b6a90e-e817-40a7-bec1-608b5cc7d8b6:c2818]
2019-09-11 04:26:02,357 [grpc-default-executor-1] INFO  client.GrpcClientProtocolClient (GrpcClientProtocolClient.java:onNext(264)) - client-734BBEB428D7->a5e38e3e-c2ad-4348-acb9-3fc25cfb14dd: receive RaftClientReply:client-734BBEB428D7->a5e38e3e-c2ad-4348-acb9-3fc25cfb14dd@group-7000B19605CB, cid=1924, SUCCESS, logIndex=2823, commits[a5e38e3e-c2ad-4348-acb9-3fc25cfb14dd:c2824, 11e48d46-e648-47f9-b6a0-9c7f26654c28:c2822, d1b6a90e-e817-40a7-bec1-608b5cc7d8b6:c2822]
2019-09-11 04:26:02,358 [grpc-default-executor-1] INFO  client.GrpcClientProtocolClient (GrpcClientProtocolClient.java:onNext(264)) - client-734BBEB428D7->a5e38e3e-c2ad-4348-acb9-3fc25cfb14dd: receive RaftClientReply:client-734BBEB428D7->a5e38e3e-c2ad-4348-acb9-3fc25cfb14dd@group-7000B19605CB, cid=1925, SUCCESS, logIndex=2824, commits[a5e38e3e-c2ad-4348-acb9-3fc25cfb14dd:c2824, 11e48d46-e648-47f9-b6a0-9c7f26654c28:c2822, d1b6a90e-e817-40a7-bec1-608b5cc7d8b6:c2822]
2019-09-11 04:26:02,389 [grpc-default-executor-1] INFO  client.GrpcClientProtocolClient (GrpcClientProtocolClient.java:onNext(264)) - client-734BBEB428D7->a5e38e3e-c2ad-4348-acb9-3fc25cfb14dd: receive RaftClientReply:client-734BBEB428D7->a5e38e3e-c2ad-4348-acb9-3fc25cfb14dd@group-7000B19605CB, cid=1926, SUCCESS, logIndex=2827, commits[a5e38e3e-c2ad-4348-acb9-3fc25cfb14dd:c2827, 11e48d46-e648-47f9-b6a0-9c7f26654c28:c2824, d1b6a90e-e817-40a7-bec1-608b5cc7d8b6:c2824]
2019-09-11 04:26:02,390 [grpc-default-executor-1] INFO  client.GrpcClientProtocolClient (GrpcClientProtocolClient.java:onNext(264)) - client-734BBEB428D7->a5e38e3e-c2ad-4348-acb9-3fc25cfb14dd: receive RaftClientReply:client-734BBEB428D7->a5e38e3e-c2ad-4348-acb9-3fc25cfb14dd@group-7000B19605CB, cid=1927, SUCCESS, logIndex=2828, commits[a5e38e3e-c2ad-4348-acb9-3fc25cfb14dd:c2828, 11e48d46-e648-47f9-b6a0-9c7f26654c28:c2824, d1b6a90e-e817-40a7-bec1-608b5cc7d8b6:c2824]
2019-09-11 04:26:02,400 [grpc-default-executor-1] INFO  client.GrpcClientProtocolClient (GrpcClientProtocolClient.java:onNext(264)) - client-734BBEB428D7->a5e38e3e-c2ad-4348-acb9-3fc25cfb14dd: receive RaftClientReply:client-734BBEB428D7->a5e38e3e-c2ad-4348-acb9-3fc25cfb14dd@group-7000B19605CB, cid=1928, SUCCESS, logIndex=0, commits[a5e38e3e-c2ad-4348-acb9-3fc25cfb14dd:c2830, 11e48d46-e648-47f9-b6a0-9c7f26654c28:c2828, d1b6a90e-e817-40a7-bec1-608b5cc7d8b6:c2828]
2019-09-11 04:26:02,424 [grpc-default-executor-3] INFO  client.GrpcClientProtocolClient (GrpcClientProtocolClient.java:onNext(264)) - client-734BBEB428D7->a5e38e3e-c2ad-4348-acb9-3fc25cfb14dd: receive RaftClientReply:client-734BBEB428D7->a5e38e3e-c2ad-4348-acb9-3fc25cfb14dd@group-7000B19605CB, cid=1929, SUCCESS, logIndex=2831, commits[a5e38e3e-c2ad-4348-acb9-3fc25cfb14dd:c2832, 11e48d46-e648-47f9-b6a0-9c7f26654c28:c2830, d1b6a90e-e817-40a7-bec1-608b5cc7d8b6:c2830]
2019-09-11 04:26:02,425 [grpc-default-executor-4] INFO  client.GrpcClientProtocolClient (GrpcClientProtocolClient.java:onNext(264)) - client-734BBEB428D7->a5e38e3e-c2ad-4348-acb9-3fc25cfb14dd: receive RaftClientReply:client-734BBEB428D7->a5e38e3e-c2ad-4348-acb9-3fc25cfb14dd@group-7000B19605CB, cid=1930, SUCCESS, logIndex=2832, commits[a5e38e3e-c2ad-4348-acb9-3fc25cfb14dd:c2832, 11e48d46-e648-47f9-b6a0-9c7f26654c28:c2830, d1b6a90e-e817-40a7-bec1-608b5cc7d8b6:c2830]
2019-09-11 04:26:02,425 [grpc-default-executor-4] INFO  client.GrpcClientProtocolClient (GrpcClientProtocolClient.java:onNext(264)) - client-734BBEB428D7->a5e38e3e-c2ad-4348-acb9-3fc25cfb14dd: receive RaftClientReply:client-734BBEB428D7->a5e38e3e-c2ad-4348-acb9-3fc25cfb14dd@group-7000B19605CB, cid=1931, SUCCESS, logIndex=2833, commits[a5e38e3e-c2ad-4348-acb9-3fc25cfb14dd:c2834, 11e48d46-e648-47f9-b6a0-9c7f26654c28:c2830, d1b6a90e-e817-40a7-bec1-608b5cc7d8b6:c2830]
2019-09-11 04:26:02,425 [grpc-default-executor-4] INFO  client.GrpcClientProtocolClient (GrpcClientProtocolClient.java:onNext(264)) - client-734BBEB428D7->a5e38e3e-c2ad-4348-acb9-3fc25cfb14dd: receive RaftClientReply:client-734BBEB428D7->a5e38e3e-c2ad-4348-acb9-3fc25cfb14dd@group-7000B19605CB, cid=1932, SUCCESS, logIndex=2834, commits[a5e38e3e-c2ad-4348-acb9-3fc25cfb14dd:c2834, 11e48d46-e648-47f9-b6a0-9c7f26654c28:c2830, d1b6a90e-e817-40a7-bec1-608b5cc7d8b6:c2830]
2019-09-11 04:26:02,427 [grpc-default-executor-3] INFO  client.GrpcClientProtocolClient (GrpcClientProtocolClient.java:onNext(264)) - client-734BBEB428D7->a5e38e3e-c2ad-4348-acb9-3fc25cfb14dd: receive RaftClientReply:client-734BBEB428D7->a5e38e3e-c2ad-4348-acb9-3fc25cfb14dd@group-7000B19605CB, cid=1933, SUCCESS, logIndex=0, commits[a5e38e3e-c2ad-4348-acb9-3fc25cfb14dd:c2836, 11e48d46-e648-47f9-b6a0-9c7f26654c28:c2832, d1b6a90e-e817-40a7-bec1-608b5cc7d8b6:c2832]
2019-09-11 04:26:02,444 [grpc-default-executor-1] INFO  client.GrpcClientProtocolClient (GrpcClientProtocolClient.java:onNext(264)) - client-734BBEB428D7->a5e38e3e-c2ad-4348-acb9-3fc25cfb14dd: receive RaftClientReply:client-734BBEB428D7->a5e38e3e-c2ad-4348-acb9-3fc25cfb14dd@group-7000B19605CB, cid=1934, SUCCESS, logIndex=2839, commits[a5e38e3e-c2ad-4348-acb9-3fc25cfb14dd:c2840, 11e48d46-e648-47f9-b6a0-9c7f26654c28:c2838, d1b6a90e-e817-40a7-bec1-608b5cc7d8b6:c2838]
2019-09-11 04:26:02,444 [grpc-default-executor-1] INFO  client.GrpcClientProtocolClient (GrpcClientProtocolClient.java:onNext(264)) - client-734BBEB428D7->a5e38e3e-c2ad-4348-acb9-3fc25cfb14dd: receive RaftClientReply:client-734BBEB428D7->a5e38e3e-c2ad-4348-acb9-3fc25cfb14dd@group-7000B19605CB, cid=1935, SUCCESS, logIndex=2840, commits[a5e38e3e-c2ad-4348-acb9-3fc25cfb14dd:c2840, 11e48d46-e648-47f9-b6a0-9c7f26654c28:c2838, d1b6a90e-e817-40a7-bec1-608b5cc7d8b6:c2838]
2019-09-11 04:26:02,455 [grpc-default-executor-4] INFO  client.GrpcClientProtocolClient (GrpcClientProtocolClient.java:onNext(264)) - client-734BBEB428D7->a5e38e3e-c2ad-4348-acb9-3fc25cfb14dd: receive RaftClientReply:client-734BBEB428D7->a5e38e3e-c2ad-4348-acb9-3fc25cfb14dd@group-7000B19605CB, cid=1936, SUCCESS, logIndex=2843, commits[a5e38e3e-c2ad-4348-acb9-3fc25cfb14dd:c2844, 11e48d46-e648-47f9-b6a0-9c7f26654c28:c2840, d1b6a90e-e817-40a7-bec1-608b5cc7d8b6:c2840]
2019-09-11 04:26:02,455 [grpc-default-executor-4] INFO  client.GrpcClientProtocolClient (GrpcClientProtocolClient.java:onNext(264)) - client-734BBEB428D7->a5e38e3e-c2ad-4348-acb9-3fc25cfb14dd: receive RaftClientReply:client-734BBEB428D7->a5e38e3e-c2ad-4348-acb9-3fc25cfb14dd@group-7000B19605CB, cid=1937, SUCCESS, logIndex=2844, commits[a5e38e3e-c2ad-4348-acb9-3fc25cfb14dd:c2844, 11e48d46-e648-47f9-b6a0-9c7f26654c28:c2840, d1b6a90e-e817-40a7-bec1-608b5cc7d8b6:c2840]
2019-09-11 04:26:02,480 [grpc-default-executor-4] INFO  client.GrpcClientProtocolClient (GrpcClientProtocolClient.java:onNext(264)) - client-734BBEB428D7->a5e38e3e-c2ad-4348-acb9-3fc25cfb14dd: receive RaftClientReply:client-734BBEB428D7->a5e38e3e-c2ad-4348-acb9-3fc25cfb14dd@group-7000B19605CB, cid=1938, SUCCESS, logIndex=0, commits[a5e38e3e-c2ad-4348-acb9-3fc25cfb14dd:c2845, 11e48d46-e648-47f9-b6a0-9c7f26654c28:c2844, d1b6a90e-e817-40a7-bec1-608b5cc7d8b6:c2844]
2019-09-11 04:26:02,510 [grpc-default-executor-1] INFO  client.GrpcClientProtocolClient (GrpcClientProtocolClient.java:onNext(264)) - client-734BBEB428D7->a5e38e3e-c2ad-4348-acb9-3fc25cfb14dd: receive RaftClientReply:client-734BBEB428D7->a5e38e3e-c2ad-4348-acb9-3fc25cfb14dd@group-7000B19605CB, cid=1939, SUCCESS, logIndex=2847, commits[a5e38e3e-c2ad-4348-acb9-3fc25cfb14dd:c2848, 11e48d46-e648-47f9-b6a0-9c7f26654c28:c2846, d1b6a90e-e817-40a7-bec1-608b5cc7d8b6:c2846]
2019-09-11 04:26:02,511 [grpc-default-executor-1] INFO  client.GrpcClientProtocolClient (GrpcClientProtocolClient.java:onNext(264)) - client-734BBEB428D7->a5e38e3e-c2ad-4348-acb9-3fc25cfb14dd: receive RaftClientReply:client-734BBEB428D7->a5e38e3e-c2ad-4348-acb9-3fc25cfb14dd@group-7000B19605CB, cid=1940, SUCCESS, logIndex=2848, commits[a5e38e3e-c2ad-4348-acb9-3fc25cfb14dd:c2848, 11e48d46-e648-47f9-b6a0-9c7f26654c28:c2846, d1b6a90e-e817-40a7-bec1-608b5cc7d8b6:c2846]
2019-09-11 04:26:02,511 [grpc-default-executor-4] INFO  client.GrpcClientProtocolClient (GrpcClientProtocolClient.java:onNext(264)) - client-734BBEB428D7->a5e38e3e-c2ad-4348-acb9-3fc25cfb14dd: receive RaftClientReply:client-734BBEB428D7->a5e38e3e-c2ad-4348-acb9-3fc25cfb14dd@group-7000B19605CB, cid=1941, SUCCESS, logIndex=2849, commits[a5e38e3e-c2ad-4348-acb9-3fc25cfb14dd:c2850, 11e48d46-e648-47f9-b6a0-9c7f26654c28:c2846, d1b6a90e-e817-40a7-bec1-608b5cc7d8b6:c2846]
2019-09-11 04:26:02,512 [grpc-default-executor-4] INFO  client.GrpcClientProtocolClient (GrpcClientProtocolClient.java:onNext(264)) - client-734BBEB428D7->a5e38e3e-c2ad-4348-acb9-3fc25cfb14dd: receive RaftClientReply:client-734BBEB428D7->a5e38e3e-c2ad-4348-acb9-3fc25cfb14dd@group-7000B19605CB, cid=1942, SUCCESS, logIndex=2850, commits[a5e38e3e-c2ad-4348-acb9-3fc25cfb14dd:c2850, 11e48d46-e648-47f9-b6a0-9c7f26654c28:c2846, d1b6a90e-e817-40a7-bec1-608b5cc7d8b6:c2846]
2019-09-11 04:26:02,513 [grpc-default-executor-1] INFO  client.GrpcClientProtocolClient (GrpcClientProtocolClient.java:onNext(264)) - client-734BBEB428D7->a5e38e3e-c2ad-4348-acb9-3fc25cfb14dd: receive RaftClientReply:client-734BBEB428D7->a5e38e3e-c2ad-4348-acb9-3fc25cfb14dd@group-7000B19605CB, cid=1943, SUCCESS, logIndex=0, commits[a5e38e3e-c2ad-4348-acb9-3fc25cfb14dd:c2852, 11e48d46-e648-47f9-b6a0-9c7f26654c28:c2848, d1b6a90e-e817-40a7-bec1-608b5cc7d8b6:c2848]
2019-09-11 04:26:02,531 [grpc-default-executor-3] INFO  client.GrpcClientProtocolClient (GrpcClientProtocolClient.java:onNext(264)) - client-734BBEB428D7->a5e38e3e-c2ad-4348-acb9-3fc25cfb14dd: receive RaftClientReply:client-734BBEB428D7->a5e38e3e-c2ad-4348-acb9-3fc25cfb14dd@group-7000B19605CB, cid=1944, SUCCESS, logIndex=2855, commits[a5e38e3e-c2ad-4348-acb9-3fc25cfb14dd:c2856, 11e48d46-e648-47f9-b6a0-9c7f26654c28:c2854, d1b6a90e-e817-40a7-bec1-608b5cc7d8b6:c2854]
2019-09-11 04:26:02,531 [grpc-default-executor-3] INFO  client.GrpcClientProtocolClient (GrpcClientProtocolClient.java:onNext(264)) - client-734BBEB428D7->a5e38e3e-c2ad-4348-acb9-3fc25cfb14dd: receive RaftClientReply:client-734BBEB428D7->a5e38e3e-c2ad-4348-acb9-3fc25cfb14dd@group-7000B19605CB, cid=1945, SUCCESS, logIndex=2856, commits[a5e38e3e-c2ad-4348-acb9-3fc25cfb14dd:c2856, 11e48d46-e648-47f9-b6a0-9c7f26654c28:c2854, d1b6a90e-e817-40a7-bec1-608b5cc7d8b6:c2854]
2019-09-11 04:26:02,544 [grpc-default-executor-1] INFO  client.GrpcClientProtocolClient (GrpcClientProtocolClient.java:onNext(264)) - client-734BBEB428D7->a5e38e3e-c2ad-4348-acb9-3fc25cfb14dd: receive RaftClientReply:client-734BBEB428D7->a5e38e3e-c2ad-4348-acb9-3fc25cfb14dd@group-7000B19605CB, cid=1946, SUCCESS, logIndex=2859, commits[a5e38e3e-c2ad-4348-acb9-3fc25cfb14dd:c2860, 11e48d46-e648-47f9-b6a0-9c7f26654c28:c2856, d1b6a90e-e817-40a7-bec1-608b5cc7d8b6:c2856]
2019-09-11 04:26:02,545 [grpc-default-executor-1] INFO  client.GrpcClientProtocolClient (GrpcClientProtocolClient.java:onNext(264)) - client-734BBEB428D7->a5e38e3e-c2ad-4348-acb9-3fc25cfb14dd: receive RaftClientReply:client-734BBEB428D7->a5e38e3e-c2ad-4348-acb9-3fc25cfb14dd@group-7000B19605CB, cid=1947, SUCCESS, logIndex=2860, commits[a5e38e3e-c2ad-4348-acb9-3fc25cfb14dd:c2860, 11e48d46-e648-47f9-b6a0-9c7f26654c28:c2856, d1b6a90e-e817-40a7-bec1-608b5cc7d8b6:c2856]
2019-09-11 04:26:02,557 [grpc-default-executor-4] INFO  client.GrpcClientProtocolClient (GrpcClientProtocolClient.java:onNext(264)) - client-734BBEB428D7->a5e38e3e-c2ad-4348-acb9-3fc25cfb14dd: receive RaftClientReply:client-734BBEB428D7->a5e38e3e-c2ad-4348-acb9-3fc25cfb14dd@group-7000B19605CB, cid=1948, SUCCESS, logIndex=0, commits[a5e38e3e-c2ad-4348-acb9-3fc25cfb14dd:c2862, 11e48d46-e648-47f9-b6a0-9c7f26654c28:c2860, d1b6a90e-e817-40a7-bec1-608b5cc7d8b6:c2860]
2019-09-11 04:26:02,582 [grpc-default-executor-3] INFO  client.GrpcClientProtocolClient (GrpcClientProtocolClient.java:onNext(264)) - client-734BBEB428D7->a5e38e3e-c2ad-4348-acb9-3fc25cfb14dd: receive RaftClientReply:client-734BBEB428D7->a5e38e3e-c2ad-4348-acb9-3fc25cfb14dd@group-7000B19605CB, cid=1949, SUCCESS, logIndex=2863, commits[a5e38e3e-c2ad-4348-acb9-3fc25cfb14dd:c2864, 11e48d46-e648-47f9-b6a0-9c7f26654c28:c2862, d1b6a90e-e817-40a7-bec1-608b5cc7d8b6:c2862]
2019-09-11 04:26:02,583 [grpc-default-executor-3] INFO  client.GrpcClientProtocolClient (GrpcClientProtocolClient.java:onNext(264)) - client-734BBEB428D7->a5e38e3e-c2ad-4348-acb9-3fc25cfb14dd: receive RaftClientReply:client-734BBEB428D7->a5e38e3e-c2ad-4348-acb9-3fc25cfb14dd@group-7000B19605CB, cid=1950, SUCCESS, logIndex=2864, commits[a5e38e3e-c2ad-4348-acb9-3fc25cfb14dd:c2866, 11e48d46-e648-47f9-b6a0-9c7f26654c28:c2862, d1b6a90e-e817-40a7-bec1-608b5cc7d8b6:c2862]
2019-09-11 04:26:02,583 [grpc-default-executor-3] INFO  client.GrpcClientProtocolClient (GrpcClientProtocolClient.java:onNext(264)) - client-734BBEB428D7->a5e38e3e-c2ad-4348-acb9-3fc25cfb14dd: receive RaftClientReply:client-734BBEB428D7->a5e38e3e-c2ad-4348-acb9-3fc25cfb14dd@group-7000B19605CB, cid=1951, SUCCESS, logIndex=2865, commits[a5e38e3e-c2ad-4348-acb9-3fc25cfb14dd:c2866, 11e48d46-e648-47f9-b6a0-9c7f26654c28:c2862, d1b6a90e-e817-40a7-bec1-608b5cc7d8b6:c2862]
2019-09-11 04:26:02,583 [grpc-default-executor-3] INFO  client.GrpcClientProtocolClient (GrpcClientProtocolClient.java:onNext(264)) - client-734BBEB428D7->a5e38e3e-c2ad-4348-acb9-3fc25cfb14dd: receive RaftClientReply:client-734BBEB428D7->a5e38e3e-c2ad-4348-acb9-3fc25cfb14dd@group-7000B19605CB, cid=1952, SUCCESS, logIndex=2866, commits[a5e38e3e-c2ad-4348-acb9-3fc25cfb14dd:c2866, 11e48d46-e648-47f9-b6a0-9c7f26654c28:c2862, d1b6a90e-e817-40a7-bec1-608b5cc7d8b6:c2862]
2019-09-11 04:26:02,584 [grpc-default-executor-3] INFO  client.GrpcClientProtocolClient (GrpcClientProtocolClient.java:onNext(264)) - client-734BBEB428D7->a5e38e3e-c2ad-4348-acb9-3fc25cfb14dd: receive RaftClientReply:client-734BBEB428D7->a5e38e3e-c2ad-4348-acb9-3fc25cfb14dd@group-7000B19605CB, cid=1953, SUCCESS, logIndex=0, commits[a5e38e3e-c2ad-4348-acb9-3fc25cfb14dd:c2867, 11e48d46-e648-47f9-b6a0-9c7f26654c28:c2864, d1b6a90e-e817-40a7-bec1-608b5cc7d8b6:c2864]
2019-09-11 04:26:02,602 [grpc-default-executor-1] INFO  client.GrpcClientProtocolClient (GrpcClientProtocolClient.java:onNext(264)) - client-734BBEB428D7->a5e38e3e-c2ad-4348-acb9-3fc25cfb14dd: receive RaftClientReply:client-734BBEB428D7->a5e38e3e-c2ad-4348-acb9-3fc25cfb14dd@group-7000B19605CB, cid=1954, SUCCESS, logIndex=2870, commits[a5e38e3e-c2ad-4348-acb9-3fc25cfb14dd:c2871, 11e48d46-e648-47f9-b6a0-9c7f26654c28:c2869, d1b6a90e-e817-40a7-bec1-608b5cc7d8b6:c2869]
2019-09-11 04:26:02,603 [grpc-default-executor-1] INFO  client.GrpcClientProtocolClient (GrpcClientProtocolClient.java:onNext(264)) - client-734BBEB428D7->a5e38e3e-c2ad-4348-acb9-3fc25cfb14dd: receive RaftClientReply:client-734BBEB428D7->a5e38e3e-c2ad-4348-acb9-3fc25cfb14dd@group-7000B19605CB, cid=1955, SUCCESS, logIndex=2871, commits[a5e38e3e-c2ad-4348-acb9-3fc25cfb14dd:c2871, 11e48d46-e648-47f9-b6a0-9c7f26654c28:c2869, d1b6a90e-e817-40a7-bec1-608b5cc7d8b6:c2869]
2019-09-11 04:26:02,615 [grpc-default-executor-3] INFO  client.GrpcClientProtocolClient (GrpcClientProtocolClient.java:onNext(264)) - client-734BBEB428D7->a5e38e3e-c2ad-4348-acb9-3fc25cfb14dd: receive RaftClientReply:client-734BBEB428D7->a5e38e3e-c2ad-4348-acb9-3fc25cfb14dd@group-7000B19605CB, cid=1956, SUCCESS, logIndex=2874, commits[a5e38e3e-c2ad-4348-acb9-3fc25cfb14dd:c2875, 11e48d46-e648-47f9-b6a0-9c7f26654c28:c2871, d1b6a90e-e817-40a7-bec1-608b5cc7d8b6:c2871]
2019-09-11 04:26:02,616 [grpc-default-executor-3] INFO  client.GrpcClientProtocolClient (GrpcClientProtocolClient.java:onNext(264)) - client-734BBEB428D7->a5e38e3e-c2ad-4348-acb9-3fc25cfb14dd: receive RaftClientReply:client-734BBEB428D7->a5e38e3e-c2ad-4348-acb9-3fc25cfb14dd@group-7000B19605CB, cid=1957, SUCCESS, logIndex=2875, commits[a5e38e3e-c2ad-4348-acb9-3fc25cfb14dd:c2875, 11e48d46-e648-47f9-b6a0-9c7f26654c28:c2871, d1b6a90e-e817-40a7-bec1-608b5cc7d8b6:c2871]
2019-09-11 04:26:02,628 [grpc-default-executor-4] INFO  client.GrpcClientProtocolClient (GrpcClientProtocolClient.java:onNext(264)) - client-734BBEB428D7->a5e38e3e-c2ad-4348-acb9-3fc25cfb14dd: receive RaftClientReply:client-734BBEB428D7->a5e38e3e-c2ad-4348-acb9-3fc25cfb14dd@group-7000B19605CB, cid=1958, SUCCESS, logIndex=0, commits[a5e38e3e-c2ad-4348-acb9-3fc25cfb14dd:c2877, 11e48d46-e648-47f9-b6a0-9c7f26654c28:c2875, d1b6a90e-e817-40a7-bec1-608b5cc7d8b6:c2875]
2019-09-11 04:26:02,652 [grpc-default-executor-4] INFO  client.GrpcClientProtocolClient (GrpcClientProtocolClient.java:onNext(264)) - client-734BBEB428D7->a5e38e3e-c2ad-4348-acb9-3fc25cfb14dd: receive RaftClientReply:client-734BBEB428D7->a5e38e3e-c2ad-4348-acb9-3fc25cfb14dd@group-7000B19605CB, cid=1959, SUCCESS, logIndex=2878, commits[a5e38e3e-c2ad-4348-acb9-3fc25cfb14dd:c2879, 11e48d46-e648-47f9-b6a0-9c7f26654c28:c2877, d1b6a90e-e817-40a7-bec1-608b5cc7d8b6:c2877]
2019-09-11 04:26:02,653 [grpc-default-executor-4] INFO  client.GrpcClientProtocolClient (GrpcClientProtocolClient.java:onNext(264)) - client-734BBEB428D7->a5e38e3e-c2ad-4348-acb9-3fc25cfb14dd: receive RaftClientReply:client-734BBEB428D7->a5e38e3e-c2ad-4348-acb9-3fc25cfb14dd@group-7000B19605CB, cid=1960, SUCCESS, logIndex=2879, commits[a5e38e3e-c2ad-4348-acb9-3fc25cfb14dd:c2879, 11e48d46-e648-47f9-b6a0-9c7f26654c28:c2877, d1b6a90e-e817-40a7-bec1-608b5cc7d8b6:c2877]
2019-09-11 04:26:02,653 [grpc-default-executor-4] INFO  client.GrpcClientProtocolClient (GrpcClientProtocolClient.java:onNext(264)) - client-734BBEB428D7->a5e38e3e-c2ad-4348-acb9-3fc25cfb14dd: receive RaftClientReply:client-734BBEB428D7->a5e38e3e-c2ad-4348-acb9-3fc25cfb14dd@group-7000B19605CB, cid=1961, SUCCESS, logIndex=2880, commits[a5e38e3e-c2ad-4348-acb9-3fc25cfb14dd:c2880, 11e48d46-e648-47f9-b6a0-9c7f26654c28:c2877, d1b6a90e-e817-40a7-bec1-608b5cc7d8b6:c2877]
2019-09-11 04:26:02,653 [grpc-default-executor-4] INFO  client.GrpcClientProtocolClient (GrpcClientProtocolClient.java:onNext(264)) - client-734BBEB428D7->a5e38e3e-c2ad-4348-acb9-3fc25cfb14dd: receive RaftClientReply:client-734BBEB428D7->a5e38e3e-c2ad-4348-acb9-3fc25cfb14dd@group-7000B19605CB, cid=1962, SUCCESS, logIndex=2881, commits[a5e38e3e-c2ad-4348-acb9-3fc25cfb14dd:c2881, 11e48d46-e648-47f9-b6a0-9c7f26654c28:c2877, d1b6a90e-e817-40a7-bec1-608b5cc7d8b6:c2877]
2019-09-11 04:26:02,655 [grpc-default-executor-1] INFO  client.GrpcClientProtocolClient (GrpcClientProtocolClient.java:onNext(264)) - client-734BBEB428D7->a5e38e3e-c2ad-4348-acb9-3fc25cfb14dd: receive RaftClientReply:client-734BBEB428D7->a5e38e3e-c2ad-4348-acb9-3fc25cfb14dd@group-7000B19605CB, cid=1963, SUCCESS, logIndex=0, commits[a5e38e3e-c2ad-4348-acb9-3fc25cfb14dd:c2883, 11e48d46-e648-47f9-b6a0-9c7f26654c28:c2879, d1b6a90e-e817-40a7-bec1-608b5cc7d8b6:c2879]
2019-09-11 04:26:02,673 [grpc-default-executor-3] INFO  client.GrpcClientProtocolClient (GrpcClientProtocolClient.java:onNext(264)) - client-734BBEB428D7->a5e38e3e-c2ad-4348-acb9-3fc25cfb14dd: receive RaftClientReply:client-734BBEB428D7->a5e38e3e-c2ad-4348-acb9-3fc25cfb14dd@group-7000B19605CB, cid=1964, SUCCESS, logIndex=2886, commits[a5e38e3e-c2ad-4348-acb9-3fc25cfb14dd:c2887, 11e48d46-e648-47f9-b6a0-9c7f26654c28:c2885, d1b6a90e-e817-40a7-bec1-608b5cc7d8b6:c2885]
2019-09-11 04:26:02,673 [grpc-default-executor-3] INFO  client.GrpcClientProtocolClient (GrpcClientProtocolClient.java:onNext(264)) - client-734BBEB428D7->a5e38e3e-c2ad-4348-acb9-3fc25cfb14dd: receive RaftClientReply:client-734BBEB428D7->a5e38e3e-c2ad-4348-acb9-3fc25cfb14dd@group-7000B19605CB, cid=1965, SUCCESS, logIndex=2887, commits[a5e38e3e-c2ad-4348-acb9-3fc25cfb14dd:c2887, 11e48d46-e648-47f9-b6a0-9c7f26654c28:c2885, d1b6a90e-e817-40a7-bec1-608b5cc7d8b6:c2885]
2019-09-11 04:26:02,684 [grpc-default-executor-3] INFO  client.GrpcClientProtocolClient (GrpcClientProtocolClient.java:onNext(264)) - client-734BBEB428D7->a5e38e3e-c2ad-4348-acb9-3fc25cfb14dd: receive RaftClientReply:client-734BBEB428D7->a5e38e3e-c2ad-4348-acb9-3fc25cfb14dd@group-7000B19605CB, cid=1966, SUCCESS, logIndex=2890, commits[a5e38e3e-c2ad-4348-acb9-3fc25cfb14dd:c2891, 11e48d46-e648-47f9-b6a0-9c7f26654c28:c2887, d1b6a90e-e817-40a7-bec1-608b5cc7d8b6:c2887]
2019-09-11 04:26:02,684 [grpc-default-executor-3] INFO  client.GrpcClientProtocolClient (GrpcClientProtocolClient.java:onNext(264)) - client-734BBEB428D7->a5e38e3e-c2ad-4348-acb9-3fc25cfb14dd: receive RaftClientReply:client-734BBEB428D7->a5e38e3e-c2ad-4348-acb9-3fc25cfb14dd@group-7000B19605CB, cid=1967, SUCCESS, logIndex=2891, commits[a5e38e3e-c2ad-4348-acb9-3fc25cfb14dd:c2891, 11e48d46-e648-47f9-b6a0-9c7f26654c28:c2887, d1b6a90e-e817-40a7-bec1-608b5cc7d8b6:c2887]
2019-09-11 04:26:02,695 [grpc-default-executor-1] INFO  client.GrpcClientProtocolClient (GrpcClientProtocolClient.java:onNext(264)) - client-734BBEB428D7->a5e38e3e-c2ad-4348-acb9-3fc25cfb14dd: receive RaftClientReply:client-734BBEB428D7->a5e38e3e-c2ad-4348-acb9-3fc25cfb14dd@group-7000B19605CB, cid=1968, SUCCESS, logIndex=0, commits[a5e38e3e-c2ad-4348-acb9-3fc25cfb14dd:c2893, 11e48d46-e648-47f9-b6a0-9c7f26654c28:c2891, d1b6a90e-e817-40a7-bec1-608b5cc7d8b6:c2891]
2019-09-11 04:26:02,792 [grpc-default-executor-3] INFO  client.GrpcClientProtocolClient (GrpcClientProtocolClient.java:onNext(264)) - client-734BBEB428D7->a5e38e3e-c2ad-4348-acb9-3fc25cfb14dd: receive RaftClientReply:client-734BBEB428D7->a5e38e3e-c2ad-4348-acb9-3fc25cfb14dd@group-7000B19605CB, cid=1969, SUCCESS, logIndex=2894, commits[a5e38e3e-c2ad-4348-acb9-3fc25cfb14dd:c2897, 11e48d46-e648-47f9-b6a0-9c7f26654c28:c2893, d1b6a90e-e817-40a7-bec1-608b5cc7d8b6:c2893]
2019-09-11 04:26:02,793 [grpc-default-executor-3] INFO  client.GrpcClientProtocolClient (GrpcClientProtocolClient.java:onNext(264)) - client-734BBEB428D7->a5e38e3e-c2ad-4348-acb9-3fc25cfb14dd: receive RaftClientReply:client-734BBEB428D7->a5e38e3e-c2ad-4348-acb9-3fc25cfb14dd@group-7000B19605CB, cid=1970, SUCCESS, logIndex=2895, commits[a5e38e3e-c2ad-4348-acb9-3fc25cfb14dd:c2897, 11e48d46-e648-47f9-b6a0-9c7f26654c28:c2893, d1b6a90e-e817-40a7-bec1-608b5cc7d8b6:c2893]
2019-09-11 04:26:02,793 [grpc-default-executor-3] INFO  client.GrpcClientProtocolClient (GrpcClientProtocolClient.java:onNext(264)) - client-734BBEB428D7->a5e38e3e-c2ad-4348-acb9-3fc25cfb14dd: receive RaftClientReply:client-734BBEB428D7->a5e38e3e-c2ad-4348-acb9-3fc25cfb14dd@group-7000B19605CB, cid=1971, SUCCESS, logIndex=2896, commits[a5e38e3e-c2ad-4348-acb9-3fc25cfb14dd:c2897, 11e48d46-e648-47f9-b6a0-9c7f26654c28:c2893, d1b6a90e-e817-40a7-bec1-608b5cc7d8b6:c2893]
2019-09-11 04:26:02,794 [grpc-default-executor-3] INFO  client.GrpcClientProtocolClient (GrpcClientProtocolClient.java:onNext(264)) - client-734BBEB428D7->a5e38e3e-c2ad-4348-acb9-3fc25cfb14dd: receive RaftClientReply:client-734BBEB428D7->a5e38e3e-c2ad-4348-acb9-3fc25cfb14dd@group-7000B19605CB, cid=1972, SUCCESS, logIndex=2897, commits[a5e38e3e-c2ad-4348-acb9-3fc25cfb14dd:c2897, 11e48d46-e648-47f9-b6a0-9c7f26654c28:c2893, d1b6a90e-e817-40a7-bec1-608b5cc7d8b6:c2893]
2019-09-11 04:26:02,815 [grpc-default-executor-1] INFO  client.GrpcClientProtocolClient (GrpcClientProtocolClient.java:onNext(264)) - client-734BBEB428D7->a5e38e3e-c2ad-4348-acb9-3fc25cfb14dd: receive RaftClientReply:client-734BBEB428D7->a5e38e3e-c2ad-4348-acb9-3fc25cfb14dd@group-7000B19605CB, cid=1973, SUCCESS, logIndex=0, commits[a5e38e3e-c2ad-4348-acb9-3fc25cfb14dd:c2898, 11e48d46-e648-47f9-b6a0-9c7f26654c28:c2895, d1b6a90e-e817-40a7-bec1-608b5cc7d8b6:c2895]
2019-09-11 04:26:02,834 [grpc-default-executor-1] INFO  client.GrpcClientProtocolClient (GrpcClientProtocolClient.java:onNext(264)) - client-734BBEB428D7->a5e38e3e-c2ad-4348-acb9-3fc25cfb14dd: receive RaftClientReply:client-734BBEB428D7->a5e38e3e-c2ad-4348-acb9-3fc25cfb14dd@group-7000B19605CB, cid=1974, SUCCESS, logIndex=2902, commits[a5e38e3e-c2ad-4348-acb9-3fc25cfb14dd:c2903, 11e48d46-e648-47f9-b6a0-9c7f26654c28:c2901, d1b6a90e-e817-40a7-bec1-608b5cc7d8b6:c2901]
2019-09-11 04:26:02,835 [grpc-default-executor-1] INFO  client.GrpcClientProtocolClient (GrpcClientProtocolClient.java:onNext(264)) - client-734BBEB428D7->a5e38e3e-c2ad-4348-acb9-3fc25cfb14dd: receive RaftClientReply:client-734BBEB428D7->a5e38e3e-c2ad-4348-acb9-3fc25cfb14dd@group-7000B19605CB, cid=1975, SUCCESS, logIndex=2903, commits[a5e38e3e-c2ad-4348-acb9-3fc25cfb14dd:c2903, 11e48d46-e648-47f9-b6a0-9c7f26654c28:c2901, d1b6a90e-e817-40a7-bec1-608b5cc7d8b6:c2901]
2019-09-11 04:26:02,847 [grpc-default-executor-4] INFO  client.GrpcClientProtocolClient (GrpcClientProtocolClient.java:onNext(264)) - client-734BBEB428D7->a5e38e3e-c2ad-4348-acb9-3fc25cfb14dd: receive RaftClientReply:client-734BBEB428D7->a5e38e3e-c2ad-4348-acb9-3fc25cfb14dd@group-7000B19605CB, cid=1976, SUCCESS, logIndex=2906, commits[a5e38e3e-c2ad-4348-acb9-3fc25cfb14dd:c2906, 11e48d46-e648-47f9-b6a0-9c7f26654c28:c2903, d1b6a90e-e817-40a7-bec1-608b5cc7d8b6:c2903]
2019-09-11 04:26:02,847 [grpc-default-executor-4] INFO  client.GrpcClientProtocolClient (GrpcClientProtocolClient.java:onNext(264)) - client-734BBEB428D7->a5e38e3e-c2ad-4348-acb9-3fc25cfb14dd: receive RaftClientReply:client-734BBEB428D7->a5e38e3e-c2ad-4348-acb9-3fc25cfb14dd@group-7000B19605CB, cid=1977, SUCCESS, logIndex=2907, commits[a5e38e3e-c2ad-4348-acb9-3fc25cfb14dd:c2907, 11e48d46-e648-47f9-b6a0-9c7f26654c28:c2903, d1b6a90e-e817-40a7-bec1-608b5cc7d8b6:c2903]
2019-09-11 04:26:02,861 [grpc-default-executor-1] INFO  client.GrpcClientProtocolClient (GrpcClientProtocolClient.java:onNext(264)) - client-734BBEB428D7->a5e38e3e-c2ad-4348-acb9-3fc25cfb14dd: receive RaftClientReply:client-734BBEB428D7->a5e38e3e-c2ad-4348-acb9-3fc25cfb14dd@group-7000B19605CB, cid=1978, SUCCESS, logIndex=0, commits[a5e38e3e-c2ad-4348-acb9-3fc25cfb14dd:c2909, 11e48d46-e648-47f9-b6a0-9c7f26654c28:c2907, d1b6a90e-e817-40a7-bec1-608b5cc7d8b6:c2907]
2019-09-11 04:26:02,889 [grpc-default-executor-3] INFO  client.GrpcClientProtocolClient (GrpcClientProtocolClient.java:onNext(264)) - client-734BBEB428D7->a5e38e3e-c2ad-4348-acb9-3fc25cfb14dd: receive RaftClientReply:client-734BBEB428D7->a5e38e3e-c2ad-4348-acb9-3fc25cfb14dd@group-7000B19605CB, cid=1979, SUCCESS, logIndex=2910, commits[a5e38e3e-c2ad-4348-acb9-3fc25cfb14dd:c2911, 11e48d46-e648-47f9-b6a0-9c7f26654c28:c2909, d1b6a90e-e817-40a7-bec1-608b5cc7d8b6:c2909]
2019-09-11 04:26:02,889 [grpc-default-executor-3] INFO  client.GrpcClientProtocolClient (GrpcClientProtocolClient.java:onNext(264)) - client-734BBEB428D7->a5e38e3e-c2ad-4348-acb9-3fc25cfb14dd: receive RaftClientReply:client-734BBEB428D7->a5e38e3e-c2ad-4348-acb9-3fc25cfb14dd@group-7000B19605CB, cid=1980, SUCCESS, logIndex=2911, commits[a5e38e3e-c2ad-4348-acb9-3fc25cfb14dd:c2913, 11e48d46-e648-47f9-b6a0-9c7f26654c28:c2909, d1b6a90e-e817-40a7-bec1-608b5cc7d8b6:c2909]
2019-09-11 04:26:02,890 [grpc-default-executor-3] INFO  client.GrpcClientProtocolClient (GrpcClientProtocolClient.java:onNext(264)) - client-734BBEB428D7->a5e38e3e-c2ad-4348-acb9-3fc25cfb14dd: receive RaftClientReply:client-734BBEB428D7->a5e38e3e-c2ad-4348-acb9-3fc25cfb14dd@group-7000B19605CB, cid=1981, SUCCESS, logIndex=2912, commits[a5e38e3e-c2ad-4348-acb9-3fc25cfb14dd:c2913, 11e48d46-e648-47f9-b6a0-9c7f26654c28:c2909, d1b6a90e-e817-40a7-bec1-608b5cc7d8b6:c2909]
2019-09-11 04:26:02,890 [grpc-default-executor-3] INFO  client.GrpcClientProtocolClient (GrpcClientProtocolClient.java:onNext(264)) - client-734BBEB428D7->a5e38e3e-c2ad-4348-acb9-3fc25cfb14dd: receive RaftClientReply:client-734BBEB428D7->a5e38e3e-c2ad-4348-acb9-3fc25cfb14dd@group-7000B19605CB, cid=1982, SUCCESS, logIndex=2913, commits[a5e38e3e-c2ad-4348-acb9-3fc25cfb14dd:c2913, 11e48d46-e648-47f9-b6a0-9c7f26654c28:c2909, d1b6a90e-e817-40a7-bec1-608b5cc7d8b6:c2909]
2019-09-11 04:26:02,902 [grpc-default-executor-3] INFO  client.GrpcClientProtocolClient (GrpcClientProtocolClient.java:onNext(264)) - client-734BBEB428D7->a5e38e3e-c2ad-4348-acb9-3fc25cfb14dd: receive RaftClientReply:client-734BBEB428D7->a5e38e3e-c2ad-4348-acb9-3fc25cfb14dd@group-7000B19605CB, cid=1983, SUCCESS, logIndex=0, commits[a5e38e3e-c2ad-4348-acb9-3fc25cfb14dd:c2916, 11e48d46-e648-47f9-b6a0-9c7f26654c28:c2912, d1b6a90e-e817-40a7-bec1-608b5cc7d8b6:c2911]
2019-09-11 04:26:02,920 [grpc-default-executor-3] INFO  client.GrpcClientProtocolClient (GrpcClientProtocolClient.java:onNext(264)) - client-734BBEB428D7->a5e38e3e-c2ad-4348-acb9-3fc25cfb14dd: receive RaftClientReply:client-734BBEB428D7->a5e38e3e-c2ad-4348-acb9-3fc25cfb14dd@group-7000B19605CB, cid=1984, SUCCESS, logIndex=2918, commits[a5e38e3e-c2ad-4348-acb9-3fc25cfb14dd:c2919, 11e48d46-e648-47f9-b6a0-9c7f26654c28:c2917, d1b6a90e-e817-40a7-bec1-608b5cc7d8b6:c2917]
2019-09-11 04:26:02,920 [grpc-default-executor-3] INFO  client.GrpcClientProtocolClient (GrpcClientProtocolClient.java:onNext(264)) - client-734BBEB428D7->a5e38e3e-c2ad-4348-acb9-3fc25cfb14dd: receive RaftClientReply:client-734BBEB428D7->a5e38e3e-c2ad-4348-acb9-3fc25cfb14dd@group-7000B19605CB, cid=1985, SUCCESS, logIndex=2919, commits[a5e38e3e-c2ad-4348-acb9-3fc25cfb14dd:c2919, 11e48d46-e648-47f9-b6a0-9c7f26654c28:c2917, d1b6a90e-e817-40a7-bec1-608b5cc7d8b6:c2917]
2019-09-11 04:26:02,933 [grpc-default-executor-3] INFO  client.GrpcClientProtocolClient (GrpcClientProtocolClient.java:onNext(264)) - client-734BBEB428D7->a5e38e3e-c2ad-4348-acb9-3fc25cfb14dd: receive RaftClientReply:client-734BBEB428D7->a5e38e3e-c2ad-4348-acb9-3fc25cfb14dd@group-7000B19605CB, cid=1986, SUCCESS, logIndex=2922, commits[a5e38e3e-c2ad-4348-acb9-3fc25cfb14dd:c2923, 11e48d46-e648-47f9-b6a0-9c7f26654c28:c2919, d1b6a90e-e817-40a7-bec1-608b5cc7d8b6:c2919]
2019-09-11 04:26:02,934 [grpc-default-executor-3] INFO  client.GrpcClientProtocolClient (GrpcClientProtocolClient.java:onNext(264)) - client-734BBEB428D7->a5e38e3e-c2ad-4348-acb9-3fc25cfb14dd: receive RaftClientReply:client-734BBEB428D7->a5e38e3e-c2ad-4348-acb9-3fc25cfb14dd@group-7000B19605CB, cid=1987, SUCCESS, logIndex=2923, commits[a5e38e3e-c2ad-4348-acb9-3fc25cfb14dd:c2923, 11e48d46-e648-47f9-b6a0-9c7f26654c28:c2919, d1b6a90e-e817-40a7-bec1-608b5cc7d8b6:c2919]
2019-09-11 04:26:02,944 [grpc-default-executor-3] INFO  client.GrpcClientProtocolClient (GrpcClientProtocolClient.java:onNext(264)) - client-734BBEB428D7->a5e38e3e-c2ad-4348-acb9-3fc25cfb14dd: receive RaftClientReply:client-734BBEB428D7->a5e38e3e-c2ad-4348-acb9-3fc25cfb14dd@group-7000B19605CB, cid=1988, SUCCESS, logIndex=0, commits[a5e38e3e-c2ad-4348-acb9-3fc25cfb14dd:c2925, 11e48d46-e648-47f9-b6a0-9c7f26654c28:c2923, d1b6a90e-e817-40a7-bec1-608b5cc7d8b6:c2923]
2019-09-11 04:26:02,967 [grpc-default-executor-1] INFO  client.GrpcClientProtocolClient (GrpcClientProtocolClient.java:onNext(264)) - client-734BBEB428D7->a5e38e3e-c2ad-4348-acb9-3fc25cfb14dd: receive RaftClientReply:client-734BBEB428D7->a5e38e3e-c2ad-4348-acb9-3fc25cfb14dd@group-7000B19605CB, cid=1989, SUCCESS, logIndex=2926, commits[a5e38e3e-c2ad-4348-acb9-3fc25cfb14dd:c2928, 11e48d46-e648-47f9-b6a0-9c7f26654c28:c2925, d1b6a90e-e817-40a7-bec1-608b5cc7d8b6:c2925]
2019-09-11 04:26:02,968 [grpc-default-executor-1] INFO  client.GrpcClientProtocolClient (GrpcClientProtocolClient.java:onNext(264)) - client-734BBEB428D7->a5e38e3e-c2ad-4348-acb9-3fc25cfb14dd: receive RaftClientReply:client-734BBEB428D7->a5e38e3e-c2ad-4348-acb9-3fc25cfb14dd@group-7000B19605CB, cid=1990, SUCCESS, logIndex=2927, commits[a5e38e3e-c2ad-4348-acb9-3fc25cfb14dd:c2929, 11e48d46-e648-47f9-b6a0-9c7f26654c28:c2925, d1b6a90e-e817-40a7-bec1-608b5cc7d8b6:c2925]
2019-09-11 04:26:02,968 [grpc-default-executor-1] INFO  client.GrpcClientProtocolClient (GrpcClientProtocolClient.java:onNext(264)) - client-734BBEB428D7->a5e38e3e-c2ad-4348-acb9-3fc25cfb14dd: receive RaftClientReply:client-734BBEB428D7->a5e38e3e-c2ad-4348-acb9-3fc25cfb14dd@group-7000B19605CB, cid=1991, SUCCESS, logIndex=2928, commits[a5e38e3e-c2ad-4348-acb9-3fc25cfb14dd:c2929, 11e48d46-e648-47f9-b6a0-9c7f26654c28:c2925, d1b6a90e-e817-40a7-bec1-608b5cc7d8b6:c2925]
2019-09-11 04:26:02,968 [grpc-default-executor-1] INFO  client.GrpcClientProtocolClient (GrpcClientProtocolClient.java:onNext(264)) - client-734BBEB428D7->a5e38e3e-c2ad-4348-acb9-3fc25cfb14dd: receive RaftClientReply:client-734BBEB428D7->a5e38e3e-c2ad-4348-acb9-3fc25cfb14dd@group-7000B19605CB, cid=1992, SUCCESS, logIndex=2929, commits[a5e38e3e-c2ad-4348-acb9-3fc25cfb14dd:c2929, 11e48d46-e648-47f9-b6a0-9c7f26654c28:c2925, d1b6a90e-e817-40a7-bec1-608b5cc7d8b6:c2925]
2019-09-11 04:26:02,970 [grpc-default-executor-1] INFO  client.GrpcClientProtocolClient (GrpcClientProtocolClient.java:onNext(264)) - client-734BBEB428D7->a5e38e3e-c2ad-4348-acb9-3fc25cfb14dd: receive RaftClientReply:client-734BBEB428D7->a5e38e3e-c2ad-4348-acb9-3fc25cfb14dd@group-7000B19605CB, cid=1993, SUCCESS, logIndex=0, commits[a5e38e3e-c2ad-4348-acb9-3fc25cfb14dd:c2933, 11e48d46-e648-47f9-b6a0-9c7f26654c28:c2927, d1b6a90e-e817-40a7-bec1-608b5cc7d8b6:c2929]
2019-09-11 04:26:02,986 [grpc-default-executor-4] INFO  client.GrpcClientProtocolClient (GrpcClientProtocolClient.java:onNext(264)) - client-734BBEB428D7->a5e38e3e-c2ad-4348-acb9-3fc25cfb14dd: receive RaftClientReply:client-734BBEB428D7->a5e38e3e-c2ad-4348-acb9-3fc25cfb14dd@group-7000B19605CB, cid=1994, SUCCESS, logIndex=2934, commits[a5e38e3e-c2ad-4348-acb9-3fc25cfb14dd:c2935, 11e48d46-e648-47f9-b6a0-9c7f26654c28:c2933, d1b6a90e-e817-40a7-bec1-608b5cc7d8b6:c2933]
2019-09-11 04:26:02,986 [grpc-default-executor-4] INFO  client.GrpcClientProtocolClient (GrpcClientProtocolClient.java:onNext(264)) - client-734BBEB428D7->a5e38e3e-c2ad-4348-acb9-3fc25cfb14dd: receive RaftClientReply:client-734BBEB428D7->a5e38e3e-c2ad-4348-acb9-3fc25cfb14dd@group-7000B19605CB, cid=1995, SUCCESS, logIndex=2935, commits[a5e38e3e-c2ad-4348-acb9-3fc25cfb14dd:c2935, 11e48d46-e648-47f9-b6a0-9c7f26654c28:c2933, d1b6a90e-e817-40a7-bec1-608b5cc7d8b6:c2933]
2019-09-11 04:26:03,015 [grpc-default-executor-3] INFO  client.GrpcClientProtocolClient (GrpcClientProtocolClient.java:onNext(264)) - client-734BBEB428D7->a5e38e3e-c2ad-4348-acb9-3fc25cfb14dd: receive RaftClientReply:client-734BBEB428D7->a5e38e3e-c2ad-4348-acb9-3fc25cfb14dd@group-7000B19605CB, cid=1996, SUCCESS, logIndex=2938, commits[a5e38e3e-c2ad-4348-acb9-3fc25cfb14dd:c2939, 11e48d46-e648-47f9-b6a0-9c7f26654c28:c2935, d1b6a90e-e817-40a7-bec1-608b5cc7d8b6:c2935]
2019-09-11 04:26:03,016 [grpc-default-executor-3] INFO  client.GrpcClientProtocolClient (GrpcClientProtocolClient.java:onNext(264)) - client-734BBEB428D7->a5e38e3e-c2ad-4348-acb9-3fc25cfb14dd: receive RaftClientReply:client-734BBEB428D7->a5e38e3e-c2ad-4348-acb9-3fc25cfb14dd@group-7000B19605CB, cid=1997, SUCCESS, logIndex=2939, commits[a5e38e3e-c2ad-4348-acb9-3fc25cfb14dd:c2939, 11e48d46-e648-47f9-b6a0-9c7f26654c28:c2935, d1b6a90e-e817-40a7-bec1-608b5cc7d8b6:c2935]
2019-09-11 04:26:03,033 [grpc-default-executor-3] INFO  client.GrpcClientProtocolClient (GrpcClientProtocolClient.java:onNext(264)) - client-734BBEB428D7->a5e38e3e-c2ad-4348-acb9-3fc25cfb14dd: receive RaftClientReply:client-734BBEB428D7->a5e38e3e-c2ad-4348-acb9-3fc25cfb14dd@group-7000B19605CB, cid=1998, SUCCESS, logIndex=0, commits[a5e38e3e-c2ad-4348-acb9-3fc25cfb14dd:c2941, 11e48d46-e648-47f9-b6a0-9c7f26654c28:c2939, d1b6a90e-e817-40a7-bec1-608b5cc7d8b6:c2939]
2019-09-11 04:26:03,059 [grpc-default-executor-1] INFO  client.GrpcClientProtocolClient (GrpcClientProtocolClient.java:onNext(264)) - client-734BBEB428D7->a5e38e3e-c2ad-4348-acb9-3fc25cfb14dd: receive RaftClientReply:client-734BBEB428D7->a5e38e3e-c2ad-4348-acb9-3fc25cfb14dd@group-7000B19605CB, cid=1999, SUCCESS, logIndex=2942, commits[a5e38e3e-c2ad-4348-acb9-3fc25cfb14dd:c2943, 11e48d46-e648-47f9-b6a0-9c7f26654c28:c2941, d1b6a90e-e817-40a7-bec1-608b5cc7d8b6:c2941]
2019-09-11 04:26:03,059 [grpc-default-executor-1] INFO  client.GrpcClientProtocolClient (GrpcClientProtocolClient.java:onNext(264)) - client-734BBEB428D7->a5e38e3e-c2ad-4348-acb9-3fc25cfb14dd: receive RaftClientReply:client-734BBEB428D7->a5e38e3e-c2ad-4348-acb9-3fc25cfb14dd@group-7000B19605CB, cid=2000, SUCCESS, logIndex=2943, commits[a5e38e3e-c2ad-4348-acb9-3fc25cfb14dd:c2945, 11e48d46-e648-47f9-b6a0-9c7f26654c28:c2941, d1b6a90e-e817-40a7-bec1-608b5cc7d8b6:c2941]
2019-09-11 04:26:03,060 [grpc-default-executor-1] INFO  client.GrpcClientProtocolClient (GrpcClientProtocolClient.java:onNext(264)) - client-734BBEB428D7->a5e38e3e-c2ad-4348-acb9-3fc25cfb14dd: receive RaftClientReply:client-734BBEB428D7->a5e38e3e-c2ad-4348-acb9-3fc25cfb14dd@group-7000B19605CB, cid=2001, SUCCESS, logIndex=2944, commits[a5e38e3e-c2ad-4348-acb9-3fc25cfb14dd:c2945, 11e48d46-e648-47f9-b6a0-9c7f26654c28:c2941, d1b6a90e-e817-40a7-bec1-608b5cc7d8b6:c2941]
2019-09-11 04:26:03,060 [grpc-default-executor-1] INFO  client.GrpcClientProtocolClient (GrpcClientProtocolClient.java:onNext(264)) - client-734BBEB428D7->a5e38e3e-c2ad-4348-acb9-3fc25cfb14dd: receive RaftClientReply:client-734BBEB428D7->a5e38e3e-c2ad-4348-acb9-3fc25cfb14dd@group-7000B19605CB, cid=2002, SUCCESS, logIndex=2945, commits[a5e38e3e-c2ad-4348-acb9-3fc25cfb14dd:c2945, 11e48d46-e648-47f9-b6a0-9c7f26654c28:c2941, d1b6a90e-e817-40a7-bec1-608b5cc7d8b6:c2941]
2019-09-11 04:26:03,061 [grpc-default-executor-1] INFO  client.GrpcClientProtocolClient (GrpcClientProtocolClient.java:onNext(264)) - client-734BBEB428D7->a5e38e3e-c2ad-4348-acb9-3fc25cfb14dd: receive RaftClientReply:client-734BBEB428D7->a5e38e3e-c2ad-4348-acb9-3fc25cfb14dd@group-7000B19605CB, cid=2003, SUCCESS, logIndex=0, commits[a5e38e3e-c2ad-4348-acb9-3fc25cfb14dd:c2949, 11e48d46-e648-47f9-b6a0-9c7f26654c28:c2943, d1b6a90e-e817-40a7-bec1-608b5cc7d8b6:c2945]
2019-09-11 04:26:03,078 [grpc-default-executor-3] INFO  client.GrpcClientProtocolClient (GrpcClientProtocolClient.java:onNext(264)) - client-734BBEB428D7->a5e38e3e-c2ad-4348-acb9-3fc25cfb14dd: receive RaftClientReply:client-734BBEB428D7->a5e38e3e-c2ad-4348-acb9-3fc25cfb14dd@group-7000B19605CB, cid=2004, SUCCESS, logIndex=2950, commits[a5e38e3e-c2ad-4348-acb9-3fc25cfb14dd:c2951, 11e48d46-e648-47f9-b6a0-9c7f26654c28:c2949, d1b6a90e-e817-40a7-bec1-608b5cc7d8b6:c2949]
2019-09-11 04:26:03,078 [grpc-default-executor-3] INFO  client.GrpcClientProtocolClient (GrpcClientProtocolClient.java:onNext(264)) - client-734BBEB428D7->a5e38e3e-c2ad-4348-acb9-3fc25cfb14dd: receive RaftClientReply:client-734BBEB428D7->a5e38e3e-c2ad-4348-acb9-3fc25cfb14dd@group-7000B19605CB, cid=2005, SUCCESS, logIndex=2951, commits[a5e38e3e-c2ad-4348-acb9-3fc25cfb14dd:c2951, 11e48d46-e648-47f9-b6a0-9c7f26654c28:c2949, d1b6a90e-e817-40a7-bec1-608b5cc7d8b6:c2949]
2019-09-11 04:26:03,091 [grpc-default-executor-4] INFO  client.GrpcClientProtocolClient (GrpcClientProtocolClient.java:onNext(264)) - client-734BBEB428D7->a5e38e3e-c2ad-4348-acb9-3fc25cfb14dd: receive RaftClientReply:client-734BBEB428D7->a5e38e3e-c2ad-4348-acb9-3fc25cfb14dd@group-7000B19605CB, cid=2006, SUCCESS, logIndex=2954, commits[a5e38e3e-c2ad-4348-acb9-3fc25cfb14dd:c2955, 11e48d46-e648-47f9-b6a0-9c7f26654c28:c2951, d1b6a90e-e817-40a7-bec1-608b5cc7d8b6:c2951]
2019-09-11 04:26:03,092 [grpc-default-executor-4] INFO  client.GrpcClientProtocolClient (GrpcClientProtocolClient.java:onNext(264)) - client-734BBEB428D7->a5e38e3e-c2ad-4348-acb9-3fc25cfb14dd: receive RaftClientReply:client-734BBEB428D7->a5e38e3e-c2ad-4348-acb9-3fc25cfb14dd@group-7000B19605CB, cid=2007, SUCCESS, logIndex=2955, commits[a5e38e3e-c2ad-4348-acb9-3fc25cfb14dd:c2955, 11e48d46-e648-47f9-b6a0-9c7f26654c28:c2951, d1b6a90e-e817-40a7-bec1-608b5cc7d8b6:c2951]
2019-09-11 04:26:03,104 [grpc-default-executor-4] INFO  client.GrpcClientProtocolClient (GrpcClientProtocolClient.java:onNext(264)) - client-734BBEB428D7->a5e38e3e-c2ad-4348-acb9-3fc25cfb14dd: receive RaftClientReply:client-734BBEB428D7->a5e38e3e-c2ad-4348-acb9-3fc25cfb14dd@group-7000B19605CB, cid=2008, SUCCESS, logIndex=0, commits[a5e38e3e-c2ad-4348-acb9-3fc25cfb14dd:c2957, 11e48d46-e648-47f9-b6a0-9c7f26654c28:c2955, d1b6a90e-e817-40a7-bec1-608b5cc7d8b6:c2955]
2019-09-11 04:26:03,129 [grpc-default-executor-3] INFO  client.GrpcClientProtocolClient (GrpcClientProtocolClient.java:onNext(264)) - client-734BBEB428D7->a5e38e3e-c2ad-4348-acb9-3fc25cfb14dd: receive RaftClientReply:client-734BBEB428D7->a5e38e3e-c2ad-4348-acb9-3fc25cfb14dd@group-7000B19605CB, cid=2009, SUCCESS, logIndex=2958, commits[a5e38e3e-c2ad-4348-acb9-3fc25cfb14dd:c2960, 11e48d46-e648-47f9-b6a0-9c7f26654c28:c2957, d1b6a90e-e817-40a7-bec1-608b5cc7d8b6:c2957]
2019-09-11 04:26:03,130 [grpc-default-executor-3] INFO  client.GrpcClientProtocolClient (GrpcClientProtocolClient.java:onNext(264)) - client-734BBEB428D7->a5e38e3e-c2ad-4348-acb9-3fc25cfb14dd: receive RaftClientReply:client-734BBEB428D7->a5e38e3e-c2ad-4348-acb9-3fc25cfb14dd@group-7000B19605CB, cid=2010, SUCCESS, logIndex=2959, commits[a5e38e3e-c2ad-4348-acb9-3fc25cfb14dd:c2961, 11e48d46-e648-47f9-b6a0-9c7f26654c28:c2957, d1b6a90e-e817-40a7-bec1-608b5cc7d8b6:c2957]
2019-09-11 04:26:03,130 [grpc-default-executor-3] INFO  client.GrpcClientProtocolClient (GrpcClientProtocolClient.java:onNext(264)) - client-734BBEB428D7->a5e38e3e-c2ad-4348-acb9-3fc25cfb14dd: receive RaftClientReply:client-734BBEB428D7->a5e38e3e-c2ad-4348-acb9-3fc25cfb14dd@group-7000B19605CB, cid=2011, SUCCESS, logIndex=2960, commits[a5e38e3e-c2ad-4348-acb9-3fc25cfb14dd:c2961, 11e48d46-e648-47f9-b6a0-9c7f26654c28:c2957, d1b6a90e-e817-40a7-bec1-608b5cc7d8b6:c2957]
2019-09-11 04:26:03,130 [grpc-default-executor-3] INFO  client.GrpcClientProtocolClient (GrpcClientProtocolClient.java:onNext(264)) - client-734BBEB428D7->a5e38e3e-c2ad-4348-acb9-3fc25cfb14dd: receive RaftClientReply:client-734BBEB428D7->a5e38e3e-c2ad-4348-acb9-3fc25cfb14dd@group-7000B19605CB, cid=2012, SUCCESS, logIndex=2961, commits[a5e38e3e-c2ad-4348-acb9-3fc25cfb14dd:c2961, 11e48d46-e648-47f9-b6a0-9c7f26654c28:c2957, d1b6a90e-e817-40a7-bec1-608b5cc7d8b6:c2957]
2019-09-11 04:26:03,131 [grpc-default-executor-3] INFO  client.GrpcClientProtocolClient (GrpcClientProtocolClient.java:onNext(264)) - client-734BBEB428D7->a5e38e3e-c2ad-4348-acb9-3fc25cfb14dd: receive RaftClientReply:client-734BBEB428D7->a5e38e3e-c2ad-4348-acb9-3fc25cfb14dd@group-7000B19605CB, cid=2013, SUCCESS, logIndex=0, commits[a5e38e3e-c2ad-4348-acb9-3fc25cfb14dd:c2962, 11e48d46-e648-47f9-b6a0-9c7f26654c28:c2959, d1b6a90e-e817-40a7-bec1-608b5cc7d8b6:c2959]
2019-09-11 04:26:03,149 [grpc-default-executor-3] INFO  client.GrpcClientProtocolClient (GrpcClientProtocolClient.java:onNext(264)) - client-734BBEB428D7->a5e38e3e-c2ad-4348-acb9-3fc25cfb14dd: receive RaftClientReply:client-734BBEB428D7->a5e38e3e-c2ad-4348-acb9-3fc25cfb14dd@group-7000B19605CB, cid=2014, SUCCESS, logIndex=2966, commits[a5e38e3e-c2ad-4348-acb9-3fc25cfb14dd:c2967, 11e48d46-e648-47f9-b6a0-9c7f26654c28:c2965, d1b6a90e-e817-40a7-bec1-608b5cc7d8b6:c2965]
2019-09-11 04:26:03,149 [grpc-default-executor-3] INFO  client.GrpcClientProtocolClient (GrpcClientProtocolClient.java:onNext(264)) - client-734BBEB428D7->a5e38e3e-c2ad-4348-acb9-3fc25cfb14dd: receive RaftClientReply:client-734BBEB428D7->a5e38e3e-c2ad-4348-acb9-3fc25cfb14dd@group-7000B19605CB, cid=2015, SUCCESS, logIndex=2967, commits[a5e38e3e-c2ad-4348-acb9-3fc25cfb14dd:c2967, 11e48d46-e648-47f9-b6a0-9c7f26654c28:c2965, d1b6a90e-e817-40a7-bec1-608b5cc7d8b6:c2965]
2019-09-11 04:26:03,162 [grpc-default-executor-1] INFO  client.GrpcClientProtocolClient (GrpcClientProtocolClient.java:onNext(264)) - client-734BBEB428D7->a5e38e3e-c2ad-4348-acb9-3fc25cfb14dd: receive RaftClientReply:client-734BBEB428D7->a5e38e3e-c2ad-4348-acb9-3fc25cfb14dd@group-7000B19605CB, cid=2016, SUCCESS, logIndex=2970, commits[a5e38e3e-c2ad-4348-acb9-3fc25cfb14dd:c2971, 11e48d46-e648-47f9-b6a0-9c7f26654c28:c2967, d1b6a90e-e817-40a7-bec1-608b5cc7d8b6:c2967]
2019-09-11 04:26:03,162 [grpc-default-executor-1] INFO  client.GrpcClientProtocolClient (GrpcClientProtocolClient.java:onNext(264)) - client-734BBEB428D7->a5e38e3e-c2ad-4348-acb9-3fc25cfb14dd: receive RaftClientReply:client-734BBEB428D7->a5e38e3e-c2ad-4348-acb9-3fc25cfb14dd@group-7000B19605CB, cid=2017, SUCCESS, logIndex=2971, commits[a5e38e3e-c2ad-4348-acb9-3fc25cfb14dd:c2971, 11e48d46-e648-47f9-b6a0-9c7f26654c28:c2967, d1b6a90e-e817-40a7-bec1-608b5cc7d8b6:c2967]
 0.00% |█                                                                                                    |  0/1 Time: 0:00:142019-09-11 04:26:03,175 [grpc-default-executor-1] INFO  client.GrpcClientProtocolClient (GrpcClientProtocolClient.java:onNext(264)) - client-734BBEB428D7->a5e38e3e-c2ad-4348-acb9-3fc25cfb14dd: receive RaftClientReply:client-734BBEB428D7->a5e38e3e-c2ad-4348-acb9-3fc25cfb14dd@group-7000B19605CB, cid=2018, SUCCESS, logIndex=0, commits[a5e38e3e-c2ad-4348-acb9-3fc25cfb14dd:c2973, 11e48d46-e648-47f9-b6a0-9c7f26654c28:c2971, d1b6a90e-e817-40a7-bec1-608b5cc7d8b6:c2971]
2019-09-11 04:26:03,200 [grpc-default-executor-3] INFO  client.GrpcClientProtocolClient (GrpcClientProtocolClient.java:onNext(264)) - client-734BBEB428D7->a5e38e3e-c2ad-4348-acb9-3fc25cfb14dd: receive RaftClientReply:client-734BBEB428D7->a5e38e3e-c2ad-4348-acb9-3fc25cfb14dd@group-7000B19605CB, cid=2019, SUCCESS, logIndex=2974, commits[a5e38e3e-c2ad-4348-acb9-3fc25cfb14dd:c2975, 11e48d46-e648-47f9-b6a0-9c7f26654c28:c2971, d1b6a90e-e817-40a7-bec1-608b5cc7d8b6:c2973]
2019-09-11 04:26:03,202 [grpc-default-executor-3] INFO  client.GrpcClientProtocolClient (GrpcClientProtocolClient.java:onNext(264)) - client-734BBEB428D7->a5e38e3e-c2ad-4348-acb9-3fc25cfb14dd: receive RaftClientReply:client-734BBEB428D7->a5e38e3e-c2ad-4348-acb9-3fc25cfb14dd@group-7000B19605CB, cid=2020, SUCCESS, logIndex=2975, commits[a5e38e3e-c2ad-4348-acb9-3fc25cfb14dd:c2975, 11e48d46-e648-47f9-b6a0-9c7f26654c28:c2971, d1b6a90e-e817-40a7-bec1-608b5cc7d8b6:c2973]
2019-09-11 04:26:03,203 [grpc-default-executor-3] INFO  client.GrpcClientProtocolClient (GrpcClientProtocolClient.java:onNext(264)) - client-734BBEB428D7->a5e38e3e-c2ad-4348-acb9-3fc25cfb14dd: receive RaftClientReply:client-734BBEB428D7->a5e38e3e-c2ad-4348-acb9-3fc25cfb14dd@group-7000B19605CB, cid=2021, SUCCESS, logIndex=2976, commits[a5e38e3e-c2ad-4348-acb9-3fc25cfb14dd:c2976, 11e48d46-e648-47f9-b6a0-9c7f26654c28:c2975, d1b6a90e-e817-40a7-bec1-608b5cc7d8b6:c2973]
2019-09-11 04:26:03,203 [grpc-default-executor-3] INFO  client.GrpcClientProtocolClient (GrpcClientProtocolClient.java:onNext(264)) - client-734BBEB428D7->a5e38e3e-c2ad-4348-acb9-3fc25cfb14dd: receive RaftClientReply:client-734BBEB428D7->a5e38e3e-c2ad-4348-acb9-3fc25cfb14dd@group-7000B19605CB, cid=2022, SUCCESS, logIndex=2977, commits[a5e38e3e-c2ad-4348-acb9-3fc25cfb14dd:c2978, 11e48d46-e648-47f9-b6a0-9c7f26654c28:c2975, d1b6a90e-e817-40a7-bec1-608b5cc7d8b6:c2975]
2019-09-11 04:26:03,223 [grpc-default-executor-3] INFO  client.GrpcClientProtocolClient (GrpcClientProtocolClient.java:onNext(264)) - client-734BBEB428D7->a5e38e3e-c2ad-4348-acb9-3fc25cfb14dd: receive RaftClientReply:client-734BBEB428D7->a5e38e3e-c2ad-4348-acb9-3fc25cfb14dd@group-7000B19605CB, cid=2023, SUCCESS, logIndex=2982, commits[a5e38e3e-c2ad-4348-acb9-3fc25cfb14dd:c2982, 11e48d46-e648-47f9-b6a0-9c7f26654c28:c2981, d1b6a90e-e817-40a7-bec1-608b5cc7d8b6:c2981]
2019-09-11 04:26:03,223 [grpc-default-executor-3] INFO  client.GrpcClientProtocolClient (GrpcClientProtocolClient.java:onNext(264)) - client-734BBEB428D7->a5e38e3e-c2ad-4348-acb9-3fc25cfb14dd: receive RaftClientReply:client-734BBEB428D7->a5e38e3e-c2ad-4348-acb9-3fc25cfb14dd@group-7000B19605CB, cid=2024, SUCCESS, logIndex=2983, commits[a5e38e3e-c2ad-4348-acb9-3fc25cfb14dd:c2983, 11e48d46-e648-47f9-b6a0-9c7f26654c28:c2981, d1b6a90e-e817-40a7-bec1-608b5cc7d8b6:c2981]
2019-09-11 04:26:03,234 [grpc-default-executor-4] INFO  client.GrpcClientProtocolClient (GrpcClientProtocolClient.java:onNext(264)) - client-734BBEB428D7->a5e38e3e-c2ad-4348-acb9-3fc25cfb14dd: receive RaftClientReply:client-734BBEB428D7->a5e38e3e-c2ad-4348-acb9-3fc25cfb14dd@group-7000B19605CB, cid=2025, SUCCESS, logIndex=2986, commits[a5e38e3e-c2ad-4348-acb9-3fc25cfb14dd:c2987, 11e48d46-e648-47f9-b6a0-9c7f26654c28:c2983, d1b6a90e-e817-40a7-bec1-608b5cc7d8b6:c2983]
2019-09-11 04:26:03,234 [grpc-default-executor-4] INFO  client.GrpcClientProtocolClient (GrpcClientProtocolClient.java:onNext(264)) - client-734BBEB428D7->a5e38e3e-c2ad-4348-acb9-3fc25cfb14dd: receive RaftClientReply:client-734BBEB428D7->a5e38e3e-c2ad-4348-acb9-3fc25cfb14dd@group-7000B19605CB, cid=2026, SUCCESS, logIndex=2987, commits[a5e38e3e-c2ad-4348-acb9-3fc25cfb14dd:c2987, 11e48d46-e648-47f9-b6a0-9c7f26654c28:c2983, d1b6a90e-e817-40a7-bec1-608b5cc7d8b6:c2983]
2019-09-11 04:26:03,245 [grpc-default-executor-4] INFO  client.GrpcClientProtocolClient (GrpcClientProtocolClient.java:onNext(264)) - client-734BBEB428D7->a5e38e3e-c2ad-4348-acb9-3fc25cfb14dd: receive RaftClientReply:client-734BBEB428D7->a5e38e3e-c2ad-4348-acb9-3fc25cfb14dd@group-7000B19605CB, cid=2027, SUCCESS, logIndex=0, commits[a5e38e3e-c2ad-4348-acb9-3fc25cfb14dd:c2989, 11e48d46-e648-47f9-b6a0-9c7f26654c28:c2987, d1b6a90e-e817-40a7-bec1-608b5cc7d8b6:c2987]
2019-09-11 04:26:03,340 [grpc-default-executor-3] INFO  client.GrpcClientProtocolClient (GrpcClientProtocolClient.java:onNext(264)) - client-734BBEB428D7->a5e38e3e-c2ad-4348-acb9-3fc25cfb14dd: receive RaftClientReply:client-734BBEB428D7->a5e38e3e-c2ad-4348-acb9-3fc25cfb14dd@group-7000B19605CB, cid=2028, SUCCESS, logIndex=2990, commits[a5e38e3e-c2ad-4348-acb9-3fc25cfb14dd:c2991, 11e48d46-e648-47f9-b6a0-9c7f26654c28:c2989, d1b6a90e-e817-40a7-bec1-608b5cc7d8b6:c2989]
2019-09-11 04:26:03,341 [grpc-default-executor-1] INFO  client.GrpcClientProtocolClient (GrpcClientProtocolClient.java:onNext(264)) - client-734BBEB428D7->a5e38e3e-c2ad-4348-acb9-3fc25cfb14dd: receive RaftClientReply:client-734BBEB428D7->a5e38e3e-c2ad-4348-acb9-3fc25cfb14dd@group-7000B19605CB, cid=2029, SUCCESS, logIndex=2991, commits[a5e38e3e-c2ad-4348-acb9-3fc25cfb14dd:c2991, 11e48d46-e648-47f9-b6a0-9c7f26654c28:c2989, d1b6a90e-e817-40a7-bec1-608b5cc7d8b6:c2989]
2019-09-11 04:26:03,342 [grpc-default-executor-4] INFO  client.GrpcClientProtocolClient (GrpcClientProtocolClient.java:onNext(264)) - client-734BBEB428D7->a5e38e3e-c2ad-4348-acb9-3fc25cfb14dd: receive RaftClientReply:client-734BBEB428D7->a5e38e3e-c2ad-4348-acb9-3fc25cfb14dd@group-7000B19605CB, cid=2030, SUCCESS, logIndex=2992, commits[a5e38e3e-c2ad-4348-acb9-3fc25cfb14dd:c2993, 11e48d46-e648-47f9-b6a0-9c7f26654c28:c2989, d1b6a90e-e817-40a7-bec1-608b5cc7d8b6:c2989]
2019-09-11 04:26:03,342 [grpc-default-executor-4] INFO  client.GrpcClientProtocolClient (GrpcClientProtocolClient.java:onNext(264)) - client-734BBEB428D7->a5e38e3e-c2ad-4348-acb9-3fc25cfb14dd: receive RaftClientReply:client-734BBEB428D7->a5e38e3e-c2ad-4348-acb9-3fc25cfb14dd@group-7000B19605CB, cid=2031, SUCCESS, logIndex=2993, commits[a5e38e3e-c2ad-4348-acb9-3fc25cfb14dd:c2993, 11e48d46-e648-47f9-b6a0-9c7f26654c28:c2989, d1b6a90e-e817-40a7-bec1-608b5cc7d8b6:c2989]
2019-09-11 04:26:03,344 [grpc-default-executor-1] INFO  client.GrpcClientProtocolClient (GrpcClientProtocolClient.java:onNext(264)) - client-734BBEB428D7->a5e38e3e-c2ad-4348-acb9-3fc25cfb14dd: receive RaftClientReply:client-734BBEB428D7->a5e38e3e-c2ad-4348-acb9-3fc25cfb14dd@group-7000B19605CB, cid=2032, SUCCESS, logIndex=0, commits[a5e38e3e-c2ad-4348-acb9-3fc25cfb14dd:c2995, 11e48d46-e648-47f9-b6a0-9c7f26654c28:c2991, d1b6a90e-e817-40a7-bec1-608b5cc7d8b6:c2991]
2019-09-11 04:26:03,364 [grpc-default-executor-4] INFO  client.GrpcClientProtocolClient (GrpcClientProtocolClient.java:onNext(264)) - client-734BBEB428D7->a5e38e3e-c2ad-4348-acb9-3fc25cfb14dd: receive RaftClientReply:client-734BBEB428D7->a5e38e3e-c2ad-4348-acb9-3fc25cfb14dd@group-7000B19605CB, cid=2033, SUCCESS, logIndex=2998, commits[a5e38e3e-c2ad-4348-acb9-3fc25cfb14dd:c2999, 11e48d46-e648-47f9-b6a0-9c7f26654c28:c2997, d1b6a90e-e817-40a7-bec1-608b5cc7d8b6:c2997]
2019-09-11 04:26:03,364 [grpc-default-executor-4] INFO  client.GrpcClientProtocolClient (GrpcClientProtocolClient.java:onNext(264)) - client-734BBEB428D7->a5e38e3e-c2ad-4348-acb9-3fc25cfb14dd: receive RaftClientReply:client-734BBEB428D7->a5e38e3e-c2ad-4348-acb9-3fc25cfb14dd@group-7000B19605CB, cid=2034, SUCCESS, logIndex=2999, commits[a5e38e3e-c2ad-4348-acb9-3fc25cfb14dd:c2999, 11e48d46-e648-47f9-b6a0-9c7f26654c28:c2997, d1b6a90e-e817-40a7-bec1-608b5cc7d8b6:c2997]
2019-09-11 04:26:03,377 [grpc-default-executor-4] INFO  client.GrpcClientProtocolClient (GrpcClientProtocolClient.java:onNext(264)) - client-734BBEB428D7->a5e38e3e-c2ad-4348-acb9-3fc25cfb14dd: receive RaftClientReply:client-734BBEB428D7->a5e38e3e-c2ad-4348-acb9-3fc25cfb14dd@group-7000B19605CB, cid=2035, SUCCESS, logIndex=3002, commits[a5e38e3e-c2ad-4348-acb9-3fc25cfb14dd:c3003, 11e48d46-e648-47f9-b6a0-9c7f26654c28:c2999, d1b6a90e-e817-40a7-bec1-608b5cc7d8b6:c2999]
2019-09-11 04:26:03,377 [grpc-default-executor-4] INFO  client.GrpcClientProtocolClient (GrpcClientProtocolClient.java:onNext(264)) - client-734BBEB428D7->a5e38e3e-c2ad-4348-acb9-3fc25cfb14dd: receive RaftClientReply:client-734BBEB428D7->a5e38e3e-c2ad-4348-acb9-3fc25cfb14dd@group-7000B19605CB, cid=2036, SUCCESS, logIndex=3003, commits[a5e38e3e-c2ad-4348-acb9-3fc25cfb14dd:c3003, 11e48d46-e648-47f9-b6a0-9c7f26654c28:c2999, d1b6a90e-e817-40a7-bec1-608b5cc7d8b6:c2999]
2019-09-11 04:26:03,390 [grpc-default-executor-1] INFO  client.GrpcClientProtocolClient (GrpcClientProtocolClient.java:onNext(264)) - client-734BBEB428D7->a5e38e3e-c2ad-4348-acb9-3fc25cfb14dd: receive RaftClientReply:client-734BBEB428D7->a5e38e3e-c2ad-4348-acb9-3fc25cfb14dd@group-7000B19605CB, cid=2037, SUCCESS, logIndex=0, commits[a5e38e3e-c2ad-4348-acb9-3fc25cfb14dd:c3005, 11e48d46-e648-47f9-b6a0-9c7f26654c28:c3003, d1b6a90e-e817-40a7-bec1-608b5cc7d8b6:c3003]
2019-09-11 04:26:03,420 [grpc-default-executor-4] INFO  client.GrpcClientProtocolClient (GrpcClientProtocolClient.java:onNext(264)) - client-734BBEB428D7->a5e38e3e-c2ad-4348-acb9-3fc25cfb14dd: receive RaftClientReply:client-734BBEB428D7->a5e38e3e-c2ad-4348-acb9-3fc25cfb14dd@group-7000B19605CB, cid=2038, SUCCESS, logIndex=3006, commits[a5e38e3e-c2ad-4348-acb9-3fc25cfb14dd:c3007, 11e48d46-e648-47f9-b6a0-9c7f26654c28:c3005, d1b6a90e-e817-40a7-bec1-608b5cc7d8b6:c3005]
2019-09-11 04:26:03,420 [grpc-default-executor-4] INFO  client.GrpcClientProtocolClient (GrpcClientProtocolClient.java:onNext(264)) - client-734BBEB428D7->a5e38e3e-c2ad-4348-acb9-3fc25cfb14dd: receive RaftClientReply:client-734BBEB428D7->a5e38e3e-c2ad-4348-acb9-3fc25cfb14dd@group-7000B19605CB, cid=2039, SUCCESS, logIndex=3007, commits[a5e38e3e-c2ad-4348-acb9-3fc25cfb14dd:c3007, 11e48d46-e648-47f9-b6a0-9c7f26654c28:c3005, d1b6a90e-e817-40a7-bec1-608b5cc7d8b6:c3005]
2019-09-11 04:26:03,421 [grpc-default-executor-4] INFO  client.GrpcClientProtocolClient (GrpcClientProtocolClient.java:onNext(264)) - client-734BBEB428D7->a5e38e3e-c2ad-4348-acb9-3fc25cfb14dd: receive RaftClientReply:client-734BBEB428D7->a5e38e3e-c2ad-4348-acb9-3fc25cfb14dd@group-7000B19605CB, cid=2040, SUCCESS, logIndex=3008, commits[a5e38e3e-c2ad-4348-acb9-3fc25cfb14dd:c3009, 11e48d46-e648-47f9-b6a0-9c7f26654c28:c3005, d1b6a90e-e817-40a7-bec1-608b5cc7d8b6:c3005]
2019-09-11 04:26:03,422 [grpc-default-executor-4] INFO  client.GrpcClientProtocolClient (GrpcClientProtocolClient.java:onNext(264)) - client-734BBEB428D7->a5e38e3e-c2ad-4348-acb9-3fc25cfb14dd: receive RaftClientReply:client-734BBEB428D7->a5e38e3e-c2ad-4348-acb9-3fc25cfb14dd@group-7000B19605CB, cid=2041, SUCCESS, logIndex=3009, commits[a5e38e3e-c2ad-4348-acb9-3fc25cfb14dd:c3009, 11e48d46-e648-47f9-b6a0-9c7f26654c28:c3005, d1b6a90e-e817-40a7-bec1-608b5cc7d8b6:c3005]
2019-09-11 04:26:03,423 [grpc-default-executor-4] INFO  client.GrpcClientProtocolClient (GrpcClientProtocolClient.java:onNext(264)) - client-734BBEB428D7->a5e38e3e-c2ad-4348-acb9-3fc25cfb14dd: receive RaftClientReply:client-734BBEB428D7->a5e38e3e-c2ad-4348-acb9-3fc25cfb14dd@group-7000B19605CB, cid=2042, SUCCESS, logIndex=0, commits[a5e38e3e-c2ad-4348-acb9-3fc25cfb14dd:c3011, 11e48d46-e648-47f9-b6a0-9c7f26654c28:c3009, d1b6a90e-e817-40a7-bec1-608b5cc7d8b6:c3007]
2019-09-11 04:26:03,443 [grpc-default-executor-4] INFO  client.GrpcClientProtocolClient (GrpcClientProtocolClient.java:onNext(264)) - client-734BBEB428D7->a5e38e3e-c2ad-4348-acb9-3fc25cfb14dd: receive RaftClientReply:client-734BBEB428D7->a5e38e3e-c2ad-4348-acb9-3fc25cfb14dd@group-7000B19605CB, cid=2043, SUCCESS, logIndex=3014, commits[a5e38e3e-c2ad-4348-acb9-3fc25cfb14dd:c3015, 11e48d46-e648-47f9-b6a0-9c7f26654c28:c3013, d1b6a90e-e817-40a7-bec1-608b5cc7d8b6:c3009]
2019-09-11 04:26:03,443 [grpc-default-executor-4] INFO  client.GrpcClientProtocolClient (GrpcClientProtocolClient.java:onNext(264)) - client-734BBEB428D7->a5e38e3e-c2ad-4348-acb9-3fc25cfb14dd: receive RaftClientReply:client-734BBEB428D7->a5e38e3e-c2ad-4348-acb9-3fc25cfb14dd@group-7000B19605CB, cid=2044, SUCCESS, logIndex=3015, commits[a5e38e3e-c2ad-4348-acb9-3fc25cfb14dd:c3015, 11e48d46-e648-47f9-b6a0-9c7f26654c28:c3013, d1b6a90e-e817-40a7-bec1-608b5cc7d8b6:c3013]
2019-09-11 04:26:03,456 [grpc-default-executor-3] INFO  client.GrpcClientProtocolClient (GrpcClientProtocolClient.java:onNext(264)) - client-734BBEB428D7->a5e38e3e-c2ad-4348-acb9-3fc25cfb14dd: receive RaftClientReply:client-734BBEB428D7->a5e38e3e-c2ad-4348-acb9-3fc25cfb14dd@group-7000B19605CB, cid=2045, SUCCESS, logIndex=3018, commits[a5e38e3e-c2ad-4348-acb9-3fc25cfb14dd:c3019, 11e48d46-e648-47f9-b6a0-9c7f26654c28:c3015, d1b6a90e-e817-40a7-bec1-608b5cc7d8b6:c3014]
2019-09-11 04:26:03,456 [grpc-default-executor-3] INFO  client.GrpcClientProtocolClient (GrpcClientProtocolClient.java:onNext(264)) - client-734BBEB428D7->a5e38e3e-c2ad-4348-acb9-3fc25cfb14dd: receive RaftClientReply:client-734BBEB428D7->a5e38e3e-c2ad-4348-acb9-3fc25cfb14dd@group-7000B19605CB, cid=2046, SUCCESS, logIndex=3019, commits[a5e38e3e-c2ad-4348-acb9-3fc25cfb14dd:c3019, 11e48d46-e648-47f9-b6a0-9c7f26654c28:c3015, d1b6a90e-e817-40a7-bec1-608b5cc7d8b6:c3015]
2019-09-11 04:26:03,469 [grpc-default-executor-3] INFO  client.GrpcClientProtocolClient (GrpcClientProtocolClient.java:onNext(264)) - client-734BBEB428D7->a5e38e3e-c2ad-4348-acb9-3fc25cfb14dd: receive RaftClientReply:client-734BBEB428D7->a5e38e3e-c2ad-4348-acb9-3fc25cfb14dd@group-7000B19605CB, cid=2047, SUCCESS, logIndex=0, commits[a5e38e3e-c2ad-4348-acb9-3fc25cfb14dd:c3021, 11e48d46-e648-47f9-b6a0-9c7f26654c28:c3019, d1b6a90e-e817-40a7-bec1-608b5cc7d8b6:c3019]
2019-09-11 04:26:03,501 [grpc-default-executor-1] INFO  client.GrpcClientProtocolClient (GrpcClientProtocolClient.java:onNext(264)) - client-734BBEB428D7->a5e38e3e-c2ad-4348-acb9-3fc25cfb14dd: receive RaftClientReply:client-734BBEB428D7->a5e38e3e-c2ad-4348-acb9-3fc25cfb14dd@group-7000B19605CB, cid=2048, SUCCESS, logIndex=3022, commits[a5e38e3e-c2ad-4348-acb9-3fc25cfb14dd:c3023, 11e48d46-e648-47f9-b6a0-9c7f26654c28:c3021, d1b6a90e-e817-40a7-bec1-608b5cc7d8b6:c3021]
2019-09-11 04:26:03,502 [grpc-default-executor-3] INFO  client.GrpcClientProtocolClient (GrpcClientProtocolClient.java:onNext(264)) - client-734BBEB428D7->a5e38e3e-c2ad-4348-acb9-3fc25cfb14dd: receive RaftClientReply:client-734BBEB428D7->a5e38e3e-c2ad-4348-acb9-3fc25cfb14dd@group-7000B19605CB, cid=2049, SUCCESS, logIndex=3023, commits[a5e38e3e-c2ad-4348-acb9-3fc25cfb14dd:c3023, 11e48d46-e648-47f9-b6a0-9c7f26654c28:c3021, d1b6a90e-e817-40a7-bec1-608b5cc7d8b6:c3021]
2019-09-11 04:26:03,502 [grpc-default-executor-3] INFO  client.GrpcClientProtocolClient (GrpcClientProtocolClient.java:onNext(264)) - client-734BBEB428D7->a5e38e3e-c2ad-4348-acb9-3fc25cfb14dd: receive RaftClientReply:client-734BBEB428D7->a5e38e3e-c2ad-4348-acb9-3fc25cfb14dd@group-7000B19605CB, cid=2050, SUCCESS, logIndex=3024, commits[a5e38e3e-c2ad-4348-acb9-3fc25cfb14dd:c3025, 11e48d46-e648-47f9-b6a0-9c7f26654c28:c3021, d1b6a90e-e817-40a7-bec1-608b5cc7d8b6:c3021]
2019-09-11 04:26:03,503 [grpc-default-executor-3] INFO  client.GrpcClientProtocolClient (GrpcClientProtocolClient.java:onNext(264)) - client-734BBEB428D7->a5e38e3e-c2ad-4348-acb9-3fc25cfb14dd: receive RaftClientReply:client-734BBEB428D7->a5e38e3e-c2ad-4348-acb9-3fc25cfb14dd@group-7000B19605CB, cid=2051, SUCCESS, logIndex=3025, commits[a5e38e3e-c2ad-4348-acb9-3fc25cfb14dd:c3025, 11e48d46-e648-47f9-b6a0-9c7f26654c28:c3021, d1b6a90e-e817-40a7-bec1-608b5cc7d8b6:c3021]
2019-09-11 04:26:03,504 [grpc-default-executor-3] INFO  client.GrpcClientProtocolClient (GrpcClientProtocolClient.java:onNext(264)) - client-734BBEB428D7->a5e38e3e-c2ad-4348-acb9-3fc25cfb14dd: receive RaftClientReply:client-734BBEB428D7->a5e38e3e-c2ad-4348-acb9-3fc25cfb14dd@group-7000B19605CB, cid=2052, SUCCESS, logIndex=0, commits[a5e38e3e-c2ad-4348-acb9-3fc25cfb14dd:c3029, 11e48d46-e648-47f9-b6a0-9c7f26654c28:c3024, d1b6a90e-e817-40a7-bec1-608b5cc7d8b6:c3025]
2019-09-11 04:26:03,524 [grpc-default-executor-1] INFO  client.GrpcClientProtocolClient (GrpcClientProtocolClient.java:onNext(264)) - client-734BBEB428D7->a5e38e3e-c2ad-4348-acb9-3fc25cfb14dd: receive RaftClientReply:client-734BBEB428D7->a5e38e3e-c2ad-4348-acb9-3fc25cfb14dd@group-7000B19605CB, cid=2053, SUCCESS, logIndex=3030, commits[a5e38e3e-c2ad-4348-acb9-3fc25cfb14dd:c3031, 11e48d46-e648-47f9-b6a0-9c7f26654c28:c3029, d1b6a90e-e817-40a7-bec1-608b5cc7d8b6:c3029]
2019-09-11 04:26:03,524 [grpc-default-executor-1] INFO  client.GrpcClientProtocolClient (GrpcClientProtocolClient.java:onNext(264)) - client-734BBEB428D7->a5e38e3e-c2ad-4348-acb9-3fc25cfb14dd: receive RaftClientReply:client-734BBEB428D7->a5e38e3e-c2ad-4348-acb9-3fc25cfb14dd@group-7000B19605CB, cid=2054, SUCCESS, logIndex=3031, commits[a5e38e3e-c2ad-4348-acb9-3fc25cfb14dd:c3031, 11e48d46-e648-47f9-b6a0-9c7f26654c28:c3029, d1b6a90e-e817-40a7-bec1-608b5cc7d8b6:c3029]
2019-09-11 04:26:03,535 [grpc-default-executor-3] INFO  client.GrpcClientProtocolClient (GrpcClientProtocolClient.java:onNext(264)) - client-734BBEB428D7->a5e38e3e-c2ad-4348-acb9-3fc25cfb14dd: receive RaftClientReply:client-734BBEB428D7->a5e38e3e-c2ad-4348-acb9-3fc25cfb14dd@group-7000B19605CB, cid=2055, SUCCESS, logIndex=3034, commits[a5e38e3e-c2ad-4348-acb9-3fc25cfb14dd:c3035, 11e48d46-e648-47f9-b6a0-9c7f26654c28:c3031, d1b6a90e-e817-40a7-bec1-608b5cc7d8b6:c3031]
2019-09-11 04:26:03,536 [grpc-default-executor-3] INFO  client.GrpcClientProtocolClient (GrpcClientProtocolClient.java:onNext(264)) - client-734BBEB428D7->a5e38e3e-c2ad-4348-acb9-3fc25cfb14dd: receive RaftClientReply:client-734BBEB428D7->a5e38e3e-c2ad-4348-acb9-3fc25cfb14dd@group-7000B19605CB, cid=2056, SUCCESS, logIndex=3035, commits[a5e38e3e-c2ad-4348-acb9-3fc25cfb14dd:c3035, 11e48d46-e648-47f9-b6a0-9c7f26654c28:c3031, d1b6a90e-e817-40a7-bec1-608b5cc7d8b6:c3031]
2019-09-11 04:26:03,545 [grpc-default-executor-3] INFO  client.GrpcClientProtocolClient (GrpcClientProtocolClient.java:onNext(264)) - client-734BBEB428D7->a5e38e3e-c2ad-4348-acb9-3fc25cfb14dd: receive RaftClientReply:client-734BBEB428D7->a5e38e3e-c2ad-4348-acb9-3fc25cfb14dd@group-7000B19605CB, cid=2057, SUCCESS, logIndex=0, commits[a5e38e3e-c2ad-4348-acb9-3fc25cfb14dd:c3036, 11e48d46-e648-47f9-b6a0-9c7f26654c28:c3035, d1b6a90e-e817-40a7-bec1-608b5cc7d8b6:c3035]
2019-09-11 04:26:03,582 [grpc-default-executor-4] INFO  client.GrpcClientProtocolClient (GrpcClientProtocolClient.java:onNext(264)) - client-734BBEB428D7->a5e38e3e-c2ad-4348-acb9-3fc25cfb14dd: receive RaftClientReply:client-734BBEB428D7->a5e38e3e-c2ad-4348-acb9-3fc25cfb14dd@group-7000B19605CB, cid=2058, SUCCESS, logIndex=3038, commits[a5e38e3e-c2ad-4348-acb9-3fc25cfb14dd:c3039, 11e48d46-e648-47f9-b6a0-9c7f26654c28:c3035, d1b6a90e-e817-40a7-bec1-608b5cc7d8b6:c3037]
2019-09-11 04:26:03,582 [grpc-default-executor-4] INFO  client.GrpcClientProtocolClient (GrpcClientProtocolClient.java:onNext(264)) - client-734BBEB428D7->a5e38e3e-c2ad-4348-acb9-3fc25cfb14dd: receive RaftClientReply:client-734BBEB428D7->a5e38e3e-c2ad-4348-acb9-3fc25cfb14dd@group-7000B19605CB, cid=2059, SUCCESS, logIndex=3039, commits[a5e38e3e-c2ad-4348-acb9-3fc25cfb14dd:c3039, 11e48d46-e648-47f9-b6a0-9c7f26654c28:c3035, d1b6a90e-e817-40a7-bec1-608b5cc7d8b6:c3037]
2019-09-11 04:26:03,583 [grpc-default-executor-4] INFO  client.GrpcClientProtocolClient (GrpcClientProtocolClient.java:onNext(264)) - client-734BBEB428D7->a5e38e3e-c2ad-4348-acb9-3fc25cfb14dd: receive RaftClientReply:client-734BBEB428D7->a5e38e3e-c2ad-4348-acb9-3fc25cfb14dd@group-7000B19605CB, cid=2060, SUCCESS, logIndex=3040, commits[a5e38e3e-c2ad-4348-acb9-3fc25cfb14dd:c3041, 11e48d46-e648-47f9-b6a0-9c7f26654c28:c3037, d1b6a90e-e817-40a7-bec1-608b5cc7d8b6:c3037]
2019-09-11 04:26:03,583 [grpc-default-executor-4] INFO  client.GrpcClientProtocolClient (GrpcClientProtocolClient.java:onNext(264)) - client-734BBEB428D7->a5e38e3e-c2ad-4348-acb9-3fc25cfb14dd: receive RaftClientReply:client-734BBEB428D7->a5e38e3e-c2ad-4348-acb9-3fc25cfb14dd@group-7000B19605CB, cid=2061, SUCCESS, logIndex=3041, commits[a5e38e3e-c2ad-4348-acb9-3fc25cfb14dd:c3041, 11e48d46-e648-47f9-b6a0-9c7f26654c28:c3037, d1b6a90e-e817-40a7-bec1-608b5cc7d8b6:c3037]
2019-09-11 04:26:03,584 [grpc-default-executor-4] INFO  client.GrpcClientProtocolClient (GrpcClientProtocolClient.java:onNext(264)) - client-734BBEB428D7->a5e38e3e-c2ad-4348-acb9-3fc25cfb14dd: receive RaftClientReply:client-734BBEB428D7->a5e38e3e-c2ad-4348-acb9-3fc25cfb14dd@group-7000B19605CB, cid=2062, SUCCESS, logIndex=0, commits[a5e38e3e-c2ad-4348-acb9-3fc25cfb14dd:c3042, 11e48d46-e648-47f9-b6a0-9c7f26654c28:c3039, d1b6a90e-e817-40a7-bec1-608b5cc7d8b6:c3039]
2019-09-11 04:26:03,603 [grpc-default-executor-2] INFO  client.GrpcClientProtocolClient (GrpcClientProtocolClient.java:onNext(264)) - client-734BBEB428D7->a5e38e3e-c2ad-4348-acb9-3fc25cfb14dd: receive RaftClientReply:client-734BBEB428D7->a5e38e3e-c2ad-4348-acb9-3fc25cfb14dd@group-7000B19605CB, cid=2063, SUCCESS, logIndex=3044, commits[a5e38e3e-c2ad-4348-acb9-3fc25cfb14dd:c3045, 11e48d46-e648-47f9-b6a0-9c7f26654c28:c3043, d1b6a90e-e817-40a7-bec1-608b5cc7d8b6:c3043]
2019-09-11 04:26:03,603 [grpc-default-executor-2] INFO  client.GrpcClientProtocolClient (GrpcClientProtocolClient.java:onNext(264)) - client-734BBEB428D7->a5e38e3e-c2ad-4348-acb9-3fc25cfb14dd: receive RaftClientReply:client-734BBEB428D7->a5e38e3e-c2ad-4348-acb9-3fc25cfb14dd@group-7000B19605CB, cid=2064, SUCCESS, logIndex=3045, commits[a5e38e3e-c2ad-4348-acb9-3fc25cfb14dd:c3045, 11e48d46-e648-47f9-b6a0-9c7f26654c28:c3043, d1b6a90e-e817-40a7-bec1-608b5cc7d8b6:c3043]
2019-09-11 04:26:03,634 [grpc-default-executor-2] INFO  client.GrpcClientProtocolClient (GrpcClientProtocolClient.java:onNext(264)) - client-734BBEB428D7->a5e38e3e-c2ad-4348-acb9-3fc25cfb14dd: receive RaftClientReply:client-734BBEB428D7->a5e38e3e-c2ad-4348-acb9-3fc25cfb14dd@group-7000B19605CB, cid=2065, SUCCESS, logIndex=3048, commits[a5e38e3e-c2ad-4348-acb9-3fc25cfb14dd:c3048, 11e48d46-e648-47f9-b6a0-9c7f26654c28:c3045, d1b6a90e-e817-40a7-bec1-608b5cc7d8b6:c3044]
2019-09-11 04:26:03,634 [grpc-default-executor-2] INFO  client.GrpcClientProtocolClient (GrpcClientProtocolClient.java:onNext(264)) - client-734BBEB428D7->a5e38e3e-c2ad-4348-acb9-3fc25cfb14dd: receive RaftClientReply:client-734BBEB428D7->a5e38e3e-c2ad-4348-acb9-3fc25cfb14dd@group-7000B19605CB, cid=2066, SUCCESS, logIndex=3049, commits[a5e38e3e-c2ad-4348-acb9-3fc25cfb14dd:c3049, 11e48d46-e648-47f9-b6a0-9c7f26654c28:c3045, d1b6a90e-e817-40a7-bec1-608b5cc7d8b6:c3045]
2019-09-11 04:26:03,647 [grpc-default-executor-2] INFO  client.GrpcClientProtocolClient (GrpcClientProtocolClient.java:onNext(264)) - client-734BBEB428D7->a5e38e3e-c2ad-4348-acb9-3fc25cfb14dd: receive RaftClientReply:client-734BBEB428D7->a5e38e3e-c2ad-4348-acb9-3fc25cfb14dd@group-7000B19605CB, cid=2067, SUCCESS, logIndex=0, commits[a5e38e3e-c2ad-4348-acb9-3fc25cfb14dd:c3051, 11e48d46-e648-47f9-b6a0-9c7f26654c28:c3049, d1b6a90e-e817-40a7-bec1-608b5cc7d8b6:c3049]
2019-09-11 04:26:03,675 [grpc-default-executor-2] INFO  client.GrpcClientProtocolClient (GrpcClientProtocolClient.java:onNext(264)) - client-734BBEB428D7->a5e38e3e-c2ad-4348-acb9-3fc25cfb14dd: receive RaftClientReply:client-734BBEB428D7->a5e38e3e-c2ad-4348-acb9-3fc25cfb14dd@group-7000B19605CB, cid=2068, SUCCESS, logIndex=3052, commits[a5e38e3e-c2ad-4348-acb9-3fc25cfb14dd:c3053, 11e48d46-e648-47f9-b6a0-9c7f26654c28:c3051, d1b6a90e-e817-40a7-bec1-608b5cc7d8b6:c3051]
2019-09-11 04:26:03,676 [grpc-default-executor-2] INFO  client.GrpcClientProtocolClient (GrpcClientProtocolClient.java:onNext(264)) - client-734BBEB428D7->a5e38e3e-c2ad-4348-acb9-3fc25cfb14dd: receive RaftClientReply:client-734BBEB428D7->a5e38e3e-c2ad-4348-acb9-3fc25cfb14dd@group-7000B19605CB, cid=2069, SUCCESS, logIndex=3053, commits[a5e38e3e-c2ad-4348-acb9-3fc25cfb14dd:c3054, 11e48d46-e648-47f9-b6a0-9c7f26654c28:c3051, d1b6a90e-e817-40a7-bec1-608b5cc7d8b6:c3051]
2019-09-11 04:26:03,676 [grpc-default-executor-2] INFO  client.GrpcClientProtocolClient (GrpcClientProtocolClient.java:onNext(264)) - client-734BBEB428D7->a5e38e3e-c2ad-4348-acb9-3fc25cfb14dd: receive RaftClientReply:client-734BBEB428D7->a5e38e3e-c2ad-4348-acb9-3fc25cfb14dd@group-7000B19605CB, cid=2070, SUCCESS, logIndex=3054, commits[a5e38e3e-c2ad-4348-acb9-3fc25cfb14dd:c3055, 11e48d46-e648-47f9-b6a0-9c7f26654c28:c3051, d1b6a90e-e817-40a7-bec1-608b5cc7d8b6:c3051]
2019-09-11 04:26:03,677 [grpc-default-executor-2] INFO  client.GrpcClientProtocolClient (GrpcClientProtocolClient.java:onNext(264)) - client-734BBEB428D7->a5e38e3e-c2ad-4348-acb9-3fc25cfb14dd: receive RaftClientReply:client-734BBEB428D7->a5e38e3e-c2ad-4348-acb9-3fc25cfb14dd@group-7000B19605CB, cid=2071, SUCCESS, logIndex=3055, commits[a5e38e3e-c2ad-4348-acb9-3fc25cfb14dd:c3055, 11e48d46-e648-47f9-b6a0-9c7f26654c28:c3051, d1b6a90e-e817-40a7-bec1-608b5cc7d8b6:c3051]
2019-09-11 04:26:03,688 [grpc-default-executor-2] INFO  client.GrpcClientProtocolClient (GrpcClientProtocolClient.java:onNext(264)) - client-734BBEB428D7->a5e38e3e-c2ad-4348-acb9-3fc25cfb14dd: receive RaftClientReply:client-734BBEB428D7->a5e38e3e-c2ad-4348-acb9-3fc25cfb14dd@group-7000B19605CB, cid=2072, SUCCESS, logIndex=0, commits[a5e38e3e-c2ad-4348-acb9-3fc25cfb14dd:c3059, 11e48d46-e648-47f9-b6a0-9c7f26654c28:c3053, d1b6a90e-e817-40a7-bec1-608b5cc7d8b6:c3055]
2019-09-11 04:26:03,711 [grpc-default-executor-2] INFO  client.GrpcClientProtocolClient (GrpcClientProtocolClient.java:onNext(264)) - client-734BBEB428D7->a5e38e3e-c2ad-4348-acb9-3fc25cfb14dd: receive RaftClientReply:client-734BBEB428D7->a5e38e3e-c2ad-4348-acb9-3fc25cfb14dd@group-7000B19605CB, cid=2073, SUCCESS, logIndex=3060, commits[a5e38e3e-c2ad-4348-acb9-3fc25cfb14dd:c3061, 11e48d46-e648-47f9-b6a0-9c7f26654c28:c3059, d1b6a90e-e817-40a7-bec1-608b5cc7d8b6:c3059]
2019-09-11 04:26:03,711 [grpc-default-executor-2] INFO  client.GrpcClientProtocolClient (GrpcClientProtocolClient.java:onNext(264)) - client-734BBEB428D7->a5e38e3e-c2ad-4348-acb9-3fc25cfb14dd: receive RaftClientReply:client-734BBEB428D7->a5e38e3e-c2ad-4348-acb9-3fc25cfb14dd@group-7000B19605CB, cid=2074, SUCCESS, logIndex=3061, commits[a5e38e3e-c2ad-4348-acb9-3fc25cfb14dd:c3061, 11e48d46-e648-47f9-b6a0-9c7f26654c28:c3059, d1b6a90e-e817-40a7-bec1-608b5cc7d8b6:c3059]
2019-09-11 04:26:03,724 [grpc-default-executor-2] INFO  client.GrpcClientProtocolClient (GrpcClientProtocolClient.java:onNext(264)) - client-734BBEB428D7->a5e38e3e-c2ad-4348-acb9-3fc25cfb14dd: receive RaftClientReply:client-734BBEB428D7->a5e38e3e-c2ad-4348-acb9-3fc25cfb14dd@group-7000B19605CB, cid=2075, SUCCESS, logIndex=3064, commits[a5e38e3e-c2ad-4348-acb9-3fc25cfb14dd:c3064, 11e48d46-e648-47f9-b6a0-9c7f26654c28:c3061, d1b6a90e-e817-40a7-bec1-608b5cc7d8b6:c3061]
2019-09-11 04:26:03,724 [grpc-default-executor-2] INFO  client.GrpcClientProtocolClient (GrpcClientProtocolClient.java:onNext(264)) - client-734BBEB428D7->a5e38e3e-c2ad-4348-acb9-3fc25cfb14dd: receive RaftClientReply:client-734BBEB428D7->a5e38e3e-c2ad-4348-acb9-3fc25cfb14dd@group-7000B19605CB, cid=2076, SUCCESS, logIndex=3065, commits[a5e38e3e-c2ad-4348-acb9-3fc25cfb14dd:c3065, 11e48d46-e648-47f9-b6a0-9c7f26654c28:c3061, d1b6a90e-e817-40a7-bec1-608b5cc7d8b6:c3061]
2019-09-11 04:26:03,737 [grpc-default-executor-2] INFO  client.GrpcClientProtocolClient (GrpcClientProtocolClient.java:onNext(264)) - client-734BBEB428D7->a5e38e3e-c2ad-4348-acb9-3fc25cfb14dd: receive RaftClientReply:client-734BBEB428D7->a5e38e3e-c2ad-4348-acb9-3fc25cfb14dd@group-7000B19605CB, cid=2077, SUCCESS, logIndex=0, commits[a5e38e3e-c2ad-4348-acb9-3fc25cfb14dd:c3067, 11e48d46-e648-47f9-b6a0-9c7f26654c28:c3065, d1b6a90e-e817-40a7-bec1-608b5cc7d8b6:c3065]
2019-09-11 04:26:03,766 [grpc-default-executor-1] INFO  client.GrpcClientProtocolClient (GrpcClientProtocolClient.java:onNext(264)) - client-734BBEB428D7->a5e38e3e-c2ad-4348-acb9-3fc25cfb14dd: receive RaftClientReply:client-734BBEB428D7->a5e38e3e-c2ad-4348-acb9-3fc25cfb14dd@group-7000B19605CB, cid=2078, SUCCESS, logIndex=3068, commits[a5e38e3e-c2ad-4348-acb9-3fc25cfb14dd:c3069, 11e48d46-e648-47f9-b6a0-9c7f26654c28:c3067, d1b6a90e-e817-40a7-bec1-608b5cc7d8b6:c3067]
2019-09-11 04:26:03,766 [grpc-default-executor-1] INFO  client.GrpcClientProtocolClient (GrpcClientProtocolClient.java:onNext(264)) - client-734BBEB428D7->a5e38e3e-c2ad-4348-acb9-3fc25cfb14dd: receive RaftClientReply:client-734BBEB428D7->a5e38e3e-c2ad-4348-acb9-3fc25cfb14dd@group-7000B19605CB, cid=2079, SUCCESS, logIndex=3069, commits[a5e38e3e-c2ad-4348-acb9-3fc25cfb14dd:c3069, 11e48d46-e648-47f9-b6a0-9c7f26654c28:c3067, d1b6a90e-e817-40a7-bec1-608b5cc7d8b6:c3067]
2019-09-11 04:26:03,767 [grpc-default-executor-3] INFO  client.GrpcClientProtocolClient (GrpcClientProtocolClient.java:onNext(264)) - client-734BBEB428D7->a5e38e3e-c2ad-4348-acb9-3fc25cfb14dd: receive RaftClientReply:client-734BBEB428D7->a5e38e3e-c2ad-4348-acb9-3fc25cfb14dd@group-7000B19605CB, cid=2080, SUCCESS, logIndex=3070, commits[a5e38e3e-c2ad-4348-acb9-3fc25cfb14dd:c3071, 11e48d46-e648-47f9-b6a0-9c7f26654c28:c3067, d1b6a90e-e817-40a7-bec1-608b5cc7d8b6:c3067]
2019-09-11 04:26:03,768 [grpc-default-executor-3] INFO  client.GrpcClientProtocolClient (GrpcClientProtocolClient.java:onNext(264)) - client-734BBEB428D7->a5e38e3e-c2ad-4348-acb9-3fc25cfb14dd: receive RaftClientReply:client-734BBEB428D7->a5e38e3e-c2ad-4348-acb9-3fc25cfb14dd@group-7000B19605CB, cid=2081, SUCCESS, logIndex=3071, commits[a5e38e3e-c2ad-4348-acb9-3fc25cfb14dd:c3071, 11e48d46-e648-47f9-b6a0-9c7f26654c28:c3067, d1b6a90e-e817-40a7-bec1-608b5cc7d8b6:c3067]
2019-09-11 04:26:03,769 [grpc-default-executor-3] INFO  client.GrpcClientProtocolClient (GrpcClientProtocolClient.java:onNext(264)) - client-734BBEB428D7->a5e38e3e-c2ad-4348-acb9-3fc25cfb14dd: receive RaftClientReply:client-734BBEB428D7->a5e38e3e-c2ad-4348-acb9-3fc25cfb14dd@group-7000B19605CB, cid=2082, SUCCESS, logIndex=0, commits[a5e38e3e-c2ad-4348-acb9-3fc25cfb14dd:c3073, 11e48d46-e648-47f9-b6a0-9c7f26654c28:c3069, d1b6a90e-e817-40a7-bec1-608b5cc7d8b6:c3069]
2019-09-11 04:26:03,789 [grpc-default-executor-4] INFO  client.GrpcClientProtocolClient (GrpcClientProtocolClient.java:onNext(264)) - client-734BBEB428D7->a5e38e3e-c2ad-4348-acb9-3fc25cfb14dd: receive RaftClientReply:client-734BBEB428D7->a5e38e3e-c2ad-4348-acb9-3fc25cfb14dd@group-7000B19605CB, cid=2083, SUCCESS, logIndex=3076, commits[a5e38e3e-c2ad-4348-acb9-3fc25cfb14dd:c3077, 11e48d46-e648-47f9-b6a0-9c7f26654c28:c3075, d1b6a90e-e817-40a7-bec1-608b5cc7d8b6:c3075]
2019-09-11 04:26:03,789 [grpc-default-executor-4] INFO  client.GrpcClientProtocolClient (GrpcClientProtocolClient.java:onNext(264)) - client-734BBEB428D7->a5e38e3e-c2ad-4348-acb9-3fc25cfb14dd: receive RaftClientReply:client-734BBEB428D7->a5e38e3e-c2ad-4348-acb9-3fc25cfb14dd@group-7000B19605CB, cid=2084, SUCCESS, logIndex=3077, commits[a5e38e3e-c2ad-4348-acb9-3fc25cfb14dd:c3077, 11e48d46-e648-47f9-b6a0-9c7f26654c28:c3075, d1b6a90e-e817-40a7-bec1-608b5cc7d8b6:c3075]
2019-09-11 04:26:03,800 [grpc-default-executor-3] INFO  client.GrpcClientProtocolClient (GrpcClientProtocolClient.java:onNext(264)) - client-734BBEB428D7->a5e38e3e-c2ad-4348-acb9-3fc25cfb14dd: receive RaftClientReply:client-734BBEB428D7->a5e38e3e-c2ad-4348-acb9-3fc25cfb14dd@group-7000B19605CB, cid=2085, SUCCESS, logIndex=3080, commits[a5e38e3e-c2ad-4348-acb9-3fc25cfb14dd:c3080, 11e48d46-e648-47f9-b6a0-9c7f26654c28:c3077, d1b6a90e-e817-40a7-bec1-608b5cc7d8b6:c3077]
2019-09-11 04:26:03,801 [grpc-default-executor-3] INFO  client.GrpcClientProtocolClient (GrpcClientProtocolClient.java:onNext(264)) - client-734BBEB428D7->a5e38e3e-c2ad-4348-acb9-3fc25cfb14dd: receive RaftClientReply:client-734BBEB428D7->a5e38e3e-c2ad-4348-acb9-3fc25cfb14dd@group-7000B19605CB, cid=2086, SUCCESS, logIndex=3081, commits[a5e38e3e-c2ad-4348-acb9-3fc25cfb14dd:c3081, 11e48d46-e648-47f9-b6a0-9c7f26654c28:c3077, d1b6a90e-e817-40a7-bec1-608b5cc7d8b6:c3077]
2019-09-11 04:26:03,823 [grpc-default-executor-3] INFO  client.GrpcClientProtocolClient (GrpcClientProtocolClient.java:onNext(264)) - client-734BBEB428D7->a5e38e3e-c2ad-4348-acb9-3fc25cfb14dd: receive RaftClientReply:client-734BBEB428D7->a5e38e3e-c2ad-4348-acb9-3fc25cfb14dd@group-7000B19605CB, cid=2087, SUCCESS, logIndex=0, commits[a5e38e3e-c2ad-4348-acb9-3fc25cfb14dd:c3083, 11e48d46-e648-47f9-b6a0-9c7f26654c28:c3081, d1b6a90e-e817-40a7-bec1-608b5cc7d8b6:c3081]
2019-09-11 04:26:03,854 [grpc-default-executor-3] INFO  client.GrpcClientProtocolClient (GrpcClientProtocolClient.java:onNext(264)) - client-734BBEB428D7->a5e38e3e-c2ad-4348-acb9-3fc25cfb14dd: receive RaftClientReply:client-734BBEB428D7->a5e38e3e-c2ad-4348-acb9-3fc25cfb14dd@group-7000B19605CB, cid=2088, SUCCESS, logIndex=3084, commits[a5e38e3e-c2ad-4348-acb9-3fc25cfb14dd:c3085, 11e48d46-e648-47f9-b6a0-9c7f26654c28:c3083, d1b6a90e-e817-40a7-bec1-608b5cc7d8b6:c3083]
2019-09-11 04:26:03,855 [grpc-default-executor-2] INFO  client.GrpcClientProtocolClient (GrpcClientProtocolClient.java:onNext(264)) - client-734BBEB428D7->a5e38e3e-c2ad-4348-acb9-3fc25cfb14dd: receive RaftClientReply:client-734BBEB428D7->a5e38e3e-c2ad-4348-acb9-3fc25cfb14dd@group-7000B19605CB, cid=2089, SUCCESS, logIndex=3085, commits[a5e38e3e-c2ad-4348-acb9-3fc25cfb14dd:c3085, 11e48d46-e648-47f9-b6a0-9c7f26654c28:c3083, d1b6a90e-e817-40a7-bec1-608b5cc7d8b6:c3083]
2019-09-11 04:26:03,855 [grpc-default-executor-2] INFO  client.GrpcClientProtocolClient (GrpcClientProtocolClient.java:onNext(264)) - client-734BBEB428D7->a5e38e3e-c2ad-4348-acb9-3fc25cfb14dd: receive RaftClientReply:client-734BBEB428D7->a5e38e3e-c2ad-4348-acb9-3fc25cfb14dd@group-7000B19605CB, cid=2090, SUCCESS, logIndex=3086, commits[a5e38e3e-c2ad-4348-acb9-3fc25cfb14dd:c3087, 11e48d46-e648-47f9-b6a0-9c7f26654c28:c3083, d1b6a90e-e817-40a7-bec1-608b5cc7d8b6:c3083]
2019-09-11 04:26:03,857 [grpc-default-executor-2] INFO  client.GrpcClientProtocolClient (GrpcClientProtocolClient.java:onNext(264)) - client-734BBEB428D7->a5e38e3e-c2ad-4348-acb9-3fc25cfb14dd: receive RaftClientReply:client-734BBEB428D7->a5e38e3e-c2ad-4348-acb9-3fc25cfb14dd@group-7000B19605CB, cid=2091, SUCCESS, logIndex=3087, commits[a5e38e3e-c2ad-4348-acb9-3fc25cfb14dd:c3087, 11e48d46-e648-47f9-b6a0-9c7f26654c28:c3083, d1b6a90e-e817-40a7-bec1-608b5cc7d8b6:c3083]
2019-09-11 04:26:03,857 [grpc-default-executor-2] INFO  client.GrpcClientProtocolClient (GrpcClientProtocolClient.java:onNext(264)) - client-734BBEB428D7->a5e38e3e-c2ad-4348-acb9-3fc25cfb14dd: receive RaftClientReply:client-734BBEB428D7->a5e38e3e-c2ad-4348-acb9-3fc25cfb14dd@group-7000B19605CB, cid=2092, SUCCESS, logIndex=0, commits[a5e38e3e-c2ad-4348-acb9-3fc25cfb14dd:c3089, 11e48d46-e648-47f9-b6a0-9c7f26654c28:c3087, d1b6a90e-e817-40a7-bec1-608b5cc7d8b6:c3085]
2019-09-11 04:26:03,879 [grpc-default-executor-1] INFO  client.GrpcClientProtocolClient (GrpcClientProtocolClient.java:onNext(264)) - client-734BBEB428D7->a5e38e3e-c2ad-4348-acb9-3fc25cfb14dd: receive RaftClientReply:client-734BBEB428D7->a5e38e3e-c2ad-4348-acb9-3fc25cfb14dd@group-7000B19605CB, cid=2093, SUCCESS, logIndex=3092, commits[a5e38e3e-c2ad-4348-acb9-3fc25cfb14dd:c3093, 11e48d46-e648-47f9-b6a0-9c7f26654c28:c3091, d1b6a90e-e817-40a7-bec1-608b5cc7d8b6:c3091]
2019-09-11 04:26:03,879 [grpc-default-executor-1] INFO  client.GrpcClientProtocolClient (GrpcClientProtocolClient.java:onNext(264)) - client-734BBEB428D7->a5e38e3e-c2ad-4348-acb9-3fc25cfb14dd: receive RaftClientReply:client-734BBEB428D7->a5e38e3e-c2ad-4348-acb9-3fc25cfb14dd@group-7000B19605CB, cid=2094, SUCCESS, logIndex=3093, commits[a5e38e3e-c2ad-4348-acb9-3fc25cfb14dd:c3093, 11e48d46-e648-47f9-b6a0-9c7f26654c28:c3091, d1b6a90e-e817-40a7-bec1-608b5cc7d8b6:c3091]
2019-09-11 04:26:03,892 [grpc-default-executor-1] INFO  client.GrpcClientProtocolClient (GrpcClientProtocolClient.java:onNext(264)) - client-734BBEB428D7->a5e38e3e-c2ad-4348-acb9-3fc25cfb14dd: receive RaftClientReply:client-734BBEB428D7->a5e38e3e-c2ad-4348-acb9-3fc25cfb14dd@group-7000B19605CB, cid=2095, SUCCESS, logIndex=3096, commits[a5e38e3e-c2ad-4348-acb9-3fc25cfb14dd:c3097, 11e48d46-e648-47f9-b6a0-9c7f26654c28:c3093, d1b6a90e-e817-40a7-bec1-608b5cc7d8b6:c3093]
2019-09-11 04:26:03,892 [grpc-default-executor-1] INFO  client.GrpcClientProtocolClient (GrpcClientProtocolClient.java:onNext(264)) - client-734BBEB428D7->a5e38e3e-c2ad-4348-acb9-3fc25cfb14dd: receive RaftClientReply:client-734BBEB428D7->a5e38e3e-c2ad-4348-acb9-3fc25cfb14dd@group-7000B19605CB, cid=2096, SUCCESS, logIndex=3097, commits[a5e38e3e-c2ad-4348-acb9-3fc25cfb14dd:c3097, 11e48d46-e648-47f9-b6a0-9c7f26654c28:c3093, d1b6a90e-e817-40a7-bec1-608b5cc7d8b6:c3093]
2019-09-11 04:26:03,893 [grpc-default-executor-2] INFO  client.GrpcClientProtocolClient (GrpcClientProtocolClient.java:onNext(264)) - client-734BBEB428D7->a5e38e3e-c2ad-4348-acb9-3fc25cfb14dd: receive RaftClientReply:client-734BBEB428D7->a5e38e3e-c2ad-4348-acb9-3fc25cfb14dd@group-7000B19605CB, cid=2097, SUCCESS, logIndex=0, commits[a5e38e3e-c2ad-4348-acb9-3fc25cfb14dd:c3098, 11e48d46-e648-47f9-b6a0-9c7f26654c28:c3097, d1b6a90e-e817-40a7-bec1-608b5cc7d8b6:c3097]
2019-09-11 04:26:04,030 [grpc-default-executor-3] INFO  client.GrpcClientProtocolClient (GrpcClientProtocolClient.java:onNext(264)) - client-734BBEB428D7->a5e38e3e-c2ad-4348-acb9-3fc25cfb14dd: receive RaftClientReply:client-734BBEB428D7->a5e38e3e-c2ad-4348-acb9-3fc25cfb14dd@group-7000B19605CB, cid=2098, SUCCESS, logIndex=3100, commits[a5e38e3e-c2ad-4348-acb9-3fc25cfb14dd:c3101, 11e48d46-e648-47f9-b6a0-9c7f26654c28:c3099, d1b6a90e-e817-40a7-bec1-608b5cc7d8b6:c3099]
2019-09-11 04:26:04,031 [grpc-default-executor-3] INFO  client.GrpcClientProtocolClient (GrpcClientProtocolClient.java:onNext(264)) - client-734BBEB428D7->a5e38e3e-c2ad-4348-acb9-3fc25cfb14dd: receive RaftClientReply:client-734BBEB428D7->a5e38e3e-c2ad-4348-acb9-3fc25cfb14dd@group-7000B19605CB, cid=2099, SUCCESS, logIndex=3101, commits[a5e38e3e-c2ad-4348-acb9-3fc25cfb14dd:c3101, 11e48d46-e648-47f9-b6a0-9c7f26654c28:c3099, d1b6a90e-e817-40a7-bec1-608b5cc7d8b6:c3099]
2019-09-11 04:26:04,042 [grpc-default-executor-1] INFO  client.GrpcClientProtocolClient (GrpcClientProtocolClient.java:onNext(264)) - client-734BBEB428D7->a5e38e3e-c2ad-4348-acb9-3fc25cfb14dd: receive RaftClientReply:client-734BBEB428D7->a5e38e3e-c2ad-4348-acb9-3fc25cfb14dd@group-7000B19605CB, cid=2100, SUCCESS, logIndex=3102, commits[a5e38e3e-c2ad-4348-acb9-3fc25cfb14dd:c3102, 11e48d46-e648-47f9-b6a0-9c7f26654c28:c3099, d1b6a90e-e817-40a7-bec1-608b5cc7d8b6:c3099]
2019-09-11 04:26:04,042 [grpc-default-executor-1] INFO  client.GrpcClientProtocolClient (GrpcClientProtocolClient.java:onNext(264)) - client-734BBEB428D7->a5e38e3e-c2ad-4348-acb9-3fc25cfb14dd: receive RaftClientReply:client-734BBEB428D7->a5e38e3e-c2ad-4348-acb9-3fc25cfb14dd@group-7000B19605CB, cid=2101, SUCCESS, logIndex=3103, commits[a5e38e3e-c2ad-4348-acb9-3fc25cfb14dd:c3105, 11e48d46-e648-47f9-b6a0-9c7f26654c28:c3101, d1b6a90e-e817-40a7-bec1-608b5cc7d8b6:c3099]
2019-09-11 04:26:04,043 [grpc-default-executor-1] INFO  client.GrpcClientProtocolClient (GrpcClientProtocolClient.java:onNext(264)) - client-734BBEB428D7->a5e38e3e-c2ad-4348-acb9-3fc25cfb14dd: receive RaftClientReply:client-734BBEB428D7->a5e38e3e-c2ad-4348-acb9-3fc25cfb14dd@group-7000B19605CB, cid=2102, SUCCESS, logIndex=0, commits[a5e38e3e-c2ad-4348-acb9-3fc25cfb14dd:c3106, 11e48d46-e648-47f9-b6a0-9c7f26654c28:c3102, d1b6a90e-e817-40a7-bec1-608b5cc7d8b6:c3102]
2019-09-11 04:26:04,063 [grpc-default-executor-3] INFO  client.GrpcClientProtocolClient (GrpcClientProtocolClient.java:onNext(264)) - client-734BBEB428D7->a5e38e3e-c2ad-4348-acb9-3fc25cfb14dd: receive RaftClientReply:client-734BBEB428D7->a5e38e3e-c2ad-4348-acb9-3fc25cfb14dd@group-7000B19605CB, cid=2103, SUCCESS, logIndex=3108, commits[a5e38e3e-c2ad-4348-acb9-3fc25cfb14dd:c3109, 11e48d46-e648-47f9-b6a0-9c7f26654c28:c3107, d1b6a90e-e817-40a7-bec1-608b5cc7d8b6:c3107]
2019-09-11 04:26:04,063 [grpc-default-executor-3] INFO  client.GrpcClientProtocolClient (GrpcClientProtocolClient.java:onNext(264)) - client-734BBEB428D7->a5e38e3e-c2ad-4348-acb9-3fc25cfb14dd: receive RaftClientReply:client-734BBEB428D7->a5e38e3e-c2ad-4348-acb9-3fc25cfb14dd@group-7000B19605CB, cid=2104, SUCCESS, logIndex=3109, commits[a5e38e3e-c2ad-4348-acb9-3fc25cfb14dd:c3109, 11e48d46-e648-47f9-b6a0-9c7f26654c28:c3107, d1b6a90e-e817-40a7-bec1-608b5cc7d8b6:c3107]
2019-09-11 04:26:04,076 [grpc-default-executor-3] INFO  client.GrpcClientProtocolClient (GrpcClientProtocolClient.java:onNext(264)) - client-734BBEB428D7->a5e38e3e-c2ad-4348-acb9-3fc25cfb14dd: receive RaftClientReply:client-734BBEB428D7->a5e38e3e-c2ad-4348-acb9-3fc25cfb14dd@group-7000B19605CB, cid=2105, SUCCESS, logIndex=3112, commits[a5e38e3e-c2ad-4348-acb9-3fc25cfb14dd:c3113, 11e48d46-e648-47f9-b6a0-9c7f26654c28:c3109, d1b6a90e-e817-40a7-bec1-608b5cc7d8b6:c3109]
2019-09-11 04:26:04,076 [grpc-default-executor-3] INFO  client.GrpcClientProtocolClient (GrpcClientProtocolClient.java:onNext(264)) - client-734BBEB428D7->a5e38e3e-c2ad-4348-acb9-3fc25cfb14dd: receive RaftClientReply:client-734BBEB428D7->a5e38e3e-c2ad-4348-acb9-3fc25cfb14dd@group-7000B19605CB, cid=2106, SUCCESS, logIndex=3113, commits[a5e38e3e-c2ad-4348-acb9-3fc25cfb14dd:c3113, 11e48d46-e648-47f9-b6a0-9c7f26654c28:c3109, d1b6a90e-e817-40a7-bec1-608b5cc7d8b6:c3109]
2019-09-11 04:26:04,098 [grpc-default-executor-3] INFO  client.GrpcClientProtocolClient (GrpcClientProtocolClient.java:onNext(264)) - client-734BBEB428D7->a5e38e3e-c2ad-4348-acb9-3fc25cfb14dd: receive RaftClientReply:client-734BBEB428D7->a5e38e3e-c2ad-4348-acb9-3fc25cfb14dd@group-7000B19605CB, cid=2107, SUCCESS, logIndex=0, commits[a5e38e3e-c2ad-4348-acb9-3fc25cfb14dd:c3115, 11e48d46-e648-47f9-b6a0-9c7f26654c28:c3113, d1b6a90e-e817-40a7-bec1-608b5cc7d8b6:c3113]
2019-09-11 04:26:04,127 [grpc-default-executor-4] INFO  client.GrpcClientProtocolClient (GrpcClientProtocolClient.java:onNext(264)) - client-734BBEB428D7->a5e38e3e-c2ad-4348-acb9-3fc25cfb14dd: receive RaftClientReply:client-734BBEB428D7->a5e38e3e-c2ad-4348-acb9-3fc25cfb14dd@group-7000B19605CB, cid=2108, SUCCESS, logIndex=3116, commits[a5e38e3e-c2ad-4348-acb9-3fc25cfb14dd:c3117, 11e48d46-e648-47f9-b6a0-9c7f26654c28:c3115, d1b6a90e-e817-40a7-bec1-608b5cc7d8b6:c3115]
2019-09-11 04:26:04,127 [grpc-default-executor-4] INFO  client.GrpcClientProtocolClient (GrpcClientProtocolClient.java:onNext(264)) - client-734BBEB428D7->a5e38e3e-c2ad-4348-acb9-3fc25cfb14dd: receive RaftClientReply:client-734BBEB428D7->a5e38e3e-c2ad-4348-acb9-3fc25cfb14dd@group-7000B19605CB, cid=2109, SUCCESS, logIndex=3117, commits[a5e38e3e-c2ad-4348-acb9-3fc25cfb14dd:c3119, 11e48d46-e648-47f9-b6a0-9c7f26654c28:c3115, d1b6a90e-e817-40a7-bec1-608b5cc7d8b6:c3115]
2019-09-11 04:26:04,127 [grpc-default-executor-4] INFO  client.GrpcClientProtocolClient (GrpcClientProtocolClient.java:onNext(264)) - client-734BBEB428D7->a5e38e3e-c2ad-4348-acb9-3fc25cfb14dd: receive RaftClientReply:client-734BBEB428D7->a5e38e3e-c2ad-4348-acb9-3fc25cfb14dd@group-7000B19605CB, cid=2110, SUCCESS, logIndex=3118, commits[a5e38e3e-c2ad-4348-acb9-3fc25cfb14dd:c3119, 11e48d46-e648-47f9-b6a0-9c7f26654c28:c3115, d1b6a90e-e817-40a7-bec1-608b5cc7d8b6:c3115]
2019-09-11 04:26:04,128 [grpc-default-executor-4] INFO  client.GrpcClientProtocolClient (GrpcClientProtocolClient.java:onNext(264)) - client-734BBEB428D7->a5e38e3e-c2ad-4348-acb9-3fc25cfb14dd: receive RaftClientReply:client-734BBEB428D7->a5e38e3e-c2ad-4348-acb9-3fc25cfb14dd@group-7000B19605CB, cid=2111, SUCCESS, logIndex=3119, commits[a5e38e3e-c2ad-4348-acb9-3fc25cfb14dd:c3119, 11e48d46-e648-47f9-b6a0-9c7f26654c28:c3115, d1b6a90e-e817-40a7-bec1-608b5cc7d8b6:c3115]
2019-09-11 04:26:04,129 [grpc-default-executor-4] INFO  client.GrpcClientProtocolClient (GrpcClientProtocolClient.java:onNext(264)) - client-734BBEB428D7->a5e38e3e-c2ad-4348-acb9-3fc25cfb14dd: receive RaftClientReply:client-734BBEB428D7->a5e38e3e-c2ad-4348-acb9-3fc25cfb14dd@group-7000B19605CB, cid=2112, SUCCESS, logIndex=0, commits[a5e38e3e-c2ad-4348-acb9-3fc25cfb14dd:c3121, 11e48d46-e648-47f9-b6a0-9c7f26654c28:c3117, d1b6a90e-e817-40a7-bec1-608b5cc7d8b6:c3117]
2019-09-11 04:26:04,148 [grpc-default-executor-3] INFO  client.GrpcClientProtocolClient (GrpcClientProtocolClient.java:onNext(264)) - client-734BBEB428D7->a5e38e3e-c2ad-4348-acb9-3fc25cfb14dd: receive RaftClientReply:client-734BBEB428D7->a5e38e3e-c2ad-4348-acb9-3fc25cfb14dd@group-7000B19605CB, cid=2113, SUCCESS, logIndex=3124, commits[a5e38e3e-c2ad-4348-acb9-3fc25cfb14dd:c3125, 11e48d46-e648-47f9-b6a0-9c7f26654c28:c3123, d1b6a90e-e817-40a7-bec1-608b5cc7d8b6:c3123]
2019-09-11 04:26:04,148 [grpc-default-executor-3] INFO  client.GrpcClientProtocolClient (GrpcClientProtocolClient.java:onNext(264)) - client-734BBEB428D7->a5e38e3e-c2ad-4348-acb9-3fc25cfb14dd: receive RaftClientReply:client-734BBEB428D7->a5e38e3e-c2ad-4348-acb9-3fc25cfb14dd@group-7000B19605CB, cid=2114, SUCCESS, logIndex=3125, commits[a5e38e3e-c2ad-4348-acb9-3fc25cfb14dd:c3125, 11e48d46-e648-47f9-b6a0-9c7f26654c28:c3123, d1b6a90e-e817-40a7-bec1-608b5cc7d8b6:c3123]
2019-09-11 04:26:04,160 [grpc-default-executor-1] INFO  client.GrpcClientProtocolClient (GrpcClientProtocolClient.java:onNext(264)) - client-734BBEB428D7->a5e38e3e-c2ad-4348-acb9-3fc25cfb14dd: receive RaftClientReply:client-734BBEB428D7->a5e38e3e-c2ad-4348-acb9-3fc25cfb14dd@group-7000B19605CB, cid=2115, SUCCESS, logIndex=3128, commits[a5e38e3e-c2ad-4348-acb9-3fc25cfb14dd:c3128, 11e48d46-e648-47f9-b6a0-9c7f26654c28:c3125, d1b6a90e-e817-40a7-bec1-608b5cc7d8b6:c3125]
2019-09-11 04:26:04,161 [grpc-default-executor-1] INFO  client.GrpcClientProtocolClient (GrpcClientProtocolClient.java:onNext(264)) - client-734BBEB428D7->a5e38e3e-c2ad-4348-acb9-3fc25cfb14dd: receive RaftClientReply:client-734BBEB428D7->a5e38e3e-c2ad-4348-acb9-3fc25cfb14dd@group-7000B19605CB, cid=2116, SUCCESS, logIndex=3129, commits[a5e38e3e-c2ad-4348-acb9-3fc25cfb14dd:c3129, 11e48d46-e648-47f9-b6a0-9c7f26654c28:c3125, d1b6a90e-e817-40a7-bec1-608b5cc7d8b6:c3125]
 0.00% |█                                                                                                    |  0/1 Time: 0:00:152019-09-11 04:26:04,173 [grpc-default-executor-1] INFO  client.GrpcClientProtocolClient (GrpcClientProtocolClient.java:onNext(264)) - client-734BBEB428D7->a5e38e3e-c2ad-4348-acb9-3fc25cfb14dd: receive RaftClientReply:client-734BBEB428D7->a5e38e3e-c2ad-4348-acb9-3fc25cfb14dd@group-7000B19605CB, cid=2117, SUCCESS, logIndex=0, commits[a5e38e3e-c2ad-4348-acb9-3fc25cfb14dd:c3131, 11e48d46-e648-47f9-b6a0-9c7f26654c28:c3129, d1b6a90e-e817-40a7-bec1-608b5cc7d8b6:c3129]
2019-09-11 04:26:04,198 [grpc-default-executor-4] INFO  client.GrpcClientProtocolClient (GrpcClientProtocolClient.java:onNext(264)) - client-734BBEB428D7->a5e38e3e-c2ad-4348-acb9-3fc25cfb14dd: receive RaftClientReply:client-734BBEB428D7->a5e38e3e-c2ad-4348-acb9-3fc25cfb14dd@group-7000B19605CB, cid=2118, SUCCESS, logIndex=3132, commits[a5e38e3e-c2ad-4348-acb9-3fc25cfb14dd:c3135, 11e48d46-e648-47f9-b6a0-9c7f26654c28:c3131, d1b6a90e-e817-40a7-bec1-608b5cc7d8b6:c3131]
2019-09-11 04:26:04,199 [grpc-default-executor-4] INFO  client.GrpcClientProtocolClient (GrpcClientProtocolClient.java:onNext(264)) - client-734BBEB428D7->a5e38e3e-c2ad-4348-acb9-3fc25cfb14dd: receive RaftClientReply:client-734BBEB428D7->a5e38e3e-c2ad-4348-acb9-3fc25cfb14dd@group-7000B19605CB, cid=2119, SUCCESS, logIndex=3133, commits[a5e38e3e-c2ad-4348-acb9-3fc25cfb14dd:c3135, 11e48d46-e648-47f9-b6a0-9c7f26654c28:c3131, d1b6a90e-e817-40a7-bec1-608b5cc7d8b6:c3131]
2019-09-11 04:26:04,199 [grpc-default-executor-4] INFO  client.GrpcClientProtocolClient (GrpcClientProtocolClient.java:onNext(264)) - client-734BBEB428D7->a5e38e3e-c2ad-4348-acb9-3fc25cfb14dd: receive RaftClientReply:client-734BBEB428D7->a5e38e3e-c2ad-4348-acb9-3fc25cfb14dd@group-7000B19605CB, cid=2120, SUCCESS, logIndex=3134, commits[a5e38e3e-c2ad-4348-acb9-3fc25cfb14dd:c3135, 11e48d46-e648-47f9-b6a0-9c7f26654c28:c3131, d1b6a90e-e817-40a7-bec1-608b5cc7d8b6:c3131]
2019-09-11 04:26:04,199 [grpc-default-executor-4] INFO  client.GrpcClientProtocolClient (GrpcClientProtocolClient.java:onNext(264)) - client-734BBEB428D7->a5e38e3e-c2ad-4348-acb9-3fc25cfb14dd: receive RaftClientReply:client-734BBEB428D7->a5e38e3e-c2ad-4348-acb9-3fc25cfb14dd@group-7000B19605CB, cid=2121, SUCCESS, logIndex=3135, commits[a5e38e3e-c2ad-4348-acb9-3fc25cfb14dd:c3136, 11e48d46-e648-47f9-b6a0-9c7f26654c28:c3132, d1b6a90e-e817-40a7-bec1-608b5cc7d8b6:c3131]
2019-09-11 04:26:04,200 [grpc-default-executor-4] INFO  client.GrpcClientProtocolClient (GrpcClientProtocolClient.java:onNext(264)) - client-734BBEB428D7->a5e38e3e-c2ad-4348-acb9-3fc25cfb14dd: receive RaftClientReply:client-734BBEB428D7->a5e38e3e-c2ad-4348-acb9-3fc25cfb14dd@group-7000B19605CB, cid=2122, SUCCESS, logIndex=0, commits[a5e38e3e-c2ad-4348-acb9-3fc25cfb14dd:c3139, 11e48d46-e648-47f9-b6a0-9c7f26654c28:c3134, d1b6a90e-e817-40a7-bec1-608b5cc7d8b6:c3135]
2019-09-11 04:26:04,218 [grpc-default-executor-1] INFO  client.GrpcClientProtocolClient (GrpcClientProtocolClient.java:onNext(264)) - client-734BBEB428D7->a5e38e3e-c2ad-4348-acb9-3fc25cfb14dd: receive RaftClientReply:client-734BBEB428D7->a5e38e3e-c2ad-4348-acb9-3fc25cfb14dd@group-7000B19605CB, cid=2123, SUCCESS, logIndex=3140, commits[a5e38e3e-c2ad-4348-acb9-3fc25cfb14dd:c3141, 11e48d46-e648-47f9-b6a0-9c7f26654c28:c3139, d1b6a90e-e817-40a7-bec1-608b5cc7d8b6:c3139]
2019-09-11 04:26:04,219 [grpc-default-executor-1] INFO  client.GrpcClientProtocolClient (GrpcClientProtocolClient.java:onNext(264)) - client-734BBEB428D7->a5e38e3e-c2ad-4348-acb9-3fc25cfb14dd: receive RaftClientReply:client-734BBEB428D7->a5e38e3e-c2ad-4348-acb9-3fc25cfb14dd@group-7000B19605CB, cid=2124, SUCCESS, logIndex=3141, commits[a5e38e3e-c2ad-4348-acb9-3fc25cfb14dd:c3141, 11e48d46-e648-47f9-b6a0-9c7f26654c28:c3139, d1b6a90e-e817-40a7-bec1-608b5cc7d8b6:c3139]
2019-09-11 04:26:04,231 [grpc-default-executor-3] INFO  client.GrpcClientProtocolClient (GrpcClientProtocolClient.java:onNext(264)) - client-734BBEB428D7->a5e38e3e-c2ad-4348-acb9-3fc25cfb14dd: receive RaftClientReply:client-734BBEB428D7->a5e38e3e-c2ad-4348-acb9-3fc25cfb14dd@group-7000B19605CB, cid=2125, SUCCESS, logIndex=3144, commits[a5e38e3e-c2ad-4348-acb9-3fc25cfb14dd:c3145, 11e48d46-e648-47f9-b6a0-9c7f26654c28:c3141, d1b6a90e-e817-40a7-bec1-608b5cc7d8b6:c3141]
2019-09-11 04:26:04,232 [grpc-default-executor-3] INFO  client.GrpcClientProtocolClient (GrpcClientProtocolClient.java:onNext(264)) - client-734BBEB428D7->a5e38e3e-c2ad-4348-acb9-3fc25cfb14dd: receive RaftClientReply:client-734BBEB428D7->a5e38e3e-c2ad-4348-acb9-3fc25cfb14dd@group-7000B19605CB, cid=2126, SUCCESS, logIndex=3145, commits[a5e38e3e-c2ad-4348-acb9-3fc25cfb14dd:c3145, 11e48d46-e648-47f9-b6a0-9c7f26654c28:c3141, d1b6a90e-e817-40a7-bec1-608b5cc7d8b6:c3141]
2019-09-11 04:26:04,243 [grpc-default-executor-3] INFO  client.GrpcClientProtocolClient (GrpcClientProtocolClient.java:onNext(264)) - client-734BBEB428D7->a5e38e3e-c2ad-4348-acb9-3fc25cfb14dd: receive RaftClientReply:client-734BBEB428D7->a5e38e3e-c2ad-4348-acb9-3fc25cfb14dd@group-7000B19605CB, cid=2127, SUCCESS, logIndex=0, commits[a5e38e3e-c2ad-4348-acb9-3fc25cfb14dd:c3146, 11e48d46-e648-47f9-b6a0-9c7f26654c28:c3145, d1b6a90e-e817-40a7-bec1-608b5cc7d8b6:c3145]
2019-09-11 04:26:04,270 [grpc-default-executor-4] INFO  client.GrpcClientProtocolClient (GrpcClientProtocolClient.java:onNext(264)) - client-734BBEB428D7->a5e38e3e-c2ad-4348-acb9-3fc25cfb14dd: receive RaftClientReply:client-734BBEB428D7->a5e38e3e-c2ad-4348-acb9-3fc25cfb14dd@group-7000B19605CB, cid=2128, SUCCESS, logIndex=3148, commits[a5e38e3e-c2ad-4348-acb9-3fc25cfb14dd:c3149, 11e48d46-e648-47f9-b6a0-9c7f26654c28:c3147, d1b6a90e-e817-40a7-bec1-608b5cc7d8b6:c3147]
2019-09-11 04:26:04,271 [grpc-default-executor-4] INFO  client.GrpcClientProtocolClient (GrpcClientProtocolClient.java:onNext(264)) - client-734BBEB428D7->a5e38e3e-c2ad-4348-acb9-3fc25cfb14dd: receive RaftClientReply:client-734BBEB428D7->a5e38e3e-c2ad-4348-acb9-3fc25cfb14dd@group-7000B19605CB, cid=2129, SUCCESS, logIndex=3149, commits[a5e38e3e-c2ad-4348-acb9-3fc25cfb14dd:c3151, 11e48d46-e648-47f9-b6a0-9c7f26654c28:c3147, d1b6a90e-e817-40a7-bec1-608b5cc7d8b6:c3147]
2019-09-11 04:26:04,271 [grpc-default-executor-4] INFO  client.GrpcClientProtocolClient (GrpcClientProtocolClient.java:onNext(264)) - client-734BBEB428D7->a5e38e3e-c2ad-4348-acb9-3fc25cfb14dd: receive RaftClientReply:client-734BBEB428D7->a5e38e3e-c2ad-4348-acb9-3fc25cfb14dd@group-7000B19605CB, cid=2130, SUCCESS, logIndex=3150, commits[a5e38e3e-c2ad-4348-acb9-3fc25cfb14dd:c3151, 11e48d46-e648-47f9-b6a0-9c7f26654c28:c3147, d1b6a90e-e817-40a7-bec1-608b5cc7d8b6:c3147]
2019-09-11 04:26:04,271 [grpc-default-executor-4] INFO  client.GrpcClientProtocolClient (GrpcClientProtocolClient.java:onNext(264)) - client-734BBEB428D7->a5e38e3e-c2ad-4348-acb9-3fc25cfb14dd: receive RaftClientReply:client-734BBEB428D7->a5e38e3e-c2ad-4348-acb9-3fc25cfb14dd@group-7000B19605CB, cid=2131, SUCCESS, logIndex=3151, commits[a5e38e3e-c2ad-4348-acb9-3fc25cfb14dd:c3151, 11e48d46-e648-47f9-b6a0-9c7f26654c28:c3147, d1b6a90e-e817-40a7-bec1-608b5cc7d8b6:c3147]
2019-09-11 04:26:04,273 [grpc-default-executor-1] INFO  client.GrpcClientProtocolClient (GrpcClientProtocolClient.java:onNext(264)) - client-734BBEB428D7->a5e38e3e-c2ad-4348-acb9-3fc25cfb14dd: receive RaftClientReply:client-734BBEB428D7->a5e38e3e-c2ad-4348-acb9-3fc25cfb14dd@group-7000B19605CB, cid=2132, SUCCESS, logIndex=0, commits[a5e38e3e-c2ad-4348-acb9-3fc25cfb14dd:c3153, 11e48d46-e648-47f9-b6a0-9c7f26654c28:c3149, d1b6a90e-e817-40a7-bec1-608b5cc7d8b6:c3149]
2019-09-11 04:26:04,292 [grpc-default-executor-3] INFO  client.GrpcClientProtocolClient (GrpcClientProtocolClient.java:onNext(264)) - client-734BBEB428D7->a5e38e3e-c2ad-4348-acb9-3fc25cfb14dd: receive RaftClientReply:client-734BBEB428D7->a5e38e3e-c2ad-4348-acb9-3fc25cfb14dd@group-7000B19605CB, cid=2133, SUCCESS, logIndex=3156, commits[a5e38e3e-c2ad-4348-acb9-3fc25cfb14dd:c3157, 11e48d46-e648-47f9-b6a0-9c7f26654c28:c3155, d1b6a90e-e817-40a7-bec1-608b5cc7d8b6:c3155]
2019-09-11 04:26:04,292 [grpc-default-executor-3] INFO  client.GrpcClientProtocolClient (GrpcClientProtocolClient.java:onNext(264)) - client-734BBEB428D7->a5e38e3e-c2ad-4348-acb9-3fc25cfb14dd: receive RaftClientReply:client-734BBEB428D7->a5e38e3e-c2ad-4348-acb9-3fc25cfb14dd@group-7000B19605CB, cid=2134, SUCCESS, logIndex=3157, commits[a5e38e3e-c2ad-4348-acb9-3fc25cfb14dd:c3157, 11e48d46-e648-47f9-b6a0-9c7f26654c28:c3155, d1b6a90e-e817-40a7-bec1-608b5cc7d8b6:c3155]
2019-09-11 04:26:04,319 [grpc-default-executor-4] INFO  client.GrpcClientProtocolClient (GrpcClientProtocolClient.java:onNext(264)) - client-734BBEB428D7->a5e38e3e-c2ad-4348-acb9-3fc25cfb14dd: receive RaftClientReply:client-734BBEB428D7->a5e38e3e-c2ad-4348-acb9-3fc25cfb14dd@group-7000B19605CB, cid=2135, SUCCESS, logIndex=3160, commits[a5e38e3e-c2ad-4348-acb9-3fc25cfb14dd:c3161, 11e48d46-e648-47f9-b6a0-9c7f26654c28:c3157, d1b6a90e-e817-40a7-bec1-608b5cc7d8b6:c3157]
2019-09-11 04:26:04,319 [grpc-default-executor-4] INFO  client.GrpcClientProtocolClient (GrpcClientProtocolClient.java:onNext(264)) - client-734BBEB428D7->a5e38e3e-c2ad-4348-acb9-3fc25cfb14dd: receive RaftClientReply:client-734BBEB428D7->a5e38e3e-c2ad-4348-acb9-3fc25cfb14dd@group-7000B19605CB, cid=2136, SUCCESS, logIndex=3161, commits[a5e38e3e-c2ad-4348-acb9-3fc25cfb14dd:c3161, 11e48d46-e648-47f9-b6a0-9c7f26654c28:c3157, d1b6a90e-e817-40a7-bec1-608b5cc7d8b6:c3157]
2019-09-11 04:26:04,355 [grpc-default-executor-4] INFO  client.GrpcClientProtocolClient (GrpcClientProtocolClient.java:onNext(264)) - client-734BBEB428D7->a5e38e3e-c2ad-4348-acb9-3fc25cfb14dd: receive RaftClientReply:client-734BBEB428D7->a5e38e3e-c2ad-4348-acb9-3fc25cfb14dd@group-7000B19605CB, cid=2137, SUCCESS, logIndex=0, commits[a5e38e3e-c2ad-4348-acb9-3fc25cfb14dd:c3163, 11e48d46-e648-47f9-b6a0-9c7f26654c28:c3161, d1b6a90e-e817-40a7-bec1-608b5cc7d8b6:c3161]
2019-09-11 04:26:04,382 [grpc-default-executor-4] INFO  client.GrpcClientProtocolClient (GrpcClientProtocolClient.java:onNext(264)) - client-734BBEB428D7->a5e38e3e-c2ad-4348-acb9-3fc25cfb14dd: receive RaftClientReply:client-734BBEB428D7->a5e38e3e-c2ad-4348-acb9-3fc25cfb14dd@group-7000B19605CB, cid=2138, SUCCESS, logIndex=3164, commits[a5e38e3e-c2ad-4348-acb9-3fc25cfb14dd:c3165, 11e48d46-e648-47f9-b6a0-9c7f26654c28:c3161, d1b6a90e-e817-40a7-bec1-608b5cc7d8b6:c3163]
2019-09-11 04:26:04,383 [grpc-default-executor-3] INFO  client.GrpcClientProtocolClient (GrpcClientProtocolClient.java:onNext(264)) - client-734BBEB428D7->a5e38e3e-c2ad-4348-acb9-3fc25cfb14dd: receive RaftClientReply:client-734BBEB428D7->a5e38e3e-c2ad-4348-acb9-3fc25cfb14dd@group-7000B19605CB, cid=2139, SUCCESS, logIndex=3165, commits[a5e38e3e-c2ad-4348-acb9-3fc25cfb14dd:c3165, 11e48d46-e648-47f9-b6a0-9c7f26654c28:c3163, d1b6a90e-e817-40a7-bec1-608b5cc7d8b6:c3163]
2019-09-11 04:26:04,383 [grpc-default-executor-3] INFO  client.GrpcClientProtocolClient (GrpcClientProtocolClient.java:onNext(264)) - client-734BBEB428D7->a5e38e3e-c2ad-4348-acb9-3fc25cfb14dd: receive RaftClientReply:client-734BBEB428D7->a5e38e3e-c2ad-4348-acb9-3fc25cfb14dd@group-7000B19605CB, cid=2140, SUCCESS, logIndex=3166, commits[a5e38e3e-c2ad-4348-acb9-3fc25cfb14dd:c3167, 11e48d46-e648-47f9-b6a0-9c7f26654c28:c3163, d1b6a90e-e817-40a7-bec1-608b5cc7d8b6:c3163]
2019-09-11 04:26:04,384 [grpc-default-executor-3] INFO  client.GrpcClientProtocolClient (GrpcClientProtocolClient.java:onNext(264)) - client-734BBEB428D7->a5e38e3e-c2ad-4348-acb9-3fc25cfb14dd: receive RaftClientReply:client-734BBEB428D7->a5e38e3e-c2ad-4348-acb9-3fc25cfb14dd@group-7000B19605CB, cid=2141, SUCCESS, logIndex=3167, commits[a5e38e3e-c2ad-4348-acb9-3fc25cfb14dd:c3167, 11e48d46-e648-47f9-b6a0-9c7f26654c28:c3163, d1b6a90e-e817-40a7-bec1-608b5cc7d8b6:c3163]
2019-09-11 04:26:04,384 [grpc-default-executor-3] INFO  client.GrpcClientProtocolClient (GrpcClientProtocolClient.java:onNext(264)) - client-734BBEB428D7->a5e38e3e-c2ad-4348-acb9-3fc25cfb14dd: receive RaftClientReply:client-734BBEB428D7->a5e38e3e-c2ad-4348-acb9-3fc25cfb14dd@group-7000B19605CB, cid=2142, SUCCESS, logIndex=0, commits[a5e38e3e-c2ad-4348-acb9-3fc25cfb14dd:c3168, 11e48d46-e648-47f9-b6a0-9c7f26654c28:c3165, d1b6a90e-e817-40a7-bec1-608b5cc7d8b6:c3165]
2019-09-11 04:26:04,403 [grpc-default-executor-3] INFO  client.GrpcClientProtocolClient (GrpcClientProtocolClient.java:onNext(264)) - client-734BBEB428D7->a5e38e3e-c2ad-4348-acb9-3fc25cfb14dd: receive RaftClientReply:client-734BBEB428D7->a5e38e3e-c2ad-4348-acb9-3fc25cfb14dd@group-7000B19605CB, cid=2143, SUCCESS, logIndex=3171, commits[a5e38e3e-c2ad-4348-acb9-3fc25cfb14dd:c3172, 11e48d46-e648-47f9-b6a0-9c7f26654c28:c3170, d1b6a90e-e817-40a7-bec1-608b5cc7d8b6:c3170]
2019-09-11 04:26:04,403 [grpc-default-executor-3] INFO  client.GrpcClientProtocolClient (GrpcClientProtocolClient.java:onNext(264)) - client-734BBEB428D7->a5e38e3e-c2ad-4348-acb9-3fc25cfb14dd: receive RaftClientReply:client-734BBEB428D7->a5e38e3e-c2ad-4348-acb9-3fc25cfb14dd@group-7000B19605CB, cid=2144, SUCCESS, logIndex=3172, commits[a5e38e3e-c2ad-4348-acb9-3fc25cfb14dd:c3172, 11e48d46-e648-47f9-b6a0-9c7f26654c28:c3170, d1b6a90e-e817-40a7-bec1-608b5cc7d8b6:c3170]
2019-09-11 04:26:04,416 [grpc-default-executor-3] INFO  client.GrpcClientProtocolClient (GrpcClientProtocolClient.java:onNext(264)) - client-734BBEB428D7->a5e38e3e-c2ad-4348-acb9-3fc25cfb14dd: receive RaftClientReply:client-734BBEB428D7->a5e38e3e-c2ad-4348-acb9-3fc25cfb14dd@group-7000B19605CB, cid=2145, SUCCESS, logIndex=3175, commits[a5e38e3e-c2ad-4348-acb9-3fc25cfb14dd:c3176, 11e48d46-e648-47f9-b6a0-9c7f26654c28:c3172, d1b6a90e-e817-40a7-bec1-608b5cc7d8b6:c3172]
2019-09-11 04:26:04,417 [grpc-default-executor-3] INFO  client.GrpcClientProtocolClient (GrpcClientProtocolClient.java:onNext(264)) - client-734BBEB428D7->a5e38e3e-c2ad-4348-acb9-3fc25cfb14dd: receive RaftClientReply:client-734BBEB428D7->a5e38e3e-c2ad-4348-acb9-3fc25cfb14dd@group-7000B19605CB, cid=2146, SUCCESS, logIndex=3176, commits[a5e38e3e-c2ad-4348-acb9-3fc25cfb14dd:c3176, 11e48d46-e648-47f9-b6a0-9c7f26654c28:c3172, d1b6a90e-e817-40a7-bec1-608b5cc7d8b6:c3172]
2019-09-11 04:26:04,428 [grpc-default-executor-3] INFO  client.GrpcClientProtocolClient (GrpcClientProtocolClient.java:onNext(264)) - client-734BBEB428D7->a5e38e3e-c2ad-4348-acb9-3fc25cfb14dd: receive RaftClientReply:client-734BBEB428D7->a5e38e3e-c2ad-4348-acb9-3fc25cfb14dd@group-7000B19605CB, cid=2147, SUCCESS, logIndex=0, commits[a5e38e3e-c2ad-4348-acb9-3fc25cfb14dd:c3177, 11e48d46-e648-47f9-b6a0-9c7f26654c28:c3176, d1b6a90e-e817-40a7-bec1-608b5cc7d8b6:c3176]
2019-09-11 04:26:04,453 [grpc-default-executor-1] INFO  client.GrpcClientProtocolClient (GrpcClientProtocolClient.java:onNext(264)) - client-734BBEB428D7->a5e38e3e-c2ad-4348-acb9-3fc25cfb14dd: receive RaftClientReply:client-734BBEB428D7->a5e38e3e-c2ad-4348-acb9-3fc25cfb14dd@group-7000B19605CB, cid=2148, SUCCESS, logIndex=3179, commits[a5e38e3e-c2ad-4348-acb9-3fc25cfb14dd:c3180, 11e48d46-e648-47f9-b6a0-9c7f26654c28:c3178, d1b6a90e-e817-40a7-bec1-608b5cc7d8b6:c3178]
2019-09-11 04:26:04,454 [grpc-default-executor-3] INFO  client.GrpcClientProtocolClient (GrpcClientProtocolClient.java:onNext(264)) - client-734BBEB428D7->a5e38e3e-c2ad-4348-acb9-3fc25cfb14dd: receive RaftClientReply:client-734BBEB428D7->a5e38e3e-c2ad-4348-acb9-3fc25cfb14dd@group-7000B19605CB, cid=2149, SUCCESS, logIndex=3180, commits[a5e38e3e-c2ad-4348-acb9-3fc25cfb14dd:c3181, 11e48d46-e648-47f9-b6a0-9c7f26654c28:c3178, d1b6a90e-e817-40a7-bec1-608b5cc7d8b6:c3178]
2019-09-11 04:26:04,454 [grpc-default-executor-3] INFO  client.GrpcClientProtocolClient (GrpcClientProtocolClient.java:onNext(264)) - client-734BBEB428D7->a5e38e3e-c2ad-4348-acb9-3fc25cfb14dd: receive RaftClientReply:client-734BBEB428D7->a5e38e3e-c2ad-4348-acb9-3fc25cfb14dd@group-7000B19605CB, cid=2150, SUCCESS, logIndex=3181, commits[a5e38e3e-c2ad-4348-acb9-3fc25cfb14dd:c3182, 11e48d46-e648-47f9-b6a0-9c7f26654c28:c3178, d1b6a90e-e817-40a7-bec1-608b5cc7d8b6:c3178]
2019-09-11 04:26:04,457 [grpc-default-executor-4] INFO  client.GrpcClientProtocolClient (GrpcClientProtocolClient.java:onNext(264)) - client-734BBEB428D7->a5e38e3e-c2ad-4348-acb9-3fc25cfb14dd: receive RaftClientReply:client-734BBEB428D7->a5e38e3e-c2ad-4348-acb9-3fc25cfb14dd@group-7000B19605CB, cid=2151, SUCCESS, logIndex=3182, commits[a5e38e3e-c2ad-4348-acb9-3fc25cfb14dd:c3182, 11e48d46-e648-47f9-b6a0-9c7f26654c28:c3178, d1b6a90e-e817-40a7-bec1-608b5cc7d8b6:c3178]
2019-09-11 04:26:04,458 [grpc-default-executor-1] INFO  client.GrpcClientProtocolClient (GrpcClientProtocolClient.java:onNext(264)) - client-734BBEB428D7->a5e38e3e-c2ad-4348-acb9-3fc25cfb14dd: receive RaftClientReply:client-734BBEB428D7->a5e38e3e-c2ad-4348-acb9-3fc25cfb14dd@group-7000B19605CB, cid=2152, SUCCESS, logIndex=0, commits[a5e38e3e-c2ad-4348-acb9-3fc25cfb14dd:c3186, 11e48d46-e648-47f9-b6a0-9c7f26654c28:c3180, d1b6a90e-e817-40a7-bec1-608b5cc7d8b6:c3182]
2019-09-11 04:26:04,480 [grpc-default-executor-4] INFO  client.GrpcClientProtocolClient (GrpcClientProtocolClient.java:onNext(264)) - client-734BBEB428D7->a5e38e3e-c2ad-4348-acb9-3fc25cfb14dd: receive RaftClientReply:client-734BBEB428D7->a5e38e3e-c2ad-4348-acb9-3fc25cfb14dd@group-7000B19605CB, cid=2153, SUCCESS, logIndex=3187, commits[a5e38e3e-c2ad-4348-acb9-3fc25cfb14dd:c3188, 11e48d46-e648-47f9-b6a0-9c7f26654c28:c3186, d1b6a90e-e817-40a7-bec1-608b5cc7d8b6:c3186]
2019-09-11 04:26:04,480 [grpc-default-executor-1] INFO  client.GrpcClientProtocolClient (GrpcClientProtocolClient.java:onNext(264)) - client-734BBEB428D7->a5e38e3e-c2ad-4348-acb9-3fc25cfb14dd: receive RaftClientReply:client-734BBEB428D7->a5e38e3e-c2ad-4348-acb9-3fc25cfb14dd@group-7000B19605CB, cid=2154, SUCCESS, logIndex=3188, commits[a5e38e3e-c2ad-4348-acb9-3fc25cfb14dd:c3188, 11e48d46-e648-47f9-b6a0-9c7f26654c28:c3186, d1b6a90e-e817-40a7-bec1-608b5cc7d8b6:c3186]
2019-09-11 04:26:04,493 [grpc-default-executor-3] INFO  client.GrpcClientProtocolClient (GrpcClientProtocolClient.java:onNext(264)) - client-734BBEB428D7->a5e38e3e-c2ad-4348-acb9-3fc25cfb14dd: receive RaftClientReply:client-734BBEB428D7->a5e38e3e-c2ad-4348-acb9-3fc25cfb14dd@group-7000B19605CB, cid=2155, SUCCESS, logIndex=3191, commits[a5e38e3e-c2ad-4348-acb9-3fc25cfb14dd:c3192, 11e48d46-e648-47f9-b6a0-9c7f26654c28:c3188, d1b6a90e-e817-40a7-bec1-608b5cc7d8b6:c3188]
2019-09-11 04:26:04,493 [grpc-default-executor-3] INFO  client.GrpcClientProtocolClient (GrpcClientProtocolClient.java:onNext(264)) - client-734BBEB428D7->a5e38e3e-c2ad-4348-acb9-3fc25cfb14dd: receive RaftClientReply:client-734BBEB428D7->a5e38e3e-c2ad-4348-acb9-3fc25cfb14dd@group-7000B19605CB, cid=2156, SUCCESS, logIndex=3192, commits[a5e38e3e-c2ad-4348-acb9-3fc25cfb14dd:c3192, 11e48d46-e648-47f9-b6a0-9c7f26654c28:c3188, d1b6a90e-e817-40a7-bec1-608b5cc7d8b6:c3188]
2019-09-11 04:26:04,507 [grpc-default-executor-3] INFO  client.GrpcClientProtocolClient (GrpcClientProtocolClient.java:onNext(264)) - client-734BBEB428D7->a5e38e3e-c2ad-4348-acb9-3fc25cfb14dd: receive RaftClientReply:client-734BBEB428D7->a5e38e3e-c2ad-4348-acb9-3fc25cfb14dd@group-7000B19605CB, cid=2157, SUCCESS, logIndex=0, commits[a5e38e3e-c2ad-4348-acb9-3fc25cfb14dd:c3194, 11e48d46-e648-47f9-b6a0-9c7f26654c28:c3192, d1b6a90e-e817-40a7-bec1-608b5cc7d8b6:c3192]
2019-09-11 04:26:04,532 [grpc-default-executor-4] INFO  client.GrpcClientProtocolClient (GrpcClientProtocolClient.java:onNext(264)) - client-734BBEB428D7->a5e38e3e-c2ad-4348-acb9-3fc25cfb14dd: receive RaftClientReply:client-734BBEB428D7->a5e38e3e-c2ad-4348-acb9-3fc25cfb14dd@group-7000B19605CB, cid=2158, SUCCESS, logIndex=3195, commits[a5e38e3e-c2ad-4348-acb9-3fc25cfb14dd:c3196, 11e48d46-e648-47f9-b6a0-9c7f26654c28:c3194, d1b6a90e-e817-40a7-bec1-608b5cc7d8b6:c3194]
2019-09-11 04:26:04,533 [grpc-default-executor-4] INFO  client.GrpcClientProtocolClient (GrpcClientProtocolClient.java:onNext(264)) - client-734BBEB428D7->a5e38e3e-c2ad-4348-acb9-3fc25cfb14dd: receive RaftClientReply:client-734BBEB428D7->a5e38e3e-c2ad-4348-acb9-3fc25cfb14dd@group-7000B19605CB, cid=2159, SUCCESS, logIndex=3196, commits[a5e38e3e-c2ad-4348-acb9-3fc25cfb14dd:c3198, 11e48d46-e648-47f9-b6a0-9c7f26654c28:c3194, d1b6a90e-e817-40a7-bec1-608b5cc7d8b6:c3194]
2019-09-11 04:26:04,533 [grpc-default-executor-4] INFO  client.GrpcClientProtocolClient (GrpcClientProtocolClient.java:onNext(264)) - client-734BBEB428D7->a5e38e3e-c2ad-4348-acb9-3fc25cfb14dd: receive RaftClientReply:client-734BBEB428D7->a5e38e3e-c2ad-4348-acb9-3fc25cfb14dd@group-7000B19605CB, cid=2160, SUCCESS, logIndex=3197, commits[a5e38e3e-c2ad-4348-acb9-3fc25cfb14dd:c3198, 11e48d46-e648-47f9-b6a0-9c7f26654c28:c3194, d1b6a90e-e817-40a7-bec1-608b5cc7d8b6:c3194]
2019-09-11 04:26:04,533 [grpc-default-executor-4] INFO  client.GrpcClientProtocolClient (GrpcClientProtocolClient.java:onNext(264)) - client-734BBEB428D7->a5e38e3e-c2ad-4348-acb9-3fc25cfb14dd: receive RaftClientReply:client-734BBEB428D7->a5e38e3e-c2ad-4348-acb9-3fc25cfb14dd@group-7000B19605CB, cid=2161, SUCCESS, logIndex=3198, commits[a5e38e3e-c2ad-4348-acb9-3fc25cfb14dd:c3198, 11e48d46-e648-47f9-b6a0-9c7f26654c28:c3196, d1b6a90e-e817-40a7-bec1-608b5cc7d8b6:c3194]
2019-09-11 04:26:04,534 [grpc-default-executor-4] INFO  client.GrpcClientProtocolClient (GrpcClientProtocolClient.java:onNext(264)) - client-734BBEB428D7->a5e38e3e-c2ad-4348-acb9-3fc25cfb14dd: receive RaftClientReply:client-734BBEB428D7->a5e38e3e-c2ad-4348-acb9-3fc25cfb14dd@group-7000B19605CB, cid=2162, SUCCESS, logIndex=0, commits[a5e38e3e-c2ad-4348-acb9-3fc25cfb14dd:c3199, 11e48d46-e648-47f9-b6a0-9c7f26654c28:c3196, d1b6a90e-e817-40a7-bec1-608b5cc7d8b6:c3196]
2019-09-11 04:26:04,553 [grpc-default-executor-3] INFO  client.GrpcClientProtocolClient (GrpcClientProtocolClient.java:onNext(264)) - client-734BBEB428D7->a5e38e3e-c2ad-4348-acb9-3fc25cfb14dd: receive RaftClientReply:client-734BBEB428D7->a5e38e3e-c2ad-4348-acb9-3fc25cfb14dd@group-7000B19605CB, cid=2163, SUCCESS, logIndex=3202, commits[a5e38e3e-c2ad-4348-acb9-3fc25cfb14dd:c3203, 11e48d46-e648-47f9-b6a0-9c7f26654c28:c3201, d1b6a90e-e817-40a7-bec1-608b5cc7d8b6:c3201]
2019-09-11 04:26:04,553 [grpc-default-executor-3] INFO  client.GrpcClientProtocolClient (GrpcClientProtocolClient.java:onNext(264)) - client-734BBEB428D7->a5e38e3e-c2ad-4348-acb9-3fc25cfb14dd: receive RaftClientReply:client-734BBEB428D7->a5e38e3e-c2ad-4348-acb9-3fc25cfb14dd@group-7000B19605CB, cid=2164, SUCCESS, logIndex=3203, commits[a5e38e3e-c2ad-4348-acb9-3fc25cfb14dd:c3203, 11e48d46-e648-47f9-b6a0-9c7f26654c28:c3201, d1b6a90e-e817-40a7-bec1-608b5cc7d8b6:c3201]
2019-09-11 04:26:04,582 [grpc-default-executor-2] INFO  client.GrpcClientProtocolClient (GrpcClientProtocolClient.java:onNext(264)) - client-734BBEB428D7->a5e38e3e-c2ad-4348-acb9-3fc25cfb14dd: receive RaftClientReply:client-734BBEB428D7->a5e38e3e-c2ad-4348-acb9-3fc25cfb14dd@group-7000B19605CB, cid=2165, SUCCESS, logIndex=3206, commits[a5e38e3e-c2ad-4348-acb9-3fc25cfb14dd:c3207, 11e48d46-e648-47f9-b6a0-9c7f26654c28:c3203, d1b6a90e-e817-40a7-bec1-608b5cc7d8b6:c3205]
2019-09-11 04:26:04,583 [grpc-default-executor-2] INFO  client.GrpcClientProtocolClient (GrpcClientProtocolClient.java:onNext(264)) - client-734BBEB428D7->a5e38e3e-c2ad-4348-acb9-3fc25cfb14dd: receive RaftClientReply:client-734BBEB428D7->a5e38e3e-c2ad-4348-acb9-3fc25cfb14dd@group-7000B19605CB, cid=2166, SUCCESS, logIndex=3207, commits[a5e38e3e-c2ad-4348-acb9-3fc25cfb14dd:c3207, 11e48d46-e648-47f9-b6a0-9c7f26654c28:c3205, d1b6a90e-e817-40a7-bec1-608b5cc7d8b6:c3205]
2019-09-11 04:26:04,584 [grpc-default-executor-2] INFO  client.GrpcClientProtocolClient (GrpcClientProtocolClient.java:onNext(264)) - client-734BBEB428D7->a5e38e3e-c2ad-4348-acb9-3fc25cfb14dd: receive RaftClientReply:client-734BBEB428D7->a5e38e3e-c2ad-4348-acb9-3fc25cfb14dd@group-7000B19605CB, cid=2167, SUCCESS, logIndex=0, commits[a5e38e3e-c2ad-4348-acb9-3fc25cfb14dd:c3208, 11e48d46-e648-47f9-b6a0-9c7f26654c28:c3207, d1b6a90e-e817-40a7-bec1-608b5cc7d8b6:c3207]
2019-09-11 04:26:04,713 [grpc-default-executor-3] INFO  client.GrpcClientProtocolClient (GrpcClientProtocolClient.java:onNext(264)) - client-734BBEB428D7->a5e38e3e-c2ad-4348-acb9-3fc25cfb14dd: receive RaftClientReply:client-734BBEB428D7->a5e38e3e-c2ad-4348-acb9-3fc25cfb14dd@group-7000B19605CB, cid=2168, SUCCESS, logIndex=3210, commits[a5e38e3e-c2ad-4348-acb9-3fc25cfb14dd:c3211, 11e48d46-e648-47f9-b6a0-9c7f26654c28:c3209, d1b6a90e-e817-40a7-bec1-608b5cc7d8b6:c3209]
2019-09-11 04:26:04,714 [grpc-default-executor-3] INFO  client.GrpcClientProtocolClient (GrpcClientProtocolClient.java:onNext(264)) - client-734BBEB428D7->a5e38e3e-c2ad-4348-acb9-3fc25cfb14dd: receive RaftClientReply:client-734BBEB428D7->a5e38e3e-c2ad-4348-acb9-3fc25cfb14dd@group-7000B19605CB, cid=2169, SUCCESS, logIndex=3211, commits[a5e38e3e-c2ad-4348-acb9-3fc25cfb14dd:c3211, 11e48d46-e648-47f9-b6a0-9c7f26654c28:c3209, d1b6a90e-e817-40a7-bec1-608b5cc7d8b6:c3209]
2019-09-11 04:26:04,714 [grpc-default-executor-3] INFO  client.GrpcClientProtocolClient (GrpcClientProtocolClient.java:onNext(264)) - client-734BBEB428D7->a5e38e3e-c2ad-4348-acb9-3fc25cfb14dd: receive RaftClientReply:client-734BBEB428D7->a5e38e3e-c2ad-4348-acb9-3fc25cfb14dd@group-7000B19605CB, cid=2170, SUCCESS, logIndex=3212, commits[a5e38e3e-c2ad-4348-acb9-3fc25cfb14dd:c3213, 11e48d46-e648-47f9-b6a0-9c7f26654c28:c3209, d1b6a90e-e817-40a7-bec1-608b5cc7d8b6:c3209]
2019-09-11 04:26:04,715 [grpc-default-executor-3] INFO  client.GrpcClientProtocolClient (GrpcClientProtocolClient.java:onNext(264)) - client-734BBEB428D7->a5e38e3e-c2ad-4348-acb9-3fc25cfb14dd: receive RaftClientReply:client-734BBEB428D7->a5e38e3e-c2ad-4348-acb9-3fc25cfb14dd@group-7000B19605CB, cid=2171, SUCCESS, logIndex=3213, commits[a5e38e3e-c2ad-4348-acb9-3fc25cfb14dd:c3213, 11e48d46-e648-47f9-b6a0-9c7f26654c28:c3209, d1b6a90e-e817-40a7-bec1-608b5cc7d8b6:c3209]
2019-09-11 04:26:04,716 [grpc-default-executor-4] INFO  client.GrpcClientProtocolClient (GrpcClientProtocolClient.java:onNext(264)) - client-734BBEB428D7->a5e38e3e-c2ad-4348-acb9-3fc25cfb14dd: receive RaftClientReply:client-734BBEB428D7->a5e38e3e-c2ad-4348-acb9-3fc25cfb14dd@group-7000B19605CB, cid=2172, SUCCESS, logIndex=0, commits[a5e38e3e-c2ad-4348-acb9-3fc25cfb14dd:c3216, 11e48d46-e648-47f9-b6a0-9c7f26654c28:c3213, d1b6a90e-e817-40a7-bec1-608b5cc7d8b6:c3211]
2019-09-11 04:26:04,729 [grpc-default-executor-3] INFO  client.GrpcClientProtocolClient (GrpcClientProtocolClient.java:onNext(264)) - client-734BBEB428D7->a5e38e3e-c2ad-4348-acb9-3fc25cfb14dd: receive RaftClientReply:client-734BBEB428D7->a5e38e3e-c2ad-4348-acb9-3fc25cfb14dd@group-7000B19605CB, cid=2173, SUCCESS, logIndex=3218, commits[a5e38e3e-c2ad-4348-acb9-3fc25cfb14dd:c3219, 11e48d46-e648-47f9-b6a0-9c7f26654c28:c3216, d1b6a90e-e817-40a7-bec1-608b5cc7d8b6:c3216]
2019-09-11 04:26:04,729 [grpc-default-executor-3] INFO  client.GrpcClientProtocolClient (GrpcClientProtocolClient.java:onNext(264)) - client-734BBEB428D7->a5e38e3e-c2ad-4348-acb9-3fc25cfb14dd: receive RaftClientReply:client-734BBEB428D7->a5e38e3e-c2ad-4348-acb9-3fc25cfb14dd@group-7000B19605CB, cid=2174, SUCCESS, logIndex=3219, commits[a5e38e3e-c2ad-4348-acb9-3fc25cfb14dd:c3219, 11e48d46-e648-47f9-b6a0-9c7f26654c28:c3216, d1b6a90e-e817-40a7-bec1-608b5cc7d8b6:c3216]
2019-09-11 04:26:04,750 [grpc-default-executor-4] INFO  client.GrpcClientProtocolClient (GrpcClientProtocolClient.java:onNext(264)) - client-734BBEB428D7->a5e38e3e-c2ad-4348-acb9-3fc25cfb14dd: receive RaftClientReply:client-734BBEB428D7->a5e38e3e-c2ad-4348-acb9-3fc25cfb14dd@group-7000B19605CB, cid=2175, SUCCESS, logIndex=3222, commits[a5e38e3e-c2ad-4348-acb9-3fc25cfb14dd:c3223, 11e48d46-e648-47f9-b6a0-9c7f26654c28:c3221, d1b6a90e-e817-40a7-bec1-608b5cc7d8b6:c3221]
2019-09-11 04:26:04,751 [grpc-default-executor-4] INFO  client.GrpcClientProtocolClient (GrpcClientProtocolClient.java:onNext(264)) - client-734BBEB428D7->a5e38e3e-c2ad-4348-acb9-3fc25cfb14dd: receive RaftClientReply:client-734BBEB428D7->a5e38e3e-c2ad-4348-acb9-3fc25cfb14dd@group-7000B19605CB, cid=2176, SUCCESS, logIndex=3223, commits[a5e38e3e-c2ad-4348-acb9-3fc25cfb14dd:c3223, 11e48d46-e648-47f9-b6a0-9c7f26654c28:c3221, d1b6a90e-e817-40a7-bec1-608b5cc7d8b6:c3221]
2019-09-11 04:26:04,765 [grpc-default-executor-4] INFO  client.GrpcClientProtocolClient (GrpcClientProtocolClient.java:onNext(264)) - client-734BBEB428D7->a5e38e3e-c2ad-4348-acb9-3fc25cfb14dd: receive RaftClientReply:client-734BBEB428D7->a5e38e3e-c2ad-4348-acb9-3fc25cfb14dd@group-7000B19605CB, cid=2177, SUCCESS, logIndex=0, commits[a5e38e3e-c2ad-4348-acb9-3fc25cfb14dd:c3225, 11e48d46-e648-47f9-b6a0-9c7f26654c28:c3223, d1b6a90e-e817-40a7-bec1-608b5cc7d8b6:c3223]
2019-09-11 04:26:04,794 [grpc-default-executor-4] INFO  client.GrpcClientProtocolClient (GrpcClientProtocolClient.java:onNext(264)) - client-734BBEB428D7->a5e38e3e-c2ad-4348-acb9-3fc25cfb14dd: receive RaftClientReply:client-734BBEB428D7->a5e38e3e-c2ad-4348-acb9-3fc25cfb14dd@group-7000B19605CB, cid=2178, SUCCESS, logIndex=3226, commits[a5e38e3e-c2ad-4348-acb9-3fc25cfb14dd:c3226, 11e48d46-e648-47f9-b6a0-9c7f26654c28:c3225, d1b6a90e-e817-40a7-bec1-608b5cc7d8b6:c3225]
2019-09-11 04:26:04,794 [grpc-default-executor-4] INFO  client.GrpcClientProtocolClient (GrpcClientProtocolClient.java:onNext(264)) - client-734BBEB428D7->a5e38e3e-c2ad-4348-acb9-3fc25cfb14dd: receive RaftClientReply:client-734BBEB428D7->a5e38e3e-c2ad-4348-acb9-3fc25cfb14dd@group-7000B19605CB, cid=2179, SUCCESS, logIndex=3227, commits[a5e38e3e-c2ad-4348-acb9-3fc25cfb14dd:c3227, 11e48d46-e648-47f9-b6a0-9c7f26654c28:c3225, d1b6a90e-e817-40a7-bec1-608b5cc7d8b6:c3225]
2019-09-11 04:26:04,795 [grpc-default-executor-4] INFO  client.GrpcClientProtocolClient (GrpcClientProtocolClient.java:onNext(264)) - client-734BBEB428D7->a5e38e3e-c2ad-4348-acb9-3fc25cfb14dd: receive RaftClientReply:client-734BBEB428D7->a5e38e3e-c2ad-4348-acb9-3fc25cfb14dd@group-7000B19605CB, cid=2180, SUCCESS, logIndex=3228, commits[a5e38e3e-c2ad-4348-acb9-3fc25cfb14dd:c3229, 11e48d46-e648-47f9-b6a0-9c7f26654c28:c3225, d1b6a90e-e817-40a7-bec1-608b5cc7d8b6:c3225]
2019-09-11 04:26:04,795 [grpc-default-executor-4] INFO  client.GrpcClientProtocolClient (GrpcClientProtocolClient.java:onNext(264)) - client-734BBEB428D7->a5e38e3e-c2ad-4348-acb9-3fc25cfb14dd: receive RaftClientReply:client-734BBEB428D7->a5e38e3e-c2ad-4348-acb9-3fc25cfb14dd@group-7000B19605CB, cid=2181, SUCCESS, logIndex=3229, commits[a5e38e3e-c2ad-4348-acb9-3fc25cfb14dd:c3229, 11e48d46-e648-47f9-b6a0-9c7f26654c28:c3225, d1b6a90e-e817-40a7-bec1-608b5cc7d8b6:c3225]
2019-09-11 04:26:04,796 [grpc-default-executor-1] INFO  client.GrpcClientProtocolClient (GrpcClientProtocolClient.java:onNext(264)) - client-734BBEB428D7->a5e38e3e-c2ad-4348-acb9-3fc25cfb14dd: receive RaftClientReply:client-734BBEB428D7->a5e38e3e-c2ad-4348-acb9-3fc25cfb14dd@group-7000B19605CB, cid=2182, SUCCESS, logIndex=0, commits[a5e38e3e-c2ad-4348-acb9-3fc25cfb14dd:c3231, 11e48d46-e648-47f9-b6a0-9c7f26654c28:c3227, d1b6a90e-e817-40a7-bec1-608b5cc7d8b6:c3227]
2019-09-11 04:26:04,816 [grpc-default-executor-4] INFO  client.GrpcClientProtocolClient (GrpcClientProtocolClient.java:onNext(264)) - client-734BBEB428D7->a5e38e3e-c2ad-4348-acb9-3fc25cfb14dd: receive RaftClientReply:client-734BBEB428D7->a5e38e3e-c2ad-4348-acb9-3fc25cfb14dd@group-7000B19605CB, cid=2183, SUCCESS, logIndex=3233, commits[a5e38e3e-c2ad-4348-acb9-3fc25cfb14dd:c3234, 11e48d46-e648-47f9-b6a0-9c7f26654c28:c3232, d1b6a90e-e817-40a7-bec1-608b5cc7d8b6:c3232]
2019-09-11 04:26:04,817 [grpc-default-executor-4] INFO  client.GrpcClientProtocolClient (GrpcClientProtocolClient.java:onNext(264)) - client-734BBEB428D7->a5e38e3e-c2ad-4348-acb9-3fc25cfb14dd: receive RaftClientReply:client-734BBEB428D7->a5e38e3e-c2ad-4348-acb9-3fc25cfb14dd@group-7000B19605CB, cid=2184, SUCCESS, logIndex=3234, commits[a5e38e3e-c2ad-4348-acb9-3fc25cfb14dd:c3234, 11e48d46-e648-47f9-b6a0-9c7f26654c28:c3232, d1b6a90e-e817-40a7-bec1-608b5cc7d8b6:c3232]
2019-09-11 04:26:04,829 [grpc-default-executor-4] INFO  client.GrpcClientProtocolClient (GrpcClientProtocolClient.java:onNext(264)) - client-734BBEB428D7->a5e38e3e-c2ad-4348-acb9-3fc25cfb14dd: receive RaftClientReply:client-734BBEB428D7->a5e38e3e-c2ad-4348-acb9-3fc25cfb14dd@group-7000B19605CB, cid=2185, SUCCESS, logIndex=3237, commits[a5e38e3e-c2ad-4348-acb9-3fc25cfb14dd:c3238, 11e48d46-e648-47f9-b6a0-9c7f26654c28:c3234, d1b6a90e-e817-40a7-bec1-608b5cc7d8b6:c3234]
2019-09-11 04:26:04,830 [grpc-default-executor-4] INFO  client.GrpcClientProtocolClient (GrpcClientProtocolClient.java:onNext(264)) - client-734BBEB428D7->a5e38e3e-c2ad-4348-acb9-3fc25cfb14dd: receive RaftClientReply:client-734BBEB428D7->a5e38e3e-c2ad-4348-acb9-3fc25cfb14dd@group-7000B19605CB, cid=2186, SUCCESS, logIndex=3238, commits[a5e38e3e-c2ad-4348-acb9-3fc25cfb14dd:c3238, 11e48d46-e648-47f9-b6a0-9c7f26654c28:c3234, d1b6a90e-e817-40a7-bec1-608b5cc7d8b6:c3234]
2019-09-11 04:26:04,848 [grpc-default-executor-4] INFO  client.GrpcClientProtocolClient (GrpcClientProtocolClient.java:onNext(264)) - client-734BBEB428D7->a5e38e3e-c2ad-4348-acb9-3fc25cfb14dd: receive RaftClientReply:client-734BBEB428D7->a5e38e3e-c2ad-4348-acb9-3fc25cfb14dd@group-7000B19605CB, cid=2187, SUCCESS, logIndex=0, commits[a5e38e3e-c2ad-4348-acb9-3fc25cfb14dd:c3240, 11e48d46-e648-47f9-b6a0-9c7f26654c28:c3238, d1b6a90e-e817-40a7-bec1-608b5cc7d8b6:c3238]
2019-09-11 04:26:04,876 [grpc-default-executor-3] INFO  client.GrpcClientProtocolClient (GrpcClientProtocolClient.java:onNext(264)) - client-734BBEB428D7->a5e38e3e-c2ad-4348-acb9-3fc25cfb14dd: receive RaftClientReply:client-734BBEB428D7->a5e38e3e-c2ad-4348-acb9-3fc25cfb14dd@group-7000B19605CB, cid=2188, SUCCESS, logIndex=3241, commits[a5e38e3e-c2ad-4348-acb9-3fc25cfb14dd:c3242, 11e48d46-e648-47f9-b6a0-9c7f26654c28:c3240, d1b6a90e-e817-40a7-bec1-608b5cc7d8b6:c3240]
2019-09-11 04:26:04,876 [grpc-default-executor-3] INFO  client.GrpcClientProtocolClient (GrpcClientProtocolClient.java:onNext(264)) - client-734BBEB428D7->a5e38e3e-c2ad-4348-acb9-3fc25cfb14dd: receive RaftClientReply:client-734BBEB428D7->a5e38e3e-c2ad-4348-acb9-3fc25cfb14dd@group-7000B19605CB, cid=2189, SUCCESS, logIndex=3242, commits[a5e38e3e-c2ad-4348-acb9-3fc25cfb14dd:c3244, 11e48d46-e648-47f9-b6a0-9c7f26654c28:c3240, d1b6a90e-e817-40a7-bec1-608b5cc7d8b6:c3240]
2019-09-11 04:26:04,876 [grpc-default-executor-3] INFO  client.GrpcClientProtocolClient (GrpcClientProtocolClient.java:onNext(264)) - client-734BBEB428D7->a5e38e3e-c2ad-4348-acb9-3fc25cfb14dd: receive RaftClientReply:client-734BBEB428D7->a5e38e3e-c2ad-4348-acb9-3fc25cfb14dd@group-7000B19605CB, cid=2190, SUCCESS, logIndex=3243, commits[a5e38e3e-c2ad-4348-acb9-3fc25cfb14dd:c3244, 11e48d46-e648-47f9-b6a0-9c7f26654c28:c3240, d1b6a90e-e817-40a7-bec1-608b5cc7d8b6:c3240]
2019-09-11 04:26:04,877 [grpc-default-executor-4] INFO  client.GrpcClientProtocolClient (GrpcClientProtocolClient.java:onNext(264)) - client-734BBEB428D7->a5e38e3e-c2ad-4348-acb9-3fc25cfb14dd: receive RaftClientReply:client-734BBEB428D7->a5e38e3e-c2ad-4348-acb9-3fc25cfb14dd@group-7000B19605CB, cid=2191, SUCCESS, logIndex=3244, commits[a5e38e3e-c2ad-4348-acb9-3fc25cfb14dd:c3244, 11e48d46-e648-47f9-b6a0-9c7f26654c28:c3240, d1b6a90e-e817-40a7-bec1-608b5cc7d8b6:c3240]
2019-09-11 04:26:04,886 [grpc-default-executor-3] INFO  client.GrpcClientProtocolClient (GrpcClientProtocolClient.java:onNext(264)) - client-734BBEB428D7->a5e38e3e-c2ad-4348-acb9-3fc25cfb14dd: receive RaftClientReply:client-734BBEB428D7->a5e38e3e-c2ad-4348-acb9-3fc25cfb14dd@group-7000B19605CB, cid=2192, SUCCESS, logIndex=0, commits[a5e38e3e-c2ad-4348-acb9-3fc25cfb14dd:c3245, 11e48d46-e648-47f9-b6a0-9c7f26654c28:c3244, d1b6a90e-e817-40a7-bec1-608b5cc7d8b6:c3242]
2019-09-11 04:26:04,906 [grpc-default-executor-4] INFO  client.GrpcClientProtocolClient (GrpcClientProtocolClient.java:onNext(264)) - client-734BBEB428D7->a5e38e3e-c2ad-4348-acb9-3fc25cfb14dd: receive RaftClientReply:client-734BBEB428D7->a5e38e3e-c2ad-4348-acb9-3fc25cfb14dd@group-7000B19605CB, cid=2193, SUCCESS, logIndex=3247, commits[a5e38e3e-c2ad-4348-acb9-3fc25cfb14dd:c3248, 11e48d46-e648-47f9-b6a0-9c7f26654c28:c3246, d1b6a90e-e817-40a7-bec1-608b5cc7d8b6:c3246]
2019-09-11 04:26:04,907 [grpc-default-executor-4] INFO  client.GrpcClientProtocolClient (GrpcClientProtocolClient.java:onNext(264)) - client-734BBEB428D7->a5e38e3e-c2ad-4348-acb9-3fc25cfb14dd: receive RaftClientReply:client-734BBEB428D7->a5e38e3e-c2ad-4348-acb9-3fc25cfb14dd@group-7000B19605CB, cid=2194, SUCCESS, logIndex=3248, commits[a5e38e3e-c2ad-4348-acb9-3fc25cfb14dd:c3248, 11e48d46-e648-47f9-b6a0-9c7f26654c28:c3246, d1b6a90e-e817-40a7-bec1-608b5cc7d8b6:c3246]
2019-09-11 04:26:04,919 [grpc-default-executor-3] INFO  client.GrpcClientProtocolClient (GrpcClientProtocolClient.java:onNext(264)) - client-734BBEB428D7->a5e38e3e-c2ad-4348-acb9-3fc25cfb14dd: receive RaftClientReply:client-734BBEB428D7->a5e38e3e-c2ad-4348-acb9-3fc25cfb14dd@group-7000B19605CB, cid=2195, SUCCESS, logIndex=3251, commits[a5e38e3e-c2ad-4348-acb9-3fc25cfb14dd:c3252, 11e48d46-e648-47f9-b6a0-9c7f26654c28:c3248, d1b6a90e-e817-40a7-bec1-608b5cc7d8b6:c3248]
2019-09-11 04:26:04,919 [grpc-default-executor-3] INFO  client.GrpcClientProtocolClient (GrpcClientProtocolClient.java:onNext(264)) - client-734BBEB428D7->a5e38e3e-c2ad-4348-acb9-3fc25cfb14dd: receive RaftClientReply:client-734BBEB428D7->a5e38e3e-c2ad-4348-acb9-3fc25cfb14dd@group-7000B19605CB, cid=2196, SUCCESS, logIndex=3252, commits[a5e38e3e-c2ad-4348-acb9-3fc25cfb14dd:c3252, 11e48d46-e648-47f9-b6a0-9c7f26654c28:c3248, d1b6a90e-e817-40a7-bec1-608b5cc7d8b6:c3248]
2019-09-11 04:26:04,932 [grpc-default-executor-3] INFO  client.GrpcClientProtocolClient (GrpcClientProtocolClient.java:onNext(264)) - client-734BBEB428D7->a5e38e3e-c2ad-4348-acb9-3fc25cfb14dd: receive RaftClientReply:client-734BBEB428D7->a5e38e3e-c2ad-4348-acb9-3fc25cfb14dd@group-7000B19605CB, cid=2197, SUCCESS, logIndex=0, commits[a5e38e3e-c2ad-4348-acb9-3fc25cfb14dd:c3254, 11e48d46-e648-47f9-b6a0-9c7f26654c28:c3252, d1b6a90e-e817-40a7-bec1-608b5cc7d8b6:c3252]
2019-09-11 04:26:04,962 [grpc-default-executor-2] INFO  client.GrpcClientProtocolClient (GrpcClientProtocolClient.java:onNext(264)) - client-734BBEB428D7->a5e38e3e-c2ad-4348-acb9-3fc25cfb14dd: receive RaftClientReply:client-734BBEB428D7->a5e38e3e-c2ad-4348-acb9-3fc25cfb14dd@group-7000B19605CB, cid=2198, SUCCESS, logIndex=3255, commits[a5e38e3e-c2ad-4348-acb9-3fc25cfb14dd:c3256, 11e48d46-e648-47f9-b6a0-9c7f26654c28:c3254, d1b6a90e-e817-40a7-bec1-608b5cc7d8b6:c3254]
2019-09-11 04:26:04,962 [grpc-default-executor-2] INFO  client.GrpcClientProtocolClient (GrpcClientProtocolClient.java:onNext(264)) - client-734BBEB428D7->a5e38e3e-c2ad-4348-acb9-3fc25cfb14dd: receive RaftClientReply:client-734BBEB428D7->a5e38e3e-c2ad-4348-acb9-3fc25cfb14dd@group-7000B19605CB, cid=2199, SUCCESS, logIndex=3256, commits[a5e38e3e-c2ad-4348-acb9-3fc25cfb14dd:c3258, 11e48d46-e648-47f9-b6a0-9c7f26654c28:c3254, d1b6a90e-e817-40a7-bec1-608b5cc7d8b6:c3254]
2019-09-11 04:26:04,963 [grpc-default-executor-2] INFO  client.GrpcClientProtocolClient (GrpcClientProtocolClient.java:onNext(264)) - client-734BBEB428D7->a5e38e3e-c2ad-4348-acb9-3fc25cfb14dd: receive RaftClientReply:client-734BBEB428D7->a5e38e3e-c2ad-4348-acb9-3fc25cfb14dd@group-7000B19605CB, cid=2200, SUCCESS, logIndex=3257, commits[a5e38e3e-c2ad-4348-acb9-3fc25cfb14dd:c3258, 11e48d46-e648-47f9-b6a0-9c7f26654c28:c3254, d1b6a90e-e817-40a7-bec1-608b5cc7d8b6:c3254]
2019-09-11 04:26:04,963 [grpc-default-executor-2] INFO  client.GrpcClientProtocolClient (GrpcClientProtocolClient.java:onNext(264)) - client-734BBEB428D7->a5e38e3e-c2ad-4348-acb9-3fc25cfb14dd: receive RaftClientReply:client-734BBEB428D7->a5e38e3e-c2ad-4348-acb9-3fc25cfb14dd@group-7000B19605CB, cid=2201, SUCCESS, logIndex=3258, commits[a5e38e3e-c2ad-4348-acb9-3fc25cfb14dd:c3258, 11e48d46-e648-47f9-b6a0-9c7f26654c28:c3254, d1b6a90e-e817-40a7-bec1-608b5cc7d8b6:c3254]
2019-09-11 04:26:04,974 [grpc-default-executor-2] INFO  client.GrpcClientProtocolClient (GrpcClientProtocolClient.java:onNext(264)) - client-734BBEB428D7->a5e38e3e-c2ad-4348-acb9-3fc25cfb14dd: receive RaftClientReply:client-734BBEB428D7->a5e38e3e-c2ad-4348-acb9-3fc25cfb14dd@group-7000B19605CB, cid=2202, SUCCESS, logIndex=0, commits[a5e38e3e-c2ad-4348-acb9-3fc25cfb14dd:c3259, 11e48d46-e648-47f9-b6a0-9c7f26654c28:c3256, d1b6a90e-e817-40a7-bec1-608b5cc7d8b6:c3256]
2019-09-11 04:26:04,993 [grpc-default-executor-2] INFO  client.GrpcClientProtocolClient (GrpcClientProtocolClient.java:onNext(264)) - client-734BBEB428D7->a5e38e3e-c2ad-4348-acb9-3fc25cfb14dd: receive RaftClientReply:client-734BBEB428D7->a5e38e3e-c2ad-4348-acb9-3fc25cfb14dd@group-7000B19605CB, cid=2203, SUCCESS, logIndex=3263, commits[a5e38e3e-c2ad-4348-acb9-3fc25cfb14dd:c3264, 11e48d46-e648-47f9-b6a0-9c7f26654c28:c3262, d1b6a90e-e817-40a7-bec1-608b5cc7d8b6:c3262]
2019-09-11 04:26:04,993 [grpc-default-executor-2] INFO  client.GrpcClientProtocolClient (GrpcClientProtocolClient.java:onNext(264)) - client-734BBEB428D7->a5e38e3e-c2ad-4348-acb9-3fc25cfb14dd: receive RaftClientReply:client-734BBEB428D7->a5e38e3e-c2ad-4348-acb9-3fc25cfb14dd@group-7000B19605CB, cid=2204, SUCCESS, logIndex=3264, commits[a5e38e3e-c2ad-4348-acb9-3fc25cfb14dd:c3264, 11e48d46-e648-47f9-b6a0-9c7f26654c28:c3262, d1b6a90e-e817-40a7-bec1-608b5cc7d8b6:c3262]
2019-09-11 04:26:05,006 [grpc-default-executor-2] INFO  client.GrpcClientProtocolClient (GrpcClientProtocolClient.java:onNext(264)) - client-734BBEB428D7->a5e38e3e-c2ad-4348-acb9-3fc25cfb14dd: receive RaftClientReply:client-734BBEB428D7->a5e38e3e-c2ad-4348-acb9-3fc25cfb14dd@group-7000B19605CB, cid=2205, SUCCESS, logIndex=3267, commits[a5e38e3e-c2ad-4348-acb9-3fc25cfb14dd:c3268, 11e48d46-e648-47f9-b6a0-9c7f26654c28:c3264, d1b6a90e-e817-40a7-bec1-608b5cc7d8b6:c3264]
2019-09-11 04:26:05,007 [grpc-default-executor-2] INFO  client.GrpcClientProtocolClient (GrpcClientProtocolClient.java:onNext(264)) - client-734BBEB428D7->a5e38e3e-c2ad-4348-acb9-3fc25cfb14dd: receive RaftClientReply:client-734BBEB428D7->a5e38e3e-c2ad-4348-acb9-3fc25cfb14dd@group-7000B19605CB, cid=2206, SUCCESS, logIndex=3268, commits[a5e38e3e-c2ad-4348-acb9-3fc25cfb14dd:c3268, 11e48d46-e648-47f9-b6a0-9c7f26654c28:c3264, d1b6a90e-e817-40a7-bec1-608b5cc7d8b6:c3264]
2019-09-11 04:26:05,038 [grpc-default-executor-4] INFO  client.GrpcClientProtocolClient (GrpcClientProtocolClient.java:onNext(264)) - client-734BBEB428D7->a5e38e3e-c2ad-4348-acb9-3fc25cfb14dd: receive RaftClientReply:client-734BBEB428D7->a5e38e3e-c2ad-4348-acb9-3fc25cfb14dd@group-7000B19605CB, cid=2207, SUCCESS, logIndex=0, commits[a5e38e3e-c2ad-4348-acb9-3fc25cfb14dd:c3270, 11e48d46-e648-47f9-b6a0-9c7f26654c28:c3268, d1b6a90e-e817-40a7-bec1-608b5cc7d8b6:c3268]
2019-09-11 04:26:05,073 [grpc-default-executor-4] INFO  client.GrpcClientProtocolClient (GrpcClientProtocolClient.java:onNext(264)) - client-734BBEB428D7->a5e38e3e-c2ad-4348-acb9-3fc25cfb14dd: receive RaftClientReply:client-734BBEB428D7->a5e38e3e-c2ad-4348-acb9-3fc25cfb14dd@group-7000B19605CB, cid=2208, SUCCESS, logIndex=3271, commits[a5e38e3e-c2ad-4348-acb9-3fc25cfb14dd:c3274, 11e48d46-e648-47f9-b6a0-9c7f26654c28:c3270, d1b6a90e-e817-40a7-bec1-608b5cc7d8b6:c3270]
2019-09-11 04:26:05,074 [grpc-default-executor-4] INFO  client.GrpcClientProtocolClient (GrpcClientProtocolClient.java:onNext(264)) - client-734BBEB428D7->a5e38e3e-c2ad-4348-acb9-3fc25cfb14dd: receive RaftClientReply:client-734BBEB428D7->a5e38e3e-c2ad-4348-acb9-3fc25cfb14dd@group-7000B19605CB, cid=2209, SUCCESS, logIndex=3272, commits[a5e38e3e-c2ad-4348-acb9-3fc25cfb14dd:c3274, 11e48d46-e648-47f9-b6a0-9c7f26654c28:c3270, d1b6a90e-e817-40a7-bec1-608b5cc7d8b6:c3270]
2019-09-11 04:26:05,074 [grpc-default-executor-4] INFO  client.GrpcClientProtocolClient (GrpcClientProtocolClient.java:onNext(264)) - client-734BBEB428D7->a5e38e3e-c2ad-4348-acb9-3fc25cfb14dd: receive RaftClientReply:client-734BBEB428D7->a5e38e3e-c2ad-4348-acb9-3fc25cfb14dd@group-7000B19605CB, cid=2210, SUCCESS, logIndex=3273, commits[a5e38e3e-c2ad-4348-acb9-3fc25cfb14dd:c3274, 11e48d46-e648-47f9-b6a0-9c7f26654c28:c3270, d1b6a90e-e817-40a7-bec1-608b5cc7d8b6:c3270]
2019-09-11 04:26:05,075 [grpc-default-executor-4] INFO  client.GrpcClientProtocolClient (GrpcClientProtocolClient.java:onNext(264)) - client-734BBEB428D7->a5e38e3e-c2ad-4348-acb9-3fc25cfb14dd: receive RaftClientReply:client-734BBEB428D7->a5e38e3e-c2ad-4348-acb9-3fc25cfb14dd@group-7000B19605CB, cid=2211, SUCCESS, logIndex=3274, commits[a5e38e3e-c2ad-4348-acb9-3fc25cfb14dd:c3274, 11e48d46-e648-47f9-b6a0-9c7f26654c28:c3270, d1b6a90e-e817-40a7-bec1-608b5cc7d8b6:c3270]
2019-09-11 04:26:05,091 [grpc-default-executor-4] INFO  client.GrpcClientProtocolClient (GrpcClientProtocolClient.java:onNext(264)) - client-734BBEB428D7->a5e38e3e-c2ad-4348-acb9-3fc25cfb14dd: receive RaftClientReply:client-734BBEB428D7->a5e38e3e-c2ad-4348-acb9-3fc25cfb14dd@group-7000B19605CB, cid=2212, SUCCESS, logIndex=0, commits[a5e38e3e-c2ad-4348-acb9-3fc25cfb14dd:c3275, 11e48d46-e648-47f9-b6a0-9c7f26654c28:c3274, d1b6a90e-e817-40a7-bec1-608b5cc7d8b6:c3274]
2019-09-11 04:26:05,110 [grpc-default-executor-2] INFO  client.GrpcClientProtocolClient (GrpcClientProtocolClient.java:onNext(264)) - client-734BBEB428D7->a5e38e3e-c2ad-4348-acb9-3fc25cfb14dd: receive RaftClientReply:client-734BBEB428D7->a5e38e3e-c2ad-4348-acb9-3fc25cfb14dd@group-7000B19605CB, cid=2213, SUCCESS, logIndex=3278, commits[a5e38e3e-c2ad-4348-acb9-3fc25cfb14dd:c3279, 11e48d46-e648-47f9-b6a0-9c7f26654c28:c3277, d1b6a90e-e817-40a7-bec1-608b5cc7d8b6:c3277]
2019-09-11 04:26:05,110 [grpc-default-executor-2] INFO  client.GrpcClientProtocolClient (GrpcClientProtocolClient.java:onNext(264)) - client-734BBEB428D7->a5e38e3e-c2ad-4348-acb9-3fc25cfb14dd: receive RaftClientReply:client-734BBEB428D7->a5e38e3e-c2ad-4348-acb9-3fc25cfb14dd@group-7000B19605CB, cid=2214, SUCCESS, logIndex=3279, commits[a5e38e3e-c2ad-4348-acb9-3fc25cfb14dd:c3279, 11e48d46-e648-47f9-b6a0-9c7f26654c28:c3277, d1b6a90e-e817-40a7-bec1-608b5cc7d8b6:c3277]
2019-09-11 04:26:05,123 [grpc-default-executor-4] INFO  client.GrpcClientProtocolClient (GrpcClientProtocolClient.java:onNext(264)) - client-734BBEB428D7->a5e38e3e-c2ad-4348-acb9-3fc25cfb14dd: receive RaftClientReply:client-734BBEB428D7->a5e38e3e-c2ad-4348-acb9-3fc25cfb14dd@group-7000B19605CB, cid=2215, SUCCESS, logIndex=3282, commits[a5e38e3e-c2ad-4348-acb9-3fc25cfb14dd:c3283, 11e48d46-e648-47f9-b6a0-9c7f26654c28:c3279, d1b6a90e-e817-40a7-bec1-608b5cc7d8b6:c3279]
2019-09-11 04:26:05,123 [grpc-default-executor-4] INFO  client.GrpcClientProtocolClient (GrpcClientProtocolClient.java:onNext(264)) - client-734BBEB428D7->a5e38e3e-c2ad-4348-acb9-3fc25cfb14dd: receive RaftClientReply:client-734BBEB428D7->a5e38e3e-c2ad-4348-acb9-3fc25cfb14dd@group-7000B19605CB, cid=2216, SUCCESS, logIndex=3283, commits[a5e38e3e-c2ad-4348-acb9-3fc25cfb14dd:c3283, 11e48d46-e648-47f9-b6a0-9c7f26654c28:c3279, d1b6a90e-e817-40a7-bec1-608b5cc7d8b6:c3279]
2019-09-11 04:26:05,135 [grpc-default-executor-4] INFO  client.GrpcClientProtocolClient (GrpcClientProtocolClient.java:onNext(264)) - client-734BBEB428D7->a5e38e3e-c2ad-4348-acb9-3fc25cfb14dd: receive RaftClientReply:client-734BBEB428D7->a5e38e3e-c2ad-4348-acb9-3fc25cfb14dd@group-7000B19605CB, cid=2217, SUCCESS, logIndex=0, commits[a5e38e3e-c2ad-4348-acb9-3fc25cfb14dd:c3285, 11e48d46-e648-47f9-b6a0-9c7f26654c28:c3283, d1b6a90e-e817-40a7-bec1-608b5cc7d8b6:c3283]
2019-09-11 04:26:05,161 [grpc-default-executor-3] INFO  client.GrpcClientProtocolClient (GrpcClientProtocolClient.java:onNext(264)) - client-734BBEB428D7->a5e38e3e-c2ad-4348-acb9-3fc25cfb14dd: receive RaftClientReply:client-734BBEB428D7->a5e38e3e-c2ad-4348-acb9-3fc25cfb14dd@group-7000B19605CB, cid=2218, SUCCESS, logIndex=3286, commits[a5e38e3e-c2ad-4348-acb9-3fc25cfb14dd:c3288, 11e48d46-e648-47f9-b6a0-9c7f26654c28:c3285, d1b6a90e-e817-40a7-bec1-608b5cc7d8b6:c3285]
2019-09-11 04:26:05,161 [grpc-default-executor-3] INFO  client.GrpcClientProtocolClient (GrpcClientProtocolClient.java:onNext(264)) - client-734BBEB428D7->a5e38e3e-c2ad-4348-acb9-3fc25cfb14dd: receive RaftClientReply:client-734BBEB428D7->a5e38e3e-c2ad-4348-acb9-3fc25cfb14dd@group-7000B19605CB, cid=2219, SUCCESS, logIndex=3287, commits[a5e38e3e-c2ad-4348-acb9-3fc25cfb14dd:c3289, 11e48d46-e648-47f9-b6a0-9c7f26654c28:c3285, d1b6a90e-e817-40a7-bec1-608b5cc7d8b6:c3285]
2019-09-11 04:26:05,162 [grpc-default-executor-3] INFO  client.GrpcClientProtocolClient (GrpcClientProtocolClient.java:onNext(264)) - client-734BBEB428D7->a5e38e3e-c2ad-4348-acb9-3fc25cfb14dd: receive RaftClientReply:client-734BBEB428D7->a5e38e3e-c2ad-4348-acb9-3fc25cfb14dd@group-7000B19605CB, cid=2220, SUCCESS, logIndex=3288, commits[a5e38e3e-c2ad-4348-acb9-3fc25cfb14dd:c3289, 11e48d46-e648-47f9-b6a0-9c7f26654c28:c3285, d1b6a90e-e817-40a7-bec1-608b5cc7d8b6:c3285]
2019-09-11 04:26:05,162 [grpc-default-executor-3] INFO  client.GrpcClientProtocolClient (GrpcClientProtocolClient.java:onNext(264)) - client-734BBEB428D7->a5e38e3e-c2ad-4348-acb9-3fc25cfb14dd: receive RaftClientReply:client-734BBEB428D7->a5e38e3e-c2ad-4348-acb9-3fc25cfb14dd@group-7000B19605CB, cid=2221, SUCCESS, logIndex=3289, commits[a5e38e3e-c2ad-4348-acb9-3fc25cfb14dd:c3289, 11e48d46-e648-47f9-b6a0-9c7f26654c28:c3285, d1b6a90e-e817-40a7-bec1-608b5cc7d8b6:c3285]
2019-09-11 04:26:05,165 [grpc-default-executor-2] INFO  client.GrpcClientProtocolClient (GrpcClientProtocolClient.java:onNext(264)) - client-734BBEB428D7->a5e38e3e-c2ad-4348-acb9-3fc25cfb14dd: receive RaftClientReply:client-734BBEB428D7->a5e38e3e-c2ad-4348-acb9-3fc25cfb14dd@group-7000B19605CB, cid=2222, SUCCESS, logIndex=0, commits[a5e38e3e-c2ad-4348-acb9-3fc25cfb14dd:c3290, 11e48d46-e648-47f9-b6a0-9c7f26654c28:c3287, d1b6a90e-e817-40a7-bec1-608b5cc7d8b6:c3287]
 0.00% |█                                                                                                    |  0/1 Time: 0:00:162019-09-11 04:26:05,183 [grpc-default-executor-3] INFO  client.GrpcClientProtocolClient (GrpcClientProtocolClient.java:onNext(264)) - client-734BBEB428D7->a5e38e3e-c2ad-4348-acb9-3fc25cfb14dd: receive RaftClientReply:client-734BBEB428D7->a5e38e3e-c2ad-4348-acb9-3fc25cfb14dd@group-7000B19605CB, cid=2223, SUCCESS, logIndex=3294, commits[a5e38e3e-c2ad-4348-acb9-3fc25cfb14dd:c3295, 11e48d46-e648-47f9-b6a0-9c7f26654c28:c3293, d1b6a90e-e817-40a7-bec1-608b5cc7d8b6:c3293]
2019-09-11 04:26:05,184 [grpc-default-executor-3] INFO  client.GrpcClientProtocolClient (GrpcClientProtocolClient.java:onNext(264)) - client-734BBEB428D7->a5e38e3e-c2ad-4348-acb9-3fc25cfb14dd: receive RaftClientReply:client-734BBEB428D7->a5e38e3e-c2ad-4348-acb9-3fc25cfb14dd@group-7000B19605CB, cid=2224, SUCCESS, logIndex=3295, commits[a5e38e3e-c2ad-4348-acb9-3fc25cfb14dd:c3295, 11e48d46-e648-47f9-b6a0-9c7f26654c28:c3293, d1b6a90e-e817-40a7-bec1-608b5cc7d8b6:c3293]
2019-09-11 04:26:05,196 [grpc-default-executor-1] INFO  client.GrpcClientProtocolClient (GrpcClientProtocolClient.java:onNext(264)) - client-734BBEB428D7->a5e38e3e-c2ad-4348-acb9-3fc25cfb14dd: receive RaftClientReply:client-734BBEB428D7->a5e38e3e-c2ad-4348-acb9-3fc25cfb14dd@group-7000B19605CB, cid=2225, SUCCESS, logIndex=3298, commits[a5e38e3e-c2ad-4348-acb9-3fc25cfb14dd:c3299, 11e48d46-e648-47f9-b6a0-9c7f26654c28:c3295, d1b6a90e-e817-40a7-bec1-608b5cc7d8b6:c3295]
2019-09-11 04:26:05,197 [grpc-default-executor-1] INFO  client.GrpcClientProtocolClient (GrpcClientProtocolClient.java:onNext(264)) - client-734BBEB428D7->a5e38e3e-c2ad-4348-acb9-3fc25cfb14dd: receive RaftClientReply:client-734BBEB428D7->a5e38e3e-c2ad-4348-acb9-3fc25cfb14dd@group-7000B19605CB, cid=2226, SUCCESS, logIndex=3299, commits[a5e38e3e-c2ad-4348-acb9-3fc25cfb14dd:c3299, 11e48d46-e648-47f9-b6a0-9c7f26654c28:c3295, d1b6a90e-e817-40a7-bec1-608b5cc7d8b6:c3295]
2019-09-11 04:26:05,209 [grpc-default-executor-1] INFO  client.GrpcClientProtocolClient (GrpcClientProtocolClient.java:onNext(264)) - client-734BBEB428D7->a5e38e3e-c2ad-4348-acb9-3fc25cfb14dd: receive RaftClientReply:client-734BBEB428D7->a5e38e3e-c2ad-4348-acb9-3fc25cfb14dd@group-7000B19605CB, cid=2227, SUCCESS, logIndex=0, commits[a5e38e3e-c2ad-4348-acb9-3fc25cfb14dd:c3301, 11e48d46-e648-47f9-b6a0-9c7f26654c28:c3299, d1b6a90e-e817-40a7-bec1-608b5cc7d8b6:c3299]
2019-09-11 04:26:05,252 [grpc-default-executor-3] INFO  client.GrpcClientProtocolClient (GrpcClientProtocolClient.java:onNext(264)) - client-734BBEB428D7->a5e38e3e-c2ad-4348-acb9-3fc25cfb14dd: receive RaftClientReply:client-734BBEB428D7->a5e38e3e-c2ad-4348-acb9-3fc25cfb14dd@group-7000B19605CB, cid=2228, SUCCESS, logIndex=3302, commits[a5e38e3e-c2ad-4348-acb9-3fc25cfb14dd:c3305, 11e48d46-e648-47f9-b6a0-9c7f26654c28:c3301, d1b6a90e-e817-40a7-bec1-608b5cc7d8b6:c3301]
2019-09-11 04:26:05,252 [grpc-default-executor-3] INFO  client.GrpcClientProtocolClient (GrpcClientProtocolClient.java:onNext(264)) - client-734BBEB428D7->a5e38e3e-c2ad-4348-acb9-3fc25cfb14dd: receive RaftClientReply:client-734BBEB428D7->a5e38e3e-c2ad-4348-acb9-3fc25cfb14dd@group-7000B19605CB, cid=2229, SUCCESS, logIndex=3303, commits[a5e38e3e-c2ad-4348-acb9-3fc25cfb14dd:c3305, 11e48d46-e648-47f9-b6a0-9c7f26654c28:c3301, d1b6a90e-e817-40a7-bec1-608b5cc7d8b6:c3301]
2019-09-11 04:26:05,253 [grpc-default-executor-3] INFO  client.GrpcClientProtocolClient (GrpcClientProtocolClient.java:onNext(264)) - client-734BBEB428D7->a5e38e3e-c2ad-4348-acb9-3fc25cfb14dd: receive RaftClientReply:client-734BBEB428D7->a5e38e3e-c2ad-4348-acb9-3fc25cfb14dd@group-7000B19605CB, cid=2230, SUCCESS, logIndex=3304, commits[a5e38e3e-c2ad-4348-acb9-3fc25cfb14dd:c3305, 11e48d46-e648-47f9-b6a0-9c7f26654c28:c3301, d1b6a90e-e817-40a7-bec1-608b5cc7d8b6:c3301]
2019-09-11 04:26:05,253 [grpc-default-executor-3] INFO  client.GrpcClientProtocolClient (GrpcClientProtocolClient.java:onNext(264)) - client-734BBEB428D7->a5e38e3e-c2ad-4348-acb9-3fc25cfb14dd: receive RaftClientReply:client-734BBEB428D7->a5e38e3e-c2ad-4348-acb9-3fc25cfb14dd@group-7000B19605CB, cid=2231, SUCCESS, logIndex=3305, commits[a5e38e3e-c2ad-4348-acb9-3fc25cfb14dd:c3305, 11e48d46-e648-47f9-b6a0-9c7f26654c28:c3301, d1b6a90e-e817-40a7-bec1-608b5cc7d8b6:c3301]
2019-09-11 04:26:05,263 [grpc-default-executor-3] INFO  client.GrpcClientProtocolClient (GrpcClientProtocolClient.java:onNext(264)) - client-734BBEB428D7->a5e38e3e-c2ad-4348-acb9-3fc25cfb14dd: receive RaftClientReply:client-734BBEB428D7->a5e38e3e-c2ad-4348-acb9-3fc25cfb14dd@group-7000B19605CB, cid=2232, SUCCESS, logIndex=0, commits[a5e38e3e-c2ad-4348-acb9-3fc25cfb14dd:c3306, 11e48d46-e648-47f9-b6a0-9c7f26654c28:c3303, d1b6a90e-e817-40a7-bec1-608b5cc7d8b6:c3303]
2019-09-11 04:26:05,280 [grpc-default-executor-2] INFO  client.GrpcClientProtocolClient (GrpcClientProtocolClient.java:onNext(264)) - client-734BBEB428D7->a5e38e3e-c2ad-4348-acb9-3fc25cfb14dd: receive RaftClientReply:client-734BBEB428D7->a5e38e3e-c2ad-4348-acb9-3fc25cfb14dd@group-7000B19605CB, cid=2233, SUCCESS, logIndex=3310, commits[a5e38e3e-c2ad-4348-acb9-3fc25cfb14dd:c3311, 11e48d46-e648-47f9-b6a0-9c7f26654c28:c3309, d1b6a90e-e817-40a7-bec1-608b5cc7d8b6:c3309]
2019-09-11 04:26:05,280 [grpc-default-executor-2] INFO  client.GrpcClientProtocolClient (GrpcClientProtocolClient.java:onNext(264)) - client-734BBEB428D7->a5e38e3e-c2ad-4348-acb9-3fc25cfb14dd: receive RaftClientReply:client-734BBEB428D7->a5e38e3e-c2ad-4348-acb9-3fc25cfb14dd@group-7000B19605CB, cid=2234, SUCCESS, logIndex=3311, commits[a5e38e3e-c2ad-4348-acb9-3fc25cfb14dd:c3311, 11e48d46-e648-47f9-b6a0-9c7f26654c28:c3309, d1b6a90e-e817-40a7-bec1-608b5cc7d8b6:c3309]
2019-09-11 04:26:05,291 [grpc-default-executor-1] INFO  client.GrpcClientProtocolClient (GrpcClientProtocolClient.java:onNext(264)) - client-734BBEB428D7->a5e38e3e-c2ad-4348-acb9-3fc25cfb14dd: receive RaftClientReply:client-734BBEB428D7->a5e38e3e-c2ad-4348-acb9-3fc25cfb14dd@group-7000B19605CB, cid=2235, SUCCESS, logIndex=3314, commits[a5e38e3e-c2ad-4348-acb9-3fc25cfb14dd:c3315, 11e48d46-e648-47f9-b6a0-9c7f26654c28:c3311, d1b6a90e-e817-40a7-bec1-608b5cc7d8b6:c3311]
2019-09-11 04:26:05,292 [grpc-default-executor-1] INFO  client.GrpcClientProtocolClient (GrpcClientProtocolClient.java:onNext(264)) - client-734BBEB428D7->a5e38e3e-c2ad-4348-acb9-3fc25cfb14dd: receive RaftClientReply:client-734BBEB428D7->a5e38e3e-c2ad-4348-acb9-3fc25cfb14dd@group-7000B19605CB, cid=2236, SUCCESS, logIndex=3315, commits[a5e38e3e-c2ad-4348-acb9-3fc25cfb14dd:c3315, 11e48d46-e648-47f9-b6a0-9c7f26654c28:c3311, d1b6a90e-e817-40a7-bec1-608b5cc7d8b6:c3311]
2019-09-11 04:26:05,303 [grpc-default-executor-1] INFO  client.GrpcClientProtocolClient (GrpcClientProtocolClient.java:onNext(264)) - client-734BBEB428D7->a5e38e3e-c2ad-4348-acb9-3fc25cfb14dd: receive RaftClientReply:client-734BBEB428D7->a5e38e3e-c2ad-4348-acb9-3fc25cfb14dd@group-7000B19605CB, cid=2237, SUCCESS, logIndex=0, commits[a5e38e3e-c2ad-4348-acb9-3fc25cfb14dd:c3317, 11e48d46-e648-47f9-b6a0-9c7f26654c28:c3315, d1b6a90e-e817-40a7-bec1-608b5cc7d8b6:c3315]
2019-09-11 04:26:05,327 [grpc-default-executor-4] INFO  client.GrpcClientProtocolClient (GrpcClientProtocolClient.java:onNext(264)) - client-734BBEB428D7->a5e38e3e-c2ad-4348-acb9-3fc25cfb14dd: receive RaftClientReply:client-734BBEB428D7->a5e38e3e-c2ad-4348-acb9-3fc25cfb14dd@group-7000B19605CB, cid=2238, SUCCESS, logIndex=3318, commits[a5e38e3e-c2ad-4348-acb9-3fc25cfb14dd:c3320, 11e48d46-e648-47f9-b6a0-9c7f26654c28:c3317, d1b6a90e-e817-40a7-bec1-608b5cc7d8b6:c3317]
2019-09-11 04:26:05,328 [grpc-default-executor-4] INFO  client.GrpcClientProtocolClient (GrpcClientProtocolClient.java:onNext(264)) - client-734BBEB428D7->a5e38e3e-c2ad-4348-acb9-3fc25cfb14dd: receive RaftClientReply:client-734BBEB428D7->a5e38e3e-c2ad-4348-acb9-3fc25cfb14dd@group-7000B19605CB, cid=2239, SUCCESS, logIndex=3319, commits[a5e38e3e-c2ad-4348-acb9-3fc25cfb14dd:c3321, 11e48d46-e648-47f9-b6a0-9c7f26654c28:c3317, d1b6a90e-e817-40a7-bec1-608b5cc7d8b6:c3317]
2019-09-11 04:26:05,328 [grpc-default-executor-4] INFO  client.GrpcClientProtocolClient (GrpcClientProtocolClient.java:onNext(264)) - client-734BBEB428D7->a5e38e3e-c2ad-4348-acb9-3fc25cfb14dd: receive RaftClientReply:client-734BBEB428D7->a5e38e3e-c2ad-4348-acb9-3fc25cfb14dd@group-7000B19605CB, cid=2240, SUCCESS, logIndex=3320, commits[a5e38e3e-c2ad-4348-acb9-3fc25cfb14dd:c3321, 11e48d46-e648-47f9-b6a0-9c7f26654c28:c3317, d1b6a90e-e817-40a7-bec1-608b5cc7d8b6:c3317]
2019-09-11 04:26:05,328 [grpc-default-executor-4] INFO  client.GrpcClientProtocolClient (GrpcClientProtocolClient.java:onNext(264)) - client-734BBEB428D7->a5e38e3e-c2ad-4348-acb9-3fc25cfb14dd: receive RaftClientReply:client-734BBEB428D7->a5e38e3e-c2ad-4348-acb9-3fc25cfb14dd@group-7000B19605CB, cid=2241, SUCCESS, logIndex=3321, commits[a5e38e3e-c2ad-4348-acb9-3fc25cfb14dd:c3321, 11e48d46-e648-47f9-b6a0-9c7f26654c28:c3317, d1b6a90e-e817-40a7-bec1-608b5cc7d8b6:c3317]
2019-09-11 04:26:05,420 [grpc-default-executor-4] INFO  client.GrpcClientProtocolClient (GrpcClientProtocolClient.java:onNext(264)) - client-734BBEB428D7->a5e38e3e-c2ad-4348-acb9-3fc25cfb14dd: receive RaftClientReply:client-734BBEB428D7->a5e38e3e-c2ad-4348-acb9-3fc25cfb14dd@group-7000B19605CB, cid=2242, SUCCESS, logIndex=0, commits[a5e38e3e-c2ad-4348-acb9-3fc25cfb14dd:c3324, 11e48d46-e648-47f9-b6a0-9c7f26654c28:c3319, d1b6a90e-e817-40a7-bec1-608b5cc7d8b6:c3320]
2019-09-11 04:26:05,445 [grpc-default-executor-3] INFO  client.GrpcClientProtocolClient (GrpcClientProtocolClient.java:onNext(264)) - client-734BBEB428D7->a5e38e3e-c2ad-4348-acb9-3fc25cfb14dd: receive RaftClientReply:client-734BBEB428D7->a5e38e3e-c2ad-4348-acb9-3fc25cfb14dd@group-7000B19605CB, cid=2243, SUCCESS, logIndex=3326, commits[a5e38e3e-c2ad-4348-acb9-3fc25cfb14dd:c3327, 11e48d46-e648-47f9-b6a0-9c7f26654c28:c3324, d1b6a90e-e817-40a7-bec1-608b5cc7d8b6:c3324]
2019-09-11 04:26:05,446 [grpc-default-executor-3] INFO  client.GrpcClientProtocolClient (GrpcClientProtocolClient.java:onNext(264)) - client-734BBEB428D7->a5e38e3e-c2ad-4348-acb9-3fc25cfb14dd: receive RaftClientReply:client-734BBEB428D7->a5e38e3e-c2ad-4348-acb9-3fc25cfb14dd@group-7000B19605CB, cid=2244, SUCCESS, logIndex=3327, commits[a5e38e3e-c2ad-4348-acb9-3fc25cfb14dd:c3327, 11e48d46-e648-47f9-b6a0-9c7f26654c28:c3324, d1b6a90e-e817-40a7-bec1-608b5cc7d8b6:c3324]
2019-09-11 04:26:05,467 [grpc-default-executor-4] INFO  client.GrpcClientProtocolClient (GrpcClientProtocolClient.java:onNext(264)) - client-734BBEB428D7->a5e38e3e-c2ad-4348-acb9-3fc25cfb14dd: receive RaftClientReply:client-734BBEB428D7->a5e38e3e-c2ad-4348-acb9-3fc25cfb14dd@group-7000B19605CB, cid=2245, SUCCESS, logIndex=3330, commits[a5e38e3e-c2ad-4348-acb9-3fc25cfb14dd:c3331, 11e48d46-e648-47f9-b6a0-9c7f26654c28:c3327, d1b6a90e-e817-40a7-bec1-608b5cc7d8b6:c3327]
2019-09-11 04:26:05,467 [grpc-default-executor-2] INFO  client.GrpcClientProtocolClient (GrpcClientProtocolClient.java:onNext(264)) - client-734BBEB428D7->a5e38e3e-c2ad-4348-acb9-3fc25cfb14dd: receive RaftClientReply:client-734BBEB428D7->a5e38e3e-c2ad-4348-acb9-3fc25cfb14dd@group-7000B19605CB, cid=2246, SUCCESS, logIndex=3331, commits[a5e38e3e-c2ad-4348-acb9-3fc25cfb14dd:c3331, 11e48d46-e648-47f9-b6a0-9c7f26654c28:c3327, d1b6a90e-e817-40a7-bec1-608b5cc7d8b6:c3327]
2019-09-11 04:26:05,480 [grpc-default-executor-4] INFO  client.GrpcClientProtocolClient (GrpcClientProtocolClient.java:onNext(264)) - client-734BBEB428D7->a5e38e3e-c2ad-4348-acb9-3fc25cfb14dd: receive RaftClientReply:client-734BBEB428D7->a5e38e3e-c2ad-4348-acb9-3fc25cfb14dd@group-7000B19605CB, cid=2247, SUCCESS, logIndex=0, commits[a5e38e3e-c2ad-4348-acb9-3fc25cfb14dd:c3333, 11e48d46-e648-47f9-b6a0-9c7f26654c28:c3331, d1b6a90e-e817-40a7-bec1-608b5cc7d8b6:c3331]
2019-09-11 04:26:05,509 [grpc-default-executor-2] INFO  client.GrpcClientProtocolClient (GrpcClientProtocolClient.java:onNext(264)) - client-734BBEB428D7->a5e38e3e-c2ad-4348-acb9-3fc25cfb14dd: receive RaftClientReply:client-734BBEB428D7->a5e38e3e-c2ad-4348-acb9-3fc25cfb14dd@group-7000B19605CB, cid=2248, SUCCESS, logIndex=3334, commits[a5e38e3e-c2ad-4348-acb9-3fc25cfb14dd:c3335, 11e48d46-e648-47f9-b6a0-9c7f26654c28:c3333, d1b6a90e-e817-40a7-bec1-608b5cc7d8b6:c3333]
2019-09-11 04:26:05,509 [grpc-default-executor-2] INFO  client.GrpcClientProtocolClient (GrpcClientProtocolClient.java:onNext(264)) - client-734BBEB428D7->a5e38e3e-c2ad-4348-acb9-3fc25cfb14dd: receive RaftClientReply:client-734BBEB428D7->a5e38e3e-c2ad-4348-acb9-3fc25cfb14dd@group-7000B19605CB, cid=2249, SUCCESS, logIndex=3335, commits[a5e38e3e-c2ad-4348-acb9-3fc25cfb14dd:c3337, 11e48d46-e648-47f9-b6a0-9c7f26654c28:c3333, d1b6a90e-e817-40a7-bec1-608b5cc7d8b6:c3333]
2019-09-11 04:26:05,509 [grpc-default-executor-2] INFO  client.GrpcClientProtocolClient (GrpcClientProtocolClient.java:onNext(264)) - client-734BBEB428D7->a5e38e3e-c2ad-4348-acb9-3fc25cfb14dd: receive RaftClientReply:client-734BBEB428D7->a5e38e3e-c2ad-4348-acb9-3fc25cfb14dd@group-7000B19605CB, cid=2250, SUCCESS, logIndex=3336, commits[a5e38e3e-c2ad-4348-acb9-3fc25cfb14dd:c3337, 11e48d46-e648-47f9-b6a0-9c7f26654c28:c3333, d1b6a90e-e817-40a7-bec1-608b5cc7d8b6:c3333]
2019-09-11 04:26:05,510 [grpc-default-executor-2] INFO  client.GrpcClientProtocolClient (GrpcClientProtocolClient.java:onNext(264)) - client-734BBEB428D7->a5e38e3e-c2ad-4348-acb9-3fc25cfb14dd: receive RaftClientReply:client-734BBEB428D7->a5e38e3e-c2ad-4348-acb9-3fc25cfb14dd@group-7000B19605CB, cid=2251, SUCCESS, logIndex=3337, commits[a5e38e3e-c2ad-4348-acb9-3fc25cfb14dd:c3337, 11e48d46-e648-47f9-b6a0-9c7f26654c28:c3333, d1b6a90e-e817-40a7-bec1-608b5cc7d8b6:c3333]
2019-09-11 04:26:05,511 [grpc-default-executor-2] INFO  client.GrpcClientProtocolClient (GrpcClientProtocolClient.java:onNext(264)) - client-734BBEB428D7->a5e38e3e-c2ad-4348-acb9-3fc25cfb14dd: receive RaftClientReply:client-734BBEB428D7->a5e38e3e-c2ad-4348-acb9-3fc25cfb14dd@group-7000B19605CB, cid=2252, SUCCESS, logIndex=0, commits[a5e38e3e-c2ad-4348-acb9-3fc25cfb14dd:c3338, 11e48d46-e648-47f9-b6a0-9c7f26654c28:c3335, d1b6a90e-e817-40a7-bec1-608b5cc7d8b6:c3335]
2019-09-11 04:26:05,533 [grpc-default-executor-4] INFO  client.GrpcClientProtocolClient (GrpcClientProtocolClient.java:onNext(264)) - client-734BBEB428D7->a5e38e3e-c2ad-4348-acb9-3fc25cfb14dd: receive RaftClientReply:client-734BBEB428D7->a5e38e3e-c2ad-4348-acb9-3fc25cfb14dd@group-7000B19605CB, cid=2253, SUCCESS, logIndex=3342, commits[a5e38e3e-c2ad-4348-acb9-3fc25cfb14dd:c3343, 11e48d46-e648-47f9-b6a0-9c7f26654c28:c3341, d1b6a90e-e817-40a7-bec1-608b5cc7d8b6:c3341]
2019-09-11 04:26:05,534 [grpc-default-executor-4] INFO  client.GrpcClientProtocolClient (GrpcClientProtocolClient.java:onNext(264)) - client-734BBEB428D7->a5e38e3e-c2ad-4348-acb9-3fc25cfb14dd: receive RaftClientReply:client-734BBEB428D7->a5e38e3e-c2ad-4348-acb9-3fc25cfb14dd@group-7000B19605CB, cid=2254, SUCCESS, logIndex=3343, commits[a5e38e3e-c2ad-4348-acb9-3fc25cfb14dd:c3343, 11e48d46-e648-47f9-b6a0-9c7f26654c28:c3341, d1b6a90e-e817-40a7-bec1-608b5cc7d8b6:c3341]
2019-09-11 04:26:05,557 [grpc-default-executor-4] INFO  client.GrpcClientProtocolClient (GrpcClientProtocolClient.java:onNext(264)) - client-734BBEB428D7->a5e38e3e-c2ad-4348-acb9-3fc25cfb14dd: receive RaftClientReply:client-734BBEB428D7->a5e38e3e-c2ad-4348-acb9-3fc25cfb14dd@group-7000B19605CB, cid=2255, SUCCESS, logIndex=3346, commits[a5e38e3e-c2ad-4348-acb9-3fc25cfb14dd:c3347, 11e48d46-e648-47f9-b6a0-9c7f26654c28:c3343, d1b6a90e-e817-40a7-bec1-608b5cc7d8b6:c3343]
2019-09-11 04:26:05,557 [grpc-default-executor-4] INFO  client.GrpcClientProtocolClient (GrpcClientProtocolClient.java:onNext(264)) - client-734BBEB428D7->a5e38e3e-c2ad-4348-acb9-3fc25cfb14dd: receive RaftClientReply:client-734BBEB428D7->a5e38e3e-c2ad-4348-acb9-3fc25cfb14dd@group-7000B19605CB, cid=2256, SUCCESS, logIndex=3347, commits[a5e38e3e-c2ad-4348-acb9-3fc25cfb14dd:c3347, 11e48d46-e648-47f9-b6a0-9c7f26654c28:c3343, d1b6a90e-e817-40a7-bec1-608b5cc7d8b6:c3343]
2019-09-11 04:26:05,560 [grpc-default-executor-4] INFO  client.GrpcClientProtocolClient (GrpcClientProtocolClient.java:onNext(264)) - client-734BBEB428D7->a5e38e3e-c2ad-4348-acb9-3fc25cfb14dd: receive RaftClientReply:client-734BBEB428D7->a5e38e3e-c2ad-4348-acb9-3fc25cfb14dd@group-7000B19605CB, cid=2257, SUCCESS, logIndex=0, commits[a5e38e3e-c2ad-4348-acb9-3fc25cfb14dd:c3349, 11e48d46-e648-47f9-b6a0-9c7f26654c28:c3347, d1b6a90e-e817-40a7-bec1-608b5cc7d8b6:c3347]
2019-09-11 04:26:05,591 [grpc-default-executor-3] INFO  client.GrpcClientProtocolClient (GrpcClientProtocolClient.java:onNext(264)) - client-734BBEB428D7->a5e38e3e-c2ad-4348-acb9-3fc25cfb14dd: receive RaftClientReply:client-734BBEB428D7->a5e38e3e-c2ad-4348-acb9-3fc25cfb14dd@group-7000B19605CB, cid=2258, SUCCESS, logIndex=3350, commits[a5e38e3e-c2ad-4348-acb9-3fc25cfb14dd:c3351, 11e48d46-e648-47f9-b6a0-9c7f26654c28:c3349, d1b6a90e-e817-40a7-bec1-608b5cc7d8b6:c3349]
2019-09-11 04:26:05,592 [grpc-default-executor-3] INFO  client.GrpcClientProtocolClient (GrpcClientProtocolClient.java:onNext(264)) - client-734BBEB428D7->a5e38e3e-c2ad-4348-acb9-3fc25cfb14dd: receive RaftClientReply:client-734BBEB428D7->a5e38e3e-c2ad-4348-acb9-3fc25cfb14dd@group-7000B19605CB, cid=2259, SUCCESS, logIndex=3351, commits[a5e38e3e-c2ad-4348-acb9-3fc25cfb14dd:c3351, 11e48d46-e648-47f9-b6a0-9c7f26654c28:c3349, d1b6a90e-e817-40a7-bec1-608b5cc7d8b6:c3349]
2019-09-11 04:26:05,592 [grpc-default-executor-3] INFO  client.GrpcClientProtocolClient (GrpcClientProtocolClient.java:onNext(264)) - client-734BBEB428D7->a5e38e3e-c2ad-4348-acb9-3fc25cfb14dd: receive RaftClientReply:client-734BBEB428D7->a5e38e3e-c2ad-4348-acb9-3fc25cfb14dd@group-7000B19605CB, cid=2260, SUCCESS, logIndex=3352, commits[a5e38e3e-c2ad-4348-acb9-3fc25cfb14dd:c3353, 11e48d46-e648-47f9-b6a0-9c7f26654c28:c3349, d1b6a90e-e817-40a7-bec1-608b5cc7d8b6:c3349]
2019-09-11 04:26:05,593 [grpc-default-executor-3] INFO  client.GrpcClientProtocolClient (GrpcClientProtocolClient.java:onNext(264)) - client-734BBEB428D7->a5e38e3e-c2ad-4348-acb9-3fc25cfb14dd: receive RaftClientReply:client-734BBEB428D7->a5e38e3e-c2ad-4348-acb9-3fc25cfb14dd@group-7000B19605CB, cid=2261, SUCCESS, logIndex=3353, commits[a5e38e3e-c2ad-4348-acb9-3fc25cfb14dd:c3353, 11e48d46-e648-47f9-b6a0-9c7f26654c28:c3349, d1b6a90e-e817-40a7-bec1-608b5cc7d8b6:c3349]
2019-09-11 04:26:05,595 [grpc-default-executor-4] INFO  client.GrpcClientProtocolClient (GrpcClientProtocolClient.java:onNext(264)) - client-734BBEB428D7->a5e38e3e-c2ad-4348-acb9-3fc25cfb14dd: receive RaftClientReply:client-734BBEB428D7->a5e38e3e-c2ad-4348-acb9-3fc25cfb14dd@group-7000B19605CB, cid=2262, SUCCESS, logIndex=0, commits[a5e38e3e-c2ad-4348-acb9-3fc25cfb14dd:c3355, 11e48d46-e648-47f9-b6a0-9c7f26654c28:c3351, d1b6a90e-e817-40a7-bec1-608b5cc7d8b6:c3351]
2019-09-11 04:26:05,616 [grpc-default-executor-4] INFO  client.GrpcClientProtocolClient (GrpcClientProtocolClient.java:onNext(264)) - client-734BBEB428D7->a5e38e3e-c2ad-4348-acb9-3fc25cfb14dd: receive RaftClientReply:client-734BBEB428D7->a5e38e3e-c2ad-4348-acb9-3fc25cfb14dd@group-7000B19605CB, cid=2263, SUCCESS, logIndex=3358, commits[a5e38e3e-c2ad-4348-acb9-3fc25cfb14dd:c3359, 11e48d46-e648-47f9-b6a0-9c7f26654c28:c3357, d1b6a90e-e817-40a7-bec1-608b5cc7d8b6:c3357]
2019-09-11 04:26:05,617 [grpc-default-executor-4] INFO  client.GrpcClientProtocolClient (GrpcClientProtocolClient.java:onNext(264)) - client-734BBEB428D7->a5e38e3e-c2ad-4348-acb9-3fc25cfb14dd: receive RaftClientReply:client-734BBEB428D7->a5e38e3e-c2ad-4348-acb9-3fc25cfb14dd@group-7000B19605CB, cid=2264, SUCCESS, logIndex=3359, commits[a5e38e3e-c2ad-4348-acb9-3fc25cfb14dd:c3359, 11e48d46-e648-47f9-b6a0-9c7f26654c28:c3357, d1b6a90e-e817-40a7-bec1-608b5cc7d8b6:c3357]
2019-09-11 04:26:05,629 [grpc-default-executor-4] INFO  client.GrpcClientProtocolClient (GrpcClientProtocolClient.java:onNext(264)) - client-734BBEB428D7->a5e38e3e-c2ad-4348-acb9-3fc25cfb14dd: receive RaftClientReply:client-734BBEB428D7->a5e38e3e-c2ad-4348-acb9-3fc25cfb14dd@group-7000B19605CB, cid=2265, SUCCESS, logIndex=3362, commits[a5e38e3e-c2ad-4348-acb9-3fc25cfb14dd:c3363, 11e48d46-e648-47f9-b6a0-9c7f26654c28:c3359, d1b6a90e-e817-40a7-bec1-608b5cc7d8b6:c3359]
2019-09-11 04:26:05,630 [grpc-default-executor-4] INFO  client.GrpcClientProtocolClient (GrpcClientProtocolClient.java:onNext(264)) - client-734BBEB428D7->a5e38e3e-c2ad-4348-acb9-3fc25cfb14dd: receive RaftClientReply:client-734BBEB428D7->a5e38e3e-c2ad-4348-acb9-3fc25cfb14dd@group-7000B19605CB, cid=2266, SUCCESS, logIndex=3363, commits[a5e38e3e-c2ad-4348-acb9-3fc25cfb14dd:c3363, 11e48d46-e648-47f9-b6a0-9c7f26654c28:c3359, d1b6a90e-e817-40a7-bec1-608b5cc7d8b6:c3359]
2019-09-11 04:26:05,642 [grpc-default-executor-2] INFO  client.GrpcClientProtocolClient (GrpcClientProtocolClient.java:onNext(264)) - client-734BBEB428D7->a5e38e3e-c2ad-4348-acb9-3fc25cfb14dd: receive RaftClientReply:client-734BBEB428D7->a5e38e3e-c2ad-4348-acb9-3fc25cfb14dd@group-7000B19605CB, cid=2267, SUCCESS, logIndex=0, commits[a5e38e3e-c2ad-4348-acb9-3fc25cfb14dd:c3365, 11e48d46-e648-47f9-b6a0-9c7f26654c28:c3363, d1b6a90e-e817-40a7-bec1-608b5cc7d8b6:c3363]
2019-09-11 04:26:05,664 [grpc-default-executor-3] INFO  client.GrpcClientProtocolClient (GrpcClientProtocolClient.java:onNext(264)) - client-734BBEB428D7->a5e38e3e-c2ad-4348-acb9-3fc25cfb14dd: receive RaftClientReply:client-734BBEB428D7->a5e38e3e-c2ad-4348-acb9-3fc25cfb14dd@group-7000B19605CB, cid=2268, SUCCESS, logIndex=3366, commits[a5e38e3e-c2ad-4348-acb9-3fc25cfb14dd:c3367, 11e48d46-e648-47f9-b6a0-9c7f26654c28:c3365, d1b6a90e-e817-40a7-bec1-608b5cc7d8b6:c3365]
2019-09-11 04:26:05,664 [grpc-default-executor-3] INFO  client.GrpcClientProtocolClient (GrpcClientProtocolClient.java:onNext(264)) - client-734BBEB428D7->a5e38e3e-c2ad-4348-acb9-3fc25cfb14dd: receive RaftClientReply:client-734BBEB428D7->a5e38e3e-c2ad-4348-acb9-3fc25cfb14dd@group-7000B19605CB, cid=2269, SUCCESS, logIndex=3367, commits[a5e38e3e-c2ad-4348-acb9-3fc25cfb14dd:c3367, 11e48d46-e648-47f9-b6a0-9c7f26654c28:c3365, d1b6a90e-e817-40a7-bec1-608b5cc7d8b6:c3365]
2019-09-11 04:26:05,664 [grpc-default-executor-3] INFO  client.GrpcClientProtocolClient (GrpcClientProtocolClient.java:onNext(264)) - client-734BBEB428D7->a5e38e3e-c2ad-4348-acb9-3fc25cfb14dd: receive RaftClientReply:client-734BBEB428D7->a5e38e3e-c2ad-4348-acb9-3fc25cfb14dd@group-7000B19605CB, cid=2270, SUCCESS, logIndex=3368, commits[a5e38e3e-c2ad-4348-acb9-3fc25cfb14dd:c3369, 11e48d46-e648-47f9-b6a0-9c7f26654c28:c3365, d1b6a90e-e817-40a7-bec1-608b5cc7d8b6:c3365]
2019-09-11 04:26:05,665 [grpc-default-executor-3] INFO  client.GrpcClientProtocolClient (GrpcClientProtocolClient.java:onNext(264)) - client-734BBEB428D7->a5e38e3e-c2ad-4348-acb9-3fc25cfb14dd: receive RaftClientReply:client-734BBEB428D7->a5e38e3e-c2ad-4348-acb9-3fc25cfb14dd@group-7000B19605CB, cid=2271, SUCCESS, logIndex=3369, commits[a5e38e3e-c2ad-4348-acb9-3fc25cfb14dd:c3369, 11e48d46-e648-47f9-b6a0-9c7f26654c28:c3365, d1b6a90e-e817-40a7-bec1-608b5cc7d8b6:c3365]
2019-09-11 04:26:05,666 [grpc-default-executor-2] INFO  client.GrpcClientProtocolClient (GrpcClientProtocolClient.java:onNext(264)) - client-734BBEB428D7->a5e38e3e-c2ad-4348-acb9-3fc25cfb14dd: receive RaftClientReply:client-734BBEB428D7->a5e38e3e-c2ad-4348-acb9-3fc25cfb14dd@group-7000B19605CB, cid=2272, SUCCESS, logIndex=0, commits[a5e38e3e-c2ad-4348-acb9-3fc25cfb14dd:c3371, 11e48d46-e648-47f9-b6a0-9c7f26654c28:c3367, d1b6a90e-e817-40a7-bec1-608b5cc7d8b6:c3367]
2019-09-11 04:26:05,685 [grpc-default-executor-4] INFO  client.GrpcClientProtocolClient (GrpcClientProtocolClient.java:onNext(264)) - client-734BBEB428D7->a5e38e3e-c2ad-4348-acb9-3fc25cfb14dd: receive RaftClientReply:client-734BBEB428D7->a5e38e3e-c2ad-4348-acb9-3fc25cfb14dd@group-7000B19605CB, cid=2273, SUCCESS, logIndex=3374, commits[a5e38e3e-c2ad-4348-acb9-3fc25cfb14dd:c3375, 11e48d46-e648-47f9-b6a0-9c7f26654c28:c3373, d1b6a90e-e817-40a7-bec1-608b5cc7d8b6:c3373]
2019-09-11 04:26:05,685 [grpc-default-executor-4] INFO  client.GrpcClientProtocolClient (GrpcClientProtocolClient.java:onNext(264)) - client-734BBEB428D7->a5e38e3e-c2ad-4348-acb9-3fc25cfb14dd: receive RaftClientReply:client-734BBEB428D7->a5e38e3e-c2ad-4348-acb9-3fc25cfb14dd@group-7000B19605CB, cid=2274, SUCCESS, logIndex=3375, commits[a5e38e3e-c2ad-4348-acb9-3fc25cfb14dd:c3375, 11e48d46-e648-47f9-b6a0-9c7f26654c28:c3373, d1b6a90e-e817-40a7-bec1-608b5cc7d8b6:c3373]
2019-09-11 04:26:05,698 [grpc-default-executor-4] INFO  client.GrpcClientProtocolClient (GrpcClientProtocolClient.java:onNext(264)) - client-734BBEB428D7->a5e38e3e-c2ad-4348-acb9-3fc25cfb14dd: receive RaftClientReply:client-734BBEB428D7->a5e38e3e-c2ad-4348-acb9-3fc25cfb14dd@group-7000B19605CB, cid=2275, SUCCESS, logIndex=3378, commits[a5e38e3e-c2ad-4348-acb9-3fc25cfb14dd:c3379, 11e48d46-e648-47f9-b6a0-9c7f26654c28:c3375, d1b6a90e-e817-40a7-bec1-608b5cc7d8b6:c3375]
2019-09-11 04:26:05,698 [grpc-default-executor-4] INFO  client.GrpcClientProtocolClient (GrpcClientProtocolClient.java:onNext(264)) - client-734BBEB428D7->a5e38e3e-c2ad-4348-acb9-3fc25cfb14dd: receive RaftClientReply:client-734BBEB428D7->a5e38e3e-c2ad-4348-acb9-3fc25cfb14dd@group-7000B19605CB, cid=2276, SUCCESS, logIndex=3379, commits[a5e38e3e-c2ad-4348-acb9-3fc25cfb14dd:c3379, 11e48d46-e648-47f9-b6a0-9c7f26654c28:c3375, d1b6a90e-e817-40a7-bec1-608b5cc7d8b6:c3375]
2019-09-11 04:26:05,711 [grpc-default-executor-4] INFO  client.GrpcClientProtocolClient (GrpcClientProtocolClient.java:onNext(264)) - client-734BBEB428D7->a5e38e3e-c2ad-4348-acb9-3fc25cfb14dd: receive RaftClientReply:client-734BBEB428D7->a5e38e3e-c2ad-4348-acb9-3fc25cfb14dd@group-7000B19605CB, cid=2277, SUCCESS, logIndex=0, commits[a5e38e3e-c2ad-4348-acb9-3fc25cfb14dd:c3381, 11e48d46-e648-47f9-b6a0-9c7f26654c28:c3379, d1b6a90e-e817-40a7-bec1-608b5cc7d8b6:c3379]
2019-09-11 04:26:05,750 [grpc-default-executor-4] INFO  client.GrpcClientProtocolClient (GrpcClientProtocolClient.java:onNext(264)) - client-734BBEB428D7->a5e38e3e-c2ad-4348-acb9-3fc25cfb14dd: receive RaftClientReply:client-734BBEB428D7->a5e38e3e-c2ad-4348-acb9-3fc25cfb14dd@group-7000B19605CB, cid=2278, SUCCESS, logIndex=3382, commits[a5e38e3e-c2ad-4348-acb9-3fc25cfb14dd:c3383, 11e48d46-e648-47f9-b6a0-9c7f26654c28:c3381, d1b6a90e-e817-40a7-bec1-608b5cc7d8b6:c3381]
2019-09-11 04:26:05,750 [grpc-default-executor-4] INFO  client.GrpcClientProtocolClient (GrpcClientProtocolClient.java:onNext(264)) - client-734BBEB428D7->a5e38e3e-c2ad-4348-acb9-3fc25cfb14dd: receive RaftClientReply:client-734BBEB428D7->a5e38e3e-c2ad-4348-acb9-3fc25cfb14dd@group-7000B19605CB, cid=2279, SUCCESS, logIndex=3383, commits[a5e38e3e-c2ad-4348-acb9-3fc25cfb14dd:c3383, 11e48d46-e648-47f9-b6a0-9c7f26654c28:c3381, d1b6a90e-e817-40a7-bec1-608b5cc7d8b6:c3381]
2019-09-11 04:26:05,760 [grpc-default-executor-2] INFO  client.GrpcClientProtocolClient (GrpcClientProtocolClient.java:onNext(264)) - client-734BBEB428D7->a5e38e3e-c2ad-4348-acb9-3fc25cfb14dd: receive RaftClientReply:client-734BBEB428D7->a5e38e3e-c2ad-4348-acb9-3fc25cfb14dd@group-7000B19605CB, cid=2280, SUCCESS, logIndex=3384, commits[a5e38e3e-c2ad-4348-acb9-3fc25cfb14dd:c3385, 11e48d46-e648-47f9-b6a0-9c7f26654c28:c3381, d1b6a90e-e817-40a7-bec1-608b5cc7d8b6:c3381]
2019-09-11 04:26:05,760 [grpc-default-executor-4] INFO  client.GrpcClientProtocolClient (GrpcClientProtocolClient.java:onNext(264)) - client-734BBEB428D7->a5e38e3e-c2ad-4348-acb9-3fc25cfb14dd: receive RaftClientReply:client-734BBEB428D7->a5e38e3e-c2ad-4348-acb9-3fc25cfb14dd@group-7000B19605CB, cid=2281, SUCCESS, logIndex=3385, commits[a5e38e3e-c2ad-4348-acb9-3fc25cfb14dd:c3385, 11e48d46-e648-47f9-b6a0-9c7f26654c28:c3381, d1b6a90e-e817-40a7-bec1-608b5cc7d8b6:c3381]
2019-09-11 04:26:05,762 [grpc-default-executor-4] INFO  client.GrpcClientProtocolClient (GrpcClientProtocolClient.java:onNext(264)) - client-734BBEB428D7->a5e38e3e-c2ad-4348-acb9-3fc25cfb14dd: receive RaftClientReply:client-734BBEB428D7->a5e38e3e-c2ad-4348-acb9-3fc25cfb14dd@group-7000B19605CB, cid=2282, SUCCESS, logIndex=0, commits[a5e38e3e-c2ad-4348-acb9-3fc25cfb14dd:c3388, 11e48d46-e648-47f9-b6a0-9c7f26654c28:c3385, d1b6a90e-e817-40a7-bec1-608b5cc7d8b6:c3383]
2019-09-11 04:26:05,783 [grpc-default-executor-2] INFO  client.GrpcClientProtocolClient (GrpcClientProtocolClient.java:onNext(264)) - client-734BBEB428D7->a5e38e3e-c2ad-4348-acb9-3fc25cfb14dd: receive RaftClientReply:client-734BBEB428D7->a5e38e3e-c2ad-4348-acb9-3fc25cfb14dd@group-7000B19605CB, cid=2283, SUCCESS, logIndex=3389, commits[a5e38e3e-c2ad-4348-acb9-3fc25cfb14dd:c3390, 11e48d46-e648-47f9-b6a0-9c7f26654c28:c3388, d1b6a90e-e817-40a7-bec1-608b5cc7d8b6:c3388]
2019-09-11 04:26:05,783 [grpc-default-executor-2] INFO  client.GrpcClientProtocolClient (GrpcClientProtocolClient.java:onNext(264)) - client-734BBEB428D7->a5e38e3e-c2ad-4348-acb9-3fc25cfb14dd: receive RaftClientReply:client-734BBEB428D7->a5e38e3e-c2ad-4348-acb9-3fc25cfb14dd@group-7000B19605CB, cid=2284, SUCCESS, logIndex=3390, commits[a5e38e3e-c2ad-4348-acb9-3fc25cfb14dd:c3390, 11e48d46-e648-47f9-b6a0-9c7f26654c28:c3388, d1b6a90e-e817-40a7-bec1-608b5cc7d8b6:c3388]
2019-09-11 04:26:05,796 [grpc-default-executor-3] INFO  client.GrpcClientProtocolClient (GrpcClientProtocolClient.java:onNext(264)) - client-734BBEB428D7->a5e38e3e-c2ad-4348-acb9-3fc25cfb14dd: receive RaftClientReply:client-734BBEB428D7->a5e38e3e-c2ad-4348-acb9-3fc25cfb14dd@group-7000B19605CB, cid=2285, SUCCESS, logIndex=3393, commits[a5e38e3e-c2ad-4348-acb9-3fc25cfb14dd:c3394, 11e48d46-e648-47f9-b6a0-9c7f26654c28:c3390, d1b6a90e-e817-40a7-bec1-608b5cc7d8b6:c3390]
2019-09-11 04:26:05,796 [grpc-default-executor-3] INFO  client.GrpcClientProtocolClient (GrpcClientProtocolClient.java:onNext(264)) - client-734BBEB428D7->a5e38e3e-c2ad-4348-acb9-3fc25cfb14dd: receive RaftClientReply:client-734BBEB428D7->a5e38e3e-c2ad-4348-acb9-3fc25cfb14dd@group-7000B19605CB, cid=2286, SUCCESS, logIndex=3394, commits[a5e38e3e-c2ad-4348-acb9-3fc25cfb14dd:c3394, 11e48d46-e648-47f9-b6a0-9c7f26654c28:c3390, d1b6a90e-e817-40a7-bec1-608b5cc7d8b6:c3390]
2019-09-11 04:26:05,809 [grpc-default-executor-3] INFO  client.GrpcClientProtocolClient (GrpcClientProtocolClient.java:onNext(264)) - client-734BBEB428D7->a5e38e3e-c2ad-4348-acb9-3fc25cfb14dd: receive RaftClientReply:client-734BBEB428D7->a5e38e3e-c2ad-4348-acb9-3fc25cfb14dd@group-7000B19605CB, cid=2287, SUCCESS, logIndex=0, commits[a5e38e3e-c2ad-4348-acb9-3fc25cfb14dd:c3395, 11e48d46-e648-47f9-b6a0-9c7f26654c28:c3394, d1b6a90e-e817-40a7-bec1-608b5cc7d8b6:c3394]
2019-09-11 04:26:05,838 [grpc-default-executor-3] INFO  client.GrpcClientProtocolClient (GrpcClientProtocolClient.java:onNext(264)) - client-734BBEB428D7->a5e38e3e-c2ad-4348-acb9-3fc25cfb14dd: receive RaftClientReply:client-734BBEB428D7->a5e38e3e-c2ad-4348-acb9-3fc25cfb14dd@group-7000B19605CB, cid=2288, SUCCESS, logIndex=3397, commits[a5e38e3e-c2ad-4348-acb9-3fc25cfb14dd:c3399, 11e48d46-e648-47f9-b6a0-9c7f26654c28:c3396, d1b6a90e-e817-40a7-bec1-608b5cc7d8b6:c3396]
2019-09-11 04:26:05,838 [grpc-default-executor-3] INFO  client.GrpcClientProtocolClient (GrpcClientProtocolClient.java:onNext(264)) - client-734BBEB428D7->a5e38e3e-c2ad-4348-acb9-3fc25cfb14dd: receive RaftClientReply:client-734BBEB428D7->a5e38e3e-c2ad-4348-acb9-3fc25cfb14dd@group-7000B19605CB, cid=2289, SUCCESS, logIndex=3398, commits[a5e38e3e-c2ad-4348-acb9-3fc25cfb14dd:c3400, 11e48d46-e648-47f9-b6a0-9c7f26654c28:c3396, d1b6a90e-e817-40a7-bec1-608b5cc7d8b6:c3396]
2019-09-11 04:26:05,838 [grpc-default-executor-3] INFO  client.GrpcClientProtocolClient (GrpcClientProtocolClient.java:onNext(264)) - client-734BBEB428D7->a5e38e3e-c2ad-4348-acb9-3fc25cfb14dd: receive RaftClientReply:client-734BBEB428D7->a5e38e3e-c2ad-4348-acb9-3fc25cfb14dd@group-7000B19605CB, cid=2290, SUCCESS, logIndex=3399, commits[a5e38e3e-c2ad-4348-acb9-3fc25cfb14dd:c3400, 11e48d46-e648-47f9-b6a0-9c7f26654c28:c3396, d1b6a90e-e817-40a7-bec1-608b5cc7d8b6:c3396]
2019-09-11 04:26:05,838 [grpc-default-executor-3] INFO  client.GrpcClientProtocolClient (GrpcClientProtocolClient.java:onNext(264)) - client-734BBEB428D7->a5e38e3e-c2ad-4348-acb9-3fc25cfb14dd: receive RaftClientReply:client-734BBEB428D7->a5e38e3e-c2ad-4348-acb9-3fc25cfb14dd@group-7000B19605CB, cid=2291, SUCCESS, logIndex=3400, commits[a5e38e3e-c2ad-4348-acb9-3fc25cfb14dd:c3400, 11e48d46-e648-47f9-b6a0-9c7f26654c28:c3396, d1b6a90e-e817-40a7-bec1-608b5cc7d8b6:c3396]
2019-09-11 04:26:05,840 [grpc-default-executor-4] INFO  client.GrpcClientProtocolClient (GrpcClientProtocolClient.java:onNext(264)) - client-734BBEB428D7->a5e38e3e-c2ad-4348-acb9-3fc25cfb14dd: receive RaftClientReply:client-734BBEB428D7->a5e38e3e-c2ad-4348-acb9-3fc25cfb14dd@group-7000B19605CB, cid=2292, SUCCESS, logIndex=0, commits[a5e38e3e-c2ad-4348-acb9-3fc25cfb14dd:c3401, 11e48d46-e648-47f9-b6a0-9c7f26654c28:c3398, d1b6a90e-e817-40a7-bec1-608b5cc7d8b6:c3398]
2019-09-11 04:26:05,868 [grpc-default-executor-3] INFO  client.GrpcClientProtocolClient (GrpcClientProtocolClient.java:onNext(264)) - client-734BBEB428D7->a5e38e3e-c2ad-4348-acb9-3fc25cfb14dd: receive RaftClientReply:client-734BBEB428D7->a5e38e3e-c2ad-4348-acb9-3fc25cfb14dd@group-7000B19605CB, cid=2293, SUCCESS, logIndex=3405, commits[a5e38e3e-c2ad-4348-acb9-3fc25cfb14dd:c3406, 11e48d46-e648-47f9-b6a0-9c7f26654c28:c3400, d1b6a90e-e817-40a7-bec1-608b5cc7d8b6:c3404]
2019-09-11 04:26:05,868 [grpc-default-executor-3] INFO  client.GrpcClientProtocolClient (GrpcClientProtocolClient.java:onNext(264)) - client-734BBEB428D7->a5e38e3e-c2ad-4348-acb9-3fc25cfb14dd: receive RaftClientReply:client-734BBEB428D7->a5e38e3e-c2ad-4348-acb9-3fc25cfb14dd@group-7000B19605CB, cid=2294, SUCCESS, logIndex=3406, commits[a5e38e3e-c2ad-4348-acb9-3fc25cfb14dd:c3406, 11e48d46-e648-47f9-b6a0-9c7f26654c28:c3404, d1b6a90e-e817-40a7-bec1-608b5cc7d8b6:c3404]
2019-09-11 04:26:05,881 [grpc-default-executor-2] INFO  client.GrpcClientProtocolClient (GrpcClientProtocolClient.java:onNext(264)) - client-734BBEB428D7->a5e38e3e-c2ad-4348-acb9-3fc25cfb14dd: receive RaftClientReply:client-734BBEB428D7->a5e38e3e-c2ad-4348-acb9-3fc25cfb14dd@group-7000B19605CB, cid=2295, SUCCESS, logIndex=3408, commits[a5e38e3e-c2ad-4348-acb9-3fc25cfb14dd:c3409, 11e48d46-e648-47f9-b6a0-9c7f26654c28:c3406, d1b6a90e-e817-40a7-bec1-608b5cc7d8b6:c3406]
2019-09-11 04:26:05,881 [grpc-default-executor-2] INFO  client.GrpcClientProtocolClient (GrpcClientProtocolClient.java:onNext(264)) - client-734BBEB428D7->a5e38e3e-c2ad-4348-acb9-3fc25cfb14dd: receive RaftClientReply:client-734BBEB428D7->a5e38e3e-c2ad-4348-acb9-3fc25cfb14dd@group-7000B19605CB, cid=2296, SUCCESS, logIndex=3409, commits[a5e38e3e-c2ad-4348-acb9-3fc25cfb14dd:c3409, 11e48d46-e648-47f9-b6a0-9c7f26654c28:c3406, d1b6a90e-e817-40a7-bec1-608b5cc7d8b6:c3406]
2019-09-11 04:26:05,894 [grpc-default-executor-3] INFO  client.GrpcClientProtocolClient (GrpcClientProtocolClient.java:onNext(264)) - client-734BBEB428D7->a5e38e3e-c2ad-4348-acb9-3fc25cfb14dd: receive RaftClientReply:client-734BBEB428D7->a5e38e3e-c2ad-4348-acb9-3fc25cfb14dd@group-7000B19605CB, cid=2297, SUCCESS, logIndex=0, commits[a5e38e3e-c2ad-4348-acb9-3fc25cfb14dd:c3411, 11e48d46-e648-47f9-b6a0-9c7f26654c28:c3409, d1b6a90e-e817-40a7-bec1-608b5cc7d8b6:c3409]
2019-09-11 04:26:05,921 [grpc-default-executor-4] INFO  client.GrpcClientProtocolClient (GrpcClientProtocolClient.java:onNext(264)) - client-734BBEB428D7->a5e38e3e-c2ad-4348-acb9-3fc25cfb14dd: receive RaftClientReply:client-734BBEB428D7->a5e38e3e-c2ad-4348-acb9-3fc25cfb14dd@group-7000B19605CB, cid=2298, SUCCESS, logIndex=3412, commits[a5e38e3e-c2ad-4348-acb9-3fc25cfb14dd:c3413, 11e48d46-e648-47f9-b6a0-9c7f26654c28:c3411, d1b6a90e-e817-40a7-bec1-608b5cc7d8b6:c3411]
2019-09-11 04:26:05,921 [grpc-default-executor-4] INFO  client.GrpcClientProtocolClient (GrpcClientProtocolClient.java:onNext(264)) - client-734BBEB428D7->a5e38e3e-c2ad-4348-acb9-3fc25cfb14dd: receive RaftClientReply:client-734BBEB428D7->a5e38e3e-c2ad-4348-acb9-3fc25cfb14dd@group-7000B19605CB, cid=2299, SUCCESS, logIndex=3413, commits[a5e38e3e-c2ad-4348-acb9-3fc25cfb14dd:c3415, 11e48d46-e648-47f9-b6a0-9c7f26654c28:c3411, d1b6a90e-e817-40a7-bec1-608b5cc7d8b6:c3411]
2019-09-11 04:26:05,921 [grpc-default-executor-4] INFO  client.GrpcClientProtocolClient (GrpcClientProtocolClient.java:onNext(264)) - client-734BBEB428D7->a5e38e3e-c2ad-4348-acb9-3fc25cfb14dd: receive RaftClientReply:client-734BBEB428D7->a5e38e3e-c2ad-4348-acb9-3fc25cfb14dd@group-7000B19605CB, cid=2300, SUCCESS, logIndex=3414, commits[a5e38e3e-c2ad-4348-acb9-3fc25cfb14dd:c3415, 11e48d46-e648-47f9-b6a0-9c7f26654c28:c3411, d1b6a90e-e817-40a7-bec1-608b5cc7d8b6:c3411]
2019-09-11 04:26:05,921 [grpc-default-executor-4] INFO  client.GrpcClientProtocolClient (GrpcClientProtocolClient.java:onNext(264)) - client-734BBEB428D7->a5e38e3e-c2ad-4348-acb9-3fc25cfb14dd: receive RaftClientReply:client-734BBEB428D7->a5e38e3e-c2ad-4348-acb9-3fc25cfb14dd@group-7000B19605CB, cid=2301, SUCCESS, logIndex=3415, commits[a5e38e3e-c2ad-4348-acb9-3fc25cfb14dd:c3415, 11e48d46-e648-47f9-b6a0-9c7f26654c28:c3411, d1b6a90e-e817-40a7-bec1-608b5cc7d8b6:c3411]
2019-09-11 04:26:05,923 [grpc-default-executor-4] INFO  client.GrpcClientProtocolClient (GrpcClientProtocolClient.java:onNext(264)) - client-734BBEB428D7->a5e38e3e-c2ad-4348-acb9-3fc25cfb14dd: receive RaftClientReply:client-734BBEB428D7->a5e38e3e-c2ad-4348-acb9-3fc25cfb14dd@group-7000B19605CB, cid=2302, SUCCESS, logIndex=0, commits[a5e38e3e-c2ad-4348-acb9-3fc25cfb14dd:c3416, 11e48d46-e648-47f9-b6a0-9c7f26654c28:c3413, d1b6a90e-e817-40a7-bec1-608b5cc7d8b6:c3413]
2019-09-11 04:26:05,941 [grpc-default-executor-2] INFO  client.GrpcClientProtocolClient (GrpcClientProtocolClient.java:onNext(264)) - client-734BBEB428D7->a5e38e3e-c2ad-4348-acb9-3fc25cfb14dd: receive RaftClientReply:client-734BBEB428D7->a5e38e3e-c2ad-4348-acb9-3fc25cfb14dd@group-7000B19605CB, cid=2303, SUCCESS, logIndex=3418, commits[a5e38e3e-c2ad-4348-acb9-3fc25cfb14dd:c3419, 11e48d46-e648-47f9-b6a0-9c7f26654c28:c3417, d1b6a90e-e817-40a7-bec1-608b5cc7d8b6:c3417]
2019-09-11 04:26:05,941 [grpc-default-executor-2] INFO  client.GrpcClientProtocolClient (GrpcClientProtocolClient.java:onNext(264)) - client-734BBEB428D7->a5e38e3e-c2ad-4348-acb9-3fc25cfb14dd: receive RaftClientReply:client-734BBEB428D7->a5e38e3e-c2ad-4348-acb9-3fc25cfb14dd@group-7000B19605CB, cid=2304, SUCCESS, logIndex=3419, commits[a5e38e3e-c2ad-4348-acb9-3fc25cfb14dd:c3419, 11e48d46-e648-47f9-b6a0-9c7f26654c28:c3417, d1b6a90e-e817-40a7-bec1-608b5cc7d8b6:c3417]
2019-09-11 04:26:05,955 [grpc-default-executor-2] INFO  client.GrpcClientProtocolClient (GrpcClientProtocolClient.java:onNext(264)) - client-734BBEB428D7->a5e38e3e-c2ad-4348-acb9-3fc25cfb14dd: receive RaftClientReply:client-734BBEB428D7->a5e38e3e-c2ad-4348-acb9-3fc25cfb14dd@group-7000B19605CB, cid=2305, SUCCESS, logIndex=3422, commits[a5e38e3e-c2ad-4348-acb9-3fc25cfb14dd:c3423, 11e48d46-e648-47f9-b6a0-9c7f26654c28:c3419, d1b6a90e-e817-40a7-bec1-608b5cc7d8b6:c3419]
2019-09-11 04:26:05,955 [grpc-default-executor-2] INFO  client.GrpcClientProtocolClient (GrpcClientProtocolClient.java:onNext(264)) - client-734BBEB428D7->a5e38e3e-c2ad-4348-acb9-3fc25cfb14dd: receive RaftClientReply:client-734BBEB428D7->a5e38e3e-c2ad-4348-acb9-3fc25cfb14dd@group-7000B19605CB, cid=2306, SUCCESS, logIndex=3423, commits[a5e38e3e-c2ad-4348-acb9-3fc25cfb14dd:c3423, 11e48d46-e648-47f9-b6a0-9c7f26654c28:c3419, d1b6a90e-e817-40a7-bec1-608b5cc7d8b6:c3419]
2019-09-11 04:26:05,968 [grpc-default-executor-2] INFO  client.GrpcClientProtocolClient (GrpcClientProtocolClient.java:onNext(264)) - client-734BBEB428D7->a5e38e3e-c2ad-4348-acb9-3fc25cfb14dd: receive RaftClientReply:client-734BBEB428D7->a5e38e3e-c2ad-4348-acb9-3fc25cfb14dd@group-7000B19605CB, cid=2307, SUCCESS, logIndex=0, commits[a5e38e3e-c2ad-4348-acb9-3fc25cfb14dd:c3425, 11e48d46-e648-47f9-b6a0-9c7f26654c28:c3423, d1b6a90e-e817-40a7-bec1-608b5cc7d8b6:c3423]
2019-09-11 04:26:05,995 [grpc-default-executor-2] INFO  client.GrpcClientProtocolClient (GrpcClientProtocolClient.java:onNext(264)) - client-734BBEB428D7->a5e38e3e-c2ad-4348-acb9-3fc25cfb14dd: receive RaftClientReply:client-734BBEB428D7->a5e38e3e-c2ad-4348-acb9-3fc25cfb14dd@group-7000B19605CB, cid=2308, SUCCESS, logIndex=3426, commits[a5e38e3e-c2ad-4348-acb9-3fc25cfb14dd:c3427, 11e48d46-e648-47f9-b6a0-9c7f26654c28:c3425, d1b6a90e-e817-40a7-bec1-608b5cc7d8b6:c3425]
2019-09-11 04:26:05,996 [grpc-default-executor-2] INFO  client.GrpcClientProtocolClient (GrpcClientProtocolClient.java:onNext(264)) - client-734BBEB428D7->a5e38e3e-c2ad-4348-acb9-3fc25cfb14dd: receive RaftClientReply:client-734BBEB428D7->a5e38e3e-c2ad-4348-acb9-3fc25cfb14dd@group-7000B19605CB, cid=2309, SUCCESS, logIndex=3427, commits[a5e38e3e-c2ad-4348-acb9-3fc25cfb14dd:c3427, 11e48d46-e648-47f9-b6a0-9c7f26654c28:c3425, d1b6a90e-e817-40a7-bec1-608b5cc7d8b6:c3425]
2019-09-11 04:26:05,997 [grpc-default-executor-2] INFO  client.GrpcClientProtocolClient (GrpcClientProtocolClient.java:onNext(264)) - client-734BBEB428D7->a5e38e3e-c2ad-4348-acb9-3fc25cfb14dd: receive RaftClientReply:client-734BBEB428D7->a5e38e3e-c2ad-4348-acb9-3fc25cfb14dd@group-7000B19605CB, cid=2310, SUCCESS, logIndex=3428, commits[a5e38e3e-c2ad-4348-acb9-3fc25cfb14dd:c3428, 11e48d46-e648-47f9-b6a0-9c7f26654c28:c3425, d1b6a90e-e817-40a7-bec1-608b5cc7d8b6:c3425]
2019-09-11 04:26:05,997 [grpc-default-executor-2] INFO  client.GrpcClientProtocolClient (GrpcClientProtocolClient.java:onNext(264)) - client-734BBEB428D7->a5e38e3e-c2ad-4348-acb9-3fc25cfb14dd: receive RaftClientReply:client-734BBEB428D7->a5e38e3e-c2ad-4348-acb9-3fc25cfb14dd@group-7000B19605CB, cid=2311, SUCCESS, logIndex=3429, commits[a5e38e3e-c2ad-4348-acb9-3fc25cfb14dd:c3429, 11e48d46-e648-47f9-b6a0-9c7f26654c28:c3425, d1b6a90e-e817-40a7-bec1-608b5cc7d8b6:c3425]
2019-09-11 04:26:05,998 [grpc-default-executor-2] INFO  client.GrpcClientProtocolClient (GrpcClientProtocolClient.java:onNext(264)) - client-734BBEB428D7->a5e38e3e-c2ad-4348-acb9-3fc25cfb14dd: receive RaftClientReply:client-734BBEB428D7->a5e38e3e-c2ad-4348-acb9-3fc25cfb14dd@group-7000B19605CB, cid=2312, SUCCESS, logIndex=0, commits[a5e38e3e-c2ad-4348-acb9-3fc25cfb14dd:c3430, 11e48d46-e648-47f9-b6a0-9c7f26654c28:c3427, d1b6a90e-e817-40a7-bec1-608b5cc7d8b6:c3427]
2019-09-11 04:26:06,018 [grpc-default-executor-3] INFO  client.GrpcClientProtocolClient (GrpcClientProtocolClient.java:onNext(264)) - client-734BBEB428D7->a5e38e3e-c2ad-4348-acb9-3fc25cfb14dd: receive RaftClientReply:client-734BBEB428D7->a5e38e3e-c2ad-4348-acb9-3fc25cfb14dd@group-7000B19605CB, cid=2313, SUCCESS, logIndex=3433, commits[a5e38e3e-c2ad-4348-acb9-3fc25cfb14dd:c3434, 11e48d46-e648-47f9-b6a0-9c7f26654c28:c3432, d1b6a90e-e817-40a7-bec1-608b5cc7d8b6:c3432]
2019-09-11 04:26:06,018 [grpc-default-executor-3] INFO  client.GrpcClientProtocolClient (GrpcClientProtocolClient.java:onNext(264)) - client-734BBEB428D7->a5e38e3e-c2ad-4348-acb9-3fc25cfb14dd: receive RaftClientReply:client-734BBEB428D7->a5e38e3e-c2ad-4348-acb9-3fc25cfb14dd@group-7000B19605CB, cid=2314, SUCCESS, logIndex=3434, commits[a5e38e3e-c2ad-4348-acb9-3fc25cfb14dd:c3434, 11e48d46-e648-47f9-b6a0-9c7f26654c28:c3432, d1b6a90e-e817-40a7-bec1-608b5cc7d8b6:c3432]
2019-09-11 04:26:06,032 [grpc-default-executor-3] INFO  client.GrpcClientProtocolClient (GrpcClientProtocolClient.java:onNext(264)) - client-734BBEB428D7->a5e38e3e-c2ad-4348-acb9-3fc25cfb14dd: receive RaftClientReply:client-734BBEB428D7->a5e38e3e-c2ad-4348-acb9-3fc25cfb14dd@group-7000B19605CB, cid=2315, SUCCESS, logIndex=3436, commits[a5e38e3e-c2ad-4348-acb9-3fc25cfb14dd:c3437, 11e48d46-e648-47f9-b6a0-9c7f26654c28:c3434, d1b6a90e-e817-40a7-bec1-608b5cc7d8b6:c3434]
2019-09-11 04:26:06,032 [grpc-default-executor-3] INFO  client.GrpcClientProtocolClient (GrpcClientProtocolClient.java:onNext(264)) - client-734BBEB428D7->a5e38e3e-c2ad-4348-acb9-3fc25cfb14dd: receive RaftClientReply:client-734BBEB428D7->a5e38e3e-c2ad-4348-acb9-3fc25cfb14dd@group-7000B19605CB, cid=2316, SUCCESS, logIndex=3437, commits[a5e38e3e-c2ad-4348-acb9-3fc25cfb14dd:c3437, 11e48d46-e648-47f9-b6a0-9c7f26654c28:c3434, d1b6a90e-e817-40a7-bec1-608b5cc7d8b6:c3434]
2019-09-11 04:26:06,043 [grpc-default-executor-3] INFO  client.GrpcClientProtocolClient (GrpcClientProtocolClient.java:onNext(264)) - client-734BBEB428D7->a5e38e3e-c2ad-4348-acb9-3fc25cfb14dd: receive RaftClientReply:client-734BBEB428D7->a5e38e3e-c2ad-4348-acb9-3fc25cfb14dd@group-7000B19605CB, cid=2317, SUCCESS, logIndex=0, commits[a5e38e3e-c2ad-4348-acb9-3fc25cfb14dd:c3438, 11e48d46-e648-47f9-b6a0-9c7f26654c28:c3437, d1b6a90e-e817-40a7-bec1-608b5cc7d8b6:c3437]
 0.00% |█                                                                                                    |  0/1 Time: 0:00:172019-09-11 04:26:06,180 [grpc-default-executor-3] INFO  client.GrpcClientProtocolClient (GrpcClientProtocolClient.java:onNext(264)) - client-734BBEB428D7->a5e38e3e-c2ad-4348-acb9-3fc25cfb14dd: receive RaftClientReply:client-734BBEB428D7->a5e38e3e-c2ad-4348-acb9-3fc25cfb14dd@group-7000B19605CB, cid=2318, SUCCESS, logIndex=3440, commits[a5e38e3e-c2ad-4348-acb9-3fc25cfb14dd:c3441, 11e48d46-e648-47f9-b6a0-9c7f26654c28:c3439, d1b6a90e-e817-40a7-bec1-608b5cc7d8b6:c3439]
2019-09-11 04:26:06,180 [grpc-default-executor-2] INFO  client.GrpcClientProtocolClient (GrpcClientProtocolClient.java:onNext(264)) - client-734BBEB428D7->a5e38e3e-c2ad-4348-acb9-3fc25cfb14dd: receive RaftClientReply:client-734BBEB428D7->a5e38e3e-c2ad-4348-acb9-3fc25cfb14dd@group-7000B19605CB, cid=2319, SUCCESS, logIndex=3441, commits[a5e38e3e-c2ad-4348-acb9-3fc25cfb14dd:c3441, 11e48d46-e648-47f9-b6a0-9c7f26654c28:c3439, d1b6a90e-e817-40a7-bec1-608b5cc7d8b6:c3439]
2019-09-11 04:26:06,180 [grpc-default-executor-2] INFO  client.GrpcClientProtocolClient (GrpcClientProtocolClient.java:onNext(264)) - client-734BBEB428D7->a5e38e3e-c2ad-4348-acb9-3fc25cfb14dd: receive RaftClientReply:client-734BBEB428D7->a5e38e3e-c2ad-4348-acb9-3fc25cfb14dd@group-7000B19605CB, cid=2320, SUCCESS, logIndex=3442, commits[a5e38e3e-c2ad-4348-acb9-3fc25cfb14dd:c3443, 11e48d46-e648-47f9-b6a0-9c7f26654c28:c3439, d1b6a90e-e817-40a7-bec1-608b5cc7d8b6:c3439]
2019-09-11 04:26:06,181 [grpc-default-executor-4] INFO  client.GrpcClientProtocolClient (GrpcClientProtocolClient.java:onNext(264)) - client-734BBEB428D7->a5e38e3e-c2ad-4348-acb9-3fc25cfb14dd: receive RaftClientReply:client-734BBEB428D7->a5e38e3e-c2ad-4348-acb9-3fc25cfb14dd@group-7000B19605CB, cid=2321, SUCCESS, logIndex=3443, commits[a5e38e3e-c2ad-4348-acb9-3fc25cfb14dd:c3443, 11e48d46-e648-47f9-b6a0-9c7f26654c28:c3439, d1b6a90e-e817-40a7-bec1-608b5cc7d8b6:c3439]
2019-09-11 04:26:06,182 [grpc-default-executor-4] INFO  client.GrpcClientProtocolClient (GrpcClientProtocolClient.java:onNext(264)) - client-734BBEB428D7->a5e38e3e-c2ad-4348-acb9-3fc25cfb14dd: receive RaftClientReply:client-734BBEB428D7->a5e38e3e-c2ad-4348-acb9-3fc25cfb14dd@group-7000B19605CB, cid=2322, SUCCESS, logIndex=0, commits[a5e38e3e-c2ad-4348-acb9-3fc25cfb14dd:c3445, 11e48d46-e648-47f9-b6a0-9c7f26654c28:c3441, d1b6a90e-e817-40a7-bec1-608b5cc7d8b6:c3441]
2019-09-11 04:26:06,203 [grpc-default-executor-3] INFO  client.GrpcClientProtocolClient (GrpcClientProtocolClient.java:onNext(264)) - client-734BBEB428D7->a5e38e3e-c2ad-4348-acb9-3fc25cfb14dd: receive RaftClientReply:client-734BBEB428D7->a5e38e3e-c2ad-4348-acb9-3fc25cfb14dd@group-7000B19605CB, cid=2323, SUCCESS, logIndex=3448, commits[a5e38e3e-c2ad-4348-acb9-3fc25cfb14dd:c3449, 11e48d46-e648-47f9-b6a0-9c7f26654c28:c3447, d1b6a90e-e817-40a7-bec1-608b5cc7d8b6:c3447]
2019-09-11 04:26:06,203 [grpc-default-executor-3] INFO  client.GrpcClientProtocolClient (GrpcClientProtocolClient.java:onNext(264)) - client-734BBEB428D7->a5e38e3e-c2ad-4348-acb9-3fc25cfb14dd: receive RaftClientReply:client-734BBEB428D7->a5e38e3e-c2ad-4348-acb9-3fc25cfb14dd@group-7000B19605CB, cid=2324, SUCCESS, logIndex=3449, commits[a5e38e3e-c2ad-4348-acb9-3fc25cfb14dd:c3449, 11e48d46-e648-47f9-b6a0-9c7f26654c28:c3447, d1b6a90e-e817-40a7-bec1-608b5cc7d8b6:c3447]
2019-09-11 04:26:06,216 [grpc-default-executor-4] INFO  client.GrpcClientProtocolClient (GrpcClientProtocolClient.java:onNext(264)) - client-734BBEB428D7->a5e38e3e-c2ad-4348-acb9-3fc25cfb14dd: receive RaftClientReply:client-734BBEB428D7->a5e38e3e-c2ad-4348-acb9-3fc25cfb14dd@group-7000B19605CB, cid=2325, SUCCESS, logIndex=3452, commits[a5e38e3e-c2ad-4348-acb9-3fc25cfb14dd:c3453, 11e48d46-e648-47f9-b6a0-9c7f26654c28:c3449, d1b6a90e-e817-40a7-bec1-608b5cc7d8b6:c3449]
2019-09-11 04:26:06,216 [grpc-default-executor-4] INFO  client.GrpcClientProtocolClient (GrpcClientProtocolClient.java:onNext(264)) - client-734BBEB428D7->a5e38e3e-c2ad-4348-acb9-3fc25cfb14dd: receive RaftClientReply:client-734BBEB428D7->a5e38e3e-c2ad-4348-acb9-3fc25cfb14dd@group-7000B19605CB, cid=2326, SUCCESS, logIndex=3453, commits[a5e38e3e-c2ad-4348-acb9-3fc25cfb14dd:c3453, 11e48d46-e648-47f9-b6a0-9c7f26654c28:c3449, d1b6a90e-e817-40a7-bec1-608b5cc7d8b6:c3449]
2019-09-11 04:26:06,229 [grpc-default-executor-1] INFO  client.GrpcClientProtocolClient (GrpcClientProtocolClient.java:onNext(264)) - client-734BBEB428D7->a5e38e3e-c2ad-4348-acb9-3fc25cfb14dd: receive RaftClientReply:client-734BBEB428D7->a5e38e3e-c2ad-4348-acb9-3fc25cfb14dd@group-7000B19605CB, cid=2327, SUCCESS, logIndex=0, commits[a5e38e3e-c2ad-4348-acb9-3fc25cfb14dd:c3454, 11e48d46-e648-47f9-b6a0-9c7f26654c28:c3453, d1b6a90e-e817-40a7-bec1-608b5cc7d8b6:c3453]
2019-09-11 04:26:06,255 [grpc-default-executor-4] INFO  client.GrpcClientProtocolClient (GrpcClientProtocolClient.java:onNext(264)) - client-734BBEB428D7->a5e38e3e-c2ad-4348-acb9-3fc25cfb14dd: receive RaftClientReply:client-734BBEB428D7->a5e38e3e-c2ad-4348-acb9-3fc25cfb14dd@group-7000B19605CB, cid=2328, SUCCESS, logIndex=3456, commits[a5e38e3e-c2ad-4348-acb9-3fc25cfb14dd:c3457, 11e48d46-e648-47f9-b6a0-9c7f26654c28:c3455, d1b6a90e-e817-40a7-bec1-608b5cc7d8b6:c3455]
2019-09-11 04:26:06,255 [grpc-default-executor-3] INFO  client.GrpcClientProtocolClient (GrpcClientProtocolClient.java:onNext(264)) - client-734BBEB428D7->a5e38e3e-c2ad-4348-acb9-3fc25cfb14dd: receive RaftClientReply:client-734BBEB428D7->a5e38e3e-c2ad-4348-acb9-3fc25cfb14dd@group-7000B19605CB, cid=2329, SUCCESS, logIndex=3457, commits[a5e38e3e-c2ad-4348-acb9-3fc25cfb14dd:c3457, 11e48d46-e648-47f9-b6a0-9c7f26654c28:c3455, d1b6a90e-e817-40a7-bec1-608b5cc7d8b6:c3455]
2019-09-11 04:26:06,256 [grpc-default-executor-4] INFO  client.GrpcClientProtocolClient (GrpcClientProtocolClient.java:onNext(264)) - client-734BBEB428D7->a5e38e3e-c2ad-4348-acb9-3fc25cfb14dd: receive RaftClientReply:client-734BBEB428D7->a5e38e3e-c2ad-4348-acb9-3fc25cfb14dd@group-7000B19605CB, cid=2330, SUCCESS, logIndex=3458, commits[a5e38e3e-c2ad-4348-acb9-3fc25cfb14dd:c3458, 11e48d46-e648-47f9-b6a0-9c7f26654c28:c3455, d1b6a90e-e817-40a7-bec1-608b5cc7d8b6:c3455]
2019-09-11 04:26:06,256 [grpc-default-executor-4] INFO  client.GrpcClientProtocolClient (GrpcClientProtocolClient.java:onNext(264)) - client-734BBEB428D7->a5e38e3e-c2ad-4348-acb9-3fc25cfb14dd: receive RaftClientReply:client-734BBEB428D7->a5e38e3e-c2ad-4348-acb9-3fc25cfb14dd@group-7000B19605CB, cid=2331, SUCCESS, logIndex=3459, commits[a5e38e3e-c2ad-4348-acb9-3fc25cfb14dd:c3459, 11e48d46-e648-47f9-b6a0-9c7f26654c28:c3455, d1b6a90e-e817-40a7-bec1-608b5cc7d8b6:c3455]
2019-09-11 04:26:06,257 [grpc-default-executor-4] INFO  client.GrpcClientProtocolClient (GrpcClientProtocolClient.java:onNext(264)) - client-734BBEB428D7->a5e38e3e-c2ad-4348-acb9-3fc25cfb14dd: receive RaftClientReply:client-734BBEB428D7->a5e38e3e-c2ad-4348-acb9-3fc25cfb14dd@group-7000B19605CB, cid=2332, SUCCESS, logIndex=0, commits[a5e38e3e-c2ad-4348-acb9-3fc25cfb14dd:c3461, 11e48d46-e648-47f9-b6a0-9c7f26654c28:c3457, d1b6a90e-e817-40a7-bec1-608b5cc7d8b6:c3457]
2019-09-11 04:26:06,276 [grpc-default-executor-3] INFO  client.GrpcClientProtocolClient (GrpcClientProtocolClient.java:onNext(264)) - client-734BBEB428D7->a5e38e3e-c2ad-4348-acb9-3fc25cfb14dd: receive RaftClientReply:client-734BBEB428D7->a5e38e3e-c2ad-4348-acb9-3fc25cfb14dd@group-7000B19605CB, cid=2333, SUCCESS, logIndex=3464, commits[a5e38e3e-c2ad-4348-acb9-3fc25cfb14dd:c3465, 11e48d46-e648-47f9-b6a0-9c7f26654c28:c3463, d1b6a90e-e817-40a7-bec1-608b5cc7d8b6:c3463]
2019-09-11 04:26:06,276 [grpc-default-executor-3] INFO  client.GrpcClientProtocolClient (GrpcClientProtocolClient.java:onNext(264)) - client-734BBEB428D7->a5e38e3e-c2ad-4348-acb9-3fc25cfb14dd: receive RaftClientReply:client-734BBEB428D7->a5e38e3e-c2ad-4348-acb9-3fc25cfb14dd@group-7000B19605CB, cid=2334, SUCCESS, logIndex=3465, commits[a5e38e3e-c2ad-4348-acb9-3fc25cfb14dd:c3465, 11e48d46-e648-47f9-b6a0-9c7f26654c28:c3463, d1b6a90e-e817-40a7-bec1-608b5cc7d8b6:c3463]
2019-09-11 04:26:06,288 [grpc-default-executor-1] INFO  client.GrpcClientProtocolClient (GrpcClientProtocolClient.java:onNext(264)) - client-734BBEB428D7->a5e38e3e-c2ad-4348-acb9-3fc25cfb14dd: receive RaftClientReply:client-734BBEB428D7->a5e38e3e-c2ad-4348-acb9-3fc25cfb14dd@group-7000B19605CB, cid=2335, SUCCESS, logIndex=3468, commits[a5e38e3e-c2ad-4348-acb9-3fc25cfb14dd:c3469, 11e48d46-e648-47f9-b6a0-9c7f26654c28:c3465, d1b6a90e-e817-40a7-bec1-608b5cc7d8b6:c3465]
2019-09-11 04:26:06,289 [grpc-default-executor-1] INFO  client.GrpcClientProtocolClient (GrpcClientProtocolClient.java:onNext(264)) - client-734BBEB428D7->a5e38e3e-c2ad-4348-acb9-3fc25cfb14dd: receive RaftClientReply:client-734BBEB428D7->a5e38e3e-c2ad-4348-acb9-3fc25cfb14dd@group-7000B19605CB, cid=2336, SUCCESS, logIndex=3469, commits[a5e38e3e-c2ad-4348-acb9-3fc25cfb14dd:c3469, 11e48d46-e648-47f9-b6a0-9c7f26654c28:c3465, d1b6a90e-e817-40a7-bec1-608b5cc7d8b6:c3465]
2019-09-11 04:26:06,301 [grpc-default-executor-3] INFO  client.GrpcClientProtocolClient (GrpcClientProtocolClient.java:onNext(264)) - client-734BBEB428D7->a5e38e3e-c2ad-4348-acb9-3fc25cfb14dd: receive RaftClientReply:client-734BBEB428D7->a5e38e3e-c2ad-4348-acb9-3fc25cfb14dd@group-7000B19605CB, cid=2337, SUCCESS, logIndex=0, commits[a5e38e3e-c2ad-4348-acb9-3fc25cfb14dd:c3470, 11e48d46-e648-47f9-b6a0-9c7f26654c28:c3469, d1b6a90e-e817-40a7-bec1-608b5cc7d8b6:c3469]
2019-09-11 04:26:06,326 [grpc-default-executor-4] INFO  client.GrpcClientProtocolClient (GrpcClientProtocolClient.java:onNext(264)) - client-734BBEB428D7->a5e38e3e-c2ad-4348-acb9-3fc25cfb14dd: receive RaftClientReply:client-734BBEB428D7->a5e38e3e-c2ad-4348-acb9-3fc25cfb14dd@group-7000B19605CB, cid=2338, SUCCESS, logIndex=3472, commits[a5e38e3e-c2ad-4348-acb9-3fc25cfb14dd:c3474, 11e48d46-e648-47f9-b6a0-9c7f26654c28:c3471, d1b6a90e-e817-40a7-bec1-608b5cc7d8b6:c3471]
2019-09-11 04:26:06,326 [grpc-default-executor-4] INFO  client.GrpcClientProtocolClient (GrpcClientProtocolClient.java:onNext(264)) - client-734BBEB428D7->a5e38e3e-c2ad-4348-acb9-3fc25cfb14dd: receive RaftClientReply:client-734BBEB428D7->a5e38e3e-c2ad-4348-acb9-3fc25cfb14dd@group-7000B19605CB, cid=2339, SUCCESS, logIndex=3473, commits[a5e38e3e-c2ad-4348-acb9-3fc25cfb14dd:c3475, 11e48d46-e648-47f9-b6a0-9c7f26654c28:c3471, d1b6a90e-e817-40a7-bec1-608b5cc7d8b6:c3471]
2019-09-11 04:26:06,326 [grpc-default-executor-4] INFO  client.GrpcClientProtocolClient (GrpcClientProtocolClient.java:onNext(264)) - client-734BBEB428D7->a5e38e3e-c2ad-4348-acb9-3fc25cfb14dd: receive RaftClientReply:client-734BBEB428D7->a5e38e3e-c2ad-4348-acb9-3fc25cfb14dd@group-7000B19605CB, cid=2340, SUCCESS, logIndex=3474, commits[a5e38e3e-c2ad-4348-acb9-3fc25cfb14dd:c3475, 11e48d46-e648-47f9-b6a0-9c7f26654c28:c3471, d1b6a90e-e817-40a7-bec1-608b5cc7d8b6:c3471]
2019-09-11 04:26:06,327 [grpc-default-executor-4] INFO  client.GrpcClientProtocolClient (GrpcClientProtocolClient.java:onNext(264)) - client-734BBEB428D7->a5e38e3e-c2ad-4348-acb9-3fc25cfb14dd: receive RaftClientReply:client-734BBEB428D7->a5e38e3e-c2ad-4348-acb9-3fc25cfb14dd@group-7000B19605CB, cid=2341, SUCCESS, logIndex=3475, commits[a5e38e3e-c2ad-4348-acb9-3fc25cfb14dd:c3475, 11e48d46-e648-47f9-b6a0-9c7f26654c28:c3471, d1b6a90e-e817-40a7-bec1-608b5cc7d8b6:c3471]
2019-09-11 04:26:06,328 [grpc-default-executor-4] INFO  client.GrpcClientProtocolClient (GrpcClientProtocolClient.java:onNext(264)) - client-734BBEB428D7->a5e38e3e-c2ad-4348-acb9-3fc25cfb14dd: receive RaftClientReply:client-734BBEB428D7->a5e38e3e-c2ad-4348-acb9-3fc25cfb14dd@group-7000B19605CB, cid=2342, SUCCESS, logIndex=0, commits[a5e38e3e-c2ad-4348-acb9-3fc25cfb14dd:c3478, 11e48d46-e648-47f9-b6a0-9c7f26654c28:c3473, d1b6a90e-e817-40a7-bec1-608b5cc7d8b6:c3475]
2019-09-11 04:26:06,345 [grpc-default-executor-3] INFO  client.GrpcClientProtocolClient (GrpcClientProtocolClient.java:onNext(264)) - client-734BBEB428D7->a5e38e3e-c2ad-4348-acb9-3fc25cfb14dd: receive RaftClientReply:client-734BBEB428D7->a5e38e3e-c2ad-4348-acb9-3fc25cfb14dd@group-7000B19605CB, cid=2343, SUCCESS, logIndex=3480, commits[a5e38e3e-c2ad-4348-acb9-3fc25cfb14dd:c3481, 11e48d46-e648-47f9-b6a0-9c7f26654c28:c3479, d1b6a90e-e817-40a7-bec1-608b5cc7d8b6:c3479]
2019-09-11 04:26:06,346 [grpc-default-executor-3] INFO  client.GrpcClientProtocolClient (GrpcClientProtocolClient.java:onNext(264)) - client-734BBEB428D7->a5e38e3e-c2ad-4348-acb9-3fc25cfb14dd: receive RaftClientReply:client-734BBEB428D7->a5e38e3e-c2ad-4348-acb9-3fc25cfb14dd@group-7000B19605CB, cid=2344, SUCCESS, logIndex=3481, commits[a5e38e3e-c2ad-4348-acb9-3fc25cfb14dd:c3481, 11e48d46-e648-47f9-b6a0-9c7f26654c28:c3479, d1b6a90e-e817-40a7-bec1-608b5cc7d8b6:c3479]
2019-09-11 04:26:06,357 [grpc-default-executor-3] INFO  client.GrpcClientProtocolClient (GrpcClientProtocolClient.java:onNext(264)) - client-734BBEB428D7->a5e38e3e-c2ad-4348-acb9-3fc25cfb14dd: receive RaftClientReply:client-734BBEB428D7->a5e38e3e-c2ad-4348-acb9-3fc25cfb14dd@group-7000B19605CB, cid=2345, SUCCESS, logIndex=3484, commits[a5e38e3e-c2ad-4348-acb9-3fc25cfb14dd:c3485, 11e48d46-e648-47f9-b6a0-9c7f26654c28:c3481, d1b6a90e-e817-40a7-bec1-608b5cc7d8b6:c3481]
2019-09-11 04:26:06,357 [grpc-default-executor-3] INFO  client.GrpcClientProtocolClient (GrpcClientProtocolClient.java:onNext(264)) - client-734BBEB428D7->a5e38e3e-c2ad-4348-acb9-3fc25cfb14dd: receive RaftClientReply:client-734BBEB428D7->a5e38e3e-c2ad-4348-acb9-3fc25cfb14dd@group-7000B19605CB, cid=2346, SUCCESS, logIndex=3485, commits[a5e38e3e-c2ad-4348-acb9-3fc25cfb14dd:c3485, 11e48d46-e648-47f9-b6a0-9c7f26654c28:c3481, d1b6a90e-e817-40a7-bec1-608b5cc7d8b6:c3481]
2019-09-11 04:26:06,366 [grpc-default-executor-3] INFO  client.GrpcClientProtocolClient (GrpcClientProtocolClient.java:onNext(264)) - client-734BBEB428D7->a5e38e3e-c2ad-4348-acb9-3fc25cfb14dd: receive RaftClientReply:client-734BBEB428D7->a5e38e3e-c2ad-4348-acb9-3fc25cfb14dd@group-7000B19605CB, cid=2347, SUCCESS, logIndex=0, commits[a5e38e3e-c2ad-4348-acb9-3fc25cfb14dd:c3486, 11e48d46-e648-47f9-b6a0-9c7f26654c28:c3485, d1b6a90e-e817-40a7-bec1-608b5cc7d8b6:c3485]
2019-09-11 04:26:06,402 [grpc-default-executor-3] INFO  client.GrpcClientProtocolClient (GrpcClientProtocolClient.java:onNext(264)) - client-734BBEB428D7->a5e38e3e-c2ad-4348-acb9-3fc25cfb14dd: receive RaftClientReply:client-734BBEB428D7->a5e38e3e-c2ad-4348-acb9-3fc25cfb14dd@group-7000B19605CB, cid=2348, SUCCESS, logIndex=3488, commits[a5e38e3e-c2ad-4348-acb9-3fc25cfb14dd:c3489, 11e48d46-e648-47f9-b6a0-9c7f26654c28:c3487, d1b6a90e-e817-40a7-bec1-608b5cc7d8b6:c3487]
2019-09-11 04:26:06,402 [grpc-default-executor-3] INFO  client.GrpcClientProtocolClient (GrpcClientProtocolClient.java:onNext(264)) - client-734BBEB428D7->a5e38e3e-c2ad-4348-acb9-3fc25cfb14dd: receive RaftClientReply:client-734BBEB428D7->a5e38e3e-c2ad-4348-acb9-3fc25cfb14dd@group-7000B19605CB, cid=2349, SUCCESS, logIndex=3489, commits[a5e38e3e-c2ad-4348-acb9-3fc25cfb14dd:c3489, 11e48d46-e648-47f9-b6a0-9c7f26654c28:c3487, d1b6a90e-e817-40a7-bec1-608b5cc7d8b6:c3487]
2019-09-11 04:26:06,417 [grpc-default-executor-3] INFO  client.GrpcClientProtocolClient (GrpcClientProtocolClient.java:onNext(264)) - client-734BBEB428D7->a5e38e3e-c2ad-4348-acb9-3fc25cfb14dd: receive RaftClientReply:client-734BBEB428D7->a5e38e3e-c2ad-4348-acb9-3fc25cfb14dd@group-7000B19605CB, cid=2350, SUCCESS, logIndex=3490, commits[a5e38e3e-c2ad-4348-acb9-3fc25cfb14dd:c3491, 11e48d46-e648-47f9-b6a0-9c7f26654c28:c3487, d1b6a90e-e817-40a7-bec1-608b5cc7d8b6:c3488]
2019-09-11 04:26:06,417 [grpc-default-executor-3] INFO  client.GrpcClientProtocolClient (GrpcClientProtocolClient.java:onNext(264)) - client-734BBEB428D7->a5e38e3e-c2ad-4348-acb9-3fc25cfb14dd: receive RaftClientReply:client-734BBEB428D7->a5e38e3e-c2ad-4348-acb9-3fc25cfb14dd@group-7000B19605CB, cid=2351, SUCCESS, logIndex=3491, commits[a5e38e3e-c2ad-4348-acb9-3fc25cfb14dd:c3491, 11e48d46-e648-47f9-b6a0-9c7f26654c28:c3487, d1b6a90e-e817-40a7-bec1-608b5cc7d8b6:c3488]
2019-09-11 04:26:06,429 [grpc-default-executor-3] INFO  client.GrpcClientProtocolClient (GrpcClientProtocolClient.java:onNext(264)) - client-734BBEB428D7->a5e38e3e-c2ad-4348-acb9-3fc25cfb14dd: receive RaftClientReply:client-734BBEB428D7->a5e38e3e-c2ad-4348-acb9-3fc25cfb14dd@group-7000B19605CB, cid=2352, SUCCESS, logIndex=0, commits[a5e38e3e-c2ad-4348-acb9-3fc25cfb14dd:c3495, 11e48d46-e648-47f9-b6a0-9c7f26654c28:c3489, d1b6a90e-e817-40a7-bec1-608b5cc7d8b6:c3489]
2019-09-11 04:26:06,447 [grpc-default-executor-4] INFO  client.GrpcClientProtocolClient (GrpcClientProtocolClient.java:onNext(264)) - client-734BBEB428D7->a5e38e3e-c2ad-4348-acb9-3fc25cfb14dd: receive RaftClientReply:client-734BBEB428D7->a5e38e3e-c2ad-4348-acb9-3fc25cfb14dd@group-7000B19605CB, cid=2353, SUCCESS, logIndex=3496, commits[a5e38e3e-c2ad-4348-acb9-3fc25cfb14dd:c3497, 11e48d46-e648-47f9-b6a0-9c7f26654c28:c3495, d1b6a90e-e817-40a7-bec1-608b5cc7d8b6:c3495]
2019-09-11 04:26:06,447 [grpc-default-executor-4] INFO  client.GrpcClientProtocolClient (GrpcClientProtocolClient.java:onNext(264)) - client-734BBEB428D7->a5e38e3e-c2ad-4348-acb9-3fc25cfb14dd: receive RaftClientReply:client-734BBEB428D7->a5e38e3e-c2ad-4348-acb9-3fc25cfb14dd@group-7000B19605CB, cid=2354, SUCCESS, logIndex=3497, commits[a5e38e3e-c2ad-4348-acb9-3fc25cfb14dd:c3497, 11e48d46-e648-47f9-b6a0-9c7f26654c28:c3495, d1b6a90e-e817-40a7-bec1-608b5cc7d8b6:c3495]
2019-09-11 04:26:06,460 [grpc-default-executor-1] INFO  client.GrpcClientProtocolClient (GrpcClientProtocolClient.java:onNext(264)) - client-734BBEB428D7->a5e38e3e-c2ad-4348-acb9-3fc25cfb14dd: receive RaftClientReply:client-734BBEB428D7->a5e38e3e-c2ad-4348-acb9-3fc25cfb14dd@group-7000B19605CB, cid=2355, SUCCESS, logIndex=3500, commits[a5e38e3e-c2ad-4348-acb9-3fc25cfb14dd:c3501, 11e48d46-e648-47f9-b6a0-9c7f26654c28:c3497, d1b6a90e-e817-40a7-bec1-608b5cc7d8b6:c3497]
2019-09-11 04:26:06,460 [grpc-default-executor-1] INFO  client.GrpcClientProtocolClient (GrpcClientProtocolClient.java:onNext(264)) - client-734BBEB428D7->a5e38e3e-c2ad-4348-acb9-3fc25cfb14dd: receive RaftClientReply:client-734BBEB428D7->a5e38e3e-c2ad-4348-acb9-3fc25cfb14dd@group-7000B19605CB, cid=2356, SUCCESS, logIndex=3501, commits[a5e38e3e-c2ad-4348-acb9-3fc25cfb14dd:c3501, 11e48d46-e648-47f9-b6a0-9c7f26654c28:c3497, d1b6a90e-e817-40a7-bec1-608b5cc7d8b6:c3497]
2019-09-11 04:26:06,473 [grpc-default-executor-1] INFO  client.GrpcClientProtocolClient (GrpcClientProtocolClient.java:onNext(264)) - client-734BBEB428D7->a5e38e3e-c2ad-4348-acb9-3fc25cfb14dd: receive RaftClientReply:client-734BBEB428D7->a5e38e3e-c2ad-4348-acb9-3fc25cfb14dd@group-7000B19605CB, cid=2357, SUCCESS, logIndex=0, commits[a5e38e3e-c2ad-4348-acb9-3fc25cfb14dd:c3503, 11e48d46-e648-47f9-b6a0-9c7f26654c28:c3501, d1b6a90e-e817-40a7-bec1-608b5cc7d8b6:c3501]
2019-09-11 04:26:06,499 [grpc-default-executor-4] INFO  client.GrpcClientProtocolClient (GrpcClientProtocolClient.java:onNext(264)) - client-734BBEB428D7->a5e38e3e-c2ad-4348-acb9-3fc25cfb14dd: receive RaftClientReply:client-734BBEB428D7->a5e38e3e-c2ad-4348-acb9-3fc25cfb14dd@group-7000B19605CB, cid=2358, SUCCESS, logIndex=3504, commits[a5e38e3e-c2ad-4348-acb9-3fc25cfb14dd:c3506, 11e48d46-e648-47f9-b6a0-9c7f26654c28:c3503, d1b6a90e-e817-40a7-bec1-608b5cc7d8b6:c3503]
2019-09-11 04:26:06,499 [grpc-default-executor-4] INFO  client.GrpcClientProtocolClient (GrpcClientProtocolClient.java:onNext(264)) - client-734BBEB428D7->a5e38e3e-c2ad-4348-acb9-3fc25cfb14dd: receive RaftClientReply:client-734BBEB428D7->a5e38e3e-c2ad-4348-acb9-3fc25cfb14dd@group-7000B19605CB, cid=2359, SUCCESS, logIndex=3505, commits[a5e38e3e-c2ad-4348-acb9-3fc25cfb14dd:c3507, 11e48d46-e648-47f9-b6a0-9c7f26654c28:c3503, d1b6a90e-e817-40a7-bec1-608b5cc7d8b6:c3503]
2019-09-11 04:26:06,500 [grpc-default-executor-4] INFO  client.GrpcClientProtocolClient (GrpcClientProtocolClient.java:onNext(264)) - client-734BBEB428D7->a5e38e3e-c2ad-4348-acb9-3fc25cfb14dd: receive RaftClientReply:client-734BBEB428D7->a5e38e3e-c2ad-4348-acb9-3fc25cfb14dd@group-7000B19605CB, cid=2360, SUCCESS, logIndex=3506, commits[a5e38e3e-c2ad-4348-acb9-3fc25cfb14dd:c3507, 11e48d46-e648-47f9-b6a0-9c7f26654c28:c3503, d1b6a90e-e817-40a7-bec1-608b5cc7d8b6:c3503]
2019-09-11 04:26:06,500 [grpc-default-executor-4] INFO  client.GrpcClientProtocolClient (GrpcClientProtocolClient.java:onNext(264)) - client-734BBEB428D7->a5e38e3e-c2ad-4348-acb9-3fc25cfb14dd: receive RaftClientReply:client-734BBEB428D7->a5e38e3e-c2ad-4348-acb9-3fc25cfb14dd@group-7000B19605CB, cid=2361, SUCCESS, logIndex=3507, commits[a5e38e3e-c2ad-4348-acb9-3fc25cfb14dd:c3507, 11e48d46-e648-47f9-b6a0-9c7f26654c28:c3503, d1b6a90e-e817-40a7-bec1-608b5cc7d8b6:c3503]
2019-09-11 04:26:06,501 [grpc-default-executor-4] INFO  client.GrpcClientProtocolClient (GrpcClientProtocolClient.java:onNext(264)) - client-734BBEB428D7->a5e38e3e-c2ad-4348-acb9-3fc25cfb14dd: receive RaftClientReply:client-734BBEB428D7->a5e38e3e-c2ad-4348-acb9-3fc25cfb14dd@group-7000B19605CB, cid=2362, SUCCESS, logIndex=0, commits[a5e38e3e-c2ad-4348-acb9-3fc25cfb14dd:c3508, 11e48d46-e648-47f9-b6a0-9c7f26654c28:c3505, d1b6a90e-e817-40a7-bec1-608b5cc7d8b6:c3505]
2019-09-11 04:26:06,518 [grpc-default-executor-4] INFO  client.GrpcClientProtocolClient (GrpcClientProtocolClient.java:onNext(264)) - client-734BBEB428D7->a5e38e3e-c2ad-4348-acb9-3fc25cfb14dd: receive RaftClientReply:client-734BBEB428D7->a5e38e3e-c2ad-4348-acb9-3fc25cfb14dd@group-7000B19605CB, cid=2363, SUCCESS, logIndex=3512, commits[a5e38e3e-c2ad-4348-acb9-3fc25cfb14dd:c3513, 11e48d46-e648-47f9-b6a0-9c7f26654c28:c3511, d1b6a90e-e817-40a7-bec1-608b5cc7d8b6:c3511]
2019-09-11 04:26:06,519 [grpc-default-executor-4] INFO  client.GrpcClientProtocolClient (GrpcClientProtocolClient.java:onNext(264)) - client-734BBEB428D7->a5e38e3e-c2ad-4348-acb9-3fc25cfb14dd: receive RaftClientReply:client-734BBEB428D7->a5e38e3e-c2ad-4348-acb9-3fc25cfb14dd@group-7000B19605CB, cid=2364, SUCCESS, logIndex=3513, commits[a5e38e3e-c2ad-4348-acb9-3fc25cfb14dd:c3513, 11e48d46-e648-47f9-b6a0-9c7f26654c28:c3511, d1b6a90e-e817-40a7-bec1-608b5cc7d8b6:c3511]
2019-09-11 04:26:06,531 [grpc-default-executor-3] INFO  client.GrpcClientProtocolClient (GrpcClientProtocolClient.java:onNext(264)) - client-734BBEB428D7->a5e38e3e-c2ad-4348-acb9-3fc25cfb14dd: receive RaftClientReply:client-734BBEB428D7->a5e38e3e-c2ad-4348-acb9-3fc25cfb14dd@group-7000B19605CB, cid=2365, SUCCESS, logIndex=3516, commits[a5e38e3e-c2ad-4348-acb9-3fc25cfb14dd:c3517, 11e48d46-e648-47f9-b6a0-9c7f26654c28:c3513, d1b6a90e-e817-40a7-bec1-608b5cc7d8b6:c3513]
2019-09-11 04:26:06,532 [grpc-default-executor-3] INFO  client.GrpcClientProtocolClient (GrpcClientProtocolClient.java:onNext(264)) - client-734BBEB428D7->a5e38e3e-c2ad-4348-acb9-3fc25cfb14dd: receive RaftClientReply:client-734BBEB428D7->a5e38e3e-c2ad-4348-acb9-3fc25cfb14dd@group-7000B19605CB, cid=2366, SUCCESS, logIndex=3517, commits[a5e38e3e-c2ad-4348-acb9-3fc25cfb14dd:c3517, 11e48d46-e648-47f9-b6a0-9c7f26654c28:c3513, d1b6a90e-e817-40a7-bec1-608b5cc7d8b6:c3513]
2019-09-11 04:26:06,544 [grpc-default-executor-1] INFO  client.GrpcClientProtocolClient (GrpcClientProtocolClient.java:onNext(264)) - client-734BBEB428D7->a5e38e3e-c2ad-4348-acb9-3fc25cfb14dd: receive RaftClientReply:client-734BBEB428D7->a5e38e3e-c2ad-4348-acb9-3fc25cfb14dd@group-7000B19605CB, cid=2367, SUCCESS, logIndex=0, commits[a5e38e3e-c2ad-4348-acb9-3fc25cfb14dd:c3519, 11e48d46-e648-47f9-b6a0-9c7f26654c28:c3517, d1b6a90e-e817-40a7-bec1-608b5cc7d8b6:c3517]
2019-09-11 04:26:06,570 [grpc-default-executor-1] INFO  client.GrpcClientProtocolClient (GrpcClientProtocolClient.java:onNext(264)) - client-734BBEB428D7->a5e38e3e-c2ad-4348-acb9-3fc25cfb14dd: receive RaftClientReply:client-734BBEB428D7->a5e38e3e-c2ad-4348-acb9-3fc25cfb14dd@group-7000B19605CB, cid=2368, SUCCESS, logIndex=3520, commits[a5e38e3e-c2ad-4348-acb9-3fc25cfb14dd:c3522, 11e48d46-e648-47f9-b6a0-9c7f26654c28:c3519, d1b6a90e-e817-40a7-bec1-608b5cc7d8b6:c3519]
2019-09-11 04:26:06,571 [grpc-default-executor-1] INFO  client.GrpcClientProtocolClient (GrpcClientProtocolClient.java:onNext(264)) - client-734BBEB428D7->a5e38e3e-c2ad-4348-acb9-3fc25cfb14dd: receive RaftClientReply:client-734BBEB428D7->a5e38e3e-c2ad-4348-acb9-3fc25cfb14dd@group-7000B19605CB, cid=2369, SUCCESS, logIndex=3521, commits[a5e38e3e-c2ad-4348-acb9-3fc25cfb14dd:c3523, 11e48d46-e648-47f9-b6a0-9c7f26654c28:c3519, d1b6a90e-e817-40a7-bec1-608b5cc7d8b6:c3519]
2019-09-11 04:26:06,571 [grpc-default-executor-1] INFO  client.GrpcClientProtocolClient (GrpcClientProtocolClient.java:onNext(264)) - client-734BBEB428D7->a5e38e3e-c2ad-4348-acb9-3fc25cfb14dd: receive RaftClientReply:client-734BBEB428D7->a5e38e3e-c2ad-4348-acb9-3fc25cfb14dd@group-7000B19605CB, cid=2370, SUCCESS, logIndex=3522, commits[a5e38e3e-c2ad-4348-acb9-3fc25cfb14dd:c3523, 11e48d46-e648-47f9-b6a0-9c7f26654c28:c3519, d1b6a90e-e817-40a7-bec1-608b5cc7d8b6:c3519]
2019-09-11 04:26:06,571 [grpc-default-executor-2] INFO  client.GrpcClientProtocolClient (GrpcClientProtocolClient.java:onNext(264)) - client-734BBEB428D7->a5e38e3e-c2ad-4348-acb9-3fc25cfb14dd: receive RaftClientReply:client-734BBEB428D7->a5e38e3e-c2ad-4348-acb9-3fc25cfb14dd@group-7000B19605CB, cid=2371, SUCCESS, logIndex=3523, commits[a5e38e3e-c2ad-4348-acb9-3fc25cfb14dd:c3523, 11e48d46-e648-47f9-b6a0-9c7f26654c28:c3519, d1b6a90e-e817-40a7-bec1-608b5cc7d8b6:c3519]
2019-09-11 04:26:06,573 [grpc-default-executor-1] INFO  client.GrpcClientProtocolClient (GrpcClientProtocolClient.java:onNext(264)) - client-734BBEB428D7->a5e38e3e-c2ad-4348-acb9-3fc25cfb14dd: receive RaftClientReply:client-734BBEB428D7->a5e38e3e-c2ad-4348-acb9-3fc25cfb14dd@group-7000B19605CB, cid=2372, SUCCESS, logIndex=0, commits[a5e38e3e-c2ad-4348-acb9-3fc25cfb14dd:c3527, 11e48d46-e648-47f9-b6a0-9c7f26654c28:c3521, d1b6a90e-e817-40a7-bec1-608b5cc7d8b6:c3523]
2019-09-11 04:26:06,590 [grpc-default-executor-2] INFO  client.GrpcClientProtocolClient (GrpcClientProtocolClient.java:onNext(264)) - client-734BBEB428D7->a5e38e3e-c2ad-4348-acb9-3fc25cfb14dd: receive RaftClientReply:client-734BBEB428D7->a5e38e3e-c2ad-4348-acb9-3fc25cfb14dd@group-7000B19605CB, cid=2373, SUCCESS, logIndex=3528, commits[a5e38e3e-c2ad-4348-acb9-3fc25cfb14dd:c3529, 11e48d46-e648-47f9-b6a0-9c7f26654c28:c3527, d1b6a90e-e817-40a7-bec1-608b5cc7d8b6:c3527]
2019-09-11 04:26:06,590 [grpc-default-executor-2] INFO  client.GrpcClientProtocolClient (GrpcClientProtocolClient.java:onNext(264)) - client-734BBEB428D7->a5e38e3e-c2ad-4348-acb9-3fc25cfb14dd: receive RaftClientReply:client-734BBEB428D7->a5e38e3e-c2ad-4348-acb9-3fc25cfb14dd@group-7000B19605CB, cid=2374, SUCCESS, logIndex=3529, commits[a5e38e3e-c2ad-4348-acb9-3fc25cfb14dd:c3529, 11e48d46-e648-47f9-b6a0-9c7f26654c28:c3527, d1b6a90e-e817-40a7-bec1-608b5cc7d8b6:c3527]
2019-09-11 04:26:06,601 [grpc-default-executor-4] INFO  client.GrpcClientProtocolClient (GrpcClientProtocolClient.java:onNext(264)) - client-734BBEB428D7->a5e38e3e-c2ad-4348-acb9-3fc25cfb14dd: receive RaftClientReply:client-734BBEB428D7->a5e38e3e-c2ad-4348-acb9-3fc25cfb14dd@group-7000B19605CB, cid=2375, SUCCESS, logIndex=3532, commits[a5e38e3e-c2ad-4348-acb9-3fc25cfb14dd:c3532, 11e48d46-e648-47f9-b6a0-9c7f26654c28:c3529, d1b6a90e-e817-40a7-bec1-608b5cc7d8b6:c3529]
2019-09-11 04:26:06,602 [grpc-default-executor-4] INFO  client.GrpcClientProtocolClient (GrpcClientProtocolClient.java:onNext(264)) - client-734BBEB428D7->a5e38e3e-c2ad-4348-acb9-3fc25cfb14dd: receive RaftClientReply:client-734BBEB428D7->a5e38e3e-c2ad-4348-acb9-3fc25cfb14dd@group-7000B19605CB, cid=2376, SUCCESS, logIndex=3533, commits[a5e38e3e-c2ad-4348-acb9-3fc25cfb14dd:c3533, 11e48d46-e648-47f9-b6a0-9c7f26654c28:c3529, d1b6a90e-e817-40a7-bec1-608b5cc7d8b6:c3529]
2019-09-11 04:26:06,613 [grpc-default-executor-3] INFO  client.GrpcClientProtocolClient (GrpcClientProtocolClient.java:onNext(264)) - client-734BBEB428D7->a5e38e3e-c2ad-4348-acb9-3fc25cfb14dd: receive RaftClientReply:client-734BBEB428D7->a5e38e3e-c2ad-4348-acb9-3fc25cfb14dd@group-7000B19605CB, cid=2377, SUCCESS, logIndex=0, commits[a5e38e3e-c2ad-4348-acb9-3fc25cfb14dd:c3535, 11e48d46-e648-47f9-b6a0-9c7f26654c28:c3533, d1b6a90e-e817-40a7-bec1-608b5cc7d8b6:c3533]
2019-09-11 04:26:06,631 [grpc-default-executor-3] INFO  client.GrpcClientProtocolClient (GrpcClientProtocolClient.java:onNext(264)) - client-734BBEB428D7->a5e38e3e-c2ad-4348-acb9-3fc25cfb14dd: receive RaftClientReply:client-734BBEB428D7->a5e38e3e-c2ad-4348-acb9-3fc25cfb14dd@group-7000B19605CB, cid=2378, SUCCESS, logIndex=3536, commits[a5e38e3e-c2ad-4348-acb9-3fc25cfb14dd:c3538, 11e48d46-e648-47f9-b6a0-9c7f26654c28:c3533, d1b6a90e-e817-40a7-bec1-608b5cc7d8b6:c3535]
2019-09-11 04:26:06,631 [grpc-default-executor-3] INFO  client.GrpcClientProtocolClient (GrpcClientProtocolClient.java:onNext(264)) - client-734BBEB428D7->a5e38e3e-c2ad-4348-acb9-3fc25cfb14dd: receive RaftClientReply:client-734BBEB428D7->a5e38e3e-c2ad-4348-acb9-3fc25cfb14dd@group-7000B19605CB, cid=2379, SUCCESS, logIndex=3537, commits[a5e38e3e-c2ad-4348-acb9-3fc25cfb14dd:c3539, 11e48d46-e648-47f9-b6a0-9c7f26654c28:c3535, d1b6a90e-e817-40a7-bec1-608b5cc7d8b6:c3535]
2019-09-11 04:26:06,632 [grpc-default-executor-3] INFO  client.GrpcClientProtocolClient (GrpcClientProtocolClient.java:onNext(264)) - client-734BBEB428D7->a5e38e3e-c2ad-4348-acb9-3fc25cfb14dd: receive RaftClientReply:client-734BBEB428D7->a5e38e3e-c2ad-4348-acb9-3fc25cfb14dd@group-7000B19605CB, cid=2380, SUCCESS, logIndex=3538, commits[a5e38e3e-c2ad-4348-acb9-3fc25cfb14dd:c3539, 11e48d46-e648-47f9-b6a0-9c7f26654c28:c3535, d1b6a90e-e817-40a7-bec1-608b5cc7d8b6:c3535]
2019-09-11 04:26:06,632 [grpc-default-executor-3] INFO  client.GrpcClientProtocolClient (GrpcClientProtocolClient.java:onNext(264)) - client-734BBEB428D7->a5e38e3e-c2ad-4348-acb9-3fc25cfb14dd: receive RaftClientReply:client-734BBEB428D7->a5e38e3e-c2ad-4348-acb9-3fc25cfb14dd@group-7000B19605CB, cid=2381, SUCCESS, logIndex=3539, commits[a5e38e3e-c2ad-4348-acb9-3fc25cfb14dd:c3539, 11e48d46-e648-47f9-b6a0-9c7f26654c28:c3535, d1b6a90e-e817-40a7-bec1-608b5cc7d8b6:c3535]
2019-09-11 04:26:06,634 [grpc-default-executor-3] INFO  client.GrpcClientProtocolClient (GrpcClientProtocolClient.java:onNext(264)) - client-734BBEB428D7->a5e38e3e-c2ad-4348-acb9-3fc25cfb14dd: receive RaftClientReply:client-734BBEB428D7->a5e38e3e-c2ad-4348-acb9-3fc25cfb14dd@group-7000B19605CB, cid=2382, SUCCESS, logIndex=0, commits[a5e38e3e-c2ad-4348-acb9-3fc25cfb14dd:c3541, 11e48d46-e648-47f9-b6a0-9c7f26654c28:c3538, d1b6a90e-e817-40a7-bec1-608b5cc7d8b6:c3538]
2019-09-11 04:26:06,650 [grpc-default-executor-3] INFO  client.GrpcClientProtocolClient (GrpcClientProtocolClient.java:onNext(264)) - client-734BBEB428D7->a5e38e3e-c2ad-4348-acb9-3fc25cfb14dd: receive RaftClientReply:client-734BBEB428D7->a5e38e3e-c2ad-4348-acb9-3fc25cfb14dd@group-7000B19605CB, cid=2383, SUCCESS, logIndex=3544, commits[a5e38e3e-c2ad-4348-acb9-3fc25cfb14dd:c3545, 11e48d46-e648-47f9-b6a0-9c7f26654c28:c3543, d1b6a90e-e817-40a7-bec1-608b5cc7d8b6:c3543]
2019-09-11 04:26:06,650 [grpc-default-executor-3] INFO  client.GrpcClientProtocolClient (GrpcClientProtocolClient.java:onNext(264)) - client-734BBEB428D7->a5e38e3e-c2ad-4348-acb9-3fc25cfb14dd: receive RaftClientReply:client-734BBEB428D7->a5e38e3e-c2ad-4348-acb9-3fc25cfb14dd@group-7000B19605CB, cid=2384, SUCCESS, logIndex=3545, commits[a5e38e3e-c2ad-4348-acb9-3fc25cfb14dd:c3545, 11e48d46-e648-47f9-b6a0-9c7f26654c28:c3543, d1b6a90e-e817-40a7-bec1-608b5cc7d8b6:c3543]
2019-09-11 04:26:06,661 [grpc-default-executor-2] INFO  client.GrpcClientProtocolClient (GrpcClientProtocolClient.java:onNext(264)) - client-734BBEB428D7->a5e38e3e-c2ad-4348-acb9-3fc25cfb14dd: receive RaftClientReply:client-734BBEB428D7->a5e38e3e-c2ad-4348-acb9-3fc25cfb14dd@group-7000B19605CB, cid=2385, SUCCESS, logIndex=3548, commits[a5e38e3e-c2ad-4348-acb9-3fc25cfb14dd:c3549, 11e48d46-e648-47f9-b6a0-9c7f26654c28:c3545, d1b6a90e-e817-40a7-bec1-608b5cc7d8b6:c3545]
2019-09-11 04:26:06,661 [grpc-default-executor-2] INFO  client.GrpcClientProtocolClient (GrpcClientProtocolClient.java:onNext(264)) - client-734BBEB428D7->a5e38e3e-c2ad-4348-acb9-3fc25cfb14dd: receive RaftClientReply:client-734BBEB428D7->a5e38e3e-c2ad-4348-acb9-3fc25cfb14dd@group-7000B19605CB, cid=2386, SUCCESS, logIndex=3549, commits[a5e38e3e-c2ad-4348-acb9-3fc25cfb14dd:c3549, 11e48d46-e648-47f9-b6a0-9c7f26654c28:c3545, d1b6a90e-e817-40a7-bec1-608b5cc7d8b6:c3545]
2019-09-11 04:26:06,673 [grpc-default-executor-2] INFO  client.GrpcClientProtocolClient (GrpcClientProtocolClient.java:onNext(264)) - client-734BBEB428D7->a5e38e3e-c2ad-4348-acb9-3fc25cfb14dd: receive RaftClientReply:client-734BBEB428D7->a5e38e3e-c2ad-4348-acb9-3fc25cfb14dd@group-7000B19605CB, cid=2387, SUCCESS, logIndex=0, commits[a5e38e3e-c2ad-4348-acb9-3fc25cfb14dd:c3551, 11e48d46-e648-47f9-b6a0-9c7f26654c28:c3549, d1b6a90e-e817-40a7-bec1-608b5cc7d8b6:c3549]
2019-09-11 04:26:06,701 [grpc-default-executor-3] INFO  client.GrpcClientProtocolClient (GrpcClientProtocolClient.java:onNext(264)) - client-734BBEB428D7->a5e38e3e-c2ad-4348-acb9-3fc25cfb14dd: receive RaftClientReply:client-734BBEB428D7->a5e38e3e-c2ad-4348-acb9-3fc25cfb14dd@group-7000B19605CB, cid=2388, SUCCESS, logIndex=3552, commits[a5e38e3e-c2ad-4348-acb9-3fc25cfb14dd:c3553, 11e48d46-e648-47f9-b6a0-9c7f26654c28:c3549, d1b6a90e-e817-40a7-bec1-608b5cc7d8b6:c3551]
2019-09-11 04:26:06,702 [grpc-default-executor-3] INFO  client.GrpcClientProtocolClient (GrpcClientProtocolClient.java:onNext(264)) - client-734BBEB428D7->a5e38e3e-c2ad-4348-acb9-3fc25cfb14dd: receive RaftClientReply:client-734BBEB428D7->a5e38e3e-c2ad-4348-acb9-3fc25cfb14dd@group-7000B19605CB, cid=2389, SUCCESS, logIndex=3553, commits[a5e38e3e-c2ad-4348-acb9-3fc25cfb14dd:c3553, 11e48d46-e648-47f9-b6a0-9c7f26654c28:c3551, d1b6a90e-e817-40a7-bec1-608b5cc7d8b6:c3551]
2019-09-11 04:26:06,712 [grpc-default-executor-3] INFO  client.GrpcClientProtocolClient (GrpcClientProtocolClient.java:onNext(264)) - client-734BBEB428D7->a5e38e3e-c2ad-4348-acb9-3fc25cfb14dd: receive RaftClientReply:client-734BBEB428D7->a5e38e3e-c2ad-4348-acb9-3fc25cfb14dd@group-7000B19605CB, cid=2390, SUCCESS, logIndex=3554, commits[a5e38e3e-c2ad-4348-acb9-3fc25cfb14dd:c3555, 11e48d46-e648-47f9-b6a0-9c7f26654c28:c3551, d1b6a90e-e817-40a7-bec1-608b5cc7d8b6:c3551]
2019-09-11 04:26:06,712 [grpc-default-executor-3] INFO  client.GrpcClientProtocolClient (GrpcClientProtocolClient.java:onNext(264)) - client-734BBEB428D7->a5e38e3e-c2ad-4348-acb9-3fc25cfb14dd: receive RaftClientReply:client-734BBEB428D7->a5e38e3e-c2ad-4348-acb9-3fc25cfb14dd@group-7000B19605CB, cid=2391, SUCCESS, logIndex=3555, commits[a5e38e3e-c2ad-4348-acb9-3fc25cfb14dd:c3555, 11e48d46-e648-47f9-b6a0-9c7f26654c28:c3553, d1b6a90e-e817-40a7-bec1-608b5cc7d8b6:c3551]
2019-09-11 04:26:06,713 [grpc-default-executor-2] INFO  client.GrpcClientProtocolClient (GrpcClientProtocolClient.java:onNext(264)) - client-734BBEB428D7->a5e38e3e-c2ad-4348-acb9-3fc25cfb14dd: receive RaftClientReply:client-734BBEB428D7->a5e38e3e-c2ad-4348-acb9-3fc25cfb14dd@group-7000B19605CB, cid=2392, SUCCESS, logIndex=0, commits[a5e38e3e-c2ad-4348-acb9-3fc25cfb14dd:c3555, 11e48d46-e648-47f9-b6a0-9c7f26654c28:c3553, d1b6a90e-e817-40a7-bec1-608b5cc7d8b6:c3553]
2019-09-11 04:26:06,731 [grpc-default-executor-4] INFO  client.GrpcClientProtocolClient (GrpcClientProtocolClient.java:onNext(264)) - client-734BBEB428D7->a5e38e3e-c2ad-4348-acb9-3fc25cfb14dd: receive RaftClientReply:client-734BBEB428D7->a5e38e3e-c2ad-4348-acb9-3fc25cfb14dd@group-7000B19605CB, cid=2393, SUCCESS, logIndex=3559, commits[a5e38e3e-c2ad-4348-acb9-3fc25cfb14dd:c3560, 11e48d46-e648-47f9-b6a0-9c7f26654c28:c3558, d1b6a90e-e817-40a7-bec1-608b5cc7d8b6:c3558]
2019-09-11 04:26:06,731 [grpc-default-executor-4] INFO  client.GrpcClientProtocolClient (GrpcClientProtocolClient.java:onNext(264)) - client-734BBEB428D7->a5e38e3e-c2ad-4348-acb9-3fc25cfb14dd: receive RaftClientReply:client-734BBEB428D7->a5e38e3e-c2ad-4348-acb9-3fc25cfb14dd@group-7000B19605CB, cid=2394, SUCCESS, logIndex=3560, commits[a5e38e3e-c2ad-4348-acb9-3fc25cfb14dd:c3560, 11e48d46-e648-47f9-b6a0-9c7f26654c28:c3558, d1b6a90e-e817-40a7-bec1-608b5cc7d8b6:c3558]
2019-09-11 04:26:06,744 [grpc-default-executor-3] INFO  client.GrpcClientProtocolClient (GrpcClientProtocolClient.java:onNext(264)) - client-734BBEB428D7->a5e38e3e-c2ad-4348-acb9-3fc25cfb14dd: receive RaftClientReply:client-734BBEB428D7->a5e38e3e-c2ad-4348-acb9-3fc25cfb14dd@group-7000B19605CB, cid=2395, SUCCESS, logIndex=3563, commits[a5e38e3e-c2ad-4348-acb9-3fc25cfb14dd:c3564, 11e48d46-e648-47f9-b6a0-9c7f26654c28:c3560, d1b6a90e-e817-40a7-bec1-608b5cc7d8b6:c3560]
2019-09-11 04:26:06,744 [grpc-default-executor-3] INFO  client.GrpcClientProtocolClient (GrpcClientProtocolClient.java:onNext(264)) - client-734BBEB428D7->a5e38e3e-c2ad-4348-acb9-3fc25cfb14dd: receive RaftClientReply:client-734BBEB428D7->a5e38e3e-c2ad-4348-acb9-3fc25cfb14dd@group-7000B19605CB, cid=2396, SUCCESS, logIndex=3564, commits[a5e38e3e-c2ad-4348-acb9-3fc25cfb14dd:c3564, 11e48d46-e648-47f9-b6a0-9c7f26654c28:c3560, d1b6a90e-e817-40a7-bec1-608b5cc7d8b6:c3560]
2019-09-11 04:26:06,757 [grpc-default-executor-3] INFO  client.GrpcClientProtocolClient (GrpcClientProtocolClient.java:onNext(264)) - client-734BBEB428D7->a5e38e3e-c2ad-4348-acb9-3fc25cfb14dd: receive RaftClientReply:client-734BBEB428D7->a5e38e3e-c2ad-4348-acb9-3fc25cfb14dd@group-7000B19605CB, cid=2397, SUCCESS, logIndex=0, commits[a5e38e3e-c2ad-4348-acb9-3fc25cfb14dd:c3566, 11e48d46-e648-47f9-b6a0-9c7f26654c28:c3564, d1b6a90e-e817-40a7-bec1-608b5cc7d8b6:c3564]
2019-09-11 04:26:06,892 [grpc-default-executor-2] INFO  client.GrpcClientProtocolClient (GrpcClientProtocolClient.java:onNext(264)) - client-734BBEB428D7->a5e38e3e-c2ad-4348-acb9-3fc25cfb14dd: receive RaftClientReply:client-734BBEB428D7->a5e38e3e-c2ad-4348-acb9-3fc25cfb14dd@group-7000B19605CB, cid=2398, SUCCESS, logIndex=3567, commits[a5e38e3e-c2ad-4348-acb9-3fc25cfb14dd:c3569, 11e48d46-e648-47f9-b6a0-9c7f26654c28:c3566, d1b6a90e-e817-40a7-bec1-608b5cc7d8b6:c3566]
2019-09-11 04:26:06,893 [grpc-default-executor-2] INFO  client.GrpcClientProtocolClient (GrpcClientProtocolClient.java:onNext(264)) - client-734BBEB428D7->a5e38e3e-c2ad-4348-acb9-3fc25cfb14dd: receive RaftClientReply:client-734BBEB428D7->a5e38e3e-c2ad-4348-acb9-3fc25cfb14dd@group-7000B19605CB, cid=2399, SUCCESS, logIndex=3568, commits[a5e38e3e-c2ad-4348-acb9-3fc25cfb14dd:c3570, 11e48d46-e648-47f9-b6a0-9c7f26654c28:c3566, d1b6a90e-e817-40a7-bec1-608b5cc7d8b6:c3566]
2019-09-11 04:26:06,893 [grpc-default-executor-2] INFO  client.GrpcClientProtocolClient (GrpcClientProtocolClient.java:onNext(264)) - client-734BBEB428D7->a5e38e3e-c2ad-4348-acb9-3fc25cfb14dd: receive RaftClientReply:client-734BBEB428D7->a5e38e3e-c2ad-4348-acb9-3fc25cfb14dd@group-7000B19605CB, cid=2400, SUCCESS, logIndex=3569, commits[a5e38e3e-c2ad-4348-acb9-3fc25cfb14dd:c3571, 11e48d46-e648-47f9-b6a0-9c7f26654c28:c3567, d1b6a90e-e817-40a7-bec1-608b5cc7d8b6:c3566]
2019-09-11 04:26:06,894 [grpc-default-executor-2] INFO  client.GrpcClientProtocolClient (GrpcClientProtocolClient.java:onNext(264)) - client-734BBEB428D7->a5e38e3e-c2ad-4348-acb9-3fc25cfb14dd: receive RaftClientReply:client-734BBEB428D7->a5e38e3e-c2ad-4348-acb9-3fc25cfb14dd@group-7000B19605CB, cid=2401, SUCCESS, logIndex=3570, commits[a5e38e3e-c2ad-4348-acb9-3fc25cfb14dd:c3571, 11e48d46-e648-47f9-b6a0-9c7f26654c28:c3567, d1b6a90e-e817-40a7-bec1-608b5cc7d8b6:c3566]
2019-09-11 04:26:06,895 [grpc-default-executor-2] INFO  client.GrpcClientProtocolClient (GrpcClientProtocolClient.java:onNext(264)) - client-734BBEB428D7->a5e38e3e-c2ad-4348-acb9-3fc25cfb14dd: receive RaftClientReply:client-734BBEB428D7->a5e38e3e-c2ad-4348-acb9-3fc25cfb14dd@group-7000B19605CB, cid=2402, SUCCESS, logIndex=0, commits[a5e38e3e-c2ad-4348-acb9-3fc25cfb14dd:c3573, 11e48d46-e648-47f9-b6a0-9c7f26654c28:c3569, d1b6a90e-e817-40a7-bec1-608b5cc7d8b6:c3569]
2019-09-11 04:26:06,918 [grpc-default-executor-3] INFO  client.GrpcClientProtocolClient (GrpcClientProtocolClient.java:onNext(264)) - client-734BBEB428D7->a5e38e3e-c2ad-4348-acb9-3fc25cfb14dd: receive RaftClientReply:client-734BBEB428D7->a5e38e3e-c2ad-4348-acb9-3fc25cfb14dd@group-7000B19605CB, cid=2403, SUCCESS, logIndex=3575, commits[a5e38e3e-c2ad-4348-acb9-3fc25cfb14dd:c3576, 11e48d46-e648-47f9-b6a0-9c7f26654c28:c3570, d1b6a90e-e817-40a7-bec1-608b5cc7d8b6:c3574]
2019-09-11 04:26:06,919 [grpc-default-executor-3] INFO  client.GrpcClientProtocolClient (GrpcClientProtocolClient.java:onNext(264)) - client-734BBEB428D7->a5e38e3e-c2ad-4348-acb9-3fc25cfb14dd: receive RaftClientReply:client-734BBEB428D7->a5e38e3e-c2ad-4348-acb9-3fc25cfb14dd@group-7000B19605CB, cid=2404, SUCCESS, logIndex=3576, commits[a5e38e3e-c2ad-4348-acb9-3fc25cfb14dd:c3576, 11e48d46-e648-47f9-b6a0-9c7f26654c28:c3574, d1b6a90e-e817-40a7-bec1-608b5cc7d8b6:c3574]
2019-09-11 04:26:06,931 [grpc-default-executor-3] INFO  client.GrpcClientProtocolClient (GrpcClientProtocolClient.java:onNext(264)) - client-734BBEB428D7->a5e38e3e-c2ad-4348-acb9-3fc25cfb14dd: receive RaftClientReply:client-734BBEB428D7->a5e38e3e-c2ad-4348-acb9-3fc25cfb14dd@group-7000B19605CB, cid=2405, SUCCESS, logIndex=3578, commits[a5e38e3e-c2ad-4348-acb9-3fc25cfb14dd:c3579, 11e48d46-e648-47f9-b6a0-9c7f26654c28:c3576, d1b6a90e-e817-40a7-bec1-608b5cc7d8b6:c3576]
2019-09-11 04:26:06,932 [grpc-default-executor-3] INFO  client.GrpcClientProtocolClient (GrpcClientProtocolClient.java:onNext(264)) - client-734BBEB428D7->a5e38e3e-c2ad-4348-acb9-3fc25cfb14dd: receive RaftClientReply:client-734BBEB428D7->a5e38e3e-c2ad-4348-acb9-3fc25cfb14dd@group-7000B19605CB, cid=2406, SUCCESS, logIndex=3579, commits[a5e38e3e-c2ad-4348-acb9-3fc25cfb14dd:c3579, 11e48d46-e648-47f9-b6a0-9c7f26654c28:c3576, d1b6a90e-e817-40a7-bec1-608b5cc7d8b6:c3576]
2019-09-11 04:26:06,944 [grpc-default-executor-3] INFO  client.GrpcClientProtocolClient (GrpcClientProtocolClient.java:onNext(264)) - client-734BBEB428D7->a5e38e3e-c2ad-4348-acb9-3fc25cfb14dd: receive RaftClientReply:client-734BBEB428D7->a5e38e3e-c2ad-4348-acb9-3fc25cfb14dd@group-7000B19605CB, cid=2407, SUCCESS, logIndex=0, commits[a5e38e3e-c2ad-4348-acb9-3fc25cfb14dd:c3581, 11e48d46-e648-47f9-b6a0-9c7f26654c28:c3579, d1b6a90e-e817-40a7-bec1-608b5cc7d8b6:c3579]
2019-09-11 04:26:06,975 [grpc-default-executor-4] INFO  client.GrpcClientProtocolClient (GrpcClientProtocolClient.java:onNext(264)) - client-734BBEB428D7->a5e38e3e-c2ad-4348-acb9-3fc25cfb14dd: receive RaftClientReply:client-734BBEB428D7->a5e38e3e-c2ad-4348-acb9-3fc25cfb14dd@group-7000B19605CB, cid=2408, SUCCESS, logIndex=3582, commits[a5e38e3e-c2ad-4348-acb9-3fc25cfb14dd:c3585, 11e48d46-e648-47f9-b6a0-9c7f26654c28:c3581, d1b6a90e-e817-40a7-bec1-608b5cc7d8b6:c3581]
2019-09-11 04:26:06,976 [grpc-default-executor-4] INFO  client.GrpcClientProtocolClient (GrpcClientProtocolClient.java:onNext(264)) - client-734BBEB428D7->a5e38e3e-c2ad-4348-acb9-3fc25cfb14dd: receive RaftClientReply:client-734BBEB428D7->a5e38e3e-c2ad-4348-acb9-3fc25cfb14dd@group-7000B19605CB, cid=2409, SUCCESS, logIndex=3583, commits[a5e38e3e-c2ad-4348-acb9-3fc25cfb14dd:c3585, 11e48d46-e648-47f9-b6a0-9c7f26654c28:c3581, d1b6a90e-e817-40a7-bec1-608b5cc7d8b6:c3581]
2019-09-11 04:26:06,976 [grpc-default-executor-4] INFO  client.GrpcClientProtocolClient (GrpcClientProtocolClient.java:onNext(264)) - client-734BBEB428D7->a5e38e3e-c2ad-4348-acb9-3fc25cfb14dd: receive RaftClientReply:client-734BBEB428D7->a5e38e3e-c2ad-4348-acb9-3fc25cfb14dd@group-7000B19605CB, cid=2410, SUCCESS, logIndex=3584, commits[a5e38e3e-c2ad-4348-acb9-3fc25cfb14dd:c3585, 11e48d46-e648-47f9-b6a0-9c7f26654c28:c3581, d1b6a90e-e817-40a7-bec1-608b5cc7d8b6:c3581]
2019-09-11 04:26:06,976 [grpc-default-executor-4] INFO  client.GrpcClientProtocolClient (GrpcClientProtocolClient.java:onNext(264)) - client-734BBEB428D7->a5e38e3e-c2ad-4348-acb9-3fc25cfb14dd: receive RaftClientReply:client-734BBEB428D7->a5e38e3e-c2ad-4348-acb9-3fc25cfb14dd@group-7000B19605CB, cid=2411, SUCCESS, logIndex=3585, commits[a5e38e3e-c2ad-4348-acb9-3fc25cfb14dd:c3585, 11e48d46-e648-47f9-b6a0-9c7f26654c28:c3581, d1b6a90e-e817-40a7-bec1-608b5cc7d8b6:c3581]
2019-09-11 04:26:06,988 [grpc-default-executor-4] INFO  client.GrpcClientProtocolClient (GrpcClientProtocolClient.java:onNext(264)) - client-734BBEB428D7->a5e38e3e-c2ad-4348-acb9-3fc25cfb14dd: receive RaftClientReply:client-734BBEB428D7->a5e38e3e-c2ad-4348-acb9-3fc25cfb14dd@group-7000B19605CB, cid=2412, SUCCESS, logIndex=0, commits[a5e38e3e-c2ad-4348-acb9-3fc25cfb14dd:c3586, 11e48d46-e648-47f9-b6a0-9c7f26654c28:c3583, d1b6a90e-e817-40a7-bec1-608b5cc7d8b6:c3583]
2019-09-11 04:26:07,008 [grpc-default-executor-2] INFO  client.GrpcClientProtocolClient (GrpcClientProtocolClient.java:onNext(264)) - client-734BBEB428D7->a5e38e3e-c2ad-4348-acb9-3fc25cfb14dd: receive RaftClientReply:client-734BBEB428D7->a5e38e3e-c2ad-4348-acb9-3fc25cfb14dd@group-7000B19605CB, cid=2413, SUCCESS, logIndex=3589, commits[a5e38e3e-c2ad-4348-acb9-3fc25cfb14dd:c3590, 11e48d46-e648-47f9-b6a0-9c7f26654c28:c3588, d1b6a90e-e817-40a7-bec1-608b5cc7d8b6:c3588]
2019-09-11 04:26:07,008 [grpc-default-executor-2] INFO  client.GrpcClientProtocolClient (GrpcClientProtocolClient.java:onNext(264)) - client-734BBEB428D7->a5e38e3e-c2ad-4348-acb9-3fc25cfb14dd: receive RaftClientReply:client-734BBEB428D7->a5e38e3e-c2ad-4348-acb9-3fc25cfb14dd@group-7000B19605CB, cid=2414, SUCCESS, logIndex=3590, commits[a5e38e3e-c2ad-4348-acb9-3fc25cfb14dd:c3590, 11e48d46-e648-47f9-b6a0-9c7f26654c28:c3588, d1b6a90e-e817-40a7-bec1-608b5cc7d8b6:c3588]
2019-09-11 04:26:07,021 [grpc-default-executor-2] INFO  client.GrpcClientProtocolClient (GrpcClientProtocolClient.java:onNext(264)) - client-734BBEB428D7->a5e38e3e-c2ad-4348-acb9-3fc25cfb14dd: receive RaftClientReply:client-734BBEB428D7->a5e38e3e-c2ad-4348-acb9-3fc25cfb14dd@group-7000B19605CB, cid=2415, SUCCESS, logIndex=3593, commits[a5e38e3e-c2ad-4348-acb9-3fc25cfb14dd:c3594, 11e48d46-e648-47f9-b6a0-9c7f26654c28:c3590, d1b6a90e-e817-40a7-bec1-608b5cc7d8b6:c3590]
2019-09-11 04:26:07,021 [grpc-default-executor-2] INFO  client.GrpcClientProtocolClient (GrpcClientProtocolClient.java:onNext(264)) - client-734BBEB428D7->a5e38e3e-c2ad-4348-acb9-3fc25cfb14dd: receive RaftClientReply:client-734BBEB428D7->a5e38e3e-c2ad-4348-acb9-3fc25cfb14dd@group-7000B19605CB, cid=2416, SUCCESS, logIndex=3594, commits[a5e38e3e-c2ad-4348-acb9-3fc25cfb14dd:c3594, 11e48d46-e648-47f9-b6a0-9c7f26654c28:c3590, d1b6a90e-e817-40a7-bec1-608b5cc7d8b6:c3590]
2019-09-11 04:26:07,033 [grpc-default-executor-2] INFO  client.GrpcClientProtocolClient (GrpcClientProtocolClient.java:onNext(264)) - client-734BBEB428D7->a5e38e3e-c2ad-4348-acb9-3fc25cfb14dd: receive RaftClientReply:client-734BBEB428D7->a5e38e3e-c2ad-4348-acb9-3fc25cfb14dd@group-7000B19605CB, cid=2417, SUCCESS, logIndex=0, commits[a5e38e3e-c2ad-4348-acb9-3fc25cfb14dd:c3595, 11e48d46-e648-47f9-b6a0-9c7f26654c28:c3594, d1b6a90e-e817-40a7-bec1-608b5cc7d8b6:c3594]
2019-09-11 04:26:07,078 [grpc-default-executor-3] INFO  client.GrpcClientProtocolClient (GrpcClientProtocolClient.java:onNext(264)) - client-734BBEB428D7->a5e38e3e-c2ad-4348-acb9-3fc25cfb14dd: receive RaftClientReply:client-734BBEB428D7->a5e38e3e-c2ad-4348-acb9-3fc25cfb14dd@group-7000B19605CB, cid=2418, SUCCESS, logIndex=3596, commits[a5e38e3e-c2ad-4348-acb9-3fc25cfb14dd:c3596, 11e48d46-e648-47f9-b6a0-9c7f26654c28:c3595, d1b6a90e-e817-40a7-bec1-608b5cc7d8b6:c3595]
2019-09-11 04:26:07,079 [grpc-default-executor-3] INFO  client.GrpcClientProtocolClient (GrpcClientProtocolClient.java:onNext(264)) - client-734BBEB428D7->a5e38e3e-c2ad-4348-acb9-3fc25cfb14dd: receive RaftClientReply:client-734BBEB428D7->a5e38e3e-c2ad-4348-acb9-3fc25cfb14dd@group-7000B19605CB, cid=2419, SUCCESS, logIndex=3597, commits[a5e38e3e-c2ad-4348-acb9-3fc25cfb14dd:c3597, 11e48d46-e648-47f9-b6a0-9c7f26654c28:c3595, d1b6a90e-e817-40a7-bec1-608b5cc7d8b6:c3595]
2019-09-11 04:26:07,089 [grpc-default-executor-2] INFO  client.GrpcClientProtocolClient (GrpcClientProtocolClient.java:onNext(264)) - client-734BBEB428D7->a5e38e3e-c2ad-4348-acb9-3fc25cfb14dd: receive RaftClientReply:client-734BBEB428D7->a5e38e3e-c2ad-4348-acb9-3fc25cfb14dd@group-7000B19605CB, cid=2420, SUCCESS, logIndex=3598, commits[a5e38e3e-c2ad-4348-acb9-3fc25cfb14dd:c3599, 11e48d46-e648-47f9-b6a0-9c7f26654c28:c3595, d1b6a90e-e817-40a7-bec1-608b5cc7d8b6:c3595]
2019-09-11 04:26:07,089 [grpc-default-executor-4] INFO  client.GrpcClientProtocolClient (GrpcClientProtocolClient.java:onNext(264)) - client-734BBEB428D7->a5e38e3e-c2ad-4348-acb9-3fc25cfb14dd: receive RaftClientReply:client-734BBEB428D7->a5e38e3e-c2ad-4348-acb9-3fc25cfb14dd@group-7000B19605CB, cid=2421, SUCCESS, logIndex=3599, commits[a5e38e3e-c2ad-4348-acb9-3fc25cfb14dd:c3599, 11e48d46-e648-47f9-b6a0-9c7f26654c28:c3595, d1b6a90e-e817-40a7-bec1-608b5cc7d8b6:c3595]
2019-09-11 04:26:07,091 [grpc-default-executor-4] INFO  client.GrpcClientProtocolClient (GrpcClientProtocolClient.java:onNext(264)) - client-734BBEB428D7->a5e38e3e-c2ad-4348-acb9-3fc25cfb14dd: receive RaftClientReply:client-734BBEB428D7->a5e38e3e-c2ad-4348-acb9-3fc25cfb14dd@group-7000B19605CB, cid=2422, SUCCESS, logIndex=0, commits[a5e38e3e-c2ad-4348-acb9-3fc25cfb14dd:c3602, 11e48d46-e648-47f9-b6a0-9c7f26654c28:c3599, d1b6a90e-e817-40a7-bec1-608b5cc7d8b6:c3597]
2019-09-11 04:26:07,111 [grpc-default-executor-3] INFO  client.GrpcClientProtocolClient (GrpcClientProtocolClient.java:onNext(264)) - client-734BBEB428D7->a5e38e3e-c2ad-4348-acb9-3fc25cfb14dd: receive RaftClientReply:client-734BBEB428D7->a5e38e3e-c2ad-4348-acb9-3fc25cfb14dd@group-7000B19605CB, cid=2423, SUCCESS, logIndex=3603, commits[a5e38e3e-c2ad-4348-acb9-3fc25cfb14dd:c3604, 11e48d46-e648-47f9-b6a0-9c7f26654c28:c3602, d1b6a90e-e817-40a7-bec1-608b5cc7d8b6:c3602]
2019-09-11 04:26:07,112 [grpc-default-executor-3] INFO  client.GrpcClientProtocolClient (GrpcClientProtocolClient.java:onNext(264)) - client-734BBEB428D7->a5e38e3e-c2ad-4348-acb9-3fc25cfb14dd: receive RaftClientReply:client-734BBEB428D7->a5e38e3e-c2ad-4348-acb9-3fc25cfb14dd@group-7000B19605CB, cid=2424, SUCCESS, logIndex=3604, commits[a5e38e3e-c2ad-4348-acb9-3fc25cfb14dd:c3604, 11e48d46-e648-47f9-b6a0-9c7f26654c28:c3602, d1b6a90e-e817-40a7-bec1-608b5cc7d8b6:c3602]
2019-09-11 04:26:07,123 [grpc-default-executor-1] INFO  client.GrpcClientProtocolClient (GrpcClientProtocolClient.java:onNext(264)) - client-734BBEB428D7->a5e38e3e-c2ad-4348-acb9-3fc25cfb14dd: receive RaftClientReply:client-734BBEB428D7->a5e38e3e-c2ad-4348-acb9-3fc25cfb14dd@group-7000B19605CB, cid=2425, SUCCESS, logIndex=3607, commits[a5e38e3e-c2ad-4348-acb9-3fc25cfb14dd:c3608, 11e48d46-e648-47f9-b6a0-9c7f26654c28:c3604, d1b6a90e-e817-40a7-bec1-608b5cc7d8b6:c3604]
2019-09-11 04:26:07,123 [grpc-default-executor-1] INFO  client.GrpcClientProtocolClient (GrpcClientProtocolClient.java:onNext(264)) - client-734BBEB428D7->a5e38e3e-c2ad-4348-acb9-3fc25cfb14dd: receive RaftClientReply:client-734BBEB428D7->a5e38e3e-c2ad-4348-acb9-3fc25cfb14dd@group-7000B19605CB, cid=2426, SUCCESS, logIndex=3608, commits[a5e38e3e-c2ad-4348-acb9-3fc25cfb14dd:c3608, 11e48d46-e648-47f9-b6a0-9c7f26654c28:c3604, d1b6a90e-e817-40a7-bec1-608b5cc7d8b6:c3604]
2019-09-11 04:26:07,134 [grpc-default-executor-1] INFO  client.GrpcClientProtocolClient (GrpcClientProtocolClient.java:onNext(264)) - client-734BBEB428D7->a5e38e3e-c2ad-4348-acb9-3fc25cfb14dd: receive RaftClientReply:client-734BBEB428D7->a5e38e3e-c2ad-4348-acb9-3fc25cfb14dd@group-7000B19605CB, cid=2427, SUCCESS, logIndex=0, commits[a5e38e3e-c2ad-4348-acb9-3fc25cfb14dd:c3610, 11e48d46-e648-47f9-b6a0-9c7f26654c28:c3608, d1b6a90e-e817-40a7-bec1-608b5cc7d8b6:c3608]
2019-09-11 04:26:07,162 [grpc-default-executor-4] INFO  client.GrpcClientProtocolClient (GrpcClientProtocolClient.java:onNext(264)) - client-734BBEB428D7->a5e38e3e-c2ad-4348-acb9-3fc25cfb14dd: receive RaftClientReply:client-734BBEB428D7->a5e38e3e-c2ad-4348-acb9-3fc25cfb14dd@group-7000B19605CB, cid=2428, SUCCESS, logIndex=3611, commits[a5e38e3e-c2ad-4348-acb9-3fc25cfb14dd:c3612, 11e48d46-e648-47f9-b6a0-9c7f26654c28:c3610, d1b6a90e-e817-40a7-bec1-608b5cc7d8b6:c3610]
2019-09-11 04:26:07,164 [grpc-default-executor-2] INFO  client.GrpcClientProtocolClient (GrpcClientProtocolClient.java:onNext(264)) - client-734BBEB428D7->a5e38e3e-c2ad-4348-acb9-3fc25cfb14dd: receive RaftClientReply:client-734BBEB428D7->a5e38e3e-c2ad-4348-acb9-3fc25cfb14dd@group-7000B19605CB, cid=2429, SUCCESS, logIndex=3612, commits[a5e38e3e-c2ad-4348-acb9-3fc25cfb14dd:c3614, 11e48d46-e648-47f9-b6a0-9c7f26654c28:c3610, d1b6a90e-e817-40a7-bec1-608b5cc7d8b6:c3610]
2019-09-11 04:26:07,164 [grpc-default-executor-2] INFO  client.GrpcClientProtocolClient (GrpcClientProtocolClient.java:onNext(264)) - client-734BBEB428D7->a5e38e3e-c2ad-4348-acb9-3fc25cfb14dd: receive RaftClientReply:client-734BBEB428D7->a5e38e3e-c2ad-4348-acb9-3fc25cfb14dd@group-7000B19605CB, cid=2430, SUCCESS, logIndex=3613, commits[a5e38e3e-c2ad-4348-acb9-3fc25cfb14dd:c3614, 11e48d46-e648-47f9-b6a0-9c7f26654c28:c3610, d1b6a90e-e817-40a7-bec1-608b5cc7d8b6:c3610]
2019-09-11 04:26:07,164 [grpc-default-executor-2] INFO  client.GrpcClientProtocolClient (GrpcClientProtocolClient.java:onNext(264)) - client-734BBEB428D7->a5e38e3e-c2ad-4348-acb9-3fc25cfb14dd: receive RaftClientReply:client-734BBEB428D7->a5e38e3e-c2ad-4348-acb9-3fc25cfb14dd@group-7000B19605CB, cid=2431, SUCCESS, logIndex=3614, commits[a5e38e3e-c2ad-4348-acb9-3fc25cfb14dd:c3614, 11e48d46-e648-47f9-b6a0-9c7f26654c28:c3610, d1b6a90e-e817-40a7-bec1-608b5cc7d8b6:c3610]
2019-09-11 04:26:07,165 [grpc-default-executor-2] INFO  client.GrpcClientProtocolClient (GrpcClientProtocolClient.java:onNext(264)) - client-734BBEB428D7->a5e38e3e-c2ad-4348-acb9-3fc25cfb14dd: receive RaftClientReply:client-734BBEB428D7->a5e38e3e-c2ad-4348-acb9-3fc25cfb14dd@group-7000B19605CB, cid=2432, SUCCESS, logIndex=0, commits[a5e38e3e-c2ad-4348-acb9-3fc25cfb14dd:c3617, 11e48d46-e648-47f9-b6a0-9c7f26654c28:c3614, d1b6a90e-e817-40a7-bec1-608b5cc7d8b6:c3614]
 0.00% |█                                                                                                    |  0/1 Time: 0:00:182019-09-11 04:26:07,182 [grpc-default-executor-2] INFO  client.GrpcClientProtocolClient (GrpcClientProtocolClient.java:onNext(264)) - client-734BBEB428D7->a5e38e3e-c2ad-4348-acb9-3fc25cfb14dd: receive RaftClientReply:client-734BBEB428D7->a5e38e3e-c2ad-4348-acb9-3fc25cfb14dd@group-7000B19605CB, cid=2433, SUCCESS, logIndex=3618, commits[a5e38e3e-c2ad-4348-acb9-3fc25cfb14dd:c3619, 11e48d46-e648-47f9-b6a0-9c7f26654c28:c3617, d1b6a90e-e817-40a7-bec1-608b5cc7d8b6:c3617]
2019-09-11 04:26:07,183 [grpc-default-executor-2] INFO  client.GrpcClientProtocolClient (GrpcClientProtocolClient.java:onNext(264)) - client-734BBEB428D7->a5e38e3e-c2ad-4348-acb9-3fc25cfb14dd: receive RaftClientReply:client-734BBEB428D7->a5e38e3e-c2ad-4348-acb9-3fc25cfb14dd@group-7000B19605CB, cid=2434, SUCCESS, logIndex=3619, commits[a5e38e3e-c2ad-4348-acb9-3fc25cfb14dd:c3619, 11e48d46-e648-47f9-b6a0-9c7f26654c28:c3617, d1b6a90e-e817-40a7-bec1-608b5cc7d8b6:c3617]
2019-09-11 04:26:07,196 [grpc-default-executor-2] INFO  client.GrpcClientProtocolClient (GrpcClientProtocolClient.java:onNext(264)) - client-734BBEB428D7->a5e38e3e-c2ad-4348-acb9-3fc25cfb14dd: receive RaftClientReply:client-734BBEB428D7->a5e38e3e-c2ad-4348-acb9-3fc25cfb14dd@group-7000B19605CB, cid=2435, SUCCESS, logIndex=3622, commits[a5e38e3e-c2ad-4348-acb9-3fc25cfb14dd:c3623, 11e48d46-e648-47f9-b6a0-9c7f26654c28:c3619, d1b6a90e-e817-40a7-bec1-608b5cc7d8b6:c3619]
2019-09-11 04:26:07,196 [grpc-default-executor-2] INFO  client.GrpcClientProtocolClient (GrpcClientProtocolClient.java:onNext(264)) - client-734BBEB428D7->a5e38e3e-c2ad-4348-acb9-3fc25cfb14dd: receive RaftClientReply:client-734BBEB428D7->a5e38e3e-c2ad-4348-acb9-3fc25cfb14dd@group-7000B19605CB, cid=2436, SUCCESS, logIndex=3623, commits[a5e38e3e-c2ad-4348-acb9-3fc25cfb14dd:c3623, 11e48d46-e648-47f9-b6a0-9c7f26654c28:c3619, d1b6a90e-e817-40a7-bec1-608b5cc7d8b6:c3619]
2019-09-11 04:26:07,209 [grpc-default-executor-2] INFO  client.GrpcClientProtocolClient (GrpcClientProtocolClient.java:onNext(264)) - client-734BBEB428D7->a5e38e3e-c2ad-4348-acb9-3fc25cfb14dd: receive RaftClientReply:client-734BBEB428D7->a5e38e3e-c2ad-4348-acb9-3fc25cfb14dd@group-7000B19605CB, cid=2437, SUCCESS, logIndex=0, commits[a5e38e3e-c2ad-4348-acb9-3fc25cfb14dd:c3625, 11e48d46-e648-47f9-b6a0-9c7f26654c28:c3623, d1b6a90e-e817-40a7-bec1-608b5cc7d8b6:c3623]
2019-09-11 04:26:07,233 [grpc-default-executor-4] INFO  client.GrpcClientProtocolClient (GrpcClientProtocolClient.java:onNext(264)) - client-734BBEB428D7->a5e38e3e-c2ad-4348-acb9-3fc25cfb14dd: receive RaftClientReply:client-734BBEB428D7->a5e38e3e-c2ad-4348-acb9-3fc25cfb14dd@group-7000B19605CB, cid=2438, SUCCESS, logIndex=3626, commits[a5e38e3e-c2ad-4348-acb9-3fc25cfb14dd:c3627, 11e48d46-e648-47f9-b6a0-9c7f26654c28:c3625, d1b6a90e-e817-40a7-bec1-608b5cc7d8b6:c3625]
2019-09-11 04:26:07,233 [grpc-default-executor-4] INFO  client.GrpcClientProtocolClient (GrpcClientProtocolClient.java:onNext(264)) - client-734BBEB428D7->a5e38e3e-c2ad-4348-acb9-3fc25cfb14dd: receive RaftClientReply:client-734BBEB428D7->a5e38e3e-c2ad-4348-acb9-3fc25cfb14dd@group-7000B19605CB, cid=2439, SUCCESS, logIndex=3627, commits[a5e38e3e-c2ad-4348-acb9-3fc25cfb14dd:c3629, 11e48d46-e648-47f9-b6a0-9c7f26654c28:c3625, d1b6a90e-e817-40a7-bec1-608b5cc7d8b6:c3625]
2019-09-11 04:26:07,233 [grpc-default-executor-4] INFO  client.GrpcClientProtocolClient (GrpcClientProtocolClient.java:onNext(264)) - client-734BBEB428D7->a5e38e3e-c2ad-4348-acb9-3fc25cfb14dd: receive RaftClientReply:client-734BBEB428D7->a5e38e3e-c2ad-4348-acb9-3fc25cfb14dd@group-7000B19605CB, cid=2440, SUCCESS, logIndex=3628, commits[a5e38e3e-c2ad-4348-acb9-3fc25cfb14dd:c3629, 11e48d46-e648-47f9-b6a0-9c7f26654c28:c3625, d1b6a90e-e817-40a7-bec1-608b5cc7d8b6:c3625]
2019-09-11 04:26:07,234 [grpc-default-executor-4] INFO  client.GrpcClientProtocolClient (GrpcClientProtocolClient.java:onNext(264)) - client-734BBEB428D7->a5e38e3e-c2ad-4348-acb9-3fc25cfb14dd: receive RaftClientReply:client-734BBEB428D7->a5e38e3e-c2ad-4348-acb9-3fc25cfb14dd@group-7000B19605CB, cid=2441, SUCCESS, logIndex=3629, commits[a5e38e3e-c2ad-4348-acb9-3fc25cfb14dd:c3629, 11e48d46-e648-47f9-b6a0-9c7f26654c28:c3625, d1b6a90e-e817-40a7-bec1-608b5cc7d8b6:c3625]
2019-09-11 04:26:07,236 [grpc-default-executor-2] INFO  client.GrpcClientProtocolClient (GrpcClientProtocolClient.java:onNext(264)) - client-734BBEB428D7->a5e38e3e-c2ad-4348-acb9-3fc25cfb14dd: receive RaftClientReply:client-734BBEB428D7->a5e38e3e-c2ad-4348-acb9-3fc25cfb14dd@group-7000B19605CB, cid=2442, SUCCESS, logIndex=0, commits[a5e38e3e-c2ad-4348-acb9-3fc25cfb14dd:c3631, 11e48d46-e648-47f9-b6a0-9c7f26654c28:c3627, d1b6a90e-e817-40a7-bec1-608b5cc7d8b6:c3628]
2019-09-11 04:26:07,255 [grpc-default-executor-4] INFO  client.GrpcClientProtocolClient (GrpcClientProtocolClient.java:onNext(264)) - client-734BBEB428D7->a5e38e3e-c2ad-4348-acb9-3fc25cfb14dd: receive RaftClientReply:client-734BBEB428D7->a5e38e3e-c2ad-4348-acb9-3fc25cfb14dd@group-7000B19605CB, cid=2443, SUCCESS, logIndex=3634, commits[a5e38e3e-c2ad-4348-acb9-3fc25cfb14dd:c3635, 11e48d46-e648-47f9-b6a0-9c7f26654c28:c3633, d1b6a90e-e817-40a7-bec1-608b5cc7d8b6:c3633]
2019-09-11 04:26:07,255 [grpc-default-executor-4] INFO  client.GrpcClientProtocolClient (GrpcClientProtocolClient.java:onNext(264)) - client-734BBEB428D7->a5e38e3e-c2ad-4348-acb9-3fc25cfb14dd: receive RaftClientReply:client-734BBEB428D7->a5e38e3e-c2ad-4348-acb9-3fc25cfb14dd@group-7000B19605CB, cid=2444, SUCCESS, logIndex=3635, commits[a5e38e3e-c2ad-4348-acb9-3fc25cfb14dd:c3635, 11e48d46-e648-47f9-b6a0-9c7f26654c28:c3633, d1b6a90e-e817-40a7-bec1-608b5cc7d8b6:c3633]
2019-09-11 04:26:07,267 [grpc-default-executor-4] INFO  client.GrpcClientProtocolClient (GrpcClientProtocolClient.java:onNext(264)) - client-734BBEB428D7->a5e38e3e-c2ad-4348-acb9-3fc25cfb14dd: receive RaftClientReply:client-734BBEB428D7->a5e38e3e-c2ad-4348-acb9-3fc25cfb14dd@group-7000B19605CB, cid=2445, SUCCESS, logIndex=3638, commits[a5e38e3e-c2ad-4348-acb9-3fc25cfb14dd:c3638, 11e48d46-e648-47f9-b6a0-9c7f26654c28:c3635, d1b6a90e-e817-40a7-bec1-608b5cc7d8b6:c3635]
2019-09-11 04:26:07,268 [grpc-default-executor-4] INFO  client.GrpcClientProtocolClient (GrpcClientProtocolClient.java:onNext(264)) - client-734BBEB428D7->a5e38e3e-c2ad-4348-acb9-3fc25cfb14dd: receive RaftClientReply:client-734BBEB428D7->a5e38e3e-c2ad-4348-acb9-3fc25cfb14dd@group-7000B19605CB, cid=2446, SUCCESS, logIndex=3639, commits[a5e38e3e-c2ad-4348-acb9-3fc25cfb14dd:c3639, 11e48d46-e648-47f9-b6a0-9c7f26654c28:c3635, d1b6a90e-e817-40a7-bec1-608b5cc7d8b6:c3635]
2019-09-11 04:26:07,281 [grpc-default-executor-2] INFO  client.GrpcClientProtocolClient (GrpcClientProtocolClient.java:onNext(264)) - client-734BBEB428D7->a5e38e3e-c2ad-4348-acb9-3fc25cfb14dd: receive RaftClientReply:client-734BBEB428D7->a5e38e3e-c2ad-4348-acb9-3fc25cfb14dd@group-7000B19605CB, cid=2447, SUCCESS, logIndex=0, commits[a5e38e3e-c2ad-4348-acb9-3fc25cfb14dd:c3641, 11e48d46-e648-47f9-b6a0-9c7f26654c28:c3639, d1b6a90e-e817-40a7-bec1-608b5cc7d8b6:c3639]
2019-09-11 04:26:07,306 [grpc-default-executor-3] INFO  client.GrpcClientProtocolClient (GrpcClientProtocolClient.java:onNext(264)) - client-734BBEB428D7->a5e38e3e-c2ad-4348-acb9-3fc25cfb14dd: receive RaftClientReply:client-734BBEB428D7->a5e38e3e-c2ad-4348-acb9-3fc25cfb14dd@group-7000B19605CB, cid=2448, SUCCESS, logIndex=3642, commits[a5e38e3e-c2ad-4348-acb9-3fc25cfb14dd:c3643, 11e48d46-e648-47f9-b6a0-9c7f26654c28:c3641, d1b6a90e-e817-40a7-bec1-608b5cc7d8b6:c3641]
2019-09-11 04:26:07,307 [grpc-default-executor-3] INFO  client.GrpcClientProtocolClient (GrpcClientProtocolClient.java:onNext(264)) - client-734BBEB428D7->a5e38e3e-c2ad-4348-acb9-3fc25cfb14dd: receive RaftClientReply:client-734BBEB428D7->a5e38e3e-c2ad-4348-acb9-3fc25cfb14dd@group-7000B19605CB, cid=2449, SUCCESS, logIndex=3643, commits[a5e38e3e-c2ad-4348-acb9-3fc25cfb14dd:c3645, 11e48d46-e648-47f9-b6a0-9c7f26654c28:c3641, d1b6a90e-e817-40a7-bec1-608b5cc7d8b6:c3641]
2019-09-11 04:26:07,307 [grpc-default-executor-3] INFO  client.GrpcClientProtocolClient (GrpcClientProtocolClient.java:onNext(264)) - client-734BBEB428D7->a5e38e3e-c2ad-4348-acb9-3fc25cfb14dd: receive RaftClientReply:client-734BBEB428D7->a5e38e3e-c2ad-4348-acb9-3fc25cfb14dd@group-7000B19605CB, cid=2450, SUCCESS, logIndex=3644, commits[a5e38e3e-c2ad-4348-acb9-3fc25cfb14dd:c3645, 11e48d46-e648-47f9-b6a0-9c7f26654c28:c3641, d1b6a90e-e817-40a7-bec1-608b5cc7d8b6:c3641]
2019-09-11 04:26:07,307 [grpc-default-executor-3] INFO  client.GrpcClientProtocolClient (GrpcClientProtocolClient.java:onNext(264)) - client-734BBEB428D7->a5e38e3e-c2ad-4348-acb9-3fc25cfb14dd: receive RaftClientReply:client-734BBEB428D7->a5e38e3e-c2ad-4348-acb9-3fc25cfb14dd@group-7000B19605CB, cid=2451, SUCCESS, logIndex=3645, commits[a5e38e3e-c2ad-4348-acb9-3fc25cfb14dd:c3645, 11e48d46-e648-47f9-b6a0-9c7f26654c28:c3641, d1b6a90e-e817-40a7-bec1-608b5cc7d8b6:c3641]
2019-09-11 04:26:07,309 [grpc-default-executor-3] INFO  client.GrpcClientProtocolClient (GrpcClientProtocolClient.java:onNext(264)) - client-734BBEB428D7->a5e38e3e-c2ad-4348-acb9-3fc25cfb14dd: receive RaftClientReply:client-734BBEB428D7->a5e38e3e-c2ad-4348-acb9-3fc25cfb14dd@group-7000B19605CB, cid=2452, SUCCESS, logIndex=0, commits[a5e38e3e-c2ad-4348-acb9-3fc25cfb14dd:c3646, 11e48d46-e648-47f9-b6a0-9c7f26654c28:c3643, d1b6a90e-e817-40a7-bec1-608b5cc7d8b6:c3643]
2019-09-11 04:26:07,326 [grpc-default-executor-2] INFO  client.GrpcClientProtocolClient (GrpcClientProtocolClient.java:onNext(264)) - client-734BBEB428D7->a5e38e3e-c2ad-4348-acb9-3fc25cfb14dd: receive RaftClientReply:client-734BBEB428D7->a5e38e3e-c2ad-4348-acb9-3fc25cfb14dd@group-7000B19605CB, cid=2453, SUCCESS, logIndex=3650, commits[a5e38e3e-c2ad-4348-acb9-3fc25cfb14dd:c3651, 11e48d46-e648-47f9-b6a0-9c7f26654c28:c3649, d1b6a90e-e817-40a7-bec1-608b5cc7d8b6:c3649]
2019-09-11 04:26:07,326 [grpc-default-executor-2] INFO  client.GrpcClientProtocolClient (GrpcClientProtocolClient.java:onNext(264)) - client-734BBEB428D7->a5e38e3e-c2ad-4348-acb9-3fc25cfb14dd: receive RaftClientReply:client-734BBEB428D7->a5e38e3e-c2ad-4348-acb9-3fc25cfb14dd@group-7000B19605CB, cid=2454, SUCCESS, logIndex=3651, commits[a5e38e3e-c2ad-4348-acb9-3fc25cfb14dd:c3651, 11e48d46-e648-47f9-b6a0-9c7f26654c28:c3649, d1b6a90e-e817-40a7-bec1-608b5cc7d8b6:c3649]
2019-09-11 04:26:07,339 [grpc-default-executor-2] INFO  client.GrpcClientProtocolClient (GrpcClientProtocolClient.java:onNext(264)) - client-734BBEB428D7->a5e38e3e-c2ad-4348-acb9-3fc25cfb14dd: receive RaftClientReply:client-734BBEB428D7->a5e38e3e-c2ad-4348-acb9-3fc25cfb14dd@group-7000B19605CB, cid=2455, SUCCESS, logIndex=3654, commits[a5e38e3e-c2ad-4348-acb9-3fc25cfb14dd:c3655, 11e48d46-e648-47f9-b6a0-9c7f26654c28:c3651, d1b6a90e-e817-40a7-bec1-608b5cc7d8b6:c3651]
2019-09-11 04:26:07,339 [grpc-default-executor-2] INFO  client.GrpcClientProtocolClient (GrpcClientProtocolClient.java:onNext(264)) - client-734BBEB428D7->a5e38e3e-c2ad-4348-acb9-3fc25cfb14dd: receive RaftClientReply:client-734BBEB428D7->a5e38e3e-c2ad-4348-acb9-3fc25cfb14dd@group-7000B19605CB, cid=2456, SUCCESS, logIndex=3655, commits[a5e38e3e-c2ad-4348-acb9-3fc25cfb14dd:c3655, 11e48d46-e648-47f9-b6a0-9c7f26654c28:c3651, d1b6a90e-e817-40a7-bec1-608b5cc7d8b6:c3651]
2019-09-11 04:26:07,352 [grpc-default-executor-2] INFO  client.GrpcClientProtocolClient (GrpcClientProtocolClient.java:onNext(264)) - client-734BBEB428D7->a5e38e3e-c2ad-4348-acb9-3fc25cfb14dd: receive RaftClientReply:client-734BBEB428D7->a5e38e3e-c2ad-4348-acb9-3fc25cfb14dd@group-7000B19605CB, cid=2457, SUCCESS, logIndex=0, commits[a5e38e3e-c2ad-4348-acb9-3fc25cfb14dd:c3657, 11e48d46-e648-47f9-b6a0-9c7f26654c28:c3655, d1b6a90e-e817-40a7-bec1-608b5cc7d8b6:c3655]
2019-09-11 04:26:07,377 [grpc-default-executor-2] INFO  client.GrpcClientProtocolClient (GrpcClientProtocolClient.java:onNext(264)) - client-734BBEB428D7->a5e38e3e-c2ad-4348-acb9-3fc25cfb14dd: receive RaftClientReply:client-734BBEB428D7->a5e38e3e-c2ad-4348-acb9-3fc25cfb14dd@group-7000B19605CB, cid=2458, SUCCESS, logIndex=3658, commits[a5e38e3e-c2ad-4348-acb9-3fc25cfb14dd:c3661, 11e48d46-e648-47f9-b6a0-9c7f26654c28:c3657, d1b6a90e-e817-40a7-bec1-608b5cc7d8b6:c3657]
2019-09-11 04:26:07,378 [grpc-default-executor-2] INFO  client.GrpcClientProtocolClient (GrpcClientProtocolClient.java:onNext(264)) - client-734BBEB428D7->a5e38e3e-c2ad-4348-acb9-3fc25cfb14dd: receive RaftClientReply:client-734BBEB428D7->a5e38e3e-c2ad-4348-acb9-3fc25cfb14dd@group-7000B19605CB, cid=2459, SUCCESS, logIndex=3659, commits[a5e38e3e-c2ad-4348-acb9-3fc25cfb14dd:c3661, 11e48d46-e648-47f9-b6a0-9c7f26654c28:c3657, d1b6a90e-e817-40a7-bec1-608b5cc7d8b6:c3657]
2019-09-11 04:26:07,378 [grpc-default-executor-3] INFO  client.GrpcClientProtocolClient (GrpcClientProtocolClient.java:onNext(264)) - client-734BBEB428D7->a5e38e3e-c2ad-4348-acb9-3fc25cfb14dd: receive RaftClientReply:client-734BBEB428D7->a5e38e3e-c2ad-4348-acb9-3fc25cfb14dd@group-7000B19605CB, cid=2460, SUCCESS, logIndex=3660, commits[a5e38e3e-c2ad-4348-acb9-3fc25cfb14dd:c3661, 11e48d46-e648-47f9-b6a0-9c7f26654c28:c3657, d1b6a90e-e817-40a7-bec1-608b5cc7d8b6:c3657]
2019-09-11 04:26:07,378 [grpc-default-executor-3] INFO  client.GrpcClientProtocolClient (GrpcClientProtocolClient.java:onNext(264)) - client-734BBEB428D7->a5e38e3e-c2ad-4348-acb9-3fc25cfb14dd: receive RaftClientReply:client-734BBEB428D7->a5e38e3e-c2ad-4348-acb9-3fc25cfb14dd@group-7000B19605CB, cid=2461, SUCCESS, logIndex=3661, commits[a5e38e3e-c2ad-4348-acb9-3fc25cfb14dd:c3661, 11e48d46-e648-47f9-b6a0-9c7f26654c28:c3657, d1b6a90e-e817-40a7-bec1-608b5cc7d8b6:c3657]
2019-09-11 04:26:07,379 [grpc-default-executor-3] INFO  client.GrpcClientProtocolClient (GrpcClientProtocolClient.java:onNext(264)) - client-734BBEB428D7->a5e38e3e-c2ad-4348-acb9-3fc25cfb14dd: receive RaftClientReply:client-734BBEB428D7->a5e38e3e-c2ad-4348-acb9-3fc25cfb14dd@group-7000B19605CB, cid=2462, SUCCESS, logIndex=0, commits[a5e38e3e-c2ad-4348-acb9-3fc25cfb14dd:c3663, 11e48d46-e648-47f9-b6a0-9c7f26654c28:c3660, d1b6a90e-e817-40a7-bec1-608b5cc7d8b6:c3660]
2019-09-11 04:26:07,407 [grpc-default-executor-2] INFO  client.GrpcClientProtocolClient (GrpcClientProtocolClient.java:onNext(264)) - client-734BBEB428D7->a5e38e3e-c2ad-4348-acb9-3fc25cfb14dd: receive RaftClientReply:client-734BBEB428D7->a5e38e3e-c2ad-4348-acb9-3fc25cfb14dd@group-7000B19605CB, cid=2463, SUCCESS, logIndex=3666, commits[a5e38e3e-c2ad-4348-acb9-3fc25cfb14dd:c3667, 11e48d46-e648-47f9-b6a0-9c7f26654c28:c3665, d1b6a90e-e817-40a7-bec1-608b5cc7d8b6:c3665]
2019-09-11 04:26:07,407 [grpc-default-executor-2] INFO  client.GrpcClientProtocolClient (GrpcClientProtocolClient.java:onNext(264)) - client-734BBEB428D7->a5e38e3e-c2ad-4348-acb9-3fc25cfb14dd: receive RaftClientReply:client-734BBEB428D7->a5e38e3e-c2ad-4348-acb9-3fc25cfb14dd@group-7000B19605CB, cid=2464, SUCCESS, logIndex=3667, commits[a5e38e3e-c2ad-4348-acb9-3fc25cfb14dd:c3667, 11e48d46-e648-47f9-b6a0-9c7f26654c28:c3665, d1b6a90e-e817-40a7-bec1-608b5cc7d8b6:c3665]
2019-09-11 04:26:07,437 [grpc-default-executor-2] INFO  client.GrpcClientProtocolClient (GrpcClientProtocolClient.java:onNext(264)) - client-734BBEB428D7->a5e38e3e-c2ad-4348-acb9-3fc25cfb14dd: receive RaftClientReply:client-734BBEB428D7->a5e38e3e-c2ad-4348-acb9-3fc25cfb14dd@group-7000B19605CB, cid=2465, SUCCESS, logIndex=3670, commits[a5e38e3e-c2ad-4348-acb9-3fc25cfb14dd:c3671, 11e48d46-e648-47f9-b6a0-9c7f26654c28:c3667, d1b6a90e-e817-40a7-bec1-608b5cc7d8b6:c3667]
2019-09-11 04:26:07,437 [grpc-default-executor-2] INFO  client.GrpcClientProtocolClient (GrpcClientProtocolClient.java:onNext(264)) - client-734BBEB428D7->a5e38e3e-c2ad-4348-acb9-3fc25cfb14dd: receive RaftClientReply:client-734BBEB428D7->a5e38e3e-c2ad-4348-acb9-3fc25cfb14dd@group-7000B19605CB, cid=2466, SUCCESS, logIndex=3671, commits[a5e38e3e-c2ad-4348-acb9-3fc25cfb14dd:c3671, 11e48d46-e648-47f9-b6a0-9c7f26654c28:c3667, d1b6a90e-e817-40a7-bec1-608b5cc7d8b6:c3667]
2019-09-11 04:26:07,450 [grpc-default-executor-2] INFO  client.GrpcClientProtocolClient (GrpcClientProtocolClient.java:onNext(264)) - client-734BBEB428D7->a5e38e3e-c2ad-4348-acb9-3fc25cfb14dd: receive RaftClientReply:client-734BBEB428D7->a5e38e3e-c2ad-4348-acb9-3fc25cfb14dd@group-7000B19605CB, cid=2467, SUCCESS, logIndex=0, commits[a5e38e3e-c2ad-4348-acb9-3fc25cfb14dd:c3673, 11e48d46-e648-47f9-b6a0-9c7f26654c28:c3671, d1b6a90e-e817-40a7-bec1-608b5cc7d8b6:c3671]
2019-09-11 04:26:07,478 [grpc-default-executor-3] INFO  client.GrpcClientProtocolClient (GrpcClientProtocolClient.java:onNext(264)) - client-734BBEB428D7->a5e38e3e-c2ad-4348-acb9-3fc25cfb14dd: receive RaftClientReply:client-734BBEB428D7->a5e38e3e-c2ad-4348-acb9-3fc25cfb14dd@group-7000B19605CB, cid=2468, SUCCESS, logIndex=3674, commits[a5e38e3e-c2ad-4348-acb9-3fc25cfb14dd:c3675, 11e48d46-e648-47f9-b6a0-9c7f26654c28:c3673, d1b6a90e-e817-40a7-bec1-608b5cc7d8b6:c3673]
2019-09-11 04:26:07,478 [grpc-default-executor-3] INFO  client.GrpcClientProtocolClient (GrpcClientProtocolClient.java:onNext(264)) - client-734BBEB428D7->a5e38e3e-c2ad-4348-acb9-3fc25cfb14dd: receive RaftClientReply:client-734BBEB428D7->a5e38e3e-c2ad-4348-acb9-3fc25cfb14dd@group-7000B19605CB, cid=2469, SUCCESS, logIndex=3675, commits[a5e38e3e-c2ad-4348-acb9-3fc25cfb14dd:c3677, 11e48d46-e648-47f9-b6a0-9c7f26654c28:c3673, d1b6a90e-e817-40a7-bec1-608b5cc7d8b6:c3673]
2019-09-11 04:26:07,478 [grpc-default-executor-3] INFO  client.GrpcClientProtocolClient (GrpcClientProtocolClient.java:onNext(264)) - client-734BBEB428D7->a5e38e3e-c2ad-4348-acb9-3fc25cfb14dd: receive RaftClientReply:client-734BBEB428D7->a5e38e3e-c2ad-4348-acb9-3fc25cfb14dd@group-7000B19605CB, cid=2470, SUCCESS, logIndex=3676, commits[a5e38e3e-c2ad-4348-acb9-3fc25cfb14dd:c3677, 11e48d46-e648-47f9-b6a0-9c7f26654c28:c3673, d1b6a90e-e817-40a7-bec1-608b5cc7d8b6:c3673]
2019-09-11 04:26:07,479 [grpc-default-executor-3] INFO  client.GrpcClientProtocolClient (GrpcClientProtocolClient.java:onNext(264)) - client-734BBEB428D7->a5e38e3e-c2ad-4348-acb9-3fc25cfb14dd: receive RaftClientReply:client-734BBEB428D7->a5e38e3e-c2ad-4348-acb9-3fc25cfb14dd@group-7000B19605CB, cid=2471, SUCCESS, logIndex=3677, commits[a5e38e3e-c2ad-4348-acb9-3fc25cfb14dd:c3677, 11e48d46-e648-47f9-b6a0-9c7f26654c28:c3673, d1b6a90e-e817-40a7-bec1-608b5cc7d8b6:c3674]
2019-09-11 04:26:07,480 [grpc-default-executor-4] INFO  client.GrpcClientProtocolClient (GrpcClientProtocolClient.java:onNext(264)) - client-734BBEB428D7->a5e38e3e-c2ad-4348-acb9-3fc25cfb14dd: receive RaftClientReply:client-734BBEB428D7->a5e38e3e-c2ad-4348-acb9-3fc25cfb14dd@group-7000B19605CB, cid=2472, SUCCESS, logIndex=0, commits[a5e38e3e-c2ad-4348-acb9-3fc25cfb14dd:c3680, 11e48d46-e648-47f9-b6a0-9c7f26654c28:c3675, d1b6a90e-e817-40a7-bec1-608b5cc7d8b6:c3677]
2019-09-11 04:26:07,498 [grpc-default-executor-3] INFO  client.GrpcClientProtocolClient (GrpcClientProtocolClient.java:onNext(264)) - client-734BBEB428D7->a5e38e3e-c2ad-4348-acb9-3fc25cfb14dd: receive RaftClientReply:client-734BBEB428D7->a5e38e3e-c2ad-4348-acb9-3fc25cfb14dd@group-7000B19605CB, cid=2473, SUCCESS, logIndex=3681, commits[a5e38e3e-c2ad-4348-acb9-3fc25cfb14dd:c3682, 11e48d46-e648-47f9-b6a0-9c7f26654c28:c3680, d1b6a90e-e817-40a7-bec1-608b5cc7d8b6:c3680]
2019-09-11 04:26:07,499 [grpc-default-executor-3] INFO  client.GrpcClientProtocolClient (GrpcClientProtocolClient.java:onNext(264)) - client-734BBEB428D7->a5e38e3e-c2ad-4348-acb9-3fc25cfb14dd: receive RaftClientReply:client-734BBEB428D7->a5e38e3e-c2ad-4348-acb9-3fc25cfb14dd@group-7000B19605CB, cid=2474, SUCCESS, logIndex=3682, commits[a5e38e3e-c2ad-4348-acb9-3fc25cfb14dd:c3682, 11e48d46-e648-47f9-b6a0-9c7f26654c28:c3680, d1b6a90e-e817-40a7-bec1-608b5cc7d8b6:c3680]
2019-09-11 04:26:07,511 [grpc-default-executor-2] INFO  client.GrpcClientProtocolClient (GrpcClientProtocolClient.java:onNext(264)) - client-734BBEB428D7->a5e38e3e-c2ad-4348-acb9-3fc25cfb14dd: receive RaftClientReply:client-734BBEB428D7->a5e38e3e-c2ad-4348-acb9-3fc25cfb14dd@group-7000B19605CB, cid=2475, SUCCESS, logIndex=3685, commits[a5e38e3e-c2ad-4348-acb9-3fc25cfb14dd:c3686, 11e48d46-e648-47f9-b6a0-9c7f26654c28:c3682, d1b6a90e-e817-40a7-bec1-608b5cc7d8b6:c3682]
2019-09-11 04:26:07,512 [grpc-default-executor-2] INFO  client.GrpcClientProtocolClient (GrpcClientProtocolClient.java:onNext(264)) - client-734BBEB428D7->a5e38e3e-c2ad-4348-acb9-3fc25cfb14dd: receive RaftClientReply:client-734BBEB428D7->a5e38e3e-c2ad-4348-acb9-3fc25cfb14dd@group-7000B19605CB, cid=2476, SUCCESS, logIndex=3686, commits[a5e38e3e-c2ad-4348-acb9-3fc25cfb14dd:c3686, 11e48d46-e648-47f9-b6a0-9c7f26654c28:c3682, d1b6a90e-e817-40a7-bec1-608b5cc7d8b6:c3682]
2019-09-11 04:26:07,525 [grpc-default-executor-4] INFO  client.GrpcClientProtocolClient (GrpcClientProtocolClient.java:onNext(264)) - client-734BBEB428D7->a5e38e3e-c2ad-4348-acb9-3fc25cfb14dd: receive RaftClientReply:client-734BBEB428D7->a5e38e3e-c2ad-4348-acb9-3fc25cfb14dd@group-7000B19605CB, cid=2477, SUCCESS, logIndex=0, commits[a5e38e3e-c2ad-4348-acb9-3fc25cfb14dd:c3688, 11e48d46-e648-47f9-b6a0-9c7f26654c28:c3686, d1b6a90e-e817-40a7-bec1-608b5cc7d8b6:c3686]
2019-09-11 04:26:07,676 [grpc-default-executor-3] INFO  client.GrpcClientProtocolClient (GrpcClientProtocolClient.java:onNext(264)) - client-734BBEB428D7->a5e38e3e-c2ad-4348-acb9-3fc25cfb14dd: receive RaftClientReply:client-734BBEB428D7->a5e38e3e-c2ad-4348-acb9-3fc25cfb14dd@group-7000B19605CB, cid=2478, SUCCESS, logIndex=3689, commits[a5e38e3e-c2ad-4348-acb9-3fc25cfb14dd:c3690, 11e48d46-e648-47f9-b6a0-9c7f26654c28:c3688, d1b6a90e-e817-40a7-bec1-608b5cc7d8b6:c3688]
2019-09-11 04:26:07,676 [grpc-default-executor-3] INFO  client.GrpcClientProtocolClient (GrpcClientProtocolClient.java:onNext(264)) - client-734BBEB428D7->a5e38e3e-c2ad-4348-acb9-3fc25cfb14dd: receive RaftClientReply:client-734BBEB428D7->a5e38e3e-c2ad-4348-acb9-3fc25cfb14dd@group-7000B19605CB, cid=2479, SUCCESS, logIndex=3690, commits[a5e38e3e-c2ad-4348-acb9-3fc25cfb14dd:c3692, 11e48d46-e648-47f9-b6a0-9c7f26654c28:c3688, d1b6a90e-e817-40a7-bec1-608b5cc7d8b6:c3688]
2019-09-11 04:26:07,677 [grpc-default-executor-3] INFO  client.GrpcClientProtocolClient (GrpcClientProtocolClient.java:onNext(264)) - client-734BBEB428D7->a5e38e3e-c2ad-4348-acb9-3fc25cfb14dd: receive RaftClientReply:client-734BBEB428D7->a5e38e3e-c2ad-4348-acb9-3fc25cfb14dd@group-7000B19605CB, cid=2480, SUCCESS, logIndex=3691, commits[a5e38e3e-c2ad-4348-acb9-3fc25cfb14dd:c3692, 11e48d46-e648-47f9-b6a0-9c7f26654c28:c3688, d1b6a90e-e817-40a7-bec1-608b5cc7d8b6:c3688]
2019-09-11 04:26:07,677 [grpc-default-executor-3] INFO  client.GrpcClientProtocolClient (GrpcClientProtocolClient.java:onNext(264)) - client-734BBEB428D7->a5e38e3e-c2ad-4348-acb9-3fc25cfb14dd: receive RaftClientReply:client-734BBEB428D7->a5e38e3e-c2ad-4348-acb9-3fc25cfb14dd@group-7000B19605CB, cid=2481, SUCCESS, logIndex=3692, commits[a5e38e3e-c2ad-4348-acb9-3fc25cfb14dd:c3692, 11e48d46-e648-47f9-b6a0-9c7f26654c28:c3688, d1b6a90e-e817-40a7-bec1-608b5cc7d8b6:c3690]
2019-09-11 04:26:07,678 [grpc-default-executor-3] INFO  client.GrpcClientProtocolClient (GrpcClientProtocolClient.java:onNext(264)) - client-734BBEB428D7->a5e38e3e-c2ad-4348-acb9-3fc25cfb14dd: receive RaftClientReply:client-734BBEB428D7->a5e38e3e-c2ad-4348-acb9-3fc25cfb14dd@group-7000B19605CB, cid=2482, SUCCESS, logIndex=0, commits[a5e38e3e-c2ad-4348-acb9-3fc25cfb14dd:c3695, 11e48d46-e648-47f9-b6a0-9c7f26654c28:c3691, d1b6a90e-e817-40a7-bec1-608b5cc7d8b6:c3690]
2019-09-11 04:26:07,699 [grpc-default-executor-3] INFO  client.GrpcClientProtocolClient (GrpcClientProtocolClient.java:onNext(264)) - client-734BBEB428D7->a5e38e3e-c2ad-4348-acb9-3fc25cfb14dd: receive RaftClientReply:client-734BBEB428D7->a5e38e3e-c2ad-4348-acb9-3fc25cfb14dd@group-7000B19605CB, cid=2483, SUCCESS, logIndex=3697, commits[a5e38e3e-c2ad-4348-acb9-3fc25cfb14dd:c3698, 11e48d46-e648-47f9-b6a0-9c7f26654c28:c3696, d1b6a90e-e817-40a7-bec1-608b5cc7d8b6:c3696]
2019-09-11 04:26:07,699 [grpc-default-executor-3] INFO  client.GrpcClientProtocolClient (GrpcClientProtocolClient.java:onNext(264)) - client-734BBEB428D7->a5e38e3e-c2ad-4348-acb9-3fc25cfb14dd: receive RaftClientReply:client-734BBEB428D7->a5e38e3e-c2ad-4348-acb9-3fc25cfb14dd@group-7000B19605CB, cid=2484, SUCCESS, logIndex=3698, commits[a5e38e3e-c2ad-4348-acb9-3fc25cfb14dd:c3698, 11e48d46-e648-47f9-b6a0-9c7f26654c28:c3696, d1b6a90e-e817-40a7-bec1-608b5cc7d8b6:c3696]
2019-09-11 04:26:07,711 [grpc-default-executor-3] INFO  client.GrpcClientProtocolClient (GrpcClientProtocolClient.java:onNext(264)) - client-734BBEB428D7->a5e38e3e-c2ad-4348-acb9-3fc25cfb14dd: receive RaftClientReply:client-734BBEB428D7->a5e38e3e-c2ad-4348-acb9-3fc25cfb14dd@group-7000B19605CB, cid=2485, SUCCESS, logIndex=3701, commits[a5e38e3e-c2ad-4348-acb9-3fc25cfb14dd:c3702, 11e48d46-e648-47f9-b6a0-9c7f26654c28:c3698, d1b6a90e-e817-40a7-bec1-608b5cc7d8b6:c3698]
2019-09-11 04:26:07,711 [grpc-default-executor-3] INFO  client.GrpcClientProtocolClient (GrpcClientProtocolClient.java:onNext(264)) - client-734BBEB428D7->a5e38e3e-c2ad-4348-acb9-3fc25cfb14dd: receive RaftClientReply:client-734BBEB428D7->a5e38e3e-c2ad-4348-acb9-3fc25cfb14dd@group-7000B19605CB, cid=2486, SUCCESS, logIndex=3702, commits[a5e38e3e-c2ad-4348-acb9-3fc25cfb14dd:c3702, 11e48d46-e648-47f9-b6a0-9c7f26654c28:c3698, d1b6a90e-e817-40a7-bec1-608b5cc7d8b6:c3698]
2019-09-11 04:26:07,713 [grpc-default-executor-3] INFO  client.GrpcClientProtocolClient (GrpcClientProtocolClient.java:onNext(264)) - client-734BBEB428D7->a5e38e3e-c2ad-4348-acb9-3fc25cfb14dd: receive RaftClientReply:client-734BBEB428D7->a5e38e3e-c2ad-4348-acb9-3fc25cfb14dd@group-7000B19605CB, cid=2487, SUCCESS, logIndex=0, commits[a5e38e3e-c2ad-4348-acb9-3fc25cfb14dd:c3703, 11e48d46-e648-47f9-b6a0-9c7f26654c28:c3702, d1b6a90e-e817-40a7-bec1-608b5cc7d8b6:c3702]
2019-09-11 04:26:07,764 [grpc-default-executor-3] INFO  client.GrpcClientProtocolClient (GrpcClientProtocolClient.java:onNext(264)) - client-734BBEB428D7->a5e38e3e-c2ad-4348-acb9-3fc25cfb14dd: receive RaftClientReply:client-734BBEB428D7->a5e38e3e-c2ad-4348-acb9-3fc25cfb14dd@group-7000B19605CB, cid=2488, SUCCESS, logIndex=3705, commits[a5e38e3e-c2ad-4348-acb9-3fc25cfb14dd:c3706, 11e48d46-e648-47f9-b6a0-9c7f26654c28:c3704, d1b6a90e-e817-40a7-bec1-608b5cc7d8b6:c3704]
2019-09-11 04:26:07,764 [grpc-default-executor-3] INFO  client.GrpcClientProtocolClient (GrpcClientProtocolClient.java:onNext(264)) - client-734BBEB428D7->a5e38e3e-c2ad-4348-acb9-3fc25cfb14dd: receive RaftClientReply:client-734BBEB428D7->a5e38e3e-c2ad-4348-acb9-3fc25cfb14dd@group-7000B19605CB, cid=2489, SUCCESS, logIndex=3706, commits[a5e38e3e-c2ad-4348-acb9-3fc25cfb14dd:c3706, 11e48d46-e648-47f9-b6a0-9c7f26654c28:c3704, d1b6a90e-e817-40a7-bec1-608b5cc7d8b6:c3704]
2019-09-11 04:26:07,774 [grpc-default-executor-2] INFO  client.GrpcClientProtocolClient (GrpcClientProtocolClient.java:onNext(264)) - client-734BBEB428D7->a5e38e3e-c2ad-4348-acb9-3fc25cfb14dd: receive RaftClientReply:client-734BBEB428D7->a5e38e3e-c2ad-4348-acb9-3fc25cfb14dd@group-7000B19605CB, cid=2490, SUCCESS, logIndex=3707, commits[a5e38e3e-c2ad-4348-acb9-3fc25cfb14dd:c3708, 11e48d46-e648-47f9-b6a0-9c7f26654c28:c3704, d1b6a90e-e817-40a7-bec1-608b5cc7d8b6:c3704]
2019-09-11 04:26:07,774 [grpc-default-executor-2] INFO  client.GrpcClientProtocolClient (GrpcClientProtocolClient.java:onNext(264)) - client-734BBEB428D7->a5e38e3e-c2ad-4348-acb9-3fc25cfb14dd: receive RaftClientReply:client-734BBEB428D7->a5e38e3e-c2ad-4348-acb9-3fc25cfb14dd@group-7000B19605CB, cid=2491, SUCCESS, logIndex=3708, commits[a5e38e3e-c2ad-4348-acb9-3fc25cfb14dd:c3709, 11e48d46-e648-47f9-b6a0-9c7f26654c28:c3705, d1b6a90e-e817-40a7-bec1-608b5cc7d8b6:c3704]
2019-09-11 04:26:07,775 [grpc-default-executor-3] INFO  client.GrpcClientProtocolClient (GrpcClientProtocolClient.java:onNext(264)) - client-734BBEB428D7->a5e38e3e-c2ad-4348-acb9-3fc25cfb14dd: receive RaftClientReply:client-734BBEB428D7->a5e38e3e-c2ad-4348-acb9-3fc25cfb14dd@group-7000B19605CB, cid=2492, SUCCESS, logIndex=0, commits[a5e38e3e-c2ad-4348-acb9-3fc25cfb14dd:c3710, 11e48d46-e648-47f9-b6a0-9c7f26654c28:c3706, d1b6a90e-e817-40a7-bec1-608b5cc7d8b6:c3706]
2019-09-11 04:26:07,795 [grpc-default-executor-4] INFO  client.GrpcClientProtocolClient (GrpcClientProtocolClient.java:onNext(264)) - client-734BBEB428D7->a5e38e3e-c2ad-4348-acb9-3fc25cfb14dd: receive RaftClientReply:client-734BBEB428D7->a5e38e3e-c2ad-4348-acb9-3fc25cfb14dd@group-7000B19605CB, cid=2493, SUCCESS, logIndex=3712, commits[a5e38e3e-c2ad-4348-acb9-3fc25cfb14dd:c3713, 11e48d46-e648-47f9-b6a0-9c7f26654c28:c3711, d1b6a90e-e817-40a7-bec1-608b5cc7d8b6:c3711]
2019-09-11 04:26:07,795 [grpc-default-executor-4] INFO  client.GrpcClientProtocolClient (GrpcClientProtocolClient.java:onNext(264)) - client-734BBEB428D7->a5e38e3e-c2ad-4348-acb9-3fc25cfb14dd: receive RaftClientReply:client-734BBEB428D7->a5e38e3e-c2ad-4348-acb9-3fc25cfb14dd@group-7000B19605CB, cid=2494, SUCCESS, logIndex=3713, commits[a5e38e3e-c2ad-4348-acb9-3fc25cfb14dd:c3713, 11e48d46-e648-47f9-b6a0-9c7f26654c28:c3711, d1b6a90e-e817-40a7-bec1-608b5cc7d8b6:c3711]
2019-09-11 04:26:07,808 [grpc-default-executor-4] INFO  client.GrpcClientProtocolClient (GrpcClientProtocolClient.java:onNext(264)) - client-734BBEB428D7->a5e38e3e-c2ad-4348-acb9-3fc25cfb14dd: receive RaftClientReply:client-734BBEB428D7->a5e38e3e-c2ad-4348-acb9-3fc25cfb14dd@group-7000B19605CB, cid=2495, SUCCESS, logIndex=3716, commits[a5e38e3e-c2ad-4348-acb9-3fc25cfb14dd:c3716, 11e48d46-e648-47f9-b6a0-9c7f26654c28:c3713, d1b6a90e-e817-40a7-bec1-608b5cc7d8b6:c3713]
2019-09-11 04:26:07,808 [grpc-default-executor-4] INFO  client.GrpcClientProtocolClient (GrpcClientProtocolClient.java:onNext(264)) - client-734BBEB428D7->a5e38e3e-c2ad-4348-acb9-3fc25cfb14dd: receive RaftClientReply:client-734BBEB428D7->a5e38e3e-c2ad-4348-acb9-3fc25cfb14dd@group-7000B19605CB, cid=2496, SUCCESS, logIndex=3717, commits[a5e38e3e-c2ad-4348-acb9-3fc25cfb14dd:c3717, 11e48d46-e648-47f9-b6a0-9c7f26654c28:c3713, d1b6a90e-e817-40a7-bec1-608b5cc7d8b6:c3713]
2019-09-11 04:26:07,822 [grpc-default-executor-4] INFO  client.GrpcClientProtocolClient (GrpcClientProtocolClient.java:onNext(264)) - client-734BBEB428D7->a5e38e3e-c2ad-4348-acb9-3fc25cfb14dd: receive RaftClientReply:client-734BBEB428D7->a5e38e3e-c2ad-4348-acb9-3fc25cfb14dd@group-7000B19605CB, cid=2497, SUCCESS, logIndex=0, commits[a5e38e3e-c2ad-4348-acb9-3fc25cfb14dd:c3719, 11e48d46-e648-47f9-b6a0-9c7f26654c28:c3717, d1b6a90e-e817-40a7-bec1-608b5cc7d8b6:c3717]
2019-09-11 04:26:07,848 [grpc-default-executor-2] INFO  client.GrpcClientProtocolClient (GrpcClientProtocolClient.java:onNext(264)) - client-734BBEB428D7->a5e38e3e-c2ad-4348-acb9-3fc25cfb14dd: receive RaftClientReply:client-734BBEB428D7->a5e38e3e-c2ad-4348-acb9-3fc25cfb14dd@group-7000B19605CB, cid=2498, SUCCESS, logIndex=3720, commits[a5e38e3e-c2ad-4348-acb9-3fc25cfb14dd:c3721, 11e48d46-e648-47f9-b6a0-9c7f26654c28:c3719, d1b6a90e-e817-40a7-bec1-608b5cc7d8b6:c3719]
2019-09-11 04:26:07,849 [grpc-default-executor-2] INFO  client.GrpcClientProtocolClient (GrpcClientProtocolClient.java:onNext(264)) - client-734BBEB428D7->a5e38e3e-c2ad-4348-acb9-3fc25cfb14dd: receive RaftClientReply:client-734BBEB428D7->a5e38e3e-c2ad-4348-acb9-3fc25cfb14dd@group-7000B19605CB, cid=2499, SUCCESS, logIndex=3721, commits[a5e38e3e-c2ad-4348-acb9-3fc25cfb14dd:c3723, 11e48d46-e648-47f9-b6a0-9c7f26654c28:c3719, d1b6a90e-e817-40a7-bec1-608b5cc7d8b6:c3719]
2019-09-11 04:26:07,849 [grpc-default-executor-2] INFO  client.GrpcClientProtocolClient (GrpcClientProtocolClient.java:onNext(264)) - client-734BBEB428D7->a5e38e3e-c2ad-4348-acb9-3fc25cfb14dd: receive RaftClientReply:client-734BBEB428D7->a5e38e3e-c2ad-4348-acb9-3fc25cfb14dd@group-7000B19605CB, cid=2500, SUCCESS, logIndex=3722, commits[a5e38e3e-c2ad-4348-acb9-3fc25cfb14dd:c3723, 11e48d46-e648-47f9-b6a0-9c7f26654c28:c3719, d1b6a90e-e817-40a7-bec1-608b5cc7d8b6:c3719]
2019-09-11 04:26:07,849 [grpc-default-executor-2] INFO  client.GrpcClientProtocolClient (GrpcClientProtocolClient.java:onNext(264)) - client-734BBEB428D7->a5e38e3e-c2ad-4348-acb9-3fc25cfb14dd: receive RaftClientReply:client-734BBEB428D7->a5e38e3e-c2ad-4348-acb9-3fc25cfb14dd@group-7000B19605CB, cid=2501, SUCCESS, logIndex=3723, commits[a5e38e3e-c2ad-4348-acb9-3fc25cfb14dd:c3723, 11e48d46-e648-47f9-b6a0-9c7f26654c28:c3719, d1b6a90e-e817-40a7-bec1-608b5cc7d8b6:c3719]
2019-09-11 04:26:07,853 [grpc-default-executor-2] INFO  client.GrpcClientProtocolClient (GrpcClientProtocolClient.java:onNext(264)) - client-734BBEB428D7->a5e38e3e-c2ad-4348-acb9-3fc25cfb14dd: receive RaftClientReply:client-734BBEB428D7->a5e38e3e-c2ad-4348-acb9-3fc25cfb14dd@group-7000B19605CB, cid=2502, SUCCESS, logIndex=0, commits[a5e38e3e-c2ad-4348-acb9-3fc25cfb14dd:c3724, 11e48d46-e648-47f9-b6a0-9c7f26654c28:c3721, d1b6a90e-e817-40a7-bec1-608b5cc7d8b6:c3721]
2019-09-11 04:26:07,871 [grpc-default-executor-3] INFO  client.GrpcClientProtocolClient (GrpcClientProtocolClient.java:onNext(264)) - client-734BBEB428D7->a5e38e3e-c2ad-4348-acb9-3fc25cfb14dd: receive RaftClientReply:client-734BBEB428D7->a5e38e3e-c2ad-4348-acb9-3fc25cfb14dd@group-7000B19605CB, cid=2503, SUCCESS, logIndex=3728, commits[a5e38e3e-c2ad-4348-acb9-3fc25cfb14dd:c3729, 11e48d46-e648-47f9-b6a0-9c7f26654c28:c3727, d1b6a90e-e817-40a7-bec1-608b5cc7d8b6:c3727]
2019-09-11 04:26:07,871 [grpc-default-executor-3] INFO  client.GrpcClientProtocolClient (GrpcClientProtocolClient.java:onNext(264)) - client-734BBEB428D7->a5e38e3e-c2ad-4348-acb9-3fc25cfb14dd: receive RaftClientReply:client-734BBEB428D7->a5e38e3e-c2ad-4348-acb9-3fc25cfb14dd@group-7000B19605CB, cid=2504, SUCCESS, logIndex=3729, commits[a5e38e3e-c2ad-4348-acb9-3fc25cfb14dd:c3729, 11e48d46-e648-47f9-b6a0-9c7f26654c28:c3727, d1b6a90e-e817-40a7-bec1-608b5cc7d8b6:c3727]
2019-09-11 04:26:07,885 [grpc-default-executor-2] INFO  client.GrpcClientProtocolClient (GrpcClientProtocolClient.java:onNext(264)) - client-734BBEB428D7->a5e38e3e-c2ad-4348-acb9-3fc25cfb14dd: receive RaftClientReply:client-734BBEB428D7->a5e38e3e-c2ad-4348-acb9-3fc25cfb14dd@group-7000B19605CB, cid=2505, SUCCESS, logIndex=3732, commits[a5e38e3e-c2ad-4348-acb9-3fc25cfb14dd:c3732, 11e48d46-e648-47f9-b6a0-9c7f26654c28:c3729, d1b6a90e-e817-40a7-bec1-608b5cc7d8b6:c3729]
2019-09-11 04:26:07,885 [grpc-default-executor-2] INFO  client.GrpcClientProtocolClient (GrpcClientProtocolClient.java:onNext(264)) - client-734BBEB428D7->a5e38e3e-c2ad-4348-acb9-3fc25cfb14dd: receive RaftClientReply:client-734BBEB428D7->a5e38e3e-c2ad-4348-acb9-3fc25cfb14dd@group-7000B19605CB, cid=2506, SUCCESS, logIndex=3733, commits[a5e38e3e-c2ad-4348-acb9-3fc25cfb14dd:c3733, 11e48d46-e648-47f9-b6a0-9c7f26654c28:c3729, d1b6a90e-e817-40a7-bec1-608b5cc7d8b6:c3729]
2019-09-11 04:26:07,898 [grpc-default-executor-3] INFO  client.GrpcClientProtocolClient (GrpcClientProtocolClient.java:onNext(264)) - client-734BBEB428D7->a5e38e3e-c2ad-4348-acb9-3fc25cfb14dd: receive RaftClientReply:client-734BBEB428D7->a5e38e3e-c2ad-4348-acb9-3fc25cfb14dd@group-7000B19605CB, cid=2507, SUCCESS, logIndex=0, commits[a5e38e3e-c2ad-4348-acb9-3fc25cfb14dd:c3735, 11e48d46-e648-47f9-b6a0-9c7f26654c28:c3733, d1b6a90e-e817-40a7-bec1-608b5cc7d8b6:c3733]
2019-09-11 04:26:07,925 [grpc-default-executor-3] INFO  client.GrpcClientProtocolClient (GrpcClientProtocolClient.java:onNext(264)) - client-734BBEB428D7->a5e38e3e-c2ad-4348-acb9-3fc25cfb14dd: receive RaftClientReply:client-734BBEB428D7->a5e38e3e-c2ad-4348-acb9-3fc25cfb14dd@group-7000B19605CB, cid=2508, SUCCESS, logIndex=3736, commits[a5e38e3e-c2ad-4348-acb9-3fc25cfb14dd:c3737, 11e48d46-e648-47f9-b6a0-9c7f26654c28:c3735, d1b6a90e-e817-40a7-bec1-608b5cc7d8b6:c3735]
2019-09-11 04:26:07,926 [grpc-default-executor-3] INFO  client.GrpcClientProtocolClient (GrpcClientProtocolClient.java:onNext(264)) - client-734BBEB428D7->a5e38e3e-c2ad-4348-acb9-3fc25cfb14dd: receive RaftClientReply:client-734BBEB428D7->a5e38e3e-c2ad-4348-acb9-3fc25cfb14dd@group-7000B19605CB, cid=2509, SUCCESS, logIndex=3737, commits[a5e38e3e-c2ad-4348-acb9-3fc25cfb14dd:c3739, 11e48d46-e648-47f9-b6a0-9c7f26654c28:c3735, d1b6a90e-e817-40a7-bec1-608b5cc7d8b6:c3735]
2019-09-11 04:26:07,926 [grpc-default-executor-3] INFO  client.GrpcClientProtocolClient (GrpcClientProtocolClient.java:onNext(264)) - client-734BBEB428D7->a5e38e3e-c2ad-4348-acb9-3fc25cfb14dd: receive RaftClientReply:client-734BBEB428D7->a5e38e3e-c2ad-4348-acb9-3fc25cfb14dd@group-7000B19605CB, cid=2510, SUCCESS, logIndex=3738, commits[a5e38e3e-c2ad-4348-acb9-3fc25cfb14dd:c3739, 11e48d46-e648-47f9-b6a0-9c7f26654c28:c3735, d1b6a90e-e817-40a7-bec1-608b5cc7d8b6:c3735]
2019-09-11 04:26:07,926 [grpc-default-executor-3] INFO  client.GrpcClientProtocolClient (GrpcClientProtocolClient.java:onNext(264)) - client-734BBEB428D7->a5e38e3e-c2ad-4348-acb9-3fc25cfb14dd: receive RaftClientReply:client-734BBEB428D7->a5e38e3e-c2ad-4348-acb9-3fc25cfb14dd@group-7000B19605CB, cid=2511, SUCCESS, logIndex=3739, commits[a5e38e3e-c2ad-4348-acb9-3fc25cfb14dd:c3739, 11e48d46-e648-47f9-b6a0-9c7f26654c28:c3735, d1b6a90e-e817-40a7-bec1-608b5cc7d8b6:c3735]
2019-09-11 04:26:07,928 [grpc-default-executor-3] INFO  client.GrpcClientProtocolClient (GrpcClientProtocolClient.java:onNext(264)) - client-734BBEB428D7->a5e38e3e-c2ad-4348-acb9-3fc25cfb14dd: receive RaftClientReply:client-734BBEB428D7->a5e38e3e-c2ad-4348-acb9-3fc25cfb14dd@group-7000B19605CB, cid=2512, SUCCESS, logIndex=0, commits[a5e38e3e-c2ad-4348-acb9-3fc25cfb14dd:c3742, 11e48d46-e648-47f9-b6a0-9c7f26654c28:c3737, d1b6a90e-e817-40a7-bec1-608b5cc7d8b6:c3739]
2019-09-11 04:26:07,949 [grpc-default-executor-1] INFO  client.GrpcClientProtocolClient (GrpcClientProtocolClient.java:onNext(264)) - client-734BBEB428D7->a5e38e3e-c2ad-4348-acb9-3fc25cfb14dd: receive RaftClientReply:client-734BBEB428D7->a5e38e3e-c2ad-4348-acb9-3fc25cfb14dd@group-7000B19605CB, cid=2513, SUCCESS, logIndex=3743, commits[a5e38e3e-c2ad-4348-acb9-3fc25cfb14dd:c3744, 11e48d46-e648-47f9-b6a0-9c7f26654c28:c3742, d1b6a90e-e817-40a7-bec1-608b5cc7d8b6:c3742]
2019-09-11 04:26:07,949 [grpc-default-executor-1] INFO  client.GrpcClientProtocolClient (GrpcClientProtocolClient.java:onNext(264)) - client-734BBEB428D7->a5e38e3e-c2ad-4348-acb9-3fc25cfb14dd: receive RaftClientReply:client-734BBEB428D7->a5e38e3e-c2ad-4348-acb9-3fc25cfb14dd@group-7000B19605CB, cid=2514, SUCCESS, logIndex=3744, commits[a5e38e3e-c2ad-4348-acb9-3fc25cfb14dd:c3744, 11e48d46-e648-47f9-b6a0-9c7f26654c28:c3742, d1b6a90e-e817-40a7-bec1-608b5cc7d8b6:c3742]
2019-09-11 04:26:07,962 [grpc-default-executor-2] INFO  client.GrpcClientProtocolClient (GrpcClientProtocolClient.java:onNext(264)) - client-734BBEB428D7->a5e38e3e-c2ad-4348-acb9-3fc25cfb14dd: receive RaftClientReply:client-734BBEB428D7->a5e38e3e-c2ad-4348-acb9-3fc25cfb14dd@group-7000B19605CB, cid=2515, SUCCESS, logIndex=3747, commits[a5e38e3e-c2ad-4348-acb9-3fc25cfb14dd:c3748, 11e48d46-e648-47f9-b6a0-9c7f26654c28:c3744, d1b6a90e-e817-40a7-bec1-608b5cc7d8b6:c3744]
2019-09-11 04:26:07,963 [grpc-default-executor-2] INFO  client.GrpcClientProtocolClient (GrpcClientProtocolClient.java:onNext(264)) - client-734BBEB428D7->a5e38e3e-c2ad-4348-acb9-3fc25cfb14dd: receive RaftClientReply:client-734BBEB428D7->a5e38e3e-c2ad-4348-acb9-3fc25cfb14dd@group-7000B19605CB, cid=2516, SUCCESS, logIndex=3748, commits[a5e38e3e-c2ad-4348-acb9-3fc25cfb14dd:c3748, 11e48d46-e648-47f9-b6a0-9c7f26654c28:c3744, d1b6a90e-e817-40a7-bec1-608b5cc7d8b6:c3744]
2019-09-11 04:26:07,974 [grpc-default-executor-2] INFO  client.GrpcClientProtocolClient (GrpcClientProtocolClient.java:onNext(264)) - client-734BBEB428D7->a5e38e3e-c2ad-4348-acb9-3fc25cfb14dd: receive RaftClientReply:client-734BBEB428D7->a5e38e3e-c2ad-4348-acb9-3fc25cfb14dd@group-7000B19605CB, cid=2517, SUCCESS, logIndex=0, commits[a5e38e3e-c2ad-4348-acb9-3fc25cfb14dd:c3750, 11e48d46-e648-47f9-b6a0-9c7f26654c28:c3748, d1b6a90e-e817-40a7-bec1-608b5cc7d8b6:c3748]
2019-09-11 04:26:08,005 [grpc-default-executor-1] INFO  client.GrpcClientProtocolClient (GrpcClientProtocolClient.java:onNext(264)) - client-734BBEB428D7->a5e38e3e-c2ad-4348-acb9-3fc25cfb14dd: receive RaftClientReply:client-734BBEB428D7->a5e38e3e-c2ad-4348-acb9-3fc25cfb14dd@group-7000B19605CB, cid=2518, SUCCESS, logIndex=3751, commits[a5e38e3e-c2ad-4348-acb9-3fc25cfb14dd:c3752, 11e48d46-e648-47f9-b6a0-9c7f26654c28:c3750, d1b6a90e-e817-40a7-bec1-608b5cc7d8b6:c3750]
2019-09-11 04:26:08,006 [grpc-default-executor-1] INFO  client.GrpcClientProtocolClient (GrpcClientProtocolClient.java:onNext(264)) - client-734BBEB428D7->a5e38e3e-c2ad-4348-acb9-3fc25cfb14dd: receive RaftClientReply:client-734BBEB428D7->a5e38e3e-c2ad-4348-acb9-3fc25cfb14dd@group-7000B19605CB, cid=2519, SUCCESS, logIndex=3752, commits[a5e38e3e-c2ad-4348-acb9-3fc25cfb14dd:c3752, 11e48d46-e648-47f9-b6a0-9c7f26654c28:c3750, d1b6a90e-e817-40a7-bec1-608b5cc7d8b6:c3750]
2019-09-11 04:26:08,007 [grpc-default-executor-1] INFO  client.GrpcClientProtocolClient (GrpcClientProtocolClient.java:onNext(264)) - client-734BBEB428D7->a5e38e3e-c2ad-4348-acb9-3fc25cfb14dd: receive RaftClientReply:client-734BBEB428D7->a5e38e3e-c2ad-4348-acb9-3fc25cfb14dd@group-7000B19605CB, cid=2520, SUCCESS, logIndex=3753, commits[a5e38e3e-c2ad-4348-acb9-3fc25cfb14dd:c3753, 11e48d46-e648-47f9-b6a0-9c7f26654c28:c3750, d1b6a90e-e817-40a7-bec1-608b5cc7d8b6:c3750]
2019-09-11 04:26:08,007 [grpc-default-executor-1] INFO  client.GrpcClientProtocolClient (GrpcClientProtocolClient.java:onNext(264)) - client-734BBEB428D7->a5e38e3e-c2ad-4348-acb9-3fc25cfb14dd: receive RaftClientReply:client-734BBEB428D7->a5e38e3e-c2ad-4348-acb9-3fc25cfb14dd@group-7000B19605CB, cid=2521, SUCCESS, logIndex=3754, commits[a5e38e3e-c2ad-4348-acb9-3fc25cfb14dd:c3754, 11e48d46-e648-47f9-b6a0-9c7f26654c28:c3750, d1b6a90e-e817-40a7-bec1-608b5cc7d8b6:c3750]
2019-09-11 04:26:08,018 [grpc-default-executor-3] INFO  client.GrpcClientProtocolClient (GrpcClientProtocolClient.java:onNext(264)) - client-734BBEB428D7->a5e38e3e-c2ad-4348-acb9-3fc25cfb14dd: receive RaftClientReply:client-734BBEB428D7->a5e38e3e-c2ad-4348-acb9-3fc25cfb14dd@group-7000B19605CB, cid=2522, SUCCESS, logIndex=0, commits[a5e38e3e-c2ad-4348-acb9-3fc25cfb14dd:c3757, 11e48d46-e648-47f9-b6a0-9c7f26654c28:c3753, d1b6a90e-e817-40a7-bec1-608b5cc7d8b6:c3752]
2019-09-11 04:26:08,037 [grpc-default-executor-4] INFO  client.GrpcClientProtocolClient (GrpcClientProtocolClient.java:onNext(264)) - client-734BBEB428D7->a5e38e3e-c2ad-4348-acb9-3fc25cfb14dd: receive RaftClientReply:client-734BBEB428D7->a5e38e3e-c2ad-4348-acb9-3fc25cfb14dd@group-7000B19605CB, cid=2523, SUCCESS, logIndex=3759, commits[a5e38e3e-c2ad-4348-acb9-3fc25cfb14dd:c3760, 11e48d46-e648-47f9-b6a0-9c7f26654c28:c3758, d1b6a90e-e817-40a7-bec1-608b5cc7d8b6:c3758]
2019-09-11 04:26:08,037 [grpc-default-executor-4] INFO  client.GrpcClientProtocolClient (GrpcClientProtocolClient.java:onNext(264)) - client-734BBEB428D7->a5e38e3e-c2ad-4348-acb9-3fc25cfb14dd: receive RaftClientReply:client-734BBEB428D7->a5e38e3e-c2ad-4348-acb9-3fc25cfb14dd@group-7000B19605CB, cid=2524, SUCCESS, logIndex=3760, commits[a5e38e3e-c2ad-4348-acb9-3fc25cfb14dd:c3760, 11e48d46-e648-47f9-b6a0-9c7f26654c28:c3758, d1b6a90e-e817-40a7-bec1-608b5cc7d8b6:c3758]
2019-09-11 04:26:08,050 [grpc-default-executor-2] INFO  client.GrpcClientProtocolClient (GrpcClientProtocolClient.java:onNext(264)) - client-734BBEB428D7->a5e38e3e-c2ad-4348-acb9-3fc25cfb14dd: receive RaftClientReply:client-734BBEB428D7->a5e38e3e-c2ad-4348-acb9-3fc25cfb14dd@group-7000B19605CB, cid=2525, SUCCESS, logIndex=3763, commits[a5e38e3e-c2ad-4348-acb9-3fc25cfb14dd:c3764, 11e48d46-e648-47f9-b6a0-9c7f26654c28:c3760, d1b6a90e-e817-40a7-bec1-608b5cc7d8b6:c3760]
2019-09-11 04:26:08,050 [grpc-default-executor-2] INFO  client.GrpcClientProtocolClient (GrpcClientProtocolClient.java:onNext(264)) - client-734BBEB428D7->a5e38e3e-c2ad-4348-acb9-3fc25cfb14dd: receive RaftClientReply:client-734BBEB428D7->a5e38e3e-c2ad-4348-acb9-3fc25cfb14dd@group-7000B19605CB, cid=2526, SUCCESS, logIndex=3764, commits[a5e38e3e-c2ad-4348-acb9-3fc25cfb14dd:c3764, 11e48d46-e648-47f9-b6a0-9c7f26654c28:c3760, d1b6a90e-e817-40a7-bec1-608b5cc7d8b6:c3760]
2019-09-11 04:26:08,063 [grpc-default-executor-2] INFO  client.GrpcClientProtocolClient (GrpcClientProtocolClient.java:onNext(264)) - client-734BBEB428D7->a5e38e3e-c2ad-4348-acb9-3fc25cfb14dd: receive RaftClientReply:client-734BBEB428D7->a5e38e3e-c2ad-4348-acb9-3fc25cfb14dd@group-7000B19605CB, cid=2527, SUCCESS, logIndex=0, commits[a5e38e3e-c2ad-4348-acb9-3fc25cfb14dd:c3766, 11e48d46-e648-47f9-b6a0-9c7f26654c28:c3764, d1b6a90e-e817-40a7-bec1-608b5cc7d8b6:c3764]
2019-09-11 04:26:08,089 [grpc-default-executor-1] INFO  client.GrpcClientProtocolClient (GrpcClientProtocolClient.java:onNext(264)) - client-734BBEB428D7->a5e38e3e-c2ad-4348-acb9-3fc25cfb14dd: receive RaftClientReply:client-734BBEB428D7->a5e38e3e-c2ad-4348-acb9-3fc25cfb14dd@group-7000B19605CB, cid=2528, SUCCESS, logIndex=3767, commits[a5e38e3e-c2ad-4348-acb9-3fc25cfb14dd:c3768, 11e48d46-e648-47f9-b6a0-9c7f26654c28:c3766, d1b6a90e-e817-40a7-bec1-608b5cc7d8b6:c3766]
2019-09-11 04:26:08,089 [grpc-default-executor-1] INFO  client.GrpcClientProtocolClient (GrpcClientProtocolClient.java:onNext(264)) - client-734BBEB428D7->a5e38e3e-c2ad-4348-acb9-3fc25cfb14dd: receive RaftClientReply:client-734BBEB428D7->a5e38e3e-c2ad-4348-acb9-3fc25cfb14dd@group-7000B19605CB, cid=2529, SUCCESS, logIndex=3768, commits[a5e38e3e-c2ad-4348-acb9-3fc25cfb14dd:c3768, 11e48d46-e648-47f9-b6a0-9c7f26654c28:c3766, d1b6a90e-e817-40a7-bec1-608b5cc7d8b6:c3766]
2019-09-11 04:26:08,090 [grpc-default-executor-1] INFO  client.GrpcClientProtocolClient (GrpcClientProtocolClient.java:onNext(264)) - client-734BBEB428D7->a5e38e3e-c2ad-4348-acb9-3fc25cfb14dd: receive RaftClientReply:client-734BBEB428D7->a5e38e3e-c2ad-4348-acb9-3fc25cfb14dd@group-7000B19605CB, cid=2530, SUCCESS, logIndex=3769, commits[a5e38e3e-c2ad-4348-acb9-3fc25cfb14dd:c3770, 11e48d46-e648-47f9-b6a0-9c7f26654c28:c3766, d1b6a90e-e817-40a7-bec1-608b5cc7d8b6:c3766]
2019-09-11 04:26:08,090 [grpc-default-executor-4] INFO  client.GrpcClientProtocolClient (GrpcClientProtocolClient.java:onNext(264)) - client-734BBEB428D7->a5e38e3e-c2ad-4348-acb9-3fc25cfb14dd: receive RaftClientReply:client-734BBEB428D7->a5e38e3e-c2ad-4348-acb9-3fc25cfb14dd@group-7000B19605CB, cid=2531, SUCCESS, logIndex=3770, commits[a5e38e3e-c2ad-4348-acb9-3fc25cfb14dd:c3770, 11e48d46-e648-47f9-b6a0-9c7f26654c28:c3766, d1b6a90e-e817-40a7-bec1-608b5cc7d8b6:c3766]
2019-09-11 04:26:08,091 [grpc-default-executor-4] INFO  client.GrpcClientProtocolClient (GrpcClientProtocolClient.java:onNext(264)) - client-734BBEB428D7->a5e38e3e-c2ad-4348-acb9-3fc25cfb14dd: receive RaftClientReply:client-734BBEB428D7->a5e38e3e-c2ad-4348-acb9-3fc25cfb14dd@group-7000B19605CB, cid=2532, SUCCESS, logIndex=0, commits[a5e38e3e-c2ad-4348-acb9-3fc25cfb14dd:c3772, 11e48d46-e648-47f9-b6a0-9c7f26654c28:c3768, d1b6a90e-e817-40a7-bec1-608b5cc7d8b6:c3768]
2019-09-11 04:26:08,110 [grpc-default-executor-1] INFO  client.GrpcClientProtocolClient (GrpcClientProtocolClient.java:onNext(264)) - client-734BBEB428D7->a5e38e3e-c2ad-4348-acb9-3fc25cfb14dd: receive RaftClientReply:client-734BBEB428D7->a5e38e3e-c2ad-4348-acb9-3fc25cfb14dd@group-7000B19605CB, cid=2533, SUCCESS, logIndex=3775, commits[a5e38e3e-c2ad-4348-acb9-3fc25cfb14dd:c3776, 11e48d46-e648-47f9-b6a0-9c7f26654c28:c3774, d1b6a90e-e817-40a7-bec1-608b5cc7d8b6:c3774]
2019-09-11 04:26:08,110 [grpc-default-executor-1] INFO  client.GrpcClientProtocolClient (GrpcClientProtocolClient.java:onNext(264)) - client-734BBEB428D7->a5e38e3e-c2ad-4348-acb9-3fc25cfb14dd: receive RaftClientReply:client-734BBEB428D7->a5e38e3e-c2ad-4348-acb9-3fc25cfb14dd@group-7000B19605CB, cid=2534, SUCCESS, logIndex=3776, commits[a5e38e3e-c2ad-4348-acb9-3fc25cfb14dd:c3776, 11e48d46-e648-47f9-b6a0-9c7f26654c28:c3774, d1b6a90e-e817-40a7-bec1-608b5cc7d8b6:c3774]
2019-09-11 04:26:08,123 [grpc-default-executor-4] INFO  client.GrpcClientProtocolClient (GrpcClientProtocolClient.java:onNext(264)) - client-734BBEB428D7->a5e38e3e-c2ad-4348-acb9-3fc25cfb14dd: receive RaftClientReply:client-734BBEB428D7->a5e38e3e-c2ad-4348-acb9-3fc25cfb14dd@group-7000B19605CB, cid=2535, SUCCESS, logIndex=3779, commits[a5e38e3e-c2ad-4348-acb9-3fc25cfb14dd:c3779, 11e48d46-e648-47f9-b6a0-9c7f26654c28:c3776, d1b6a90e-e817-40a7-bec1-608b5cc7d8b6:c3776]
2019-09-11 04:26:08,123 [grpc-default-executor-4] INFO  client.GrpcClientProtocolClient (GrpcClientProtocolClient.java:onNext(264)) - client-734BBEB428D7->a5e38e3e-c2ad-4348-acb9-3fc25cfb14dd: receive RaftClientReply:client-734BBEB428D7->a5e38e3e-c2ad-4348-acb9-3fc25cfb14dd@group-7000B19605CB, cid=2536, SUCCESS, logIndex=3780, commits[a5e38e3e-c2ad-4348-acb9-3fc25cfb14dd:c3780, 11e48d46-e648-47f9-b6a0-9c7f26654c28:c3776, d1b6a90e-e817-40a7-bec1-608b5cc7d8b6:c3776]
2019-09-11 04:26:08,136 [grpc-default-executor-4] INFO  client.GrpcClientProtocolClient (GrpcClientProtocolClient.java:onNext(264)) - client-734BBEB428D7->a5e38e3e-c2ad-4348-acb9-3fc25cfb14dd: receive RaftClientReply:client-734BBEB428D7->a5e38e3e-c2ad-4348-acb9-3fc25cfb14dd@group-7000B19605CB, cid=2537, SUCCESS, logIndex=0, commits[a5e38e3e-c2ad-4348-acb9-3fc25cfb14dd:c3782, 11e48d46-e648-47f9-b6a0-9c7f26654c28:c3780, d1b6a90e-e817-40a7-bec1-608b5cc7d8b6:c3780]
2019-09-11 04:26:08,162 [grpc-default-executor-1] INFO  client.GrpcClientProtocolClient (GrpcClientProtocolClient.java:onNext(264)) - client-734BBEB428D7->a5e38e3e-c2ad-4348-acb9-3fc25cfb14dd: receive RaftClientReply:client-734BBEB428D7->a5e38e3e-c2ad-4348-acb9-3fc25cfb14dd@group-7000B19605CB, cid=2538, SUCCESS, logIndex=3783, commits[a5e38e3e-c2ad-4348-acb9-3fc25cfb14dd:c3784, 11e48d46-e648-47f9-b6a0-9c7f26654c28:c3782, d1b6a90e-e817-40a7-bec1-608b5cc7d8b6:c3782]
2019-09-11 04:26:08,163 [grpc-default-executor-4] INFO  client.GrpcClientProtocolClient (GrpcClientProtocolClient.java:onNext(264)) - client-734BBEB428D7->a5e38e3e-c2ad-4348-acb9-3fc25cfb14dd: receive RaftClientReply:client-734BBEB428D7->a5e38e3e-c2ad-4348-acb9-3fc25cfb14dd@group-7000B19605CB, cid=2539, SUCCESS, logIndex=3784, commits[a5e38e3e-c2ad-4348-acb9-3fc25cfb14dd:c3784, 11e48d46-e648-47f9-b6a0-9c7f26654c28:c3782, d1b6a90e-e817-40a7-bec1-608b5cc7d8b6:c3782]
2019-09-11 04:26:08,163 [grpc-default-executor-2] INFO  client.GrpcClientProtocolClient (GrpcClientProtocolClient.java:onNext(264)) - client-734BBEB428D7->a5e38e3e-c2ad-4348-acb9-3fc25cfb14dd: receive RaftClientReply:client-734BBEB428D7->a5e38e3e-c2ad-4348-acb9-3fc25cfb14dd@group-7000B19605CB, cid=2540, SUCCESS, logIndex=3785, commits[a5e38e3e-c2ad-4348-acb9-3fc25cfb14dd:c3786, 11e48d46-e648-47f9-b6a0-9c7f26654c28:c3782, d1b6a90e-e817-40a7-bec1-608b5cc7d8b6:c3782]
2019-09-11 04:26:08,163 [grpc-default-executor-2] INFO  client.GrpcClientProtocolClient (GrpcClientProtocolClient.java:onNext(264)) - client-734BBEB428D7->a5e38e3e-c2ad-4348-acb9-3fc25cfb14dd: receive RaftClientReply:client-734BBEB428D7->a5e38e3e-c2ad-4348-acb9-3fc25cfb14dd@group-7000B19605CB, cid=2541, SUCCESS, logIndex=3786, commits[a5e38e3e-c2ad-4348-acb9-3fc25cfb14dd:c3786, 11e48d46-e648-47f9-b6a0-9c7f26654c28:c3782, d1b6a90e-e817-40a7-bec1-608b5cc7d8b6:c3782]
2019-09-11 04:26:08,165 [grpc-default-executor-1] INFO  client.GrpcClientProtocolClient (GrpcClientProtocolClient.java:onNext(264)) - client-734BBEB428D7->a5e38e3e-c2ad-4348-acb9-3fc25cfb14dd: receive RaftClientReply:client-734BBEB428D7->a5e38e3e-c2ad-4348-acb9-3fc25cfb14dd@group-7000B19605CB, cid=2542, SUCCESS, logIndex=0, commits[a5e38e3e-c2ad-4348-acb9-3fc25cfb14dd:c3788, 11e48d46-e648-47f9-b6a0-9c7f26654c28:c3784, d1b6a90e-e817-40a7-bec1-608b5cc7d8b6:c3784]
 0.00% |█                                                                                                    |  0/1 Time: 0:00:192019-09-11 04:26:08,191 [grpc-default-executor-2] INFO  client.GrpcClientProtocolClient (GrpcClientProtocolClient.java:onNext(264)) - client-734BBEB428D7->a5e38e3e-c2ad-4348-acb9-3fc25cfb14dd: receive RaftClientReply:client-734BBEB428D7->a5e38e3e-c2ad-4348-acb9-3fc25cfb14dd@group-7000B19605CB, cid=2543, SUCCESS, logIndex=3791, commits[a5e38e3e-c2ad-4348-acb9-3fc25cfb14dd:c3792, 11e48d46-e648-47f9-b6a0-9c7f26654c28:c3790, d1b6a90e-e817-40a7-bec1-608b5cc7d8b6:c3786]
2019-09-11 04:26:08,191 [grpc-default-executor-2] INFO  client.GrpcClientProtocolClient (GrpcClientProtocolClient.java:onNext(264)) - client-734BBEB428D7->a5e38e3e-c2ad-4348-acb9-3fc25cfb14dd: receive RaftClientReply:client-734BBEB428D7->a5e38e3e-c2ad-4348-acb9-3fc25cfb14dd@group-7000B19605CB, cid=2544, SUCCESS, logIndex=3792, commits[a5e38e3e-c2ad-4348-acb9-3fc25cfb14dd:c3792, 11e48d46-e648-47f9-b6a0-9c7f26654c28:c3790, d1b6a90e-e817-40a7-bec1-608b5cc7d8b6:c3790]
2019-09-11 04:26:08,220 [grpc-default-executor-2] INFO  client.GrpcClientProtocolClient (GrpcClientProtocolClient.java:onNext(264)) - client-734BBEB428D7->a5e38e3e-c2ad-4348-acb9-3fc25cfb14dd: receive RaftClientReply:client-734BBEB428D7->a5e38e3e-c2ad-4348-acb9-3fc25cfb14dd@group-7000B19605CB, cid=2545, SUCCESS, logIndex=3795, commits[a5e38e3e-c2ad-4348-acb9-3fc25cfb14dd:c3796, 11e48d46-e648-47f9-b6a0-9c7f26654c28:c3794, d1b6a90e-e817-40a7-bec1-608b5cc7d8b6:c3794]
2019-09-11 04:26:08,220 [grpc-default-executor-4] INFO  client.GrpcClientProtocolClient (GrpcClientProtocolClient.java:onNext(264)) - client-734BBEB428D7->a5e38e3e-c2ad-4348-acb9-3fc25cfb14dd: receive RaftClientReply:client-734BBEB428D7->a5e38e3e-c2ad-4348-acb9-3fc25cfb14dd@group-7000B19605CB, cid=2546, SUCCESS, logIndex=3796, commits[a5e38e3e-c2ad-4348-acb9-3fc25cfb14dd:c3796, 11e48d46-e648-47f9-b6a0-9c7f26654c28:c3794, d1b6a90e-e817-40a7-bec1-608b5cc7d8b6:c3794]
2019-09-11 04:26:08,232 [grpc-default-executor-4] INFO  client.GrpcClientProtocolClient (GrpcClientProtocolClient.java:onNext(264)) - client-734BBEB428D7->a5e38e3e-c2ad-4348-acb9-3fc25cfb14dd: receive RaftClientReply:client-734BBEB428D7->a5e38e3e-c2ad-4348-acb9-3fc25cfb14dd@group-7000B19605CB, cid=2547, SUCCESS, logIndex=0, commits[a5e38e3e-c2ad-4348-acb9-3fc25cfb14dd:c3798, 11e48d46-e648-47f9-b6a0-9c7f26654c28:c3796, d1b6a90e-e817-40a7-bec1-608b5cc7d8b6:c3796]
2019-09-11 04:26:08,258 [grpc-default-executor-1] INFO  client.GrpcClientProtocolClient (GrpcClientProtocolClient.java:onNext(264)) - client-734BBEB428D7->a5e38e3e-c2ad-4348-acb9-3fc25cfb14dd: receive RaftClientReply:client-734BBEB428D7->a5e38e3e-c2ad-4348-acb9-3fc25cfb14dd@group-7000B19605CB, cid=2548, SUCCESS, logIndex=3799, commits[a5e38e3e-c2ad-4348-acb9-3fc25cfb14dd:c3800, 11e48d46-e648-47f9-b6a0-9c7f26654c28:c3798, d1b6a90e-e817-40a7-bec1-608b5cc7d8b6:c3798]
2019-09-11 04:26:08,258 [grpc-default-executor-1] INFO  client.GrpcClientProtocolClient (GrpcClientProtocolClient.java:onNext(264)) - client-734BBEB428D7->a5e38e3e-c2ad-4348-acb9-3fc25cfb14dd: receive RaftClientReply:client-734BBEB428D7->a5e38e3e-c2ad-4348-acb9-3fc25cfb14dd@group-7000B19605CB, cid=2549, SUCCESS, logIndex=3800, commits[a5e38e3e-c2ad-4348-acb9-3fc25cfb14dd:c3802, 11e48d46-e648-47f9-b6a0-9c7f26654c28:c3798, d1b6a90e-e817-40a7-bec1-608b5cc7d8b6:c3798]
2019-09-11 04:26:08,259 [grpc-default-executor-1] INFO  client.GrpcClientProtocolClient (GrpcClientProtocolClient.java:onNext(264)) - client-734BBEB428D7->a5e38e3e-c2ad-4348-acb9-3fc25cfb14dd: receive RaftClientReply:client-734BBEB428D7->a5e38e3e-c2ad-4348-acb9-3fc25cfb14dd@group-7000B19605CB, cid=2550, SUCCESS, logIndex=3801, commits[a5e38e3e-c2ad-4348-acb9-3fc25cfb14dd:c3802, 11e48d46-e648-47f9-b6a0-9c7f26654c28:c3798, d1b6a90e-e817-40a7-bec1-608b5cc7d8b6:c3798]
2019-09-11 04:26:08,259 [grpc-default-executor-1] INFO  client.GrpcClientProtocolClient (GrpcClientProtocolClient.java:onNext(264)) - client-734BBEB428D7->a5e38e3e-c2ad-4348-acb9-3fc25cfb14dd: receive RaftClientReply:client-734BBEB428D7->a5e38e3e-c2ad-4348-acb9-3fc25cfb14dd@group-7000B19605CB, cid=2551, SUCCESS, logIndex=3802, commits[a5e38e3e-c2ad-4348-acb9-3fc25cfb14dd:c3802, 11e48d46-e648-47f9-b6a0-9c7f26654c28:c3798, d1b6a90e-e817-40a7-bec1-608b5cc7d8b6:c3798]
2019-09-11 04:26:08,261 [grpc-default-executor-1] INFO  client.GrpcClientProtocolClient (GrpcClientProtocolClient.java:onNext(264)) - client-734BBEB428D7->a5e38e3e-c2ad-4348-acb9-3fc25cfb14dd: receive RaftClientReply:client-734BBEB428D7->a5e38e3e-c2ad-4348-acb9-3fc25cfb14dd@group-7000B19605CB, cid=2552, SUCCESS, logIndex=0, commits[a5e38e3e-c2ad-4348-acb9-3fc25cfb14dd:c3805, 11e48d46-e648-47f9-b6a0-9c7f26654c28:c3800, d1b6a90e-e817-40a7-bec1-608b5cc7d8b6:c3802]
2019-09-11 04:26:08,279 [grpc-default-executor-2] INFO  client.GrpcClientProtocolClient (GrpcClientProtocolClient.java:onNext(264)) - client-734BBEB428D7->a5e38e3e-c2ad-4348-acb9-3fc25cfb14dd: receive RaftClientReply:client-734BBEB428D7->a5e38e3e-c2ad-4348-acb9-3fc25cfb14dd@group-7000B19605CB, cid=2553, SUCCESS, logIndex=3806, commits[a5e38e3e-c2ad-4348-acb9-3fc25cfb14dd:c3807, 11e48d46-e648-47f9-b6a0-9c7f26654c28:c3805, d1b6a90e-e817-40a7-bec1-608b5cc7d8b6:c3805]
2019-09-11 04:26:08,279 [grpc-default-executor-2] INFO  client.GrpcClientProtocolClient (GrpcClientProtocolClient.java:onNext(264)) - client-734BBEB428D7->a5e38e3e-c2ad-4348-acb9-3fc25cfb14dd: receive RaftClientReply:client-734BBEB428D7->a5e38e3e-c2ad-4348-acb9-3fc25cfb14dd@group-7000B19605CB, cid=2554, SUCCESS, logIndex=3807, commits[a5e38e3e-c2ad-4348-acb9-3fc25cfb14dd:c3807, 11e48d46-e648-47f9-b6a0-9c7f26654c28:c3805, d1b6a90e-e817-40a7-bec1-608b5cc7d8b6:c3805]
2019-09-11 04:26:08,292 [grpc-default-executor-1] INFO  client.GrpcClientProtocolClient (GrpcClientProtocolClient.java:onNext(264)) - client-734BBEB428D7->a5e38e3e-c2ad-4348-acb9-3fc25cfb14dd: receive RaftClientReply:client-734BBEB428D7->a5e38e3e-c2ad-4348-acb9-3fc25cfb14dd@group-7000B19605CB, cid=2555, SUCCESS, logIndex=3810, commits[a5e38e3e-c2ad-4348-acb9-3fc25cfb14dd:c3811, 11e48d46-e648-47f9-b6a0-9c7f26654c28:c3807, d1b6a90e-e817-40a7-bec1-608b5cc7d8b6:c3807]
2019-09-11 04:26:08,292 [grpc-default-executor-1] INFO  client.GrpcClientProtocolClient (GrpcClientProtocolClient.java:onNext(264)) - client-734BBEB428D7->a5e38e3e-c2ad-4348-acb9-3fc25cfb14dd: receive RaftClientReply:client-734BBEB428D7->a5e38e3e-c2ad-4348-acb9-3fc25cfb14dd@group-7000B19605CB, cid=2556, SUCCESS, logIndex=3811, commits[a5e38e3e-c2ad-4348-acb9-3fc25cfb14dd:c3811, 11e48d46-e648-47f9-b6a0-9c7f26654c28:c3807, d1b6a90e-e817-40a7-bec1-608b5cc7d8b6:c3807]
2019-09-11 04:26:08,305 [grpc-default-executor-4] INFO  client.GrpcClientProtocolClient (GrpcClientProtocolClient.java:onNext(264)) - client-734BBEB428D7->a5e38e3e-c2ad-4348-acb9-3fc25cfb14dd: receive RaftClientReply:client-734BBEB428D7->a5e38e3e-c2ad-4348-acb9-3fc25cfb14dd@group-7000B19605CB, cid=2557, SUCCESS, logIndex=0, commits[a5e38e3e-c2ad-4348-acb9-3fc25cfb14dd:c3812, 11e48d46-e648-47f9-b6a0-9c7f26654c28:c3811, d1b6a90e-e817-40a7-bec1-608b5cc7d8b6:c3811]
2019-09-11 04:26:08,349 [grpc-default-executor-1] INFO  client.GrpcClientProtocolClient (GrpcClientProtocolClient.java:onNext(264)) - client-734BBEB428D7->a5e38e3e-c2ad-4348-acb9-3fc25cfb14dd: receive RaftClientReply:client-734BBEB428D7->a5e38e3e-c2ad-4348-acb9-3fc25cfb14dd@group-7000B19605CB, cid=2558, SUCCESS, logIndex=3814, commits[a5e38e3e-c2ad-4348-acb9-3fc25cfb14dd:c3815, 11e48d46-e648-47f9-b6a0-9c7f26654c28:c3813, d1b6a90e-e817-40a7-bec1-608b5cc7d8b6:c3813]
2019-09-11 04:26:08,349 [grpc-default-executor-1] INFO  client.GrpcClientProtocolClient (GrpcClientProtocolClient.java:onNext(264)) - client-734BBEB428D7->a5e38e3e-c2ad-4348-acb9-3fc25cfb14dd: receive RaftClientReply:client-734BBEB428D7->a5e38e3e-c2ad-4348-acb9-3fc25cfb14dd@group-7000B19605CB, cid=2559, SUCCESS, logIndex=3815, commits[a5e38e3e-c2ad-4348-acb9-3fc25cfb14dd:c3815, 11e48d46-e648-47f9-b6a0-9c7f26654c28:c3813, d1b6a90e-e817-40a7-bec1-608b5cc7d8b6:c3813]
2019-09-11 04:26:08,359 [grpc-default-executor-4] INFO  client.GrpcClientProtocolClient (GrpcClientProtocolClient.java:onNext(264)) - client-734BBEB428D7->a5e38e3e-c2ad-4348-acb9-3fc25cfb14dd: receive RaftClientReply:client-734BBEB428D7->a5e38e3e-c2ad-4348-acb9-3fc25cfb14dd@group-7000B19605CB, cid=2560, SUCCESS, logIndex=3816, commits[a5e38e3e-c2ad-4348-acb9-3fc25cfb14dd:c3817, 11e48d46-e648-47f9-b6a0-9c7f26654c28:c3813, d1b6a90e-e817-40a7-bec1-608b5cc7d8b6:c3813]
2019-09-11 04:26:08,359 [grpc-default-executor-4] INFO  client.GrpcClientProtocolClient (GrpcClientProtocolClient.java:onNext(264)) - client-734BBEB428D7->a5e38e3e-c2ad-4348-acb9-3fc25cfb14dd: receive RaftClientReply:client-734BBEB428D7->a5e38e3e-c2ad-4348-acb9-3fc25cfb14dd@group-7000B19605CB, cid=2561, SUCCESS, logIndex=3817, commits[a5e38e3e-c2ad-4348-acb9-3fc25cfb14dd:c3817, 11e48d46-e648-47f9-b6a0-9c7f26654c28:c3813, d1b6a90e-e817-40a7-bec1-608b5cc7d8b6:c3813]
2019-09-11 04:26:08,361 [grpc-default-executor-1] INFO  client.GrpcClientProtocolClient (GrpcClientProtocolClient.java:onNext(264)) - client-734BBEB428D7->a5e38e3e-c2ad-4348-acb9-3fc25cfb14dd: receive RaftClientReply:client-734BBEB428D7->a5e38e3e-c2ad-4348-acb9-3fc25cfb14dd@group-7000B19605CB, cid=2562, SUCCESS, logIndex=0, commits[a5e38e3e-c2ad-4348-acb9-3fc25cfb14dd:c3818, 11e48d46-e648-47f9-b6a0-9c7f26654c28:c3815, d1b6a90e-e817-40a7-bec1-608b5cc7d8b6:c3815]
2019-09-11 04:26:08,382 [grpc-default-executor-1] INFO  client.GrpcClientProtocolClient (GrpcClientProtocolClient.java:onNext(264)) - client-734BBEB428D7->a5e38e3e-c2ad-4348-acb9-3fc25cfb14dd: receive RaftClientReply:client-734BBEB428D7->a5e38e3e-c2ad-4348-acb9-3fc25cfb14dd@group-7000B19605CB, cid=2563, SUCCESS, logIndex=3821, commits[a5e38e3e-c2ad-4348-acb9-3fc25cfb14dd:c3822, 11e48d46-e648-47f9-b6a0-9c7f26654c28:c3820, d1b6a90e-e817-40a7-bec1-608b5cc7d8b6:c3820]
2019-09-11 04:26:08,383 [grpc-default-executor-1] INFO  client.GrpcClientProtocolClient (GrpcClientProtocolClient.java:onNext(264)) - client-734BBEB428D7->a5e38e3e-c2ad-4348-acb9-3fc25cfb14dd: receive RaftClientReply:client-734BBEB428D7->a5e38e3e-c2ad-4348-acb9-3fc25cfb14dd@group-7000B19605CB, cid=2564, SUCCESS, logIndex=3822, commits[a5e38e3e-c2ad-4348-acb9-3fc25cfb14dd:c3822, 11e48d46-e648-47f9-b6a0-9c7f26654c28:c3820, d1b6a90e-e817-40a7-bec1-608b5cc7d8b6:c3820]
2019-09-11 04:26:08,397 [grpc-default-executor-1] INFO  client.GrpcClientProtocolClient (GrpcClientProtocolClient.java:onNext(264)) - client-734BBEB428D7->a5e38e3e-c2ad-4348-acb9-3fc25cfb14dd: receive RaftClientReply:client-734BBEB428D7->a5e38e3e-c2ad-4348-acb9-3fc25cfb14dd@group-7000B19605CB, cid=2565, SUCCESS, logIndex=3825, commits[a5e38e3e-c2ad-4348-acb9-3fc25cfb14dd:c3825, 11e48d46-e648-47f9-b6a0-9c7f26654c28:c3822, d1b6a90e-e817-40a7-bec1-608b5cc7d8b6:c3822]
2019-09-11 04:26:08,397 [grpc-default-executor-1] INFO  client.GrpcClientProtocolClient (GrpcClientProtocolClient.java:onNext(264)) - client-734BBEB428D7->a5e38e3e-c2ad-4348-acb9-3fc25cfb14dd: receive RaftClientReply:client-734BBEB428D7->a5e38e3e-c2ad-4348-acb9-3fc25cfb14dd@group-7000B19605CB, cid=2566, SUCCESS, logIndex=3826, commits[a5e38e3e-c2ad-4348-acb9-3fc25cfb14dd:c3826, 11e48d46-e648-47f9-b6a0-9c7f26654c28:c3822, d1b6a90e-e817-40a7-bec1-608b5cc7d8b6:c3822]
2019-09-11 04:26:08,399 [grpc-default-executor-1] INFO  client.GrpcClientProtocolClient (GrpcClientProtocolClient.java:onNext(264)) - client-734BBEB428D7->a5e38e3e-c2ad-4348-acb9-3fc25cfb14dd: receive RaftClientReply:client-734BBEB428D7->a5e38e3e-c2ad-4348-acb9-3fc25cfb14dd@group-7000B19605CB, cid=2567, SUCCESS, logIndex=0, commits[a5e38e3e-c2ad-4348-acb9-3fc25cfb14dd:c3828, 11e48d46-e648-47f9-b6a0-9c7f26654c28:c3826, d1b6a90e-e817-40a7-bec1-608b5cc7d8b6:c3826]
2019-09-11 04:26:08,649 [grpc-default-executor-2] INFO  client.GrpcClientProtocolClient (GrpcClientProtocolClient.java:onNext(264)) - client-734BBEB428D7->a5e38e3e-c2ad-4348-acb9-3fc25cfb14dd: receive RaftClientReply:client-734BBEB428D7->a5e38e3e-c2ad-4348-acb9-3fc25cfb14dd@group-7000B19605CB, cid=2568, SUCCESS, logIndex=3829, commits[a5e38e3e-c2ad-4348-acb9-3fc25cfb14dd:c3831, 11e48d46-e648-47f9-b6a0-9c7f26654c28:c3828, d1b6a90e-e817-40a7-bec1-608b5cc7d8b6:c3828]
2019-09-11 04:26:08,650 [grpc-default-executor-2] INFO  client.GrpcClientProtocolClient (GrpcClientProtocolClient.java:onNext(264)) - client-734BBEB428D7->a5e38e3e-c2ad-4348-acb9-3fc25cfb14dd: receive RaftClientReply:client-734BBEB428D7->a5e38e3e-c2ad-4348-acb9-3fc25cfb14dd@group-7000B19605CB, cid=2569, SUCCESS, logIndex=3830, commits[a5e38e3e-c2ad-4348-acb9-3fc25cfb14dd:c3832, 11e48d46-e648-47f9-b6a0-9c7f26654c28:c3828, d1b6a90e-e817-40a7-bec1-608b5cc7d8b6:c3828]
2019-09-11 04:26:08,650 [grpc-default-executor-2] INFO  client.GrpcClientProtocolClient (GrpcClientProtocolClient.java:onNext(264)) - client-734BBEB428D7->a5e38e3e-c2ad-4348-acb9-3fc25cfb14dd: receive RaftClientReply:client-734BBEB428D7->a5e38e3e-c2ad-4348-acb9-3fc25cfb14dd@group-7000B19605CB, cid=2570, SUCCESS, logIndex=3831, commits[a5e38e3e-c2ad-4348-acb9-3fc25cfb14dd:c3832, 11e48d46-e648-47f9-b6a0-9c7f26654c28:c3828, d1b6a90e-e817-40a7-bec1-608b5cc7d8b6:c3828]
2019-09-11 04:26:08,650 [grpc-default-executor-2] INFO  client.GrpcClientProtocolClient (GrpcClientProtocolClient.java:onNext(264)) - client-734BBEB428D7->a5e38e3e-c2ad-4348-acb9-3fc25cfb14dd: receive RaftClientReply:client-734BBEB428D7->a5e38e3e-c2ad-4348-acb9-3fc25cfb14dd@group-7000B19605CB, cid=2571, SUCCESS, logIndex=3832, commits[a5e38e3e-c2ad-4348-acb9-3fc25cfb14dd:c3832, 11e48d46-e648-47f9-b6a0-9c7f26654c28:c3828, d1b6a90e-e817-40a7-bec1-608b5cc7d8b6:c3830]
2019-09-11 04:26:08,652 [grpc-default-executor-2] INFO  client.GrpcClientProtocolClient (GrpcClientProtocolClient.java:onNext(264)) - client-734BBEB428D7->a5e38e3e-c2ad-4348-acb9-3fc25cfb14dd: receive RaftClientReply:client-734BBEB428D7->a5e38e3e-c2ad-4348-acb9-3fc25cfb14dd@group-7000B19605CB, cid=2572, SUCCESS, logIndex=0, commits[a5e38e3e-c2ad-4348-acb9-3fc25cfb14dd:c3833, 11e48d46-e648-47f9-b6a0-9c7f26654c28:c3830, d1b6a90e-e817-40a7-bec1-608b5cc7d8b6:c3830]
2019-09-11 04:26:08,675 [grpc-default-executor-1] INFO  client.GrpcClientProtocolClient (GrpcClientProtocolClient.java:onNext(264)) - client-734BBEB428D7->a5e38e3e-c2ad-4348-acb9-3fc25cfb14dd: receive RaftClientReply:client-734BBEB428D7->a5e38e3e-c2ad-4348-acb9-3fc25cfb14dd@group-7000B19605CB, cid=2573, SUCCESS, logIndex=3837, commits[a5e38e3e-c2ad-4348-acb9-3fc25cfb14dd:c3838, 11e48d46-e648-47f9-b6a0-9c7f26654c28:c3832, d1b6a90e-e817-40a7-bec1-608b5cc7d8b6:c3836]
2019-09-11 04:26:08,676 [grpc-default-executor-1] INFO  client.GrpcClientProtocolClient (GrpcClientProtocolClient.java:onNext(264)) - client-734BBEB428D7->a5e38e3e-c2ad-4348-acb9-3fc25cfb14dd: receive RaftClientReply:client-734BBEB428D7->a5e38e3e-c2ad-4348-acb9-3fc25cfb14dd@group-7000B19605CB, cid=2574, SUCCESS, logIndex=3838, commits[a5e38e3e-c2ad-4348-acb9-3fc25cfb14dd:c3838, 11e48d46-e648-47f9-b6a0-9c7f26654c28:c3836, d1b6a90e-e817-40a7-bec1-608b5cc7d8b6:c3836]
2019-09-11 04:26:08,689 [grpc-default-executor-4] INFO  client.GrpcClientProtocolClient (GrpcClientProtocolClient.java:onNext(264)) - client-734BBEB428D7->a5e38e3e-c2ad-4348-acb9-3fc25cfb14dd: receive RaftClientReply:client-734BBEB428D7->a5e38e3e-c2ad-4348-acb9-3fc25cfb14dd@group-7000B19605CB, cid=2575, SUCCESS, logIndex=3841, commits[a5e38e3e-c2ad-4348-acb9-3fc25cfb14dd:c3842, 11e48d46-e648-47f9-b6a0-9c7f26654c28:c3838, d1b6a90e-e817-40a7-bec1-608b5cc7d8b6:c3838]
2019-09-11 04:26:08,689 [grpc-default-executor-4] INFO  client.GrpcClientProtocolClient (GrpcClientProtocolClient.java:onNext(264)) - client-734BBEB428D7->a5e38e3e-c2ad-4348-acb9-3fc25cfb14dd: receive RaftClientReply:client-734BBEB428D7->a5e38e3e-c2ad-4348-acb9-3fc25cfb14dd@group-7000B19605CB, cid=2576, SUCCESS, logIndex=3842, commits[a5e38e3e-c2ad-4348-acb9-3fc25cfb14dd:c3842, 11e48d46-e648-47f9-b6a0-9c7f26654c28:c3838, d1b6a90e-e817-40a7-bec1-608b5cc7d8b6:c3838]
2019-09-11 04:26:08,691 [grpc-default-executor-4] INFO  client.GrpcClientProtocolClient (GrpcClientProtocolClient.java:onNext(264)) - client-734BBEB428D7->a5e38e3e-c2ad-4348-acb9-3fc25cfb14dd: receive RaftClientReply:client-734BBEB428D7->a5e38e3e-c2ad-4348-acb9-3fc25cfb14dd@group-7000B19605CB, cid=2577, SUCCESS, logIndex=0, commits[a5e38e3e-c2ad-4348-acb9-3fc25cfb14dd:c3844, 11e48d46-e648-47f9-b6a0-9c7f26654c28:c3842, d1b6a90e-e817-40a7-bec1-608b5cc7d8b6:c3842]
2019-09-11 04:26:08,718 [grpc-default-executor-1] INFO  client.GrpcClientProtocolClient (GrpcClientProtocolClient.java:onNext(264)) - client-734BBEB428D7->a5e38e3e-c2ad-4348-acb9-3fc25cfb14dd: receive RaftClientReply:client-734BBEB428D7->a5e38e3e-c2ad-4348-acb9-3fc25cfb14dd@group-7000B19605CB, cid=2578, SUCCESS, logIndex=3845, commits[a5e38e3e-c2ad-4348-acb9-3fc25cfb14dd:c3846, 11e48d46-e648-47f9-b6a0-9c7f26654c28:c3844, d1b6a90e-e817-40a7-bec1-608b5cc7d8b6:c3844]
2019-09-11 04:26:08,718 [grpc-default-executor-1] INFO  client.GrpcClientProtocolClient (GrpcClientProtocolClient.java:onNext(264)) - client-734BBEB428D7->a5e38e3e-c2ad-4348-acb9-3fc25cfb14dd: receive RaftClientReply:client-734BBEB428D7->a5e38e3e-c2ad-4348-acb9-3fc25cfb14dd@group-7000B19605CB, cid=2579, SUCCESS, logIndex=3846, commits[a5e38e3e-c2ad-4348-acb9-3fc25cfb14dd:c3846, 11e48d46-e648-47f9-b6a0-9c7f26654c28:c3844, d1b6a90e-e817-40a7-bec1-608b5cc7d8b6:c3844]
2019-09-11 04:26:08,719 [grpc-default-executor-1] INFO  client.GrpcClientProtocolClient (GrpcClientProtocolClient.java:onNext(264)) - client-734BBEB428D7->a5e38e3e-c2ad-4348-acb9-3fc25cfb14dd: receive RaftClientReply:client-734BBEB428D7->a5e38e3e-c2ad-4348-acb9-3fc25cfb14dd@group-7000B19605CB, cid=2580, SUCCESS, logIndex=3847, commits[a5e38e3e-c2ad-4348-acb9-3fc25cfb14dd:c3848, 11e48d46-e648-47f9-b6a0-9c7f26654c28:c3844, d1b6a90e-e817-40a7-bec1-608b5cc7d8b6:c3844]
2019-09-11 04:26:08,719 [grpc-default-executor-1] INFO  client.GrpcClientProtocolClient (GrpcClientProtocolClient.java:onNext(264)) - client-734BBEB428D7->a5e38e3e-c2ad-4348-acb9-3fc25cfb14dd: receive RaftClientReply:client-734BBEB428D7->a5e38e3e-c2ad-4348-acb9-3fc25cfb14dd@group-7000B19605CB, cid=2581, SUCCESS, logIndex=3848, commits[a5e38e3e-c2ad-4348-acb9-3fc25cfb14dd:c3848, 11e48d46-e648-47f9-b6a0-9c7f26654c28:c3844, d1b6a90e-e817-40a7-bec1-608b5cc7d8b6:c3844]
2019-09-11 04:26:08,720 [grpc-default-executor-4] INFO  client.GrpcClientProtocolClient (GrpcClientProtocolClient.java:onNext(264)) - client-734BBEB428D7->a5e38e3e-c2ad-4348-acb9-3fc25cfb14dd: receive RaftClientReply:client-734BBEB428D7->a5e38e3e-c2ad-4348-acb9-3fc25cfb14dd@group-7000B19605CB, cid=2582, SUCCESS, logIndex=0, commits[a5e38e3e-c2ad-4348-acb9-3fc25cfb14dd:c3850, 11e48d46-e648-47f9-b6a0-9c7f26654c28:c3846, d1b6a90e-e817-40a7-bec1-608b5cc7d8b6:c3848]
2019-09-11 04:26:08,741 [grpc-default-executor-2] INFO  client.GrpcClientProtocolClient (GrpcClientProtocolClient.java:onNext(264)) - client-734BBEB428D7->a5e38e3e-c2ad-4348-acb9-3fc25cfb14dd: receive RaftClientReply:client-734BBEB428D7->a5e38e3e-c2ad-4348-acb9-3fc25cfb14dd@group-7000B19605CB, cid=2583, SUCCESS, logIndex=3853, commits[a5e38e3e-c2ad-4348-acb9-3fc25cfb14dd:c3854, 11e48d46-e648-47f9-b6a0-9c7f26654c28:c3852, d1b6a90e-e817-40a7-bec1-608b5cc7d8b6:c3852]
2019-09-11 04:26:08,741 [grpc-default-executor-2] INFO  client.GrpcClientProtocolClient (GrpcClientProtocolClient.java:onNext(264)) - client-734BBEB428D7->a5e38e3e-c2ad-4348-acb9-3fc25cfb14dd: receive RaftClientReply:client-734BBEB428D7->a5e38e3e-c2ad-4348-acb9-3fc25cfb14dd@group-7000B19605CB, cid=2584, SUCCESS, logIndex=3854, commits[a5e38e3e-c2ad-4348-acb9-3fc25cfb14dd:c3854, 11e48d46-e648-47f9-b6a0-9c7f26654c28:c3852, d1b6a90e-e817-40a7-bec1-608b5cc7d8b6:c3852]
2019-09-11 04:26:08,754 [grpc-default-executor-1] INFO  client.GrpcClientProtocolClient (GrpcClientProtocolClient.java:onNext(264)) - client-734BBEB428D7->a5e38e3e-c2ad-4348-acb9-3fc25cfb14dd: receive RaftClientReply:client-734BBEB428D7->a5e38e3e-c2ad-4348-acb9-3fc25cfb14dd@group-7000B19605CB, cid=2585, SUCCESS, logIndex=3857, commits[a5e38e3e-c2ad-4348-acb9-3fc25cfb14dd:c3857, 11e48d46-e648-47f9-b6a0-9c7f26654c28:c3854, d1b6a90e-e817-40a7-bec1-608b5cc7d8b6:c3854]
2019-09-11 04:26:08,755 [grpc-default-executor-1] INFO  client.GrpcClientProtocolClient (GrpcClientProtocolClient.java:onNext(264)) - client-734BBEB428D7->a5e38e3e-c2ad-4348-acb9-3fc25cfb14dd: receive RaftClientReply:client-734BBEB428D7->a5e38e3e-c2ad-4348-acb9-3fc25cfb14dd@group-7000B19605CB, cid=2586, SUCCESS, logIndex=3858, commits[a5e38e3e-c2ad-4348-acb9-3fc25cfb14dd:c3858, 11e48d46-e648-47f9-b6a0-9c7f26654c28:c3854, d1b6a90e-e817-40a7-bec1-608b5cc7d8b6:c3854]
2019-09-11 04:26:08,769 [grpc-default-executor-1] INFO  client.GrpcClientProtocolClient (GrpcClientProtocolClient.java:onNext(264)) - client-734BBEB428D7->a5e38e3e-c2ad-4348-acb9-3fc25cfb14dd: receive RaftClientReply:client-734BBEB428D7->a5e38e3e-c2ad-4348-acb9-3fc25cfb14dd@group-7000B19605CB, cid=2587, SUCCESS, logIndex=0, commits[a5e38e3e-c2ad-4348-acb9-3fc25cfb14dd:c3860, 11e48d46-e648-47f9-b6a0-9c7f26654c28:c3858, d1b6a90e-e817-40a7-bec1-608b5cc7d8b6:c3858]
2019-09-11 04:26:08,801 [grpc-default-executor-1] INFO  client.GrpcClientProtocolClient (GrpcClientProtocolClient.java:onNext(264)) - client-734BBEB428D7->a5e38e3e-c2ad-4348-acb9-3fc25cfb14dd: receive RaftClientReply:client-734BBEB428D7->a5e38e3e-c2ad-4348-acb9-3fc25cfb14dd@group-7000B19605CB, cid=2588, SUCCESS, logIndex=3861, commits[a5e38e3e-c2ad-4348-acb9-3fc25cfb14dd:c3862, 11e48d46-e648-47f9-b6a0-9c7f26654c28:c3860, d1b6a90e-e817-40a7-bec1-608b5cc7d8b6:c3860]
2019-09-11 04:26:08,802 [grpc-default-executor-1] INFO  client.GrpcClientProtocolClient (GrpcClientProtocolClient.java:onNext(264)) - client-734BBEB428D7->a5e38e3e-c2ad-4348-acb9-3fc25cfb14dd: receive RaftClientReply:client-734BBEB428D7->a5e38e3e-c2ad-4348-acb9-3fc25cfb14dd@group-7000B19605CB, cid=2589, SUCCESS, logIndex=3862, commits[a5e38e3e-c2ad-4348-acb9-3fc25cfb14dd:c3864, 11e48d46-e648-47f9-b6a0-9c7f26654c28:c3860, d1b6a90e-e817-40a7-bec1-608b5cc7d8b6:c3860]
2019-09-11 04:26:08,802 [grpc-default-executor-1] INFO  client.GrpcClientProtocolClient (GrpcClientProtocolClient.java:onNext(264)) - client-734BBEB428D7->a5e38e3e-c2ad-4348-acb9-3fc25cfb14dd: receive RaftClientReply:client-734BBEB428D7->a5e38e3e-c2ad-4348-acb9-3fc25cfb14dd@group-7000B19605CB, cid=2590, SUCCESS, logIndex=3863, commits[a5e38e3e-c2ad-4348-acb9-3fc25cfb14dd:c3864, 11e48d46-e648-47f9-b6a0-9c7f26654c28:c3860, d1b6a90e-e817-40a7-bec1-608b5cc7d8b6:c3860]
2019-09-11 04:26:08,803 [grpc-default-executor-2] INFO  client.GrpcClientProtocolClient (GrpcClientProtocolClient.java:onNext(264)) - client-734BBEB428D7->a5e38e3e-c2ad-4348-acb9-3fc25cfb14dd: receive RaftClientReply:client-734BBEB428D7->a5e38e3e-c2ad-4348-acb9-3fc25cfb14dd@group-7000B19605CB, cid=2591, SUCCESS, logIndex=3864, commits[a5e38e3e-c2ad-4348-acb9-3fc25cfb14dd:c3864, 11e48d46-e648-47f9-b6a0-9c7f26654c28:c3860, d1b6a90e-e817-40a7-bec1-608b5cc7d8b6:c3860]
2019-09-11 04:26:08,805 [grpc-default-executor-2] INFO  client.GrpcClientProtocolClient (GrpcClientProtocolClient.java:onNext(264)) - client-734BBEB428D7->a5e38e3e-c2ad-4348-acb9-3fc25cfb14dd: receive RaftClientReply:client-734BBEB428D7->a5e38e3e-c2ad-4348-acb9-3fc25cfb14dd@group-7000B19605CB, cid=2592, SUCCESS, logIndex=0, commits[a5e38e3e-c2ad-4348-acb9-3fc25cfb14dd:c3868, 11e48d46-e648-47f9-b6a0-9c7f26654c28:c3864, d1b6a90e-e817-40a7-bec1-608b5cc7d8b6:c3862]
2019-09-11 04:26:08,823 [grpc-default-executor-2] INFO  client.GrpcClientProtocolClient (GrpcClientProtocolClient.java:onNext(264)) - client-734BBEB428D7->a5e38e3e-c2ad-4348-acb9-3fc25cfb14dd: receive RaftClientReply:client-734BBEB428D7->a5e38e3e-c2ad-4348-acb9-3fc25cfb14dd@group-7000B19605CB, cid=2593, SUCCESS, logIndex=3869, commits[a5e38e3e-c2ad-4348-acb9-3fc25cfb14dd:c3870, 11e48d46-e648-47f9-b6a0-9c7f26654c28:c3868, d1b6a90e-e817-40a7-bec1-608b5cc7d8b6:c3868]
2019-09-11 04:26:08,824 [grpc-default-executor-2] INFO  client.GrpcClientProtocolClient (GrpcClientProtocolClient.java:onNext(264)) - client-734BBEB428D7->a5e38e3e-c2ad-4348-acb9-3fc25cfb14dd: receive RaftClientReply:client-734BBEB428D7->a5e38e3e-c2ad-4348-acb9-3fc25cfb14dd@group-7000B19605CB, cid=2594, SUCCESS, logIndex=3870, commits[a5e38e3e-c2ad-4348-acb9-3fc25cfb14dd:c3870, 11e48d46-e648-47f9-b6a0-9c7f26654c28:c3868, d1b6a90e-e817-40a7-bec1-608b5cc7d8b6:c3868]
2019-09-11 04:26:08,837 [grpc-default-executor-2] INFO  client.GrpcClientProtocolClient (GrpcClientProtocolClient.java:onNext(264)) - client-734BBEB428D7->a5e38e3e-c2ad-4348-acb9-3fc25cfb14dd: receive RaftClientReply:client-734BBEB428D7->a5e38e3e-c2ad-4348-acb9-3fc25cfb14dd@group-7000B19605CB, cid=2595, SUCCESS, logIndex=3873, commits[a5e38e3e-c2ad-4348-acb9-3fc25cfb14dd:c3873, 11e48d46-e648-47f9-b6a0-9c7f26654c28:c3870, d1b6a90e-e817-40a7-bec1-608b5cc7d8b6:c3870]
2019-09-11 04:26:08,837 [grpc-default-executor-2] INFO  client.GrpcClientProtocolClient (GrpcClientProtocolClient.java:onNext(264)) - client-734BBEB428D7->a5e38e3e-c2ad-4348-acb9-3fc25cfb14dd: receive RaftClientReply:client-734BBEB428D7->a5e38e3e-c2ad-4348-acb9-3fc25cfb14dd@group-7000B19605CB, cid=2596, SUCCESS, logIndex=3874, commits[a5e38e3e-c2ad-4348-acb9-3fc25cfb14dd:c3874, 11e48d46-e648-47f9-b6a0-9c7f26654c28:c3870, d1b6a90e-e817-40a7-bec1-608b5cc7d8b6:c3870]
2019-09-11 04:26:08,849 [grpc-default-executor-2] INFO  client.GrpcClientProtocolClient (GrpcClientProtocolClient.java:onNext(264)) - client-734BBEB428D7->a5e38e3e-c2ad-4348-acb9-3fc25cfb14dd: receive RaftClientReply:client-734BBEB428D7->a5e38e3e-c2ad-4348-acb9-3fc25cfb14dd@group-7000B19605CB, cid=2597, SUCCESS, logIndex=0, commits[a5e38e3e-c2ad-4348-acb9-3fc25cfb14dd:c3876, 11e48d46-e648-47f9-b6a0-9c7f26654c28:c3874, d1b6a90e-e817-40a7-bec1-608b5cc7d8b6:c3874]
2019-09-11 04:26:08,878 [grpc-default-executor-2] INFO  client.GrpcClientProtocolClient (GrpcClientProtocolClient.java:onNext(264)) - client-734BBEB428D7->a5e38e3e-c2ad-4348-acb9-3fc25cfb14dd: receive RaftClientReply:client-734BBEB428D7->a5e38e3e-c2ad-4348-acb9-3fc25cfb14dd@group-7000B19605CB, cid=2598, SUCCESS, logIndex=3877, commits[a5e38e3e-c2ad-4348-acb9-3fc25cfb14dd:c3878, 11e48d46-e648-47f9-b6a0-9c7f26654c28:c3876, d1b6a90e-e817-40a7-bec1-608b5cc7d8b6:c3876]
2019-09-11 04:26:08,878 [grpc-default-executor-2] INFO  client.GrpcClientProtocolClient (GrpcClientProtocolClient.java:onNext(264)) - client-734BBEB428D7->a5e38e3e-c2ad-4348-acb9-3fc25cfb14dd: receive RaftClientReply:client-734BBEB428D7->a5e38e3e-c2ad-4348-acb9-3fc25cfb14dd@group-7000B19605CB, cid=2599, SUCCESS, logIndex=3878, commits[a5e38e3e-c2ad-4348-acb9-3fc25cfb14dd:c3880, 11e48d46-e648-47f9-b6a0-9c7f26654c28:c3876, d1b6a90e-e817-40a7-bec1-608b5cc7d8b6:c3876]
2019-09-11 04:26:08,879 [grpc-default-executor-4] INFO  client.GrpcClientProtocolClient (GrpcClientProtocolClient.java:onNext(264)) - client-734BBEB428D7->a5e38e3e-c2ad-4348-acb9-3fc25cfb14dd: receive RaftClientReply:client-734BBEB428D7->a5e38e3e-c2ad-4348-acb9-3fc25cfb14dd@group-7000B19605CB, cid=2600, SUCCESS, logIndex=3879, commits[a5e38e3e-c2ad-4348-acb9-3fc25cfb14dd:c3880, 11e48d46-e648-47f9-b6a0-9c7f26654c28:c3876, d1b6a90e-e817-40a7-bec1-608b5cc7d8b6:c3876]
2019-09-11 04:26:08,879 [grpc-default-executor-4] INFO  client.GrpcClientProtocolClient (GrpcClientProtocolClient.java:onNext(264)) - client-734BBEB428D7->a5e38e3e-c2ad-4348-acb9-3fc25cfb14dd: receive RaftClientReply:client-734BBEB428D7->a5e38e3e-c2ad-4348-acb9-3fc25cfb14dd@group-7000B19605CB, cid=2601, SUCCESS, logIndex=3880, commits[a5e38e3e-c2ad-4348-acb9-3fc25cfb14dd:c3880, 11e48d46-e648-47f9-b6a0-9c7f26654c28:c3876, d1b6a90e-e817-40a7-bec1-608b5cc7d8b6:c3876]
2019-09-11 04:26:08,880 [grpc-default-executor-2] INFO  client.GrpcClientProtocolClient (GrpcClientProtocolClient.java:onNext(264)) - client-734BBEB428D7->a5e38e3e-c2ad-4348-acb9-3fc25cfb14dd: receive RaftClientReply:client-734BBEB428D7->a5e38e3e-c2ad-4348-acb9-3fc25cfb14dd@group-7000B19605CB, cid=2602, SUCCESS, logIndex=0, commits[a5e38e3e-c2ad-4348-acb9-3fc25cfb14dd:c3884, 11e48d46-e648-47f9-b6a0-9c7f26654c28:c3878, d1b6a90e-e817-40a7-bec1-608b5cc7d8b6:c3880]
2019-09-11 04:26:08,905 [grpc-default-executor-2] INFO  client.GrpcClientProtocolClient (GrpcClientProtocolClient.java:onNext(264)) - client-734BBEB428D7->a5e38e3e-c2ad-4348-acb9-3fc25cfb14dd: receive RaftClientReply:client-734BBEB428D7->a5e38e3e-c2ad-4348-acb9-3fc25cfb14dd@group-7000B19605CB, cid=2603, SUCCESS, logIndex=3885, commits[a5e38e3e-c2ad-4348-acb9-3fc25cfb14dd:c3886, 11e48d46-e648-47f9-b6a0-9c7f26654c28:c3884, d1b6a90e-e817-40a7-bec1-608b5cc7d8b6:c3884]
2019-09-11 04:26:08,905 [grpc-default-executor-2] INFO  client.GrpcClientProtocolClient (GrpcClientProtocolClient.java:onNext(264)) - client-734BBEB428D7->a5e38e3e-c2ad-4348-acb9-3fc25cfb14dd: receive RaftClientReply:client-734BBEB428D7->a5e38e3e-c2ad-4348-acb9-3fc25cfb14dd@group-7000B19605CB, cid=2604, SUCCESS, logIndex=3886, commits[a5e38e3e-c2ad-4348-acb9-3fc25cfb14dd:c3886, 11e48d46-e648-47f9-b6a0-9c7f26654c28:c3884, d1b6a90e-e817-40a7-bec1-608b5cc7d8b6:c3884]
2019-09-11 04:26:08,918 [grpc-default-executor-2] INFO  client.GrpcClientProtocolClient (GrpcClientProtocolClient.java:onNext(264)) - client-734BBEB428D7->a5e38e3e-c2ad-4348-acb9-3fc25cfb14dd: receive RaftClientReply:client-734BBEB428D7->a5e38e3e-c2ad-4348-acb9-3fc25cfb14dd@group-7000B19605CB, cid=2605, SUCCESS, logIndex=3889, commits[a5e38e3e-c2ad-4348-acb9-3fc25cfb14dd:c3889, 11e48d46-e648-47f9-b6a0-9c7f26654c28:c3886, d1b6a90e-e817-40a7-bec1-608b5cc7d8b6:c3886]
2019-09-11 04:26:08,918 [grpc-default-executor-2] INFO  client.GrpcClientProtocolClient (GrpcClientProtocolClient.java:onNext(264)) - client-734BBEB428D7->a5e38e3e-c2ad-4348-acb9-3fc25cfb14dd: receive RaftClientReply:client-734BBEB428D7->a5e38e3e-c2ad-4348-acb9-3fc25cfb14dd@group-7000B19605CB, cid=2606, SUCCESS, logIndex=3890, commits[a5e38e3e-c2ad-4348-acb9-3fc25cfb14dd:c3890, 11e48d46-e648-47f9-b6a0-9c7f26654c28:c3886, d1b6a90e-e817-40a7-bec1-608b5cc7d8b6:c3886]
2019-09-11 04:26:08,930 [grpc-default-executor-2] INFO  client.GrpcClientProtocolClient (GrpcClientProtocolClient.java:onNext(264)) - client-734BBEB428D7->a5e38e3e-c2ad-4348-acb9-3fc25cfb14dd: receive RaftClientReply:client-734BBEB428D7->a5e38e3e-c2ad-4348-acb9-3fc25cfb14dd@group-7000B19605CB, cid=2607, SUCCESS, logIndex=0, commits[a5e38e3e-c2ad-4348-acb9-3fc25cfb14dd:c3892, 11e48d46-e648-47f9-b6a0-9c7f26654c28:c3890, d1b6a90e-e817-40a7-bec1-608b5cc7d8b6:c3890]
2019-09-11 04:26:08,958 [grpc-default-executor-2] INFO  client.GrpcClientProtocolClient (GrpcClientProtocolClient.java:onNext(264)) - client-734BBEB428D7->a5e38e3e-c2ad-4348-acb9-3fc25cfb14dd: receive RaftClientReply:client-734BBEB428D7->a5e38e3e-c2ad-4348-acb9-3fc25cfb14dd@group-7000B19605CB, cid=2608, SUCCESS, logIndex=3893, commits[a5e38e3e-c2ad-4348-acb9-3fc25cfb14dd:c3894, 11e48d46-e648-47f9-b6a0-9c7f26654c28:c3892, d1b6a90e-e817-40a7-bec1-608b5cc7d8b6:c3892]
2019-09-11 04:26:08,959 [grpc-default-executor-2] INFO  client.GrpcClientProtocolClient (GrpcClientProtocolClient.java:onNext(264)) - client-734BBEB428D7->a5e38e3e-c2ad-4348-acb9-3fc25cfb14dd: receive RaftClientReply:client-734BBEB428D7->a5e38e3e-c2ad-4348-acb9-3fc25cfb14dd@group-7000B19605CB, cid=2609, SUCCESS, logIndex=3894, commits[a5e38e3e-c2ad-4348-acb9-3fc25cfb14dd:c3894, 11e48d46-e648-47f9-b6a0-9c7f26654c28:c3892, d1b6a90e-e817-40a7-bec1-608b5cc7d8b6:c3892]
2019-09-11 04:26:08,959 [grpc-default-executor-1] INFO  client.GrpcClientProtocolClient (GrpcClientProtocolClient.java:onNext(264)) - client-734BBEB428D7->a5e38e3e-c2ad-4348-acb9-3fc25cfb14dd: receive RaftClientReply:client-734BBEB428D7->a5e38e3e-c2ad-4348-acb9-3fc25cfb14dd@group-7000B19605CB, cid=2610, SUCCESS, logIndex=3895, commits[a5e38e3e-c2ad-4348-acb9-3fc25cfb14dd:c3896, 11e48d46-e648-47f9-b6a0-9c7f26654c28:c3892, d1b6a90e-e817-40a7-bec1-608b5cc7d8b6:c3892]
2019-09-11 04:26:08,960 [grpc-default-executor-1] INFO  client.GrpcClientProtocolClient (GrpcClientProtocolClient.java:onNext(264)) - client-734BBEB428D7->a5e38e3e-c2ad-4348-acb9-3fc25cfb14dd: receive RaftClientReply:client-734BBEB428D7->a5e38e3e-c2ad-4348-acb9-3fc25cfb14dd@group-7000B19605CB, cid=2611, SUCCESS, logIndex=3896, commits[a5e38e3e-c2ad-4348-acb9-3fc25cfb14dd:c3896, 11e48d46-e648-47f9-b6a0-9c7f26654c28:c3892, d1b6a90e-e817-40a7-bec1-608b5cc7d8b6:c3892]
2019-09-11 04:26:08,961 [grpc-default-executor-1] INFO  client.GrpcClientProtocolClient (GrpcClientProtocolClient.java:onNext(264)) - client-734BBEB428D7->a5e38e3e-c2ad-4348-acb9-3fc25cfb14dd: receive RaftClientReply:client-734BBEB428D7->a5e38e3e-c2ad-4348-acb9-3fc25cfb14dd@group-7000B19605CB, cid=2612, SUCCESS, logIndex=0, commits[a5e38e3e-c2ad-4348-acb9-3fc25cfb14dd:c3898, 11e48d46-e648-47f9-b6a0-9c7f26654c28:c3894, d1b6a90e-e817-40a7-bec1-608b5cc7d8b6:c3894]
2019-09-11 04:26:08,982 [grpc-default-executor-2] INFO  client.GrpcClientProtocolClient (GrpcClientProtocolClient.java:onNext(264)) - client-734BBEB428D7->a5e38e3e-c2ad-4348-acb9-3fc25cfb14dd: receive RaftClientReply:client-734BBEB428D7->a5e38e3e-c2ad-4348-acb9-3fc25cfb14dd@group-7000B19605CB, cid=2613, SUCCESS, logIndex=3900, commits[a5e38e3e-c2ad-4348-acb9-3fc25cfb14dd:c3900, 11e48d46-e648-47f9-b6a0-9c7f26654c28:c3899, d1b6a90e-e817-40a7-bec1-608b5cc7d8b6:c3899]
2019-09-11 04:26:08,983 [grpc-default-executor-2] INFO  client.GrpcClientProtocolClient (GrpcClientProtocolClient.java:onNext(264)) - client-734BBEB428D7->a5e38e3e-c2ad-4348-acb9-3fc25cfb14dd: receive RaftClientReply:client-734BBEB428D7->a5e38e3e-c2ad-4348-acb9-3fc25cfb14dd@group-7000B19605CB, cid=2614, SUCCESS, logIndex=3901, commits[a5e38e3e-c2ad-4348-acb9-3fc25cfb14dd:c3901, 11e48d46-e648-47f9-b6a0-9c7f26654c28:c3899, d1b6a90e-e817-40a7-bec1-608b5cc7d8b6:c3899]
2019-09-11 04:26:08,997 [grpc-default-executor-1] INFO  client.GrpcClientProtocolClient (GrpcClientProtocolClient.java:onNext(264)) - client-734BBEB428D7->a5e38e3e-c2ad-4348-acb9-3fc25cfb14dd: receive RaftClientReply:client-734BBEB428D7->a5e38e3e-c2ad-4348-acb9-3fc25cfb14dd@group-7000B19605CB, cid=2615, SUCCESS, logIndex=3904, commits[a5e38e3e-c2ad-4348-acb9-3fc25cfb14dd:c3904, 11e48d46-e648-47f9-b6a0-9c7f26654c28:c3901, d1b6a90e-e817-40a7-bec1-608b5cc7d8b6:c3901]
2019-09-11 04:26:08,998 [grpc-default-executor-1] INFO  client.GrpcClientProtocolClient (GrpcClientProtocolClient.java:onNext(264)) - client-734BBEB428D7->a5e38e3e-c2ad-4348-acb9-3fc25cfb14dd: receive RaftClientReply:client-734BBEB428D7->a5e38e3e-c2ad-4348-acb9-3fc25cfb14dd@group-7000B19605CB, cid=2616, SUCCESS, logIndex=3905, commits[a5e38e3e-c2ad-4348-acb9-3fc25cfb14dd:c3905, 11e48d46-e648-47f9-b6a0-9c7f26654c28:c3901, d1b6a90e-e817-40a7-bec1-608b5cc7d8b6:c3901]
2019-09-11 04:26:09,009 [grpc-default-executor-1] INFO  client.GrpcClientProtocolClient (GrpcClientProtocolClient.java:onNext(264)) - client-734BBEB428D7->a5e38e3e-c2ad-4348-acb9-3fc25cfb14dd: receive RaftClientReply:client-734BBEB428D7->a5e38e3e-c2ad-4348-acb9-3fc25cfb14dd@group-7000B19605CB, cid=2617, SUCCESS, logIndex=0, commits[a5e38e3e-c2ad-4348-acb9-3fc25cfb14dd:c3907, 11e48d46-e648-47f9-b6a0-9c7f26654c28:c3905, d1b6a90e-e817-40a7-bec1-608b5cc7d8b6:c3905]
2019-09-11 04:26:09,040 [grpc-default-executor-4] INFO  client.GrpcClientProtocolClient (GrpcClientProtocolClient.java:onNext(264)) - client-734BBEB428D7->a5e38e3e-c2ad-4348-acb9-3fc25cfb14dd: receive RaftClientReply:client-734BBEB428D7->a5e38e3e-c2ad-4348-acb9-3fc25cfb14dd@group-7000B19605CB, cid=2618, SUCCESS, logIndex=3908, commits[a5e38e3e-c2ad-4348-acb9-3fc25cfb14dd:c3908, 11e48d46-e648-47f9-b6a0-9c7f26654c28:c3907, d1b6a90e-e817-40a7-bec1-608b5cc7d8b6:c3907]
2019-09-11 04:26:09,041 [grpc-default-executor-4] INFO  client.GrpcClientProtocolClient (GrpcClientProtocolClient.java:onNext(264)) - client-734BBEB428D7->a5e38e3e-c2ad-4348-acb9-3fc25cfb14dd: receive RaftClientReply:client-734BBEB428D7->a5e38e3e-c2ad-4348-acb9-3fc25cfb14dd@group-7000B19605CB, cid=2619, SUCCESS, logIndex=3909, commits[a5e38e3e-c2ad-4348-acb9-3fc25cfb14dd:c3911, 11e48d46-e648-47f9-b6a0-9c7f26654c28:c3907, d1b6a90e-e817-40a7-bec1-608b5cc7d8b6:c3907]
2019-09-11 04:26:09,041 [grpc-default-executor-4] INFO  client.GrpcClientProtocolClient (GrpcClientProtocolClient.java:onNext(264)) - client-734BBEB428D7->a5e38e3e-c2ad-4348-acb9-3fc25cfb14dd: receive RaftClientReply:client-734BBEB428D7->a5e38e3e-c2ad-4348-acb9-3fc25cfb14dd@group-7000B19605CB, cid=2620, SUCCESS, logIndex=3910, commits[a5e38e3e-c2ad-4348-acb9-3fc25cfb14dd:c3911, 11e48d46-e648-47f9-b6a0-9c7f26654c28:c3907, d1b6a90e-e817-40a7-bec1-608b5cc7d8b6:c3907]
2019-09-11 04:26:09,042 [grpc-default-executor-4] INFO  client.GrpcClientProtocolClient (GrpcClientProtocolClient.java:onNext(264)) - client-734BBEB428D7->a5e38e3e-c2ad-4348-acb9-3fc25cfb14dd: receive RaftClientReply:client-734BBEB428D7->a5e38e3e-c2ad-4348-acb9-3fc25cfb14dd@group-7000B19605CB, cid=2621, SUCCESS, logIndex=3911, commits[a5e38e3e-c2ad-4348-acb9-3fc25cfb14dd:c3911, 11e48d46-e648-47f9-b6a0-9c7f26654c28:c3907, d1b6a90e-e817-40a7-bec1-608b5cc7d8b6:c3907]
2019-09-11 04:26:09,045 [grpc-default-executor-4] INFO  client.GrpcClientProtocolClient (GrpcClientProtocolClient.java:onNext(264)) - client-734BBEB428D7->a5e38e3e-c2ad-4348-acb9-3fc25cfb14dd: receive RaftClientReply:client-734BBEB428D7->a5e38e3e-c2ad-4348-acb9-3fc25cfb14dd@group-7000B19605CB, cid=2622, SUCCESS, logIndex=0, commits[a5e38e3e-c2ad-4348-acb9-3fc25cfb14dd:c3915, 11e48d46-e648-47f9-b6a0-9c7f26654c28:c3911, d1b6a90e-e817-40a7-bec1-608b5cc7d8b6:c3909]
2019-09-11 04:26:09,064 [grpc-default-executor-2] INFO  client.GrpcClientProtocolClient (GrpcClientProtocolClient.java:onNext(264)) - client-734BBEB428D7->a5e38e3e-c2ad-4348-acb9-3fc25cfb14dd: receive RaftClientReply:client-734BBEB428D7->a5e38e3e-c2ad-4348-acb9-3fc25cfb14dd@group-7000B19605CB, cid=2623, SUCCESS, logIndex=3916, commits[a5e38e3e-c2ad-4348-acb9-3fc25cfb14dd:c3917, 11e48d46-e648-47f9-b6a0-9c7f26654c28:c3915, d1b6a90e-e817-40a7-bec1-608b5cc7d8b6:c3915]
2019-09-11 04:26:09,064 [grpc-default-executor-2] INFO  client.GrpcClientProtocolClient (GrpcClientProtocolClient.java:onNext(264)) - client-734BBEB428D7->a5e38e3e-c2ad-4348-acb9-3fc25cfb14dd: receive RaftClientReply:client-734BBEB428D7->a5e38e3e-c2ad-4348-acb9-3fc25cfb14dd@group-7000B19605CB, cid=2624, SUCCESS, logIndex=3917, commits[a5e38e3e-c2ad-4348-acb9-3fc25cfb14dd:c3917, 11e48d46-e648-47f9-b6a0-9c7f26654c28:c3915, d1b6a90e-e817-40a7-bec1-608b5cc7d8b6:c3915]
2019-09-11 04:26:09,079 [grpc-default-executor-2] INFO  client.GrpcClientProtocolClient (GrpcClientProtocolClient.java:onNext(264)) - client-734BBEB428D7->a5e38e3e-c2ad-4348-acb9-3fc25cfb14dd: receive RaftClientReply:client-734BBEB428D7->a5e38e3e-c2ad-4348-acb9-3fc25cfb14dd@group-7000B19605CB, cid=2625, SUCCESS, logIndex=3920, commits[a5e38e3e-c2ad-4348-acb9-3fc25cfb14dd:c3920, 11e48d46-e648-47f9-b6a0-9c7f26654c28:c3917, d1b6a90e-e817-40a7-bec1-608b5cc7d8b6:c3917]
2019-09-11 04:26:09,079 [grpc-default-executor-2] INFO  client.GrpcClientProtocolClient (GrpcClientProtocolClient.java:onNext(264)) - client-734BBEB428D7->a5e38e3e-c2ad-4348-acb9-3fc25cfb14dd: receive RaftClientReply:client-734BBEB428D7->a5e38e3e-c2ad-4348-acb9-3fc25cfb14dd@group-7000B19605CB, cid=2626, SUCCESS, logIndex=3921, commits[a5e38e3e-c2ad-4348-acb9-3fc25cfb14dd:c3921, 11e48d46-e648-47f9-b6a0-9c7f26654c28:c3917, d1b6a90e-e817-40a7-bec1-608b5cc7d8b6:c3917]
2019-09-11 04:26:09,092 [grpc-default-executor-2] INFO  client.GrpcClientProtocolClient (GrpcClientProtocolClient.java:onNext(264)) - client-734BBEB428D7->a5e38e3e-c2ad-4348-acb9-3fc25cfb14dd: receive RaftClientReply:client-734BBEB428D7->a5e38e3e-c2ad-4348-acb9-3fc25cfb14dd@group-7000B19605CB, cid=2627, SUCCESS, logIndex=0, commits[a5e38e3e-c2ad-4348-acb9-3fc25cfb14dd:c3923, 11e48d46-e648-47f9-b6a0-9c7f26654c28:c3921, d1b6a90e-e817-40a7-bec1-608b5cc7d8b6:c3921]
2019-09-11 04:26:09,144 [grpc-default-executor-1] INFO  client.GrpcClientProtocolClient (GrpcClientProtocolClient.java:onNext(264)) - client-734BBEB428D7->a5e38e3e-c2ad-4348-acb9-3fc25cfb14dd: receive RaftClientReply:client-734BBEB428D7->a5e38e3e-c2ad-4348-acb9-3fc25cfb14dd@group-7000B19605CB, cid=2628, SUCCESS, logIndex=3924, commits[a5e38e3e-c2ad-4348-acb9-3fc25cfb14dd:c3925, 11e48d46-e648-47f9-b6a0-9c7f26654c28:c3923, d1b6a90e-e817-40a7-bec1-608b5cc7d8b6:c3923]
2019-09-11 04:26:09,144 [grpc-default-executor-1] INFO  client.GrpcClientProtocolClient (GrpcClientProtocolClient.java:onNext(264)) - client-734BBEB428D7->a5e38e3e-c2ad-4348-acb9-3fc25cfb14dd: receive RaftClientReply:client-734BBEB428D7->a5e38e3e-c2ad-4348-acb9-3fc25cfb14dd@group-7000B19605CB, cid=2629, SUCCESS, logIndex=3925, commits[a5e38e3e-c2ad-4348-acb9-3fc25cfb14dd:c3925, 11e48d46-e648-47f9-b6a0-9c7f26654c28:c3923, d1b6a90e-e817-40a7-bec1-608b5cc7d8b6:c3923]
2019-09-11 04:26:09,153 [grpc-default-executor-1] INFO  client.GrpcClientProtocolClient (GrpcClientProtocolClient.java:onNext(264)) - client-734BBEB428D7->a5e38e3e-c2ad-4348-acb9-3fc25cfb14dd: receive RaftClientReply:client-734BBEB428D7->a5e38e3e-c2ad-4348-acb9-3fc25cfb14dd@group-7000B19605CB, cid=2630, SUCCESS, logIndex=3926, commits[a5e38e3e-c2ad-4348-acb9-3fc25cfb14dd:c3927, 11e48d46-e648-47f9-b6a0-9c7f26654c28:c3923, d1b6a90e-e817-40a7-bec1-608b5cc7d8b6:c3923]
2019-09-11 04:26:09,153 [grpc-default-executor-1] INFO  client.GrpcClientProtocolClient (GrpcClientProtocolClient.java:onNext(264)) - client-734BBEB428D7->a5e38e3e-c2ad-4348-acb9-3fc25cfb14dd: receive RaftClientReply:client-734BBEB428D7->a5e38e3e-c2ad-4348-acb9-3fc25cfb14dd@group-7000B19605CB, cid=2631, SUCCESS, logIndex=3927, commits[a5e38e3e-c2ad-4348-acb9-3fc25cfb14dd:c3927, 11e48d46-e648-47f9-b6a0-9c7f26654c28:c3923, d1b6a90e-e817-40a7-bec1-608b5cc7d8b6:c3923]
2019-09-11 04:26:09,154 [grpc-default-executor-4] INFO  client.GrpcClientProtocolClient (GrpcClientProtocolClient.java:onNext(264)) - client-734BBEB428D7->a5e38e3e-c2ad-4348-acb9-3fc25cfb14dd: receive RaftClientReply:client-734BBEB428D7->a5e38e3e-c2ad-4348-acb9-3fc25cfb14dd@group-7000B19605CB, cid=2632, SUCCESS, logIndex=0, commits[a5e38e3e-c2ad-4348-acb9-3fc25cfb14dd:c3928, 11e48d46-e648-47f9-b6a0-9c7f26654c28:c3925, d1b6a90e-e817-40a7-bec1-608b5cc7d8b6:c3925]
 0.00% |█                                                                                                    |  0/1 Time: 0:00:202019-09-11 04:26:09,174 [grpc-default-executor-1] INFO  client.GrpcClientProtocolClient (GrpcClientProtocolClient.java:onNext(264)) - client-734BBEB428D7->a5e38e3e-c2ad-4348-acb9-3fc25cfb14dd: receive RaftClientReply:client-734BBEB428D7->a5e38e3e-c2ad-4348-acb9-3fc25cfb14dd@group-7000B19605CB, cid=2633, SUCCESS, logIndex=3932, commits[a5e38e3e-c2ad-4348-acb9-3fc25cfb14dd:c3932, 11e48d46-e648-47f9-b6a0-9c7f26654c28:c3931, d1b6a90e-e817-40a7-bec1-608b5cc7d8b6:c3931]
2019-09-11 04:26:09,175 [grpc-default-executor-1] INFO  client.GrpcClientProtocolClient (GrpcClientProtocolClient.java:onNext(264)) - client-734BBEB428D7->a5e38e3e-c2ad-4348-acb9-3fc25cfb14dd: receive RaftClientReply:client-734BBEB428D7->a5e38e3e-c2ad-4348-acb9-3fc25cfb14dd@group-7000B19605CB, cid=2634, SUCCESS, logIndex=3933, commits[a5e38e3e-c2ad-4348-acb9-3fc25cfb14dd:c3933, 11e48d46-e648-47f9-b6a0-9c7f26654c28:c3931, d1b6a90e-e817-40a7-bec1-608b5cc7d8b6:c3931]
2019-09-11 04:26:09,187 [grpc-default-executor-1] INFO  client.GrpcClientProtocolClient (GrpcClientProtocolClient.java:onNext(264)) - client-734BBEB428D7->a5e38e3e-c2ad-4348-acb9-3fc25cfb14dd: receive RaftClientReply:client-734BBEB428D7->a5e38e3e-c2ad-4348-acb9-3fc25cfb14dd@group-7000B19605CB, cid=2635, SUCCESS, logIndex=3936, commits[a5e38e3e-c2ad-4348-acb9-3fc25cfb14dd:c3937, 11e48d46-e648-47f9-b6a0-9c7f26654c28:c3932, d1b6a90e-e817-40a7-bec1-608b5cc7d8b6:c3933]
2019-09-11 04:26:09,187 [grpc-default-executor-1] INFO  client.GrpcClientProtocolClient (GrpcClientProtocolClient.java:onNext(264)) - client-734BBEB428D7->a5e38e3e-c2ad-4348-acb9-3fc25cfb14dd: receive RaftClientReply:client-734BBEB428D7->a5e38e3e-c2ad-4348-acb9-3fc25cfb14dd@group-7000B19605CB, cid=2636, SUCCESS, logIndex=3937, commits[a5e38e3e-c2ad-4348-acb9-3fc25cfb14dd:c3937, 11e48d46-e648-47f9-b6a0-9c7f26654c28:c3932, d1b6a90e-e817-40a7-bec1-608b5cc7d8b6:c3933]
2019-09-11 04:26:09,189 [grpc-default-executor-4] INFO  client.GrpcClientProtocolClient (GrpcClientProtocolClient.java:onNext(264)) - client-734BBEB428D7->a5e38e3e-c2ad-4348-acb9-3fc25cfb14dd: receive RaftClientReply:client-734BBEB428D7->a5e38e3e-c2ad-4348-acb9-3fc25cfb14dd@group-7000B19605CB, cid=2637, SUCCESS, logIndex=0, commits[a5e38e3e-c2ad-4348-acb9-3fc25cfb14dd:c3937, 11e48d46-e648-47f9-b6a0-9c7f26654c28:c3933, d1b6a90e-e817-40a7-bec1-608b5cc7d8b6:c3933]
2019-09-11 04:26:09,190 [grpc-default-executor-4] INFO  client.GrpcClientProtocolClient (GrpcClientProtocolClient.java:onNext(264)) - client-734BBEB428D7->a5e38e3e-c2ad-4348-acb9-3fc25cfb14dd: receive RaftClientReply:client-734BBEB428D7->a5e38e3e-c2ad-4348-acb9-3fc25cfb14dd@group-7000B19605CB, cid=2638, SUCCESS, logIndex=0, commits[a5e38e3e-c2ad-4348-acb9-3fc25cfb14dd:c3939, 11e48d46-e648-47f9-b6a0-9c7f26654c28:c3937, d1b6a90e-e817-40a7-bec1-608b5cc7d8b6:c3937]
2019-09-11 04:26:09,221 [grpc-default-executor-3] INFO  client.GrpcClientProtocolClient (GrpcClientProtocolClient.java:onNext(264)) - client-734BBEB428D7->a5e38e3e-c2ad-4348-acb9-3fc25cfb14dd: receive RaftClientReply:client-734BBEB428D7->a5e38e3e-c2ad-4348-acb9-3fc25cfb14dd@group-7000B19605CB, cid=2639, SUCCESS, logIndex=3940, commits[a5e38e3e-c2ad-4348-acb9-3fc25cfb14dd:c3942, 11e48d46-e648-47f9-b6a0-9c7f26654c28:c3939, d1b6a90e-e817-40a7-bec1-608b5cc7d8b6:c3939]
2019-09-11 04:26:09,222 [grpc-default-executor-3] INFO  client.GrpcClientProtocolClient (GrpcClientProtocolClient.java:onNext(264)) - client-734BBEB428D7->a5e38e3e-c2ad-4348-acb9-3fc25cfb14dd: receive RaftClientReply:client-734BBEB428D7->a5e38e3e-c2ad-4348-acb9-3fc25cfb14dd@group-7000B19605CB, cid=2640, SUCCESS, logIndex=3941, commits[a5e38e3e-c2ad-4348-acb9-3fc25cfb14dd:c3943, 11e48d46-e648-47f9-b6a0-9c7f26654c28:c3939, d1b6a90e-e817-40a7-bec1-608b5cc7d8b6:c3939]
2019-09-11 04:26:09,223 [grpc-default-executor-3] INFO  client.GrpcClientProtocolClient (GrpcClientProtocolClient.java:onNext(264)) - client-734BBEB428D7->a5e38e3e-c2ad-4348-acb9-3fc25cfb14dd: receive RaftClientReply:client-734BBEB428D7->a5e38e3e-c2ad-4348-acb9-3fc25cfb14dd@group-7000B19605CB, cid=2641, SUCCESS, logIndex=3942, commits[a5e38e3e-c2ad-4348-acb9-3fc25cfb14dd:c3943, 11e48d46-e648-47f9-b6a0-9c7f26654c28:c3939, d1b6a90e-e817-40a7-bec1-608b5cc7d8b6:c3939]
2019-09-11 04:26:09,223 [grpc-default-executor-3] INFO  client.GrpcClientProtocolClient (GrpcClientProtocolClient.java:onNext(264)) - client-734BBEB428D7->a5e38e3e-c2ad-4348-acb9-3fc25cfb14dd: receive RaftClientReply:client-734BBEB428D7->a5e38e3e-c2ad-4348-acb9-3fc25cfb14dd@group-7000B19605CB, cid=2642, SUCCESS, logIndex=3943, commits[a5e38e3e-c2ad-4348-acb9-3fc25cfb14dd:c3944, 11e48d46-e648-47f9-b6a0-9c7f26654c28:c3939, d1b6a90e-e817-40a7-bec1-608b5cc7d8b6:c3941]
2019-09-11 04:26:09,224 [grpc-default-executor-3] INFO  client.GrpcClientProtocolClient (GrpcClientProtocolClient.java:onNext(264)) - client-734BBEB428D7->a5e38e3e-c2ad-4348-acb9-3fc25cfb14dd: receive RaftClientReply:client-734BBEB428D7->a5e38e3e-c2ad-4348-acb9-3fc25cfb14dd@group-7000B19605CB, cid=2643, SUCCESS, logIndex=0, commits[a5e38e3e-c2ad-4348-acb9-3fc25cfb14dd:c3947, 11e48d46-e648-47f9-b6a0-9c7f26654c28:c3943, d1b6a90e-e817-40a7-bec1-608b5cc7d8b6:c3943]
2019-09-11 04:26:09,250 [grpc-default-executor-4] INFO  client.GrpcClientProtocolClient (GrpcClientProtocolClient.java:onNext(264)) - client-734BBEB428D7->a5e38e3e-c2ad-4348-acb9-3fc25cfb14dd: receive RaftClientReply:client-734BBEB428D7->a5e38e3e-c2ad-4348-acb9-3fc25cfb14dd@group-7000B19605CB, cid=2644, SUCCESS, logIndex=3948, commits[a5e38e3e-c2ad-4348-acb9-3fc25cfb14dd:c3949, 11e48d46-e648-47f9-b6a0-9c7f26654c28:c3947, d1b6a90e-e817-40a7-bec1-608b5cc7d8b6:c3947]
2019-09-11 04:26:09,250 [grpc-default-executor-4] INFO  client.GrpcClientProtocolClient (GrpcClientProtocolClient.java:onNext(264)) - client-734BBEB428D7->a5e38e3e-c2ad-4348-acb9-3fc25cfb14dd: receive RaftClientReply:client-734BBEB428D7->a5e38e3e-c2ad-4348-acb9-3fc25cfb14dd@group-7000B19605CB, cid=2645, SUCCESS, logIndex=3949, commits[a5e38e3e-c2ad-4348-acb9-3fc25cfb14dd:c3949, 11e48d46-e648-47f9-b6a0-9c7f26654c28:c3947, d1b6a90e-e817-40a7-bec1-608b5cc7d8b6:c3947]
2019-09-11 04:26:09,263 [grpc-default-executor-4] INFO  client.GrpcClientProtocolClient (GrpcClientProtocolClient.java:onNext(264)) - client-734BBEB428D7->a5e38e3e-c2ad-4348-acb9-3fc25cfb14dd: receive RaftClientReply:client-734BBEB428D7->a5e38e3e-c2ad-4348-acb9-3fc25cfb14dd@group-7000B19605CB, cid=2646, SUCCESS, logIndex=3951, commits[a5e38e3e-c2ad-4348-acb9-3fc25cfb14dd:c3952, 11e48d46-e648-47f9-b6a0-9c7f26654c28:c3949, d1b6a90e-e817-40a7-bec1-608b5cc7d8b6:c3949]
2019-09-11 04:26:09,263 [grpc-default-executor-4] INFO  client.GrpcClientProtocolClient (GrpcClientProtocolClient.java:onNext(264)) - client-734BBEB428D7->a5e38e3e-c2ad-4348-acb9-3fc25cfb14dd: receive RaftClientReply:client-734BBEB428D7->a5e38e3e-c2ad-4348-acb9-3fc25cfb14dd@group-7000B19605CB, cid=2647, SUCCESS, logIndex=3952, commits[a5e38e3e-c2ad-4348-acb9-3fc25cfb14dd:c3952, 11e48d46-e648-47f9-b6a0-9c7f26654c28:c3949, d1b6a90e-e817-40a7-bec1-608b5cc7d8b6:c3949]
2019-09-11 04:26:09,266 [grpc-default-executor-4] INFO  client.GrpcClientProtocolClient (GrpcClientProtocolClient.java:onNext(264)) - client-734BBEB428D7->a5e38e3e-c2ad-4348-acb9-3fc25cfb14dd: receive RaftClientReply:client-734BBEB428D7->a5e38e3e-c2ad-4348-acb9-3fc25cfb14dd@group-7000B19605CB, cid=2648, SUCCESS, logIndex=0, commits[a5e38e3e-c2ad-4348-acb9-3fc25cfb14dd:c3954, 11e48d46-e648-47f9-b6a0-9c7f26654c28:c3952, d1b6a90e-e817-40a7-bec1-608b5cc7d8b6:c3952]
2019-09-11 04:26:09,292 [grpc-default-executor-2] INFO  client.GrpcClientProtocolClient (GrpcClientProtocolClient.java:onNext(264)) - client-734BBEB428D7->a5e38e3e-c2ad-4348-acb9-3fc25cfb14dd: receive RaftClientReply:client-734BBEB428D7->a5e38e3e-c2ad-4348-acb9-3fc25cfb14dd@group-7000B19605CB, cid=2649, SUCCESS, logIndex=3955, commits[a5e38e3e-c2ad-4348-acb9-3fc25cfb14dd:c3957, 11e48d46-e648-47f9-b6a0-9c7f26654c28:c3954, d1b6a90e-e817-40a7-bec1-608b5cc7d8b6:c3954]
2019-09-11 04:26:09,292 [grpc-default-executor-2] INFO  client.GrpcClientProtocolClient (GrpcClientProtocolClient.java:onNext(264)) - client-734BBEB428D7->a5e38e3e-c2ad-4348-acb9-3fc25cfb14dd: receive RaftClientReply:client-734BBEB428D7->a5e38e3e-c2ad-4348-acb9-3fc25cfb14dd@group-7000B19605CB, cid=2650, SUCCESS, logIndex=3956, commits[a5e38e3e-c2ad-4348-acb9-3fc25cfb14dd:c3958, 11e48d46-e648-47f9-b6a0-9c7f26654c28:c3954, d1b6a90e-e817-40a7-bec1-608b5cc7d8b6:c3954]
2019-09-11 04:26:09,293 [grpc-default-executor-2] INFO  client.GrpcClientProtocolClient (GrpcClientProtocolClient.java:onNext(264)) - client-734BBEB428D7->a5e38e3e-c2ad-4348-acb9-3fc25cfb14dd: receive RaftClientReply:client-734BBEB428D7->a5e38e3e-c2ad-4348-acb9-3fc25cfb14dd@group-7000B19605CB, cid=2651, SUCCESS, logIndex=3957, commits[a5e38e3e-c2ad-4348-acb9-3fc25cfb14dd:c3958, 11e48d46-e648-47f9-b6a0-9c7f26654c28:c3954, d1b6a90e-e817-40a7-bec1-608b5cc7d8b6:c3954]
2019-09-11 04:26:09,293 [grpc-default-executor-2] INFO  client.GrpcClientProtocolClient (GrpcClientProtocolClient.java:onNext(264)) - client-734BBEB428D7->a5e38e3e-c2ad-4348-acb9-3fc25cfb14dd: receive RaftClientReply:client-734BBEB428D7->a5e38e3e-c2ad-4348-acb9-3fc25cfb14dd@group-7000B19605CB, cid=2652, SUCCESS, logIndex=3958, commits[a5e38e3e-c2ad-4348-acb9-3fc25cfb14dd:c3958, 11e48d46-e648-47f9-b6a0-9c7f26654c28:c3954, d1b6a90e-e817-40a7-bec1-608b5cc7d8b6:c3954]
2019-09-11 04:26:09,294 [grpc-default-executor-4] INFO  client.GrpcClientProtocolClient (GrpcClientProtocolClient.java:onNext(264)) - client-734BBEB428D7->a5e38e3e-c2ad-4348-acb9-3fc25cfb14dd: receive RaftClientReply:client-734BBEB428D7->a5e38e3e-c2ad-4348-acb9-3fc25cfb14dd@group-7000B19605CB, cid=2653, SUCCESS, logIndex=0, commits[a5e38e3e-c2ad-4348-acb9-3fc25cfb14dd:c3960, 11e48d46-e648-47f9-b6a0-9c7f26654c28:c3956, d1b6a90e-e817-40a7-bec1-608b5cc7d8b6:c3956]
2019-09-11 04:26:09,314 [grpc-default-executor-2] INFO  client.GrpcClientProtocolClient (GrpcClientProtocolClient.java:onNext(264)) - client-734BBEB428D7->a5e38e3e-c2ad-4348-acb9-3fc25cfb14dd: receive RaftClientReply:client-734BBEB428D7->a5e38e3e-c2ad-4348-acb9-3fc25cfb14dd@group-7000B19605CB, cid=2654, SUCCESS, logIndex=3963, commits[a5e38e3e-c2ad-4348-acb9-3fc25cfb14dd:c3964, 11e48d46-e648-47f9-b6a0-9c7f26654c28:c3962, d1b6a90e-e817-40a7-bec1-608b5cc7d8b6:c3962]
2019-09-11 04:26:09,314 [grpc-default-executor-2] INFO  client.GrpcClientProtocolClient (GrpcClientProtocolClient.java:onNext(264)) - client-734BBEB428D7->a5e38e3e-c2ad-4348-acb9-3fc25cfb14dd: receive RaftClientReply:client-734BBEB428D7->a5e38e3e-c2ad-4348-acb9-3fc25cfb14dd@group-7000B19605CB, cid=2655, SUCCESS, logIndex=3964, commits[a5e38e3e-c2ad-4348-acb9-3fc25cfb14dd:c3964, 11e48d46-e648-47f9-b6a0-9c7f26654c28:c3962, d1b6a90e-e817-40a7-bec1-608b5cc7d8b6:c3962]
2019-09-11 04:26:09,494 [grpc-default-executor-1] INFO  client.GrpcClientProtocolClient (GrpcClientProtocolClient.java:onNext(264)) - client-734BBEB428D7->a5e38e3e-c2ad-4348-acb9-3fc25cfb14dd: receive RaftClientReply:client-734BBEB428D7->a5e38e3e-c2ad-4348-acb9-3fc25cfb14dd@group-7000B19605CB, cid=2656, SUCCESS, logIndex=3967, commits[a5e38e3e-c2ad-4348-acb9-3fc25cfb14dd:c3968, 11e48d46-e648-47f9-b6a0-9c7f26654c28:c3964, d1b6a90e-e817-40a7-bec1-608b5cc7d8b6:c3964]
2019-09-11 04:26:09,494 [grpc-default-executor-1] INFO  client.GrpcClientProtocolClient (GrpcClientProtocolClient.java:onNext(264)) - client-734BBEB428D7->a5e38e3e-c2ad-4348-acb9-3fc25cfb14dd: receive RaftClientReply:client-734BBEB428D7->a5e38e3e-c2ad-4348-acb9-3fc25cfb14dd@group-7000B19605CB, cid=2657, SUCCESS, logIndex=3968, commits[a5e38e3e-c2ad-4348-acb9-3fc25cfb14dd:c3968, 11e48d46-e648-47f9-b6a0-9c7f26654c28:c3964, d1b6a90e-e817-40a7-bec1-608b5cc7d8b6:c3964]
2019-09-11 04:26:09,497 [grpc-default-executor-1] INFO  client.GrpcClientProtocolClient (GrpcClientProtocolClient.java:onNext(264)) - client-734BBEB428D7->a5e38e3e-c2ad-4348-acb9-3fc25cfb14dd: receive RaftClientReply:client-734BBEB428D7->a5e38e3e-c2ad-4348-acb9-3fc25cfb14dd@group-7000B19605CB, cid=2658, SUCCESS, logIndex=0, commits[a5e38e3e-c2ad-4348-acb9-3fc25cfb14dd:c3970, 11e48d46-e648-47f9-b6a0-9c7f26654c28:c3968, d1b6a90e-e817-40a7-bec1-608b5cc7d8b6:c3968]
2019-09-11 04:26:09,530 [grpc-default-executor-3] INFO  client.GrpcClientProtocolClient (GrpcClientProtocolClient.java:onNext(264)) - client-734BBEB428D7->a5e38e3e-c2ad-4348-acb9-3fc25cfb14dd: receive RaftClientReply:client-734BBEB428D7->a5e38e3e-c2ad-4348-acb9-3fc25cfb14dd@group-7000B19605CB, cid=2659, SUCCESS, logIndex=3971, commits[a5e38e3e-c2ad-4348-acb9-3fc25cfb14dd:c3972, 11e48d46-e648-47f9-b6a0-9c7f26654c28:c3970, d1b6a90e-e817-40a7-bec1-608b5cc7d8b6:c3970]
2019-09-11 04:26:09,531 [grpc-default-executor-1] INFO  client.GrpcClientProtocolClient (GrpcClientProtocolClient.java:onNext(264)) - client-734BBEB428D7->a5e38e3e-c2ad-4348-acb9-3fc25cfb14dd: receive RaftClientReply:client-734BBEB428D7->a5e38e3e-c2ad-4348-acb9-3fc25cfb14dd@group-7000B19605CB, cid=2660, SUCCESS, logIndex=3972, commits[a5e38e3e-c2ad-4348-acb9-3fc25cfb14dd:c3974, 11e48d46-e648-47f9-b6a0-9c7f26654c28:c3970, d1b6a90e-e817-40a7-bec1-608b5cc7d8b6:c3970]
2019-09-11 04:26:09,531 [grpc-default-executor-1] INFO  client.GrpcClientProtocolClient (GrpcClientProtocolClient.java:onNext(264)) - client-734BBEB428D7->a5e38e3e-c2ad-4348-acb9-3fc25cfb14dd: receive RaftClientReply:client-734BBEB428D7->a5e38e3e-c2ad-4348-acb9-3fc25cfb14dd@group-7000B19605CB, cid=2661, SUCCESS, logIndex=3973, commits[a5e38e3e-c2ad-4348-acb9-3fc25cfb14dd:c3974, 11e48d46-e648-47f9-b6a0-9c7f26654c28:c3970, d1b6a90e-e817-40a7-bec1-608b5cc7d8b6:c3970]
2019-09-11 04:26:09,531 [grpc-default-executor-3] INFO  client.GrpcClientProtocolClient (GrpcClientProtocolClient.java:onNext(264)) - client-734BBEB428D7->a5e38e3e-c2ad-4348-acb9-3fc25cfb14dd: receive RaftClientReply:client-734BBEB428D7->a5e38e3e-c2ad-4348-acb9-3fc25cfb14dd@group-7000B19605CB, cid=2662, SUCCESS, logIndex=3974, commits[a5e38e3e-c2ad-4348-acb9-3fc25cfb14dd:c3974, 11e48d46-e648-47f9-b6a0-9c7f26654c28:c3970, d1b6a90e-e817-40a7-bec1-608b5cc7d8b6:c3970]
2019-09-11 04:26:09,533 [grpc-default-executor-3] INFO  client.GrpcClientProtocolClient (GrpcClientProtocolClient.java:onNext(264)) - client-734BBEB428D7->a5e38e3e-c2ad-4348-acb9-3fc25cfb14dd: receive RaftClientReply:client-734BBEB428D7->a5e38e3e-c2ad-4348-acb9-3fc25cfb14dd@group-7000B19605CB, cid=2663, SUCCESS, logIndex=0, commits[a5e38e3e-c2ad-4348-acb9-3fc25cfb14dd:c3978, 11e48d46-e648-47f9-b6a0-9c7f26654c28:c3974, d1b6a90e-e817-40a7-bec1-608b5cc7d8b6:c3973]
2019-09-11 04:26:09,554 [grpc-default-executor-3] INFO  client.GrpcClientProtocolClient (GrpcClientProtocolClient.java:onNext(264)) - client-734BBEB428D7->a5e38e3e-c2ad-4348-acb9-3fc25cfb14dd: receive RaftClientReply:client-734BBEB428D7->a5e38e3e-c2ad-4348-acb9-3fc25cfb14dd@group-7000B19605CB, cid=2664, SUCCESS, logIndex=3979, commits[a5e38e3e-c2ad-4348-acb9-3fc25cfb14dd:c3980, 11e48d46-e648-47f9-b6a0-9c7f26654c28:c3978, d1b6a90e-e817-40a7-bec1-608b5cc7d8b6:c3978]
2019-09-11 04:26:09,555 [grpc-default-executor-3] INFO  client.GrpcClientProtocolClient (GrpcClientProtocolClient.java:onNext(264)) - client-734BBEB428D7->a5e38e3e-c2ad-4348-acb9-3fc25cfb14dd: receive RaftClientReply:client-734BBEB428D7->a5e38e3e-c2ad-4348-acb9-3fc25cfb14dd@group-7000B19605CB, cid=2665, SUCCESS, logIndex=3980, commits[a5e38e3e-c2ad-4348-acb9-3fc25cfb14dd:c3980, 11e48d46-e648-47f9-b6a0-9c7f26654c28:c3978, d1b6a90e-e817-40a7-bec1-608b5cc7d8b6:c3978]
2019-09-11 04:26:09,567 [grpc-default-executor-1] INFO  client.GrpcClientProtocolClient (GrpcClientProtocolClient.java:onNext(264)) - client-734BBEB428D7->a5e38e3e-c2ad-4348-acb9-3fc25cfb14dd: receive RaftClientReply:client-734BBEB428D7->a5e38e3e-c2ad-4348-acb9-3fc25cfb14dd@group-7000B19605CB, cid=2666, SUCCESS, logIndex=3983, commits[a5e38e3e-c2ad-4348-acb9-3fc25cfb14dd:c3984, 11e48d46-e648-47f9-b6a0-9c7f26654c28:c3979, d1b6a90e-e817-40a7-bec1-608b5cc7d8b6:c3980]
2019-09-11 04:26:09,567 [grpc-default-executor-1] INFO  client.GrpcClientProtocolClient (GrpcClientProtocolClient.java:onNext(264)) - client-734BBEB428D7->a5e38e3e-c2ad-4348-acb9-3fc25cfb14dd: receive RaftClientReply:client-734BBEB428D7->a5e38e3e-c2ad-4348-acb9-3fc25cfb14dd@group-7000B19605CB, cid=2667, SUCCESS, logIndex=3984, commits[a5e38e3e-c2ad-4348-acb9-3fc25cfb14dd:c3984, 11e48d46-e648-47f9-b6a0-9c7f26654c28:c3979, d1b6a90e-e817-40a7-bec1-608b5cc7d8b6:c3980]
2019-09-11 04:26:09,569 [grpc-default-executor-1] INFO  client.GrpcClientProtocolClient (GrpcClientProtocolClient.java:onNext(264)) - client-734BBEB428D7->a5e38e3e-c2ad-4348-acb9-3fc25cfb14dd: receive RaftClientReply:client-734BBEB428D7->a5e38e3e-c2ad-4348-acb9-3fc25cfb14dd@group-7000B19605CB, cid=2668, SUCCESS, logIndex=0, commits[a5e38e3e-c2ad-4348-acb9-3fc25cfb14dd:c3984, 11e48d46-e648-47f9-b6a0-9c7f26654c28:c3980, d1b6a90e-e817-40a7-bec1-608b5cc7d8b6:c3980]
2019-09-11 04:26:09,571 [grpc-default-executor-1] INFO  client.GrpcClientProtocolClient (GrpcClientProtocolClient.java:onNext(264)) - client-734BBEB428D7->a5e38e3e-c2ad-4348-acb9-3fc25cfb14dd: receive RaftClientReply:client-734BBEB428D7->a5e38e3e-c2ad-4348-acb9-3fc25cfb14dd@group-7000B19605CB, cid=2669, SUCCESS, logIndex=0, commits[a5e38e3e-c2ad-4348-acb9-3fc25cfb14dd:c3986, 11e48d46-e648-47f9-b6a0-9c7f26654c28:c3984, d1b6a90e-e817-40a7-bec1-608b5cc7d8b6:c3984]
2019-09-11 04:26:09,600 [grpc-default-executor-3] INFO  client.GrpcClientProtocolClient (GrpcClientProtocolClient.java:onNext(264)) - client-734BBEB428D7->a5e38e3e-c2ad-4348-acb9-3fc25cfb14dd: receive RaftClientReply:client-734BBEB428D7->a5e38e3e-c2ad-4348-acb9-3fc25cfb14dd@group-7000B19605CB, cid=2670, SUCCESS, logIndex=3987, commits[a5e38e3e-c2ad-4348-acb9-3fc25cfb14dd:c3988, 11e48d46-e648-47f9-b6a0-9c7f26654c28:c3986, d1b6a90e-e817-40a7-bec1-608b5cc7d8b6:c3986]
2019-09-11 04:26:09,601 [grpc-default-executor-2] INFO  client.GrpcClientProtocolClient (GrpcClientProtocolClient.java:onNext(264)) - client-734BBEB428D7->a5e38e3e-c2ad-4348-acb9-3fc25cfb14dd: receive RaftClientReply:client-734BBEB428D7->a5e38e3e-c2ad-4348-acb9-3fc25cfb14dd@group-7000B19605CB, cid=2671, SUCCESS, logIndex=3988, commits[a5e38e3e-c2ad-4348-acb9-3fc25cfb14dd:c3988, 11e48d46-e648-47f9-b6a0-9c7f26654c28:c3986, d1b6a90e-e817-40a7-bec1-608b5cc7d8b6:c3986]
2019-09-11 04:26:09,601 [grpc-default-executor-2] INFO  client.GrpcClientProtocolClient (GrpcClientProtocolClient.java:onNext(264)) - client-734BBEB428D7->a5e38e3e-c2ad-4348-acb9-3fc25cfb14dd: receive RaftClientReply:client-734BBEB428D7->a5e38e3e-c2ad-4348-acb9-3fc25cfb14dd@group-7000B19605CB, cid=2672, SUCCESS, logIndex=3989, commits[a5e38e3e-c2ad-4348-acb9-3fc25cfb14dd:c3989, 11e48d46-e648-47f9-b6a0-9c7f26654c28:c3986, d1b6a90e-e817-40a7-bec1-608b5cc7d8b6:c3986]
2019-09-11 04:26:09,601 [grpc-default-executor-2] INFO  client.GrpcClientProtocolClient (GrpcClientProtocolClient.java:onNext(264)) - client-734BBEB428D7->a5e38e3e-c2ad-4348-acb9-3fc25cfb14dd: receive RaftClientReply:client-734BBEB428D7->a5e38e3e-c2ad-4348-acb9-3fc25cfb14dd@group-7000B19605CB, cid=2673, SUCCESS, logIndex=3990, commits[a5e38e3e-c2ad-4348-acb9-3fc25cfb14dd:c3990, 11e48d46-e648-47f9-b6a0-9c7f26654c28:c3986, d1b6a90e-e817-40a7-bec1-608b5cc7d8b6:c3986]
2019-09-11 04:26:09,603 [grpc-default-executor-1] INFO  client.GrpcClientProtocolClient (GrpcClientProtocolClient.java:onNext(264)) - client-734BBEB428D7->a5e38e3e-c2ad-4348-acb9-3fc25cfb14dd: receive RaftClientReply:client-734BBEB428D7->a5e38e3e-c2ad-4348-acb9-3fc25cfb14dd@group-7000B19605CB, cid=2674, SUCCESS, logIndex=0, commits[a5e38e3e-c2ad-4348-acb9-3fc25cfb14dd:c3994, 11e48d46-e648-47f9-b6a0-9c7f26654c28:c3988, d1b6a90e-e817-40a7-bec1-608b5cc7d8b6:c3990]
2019-09-11 04:26:09,623 [grpc-default-executor-3] INFO  client.GrpcClientProtocolClient (GrpcClientProtocolClient.java:onNext(264)) - client-734BBEB428D7->a5e38e3e-c2ad-4348-acb9-3fc25cfb14dd: receive RaftClientReply:client-734BBEB428D7->a5e38e3e-c2ad-4348-acb9-3fc25cfb14dd@group-7000B19605CB, cid=2675, SUCCESS, logIndex=3995, commits[a5e38e3e-c2ad-4348-acb9-3fc25cfb14dd:c3996, 11e48d46-e648-47f9-b6a0-9c7f26654c28:c3994, d1b6a90e-e817-40a7-bec1-608b5cc7d8b6:c3994]
2019-09-11 04:26:09,623 [grpc-default-executor-3] INFO  client.GrpcClientProtocolClient (GrpcClientProtocolClient.java:onNext(264)) - client-734BBEB428D7->a5e38e3e-c2ad-4348-acb9-3fc25cfb14dd: receive RaftClientReply:client-734BBEB428D7->a5e38e3e-c2ad-4348-acb9-3fc25cfb14dd@group-7000B19605CB, cid=2676, SUCCESS, logIndex=3996, commits[a5e38e3e-c2ad-4348-acb9-3fc25cfb14dd:c3996, 11e48d46-e648-47f9-b6a0-9c7f26654c28:c3994, d1b6a90e-e817-40a7-bec1-608b5cc7d8b6:c3994]
2019-09-11 04:26:09,636 [grpc-default-executor-4] INFO  client.GrpcClientProtocolClient (GrpcClientProtocolClient.java:onNext(264)) - client-734BBEB428D7->a5e38e3e-c2ad-4348-acb9-3fc25cfb14dd: receive RaftClientReply:client-734BBEB428D7->a5e38e3e-c2ad-4348-acb9-3fc25cfb14dd@group-7000B19605CB, cid=2677, SUCCESS, logIndex=3999, commits[a5e38e3e-c2ad-4348-acb9-3fc25cfb14dd:c4000, 11e48d46-e648-47f9-b6a0-9c7f26654c28:c3996, d1b6a90e-e817-40a7-bec1-608b5cc7d8b6:c3996]
2019-09-11 04:26:09,636 [grpc-default-executor-4] INFO  client.GrpcClientProtocolClient (GrpcClientProtocolClient.java:onNext(264)) - client-734BBEB428D7->a5e38e3e-c2ad-4348-acb9-3fc25cfb14dd: receive RaftClientReply:client-734BBEB428D7->a5e38e3e-c2ad-4348-acb9-3fc25cfb14dd@group-7000B19605CB, cid=2678, SUCCESS, logIndex=4000, commits[a5e38e3e-c2ad-4348-acb9-3fc25cfb14dd:c4000, 11e48d46-e648-47f9-b6a0-9c7f26654c28:c3996, d1b6a90e-e817-40a7-bec1-608b5cc7d8b6:c3996]
2019-09-11 04:26:09,649 [grpc-default-executor-4] INFO  client.GrpcClientProtocolClient (GrpcClientProtocolClient.java:onNext(264)) - client-734BBEB428D7->a5e38e3e-c2ad-4348-acb9-3fc25cfb14dd: receive RaftClientReply:client-734BBEB428D7->a5e38e3e-c2ad-4348-acb9-3fc25cfb14dd@group-7000B19605CB, cid=2679, SUCCESS, logIndex=0, commits[a5e38e3e-c2ad-4348-acb9-3fc25cfb14dd:c4002, 11e48d46-e648-47f9-b6a0-9c7f26654c28:c4000, d1b6a90e-e817-40a7-bec1-608b5cc7d8b6:c4000]
2019-09-11 04:26:09,680 [grpc-default-executor-4] INFO  client.GrpcClientProtocolClient (GrpcClientProtocolClient.java:onNext(264)) - client-734BBEB428D7->a5e38e3e-c2ad-4348-acb9-3fc25cfb14dd: receive RaftClientReply:client-734BBEB428D7->a5e38e3e-c2ad-4348-acb9-3fc25cfb14dd@group-7000B19605CB, cid=2680, SUCCESS, logIndex=4003, commits[a5e38e3e-c2ad-4348-acb9-3fc25cfb14dd:c4005, 11e48d46-e648-47f9-b6a0-9c7f26654c28:c4002, d1b6a90e-e817-40a7-bec1-608b5cc7d8b6:c4002]
2019-09-11 04:26:09,680 [grpc-default-executor-4] INFO  client.GrpcClientProtocolClient (GrpcClientProtocolClient.java:onNext(264)) - client-734BBEB428D7->a5e38e3e-c2ad-4348-acb9-3fc25cfb14dd: receive RaftClientReply:client-734BBEB428D7->a5e38e3e-c2ad-4348-acb9-3fc25cfb14dd@group-7000B19605CB, cid=2681, SUCCESS, logIndex=4004, commits[a5e38e3e-c2ad-4348-acb9-3fc25cfb14dd:c4006, 11e48d46-e648-47f9-b6a0-9c7f26654c28:c4002, d1b6a90e-e817-40a7-bec1-608b5cc7d8b6:c4002]
2019-09-11 04:26:09,680 [grpc-default-executor-4] INFO  client.GrpcClientProtocolClient (GrpcClientProtocolClient.java:onNext(264)) - client-734BBEB428D7->a5e38e3e-c2ad-4348-acb9-3fc25cfb14dd: receive RaftClientReply:client-734BBEB428D7->a5e38e3e-c2ad-4348-acb9-3fc25cfb14dd@group-7000B19605CB, cid=2682, SUCCESS, logIndex=4005, commits[a5e38e3e-c2ad-4348-acb9-3fc25cfb14dd:c4006, 11e48d46-e648-47f9-b6a0-9c7f26654c28:c4002, d1b6a90e-e817-40a7-bec1-608b5cc7d8b6:c4002]
2019-09-11 04:26:09,681 [grpc-default-executor-4] INFO  client.GrpcClientProtocolClient (GrpcClientProtocolClient.java:onNext(264)) - client-734BBEB428D7->a5e38e3e-c2ad-4348-acb9-3fc25cfb14dd: receive RaftClientReply:client-734BBEB428D7->a5e38e3e-c2ad-4348-acb9-3fc25cfb14dd@group-7000B19605CB, cid=2683, SUCCESS, logIndex=4006, commits[a5e38e3e-c2ad-4348-acb9-3fc25cfb14dd:c4006, 11e48d46-e648-47f9-b6a0-9c7f26654c28:c4002, d1b6a90e-e817-40a7-bec1-608b5cc7d8b6:c4002]
2019-09-11 04:26:09,692 [grpc-default-executor-4] INFO  client.GrpcClientProtocolClient (GrpcClientProtocolClient.java:onNext(264)) - client-734BBEB428D7->a5e38e3e-c2ad-4348-acb9-3fc25cfb14dd: receive RaftClientReply:client-734BBEB428D7->a5e38e3e-c2ad-4348-acb9-3fc25cfb14dd@group-7000B19605CB, cid=2684, SUCCESS, logIndex=0, commits[a5e38e3e-c2ad-4348-acb9-3fc25cfb14dd:c4008, 11e48d46-e648-47f9-b6a0-9c7f26654c28:c4004, d1b6a90e-e817-40a7-bec1-608b5cc7d8b6:c4004]
2019-09-11 04:26:09,712 [grpc-default-executor-1] INFO  client.GrpcClientProtocolClient (GrpcClientProtocolClient.java:onNext(264)) - client-734BBEB428D7->a5e38e3e-c2ad-4348-acb9-3fc25cfb14dd: receive RaftClientReply:client-734BBEB428D7->a5e38e3e-c2ad-4348-acb9-3fc25cfb14dd@group-7000B19605CB, cid=2685, SUCCESS, logIndex=4011, commits[a5e38e3e-c2ad-4348-acb9-3fc25cfb14dd:c4012, 11e48d46-e648-47f9-b6a0-9c7f26654c28:c4010, d1b6a90e-e817-40a7-bec1-608b5cc7d8b6:c4010]
2019-09-11 04:26:09,713 [grpc-default-executor-1] INFO  client.GrpcClientProtocolClient (GrpcClientProtocolClient.java:onNext(264)) - client-734BBEB428D7->a5e38e3e-c2ad-4348-acb9-3fc25cfb14dd: receive RaftClientReply:client-734BBEB428D7->a5e38e3e-c2ad-4348-acb9-3fc25cfb14dd@group-7000B19605CB, cid=2686, SUCCESS, logIndex=4012, commits[a5e38e3e-c2ad-4348-acb9-3fc25cfb14dd:c4012, 11e48d46-e648-47f9-b6a0-9c7f26654c28:c4010, d1b6a90e-e817-40a7-bec1-608b5cc7d8b6:c4010]
2019-09-11 04:26:09,730 [grpc-default-executor-2] INFO  client.GrpcClientProtocolClient (GrpcClientProtocolClient.java:onNext(264)) - client-734BBEB428D7->a5e38e3e-c2ad-4348-acb9-3fc25cfb14dd: receive RaftClientReply:client-734BBEB428D7->a5e38e3e-c2ad-4348-acb9-3fc25cfb14dd@group-7000B19605CB, cid=2687, SUCCESS, logIndex=4015, commits[a5e38e3e-c2ad-4348-acb9-3fc25cfb14dd:c4016, 11e48d46-e648-47f9-b6a0-9c7f26654c28:c4014, d1b6a90e-e817-40a7-bec1-608b5cc7d8b6:c4014]
2019-09-11 04:26:09,731 [grpc-default-executor-2] INFO  client.GrpcClientProtocolClient (GrpcClientProtocolClient.java:onNext(264)) - client-734BBEB428D7->a5e38e3e-c2ad-4348-acb9-3fc25cfb14dd: receive RaftClientReply:client-734BBEB428D7->a5e38e3e-c2ad-4348-acb9-3fc25cfb14dd@group-7000B19605CB, cid=2688, SUCCESS, logIndex=4016, commits[a5e38e3e-c2ad-4348-acb9-3fc25cfb14dd:c4016, 11e48d46-e648-47f9-b6a0-9c7f26654c28:c4014, d1b6a90e-e817-40a7-bec1-608b5cc7d8b6:c4014]
2019-09-11 04:26:09,742 [grpc-default-executor-4] INFO  client.GrpcClientProtocolClient (GrpcClientProtocolClient.java:onNext(264)) - client-734BBEB428D7->a5e38e3e-c2ad-4348-acb9-3fc25cfb14dd: receive RaftClientReply:client-734BBEB428D7->a5e38e3e-c2ad-4348-acb9-3fc25cfb14dd@group-7000B19605CB, cid=2689, SUCCESS, logIndex=0, commits[a5e38e3e-c2ad-4348-acb9-3fc25cfb14dd:c4018, 11e48d46-e648-47f9-b6a0-9c7f26654c28:c4016, d1b6a90e-e817-40a7-bec1-608b5cc7d8b6:c4016]
2019-09-11 04:26:09,766 [grpc-default-executor-4] INFO  client.GrpcClientProtocolClient (GrpcClientProtocolClient.java:onNext(264)) - client-734BBEB428D7->a5e38e3e-c2ad-4348-acb9-3fc25cfb14dd: receive RaftClientReply:client-734BBEB428D7->a5e38e3e-c2ad-4348-acb9-3fc25cfb14dd@group-7000B19605CB, cid=2690, SUCCESS, logIndex=4019, commits[a5e38e3e-c2ad-4348-acb9-3fc25cfb14dd:c4020, 11e48d46-e648-47f9-b6a0-9c7f26654c28:c4018, d1b6a90e-e817-40a7-bec1-608b5cc7d8b6:c4018]
2019-09-11 04:26:09,767 [grpc-default-executor-4] INFO  client.GrpcClientProtocolClient (GrpcClientProtocolClient.java:onNext(264)) - client-734BBEB428D7->a5e38e3e-c2ad-4348-acb9-3fc25cfb14dd: receive RaftClientReply:client-734BBEB428D7->a5e38e3e-c2ad-4348-acb9-3fc25cfb14dd@group-7000B19605CB, cid=2691, SUCCESS, logIndex=4020, commits[a5e38e3e-c2ad-4348-acb9-3fc25cfb14dd:c4020, 11e48d46-e648-47f9-b6a0-9c7f26654c28:c4018, d1b6a90e-e817-40a7-bec1-608b5cc7d8b6:c4018]
2019-09-11 04:26:09,767 [grpc-default-executor-4] INFO  client.GrpcClientProtocolClient (GrpcClientProtocolClient.java:onNext(264)) - client-734BBEB428D7->a5e38e3e-c2ad-4348-acb9-3fc25cfb14dd: receive RaftClientReply:client-734BBEB428D7->a5e38e3e-c2ad-4348-acb9-3fc25cfb14dd@group-7000B19605CB, cid=2692, SUCCESS, logIndex=4021, commits[a5e38e3e-c2ad-4348-acb9-3fc25cfb14dd:c4021, 11e48d46-e648-47f9-b6a0-9c7f26654c28:c4018, d1b6a90e-e817-40a7-bec1-608b5cc7d8b6:c4018]
2019-09-11 04:26:09,768 [grpc-default-executor-1] INFO  client.GrpcClientProtocolClient (GrpcClientProtocolClient.java:onNext(264)) - client-734BBEB428D7->a5e38e3e-c2ad-4348-acb9-3fc25cfb14dd: receive RaftClientReply:client-734BBEB428D7->a5e38e3e-c2ad-4348-acb9-3fc25cfb14dd@group-7000B19605CB, cid=2693, SUCCESS, logIndex=4022, commits[a5e38e3e-c2ad-4348-acb9-3fc25cfb14dd:c4022, 11e48d46-e648-47f9-b6a0-9c7f26654c28:c4018, d1b6a90e-e817-40a7-bec1-608b5cc7d8b6:c4018]
2019-09-11 04:26:09,769 [grpc-default-executor-1] INFO  client.GrpcClientProtocolClient (GrpcClientProtocolClient.java:onNext(264)) - client-734BBEB428D7->a5e38e3e-c2ad-4348-acb9-3fc25cfb14dd: receive RaftClientReply:client-734BBEB428D7->a5e38e3e-c2ad-4348-acb9-3fc25cfb14dd@group-7000B19605CB, cid=2694, SUCCESS, logIndex=0, commits[a5e38e3e-c2ad-4348-acb9-3fc25cfb14dd:c4024, 11e48d46-e648-47f9-b6a0-9c7f26654c28:c4020, d1b6a90e-e817-40a7-bec1-608b5cc7d8b6:c4020]
2019-09-11 04:26:09,788 [grpc-default-executor-4] INFO  client.GrpcClientProtocolClient (GrpcClientProtocolClient.java:onNext(264)) - client-734BBEB428D7->a5e38e3e-c2ad-4348-acb9-3fc25cfb14dd: receive RaftClientReply:client-734BBEB428D7->a5e38e3e-c2ad-4348-acb9-3fc25cfb14dd@group-7000B19605CB, cid=2695, SUCCESS, logIndex=4027, commits[a5e38e3e-c2ad-4348-acb9-3fc25cfb14dd:c4028, 11e48d46-e648-47f9-b6a0-9c7f26654c28:c4026, d1b6a90e-e817-40a7-bec1-608b5cc7d8b6:c4026]
2019-09-11 04:26:09,788 [grpc-default-executor-4] INFO  client.GrpcClientProtocolClient (GrpcClientProtocolClient.java:onNext(264)) - client-734BBEB428D7->a5e38e3e-c2ad-4348-acb9-3fc25cfb14dd: receive RaftClientReply:client-734BBEB428D7->a5e38e3e-c2ad-4348-acb9-3fc25cfb14dd@group-7000B19605CB, cid=2696, SUCCESS, logIndex=4028, commits[a5e38e3e-c2ad-4348-acb9-3fc25cfb14dd:c4028, 11e48d46-e648-47f9-b6a0-9c7f26654c28:c4026, d1b6a90e-e817-40a7-bec1-608b5cc7d8b6:c4026]
2019-09-11 04:26:09,800 [grpc-default-executor-1] INFO  client.GrpcClientProtocolClient (GrpcClientProtocolClient.java:onNext(264)) - client-734BBEB428D7->a5e38e3e-c2ad-4348-acb9-3fc25cfb14dd: receive RaftClientReply:client-734BBEB428D7->a5e38e3e-c2ad-4348-acb9-3fc25cfb14dd@group-7000B19605CB, cid=2697, SUCCESS, logIndex=4031, commits[a5e38e3e-c2ad-4348-acb9-3fc25cfb14dd:c4032, 11e48d46-e648-47f9-b6a0-9c7f26654c28:c4028, d1b6a90e-e817-40a7-bec1-608b5cc7d8b6:c4028]
2019-09-11 04:26:09,800 [grpc-default-executor-1] INFO  client.GrpcClientProtocolClient (GrpcClientProtocolClient.java:onNext(264)) - client-734BBEB428D7->a5e38e3e-c2ad-4348-acb9-3fc25cfb14dd: receive RaftClientReply:client-734BBEB428D7->a5e38e3e-c2ad-4348-acb9-3fc25cfb14dd@group-7000B19605CB, cid=2698, SUCCESS, logIndex=4032, commits[a5e38e3e-c2ad-4348-acb9-3fc25cfb14dd:c4032, 11e48d46-e648-47f9-b6a0-9c7f26654c28:c4028, d1b6a90e-e817-40a7-bec1-608b5cc7d8b6:c4028]
2019-09-11 04:26:09,813 [grpc-default-executor-1] INFO  client.GrpcClientProtocolClient (GrpcClientProtocolClient.java:onNext(264)) - client-734BBEB428D7->a5e38e3e-c2ad-4348-acb9-3fc25cfb14dd: receive RaftClientReply:client-734BBEB428D7->a5e38e3e-c2ad-4348-acb9-3fc25cfb14dd@group-7000B19605CB, cid=2699, SUCCESS, logIndex=0, commits[a5e38e3e-c2ad-4348-acb9-3fc25cfb14dd:c4034, 11e48d46-e648-47f9-b6a0-9c7f26654c28:c4032, d1b6a90e-e817-40a7-bec1-608b5cc7d8b6:c4032]
2019-09-11 04:26:09,854 [grpc-default-executor-4] INFO  client.GrpcClientProtocolClient (GrpcClientProtocolClient.java:onNext(264)) - client-734BBEB428D7->a5e38e3e-c2ad-4348-acb9-3fc25cfb14dd: receive RaftClientReply:client-734BBEB428D7->a5e38e3e-c2ad-4348-acb9-3fc25cfb14dd@group-7000B19605CB, cid=2700, SUCCESS, logIndex=4035, commits[a5e38e3e-c2ad-4348-acb9-3fc25cfb14dd:c4036, 11e48d46-e648-47f9-b6a0-9c7f26654c28:c4034, d1b6a90e-e817-40a7-bec1-608b5cc7d8b6:c4034]
2019-09-11 04:26:09,854 [grpc-default-executor-4] INFO  client.GrpcClientProtocolClient (GrpcClientProtocolClient.java:onNext(264)) - client-734BBEB428D7->a5e38e3e-c2ad-4348-acb9-3fc25cfb14dd: receive RaftClientReply:client-734BBEB428D7->a5e38e3e-c2ad-4348-acb9-3fc25cfb14dd@group-7000B19605CB, cid=2701, SUCCESS, logIndex=4036, commits[a5e38e3e-c2ad-4348-acb9-3fc25cfb14dd:c4036, 11e48d46-e648-47f9-b6a0-9c7f26654c28:c4034, d1b6a90e-e817-40a7-bec1-608b5cc7d8b6:c4034]
2019-09-11 04:26:09,864 [grpc-default-executor-4] INFO  client.GrpcClientProtocolClient (GrpcClientProtocolClient.java:onNext(264)) - client-734BBEB428D7->a5e38e3e-c2ad-4348-acb9-3fc25cfb14dd: receive RaftClientReply:client-734BBEB428D7->a5e38e3e-c2ad-4348-acb9-3fc25cfb14dd@group-7000B19605CB, cid=2702, SUCCESS, logIndex=4037, commits[a5e38e3e-c2ad-4348-acb9-3fc25cfb14dd:c4038, 11e48d46-e648-47f9-b6a0-9c7f26654c28:c4034, d1b6a90e-e817-40a7-bec1-608b5cc7d8b6:c4034]
2019-09-11 04:26:09,864 [grpc-default-executor-4] INFO  client.GrpcClientProtocolClient (GrpcClientProtocolClient.java:onNext(264)) - client-734BBEB428D7->a5e38e3e-c2ad-4348-acb9-3fc25cfb14dd: receive RaftClientReply:client-734BBEB428D7->a5e38e3e-c2ad-4348-acb9-3fc25cfb14dd@group-7000B19605CB, cid=2703, SUCCESS, logIndex=4038, commits[a5e38e3e-c2ad-4348-acb9-3fc25cfb14dd:c4038, 11e48d46-e648-47f9-b6a0-9c7f26654c28:c4034, d1b6a90e-e817-40a7-bec1-608b5cc7d8b6:c4034]
2019-09-11 04:26:09,866 [grpc-default-executor-1] INFO  client.GrpcClientProtocolClient (GrpcClientProtocolClient.java:onNext(264)) - client-734BBEB428D7->a5e38e3e-c2ad-4348-acb9-3fc25cfb14dd: receive RaftClientReply:client-734BBEB428D7->a5e38e3e-c2ad-4348-acb9-3fc25cfb14dd@group-7000B19605CB, cid=2704, SUCCESS, logIndex=0, commits[a5e38e3e-c2ad-4348-acb9-3fc25cfb14dd:c4039, 11e48d46-e648-47f9-b6a0-9c7f26654c28:c4036, d1b6a90e-e817-40a7-bec1-608b5cc7d8b6:c4036]
2019-09-11 04:26:09,885 [grpc-default-executor-1] INFO  client.GrpcClientProtocolClient (GrpcClientProtocolClient.java:onNext(264)) - client-734BBEB428D7->a5e38e3e-c2ad-4348-acb9-3fc25cfb14dd: receive RaftClientReply:client-734BBEB428D7->a5e38e3e-c2ad-4348-acb9-3fc25cfb14dd@group-7000B19605CB, cid=2705, SUCCESS, logIndex=4042, commits[a5e38e3e-c2ad-4348-acb9-3fc25cfb14dd:c4043, 11e48d46-e648-47f9-b6a0-9c7f26654c28:c4041, d1b6a90e-e817-40a7-bec1-608b5cc7d8b6:c4041]
2019-09-11 04:26:09,885 [grpc-default-executor-1] INFO  client.GrpcClientProtocolClient (GrpcClientProtocolClient.java:onNext(264)) - client-734BBEB428D7->a5e38e3e-c2ad-4348-acb9-3fc25cfb14dd: receive RaftClientReply:client-734BBEB428D7->a5e38e3e-c2ad-4348-acb9-3fc25cfb14dd@group-7000B19605CB, cid=2706, SUCCESS, logIndex=4043, commits[a5e38e3e-c2ad-4348-acb9-3fc25cfb14dd:c4043, 11e48d46-e648-47f9-b6a0-9c7f26654c28:c4041, d1b6a90e-e817-40a7-bec1-608b5cc7d8b6:c4041]
2019-09-11 04:26:09,898 [grpc-default-executor-1] INFO  client.GrpcClientProtocolClient (GrpcClientProtocolClient.java:onNext(264)) - client-734BBEB428D7->a5e38e3e-c2ad-4348-acb9-3fc25cfb14dd: receive RaftClientReply:client-734BBEB428D7->a5e38e3e-c2ad-4348-acb9-3fc25cfb14dd@group-7000B19605CB, cid=2707, SUCCESS, logIndex=4046, commits[a5e38e3e-c2ad-4348-acb9-3fc25cfb14dd:c4047, 11e48d46-e648-47f9-b6a0-9c7f26654c28:c4043, d1b6a90e-e817-40a7-bec1-608b5cc7d8b6:c4043]
2019-09-11 04:26:09,898 [grpc-default-executor-1] INFO  client.GrpcClientProtocolClient (GrpcClientProtocolClient.java:onNext(264)) - client-734BBEB428D7->a5e38e3e-c2ad-4348-acb9-3fc25cfb14dd: receive RaftClientReply:client-734BBEB428D7->a5e38e3e-c2ad-4348-acb9-3fc25cfb14dd@group-7000B19605CB, cid=2708, SUCCESS, logIndex=4047, commits[a5e38e3e-c2ad-4348-acb9-3fc25cfb14dd:c4047, 11e48d46-e648-47f9-b6a0-9c7f26654c28:c4043, d1b6a90e-e817-40a7-bec1-608b5cc7d8b6:c4043]
2019-09-11 04:26:09,910 [grpc-default-executor-1] INFO  client.GrpcClientProtocolClient (GrpcClientProtocolClient.java:onNext(264)) - client-734BBEB428D7->a5e38e3e-c2ad-4348-acb9-3fc25cfb14dd: receive RaftClientReply:client-734BBEB428D7->a5e38e3e-c2ad-4348-acb9-3fc25cfb14dd@group-7000B19605CB, cid=2709, SUCCESS, logIndex=0, commits[a5e38e3e-c2ad-4348-acb9-3fc25cfb14dd:c4048, 11e48d46-e648-47f9-b6a0-9c7f26654c28:c4047, d1b6a90e-e817-40a7-bec1-608b5cc7d8b6:c4047]
2019-09-11 04:26:09,938 [grpc-default-executor-4] INFO  client.GrpcClientProtocolClient (GrpcClientProtocolClient.java:onNext(264)) - client-734BBEB428D7->a5e38e3e-c2ad-4348-acb9-3fc25cfb14dd: receive RaftClientReply:client-734BBEB428D7->a5e38e3e-c2ad-4348-acb9-3fc25cfb14dd@group-7000B19605CB, cid=2710, SUCCESS, logIndex=4050, commits[a5e38e3e-c2ad-4348-acb9-3fc25cfb14dd:c4051, 11e48d46-e648-47f9-b6a0-9c7f26654c28:c4049, d1b6a90e-e817-40a7-bec1-608b5cc7d8b6:c4049]
2019-09-11 04:26:09,938 [grpc-default-executor-1] INFO  client.GrpcClientProtocolClient (GrpcClientProtocolClient.java:onNext(264)) - client-734BBEB428D7->a5e38e3e-c2ad-4348-acb9-3fc25cfb14dd: receive RaftClientReply:client-734BBEB428D7->a5e38e3e-c2ad-4348-acb9-3fc25cfb14dd@group-7000B19605CB, cid=2711, SUCCESS, logIndex=4051, commits[a5e38e3e-c2ad-4348-acb9-3fc25cfb14dd:c4053, 11e48d46-e648-47f9-b6a0-9c7f26654c28:c4049, d1b6a90e-e817-40a7-bec1-608b5cc7d8b6:c4049]
2019-09-11 04:26:09,938 [grpc-default-executor-1] INFO  client.GrpcClientProtocolClient (GrpcClientProtocolClient.java:onNext(264)) - client-734BBEB428D7->a5e38e3e-c2ad-4348-acb9-3fc25cfb14dd: receive RaftClientReply:client-734BBEB428D7->a5e38e3e-c2ad-4348-acb9-3fc25cfb14dd@group-7000B19605CB, cid=2712, SUCCESS, logIndex=4052, commits[a5e38e3e-c2ad-4348-acb9-3fc25cfb14dd:c4053, 11e48d46-e648-47f9-b6a0-9c7f26654c28:c4049, d1b6a90e-e817-40a7-bec1-608b5cc7d8b6:c4049]
2019-09-11 04:26:09,939 [grpc-default-executor-1] INFO  client.GrpcClientProtocolClient (GrpcClientProtocolClient.java:onNext(264)) - client-734BBEB428D7->a5e38e3e-c2ad-4348-acb9-3fc25cfb14dd: receive RaftClientReply:client-734BBEB428D7->a5e38e3e-c2ad-4348-acb9-3fc25cfb14dd@group-7000B19605CB, cid=2713, SUCCESS, logIndex=4053, commits[a5e38e3e-c2ad-4348-acb9-3fc25cfb14dd:c4053, 11e48d46-e648-47f9-b6a0-9c7f26654c28:c4049, d1b6a90e-e817-40a7-bec1-608b5cc7d8b6:c4049]
2019-09-11 04:26:09,940 [grpc-default-executor-1] INFO  client.GrpcClientProtocolClient (GrpcClientProtocolClient.java:onNext(264)) - client-734BBEB428D7->a5e38e3e-c2ad-4348-acb9-3fc25cfb14dd: receive RaftClientReply:client-734BBEB428D7->a5e38e3e-c2ad-4348-acb9-3fc25cfb14dd@group-7000B19605CB, cid=2714, SUCCESS, logIndex=0, commits[a5e38e3e-c2ad-4348-acb9-3fc25cfb14dd:c4057, 11e48d46-e648-47f9-b6a0-9c7f26654c28:c4051, d1b6a90e-e817-40a7-bec1-608b5cc7d8b6:c4053]
2019-09-11 04:26:09,959 [grpc-default-executor-4] INFO  client.GrpcClientProtocolClient (GrpcClientProtocolClient.java:onNext(264)) - client-734BBEB428D7->a5e38e3e-c2ad-4348-acb9-3fc25cfb14dd: receive RaftClientReply:client-734BBEB428D7->a5e38e3e-c2ad-4348-acb9-3fc25cfb14dd@group-7000B19605CB, cid=2715, SUCCESS, logIndex=4058, commits[a5e38e3e-c2ad-4348-acb9-3fc25cfb14dd:c4059, 11e48d46-e648-47f9-b6a0-9c7f26654c28:c4057, d1b6a90e-e817-40a7-bec1-608b5cc7d8b6:c4057]
2019-09-11 04:26:09,960 [grpc-default-executor-4] INFO  client.GrpcClientProtocolClient (GrpcClientProtocolClient.java:onNext(264)) - client-734BBEB428D7->a5e38e3e-c2ad-4348-acb9-3fc25cfb14dd: receive RaftClientReply:client-734BBEB428D7->a5e38e3e-c2ad-4348-acb9-3fc25cfb14dd@group-7000B19605CB, cid=2716, SUCCESS, logIndex=4059, commits[a5e38e3e-c2ad-4348-acb9-3fc25cfb14dd:c4059, 11e48d46-e648-47f9-b6a0-9c7f26654c28:c4057, d1b6a90e-e817-40a7-bec1-608b5cc7d8b6:c4057]
2019-09-11 04:26:09,971 [grpc-default-executor-1] INFO  client.GrpcClientProtocolClient (GrpcClientProtocolClient.java:onNext(264)) - client-734BBEB428D7->a5e38e3e-c2ad-4348-acb9-3fc25cfb14dd: receive RaftClientReply:client-734BBEB428D7->a5e38e3e-c2ad-4348-acb9-3fc25cfb14dd@group-7000B19605CB, cid=2717, SUCCESS, logIndex=4062, commits[a5e38e3e-c2ad-4348-acb9-3fc25cfb14dd:c4063, 11e48d46-e648-47f9-b6a0-9c7f26654c28:c4059, d1b6a90e-e817-40a7-bec1-608b5cc7d8b6:c4059]
2019-09-11 04:26:09,971 [grpc-default-executor-1] INFO  client.GrpcClientProtocolClient (GrpcClientProtocolClient.java:onNext(264)) - client-734BBEB428D7->a5e38e3e-c2ad-4348-acb9-3fc25cfb14dd: receive RaftClientReply:client-734BBEB428D7->a5e38e3e-c2ad-4348-acb9-3fc25cfb14dd@group-7000B19605CB, cid=2718, SUCCESS, logIndex=4063, commits[a5e38e3e-c2ad-4348-acb9-3fc25cfb14dd:c4063, 11e48d46-e648-47f9-b6a0-9c7f26654c28:c4059, d1b6a90e-e817-40a7-bec1-608b5cc7d8b6:c4059]
2019-09-11 04:26:09,983 [grpc-default-executor-1] INFO  client.GrpcClientProtocolClient (GrpcClientProtocolClient.java:onNext(264)) - client-734BBEB428D7->a5e38e3e-c2ad-4348-acb9-3fc25cfb14dd: receive RaftClientReply:client-734BBEB428D7->a5e38e3e-c2ad-4348-acb9-3fc25cfb14dd@group-7000B19605CB, cid=2719, SUCCESS, logIndex=0, commits[a5e38e3e-c2ad-4348-acb9-3fc25cfb14dd:c4065, 11e48d46-e648-47f9-b6a0-9c7f26654c28:c4063, d1b6a90e-e817-40a7-bec1-608b5cc7d8b6:c4063]
2019-09-11 04:26:10,008 [grpc-default-executor-2] INFO  client.GrpcClientProtocolClient (GrpcClientProtocolClient.java:onNext(264)) - client-734BBEB428D7->a5e38e3e-c2ad-4348-acb9-3fc25cfb14dd: receive RaftClientReply:client-734BBEB428D7->a5e38e3e-c2ad-4348-acb9-3fc25cfb14dd@group-7000B19605CB, cid=2720, SUCCESS, logIndex=4066, commits[a5e38e3e-c2ad-4348-acb9-3fc25cfb14dd:c4066, 11e48d46-e648-47f9-b6a0-9c7f26654c28:c4065, d1b6a90e-e817-40a7-bec1-608b5cc7d8b6:c4065]
2019-09-11 04:26:10,008 [grpc-default-executor-2] INFO  client.GrpcClientProtocolClient (GrpcClientProtocolClient.java:onNext(264)) - client-734BBEB428D7->a5e38e3e-c2ad-4348-acb9-3fc25cfb14dd: receive RaftClientReply:client-734BBEB428D7->a5e38e3e-c2ad-4348-acb9-3fc25cfb14dd@group-7000B19605CB, cid=2721, SUCCESS, logIndex=4067, commits[a5e38e3e-c2ad-4348-acb9-3fc25cfb14dd:c4069, 11e48d46-e648-47f9-b6a0-9c7f26654c28:c4065, d1b6a90e-e817-40a7-bec1-608b5cc7d8b6:c4065]
2019-09-11 04:26:10,011 [grpc-default-executor-1] INFO  client.GrpcClientProtocolClient (GrpcClientProtocolClient.java:onNext(264)) - client-734BBEB428D7->a5e38e3e-c2ad-4348-acb9-3fc25cfb14dd: receive RaftClientReply:client-734BBEB428D7->a5e38e3e-c2ad-4348-acb9-3fc25cfb14dd@group-7000B19605CB, cid=2722, SUCCESS, logIndex=4068, commits[a5e38e3e-c2ad-4348-acb9-3fc25cfb14dd:c4069, 11e48d46-e648-47f9-b6a0-9c7f26654c28:c4065, d1b6a90e-e817-40a7-bec1-608b5cc7d8b6:c4065]
2019-09-11 04:26:10,011 [grpc-default-executor-1] INFO  client.GrpcClientProtocolClient (GrpcClientProtocolClient.java:onNext(264)) - client-734BBEB428D7->a5e38e3e-c2ad-4348-acb9-3fc25cfb14dd: receive RaftClientReply:client-734BBEB428D7->a5e38e3e-c2ad-4348-acb9-3fc25cfb14dd@group-7000B19605CB, cid=2723, SUCCESS, logIndex=4069, commits[a5e38e3e-c2ad-4348-acb9-3fc25cfb14dd:c4069, 11e48d46-e648-47f9-b6a0-9c7f26654c28:c4065, d1b6a90e-e817-40a7-bec1-608b5cc7d8b6:c4065]
2019-09-11 04:26:10,022 [grpc-default-executor-1] INFO  client.GrpcClientProtocolClient (GrpcClientProtocolClient.java:onNext(264)) - client-734BBEB428D7->a5e38e3e-c2ad-4348-acb9-3fc25cfb14dd: receive RaftClientReply:client-734BBEB428D7->a5e38e3e-c2ad-4348-acb9-3fc25cfb14dd@group-7000B19605CB, cid=2724, SUCCESS, logIndex=0, commits[a5e38e3e-c2ad-4348-acb9-3fc25cfb14dd:c4071, 11e48d46-e648-47f9-b6a0-9c7f26654c28:c4069, d1b6a90e-e817-40a7-bec1-608b5cc7d8b6:c4069]
2019-09-11 04:26:10,040 [grpc-default-executor-4] INFO  client.GrpcClientProtocolClient (GrpcClientProtocolClient.java:onNext(264)) - client-734BBEB428D7->a5e38e3e-c2ad-4348-acb9-3fc25cfb14dd: receive RaftClientReply:client-734BBEB428D7->a5e38e3e-c2ad-4348-acb9-3fc25cfb14dd@group-7000B19605CB, cid=2725, SUCCESS, logIndex=4072, commits[a5e38e3e-c2ad-4348-acb9-3fc25cfb14dd:c4073, 11e48d46-e648-47f9-b6a0-9c7f26654c28:c4071, d1b6a90e-e817-40a7-bec1-608b5cc7d8b6:c4071]
2019-09-11 04:26:10,040 [grpc-default-executor-4] INFO  client.GrpcClientProtocolClient (GrpcClientProtocolClient.java:onNext(264)) - client-734BBEB428D7->a5e38e3e-c2ad-4348-acb9-3fc25cfb14dd: receive RaftClientReply:client-734BBEB428D7->a5e38e3e-c2ad-4348-acb9-3fc25cfb14dd@group-7000B19605CB, cid=2726, SUCCESS, logIndex=4073, commits[a5e38e3e-c2ad-4348-acb9-3fc25cfb14dd:c4073, 11e48d46-e648-47f9-b6a0-9c7f26654c28:c4071, d1b6a90e-e817-40a7-bec1-608b5cc7d8b6:c4071]
2019-09-11 04:26:10,053 [grpc-default-executor-1] INFO  client.GrpcClientProtocolClient (GrpcClientProtocolClient.java:onNext(264)) - client-734BBEB428D7->a5e38e3e-c2ad-4348-acb9-3fc25cfb14dd: receive RaftClientReply:client-734BBEB428D7->a5e38e3e-c2ad-4348-acb9-3fc25cfb14dd@group-7000B19605CB, cid=2727, SUCCESS, logIndex=4076, commits[a5e38e3e-c2ad-4348-acb9-3fc25cfb14dd:c4077, 11e48d46-e648-47f9-b6a0-9c7f26654c28:c4073, d1b6a90e-e817-40a7-bec1-608b5cc7d8b6:c4073]
2019-09-11 04:26:10,054 [grpc-default-executor-1] INFO  client.GrpcClientProtocolClient (GrpcClientProtocolClient.java:onNext(264)) - client-734BBEB428D7->a5e38e3e-c2ad-4348-acb9-3fc25cfb14dd: receive RaftClientReply:client-734BBEB428D7->a5e38e3e-c2ad-4348-acb9-3fc25cfb14dd@group-7000B19605CB, cid=2728, SUCCESS, logIndex=4077, commits[a5e38e3e-c2ad-4348-acb9-3fc25cfb14dd:c4077, 11e48d46-e648-47f9-b6a0-9c7f26654c28:c4073, d1b6a90e-e817-40a7-bec1-608b5cc7d8b6:c4073]
2019-09-11 04:26:10,066 [grpc-default-executor-1] INFO  client.GrpcClientProtocolClient (GrpcClientProtocolClient.java:onNext(264)) - client-734BBEB428D7->a5e38e3e-c2ad-4348-acb9-3fc25cfb14dd: receive RaftClientReply:client-734BBEB428D7->a5e38e3e-c2ad-4348-acb9-3fc25cfb14dd@group-7000B19605CB, cid=2729, SUCCESS, logIndex=0, commits[a5e38e3e-c2ad-4348-acb9-3fc25cfb14dd:c4079, 11e48d46-e648-47f9-b6a0-9c7f26654c28:c4077, d1b6a90e-e817-40a7-bec1-608b5cc7d8b6:c4077]
2019-09-11 04:26:10,092 [grpc-default-executor-1] INFO  client.GrpcClientProtocolClient (GrpcClientProtocolClient.java:onNext(264)) - client-734BBEB428D7->a5e38e3e-c2ad-4348-acb9-3fc25cfb14dd: receive RaftClientReply:client-734BBEB428D7->a5e38e3e-c2ad-4348-acb9-3fc25cfb14dd@group-7000B19605CB, cid=2730, SUCCESS, logIndex=4080, commits[a5e38e3e-c2ad-4348-acb9-3fc25cfb14dd:c4081, 11e48d46-e648-47f9-b6a0-9c7f26654c28:c4079, d1b6a90e-e817-40a7-bec1-608b5cc7d8b6:c4079]
2019-09-11 04:26:10,093 [grpc-default-executor-1] INFO  client.GrpcClientProtocolClient (GrpcClientProtocolClient.java:onNext(264)) - client-734BBEB428D7->a5e38e3e-c2ad-4348-acb9-3fc25cfb14dd: receive RaftClientReply:client-734BBEB428D7->a5e38e3e-c2ad-4348-acb9-3fc25cfb14dd@group-7000B19605CB, cid=2731, SUCCESS, logIndex=4081, commits[a5e38e3e-c2ad-4348-acb9-3fc25cfb14dd:c4083, 11e48d46-e648-47f9-b6a0-9c7f26654c28:c4079, d1b6a90e-e817-40a7-bec1-608b5cc7d8b6:c4079]
2019-09-11 04:26:10,093 [grpc-default-executor-1] INFO  client.GrpcClientProtocolClient (GrpcClientProtocolClient.java:onNext(264)) - client-734BBEB428D7->a5e38e3e-c2ad-4348-acb9-3fc25cfb14dd: receive RaftClientReply:client-734BBEB428D7->a5e38e3e-c2ad-4348-acb9-3fc25cfb14dd@group-7000B19605CB, cid=2732, SUCCESS, logIndex=4082, commits[a5e38e3e-c2ad-4348-acb9-3fc25cfb14dd:c4083, 11e48d46-e648-47f9-b6a0-9c7f26654c28:c4079, d1b6a90e-e817-40a7-bec1-608b5cc7d8b6:c4079]
2019-09-11 04:26:10,093 [grpc-default-executor-1] INFO  client.GrpcClientProtocolClient (GrpcClientProtocolClient.java:onNext(264)) - client-734BBEB428D7->a5e38e3e-c2ad-4348-acb9-3fc25cfb14dd: receive RaftClientReply:client-734BBEB428D7->a5e38e3e-c2ad-4348-acb9-3fc25cfb14dd@group-7000B19605CB, cid=2733, SUCCESS, logIndex=4083, commits[a5e38e3e-c2ad-4348-acb9-3fc25cfb14dd:c4083, 11e48d46-e648-47f9-b6a0-9c7f26654c28:c4079, d1b6a90e-e817-40a7-bec1-608b5cc7d8b6:c4079]
2019-09-11 04:26:10,095 [grpc-default-executor-1] INFO  client.GrpcClientProtocolClient (GrpcClientProtocolClient.java:onNext(264)) - client-734BBEB428D7->a5e38e3e-c2ad-4348-acb9-3fc25cfb14dd: receive RaftClientReply:client-734BBEB428D7->a5e38e3e-c2ad-4348-acb9-3fc25cfb14dd@group-7000B19605CB, cid=2734, SUCCESS, logIndex=0, commits[a5e38e3e-c2ad-4348-acb9-3fc25cfb14dd:c4087, 11e48d46-e648-47f9-b6a0-9c7f26654c28:c4081, d1b6a90e-e817-40a7-bec1-608b5cc7d8b6:c4083]
2019-09-11 04:26:10,113 [grpc-default-executor-1] INFO  client.GrpcClientProtocolClient (GrpcClientProtocolClient.java:onNext(264)) - client-734BBEB428D7->a5e38e3e-c2ad-4348-acb9-3fc25cfb14dd: receive RaftClientReply:client-734BBEB428D7->a5e38e3e-c2ad-4348-acb9-3fc25cfb14dd@group-7000B19605CB, cid=2735, SUCCESS, logIndex=4088, commits[a5e38e3e-c2ad-4348-acb9-3fc25cfb14dd:c4089, 11e48d46-e648-47f9-b6a0-9c7f26654c28:c4087, d1b6a90e-e817-40a7-bec1-608b5cc7d8b6:c4087]
2019-09-11 04:26:10,113 [grpc-default-executor-1] INFO  client.GrpcClientProtocolClient (GrpcClientProtocolClient.java:onNext(264)) - client-734BBEB428D7->a5e38e3e-c2ad-4348-acb9-3fc25cfb14dd: receive RaftClientReply:client-734BBEB428D7->a5e38e3e-c2ad-4348-acb9-3fc25cfb14dd@group-7000B19605CB, cid=2736, SUCCESS, logIndex=4089, commits[a5e38e3e-c2ad-4348-acb9-3fc25cfb14dd:c4089, 11e48d46-e648-47f9-b6a0-9c7f26654c28:c4087, d1b6a90e-e817-40a7-bec1-608b5cc7d8b6:c4087]
2019-09-11 04:26:10,126 [grpc-default-executor-4] INFO  client.GrpcClientProtocolClient (GrpcClientProtocolClient.java:onNext(264)) - client-734BBEB428D7->a5e38e3e-c2ad-4348-acb9-3fc25cfb14dd: receive RaftClientReply:client-734BBEB428D7->a5e38e3e-c2ad-4348-acb9-3fc25cfb14dd@group-7000B19605CB, cid=2737, SUCCESS, logIndex=4092, commits[a5e38e3e-c2ad-4348-acb9-3fc25cfb14dd:c4093, 11e48d46-e648-47f9-b6a0-9c7f26654c28:c4089, d1b6a90e-e817-40a7-bec1-608b5cc7d8b6:c4089]
2019-09-11 04:26:10,127 [grpc-default-executor-4] INFO  client.GrpcClientProtocolClient (GrpcClientProtocolClient.java:onNext(264)) - client-734BBEB428D7->a5e38e3e-c2ad-4348-acb9-3fc25cfb14dd: receive RaftClientReply:client-734BBEB428D7->a5e38e3e-c2ad-4348-acb9-3fc25cfb14dd@group-7000B19605CB, cid=2738, SUCCESS, logIndex=4093, commits[a5e38e3e-c2ad-4348-acb9-3fc25cfb14dd:c4093, 11e48d46-e648-47f9-b6a0-9c7f26654c28:c4089, d1b6a90e-e817-40a7-bec1-608b5cc7d8b6:c4089]
2019-09-11 04:26:10,139 [grpc-default-executor-4] INFO  client.GrpcClientProtocolClient (GrpcClientProtocolClient.java:onNext(264)) - client-734BBEB428D7->a5e38e3e-c2ad-4348-acb9-3fc25cfb14dd: receive RaftClientReply:client-734BBEB428D7->a5e38e3e-c2ad-4348-acb9-3fc25cfb14dd@group-7000B19605CB, cid=2739, SUCCESS, logIndex=0, commits[a5e38e3e-c2ad-4348-acb9-3fc25cfb14dd:c4095, 11e48d46-e648-47f9-b6a0-9c7f26654c28:c4093, d1b6a90e-e817-40a7-bec1-608b5cc7d8b6:c4093]
2019-09-11 04:26:10,166 [grpc-default-executor-1] INFO  client.GrpcClientProtocolClient (GrpcClientProtocolClient.java:onNext(264)) - client-734BBEB428D7->a5e38e3e-c2ad-4348-acb9-3fc25cfb14dd: receive RaftClientReply:client-734BBEB428D7->a5e38e3e-c2ad-4348-acb9-3fc25cfb14dd@group-7000B19605CB, cid=2740, SUCCESS, logIndex=4096, commits[a5e38e3e-c2ad-4348-acb9-3fc25cfb14dd:c4096, 11e48d46-e648-47f9-b6a0-9c7f26654c28:c4095, d1b6a90e-e817-40a7-bec1-608b5cc7d8b6:c4095]
2019-09-11 04:26:10,167 [grpc-default-executor-1] INFO  client.GrpcClientProtocolClient (GrpcClientProtocolClient.java:onNext(264)) - client-734BBEB428D7->a5e38e3e-c2ad-4348-acb9-3fc25cfb14dd: receive RaftClientReply:client-734BBEB428D7->a5e38e3e-c2ad-4348-acb9-3fc25cfb14dd@group-7000B19605CB, cid=2741, SUCCESS, logIndex=4097, commits[a5e38e3e-c2ad-4348-acb9-3fc25cfb14dd:c4098, 11e48d46-e648-47f9-b6a0-9c7f26654c28:c4095, d1b6a90e-e817-40a7-bec1-608b5cc7d8b6:c4095]
2019-09-11 04:26:10,167 [grpc-default-executor-1] INFO  client.GrpcClientProtocolClient (GrpcClientProtocolClient.java:onNext(264)) - client-734BBEB428D7->a5e38e3e-c2ad-4348-acb9-3fc25cfb14dd: receive RaftClientReply:client-734BBEB428D7->a5e38e3e-c2ad-4348-acb9-3fc25cfb14dd@group-7000B19605CB, cid=2742, SUCCESS, logIndex=4098, commits[a5e38e3e-c2ad-4348-acb9-3fc25cfb14dd:c4099, 11e48d46-e648-47f9-b6a0-9c7f26654c28:c4095, d1b6a90e-e817-40a7-bec1-608b5cc7d8b6:c4095]
2019-09-11 04:26:10,167 [grpc-default-executor-1] INFO  client.GrpcClientProtocolClient (GrpcClientProtocolClient.java:onNext(264)) - client-734BBEB428D7->a5e38e3e-c2ad-4348-acb9-3fc25cfb14dd: receive RaftClientReply:client-734BBEB428D7->a5e38e3e-c2ad-4348-acb9-3fc25cfb14dd@group-7000B19605CB, cid=2743, SUCCESS, logIndex=4099, commits[a5e38e3e-c2ad-4348-acb9-3fc25cfb14dd:c4099, 11e48d46-e648-47f9-b6a0-9c7f26654c28:c4095, d1b6a90e-e817-40a7-bec1-608b5cc7d8b6:c4095]
2019-09-11 04:26:10,169 [grpc-default-executor-1] INFO  client.GrpcClientProtocolClient (GrpcClientProtocolClient.java:onNext(264)) - client-734BBEB428D7->a5e38e3e-c2ad-4348-acb9-3fc25cfb14dd: receive RaftClientReply:client-734BBEB428D7->a5e38e3e-c2ad-4348-acb9-3fc25cfb14dd@group-7000B19605CB, cid=2744, SUCCESS, logIndex=0, commits[a5e38e3e-c2ad-4348-acb9-3fc25cfb14dd:c4101, 11e48d46-e648-47f9-b6a0-9c7f26654c28:c4098, d1b6a90e-e817-40a7-bec1-608b5cc7d8b6:c4098]
 0.00% |█                                                                                                    |  0/1 Time: 0:00:212019-09-11 04:26:10,190 [grpc-default-executor-2] INFO  client.GrpcClientProtocolClient (GrpcClientProtocolClient.java:onNext(264)) - client-734BBEB428D7->a5e38e3e-c2ad-4348-acb9-3fc25cfb14dd: receive RaftClientReply:client-734BBEB428D7->a5e38e3e-c2ad-4348-acb9-3fc25cfb14dd@group-7000B19605CB, cid=2745, SUCCESS, logIndex=4103, commits[a5e38e3e-c2ad-4348-acb9-3fc25cfb14dd:c4104, 11e48d46-e648-47f9-b6a0-9c7f26654c28:c4102, d1b6a90e-e817-40a7-bec1-608b5cc7d8b6:c4102]
2019-09-11 04:26:10,191 [grpc-default-executor-2] INFO  client.GrpcClientProtocolClient (GrpcClientProtocolClient.java:onNext(264)) - client-734BBEB428D7->a5e38e3e-c2ad-4348-acb9-3fc25cfb14dd: receive RaftClientReply:client-734BBEB428D7->a5e38e3e-c2ad-4348-acb9-3fc25cfb14dd@group-7000B19605CB, cid=2746, SUCCESS, logIndex=4104, commits[a5e38e3e-c2ad-4348-acb9-3fc25cfb14dd:c4104, 11e48d46-e648-47f9-b6a0-9c7f26654c28:c4102, d1b6a90e-e817-40a7-bec1-608b5cc7d8b6:c4102]
2019-09-11 04:26:10,201 [grpc-default-executor-4] INFO  client.GrpcClientProtocolClient (GrpcClientProtocolClient.java:onNext(264)) - client-734BBEB428D7->a5e38e3e-c2ad-4348-acb9-3fc25cfb14dd: receive RaftClientReply:client-734BBEB428D7->a5e38e3e-c2ad-4348-acb9-3fc25cfb14dd@group-7000B19605CB, cid=2747, SUCCESS, logIndex=4107, commits[a5e38e3e-c2ad-4348-acb9-3fc25cfb14dd:c4108, 11e48d46-e648-47f9-b6a0-9c7f26654c28:c4103, d1b6a90e-e817-40a7-bec1-608b5cc7d8b6:c4104]
2019-09-11 04:26:10,201 [grpc-default-executor-4] INFO  client.GrpcClientProtocolClient (GrpcClientProtocolClient.java:onNext(264)) - client-734BBEB428D7->a5e38e3e-c2ad-4348-acb9-3fc25cfb14dd: receive RaftClientReply:client-734BBEB428D7->a5e38e3e-c2ad-4348-acb9-3fc25cfb14dd@group-7000B19605CB, cid=2748, SUCCESS, logIndex=4108, commits[a5e38e3e-c2ad-4348-acb9-3fc25cfb14dd:c4108, 11e48d46-e648-47f9-b6a0-9c7f26654c28:c4103, d1b6a90e-e817-40a7-bec1-608b5cc7d8b6:c4104]
2019-09-11 04:26:10,321 [grpc-default-executor-4] INFO  client.GrpcClientProtocolClient (GrpcClientProtocolClient.java:onNext(264)) - client-734BBEB428D7->a5e38e3e-c2ad-4348-acb9-3fc25cfb14dd: receive RaftClientReply:client-734BBEB428D7->a5e38e3e-c2ad-4348-acb9-3fc25cfb14dd@group-7000B19605CB, cid=2749, SUCCESS, logIndex=0, commits[a5e38e3e-c2ad-4348-acb9-3fc25cfb14dd:c4109, 11e48d46-e648-47f9-b6a0-9c7f26654c28:c4108, d1b6a90e-e817-40a7-bec1-608b5cc7d8b6:c4107]
2019-09-11 04:26:10,331 [grpc-default-executor-4] INFO  client.GrpcClientProtocolClient (GrpcClientProtocolClient.java:onNext(264)) - client-734BBEB428D7->a5e38e3e-c2ad-4348-acb9-3fc25cfb14dd: receive RaftClientReply:client-734BBEB428D7->a5e38e3e-c2ad-4348-acb9-3fc25cfb14dd@group-7000B19605CB, cid=2750, SUCCESS, logIndex=0, commits[a5e38e3e-c2ad-4348-acb9-3fc25cfb14dd:c4110, 11e48d46-e648-47f9-b6a0-9c7f26654c28:c4108, d1b6a90e-e817-40a7-bec1-608b5cc7d8b6:c4108]
2019-09-11 04:26:10,364 [grpc-default-executor-2] INFO  client.GrpcClientProtocolClient (GrpcClientProtocolClient.java:onNext(264)) - client-734BBEB428D7->a5e38e3e-c2ad-4348-acb9-3fc25cfb14dd: receive RaftClientReply:client-734BBEB428D7->a5e38e3e-c2ad-4348-acb9-3fc25cfb14dd@group-7000B19605CB, cid=2751, SUCCESS, logIndex=4111, commits[a5e38e3e-c2ad-4348-acb9-3fc25cfb14dd:c4112, 11e48d46-e648-47f9-b6a0-9c7f26654c28:c4110, d1b6a90e-e817-40a7-bec1-608b5cc7d8b6:c4110]
2019-09-11 04:26:10,364 [grpc-default-executor-2] INFO  client.GrpcClientProtocolClient (GrpcClientProtocolClient.java:onNext(264)) - client-734BBEB428D7->a5e38e3e-c2ad-4348-acb9-3fc25cfb14dd: receive RaftClientReply:client-734BBEB428D7->a5e38e3e-c2ad-4348-acb9-3fc25cfb14dd@group-7000B19605CB, cid=2752, SUCCESS, logIndex=4112, commits[a5e38e3e-c2ad-4348-acb9-3fc25cfb14dd:c4114, 11e48d46-e648-47f9-b6a0-9c7f26654c28:c4110, d1b6a90e-e817-40a7-bec1-608b5cc7d8b6:c4110]
2019-09-11 04:26:10,365 [grpc-default-executor-2] INFO  client.GrpcClientProtocolClient (GrpcClientProtocolClient.java:onNext(264)) - client-734BBEB428D7->a5e38e3e-c2ad-4348-acb9-3fc25cfb14dd: receive RaftClientReply:client-734BBEB428D7->a5e38e3e-c2ad-4348-acb9-3fc25cfb14dd@group-7000B19605CB, cid=2753, SUCCESS, logIndex=4113, commits[a5e38e3e-c2ad-4348-acb9-3fc25cfb14dd:c4114, 11e48d46-e648-47f9-b6a0-9c7f26654c28:c4110, d1b6a90e-e817-40a7-bec1-608b5cc7d8b6:c4110]
2019-09-11 04:26:10,365 [grpc-default-executor-2] INFO  client.GrpcClientProtocolClient (GrpcClientProtocolClient.java:onNext(264)) - client-734BBEB428D7->a5e38e3e-c2ad-4348-acb9-3fc25cfb14dd: receive RaftClientReply:client-734BBEB428D7->a5e38e3e-c2ad-4348-acb9-3fc25cfb14dd@group-7000B19605CB, cid=2754, SUCCESS, logIndex=4114, commits[a5e38e3e-c2ad-4348-acb9-3fc25cfb14dd:c4114, 11e48d46-e648-47f9-b6a0-9c7f26654c28:c4110, d1b6a90e-e817-40a7-bec1-608b5cc7d8b6:c4110]
2019-09-11 04:26:10,377 [grpc-default-executor-4] INFO  client.GrpcClientProtocolClient (GrpcClientProtocolClient.java:onNext(264)) - client-734BBEB428D7->a5e38e3e-c2ad-4348-acb9-3fc25cfb14dd: receive RaftClientReply:client-734BBEB428D7->a5e38e3e-c2ad-4348-acb9-3fc25cfb14dd@group-7000B19605CB, cid=2755, SUCCESS, logIndex=0, commits[a5e38e3e-c2ad-4348-acb9-3fc25cfb14dd:c4116, 11e48d46-e648-47f9-b6a0-9c7f26654c28:c4112, d1b6a90e-e817-40a7-bec1-608b5cc7d8b6:c4112]
2019-09-11 04:26:10,395 [grpc-default-executor-2] INFO  client.GrpcClientProtocolClient (GrpcClientProtocolClient.java:onNext(264)) - client-734BBEB428D7->a5e38e3e-c2ad-4348-acb9-3fc25cfb14dd: receive RaftClientReply:client-734BBEB428D7->a5e38e3e-c2ad-4348-acb9-3fc25cfb14dd@group-7000B19605CB, cid=2756, SUCCESS, logIndex=4118, commits[a5e38e3e-c2ad-4348-acb9-3fc25cfb14dd:c4119, 11e48d46-e648-47f9-b6a0-9c7f26654c28:c4117, d1b6a90e-e817-40a7-bec1-608b5cc7d8b6:c4117]
2019-09-11 04:26:10,396 [grpc-default-executor-2] INFO  client.GrpcClientProtocolClient (GrpcClientProtocolClient.java:onNext(264)) - client-734BBEB428D7->a5e38e3e-c2ad-4348-acb9-3fc25cfb14dd: receive RaftClientReply:client-734BBEB428D7->a5e38e3e-c2ad-4348-acb9-3fc25cfb14dd@group-7000B19605CB, cid=2757, SUCCESS, logIndex=4119, commits[a5e38e3e-c2ad-4348-acb9-3fc25cfb14dd:c4119, 11e48d46-e648-47f9-b6a0-9c7f26654c28:c4117, d1b6a90e-e817-40a7-bec1-608b5cc7d8b6:c4117]
2019-09-11 04:26:10,408 [grpc-default-executor-4] INFO  client.GrpcClientProtocolClient (GrpcClientProtocolClient.java:onNext(264)) - client-734BBEB428D7->a5e38e3e-c2ad-4348-acb9-3fc25cfb14dd: receive RaftClientReply:client-734BBEB428D7->a5e38e3e-c2ad-4348-acb9-3fc25cfb14dd@group-7000B19605CB, cid=2758, SUCCESS, logIndex=4122, commits[a5e38e3e-c2ad-4348-acb9-3fc25cfb14dd:c4123, 11e48d46-e648-47f9-b6a0-9c7f26654c28:c4119, d1b6a90e-e817-40a7-bec1-608b5cc7d8b6:c4119]
2019-09-11 04:26:10,408 [grpc-default-executor-4] INFO  client.GrpcClientProtocolClient (GrpcClientProtocolClient.java:onNext(264)) - client-734BBEB428D7->a5e38e3e-c2ad-4348-acb9-3fc25cfb14dd: receive RaftClientReply:client-734BBEB428D7->a5e38e3e-c2ad-4348-acb9-3fc25cfb14dd@group-7000B19605CB, cid=2759, SUCCESS, logIndex=4123, commits[a5e38e3e-c2ad-4348-acb9-3fc25cfb14dd:c4123, 11e48d46-e648-47f9-b6a0-9c7f26654c28:c4119, d1b6a90e-e817-40a7-bec1-608b5cc7d8b6:c4119]
2019-09-11 04:26:10,421 [grpc-default-executor-4] INFO  client.GrpcClientProtocolClient (GrpcClientProtocolClient.java:onNext(264)) - client-734BBEB428D7->a5e38e3e-c2ad-4348-acb9-3fc25cfb14dd: receive RaftClientReply:client-734BBEB428D7->a5e38e3e-c2ad-4348-acb9-3fc25cfb14dd@group-7000B19605CB, cid=2760, SUCCESS, logIndex=0, commits[a5e38e3e-c2ad-4348-acb9-3fc25cfb14dd:c4124, 11e48d46-e648-47f9-b6a0-9c7f26654c28:c4123, d1b6a90e-e817-40a7-bec1-608b5cc7d8b6:c4123]
2019-09-11 04:26:10,446 [grpc-default-executor-2] INFO  client.GrpcClientProtocolClient (GrpcClientProtocolClient.java:onNext(264)) - client-734BBEB428D7->a5e38e3e-c2ad-4348-acb9-3fc25cfb14dd: receive RaftClientReply:client-734BBEB428D7->a5e38e3e-c2ad-4348-acb9-3fc25cfb14dd@group-7000B19605CB, cid=2761, SUCCESS, logIndex=4126, commits[a5e38e3e-c2ad-4348-acb9-3fc25cfb14dd:c4127, 11e48d46-e648-47f9-b6a0-9c7f26654c28:c4125, d1b6a90e-e817-40a7-bec1-608b5cc7d8b6:c4125]
2019-09-11 04:26:10,447 [grpc-default-executor-2] INFO  client.GrpcClientProtocolClient (GrpcClientProtocolClient.java:onNext(264)) - client-734BBEB428D7->a5e38e3e-c2ad-4348-acb9-3fc25cfb14dd: receive RaftClientReply:client-734BBEB428D7->a5e38e3e-c2ad-4348-acb9-3fc25cfb14dd@group-7000B19605CB, cid=2762, SUCCESS, logIndex=4127, commits[a5e38e3e-c2ad-4348-acb9-3fc25cfb14dd:c4127, 11e48d46-e648-47f9-b6a0-9c7f26654c28:c4125, d1b6a90e-e817-40a7-bec1-608b5cc7d8b6:c4125]
2019-09-11 04:26:10,447 [grpc-default-executor-2] INFO  client.GrpcClientProtocolClient (GrpcClientProtocolClient.java:onNext(264)) - client-734BBEB428D7->a5e38e3e-c2ad-4348-acb9-3fc25cfb14dd: receive RaftClientReply:client-734BBEB428D7->a5e38e3e-c2ad-4348-acb9-3fc25cfb14dd@group-7000B19605CB, cid=2763, SUCCESS, logIndex=4128, commits[a5e38e3e-c2ad-4348-acb9-3fc25cfb14dd:c4129, 11e48d46-e648-47f9-b6a0-9c7f26654c28:c4125, d1b6a90e-e817-40a7-bec1-608b5cc7d8b6:c4125]
2019-09-11 04:26:10,448 [grpc-default-executor-2] INFO  client.GrpcClientProtocolClient (GrpcClientProtocolClient.java:onNext(264)) - client-734BBEB428D7->a5e38e3e-c2ad-4348-acb9-3fc25cfb14dd: receive RaftClientReply:client-734BBEB428D7->a5e38e3e-c2ad-4348-acb9-3fc25cfb14dd@group-7000B19605CB, cid=2764, SUCCESS, logIndex=4129, commits[a5e38e3e-c2ad-4348-acb9-3fc25cfb14dd:c4129, 11e48d46-e648-47f9-b6a0-9c7f26654c28:c4125, d1b6a90e-e817-40a7-bec1-608b5cc7d8b6:c4125]
2019-09-11 04:26:10,449 [grpc-default-executor-2] INFO  client.GrpcClientProtocolClient (GrpcClientProtocolClient.java:onNext(264)) - client-734BBEB428D7->a5e38e3e-c2ad-4348-acb9-3fc25cfb14dd: receive RaftClientReply:client-734BBEB428D7->a5e38e3e-c2ad-4348-acb9-3fc25cfb14dd@group-7000B19605CB, cid=2765, SUCCESS, logIndex=0, commits[a5e38e3e-c2ad-4348-acb9-3fc25cfb14dd:c4131, 11e48d46-e648-47f9-b6a0-9c7f26654c28:c4127, d1b6a90e-e817-40a7-bec1-608b5cc7d8b6:c4127]
2019-09-11 04:26:10,475 [grpc-default-executor-3] INFO  client.GrpcClientProtocolClient (GrpcClientProtocolClient.java:onNext(264)) - client-734BBEB428D7->a5e38e3e-c2ad-4348-acb9-3fc25cfb14dd: receive RaftClientReply:client-734BBEB428D7->a5e38e3e-c2ad-4348-acb9-3fc25cfb14dd@group-7000B19605CB, cid=2766, SUCCESS, logIndex=4134, commits[a5e38e3e-c2ad-4348-acb9-3fc25cfb14dd:c4135, 11e48d46-e648-47f9-b6a0-9c7f26654c28:c4133, d1b6a90e-e817-40a7-bec1-608b5cc7d8b6:c4133]
2019-09-11 04:26:10,476 [grpc-default-executor-3] INFO  client.GrpcClientProtocolClient (GrpcClientProtocolClient.java:onNext(264)) - client-734BBEB428D7->a5e38e3e-c2ad-4348-acb9-3fc25cfb14dd: receive RaftClientReply:client-734BBEB428D7->a5e38e3e-c2ad-4348-acb9-3fc25cfb14dd@group-7000B19605CB, cid=2767, SUCCESS, logIndex=4135, commits[a5e38e3e-c2ad-4348-acb9-3fc25cfb14dd:c4135, 11e48d46-e648-47f9-b6a0-9c7f26654c28:c4133, d1b6a90e-e817-40a7-bec1-608b5cc7d8b6:c4133]
2019-09-11 04:26:10,488 [grpc-default-executor-3] INFO  client.GrpcClientProtocolClient (GrpcClientProtocolClient.java:onNext(264)) - client-734BBEB428D7->a5e38e3e-c2ad-4348-acb9-3fc25cfb14dd: receive RaftClientReply:client-734BBEB428D7->a5e38e3e-c2ad-4348-acb9-3fc25cfb14dd@group-7000B19605CB, cid=2768, SUCCESS, logIndex=4138, commits[a5e38e3e-c2ad-4348-acb9-3fc25cfb14dd:c4138, 11e48d46-e648-47f9-b6a0-9c7f26654c28:c4135, d1b6a90e-e817-40a7-bec1-608b5cc7d8b6:c4135]
2019-09-11 04:26:10,488 [grpc-default-executor-3] INFO  client.GrpcClientProtocolClient (GrpcClientProtocolClient.java:onNext(264)) - client-734BBEB428D7->a5e38e3e-c2ad-4348-acb9-3fc25cfb14dd: receive RaftClientReply:client-734BBEB428D7->a5e38e3e-c2ad-4348-acb9-3fc25cfb14dd@group-7000B19605CB, cid=2769, SUCCESS, logIndex=4139, commits[a5e38e3e-c2ad-4348-acb9-3fc25cfb14dd:c4139, 11e48d46-e648-47f9-b6a0-9c7f26654c28:c4135, d1b6a90e-e817-40a7-bec1-608b5cc7d8b6:c4135]
2019-09-11 04:26:10,501 [grpc-default-executor-4] INFO  client.GrpcClientProtocolClient (GrpcClientProtocolClient.java:onNext(264)) - client-734BBEB428D7->a5e38e3e-c2ad-4348-acb9-3fc25cfb14dd: receive RaftClientReply:client-734BBEB428D7->a5e38e3e-c2ad-4348-acb9-3fc25cfb14dd@group-7000B19605CB, cid=2770, SUCCESS, logIndex=0, commits[a5e38e3e-c2ad-4348-acb9-3fc25cfb14dd:c4140, 11e48d46-e648-47f9-b6a0-9c7f26654c28:c4139, d1b6a90e-e817-40a7-bec1-608b5cc7d8b6:c4139]
2019-09-11 04:26:10,539 [grpc-default-executor-2] INFO  client.GrpcClientProtocolClient (GrpcClientProtocolClient.java:onNext(264)) - client-734BBEB428D7->a5e38e3e-c2ad-4348-acb9-3fc25cfb14dd: receive RaftClientReply:client-734BBEB428D7->a5e38e3e-c2ad-4348-acb9-3fc25cfb14dd@group-7000B19605CB, cid=2771, SUCCESS, logIndex=4142, commits[a5e38e3e-c2ad-4348-acb9-3fc25cfb14dd:c4144, 11e48d46-e648-47f9-b6a0-9c7f26654c28:c4141, d1b6a90e-e817-40a7-bec1-608b5cc7d8b6:c4141]
2019-09-11 04:26:10,539 [grpc-default-executor-2] INFO  client.GrpcClientProtocolClient (GrpcClientProtocolClient.java:onNext(264)) - client-734BBEB428D7->a5e38e3e-c2ad-4348-acb9-3fc25cfb14dd: receive RaftClientReply:client-734BBEB428D7->a5e38e3e-c2ad-4348-acb9-3fc25cfb14dd@group-7000B19605CB, cid=2772, SUCCESS, logIndex=4143, commits[a5e38e3e-c2ad-4348-acb9-3fc25cfb14dd:c4145, 11e48d46-e648-47f9-b6a0-9c7f26654c28:c4141, d1b6a90e-e817-40a7-bec1-608b5cc7d8b6:c4141]
2019-09-11 04:26:10,539 [grpc-default-executor-2] INFO  client.GrpcClientProtocolClient (GrpcClientProtocolClient.java:onNext(264)) - client-734BBEB428D7->a5e38e3e-c2ad-4348-acb9-3fc25cfb14dd: receive RaftClientReply:client-734BBEB428D7->a5e38e3e-c2ad-4348-acb9-3fc25cfb14dd@group-7000B19605CB, cid=2773, SUCCESS, logIndex=4144, commits[a5e38e3e-c2ad-4348-acb9-3fc25cfb14dd:c4145, 11e48d46-e648-47f9-b6a0-9c7f26654c28:c4141, d1b6a90e-e817-40a7-bec1-608b5cc7d8b6:c4141]
2019-09-11 04:26:10,539 [grpc-default-executor-2] INFO  client.GrpcClientProtocolClient (GrpcClientProtocolClient.java:onNext(264)) - client-734BBEB428D7->a5e38e3e-c2ad-4348-acb9-3fc25cfb14dd: receive RaftClientReply:client-734BBEB428D7->a5e38e3e-c2ad-4348-acb9-3fc25cfb14dd@group-7000B19605CB, cid=2774, SUCCESS, logIndex=4145, commits[a5e38e3e-c2ad-4348-acb9-3fc25cfb14dd:c4145, 11e48d46-e648-47f9-b6a0-9c7f26654c28:c4141, d1b6a90e-e817-40a7-bec1-608b5cc7d8b6:c4141]
2019-09-11 04:26:10,550 [grpc-default-executor-3] INFO  client.GrpcClientProtocolClient (GrpcClientProtocolClient.java:onNext(264)) - client-734BBEB428D7->a5e38e3e-c2ad-4348-acb9-3fc25cfb14dd: receive RaftClientReply:client-734BBEB428D7->a5e38e3e-c2ad-4348-acb9-3fc25cfb14dd@group-7000B19605CB, cid=2775, SUCCESS, logIndex=0, commits[a5e38e3e-c2ad-4348-acb9-3fc25cfb14dd:c4146, 11e48d46-e648-47f9-b6a0-9c7f26654c28:c4143, d1b6a90e-e817-40a7-bec1-608b5cc7d8b6:c4143]
2019-09-11 04:26:10,569 [grpc-default-executor-3] INFO  client.GrpcClientProtocolClient (GrpcClientProtocolClient.java:onNext(264)) - client-734BBEB428D7->a5e38e3e-c2ad-4348-acb9-3fc25cfb14dd: receive RaftClientReply:client-734BBEB428D7->a5e38e3e-c2ad-4348-acb9-3fc25cfb14dd@group-7000B19605CB, cid=2776, SUCCESS, logIndex=4150, commits[a5e38e3e-c2ad-4348-acb9-3fc25cfb14dd:c4151, 11e48d46-e648-47f9-b6a0-9c7f26654c28:c4149, d1b6a90e-e817-40a7-bec1-608b5cc7d8b6:c4149]
2019-09-11 04:26:10,570 [grpc-default-executor-3] INFO  client.GrpcClientProtocolClient (GrpcClientProtocolClient.java:onNext(264)) - client-734BBEB428D7->a5e38e3e-c2ad-4348-acb9-3fc25cfb14dd: receive RaftClientReply:client-734BBEB428D7->a5e38e3e-c2ad-4348-acb9-3fc25cfb14dd@group-7000B19605CB, cid=2777, SUCCESS, logIndex=4151, commits[a5e38e3e-c2ad-4348-acb9-3fc25cfb14dd:c4151, 11e48d46-e648-47f9-b6a0-9c7f26654c28:c4149, d1b6a90e-e817-40a7-bec1-608b5cc7d8b6:c4149]
2019-09-11 04:26:10,582 [grpc-default-executor-3] INFO  client.GrpcClientProtocolClient (GrpcClientProtocolClient.java:onNext(264)) - client-734BBEB428D7->a5e38e3e-c2ad-4348-acb9-3fc25cfb14dd: receive RaftClientReply:client-734BBEB428D7->a5e38e3e-c2ad-4348-acb9-3fc25cfb14dd@group-7000B19605CB, cid=2778, SUCCESS, logIndex=4154, commits[a5e38e3e-c2ad-4348-acb9-3fc25cfb14dd:c4154, 11e48d46-e648-47f9-b6a0-9c7f26654c28:c4151, d1b6a90e-e817-40a7-bec1-608b5cc7d8b6:c4151]
2019-09-11 04:26:10,583 [grpc-default-executor-3] INFO  client.GrpcClientProtocolClient (GrpcClientProtocolClient.java:onNext(264)) - client-734BBEB428D7->a5e38e3e-c2ad-4348-acb9-3fc25cfb14dd: receive RaftClientReply:client-734BBEB428D7->a5e38e3e-c2ad-4348-acb9-3fc25cfb14dd@group-7000B19605CB, cid=2779, SUCCESS, logIndex=4155, commits[a5e38e3e-c2ad-4348-acb9-3fc25cfb14dd:c4155, 11e48d46-e648-47f9-b6a0-9c7f26654c28:c4151, d1b6a90e-e817-40a7-bec1-608b5cc7d8b6:c4151]
2019-09-11 04:26:10,595 [grpc-default-executor-3] INFO  client.GrpcClientProtocolClient (GrpcClientProtocolClient.java:onNext(264)) - client-734BBEB428D7->a5e38e3e-c2ad-4348-acb9-3fc25cfb14dd: receive RaftClientReply:client-734BBEB428D7->a5e38e3e-c2ad-4348-acb9-3fc25cfb14dd@group-7000B19605CB, cid=2780, SUCCESS, logIndex=0, commits[a5e38e3e-c2ad-4348-acb9-3fc25cfb14dd:c4157, 11e48d46-e648-47f9-b6a0-9c7f26654c28:c4155, d1b6a90e-e817-40a7-bec1-608b5cc7d8b6:c4155]
2019-09-11 04:26:10,624 [grpc-default-executor-3] INFO  client.GrpcClientProtocolClient (GrpcClientProtocolClient.java:onNext(264)) - client-734BBEB428D7->a5e38e3e-c2ad-4348-acb9-3fc25cfb14dd: receive RaftClientReply:client-734BBEB428D7->a5e38e3e-c2ad-4348-acb9-3fc25cfb14dd@group-7000B19605CB, cid=2781, SUCCESS, logIndex=4158, commits[a5e38e3e-c2ad-4348-acb9-3fc25cfb14dd:c4159, 11e48d46-e648-47f9-b6a0-9c7f26654c28:c4157, d1b6a90e-e817-40a7-bec1-608b5cc7d8b6:c4157]
2019-09-11 04:26:10,625 [grpc-default-executor-4] INFO  client.GrpcClientProtocolClient (GrpcClientProtocolClient.java:onNext(264)) - client-734BBEB428D7->a5e38e3e-c2ad-4348-acb9-3fc25cfb14dd: receive RaftClientReply:client-734BBEB428D7->a5e38e3e-c2ad-4348-acb9-3fc25cfb14dd@group-7000B19605CB, cid=2782, SUCCESS, logIndex=4159, commits[a5e38e3e-c2ad-4348-acb9-3fc25cfb14dd:c4159, 11e48d46-e648-47f9-b6a0-9c7f26654c28:c4157, d1b6a90e-e817-40a7-bec1-608b5cc7d8b6:c4157]
2019-09-11 04:26:10,625 [grpc-default-executor-3] INFO  client.GrpcClientProtocolClient (GrpcClientProtocolClient.java:onNext(264)) - client-734BBEB428D7->a5e38e3e-c2ad-4348-acb9-3fc25cfb14dd: receive RaftClientReply:client-734BBEB428D7->a5e38e3e-c2ad-4348-acb9-3fc25cfb14dd@group-7000B19605CB, cid=2783, SUCCESS, logIndex=4160, commits[a5e38e3e-c2ad-4348-acb9-3fc25cfb14dd:c4161, 11e48d46-e648-47f9-b6a0-9c7f26654c28:c4157, d1b6a90e-e817-40a7-bec1-608b5cc7d8b6:c4157]
2019-09-11 04:26:10,625 [grpc-default-executor-3] INFO  client.GrpcClientProtocolClient (GrpcClientProtocolClient.java:onNext(264)) - client-734BBEB428D7->a5e38e3e-c2ad-4348-acb9-3fc25cfb14dd: receive RaftClientReply:client-734BBEB428D7->a5e38e3e-c2ad-4348-acb9-3fc25cfb14dd@group-7000B19605CB, cid=2784, SUCCESS, logIndex=4161, commits[a5e38e3e-c2ad-4348-acb9-3fc25cfb14dd:c4161, 11e48d46-e648-47f9-b6a0-9c7f26654c28:c4157, d1b6a90e-e817-40a7-bec1-608b5cc7d8b6:c4157]
2019-09-11 04:26:10,627 [grpc-default-executor-2] INFO  client.GrpcClientProtocolClient (GrpcClientProtocolClient.java:onNext(264)) - client-734BBEB428D7->a5e38e3e-c2ad-4348-acb9-3fc25cfb14dd: receive RaftClientReply:client-734BBEB428D7->a5e38e3e-c2ad-4348-acb9-3fc25cfb14dd@group-7000B19605CB, cid=2785, SUCCESS, logIndex=0, commits[a5e38e3e-c2ad-4348-acb9-3fc25cfb14dd:c4163, 11e48d46-e648-47f9-b6a0-9c7f26654c28:c4159, d1b6a90e-e817-40a7-bec1-608b5cc7d8b6:c4159]
2019-09-11 04:26:10,646 [grpc-default-executor-2] INFO  client.GrpcClientProtocolClient (GrpcClientProtocolClient.java:onNext(264)) - client-734BBEB428D7->a5e38e3e-c2ad-4348-acb9-3fc25cfb14dd: receive RaftClientReply:client-734BBEB428D7->a5e38e3e-c2ad-4348-acb9-3fc25cfb14dd@group-7000B19605CB, cid=2786, SUCCESS, logIndex=4166, commits[a5e38e3e-c2ad-4348-acb9-3fc25cfb14dd:c4167, 11e48d46-e648-47f9-b6a0-9c7f26654c28:c4165, d1b6a90e-e817-40a7-bec1-608b5cc7d8b6:c4165]
2019-09-11 04:26:10,646 [grpc-default-executor-2] INFO  client.GrpcClientProtocolClient (GrpcClientProtocolClient.java:onNext(264)) - client-734BBEB428D7->a5e38e3e-c2ad-4348-acb9-3fc25cfb14dd: receive RaftClientReply:client-734BBEB428D7->a5e38e3e-c2ad-4348-acb9-3fc25cfb14dd@group-7000B19605CB, cid=2787, SUCCESS, logIndex=4167, commits[a5e38e3e-c2ad-4348-acb9-3fc25cfb14dd:c4167, 11e48d46-e648-47f9-b6a0-9c7f26654c28:c4165, d1b6a90e-e817-40a7-bec1-608b5cc7d8b6:c4165]
2019-09-11 04:26:10,659 [grpc-default-executor-4] INFO  client.GrpcClientProtocolClient (GrpcClientProtocolClient.java:onNext(264)) - client-734BBEB428D7->a5e38e3e-c2ad-4348-acb9-3fc25cfb14dd: receive RaftClientReply:client-734BBEB428D7->a5e38e3e-c2ad-4348-acb9-3fc25cfb14dd@group-7000B19605CB, cid=2788, SUCCESS, logIndex=4170, commits[a5e38e3e-c2ad-4348-acb9-3fc25cfb14dd:c4171, 11e48d46-e648-47f9-b6a0-9c7f26654c28:c4167, d1b6a90e-e817-40a7-bec1-608b5cc7d8b6:c4167]
2019-09-11 04:26:10,659 [grpc-default-executor-4] INFO  client.GrpcClientProtocolClient (GrpcClientProtocolClient.java:onNext(264)) - client-734BBEB428D7->a5e38e3e-c2ad-4348-acb9-3fc25cfb14dd: receive RaftClientReply:client-734BBEB428D7->a5e38e3e-c2ad-4348-acb9-3fc25cfb14dd@group-7000B19605CB, cid=2789, SUCCESS, logIndex=4171, commits[a5e38e3e-c2ad-4348-acb9-3fc25cfb14dd:c4171, 11e48d46-e648-47f9-b6a0-9c7f26654c28:c4167, d1b6a90e-e817-40a7-bec1-608b5cc7d8b6:c4167]
2019-09-11 04:26:10,672 [grpc-default-executor-4] INFO  client.GrpcClientProtocolClient (GrpcClientProtocolClient.java:onNext(264)) - client-734BBEB428D7->a5e38e3e-c2ad-4348-acb9-3fc25cfb14dd: receive RaftClientReply:client-734BBEB428D7->a5e38e3e-c2ad-4348-acb9-3fc25cfb14dd@group-7000B19605CB, cid=2790, SUCCESS, logIndex=0, commits[a5e38e3e-c2ad-4348-acb9-3fc25cfb14dd:c4172, 11e48d46-e648-47f9-b6a0-9c7f26654c28:c4171, d1b6a90e-e817-40a7-bec1-608b5cc7d8b6:c4171]
2019-09-11 04:26:10,697 [grpc-default-executor-3] INFO  client.GrpcClientProtocolClient (GrpcClientProtocolClient.java:onNext(264)) - client-734BBEB428D7->a5e38e3e-c2ad-4348-acb9-3fc25cfb14dd: receive RaftClientReply:client-734BBEB428D7->a5e38e3e-c2ad-4348-acb9-3fc25cfb14dd@group-7000B19605CB, cid=2791, SUCCESS, logIndex=4174, commits[a5e38e3e-c2ad-4348-acb9-3fc25cfb14dd:c4175, 11e48d46-e648-47f9-b6a0-9c7f26654c28:c4173, d1b6a90e-e817-40a7-bec1-608b5cc7d8b6:c4173]
2019-09-11 04:26:10,698 [grpc-default-executor-3] INFO  client.GrpcClientProtocolClient (GrpcClientProtocolClient.java:onNext(264)) - client-734BBEB428D7->a5e38e3e-c2ad-4348-acb9-3fc25cfb14dd: receive RaftClientReply:client-734BBEB428D7->a5e38e3e-c2ad-4348-acb9-3fc25cfb14dd@group-7000B19605CB, cid=2792, SUCCESS, logIndex=4175, commits[a5e38e3e-c2ad-4348-acb9-3fc25cfb14dd:c4177, 11e48d46-e648-47f9-b6a0-9c7f26654c28:c4173, d1b6a90e-e817-40a7-bec1-608b5cc7d8b6:c4173]
2019-09-11 04:26:10,698 [grpc-default-executor-3] INFO  client.GrpcClientProtocolClient (GrpcClientProtocolClient.java:onNext(264)) - client-734BBEB428D7->a5e38e3e-c2ad-4348-acb9-3fc25cfb14dd: receive RaftClientReply:client-734BBEB428D7->a5e38e3e-c2ad-4348-acb9-3fc25cfb14dd@group-7000B19605CB, cid=2793, SUCCESS, logIndex=4176, commits[a5e38e3e-c2ad-4348-acb9-3fc25cfb14dd:c4177, 11e48d46-e648-47f9-b6a0-9c7f26654c28:c4173, d1b6a90e-e817-40a7-bec1-608b5cc7d8b6:c4173]
2019-09-11 04:26:10,698 [grpc-default-executor-3] INFO  client.GrpcClientProtocolClient (GrpcClientProtocolClient.java:onNext(264)) - client-734BBEB428D7->a5e38e3e-c2ad-4348-acb9-3fc25cfb14dd: receive RaftClientReply:client-734BBEB428D7->a5e38e3e-c2ad-4348-acb9-3fc25cfb14dd@group-7000B19605CB, cid=2794, SUCCESS, logIndex=4177, commits[a5e38e3e-c2ad-4348-acb9-3fc25cfb14dd:c4177, 11e48d46-e648-47f9-b6a0-9c7f26654c28:c4173, d1b6a90e-e817-40a7-bec1-608b5cc7d8b6:c4173]
2019-09-11 04:26:10,700 [grpc-default-executor-3] INFO  client.GrpcClientProtocolClient (GrpcClientProtocolClient.java:onNext(264)) - client-734BBEB428D7->a5e38e3e-c2ad-4348-acb9-3fc25cfb14dd: receive RaftClientReply:client-734BBEB428D7->a5e38e3e-c2ad-4348-acb9-3fc25cfb14dd@group-7000B19605CB, cid=2795, SUCCESS, logIndex=0, commits[a5e38e3e-c2ad-4348-acb9-3fc25cfb14dd:c4181, 11e48d46-e648-47f9-b6a0-9c7f26654c28:c4175, d1b6a90e-e817-40a7-bec1-608b5cc7d8b6:c4177]
2019-09-11 04:26:10,717 [grpc-default-executor-2] INFO  client.GrpcClientProtocolClient (GrpcClientProtocolClient.java:onNext(264)) - client-734BBEB428D7->a5e38e3e-c2ad-4348-acb9-3fc25cfb14dd: receive RaftClientReply:client-734BBEB428D7->a5e38e3e-c2ad-4348-acb9-3fc25cfb14dd@group-7000B19605CB, cid=2796, SUCCESS, logIndex=4182, commits[a5e38e3e-c2ad-4348-acb9-3fc25cfb14dd:c4183, 11e48d46-e648-47f9-b6a0-9c7f26654c28:c4181, d1b6a90e-e817-40a7-bec1-608b5cc7d8b6:c4181]
2019-09-11 04:26:10,718 [grpc-default-executor-2] INFO  client.GrpcClientProtocolClient (GrpcClientProtocolClient.java:onNext(264)) - client-734BBEB428D7->a5e38e3e-c2ad-4348-acb9-3fc25cfb14dd: receive RaftClientReply:client-734BBEB428D7->a5e38e3e-c2ad-4348-acb9-3fc25cfb14dd@group-7000B19605CB, cid=2797, SUCCESS, logIndex=4183, commits[a5e38e3e-c2ad-4348-acb9-3fc25cfb14dd:c4183, 11e48d46-e648-47f9-b6a0-9c7f26654c28:c4181, d1b6a90e-e817-40a7-bec1-608b5cc7d8b6:c4181]
2019-09-11 04:26:10,729 [grpc-default-executor-3] INFO  client.GrpcClientProtocolClient (GrpcClientProtocolClient.java:onNext(264)) - client-734BBEB428D7->a5e38e3e-c2ad-4348-acb9-3fc25cfb14dd: receive RaftClientReply:client-734BBEB428D7->a5e38e3e-c2ad-4348-acb9-3fc25cfb14dd@group-7000B19605CB, cid=2798, SUCCESS, logIndex=4186, commits[a5e38e3e-c2ad-4348-acb9-3fc25cfb14dd:c4187, 11e48d46-e648-47f9-b6a0-9c7f26654c28:c4183, d1b6a90e-e817-40a7-bec1-608b5cc7d8b6:c4183]
2019-09-11 04:26:10,730 [grpc-default-executor-3] INFO  client.GrpcClientProtocolClient (GrpcClientProtocolClient.java:onNext(264)) - client-734BBEB428D7->a5e38e3e-c2ad-4348-acb9-3fc25cfb14dd: receive RaftClientReply:client-734BBEB428D7->a5e38e3e-c2ad-4348-acb9-3fc25cfb14dd@group-7000B19605CB, cid=2799, SUCCESS, logIndex=4187, commits[a5e38e3e-c2ad-4348-acb9-3fc25cfb14dd:c4187, 11e48d46-e648-47f9-b6a0-9c7f26654c28:c4183, d1b6a90e-e817-40a7-bec1-608b5cc7d8b6:c4183]
2019-09-11 04:26:10,741 [grpc-default-executor-2] INFO  client.GrpcClientProtocolClient (GrpcClientProtocolClient.java:onNext(264)) - client-734BBEB428D7->a5e38e3e-c2ad-4348-acb9-3fc25cfb14dd: receive RaftClientReply:client-734BBEB428D7->a5e38e3e-c2ad-4348-acb9-3fc25cfb14dd@group-7000B19605CB, cid=2800, SUCCESS, logIndex=0, commits[a5e38e3e-c2ad-4348-acb9-3fc25cfb14dd:c4189, 11e48d46-e648-47f9-b6a0-9c7f26654c28:c4187, d1b6a90e-e817-40a7-bec1-608b5cc7d8b6:c4187]
2019-09-11 04:26:10,760 [grpc-default-executor-3] INFO  client.GrpcClientProtocolClient (GrpcClientProtocolClient.java:onNext(264)) - client-734BBEB428D7->a5e38e3e-c2ad-4348-acb9-3fc25cfb14dd: receive RaftClientReply:client-734BBEB428D7->a5e38e3e-c2ad-4348-acb9-3fc25cfb14dd@group-7000B19605CB, cid=2801, SUCCESS, logIndex=4190, commits[a5e38e3e-c2ad-4348-acb9-3fc25cfb14dd:c4191, 11e48d46-e648-47f9-b6a0-9c7f26654c28:c4187, d1b6a90e-e817-40a7-bec1-608b5cc7d8b6:c4189]
2019-09-11 04:26:10,760 [grpc-default-executor-3] INFO  client.GrpcClientProtocolClient (GrpcClientProtocolClient.java:onNext(264)) - client-734BBEB428D7->a5e38e3e-c2ad-4348-acb9-3fc25cfb14dd: receive RaftClientReply:client-734BBEB428D7->a5e38e3e-c2ad-4348-acb9-3fc25cfb14dd@group-7000B19605CB, cid=2802, SUCCESS, logIndex=4191, commits[a5e38e3e-c2ad-4348-acb9-3fc25cfb14dd:c4191, 11e48d46-e648-47f9-b6a0-9c7f26654c28:c4189, d1b6a90e-e817-40a7-bec1-608b5cc7d8b6:c4189]
2019-09-11 04:26:10,761 [grpc-default-executor-3] INFO  client.GrpcClientProtocolClient (GrpcClientProtocolClient.java:onNext(264)) - client-734BBEB428D7->a5e38e3e-c2ad-4348-acb9-3fc25cfb14dd: receive RaftClientReply:client-734BBEB428D7->a5e38e3e-c2ad-4348-acb9-3fc25cfb14dd@group-7000B19605CB, cid=2803, SUCCESS, logIndex=4192, commits[a5e38e3e-c2ad-4348-acb9-3fc25cfb14dd:c4193, 11e48d46-e648-47f9-b6a0-9c7f26654c28:c4189, d1b6a90e-e817-40a7-bec1-608b5cc7d8b6:c4189]
2019-09-11 04:26:10,761 [grpc-default-executor-3] INFO  client.GrpcClientProtocolClient (GrpcClientProtocolClient.java:onNext(264)) - client-734BBEB428D7->a5e38e3e-c2ad-4348-acb9-3fc25cfb14dd: receive RaftClientReply:client-734BBEB428D7->a5e38e3e-c2ad-4348-acb9-3fc25cfb14dd@group-7000B19605CB, cid=2804, SUCCESS, logIndex=4193, commits[a5e38e3e-c2ad-4348-acb9-3fc25cfb14dd:c4193, 11e48d46-e648-47f9-b6a0-9c7f26654c28:c4189, d1b6a90e-e817-40a7-bec1-608b5cc7d8b6:c4189]
2019-09-11 04:26:10,763 [grpc-default-executor-3] INFO  client.GrpcClientProtocolClient (GrpcClientProtocolClient.java:onNext(264)) - client-734BBEB428D7->a5e38e3e-c2ad-4348-acb9-3fc25cfb14dd: receive RaftClientReply:client-734BBEB428D7->a5e38e3e-c2ad-4348-acb9-3fc25cfb14dd@group-7000B19605CB, cid=2805, SUCCESS, logIndex=0, commits[a5e38e3e-c2ad-4348-acb9-3fc25cfb14dd:c4194, 11e48d46-e648-47f9-b6a0-9c7f26654c28:c4191, d1b6a90e-e817-40a7-bec1-608b5cc7d8b6:c4191]
2019-09-11 04:26:10,774 [grpc-default-executor-3] INFO  client.GrpcClientProtocolClient (GrpcClientProtocolClient.java:onNext(264)) - client-734BBEB428D7->a5e38e3e-c2ad-4348-acb9-3fc25cfb14dd: receive RaftClientReply:client-734BBEB428D7->a5e38e3e-c2ad-4348-acb9-3fc25cfb14dd@group-7000B19605CB, cid=2806, SUCCESS, logIndex=4198, commits[a5e38e3e-c2ad-4348-acb9-3fc25cfb14dd:c4198, 11e48d46-e648-47f9-b6a0-9c7f26654c28:c4197, d1b6a90e-e817-40a7-bec1-608b5cc7d8b6:c4197]
2019-09-11 04:26:10,774 [grpc-default-executor-3] INFO  client.GrpcClientProtocolClient (GrpcClientProtocolClient.java:onNext(264)) - client-734BBEB428D7->a5e38e3e-c2ad-4348-acb9-3fc25cfb14dd: receive RaftClientReply:client-734BBEB428D7->a5e38e3e-c2ad-4348-acb9-3fc25cfb14dd@group-7000B19605CB, cid=2807, SUCCESS, logIndex=4199, commits[a5e38e3e-c2ad-4348-acb9-3fc25cfb14dd:c4199, 11e48d46-e648-47f9-b6a0-9c7f26654c28:c4197, d1b6a90e-e817-40a7-bec1-608b5cc7d8b6:c4197]
2019-09-11 04:26:10,792 [grpc-default-executor-4] INFO  client.GrpcClientProtocolClient (GrpcClientProtocolClient.java:onNext(264)) - client-734BBEB428D7->a5e38e3e-c2ad-4348-acb9-3fc25cfb14dd: receive RaftClientReply:client-734BBEB428D7->a5e38e3e-c2ad-4348-acb9-3fc25cfb14dd@group-7000B19605CB, cid=2808, SUCCESS, logIndex=4202, commits[a5e38e3e-c2ad-4348-acb9-3fc25cfb14dd:c4203, 11e48d46-e648-47f9-b6a0-9c7f26654c28:c4201, d1b6a90e-e817-40a7-bec1-608b5cc7d8b6:c4201]
2019-09-11 04:26:10,792 [grpc-default-executor-4] INFO  client.GrpcClientProtocolClient (GrpcClientProtocolClient.java:onNext(264)) - client-734BBEB428D7->a5e38e3e-c2ad-4348-acb9-3fc25cfb14dd: receive RaftClientReply:client-734BBEB428D7->a5e38e3e-c2ad-4348-acb9-3fc25cfb14dd@group-7000B19605CB, cid=2809, SUCCESS, logIndex=4203, commits[a5e38e3e-c2ad-4348-acb9-3fc25cfb14dd:c4203, 11e48d46-e648-47f9-b6a0-9c7f26654c28:c4201, d1b6a90e-e817-40a7-bec1-608b5cc7d8b6:c4201]
2019-09-11 04:26:10,795 [grpc-default-executor-2] INFO  client.GrpcClientProtocolClient (GrpcClientProtocolClient.java:onNext(264)) - client-734BBEB428D7->a5e38e3e-c2ad-4348-acb9-3fc25cfb14dd: receive RaftClientReply:client-734BBEB428D7->a5e38e3e-c2ad-4348-acb9-3fc25cfb14dd@group-7000B19605CB, cid=2810, SUCCESS, logIndex=0, commits[a5e38e3e-c2ad-4348-acb9-3fc25cfb14dd:c4205, 11e48d46-e648-47f9-b6a0-9c7f26654c28:c4203, d1b6a90e-e817-40a7-bec1-608b5cc7d8b6:c4203]
2019-09-11 04:26:10,818 [grpc-default-executor-3] INFO  client.GrpcClientProtocolClient (GrpcClientProtocolClient.java:onNext(264)) - client-734BBEB428D7->a5e38e3e-c2ad-4348-acb9-3fc25cfb14dd: receive RaftClientReply:client-734BBEB428D7->a5e38e3e-c2ad-4348-acb9-3fc25cfb14dd@group-7000B19605CB, cid=2811, SUCCESS, logIndex=4206, commits[a5e38e3e-c2ad-4348-acb9-3fc25cfb14dd:c4207, 11e48d46-e648-47f9-b6a0-9c7f26654c28:c4205, d1b6a90e-e817-40a7-bec1-608b5cc7d8b6:c4205]
2019-09-11 04:26:10,819 [grpc-default-executor-3] INFO  client.GrpcClientProtocolClient (GrpcClientProtocolClient.java:onNext(264)) - client-734BBEB428D7->a5e38e3e-c2ad-4348-acb9-3fc25cfb14dd: receive RaftClientReply:client-734BBEB428D7->a5e38e3e-c2ad-4348-acb9-3fc25cfb14dd@group-7000B19605CB, cid=2812, SUCCESS, logIndex=4207, commits[a5e38e3e-c2ad-4348-acb9-3fc25cfb14dd:c4209, 11e48d46-e648-47f9-b6a0-9c7f26654c28:c4205, d1b6a90e-e817-40a7-bec1-608b5cc7d8b6:c4205]
2019-09-11 04:26:10,819 [grpc-default-executor-3] INFO  client.GrpcClientProtocolClient (GrpcClientProtocolClient.java:onNext(264)) - client-734BBEB428D7->a5e38e3e-c2ad-4348-acb9-3fc25cfb14dd: receive RaftClientReply:client-734BBEB428D7->a5e38e3e-c2ad-4348-acb9-3fc25cfb14dd@group-7000B19605CB, cid=2813, SUCCESS, logIndex=4208, commits[a5e38e3e-c2ad-4348-acb9-3fc25cfb14dd:c4209, 11e48d46-e648-47f9-b6a0-9c7f26654c28:c4205, d1b6a90e-e817-40a7-bec1-608b5cc7d8b6:c4205]
2019-09-11 04:26:10,819 [grpc-default-executor-3] INFO  client.GrpcClientProtocolClient (GrpcClientProtocolClient.java:onNext(264)) - client-734BBEB428D7->a5e38e3e-c2ad-4348-acb9-3fc25cfb14dd: receive RaftClientReply:client-734BBEB428D7->a5e38e3e-c2ad-4348-acb9-3fc25cfb14dd@group-7000B19605CB, cid=2814, SUCCESS, logIndex=4209, commits[a5e38e3e-c2ad-4348-acb9-3fc25cfb14dd:c4209, 11e48d46-e648-47f9-b6a0-9c7f26654c28:c4205, d1b6a90e-e817-40a7-bec1-608b5cc7d8b6:c4205]
2019-09-11 04:26:10,821 [grpc-default-executor-3] INFO  client.GrpcClientProtocolClient (GrpcClientProtocolClient.java:onNext(264)) - client-734BBEB428D7->a5e38e3e-c2ad-4348-acb9-3fc25cfb14dd: receive RaftClientReply:client-734BBEB428D7->a5e38e3e-c2ad-4348-acb9-3fc25cfb14dd@group-7000B19605CB, cid=2815, SUCCESS, logIndex=0, commits[a5e38e3e-c2ad-4348-acb9-3fc25cfb14dd:c4213, 11e48d46-e648-47f9-b6a0-9c7f26654c28:c4207, d1b6a90e-e817-40a7-bec1-608b5cc7d8b6:c4209]
2019-09-11 04:26:10,839 [grpc-default-executor-4] INFO  client.GrpcClientProtocolClient (GrpcClientProtocolClient.java:onNext(264)) - client-734BBEB428D7->a5e38e3e-c2ad-4348-acb9-3fc25cfb14dd: receive RaftClientReply:client-734BBEB428D7->a5e38e3e-c2ad-4348-acb9-3fc25cfb14dd@group-7000B19605CB, cid=2816, SUCCESS, logIndex=4214, commits[a5e38e3e-c2ad-4348-acb9-3fc25cfb14dd:c4215, 11e48d46-e648-47f9-b6a0-9c7f26654c28:c4213, d1b6a90e-e817-40a7-bec1-608b5cc7d8b6:c4213]
2019-09-11 04:26:10,839 [grpc-default-executor-4] INFO  client.GrpcClientProtocolClient (GrpcClientProtocolClient.java:onNext(264)) - client-734BBEB428D7->a5e38e3e-c2ad-4348-acb9-3fc25cfb14dd: receive RaftClientReply:client-734BBEB428D7->a5e38e3e-c2ad-4348-acb9-3fc25cfb14dd@group-7000B19605CB, cid=2817, SUCCESS, logIndex=4215, commits[a5e38e3e-c2ad-4348-acb9-3fc25cfb14dd:c4215, 11e48d46-e648-47f9-b6a0-9c7f26654c28:c4213, d1b6a90e-e817-40a7-bec1-608b5cc7d8b6:c4213]
2019-09-11 04:26:10,851 [grpc-default-executor-4] INFO  client.GrpcClientProtocolClient (GrpcClientProtocolClient.java:onNext(264)) - client-734BBEB428D7->a5e38e3e-c2ad-4348-acb9-3fc25cfb14dd: receive RaftClientReply:client-734BBEB428D7->a5e38e3e-c2ad-4348-acb9-3fc25cfb14dd@group-7000B19605CB, cid=2818, SUCCESS, logIndex=4218, commits[a5e38e3e-c2ad-4348-acb9-3fc25cfb14dd:c4218, 11e48d46-e648-47f9-b6a0-9c7f26654c28:c4215, d1b6a90e-e817-40a7-bec1-608b5cc7d8b6:c4215]
2019-09-11 04:26:10,852 [grpc-default-executor-4] INFO  client.GrpcClientProtocolClient (GrpcClientProtocolClient.java:onNext(264)) - client-734BBEB428D7->a5e38e3e-c2ad-4348-acb9-3fc25cfb14dd: receive RaftClientReply:client-734BBEB428D7->a5e38e3e-c2ad-4348-acb9-3fc25cfb14dd@group-7000B19605CB, cid=2819, SUCCESS, logIndex=4219, commits[a5e38e3e-c2ad-4348-acb9-3fc25cfb14dd:c4219, 11e48d46-e648-47f9-b6a0-9c7f26654c28:c4215, d1b6a90e-e817-40a7-bec1-608b5cc7d8b6:c4215]
2019-09-11 04:26:10,865 [grpc-default-executor-2] INFO  client.GrpcClientProtocolClient (GrpcClientProtocolClient.java:onNext(264)) - client-734BBEB428D7->a5e38e3e-c2ad-4348-acb9-3fc25cfb14dd: receive RaftClientReply:client-734BBEB428D7->a5e38e3e-c2ad-4348-acb9-3fc25cfb14dd@group-7000B19605CB, cid=2820, SUCCESS, logIndex=0, commits[a5e38e3e-c2ad-4348-acb9-3fc25cfb14dd:c4221, 11e48d46-e648-47f9-b6a0-9c7f26654c28:c4219, d1b6a90e-e817-40a7-bec1-608b5cc7d8b6:c4219]
2019-09-11 04:26:10,889 [grpc-default-executor-4] INFO  client.GrpcClientProtocolClient (GrpcClientProtocolClient.java:onNext(264)) - client-734BBEB428D7->a5e38e3e-c2ad-4348-acb9-3fc25cfb14dd: receive RaftClientReply:client-734BBEB428D7->a5e38e3e-c2ad-4348-acb9-3fc25cfb14dd@group-7000B19605CB, cid=2821, SUCCESS, logIndex=4222, commits[a5e38e3e-c2ad-4348-acb9-3fc25cfb14dd:c4223, 11e48d46-e648-47f9-b6a0-9c7f26654c28:c4221, d1b6a90e-e817-40a7-bec1-608b5cc7d8b6:c4221]
2019-09-11 04:26:10,890 [grpc-default-executor-4] INFO  client.GrpcClientProtocolClient (GrpcClientProtocolClient.java:onNext(264)) - client-734BBEB428D7->a5e38e3e-c2ad-4348-acb9-3fc25cfb14dd: receive RaftClientReply:client-734BBEB428D7->a5e38e3e-c2ad-4348-acb9-3fc25cfb14dd@group-7000B19605CB, cid=2822, SUCCESS, logIndex=4223, commits[a5e38e3e-c2ad-4348-acb9-3fc25cfb14dd:c4225, 11e48d46-e648-47f9-b6a0-9c7f26654c28:c4221, d1b6a90e-e817-40a7-bec1-608b5cc7d8b6:c4221]
2019-09-11 04:26:10,890 [grpc-default-executor-4] INFO  client.GrpcClientProtocolClient (GrpcClientProtocolClient.java:onNext(264)) - client-734BBEB428D7->a5e38e3e-c2ad-4348-acb9-3fc25cfb14dd: receive RaftClientReply:client-734BBEB428D7->a5e38e3e-c2ad-4348-acb9-3fc25cfb14dd@group-7000B19605CB, cid=2823, SUCCESS, logIndex=4224, commits[a5e38e3e-c2ad-4348-acb9-3fc25cfb14dd:c4225, 11e48d46-e648-47f9-b6a0-9c7f26654c28:c4221, d1b6a90e-e817-40a7-bec1-608b5cc7d8b6:c4221]
2019-09-11 04:26:10,890 [grpc-default-executor-4] INFO  client.GrpcClientProtocolClient (GrpcClientProtocolClient.java:onNext(264)) - client-734BBEB428D7->a5e38e3e-c2ad-4348-acb9-3fc25cfb14dd: receive RaftClientReply:client-734BBEB428D7->a5e38e3e-c2ad-4348-acb9-3fc25cfb14dd@group-7000B19605CB, cid=2824, SUCCESS, logIndex=4225, commits[a5e38e3e-c2ad-4348-acb9-3fc25cfb14dd:c4225, 11e48d46-e648-47f9-b6a0-9c7f26654c28:c4221, d1b6a90e-e817-40a7-bec1-608b5cc7d8b6:c4221]
2019-09-11 04:26:10,892 [grpc-default-executor-4] INFO  client.GrpcClientProtocolClient (GrpcClientProtocolClient.java:onNext(264)) - client-734BBEB428D7->a5e38e3e-c2ad-4348-acb9-3fc25cfb14dd: receive RaftClientReply:client-734BBEB428D7->a5e38e3e-c2ad-4348-acb9-3fc25cfb14dd@group-7000B19605CB, cid=2825, SUCCESS, logIndex=0, commits[a5e38e3e-c2ad-4348-acb9-3fc25cfb14dd:c4228, 11e48d46-e648-47f9-b6a0-9c7f26654c28:c4223, d1b6a90e-e817-40a7-bec1-608b5cc7d8b6:c4225]
2019-09-11 04:26:10,910 [grpc-default-executor-4] INFO  client.GrpcClientProtocolClient (GrpcClientProtocolClient.java:onNext(264)) - client-734BBEB428D7->a5e38e3e-c2ad-4348-acb9-3fc25cfb14dd: receive RaftClientReply:client-734BBEB428D7->a5e38e3e-c2ad-4348-acb9-3fc25cfb14dd@group-7000B19605CB, cid=2826, SUCCESS, logIndex=4229, commits[a5e38e3e-c2ad-4348-acb9-3fc25cfb14dd:c4230, 11e48d46-e648-47f9-b6a0-9c7f26654c28:c4228, d1b6a90e-e817-40a7-bec1-608b5cc7d8b6:c4228]
2019-09-11 04:26:10,910 [grpc-default-executor-4] INFO  client.GrpcClientProtocolClient (GrpcClientProtocolClient.java:onNext(264)) - client-734BBEB428D7->a5e38e3e-c2ad-4348-acb9-3fc25cfb14dd: receive RaftClientReply:client-734BBEB428D7->a5e38e3e-c2ad-4348-acb9-3fc25cfb14dd@group-7000B19605CB, cid=2827, SUCCESS, logIndex=4230, commits[a5e38e3e-c2ad-4348-acb9-3fc25cfb14dd:c4230, 11e48d46-e648-47f9-b6a0-9c7f26654c28:c4228, d1b6a90e-e817-40a7-bec1-608b5cc7d8b6:c4228]
2019-09-11 04:26:10,924 [grpc-default-executor-3] INFO  client.GrpcClientProtocolClient (GrpcClientProtocolClient.java:onNext(264)) - client-734BBEB428D7->a5e38e3e-c2ad-4348-acb9-3fc25cfb14dd: receive RaftClientReply:client-734BBEB428D7->a5e38e3e-c2ad-4348-acb9-3fc25cfb14dd@group-7000B19605CB, cid=2828, SUCCESS, logIndex=4233, commits[a5e38e3e-c2ad-4348-acb9-3fc25cfb14dd:c4234, 11e48d46-e648-47f9-b6a0-9c7f26654c28:c4230, d1b6a90e-e817-40a7-bec1-608b5cc7d8b6:c4230]
2019-09-11 04:26:10,924 [grpc-default-executor-3] INFO  client.GrpcClientProtocolClient (GrpcClientProtocolClient.java:onNext(264)) - client-734BBEB428D7->a5e38e3e-c2ad-4348-acb9-3fc25cfb14dd: receive RaftClientReply:client-734BBEB428D7->a5e38e3e-c2ad-4348-acb9-3fc25cfb14dd@group-7000B19605CB, cid=2829, SUCCESS, logIndex=4234, commits[a5e38e3e-c2ad-4348-acb9-3fc25cfb14dd:c4234, 11e48d46-e648-47f9-b6a0-9c7f26654c28:c4230, d1b6a90e-e817-40a7-bec1-608b5cc7d8b6:c4230]
2019-09-11 04:26:10,937 [grpc-default-executor-3] INFO  client.GrpcClientProtocolClient (GrpcClientProtocolClient.java:onNext(264)) - client-734BBEB428D7->a5e38e3e-c2ad-4348-acb9-3fc25cfb14dd: receive RaftClientReply:client-734BBEB428D7->a5e38e3e-c2ad-4348-acb9-3fc25cfb14dd@group-7000B19605CB, cid=2830, SUCCESS, logIndex=0, commits[a5e38e3e-c2ad-4348-acb9-3fc25cfb14dd:c4236, 11e48d46-e648-47f9-b6a0-9c7f26654c28:c4234, d1b6a90e-e817-40a7-bec1-608b5cc7d8b6:c4234]
2019-09-11 04:26:10,962 [grpc-default-executor-3] INFO  client.GrpcClientProtocolClient (GrpcClientProtocolClient.java:onNext(264)) - client-734BBEB428D7->a5e38e3e-c2ad-4348-acb9-3fc25cfb14dd: receive RaftClientReply:client-734BBEB428D7->a5e38e3e-c2ad-4348-acb9-3fc25cfb14dd@group-7000B19605CB, cid=2831, SUCCESS, logIndex=4237, commits[a5e38e3e-c2ad-4348-acb9-3fc25cfb14dd:c4238, 11e48d46-e648-47f9-b6a0-9c7f26654c28:c4236, d1b6a90e-e817-40a7-bec1-608b5cc7d8b6:c4236]
2019-09-11 04:26:10,963 [grpc-default-executor-3] INFO  client.GrpcClientProtocolClient (GrpcClientProtocolClient.java:onNext(264)) - client-734BBEB428D7->a5e38e3e-c2ad-4348-acb9-3fc25cfb14dd: receive RaftClientReply:client-734BBEB428D7->a5e38e3e-c2ad-4348-acb9-3fc25cfb14dd@group-7000B19605CB, cid=2832, SUCCESS, logIndex=4238, commits[a5e38e3e-c2ad-4348-acb9-3fc25cfb14dd:c4240, 11e48d46-e648-47f9-b6a0-9c7f26654c28:c4236, d1b6a90e-e817-40a7-bec1-608b5cc7d8b6:c4236]
2019-09-11 04:26:10,963 [grpc-default-executor-3] INFO  client.GrpcClientProtocolClient (GrpcClientProtocolClient.java:onNext(264)) - client-734BBEB428D7->a5e38e3e-c2ad-4348-acb9-3fc25cfb14dd: receive RaftClientReply:client-734BBEB428D7->a5e38e3e-c2ad-4348-acb9-3fc25cfb14dd@group-7000B19605CB, cid=2833, SUCCESS, logIndex=4239, commits[a5e38e3e-c2ad-4348-acb9-3fc25cfb14dd:c4240, 11e48d46-e648-47f9-b6a0-9c7f26654c28:c4236, d1b6a90e-e817-40a7-bec1-608b5cc7d8b6:c4236]
2019-09-11 04:26:10,963 [grpc-default-executor-3] INFO  client.GrpcClientProtocolClient (GrpcClientProtocolClient.java:onNext(264)) - client-734BBEB428D7->a5e38e3e-c2ad-4348-acb9-3fc25cfb14dd: receive RaftClientReply:client-734BBEB428D7->a5e38e3e-c2ad-4348-acb9-3fc25cfb14dd@group-7000B19605CB, cid=2834, SUCCESS, logIndex=4240, commits[a5e38e3e-c2ad-4348-acb9-3fc25cfb14dd:c4240, 11e48d46-e648-47f9-b6a0-9c7f26654c28:c4236, d1b6a90e-e817-40a7-bec1-608b5cc7d8b6:c4236]
2019-09-11 04:26:10,965 [grpc-default-executor-3] INFO  client.GrpcClientProtocolClient (GrpcClientProtocolClient.java:onNext(264)) - client-734BBEB428D7->a5e38e3e-c2ad-4348-acb9-3fc25cfb14dd: receive RaftClientReply:client-734BBEB428D7->a5e38e3e-c2ad-4348-acb9-3fc25cfb14dd@group-7000B19605CB, cid=2835, SUCCESS, logIndex=0, commits[a5e38e3e-c2ad-4348-acb9-3fc25cfb14dd:c4244, 11e48d46-e648-47f9-b6a0-9c7f26654c28:c4238, d1b6a90e-e817-40a7-bec1-608b5cc7d8b6:c4240]
2019-09-11 04:26:10,983 [grpc-default-executor-4] INFO  client.GrpcClientProtocolClient (GrpcClientProtocolClient.java:onNext(264)) - client-734BBEB428D7->a5e38e3e-c2ad-4348-acb9-3fc25cfb14dd: receive RaftClientReply:client-734BBEB428D7->a5e38e3e-c2ad-4348-acb9-3fc25cfb14dd@group-7000B19605CB, cid=2836, SUCCESS, logIndex=4245, commits[a5e38e3e-c2ad-4348-acb9-3fc25cfb14dd:c4246, 11e48d46-e648-47f9-b6a0-9c7f26654c28:c4244, d1b6a90e-e817-40a7-bec1-608b5cc7d8b6:c4244]
2019-09-11 04:26:10,983 [grpc-default-executor-4] INFO  client.GrpcClientProtocolClient (GrpcClientProtocolClient.java:onNext(264)) - client-734BBEB428D7->a5e38e3e-c2ad-4348-acb9-3fc25cfb14dd: receive RaftClientReply:client-734BBEB428D7->a5e38e3e-c2ad-4348-acb9-3fc25cfb14dd@group-7000B19605CB, cid=2837, SUCCESS, logIndex=4246, commits[a5e38e3e-c2ad-4348-acb9-3fc25cfb14dd:c4246, 11e48d46-e648-47f9-b6a0-9c7f26654c28:c4244, d1b6a90e-e817-40a7-bec1-608b5cc7d8b6:c4244]
2019-09-11 04:26:10,994 [grpc-default-executor-1] INFO  client.GrpcClientProtocolClient (GrpcClientProtocolClient.java:onNext(264)) - client-734BBEB428D7->a5e38e3e-c2ad-4348-acb9-3fc25cfb14dd: receive RaftClientReply:client-734BBEB428D7->a5e38e3e-c2ad-4348-acb9-3fc25cfb14dd@group-7000B19605CB, cid=2838, SUCCESS, logIndex=4249, commits[a5e38e3e-c2ad-4348-acb9-3fc25cfb14dd:c4249, 11e48d46-e648-47f9-b6a0-9c7f26654c28:c4245, d1b6a90e-e817-40a7-bec1-608b5cc7d8b6:c4246]
2019-09-11 04:26:10,994 [grpc-default-executor-1] INFO  client.GrpcClientProtocolClient (GrpcClientProtocolClient.java:onNext(264)) - client-734BBEB428D7->a5e38e3e-c2ad-4348-acb9-3fc25cfb14dd: receive RaftClientReply:client-734BBEB428D7->a5e38e3e-c2ad-4348-acb9-3fc25cfb14dd@group-7000B19605CB, cid=2839, SUCCESS, logIndex=4250, commits[a5e38e3e-c2ad-4348-acb9-3fc25cfb14dd:c4250, 11e48d46-e648-47f9-b6a0-9c7f26654c28:c4246, d1b6a90e-e817-40a7-bec1-608b5cc7d8b6:c4246]
2019-09-11 04:26:11,105 [grpc-default-executor-1] INFO  client.GrpcClientProtocolClient (GrpcClientProtocolClient.java:onNext(264)) - client-734BBEB428D7->a5e38e3e-c2ad-4348-acb9-3fc25cfb14dd: receive RaftClientReply:client-734BBEB428D7->a5e38e3e-c2ad-4348-acb9-3fc25cfb14dd@group-7000B19605CB, cid=2840, SUCCESS, logIndex=0, commits[a5e38e3e-c2ad-4348-acb9-3fc25cfb14dd:c4252, 11e48d46-e648-47f9-b6a0-9c7f26654c28:c4250, d1b6a90e-e817-40a7-bec1-608b5cc7d8b6:c4250]
2019-09-11 04:26:11,149 [grpc-default-executor-2] INFO  client.GrpcClientProtocolClient (GrpcClientProtocolClient.java:onNext(264)) - client-734BBEB428D7->a5e38e3e-c2ad-4348-acb9-3fc25cfb14dd: receive RaftClientReply:client-734BBEB428D7->a5e38e3e-c2ad-4348-acb9-3fc25cfb14dd@group-7000B19605CB, cid=2841, SUCCESS, logIndex=4253, commits[a5e38e3e-c2ad-4348-acb9-3fc25cfb14dd:c4254, 11e48d46-e648-47f9-b6a0-9c7f26654c28:c4252, d1b6a90e-e817-40a7-bec1-608b5cc7d8b6:c4252]
2019-09-11 04:26:11,149 [grpc-default-executor-2] INFO  client.GrpcClientProtocolClient (GrpcClientProtocolClient.java:onNext(264)) - client-734BBEB428D7->a5e38e3e-c2ad-4348-acb9-3fc25cfb14dd: receive RaftClientReply:client-734BBEB428D7->a5e38e3e-c2ad-4348-acb9-3fc25cfb14dd@group-7000B19605CB, cid=2842, SUCCESS, logIndex=4254, commits[a5e38e3e-c2ad-4348-acb9-3fc25cfb14dd:c4254, 11e48d46-e648-47f9-b6a0-9c7f26654c28:c4252, d1b6a90e-e817-40a7-bec1-608b5cc7d8b6:c4252]
2019-09-11 04:26:11,159 [grpc-default-executor-2] INFO  client.GrpcClientProtocolClient (GrpcClientProtocolClient.java:onNext(264)) - client-734BBEB428D7->a5e38e3e-c2ad-4348-acb9-3fc25cfb14dd: receive RaftClientReply:client-734BBEB428D7->a5e38e3e-c2ad-4348-acb9-3fc25cfb14dd@group-7000B19605CB, cid=2843, SUCCESS, logIndex=4255, commits[a5e38e3e-c2ad-4348-acb9-3fc25cfb14dd:c4256, 11e48d46-e648-47f9-b6a0-9c7f26654c28:c4252, d1b6a90e-e817-40a7-bec1-608b5cc7d8b6:c4252]
2019-09-11 04:26:11,160 [grpc-default-executor-2] INFO  client.GrpcClientProtocolClient (GrpcClientProtocolClient.java:onNext(264)) - client-734BBEB428D7->a5e38e3e-c2ad-4348-acb9-3fc25cfb14dd: receive RaftClientReply:client-734BBEB428D7->a5e38e3e-c2ad-4348-acb9-3fc25cfb14dd@group-7000B19605CB, cid=2844, SUCCESS, logIndex=4256, commits[a5e38e3e-c2ad-4348-acb9-3fc25cfb14dd:c4256, 11e48d46-e648-47f9-b6a0-9c7f26654c28:c4252, d1b6a90e-e817-40a7-bec1-608b5cc7d8b6:c4252]
2019-09-11 04:26:11,162 [grpc-default-executor-2] INFO  client.GrpcClientProtocolClient (GrpcClientProtocolClient.java:onNext(264)) - client-734BBEB428D7->a5e38e3e-c2ad-4348-acb9-3fc25cfb14dd: receive RaftClientReply:client-734BBEB428D7->a5e38e3e-c2ad-4348-acb9-3fc25cfb14dd@group-7000B19605CB, cid=2845, SUCCESS, logIndex=0, commits[a5e38e3e-c2ad-4348-acb9-3fc25cfb14dd:c4259, 11e48d46-e648-47f9-b6a0-9c7f26654c28:c4256, d1b6a90e-e817-40a7-bec1-608b5cc7d8b6:c4254]
 0.00% |█                                                                                                    |  0/1 Time: 0:00:222019-09-11 04:26:11,180 [grpc-default-executor-2] INFO  client.GrpcClientProtocolClient (GrpcClientProtocolClient.java:onNext(264)) - client-734BBEB428D7->a5e38e3e-c2ad-4348-acb9-3fc25cfb14dd: receive RaftClientReply:client-734BBEB428D7->a5e38e3e-c2ad-4348-acb9-3fc25cfb14dd@group-7000B19605CB, cid=2846, SUCCESS, logIndex=4260, commits[a5e38e3e-c2ad-4348-acb9-3fc25cfb14dd:c4261, 11e48d46-e648-47f9-b6a0-9c7f26654c28:c4259, d1b6a90e-e817-40a7-bec1-608b5cc7d8b6:c4259]
2019-09-11 04:26:11,180 [grpc-default-executor-2] INFO  client.GrpcClientProtocolClient (GrpcClientProtocolClient.java:onNext(264)) - client-734BBEB428D7->a5e38e3e-c2ad-4348-acb9-3fc25cfb14dd: receive RaftClientReply:client-734BBEB428D7->a5e38e3e-c2ad-4348-acb9-3fc25cfb14dd@group-7000B19605CB, cid=2847, SUCCESS, logIndex=4261, commits[a5e38e3e-c2ad-4348-acb9-3fc25cfb14dd:c4261, 11e48d46-e648-47f9-b6a0-9c7f26654c28:c4259, d1b6a90e-e817-40a7-bec1-608b5cc7d8b6:c4259]
2019-09-11 04:26:11,193 [grpc-default-executor-2] INFO  client.GrpcClientProtocolClient (GrpcClientProtocolClient.java:onNext(264)) - client-734BBEB428D7->a5e38e3e-c2ad-4348-acb9-3fc25cfb14dd: receive RaftClientReply:client-734BBEB428D7->a5e38e3e-c2ad-4348-acb9-3fc25cfb14dd@group-7000B19605CB, cid=2848, SUCCESS, logIndex=4264, commits[a5e38e3e-c2ad-4348-acb9-3fc25cfb14dd:c4264, 11e48d46-e648-47f9-b6a0-9c7f26654c28:c4261, d1b6a90e-e817-40a7-bec1-608b5cc7d8b6:c4261]
2019-09-11 04:26:11,193 [grpc-default-executor-2] INFO  client.GrpcClientProtocolClient (GrpcClientProtocolClient.java:onNext(264)) - client-734BBEB428D7->a5e38e3e-c2ad-4348-acb9-3fc25cfb14dd: receive RaftClientReply:client-734BBEB428D7->a5e38e3e-c2ad-4348-acb9-3fc25cfb14dd@group-7000B19605CB, cid=2849, SUCCESS, logIndex=4265, commits[a5e38e3e-c2ad-4348-acb9-3fc25cfb14dd:c4265, 11e48d46-e648-47f9-b6a0-9c7f26654c28:c4261, d1b6a90e-e817-40a7-bec1-608b5cc7d8b6:c4261]
2019-09-11 04:26:11,205 [grpc-default-executor-3] INFO  client.GrpcClientProtocolClient (GrpcClientProtocolClient.java:onNext(264)) - client-734BBEB428D7->a5e38e3e-c2ad-4348-acb9-3fc25cfb14dd: receive RaftClientReply:client-734BBEB428D7->a5e38e3e-c2ad-4348-acb9-3fc25cfb14dd@group-7000B19605CB, cid=2850, SUCCESS, logIndex=0, commits[a5e38e3e-c2ad-4348-acb9-3fc25cfb14dd:c4266, 11e48d46-e648-47f9-b6a0-9c7f26654c28:c4265, d1b6a90e-e817-40a7-bec1-608b5cc7d8b6:c4265]
2019-09-11 04:26:11,234 [grpc-default-executor-1] INFO  client.GrpcClientProtocolClient (GrpcClientProtocolClient.java:onNext(264)) - client-734BBEB428D7->a5e38e3e-c2ad-4348-acb9-3fc25cfb14dd: receive RaftClientReply:client-734BBEB428D7->a5e38e3e-c2ad-4348-acb9-3fc25cfb14dd@group-7000B19605CB, cid=2851, SUCCESS, logIndex=4268, commits[a5e38e3e-c2ad-4348-acb9-3fc25cfb14dd:c4269, 11e48d46-e648-47f9-b6a0-9c7f26654c28:c4267, d1b6a90e-e817-40a7-bec1-608b5cc7d8b6:c4267]
2019-09-11 04:26:11,234 [grpc-default-executor-1] INFO  client.GrpcClientProtocolClient (GrpcClientProtocolClient.java:onNext(264)) - client-734BBEB428D7->a5e38e3e-c2ad-4348-acb9-3fc25cfb14dd: receive RaftClientReply:client-734BBEB428D7->a5e38e3e-c2ad-4348-acb9-3fc25cfb14dd@group-7000B19605CB, cid=2852, SUCCESS, logIndex=4269, commits[a5e38e3e-c2ad-4348-acb9-3fc25cfb14dd:c4271, 11e48d46-e648-47f9-b6a0-9c7f26654c28:c4267, d1b6a90e-e817-40a7-bec1-608b5cc7d8b6:c4267]
2019-09-11 04:26:11,234 [grpc-default-executor-1] INFO  client.GrpcClientProtocolClient (GrpcClientProtocolClient.java:onNext(264)) - client-734BBEB428D7->a5e38e3e-c2ad-4348-acb9-3fc25cfb14dd: receive RaftClientReply:client-734BBEB428D7->a5e38e3e-c2ad-4348-acb9-3fc25cfb14dd@group-7000B19605CB, cid=2853, SUCCESS, logIndex=4270, commits[a5e38e3e-c2ad-4348-acb9-3fc25cfb14dd:c4271, 11e48d46-e648-47f9-b6a0-9c7f26654c28:c4267, d1b6a90e-e817-40a7-bec1-608b5cc7d8b6:c4267]
2019-09-11 04:26:11,235 [grpc-default-executor-1] INFO  client.GrpcClientProtocolClient (GrpcClientProtocolClient.java:onNext(264)) - client-734BBEB428D7->a5e38e3e-c2ad-4348-acb9-3fc25cfb14dd: receive RaftClientReply:client-734BBEB428D7->a5e38e3e-c2ad-4348-acb9-3fc25cfb14dd@group-7000B19605CB, cid=2854, SUCCESS, logIndex=4271, commits[a5e38e3e-c2ad-4348-acb9-3fc25cfb14dd:c4271, 11e48d46-e648-47f9-b6a0-9c7f26654c28:c4268, d1b6a90e-e817-40a7-bec1-608b5cc7d8b6:c4267]
2019-09-11 04:26:11,236 [grpc-default-executor-1] INFO  client.GrpcClientProtocolClient (GrpcClientProtocolClient.java:onNext(264)) - client-734BBEB428D7->a5e38e3e-c2ad-4348-acb9-3fc25cfb14dd: receive RaftClientReply:client-734BBEB428D7->a5e38e3e-c2ad-4348-acb9-3fc25cfb14dd@group-7000B19605CB, cid=2855, SUCCESS, logIndex=0, commits[a5e38e3e-c2ad-4348-acb9-3fc25cfb14dd:c4274, 11e48d46-e648-47f9-b6a0-9c7f26654c28:c4269, d1b6a90e-e817-40a7-bec1-608b5cc7d8b6:c4270]
2019-09-11 04:26:11,254 [grpc-default-executor-3] INFO  client.GrpcClientProtocolClient (GrpcClientProtocolClient.java:onNext(264)) - client-734BBEB428D7->a5e38e3e-c2ad-4348-acb9-3fc25cfb14dd: receive RaftClientReply:client-734BBEB428D7->a5e38e3e-c2ad-4348-acb9-3fc25cfb14dd@group-7000B19605CB, cid=2856, SUCCESS, logIndex=4276, commits[a5e38e3e-c2ad-4348-acb9-3fc25cfb14dd:c4277, 11e48d46-e648-47f9-b6a0-9c7f26654c28:c4275, d1b6a90e-e817-40a7-bec1-608b5cc7d8b6:c4275]
2019-09-11 04:26:11,255 [grpc-default-executor-3] INFO  client.GrpcClientProtocolClient (GrpcClientProtocolClient.java:onNext(264)) - client-734BBEB428D7->a5e38e3e-c2ad-4348-acb9-3fc25cfb14dd: receive RaftClientReply:client-734BBEB428D7->a5e38e3e-c2ad-4348-acb9-3fc25cfb14dd@group-7000B19605CB, cid=2857, SUCCESS, logIndex=4277, commits[a5e38e3e-c2ad-4348-acb9-3fc25cfb14dd:c4277, 11e48d46-e648-47f9-b6a0-9c7f26654c28:c4275, d1b6a90e-e817-40a7-bec1-608b5cc7d8b6:c4275]
2019-09-11 04:26:11,268 [grpc-default-executor-2] INFO  client.GrpcClientProtocolClient (GrpcClientProtocolClient.java:onNext(264)) - client-734BBEB428D7->a5e38e3e-c2ad-4348-acb9-3fc25cfb14dd: receive RaftClientReply:client-734BBEB428D7->a5e38e3e-c2ad-4348-acb9-3fc25cfb14dd@group-7000B19605CB, cid=2858, SUCCESS, logIndex=4280, commits[a5e38e3e-c2ad-4348-acb9-3fc25cfb14dd:c4280, 11e48d46-e648-47f9-b6a0-9c7f26654c28:c4277, d1b6a90e-e817-40a7-bec1-608b5cc7d8b6:c4277]
2019-09-11 04:26:11,268 [grpc-default-executor-2] INFO  client.GrpcClientProtocolClient (GrpcClientProtocolClient.java:onNext(264)) - client-734BBEB428D7->a5e38e3e-c2ad-4348-acb9-3fc25cfb14dd: receive RaftClientReply:client-734BBEB428D7->a5e38e3e-c2ad-4348-acb9-3fc25cfb14dd@group-7000B19605CB, cid=2859, SUCCESS, logIndex=4281, commits[a5e38e3e-c2ad-4348-acb9-3fc25cfb14dd:c4281, 11e48d46-e648-47f9-b6a0-9c7f26654c28:c4277, d1b6a90e-e817-40a7-bec1-608b5cc7d8b6:c4277]
2019-09-11 04:26:11,280 [grpc-default-executor-2] INFO  client.GrpcClientProtocolClient (GrpcClientProtocolClient.java:onNext(264)) - client-734BBEB428D7->a5e38e3e-c2ad-4348-acb9-3fc25cfb14dd: receive RaftClientReply:client-734BBEB428D7->a5e38e3e-c2ad-4348-acb9-3fc25cfb14dd@group-7000B19605CB, cid=2860, SUCCESS, logIndex=0, commits[a5e38e3e-c2ad-4348-acb9-3fc25cfb14dd:c4283, 11e48d46-e648-47f9-b6a0-9c7f26654c28:c4281, d1b6a90e-e817-40a7-bec1-608b5cc7d8b6:c4281]
2019-09-11 04:26:11,300 [grpc-default-executor-2] INFO  client.GrpcClientProtocolClient (GrpcClientProtocolClient.java:onNext(264)) - client-734BBEB428D7->a5e38e3e-c2ad-4348-acb9-3fc25cfb14dd: receive RaftClientReply:client-734BBEB428D7->a5e38e3e-c2ad-4348-acb9-3fc25cfb14dd@group-7000B19605CB, cid=2861, SUCCESS, logIndex=4284, commits[a5e38e3e-c2ad-4348-acb9-3fc25cfb14dd:c4284, 11e48d46-e648-47f9-b6a0-9c7f26654c28:c4281, d1b6a90e-e817-40a7-bec1-608b5cc7d8b6:c4283]
2019-09-11 04:26:11,300 [grpc-default-executor-2] INFO  client.GrpcClientProtocolClient (GrpcClientProtocolClient.java:onNext(264)) - client-734BBEB428D7->a5e38e3e-c2ad-4348-acb9-3fc25cfb14dd: receive RaftClientReply:client-734BBEB428D7->a5e38e3e-c2ad-4348-acb9-3fc25cfb14dd@group-7000B19605CB, cid=2862, SUCCESS, logIndex=4285, commits[a5e38e3e-c2ad-4348-acb9-3fc25cfb14dd:c4285, 11e48d46-e648-47f9-b6a0-9c7f26654c28:c4281, d1b6a90e-e817-40a7-bec1-608b5cc7d8b6:c4283]
2019-09-11 04:26:11,301 [grpc-default-executor-2] INFO  client.GrpcClientProtocolClient (GrpcClientProtocolClient.java:onNext(264)) - client-734BBEB428D7->a5e38e3e-c2ad-4348-acb9-3fc25cfb14dd: receive RaftClientReply:client-734BBEB428D7->a5e38e3e-c2ad-4348-acb9-3fc25cfb14dd@group-7000B19605CB, cid=2863, SUCCESS, logIndex=4286, commits[a5e38e3e-c2ad-4348-acb9-3fc25cfb14dd:c4287, 11e48d46-e648-47f9-b6a0-9c7f26654c28:c4283, d1b6a90e-e817-40a7-bec1-608b5cc7d8b6:c4283]
2019-09-11 04:26:11,301 [grpc-default-executor-1] INFO  client.GrpcClientProtocolClient (GrpcClientProtocolClient.java:onNext(264)) - client-734BBEB428D7->a5e38e3e-c2ad-4348-acb9-3fc25cfb14dd: receive RaftClientReply:client-734BBEB428D7->a5e38e3e-c2ad-4348-acb9-3fc25cfb14dd@group-7000B19605CB, cid=2864, SUCCESS, logIndex=4287, commits[a5e38e3e-c2ad-4348-acb9-3fc25cfb14dd:c4287, 11e48d46-e648-47f9-b6a0-9c7f26654c28:c4283, d1b6a90e-e817-40a7-bec1-608b5cc7d8b6:c4283]
2019-09-11 04:26:11,303 [grpc-default-executor-1] INFO  client.GrpcClientProtocolClient (GrpcClientProtocolClient.java:onNext(264)) - client-734BBEB428D7->a5e38e3e-c2ad-4348-acb9-3fc25cfb14dd: receive RaftClientReply:client-734BBEB428D7->a5e38e3e-c2ad-4348-acb9-3fc25cfb14dd@group-7000B19605CB, cid=2865, SUCCESS, logIndex=0, commits[a5e38e3e-c2ad-4348-acb9-3fc25cfb14dd:c4289, 11e48d46-e648-47f9-b6a0-9c7f26654c28:c4285, d1b6a90e-e817-40a7-bec1-608b5cc7d8b6:c4285]
2019-09-11 04:26:11,321 [grpc-default-executor-2] INFO  client.GrpcClientProtocolClient (GrpcClientProtocolClient.java:onNext(264)) - client-734BBEB428D7->a5e38e3e-c2ad-4348-acb9-3fc25cfb14dd: receive RaftClientReply:client-734BBEB428D7->a5e38e3e-c2ad-4348-acb9-3fc25cfb14dd@group-7000B19605CB, cid=2866, SUCCESS, logIndex=4292, commits[a5e38e3e-c2ad-4348-acb9-3fc25cfb14dd:c4293, 11e48d46-e648-47f9-b6a0-9c7f26654c28:c4291, d1b6a90e-e817-40a7-bec1-608b5cc7d8b6:c4291]
2019-09-11 04:26:11,321 [grpc-default-executor-2] INFO  client.GrpcClientProtocolClient (GrpcClientProtocolClient.java:onNext(264)) - client-734BBEB428D7->a5e38e3e-c2ad-4348-acb9-3fc25cfb14dd: receive RaftClientReply:client-734BBEB428D7->a5e38e3e-c2ad-4348-acb9-3fc25cfb14dd@group-7000B19605CB, cid=2867, SUCCESS, logIndex=4293, commits[a5e38e3e-c2ad-4348-acb9-3fc25cfb14dd:c4293, 11e48d46-e648-47f9-b6a0-9c7f26654c28:c4291, d1b6a90e-e817-40a7-bec1-608b5cc7d8b6:c4291]
2019-09-11 04:26:11,339 [grpc-default-executor-4] INFO  client.GrpcClientProtocolClient (GrpcClientProtocolClient.java:onNext(264)) - client-734BBEB428D7->a5e38e3e-c2ad-4348-acb9-3fc25cfb14dd: receive RaftClientReply:client-734BBEB428D7->a5e38e3e-c2ad-4348-acb9-3fc25cfb14dd@group-7000B19605CB, cid=2868, SUCCESS, logIndex=4296, commits[a5e38e3e-c2ad-4348-acb9-3fc25cfb14dd:c4297, 11e48d46-e648-47f9-b6a0-9c7f26654c28:c4295, d1b6a90e-e817-40a7-bec1-608b5cc7d8b6:c4295]
2019-09-11 04:26:11,339 [grpc-default-executor-4] INFO  client.GrpcClientProtocolClient (GrpcClientProtocolClient.java:onNext(264)) - client-734BBEB428D7->a5e38e3e-c2ad-4348-acb9-3fc25cfb14dd: receive RaftClientReply:client-734BBEB428D7->a5e38e3e-c2ad-4348-acb9-3fc25cfb14dd@group-7000B19605CB, cid=2869, SUCCESS, logIndex=4297, commits[a5e38e3e-c2ad-4348-acb9-3fc25cfb14dd:c4297, 11e48d46-e648-47f9-b6a0-9c7f26654c28:c4295, d1b6a90e-e817-40a7-bec1-608b5cc7d8b6:c4295]
2019-09-11 04:26:11,352 [grpc-default-executor-3] INFO  client.GrpcClientProtocolClient (GrpcClientProtocolClient.java:onNext(264)) - client-734BBEB428D7->a5e38e3e-c2ad-4348-acb9-3fc25cfb14dd: receive RaftClientReply:client-734BBEB428D7->a5e38e3e-c2ad-4348-acb9-3fc25cfb14dd@group-7000B19605CB, cid=2870, SUCCESS, logIndex=0, commits[a5e38e3e-c2ad-4348-acb9-3fc25cfb14dd:c4299, 11e48d46-e648-47f9-b6a0-9c7f26654c28:c4297, d1b6a90e-e817-40a7-bec1-608b5cc7d8b6:c4297]
2019-09-11 04:26:11,377 [grpc-default-executor-3] INFO  client.GrpcClientProtocolClient (GrpcClientProtocolClient.java:onNext(264)) - client-734BBEB428D7->a5e38e3e-c2ad-4348-acb9-3fc25cfb14dd: receive RaftClientReply:client-734BBEB428D7->a5e38e3e-c2ad-4348-acb9-3fc25cfb14dd@group-7000B19605CB, cid=2871, SUCCESS, logIndex=4300, commits[a5e38e3e-c2ad-4348-acb9-3fc25cfb14dd:c4302, 11e48d46-e648-47f9-b6a0-9c7f26654c28:c4299, d1b6a90e-e817-40a7-bec1-608b5cc7d8b6:c4299]
2019-09-11 04:26:11,377 [grpc-default-executor-3] INFO  client.GrpcClientProtocolClient (GrpcClientProtocolClient.java:onNext(264)) - client-734BBEB428D7->a5e38e3e-c2ad-4348-acb9-3fc25cfb14dd: receive RaftClientReply:client-734BBEB428D7->a5e38e3e-c2ad-4348-acb9-3fc25cfb14dd@group-7000B19605CB, cid=2872, SUCCESS, logIndex=4301, commits[a5e38e3e-c2ad-4348-acb9-3fc25cfb14dd:c4303, 11e48d46-e648-47f9-b6a0-9c7f26654c28:c4299, d1b6a90e-e817-40a7-bec1-608b5cc7d8b6:c4299]
2019-09-11 04:26:11,378 [grpc-default-executor-3] INFO  client.GrpcClientProtocolClient (GrpcClientProtocolClient.java:onNext(264)) - client-734BBEB428D7->a5e38e3e-c2ad-4348-acb9-3fc25cfb14dd: receive RaftClientReply:client-734BBEB428D7->a5e38e3e-c2ad-4348-acb9-3fc25cfb14dd@group-7000B19605CB, cid=2873, SUCCESS, logIndex=4302, commits[a5e38e3e-c2ad-4348-acb9-3fc25cfb14dd:c4303, 11e48d46-e648-47f9-b6a0-9c7f26654c28:c4299, d1b6a90e-e817-40a7-bec1-608b5cc7d8b6:c4299]
2019-09-11 04:26:11,378 [grpc-default-executor-3] INFO  client.GrpcClientProtocolClient (GrpcClientProtocolClient.java:onNext(264)) - client-734BBEB428D7->a5e38e3e-c2ad-4348-acb9-3fc25cfb14dd: receive RaftClientReply:client-734BBEB428D7->a5e38e3e-c2ad-4348-acb9-3fc25cfb14dd@group-7000B19605CB, cid=2874, SUCCESS, logIndex=4303, commits[a5e38e3e-c2ad-4348-acb9-3fc25cfb14dd:c4303, 11e48d46-e648-47f9-b6a0-9c7f26654c28:c4299, d1b6a90e-e817-40a7-bec1-608b5cc7d8b6:c4299]
2019-09-11 04:26:11,379 [grpc-default-executor-4] INFO  client.GrpcClientProtocolClient (GrpcClientProtocolClient.java:onNext(264)) - client-734BBEB428D7->a5e38e3e-c2ad-4348-acb9-3fc25cfb14dd: receive RaftClientReply:client-734BBEB428D7->a5e38e3e-c2ad-4348-acb9-3fc25cfb14dd@group-7000B19605CB, cid=2875, SUCCESS, logIndex=0, commits[a5e38e3e-c2ad-4348-acb9-3fc25cfb14dd:c4305, 11e48d46-e648-47f9-b6a0-9c7f26654c28:c4301, d1b6a90e-e817-40a7-bec1-608b5cc7d8b6:c4301]
2019-09-11 04:26:11,397 [grpc-default-executor-1] INFO  client.GrpcClientProtocolClient (GrpcClientProtocolClient.java:onNext(264)) - client-734BBEB428D7->a5e38e3e-c2ad-4348-acb9-3fc25cfb14dd: receive RaftClientReply:client-734BBEB428D7->a5e38e3e-c2ad-4348-acb9-3fc25cfb14dd@group-7000B19605CB, cid=2876, SUCCESS, logIndex=4308, commits[a5e38e3e-c2ad-4348-acb9-3fc25cfb14dd:c4309, 11e48d46-e648-47f9-b6a0-9c7f26654c28:c4307, d1b6a90e-e817-40a7-bec1-608b5cc7d8b6:c4307]
2019-09-11 04:26:11,397 [grpc-default-executor-1] INFO  client.GrpcClientProtocolClient (GrpcClientProtocolClient.java:onNext(264)) - client-734BBEB428D7->a5e38e3e-c2ad-4348-acb9-3fc25cfb14dd: receive RaftClientReply:client-734BBEB428D7->a5e38e3e-c2ad-4348-acb9-3fc25cfb14dd@group-7000B19605CB, cid=2877, SUCCESS, logIndex=4309, commits[a5e38e3e-c2ad-4348-acb9-3fc25cfb14dd:c4309, 11e48d46-e648-47f9-b6a0-9c7f26654c28:c4307, d1b6a90e-e817-40a7-bec1-608b5cc7d8b6:c4307]
2019-09-11 04:26:11,416 [grpc-default-executor-1] INFO  client.GrpcClientProtocolClient (GrpcClientProtocolClient.java:onNext(264)) - client-734BBEB428D7->a5e38e3e-c2ad-4348-acb9-3fc25cfb14dd: receive RaftClientReply:client-734BBEB428D7->a5e38e3e-c2ad-4348-acb9-3fc25cfb14dd@group-7000B19605CB, cid=2878, SUCCESS, logIndex=4312, commits[a5e38e3e-c2ad-4348-acb9-3fc25cfb14dd:c4313, 11e48d46-e648-47f9-b6a0-9c7f26654c28:c4311, d1b6a90e-e817-40a7-bec1-608b5cc7d8b6:c4311]
2019-09-11 04:26:11,417 [grpc-default-executor-1] INFO  client.GrpcClientProtocolClient (GrpcClientProtocolClient.java:onNext(264)) - client-734BBEB428D7->a5e38e3e-c2ad-4348-acb9-3fc25cfb14dd: receive RaftClientReply:client-734BBEB428D7->a5e38e3e-c2ad-4348-acb9-3fc25cfb14dd@group-7000B19605CB, cid=2879, SUCCESS, logIndex=4313, commits[a5e38e3e-c2ad-4348-acb9-3fc25cfb14dd:c4313, 11e48d46-e648-47f9-b6a0-9c7f26654c28:c4311, d1b6a90e-e817-40a7-bec1-608b5cc7d8b6:c4311]
2019-09-11 04:26:11,429 [grpc-default-executor-1] INFO  client.GrpcClientProtocolClient (GrpcClientProtocolClient.java:onNext(264)) - client-734BBEB428D7->a5e38e3e-c2ad-4348-acb9-3fc25cfb14dd: receive RaftClientReply:client-734BBEB428D7->a5e38e3e-c2ad-4348-acb9-3fc25cfb14dd@group-7000B19605CB, cid=2880, SUCCESS, logIndex=0, commits[a5e38e3e-c2ad-4348-acb9-3fc25cfb14dd:c4315, 11e48d46-e648-47f9-b6a0-9c7f26654c28:c4313, d1b6a90e-e817-40a7-bec1-608b5cc7d8b6:c4313]
2019-09-11 04:26:11,458 [grpc-default-executor-2] INFO  client.GrpcClientProtocolClient (GrpcClientProtocolClient.java:onNext(264)) - client-734BBEB428D7->a5e38e3e-c2ad-4348-acb9-3fc25cfb14dd: receive RaftClientReply:client-734BBEB428D7->a5e38e3e-c2ad-4348-acb9-3fc25cfb14dd@group-7000B19605CB, cid=2881, SUCCESS, logIndex=4316, commits[a5e38e3e-c2ad-4348-acb9-3fc25cfb14dd:c4317, 11e48d46-e648-47f9-b6a0-9c7f26654c28:c4315, d1b6a90e-e817-40a7-bec1-608b5cc7d8b6:c4315]
2019-09-11 04:26:11,459 [grpc-default-executor-4] INFO  client.GrpcClientProtocolClient (GrpcClientProtocolClient.java:onNext(264)) - client-734BBEB428D7->a5e38e3e-c2ad-4348-acb9-3fc25cfb14dd: receive RaftClientReply:client-734BBEB428D7->a5e38e3e-c2ad-4348-acb9-3fc25cfb14dd@group-7000B19605CB, cid=2882, SUCCESS, logIndex=4317, commits[a5e38e3e-c2ad-4348-acb9-3fc25cfb14dd:c4317, 11e48d46-e648-47f9-b6a0-9c7f26654c28:c4315, d1b6a90e-e817-40a7-bec1-608b5cc7d8b6:c4315]
2019-09-11 04:26:11,460 [grpc-default-executor-2] INFO  client.GrpcClientProtocolClient (GrpcClientProtocolClient.java:onNext(264)) - client-734BBEB428D7->a5e38e3e-c2ad-4348-acb9-3fc25cfb14dd: receive RaftClientReply:client-734BBEB428D7->a5e38e3e-c2ad-4348-acb9-3fc25cfb14dd@group-7000B19605CB, cid=2883, SUCCESS, logIndex=4318, commits[a5e38e3e-c2ad-4348-acb9-3fc25cfb14dd:c4319, 11e48d46-e648-47f9-b6a0-9c7f26654c28:c4315, d1b6a90e-e817-40a7-bec1-608b5cc7d8b6:c4315]
2019-09-11 04:26:11,460 [grpc-default-executor-2] INFO  client.GrpcClientProtocolClient (GrpcClientProtocolClient.java:onNext(264)) - client-734BBEB428D7->a5e38e3e-c2ad-4348-acb9-3fc25cfb14dd: receive RaftClientReply:client-734BBEB428D7->a5e38e3e-c2ad-4348-acb9-3fc25cfb14dd@group-7000B19605CB, cid=2884, SUCCESS, logIndex=4319, commits[a5e38e3e-c2ad-4348-acb9-3fc25cfb14dd:c4319, 11e48d46-e648-47f9-b6a0-9c7f26654c28:c4315, d1b6a90e-e817-40a7-bec1-608b5cc7d8b6:c4315]
2019-09-11 04:26:11,461 [grpc-default-executor-4] INFO  client.GrpcClientProtocolClient (GrpcClientProtocolClient.java:onNext(264)) - client-734BBEB428D7->a5e38e3e-c2ad-4348-acb9-3fc25cfb14dd: receive RaftClientReply:client-734BBEB428D7->a5e38e3e-c2ad-4348-acb9-3fc25cfb14dd@group-7000B19605CB, cid=2885, SUCCESS, logIndex=0, commits[a5e38e3e-c2ad-4348-acb9-3fc25cfb14dd:c4321, 11e48d46-e648-47f9-b6a0-9c7f26654c28:c4317, d1b6a90e-e817-40a7-bec1-608b5cc7d8b6:c4317]
2019-09-11 04:26:11,480 [grpc-default-executor-1] INFO  client.GrpcClientProtocolClient (GrpcClientProtocolClient.java:onNext(264)) - client-734BBEB428D7->a5e38e3e-c2ad-4348-acb9-3fc25cfb14dd: receive RaftClientReply:client-734BBEB428D7->a5e38e3e-c2ad-4348-acb9-3fc25cfb14dd@group-7000B19605CB, cid=2886, SUCCESS, logIndex=4324, commits[a5e38e3e-c2ad-4348-acb9-3fc25cfb14dd:c4325, 11e48d46-e648-47f9-b6a0-9c7f26654c28:c4323, d1b6a90e-e817-40a7-bec1-608b5cc7d8b6:c4323]
2019-09-11 04:26:11,480 [grpc-default-executor-1] INFO  client.GrpcClientProtocolClient (GrpcClientProtocolClient.java:onNext(264)) - client-734BBEB428D7->a5e38e3e-c2ad-4348-acb9-3fc25cfb14dd: receive RaftClientReply:client-734BBEB428D7->a5e38e3e-c2ad-4348-acb9-3fc25cfb14dd@group-7000B19605CB, cid=2887, SUCCESS, logIndex=4325, commits[a5e38e3e-c2ad-4348-acb9-3fc25cfb14dd:c4325, 11e48d46-e648-47f9-b6a0-9c7f26654c28:c4323, d1b6a90e-e817-40a7-bec1-608b5cc7d8b6:c4323]
2019-09-11 04:26:11,498 [grpc-default-executor-3] INFO  client.GrpcClientProtocolClient (GrpcClientProtocolClient.java:onNext(264)) - client-734BBEB428D7->a5e38e3e-c2ad-4348-acb9-3fc25cfb14dd: receive RaftClientReply:client-734BBEB428D7->a5e38e3e-c2ad-4348-acb9-3fc25cfb14dd@group-7000B19605CB, cid=2888, SUCCESS, logIndex=4328, commits[a5e38e3e-c2ad-4348-acb9-3fc25cfb14dd:c4329, 11e48d46-e648-47f9-b6a0-9c7f26654c28:c4327, d1b6a90e-e817-40a7-bec1-608b5cc7d8b6:c4327]
2019-09-11 04:26:11,498 [grpc-default-executor-3] INFO  client.GrpcClientProtocolClient (GrpcClientProtocolClient.java:onNext(264)) - client-734BBEB428D7->a5e38e3e-c2ad-4348-acb9-3fc25cfb14dd: receive RaftClientReply:client-734BBEB428D7->a5e38e3e-c2ad-4348-acb9-3fc25cfb14dd@group-7000B19605CB, cid=2889, SUCCESS, logIndex=4329, commits[a5e38e3e-c2ad-4348-acb9-3fc25cfb14dd:c4329, 11e48d46-e648-47f9-b6a0-9c7f26654c28:c4327, d1b6a90e-e817-40a7-bec1-608b5cc7d8b6:c4327]
2019-09-11 04:26:11,509 [grpc-default-executor-3] INFO  client.GrpcClientProtocolClient (GrpcClientProtocolClient.java:onNext(264)) - client-734BBEB428D7->a5e38e3e-c2ad-4348-acb9-3fc25cfb14dd: receive RaftClientReply:client-734BBEB428D7->a5e38e3e-c2ad-4348-acb9-3fc25cfb14dd@group-7000B19605CB, cid=2890, SUCCESS, logIndex=0, commits[a5e38e3e-c2ad-4348-acb9-3fc25cfb14dd:c4331, 11e48d46-e648-47f9-b6a0-9c7f26654c28:c4329, d1b6a90e-e817-40a7-bec1-608b5cc7d8b6:c4329]
2019-09-11 04:26:11,542 [grpc-default-executor-2] INFO  client.GrpcClientProtocolClient (GrpcClientProtocolClient.java:onNext(264)) - client-734BBEB428D7->a5e38e3e-c2ad-4348-acb9-3fc25cfb14dd: receive RaftClientReply:client-734BBEB428D7->a5e38e3e-c2ad-4348-acb9-3fc25cfb14dd@group-7000B19605CB, cid=2891, SUCCESS, logIndex=4332, commits[a5e38e3e-c2ad-4348-acb9-3fc25cfb14dd:c4333, 11e48d46-e648-47f9-b6a0-9c7f26654c28:c4331, d1b6a90e-e817-40a7-bec1-608b5cc7d8b6:c4331]
2019-09-11 04:26:11,543 [grpc-default-executor-2] INFO  client.GrpcClientProtocolClient (GrpcClientProtocolClient.java:onNext(264)) - client-734BBEB428D7->a5e38e3e-c2ad-4348-acb9-3fc25cfb14dd: receive RaftClientReply:client-734BBEB428D7->a5e38e3e-c2ad-4348-acb9-3fc25cfb14dd@group-7000B19605CB, cid=2892, SUCCESS, logIndex=4333, commits[a5e38e3e-c2ad-4348-acb9-3fc25cfb14dd:c4333, 11e48d46-e648-47f9-b6a0-9c7f26654c28:c4331, d1b6a90e-e817-40a7-bec1-608b5cc7d8b6:c4331]
2019-09-11 04:26:11,553 [grpc-default-executor-2] INFO  client.GrpcClientProtocolClient (GrpcClientProtocolClient.java:onNext(264)) - client-734BBEB428D7->a5e38e3e-c2ad-4348-acb9-3fc25cfb14dd: receive RaftClientReply:client-734BBEB428D7->a5e38e3e-c2ad-4348-acb9-3fc25cfb14dd@group-7000B19605CB, cid=2893, SUCCESS, logIndex=4334, commits[a5e38e3e-c2ad-4348-acb9-3fc25cfb14dd:c4335, 11e48d46-e648-47f9-b6a0-9c7f26654c28:c4331, d1b6a90e-e817-40a7-bec1-608b5cc7d8b6:c4331]
2019-09-11 04:26:11,554 [grpc-default-executor-2] INFO  client.GrpcClientProtocolClient (GrpcClientProtocolClient.java:onNext(264)) - client-734BBEB428D7->a5e38e3e-c2ad-4348-acb9-3fc25cfb14dd: receive RaftClientReply:client-734BBEB428D7->a5e38e3e-c2ad-4348-acb9-3fc25cfb14dd@group-7000B19605CB, cid=2894, SUCCESS, logIndex=4335, commits[a5e38e3e-c2ad-4348-acb9-3fc25cfb14dd:c4335, 11e48d46-e648-47f9-b6a0-9c7f26654c28:c4331, d1b6a90e-e817-40a7-bec1-608b5cc7d8b6:c4331]
2019-09-11 04:26:11,555 [grpc-default-executor-2] INFO  client.GrpcClientProtocolClient (GrpcClientProtocolClient.java:onNext(264)) - client-734BBEB428D7->a5e38e3e-c2ad-4348-acb9-3fc25cfb14dd: receive RaftClientReply:client-734BBEB428D7->a5e38e3e-c2ad-4348-acb9-3fc25cfb14dd@group-7000B19605CB, cid=2895, SUCCESS, logIndex=0, commits[a5e38e3e-c2ad-4348-acb9-3fc25cfb14dd:c4336, 11e48d46-e648-47f9-b6a0-9c7f26654c28:c4333, d1b6a90e-e817-40a7-bec1-608b5cc7d8b6:c4333]
2019-09-11 04:26:11,573 [grpc-default-executor-3] INFO  client.GrpcClientProtocolClient (GrpcClientProtocolClient.java:onNext(264)) - client-734BBEB428D7->a5e38e3e-c2ad-4348-acb9-3fc25cfb14dd: receive RaftClientReply:client-734BBEB428D7->a5e38e3e-c2ad-4348-acb9-3fc25cfb14dd@group-7000B19605CB, cid=2896, SUCCESS, logIndex=4338, commits[a5e38e3e-c2ad-4348-acb9-3fc25cfb14dd:c4339, 11e48d46-e648-47f9-b6a0-9c7f26654c28:c4337, d1b6a90e-e817-40a7-bec1-608b5cc7d8b6:c4337]
2019-09-11 04:26:11,574 [grpc-default-executor-3] INFO  client.GrpcClientProtocolClient (GrpcClientProtocolClient.java:onNext(264)) - client-734BBEB428D7->a5e38e3e-c2ad-4348-acb9-3fc25cfb14dd: receive RaftClientReply:client-734BBEB428D7->a5e38e3e-c2ad-4348-acb9-3fc25cfb14dd@group-7000B19605CB, cid=2897, SUCCESS, logIndex=4339, commits[a5e38e3e-c2ad-4348-acb9-3fc25cfb14dd:c4339, 11e48d46-e648-47f9-b6a0-9c7f26654c28:c4337, d1b6a90e-e817-40a7-bec1-608b5cc7d8b6:c4337]
2019-09-11 04:26:11,591 [grpc-default-executor-3] INFO  client.GrpcClientProtocolClient (GrpcClientProtocolClient.java:onNext(264)) - client-734BBEB428D7->a5e38e3e-c2ad-4348-acb9-3fc25cfb14dd: receive RaftClientReply:client-734BBEB428D7->a5e38e3e-c2ad-4348-acb9-3fc25cfb14dd@group-7000B19605CB, cid=2898, SUCCESS, logIndex=4342, commits[a5e38e3e-c2ad-4348-acb9-3fc25cfb14dd:c4343, 11e48d46-e648-47f9-b6a0-9c7f26654c28:c4339, d1b6a90e-e817-40a7-bec1-608b5cc7d8b6:c4341]
2019-09-11 04:26:11,591 [grpc-default-executor-3] INFO  client.GrpcClientProtocolClient (GrpcClientProtocolClient.java:onNext(264)) - client-734BBEB428D7->a5e38e3e-c2ad-4348-acb9-3fc25cfb14dd: receive RaftClientReply:client-734BBEB428D7->a5e38e3e-c2ad-4348-acb9-3fc25cfb14dd@group-7000B19605CB, cid=2899, SUCCESS, logIndex=4343, commits[a5e38e3e-c2ad-4348-acb9-3fc25cfb14dd:c4343, 11e48d46-e648-47f9-b6a0-9c7f26654c28:c4341, d1b6a90e-e817-40a7-bec1-608b5cc7d8b6:c4341]
2019-09-11 04:26:11,594 [grpc-default-executor-4] INFO  client.GrpcClientProtocolClient (GrpcClientProtocolClient.java:onNext(264)) - client-734BBEB428D7->a5e38e3e-c2ad-4348-acb9-3fc25cfb14dd: receive RaftClientReply:client-734BBEB428D7->a5e38e3e-c2ad-4348-acb9-3fc25cfb14dd@group-7000B19605CB, cid=2900, SUCCESS, logIndex=0, commits[a5e38e3e-c2ad-4348-acb9-3fc25cfb14dd:c4344, 11e48d46-e648-47f9-b6a0-9c7f26654c28:c4343, d1b6a90e-e817-40a7-bec1-608b5cc7d8b6:c4343]
2019-09-11 04:26:11,620 [grpc-default-executor-1] INFO  client.GrpcClientProtocolClient (GrpcClientProtocolClient.java:onNext(264)) - client-734BBEB428D7->a5e38e3e-c2ad-4348-acb9-3fc25cfb14dd: receive RaftClientReply:client-734BBEB428D7->a5e38e3e-c2ad-4348-acb9-3fc25cfb14dd@group-7000B19605CB, cid=2901, SUCCESS, logIndex=4346, commits[a5e38e3e-c2ad-4348-acb9-3fc25cfb14dd:c4347, 11e48d46-e648-47f9-b6a0-9c7f26654c28:c4345, d1b6a90e-e817-40a7-bec1-608b5cc7d8b6:c4345]
2019-09-11 04:26:11,620 [grpc-default-executor-1] INFO  client.GrpcClientProtocolClient (GrpcClientProtocolClient.java:onNext(264)) - client-734BBEB428D7->a5e38e3e-c2ad-4348-acb9-3fc25cfb14dd: receive RaftClientReply:client-734BBEB428D7->a5e38e3e-c2ad-4348-acb9-3fc25cfb14dd@group-7000B19605CB, cid=2902, SUCCESS, logIndex=4347, commits[a5e38e3e-c2ad-4348-acb9-3fc25cfb14dd:c4349, 11e48d46-e648-47f9-b6a0-9c7f26654c28:c4345, d1b6a90e-e817-40a7-bec1-608b5cc7d8b6:c4345]
2019-09-11 04:26:11,620 [grpc-default-executor-4] INFO  client.GrpcClientProtocolClient (GrpcClientProtocolClient.java:onNext(264)) - client-734BBEB428D7->a5e38e3e-c2ad-4348-acb9-3fc25cfb14dd: receive RaftClientReply:client-734BBEB428D7->a5e38e3e-c2ad-4348-acb9-3fc25cfb14dd@group-7000B19605CB, cid=2903, SUCCESS, logIndex=4348, commits[a5e38e3e-c2ad-4348-acb9-3fc25cfb14dd:c4349, 11e48d46-e648-47f9-b6a0-9c7f26654c28:c4345, d1b6a90e-e817-40a7-bec1-608b5cc7d8b6:c4345]
2019-09-11 04:26:11,621 [grpc-default-executor-4] INFO  client.GrpcClientProtocolClient (GrpcClientProtocolClient.java:onNext(264)) - client-734BBEB428D7->a5e38e3e-c2ad-4348-acb9-3fc25cfb14dd: receive RaftClientReply:client-734BBEB428D7->a5e38e3e-c2ad-4348-acb9-3fc25cfb14dd@group-7000B19605CB, cid=2904, SUCCESS, logIndex=4349, commits[a5e38e3e-c2ad-4348-acb9-3fc25cfb14dd:c4349, 11e48d46-e648-47f9-b6a0-9c7f26654c28:c4345, d1b6a90e-e817-40a7-bec1-608b5cc7d8b6:c4345]
2019-09-11 04:26:11,622 [grpc-default-executor-4] INFO  client.GrpcClientProtocolClient (GrpcClientProtocolClient.java:onNext(264)) - client-734BBEB428D7->a5e38e3e-c2ad-4348-acb9-3fc25cfb14dd: receive RaftClientReply:client-734BBEB428D7->a5e38e3e-c2ad-4348-acb9-3fc25cfb14dd@group-7000B19605CB, cid=2905, SUCCESS, logIndex=0, commits[a5e38e3e-c2ad-4348-acb9-3fc25cfb14dd:c4350, 11e48d46-e648-47f9-b6a0-9c7f26654c28:c4347, d1b6a90e-e817-40a7-bec1-608b5cc7d8b6:c4347]
2019-09-11 04:26:11,639 [grpc-default-executor-3] INFO  client.GrpcClientProtocolClient (GrpcClientProtocolClient.java:onNext(264)) - client-734BBEB428D7->a5e38e3e-c2ad-4348-acb9-3fc25cfb14dd: receive RaftClientReply:client-734BBEB428D7->a5e38e3e-c2ad-4348-acb9-3fc25cfb14dd@group-7000B19605CB, cid=2906, SUCCESS, logIndex=4354, commits[a5e38e3e-c2ad-4348-acb9-3fc25cfb14dd:c4355, 11e48d46-e648-47f9-b6a0-9c7f26654c28:c4353, d1b6a90e-e817-40a7-bec1-608b5cc7d8b6:c4353]
2019-09-11 04:26:11,640 [grpc-default-executor-3] INFO  client.GrpcClientProtocolClient (GrpcClientProtocolClient.java:onNext(264)) - client-734BBEB428D7->a5e38e3e-c2ad-4348-acb9-3fc25cfb14dd: receive RaftClientReply:client-734BBEB428D7->a5e38e3e-c2ad-4348-acb9-3fc25cfb14dd@group-7000B19605CB, cid=2907, SUCCESS, logIndex=4355, commits[a5e38e3e-c2ad-4348-acb9-3fc25cfb14dd:c4355, 11e48d46-e648-47f9-b6a0-9c7f26654c28:c4353, d1b6a90e-e817-40a7-bec1-608b5cc7d8b6:c4353]
2019-09-11 04:26:11,653 [grpc-default-executor-1] INFO  client.GrpcClientProtocolClient (GrpcClientProtocolClient.java:onNext(264)) - client-734BBEB428D7->a5e38e3e-c2ad-4348-acb9-3fc25cfb14dd: receive RaftClientReply:client-734BBEB428D7->a5e38e3e-c2ad-4348-acb9-3fc25cfb14dd@group-7000B19605CB, cid=2908, SUCCESS, logIndex=4358, commits[a5e38e3e-c2ad-4348-acb9-3fc25cfb14dd:c4359, 11e48d46-e648-47f9-b6a0-9c7f26654c28:c4355, d1b6a90e-e817-40a7-bec1-608b5cc7d8b6:c4355]
2019-09-11 04:26:11,653 [grpc-default-executor-1] INFO  client.GrpcClientProtocolClient (GrpcClientProtocolClient.java:onNext(264)) - client-734BBEB428D7->a5e38e3e-c2ad-4348-acb9-3fc25cfb14dd: receive RaftClientReply:client-734BBEB428D7->a5e38e3e-c2ad-4348-acb9-3fc25cfb14dd@group-7000B19605CB, cid=2909, SUCCESS, logIndex=4359, commits[a5e38e3e-c2ad-4348-acb9-3fc25cfb14dd:c4359, 11e48d46-e648-47f9-b6a0-9c7f26654c28:c4355, d1b6a90e-e817-40a7-bec1-608b5cc7d8b6:c4355]
2019-09-11 04:26:11,665 [grpc-default-executor-1] INFO  client.GrpcClientProtocolClient (GrpcClientProtocolClient.java:onNext(264)) - client-734BBEB428D7->a5e38e3e-c2ad-4348-acb9-3fc25cfb14dd: receive RaftClientReply:client-734BBEB428D7->a5e38e3e-c2ad-4348-acb9-3fc25cfb14dd@group-7000B19605CB, cid=2910, SUCCESS, logIndex=0, commits[a5e38e3e-c2ad-4348-acb9-3fc25cfb14dd:c4361, 11e48d46-e648-47f9-b6a0-9c7f26654c28:c4359, d1b6a90e-e817-40a7-bec1-608b5cc7d8b6:c4359]
2019-09-11 04:26:11,710 [grpc-default-executor-1] INFO  client.GrpcClientProtocolClient (GrpcClientProtocolClient.java:onNext(264)) - client-734BBEB428D7->a5e38e3e-c2ad-4348-acb9-3fc25cfb14dd: receive RaftClientReply:client-734BBEB428D7->a5e38e3e-c2ad-4348-acb9-3fc25cfb14dd@group-7000B19605CB, cid=2911, SUCCESS, logIndex=4362, commits[a5e38e3e-c2ad-4348-acb9-3fc25cfb14dd:c4363, 11e48d46-e648-47f9-b6a0-9c7f26654c28:c4361, d1b6a90e-e817-40a7-bec1-608b5cc7d8b6:c4361]
2019-09-11 04:26:11,711 [grpc-default-executor-1] INFO  client.GrpcClientProtocolClient (GrpcClientProtocolClient.java:onNext(264)) - client-734BBEB428D7->a5e38e3e-c2ad-4348-acb9-3fc25cfb14dd: receive RaftClientReply:client-734BBEB428D7->a5e38e3e-c2ad-4348-acb9-3fc25cfb14dd@group-7000B19605CB, cid=2912, SUCCESS, logIndex=4363, commits[a5e38e3e-c2ad-4348-acb9-3fc25cfb14dd:c4365, 11e48d46-e648-47f9-b6a0-9c7f26654c28:c4361, d1b6a90e-e817-40a7-bec1-608b5cc7d8b6:c4361]
2019-09-11 04:26:11,711 [grpc-default-executor-1] INFO  client.GrpcClientProtocolClient (GrpcClientProtocolClient.java:onNext(264)) - client-734BBEB428D7->a5e38e3e-c2ad-4348-acb9-3fc25cfb14dd: receive RaftClientReply:client-734BBEB428D7->a5e38e3e-c2ad-4348-acb9-3fc25cfb14dd@group-7000B19605CB, cid=2913, SUCCESS, logIndex=4364, commits[a5e38e3e-c2ad-4348-acb9-3fc25cfb14dd:c4365, 11e48d46-e648-47f9-b6a0-9c7f26654c28:c4361, d1b6a90e-e817-40a7-bec1-608b5cc7d8b6:c4361]
2019-09-11 04:26:11,711 [grpc-default-executor-1] INFO  client.GrpcClientProtocolClient (GrpcClientProtocolClient.java:onNext(264)) - client-734BBEB428D7->a5e38e3e-c2ad-4348-acb9-3fc25cfb14dd: receive RaftClientReply:client-734BBEB428D7->a5e38e3e-c2ad-4348-acb9-3fc25cfb14dd@group-7000B19605CB, cid=2914, SUCCESS, logIndex=4365, commits[a5e38e3e-c2ad-4348-acb9-3fc25cfb14dd:c4365, 11e48d46-e648-47f9-b6a0-9c7f26654c28:c4361, d1b6a90e-e817-40a7-bec1-608b5cc7d8b6:c4361]
2019-09-11 04:26:11,723 [grpc-default-executor-2] INFO  client.GrpcClientProtocolClient (GrpcClientProtocolClient.java:onNext(264)) - client-734BBEB428D7->a5e38e3e-c2ad-4348-acb9-3fc25cfb14dd: receive RaftClientReply:client-734BBEB428D7->a5e38e3e-c2ad-4348-acb9-3fc25cfb14dd@group-7000B19605CB, cid=2915, SUCCESS, logIndex=0, commits[a5e38e3e-c2ad-4348-acb9-3fc25cfb14dd:c4367, 11e48d46-e648-47f9-b6a0-9c7f26654c28:c4363, d1b6a90e-e817-40a7-bec1-608b5cc7d8b6:c4363]
2019-09-11 04:26:11,741 [grpc-default-executor-1] INFO  client.GrpcClientProtocolClient (GrpcClientProtocolClient.java:onNext(264)) - client-734BBEB428D7->a5e38e3e-c2ad-4348-acb9-3fc25cfb14dd: receive RaftClientReply:client-734BBEB428D7->a5e38e3e-c2ad-4348-acb9-3fc25cfb14dd@group-7000B19605CB, cid=2916, SUCCESS, logIndex=4370, commits[a5e38e3e-c2ad-4348-acb9-3fc25cfb14dd:c4371, 11e48d46-e648-47f9-b6a0-9c7f26654c28:c4369, d1b6a90e-e817-40a7-bec1-608b5cc7d8b6:c4369]
2019-09-11 04:26:11,742 [grpc-default-executor-1] INFO  client.GrpcClientProtocolClient (GrpcClientProtocolClient.java:onNext(264)) - client-734BBEB428D7->a5e38e3e-c2ad-4348-acb9-3fc25cfb14dd: receive RaftClientReply:client-734BBEB428D7->a5e38e3e-c2ad-4348-acb9-3fc25cfb14dd@group-7000B19605CB, cid=2917, SUCCESS, logIndex=4371, commits[a5e38e3e-c2ad-4348-acb9-3fc25cfb14dd:c4371, 11e48d46-e648-47f9-b6a0-9c7f26654c28:c4369, d1b6a90e-e817-40a7-bec1-608b5cc7d8b6:c4369]
2019-09-11 04:26:11,753 [grpc-default-executor-3] INFO  client.GrpcClientProtocolClient (GrpcClientProtocolClient.java:onNext(264)) - client-734BBEB428D7->a5e38e3e-c2ad-4348-acb9-3fc25cfb14dd: receive RaftClientReply:client-734BBEB428D7->a5e38e3e-c2ad-4348-acb9-3fc25cfb14dd@group-7000B19605CB, cid=2918, SUCCESS, logIndex=4374, commits[a5e38e3e-c2ad-4348-acb9-3fc25cfb14dd:c4375, 11e48d46-e648-47f9-b6a0-9c7f26654c28:c4371, d1b6a90e-e817-40a7-bec1-608b5cc7d8b6:c4371]
2019-09-11 04:26:11,754 [grpc-default-executor-3] INFO  client.GrpcClientProtocolClient (GrpcClientProtocolClient.java:onNext(264)) - client-734BBEB428D7->a5e38e3e-c2ad-4348-acb9-3fc25cfb14dd: receive RaftClientReply:client-734BBEB428D7->a5e38e3e-c2ad-4348-acb9-3fc25cfb14dd@group-7000B19605CB, cid=2919, SUCCESS, logIndex=4375, commits[a5e38e3e-c2ad-4348-acb9-3fc25cfb14dd:c4375, 11e48d46-e648-47f9-b6a0-9c7f26654c28:c4371, d1b6a90e-e817-40a7-bec1-608b5cc7d8b6:c4371]
2019-09-11 04:26:11,763 [grpc-default-executor-3] INFO  client.GrpcClientProtocolClient (GrpcClientProtocolClient.java:onNext(264)) - client-734BBEB428D7->a5e38e3e-c2ad-4348-acb9-3fc25cfb14dd: receive RaftClientReply:client-734BBEB428D7->a5e38e3e-c2ad-4348-acb9-3fc25cfb14dd@group-7000B19605CB, cid=2920, SUCCESS, logIndex=0, commits[a5e38e3e-c2ad-4348-acb9-3fc25cfb14dd:c4376, 11e48d46-e648-47f9-b6a0-9c7f26654c28:c4375, d1b6a90e-e817-40a7-bec1-608b5cc7d8b6:c4375]
2019-09-11 04:26:11,793 [grpc-default-executor-3] INFO  client.GrpcClientProtocolClient (GrpcClientProtocolClient.java:onNext(264)) - client-734BBEB428D7->a5e38e3e-c2ad-4348-acb9-3fc25cfb14dd: receive RaftClientReply:client-734BBEB428D7->a5e38e3e-c2ad-4348-acb9-3fc25cfb14dd@group-7000B19605CB, cid=2921, SUCCESS, logIndex=4378, commits[a5e38e3e-c2ad-4348-acb9-3fc25cfb14dd:c4379, 11e48d46-e648-47f9-b6a0-9c7f26654c28:c4377, d1b6a90e-e817-40a7-bec1-608b5cc7d8b6:c4375]
2019-09-11 04:26:11,793 [grpc-default-executor-3] INFO  client.GrpcClientProtocolClient (GrpcClientProtocolClient.java:onNext(264)) - client-734BBEB428D7->a5e38e3e-c2ad-4348-acb9-3fc25cfb14dd: receive RaftClientReply:client-734BBEB428D7->a5e38e3e-c2ad-4348-acb9-3fc25cfb14dd@group-7000B19605CB, cid=2922, SUCCESS, logIndex=4379, commits[a5e38e3e-c2ad-4348-acb9-3fc25cfb14dd:c4379, 11e48d46-e648-47f9-b6a0-9c7f26654c28:c4377, d1b6a90e-e817-40a7-bec1-608b5cc7d8b6:c4377]
2019-09-11 04:26:11,805 [grpc-default-executor-3] INFO  client.GrpcClientProtocolClient (GrpcClientProtocolClient.java:onNext(264)) - client-734BBEB428D7->a5e38e3e-c2ad-4348-acb9-3fc25cfb14dd: receive RaftClientReply:client-734BBEB428D7->a5e38e3e-c2ad-4348-acb9-3fc25cfb14dd@group-7000B19605CB, cid=2923, SUCCESS, logIndex=4380, commits[a5e38e3e-c2ad-4348-acb9-3fc25cfb14dd:c4381, 11e48d46-e648-47f9-b6a0-9c7f26654c28:c4377, d1b6a90e-e817-40a7-bec1-608b5cc7d8b6:c4377]
2019-09-11 04:26:11,805 [grpc-default-executor-3] INFO  client.GrpcClientProtocolClient (GrpcClientProtocolClient.java:onNext(264)) - client-734BBEB428D7->a5e38e3e-c2ad-4348-acb9-3fc25cfb14dd: receive RaftClientReply:client-734BBEB428D7->a5e38e3e-c2ad-4348-acb9-3fc25cfb14dd@group-7000B19605CB, cid=2924, SUCCESS, logIndex=4381, commits[a5e38e3e-c2ad-4348-acb9-3fc25cfb14dd:c4381, 11e48d46-e648-47f9-b6a0-9c7f26654c28:c4377, d1b6a90e-e817-40a7-bec1-608b5cc7d8b6:c4377]
2019-09-11 04:26:11,806 [grpc-default-executor-3] INFO  client.GrpcClientProtocolClient (GrpcClientProtocolClient.java:onNext(264)) - client-734BBEB428D7->a5e38e3e-c2ad-4348-acb9-3fc25cfb14dd: receive RaftClientReply:client-734BBEB428D7->a5e38e3e-c2ad-4348-acb9-3fc25cfb14dd@group-7000B19605CB, cid=2925, SUCCESS, logIndex=0, commits[a5e38e3e-c2ad-4348-acb9-3fc25cfb14dd:c4382, 11e48d46-e648-47f9-b6a0-9c7f26654c28:c4379, d1b6a90e-e817-40a7-bec1-608b5cc7d8b6:c4379]
2019-09-11 04:26:11,824 [grpc-default-executor-3] INFO  client.GrpcClientProtocolClient (GrpcClientProtocolClient.java:onNext(264)) - client-734BBEB428D7->a5e38e3e-c2ad-4348-acb9-3fc25cfb14dd: receive RaftClientReply:client-734BBEB428D7->a5e38e3e-c2ad-4348-acb9-3fc25cfb14dd@group-7000B19605CB, cid=2926, SUCCESS, logIndex=4385, commits[a5e38e3e-c2ad-4348-acb9-3fc25cfb14dd:c4386, 11e48d46-e648-47f9-b6a0-9c7f26654c28:c4384, d1b6a90e-e817-40a7-bec1-608b5cc7d8b6:c4384]
2019-09-11 04:26:11,824 [grpc-default-executor-3] INFO  client.GrpcClientProtocolClient (GrpcClientProtocolClient.java:onNext(264)) - client-734BBEB428D7->a5e38e3e-c2ad-4348-acb9-3fc25cfb14dd: receive RaftClientReply:client-734BBEB428D7->a5e38e3e-c2ad-4348-acb9-3fc25cfb14dd@group-7000B19605CB, cid=2927, SUCCESS, logIndex=4386, commits[a5e38e3e-c2ad-4348-acb9-3fc25cfb14dd:c4386, 11e48d46-e648-47f9-b6a0-9c7f26654c28:c4384, d1b6a90e-e817-40a7-bec1-608b5cc7d8b6:c4384]
2019-09-11 04:26:11,955 [grpc-default-executor-4] INFO  client.GrpcClientProtocolClient (GrpcClientProtocolClient.java:onNext(264)) - client-734BBEB428D7->a5e38e3e-c2ad-4348-acb9-3fc25cfb14dd: receive RaftClientReply:client-734BBEB428D7->a5e38e3e-c2ad-4348-acb9-3fc25cfb14dd@group-7000B19605CB, cid=2928, SUCCESS, logIndex=4389, commits[a5e38e3e-c2ad-4348-acb9-3fc25cfb14dd:c4390, 11e48d46-e648-47f9-b6a0-9c7f26654c28:c4386, d1b6a90e-e817-40a7-bec1-608b5cc7d8b6:c4386]
2019-09-11 04:26:11,955 [grpc-default-executor-4] INFO  client.GrpcClientProtocolClient (GrpcClientProtocolClient.java:onNext(264)) - client-734BBEB428D7->a5e38e3e-c2ad-4348-acb9-3fc25cfb14dd: receive RaftClientReply:client-734BBEB428D7->a5e38e3e-c2ad-4348-acb9-3fc25cfb14dd@group-7000B19605CB, cid=2929, SUCCESS, logIndex=4390, commits[a5e38e3e-c2ad-4348-acb9-3fc25cfb14dd:c4390, 11e48d46-e648-47f9-b6a0-9c7f26654c28:c4386, d1b6a90e-e817-40a7-bec1-608b5cc7d8b6:c4386]
2019-09-11 04:26:11,957 [grpc-default-executor-3] INFO  client.GrpcClientProtocolClient (GrpcClientProtocolClient.java:onNext(264)) - client-734BBEB428D7->a5e38e3e-c2ad-4348-acb9-3fc25cfb14dd: receive RaftClientReply:client-734BBEB428D7->a5e38e3e-c2ad-4348-acb9-3fc25cfb14dd@group-7000B19605CB, cid=2930, SUCCESS, logIndex=0, commits[a5e38e3e-c2ad-4348-acb9-3fc25cfb14dd:c4392, 11e48d46-e648-47f9-b6a0-9c7f26654c28:c4390, d1b6a90e-e817-40a7-bec1-608b5cc7d8b6:c4390]
2019-09-11 04:26:11,988 [grpc-default-executor-1] INFO  client.GrpcClientProtocolClient (GrpcClientProtocolClient.java:onNext(264)) - client-734BBEB428D7->a5e38e3e-c2ad-4348-acb9-3fc25cfb14dd: receive RaftClientReply:client-734BBEB428D7->a5e38e3e-c2ad-4348-acb9-3fc25cfb14dd@group-7000B19605CB, cid=2931, SUCCESS, logIndex=4393, commits[a5e38e3e-c2ad-4348-acb9-3fc25cfb14dd:c4394, 11e48d46-e648-47f9-b6a0-9c7f26654c28:c4392, d1b6a90e-e817-40a7-bec1-608b5cc7d8b6:c4392]
2019-09-11 04:26:11,988 [grpc-default-executor-1] INFO  client.GrpcClientProtocolClient (GrpcClientProtocolClient.java:onNext(264)) - client-734BBEB428D7->a5e38e3e-c2ad-4348-acb9-3fc25cfb14dd: receive RaftClientReply:client-734BBEB428D7->a5e38e3e-c2ad-4348-acb9-3fc25cfb14dd@group-7000B19605CB, cid=2932, SUCCESS, logIndex=4394, commits[a5e38e3e-c2ad-4348-acb9-3fc25cfb14dd:c4394, 11e48d46-e648-47f9-b6a0-9c7f26654c28:c4392, d1b6a90e-e817-40a7-bec1-608b5cc7d8b6:c4392]
2019-09-11 04:26:11,989 [grpc-default-executor-1] INFO  client.GrpcClientProtocolClient (GrpcClientProtocolClient.java:onNext(264)) - client-734BBEB428D7->a5e38e3e-c2ad-4348-acb9-3fc25cfb14dd: receive RaftClientReply:client-734BBEB428D7->a5e38e3e-c2ad-4348-acb9-3fc25cfb14dd@group-7000B19605CB, cid=2933, SUCCESS, logIndex=4395, commits[a5e38e3e-c2ad-4348-acb9-3fc25cfb14dd:c4396, 11e48d46-e648-47f9-b6a0-9c7f26654c28:c4392, d1b6a90e-e817-40a7-bec1-608b5cc7d8b6:c4392]
2019-09-11 04:26:11,989 [grpc-default-executor-1] INFO  client.GrpcClientProtocolClient (GrpcClientProtocolClient.java:onNext(264)) - client-734BBEB428D7->a5e38e3e-c2ad-4348-acb9-3fc25cfb14dd: receive RaftClientReply:client-734BBEB428D7->a5e38e3e-c2ad-4348-acb9-3fc25cfb14dd@group-7000B19605CB, cid=2934, SUCCESS, logIndex=4396, commits[a5e38e3e-c2ad-4348-acb9-3fc25cfb14dd:c4396, 11e48d46-e648-47f9-b6a0-9c7f26654c28:c4392, d1b6a90e-e817-40a7-bec1-608b5cc7d8b6:c4392]
2019-09-11 04:26:11,991 [grpc-default-executor-3] INFO  client.GrpcClientProtocolClient (GrpcClientProtocolClient.java:onNext(264)) - client-734BBEB428D7->a5e38e3e-c2ad-4348-acb9-3fc25cfb14dd: receive RaftClientReply:client-734BBEB428D7->a5e38e3e-c2ad-4348-acb9-3fc25cfb14dd@group-7000B19605CB, cid=2935, SUCCESS, logIndex=0, commits[a5e38e3e-c2ad-4348-acb9-3fc25cfb14dd:c4398, 11e48d46-e648-47f9-b6a0-9c7f26654c28:c4394, d1b6a90e-e817-40a7-bec1-608b5cc7d8b6:c4394]
2019-09-11 04:26:12,011 [grpc-default-executor-1] INFO  client.GrpcClientProtocolClient (GrpcClientProtocolClient.java:onNext(264)) - client-734BBEB428D7->a5e38e3e-c2ad-4348-acb9-3fc25cfb14dd: receive RaftClientReply:client-734BBEB428D7->a5e38e3e-c2ad-4348-acb9-3fc25cfb14dd@group-7000B19605CB, cid=2936, SUCCESS, logIndex=4401, commits[a5e38e3e-c2ad-4348-acb9-3fc25cfb14dd:c4402, 11e48d46-e648-47f9-b6a0-9c7f26654c28:c4400, d1b6a90e-e817-40a7-bec1-608b5cc7d8b6:c4400]
2019-09-11 04:26:12,011 [grpc-default-executor-1] INFO  client.GrpcClientProtocolClient (GrpcClientProtocolClient.java:onNext(264)) - client-734BBEB428D7->a5e38e3e-c2ad-4348-acb9-3fc25cfb14dd: receive RaftClientReply:client-734BBEB428D7->a5e38e3e-c2ad-4348-acb9-3fc25cfb14dd@group-7000B19605CB, cid=2937, SUCCESS, logIndex=4402, commits[a5e38e3e-c2ad-4348-acb9-3fc25cfb14dd:c4402, 11e48d46-e648-47f9-b6a0-9c7f26654c28:c4400, d1b6a90e-e817-40a7-bec1-608b5cc7d8b6:c4400]
2019-09-11 04:26:12,024 [grpc-default-executor-3] INFO  client.GrpcClientProtocolClient (GrpcClientProtocolClient.java:onNext(264)) - client-734BBEB428D7->a5e38e3e-c2ad-4348-acb9-3fc25cfb14dd: receive RaftClientReply:client-734BBEB428D7->a5e38e3e-c2ad-4348-acb9-3fc25cfb14dd@group-7000B19605CB, cid=2938, SUCCESS, logIndex=4405, commits[a5e38e3e-c2ad-4348-acb9-3fc25cfb14dd:c4406, 11e48d46-e648-47f9-b6a0-9c7f26654c28:c4402, d1b6a90e-e817-40a7-bec1-608b5cc7d8b6:c4402]
2019-09-11 04:26:12,024 [grpc-default-executor-3] INFO  client.GrpcClientProtocolClient (GrpcClientProtocolClient.java:onNext(264)) - client-734BBEB428D7->a5e38e3e-c2ad-4348-acb9-3fc25cfb14dd: receive RaftClientReply:client-734BBEB428D7->a5e38e3e-c2ad-4348-acb9-3fc25cfb14dd@group-7000B19605CB, cid=2939, SUCCESS, logIndex=4406, commits[a5e38e3e-c2ad-4348-acb9-3fc25cfb14dd:c4406, 11e48d46-e648-47f9-b6a0-9c7f26654c28:c4402, d1b6a90e-e817-40a7-bec1-608b5cc7d8b6:c4402]
2019-09-11 04:26:12,046 [grpc-default-executor-3] INFO  client.GrpcClientProtocolClient (GrpcClientProtocolClient.java:onNext(264)) - client-734BBEB428D7->a5e38e3e-c2ad-4348-acb9-3fc25cfb14dd: receive RaftClientReply:client-734BBEB428D7->a5e38e3e-c2ad-4348-acb9-3fc25cfb14dd@group-7000B19605CB, cid=2940, SUCCESS, logIndex=0, commits[a5e38e3e-c2ad-4348-acb9-3fc25cfb14dd:c4408, 11e48d46-e648-47f9-b6a0-9c7f26654c28:c4406, d1b6a90e-e817-40a7-bec1-608b5cc7d8b6:c4406]
2019-09-11 04:26:12,076 [grpc-default-executor-1] INFO  client.GrpcClientProtocolClient (GrpcClientProtocolClient.java:onNext(264)) - client-734BBEB428D7->a5e38e3e-c2ad-4348-acb9-3fc25cfb14dd: receive RaftClientReply:client-734BBEB428D7->a5e38e3e-c2ad-4348-acb9-3fc25cfb14dd@group-7000B19605CB, cid=2941, SUCCESS, logIndex=4409, commits[a5e38e3e-c2ad-4348-acb9-3fc25cfb14dd:c4409, 11e48d46-e648-47f9-b6a0-9c7f26654c28:c4408, d1b6a90e-e817-40a7-bec1-608b5cc7d8b6:c4408]
2019-09-11 04:26:12,077 [grpc-default-executor-3] INFO  client.GrpcClientProtocolClient (GrpcClientProtocolClient.java:onNext(264)) - client-734BBEB428D7->a5e38e3e-c2ad-4348-acb9-3fc25cfb14dd: receive RaftClientReply:client-734BBEB428D7->a5e38e3e-c2ad-4348-acb9-3fc25cfb14dd@group-7000B19605CB, cid=2942, SUCCESS, logIndex=4410, commits[a5e38e3e-c2ad-4348-acb9-3fc25cfb14dd:c4410, 11e48d46-e648-47f9-b6a0-9c7f26654c28:c4408, d1b6a90e-e817-40a7-bec1-608b5cc7d8b6:c4408]
2019-09-11 04:26:12,079 [grpc-default-executor-3] INFO  client.GrpcClientProtocolClient (GrpcClientProtocolClient.java:onNext(264)) - client-734BBEB428D7->a5e38e3e-c2ad-4348-acb9-3fc25cfb14dd: receive RaftClientReply:client-734BBEB428D7->a5e38e3e-c2ad-4348-acb9-3fc25cfb14dd@group-7000B19605CB, cid=2943, SUCCESS, logIndex=4411, commits[a5e38e3e-c2ad-4348-acb9-3fc25cfb14dd:c4411, 11e48d46-e648-47f9-b6a0-9c7f26654c28:c4408, d1b6a90e-e817-40a7-bec1-608b5cc7d8b6:c4408]
2019-09-11 04:26:12,079 [grpc-default-executor-3] INFO  client.GrpcClientProtocolClient (GrpcClientProtocolClient.java:onNext(264)) - client-734BBEB428D7->a5e38e3e-c2ad-4348-acb9-3fc25cfb14dd: receive RaftClientReply:client-734BBEB428D7->a5e38e3e-c2ad-4348-acb9-3fc25cfb14dd@group-7000B19605CB, cid=2944, SUCCESS, logIndex=4412, commits[a5e38e3e-c2ad-4348-acb9-3fc25cfb14dd:c4412, 11e48d46-e648-47f9-b6a0-9c7f26654c28:c4408, d1b6a90e-e817-40a7-bec1-608b5cc7d8b6:c4408]
2019-09-11 04:26:12,087 [grpc-default-executor-4] INFO  client.GrpcClientProtocolClient (GrpcClientProtocolClient.java:onNext(264)) - client-734BBEB428D7->a5e38e3e-c2ad-4348-acb9-3fc25cfb14dd: receive RaftClientReply:client-734BBEB428D7->a5e38e3e-c2ad-4348-acb9-3fc25cfb14dd@group-7000B19605CB, cid=2945, SUCCESS, logIndex=0, commits[a5e38e3e-c2ad-4348-acb9-3fc25cfb14dd:c4414, 11e48d46-e648-47f9-b6a0-9c7f26654c28:c4410, d1b6a90e-e817-40a7-bec1-608b5cc7d8b6:c4410]
2019-09-11 04:26:12,106 [grpc-default-executor-4] INFO  client.GrpcClientProtocolClient (GrpcClientProtocolClient.java:onNext(264)) - client-734BBEB428D7->a5e38e3e-c2ad-4348-acb9-3fc25cfb14dd: receive RaftClientReply:client-734BBEB428D7->a5e38e3e-c2ad-4348-acb9-3fc25cfb14dd@group-7000B19605CB, cid=2946, SUCCESS, logIndex=4417, commits[a5e38e3e-c2ad-4348-acb9-3fc25cfb14dd:c4418, 11e48d46-e648-47f9-b6a0-9c7f26654c28:c4416, d1b6a90e-e817-40a7-bec1-608b5cc7d8b6:c4416]
2019-09-11 04:26:12,106 [grpc-default-executor-4] INFO  client.GrpcClientProtocolClient (GrpcClientProtocolClient.java:onNext(264)) - client-734BBEB428D7->a5e38e3e-c2ad-4348-acb9-3fc25cfb14dd: receive RaftClientReply:client-734BBEB428D7->a5e38e3e-c2ad-4348-acb9-3fc25cfb14dd@group-7000B19605CB, cid=2947, SUCCESS, logIndex=4418, commits[a5e38e3e-c2ad-4348-acb9-3fc25cfb14dd:c4418, 11e48d46-e648-47f9-b6a0-9c7f26654c28:c4416, d1b6a90e-e817-40a7-bec1-608b5cc7d8b6:c4416]
2019-09-11 04:26:12,119 [grpc-default-executor-4] INFO  client.GrpcClientProtocolClient (GrpcClientProtocolClient.java:onNext(264)) - client-734BBEB428D7->a5e38e3e-c2ad-4348-acb9-3fc25cfb14dd: receive RaftClientReply:client-734BBEB428D7->a5e38e3e-c2ad-4348-acb9-3fc25cfb14dd@group-7000B19605CB, cid=2948, SUCCESS, logIndex=4421, commits[a5e38e3e-c2ad-4348-acb9-3fc25cfb14dd:c4421, 11e48d46-e648-47f9-b6a0-9c7f26654c28:c4418, d1b6a90e-e817-40a7-bec1-608b5cc7d8b6:c4418]
2019-09-11 04:26:12,119 [grpc-default-executor-4] INFO  client.GrpcClientProtocolClient (GrpcClientProtocolClient.java:onNext(264)) - client-734BBEB428D7->a5e38e3e-c2ad-4348-acb9-3fc25cfb14dd: receive RaftClientReply:client-734BBEB428D7->a5e38e3e-c2ad-4348-acb9-3fc25cfb14dd@group-7000B19605CB, cid=2949, SUCCESS, logIndex=4422, commits[a5e38e3e-c2ad-4348-acb9-3fc25cfb14dd:c4422, 11e48d46-e648-47f9-b6a0-9c7f26654c28:c4418, d1b6a90e-e817-40a7-bec1-608b5cc7d8b6:c4418]
2019-09-11 04:26:12,131 [grpc-default-executor-1] INFO  client.GrpcClientProtocolClient (GrpcClientProtocolClient.java:onNext(264)) - client-734BBEB428D7->a5e38e3e-c2ad-4348-acb9-3fc25cfb14dd: receive RaftClientReply:client-734BBEB428D7->a5e38e3e-c2ad-4348-acb9-3fc25cfb14dd@group-7000B19605CB, cid=2950, SUCCESS, logIndex=0, commits[a5e38e3e-c2ad-4348-acb9-3fc25cfb14dd:c4424, 11e48d46-e648-47f9-b6a0-9c7f26654c28:c4422, d1b6a90e-e817-40a7-bec1-608b5cc7d8b6:c4422]
2019-09-11 04:26:12,159 [grpc-default-executor-3] INFO  client.GrpcClientProtocolClient (GrpcClientProtocolClient.java:onNext(264)) - client-734BBEB428D7->a5e38e3e-c2ad-4348-acb9-3fc25cfb14dd: receive RaftClientReply:client-734BBEB428D7->a5e38e3e-c2ad-4348-acb9-3fc25cfb14dd@group-7000B19605CB, cid=2951, SUCCESS, logIndex=4425, commits[a5e38e3e-c2ad-4348-acb9-3fc25cfb14dd:c4426, 11e48d46-e648-47f9-b6a0-9c7f26654c28:c4424, d1b6a90e-e817-40a7-bec1-608b5cc7d8b6:c4424]
2019-09-11 04:26:12,159 [grpc-default-executor-1] INFO  client.GrpcClientProtocolClient (GrpcClientProtocolClient.java:onNext(264)) - client-734BBEB428D7->a5e38e3e-c2ad-4348-acb9-3fc25cfb14dd: receive RaftClientReply:client-734BBEB428D7->a5e38e3e-c2ad-4348-acb9-3fc25cfb14dd@group-7000B19605CB, cid=2952, SUCCESS, logIndex=4426, commits[a5e38e3e-c2ad-4348-acb9-3fc25cfb14dd:c4428, 11e48d46-e648-47f9-b6a0-9c7f26654c28:c4424, d1b6a90e-e817-40a7-bec1-608b5cc7d8b6:c4424]
2019-09-11 04:26:12,160 [grpc-default-executor-1] INFO  client.GrpcClientProtocolClient (GrpcClientProtocolClient.java:onNext(264)) - client-734BBEB428D7->a5e38e3e-c2ad-4348-acb9-3fc25cfb14dd: receive RaftClientReply:client-734BBEB428D7->a5e38e3e-c2ad-4348-acb9-3fc25cfb14dd@group-7000B19605CB, cid=2953, SUCCESS, logIndex=4427, commits[a5e38e3e-c2ad-4348-acb9-3fc25cfb14dd:c4428, 11e48d46-e648-47f9-b6a0-9c7f26654c28:c4424, d1b6a90e-e817-40a7-bec1-608b5cc7d8b6:c4424]
2019-09-11 04:26:12,160 [grpc-default-executor-1] INFO  client.GrpcClientProtocolClient (GrpcClientProtocolClient.java:onNext(264)) - client-734BBEB428D7->a5e38e3e-c2ad-4348-acb9-3fc25cfb14dd: receive RaftClientReply:client-734BBEB428D7->a5e38e3e-c2ad-4348-acb9-3fc25cfb14dd@group-7000B19605CB, cid=2954, SUCCESS, logIndex=4428, commits[a5e38e3e-c2ad-4348-acb9-3fc25cfb14dd:c4428, 11e48d46-e648-47f9-b6a0-9c7f26654c28:c4424, d1b6a90e-e817-40a7-bec1-608b5cc7d8b6:c4424]
2019-09-11 04:26:12,161 [grpc-default-executor-1] INFO  client.GrpcClientProtocolClient (GrpcClientProtocolClient.java:onNext(264)) - client-734BBEB428D7->a5e38e3e-c2ad-4348-acb9-3fc25cfb14dd: receive RaftClientReply:client-734BBEB428D7->a5e38e3e-c2ad-4348-acb9-3fc25cfb14dd@group-7000B19605CB, cid=2955, SUCCESS, logIndex=0, commits[a5e38e3e-c2ad-4348-acb9-3fc25cfb14dd:c4431, 11e48d46-e648-47f9-b6a0-9c7f26654c28:c4428, d1b6a90e-e817-40a7-bec1-608b5cc7d8b6:c4426]
 0.00% |█                                                                                                    |  0/1 Time: 0:00:232019-09-11 04:26:12,179 [grpc-default-executor-4] INFO  client.GrpcClientProtocolClient (GrpcClientProtocolClient.java:onNext(264)) - client-734BBEB428D7->a5e38e3e-c2ad-4348-acb9-3fc25cfb14dd: receive RaftClientReply:client-734BBEB428D7->a5e38e3e-c2ad-4348-acb9-3fc25cfb14dd@group-7000B19605CB, cid=2956, SUCCESS, logIndex=4432, commits[a5e38e3e-c2ad-4348-acb9-3fc25cfb14dd:c4433, 11e48d46-e648-47f9-b6a0-9c7f26654c28:c4431, d1b6a90e-e817-40a7-bec1-608b5cc7d8b6:c4431]
2019-09-11 04:26:12,179 [grpc-default-executor-4] INFO  client.GrpcClientProtocolClient (GrpcClientProtocolClient.java:onNext(264)) - client-734BBEB428D7->a5e38e3e-c2ad-4348-acb9-3fc25cfb14dd: receive RaftClientReply:client-734BBEB428D7->a5e38e3e-c2ad-4348-acb9-3fc25cfb14dd@group-7000B19605CB, cid=2957, SUCCESS, logIndex=4433, commits[a5e38e3e-c2ad-4348-acb9-3fc25cfb14dd:c4433, 11e48d46-e648-47f9-b6a0-9c7f26654c28:c4431, d1b6a90e-e817-40a7-bec1-608b5cc7d8b6:c4431]
2019-09-11 04:26:12,191 [grpc-default-executor-3] INFO  client.GrpcClientProtocolClient (GrpcClientProtocolClient.java:onNext(264)) - client-734BBEB428D7->a5e38e3e-c2ad-4348-acb9-3fc25cfb14dd: receive RaftClientReply:client-734BBEB428D7->a5e38e3e-c2ad-4348-acb9-3fc25cfb14dd@group-7000B19605CB, cid=2958, SUCCESS, logIndex=4436, commits[a5e38e3e-c2ad-4348-acb9-3fc25cfb14dd:c4437, 11e48d46-e648-47f9-b6a0-9c7f26654c28:c4433, d1b6a90e-e817-40a7-bec1-608b5cc7d8b6:c4433]
2019-09-11 04:26:12,192 [grpc-default-executor-3] INFO  client.GrpcClientProtocolClient (GrpcClientProtocolClient.java:onNext(264)) - client-734BBEB428D7->a5e38e3e-c2ad-4348-acb9-3fc25cfb14dd: receive RaftClientReply:client-734BBEB428D7->a5e38e3e-c2ad-4348-acb9-3fc25cfb14dd@group-7000B19605CB, cid=2959, SUCCESS, logIndex=4437, commits[a5e38e3e-c2ad-4348-acb9-3fc25cfb14dd:c4437, 11e48d46-e648-47f9-b6a0-9c7f26654c28:c4433, d1b6a90e-e817-40a7-bec1-608b5cc7d8b6:c4433]
2019-09-11 04:26:12,203 [grpc-default-executor-3] INFO  client.GrpcClientProtocolClient (GrpcClientProtocolClient.java:onNext(264)) - client-734BBEB428D7->a5e38e3e-c2ad-4348-acb9-3fc25cfb14dd: receive RaftClientReply:client-734BBEB428D7->a5e38e3e-c2ad-4348-acb9-3fc25cfb14dd@group-7000B19605CB, cid=2960, SUCCESS, logIndex=0, commits[a5e38e3e-c2ad-4348-acb9-3fc25cfb14dd:c4438, 11e48d46-e648-47f9-b6a0-9c7f26654c28:c4437, d1b6a90e-e817-40a7-bec1-608b5cc7d8b6:c4437]
2019-09-11 04:26:12,229 [grpc-default-executor-3] INFO  client.GrpcClientProtocolClient (GrpcClientProtocolClient.java:onNext(264)) - client-734BBEB428D7->a5e38e3e-c2ad-4348-acb9-3fc25cfb14dd: receive RaftClientReply:client-734BBEB428D7->a5e38e3e-c2ad-4348-acb9-3fc25cfb14dd@group-7000B19605CB, cid=2961, SUCCESS, logIndex=4440, commits[a5e38e3e-c2ad-4348-acb9-3fc25cfb14dd:c4443, 11e48d46-e648-47f9-b6a0-9c7f26654c28:c4439, d1b6a90e-e817-40a7-bec1-608b5cc7d8b6:c4439]
2019-09-11 04:26:12,230 [grpc-default-executor-3] INFO  client.GrpcClientProtocolClient (GrpcClientProtocolClient.java:onNext(264)) - client-734BBEB428D7->a5e38e3e-c2ad-4348-acb9-3fc25cfb14dd: receive RaftClientReply:client-734BBEB428D7->a5e38e3e-c2ad-4348-acb9-3fc25cfb14dd@group-7000B19605CB, cid=2962, SUCCESS, logIndex=4441, commits[a5e38e3e-c2ad-4348-acb9-3fc25cfb14dd:c4443, 11e48d46-e648-47f9-b6a0-9c7f26654c28:c4439, d1b6a90e-e817-40a7-bec1-608b5cc7d8b6:c4439]
2019-09-11 04:26:12,230 [grpc-default-executor-3] INFO  client.GrpcClientProtocolClient (GrpcClientProtocolClient.java:onNext(264)) - client-734BBEB428D7->a5e38e3e-c2ad-4348-acb9-3fc25cfb14dd: receive RaftClientReply:client-734BBEB428D7->a5e38e3e-c2ad-4348-acb9-3fc25cfb14dd@group-7000B19605CB, cid=2963, SUCCESS, logIndex=4442, commits[a5e38e3e-c2ad-4348-acb9-3fc25cfb14dd:c4443, 11e48d46-e648-47f9-b6a0-9c7f26654c28:c4439, d1b6a90e-e817-40a7-bec1-608b5cc7d8b6:c4439]
2019-09-11 04:26:12,231 [grpc-default-executor-3] INFO  client.GrpcClientProtocolClient (GrpcClientProtocolClient.java:onNext(264)) - client-734BBEB428D7->a5e38e3e-c2ad-4348-acb9-3fc25cfb14dd: receive RaftClientReply:client-734BBEB428D7->a5e38e3e-c2ad-4348-acb9-3fc25cfb14dd@group-7000B19605CB, cid=2964, SUCCESS, logIndex=4443, commits[a5e38e3e-c2ad-4348-acb9-3fc25cfb14dd:c4443, 11e48d46-e648-47f9-b6a0-9c7f26654c28:c4439, d1b6a90e-e817-40a7-bec1-608b5cc7d8b6:c4439]
2019-09-11 04:26:12,232 [grpc-default-executor-4] INFO  client.GrpcClientProtocolClient (GrpcClientProtocolClient.java:onNext(264)) - client-734BBEB428D7->a5e38e3e-c2ad-4348-acb9-3fc25cfb14dd: receive RaftClientReply:client-734BBEB428D7->a5e38e3e-c2ad-4348-acb9-3fc25cfb14dd@group-7000B19605CB, cid=2965, SUCCESS, logIndex=0, commits[a5e38e3e-c2ad-4348-acb9-3fc25cfb14dd:c4447, 11e48d46-e648-47f9-b6a0-9c7f26654c28:c4441, d1b6a90e-e817-40a7-bec1-608b5cc7d8b6:c4443]
2019-09-11 04:26:12,249 [grpc-default-executor-1] INFO  client.GrpcClientProtocolClient (GrpcClientProtocolClient.java:onNext(264)) - client-734BBEB428D7->a5e38e3e-c2ad-4348-acb9-3fc25cfb14dd: receive RaftClientReply:client-734BBEB428D7->a5e38e3e-c2ad-4348-acb9-3fc25cfb14dd@group-7000B19605CB, cid=2966, SUCCESS, logIndex=4448, commits[a5e38e3e-c2ad-4348-acb9-3fc25cfb14dd:c4449, 11e48d46-e648-47f9-b6a0-9c7f26654c28:c4447, d1b6a90e-e817-40a7-bec1-608b5cc7d8b6:c4447]
2019-09-11 04:26:12,249 [grpc-default-executor-1] INFO  client.GrpcClientProtocolClient (GrpcClientProtocolClient.java:onNext(264)) - client-734BBEB428D7->a5e38e3e-c2ad-4348-acb9-3fc25cfb14dd: receive RaftClientReply:client-734BBEB428D7->a5e38e3e-c2ad-4348-acb9-3fc25cfb14dd@group-7000B19605CB, cid=2967, SUCCESS, logIndex=4449, commits[a5e38e3e-c2ad-4348-acb9-3fc25cfb14dd:c4449, 11e48d46-e648-47f9-b6a0-9c7f26654c28:c4447, d1b6a90e-e817-40a7-bec1-608b5cc7d8b6:c4447]
2019-09-11 04:26:12,294 [grpc-default-executor-2] INFO  client.GrpcClientProtocolClient (GrpcClientProtocolClient.java:onNext(264)) - client-734BBEB428D7->a5e38e3e-c2ad-4348-acb9-3fc25cfb14dd: receive RaftClientReply:client-734BBEB428D7->a5e38e3e-c2ad-4348-acb9-3fc25cfb14dd@group-7000B19605CB, cid=2968, SUCCESS, logIndex=4452, commits[a5e38e3e-c2ad-4348-acb9-3fc25cfb14dd:c4453, 11e48d46-e648-47f9-b6a0-9c7f26654c28:c4449, d1b6a90e-e817-40a7-bec1-608b5cc7d8b6:c4449]
2019-09-11 04:26:12,294 [grpc-default-executor-2] INFO  client.GrpcClientProtocolClient (GrpcClientProtocolClient.java:onNext(264)) - client-734BBEB428D7->a5e38e3e-c2ad-4348-acb9-3fc25cfb14dd: receive RaftClientReply:client-734BBEB428D7->a5e38e3e-c2ad-4348-acb9-3fc25cfb14dd@group-7000B19605CB, cid=2969, SUCCESS, logIndex=4453, commits[a5e38e3e-c2ad-4348-acb9-3fc25cfb14dd:c4453, 11e48d46-e648-47f9-b6a0-9c7f26654c28:c4449, d1b6a90e-e817-40a7-bec1-608b5cc7d8b6:c4449]
2019-09-11 04:26:12,305 [grpc-default-executor-1] INFO  client.GrpcClientProtocolClient (GrpcClientProtocolClient.java:onNext(264)) - client-734BBEB428D7->a5e38e3e-c2ad-4348-acb9-3fc25cfb14dd: receive RaftClientReply:client-734BBEB428D7->a5e38e3e-c2ad-4348-acb9-3fc25cfb14dd@group-7000B19605CB, cid=2970, SUCCESS, logIndex=0, commits[a5e38e3e-c2ad-4348-acb9-3fc25cfb14dd:c4455, 11e48d46-e648-47f9-b6a0-9c7f26654c28:c4453, d1b6a90e-e817-40a7-bec1-608b5cc7d8b6:c4453]
2019-09-11 04:26:12,336 [grpc-default-executor-2] INFO  client.GrpcClientProtocolClient (GrpcClientProtocolClient.java:onNext(264)) - client-734BBEB428D7->a5e38e3e-c2ad-4348-acb9-3fc25cfb14dd: receive RaftClientReply:client-734BBEB428D7->a5e38e3e-c2ad-4348-acb9-3fc25cfb14dd@group-7000B19605CB, cid=2971, SUCCESS, logIndex=4456, commits[a5e38e3e-c2ad-4348-acb9-3fc25cfb14dd:c4457, 11e48d46-e648-47f9-b6a0-9c7f26654c28:c4455, d1b6a90e-e817-40a7-bec1-608b5cc7d8b6:c4455]
2019-09-11 04:26:12,337 [grpc-default-executor-2] INFO  client.GrpcClientProtocolClient (GrpcClientProtocolClient.java:onNext(264)) - client-734BBEB428D7->a5e38e3e-c2ad-4348-acb9-3fc25cfb14dd: receive RaftClientReply:client-734BBEB428D7->a5e38e3e-c2ad-4348-acb9-3fc25cfb14dd@group-7000B19605CB, cid=2972, SUCCESS, logIndex=4457, commits[a5e38e3e-c2ad-4348-acb9-3fc25cfb14dd:c4457, 11e48d46-e648-47f9-b6a0-9c7f26654c28:c4455, d1b6a90e-e817-40a7-bec1-608b5cc7d8b6:c4455]
2019-09-11 04:26:12,337 [grpc-default-executor-2] INFO  client.GrpcClientProtocolClient (GrpcClientProtocolClient.java:onNext(264)) - client-734BBEB428D7->a5e38e3e-c2ad-4348-acb9-3fc25cfb14dd: receive RaftClientReply:client-734BBEB428D7->a5e38e3e-c2ad-4348-acb9-3fc25cfb14dd@group-7000B19605CB, cid=2973, SUCCESS, logIndex=4458, commits[a5e38e3e-c2ad-4348-acb9-3fc25cfb14dd:c4459, 11e48d46-e648-47f9-b6a0-9c7f26654c28:c4455, d1b6a90e-e817-40a7-bec1-608b5cc7d8b6:c4455]
2019-09-11 04:26:12,338 [grpc-default-executor-1] INFO  client.GrpcClientProtocolClient (GrpcClientProtocolClient.java:onNext(264)) - client-734BBEB428D7->a5e38e3e-c2ad-4348-acb9-3fc25cfb14dd: receive RaftClientReply:client-734BBEB428D7->a5e38e3e-c2ad-4348-acb9-3fc25cfb14dd@group-7000B19605CB, cid=2974, SUCCESS, logIndex=4459, commits[a5e38e3e-c2ad-4348-acb9-3fc25cfb14dd:c4459, 11e48d46-e648-47f9-b6a0-9c7f26654c28:c4455, d1b6a90e-e817-40a7-bec1-608b5cc7d8b6:c4455]
2019-09-11 04:26:12,339 [grpc-default-executor-2] INFO  client.GrpcClientProtocolClient (GrpcClientProtocolClient.java:onNext(264)) - client-734BBEB428D7->a5e38e3e-c2ad-4348-acb9-3fc25cfb14dd: receive RaftClientReply:client-734BBEB428D7->a5e38e3e-c2ad-4348-acb9-3fc25cfb14dd@group-7000B19605CB, cid=2975, SUCCESS, logIndex=0, commits[a5e38e3e-c2ad-4348-acb9-3fc25cfb14dd:c4461, 11e48d46-e648-47f9-b6a0-9c7f26654c28:c4457, d1b6a90e-e817-40a7-bec1-608b5cc7d8b6:c4457]
2019-09-11 04:26:12,359 [grpc-default-executor-2] INFO  client.GrpcClientProtocolClient (GrpcClientProtocolClient.java:onNext(264)) - client-734BBEB428D7->a5e38e3e-c2ad-4348-acb9-3fc25cfb14dd: receive RaftClientReply:client-734BBEB428D7->a5e38e3e-c2ad-4348-acb9-3fc25cfb14dd@group-7000B19605CB, cid=2976, SUCCESS, logIndex=4464, commits[a5e38e3e-c2ad-4348-acb9-3fc25cfb14dd:c4465, 11e48d46-e648-47f9-b6a0-9c7f26654c28:c4463, d1b6a90e-e817-40a7-bec1-608b5cc7d8b6:c4463]
2019-09-11 04:26:12,359 [grpc-default-executor-2] INFO  client.GrpcClientProtocolClient (GrpcClientProtocolClient.java:onNext(264)) - client-734BBEB428D7->a5e38e3e-c2ad-4348-acb9-3fc25cfb14dd: receive RaftClientReply:client-734BBEB428D7->a5e38e3e-c2ad-4348-acb9-3fc25cfb14dd@group-7000B19605CB, cid=2977, SUCCESS, logIndex=4465, commits[a5e38e3e-c2ad-4348-acb9-3fc25cfb14dd:c4465, 11e48d46-e648-47f9-b6a0-9c7f26654c28:c4463, d1b6a90e-e817-40a7-bec1-608b5cc7d8b6:c4463]
2019-09-11 04:26:12,372 [grpc-default-executor-1] INFO  client.GrpcClientProtocolClient (GrpcClientProtocolClient.java:onNext(264)) - client-734BBEB428D7->a5e38e3e-c2ad-4348-acb9-3fc25cfb14dd: receive RaftClientReply:client-734BBEB428D7->a5e38e3e-c2ad-4348-acb9-3fc25cfb14dd@group-7000B19605CB, cid=2978, SUCCESS, logIndex=4468, commits[a5e38e3e-c2ad-4348-acb9-3fc25cfb14dd:c4469, 11e48d46-e648-47f9-b6a0-9c7f26654c28:c4465, d1b6a90e-e817-40a7-bec1-608b5cc7d8b6:c4465]
2019-09-11 04:26:12,372 [grpc-default-executor-1] INFO  client.GrpcClientProtocolClient (GrpcClientProtocolClient.java:onNext(264)) - client-734BBEB428D7->a5e38e3e-c2ad-4348-acb9-3fc25cfb14dd: receive RaftClientReply:client-734BBEB428D7->a5e38e3e-c2ad-4348-acb9-3fc25cfb14dd@group-7000B19605CB, cid=2979, SUCCESS, logIndex=4469, commits[a5e38e3e-c2ad-4348-acb9-3fc25cfb14dd:c4469, 11e48d46-e648-47f9-b6a0-9c7f26654c28:c4465, d1b6a90e-e817-40a7-bec1-608b5cc7d8b6:c4465]
2019-09-11 04:26:12,385 [grpc-default-executor-3] INFO  client.GrpcClientProtocolClient (GrpcClientProtocolClient.java:onNext(264)) - client-734BBEB428D7->a5e38e3e-c2ad-4348-acb9-3fc25cfb14dd: receive RaftClientReply:client-734BBEB428D7->a5e38e3e-c2ad-4348-acb9-3fc25cfb14dd@group-7000B19605CB, cid=2980, SUCCESS, logIndex=0, commits[a5e38e3e-c2ad-4348-acb9-3fc25cfb14dd:c4471, 11e48d46-e648-47f9-b6a0-9c7f26654c28:c4469, d1b6a90e-e817-40a7-bec1-608b5cc7d8b6:c4469]
2019-09-11 04:26:12,445 [grpc-default-executor-2] INFO  client.GrpcClientProtocolClient (GrpcClientProtocolClient.java:onNext(264)) - client-734BBEB428D7->a5e38e3e-c2ad-4348-acb9-3fc25cfb14dd: receive RaftClientReply:client-734BBEB428D7->a5e38e3e-c2ad-4348-acb9-3fc25cfb14dd@group-7000B19605CB, cid=2981, SUCCESS, logIndex=4472, commits[a5e38e3e-c2ad-4348-acb9-3fc25cfb14dd:c4474, 11e48d46-e648-47f9-b6a0-9c7f26654c28:c4471, d1b6a90e-e817-40a7-bec1-608b5cc7d8b6:c4471]
2019-09-11 04:26:12,446 [grpc-default-executor-2] INFO  client.GrpcClientProtocolClient (GrpcClientProtocolClient.java:onNext(264)) - client-734BBEB428D7->a5e38e3e-c2ad-4348-acb9-3fc25cfb14dd: receive RaftClientReply:client-734BBEB428D7->a5e38e3e-c2ad-4348-acb9-3fc25cfb14dd@group-7000B19605CB, cid=2982, SUCCESS, logIndex=4473, commits[a5e38e3e-c2ad-4348-acb9-3fc25cfb14dd:c4474, 11e48d46-e648-47f9-b6a0-9c7f26654c28:c4471, d1b6a90e-e817-40a7-bec1-608b5cc7d8b6:c4471]
2019-09-11 04:26:12,446 [grpc-default-executor-2] INFO  client.GrpcClientProtocolClient (GrpcClientProtocolClient.java:onNext(264)) - client-734BBEB428D7->a5e38e3e-c2ad-4348-acb9-3fc25cfb14dd: receive RaftClientReply:client-734BBEB428D7->a5e38e3e-c2ad-4348-acb9-3fc25cfb14dd@group-7000B19605CB, cid=2983, SUCCESS, logIndex=4474, commits[a5e38e3e-c2ad-4348-acb9-3fc25cfb14dd:c4475, 11e48d46-e648-47f9-b6a0-9c7f26654c28:c4471, d1b6a90e-e817-40a7-bec1-608b5cc7d8b6:c4471]
2019-09-11 04:26:12,446 [grpc-default-executor-2] INFO  client.GrpcClientProtocolClient (GrpcClientProtocolClient.java:onNext(264)) - client-734BBEB428D7->a5e38e3e-c2ad-4348-acb9-3fc25cfb14dd: receive RaftClientReply:client-734BBEB428D7->a5e38e3e-c2ad-4348-acb9-3fc25cfb14dd@group-7000B19605CB, cid=2984, SUCCESS, logIndex=4475, commits[a5e38e3e-c2ad-4348-acb9-3fc25cfb14dd:c4475, 11e48d46-e648-47f9-b6a0-9c7f26654c28:c4471, d1b6a90e-e817-40a7-bec1-608b5cc7d8b6:c4471]
2019-09-11 04:26:12,457 [grpc-default-executor-2] INFO  client.GrpcClientProtocolClient (GrpcClientProtocolClient.java:onNext(264)) - client-734BBEB428D7->a5e38e3e-c2ad-4348-acb9-3fc25cfb14dd: receive RaftClientReply:client-734BBEB428D7->a5e38e3e-c2ad-4348-acb9-3fc25cfb14dd@group-7000B19605CB, cid=2985, SUCCESS, logIndex=0, commits[a5e38e3e-c2ad-4348-acb9-3fc25cfb14dd:c4476, 11e48d46-e648-47f9-b6a0-9c7f26654c28:c4473, d1b6a90e-e817-40a7-bec1-608b5cc7d8b6:c4473]
2019-09-11 04:26:12,476 [grpc-default-executor-3] INFO  client.GrpcClientProtocolClient (GrpcClientProtocolClient.java:onNext(264)) - client-734BBEB428D7->a5e38e3e-c2ad-4348-acb9-3fc25cfb14dd: receive RaftClientReply:client-734BBEB428D7->a5e38e3e-c2ad-4348-acb9-3fc25cfb14dd@group-7000B19605CB, cid=2986, SUCCESS, logIndex=4480, commits[a5e38e3e-c2ad-4348-acb9-3fc25cfb14dd:c4481, 11e48d46-e648-47f9-b6a0-9c7f26654c28:c4479, d1b6a90e-e817-40a7-bec1-608b5cc7d8b6:c4479]
2019-09-11 04:26:12,476 [grpc-default-executor-3] INFO  client.GrpcClientProtocolClient (GrpcClientProtocolClient.java:onNext(264)) - client-734BBEB428D7->a5e38e3e-c2ad-4348-acb9-3fc25cfb14dd: receive RaftClientReply:client-734BBEB428D7->a5e38e3e-c2ad-4348-acb9-3fc25cfb14dd@group-7000B19605CB, cid=2987, SUCCESS, logIndex=4481, commits[a5e38e3e-c2ad-4348-acb9-3fc25cfb14dd:c4481, 11e48d46-e648-47f9-b6a0-9c7f26654c28:c4479, d1b6a90e-e817-40a7-bec1-608b5cc7d8b6:c4479]
2019-09-11 04:26:12,489 [grpc-default-executor-3] INFO  client.GrpcClientProtocolClient (GrpcClientProtocolClient.java:onNext(264)) - client-734BBEB428D7->a5e38e3e-c2ad-4348-acb9-3fc25cfb14dd: receive RaftClientReply:client-734BBEB428D7->a5e38e3e-c2ad-4348-acb9-3fc25cfb14dd@group-7000B19605CB, cid=2988, SUCCESS, logIndex=4484, commits[a5e38e3e-c2ad-4348-acb9-3fc25cfb14dd:c4485, 11e48d46-e648-47f9-b6a0-9c7f26654c28:c4481, d1b6a90e-e817-40a7-bec1-608b5cc7d8b6:c4481]
2019-09-11 04:26:12,490 [grpc-default-executor-3] INFO  client.GrpcClientProtocolClient (GrpcClientProtocolClient.java:onNext(264)) - client-734BBEB428D7->a5e38e3e-c2ad-4348-acb9-3fc25cfb14dd: receive RaftClientReply:client-734BBEB428D7->a5e38e3e-c2ad-4348-acb9-3fc25cfb14dd@group-7000B19605CB, cid=2989, SUCCESS, logIndex=4485, commits[a5e38e3e-c2ad-4348-acb9-3fc25cfb14dd:c4485, 11e48d46-e648-47f9-b6a0-9c7f26654c28:c4481, d1b6a90e-e817-40a7-bec1-608b5cc7d8b6:c4481]
2019-09-11 04:26:12,502 [grpc-default-executor-2] INFO  client.GrpcClientProtocolClient (GrpcClientProtocolClient.java:onNext(264)) - client-734BBEB428D7->a5e38e3e-c2ad-4348-acb9-3fc25cfb14dd: receive RaftClientReply:client-734BBEB428D7->a5e38e3e-c2ad-4348-acb9-3fc25cfb14dd@group-7000B19605CB, cid=2990, SUCCESS, logIndex=0, commits[a5e38e3e-c2ad-4348-acb9-3fc25cfb14dd:c4487, 11e48d46-e648-47f9-b6a0-9c7f26654c28:c4485, d1b6a90e-e817-40a7-bec1-608b5cc7d8b6:c4485]
2019-09-11 04:26:12,530 [grpc-default-executor-3] INFO  client.GrpcClientProtocolClient (GrpcClientProtocolClient.java:onNext(264)) - client-734BBEB428D7->a5e38e3e-c2ad-4348-acb9-3fc25cfb14dd: receive RaftClientReply:client-734BBEB428D7->a5e38e3e-c2ad-4348-acb9-3fc25cfb14dd@group-7000B19605CB, cid=2991, SUCCESS, logIndex=4488, commits[a5e38e3e-c2ad-4348-acb9-3fc25cfb14dd:c4489, 11e48d46-e648-47f9-b6a0-9c7f26654c28:c4487, d1b6a90e-e817-40a7-bec1-608b5cc7d8b6:c4487]
2019-09-11 04:26:12,531 [grpc-default-executor-4] INFO  client.GrpcClientProtocolClient (GrpcClientProtocolClient.java:onNext(264)) - client-734BBEB428D7->a5e38e3e-c2ad-4348-acb9-3fc25cfb14dd: receive RaftClientReply:client-734BBEB428D7->a5e38e3e-c2ad-4348-acb9-3fc25cfb14dd@group-7000B19605CB, cid=2992, SUCCESS, logIndex=4489, commits[a5e38e3e-c2ad-4348-acb9-3fc25cfb14dd:c4489, 11e48d46-e648-47f9-b6a0-9c7f26654c28:c4487, d1b6a90e-e817-40a7-bec1-608b5cc7d8b6:c4487]
2019-09-11 04:26:12,531 [grpc-default-executor-4] INFO  client.GrpcClientProtocolClient (GrpcClientProtocolClient.java:onNext(264)) - client-734BBEB428D7->a5e38e3e-c2ad-4348-acb9-3fc25cfb14dd: receive RaftClientReply:client-734BBEB428D7->a5e38e3e-c2ad-4348-acb9-3fc25cfb14dd@group-7000B19605CB, cid=2993, SUCCESS, logIndex=4490, commits[a5e38e3e-c2ad-4348-acb9-3fc25cfb14dd:c4491, 11e48d46-e648-47f9-b6a0-9c7f26654c28:c4487, d1b6a90e-e817-40a7-bec1-608b5cc7d8b6:c4487]
2019-09-11 04:26:12,532 [grpc-default-executor-4] INFO  client.GrpcClientProtocolClient (GrpcClientProtocolClient.java:onNext(264)) - client-734BBEB428D7->a5e38e3e-c2ad-4348-acb9-3fc25cfb14dd: receive RaftClientReply:client-734BBEB428D7->a5e38e3e-c2ad-4348-acb9-3fc25cfb14dd@group-7000B19605CB, cid=2994, SUCCESS, logIndex=4491, commits[a5e38e3e-c2ad-4348-acb9-3fc25cfb14dd:c4491, 11e48d46-e648-47f9-b6a0-9c7f26654c28:c4487, d1b6a90e-e817-40a7-bec1-608b5cc7d8b6:c4487]
2019-09-11 04:26:12,533 [grpc-default-executor-4] INFO  client.GrpcClientProtocolClient (GrpcClientProtocolClient.java:onNext(264)) - client-734BBEB428D7->a5e38e3e-c2ad-4348-acb9-3fc25cfb14dd: receive RaftClientReply:client-734BBEB428D7->a5e38e3e-c2ad-4348-acb9-3fc25cfb14dd@group-7000B19605CB, cid=2995, SUCCESS, logIndex=0, commits[a5e38e3e-c2ad-4348-acb9-3fc25cfb14dd:c4493, 11e48d46-e648-47f9-b6a0-9c7f26654c28:c4489, d1b6a90e-e817-40a7-bec1-608b5cc7d8b6:c4489]
2019-09-11 04:26:12,549 [grpc-default-executor-4] INFO  client.GrpcClientProtocolClient (GrpcClientProtocolClient.java:onNext(264)) - client-734BBEB428D7->a5e38e3e-c2ad-4348-acb9-3fc25cfb14dd: receive RaftClientReply:client-734BBEB428D7->a5e38e3e-c2ad-4348-acb9-3fc25cfb14dd@group-7000B19605CB, cid=2996, SUCCESS, logIndex=4496, commits[a5e38e3e-c2ad-4348-acb9-3fc25cfb14dd:c4497, 11e48d46-e648-47f9-b6a0-9c7f26654c28:c4495, d1b6a90e-e817-40a7-bec1-608b5cc7d8b6:c4495]
2019-09-11 04:26:12,549 [grpc-default-executor-4] INFO  client.GrpcClientProtocolClient (GrpcClientProtocolClient.java:onNext(264)) - client-734BBEB428D7->a5e38e3e-c2ad-4348-acb9-3fc25cfb14dd: receive RaftClientReply:client-734BBEB428D7->a5e38e3e-c2ad-4348-acb9-3fc25cfb14dd@group-7000B19605CB, cid=2997, SUCCESS, logIndex=4497, commits[a5e38e3e-c2ad-4348-acb9-3fc25cfb14dd:c4497, 11e48d46-e648-47f9-b6a0-9c7f26654c28:c4495, d1b6a90e-e817-40a7-bec1-608b5cc7d8b6:c4495]
2019-09-11 04:26:12,560 [grpc-default-executor-3] INFO  client.GrpcClientProtocolClient (GrpcClientProtocolClient.java:onNext(264)) - client-734BBEB428D7->a5e38e3e-c2ad-4348-acb9-3fc25cfb14dd: receive RaftClientReply:client-734BBEB428D7->a5e38e3e-c2ad-4348-acb9-3fc25cfb14dd@group-7000B19605CB, cid=2998, SUCCESS, logIndex=4500, commits[a5e38e3e-c2ad-4348-acb9-3fc25cfb14dd:c4500, 11e48d46-e648-47f9-b6a0-9c7f26654c28:c4497, d1b6a90e-e817-40a7-bec1-608b5cc7d8b6:c4497]
2019-09-11 04:26:12,561 [grpc-default-executor-3] INFO  client.GrpcClientProtocolClient (GrpcClientProtocolClient.java:onNext(264)) - client-734BBEB428D7->a5e38e3e-c2ad-4348-acb9-3fc25cfb14dd: receive RaftClientReply:client-734BBEB428D7->a5e38e3e-c2ad-4348-acb9-3fc25cfb14dd@group-7000B19605CB, cid=2999, SUCCESS, logIndex=4501, commits[a5e38e3e-c2ad-4348-acb9-3fc25cfb14dd:c4501, 11e48d46-e648-47f9-b6a0-9c7f26654c28:c4497, d1b6a90e-e817-40a7-bec1-608b5cc7d8b6:c4497]
2019-09-11 04:26:12,564 [grpc-default-executor-4] INFO  client.GrpcClientProtocolClient (GrpcClientProtocolClient.java:onNext(264)) - client-734BBEB428D7->a5e38e3e-c2ad-4348-acb9-3fc25cfb14dd: receive RaftClientReply:client-734BBEB428D7->a5e38e3e-c2ad-4348-acb9-3fc25cfb14dd@group-7000B19605CB, cid=3000, SUCCESS, logIndex=0, commits[a5e38e3e-c2ad-4348-acb9-3fc25cfb14dd:c4503, 11e48d46-e648-47f9-b6a0-9c7f26654c28:c4501, d1b6a90e-e817-40a7-bec1-608b5cc7d8b6:c4501]
2019-09-11 04:26:12,583 [grpc-default-executor-2] INFO  client.GrpcClientProtocolClient (GrpcClientProtocolClient.java:onNext(264)) - client-734BBEB428D7->a5e38e3e-c2ad-4348-acb9-3fc25cfb14dd: receive RaftClientReply:client-734BBEB428D7->a5e38e3e-c2ad-4348-acb9-3fc25cfb14dd@group-7000B19605CB, cid=3001, SUCCESS, logIndex=4504, commits[a5e38e3e-c2ad-4348-acb9-3fc25cfb14dd:c4505, 11e48d46-e648-47f9-b6a0-9c7f26654c28:c4503, d1b6a90e-e817-40a7-bec1-608b5cc7d8b6:c4503]
2019-09-11 04:26:12,584 [grpc-default-executor-2] INFO  client.GrpcClientProtocolClient (GrpcClientProtocolClient.java:onNext(264)) - client-734BBEB428D7->a5e38e3e-c2ad-4348-acb9-3fc25cfb14dd: receive RaftClientReply:client-734BBEB428D7->a5e38e3e-c2ad-4348-acb9-3fc25cfb14dd@group-7000B19605CB, cid=3002, SUCCESS, logIndex=4505, commits[a5e38e3e-c2ad-4348-acb9-3fc25cfb14dd:c4505, 11e48d46-e648-47f9-b6a0-9c7f26654c28:c4503, d1b6a90e-e817-40a7-bec1-608b5cc7d8b6:c4503]
2019-09-11 04:26:12,585 [grpc-default-executor-4] INFO  client.GrpcClientProtocolClient (GrpcClientProtocolClient.java:onNext(264)) - client-734BBEB428D7->a5e38e3e-c2ad-4348-acb9-3fc25cfb14dd: receive RaftClientReply:client-734BBEB428D7->a5e38e3e-c2ad-4348-acb9-3fc25cfb14dd@group-7000B19605CB, cid=3003, SUCCESS, logIndex=4506, commits[a5e38e3e-c2ad-4348-acb9-3fc25cfb14dd:c4508, 11e48d46-e648-47f9-b6a0-9c7f26654c28:c4503, d1b6a90e-e817-40a7-bec1-608b5cc7d8b6:c4504]
2019-09-11 04:26:12,586 [grpc-default-executor-4] INFO  client.GrpcClientProtocolClient (GrpcClientProtocolClient.java:onNext(264)) - client-734BBEB428D7->a5e38e3e-c2ad-4348-acb9-3fc25cfb14dd: receive RaftClientReply:client-734BBEB428D7->a5e38e3e-c2ad-4348-acb9-3fc25cfb14dd@group-7000B19605CB, cid=3004, SUCCESS, logIndex=4507, commits[a5e38e3e-c2ad-4348-acb9-3fc25cfb14dd:c4508, 11e48d46-e648-47f9-b6a0-9c7f26654c28:c4503, d1b6a90e-e817-40a7-bec1-608b5cc7d8b6:c4504]
2019-09-11 04:26:12,586 [grpc-default-executor-4] INFO  client.GrpcClientProtocolClient (GrpcClientProtocolClient.java:onNext(264)) - client-734BBEB428D7->a5e38e3e-c2ad-4348-acb9-3fc25cfb14dd: receive RaftClientReply:client-734BBEB428D7->a5e38e3e-c2ad-4348-acb9-3fc25cfb14dd@group-7000B19605CB, cid=3005, SUCCESS, logIndex=0, commits[a5e38e3e-c2ad-4348-acb9-3fc25cfb14dd:c4509, 11e48d46-e648-47f9-b6a0-9c7f26654c28:c4505, d1b6a90e-e817-40a7-bec1-608b5cc7d8b6:c4505]
2019-09-11 04:26:12,604 [grpc-default-executor-4] INFO  client.GrpcClientProtocolClient (GrpcClientProtocolClient.java:onNext(264)) - client-734BBEB428D7->a5e38e3e-c2ad-4348-acb9-3fc25cfb14dd: receive RaftClientReply:client-734BBEB428D7->a5e38e3e-c2ad-4348-acb9-3fc25cfb14dd@group-7000B19605CB, cid=3006, SUCCESS, logIndex=4512, commits[a5e38e3e-c2ad-4348-acb9-3fc25cfb14dd:c4513, 11e48d46-e648-47f9-b6a0-9c7f26654c28:c4511, d1b6a90e-e817-40a7-bec1-608b5cc7d8b6:c4511]
2019-09-11 04:26:12,604 [grpc-default-executor-4] INFO  client.GrpcClientProtocolClient (GrpcClientProtocolClient.java:onNext(264)) - client-734BBEB428D7->a5e38e3e-c2ad-4348-acb9-3fc25cfb14dd: receive RaftClientReply:client-734BBEB428D7->a5e38e3e-c2ad-4348-acb9-3fc25cfb14dd@group-7000B19605CB, cid=3007, SUCCESS, logIndex=4513, commits[a5e38e3e-c2ad-4348-acb9-3fc25cfb14dd:c4513, 11e48d46-e648-47f9-b6a0-9c7f26654c28:c4511, d1b6a90e-e817-40a7-bec1-608b5cc7d8b6:c4511]
2019-09-11 04:26:12,618 [grpc-default-executor-3] INFO  client.GrpcClientProtocolClient (GrpcClientProtocolClient.java:onNext(264)) - client-734BBEB428D7->a5e38e3e-c2ad-4348-acb9-3fc25cfb14dd: receive RaftClientReply:client-734BBEB428D7->a5e38e3e-c2ad-4348-acb9-3fc25cfb14dd@group-7000B19605CB, cid=3008, SUCCESS, logIndex=4516, commits[a5e38e3e-c2ad-4348-acb9-3fc25cfb14dd:c4517, 11e48d46-e648-47f9-b6a0-9c7f26654c28:c4513, d1b6a90e-e817-40a7-bec1-608b5cc7d8b6:c4513]
2019-09-11 04:26:12,618 [grpc-default-executor-3] INFO  client.GrpcClientProtocolClient (GrpcClientProtocolClient.java:onNext(264)) - client-734BBEB428D7->a5e38e3e-c2ad-4348-acb9-3fc25cfb14dd: receive RaftClientReply:client-734BBEB428D7->a5e38e3e-c2ad-4348-acb9-3fc25cfb14dd@group-7000B19605CB, cid=3009, SUCCESS, logIndex=4517, commits[a5e38e3e-c2ad-4348-acb9-3fc25cfb14dd:c4517, 11e48d46-e648-47f9-b6a0-9c7f26654c28:c4513, d1b6a90e-e817-40a7-bec1-608b5cc7d8b6:c4513]
2019-09-11 04:26:12,630 [grpc-default-executor-3] INFO  client.GrpcClientProtocolClient (GrpcClientProtocolClient.java:onNext(264)) - client-734BBEB428D7->a5e38e3e-c2ad-4348-acb9-3fc25cfb14dd: receive RaftClientReply:client-734BBEB428D7->a5e38e3e-c2ad-4348-acb9-3fc25cfb14dd@group-7000B19605CB, cid=3010, SUCCESS, logIndex=0, commits[a5e38e3e-c2ad-4348-acb9-3fc25cfb14dd:c4519, 11e48d46-e648-47f9-b6a0-9c7f26654c28:c4517, d1b6a90e-e817-40a7-bec1-608b5cc7d8b6:c4517]
2019-09-11 04:26:12,657 [grpc-default-executor-4] INFO  client.GrpcClientProtocolClient (GrpcClientProtocolClient.java:onNext(264)) - client-734BBEB428D7->a5e38e3e-c2ad-4348-acb9-3fc25cfb14dd: receive RaftClientReply:client-734BBEB428D7->a5e38e3e-c2ad-4348-acb9-3fc25cfb14dd@group-7000B19605CB, cid=3011, SUCCESS, logIndex=4520, commits[a5e38e3e-c2ad-4348-acb9-3fc25cfb14dd:c4520, 11e48d46-e648-47f9-b6a0-9c7f26654c28:c4519, d1b6a90e-e817-40a7-bec1-608b5cc7d8b6:c4519]
2019-09-11 04:26:12,657 [grpc-default-executor-4] INFO  client.GrpcClientProtocolClient (GrpcClientProtocolClient.java:onNext(264)) - client-734BBEB428D7->a5e38e3e-c2ad-4348-acb9-3fc25cfb14dd: receive RaftClientReply:client-734BBEB428D7->a5e38e3e-c2ad-4348-acb9-3fc25cfb14dd@group-7000B19605CB, cid=3012, SUCCESS, logIndex=4521, commits[a5e38e3e-c2ad-4348-acb9-3fc25cfb14dd:c4523, 11e48d46-e648-47f9-b6a0-9c7f26654c28:c4519, d1b6a90e-e817-40a7-bec1-608b5cc7d8b6:c4519]
2019-09-11 04:26:12,657 [grpc-default-executor-4] INFO  client.GrpcClientProtocolClient (GrpcClientProtocolClient.java:onNext(264)) - client-734BBEB428D7->a5e38e3e-c2ad-4348-acb9-3fc25cfb14dd: receive RaftClientReply:client-734BBEB428D7->a5e38e3e-c2ad-4348-acb9-3fc25cfb14dd@group-7000B19605CB, cid=3013, SUCCESS, logIndex=4522, commits[a5e38e3e-c2ad-4348-acb9-3fc25cfb14dd:c4523, 11e48d46-e648-47f9-b6a0-9c7f26654c28:c4519, d1b6a90e-e817-40a7-bec1-608b5cc7d8b6:c4519]
2019-09-11 04:26:12,657 [grpc-default-executor-4] INFO  client.GrpcClientProtocolClient (GrpcClientProtocolClient.java:onNext(264)) - client-734BBEB428D7->a5e38e3e-c2ad-4348-acb9-3fc25cfb14dd: receive RaftClientReply:client-734BBEB428D7->a5e38e3e-c2ad-4348-acb9-3fc25cfb14dd@group-7000B19605CB, cid=3014, SUCCESS, logIndex=4523, commits[a5e38e3e-c2ad-4348-acb9-3fc25cfb14dd:c4523, 11e48d46-e648-47f9-b6a0-9c7f26654c28:c4519, d1b6a90e-e817-40a7-bec1-608b5cc7d8b6:c4519]
2019-09-11 04:26:12,660 [grpc-default-executor-1] INFO  client.GrpcClientProtocolClient (GrpcClientProtocolClient.java:onNext(264)) - client-734BBEB428D7->a5e38e3e-c2ad-4348-acb9-3fc25cfb14dd: receive RaftClientReply:client-734BBEB428D7->a5e38e3e-c2ad-4348-acb9-3fc25cfb14dd@group-7000B19605CB, cid=3015, SUCCESS, logIndex=0, commits[a5e38e3e-c2ad-4348-acb9-3fc25cfb14dd:c4526, 11e48d46-e648-47f9-b6a0-9c7f26654c28:c4522, d1b6a90e-e817-40a7-bec1-608b5cc7d8b6:c4523]
2019-09-11 04:26:12,801 [grpc-default-executor-1] INFO  client.GrpcClientProtocolClient (GrpcClientProtocolClient.java:onNext(264)) - client-734BBEB428D7->a5e38e3e-c2ad-4348-acb9-3fc25cfb14dd: receive RaftClientReply:client-734BBEB428D7->a5e38e3e-c2ad-4348-acb9-3fc25cfb14dd@group-7000B19605CB, cid=3016, SUCCESS, logIndex=4527, commits[a5e38e3e-c2ad-4348-acb9-3fc25cfb14dd:c4528, 11e48d46-e648-47f9-b6a0-9c7f26654c28:c4526, d1b6a90e-e817-40a7-bec1-608b5cc7d8b6:c4526]
2019-09-11 04:26:12,801 [grpc-default-executor-1] INFO  client.GrpcClientProtocolClient (GrpcClientProtocolClient.java:onNext(264)) - client-734BBEB428D7->a5e38e3e-c2ad-4348-acb9-3fc25cfb14dd: receive RaftClientReply:client-734BBEB428D7->a5e38e3e-c2ad-4348-acb9-3fc25cfb14dd@group-7000B19605CB, cid=3017, SUCCESS, logIndex=4528, commits[a5e38e3e-c2ad-4348-acb9-3fc25cfb14dd:c4528, 11e48d46-e648-47f9-b6a0-9c7f26654c28:c4526, d1b6a90e-e817-40a7-bec1-608b5cc7d8b6:c4526]
2019-09-11 04:26:12,844 [grpc-default-executor-1] INFO  client.GrpcClientProtocolClient (GrpcClientProtocolClient.java:onNext(264)) - client-734BBEB428D7->a5e38e3e-c2ad-4348-acb9-3fc25cfb14dd: receive RaftClientReply:client-734BBEB428D7->a5e38e3e-c2ad-4348-acb9-3fc25cfb14dd@group-7000B19605CB, cid=3018, SUCCESS, logIndex=4531, commits[a5e38e3e-c2ad-4348-acb9-3fc25cfb14dd:c4532, 11e48d46-e648-47f9-b6a0-9c7f26654c28:c4528, d1b6a90e-e817-40a7-bec1-608b5cc7d8b6:c4528]
2019-09-11 04:26:12,844 [grpc-default-executor-1] INFO  client.GrpcClientProtocolClient (GrpcClientProtocolClient.java:onNext(264)) - client-734BBEB428D7->a5e38e3e-c2ad-4348-acb9-3fc25cfb14dd: receive RaftClientReply:client-734BBEB428D7->a5e38e3e-c2ad-4348-acb9-3fc25cfb14dd@group-7000B19605CB, cid=3019, SUCCESS, logIndex=4532, commits[a5e38e3e-c2ad-4348-acb9-3fc25cfb14dd:c4532, 11e48d46-e648-47f9-b6a0-9c7f26654c28:c4528, d1b6a90e-e817-40a7-bec1-608b5cc7d8b6:c4528]
2019-09-11 04:26:12,856 [grpc-default-executor-4] INFO  client.GrpcClientProtocolClient (GrpcClientProtocolClient.java:onNext(264)) - client-734BBEB428D7->a5e38e3e-c2ad-4348-acb9-3fc25cfb14dd: receive RaftClientReply:client-734BBEB428D7->a5e38e3e-c2ad-4348-acb9-3fc25cfb14dd@group-7000B19605CB, cid=3020, SUCCESS, logIndex=0, commits[a5e38e3e-c2ad-4348-acb9-3fc25cfb14dd:c4534, 11e48d46-e648-47f9-b6a0-9c7f26654c28:c4532, d1b6a90e-e817-40a7-bec1-608b5cc7d8b6:c4532]
2019-09-11 04:26:12,889 [grpc-default-executor-2] INFO  client.GrpcClientProtocolClient (GrpcClientProtocolClient.java:onNext(264)) - client-734BBEB428D7->a5e38e3e-c2ad-4348-acb9-3fc25cfb14dd: receive RaftClientReply:client-734BBEB428D7->a5e38e3e-c2ad-4348-acb9-3fc25cfb14dd@group-7000B19605CB, cid=3021, SUCCESS, logIndex=4535, commits[a5e38e3e-c2ad-4348-acb9-3fc25cfb14dd:c4537, 11e48d46-e648-47f9-b6a0-9c7f26654c28:c4534, d1b6a90e-e817-40a7-bec1-608b5cc7d8b6:c4534]
2019-09-11 04:26:12,889 [grpc-default-executor-2] INFO  client.GrpcClientProtocolClient (GrpcClientProtocolClient.java:onNext(264)) - client-734BBEB428D7->a5e38e3e-c2ad-4348-acb9-3fc25cfb14dd: receive RaftClientReply:client-734BBEB428D7->a5e38e3e-c2ad-4348-acb9-3fc25cfb14dd@group-7000B19605CB, cid=3022, SUCCESS, logIndex=4536, commits[a5e38e3e-c2ad-4348-acb9-3fc25cfb14dd:c4538, 11e48d46-e648-47f9-b6a0-9c7f26654c28:c4534, d1b6a90e-e817-40a7-bec1-608b5cc7d8b6:c4534]
2019-09-11 04:26:12,889 [grpc-default-executor-2] INFO  client.GrpcClientProtocolClient (GrpcClientProtocolClient.java:onNext(264)) - client-734BBEB428D7->a5e38e3e-c2ad-4348-acb9-3fc25cfb14dd: receive RaftClientReply:client-734BBEB428D7->a5e38e3e-c2ad-4348-acb9-3fc25cfb14dd@group-7000B19605CB, cid=3023, SUCCESS, logIndex=4537, commits[a5e38e3e-c2ad-4348-acb9-3fc25cfb14dd:c4538, 11e48d46-e648-47f9-b6a0-9c7f26654c28:c4534, d1b6a90e-e817-40a7-bec1-608b5cc7d8b6:c4534]
2019-09-11 04:26:12,889 [grpc-default-executor-2] INFO  client.GrpcClientProtocolClient (GrpcClientProtocolClient.java:onNext(264)) - client-734BBEB428D7->a5e38e3e-c2ad-4348-acb9-3fc25cfb14dd: receive RaftClientReply:client-734BBEB428D7->a5e38e3e-c2ad-4348-acb9-3fc25cfb14dd@group-7000B19605CB, cid=3024, SUCCESS, logIndex=4538, commits[a5e38e3e-c2ad-4348-acb9-3fc25cfb14dd:c4538, 11e48d46-e648-47f9-b6a0-9c7f26654c28:c4534, d1b6a90e-e817-40a7-bec1-608b5cc7d8b6:c4534]
2019-09-11 04:26:12,901 [grpc-default-executor-2] INFO  client.GrpcClientProtocolClient (GrpcClientProtocolClient.java:onNext(264)) - client-734BBEB428D7->a5e38e3e-c2ad-4348-acb9-3fc25cfb14dd: receive RaftClientReply:client-734BBEB428D7->a5e38e3e-c2ad-4348-acb9-3fc25cfb14dd@group-7000B19605CB, cid=3025, SUCCESS, logIndex=0, commits[a5e38e3e-c2ad-4348-acb9-3fc25cfb14dd:c4540, 11e48d46-e648-47f9-b6a0-9c7f26654c28:c4536, d1b6a90e-e817-40a7-bec1-608b5cc7d8b6:c4537]
2019-09-11 04:26:12,920 [grpc-default-executor-4] INFO  client.GrpcClientProtocolClient (GrpcClientProtocolClient.java:onNext(264)) - client-734BBEB428D7->a5e38e3e-c2ad-4348-acb9-3fc25cfb14dd: receive RaftClientReply:client-734BBEB428D7->a5e38e3e-c2ad-4348-acb9-3fc25cfb14dd@group-7000B19605CB, cid=3026, SUCCESS, logIndex=4543, commits[a5e38e3e-c2ad-4348-acb9-3fc25cfb14dd:c4544, 11e48d46-e648-47f9-b6a0-9c7f26654c28:c4542, d1b6a90e-e817-40a7-bec1-608b5cc7d8b6:c4542]
2019-09-11 04:26:12,920 [grpc-default-executor-4] INFO  client.GrpcClientProtocolClient (GrpcClientProtocolClient.java:onNext(264)) - client-734BBEB428D7->a5e38e3e-c2ad-4348-acb9-3fc25cfb14dd: receive RaftClientReply:client-734BBEB428D7->a5e38e3e-c2ad-4348-acb9-3fc25cfb14dd@group-7000B19605CB, cid=3027, SUCCESS, logIndex=4544, commits[a5e38e3e-c2ad-4348-acb9-3fc25cfb14dd:c4544, 11e48d46-e648-47f9-b6a0-9c7f26654c28:c4542, d1b6a90e-e817-40a7-bec1-608b5cc7d8b6:c4542]
2019-09-11 04:26:12,945 [grpc-default-executor-1] INFO  client.GrpcClientProtocolClient (GrpcClientProtocolClient.java:onNext(264)) - client-734BBEB428D7->a5e38e3e-c2ad-4348-acb9-3fc25cfb14dd: receive RaftClientReply:client-734BBEB428D7->a5e38e3e-c2ad-4348-acb9-3fc25cfb14dd@group-7000B19605CB, cid=3028, SUCCESS, logIndex=4547, commits[a5e38e3e-c2ad-4348-acb9-3fc25cfb14dd:c4548, 11e48d46-e648-47f9-b6a0-9c7f26654c28:c4544, d1b6a90e-e817-40a7-bec1-608b5cc7d8b6:c4544]
2019-09-11 04:26:12,945 [grpc-default-executor-1] INFO  client.GrpcClientProtocolClient (GrpcClientProtocolClient.java:onNext(264)) - client-734BBEB428D7->a5e38e3e-c2ad-4348-acb9-3fc25cfb14dd: receive RaftClientReply:client-734BBEB428D7->a5e38e3e-c2ad-4348-acb9-3fc25cfb14dd@group-7000B19605CB, cid=3029, SUCCESS, logIndex=4548, commits[a5e38e3e-c2ad-4348-acb9-3fc25cfb14dd:c4548, 11e48d46-e648-47f9-b6a0-9c7f26654c28:c4544, d1b6a90e-e817-40a7-bec1-608b5cc7d8b6:c4544]
2019-09-11 04:26:12,947 [grpc-default-executor-1] INFO  client.GrpcClientProtocolClient (GrpcClientProtocolClient.java:onNext(264)) - client-734BBEB428D7->a5e38e3e-c2ad-4348-acb9-3fc25cfb14dd: receive RaftClientReply:client-734BBEB428D7->a5e38e3e-c2ad-4348-acb9-3fc25cfb14dd@group-7000B19605CB, cid=3030, SUCCESS, logIndex=0, commits[a5e38e3e-c2ad-4348-acb9-3fc25cfb14dd:c4549, 11e48d46-e648-47f9-b6a0-9c7f26654c28:c4548, d1b6a90e-e817-40a7-bec1-608b5cc7d8b6:c4548]
2019-09-11 04:26:12,972 [grpc-default-executor-1] INFO  client.GrpcClientProtocolClient (GrpcClientProtocolClient.java:onNext(264)) - client-734BBEB428D7->a5e38e3e-c2ad-4348-acb9-3fc25cfb14dd: receive RaftClientReply:client-734BBEB428D7->a5e38e3e-c2ad-4348-acb9-3fc25cfb14dd@group-7000B19605CB, cid=3031, SUCCESS, logIndex=4551, commits[a5e38e3e-c2ad-4348-acb9-3fc25cfb14dd:c4552, 11e48d46-e648-47f9-b6a0-9c7f26654c28:c4550, d1b6a90e-e817-40a7-bec1-608b5cc7d8b6:c4550]
2019-09-11 04:26:12,973 [grpc-default-executor-2] INFO  client.GrpcClientProtocolClient (GrpcClientProtocolClient.java:onNext(264)) - client-734BBEB428D7->a5e38e3e-c2ad-4348-acb9-3fc25cfb14dd: receive RaftClientReply:client-734BBEB428D7->a5e38e3e-c2ad-4348-acb9-3fc25cfb14dd@group-7000B19605CB, cid=3032, SUCCESS, logIndex=4552, commits[a5e38e3e-c2ad-4348-acb9-3fc25cfb14dd:c4552, 11e48d46-e648-47f9-b6a0-9c7f26654c28:c4550, d1b6a90e-e817-40a7-bec1-608b5cc7d8b6:c4550]
2019-09-11 04:26:12,973 [grpc-default-executor-2] INFO  client.GrpcClientProtocolClient (GrpcClientProtocolClient.java:onNext(264)) - client-734BBEB428D7->a5e38e3e-c2ad-4348-acb9-3fc25cfb14dd: receive RaftClientReply:client-734BBEB428D7->a5e38e3e-c2ad-4348-acb9-3fc25cfb14dd@group-7000B19605CB, cid=3033, SUCCESS, logIndex=4553, commits[a5e38e3e-c2ad-4348-acb9-3fc25cfb14dd:c4554, 11e48d46-e648-47f9-b6a0-9c7f26654c28:c4550, d1b6a90e-e817-40a7-bec1-608b5cc7d8b6:c4550]
2019-09-11 04:26:12,974 [grpc-default-executor-3] INFO  client.GrpcClientProtocolClient (GrpcClientProtocolClient.java:onNext(264)) - client-734BBEB428D7->a5e38e3e-c2ad-4348-acb9-3fc25cfb14dd: receive RaftClientReply:client-734BBEB428D7->a5e38e3e-c2ad-4348-acb9-3fc25cfb14dd@group-7000B19605CB, cid=3034, SUCCESS, logIndex=4554, commits[a5e38e3e-c2ad-4348-acb9-3fc25cfb14dd:c4554, 11e48d46-e648-47f9-b6a0-9c7f26654c28:c4550, d1b6a90e-e817-40a7-bec1-608b5cc7d8b6:c4550]
2019-09-11 04:26:12,975 [grpc-default-executor-3] INFO  client.GrpcClientProtocolClient (GrpcClientProtocolClient.java:onNext(264)) - client-734BBEB428D7->a5e38e3e-c2ad-4348-acb9-3fc25cfb14dd: receive RaftClientReply:client-734BBEB428D7->a5e38e3e-c2ad-4348-acb9-3fc25cfb14dd@group-7000B19605CB, cid=3035, SUCCESS, logIndex=0, commits[a5e38e3e-c2ad-4348-acb9-3fc25cfb14dd:c4556, 11e48d46-e648-47f9-b6a0-9c7f26654c28:c4552, d1b6a90e-e817-40a7-bec1-608b5cc7d8b6:c4552]
2019-09-11 04:26:12,993 [grpc-default-executor-2] INFO  client.GrpcClientProtocolClient (GrpcClientProtocolClient.java:onNext(264)) - client-734BBEB428D7->a5e38e3e-c2ad-4348-acb9-3fc25cfb14dd: receive RaftClientReply:client-734BBEB428D7->a5e38e3e-c2ad-4348-acb9-3fc25cfb14dd@group-7000B19605CB, cid=3036, SUCCESS, logIndex=4559, commits[a5e38e3e-c2ad-4348-acb9-3fc25cfb14dd:c4560, 11e48d46-e648-47f9-b6a0-9c7f26654c28:c4558, d1b6a90e-e817-40a7-bec1-608b5cc7d8b6:c4558]
2019-09-11 04:26:12,993 [grpc-default-executor-2] INFO  client.GrpcClientProtocolClient (GrpcClientProtocolClient.java:onNext(264)) - client-734BBEB428D7->a5e38e3e-c2ad-4348-acb9-3fc25cfb14dd: receive RaftClientReply:client-734BBEB428D7->a5e38e3e-c2ad-4348-acb9-3fc25cfb14dd@group-7000B19605CB, cid=3037, SUCCESS, logIndex=4560, commits[a5e38e3e-c2ad-4348-acb9-3fc25cfb14dd:c4560, 11e48d46-e648-47f9-b6a0-9c7f26654c28:c4558, d1b6a90e-e817-40a7-bec1-608b5cc7d8b6:c4558]
2019-09-11 04:26:13,011 [grpc-default-executor-1] INFO  client.GrpcClientProtocolClient (GrpcClientProtocolClient.java:onNext(264)) - client-734BBEB428D7->a5e38e3e-c2ad-4348-acb9-3fc25cfb14dd: receive RaftClientReply:client-734BBEB428D7->a5e38e3e-c2ad-4348-acb9-3fc25cfb14dd@group-7000B19605CB, cid=3038, SUCCESS, logIndex=4563, commits[a5e38e3e-c2ad-4348-acb9-3fc25cfb14dd:c4564, 11e48d46-e648-47f9-b6a0-9c7f26654c28:c4562, d1b6a90e-e817-40a7-bec1-608b5cc7d8b6:c4562]
2019-09-11 04:26:13,011 [grpc-default-executor-1] INFO  client.GrpcClientProtocolClient (GrpcClientProtocolClient.java:onNext(264)) - client-734BBEB428D7->a5e38e3e-c2ad-4348-acb9-3fc25cfb14dd: receive RaftClientReply:client-734BBEB428D7->a5e38e3e-c2ad-4348-acb9-3fc25cfb14dd@group-7000B19605CB, cid=3039, SUCCESS, logIndex=4564, commits[a5e38e3e-c2ad-4348-acb9-3fc25cfb14dd:c4564, 11e48d46-e648-47f9-b6a0-9c7f26654c28:c4562, d1b6a90e-e817-40a7-bec1-608b5cc7d8b6:c4562]
2019-09-11 04:26:13,021 [grpc-default-executor-1] INFO  client.GrpcClientProtocolClient (GrpcClientProtocolClient.java:onNext(264)) - client-734BBEB428D7->a5e38e3e-c2ad-4348-acb9-3fc25cfb14dd: receive RaftClientReply:client-734BBEB428D7->a5e38e3e-c2ad-4348-acb9-3fc25cfb14dd@group-7000B19605CB, cid=3040, SUCCESS, logIndex=0, commits[a5e38e3e-c2ad-4348-acb9-3fc25cfb14dd:c4566, 11e48d46-e648-47f9-b6a0-9c7f26654c28:c4564, d1b6a90e-e817-40a7-bec1-608b5cc7d8b6:c4564]
2019-09-11 04:26:13,047 [grpc-default-executor-3] INFO  client.GrpcClientProtocolClient (GrpcClientProtocolClient.java:onNext(264)) - client-734BBEB428D7->a5e38e3e-c2ad-4348-acb9-3fc25cfb14dd: receive RaftClientReply:client-734BBEB428D7->a5e38e3e-c2ad-4348-acb9-3fc25cfb14dd@group-7000B19605CB, cid=3041, SUCCESS, logIndex=4567, commits[a5e38e3e-c2ad-4348-acb9-3fc25cfb14dd:c4569, 11e48d46-e648-47f9-b6a0-9c7f26654c28:c4566, d1b6a90e-e817-40a7-bec1-608b5cc7d8b6:c4566]
2019-09-11 04:26:13,048 [grpc-default-executor-3] INFO  client.GrpcClientProtocolClient (GrpcClientProtocolClient.java:onNext(264)) - client-734BBEB428D7->a5e38e3e-c2ad-4348-acb9-3fc25cfb14dd: receive RaftClientReply:client-734BBEB428D7->a5e38e3e-c2ad-4348-acb9-3fc25cfb14dd@group-7000B19605CB, cid=3042, SUCCESS, logIndex=4568, commits[a5e38e3e-c2ad-4348-acb9-3fc25cfb14dd:c4570, 11e48d46-e648-47f9-b6a0-9c7f26654c28:c4566, d1b6a90e-e817-40a7-bec1-608b5cc7d8b6:c4566]
2019-09-11 04:26:13,048 [grpc-default-executor-3] INFO  client.GrpcClientProtocolClient (GrpcClientProtocolClient.java:onNext(264)) - client-734BBEB428D7->a5e38e3e-c2ad-4348-acb9-3fc25cfb14dd: receive RaftClientReply:client-734BBEB428D7->a5e38e3e-c2ad-4348-acb9-3fc25cfb14dd@group-7000B19605CB, cid=3043, SUCCESS, logIndex=4569, commits[a5e38e3e-c2ad-4348-acb9-3fc25cfb14dd:c4570, 11e48d46-e648-47f9-b6a0-9c7f26654c28:c4566, d1b6a90e-e817-40a7-bec1-608b5cc7d8b6:c4566]
2019-09-11 04:26:13,048 [grpc-default-executor-3] INFO  client.GrpcClientProtocolClient (GrpcClientProtocolClient.java:onNext(264)) - client-734BBEB428D7->a5e38e3e-c2ad-4348-acb9-3fc25cfb14dd: receive RaftClientReply:client-734BBEB428D7->a5e38e3e-c2ad-4348-acb9-3fc25cfb14dd@group-7000B19605CB, cid=3044, SUCCESS, logIndex=4570, commits[a5e38e3e-c2ad-4348-acb9-3fc25cfb14dd:c4570, 11e48d46-e648-47f9-b6a0-9c7f26654c28:c4566, d1b6a90e-e817-40a7-bec1-608b5cc7d8b6:c4566]
2019-09-11 04:26:13,050 [grpc-default-executor-3] INFO  client.GrpcClientProtocolClient (GrpcClientProtocolClient.java:onNext(264)) - client-734BBEB428D7->a5e38e3e-c2ad-4348-acb9-3fc25cfb14dd: receive RaftClientReply:client-734BBEB428D7->a5e38e3e-c2ad-4348-acb9-3fc25cfb14dd@group-7000B19605CB, cid=3045, SUCCESS, logIndex=0, commits[a5e38e3e-c2ad-4348-acb9-3fc25cfb14dd:c4571, 11e48d46-e648-47f9-b6a0-9c7f26654c28:c4568, d1b6a90e-e817-40a7-bec1-608b5cc7d8b6:c4568]
2019-09-11 04:26:13,078 [grpc-default-executor-2] INFO  client.GrpcClientProtocolClient (GrpcClientProtocolClient.java:onNext(264)) - client-734BBEB428D7->a5e38e3e-c2ad-4348-acb9-3fc25cfb14dd: receive RaftClientReply:client-734BBEB428D7->a5e38e3e-c2ad-4348-acb9-3fc25cfb14dd@group-7000B19605CB, cid=3046, SUCCESS, logIndex=4575, commits[a5e38e3e-c2ad-4348-acb9-3fc25cfb14dd:c4576, 11e48d46-e648-47f9-b6a0-9c7f26654c28:c4574, d1b6a90e-e817-40a7-bec1-608b5cc7d8b6:c4570]
2019-09-11 04:26:13,078 [grpc-default-executor-2] INFO  client.GrpcClientProtocolClient (GrpcClientProtocolClient.java:onNext(264)) - client-734BBEB428D7->a5e38e3e-c2ad-4348-acb9-3fc25cfb14dd: receive RaftClientReply:client-734BBEB428D7->a5e38e3e-c2ad-4348-acb9-3fc25cfb14dd@group-7000B19605CB, cid=3047, SUCCESS, logIndex=4576, commits[a5e38e3e-c2ad-4348-acb9-3fc25cfb14dd:c4576, 11e48d46-e648-47f9-b6a0-9c7f26654c28:c4574, d1b6a90e-e817-40a7-bec1-608b5cc7d8b6:c4574]
2019-09-11 04:26:13,090 [grpc-default-executor-3] INFO  client.GrpcClientProtocolClient (GrpcClientProtocolClient.java:onNext(264)) - client-734BBEB428D7->a5e38e3e-c2ad-4348-acb9-3fc25cfb14dd: receive RaftClientReply:client-734BBEB428D7->a5e38e3e-c2ad-4348-acb9-3fc25cfb14dd@group-7000B19605CB, cid=3048, SUCCESS, logIndex=4578, commits[a5e38e3e-c2ad-4348-acb9-3fc25cfb14dd:c4579, 11e48d46-e648-47f9-b6a0-9c7f26654c28:c4576, d1b6a90e-e817-40a7-bec1-608b5cc7d8b6:c4576]
2019-09-11 04:26:13,090 [grpc-default-executor-3] INFO  client.GrpcClientProtocolClient (GrpcClientProtocolClient.java:onNext(264)) - client-734BBEB428D7->a5e38e3e-c2ad-4348-acb9-3fc25cfb14dd: receive RaftClientReply:client-734BBEB428D7->a5e38e3e-c2ad-4348-acb9-3fc25cfb14dd@group-7000B19605CB, cid=3049, SUCCESS, logIndex=4579, commits[a5e38e3e-c2ad-4348-acb9-3fc25cfb14dd:c4579, 11e48d46-e648-47f9-b6a0-9c7f26654c28:c4576, d1b6a90e-e817-40a7-bec1-608b5cc7d8b6:c4576]
2019-09-11 04:26:13,093 [grpc-default-executor-3] INFO  client.GrpcClientProtocolClient (GrpcClientProtocolClient.java:onNext(264)) - client-734BBEB428D7->a5e38e3e-c2ad-4348-acb9-3fc25cfb14dd: receive RaftClientReply:client-734BBEB428D7->a5e38e3e-c2ad-4348-acb9-3fc25cfb14dd@group-7000B19605CB, cid=3050, SUCCESS, logIndex=0, commits[a5e38e3e-c2ad-4348-acb9-3fc25cfb14dd:c4581, 11e48d46-e648-47f9-b6a0-9c7f26654c28:c4579, d1b6a90e-e817-40a7-bec1-608b5cc7d8b6:c4579]
2019-09-11 04:26:13,130 [grpc-default-executor-1] INFO  client.GrpcClientProtocolClient (GrpcClientProtocolClient.java:onNext(264)) - client-734BBEB428D7->a5e38e3e-c2ad-4348-acb9-3fc25cfb14dd: receive RaftClientReply:client-734BBEB428D7->a5e38e3e-c2ad-4348-acb9-3fc25cfb14dd@group-7000B19605CB, cid=3051, SUCCESS, logIndex=4582, commits[a5e38e3e-c2ad-4348-acb9-3fc25cfb14dd:c4583, 11e48d46-e648-47f9-b6a0-9c7f26654c28:c4579, d1b6a90e-e817-40a7-bec1-608b5cc7d8b6:c4581]
2019-09-11 04:26:13,130 [grpc-default-executor-1] INFO  client.GrpcClientProtocolClient (GrpcClientProtocolClient.java:onNext(264)) - client-734BBEB428D7->a5e38e3e-c2ad-4348-acb9-3fc25cfb14dd: receive RaftClientReply:client-734BBEB428D7->a5e38e3e-c2ad-4348-acb9-3fc25cfb14dd@group-7000B19605CB, cid=3052, SUCCESS, logIndex=4583, commits[a5e38e3e-c2ad-4348-acb9-3fc25cfb14dd:c4583, 11e48d46-e648-47f9-b6a0-9c7f26654c28:c4579, d1b6a90e-e817-40a7-bec1-608b5cc7d8b6:c4581]
2019-09-11 04:26:13,139 [grpc-default-executor-2] INFO  client.GrpcClientProtocolClient (GrpcClientProtocolClient.java:onNext(264)) - client-734BBEB428D7->a5e38e3e-c2ad-4348-acb9-3fc25cfb14dd: receive RaftClientReply:client-734BBEB428D7->a5e38e3e-c2ad-4348-acb9-3fc25cfb14dd@group-7000B19605CB, cid=3053, SUCCESS, logIndex=4584, commits[a5e38e3e-c2ad-4348-acb9-3fc25cfb14dd:c4585, 11e48d46-e648-47f9-b6a0-9c7f26654c28:c4581, d1b6a90e-e817-40a7-bec1-608b5cc7d8b6:c4581]
2019-09-11 04:26:13,139 [grpc-default-executor-2] INFO  client.GrpcClientProtocolClient (GrpcClientProtocolClient.java:onNext(264)) - client-734BBEB428D7->a5e38e3e-c2ad-4348-acb9-3fc25cfb14dd: receive RaftClientReply:client-734BBEB428D7->a5e38e3e-c2ad-4348-acb9-3fc25cfb14dd@group-7000B19605CB, cid=3054, SUCCESS, logIndex=4585, commits[a5e38e3e-c2ad-4348-acb9-3fc25cfb14dd:c4585, 11e48d46-e648-47f9-b6a0-9c7f26654c28:c4581, d1b6a90e-e817-40a7-bec1-608b5cc7d8b6:c4581]
2019-09-11 04:26:13,155 [grpc-default-executor-2] INFO  client.GrpcClientProtocolClient (GrpcClientProtocolClient.java:onNext(264)) - client-734BBEB428D7->a5e38e3e-c2ad-4348-acb9-3fc25cfb14dd: receive RaftClientReply:client-734BBEB428D7->a5e38e3e-c2ad-4348-acb9-3fc25cfb14dd@group-7000B19605CB, cid=3055, SUCCESS, logIndex=0, commits[a5e38e3e-c2ad-4348-acb9-3fc25cfb14dd:c4587, 11e48d46-e648-47f9-b6a0-9c7f26654c28:c4583, d1b6a90e-e817-40a7-bec1-608b5cc7d8b6:c4583]
2019-09-11 04:26:13,173 [grpc-default-executor-1] INFO  client.GrpcClientProtocolClient (GrpcClientProtocolClient.java:onNext(264)) - client-734BBEB428D7->a5e38e3e-c2ad-4348-acb9-3fc25cfb14dd: receive RaftClientReply:client-734BBEB428D7->a5e38e3e-c2ad-4348-acb9-3fc25cfb14dd@group-7000B19605CB, cid=3056, SUCCESS, logIndex=4590, commits[a5e38e3e-c2ad-4348-acb9-3fc25cfb14dd:c4591, 11e48d46-e648-47f9-b6a0-9c7f26654c28:c4589, d1b6a90e-e817-40a7-bec1-608b5cc7d8b6:c4589]
2019-09-11 04:26:13,174 [grpc-default-executor-1] INFO  client.GrpcClientProtocolClient (GrpcClientProtocolClient.java:onNext(264)) - client-734BBEB428D7->a5e38e3e-c2ad-4348-acb9-3fc25cfb14dd: receive RaftClientReply:client-734BBEB428D7->a5e38e3e-c2ad-4348-acb9-3fc25cfb14dd@group-7000B19605CB, cid=3057, SUCCESS, logIndex=4591, commits[a5e38e3e-c2ad-4348-acb9-3fc25cfb14dd:c4591, 11e48d46-e648-47f9-b6a0-9c7f26654c28:c4589, d1b6a90e-e817-40a7-bec1-608b5cc7d8b6:c4589]
 0.00% |█                                                                                                    |  0/1 Time: 0:00:242019-09-11 04:26:13,187 [grpc-default-executor-2] INFO  client.GrpcClientProtocolClient (GrpcClientProtocolClient.java:onNext(264)) - client-734BBEB428D7->a5e38e3e-c2ad-4348-acb9-3fc25cfb14dd: receive RaftClientReply:client-734BBEB428D7->a5e38e3e-c2ad-4348-acb9-3fc25cfb14dd@group-7000B19605CB, cid=3058, SUCCESS, logIndex=4594, commits[a5e38e3e-c2ad-4348-acb9-3fc25cfb14dd:c4595, 11e48d46-e648-47f9-b6a0-9c7f26654c28:c4591, d1b6a90e-e817-40a7-bec1-608b5cc7d8b6:c4591]
2019-09-11 04:26:13,187 [grpc-default-executor-2] INFO  client.GrpcClientProtocolClient (GrpcClientProtocolClient.java:onNext(264)) - client-734BBEB428D7->a5e38e3e-c2ad-4348-acb9-3fc25cfb14dd: receive RaftClientReply:client-734BBEB428D7->a5e38e3e-c2ad-4348-acb9-3fc25cfb14dd@group-7000B19605CB, cid=3059, SUCCESS, logIndex=4595, commits[a5e38e3e-c2ad-4348-acb9-3fc25cfb14dd:c4595, 11e48d46-e648-47f9-b6a0-9c7f26654c28:c4591, d1b6a90e-e817-40a7-bec1-608b5cc7d8b6:c4591]
2019-09-11 04:26:13,199 [grpc-default-executor-1] INFO  client.GrpcClientProtocolClient (GrpcClientProtocolClient.java:onNext(264)) - client-734BBEB428D7->a5e38e3e-c2ad-4348-acb9-3fc25cfb14dd: receive RaftClientReply:client-734BBEB428D7->a5e38e3e-c2ad-4348-acb9-3fc25cfb14dd@group-7000B19605CB, cid=3060, SUCCESS, logIndex=0, commits[a5e38e3e-c2ad-4348-acb9-3fc25cfb14dd:c4597, 11e48d46-e648-47f9-b6a0-9c7f26654c28:c4595, d1b6a90e-e817-40a7-bec1-608b5cc7d8b6:c4595]
2019-09-11 04:26:13,227 [grpc-default-executor-1] INFO  client.GrpcClientProtocolClient (GrpcClientProtocolClient.java:onNext(264)) - client-734BBEB428D7->a5e38e3e-c2ad-4348-acb9-3fc25cfb14dd: receive RaftClientReply:client-734BBEB428D7->a5e38e3e-c2ad-4348-acb9-3fc25cfb14dd@group-7000B19605CB, cid=3061, SUCCESS, logIndex=4598, commits[a5e38e3e-c2ad-4348-acb9-3fc25cfb14dd:c4600, 11e48d46-e648-47f9-b6a0-9c7f26654c28:c4597, d1b6a90e-e817-40a7-bec1-608b5cc7d8b6:c4597]
2019-09-11 04:26:13,227 [grpc-default-executor-1] INFO  client.GrpcClientProtocolClient (GrpcClientProtocolClient.java:onNext(264)) - client-734BBEB428D7->a5e38e3e-c2ad-4348-acb9-3fc25cfb14dd: receive RaftClientReply:client-734BBEB428D7->a5e38e3e-c2ad-4348-acb9-3fc25cfb14dd@group-7000B19605CB, cid=3062, SUCCESS, logIndex=4599, commits[a5e38e3e-c2ad-4348-acb9-3fc25cfb14dd:c4601, 11e48d46-e648-47f9-b6a0-9c7f26654c28:c4597, d1b6a90e-e817-40a7-bec1-608b5cc7d8b6:c4597]
2019-09-11 04:26:13,227 [grpc-default-executor-1] INFO  client.GrpcClientProtocolClient (GrpcClientProtocolClient.java:onNext(264)) - client-734BBEB428D7->a5e38e3e-c2ad-4348-acb9-3fc25cfb14dd: receive RaftClientReply:client-734BBEB428D7->a5e38e3e-c2ad-4348-acb9-3fc25cfb14dd@group-7000B19605CB, cid=3063, SUCCESS, logIndex=4600, commits[a5e38e3e-c2ad-4348-acb9-3fc25cfb14dd:c4601, 11e48d46-e648-47f9-b6a0-9c7f26654c28:c4597, d1b6a90e-e817-40a7-bec1-608b5cc7d8b6:c4597]
2019-09-11 04:26:13,228 [grpc-default-executor-1] INFO  client.GrpcClientProtocolClient (GrpcClientProtocolClient.java:onNext(264)) - client-734BBEB428D7->a5e38e3e-c2ad-4348-acb9-3fc25cfb14dd: receive RaftClientReply:client-734BBEB428D7->a5e38e3e-c2ad-4348-acb9-3fc25cfb14dd@group-7000B19605CB, cid=3064, SUCCESS, logIndex=4601, commits[a5e38e3e-c2ad-4348-acb9-3fc25cfb14dd:c4601, 11e48d46-e648-47f9-b6a0-9c7f26654c28:c4597, d1b6a90e-e817-40a7-bec1-608b5cc7d8b6:c4597]
2019-09-11 04:26:13,230 [grpc-default-executor-3] INFO  client.GrpcClientProtocolClient (GrpcClientProtocolClient.java:onNext(264)) - client-734BBEB428D7->a5e38e3e-c2ad-4348-acb9-3fc25cfb14dd: receive RaftClientReply:client-734BBEB428D7->a5e38e3e-c2ad-4348-acb9-3fc25cfb14dd@group-7000B19605CB, cid=3065, SUCCESS, logIndex=0, commits[a5e38e3e-c2ad-4348-acb9-3fc25cfb14dd:c4602, 11e48d46-e648-47f9-b6a0-9c7f26654c28:c4599, d1b6a90e-e817-40a7-bec1-608b5cc7d8b6:c4599]
2019-09-11 04:26:13,248 [grpc-default-executor-1] INFO  client.GrpcClientProtocolClient (GrpcClientProtocolClient.java:onNext(264)) - client-734BBEB428D7->a5e38e3e-c2ad-4348-acb9-3fc25cfb14dd: receive RaftClientReply:client-734BBEB428D7->a5e38e3e-c2ad-4348-acb9-3fc25cfb14dd@group-7000B19605CB, cid=3066, SUCCESS, logIndex=4606, commits[a5e38e3e-c2ad-4348-acb9-3fc25cfb14dd:c4607, 11e48d46-e648-47f9-b6a0-9c7f26654c28:c4605, d1b6a90e-e817-40a7-bec1-608b5cc7d8b6:c4605]
2019-09-11 04:26:13,248 [grpc-default-executor-1] INFO  client.GrpcClientProtocolClient (GrpcClientProtocolClient.java:onNext(264)) - client-734BBEB428D7->a5e38e3e-c2ad-4348-acb9-3fc25cfb14dd: receive RaftClientReply:client-734BBEB428D7->a5e38e3e-c2ad-4348-acb9-3fc25cfb14dd@group-7000B19605CB, cid=3067, SUCCESS, logIndex=4607, commits[a5e38e3e-c2ad-4348-acb9-3fc25cfb14dd:c4607, 11e48d46-e648-47f9-b6a0-9c7f26654c28:c4605, d1b6a90e-e817-40a7-bec1-608b5cc7d8b6:c4605]
2019-09-11 04:26:13,262 [grpc-default-executor-2] INFO  client.GrpcClientProtocolClient (GrpcClientProtocolClient.java:onNext(264)) - client-734BBEB428D7->a5e38e3e-c2ad-4348-acb9-3fc25cfb14dd: receive RaftClientReply:client-734BBEB428D7->a5e38e3e-c2ad-4348-acb9-3fc25cfb14dd@group-7000B19605CB, cid=3068, SUCCESS, logIndex=4610, commits[a5e38e3e-c2ad-4348-acb9-3fc25cfb14dd:c4610, 11e48d46-e648-47f9-b6a0-9c7f26654c28:c4607, d1b6a90e-e817-40a7-bec1-608b5cc7d8b6:c4607]
2019-09-11 04:26:13,262 [grpc-default-executor-2] INFO  client.GrpcClientProtocolClient (GrpcClientProtocolClient.java:onNext(264)) - client-734BBEB428D7->a5e38e3e-c2ad-4348-acb9-3fc25cfb14dd: receive RaftClientReply:client-734BBEB428D7->a5e38e3e-c2ad-4348-acb9-3fc25cfb14dd@group-7000B19605CB, cid=3069, SUCCESS, logIndex=4611, commits[a5e38e3e-c2ad-4348-acb9-3fc25cfb14dd:c4611, 11e48d46-e648-47f9-b6a0-9c7f26654c28:c4607, d1b6a90e-e817-40a7-bec1-608b5cc7d8b6:c4607]
2019-09-11 04:26:13,274 [grpc-default-executor-3] INFO  client.GrpcClientProtocolClient (GrpcClientProtocolClient.java:onNext(264)) - client-734BBEB428D7->a5e38e3e-c2ad-4348-acb9-3fc25cfb14dd: receive RaftClientReply:client-734BBEB428D7->a5e38e3e-c2ad-4348-acb9-3fc25cfb14dd@group-7000B19605CB, cid=3070, SUCCESS, logIndex=0, commits[a5e38e3e-c2ad-4348-acb9-3fc25cfb14dd:c4613, 11e48d46-e648-47f9-b6a0-9c7f26654c28:c4611, d1b6a90e-e817-40a7-bec1-608b5cc7d8b6:c4611]
2019-09-11 04:26:13,300 [grpc-default-executor-2] INFO  client.GrpcClientProtocolClient (GrpcClientProtocolClient.java:onNext(264)) - client-734BBEB428D7->a5e38e3e-c2ad-4348-acb9-3fc25cfb14dd: receive RaftClientReply:client-734BBEB428D7->a5e38e3e-c2ad-4348-acb9-3fc25cfb14dd@group-7000B19605CB, cid=3071, SUCCESS, logIndex=4614, commits[a5e38e3e-c2ad-4348-acb9-3fc25cfb14dd:c4615, 11e48d46-e648-47f9-b6a0-9c7f26654c28:c4613, d1b6a90e-e817-40a7-bec1-608b5cc7d8b6:c4613]
2019-09-11 04:26:13,301 [grpc-default-executor-1] INFO  client.GrpcClientProtocolClient (GrpcClientProtocolClient.java:onNext(264)) - client-734BBEB428D7->a5e38e3e-c2ad-4348-acb9-3fc25cfb14dd: receive RaftClientReply:client-734BBEB428D7->a5e38e3e-c2ad-4348-acb9-3fc25cfb14dd@group-7000B19605CB, cid=3072, SUCCESS, logIndex=4615, commits[a5e38e3e-c2ad-4348-acb9-3fc25cfb14dd:c4615, 11e48d46-e648-47f9-b6a0-9c7f26654c28:c4613, d1b6a90e-e817-40a7-bec1-608b5cc7d8b6:c4613]
2019-09-11 04:26:13,301 [grpc-default-executor-1] INFO  client.GrpcClientProtocolClient (GrpcClientProtocolClient.java:onNext(264)) - client-734BBEB428D7->a5e38e3e-c2ad-4348-acb9-3fc25cfb14dd: receive RaftClientReply:client-734BBEB428D7->a5e38e3e-c2ad-4348-acb9-3fc25cfb14dd@group-7000B19605CB, cid=3073, SUCCESS, logIndex=4616, commits[a5e38e3e-c2ad-4348-acb9-3fc25cfb14dd:c4617, 11e48d46-e648-47f9-b6a0-9c7f26654c28:c4613, d1b6a90e-e817-40a7-bec1-608b5cc7d8b6:c4613]
2019-09-11 04:26:13,301 [grpc-default-executor-1] INFO  client.GrpcClientProtocolClient (GrpcClientProtocolClient.java:onNext(264)) - client-734BBEB428D7->a5e38e3e-c2ad-4348-acb9-3fc25cfb14dd: receive RaftClientReply:client-734BBEB428D7->a5e38e3e-c2ad-4348-acb9-3fc25cfb14dd@group-7000B19605CB, cid=3074, SUCCESS, logIndex=4617, commits[a5e38e3e-c2ad-4348-acb9-3fc25cfb14dd:c4617, 11e48d46-e648-47f9-b6a0-9c7f26654c28:c4613, d1b6a90e-e817-40a7-bec1-608b5cc7d8b6:c4613]
2019-09-11 04:26:13,303 [grpc-default-executor-1] INFO  client.GrpcClientProtocolClient (GrpcClientProtocolClient.java:onNext(264)) - client-734BBEB428D7->a5e38e3e-c2ad-4348-acb9-3fc25cfb14dd: receive RaftClientReply:client-734BBEB428D7->a5e38e3e-c2ad-4348-acb9-3fc25cfb14dd@group-7000B19605CB, cid=3075, SUCCESS, logIndex=0, commits[a5e38e3e-c2ad-4348-acb9-3fc25cfb14dd:c4619, 11e48d46-e648-47f9-b6a0-9c7f26654c28:c4615, d1b6a90e-e817-40a7-bec1-608b5cc7d8b6:c4615]
2019-09-11 04:26:13,335 [grpc-default-executor-1] INFO  client.GrpcClientProtocolClient (GrpcClientProtocolClient.java:onNext(264)) - client-734BBEB428D7->a5e38e3e-c2ad-4348-acb9-3fc25cfb14dd: receive RaftClientReply:client-734BBEB428D7->a5e38e3e-c2ad-4348-acb9-3fc25cfb14dd@group-7000B19605CB, cid=3076, SUCCESS, logIndex=4622, commits[a5e38e3e-c2ad-4348-acb9-3fc25cfb14dd:c4623, 11e48d46-e648-47f9-b6a0-9c7f26654c28:c4621, d1b6a90e-e817-40a7-bec1-608b5cc7d8b6:c4617]
2019-09-11 04:26:13,335 [grpc-default-executor-1] INFO  client.GrpcClientProtocolClient (GrpcClientProtocolClient.java:onNext(264)) - client-734BBEB428D7->a5e38e3e-c2ad-4348-acb9-3fc25cfb14dd: receive RaftClientReply:client-734BBEB428D7->a5e38e3e-c2ad-4348-acb9-3fc25cfb14dd@group-7000B19605CB, cid=3077, SUCCESS, logIndex=4623, commits[a5e38e3e-c2ad-4348-acb9-3fc25cfb14dd:c4623, 11e48d46-e648-47f9-b6a0-9c7f26654c28:c4621, d1b6a90e-e817-40a7-bec1-608b5cc7d8b6:c4621]
2019-09-11 04:26:13,349 [grpc-default-executor-2] INFO  client.GrpcClientProtocolClient (GrpcClientProtocolClient.java:onNext(264)) - client-734BBEB428D7->a5e38e3e-c2ad-4348-acb9-3fc25cfb14dd: receive RaftClientReply:client-734BBEB428D7->a5e38e3e-c2ad-4348-acb9-3fc25cfb14dd@group-7000B19605CB, cid=3078, SUCCESS, logIndex=4625, commits[a5e38e3e-c2ad-4348-acb9-3fc25cfb14dd:c4626, 11e48d46-e648-47f9-b6a0-9c7f26654c28:c4623, d1b6a90e-e817-40a7-bec1-608b5cc7d8b6:c4623]
2019-09-11 04:26:13,349 [grpc-default-executor-2] INFO  client.GrpcClientProtocolClient (GrpcClientProtocolClient.java:onNext(264)) - client-734BBEB428D7->a5e38e3e-c2ad-4348-acb9-3fc25cfb14dd: receive RaftClientReply:client-734BBEB428D7->a5e38e3e-c2ad-4348-acb9-3fc25cfb14dd@group-7000B19605CB, cid=3079, SUCCESS, logIndex=4626, commits[a5e38e3e-c2ad-4348-acb9-3fc25cfb14dd:c4626, 11e48d46-e648-47f9-b6a0-9c7f26654c28:c4623, d1b6a90e-e817-40a7-bec1-608b5cc7d8b6:c4623]
2019-09-11 04:26:13,363 [grpc-default-executor-1] INFO  client.GrpcClientProtocolClient (GrpcClientProtocolClient.java:onNext(264)) - client-734BBEB428D7->a5e38e3e-c2ad-4348-acb9-3fc25cfb14dd: receive RaftClientReply:client-734BBEB428D7->a5e38e3e-c2ad-4348-acb9-3fc25cfb14dd@group-7000B19605CB, cid=3080, SUCCESS, logIndex=0, commits[a5e38e3e-c2ad-4348-acb9-3fc25cfb14dd:c4628, 11e48d46-e648-47f9-b6a0-9c7f26654c28:c4626, d1b6a90e-e817-40a7-bec1-608b5cc7d8b6:c4626]
2019-09-11 04:26:13,391 [grpc-default-executor-1] INFO  client.GrpcClientProtocolClient (GrpcClientProtocolClient.java:onNext(264)) - client-734BBEB428D7->a5e38e3e-c2ad-4348-acb9-3fc25cfb14dd: receive RaftClientReply:client-734BBEB428D7->a5e38e3e-c2ad-4348-acb9-3fc25cfb14dd@group-7000B19605CB, cid=3081, SUCCESS, logIndex=4629, commits[a5e38e3e-c2ad-4348-acb9-3fc25cfb14dd:c4630, 11e48d46-e648-47f9-b6a0-9c7f26654c28:c4628, d1b6a90e-e817-40a7-bec1-608b5cc7d8b6:c4628]
2019-09-11 04:26:13,392 [grpc-default-executor-1] INFO  client.GrpcClientProtocolClient (GrpcClientProtocolClient.java:onNext(264)) - client-734BBEB428D7->a5e38e3e-c2ad-4348-acb9-3fc25cfb14dd: receive RaftClientReply:client-734BBEB428D7->a5e38e3e-c2ad-4348-acb9-3fc25cfb14dd@group-7000B19605CB, cid=3082, SUCCESS, logIndex=4630, commits[a5e38e3e-c2ad-4348-acb9-3fc25cfb14dd:c4630, 11e48d46-e648-47f9-b6a0-9c7f26654c28:c4628, d1b6a90e-e817-40a7-bec1-608b5cc7d8b6:c4628]
2019-09-11 04:26:13,392 [grpc-default-executor-1] INFO  client.GrpcClientProtocolClient (GrpcClientProtocolClient.java:onNext(264)) - client-734BBEB428D7->a5e38e3e-c2ad-4348-acb9-3fc25cfb14dd: receive RaftClientReply:client-734BBEB428D7->a5e38e3e-c2ad-4348-acb9-3fc25cfb14dd@group-7000B19605CB, cid=3083, SUCCESS, logIndex=4631, commits[a5e38e3e-c2ad-4348-acb9-3fc25cfb14dd:c4631, 11e48d46-e648-47f9-b6a0-9c7f26654c28:c4628, d1b6a90e-e817-40a7-bec1-608b5cc7d8b6:c4628]
2019-09-11 04:26:13,393 [grpc-default-executor-1] INFO  client.GrpcClientProtocolClient (GrpcClientProtocolClient.java:onNext(264)) - client-734BBEB428D7->a5e38e3e-c2ad-4348-acb9-3fc25cfb14dd: receive RaftClientReply:client-734BBEB428D7->a5e38e3e-c2ad-4348-acb9-3fc25cfb14dd@group-7000B19605CB, cid=3084, SUCCESS, logIndex=4632, commits[a5e38e3e-c2ad-4348-acb9-3fc25cfb14dd:c4632, 11e48d46-e648-47f9-b6a0-9c7f26654c28:c4628, d1b6a90e-e817-40a7-bec1-608b5cc7d8b6:c4628]
2019-09-11 04:26:13,394 [grpc-default-executor-1] INFO  client.GrpcClientProtocolClient (GrpcClientProtocolClient.java:onNext(264)) - client-734BBEB428D7->a5e38e3e-c2ad-4348-acb9-3fc25cfb14dd: receive RaftClientReply:client-734BBEB428D7->a5e38e3e-c2ad-4348-acb9-3fc25cfb14dd@group-7000B19605CB, cid=3085, SUCCESS, logIndex=0, commits[a5e38e3e-c2ad-4348-acb9-3fc25cfb14dd:c4633, 11e48d46-e648-47f9-b6a0-9c7f26654c28:c4630, d1b6a90e-e817-40a7-bec1-608b5cc7d8b6:c4630]
2019-09-11 04:26:13,412 [grpc-default-executor-1] INFO  client.GrpcClientProtocolClient (GrpcClientProtocolClient.java:onNext(264)) - client-734BBEB428D7->a5e38e3e-c2ad-4348-acb9-3fc25cfb14dd: receive RaftClientReply:client-734BBEB428D7->a5e38e3e-c2ad-4348-acb9-3fc25cfb14dd@group-7000B19605CB, cid=3086, SUCCESS, logIndex=4637, commits[a5e38e3e-c2ad-4348-acb9-3fc25cfb14dd:c4638, 11e48d46-e648-47f9-b6a0-9c7f26654c28:c4636, d1b6a90e-e817-40a7-bec1-608b5cc7d8b6:c4636]
2019-09-11 04:26:13,412 [grpc-default-executor-1] INFO  client.GrpcClientProtocolClient (GrpcClientProtocolClient.java:onNext(264)) - client-734BBEB428D7->a5e38e3e-c2ad-4348-acb9-3fc25cfb14dd: receive RaftClientReply:client-734BBEB428D7->a5e38e3e-c2ad-4348-acb9-3fc25cfb14dd@group-7000B19605CB, cid=3087, SUCCESS, logIndex=4638, commits[a5e38e3e-c2ad-4348-acb9-3fc25cfb14dd:c4638, 11e48d46-e648-47f9-b6a0-9c7f26654c28:c4636, d1b6a90e-e817-40a7-bec1-608b5cc7d8b6:c4636]
2019-09-11 04:26:13,425 [grpc-default-executor-3] INFO  client.GrpcClientProtocolClient (GrpcClientProtocolClient.java:onNext(264)) - client-734BBEB428D7->a5e38e3e-c2ad-4348-acb9-3fc25cfb14dd: receive RaftClientReply:client-734BBEB428D7->a5e38e3e-c2ad-4348-acb9-3fc25cfb14dd@group-7000B19605CB, cid=3088, SUCCESS, logIndex=4641, commits[a5e38e3e-c2ad-4348-acb9-3fc25cfb14dd:c4642, 11e48d46-e648-47f9-b6a0-9c7f26654c28:c4638, d1b6a90e-e817-40a7-bec1-608b5cc7d8b6:c4638]
2019-09-11 04:26:13,426 [grpc-default-executor-3] INFO  client.GrpcClientProtocolClient (GrpcClientProtocolClient.java:onNext(264)) - client-734BBEB428D7->a5e38e3e-c2ad-4348-acb9-3fc25cfb14dd: receive RaftClientReply:client-734BBEB428D7->a5e38e3e-c2ad-4348-acb9-3fc25cfb14dd@group-7000B19605CB, cid=3089, SUCCESS, logIndex=4642, commits[a5e38e3e-c2ad-4348-acb9-3fc25cfb14dd:c4642, 11e48d46-e648-47f9-b6a0-9c7f26654c28:c4638, d1b6a90e-e817-40a7-bec1-608b5cc7d8b6:c4638]
2019-09-11 04:26:13,438 [grpc-default-executor-1] INFO  client.GrpcClientProtocolClient (GrpcClientProtocolClient.java:onNext(264)) - client-734BBEB428D7->a5e38e3e-c2ad-4348-acb9-3fc25cfb14dd: receive RaftClientReply:client-734BBEB428D7->a5e38e3e-c2ad-4348-acb9-3fc25cfb14dd@group-7000B19605CB, cid=3090, SUCCESS, logIndex=0, commits[a5e38e3e-c2ad-4348-acb9-3fc25cfb14dd:c4644, 11e48d46-e648-47f9-b6a0-9c7f26654c28:c4642, d1b6a90e-e817-40a7-bec1-608b5cc7d8b6:c4642]
2019-09-11 04:26:13,464 [grpc-default-executor-4] INFO  client.GrpcClientProtocolClient (GrpcClientProtocolClient.java:onNext(264)) - client-734BBEB428D7->a5e38e3e-c2ad-4348-acb9-3fc25cfb14dd: receive RaftClientReply:client-734BBEB428D7->a5e38e3e-c2ad-4348-acb9-3fc25cfb14dd@group-7000B19605CB, cid=3091, SUCCESS, logIndex=4645, commits[a5e38e3e-c2ad-4348-acb9-3fc25cfb14dd:c4646, 11e48d46-e648-47f9-b6a0-9c7f26654c28:c4644, d1b6a90e-e817-40a7-bec1-608b5cc7d8b6:c4644]
2019-09-11 04:26:13,464 [grpc-default-executor-4] INFO  client.GrpcClientProtocolClient (GrpcClientProtocolClient.java:onNext(264)) - client-734BBEB428D7->a5e38e3e-c2ad-4348-acb9-3fc25cfb14dd: receive RaftClientReply:client-734BBEB428D7->a5e38e3e-c2ad-4348-acb9-3fc25cfb14dd@group-7000B19605CB, cid=3092, SUCCESS, logIndex=4646, commits[a5e38e3e-c2ad-4348-acb9-3fc25cfb14dd:c4646, 11e48d46-e648-47f9-b6a0-9c7f26654c28:c4644, d1b6a90e-e817-40a7-bec1-608b5cc7d8b6:c4644]
2019-09-11 04:26:13,465 [grpc-default-executor-4] INFO  client.GrpcClientProtocolClient (GrpcClientProtocolClient.java:onNext(264)) - client-734BBEB428D7->a5e38e3e-c2ad-4348-acb9-3fc25cfb14dd: receive RaftClientReply:client-734BBEB428D7->a5e38e3e-c2ad-4348-acb9-3fc25cfb14dd@group-7000B19605CB, cid=3093, SUCCESS, logIndex=4647, commits[a5e38e3e-c2ad-4348-acb9-3fc25cfb14dd:c4648, 11e48d46-e648-47f9-b6a0-9c7f26654c28:c4644, d1b6a90e-e817-40a7-bec1-608b5cc7d8b6:c4644]
2019-09-11 04:26:13,465 [grpc-default-executor-4] INFO  client.GrpcClientProtocolClient (GrpcClientProtocolClient.java:onNext(264)) - client-734BBEB428D7->a5e38e3e-c2ad-4348-acb9-3fc25cfb14dd: receive RaftClientReply:client-734BBEB428D7->a5e38e3e-c2ad-4348-acb9-3fc25cfb14dd@group-7000B19605CB, cid=3094, SUCCESS, logIndex=4648, commits[a5e38e3e-c2ad-4348-acb9-3fc25cfb14dd:c4648, 11e48d46-e648-47f9-b6a0-9c7f26654c28:c4644, d1b6a90e-e817-40a7-bec1-608b5cc7d8b6:c4644]
2019-09-11 04:26:13,466 [grpc-default-executor-4] INFO  client.GrpcClientProtocolClient (GrpcClientProtocolClient.java:onNext(264)) - client-734BBEB428D7->a5e38e3e-c2ad-4348-acb9-3fc25cfb14dd: receive RaftClientReply:client-734BBEB428D7->a5e38e3e-c2ad-4348-acb9-3fc25cfb14dd@group-7000B19605CB, cid=3095, SUCCESS, logIndex=0, commits[a5e38e3e-c2ad-4348-acb9-3fc25cfb14dd:c4648, 11e48d46-e648-47f9-b6a0-9c7f26654c28:c4646, d1b6a90e-e817-40a7-bec1-608b5cc7d8b6:c4646]
2019-09-11 04:26:13,496 [grpc-default-executor-4] INFO  client.GrpcClientProtocolClient (GrpcClientProtocolClient.java:onNext(264)) - client-734BBEB428D7->a5e38e3e-c2ad-4348-acb9-3fc25cfb14dd: receive RaftClientReply:client-734BBEB428D7->a5e38e3e-c2ad-4348-acb9-3fc25cfb14dd@group-7000B19605CB, cid=3096, SUCCESS, logIndex=4653, commits[a5e38e3e-c2ad-4348-acb9-3fc25cfb14dd:c4655, 11e48d46-e648-47f9-b6a0-9c7f26654c28:c4653, d1b6a90e-e817-40a7-bec1-608b5cc7d8b6:c4653]
2019-09-11 04:26:13,496 [grpc-default-executor-4] INFO  client.GrpcClientProtocolClient (GrpcClientProtocolClient.java:onNext(264)) - client-734BBEB428D7->a5e38e3e-c2ad-4348-acb9-3fc25cfb14dd: receive RaftClientReply:client-734BBEB428D7->a5e38e3e-c2ad-4348-acb9-3fc25cfb14dd@group-7000B19605CB, cid=3097, SUCCESS, logIndex=4654, commits[a5e38e3e-c2ad-4348-acb9-3fc25cfb14dd:c4655, 11e48d46-e648-47f9-b6a0-9c7f26654c28:c4653, d1b6a90e-e817-40a7-bec1-608b5cc7d8b6:c4653]
2019-09-11 04:26:13,620 [grpc-default-executor-4] INFO  client.GrpcClientProtocolClient (GrpcClientProtocolClient.java:onNext(264)) - client-734BBEB428D7->a5e38e3e-c2ad-4348-acb9-3fc25cfb14dd: receive RaftClientReply:client-734BBEB428D7->a5e38e3e-c2ad-4348-acb9-3fc25cfb14dd@group-7000B19605CB, cid=3098, SUCCESS, logIndex=4657, commits[a5e38e3e-c2ad-4348-acb9-3fc25cfb14dd:c4658, 11e48d46-e648-47f9-b6a0-9c7f26654c28:c4656, d1b6a90e-e817-40a7-bec1-608b5cc7d8b6:c4656]
2019-09-11 04:26:13,622 [grpc-default-executor-3] INFO  client.GrpcClientProtocolClient (GrpcClientProtocolClient.java:onNext(264)) - client-734BBEB428D7->a5e38e3e-c2ad-4348-acb9-3fc25cfb14dd: receive RaftClientReply:client-734BBEB428D7->a5e38e3e-c2ad-4348-acb9-3fc25cfb14dd@group-7000B19605CB, cid=3099, SUCCESS, logIndex=4658, commits[a5e38e3e-c2ad-4348-acb9-3fc25cfb14dd:c4658, 11e48d46-e648-47f9-b6a0-9c7f26654c28:c4656, d1b6a90e-e817-40a7-bec1-608b5cc7d8b6:c4656]
2019-09-11 04:26:13,623 [grpc-default-executor-3] INFO  client.GrpcClientProtocolClient (GrpcClientProtocolClient.java:onNext(264)) - client-734BBEB428D7->a5e38e3e-c2ad-4348-acb9-3fc25cfb14dd: receive RaftClientReply:client-734BBEB428D7->a5e38e3e-c2ad-4348-acb9-3fc25cfb14dd@group-7000B19605CB, cid=3100, SUCCESS, logIndex=0, commits[a5e38e3e-c2ad-4348-acb9-3fc25cfb14dd:c4660, 11e48d46-e648-47f9-b6a0-9c7f26654c28:c4658, d1b6a90e-e817-40a7-bec1-608b5cc7d8b6:c4658]
2019-09-11 04:26:13,656 [grpc-default-executor-3] INFO  client.GrpcClientProtocolClient (GrpcClientProtocolClient.java:onNext(264)) - client-734BBEB428D7->a5e38e3e-c2ad-4348-acb9-3fc25cfb14dd: receive RaftClientReply:client-734BBEB428D7->a5e38e3e-c2ad-4348-acb9-3fc25cfb14dd@group-7000B19605CB, cid=3101, SUCCESS, logIndex=4661, commits[a5e38e3e-c2ad-4348-acb9-3fc25cfb14dd:c4664, 11e48d46-e648-47f9-b6a0-9c7f26654c28:c4660, d1b6a90e-e817-40a7-bec1-608b5cc7d8b6:c4660]
2019-09-11 04:26:13,657 [grpc-default-executor-4] INFO  client.GrpcClientProtocolClient (GrpcClientProtocolClient.java:onNext(264)) - client-734BBEB428D7->a5e38e3e-c2ad-4348-acb9-3fc25cfb14dd: receive RaftClientReply:client-734BBEB428D7->a5e38e3e-c2ad-4348-acb9-3fc25cfb14dd@group-7000B19605CB, cid=3102, SUCCESS, logIndex=4662, commits[a5e38e3e-c2ad-4348-acb9-3fc25cfb14dd:c4664, 11e48d46-e648-47f9-b6a0-9c7f26654c28:c4660, d1b6a90e-e817-40a7-bec1-608b5cc7d8b6:c4660]
2019-09-11 04:26:13,658 [grpc-default-executor-4] INFO  client.GrpcClientProtocolClient (GrpcClientProtocolClient.java:onNext(264)) - client-734BBEB428D7->a5e38e3e-c2ad-4348-acb9-3fc25cfb14dd: receive RaftClientReply:client-734BBEB428D7->a5e38e3e-c2ad-4348-acb9-3fc25cfb14dd@group-7000B19605CB, cid=3103, SUCCESS, logIndex=4663, commits[a5e38e3e-c2ad-4348-acb9-3fc25cfb14dd:c4664, 11e48d46-e648-47f9-b6a0-9c7f26654c28:c4660, d1b6a90e-e817-40a7-bec1-608b5cc7d8b6:c4660]
2019-09-11 04:26:13,658 [grpc-default-executor-3] INFO  client.GrpcClientProtocolClient (GrpcClientProtocolClient.java:onNext(264)) - client-734BBEB428D7->a5e38e3e-c2ad-4348-acb9-3fc25cfb14dd: receive RaftClientReply:client-734BBEB428D7->a5e38e3e-c2ad-4348-acb9-3fc25cfb14dd@group-7000B19605CB, cid=3104, SUCCESS, logIndex=4664, commits[a5e38e3e-c2ad-4348-acb9-3fc25cfb14dd:c4664, 11e48d46-e648-47f9-b6a0-9c7f26654c28:c4660, d1b6a90e-e817-40a7-bec1-608b5cc7d8b6:c4660]
2019-09-11 04:26:13,659 [grpc-default-executor-3] INFO  client.GrpcClientProtocolClient (GrpcClientProtocolClient.java:onNext(264)) - client-734BBEB428D7->a5e38e3e-c2ad-4348-acb9-3fc25cfb14dd: receive RaftClientReply:client-734BBEB428D7->a5e38e3e-c2ad-4348-acb9-3fc25cfb14dd@group-7000B19605CB, cid=3105, SUCCESS, logIndex=0, commits[a5e38e3e-c2ad-4348-acb9-3fc25cfb14dd:c4667, 11e48d46-e648-47f9-b6a0-9c7f26654c28:c4663, d1b6a90e-e817-40a7-bec1-608b5cc7d8b6:c4662]
2019-09-11 04:26:13,679 [grpc-default-executor-3] INFO  client.GrpcClientProtocolClient (GrpcClientProtocolClient.java:onNext(264)) - client-734BBEB428D7->a5e38e3e-c2ad-4348-acb9-3fc25cfb14dd: receive RaftClientReply:client-734BBEB428D7->a5e38e3e-c2ad-4348-acb9-3fc25cfb14dd@group-7000B19605CB, cid=3106, SUCCESS, logIndex=4669, commits[a5e38e3e-c2ad-4348-acb9-3fc25cfb14dd:c4670, 11e48d46-e648-47f9-b6a0-9c7f26654c28:c4668, d1b6a90e-e817-40a7-bec1-608b5cc7d8b6:c4668]
2019-09-11 04:26:13,679 [grpc-default-executor-3] INFO  client.GrpcClientProtocolClient (GrpcClientProtocolClient.java:onNext(264)) - client-734BBEB428D7->a5e38e3e-c2ad-4348-acb9-3fc25cfb14dd: receive RaftClientReply:client-734BBEB428D7->a5e38e3e-c2ad-4348-acb9-3fc25cfb14dd@group-7000B19605CB, cid=3107, SUCCESS, logIndex=4670, commits[a5e38e3e-c2ad-4348-acb9-3fc25cfb14dd:c4670, 11e48d46-e648-47f9-b6a0-9c7f26654c28:c4668, d1b6a90e-e817-40a7-bec1-608b5cc7d8b6:c4668]
2019-09-11 04:26:13,693 [grpc-default-executor-3] INFO  client.GrpcClientProtocolClient (GrpcClientProtocolClient.java:onNext(264)) - client-734BBEB428D7->a5e38e3e-c2ad-4348-acb9-3fc25cfb14dd: receive RaftClientReply:client-734BBEB428D7->a5e38e3e-c2ad-4348-acb9-3fc25cfb14dd@group-7000B19605CB, cid=3108, SUCCESS, logIndex=4673, commits[a5e38e3e-c2ad-4348-acb9-3fc25cfb14dd:c4673, 11e48d46-e648-47f9-b6a0-9c7f26654c28:c4670, d1b6a90e-e817-40a7-bec1-608b5cc7d8b6:c4670]
2019-09-11 04:26:13,693 [grpc-default-executor-3] INFO  client.GrpcClientProtocolClient (GrpcClientProtocolClient.java:onNext(264)) - client-734BBEB428D7->a5e38e3e-c2ad-4348-acb9-3fc25cfb14dd: receive RaftClientReply:client-734BBEB428D7->a5e38e3e-c2ad-4348-acb9-3fc25cfb14dd@group-7000B19605CB, cid=3109, SUCCESS, logIndex=4674, commits[a5e38e3e-c2ad-4348-acb9-3fc25cfb14dd:c4674, 11e48d46-e648-47f9-b6a0-9c7f26654c28:c4670, d1b6a90e-e817-40a7-bec1-608b5cc7d8b6:c4670]
2019-09-11 04:26:13,706 [grpc-default-executor-4] INFO  client.GrpcClientProtocolClient (GrpcClientProtocolClient.java:onNext(264)) - client-734BBEB428D7->a5e38e3e-c2ad-4348-acb9-3fc25cfb14dd: receive RaftClientReply:client-734BBEB428D7->a5e38e3e-c2ad-4348-acb9-3fc25cfb14dd@group-7000B19605CB, cid=3110, SUCCESS, logIndex=0, commits[a5e38e3e-c2ad-4348-acb9-3fc25cfb14dd:c4676, 11e48d46-e648-47f9-b6a0-9c7f26654c28:c4674, d1b6a90e-e817-40a7-bec1-608b5cc7d8b6:c4674]
2019-09-11 04:26:13,735 [grpc-default-executor-4] INFO  client.GrpcClientProtocolClient (GrpcClientProtocolClient.java:onNext(264)) - client-734BBEB428D7->a5e38e3e-c2ad-4348-acb9-3fc25cfb14dd: receive RaftClientReply:client-734BBEB428D7->a5e38e3e-c2ad-4348-acb9-3fc25cfb14dd@group-7000B19605CB, cid=3111, SUCCESS, logIndex=4677, commits[a5e38e3e-c2ad-4348-acb9-3fc25cfb14dd:c4678, 11e48d46-e648-47f9-b6a0-9c7f26654c28:c4676, d1b6a90e-e817-40a7-bec1-608b5cc7d8b6:c4676]
2019-09-11 04:26:13,735 [grpc-default-executor-4] INFO  client.GrpcClientProtocolClient (GrpcClientProtocolClient.java:onNext(264)) - client-734BBEB428D7->a5e38e3e-c2ad-4348-acb9-3fc25cfb14dd: receive RaftClientReply:client-734BBEB428D7->a5e38e3e-c2ad-4348-acb9-3fc25cfb14dd@group-7000B19605CB, cid=3112, SUCCESS, logIndex=4678, commits[a5e38e3e-c2ad-4348-acb9-3fc25cfb14dd:c4680, 11e48d46-e648-47f9-b6a0-9c7f26654c28:c4676, d1b6a90e-e817-40a7-bec1-608b5cc7d8b6:c4676]
2019-09-11 04:26:13,736 [grpc-default-executor-4] INFO  client.GrpcClientProtocolClient (GrpcClientProtocolClient.java:onNext(264)) - client-734BBEB428D7->a5e38e3e-c2ad-4348-acb9-3fc25cfb14dd: receive RaftClientReply:client-734BBEB428D7->a5e38e3e-c2ad-4348-acb9-3fc25cfb14dd@group-7000B19605CB, cid=3113, SUCCESS, logIndex=4679, commits[a5e38e3e-c2ad-4348-acb9-3fc25cfb14dd:c4680, 11e48d46-e648-47f9-b6a0-9c7f26654c28:c4676, d1b6a90e-e817-40a7-bec1-608b5cc7d8b6:c4676]
2019-09-11 04:26:13,736 [grpc-default-executor-4] INFO  client.GrpcClientProtocolClient (GrpcClientProtocolClient.java:onNext(264)) - client-734BBEB428D7->a5e38e3e-c2ad-4348-acb9-3fc25cfb14dd: receive RaftClientReply:client-734BBEB428D7->a5e38e3e-c2ad-4348-acb9-3fc25cfb14dd@group-7000B19605CB, cid=3114, SUCCESS, logIndex=4680, commits[a5e38e3e-c2ad-4348-acb9-3fc25cfb14dd:c4680, 11e48d46-e648-47f9-b6a0-9c7f26654c28:c4676, d1b6a90e-e817-40a7-bec1-608b5cc7d8b6:c4676]
2019-09-11 04:26:13,737 [grpc-default-executor-4] INFO  client.GrpcClientProtocolClient (GrpcClientProtocolClient.java:onNext(264)) - client-734BBEB428D7->a5e38e3e-c2ad-4348-acb9-3fc25cfb14dd: receive RaftClientReply:client-734BBEB428D7->a5e38e3e-c2ad-4348-acb9-3fc25cfb14dd@group-7000B19605CB, cid=3115, SUCCESS, logIndex=0, commits[a5e38e3e-c2ad-4348-acb9-3fc25cfb14dd:c4683, 11e48d46-e648-47f9-b6a0-9c7f26654c28:c4678, d1b6a90e-e817-40a7-bec1-608b5cc7d8b6:c4678]
2019-09-11 04:26:13,754 [grpc-default-executor-3] INFO  client.GrpcClientProtocolClient (GrpcClientProtocolClient.java:onNext(264)) - client-734BBEB428D7->a5e38e3e-c2ad-4348-acb9-3fc25cfb14dd: receive RaftClientReply:client-734BBEB428D7->a5e38e3e-c2ad-4348-acb9-3fc25cfb14dd@group-7000B19605CB, cid=3116, SUCCESS, logIndex=4685, commits[a5e38e3e-c2ad-4348-acb9-3fc25cfb14dd:c4686, 11e48d46-e648-47f9-b6a0-9c7f26654c28:c4684, d1b6a90e-e817-40a7-bec1-608b5cc7d8b6:c4684]
2019-09-11 04:26:13,755 [grpc-default-executor-3] INFO  client.GrpcClientProtocolClient (GrpcClientProtocolClient.java:onNext(264)) - client-734BBEB428D7->a5e38e3e-c2ad-4348-acb9-3fc25cfb14dd: receive RaftClientReply:client-734BBEB428D7->a5e38e3e-c2ad-4348-acb9-3fc25cfb14dd@group-7000B19605CB, cid=3117, SUCCESS, logIndex=4686, commits[a5e38e3e-c2ad-4348-acb9-3fc25cfb14dd:c4686, 11e48d46-e648-47f9-b6a0-9c7f26654c28:c4684, d1b6a90e-e817-40a7-bec1-608b5cc7d8b6:c4684]
2019-09-11 04:26:13,768 [grpc-default-executor-3] INFO  client.GrpcClientProtocolClient (GrpcClientProtocolClient.java:onNext(264)) - client-734BBEB428D7->a5e38e3e-c2ad-4348-acb9-3fc25cfb14dd: receive RaftClientReply:client-734BBEB428D7->a5e38e3e-c2ad-4348-acb9-3fc25cfb14dd@group-7000B19605CB, cid=3118, SUCCESS, logIndex=4689, commits[a5e38e3e-c2ad-4348-acb9-3fc25cfb14dd:c4690, 11e48d46-e648-47f9-b6a0-9c7f26654c28:c4686, d1b6a90e-e817-40a7-bec1-608b5cc7d8b6:c4686]
2019-09-11 04:26:13,768 [grpc-default-executor-3] INFO  client.GrpcClientProtocolClient (GrpcClientProtocolClient.java:onNext(264)) - client-734BBEB428D7->a5e38e3e-c2ad-4348-acb9-3fc25cfb14dd: receive RaftClientReply:client-734BBEB428D7->a5e38e3e-c2ad-4348-acb9-3fc25cfb14dd@group-7000B19605CB, cid=3119, SUCCESS, logIndex=4690, commits[a5e38e3e-c2ad-4348-acb9-3fc25cfb14dd:c4690, 11e48d46-e648-47f9-b6a0-9c7f26654c28:c4686, d1b6a90e-e817-40a7-bec1-608b5cc7d8b6:c4686]
2019-09-11 04:26:13,780 [grpc-default-executor-4] INFO  client.GrpcClientProtocolClient (GrpcClientProtocolClient.java:onNext(264)) - client-734BBEB428D7->a5e38e3e-c2ad-4348-acb9-3fc25cfb14dd: receive RaftClientReply:client-734BBEB428D7->a5e38e3e-c2ad-4348-acb9-3fc25cfb14dd@group-7000B19605CB, cid=3120, SUCCESS, logIndex=0, commits[a5e38e3e-c2ad-4348-acb9-3fc25cfb14dd:c4692, 11e48d46-e648-47f9-b6a0-9c7f26654c28:c4690, d1b6a90e-e817-40a7-bec1-608b5cc7d8b6:c4690]
2019-09-11 04:26:13,809 [grpc-default-executor-3] INFO  client.GrpcClientProtocolClient (GrpcClientProtocolClient.java:onNext(264)) - client-734BBEB428D7->a5e38e3e-c2ad-4348-acb9-3fc25cfb14dd: receive RaftClientReply:client-734BBEB428D7->a5e38e3e-c2ad-4348-acb9-3fc25cfb14dd@group-7000B19605CB, cid=3121, SUCCESS, logIndex=4693, commits[a5e38e3e-c2ad-4348-acb9-3fc25cfb14dd:c4694, 11e48d46-e648-47f9-b6a0-9c7f26654c28:c4692, d1b6a90e-e817-40a7-bec1-608b5cc7d8b6:c4692]
2019-09-11 04:26:13,822 [grpc-default-executor-3] INFO  client.GrpcClientProtocolClient (GrpcClientProtocolClient.java:onNext(264)) - client-734BBEB428D7->a5e38e3e-c2ad-4348-acb9-3fc25cfb14dd: receive RaftClientReply:client-734BBEB428D7->a5e38e3e-c2ad-4348-acb9-3fc25cfb14dd@group-7000B19605CB, cid=3122, SUCCESS, logIndex=4694, commits[a5e38e3e-c2ad-4348-acb9-3fc25cfb14dd:c4694, 11e48d46-e648-47f9-b6a0-9c7f26654c28:c4692, d1b6a90e-e817-40a7-bec1-608b5cc7d8b6:c4692]
2019-09-11 04:26:13,823 [grpc-default-executor-3] INFO  client.GrpcClientProtocolClient (GrpcClientProtocolClient.java:onNext(264)) - client-734BBEB428D7->a5e38e3e-c2ad-4348-acb9-3fc25cfb14dd: receive RaftClientReply:client-734BBEB428D7->a5e38e3e-c2ad-4348-acb9-3fc25cfb14dd@group-7000B19605CB, cid=3123, SUCCESS, logIndex=4695, commits[a5e38e3e-c2ad-4348-acb9-3fc25cfb14dd:c4696, 11e48d46-e648-47f9-b6a0-9c7f26654c28:c4692, d1b6a90e-e817-40a7-bec1-608b5cc7d8b6:c4692]
2019-09-11 04:26:13,823 [grpc-default-executor-3] INFO  client.GrpcClientProtocolClient (GrpcClientProtocolClient.java:onNext(264)) - client-734BBEB428D7->a5e38e3e-c2ad-4348-acb9-3fc25cfb14dd: receive RaftClientReply:client-734BBEB428D7->a5e38e3e-c2ad-4348-acb9-3fc25cfb14dd@group-7000B19605CB, cid=3124, SUCCESS, logIndex=4696, commits[a5e38e3e-c2ad-4348-acb9-3fc25cfb14dd:c4696, 11e48d46-e648-47f9-b6a0-9c7f26654c28:c4692, d1b6a90e-e817-40a7-bec1-608b5cc7d8b6:c4692]
2019-09-11 04:26:13,834 [grpc-default-executor-3] INFO  client.GrpcClientProtocolClient (GrpcClientProtocolClient.java:onNext(264)) - client-734BBEB428D7->a5e38e3e-c2ad-4348-acb9-3fc25cfb14dd: receive RaftClientReply:client-734BBEB428D7->a5e38e3e-c2ad-4348-acb9-3fc25cfb14dd@group-7000B19605CB, cid=3125, SUCCESS, logIndex=0, commits[a5e38e3e-c2ad-4348-acb9-3fc25cfb14dd:c4698, 11e48d46-e648-47f9-b6a0-9c7f26654c28:c4694, d1b6a90e-e817-40a7-bec1-608b5cc7d8b6:c4694]
2019-09-11 04:26:13,851 [grpc-default-executor-4] INFO  client.GrpcClientProtocolClient (GrpcClientProtocolClient.java:onNext(264)) - client-734BBEB428D7->a5e38e3e-c2ad-4348-acb9-3fc25cfb14dd: receive RaftClientReply:client-734BBEB428D7->a5e38e3e-c2ad-4348-acb9-3fc25cfb14dd@group-7000B19605CB, cid=3126, SUCCESS, logIndex=4701, commits[a5e38e3e-c2ad-4348-acb9-3fc25cfb14dd:c4702, 11e48d46-e648-47f9-b6a0-9c7f26654c28:c4700, d1b6a90e-e817-40a7-bec1-608b5cc7d8b6:c4700]
2019-09-11 04:26:13,851 [grpc-default-executor-4] INFO  client.GrpcClientProtocolClient (GrpcClientProtocolClient.java:onNext(264)) - client-734BBEB428D7->a5e38e3e-c2ad-4348-acb9-3fc25cfb14dd: receive RaftClientReply:client-734BBEB428D7->a5e38e3e-c2ad-4348-acb9-3fc25cfb14dd@group-7000B19605CB, cid=3127, SUCCESS, logIndex=4702, commits[a5e38e3e-c2ad-4348-acb9-3fc25cfb14dd:c4702, 11e48d46-e648-47f9-b6a0-9c7f26654c28:c4700, d1b6a90e-e817-40a7-bec1-608b5cc7d8b6:c4700]
2019-09-11 04:26:13,862 [grpc-default-executor-2] INFO  client.GrpcClientProtocolClient (GrpcClientProtocolClient.java:onNext(264)) - client-734BBEB428D7->a5e38e3e-c2ad-4348-acb9-3fc25cfb14dd: receive RaftClientReply:client-734BBEB428D7->a5e38e3e-c2ad-4348-acb9-3fc25cfb14dd@group-7000B19605CB, cid=3128, SUCCESS, logIndex=4705, commits[a5e38e3e-c2ad-4348-acb9-3fc25cfb14dd:c4706, 11e48d46-e648-47f9-b6a0-9c7f26654c28:c4702, d1b6a90e-e817-40a7-bec1-608b5cc7d8b6:c4702]
2019-09-11 04:26:13,862 [grpc-default-executor-2] INFO  client.GrpcClientProtocolClient (GrpcClientProtocolClient.java:onNext(264)) - client-734BBEB428D7->a5e38e3e-c2ad-4348-acb9-3fc25cfb14dd: receive RaftClientReply:client-734BBEB428D7->a5e38e3e-c2ad-4348-acb9-3fc25cfb14dd@group-7000B19605CB, cid=3129, SUCCESS, logIndex=4706, commits[a5e38e3e-c2ad-4348-acb9-3fc25cfb14dd:c4706, 11e48d46-e648-47f9-b6a0-9c7f26654c28:c4702, d1b6a90e-e817-40a7-bec1-608b5cc7d8b6:c4702]
2019-09-11 04:26:13,874 [grpc-default-executor-3] INFO  client.GrpcClientProtocolClient (GrpcClientProtocolClient.java:onNext(264)) - client-734BBEB428D7->a5e38e3e-c2ad-4348-acb9-3fc25cfb14dd: receive RaftClientReply:client-734BBEB428D7->a5e38e3e-c2ad-4348-acb9-3fc25cfb14dd@group-7000B19605CB, cid=3130, SUCCESS, logIndex=0, commits[a5e38e3e-c2ad-4348-acb9-3fc25cfb14dd:c4707, 11e48d46-e648-47f9-b6a0-9c7f26654c28:c4706, d1b6a90e-e817-40a7-bec1-608b5cc7d8b6:c4706]
2019-09-11 04:26:13,900 [grpc-default-executor-3] INFO  client.GrpcClientProtocolClient (GrpcClientProtocolClient.java:onNext(264)) - client-734BBEB428D7->a5e38e3e-c2ad-4348-acb9-3fc25cfb14dd: receive RaftClientReply:client-734BBEB428D7->a5e38e3e-c2ad-4348-acb9-3fc25cfb14dd@group-7000B19605CB, cid=3131, SUCCESS, logIndex=4709, commits[a5e38e3e-c2ad-4348-acb9-3fc25cfb14dd:c4711, 11e48d46-e648-47f9-b6a0-9c7f26654c28:c4708, d1b6a90e-e817-40a7-bec1-608b5cc7d8b6:c4708]
2019-09-11 04:26:13,900 [grpc-default-executor-3] INFO  client.GrpcClientProtocolClient (GrpcClientProtocolClient.java:onNext(264)) - client-734BBEB428D7->a5e38e3e-c2ad-4348-acb9-3fc25cfb14dd: receive RaftClientReply:client-734BBEB428D7->a5e38e3e-c2ad-4348-acb9-3fc25cfb14dd@group-7000B19605CB, cid=3132, SUCCESS, logIndex=4710, commits[a5e38e3e-c2ad-4348-acb9-3fc25cfb14dd:c4712, 11e48d46-e648-47f9-b6a0-9c7f26654c28:c4708, d1b6a90e-e817-40a7-bec1-608b5cc7d8b6:c4708]
2019-09-11 04:26:13,900 [grpc-default-executor-3] INFO  client.GrpcClientProtocolClient (GrpcClientProtocolClient.java:onNext(264)) - client-734BBEB428D7->a5e38e3e-c2ad-4348-acb9-3fc25cfb14dd: receive RaftClientReply:client-734BBEB428D7->a5e38e3e-c2ad-4348-acb9-3fc25cfb14dd@group-7000B19605CB, cid=3133, SUCCESS, logIndex=4711, commits[a5e38e3e-c2ad-4348-acb9-3fc25cfb14dd:c4712, 11e48d46-e648-47f9-b6a0-9c7f26654c28:c4708, d1b6a90e-e817-40a7-bec1-608b5cc7d8b6:c4708]
2019-09-11 04:26:13,901 [grpc-default-executor-3] INFO  client.GrpcClientProtocolClient (GrpcClientProtocolClient.java:onNext(264)) - client-734BBEB428D7->a5e38e3e-c2ad-4348-acb9-3fc25cfb14dd: receive RaftClientReply:client-734BBEB428D7->a5e38e3e-c2ad-4348-acb9-3fc25cfb14dd@group-7000B19605CB, cid=3134, SUCCESS, logIndex=4712, commits[a5e38e3e-c2ad-4348-acb9-3fc25cfb14dd:c4712, 11e48d46-e648-47f9-b6a0-9c7f26654c28:c4708, d1b6a90e-e817-40a7-bec1-608b5cc7d8b6:c4708]
2019-09-11 04:26:13,902 [grpc-default-executor-3] INFO  client.GrpcClientProtocolClient (GrpcClientProtocolClient.java:onNext(264)) - client-734BBEB428D7->a5e38e3e-c2ad-4348-acb9-3fc25cfb14dd: receive RaftClientReply:client-734BBEB428D7->a5e38e3e-c2ad-4348-acb9-3fc25cfb14dd@group-7000B19605CB, cid=3135, SUCCESS, logIndex=0, commits[a5e38e3e-c2ad-4348-acb9-3fc25cfb14dd:c4713, 11e48d46-e648-47f9-b6a0-9c7f26654c28:c4710, d1b6a90e-e817-40a7-bec1-608b5cc7d8b6:c4710]
2019-09-11 04:26:13,920 [grpc-default-executor-3] INFO  client.GrpcClientProtocolClient (GrpcClientProtocolClient.java:onNext(264)) - client-734BBEB428D7->a5e38e3e-c2ad-4348-acb9-3fc25cfb14dd: receive RaftClientReply:client-734BBEB428D7->a5e38e3e-c2ad-4348-acb9-3fc25cfb14dd@group-7000B19605CB, cid=3136, SUCCESS, logIndex=4717, commits[a5e38e3e-c2ad-4348-acb9-3fc25cfb14dd:c4718, 11e48d46-e648-47f9-b6a0-9c7f26654c28:c4716, d1b6a90e-e817-40a7-bec1-608b5cc7d8b6:c4716]
2019-09-11 04:26:13,920 [grpc-default-executor-3] INFO  client.GrpcClientProtocolClient (GrpcClientProtocolClient.java:onNext(264)) - client-734BBEB428D7->a5e38e3e-c2ad-4348-acb9-3fc25cfb14dd: receive RaftClientReply:client-734BBEB428D7->a5e38e3e-c2ad-4348-acb9-3fc25cfb14dd@group-7000B19605CB, cid=3137, SUCCESS, logIndex=4718, commits[a5e38e3e-c2ad-4348-acb9-3fc25cfb14dd:c4718, 11e48d46-e648-47f9-b6a0-9c7f26654c28:c4716, d1b6a90e-e817-40a7-bec1-608b5cc7d8b6:c4716]
2019-09-11 04:26:13,932 [grpc-default-executor-4] INFO  client.GrpcClientProtocolClient (GrpcClientProtocolClient.java:onNext(264)) - client-734BBEB428D7->a5e38e3e-c2ad-4348-acb9-3fc25cfb14dd: receive RaftClientReply:client-734BBEB428D7->a5e38e3e-c2ad-4348-acb9-3fc25cfb14dd@group-7000B19605CB, cid=3138, SUCCESS, logIndex=4721, commits[a5e38e3e-c2ad-4348-acb9-3fc25cfb14dd:c4721, 11e48d46-e648-47f9-b6a0-9c7f26654c28:c4718, d1b6a90e-e817-40a7-bec1-608b5cc7d8b6:c4718]
2019-09-11 04:26:13,933 [grpc-default-executor-4] INFO  client.GrpcClientProtocolClient (GrpcClientProtocolClient.java:onNext(264)) - client-734BBEB428D7->a5e38e3e-c2ad-4348-acb9-3fc25cfb14dd: receive RaftClientReply:client-734BBEB428D7->a5e38e3e-c2ad-4348-acb9-3fc25cfb14dd@group-7000B19605CB, cid=3139, SUCCESS, logIndex=4722, commits[a5e38e3e-c2ad-4348-acb9-3fc25cfb14dd:c4722, 11e48d46-e648-47f9-b6a0-9c7f26654c28:c4718, d1b6a90e-e817-40a7-bec1-608b5cc7d8b6:c4718]
2019-09-11 04:26:13,936 [grpc-default-executor-3] INFO  client.GrpcClientProtocolClient (GrpcClientProtocolClient.java:onNext(264)) - client-734BBEB428D7->a5e38e3e-c2ad-4348-acb9-3fc25cfb14dd: receive RaftClientReply:client-734BBEB428D7->a5e38e3e-c2ad-4348-acb9-3fc25cfb14dd@group-7000B19605CB, cid=3140, SUCCESS, logIndex=0, commits[a5e38e3e-c2ad-4348-acb9-3fc25cfb14dd:c4724, 11e48d46-e648-47f9-b6a0-9c7f26654c28:c4722, d1b6a90e-e817-40a7-bec1-608b5cc7d8b6:c4722]
2019-09-11 04:26:13,961 [grpc-default-executor-3] INFO  client.GrpcClientProtocolClient (GrpcClientProtocolClient.java:onNext(264)) - client-734BBEB428D7->a5e38e3e-c2ad-4348-acb9-3fc25cfb14dd: receive RaftClientReply:client-734BBEB428D7->a5e38e3e-c2ad-4348-acb9-3fc25cfb14dd@group-7000B19605CB, cid=3141, SUCCESS, logIndex=4725, commits[a5e38e3e-c2ad-4348-acb9-3fc25cfb14dd:c4727, 11e48d46-e648-47f9-b6a0-9c7f26654c28:c4724, d1b6a90e-e817-40a7-bec1-608b5cc7d8b6:c4724]
2019-09-11 04:26:13,962 [grpc-default-executor-3] INFO  client.GrpcClientProtocolClient (GrpcClientProtocolClient.java:onNext(264)) - client-734BBEB428D7->a5e38e3e-c2ad-4348-acb9-3fc25cfb14dd: receive RaftClientReply:client-734BBEB428D7->a5e38e3e-c2ad-4348-acb9-3fc25cfb14dd@group-7000B19605CB, cid=3142, SUCCESS, logIndex=4726, commits[a5e38e3e-c2ad-4348-acb9-3fc25cfb14dd:c4728, 11e48d46-e648-47f9-b6a0-9c7f26654c28:c4724, d1b6a90e-e817-40a7-bec1-608b5cc7d8b6:c4724]
2019-09-11 04:26:13,962 [grpc-default-executor-3] INFO  client.GrpcClientProtocolClient (GrpcClientProtocolClient.java:onNext(264)) - client-734BBEB428D7->a5e38e3e-c2ad-4348-acb9-3fc25cfb14dd: receive RaftClientReply:client-734BBEB428D7->a5e38e3e-c2ad-4348-acb9-3fc25cfb14dd@group-7000B19605CB, cid=3143, SUCCESS, logIndex=4727, commits[a5e38e3e-c2ad-4348-acb9-3fc25cfb14dd:c4728, 11e48d46-e648-47f9-b6a0-9c7f26654c28:c4724, d1b6a90e-e817-40a7-bec1-608b5cc7d8b6:c4724]
2019-09-11 04:26:13,962 [grpc-default-executor-3] INFO  client.GrpcClientProtocolClient (GrpcClientProtocolClient.java:onNext(264)) - client-734BBEB428D7->a5e38e3e-c2ad-4348-acb9-3fc25cfb14dd: receive RaftClientReply:client-734BBEB428D7->a5e38e3e-c2ad-4348-acb9-3fc25cfb14dd@group-7000B19605CB, cid=3144, SUCCESS, logIndex=4728, commits[a5e38e3e-c2ad-4348-acb9-3fc25cfb14dd:c4728, 11e48d46-e648-47f9-b6a0-9c7f26654c28:c4724, d1b6a90e-e817-40a7-bec1-608b5cc7d8b6:c4724]
2019-09-11 04:26:13,964 [grpc-default-executor-2] INFO  client.GrpcClientProtocolClient (GrpcClientProtocolClient.java:onNext(264)) - client-734BBEB428D7->a5e38e3e-c2ad-4348-acb9-3fc25cfb14dd: receive RaftClientReply:client-734BBEB428D7->a5e38e3e-c2ad-4348-acb9-3fc25cfb14dd@group-7000B19605CB, cid=3145, SUCCESS, logIndex=0, commits[a5e38e3e-c2ad-4348-acb9-3fc25cfb14dd:c4732, 11e48d46-e648-47f9-b6a0-9c7f26654c28:c4728, d1b6a90e-e817-40a7-bec1-608b5cc7d8b6:c4726]
2019-09-11 04:26:13,981 [grpc-default-executor-4] INFO  client.GrpcClientProtocolClient (GrpcClientProtocolClient.java:onNext(264)) - client-734BBEB428D7->a5e38e3e-c2ad-4348-acb9-3fc25cfb14dd: receive RaftClientReply:client-734BBEB428D7->a5e38e3e-c2ad-4348-acb9-3fc25cfb14dd@group-7000B19605CB, cid=3146, SUCCESS, logIndex=4733, commits[a5e38e3e-c2ad-4348-acb9-3fc25cfb14dd:c4734, 11e48d46-e648-47f9-b6a0-9c7f26654c28:c4732, d1b6a90e-e817-40a7-bec1-608b5cc7d8b6:c4732]
2019-09-11 04:26:13,982 [grpc-default-executor-4] INFO  client.GrpcClientProtocolClient (GrpcClientProtocolClient.java:onNext(264)) - client-734BBEB428D7->a5e38e3e-c2ad-4348-acb9-3fc25cfb14dd: receive RaftClientReply:client-734BBEB428D7->a5e38e3e-c2ad-4348-acb9-3fc25cfb14dd@group-7000B19605CB, cid=3147, SUCCESS, logIndex=4734, commits[a5e38e3e-c2ad-4348-acb9-3fc25cfb14dd:c4734, 11e48d46-e648-47f9-b6a0-9c7f26654c28:c4732, d1b6a90e-e817-40a7-bec1-608b5cc7d8b6:c4732]
2019-09-11 04:26:13,995 [grpc-default-executor-3] INFO  client.GrpcClientProtocolClient (GrpcClientProtocolClient.java:onNext(264)) - client-734BBEB428D7->a5e38e3e-c2ad-4348-acb9-3fc25cfb14dd: receive RaftClientReply:client-734BBEB428D7->a5e38e3e-c2ad-4348-acb9-3fc25cfb14dd@group-7000B19605CB, cid=3148, SUCCESS, logIndex=4737, commits[a5e38e3e-c2ad-4348-acb9-3fc25cfb14dd:c4738, 11e48d46-e648-47f9-b6a0-9c7f26654c28:c4734, d1b6a90e-e817-40a7-bec1-608b5cc7d8b6:c4734]
2019-09-11 04:26:13,995 [grpc-default-executor-3] INFO  client.GrpcClientProtocolClient (GrpcClientProtocolClient.java:onNext(264)) - client-734BBEB428D7->a5e38e3e-c2ad-4348-acb9-3fc25cfb14dd: receive RaftClientReply:client-734BBEB428D7->a5e38e3e-c2ad-4348-acb9-3fc25cfb14dd@group-7000B19605CB, cid=3149, SUCCESS, logIndex=4738, commits[a5e38e3e-c2ad-4348-acb9-3fc25cfb14dd:c4738, 11e48d46-e648-47f9-b6a0-9c7f26654c28:c4734, d1b6a90e-e817-40a7-bec1-608b5cc7d8b6:c4734]
2019-09-11 04:26:14,008 [grpc-default-executor-2] INFO  client.GrpcClientProtocolClient (GrpcClientProtocolClient.java:onNext(264)) - client-734BBEB428D7->a5e38e3e-c2ad-4348-acb9-3fc25cfb14dd: receive RaftClientReply:client-734BBEB428D7->a5e38e3e-c2ad-4348-acb9-3fc25cfb14dd@group-7000B19605CB, cid=3150, SUCCESS, logIndex=0, commits[a5e38e3e-c2ad-4348-acb9-3fc25cfb14dd:c4740, 11e48d46-e648-47f9-b6a0-9c7f26654c28:c4738, d1b6a90e-e817-40a7-bec1-608b5cc7d8b6:c4738]
2019-09-11 04:26:14,036 [grpc-default-executor-3] INFO  client.GrpcClientProtocolClient (GrpcClientProtocolClient.java:onNext(264)) - client-734BBEB428D7->a5e38e3e-c2ad-4348-acb9-3fc25cfb14dd: receive RaftClientReply:client-734BBEB428D7->a5e38e3e-c2ad-4348-acb9-3fc25cfb14dd@group-7000B19605CB, cid=3151, SUCCESS, logIndex=4741, commits[a5e38e3e-c2ad-4348-acb9-3fc25cfb14dd:c4742, 11e48d46-e648-47f9-b6a0-9c7f26654c28:c4740, d1b6a90e-e817-40a7-bec1-608b5cc7d8b6:c4740]
2019-09-11 04:26:14,036 [grpc-default-executor-3] INFO  client.GrpcClientProtocolClient (GrpcClientProtocolClient.java:onNext(264)) - client-734BBEB428D7->a5e38e3e-c2ad-4348-acb9-3fc25cfb14dd: receive RaftClientReply:client-734BBEB428D7->a5e38e3e-c2ad-4348-acb9-3fc25cfb14dd@group-7000B19605CB, cid=3152, SUCCESS, logIndex=4742, commits[a5e38e3e-c2ad-4348-acb9-3fc25cfb14dd:c4744, 11e48d46-e648-47f9-b6a0-9c7f26654c28:c4740, d1b6a90e-e817-40a7-bec1-608b5cc7d8b6:c4740]
2019-09-11 04:26:14,037 [grpc-default-executor-3] INFO  client.GrpcClientProtocolClient (GrpcClientProtocolClient.java:onNext(264)) - client-734BBEB428D7->a5e38e3e-c2ad-4348-acb9-3fc25cfb14dd: receive RaftClientReply:client-734BBEB428D7->a5e38e3e-c2ad-4348-acb9-3fc25cfb14dd@group-7000B19605CB, cid=3153, SUCCESS, logIndex=4743, commits[a5e38e3e-c2ad-4348-acb9-3fc25cfb14dd:c4744, 11e48d46-e648-47f9-b6a0-9c7f26654c28:c4740, d1b6a90e-e817-40a7-bec1-608b5cc7d8b6:c4740]
2019-09-11 04:26:14,037 [grpc-default-executor-3] INFO  client.GrpcClientProtocolClient (GrpcClientProtocolClient.java:onNext(264)) - client-734BBEB428D7->a5e38e3e-c2ad-4348-acb9-3fc25cfb14dd: receive RaftClientReply:client-734BBEB428D7->a5e38e3e-c2ad-4348-acb9-3fc25cfb14dd@group-7000B19605CB, cid=3154, SUCCESS, logIndex=4744, commits[a5e38e3e-c2ad-4348-acb9-3fc25cfb14dd:c4745, 11e48d46-e648-47f9-b6a0-9c7f26654c28:c4740, d1b6a90e-e817-40a7-bec1-608b5cc7d8b6:c4742]
2019-09-11 04:26:14,038 [grpc-default-executor-2] INFO  client.GrpcClientProtocolClient (GrpcClientProtocolClient.java:onNext(264)) - client-734BBEB428D7->a5e38e3e-c2ad-4348-acb9-3fc25cfb14dd: receive RaftClientReply:client-734BBEB428D7->a5e38e3e-c2ad-4348-acb9-3fc25cfb14dd@group-7000B19605CB, cid=3155, SUCCESS, logIndex=0, commits[a5e38e3e-c2ad-4348-acb9-3fc25cfb14dd:c4747, 11e48d46-e648-47f9-b6a0-9c7f26654c28:c4744, d1b6a90e-e817-40a7-bec1-608b5cc7d8b6:c4744]
2019-09-11 04:26:14,055 [grpc-default-executor-3] INFO  client.GrpcClientProtocolClient (GrpcClientProtocolClient.java:onNext(264)) - client-734BBEB428D7->a5e38e3e-c2ad-4348-acb9-3fc25cfb14dd: receive RaftClientReply:client-734BBEB428D7->a5e38e3e-c2ad-4348-acb9-3fc25cfb14dd@group-7000B19605CB, cid=3156, SUCCESS, logIndex=4748, commits[a5e38e3e-c2ad-4348-acb9-3fc25cfb14dd:c4749, 11e48d46-e648-47f9-b6a0-9c7f26654c28:c4747, d1b6a90e-e817-40a7-bec1-608b5cc7d8b6:c4747]
2019-09-11 04:26:14,056 [grpc-default-executor-3] INFO  client.GrpcClientProtocolClient (GrpcClientProtocolClient.java:onNext(264)) - client-734BBEB428D7->a5e38e3e-c2ad-4348-acb9-3fc25cfb14dd: receive RaftClientReply:client-734BBEB428D7->a5e38e3e-c2ad-4348-acb9-3fc25cfb14dd@group-7000B19605CB, cid=3157, SUCCESS, logIndex=4749, commits[a5e38e3e-c2ad-4348-acb9-3fc25cfb14dd:c4749, 11e48d46-e648-47f9-b6a0-9c7f26654c28:c4747, d1b6a90e-e817-40a7-bec1-608b5cc7d8b6:c4747]
2019-09-11 04:26:14,069 [grpc-default-executor-3] INFO  client.GrpcClientProtocolClient (GrpcClientProtocolClient.java:onNext(264)) - client-734BBEB428D7->a5e38e3e-c2ad-4348-acb9-3fc25cfb14dd: receive RaftClientReply:client-734BBEB428D7->a5e38e3e-c2ad-4348-acb9-3fc25cfb14dd@group-7000B19605CB, cid=3158, SUCCESS, logIndex=4752, commits[a5e38e3e-c2ad-4348-acb9-3fc25cfb14dd:c4753, 11e48d46-e648-47f9-b6a0-9c7f26654c28:c4749, d1b6a90e-e817-40a7-bec1-608b5cc7d8b6:c4749]
2019-09-11 04:26:14,069 [grpc-default-executor-3] INFO  client.GrpcClientProtocolClient (GrpcClientProtocolClient.java:onNext(264)) - client-734BBEB428D7->a5e38e3e-c2ad-4348-acb9-3fc25cfb14dd: receive RaftClientReply:client-734BBEB428D7->a5e38e3e-c2ad-4348-acb9-3fc25cfb14dd@group-7000B19605CB, cid=3159, SUCCESS, logIndex=4753, commits[a5e38e3e-c2ad-4348-acb9-3fc25cfb14dd:c4753, 11e48d46-e648-47f9-b6a0-9c7f26654c28:c4749, d1b6a90e-e817-40a7-bec1-608b5cc7d8b6:c4749]
2019-09-11 04:26:14,082 [grpc-default-executor-2] INFO  client.GrpcClientProtocolClient (GrpcClientProtocolClient.java:onNext(264)) - client-734BBEB428D7->a5e38e3e-c2ad-4348-acb9-3fc25cfb14dd: receive RaftClientReply:client-734BBEB428D7->a5e38e3e-c2ad-4348-acb9-3fc25cfb14dd@group-7000B19605CB, cid=3160, SUCCESS, logIndex=0, commits[a5e38e3e-c2ad-4348-acb9-3fc25cfb14dd:c4755, 11e48d46-e648-47f9-b6a0-9c7f26654c28:c4753, d1b6a90e-e817-40a7-bec1-608b5cc7d8b6:c4753]
2019-09-11 04:26:14,107 [grpc-default-executor-2] INFO  client.GrpcClientProtocolClient (GrpcClientProtocolClient.java:onNext(264)) - client-734BBEB428D7->a5e38e3e-c2ad-4348-acb9-3fc25cfb14dd: receive RaftClientReply:client-734BBEB428D7->a5e38e3e-c2ad-4348-acb9-3fc25cfb14dd@group-7000B19605CB, cid=3161, SUCCESS, logIndex=4756, commits[a5e38e3e-c2ad-4348-acb9-3fc25cfb14dd:c4757, 11e48d46-e648-47f9-b6a0-9c7f26654c28:c4755, d1b6a90e-e817-40a7-bec1-608b5cc7d8b6:c4755]
2019-09-11 04:26:14,107 [grpc-default-executor-4] INFO  client.GrpcClientProtocolClient (GrpcClientProtocolClient.java:onNext(264)) - client-734BBEB428D7->a5e38e3e-c2ad-4348-acb9-3fc25cfb14dd: receive RaftClientReply:client-734BBEB428D7->a5e38e3e-c2ad-4348-acb9-3fc25cfb14dd@group-7000B19605CB, cid=3162, SUCCESS, logIndex=4757, commits[a5e38e3e-c2ad-4348-acb9-3fc25cfb14dd:c4757, 11e48d46-e648-47f9-b6a0-9c7f26654c28:c4755, d1b6a90e-e817-40a7-bec1-608b5cc7d8b6:c4755]
2019-09-11 04:26:14,108 [grpc-default-executor-4] INFO  client.GrpcClientProtocolClient (GrpcClientProtocolClient.java:onNext(264)) - client-734BBEB428D7->a5e38e3e-c2ad-4348-acb9-3fc25cfb14dd: receive RaftClientReply:client-734BBEB428D7->a5e38e3e-c2ad-4348-acb9-3fc25cfb14dd@group-7000B19605CB, cid=3163, SUCCESS, logIndex=4758, commits[a5e38e3e-c2ad-4348-acb9-3fc25cfb14dd:c4759, 11e48d46-e648-47f9-b6a0-9c7f26654c28:c4755, d1b6a90e-e817-40a7-bec1-608b5cc7d8b6:c4755]
2019-09-11 04:26:14,108 [grpc-default-executor-4] INFO  client.GrpcClientProtocolClient (GrpcClientProtocolClient.java:onNext(264)) - client-734BBEB428D7->a5e38e3e-c2ad-4348-acb9-3fc25cfb14dd: receive RaftClientReply:client-734BBEB428D7->a5e38e3e-c2ad-4348-acb9-3fc25cfb14dd@group-7000B19605CB, cid=3164, SUCCESS, logIndex=4759, commits[a5e38e3e-c2ad-4348-acb9-3fc25cfb14dd:c4759, 11e48d46-e648-47f9-b6a0-9c7f26654c28:c4755, d1b6a90e-e817-40a7-bec1-608b5cc7d8b6:c4755]
2019-09-11 04:26:14,109 [grpc-default-executor-4] INFO  client.GrpcClientProtocolClient (GrpcClientProtocolClient.java:onNext(264)) - client-734BBEB428D7->a5e38e3e-c2ad-4348-acb9-3fc25cfb14dd: receive RaftClientReply:client-734BBEB428D7->a5e38e3e-c2ad-4348-acb9-3fc25cfb14dd@group-7000B19605CB, cid=3165, SUCCESS, logIndex=0, commits[a5e38e3e-c2ad-4348-acb9-3fc25cfb14dd:c4761, 11e48d46-e648-47f9-b6a0-9c7f26654c28:c4757, d1b6a90e-e817-40a7-bec1-608b5cc7d8b6:c4757]
2019-09-11 04:26:14,135 [grpc-default-executor-4] INFO  client.GrpcClientProtocolClient (GrpcClientProtocolClient.java:onNext(264)) - client-734BBEB428D7->a5e38e3e-c2ad-4348-acb9-3fc25cfb14dd: receive RaftClientReply:client-734BBEB428D7->a5e38e3e-c2ad-4348-acb9-3fc25cfb14dd@group-7000B19605CB, cid=3166, SUCCESS, logIndex=4764, commits[a5e38e3e-c2ad-4348-acb9-3fc25cfb14dd:c4765, 11e48d46-e648-47f9-b6a0-9c7f26654c28:c4763, d1b6a90e-e817-40a7-bec1-608b5cc7d8b6:c4763]
2019-09-11 04:26:14,136 [grpc-default-executor-4] INFO  client.GrpcClientProtocolClient (GrpcClientProtocolClient.java:onNext(264)) - client-734BBEB428D7->a5e38e3e-c2ad-4348-acb9-3fc25cfb14dd: receive RaftClientReply:client-734BBEB428D7->a5e38e3e-c2ad-4348-acb9-3fc25cfb14dd@group-7000B19605CB, cid=3167, SUCCESS, logIndex=4765, commits[a5e38e3e-c2ad-4348-acb9-3fc25cfb14dd:c4765, 11e48d46-e648-47f9-b6a0-9c7f26654c28:c4763, d1b6a90e-e817-40a7-bec1-608b5cc7d8b6:c4763]
2019-09-11 04:26:14,145 [grpc-default-executor-4] INFO  client.GrpcClientProtocolClient (GrpcClientProtocolClient.java:onNext(264)) - client-734BBEB428D7->a5e38e3e-c2ad-4348-acb9-3fc25cfb14dd: receive RaftClientReply:client-734BBEB428D7->a5e38e3e-c2ad-4348-acb9-3fc25cfb14dd@group-7000B19605CB, cid=3168, SUCCESS, logIndex=4768, commits[a5e38e3e-c2ad-4348-acb9-3fc25cfb14dd:c4769, 11e48d46-e648-47f9-b6a0-9c7f26654c28:c4764, d1b6a90e-e817-40a7-bec1-608b5cc7d8b6:c4765]
2019-09-11 04:26:14,146 [grpc-default-executor-4] INFO  client.GrpcClientProtocolClient (GrpcClientProtocolClient.java:onNext(264)) - client-734BBEB428D7->a5e38e3e-c2ad-4348-acb9-3fc25cfb14dd: receive RaftClientReply:client-734BBEB428D7->a5e38e3e-c2ad-4348-acb9-3fc25cfb14dd@group-7000B19605CB, cid=3169, SUCCESS, logIndex=4769, commits[a5e38e3e-c2ad-4348-acb9-3fc25cfb14dd:c4769, 11e48d46-e648-47f9-b6a0-9c7f26654c28:c4765, d1b6a90e-e817-40a7-bec1-608b5cc7d8b6:c4765]
2019-09-11 04:26:14,148 [grpc-default-executor-4] INFO  client.GrpcClientProtocolClient (GrpcClientProtocolClient.java:onNext(264)) - client-734BBEB428D7->a5e38e3e-c2ad-4348-acb9-3fc25cfb14dd: receive RaftClientReply:client-734BBEB428D7->a5e38e3e-c2ad-4348-acb9-3fc25cfb14dd@group-7000B19605CB, cid=3170, SUCCESS, logIndex=0, commits[a5e38e3e-c2ad-4348-acb9-3fc25cfb14dd:c4771, 11e48d46-e648-47f9-b6a0-9c7f26654c28:c4769, d1b6a90e-e817-40a7-bec1-608b5cc7d8b6:c4769]
 0.00% |█                                                                                                    |  0/1 Time: 0:00:252019-09-11 04:26:14,175 [grpc-default-executor-1] INFO  client.GrpcClientProtocolClient (GrpcClientProtocolClient.java:onNext(264)) - client-734BBEB428D7->a5e38e3e-c2ad-4348-acb9-3fc25cfb14dd: receive RaftClientReply:client-734BBEB428D7->a5e38e3e-c2ad-4348-acb9-3fc25cfb14dd@group-7000B19605CB, cid=3171, SUCCESS, logIndex=4772, commits[a5e38e3e-c2ad-4348-acb9-3fc25cfb14dd:c4773, 11e48d46-e648-47f9-b6a0-9c7f26654c28:c4771, d1b6a90e-e817-40a7-bec1-608b5cc7d8b6:c4771]
2019-09-11 04:26:14,176 [grpc-default-executor-1] INFO  client.GrpcClientProtocolClient (GrpcClientProtocolClient.java:onNext(264)) - client-734BBEB428D7->a5e38e3e-c2ad-4348-acb9-3fc25cfb14dd: receive RaftClientReply:client-734BBEB428D7->a5e38e3e-c2ad-4348-acb9-3fc25cfb14dd@group-7000B19605CB, cid=3172, SUCCESS, logIndex=4773, commits[a5e38e3e-c2ad-4348-acb9-3fc25cfb14dd:c4775, 11e48d46-e648-47f9-b6a0-9c7f26654c28:c4771, d1b6a90e-e817-40a7-bec1-608b5cc7d8b6:c4771]
2019-09-11 04:26:14,176 [grpc-default-executor-1] INFO  client.GrpcClientProtocolClient (GrpcClientProtocolClient.java:onNext(264)) - client-734BBEB428D7->a5e38e3e-c2ad-4348-acb9-3fc25cfb14dd: receive RaftClientReply:client-734BBEB428D7->a5e38e3e-c2ad-4348-acb9-3fc25cfb14dd@group-7000B19605CB, cid=3173, SUCCESS, logIndex=4774, commits[a5e38e3e-c2ad-4348-acb9-3fc25cfb14dd:c4775, 11e48d46-e648-47f9-b6a0-9c7f26654c28:c4771, d1b6a90e-e817-40a7-bec1-608b5cc7d8b6:c4771]
2019-09-11 04:26:14,176 [grpc-default-executor-1] INFO  client.GrpcClientProtocolClient (GrpcClientProtocolClient.java:onNext(264)) - client-734BBEB428D7->a5e38e3e-c2ad-4348-acb9-3fc25cfb14dd: receive RaftClientReply:client-734BBEB428D7->a5e38e3e-c2ad-4348-acb9-3fc25cfb14dd@group-7000B19605CB, cid=3174, SUCCESS, logIndex=4775, commits[a5e38e3e-c2ad-4348-acb9-3fc25cfb14dd:c4775, 11e48d46-e648-47f9-b6a0-9c7f26654c28:c4771, d1b6a90e-e817-40a7-bec1-608b5cc7d8b6:c4771]
2019-09-11 04:26:14,178 [grpc-default-executor-1] INFO  client.GrpcClientProtocolClient (GrpcClientProtocolClient.java:onNext(264)) - client-734BBEB428D7->a5e38e3e-c2ad-4348-acb9-3fc25cfb14dd: receive RaftClientReply:client-734BBEB428D7->a5e38e3e-c2ad-4348-acb9-3fc25cfb14dd@group-7000B19605CB, cid=3175, SUCCESS, logIndex=0, commits[a5e38e3e-c2ad-4348-acb9-3fc25cfb14dd:c4778, 11e48d46-e648-47f9-b6a0-9c7f26654c28:c4773, d1b6a90e-e817-40a7-bec1-608b5cc7d8b6:c4775]
2019-09-11 04:26:14,196 [grpc-default-executor-1] INFO  client.GrpcClientProtocolClient (GrpcClientProtocolClient.java:onNext(264)) - client-734BBEB428D7->a5e38e3e-c2ad-4348-acb9-3fc25cfb14dd: receive RaftClientReply:client-734BBEB428D7->a5e38e3e-c2ad-4348-acb9-3fc25cfb14dd@group-7000B19605CB, cid=3176, SUCCESS, logIndex=4779, commits[a5e38e3e-c2ad-4348-acb9-3fc25cfb14dd:c4780, 11e48d46-e648-47f9-b6a0-9c7f26654c28:c4778, d1b6a90e-e817-40a7-bec1-608b5cc7d8b6:c4778]
2019-09-11 04:26:14,197 [grpc-default-executor-1] INFO  client.GrpcClientProtocolClient (GrpcClientProtocolClient.java:onNext(264)) - client-734BBEB428D7->a5e38e3e-c2ad-4348-acb9-3fc25cfb14dd: receive RaftClientReply:client-734BBEB428D7->a5e38e3e-c2ad-4348-acb9-3fc25cfb14dd@group-7000B19605CB, cid=3177, SUCCESS, logIndex=4780, commits[a5e38e3e-c2ad-4348-acb9-3fc25cfb14dd:c4780, 11e48d46-e648-47f9-b6a0-9c7f26654c28:c4778, d1b6a90e-e817-40a7-bec1-608b5cc7d8b6:c4778]
2019-09-11 04:26:14,209 [grpc-default-executor-1] INFO  client.GrpcClientProtocolClient (GrpcClientProtocolClient.java:onNext(264)) - client-734BBEB428D7->a5e38e3e-c2ad-4348-acb9-3fc25cfb14dd: receive RaftClientReply:client-734BBEB428D7->a5e38e3e-c2ad-4348-acb9-3fc25cfb14dd@group-7000B19605CB, cid=3178, SUCCESS, logIndex=4783, commits[a5e38e3e-c2ad-4348-acb9-3fc25cfb14dd:c4783, 11e48d46-e648-47f9-b6a0-9c7f26654c28:c4780, d1b6a90e-e817-40a7-bec1-608b5cc7d8b6:c4780]
2019-09-11 04:26:14,209 [grpc-default-executor-1] INFO  client.GrpcClientProtocolClient (GrpcClientProtocolClient.java:onNext(264)) - client-734BBEB428D7->a5e38e3e-c2ad-4348-acb9-3fc25cfb14dd: receive RaftClientReply:client-734BBEB428D7->a5e38e3e-c2ad-4348-acb9-3fc25cfb14dd@group-7000B19605CB, cid=3179, SUCCESS, logIndex=4784, commits[a5e38e3e-c2ad-4348-acb9-3fc25cfb14dd:c4784, 11e48d46-e648-47f9-b6a0-9c7f26654c28:c4780, d1b6a90e-e817-40a7-bec1-608b5cc7d8b6:c4780]
2019-09-11 04:26:14,222 [grpc-default-executor-2] INFO  client.GrpcClientProtocolClient (GrpcClientProtocolClient.java:onNext(264)) - client-734BBEB428D7->a5e38e3e-c2ad-4348-acb9-3fc25cfb14dd: receive RaftClientReply:client-734BBEB428D7->a5e38e3e-c2ad-4348-acb9-3fc25cfb14dd@group-7000B19605CB, cid=3180, SUCCESS, logIndex=0, commits[a5e38e3e-c2ad-4348-acb9-3fc25cfb14dd:c4785, 11e48d46-e648-47f9-b6a0-9c7f26654c28:c4784, d1b6a90e-e817-40a7-bec1-608b5cc7d8b6:c4784]
2019-09-11 04:26:14,248 [grpc-default-executor-4] INFO  client.GrpcClientProtocolClient (GrpcClientProtocolClient.java:onNext(264)) - client-734BBEB428D7->a5e38e3e-c2ad-4348-acb9-3fc25cfb14dd: receive RaftClientReply:client-734BBEB428D7->a5e38e3e-c2ad-4348-acb9-3fc25cfb14dd@group-7000B19605CB, cid=3181, SUCCESS, logIndex=4787, commits[a5e38e3e-c2ad-4348-acb9-3fc25cfb14dd:c4788, 11e48d46-e648-47f9-b6a0-9c7f26654c28:c4786, d1b6a90e-e817-40a7-bec1-608b5cc7d8b6:c4786]
2019-09-11 04:26:14,857 [grpc-default-executor-4] INFO  client.GrpcClientProtocolClient (GrpcClientProtocolClient.java:onNext(264)) - client-734BBEB428D7->a5e38e3e-c2ad-4348-acb9-3fc25cfb14dd: receive RaftClientReply:client-734BBEB428D7->a5e38e3e-c2ad-4348-acb9-3fc25cfb14dd@group-7000B19605CB, cid=3182, SUCCESS, logIndex=4788, commits[a5e38e3e-c2ad-4348-acb9-3fc25cfb14dd:c4788, 11e48d46-e648-47f9-b6a0-9c7f26654c28:c4786, d1b6a90e-e817-40a7-bec1-608b5cc7d8b6:c4786]
2019-09-11 04:26:14,858 [grpc-default-executor-4] INFO  client.GrpcClientProtocolClient (GrpcClientProtocolClient.java:onNext(264)) - client-734BBEB428D7->a5e38e3e-c2ad-4348-acb9-3fc25cfb14dd: receive RaftClientReply:client-734BBEB428D7->a5e38e3e-c2ad-4348-acb9-3fc25cfb14dd@group-7000B19605CB, cid=3183, SUCCESS, logIndex=4789, commits[a5e38e3e-c2ad-4348-acb9-3fc25cfb14dd:c4790, 11e48d46-e648-47f9-b6a0-9c7f26654c28:c4786, d1b6a90e-e817-40a7-bec1-608b5cc7d8b6:c4786]
2019-09-11 04:26:14,858 [grpc-default-executor-4] INFO  client.GrpcClientProtocolClient (GrpcClientProtocolClient.java:onNext(264)) - client-734BBEB428D7->a5e38e3e-c2ad-4348-acb9-3fc25cfb14dd: receive RaftClientReply:client-734BBEB428D7->a5e38e3e-c2ad-4348-acb9-3fc25cfb14dd@group-7000B19605CB, cid=3184, SUCCESS, logIndex=4790, commits[a5e38e3e-c2ad-4348-acb9-3fc25cfb14dd:c4790, 11e48d46-e648-47f9-b6a0-9c7f26654c28:c4786, d1b6a90e-e817-40a7-bec1-608b5cc7d8b6:c4786]
2019-09-11 04:26:14,868 [grpc-default-executor-4] INFO  client.GrpcClientProtocolClient (GrpcClientProtocolClient.java:onNext(264)) - client-734BBEB428D7->a5e38e3e-c2ad-4348-acb9-3fc25cfb14dd: receive RaftClientReply:client-734BBEB428D7->a5e38e3e-c2ad-4348-acb9-3fc25cfb14dd@group-7000B19605CB, cid=3185, SUCCESS, logIndex=0, commits[a5e38e3e-c2ad-4348-acb9-3fc25cfb14dd:c4792, 11e48d46-e648-47f9-b6a0-9c7f26654c28:c4788, d1b6a90e-e817-40a7-bec1-608b5cc7d8b6:c4788]
2019-09-11 04:26:14,881 [grpc-default-executor-4] INFO  client.GrpcClientProtocolClient (GrpcClientProtocolClient.java:onNext(264)) - client-734BBEB428D7->a5e38e3e-c2ad-4348-acb9-3fc25cfb14dd: receive RaftClientReply:client-734BBEB428D7->a5e38e3e-c2ad-4348-acb9-3fc25cfb14dd@group-7000B19605CB, cid=3186, SUCCESS, logIndex=4795, commits[a5e38e3e-c2ad-4348-acb9-3fc25cfb14dd:c4796, 11e48d46-e648-47f9-b6a0-9c7f26654c28:c4792, d1b6a90e-e817-40a7-bec1-608b5cc7d8b6:c4790]
2019-09-11 04:26:14,881 [grpc-default-executor-4] INFO  client.GrpcClientProtocolClient (GrpcClientProtocolClient.java:onNext(264)) - client-734BBEB428D7->a5e38e3e-c2ad-4348-acb9-3fc25cfb14dd: receive RaftClientReply:client-734BBEB428D7->a5e38e3e-c2ad-4348-acb9-3fc25cfb14dd@group-7000B19605CB, cid=3187, SUCCESS, logIndex=4796, commits[a5e38e3e-c2ad-4348-acb9-3fc25cfb14dd:c4796, 11e48d46-e648-47f9-b6a0-9c7f26654c28:c4792, d1b6a90e-e817-40a7-bec1-608b5cc7d8b6:c4792]
2019-09-11 04:26:14,901 [grpc-default-executor-3] INFO  client.GrpcClientProtocolClient (GrpcClientProtocolClient.java:onNext(264)) - client-734BBEB428D7->a5e38e3e-c2ad-4348-acb9-3fc25cfb14dd: receive RaftClientReply:client-734BBEB428D7->a5e38e3e-c2ad-4348-acb9-3fc25cfb14dd@group-7000B19605CB, cid=3188, SUCCESS, logIndex=4799, commits[a5e38e3e-c2ad-4348-acb9-3fc25cfb14dd:c4800, 11e48d46-e648-47f9-b6a0-9c7f26654c28:c4798, d1b6a90e-e817-40a7-bec1-608b5cc7d8b6:c4798]
2019-09-11 04:26:14,901 [grpc-default-executor-3] INFO  client.GrpcClientProtocolClient (GrpcClientProtocolClient.java:onNext(264)) - client-734BBEB428D7->a5e38e3e-c2ad-4348-acb9-3fc25cfb14dd: receive RaftClientReply:client-734BBEB428D7->a5e38e3e-c2ad-4348-acb9-3fc25cfb14dd@group-7000B19605CB, cid=3189, SUCCESS, logIndex=4800, commits[a5e38e3e-c2ad-4348-acb9-3fc25cfb14dd:c4800, 11e48d46-e648-47f9-b6a0-9c7f26654c28:c4798, d1b6a90e-e817-40a7-bec1-608b5cc7d8b6:c4798]
2019-09-11 04:26:14,914 [grpc-default-executor-3] INFO  client.GrpcClientProtocolClient (GrpcClientProtocolClient.java:onNext(264)) - client-734BBEB428D7->a5e38e3e-c2ad-4348-acb9-3fc25cfb14dd: receive RaftClientReply:client-734BBEB428D7->a5e38e3e-c2ad-4348-acb9-3fc25cfb14dd@group-7000B19605CB, cid=3190, SUCCESS, logIndex=0, commits[a5e38e3e-c2ad-4348-acb9-3fc25cfb14dd:c4802, 11e48d46-e648-47f9-b6a0-9c7f26654c28:c4800, d1b6a90e-e817-40a7-bec1-608b5cc7d8b6:c4800]
2019-09-11 04:26:14,955 [grpc-default-executor-2] INFO  client.GrpcClientProtocolClient (GrpcClientProtocolClient.java:onNext(264)) - client-734BBEB428D7->a5e38e3e-c2ad-4348-acb9-3fc25cfb14dd: receive RaftClientReply:client-734BBEB428D7->a5e38e3e-c2ad-4348-acb9-3fc25cfb14dd@group-7000B19605CB, cid=3191, SUCCESS, logIndex=4803, commits[a5e38e3e-c2ad-4348-acb9-3fc25cfb14dd:c4804, 11e48d46-e648-47f9-b6a0-9c7f26654c28:c4802, d1b6a90e-e817-40a7-bec1-608b5cc7d8b6:c4802]
2019-09-11 04:26:14,955 [grpc-default-executor-2] INFO  client.GrpcClientProtocolClient (GrpcClientProtocolClient.java:onNext(264)) - client-734BBEB428D7->a5e38e3e-c2ad-4348-acb9-3fc25cfb14dd: receive RaftClientReply:client-734BBEB428D7->a5e38e3e-c2ad-4348-acb9-3fc25cfb14dd@group-7000B19605CB, cid=3192, SUCCESS, logIndex=4804, commits[a5e38e3e-c2ad-4348-acb9-3fc25cfb14dd:c4804, 11e48d46-e648-47f9-b6a0-9c7f26654c28:c4802, d1b6a90e-e817-40a7-bec1-608b5cc7d8b6:c4802]
2019-09-11 04:26:14,958 [grpc-default-executor-1] INFO  client.GrpcClientProtocolClient (GrpcClientProtocolClient.java:onNext(264)) - client-734BBEB428D7->a5e38e3e-c2ad-4348-acb9-3fc25cfb14dd: receive RaftClientReply:client-734BBEB428D7->a5e38e3e-c2ad-4348-acb9-3fc25cfb14dd@group-7000B19605CB, cid=3193, SUCCESS, logIndex=4805, commits[a5e38e3e-c2ad-4348-acb9-3fc25cfb14dd:c4806, 11e48d46-e648-47f9-b6a0-9c7f26654c28:c4802, d1b6a90e-e817-40a7-bec1-608b5cc7d8b6:c4802]
2019-09-11 04:26:14,958 [grpc-default-executor-2] INFO  client.GrpcClientProtocolClient (GrpcClientProtocolClient.java:onNext(264)) - client-734BBEB428D7->a5e38e3e-c2ad-4348-acb9-3fc25cfb14dd: receive RaftClientReply:client-734BBEB428D7->a5e38e3e-c2ad-4348-acb9-3fc25cfb14dd@group-7000B19605CB, cid=3194, SUCCESS, logIndex=4806, commits[a5e38e3e-c2ad-4348-acb9-3fc25cfb14dd:c4806, 11e48d46-e648-47f9-b6a0-9c7f26654c28:c4802, d1b6a90e-e817-40a7-bec1-608b5cc7d8b6:c4802]
2019-09-11 04:26:14,969 [grpc-default-executor-2] INFO  client.GrpcClientProtocolClient (GrpcClientProtocolClient.java:onNext(264)) - client-734BBEB428D7->a5e38e3e-c2ad-4348-acb9-3fc25cfb14dd: receive RaftClientReply:client-734BBEB428D7->a5e38e3e-c2ad-4348-acb9-3fc25cfb14dd@group-7000B19605CB, cid=3195, SUCCESS, logIndex=0, commits[a5e38e3e-c2ad-4348-acb9-3fc25cfb14dd:c4809, 11e48d46-e648-47f9-b6a0-9c7f26654c28:c4806, d1b6a90e-e817-40a7-bec1-608b5cc7d8b6:c4804]
2019-09-11 04:26:14,987 [grpc-default-executor-2] INFO  client.GrpcClientProtocolClient (GrpcClientProtocolClient.java:onNext(264)) - client-734BBEB428D7->a5e38e3e-c2ad-4348-acb9-3fc25cfb14dd: receive RaftClientReply:client-734BBEB428D7->a5e38e3e-c2ad-4348-acb9-3fc25cfb14dd@group-7000B19605CB, cid=3196, SUCCESS, logIndex=4811, commits[a5e38e3e-c2ad-4348-acb9-3fc25cfb14dd:c4812, 11e48d46-e648-47f9-b6a0-9c7f26654c28:c4810, d1b6a90e-e817-40a7-bec1-608b5cc7d8b6:c4810]
2019-09-11 04:26:14,988 [grpc-default-executor-2] INFO  client.GrpcClientProtocolClient (GrpcClientProtocolClient.java:onNext(264)) - client-734BBEB428D7->a5e38e3e-c2ad-4348-acb9-3fc25cfb14dd: receive RaftClientReply:client-734BBEB428D7->a5e38e3e-c2ad-4348-acb9-3fc25cfb14dd@group-7000B19605CB, cid=3197, SUCCESS, logIndex=4812, commits[a5e38e3e-c2ad-4348-acb9-3fc25cfb14dd:c4812, 11e48d46-e648-47f9-b6a0-9c7f26654c28:c4810, d1b6a90e-e817-40a7-bec1-608b5cc7d8b6:c4810]
2019-09-11 04:26:15,000 [grpc-default-executor-2] INFO  client.GrpcClientProtocolClient (GrpcClientProtocolClient.java:onNext(264)) - client-734BBEB428D7->a5e38e3e-c2ad-4348-acb9-3fc25cfb14dd: receive RaftClientReply:client-734BBEB428D7->a5e38e3e-c2ad-4348-acb9-3fc25cfb14dd@group-7000B19605CB, cid=3198, SUCCESS, logIndex=4815, commits[a5e38e3e-c2ad-4348-acb9-3fc25cfb14dd:c4816, 11e48d46-e648-47f9-b6a0-9c7f26654c28:c4812, d1b6a90e-e817-40a7-bec1-608b5cc7d8b6:c4812]
2019-09-11 04:26:15,001 [grpc-default-executor-2] INFO  client.GrpcClientProtocolClient (GrpcClientProtocolClient.java:onNext(264)) - client-734BBEB428D7->a5e38e3e-c2ad-4348-acb9-3fc25cfb14dd: receive RaftClientReply:client-734BBEB428D7->a5e38e3e-c2ad-4348-acb9-3fc25cfb14dd@group-7000B19605CB, cid=3199, SUCCESS, logIndex=4816, commits[a5e38e3e-c2ad-4348-acb9-3fc25cfb14dd:c4816, 11e48d46-e648-47f9-b6a0-9c7f26654c28:c4812, d1b6a90e-e817-40a7-bec1-608b5cc7d8b6:c4812]
2019-09-11 04:26:15,013 [grpc-default-executor-1] INFO  client.GrpcClientProtocolClient (GrpcClientProtocolClient.java:onNext(264)) - client-734BBEB428D7->a5e38e3e-c2ad-4348-acb9-3fc25cfb14dd: receive RaftClientReply:client-734BBEB428D7->a5e38e3e-c2ad-4348-acb9-3fc25cfb14dd@group-7000B19605CB, cid=3200, SUCCESS, logIndex=0, commits[a5e38e3e-c2ad-4348-acb9-3fc25cfb14dd:c4818, 11e48d46-e648-47f9-b6a0-9c7f26654c28:c4816, d1b6a90e-e817-40a7-bec1-608b5cc7d8b6:c4816]
2019-09-11 04:26:15,048 [grpc-default-executor-3] INFO  client.GrpcClientProtocolClient (GrpcClientProtocolClient.java:onNext(264)) - client-734BBEB428D7->a5e38e3e-c2ad-4348-acb9-3fc25cfb14dd: receive RaftClientReply:client-734BBEB428D7->a5e38e3e-c2ad-4348-acb9-3fc25cfb14dd@group-7000B19605CB, cid=3201, SUCCESS, logIndex=4819, commits[a5e38e3e-c2ad-4348-acb9-3fc25cfb14dd:c4820, 11e48d46-e648-47f9-b6a0-9c7f26654c28:c4818, d1b6a90e-e817-40a7-bec1-608b5cc7d8b6:c4818]
2019-09-11 04:26:15,049 [grpc-default-executor-3] INFO  client.GrpcClientProtocolClient (GrpcClientProtocolClient.java:onNext(264)) - client-734BBEB428D7->a5e38e3e-c2ad-4348-acb9-3fc25cfb14dd: receive RaftClientReply:client-734BBEB428D7->a5e38e3e-c2ad-4348-acb9-3fc25cfb14dd@group-7000B19605CB, cid=3202, SUCCESS, logIndex=4820, commits[a5e38e3e-c2ad-4348-acb9-3fc25cfb14dd:c4822, 11e48d46-e648-47f9-b6a0-9c7f26654c28:c4818, d1b6a90e-e817-40a7-bec1-608b5cc7d8b6:c4818]
2019-09-11 04:26:15,049 [grpc-default-executor-3] INFO  client.GrpcClientProtocolClient (GrpcClientProtocolClient.java:onNext(264)) - client-734BBEB428D7->a5e38e3e-c2ad-4348-acb9-3fc25cfb14dd: receive RaftClientReply:client-734BBEB428D7->a5e38e3e-c2ad-4348-acb9-3fc25cfb14dd@group-7000B19605CB, cid=3203, SUCCESS, logIndex=4821, commits[a5e38e3e-c2ad-4348-acb9-3fc25cfb14dd:c4822, 11e48d46-e648-47f9-b6a0-9c7f26654c28:c4818, d1b6a90e-e817-40a7-bec1-608b5cc7d8b6:c4818]
2019-09-11 04:26:15,050 [grpc-default-executor-2] INFO  client.GrpcClientProtocolClient (GrpcClientProtocolClient.java:onNext(264)) - client-734BBEB428D7->a5e38e3e-c2ad-4348-acb9-3fc25cfb14dd: receive RaftClientReply:client-734BBEB428D7->a5e38e3e-c2ad-4348-acb9-3fc25cfb14dd@group-7000B19605CB, cid=3204, SUCCESS, logIndex=4822, commits[a5e38e3e-c2ad-4348-acb9-3fc25cfb14dd:c4822, 11e48d46-e648-47f9-b6a0-9c7f26654c28:c4818, d1b6a90e-e817-40a7-bec1-608b5cc7d8b6:c4818]
2019-09-11 04:26:15,051 [grpc-default-executor-2] INFO  client.GrpcClientProtocolClient (GrpcClientProtocolClient.java:onNext(264)) - client-734BBEB428D7->a5e38e3e-c2ad-4348-acb9-3fc25cfb14dd: receive RaftClientReply:client-734BBEB428D7->a5e38e3e-c2ad-4348-acb9-3fc25cfb14dd@group-7000B19605CB, cid=3205, SUCCESS, logIndex=0, commits[a5e38e3e-c2ad-4348-acb9-3fc25cfb14dd:c4826, 11e48d46-e648-47f9-b6a0-9c7f26654c28:c4821, d1b6a90e-e817-40a7-bec1-608b5cc7d8b6:c4822]
2019-09-11 04:26:15,068 [grpc-default-executor-2] INFO  client.GrpcClientProtocolClient (GrpcClientProtocolClient.java:onNext(264)) - client-734BBEB428D7->a5e38e3e-c2ad-4348-acb9-3fc25cfb14dd: receive RaftClientReply:client-734BBEB428D7->a5e38e3e-c2ad-4348-acb9-3fc25cfb14dd@group-7000B19605CB, cid=3206, SUCCESS, logIndex=4827, commits[a5e38e3e-c2ad-4348-acb9-3fc25cfb14dd:c4828, 11e48d46-e648-47f9-b6a0-9c7f26654c28:c4826, d1b6a90e-e817-40a7-bec1-608b5cc7d8b6:c4826]
2019-09-11 04:26:15,068 [grpc-default-executor-2] INFO  client.GrpcClientProtocolClient (GrpcClientProtocolClient.java:onNext(264)) - client-734BBEB428D7->a5e38e3e-c2ad-4348-acb9-3fc25cfb14dd: receive RaftClientReply:client-734BBEB428D7->a5e38e3e-c2ad-4348-acb9-3fc25cfb14dd@group-7000B19605CB, cid=3207, SUCCESS, logIndex=4828, commits[a5e38e3e-c2ad-4348-acb9-3fc25cfb14dd:c4828, 11e48d46-e648-47f9-b6a0-9c7f26654c28:c4826, d1b6a90e-e817-40a7-bec1-608b5cc7d8b6:c4826]
2019-09-11 04:26:15,079 [grpc-default-executor-2] INFO  client.GrpcClientProtocolClient (GrpcClientProtocolClient.java:onNext(264)) - client-734BBEB428D7->a5e38e3e-c2ad-4348-acb9-3fc25cfb14dd: receive RaftClientReply:client-734BBEB428D7->a5e38e3e-c2ad-4348-acb9-3fc25cfb14dd@group-7000B19605CB, cid=3208, SUCCESS, logIndex=4831, commits[a5e38e3e-c2ad-4348-acb9-3fc25cfb14dd:c4832, 11e48d46-e648-47f9-b6a0-9c7f26654c28:c4828, d1b6a90e-e817-40a7-bec1-608b5cc7d8b6:c4828]
2019-09-11 04:26:15,079 [grpc-default-executor-2] INFO  client.GrpcClientProtocolClient (GrpcClientProtocolClient.java:onNext(264)) - client-734BBEB428D7->a5e38e3e-c2ad-4348-acb9-3fc25cfb14dd: receive RaftClientReply:client-734BBEB428D7->a5e38e3e-c2ad-4348-acb9-3fc25cfb14dd@group-7000B19605CB, cid=3209, SUCCESS, logIndex=4832, commits[a5e38e3e-c2ad-4348-acb9-3fc25cfb14dd:c4832, 11e48d46-e648-47f9-b6a0-9c7f26654c28:c4828, d1b6a90e-e817-40a7-bec1-608b5cc7d8b6:c4828]
2019-09-11 04:26:15,090 [grpc-default-executor-3] INFO  client.GrpcClientProtocolClient (GrpcClientProtocolClient.java:onNext(264)) - client-734BBEB428D7->a5e38e3e-c2ad-4348-acb9-3fc25cfb14dd: receive RaftClientReply:client-734BBEB428D7->a5e38e3e-c2ad-4348-acb9-3fc25cfb14dd@group-7000B19605CB, cid=3210, SUCCESS, logIndex=0, commits[a5e38e3e-c2ad-4348-acb9-3fc25cfb14dd:c4834, 11e48d46-e648-47f9-b6a0-9c7f26654c28:c4832, d1b6a90e-e817-40a7-bec1-608b5cc7d8b6:c4832]
2019-09-11 04:26:15,117 [grpc-default-executor-1] INFO  client.GrpcClientProtocolClient (GrpcClientProtocolClient.java:onNext(264)) - client-734BBEB428D7->a5e38e3e-c2ad-4348-acb9-3fc25cfb14dd: receive RaftClientReply:client-734BBEB428D7->a5e38e3e-c2ad-4348-acb9-3fc25cfb14dd@group-7000B19605CB, cid=3211, SUCCESS, logIndex=4835, commits[a5e38e3e-c2ad-4348-acb9-3fc25cfb14dd:c4836, 11e48d46-e648-47f9-b6a0-9c7f26654c28:c4834, d1b6a90e-e817-40a7-bec1-608b5cc7d8b6:c4834]
2019-09-11 04:26:15,117 [grpc-default-executor-1] INFO  client.GrpcClientProtocolClient (GrpcClientProtocolClient.java:onNext(264)) - client-734BBEB428D7->a5e38e3e-c2ad-4348-acb9-3fc25cfb14dd: receive RaftClientReply:client-734BBEB428D7->a5e38e3e-c2ad-4348-acb9-3fc25cfb14dd@group-7000B19605CB, cid=3212, SUCCESS, logIndex=4836, commits[a5e38e3e-c2ad-4348-acb9-3fc25cfb14dd:c4836, 11e48d46-e648-47f9-b6a0-9c7f26654c28:c4834, d1b6a90e-e817-40a7-bec1-608b5cc7d8b6:c4834]
2019-09-11 04:26:15,118 [grpc-default-executor-1] INFO  client.GrpcClientProtocolClient (GrpcClientProtocolClient.java:onNext(264)) - client-734BBEB428D7->a5e38e3e-c2ad-4348-acb9-3fc25cfb14dd: receive RaftClientReply:client-734BBEB428D7->a5e38e3e-c2ad-4348-acb9-3fc25cfb14dd@group-7000B19605CB, cid=3213, SUCCESS, logIndex=4837, commits[a5e38e3e-c2ad-4348-acb9-3fc25cfb14dd:c4838, 11e48d46-e648-47f9-b6a0-9c7f26654c28:c4834, d1b6a90e-e817-40a7-bec1-608b5cc7d8b6:c4834]
2019-09-11 04:26:15,118 [grpc-default-executor-1] INFO  client.GrpcClientProtocolClient (GrpcClientProtocolClient.java:onNext(264)) - client-734BBEB428D7->a5e38e3e-c2ad-4348-acb9-3fc25cfb14dd: receive RaftClientReply:client-734BBEB428D7->a5e38e3e-c2ad-4348-acb9-3fc25cfb14dd@group-7000B19605CB, cid=3214, SUCCESS, logIndex=4838, commits[a5e38e3e-c2ad-4348-acb9-3fc25cfb14dd:c4838, 11e48d46-e648-47f9-b6a0-9c7f26654c28:c4834, d1b6a90e-e817-40a7-bec1-608b5cc7d8b6:c4834]
2019-09-11 04:26:15,120 [grpc-default-executor-1] INFO  client.GrpcClientProtocolClient (GrpcClientProtocolClient.java:onNext(264)) - client-734BBEB428D7->a5e38e3e-c2ad-4348-acb9-3fc25cfb14dd: receive RaftClientReply:client-734BBEB428D7->a5e38e3e-c2ad-4348-acb9-3fc25cfb14dd@group-7000B19605CB, cid=3215, SUCCESS, logIndex=0, commits[a5e38e3e-c2ad-4348-acb9-3fc25cfb14dd:c4840, 11e48d46-e648-47f9-b6a0-9c7f26654c28:c4836, d1b6a90e-e817-40a7-bec1-608b5cc7d8b6:c4836]
2019-09-11 04:26:15,152 [grpc-default-executor-4] INFO  client.GrpcClientProtocolClient (GrpcClientProtocolClient.java:onNext(264)) - client-734BBEB428D7->a5e38e3e-c2ad-4348-acb9-3fc25cfb14dd: receive RaftClientReply:client-734BBEB428D7->a5e38e3e-c2ad-4348-acb9-3fc25cfb14dd@group-7000B19605CB, cid=3216, SUCCESS, logIndex=4843, commits[a5e38e3e-c2ad-4348-acb9-3fc25cfb14dd:c4844, 11e48d46-e648-47f9-b6a0-9c7f26654c28:c4842, d1b6a90e-e817-40a7-bec1-608b5cc7d8b6:c4838]
2019-09-11 04:26:15,153 [grpc-default-executor-4] INFO  client.GrpcClientProtocolClient (GrpcClientProtocolClient.java:onNext(264)) - client-734BBEB428D7->a5e38e3e-c2ad-4348-acb9-3fc25cfb14dd: receive RaftClientReply:client-734BBEB428D7->a5e38e3e-c2ad-4348-acb9-3fc25cfb14dd@group-7000B19605CB, cid=3217, SUCCESS, logIndex=4844, commits[a5e38e3e-c2ad-4348-acb9-3fc25cfb14dd:c4844, 11e48d46-e648-47f9-b6a0-9c7f26654c28:c4842, d1b6a90e-e817-40a7-bec1-608b5cc7d8b6:c4842]
2019-09-11 04:26:15,165 [grpc-default-executor-1] INFO  client.GrpcClientProtocolClient (GrpcClientProtocolClient.java:onNext(264)) - client-734BBEB428D7->a5e38e3e-c2ad-4348-acb9-3fc25cfb14dd: receive RaftClientReply:client-734BBEB428D7->a5e38e3e-c2ad-4348-acb9-3fc25cfb14dd@group-7000B19605CB, cid=3218, SUCCESS, logIndex=4846, commits[a5e38e3e-c2ad-4348-acb9-3fc25cfb14dd:c4847, 11e48d46-e648-47f9-b6a0-9c7f26654c28:c4844, d1b6a90e-e817-40a7-bec1-608b5cc7d8b6:c4844]
2019-09-11 04:26:15,166 [grpc-default-executor-1] INFO  client.GrpcClientProtocolClient (GrpcClientProtocolClient.java:onNext(264)) - client-734BBEB428D7->a5e38e3e-c2ad-4348-acb9-3fc25cfb14dd: receive RaftClientReply:client-734BBEB428D7->a5e38e3e-c2ad-4348-acb9-3fc25cfb14dd@group-7000B19605CB, cid=3219, SUCCESS, logIndex=4847, commits[a5e38e3e-c2ad-4348-acb9-3fc25cfb14dd:c4847, 11e48d46-e648-47f9-b6a0-9c7f26654c28:c4844, d1b6a90e-e817-40a7-bec1-608b5cc7d8b6:c4844]
2019-09-11 04:26:15,169 [grpc-default-executor-4] INFO  client.GrpcClientProtocolClient (GrpcClientProtocolClient.java:onNext(264)) - client-734BBEB428D7->a5e38e3e-c2ad-4348-acb9-3fc25cfb14dd: receive RaftClientReply:client-734BBEB428D7->a5e38e3e-c2ad-4348-acb9-3fc25cfb14dd@group-7000B19605CB, cid=3220, SUCCESS, logIndex=0, commits[a5e38e3e-c2ad-4348-acb9-3fc25cfb14dd:c4849, 11e48d46-e648-47f9-b6a0-9c7f26654c28:c4847, d1b6a90e-e817-40a7-bec1-608b5cc7d8b6:c4847]
 0.00% |█                                                                                                    |  0/1 Time: 0:00:262019-09-11 04:26:15,201 [grpc-default-executor-3] INFO  client.GrpcClientProtocolClient (GrpcClientProtocolClient.java:onNext(264)) - client-734BBEB428D7->a5e38e3e-c2ad-4348-acb9-3fc25cfb14dd: receive RaftClientReply:client-734BBEB428D7->a5e38e3e-c2ad-4348-acb9-3fc25cfb14dd@group-7000B19605CB, cid=3221, SUCCESS, logIndex=4850, commits[a5e38e3e-c2ad-4348-acb9-3fc25cfb14dd:c4852, 11e48d46-e648-47f9-b6a0-9c7f26654c28:c4849, d1b6a90e-e817-40a7-bec1-608b5cc7d8b6:c4849]
2019-09-11 04:26:15,201 [grpc-default-executor-3] INFO  client.GrpcClientProtocolClient (GrpcClientProtocolClient.java:onNext(264)) - client-734BBEB428D7->a5e38e3e-c2ad-4348-acb9-3fc25cfb14dd: receive RaftClientReply:client-734BBEB428D7->a5e38e3e-c2ad-4348-acb9-3fc25cfb14dd@group-7000B19605CB, cid=3222, SUCCESS, logIndex=4851, commits[a5e38e3e-c2ad-4348-acb9-3fc25cfb14dd:c4853, 11e48d46-e648-47f9-b6a0-9c7f26654c28:c4849, d1b6a90e-e817-40a7-bec1-608b5cc7d8b6:c4849]
2019-09-11 04:26:15,202 [grpc-default-executor-3] INFO  client.GrpcClientProtocolClient (GrpcClientProtocolClient.java:onNext(264)) - client-734BBEB428D7->a5e38e3e-c2ad-4348-acb9-3fc25cfb14dd: receive RaftClientReply:client-734BBEB428D7->a5e38e3e-c2ad-4348-acb9-3fc25cfb14dd@group-7000B19605CB, cid=3223, SUCCESS, logIndex=4852, commits[a5e38e3e-c2ad-4348-acb9-3fc25cfb14dd:c4853, 11e48d46-e648-47f9-b6a0-9c7f26654c28:c4849, d1b6a90e-e817-40a7-bec1-608b5cc7d8b6:c4849]
2019-09-11 04:26:15,202 [grpc-default-executor-3] INFO  client.GrpcClientProtocolClient (GrpcClientProtocolClient.java:onNext(264)) - client-734BBEB428D7->a5e38e3e-c2ad-4348-acb9-3fc25cfb14dd: receive RaftClientReply:client-734BBEB428D7->a5e38e3e-c2ad-4348-acb9-3fc25cfb14dd@group-7000B19605CB, cid=3224, SUCCESS, logIndex=4853, commits[a5e38e3e-c2ad-4348-acb9-3fc25cfb14dd:c4853, 11e48d46-e648-47f9-b6a0-9c7f26654c28:c4849, d1b6a90e-e817-40a7-bec1-608b5cc7d8b6:c4849]
2019-09-11 04:26:15,213 [grpc-default-executor-3] INFO  client.GrpcClientProtocolClient (GrpcClientProtocolClient.java:onNext(264)) - client-734BBEB428D7->a5e38e3e-c2ad-4348-acb9-3fc25cfb14dd: receive RaftClientReply:client-734BBEB428D7->a5e38e3e-c2ad-4348-acb9-3fc25cfb14dd@group-7000B19605CB, cid=3225, SUCCESS, logIndex=0, commits[a5e38e3e-c2ad-4348-acb9-3fc25cfb14dd:c4855, 11e48d46-e648-47f9-b6a0-9c7f26654c28:c4851, d1b6a90e-e817-40a7-bec1-608b5cc7d8b6:c4851]
2019-09-11 04:26:15,234 [grpc-default-executor-3] INFO  client.GrpcClientProtocolClient (GrpcClientProtocolClient.java:onNext(264)) - client-734BBEB428D7->a5e38e3e-c2ad-4348-acb9-3fc25cfb14dd: receive RaftClientReply:client-734BBEB428D7->a5e38e3e-c2ad-4348-acb9-3fc25cfb14dd@group-7000B19605CB, cid=3226, SUCCESS, logIndex=4858, commits[a5e38e3e-c2ad-4348-acb9-3fc25cfb14dd:c4859, 11e48d46-e648-47f9-b6a0-9c7f26654c28:c4857, d1b6a90e-e817-40a7-bec1-608b5cc7d8b6:c4857]
2019-09-11 04:26:15,234 [grpc-default-executor-3] INFO  client.GrpcClientProtocolClient (GrpcClientProtocolClient.java:onNext(264)) - client-734BBEB428D7->a5e38e3e-c2ad-4348-acb9-3fc25cfb14dd: receive RaftClientReply:client-734BBEB428D7->a5e38e3e-c2ad-4348-acb9-3fc25cfb14dd@group-7000B19605CB, cid=3227, SUCCESS, logIndex=4859, commits[a5e38e3e-c2ad-4348-acb9-3fc25cfb14dd:c4859, 11e48d46-e648-47f9-b6a0-9c7f26654c28:c4857, d1b6a90e-e817-40a7-bec1-608b5cc7d8b6:c4857]
2019-09-11 04:26:15,247 [grpc-default-executor-3] INFO  client.GrpcClientProtocolClient (GrpcClientProtocolClient.java:onNext(264)) - client-734BBEB428D7->a5e38e3e-c2ad-4348-acb9-3fc25cfb14dd: receive RaftClientReply:client-734BBEB428D7->a5e38e3e-c2ad-4348-acb9-3fc25cfb14dd@group-7000B19605CB, cid=3228, SUCCESS, logIndex=4862, commits[a5e38e3e-c2ad-4348-acb9-3fc25cfb14dd:c4863, 11e48d46-e648-47f9-b6a0-9c7f26654c28:c4859, d1b6a90e-e817-40a7-bec1-608b5cc7d8b6:c4859]
2019-09-11 04:26:15,248 [grpc-default-executor-3] INFO  client.GrpcClientProtocolClient (GrpcClientProtocolClient.java:onNext(264)) - client-734BBEB428D7->a5e38e3e-c2ad-4348-acb9-3fc25cfb14dd: receive RaftClientReply:client-734BBEB428D7->a5e38e3e-c2ad-4348-acb9-3fc25cfb14dd@group-7000B19605CB, cid=3229, SUCCESS, logIndex=4863, commits[a5e38e3e-c2ad-4348-acb9-3fc25cfb14dd:c4863, 11e48d46-e648-47f9-b6a0-9c7f26654c28:c4859, d1b6a90e-e817-40a7-bec1-608b5cc7d8b6:c4859]
2019-09-11 04:26:15,259 [grpc-default-executor-3] INFO  client.GrpcClientProtocolClient (GrpcClientProtocolClient.java:onNext(264)) - client-734BBEB428D7->a5e38e3e-c2ad-4348-acb9-3fc25cfb14dd: receive RaftClientReply:client-734BBEB428D7->a5e38e3e-c2ad-4348-acb9-3fc25cfb14dd@group-7000B19605CB, cid=3230, SUCCESS, logIndex=0, commits[a5e38e3e-c2ad-4348-acb9-3fc25cfb14dd:c4864, 11e48d46-e648-47f9-b6a0-9c7f26654c28:c4863, d1b6a90e-e817-40a7-bec1-608b5cc7d8b6:c4863]
2019-09-11 04:26:15,286 [grpc-default-executor-4] INFO  client.GrpcClientProtocolClient (GrpcClientProtocolClient.java:onNext(264)) - client-734BBEB428D7->a5e38e3e-c2ad-4348-acb9-3fc25cfb14dd: receive RaftClientReply:client-734BBEB428D7->a5e38e3e-c2ad-4348-acb9-3fc25cfb14dd@group-7000B19605CB, cid=3231, SUCCESS, logIndex=4865, commits[a5e38e3e-c2ad-4348-acb9-3fc25cfb14dd:c4865, 11e48d46-e648-47f9-b6a0-9c7f26654c28:c4864, d1b6a90e-e817-40a7-bec1-608b5cc7d8b6:c4864]
2019-09-11 04:26:15,286 [grpc-default-executor-4] INFO  client.GrpcClientProtocolClient (GrpcClientProtocolClient.java:onNext(264)) - client-734BBEB428D7->a5e38e3e-c2ad-4348-acb9-3fc25cfb14dd: receive RaftClientReply:client-734BBEB428D7->a5e38e3e-c2ad-4348-acb9-3fc25cfb14dd@group-7000B19605CB, cid=3232, SUCCESS, logIndex=4866, commits[a5e38e3e-c2ad-4348-acb9-3fc25cfb14dd:c4866, 11e48d46-e648-47f9-b6a0-9c7f26654c28:c4864, d1b6a90e-e817-40a7-bec1-608b5cc7d8b6:c4864]
2019-09-11 04:26:15,287 [grpc-default-executor-1] INFO  client.GrpcClientProtocolClient (GrpcClientProtocolClient.java:onNext(264)) - client-734BBEB428D7->a5e38e3e-c2ad-4348-acb9-3fc25cfb14dd: receive RaftClientReply:client-734BBEB428D7->a5e38e3e-c2ad-4348-acb9-3fc25cfb14dd@group-7000B19605CB, cid=3233, SUCCESS, logIndex=4867, commits[a5e38e3e-c2ad-4348-acb9-3fc25cfb14dd:c4868, 11e48d46-e648-47f9-b6a0-9c7f26654c28:c4864, d1b6a90e-e817-40a7-bec1-608b5cc7d8b6:c4864]
2019-09-11 04:26:15,287 [grpc-default-executor-1] INFO  client.GrpcClientProtocolClient (GrpcClientProtocolClient.java:onNext(264)) - client-734BBEB428D7->a5e38e3e-c2ad-4348-acb9-3fc25cfb14dd: receive RaftClientReply:client-734BBEB428D7->a5e38e3e-c2ad-4348-acb9-3fc25cfb14dd@group-7000B19605CB, cid=3234, SUCCESS, logIndex=4868, commits[a5e38e3e-c2ad-4348-acb9-3fc25cfb14dd:c4868, 11e48d46-e648-47f9-b6a0-9c7f26654c28:c4864, d1b6a90e-e817-40a7-bec1-608b5cc7d8b6:c4864]
2019-09-11 04:26:15,289 [grpc-default-executor-1] INFO  client.GrpcClientProtocolClient (GrpcClientProtocolClient.java:onNext(264)) - client-734BBEB428D7->a5e38e3e-c2ad-4348-acb9-3fc25cfb14dd: receive RaftClientReply:client-734BBEB428D7->a5e38e3e-c2ad-4348-acb9-3fc25cfb14dd@group-7000B19605CB, cid=3235, SUCCESS, logIndex=0, commits[a5e38e3e-c2ad-4348-acb9-3fc25cfb14dd:c4870, 11e48d46-e648-47f9-b6a0-9c7f26654c28:c4866, d1b6a90e-e817-40a7-bec1-608b5cc7d8b6:c4866]
2019-09-11 04:26:15,307 [grpc-default-executor-4] INFO  client.GrpcClientProtocolClient (GrpcClientProtocolClient.java:onNext(264)) - client-734BBEB428D7->a5e38e3e-c2ad-4348-acb9-3fc25cfb14dd: receive RaftClientReply:client-734BBEB428D7->a5e38e3e-c2ad-4348-acb9-3fc25cfb14dd@group-7000B19605CB, cid=3236, SUCCESS, logIndex=4873, commits[a5e38e3e-c2ad-4348-acb9-3fc25cfb14dd:c4874, 11e48d46-e648-47f9-b6a0-9c7f26654c28:c4872, d1b6a90e-e817-40a7-bec1-608b5cc7d8b6:c4872]
2019-09-11 04:26:15,307 [grpc-default-executor-4] INFO  client.GrpcClientProtocolClient (GrpcClientProtocolClient.java:onNext(264)) - client-734BBEB428D7->a5e38e3e-c2ad-4348-acb9-3fc25cfb14dd: receive RaftClientReply:client-734BBEB428D7->a5e38e3e-c2ad-4348-acb9-3fc25cfb14dd@group-7000B19605CB, cid=3237, SUCCESS, logIndex=4874, commits[a5e38e3e-c2ad-4348-acb9-3fc25cfb14dd:c4874, 11e48d46-e648-47f9-b6a0-9c7f26654c28:c4872, d1b6a90e-e817-40a7-bec1-608b5cc7d8b6:c4872]
2019-09-11 04:26:15,320 [grpc-default-executor-4] INFO  client.GrpcClientProtocolClient (GrpcClientProtocolClient.java:onNext(264)) - client-734BBEB428D7->a5e38e3e-c2ad-4348-acb9-3fc25cfb14dd: receive RaftClientReply:client-734BBEB428D7->a5e38e3e-c2ad-4348-acb9-3fc25cfb14dd@group-7000B19605CB, cid=3238, SUCCESS, logIndex=4877, commits[a5e38e3e-c2ad-4348-acb9-3fc25cfb14dd:c4877, 11e48d46-e648-47f9-b6a0-9c7f26654c28:c4874, d1b6a90e-e817-40a7-bec1-608b5cc7d8b6:c4874]
2019-09-11 04:26:15,321 [grpc-default-executor-4] INFO  client.GrpcClientProtocolClient (GrpcClientProtocolClient.java:onNext(264)) - client-734BBEB428D7->a5e38e3e-c2ad-4348-acb9-3fc25cfb14dd: receive RaftClientReply:client-734BBEB428D7->a5e38e3e-c2ad-4348-acb9-3fc25cfb14dd@group-7000B19605CB, cid=3239, SUCCESS, logIndex=4878, commits[a5e38e3e-c2ad-4348-acb9-3fc25cfb14dd:c4878, 11e48d46-e648-47f9-b6a0-9c7f26654c28:c4874, d1b6a90e-e817-40a7-bec1-608b5cc7d8b6:c4874]
2019-09-11 04:26:15,334 [grpc-default-executor-3] INFO  client.GrpcClientProtocolClient (GrpcClientProtocolClient.java:onNext(264)) - client-734BBEB428D7->a5e38e3e-c2ad-4348-acb9-3fc25cfb14dd: receive RaftClientReply:client-734BBEB428D7->a5e38e3e-c2ad-4348-acb9-3fc25cfb14dd@group-7000B19605CB, cid=3240, SUCCESS, logIndex=0, commits[a5e38e3e-c2ad-4348-acb9-3fc25cfb14dd:c4879, 11e48d46-e648-47f9-b6a0-9c7f26654c28:c4878, d1b6a90e-e817-40a7-bec1-608b5cc7d8b6:c4878]
2019-09-11 04:26:15,361 [grpc-default-executor-4] INFO  client.GrpcClientProtocolClient (GrpcClientProtocolClient.java:onNext(264)) - client-734BBEB428D7->a5e38e3e-c2ad-4348-acb9-3fc25cfb14dd: receive RaftClientReply:client-734BBEB428D7->a5e38e3e-c2ad-4348-acb9-3fc25cfb14dd@group-7000B19605CB, cid=3241, SUCCESS, logIndex=4881, commits[a5e38e3e-c2ad-4348-acb9-3fc25cfb14dd:c4882, 11e48d46-e648-47f9-b6a0-9c7f26654c28:c4880, d1b6a90e-e817-40a7-bec1-608b5cc7d8b6:c4880]
2019-09-11 04:26:15,362 [grpc-default-executor-1] INFO  client.GrpcClientProtocolClient (GrpcClientProtocolClient.java:onNext(264)) - client-734BBEB428D7->a5e38e3e-c2ad-4348-acb9-3fc25cfb14dd: receive RaftClientReply:client-734BBEB428D7->a5e38e3e-c2ad-4348-acb9-3fc25cfb14dd@group-7000B19605CB, cid=3242, SUCCESS, logIndex=4882, commits[a5e38e3e-c2ad-4348-acb9-3fc25cfb14dd:c4882, 11e48d46-e648-47f9-b6a0-9c7f26654c28:c4880, d1b6a90e-e817-40a7-bec1-608b5cc7d8b6:c4880]
2019-09-11 04:26:15,362 [grpc-default-executor-1] INFO  client.GrpcClientProtocolClient (GrpcClientProtocolClient.java:onNext(264)) - client-734BBEB428D7->a5e38e3e-c2ad-4348-acb9-3fc25cfb14dd: receive RaftClientReply:client-734BBEB428D7->a5e38e3e-c2ad-4348-acb9-3fc25cfb14dd@group-7000B19605CB, cid=3243, SUCCESS, logIndex=4883, commits[a5e38e3e-c2ad-4348-acb9-3fc25cfb14dd:c4883, 11e48d46-e648-47f9-b6a0-9c7f26654c28:c4880, d1b6a90e-e817-40a7-bec1-608b5cc7d8b6:c4880]
2019-09-11 04:26:15,362 [grpc-default-executor-1] INFO  client.GrpcClientProtocolClient (GrpcClientProtocolClient.java:onNext(264)) - client-734BBEB428D7->a5e38e3e-c2ad-4348-acb9-3fc25cfb14dd: receive RaftClientReply:client-734BBEB428D7->a5e38e3e-c2ad-4348-acb9-3fc25cfb14dd@group-7000B19605CB, cid=3244, SUCCESS, logIndex=4884, commits[a5e38e3e-c2ad-4348-acb9-3fc25cfb14dd:c4884, 11e48d46-e648-47f9-b6a0-9c7f26654c28:c4880, d1b6a90e-e817-40a7-bec1-608b5cc7d8b6:c4880]
2019-09-11 04:26:15,364 [grpc-default-executor-4] INFO  client.GrpcClientProtocolClient (GrpcClientProtocolClient.java:onNext(264)) - client-734BBEB428D7->a5e38e3e-c2ad-4348-acb9-3fc25cfb14dd: receive RaftClientReply:client-734BBEB428D7->a5e38e3e-c2ad-4348-acb9-3fc25cfb14dd@group-7000B19605CB, cid=3245, SUCCESS, logIndex=0, commits[a5e38e3e-c2ad-4348-acb9-3fc25cfb14dd:c4886, 11e48d46-e648-47f9-b6a0-9c7f26654c28:c4882, d1b6a90e-e817-40a7-bec1-608b5cc7d8b6:c4882]
2019-09-11 04:26:15,382 [grpc-default-executor-4] INFO  client.GrpcClientProtocolClient (GrpcClientProtocolClient.java:onNext(264)) - client-734BBEB428D7->a5e38e3e-c2ad-4348-acb9-3fc25cfb14dd: receive RaftClientReply:client-734BBEB428D7->a5e38e3e-c2ad-4348-acb9-3fc25cfb14dd@group-7000B19605CB, cid=3246, SUCCESS, logIndex=4889, commits[a5e38e3e-c2ad-4348-acb9-3fc25cfb14dd:c4890, 11e48d46-e648-47f9-b6a0-9c7f26654c28:c4888, d1b6a90e-e817-40a7-bec1-608b5cc7d8b6:c4888]
2019-09-11 04:26:15,382 [grpc-default-executor-4] INFO  client.GrpcClientProtocolClient (GrpcClientProtocolClient.java:onNext(264)) - client-734BBEB428D7->a5e38e3e-c2ad-4348-acb9-3fc25cfb14dd: receive RaftClientReply:client-734BBEB428D7->a5e38e3e-c2ad-4348-acb9-3fc25cfb14dd@group-7000B19605CB, cid=3247, SUCCESS, logIndex=4890, commits[a5e38e3e-c2ad-4348-acb9-3fc25cfb14dd:c4890, 11e48d46-e648-47f9-b6a0-9c7f26654c28:c4888, d1b6a90e-e817-40a7-bec1-608b5cc7d8b6:c4888]
2019-09-11 04:26:15,394 [grpc-default-executor-4] INFO  client.GrpcClientProtocolClient (GrpcClientProtocolClient.java:onNext(264)) - client-734BBEB428D7->a5e38e3e-c2ad-4348-acb9-3fc25cfb14dd: receive RaftClientReply:client-734BBEB428D7->a5e38e3e-c2ad-4348-acb9-3fc25cfb14dd@group-7000B19605CB, cid=3248, SUCCESS, logIndex=4893, commits[a5e38e3e-c2ad-4348-acb9-3fc25cfb14dd:c4894, 11e48d46-e648-47f9-b6a0-9c7f26654c28:c4890, d1b6a90e-e817-40a7-bec1-608b5cc7d8b6:c4890]
2019-09-11 04:26:15,395 [grpc-default-executor-4] INFO  client.GrpcClientProtocolClient (GrpcClientProtocolClient.java:onNext(264)) - client-734BBEB428D7->a5e38e3e-c2ad-4348-acb9-3fc25cfb14dd: receive RaftClientReply:client-734BBEB428D7->a5e38e3e-c2ad-4348-acb9-3fc25cfb14dd@group-7000B19605CB, cid=3249, SUCCESS, logIndex=4894, commits[a5e38e3e-c2ad-4348-acb9-3fc25cfb14dd:c4894, 11e48d46-e648-47f9-b6a0-9c7f26654c28:c4890, d1b6a90e-e817-40a7-bec1-608b5cc7d8b6:c4890]
2019-09-11 04:26:15,407 [grpc-default-executor-4] INFO  client.GrpcClientProtocolClient (GrpcClientProtocolClient.java:onNext(264)) - client-734BBEB428D7->a5e38e3e-c2ad-4348-acb9-3fc25cfb14dd: receive RaftClientReply:client-734BBEB428D7->a5e38e3e-c2ad-4348-acb9-3fc25cfb14dd@group-7000B19605CB, cid=3250, SUCCESS, logIndex=0, commits[a5e38e3e-c2ad-4348-acb9-3fc25cfb14dd:c4895, 11e48d46-e648-47f9-b6a0-9c7f26654c28:c4894, d1b6a90e-e817-40a7-bec1-608b5cc7d8b6:c4894]
2019-09-11 04:26:15,434 [grpc-default-executor-2] INFO  client.GrpcClientProtocolClient (GrpcClientProtocolClient.java:onNext(264)) - client-734BBEB428D7->a5e38e3e-c2ad-4348-acb9-3fc25cfb14dd: receive RaftClientReply:client-734BBEB428D7->a5e38e3e-c2ad-4348-acb9-3fc25cfb14dd@group-7000B19605CB, cid=3251, SUCCESS, logIndex=4897, commits[a5e38e3e-c2ad-4348-acb9-3fc25cfb14dd:c4898, 11e48d46-e648-47f9-b6a0-9c7f26654c28:c4896, d1b6a90e-e817-40a7-bec1-608b5cc7d8b6:c4896]
2019-09-11 04:26:15,435 [grpc-default-executor-2] INFO  client.GrpcClientProtocolClient (GrpcClientProtocolClient.java:onNext(264)) - client-734BBEB428D7->a5e38e3e-c2ad-4348-acb9-3fc25cfb14dd: receive RaftClientReply:client-734BBEB428D7->a5e38e3e-c2ad-4348-acb9-3fc25cfb14dd@group-7000B19605CB, cid=3252, SUCCESS, logIndex=4898, commits[a5e38e3e-c2ad-4348-acb9-3fc25cfb14dd:c4898, 11e48d46-e648-47f9-b6a0-9c7f26654c28:c4896, d1b6a90e-e817-40a7-bec1-608b5cc7d8b6:c4896]
2019-09-11 04:26:15,436 [grpc-default-executor-4] INFO  client.GrpcClientProtocolClient (GrpcClientProtocolClient.java:onNext(264)) - client-734BBEB428D7->a5e38e3e-c2ad-4348-acb9-3fc25cfb14dd: receive RaftClientReply:client-734BBEB428D7->a5e38e3e-c2ad-4348-acb9-3fc25cfb14dd@group-7000B19605CB, cid=3253, SUCCESS, logIndex=4899, commits[a5e38e3e-c2ad-4348-acb9-3fc25cfb14dd:c4900, 11e48d46-e648-47f9-b6a0-9c7f26654c28:c4896, d1b6a90e-e817-40a7-bec1-608b5cc7d8b6:c4896]
2019-09-11 04:26:15,436 [grpc-default-executor-4] INFO  client.GrpcClientProtocolClient (GrpcClientProtocolClient.java:onNext(264)) - client-734BBEB428D7->a5e38e3e-c2ad-4348-acb9-3fc25cfb14dd: receive RaftClientReply:client-734BBEB428D7->a5e38e3e-c2ad-4348-acb9-3fc25cfb14dd@group-7000B19605CB, cid=3254, SUCCESS, logIndex=4900, commits[a5e38e3e-c2ad-4348-acb9-3fc25cfb14dd:c4900, 11e48d46-e648-47f9-b6a0-9c7f26654c28:c4896, d1b6a90e-e817-40a7-bec1-608b5cc7d8b6:c4896]
2019-09-11 04:26:15,437 [grpc-default-executor-2] INFO  client.GrpcClientProtocolClient (GrpcClientProtocolClient.java:onNext(264)) - client-734BBEB428D7->a5e38e3e-c2ad-4348-acb9-3fc25cfb14dd: receive RaftClientReply:client-734BBEB428D7->a5e38e3e-c2ad-4348-acb9-3fc25cfb14dd@group-7000B19605CB, cid=3255, SUCCESS, logIndex=0, commits[a5e38e3e-c2ad-4348-acb9-3fc25cfb14dd:c4902, 11e48d46-e648-47f9-b6a0-9c7f26654c28:c4898, d1b6a90e-e817-40a7-bec1-608b5cc7d8b6:c4898]
2019-09-11 04:26:15,457 [grpc-default-executor-1] INFO  client.GrpcClientProtocolClient (GrpcClientProtocolClient.java:onNext(264)) - client-734BBEB428D7->a5e38e3e-c2ad-4348-acb9-3fc25cfb14dd: receive RaftClientReply:client-734BBEB428D7->a5e38e3e-c2ad-4348-acb9-3fc25cfb14dd@group-7000B19605CB, cid=3256, SUCCESS, logIndex=4905, commits[a5e38e3e-c2ad-4348-acb9-3fc25cfb14dd:c4906, 11e48d46-e648-47f9-b6a0-9c7f26654c28:c4904, d1b6a90e-e817-40a7-bec1-608b5cc7d8b6:c4904]
2019-09-11 04:26:15,457 [grpc-default-executor-1] INFO  client.GrpcClientProtocolClient (GrpcClientProtocolClient.java:onNext(264)) - client-734BBEB428D7->a5e38e3e-c2ad-4348-acb9-3fc25cfb14dd: receive RaftClientReply:client-734BBEB428D7->a5e38e3e-c2ad-4348-acb9-3fc25cfb14dd@group-7000B19605CB, cid=3257, SUCCESS, logIndex=4906, commits[a5e38e3e-c2ad-4348-acb9-3fc25cfb14dd:c4906, 11e48d46-e648-47f9-b6a0-9c7f26654c28:c4904, d1b6a90e-e817-40a7-bec1-608b5cc7d8b6:c4904]
2019-09-11 04:26:15,470 [grpc-default-executor-2] INFO  client.GrpcClientProtocolClient (GrpcClientProtocolClient.java:onNext(264)) - client-734BBEB428D7->a5e38e3e-c2ad-4348-acb9-3fc25cfb14dd: receive RaftClientReply:client-734BBEB428D7->a5e38e3e-c2ad-4348-acb9-3fc25cfb14dd@group-7000B19605CB, cid=3258, SUCCESS, logIndex=4909, commits[a5e38e3e-c2ad-4348-acb9-3fc25cfb14dd:c4910, 11e48d46-e648-47f9-b6a0-9c7f26654c28:c4906, d1b6a90e-e817-40a7-bec1-608b5cc7d8b6:c4906]
2019-09-11 04:26:15,470 [grpc-default-executor-2] INFO  client.GrpcClientProtocolClient (GrpcClientProtocolClient.java:onNext(264)) - client-734BBEB428D7->a5e38e3e-c2ad-4348-acb9-3fc25cfb14dd: receive RaftClientReply:client-734BBEB428D7->a5e38e3e-c2ad-4348-acb9-3fc25cfb14dd@group-7000B19605CB, cid=3259, SUCCESS, logIndex=4910, commits[a5e38e3e-c2ad-4348-acb9-3fc25cfb14dd:c4910, 11e48d46-e648-47f9-b6a0-9c7f26654c28:c4906, d1b6a90e-e817-40a7-bec1-608b5cc7d8b6:c4906]
2019-09-11 04:26:15,481 [grpc-default-executor-2] INFO  client.GrpcClientProtocolClient (GrpcClientProtocolClient.java:onNext(264)) - client-734BBEB428D7->a5e38e3e-c2ad-4348-acb9-3fc25cfb14dd: receive RaftClientReply:client-734BBEB428D7->a5e38e3e-c2ad-4348-acb9-3fc25cfb14dd@group-7000B19605CB, cid=3260, SUCCESS, logIndex=0, commits[a5e38e3e-c2ad-4348-acb9-3fc25cfb14dd:c4911, 11e48d46-e648-47f9-b6a0-9c7f26654c28:c4910, d1b6a90e-e817-40a7-bec1-608b5cc7d8b6:c4910]
2019-09-11 04:26:15,509 [grpc-default-executor-1] INFO  client.GrpcClientProtocolClient (GrpcClientProtocolClient.java:onNext(264)) - client-734BBEB428D7->a5e38e3e-c2ad-4348-acb9-3fc25cfb14dd: receive RaftClientReply:client-734BBEB428D7->a5e38e3e-c2ad-4348-acb9-3fc25cfb14dd@group-7000B19605CB, cid=3261, SUCCESS, logIndex=4913, commits[a5e38e3e-c2ad-4348-acb9-3fc25cfb14dd:c4914, 11e48d46-e648-47f9-b6a0-9c7f26654c28:c4912, d1b6a90e-e817-40a7-bec1-608b5cc7d8b6:c4912]
2019-09-11 04:26:15,522 [grpc-default-executor-1] INFO  client.GrpcClientProtocolClient (GrpcClientProtocolClient.java:onNext(264)) - client-734BBEB428D7->a5e38e3e-c2ad-4348-acb9-3fc25cfb14dd: receive RaftClientReply:client-734BBEB428D7->a5e38e3e-c2ad-4348-acb9-3fc25cfb14dd@group-7000B19605CB, cid=3262, SUCCESS, logIndex=4914, commits[a5e38e3e-c2ad-4348-acb9-3fc25cfb14dd:c4914, 11e48d46-e648-47f9-b6a0-9c7f26654c28:c4912, d1b6a90e-e817-40a7-bec1-608b5cc7d8b6:c4912]
2019-09-11 04:26:15,547 [grpc-default-executor-4] INFO  client.GrpcClientProtocolClient (GrpcClientProtocolClient.java:onNext(264)) - client-734BBEB428D7->a5e38e3e-c2ad-4348-acb9-3fc25cfb14dd: receive RaftClientReply:client-734BBEB428D7->a5e38e3e-c2ad-4348-acb9-3fc25cfb14dd@group-7000B19605CB, cid=3263, SUCCESS, logIndex=4915, commits[a5e38e3e-c2ad-4348-acb9-3fc25cfb14dd:c4916, 11e48d46-e648-47f9-b6a0-9c7f26654c28:c4912, d1b6a90e-e817-40a7-bec1-608b5cc7d8b6:c4912]
2019-09-11 04:26:15,548 [grpc-default-executor-4] INFO  client.GrpcClientProtocolClient (GrpcClientProtocolClient.java:onNext(264)) - client-734BBEB428D7->a5e38e3e-c2ad-4348-acb9-3fc25cfb14dd: receive RaftClientReply:client-734BBEB428D7->a5e38e3e-c2ad-4348-acb9-3fc25cfb14dd@group-7000B19605CB, cid=3264, SUCCESS, logIndex=4916, commits[a5e38e3e-c2ad-4348-acb9-3fc25cfb14dd:c4916, 11e48d46-e648-47f9-b6a0-9c7f26654c28:c4912, d1b6a90e-e817-40a7-bec1-608b5cc7d8b6:c4912]
2019-09-11 04:26:15,558 [grpc-default-executor-2] INFO  client.GrpcClientProtocolClient (GrpcClientProtocolClient.java:onNext(264)) - client-734BBEB428D7->a5e38e3e-c2ad-4348-acb9-3fc25cfb14dd: receive RaftClientReply:client-734BBEB428D7->a5e38e3e-c2ad-4348-acb9-3fc25cfb14dd@group-7000B19605CB, cid=3265, SUCCESS, logIndex=0, commits[a5e38e3e-c2ad-4348-acb9-3fc25cfb14dd:c4918, 11e48d46-e648-47f9-b6a0-9c7f26654c28:c4914, d1b6a90e-e817-40a7-bec1-608b5cc7d8b6:c4914]
2019-09-11 04:26:15,578 [grpc-default-executor-4] INFO  client.GrpcClientProtocolClient (GrpcClientProtocolClient.java:onNext(264)) - client-734BBEB428D7->a5e38e3e-c2ad-4348-acb9-3fc25cfb14dd: receive RaftClientReply:client-734BBEB428D7->a5e38e3e-c2ad-4348-acb9-3fc25cfb14dd@group-7000B19605CB, cid=3266, SUCCESS, logIndex=4921, commits[a5e38e3e-c2ad-4348-acb9-3fc25cfb14dd:c4922, 11e48d46-e648-47f9-b6a0-9c7f26654c28:c4920, d1b6a90e-e817-40a7-bec1-608b5cc7d8b6:c4920]
2019-09-11 04:26:15,578 [grpc-default-executor-4] INFO  client.GrpcClientProtocolClient (GrpcClientProtocolClient.java:onNext(264)) - client-734BBEB428D7->a5e38e3e-c2ad-4348-acb9-3fc25cfb14dd: receive RaftClientReply:client-734BBEB428D7->a5e38e3e-c2ad-4348-acb9-3fc25cfb14dd@group-7000B19605CB, cid=3267, SUCCESS, logIndex=4922, commits[a5e38e3e-c2ad-4348-acb9-3fc25cfb14dd:c4922, 11e48d46-e648-47f9-b6a0-9c7f26654c28:c4920, d1b6a90e-e817-40a7-bec1-608b5cc7d8b6:c4920]
2019-09-11 04:26:15,679 [grpc-default-executor-1] INFO  client.GrpcClientProtocolClient (GrpcClientProtocolClient.java:onNext(264)) - client-734BBEB428D7->a5e38e3e-c2ad-4348-acb9-3fc25cfb14dd: receive RaftClientReply:client-734BBEB428D7->a5e38e3e-c2ad-4348-acb9-3fc25cfb14dd@group-7000B19605CB, cid=3268, SUCCESS, logIndex=4925, commits[a5e38e3e-c2ad-4348-acb9-3fc25cfb14dd:c4926, 11e48d46-e648-47f9-b6a0-9c7f26654c28:c4923, d1b6a90e-e817-40a7-bec1-608b5cc7d8b6:c4922]
2019-09-11 04:26:15,680 [grpc-default-executor-1] INFO  client.GrpcClientProtocolClient (GrpcClientProtocolClient.java:onNext(264)) - client-734BBEB428D7->a5e38e3e-c2ad-4348-acb9-3fc25cfb14dd: receive RaftClientReply:client-734BBEB428D7->a5e38e3e-c2ad-4348-acb9-3fc25cfb14dd@group-7000B19605CB, cid=3269, SUCCESS, logIndex=4926, commits[a5e38e3e-c2ad-4348-acb9-3fc25cfb14dd:c4926, 11e48d46-e648-47f9-b6a0-9c7f26654c28:c4923, d1b6a90e-e817-40a7-bec1-608b5cc7d8b6:c4923]
2019-09-11 04:26:15,683 [grpc-default-executor-1] INFO  client.GrpcClientProtocolClient (GrpcClientProtocolClient.java:onNext(264)) - client-734BBEB428D7->a5e38e3e-c2ad-4348-acb9-3fc25cfb14dd: receive RaftClientReply:client-734BBEB428D7->a5e38e3e-c2ad-4348-acb9-3fc25cfb14dd@group-7000B19605CB, cid=3270, SUCCESS, logIndex=0, commits[a5e38e3e-c2ad-4348-acb9-3fc25cfb14dd:c4928, 11e48d46-e648-47f9-b6a0-9c7f26654c28:c4926, d1b6a90e-e817-40a7-bec1-608b5cc7d8b6:c4926]
2019-09-11 04:26:15,714 [grpc-default-executor-4] INFO  client.GrpcClientProtocolClient (GrpcClientProtocolClient.java:onNext(264)) - client-734BBEB428D7->a5e38e3e-c2ad-4348-acb9-3fc25cfb14dd: receive RaftClientReply:client-734BBEB428D7->a5e38e3e-c2ad-4348-acb9-3fc25cfb14dd@group-7000B19605CB, cid=3271, SUCCESS, logIndex=4929, commits[a5e38e3e-c2ad-4348-acb9-3fc25cfb14dd:c4930, 11e48d46-e648-47f9-b6a0-9c7f26654c28:c4928, d1b6a90e-e817-40a7-bec1-608b5cc7d8b6:c4928]
2019-09-11 04:26:15,715 [grpc-default-executor-1] INFO  client.GrpcClientProtocolClient (GrpcClientProtocolClient.java:onNext(264)) - client-734BBEB428D7->a5e38e3e-c2ad-4348-acb9-3fc25cfb14dd: receive RaftClientReply:client-734BBEB428D7->a5e38e3e-c2ad-4348-acb9-3fc25cfb14dd@group-7000B19605CB, cid=3272, SUCCESS, logIndex=4930, commits[a5e38e3e-c2ad-4348-acb9-3fc25cfb14dd:c4930, 11e48d46-e648-47f9-b6a0-9c7f26654c28:c4928, d1b6a90e-e817-40a7-bec1-608b5cc7d8b6:c4928]
2019-09-11 04:26:15,716 [grpc-default-executor-1] INFO  client.GrpcClientProtocolClient (GrpcClientProtocolClient.java:onNext(264)) - client-734BBEB428D7->a5e38e3e-c2ad-4348-acb9-3fc25cfb14dd: receive RaftClientReply:client-734BBEB428D7->a5e38e3e-c2ad-4348-acb9-3fc25cfb14dd@group-7000B19605CB, cid=3273, SUCCESS, logIndex=4931, commits[a5e38e3e-c2ad-4348-acb9-3fc25cfb14dd:c4932, 11e48d46-e648-47f9-b6a0-9c7f26654c28:c4928, d1b6a90e-e817-40a7-bec1-608b5cc7d8b6:c4928]
2019-09-11 04:26:15,716 [grpc-default-executor-1] INFO  client.GrpcClientProtocolClient (GrpcClientProtocolClient.java:onNext(264)) - client-734BBEB428D7->a5e38e3e-c2ad-4348-acb9-3fc25cfb14dd: receive RaftClientReply:client-734BBEB428D7->a5e38e3e-c2ad-4348-acb9-3fc25cfb14dd@group-7000B19605CB, cid=3274, SUCCESS, logIndex=4932, commits[a5e38e3e-c2ad-4348-acb9-3fc25cfb14dd:c4932, 11e48d46-e648-47f9-b6a0-9c7f26654c28:c4928, d1b6a90e-e817-40a7-bec1-608b5cc7d8b6:c4928]
2019-09-11 04:26:15,717 [grpc-default-executor-1] INFO  client.GrpcClientProtocolClient (GrpcClientProtocolClient.java:onNext(264)) - client-734BBEB428D7->a5e38e3e-c2ad-4348-acb9-3fc25cfb14dd: receive RaftClientReply:client-734BBEB428D7->a5e38e3e-c2ad-4348-acb9-3fc25cfb14dd@group-7000B19605CB, cid=3275, SUCCESS, logIndex=0, commits[a5e38e3e-c2ad-4348-acb9-3fc25cfb14dd:c4934, 11e48d46-e648-47f9-b6a0-9c7f26654c28:c4930, d1b6a90e-e817-40a7-bec1-608b5cc7d8b6:c4930]
2019-09-11 04:26:15,736 [grpc-default-executor-2] INFO  client.GrpcClientProtocolClient (GrpcClientProtocolClient.java:onNext(264)) - client-734BBEB428D7->a5e38e3e-c2ad-4348-acb9-3fc25cfb14dd: receive RaftClientReply:client-734BBEB428D7->a5e38e3e-c2ad-4348-acb9-3fc25cfb14dd@group-7000B19605CB, cid=3276, SUCCESS, logIndex=4937, commits[a5e38e3e-c2ad-4348-acb9-3fc25cfb14dd:c4937, 11e48d46-e648-47f9-b6a0-9c7f26654c28:c4936, d1b6a90e-e817-40a7-bec1-608b5cc7d8b6:c4936]
2019-09-11 04:26:15,737 [grpc-default-executor-2] INFO  client.GrpcClientProtocolClient (GrpcClientProtocolClient.java:onNext(264)) - client-734BBEB428D7->a5e38e3e-c2ad-4348-acb9-3fc25cfb14dd: receive RaftClientReply:client-734BBEB428D7->a5e38e3e-c2ad-4348-acb9-3fc25cfb14dd@group-7000B19605CB, cid=3277, SUCCESS, logIndex=4938, commits[a5e38e3e-c2ad-4348-acb9-3fc25cfb14dd:c4938, 11e48d46-e648-47f9-b6a0-9c7f26654c28:c4936, d1b6a90e-e817-40a7-bec1-608b5cc7d8b6:c4936]
2019-09-11 04:26:15,749 [grpc-default-executor-3] INFO  client.GrpcClientProtocolClient (GrpcClientProtocolClient.java:onNext(264)) - client-734BBEB428D7->a5e38e3e-c2ad-4348-acb9-3fc25cfb14dd: receive RaftClientReply:client-734BBEB428D7->a5e38e3e-c2ad-4348-acb9-3fc25cfb14dd@group-7000B19605CB, cid=3278, SUCCESS, logIndex=4941, commits[a5e38e3e-c2ad-4348-acb9-3fc25cfb14dd:c4941, 11e48d46-e648-47f9-b6a0-9c7f26654c28:c4938, d1b6a90e-e817-40a7-bec1-608b5cc7d8b6:c4938]
2019-09-11 04:26:15,750 [grpc-default-executor-3] INFO  client.GrpcClientProtocolClient (GrpcClientProtocolClient.java:onNext(264)) - client-734BBEB428D7->a5e38e3e-c2ad-4348-acb9-3fc25cfb14dd: receive RaftClientReply:client-734BBEB428D7->a5e38e3e-c2ad-4348-acb9-3fc25cfb14dd@group-7000B19605CB, cid=3279, SUCCESS, logIndex=4942, commits[a5e38e3e-c2ad-4348-acb9-3fc25cfb14dd:c4942, 11e48d46-e648-47f9-b6a0-9c7f26654c28:c4938, d1b6a90e-e817-40a7-bec1-608b5cc7d8b6:c4938]
2019-09-11 04:26:15,763 [grpc-default-executor-3] INFO  client.GrpcClientProtocolClient (GrpcClientProtocolClient.java:onNext(264)) - client-734BBEB428D7->a5e38e3e-c2ad-4348-acb9-3fc25cfb14dd: receive RaftClientReply:client-734BBEB428D7->a5e38e3e-c2ad-4348-acb9-3fc25cfb14dd@group-7000B19605CB, cid=3280, SUCCESS, logIndex=0, commits[a5e38e3e-c2ad-4348-acb9-3fc25cfb14dd:c4943, 11e48d46-e648-47f9-b6a0-9c7f26654c28:c4942, d1b6a90e-e817-40a7-bec1-608b5cc7d8b6:c4942]
2019-09-11 04:26:15,793 [grpc-default-executor-2] INFO  client.GrpcClientProtocolClient (GrpcClientProtocolClient.java:onNext(264)) - client-734BBEB428D7->a5e38e3e-c2ad-4348-acb9-3fc25cfb14dd: receive RaftClientReply:client-734BBEB428D7->a5e38e3e-c2ad-4348-acb9-3fc25cfb14dd@group-7000B19605CB, cid=3281, SUCCESS, logIndex=4945, commits[a5e38e3e-c2ad-4348-acb9-3fc25cfb14dd:c4946, 11e48d46-e648-47f9-b6a0-9c7f26654c28:c4944, d1b6a90e-e817-40a7-bec1-608b5cc7d8b6:c4944]
2019-09-11 04:26:15,794 [grpc-default-executor-1] INFO  client.GrpcClientProtocolClient (GrpcClientProtocolClient.java:onNext(264)) - client-734BBEB428D7->a5e38e3e-c2ad-4348-acb9-3fc25cfb14dd: receive RaftClientReply:client-734BBEB428D7->a5e38e3e-c2ad-4348-acb9-3fc25cfb14dd@group-7000B19605CB, cid=3282, SUCCESS, logIndex=4946, commits[a5e38e3e-c2ad-4348-acb9-3fc25cfb14dd:c4946, 11e48d46-e648-47f9-b6a0-9c7f26654c28:c4944, d1b6a90e-e817-40a7-bec1-608b5cc7d8b6:c4944]
2019-09-11 04:26:15,795 [grpc-default-executor-1] INFO  client.GrpcClientProtocolClient (GrpcClientProtocolClient.java:onNext(264)) - client-734BBEB428D7->a5e38e3e-c2ad-4348-acb9-3fc25cfb14dd: receive RaftClientReply:client-734BBEB428D7->a5e38e3e-c2ad-4348-acb9-3fc25cfb14dd@group-7000B19605CB, cid=3283, SUCCESS, logIndex=4947, commits[a5e38e3e-c2ad-4348-acb9-3fc25cfb14dd:c4947, 11e48d46-e648-47f9-b6a0-9c7f26654c28:c4944, d1b6a90e-e817-40a7-bec1-608b5cc7d8b6:c4944]
2019-09-11 04:26:15,795 [grpc-default-executor-1] INFO  client.GrpcClientProtocolClient (GrpcClientProtocolClient.java:onNext(264)) - client-734BBEB428D7->a5e38e3e-c2ad-4348-acb9-3fc25cfb14dd: receive RaftClientReply:client-734BBEB428D7->a5e38e3e-c2ad-4348-acb9-3fc25cfb14dd@group-7000B19605CB, cid=3284, SUCCESS, logIndex=4948, commits[a5e38e3e-c2ad-4348-acb9-3fc25cfb14dd:c4948, 11e48d46-e648-47f9-b6a0-9c7f26654c28:c4944, d1b6a90e-e817-40a7-bec1-608b5cc7d8b6:c4944]
2019-09-11 04:26:15,796 [grpc-default-executor-1] INFO  client.GrpcClientProtocolClient (GrpcClientProtocolClient.java:onNext(264)) - client-734BBEB428D7->a5e38e3e-c2ad-4348-acb9-3fc25cfb14dd: receive RaftClientReply:client-734BBEB428D7->a5e38e3e-c2ad-4348-acb9-3fc25cfb14dd@group-7000B19605CB, cid=3285, SUCCESS, logIndex=0, commits[a5e38e3e-c2ad-4348-acb9-3fc25cfb14dd:c4950, 11e48d46-e648-47f9-b6a0-9c7f26654c28:c4946, d1b6a90e-e817-40a7-bec1-608b5cc7d8b6:c4946]
2019-09-11 04:26:15,814 [grpc-default-executor-2] INFO  client.GrpcClientProtocolClient (GrpcClientProtocolClient.java:onNext(264)) - client-734BBEB428D7->a5e38e3e-c2ad-4348-acb9-3fc25cfb14dd: receive RaftClientReply:client-734BBEB428D7->a5e38e3e-c2ad-4348-acb9-3fc25cfb14dd@group-7000B19605CB, cid=3286, SUCCESS, logIndex=4953, commits[a5e38e3e-c2ad-4348-acb9-3fc25cfb14dd:c4954, 11e48d46-e648-47f9-b6a0-9c7f26654c28:c4952, d1b6a90e-e817-40a7-bec1-608b5cc7d8b6:c4952]
2019-09-11 04:26:15,814 [grpc-default-executor-2] INFO  client.GrpcClientProtocolClient (GrpcClientProtocolClient.java:onNext(264)) - client-734BBEB428D7->a5e38e3e-c2ad-4348-acb9-3fc25cfb14dd: receive RaftClientReply:client-734BBEB428D7->a5e38e3e-c2ad-4348-acb9-3fc25cfb14dd@group-7000B19605CB, cid=3287, SUCCESS, logIndex=4954, commits[a5e38e3e-c2ad-4348-acb9-3fc25cfb14dd:c4954, 11e48d46-e648-47f9-b6a0-9c7f26654c28:c4952, d1b6a90e-e817-40a7-bec1-608b5cc7d8b6:c4952]
2019-09-11 04:26:15,827 [grpc-default-executor-2] INFO  client.GrpcClientProtocolClient (GrpcClientProtocolClient.java:onNext(264)) - client-734BBEB428D7->a5e38e3e-c2ad-4348-acb9-3fc25cfb14dd: receive RaftClientReply:client-734BBEB428D7->a5e38e3e-c2ad-4348-acb9-3fc25cfb14dd@group-7000B19605CB, cid=3288, SUCCESS, logIndex=4957, commits[a5e38e3e-c2ad-4348-acb9-3fc25cfb14dd:c4958, 11e48d46-e648-47f9-b6a0-9c7f26654c28:c4954, d1b6a90e-e817-40a7-bec1-608b5cc7d8b6:c4954]
2019-09-11 04:26:15,828 [grpc-default-executor-2] INFO  client.GrpcClientProtocolClient (GrpcClientProtocolClient.java:onNext(264)) - client-734BBEB428D7->a5e38e3e-c2ad-4348-acb9-3fc25cfb14dd: receive RaftClientReply:client-734BBEB428D7->a5e38e3e-c2ad-4348-acb9-3fc25cfb14dd@group-7000B19605CB, cid=3289, SUCCESS, logIndex=4958, commits[a5e38e3e-c2ad-4348-acb9-3fc25cfb14dd:c4958, 11e48d46-e648-47f9-b6a0-9c7f26654c28:c4954, d1b6a90e-e817-40a7-bec1-608b5cc7d8b6:c4954]
2019-09-11 04:26:15,840 [grpc-default-executor-1] INFO  client.GrpcClientProtocolClient (GrpcClientProtocolClient.java:onNext(264)) - client-734BBEB428D7->a5e38e3e-c2ad-4348-acb9-3fc25cfb14dd: receive RaftClientReply:client-734BBEB428D7->a5e38e3e-c2ad-4348-acb9-3fc25cfb14dd@group-7000B19605CB, cid=3290, SUCCESS, logIndex=0, commits[a5e38e3e-c2ad-4348-acb9-3fc25cfb14dd:c4959, 11e48d46-e648-47f9-b6a0-9c7f26654c28:c4958, d1b6a90e-e817-40a7-bec1-608b5cc7d8b6:c4958]
2019-09-11 04:26:15,869 [grpc-default-executor-3] INFO  client.GrpcClientProtocolClient (GrpcClientProtocolClient.java:onNext(264)) - client-734BBEB428D7->a5e38e3e-c2ad-4348-acb9-3fc25cfb14dd: receive RaftClientReply:client-734BBEB428D7->a5e38e3e-c2ad-4348-acb9-3fc25cfb14dd@group-7000B19605CB, cid=3291, SUCCESS, logIndex=4961, commits[a5e38e3e-c2ad-4348-acb9-3fc25cfb14dd:c4962, 11e48d46-e648-47f9-b6a0-9c7f26654c28:c4960, d1b6a90e-e817-40a7-bec1-608b5cc7d8b6:c4960]
2019-09-11 04:26:15,870 [grpc-default-executor-1] INFO  client.GrpcClientProtocolClient (GrpcClientProtocolClient.java:onNext(264)) - client-734BBEB428D7->a5e38e3e-c2ad-4348-acb9-3fc25cfb14dd: receive RaftClientReply:client-734BBEB428D7->a5e38e3e-c2ad-4348-acb9-3fc25cfb14dd@group-7000B19605CB, cid=3292, SUCCESS, logIndex=4962, commits[a5e38e3e-c2ad-4348-acb9-3fc25cfb14dd:c4962, 11e48d46-e648-47f9-b6a0-9c7f26654c28:c4960, d1b6a90e-e817-40a7-bec1-608b5cc7d8b6:c4960]
2019-09-11 04:26:15,870 [grpc-default-executor-1] INFO  client.GrpcClientProtocolClient (GrpcClientProtocolClient.java:onNext(264)) - client-734BBEB428D7->a5e38e3e-c2ad-4348-acb9-3fc25cfb14dd: receive RaftClientReply:client-734BBEB428D7->a5e38e3e-c2ad-4348-acb9-3fc25cfb14dd@group-7000B19605CB, cid=3293, SUCCESS, logIndex=4963, commits[a5e38e3e-c2ad-4348-acb9-3fc25cfb14dd:c4963, 11e48d46-e648-47f9-b6a0-9c7f26654c28:c4960, d1b6a90e-e817-40a7-bec1-608b5cc7d8b6:c4960]
2019-09-11 04:26:15,871 [grpc-default-executor-1] INFO  client.GrpcClientProtocolClient (GrpcClientProtocolClient.java:onNext(264)) - client-734BBEB428D7->a5e38e3e-c2ad-4348-acb9-3fc25cfb14dd: receive RaftClientReply:client-734BBEB428D7->a5e38e3e-c2ad-4348-acb9-3fc25cfb14dd@group-7000B19605CB, cid=3294, SUCCESS, logIndex=4964, commits[a5e38e3e-c2ad-4348-acb9-3fc25cfb14dd:c4964, 11e48d46-e648-47f9-b6a0-9c7f26654c28:c4960, d1b6a90e-e817-40a7-bec1-608b5cc7d8b6:c4960]
2019-09-11 04:26:15,871 [grpc-default-executor-2] INFO  client.GrpcClientProtocolClient (GrpcClientProtocolClient.java:onNext(264)) - client-734BBEB428D7->a5e38e3e-c2ad-4348-acb9-3fc25cfb14dd: receive RaftClientReply:client-734BBEB428D7->a5e38e3e-c2ad-4348-acb9-3fc25cfb14dd@group-7000B19605CB, cid=3295, SUCCESS, logIndex=0, commits[a5e38e3e-c2ad-4348-acb9-3fc25cfb14dd:c4966, 11e48d46-e648-47f9-b6a0-9c7f26654c28:c4962, d1b6a90e-e817-40a7-bec1-608b5cc7d8b6:c4962]
2019-09-11 04:26:15,888 [grpc-default-executor-4] INFO  client.GrpcClientProtocolClient (GrpcClientProtocolClient.java:onNext(264)) - client-734BBEB428D7->a5e38e3e-c2ad-4348-acb9-3fc25cfb14dd: receive RaftClientReply:client-734BBEB428D7->a5e38e3e-c2ad-4348-acb9-3fc25cfb14dd@group-7000B19605CB, cid=3296, SUCCESS, logIndex=4969, commits[a5e38e3e-c2ad-4348-acb9-3fc25cfb14dd:c4970, 11e48d46-e648-47f9-b6a0-9c7f26654c28:c4968, d1b6a90e-e817-40a7-bec1-608b5cc7d8b6:c4968]
2019-09-11 04:26:15,888 [grpc-default-executor-4] INFO  client.GrpcClientProtocolClient (GrpcClientProtocolClient.java:onNext(264)) - client-734BBEB428D7->a5e38e3e-c2ad-4348-acb9-3fc25cfb14dd: receive RaftClientReply:client-734BBEB428D7->a5e38e3e-c2ad-4348-acb9-3fc25cfb14dd@group-7000B19605CB, cid=3297, SUCCESS, logIndex=4970, commits[a5e38e3e-c2ad-4348-acb9-3fc25cfb14dd:c4970, 11e48d46-e648-47f9-b6a0-9c7f26654c28:c4968, d1b6a90e-e817-40a7-bec1-608b5cc7d8b6:c4968]
2019-09-11 04:26:15,900 [grpc-default-executor-4] INFO  client.GrpcClientProtocolClient (GrpcClientProtocolClient.java:onNext(264)) - client-734BBEB428D7->a5e38e3e-c2ad-4348-acb9-3fc25cfb14dd: receive RaftClientReply:client-734BBEB428D7->a5e38e3e-c2ad-4348-acb9-3fc25cfb14dd@group-7000B19605CB, cid=3298, SUCCESS, logIndex=4973, commits[a5e38e3e-c2ad-4348-acb9-3fc25cfb14dd:c4974, 11e48d46-e648-47f9-b6a0-9c7f26654c28:c4970, d1b6a90e-e817-40a7-bec1-608b5cc7d8b6:c4970]
2019-09-11 04:26:15,900 [grpc-default-executor-4] INFO  client.GrpcClientProtocolClient (GrpcClientProtocolClient.java:onNext(264)) - client-734BBEB428D7->a5e38e3e-c2ad-4348-acb9-3fc25cfb14dd: receive RaftClientReply:client-734BBEB428D7->a5e38e3e-c2ad-4348-acb9-3fc25cfb14dd@group-7000B19605CB, cid=3299, SUCCESS, logIndex=4974, commits[a5e38e3e-c2ad-4348-acb9-3fc25cfb14dd:c4974, 11e48d46-e648-47f9-b6a0-9c7f26654c28:c4970, d1b6a90e-e817-40a7-bec1-608b5cc7d8b6:c4970]
2019-09-11 04:26:15,910 [grpc-default-executor-3] INFO  client.GrpcClientProtocolClient (GrpcClientProtocolClient.java:onNext(264)) - client-734BBEB428D7->a5e38e3e-c2ad-4348-acb9-3fc25cfb14dd: receive RaftClientReply:client-734BBEB428D7->a5e38e3e-c2ad-4348-acb9-3fc25cfb14dd@group-7000B19605CB, cid=3300, SUCCESS, logIndex=0, commits[a5e38e3e-c2ad-4348-acb9-3fc25cfb14dd:c4975, 11e48d46-e648-47f9-b6a0-9c7f26654c28:c4974, d1b6a90e-e817-40a7-bec1-608b5cc7d8b6:c4974]
2019-09-11 04:26:15,935 [grpc-default-executor-4] INFO  client.GrpcClientProtocolClient (GrpcClientProtocolClient.java:onNext(264)) - client-734BBEB428D7->a5e38e3e-c2ad-4348-acb9-3fc25cfb14dd: receive RaftClientReply:client-734BBEB428D7->a5e38e3e-c2ad-4348-acb9-3fc25cfb14dd@group-7000B19605CB, cid=3301, SUCCESS, logIndex=4977, commits[a5e38e3e-c2ad-4348-acb9-3fc25cfb14dd:c4978, 11e48d46-e648-47f9-b6a0-9c7f26654c28:c4976, d1b6a90e-e817-40a7-bec1-608b5cc7d8b6:c4976]
2019-09-11 04:26:15,936 [grpc-default-executor-4] INFO  client.GrpcClientProtocolClient (GrpcClientProtocolClient.java:onNext(264)) - client-734BBEB428D7->a5e38e3e-c2ad-4348-acb9-3fc25cfb14dd: receive RaftClientReply:client-734BBEB428D7->a5e38e3e-c2ad-4348-acb9-3fc25cfb14dd@group-7000B19605CB, cid=3302, SUCCESS, logIndex=4978, commits[a5e38e3e-c2ad-4348-acb9-3fc25cfb14dd:c4978, 11e48d46-e648-47f9-b6a0-9c7f26654c28:c4976, d1b6a90e-e817-40a7-bec1-608b5cc7d8b6:c4976]
2019-09-11 04:26:15,946 [grpc-default-executor-2] INFO  client.GrpcClientProtocolClient (GrpcClientProtocolClient.java:onNext(264)) - client-734BBEB428D7->a5e38e3e-c2ad-4348-acb9-3fc25cfb14dd: receive RaftClientReply:client-734BBEB428D7->a5e38e3e-c2ad-4348-acb9-3fc25cfb14dd@group-7000B19605CB, cid=3303, SUCCESS, logIndex=4979, commits[a5e38e3e-c2ad-4348-acb9-3fc25cfb14dd:c4980, 11e48d46-e648-47f9-b6a0-9c7f26654c28:c4976, d1b6a90e-e817-40a7-bec1-608b5cc7d8b6:c4976]
2019-09-11 04:26:15,947 [grpc-default-executor-2] INFO  client.GrpcClientProtocolClient (GrpcClientProtocolClient.java:onNext(264)) - client-734BBEB428D7->a5e38e3e-c2ad-4348-acb9-3fc25cfb14dd: receive RaftClientReply:client-734BBEB428D7->a5e38e3e-c2ad-4348-acb9-3fc25cfb14dd@group-7000B19605CB, cid=3304, SUCCESS, logIndex=4980, commits[a5e38e3e-c2ad-4348-acb9-3fc25cfb14dd:c4980, 11e48d46-e648-47f9-b6a0-9c7f26654c28:c4976, d1b6a90e-e817-40a7-bec1-608b5cc7d8b6:c4976]
2019-09-11 04:26:15,948 [grpc-default-executor-3] INFO  client.GrpcClientProtocolClient (GrpcClientProtocolClient.java:onNext(264)) - client-734BBEB428D7->a5e38e3e-c2ad-4348-acb9-3fc25cfb14dd: receive RaftClientReply:client-734BBEB428D7->a5e38e3e-c2ad-4348-acb9-3fc25cfb14dd@group-7000B19605CB, cid=3305, SUCCESS, logIndex=0, commits[a5e38e3e-c2ad-4348-acb9-3fc25cfb14dd:c4982, 11e48d46-e648-47f9-b6a0-9c7f26654c28:c4978, d1b6a90e-e817-40a7-bec1-608b5cc7d8b6:c4978]
2019-09-11 04:26:15,961 [grpc-default-executor-3] INFO  client.GrpcClientProtocolClient (GrpcClientProtocolClient.java:onNext(264)) - client-734BBEB428D7->a5e38e3e-c2ad-4348-acb9-3fc25cfb14dd: receive RaftClientReply:client-734BBEB428D7->a5e38e3e-c2ad-4348-acb9-3fc25cfb14dd@group-7000B19605CB, cid=3306, SUCCESS, logIndex=4985, commits[a5e38e3e-c2ad-4348-acb9-3fc25cfb14dd:c4986, 11e48d46-e648-47f9-b6a0-9c7f26654c28:c4984, d1b6a90e-e817-40a7-bec1-608b5cc7d8b6:c4980]
2019-09-11 04:26:15,962 [grpc-default-executor-3] INFO  client.GrpcClientProtocolClient (GrpcClientProtocolClient.java:onNext(264)) - client-734BBEB428D7->a5e38e3e-c2ad-4348-acb9-3fc25cfb14dd: receive RaftClientReply:client-734BBEB428D7->a5e38e3e-c2ad-4348-acb9-3fc25cfb14dd@group-7000B19605CB, cid=3307, SUCCESS, logIndex=4986, commits[a5e38e3e-c2ad-4348-acb9-3fc25cfb14dd:c4986, 11e48d46-e648-47f9-b6a0-9c7f26654c28:c4984, d1b6a90e-e817-40a7-bec1-608b5cc7d8b6:c4984]
2019-09-11 04:26:15,980 [grpc-default-executor-1] INFO  client.GrpcClientProtocolClient (GrpcClientProtocolClient.java:onNext(264)) - client-734BBEB428D7->a5e38e3e-c2ad-4348-acb9-3fc25cfb14dd: receive RaftClientReply:client-734BBEB428D7->a5e38e3e-c2ad-4348-acb9-3fc25cfb14dd@group-7000B19605CB, cid=3308, SUCCESS, logIndex=4988, commits[a5e38e3e-c2ad-4348-acb9-3fc25cfb14dd:c4989, 11e48d46-e648-47f9-b6a0-9c7f26654c28:c4987, d1b6a90e-e817-40a7-bec1-608b5cc7d8b6:c4987]
2019-09-11 04:26:15,980 [grpc-default-executor-1] INFO  client.GrpcClientProtocolClient (GrpcClientProtocolClient.java:onNext(264)) - client-734BBEB428D7->a5e38e3e-c2ad-4348-acb9-3fc25cfb14dd: receive RaftClientReply:client-734BBEB428D7->a5e38e3e-c2ad-4348-acb9-3fc25cfb14dd@group-7000B19605CB, cid=3309, SUCCESS, logIndex=4989, commits[a5e38e3e-c2ad-4348-acb9-3fc25cfb14dd:c4989, 11e48d46-e648-47f9-b6a0-9c7f26654c28:c4987, d1b6a90e-e817-40a7-bec1-608b5cc7d8b6:c4987]
2019-09-11 04:26:15,983 [grpc-default-executor-1] INFO  client.GrpcClientProtocolClient (GrpcClientProtocolClient.java:onNext(264)) - client-734BBEB428D7->a5e38e3e-c2ad-4348-acb9-3fc25cfb14dd: receive RaftClientReply:client-734BBEB428D7->a5e38e3e-c2ad-4348-acb9-3fc25cfb14dd@group-7000B19605CB, cid=3310, SUCCESS, logIndex=0, commits[a5e38e3e-c2ad-4348-acb9-3fc25cfb14dd:c4991, 11e48d46-e648-47f9-b6a0-9c7f26654c28:c4989, d1b6a90e-e817-40a7-bec1-608b5cc7d8b6:c4989]
2019-09-11 04:26:16,011 [grpc-default-executor-2] INFO  client.GrpcClientProtocolClient (GrpcClientProtocolClient.java:onNext(264)) - client-734BBEB428D7->a5e38e3e-c2ad-4348-acb9-3fc25cfb14dd: receive RaftClientReply:client-734BBEB428D7->a5e38e3e-c2ad-4348-acb9-3fc25cfb14dd@group-7000B19605CB, cid=3311, SUCCESS, logIndex=4992, commits[a5e38e3e-c2ad-4348-acb9-3fc25cfb14dd:c4993, 11e48d46-e648-47f9-b6a0-9c7f26654c28:c4991, d1b6a90e-e817-40a7-bec1-608b5cc7d8b6:c4991]
2019-09-11 04:26:16,012 [grpc-default-executor-1] INFO  client.GrpcClientProtocolClient (GrpcClientProtocolClient.java:onNext(264)) - client-734BBEB428D7->a5e38e3e-c2ad-4348-acb9-3fc25cfb14dd: receive RaftClientReply:client-734BBEB428D7->a5e38e3e-c2ad-4348-acb9-3fc25cfb14dd@group-7000B19605CB, cid=3312, SUCCESS, logIndex=4993, commits[a5e38e3e-c2ad-4348-acb9-3fc25cfb14dd:c4993, 11e48d46-e648-47f9-b6a0-9c7f26654c28:c4991, d1b6a90e-e817-40a7-bec1-608b5cc7d8b6:c4991]
2019-09-11 04:26:16,012 [grpc-default-executor-1] INFO  client.GrpcClientProtocolClient (GrpcClientProtocolClient.java:onNext(264)) - client-734BBEB428D7->a5e38e3e-c2ad-4348-acb9-3fc25cfb14dd: receive RaftClientReply:client-734BBEB428D7->a5e38e3e-c2ad-4348-acb9-3fc25cfb14dd@group-7000B19605CB, cid=3313, SUCCESS, logIndex=4994, commits[a5e38e3e-c2ad-4348-acb9-3fc25cfb14dd:c4994, 11e48d46-e648-47f9-b6a0-9c7f26654c28:c4991, d1b6a90e-e817-40a7-bec1-608b5cc7d8b6:c4991]
2019-09-11 04:26:16,013 [grpc-default-executor-1] INFO  client.GrpcClientProtocolClient (GrpcClientProtocolClient.java:onNext(264)) - client-734BBEB428D7->a5e38e3e-c2ad-4348-acb9-3fc25cfb14dd: receive RaftClientReply:client-734BBEB428D7->a5e38e3e-c2ad-4348-acb9-3fc25cfb14dd@group-7000B19605CB, cid=3314, SUCCESS, logIndex=4995, commits[a5e38e3e-c2ad-4348-acb9-3fc25cfb14dd:c4995, 11e48d46-e648-47f9-b6a0-9c7f26654c28:c4991, d1b6a90e-e817-40a7-bec1-608b5cc7d8b6:c4991]
2019-09-11 04:26:16,013 [grpc-default-executor-1] INFO  client.GrpcClientProtocolClient (GrpcClientProtocolClient.java:onNext(264)) - client-734BBEB428D7->a5e38e3e-c2ad-4348-acb9-3fc25cfb14dd: receive RaftClientReply:client-734BBEB428D7->a5e38e3e-c2ad-4348-acb9-3fc25cfb14dd@group-7000B19605CB, cid=3315, SUCCESS, logIndex=0, commits[a5e38e3e-c2ad-4348-acb9-3fc25cfb14dd:c4996, 11e48d46-e648-47f9-b6a0-9c7f26654c28:c4993, d1b6a90e-e817-40a7-bec1-608b5cc7d8b6:c4993]
2019-09-11 04:26:16,032 [grpc-default-executor-1] INFO  client.GrpcClientProtocolClient (GrpcClientProtocolClient.java:onNext(264)) - client-734BBEB428D7->a5e38e3e-c2ad-4348-acb9-3fc25cfb14dd: receive RaftClientReply:client-734BBEB428D7->a5e38e3e-c2ad-4348-acb9-3fc25cfb14dd@group-7000B19605CB, cid=3316, SUCCESS, logIndex=5000, commits[a5e38e3e-c2ad-4348-acb9-3fc25cfb14dd:c5001, 11e48d46-e648-47f9-b6a0-9c7f26654c28:c4995, d1b6a90e-e817-40a7-bec1-608b5cc7d8b6:c4999]
2019-09-11 04:26:16,033 [grpc-default-executor-1] INFO  client.GrpcClientProtocolClient (GrpcClientProtocolClient.java:onNext(264)) - client-734BBEB428D7->a5e38e3e-c2ad-4348-acb9-3fc25cfb14dd: receive RaftClientReply:client-734BBEB428D7->a5e38e3e-c2ad-4348-acb9-3fc25cfb14dd@group-7000B19605CB, cid=3317, SUCCESS, logIndex=5001, commits[a5e38e3e-c2ad-4348-acb9-3fc25cfb14dd:c5001, 11e48d46-e648-47f9-b6a0-9c7f26654c28:c4999, d1b6a90e-e817-40a7-bec1-608b5cc7d8b6:c4999]
2019-09-11 04:26:16,051 [grpc-default-executor-4] INFO  client.GrpcClientProtocolClient (GrpcClientProtocolClient.java:onNext(264)) - client-734BBEB428D7->a5e38e3e-c2ad-4348-acb9-3fc25cfb14dd: receive RaftClientReply:client-734BBEB428D7->a5e38e3e-c2ad-4348-acb9-3fc25cfb14dd@group-7000B19605CB, cid=3318, SUCCESS, logIndex=5004, commits[a5e38e3e-c2ad-4348-acb9-3fc25cfb14dd:c5005, 11e48d46-e648-47f9-b6a0-9c7f26654c28:c5003, d1b6a90e-e817-40a7-bec1-608b5cc7d8b6:c5003]
2019-09-11 04:26:16,051 [grpc-default-executor-4] INFO  client.GrpcClientProtocolClient (GrpcClientProtocolClient.java:onNext(264)) - client-734BBEB428D7->a5e38e3e-c2ad-4348-acb9-3fc25cfb14dd: receive RaftClientReply:client-734BBEB428D7->a5e38e3e-c2ad-4348-acb9-3fc25cfb14dd@group-7000B19605CB, cid=3319, SUCCESS, logIndex=5005, commits[a5e38e3e-c2ad-4348-acb9-3fc25cfb14dd:c5005, 11e48d46-e648-47f9-b6a0-9c7f26654c28:c5003, d1b6a90e-e817-40a7-bec1-608b5cc7d8b6:c5003]
2019-09-11 04:26:16,064 [grpc-default-executor-4] INFO  client.GrpcClientProtocolClient (GrpcClientProtocolClient.java:onNext(264)) - client-734BBEB428D7->a5e38e3e-c2ad-4348-acb9-3fc25cfb14dd: receive RaftClientReply:client-734BBEB428D7->a5e38e3e-c2ad-4348-acb9-3fc25cfb14dd@group-7000B19605CB, cid=3320, SUCCESS, logIndex=0, commits[a5e38e3e-c2ad-4348-acb9-3fc25cfb14dd:c5007, 11e48d46-e648-47f9-b6a0-9c7f26654c28:c5005, d1b6a90e-e817-40a7-bec1-608b5cc7d8b6:c5005]
2019-09-11 04:26:16,093 [grpc-default-executor-4] INFO  client.GrpcClientProtocolClient (GrpcClientProtocolClient.java:onNext(264)) - client-734BBEB428D7->a5e38e3e-c2ad-4348-acb9-3fc25cfb14dd: receive RaftClientReply:client-734BBEB428D7->a5e38e3e-c2ad-4348-acb9-3fc25cfb14dd@group-7000B19605CB, cid=3321, SUCCESS, logIndex=5008, commits[a5e38e3e-c2ad-4348-acb9-3fc25cfb14dd:c5009, 11e48d46-e648-47f9-b6a0-9c7f26654c28:c5007, d1b6a90e-e817-40a7-bec1-608b5cc7d8b6:c5007]
2019-09-11 04:26:16,093 [grpc-default-executor-4] INFO  client.GrpcClientProtocolClient (GrpcClientProtocolClient.java:onNext(264)) - client-734BBEB428D7->a5e38e3e-c2ad-4348-acb9-3fc25cfb14dd: receive RaftClientReply:client-734BBEB428D7->a5e38e3e-c2ad-4348-acb9-3fc25cfb14dd@group-7000B19605CB, cid=3322, SUCCESS, logIndex=5009, commits[a5e38e3e-c2ad-4348-acb9-3fc25cfb14dd:c5010, 11e48d46-e648-47f9-b6a0-9c7f26654c28:c5007, d1b6a90e-e817-40a7-bec1-608b5cc7d8b6:c5007]
2019-09-11 04:26:16,093 [grpc-default-executor-4] INFO  client.GrpcClientProtocolClient (GrpcClientProtocolClient.java:onNext(264)) - client-734BBEB428D7->a5e38e3e-c2ad-4348-acb9-3fc25cfb14dd: receive RaftClientReply:client-734BBEB428D7->a5e38e3e-c2ad-4348-acb9-3fc25cfb14dd@group-7000B19605CB, cid=3323, SUCCESS, logIndex=5010, commits[a5e38e3e-c2ad-4348-acb9-3fc25cfb14dd:c5011, 11e48d46-e648-47f9-b6a0-9c7f26654c28:c5007, d1b6a90e-e817-40a7-bec1-608b5cc7d8b6:c5007]
2019-09-11 04:26:16,094 [grpc-default-executor-4] INFO  client.GrpcClientProtocolClient (GrpcClientProtocolClient.java:onNext(264)) - client-734BBEB428D7->a5e38e3e-c2ad-4348-acb9-3fc25cfb14dd: receive RaftClientReply:client-734BBEB428D7->a5e38e3e-c2ad-4348-acb9-3fc25cfb14dd@group-7000B19605CB, cid=3324, SUCCESS, logIndex=5011, commits[a5e38e3e-c2ad-4348-acb9-3fc25cfb14dd:c5011, 11e48d46-e648-47f9-b6a0-9c7f26654c28:c5007, d1b6a90e-e817-40a7-bec1-608b5cc7d8b6:c5007]
2019-09-11 04:26:16,095 [grpc-default-executor-4] INFO  client.GrpcClientProtocolClient (GrpcClientProtocolClient.java:onNext(264)) - client-734BBEB428D7->a5e38e3e-c2ad-4348-acb9-3fc25cfb14dd: receive RaftClientReply:client-734BBEB428D7->a5e38e3e-c2ad-4348-acb9-3fc25cfb14dd@group-7000B19605CB, cid=3325, SUCCESS, logIndex=0, commits[a5e38e3e-c2ad-4348-acb9-3fc25cfb14dd:c5012, 11e48d46-e648-47f9-b6a0-9c7f26654c28:c5009, d1b6a90e-e817-40a7-bec1-608b5cc7d8b6:c5009]
2019-09-11 04:26:16,114 [grpc-default-executor-1] INFO  client.GrpcClientProtocolClient (GrpcClientProtocolClient.java:onNext(264)) - client-734BBEB428D7->a5e38e3e-c2ad-4348-acb9-3fc25cfb14dd: receive RaftClientReply:client-734BBEB428D7->a5e38e3e-c2ad-4348-acb9-3fc25cfb14dd@group-7000B19605CB, cid=3326, SUCCESS, logIndex=5016, commits[a5e38e3e-c2ad-4348-acb9-3fc25cfb14dd:c5017, 11e48d46-e648-47f9-b6a0-9c7f26654c28:c5015, d1b6a90e-e817-40a7-bec1-608b5cc7d8b6:c5015]
2019-09-11 04:26:16,115 [grpc-default-executor-1] INFO  client.GrpcClientProtocolClient (GrpcClientProtocolClient.java:onNext(264)) - client-734BBEB428D7->a5e38e3e-c2ad-4348-acb9-3fc25cfb14dd: receive RaftClientReply:client-734BBEB428D7->a5e38e3e-c2ad-4348-acb9-3fc25cfb14dd@group-7000B19605CB, cid=3327, SUCCESS, logIndex=5017, commits[a5e38e3e-c2ad-4348-acb9-3fc25cfb14dd:c5017, 11e48d46-e648-47f9-b6a0-9c7f26654c28:c5015, d1b6a90e-e817-40a7-bec1-608b5cc7d8b6:c5015]
2019-09-11 04:26:16,128 [grpc-default-executor-4] INFO  client.GrpcClientProtocolClient (GrpcClientProtocolClient.java:onNext(264)) - client-734BBEB428D7->a5e38e3e-c2ad-4348-acb9-3fc25cfb14dd: receive RaftClientReply:client-734BBEB428D7->a5e38e3e-c2ad-4348-acb9-3fc25cfb14dd@group-7000B19605CB, cid=3328, SUCCESS, logIndex=5020, commits[a5e38e3e-c2ad-4348-acb9-3fc25cfb14dd:c5021, 11e48d46-e648-47f9-b6a0-9c7f26654c28:c5017, d1b6a90e-e817-40a7-bec1-608b5cc7d8b6:c5017]
2019-09-11 04:26:16,128 [grpc-default-executor-4] INFO  client.GrpcClientProtocolClient (GrpcClientProtocolClient.java:onNext(264)) - client-734BBEB428D7->a5e38e3e-c2ad-4348-acb9-3fc25cfb14dd: receive RaftClientReply:client-734BBEB428D7->a5e38e3e-c2ad-4348-acb9-3fc25cfb14dd@group-7000B19605CB, cid=3329, SUCCESS, logIndex=5021, commits[a5e38e3e-c2ad-4348-acb9-3fc25cfb14dd:c5021, 11e48d46-e648-47f9-b6a0-9c7f26654c28:c5017, d1b6a90e-e817-40a7-bec1-608b5cc7d8b6:c5017]
2019-09-11 04:26:16,141 [grpc-default-executor-4] INFO  client.GrpcClientProtocolClient (GrpcClientProtocolClient.java:onNext(264)) - client-734BBEB428D7->a5e38e3e-c2ad-4348-acb9-3fc25cfb14dd: receive RaftClientReply:client-734BBEB428D7->a5e38e3e-c2ad-4348-acb9-3fc25cfb14dd@group-7000B19605CB, cid=3330, SUCCESS, logIndex=0, commits[a5e38e3e-c2ad-4348-acb9-3fc25cfb14dd:c5023, 11e48d46-e648-47f9-b6a0-9c7f26654c28:c5021, d1b6a90e-e817-40a7-bec1-608b5cc7d8b6:c5021]
2019-09-11 04:26:16,167 [grpc-default-executor-1] INFO  client.GrpcClientProtocolClient (GrpcClientProtocolClient.java:onNext(264)) - client-734BBEB428D7->a5e38e3e-c2ad-4348-acb9-3fc25cfb14dd: receive RaftClientReply:client-734BBEB428D7->a5e38e3e-c2ad-4348-acb9-3fc25cfb14dd@group-7000B19605CB, cid=3331, SUCCESS, logIndex=5024, commits[a5e38e3e-c2ad-4348-acb9-3fc25cfb14dd:c5025, 11e48d46-e648-47f9-b6a0-9c7f26654c28:c5023, d1b6a90e-e817-40a7-bec1-608b5cc7d8b6:c5023]
2019-09-11 04:26:16,168 [grpc-default-executor-1] INFO  client.GrpcClientProtocolClient (GrpcClientProtocolClient.java:onNext(264)) - client-734BBEB428D7->a5e38e3e-c2ad-4348-acb9-3fc25cfb14dd: receive RaftClientReply:client-734BBEB428D7->a5e38e3e-c2ad-4348-acb9-3fc25cfb14dd@group-7000B19605CB, cid=3332, SUCCESS, logIndex=5025, commits[a5e38e3e-c2ad-4348-acb9-3fc25cfb14dd:c5025, 11e48d46-e648-47f9-b6a0-9c7f26654c28:c5023, d1b6a90e-e817-40a7-bec1-608b5cc7d8b6:c5023]
 0.00% |█                                                                                                    |  0/1 Time: 0:00:272019-09-11 04:26:16,183 [grpc-default-executor-1] INFO  client.GrpcClientProtocolClient (GrpcClientProtocolClient.java:onNext(264)) - client-734BBEB428D7->a5e38e3e-c2ad-4348-acb9-3fc25cfb14dd: receive RaftClientReply:client-734BBEB428D7->a5e38e3e-c2ad-4348-acb9-3fc25cfb14dd@group-7000B19605CB, cid=3333, SUCCESS, logIndex=5026, commits[a5e38e3e-c2ad-4348-acb9-3fc25cfb14dd:c5027, 11e48d46-e648-47f9-b6a0-9c7f26654c28:c5023, d1b6a90e-e817-40a7-bec1-608b5cc7d8b6:c5023]
2019-09-11 04:26:16,184 [grpc-default-executor-1] INFO  client.GrpcClientProtocolClient (GrpcClientProtocolClient.java:onNext(264)) - client-734BBEB428D7->a5e38e3e-c2ad-4348-acb9-3fc25cfb14dd: receive RaftClientReply:client-734BBEB428D7->a5e38e3e-c2ad-4348-acb9-3fc25cfb14dd@group-7000B19605CB, cid=3334, SUCCESS, logIndex=5027, commits[a5e38e3e-c2ad-4348-acb9-3fc25cfb14dd:c5027, 11e48d46-e648-47f9-b6a0-9c7f26654c28:c5023, d1b6a90e-e817-40a7-bec1-608b5cc7d8b6:c5023]
2019-09-11 04:26:16,195 [grpc-default-executor-1] INFO  client.GrpcClientProtocolClient (GrpcClientProtocolClient.java:onNext(264)) - client-734BBEB428D7->a5e38e3e-c2ad-4348-acb9-3fc25cfb14dd: receive RaftClientReply:client-734BBEB428D7->a5e38e3e-c2ad-4348-acb9-3fc25cfb14dd@group-7000B19605CB, cid=3335, SUCCESS, logIndex=0, commits[a5e38e3e-c2ad-4348-acb9-3fc25cfb14dd:c5029, 11e48d46-e648-47f9-b6a0-9c7f26654c28:c5025, d1b6a90e-e817-40a7-bec1-608b5cc7d8b6:c5025]
2019-09-11 04:26:16,212 [grpc-default-executor-4] INFO  client.GrpcClientProtocolClient (GrpcClientProtocolClient.java:onNext(264)) - client-734BBEB428D7->a5e38e3e-c2ad-4348-acb9-3fc25cfb14dd: receive RaftClientReply:client-734BBEB428D7->a5e38e3e-c2ad-4348-acb9-3fc25cfb14dd@group-7000B19605CB, cid=3336, SUCCESS, logIndex=5032, commits[a5e38e3e-c2ad-4348-acb9-3fc25cfb14dd:c5033, 11e48d46-e648-47f9-b6a0-9c7f26654c28:c5031, d1b6a90e-e817-40a7-bec1-608b5cc7d8b6:c5031]
2019-09-11 04:26:16,213 [grpc-default-executor-4] INFO  client.GrpcClientProtocolClient (GrpcClientProtocolClient.java:onNext(264)) - client-734BBEB428D7->a5e38e3e-c2ad-4348-acb9-3fc25cfb14dd: receive RaftClientReply:client-734BBEB428D7->a5e38e3e-c2ad-4348-acb9-3fc25cfb14dd@group-7000B19605CB, cid=3337, SUCCESS, logIndex=5033, commits[a5e38e3e-c2ad-4348-acb9-3fc25cfb14dd:c5033, 11e48d46-e648-47f9-b6a0-9c7f26654c28:c5031, d1b6a90e-e817-40a7-bec1-608b5cc7d8b6:c5031]
2019-09-11 04:26:16,226 [grpc-default-executor-1] INFO  client.GrpcClientProtocolClient (GrpcClientProtocolClient.java:onNext(264)) - client-734BBEB428D7->a5e38e3e-c2ad-4348-acb9-3fc25cfb14dd: receive RaftClientReply:client-734BBEB428D7->a5e38e3e-c2ad-4348-acb9-3fc25cfb14dd@group-7000B19605CB, cid=3338, SUCCESS, logIndex=5036, commits[a5e38e3e-c2ad-4348-acb9-3fc25cfb14dd:c5036, 11e48d46-e648-47f9-b6a0-9c7f26654c28:c5033, d1b6a90e-e817-40a7-bec1-608b5cc7d8b6:c5033]
2019-09-11 04:26:16,226 [grpc-default-executor-1] INFO  client.GrpcClientProtocolClient (GrpcClientProtocolClient.java:onNext(264)) - client-734BBEB428D7->a5e38e3e-c2ad-4348-acb9-3fc25cfb14dd: receive RaftClientReply:client-734BBEB428D7->a5e38e3e-c2ad-4348-acb9-3fc25cfb14dd@group-7000B19605CB, cid=3339, SUCCESS, logIndex=5037, commits[a5e38e3e-c2ad-4348-acb9-3fc25cfb14dd:c5037, 11e48d46-e648-47f9-b6a0-9c7f26654c28:c5033, d1b6a90e-e817-40a7-bec1-608b5cc7d8b6:c5033]
2019-09-11 04:26:16,238 [grpc-default-executor-1] INFO  client.GrpcClientProtocolClient (GrpcClientProtocolClient.java:onNext(264)) - client-734BBEB428D7->a5e38e3e-c2ad-4348-acb9-3fc25cfb14dd: receive RaftClientReply:client-734BBEB428D7->a5e38e3e-c2ad-4348-acb9-3fc25cfb14dd@group-7000B19605CB, cid=3340, SUCCESS, logIndex=0, commits[a5e38e3e-c2ad-4348-acb9-3fc25cfb14dd:c5039, 11e48d46-e648-47f9-b6a0-9c7f26654c28:c5037, d1b6a90e-e817-40a7-bec1-608b5cc7d8b6:c5037]
2019-09-11 04:26:16,267 [grpc-default-executor-1] INFO  client.GrpcClientProtocolClient (GrpcClientProtocolClient.java:onNext(264)) - client-734BBEB428D7->a5e38e3e-c2ad-4348-acb9-3fc25cfb14dd: receive RaftClientReply:client-734BBEB428D7->a5e38e3e-c2ad-4348-acb9-3fc25cfb14dd@group-7000B19605CB, cid=3341, SUCCESS, logIndex=5040, commits[a5e38e3e-c2ad-4348-acb9-3fc25cfb14dd:c5041, 11e48d46-e648-47f9-b6a0-9c7f26654c28:c5039, d1b6a90e-e817-40a7-bec1-608b5cc7d8b6:c5039]
2019-09-11 04:26:16,268 [grpc-default-executor-1] INFO  client.GrpcClientProtocolClient (GrpcClientProtocolClient.java:onNext(264)) - client-734BBEB428D7->a5e38e3e-c2ad-4348-acb9-3fc25cfb14dd: receive RaftClientReply:client-734BBEB428D7->a5e38e3e-c2ad-4348-acb9-3fc25cfb14dd@group-7000B19605CB, cid=3342, SUCCESS, logIndex=5041, commits[a5e38e3e-c2ad-4348-acb9-3fc25cfb14dd:c5041, 11e48d46-e648-47f9-b6a0-9c7f26654c28:c5039, d1b6a90e-e817-40a7-bec1-608b5cc7d8b6:c5039]
2019-09-11 04:26:16,268 [grpc-default-executor-1] INFO  client.GrpcClientProtocolClient (GrpcClientProtocolClient.java:onNext(264)) - client-734BBEB428D7->a5e38e3e-c2ad-4348-acb9-3fc25cfb14dd: receive RaftClientReply:client-734BBEB428D7->a5e38e3e-c2ad-4348-acb9-3fc25cfb14dd@group-7000B19605CB, cid=3343, SUCCESS, logIndex=5042, commits[a5e38e3e-c2ad-4348-acb9-3fc25cfb14dd:c5043, 11e48d46-e648-47f9-b6a0-9c7f26654c28:c5039, d1b6a90e-e817-40a7-bec1-608b5cc7d8b6:c5039]
2019-09-11 04:26:16,268 [grpc-default-executor-1] INFO  client.GrpcClientProtocolClient (GrpcClientProtocolClient.java:onNext(264)) - client-734BBEB428D7->a5e38e3e-c2ad-4348-acb9-3fc25cfb14dd: receive RaftClientReply:client-734BBEB428D7->a5e38e3e-c2ad-4348-acb9-3fc25cfb14dd@group-7000B19605CB, cid=3344, SUCCESS, logIndex=5043, commits[a5e38e3e-c2ad-4348-acb9-3fc25cfb14dd:c5043, 11e48d46-e648-47f9-b6a0-9c7f26654c28:c5039, d1b6a90e-e817-40a7-bec1-608b5cc7d8b6:c5039]
2019-09-11 04:26:16,270 [grpc-default-executor-2] INFO  client.GrpcClientProtocolClient (GrpcClientProtocolClient.java:onNext(264)) - client-734BBEB428D7->a5e38e3e-c2ad-4348-acb9-3fc25cfb14dd: receive RaftClientReply:client-734BBEB428D7->a5e38e3e-c2ad-4348-acb9-3fc25cfb14dd@group-7000B19605CB, cid=3345, SUCCESS, logIndex=0, commits[a5e38e3e-c2ad-4348-acb9-3fc25cfb14dd:c5045, 11e48d46-e648-47f9-b6a0-9c7f26654c28:c5041, d1b6a90e-e817-40a7-bec1-608b5cc7d8b6:c5041]
2019-09-11 04:26:16,288 [grpc-default-executor-1] INFO  client.GrpcClientProtocolClient (GrpcClientProtocolClient.java:onNext(264)) - client-734BBEB428D7->a5e38e3e-c2ad-4348-acb9-3fc25cfb14dd: receive RaftClientReply:client-734BBEB428D7->a5e38e3e-c2ad-4348-acb9-3fc25cfb14dd@group-7000B19605CB, cid=3346, SUCCESS, logIndex=5048, commits[a5e38e3e-c2ad-4348-acb9-3fc25cfb14dd:c5049, 11e48d46-e648-47f9-b6a0-9c7f26654c28:c5047, d1b6a90e-e817-40a7-bec1-608b5cc7d8b6:c5047]
2019-09-11 04:26:16,288 [grpc-default-executor-1] INFO  client.GrpcClientProtocolClient (GrpcClientProtocolClient.java:onNext(264)) - client-734BBEB428D7->a5e38e3e-c2ad-4348-acb9-3fc25cfb14dd: receive RaftClientReply:client-734BBEB428D7->a5e38e3e-c2ad-4348-acb9-3fc25cfb14dd@group-7000B19605CB, cid=3347, SUCCESS, logIndex=5049, commits[a5e38e3e-c2ad-4348-acb9-3fc25cfb14dd:c5049, 11e48d46-e648-47f9-b6a0-9c7f26654c28:c5047, d1b6a90e-e817-40a7-bec1-608b5cc7d8b6:c5047]
2019-09-11 04:26:16,301 [grpc-default-executor-4] INFO  client.GrpcClientProtocolClient (GrpcClientProtocolClient.java:onNext(264)) - client-734BBEB428D7->a5e38e3e-c2ad-4348-acb9-3fc25cfb14dd: receive RaftClientReply:client-734BBEB428D7->a5e38e3e-c2ad-4348-acb9-3fc25cfb14dd@group-7000B19605CB, cid=3348, SUCCESS, logIndex=5052, commits[a5e38e3e-c2ad-4348-acb9-3fc25cfb14dd:c5052, 11e48d46-e648-47f9-b6a0-9c7f26654c28:c5049, d1b6a90e-e817-40a7-bec1-608b5cc7d8b6:c5049]
2019-09-11 04:26:16,301 [grpc-default-executor-4] INFO  client.GrpcClientProtocolClient (GrpcClientProtocolClient.java:onNext(264)) - client-734BBEB428D7->a5e38e3e-c2ad-4348-acb9-3fc25cfb14dd: receive RaftClientReply:client-734BBEB428D7->a5e38e3e-c2ad-4348-acb9-3fc25cfb14dd@group-7000B19605CB, cid=3349, SUCCESS, logIndex=5053, commits[a5e38e3e-c2ad-4348-acb9-3fc25cfb14dd:c5053, 11e48d46-e648-47f9-b6a0-9c7f26654c28:c5049, d1b6a90e-e817-40a7-bec1-608b5cc7d8b6:c5049]
2019-09-11 04:26:16,302 [grpc-default-executor-2] INFO  client.GrpcClientProtocolClient (GrpcClientProtocolClient.java:onNext(264)) - client-734BBEB428D7->a5e38e3e-c2ad-4348-acb9-3fc25cfb14dd: receive RaftClientReply:client-734BBEB428D7->a5e38e3e-c2ad-4348-acb9-3fc25cfb14dd@group-7000B19605CB, cid=3350, SUCCESS, logIndex=0, commits[a5e38e3e-c2ad-4348-acb9-3fc25cfb14dd:c5054, 11e48d46-e648-47f9-b6a0-9c7f26654c28:c5053, d1b6a90e-e817-40a7-bec1-608b5cc7d8b6:c5053]
2019-09-11 04:26:16,448 [grpc-default-executor-1] INFO  client.GrpcClientProtocolClient (GrpcClientProtocolClient.java:onNext(264)) - client-734BBEB428D7->a5e38e3e-c2ad-4348-acb9-3fc25cfb14dd: receive RaftClientReply:client-734BBEB428D7->a5e38e3e-c2ad-4348-acb9-3fc25cfb14dd@group-7000B19605CB, cid=3351, SUCCESS, logIndex=5056, commits[a5e38e3e-c2ad-4348-acb9-3fc25cfb14dd:c5057, 11e48d46-e648-47f9-b6a0-9c7f26654c28:c5055, d1b6a90e-e817-40a7-bec1-608b5cc7d8b6:c5055]
2019-09-11 04:26:16,449 [grpc-default-executor-1] INFO  client.GrpcClientProtocolClient (GrpcClientProtocolClient.java:onNext(264)) - client-734BBEB428D7->a5e38e3e-c2ad-4348-acb9-3fc25cfb14dd: receive RaftClientReply:client-734BBEB428D7->a5e38e3e-c2ad-4348-acb9-3fc25cfb14dd@group-7000B19605CB, cid=3352, SUCCESS, logIndex=5057, commits[a5e38e3e-c2ad-4348-acb9-3fc25cfb14dd:c5059, 11e48d46-e648-47f9-b6a0-9c7f26654c28:c5055, d1b6a90e-e817-40a7-bec1-608b5cc7d8b6:c5055]
2019-09-11 04:26:16,449 [grpc-default-executor-1] INFO  client.GrpcClientProtocolClient (GrpcClientProtocolClient.java:onNext(264)) - client-734BBEB428D7->a5e38e3e-c2ad-4348-acb9-3fc25cfb14dd: receive RaftClientReply:client-734BBEB428D7->a5e38e3e-c2ad-4348-acb9-3fc25cfb14dd@group-7000B19605CB, cid=3353, SUCCESS, logIndex=5058, commits[a5e38e3e-c2ad-4348-acb9-3fc25cfb14dd:c5059, 11e48d46-e648-47f9-b6a0-9c7f26654c28:c5055, d1b6a90e-e817-40a7-bec1-608b5cc7d8b6:c5055]
2019-09-11 04:26:16,449 [grpc-default-executor-1] INFO  client.GrpcClientProtocolClient (GrpcClientProtocolClient.java:onNext(264)) - client-734BBEB428D7->a5e38e3e-c2ad-4348-acb9-3fc25cfb14dd: receive RaftClientReply:client-734BBEB428D7->a5e38e3e-c2ad-4348-acb9-3fc25cfb14dd@group-7000B19605CB, cid=3354, SUCCESS, logIndex=5059, commits[a5e38e3e-c2ad-4348-acb9-3fc25cfb14dd:c5059, 11e48d46-e648-47f9-b6a0-9c7f26654c28:c5055, d1b6a90e-e817-40a7-bec1-608b5cc7d8b6:c5055]
2019-09-11 04:26:16,451 [grpc-default-executor-4] INFO  client.GrpcClientProtocolClient (GrpcClientProtocolClient.java:onNext(264)) - client-734BBEB428D7->a5e38e3e-c2ad-4348-acb9-3fc25cfb14dd: receive RaftClientReply:client-734BBEB428D7->a5e38e3e-c2ad-4348-acb9-3fc25cfb14dd@group-7000B19605CB, cid=3355, SUCCESS, logIndex=0, commits[a5e38e3e-c2ad-4348-acb9-3fc25cfb14dd:c5060, 11e48d46-e648-47f9-b6a0-9c7f26654c28:c5057, d1b6a90e-e817-40a7-bec1-608b5cc7d8b6:c5057]
2019-09-11 04:26:16,477 [grpc-default-executor-2] INFO  client.GrpcClientProtocolClient (GrpcClientProtocolClient.java:onNext(264)) - client-734BBEB428D7->a5e38e3e-c2ad-4348-acb9-3fc25cfb14dd: receive RaftClientReply:client-734BBEB428D7->a5e38e3e-c2ad-4348-acb9-3fc25cfb14dd@group-7000B19605CB, cid=3356, SUCCESS, logIndex=5064, commits[a5e38e3e-c2ad-4348-acb9-3fc25cfb14dd:c5065, 11e48d46-e648-47f9-b6a0-9c7f26654c28:c5063, d1b6a90e-e817-40a7-bec1-608b5cc7d8b6:c5059]
2019-09-11 04:26:16,477 [grpc-default-executor-2] INFO  client.GrpcClientProtocolClient (GrpcClientProtocolClient.java:onNext(264)) - client-734BBEB428D7->a5e38e3e-c2ad-4348-acb9-3fc25cfb14dd: receive RaftClientReply:client-734BBEB428D7->a5e38e3e-c2ad-4348-acb9-3fc25cfb14dd@group-7000B19605CB, cid=3357, SUCCESS, logIndex=5065, commits[a5e38e3e-c2ad-4348-acb9-3fc25cfb14dd:c5065, 11e48d46-e648-47f9-b6a0-9c7f26654c28:c5063, d1b6a90e-e817-40a7-bec1-608b5cc7d8b6:c5063]
2019-09-11 04:26:16,490 [grpc-default-executor-4] INFO  client.GrpcClientProtocolClient (GrpcClientProtocolClient.java:onNext(264)) - client-734BBEB428D7->a5e38e3e-c2ad-4348-acb9-3fc25cfb14dd: receive RaftClientReply:client-734BBEB428D7->a5e38e3e-c2ad-4348-acb9-3fc25cfb14dd@group-7000B19605CB, cid=3358, SUCCESS, logIndex=5067, commits[a5e38e3e-c2ad-4348-acb9-3fc25cfb14dd:c5068, 11e48d46-e648-47f9-b6a0-9c7f26654c28:c5065, d1b6a90e-e817-40a7-bec1-608b5cc7d8b6:c5065]
2019-09-11 04:26:16,491 [grpc-default-executor-4] INFO  client.GrpcClientProtocolClient (GrpcClientProtocolClient.java:onNext(264)) - client-734BBEB428D7->a5e38e3e-c2ad-4348-acb9-3fc25cfb14dd: receive RaftClientReply:client-734BBEB428D7->a5e38e3e-c2ad-4348-acb9-3fc25cfb14dd@group-7000B19605CB, cid=3359, SUCCESS, logIndex=5068, commits[a5e38e3e-c2ad-4348-acb9-3fc25cfb14dd:c5068, 11e48d46-e648-47f9-b6a0-9c7f26654c28:c5065, d1b6a90e-e817-40a7-bec1-608b5cc7d8b6:c5065]
2019-09-11 04:26:16,504 [grpc-default-executor-4] INFO  client.GrpcClientProtocolClient (GrpcClientProtocolClient.java:onNext(264)) - client-734BBEB428D7->a5e38e3e-c2ad-4348-acb9-3fc25cfb14dd: receive RaftClientReply:client-734BBEB428D7->a5e38e3e-c2ad-4348-acb9-3fc25cfb14dd@group-7000B19605CB, cid=3360, SUCCESS, logIndex=0, commits[a5e38e3e-c2ad-4348-acb9-3fc25cfb14dd:c5069, 11e48d46-e648-47f9-b6a0-9c7f26654c28:c5068, d1b6a90e-e817-40a7-bec1-608b5cc7d8b6:c5068]
2019-09-11 04:26:16,534 [grpc-default-executor-1] INFO  client.GrpcClientProtocolClient (GrpcClientProtocolClient.java:onNext(264)) - client-734BBEB428D7->a5e38e3e-c2ad-4348-acb9-3fc25cfb14dd: receive RaftClientReply:client-734BBEB428D7->a5e38e3e-c2ad-4348-acb9-3fc25cfb14dd@group-7000B19605CB, cid=3361, SUCCESS, logIndex=5071, commits[a5e38e3e-c2ad-4348-acb9-3fc25cfb14dd:c5072, 11e48d46-e648-47f9-b6a0-9c7f26654c28:c5070, d1b6a90e-e817-40a7-bec1-608b5cc7d8b6:c5070]
2019-09-11 04:26:16,535 [grpc-default-executor-1] INFO  client.GrpcClientProtocolClient (GrpcClientProtocolClient.java:onNext(264)) - client-734BBEB428D7->a5e38e3e-c2ad-4348-acb9-3fc25cfb14dd: receive RaftClientReply:client-734BBEB428D7->a5e38e3e-c2ad-4348-acb9-3fc25cfb14dd@group-7000B19605CB, cid=3362, SUCCESS, logIndex=5072, commits[a5e38e3e-c2ad-4348-acb9-3fc25cfb14dd:c5072, 11e48d46-e648-47f9-b6a0-9c7f26654c28:c5070, d1b6a90e-e817-40a7-bec1-608b5cc7d8b6:c5070]
2019-09-11 04:26:16,535 [grpc-default-executor-1] INFO  client.GrpcClientProtocolClient (GrpcClientProtocolClient.java:onNext(264)) - client-734BBEB428D7->a5e38e3e-c2ad-4348-acb9-3fc25cfb14dd: receive RaftClientReply:client-734BBEB428D7->a5e38e3e-c2ad-4348-acb9-3fc25cfb14dd@group-7000B19605CB, cid=3363, SUCCESS, logIndex=5073, commits[a5e38e3e-c2ad-4348-acb9-3fc25cfb14dd:c5074, 11e48d46-e648-47f9-b6a0-9c7f26654c28:c5070, d1b6a90e-e817-40a7-bec1-608b5cc7d8b6:c5070]
2019-09-11 04:26:16,536 [grpc-default-executor-1] INFO  client.GrpcClientProtocolClient (GrpcClientProtocolClient.java:onNext(264)) - client-734BBEB428D7->a5e38e3e-c2ad-4348-acb9-3fc25cfb14dd: receive RaftClientReply:client-734BBEB428D7->a5e38e3e-c2ad-4348-acb9-3fc25cfb14dd@group-7000B19605CB, cid=3364, SUCCESS, logIndex=5074, commits[a5e38e3e-c2ad-4348-acb9-3fc25cfb14dd:c5074, 11e48d46-e648-47f9-b6a0-9c7f26654c28:c5070, d1b6a90e-e817-40a7-bec1-608b5cc7d8b6:c5070]
2019-09-11 04:26:16,537 [grpc-default-executor-1] INFO  client.GrpcClientProtocolClient (GrpcClientProtocolClient.java:onNext(264)) - client-734BBEB428D7->a5e38e3e-c2ad-4348-acb9-3fc25cfb14dd: receive RaftClientReply:client-734BBEB428D7->a5e38e3e-c2ad-4348-acb9-3fc25cfb14dd@group-7000B19605CB, cid=3365, SUCCESS, logIndex=0, commits[a5e38e3e-c2ad-4348-acb9-3fc25cfb14dd:c5076, 11e48d46-e648-47f9-b6a0-9c7f26654c28:c5072, d1b6a90e-e817-40a7-bec1-608b5cc7d8b6:c5072]
2019-09-11 04:26:16,556 [grpc-default-executor-2] INFO  client.GrpcClientProtocolClient (GrpcClientProtocolClient.java:onNext(264)) - client-734BBEB428D7->a5e38e3e-c2ad-4348-acb9-3fc25cfb14dd: receive RaftClientReply:client-734BBEB428D7->a5e38e3e-c2ad-4348-acb9-3fc25cfb14dd@group-7000B19605CB, cid=3366, SUCCESS, logIndex=5079, commits[a5e38e3e-c2ad-4348-acb9-3fc25cfb14dd:c5080, 11e48d46-e648-47f9-b6a0-9c7f26654c28:c5078, d1b6a90e-e817-40a7-bec1-608b5cc7d8b6:c5078]
2019-09-11 04:26:16,556 [grpc-default-executor-2] INFO  client.GrpcClientProtocolClient (GrpcClientProtocolClient.java:onNext(264)) - client-734BBEB428D7->a5e38e3e-c2ad-4348-acb9-3fc25cfb14dd: receive RaftClientReply:client-734BBEB428D7->a5e38e3e-c2ad-4348-acb9-3fc25cfb14dd@group-7000B19605CB, cid=3367, SUCCESS, logIndex=5080, commits[a5e38e3e-c2ad-4348-acb9-3fc25cfb14dd:c5080, 11e48d46-e648-47f9-b6a0-9c7f26654c28:c5078, d1b6a90e-e817-40a7-bec1-608b5cc7d8b6:c5078]
2019-09-11 04:26:16,570 [grpc-default-executor-1] INFO  client.GrpcClientProtocolClient (GrpcClientProtocolClient.java:onNext(264)) - client-734BBEB428D7->a5e38e3e-c2ad-4348-acb9-3fc25cfb14dd: receive RaftClientReply:client-734BBEB428D7->a5e38e3e-c2ad-4348-acb9-3fc25cfb14dd@group-7000B19605CB, cid=3368, SUCCESS, logIndex=5083, commits[a5e38e3e-c2ad-4348-acb9-3fc25cfb14dd:c5084, 11e48d46-e648-47f9-b6a0-9c7f26654c28:c5080, d1b6a90e-e817-40a7-bec1-608b5cc7d8b6:c5080]
2019-09-11 04:26:16,571 [grpc-default-executor-1] INFO  client.GrpcClientProtocolClient (GrpcClientProtocolClient.java:onNext(264)) - client-734BBEB428D7->a5e38e3e-c2ad-4348-acb9-3fc25cfb14dd: receive RaftClientReply:client-734BBEB428D7->a5e38e3e-c2ad-4348-acb9-3fc25cfb14dd@group-7000B19605CB, cid=3369, SUCCESS, logIndex=5084, commits[a5e38e3e-c2ad-4348-acb9-3fc25cfb14dd:c5084, 11e48d46-e648-47f9-b6a0-9c7f26654c28:c5080, d1b6a90e-e817-40a7-bec1-608b5cc7d8b6:c5080]
2019-09-11 04:26:16,583 [grpc-default-executor-4] INFO  client.GrpcClientProtocolClient (GrpcClientProtocolClient.java:onNext(264)) - client-734BBEB428D7->a5e38e3e-c2ad-4348-acb9-3fc25cfb14dd: receive RaftClientReply:client-734BBEB428D7->a5e38e3e-c2ad-4348-acb9-3fc25cfb14dd@group-7000B19605CB, cid=3370, SUCCESS, logIndex=0, commits[a5e38e3e-c2ad-4348-acb9-3fc25cfb14dd:c5086, 11e48d46-e648-47f9-b6a0-9c7f26654c28:c5084, d1b6a90e-e817-40a7-bec1-608b5cc7d8b6:c5084]
2019-09-11 04:26:16,610 [grpc-default-executor-2] INFO  client.GrpcClientProtocolClient (GrpcClientProtocolClient.java:onNext(264)) - client-734BBEB428D7->a5e38e3e-c2ad-4348-acb9-3fc25cfb14dd: receive RaftClientReply:client-734BBEB428D7->a5e38e3e-c2ad-4348-acb9-3fc25cfb14dd@group-7000B19605CB, cid=3371, SUCCESS, logIndex=5087, commits[a5e38e3e-c2ad-4348-acb9-3fc25cfb14dd:c5088, 11e48d46-e648-47f9-b6a0-9c7f26654c28:c5086, d1b6a90e-e817-40a7-bec1-608b5cc7d8b6:c5086]
2019-09-11 04:26:16,611 [grpc-default-executor-2] INFO  client.GrpcClientProtocolClient (GrpcClientProtocolClient.java:onNext(264)) - client-734BBEB428D7->a5e38e3e-c2ad-4348-acb9-3fc25cfb14dd: receive RaftClientReply:client-734BBEB428D7->a5e38e3e-c2ad-4348-acb9-3fc25cfb14dd@group-7000B19605CB, cid=3372, SUCCESS, logIndex=5088, commits[a5e38e3e-c2ad-4348-acb9-3fc25cfb14dd:c5088, 11e48d46-e648-47f9-b6a0-9c7f26654c28:c5086, d1b6a90e-e817-40a7-bec1-608b5cc7d8b6:c5086]
2019-09-11 04:26:16,612 [grpc-default-executor-3] INFO  client.GrpcClientProtocolClient (GrpcClientProtocolClient.java:onNext(264)) - client-734BBEB428D7->a5e38e3e-c2ad-4348-acb9-3fc25cfb14dd: receive RaftClientReply:client-734BBEB428D7->a5e38e3e-c2ad-4348-acb9-3fc25cfb14dd@group-7000B19605CB, cid=3373, SUCCESS, logIndex=5089, commits[a5e38e3e-c2ad-4348-acb9-3fc25cfb14dd:c5090, 11e48d46-e648-47f9-b6a0-9c7f26654c28:c5086, d1b6a90e-e817-40a7-bec1-608b5cc7d8b6:c5086]
2019-09-11 04:26:16,612 [grpc-default-executor-3] INFO  client.GrpcClientProtocolClient (GrpcClientProtocolClient.java:onNext(264)) - client-734BBEB428D7->a5e38e3e-c2ad-4348-acb9-3fc25cfb14dd: receive RaftClientReply:client-734BBEB428D7->a5e38e3e-c2ad-4348-acb9-3fc25cfb14dd@group-7000B19605CB, cid=3374, SUCCESS, logIndex=5090, commits[a5e38e3e-c2ad-4348-acb9-3fc25cfb14dd:c5090, 11e48d46-e648-47f9-b6a0-9c7f26654c28:c5086, d1b6a90e-e817-40a7-bec1-608b5cc7d8b6:c5086]
2019-09-11 04:26:16,613 [grpc-default-executor-3] INFO  client.GrpcClientProtocolClient (GrpcClientProtocolClient.java:onNext(264)) - client-734BBEB428D7->a5e38e3e-c2ad-4348-acb9-3fc25cfb14dd: receive RaftClientReply:client-734BBEB428D7->a5e38e3e-c2ad-4348-acb9-3fc25cfb14dd@group-7000B19605CB, cid=3375, SUCCESS, logIndex=0, commits[a5e38e3e-c2ad-4348-acb9-3fc25cfb14dd:c5092, 11e48d46-e648-47f9-b6a0-9c7f26654c28:c5088, d1b6a90e-e817-40a7-bec1-608b5cc7d8b6:c5088]
2019-09-11 04:26:16,632 [grpc-default-executor-4] INFO  client.GrpcClientProtocolClient (GrpcClientProtocolClient.java:onNext(264)) - client-734BBEB428D7->a5e38e3e-c2ad-4348-acb9-3fc25cfb14dd: receive RaftClientReply:client-734BBEB428D7->a5e38e3e-c2ad-4348-acb9-3fc25cfb14dd@group-7000B19605CB, cid=3376, SUCCESS, logIndex=5095, commits[a5e38e3e-c2ad-4348-acb9-3fc25cfb14dd:c5096, 11e48d46-e648-47f9-b6a0-9c7f26654c28:c5094, d1b6a90e-e817-40a7-bec1-608b5cc7d8b6:c5094]
2019-09-11 04:26:16,632 [grpc-default-executor-4] INFO  client.GrpcClientProtocolClient (GrpcClientProtocolClient.java:onNext(264)) - client-734BBEB428D7->a5e38e3e-c2ad-4348-acb9-3fc25cfb14dd: receive RaftClientReply:client-734BBEB428D7->a5e38e3e-c2ad-4348-acb9-3fc25cfb14dd@group-7000B19605CB, cid=3377, SUCCESS, logIndex=5096, commits[a5e38e3e-c2ad-4348-acb9-3fc25cfb14dd:c5096, 11e48d46-e648-47f9-b6a0-9c7f26654c28:c5094, d1b6a90e-e817-40a7-bec1-608b5cc7d8b6:c5094]
2019-09-11 04:26:16,645 [grpc-default-executor-2] INFO  client.GrpcClientProtocolClient (GrpcClientProtocolClient.java:onNext(264)) - client-734BBEB428D7->a5e38e3e-c2ad-4348-acb9-3fc25cfb14dd: receive RaftClientReply:client-734BBEB428D7->a5e38e3e-c2ad-4348-acb9-3fc25cfb14dd@group-7000B19605CB, cid=3378, SUCCESS, logIndex=5099, commits[a5e38e3e-c2ad-4348-acb9-3fc25cfb14dd:c5100, 11e48d46-e648-47f9-b6a0-9c7f26654c28:c5096, d1b6a90e-e817-40a7-bec1-608b5cc7d8b6:c5096]
2019-09-11 04:26:16,645 [grpc-default-executor-2] INFO  client.GrpcClientProtocolClient (GrpcClientProtocolClient.java:onNext(264)) - client-734BBEB428D7->a5e38e3e-c2ad-4348-acb9-3fc25cfb14dd: receive RaftClientReply:client-734BBEB428D7->a5e38e3e-c2ad-4348-acb9-3fc25cfb14dd@group-7000B19605CB, cid=3379, SUCCESS, logIndex=5100, commits[a5e38e3e-c2ad-4348-acb9-3fc25cfb14dd:c5100, 11e48d46-e648-47f9-b6a0-9c7f26654c28:c5096, d1b6a90e-e817-40a7-bec1-608b5cc7d8b6:c5096]
2019-09-11 04:26:16,658 [grpc-default-executor-2] INFO  client.GrpcClientProtocolClient (GrpcClientProtocolClient.java:onNext(264)) - client-734BBEB428D7->a5e38e3e-c2ad-4348-acb9-3fc25cfb14dd: receive RaftClientReply:client-734BBEB428D7->a5e38e3e-c2ad-4348-acb9-3fc25cfb14dd@group-7000B19605CB, cid=3380, SUCCESS, logIndex=0, commits[a5e38e3e-c2ad-4348-acb9-3fc25cfb14dd:c5102, 11e48d46-e648-47f9-b6a0-9c7f26654c28:c5100, d1b6a90e-e817-40a7-bec1-608b5cc7d8b6:c5100]
2019-09-11 04:26:16,684 [grpc-default-executor-3] INFO  client.GrpcClientProtocolClient (GrpcClientProtocolClient.java:onNext(264)) - client-734BBEB428D7->a5e38e3e-c2ad-4348-acb9-3fc25cfb14dd: receive RaftClientReply:client-734BBEB428D7->a5e38e3e-c2ad-4348-acb9-3fc25cfb14dd@group-7000B19605CB, cid=3381, SUCCESS, logIndex=5103, commits[a5e38e3e-c2ad-4348-acb9-3fc25cfb14dd:c5104, 11e48d46-e648-47f9-b6a0-9c7f26654c28:c5102, d1b6a90e-e817-40a7-bec1-608b5cc7d8b6:c5102]
2019-09-11 04:26:16,684 [grpc-default-executor-3] INFO  client.GrpcClientProtocolClient (GrpcClientProtocolClient.java:onNext(264)) - client-734BBEB428D7->a5e38e3e-c2ad-4348-acb9-3fc25cfb14dd: receive RaftClientReply:client-734BBEB428D7->a5e38e3e-c2ad-4348-acb9-3fc25cfb14dd@group-7000B19605CB, cid=3382, SUCCESS, logIndex=5104, commits[a5e38e3e-c2ad-4348-acb9-3fc25cfb14dd:c5106, 11e48d46-e648-47f9-b6a0-9c7f26654c28:c5102, d1b6a90e-e817-40a7-bec1-608b5cc7d8b6:c5102]
2019-09-11 04:26:16,685 [grpc-default-executor-3] INFO  client.GrpcClientProtocolClient (GrpcClientProtocolClient.java:onNext(264)) - client-734BBEB428D7->a5e38e3e-c2ad-4348-acb9-3fc25cfb14dd: receive RaftClientReply:client-734BBEB428D7->a5e38e3e-c2ad-4348-acb9-3fc25cfb14dd@group-7000B19605CB, cid=3383, SUCCESS, logIndex=5105, commits[a5e38e3e-c2ad-4348-acb9-3fc25cfb14dd:c5106, 11e48d46-e648-47f9-b6a0-9c7f26654c28:c5102, d1b6a90e-e817-40a7-bec1-608b5cc7d8b6:c5102]
2019-09-11 04:26:16,685 [grpc-default-executor-3] INFO  client.GrpcClientProtocolClient (GrpcClientProtocolClient.java:onNext(264)) - client-734BBEB428D7->a5e38e3e-c2ad-4348-acb9-3fc25cfb14dd: receive RaftClientReply:client-734BBEB428D7->a5e38e3e-c2ad-4348-acb9-3fc25cfb14dd@group-7000B19605CB, cid=3384, SUCCESS, logIndex=5106, commits[a5e38e3e-c2ad-4348-acb9-3fc25cfb14dd:c5106, 11e48d46-e648-47f9-b6a0-9c7f26654c28:c5102, d1b6a90e-e817-40a7-bec1-608b5cc7d8b6:c5102]
2019-09-11 04:26:16,695 [grpc-default-executor-3] INFO  client.GrpcClientProtocolClient (GrpcClientProtocolClient.java:onNext(264)) - client-734BBEB428D7->a5e38e3e-c2ad-4348-acb9-3fc25cfb14dd: receive RaftClientReply:client-734BBEB428D7->a5e38e3e-c2ad-4348-acb9-3fc25cfb14dd@group-7000B19605CB, cid=3385, SUCCESS, logIndex=0, commits[a5e38e3e-c2ad-4348-acb9-3fc25cfb14dd:c5110, 11e48d46-e648-47f9-b6a0-9c7f26654c28:c5104, d1b6a90e-e817-40a7-bec1-608b5cc7d8b6:c5106]
2019-09-11 04:26:16,718 [grpc-default-executor-3] INFO  client.GrpcClientProtocolClient (GrpcClientProtocolClient.java:onNext(264)) - client-734BBEB428D7->a5e38e3e-c2ad-4348-acb9-3fc25cfb14dd: receive RaftClientReply:client-734BBEB428D7->a5e38e3e-c2ad-4348-acb9-3fc25cfb14dd@group-7000B19605CB, cid=3386, SUCCESS, logIndex=5111, commits[a5e38e3e-c2ad-4348-acb9-3fc25cfb14dd:c5112, 11e48d46-e648-47f9-b6a0-9c7f26654c28:c5110, d1b6a90e-e817-40a7-bec1-608b5cc7d8b6:c5110]
2019-09-11 04:26:16,718 [grpc-default-executor-3] INFO  client.GrpcClientProtocolClient (GrpcClientProtocolClient.java:onNext(264)) - client-734BBEB428D7->a5e38e3e-c2ad-4348-acb9-3fc25cfb14dd: receive RaftClientReply:client-734BBEB428D7->a5e38e3e-c2ad-4348-acb9-3fc25cfb14dd@group-7000B19605CB, cid=3387, SUCCESS, logIndex=5112, commits[a5e38e3e-c2ad-4348-acb9-3fc25cfb14dd:c5112, 11e48d46-e648-47f9-b6a0-9c7f26654c28:c5110, d1b6a90e-e817-40a7-bec1-608b5cc7d8b6:c5110]
2019-09-11 04:26:16,732 [grpc-default-executor-2] INFO  client.GrpcClientProtocolClient (GrpcClientProtocolClient.java:onNext(264)) - client-734BBEB428D7->a5e38e3e-c2ad-4348-acb9-3fc25cfb14dd: receive RaftClientReply:client-734BBEB428D7->a5e38e3e-c2ad-4348-acb9-3fc25cfb14dd@group-7000B19605CB, cid=3388, SUCCESS, logIndex=5115, commits[a5e38e3e-c2ad-4348-acb9-3fc25cfb14dd:c5116, 11e48d46-e648-47f9-b6a0-9c7f26654c28:c5112, d1b6a90e-e817-40a7-bec1-608b5cc7d8b6:c5112]
2019-09-11 04:26:16,732 [grpc-default-executor-2] INFO  client.GrpcClientProtocolClient (GrpcClientProtocolClient.java:onNext(264)) - client-734BBEB428D7->a5e38e3e-c2ad-4348-acb9-3fc25cfb14dd: receive RaftClientReply:client-734BBEB428D7->a5e38e3e-c2ad-4348-acb9-3fc25cfb14dd@group-7000B19605CB, cid=3389, SUCCESS, logIndex=5116, commits[a5e38e3e-c2ad-4348-acb9-3fc25cfb14dd:c5116, 11e48d46-e648-47f9-b6a0-9c7f26654c28:c5112, d1b6a90e-e817-40a7-bec1-608b5cc7d8b6:c5112]
2019-09-11 04:26:16,747 [grpc-default-executor-2] INFO  client.GrpcClientProtocolClient (GrpcClientProtocolClient.java:onNext(264)) - client-734BBEB428D7->a5e38e3e-c2ad-4348-acb9-3fc25cfb14dd: receive RaftClientReply:client-734BBEB428D7->a5e38e3e-c2ad-4348-acb9-3fc25cfb14dd@group-7000B19605CB, cid=3390, SUCCESS, logIndex=0, commits[a5e38e3e-c2ad-4348-acb9-3fc25cfb14dd:c5118, 11e48d46-e648-47f9-b6a0-9c7f26654c28:c5116, d1b6a90e-e817-40a7-bec1-608b5cc7d8b6:c5116]
2019-09-11 04:26:16,776 [grpc-default-executor-2] INFO  client.GrpcClientProtocolClient (GrpcClientProtocolClient.java:onNext(264)) - client-734BBEB428D7->a5e38e3e-c2ad-4348-acb9-3fc25cfb14dd: receive RaftClientReply:client-734BBEB428D7->a5e38e3e-c2ad-4348-acb9-3fc25cfb14dd@group-7000B19605CB, cid=3391, SUCCESS, logIndex=5119, commits[a5e38e3e-c2ad-4348-acb9-3fc25cfb14dd:c5120, 11e48d46-e648-47f9-b6a0-9c7f26654c28:c5118, d1b6a90e-e817-40a7-bec1-608b5cc7d8b6:c5118]
2019-09-11 04:26:16,777 [grpc-default-executor-4] INFO  client.GrpcClientProtocolClient (GrpcClientProtocolClient.java:onNext(264)) - client-734BBEB428D7->a5e38e3e-c2ad-4348-acb9-3fc25cfb14dd: receive RaftClientReply:client-734BBEB428D7->a5e38e3e-c2ad-4348-acb9-3fc25cfb14dd@group-7000B19605CB, cid=3392, SUCCESS, logIndex=5120, commits[a5e38e3e-c2ad-4348-acb9-3fc25cfb14dd:c5120, 11e48d46-e648-47f9-b6a0-9c7f26654c28:c5118, d1b6a90e-e817-40a7-bec1-608b5cc7d8b6:c5118]
2019-09-11 04:26:16,777 [grpc-default-executor-4] INFO  client.GrpcClientProtocolClient (GrpcClientProtocolClient.java:onNext(264)) - client-734BBEB428D7->a5e38e3e-c2ad-4348-acb9-3fc25cfb14dd: receive RaftClientReply:client-734BBEB428D7->a5e38e3e-c2ad-4348-acb9-3fc25cfb14dd@group-7000B19605CB, cid=3393, SUCCESS, logIndex=5121, commits[a5e38e3e-c2ad-4348-acb9-3fc25cfb14dd:c5122, 11e48d46-e648-47f9-b6a0-9c7f26654c28:c5118, d1b6a90e-e817-40a7-bec1-608b5cc7d8b6:c5118]
2019-09-11 04:26:16,777 [grpc-default-executor-4] INFO  client.GrpcClientProtocolClient (GrpcClientProtocolClient.java:onNext(264)) - client-734BBEB428D7->a5e38e3e-c2ad-4348-acb9-3fc25cfb14dd: receive RaftClientReply:client-734BBEB428D7->a5e38e3e-c2ad-4348-acb9-3fc25cfb14dd@group-7000B19605CB, cid=3394, SUCCESS, logIndex=5122, commits[a5e38e3e-c2ad-4348-acb9-3fc25cfb14dd:c5122, 11e48d46-e648-47f9-b6a0-9c7f26654c28:c5118, d1b6a90e-e817-40a7-bec1-608b5cc7d8b6:c5118]
2019-09-11 04:26:16,778 [grpc-default-executor-3] INFO  client.GrpcClientProtocolClient (GrpcClientProtocolClient.java:onNext(264)) - client-734BBEB428D7->a5e38e3e-c2ad-4348-acb9-3fc25cfb14dd: receive RaftClientReply:client-734BBEB428D7->a5e38e3e-c2ad-4348-acb9-3fc25cfb14dd@group-7000B19605CB, cid=3395, SUCCESS, logIndex=0, commits[a5e38e3e-c2ad-4348-acb9-3fc25cfb14dd:c5124, 11e48d46-e648-47f9-b6a0-9c7f26654c28:c5120, d1b6a90e-e817-40a7-bec1-608b5cc7d8b6:c5120]
2019-09-11 04:26:16,796 [grpc-default-executor-3] INFO  client.GrpcClientProtocolClient (GrpcClientProtocolClient.java:onNext(264)) - client-734BBEB428D7->a5e38e3e-c2ad-4348-acb9-3fc25cfb14dd: receive RaftClientReply:client-734BBEB428D7->a5e38e3e-c2ad-4348-acb9-3fc25cfb14dd@group-7000B19605CB, cid=3396, SUCCESS, logIndex=5127, commits[a5e38e3e-c2ad-4348-acb9-3fc25cfb14dd:c5128, 11e48d46-e648-47f9-b6a0-9c7f26654c28:c5126, d1b6a90e-e817-40a7-bec1-608b5cc7d8b6:c5126]
2019-09-11 04:26:16,797 [grpc-default-executor-3] INFO  client.GrpcClientProtocolClient (GrpcClientProtocolClient.java:onNext(264)) - client-734BBEB428D7->a5e38e3e-c2ad-4348-acb9-3fc25cfb14dd: receive RaftClientReply:client-734BBEB428D7->a5e38e3e-c2ad-4348-acb9-3fc25cfb14dd@group-7000B19605CB, cid=3397, SUCCESS, logIndex=5128, commits[a5e38e3e-c2ad-4348-acb9-3fc25cfb14dd:c5128, 11e48d46-e648-47f9-b6a0-9c7f26654c28:c5126, d1b6a90e-e817-40a7-bec1-608b5cc7d8b6:c5126]
2019-09-11 04:26:16,809 [grpc-default-executor-4] INFO  client.GrpcClientProtocolClient (GrpcClientProtocolClient.java:onNext(264)) - client-734BBEB428D7->a5e38e3e-c2ad-4348-acb9-3fc25cfb14dd: receive RaftClientReply:client-734BBEB428D7->a5e38e3e-c2ad-4348-acb9-3fc25cfb14dd@group-7000B19605CB, cid=3398, SUCCESS, logIndex=5131, commits[a5e38e3e-c2ad-4348-acb9-3fc25cfb14dd:c5132, 11e48d46-e648-47f9-b6a0-9c7f26654c28:c5128, d1b6a90e-e817-40a7-bec1-608b5cc7d8b6:c5128]
2019-09-11 04:26:16,810 [grpc-default-executor-4] INFO  client.GrpcClientProtocolClient (GrpcClientProtocolClient.java:onNext(264)) - client-734BBEB428D7->a5e38e3e-c2ad-4348-acb9-3fc25cfb14dd: receive RaftClientReply:client-734BBEB428D7->a5e38e3e-c2ad-4348-acb9-3fc25cfb14dd@group-7000B19605CB, cid=3399, SUCCESS, logIndex=5132, commits[a5e38e3e-c2ad-4348-acb9-3fc25cfb14dd:c5132, 11e48d46-e648-47f9-b6a0-9c7f26654c28:c5128, d1b6a90e-e817-40a7-bec1-608b5cc7d8b6:c5128]
2019-09-11 04:26:16,821 [grpc-default-executor-4] INFO  client.GrpcClientProtocolClient (GrpcClientProtocolClient.java:onNext(264)) - client-734BBEB428D7->a5e38e3e-c2ad-4348-acb9-3fc25cfb14dd: receive RaftClientReply:client-734BBEB428D7->a5e38e3e-c2ad-4348-acb9-3fc25cfb14dd@group-7000B19605CB, cid=3400, SUCCESS, logIndex=0, commits[a5e38e3e-c2ad-4348-acb9-3fc25cfb14dd:c5133, 11e48d46-e648-47f9-b6a0-9c7f26654c28:c5132, d1b6a90e-e817-40a7-bec1-608b5cc7d8b6:c5132]
2019-09-11 04:26:16,869 [grpc-default-executor-1] INFO  client.GrpcClientProtocolClient (GrpcClientProtocolClient.java:onNext(264)) - client-734BBEB428D7->a5e38e3e-c2ad-4348-acb9-3fc25cfb14dd: receive RaftClientReply:client-734BBEB428D7->a5e38e3e-c2ad-4348-acb9-3fc25cfb14dd@group-7000B19605CB, cid=3401, SUCCESS, logIndex=5135, commits[a5e38e3e-c2ad-4348-acb9-3fc25cfb14dd:c5136, 11e48d46-e648-47f9-b6a0-9c7f26654c28:c5134, d1b6a90e-e817-40a7-bec1-608b5cc7d8b6:c5134]
2019-09-11 04:26:16,869 [grpc-default-executor-1] INFO  client.GrpcClientProtocolClient (GrpcClientProtocolClient.java:onNext(264)) - client-734BBEB428D7->a5e38e3e-c2ad-4348-acb9-3fc25cfb14dd: receive RaftClientReply:client-734BBEB428D7->a5e38e3e-c2ad-4348-acb9-3fc25cfb14dd@group-7000B19605CB, cid=3402, SUCCESS, logIndex=5136, commits[a5e38e3e-c2ad-4348-acb9-3fc25cfb14dd:c5136, 11e48d46-e648-47f9-b6a0-9c7f26654c28:c5134, d1b6a90e-e817-40a7-bec1-608b5cc7d8b6:c5134]
2019-09-11 04:26:16,878 [grpc-default-executor-1] INFO  client.GrpcClientProtocolClient (GrpcClientProtocolClient.java:onNext(264)) - client-734BBEB428D7->a5e38e3e-c2ad-4348-acb9-3fc25cfb14dd: receive RaftClientReply:client-734BBEB428D7->a5e38e3e-c2ad-4348-acb9-3fc25cfb14dd@group-7000B19605CB, cid=3403, SUCCESS, logIndex=5137, commits[a5e38e3e-c2ad-4348-acb9-3fc25cfb14dd:c5138, 11e48d46-e648-47f9-b6a0-9c7f26654c28:c5134, d1b6a90e-e817-40a7-bec1-608b5cc7d8b6:c5134]
2019-09-11 04:26:16,878 [grpc-default-executor-1] INFO  client.GrpcClientProtocolClient (GrpcClientProtocolClient.java:onNext(264)) - client-734BBEB428D7->a5e38e3e-c2ad-4348-acb9-3fc25cfb14dd: receive RaftClientReply:client-734BBEB428D7->a5e38e3e-c2ad-4348-acb9-3fc25cfb14dd@group-7000B19605CB, cid=3404, SUCCESS, logIndex=5138, commits[a5e38e3e-c2ad-4348-acb9-3fc25cfb14dd:c5138, 11e48d46-e648-47f9-b6a0-9c7f26654c28:c5134, d1b6a90e-e817-40a7-bec1-608b5cc7d8b6:c5134]
2019-09-11 04:26:16,890 [grpc-default-executor-4] INFO  client.GrpcClientProtocolClient (GrpcClientProtocolClient.java:onNext(264)) - client-734BBEB428D7->a5e38e3e-c2ad-4348-acb9-3fc25cfb14dd: receive RaftClientReply:client-734BBEB428D7->a5e38e3e-c2ad-4348-acb9-3fc25cfb14dd@group-7000B19605CB, cid=3405, SUCCESS, logIndex=0, commits[a5e38e3e-c2ad-4348-acb9-3fc25cfb14dd:c5140, 11e48d46-e648-47f9-b6a0-9c7f26654c28:c5136, d1b6a90e-e817-40a7-bec1-608b5cc7d8b6:c5136]
2019-09-11 04:26:16,908 [grpc-default-executor-1] INFO  client.GrpcClientProtocolClient (GrpcClientProtocolClient.java:onNext(264)) - client-734BBEB428D7->a5e38e3e-c2ad-4348-acb9-3fc25cfb14dd: receive RaftClientReply:client-734BBEB428D7->a5e38e3e-c2ad-4348-acb9-3fc25cfb14dd@group-7000B19605CB, cid=3406, SUCCESS, logIndex=5143, commits[a5e38e3e-c2ad-4348-acb9-3fc25cfb14dd:c5144, 11e48d46-e648-47f9-b6a0-9c7f26654c28:c5142, d1b6a90e-e817-40a7-bec1-608b5cc7d8b6:c5142]
2019-09-11 04:26:16,908 [grpc-default-executor-1] INFO  client.GrpcClientProtocolClient (GrpcClientProtocolClient.java:onNext(264)) - client-734BBEB428D7->a5e38e3e-c2ad-4348-acb9-3fc25cfb14dd: receive RaftClientReply:client-734BBEB428D7->a5e38e3e-c2ad-4348-acb9-3fc25cfb14dd@group-7000B19605CB, cid=3407, SUCCESS, logIndex=5144, commits[a5e38e3e-c2ad-4348-acb9-3fc25cfb14dd:c5144, 11e48d46-e648-47f9-b6a0-9c7f26654c28:c5142, d1b6a90e-e817-40a7-bec1-608b5cc7d8b6:c5142]
2019-09-11 04:26:16,921 [grpc-default-executor-3] INFO  client.GrpcClientProtocolClient (GrpcClientProtocolClient.java:onNext(264)) - client-734BBEB428D7->a5e38e3e-c2ad-4348-acb9-3fc25cfb14dd: receive RaftClientReply:client-734BBEB428D7->a5e38e3e-c2ad-4348-acb9-3fc25cfb14dd@group-7000B19605CB, cid=3408, SUCCESS, logIndex=5147, commits[a5e38e3e-c2ad-4348-acb9-3fc25cfb14dd:c5148, 11e48d46-e648-47f9-b6a0-9c7f26654c28:c5144, d1b6a90e-e817-40a7-bec1-608b5cc7d8b6:c5144]
2019-09-11 04:26:16,921 [grpc-default-executor-3] INFO  client.GrpcClientProtocolClient (GrpcClientProtocolClient.java:onNext(264)) - client-734BBEB428D7->a5e38e3e-c2ad-4348-acb9-3fc25cfb14dd: receive RaftClientReply:client-734BBEB428D7->a5e38e3e-c2ad-4348-acb9-3fc25cfb14dd@group-7000B19605CB, cid=3409, SUCCESS, logIndex=5148, commits[a5e38e3e-c2ad-4348-acb9-3fc25cfb14dd:c5148, 11e48d46-e648-47f9-b6a0-9c7f26654c28:c5144, d1b6a90e-e817-40a7-bec1-608b5cc7d8b6:c5144]
2019-09-11 04:26:16,934 [grpc-default-executor-4] INFO  client.GrpcClientProtocolClient (GrpcClientProtocolClient.java:onNext(264)) - client-734BBEB428D7->a5e38e3e-c2ad-4348-acb9-3fc25cfb14dd: receive RaftClientReply:client-734BBEB428D7->a5e38e3e-c2ad-4348-acb9-3fc25cfb14dd@group-7000B19605CB, cid=3410, SUCCESS, logIndex=0, commits[a5e38e3e-c2ad-4348-acb9-3fc25cfb14dd:c5149, 11e48d46-e648-47f9-b6a0-9c7f26654c28:c5148, d1b6a90e-e817-40a7-bec1-608b5cc7d8b6:c5148]
2019-09-11 04:26:16,964 [grpc-default-executor-3] INFO  client.GrpcClientProtocolClient (GrpcClientProtocolClient.java:onNext(264)) - client-734BBEB428D7->a5e38e3e-c2ad-4348-acb9-3fc25cfb14dd: receive RaftClientReply:client-734BBEB428D7->a5e38e3e-c2ad-4348-acb9-3fc25cfb14dd@group-7000B19605CB, cid=3411, SUCCESS, logIndex=5151, commits[a5e38e3e-c2ad-4348-acb9-3fc25cfb14dd:c5153, 11e48d46-e648-47f9-b6a0-9c7f26654c28:c5150, d1b6a90e-e817-40a7-bec1-608b5cc7d8b6:c5150]
2019-09-11 04:26:16,965 [grpc-default-executor-3] INFO  client.GrpcClientProtocolClient (GrpcClientProtocolClient.java:onNext(264)) - client-734BBEB428D7->a5e38e3e-c2ad-4348-acb9-3fc25cfb14dd: receive RaftClientReply:client-734BBEB428D7->a5e38e3e-c2ad-4348-acb9-3fc25cfb14dd@group-7000B19605CB, cid=3412, SUCCESS, logIndex=5152, commits[a5e38e3e-c2ad-4348-acb9-3fc25cfb14dd:c5154, 11e48d46-e648-47f9-b6a0-9c7f26654c28:c5150, d1b6a90e-e817-40a7-bec1-608b5cc7d8b6:c5150]
2019-09-11 04:26:16,965 [grpc-default-executor-3] INFO  client.GrpcClientProtocolClient (GrpcClientProtocolClient.java:onNext(264)) - client-734BBEB428D7->a5e38e3e-c2ad-4348-acb9-3fc25cfb14dd: receive RaftClientReply:client-734BBEB428D7->a5e38e3e-c2ad-4348-acb9-3fc25cfb14dd@group-7000B19605CB, cid=3413, SUCCESS, logIndex=5153, commits[a5e38e3e-c2ad-4348-acb9-3fc25cfb14dd:c5154, 11e48d46-e648-47f9-b6a0-9c7f26654c28:c5150, d1b6a90e-e817-40a7-bec1-608b5cc7d8b6:c5150]
2019-09-11 04:26:16,965 [grpc-default-executor-3] INFO  client.GrpcClientProtocolClient (GrpcClientProtocolClient.java:onNext(264)) - client-734BBEB428D7->a5e38e3e-c2ad-4348-acb9-3fc25cfb14dd: receive RaftClientReply:client-734BBEB428D7->a5e38e3e-c2ad-4348-acb9-3fc25cfb14dd@group-7000B19605CB, cid=3414, SUCCESS, logIndex=5154, commits[a5e38e3e-c2ad-4348-acb9-3fc25cfb14dd:c5155, 11e48d46-e648-47f9-b6a0-9c7f26654c28:c5150, d1b6a90e-e817-40a7-bec1-608b5cc7d8b6:c5151]
2019-09-11 04:26:16,967 [grpc-default-executor-4] INFO  client.GrpcClientProtocolClient (GrpcClientProtocolClient.java:onNext(264)) - client-734BBEB428D7->a5e38e3e-c2ad-4348-acb9-3fc25cfb14dd: receive RaftClientReply:client-734BBEB428D7->a5e38e3e-c2ad-4348-acb9-3fc25cfb14dd@group-7000B19605CB, cid=3415, SUCCESS, logIndex=0, commits[a5e38e3e-c2ad-4348-acb9-3fc25cfb14dd:c5157, 11e48d46-e648-47f9-b6a0-9c7f26654c28:c5153, d1b6a90e-e817-40a7-bec1-608b5cc7d8b6:c5152]
2019-09-11 04:26:16,993 [grpc-default-executor-3] INFO  client.GrpcClientProtocolClient (GrpcClientProtocolClient.java:onNext(264)) - client-734BBEB428D7->a5e38e3e-c2ad-4348-acb9-3fc25cfb14dd: receive RaftClientReply:client-734BBEB428D7->a5e38e3e-c2ad-4348-acb9-3fc25cfb14dd@group-7000B19605CB, cid=3416, SUCCESS, logIndex=5159, commits[a5e38e3e-c2ad-4348-acb9-3fc25cfb14dd:c5160, 11e48d46-e648-47f9-b6a0-9c7f26654c28:c5158, d1b6a90e-e817-40a7-bec1-608b5cc7d8b6:c5154]
2019-09-11 04:26:16,994 [grpc-default-executor-3] INFO  client.GrpcClientProtocolClient (GrpcClientProtocolClient.java:onNext(264)) - client-734BBEB428D7->a5e38e3e-c2ad-4348-acb9-3fc25cfb14dd: receive RaftClientReply:client-734BBEB428D7->a5e38e3e-c2ad-4348-acb9-3fc25cfb14dd@group-7000B19605CB, cid=3417, SUCCESS, logIndex=5160, commits[a5e38e3e-c2ad-4348-acb9-3fc25cfb14dd:c5160, 11e48d46-e648-47f9-b6a0-9c7f26654c28:c5158, d1b6a90e-e817-40a7-bec1-608b5cc7d8b6:c5158]
2019-09-11 04:26:17,006 [grpc-default-executor-3] INFO  client.GrpcClientProtocolClient (GrpcClientProtocolClient.java:onNext(264)) - client-734BBEB428D7->a5e38e3e-c2ad-4348-acb9-3fc25cfb14dd: receive RaftClientReply:client-734BBEB428D7->a5e38e3e-c2ad-4348-acb9-3fc25cfb14dd@group-7000B19605CB, cid=3418, SUCCESS, logIndex=5162, commits[a5e38e3e-c2ad-4348-acb9-3fc25cfb14dd:c5163, 11e48d46-e648-47f9-b6a0-9c7f26654c28:c5160, d1b6a90e-e817-40a7-bec1-608b5cc7d8b6:c5160]
2019-09-11 04:26:17,007 [grpc-default-executor-3] INFO  client.GrpcClientProtocolClient (GrpcClientProtocolClient.java:onNext(264)) - client-734BBEB428D7->a5e38e3e-c2ad-4348-acb9-3fc25cfb14dd: receive RaftClientReply:client-734BBEB428D7->a5e38e3e-c2ad-4348-acb9-3fc25cfb14dd@group-7000B19605CB, cid=3419, SUCCESS, logIndex=5163, commits[a5e38e3e-c2ad-4348-acb9-3fc25cfb14dd:c5163, 11e48d46-e648-47f9-b6a0-9c7f26654c28:c5160, d1b6a90e-e817-40a7-bec1-608b5cc7d8b6:c5160]
2019-09-11 04:26:17,009 [grpc-default-executor-4] INFO  client.GrpcClientProtocolClient (GrpcClientProtocolClient.java:onNext(264)) - client-734BBEB428D7->a5e38e3e-c2ad-4348-acb9-3fc25cfb14dd: receive RaftClientReply:client-734BBEB428D7->a5e38e3e-c2ad-4348-acb9-3fc25cfb14dd@group-7000B19605CB, cid=3420, SUCCESS, logIndex=0, commits[a5e38e3e-c2ad-4348-acb9-3fc25cfb14dd:c5165, 11e48d46-e648-47f9-b6a0-9c7f26654c28:c5163, d1b6a90e-e817-40a7-bec1-608b5cc7d8b6:c5163]
2019-09-11 04:26:17,041 [grpc-default-executor-3] INFO  client.GrpcClientProtocolClient (GrpcClientProtocolClient.java:onNext(264)) - client-734BBEB428D7->a5e38e3e-c2ad-4348-acb9-3fc25cfb14dd: receive RaftClientReply:client-734BBEB428D7->a5e38e3e-c2ad-4348-acb9-3fc25cfb14dd@group-7000B19605CB, cid=3421, SUCCESS, logIndex=5166, commits[a5e38e3e-c2ad-4348-acb9-3fc25cfb14dd:c5167, 11e48d46-e648-47f9-b6a0-9c7f26654c28:c5165, d1b6a90e-e817-40a7-bec1-608b5cc7d8b6:c5165]
2019-09-11 04:26:17,042 [grpc-default-executor-3] INFO  client.GrpcClientProtocolClient (GrpcClientProtocolClient.java:onNext(264)) - client-734BBEB428D7->a5e38e3e-c2ad-4348-acb9-3fc25cfb14dd: receive RaftClientReply:client-734BBEB428D7->a5e38e3e-c2ad-4348-acb9-3fc25cfb14dd@group-7000B19605CB, cid=3422, SUCCESS, logIndex=5167, commits[a5e38e3e-c2ad-4348-acb9-3fc25cfb14dd:c5167, 11e48d46-e648-47f9-b6a0-9c7f26654c28:c5165, d1b6a90e-e817-40a7-bec1-608b5cc7d8b6:c5165]
2019-09-11 04:26:17,042 [grpc-default-executor-3] INFO  client.GrpcClientProtocolClient (GrpcClientProtocolClient.java:onNext(264)) - client-734BBEB428D7->a5e38e3e-c2ad-4348-acb9-3fc25cfb14dd: receive RaftClientReply:client-734BBEB428D7->a5e38e3e-c2ad-4348-acb9-3fc25cfb14dd@group-7000B19605CB, cid=3423, SUCCESS, logIndex=5168, commits[a5e38e3e-c2ad-4348-acb9-3fc25cfb14dd:c5169, 11e48d46-e648-47f9-b6a0-9c7f26654c28:c5165, d1b6a90e-e817-40a7-bec1-608b5cc7d8b6:c5165]
2019-09-11 04:26:17,043 [grpc-default-executor-3] INFO  client.GrpcClientProtocolClient (GrpcClientProtocolClient.java:onNext(264)) - client-734BBEB428D7->a5e38e3e-c2ad-4348-acb9-3fc25cfb14dd: receive RaftClientReply:client-734BBEB428D7->a5e38e3e-c2ad-4348-acb9-3fc25cfb14dd@group-7000B19605CB, cid=3424, SUCCESS, logIndex=5169, commits[a5e38e3e-c2ad-4348-acb9-3fc25cfb14dd:c5169, 11e48d46-e648-47f9-b6a0-9c7f26654c28:c5165, d1b6a90e-e817-40a7-bec1-608b5cc7d8b6:c5165]
2019-09-11 04:26:17,044 [grpc-default-executor-3] INFO  client.GrpcClientProtocolClient (GrpcClientProtocolClient.java:onNext(264)) - client-734BBEB428D7->a5e38e3e-c2ad-4348-acb9-3fc25cfb14dd: receive RaftClientReply:client-734BBEB428D7->a5e38e3e-c2ad-4348-acb9-3fc25cfb14dd@group-7000B19605CB, cid=3425, SUCCESS, logIndex=0, commits[a5e38e3e-c2ad-4348-acb9-3fc25cfb14dd:c5171, 11e48d46-e648-47f9-b6a0-9c7f26654c28:c5167, d1b6a90e-e817-40a7-bec1-608b5cc7d8b6:c5167]
2019-09-11 04:26:17,064 [grpc-default-executor-3] INFO  client.GrpcClientProtocolClient (GrpcClientProtocolClient.java:onNext(264)) - client-734BBEB428D7->a5e38e3e-c2ad-4348-acb9-3fc25cfb14dd: receive RaftClientReply:client-734BBEB428D7->a5e38e3e-c2ad-4348-acb9-3fc25cfb14dd@group-7000B19605CB, cid=3426, SUCCESS, logIndex=5174, commits[a5e38e3e-c2ad-4348-acb9-3fc25cfb14dd:c5175, 11e48d46-e648-47f9-b6a0-9c7f26654c28:c5173, d1b6a90e-e817-40a7-bec1-608b5cc7d8b6:c5173]
2019-09-11 04:26:17,064 [grpc-default-executor-3] INFO  client.GrpcClientProtocolClient (GrpcClientProtocolClient.java:onNext(264)) - client-734BBEB428D7->a5e38e3e-c2ad-4348-acb9-3fc25cfb14dd: receive RaftClientReply:client-734BBEB428D7->a5e38e3e-c2ad-4348-acb9-3fc25cfb14dd@group-7000B19605CB, cid=3427, SUCCESS, logIndex=5175, commits[a5e38e3e-c2ad-4348-acb9-3fc25cfb14dd:c5175, 11e48d46-e648-47f9-b6a0-9c7f26654c28:c5173, d1b6a90e-e817-40a7-bec1-608b5cc7d8b6:c5173]
2019-09-11 04:26:17,076 [grpc-default-executor-2] INFO  client.GrpcClientProtocolClient (GrpcClientProtocolClient.java:onNext(264)) - client-734BBEB428D7->a5e38e3e-c2ad-4348-acb9-3fc25cfb14dd: receive RaftClientReply:client-734BBEB428D7->a5e38e3e-c2ad-4348-acb9-3fc25cfb14dd@group-7000B19605CB, cid=3428, SUCCESS, logIndex=5178, commits[a5e38e3e-c2ad-4348-acb9-3fc25cfb14dd:c5179, 11e48d46-e648-47f9-b6a0-9c7f26654c28:c5175, d1b6a90e-e817-40a7-bec1-608b5cc7d8b6:c5175]
2019-09-11 04:26:17,077 [grpc-default-executor-2] INFO  client.GrpcClientProtocolClient (GrpcClientProtocolClient.java:onNext(264)) - client-734BBEB428D7->a5e38e3e-c2ad-4348-acb9-3fc25cfb14dd: receive RaftClientReply:client-734BBEB428D7->a5e38e3e-c2ad-4348-acb9-3fc25cfb14dd@group-7000B19605CB, cid=3429, SUCCESS, logIndex=5179, commits[a5e38e3e-c2ad-4348-acb9-3fc25cfb14dd:c5179, 11e48d46-e648-47f9-b6a0-9c7f26654c28:c5175, d1b6a90e-e817-40a7-bec1-608b5cc7d8b6:c5175]
2019-09-11 04:26:17,090 [grpc-default-executor-2] INFO  client.GrpcClientProtocolClient (GrpcClientProtocolClient.java:onNext(264)) - client-734BBEB428D7->a5e38e3e-c2ad-4348-acb9-3fc25cfb14dd: receive RaftClientReply:client-734BBEB428D7->a5e38e3e-c2ad-4348-acb9-3fc25cfb14dd@group-7000B19605CB, cid=3430, SUCCESS, logIndex=0, commits[a5e38e3e-c2ad-4348-acb9-3fc25cfb14dd:c5181, 11e48d46-e648-47f9-b6a0-9c7f26654c28:c5179, d1b6a90e-e817-40a7-bec1-608b5cc7d8b6:c5179]
2019-09-11 04:26:17,116 [grpc-default-executor-2] INFO  client.GrpcClientProtocolClient (GrpcClientProtocolClient.java:onNext(264)) - client-734BBEB428D7->a5e38e3e-c2ad-4348-acb9-3fc25cfb14dd: receive RaftClientReply:client-734BBEB428D7->a5e38e3e-c2ad-4348-acb9-3fc25cfb14dd@group-7000B19605CB, cid=3431, SUCCESS, logIndex=5182, commits[a5e38e3e-c2ad-4348-acb9-3fc25cfb14dd:c5183, 11e48d46-e648-47f9-b6a0-9c7f26654c28:c5181, d1b6a90e-e817-40a7-bec1-608b5cc7d8b6:c5181]
2019-09-11 04:26:17,117 [grpc-default-executor-2] INFO  client.GrpcClientProtocolClient (GrpcClientProtocolClient.java:onNext(264)) - client-734BBEB428D7->a5e38e3e-c2ad-4348-acb9-3fc25cfb14dd: receive RaftClientReply:client-734BBEB428D7->a5e38e3e-c2ad-4348-acb9-3fc25cfb14dd@group-7000B19605CB, cid=3432, SUCCESS, logIndex=5183, commits[a5e38e3e-c2ad-4348-acb9-3fc25cfb14dd:c5185, 11e48d46-e648-47f9-b6a0-9c7f26654c28:c5181, d1b6a90e-e817-40a7-bec1-608b5cc7d8b6:c5181]
2019-09-11 04:26:17,117 [grpc-default-executor-2] INFO  client.GrpcClientProtocolClient (GrpcClientProtocolClient.java:onNext(264)) - client-734BBEB428D7->a5e38e3e-c2ad-4348-acb9-3fc25cfb14dd: receive RaftClientReply:client-734BBEB428D7->a5e38e3e-c2ad-4348-acb9-3fc25cfb14dd@group-7000B19605CB, cid=3433, SUCCESS, logIndex=5184, commits[a5e38e3e-c2ad-4348-acb9-3fc25cfb14dd:c5185, 11e48d46-e648-47f9-b6a0-9c7f26654c28:c5181, d1b6a90e-e817-40a7-bec1-608b5cc7d8b6:c5181]
2019-09-11 04:26:17,117 [grpc-default-executor-2] INFO  client.GrpcClientProtocolClient (GrpcClientProtocolClient.java:onNext(264)) - client-734BBEB428D7->a5e38e3e-c2ad-4348-acb9-3fc25cfb14dd: receive RaftClientReply:client-734BBEB428D7->a5e38e3e-c2ad-4348-acb9-3fc25cfb14dd@group-7000B19605CB, cid=3434, SUCCESS, logIndex=5185, commits[a5e38e3e-c2ad-4348-acb9-3fc25cfb14dd:c5185, 11e48d46-e648-47f9-b6a0-9c7f26654c28:c5181, d1b6a90e-e817-40a7-bec1-608b5cc7d8b6:c5181]
2019-09-11 04:26:17,119 [grpc-default-executor-2] INFO  client.GrpcClientProtocolClient (GrpcClientProtocolClient.java:onNext(264)) - client-734BBEB428D7->a5e38e3e-c2ad-4348-acb9-3fc25cfb14dd: receive RaftClientReply:client-734BBEB428D7->a5e38e3e-c2ad-4348-acb9-3fc25cfb14dd@group-7000B19605CB, cid=3435, SUCCESS, logIndex=0, commits[a5e38e3e-c2ad-4348-acb9-3fc25cfb14dd:c5189, 11e48d46-e648-47f9-b6a0-9c7f26654c28:c5183, d1b6a90e-e817-40a7-bec1-608b5cc7d8b6:c5185]
2019-09-11 04:26:17,137 [grpc-default-executor-1] INFO  client.GrpcClientProtocolClient (GrpcClientProtocolClient.java:onNext(264)) - client-734BBEB428D7->a5e38e3e-c2ad-4348-acb9-3fc25cfb14dd: receive RaftClientReply:client-734BBEB428D7->a5e38e3e-c2ad-4348-acb9-3fc25cfb14dd@group-7000B19605CB, cid=3436, SUCCESS, logIndex=5190, commits[a5e38e3e-c2ad-4348-acb9-3fc25cfb14dd:c5191, 11e48d46-e648-47f9-b6a0-9c7f26654c28:c5189, d1b6a90e-e817-40a7-bec1-608b5cc7d8b6:c5189]
2019-09-11 04:26:17,138 [grpc-default-executor-1] INFO  client.GrpcClientProtocolClient (GrpcClientProtocolClient.java:onNext(264)) - client-734BBEB428D7->a5e38e3e-c2ad-4348-acb9-3fc25cfb14dd: receive RaftClientReply:client-734BBEB428D7->a5e38e3e-c2ad-4348-acb9-3fc25cfb14dd@group-7000B19605CB, cid=3437, SUCCESS, logIndex=5191, commits[a5e38e3e-c2ad-4348-acb9-3fc25cfb14dd:c5191, 11e48d46-e648-47f9-b6a0-9c7f26654c28:c5189, d1b6a90e-e817-40a7-bec1-608b5cc7d8b6:c5189]
2019-09-11 04:26:17,151 [grpc-default-executor-1] INFO  client.GrpcClientProtocolClient (GrpcClientProtocolClient.java:onNext(264)) - client-734BBEB428D7->a5e38e3e-c2ad-4348-acb9-3fc25cfb14dd: receive RaftClientReply:client-734BBEB428D7->a5e38e3e-c2ad-4348-acb9-3fc25cfb14dd@group-7000B19605CB, cid=3438, SUCCESS, logIndex=5194, commits[a5e38e3e-c2ad-4348-acb9-3fc25cfb14dd:c5195, 11e48d46-e648-47f9-b6a0-9c7f26654c28:c5191, d1b6a90e-e817-40a7-bec1-608b5cc7d8b6:c5191]
2019-09-11 04:26:17,151 [grpc-default-executor-1] INFO  client.GrpcClientProtocolClient (GrpcClientProtocolClient.java:onNext(264)) - client-734BBEB428D7->a5e38e3e-c2ad-4348-acb9-3fc25cfb14dd: receive RaftClientReply:client-734BBEB428D7->a5e38e3e-c2ad-4348-acb9-3fc25cfb14dd@group-7000B19605CB, cid=3439, SUCCESS, logIndex=5195, commits[a5e38e3e-c2ad-4348-acb9-3fc25cfb14dd:c5195, 11e48d46-e648-47f9-b6a0-9c7f26654c28:c5191, d1b6a90e-e817-40a7-bec1-608b5cc7d8b6:c5191]
2019-09-11 04:26:17,162 [grpc-default-executor-1] INFO  client.GrpcClientProtocolClient (GrpcClientProtocolClient.java:onNext(264)) - client-734BBEB428D7->a5e38e3e-c2ad-4348-acb9-3fc25cfb14dd: receive RaftClientReply:client-734BBEB428D7->a5e38e3e-c2ad-4348-acb9-3fc25cfb14dd@group-7000B19605CB, cid=3440, SUCCESS, logIndex=0, commits[a5e38e3e-c2ad-4348-acb9-3fc25cfb14dd:c5196, 11e48d46-e648-47f9-b6a0-9c7f26654c28:c5195, d1b6a90e-e817-40a7-bec1-608b5cc7d8b6:c5195]
 0.00% |█                                                                                                    |  0/1 Time: 0:00:282019-09-11 04:26:17,293 [grpc-default-executor-4] INFO  client.GrpcClientProtocolClient (GrpcClientProtocolClient.java:onNext(264)) - client-734BBEB428D7->a5e38e3e-c2ad-4348-acb9-3fc25cfb14dd: receive RaftClientReply:client-734BBEB428D7->a5e38e3e-c2ad-4348-acb9-3fc25cfb14dd@group-7000B19605CB, cid=3441, SUCCESS, logIndex=5198, commits[a5e38e3e-c2ad-4348-acb9-3fc25cfb14dd:c5199, 11e48d46-e648-47f9-b6a0-9c7f26654c28:c5197, d1b6a90e-e817-40a7-bec1-608b5cc7d8b6:c5197]
2019-09-11 04:26:17,294 [grpc-default-executor-4] INFO  client.GrpcClientProtocolClient (GrpcClientProtocolClient.java:onNext(264)) - client-734BBEB428D7->a5e38e3e-c2ad-4348-acb9-3fc25cfb14dd: receive RaftClientReply:client-734BBEB428D7->a5e38e3e-c2ad-4348-acb9-3fc25cfb14dd@group-7000B19605CB, cid=3442, SUCCESS, logIndex=5199, commits[a5e38e3e-c2ad-4348-acb9-3fc25cfb14dd:c5199, 11e48d46-e648-47f9-b6a0-9c7f26654c28:c5197, d1b6a90e-e817-40a7-bec1-608b5cc7d8b6:c5197]
2019-09-11 04:26:17,295 [grpc-default-executor-4] INFO  client.GrpcClientProtocolClient (GrpcClientProtocolClient.java:onNext(264)) - client-734BBEB428D7->a5e38e3e-c2ad-4348-acb9-3fc25cfb14dd: receive RaftClientReply:client-734BBEB428D7->a5e38e3e-c2ad-4348-acb9-3fc25cfb14dd@group-7000B19605CB, cid=3443, SUCCESS, logIndex=5200, commits[a5e38e3e-c2ad-4348-acb9-3fc25cfb14dd:c5201, 11e48d46-e648-47f9-b6a0-9c7f26654c28:c5197, d1b6a90e-e817-40a7-bec1-608b5cc7d8b6:c5197]
2019-09-11 04:26:17,295 [grpc-default-executor-4] INFO  client.GrpcClientProtocolClient (GrpcClientProtocolClient.java:onNext(264)) - client-734BBEB428D7->a5e38e3e-c2ad-4348-acb9-3fc25cfb14dd: receive RaftClientReply:client-734BBEB428D7->a5e38e3e-c2ad-4348-acb9-3fc25cfb14dd@group-7000B19605CB, cid=3444, SUCCESS, logIndex=5201, commits[a5e38e3e-c2ad-4348-acb9-3fc25cfb14dd:c5201, 11e48d46-e648-47f9-b6a0-9c7f26654c28:c5197, d1b6a90e-e817-40a7-bec1-608b5cc7d8b6:c5197]
2019-09-11 04:26:17,296 [grpc-default-executor-2] INFO  client.GrpcClientProtocolClient (GrpcClientProtocolClient.java:onNext(264)) - client-734BBEB428D7->a5e38e3e-c2ad-4348-acb9-3fc25cfb14dd: receive RaftClientReply:client-734BBEB428D7->a5e38e3e-c2ad-4348-acb9-3fc25cfb14dd@group-7000B19605CB, cid=3445, SUCCESS, logIndex=0, commits[a5e38e3e-c2ad-4348-acb9-3fc25cfb14dd:c5203, 11e48d46-e648-47f9-b6a0-9c7f26654c28:c5199, d1b6a90e-e817-40a7-bec1-608b5cc7d8b6:c5199]
2019-09-11 04:26:17,315 [grpc-default-executor-3] INFO  client.GrpcClientProtocolClient (GrpcClientProtocolClient.java:onNext(264)) - client-734BBEB428D7->a5e38e3e-c2ad-4348-acb9-3fc25cfb14dd: receive RaftClientReply:client-734BBEB428D7->a5e38e3e-c2ad-4348-acb9-3fc25cfb14dd@group-7000B19605CB, cid=3446, SUCCESS, logIndex=5206, commits[a5e38e3e-c2ad-4348-acb9-3fc25cfb14dd:c5206, 11e48d46-e648-47f9-b6a0-9c7f26654c28:c5205, d1b6a90e-e817-40a7-bec1-608b5cc7d8b6:c5205]
2019-09-11 04:26:17,315 [grpc-default-executor-3] INFO  client.GrpcClientProtocolClient (GrpcClientProtocolClient.java:onNext(264)) - client-734BBEB428D7->a5e38e3e-c2ad-4348-acb9-3fc25cfb14dd: receive RaftClientReply:client-734BBEB428D7->a5e38e3e-c2ad-4348-acb9-3fc25cfb14dd@group-7000B19605CB, cid=3447, SUCCESS, logIndex=5207, commits[a5e38e3e-c2ad-4348-acb9-3fc25cfb14dd:c5207, 11e48d46-e648-47f9-b6a0-9c7f26654c28:c5205, d1b6a90e-e817-40a7-bec1-608b5cc7d8b6:c5205]
2019-09-11 04:26:17,327 [grpc-default-executor-1] INFO  client.GrpcClientProtocolClient (GrpcClientProtocolClient.java:onNext(264)) - client-734BBEB428D7->a5e38e3e-c2ad-4348-acb9-3fc25cfb14dd: receive RaftClientReply:client-734BBEB428D7->a5e38e3e-c2ad-4348-acb9-3fc25cfb14dd@group-7000B19605CB, cid=3448, SUCCESS, logIndex=5210, commits[a5e38e3e-c2ad-4348-acb9-3fc25cfb14dd:c5210, 11e48d46-e648-47f9-b6a0-9c7f26654c28:c5207, d1b6a90e-e817-40a7-bec1-608b5cc7d8b6:c5207]
2019-09-11 04:26:17,328 [grpc-default-executor-1] INFO  client.GrpcClientProtocolClient (GrpcClientProtocolClient.java:onNext(264)) - client-734BBEB428D7->a5e38e3e-c2ad-4348-acb9-3fc25cfb14dd: receive RaftClientReply:client-734BBEB428D7->a5e38e3e-c2ad-4348-acb9-3fc25cfb14dd@group-7000B19605CB, cid=3449, SUCCESS, logIndex=5211, commits[a5e38e3e-c2ad-4348-acb9-3fc25cfb14dd:c5211, 11e48d46-e648-47f9-b6a0-9c7f26654c28:c5207, d1b6a90e-e817-40a7-bec1-608b5cc7d8b6:c5207]
2019-09-11 04:26:17,340 [grpc-default-executor-1] INFO  client.GrpcClientProtocolClient (GrpcClientProtocolClient.java:onNext(264)) - client-734BBEB428D7->a5e38e3e-c2ad-4348-acb9-3fc25cfb14dd: receive RaftClientReply:client-734BBEB428D7->a5e38e3e-c2ad-4348-acb9-3fc25cfb14dd@group-7000B19605CB, cid=3450, SUCCESS, logIndex=0, commits[a5e38e3e-c2ad-4348-acb9-3fc25cfb14dd:c5213, 11e48d46-e648-47f9-b6a0-9c7f26654c28:c5211, d1b6a90e-e817-40a7-bec1-608b5cc7d8b6:c5211]
2019-09-11 04:26:17,366 [grpc-default-executor-2] INFO  client.GrpcClientProtocolClient (GrpcClientProtocolClient.java:onNext(264)) - client-734BBEB428D7->a5e38e3e-c2ad-4348-acb9-3fc25cfb14dd: receive RaftClientReply:client-734BBEB428D7->a5e38e3e-c2ad-4348-acb9-3fc25cfb14dd@group-7000B19605CB, cid=3451, SUCCESS, logIndex=5214, commits[a5e38e3e-c2ad-4348-acb9-3fc25cfb14dd:c5215, 11e48d46-e648-47f9-b6a0-9c7f26654c28:c5213, d1b6a90e-e817-40a7-bec1-608b5cc7d8b6:c5213]
2019-09-11 04:26:17,367 [grpc-default-executor-2] INFO  client.GrpcClientProtocolClient (GrpcClientProtocolClient.java:onNext(264)) - client-734BBEB428D7->a5e38e3e-c2ad-4348-acb9-3fc25cfb14dd: receive RaftClientReply:client-734BBEB428D7->a5e38e3e-c2ad-4348-acb9-3fc25cfb14dd@group-7000B19605CB, cid=3452, SUCCESS, logIndex=5215, commits[a5e38e3e-c2ad-4348-acb9-3fc25cfb14dd:c5215, 11e48d46-e648-47f9-b6a0-9c7f26654c28:c5213, d1b6a90e-e817-40a7-bec1-608b5cc7d8b6:c5213]
2019-09-11 04:26:17,367 [grpc-default-executor-1] INFO  client.GrpcClientProtocolClient (GrpcClientProtocolClient.java:onNext(264)) - client-734BBEB428D7->a5e38e3e-c2ad-4348-acb9-3fc25cfb14dd: receive RaftClientReply:client-734BBEB428D7->a5e38e3e-c2ad-4348-acb9-3fc25cfb14dd@group-7000B19605CB, cid=3453, SUCCESS, logIndex=5216, commits[a5e38e3e-c2ad-4348-acb9-3fc25cfb14dd:c5216, 11e48d46-e648-47f9-b6a0-9c7f26654c28:c5213, d1b6a90e-e817-40a7-bec1-608b5cc7d8b6:c5213]
2019-09-11 04:26:17,367 [grpc-default-executor-1] INFO  client.GrpcClientProtocolClient (GrpcClientProtocolClient.java:onNext(264)) - client-734BBEB428D7->a5e38e3e-c2ad-4348-acb9-3fc25cfb14dd: receive RaftClientReply:client-734BBEB428D7->a5e38e3e-c2ad-4348-acb9-3fc25cfb14dd@group-7000B19605CB, cid=3454, SUCCESS, logIndex=5217, commits[a5e38e3e-c2ad-4348-acb9-3fc25cfb14dd:c5217, 11e48d46-e648-47f9-b6a0-9c7f26654c28:c5213, d1b6a90e-e817-40a7-bec1-608b5cc7d8b6:c5213]
2019-09-11 04:26:17,368 [grpc-default-executor-4] INFO  client.GrpcClientProtocolClient (GrpcClientProtocolClient.java:onNext(264)) - client-734BBEB428D7->a5e38e3e-c2ad-4348-acb9-3fc25cfb14dd: receive RaftClientReply:client-734BBEB428D7->a5e38e3e-c2ad-4348-acb9-3fc25cfb14dd@group-7000B19605CB, cid=3455, SUCCESS, logIndex=0, commits[a5e38e3e-c2ad-4348-acb9-3fc25cfb14dd:c5219, 11e48d46-e648-47f9-b6a0-9c7f26654c28:c5215, d1b6a90e-e817-40a7-bec1-608b5cc7d8b6:c5215]
2019-09-11 04:26:17,387 [grpc-default-executor-1] INFO  client.GrpcClientProtocolClient (GrpcClientProtocolClient.java:onNext(264)) - client-734BBEB428D7->a5e38e3e-c2ad-4348-acb9-3fc25cfb14dd: receive RaftClientReply:client-734BBEB428D7->a5e38e3e-c2ad-4348-acb9-3fc25cfb14dd@group-7000B19605CB, cid=3456, SUCCESS, logIndex=5222, commits[a5e38e3e-c2ad-4348-acb9-3fc25cfb14dd:c5223, 11e48d46-e648-47f9-b6a0-9c7f26654c28:c5221, d1b6a90e-e817-40a7-bec1-608b5cc7d8b6:c5221]
2019-09-11 04:26:17,387 [grpc-default-executor-1] INFO  client.GrpcClientProtocolClient (GrpcClientProtocolClient.java:onNext(264)) - client-734BBEB428D7->a5e38e3e-c2ad-4348-acb9-3fc25cfb14dd: receive RaftClientReply:client-734BBEB428D7->a5e38e3e-c2ad-4348-acb9-3fc25cfb14dd@group-7000B19605CB, cid=3457, SUCCESS, logIndex=5223, commits[a5e38e3e-c2ad-4348-acb9-3fc25cfb14dd:c5223, 11e48d46-e648-47f9-b6a0-9c7f26654c28:c5221, d1b6a90e-e817-40a7-bec1-608b5cc7d8b6:c5221]
2019-09-11 04:26:17,400 [grpc-default-executor-1] INFO  client.GrpcClientProtocolClient (GrpcClientProtocolClient.java:onNext(264)) - client-734BBEB428D7->a5e38e3e-c2ad-4348-acb9-3fc25cfb14dd: receive RaftClientReply:client-734BBEB428D7->a5e38e3e-c2ad-4348-acb9-3fc25cfb14dd@group-7000B19605CB, cid=3458, SUCCESS, logIndex=5226, commits[a5e38e3e-c2ad-4348-acb9-3fc25cfb14dd:c5227, 11e48d46-e648-47f9-b6a0-9c7f26654c28:c5223, d1b6a90e-e817-40a7-bec1-608b5cc7d8b6:c5223]
2019-09-11 04:26:17,400 [grpc-default-executor-1] INFO  client.GrpcClientProtocolClient (GrpcClientProtocolClient.java:onNext(264)) - client-734BBEB428D7->a5e38e3e-c2ad-4348-acb9-3fc25cfb14dd: receive RaftClientReply:client-734BBEB428D7->a5e38e3e-c2ad-4348-acb9-3fc25cfb14dd@group-7000B19605CB, cid=3459, SUCCESS, logIndex=5227, commits[a5e38e3e-c2ad-4348-acb9-3fc25cfb14dd:c5227, 11e48d46-e648-47f9-b6a0-9c7f26654c28:c5223, d1b6a90e-e817-40a7-bec1-608b5cc7d8b6:c5223]
2019-09-11 04:26:17,412 [grpc-default-executor-4] INFO  client.GrpcClientProtocolClient (GrpcClientProtocolClient.java:onNext(264)) - client-734BBEB428D7->a5e38e3e-c2ad-4348-acb9-3fc25cfb14dd: receive RaftClientReply:client-734BBEB428D7->a5e38e3e-c2ad-4348-acb9-3fc25cfb14dd@group-7000B19605CB, cid=3460, SUCCESS, logIndex=0, commits[a5e38e3e-c2ad-4348-acb9-3fc25cfb14dd:c5228, 11e48d46-e648-47f9-b6a0-9c7f26654c28:c5227, d1b6a90e-e817-40a7-bec1-608b5cc7d8b6:c5227]
2019-09-11 04:26:17,439 [grpc-default-executor-4] INFO  client.GrpcClientProtocolClient (GrpcClientProtocolClient.java:onNext(264)) - client-734BBEB428D7->a5e38e3e-c2ad-4348-acb9-3fc25cfb14dd: receive RaftClientReply:client-734BBEB428D7->a5e38e3e-c2ad-4348-acb9-3fc25cfb14dd@group-7000B19605CB, cid=3461, SUCCESS, logIndex=5230, commits[a5e38e3e-c2ad-4348-acb9-3fc25cfb14dd:c5231, 11e48d46-e648-47f9-b6a0-9c7f26654c28:c5229, d1b6a90e-e817-40a7-bec1-608b5cc7d8b6:c5229]
2019-09-11 04:26:17,440 [grpc-default-executor-4] INFO  client.GrpcClientProtocolClient (GrpcClientProtocolClient.java:onNext(264)) - client-734BBEB428D7->a5e38e3e-c2ad-4348-acb9-3fc25cfb14dd: receive RaftClientReply:client-734BBEB428D7->a5e38e3e-c2ad-4348-acb9-3fc25cfb14dd@group-7000B19605CB, cid=3462, SUCCESS, logIndex=5231, commits[a5e38e3e-c2ad-4348-acb9-3fc25cfb14dd:c5231, 11e48d46-e648-47f9-b6a0-9c7f26654c28:c5229, d1b6a90e-e817-40a7-bec1-608b5cc7d8b6:c5229]
2019-09-11 04:26:17,440 [grpc-default-executor-3] INFO  client.GrpcClientProtocolClient (GrpcClientProtocolClient.java:onNext(264)) - client-734BBEB428D7->a5e38e3e-c2ad-4348-acb9-3fc25cfb14dd: receive RaftClientReply:client-734BBEB428D7->a5e38e3e-c2ad-4348-acb9-3fc25cfb14dd@group-7000B19605CB, cid=3463, SUCCESS, logIndex=5232, commits[a5e38e3e-c2ad-4348-acb9-3fc25cfb14dd:c5233, 11e48d46-e648-47f9-b6a0-9c7f26654c28:c5229, d1b6a90e-e817-40a7-bec1-608b5cc7d8b6:c5229]
2019-09-11 04:26:17,441 [grpc-default-executor-3] INFO  client.GrpcClientProtocolClient (GrpcClientProtocolClient.java:onNext(264)) - client-734BBEB428D7->a5e38e3e-c2ad-4348-acb9-3fc25cfb14dd: receive RaftClientReply:client-734BBEB428D7->a5e38e3e-c2ad-4348-acb9-3fc25cfb14dd@group-7000B19605CB, cid=3464, SUCCESS, logIndex=5233, commits[a5e38e3e-c2ad-4348-acb9-3fc25cfb14dd:c5233, 11e48d46-e648-47f9-b6a0-9c7f26654c28:c5229, d1b6a90e-e817-40a7-bec1-608b5cc7d8b6:c5229]
2019-09-11 04:26:17,442 [grpc-default-executor-3] INFO  client.GrpcClientProtocolClient (GrpcClientProtocolClient.java:onNext(264)) - client-734BBEB428D7->a5e38e3e-c2ad-4348-acb9-3fc25cfb14dd: receive RaftClientReply:client-734BBEB428D7->a5e38e3e-c2ad-4348-acb9-3fc25cfb14dd@group-7000B19605CB, cid=3465, SUCCESS, logIndex=0, commits[a5e38e3e-c2ad-4348-acb9-3fc25cfb14dd:c5235, 11e48d46-e648-47f9-b6a0-9c7f26654c28:c5231, d1b6a90e-e817-40a7-bec1-608b5cc7d8b6:c5231]
2019-09-11 04:26:17,460 [grpc-default-executor-3] INFO  client.GrpcClientProtocolClient (GrpcClientProtocolClient.java:onNext(264)) - client-734BBEB428D7->a5e38e3e-c2ad-4348-acb9-3fc25cfb14dd: receive RaftClientReply:client-734BBEB428D7->a5e38e3e-c2ad-4348-acb9-3fc25cfb14dd@group-7000B19605CB, cid=3466, SUCCESS, logIndex=5238, commits[a5e38e3e-c2ad-4348-acb9-3fc25cfb14dd:c5239, 11e48d46-e648-47f9-b6a0-9c7f26654c28:c5237, d1b6a90e-e817-40a7-bec1-608b5cc7d8b6:c5237]
2019-09-11 04:26:17,460 [grpc-default-executor-3] INFO  client.GrpcClientProtocolClient (GrpcClientProtocolClient.java:onNext(264)) - client-734BBEB428D7->a5e38e3e-c2ad-4348-acb9-3fc25cfb14dd: receive RaftClientReply:client-734BBEB428D7->a5e38e3e-c2ad-4348-acb9-3fc25cfb14dd@group-7000B19605CB, cid=3467, SUCCESS, logIndex=5239, commits[a5e38e3e-c2ad-4348-acb9-3fc25cfb14dd:c5239, 11e48d46-e648-47f9-b6a0-9c7f26654c28:c5237, d1b6a90e-e817-40a7-bec1-608b5cc7d8b6:c5237]
2019-09-11 04:26:17,477 [grpc-default-executor-2] INFO  client.GrpcClientProtocolClient (GrpcClientProtocolClient.java:onNext(264)) - client-734BBEB428D7->a5e38e3e-c2ad-4348-acb9-3fc25cfb14dd: receive RaftClientReply:client-734BBEB428D7->a5e38e3e-c2ad-4348-acb9-3fc25cfb14dd@group-7000B19605CB, cid=3468, SUCCESS, logIndex=5242, commits[a5e38e3e-c2ad-4348-acb9-3fc25cfb14dd:c5243, 11e48d46-e648-47f9-b6a0-9c7f26654c28:c5241, d1b6a90e-e817-40a7-bec1-608b5cc7d8b6:c5241]
2019-09-11 04:26:17,477 [grpc-default-executor-2] INFO  client.GrpcClientProtocolClient (GrpcClientProtocolClient.java:onNext(264)) - client-734BBEB428D7->a5e38e3e-c2ad-4348-acb9-3fc25cfb14dd: receive RaftClientReply:client-734BBEB428D7->a5e38e3e-c2ad-4348-acb9-3fc25cfb14dd@group-7000B19605CB, cid=3469, SUCCESS, logIndex=5243, commits[a5e38e3e-c2ad-4348-acb9-3fc25cfb14dd:c5243, 11e48d46-e648-47f9-b6a0-9c7f26654c28:c5241, d1b6a90e-e817-40a7-bec1-608b5cc7d8b6:c5241]
2019-09-11 04:26:17,488 [grpc-default-executor-4] INFO  client.GrpcClientProtocolClient (GrpcClientProtocolClient.java:onNext(264)) - client-734BBEB428D7->a5e38e3e-c2ad-4348-acb9-3fc25cfb14dd: receive RaftClientReply:client-734BBEB428D7->a5e38e3e-c2ad-4348-acb9-3fc25cfb14dd@group-7000B19605CB, cid=3470, SUCCESS, logIndex=0, commits[a5e38e3e-c2ad-4348-acb9-3fc25cfb14dd:c5244, 11e48d46-e648-47f9-b6a0-9c7f26654c28:c5243, d1b6a90e-e817-40a7-bec1-608b5cc7d8b6:c5243]
2019-09-11 04:26:17,522 [grpc-default-executor-4] INFO  client.GrpcClientProtocolClient (GrpcClientProtocolClient.java:onNext(264)) - client-734BBEB428D7->a5e38e3e-c2ad-4348-acb9-3fc25cfb14dd: receive RaftClientReply:client-734BBEB428D7->a5e38e3e-c2ad-4348-acb9-3fc25cfb14dd@group-7000B19605CB, cid=3471, SUCCESS, logIndex=5246, commits[a5e38e3e-c2ad-4348-acb9-3fc25cfb14dd:c5247, 11e48d46-e648-47f9-b6a0-9c7f26654c28:c5243, d1b6a90e-e817-40a7-bec1-608b5cc7d8b6:c5245]
2019-09-11 04:26:17,522 [grpc-default-executor-4] INFO  client.GrpcClientProtocolClient (GrpcClientProtocolClient.java:onNext(264)) - client-734BBEB428D7->a5e38e3e-c2ad-4348-acb9-3fc25cfb14dd: receive RaftClientReply:client-734BBEB428D7->a5e38e3e-c2ad-4348-acb9-3fc25cfb14dd@group-7000B19605CB, cid=3472, SUCCESS, logIndex=5247, commits[a5e38e3e-c2ad-4348-acb9-3fc25cfb14dd:c5247, 11e48d46-e648-47f9-b6a0-9c7f26654c28:c5243, d1b6a90e-e817-40a7-bec1-608b5cc7d8b6:c5245]
2019-09-11 04:26:17,531 [grpc-default-executor-4] INFO  client.GrpcClientProtocolClient (GrpcClientProtocolClient.java:onNext(264)) - client-734BBEB428D7->a5e38e3e-c2ad-4348-acb9-3fc25cfb14dd: receive RaftClientReply:client-734BBEB428D7->a5e38e3e-c2ad-4348-acb9-3fc25cfb14dd@group-7000B19605CB, cid=3473, SUCCESS, logIndex=5248, commits[a5e38e3e-c2ad-4348-acb9-3fc25cfb14dd:c5249, 11e48d46-e648-47f9-b6a0-9c7f26654c28:c5245, d1b6a90e-e817-40a7-bec1-608b5cc7d8b6:c5245]
2019-09-11 04:26:17,532 [grpc-default-executor-4] INFO  client.GrpcClientProtocolClient (GrpcClientProtocolClient.java:onNext(264)) - client-734BBEB428D7->a5e38e3e-c2ad-4348-acb9-3fc25cfb14dd: receive RaftClientReply:client-734BBEB428D7->a5e38e3e-c2ad-4348-acb9-3fc25cfb14dd@group-7000B19605CB, cid=3474, SUCCESS, logIndex=5249, commits[a5e38e3e-c2ad-4348-acb9-3fc25cfb14dd:c5249, 11e48d46-e648-47f9-b6a0-9c7f26654c28:c5245, d1b6a90e-e817-40a7-bec1-608b5cc7d8b6:c5245]
2019-09-11 04:26:17,542 [grpc-default-executor-2] INFO  client.GrpcClientProtocolClient (GrpcClientProtocolClient.java:onNext(264)) - client-734BBEB428D7->a5e38e3e-c2ad-4348-acb9-3fc25cfb14dd: receive RaftClientReply:client-734BBEB428D7->a5e38e3e-c2ad-4348-acb9-3fc25cfb14dd@group-7000B19605CB, cid=3475, SUCCESS, logIndex=0, commits[a5e38e3e-c2ad-4348-acb9-3fc25cfb14dd:c5250, 11e48d46-e648-47f9-b6a0-9c7f26654c28:c5247, d1b6a90e-e817-40a7-bec1-608b5cc7d8b6:c5247]
2019-09-11 04:26:17,561 [grpc-default-executor-4] INFO  client.GrpcClientProtocolClient (GrpcClientProtocolClient.java:onNext(264)) - client-734BBEB428D7->a5e38e3e-c2ad-4348-acb9-3fc25cfb14dd: receive RaftClientReply:client-734BBEB428D7->a5e38e3e-c2ad-4348-acb9-3fc25cfb14dd@group-7000B19605CB, cid=3476, SUCCESS, logIndex=5254, commits[a5e38e3e-c2ad-4348-acb9-3fc25cfb14dd:c5255, 11e48d46-e648-47f9-b6a0-9c7f26654c28:c5253, d1b6a90e-e817-40a7-bec1-608b5cc7d8b6:c5253]
2019-09-11 04:26:17,562 [grpc-default-executor-4] INFO  client.GrpcClientProtocolClient (GrpcClientProtocolClient.java:onNext(264)) - client-734BBEB428D7->a5e38e3e-c2ad-4348-acb9-3fc25cfb14dd: receive RaftClientReply:client-734BBEB428D7->a5e38e3e-c2ad-4348-acb9-3fc25cfb14dd@group-7000B19605CB, cid=3477, SUCCESS, logIndex=5255, commits[a5e38e3e-c2ad-4348-acb9-3fc25cfb14dd:c5255, 11e48d46-e648-47f9-b6a0-9c7f26654c28:c5253, d1b6a90e-e817-40a7-bec1-608b5cc7d8b6:c5253]
2019-09-11 04:26:17,574 [grpc-default-executor-2] INFO  client.GrpcClientProtocolClient (GrpcClientProtocolClient.java:onNext(264)) - client-734BBEB428D7->a5e38e3e-c2ad-4348-acb9-3fc25cfb14dd: receive RaftClientReply:client-734BBEB428D7->a5e38e3e-c2ad-4348-acb9-3fc25cfb14dd@group-7000B19605CB, cid=3478, SUCCESS, logIndex=5258, commits[a5e38e3e-c2ad-4348-acb9-3fc25cfb14dd:c5259, 11e48d46-e648-47f9-b6a0-9c7f26654c28:c5255, d1b6a90e-e817-40a7-bec1-608b5cc7d8b6:c5255]
2019-09-11 04:26:17,575 [grpc-default-executor-2] INFO  client.GrpcClientProtocolClient (GrpcClientProtocolClient.java:onNext(264)) - client-734BBEB428D7->a5e38e3e-c2ad-4348-acb9-3fc25cfb14dd: receive RaftClientReply:client-734BBEB428D7->a5e38e3e-c2ad-4348-acb9-3fc25cfb14dd@group-7000B19605CB, cid=3479, SUCCESS, logIndex=5259, commits[a5e38e3e-c2ad-4348-acb9-3fc25cfb14dd:c5259, 11e48d46-e648-47f9-b6a0-9c7f26654c28:c5255, d1b6a90e-e817-40a7-bec1-608b5cc7d8b6:c5255]
2019-09-11 04:26:17,587 [grpc-default-executor-2] INFO  client.GrpcClientProtocolClient (GrpcClientProtocolClient.java:onNext(264)) - client-734BBEB428D7->a5e38e3e-c2ad-4348-acb9-3fc25cfb14dd: receive RaftClientReply:client-734BBEB428D7->a5e38e3e-c2ad-4348-acb9-3fc25cfb14dd@group-7000B19605CB, cid=3480, SUCCESS, logIndex=0, commits[a5e38e3e-c2ad-4348-acb9-3fc25cfb14dd:c5261, 11e48d46-e648-47f9-b6a0-9c7f26654c28:c5259, d1b6a90e-e817-40a7-bec1-608b5cc7d8b6:c5259]
2019-09-11 04:26:17,616 [grpc-default-executor-4] INFO  client.GrpcClientProtocolClient (GrpcClientProtocolClient.java:onNext(264)) - client-734BBEB428D7->a5e38e3e-c2ad-4348-acb9-3fc25cfb14dd: receive RaftClientReply:client-734BBEB428D7->a5e38e3e-c2ad-4348-acb9-3fc25cfb14dd@group-7000B19605CB, cid=3481, SUCCESS, logIndex=5262, commits[a5e38e3e-c2ad-4348-acb9-3fc25cfb14dd:c5263, 11e48d46-e648-47f9-b6a0-9c7f26654c28:c5261, d1b6a90e-e817-40a7-bec1-608b5cc7d8b6:c5261]
2019-09-11 04:26:17,617 [grpc-default-executor-4] INFO  client.GrpcClientProtocolClient (GrpcClientProtocolClient.java:onNext(264)) - client-734BBEB428D7->a5e38e3e-c2ad-4348-acb9-3fc25cfb14dd: receive RaftClientReply:client-734BBEB428D7->a5e38e3e-c2ad-4348-acb9-3fc25cfb14dd@group-7000B19605CB, cid=3482, SUCCESS, logIndex=5263, commits[a5e38e3e-c2ad-4348-acb9-3fc25cfb14dd:c5263, 11e48d46-e648-47f9-b6a0-9c7f26654c28:c5261, d1b6a90e-e817-40a7-bec1-608b5cc7d8b6:c5261]
2019-09-11 04:26:17,617 [grpc-default-executor-4] INFO  client.GrpcClientProtocolClient (GrpcClientProtocolClient.java:onNext(264)) - client-734BBEB428D7->a5e38e3e-c2ad-4348-acb9-3fc25cfb14dd: receive RaftClientReply:client-734BBEB428D7->a5e38e3e-c2ad-4348-acb9-3fc25cfb14dd@group-7000B19605CB, cid=3483, SUCCESS, logIndex=5264, commits[a5e38e3e-c2ad-4348-acb9-3fc25cfb14dd:c5265, 11e48d46-e648-47f9-b6a0-9c7f26654c28:c5261, d1b6a90e-e817-40a7-bec1-608b5cc7d8b6:c5261]
2019-09-11 04:26:17,618 [grpc-default-executor-4] INFO  client.GrpcClientProtocolClient (GrpcClientProtocolClient.java:onNext(264)) - client-734BBEB428D7->a5e38e3e-c2ad-4348-acb9-3fc25cfb14dd: receive RaftClientReply:client-734BBEB428D7->a5e38e3e-c2ad-4348-acb9-3fc25cfb14dd@group-7000B19605CB, cid=3484, SUCCESS, logIndex=5265, commits[a5e38e3e-c2ad-4348-acb9-3fc25cfb14dd:c5265, 11e48d46-e648-47f9-b6a0-9c7f26654c28:c5261, d1b6a90e-e817-40a7-bec1-608b5cc7d8b6:c5261]
2019-09-11 04:26:17,619 [grpc-default-executor-4] INFO  client.GrpcClientProtocolClient (GrpcClientProtocolClient.java:onNext(264)) - client-734BBEB428D7->a5e38e3e-c2ad-4348-acb9-3fc25cfb14dd: receive RaftClientReply:client-734BBEB428D7->a5e38e3e-c2ad-4348-acb9-3fc25cfb14dd@group-7000B19605CB, cid=3485, SUCCESS, logIndex=0, commits[a5e38e3e-c2ad-4348-acb9-3fc25cfb14dd:c5267, 11e48d46-e648-47f9-b6a0-9c7f26654c28:c5263, d1b6a90e-e817-40a7-bec1-608b5cc7d8b6:c5263]
2019-09-11 04:26:17,637 [grpc-default-executor-3] INFO  client.GrpcClientProtocolClient (GrpcClientProtocolClient.java:onNext(264)) - client-734BBEB428D7->a5e38e3e-c2ad-4348-acb9-3fc25cfb14dd: receive RaftClientReply:client-734BBEB428D7->a5e38e3e-c2ad-4348-acb9-3fc25cfb14dd@group-7000B19605CB, cid=3486, SUCCESS, logIndex=5270, commits[a5e38e3e-c2ad-4348-acb9-3fc25cfb14dd:c5271, 11e48d46-e648-47f9-b6a0-9c7f26654c28:c5269, d1b6a90e-e817-40a7-bec1-608b5cc7d8b6:c5269]
2019-09-11 04:26:17,637 [grpc-default-executor-3] INFO  client.GrpcClientProtocolClient (GrpcClientProtocolClient.java:onNext(264)) - client-734BBEB428D7->a5e38e3e-c2ad-4348-acb9-3fc25cfb14dd: receive RaftClientReply:client-734BBEB428D7->a5e38e3e-c2ad-4348-acb9-3fc25cfb14dd@group-7000B19605CB, cid=3487, SUCCESS, logIndex=5271, commits[a5e38e3e-c2ad-4348-acb9-3fc25cfb14dd:c5271, 11e48d46-e648-47f9-b6a0-9c7f26654c28:c5269, d1b6a90e-e817-40a7-bec1-608b5cc7d8b6:c5269]
2019-09-11 04:26:17,649 [grpc-default-executor-2] INFO  client.GrpcClientProtocolClient (GrpcClientProtocolClient.java:onNext(264)) - client-734BBEB428D7->a5e38e3e-c2ad-4348-acb9-3fc25cfb14dd: receive RaftClientReply:client-734BBEB428D7->a5e38e3e-c2ad-4348-acb9-3fc25cfb14dd@group-7000B19605CB, cid=3488, SUCCESS, logIndex=5274, commits[a5e38e3e-c2ad-4348-acb9-3fc25cfb14dd:c5275, 11e48d46-e648-47f9-b6a0-9c7f26654c28:c5271, d1b6a90e-e817-40a7-bec1-608b5cc7d8b6:c5271]
2019-09-11 04:26:17,650 [grpc-default-executor-2] INFO  client.GrpcClientProtocolClient (GrpcClientProtocolClient.java:onNext(264)) - client-734BBEB428D7->a5e38e3e-c2ad-4348-acb9-3fc25cfb14dd: receive RaftClientReply:client-734BBEB428D7->a5e38e3e-c2ad-4348-acb9-3fc25cfb14dd@group-7000B19605CB, cid=3489, SUCCESS, logIndex=5275, commits[a5e38e3e-c2ad-4348-acb9-3fc25cfb14dd:c5275, 11e48d46-e648-47f9-b6a0-9c7f26654c28:c5271, d1b6a90e-e817-40a7-bec1-608b5cc7d8b6:c5271]
2019-09-11 04:26:17,663 [grpc-default-executor-2] INFO  client.GrpcClientProtocolClient (GrpcClientProtocolClient.java:onNext(264)) - client-734BBEB428D7->a5e38e3e-c2ad-4348-acb9-3fc25cfb14dd: receive RaftClientReply:client-734BBEB428D7->a5e38e3e-c2ad-4348-acb9-3fc25cfb14dd@group-7000B19605CB, cid=3490, SUCCESS, logIndex=0, commits[a5e38e3e-c2ad-4348-acb9-3fc25cfb14dd:c5277, 11e48d46-e648-47f9-b6a0-9c7f26654c28:c5275, d1b6a90e-e817-40a7-bec1-608b5cc7d8b6:c5275]
2019-09-11 04:26:17,690 [grpc-default-executor-4] INFO  client.GrpcClientProtocolClient (GrpcClientProtocolClient.java:onNext(264)) - client-734BBEB428D7->a5e38e3e-c2ad-4348-acb9-3fc25cfb14dd: receive RaftClientReply:client-734BBEB428D7->a5e38e3e-c2ad-4348-acb9-3fc25cfb14dd@group-7000B19605CB, cid=3491, SUCCESS, logIndex=5278, commits[a5e38e3e-c2ad-4348-acb9-3fc25cfb14dd:c5279, 11e48d46-e648-47f9-b6a0-9c7f26654c28:c5277, d1b6a90e-e817-40a7-bec1-608b5cc7d8b6:c5277]
2019-09-11 04:26:17,690 [grpc-default-executor-4] INFO  client.GrpcClientProtocolClient (GrpcClientProtocolClient.java:onNext(264)) - client-734BBEB428D7->a5e38e3e-c2ad-4348-acb9-3fc25cfb14dd: receive RaftClientReply:client-734BBEB428D7->a5e38e3e-c2ad-4348-acb9-3fc25cfb14dd@group-7000B19605CB, cid=3492, SUCCESS, logIndex=5279, commits[a5e38e3e-c2ad-4348-acb9-3fc25cfb14dd:c5281, 11e48d46-e648-47f9-b6a0-9c7f26654c28:c5277, d1b6a90e-e817-40a7-bec1-608b5cc7d8b6:c5277]
2019-09-11 04:26:17,690 [grpc-default-executor-4] INFO  client.GrpcClientProtocolClient (GrpcClientProtocolClient.java:onNext(264)) - client-734BBEB428D7->a5e38e3e-c2ad-4348-acb9-3fc25cfb14dd: receive RaftClientReply:client-734BBEB428D7->a5e38e3e-c2ad-4348-acb9-3fc25cfb14dd@group-7000B19605CB, cid=3493, SUCCESS, logIndex=5280, commits[a5e38e3e-c2ad-4348-acb9-3fc25cfb14dd:c5281, 11e48d46-e648-47f9-b6a0-9c7f26654c28:c5277, d1b6a90e-e817-40a7-bec1-608b5cc7d8b6:c5277]
2019-09-11 04:26:17,690 [grpc-default-executor-4] INFO  client.GrpcClientProtocolClient (GrpcClientProtocolClient.java:onNext(264)) - client-734BBEB428D7->a5e38e3e-c2ad-4348-acb9-3fc25cfb14dd: receive RaftClientReply:client-734BBEB428D7->a5e38e3e-c2ad-4348-acb9-3fc25cfb14dd@group-7000B19605CB, cid=3494, SUCCESS, logIndex=5281, commits[a5e38e3e-c2ad-4348-acb9-3fc25cfb14dd:c5281, 11e48d46-e648-47f9-b6a0-9c7f26654c28:c5277, d1b6a90e-e817-40a7-bec1-608b5cc7d8b6:c5277]
2019-09-11 04:26:17,702 [grpc-default-executor-4] INFO  client.GrpcClientProtocolClient (GrpcClientProtocolClient.java:onNext(264)) - client-734BBEB428D7->a5e38e3e-c2ad-4348-acb9-3fc25cfb14dd: receive RaftClientReply:client-734BBEB428D7->a5e38e3e-c2ad-4348-acb9-3fc25cfb14dd@group-7000B19605CB, cid=3495, SUCCESS, logIndex=0, commits[a5e38e3e-c2ad-4348-acb9-3fc25cfb14dd:c5283, 11e48d46-e648-47f9-b6a0-9c7f26654c28:c5279, d1b6a90e-e817-40a7-bec1-608b5cc7d8b6:c5279]
2019-09-11 04:26:17,718 [grpc-default-executor-4] INFO  client.GrpcClientProtocolClient (GrpcClientProtocolClient.java:onNext(264)) - client-734BBEB428D7->a5e38e3e-c2ad-4348-acb9-3fc25cfb14dd: receive RaftClientReply:client-734BBEB428D7->a5e38e3e-c2ad-4348-acb9-3fc25cfb14dd@group-7000B19605CB, cid=3496, SUCCESS, logIndex=5286, commits[a5e38e3e-c2ad-4348-acb9-3fc25cfb14dd:c5287, 11e48d46-e648-47f9-b6a0-9c7f26654c28:c5285, d1b6a90e-e817-40a7-bec1-608b5cc7d8b6:c5285]
2019-09-11 04:26:17,719 [grpc-default-executor-4] INFO  client.GrpcClientProtocolClient (GrpcClientProtocolClient.java:onNext(264)) - client-734BBEB428D7->a5e38e3e-c2ad-4348-acb9-3fc25cfb14dd: receive RaftClientReply:client-734BBEB428D7->a5e38e3e-c2ad-4348-acb9-3fc25cfb14dd@group-7000B19605CB, cid=3497, SUCCESS, logIndex=5287, commits[a5e38e3e-c2ad-4348-acb9-3fc25cfb14dd:c5287, 11e48d46-e648-47f9-b6a0-9c7f26654c28:c5285, d1b6a90e-e817-40a7-bec1-608b5cc7d8b6:c5285]
2019-09-11 04:26:17,730 [grpc-default-executor-3] INFO  client.GrpcClientProtocolClient (GrpcClientProtocolClient.java:onNext(264)) - client-734BBEB428D7->a5e38e3e-c2ad-4348-acb9-3fc25cfb14dd: receive RaftClientReply:client-734BBEB428D7->a5e38e3e-c2ad-4348-acb9-3fc25cfb14dd@group-7000B19605CB, cid=3498, SUCCESS, logIndex=5290, commits[a5e38e3e-c2ad-4348-acb9-3fc25cfb14dd:c5291, 11e48d46-e648-47f9-b6a0-9c7f26654c28:c5287, d1b6a90e-e817-40a7-bec1-608b5cc7d8b6:c5287]
2019-09-11 04:26:17,730 [grpc-default-executor-3] INFO  client.GrpcClientProtocolClient (GrpcClientProtocolClient.java:onNext(264)) - client-734BBEB428D7->a5e38e3e-c2ad-4348-acb9-3fc25cfb14dd: receive RaftClientReply:client-734BBEB428D7->a5e38e3e-c2ad-4348-acb9-3fc25cfb14dd@group-7000B19605CB, cid=3499, SUCCESS, logIndex=5291, commits[a5e38e3e-c2ad-4348-acb9-3fc25cfb14dd:c5291, 11e48d46-e648-47f9-b6a0-9c7f26654c28:c5287, d1b6a90e-e817-40a7-bec1-608b5cc7d8b6:c5287]
2019-09-11 04:26:17,740 [grpc-default-executor-4] INFO  client.GrpcClientProtocolClient (GrpcClientProtocolClient.java:onNext(264)) - client-734BBEB428D7->a5e38e3e-c2ad-4348-acb9-3fc25cfb14dd: receive RaftClientReply:client-734BBEB428D7->a5e38e3e-c2ad-4348-acb9-3fc25cfb14dd@group-7000B19605CB, cid=3500, SUCCESS, logIndex=0, commits[a5e38e3e-c2ad-4348-acb9-3fc25cfb14dd:c5292, 11e48d46-e648-47f9-b6a0-9c7f26654c28:c5291, d1b6a90e-e817-40a7-bec1-608b5cc7d8b6:c5291]
2019-09-11 04:26:17,769 [grpc-default-executor-4] INFO  client.GrpcClientProtocolClient (GrpcClientProtocolClient.java:onNext(264)) - client-734BBEB428D7->a5e38e3e-c2ad-4348-acb9-3fc25cfb14dd: receive RaftClientReply:client-734BBEB428D7->a5e38e3e-c2ad-4348-acb9-3fc25cfb14dd@group-7000B19605CB, cid=3501, SUCCESS, logIndex=5294, commits[a5e38e3e-c2ad-4348-acb9-3fc25cfb14dd:c5295, 11e48d46-e648-47f9-b6a0-9c7f26654c28:c5293, d1b6a90e-e817-40a7-bec1-608b5cc7d8b6:c5293]
2019-09-11 04:26:17,770 [grpc-default-executor-4] INFO  client.GrpcClientProtocolClient (GrpcClientProtocolClient.java:onNext(264)) - client-734BBEB428D7->a5e38e3e-c2ad-4348-acb9-3fc25cfb14dd: receive RaftClientReply:client-734BBEB428D7->a5e38e3e-c2ad-4348-acb9-3fc25cfb14dd@group-7000B19605CB, cid=3502, SUCCESS, logIndex=5295, commits[a5e38e3e-c2ad-4348-acb9-3fc25cfb14dd:c5295, 11e48d46-e648-47f9-b6a0-9c7f26654c28:c5293, d1b6a90e-e817-40a7-bec1-608b5cc7d8b6:c5293]
2019-09-11 04:26:17,780 [grpc-default-executor-3] INFO  client.GrpcClientProtocolClient (GrpcClientProtocolClient.java:onNext(264)) - client-734BBEB428D7->a5e38e3e-c2ad-4348-acb9-3fc25cfb14dd: receive RaftClientReply:client-734BBEB428D7->a5e38e3e-c2ad-4348-acb9-3fc25cfb14dd@group-7000B19605CB, cid=3503, SUCCESS, logIndex=5296, commits[a5e38e3e-c2ad-4348-acb9-3fc25cfb14dd:c5297, 11e48d46-e648-47f9-b6a0-9c7f26654c28:c5293, d1b6a90e-e817-40a7-bec1-608b5cc7d8b6:c5293]
2019-09-11 04:26:17,780 [grpc-default-executor-3] INFO  client.GrpcClientProtocolClient (GrpcClientProtocolClient.java:onNext(264)) - client-734BBEB428D7->a5e38e3e-c2ad-4348-acb9-3fc25cfb14dd: receive RaftClientReply:client-734BBEB428D7->a5e38e3e-c2ad-4348-acb9-3fc25cfb14dd@group-7000B19605CB, cid=3504, SUCCESS, logIndex=5297, commits[a5e38e3e-c2ad-4348-acb9-3fc25cfb14dd:c5297, 11e48d46-e648-47f9-b6a0-9c7f26654c28:c5293, d1b6a90e-e817-40a7-bec1-608b5cc7d8b6:c5293]
2019-09-11 04:26:17,782 [grpc-default-executor-3] INFO  client.GrpcClientProtocolClient (GrpcClientProtocolClient.java:onNext(264)) - client-734BBEB428D7->a5e38e3e-c2ad-4348-acb9-3fc25cfb14dd: receive RaftClientReply:client-734BBEB428D7->a5e38e3e-c2ad-4348-acb9-3fc25cfb14dd@group-7000B19605CB, cid=3505, SUCCESS, logIndex=0, commits[a5e38e3e-c2ad-4348-acb9-3fc25cfb14dd:c5299, 11e48d46-e648-47f9-b6a0-9c7f26654c28:c5295, d1b6a90e-e817-40a7-bec1-608b5cc7d8b6:c5295]
2019-09-11 04:26:17,799 [grpc-default-executor-3] INFO  client.GrpcClientProtocolClient (GrpcClientProtocolClient.java:onNext(264)) - client-734BBEB428D7->a5e38e3e-c2ad-4348-acb9-3fc25cfb14dd: receive RaftClientReply:client-734BBEB428D7->a5e38e3e-c2ad-4348-acb9-3fc25cfb14dd@group-7000B19605CB, cid=3506, SUCCESS, logIndex=5302, commits[a5e38e3e-c2ad-4348-acb9-3fc25cfb14dd:c5303, 11e48d46-e648-47f9-b6a0-9c7f26654c28:c5301, d1b6a90e-e817-40a7-bec1-608b5cc7d8b6:c5301]
2019-09-11 04:26:17,799 [grpc-default-executor-3] INFO  client.GrpcClientProtocolClient (GrpcClientProtocolClient.java:onNext(264)) - client-734BBEB428D7->a5e38e3e-c2ad-4348-acb9-3fc25cfb14dd: receive RaftClientReply:client-734BBEB428D7->a5e38e3e-c2ad-4348-acb9-3fc25cfb14dd@group-7000B19605CB, cid=3507, SUCCESS, logIndex=5303, commits[a5e38e3e-c2ad-4348-acb9-3fc25cfb14dd:c5303, 11e48d46-e648-47f9-b6a0-9c7f26654c28:c5301, d1b6a90e-e817-40a7-bec1-608b5cc7d8b6:c5301]
2019-09-11 04:26:17,812 [grpc-default-executor-3] INFO  client.GrpcClientProtocolClient (GrpcClientProtocolClient.java:onNext(264)) - client-734BBEB428D7->a5e38e3e-c2ad-4348-acb9-3fc25cfb14dd: receive RaftClientReply:client-734BBEB428D7->a5e38e3e-c2ad-4348-acb9-3fc25cfb14dd@group-7000B19605CB, cid=3508, SUCCESS, logIndex=5306, commits[a5e38e3e-c2ad-4348-acb9-3fc25cfb14dd:c5306, 11e48d46-e648-47f9-b6a0-9c7f26654c28:c5303, d1b6a90e-e817-40a7-bec1-608b5cc7d8b6:c5303]
2019-09-11 04:26:17,812 [grpc-default-executor-3] INFO  client.GrpcClientProtocolClient (GrpcClientProtocolClient.java:onNext(264)) - client-734BBEB428D7->a5e38e3e-c2ad-4348-acb9-3fc25cfb14dd: receive RaftClientReply:client-734BBEB428D7->a5e38e3e-c2ad-4348-acb9-3fc25cfb14dd@group-7000B19605CB, cid=3509, SUCCESS, logIndex=5307, commits[a5e38e3e-c2ad-4348-acb9-3fc25cfb14dd:c5307, 11e48d46-e648-47f9-b6a0-9c7f26654c28:c5303, d1b6a90e-e817-40a7-bec1-608b5cc7d8b6:c5303]
2019-09-11 04:26:17,816 [grpc-default-executor-1] INFO  client.GrpcClientProtocolClient (GrpcClientProtocolClient.java:onNext(264)) - client-734BBEB428D7->a5e38e3e-c2ad-4348-acb9-3fc25cfb14dd: receive RaftClientReply:client-734BBEB428D7->a5e38e3e-c2ad-4348-acb9-3fc25cfb14dd@group-7000B19605CB, cid=3510, SUCCESS, logIndex=0, commits[a5e38e3e-c2ad-4348-acb9-3fc25cfb14dd:c5309, 11e48d46-e648-47f9-b6a0-9c7f26654c28:c5307, d1b6a90e-e817-40a7-bec1-608b5cc7d8b6:c5307]
2019-09-11 04:26:17,842 [grpc-default-executor-1] INFO  client.GrpcClientProtocolClient (GrpcClientProtocolClient.java:onNext(264)) - client-734BBEB428D7->a5e38e3e-c2ad-4348-acb9-3fc25cfb14dd: receive RaftClientReply:client-734BBEB428D7->a5e38e3e-c2ad-4348-acb9-3fc25cfb14dd@group-7000B19605CB, cid=3511, SUCCESS, logIndex=5310, commits[a5e38e3e-c2ad-4348-acb9-3fc25cfb14dd:c5311, 11e48d46-e648-47f9-b6a0-9c7f26654c28:c5309, d1b6a90e-e817-40a7-bec1-608b5cc7d8b6:c5309]
2019-09-11 04:26:17,842 [grpc-default-executor-1] INFO  client.GrpcClientProtocolClient (GrpcClientProtocolClient.java:onNext(264)) - client-734BBEB428D7->a5e38e3e-c2ad-4348-acb9-3fc25cfb14dd: receive RaftClientReply:client-734BBEB428D7->a5e38e3e-c2ad-4348-acb9-3fc25cfb14dd@group-7000B19605CB, cid=3512, SUCCESS, logIndex=5311, commits[a5e38e3e-c2ad-4348-acb9-3fc25cfb14dd:c5311, 11e48d46-e648-47f9-b6a0-9c7f26654c28:c5309, d1b6a90e-e817-40a7-bec1-608b5cc7d8b6:c5309]
2019-09-11 04:26:17,842 [grpc-default-executor-1] INFO  client.GrpcClientProtocolClient (GrpcClientProtocolClient.java:onNext(264)) - client-734BBEB428D7->a5e38e3e-c2ad-4348-acb9-3fc25cfb14dd: receive RaftClientReply:client-734BBEB428D7->a5e38e3e-c2ad-4348-acb9-3fc25cfb14dd@group-7000B19605CB, cid=3513, SUCCESS, logIndex=5312, commits[a5e38e3e-c2ad-4348-acb9-3fc25cfb14dd:c5313, 11e48d46-e648-47f9-b6a0-9c7f26654c28:c5309, d1b6a90e-e817-40a7-bec1-608b5cc7d8b6:c5309]
2019-09-11 04:26:17,843 [grpc-default-executor-1] INFO  client.GrpcClientProtocolClient (GrpcClientProtocolClient.java:onNext(264)) - client-734BBEB428D7->a5e38e3e-c2ad-4348-acb9-3fc25cfb14dd: receive RaftClientReply:client-734BBEB428D7->a5e38e3e-c2ad-4348-acb9-3fc25cfb14dd@group-7000B19605CB, cid=3514, SUCCESS, logIndex=5313, commits[a5e38e3e-c2ad-4348-acb9-3fc25cfb14dd:c5313, 11e48d46-e648-47f9-b6a0-9c7f26654c28:c5309, d1b6a90e-e817-40a7-bec1-608b5cc7d8b6:c5309]
2019-09-11 04:26:17,845 [grpc-default-executor-1] INFO  client.GrpcClientProtocolClient (GrpcClientProtocolClient.java:onNext(264)) - client-734BBEB428D7->a5e38e3e-c2ad-4348-acb9-3fc25cfb14dd: receive RaftClientReply:client-734BBEB428D7->a5e38e3e-c2ad-4348-acb9-3fc25cfb14dd@group-7000B19605CB, cid=3515, SUCCESS, logIndex=0, commits[a5e38e3e-c2ad-4348-acb9-3fc25cfb14dd:c5315, 11e48d46-e648-47f9-b6a0-9c7f26654c28:c5311, d1b6a90e-e817-40a7-bec1-608b5cc7d8b6:c5311]
2019-09-11 04:26:17,863 [grpc-default-executor-1] INFO  client.GrpcClientProtocolClient (GrpcClientProtocolClient.java:onNext(264)) - client-734BBEB428D7->a5e38e3e-c2ad-4348-acb9-3fc25cfb14dd: receive RaftClientReply:client-734BBEB428D7->a5e38e3e-c2ad-4348-acb9-3fc25cfb14dd@group-7000B19605CB, cid=3516, SUCCESS, logIndex=5318, commits[a5e38e3e-c2ad-4348-acb9-3fc25cfb14dd:c5319, 11e48d46-e648-47f9-b6a0-9c7f26654c28:c5317, d1b6a90e-e817-40a7-bec1-608b5cc7d8b6:c5317]
2019-09-11 04:26:17,864 [grpc-default-executor-1] INFO  client.GrpcClientProtocolClient (GrpcClientProtocolClient.java:onNext(264)) - client-734BBEB428D7->a5e38e3e-c2ad-4348-acb9-3fc25cfb14dd: receive RaftClientReply:client-734BBEB428D7->a5e38e3e-c2ad-4348-acb9-3fc25cfb14dd@group-7000B19605CB, cid=3517, SUCCESS, logIndex=5319, commits[a5e38e3e-c2ad-4348-acb9-3fc25cfb14dd:c5319, 11e48d46-e648-47f9-b6a0-9c7f26654c28:c5317, d1b6a90e-e817-40a7-bec1-608b5cc7d8b6:c5317]
2019-09-11 04:26:17,877 [grpc-default-executor-1] INFO  client.GrpcClientProtocolClient (GrpcClientProtocolClient.java:onNext(264)) - client-734BBEB428D7->a5e38e3e-c2ad-4348-acb9-3fc25cfb14dd: receive RaftClientReply:client-734BBEB428D7->a5e38e3e-c2ad-4348-acb9-3fc25cfb14dd@group-7000B19605CB, cid=3518, SUCCESS, logIndex=5322, commits[a5e38e3e-c2ad-4348-acb9-3fc25cfb14dd:c5323, 11e48d46-e648-47f9-b6a0-9c7f26654c28:c5319, d1b6a90e-e817-40a7-bec1-608b5cc7d8b6:c5319]
2019-09-11 04:26:17,877 [grpc-default-executor-1] INFO  client.GrpcClientProtocolClient (GrpcClientProtocolClient.java:onNext(264)) - client-734BBEB428D7->a5e38e3e-c2ad-4348-acb9-3fc25cfb14dd: receive RaftClientReply:client-734BBEB428D7->a5e38e3e-c2ad-4348-acb9-3fc25cfb14dd@group-7000B19605CB, cid=3519, SUCCESS, logIndex=5323, commits[a5e38e3e-c2ad-4348-acb9-3fc25cfb14dd:c5323, 11e48d46-e648-47f9-b6a0-9c7f26654c28:c5319, d1b6a90e-e817-40a7-bec1-608b5cc7d8b6:c5319]
2019-09-11 04:26:17,889 [grpc-default-executor-3] INFO  client.GrpcClientProtocolClient (GrpcClientProtocolClient.java:onNext(264)) - client-734BBEB428D7->a5e38e3e-c2ad-4348-acb9-3fc25cfb14dd: receive RaftClientReply:client-734BBEB428D7->a5e38e3e-c2ad-4348-acb9-3fc25cfb14dd@group-7000B19605CB, cid=3520, SUCCESS, logIndex=0, commits[a5e38e3e-c2ad-4348-acb9-3fc25cfb14dd:c5324, 11e48d46-e648-47f9-b6a0-9c7f26654c28:c5323, d1b6a90e-e817-40a7-bec1-608b5cc7d8b6:c5323]
2019-09-11 04:26:17,917 [grpc-default-executor-2] INFO  client.GrpcClientProtocolClient (GrpcClientProtocolClient.java:onNext(264)) - client-734BBEB428D7->a5e38e3e-c2ad-4348-acb9-3fc25cfb14dd: receive RaftClientReply:client-734BBEB428D7->a5e38e3e-c2ad-4348-acb9-3fc25cfb14dd@group-7000B19605CB, cid=3521, SUCCESS, logIndex=5326, commits[a5e38e3e-c2ad-4348-acb9-3fc25cfb14dd:c5327, 11e48d46-e648-47f9-b6a0-9c7f26654c28:c5325, d1b6a90e-e817-40a7-bec1-608b5cc7d8b6:c5325]
2019-09-11 04:26:17,917 [grpc-default-executor-2] INFO  client.GrpcClientProtocolClient (GrpcClientProtocolClient.java:onNext(264)) - client-734BBEB428D7->a5e38e3e-c2ad-4348-acb9-3fc25cfb14dd: receive RaftClientReply:client-734BBEB428D7->a5e38e3e-c2ad-4348-acb9-3fc25cfb14dd@group-7000B19605CB, cid=3522, SUCCESS, logIndex=5327, commits[a5e38e3e-c2ad-4348-acb9-3fc25cfb14dd:c5327, 11e48d46-e648-47f9-b6a0-9c7f26654c28:c5325, d1b6a90e-e817-40a7-bec1-608b5cc7d8b6:c5325]
2019-09-11 04:26:17,917 [grpc-default-executor-2] INFO  client.GrpcClientProtocolClient (GrpcClientProtocolClient.java:onNext(264)) - client-734BBEB428D7->a5e38e3e-c2ad-4348-acb9-3fc25cfb14dd: receive RaftClientReply:client-734BBEB428D7->a5e38e3e-c2ad-4348-acb9-3fc25cfb14dd@group-7000B19605CB, cid=3523, SUCCESS, logIndex=5328, commits[a5e38e3e-c2ad-4348-acb9-3fc25cfb14dd:c5329, 11e48d46-e648-47f9-b6a0-9c7f26654c28:c5325, d1b6a90e-e817-40a7-bec1-608b5cc7d8b6:c5325]
2019-09-11 04:26:17,918 [grpc-default-executor-2] INFO  client.GrpcClientProtocolClient (GrpcClientProtocolClient.java:onNext(264)) - client-734BBEB428D7->a5e38e3e-c2ad-4348-acb9-3fc25cfb14dd: receive RaftClientReply:client-734BBEB428D7->a5e38e3e-c2ad-4348-acb9-3fc25cfb14dd@group-7000B19605CB, cid=3524, SUCCESS, logIndex=5329, commits[a5e38e3e-c2ad-4348-acb9-3fc25cfb14dd:c5329, 11e48d46-e648-47f9-b6a0-9c7f26654c28:c5325, d1b6a90e-e817-40a7-bec1-608b5cc7d8b6:c5325]
2019-09-11 04:26:17,919 [grpc-default-executor-2] INFO  client.GrpcClientProtocolClient (GrpcClientProtocolClient.java:onNext(264)) - client-734BBEB428D7->a5e38e3e-c2ad-4348-acb9-3fc25cfb14dd: receive RaftClientReply:client-734BBEB428D7->a5e38e3e-c2ad-4348-acb9-3fc25cfb14dd@group-7000B19605CB, cid=3525, SUCCESS, logIndex=0, commits[a5e38e3e-c2ad-4348-acb9-3fc25cfb14dd:c5330, 11e48d46-e648-47f9-b6a0-9c7f26654c28:c5327, d1b6a90e-e817-40a7-bec1-608b5cc7d8b6:c5327]
2019-09-11 04:26:17,937 [grpc-default-executor-3] INFO  client.GrpcClientProtocolClient (GrpcClientProtocolClient.java:onNext(264)) - client-734BBEB428D7->a5e38e3e-c2ad-4348-acb9-3fc25cfb14dd: receive RaftClientReply:client-734BBEB428D7->a5e38e3e-c2ad-4348-acb9-3fc25cfb14dd@group-7000B19605CB, cid=3526, SUCCESS, logIndex=5332, commits[a5e38e3e-c2ad-4348-acb9-3fc25cfb14dd:c5333, 11e48d46-e648-47f9-b6a0-9c7f26654c28:c5331, d1b6a90e-e817-40a7-bec1-608b5cc7d8b6:c5331]
2019-09-11 04:26:17,937 [grpc-default-executor-3] INFO  client.GrpcClientProtocolClient (GrpcClientProtocolClient.java:onNext(264)) - client-734BBEB428D7->a5e38e3e-c2ad-4348-acb9-3fc25cfb14dd: receive RaftClientReply:client-734BBEB428D7->a5e38e3e-c2ad-4348-acb9-3fc25cfb14dd@group-7000B19605CB, cid=3527, SUCCESS, logIndex=5333, commits[a5e38e3e-c2ad-4348-acb9-3fc25cfb14dd:c5333, 11e48d46-e648-47f9-b6a0-9c7f26654c28:c5331, d1b6a90e-e817-40a7-bec1-608b5cc7d8b6:c5331]
2019-09-11 04:26:18,073 [grpc-default-executor-2] INFO  client.GrpcClientProtocolClient (GrpcClientProtocolClient.java:onNext(264)) - client-734BBEB428D7->a5e38e3e-c2ad-4348-acb9-3fc25cfb14dd: receive RaftClientReply:client-734BBEB428D7->a5e38e3e-c2ad-4348-acb9-3fc25cfb14dd@group-7000B19605CB, cid=3528, SUCCESS, logIndex=5336, commits[a5e38e3e-c2ad-4348-acb9-3fc25cfb14dd:c5337, 11e48d46-e648-47f9-b6a0-9c7f26654c28:c5335, d1b6a90e-e817-40a7-bec1-608b5cc7d8b6:c5335]
2019-09-11 04:26:18,073 [grpc-default-executor-2] INFO  client.GrpcClientProtocolClient (GrpcClientProtocolClient.java:onNext(264)) - client-734BBEB428D7->a5e38e3e-c2ad-4348-acb9-3fc25cfb14dd: receive RaftClientReply:client-734BBEB428D7->a5e38e3e-c2ad-4348-acb9-3fc25cfb14dd@group-7000B19605CB, cid=3529, SUCCESS, logIndex=5337, commits[a5e38e3e-c2ad-4348-acb9-3fc25cfb14dd:c5337, 11e48d46-e648-47f9-b6a0-9c7f26654c28:c5335, d1b6a90e-e817-40a7-bec1-608b5cc7d8b6:c5335]
2019-09-11 04:26:18,086 [grpc-default-executor-2] INFO  client.GrpcClientProtocolClient (GrpcClientProtocolClient.java:onNext(264)) - client-734BBEB428D7->a5e38e3e-c2ad-4348-acb9-3fc25cfb14dd: receive RaftClientReply:client-734BBEB428D7->a5e38e3e-c2ad-4348-acb9-3fc25cfb14dd@group-7000B19605CB, cid=3530, SUCCESS, logIndex=0, commits[a5e38e3e-c2ad-4348-acb9-3fc25cfb14dd:c5339, 11e48d46-e648-47f9-b6a0-9c7f26654c28:c5337, d1b6a90e-e817-40a7-bec1-608b5cc7d8b6:c5337]
2019-09-11 04:26:18,117 [grpc-default-executor-1] INFO  client.GrpcClientProtocolClient (GrpcClientProtocolClient.java:onNext(264)) - client-734BBEB428D7->a5e38e3e-c2ad-4348-acb9-3fc25cfb14dd: receive RaftClientReply:client-734BBEB428D7->a5e38e3e-c2ad-4348-acb9-3fc25cfb14dd@group-7000B19605CB, cid=3531, SUCCESS, logIndex=5340, commits[a5e38e3e-c2ad-4348-acb9-3fc25cfb14dd:c5340, 11e48d46-e648-47f9-b6a0-9c7f26654c28:c5339, d1b6a90e-e817-40a7-bec1-608b5cc7d8b6:c5339]
2019-09-11 04:26:18,117 [grpc-default-executor-1] INFO  client.GrpcClientProtocolClient (GrpcClientProtocolClient.java:onNext(264)) - client-734BBEB428D7->a5e38e3e-c2ad-4348-acb9-3fc25cfb14dd: receive RaftClientReply:client-734BBEB428D7->a5e38e3e-c2ad-4348-acb9-3fc25cfb14dd@group-7000B19605CB, cid=3532, SUCCESS, logIndex=5341, commits[a5e38e3e-c2ad-4348-acb9-3fc25cfb14dd:c5343, 11e48d46-e648-47f9-b6a0-9c7f26654c28:c5339, d1b6a90e-e817-40a7-bec1-608b5cc7d8b6:c5339]
2019-09-11 04:26:18,118 [grpc-default-executor-1] INFO  client.GrpcClientProtocolClient (GrpcClientProtocolClient.java:onNext(264)) - client-734BBEB428D7->a5e38e3e-c2ad-4348-acb9-3fc25cfb14dd: receive RaftClientReply:client-734BBEB428D7->a5e38e3e-c2ad-4348-acb9-3fc25cfb14dd@group-7000B19605CB, cid=3533, SUCCESS, logIndex=5342, commits[a5e38e3e-c2ad-4348-acb9-3fc25cfb14dd:c5343, 11e48d46-e648-47f9-b6a0-9c7f26654c28:c5339, d1b6a90e-e817-40a7-bec1-608b5cc7d8b6:c5339]
2019-09-11 04:26:18,118 [grpc-default-executor-1] INFO  client.GrpcClientProtocolClient (GrpcClientProtocolClient.java:onNext(264)) - client-734BBEB428D7->a5e38e3e-c2ad-4348-acb9-3fc25cfb14dd: receive RaftClientReply:client-734BBEB428D7->a5e38e3e-c2ad-4348-acb9-3fc25cfb14dd@group-7000B19605CB, cid=3534, SUCCESS, logIndex=5343, commits[a5e38e3e-c2ad-4348-acb9-3fc25cfb14dd:c5343, 11e48d46-e648-47f9-b6a0-9c7f26654c28:c5339, d1b6a90e-e817-40a7-bec1-608b5cc7d8b6:c5339]
2019-09-11 04:26:18,120 [grpc-default-executor-1] INFO  client.GrpcClientProtocolClient (GrpcClientProtocolClient.java:onNext(264)) - client-734BBEB428D7->a5e38e3e-c2ad-4348-acb9-3fc25cfb14dd: receive RaftClientReply:client-734BBEB428D7->a5e38e3e-c2ad-4348-acb9-3fc25cfb14dd@group-7000B19605CB, cid=3535, SUCCESS, logIndex=0, commits[a5e38e3e-c2ad-4348-acb9-3fc25cfb14dd:c5347, 11e48d46-e648-47f9-b6a0-9c7f26654c28:c5342, d1b6a90e-e817-40a7-bec1-608b5cc7d8b6:c5343]
2019-09-11 04:26:18,138 [grpc-default-executor-3] INFO  client.GrpcClientProtocolClient (GrpcClientProtocolClient.java:onNext(264)) - client-734BBEB428D7->a5e38e3e-c2ad-4348-acb9-3fc25cfb14dd: receive RaftClientReply:client-734BBEB428D7->a5e38e3e-c2ad-4348-acb9-3fc25cfb14dd@group-7000B19605CB, cid=3536, SUCCESS, logIndex=5348, commits[a5e38e3e-c2ad-4348-acb9-3fc25cfb14dd:c5349, 11e48d46-e648-47f9-b6a0-9c7f26654c28:c5347, d1b6a90e-e817-40a7-bec1-608b5cc7d8b6:c5347]
2019-09-11 04:26:18,138 [grpc-default-executor-3] INFO  client.GrpcClientProtocolClient (GrpcClientProtocolClient.java:onNext(264)) - client-734BBEB428D7->a5e38e3e-c2ad-4348-acb9-3fc25cfb14dd: receive RaftClientReply:client-734BBEB428D7->a5e38e3e-c2ad-4348-acb9-3fc25cfb14dd@group-7000B19605CB, cid=3537, SUCCESS, logIndex=5349, commits[a5e38e3e-c2ad-4348-acb9-3fc25cfb14dd:c5349, 11e48d46-e648-47f9-b6a0-9c7f26654c28:c5347, d1b6a90e-e817-40a7-bec1-608b5cc7d8b6:c5347]
2019-09-11 04:26:18,151 [grpc-default-executor-3] INFO  client.GrpcClientProtocolClient (GrpcClientProtocolClient.java:onNext(264)) - client-734BBEB428D7->a5e38e3e-c2ad-4348-acb9-3fc25cfb14dd: receive RaftClientReply:client-734BBEB428D7->a5e38e3e-c2ad-4348-acb9-3fc25cfb14dd@group-7000B19605CB, cid=3538, SUCCESS, logIndex=5352, commits[a5e38e3e-c2ad-4348-acb9-3fc25cfb14dd:c5353, 11e48d46-e648-47f9-b6a0-9c7f26654c28:c5349, d1b6a90e-e817-40a7-bec1-608b5cc7d8b6:c5349]
2019-09-11 04:26:18,151 [grpc-default-executor-3] INFO  client.GrpcClientProtocolClient (GrpcClientProtocolClient.java:onNext(264)) - client-734BBEB428D7->a5e38e3e-c2ad-4348-acb9-3fc25cfb14dd: receive RaftClientReply:client-734BBEB428D7->a5e38e3e-c2ad-4348-acb9-3fc25cfb14dd@group-7000B19605CB, cid=3539, SUCCESS, logIndex=5353, commits[a5e38e3e-c2ad-4348-acb9-3fc25cfb14dd:c5353, 11e48d46-e648-47f9-b6a0-9c7f26654c28:c5349, d1b6a90e-e817-40a7-bec1-608b5cc7d8b6:c5349]
2019-09-11 04:26:18,162 [grpc-default-executor-3] INFO  client.GrpcClientProtocolClient (GrpcClientProtocolClient.java:onNext(264)) - client-734BBEB428D7->a5e38e3e-c2ad-4348-acb9-3fc25cfb14dd: receive RaftClientReply:client-734BBEB428D7->a5e38e3e-c2ad-4348-acb9-3fc25cfb14dd@group-7000B19605CB, cid=3540, SUCCESS, logIndex=0, commits[a5e38e3e-c2ad-4348-acb9-3fc25cfb14dd:c5354, 11e48d46-e648-47f9-b6a0-9c7f26654c28:c5353, d1b6a90e-e817-40a7-bec1-608b5cc7d8b6:c5353]
2019-09-11 04:26:18,200 [grpc-default-executor-3] INFO  client.GrpcClientProtocolClient (GrpcClientProtocolClient.java:onNext(264)) - client-734BBEB428D7->a5e38e3e-c2ad-4348-acb9-3fc25cfb14dd: receive RaftClientReply:client-734BBEB428D7->a5e38e3e-c2ad-4348-acb9-3fc25cfb14dd@group-7000B19605CB, cid=3541, SUCCESS, logIndex=5356, commits[a5e38e3e-c2ad-4348-acb9-3fc25cfb14dd:c5357, 11e48d46-e648-47f9-b6a0-9c7f26654c28:c5355, d1b6a90e-e817-40a7-bec1-608b5cc7d8b6:c5355]
2019-09-11 04:26:18,200 [grpc-default-executor-3] INFO  client.GrpcClientProtocolClient (GrpcClientProtocolClient.java:onNext(264)) - client-734BBEB428D7->a5e38e3e-c2ad-4348-acb9-3fc25cfb14dd: receive RaftClientReply:client-734BBEB428D7->a5e38e3e-c2ad-4348-acb9-3fc25cfb14dd@group-7000B19605CB, cid=3542, SUCCESS, logIndex=5357, commits[a5e38e3e-c2ad-4348-acb9-3fc25cfb14dd:c5357, 11e48d46-e648-47f9-b6a0-9c7f26654c28:c5355, d1b6a90e-e817-40a7-bec1-608b5cc7d8b6:c5355]
2019-09-11 04:26:18,227 [grpc-default-executor-1] INFO  client.GrpcClientProtocolClient (GrpcClientProtocolClient.java:onNext(264)) - client-734BBEB428D7->a5e38e3e-c2ad-4348-acb9-3fc25cfb14dd: receive RaftClientReply:client-734BBEB428D7->a5e38e3e-c2ad-4348-acb9-3fc25cfb14dd@group-7000B19605CB, cid=3543, SUCCESS, logIndex=5358, commits[a5e38e3e-c2ad-4348-acb9-3fc25cfb14dd:c5359, 11e48d46-e648-47f9-b6a0-9c7f26654c28:c5355, d1b6a90e-e817-40a7-bec1-608b5cc7d8b6:c5355]
2019-09-11 04:26:18,227 [grpc-default-executor-3] INFO  client.GrpcClientProtocolClient (GrpcClientProtocolClient.java:onNext(264)) - client-734BBEB428D7->a5e38e3e-c2ad-4348-acb9-3fc25cfb14dd: receive RaftClientReply:client-734BBEB428D7->a5e38e3e-c2ad-4348-acb9-3fc25cfb14dd@group-7000B19605CB, cid=3544, SUCCESS, logIndex=5359, commits[a5e38e3e-c2ad-4348-acb9-3fc25cfb14dd:c5360, 11e48d46-e648-47f9-b6a0-9c7f26654c28:c5357, d1b6a90e-e817-40a7-bec1-608b5cc7d8b6:c5355]
2019-09-11 04:26:18,228 [grpc-default-executor-3] INFO  client.GrpcClientProtocolClient (GrpcClientProtocolClient.java:onNext(264)) - client-734BBEB428D7->a5e38e3e-c2ad-4348-acb9-3fc25cfb14dd: receive RaftClientReply:client-734BBEB428D7->a5e38e3e-c2ad-4348-acb9-3fc25cfb14dd@group-7000B19605CB, cid=3545, SUCCESS, logIndex=0, commits[a5e38e3e-c2ad-4348-acb9-3fc25cfb14dd:c5361, 11e48d46-e648-47f9-b6a0-9c7f26654c28:c5357, d1b6a90e-e817-40a7-bec1-608b5cc7d8b6:c5357]
2019-09-11 04:26:18,254 [grpc-default-executor-3] INFO  client.GrpcClientProtocolClient (GrpcClientProtocolClient.java:onNext(264)) - client-734BBEB428D7->a5e38e3e-c2ad-4348-acb9-3fc25cfb14dd: receive RaftClientReply:client-734BBEB428D7->a5e38e3e-c2ad-4348-acb9-3fc25cfb14dd@group-7000B19605CB, cid=3546, SUCCESS, logIndex=5364, commits[a5e38e3e-c2ad-4348-acb9-3fc25cfb14dd:c5365, 11e48d46-e648-47f9-b6a0-9c7f26654c28:c5361, d1b6a90e-e817-40a7-bec1-608b5cc7d8b6:c5359]
2019-09-11 04:26:18,254 [grpc-default-executor-3] INFO  client.GrpcClientProtocolClient (GrpcClientProtocolClient.java:onNext(264)) - client-734BBEB428D7->a5e38e3e-c2ad-4348-acb9-3fc25cfb14dd: receive RaftClientReply:client-734BBEB428D7->a5e38e3e-c2ad-4348-acb9-3fc25cfb14dd@group-7000B19605CB, cid=3547, SUCCESS, logIndex=5365, commits[a5e38e3e-c2ad-4348-acb9-3fc25cfb14dd:c5365, 11e48d46-e648-47f9-b6a0-9c7f26654c28:c5361, d1b6a90e-e817-40a7-bec1-608b5cc7d8b6:c5361]
 0.00% |█                                                                                                    |  0/1 Time: 0:00:292019-09-11 04:26:18,276 [grpc-default-executor-2] INFO  client.GrpcClientProtocolClient (GrpcClientProtocolClient.java:onNext(264)) - client-734BBEB428D7->a5e38e3e-c2ad-4348-acb9-3fc25cfb14dd: receive RaftClientReply:client-734BBEB428D7->a5e38e3e-c2ad-4348-acb9-3fc25cfb14dd@group-7000B19605CB, cid=3548, SUCCESS, logIndex=5368, commits[a5e38e3e-c2ad-4348-acb9-3fc25cfb14dd:c5369, 11e48d46-e648-47f9-b6a0-9c7f26654c28:c5367, d1b6a90e-e817-40a7-bec1-608b5cc7d8b6:c5367]
2019-09-11 04:26:18,276 [grpc-default-executor-2] INFO  client.GrpcClientProtocolClient (GrpcClientProtocolClient.java:onNext(264)) - client-734BBEB428D7->a5e38e3e-c2ad-4348-acb9-3fc25cfb14dd: receive RaftClientReply:client-734BBEB428D7->a5e38e3e-c2ad-4348-acb9-3fc25cfb14dd@group-7000B19605CB, cid=3549, SUCCESS, logIndex=5369, commits[a5e38e3e-c2ad-4348-acb9-3fc25cfb14dd:c5369, 11e48d46-e648-47f9-b6a0-9c7f26654c28:c5367, d1b6a90e-e817-40a7-bec1-608b5cc7d8b6:c5367]
2019-09-11 04:26:18,286 [grpc-default-executor-2] INFO  client.GrpcClientProtocolClient (GrpcClientProtocolClient.java:onNext(264)) - client-734BBEB428D7->a5e38e3e-c2ad-4348-acb9-3fc25cfb14dd: receive RaftClientReply:client-734BBEB428D7->a5e38e3e-c2ad-4348-acb9-3fc25cfb14dd@group-7000B19605CB, cid=3550, SUCCESS, logIndex=0, commits[a5e38e3e-c2ad-4348-acb9-3fc25cfb14dd:c5370, 11e48d46-e648-47f9-b6a0-9c7f26654c28:c5369, d1b6a90e-e817-40a7-bec1-608b5cc7d8b6:c5369]
2019-09-11 04:26:18,326 [grpc-default-executor-3] INFO  client.GrpcClientProtocolClient (GrpcClientProtocolClient.java:onNext(264)) - client-734BBEB428D7->a5e38e3e-c2ad-4348-acb9-3fc25cfb14dd: receive RaftClientReply:client-734BBEB428D7->a5e38e3e-c2ad-4348-acb9-3fc25cfb14dd@group-7000B19605CB, cid=3551, SUCCESS, logIndex=5372, commits[a5e38e3e-c2ad-4348-acb9-3fc25cfb14dd:c5373, 11e48d46-e648-47f9-b6a0-9c7f26654c28:c5371, d1b6a90e-e817-40a7-bec1-608b5cc7d8b6:c5371]
2019-09-11 04:26:18,327 [grpc-default-executor-3] INFO  client.GrpcClientProtocolClient (GrpcClientProtocolClient.java:onNext(264)) - client-734BBEB428D7->a5e38e3e-c2ad-4348-acb9-3fc25cfb14dd: receive RaftClientReply:client-734BBEB428D7->a5e38e3e-c2ad-4348-acb9-3fc25cfb14dd@group-7000B19605CB, cid=3552, SUCCESS, logIndex=5373, commits[a5e38e3e-c2ad-4348-acb9-3fc25cfb14dd:c5373, 11e48d46-e648-47f9-b6a0-9c7f26654c28:c5371, d1b6a90e-e817-40a7-bec1-608b5cc7d8b6:c5371]
2019-09-11 04:26:18,327 [grpc-default-executor-3] INFO  client.GrpcClientProtocolClient (GrpcClientProtocolClient.java:onNext(264)) - client-734BBEB428D7->a5e38e3e-c2ad-4348-acb9-3fc25cfb14dd: receive RaftClientReply:client-734BBEB428D7->a5e38e3e-c2ad-4348-acb9-3fc25cfb14dd@group-7000B19605CB, cid=3553, SUCCESS, logIndex=5374, commits[a5e38e3e-c2ad-4348-acb9-3fc25cfb14dd:c5375, 11e48d46-e648-47f9-b6a0-9c7f26654c28:c5371, d1b6a90e-e817-40a7-bec1-608b5cc7d8b6:c5371]
2019-09-11 04:26:18,328 [grpc-default-executor-3] INFO  client.GrpcClientProtocolClient (GrpcClientProtocolClient.java:onNext(264)) - client-734BBEB428D7->a5e38e3e-c2ad-4348-acb9-3fc25cfb14dd: receive RaftClientReply:client-734BBEB428D7->a5e38e3e-c2ad-4348-acb9-3fc25cfb14dd@group-7000B19605CB, cid=3554, SUCCESS, logIndex=5375, commits[a5e38e3e-c2ad-4348-acb9-3fc25cfb14dd:c5375, 11e48d46-e648-47f9-b6a0-9c7f26654c28:c5371, d1b6a90e-e817-40a7-bec1-608b5cc7d8b6:c5371]
2019-09-11 04:26:18,330 [grpc-default-executor-3] INFO  client.GrpcClientProtocolClient (GrpcClientProtocolClient.java:onNext(264)) - client-734BBEB428D7->a5e38e3e-c2ad-4348-acb9-3fc25cfb14dd: receive RaftClientReply:client-734BBEB428D7->a5e38e3e-c2ad-4348-acb9-3fc25cfb14dd@group-7000B19605CB, cid=3555, SUCCESS, logIndex=0, commits[a5e38e3e-c2ad-4348-acb9-3fc25cfb14dd:c5376, 11e48d46-e648-47f9-b6a0-9c7f26654c28:c5373, d1b6a90e-e817-40a7-bec1-608b5cc7d8b6:c5373]
2019-09-11 04:26:18,349 [grpc-default-executor-1] INFO  client.GrpcClientProtocolClient (GrpcClientProtocolClient.java:onNext(264)) - client-734BBEB428D7->a5e38e3e-c2ad-4348-acb9-3fc25cfb14dd: receive RaftClientReply:client-734BBEB428D7->a5e38e3e-c2ad-4348-acb9-3fc25cfb14dd@group-7000B19605CB, cid=3556, SUCCESS, logIndex=5380, commits[a5e38e3e-c2ad-4348-acb9-3fc25cfb14dd:c5381, 11e48d46-e648-47f9-b6a0-9c7f26654c28:c5379, d1b6a90e-e817-40a7-bec1-608b5cc7d8b6:c5379]
2019-09-11 04:26:18,350 [grpc-default-executor-1] INFO  client.GrpcClientProtocolClient (GrpcClientProtocolClient.java:onNext(264)) - client-734BBEB428D7->a5e38e3e-c2ad-4348-acb9-3fc25cfb14dd: receive RaftClientReply:client-734BBEB428D7->a5e38e3e-c2ad-4348-acb9-3fc25cfb14dd@group-7000B19605CB, cid=3557, SUCCESS, logIndex=5381, commits[a5e38e3e-c2ad-4348-acb9-3fc25cfb14dd:c5381, 11e48d46-e648-47f9-b6a0-9c7f26654c28:c5379, d1b6a90e-e817-40a7-bec1-608b5cc7d8b6:c5379]
2019-09-11 04:26:18,362 [grpc-default-executor-2] INFO  client.GrpcClientProtocolClient (GrpcClientProtocolClient.java:onNext(264)) - client-734BBEB428D7->a5e38e3e-c2ad-4348-acb9-3fc25cfb14dd: receive RaftClientReply:client-734BBEB428D7->a5e38e3e-c2ad-4348-acb9-3fc25cfb14dd@group-7000B19605CB, cid=3558, SUCCESS, logIndex=5384, commits[a5e38e3e-c2ad-4348-acb9-3fc25cfb14dd:c5385, 11e48d46-e648-47f9-b6a0-9c7f26654c28:c5381, d1b6a90e-e817-40a7-bec1-608b5cc7d8b6:c5381]
2019-09-11 04:26:18,362 [grpc-default-executor-2] INFO  client.GrpcClientProtocolClient (GrpcClientProtocolClient.java:onNext(264)) - client-734BBEB428D7->a5e38e3e-c2ad-4348-acb9-3fc25cfb14dd: receive RaftClientReply:client-734BBEB428D7->a5e38e3e-c2ad-4348-acb9-3fc25cfb14dd@group-7000B19605CB, cid=3559, SUCCESS, logIndex=5385, commits[a5e38e3e-c2ad-4348-acb9-3fc25cfb14dd:c5385, 11e48d46-e648-47f9-b6a0-9c7f26654c28:c5381, d1b6a90e-e817-40a7-bec1-608b5cc7d8b6:c5381]
2019-09-11 04:26:18,374 [grpc-default-executor-2] INFO  client.GrpcClientProtocolClient (GrpcClientProtocolClient.java:onNext(264)) - client-734BBEB428D7->a5e38e3e-c2ad-4348-acb9-3fc25cfb14dd: receive RaftClientReply:client-734BBEB428D7->a5e38e3e-c2ad-4348-acb9-3fc25cfb14dd@group-7000B19605CB, cid=3560, SUCCESS, logIndex=0, commits[a5e38e3e-c2ad-4348-acb9-3fc25cfb14dd:c5386, 11e48d46-e648-47f9-b6a0-9c7f26654c28:c5385, d1b6a90e-e817-40a7-bec1-608b5cc7d8b6:c5385]
2019-09-11 04:26:18,408 [grpc-default-executor-1] INFO  client.GrpcClientProtocolClient (GrpcClientProtocolClient.java:onNext(264)) - client-734BBEB428D7->a5e38e3e-c2ad-4348-acb9-3fc25cfb14dd: receive RaftClientReply:client-734BBEB428D7->a5e38e3e-c2ad-4348-acb9-3fc25cfb14dd@group-7000B19605CB, cid=3561, SUCCESS, logIndex=5388, commits[a5e38e3e-c2ad-4348-acb9-3fc25cfb14dd:c5390, 11e48d46-e648-47f9-b6a0-9c7f26654c28:c5387, d1b6a90e-e817-40a7-bec1-608b5cc7d8b6:c5387]
2019-09-11 04:26:18,409 [grpc-default-executor-1] INFO  client.GrpcClientProtocolClient (GrpcClientProtocolClient.java:onNext(264)) - client-734BBEB428D7->a5e38e3e-c2ad-4348-acb9-3fc25cfb14dd: receive RaftClientReply:client-734BBEB428D7->a5e38e3e-c2ad-4348-acb9-3fc25cfb14dd@group-7000B19605CB, cid=3562, SUCCESS, logIndex=5389, commits[a5e38e3e-c2ad-4348-acb9-3fc25cfb14dd:c5391, 11e48d46-e648-47f9-b6a0-9c7f26654c28:c5387, d1b6a90e-e817-40a7-bec1-608b5cc7d8b6:c5387]
2019-09-11 04:26:18,409 [grpc-default-executor-1] INFO  client.GrpcClientProtocolClient (GrpcClientProtocolClient.java:onNext(264)) - client-734BBEB428D7->a5e38e3e-c2ad-4348-acb9-3fc25cfb14dd: receive RaftClientReply:client-734BBEB428D7->a5e38e3e-c2ad-4348-acb9-3fc25cfb14dd@group-7000B19605CB, cid=3563, SUCCESS, logIndex=5390, commits[a5e38e3e-c2ad-4348-acb9-3fc25cfb14dd:c5391, 11e48d46-e648-47f9-b6a0-9c7f26654c28:c5387, d1b6a90e-e817-40a7-bec1-608b5cc7d8b6:c5387]
2019-09-11 04:26:18,409 [grpc-default-executor-1] INFO  client.GrpcClientProtocolClient (GrpcClientProtocolClient.java:onNext(264)) - client-734BBEB428D7->a5e38e3e-c2ad-4348-acb9-3fc25cfb14dd: receive RaftClientReply:client-734BBEB428D7->a5e38e3e-c2ad-4348-acb9-3fc25cfb14dd@group-7000B19605CB, cid=3564, SUCCESS, logIndex=5391, commits[a5e38e3e-c2ad-4348-acb9-3fc25cfb14dd:c5391, 11e48d46-e648-47f9-b6a0-9c7f26654c28:c5387, d1b6a90e-e817-40a7-bec1-608b5cc7d8b6:c5387]
2019-09-11 04:26:18,411 [grpc-default-executor-2] INFO  client.GrpcClientProtocolClient (GrpcClientProtocolClient.java:onNext(264)) - client-734BBEB428D7->a5e38e3e-c2ad-4348-acb9-3fc25cfb14dd: receive RaftClientReply:client-734BBEB428D7->a5e38e3e-c2ad-4348-acb9-3fc25cfb14dd@group-7000B19605CB, cid=3565, SUCCESS, logIndex=0, commits[a5e38e3e-c2ad-4348-acb9-3fc25cfb14dd:c5392, 11e48d46-e648-47f9-b6a0-9c7f26654c28:c5389, d1b6a90e-e817-40a7-bec1-608b5cc7d8b6:c5389]
2019-09-11 04:26:18,430 [grpc-default-executor-1] INFO  client.GrpcClientProtocolClient (GrpcClientProtocolClient.java:onNext(264)) - client-734BBEB428D7->a5e38e3e-c2ad-4348-acb9-3fc25cfb14dd: receive RaftClientReply:client-734BBEB428D7->a5e38e3e-c2ad-4348-acb9-3fc25cfb14dd@group-7000B19605CB, cid=3566, SUCCESS, logIndex=5396, commits[a5e38e3e-c2ad-4348-acb9-3fc25cfb14dd:c5397, 11e48d46-e648-47f9-b6a0-9c7f26654c28:c5395, d1b6a90e-e817-40a7-bec1-608b5cc7d8b6:c5395]
2019-09-11 04:26:18,431 [grpc-default-executor-1] INFO  client.GrpcClientProtocolClient (GrpcClientProtocolClient.java:onNext(264)) - client-734BBEB428D7->a5e38e3e-c2ad-4348-acb9-3fc25cfb14dd: receive RaftClientReply:client-734BBEB428D7->a5e38e3e-c2ad-4348-acb9-3fc25cfb14dd@group-7000B19605CB, cid=3567, SUCCESS, logIndex=5397, commits[a5e38e3e-c2ad-4348-acb9-3fc25cfb14dd:c5397, 11e48d46-e648-47f9-b6a0-9c7f26654c28:c5395, d1b6a90e-e817-40a7-bec1-608b5cc7d8b6:c5395]
2019-09-11 04:26:18,443 [grpc-default-executor-2] INFO  client.GrpcClientProtocolClient (GrpcClientProtocolClient.java:onNext(264)) - client-734BBEB428D7->a5e38e3e-c2ad-4348-acb9-3fc25cfb14dd: receive RaftClientReply:client-734BBEB428D7->a5e38e3e-c2ad-4348-acb9-3fc25cfb14dd@group-7000B19605CB, cid=3568, SUCCESS, logIndex=5400, commits[a5e38e3e-c2ad-4348-acb9-3fc25cfb14dd:c5400, 11e48d46-e648-47f9-b6a0-9c7f26654c28:c5397, d1b6a90e-e817-40a7-bec1-608b5cc7d8b6:c5397]
2019-09-11 04:26:18,444 [grpc-default-executor-2] INFO  client.GrpcClientProtocolClient (GrpcClientProtocolClient.java:onNext(264)) - client-734BBEB428D7->a5e38e3e-c2ad-4348-acb9-3fc25cfb14dd: receive RaftClientReply:client-734BBEB428D7->a5e38e3e-c2ad-4348-acb9-3fc25cfb14dd@group-7000B19605CB, cid=3569, SUCCESS, logIndex=5401, commits[a5e38e3e-c2ad-4348-acb9-3fc25cfb14dd:c5401, 11e48d46-e648-47f9-b6a0-9c7f26654c28:c5397, d1b6a90e-e817-40a7-bec1-608b5cc7d8b6:c5397]
2019-09-11 04:26:18,456 [grpc-default-executor-2] INFO  client.GrpcClientProtocolClient (GrpcClientProtocolClient.java:onNext(264)) - client-734BBEB428D7->a5e38e3e-c2ad-4348-acb9-3fc25cfb14dd: receive RaftClientReply:client-734BBEB428D7->a5e38e3e-c2ad-4348-acb9-3fc25cfb14dd@group-7000B19605CB, cid=3570, SUCCESS, logIndex=0, commits[a5e38e3e-c2ad-4348-acb9-3fc25cfb14dd:c5403, 11e48d46-e648-47f9-b6a0-9c7f26654c28:c5401, d1b6a90e-e817-40a7-bec1-608b5cc7d8b6:c5401]
2019-09-11 04:26:18,488 [grpc-default-executor-2] INFO  client.GrpcClientProtocolClient (GrpcClientProtocolClient.java:onNext(264)) - client-734BBEB428D7->a5e38e3e-c2ad-4348-acb9-3fc25cfb14dd: receive RaftClientReply:client-734BBEB428D7->a5e38e3e-c2ad-4348-acb9-3fc25cfb14dd@group-7000B19605CB, cid=3571, SUCCESS, logIndex=5404, commits[a5e38e3e-c2ad-4348-acb9-3fc25cfb14dd:c5405, 11e48d46-e648-47f9-b6a0-9c7f26654c28:c5403, d1b6a90e-e817-40a7-bec1-608b5cc7d8b6:c5403]
2019-09-11 04:26:18,489 [grpc-default-executor-3] INFO  client.GrpcClientProtocolClient (GrpcClientProtocolClient.java:onNext(264)) - client-734BBEB428D7->a5e38e3e-c2ad-4348-acb9-3fc25cfb14dd: receive RaftClientReply:client-734BBEB428D7->a5e38e3e-c2ad-4348-acb9-3fc25cfb14dd@group-7000B19605CB, cid=3572, SUCCESS, logIndex=5405, commits[a5e38e3e-c2ad-4348-acb9-3fc25cfb14dd:c5405, 11e48d46-e648-47f9-b6a0-9c7f26654c28:c5403, d1b6a90e-e817-40a7-bec1-608b5cc7d8b6:c5403]
2019-09-11 04:26:18,489 [grpc-default-executor-3] INFO  client.GrpcClientProtocolClient (GrpcClientProtocolClient.java:onNext(264)) - client-734BBEB428D7->a5e38e3e-c2ad-4348-acb9-3fc25cfb14dd: receive RaftClientReply:client-734BBEB428D7->a5e38e3e-c2ad-4348-acb9-3fc25cfb14dd@group-7000B19605CB, cid=3573, SUCCESS, logIndex=5406, commits[a5e38e3e-c2ad-4348-acb9-3fc25cfb14dd:c5407, 11e48d46-e648-47f9-b6a0-9c7f26654c28:c5403, d1b6a90e-e817-40a7-bec1-608b5cc7d8b6:c5403]
2019-09-11 04:26:18,489 [grpc-default-executor-3] INFO  client.GrpcClientProtocolClient (GrpcClientProtocolClient.java:onNext(264)) - client-734BBEB428D7->a5e38e3e-c2ad-4348-acb9-3fc25cfb14dd: receive RaftClientReply:client-734BBEB428D7->a5e38e3e-c2ad-4348-acb9-3fc25cfb14dd@group-7000B19605CB, cid=3574, SUCCESS, logIndex=5407, commits[a5e38e3e-c2ad-4348-acb9-3fc25cfb14dd:c5407, 11e48d46-e648-47f9-b6a0-9c7f26654c28:c5403, d1b6a90e-e817-40a7-bec1-608b5cc7d8b6:c5403]
2019-09-11 04:26:18,491 [grpc-default-executor-3] INFO  client.GrpcClientProtocolClient (GrpcClientProtocolClient.java:onNext(264)) - client-734BBEB428D7->a5e38e3e-c2ad-4348-acb9-3fc25cfb14dd: receive RaftClientReply:client-734BBEB428D7->a5e38e3e-c2ad-4348-acb9-3fc25cfb14dd@group-7000B19605CB, cid=3575, SUCCESS, logIndex=0, commits[a5e38e3e-c2ad-4348-acb9-3fc25cfb14dd:c5409, 11e48d46-e648-47f9-b6a0-9c7f26654c28:c5405, d1b6a90e-e817-40a7-bec1-608b5cc7d8b6:c5405]
2019-09-11 04:26:18,509 [grpc-default-executor-3] INFO  client.GrpcClientProtocolClient (GrpcClientProtocolClient.java:onNext(264)) - client-734BBEB428D7->a5e38e3e-c2ad-4348-acb9-3fc25cfb14dd: receive RaftClientReply:client-734BBEB428D7->a5e38e3e-c2ad-4348-acb9-3fc25cfb14dd@group-7000B19605CB, cid=3576, SUCCESS, logIndex=5411, commits[a5e38e3e-c2ad-4348-acb9-3fc25cfb14dd:c5412, 11e48d46-e648-47f9-b6a0-9c7f26654c28:c5410, d1b6a90e-e817-40a7-bec1-608b5cc7d8b6:c5410]
2019-09-11 04:26:18,510 [grpc-default-executor-3] INFO  client.GrpcClientProtocolClient (GrpcClientProtocolClient.java:onNext(264)) - client-734BBEB428D7->a5e38e3e-c2ad-4348-acb9-3fc25cfb14dd: receive RaftClientReply:client-734BBEB428D7->a5e38e3e-c2ad-4348-acb9-3fc25cfb14dd@group-7000B19605CB, cid=3577, SUCCESS, logIndex=5412, commits[a5e38e3e-c2ad-4348-acb9-3fc25cfb14dd:c5412, 11e48d46-e648-47f9-b6a0-9c7f26654c28:c5410, d1b6a90e-e817-40a7-bec1-608b5cc7d8b6:c5410]
2019-09-11 04:26:18,522 [grpc-default-executor-3] INFO  client.GrpcClientProtocolClient (GrpcClientProtocolClient.java:onNext(264)) - client-734BBEB428D7->a5e38e3e-c2ad-4348-acb9-3fc25cfb14dd: receive RaftClientReply:client-734BBEB428D7->a5e38e3e-c2ad-4348-acb9-3fc25cfb14dd@group-7000B19605CB, cid=3578, SUCCESS, logIndex=5415, commits[a5e38e3e-c2ad-4348-acb9-3fc25cfb14dd:c5416, 11e48d46-e648-47f9-b6a0-9c7f26654c28:c5412, d1b6a90e-e817-40a7-bec1-608b5cc7d8b6:c5412]
2019-09-11 04:26:18,522 [grpc-default-executor-3] INFO  client.GrpcClientProtocolClient (GrpcClientProtocolClient.java:onNext(264)) - client-734BBEB428D7->a5e38e3e-c2ad-4348-acb9-3fc25cfb14dd: receive RaftClientReply:client-734BBEB428D7->a5e38e3e-c2ad-4348-acb9-3fc25cfb14dd@group-7000B19605CB, cid=3579, SUCCESS, logIndex=5416, commits[a5e38e3e-c2ad-4348-acb9-3fc25cfb14dd:c5416, 11e48d46-e648-47f9-b6a0-9c7f26654c28:c5412, d1b6a90e-e817-40a7-bec1-608b5cc7d8b6:c5412]
2019-09-11 04:26:18,534 [grpc-default-executor-1] INFO  client.GrpcClientProtocolClient (GrpcClientProtocolClient.java:onNext(264)) - client-734BBEB428D7->a5e38e3e-c2ad-4348-acb9-3fc25cfb14dd: receive RaftClientReply:client-734BBEB428D7->a5e38e3e-c2ad-4348-acb9-3fc25cfb14dd@group-7000B19605CB, cid=3580, SUCCESS, logIndex=0, commits[a5e38e3e-c2ad-4348-acb9-3fc25cfb14dd:c5418, 11e48d46-e648-47f9-b6a0-9c7f26654c28:c5416, d1b6a90e-e817-40a7-bec1-608b5cc7d8b6:c5416]
2019-09-11 04:26:18,566 [grpc-default-executor-2] INFO  client.GrpcClientProtocolClient (GrpcClientProtocolClient.java:onNext(264)) - client-734BBEB428D7->a5e38e3e-c2ad-4348-acb9-3fc25cfb14dd: receive RaftClientReply:client-734BBEB428D7->a5e38e3e-c2ad-4348-acb9-3fc25cfb14dd@group-7000B19605CB, cid=3581, SUCCESS, logIndex=5419, commits[a5e38e3e-c2ad-4348-acb9-3fc25cfb14dd:c5420, 11e48d46-e648-47f9-b6a0-9c7f26654c28:c5418, d1b6a90e-e817-40a7-bec1-608b5cc7d8b6:c5418]
2019-09-11 04:26:18,567 [grpc-default-executor-3] INFO  client.GrpcClientProtocolClient (GrpcClientProtocolClient.java:onNext(264)) - client-734BBEB428D7->a5e38e3e-c2ad-4348-acb9-3fc25cfb14dd: receive RaftClientReply:client-734BBEB428D7->a5e38e3e-c2ad-4348-acb9-3fc25cfb14dd@group-7000B19605CB, cid=3582, SUCCESS, logIndex=5420, commits[a5e38e3e-c2ad-4348-acb9-3fc25cfb14dd:c5420, 11e48d46-e648-47f9-b6a0-9c7f26654c28:c5418, d1b6a90e-e817-40a7-bec1-608b5cc7d8b6:c5418]
2019-09-11 04:26:18,567 [grpc-default-executor-3] INFO  client.GrpcClientProtocolClient (GrpcClientProtocolClient.java:onNext(264)) - client-734BBEB428D7->a5e38e3e-c2ad-4348-acb9-3fc25cfb14dd: receive RaftClientReply:client-734BBEB428D7->a5e38e3e-c2ad-4348-acb9-3fc25cfb14dd@group-7000B19605CB, cid=3583, SUCCESS, logIndex=5421, commits[a5e38e3e-c2ad-4348-acb9-3fc25cfb14dd:c5421, 11e48d46-e648-47f9-b6a0-9c7f26654c28:c5418, d1b6a90e-e817-40a7-bec1-608b5cc7d8b6:c5418]
2019-09-11 04:26:18,567 [grpc-default-executor-3] INFO  client.GrpcClientProtocolClient (GrpcClientProtocolClient.java:onNext(264)) - client-734BBEB428D7->a5e38e3e-c2ad-4348-acb9-3fc25cfb14dd: receive RaftClientReply:client-734BBEB428D7->a5e38e3e-c2ad-4348-acb9-3fc25cfb14dd@group-7000B19605CB, cid=3584, SUCCESS, logIndex=5422, commits[a5e38e3e-c2ad-4348-acb9-3fc25cfb14dd:c5422, 11e48d46-e648-47f9-b6a0-9c7f26654c28:c5418, d1b6a90e-e817-40a7-bec1-608b5cc7d8b6:c5418]
2019-09-11 04:26:18,568 [grpc-default-executor-1] INFO  client.GrpcClientProtocolClient (GrpcClientProtocolClient.java:onNext(264)) - client-734BBEB428D7->a5e38e3e-c2ad-4348-acb9-3fc25cfb14dd: receive RaftClientReply:client-734BBEB428D7->a5e38e3e-c2ad-4348-acb9-3fc25cfb14dd@group-7000B19605CB, cid=3585, SUCCESS, logIndex=0, commits[a5e38e3e-c2ad-4348-acb9-3fc25cfb14dd:c5424, 11e48d46-e648-47f9-b6a0-9c7f26654c28:c5420, d1b6a90e-e817-40a7-bec1-608b5cc7d8b6:c5420]
2019-09-11 04:26:18,593 [grpc-default-executor-1] INFO  client.GrpcClientProtocolClient (GrpcClientProtocolClient.java:onNext(264)) - client-734BBEB428D7->a5e38e3e-c2ad-4348-acb9-3fc25cfb14dd: receive RaftClientReply:client-734BBEB428D7->a5e38e3e-c2ad-4348-acb9-3fc25cfb14dd@group-7000B19605CB, cid=3586, SUCCESS, logIndex=5427, commits[a5e38e3e-c2ad-4348-acb9-3fc25cfb14dd:c5428, 11e48d46-e648-47f9-b6a0-9c7f26654c28:c5426, d1b6a90e-e817-40a7-bec1-608b5cc7d8b6:c5426]
2019-09-11 04:26:18,593 [grpc-default-executor-1] INFO  client.GrpcClientProtocolClient (GrpcClientProtocolClient.java:onNext(264)) - client-734BBEB428D7->a5e38e3e-c2ad-4348-acb9-3fc25cfb14dd: receive RaftClientReply:client-734BBEB428D7->a5e38e3e-c2ad-4348-acb9-3fc25cfb14dd@group-7000B19605CB, cid=3587, SUCCESS, logIndex=5428, commits[a5e38e3e-c2ad-4348-acb9-3fc25cfb14dd:c5428, 11e48d46-e648-47f9-b6a0-9c7f26654c28:c5426, d1b6a90e-e817-40a7-bec1-608b5cc7d8b6:c5426]
2019-09-11 04:26:18,605 [grpc-default-executor-3] INFO  client.GrpcClientProtocolClient (GrpcClientProtocolClient.java:onNext(264)) - client-734BBEB428D7->a5e38e3e-c2ad-4348-acb9-3fc25cfb14dd: receive RaftClientReply:client-734BBEB428D7->a5e38e3e-c2ad-4348-acb9-3fc25cfb14dd@group-7000B19605CB, cid=3588, SUCCESS, logIndex=5431, commits[a5e38e3e-c2ad-4348-acb9-3fc25cfb14dd:c5431, 11e48d46-e648-47f9-b6a0-9c7f26654c28:c5428, d1b6a90e-e817-40a7-bec1-608b5cc7d8b6:c5428]
2019-09-11 04:26:18,606 [grpc-default-executor-3] INFO  client.GrpcClientProtocolClient (GrpcClientProtocolClient.java:onNext(264)) - client-734BBEB428D7->a5e38e3e-c2ad-4348-acb9-3fc25cfb14dd: receive RaftClientReply:client-734BBEB428D7->a5e38e3e-c2ad-4348-acb9-3fc25cfb14dd@group-7000B19605CB, cid=3589, SUCCESS, logIndex=5432, commits[a5e38e3e-c2ad-4348-acb9-3fc25cfb14dd:c5432, 11e48d46-e648-47f9-b6a0-9c7f26654c28:c5428, d1b6a90e-e817-40a7-bec1-608b5cc7d8b6:c5428]
2019-09-11 04:26:18,619 [grpc-default-executor-1] INFO  client.GrpcClientProtocolClient (GrpcClientProtocolClient.java:onNext(264)) - client-734BBEB428D7->a5e38e3e-c2ad-4348-acb9-3fc25cfb14dd: receive RaftClientReply:client-734BBEB428D7->a5e38e3e-c2ad-4348-acb9-3fc25cfb14dd@group-7000B19605CB, cid=3590, SUCCESS, logIndex=0, commits[a5e38e3e-c2ad-4348-acb9-3fc25cfb14dd:c5434, 11e48d46-e648-47f9-b6a0-9c7f26654c28:c5432, d1b6a90e-e817-40a7-bec1-608b5cc7d8b6:c5432]
2019-09-11 04:26:18,648 [grpc-default-executor-3] INFO  client.GrpcClientProtocolClient (GrpcClientProtocolClient.java:onNext(264)) - client-734BBEB428D7->a5e38e3e-c2ad-4348-acb9-3fc25cfb14dd: receive RaftClientReply:client-734BBEB428D7->a5e38e3e-c2ad-4348-acb9-3fc25cfb14dd@group-7000B19605CB, cid=3591, SUCCESS, logIndex=5435, commits[a5e38e3e-c2ad-4348-acb9-3fc25cfb14dd:c5436, 11e48d46-e648-47f9-b6a0-9c7f26654c28:c5434, d1b6a90e-e817-40a7-bec1-608b5cc7d8b6:c5434]
2019-09-11 04:26:18,649 [grpc-default-executor-3] INFO  client.GrpcClientProtocolClient (GrpcClientProtocolClient.java:onNext(264)) - client-734BBEB428D7->a5e38e3e-c2ad-4348-acb9-3fc25cfb14dd: receive RaftClientReply:client-734BBEB428D7->a5e38e3e-c2ad-4348-acb9-3fc25cfb14dd@group-7000B19605CB, cid=3592, SUCCESS, logIndex=5436, commits[a5e38e3e-c2ad-4348-acb9-3fc25cfb14dd:c5436, 11e48d46-e648-47f9-b6a0-9c7f26654c28:c5434, d1b6a90e-e817-40a7-bec1-608b5cc7d8b6:c5434]
2019-09-11 04:26:18,650 [grpc-default-executor-4] INFO  client.GrpcClientProtocolClient (GrpcClientProtocolClient.java:onNext(264)) - client-734BBEB428D7->a5e38e3e-c2ad-4348-acb9-3fc25cfb14dd: receive RaftClientReply:client-734BBEB428D7->a5e38e3e-c2ad-4348-acb9-3fc25cfb14dd@group-7000B19605CB, cid=3593, SUCCESS, logIndex=5437, commits[a5e38e3e-c2ad-4348-acb9-3fc25cfb14dd:c5437, 11e48d46-e648-47f9-b6a0-9c7f26654c28:c5434, d1b6a90e-e817-40a7-bec1-608b5cc7d8b6:c5434]
2019-09-11 04:26:18,650 [grpc-default-executor-4] INFO  client.GrpcClientProtocolClient (GrpcClientProtocolClient.java:onNext(264)) - client-734BBEB428D7->a5e38e3e-c2ad-4348-acb9-3fc25cfb14dd: receive RaftClientReply:client-734BBEB428D7->a5e38e3e-c2ad-4348-acb9-3fc25cfb14dd@group-7000B19605CB, cid=3594, SUCCESS, logIndex=5438, commits[a5e38e3e-c2ad-4348-acb9-3fc25cfb14dd:c5438, 11e48d46-e648-47f9-b6a0-9c7f26654c28:c5434, d1b6a90e-e817-40a7-bec1-608b5cc7d8b6:c5434]
2019-09-11 04:26:18,652 [grpc-default-executor-4] INFO  client.GrpcClientProtocolClient (GrpcClientProtocolClient.java:onNext(264)) - client-734BBEB428D7->a5e38e3e-c2ad-4348-acb9-3fc25cfb14dd: receive RaftClientReply:client-734BBEB428D7->a5e38e3e-c2ad-4348-acb9-3fc25cfb14dd@group-7000B19605CB, cid=3595, SUCCESS, logIndex=0, commits[a5e38e3e-c2ad-4348-acb9-3fc25cfb14dd:c5440, 11e48d46-e648-47f9-b6a0-9c7f26654c28:c5436, d1b6a90e-e817-40a7-bec1-608b5cc7d8b6:c5436]
2019-09-11 04:26:18,669 [grpc-default-executor-1] INFO  client.GrpcClientProtocolClient (GrpcClientProtocolClient.java:onNext(264)) - client-734BBEB428D7->a5e38e3e-c2ad-4348-acb9-3fc25cfb14dd: receive RaftClientReply:client-734BBEB428D7->a5e38e3e-c2ad-4348-acb9-3fc25cfb14dd@group-7000B19605CB, cid=3596, SUCCESS, logIndex=5443, commits[a5e38e3e-c2ad-4348-acb9-3fc25cfb14dd:c5444, 11e48d46-e648-47f9-b6a0-9c7f26654c28:c5442, d1b6a90e-e817-40a7-bec1-608b5cc7d8b6:c5442]
2019-09-11 04:26:18,670 [grpc-default-executor-1] INFO  client.GrpcClientProtocolClient (GrpcClientProtocolClient.java:onNext(264)) - client-734BBEB428D7->a5e38e3e-c2ad-4348-acb9-3fc25cfb14dd: receive RaftClientReply:client-734BBEB428D7->a5e38e3e-c2ad-4348-acb9-3fc25cfb14dd@group-7000B19605CB, cid=3597, SUCCESS, logIndex=5444, commits[a5e38e3e-c2ad-4348-acb9-3fc25cfb14dd:c5444, 11e48d46-e648-47f9-b6a0-9c7f26654c28:c5442, d1b6a90e-e817-40a7-bec1-608b5cc7d8b6:c5442]
2019-09-11 04:26:18,687 [grpc-default-executor-1] INFO  client.GrpcClientProtocolClient (GrpcClientProtocolClient.java:onNext(264)) - client-734BBEB428D7->a5e38e3e-c2ad-4348-acb9-3fc25cfb14dd: receive RaftClientReply:client-734BBEB428D7->a5e38e3e-c2ad-4348-acb9-3fc25cfb14dd@group-7000B19605CB, cid=3598, SUCCESS, logIndex=5447, commits[a5e38e3e-c2ad-4348-acb9-3fc25cfb14dd:c5448, 11e48d46-e648-47f9-b6a0-9c7f26654c28:c5446, d1b6a90e-e817-40a7-bec1-608b5cc7d8b6:c5446]
2019-09-11 04:26:18,688 [grpc-default-executor-1] INFO  client.GrpcClientProtocolClient (GrpcClientProtocolClient.java:onNext(264)) - client-734BBEB428D7->a5e38e3e-c2ad-4348-acb9-3fc25cfb14dd: receive RaftClientReply:client-734BBEB428D7->a5e38e3e-c2ad-4348-acb9-3fc25cfb14dd@group-7000B19605CB, cid=3599, SUCCESS, logIndex=5448, commits[a5e38e3e-c2ad-4348-acb9-3fc25cfb14dd:c5448, 11e48d46-e648-47f9-b6a0-9c7f26654c28:c5446, d1b6a90e-e817-40a7-bec1-608b5cc7d8b6:c5446]
2019-09-11 04:26:18,699 [grpc-default-executor-3] INFO  client.GrpcClientProtocolClient (GrpcClientProtocolClient.java:onNext(264)) - client-734BBEB428D7->a5e38e3e-c2ad-4348-acb9-3fc25cfb14dd: receive RaftClientReply:client-734BBEB428D7->a5e38e3e-c2ad-4348-acb9-3fc25cfb14dd@group-7000B19605CB, cid=3600, SUCCESS, logIndex=0, commits[a5e38e3e-c2ad-4348-acb9-3fc25cfb14dd:c5449, 11e48d46-e648-47f9-b6a0-9c7f26654c28:c5448, d1b6a90e-e817-40a7-bec1-608b5cc7d8b6:c5448]
2019-09-11 04:26:18,727 [grpc-default-executor-4] INFO  client.GrpcClientProtocolClient (GrpcClientProtocolClient.java:onNext(264)) - client-734BBEB428D7->a5e38e3e-c2ad-4348-acb9-3fc25cfb14dd: receive RaftClientReply:client-734BBEB428D7->a5e38e3e-c2ad-4348-acb9-3fc25cfb14dd@group-7000B19605CB, cid=3601, SUCCESS, logIndex=5451, commits[a5e38e3e-c2ad-4348-acb9-3fc25cfb14dd:c5453, 11e48d46-e648-47f9-b6a0-9c7f26654c28:c5450, d1b6a90e-e817-40a7-bec1-608b5cc7d8b6:c5450]
2019-09-11 04:26:18,727 [grpc-default-executor-4] INFO  client.GrpcClientProtocolClient (GrpcClientProtocolClient.java:onNext(264)) - client-734BBEB428D7->a5e38e3e-c2ad-4348-acb9-3fc25cfb14dd: receive RaftClientReply:client-734BBEB428D7->a5e38e3e-c2ad-4348-acb9-3fc25cfb14dd@group-7000B19605CB, cid=3602, SUCCESS, logIndex=5452, commits[a5e38e3e-c2ad-4348-acb9-3fc25cfb14dd:c5454, 11e48d46-e648-47f9-b6a0-9c7f26654c28:c5450, d1b6a90e-e817-40a7-bec1-608b5cc7d8b6:c5450]
2019-09-11 04:26:18,728 [grpc-default-executor-3] INFO  client.GrpcClientProtocolClient (GrpcClientProtocolClient.java:onNext(264)) - client-734BBEB428D7->a5e38e3e-c2ad-4348-acb9-3fc25cfb14dd: receive RaftClientReply:client-734BBEB428D7->a5e38e3e-c2ad-4348-acb9-3fc25cfb14dd@group-7000B19605CB, cid=3603, SUCCESS, logIndex=5453, commits[a5e38e3e-c2ad-4348-acb9-3fc25cfb14dd:c5454, 11e48d46-e648-47f9-b6a0-9c7f26654c28:c5450, d1b6a90e-e817-40a7-bec1-608b5cc7d8b6:c5450]
2019-09-11 04:26:18,728 [grpc-default-executor-4] INFO  client.GrpcClientProtocolClient (GrpcClientProtocolClient.java:onNext(264)) - client-734BBEB428D7->a5e38e3e-c2ad-4348-acb9-3fc25cfb14dd: receive RaftClientReply:client-734BBEB428D7->a5e38e3e-c2ad-4348-acb9-3fc25cfb14dd@group-7000B19605CB, cid=3604, SUCCESS, logIndex=5454, commits[a5e38e3e-c2ad-4348-acb9-3fc25cfb14dd:c5454, 11e48d46-e648-47f9-b6a0-9c7f26654c28:c5450, d1b6a90e-e817-40a7-bec1-608b5cc7d8b6:c5450]
2019-09-11 04:26:18,730 [grpc-default-executor-3] INFO  client.GrpcClientProtocolClient (GrpcClientProtocolClient.java:onNext(264)) - client-734BBEB428D7->a5e38e3e-c2ad-4348-acb9-3fc25cfb14dd: receive RaftClientReply:client-734BBEB428D7->a5e38e3e-c2ad-4348-acb9-3fc25cfb14dd@group-7000B19605CB, cid=3605, SUCCESS, logIndex=0, commits[a5e38e3e-c2ad-4348-acb9-3fc25cfb14dd:c5456, 11e48d46-e648-47f9-b6a0-9c7f26654c28:c5453, d1b6a90e-e817-40a7-bec1-608b5cc7d8b6:c5453]
2019-09-11 04:26:18,748 [grpc-default-executor-1] INFO  client.GrpcClientProtocolClient (GrpcClientProtocolClient.java:onNext(264)) - client-734BBEB428D7->a5e38e3e-c2ad-4348-acb9-3fc25cfb14dd: receive RaftClientReply:client-734BBEB428D7->a5e38e3e-c2ad-4348-acb9-3fc25cfb14dd@group-7000B19605CB, cid=3606, SUCCESS, logIndex=5459, commits[a5e38e3e-c2ad-4348-acb9-3fc25cfb14dd:c5460, 11e48d46-e648-47f9-b6a0-9c7f26654c28:c5458, d1b6a90e-e817-40a7-bec1-608b5cc7d8b6:c5458]
2019-09-11 04:26:18,748 [grpc-default-executor-1] INFO  client.GrpcClientProtocolClient (GrpcClientProtocolClient.java:onNext(264)) - client-734BBEB428D7->a5e38e3e-c2ad-4348-acb9-3fc25cfb14dd: receive RaftClientReply:client-734BBEB428D7->a5e38e3e-c2ad-4348-acb9-3fc25cfb14dd@group-7000B19605CB, cid=3607, SUCCESS, logIndex=5460, commits[a5e38e3e-c2ad-4348-acb9-3fc25cfb14dd:c5460, 11e48d46-e648-47f9-b6a0-9c7f26654c28:c5458, d1b6a90e-e817-40a7-bec1-608b5cc7d8b6:c5458]
2019-09-11 04:26:18,760 [grpc-default-executor-3] INFO  client.GrpcClientProtocolClient (GrpcClientProtocolClient.java:onNext(264)) - client-734BBEB428D7->a5e38e3e-c2ad-4348-acb9-3fc25cfb14dd: receive RaftClientReply:client-734BBEB428D7->a5e38e3e-c2ad-4348-acb9-3fc25cfb14dd@group-7000B19605CB, cid=3608, SUCCESS, logIndex=5463, commits[a5e38e3e-c2ad-4348-acb9-3fc25cfb14dd:c5464, 11e48d46-e648-47f9-b6a0-9c7f26654c28:c5460, d1b6a90e-e817-40a7-bec1-608b5cc7d8b6:c5460]
2019-09-11 04:26:18,760 [grpc-default-executor-3] INFO  client.GrpcClientProtocolClient (GrpcClientProtocolClient.java:onNext(264)) - client-734BBEB428D7->a5e38e3e-c2ad-4348-acb9-3fc25cfb14dd: receive RaftClientReply:client-734BBEB428D7->a5e38e3e-c2ad-4348-acb9-3fc25cfb14dd@group-7000B19605CB, cid=3609, SUCCESS, logIndex=5464, commits[a5e38e3e-c2ad-4348-acb9-3fc25cfb14dd:c5464, 11e48d46-e648-47f9-b6a0-9c7f26654c28:c5460, d1b6a90e-e817-40a7-bec1-608b5cc7d8b6:c5460]
2019-09-11 04:26:18,771 [grpc-default-executor-3] INFO  client.GrpcClientProtocolClient (GrpcClientProtocolClient.java:onNext(264)) - client-734BBEB428D7->a5e38e3e-c2ad-4348-acb9-3fc25cfb14dd: receive RaftClientReply:client-734BBEB428D7->a5e38e3e-c2ad-4348-acb9-3fc25cfb14dd@group-7000B19605CB, cid=3610, SUCCESS, logIndex=0, commits[a5e38e3e-c2ad-4348-acb9-3fc25cfb14dd:c5465, 11e48d46-e648-47f9-b6a0-9c7f26654c28:c5464, d1b6a90e-e817-40a7-bec1-608b5cc7d8b6:c5464]
2019-09-11 04:26:18,825 [grpc-default-executor-3] INFO  client.GrpcClientProtocolClient (GrpcClientProtocolClient.java:onNext(264)) - client-734BBEB428D7->a5e38e3e-c2ad-4348-acb9-3fc25cfb14dd: receive RaftClientReply:client-734BBEB428D7->a5e38e3e-c2ad-4348-acb9-3fc25cfb14dd@group-7000B19605CB, cid=3611, SUCCESS, logIndex=5467, commits[a5e38e3e-c2ad-4348-acb9-3fc25cfb14dd:c5469, 11e48d46-e648-47f9-b6a0-9c7f26654c28:c5466, d1b6a90e-e817-40a7-bec1-608b5cc7d8b6:c5466]
2019-09-11 04:26:18,826 [grpc-default-executor-3] INFO  client.GrpcClientProtocolClient (GrpcClientProtocolClient.java:onNext(264)) - client-734BBEB428D7->a5e38e3e-c2ad-4348-acb9-3fc25cfb14dd: receive RaftClientReply:client-734BBEB428D7->a5e38e3e-c2ad-4348-acb9-3fc25cfb14dd@group-7000B19605CB, cid=3612, SUCCESS, logIndex=5468, commits[a5e38e3e-c2ad-4348-acb9-3fc25cfb14dd:c5470, 11e48d46-e648-47f9-b6a0-9c7f26654c28:c5466, d1b6a90e-e817-40a7-bec1-608b5cc7d8b6:c5466]
2019-09-11 04:26:18,826 [grpc-default-executor-3] INFO  client.GrpcClientProtocolClient (GrpcClientProtocolClient.java:onNext(264)) - client-734BBEB428D7->a5e38e3e-c2ad-4348-acb9-3fc25cfb14dd: receive RaftClientReply:client-734BBEB428D7->a5e38e3e-c2ad-4348-acb9-3fc25cfb14dd@group-7000B19605CB, cid=3613, SUCCESS, logIndex=5469, commits[a5e38e3e-c2ad-4348-acb9-3fc25cfb14dd:c5470, 11e48d46-e648-47f9-b6a0-9c7f26654c28:c5466, d1b6a90e-e817-40a7-bec1-608b5cc7d8b6:c5466]
2019-09-11 04:26:18,826 [grpc-default-executor-3] INFO  client.GrpcClientProtocolClient (GrpcClientProtocolClient.java:onNext(264)) - client-734BBEB428D7->a5e38e3e-c2ad-4348-acb9-3fc25cfb14dd: receive RaftClientReply:client-734BBEB428D7->a5e38e3e-c2ad-4348-acb9-3fc25cfb14dd@group-7000B19605CB, cid=3614, SUCCESS, logIndex=5470, commits[a5e38e3e-c2ad-4348-acb9-3fc25cfb14dd:c5470, 11e48d46-e648-47f9-b6a0-9c7f26654c28:c5466, d1b6a90e-e817-40a7-bec1-608b5cc7d8b6:c5466]
2019-09-11 04:26:18,837 [grpc-default-executor-1] INFO  client.GrpcClientProtocolClient (GrpcClientProtocolClient.java:onNext(264)) - client-734BBEB428D7->a5e38e3e-c2ad-4348-acb9-3fc25cfb14dd: receive RaftClientReply:client-734BBEB428D7->a5e38e3e-c2ad-4348-acb9-3fc25cfb14dd@group-7000B19605CB, cid=3615, SUCCESS, logIndex=0, commits[a5e38e3e-c2ad-4348-acb9-3fc25cfb14dd:c5472, 11e48d46-e648-47f9-b6a0-9c7f26654c28:c5468, d1b6a90e-e817-40a7-bec1-608b5cc7d8b6:c5468]
2019-09-11 04:26:18,868 [grpc-default-executor-1] INFO  client.GrpcClientProtocolClient (GrpcClientProtocolClient.java:onNext(264)) - client-734BBEB428D7->a5e38e3e-c2ad-4348-acb9-3fc25cfb14dd: receive RaftClientReply:client-734BBEB428D7->a5e38e3e-c2ad-4348-acb9-3fc25cfb14dd@group-7000B19605CB, cid=3616, SUCCESS, logIndex=5475, commits[a5e38e3e-c2ad-4348-acb9-3fc25cfb14dd:c5476, 11e48d46-e648-47f9-b6a0-9c7f26654c28:c5474, d1b6a90e-e817-40a7-bec1-608b5cc7d8b6:c5474]
2019-09-11 04:26:18,868 [grpc-default-executor-1] INFO  client.GrpcClientProtocolClient (GrpcClientProtocolClient.java:onNext(264)) - client-734BBEB428D7->a5e38e3e-c2ad-4348-acb9-3fc25cfb14dd: receive RaftClientReply:client-734BBEB428D7->a5e38e3e-c2ad-4348-acb9-3fc25cfb14dd@group-7000B19605CB, cid=3617, SUCCESS, logIndex=5476, commits[a5e38e3e-c2ad-4348-acb9-3fc25cfb14dd:c5476, 11e48d46-e648-47f9-b6a0-9c7f26654c28:c5474, d1b6a90e-e817-40a7-bec1-608b5cc7d8b6:c5474]
2019-09-11 04:26:18,881 [grpc-default-executor-1] INFO  client.GrpcClientProtocolClient (GrpcClientProtocolClient.java:onNext(264)) - client-734BBEB428D7->a5e38e3e-c2ad-4348-acb9-3fc25cfb14dd: receive RaftClientReply:client-734BBEB428D7->a5e38e3e-c2ad-4348-acb9-3fc25cfb14dd@group-7000B19605CB, cid=3618, SUCCESS, logIndex=5479, commits[a5e38e3e-c2ad-4348-acb9-3fc25cfb14dd:c5480, 11e48d46-e648-47f9-b6a0-9c7f26654c28:c5476, d1b6a90e-e817-40a7-bec1-608b5cc7d8b6:c5476]
2019-09-11 04:26:18,881 [grpc-default-executor-1] INFO  client.GrpcClientProtocolClient (GrpcClientProtocolClient.java:onNext(264)) - client-734BBEB428D7->a5e38e3e-c2ad-4348-acb9-3fc25cfb14dd: receive RaftClientReply:client-734BBEB428D7->a5e38e3e-c2ad-4348-acb9-3fc25cfb14dd@group-7000B19605CB, cid=3619, SUCCESS, logIndex=5480, commits[a5e38e3e-c2ad-4348-acb9-3fc25cfb14dd:c5480, 11e48d46-e648-47f9-b6a0-9c7f26654c28:c5476, d1b6a90e-e817-40a7-bec1-608b5cc7d8b6:c5476]
2019-09-11 04:26:18,894 [grpc-default-executor-1] INFO  client.GrpcClientProtocolClient (GrpcClientProtocolClient.java:onNext(264)) - client-734BBEB428D7->a5e38e3e-c2ad-4348-acb9-3fc25cfb14dd: receive RaftClientReply:client-734BBEB428D7->a5e38e3e-c2ad-4348-acb9-3fc25cfb14dd@group-7000B19605CB, cid=3620, SUCCESS, logIndex=0, commits[a5e38e3e-c2ad-4348-acb9-3fc25cfb14dd:c5482, 11e48d46-e648-47f9-b6a0-9c7f26654c28:c5480, d1b6a90e-e817-40a7-bec1-608b5cc7d8b6:c5480]
2019-09-11 04:26:19,036 [grpc-default-executor-3] INFO  client.GrpcClientProtocolClient (GrpcClientProtocolClient.java:onNext(264)) - client-734BBEB428D7->a5e38e3e-c2ad-4348-acb9-3fc25cfb14dd: receive RaftClientReply:client-734BBEB428D7->a5e38e3e-c2ad-4348-acb9-3fc25cfb14dd@group-7000B19605CB, cid=3621, SUCCESS, logIndex=5483, commits[a5e38e3e-c2ad-4348-acb9-3fc25cfb14dd:c5484, 11e48d46-e648-47f9-b6a0-9c7f26654c28:c5482, d1b6a90e-e817-40a7-bec1-608b5cc7d8b6:c5482]
2019-09-11 04:26:19,037 [grpc-default-executor-3] INFO  client.GrpcClientProtocolClient (GrpcClientProtocolClient.java:onNext(264)) - client-734BBEB428D7->a5e38e3e-c2ad-4348-acb9-3fc25cfb14dd: receive RaftClientReply:client-734BBEB428D7->a5e38e3e-c2ad-4348-acb9-3fc25cfb14dd@group-7000B19605CB, cid=3622, SUCCESS, logIndex=5484, commits[a5e38e3e-c2ad-4348-acb9-3fc25cfb14dd:c5485, 11e48d46-e648-47f9-b6a0-9c7f26654c28:c5482, d1b6a90e-e817-40a7-bec1-608b5cc7d8b6:c5482]
2019-09-11 04:26:19,037 [grpc-default-executor-3] INFO  client.GrpcClientProtocolClient (GrpcClientProtocolClient.java:onNext(264)) - client-734BBEB428D7->a5e38e3e-c2ad-4348-acb9-3fc25cfb14dd: receive RaftClientReply:client-734BBEB428D7->a5e38e3e-c2ad-4348-acb9-3fc25cfb14dd@group-7000B19605CB, cid=3623, SUCCESS, logIndex=5485, commits[a5e38e3e-c2ad-4348-acb9-3fc25cfb14dd:c5486, 11e48d46-e648-47f9-b6a0-9c7f26654c28:c5482, d1b6a90e-e817-40a7-bec1-608b5cc7d8b6:c5482]
2019-09-11 04:26:19,037 [grpc-default-executor-3] INFO  client.GrpcClientProtocolClient (GrpcClientProtocolClient.java:onNext(264)) - client-734BBEB428D7->a5e38e3e-c2ad-4348-acb9-3fc25cfb14dd: receive RaftClientReply:client-734BBEB428D7->a5e38e3e-c2ad-4348-acb9-3fc25cfb14dd@group-7000B19605CB, cid=3624, SUCCESS, logIndex=5486, commits[a5e38e3e-c2ad-4348-acb9-3fc25cfb14dd:c5486, 11e48d46-e648-47f9-b6a0-9c7f26654c28:c5482, d1b6a90e-e817-40a7-bec1-608b5cc7d8b6:c5482]
2019-09-11 04:26:19,052 [grpc-default-executor-3] INFO  client.GrpcClientProtocolClient (GrpcClientProtocolClient.java:onNext(264)) - client-734BBEB428D7->a5e38e3e-c2ad-4348-acb9-3fc25cfb14dd: receive RaftClientReply:client-734BBEB428D7->a5e38e3e-c2ad-4348-acb9-3fc25cfb14dd@group-7000B19605CB, cid=3625, SUCCESS, logIndex=0, commits[a5e38e3e-c2ad-4348-acb9-3fc25cfb14dd:c5490, 11e48d46-e648-47f9-b6a0-9c7f26654c28:c5484, d1b6a90e-e817-40a7-bec1-608b5cc7d8b6:c5486]
2019-09-11 04:26:19,072 [grpc-default-executor-1] INFO  client.GrpcClientProtocolClient (GrpcClientProtocolClient.java:onNext(264)) - client-734BBEB428D7->a5e38e3e-c2ad-4348-acb9-3fc25cfb14dd: receive RaftClientReply:client-734BBEB428D7->a5e38e3e-c2ad-4348-acb9-3fc25cfb14dd@group-7000B19605CB, cid=3626, SUCCESS, logIndex=5491, commits[a5e38e3e-c2ad-4348-acb9-3fc25cfb14dd:c5492, 11e48d46-e648-47f9-b6a0-9c7f26654c28:c5490, d1b6a90e-e817-40a7-bec1-608b5cc7d8b6:c5490]
2019-09-11 04:26:19,072 [grpc-default-executor-1] INFO  client.GrpcClientProtocolClient (GrpcClientProtocolClient.java:onNext(264)) - client-734BBEB428D7->a5e38e3e-c2ad-4348-acb9-3fc25cfb14dd: receive RaftClientReply:client-734BBEB428D7->a5e38e3e-c2ad-4348-acb9-3fc25cfb14dd@group-7000B19605CB, cid=3627, SUCCESS, logIndex=5492, commits[a5e38e3e-c2ad-4348-acb9-3fc25cfb14dd:c5492, 11e48d46-e648-47f9-b6a0-9c7f26654c28:c5490, d1b6a90e-e817-40a7-bec1-608b5cc7d8b6:c5490]
2019-09-11 04:26:19,085 [grpc-default-executor-1] INFO  client.GrpcClientProtocolClient (GrpcClientProtocolClient.java:onNext(264)) - client-734BBEB428D7->a5e38e3e-c2ad-4348-acb9-3fc25cfb14dd: receive RaftClientReply:client-734BBEB428D7->a5e38e3e-c2ad-4348-acb9-3fc25cfb14dd@group-7000B19605CB, cid=3628, SUCCESS, logIndex=5495, commits[a5e38e3e-c2ad-4348-acb9-3fc25cfb14dd:c5496, 11e48d46-e648-47f9-b6a0-9c7f26654c28:c5492, d1b6a90e-e817-40a7-bec1-608b5cc7d8b6:c5492]
2019-09-11 04:26:19,085 [grpc-default-executor-1] INFO  client.GrpcClientProtocolClient (GrpcClientProtocolClient.java:onNext(264)) - client-734BBEB428D7->a5e38e3e-c2ad-4348-acb9-3fc25cfb14dd: receive RaftClientReply:client-734BBEB428D7->a5e38e3e-c2ad-4348-acb9-3fc25cfb14dd@group-7000B19605CB, cid=3629, SUCCESS, logIndex=5496, commits[a5e38e3e-c2ad-4348-acb9-3fc25cfb14dd:c5496, 11e48d46-e648-47f9-b6a0-9c7f26654c28:c5492, d1b6a90e-e817-40a7-bec1-608b5cc7d8b6:c5492]
2019-09-11 04:26:19,106 [grpc-default-executor-1] INFO  client.GrpcClientProtocolClient (GrpcClientProtocolClient.java:onNext(264)) - client-734BBEB428D7->a5e38e3e-c2ad-4348-acb9-3fc25cfb14dd: receive RaftClientReply:client-734BBEB428D7->a5e38e3e-c2ad-4348-acb9-3fc25cfb14dd@group-7000B19605CB, cid=3630, SUCCESS, logIndex=0, commits[a5e38e3e-c2ad-4348-acb9-3fc25cfb14dd:c5498, 11e48d46-e648-47f9-b6a0-9c7f26654c28:c5496, d1b6a90e-e817-40a7-bec1-608b5cc7d8b6:c5496]
2019-09-11 04:26:19,146 [grpc-default-executor-1] INFO  client.GrpcClientProtocolClient (GrpcClientProtocolClient.java:onNext(264)) - client-734BBEB428D7->a5e38e3e-c2ad-4348-acb9-3fc25cfb14dd: receive RaftClientReply:client-734BBEB428D7->a5e38e3e-c2ad-4348-acb9-3fc25cfb14dd@group-7000B19605CB, cid=3631, SUCCESS, logIndex=5499, commits[a5e38e3e-c2ad-4348-acb9-3fc25cfb14dd:c5500, 11e48d46-e648-47f9-b6a0-9c7f26654c28:c5498, d1b6a90e-e817-40a7-bec1-608b5cc7d8b6:c5498]
2019-09-11 04:26:19,147 [grpc-default-executor-1] INFO  client.GrpcClientProtocolClient (GrpcClientProtocolClient.java:onNext(264)) - client-734BBEB428D7->a5e38e3e-c2ad-4348-acb9-3fc25cfb14dd: receive RaftClientReply:client-734BBEB428D7->a5e38e3e-c2ad-4348-acb9-3fc25cfb14dd@group-7000B19605CB, cid=3632, SUCCESS, logIndex=5500, commits[a5e38e3e-c2ad-4348-acb9-3fc25cfb14dd:c5500, 11e48d46-e648-47f9-b6a0-9c7f26654c28:c5498, d1b6a90e-e817-40a7-bec1-608b5cc7d8b6:c5498]
2019-09-11 04:26:19,148 [grpc-default-executor-1] INFO  client.GrpcClientProtocolClient (GrpcClientProtocolClient.java:onNext(264)) - client-734BBEB428D7->a5e38e3e-c2ad-4348-acb9-3fc25cfb14dd: receive RaftClientReply:client-734BBEB428D7->a5e38e3e-c2ad-4348-acb9-3fc25cfb14dd@group-7000B19605CB, cid=3633, SUCCESS, logIndex=5501, commits[a5e38e3e-c2ad-4348-acb9-3fc25cfb14dd:c5501, 11e48d46-e648-47f9-b6a0-9c7f26654c28:c5498, d1b6a90e-e817-40a7-bec1-608b5cc7d8b6:c5498]
2019-09-11 04:26:19,150 [grpc-default-executor-1] INFO  client.GrpcClientProtocolClient (GrpcClientProtocolClient.java:onNext(264)) - client-734BBEB428D7->a5e38e3e-c2ad-4348-acb9-3fc25cfb14dd: receive RaftClientReply:client-734BBEB428D7->a5e38e3e-c2ad-4348-acb9-3fc25cfb14dd@group-7000B19605CB, cid=3634, SUCCESS, logIndex=5502, commits[a5e38e3e-c2ad-4348-acb9-3fc25cfb14dd:c5502, 11e48d46-e648-47f9-b6a0-9c7f26654c28:c5498, d1b6a90e-e817-40a7-bec1-608b5cc7d8b6:c5498]
2019-09-11 04:26:19,151 [grpc-default-executor-1] INFO  client.GrpcClientProtocolClient (GrpcClientProtocolClient.java:onNext(264)) - client-734BBEB428D7->a5e38e3e-c2ad-4348-acb9-3fc25cfb14dd: receive RaftClientReply:client-734BBEB428D7->a5e38e3e-c2ad-4348-acb9-3fc25cfb14dd@group-7000B19605CB, cid=3635, SUCCESS, logIndex=0, commits[a5e38e3e-c2ad-4348-acb9-3fc25cfb14dd:c5506, 11e48d46-e648-47f9-b6a0-9c7f26654c28:c5502, d1b6a90e-e817-40a7-bec1-608b5cc7d8b6:c5502]
2019-09-11 04:26:19,172 [grpc-default-executor-1] INFO  client.GrpcClientProtocolClient (GrpcClientProtocolClient.java:onNext(264)) - client-734BBEB428D7->a5e38e3e-c2ad-4348-acb9-3fc25cfb14dd: receive RaftClientReply:client-734BBEB428D7->a5e38e3e-c2ad-4348-acb9-3fc25cfb14dd@group-7000B19605CB, cid=3636, SUCCESS, logIndex=5507, commits[a5e38e3e-c2ad-4348-acb9-3fc25cfb14dd:c5508, 11e48d46-e648-47f9-b6a0-9c7f26654c28:c5506, d1b6a90e-e817-40a7-bec1-608b5cc7d8b6:c5506]
2019-09-11 04:26:19,172 [grpc-default-executor-1] INFO  client.GrpcClientProtocolClient (GrpcClientProtocolClient.java:onNext(264)) - client-734BBEB428D7->a5e38e3e-c2ad-4348-acb9-3fc25cfb14dd: receive RaftClientReply:client-734BBEB428D7->a5e38e3e-c2ad-4348-acb9-3fc25cfb14dd@group-7000B19605CB, cid=3637, SUCCESS, logIndex=5508, commits[a5e38e3e-c2ad-4348-acb9-3fc25cfb14dd:c5508, 11e48d46-e648-47f9-b6a0-9c7f26654c28:c5506, d1b6a90e-e817-40a7-bec1-608b5cc7d8b6:c5506]
2019-09-11 04:26:19,185 [grpc-default-executor-1] INFO  client.GrpcClientProtocolClient (GrpcClientProtocolClient.java:onNext(264)) - client-734BBEB428D7->a5e38e3e-c2ad-4348-acb9-3fc25cfb14dd: receive RaftClientReply:client-734BBEB428D7->a5e38e3e-c2ad-4348-acb9-3fc25cfb14dd@group-7000B19605CB, cid=3638, SUCCESS, logIndex=5511, commits[a5e38e3e-c2ad-4348-acb9-3fc25cfb14dd:c5511, 11e48d46-e648-47f9-b6a0-9c7f26654c28:c5508, d1b6a90e-e817-40a7-bec1-608b5cc7d8b6:c5508]
2019-09-11 04:26:19,185 [grpc-default-executor-1] INFO  client.GrpcClientProtocolClient (GrpcClientProtocolClient.java:onNext(264)) - client-734BBEB428D7->a5e38e3e-c2ad-4348-acb9-3fc25cfb14dd: receive RaftClientReply:client-734BBEB428D7->a5e38e3e-c2ad-4348-acb9-3fc25cfb14dd@group-7000B19605CB, cid=3639, SUCCESS, logIndex=5512, commits[a5e38e3e-c2ad-4348-acb9-3fc25cfb14dd:c5512, 11e48d46-e648-47f9-b6a0-9c7f26654c28:c5508, d1b6a90e-e817-40a7-bec1-608b5cc7d8b6:c5508]
2019-09-11 04:26:19,198 [grpc-default-executor-1] INFO  client.GrpcClientProtocolClient (GrpcClientProtocolClient.java:onNext(264)) - client-734BBEB428D7->a5e38e3e-c2ad-4348-acb9-3fc25cfb14dd: receive RaftClientReply:client-734BBEB428D7->a5e38e3e-c2ad-4348-acb9-3fc25cfb14dd@group-7000B19605CB, cid=3640, SUCCESS, logIndex=0, commits[a5e38e3e-c2ad-4348-acb9-3fc25cfb14dd:c5513, 11e48d46-e648-47f9-b6a0-9c7f26654c28:c5512, d1b6a90e-e817-40a7-bec1-608b5cc7d8b6:c5512]
2019-09-11 04:26:19,229 [grpc-default-executor-1] INFO  client.GrpcClientProtocolClient (GrpcClientProtocolClient.java:onNext(264)) - client-734BBEB428D7->a5e38e3e-c2ad-4348-acb9-3fc25cfb14dd: receive RaftClientReply:client-734BBEB428D7->a5e38e3e-c2ad-4348-acb9-3fc25cfb14dd@group-7000B19605CB, cid=3641, SUCCESS, logIndex=5515, commits[a5e38e3e-c2ad-4348-acb9-3fc25cfb14dd:c5516, 11e48d46-e648-47f9-b6a0-9c7f26654c28:c5514, d1b6a90e-e817-40a7-bec1-608b5cc7d8b6:c5512]
2019-09-11 04:26:19,230 [grpc-default-executor-3] INFO  client.GrpcClientProtocolClient (GrpcClientProtocolClient.java:onNext(264)) - client-734BBEB428D7->a5e38e3e-c2ad-4348-acb9-3fc25cfb14dd: receive RaftClientReply:client-734BBEB428D7->a5e38e3e-c2ad-4348-acb9-3fc25cfb14dd@group-7000B19605CB, cid=3642, SUCCESS, logIndex=5516, commits[a5e38e3e-c2ad-4348-acb9-3fc25cfb14dd:c5516, 11e48d46-e648-47f9-b6a0-9c7f26654c28:c5514, d1b6a90e-e817-40a7-bec1-608b5cc7d8b6:c5512]
2019-09-11 04:26:19,231 [grpc-default-executor-3] INFO  client.GrpcClientProtocolClient (GrpcClientProtocolClient.java:onNext(264)) - client-734BBEB428D7->a5e38e3e-c2ad-4348-acb9-3fc25cfb14dd: receive RaftClientReply:client-734BBEB428D7->a5e38e3e-c2ad-4348-acb9-3fc25cfb14dd@group-7000B19605CB, cid=3643, SUCCESS, logIndex=5517, commits[a5e38e3e-c2ad-4348-acb9-3fc25cfb14dd:c5518, 11e48d46-e648-47f9-b6a0-9c7f26654c28:c5514, d1b6a90e-e817-40a7-bec1-608b5cc7d8b6:c5514]
2019-09-11 04:26:19,231 [grpc-default-executor-3] INFO  client.GrpcClientProtocolClient (GrpcClientProtocolClient.java:onNext(264)) - client-734BBEB428D7->a5e38e3e-c2ad-4348-acb9-3fc25cfb14dd: receive RaftClientReply:client-734BBEB428D7->a5e38e3e-c2ad-4348-acb9-3fc25cfb14dd@group-7000B19605CB, cid=3644, SUCCESS, logIndex=5518, commits[a5e38e3e-c2ad-4348-acb9-3fc25cfb14dd:c5518, 11e48d46-e648-47f9-b6a0-9c7f26654c28:c5514, d1b6a90e-e817-40a7-bec1-608b5cc7d8b6:c5514]
2019-09-11 04:26:19,232 [grpc-default-executor-3] INFO  client.GrpcClientProtocolClient (GrpcClientProtocolClient.java:onNext(264)) - client-734BBEB428D7->a5e38e3e-c2ad-4348-acb9-3fc25cfb14dd: receive RaftClientReply:client-734BBEB428D7->a5e38e3e-c2ad-4348-acb9-3fc25cfb14dd@group-7000B19605CB, cid=3645, SUCCESS, logIndex=0, commits[a5e38e3e-c2ad-4348-acb9-3fc25cfb14dd:c5520, 11e48d46-e648-47f9-b6a0-9c7f26654c28:c5516, d1b6a90e-e817-40a7-bec1-608b5cc7d8b6:c5516]
2019-09-11 04:26:19,252 [grpc-default-executor-2] INFO  client.GrpcClientProtocolClient (GrpcClientProtocolClient.java:onNext(264)) - client-734BBEB428D7->a5e38e3e-c2ad-4348-acb9-3fc25cfb14dd: receive RaftClientReply:client-734BBEB428D7->a5e38e3e-c2ad-4348-acb9-3fc25cfb14dd@group-7000B19605CB, cid=3646, SUCCESS, logIndex=5523, commits[a5e38e3e-c2ad-4348-acb9-3fc25cfb14dd:c5524, 11e48d46-e648-47f9-b6a0-9c7f26654c28:c5522, d1b6a90e-e817-40a7-bec1-608b5cc7d8b6:c5522]
2019-09-11 04:26:19,253 [grpc-default-executor-2] INFO  client.GrpcClientProtocolClient (GrpcClientProtocolClient.java:onNext(264)) - client-734BBEB428D7->a5e38e3e-c2ad-4348-acb9-3fc25cfb14dd: receive RaftClientReply:client-734BBEB428D7->a5e38e3e-c2ad-4348-acb9-3fc25cfb14dd@group-7000B19605CB, cid=3647, SUCCESS, logIndex=5524, commits[a5e38e3e-c2ad-4348-acb9-3fc25cfb14dd:c5524, 11e48d46-e648-47f9-b6a0-9c7f26654c28:c5522, d1b6a90e-e817-40a7-bec1-608b5cc7d8b6:c5522]
2019-09-11 04:26:19,265 [grpc-default-executor-1] INFO  client.GrpcClientProtocolClient (GrpcClientProtocolClient.java:onNext(264)) - client-734BBEB428D7->a5e38e3e-c2ad-4348-acb9-3fc25cfb14dd: receive RaftClientReply:client-734BBEB428D7->a5e38e3e-c2ad-4348-acb9-3fc25cfb14dd@group-7000B19605CB, cid=3648, SUCCESS, logIndex=5527, commits[a5e38e3e-c2ad-4348-acb9-3fc25cfb14dd:c5527, 11e48d46-e648-47f9-b6a0-9c7f26654c28:c5524, d1b6a90e-e817-40a7-bec1-608b5cc7d8b6:c5524]
2019-09-11 04:26:19,265 [grpc-default-executor-1] INFO  client.GrpcClientProtocolClient (GrpcClientProtocolClient.java:onNext(264)) - client-734BBEB428D7->a5e38e3e-c2ad-4348-acb9-3fc25cfb14dd: receive RaftClientReply:client-734BBEB428D7->a5e38e3e-c2ad-4348-acb9-3fc25cfb14dd@group-7000B19605CB, cid=3649, SUCCESS, logIndex=5528, commits[a5e38e3e-c2ad-4348-acb9-3fc25cfb14dd:c5528, 11e48d46-e648-47f9-b6a0-9c7f26654c28:c5524, d1b6a90e-e817-40a7-bec1-608b5cc7d8b6:c5524]
2019-09-11 04:26:19,268 [grpc-default-executor-1] INFO  client.GrpcClientProtocolClient (GrpcClientProtocolClient.java:onNext(264)) - client-734BBEB428D7->a5e38e3e-c2ad-4348-acb9-3fc25cfb14dd: receive RaftClientReply:client-734BBEB428D7->a5e38e3e-c2ad-4348-acb9-3fc25cfb14dd@group-7000B19605CB, cid=3650, SUCCESS, logIndex=0, commits[a5e38e3e-c2ad-4348-acb9-3fc25cfb14dd:c5530, 11e48d46-e648-47f9-b6a0-9c7f26654c28:c5528, d1b6a90e-e817-40a7-bec1-608b5cc7d8b6:c5528]
 0.00% |█                                                                                                    |  0/1 Time: 0:00:302019-09-11 04:26:19,295 [grpc-default-executor-3] INFO  client.GrpcClientProtocolClient (GrpcClientProtocolClient.java:onNext(264)) - client-734BBEB428D7->a5e38e3e-c2ad-4348-acb9-3fc25cfb14dd: receive RaftClientReply:client-734BBEB428D7->a5e38e3e-c2ad-4348-acb9-3fc25cfb14dd@group-7000B19605CB, cid=3651, SUCCESS, logIndex=5531, commits[a5e38e3e-c2ad-4348-acb9-3fc25cfb14dd:c5532, 11e48d46-e648-47f9-b6a0-9c7f26654c28:c5530, d1b6a90e-e817-40a7-bec1-608b5cc7d8b6:c5530]
2019-09-11 04:26:19,295 [grpc-default-executor-3] INFO  client.GrpcClientProtocolClient (GrpcClientProtocolClient.java:onNext(264)) - client-734BBEB428D7->a5e38e3e-c2ad-4348-acb9-3fc25cfb14dd: receive RaftClientReply:client-734BBEB428D7->a5e38e3e-c2ad-4348-acb9-3fc25cfb14dd@group-7000B19605CB, cid=3652, SUCCESS, logIndex=5532, commits[a5e38e3e-c2ad-4348-acb9-3fc25cfb14dd:c5532, 11e48d46-e648-47f9-b6a0-9c7f26654c28:c5530, d1b6a90e-e817-40a7-bec1-608b5cc7d8b6:c5530]
2019-09-11 04:26:19,296 [grpc-default-executor-3] INFO  client.GrpcClientProtocolClient (GrpcClientProtocolClient.java:onNext(264)) - client-734BBEB428D7->a5e38e3e-c2ad-4348-acb9-3fc25cfb14dd: receive RaftClientReply:client-734BBEB428D7->a5e38e3e-c2ad-4348-acb9-3fc25cfb14dd@group-7000B19605CB, cid=3653, SUCCESS, logIndex=5533, commits[a5e38e3e-c2ad-4348-acb9-3fc25cfb14dd:c5534, 11e48d46-e648-47f9-b6a0-9c7f26654c28:c5530, d1b6a90e-e817-40a7-bec1-608b5cc7d8b6:c5530]
2019-09-11 04:26:19,296 [grpc-default-executor-3] INFO  client.GrpcClientProtocolClient (GrpcClientProtocolClient.java:onNext(264)) - client-734BBEB428D7->a5e38e3e-c2ad-4348-acb9-3fc25cfb14dd: receive RaftClientReply:client-734BBEB428D7->a5e38e3e-c2ad-4348-acb9-3fc25cfb14dd@group-7000B19605CB, cid=3654, SUCCESS, logIndex=5534, commits[a5e38e3e-c2ad-4348-acb9-3fc25cfb14dd:c5534, 11e48d46-e648-47f9-b6a0-9c7f26654c28:c5530, d1b6a90e-e817-40a7-bec1-608b5cc7d8b6:c5530]
2019-09-11 04:26:19,298 [grpc-default-executor-3] INFO  client.GrpcClientProtocolClient (GrpcClientProtocolClient.java:onNext(264)) - client-734BBEB428D7->a5e38e3e-c2ad-4348-acb9-3fc25cfb14dd: receive RaftClientReply:client-734BBEB428D7->a5e38e3e-c2ad-4348-acb9-3fc25cfb14dd@group-7000B19605CB, cid=3655, SUCCESS, logIndex=0, commits[a5e38e3e-c2ad-4348-acb9-3fc25cfb14dd:c5536, 11e48d46-e648-47f9-b6a0-9c7f26654c28:c5532, d1b6a90e-e817-40a7-bec1-608b5cc7d8b6:c5532]
2019-09-11 04:26:19,316 [grpc-default-executor-4] INFO  client.GrpcClientProtocolClient (GrpcClientProtocolClient.java:onNext(264)) - client-734BBEB428D7->a5e38e3e-c2ad-4348-acb9-3fc25cfb14dd: receive RaftClientReply:client-734BBEB428D7->a5e38e3e-c2ad-4348-acb9-3fc25cfb14dd@group-7000B19605CB, cid=3656, SUCCESS, logIndex=5539, commits[a5e38e3e-c2ad-4348-acb9-3fc25cfb14dd:c5540, 11e48d46-e648-47f9-b6a0-9c7f26654c28:c5538, d1b6a90e-e817-40a7-bec1-608b5cc7d8b6:c5538]
2019-09-11 04:26:19,316 [grpc-default-executor-4] INFO  client.GrpcClientProtocolClient (GrpcClientProtocolClient.java:onNext(264)) - client-734BBEB428D7->a5e38e3e-c2ad-4348-acb9-3fc25cfb14dd: receive RaftClientReply:client-734BBEB428D7->a5e38e3e-c2ad-4348-acb9-3fc25cfb14dd@group-7000B19605CB, cid=3657, SUCCESS, logIndex=5540, commits[a5e38e3e-c2ad-4348-acb9-3fc25cfb14dd:c5540, 11e48d46-e648-47f9-b6a0-9c7f26654c28:c5538, d1b6a90e-e817-40a7-bec1-608b5cc7d8b6:c5538]
2019-09-11 04:26:19,330 [grpc-default-executor-1] INFO  client.GrpcClientProtocolClient (GrpcClientProtocolClient.java:onNext(264)) - client-734BBEB428D7->a5e38e3e-c2ad-4348-acb9-3fc25cfb14dd: receive RaftClientReply:client-734BBEB428D7->a5e38e3e-c2ad-4348-acb9-3fc25cfb14dd@group-7000B19605CB, cid=3658, SUCCESS, logIndex=5543, commits[a5e38e3e-c2ad-4348-acb9-3fc25cfb14dd:c5544, 11e48d46-e648-47f9-b6a0-9c7f26654c28:c5540, d1b6a90e-e817-40a7-bec1-608b5cc7d8b6:c5540]
2019-09-11 04:26:19,331 [grpc-default-executor-1] INFO  client.GrpcClientProtocolClient (GrpcClientProtocolClient.java:onNext(264)) - client-734BBEB428D7->a5e38e3e-c2ad-4348-acb9-3fc25cfb14dd: receive RaftClientReply:client-734BBEB428D7->a5e38e3e-c2ad-4348-acb9-3fc25cfb14dd@group-7000B19605CB, cid=3659, SUCCESS, logIndex=5544, commits[a5e38e3e-c2ad-4348-acb9-3fc25cfb14dd:c5544, 11e48d46-e648-47f9-b6a0-9c7f26654c28:c5540, d1b6a90e-e817-40a7-bec1-608b5cc7d8b6:c5540]
2019-09-11 04:26:19,342 [grpc-default-executor-4] INFO  client.GrpcClientProtocolClient (GrpcClientProtocolClient.java:onNext(264)) - client-734BBEB428D7->a5e38e3e-c2ad-4348-acb9-3fc25cfb14dd: receive RaftClientReply:client-734BBEB428D7->a5e38e3e-c2ad-4348-acb9-3fc25cfb14dd@group-7000B19605CB, cid=3660, SUCCESS, logIndex=0, commits[a5e38e3e-c2ad-4348-acb9-3fc25cfb14dd:c5546, 11e48d46-e648-47f9-b6a0-9c7f26654c28:c5544, d1b6a90e-e817-40a7-bec1-608b5cc7d8b6:c5544]
2019-09-11 04:26:19,369 [grpc-default-executor-1] INFO  client.GrpcClientProtocolClient (GrpcClientProtocolClient.java:onNext(264)) - client-734BBEB428D7->a5e38e3e-c2ad-4348-acb9-3fc25cfb14dd: receive RaftClientReply:client-734BBEB428D7->a5e38e3e-c2ad-4348-acb9-3fc25cfb14dd@group-7000B19605CB, cid=3661, SUCCESS, logIndex=5547, commits[a5e38e3e-c2ad-4348-acb9-3fc25cfb14dd:c5548, 11e48d46-e648-47f9-b6a0-9c7f26654c28:c5546, d1b6a90e-e817-40a7-bec1-608b5cc7d8b6:c5546]
2019-09-11 04:26:19,370 [grpc-default-executor-1] INFO  client.GrpcClientProtocolClient (GrpcClientProtocolClient.java:onNext(264)) - client-734BBEB428D7->a5e38e3e-c2ad-4348-acb9-3fc25cfb14dd: receive RaftClientReply:client-734BBEB428D7->a5e38e3e-c2ad-4348-acb9-3fc25cfb14dd@group-7000B19605CB, cid=3662, SUCCESS, logIndex=5548, commits[a5e38e3e-c2ad-4348-acb9-3fc25cfb14dd:c5548, 11e48d46-e648-47f9-b6a0-9c7f26654c28:c5546, d1b6a90e-e817-40a7-bec1-608b5cc7d8b6:c5546]
2019-09-11 04:26:19,379 [grpc-default-executor-4] INFO  client.GrpcClientProtocolClient (GrpcClientProtocolClient.java:onNext(264)) - client-734BBEB428D7->a5e38e3e-c2ad-4348-acb9-3fc25cfb14dd: receive RaftClientReply:client-734BBEB428D7->a5e38e3e-c2ad-4348-acb9-3fc25cfb14dd@group-7000B19605CB, cid=3663, SUCCESS, logIndex=5549, commits[a5e38e3e-c2ad-4348-acb9-3fc25cfb14dd:c5550, 11e48d46-e648-47f9-b6a0-9c7f26654c28:c5546, d1b6a90e-e817-40a7-bec1-608b5cc7d8b6:c5546]
2019-09-11 04:26:19,380 [grpc-default-executor-4] INFO  client.GrpcClientProtocolClient (GrpcClientProtocolClient.java:onNext(264)) - client-734BBEB428D7->a5e38e3e-c2ad-4348-acb9-3fc25cfb14dd: receive RaftClientReply:client-734BBEB428D7->a5e38e3e-c2ad-4348-acb9-3fc25cfb14dd@group-7000B19605CB, cid=3664, SUCCESS, logIndex=5550, commits[a5e38e3e-c2ad-4348-acb9-3fc25cfb14dd:c5550, 11e48d46-e648-47f9-b6a0-9c7f26654c28:c5546, d1b6a90e-e817-40a7-bec1-608b5cc7d8b6:c5546]
2019-09-11 04:26:19,382 [grpc-default-executor-4] INFO  client.GrpcClientProtocolClient (GrpcClientProtocolClient.java:onNext(264)) - client-734BBEB428D7->a5e38e3e-c2ad-4348-acb9-3fc25cfb14dd: receive RaftClientReply:client-734BBEB428D7->a5e38e3e-c2ad-4348-acb9-3fc25cfb14dd@group-7000B19605CB, cid=3665, SUCCESS, logIndex=0, commits[a5e38e3e-c2ad-4348-acb9-3fc25cfb14dd:c5552, 11e48d46-e648-47f9-b6a0-9c7f26654c28:c5548, d1b6a90e-e817-40a7-bec1-608b5cc7d8b6:c5548]
2019-09-11 04:26:19,401 [grpc-default-executor-3] INFO  client.GrpcClientProtocolClient (GrpcClientProtocolClient.java:onNext(264)) - client-734BBEB428D7->a5e38e3e-c2ad-4348-acb9-3fc25cfb14dd: receive RaftClientReply:client-734BBEB428D7->a5e38e3e-c2ad-4348-acb9-3fc25cfb14dd@group-7000B19605CB, cid=3666, SUCCESS, logIndex=5554, commits[a5e38e3e-c2ad-4348-acb9-3fc25cfb14dd:c5555, 11e48d46-e648-47f9-b6a0-9c7f26654c28:c5553, d1b6a90e-e817-40a7-bec1-608b5cc7d8b6:c5553]
2019-09-11 04:26:19,401 [grpc-default-executor-3] INFO  client.GrpcClientProtocolClient (GrpcClientProtocolClient.java:onNext(264)) - client-734BBEB428D7->a5e38e3e-c2ad-4348-acb9-3fc25cfb14dd: receive RaftClientReply:client-734BBEB428D7->a5e38e3e-c2ad-4348-acb9-3fc25cfb14dd@group-7000B19605CB, cid=3667, SUCCESS, logIndex=5555, commits[a5e38e3e-c2ad-4348-acb9-3fc25cfb14dd:c5555, 11e48d46-e648-47f9-b6a0-9c7f26654c28:c5553, d1b6a90e-e817-40a7-bec1-608b5cc7d8b6:c5553]
2019-09-11 04:26:19,414 [grpc-default-executor-3] INFO  client.GrpcClientProtocolClient (GrpcClientProtocolClient.java:onNext(264)) - client-734BBEB428D7->a5e38e3e-c2ad-4348-acb9-3fc25cfb14dd: receive RaftClientReply:client-734BBEB428D7->a5e38e3e-c2ad-4348-acb9-3fc25cfb14dd@group-7000B19605CB, cid=3668, SUCCESS, logIndex=5558, commits[a5e38e3e-c2ad-4348-acb9-3fc25cfb14dd:c5559, 11e48d46-e648-47f9-b6a0-9c7f26654c28:c5555, d1b6a90e-e817-40a7-bec1-608b5cc7d8b6:c5555]
2019-09-11 04:26:19,414 [grpc-default-executor-3] INFO  client.GrpcClientProtocolClient (GrpcClientProtocolClient.java:onNext(264)) - client-734BBEB428D7->a5e38e3e-c2ad-4348-acb9-3fc25cfb14dd: receive RaftClientReply:client-734BBEB428D7->a5e38e3e-c2ad-4348-acb9-3fc25cfb14dd@group-7000B19605CB, cid=3669, SUCCESS, logIndex=5559, commits[a5e38e3e-c2ad-4348-acb9-3fc25cfb14dd:c5559, 11e48d46-e648-47f9-b6a0-9c7f26654c28:c5555, d1b6a90e-e817-40a7-bec1-608b5cc7d8b6:c5555]
2019-09-11 04:26:19,427 [grpc-default-executor-3] INFO  client.GrpcClientProtocolClient (GrpcClientProtocolClient.java:onNext(264)) - client-734BBEB428D7->a5e38e3e-c2ad-4348-acb9-3fc25cfb14dd: receive RaftClientReply:client-734BBEB428D7->a5e38e3e-c2ad-4348-acb9-3fc25cfb14dd@group-7000B19605CB, cid=3670, SUCCESS, logIndex=0, commits[a5e38e3e-c2ad-4348-acb9-3fc25cfb14dd:c5561, 11e48d46-e648-47f9-b6a0-9c7f26654c28:c5559, d1b6a90e-e817-40a7-bec1-608b5cc7d8b6:c5559]
2019-09-11 04:26:19,453 [grpc-default-executor-4] INFO  client.GrpcClientProtocolClient (GrpcClientProtocolClient.java:onNext(264)) - client-734BBEB428D7->a5e38e3e-c2ad-4348-acb9-3fc25cfb14dd: receive RaftClientReply:client-734BBEB428D7->a5e38e3e-c2ad-4348-acb9-3fc25cfb14dd@group-7000B19605CB, cid=3671, SUCCESS, logIndex=5562, commits[a5e38e3e-c2ad-4348-acb9-3fc25cfb14dd:c5563, 11e48d46-e648-47f9-b6a0-9c7f26654c28:c5561, d1b6a90e-e817-40a7-bec1-608b5cc7d8b6:c5561]
2019-09-11 04:26:19,454 [grpc-default-executor-4] INFO  client.GrpcClientProtocolClient (GrpcClientProtocolClient.java:onNext(264)) - client-734BBEB428D7->a5e38e3e-c2ad-4348-acb9-3fc25cfb14dd: receive RaftClientReply:client-734BBEB428D7->a5e38e3e-c2ad-4348-acb9-3fc25cfb14dd@group-7000B19605CB, cid=3672, SUCCESS, logIndex=5563, commits[a5e38e3e-c2ad-4348-acb9-3fc25cfb14dd:c5565, 11e48d46-e648-47f9-b6a0-9c7f26654c28:c5561, d1b6a90e-e817-40a7-bec1-608b5cc7d8b6:c5561]
2019-09-11 04:26:19,454 [grpc-default-executor-4] INFO  client.GrpcClientProtocolClient (GrpcClientProtocolClient.java:onNext(264)) - client-734BBEB428D7->a5e38e3e-c2ad-4348-acb9-3fc25cfb14dd: receive RaftClientReply:client-734BBEB428D7->a5e38e3e-c2ad-4348-acb9-3fc25cfb14dd@group-7000B19605CB, cid=3673, SUCCESS, logIndex=5564, commits[a5e38e3e-c2ad-4348-acb9-3fc25cfb14dd:c5565, 11e48d46-e648-47f9-b6a0-9c7f26654c28:c5561, d1b6a90e-e817-40a7-bec1-608b5cc7d8b6:c5561]
2019-09-11 04:26:19,454 [grpc-default-executor-4] INFO  client.GrpcClientProtocolClient (GrpcClientProtocolClient.java:onNext(264)) - client-734BBEB428D7->a5e38e3e-c2ad-4348-acb9-3fc25cfb14dd: receive RaftClientReply:client-734BBEB428D7->a5e38e3e-c2ad-4348-acb9-3fc25cfb14dd@group-7000B19605CB, cid=3674, SUCCESS, logIndex=5565, commits[a5e38e3e-c2ad-4348-acb9-3fc25cfb14dd:c5565, 11e48d46-e648-47f9-b6a0-9c7f26654c28:c5561, d1b6a90e-e817-40a7-bec1-608b5cc7d8b6:c5561]
2019-09-11 04:26:19,456 [grpc-default-executor-4] INFO  client.GrpcClientProtocolClient (GrpcClientProtocolClient.java:onNext(264)) - client-734BBEB428D7->a5e38e3e-c2ad-4348-acb9-3fc25cfb14dd: receive RaftClientReply:client-734BBEB428D7->a5e38e3e-c2ad-4348-acb9-3fc25cfb14dd@group-7000B19605CB, cid=3675, SUCCESS, logIndex=0, commits[a5e38e3e-c2ad-4348-acb9-3fc25cfb14dd:c5568, 11e48d46-e648-47f9-b6a0-9c7f26654c28:c5563, d1b6a90e-e817-40a7-bec1-608b5cc7d8b6:c5565]
2019-09-11 04:26:19,473 [grpc-default-executor-4] INFO  client.GrpcClientProtocolClient (GrpcClientProtocolClient.java:onNext(264)) - client-734BBEB428D7->a5e38e3e-c2ad-4348-acb9-3fc25cfb14dd: receive RaftClientReply:client-734BBEB428D7->a5e38e3e-c2ad-4348-acb9-3fc25cfb14dd@group-7000B19605CB, cid=3676, SUCCESS, logIndex=5569, commits[a5e38e3e-c2ad-4348-acb9-3fc25cfb14dd:c5570, 11e48d46-e648-47f9-b6a0-9c7f26654c28:c5568, d1b6a90e-e817-40a7-bec1-608b5cc7d8b6:c5568]
2019-09-11 04:26:19,474 [grpc-default-executor-4] INFO  client.GrpcClientProtocolClient (GrpcClientProtocolClient.java:onNext(264)) - client-734BBEB428D7->a5e38e3e-c2ad-4348-acb9-3fc25cfb14dd: receive RaftClientReply:client-734BBEB428D7->a5e38e3e-c2ad-4348-acb9-3fc25cfb14dd@group-7000B19605CB, cid=3677, SUCCESS, logIndex=5570, commits[a5e38e3e-c2ad-4348-acb9-3fc25cfb14dd:c5570, 11e48d46-e648-47f9-b6a0-9c7f26654c28:c5568, d1b6a90e-e817-40a7-bec1-608b5cc7d8b6:c5568]
2019-09-11 04:26:19,490 [grpc-default-executor-4] INFO  client.GrpcClientProtocolClient (GrpcClientProtocolClient.java:onNext(264)) - client-734BBEB428D7->a5e38e3e-c2ad-4348-acb9-3fc25cfb14dd: receive RaftClientReply:client-734BBEB428D7->a5e38e3e-c2ad-4348-acb9-3fc25cfb14dd@group-7000B19605CB, cid=3678, SUCCESS, logIndex=5573, commits[a5e38e3e-c2ad-4348-acb9-3fc25cfb14dd:c5574, 11e48d46-e648-47f9-b6a0-9c7f26654c28:c5572, d1b6a90e-e817-40a7-bec1-608b5cc7d8b6:c5572]
2019-09-11 04:26:19,490 [grpc-default-executor-4] INFO  client.GrpcClientProtocolClient (GrpcClientProtocolClient.java:onNext(264)) - client-734BBEB428D7->a5e38e3e-c2ad-4348-acb9-3fc25cfb14dd: receive RaftClientReply:client-734BBEB428D7->a5e38e3e-c2ad-4348-acb9-3fc25cfb14dd@group-7000B19605CB, cid=3679, SUCCESS, logIndex=5574, commits[a5e38e3e-c2ad-4348-acb9-3fc25cfb14dd:c5574, 11e48d46-e648-47f9-b6a0-9c7f26654c28:c5572, d1b6a90e-e817-40a7-bec1-608b5cc7d8b6:c5572]
2019-09-11 04:26:19,491 [grpc-default-executor-4] INFO  client.GrpcClientProtocolClient (GrpcClientProtocolClient.java:onNext(264)) - client-734BBEB428D7->a5e38e3e-c2ad-4348-acb9-3fc25cfb14dd: receive RaftClientReply:client-734BBEB428D7->a5e38e3e-c2ad-4348-acb9-3fc25cfb14dd@group-7000B19605CB, cid=3680, SUCCESS, logIndex=0, commits[a5e38e3e-c2ad-4348-acb9-3fc25cfb14dd:c5575, 11e48d46-e648-47f9-b6a0-9c7f26654c28:c5574, d1b6a90e-e817-40a7-bec1-608b5cc7d8b6:c5574]
2019-09-11 04:26:19,525 [grpc-default-executor-4] INFO  client.GrpcClientProtocolClient (GrpcClientProtocolClient.java:onNext(264)) - client-734BBEB428D7->a5e38e3e-c2ad-4348-acb9-3fc25cfb14dd: receive RaftClientReply:client-734BBEB428D7->a5e38e3e-c2ad-4348-acb9-3fc25cfb14dd@group-7000B19605CB, cid=3681, SUCCESS, logIndex=5577, commits[a5e38e3e-c2ad-4348-acb9-3fc25cfb14dd:c5578, 11e48d46-e648-47f9-b6a0-9c7f26654c28:c5574, d1b6a90e-e817-40a7-bec1-608b5cc7d8b6:c5576]
2019-09-11 04:26:19,525 [grpc-default-executor-4] INFO  client.GrpcClientProtocolClient (GrpcClientProtocolClient.java:onNext(264)) - client-734BBEB428D7->a5e38e3e-c2ad-4348-acb9-3fc25cfb14dd: receive RaftClientReply:client-734BBEB428D7->a5e38e3e-c2ad-4348-acb9-3fc25cfb14dd@group-7000B19605CB, cid=3682, SUCCESS, logIndex=5578, commits[a5e38e3e-c2ad-4348-acb9-3fc25cfb14dd:c5578, 11e48d46-e648-47f9-b6a0-9c7f26654c28:c5574, d1b6a90e-e817-40a7-bec1-608b5cc7d8b6:c5576]
2019-09-11 04:26:19,526 [grpc-default-executor-4] INFO  client.GrpcClientProtocolClient (GrpcClientProtocolClient.java:onNext(264)) - client-734BBEB428D7->a5e38e3e-c2ad-4348-acb9-3fc25cfb14dd: receive RaftClientReply:client-734BBEB428D7->a5e38e3e-c2ad-4348-acb9-3fc25cfb14dd@group-7000B19605CB, cid=3683, SUCCESS, logIndex=5579, commits[a5e38e3e-c2ad-4348-acb9-3fc25cfb14dd:c5580, 11e48d46-e648-47f9-b6a0-9c7f26654c28:c5576, d1b6a90e-e817-40a7-bec1-608b5cc7d8b6:c5576]
2019-09-11 04:26:19,526 [grpc-default-executor-4] INFO  client.GrpcClientProtocolClient (GrpcClientProtocolClient.java:onNext(264)) - client-734BBEB428D7->a5e38e3e-c2ad-4348-acb9-3fc25cfb14dd: receive RaftClientReply:client-734BBEB428D7->a5e38e3e-c2ad-4348-acb9-3fc25cfb14dd@group-7000B19605CB, cid=3684, SUCCESS, logIndex=5580, commits[a5e38e3e-c2ad-4348-acb9-3fc25cfb14dd:c5580, 11e48d46-e648-47f9-b6a0-9c7f26654c28:c5576, d1b6a90e-e817-40a7-bec1-608b5cc7d8b6:c5576]
2019-09-11 04:26:19,549 [grpc-default-executor-4] INFO  client.GrpcClientProtocolClient (GrpcClientProtocolClient.java:onNext(264)) - client-734BBEB428D7->a5e38e3e-c2ad-4348-acb9-3fc25cfb14dd: receive RaftClientReply:client-734BBEB428D7->a5e38e3e-c2ad-4348-acb9-3fc25cfb14dd@group-7000B19605CB, cid=3685, SUCCESS, logIndex=0, commits[a5e38e3e-c2ad-4348-acb9-3fc25cfb14dd:c5582, 11e48d46-e648-47f9-b6a0-9c7f26654c28:c5578, d1b6a90e-e817-40a7-bec1-608b5cc7d8b6:c5578]
2019-09-11 04:26:19,566 [grpc-default-executor-3] INFO  client.GrpcClientProtocolClient (GrpcClientProtocolClient.java:onNext(264)) - client-734BBEB428D7->a5e38e3e-c2ad-4348-acb9-3fc25cfb14dd: receive RaftClientReply:client-734BBEB428D7->a5e38e3e-c2ad-4348-acb9-3fc25cfb14dd@group-7000B19605CB, cid=3686, SUCCESS, logIndex=5585, commits[a5e38e3e-c2ad-4348-acb9-3fc25cfb14dd:c5586, 11e48d46-e648-47f9-b6a0-9c7f26654c28:c5584, d1b6a90e-e817-40a7-bec1-608b5cc7d8b6:c5584]
2019-09-11 04:26:19,566 [grpc-default-executor-3] INFO  client.GrpcClientProtocolClient (GrpcClientProtocolClient.java:onNext(264)) - client-734BBEB428D7->a5e38e3e-c2ad-4348-acb9-3fc25cfb14dd: receive RaftClientReply:client-734BBEB428D7->a5e38e3e-c2ad-4348-acb9-3fc25cfb14dd@group-7000B19605CB, cid=3687, SUCCESS, logIndex=5586, commits[a5e38e3e-c2ad-4348-acb9-3fc25cfb14dd:c5586, 11e48d46-e648-47f9-b6a0-9c7f26654c28:c5584, d1b6a90e-e817-40a7-bec1-608b5cc7d8b6:c5584]
2019-09-11 04:26:19,578 [grpc-default-executor-3] INFO  client.GrpcClientProtocolClient (GrpcClientProtocolClient.java:onNext(264)) - client-734BBEB428D7->a5e38e3e-c2ad-4348-acb9-3fc25cfb14dd: receive RaftClientReply:client-734BBEB428D7->a5e38e3e-c2ad-4348-acb9-3fc25cfb14dd@group-7000B19605CB, cid=3688, SUCCESS, logIndex=5589, commits[a5e38e3e-c2ad-4348-acb9-3fc25cfb14dd:c5590, 11e48d46-e648-47f9-b6a0-9c7f26654c28:c5586, d1b6a90e-e817-40a7-bec1-608b5cc7d8b6:c5586]
2019-09-11 04:26:19,578 [grpc-default-executor-3] INFO  client.GrpcClientProtocolClient (GrpcClientProtocolClient.java:onNext(264)) - client-734BBEB428D7->a5e38e3e-c2ad-4348-acb9-3fc25cfb14dd: receive RaftClientReply:client-734BBEB428D7->a5e38e3e-c2ad-4348-acb9-3fc25cfb14dd@group-7000B19605CB, cid=3689, SUCCESS, logIndex=5590, commits[a5e38e3e-c2ad-4348-acb9-3fc25cfb14dd:c5590, 11e48d46-e648-47f9-b6a0-9c7f26654c28:c5586, d1b6a90e-e817-40a7-bec1-608b5cc7d8b6:c5586]
2019-09-11 04:26:19,587 [grpc-default-executor-3] INFO  client.GrpcClientProtocolClient (GrpcClientProtocolClient.java:onNext(264)) - client-734BBEB428D7->a5e38e3e-c2ad-4348-acb9-3fc25cfb14dd: receive RaftClientReply:client-734BBEB428D7->a5e38e3e-c2ad-4348-acb9-3fc25cfb14dd@group-7000B19605CB, cid=3690, SUCCESS, logIndex=0, commits[a5e38e3e-c2ad-4348-acb9-3fc25cfb14dd:c5591, 11e48d46-e648-47f9-b6a0-9c7f26654c28:c5590, d1b6a90e-e817-40a7-bec1-608b5cc7d8b6:c5590]
2019-09-11 04:26:19,611 [grpc-default-executor-1] INFO  client.GrpcClientProtocolClient (GrpcClientProtocolClient.java:onNext(264)) - client-734BBEB428D7->a5e38e3e-c2ad-4348-acb9-3fc25cfb14dd: receive RaftClientReply:client-734BBEB428D7->a5e38e3e-c2ad-4348-acb9-3fc25cfb14dd@group-7000B19605CB, cid=3691, SUCCESS, logIndex=5593, commits[a5e38e3e-c2ad-4348-acb9-3fc25cfb14dd:c5594, 11e48d46-e648-47f9-b6a0-9c7f26654c28:c5592, d1b6a90e-e817-40a7-bec1-608b5cc7d8b6:c5592]
2019-09-11 04:26:19,612 [grpc-default-executor-1] INFO  client.GrpcClientProtocolClient (GrpcClientProtocolClient.java:onNext(264)) - client-734BBEB428D7->a5e38e3e-c2ad-4348-acb9-3fc25cfb14dd: receive RaftClientReply:client-734BBEB428D7->a5e38e3e-c2ad-4348-acb9-3fc25cfb14dd@group-7000B19605CB, cid=3692, SUCCESS, logIndex=5594, commits[a5e38e3e-c2ad-4348-acb9-3fc25cfb14dd:c5594, 11e48d46-e648-47f9-b6a0-9c7f26654c28:c5592, d1b6a90e-e817-40a7-bec1-608b5cc7d8b6:c5592]
2019-09-11 04:26:19,621 [grpc-default-executor-1] INFO  client.GrpcClientProtocolClient (GrpcClientProtocolClient.java:onNext(264)) - client-734BBEB428D7->a5e38e3e-c2ad-4348-acb9-3fc25cfb14dd: receive RaftClientReply:client-734BBEB428D7->a5e38e3e-c2ad-4348-acb9-3fc25cfb14dd@group-7000B19605CB, cid=3693, SUCCESS, logIndex=5595, commits[a5e38e3e-c2ad-4348-acb9-3fc25cfb14dd:c5596, 11e48d46-e648-47f9-b6a0-9c7f26654c28:c5592, d1b6a90e-e817-40a7-bec1-608b5cc7d8b6:c5592]
2019-09-11 04:26:19,622 [grpc-default-executor-4] INFO  client.GrpcClientProtocolClient (GrpcClientProtocolClient.java:onNext(264)) - client-734BBEB428D7->a5e38e3e-c2ad-4348-acb9-3fc25cfb14dd: receive RaftClientReply:client-734BBEB428D7->a5e38e3e-c2ad-4348-acb9-3fc25cfb14dd@group-7000B19605CB, cid=3694, SUCCESS, logIndex=5596, commits[a5e38e3e-c2ad-4348-acb9-3fc25cfb14dd:c5596, 11e48d46-e648-47f9-b6a0-9c7f26654c28:c5592, d1b6a90e-e817-40a7-bec1-608b5cc7d8b6:c5592]
2019-09-11 04:26:19,623 [grpc-default-executor-4] INFO  client.GrpcClientProtocolClient (GrpcClientProtocolClient.java:onNext(264)) - client-734BBEB428D7->a5e38e3e-c2ad-4348-acb9-3fc25cfb14dd: receive RaftClientReply:client-734BBEB428D7->a5e38e3e-c2ad-4348-acb9-3fc25cfb14dd@group-7000B19605CB, cid=3695, SUCCESS, logIndex=0, commits[a5e38e3e-c2ad-4348-acb9-3fc25cfb14dd:c5598, 11e48d46-e648-47f9-b6a0-9c7f26654c28:c5594, d1b6a90e-e817-40a7-bec1-608b5cc7d8b6:c5594]
2019-09-11 04:26:19,638 [grpc-default-executor-4] INFO  client.GrpcClientProtocolClient (GrpcClientProtocolClient.java:onNext(264)) - client-734BBEB428D7->a5e38e3e-c2ad-4348-acb9-3fc25cfb14dd: receive RaftClientReply:client-734BBEB428D7->a5e38e3e-c2ad-4348-acb9-3fc25cfb14dd@group-7000B19605CB, cid=3696, SUCCESS, logIndex=5601, commits[a5e38e3e-c2ad-4348-acb9-3fc25cfb14dd:c5602, 11e48d46-e648-47f9-b6a0-9c7f26654c28:c5594, d1b6a90e-e817-40a7-bec1-608b5cc7d8b6:c5600]
2019-09-11 04:26:19,638 [grpc-default-executor-4] INFO  client.GrpcClientProtocolClient (GrpcClientProtocolClient.java:onNext(264)) - client-734BBEB428D7->a5e38e3e-c2ad-4348-acb9-3fc25cfb14dd: receive RaftClientReply:client-734BBEB428D7->a5e38e3e-c2ad-4348-acb9-3fc25cfb14dd@group-7000B19605CB, cid=3697, SUCCESS, logIndex=5602, commits[a5e38e3e-c2ad-4348-acb9-3fc25cfb14dd:c5602, 11e48d46-e648-47f9-b6a0-9c7f26654c28:c5600, d1b6a90e-e817-40a7-bec1-608b5cc7d8b6:c5600]
2019-09-11 04:26:19,655 [grpc-default-executor-4] INFO  client.GrpcClientProtocolClient (GrpcClientProtocolClient.java:onNext(264)) - client-734BBEB428D7->a5e38e3e-c2ad-4348-acb9-3fc25cfb14dd: receive RaftClientReply:client-734BBEB428D7->a5e38e3e-c2ad-4348-acb9-3fc25cfb14dd@group-7000B19605CB, cid=3698, SUCCESS, logIndex=5604, commits[a5e38e3e-c2ad-4348-acb9-3fc25cfb14dd:c5605, 11e48d46-e648-47f9-b6a0-9c7f26654c28:c5602, d1b6a90e-e817-40a7-bec1-608b5cc7d8b6:c5603]
2019-09-11 04:26:19,655 [grpc-default-executor-4] INFO  client.GrpcClientProtocolClient (GrpcClientProtocolClient.java:onNext(264)) - client-734BBEB428D7->a5e38e3e-c2ad-4348-acb9-3fc25cfb14dd: receive RaftClientReply:client-734BBEB428D7->a5e38e3e-c2ad-4348-acb9-3fc25cfb14dd@group-7000B19605CB, cid=3699, SUCCESS, logIndex=5605, commits[a5e38e3e-c2ad-4348-acb9-3fc25cfb14dd:c5605, 11e48d46-e648-47f9-b6a0-9c7f26654c28:c5603, d1b6a90e-e817-40a7-bec1-608b5cc7d8b6:c5603]
2019-09-11 04:26:19,658 [grpc-default-executor-4] INFO  client.GrpcClientProtocolClient (GrpcClientProtocolClient.java:onNext(264)) - client-734BBEB428D7->a5e38e3e-c2ad-4348-acb9-3fc25cfb14dd: receive RaftClientReply:client-734BBEB428D7->a5e38e3e-c2ad-4348-acb9-3fc25cfb14dd@group-7000B19605CB, cid=3700, SUCCESS, logIndex=0, commits[a5e38e3e-c2ad-4348-acb9-3fc25cfb14dd:c5606, 11e48d46-e648-47f9-b6a0-9c7f26654c28:c5605, d1b6a90e-e817-40a7-bec1-608b5cc7d8b6:c5605]
2019-09-11 04:26:19,684 [grpc-default-executor-1] INFO  client.GrpcClientProtocolClient (GrpcClientProtocolClient.java:onNext(264)) - client-734BBEB428D7->a5e38e3e-c2ad-4348-acb9-3fc25cfb14dd: receive RaftClientReply:client-734BBEB428D7->a5e38e3e-c2ad-4348-acb9-3fc25cfb14dd@group-7000B19605CB, cid=3701, SUCCESS, logIndex=5608, commits[a5e38e3e-c2ad-4348-acb9-3fc25cfb14dd:c5610, 11e48d46-e648-47f9-b6a0-9c7f26654c28:c5607, d1b6a90e-e817-40a7-bec1-608b5cc7d8b6:c5607]
2019-09-11 04:26:19,685 [grpc-default-executor-1] INFO  client.GrpcClientProtocolClient (GrpcClientProtocolClient.java:onNext(264)) - client-734BBEB428D7->a5e38e3e-c2ad-4348-acb9-3fc25cfb14dd: receive RaftClientReply:client-734BBEB428D7->a5e38e3e-c2ad-4348-acb9-3fc25cfb14dd@group-7000B19605CB, cid=3702, SUCCESS, logIndex=5609, commits[a5e38e3e-c2ad-4348-acb9-3fc25cfb14dd:c5611, 11e48d46-e648-47f9-b6a0-9c7f26654c28:c5607, d1b6a90e-e817-40a7-bec1-608b5cc7d8b6:c5607]
2019-09-11 04:26:19,685 [grpc-default-executor-1] INFO  client.GrpcClientProtocolClient (GrpcClientProtocolClient.java:onNext(264)) - client-734BBEB428D7->a5e38e3e-c2ad-4348-acb9-3fc25cfb14dd: receive RaftClientReply:client-734BBEB428D7->a5e38e3e-c2ad-4348-acb9-3fc25cfb14dd@group-7000B19605CB, cid=3703, SUCCESS, logIndex=5610, commits[a5e38e3e-c2ad-4348-acb9-3fc25cfb14dd:c5611, 11e48d46-e648-47f9-b6a0-9c7f26654c28:c5607, d1b6a90e-e817-40a7-bec1-608b5cc7d8b6:c5607]
2019-09-11 04:26:19,685 [grpc-default-executor-1] INFO  client.GrpcClientProtocolClient (GrpcClientProtocolClient.java:onNext(264)) - client-734BBEB428D7->a5e38e3e-c2ad-4348-acb9-3fc25cfb14dd: receive RaftClientReply:client-734BBEB428D7->a5e38e3e-c2ad-4348-acb9-3fc25cfb14dd@group-7000B19605CB, cid=3704, SUCCESS, logIndex=5611, commits[a5e38e3e-c2ad-4348-acb9-3fc25cfb14dd:c5611, 11e48d46-e648-47f9-b6a0-9c7f26654c28:c5607, d1b6a90e-e817-40a7-bec1-608b5cc7d8b6:c5607]
2019-09-11 04:26:19,688 [grpc-default-executor-1] INFO  client.GrpcClientProtocolClient (GrpcClientProtocolClient.java:onNext(264)) - client-734BBEB428D7->a5e38e3e-c2ad-4348-acb9-3fc25cfb14dd: receive RaftClientReply:client-734BBEB428D7->a5e38e3e-c2ad-4348-acb9-3fc25cfb14dd@group-7000B19605CB, cid=3705, SUCCESS, logIndex=0, commits[a5e38e3e-c2ad-4348-acb9-3fc25cfb14dd:c5615, 11e48d46-e648-47f9-b6a0-9c7f26654c28:c5611, d1b6a90e-e817-40a7-bec1-608b5cc7d8b6:c5609]
2019-09-11 04:26:19,705 [grpc-default-executor-1] INFO  client.GrpcClientProtocolClient (GrpcClientProtocolClient.java:onNext(264)) - client-734BBEB428D7->a5e38e3e-c2ad-4348-acb9-3fc25cfb14dd: receive RaftClientReply:client-734BBEB428D7->a5e38e3e-c2ad-4348-acb9-3fc25cfb14dd@group-7000B19605CB, cid=3706, SUCCESS, logIndex=5616, commits[a5e38e3e-c2ad-4348-acb9-3fc25cfb14dd:c5617, 11e48d46-e648-47f9-b6a0-9c7f26654c28:c5615, d1b6a90e-e817-40a7-bec1-608b5cc7d8b6:c5615]
2019-09-11 04:26:19,706 [grpc-default-executor-1] INFO  client.GrpcClientProtocolClient (GrpcClientProtocolClient.java:onNext(264)) - client-734BBEB428D7->a5e38e3e-c2ad-4348-acb9-3fc25cfb14dd: receive RaftClientReply:client-734BBEB428D7->a5e38e3e-c2ad-4348-acb9-3fc25cfb14dd@group-7000B19605CB, cid=3707, SUCCESS, logIndex=5617, commits[a5e38e3e-c2ad-4348-acb9-3fc25cfb14dd:c5617, 11e48d46-e648-47f9-b6a0-9c7f26654c28:c5615, d1b6a90e-e817-40a7-bec1-608b5cc7d8b6:c5615]
2019-09-11 04:26:19,723 [grpc-default-executor-4] INFO  client.GrpcClientProtocolClient (GrpcClientProtocolClient.java:onNext(264)) - client-734BBEB428D7->a5e38e3e-c2ad-4348-acb9-3fc25cfb14dd: receive RaftClientReply:client-734BBEB428D7->a5e38e3e-c2ad-4348-acb9-3fc25cfb14dd@group-7000B19605CB, cid=3708, SUCCESS, logIndex=5620, commits[a5e38e3e-c2ad-4348-acb9-3fc25cfb14dd:c5621, 11e48d46-e648-47f9-b6a0-9c7f26654c28:c5619, d1b6a90e-e817-40a7-bec1-608b5cc7d8b6:c5619]
2019-09-11 04:26:19,723 [grpc-default-executor-4] INFO  client.GrpcClientProtocolClient (GrpcClientProtocolClient.java:onNext(264)) - client-734BBEB428D7->a5e38e3e-c2ad-4348-acb9-3fc25cfb14dd: receive RaftClientReply:client-734BBEB428D7->a5e38e3e-c2ad-4348-acb9-3fc25cfb14dd@group-7000B19605CB, cid=3709, SUCCESS, logIndex=5621, commits[a5e38e3e-c2ad-4348-acb9-3fc25cfb14dd:c5621, 11e48d46-e648-47f9-b6a0-9c7f26654c28:c5619, d1b6a90e-e817-40a7-bec1-608b5cc7d8b6:c5619]
2019-09-11 04:26:19,726 [grpc-default-executor-4] INFO  client.GrpcClientProtocolClient (GrpcClientProtocolClient.java:onNext(264)) - client-734BBEB428D7->a5e38e3e-c2ad-4348-acb9-3fc25cfb14dd: receive RaftClientReply:client-734BBEB428D7->a5e38e3e-c2ad-4348-acb9-3fc25cfb14dd@group-7000B19605CB, cid=3710, SUCCESS, logIndex=0, commits[a5e38e3e-c2ad-4348-acb9-3fc25cfb14dd:c5623, 11e48d46-e648-47f9-b6a0-9c7f26654c28:c5621, d1b6a90e-e817-40a7-bec1-608b5cc7d8b6:c5621]
2019-09-11 04:26:19,847 [grpc-default-executor-4] INFO  client.GrpcClientProtocolClient (GrpcClientProtocolClient.java:onNext(264)) - client-734BBEB428D7->a5e38e3e-c2ad-4348-acb9-3fc25cfb14dd: receive RaftClientReply:client-734BBEB428D7->a5e38e3e-c2ad-4348-acb9-3fc25cfb14dd@group-7000B19605CB, cid=3711, SUCCESS, logIndex=5624, commits[a5e38e3e-c2ad-4348-acb9-3fc25cfb14dd:c5625, 11e48d46-e648-47f9-b6a0-9c7f26654c28:c5623, d1b6a90e-e817-40a7-bec1-608b5cc7d8b6:c5623]
2019-09-11 04:26:19,848 [grpc-default-executor-4] INFO  client.GrpcClientProtocolClient (GrpcClientProtocolClient.java:onNext(264)) - client-734BBEB428D7->a5e38e3e-c2ad-4348-acb9-3fc25cfb14dd: receive RaftClientReply:client-734BBEB428D7->a5e38e3e-c2ad-4348-acb9-3fc25cfb14dd@group-7000B19605CB, cid=3712, SUCCESS, logIndex=5625, commits[a5e38e3e-c2ad-4348-acb9-3fc25cfb14dd:c5627, 11e48d46-e648-47f9-b6a0-9c7f26654c28:c5623, d1b6a90e-e817-40a7-bec1-608b5cc7d8b6:c5623]
2019-09-11 04:26:19,848 [grpc-default-executor-4] INFO  client.GrpcClientProtocolClient (GrpcClientProtocolClient.java:onNext(264)) - client-734BBEB428D7->a5e38e3e-c2ad-4348-acb9-3fc25cfb14dd: receive RaftClientReply:client-734BBEB428D7->a5e38e3e-c2ad-4348-acb9-3fc25cfb14dd@group-7000B19605CB, cid=3713, SUCCESS, logIndex=5626, commits[a5e38e3e-c2ad-4348-acb9-3fc25cfb14dd:c5627, 11e48d46-e648-47f9-b6a0-9c7f26654c28:c5623, d1b6a90e-e817-40a7-bec1-608b5cc7d8b6:c5623]
2019-09-11 04:26:19,848 [grpc-default-executor-4] INFO  client.GrpcClientProtocolClient (GrpcClientProtocolClient.java:onNext(264)) - client-734BBEB428D7->a5e38e3e-c2ad-4348-acb9-3fc25cfb14dd: receive RaftClientReply:client-734BBEB428D7->a5e38e3e-c2ad-4348-acb9-3fc25cfb14dd@group-7000B19605CB, cid=3714, SUCCESS, logIndex=5627, commits[a5e38e3e-c2ad-4348-acb9-3fc25cfb14dd:c5627, 11e48d46-e648-47f9-b6a0-9c7f26654c28:c5623, d1b6a90e-e817-40a7-bec1-608b5cc7d8b6:c5623]
2019-09-11 04:26:19,850 [grpc-default-executor-4] INFO  client.GrpcClientProtocolClient (GrpcClientProtocolClient.java:onNext(264)) - client-734BBEB428D7->a5e38e3e-c2ad-4348-acb9-3fc25cfb14dd: receive RaftClientReply:client-734BBEB428D7->a5e38e3e-c2ad-4348-acb9-3fc25cfb14dd@group-7000B19605CB, cid=3715, SUCCESS, logIndex=0, commits[a5e38e3e-c2ad-4348-acb9-3fc25cfb14dd:c5629, 11e48d46-e648-47f9-b6a0-9c7f26654c28:c5625, d1b6a90e-e817-40a7-bec1-608b5cc7d8b6:c5625]
2019-09-11 04:26:19,877 [grpc-default-executor-2] INFO  client.GrpcClientProtocolClient (GrpcClientProtocolClient.java:onNext(264)) - client-734BBEB428D7->a5e38e3e-c2ad-4348-acb9-3fc25cfb14dd: receive RaftClientReply:client-734BBEB428D7->a5e38e3e-c2ad-4348-acb9-3fc25cfb14dd@group-7000B19605CB, cid=3716, SUCCESS, logIndex=5631, commits[a5e38e3e-c2ad-4348-acb9-3fc25cfb14dd:c5632, 11e48d46-e648-47f9-b6a0-9c7f26654c28:c5630, d1b6a90e-e817-40a7-bec1-608b5cc7d8b6:c5630]
2019-09-11 04:26:19,878 [grpc-default-executor-2] INFO  client.GrpcClientProtocolClient (GrpcClientProtocolClient.java:onNext(264)) - client-734BBEB428D7->a5e38e3e-c2ad-4348-acb9-3fc25cfb14dd: receive RaftClientReply:client-734BBEB428D7->a5e38e3e-c2ad-4348-acb9-3fc25cfb14dd@group-7000B19605CB, cid=3717, SUCCESS, logIndex=5632, commits[a5e38e3e-c2ad-4348-acb9-3fc25cfb14dd:c5632, 11e48d46-e648-47f9-b6a0-9c7f26654c28:c5630, d1b6a90e-e817-40a7-bec1-608b5cc7d8b6:c5630]
2019-09-11 04:26:19,890 [grpc-default-executor-4] INFO  client.GrpcClientProtocolClient (GrpcClientProtocolClient.java:onNext(264)) - client-734BBEB428D7->a5e38e3e-c2ad-4348-acb9-3fc25cfb14dd: receive RaftClientReply:client-734BBEB428D7->a5e38e3e-c2ad-4348-acb9-3fc25cfb14dd@group-7000B19605CB, cid=3718, SUCCESS, logIndex=5634, commits[a5e38e3e-c2ad-4348-acb9-3fc25cfb14dd:c5635, 11e48d46-e648-47f9-b6a0-9c7f26654c28:c5632, d1b6a90e-e817-40a7-bec1-608b5cc7d8b6:c5632]
2019-09-11 04:26:19,891 [grpc-default-executor-4] INFO  client.GrpcClientProtocolClient (GrpcClientProtocolClient.java:onNext(264)) - client-734BBEB428D7->a5e38e3e-c2ad-4348-acb9-3fc25cfb14dd: receive RaftClientReply:client-734BBEB428D7->a5e38e3e-c2ad-4348-acb9-3fc25cfb14dd@group-7000B19605CB, cid=3719, SUCCESS, logIndex=5635, commits[a5e38e3e-c2ad-4348-acb9-3fc25cfb14dd:c5635, 11e48d46-e648-47f9-b6a0-9c7f26654c28:c5632, d1b6a90e-e817-40a7-bec1-608b5cc7d8b6:c5632]
2019-09-11 04:26:19,894 [grpc-default-executor-2] INFO  client.GrpcClientProtocolClient (GrpcClientProtocolClient.java:onNext(264)) - client-734BBEB428D7->a5e38e3e-c2ad-4348-acb9-3fc25cfb14dd: receive RaftClientReply:client-734BBEB428D7->a5e38e3e-c2ad-4348-acb9-3fc25cfb14dd@group-7000B19605CB, cid=3720, SUCCESS, logIndex=0, commits[a5e38e3e-c2ad-4348-acb9-3fc25cfb14dd:c5636, 11e48d46-e648-47f9-b6a0-9c7f26654c28:c5635, d1b6a90e-e817-40a7-bec1-608b5cc7d8b6:c5635]
2019-09-11 04:26:19,923 [grpc-default-executor-3] INFO  client.GrpcClientProtocolClient (GrpcClientProtocolClient.java:onNext(264)) - client-734BBEB428D7->a5e38e3e-c2ad-4348-acb9-3fc25cfb14dd: receive RaftClientReply:client-734BBEB428D7->a5e38e3e-c2ad-4348-acb9-3fc25cfb14dd@group-7000B19605CB, cid=3721, SUCCESS, logIndex=5638, commits[a5e38e3e-c2ad-4348-acb9-3fc25cfb14dd:c5639, 11e48d46-e648-47f9-b6a0-9c7f26654c28:c5637, d1b6a90e-e817-40a7-bec1-608b5cc7d8b6:c5637]
2019-09-11 04:26:19,924 [grpc-default-executor-3] INFO  client.GrpcClientProtocolClient (GrpcClientProtocolClient.java:onNext(264)) - client-734BBEB428D7->a5e38e3e-c2ad-4348-acb9-3fc25cfb14dd: receive RaftClientReply:client-734BBEB428D7->a5e38e3e-c2ad-4348-acb9-3fc25cfb14dd@group-7000B19605CB, cid=3722, SUCCESS, logIndex=5639, commits[a5e38e3e-c2ad-4348-acb9-3fc25cfb14dd:c5641, 11e48d46-e648-47f9-b6a0-9c7f26654c28:c5637, d1b6a90e-e817-40a7-bec1-608b5cc7d8b6:c5637]
2019-09-11 04:26:19,924 [grpc-default-executor-3] INFO  client.GrpcClientProtocolClient (GrpcClientProtocolClient.java:onNext(264)) - client-734BBEB428D7->a5e38e3e-c2ad-4348-acb9-3fc25cfb14dd: receive RaftClientReply:client-734BBEB428D7->a5e38e3e-c2ad-4348-acb9-3fc25cfb14dd@group-7000B19605CB, cid=3723, SUCCESS, logIndex=5640, commits[a5e38e3e-c2ad-4348-acb9-3fc25cfb14dd:c5641, 11e48d46-e648-47f9-b6a0-9c7f26654c28:c5637, d1b6a90e-e817-40a7-bec1-608b5cc7d8b6:c5637]
2019-09-11 04:26:19,924 [grpc-default-executor-3] INFO  client.GrpcClientProtocolClient (GrpcClientProtocolClient.java:onNext(264)) - client-734BBEB428D7->a5e38e3e-c2ad-4348-acb9-3fc25cfb14dd: receive RaftClientReply:client-734BBEB428D7->a5e38e3e-c2ad-4348-acb9-3fc25cfb14dd@group-7000B19605CB, cid=3724, SUCCESS, logIndex=5641, commits[a5e38e3e-c2ad-4348-acb9-3fc25cfb14dd:c5641, 11e48d46-e648-47f9-b6a0-9c7f26654c28:c5637, d1b6a90e-e817-40a7-bec1-608b5cc7d8b6:c5637]
2019-09-11 04:26:19,928 [grpc-default-executor-3] INFO  client.GrpcClientProtocolClient (GrpcClientProtocolClient.java:onNext(264)) - client-734BBEB428D7->a5e38e3e-c2ad-4348-acb9-3fc25cfb14dd: receive RaftClientReply:client-734BBEB428D7->a5e38e3e-c2ad-4348-acb9-3fc25cfb14dd@group-7000B19605CB, cid=3725, SUCCESS, logIndex=0, commits[a5e38e3e-c2ad-4348-acb9-3fc25cfb14dd:c5645, 11e48d46-e648-47f9-b6a0-9c7f26654c28:c5639, d1b6a90e-e817-40a7-bec1-608b5cc7d8b6:c5641]
2019-09-11 04:26:19,945 [grpc-default-executor-4] INFO  client.GrpcClientProtocolClient (GrpcClientProtocolClient.java:onNext(264)) - client-734BBEB428D7->a5e38e3e-c2ad-4348-acb9-3fc25cfb14dd: receive RaftClientReply:client-734BBEB428D7->a5e38e3e-c2ad-4348-acb9-3fc25cfb14dd@group-7000B19605CB, cid=3726, SUCCESS, logIndex=5646, commits[a5e38e3e-c2ad-4348-acb9-3fc25cfb14dd:c5647, 11e48d46-e648-47f9-b6a0-9c7f26654c28:c5645, d1b6a90e-e817-40a7-bec1-608b5cc7d8b6:c5645]
2019-09-11 04:26:19,946 [grpc-default-executor-4] INFO  client.GrpcClientProtocolClient (GrpcClientProtocolClient.java:onNext(264)) - client-734BBEB428D7->a5e38e3e-c2ad-4348-acb9-3fc25cfb14dd: receive RaftClientReply:client-734BBEB428D7->a5e38e3e-c2ad-4348-acb9-3fc25cfb14dd@group-7000B19605CB, cid=3727, SUCCESS, logIndex=5647, commits[a5e38e3e-c2ad-4348-acb9-3fc25cfb14dd:c5647, 11e48d46-e648-47f9-b6a0-9c7f26654c28:c5645, d1b6a90e-e817-40a7-bec1-608b5cc7d8b6:c5645]
2019-09-11 04:26:19,959 [grpc-default-executor-2] INFO  client.GrpcClientProtocolClient (GrpcClientProtocolClient.java:onNext(264)) - client-734BBEB428D7->a5e38e3e-c2ad-4348-acb9-3fc25cfb14dd: receive RaftClientReply:client-734BBEB428D7->a5e38e3e-c2ad-4348-acb9-3fc25cfb14dd@group-7000B19605CB, cid=3728, SUCCESS, logIndex=5650, commits[a5e38e3e-c2ad-4348-acb9-3fc25cfb14dd:c5651, 11e48d46-e648-47f9-b6a0-9c7f26654c28:c5647, d1b6a90e-e817-40a7-bec1-608b5cc7d8b6:c5647]
2019-09-11 04:26:19,959 [grpc-default-executor-2] INFO  client.GrpcClientProtocolClient (GrpcClientProtocolClient.java:onNext(264)) - client-734BBEB428D7->a5e38e3e-c2ad-4348-acb9-3fc25cfb14dd: receive RaftClientReply:client-734BBEB428D7->a5e38e3e-c2ad-4348-acb9-3fc25cfb14dd@group-7000B19605CB, cid=3729, SUCCESS, logIndex=5651, commits[a5e38e3e-c2ad-4348-acb9-3fc25cfb14dd:c5651, 11e48d46-e648-47f9-b6a0-9c7f26654c28:c5647, d1b6a90e-e817-40a7-bec1-608b5cc7d8b6:c5647]
2019-09-11 04:26:19,972 [grpc-default-executor-2] INFO  client.GrpcClientProtocolClient (GrpcClientProtocolClient.java:onNext(264)) - client-734BBEB428D7->a5e38e3e-c2ad-4348-acb9-3fc25cfb14dd: receive RaftClientReply:client-734BBEB428D7->a5e38e3e-c2ad-4348-acb9-3fc25cfb14dd@group-7000B19605CB, cid=3730, SUCCESS, logIndex=0, commits[a5e38e3e-c2ad-4348-acb9-3fc25cfb14dd:c5653, 11e48d46-e648-47f9-b6a0-9c7f26654c28:c5651, d1b6a90e-e817-40a7-bec1-608b5cc7d8b6:c5651]
2019-09-11 04:26:20,002 [grpc-default-executor-3] INFO  client.GrpcClientProtocolClient (GrpcClientProtocolClient.java:onNext(264)) - client-734BBEB428D7->a5e38e3e-c2ad-4348-acb9-3fc25cfb14dd: receive RaftClientReply:client-734BBEB428D7->a5e38e3e-c2ad-4348-acb9-3fc25cfb14dd@group-7000B19605CB, cid=3731, SUCCESS, logIndex=5654, commits[a5e38e3e-c2ad-4348-acb9-3fc25cfb14dd:c5655, 11e48d46-e648-47f9-b6a0-9c7f26654c28:c5653, d1b6a90e-e817-40a7-bec1-608b5cc7d8b6:c5653]
2019-09-11 04:26:20,003 [grpc-default-executor-3] INFO  client.GrpcClientProtocolClient (GrpcClientProtocolClient.java:onNext(264)) - client-734BBEB428D7->a5e38e3e-c2ad-4348-acb9-3fc25cfb14dd: receive RaftClientReply:client-734BBEB428D7->a5e38e3e-c2ad-4348-acb9-3fc25cfb14dd@group-7000B19605CB, cid=3732, SUCCESS, logIndex=5655, commits[a5e38e3e-c2ad-4348-acb9-3fc25cfb14dd:c5657, 11e48d46-e648-47f9-b6a0-9c7f26654c28:c5653, d1b6a90e-e817-40a7-bec1-608b5cc7d8b6:c5653]
2019-09-11 04:26:20,003 [grpc-default-executor-3] INFO  client.GrpcClientProtocolClient (GrpcClientProtocolClient.java:onNext(264)) - client-734BBEB428D7->a5e38e3e-c2ad-4348-acb9-3fc25cfb14dd: receive RaftClientReply:client-734BBEB428D7->a5e38e3e-c2ad-4348-acb9-3fc25cfb14dd@group-7000B19605CB, cid=3733, SUCCESS, logIndex=5656, commits[a5e38e3e-c2ad-4348-acb9-3fc25cfb14dd:c5657, 11e48d46-e648-47f9-b6a0-9c7f26654c28:c5653, d1b6a90e-e817-40a7-bec1-608b5cc7d8b6:c5653]
2019-09-11 04:26:20,003 [grpc-default-executor-3] INFO  client.GrpcClientProtocolClient (GrpcClientProtocolClient.java:onNext(264)) - client-734BBEB428D7->a5e38e3e-c2ad-4348-acb9-3fc25cfb14dd: receive RaftClientReply:client-734BBEB428D7->a5e38e3e-c2ad-4348-acb9-3fc25cfb14dd@group-7000B19605CB, cid=3734, SUCCESS, logIndex=5657, commits[a5e38e3e-c2ad-4348-acb9-3fc25cfb14dd:c5657, 11e48d46-e648-47f9-b6a0-9c7f26654c28:c5653, d1b6a90e-e817-40a7-bec1-608b5cc7d8b6:c5653]
2019-09-11 04:26:20,005 [grpc-default-executor-3] INFO  client.GrpcClientProtocolClient (GrpcClientProtocolClient.java:onNext(264)) - client-734BBEB428D7->a5e38e3e-c2ad-4348-acb9-3fc25cfb14dd: receive RaftClientReply:client-734BBEB428D7->a5e38e3e-c2ad-4348-acb9-3fc25cfb14dd@group-7000B19605CB, cid=3735, SUCCESS, logIndex=0, commits[a5e38e3e-c2ad-4348-acb9-3fc25cfb14dd:c5661, 11e48d46-e648-47f9-b6a0-9c7f26654c28:c5655, d1b6a90e-e817-40a7-bec1-608b5cc7d8b6:c5657]
2019-09-11 04:26:20,022 [grpc-default-executor-3] INFO  client.GrpcClientProtocolClient (GrpcClientProtocolClient.java:onNext(264)) - client-734BBEB428D7->a5e38e3e-c2ad-4348-acb9-3fc25cfb14dd: receive RaftClientReply:client-734BBEB428D7->a5e38e3e-c2ad-4348-acb9-3fc25cfb14dd@group-7000B19605CB, cid=3736, SUCCESS, logIndex=5662, commits[a5e38e3e-c2ad-4348-acb9-3fc25cfb14dd:c5663, 11e48d46-e648-47f9-b6a0-9c7f26654c28:c5661, d1b6a90e-e817-40a7-bec1-608b5cc7d8b6:c5661]
2019-09-11 04:26:20,022 [grpc-default-executor-3] INFO  client.GrpcClientProtocolClient (GrpcClientProtocolClient.java:onNext(264)) - client-734BBEB428D7->a5e38e3e-c2ad-4348-acb9-3fc25cfb14dd: receive RaftClientReply:client-734BBEB428D7->a5e38e3e-c2ad-4348-acb9-3fc25cfb14dd@group-7000B19605CB, cid=3737, SUCCESS, logIndex=5663, commits[a5e38e3e-c2ad-4348-acb9-3fc25cfb14dd:c5663, 11e48d46-e648-47f9-b6a0-9c7f26654c28:c5661, d1b6a90e-e817-40a7-bec1-608b5cc7d8b6:c5661]
2019-09-11 04:26:20,040 [grpc-default-executor-3] INFO  client.GrpcClientProtocolClient (GrpcClientProtocolClient.java:onNext(264)) - client-734BBEB428D7->a5e38e3e-c2ad-4348-acb9-3fc25cfb14dd: receive RaftClientReply:client-734BBEB428D7->a5e38e3e-c2ad-4348-acb9-3fc25cfb14dd@group-7000B19605CB, cid=3738, SUCCESS, logIndex=5666, commits[a5e38e3e-c2ad-4348-acb9-3fc25cfb14dd:c5667, 11e48d46-e648-47f9-b6a0-9c7f26654c28:c5665, d1b6a90e-e817-40a7-bec1-608b5cc7d8b6:c5665]
2019-09-11 04:26:20,040 [grpc-default-executor-3] INFO  client.GrpcClientProtocolClient (GrpcClientProtocolClient.java:onNext(264)) - client-734BBEB428D7->a5e38e3e-c2ad-4348-acb9-3fc25cfb14dd: receive RaftClientReply:client-734BBEB428D7->a5e38e3e-c2ad-4348-acb9-3fc25cfb14dd@group-7000B19605CB, cid=3739, SUCCESS, logIndex=5667, commits[a5e38e3e-c2ad-4348-acb9-3fc25cfb14dd:c5667, 11e48d46-e648-47f9-b6a0-9c7f26654c28:c5665, d1b6a90e-e817-40a7-bec1-608b5cc7d8b6:c5665]
2019-09-11 04:26:20,043 [grpc-default-executor-3] INFO  client.GrpcClientProtocolClient (GrpcClientProtocolClient.java:onNext(264)) - client-734BBEB428D7->a5e38e3e-c2ad-4348-acb9-3fc25cfb14dd: receive RaftClientReply:client-734BBEB428D7->a5e38e3e-c2ad-4348-acb9-3fc25cfb14dd@group-7000B19605CB, cid=3740, SUCCESS, logIndex=0, commits[a5e38e3e-c2ad-4348-acb9-3fc25cfb14dd:c5668, 11e48d46-e648-47f9-b6a0-9c7f26654c28:c5667, d1b6a90e-e817-40a7-bec1-608b5cc7d8b6:c5667]
2019-09-11 04:26:20,070 [grpc-default-executor-3] INFO  client.GrpcClientProtocolClient (GrpcClientProtocolClient.java:onNext(264)) - client-734BBEB428D7->a5e38e3e-c2ad-4348-acb9-3fc25cfb14dd: receive RaftClientReply:client-734BBEB428D7->a5e38e3e-c2ad-4348-acb9-3fc25cfb14dd@group-7000B19605CB, cid=3741, SUCCESS, logIndex=5670, commits[a5e38e3e-c2ad-4348-acb9-3fc25cfb14dd:c5671, 11e48d46-e648-47f9-b6a0-9c7f26654c28:c5669, d1b6a90e-e817-40a7-bec1-608b5cc7d8b6:c5669]
2019-09-11 04:26:20,070 [grpc-default-executor-3] INFO  client.GrpcClientProtocolClient (GrpcClientProtocolClient.java:onNext(264)) - client-734BBEB428D7->a5e38e3e-c2ad-4348-acb9-3fc25cfb14dd: receive RaftClientReply:client-734BBEB428D7->a5e38e3e-c2ad-4348-acb9-3fc25cfb14dd@group-7000B19605CB, cid=3742, SUCCESS, logIndex=5671, commits[a5e38e3e-c2ad-4348-acb9-3fc25cfb14dd:c5671, 11e48d46-e648-47f9-b6a0-9c7f26654c28:c5669, d1b6a90e-e817-40a7-bec1-608b5cc7d8b6:c5669]
2019-09-11 04:26:20,071 [grpc-default-executor-3] INFO  client.GrpcClientProtocolClient (GrpcClientProtocolClient.java:onNext(264)) - client-734BBEB428D7->a5e38e3e-c2ad-4348-acb9-3fc25cfb14dd: receive RaftClientReply:client-734BBEB428D7->a5e38e3e-c2ad-4348-acb9-3fc25cfb14dd@group-7000B19605CB, cid=3743, SUCCESS, logIndex=5672, commits[a5e38e3e-c2ad-4348-acb9-3fc25cfb14dd:c5673, 11e48d46-e648-47f9-b6a0-9c7f26654c28:c5669, d1b6a90e-e817-40a7-bec1-608b5cc7d8b6:c5669]
2019-09-11 04:26:20,071 [grpc-default-executor-3] INFO  client.GrpcClientProtocolClient (GrpcClientProtocolClient.java:onNext(264)) - client-734BBEB428D7->a5e38e3e-c2ad-4348-acb9-3fc25cfb14dd: receive RaftClientReply:client-734BBEB428D7->a5e38e3e-c2ad-4348-acb9-3fc25cfb14dd@group-7000B19605CB, cid=3744, SUCCESS, logIndex=5673, commits[a5e38e3e-c2ad-4348-acb9-3fc25cfb14dd:c5673, 11e48d46-e648-47f9-b6a0-9c7f26654c28:c5669, d1b6a90e-e817-40a7-bec1-608b5cc7d8b6:c5669]
2019-09-11 04:26:20,072 [grpc-default-executor-4] INFO  client.GrpcClientProtocolClient (GrpcClientProtocolClient.java:onNext(264)) - client-734BBEB428D7->a5e38e3e-c2ad-4348-acb9-3fc25cfb14dd: receive RaftClientReply:client-734BBEB428D7->a5e38e3e-c2ad-4348-acb9-3fc25cfb14dd@group-7000B19605CB, cid=3745, SUCCESS, logIndex=0, commits[a5e38e3e-c2ad-4348-acb9-3fc25cfb14dd:c5674, 11e48d46-e648-47f9-b6a0-9c7f26654c28:c5671, d1b6a90e-e817-40a7-bec1-608b5cc7d8b6:c5671]
2019-09-11 04:26:20,089 [grpc-default-executor-4] INFO  client.GrpcClientProtocolClient (GrpcClientProtocolClient.java:onNext(264)) - client-734BBEB428D7->a5e38e3e-c2ad-4348-acb9-3fc25cfb14dd: receive RaftClientReply:client-734BBEB428D7->a5e38e3e-c2ad-4348-acb9-3fc25cfb14dd@group-7000B19605CB, cid=3746, SUCCESS, logIndex=5678, commits[a5e38e3e-c2ad-4348-acb9-3fc25cfb14dd:c5679, 11e48d46-e648-47f9-b6a0-9c7f26654c28:c5677, d1b6a90e-e817-40a7-bec1-608b5cc7d8b6:c5677]
2019-09-11 04:26:20,090 [grpc-default-executor-4] INFO  client.GrpcClientProtocolClient (GrpcClientProtocolClient.java:onNext(264)) - client-734BBEB428D7->a5e38e3e-c2ad-4348-acb9-3fc25cfb14dd: receive RaftClientReply:client-734BBEB428D7->a5e38e3e-c2ad-4348-acb9-3fc25cfb14dd@group-7000B19605CB, cid=3747, SUCCESS, logIndex=5679, commits[a5e38e3e-c2ad-4348-acb9-3fc25cfb14dd:c5679, 11e48d46-e648-47f9-b6a0-9c7f26654c28:c5677, d1b6a90e-e817-40a7-bec1-608b5cc7d8b6:c5677]
2019-09-11 04:26:20,101 [grpc-default-executor-3] INFO  client.GrpcClientProtocolClient (GrpcClientProtocolClient.java:onNext(264)) - client-734BBEB428D7->a5e38e3e-c2ad-4348-acb9-3fc25cfb14dd: receive RaftClientReply:client-734BBEB428D7->a5e38e3e-c2ad-4348-acb9-3fc25cfb14dd@group-7000B19605CB, cid=3748, SUCCESS, logIndex=5682, commits[a5e38e3e-c2ad-4348-acb9-3fc25cfb14dd:c5682, 11e48d46-e648-47f9-b6a0-9c7f26654c28:c5679, d1b6a90e-e817-40a7-bec1-608b5cc7d8b6:c5679]
2019-09-11 04:26:20,101 [grpc-default-executor-3] INFO  client.GrpcClientProtocolClient (GrpcClientProtocolClient.java:onNext(264)) - client-734BBEB428D7->a5e38e3e-c2ad-4348-acb9-3fc25cfb14dd: receive RaftClientReply:client-734BBEB428D7->a5e38e3e-c2ad-4348-acb9-3fc25cfb14dd@group-7000B19605CB, cid=3749, SUCCESS, logIndex=5683, commits[a5e38e3e-c2ad-4348-acb9-3fc25cfb14dd:c5683, 11e48d46-e648-47f9-b6a0-9c7f26654c28:c5679, d1b6a90e-e817-40a7-bec1-608b5cc7d8b6:c5679]
2019-09-11 04:26:20,113 [grpc-default-executor-4] INFO  client.GrpcClientProtocolClient (GrpcClientProtocolClient.java:onNext(264)) - client-734BBEB428D7->a5e38e3e-c2ad-4348-acb9-3fc25cfb14dd: receive RaftClientReply:client-734BBEB428D7->a5e38e3e-c2ad-4348-acb9-3fc25cfb14dd@group-7000B19605CB, cid=3750, SUCCESS, logIndex=0, commits[a5e38e3e-c2ad-4348-acb9-3fc25cfb14dd:c5684, 11e48d46-e648-47f9-b6a0-9c7f26654c28:c5683, d1b6a90e-e817-40a7-bec1-608b5cc7d8b6:c5683]
2019-09-11 04:26:20,137 [grpc-default-executor-2] INFO  client.GrpcClientProtocolClient (GrpcClientProtocolClient.java:onNext(264)) - client-734BBEB428D7->a5e38e3e-c2ad-4348-acb9-3fc25cfb14dd: receive RaftClientReply:client-734BBEB428D7->a5e38e3e-c2ad-4348-acb9-3fc25cfb14dd@group-7000B19605CB, cid=3751, SUCCESS, logIndex=5686, commits[a5e38e3e-c2ad-4348-acb9-3fc25cfb14dd:c5687, 11e48d46-e648-47f9-b6a0-9c7f26654c28:c5685, d1b6a90e-e817-40a7-bec1-608b5cc7d8b6:c5685]
2019-09-11 04:26:20,137 [grpc-default-executor-2] INFO  client.GrpcClientProtocolClient (GrpcClientProtocolClient.java:onNext(264)) - client-734BBEB428D7->a5e38e3e-c2ad-4348-acb9-3fc25cfb14dd: receive RaftClientReply:client-734BBEB428D7->a5e38e3e-c2ad-4348-acb9-3fc25cfb14dd@group-7000B19605CB, cid=3752, SUCCESS, logIndex=5687, commits[a5e38e3e-c2ad-4348-acb9-3fc25cfb14dd:c5687, 11e48d46-e648-47f9-b6a0-9c7f26654c28:c5685, d1b6a90e-e817-40a7-bec1-608b5cc7d8b6:c5685]
2019-09-11 04:26:20,168 [grpc-default-executor-2] INFO  client.GrpcClientProtocolClient (GrpcClientProtocolClient.java:onNext(264)) - client-734BBEB428D7->a5e38e3e-c2ad-4348-acb9-3fc25cfb14dd: receive RaftClientReply:client-734BBEB428D7->a5e38e3e-c2ad-4348-acb9-3fc25cfb14dd@group-7000B19605CB, cid=3753, SUCCESS, logIndex=5688, commits[a5e38e3e-c2ad-4348-acb9-3fc25cfb14dd:c5689, 11e48d46-e648-47f9-b6a0-9c7f26654c28:c5685, d1b6a90e-e817-40a7-bec1-608b5cc7d8b6:c5685]
2019-09-11 04:26:20,169 [grpc-default-executor-2] INFO  client.GrpcClientProtocolClient (GrpcClientProtocolClient.java:onNext(264)) - client-734BBEB428D7->a5e38e3e-c2ad-4348-acb9-3fc25cfb14dd: receive RaftClientReply:client-734BBEB428D7->a5e38e3e-c2ad-4348-acb9-3fc25cfb14dd@group-7000B19605CB, cid=3754, SUCCESS, logIndex=5689, commits[a5e38e3e-c2ad-4348-acb9-3fc25cfb14dd:c5689, 11e48d46-e648-47f9-b6a0-9c7f26654c28:c5685, d1b6a90e-e817-40a7-bec1-608b5cc7d8b6:c5685]
2019-09-11 04:26:20,180 [grpc-default-executor-4] INFO  client.GrpcClientProtocolClient (GrpcClientProtocolClient.java:onNext(264)) - client-734BBEB428D7->a5e38e3e-c2ad-4348-acb9-3fc25cfb14dd: receive RaftClientReply:client-734BBEB428D7->a5e38e3e-c2ad-4348-acb9-3fc25cfb14dd@group-7000B19605CB, cid=3755, SUCCESS, logIndex=0, commits[a5e38e3e-c2ad-4348-acb9-3fc25cfb14dd:c5691, 11e48d46-e648-47f9-b6a0-9c7f26654c28:c5687, d1b6a90e-e817-40a7-bec1-608b5cc7d8b6:c5687]
2019-09-11 04:26:20,199 [grpc-default-executor-4] INFO  client.GrpcClientProtocolClient (GrpcClientProtocolClient.java:onNext(264)) - client-734BBEB428D7->a5e38e3e-c2ad-4348-acb9-3fc25cfb14dd: receive RaftClientReply:client-734BBEB428D7->a5e38e3e-c2ad-4348-acb9-3fc25cfb14dd@group-7000B19605CB, cid=3756, SUCCESS, logIndex=5694, commits[a5e38e3e-c2ad-4348-acb9-3fc25cfb14dd:c5695, 11e48d46-e648-47f9-b6a0-9c7f26654c28:c5693, d1b6a90e-e817-40a7-bec1-608b5cc7d8b6:c5693]
2019-09-11 04:26:20,200 [grpc-default-executor-4] INFO  client.GrpcClientProtocolClient (GrpcClientProtocolClient.java:onNext(264)) - client-734BBEB428D7->a5e38e3e-c2ad-4348-acb9-3fc25cfb14dd: receive RaftClientReply:client-734BBEB428D7->a5e38e3e-c2ad-4348-acb9-3fc25cfb14dd@group-7000B19605CB, cid=3757, SUCCESS, logIndex=5695, commits[a5e38e3e-c2ad-4348-acb9-3fc25cfb14dd:c5695, 11e48d46-e648-47f9-b6a0-9c7f26654c28:c5693, d1b6a90e-e817-40a7-bec1-608b5cc7d8b6:c5693]
2019-09-11 04:26:20,212 [grpc-default-executor-3] INFO  client.GrpcClientProtocolClient (GrpcClientProtocolClient.java:onNext(264)) - client-734BBEB428D7->a5e38e3e-c2ad-4348-acb9-3fc25cfb14dd: receive RaftClientReply:client-734BBEB428D7->a5e38e3e-c2ad-4348-acb9-3fc25cfb14dd@group-7000B19605CB, cid=3758, SUCCESS, logIndex=5698, commits[a5e38e3e-c2ad-4348-acb9-3fc25cfb14dd:c5698, 11e48d46-e648-47f9-b6a0-9c7f26654c28:c5695, d1b6a90e-e817-40a7-bec1-608b5cc7d8b6:c5695]
2019-09-11 04:26:20,212 [grpc-default-executor-3] INFO  client.GrpcClientProtocolClient (GrpcClientProtocolClient.java:onNext(264)) - client-734BBEB428D7->a5e38e3e-c2ad-4348-acb9-3fc25cfb14dd: receive RaftClientReply:client-734BBEB428D7->a5e38e3e-c2ad-4348-acb9-3fc25cfb14dd@group-7000B19605CB, cid=3759, SUCCESS, logIndex=5699, commits[a5e38e3e-c2ad-4348-acb9-3fc25cfb14dd:c5699, 11e48d46-e648-47f9-b6a0-9c7f26654c28:c5695, d1b6a90e-e817-40a7-bec1-608b5cc7d8b6:c5695]
2019-09-11 04:26:20,225 [grpc-default-executor-3] INFO  client.GrpcClientProtocolClient (GrpcClientProtocolClient.java:onNext(264)) - client-734BBEB428D7->a5e38e3e-c2ad-4348-acb9-3fc25cfb14dd: receive RaftClientReply:client-734BBEB428D7->a5e38e3e-c2ad-4348-acb9-3fc25cfb14dd@group-7000B19605CB, cid=3760, SUCCESS, logIndex=0, commits[a5e38e3e-c2ad-4348-acb9-3fc25cfb14dd:c5701, 11e48d46-e648-47f9-b6a0-9c7f26654c28:c5699, d1b6a90e-e817-40a7-bec1-608b5cc7d8b6:c5699]
2019-09-11 04:26:20,256 [grpc-default-executor-4] INFO  client.GrpcClientProtocolClient (GrpcClientProtocolClient.java:onNext(264)) - client-734BBEB428D7->a5e38e3e-c2ad-4348-acb9-3fc25cfb14dd: receive RaftClientReply:client-734BBEB428D7->a5e38e3e-c2ad-4348-acb9-3fc25cfb14dd@group-7000B19605CB, cid=3761, SUCCESS, logIndex=5702, commits[a5e38e3e-c2ad-4348-acb9-3fc25cfb14dd:c5702, 11e48d46-e648-47f9-b6a0-9c7f26654c28:c5701, d1b6a90e-e817-40a7-bec1-608b5cc7d8b6:c5701]
2019-09-11 04:26:20,256 [grpc-default-executor-4] INFO  client.GrpcClientProtocolClient (GrpcClientProtocolClient.java:onNext(264)) - client-734BBEB428D7->a5e38e3e-c2ad-4348-acb9-3fc25cfb14dd: receive RaftClientReply:client-734BBEB428D7->a5e38e3e-c2ad-4348-acb9-3fc25cfb14dd@group-7000B19605CB, cid=3762, SUCCESS, logIndex=5703, commits[a5e38e3e-c2ad-4348-acb9-3fc25cfb14dd:c5705, 11e48d46-e648-47f9-b6a0-9c7f26654c28:c5701, d1b6a90e-e817-40a7-bec1-608b5cc7d8b6:c5701]
2019-09-11 04:26:20,257 [grpc-default-executor-4] INFO  client.GrpcClientProtocolClient (GrpcClientProtocolClient.java:onNext(264)) - client-734BBEB428D7->a5e38e3e-c2ad-4348-acb9-3fc25cfb14dd: receive RaftClientReply:client-734BBEB428D7->a5e38e3e-c2ad-4348-acb9-3fc25cfb14dd@group-7000B19605CB, cid=3763, SUCCESS, logIndex=5704, commits[a5e38e3e-c2ad-4348-acb9-3fc25cfb14dd:c5705, 11e48d46-e648-47f9-b6a0-9c7f26654c28:c5701, d1b6a90e-e817-40a7-bec1-608b5cc7d8b6:c5701]
2019-09-11 04:26:20,257 [grpc-default-executor-4] INFO  client.GrpcClientProtocolClient (GrpcClientProtocolClient.java:onNext(264)) - client-734BBEB428D7->a5e38e3e-c2ad-4348-acb9-3fc25cfb14dd: receive RaftClientReply:client-734BBEB428D7->a5e38e3e-c2ad-4348-acb9-3fc25cfb14dd@group-7000B19605CB, cid=3764, SUCCESS, logIndex=5705, commits[a5e38e3e-c2ad-4348-acb9-3fc25cfb14dd:c5705, 11e48d46-e648-47f9-b6a0-9c7f26654c28:c5701, d1b6a90e-e817-40a7-bec1-608b5cc7d8b6:c5701]
2019-09-11 04:26:20,259 [grpc-default-executor-4] INFO  client.GrpcClientProtocolClient (GrpcClientProtocolClient.java:onNext(264)) - client-734BBEB428D7->a5e38e3e-c2ad-4348-acb9-3fc25cfb14dd: receive RaftClientReply:client-734BBEB428D7->a5e38e3e-c2ad-4348-acb9-3fc25cfb14dd@group-7000B19605CB, cid=3765, SUCCESS, logIndex=0, commits[a5e38e3e-c2ad-4348-acb9-3fc25cfb14dd:c5708, 11e48d46-e648-47f9-b6a0-9c7f26654c28:c5703, d1b6a90e-e817-40a7-bec1-608b5cc7d8b6:c5704]
 0.00% |█                                                                                                    |  0/1 Time: 0:00:312019-09-11 04:26:20,278 [grpc-default-executor-4] INFO  client.GrpcClientProtocolClient (GrpcClientProtocolClient.java:onNext(264)) - client-734BBEB428D7->a5e38e3e-c2ad-4348-acb9-3fc25cfb14dd: receive RaftClientReply:client-734BBEB428D7->a5e38e3e-c2ad-4348-acb9-3fc25cfb14dd@group-7000B19605CB, cid=3766, SUCCESS, logIndex=5710, commits[a5e38e3e-c2ad-4348-acb9-3fc25cfb14dd:c5711, 11e48d46-e648-47f9-b6a0-9c7f26654c28:c5709, d1b6a90e-e817-40a7-bec1-608b5cc7d8b6:c5709]
2019-09-11 04:26:20,278 [grpc-default-executor-4] INFO  client.GrpcClientProtocolClient (GrpcClientProtocolClient.java:onNext(264)) - client-734BBEB428D7->a5e38e3e-c2ad-4348-acb9-3fc25cfb14dd: receive RaftClientReply:client-734BBEB428D7->a5e38e3e-c2ad-4348-acb9-3fc25cfb14dd@group-7000B19605CB, cid=3767, SUCCESS, logIndex=5711, commits[a5e38e3e-c2ad-4348-acb9-3fc25cfb14dd:c5711, 11e48d46-e648-47f9-b6a0-9c7f26654c28:c5709, d1b6a90e-e817-40a7-bec1-608b5cc7d8b6:c5709]
2019-09-11 04:26:20,291 [grpc-default-executor-2] INFO  client.GrpcClientProtocolClient (GrpcClientProtocolClient.java:onNext(264)) - client-734BBEB428D7->a5e38e3e-c2ad-4348-acb9-3fc25cfb14dd: receive RaftClientReply:client-734BBEB428D7->a5e38e3e-c2ad-4348-acb9-3fc25cfb14dd@group-7000B19605CB, cid=3768, SUCCESS, logIndex=5714, commits[a5e38e3e-c2ad-4348-acb9-3fc25cfb14dd:c5714, 11e48d46-e648-47f9-b6a0-9c7f26654c28:c5711, d1b6a90e-e817-40a7-bec1-608b5cc7d8b6:c5711]
2019-09-11 04:26:20,291 [grpc-default-executor-2] INFO  client.GrpcClientProtocolClient (GrpcClientProtocolClient.java:onNext(264)) - client-734BBEB428D7->a5e38e3e-c2ad-4348-acb9-3fc25cfb14dd: receive RaftClientReply:client-734BBEB428D7->a5e38e3e-c2ad-4348-acb9-3fc25cfb14dd@group-7000B19605CB, cid=3769, SUCCESS, logIndex=5715, commits[a5e38e3e-c2ad-4348-acb9-3fc25cfb14dd:c5715, 11e48d46-e648-47f9-b6a0-9c7f26654c28:c5711, d1b6a90e-e817-40a7-bec1-608b5cc7d8b6:c5711]
2019-09-11 04:26:20,304 [grpc-default-executor-4] INFO  client.GrpcClientProtocolClient (GrpcClientProtocolClient.java:onNext(264)) - client-734BBEB428D7->a5e38e3e-c2ad-4348-acb9-3fc25cfb14dd: receive RaftClientReply:client-734BBEB428D7->a5e38e3e-c2ad-4348-acb9-3fc25cfb14dd@group-7000B19605CB, cid=3770, SUCCESS, logIndex=0, commits[a5e38e3e-c2ad-4348-acb9-3fc25cfb14dd:c5717, 11e48d46-e648-47f9-b6a0-9c7f26654c28:c5715, d1b6a90e-e817-40a7-bec1-608b5cc7d8b6:c5715]
2019-09-11 04:26:20,332 [grpc-default-executor-2] INFO  client.GrpcClientProtocolClient (GrpcClientProtocolClient.java:onNext(264)) - client-734BBEB428D7->a5e38e3e-c2ad-4348-acb9-3fc25cfb14dd: receive RaftClientReply:client-734BBEB428D7->a5e38e3e-c2ad-4348-acb9-3fc25cfb14dd@group-7000B19605CB, cid=3771, SUCCESS, logIndex=5718, commits[a5e38e3e-c2ad-4348-acb9-3fc25cfb14dd:c5719, 11e48d46-e648-47f9-b6a0-9c7f26654c28:c5717, d1b6a90e-e817-40a7-bec1-608b5cc7d8b6:c5717]
2019-09-11 04:26:20,333 [grpc-default-executor-2] INFO  client.GrpcClientProtocolClient (GrpcClientProtocolClient.java:onNext(264)) - client-734BBEB428D7->a5e38e3e-c2ad-4348-acb9-3fc25cfb14dd: receive RaftClientReply:client-734BBEB428D7->a5e38e3e-c2ad-4348-acb9-3fc25cfb14dd@group-7000B19605CB, cid=3772, SUCCESS, logIndex=5719, commits[a5e38e3e-c2ad-4348-acb9-3fc25cfb14dd:c5721, 11e48d46-e648-47f9-b6a0-9c7f26654c28:c5717, d1b6a90e-e817-40a7-bec1-608b5cc7d8b6:c5717]
2019-09-11 04:26:20,333 [grpc-default-executor-2] INFO  client.GrpcClientProtocolClient (GrpcClientProtocolClient.java:onNext(264)) - client-734BBEB428D7->a5e38e3e-c2ad-4348-acb9-3fc25cfb14dd: receive RaftClientReply:client-734BBEB428D7->a5e38e3e-c2ad-4348-acb9-3fc25cfb14dd@group-7000B19605CB, cid=3773, SUCCESS, logIndex=5720, commits[a5e38e3e-c2ad-4348-acb9-3fc25cfb14dd:c5721, 11e48d46-e648-47f9-b6a0-9c7f26654c28:c5717, d1b6a90e-e817-40a7-bec1-608b5cc7d8b6:c5717]
2019-09-11 04:26:20,333 [grpc-default-executor-1] INFO  client.GrpcClientProtocolClient (GrpcClientProtocolClient.java:onNext(264)) - client-734BBEB428D7->a5e38e3e-c2ad-4348-acb9-3fc25cfb14dd: receive RaftClientReply:client-734BBEB428D7->a5e38e3e-c2ad-4348-acb9-3fc25cfb14dd@group-7000B19605CB, cid=3774, SUCCESS, logIndex=5721, commits[a5e38e3e-c2ad-4348-acb9-3fc25cfb14dd:c5721, 11e48d46-e648-47f9-b6a0-9c7f26654c28:c5717, d1b6a90e-e817-40a7-bec1-608b5cc7d8b6:c5717]
2019-09-11 04:26:20,335 [grpc-default-executor-2] INFO  client.GrpcClientProtocolClient (GrpcClientProtocolClient.java:onNext(264)) - client-734BBEB428D7->a5e38e3e-c2ad-4348-acb9-3fc25cfb14dd: receive RaftClientReply:client-734BBEB428D7->a5e38e3e-c2ad-4348-acb9-3fc25cfb14dd@group-7000B19605CB, cid=3775, SUCCESS, logIndex=0, commits[a5e38e3e-c2ad-4348-acb9-3fc25cfb14dd:c5723, 11e48d46-e648-47f9-b6a0-9c7f26654c28:c5719, d1b6a90e-e817-40a7-bec1-608b5cc7d8b6:c5719]
2019-09-11 04:26:20,353 [grpc-default-executor-3] INFO  client.GrpcClientProtocolClient (GrpcClientProtocolClient.java:onNext(264)) - client-734BBEB428D7->a5e38e3e-c2ad-4348-acb9-3fc25cfb14dd: receive RaftClientReply:client-734BBEB428D7->a5e38e3e-c2ad-4348-acb9-3fc25cfb14dd@group-7000B19605CB, cid=3776, SUCCESS, logIndex=5726, commits[a5e38e3e-c2ad-4348-acb9-3fc25cfb14dd:c5727, 11e48d46-e648-47f9-b6a0-9c7f26654c28:c5725, d1b6a90e-e817-40a7-bec1-608b5cc7d8b6:c5725]
2019-09-11 04:26:20,354 [grpc-default-executor-3] INFO  client.GrpcClientProtocolClient (GrpcClientProtocolClient.java:onNext(264)) - client-734BBEB428D7->a5e38e3e-c2ad-4348-acb9-3fc25cfb14dd: receive RaftClientReply:client-734BBEB428D7->a5e38e3e-c2ad-4348-acb9-3fc25cfb14dd@group-7000B19605CB, cid=3777, SUCCESS, logIndex=5727, commits[a5e38e3e-c2ad-4348-acb9-3fc25cfb14dd:c5727, 11e48d46-e648-47f9-b6a0-9c7f26654c28:c5725, d1b6a90e-e817-40a7-bec1-608b5cc7d8b6:c5725]
2019-09-11 04:26:20,365 [grpc-default-executor-1] INFO  client.GrpcClientProtocolClient (GrpcClientProtocolClient.java:onNext(264)) - client-734BBEB428D7->a5e38e3e-c2ad-4348-acb9-3fc25cfb14dd: receive RaftClientReply:client-734BBEB428D7->a5e38e3e-c2ad-4348-acb9-3fc25cfb14dd@group-7000B19605CB, cid=3778, SUCCESS, logIndex=5730, commits[a5e38e3e-c2ad-4348-acb9-3fc25cfb14dd:c5730, 11e48d46-e648-47f9-b6a0-9c7f26654c28:c5727, d1b6a90e-e817-40a7-bec1-608b5cc7d8b6:c5727]
2019-09-11 04:26:20,365 [grpc-default-executor-1] INFO  client.GrpcClientProtocolClient (GrpcClientProtocolClient.java:onNext(264)) - client-734BBEB428D7->a5e38e3e-c2ad-4348-acb9-3fc25cfb14dd: receive RaftClientReply:client-734BBEB428D7->a5e38e3e-c2ad-4348-acb9-3fc25cfb14dd@group-7000B19605CB, cid=3779, SUCCESS, logIndex=5731, commits[a5e38e3e-c2ad-4348-acb9-3fc25cfb14dd:c5731, 11e48d46-e648-47f9-b6a0-9c7f26654c28:c5727, d1b6a90e-e817-40a7-bec1-608b5cc7d8b6:c5727]
2019-09-11 04:26:20,377 [grpc-default-executor-1] INFO  client.GrpcClientProtocolClient (GrpcClientProtocolClient.java:onNext(264)) - client-734BBEB428D7->a5e38e3e-c2ad-4348-acb9-3fc25cfb14dd: receive RaftClientReply:client-734BBEB428D7->a5e38e3e-c2ad-4348-acb9-3fc25cfb14dd@group-7000B19605CB, cid=3780, SUCCESS, logIndex=0, commits[a5e38e3e-c2ad-4348-acb9-3fc25cfb14dd:c5733, 11e48d46-e648-47f9-b6a0-9c7f26654c28:c5731, d1b6a90e-e817-40a7-bec1-608b5cc7d8b6:c5731]
2019-09-11 04:26:20,402 [grpc-default-executor-2] INFO  client.GrpcClientProtocolClient (GrpcClientProtocolClient.java:onNext(264)) - client-734BBEB428D7->a5e38e3e-c2ad-4348-acb9-3fc25cfb14dd: receive RaftClientReply:client-734BBEB428D7->a5e38e3e-c2ad-4348-acb9-3fc25cfb14dd@group-7000B19605CB, cid=3781, SUCCESS, logIndex=5734, commits[a5e38e3e-c2ad-4348-acb9-3fc25cfb14dd:c5735, 11e48d46-e648-47f9-b6a0-9c7f26654c28:c5733, d1b6a90e-e817-40a7-bec1-608b5cc7d8b6:c5733]
2019-09-11 04:26:20,402 [grpc-default-executor-2] INFO  client.GrpcClientProtocolClient (GrpcClientProtocolClient.java:onNext(264)) - client-734BBEB428D7->a5e38e3e-c2ad-4348-acb9-3fc25cfb14dd: receive RaftClientReply:client-734BBEB428D7->a5e38e3e-c2ad-4348-acb9-3fc25cfb14dd@group-7000B19605CB, cid=3782, SUCCESS, logIndex=5735, commits[a5e38e3e-c2ad-4348-acb9-3fc25cfb14dd:c5735, 11e48d46-e648-47f9-b6a0-9c7f26654c28:c5733, d1b6a90e-e817-40a7-bec1-608b5cc7d8b6:c5733]
2019-09-11 04:26:20,403 [grpc-default-executor-3] INFO  client.GrpcClientProtocolClient (GrpcClientProtocolClient.java:onNext(264)) - client-734BBEB428D7->a5e38e3e-c2ad-4348-acb9-3fc25cfb14dd: receive RaftClientReply:client-734BBEB428D7->a5e38e3e-c2ad-4348-acb9-3fc25cfb14dd@group-7000B19605CB, cid=3783, SUCCESS, logIndex=5736, commits[a5e38e3e-c2ad-4348-acb9-3fc25cfb14dd:c5737, 11e48d46-e648-47f9-b6a0-9c7f26654c28:c5733, d1b6a90e-e817-40a7-bec1-608b5cc7d8b6:c5733]
2019-09-11 04:26:20,404 [grpc-default-executor-3] INFO  client.GrpcClientProtocolClient (GrpcClientProtocolClient.java:onNext(264)) - client-734BBEB428D7->a5e38e3e-c2ad-4348-acb9-3fc25cfb14dd: receive RaftClientReply:client-734BBEB428D7->a5e38e3e-c2ad-4348-acb9-3fc25cfb14dd@group-7000B19605CB, cid=3784, SUCCESS, logIndex=5737, commits[a5e38e3e-c2ad-4348-acb9-3fc25cfb14dd:c5737, 11e48d46-e648-47f9-b6a0-9c7f26654c28:c5733, d1b6a90e-e817-40a7-bec1-608b5cc7d8b6:c5733]
2019-09-11 04:26:20,405 [grpc-default-executor-3] INFO  client.GrpcClientProtocolClient (GrpcClientProtocolClient.java:onNext(264)) - client-734BBEB428D7->a5e38e3e-c2ad-4348-acb9-3fc25cfb14dd: receive RaftClientReply:client-734BBEB428D7->a5e38e3e-c2ad-4348-acb9-3fc25cfb14dd@group-7000B19605CB, cid=3785, SUCCESS, logIndex=0, commits[a5e38e3e-c2ad-4348-acb9-3fc25cfb14dd:c5739, 11e48d46-e648-47f9-b6a0-9c7f26654c28:c5735, d1b6a90e-e817-40a7-bec1-608b5cc7d8b6:c5735]
2019-09-11 04:26:20,423 [grpc-default-executor-2] INFO  client.GrpcClientProtocolClient (GrpcClientProtocolClient.java:onNext(264)) - client-734BBEB428D7->a5e38e3e-c2ad-4348-acb9-3fc25cfb14dd: receive RaftClientReply:client-734BBEB428D7->a5e38e3e-c2ad-4348-acb9-3fc25cfb14dd@group-7000B19605CB, cid=3786, SUCCESS, logIndex=5742, commits[a5e38e3e-c2ad-4348-acb9-3fc25cfb14dd:c5743, 11e48d46-e648-47f9-b6a0-9c7f26654c28:c5741, d1b6a90e-e817-40a7-bec1-608b5cc7d8b6:c5741]
2019-09-11 04:26:20,423 [grpc-default-executor-2] INFO  client.GrpcClientProtocolClient (GrpcClientProtocolClient.java:onNext(264)) - client-734BBEB428D7->a5e38e3e-c2ad-4348-acb9-3fc25cfb14dd: receive RaftClientReply:client-734BBEB428D7->a5e38e3e-c2ad-4348-acb9-3fc25cfb14dd@group-7000B19605CB, cid=3787, SUCCESS, logIndex=5743, commits[a5e38e3e-c2ad-4348-acb9-3fc25cfb14dd:c5743, 11e48d46-e648-47f9-b6a0-9c7f26654c28:c5741, d1b6a90e-e817-40a7-bec1-608b5cc7d8b6:c5741]
2019-09-11 04:26:20,441 [grpc-default-executor-3] INFO  client.GrpcClientProtocolClient (GrpcClientProtocolClient.java:onNext(264)) - client-734BBEB428D7->a5e38e3e-c2ad-4348-acb9-3fc25cfb14dd: receive RaftClientReply:client-734BBEB428D7->a5e38e3e-c2ad-4348-acb9-3fc25cfb14dd@group-7000B19605CB, cid=3788, SUCCESS, logIndex=5746, commits[a5e38e3e-c2ad-4348-acb9-3fc25cfb14dd:c5747, 11e48d46-e648-47f9-b6a0-9c7f26654c28:c5745, d1b6a90e-e817-40a7-bec1-608b5cc7d8b6:c5745]
2019-09-11 04:26:20,442 [grpc-default-executor-3] INFO  client.GrpcClientProtocolClient (GrpcClientProtocolClient.java:onNext(264)) - client-734BBEB428D7->a5e38e3e-c2ad-4348-acb9-3fc25cfb14dd: receive RaftClientReply:client-734BBEB428D7->a5e38e3e-c2ad-4348-acb9-3fc25cfb14dd@group-7000B19605CB, cid=3789, SUCCESS, logIndex=5747, commits[a5e38e3e-c2ad-4348-acb9-3fc25cfb14dd:c5747, 11e48d46-e648-47f9-b6a0-9c7f26654c28:c5745, d1b6a90e-e817-40a7-bec1-608b5cc7d8b6:c5745]
2019-09-11 04:26:20,445 [grpc-default-executor-3] INFO  client.GrpcClientProtocolClient (GrpcClientProtocolClient.java:onNext(264)) - client-734BBEB428D7->a5e38e3e-c2ad-4348-acb9-3fc25cfb14dd: receive RaftClientReply:client-734BBEB428D7->a5e38e3e-c2ad-4348-acb9-3fc25cfb14dd@group-7000B19605CB, cid=3790, SUCCESS, logIndex=0, commits[a5e38e3e-c2ad-4348-acb9-3fc25cfb14dd:c5749, 11e48d46-e648-47f9-b6a0-9c7f26654c28:c5747, d1b6a90e-e817-40a7-bec1-608b5cc7d8b6:c5747]
2019-09-11 04:26:20,474 [grpc-default-executor-2] INFO  client.GrpcClientProtocolClient (GrpcClientProtocolClient.java:onNext(264)) - client-734BBEB428D7->a5e38e3e-c2ad-4348-acb9-3fc25cfb14dd: receive RaftClientReply:client-734BBEB428D7->a5e38e3e-c2ad-4348-acb9-3fc25cfb14dd@group-7000B19605CB, cid=3791, SUCCESS, logIndex=5750, commits[a5e38e3e-c2ad-4348-acb9-3fc25cfb14dd:c5753, 11e48d46-e648-47f9-b6a0-9c7f26654c28:c5749, d1b6a90e-e817-40a7-bec1-608b5cc7d8b6:c5749]
2019-09-11 04:26:20,474 [grpc-default-executor-2] INFO  client.GrpcClientProtocolClient (GrpcClientProtocolClient.java:onNext(264)) - client-734BBEB428D7->a5e38e3e-c2ad-4348-acb9-3fc25cfb14dd: receive RaftClientReply:client-734BBEB428D7->a5e38e3e-c2ad-4348-acb9-3fc25cfb14dd@group-7000B19605CB, cid=3792, SUCCESS, logIndex=5751, commits[a5e38e3e-c2ad-4348-acb9-3fc25cfb14dd:c5753, 11e48d46-e648-47f9-b6a0-9c7f26654c28:c5749, d1b6a90e-e817-40a7-bec1-608b5cc7d8b6:c5749]
2019-09-11 04:26:20,475 [grpc-default-executor-1] INFO  client.GrpcClientProtocolClient (GrpcClientProtocolClient.java:onNext(264)) - client-734BBEB428D7->a5e38e3e-c2ad-4348-acb9-3fc25cfb14dd: receive RaftClientReply:client-734BBEB428D7->a5e38e3e-c2ad-4348-acb9-3fc25cfb14dd@group-7000B19605CB, cid=3793, SUCCESS, logIndex=5752, commits[a5e38e3e-c2ad-4348-acb9-3fc25cfb14dd:c5753, 11e48d46-e648-47f9-b6a0-9c7f26654c28:c5749, d1b6a90e-e817-40a7-bec1-608b5cc7d8b6:c5749]
2019-09-11 04:26:20,475 [grpc-default-executor-1] INFO  client.GrpcClientProtocolClient (GrpcClientProtocolClient.java:onNext(264)) - client-734BBEB428D7->a5e38e3e-c2ad-4348-acb9-3fc25cfb14dd: receive RaftClientReply:client-734BBEB428D7->a5e38e3e-c2ad-4348-acb9-3fc25cfb14dd@group-7000B19605CB, cid=3794, SUCCESS, logIndex=5753, commits[a5e38e3e-c2ad-4348-acb9-3fc25cfb14dd:c5753, 11e48d46-e648-47f9-b6a0-9c7f26654c28:c5749, d1b6a90e-e817-40a7-bec1-608b5cc7d8b6:c5749]
2019-09-11 04:26:20,476 [grpc-default-executor-1] INFO  client.GrpcClientProtocolClient (GrpcClientProtocolClient.java:onNext(264)) - client-734BBEB428D7->a5e38e3e-c2ad-4348-acb9-3fc25cfb14dd: receive RaftClientReply:client-734BBEB428D7->a5e38e3e-c2ad-4348-acb9-3fc25cfb14dd@group-7000B19605CB, cid=3795, SUCCESS, logIndex=0, commits[a5e38e3e-c2ad-4348-acb9-3fc25cfb14dd:c5757, 11e48d46-e648-47f9-b6a0-9c7f26654c28:c5753, d1b6a90e-e817-40a7-bec1-608b5cc7d8b6:c5751]
2019-09-11 04:26:20,495 [grpc-default-executor-1] INFO  client.GrpcClientProtocolClient (GrpcClientProtocolClient.java:onNext(264)) - client-734BBEB428D7->a5e38e3e-c2ad-4348-acb9-3fc25cfb14dd: receive RaftClientReply:client-734BBEB428D7->a5e38e3e-c2ad-4348-acb9-3fc25cfb14dd@group-7000B19605CB, cid=3796, SUCCESS, logIndex=5758, commits[a5e38e3e-c2ad-4348-acb9-3fc25cfb14dd:c5759, 11e48d46-e648-47f9-b6a0-9c7f26654c28:c5757, d1b6a90e-e817-40a7-bec1-608b5cc7d8b6:c5757]
2019-09-11 04:26:20,495 [grpc-default-executor-1] INFO  client.GrpcClientProtocolClient (GrpcClientProtocolClient.java:onNext(264)) - client-734BBEB428D7->a5e38e3e-c2ad-4348-acb9-3fc25cfb14dd: receive RaftClientReply:client-734BBEB428D7->a5e38e3e-c2ad-4348-acb9-3fc25cfb14dd@group-7000B19605CB, cid=3797, SUCCESS, logIndex=5759, commits[a5e38e3e-c2ad-4348-acb9-3fc25cfb14dd:c5759, 11e48d46-e648-47f9-b6a0-9c7f26654c28:c5757, d1b6a90e-e817-40a7-bec1-608b5cc7d8b6:c5757]
2019-09-11 04:26:20,508 [grpc-default-executor-2] INFO  client.GrpcClientProtocolClient (GrpcClientProtocolClient.java:onNext(264)) - client-734BBEB428D7->a5e38e3e-c2ad-4348-acb9-3fc25cfb14dd: receive RaftClientReply:client-734BBEB428D7->a5e38e3e-c2ad-4348-acb9-3fc25cfb14dd@group-7000B19605CB, cid=3798, SUCCESS, logIndex=5762, commits[a5e38e3e-c2ad-4348-acb9-3fc25cfb14dd:c5762, 11e48d46-e648-47f9-b6a0-9c7f26654c28:c5759, d1b6a90e-e817-40a7-bec1-608b5cc7d8b6:c5759]
2019-09-11 04:26:20,508 [grpc-default-executor-2] INFO  client.GrpcClientProtocolClient (GrpcClientProtocolClient.java:onNext(264)) - client-734BBEB428D7->a5e38e3e-c2ad-4348-acb9-3fc25cfb14dd: receive RaftClientReply:client-734BBEB428D7->a5e38e3e-c2ad-4348-acb9-3fc25cfb14dd@group-7000B19605CB, cid=3799, SUCCESS, logIndex=5763, commits[a5e38e3e-c2ad-4348-acb9-3fc25cfb14dd:c5763, 11e48d46-e648-47f9-b6a0-9c7f26654c28:c5759, d1b6a90e-e817-40a7-bec1-608b5cc7d8b6:c5759]
2019-09-11 04:26:20,521 [grpc-default-executor-2] INFO  client.GrpcClientProtocolClient (GrpcClientProtocolClient.java:onNext(264)) - client-734BBEB428D7->a5e38e3e-c2ad-4348-acb9-3fc25cfb14dd: receive RaftClientReply:client-734BBEB428D7->a5e38e3e-c2ad-4348-acb9-3fc25cfb14dd@group-7000B19605CB, cid=3800, SUCCESS, logIndex=0, commits[a5e38e3e-c2ad-4348-acb9-3fc25cfb14dd:c5765, 11e48d46-e648-47f9-b6a0-9c7f26654c28:c5763, d1b6a90e-e817-40a7-bec1-608b5cc7d8b6:c5763]
2019-09-11 04:26:20,669 [grpc-default-executor-3] INFO  client.GrpcClientProtocolClient (GrpcClientProtocolClient.java:onNext(264)) - client-734BBEB428D7->a5e38e3e-c2ad-4348-acb9-3fc25cfb14dd: receive RaftClientReply:client-734BBEB428D7->a5e38e3e-c2ad-4348-acb9-3fc25cfb14dd@group-7000B19605CB, cid=3801, SUCCESS, logIndex=5766, commits[a5e38e3e-c2ad-4348-acb9-3fc25cfb14dd:c5767, 11e48d46-e648-47f9-b6a0-9c7f26654c28:c5765, d1b6a90e-e817-40a7-bec1-608b5cc7d8b6:c5765]
2019-09-11 04:26:20,670 [grpc-default-executor-3] INFO  client.GrpcClientProtocolClient (GrpcClientProtocolClient.java:onNext(264)) - client-734BBEB428D7->a5e38e3e-c2ad-4348-acb9-3fc25cfb14dd: receive RaftClientReply:client-734BBEB428D7->a5e38e3e-c2ad-4348-acb9-3fc25cfb14dd@group-7000B19605CB, cid=3802, SUCCESS, logIndex=5767, commits[a5e38e3e-c2ad-4348-acb9-3fc25cfb14dd:c5767, 11e48d46-e648-47f9-b6a0-9c7f26654c28:c5765, d1b6a90e-e817-40a7-bec1-608b5cc7d8b6:c5765]
2019-09-11 04:26:20,679 [grpc-default-executor-3] INFO  client.GrpcClientProtocolClient (GrpcClientProtocolClient.java:onNext(264)) - client-734BBEB428D7->a5e38e3e-c2ad-4348-acb9-3fc25cfb14dd: receive RaftClientReply:client-734BBEB428D7->a5e38e3e-c2ad-4348-acb9-3fc25cfb14dd@group-7000B19605CB, cid=3803, SUCCESS, logIndex=5768, commits[a5e38e3e-c2ad-4348-acb9-3fc25cfb14dd:c5769, 11e48d46-e648-47f9-b6a0-9c7f26654c28:c5765, d1b6a90e-e817-40a7-bec1-608b5cc7d8b6:c5765]
2019-09-11 04:26:20,679 [grpc-default-executor-3] INFO  client.GrpcClientProtocolClient (GrpcClientProtocolClient.java:onNext(264)) - client-734BBEB428D7->a5e38e3e-c2ad-4348-acb9-3fc25cfb14dd: receive RaftClientReply:client-734BBEB428D7->a5e38e3e-c2ad-4348-acb9-3fc25cfb14dd@group-7000B19605CB, cid=3804, SUCCESS, logIndex=5769, commits[a5e38e3e-c2ad-4348-acb9-3fc25cfb14dd:c5769, 11e48d46-e648-47f9-b6a0-9c7f26654c28:c5765, d1b6a90e-e817-40a7-bec1-608b5cc7d8b6:c5765]
2019-09-11 04:26:20,680 [grpc-default-executor-2] INFO  client.GrpcClientProtocolClient (GrpcClientProtocolClient.java:onNext(264)) - client-734BBEB428D7->a5e38e3e-c2ad-4348-acb9-3fc25cfb14dd: receive RaftClientReply:client-734BBEB428D7->a5e38e3e-c2ad-4348-acb9-3fc25cfb14dd@group-7000B19605CB, cid=3805, SUCCESS, logIndex=0, commits[a5e38e3e-c2ad-4348-acb9-3fc25cfb14dd:c5769, 11e48d46-e648-47f9-b6a0-9c7f26654c28:c5767, d1b6a90e-e817-40a7-bec1-608b5cc7d8b6:c5767]
2019-09-11 04:26:20,700 [grpc-default-executor-3] INFO  client.GrpcClientProtocolClient (GrpcClientProtocolClient.java:onNext(264)) - client-734BBEB428D7->a5e38e3e-c2ad-4348-acb9-3fc25cfb14dd: receive RaftClientReply:client-734BBEB428D7->a5e38e3e-c2ad-4348-acb9-3fc25cfb14dd@group-7000B19605CB, cid=3806, SUCCESS, logIndex=5774, commits[a5e38e3e-c2ad-4348-acb9-3fc25cfb14dd:c5775, 11e48d46-e648-47f9-b6a0-9c7f26654c28:c5773, d1b6a90e-e817-40a7-bec1-608b5cc7d8b6:c5773]
2019-09-11 04:26:20,700 [grpc-default-executor-3] INFO  client.GrpcClientProtocolClient (GrpcClientProtocolClient.java:onNext(264)) - client-734BBEB428D7->a5e38e3e-c2ad-4348-acb9-3fc25cfb14dd: receive RaftClientReply:client-734BBEB428D7->a5e38e3e-c2ad-4348-acb9-3fc25cfb14dd@group-7000B19605CB, cid=3807, SUCCESS, logIndex=5775, commits[a5e38e3e-c2ad-4348-acb9-3fc25cfb14dd:c5775, 11e48d46-e648-47f9-b6a0-9c7f26654c28:c5773, d1b6a90e-e817-40a7-bec1-608b5cc7d8b6:c5773]
2019-09-11 04:26:20,714 [grpc-default-executor-3] INFO  client.GrpcClientProtocolClient (GrpcClientProtocolClient.java:onNext(264)) - client-734BBEB428D7->a5e38e3e-c2ad-4348-acb9-3fc25cfb14dd: receive RaftClientReply:client-734BBEB428D7->a5e38e3e-c2ad-4348-acb9-3fc25cfb14dd@group-7000B19605CB, cid=3808, SUCCESS, logIndex=5778, commits[a5e38e3e-c2ad-4348-acb9-3fc25cfb14dd:c5778, 11e48d46-e648-47f9-b6a0-9c7f26654c28:c5775, d1b6a90e-e817-40a7-bec1-608b5cc7d8b6:c5775]
2019-09-11 04:26:20,714 [grpc-default-executor-3] INFO  client.GrpcClientProtocolClient (GrpcClientProtocolClient.java:onNext(264)) - client-734BBEB428D7->a5e38e3e-c2ad-4348-acb9-3fc25cfb14dd: receive RaftClientReply:client-734BBEB428D7->a5e38e3e-c2ad-4348-acb9-3fc25cfb14dd@group-7000B19605CB, cid=3809, SUCCESS, logIndex=5779, commits[a5e38e3e-c2ad-4348-acb9-3fc25cfb14dd:c5779, 11e48d46-e648-47f9-b6a0-9c7f26654c28:c5775, d1b6a90e-e817-40a7-bec1-608b5cc7d8b6:c5775]
2019-09-11 04:26:20,727 [grpc-default-executor-3] INFO  client.GrpcClientProtocolClient (GrpcClientProtocolClient.java:onNext(264)) - client-734BBEB428D7->a5e38e3e-c2ad-4348-acb9-3fc25cfb14dd: receive RaftClientReply:client-734BBEB428D7->a5e38e3e-c2ad-4348-acb9-3fc25cfb14dd@group-7000B19605CB, cid=3810, SUCCESS, logIndex=0, commits[a5e38e3e-c2ad-4348-acb9-3fc25cfb14dd:c5781, 11e48d46-e648-47f9-b6a0-9c7f26654c28:c5779, d1b6a90e-e817-40a7-bec1-608b5cc7d8b6:c5779]
2019-09-11 04:26:20,758 [grpc-default-executor-2] INFO  client.GrpcClientProtocolClient (GrpcClientProtocolClient.java:onNext(264)) - client-734BBEB428D7->a5e38e3e-c2ad-4348-acb9-3fc25cfb14dd: receive RaftClientReply:client-734BBEB428D7->a5e38e3e-c2ad-4348-acb9-3fc25cfb14dd@group-7000B19605CB, cid=3811, SUCCESS, logIndex=5782, commits[a5e38e3e-c2ad-4348-acb9-3fc25cfb14dd:c5784, 11e48d46-e648-47f9-b6a0-9c7f26654c28:c5781, d1b6a90e-e817-40a7-bec1-608b5cc7d8b6:c5781]
2019-09-11 04:26:20,758 [grpc-default-executor-2] INFO  client.GrpcClientProtocolClient (GrpcClientProtocolClient.java:onNext(264)) - client-734BBEB428D7->a5e38e3e-c2ad-4348-acb9-3fc25cfb14dd: receive RaftClientReply:client-734BBEB428D7->a5e38e3e-c2ad-4348-acb9-3fc25cfb14dd@group-7000B19605CB, cid=3812, SUCCESS, logIndex=5783, commits[a5e38e3e-c2ad-4348-acb9-3fc25cfb14dd:c5785, 11e48d46-e648-47f9-b6a0-9c7f26654c28:c5781, d1b6a90e-e817-40a7-bec1-608b5cc7d8b6:c5781]
2019-09-11 04:26:20,758 [grpc-default-executor-2] INFO  client.GrpcClientProtocolClient (GrpcClientProtocolClient.java:onNext(264)) - client-734BBEB428D7->a5e38e3e-c2ad-4348-acb9-3fc25cfb14dd: receive RaftClientReply:client-734BBEB428D7->a5e38e3e-c2ad-4348-acb9-3fc25cfb14dd@group-7000B19605CB, cid=3813, SUCCESS, logIndex=5784, commits[a5e38e3e-c2ad-4348-acb9-3fc25cfb14dd:c5785, 11e48d46-e648-47f9-b6a0-9c7f26654c28:c5781, d1b6a90e-e817-40a7-bec1-608b5cc7d8b6:c5781]
2019-09-11 04:26:20,759 [grpc-default-executor-1] INFO  client.GrpcClientProtocolClient (GrpcClientProtocolClient.java:onNext(264)) - client-734BBEB428D7->a5e38e3e-c2ad-4348-acb9-3fc25cfb14dd: receive RaftClientReply:client-734BBEB428D7->a5e38e3e-c2ad-4348-acb9-3fc25cfb14dd@group-7000B19605CB, cid=3814, SUCCESS, logIndex=5785, commits[a5e38e3e-c2ad-4348-acb9-3fc25cfb14dd:c5785, 11e48d46-e648-47f9-b6a0-9c7f26654c28:c5781, d1b6a90e-e817-40a7-bec1-608b5cc7d8b6:c5781]
2019-09-11 04:26:20,761 [grpc-default-executor-4] INFO  client.GrpcClientProtocolClient (GrpcClientProtocolClient.java:onNext(264)) - client-734BBEB428D7->a5e38e3e-c2ad-4348-acb9-3fc25cfb14dd: receive RaftClientReply:client-734BBEB428D7->a5e38e3e-c2ad-4348-acb9-3fc25cfb14dd@group-7000B19605CB, cid=3815, SUCCESS, logIndex=0, commits[a5e38e3e-c2ad-4348-acb9-3fc25cfb14dd:c5787, 11e48d46-e648-47f9-b6a0-9c7f26654c28:c5783, d1b6a90e-e817-40a7-bec1-608b5cc7d8b6:c5783]
2019-09-11 04:26:20,780 [grpc-default-executor-1] INFO  client.GrpcClientProtocolClient (GrpcClientProtocolClient.java:onNext(264)) - client-734BBEB428D7->a5e38e3e-c2ad-4348-acb9-3fc25cfb14dd: receive RaftClientReply:client-734BBEB428D7->a5e38e3e-c2ad-4348-acb9-3fc25cfb14dd@group-7000B19605CB, cid=3816, SUCCESS, logIndex=5790, commits[a5e38e3e-c2ad-4348-acb9-3fc25cfb14dd:c5791, 11e48d46-e648-47f9-b6a0-9c7f26654c28:c5789, d1b6a90e-e817-40a7-bec1-608b5cc7d8b6:c5789]
2019-09-11 04:26:20,780 [grpc-default-executor-1] INFO  client.GrpcClientProtocolClient (GrpcClientProtocolClient.java:onNext(264)) - client-734BBEB428D7->a5e38e3e-c2ad-4348-acb9-3fc25cfb14dd: receive RaftClientReply:client-734BBEB428D7->a5e38e3e-c2ad-4348-acb9-3fc25cfb14dd@group-7000B19605CB, cid=3817, SUCCESS, logIndex=5791, commits[a5e38e3e-c2ad-4348-acb9-3fc25cfb14dd:c5791, 11e48d46-e648-47f9-b6a0-9c7f26654c28:c5789, d1b6a90e-e817-40a7-bec1-608b5cc7d8b6:c5789]
2019-09-11 04:26:20,793 [grpc-default-executor-4] INFO  client.GrpcClientProtocolClient (GrpcClientProtocolClient.java:onNext(264)) - client-734BBEB428D7->a5e38e3e-c2ad-4348-acb9-3fc25cfb14dd: receive RaftClientReply:client-734BBEB428D7->a5e38e3e-c2ad-4348-acb9-3fc25cfb14dd@group-7000B19605CB, cid=3818, SUCCESS, logIndex=5794, commits[a5e38e3e-c2ad-4348-acb9-3fc25cfb14dd:c5795, 11e48d46-e648-47f9-b6a0-9c7f26654c28:c5791, d1b6a90e-e817-40a7-bec1-608b5cc7d8b6:c5791]
2019-09-11 04:26:20,793 [grpc-default-executor-4] INFO  client.GrpcClientProtocolClient (GrpcClientProtocolClient.java:onNext(264)) - client-734BBEB428D7->a5e38e3e-c2ad-4348-acb9-3fc25cfb14dd: receive RaftClientReply:client-734BBEB428D7->a5e38e3e-c2ad-4348-acb9-3fc25cfb14dd@group-7000B19605CB, cid=3819, SUCCESS, logIndex=5795, commits[a5e38e3e-c2ad-4348-acb9-3fc25cfb14dd:c5795, 11e48d46-e648-47f9-b6a0-9c7f26654c28:c5791, d1b6a90e-e817-40a7-bec1-608b5cc7d8b6:c5791]
2019-09-11 04:26:20,804 [grpc-default-executor-1] INFO  client.GrpcClientProtocolClient (GrpcClientProtocolClient.java:onNext(264)) - client-734BBEB428D7->a5e38e3e-c2ad-4348-acb9-3fc25cfb14dd: receive RaftClientReply:client-734BBEB428D7->a5e38e3e-c2ad-4348-acb9-3fc25cfb14dd@group-7000B19605CB, cid=3820, SUCCESS, logIndex=0, commits[a5e38e3e-c2ad-4348-acb9-3fc25cfb14dd:c5796, 11e48d46-e648-47f9-b6a0-9c7f26654c28:c5795, d1b6a90e-e817-40a7-bec1-608b5cc7d8b6:c5795]
2019-09-11 04:26:20,846 [grpc-default-executor-2] INFO  client.GrpcClientProtocolClient (GrpcClientProtocolClient.java:onNext(264)) - client-734BBEB428D7->a5e38e3e-c2ad-4348-acb9-3fc25cfb14dd: receive RaftClientReply:client-734BBEB428D7->a5e38e3e-c2ad-4348-acb9-3fc25cfb14dd@group-7000B19605CB, cid=3821, SUCCESS, logIndex=5798, commits[a5e38e3e-c2ad-4348-acb9-3fc25cfb14dd:c5799, 11e48d46-e648-47f9-b6a0-9c7f26654c28:c5797, d1b6a90e-e817-40a7-bec1-608b5cc7d8b6:c5797]
2019-09-11 04:26:20,847 [grpc-default-executor-2] INFO  client.GrpcClientProtocolClient (GrpcClientProtocolClient.java:onNext(264)) - client-734BBEB428D7->a5e38e3e-c2ad-4348-acb9-3fc25cfb14dd: receive RaftClientReply:client-734BBEB428D7->a5e38e3e-c2ad-4348-acb9-3fc25cfb14dd@group-7000B19605CB, cid=3822, SUCCESS, logIndex=5799, commits[a5e38e3e-c2ad-4348-acb9-3fc25cfb14dd:c5799, 11e48d46-e648-47f9-b6a0-9c7f26654c28:c5797, d1b6a90e-e817-40a7-bec1-608b5cc7d8b6:c5797]
2019-09-11 04:26:20,855 [grpc-default-executor-2] INFO  client.GrpcClientProtocolClient (GrpcClientProtocolClient.java:onNext(264)) - client-734BBEB428D7->a5e38e3e-c2ad-4348-acb9-3fc25cfb14dd: receive RaftClientReply:client-734BBEB428D7->a5e38e3e-c2ad-4348-acb9-3fc25cfb14dd@group-7000B19605CB, cid=3823, SUCCESS, logIndex=5800, commits[a5e38e3e-c2ad-4348-acb9-3fc25cfb14dd:c5801, 11e48d46-e648-47f9-b6a0-9c7f26654c28:c5797, d1b6a90e-e817-40a7-bec1-608b5cc7d8b6:c5797]
2019-09-11 04:26:20,856 [grpc-default-executor-2] INFO  client.GrpcClientProtocolClient (GrpcClientProtocolClient.java:onNext(264)) - client-734BBEB428D7->a5e38e3e-c2ad-4348-acb9-3fc25cfb14dd: receive RaftClientReply:client-734BBEB428D7->a5e38e3e-c2ad-4348-acb9-3fc25cfb14dd@group-7000B19605CB, cid=3824, SUCCESS, logIndex=5801, commits[a5e38e3e-c2ad-4348-acb9-3fc25cfb14dd:c5801, 11e48d46-e648-47f9-b6a0-9c7f26654c28:c5797, d1b6a90e-e817-40a7-bec1-608b5cc7d8b6:c5797]
2019-09-11 04:26:20,873 [grpc-default-executor-2] INFO  client.GrpcClientProtocolClient (GrpcClientProtocolClient.java:onNext(264)) - client-734BBEB428D7->a5e38e3e-c2ad-4348-acb9-3fc25cfb14dd: receive RaftClientReply:client-734BBEB428D7->a5e38e3e-c2ad-4348-acb9-3fc25cfb14dd@group-7000B19605CB, cid=3825, SUCCESS, logIndex=0, commits[a5e38e3e-c2ad-4348-acb9-3fc25cfb14dd:c5805, 11e48d46-e648-47f9-b6a0-9c7f26654c28:c5799, d1b6a90e-e817-40a7-bec1-608b5cc7d8b6:c5801]
2019-09-11 04:26:20,893 [grpc-default-executor-4] INFO  client.GrpcClientProtocolClient (GrpcClientProtocolClient.java:onNext(264)) - client-734BBEB428D7->a5e38e3e-c2ad-4348-acb9-3fc25cfb14dd: receive RaftClientReply:client-734BBEB428D7->a5e38e3e-c2ad-4348-acb9-3fc25cfb14dd@group-7000B19605CB, cid=3826, SUCCESS, logIndex=5806, commits[a5e38e3e-c2ad-4348-acb9-3fc25cfb14dd:c5807, 11e48d46-e648-47f9-b6a0-9c7f26654c28:c5805, d1b6a90e-e817-40a7-bec1-608b5cc7d8b6:c5805]
2019-09-11 04:26:20,894 [grpc-default-executor-4] INFO  client.GrpcClientProtocolClient (GrpcClientProtocolClient.java:onNext(264)) - client-734BBEB428D7->a5e38e3e-c2ad-4348-acb9-3fc25cfb14dd: receive RaftClientReply:client-734BBEB428D7->a5e38e3e-c2ad-4348-acb9-3fc25cfb14dd@group-7000B19605CB, cid=3827, SUCCESS, logIndex=5807, commits[a5e38e3e-c2ad-4348-acb9-3fc25cfb14dd:c5807, 11e48d46-e648-47f9-b6a0-9c7f26654c28:c5805, d1b6a90e-e817-40a7-bec1-608b5cc7d8b6:c5805]
2019-09-11 04:26:20,928 [grpc-default-executor-2] INFO  client.GrpcClientProtocolClient (GrpcClientProtocolClient.java:onNext(264)) - client-734BBEB428D7->a5e38e3e-c2ad-4348-acb9-3fc25cfb14dd: receive RaftClientReply:client-734BBEB428D7->a5e38e3e-c2ad-4348-acb9-3fc25cfb14dd@group-7000B19605CB, cid=3828, SUCCESS, logIndex=5810, commits[a5e38e3e-c2ad-4348-acb9-3fc25cfb14dd:c5811, 11e48d46-e648-47f9-b6a0-9c7f26654c28:c5809, d1b6a90e-e817-40a7-bec1-608b5cc7d8b6:c5807]
2019-09-11 04:26:20,928 [grpc-default-executor-2] INFO  client.GrpcClientProtocolClient (GrpcClientProtocolClient.java:onNext(264)) - client-734BBEB428D7->a5e38e3e-c2ad-4348-acb9-3fc25cfb14dd: receive RaftClientReply:client-734BBEB428D7->a5e38e3e-c2ad-4348-acb9-3fc25cfb14dd@group-7000B19605CB, cid=3829, SUCCESS, logIndex=5811, commits[a5e38e3e-c2ad-4348-acb9-3fc25cfb14dd:c5811, 11e48d46-e648-47f9-b6a0-9c7f26654c28:c5809, d1b6a90e-e817-40a7-bec1-608b5cc7d8b6:c5809]
2019-09-11 04:26:20,939 [grpc-default-executor-2] INFO  client.GrpcClientProtocolClient (GrpcClientProtocolClient.java:onNext(264)) - client-734BBEB428D7->a5e38e3e-c2ad-4348-acb9-3fc25cfb14dd: receive RaftClientReply:client-734BBEB428D7->a5e38e3e-c2ad-4348-acb9-3fc25cfb14dd@group-7000B19605CB, cid=3830, SUCCESS, logIndex=0, commits[a5e38e3e-c2ad-4348-acb9-3fc25cfb14dd:c5812, 11e48d46-e648-47f9-b6a0-9c7f26654c28:c5811, d1b6a90e-e817-40a7-bec1-608b5cc7d8b6:c5811]
2019-09-11 04:26:20,972 [grpc-default-executor-4] INFO  client.GrpcClientProtocolClient (GrpcClientProtocolClient.java:onNext(264)) - client-734BBEB428D7->a5e38e3e-c2ad-4348-acb9-3fc25cfb14dd: receive RaftClientReply:client-734BBEB428D7->a5e38e3e-c2ad-4348-acb9-3fc25cfb14dd@group-7000B19605CB, cid=3831, SUCCESS, logIndex=5813, commits[a5e38e3e-c2ad-4348-acb9-3fc25cfb14dd:c5814, 11e48d46-e648-47f9-b6a0-9c7f26654c28:c5812, d1b6a90e-e817-40a7-bec1-608b5cc7d8b6:c5812]
2019-09-11 04:26:20,973 [grpc-default-executor-4] INFO  client.GrpcClientProtocolClient (GrpcClientProtocolClient.java:onNext(264)) - client-734BBEB428D7->a5e38e3e-c2ad-4348-acb9-3fc25cfb14dd: receive RaftClientReply:client-734BBEB428D7->a5e38e3e-c2ad-4348-acb9-3fc25cfb14dd@group-7000B19605CB, cid=3832, SUCCESS, logIndex=5814, commits[a5e38e3e-c2ad-4348-acb9-3fc25cfb14dd:c5816, 11e48d46-e648-47f9-b6a0-9c7f26654c28:c5812, d1b6a90e-e817-40a7-bec1-608b5cc7d8b6:c5812]
2019-09-11 04:26:20,973 [grpc-default-executor-4] INFO  client.GrpcClientProtocolClient (GrpcClientProtocolClient.java:onNext(264)) - client-734BBEB428D7->a5e38e3e-c2ad-4348-acb9-3fc25cfb14dd: receive RaftClientReply:client-734BBEB428D7->a5e38e3e-c2ad-4348-acb9-3fc25cfb14dd@group-7000B19605CB, cid=3833, SUCCESS, logIndex=5815, commits[a5e38e3e-c2ad-4348-acb9-3fc25cfb14dd:c5816, 11e48d46-e648-47f9-b6a0-9c7f26654c28:c5812, d1b6a90e-e817-40a7-bec1-608b5cc7d8b6:c5812]
2019-09-11 04:26:20,974 [grpc-default-executor-4] INFO  client.GrpcClientProtocolClient (GrpcClientProtocolClient.java:onNext(264)) - client-734BBEB428D7->a5e38e3e-c2ad-4348-acb9-3fc25cfb14dd: receive RaftClientReply:client-734BBEB428D7->a5e38e3e-c2ad-4348-acb9-3fc25cfb14dd@group-7000B19605CB, cid=3834, SUCCESS, logIndex=5816, commits[a5e38e3e-c2ad-4348-acb9-3fc25cfb14dd:c5816, 11e48d46-e648-47f9-b6a0-9c7f26654c28:c5812, d1b6a90e-e817-40a7-bec1-608b5cc7d8b6:c5812]
2019-09-11 04:26:20,985 [grpc-default-executor-2] INFO  client.GrpcClientProtocolClient (GrpcClientProtocolClient.java:onNext(264)) - client-734BBEB428D7->a5e38e3e-c2ad-4348-acb9-3fc25cfb14dd: receive RaftClientReply:client-734BBEB428D7->a5e38e3e-c2ad-4348-acb9-3fc25cfb14dd@group-7000B19605CB, cid=3835, SUCCESS, logIndex=0, commits[a5e38e3e-c2ad-4348-acb9-3fc25cfb14dd:c5818, 11e48d46-e648-47f9-b6a0-9c7f26654c28:c5814, d1b6a90e-e817-40a7-bec1-608b5cc7d8b6:c5814]
2019-09-11 04:26:21,005 [grpc-default-executor-2] INFO  client.GrpcClientProtocolClient (GrpcClientProtocolClient.java:onNext(264)) - client-734BBEB428D7->a5e38e3e-c2ad-4348-acb9-3fc25cfb14dd: receive RaftClientReply:client-734BBEB428D7->a5e38e3e-c2ad-4348-acb9-3fc25cfb14dd@group-7000B19605CB, cid=3836, SUCCESS, logIndex=5821, commits[a5e38e3e-c2ad-4348-acb9-3fc25cfb14dd:c5822, 11e48d46-e648-47f9-b6a0-9c7f26654c28:c5820, d1b6a90e-e817-40a7-bec1-608b5cc7d8b6:c5820]
2019-09-11 04:26:21,006 [grpc-default-executor-2] INFO  client.GrpcClientProtocolClient (GrpcClientProtocolClient.java:onNext(264)) - client-734BBEB428D7->a5e38e3e-c2ad-4348-acb9-3fc25cfb14dd: receive RaftClientReply:client-734BBEB428D7->a5e38e3e-c2ad-4348-acb9-3fc25cfb14dd@group-7000B19605CB, cid=3837, SUCCESS, logIndex=5822, commits[a5e38e3e-c2ad-4348-acb9-3fc25cfb14dd:c5822, 11e48d46-e648-47f9-b6a0-9c7f26654c28:c5820, d1b6a90e-e817-40a7-bec1-608b5cc7d8b6:c5820]
2019-09-11 04:26:21,019 [grpc-default-executor-2] INFO  client.GrpcClientProtocolClient (GrpcClientProtocolClient.java:onNext(264)) - client-734BBEB428D7->a5e38e3e-c2ad-4348-acb9-3fc25cfb14dd: receive RaftClientReply:client-734BBEB428D7->a5e38e3e-c2ad-4348-acb9-3fc25cfb14dd@group-7000B19605CB, cid=3838, SUCCESS, logIndex=5825, commits[a5e38e3e-c2ad-4348-acb9-3fc25cfb14dd:c5826, 11e48d46-e648-47f9-b6a0-9c7f26654c28:c5822, d1b6a90e-e817-40a7-bec1-608b5cc7d8b6:c5822]
2019-09-11 04:26:21,019 [grpc-default-executor-2] INFO  client.GrpcClientProtocolClient (GrpcClientProtocolClient.java:onNext(264)) - client-734BBEB428D7->a5e38e3e-c2ad-4348-acb9-3fc25cfb14dd: receive RaftClientReply:client-734BBEB428D7->a5e38e3e-c2ad-4348-acb9-3fc25cfb14dd@group-7000B19605CB, cid=3839, SUCCESS, logIndex=5826, commits[a5e38e3e-c2ad-4348-acb9-3fc25cfb14dd:c5826, 11e48d46-e648-47f9-b6a0-9c7f26654c28:c5822, d1b6a90e-e817-40a7-bec1-608b5cc7d8b6:c5822]
2019-09-11 04:26:21,035 [grpc-default-executor-4] INFO  client.GrpcClientProtocolClient (GrpcClientProtocolClient.java:onNext(264)) - client-734BBEB428D7->a5e38e3e-c2ad-4348-acb9-3fc25cfb14dd: receive RaftClientReply:client-734BBEB428D7->a5e38e3e-c2ad-4348-acb9-3fc25cfb14dd@group-7000B19605CB, cid=3840, SUCCESS, logIndex=0, commits[a5e38e3e-c2ad-4348-acb9-3fc25cfb14dd:c5828, 11e48d46-e648-47f9-b6a0-9c7f26654c28:c5826, d1b6a90e-e817-40a7-bec1-608b5cc7d8b6:c5826]
2019-09-11 04:26:21,066 [grpc-default-executor-3] INFO  client.GrpcClientProtocolClient (GrpcClientProtocolClient.java:onNext(264)) - client-734BBEB428D7->a5e38e3e-c2ad-4348-acb9-3fc25cfb14dd: receive RaftClientReply:client-734BBEB428D7->a5e38e3e-c2ad-4348-acb9-3fc25cfb14dd@group-7000B19605CB, cid=3841, SUCCESS, logIndex=5829, commits[a5e38e3e-c2ad-4348-acb9-3fc25cfb14dd:c5831, 11e48d46-e648-47f9-b6a0-9c7f26654c28:c5826, d1b6a90e-e817-40a7-bec1-608b5cc7d8b6:c5828]
2019-09-11 04:26:21,066 [grpc-default-executor-3] INFO  client.GrpcClientProtocolClient (GrpcClientProtocolClient.java:onNext(264)) - client-734BBEB428D7->a5e38e3e-c2ad-4348-acb9-3fc25cfb14dd: receive RaftClientReply:client-734BBEB428D7->a5e38e3e-c2ad-4348-acb9-3fc25cfb14dd@group-7000B19605CB, cid=3842, SUCCESS, logIndex=5830, commits[a5e38e3e-c2ad-4348-acb9-3fc25cfb14dd:c5832, 11e48d46-e648-47f9-b6a0-9c7f26654c28:c5828, d1b6a90e-e817-40a7-bec1-608b5cc7d8b6:c5828]
2019-09-11 04:26:21,066 [grpc-default-executor-3] INFO  client.GrpcClientProtocolClient (GrpcClientProtocolClient.java:onNext(264)) - client-734BBEB428D7->a5e38e3e-c2ad-4348-acb9-3fc25cfb14dd: receive RaftClientReply:client-734BBEB428D7->a5e38e3e-c2ad-4348-acb9-3fc25cfb14dd@group-7000B19605CB, cid=3843, SUCCESS, logIndex=5831, commits[a5e38e3e-c2ad-4348-acb9-3fc25cfb14dd:c5832, 11e48d46-e648-47f9-b6a0-9c7f26654c28:c5828, d1b6a90e-e817-40a7-bec1-608b5cc7d8b6:c5828]
2019-09-11 04:26:21,067 [grpc-default-executor-3] INFO  client.GrpcClientProtocolClient (GrpcClientProtocolClient.java:onNext(264)) - client-734BBEB428D7->a5e38e3e-c2ad-4348-acb9-3fc25cfb14dd: receive RaftClientReply:client-734BBEB428D7->a5e38e3e-c2ad-4348-acb9-3fc25cfb14dd@group-7000B19605CB, cid=3844, SUCCESS, logIndex=5832, commits[a5e38e3e-c2ad-4348-acb9-3fc25cfb14dd:c5832, 11e48d46-e648-47f9-b6a0-9c7f26654c28:c5828, d1b6a90e-e817-40a7-bec1-608b5cc7d8b6:c5828]
2019-09-11 04:26:21,069 [grpc-default-executor-1] INFO  client.GrpcClientProtocolClient (GrpcClientProtocolClient.java:onNext(264)) - client-734BBEB428D7->a5e38e3e-c2ad-4348-acb9-3fc25cfb14dd: receive RaftClientReply:client-734BBEB428D7->a5e38e3e-c2ad-4348-acb9-3fc25cfb14dd@group-7000B19605CB, cid=3845, SUCCESS, logIndex=0, commits[a5e38e3e-c2ad-4348-acb9-3fc25cfb14dd:c5834, 11e48d46-e648-47f9-b6a0-9c7f26654c28:c5830, d1b6a90e-e817-40a7-bec1-608b5cc7d8b6:c5830]
2019-09-11 04:26:21,088 [grpc-default-executor-1] INFO  client.GrpcClientProtocolClient (GrpcClientProtocolClient.java:onNext(264)) - client-734BBEB428D7->a5e38e3e-c2ad-4348-acb9-3fc25cfb14dd: receive RaftClientReply:client-734BBEB428D7->a5e38e3e-c2ad-4348-acb9-3fc25cfb14dd@group-7000B19605CB, cid=3846, SUCCESS, logIndex=5837, commits[a5e38e3e-c2ad-4348-acb9-3fc25cfb14dd:c5838, 11e48d46-e648-47f9-b6a0-9c7f26654c28:c5836, d1b6a90e-e817-40a7-bec1-608b5cc7d8b6:c5836]
2019-09-11 04:26:21,089 [grpc-default-executor-1] INFO  client.GrpcClientProtocolClient (GrpcClientProtocolClient.java:onNext(264)) - client-734BBEB428D7->a5e38e3e-c2ad-4348-acb9-3fc25cfb14dd: receive RaftClientReply:client-734BBEB428D7->a5e38e3e-c2ad-4348-acb9-3fc25cfb14dd@group-7000B19605CB, cid=3847, SUCCESS, logIndex=5838, commits[a5e38e3e-c2ad-4348-acb9-3fc25cfb14dd:c5838, 11e48d46-e648-47f9-b6a0-9c7f26654c28:c5836, d1b6a90e-e817-40a7-bec1-608b5cc7d8b6:c5836]
2019-09-11 04:26:21,102 [grpc-default-executor-1] INFO  client.GrpcClientProtocolClient (GrpcClientProtocolClient.java:onNext(264)) - client-734BBEB428D7->a5e38e3e-c2ad-4348-acb9-3fc25cfb14dd: receive RaftClientReply:client-734BBEB428D7->a5e38e3e-c2ad-4348-acb9-3fc25cfb14dd@group-7000B19605CB, cid=3848, SUCCESS, logIndex=5841, commits[a5e38e3e-c2ad-4348-acb9-3fc25cfb14dd:c5841, 11e48d46-e648-47f9-b6a0-9c7f26654c28:c5838, d1b6a90e-e817-40a7-bec1-608b5cc7d8b6:c5838]
2019-09-11 04:26:21,102 [grpc-default-executor-1] INFO  client.GrpcClientProtocolClient (GrpcClientProtocolClient.java:onNext(264)) - client-734BBEB428D7->a5e38e3e-c2ad-4348-acb9-3fc25cfb14dd: receive RaftClientReply:client-734BBEB428D7->a5e38e3e-c2ad-4348-acb9-3fc25cfb14dd@group-7000B19605CB, cid=3849, SUCCESS, logIndex=5842, commits[a5e38e3e-c2ad-4348-acb9-3fc25cfb14dd:c5842, 11e48d46-e648-47f9-b6a0-9c7f26654c28:c5838, d1b6a90e-e817-40a7-bec1-608b5cc7d8b6:c5838]
2019-09-11 04:26:21,115 [grpc-default-executor-2] INFO  client.GrpcClientProtocolClient (GrpcClientProtocolClient.java:onNext(264)) - client-734BBEB428D7->a5e38e3e-c2ad-4348-acb9-3fc25cfb14dd: receive RaftClientReply:client-734BBEB428D7->a5e38e3e-c2ad-4348-acb9-3fc25cfb14dd@group-7000B19605CB, cid=3850, SUCCESS, logIndex=0, commits[a5e38e3e-c2ad-4348-acb9-3fc25cfb14dd:c5844, 11e48d46-e648-47f9-b6a0-9c7f26654c28:c5842, d1b6a90e-e817-40a7-bec1-608b5cc7d8b6:c5842]
2019-09-11 04:26:21,144 [grpc-default-executor-3] INFO  client.GrpcClientProtocolClient (GrpcClientProtocolClient.java:onNext(264)) - client-734BBEB428D7->a5e38e3e-c2ad-4348-acb9-3fc25cfb14dd: receive RaftClientReply:client-734BBEB428D7->a5e38e3e-c2ad-4348-acb9-3fc25cfb14dd@group-7000B19605CB, cid=3851, SUCCESS, logIndex=5845, commits[a5e38e3e-c2ad-4348-acb9-3fc25cfb14dd:c5846, 11e48d46-e648-47f9-b6a0-9c7f26654c28:c5844, d1b6a90e-e817-40a7-bec1-608b5cc7d8b6:c5844]
2019-09-11 04:26:21,145 [grpc-default-executor-3] INFO  client.GrpcClientProtocolClient (GrpcClientProtocolClient.java:onNext(264)) - client-734BBEB428D7->a5e38e3e-c2ad-4348-acb9-3fc25cfb14dd: receive RaftClientReply:client-734BBEB428D7->a5e38e3e-c2ad-4348-acb9-3fc25cfb14dd@group-7000B19605CB, cid=3852, SUCCESS, logIndex=5846, commits[a5e38e3e-c2ad-4348-acb9-3fc25cfb14dd:c5846, 11e48d46-e648-47f9-b6a0-9c7f26654c28:c5844, d1b6a90e-e817-40a7-bec1-608b5cc7d8b6:c5844]
2019-09-11 04:26:21,145 [grpc-default-executor-4] INFO  client.GrpcClientProtocolClient (GrpcClientProtocolClient.java:onNext(264)) - client-734BBEB428D7->a5e38e3e-c2ad-4348-acb9-3fc25cfb14dd: receive RaftClientReply:client-734BBEB428D7->a5e38e3e-c2ad-4348-acb9-3fc25cfb14dd@group-7000B19605CB, cid=3853, SUCCESS, logIndex=5847, commits[a5e38e3e-c2ad-4348-acb9-3fc25cfb14dd:c5847, 11e48d46-e648-47f9-b6a0-9c7f26654c28:c5844, d1b6a90e-e817-40a7-bec1-608b5cc7d8b6:c5844]
2019-09-11 04:26:21,145 [grpc-default-executor-4] INFO  client.GrpcClientProtocolClient (GrpcClientProtocolClient.java:onNext(264)) - client-734BBEB428D7->a5e38e3e-c2ad-4348-acb9-3fc25cfb14dd: receive RaftClientReply:client-734BBEB428D7->a5e38e3e-c2ad-4348-acb9-3fc25cfb14dd@group-7000B19605CB, cid=3854, SUCCESS, logIndex=5848, commits[a5e38e3e-c2ad-4348-acb9-3fc25cfb14dd:c5848, 11e48d46-e648-47f9-b6a0-9c7f26654c28:c5844, d1b6a90e-e817-40a7-bec1-608b5cc7d8b6:c5844]
2019-09-11 04:26:21,146 [grpc-default-executor-3] INFO  client.GrpcClientProtocolClient (GrpcClientProtocolClient.java:onNext(264)) - client-734BBEB428D7->a5e38e3e-c2ad-4348-acb9-3fc25cfb14dd: receive RaftClientReply:client-734BBEB428D7->a5e38e3e-c2ad-4348-acb9-3fc25cfb14dd@group-7000B19605CB, cid=3855, SUCCESS, logIndex=0, commits[a5e38e3e-c2ad-4348-acb9-3fc25cfb14dd:c5849, 11e48d46-e648-47f9-b6a0-9c7f26654c28:c5846, d1b6a90e-e817-40a7-bec1-608b5cc7d8b6:c5846]
2019-09-11 04:26:21,178 [grpc-default-executor-1] INFO  client.GrpcClientProtocolClient (GrpcClientProtocolClient.java:onNext(264)) - client-734BBEB428D7->a5e38e3e-c2ad-4348-acb9-3fc25cfb14dd: receive RaftClientReply:client-734BBEB428D7->a5e38e3e-c2ad-4348-acb9-3fc25cfb14dd@group-7000B19605CB, cid=3856, SUCCESS, logIndex=5853, commits[a5e38e3e-c2ad-4348-acb9-3fc25cfb14dd:c5854, 11e48d46-e648-47f9-b6a0-9c7f26654c28:c5852, d1b6a90e-e817-40a7-bec1-608b5cc7d8b6:c5848]
2019-09-11 04:26:21,178 [grpc-default-executor-1] INFO  client.GrpcClientProtocolClient (GrpcClientProtocolClient.java:onNext(264)) - client-734BBEB428D7->a5e38e3e-c2ad-4348-acb9-3fc25cfb14dd: receive RaftClientReply:client-734BBEB428D7->a5e38e3e-c2ad-4348-acb9-3fc25cfb14dd@group-7000B19605CB, cid=3857, SUCCESS, logIndex=5854, commits[a5e38e3e-c2ad-4348-acb9-3fc25cfb14dd:c5854, 11e48d46-e648-47f9-b6a0-9c7f26654c28:c5852, d1b6a90e-e817-40a7-bec1-608b5cc7d8b6:c5852]
2019-09-11 04:26:21,192 [grpc-default-executor-1] INFO  client.GrpcClientProtocolClient (GrpcClientProtocolClient.java:onNext(264)) - client-734BBEB428D7->a5e38e3e-c2ad-4348-acb9-3fc25cfb14dd: receive RaftClientReply:client-734BBEB428D7->a5e38e3e-c2ad-4348-acb9-3fc25cfb14dd@group-7000B19605CB, cid=3858, SUCCESS, logIndex=5856, commits[a5e38e3e-c2ad-4348-acb9-3fc25cfb14dd:c5857, 11e48d46-e648-47f9-b6a0-9c7f26654c28:c5854, d1b6a90e-e817-40a7-bec1-608b5cc7d8b6:c5854]
2019-09-11 04:26:21,192 [grpc-default-executor-1] INFO  client.GrpcClientProtocolClient (GrpcClientProtocolClient.java:onNext(264)) - client-734BBEB428D7->a5e38e3e-c2ad-4348-acb9-3fc25cfb14dd: receive RaftClientReply:client-734BBEB428D7->a5e38e3e-c2ad-4348-acb9-3fc25cfb14dd@group-7000B19605CB, cid=3859, SUCCESS, logIndex=5857, commits[a5e38e3e-c2ad-4348-acb9-3fc25cfb14dd:c5857, 11e48d46-e648-47f9-b6a0-9c7f26654c28:c5854, d1b6a90e-e817-40a7-bec1-608b5cc7d8b6:c5854]
2019-09-11 04:26:21,195 [grpc-default-executor-1] INFO  client.GrpcClientProtocolClient (GrpcClientProtocolClient.java:onNext(264)) - client-734BBEB428D7->a5e38e3e-c2ad-4348-acb9-3fc25cfb14dd: receive RaftClientReply:client-734BBEB428D7->a5e38e3e-c2ad-4348-acb9-3fc25cfb14dd@group-7000B19605CB, cid=3860, SUCCESS, logIndex=0, commits[a5e38e3e-c2ad-4348-acb9-3fc25cfb14dd:c5859, 11e48d46-e648-47f9-b6a0-9c7f26654c28:c5857, d1b6a90e-e817-40a7-bec1-608b5cc7d8b6:c5857]
2019-09-11 04:26:21,224 [grpc-default-executor-3] INFO  client.GrpcClientProtocolClient (GrpcClientProtocolClient.java:onNext(264)) - client-734BBEB428D7->a5e38e3e-c2ad-4348-acb9-3fc25cfb14dd: receive RaftClientReply:client-734BBEB428D7->a5e38e3e-c2ad-4348-acb9-3fc25cfb14dd@group-7000B19605CB, cid=3861, SUCCESS, logIndex=5860, commits[a5e38e3e-c2ad-4348-acb9-3fc25cfb14dd:c5862, 11e48d46-e648-47f9-b6a0-9c7f26654c28:c5859, d1b6a90e-e817-40a7-bec1-608b5cc7d8b6:c5859]
2019-09-11 04:26:21,225 [grpc-default-executor-3] INFO  client.GrpcClientProtocolClient (GrpcClientProtocolClient.java:onNext(264)) - client-734BBEB428D7->a5e38e3e-c2ad-4348-acb9-3fc25cfb14dd: receive RaftClientReply:client-734BBEB428D7->a5e38e3e-c2ad-4348-acb9-3fc25cfb14dd@group-7000B19605CB, cid=3862, SUCCESS, logIndex=5861, commits[a5e38e3e-c2ad-4348-acb9-3fc25cfb14dd:c5863, 11e48d46-e648-47f9-b6a0-9c7f26654c28:c5859, d1b6a90e-e817-40a7-bec1-608b5cc7d8b6:c5859]
2019-09-11 04:26:21,225 [grpc-default-executor-3] INFO  client.GrpcClientProtocolClient (GrpcClientProtocolClient.java:onNext(264)) - client-734BBEB428D7->a5e38e3e-c2ad-4348-acb9-3fc25cfb14dd: receive RaftClientReply:client-734BBEB428D7->a5e38e3e-c2ad-4348-acb9-3fc25cfb14dd@group-7000B19605CB, cid=3863, SUCCESS, logIndex=5862, commits[a5e38e3e-c2ad-4348-acb9-3fc25cfb14dd:c5863, 11e48d46-e648-47f9-b6a0-9c7f26654c28:c5859, d1b6a90e-e817-40a7-bec1-608b5cc7d8b6:c5859]
2019-09-11 04:26:21,225 [grpc-default-executor-3] INFO  client.GrpcClientProtocolClient (GrpcClientProtocolClient.java:onNext(264)) - client-734BBEB428D7->a5e38e3e-c2ad-4348-acb9-3fc25cfb14dd: receive RaftClientReply:client-734BBEB428D7->a5e38e3e-c2ad-4348-acb9-3fc25cfb14dd@group-7000B19605CB, cid=3864, SUCCESS, logIndex=5863, commits[a5e38e3e-c2ad-4348-acb9-3fc25cfb14dd:c5863, 11e48d46-e648-47f9-b6a0-9c7f26654c28:c5859, d1b6a90e-e817-40a7-bec1-608b5cc7d8b6:c5859]
2019-09-11 04:26:21,236 [grpc-default-executor-3] INFO  client.GrpcClientProtocolClient (GrpcClientProtocolClient.java:onNext(264)) - client-734BBEB428D7->a5e38e3e-c2ad-4348-acb9-3fc25cfb14dd: receive RaftClientReply:client-734BBEB428D7->a5e38e3e-c2ad-4348-acb9-3fc25cfb14dd@group-7000B19605CB, cid=3865, SUCCESS, logIndex=0, commits[a5e38e3e-c2ad-4348-acb9-3fc25cfb14dd:c5863, 11e48d46-e648-47f9-b6a0-9c7f26654c28:c5862, d1b6a90e-e817-40a7-bec1-608b5cc7d8b6:c5862]
2019-09-11 04:26:21,253 [grpc-default-executor-1] INFO  client.GrpcClientProtocolClient (GrpcClientProtocolClient.java:onNext(264)) - client-734BBEB428D7->a5e38e3e-c2ad-4348-acb9-3fc25cfb14dd: receive RaftClientReply:client-734BBEB428D7->a5e38e3e-c2ad-4348-acb9-3fc25cfb14dd@group-7000B19605CB, cid=3866, SUCCESS, logIndex=5867, commits[a5e38e3e-c2ad-4348-acb9-3fc25cfb14dd:c5868, 11e48d46-e648-47f9-b6a0-9c7f26654c28:c5866, d1b6a90e-e817-40a7-bec1-608b5cc7d8b6:c5866]
2019-09-11 04:26:21,254 [grpc-default-executor-1] INFO  client.GrpcClientProtocolClient (GrpcClientProtocolClient.java:onNext(264)) - client-734BBEB428D7->a5e38e3e-c2ad-4348-acb9-3fc25cfb14dd: receive RaftClientReply:client-734BBEB428D7->a5e38e3e-c2ad-4348-acb9-3fc25cfb14dd@group-7000B19605CB, cid=3867, SUCCESS, logIndex=5868, commits[a5e38e3e-c2ad-4348-acb9-3fc25cfb14dd:c5868, 11e48d46-e648-47f9-b6a0-9c7f26654c28:c5866, d1b6a90e-e817-40a7-bec1-608b5cc7d8b6:c5866]
2019-09-11 04:26:21,267 [grpc-default-executor-4] INFO  client.GrpcClientProtocolClient (GrpcClientProtocolClient.java:onNext(264)) - client-734BBEB428D7->a5e38e3e-c2ad-4348-acb9-3fc25cfb14dd: receive RaftClientReply:client-734BBEB428D7->a5e38e3e-c2ad-4348-acb9-3fc25cfb14dd@group-7000B19605CB, cid=3868, SUCCESS, logIndex=5871, commits[a5e38e3e-c2ad-4348-acb9-3fc25cfb14dd:c5872, 11e48d46-e648-47f9-b6a0-9c7f26654c28:c5868, d1b6a90e-e817-40a7-bec1-608b5cc7d8b6:c5868]
2019-09-11 04:26:21,267 [grpc-default-executor-4] INFO  client.GrpcClientProtocolClient (GrpcClientProtocolClient.java:onNext(264)) - client-734BBEB428D7->a5e38e3e-c2ad-4348-acb9-3fc25cfb14dd: receive RaftClientReply:client-734BBEB428D7->a5e38e3e-c2ad-4348-acb9-3fc25cfb14dd@group-7000B19605CB, cid=3869, SUCCESS, logIndex=5872, commits[a5e38e3e-c2ad-4348-acb9-3fc25cfb14dd:c5872, 11e48d46-e648-47f9-b6a0-9c7f26654c28:c5868, d1b6a90e-e817-40a7-bec1-608b5cc7d8b6:c5868]
 0.00% |█                                                                                                    |  0/1 Time: 0:00:322019-09-11 04:26:21,280 [grpc-default-executor-4] INFO  client.GrpcClientProtocolClient (GrpcClientProtocolClient.java:onNext(264)) - client-734BBEB428D7->a5e38e3e-c2ad-4348-acb9-3fc25cfb14dd: receive RaftClientReply:client-734BBEB428D7->a5e38e3e-c2ad-4348-acb9-3fc25cfb14dd@group-7000B19605CB, cid=3870, SUCCESS, logIndex=0, commits[a5e38e3e-c2ad-4348-acb9-3fc25cfb14dd:c5874, 11e48d46-e648-47f9-b6a0-9c7f26654c28:c5872, d1b6a90e-e817-40a7-bec1-608b5cc7d8b6:c5872]
2019-09-11 04:26:21,308 [grpc-default-executor-1] INFO  client.GrpcClientProtocolClient (GrpcClientProtocolClient.java:onNext(264)) - client-734BBEB428D7->a5e38e3e-c2ad-4348-acb9-3fc25cfb14dd: receive RaftClientReply:client-734BBEB428D7->a5e38e3e-c2ad-4348-acb9-3fc25cfb14dd@group-7000B19605CB, cid=3871, SUCCESS, logIndex=5875, commits[a5e38e3e-c2ad-4348-acb9-3fc25cfb14dd:c5877, 11e48d46-e648-47f9-b6a0-9c7f26654c28:c5874, d1b6a90e-e817-40a7-bec1-608b5cc7d8b6:c5874]
2019-09-11 04:26:21,308 [grpc-default-executor-1] INFO  client.GrpcClientProtocolClient (GrpcClientProtocolClient.java:onNext(264)) - client-734BBEB428D7->a5e38e3e-c2ad-4348-acb9-3fc25cfb14dd: receive RaftClientReply:client-734BBEB428D7->a5e38e3e-c2ad-4348-acb9-3fc25cfb14dd@group-7000B19605CB, cid=3872, SUCCESS, logIndex=5876, commits[a5e38e3e-c2ad-4348-acb9-3fc25cfb14dd:c5878, 11e48d46-e648-47f9-b6a0-9c7f26654c28:c5874, d1b6a90e-e817-40a7-bec1-608b5cc7d8b6:c5874]
2019-09-11 04:26:21,309 [grpc-default-executor-1] INFO  client.GrpcClientProtocolClient (GrpcClientProtocolClient.java:onNext(264)) - client-734BBEB428D7->a5e38e3e-c2ad-4348-acb9-3fc25cfb14dd: receive RaftClientReply:client-734BBEB428D7->a5e38e3e-c2ad-4348-acb9-3fc25cfb14dd@group-7000B19605CB, cid=3873, SUCCESS, logIndex=5877, commits[a5e38e3e-c2ad-4348-acb9-3fc25cfb14dd:c5878, 11e48d46-e648-47f9-b6a0-9c7f26654c28:c5874, d1b6a90e-e817-40a7-bec1-608b5cc7d8b6:c5874]
2019-09-11 04:26:21,309 [grpc-default-executor-1] INFO  client.GrpcClientProtocolClient (GrpcClientProtocolClient.java:onNext(264)) - client-734BBEB428D7->a5e38e3e-c2ad-4348-acb9-3fc25cfb14dd: receive RaftClientReply:client-734BBEB428D7->a5e38e3e-c2ad-4348-acb9-3fc25cfb14dd@group-7000B19605CB, cid=3874, SUCCESS, logIndex=5878, commits[a5e38e3e-c2ad-4348-acb9-3fc25cfb14dd:c5878, 11e48d46-e648-47f9-b6a0-9c7f26654c28:c5874, d1b6a90e-e817-40a7-bec1-608b5cc7d8b6:c5874]
2019-09-11 04:26:21,321 [grpc-default-executor-4] INFO  client.GrpcClientProtocolClient (GrpcClientProtocolClient.java:onNext(264)) - client-734BBEB428D7->a5e38e3e-c2ad-4348-acb9-3fc25cfb14dd: receive RaftClientReply:client-734BBEB428D7->a5e38e3e-c2ad-4348-acb9-3fc25cfb14dd@group-7000B19605CB, cid=3875, SUCCESS, logIndex=0, commits[a5e38e3e-c2ad-4348-acb9-3fc25cfb14dd:c5880, 11e48d46-e648-47f9-b6a0-9c7f26654c28:c5877, d1b6a90e-e817-40a7-bec1-608b5cc7d8b6:c5877]
2019-09-11 04:26:21,340 [grpc-default-executor-4] INFO  client.GrpcClientProtocolClient (GrpcClientProtocolClient.java:onNext(264)) - client-734BBEB428D7->a5e38e3e-c2ad-4348-acb9-3fc25cfb14dd: receive RaftClientReply:client-734BBEB428D7->a5e38e3e-c2ad-4348-acb9-3fc25cfb14dd@group-7000B19605CB, cid=3876, SUCCESS, logIndex=5883, commits[a5e38e3e-c2ad-4348-acb9-3fc25cfb14dd:c5884, 11e48d46-e648-47f9-b6a0-9c7f26654c28:c5882, d1b6a90e-e817-40a7-bec1-608b5cc7d8b6:c5882]
2019-09-11 04:26:21,340 [grpc-default-executor-4] INFO  client.GrpcClientProtocolClient (GrpcClientProtocolClient.java:onNext(264)) - client-734BBEB428D7->a5e38e3e-c2ad-4348-acb9-3fc25cfb14dd: receive RaftClientReply:client-734BBEB428D7->a5e38e3e-c2ad-4348-acb9-3fc25cfb14dd@group-7000B19605CB, cid=3877, SUCCESS, logIndex=5884, commits[a5e38e3e-c2ad-4348-acb9-3fc25cfb14dd:c5884, 11e48d46-e648-47f9-b6a0-9c7f26654c28:c5882, d1b6a90e-e817-40a7-bec1-608b5cc7d8b6:c5882]
2019-09-11 04:26:21,353 [grpc-default-executor-4] INFO  client.GrpcClientProtocolClient (GrpcClientProtocolClient.java:onNext(264)) - client-734BBEB428D7->a5e38e3e-c2ad-4348-acb9-3fc25cfb14dd: receive RaftClientReply:client-734BBEB428D7->a5e38e3e-c2ad-4348-acb9-3fc25cfb14dd@group-7000B19605CB, cid=3878, SUCCESS, logIndex=5887, commits[a5e38e3e-c2ad-4348-acb9-3fc25cfb14dd:c5888, 11e48d46-e648-47f9-b6a0-9c7f26654c28:c5884, d1b6a90e-e817-40a7-bec1-608b5cc7d8b6:c5884]
2019-09-11 04:26:21,353 [grpc-default-executor-4] INFO  client.GrpcClientProtocolClient (GrpcClientProtocolClient.java:onNext(264)) - client-734BBEB428D7->a5e38e3e-c2ad-4348-acb9-3fc25cfb14dd: receive RaftClientReply:client-734BBEB428D7->a5e38e3e-c2ad-4348-acb9-3fc25cfb14dd@group-7000B19605CB, cid=3879, SUCCESS, logIndex=5888, commits[a5e38e3e-c2ad-4348-acb9-3fc25cfb14dd:c5888, 11e48d46-e648-47f9-b6a0-9c7f26654c28:c5884, d1b6a90e-e817-40a7-bec1-608b5cc7d8b6:c5884]
2019-09-11 04:26:21,365 [grpc-default-executor-3] INFO  client.GrpcClientProtocolClient (GrpcClientProtocolClient.java:onNext(264)) - client-734BBEB428D7->a5e38e3e-c2ad-4348-acb9-3fc25cfb14dd: receive RaftClientReply:client-734BBEB428D7->a5e38e3e-c2ad-4348-acb9-3fc25cfb14dd@group-7000B19605CB, cid=3880, SUCCESS, logIndex=0, commits[a5e38e3e-c2ad-4348-acb9-3fc25cfb14dd:c5890, 11e48d46-e648-47f9-b6a0-9c7f26654c28:c5888, d1b6a90e-e817-40a7-bec1-608b5cc7d8b6:c5888]
2019-09-11 04:26:21,392 [grpc-default-executor-3] INFO  client.GrpcClientProtocolClient (GrpcClientProtocolClient.java:onNext(264)) - client-734BBEB428D7->a5e38e3e-c2ad-4348-acb9-3fc25cfb14dd: receive RaftClientReply:client-734BBEB428D7->a5e38e3e-c2ad-4348-acb9-3fc25cfb14dd@group-7000B19605CB, cid=3881, SUCCESS, logIndex=5891, commits[a5e38e3e-c2ad-4348-acb9-3fc25cfb14dd:c5892, 11e48d46-e648-47f9-b6a0-9c7f26654c28:c5890, d1b6a90e-e817-40a7-bec1-608b5cc7d8b6:c5890]
2019-09-11 04:26:21,392 [grpc-default-executor-3] INFO  client.GrpcClientProtocolClient (GrpcClientProtocolClient.java:onNext(264)) - client-734BBEB428D7->a5e38e3e-c2ad-4348-acb9-3fc25cfb14dd: receive RaftClientReply:client-734BBEB428D7->a5e38e3e-c2ad-4348-acb9-3fc25cfb14dd@group-7000B19605CB, cid=3882, SUCCESS, logIndex=5892, commits[a5e38e3e-c2ad-4348-acb9-3fc25cfb14dd:c5894, 11e48d46-e648-47f9-b6a0-9c7f26654c28:c5890, d1b6a90e-e817-40a7-bec1-608b5cc7d8b6:c5890]
2019-09-11 04:26:21,392 [grpc-default-executor-3] INFO  client.GrpcClientProtocolClient (GrpcClientProtocolClient.java:onNext(264)) - client-734BBEB428D7->a5e38e3e-c2ad-4348-acb9-3fc25cfb14dd: receive RaftClientReply:client-734BBEB428D7->a5e38e3e-c2ad-4348-acb9-3fc25cfb14dd@group-7000B19605CB, cid=3883, SUCCESS, logIndex=5893, commits[a5e38e3e-c2ad-4348-acb9-3fc25cfb14dd:c5894, 11e48d46-e648-47f9-b6a0-9c7f26654c28:c5890, d1b6a90e-e817-40a7-bec1-608b5cc7d8b6:c5890]
2019-09-11 04:26:21,392 [grpc-default-executor-3] INFO  client.GrpcClientProtocolClient (GrpcClientProtocolClient.java:onNext(264)) - client-734BBEB428D7->a5e38e3e-c2ad-4348-acb9-3fc25cfb14dd: receive RaftClientReply:client-734BBEB428D7->a5e38e3e-c2ad-4348-acb9-3fc25cfb14dd@group-7000B19605CB, cid=3884, SUCCESS, logIndex=5894, commits[a5e38e3e-c2ad-4348-acb9-3fc25cfb14dd:c5894, 11e48d46-e648-47f9-b6a0-9c7f26654c28:c5890, d1b6a90e-e817-40a7-bec1-608b5cc7d8b6:c5890]
2019-09-11 04:26:21,395 [grpc-default-executor-4] INFO  client.GrpcClientProtocolClient (GrpcClientProtocolClient.java:onNext(264)) - client-734BBEB428D7->a5e38e3e-c2ad-4348-acb9-3fc25cfb14dd: receive RaftClientReply:client-734BBEB428D7->a5e38e3e-c2ad-4348-acb9-3fc25cfb14dd@group-7000B19605CB, cid=3885, SUCCESS, logIndex=0, commits[a5e38e3e-c2ad-4348-acb9-3fc25cfb14dd:c5897, 11e48d46-e648-47f9-b6a0-9c7f26654c28:c5892, d1b6a90e-e817-40a7-bec1-608b5cc7d8b6:c5893]
2019-09-11 04:26:21,411 [grpc-default-executor-1] INFO  client.GrpcClientProtocolClient (GrpcClientProtocolClient.java:onNext(264)) - client-734BBEB428D7->a5e38e3e-c2ad-4348-acb9-3fc25cfb14dd: receive RaftClientReply:client-734BBEB428D7->a5e38e3e-c2ad-4348-acb9-3fc25cfb14dd@group-7000B19605CB, cid=3886, SUCCESS, logIndex=5899, commits[a5e38e3e-c2ad-4348-acb9-3fc25cfb14dd:c5900, 11e48d46-e648-47f9-b6a0-9c7f26654c28:c5898, d1b6a90e-e817-40a7-bec1-608b5cc7d8b6:c5898]
2019-09-11 04:26:21,411 [grpc-default-executor-1] INFO  client.GrpcClientProtocolClient (GrpcClientProtocolClient.java:onNext(264)) - client-734BBEB428D7->a5e38e3e-c2ad-4348-acb9-3fc25cfb14dd: receive RaftClientReply:client-734BBEB428D7->a5e38e3e-c2ad-4348-acb9-3fc25cfb14dd@group-7000B19605CB, cid=3887, SUCCESS, logIndex=5900, commits[a5e38e3e-c2ad-4348-acb9-3fc25cfb14dd:c5900, 11e48d46-e648-47f9-b6a0-9c7f26654c28:c5898, d1b6a90e-e817-40a7-bec1-608b5cc7d8b6:c5898]
2019-09-11 04:26:21,435 [grpc-default-executor-1] INFO  client.GrpcClientProtocolClient (GrpcClientProtocolClient.java:onNext(264)) - client-734BBEB428D7->a5e38e3e-c2ad-4348-acb9-3fc25cfb14dd: receive RaftClientReply:client-734BBEB428D7->a5e38e3e-c2ad-4348-acb9-3fc25cfb14dd@group-7000B19605CB, cid=3888, SUCCESS, logIndex=5903, commits[a5e38e3e-c2ad-4348-acb9-3fc25cfb14dd:c5903, 11e48d46-e648-47f9-b6a0-9c7f26654c28:c5902, d1b6a90e-e817-40a7-bec1-608b5cc7d8b6:c5902]
2019-09-11 04:26:21,435 [grpc-default-executor-1] INFO  client.GrpcClientProtocolClient (GrpcClientProtocolClient.java:onNext(264)) - client-734BBEB428D7->a5e38e3e-c2ad-4348-acb9-3fc25cfb14dd: receive RaftClientReply:client-734BBEB428D7->a5e38e3e-c2ad-4348-acb9-3fc25cfb14dd@group-7000B19605CB, cid=3889, SUCCESS, logIndex=5904, commits[a5e38e3e-c2ad-4348-acb9-3fc25cfb14dd:c5904, 11e48d46-e648-47f9-b6a0-9c7f26654c28:c5902, d1b6a90e-e817-40a7-bec1-608b5cc7d8b6:c5902]
2019-09-11 04:26:21,439 [grpc-default-executor-3] INFO  client.GrpcClientProtocolClient (GrpcClientProtocolClient.java:onNext(264)) - client-734BBEB428D7->a5e38e3e-c2ad-4348-acb9-3fc25cfb14dd: receive RaftClientReply:client-734BBEB428D7->a5e38e3e-c2ad-4348-acb9-3fc25cfb14dd@group-7000B19605CB, cid=3890, SUCCESS, logIndex=0, commits[a5e38e3e-c2ad-4348-acb9-3fc25cfb14dd:c5905, 11e48d46-e648-47f9-b6a0-9c7f26654c28:c5904, d1b6a90e-e817-40a7-bec1-608b5cc7d8b6:c5904]
2019-09-11 04:26:21,573 [grpc-default-executor-4] INFO  client.GrpcClientProtocolClient (GrpcClientProtocolClient.java:onNext(264)) - client-734BBEB428D7->a5e38e3e-c2ad-4348-acb9-3fc25cfb14dd: receive RaftClientReply:client-734BBEB428D7->a5e38e3e-c2ad-4348-acb9-3fc25cfb14dd@group-7000B19605CB, cid=3891, SUCCESS, logIndex=5907, commits[a5e38e3e-c2ad-4348-acb9-3fc25cfb14dd:c5907, 11e48d46-e648-47f9-b6a0-9c7f26654c28:c5906, d1b6a90e-e817-40a7-bec1-608b5cc7d8b6:c5906]
2019-09-11 04:26:21,582 [grpc-default-executor-4] INFO  client.GrpcClientProtocolClient (GrpcClientProtocolClient.java:onNext(264)) - client-734BBEB428D7->a5e38e3e-c2ad-4348-acb9-3fc25cfb14dd: receive RaftClientReply:client-734BBEB428D7->a5e38e3e-c2ad-4348-acb9-3fc25cfb14dd@group-7000B19605CB, cid=3892, SUCCESS, logIndex=5908, commits[a5e38e3e-c2ad-4348-acb9-3fc25cfb14dd:c5908, 11e48d46-e648-47f9-b6a0-9c7f26654c28:c5906, d1b6a90e-e817-40a7-bec1-608b5cc7d8b6:c5906]
2019-09-11 04:26:21,592 [grpc-default-executor-4] INFO  client.GrpcClientProtocolClient (GrpcClientProtocolClient.java:onNext(264)) - client-734BBEB428D7->a5e38e3e-c2ad-4348-acb9-3fc25cfb14dd: receive RaftClientReply:client-734BBEB428D7->a5e38e3e-c2ad-4348-acb9-3fc25cfb14dd@group-7000B19605CB, cid=3893, SUCCESS, logIndex=5909, commits[a5e38e3e-c2ad-4348-acb9-3fc25cfb14dd:c5910, 11e48d46-e648-47f9-b6a0-9c7f26654c28:c5906, d1b6a90e-e817-40a7-bec1-608b5cc7d8b6:c5906]
2019-09-11 04:26:21,592 [grpc-default-executor-4] INFO  client.GrpcClientProtocolClient (GrpcClientProtocolClient.java:onNext(264)) - client-734BBEB428D7->a5e38e3e-c2ad-4348-acb9-3fc25cfb14dd: receive RaftClientReply:client-734BBEB428D7->a5e38e3e-c2ad-4348-acb9-3fc25cfb14dd@group-7000B19605CB, cid=3894, SUCCESS, logIndex=5910, commits[a5e38e3e-c2ad-4348-acb9-3fc25cfb14dd:c5910, 11e48d46-e648-47f9-b6a0-9c7f26654c28:c5906, d1b6a90e-e817-40a7-bec1-608b5cc7d8b6:c5906]
2019-09-11 04:26:21,603 [grpc-default-executor-4] INFO  client.GrpcClientProtocolClient (GrpcClientProtocolClient.java:onNext(264)) - client-734BBEB428D7->a5e38e3e-c2ad-4348-acb9-3fc25cfb14dd: receive RaftClientReply:client-734BBEB428D7->a5e38e3e-c2ad-4348-acb9-3fc25cfb14dd@group-7000B19605CB, cid=3895, SUCCESS, logIndex=0, commits[a5e38e3e-c2ad-4348-acb9-3fc25cfb14dd:c5912, 11e48d46-e648-47f9-b6a0-9c7f26654c28:c5908, d1b6a90e-e817-40a7-bec1-608b5cc7d8b6:c5908]
2019-09-11 04:26:21,622 [grpc-default-executor-1] INFO  client.GrpcClientProtocolClient (GrpcClientProtocolClient.java:onNext(264)) - client-734BBEB428D7->a5e38e3e-c2ad-4348-acb9-3fc25cfb14dd: receive RaftClientReply:client-734BBEB428D7->a5e38e3e-c2ad-4348-acb9-3fc25cfb14dd@group-7000B19605CB, cid=3896, SUCCESS, logIndex=5915, commits[a5e38e3e-c2ad-4348-acb9-3fc25cfb14dd:c5916, 11e48d46-e648-47f9-b6a0-9c7f26654c28:c5914, d1b6a90e-e817-40a7-bec1-608b5cc7d8b6:c5914]
2019-09-11 04:26:21,622 [grpc-default-executor-1] INFO  client.GrpcClientProtocolClient (GrpcClientProtocolClient.java:onNext(264)) - client-734BBEB428D7->a5e38e3e-c2ad-4348-acb9-3fc25cfb14dd: receive RaftClientReply:client-734BBEB428D7->a5e38e3e-c2ad-4348-acb9-3fc25cfb14dd@group-7000B19605CB, cid=3897, SUCCESS, logIndex=5916, commits[a5e38e3e-c2ad-4348-acb9-3fc25cfb14dd:c5916, 11e48d46-e648-47f9-b6a0-9c7f26654c28:c5914, d1b6a90e-e817-40a7-bec1-608b5cc7d8b6:c5914]
2019-09-11 04:26:21,634 [grpc-default-executor-1] INFO  client.GrpcClientProtocolClient (GrpcClientProtocolClient.java:onNext(264)) - client-734BBEB428D7->a5e38e3e-c2ad-4348-acb9-3fc25cfb14dd: receive RaftClientReply:client-734BBEB428D7->a5e38e3e-c2ad-4348-acb9-3fc25cfb14dd@group-7000B19605CB, cid=3898, SUCCESS, logIndex=5919, commits[a5e38e3e-c2ad-4348-acb9-3fc25cfb14dd:c5919, 11e48d46-e648-47f9-b6a0-9c7f26654c28:c5916, d1b6a90e-e817-40a7-bec1-608b5cc7d8b6:c5916]
2019-09-11 04:26:21,635 [grpc-default-executor-1] INFO  client.GrpcClientProtocolClient (GrpcClientProtocolClient.java:onNext(264)) - client-734BBEB428D7->a5e38e3e-c2ad-4348-acb9-3fc25cfb14dd: receive RaftClientReply:client-734BBEB428D7->a5e38e3e-c2ad-4348-acb9-3fc25cfb14dd@group-7000B19605CB, cid=3899, SUCCESS, logIndex=5920, commits[a5e38e3e-c2ad-4348-acb9-3fc25cfb14dd:c5920, 11e48d46-e648-47f9-b6a0-9c7f26654c28:c5916, d1b6a90e-e817-40a7-bec1-608b5cc7d8b6:c5916]
2019-09-11 04:26:21,647 [grpc-default-executor-1] INFO  client.GrpcClientProtocolClient (GrpcClientProtocolClient.java:onNext(264)) - client-734BBEB428D7->a5e38e3e-c2ad-4348-acb9-3fc25cfb14dd: receive RaftClientReply:client-734BBEB428D7->a5e38e3e-c2ad-4348-acb9-3fc25cfb14dd@group-7000B19605CB, cid=3900, SUCCESS, logIndex=0, commits[a5e38e3e-c2ad-4348-acb9-3fc25cfb14dd:c5922, 11e48d46-e648-47f9-b6a0-9c7f26654c28:c5920, d1b6a90e-e817-40a7-bec1-608b5cc7d8b6:c5920]
2019-09-11 04:26:21,675 [grpc-default-executor-3] INFO  client.GrpcClientProtocolClient (GrpcClientProtocolClient.java:onNext(264)) - client-734BBEB428D7->a5e38e3e-c2ad-4348-acb9-3fc25cfb14dd: receive RaftClientReply:client-734BBEB428D7->a5e38e3e-c2ad-4348-acb9-3fc25cfb14dd@group-7000B19605CB, cid=3901, SUCCESS, logIndex=5923, commits[a5e38e3e-c2ad-4348-acb9-3fc25cfb14dd:c5924, 11e48d46-e648-47f9-b6a0-9c7f26654c28:c5922, d1b6a90e-e817-40a7-bec1-608b5cc7d8b6:c5922]
2019-09-11 04:26:21,676 [grpc-default-executor-3] INFO  client.GrpcClientProtocolClient (GrpcClientProtocolClient.java:onNext(264)) - client-734BBEB428D7->a5e38e3e-c2ad-4348-acb9-3fc25cfb14dd: receive RaftClientReply:client-734BBEB428D7->a5e38e3e-c2ad-4348-acb9-3fc25cfb14dd@group-7000B19605CB, cid=3902, SUCCESS, logIndex=5924, commits[a5e38e3e-c2ad-4348-acb9-3fc25cfb14dd:c5925, 11e48d46-e648-47f9-b6a0-9c7f26654c28:c5922, d1b6a90e-e817-40a7-bec1-608b5cc7d8b6:c5922]
2019-09-11 04:26:21,676 [grpc-default-executor-3] INFO  client.GrpcClientProtocolClient (GrpcClientProtocolClient.java:onNext(264)) - client-734BBEB428D7->a5e38e3e-c2ad-4348-acb9-3fc25cfb14dd: receive RaftClientReply:client-734BBEB428D7->a5e38e3e-c2ad-4348-acb9-3fc25cfb14dd@group-7000B19605CB, cid=3903, SUCCESS, logIndex=5925, commits[a5e38e3e-c2ad-4348-acb9-3fc25cfb14dd:c5926, 11e48d46-e648-47f9-b6a0-9c7f26654c28:c5922, d1b6a90e-e817-40a7-bec1-608b5cc7d8b6:c5922]
2019-09-11 04:26:21,677 [grpc-default-executor-3] INFO  client.GrpcClientProtocolClient (GrpcClientProtocolClient.java:onNext(264)) - client-734BBEB428D7->a5e38e3e-c2ad-4348-acb9-3fc25cfb14dd: receive RaftClientReply:client-734BBEB428D7->a5e38e3e-c2ad-4348-acb9-3fc25cfb14dd@group-7000B19605CB, cid=3904, SUCCESS, logIndex=5926, commits[a5e38e3e-c2ad-4348-acb9-3fc25cfb14dd:c5926, 11e48d46-e648-47f9-b6a0-9c7f26654c28:c5922, d1b6a90e-e817-40a7-bec1-608b5cc7d8b6:c5922]
2019-09-11 04:26:21,678 [grpc-default-executor-3] INFO  client.GrpcClientProtocolClient (GrpcClientProtocolClient.java:onNext(264)) - client-734BBEB428D7->a5e38e3e-c2ad-4348-acb9-3fc25cfb14dd: receive RaftClientReply:client-734BBEB428D7->a5e38e3e-c2ad-4348-acb9-3fc25cfb14dd@group-7000B19605CB, cid=3905, SUCCESS, logIndex=0, commits[a5e38e3e-c2ad-4348-acb9-3fc25cfb14dd:c5930, 11e48d46-e648-47f9-b6a0-9c7f26654c28:c5924, d1b6a90e-e817-40a7-bec1-608b5cc7d8b6:c5926]
2019-09-11 04:26:21,702 [grpc-default-executor-4] INFO  client.GrpcClientProtocolClient (GrpcClientProtocolClient.java:onNext(264)) - client-734BBEB428D7->a5e38e3e-c2ad-4348-acb9-3fc25cfb14dd: receive RaftClientReply:client-734BBEB428D7->a5e38e3e-c2ad-4348-acb9-3fc25cfb14dd@group-7000B19605CB, cid=3906, SUCCESS, logIndex=5931, commits[a5e38e3e-c2ad-4348-acb9-3fc25cfb14dd:c5932, 11e48d46-e648-47f9-b6a0-9c7f26654c28:c5930, d1b6a90e-e817-40a7-bec1-608b5cc7d8b6:c5926]
2019-09-11 04:26:21,702 [grpc-default-executor-4] INFO  client.GrpcClientProtocolClient (GrpcClientProtocolClient.java:onNext(264)) - client-734BBEB428D7->a5e38e3e-c2ad-4348-acb9-3fc25cfb14dd: receive RaftClientReply:client-734BBEB428D7->a5e38e3e-c2ad-4348-acb9-3fc25cfb14dd@group-7000B19605CB, cid=3907, SUCCESS, logIndex=5932, commits[a5e38e3e-c2ad-4348-acb9-3fc25cfb14dd:c5932, 11e48d46-e648-47f9-b6a0-9c7f26654c28:c5930, d1b6a90e-e817-40a7-bec1-608b5cc7d8b6:c5930]
2019-09-11 04:26:21,721 [grpc-default-executor-3] INFO  client.GrpcClientProtocolClient (GrpcClientProtocolClient.java:onNext(264)) - client-734BBEB428D7->a5e38e3e-c2ad-4348-acb9-3fc25cfb14dd: receive RaftClientReply:client-734BBEB428D7->a5e38e3e-c2ad-4348-acb9-3fc25cfb14dd@group-7000B19605CB, cid=3908, SUCCESS, logIndex=5934, commits[a5e38e3e-c2ad-4348-acb9-3fc25cfb14dd:c5935, 11e48d46-e648-47f9-b6a0-9c7f26654c28:c5933, d1b6a90e-e817-40a7-bec1-608b5cc7d8b6:c5933]
2019-09-11 04:26:21,722 [grpc-default-executor-3] INFO  client.GrpcClientProtocolClient (GrpcClientProtocolClient.java:onNext(264)) - client-734BBEB428D7->a5e38e3e-c2ad-4348-acb9-3fc25cfb14dd: receive RaftClientReply:client-734BBEB428D7->a5e38e3e-c2ad-4348-acb9-3fc25cfb14dd@group-7000B19605CB, cid=3909, SUCCESS, logIndex=5935, commits[a5e38e3e-c2ad-4348-acb9-3fc25cfb14dd:c5935, 11e48d46-e648-47f9-b6a0-9c7f26654c28:c5933, d1b6a90e-e817-40a7-bec1-608b5cc7d8b6:c5933]
2019-09-11 04:26:21,735 [grpc-default-executor-4] INFO  client.GrpcClientProtocolClient (GrpcClientProtocolClient.java:onNext(264)) - client-734BBEB428D7->a5e38e3e-c2ad-4348-acb9-3fc25cfb14dd: receive RaftClientReply:client-734BBEB428D7->a5e38e3e-c2ad-4348-acb9-3fc25cfb14dd@group-7000B19605CB, cid=3910, SUCCESS, logIndex=0, commits[a5e38e3e-c2ad-4348-acb9-3fc25cfb14dd:c5937, 11e48d46-e648-47f9-b6a0-9c7f26654c28:c5935, d1b6a90e-e817-40a7-bec1-608b5cc7d8b6:c5935]
2019-09-11 04:26:21,767 [grpc-default-executor-1] INFO  client.GrpcClientProtocolClient (GrpcClientProtocolClient.java:onNext(264)) - client-734BBEB428D7->a5e38e3e-c2ad-4348-acb9-3fc25cfb14dd: receive RaftClientReply:client-734BBEB428D7->a5e38e3e-c2ad-4348-acb9-3fc25cfb14dd@group-7000B19605CB, cid=3911, SUCCESS, logIndex=5938, commits[a5e38e3e-c2ad-4348-acb9-3fc25cfb14dd:c5939, 11e48d46-e648-47f9-b6a0-9c7f26654c28:c5937, d1b6a90e-e817-40a7-bec1-608b5cc7d8b6:c5937]
2019-09-11 04:26:21,767 [grpc-default-executor-1] INFO  client.GrpcClientProtocolClient (GrpcClientProtocolClient.java:onNext(264)) - client-734BBEB428D7->a5e38e3e-c2ad-4348-acb9-3fc25cfb14dd: receive RaftClientReply:client-734BBEB428D7->a5e38e3e-c2ad-4348-acb9-3fc25cfb14dd@group-7000B19605CB, cid=3912, SUCCESS, logIndex=5939, commits[a5e38e3e-c2ad-4348-acb9-3fc25cfb14dd:c5939, 11e48d46-e648-47f9-b6a0-9c7f26654c28:c5937, d1b6a90e-e817-40a7-bec1-608b5cc7d8b6:c5937]
2019-09-11 04:26:21,768 [grpc-default-executor-4] INFO  client.GrpcClientProtocolClient (GrpcClientProtocolClient.java:onNext(264)) - client-734BBEB428D7->a5e38e3e-c2ad-4348-acb9-3fc25cfb14dd: receive RaftClientReply:client-734BBEB428D7->a5e38e3e-c2ad-4348-acb9-3fc25cfb14dd@group-7000B19605CB, cid=3913, SUCCESS, logIndex=5940, commits[a5e38e3e-c2ad-4348-acb9-3fc25cfb14dd:c5940, 11e48d46-e648-47f9-b6a0-9c7f26654c28:c5937, d1b6a90e-e817-40a7-bec1-608b5cc7d8b6:c5937]
2019-09-11 04:26:21,769 [grpc-default-executor-4] INFO  client.GrpcClientProtocolClient (GrpcClientProtocolClient.java:onNext(264)) - client-734BBEB428D7->a5e38e3e-c2ad-4348-acb9-3fc25cfb14dd: receive RaftClientReply:client-734BBEB428D7->a5e38e3e-c2ad-4348-acb9-3fc25cfb14dd@group-7000B19605CB, cid=3914, SUCCESS, logIndex=5941, commits[a5e38e3e-c2ad-4348-acb9-3fc25cfb14dd:c5941, 11e48d46-e648-47f9-b6a0-9c7f26654c28:c5937, d1b6a90e-e817-40a7-bec1-608b5cc7d8b6:c5937]
2019-09-11 04:26:21,770 [grpc-default-executor-1] INFO  client.GrpcClientProtocolClient (GrpcClientProtocolClient.java:onNext(264)) - client-734BBEB428D7->a5e38e3e-c2ad-4348-acb9-3fc25cfb14dd: receive RaftClientReply:client-734BBEB428D7->a5e38e3e-c2ad-4348-acb9-3fc25cfb14dd@group-7000B19605CB, cid=3915, SUCCESS, logIndex=0, commits[a5e38e3e-c2ad-4348-acb9-3fc25cfb14dd:c5943, 11e48d46-e648-47f9-b6a0-9c7f26654c28:c5939, d1b6a90e-e817-40a7-bec1-608b5cc7d8b6:c5939]
2019-09-11 04:26:21,789 [grpc-default-executor-1] INFO  client.GrpcClientProtocolClient (GrpcClientProtocolClient.java:onNext(264)) - client-734BBEB428D7->a5e38e3e-c2ad-4348-acb9-3fc25cfb14dd: receive RaftClientReply:client-734BBEB428D7->a5e38e3e-c2ad-4348-acb9-3fc25cfb14dd@group-7000B19605CB, cid=3916, SUCCESS, logIndex=5946, commits[a5e38e3e-c2ad-4348-acb9-3fc25cfb14dd:c5947, 11e48d46-e648-47f9-b6a0-9c7f26654c28:c5945, d1b6a90e-e817-40a7-bec1-608b5cc7d8b6:c5945]
2019-09-11 04:26:21,790 [grpc-default-executor-1] INFO  client.GrpcClientProtocolClient (GrpcClientProtocolClient.java:onNext(264)) - client-734BBEB428D7->a5e38e3e-c2ad-4348-acb9-3fc25cfb14dd: receive RaftClientReply:client-734BBEB428D7->a5e38e3e-c2ad-4348-acb9-3fc25cfb14dd@group-7000B19605CB, cid=3917, SUCCESS, logIndex=5947, commits[a5e38e3e-c2ad-4348-acb9-3fc25cfb14dd:c5947, 11e48d46-e648-47f9-b6a0-9c7f26654c28:c5945, d1b6a90e-e817-40a7-bec1-608b5cc7d8b6:c5945]
2019-09-11 04:26:21,803 [grpc-default-executor-1] INFO  client.GrpcClientProtocolClient (GrpcClientProtocolClient.java:onNext(264)) - client-734BBEB428D7->a5e38e3e-c2ad-4348-acb9-3fc25cfb14dd: receive RaftClientReply:client-734BBEB428D7->a5e38e3e-c2ad-4348-acb9-3fc25cfb14dd@group-7000B19605CB, cid=3918, SUCCESS, logIndex=5950, commits[a5e38e3e-c2ad-4348-acb9-3fc25cfb14dd:c5950, 11e48d46-e648-47f9-b6a0-9c7f26654c28:c5947, d1b6a90e-e817-40a7-bec1-608b5cc7d8b6:c5947]
2019-09-11 04:26:21,803 [grpc-default-executor-1] INFO  client.GrpcClientProtocolClient (GrpcClientProtocolClient.java:onNext(264)) - client-734BBEB428D7->a5e38e3e-c2ad-4348-acb9-3fc25cfb14dd: receive RaftClientReply:client-734BBEB428D7->a5e38e3e-c2ad-4348-acb9-3fc25cfb14dd@group-7000B19605CB, cid=3919, SUCCESS, logIndex=5951, commits[a5e38e3e-c2ad-4348-acb9-3fc25cfb14dd:c5951, 11e48d46-e648-47f9-b6a0-9c7f26654c28:c5947, d1b6a90e-e817-40a7-bec1-608b5cc7d8b6:c5947]
2019-09-11 04:26:21,815 [grpc-default-executor-1] INFO  client.GrpcClientProtocolClient (GrpcClientProtocolClient.java:onNext(264)) - client-734BBEB428D7->a5e38e3e-c2ad-4348-acb9-3fc25cfb14dd: receive RaftClientReply:client-734BBEB428D7->a5e38e3e-c2ad-4348-acb9-3fc25cfb14dd@group-7000B19605CB, cid=3920, SUCCESS, logIndex=0, commits[a5e38e3e-c2ad-4348-acb9-3fc25cfb14dd:c5953, 11e48d46-e648-47f9-b6a0-9c7f26654c28:c5951, d1b6a90e-e817-40a7-bec1-608b5cc7d8b6:c5951]
2019-09-11 04:26:21,848 [grpc-default-executor-3] INFO  client.GrpcClientProtocolClient (GrpcClientProtocolClient.java:onNext(264)) - client-734BBEB428D7->a5e38e3e-c2ad-4348-acb9-3fc25cfb14dd: receive RaftClientReply:client-734BBEB428D7->a5e38e3e-c2ad-4348-acb9-3fc25cfb14dd@group-7000B19605CB, cid=3921, SUCCESS, logIndex=5954, commits[a5e38e3e-c2ad-4348-acb9-3fc25cfb14dd:c5954, 11e48d46-e648-47f9-b6a0-9c7f26654c28:c5953, d1b6a90e-e817-40a7-bec1-608b5cc7d8b6:c5953]
2019-09-11 04:26:21,848 [grpc-default-executor-3] INFO  client.GrpcClientProtocolClient (GrpcClientProtocolClient.java:onNext(264)) - client-734BBEB428D7->a5e38e3e-c2ad-4348-acb9-3fc25cfb14dd: receive RaftClientReply:client-734BBEB428D7->a5e38e3e-c2ad-4348-acb9-3fc25cfb14dd@group-7000B19605CB, cid=3922, SUCCESS, logIndex=5955, commits[a5e38e3e-c2ad-4348-acb9-3fc25cfb14dd:c5957, 11e48d46-e648-47f9-b6a0-9c7f26654c28:c5953, d1b6a90e-e817-40a7-bec1-608b5cc7d8b6:c5953]
2019-09-11 04:26:21,848 [grpc-default-executor-3] INFO  client.GrpcClientProtocolClient (GrpcClientProtocolClient.java:onNext(264)) - client-734BBEB428D7->a5e38e3e-c2ad-4348-acb9-3fc25cfb14dd: receive RaftClientReply:client-734BBEB428D7->a5e38e3e-c2ad-4348-acb9-3fc25cfb14dd@group-7000B19605CB, cid=3923, SUCCESS, logIndex=5956, commits[a5e38e3e-c2ad-4348-acb9-3fc25cfb14dd:c5957, 11e48d46-e648-47f9-b6a0-9c7f26654c28:c5953, d1b6a90e-e817-40a7-bec1-608b5cc7d8b6:c5953]
2019-09-11 04:26:21,849 [grpc-default-executor-3] INFO  client.GrpcClientProtocolClient (GrpcClientProtocolClient.java:onNext(264)) - client-734BBEB428D7->a5e38e3e-c2ad-4348-acb9-3fc25cfb14dd: receive RaftClientReply:client-734BBEB428D7->a5e38e3e-c2ad-4348-acb9-3fc25cfb14dd@group-7000B19605CB, cid=3924, SUCCESS, logIndex=5957, commits[a5e38e3e-c2ad-4348-acb9-3fc25cfb14dd:c5957, 11e48d46-e648-47f9-b6a0-9c7f26654c28:c5953, d1b6a90e-e817-40a7-bec1-608b5cc7d8b6:c5953]
2019-09-11 04:26:21,851 [grpc-default-executor-4] INFO  client.GrpcClientProtocolClient (GrpcClientProtocolClient.java:onNext(264)) - client-734BBEB428D7->a5e38e3e-c2ad-4348-acb9-3fc25cfb14dd: receive RaftClientReply:client-734BBEB428D7->a5e38e3e-c2ad-4348-acb9-3fc25cfb14dd@group-7000B19605CB, cid=3925, SUCCESS, logIndex=0, commits[a5e38e3e-c2ad-4348-acb9-3fc25cfb14dd:c5961, 11e48d46-e648-47f9-b6a0-9c7f26654c28:c5955, d1b6a90e-e817-40a7-bec1-608b5cc7d8b6:c5957]
2019-09-11 04:26:21,870 [grpc-default-executor-1] INFO  client.GrpcClientProtocolClient (GrpcClientProtocolClient.java:onNext(264)) - client-734BBEB428D7->a5e38e3e-c2ad-4348-acb9-3fc25cfb14dd: receive RaftClientReply:client-734BBEB428D7->a5e38e3e-c2ad-4348-acb9-3fc25cfb14dd@group-7000B19605CB, cid=3926, SUCCESS, logIndex=5962, commits[a5e38e3e-c2ad-4348-acb9-3fc25cfb14dd:c5963, 11e48d46-e648-47f9-b6a0-9c7f26654c28:c5961, d1b6a90e-e817-40a7-bec1-608b5cc7d8b6:c5961]
2019-09-11 04:26:21,870 [grpc-default-executor-1] INFO  client.GrpcClientProtocolClient (GrpcClientProtocolClient.java:onNext(264)) - client-734BBEB428D7->a5e38e3e-c2ad-4348-acb9-3fc25cfb14dd: receive RaftClientReply:client-734BBEB428D7->a5e38e3e-c2ad-4348-acb9-3fc25cfb14dd@group-7000B19605CB, cid=3927, SUCCESS, logIndex=5963, commits[a5e38e3e-c2ad-4348-acb9-3fc25cfb14dd:c5963, 11e48d46-e648-47f9-b6a0-9c7f26654c28:c5961, d1b6a90e-e817-40a7-bec1-608b5cc7d8b6:c5961]
2019-09-11 04:26:21,884 [grpc-default-executor-3] INFO  client.GrpcClientProtocolClient (GrpcClientProtocolClient.java:onNext(264)) - client-734BBEB428D7->a5e38e3e-c2ad-4348-acb9-3fc25cfb14dd: receive RaftClientReply:client-734BBEB428D7->a5e38e3e-c2ad-4348-acb9-3fc25cfb14dd@group-7000B19605CB, cid=3928, SUCCESS, logIndex=5966, commits[a5e38e3e-c2ad-4348-acb9-3fc25cfb14dd:c5966, 11e48d46-e648-47f9-b6a0-9c7f26654c28:c5963, d1b6a90e-e817-40a7-bec1-608b5cc7d8b6:c5963]
2019-09-11 04:26:21,885 [grpc-default-executor-3] INFO  client.GrpcClientProtocolClient (GrpcClientProtocolClient.java:onNext(264)) - client-734BBEB428D7->a5e38e3e-c2ad-4348-acb9-3fc25cfb14dd: receive RaftClientReply:client-734BBEB428D7->a5e38e3e-c2ad-4348-acb9-3fc25cfb14dd@group-7000B19605CB, cid=3929, SUCCESS, logIndex=5967, commits[a5e38e3e-c2ad-4348-acb9-3fc25cfb14dd:c5967, 11e48d46-e648-47f9-b6a0-9c7f26654c28:c5963, d1b6a90e-e817-40a7-bec1-608b5cc7d8b6:c5963]
2019-09-11 04:26:21,907 [grpc-default-executor-3] INFO  client.GrpcClientProtocolClient (GrpcClientProtocolClient.java:onNext(264)) - client-734BBEB428D7->a5e38e3e-c2ad-4348-acb9-3fc25cfb14dd: receive RaftClientReply:client-734BBEB428D7->a5e38e3e-c2ad-4348-acb9-3fc25cfb14dd@group-7000B19605CB, cid=3930, SUCCESS, logIndex=0, commits[a5e38e3e-c2ad-4348-acb9-3fc25cfb14dd:c5969, 11e48d46-e648-47f9-b6a0-9c7f26654c28:c5967, d1b6a90e-e817-40a7-bec1-608b5cc7d8b6:c5967]
2019-09-11 04:26:21,936 [grpc-default-executor-4] INFO  client.GrpcClientProtocolClient (GrpcClientProtocolClient.java:onNext(264)) - client-734BBEB428D7->a5e38e3e-c2ad-4348-acb9-3fc25cfb14dd: receive RaftClientReply:client-734BBEB428D7->a5e38e3e-c2ad-4348-acb9-3fc25cfb14dd@group-7000B19605CB, cid=3931, SUCCESS, logIndex=5970, commits[a5e38e3e-c2ad-4348-acb9-3fc25cfb14dd:c5971, 11e48d46-e648-47f9-b6a0-9c7f26654c28:c5969, d1b6a90e-e817-40a7-bec1-608b5cc7d8b6:c5969]
2019-09-11 04:26:21,936 [grpc-default-executor-4] INFO  client.GrpcClientProtocolClient (GrpcClientProtocolClient.java:onNext(264)) - client-734BBEB428D7->a5e38e3e-c2ad-4348-acb9-3fc25cfb14dd: receive RaftClientReply:client-734BBEB428D7->a5e38e3e-c2ad-4348-acb9-3fc25cfb14dd@group-7000B19605CB, cid=3932, SUCCESS, logIndex=5971, commits[a5e38e3e-c2ad-4348-acb9-3fc25cfb14dd:c5971, 11e48d46-e648-47f9-b6a0-9c7f26654c28:c5969, d1b6a90e-e817-40a7-bec1-608b5cc7d8b6:c5969]
2019-09-11 04:26:21,937 [grpc-default-executor-4] INFO  client.GrpcClientProtocolClient (GrpcClientProtocolClient.java:onNext(264)) - client-734BBEB428D7->a5e38e3e-c2ad-4348-acb9-3fc25cfb14dd: receive RaftClientReply:client-734BBEB428D7->a5e38e3e-c2ad-4348-acb9-3fc25cfb14dd@group-7000B19605CB, cid=3933, SUCCESS, logIndex=5972, commits[a5e38e3e-c2ad-4348-acb9-3fc25cfb14dd:c5973, 11e48d46-e648-47f9-b6a0-9c7f26654c28:c5969, d1b6a90e-e817-40a7-bec1-608b5cc7d8b6:c5969]
2019-09-11 04:26:21,937 [grpc-default-executor-4] INFO  client.GrpcClientProtocolClient (GrpcClientProtocolClient.java:onNext(264)) - client-734BBEB428D7->a5e38e3e-c2ad-4348-acb9-3fc25cfb14dd: receive RaftClientReply:client-734BBEB428D7->a5e38e3e-c2ad-4348-acb9-3fc25cfb14dd@group-7000B19605CB, cid=3934, SUCCESS, logIndex=5973, commits[a5e38e3e-c2ad-4348-acb9-3fc25cfb14dd:c5973, 11e48d46-e648-47f9-b6a0-9c7f26654c28:c5969, d1b6a90e-e817-40a7-bec1-608b5cc7d8b6:c5969]
2019-09-11 04:26:21,938 [grpc-default-executor-3] INFO  client.GrpcClientProtocolClient (GrpcClientProtocolClient.java:onNext(264)) - client-734BBEB428D7->a5e38e3e-c2ad-4348-acb9-3fc25cfb14dd: receive RaftClientReply:client-734BBEB428D7->a5e38e3e-c2ad-4348-acb9-3fc25cfb14dd@group-7000B19605CB, cid=3935, SUCCESS, logIndex=0, commits[a5e38e3e-c2ad-4348-acb9-3fc25cfb14dd:c5975, 11e48d46-e648-47f9-b6a0-9c7f26654c28:c5971, d1b6a90e-e817-40a7-bec1-608b5cc7d8b6:c5971]
2019-09-11 04:26:21,970 [grpc-default-executor-3] INFO  client.GrpcClientProtocolClient (GrpcClientProtocolClient.java:onNext(264)) - client-734BBEB428D7->a5e38e3e-c2ad-4348-acb9-3fc25cfb14dd: receive RaftClientReply:client-734BBEB428D7->a5e38e3e-c2ad-4348-acb9-3fc25cfb14dd@group-7000B19605CB, cid=3936, SUCCESS, logIndex=5978, commits[a5e38e3e-c2ad-4348-acb9-3fc25cfb14dd:c5978, 11e48d46-e648-47f9-b6a0-9c7f26654c28:c5977, d1b6a90e-e817-40a7-bec1-608b5cc7d8b6:c5977]
2019-09-11 04:26:21,970 [grpc-default-executor-3] INFO  client.GrpcClientProtocolClient (GrpcClientProtocolClient.java:onNext(264)) - client-734BBEB428D7->a5e38e3e-c2ad-4348-acb9-3fc25cfb14dd: receive RaftClientReply:client-734BBEB428D7->a5e38e3e-c2ad-4348-acb9-3fc25cfb14dd@group-7000B19605CB, cid=3937, SUCCESS, logIndex=5979, commits[a5e38e3e-c2ad-4348-acb9-3fc25cfb14dd:c5979, 11e48d46-e648-47f9-b6a0-9c7f26654c28:c5977, d1b6a90e-e817-40a7-bec1-608b5cc7d8b6:c5977]
2019-09-11 04:26:21,997 [grpc-default-executor-1] INFO  client.GrpcClientProtocolClient (GrpcClientProtocolClient.java:onNext(264)) - client-734BBEB428D7->a5e38e3e-c2ad-4348-acb9-3fc25cfb14dd: receive RaftClientReply:client-734BBEB428D7->a5e38e3e-c2ad-4348-acb9-3fc25cfb14dd@group-7000B19605CB, cid=3938, SUCCESS, logIndex=5982, commits[a5e38e3e-c2ad-4348-acb9-3fc25cfb14dd:c5983, 11e48d46-e648-47f9-b6a0-9c7f26654c28:c5979, d1b6a90e-e817-40a7-bec1-608b5cc7d8b6:c5979]
2019-09-11 04:26:21,997 [grpc-default-executor-1] INFO  client.GrpcClientProtocolClient (GrpcClientProtocolClient.java:onNext(264)) - client-734BBEB428D7->a5e38e3e-c2ad-4348-acb9-3fc25cfb14dd: receive RaftClientReply:client-734BBEB428D7->a5e38e3e-c2ad-4348-acb9-3fc25cfb14dd@group-7000B19605CB, cid=3939, SUCCESS, logIndex=5983, commits[a5e38e3e-c2ad-4348-acb9-3fc25cfb14dd:c5983, 11e48d46-e648-47f9-b6a0-9c7f26654c28:c5979, d1b6a90e-e817-40a7-bec1-608b5cc7d8b6:c5979]
2019-09-11 04:26:22,000 [grpc-default-executor-1] INFO  client.GrpcClientProtocolClient (GrpcClientProtocolClient.java:onNext(264)) - client-734BBEB428D7->a5e38e3e-c2ad-4348-acb9-3fc25cfb14dd: receive RaftClientReply:client-734BBEB428D7->a5e38e3e-c2ad-4348-acb9-3fc25cfb14dd@group-7000B19605CB, cid=3940, SUCCESS, logIndex=0, commits[a5e38e3e-c2ad-4348-acb9-3fc25cfb14dd:c5985, 11e48d46-e648-47f9-b6a0-9c7f26654c28:c5983, d1b6a90e-e817-40a7-bec1-608b5cc7d8b6:c5983]
2019-09-11 04:26:22,037 [grpc-default-executor-4] INFO  client.GrpcClientProtocolClient (GrpcClientProtocolClient.java:onNext(264)) - client-734BBEB428D7->a5e38e3e-c2ad-4348-acb9-3fc25cfb14dd: receive RaftClientReply:client-734BBEB428D7->a5e38e3e-c2ad-4348-acb9-3fc25cfb14dd@group-7000B19605CB, cid=3941, SUCCESS, logIndex=5986, commits[a5e38e3e-c2ad-4348-acb9-3fc25cfb14dd:c5987, 11e48d46-e648-47f9-b6a0-9c7f26654c28:c5985, d1b6a90e-e817-40a7-bec1-608b5cc7d8b6:c5985]
2019-09-11 04:26:22,041 [grpc-default-executor-1] INFO  client.GrpcClientProtocolClient (GrpcClientProtocolClient.java:onNext(264)) - client-734BBEB428D7->a5e38e3e-c2ad-4348-acb9-3fc25cfb14dd: receive RaftClientReply:client-734BBEB428D7->a5e38e3e-c2ad-4348-acb9-3fc25cfb14dd@group-7000B19605CB, cid=3942, SUCCESS, logIndex=5987, commits[a5e38e3e-c2ad-4348-acb9-3fc25cfb14dd:c5987, 11e48d46-e648-47f9-b6a0-9c7f26654c28:c5985, d1b6a90e-e817-40a7-bec1-608b5cc7d8b6:c5985]
2019-09-11 04:26:22,042 [grpc-default-executor-1] INFO  client.GrpcClientProtocolClient (GrpcClientProtocolClient.java:onNext(264)) - client-734BBEB428D7->a5e38e3e-c2ad-4348-acb9-3fc25cfb14dd: receive RaftClientReply:client-734BBEB428D7->a5e38e3e-c2ad-4348-acb9-3fc25cfb14dd@group-7000B19605CB, cid=3943, SUCCESS, logIndex=5988, commits[a5e38e3e-c2ad-4348-acb9-3fc25cfb14dd:c5989, 11e48d46-e648-47f9-b6a0-9c7f26654c28:c5985, d1b6a90e-e817-40a7-bec1-608b5cc7d8b6:c5985]
2019-09-11 04:26:22,042 [grpc-default-executor-1] INFO  client.GrpcClientProtocolClient (GrpcClientProtocolClient.java:onNext(264)) - client-734BBEB428D7->a5e38e3e-c2ad-4348-acb9-3fc25cfb14dd: receive RaftClientReply:client-734BBEB428D7->a5e38e3e-c2ad-4348-acb9-3fc25cfb14dd@group-7000B19605CB, cid=3944, SUCCESS, logIndex=5989, commits[a5e38e3e-c2ad-4348-acb9-3fc25cfb14dd:c5989, 11e48d46-e648-47f9-b6a0-9c7f26654c28:c5985, d1b6a90e-e817-40a7-bec1-608b5cc7d8b6:c5985]
2019-09-11 04:26:22,044 [grpc-default-executor-1] INFO  client.GrpcClientProtocolClient (GrpcClientProtocolClient.java:onNext(264)) - client-734BBEB428D7->a5e38e3e-c2ad-4348-acb9-3fc25cfb14dd: receive RaftClientReply:client-734BBEB428D7->a5e38e3e-c2ad-4348-acb9-3fc25cfb14dd@group-7000B19605CB, cid=3945, SUCCESS, logIndex=0, commits[a5e38e3e-c2ad-4348-acb9-3fc25cfb14dd:c5991, 11e48d46-e648-47f9-b6a0-9c7f26654c28:c5987, d1b6a90e-e817-40a7-bec1-608b5cc7d8b6:c5989]
2019-09-11 04:26:22,056 [grpc-default-executor-1] INFO  client.GrpcClientProtocolClient (GrpcClientProtocolClient.java:onNext(264)) - client-734BBEB428D7->a5e38e3e-c2ad-4348-acb9-3fc25cfb14dd: receive RaftClientReply:client-734BBEB428D7->a5e38e3e-c2ad-4348-acb9-3fc25cfb14dd@group-7000B19605CB, cid=3946, SUCCESS, logIndex=5994, commits[a5e38e3e-c2ad-4348-acb9-3fc25cfb14dd:c5995, 11e48d46-e648-47f9-b6a0-9c7f26654c28:c5989, d1b6a90e-e817-40a7-bec1-608b5cc7d8b6:c5991]
2019-09-11 04:26:22,057 [grpc-default-executor-1] INFO  client.GrpcClientProtocolClient (GrpcClientProtocolClient.java:onNext(264)) - client-734BBEB428D7->a5e38e3e-c2ad-4348-acb9-3fc25cfb14dd: receive RaftClientReply:client-734BBEB428D7->a5e38e3e-c2ad-4348-acb9-3fc25cfb14dd@group-7000B19605CB, cid=3947, SUCCESS, logIndex=5995, commits[a5e38e3e-c2ad-4348-acb9-3fc25cfb14dd:c5995, 11e48d46-e648-47f9-b6a0-9c7f26654c28:c5989, d1b6a90e-e817-40a7-bec1-608b5cc7d8b6:c5991]
2019-09-11 04:26:22,078 [grpc-default-executor-1] INFO  client.GrpcClientProtocolClient (GrpcClientProtocolClient.java:onNext(264)) - client-734BBEB428D7->a5e38e3e-c2ad-4348-acb9-3fc25cfb14dd: receive RaftClientReply:client-734BBEB428D7->a5e38e3e-c2ad-4348-acb9-3fc25cfb14dd@group-7000B19605CB, cid=3948, SUCCESS, logIndex=5998, commits[a5e38e3e-c2ad-4348-acb9-3fc25cfb14dd:c5999, 11e48d46-e648-47f9-b6a0-9c7f26654c28:c5997, d1b6a90e-e817-40a7-bec1-608b5cc7d8b6:c5997]
2019-09-11 04:26:22,078 [grpc-default-executor-1] INFO  client.GrpcClientProtocolClient (GrpcClientProtocolClient.java:onNext(264)) - client-734BBEB428D7->a5e38e3e-c2ad-4348-acb9-3fc25cfb14dd: receive RaftClientReply:client-734BBEB428D7->a5e38e3e-c2ad-4348-acb9-3fc25cfb14dd@group-7000B19605CB, cid=3949, SUCCESS, logIndex=5999, commits[a5e38e3e-c2ad-4348-acb9-3fc25cfb14dd:c5999, 11e48d46-e648-47f9-b6a0-9c7f26654c28:c5997, d1b6a90e-e817-40a7-bec1-608b5cc7d8b6:c5997]
2019-09-11 04:26:22,090 [grpc-default-executor-1] INFO  client.GrpcClientProtocolClient (GrpcClientProtocolClient.java:onNext(264)) - client-734BBEB428D7->a5e38e3e-c2ad-4348-acb9-3fc25cfb14dd: receive RaftClientReply:client-734BBEB428D7->a5e38e3e-c2ad-4348-acb9-3fc25cfb14dd@group-7000B19605CB, cid=3950, SUCCESS, logIndex=0, commits[a5e38e3e-c2ad-4348-acb9-3fc25cfb14dd:c6000, 11e48d46-e648-47f9-b6a0-9c7f26654c28:c5999, d1b6a90e-e817-40a7-bec1-608b5cc7d8b6:c5999]
2019-09-11 04:26:22,126 [grpc-default-executor-1] INFO  client.GrpcClientProtocolClient (GrpcClientProtocolClient.java:onNext(264)) - client-734BBEB428D7->a5e38e3e-c2ad-4348-acb9-3fc25cfb14dd: receive RaftClientReply:client-734BBEB428D7->a5e38e3e-c2ad-4348-acb9-3fc25cfb14dd@group-7000B19605CB, cid=3951, SUCCESS, logIndex=6002, commits[a5e38e3e-c2ad-4348-acb9-3fc25cfb14dd:c6003, 11e48d46-e648-47f9-b6a0-9c7f26654c28:c6001, d1b6a90e-e817-40a7-bec1-608b5cc7d8b6:c6001]
2019-09-11 04:26:22,126 [grpc-default-executor-1] INFO  client.GrpcClientProtocolClient (GrpcClientProtocolClient.java:onNext(264)) - client-734BBEB428D7->a5e38e3e-c2ad-4348-acb9-3fc25cfb14dd: receive RaftClientReply:client-734BBEB428D7->a5e38e3e-c2ad-4348-acb9-3fc25cfb14dd@group-7000B19605CB, cid=3952, SUCCESS, logIndex=6003, commits[a5e38e3e-c2ad-4348-acb9-3fc25cfb14dd:c6003, 11e48d46-e648-47f9-b6a0-9c7f26654c28:c6001, d1b6a90e-e817-40a7-bec1-608b5cc7d8b6:c6001]
2019-09-11 04:26:22,127 [grpc-default-executor-1] INFO  client.GrpcClientProtocolClient (GrpcClientProtocolClient.java:onNext(264)) - client-734BBEB428D7->a5e38e3e-c2ad-4348-acb9-3fc25cfb14dd: receive RaftClientReply:client-734BBEB428D7->a5e38e3e-c2ad-4348-acb9-3fc25cfb14dd@group-7000B19605CB, cid=3953, SUCCESS, logIndex=6004, commits[a5e38e3e-c2ad-4348-acb9-3fc25cfb14dd:c6005, 11e48d46-e648-47f9-b6a0-9c7f26654c28:c6001, d1b6a90e-e817-40a7-bec1-608b5cc7d8b6:c6001]
2019-09-11 04:26:22,127 [grpc-default-executor-1] INFO  client.GrpcClientProtocolClient (GrpcClientProtocolClient.java:onNext(264)) - client-734BBEB428D7->a5e38e3e-c2ad-4348-acb9-3fc25cfb14dd: receive RaftClientReply:client-734BBEB428D7->a5e38e3e-c2ad-4348-acb9-3fc25cfb14dd@group-7000B19605CB, cid=3954, SUCCESS, logIndex=6005, commits[a5e38e3e-c2ad-4348-acb9-3fc25cfb14dd:c6005, 11e48d46-e648-47f9-b6a0-9c7f26654c28:c6001, d1b6a90e-e817-40a7-bec1-608b5cc7d8b6:c6001]
2019-09-11 04:26:22,128 [grpc-default-executor-1] INFO  client.GrpcClientProtocolClient (GrpcClientProtocolClient.java:onNext(264)) - client-734BBEB428D7->a5e38e3e-c2ad-4348-acb9-3fc25cfb14dd: receive RaftClientReply:client-734BBEB428D7->a5e38e3e-c2ad-4348-acb9-3fc25cfb14dd@group-7000B19605CB, cid=3955, SUCCESS, logIndex=0, commits[a5e38e3e-c2ad-4348-acb9-3fc25cfb14dd:c6006, 11e48d46-e648-47f9-b6a0-9c7f26654c28:c6003, d1b6a90e-e817-40a7-bec1-608b5cc7d8b6:c6005]
2019-09-11 04:26:22,149 [grpc-default-executor-4] INFO  client.GrpcClientProtocolClient (GrpcClientProtocolClient.java:onNext(264)) - client-734BBEB428D7->a5e38e3e-c2ad-4348-acb9-3fc25cfb14dd: receive RaftClientReply:client-734BBEB428D7->a5e38e3e-c2ad-4348-acb9-3fc25cfb14dd@group-7000B19605CB, cid=3956, SUCCESS, logIndex=6008, commits[a5e38e3e-c2ad-4348-acb9-3fc25cfb14dd:c6009, 11e48d46-e648-47f9-b6a0-9c7f26654c28:c6005, d1b6a90e-e817-40a7-bec1-608b5cc7d8b6:c6007]
2019-09-11 04:26:22,149 [grpc-default-executor-4] INFO  client.GrpcClientProtocolClient (GrpcClientProtocolClient.java:onNext(264)) - client-734BBEB428D7->a5e38e3e-c2ad-4348-acb9-3fc25cfb14dd: receive RaftClientReply:client-734BBEB428D7->a5e38e3e-c2ad-4348-acb9-3fc25cfb14dd@group-7000B19605CB, cid=3957, SUCCESS, logIndex=6009, commits[a5e38e3e-c2ad-4348-acb9-3fc25cfb14dd:c6009, 11e48d46-e648-47f9-b6a0-9c7f26654c28:c6007, d1b6a90e-e817-40a7-bec1-608b5cc7d8b6:c6007]
2019-09-11 04:26:22,162 [grpc-default-executor-4] INFO  client.GrpcClientProtocolClient (GrpcClientProtocolClient.java:onNext(264)) - client-734BBEB428D7->a5e38e3e-c2ad-4348-acb9-3fc25cfb14dd: receive RaftClientReply:client-734BBEB428D7->a5e38e3e-c2ad-4348-acb9-3fc25cfb14dd@group-7000B19605CB, cid=3958, SUCCESS, logIndex=6012, commits[a5e38e3e-c2ad-4348-acb9-3fc25cfb14dd:c6013, 11e48d46-e648-47f9-b6a0-9c7f26654c28:c6009, d1b6a90e-e817-40a7-bec1-608b5cc7d8b6:c6009]
2019-09-11 04:26:22,162 [grpc-default-executor-4] INFO  client.GrpcClientProtocolClient (GrpcClientProtocolClient.java:onNext(264)) - client-734BBEB428D7->a5e38e3e-c2ad-4348-acb9-3fc25cfb14dd: receive RaftClientReply:client-734BBEB428D7->a5e38e3e-c2ad-4348-acb9-3fc25cfb14dd@group-7000B19605CB, cid=3959, SUCCESS, logIndex=6013, commits[a5e38e3e-c2ad-4348-acb9-3fc25cfb14dd:c6013, 11e48d46-e648-47f9-b6a0-9c7f26654c28:c6009, d1b6a90e-e817-40a7-bec1-608b5cc7d8b6:c6009]
2019-09-11 04:26:22,174 [grpc-default-executor-4] INFO  client.GrpcClientProtocolClient (GrpcClientProtocolClient.java:onNext(264)) - client-734BBEB428D7->a5e38e3e-c2ad-4348-acb9-3fc25cfb14dd: receive RaftClientReply:client-734BBEB428D7->a5e38e3e-c2ad-4348-acb9-3fc25cfb14dd@group-7000B19605CB, cid=3960, SUCCESS, logIndex=0, commits[a5e38e3e-c2ad-4348-acb9-3fc25cfb14dd:c6014, 11e48d46-e648-47f9-b6a0-9c7f26654c28:c6013, d1b6a90e-e817-40a7-bec1-608b5cc7d8b6:c6013]
2019-09-11 04:26:22,213 [grpc-default-executor-1] INFO  client.GrpcClientProtocolClient (GrpcClientProtocolClient.java:onNext(264)) - client-734BBEB428D7->a5e38e3e-c2ad-4348-acb9-3fc25cfb14dd: receive RaftClientReply:client-734BBEB428D7->a5e38e3e-c2ad-4348-acb9-3fc25cfb14dd@group-7000B19605CB, cid=3961, SUCCESS, logIndex=6016, commits[a5e38e3e-c2ad-4348-acb9-3fc25cfb14dd:c6019, 11e48d46-e648-47f9-b6a0-9c7f26654c28:c6015, d1b6a90e-e817-40a7-bec1-608b5cc7d8b6:c6015]
2019-09-11 04:26:22,214 [grpc-default-executor-1] INFO  client.GrpcClientProtocolClient (GrpcClientProtocolClient.java:onNext(264)) - client-734BBEB428D7->a5e38e3e-c2ad-4348-acb9-3fc25cfb14dd: receive RaftClientReply:client-734BBEB428D7->a5e38e3e-c2ad-4348-acb9-3fc25cfb14dd@group-7000B19605CB, cid=3962, SUCCESS, logIndex=6017, commits[a5e38e3e-c2ad-4348-acb9-3fc25cfb14dd:c6019, 11e48d46-e648-47f9-b6a0-9c7f26654c28:c6015, d1b6a90e-e817-40a7-bec1-608b5cc7d8b6:c6015]
2019-09-11 04:26:22,214 [grpc-default-executor-1] INFO  client.GrpcClientProtocolClient (GrpcClientProtocolClient.java:onNext(264)) - client-734BBEB428D7->a5e38e3e-c2ad-4348-acb9-3fc25cfb14dd: receive RaftClientReply:client-734BBEB428D7->a5e38e3e-c2ad-4348-acb9-3fc25cfb14dd@group-7000B19605CB, cid=3963, SUCCESS, logIndex=6018, commits[a5e38e3e-c2ad-4348-acb9-3fc25cfb14dd:c6019, 11e48d46-e648-47f9-b6a0-9c7f26654c28:c6015, d1b6a90e-e817-40a7-bec1-608b5cc7d8b6:c6015]
2019-09-11 04:26:22,234 [grpc-default-executor-1] INFO  client.GrpcClientProtocolClient (GrpcClientProtocolClient.java:onNext(264)) - client-734BBEB428D7->a5e38e3e-c2ad-4348-acb9-3fc25cfb14dd: receive RaftClientReply:client-734BBEB428D7->a5e38e3e-c2ad-4348-acb9-3fc25cfb14dd@group-7000B19605CB, cid=3964, SUCCESS, logIndex=6019, commits[a5e38e3e-c2ad-4348-acb9-3fc25cfb14dd:c6019, 11e48d46-e648-47f9-b6a0-9c7f26654c28:c6015, d1b6a90e-e817-40a7-bec1-608b5cc7d8b6:c6015]
2019-09-11 04:26:22,240 [grpc-default-executor-1] INFO  client.GrpcClientProtocolClient (GrpcClientProtocolClient.java:onNext(264)) - client-734BBEB428D7->a5e38e3e-c2ad-4348-acb9-3fc25cfb14dd: receive RaftClientReply:client-734BBEB428D7->a5e38e3e-c2ad-4348-acb9-3fc25cfb14dd@group-7000B19605CB, cid=3965, SUCCESS, logIndex=0, commits[a5e38e3e-c2ad-4348-acb9-3fc25cfb14dd:c6020, 11e48d46-e648-47f9-b6a0-9c7f26654c28:c6017, d1b6a90e-e817-40a7-bec1-608b5cc7d8b6:c6017]
2019-09-11 04:26:22,252 [grpc-default-executor-1] INFO  client.GrpcClientProtocolClient (GrpcClientProtocolClient.java:onNext(264)) - client-734BBEB428D7->a5e38e3e-c2ad-4348-acb9-3fc25cfb14dd: receive RaftClientReply:client-734BBEB428D7->a5e38e3e-c2ad-4348-acb9-3fc25cfb14dd@group-7000B19605CB, cid=3966, SUCCESS, logIndex=6024, commits[a5e38e3e-c2ad-4348-acb9-3fc25cfb14dd:c6025, 11e48d46-e648-47f9-b6a0-9c7f26654c28:c6019, d1b6a90e-e817-40a7-bec1-608b5cc7d8b6:c6021]
2019-09-11 04:26:22,253 [grpc-default-executor-3] INFO  client.GrpcClientProtocolClient (GrpcClientProtocolClient.java:onNext(264)) - client-734BBEB428D7->a5e38e3e-c2ad-4348-acb9-3fc25cfb14dd: receive RaftClientReply:client-734BBEB428D7->a5e38e3e-c2ad-4348-acb9-3fc25cfb14dd@group-7000B19605CB, cid=3967, SUCCESS, logIndex=6025, commits[a5e38e3e-c2ad-4348-acb9-3fc25cfb14dd:c6025, 11e48d46-e648-47f9-b6a0-9c7f26654c28:c6019, d1b6a90e-e817-40a7-bec1-608b5cc7d8b6:c6021]
 0.00% |█                                                                                                    |  0/1 Time: 0:00:332019-09-11 04:26:22,273 [grpc-default-executor-4] INFO  client.GrpcClientProtocolClient (GrpcClientProtocolClient.java:onNext(264)) - client-734BBEB428D7->a5e38e3e-c2ad-4348-acb9-3fc25cfb14dd: receive RaftClientReply:client-734BBEB428D7->a5e38e3e-c2ad-4348-acb9-3fc25cfb14dd@group-7000B19605CB, cid=3968, SUCCESS, logIndex=6028, commits[a5e38e3e-c2ad-4348-acb9-3fc25cfb14dd:c6029, 11e48d46-e648-47f9-b6a0-9c7f26654c28:c6027, d1b6a90e-e817-40a7-bec1-608b5cc7d8b6:c6027]
2019-09-11 04:26:22,273 [grpc-default-executor-4] INFO  client.GrpcClientProtocolClient (GrpcClientProtocolClient.java:onNext(264)) - client-734BBEB428D7->a5e38e3e-c2ad-4348-acb9-3fc25cfb14dd: receive RaftClientReply:client-734BBEB428D7->a5e38e3e-c2ad-4348-acb9-3fc25cfb14dd@group-7000B19605CB, cid=3969, SUCCESS, logIndex=6029, commits[a5e38e3e-c2ad-4348-acb9-3fc25cfb14dd:c6029, 11e48d46-e648-47f9-b6a0-9c7f26654c28:c6027, d1b6a90e-e817-40a7-bec1-608b5cc7d8b6:c6027]
2019-09-11 04:26:22,286 [grpc-default-executor-4] INFO  client.GrpcClientProtocolClient (GrpcClientProtocolClient.java:onNext(264)) - client-734BBEB428D7->a5e38e3e-c2ad-4348-acb9-3fc25cfb14dd: receive RaftClientReply:client-734BBEB428D7->a5e38e3e-c2ad-4348-acb9-3fc25cfb14dd@group-7000B19605CB, cid=3970, SUCCESS, logIndex=0, commits[a5e38e3e-c2ad-4348-acb9-3fc25cfb14dd:c6031, 11e48d46-e648-47f9-b6a0-9c7f26654c28:c6029, d1b6a90e-e817-40a7-bec1-608b5cc7d8b6:c6029]
2019-09-11 04:26:22,322 [grpc-default-executor-3] INFO  client.GrpcClientProtocolClient (GrpcClientProtocolClient.java:onNext(264)) - client-734BBEB428D7->a5e38e3e-c2ad-4348-acb9-3fc25cfb14dd: receive RaftClientReply:client-734BBEB428D7->a5e38e3e-c2ad-4348-acb9-3fc25cfb14dd@group-7000B19605CB, cid=3971, SUCCESS, logIndex=6032, commits[a5e38e3e-c2ad-4348-acb9-3fc25cfb14dd:c6033, 11e48d46-e648-47f9-b6a0-9c7f26654c28:c6031, d1b6a90e-e817-40a7-bec1-608b5cc7d8b6:c6031]
2019-09-11 04:26:22,323 [grpc-default-executor-1] INFO  client.GrpcClientProtocolClient (GrpcClientProtocolClient.java:onNext(264)) - client-734BBEB428D7->a5e38e3e-c2ad-4348-acb9-3fc25cfb14dd: receive RaftClientReply:client-734BBEB428D7->a5e38e3e-c2ad-4348-acb9-3fc25cfb14dd@group-7000B19605CB, cid=3972, SUCCESS, logIndex=6033, commits[a5e38e3e-c2ad-4348-acb9-3fc25cfb14dd:c6033, 11e48d46-e648-47f9-b6a0-9c7f26654c28:c6031, d1b6a90e-e817-40a7-bec1-608b5cc7d8b6:c6031]
2019-09-11 04:26:22,324 [grpc-default-executor-1] INFO  client.GrpcClientProtocolClient (GrpcClientProtocolClient.java:onNext(264)) - client-734BBEB428D7->a5e38e3e-c2ad-4348-acb9-3fc25cfb14dd: receive RaftClientReply:client-734BBEB428D7->a5e38e3e-c2ad-4348-acb9-3fc25cfb14dd@group-7000B19605CB, cid=3973, SUCCESS, logIndex=6034, commits[a5e38e3e-c2ad-4348-acb9-3fc25cfb14dd:c6035, 11e48d46-e648-47f9-b6a0-9c7f26654c28:c6031, d1b6a90e-e817-40a7-bec1-608b5cc7d8b6:c6031]
2019-09-11 04:26:22,324 [grpc-default-executor-1] INFO  client.GrpcClientProtocolClient (GrpcClientProtocolClient.java:onNext(264)) - client-734BBEB428D7->a5e38e3e-c2ad-4348-acb9-3fc25cfb14dd: receive RaftClientReply:client-734BBEB428D7->a5e38e3e-c2ad-4348-acb9-3fc25cfb14dd@group-7000B19605CB, cid=3974, SUCCESS, logIndex=6035, commits[a5e38e3e-c2ad-4348-acb9-3fc25cfb14dd:c6035, 11e48d46-e648-47f9-b6a0-9c7f26654c28:c6031, d1b6a90e-e817-40a7-bec1-608b5cc7d8b6:c6031]
2019-09-11 04:26:22,325 [grpc-default-executor-1] INFO  client.GrpcClientProtocolClient (GrpcClientProtocolClient.java:onNext(264)) - client-734BBEB428D7->a5e38e3e-c2ad-4348-acb9-3fc25cfb14dd: receive RaftClientReply:client-734BBEB428D7->a5e38e3e-c2ad-4348-acb9-3fc25cfb14dd@group-7000B19605CB, cid=3975, SUCCESS, logIndex=0, commits[a5e38e3e-c2ad-4348-acb9-3fc25cfb14dd:c6037, 11e48d46-e648-47f9-b6a0-9c7f26654c28:c6033, d1b6a90e-e817-40a7-bec1-608b5cc7d8b6:c6033]
2019-09-11 04:26:22,345 [grpc-default-executor-3] INFO  client.GrpcClientProtocolClient (GrpcClientProtocolClient.java:onNext(264)) - client-734BBEB428D7->a5e38e3e-c2ad-4348-acb9-3fc25cfb14dd: receive RaftClientReply:client-734BBEB428D7->a5e38e3e-c2ad-4348-acb9-3fc25cfb14dd@group-7000B19605CB, cid=3976, SUCCESS, logIndex=6040, commits[a5e38e3e-c2ad-4348-acb9-3fc25cfb14dd:c6041, 11e48d46-e648-47f9-b6a0-9c7f26654c28:c6039, d1b6a90e-e817-40a7-bec1-608b5cc7d8b6:c6039]
2019-09-11 04:26:22,345 [grpc-default-executor-3] INFO  client.GrpcClientProtocolClient (GrpcClientProtocolClient.java:onNext(264)) - client-734BBEB428D7->a5e38e3e-c2ad-4348-acb9-3fc25cfb14dd: receive RaftClientReply:client-734BBEB428D7->a5e38e3e-c2ad-4348-acb9-3fc25cfb14dd@group-7000B19605CB, cid=3977, SUCCESS, logIndex=6041, commits[a5e38e3e-c2ad-4348-acb9-3fc25cfb14dd:c6041, 11e48d46-e648-47f9-b6a0-9c7f26654c28:c6039, d1b6a90e-e817-40a7-bec1-608b5cc7d8b6:c6039]
2019-09-11 04:26:22,358 [grpc-default-executor-3] INFO  client.GrpcClientProtocolClient (GrpcClientProtocolClient.java:onNext(264)) - client-734BBEB428D7->a5e38e3e-c2ad-4348-acb9-3fc25cfb14dd: receive RaftClientReply:client-734BBEB428D7->a5e38e3e-c2ad-4348-acb9-3fc25cfb14dd@group-7000B19605CB, cid=3978, SUCCESS, logIndex=6044, commits[a5e38e3e-c2ad-4348-acb9-3fc25cfb14dd:c6045, 11e48d46-e648-47f9-b6a0-9c7f26654c28:c6041, d1b6a90e-e817-40a7-bec1-608b5cc7d8b6:c6041]
2019-09-11 04:26:22,358 [grpc-default-executor-3] INFO  client.GrpcClientProtocolClient (GrpcClientProtocolClient.java:onNext(264)) - client-734BBEB428D7->a5e38e3e-c2ad-4348-acb9-3fc25cfb14dd: receive RaftClientReply:client-734BBEB428D7->a5e38e3e-c2ad-4348-acb9-3fc25cfb14dd@group-7000B19605CB, cid=3979, SUCCESS, logIndex=6045, commits[a5e38e3e-c2ad-4348-acb9-3fc25cfb14dd:c6045, 11e48d46-e648-47f9-b6a0-9c7f26654c28:c6041, d1b6a90e-e817-40a7-bec1-608b5cc7d8b6:c6041]
2019-09-11 04:26:22,370 [grpc-default-executor-3] INFO  client.GrpcClientProtocolClient (GrpcClientProtocolClient.java:onNext(264)) - client-734BBEB428D7->a5e38e3e-c2ad-4348-acb9-3fc25cfb14dd: receive RaftClientReply:client-734BBEB428D7->a5e38e3e-c2ad-4348-acb9-3fc25cfb14dd@group-7000B19605CB, cid=3980, SUCCESS, logIndex=0, commits[a5e38e3e-c2ad-4348-acb9-3fc25cfb14dd:c6046, 11e48d46-e648-47f9-b6a0-9c7f26654c28:c6045, d1b6a90e-e817-40a7-bec1-608b5cc7d8b6:c6045]
2019-09-11 04:26:22,579 [grpc-default-executor-1] INFO  client.GrpcClientProtocolClient (GrpcClientProtocolClient.java:onNext(264)) - client-734BBEB428D7->a5e38e3e-c2ad-4348-acb9-3fc25cfb14dd: receive RaftClientReply:client-734BBEB428D7->a5e38e3e-c2ad-4348-acb9-3fc25cfb14dd@group-7000B19605CB, cid=3981, SUCCESS, logIndex=6048, commits[a5e38e3e-c2ad-4348-acb9-3fc25cfb14dd:c6049, 11e48d46-e648-47f9-b6a0-9c7f26654c28:c6047, d1b6a90e-e817-40a7-bec1-608b5cc7d8b6:c6047]
2019-09-11 04:26:22,579 [grpc-default-executor-1] INFO  client.GrpcClientProtocolClient (GrpcClientProtocolClient.java:onNext(264)) - client-734BBEB428D7->a5e38e3e-c2ad-4348-acb9-3fc25cfb14dd: receive RaftClientReply:client-734BBEB428D7->a5e38e3e-c2ad-4348-acb9-3fc25cfb14dd@group-7000B19605CB, cid=3982, SUCCESS, logIndex=6049, commits[a5e38e3e-c2ad-4348-acb9-3fc25cfb14dd:c6049, 11e48d46-e648-47f9-b6a0-9c7f26654c28:c6047, d1b6a90e-e817-40a7-bec1-608b5cc7d8b6:c6047]
2019-09-11 04:26:22,591 [grpc-default-executor-1] INFO  client.GrpcClientProtocolClient (GrpcClientProtocolClient.java:onNext(264)) - client-734BBEB428D7->a5e38e3e-c2ad-4348-acb9-3fc25cfb14dd: receive RaftClientReply:client-734BBEB428D7->a5e38e3e-c2ad-4348-acb9-3fc25cfb14dd@group-7000B19605CB, cid=3983, SUCCESS, logIndex=6050, commits[a5e38e3e-c2ad-4348-acb9-3fc25cfb14dd:c6052, 11e48d46-e648-47f9-b6a0-9c7f26654c28:c6047, d1b6a90e-e817-40a7-bec1-608b5cc7d8b6:c6048]
2019-09-11 04:26:22,591 [grpc-default-executor-1] INFO  client.GrpcClientProtocolClient (GrpcClientProtocolClient.java:onNext(264)) - client-734BBEB428D7->a5e38e3e-c2ad-4348-acb9-3fc25cfb14dd: receive RaftClientReply:client-734BBEB428D7->a5e38e3e-c2ad-4348-acb9-3fc25cfb14dd@group-7000B19605CB, cid=3984, SUCCESS, logIndex=6051, commits[a5e38e3e-c2ad-4348-acb9-3fc25cfb14dd:c6053, 11e48d46-e648-47f9-b6a0-9c7f26654c28:c6049, d1b6a90e-e817-40a7-bec1-608b5cc7d8b6:c6049]
2019-09-11 04:26:22,614 [grpc-default-executor-1] INFO  client.GrpcClientProtocolClient (GrpcClientProtocolClient.java:onNext(264)) - client-734BBEB428D7->a5e38e3e-c2ad-4348-acb9-3fc25cfb14dd: receive RaftClientReply:client-734BBEB428D7->a5e38e3e-c2ad-4348-acb9-3fc25cfb14dd@group-7000B19605CB, cid=3985, SUCCESS, logIndex=6056, commits[a5e38e3e-c2ad-4348-acb9-3fc25cfb14dd:c6057, 11e48d46-e648-47f9-b6a0-9c7f26654c28:c6055, d1b6a90e-e817-40a7-bec1-608b5cc7d8b6:c6055]
2019-09-11 04:26:22,615 [grpc-default-executor-1] INFO  client.GrpcClientProtocolClient (GrpcClientProtocolClient.java:onNext(264)) - client-734BBEB428D7->a5e38e3e-c2ad-4348-acb9-3fc25cfb14dd: receive RaftClientReply:client-734BBEB428D7->a5e38e3e-c2ad-4348-acb9-3fc25cfb14dd@group-7000B19605CB, cid=3986, SUCCESS, logIndex=6057, commits[a5e38e3e-c2ad-4348-acb9-3fc25cfb14dd:c6057, 11e48d46-e648-47f9-b6a0-9c7f26654c28:c6055, d1b6a90e-e817-40a7-bec1-608b5cc7d8b6:c6055]
2019-09-11 04:26:22,639 [grpc-default-executor-3] INFO  client.GrpcClientProtocolClient (GrpcClientProtocolClient.java:onNext(264)) - client-734BBEB428D7->a5e38e3e-c2ad-4348-acb9-3fc25cfb14dd: receive RaftClientReply:client-734BBEB428D7->a5e38e3e-c2ad-4348-acb9-3fc25cfb14dd@group-7000B19605CB, cid=3987, SUCCESS, logIndex=6060, commits[a5e38e3e-c2ad-4348-acb9-3fc25cfb14dd:c6061, 11e48d46-e648-47f9-b6a0-9c7f26654c28:c6057, d1b6a90e-e817-40a7-bec1-608b5cc7d8b6:c6057]
2019-09-11 04:26:22,639 [grpc-default-executor-3] INFO  client.GrpcClientProtocolClient (GrpcClientProtocolClient.java:onNext(264)) - client-734BBEB428D7->a5e38e3e-c2ad-4348-acb9-3fc25cfb14dd: receive RaftClientReply:client-734BBEB428D7->a5e38e3e-c2ad-4348-acb9-3fc25cfb14dd@group-7000B19605CB, cid=3988, SUCCESS, logIndex=6061, commits[a5e38e3e-c2ad-4348-acb9-3fc25cfb14dd:c6061, 11e48d46-e648-47f9-b6a0-9c7f26654c28:c6057, d1b6a90e-e817-40a7-bec1-608b5cc7d8b6:c6057]
2019-09-11 04:26:22,653 [grpc-default-executor-4] INFO  client.GrpcClientProtocolClient (GrpcClientProtocolClient.java:onNext(264)) - client-734BBEB428D7->a5e38e3e-c2ad-4348-acb9-3fc25cfb14dd: receive RaftClientReply:client-734BBEB428D7->a5e38e3e-c2ad-4348-acb9-3fc25cfb14dd@group-7000B19605CB, cid=3989, SUCCESS, logIndex=0, commits[a5e38e3e-c2ad-4348-acb9-3fc25cfb14dd:c6063, 11e48d46-e648-47f9-b6a0-9c7f26654c28:c6061, d1b6a90e-e817-40a7-bec1-608b5cc7d8b6:c6061]
2019-09-11 04:26:22,689 [grpc-default-executor-4] INFO  client.GrpcClientProtocolClient (GrpcClientProtocolClient.java:onNext(264)) - client-734BBEB428D7->a5e38e3e-c2ad-4348-acb9-3fc25cfb14dd: receive RaftClientReply:client-734BBEB428D7->a5e38e3e-c2ad-4348-acb9-3fc25cfb14dd@group-7000B19605CB, cid=3990, SUCCESS, logIndex=6064, commits[a5e38e3e-c2ad-4348-acb9-3fc25cfb14dd:c6066, 11e48d46-e648-47f9-b6a0-9c7f26654c28:c6063, d1b6a90e-e817-40a7-bec1-608b5cc7d8b6:c6063]
2019-09-11 04:26:22,689 [grpc-default-executor-3] INFO  client.GrpcClientProtocolClient (GrpcClientProtocolClient.java:onNext(264)) - client-734BBEB428D7->a5e38e3e-c2ad-4348-acb9-3fc25cfb14dd: receive RaftClientReply:client-734BBEB428D7->a5e38e3e-c2ad-4348-acb9-3fc25cfb14dd@group-7000B19605CB, cid=3991, SUCCESS, logIndex=6065, commits[a5e38e3e-c2ad-4348-acb9-3fc25cfb14dd:c6067, 11e48d46-e648-47f9-b6a0-9c7f26654c28:c6063, d1b6a90e-e817-40a7-bec1-608b5cc7d8b6:c6063]
2019-09-11 04:26:22,690 [grpc-default-executor-3] INFO  client.GrpcClientProtocolClient (GrpcClientProtocolClient.java:onNext(264)) - client-734BBEB428D7->a5e38e3e-c2ad-4348-acb9-3fc25cfb14dd: receive RaftClientReply:client-734BBEB428D7->a5e38e3e-c2ad-4348-acb9-3fc25cfb14dd@group-7000B19605CB, cid=3992, SUCCESS, logIndex=6066, commits[a5e38e3e-c2ad-4348-acb9-3fc25cfb14dd:c6067, 11e48d46-e648-47f9-b6a0-9c7f26654c28:c6063, d1b6a90e-e817-40a7-bec1-608b5cc7d8b6:c6063]
2019-09-11 04:26:22,690 [grpc-default-executor-3] INFO  client.GrpcClientProtocolClient (GrpcClientProtocolClient.java:onNext(264)) - client-734BBEB428D7->a5e38e3e-c2ad-4348-acb9-3fc25cfb14dd: receive RaftClientReply:client-734BBEB428D7->a5e38e3e-c2ad-4348-acb9-3fc25cfb14dd@group-7000B19605CB, cid=3993, SUCCESS, logIndex=6067, commits[a5e38e3e-c2ad-4348-acb9-3fc25cfb14dd:c6067, 11e48d46-e648-47f9-b6a0-9c7f26654c28:c6063, d1b6a90e-e817-40a7-bec1-608b5cc7d8b6:c6063]
2019-09-11 04:26:22,691 [grpc-default-executor-4] INFO  client.GrpcClientProtocolClient (GrpcClientProtocolClient.java:onNext(264)) - client-734BBEB428D7->a5e38e3e-c2ad-4348-acb9-3fc25cfb14dd: receive RaftClientReply:client-734BBEB428D7->a5e38e3e-c2ad-4348-acb9-3fc25cfb14dd@group-7000B19605CB, cid=3994, SUCCESS, logIndex=0, commits[a5e38e3e-c2ad-4348-acb9-3fc25cfb14dd:c6070, 11e48d46-e648-47f9-b6a0-9c7f26654c28:c6065, d1b6a90e-e817-40a7-bec1-608b5cc7d8b6:c6066]
2019-09-11 04:26:22,718 [grpc-default-executor-4] INFO  client.GrpcClientProtocolClient (GrpcClientProtocolClient.java:onNext(264)) - client-734BBEB428D7->a5e38e3e-c2ad-4348-acb9-3fc25cfb14dd: receive RaftClientReply:client-734BBEB428D7->a5e38e3e-c2ad-4348-acb9-3fc25cfb14dd@group-7000B19605CB, cid=3995, SUCCESS, logIndex=6072, commits[a5e38e3e-c2ad-4348-acb9-3fc25cfb14dd:c6073, 11e48d46-e648-47f9-b6a0-9c7f26654c28:c6071, d1b6a90e-e817-40a7-bec1-608b5cc7d8b6:c6067]
2019-09-11 04:26:22,727 [grpc-default-executor-4] INFO  client.GrpcClientProtocolClient (GrpcClientProtocolClient.java:onNext(264)) - client-734BBEB428D7->a5e38e3e-c2ad-4348-acb9-3fc25cfb14dd: receive RaftClientReply:client-734BBEB428D7->a5e38e3e-c2ad-4348-acb9-3fc25cfb14dd@group-7000B19605CB, cid=3996, SUCCESS, logIndex=6073, commits[a5e38e3e-c2ad-4348-acb9-3fc25cfb14dd:c6073, 11e48d46-e648-47f9-b6a0-9c7f26654c28:c6071, d1b6a90e-e817-40a7-bec1-608b5cc7d8b6:c6071]
2019-09-11 04:26:22,748 [grpc-default-executor-1] INFO  client.GrpcClientProtocolClient (GrpcClientProtocolClient.java:onNext(264)) - client-734BBEB428D7->a5e38e3e-c2ad-4348-acb9-3fc25cfb14dd: receive RaftClientReply:client-734BBEB428D7->a5e38e3e-c2ad-4348-acb9-3fc25cfb14dd@group-7000B19605CB, cid=3997, SUCCESS, logIndex=6075, commits[a5e38e3e-c2ad-4348-acb9-3fc25cfb14dd:c6076, 11e48d46-e648-47f9-b6a0-9c7f26654c28:c6074, d1b6a90e-e817-40a7-bec1-608b5cc7d8b6:c6074]
2019-09-11 04:26:22,748 [grpc-default-executor-1] INFO  client.GrpcClientProtocolClient (GrpcClientProtocolClient.java:onNext(264)) - client-734BBEB428D7->a5e38e3e-c2ad-4348-acb9-3fc25cfb14dd: receive RaftClientReply:client-734BBEB428D7->a5e38e3e-c2ad-4348-acb9-3fc25cfb14dd@group-7000B19605CB, cid=3998, SUCCESS, logIndex=6076, commits[a5e38e3e-c2ad-4348-acb9-3fc25cfb14dd:c6076, 11e48d46-e648-47f9-b6a0-9c7f26654c28:c6074, d1b6a90e-e817-40a7-bec1-608b5cc7d8b6:c6074]
2019-09-11 04:26:22,763 [grpc-default-executor-4] INFO  client.GrpcClientProtocolClient (GrpcClientProtocolClient.java:onNext(264)) - client-734BBEB428D7->a5e38e3e-c2ad-4348-acb9-3fc25cfb14dd: receive RaftClientReply:client-734BBEB428D7->a5e38e3e-c2ad-4348-acb9-3fc25cfb14dd@group-7000B19605CB, cid=3999, SUCCESS, logIndex=0, commits[a5e38e3e-c2ad-4348-acb9-3fc25cfb14dd:c6077, 11e48d46-e648-47f9-b6a0-9c7f26654c28:c6076, d1b6a90e-e817-40a7-bec1-608b5cc7d8b6:c6076]
2019-09-11 04:26:22,801 [grpc-default-executor-1] INFO  client.GrpcClientProtocolClient (GrpcClientProtocolClient.java:onNext(264)) - client-734BBEB428D7->a5e38e3e-c2ad-4348-acb9-3fc25cfb14dd: receive RaftClientReply:client-734BBEB428D7->a5e38e3e-c2ad-4348-acb9-3fc25cfb14dd@group-7000B19605CB, cid=4000, SUCCESS, logIndex=6079, commits[a5e38e3e-c2ad-4348-acb9-3fc25cfb14dd:c6080, 11e48d46-e648-47f9-b6a0-9c7f26654c28:c6078, d1b6a90e-e817-40a7-bec1-608b5cc7d8b6:c6078]
2019-09-11 04:26:22,802 [grpc-default-executor-1] INFO  client.GrpcClientProtocolClient (GrpcClientProtocolClient.java:onNext(264)) - client-734BBEB428D7->a5e38e3e-c2ad-4348-acb9-3fc25cfb14dd: receive RaftClientReply:client-734BBEB428D7->a5e38e3e-c2ad-4348-acb9-3fc25cfb14dd@group-7000B19605CB, cid=4001, SUCCESS, logIndex=6080, commits[a5e38e3e-c2ad-4348-acb9-3fc25cfb14dd:c6080, 11e48d46-e648-47f9-b6a0-9c7f26654c28:c6078, d1b6a90e-e817-40a7-bec1-608b5cc7d8b6:c6078]
2019-09-11 04:26:22,803 [grpc-default-executor-3] INFO  client.GrpcClientProtocolClient (GrpcClientProtocolClient.java:onNext(264)) - client-734BBEB428D7->a5e38e3e-c2ad-4348-acb9-3fc25cfb14dd: receive RaftClientReply:client-734BBEB428D7->a5e38e3e-c2ad-4348-acb9-3fc25cfb14dd@group-7000B19605CB, cid=4002, SUCCESS, logIndex=6081, commits[a5e38e3e-c2ad-4348-acb9-3fc25cfb14dd:c6082, 11e48d46-e648-47f9-b6a0-9c7f26654c28:c6078, d1b6a90e-e817-40a7-bec1-608b5cc7d8b6:c6078]
2019-09-11 04:26:22,803 [grpc-default-executor-3] INFO  client.GrpcClientProtocolClient (GrpcClientProtocolClient.java:onNext(264)) - client-734BBEB428D7->a5e38e3e-c2ad-4348-acb9-3fc25cfb14dd: receive RaftClientReply:client-734BBEB428D7->a5e38e3e-c2ad-4348-acb9-3fc25cfb14dd@group-7000B19605CB, cid=4003, SUCCESS, logIndex=6082, commits[a5e38e3e-c2ad-4348-acb9-3fc25cfb14dd:c6082, 11e48d46-e648-47f9-b6a0-9c7f26654c28:c6078, d1b6a90e-e817-40a7-bec1-608b5cc7d8b6:c6078]
2019-09-11 04:26:22,804 [grpc-default-executor-1] INFO  client.GrpcClientProtocolClient (GrpcClientProtocolClient.java:onNext(264)) - client-734BBEB428D7->a5e38e3e-c2ad-4348-acb9-3fc25cfb14dd: receive RaftClientReply:client-734BBEB428D7->a5e38e3e-c2ad-4348-acb9-3fc25cfb14dd@group-7000B19605CB, cid=4004, SUCCESS, logIndex=0, commits[a5e38e3e-c2ad-4348-acb9-3fc25cfb14dd:c6084, 11e48d46-e648-47f9-b6a0-9c7f26654c28:c6080, d1b6a90e-e817-40a7-bec1-608b5cc7d8b6:c6080]
2019-09-11 04:26:22,824 [grpc-default-executor-4] INFO  client.GrpcClientProtocolClient (GrpcClientProtocolClient.java:onNext(264)) - client-734BBEB428D7->a5e38e3e-c2ad-4348-acb9-3fc25cfb14dd: receive RaftClientReply:client-734BBEB428D7->a5e38e3e-c2ad-4348-acb9-3fc25cfb14dd@group-7000B19605CB, cid=4005, SUCCESS, logIndex=6087, commits[a5e38e3e-c2ad-4348-acb9-3fc25cfb14dd:c6088, 11e48d46-e648-47f9-b6a0-9c7f26654c28:c6086, d1b6a90e-e817-40a7-bec1-608b5cc7d8b6:c6086]
2019-09-11 04:26:22,824 [grpc-default-executor-4] INFO  client.GrpcClientProtocolClient (GrpcClientProtocolClient.java:onNext(264)) - client-734BBEB428D7->a5e38e3e-c2ad-4348-acb9-3fc25cfb14dd: receive RaftClientReply:client-734BBEB428D7->a5e38e3e-c2ad-4348-acb9-3fc25cfb14dd@group-7000B19605CB, cid=4006, SUCCESS, logIndex=6088, commits[a5e38e3e-c2ad-4348-acb9-3fc25cfb14dd:c6088, 11e48d46-e648-47f9-b6a0-9c7f26654c28:c6086, d1b6a90e-e817-40a7-bec1-608b5cc7d8b6:c6086]
2019-09-11 04:26:22,837 [grpc-default-executor-3] INFO  client.GrpcClientProtocolClient (GrpcClientProtocolClient.java:onNext(264)) - client-734BBEB428D7->a5e38e3e-c2ad-4348-acb9-3fc25cfb14dd: receive RaftClientReply:client-734BBEB428D7->a5e38e3e-c2ad-4348-acb9-3fc25cfb14dd@group-7000B19605CB, cid=4007, SUCCESS, logIndex=6091, commits[a5e38e3e-c2ad-4348-acb9-3fc25cfb14dd:c6092, 11e48d46-e648-47f9-b6a0-9c7f26654c28:c6088, d1b6a90e-e817-40a7-bec1-608b5cc7d8b6:c6088]
2019-09-11 04:26:22,838 [grpc-default-executor-3] INFO  client.GrpcClientProtocolClient (GrpcClientProtocolClient.java:onNext(264)) - client-734BBEB428D7->a5e38e3e-c2ad-4348-acb9-3fc25cfb14dd: receive RaftClientReply:client-734BBEB428D7->a5e38e3e-c2ad-4348-acb9-3fc25cfb14dd@group-7000B19605CB, cid=4008, SUCCESS, logIndex=6092, commits[a5e38e3e-c2ad-4348-acb9-3fc25cfb14dd:c6092, 11e48d46-e648-47f9-b6a0-9c7f26654c28:c6088, d1b6a90e-e817-40a7-bec1-608b5cc7d8b6:c6088]
2019-09-11 04:26:22,850 [grpc-default-executor-3] INFO  client.GrpcClientProtocolClient (GrpcClientProtocolClient.java:onNext(264)) - client-734BBEB428D7->a5e38e3e-c2ad-4348-acb9-3fc25cfb14dd: receive RaftClientReply:client-734BBEB428D7->a5e38e3e-c2ad-4348-acb9-3fc25cfb14dd@group-7000B19605CB, cid=4009, SUCCESS, logIndex=0, commits[a5e38e3e-c2ad-4348-acb9-3fc25cfb14dd:c6094, 11e48d46-e648-47f9-b6a0-9c7f26654c28:c6092, d1b6a90e-e817-40a7-bec1-608b5cc7d8b6:c6092]
2019-09-11 04:26:22,888 [grpc-default-executor-1] INFO  client.GrpcClientProtocolClient (GrpcClientProtocolClient.java:onNext(264)) - client-734BBEB428D7->a5e38e3e-c2ad-4348-acb9-3fc25cfb14dd: receive RaftClientReply:client-734BBEB428D7->a5e38e3e-c2ad-4348-acb9-3fc25cfb14dd@group-7000B19605CB, cid=4010, SUCCESS, logIndex=6095, commits[a5e38e3e-c2ad-4348-acb9-3fc25cfb14dd:c6098, 11e48d46-e648-47f9-b6a0-9c7f26654c28:c6094, d1b6a90e-e817-40a7-bec1-608b5cc7d8b6:c6094]
2019-09-11 04:26:22,889 [grpc-default-executor-4] INFO  client.GrpcClientProtocolClient (GrpcClientProtocolClient.java:onNext(264)) - client-734BBEB428D7->a5e38e3e-c2ad-4348-acb9-3fc25cfb14dd: receive RaftClientReply:client-734BBEB428D7->a5e38e3e-c2ad-4348-acb9-3fc25cfb14dd@group-7000B19605CB, cid=4011, SUCCESS, logIndex=6096, commits[a5e38e3e-c2ad-4348-acb9-3fc25cfb14dd:c6098, 11e48d46-e648-47f9-b6a0-9c7f26654c28:c6094, d1b6a90e-e817-40a7-bec1-608b5cc7d8b6:c6094]
2019-09-11 04:26:22,890 [grpc-default-executor-1] INFO  client.GrpcClientProtocolClient (GrpcClientProtocolClient.java:onNext(264)) - client-734BBEB428D7->a5e38e3e-c2ad-4348-acb9-3fc25cfb14dd: receive RaftClientReply:client-734BBEB428D7->a5e38e3e-c2ad-4348-acb9-3fc25cfb14dd@group-7000B19605CB, cid=4012, SUCCESS, logIndex=6097, commits[a5e38e3e-c2ad-4348-acb9-3fc25cfb14dd:c6098, 11e48d46-e648-47f9-b6a0-9c7f26654c28:c6094, d1b6a90e-e817-40a7-bec1-608b5cc7d8b6:c6094]
2019-09-11 04:26:22,890 [grpc-default-executor-1] INFO  client.GrpcClientProtocolClient (GrpcClientProtocolClient.java:onNext(264)) - client-734BBEB428D7->a5e38e3e-c2ad-4348-acb9-3fc25cfb14dd: receive RaftClientReply:client-734BBEB428D7->a5e38e3e-c2ad-4348-acb9-3fc25cfb14dd@group-7000B19605CB, cid=4013, SUCCESS, logIndex=6098, commits[a5e38e3e-c2ad-4348-acb9-3fc25cfb14dd:c6098, 11e48d46-e648-47f9-b6a0-9c7f26654c28:c6094, d1b6a90e-e817-40a7-bec1-608b5cc7d8b6:c6094]
2019-09-11 04:26:22,891 [grpc-default-executor-1] INFO  client.GrpcClientProtocolClient (GrpcClientProtocolClient.java:onNext(264)) - client-734BBEB428D7->a5e38e3e-c2ad-4348-acb9-3fc25cfb14dd: receive RaftClientReply:client-734BBEB428D7->a5e38e3e-c2ad-4348-acb9-3fc25cfb14dd@group-7000B19605CB, cid=4014, SUCCESS, logIndex=0, commits[a5e38e3e-c2ad-4348-acb9-3fc25cfb14dd:c6102, 11e48d46-e648-47f9-b6a0-9c7f26654c28:c6096, d1b6a90e-e817-40a7-bec1-608b5cc7d8b6:c6098]
2019-09-11 04:26:22,910 [grpc-default-executor-3] INFO  client.GrpcClientProtocolClient (GrpcClientProtocolClient.java:onNext(264)) - client-734BBEB428D7->a5e38e3e-c2ad-4348-acb9-3fc25cfb14dd: receive RaftClientReply:client-734BBEB428D7->a5e38e3e-c2ad-4348-acb9-3fc25cfb14dd@group-7000B19605CB, cid=4015, SUCCESS, logIndex=6103, commits[a5e38e3e-c2ad-4348-acb9-3fc25cfb14dd:c6104, 11e48d46-e648-47f9-b6a0-9c7f26654c28:c6102, d1b6a90e-e817-40a7-bec1-608b5cc7d8b6:c6102]
2019-09-11 04:26:22,911 [grpc-default-executor-3] INFO  client.GrpcClientProtocolClient (GrpcClientProtocolClient.java:onNext(264)) - client-734BBEB428D7->a5e38e3e-c2ad-4348-acb9-3fc25cfb14dd: receive RaftClientReply:client-734BBEB428D7->a5e38e3e-c2ad-4348-acb9-3fc25cfb14dd@group-7000B19605CB, cid=4016, SUCCESS, logIndex=6104, commits[a5e38e3e-c2ad-4348-acb9-3fc25cfb14dd:c6104, 11e48d46-e648-47f9-b6a0-9c7f26654c28:c6102, d1b6a90e-e817-40a7-bec1-608b5cc7d8b6:c6102]
2019-09-11 04:26:22,924 [grpc-default-executor-1] INFO  client.GrpcClientProtocolClient (GrpcClientProtocolClient.java:onNext(264)) - client-734BBEB428D7->a5e38e3e-c2ad-4348-acb9-3fc25cfb14dd: receive RaftClientReply:client-734BBEB428D7->a5e38e3e-c2ad-4348-acb9-3fc25cfb14dd@group-7000B19605CB, cid=4017, SUCCESS, logIndex=6107, commits[a5e38e3e-c2ad-4348-acb9-3fc25cfb14dd:c6108, 11e48d46-e648-47f9-b6a0-9c7f26654c28:c6104, d1b6a90e-e817-40a7-bec1-608b5cc7d8b6:c6104]
2019-09-11 04:26:22,924 [grpc-default-executor-1] INFO  client.GrpcClientProtocolClient (GrpcClientProtocolClient.java:onNext(264)) - client-734BBEB428D7->a5e38e3e-c2ad-4348-acb9-3fc25cfb14dd: receive RaftClientReply:client-734BBEB428D7->a5e38e3e-c2ad-4348-acb9-3fc25cfb14dd@group-7000B19605CB, cid=4018, SUCCESS, logIndex=6108, commits[a5e38e3e-c2ad-4348-acb9-3fc25cfb14dd:c6108, 11e48d46-e648-47f9-b6a0-9c7f26654c28:c6104, d1b6a90e-e817-40a7-bec1-608b5cc7d8b6:c6104]
2019-09-11 04:26:22,935 [grpc-default-executor-1] INFO  client.GrpcClientProtocolClient (GrpcClientProtocolClient.java:onNext(264)) - client-734BBEB428D7->a5e38e3e-c2ad-4348-acb9-3fc25cfb14dd: receive RaftClientReply:client-734BBEB428D7->a5e38e3e-c2ad-4348-acb9-3fc25cfb14dd@group-7000B19605CB, cid=4019, SUCCESS, logIndex=0, commits[a5e38e3e-c2ad-4348-acb9-3fc25cfb14dd:c6110, 11e48d46-e648-47f9-b6a0-9c7f26654c28:c6108, d1b6a90e-e817-40a7-bec1-608b5cc7d8b6:c6108]
2019-09-11 04:26:22,964 [grpc-default-executor-4] INFO  client.GrpcClientProtocolClient (GrpcClientProtocolClient.java:onNext(264)) - client-734BBEB428D7->a5e38e3e-c2ad-4348-acb9-3fc25cfb14dd: receive RaftClientReply:client-734BBEB428D7->a5e38e3e-c2ad-4348-acb9-3fc25cfb14dd@group-7000B19605CB, cid=4020, SUCCESS, logIndex=6111, commits[a5e38e3e-c2ad-4348-acb9-3fc25cfb14dd:c6112, 11e48d46-e648-47f9-b6a0-9c7f26654c28:c6110, d1b6a90e-e817-40a7-bec1-608b5cc7d8b6:c6110]
2019-09-11 04:26:22,964 [grpc-default-executor-4] INFO  client.GrpcClientProtocolClient (GrpcClientProtocolClient.java:onNext(264)) - client-734BBEB428D7->a5e38e3e-c2ad-4348-acb9-3fc25cfb14dd: receive RaftClientReply:client-734BBEB428D7->a5e38e3e-c2ad-4348-acb9-3fc25cfb14dd@group-7000B19605CB, cid=4021, SUCCESS, logIndex=6112, commits[a5e38e3e-c2ad-4348-acb9-3fc25cfb14dd:c6114, 11e48d46-e648-47f9-b6a0-9c7f26654c28:c6110, d1b6a90e-e817-40a7-bec1-608b5cc7d8b6:c6110]
2019-09-11 04:26:22,965 [grpc-default-executor-4] INFO  client.GrpcClientProtocolClient (GrpcClientProtocolClient.java:onNext(264)) - client-734BBEB428D7->a5e38e3e-c2ad-4348-acb9-3fc25cfb14dd: receive RaftClientReply:client-734BBEB428D7->a5e38e3e-c2ad-4348-acb9-3fc25cfb14dd@group-7000B19605CB, cid=4022, SUCCESS, logIndex=6113, commits[a5e38e3e-c2ad-4348-acb9-3fc25cfb14dd:c6114, 11e48d46-e648-47f9-b6a0-9c7f26654c28:c6110, d1b6a90e-e817-40a7-bec1-608b5cc7d8b6:c6110]
2019-09-11 04:26:22,965 [grpc-default-executor-4] INFO  client.GrpcClientProtocolClient (GrpcClientProtocolClient.java:onNext(264)) - client-734BBEB428D7->a5e38e3e-c2ad-4348-acb9-3fc25cfb14dd: receive RaftClientReply:client-734BBEB428D7->a5e38e3e-c2ad-4348-acb9-3fc25cfb14dd@group-7000B19605CB, cid=4023, SUCCESS, logIndex=6114, commits[a5e38e3e-c2ad-4348-acb9-3fc25cfb14dd:c6114, 11e48d46-e648-47f9-b6a0-9c7f26654c28:c6110, d1b6a90e-e817-40a7-bec1-608b5cc7d8b6:c6110]
2019-09-11 04:26:22,967 [grpc-default-executor-4] INFO  client.GrpcClientProtocolClient (GrpcClientProtocolClient.java:onNext(264)) - client-734BBEB428D7->a5e38e3e-c2ad-4348-acb9-3fc25cfb14dd: receive RaftClientReply:client-734BBEB428D7->a5e38e3e-c2ad-4348-acb9-3fc25cfb14dd@group-7000B19605CB, cid=4024, SUCCESS, logIndex=0, commits[a5e38e3e-c2ad-4348-acb9-3fc25cfb14dd:c6116, 11e48d46-e648-47f9-b6a0-9c7f26654c28:c6112, d1b6a90e-e817-40a7-bec1-608b5cc7d8b6:c6112]
2019-09-11 04:26:22,993 [grpc-default-executor-4] INFO  client.GrpcClientProtocolClient (GrpcClientProtocolClient.java:onNext(264)) - client-734BBEB428D7->a5e38e3e-c2ad-4348-acb9-3fc25cfb14dd: receive RaftClientReply:client-734BBEB428D7->a5e38e3e-c2ad-4348-acb9-3fc25cfb14dd@group-7000B19605CB, cid=4025, SUCCESS, logIndex=6118, commits[a5e38e3e-c2ad-4348-acb9-3fc25cfb14dd:c6119, 11e48d46-e648-47f9-b6a0-9c7f26654c28:c6117, d1b6a90e-e817-40a7-bec1-608b5cc7d8b6:c6114]
2019-09-11 04:26:22,993 [grpc-default-executor-4] INFO  client.GrpcClientProtocolClient (GrpcClientProtocolClient.java:onNext(264)) - client-734BBEB428D7->a5e38e3e-c2ad-4348-acb9-3fc25cfb14dd: receive RaftClientReply:client-734BBEB428D7->a5e38e3e-c2ad-4348-acb9-3fc25cfb14dd@group-7000B19605CB, cid=4026, SUCCESS, logIndex=6119, commits[a5e38e3e-c2ad-4348-acb9-3fc25cfb14dd:c6119, 11e48d46-e648-47f9-b6a0-9c7f26654c28:c6117, d1b6a90e-e817-40a7-bec1-608b5cc7d8b6:c6117]
2019-09-11 04:26:23,013 [grpc-default-executor-4] INFO  client.GrpcClientProtocolClient (GrpcClientProtocolClient.java:onNext(264)) - client-734BBEB428D7->a5e38e3e-c2ad-4348-acb9-3fc25cfb14dd: receive RaftClientReply:client-734BBEB428D7->a5e38e3e-c2ad-4348-acb9-3fc25cfb14dd@group-7000B19605CB, cid=4027, SUCCESS, logIndex=6121, commits[a5e38e3e-c2ad-4348-acb9-3fc25cfb14dd:c6121, 11e48d46-e648-47f9-b6a0-9c7f26654c28:c6120, d1b6a90e-e817-40a7-bec1-608b5cc7d8b6:c6120]
2019-09-11 04:26:23,013 [grpc-default-executor-4] INFO  client.GrpcClientProtocolClient (GrpcClientProtocolClient.java:onNext(264)) - client-734BBEB428D7->a5e38e3e-c2ad-4348-acb9-3fc25cfb14dd: receive RaftClientReply:client-734BBEB428D7->a5e38e3e-c2ad-4348-acb9-3fc25cfb14dd@group-7000B19605CB, cid=4028, SUCCESS, logIndex=6122, commits[a5e38e3e-c2ad-4348-acb9-3fc25cfb14dd:c6122, 11e48d46-e648-47f9-b6a0-9c7f26654c28:c6120, d1b6a90e-e817-40a7-bec1-608b5cc7d8b6:c6120]
2019-09-11 04:26:23,031 [grpc-default-executor-4] INFO  client.GrpcClientProtocolClient (GrpcClientProtocolClient.java:onNext(264)) - client-734BBEB428D7->a5e38e3e-c2ad-4348-acb9-3fc25cfb14dd: receive RaftClientReply:client-734BBEB428D7->a5e38e3e-c2ad-4348-acb9-3fc25cfb14dd@group-7000B19605CB, cid=4029, SUCCESS, logIndex=0, commits[a5e38e3e-c2ad-4348-acb9-3fc25cfb14dd:c6124, 11e48d46-e648-47f9-b6a0-9c7f26654c28:c6122, d1b6a90e-e817-40a7-bec1-608b5cc7d8b6:c6122]
2019-09-11 04:26:23,071 [grpc-default-executor-4] INFO  client.GrpcClientProtocolClient (GrpcClientProtocolClient.java:onNext(264)) - client-734BBEB428D7->a5e38e3e-c2ad-4348-acb9-3fc25cfb14dd: receive RaftClientReply:client-734BBEB428D7->a5e38e3e-c2ad-4348-acb9-3fc25cfb14dd@group-7000B19605CB, cid=4030, SUCCESS, logIndex=6125, commits[a5e38e3e-c2ad-4348-acb9-3fc25cfb14dd:c6125, 11e48d46-e648-47f9-b6a0-9c7f26654c28:c6124, d1b6a90e-e817-40a7-bec1-608b5cc7d8b6:c6124]
2019-09-11 04:26:23,071 [grpc-default-executor-4] INFO  client.GrpcClientProtocolClient (GrpcClientProtocolClient.java:onNext(264)) - client-734BBEB428D7->a5e38e3e-c2ad-4348-acb9-3fc25cfb14dd: receive RaftClientReply:client-734BBEB428D7->a5e38e3e-c2ad-4348-acb9-3fc25cfb14dd@group-7000B19605CB, cid=4031, SUCCESS, logIndex=6126, commits[a5e38e3e-c2ad-4348-acb9-3fc25cfb14dd:c6128, 11e48d46-e648-47f9-b6a0-9c7f26654c28:c6124, d1b6a90e-e817-40a7-bec1-608b5cc7d8b6:c6124]
2019-09-11 04:26:23,072 [grpc-default-executor-4] INFO  client.GrpcClientProtocolClient (GrpcClientProtocolClient.java:onNext(264)) - client-734BBEB428D7->a5e38e3e-c2ad-4348-acb9-3fc25cfb14dd: receive RaftClientReply:client-734BBEB428D7->a5e38e3e-c2ad-4348-acb9-3fc25cfb14dd@group-7000B19605CB, cid=4032, SUCCESS, logIndex=6127, commits[a5e38e3e-c2ad-4348-acb9-3fc25cfb14dd:c6128, 11e48d46-e648-47f9-b6a0-9c7f26654c28:c6124, d1b6a90e-e817-40a7-bec1-608b5cc7d8b6:c6124]
2019-09-11 04:26:23,072 [grpc-default-executor-4] INFO  client.GrpcClientProtocolClient (GrpcClientProtocolClient.java:onNext(264)) - client-734BBEB428D7->a5e38e3e-c2ad-4348-acb9-3fc25cfb14dd: receive RaftClientReply:client-734BBEB428D7->a5e38e3e-c2ad-4348-acb9-3fc25cfb14dd@group-7000B19605CB, cid=4033, SUCCESS, logIndex=6128, commits[a5e38e3e-c2ad-4348-acb9-3fc25cfb14dd:c6128, 11e48d46-e648-47f9-b6a0-9c7f26654c28:c6124, d1b6a90e-e817-40a7-bec1-608b5cc7d8b6:c6124]
2019-09-11 04:26:23,074 [grpc-default-executor-4] INFO  client.GrpcClientProtocolClient (GrpcClientProtocolClient.java:onNext(264)) - client-734BBEB428D7->a5e38e3e-c2ad-4348-acb9-3fc25cfb14dd: receive RaftClientReply:client-734BBEB428D7->a5e38e3e-c2ad-4348-acb9-3fc25cfb14dd@group-7000B19605CB, cid=4034, SUCCESS, logIndex=0, commits[a5e38e3e-c2ad-4348-acb9-3fc25cfb14dd:c6132, 11e48d46-e648-47f9-b6a0-9c7f26654c28:c6126, d1b6a90e-e817-40a7-bec1-608b5cc7d8b6:c6128]
2019-09-11 04:26:23,115 [grpc-default-executor-4] INFO  client.GrpcClientProtocolClient (GrpcClientProtocolClient.java:onNext(264)) - client-734BBEB428D7->a5e38e3e-c2ad-4348-acb9-3fc25cfb14dd: receive RaftClientReply:client-734BBEB428D7->a5e38e3e-c2ad-4348-acb9-3fc25cfb14dd@group-7000B19605CB, cid=4035, SUCCESS, logIndex=6133, commits[a5e38e3e-c2ad-4348-acb9-3fc25cfb14dd:c6134, 11e48d46-e648-47f9-b6a0-9c7f26654c28:c6132, d1b6a90e-e817-40a7-bec1-608b5cc7d8b6:c6132]
2019-09-11 04:26:23,116 [grpc-default-executor-4] INFO  client.GrpcClientProtocolClient (GrpcClientProtocolClient.java:onNext(264)) - client-734BBEB428D7->a5e38e3e-c2ad-4348-acb9-3fc25cfb14dd: receive RaftClientReply:client-734BBEB428D7->a5e38e3e-c2ad-4348-acb9-3fc25cfb14dd@group-7000B19605CB, cid=4036, SUCCESS, logIndex=6134, commits[a5e38e3e-c2ad-4348-acb9-3fc25cfb14dd:c6134, 11e48d46-e648-47f9-b6a0-9c7f26654c28:c6132, d1b6a90e-e817-40a7-bec1-608b5cc7d8b6:c6132]
2019-09-11 04:26:23,128 [grpc-default-executor-1] INFO  client.GrpcClientProtocolClient (GrpcClientProtocolClient.java:onNext(264)) - client-734BBEB428D7->a5e38e3e-c2ad-4348-acb9-3fc25cfb14dd: receive RaftClientReply:client-734BBEB428D7->a5e38e3e-c2ad-4348-acb9-3fc25cfb14dd@group-7000B19605CB, cid=4037, SUCCESS, logIndex=6137, commits[a5e38e3e-c2ad-4348-acb9-3fc25cfb14dd:c6138, 11e48d46-e648-47f9-b6a0-9c7f26654c28:c6134, d1b6a90e-e817-40a7-bec1-608b5cc7d8b6:c6134]
2019-09-11 04:26:23,129 [grpc-default-executor-1] INFO  client.GrpcClientProtocolClient (GrpcClientProtocolClient.java:onNext(264)) - client-734BBEB428D7->a5e38e3e-c2ad-4348-acb9-3fc25cfb14dd: receive RaftClientReply:client-734BBEB428D7->a5e38e3e-c2ad-4348-acb9-3fc25cfb14dd@group-7000B19605CB, cid=4038, SUCCESS, logIndex=6138, commits[a5e38e3e-c2ad-4348-acb9-3fc25cfb14dd:c6138, 11e48d46-e648-47f9-b6a0-9c7f26654c28:c6134, d1b6a90e-e817-40a7-bec1-608b5cc7d8b6:c6134]
2019-09-11 04:26:23,141 [grpc-default-executor-1] INFO  client.GrpcClientProtocolClient (GrpcClientProtocolClient.java:onNext(264)) - client-734BBEB428D7->a5e38e3e-c2ad-4348-acb9-3fc25cfb14dd: receive RaftClientReply:client-734BBEB428D7->a5e38e3e-c2ad-4348-acb9-3fc25cfb14dd@group-7000B19605CB, cid=4039, SUCCESS, logIndex=0, commits[a5e38e3e-c2ad-4348-acb9-3fc25cfb14dd:c6140, 11e48d46-e648-47f9-b6a0-9c7f26654c28:c6138, d1b6a90e-e817-40a7-bec1-608b5cc7d8b6:c6138]
2019-09-11 04:26:23,174 [grpc-default-executor-4] INFO  client.GrpcClientProtocolClient (GrpcClientProtocolClient.java:onNext(264)) - client-734BBEB428D7->a5e38e3e-c2ad-4348-acb9-3fc25cfb14dd: receive RaftClientReply:client-734BBEB428D7->a5e38e3e-c2ad-4348-acb9-3fc25cfb14dd@group-7000B19605CB, cid=4040, SUCCESS, logIndex=6141, commits[a5e38e3e-c2ad-4348-acb9-3fc25cfb14dd:c6142, 11e48d46-e648-47f9-b6a0-9c7f26654c28:c6140, d1b6a90e-e817-40a7-bec1-608b5cc7d8b6:c6140]
2019-09-11 04:26:23,174 [grpc-default-executor-4] INFO  client.GrpcClientProtocolClient (GrpcClientProtocolClient.java:onNext(264)) - client-734BBEB428D7->a5e38e3e-c2ad-4348-acb9-3fc25cfb14dd: receive RaftClientReply:client-734BBEB428D7->a5e38e3e-c2ad-4348-acb9-3fc25cfb14dd@group-7000B19605CB, cid=4041, SUCCESS, logIndex=6142, commits[a5e38e3e-c2ad-4348-acb9-3fc25cfb14dd:c6142, 11e48d46-e648-47f9-b6a0-9c7f26654c28:c6140, d1b6a90e-e817-40a7-bec1-608b5cc7d8b6:c6140]
2019-09-11 04:26:23,175 [grpc-default-executor-4] INFO  client.GrpcClientProtocolClient (GrpcClientProtocolClient.java:onNext(264)) - client-734BBEB428D7->a5e38e3e-c2ad-4348-acb9-3fc25cfb14dd: receive RaftClientReply:client-734BBEB428D7->a5e38e3e-c2ad-4348-acb9-3fc25cfb14dd@group-7000B19605CB, cid=4042, SUCCESS, logIndex=6143, commits[a5e38e3e-c2ad-4348-acb9-3fc25cfb14dd:c6144, 11e48d46-e648-47f9-b6a0-9c7f26654c28:c6140, d1b6a90e-e817-40a7-bec1-608b5cc7d8b6:c6140]
2019-09-11 04:26:23,176 [grpc-default-executor-4] INFO  client.GrpcClientProtocolClient (GrpcClientProtocolClient.java:onNext(264)) - client-734BBEB428D7->a5e38e3e-c2ad-4348-acb9-3fc25cfb14dd: receive RaftClientReply:client-734BBEB428D7->a5e38e3e-c2ad-4348-acb9-3fc25cfb14dd@group-7000B19605CB, cid=4043, SUCCESS, logIndex=6144, commits[a5e38e3e-c2ad-4348-acb9-3fc25cfb14dd:c6144, 11e48d46-e648-47f9-b6a0-9c7f26654c28:c6140, d1b6a90e-e817-40a7-bec1-608b5cc7d8b6:c6140]
2019-09-11 04:26:23,177 [grpc-default-executor-4] INFO  client.GrpcClientProtocolClient (GrpcClientProtocolClient.java:onNext(264)) - client-734BBEB428D7->a5e38e3e-c2ad-4348-acb9-3fc25cfb14dd: receive RaftClientReply:client-734BBEB428D7->a5e38e3e-c2ad-4348-acb9-3fc25cfb14dd@group-7000B19605CB, cid=4044, SUCCESS, logIndex=0, commits[a5e38e3e-c2ad-4348-acb9-3fc25cfb14dd:c6146, 11e48d46-e648-47f9-b6a0-9c7f26654c28:c6142, d1b6a90e-e817-40a7-bec1-608b5cc7d8b6:c6142]
2019-09-11 04:26:23,196 [grpc-default-executor-4] INFO  client.GrpcClientProtocolClient (GrpcClientProtocolClient.java:onNext(264)) - client-734BBEB428D7->a5e38e3e-c2ad-4348-acb9-3fc25cfb14dd: receive RaftClientReply:client-734BBEB428D7->a5e38e3e-c2ad-4348-acb9-3fc25cfb14dd@group-7000B19605CB, cid=4045, SUCCESS, logIndex=6149, commits[a5e38e3e-c2ad-4348-acb9-3fc25cfb14dd:c6150, 11e48d46-e648-47f9-b6a0-9c7f26654c28:c6148, d1b6a90e-e817-40a7-bec1-608b5cc7d8b6:c6148]
2019-09-11 04:26:23,197 [grpc-default-executor-4] INFO  client.GrpcClientProtocolClient (GrpcClientProtocolClient.java:onNext(264)) - client-734BBEB428D7->a5e38e3e-c2ad-4348-acb9-3fc25cfb14dd: receive RaftClientReply:client-734BBEB428D7->a5e38e3e-c2ad-4348-acb9-3fc25cfb14dd@group-7000B19605CB, cid=4046, SUCCESS, logIndex=6150, commits[a5e38e3e-c2ad-4348-acb9-3fc25cfb14dd:c6150, 11e48d46-e648-47f9-b6a0-9c7f26654c28:c6148, d1b6a90e-e817-40a7-bec1-608b5cc7d8b6:c6148]
2019-09-11 04:26:23,210 [grpc-default-executor-1] INFO  client.GrpcClientProtocolClient (GrpcClientProtocolClient.java:onNext(264)) - client-734BBEB428D7->a5e38e3e-c2ad-4348-acb9-3fc25cfb14dd: receive RaftClientReply:client-734BBEB428D7->a5e38e3e-c2ad-4348-acb9-3fc25cfb14dd@group-7000B19605CB, cid=4047, SUCCESS, logIndex=6153, commits[a5e38e3e-c2ad-4348-acb9-3fc25cfb14dd:c6154, 11e48d46-e648-47f9-b6a0-9c7f26654c28:c6150, d1b6a90e-e817-40a7-bec1-608b5cc7d8b6:c6150]
2019-09-11 04:26:23,210 [grpc-default-executor-1] INFO  client.GrpcClientProtocolClient (GrpcClientProtocolClient.java:onNext(264)) - client-734BBEB428D7->a5e38e3e-c2ad-4348-acb9-3fc25cfb14dd: receive RaftClientReply:client-734BBEB428D7->a5e38e3e-c2ad-4348-acb9-3fc25cfb14dd@group-7000B19605CB, cid=4048, SUCCESS, logIndex=6154, commits[a5e38e3e-c2ad-4348-acb9-3fc25cfb14dd:c6154, 11e48d46-e648-47f9-b6a0-9c7f26654c28:c6150, d1b6a90e-e817-40a7-bec1-608b5cc7d8b6:c6150]
2019-09-11 04:26:23,243 [grpc-default-executor-1] INFO  client.GrpcClientProtocolClient (GrpcClientProtocolClient.java:onNext(264)) - client-734BBEB428D7->a5e38e3e-c2ad-4348-acb9-3fc25cfb14dd: receive RaftClientReply:client-734BBEB428D7->a5e38e3e-c2ad-4348-acb9-3fc25cfb14dd@group-7000B19605CB, cid=4049, SUCCESS, logIndex=0, commits[a5e38e3e-c2ad-4348-acb9-3fc25cfb14dd:c6156, 11e48d46-e648-47f9-b6a0-9c7f26654c28:c6154, d1b6a90e-e817-40a7-bec1-608b5cc7d8b6:c6154]
 0.00% |█                                                                                                    |  0/1 Time: 0:00:342019-09-11 04:26:23,273 [grpc-default-executor-3] INFO  client.GrpcClientProtocolClient (GrpcClientProtocolClient.java:onNext(264)) - client-734BBEB428D7->a5e38e3e-c2ad-4348-acb9-3fc25cfb14dd: receive RaftClientReply:client-734BBEB428D7->a5e38e3e-c2ad-4348-acb9-3fc25cfb14dd@group-7000B19605CB, cid=4050, SUCCESS, logIndex=6157, commits[a5e38e3e-c2ad-4348-acb9-3fc25cfb14dd:c6158, 11e48d46-e648-47f9-b6a0-9c7f26654c28:c6156, d1b6a90e-e817-40a7-bec1-608b5cc7d8b6:c6156]
2019-09-11 04:26:23,273 [grpc-default-executor-3] INFO  client.GrpcClientProtocolClient (GrpcClientProtocolClient.java:onNext(264)) - client-734BBEB428D7->a5e38e3e-c2ad-4348-acb9-3fc25cfb14dd: receive RaftClientReply:client-734BBEB428D7->a5e38e3e-c2ad-4348-acb9-3fc25cfb14dd@group-7000B19605CB, cid=4051, SUCCESS, logIndex=6158, commits[a5e38e3e-c2ad-4348-acb9-3fc25cfb14dd:c6160, 11e48d46-e648-47f9-b6a0-9c7f26654c28:c6156, d1b6a90e-e817-40a7-bec1-608b5cc7d8b6:c6156]
2019-09-11 04:26:23,274 [grpc-default-executor-3] INFO  client.GrpcClientProtocolClient (GrpcClientProtocolClient.java:onNext(264)) - client-734BBEB428D7->a5e38e3e-c2ad-4348-acb9-3fc25cfb14dd: receive RaftClientReply:client-734BBEB428D7->a5e38e3e-c2ad-4348-acb9-3fc25cfb14dd@group-7000B19605CB, cid=4052, SUCCESS, logIndex=6159, commits[a5e38e3e-c2ad-4348-acb9-3fc25cfb14dd:c6160, 11e48d46-e648-47f9-b6a0-9c7f26654c28:c6156, d1b6a90e-e817-40a7-bec1-608b5cc7d8b6:c6156]
2019-09-11 04:26:23,274 [grpc-default-executor-3] INFO  client.GrpcClientProtocolClient (GrpcClientProtocolClient.java:onNext(264)) - client-734BBEB428D7->a5e38e3e-c2ad-4348-acb9-3fc25cfb14dd: receive RaftClientReply:client-734BBEB428D7->a5e38e3e-c2ad-4348-acb9-3fc25cfb14dd@group-7000B19605CB, cid=4053, SUCCESS, logIndex=6160, commits[a5e38e3e-c2ad-4348-acb9-3fc25cfb14dd:c6160, 11e48d46-e648-47f9-b6a0-9c7f26654c28:c6156, d1b6a90e-e817-40a7-bec1-608b5cc7d8b6:c6156]
2019-09-11 04:26:23,277 [grpc-default-executor-2] INFO  client.GrpcClientProtocolClient (GrpcClientProtocolClient.java:onNext(264)) - client-734BBEB428D7->a5e38e3e-c2ad-4348-acb9-3fc25cfb14dd: receive RaftClientReply:client-734BBEB428D7->a5e38e3e-c2ad-4348-acb9-3fc25cfb14dd@group-7000B19605CB, cid=4054, SUCCESS, logIndex=0, commits[a5e38e3e-c2ad-4348-acb9-3fc25cfb14dd:c6164, 11e48d46-e648-47f9-b6a0-9c7f26654c28:c6158, d1b6a90e-e817-40a7-bec1-608b5cc7d8b6:c6160]
2019-09-11 04:26:23,295 [grpc-default-executor-3] INFO  client.GrpcClientProtocolClient (GrpcClientProtocolClient.java:onNext(264)) - client-734BBEB428D7->a5e38e3e-c2ad-4348-acb9-3fc25cfb14dd: receive RaftClientReply:client-734BBEB428D7->a5e38e3e-c2ad-4348-acb9-3fc25cfb14dd@group-7000B19605CB, cid=4055, SUCCESS, logIndex=6165, commits[a5e38e3e-c2ad-4348-acb9-3fc25cfb14dd:c6166, 11e48d46-e648-47f9-b6a0-9c7f26654c28:c6160, d1b6a90e-e817-40a7-bec1-608b5cc7d8b6:c6164]
2019-09-11 04:26:23,295 [grpc-default-executor-3] INFO  client.GrpcClientProtocolClient (GrpcClientProtocolClient.java:onNext(264)) - client-734BBEB428D7->a5e38e3e-c2ad-4348-acb9-3fc25cfb14dd: receive RaftClientReply:client-734BBEB428D7->a5e38e3e-c2ad-4348-acb9-3fc25cfb14dd@group-7000B19605CB, cid=4056, SUCCESS, logIndex=6166, commits[a5e38e3e-c2ad-4348-acb9-3fc25cfb14dd:c6166, 11e48d46-e648-47f9-b6a0-9c7f26654c28:c6164, d1b6a90e-e817-40a7-bec1-608b5cc7d8b6:c6164]
2019-09-11 04:26:23,308 [grpc-default-executor-3] INFO  client.GrpcClientProtocolClient (GrpcClientProtocolClient.java:onNext(264)) - client-734BBEB428D7->a5e38e3e-c2ad-4348-acb9-3fc25cfb14dd: receive RaftClientReply:client-734BBEB428D7->a5e38e3e-c2ad-4348-acb9-3fc25cfb14dd@group-7000B19605CB, cid=4057, SUCCESS, logIndex=6169, commits[a5e38e3e-c2ad-4348-acb9-3fc25cfb14dd:c6169, 11e48d46-e648-47f9-b6a0-9c7f26654c28:c6166, d1b6a90e-e817-40a7-bec1-608b5cc7d8b6:c6166]
2019-09-11 04:26:23,308 [grpc-default-executor-3] INFO  client.GrpcClientProtocolClient (GrpcClientProtocolClient.java:onNext(264)) - client-734BBEB428D7->a5e38e3e-c2ad-4348-acb9-3fc25cfb14dd: receive RaftClientReply:client-734BBEB428D7->a5e38e3e-c2ad-4348-acb9-3fc25cfb14dd@group-7000B19605CB, cid=4058, SUCCESS, logIndex=6170, commits[a5e38e3e-c2ad-4348-acb9-3fc25cfb14dd:c6170, 11e48d46-e648-47f9-b6a0-9c7f26654c28:c6166, d1b6a90e-e817-40a7-bec1-608b5cc7d8b6:c6166]
2019-09-11 04:26:23,321 [grpc-default-executor-3] INFO  client.GrpcClientProtocolClient (GrpcClientProtocolClient.java:onNext(264)) - client-734BBEB428D7->a5e38e3e-c2ad-4348-acb9-3fc25cfb14dd: receive RaftClientReply:client-734BBEB428D7->a5e38e3e-c2ad-4348-acb9-3fc25cfb14dd@group-7000B19605CB, cid=4059, SUCCESS, logIndex=0, commits[a5e38e3e-c2ad-4348-acb9-3fc25cfb14dd:c6172, 11e48d46-e648-47f9-b6a0-9c7f26654c28:c6170, d1b6a90e-e817-40a7-bec1-608b5cc7d8b6:c6170]
2019-09-11 04:26:23,355 [grpc-default-executor-3] INFO  client.GrpcClientProtocolClient (GrpcClientProtocolClient.java:onNext(264)) - client-734BBEB428D7->a5e38e3e-c2ad-4348-acb9-3fc25cfb14dd: receive RaftClientReply:client-734BBEB428D7->a5e38e3e-c2ad-4348-acb9-3fc25cfb14dd@group-7000B19605CB, cid=4060, SUCCESS, logIndex=6173, commits[a5e38e3e-c2ad-4348-acb9-3fc25cfb14dd:c6173, 11e48d46-e648-47f9-b6a0-9c7f26654c28:c6172, d1b6a90e-e817-40a7-bec1-608b5cc7d8b6:c6172]
2019-09-11 04:26:23,355 [grpc-default-executor-3] INFO  client.GrpcClientProtocolClient (GrpcClientProtocolClient.java:onNext(264)) - client-734BBEB428D7->a5e38e3e-c2ad-4348-acb9-3fc25cfb14dd: receive RaftClientReply:client-734BBEB428D7->a5e38e3e-c2ad-4348-acb9-3fc25cfb14dd@group-7000B19605CB, cid=4061, SUCCESS, logIndex=6174, commits[a5e38e3e-c2ad-4348-acb9-3fc25cfb14dd:c6175, 11e48d46-e648-47f9-b6a0-9c7f26654c28:c6172, d1b6a90e-e817-40a7-bec1-608b5cc7d8b6:c6172]
2019-09-11 04:26:23,356 [grpc-default-executor-3] INFO  client.GrpcClientProtocolClient (GrpcClientProtocolClient.java:onNext(264)) - client-734BBEB428D7->a5e38e3e-c2ad-4348-acb9-3fc25cfb14dd: receive RaftClientReply:client-734BBEB428D7->a5e38e3e-c2ad-4348-acb9-3fc25cfb14dd@group-7000B19605CB, cid=4062, SUCCESS, logIndex=6175, commits[a5e38e3e-c2ad-4348-acb9-3fc25cfb14dd:c6176, 11e48d46-e648-47f9-b6a0-9c7f26654c28:c6172, d1b6a90e-e817-40a7-bec1-608b5cc7d8b6:c6172]
2019-09-11 04:26:23,356 [grpc-default-executor-3] INFO  client.GrpcClientProtocolClient (GrpcClientProtocolClient.java:onNext(264)) - client-734BBEB428D7->a5e38e3e-c2ad-4348-acb9-3fc25cfb14dd: receive RaftClientReply:client-734BBEB428D7->a5e38e3e-c2ad-4348-acb9-3fc25cfb14dd@group-7000B19605CB, cid=4063, SUCCESS, logIndex=6176, commits[a5e38e3e-c2ad-4348-acb9-3fc25cfb14dd:c6176, 11e48d46-e648-47f9-b6a0-9c7f26654c28:c6172, d1b6a90e-e817-40a7-bec1-608b5cc7d8b6:c6172]
2019-09-11 04:26:23,368 [grpc-default-executor-4] INFO  client.GrpcClientProtocolClient (GrpcClientProtocolClient.java:onNext(264)) - client-734BBEB428D7->a5e38e3e-c2ad-4348-acb9-3fc25cfb14dd: receive RaftClientReply:client-734BBEB428D7->a5e38e3e-c2ad-4348-acb9-3fc25cfb14dd@group-7000B19605CB, cid=4064, SUCCESS, logIndex=0, commits[a5e38e3e-c2ad-4348-acb9-3fc25cfb14dd:c6178, 11e48d46-e648-47f9-b6a0-9c7f26654c28:c6174, d1b6a90e-e817-40a7-bec1-608b5cc7d8b6:c6175]
2019-09-11 04:26:23,386 [grpc-default-executor-2] INFO  client.GrpcClientProtocolClient (GrpcClientProtocolClient.java:onNext(264)) - client-734BBEB428D7->a5e38e3e-c2ad-4348-acb9-3fc25cfb14dd: receive RaftClientReply:client-734BBEB428D7->a5e38e3e-c2ad-4348-acb9-3fc25cfb14dd@group-7000B19605CB, cid=4065, SUCCESS, logIndex=6181, commits[a5e38e3e-c2ad-4348-acb9-3fc25cfb14dd:c6182, 11e48d46-e648-47f9-b6a0-9c7f26654c28:c6180, d1b6a90e-e817-40a7-bec1-608b5cc7d8b6:c6180]
2019-09-11 04:26:23,386 [grpc-default-executor-2] INFO  client.GrpcClientProtocolClient (GrpcClientProtocolClient.java:onNext(264)) - client-734BBEB428D7->a5e38e3e-c2ad-4348-acb9-3fc25cfb14dd: receive RaftClientReply:client-734BBEB428D7->a5e38e3e-c2ad-4348-acb9-3fc25cfb14dd@group-7000B19605CB, cid=4066, SUCCESS, logIndex=6182, commits[a5e38e3e-c2ad-4348-acb9-3fc25cfb14dd:c6182, 11e48d46-e648-47f9-b6a0-9c7f26654c28:c6180, d1b6a90e-e817-40a7-bec1-608b5cc7d8b6:c6180]
2019-09-11 04:26:23,399 [grpc-default-executor-3] INFO  client.GrpcClientProtocolClient (GrpcClientProtocolClient.java:onNext(264)) - client-734BBEB428D7->a5e38e3e-c2ad-4348-acb9-3fc25cfb14dd: receive RaftClientReply:client-734BBEB428D7->a5e38e3e-c2ad-4348-acb9-3fc25cfb14dd@group-7000B19605CB, cid=4067, SUCCESS, logIndex=6185, commits[a5e38e3e-c2ad-4348-acb9-3fc25cfb14dd:c6185, 11e48d46-e648-47f9-b6a0-9c7f26654c28:c6182, d1b6a90e-e817-40a7-bec1-608b5cc7d8b6:c6182]
2019-09-11 04:26:23,399 [grpc-default-executor-3] INFO  client.GrpcClientProtocolClient (GrpcClientProtocolClient.java:onNext(264)) - client-734BBEB428D7->a5e38e3e-c2ad-4348-acb9-3fc25cfb14dd: receive RaftClientReply:client-734BBEB428D7->a5e38e3e-c2ad-4348-acb9-3fc25cfb14dd@group-7000B19605CB, cid=4068, SUCCESS, logIndex=6186, commits[a5e38e3e-c2ad-4348-acb9-3fc25cfb14dd:c6186, 11e48d46-e648-47f9-b6a0-9c7f26654c28:c6182, d1b6a90e-e817-40a7-bec1-608b5cc7d8b6:c6182]
2019-09-11 04:26:23,412 [grpc-default-executor-3] INFO  client.GrpcClientProtocolClient (GrpcClientProtocolClient.java:onNext(264)) - client-734BBEB428D7->a5e38e3e-c2ad-4348-acb9-3fc25cfb14dd: receive RaftClientReply:client-734BBEB428D7->a5e38e3e-c2ad-4348-acb9-3fc25cfb14dd@group-7000B19605CB, cid=4069, SUCCESS, logIndex=0, commits[a5e38e3e-c2ad-4348-acb9-3fc25cfb14dd:c6188, 11e48d46-e648-47f9-b6a0-9c7f26654c28:c6186, d1b6a90e-e817-40a7-bec1-608b5cc7d8b6:c6186]
2019-09-11 04:26:23,592 [grpc-default-executor-3] INFO  client.GrpcClientProtocolClient (GrpcClientProtocolClient.java:onNext(264)) - client-734BBEB428D7->a5e38e3e-c2ad-4348-acb9-3fc25cfb14dd: receive RaftClientReply:client-734BBEB428D7->a5e38e3e-c2ad-4348-acb9-3fc25cfb14dd@group-7000B19605CB, cid=4070, SUCCESS, logIndex=6189, commits[a5e38e3e-c2ad-4348-acb9-3fc25cfb14dd:c6190, 11e48d46-e648-47f9-b6a0-9c7f26654c28:c6188, d1b6a90e-e817-40a7-bec1-608b5cc7d8b6:c6188]
2019-09-11 04:26:23,592 [grpc-default-executor-3] INFO  client.GrpcClientProtocolClient (GrpcClientProtocolClient.java:onNext(264)) - client-734BBEB428D7->a5e38e3e-c2ad-4348-acb9-3fc25cfb14dd: receive RaftClientReply:client-734BBEB428D7->a5e38e3e-c2ad-4348-acb9-3fc25cfb14dd@group-7000B19605CB, cid=4071, SUCCESS, logIndex=6190, commits[a5e38e3e-c2ad-4348-acb9-3fc25cfb14dd:c6190, 11e48d46-e648-47f9-b6a0-9c7f26654c28:c6188, d1b6a90e-e817-40a7-bec1-608b5cc7d8b6:c6188]
2019-09-11 04:26:23,605 [grpc-default-executor-3] INFO  client.GrpcClientProtocolClient (GrpcClientProtocolClient.java:onNext(264)) - client-734BBEB428D7->a5e38e3e-c2ad-4348-acb9-3fc25cfb14dd: receive RaftClientReply:client-734BBEB428D7->a5e38e3e-c2ad-4348-acb9-3fc25cfb14dd@group-7000B19605CB, cid=4072, SUCCESS, logIndex=6191, commits[a5e38e3e-c2ad-4348-acb9-3fc25cfb14dd:c6192, 11e48d46-e648-47f9-b6a0-9c7f26654c28:c6188, d1b6a90e-e817-40a7-bec1-608b5cc7d8b6:c6188]
2019-09-11 04:26:23,606 [grpc-default-executor-3] INFO  client.GrpcClientProtocolClient (GrpcClientProtocolClient.java:onNext(264)) - client-734BBEB428D7->a5e38e3e-c2ad-4348-acb9-3fc25cfb14dd: receive RaftClientReply:client-734BBEB428D7->a5e38e3e-c2ad-4348-acb9-3fc25cfb14dd@group-7000B19605CB, cid=4073, SUCCESS, logIndex=6192, commits[a5e38e3e-c2ad-4348-acb9-3fc25cfb14dd:c6192, 11e48d46-e648-47f9-b6a0-9c7f26654c28:c6188, d1b6a90e-e817-40a7-bec1-608b5cc7d8b6:c6189]
2019-09-11 04:26:23,607 [grpc-default-executor-3] INFO  client.GrpcClientProtocolClient (GrpcClientProtocolClient.java:onNext(264)) - client-734BBEB428D7->a5e38e3e-c2ad-4348-acb9-3fc25cfb14dd: receive RaftClientReply:client-734BBEB428D7->a5e38e3e-c2ad-4348-acb9-3fc25cfb14dd@group-7000B19605CB, cid=4074, SUCCESS, logIndex=0, commits[a5e38e3e-c2ad-4348-acb9-3fc25cfb14dd:c6195, 11e48d46-e648-47f9-b6a0-9c7f26654c28:c6190, d1b6a90e-e817-40a7-bec1-608b5cc7d8b6:c6190]
2019-09-11 04:26:23,620 [grpc-default-executor-4] INFO  client.GrpcClientProtocolClient (GrpcClientProtocolClient.java:onNext(264)) - client-734BBEB428D7->a5e38e3e-c2ad-4348-acb9-3fc25cfb14dd: receive RaftClientReply:client-734BBEB428D7->a5e38e3e-c2ad-4348-acb9-3fc25cfb14dd@group-7000B19605CB, cid=4075, SUCCESS, logIndex=6197, commits[a5e38e3e-c2ad-4348-acb9-3fc25cfb14dd:c6197, 11e48d46-e648-47f9-b6a0-9c7f26654c28:c6196, d1b6a90e-e817-40a7-bec1-608b5cc7d8b6:c6196]
2019-09-11 04:26:23,620 [grpc-default-executor-4] INFO  client.GrpcClientProtocolClient (GrpcClientProtocolClient.java:onNext(264)) - client-734BBEB428D7->a5e38e3e-c2ad-4348-acb9-3fc25cfb14dd: receive RaftClientReply:client-734BBEB428D7->a5e38e3e-c2ad-4348-acb9-3fc25cfb14dd@group-7000B19605CB, cid=4076, SUCCESS, logIndex=6198, commits[a5e38e3e-c2ad-4348-acb9-3fc25cfb14dd:c6198, 11e48d46-e648-47f9-b6a0-9c7f26654c28:c6196, d1b6a90e-e817-40a7-bec1-608b5cc7d8b6:c6196]
2019-09-11 04:26:23,633 [grpc-default-executor-1] INFO  client.GrpcClientProtocolClient (GrpcClientProtocolClient.java:onNext(264)) - client-734BBEB428D7->a5e38e3e-c2ad-4348-acb9-3fc25cfb14dd: receive RaftClientReply:client-734BBEB428D7->a5e38e3e-c2ad-4348-acb9-3fc25cfb14dd@group-7000B19605CB, cid=4077, SUCCESS, logIndex=6201, commits[a5e38e3e-c2ad-4348-acb9-3fc25cfb14dd:c6202, 11e48d46-e648-47f9-b6a0-9c7f26654c28:c6198, d1b6a90e-e817-40a7-bec1-608b5cc7d8b6:c6198]
2019-09-11 04:26:23,634 [grpc-default-executor-1] INFO  client.GrpcClientProtocolClient (GrpcClientProtocolClient.java:onNext(264)) - client-734BBEB428D7->a5e38e3e-c2ad-4348-acb9-3fc25cfb14dd: receive RaftClientReply:client-734BBEB428D7->a5e38e3e-c2ad-4348-acb9-3fc25cfb14dd@group-7000B19605CB, cid=4078, SUCCESS, logIndex=6202, commits[a5e38e3e-c2ad-4348-acb9-3fc25cfb14dd:c6202, 11e48d46-e648-47f9-b6a0-9c7f26654c28:c6198, d1b6a90e-e817-40a7-bec1-608b5cc7d8b6:c6198]
2019-09-11 04:26:23,646 [grpc-default-executor-4] INFO  client.GrpcClientProtocolClient (GrpcClientProtocolClient.java:onNext(264)) - client-734BBEB428D7->a5e38e3e-c2ad-4348-acb9-3fc25cfb14dd: receive RaftClientReply:client-734BBEB428D7->a5e38e3e-c2ad-4348-acb9-3fc25cfb14dd@group-7000B19605CB, cid=4079, SUCCESS, logIndex=0, commits[a5e38e3e-c2ad-4348-acb9-3fc25cfb14dd:c6203, 11e48d46-e648-47f9-b6a0-9c7f26654c28:c6202, d1b6a90e-e817-40a7-bec1-608b5cc7d8b6:c6202]
2019-09-11 04:26:23,678 [grpc-default-executor-4] INFO  client.GrpcClientProtocolClient (GrpcClientProtocolClient.java:onNext(264)) - client-734BBEB428D7->a5e38e3e-c2ad-4348-acb9-3fc25cfb14dd: receive RaftClientReply:client-734BBEB428D7->a5e38e3e-c2ad-4348-acb9-3fc25cfb14dd@group-7000B19605CB, cid=4080, SUCCESS, logIndex=6205, commits[a5e38e3e-c2ad-4348-acb9-3fc25cfb14dd:c6207, 11e48d46-e648-47f9-b6a0-9c7f26654c28:c6204, d1b6a90e-e817-40a7-bec1-608b5cc7d8b6:c6204]
2019-09-11 04:26:23,678 [grpc-default-executor-4] INFO  client.GrpcClientProtocolClient (GrpcClientProtocolClient.java:onNext(264)) - client-734BBEB428D7->a5e38e3e-c2ad-4348-acb9-3fc25cfb14dd: receive RaftClientReply:client-734BBEB428D7->a5e38e3e-c2ad-4348-acb9-3fc25cfb14dd@group-7000B19605CB, cid=4081, SUCCESS, logIndex=6206, commits[a5e38e3e-c2ad-4348-acb9-3fc25cfb14dd:c6208, 11e48d46-e648-47f9-b6a0-9c7f26654c28:c6204, d1b6a90e-e817-40a7-bec1-608b5cc7d8b6:c6204]
2019-09-11 04:26:23,679 [grpc-default-executor-4] INFO  client.GrpcClientProtocolClient (GrpcClientProtocolClient.java:onNext(264)) - client-734BBEB428D7->a5e38e3e-c2ad-4348-acb9-3fc25cfb14dd: receive RaftClientReply:client-734BBEB428D7->a5e38e3e-c2ad-4348-acb9-3fc25cfb14dd@group-7000B19605CB, cid=4082, SUCCESS, logIndex=6207, commits[a5e38e3e-c2ad-4348-acb9-3fc25cfb14dd:c6208, 11e48d46-e648-47f9-b6a0-9c7f26654c28:c6204, d1b6a90e-e817-40a7-bec1-608b5cc7d8b6:c6204]
2019-09-11 04:26:23,679 [grpc-default-executor-4] INFO  client.GrpcClientProtocolClient (GrpcClientProtocolClient.java:onNext(264)) - client-734BBEB428D7->a5e38e3e-c2ad-4348-acb9-3fc25cfb14dd: receive RaftClientReply:client-734BBEB428D7->a5e38e3e-c2ad-4348-acb9-3fc25cfb14dd@group-7000B19605CB, cid=4083, SUCCESS, logIndex=6208, commits[a5e38e3e-c2ad-4348-acb9-3fc25cfb14dd:c6208, 11e48d46-e648-47f9-b6a0-9c7f26654c28:c6204, d1b6a90e-e817-40a7-bec1-608b5cc7d8b6:c6204]
2019-09-11 04:26:23,680 [grpc-default-executor-1] INFO  client.GrpcClientProtocolClient (GrpcClientProtocolClient.java:onNext(264)) - client-734BBEB428D7->a5e38e3e-c2ad-4348-acb9-3fc25cfb14dd: receive RaftClientReply:client-734BBEB428D7->a5e38e3e-c2ad-4348-acb9-3fc25cfb14dd@group-7000B19605CB, cid=4084, SUCCESS, logIndex=0, commits[a5e38e3e-c2ad-4348-acb9-3fc25cfb14dd:c6209, 11e48d46-e648-47f9-b6a0-9c7f26654c28:c6206, d1b6a90e-e817-40a7-bec1-608b5cc7d8b6:c6206]
2019-09-11 04:26:23,701 [grpc-default-executor-4] INFO  client.GrpcClientProtocolClient (GrpcClientProtocolClient.java:onNext(264)) - client-734BBEB428D7->a5e38e3e-c2ad-4348-acb9-3fc25cfb14dd: receive RaftClientReply:client-734BBEB428D7->a5e38e3e-c2ad-4348-acb9-3fc25cfb14dd@group-7000B19605CB, cid=4085, SUCCESS, logIndex=6213, commits[a5e38e3e-c2ad-4348-acb9-3fc25cfb14dd:c6214, 11e48d46-e648-47f9-b6a0-9c7f26654c28:c6212, d1b6a90e-e817-40a7-bec1-608b5cc7d8b6:c6212]
2019-09-11 04:26:23,701 [grpc-default-executor-4] INFO  client.GrpcClientProtocolClient (GrpcClientProtocolClient.java:onNext(264)) - client-734BBEB428D7->a5e38e3e-c2ad-4348-acb9-3fc25cfb14dd: receive RaftClientReply:client-734BBEB428D7->a5e38e3e-c2ad-4348-acb9-3fc25cfb14dd@group-7000B19605CB, cid=4086, SUCCESS, logIndex=6214, commits[a5e38e3e-c2ad-4348-acb9-3fc25cfb14dd:c6214, 11e48d46-e648-47f9-b6a0-9c7f26654c28:c6212, d1b6a90e-e817-40a7-bec1-608b5cc7d8b6:c6212]
2019-09-11 04:26:23,714 [grpc-default-executor-4] INFO  client.GrpcClientProtocolClient (GrpcClientProtocolClient.java:onNext(264)) - client-734BBEB428D7->a5e38e3e-c2ad-4348-acb9-3fc25cfb14dd: receive RaftClientReply:client-734BBEB428D7->a5e38e3e-c2ad-4348-acb9-3fc25cfb14dd@group-7000B19605CB, cid=4087, SUCCESS, logIndex=6217, commits[a5e38e3e-c2ad-4348-acb9-3fc25cfb14dd:c6218, 11e48d46-e648-47f9-b6a0-9c7f26654c28:c6214, d1b6a90e-e817-40a7-bec1-608b5cc7d8b6:c6214]
2019-09-11 04:26:23,714 [grpc-default-executor-4] INFO  client.GrpcClientProtocolClient (GrpcClientProtocolClient.java:onNext(264)) - client-734BBEB428D7->a5e38e3e-c2ad-4348-acb9-3fc25cfb14dd: receive RaftClientReply:client-734BBEB428D7->a5e38e3e-c2ad-4348-acb9-3fc25cfb14dd@group-7000B19605CB, cid=4088, SUCCESS, logIndex=6218, commits[a5e38e3e-c2ad-4348-acb9-3fc25cfb14dd:c6218, 11e48d46-e648-47f9-b6a0-9c7f26654c28:c6214, d1b6a90e-e817-40a7-bec1-608b5cc7d8b6:c6214]
2019-09-11 04:26:23,727 [grpc-default-executor-4] INFO  client.GrpcClientProtocolClient (GrpcClientProtocolClient.java:onNext(264)) - client-734BBEB428D7->a5e38e3e-c2ad-4348-acb9-3fc25cfb14dd: receive RaftClientReply:client-734BBEB428D7->a5e38e3e-c2ad-4348-acb9-3fc25cfb14dd@group-7000B19605CB, cid=4089, SUCCESS, logIndex=0, commits[a5e38e3e-c2ad-4348-acb9-3fc25cfb14dd:c6220, 11e48d46-e648-47f9-b6a0-9c7f26654c28:c6218, d1b6a90e-e817-40a7-bec1-608b5cc7d8b6:c6218]
2019-09-11 04:26:23,755 [grpc-default-executor-3] INFO  client.GrpcClientProtocolClient (GrpcClientProtocolClient.java:onNext(264)) - client-734BBEB428D7->a5e38e3e-c2ad-4348-acb9-3fc25cfb14dd: receive RaftClientReply:client-734BBEB428D7->a5e38e3e-c2ad-4348-acb9-3fc25cfb14dd@group-7000B19605CB, cid=4090, SUCCESS, logIndex=6221, commits[a5e38e3e-c2ad-4348-acb9-3fc25cfb14dd:c6222, 11e48d46-e648-47f9-b6a0-9c7f26654c28:c6220, d1b6a90e-e817-40a7-bec1-608b5cc7d8b6:c6220]
2019-09-11 04:26:23,756 [grpc-default-executor-3] INFO  client.GrpcClientProtocolClient (GrpcClientProtocolClient.java:onNext(264)) - client-734BBEB428D7->a5e38e3e-c2ad-4348-acb9-3fc25cfb14dd: receive RaftClientReply:client-734BBEB428D7->a5e38e3e-c2ad-4348-acb9-3fc25cfb14dd@group-7000B19605CB, cid=4091, SUCCESS, logIndex=6222, commits[a5e38e3e-c2ad-4348-acb9-3fc25cfb14dd:c6224, 11e48d46-e648-47f9-b6a0-9c7f26654c28:c6220, d1b6a90e-e817-40a7-bec1-608b5cc7d8b6:c6220]
2019-09-11 04:26:23,756 [grpc-default-executor-3] INFO  client.GrpcClientProtocolClient (GrpcClientProtocolClient.java:onNext(264)) - client-734BBEB428D7->a5e38e3e-c2ad-4348-acb9-3fc25cfb14dd: receive RaftClientReply:client-734BBEB428D7->a5e38e3e-c2ad-4348-acb9-3fc25cfb14dd@group-7000B19605CB, cid=4092, SUCCESS, logIndex=6223, commits[a5e38e3e-c2ad-4348-acb9-3fc25cfb14dd:c6224, 11e48d46-e648-47f9-b6a0-9c7f26654c28:c6220, d1b6a90e-e817-40a7-bec1-608b5cc7d8b6:c6220]
2019-09-11 04:26:23,756 [grpc-default-executor-3] INFO  client.GrpcClientProtocolClient (GrpcClientProtocolClient.java:onNext(264)) - client-734BBEB428D7->a5e38e3e-c2ad-4348-acb9-3fc25cfb14dd: receive RaftClientReply:client-734BBEB428D7->a5e38e3e-c2ad-4348-acb9-3fc25cfb14dd@group-7000B19605CB, cid=4093, SUCCESS, logIndex=6224, commits[a5e38e3e-c2ad-4348-acb9-3fc25cfb14dd:c6224, 11e48d46-e648-47f9-b6a0-9c7f26654c28:c6220, d1b6a90e-e817-40a7-bec1-608b5cc7d8b6:c6220]
2019-09-11 04:26:23,758 [grpc-default-executor-3] INFO  client.GrpcClientProtocolClient (GrpcClientProtocolClient.java:onNext(264)) - client-734BBEB428D7->a5e38e3e-c2ad-4348-acb9-3fc25cfb14dd: receive RaftClientReply:client-734BBEB428D7->a5e38e3e-c2ad-4348-acb9-3fc25cfb14dd@group-7000B19605CB, cid=4094, SUCCESS, logIndex=0, commits[a5e38e3e-c2ad-4348-acb9-3fc25cfb14dd:c6226, 11e48d46-e648-47f9-b6a0-9c7f26654c28:c6222, d1b6a90e-e817-40a7-bec1-608b5cc7d8b6:c6222]
2019-09-11 04:26:23,789 [grpc-default-executor-1] INFO  client.GrpcClientProtocolClient (GrpcClientProtocolClient.java:onNext(264)) - client-734BBEB428D7->a5e38e3e-c2ad-4348-acb9-3fc25cfb14dd: receive RaftClientReply:client-734BBEB428D7->a5e38e3e-c2ad-4348-acb9-3fc25cfb14dd@group-7000B19605CB, cid=4095, SUCCESS, logIndex=6229, commits[a5e38e3e-c2ad-4348-acb9-3fc25cfb14dd:c6230, 11e48d46-e648-47f9-b6a0-9c7f26654c28:c6228, d1b6a90e-e817-40a7-bec1-608b5cc7d8b6:c6228]
2019-09-11 04:26:23,789 [grpc-default-executor-1] INFO  client.GrpcClientProtocolClient (GrpcClientProtocolClient.java:onNext(264)) - client-734BBEB428D7->a5e38e3e-c2ad-4348-acb9-3fc25cfb14dd: receive RaftClientReply:client-734BBEB428D7->a5e38e3e-c2ad-4348-acb9-3fc25cfb14dd@group-7000B19605CB, cid=4096, SUCCESS, logIndex=6230, commits[a5e38e3e-c2ad-4348-acb9-3fc25cfb14dd:c6230, 11e48d46-e648-47f9-b6a0-9c7f26654c28:c6228, d1b6a90e-e817-40a7-bec1-608b5cc7d8b6:c6228]
2019-09-11 04:26:23,803 [grpc-default-executor-3] INFO  client.GrpcClientProtocolClient (GrpcClientProtocolClient.java:onNext(264)) - client-734BBEB428D7->a5e38e3e-c2ad-4348-acb9-3fc25cfb14dd: receive RaftClientReply:client-734BBEB428D7->a5e38e3e-c2ad-4348-acb9-3fc25cfb14dd@group-7000B19605CB, cid=4097, SUCCESS, logIndex=6233, commits[a5e38e3e-c2ad-4348-acb9-3fc25cfb14dd:c6233, 11e48d46-e648-47f9-b6a0-9c7f26654c28:c6230, d1b6a90e-e817-40a7-bec1-608b5cc7d8b6:c6230]
2019-09-11 04:26:23,803 [grpc-default-executor-3] INFO  client.GrpcClientProtocolClient (GrpcClientProtocolClient.java:onNext(264)) - client-734BBEB428D7->a5e38e3e-c2ad-4348-acb9-3fc25cfb14dd: receive RaftClientReply:client-734BBEB428D7->a5e38e3e-c2ad-4348-acb9-3fc25cfb14dd@group-7000B19605CB, cid=4098, SUCCESS, logIndex=6234, commits[a5e38e3e-c2ad-4348-acb9-3fc25cfb14dd:c6234, 11e48d46-e648-47f9-b6a0-9c7f26654c28:c6230, d1b6a90e-e817-40a7-bec1-608b5cc7d8b6:c6230]
2019-09-11 04:26:23,816 [grpc-default-executor-3] INFO  client.GrpcClientProtocolClient (GrpcClientProtocolClient.java:onNext(264)) - client-734BBEB428D7->a5e38e3e-c2ad-4348-acb9-3fc25cfb14dd: receive RaftClientReply:client-734BBEB428D7->a5e38e3e-c2ad-4348-acb9-3fc25cfb14dd@group-7000B19605CB, cid=4099, SUCCESS, logIndex=0, commits[a5e38e3e-c2ad-4348-acb9-3fc25cfb14dd:c6236, 11e48d46-e648-47f9-b6a0-9c7f26654c28:c6234, d1b6a90e-e817-40a7-bec1-608b5cc7d8b6:c6234]
2019-09-11 04:26:23,837 [grpc-default-executor-4] INFO  client.GrpcClientProtocolClient (GrpcClientProtocolClient.java:onNext(264)) - client-734BBEB428D7->a5e38e3e-c2ad-4348-acb9-3fc25cfb14dd: receive RaftClientReply:client-734BBEB428D7->a5e38e3e-c2ad-4348-acb9-3fc25cfb14dd@group-7000B19605CB, cid=4100, SUCCESS, logIndex=6237, commits[a5e38e3e-c2ad-4348-acb9-3fc25cfb14dd:c6238, 11e48d46-e648-47f9-b6a0-9c7f26654c28:c6234, d1b6a90e-e817-40a7-bec1-608b5cc7d8b6:c6236]
2019-09-11 04:26:23,837 [grpc-default-executor-2] INFO  client.GrpcClientProtocolClient (GrpcClientProtocolClient.java:onNext(264)) - client-734BBEB428D7->a5e38e3e-c2ad-4348-acb9-3fc25cfb14dd: receive RaftClientReply:client-734BBEB428D7->a5e38e3e-c2ad-4348-acb9-3fc25cfb14dd@group-7000B19605CB, cid=4101, SUCCESS, logIndex=6238, commits[a5e38e3e-c2ad-4348-acb9-3fc25cfb14dd:c6238, 11e48d46-e648-47f9-b6a0-9c7f26654c28:c6234, d1b6a90e-e817-40a7-bec1-608b5cc7d8b6:c6236]
2019-09-11 04:26:23,837 [grpc-default-executor-4] INFO  client.GrpcClientProtocolClient (GrpcClientProtocolClient.java:onNext(264)) - client-734BBEB428D7->a5e38e3e-c2ad-4348-acb9-3fc25cfb14dd: receive RaftClientReply:client-734BBEB428D7->a5e38e3e-c2ad-4348-acb9-3fc25cfb14dd@group-7000B19605CB, cid=4102, SUCCESS, logIndex=6239, commits[a5e38e3e-c2ad-4348-acb9-3fc25cfb14dd:c6239, 11e48d46-e648-47f9-b6a0-9c7f26654c28:c6236, d1b6a90e-e817-40a7-bec1-608b5cc7d8b6:c6236]
2019-09-11 04:26:23,837 [grpc-default-executor-4] INFO  client.GrpcClientProtocolClient (GrpcClientProtocolClient.java:onNext(264)) - client-734BBEB428D7->a5e38e3e-c2ad-4348-acb9-3fc25cfb14dd: receive RaftClientReply:client-734BBEB428D7->a5e38e3e-c2ad-4348-acb9-3fc25cfb14dd@group-7000B19605CB, cid=4103, SUCCESS, logIndex=6240, commits[a5e38e3e-c2ad-4348-acb9-3fc25cfb14dd:c6240, 11e48d46-e648-47f9-b6a0-9c7f26654c28:c6236, d1b6a90e-e817-40a7-bec1-608b5cc7d8b6:c6236]
2019-09-11 04:26:23,839 [grpc-default-executor-4] INFO  client.GrpcClientProtocolClient (GrpcClientProtocolClient.java:onNext(264)) - client-734BBEB428D7->a5e38e3e-c2ad-4348-acb9-3fc25cfb14dd: receive RaftClientReply:client-734BBEB428D7->a5e38e3e-c2ad-4348-acb9-3fc25cfb14dd@group-7000B19605CB, cid=4104, SUCCESS, logIndex=0, commits[a5e38e3e-c2ad-4348-acb9-3fc25cfb14dd:c6242, 11e48d46-e648-47f9-b6a0-9c7f26654c28:c6238, d1b6a90e-e817-40a7-bec1-608b5cc7d8b6:c6239]
 0.00% |█                                                                                                    |  0/1 Time: 0:00:352019-09-11 04:26:24,378 [grpc-default-executor-4] INFO  client.GrpcClientProtocolClient (GrpcClientProtocolClient.java:onNext(264)) - client-734BBEB428D7->a5e38e3e-c2ad-4348-acb9-3fc25cfb14dd: receive RaftClientReply:client-734BBEB428D7->a5e38e3e-c2ad-4348-acb9-3fc25cfb14dd@group-7000B19605CB, cid=4105, SUCCESS, logIndex=6245, commits[a5e38e3e-c2ad-4348-acb9-3fc25cfb14dd:c6246, 11e48d46-e648-47f9-b6a0-9c7f26654c28:c6244, d1b6a90e-e817-40a7-bec1-608b5cc7d8b6:c6244]
2019-09-11 04:26:24,379 [grpc-default-executor-4] INFO  client.GrpcClientProtocolClient (GrpcClientProtocolClient.java:onNext(264)) - client-734BBEB428D7->a5e38e3e-c2ad-4348-acb9-3fc25cfb14dd: receive RaftClientReply:client-734BBEB428D7->a5e38e3e-c2ad-4348-acb9-3fc25cfb14dd@group-7000B19605CB, cid=4106, SUCCESS, logIndex=6246, commits[a5e38e3e-c2ad-4348-acb9-3fc25cfb14dd:c6246, 11e48d46-e648-47f9-b6a0-9c7f26654c28:c6244, d1b6a90e-e817-40a7-bec1-608b5cc7d8b6:c6244]
2019-09-11 04:26:24,392 [grpc-default-executor-2] INFO  client.GrpcClientProtocolClient (GrpcClientProtocolClient.java:onNext(264)) - client-734BBEB428D7->a5e38e3e-c2ad-4348-acb9-3fc25cfb14dd: receive RaftClientReply:client-734BBEB428D7->a5e38e3e-c2ad-4348-acb9-3fc25cfb14dd@group-7000B19605CB, cid=4107, SUCCESS, logIndex=6249, commits[a5e38e3e-c2ad-4348-acb9-3fc25cfb14dd:c6250, 11e48d46-e648-47f9-b6a0-9c7f26654c28:c6246, d1b6a90e-e817-40a7-bec1-608b5cc7d8b6:c6246]
2019-09-11 04:26:24,392 [grpc-default-executor-2] INFO  client.GrpcClientProtocolClient (GrpcClientProtocolClient.java:onNext(264)) - client-734BBEB428D7->a5e38e3e-c2ad-4348-acb9-3fc25cfb14dd: receive RaftClientReply:client-734BBEB428D7->a5e38e3e-c2ad-4348-acb9-3fc25cfb14dd@group-7000B19605CB, cid=4108, SUCCESS, logIndex=6250, commits[a5e38e3e-c2ad-4348-acb9-3fc25cfb14dd:c6250, 11e48d46-e648-47f9-b6a0-9c7f26654c28:c6246, d1b6a90e-e817-40a7-bec1-608b5cc7d8b6:c6246]
2019-09-11 04:26:24,395 [grpc-default-executor-2] INFO  client.GrpcClientProtocolClient (GrpcClientProtocolClient.java:onNext(264)) - client-734BBEB428D7->a5e38e3e-c2ad-4348-acb9-3fc25cfb14dd: receive RaftClientReply:client-734BBEB428D7->a5e38e3e-c2ad-4348-acb9-3fc25cfb14dd@group-7000B19605CB, cid=4109, SUCCESS, logIndex=0, commits[a5e38e3e-c2ad-4348-acb9-3fc25cfb14dd:c6252, 11e48d46-e648-47f9-b6a0-9c7f26654c28:c6250, d1b6a90e-e817-40a7-bec1-608b5cc7d8b6:c6250]
2019-09-11 04:26:24,431 [grpc-default-executor-1] INFO  client.GrpcClientProtocolClient (GrpcClientProtocolClient.java:onNext(264)) - client-734BBEB428D7->a5e38e3e-c2ad-4348-acb9-3fc25cfb14dd: receive RaftClientReply:client-734BBEB428D7->a5e38e3e-c2ad-4348-acb9-3fc25cfb14dd@group-7000B19605CB, cid=4110, SUCCESS, logIndex=6253, commits[a5e38e3e-c2ad-4348-acb9-3fc25cfb14dd:c6254, 11e48d46-e648-47f9-b6a0-9c7f26654c28:c6252, d1b6a90e-e817-40a7-bec1-608b5cc7d8b6:c6252]
2019-09-11 04:26:24,431 [grpc-default-executor-4] INFO  client.GrpcClientProtocolClient (GrpcClientProtocolClient.java:onNext(264)) - client-734BBEB428D7->a5e38e3e-c2ad-4348-acb9-3fc25cfb14dd: receive RaftClientReply:client-734BBEB428D7->a5e38e3e-c2ad-4348-acb9-3fc25cfb14dd@group-7000B19605CB, cid=4111, SUCCESS, logIndex=6254, commits[a5e38e3e-c2ad-4348-acb9-3fc25cfb14dd:c6254, 11e48d46-e648-47f9-b6a0-9c7f26654c28:c6252, d1b6a90e-e817-40a7-bec1-608b5cc7d8b6:c6252]
2019-09-11 04:26:24,432 [grpc-default-executor-4] INFO  client.GrpcClientProtocolClient (GrpcClientProtocolClient.java:onNext(264)) - client-734BBEB428D7->a5e38e3e-c2ad-4348-acb9-3fc25cfb14dd: receive RaftClientReply:client-734BBEB428D7->a5e38e3e-c2ad-4348-acb9-3fc25cfb14dd@group-7000B19605CB, cid=4112, SUCCESS, logIndex=6255, commits[a5e38e3e-c2ad-4348-acb9-3fc25cfb14dd:c6256, 11e48d46-e648-47f9-b6a0-9c7f26654c28:c6252, d1b6a90e-e817-40a7-bec1-608b5cc7d8b6:c6252]
2019-09-11 04:26:24,432 [grpc-default-executor-4] INFO  client.GrpcClientProtocolClient (GrpcClientProtocolClient.java:onNext(264)) - client-734BBEB428D7->a5e38e3e-c2ad-4348-acb9-3fc25cfb14dd: receive RaftClientReply:client-734BBEB428D7->a5e38e3e-c2ad-4348-acb9-3fc25cfb14dd@group-7000B19605CB, cid=4113, SUCCESS, logIndex=6256, commits[a5e38e3e-c2ad-4348-acb9-3fc25cfb14dd:c6256, 11e48d46-e648-47f9-b6a0-9c7f26654c28:c6252, d1b6a90e-e817-40a7-bec1-608b5cc7d8b6:c6252]
2019-09-11 04:26:24,433 [grpc-default-executor-4] INFO  client.GrpcClientProtocolClient (GrpcClientProtocolClient.java:onNext(264)) - client-734BBEB428D7->a5e38e3e-c2ad-4348-acb9-3fc25cfb14dd: receive RaftClientReply:client-734BBEB428D7->a5e38e3e-c2ad-4348-acb9-3fc25cfb14dd@group-7000B19605CB, cid=4114, SUCCESS, logIndex=0, commits[a5e38e3e-c2ad-4348-acb9-3fc25cfb14dd:c6258, 11e48d46-e648-47f9-b6a0-9c7f26654c28:c6254, d1b6a90e-e817-40a7-bec1-608b5cc7d8b6:c6254]
2019-09-11 04:26:24,452 [grpc-default-executor-1] INFO  client.GrpcClientProtocolClient (GrpcClientProtocolClient.java:onNext(264)) - client-734BBEB428D7->a5e38e3e-c2ad-4348-acb9-3fc25cfb14dd: receive RaftClientReply:client-734BBEB428D7->a5e38e3e-c2ad-4348-acb9-3fc25cfb14dd@group-7000B19605CB, cid=4115, SUCCESS, logIndex=6261, commits[a5e38e3e-c2ad-4348-acb9-3fc25cfb14dd:c6262, 11e48d46-e648-47f9-b6a0-9c7f26654c28:c6260, d1b6a90e-e817-40a7-bec1-608b5cc7d8b6:c6260]
2019-09-11 04:26:24,453 [grpc-default-executor-1] INFO  client.GrpcClientProtocolClient (GrpcClientProtocolClient.java:onNext(264)) - client-734BBEB428D7->a5e38e3e-c2ad-4348-acb9-3fc25cfb14dd: receive RaftClientReply:client-734BBEB428D7->a5e38e3e-c2ad-4348-acb9-3fc25cfb14dd@group-7000B19605CB, cid=4116, SUCCESS, logIndex=6262, commits[a5e38e3e-c2ad-4348-acb9-3fc25cfb14dd:c6262, 11e48d46-e648-47f9-b6a0-9c7f26654c28:c6260, d1b6a90e-e817-40a7-bec1-608b5cc7d8b6:c6260]
2019-09-11 04:26:24,465 [grpc-default-executor-1] INFO  client.GrpcClientProtocolClient (GrpcClientProtocolClient.java:onNext(264)) - client-734BBEB428D7->a5e38e3e-c2ad-4348-acb9-3fc25cfb14dd: receive RaftClientReply:client-734BBEB428D7->a5e38e3e-c2ad-4348-acb9-3fc25cfb14dd@group-7000B19605CB, cid=4117, SUCCESS, logIndex=6265, commits[a5e38e3e-c2ad-4348-acb9-3fc25cfb14dd:c6266, 11e48d46-e648-47f9-b6a0-9c7f26654c28:c6262, d1b6a90e-e817-40a7-bec1-608b5cc7d8b6:c6262]
2019-09-11 04:26:24,466 [grpc-default-executor-1] INFO  client.GrpcClientProtocolClient (GrpcClientProtocolClient.java:onNext(264)) - client-734BBEB428D7->a5e38e3e-c2ad-4348-acb9-3fc25cfb14dd: receive RaftClientReply:client-734BBEB428D7->a5e38e3e-c2ad-4348-acb9-3fc25cfb14dd@group-7000B19605CB, cid=4118, SUCCESS, logIndex=6266, commits[a5e38e3e-c2ad-4348-acb9-3fc25cfb14dd:c6266, 11e48d46-e648-47f9-b6a0-9c7f26654c28:c6262, d1b6a90e-e817-40a7-bec1-608b5cc7d8b6:c6262]
2019-09-11 04:26:24,478 [grpc-default-executor-1] INFO  client.GrpcClientProtocolClient (GrpcClientProtocolClient.java:onNext(264)) - client-734BBEB428D7->a5e38e3e-c2ad-4348-acb9-3fc25cfb14dd: receive RaftClientReply:client-734BBEB428D7->a5e38e3e-c2ad-4348-acb9-3fc25cfb14dd@group-7000B19605CB, cid=4119, SUCCESS, logIndex=0, commits[a5e38e3e-c2ad-4348-acb9-3fc25cfb14dd:c6268, 11e48d46-e648-47f9-b6a0-9c7f26654c28:c6266, d1b6a90e-e817-40a7-bec1-608b5cc7d8b6:c6266]
2019-09-11 04:26:24,509 [grpc-default-executor-1] INFO  client.GrpcClientProtocolClient (GrpcClientProtocolClient.java:onNext(264)) - client-734BBEB428D7->a5e38e3e-c2ad-4348-acb9-3fc25cfb14dd: receive RaftClientReply:client-734BBEB428D7->a5e38e3e-c2ad-4348-acb9-3fc25cfb14dd@group-7000B19605CB, cid=4120, SUCCESS, logIndex=6269, commits[a5e38e3e-c2ad-4348-acb9-3fc25cfb14dd:c6270, 11e48d46-e648-47f9-b6a0-9c7f26654c28:c6268, d1b6a90e-e817-40a7-bec1-608b5cc7d8b6:c6268]
2019-09-11 04:26:24,509 [grpc-default-executor-1] INFO  client.GrpcClientProtocolClient (GrpcClientProtocolClient.java:onNext(264)) - client-734BBEB428D7->a5e38e3e-c2ad-4348-acb9-3fc25cfb14dd: receive RaftClientReply:client-734BBEB428D7->a5e38e3e-c2ad-4348-acb9-3fc25cfb14dd@group-7000B19605CB, cid=4121, SUCCESS, logIndex=6270, commits[a5e38e3e-c2ad-4348-acb9-3fc25cfb14dd:c6272, 11e48d46-e648-47f9-b6a0-9c7f26654c28:c6268, d1b6a90e-e817-40a7-bec1-608b5cc7d8b6:c6268]
2019-09-11 04:26:24,510 [grpc-default-executor-1] INFO  client.GrpcClientProtocolClient (GrpcClientProtocolClient.java:onNext(264)) - client-734BBEB428D7->a5e38e3e-c2ad-4348-acb9-3fc25cfb14dd: receive RaftClientReply:client-734BBEB428D7->a5e38e3e-c2ad-4348-acb9-3fc25cfb14dd@group-7000B19605CB, cid=4122, SUCCESS, logIndex=6271, commits[a5e38e3e-c2ad-4348-acb9-3fc25cfb14dd:c6272, 11e48d46-e648-47f9-b6a0-9c7f26654c28:c6268, d1b6a90e-e817-40a7-bec1-608b5cc7d8b6:c6268]
2019-09-11 04:26:24,510 [grpc-default-executor-1] INFO  client.GrpcClientProtocolClient (GrpcClientProtocolClient.java:onNext(264)) - client-734BBEB428D7->a5e38e3e-c2ad-4348-acb9-3fc25cfb14dd: receive RaftClientReply:client-734BBEB428D7->a5e38e3e-c2ad-4348-acb9-3fc25cfb14dd@group-7000B19605CB, cid=4123, SUCCESS, logIndex=6272, commits[a5e38e3e-c2ad-4348-acb9-3fc25cfb14dd:c6272, 11e48d46-e648-47f9-b6a0-9c7f26654c28:c6268, d1b6a90e-e817-40a7-bec1-608b5cc7d8b6:c6268]
2019-09-11 04:26:24,512 [grpc-default-executor-1] INFO  client.GrpcClientProtocolClient (GrpcClientProtocolClient.java:onNext(264)) - client-734BBEB428D7->a5e38e3e-c2ad-4348-acb9-3fc25cfb14dd: receive RaftClientReply:client-734BBEB428D7->a5e38e3e-c2ad-4348-acb9-3fc25cfb14dd@group-7000B19605CB, cid=4124, SUCCESS, logIndex=0, commits[a5e38e3e-c2ad-4348-acb9-3fc25cfb14dd:c6275, 11e48d46-e648-47f9-b6a0-9c7f26654c28:c6270, d1b6a90e-e817-40a7-bec1-608b5cc7d8b6:c6272]
2019-09-11 04:26:24,532 [grpc-default-executor-3] INFO  client.GrpcClientProtocolClient (GrpcClientProtocolClient.java:onNext(264)) - client-734BBEB428D7->a5e38e3e-c2ad-4348-acb9-3fc25cfb14dd: receive RaftClientReply:client-734BBEB428D7->a5e38e3e-c2ad-4348-acb9-3fc25cfb14dd@group-7000B19605CB, cid=4125, SUCCESS, logIndex=6276, commits[a5e38e3e-c2ad-4348-acb9-3fc25cfb14dd:c6277, 11e48d46-e648-47f9-b6a0-9c7f26654c28:c6275, d1b6a90e-e817-40a7-bec1-608b5cc7d8b6:c6275]
2019-09-11 04:26:24,532 [grpc-default-executor-3] INFO  client.GrpcClientProtocolClient (GrpcClientProtocolClient.java:onNext(264)) - client-734BBEB428D7->a5e38e3e-c2ad-4348-acb9-3fc25cfb14dd: receive RaftClientReply:client-734BBEB428D7->a5e38e3e-c2ad-4348-acb9-3fc25cfb14dd@group-7000B19605CB, cid=4126, SUCCESS, logIndex=6277, commits[a5e38e3e-c2ad-4348-acb9-3fc25cfb14dd:c6277, 11e48d46-e648-47f9-b6a0-9c7f26654c28:c6275, d1b6a90e-e817-40a7-bec1-608b5cc7d8b6:c6275]
2019-09-11 04:26:24,546 [grpc-default-executor-4] INFO  client.GrpcClientProtocolClient (GrpcClientProtocolClient.java:onNext(264)) - client-734BBEB428D7->a5e38e3e-c2ad-4348-acb9-3fc25cfb14dd: receive RaftClientReply:client-734BBEB428D7->a5e38e3e-c2ad-4348-acb9-3fc25cfb14dd@group-7000B19605CB, cid=4127, SUCCESS, logIndex=6280, commits[a5e38e3e-c2ad-4348-acb9-3fc25cfb14dd:c6281, 11e48d46-e648-47f9-b6a0-9c7f26654c28:c6277, d1b6a90e-e817-40a7-bec1-608b5cc7d8b6:c6277]
2019-09-11 04:26:24,547 [grpc-default-executor-4] INFO  client.GrpcClientProtocolClient (GrpcClientProtocolClient.java:onNext(264)) - client-734BBEB428D7->a5e38e3e-c2ad-4348-acb9-3fc25cfb14dd: receive RaftClientReply:client-734BBEB428D7->a5e38e3e-c2ad-4348-acb9-3fc25cfb14dd@group-7000B19605CB, cid=4128, SUCCESS, logIndex=6281, commits[a5e38e3e-c2ad-4348-acb9-3fc25cfb14dd:c6281, 11e48d46-e648-47f9-b6a0-9c7f26654c28:c6277, d1b6a90e-e817-40a7-bec1-608b5cc7d8b6:c6277]
2019-09-11 04:26:24,558 [grpc-default-executor-4] INFO  client.GrpcClientProtocolClient (GrpcClientProtocolClient.java:onNext(264)) - client-734BBEB428D7->a5e38e3e-c2ad-4348-acb9-3fc25cfb14dd: receive RaftClientReply:client-734BBEB428D7->a5e38e3e-c2ad-4348-acb9-3fc25cfb14dd@group-7000B19605CB, cid=4129, SUCCESS, logIndex=0, commits[a5e38e3e-c2ad-4348-acb9-3fc25cfb14dd:c6281, 11e48d46-e648-47f9-b6a0-9c7f26654c28:c6281, d1b6a90e-e817-40a7-bec1-608b5cc7d8b6:c6281]
2019-09-11 04:26:24,588 [grpc-default-executor-4] INFO  client.GrpcClientProtocolClient (GrpcClientProtocolClient.java:onNext(264)) - client-734BBEB428D7->a5e38e3e-c2ad-4348-acb9-3fc25cfb14dd: receive RaftClientReply:client-734BBEB428D7->a5e38e3e-c2ad-4348-acb9-3fc25cfb14dd@group-7000B19605CB, cid=4130, SUCCESS, logIndex=6284, commits[a5e38e3e-c2ad-4348-acb9-3fc25cfb14dd:c6285, 11e48d46-e648-47f9-b6a0-9c7f26654c28:c6283, d1b6a90e-e817-40a7-bec1-608b5cc7d8b6:c6283]
2019-09-11 04:26:24,589 [grpc-default-executor-4] INFO  client.GrpcClientProtocolClient (GrpcClientProtocolClient.java:onNext(264)) - client-734BBEB428D7->a5e38e3e-c2ad-4348-acb9-3fc25cfb14dd: receive RaftClientReply:client-734BBEB428D7->a5e38e3e-c2ad-4348-acb9-3fc25cfb14dd@group-7000B19605CB, cid=4131, SUCCESS, logIndex=6285, commits[a5e38e3e-c2ad-4348-acb9-3fc25cfb14dd:c6286, 11e48d46-e648-47f9-b6a0-9c7f26654c28:c6283, d1b6a90e-e817-40a7-bec1-608b5cc7d8b6:c6283]
2019-09-11 04:26:24,589 [grpc-default-executor-4] INFO  client.GrpcClientProtocolClient (GrpcClientProtocolClient.java:onNext(264)) - client-734BBEB428D7->a5e38e3e-c2ad-4348-acb9-3fc25cfb14dd: receive RaftClientReply:client-734BBEB428D7->a5e38e3e-c2ad-4348-acb9-3fc25cfb14dd@group-7000B19605CB, cid=4132, SUCCESS, logIndex=6286, commits[a5e38e3e-c2ad-4348-acb9-3fc25cfb14dd:c6287, 11e48d46-e648-47f9-b6a0-9c7f26654c28:c6283, d1b6a90e-e817-40a7-bec1-608b5cc7d8b6:c6283]
2019-09-11 04:26:24,589 [grpc-default-executor-4] INFO  client.GrpcClientProtocolClient (GrpcClientProtocolClient.java:onNext(264)) - client-734BBEB428D7->a5e38e3e-c2ad-4348-acb9-3fc25cfb14dd: receive RaftClientReply:client-734BBEB428D7->a5e38e3e-c2ad-4348-acb9-3fc25cfb14dd@group-7000B19605CB, cid=4133, SUCCESS, logIndex=6287, commits[a5e38e3e-c2ad-4348-acb9-3fc25cfb14dd:c6287, 11e48d46-e648-47f9-b6a0-9c7f26654c28:c6283, d1b6a90e-e817-40a7-bec1-608b5cc7d8b6:c6283]
2019-09-11 04:26:24,591 [grpc-default-executor-4] INFO  client.GrpcClientProtocolClient (GrpcClientProtocolClient.java:onNext(264)) - client-734BBEB428D7->a5e38e3e-c2ad-4348-acb9-3fc25cfb14dd: receive RaftClientReply:client-734BBEB428D7->a5e38e3e-c2ad-4348-acb9-3fc25cfb14dd@group-7000B19605CB, cid=4134, SUCCESS, logIndex=0, commits[a5e38e3e-c2ad-4348-acb9-3fc25cfb14dd:c6290, 11e48d46-e648-47f9-b6a0-9c7f26654c28:c6285, d1b6a90e-e817-40a7-bec1-608b5cc7d8b6:c6286]
2019-09-11 04:26:24,613 [grpc-default-executor-3] INFO  client.GrpcClientProtocolClient (GrpcClientProtocolClient.java:onNext(264)) - client-734BBEB428D7->a5e38e3e-c2ad-4348-acb9-3fc25cfb14dd: receive RaftClientReply:client-734BBEB428D7->a5e38e3e-c2ad-4348-acb9-3fc25cfb14dd@group-7000B19605CB, cid=4135, SUCCESS, logIndex=6292, commits[a5e38e3e-c2ad-4348-acb9-3fc25cfb14dd:c6293, 11e48d46-e648-47f9-b6a0-9c7f26654c28:c6287, d1b6a90e-e817-40a7-bec1-608b5cc7d8b6:c6291]
2019-09-11 04:26:24,614 [grpc-default-executor-3] INFO  client.GrpcClientProtocolClient (GrpcClientProtocolClient.java:onNext(264)) - client-734BBEB428D7->a5e38e3e-c2ad-4348-acb9-3fc25cfb14dd: receive RaftClientReply:client-734BBEB428D7->a5e38e3e-c2ad-4348-acb9-3fc25cfb14dd@group-7000B19605CB, cid=4136, SUCCESS, logIndex=6293, commits[a5e38e3e-c2ad-4348-acb9-3fc25cfb14dd:c6293, 11e48d46-e648-47f9-b6a0-9c7f26654c28:c6291, d1b6a90e-e817-40a7-bec1-608b5cc7d8b6:c6291]
2019-09-11 04:26:24,627 [grpc-default-executor-1] INFO  client.GrpcClientProtocolClient (GrpcClientProtocolClient.java:onNext(264)) - client-734BBEB428D7->a5e38e3e-c2ad-4348-acb9-3fc25cfb14dd: receive RaftClientReply:client-734BBEB428D7->a5e38e3e-c2ad-4348-acb9-3fc25cfb14dd@group-7000B19605CB, cid=4137, SUCCESS, logIndex=6296, commits[a5e38e3e-c2ad-4348-acb9-3fc25cfb14dd:c6297, 11e48d46-e648-47f9-b6a0-9c7f26654c28:c6293, d1b6a90e-e817-40a7-bec1-608b5cc7d8b6:c6293]
2019-09-11 04:26:24,627 [grpc-default-executor-1] INFO  client.GrpcClientProtocolClient (GrpcClientProtocolClient.java:onNext(264)) - client-734BBEB428D7->a5e38e3e-c2ad-4348-acb9-3fc25cfb14dd: receive RaftClientReply:client-734BBEB428D7->a5e38e3e-c2ad-4348-acb9-3fc25cfb14dd@group-7000B19605CB, cid=4138, SUCCESS, logIndex=6297, commits[a5e38e3e-c2ad-4348-acb9-3fc25cfb14dd:c6297, 11e48d46-e648-47f9-b6a0-9c7f26654c28:c6293, d1b6a90e-e817-40a7-bec1-608b5cc7d8b6:c6293]
2019-09-11 04:26:24,640 [grpc-default-executor-1] INFO  client.GrpcClientProtocolClient (GrpcClientProtocolClient.java:onNext(264)) - client-734BBEB428D7->a5e38e3e-c2ad-4348-acb9-3fc25cfb14dd: receive RaftClientReply:client-734BBEB428D7->a5e38e3e-c2ad-4348-acb9-3fc25cfb14dd@group-7000B19605CB, cid=4139, SUCCESS, logIndex=0, commits[a5e38e3e-c2ad-4348-acb9-3fc25cfb14dd:c6299, 11e48d46-e648-47f9-b6a0-9c7f26654c28:c6297, d1b6a90e-e817-40a7-bec1-608b5cc7d8b6:c6297]
2019-09-11 04:26:24,661 [grpc-default-executor-1] INFO  client.GrpcClientProtocolClient (GrpcClientProtocolClient.java:onNext(264)) - client-734BBEB428D7->a5e38e3e-c2ad-4348-acb9-3fc25cfb14dd: receive RaftClientReply:client-734BBEB428D7->a5e38e3e-c2ad-4348-acb9-3fc25cfb14dd@group-7000B19605CB, cid=4140, SUCCESS, logIndex=6300, commits[a5e38e3e-c2ad-4348-acb9-3fc25cfb14dd:c6301, 11e48d46-e648-47f9-b6a0-9c7f26654c28:c6297, d1b6a90e-e817-40a7-bec1-608b5cc7d8b6:c6299]
2019-09-11 04:26:24,661 [grpc-default-executor-1] INFO  client.GrpcClientProtocolClient (GrpcClientProtocolClient.java:onNext(264)) - client-734BBEB428D7->a5e38e3e-c2ad-4348-acb9-3fc25cfb14dd: receive RaftClientReply:client-734BBEB428D7->a5e38e3e-c2ad-4348-acb9-3fc25cfb14dd@group-7000B19605CB, cid=4141, SUCCESS, logIndex=6301, commits[a5e38e3e-c2ad-4348-acb9-3fc25cfb14dd:c6301, 11e48d46-e648-47f9-b6a0-9c7f26654c28:c6297, d1b6a90e-e817-40a7-bec1-608b5cc7d8b6:c6299]
2019-09-11 04:26:24,662 [grpc-default-executor-4] INFO  client.GrpcClientProtocolClient (GrpcClientProtocolClient.java:onNext(264)) - client-734BBEB428D7->a5e38e3e-c2ad-4348-acb9-3fc25cfb14dd: receive RaftClientReply:client-734BBEB428D7->a5e38e3e-c2ad-4348-acb9-3fc25cfb14dd@group-7000B19605CB, cid=4142, SUCCESS, logIndex=6302, commits[a5e38e3e-c2ad-4348-acb9-3fc25cfb14dd:c6303, 11e48d46-e648-47f9-b6a0-9c7f26654c28:c6297, d1b6a90e-e817-40a7-bec1-608b5cc7d8b6:c6299]
2019-09-11 04:26:24,662 [grpc-default-executor-4] INFO  client.GrpcClientProtocolClient (GrpcClientProtocolClient.java:onNext(264)) - client-734BBEB428D7->a5e38e3e-c2ad-4348-acb9-3fc25cfb14dd: receive RaftClientReply:client-734BBEB428D7->a5e38e3e-c2ad-4348-acb9-3fc25cfb14dd@group-7000B19605CB, cid=4143, SUCCESS, logIndex=6303, commits[a5e38e3e-c2ad-4348-acb9-3fc25cfb14dd:c6303, 11e48d46-e648-47f9-b6a0-9c7f26654c28:c6297, d1b6a90e-e817-40a7-bec1-608b5cc7d8b6:c6299]
2019-09-11 04:26:24,663 [grpc-default-executor-4] INFO  client.GrpcClientProtocolClient (GrpcClientProtocolClient.java:onNext(264)) - client-734BBEB428D7->a5e38e3e-c2ad-4348-acb9-3fc25cfb14dd: receive RaftClientReply:client-734BBEB428D7->a5e38e3e-c2ad-4348-acb9-3fc25cfb14dd@group-7000B19605CB, cid=4144, SUCCESS, logIndex=0, commits[a5e38e3e-c2ad-4348-acb9-3fc25cfb14dd:c6305, 11e48d46-e648-47f9-b6a0-9c7f26654c28:c6301, d1b6a90e-e817-40a7-bec1-608b5cc7d8b6:c6301]
2019-09-11 04:26:24,681 [grpc-default-executor-4] INFO  client.GrpcClientProtocolClient (GrpcClientProtocolClient.java:onNext(264)) - client-734BBEB428D7->a5e38e3e-c2ad-4348-acb9-3fc25cfb14dd: receive RaftClientReply:client-734BBEB428D7->a5e38e3e-c2ad-4348-acb9-3fc25cfb14dd@group-7000B19605CB, cid=4145, SUCCESS, logIndex=6308, commits[a5e38e3e-c2ad-4348-acb9-3fc25cfb14dd:c6309, 11e48d46-e648-47f9-b6a0-9c7f26654c28:c6307, d1b6a90e-e817-40a7-bec1-608b5cc7d8b6:c6307]
2019-09-11 04:26:24,682 [grpc-default-executor-4] INFO  client.GrpcClientProtocolClient (GrpcClientProtocolClient.java:onNext(264)) - client-734BBEB428D7->a5e38e3e-c2ad-4348-acb9-3fc25cfb14dd: receive RaftClientReply:client-734BBEB428D7->a5e38e3e-c2ad-4348-acb9-3fc25cfb14dd@group-7000B19605CB, cid=4146, SUCCESS, logIndex=6309, commits[a5e38e3e-c2ad-4348-acb9-3fc25cfb14dd:c6309, 11e48d46-e648-47f9-b6a0-9c7f26654c28:c6307, d1b6a90e-e817-40a7-bec1-608b5cc7d8b6:c6307]
2019-09-11 04:26:24,700 [grpc-default-executor-1] INFO  client.GrpcClientProtocolClient (GrpcClientProtocolClient.java:onNext(264)) - client-734BBEB428D7->a5e38e3e-c2ad-4348-acb9-3fc25cfb14dd: receive RaftClientReply:client-734BBEB428D7->a5e38e3e-c2ad-4348-acb9-3fc25cfb14dd@group-7000B19605CB, cid=4147, SUCCESS, logIndex=6312, commits[a5e38e3e-c2ad-4348-acb9-3fc25cfb14dd:c6312, 11e48d46-e648-47f9-b6a0-9c7f26654c28:c6311, d1b6a90e-e817-40a7-bec1-608b5cc7d8b6:c6311]
2019-09-11 04:26:24,700 [grpc-default-executor-1] INFO  client.GrpcClientProtocolClient (GrpcClientProtocolClient.java:onNext(264)) - client-734BBEB428D7->a5e38e3e-c2ad-4348-acb9-3fc25cfb14dd: receive RaftClientReply:client-734BBEB428D7->a5e38e3e-c2ad-4348-acb9-3fc25cfb14dd@group-7000B19605CB, cid=4148, SUCCESS, logIndex=6313, commits[a5e38e3e-c2ad-4348-acb9-3fc25cfb14dd:c6313, 11e48d46-e648-47f9-b6a0-9c7f26654c28:c6311, d1b6a90e-e817-40a7-bec1-608b5cc7d8b6:c6311]
2019-09-11 04:26:24,713 [grpc-default-executor-1] INFO  client.GrpcClientProtocolClient (GrpcClientProtocolClient.java:onNext(264)) - client-734BBEB428D7->a5e38e3e-c2ad-4348-acb9-3fc25cfb14dd: receive RaftClientReply:client-734BBEB428D7->a5e38e3e-c2ad-4348-acb9-3fc25cfb14dd@group-7000B19605CB, cid=4149, SUCCESS, logIndex=0, commits[a5e38e3e-c2ad-4348-acb9-3fc25cfb14dd:c6315, 11e48d46-e648-47f9-b6a0-9c7f26654c28:c6313, d1b6a90e-e817-40a7-bec1-608b5cc7d8b6:c6313]
2019-09-11 04:26:24,741 [grpc-default-executor-2] INFO  client.GrpcClientProtocolClient (GrpcClientProtocolClient.java:onNext(264)) - client-734BBEB428D7->a5e38e3e-c2ad-4348-acb9-3fc25cfb14dd: receive RaftClientReply:client-734BBEB428D7->a5e38e3e-c2ad-4348-acb9-3fc25cfb14dd@group-7000B19605CB, cid=4150, SUCCESS, logIndex=6316, commits[a5e38e3e-c2ad-4348-acb9-3fc25cfb14dd:c6318, 11e48d46-e648-47f9-b6a0-9c7f26654c28:c6315, d1b6a90e-e817-40a7-bec1-608b5cc7d8b6:c6315]
2019-09-11 04:26:24,741 [grpc-default-executor-2] INFO  client.GrpcClientProtocolClient (GrpcClientProtocolClient.java:onNext(264)) - client-734BBEB428D7->a5e38e3e-c2ad-4348-acb9-3fc25cfb14dd: receive RaftClientReply:client-734BBEB428D7->a5e38e3e-c2ad-4348-acb9-3fc25cfb14dd@group-7000B19605CB, cid=4151, SUCCESS, logIndex=6317, commits[a5e38e3e-c2ad-4348-acb9-3fc25cfb14dd:c6319, 11e48d46-e648-47f9-b6a0-9c7f26654c28:c6315, d1b6a90e-e817-40a7-bec1-608b5cc7d8b6:c6315]
2019-09-11 04:26:24,742 [grpc-default-executor-2] INFO  client.GrpcClientProtocolClient (GrpcClientProtocolClient.java:onNext(264)) - client-734BBEB428D7->a5e38e3e-c2ad-4348-acb9-3fc25cfb14dd: receive RaftClientReply:client-734BBEB428D7->a5e38e3e-c2ad-4348-acb9-3fc25cfb14dd@group-7000B19605CB, cid=4152, SUCCESS, logIndex=6318, commits[a5e38e3e-c2ad-4348-acb9-3fc25cfb14dd:c6319, 11e48d46-e648-47f9-b6a0-9c7f26654c28:c6315, d1b6a90e-e817-40a7-bec1-608b5cc7d8b6:c6315]
2019-09-11 04:26:24,742 [grpc-default-executor-2] INFO  client.GrpcClientProtocolClient (GrpcClientProtocolClient.java:onNext(264)) - client-734BBEB428D7->a5e38e3e-c2ad-4348-acb9-3fc25cfb14dd: receive RaftClientReply:client-734BBEB428D7->a5e38e3e-c2ad-4348-acb9-3fc25cfb14dd@group-7000B19605CB, cid=4153, SUCCESS, logIndex=6319, commits[a5e38e3e-c2ad-4348-acb9-3fc25cfb14dd:c6319, 11e48d46-e648-47f9-b6a0-9c7f26654c28:c6315, d1b6a90e-e817-40a7-bec1-608b5cc7d8b6:c6315]
2019-09-11 04:26:24,743 [grpc-default-executor-2] INFO  client.GrpcClientProtocolClient (GrpcClientProtocolClient.java:onNext(264)) - client-734BBEB428D7->a5e38e3e-c2ad-4348-acb9-3fc25cfb14dd: receive RaftClientReply:client-734BBEB428D7->a5e38e3e-c2ad-4348-acb9-3fc25cfb14dd@group-7000B19605CB, cid=4154, SUCCESS, logIndex=0, commits[a5e38e3e-c2ad-4348-acb9-3fc25cfb14dd:c6321, 11e48d46-e648-47f9-b6a0-9c7f26654c28:c6317, d1b6a90e-e817-40a7-bec1-608b5cc7d8b6:c6318]
2019-09-11 04:26:24,760 [grpc-default-executor-1] INFO  client.GrpcClientProtocolClient (GrpcClientProtocolClient.java:onNext(264)) - client-734BBEB428D7->a5e38e3e-c2ad-4348-acb9-3fc25cfb14dd: receive RaftClientReply:client-734BBEB428D7->a5e38e3e-c2ad-4348-acb9-3fc25cfb14dd@group-7000B19605CB, cid=4155, SUCCESS, logIndex=6324, commits[a5e38e3e-c2ad-4348-acb9-3fc25cfb14dd:c6324, 11e48d46-e648-47f9-b6a0-9c7f26654c28:c6323, d1b6a90e-e817-40a7-bec1-608b5cc7d8b6:c6323]
2019-09-11 04:26:24,761 [grpc-default-executor-1] INFO  client.GrpcClientProtocolClient (GrpcClientProtocolClient.java:onNext(264)) - client-734BBEB428D7->a5e38e3e-c2ad-4348-acb9-3fc25cfb14dd: receive RaftClientReply:client-734BBEB428D7->a5e38e3e-c2ad-4348-acb9-3fc25cfb14dd@group-7000B19605CB, cid=4156, SUCCESS, logIndex=6325, commits[a5e38e3e-c2ad-4348-acb9-3fc25cfb14dd:c6325, 11e48d46-e648-47f9-b6a0-9c7f26654c28:c6323, d1b6a90e-e817-40a7-bec1-608b5cc7d8b6:c6323]
2019-09-11 04:26:24,773 [grpc-default-executor-2] INFO  client.GrpcClientProtocolClient (GrpcClientProtocolClient.java:onNext(264)) - client-734BBEB428D7->a5e38e3e-c2ad-4348-acb9-3fc25cfb14dd: receive RaftClientReply:client-734BBEB428D7->a5e38e3e-c2ad-4348-acb9-3fc25cfb14dd@group-7000B19605CB, cid=4157, SUCCESS, logIndex=6328, commits[a5e38e3e-c2ad-4348-acb9-3fc25cfb14dd:c6328, 11e48d46-e648-47f9-b6a0-9c7f26654c28:c6325, d1b6a90e-e817-40a7-bec1-608b5cc7d8b6:c6325]
2019-09-11 04:26:24,774 [grpc-default-executor-2] INFO  client.GrpcClientProtocolClient (GrpcClientProtocolClient.java:onNext(264)) - client-734BBEB428D7->a5e38e3e-c2ad-4348-acb9-3fc25cfb14dd: receive RaftClientReply:client-734BBEB428D7->a5e38e3e-c2ad-4348-acb9-3fc25cfb14dd@group-7000B19605CB, cid=4158, SUCCESS, logIndex=6329, commits[a5e38e3e-c2ad-4348-acb9-3fc25cfb14dd:c6329, 11e48d46-e648-47f9-b6a0-9c7f26654c28:c6325, d1b6a90e-e817-40a7-bec1-608b5cc7d8b6:c6325]
2019-09-11 04:26:24,787 [grpc-default-executor-2] INFO  client.GrpcClientProtocolClient (GrpcClientProtocolClient.java:onNext(264)) - client-734BBEB428D7->a5e38e3e-c2ad-4348-acb9-3fc25cfb14dd: receive RaftClientReply:client-734BBEB428D7->a5e38e3e-c2ad-4348-acb9-3fc25cfb14dd@group-7000B19605CB, cid=4159, SUCCESS, logIndex=0, commits[a5e38e3e-c2ad-4348-acb9-3fc25cfb14dd:c6331, 11e48d46-e648-47f9-b6a0-9c7f26654c28:c6329, d1b6a90e-e817-40a7-bec1-608b5cc7d8b6:c6329]
2019-09-11 04:26:24,922 [grpc-default-executor-1] INFO  client.GrpcClientProtocolClient (GrpcClientProtocolClient.java:onNext(264)) - client-734BBEB428D7->a5e38e3e-c2ad-4348-acb9-3fc25cfb14dd: receive RaftClientReply:client-734BBEB428D7->a5e38e3e-c2ad-4348-acb9-3fc25cfb14dd@group-7000B19605CB, cid=4160, SUCCESS, logIndex=6332, commits[a5e38e3e-c2ad-4348-acb9-3fc25cfb14dd:c6333, 11e48d46-e648-47f9-b6a0-9c7f26654c28:c6329, d1b6a90e-e817-40a7-bec1-608b5cc7d8b6:c6331]
2019-09-11 04:26:24,923 [grpc-default-executor-2] INFO  client.GrpcClientProtocolClient (GrpcClientProtocolClient.java:onNext(264)) - client-734BBEB428D7->a5e38e3e-c2ad-4348-acb9-3fc25cfb14dd: receive RaftClientReply:client-734BBEB428D7->a5e38e3e-c2ad-4348-acb9-3fc25cfb14dd@group-7000B19605CB, cid=4161, SUCCESS, logIndex=6333, commits[a5e38e3e-c2ad-4348-acb9-3fc25cfb14dd:c6333, 11e48d46-e648-47f9-b6a0-9c7f26654c28:c6329, d1b6a90e-e817-40a7-bec1-608b5cc7d8b6:c6331]
2019-09-11 04:26:24,936 [grpc-default-executor-2] INFO  client.GrpcClientProtocolClient (GrpcClientProtocolClient.java:onNext(264)) - client-734BBEB428D7->a5e38e3e-c2ad-4348-acb9-3fc25cfb14dd: receive RaftClientReply:client-734BBEB428D7->a5e38e3e-c2ad-4348-acb9-3fc25cfb14dd@group-7000B19605CB, cid=4162, SUCCESS, logIndex=6336, commits[a5e38e3e-c2ad-4348-acb9-3fc25cfb14dd:c6337, 11e48d46-e648-47f9-b6a0-9c7f26654c28:c6333, d1b6a90e-e817-40a7-bec1-608b5cc7d8b6:c6333]
2019-09-11 04:26:24,936 [grpc-default-executor-2] INFO  client.GrpcClientProtocolClient (GrpcClientProtocolClient.java:onNext(264)) - client-734BBEB428D7->a5e38e3e-c2ad-4348-acb9-3fc25cfb14dd: receive RaftClientReply:client-734BBEB428D7->a5e38e3e-c2ad-4348-acb9-3fc25cfb14dd@group-7000B19605CB, cid=4163, SUCCESS, logIndex=6337, commits[a5e38e3e-c2ad-4348-acb9-3fc25cfb14dd:c6337, 11e48d46-e648-47f9-b6a0-9c7f26654c28:c6333, d1b6a90e-e817-40a7-bec1-608b5cc7d8b6:c6333]
2019-09-11 04:26:24,957 [grpc-default-executor-4] INFO  client.GrpcClientProtocolClient (GrpcClientProtocolClient.java:onNext(264)) - client-734BBEB428D7->a5e38e3e-c2ad-4348-acb9-3fc25cfb14dd: receive RaftClientReply:client-734BBEB428D7->a5e38e3e-c2ad-4348-acb9-3fc25cfb14dd@group-7000B19605CB, cid=4164, SUCCESS, logIndex=6340, commits[a5e38e3e-c2ad-4348-acb9-3fc25cfb14dd:c6341, 11e48d46-e648-47f9-b6a0-9c7f26654c28:c6339, d1b6a90e-e817-40a7-bec1-608b5cc7d8b6:c6339]
2019-09-11 04:26:24,957 [grpc-default-executor-4] INFO  client.GrpcClientProtocolClient (GrpcClientProtocolClient.java:onNext(264)) - client-734BBEB428D7->a5e38e3e-c2ad-4348-acb9-3fc25cfb14dd: receive RaftClientReply:client-734BBEB428D7->a5e38e3e-c2ad-4348-acb9-3fc25cfb14dd@group-7000B19605CB, cid=4165, SUCCESS, logIndex=6341, commits[a5e38e3e-c2ad-4348-acb9-3fc25cfb14dd:c6341, 11e48d46-e648-47f9-b6a0-9c7f26654c28:c6339, d1b6a90e-e817-40a7-bec1-608b5cc7d8b6:c6339]
2019-09-11 04:26:24,980 [grpc-default-executor-4] INFO  client.GrpcClientProtocolClient (GrpcClientProtocolClient.java:onNext(264)) - client-734BBEB428D7->a5e38e3e-c2ad-4348-acb9-3fc25cfb14dd: receive RaftClientReply:client-734BBEB428D7->a5e38e3e-c2ad-4348-acb9-3fc25cfb14dd@group-7000B19605CB, cid=4166, SUCCESS, logIndex=6344, commits[a5e38e3e-c2ad-4348-acb9-3fc25cfb14dd:c6345, 11e48d46-e648-47f9-b6a0-9c7f26654c28:c6341, d1b6a90e-e817-40a7-bec1-608b5cc7d8b6:c6341]
2019-09-11 04:26:24,981 [grpc-default-executor-4] INFO  client.GrpcClientProtocolClient (GrpcClientProtocolClient.java:onNext(264)) - client-734BBEB428D7->a5e38e3e-c2ad-4348-acb9-3fc25cfb14dd: receive RaftClientReply:client-734BBEB428D7->a5e38e3e-c2ad-4348-acb9-3fc25cfb14dd@group-7000B19605CB, cid=4167, SUCCESS, logIndex=6345, commits[a5e38e3e-c2ad-4348-acb9-3fc25cfb14dd:c6345, 11e48d46-e648-47f9-b6a0-9c7f26654c28:c6341, d1b6a90e-e817-40a7-bec1-608b5cc7d8b6:c6341]
2019-09-11 04:26:24,984 [grpc-default-executor-4] INFO  client.GrpcClientProtocolClient (GrpcClientProtocolClient.java:onNext(264)) - client-734BBEB428D7->a5e38e3e-c2ad-4348-acb9-3fc25cfb14dd: receive RaftClientReply:client-734BBEB428D7->a5e38e3e-c2ad-4348-acb9-3fc25cfb14dd@group-7000B19605CB, cid=4168, SUCCESS, logIndex=0, commits[a5e38e3e-c2ad-4348-acb9-3fc25cfb14dd:c6347, 11e48d46-e648-47f9-b6a0-9c7f26654c28:c6345, d1b6a90e-e817-40a7-bec1-608b5cc7d8b6:c6345]
2019-09-11 04:26:25,018 [grpc-default-executor-4] INFO  client.GrpcClientProtocolClient (GrpcClientProtocolClient.java:onNext(264)) - client-734BBEB428D7->a5e38e3e-c2ad-4348-acb9-3fc25cfb14dd: receive RaftClientReply:client-734BBEB428D7->a5e38e3e-c2ad-4348-acb9-3fc25cfb14dd@group-7000B19605CB, cid=4169, SUCCESS, logIndex=6348, commits[a5e38e3e-c2ad-4348-acb9-3fc25cfb14dd:c6349, 11e48d46-e648-47f9-b6a0-9c7f26654c28:c6347, d1b6a90e-e817-40a7-bec1-608b5cc7d8b6:c6347]
2019-09-11 04:26:25,019 [grpc-default-executor-4] INFO  client.GrpcClientProtocolClient (GrpcClientProtocolClient.java:onNext(264)) - client-734BBEB428D7->a5e38e3e-c2ad-4348-acb9-3fc25cfb14dd: receive RaftClientReply:client-734BBEB428D7->a5e38e3e-c2ad-4348-acb9-3fc25cfb14dd@group-7000B19605CB, cid=4170, SUCCESS, logIndex=6349, commits[a5e38e3e-c2ad-4348-acb9-3fc25cfb14dd:c6350, 11e48d46-e648-47f9-b6a0-9c7f26654c28:c6347, d1b6a90e-e817-40a7-bec1-608b5cc7d8b6:c6347]
2019-09-11 04:26:25,019 [grpc-default-executor-4] INFO  client.GrpcClientProtocolClient (GrpcClientProtocolClient.java:onNext(264)) - client-734BBEB428D7->a5e38e3e-c2ad-4348-acb9-3fc25cfb14dd: receive RaftClientReply:client-734BBEB428D7->a5e38e3e-c2ad-4348-acb9-3fc25cfb14dd@group-7000B19605CB, cid=4171, SUCCESS, logIndex=6350, commits[a5e38e3e-c2ad-4348-acb9-3fc25cfb14dd:c6351, 11e48d46-e648-47f9-b6a0-9c7f26654c28:c6347, d1b6a90e-e817-40a7-bec1-608b5cc7d8b6:c6347]
2019-09-11 04:26:25,019 [grpc-default-executor-4] INFO  client.GrpcClientProtocolClient (GrpcClientProtocolClient.java:onNext(264)) - client-734BBEB428D7->a5e38e3e-c2ad-4348-acb9-3fc25cfb14dd: receive RaftClientReply:client-734BBEB428D7->a5e38e3e-c2ad-4348-acb9-3fc25cfb14dd@group-7000B19605CB, cid=4172, SUCCESS, logIndex=6351, commits[a5e38e3e-c2ad-4348-acb9-3fc25cfb14dd:c6351, 11e48d46-e648-47f9-b6a0-9c7f26654c28:c6347, d1b6a90e-e817-40a7-bec1-608b5cc7d8b6:c6347]
2019-09-11 04:26:25,021 [grpc-default-executor-4] INFO  client.GrpcClientProtocolClient (GrpcClientProtocolClient.java:onNext(264)) - client-734BBEB428D7->a5e38e3e-c2ad-4348-acb9-3fc25cfb14dd: receive RaftClientReply:client-734BBEB428D7->a5e38e3e-c2ad-4348-acb9-3fc25cfb14dd@group-7000B19605CB, cid=4173, SUCCESS, logIndex=0, commits[a5e38e3e-c2ad-4348-acb9-3fc25cfb14dd:c6355, 11e48d46-e648-47f9-b6a0-9c7f26654c28:c6349, d1b6a90e-e817-40a7-bec1-608b5cc7d8b6:c6351]
 0.00% |█                                                                                                    |  0/1 Time: 0:00:36 0.00% |█                                                                                                    |  0/1 Time: 0:00:372019-09-11 04:26:26,642 [grpc-default-executor-4] INFO  client.GrpcClientProtocolClient (GrpcClientProtocolClient.java:onNext(264)) - client-734BBEB428D7->a5e38e3e-c2ad-4348-acb9-3fc25cfb14dd: receive RaftClientReply:client-734BBEB428D7->a5e38e3e-c2ad-4348-acb9-3fc25cfb14dd@group-7000B19605CB, cid=4174, SUCCESS, logIndex=6356, commits[a5e38e3e-c2ad-4348-acb9-3fc25cfb14dd:c6357, 11e48d46-e648-47f9-b6a0-9c7f26654c28:c6355, d1b6a90e-e817-40a7-bec1-608b5cc7d8b6:c6355]
2019-09-11 04:26:26,643 [grpc-default-executor-4] INFO  client.GrpcClientProtocolClient (GrpcClientProtocolClient.java:onNext(264)) - client-734BBEB428D7->a5e38e3e-c2ad-4348-acb9-3fc25cfb14dd: receive RaftClientReply:client-734BBEB428D7->a5e38e3e-c2ad-4348-acb9-3fc25cfb14dd@group-7000B19605CB, cid=4175, SUCCESS, logIndex=6357, commits[a5e38e3e-c2ad-4348-acb9-3fc25cfb14dd:c6357, 11e48d46-e648-47f9-b6a0-9c7f26654c28:c6355, d1b6a90e-e817-40a7-bec1-608b5cc7d8b6:c6355]
2019-09-11 04:26:26,668 [grpc-default-executor-2] INFO  client.GrpcClientProtocolClient (GrpcClientProtocolClient.java:onNext(264)) - client-734BBEB428D7->a5e38e3e-c2ad-4348-acb9-3fc25cfb14dd: receive RaftClientReply:client-734BBEB428D7->a5e38e3e-c2ad-4348-acb9-3fc25cfb14dd@group-7000B19605CB, cid=4176, SUCCESS, logIndex=6360, commits[a5e38e3e-c2ad-4348-acb9-3fc25cfb14dd:c6361, 11e48d46-e648-47f9-b6a0-9c7f26654c28:c6357, d1b6a90e-e817-40a7-bec1-608b5cc7d8b6:c6359]
2019-09-11 04:26:26,669 [grpc-default-executor-2] INFO  client.GrpcClientProtocolClient (GrpcClientProtocolClient.java:onNext(264)) - client-734BBEB428D7->a5e38e3e-c2ad-4348-acb9-3fc25cfb14dd: receive RaftClientReply:client-734BBEB428D7->a5e38e3e-c2ad-4348-acb9-3fc25cfb14dd@group-7000B19605CB, cid=4177, SUCCESS, logIndex=6361, commits[a5e38e3e-c2ad-4348-acb9-3fc25cfb14dd:c6361, 11e48d46-e648-47f9-b6a0-9c7f26654c28:c6359, d1b6a90e-e817-40a7-bec1-608b5cc7d8b6:c6359]
2019-09-11 04:26:26,679 [grpc-default-executor-2] INFO  client.GrpcClientProtocolClient (GrpcClientProtocolClient.java:onNext(264)) - client-734BBEB428D7->a5e38e3e-c2ad-4348-acb9-3fc25cfb14dd: receive RaftClientReply:client-734BBEB428D7->a5e38e3e-c2ad-4348-acb9-3fc25cfb14dd@group-7000B19605CB, cid=4178, SUCCESS, logIndex=0, commits[a5e38e3e-c2ad-4348-acb9-3fc25cfb14dd:c6362, 11e48d46-e648-47f9-b6a0-9c7f26654c28:c6361, d1b6a90e-e817-40a7-bec1-608b5cc7d8b6:c6361]
2019-09-11 04:26:26,724 [grpc-default-executor-4] INFO  client.GrpcClientProtocolClient (GrpcClientProtocolClient.java:onNext(264)) - client-734BBEB428D7->a5e38e3e-c2ad-4348-acb9-3fc25cfb14dd: receive RaftClientReply:client-734BBEB428D7->a5e38e3e-c2ad-4348-acb9-3fc25cfb14dd@group-7000B19605CB, cid=4179, SUCCESS, logIndex=6364, commits[a5e38e3e-c2ad-4348-acb9-3fc25cfb14dd:c6365, 11e48d46-e648-47f9-b6a0-9c7f26654c28:c6361, d1b6a90e-e817-40a7-bec1-608b5cc7d8b6:c6363]
2019-09-11 04:26:26,724 [grpc-default-executor-4] INFO  client.GrpcClientProtocolClient (GrpcClientProtocolClient.java:onNext(264)) - client-734BBEB428D7->a5e38e3e-c2ad-4348-acb9-3fc25cfb14dd: receive RaftClientReply:client-734BBEB428D7->a5e38e3e-c2ad-4348-acb9-3fc25cfb14dd@group-7000B19605CB, cid=4180, SUCCESS, logIndex=6365, commits[a5e38e3e-c2ad-4348-acb9-3fc25cfb14dd:c6365, 11e48d46-e648-47f9-b6a0-9c7f26654c28:c6363, d1b6a90e-e817-40a7-bec1-608b5cc7d8b6:c6363]
2019-09-11 04:26:26,725 [grpc-default-executor-4] INFO  client.GrpcClientProtocolClient (GrpcClientProtocolClient.java:onNext(264)) - client-734BBEB428D7->a5e38e3e-c2ad-4348-acb9-3fc25cfb14dd: receive RaftClientReply:client-734BBEB428D7->a5e38e3e-c2ad-4348-acb9-3fc25cfb14dd@group-7000B19605CB, cid=4181, SUCCESS, logIndex=6366, commits[a5e38e3e-c2ad-4348-acb9-3fc25cfb14dd:c6367, 11e48d46-e648-47f9-b6a0-9c7f26654c28:c6363, d1b6a90e-e817-40a7-bec1-608b5cc7d8b6:c6363]
2019-09-11 04:26:26,725 [grpc-default-executor-4] INFO  client.GrpcClientProtocolClient (GrpcClientProtocolClient.java:onNext(264)) - client-734BBEB428D7->a5e38e3e-c2ad-4348-acb9-3fc25cfb14dd: receive RaftClientReply:client-734BBEB428D7->a5e38e3e-c2ad-4348-acb9-3fc25cfb14dd@group-7000B19605CB, cid=4182, SUCCESS, logIndex=6367, commits[a5e38e3e-c2ad-4348-acb9-3fc25cfb14dd:c6367, 11e48d46-e648-47f9-b6a0-9c7f26654c28:c6363, d1b6a90e-e817-40a7-bec1-608b5cc7d8b6:c6363]
2019-09-11 04:26:26,735 [grpc-default-executor-1] INFO  client.GrpcClientProtocolClient (GrpcClientProtocolClient.java:onNext(264)) - client-734BBEB428D7->a5e38e3e-c2ad-4348-acb9-3fc25cfb14dd: receive RaftClientReply:client-734BBEB428D7->a5e38e3e-c2ad-4348-acb9-3fc25cfb14dd@group-7000B19605CB, cid=4183, SUCCESS, logIndex=0, commits[a5e38e3e-c2ad-4348-acb9-3fc25cfb14dd:c6370, 11e48d46-e648-47f9-b6a0-9c7f26654c28:c6365, d1b6a90e-e817-40a7-bec1-608b5cc7d8b6:c6366]
2019-09-11 04:26:26,755 [grpc-default-executor-4] INFO  client.GrpcClientProtocolClient (GrpcClientProtocolClient.java:onNext(264)) - client-734BBEB428D7->a5e38e3e-c2ad-4348-acb9-3fc25cfb14dd: receive RaftClientReply:client-734BBEB428D7->a5e38e3e-c2ad-4348-acb9-3fc25cfb14dd@group-7000B19605CB, cid=4184, SUCCESS, logIndex=6372, commits[a5e38e3e-c2ad-4348-acb9-3fc25cfb14dd:c6373, 11e48d46-e648-47f9-b6a0-9c7f26654c28:c6367, d1b6a90e-e817-40a7-bec1-608b5cc7d8b6:c6371]
2019-09-11 04:26:26,756 [grpc-default-executor-4] INFO  client.GrpcClientProtocolClient (GrpcClientProtocolClient.java:onNext(264)) - client-734BBEB428D7->a5e38e3e-c2ad-4348-acb9-3fc25cfb14dd: receive RaftClientReply:client-734BBEB428D7->a5e38e3e-c2ad-4348-acb9-3fc25cfb14dd@group-7000B19605CB, cid=4185, SUCCESS, logIndex=6373, commits[a5e38e3e-c2ad-4348-acb9-3fc25cfb14dd:c6373, 11e48d46-e648-47f9-b6a0-9c7f26654c28:c6371, d1b6a90e-e817-40a7-bec1-608b5cc7d8b6:c6371]
2019-09-11 04:26:26,768 [grpc-default-executor-4] INFO  client.GrpcClientProtocolClient (GrpcClientProtocolClient.java:onNext(264)) - client-734BBEB428D7->a5e38e3e-c2ad-4348-acb9-3fc25cfb14dd: receive RaftClientReply:client-734BBEB428D7->a5e38e3e-c2ad-4348-acb9-3fc25cfb14dd@group-7000B19605CB, cid=4186, SUCCESS, logIndex=6376, commits[a5e38e3e-c2ad-4348-acb9-3fc25cfb14dd:c6377, 11e48d46-e648-47f9-b6a0-9c7f26654c28:c6373, d1b6a90e-e817-40a7-bec1-608b5cc7d8b6:c6375]
2019-09-11 04:26:26,769 [grpc-default-executor-4] INFO  client.GrpcClientProtocolClient (GrpcClientProtocolClient.java:onNext(264)) - client-734BBEB428D7->a5e38e3e-c2ad-4348-acb9-3fc25cfb14dd: receive RaftClientReply:client-734BBEB428D7->a5e38e3e-c2ad-4348-acb9-3fc25cfb14dd@group-7000B19605CB, cid=4187, SUCCESS, logIndex=6377, commits[a5e38e3e-c2ad-4348-acb9-3fc25cfb14dd:c6377, 11e48d46-e648-47f9-b6a0-9c7f26654c28:c6375, d1b6a90e-e817-40a7-bec1-608b5cc7d8b6:c6375]
2019-09-11 04:26:26,771 [grpc-default-executor-4] INFO  client.GrpcClientProtocolClient (GrpcClientProtocolClient.java:onNext(264)) - client-734BBEB428D7->a5e38e3e-c2ad-4348-acb9-3fc25cfb14dd: receive RaftClientReply:client-734BBEB428D7->a5e38e3e-c2ad-4348-acb9-3fc25cfb14dd@group-7000B19605CB, cid=4188, SUCCESS, logIndex=0, commits[a5e38e3e-c2ad-4348-acb9-3fc25cfb14dd:c6378, 11e48d46-e648-47f9-b6a0-9c7f26654c28:c6377, d1b6a90e-e817-40a7-bec1-608b5cc7d8b6:c6377]
2019-09-11 04:26:26,810 [grpc-default-executor-4] INFO  client.GrpcClientProtocolClient (GrpcClientProtocolClient.java:onNext(264)) - client-734BBEB428D7->a5e38e3e-c2ad-4348-acb9-3fc25cfb14dd: receive RaftClientReply:client-734BBEB428D7->a5e38e3e-c2ad-4348-acb9-3fc25cfb14dd@group-7000B19605CB, cid=4189, SUCCESS, logIndex=6380, commits[a5e38e3e-c2ad-4348-acb9-3fc25cfb14dd:c6381, 11e48d46-e648-47f9-b6a0-9c7f26654c28:c6377, d1b6a90e-e817-40a7-bec1-608b5cc7d8b6:c6379]
2019-09-11 04:26:26,811 [grpc-default-executor-4] INFO  client.GrpcClientProtocolClient (GrpcClientProtocolClient.java:onNext(264)) - client-734BBEB428D7->a5e38e3e-c2ad-4348-acb9-3fc25cfb14dd: receive RaftClientReply:client-734BBEB428D7->a5e38e3e-c2ad-4348-acb9-3fc25cfb14dd@group-7000B19605CB, cid=4190, SUCCESS, logIndex=6381, commits[a5e38e3e-c2ad-4348-acb9-3fc25cfb14dd:c6381, 11e48d46-e648-47f9-b6a0-9c7f26654c28:c6377, d1b6a90e-e817-40a7-bec1-608b5cc7d8b6:c6379]
2019-09-11 04:26:26,812 [grpc-default-executor-4] INFO  client.GrpcClientProtocolClient (GrpcClientProtocolClient.java:onNext(264)) - client-734BBEB428D7->a5e38e3e-c2ad-4348-acb9-3fc25cfb14dd: receive RaftClientReply:client-734BBEB428D7->a5e38e3e-c2ad-4348-acb9-3fc25cfb14dd@group-7000B19605CB, cid=4191, SUCCESS, logIndex=6382, commits[a5e38e3e-c2ad-4348-acb9-3fc25cfb14dd:c6383, 11e48d46-e648-47f9-b6a0-9c7f26654c28:c6379, d1b6a90e-e817-40a7-bec1-608b5cc7d8b6:c6379]
2019-09-11 04:26:26,814 [grpc-default-executor-4] INFO  client.GrpcClientProtocolClient (GrpcClientProtocolClient.java:onNext(264)) - client-734BBEB428D7->a5e38e3e-c2ad-4348-acb9-3fc25cfb14dd: receive RaftClientReply:client-734BBEB428D7->a5e38e3e-c2ad-4348-acb9-3fc25cfb14dd@group-7000B19605CB, cid=4192, SUCCESS, logIndex=6383, commits[a5e38e3e-c2ad-4348-acb9-3fc25cfb14dd:c6383, 11e48d46-e648-47f9-b6a0-9c7f26654c28:c6379, d1b6a90e-e817-40a7-bec1-608b5cc7d8b6:c6379]
2019-09-11 04:26:26,816 [grpc-default-executor-4] INFO  client.GrpcClientProtocolClient (GrpcClientProtocolClient.java:onNext(264)) - client-734BBEB428D7->a5e38e3e-c2ad-4348-acb9-3fc25cfb14dd: receive RaftClientReply:client-734BBEB428D7->a5e38e3e-c2ad-4348-acb9-3fc25cfb14dd@group-7000B19605CB, cid=4193, SUCCESS, logIndex=0, commits[a5e38e3e-c2ad-4348-acb9-3fc25cfb14dd:c6387, 11e48d46-e648-47f9-b6a0-9c7f26654c28:c6383, d1b6a90e-e817-40a7-bec1-608b5cc7d8b6:c6383]
2019-09-11 04:26:26,836 [grpc-default-executor-4] INFO  client.GrpcClientProtocolClient (GrpcClientProtocolClient.java:onNext(264)) - client-734BBEB428D7->a5e38e3e-c2ad-4348-acb9-3fc25cfb14dd: receive RaftClientReply:client-734BBEB428D7->a5e38e3e-c2ad-4348-acb9-3fc25cfb14dd@group-7000B19605CB, cid=4194, SUCCESS, logIndex=6388, commits[a5e38e3e-c2ad-4348-acb9-3fc25cfb14dd:c6389, 11e48d46-e648-47f9-b6a0-9c7f26654c28:c6383, d1b6a90e-e817-40a7-bec1-608b5cc7d8b6:c6387]
2019-09-11 04:26:26,836 [grpc-default-executor-4] INFO  client.GrpcClientProtocolClient (GrpcClientProtocolClient.java:onNext(264)) - client-734BBEB428D7->a5e38e3e-c2ad-4348-acb9-3fc25cfb14dd: receive RaftClientReply:client-734BBEB428D7->a5e38e3e-c2ad-4348-acb9-3fc25cfb14dd@group-7000B19605CB, cid=4195, SUCCESS, logIndex=6389, commits[a5e38e3e-c2ad-4348-acb9-3fc25cfb14dd:c6389, 11e48d46-e648-47f9-b6a0-9c7f26654c28:c6387, d1b6a90e-e817-40a7-bec1-608b5cc7d8b6:c6387]
2019-09-11 04:26:26,856 [grpc-default-executor-4] INFO  client.GrpcClientProtocolClient (GrpcClientProtocolClient.java:onNext(264)) - client-734BBEB428D7->a5e38e3e-c2ad-4348-acb9-3fc25cfb14dd: receive RaftClientReply:client-734BBEB428D7->a5e38e3e-c2ad-4348-acb9-3fc25cfb14dd@group-7000B19605CB, cid=4196, SUCCESS, logIndex=6392, commits[a5e38e3e-c2ad-4348-acb9-3fc25cfb14dd:c6393, 11e48d46-e648-47f9-b6a0-9c7f26654c28:c6389, d1b6a90e-e817-40a7-bec1-608b5cc7d8b6:c6391]
2019-09-11 04:26:26,857 [grpc-default-executor-4] INFO  client.GrpcClientProtocolClient (GrpcClientProtocolClient.java:onNext(264)) - client-734BBEB428D7->a5e38e3e-c2ad-4348-acb9-3fc25cfb14dd: receive RaftClientReply:client-734BBEB428D7->a5e38e3e-c2ad-4348-acb9-3fc25cfb14dd@group-7000B19605CB, cid=4197, SUCCESS, logIndex=6393, commits[a5e38e3e-c2ad-4348-acb9-3fc25cfb14dd:c6393, 11e48d46-e648-47f9-b6a0-9c7f26654c28:c6389, d1b6a90e-e817-40a7-bec1-608b5cc7d8b6:c6391]
2019-09-11 04:26:26,859 [grpc-default-executor-4] INFO  client.GrpcClientProtocolClient (GrpcClientProtocolClient.java:onNext(264)) - client-734BBEB428D7->a5e38e3e-c2ad-4348-acb9-3fc25cfb14dd: receive RaftClientReply:client-734BBEB428D7->a5e38e3e-c2ad-4348-acb9-3fc25cfb14dd@group-7000B19605CB, cid=4198, SUCCESS, logIndex=0, commits[a5e38e3e-c2ad-4348-acb9-3fc25cfb14dd:c6394, 11e48d46-e648-47f9-b6a0-9c7f26654c28:c6393, d1b6a90e-e817-40a7-bec1-608b5cc7d8b6:c6393]
2019-09-11 04:26:26,895 [grpc-default-executor-2] INFO  client.GrpcClientProtocolClient (GrpcClientProtocolClient.java:onNext(264)) - client-734BBEB428D7->a5e38e3e-c2ad-4348-acb9-3fc25cfb14dd: receive RaftClientReply:client-734BBEB428D7->a5e38e3e-c2ad-4348-acb9-3fc25cfb14dd@group-7000B19605CB, cid=4199, SUCCESS, logIndex=6396, commits[a5e38e3e-c2ad-4348-acb9-3fc25cfb14dd:c6396, 11e48d46-e648-47f9-b6a0-9c7f26654c28:c6393, d1b6a90e-e817-40a7-bec1-608b5cc7d8b6:c6395]
2019-09-11 04:26:26,897 [grpc-default-executor-2] INFO  client.GrpcClientProtocolClient (GrpcClientProtocolClient.java:onNext(264)) - client-734BBEB428D7->a5e38e3e-c2ad-4348-acb9-3fc25cfb14dd: receive RaftClientReply:client-734BBEB428D7->a5e38e3e-c2ad-4348-acb9-3fc25cfb14dd@group-7000B19605CB, cid=4200, SUCCESS, logIndex=6397, commits[a5e38e3e-c2ad-4348-acb9-3fc25cfb14dd:c6400, 11e48d46-e648-47f9-b6a0-9c7f26654c28:c6396, d1b6a90e-e817-40a7-bec1-608b5cc7d8b6:c6395]
2019-09-11 04:26:26,897 [grpc-default-executor-2] INFO  client.GrpcClientProtocolClient (GrpcClientProtocolClient.java:onNext(264)) - client-734BBEB428D7->a5e38e3e-c2ad-4348-acb9-3fc25cfb14dd: receive RaftClientReply:client-734BBEB428D7->a5e38e3e-c2ad-4348-acb9-3fc25cfb14dd@group-7000B19605CB, cid=4201, SUCCESS, logIndex=6398, commits[a5e38e3e-c2ad-4348-acb9-3fc25cfb14dd:c6400, 11e48d46-e648-47f9-b6a0-9c7f26654c28:c6396, d1b6a90e-e817-40a7-bec1-608b5cc7d8b6:c6395]
2019-09-11 04:26:26,898 [grpc-default-executor-2] INFO  client.GrpcClientProtocolClient (GrpcClientProtocolClient.java:onNext(264)) - client-734BBEB428D7->a5e38e3e-c2ad-4348-acb9-3fc25cfb14dd: receive RaftClientReply:client-734BBEB428D7->a5e38e3e-c2ad-4348-acb9-3fc25cfb14dd@group-7000B19605CB, cid=4202, SUCCESS, logIndex=6399, commits[a5e38e3e-c2ad-4348-acb9-3fc25cfb14dd:c6400, 11e48d46-e648-47f9-b6a0-9c7f26654c28:c6396, d1b6a90e-e817-40a7-bec1-608b5cc7d8b6:c6395]
2019-09-11 04:26:26,899 [grpc-default-executor-1] INFO  client.GrpcClientProtocolClient (GrpcClientProtocolClient.java:onNext(264)) - client-734BBEB428D7->a5e38e3e-c2ad-4348-acb9-3fc25cfb14dd: receive RaftClientReply:client-734BBEB428D7->a5e38e3e-c2ad-4348-acb9-3fc25cfb14dd@group-7000B19605CB, cid=4203, SUCCESS, logIndex=0, commits[a5e38e3e-c2ad-4348-acb9-3fc25cfb14dd:c6401, 11e48d46-e648-47f9-b6a0-9c7f26654c28:c6397, d1b6a90e-e817-40a7-bec1-608b5cc7d8b6:c6397]
2019-09-11 04:26:26,917 [grpc-default-executor-1] INFO  client.GrpcClientProtocolClient (GrpcClientProtocolClient.java:onNext(264)) - client-734BBEB428D7->a5e38e3e-c2ad-4348-acb9-3fc25cfb14dd: receive RaftClientReply:client-734BBEB428D7->a5e38e3e-c2ad-4348-acb9-3fc25cfb14dd@group-7000B19605CB, cid=4204, SUCCESS, logIndex=6404, commits[a5e38e3e-c2ad-4348-acb9-3fc25cfb14dd:c6405, 11e48d46-e648-47f9-b6a0-9c7f26654c28:c6399, d1b6a90e-e817-40a7-bec1-608b5cc7d8b6:c6403]
2019-09-11 04:26:26,917 [grpc-default-executor-1] INFO  client.GrpcClientProtocolClient (GrpcClientProtocolClient.java:onNext(264)) - client-734BBEB428D7->a5e38e3e-c2ad-4348-acb9-3fc25cfb14dd: receive RaftClientReply:client-734BBEB428D7->a5e38e3e-c2ad-4348-acb9-3fc25cfb14dd@group-7000B19605CB, cid=4205, SUCCESS, logIndex=6405, commits[a5e38e3e-c2ad-4348-acb9-3fc25cfb14dd:c6405, 11e48d46-e648-47f9-b6a0-9c7f26654c28:c6403, d1b6a90e-e817-40a7-bec1-608b5cc7d8b6:c6403]
2019-09-11 04:26:26,938 [grpc-default-executor-4] INFO  client.GrpcClientProtocolClient (GrpcClientProtocolClient.java:onNext(264)) - client-734BBEB428D7->a5e38e3e-c2ad-4348-acb9-3fc25cfb14dd: receive RaftClientReply:client-734BBEB428D7->a5e38e3e-c2ad-4348-acb9-3fc25cfb14dd@group-7000B19605CB, cid=4206, SUCCESS, logIndex=6408, commits[a5e38e3e-c2ad-4348-acb9-3fc25cfb14dd:c6409, 11e48d46-e648-47f9-b6a0-9c7f26654c28:c6405, d1b6a90e-e817-40a7-bec1-608b5cc7d8b6:c6405]
2019-09-11 04:26:26,938 [grpc-default-executor-4] INFO  client.GrpcClientProtocolClient (GrpcClientProtocolClient.java:onNext(264)) - client-734BBEB428D7->a5e38e3e-c2ad-4348-acb9-3fc25cfb14dd: receive RaftClientReply:client-734BBEB428D7->a5e38e3e-c2ad-4348-acb9-3fc25cfb14dd@group-7000B19605CB, cid=4207, SUCCESS, logIndex=6409, commits[a5e38e3e-c2ad-4348-acb9-3fc25cfb14dd:c6409, 11e48d46-e648-47f9-b6a0-9c7f26654c28:c6405, d1b6a90e-e817-40a7-bec1-608b5cc7d8b6:c6405]
2019-09-11 04:26:26,948 [grpc-default-executor-4] INFO  client.GrpcClientProtocolClient (GrpcClientProtocolClient.java:onNext(264)) - client-734BBEB428D7->a5e38e3e-c2ad-4348-acb9-3fc25cfb14dd: receive RaftClientReply:client-734BBEB428D7->a5e38e3e-c2ad-4348-acb9-3fc25cfb14dd@group-7000B19605CB, cid=4208, SUCCESS, logIndex=0, commits[a5e38e3e-c2ad-4348-acb9-3fc25cfb14dd:c6410, 11e48d46-e648-47f9-b6a0-9c7f26654c28:c6409, d1b6a90e-e817-40a7-bec1-608b5cc7d8b6:c6409]
2019-09-11 04:26:26,985 [grpc-default-executor-2] INFO  client.GrpcClientProtocolClient (GrpcClientProtocolClient.java:onNext(264)) - client-734BBEB428D7->a5e38e3e-c2ad-4348-acb9-3fc25cfb14dd: receive RaftClientReply:client-734BBEB428D7->a5e38e3e-c2ad-4348-acb9-3fc25cfb14dd@group-7000B19605CB, cid=4209, SUCCESS, logIndex=6412, commits[a5e38e3e-c2ad-4348-acb9-3fc25cfb14dd:c6413, 11e48d46-e648-47f9-b6a0-9c7f26654c28:c6411, d1b6a90e-e817-40a7-bec1-608b5cc7d8b6:c6411]
2019-09-11 04:26:26,986 [grpc-default-executor-2] INFO  client.GrpcClientProtocolClient (GrpcClientProtocolClient.java:onNext(264)) - client-734BBEB428D7->a5e38e3e-c2ad-4348-acb9-3fc25cfb14dd: receive RaftClientReply:client-734BBEB428D7->a5e38e3e-c2ad-4348-acb9-3fc25cfb14dd@group-7000B19605CB, cid=4210, SUCCESS, logIndex=6413, commits[a5e38e3e-c2ad-4348-acb9-3fc25cfb14dd:c6413, 11e48d46-e648-47f9-b6a0-9c7f26654c28:c6411, d1b6a90e-e817-40a7-bec1-608b5cc7d8b6:c6411]
2019-09-11 04:26:26,987 [grpc-default-executor-2] INFO  client.GrpcClientProtocolClient (GrpcClientProtocolClient.java:onNext(264)) - client-734BBEB428D7->a5e38e3e-c2ad-4348-acb9-3fc25cfb14dd: receive RaftClientReply:client-734BBEB428D7->a5e38e3e-c2ad-4348-acb9-3fc25cfb14dd@group-7000B19605CB, cid=4211, SUCCESS, logIndex=6414, commits[a5e38e3e-c2ad-4348-acb9-3fc25cfb14dd:c6415, 11e48d46-e648-47f9-b6a0-9c7f26654c28:c6411, d1b6a90e-e817-40a7-bec1-608b5cc7d8b6:c6411]
2019-09-11 04:26:26,987 [grpc-default-executor-2] INFO  client.GrpcClientProtocolClient (GrpcClientProtocolClient.java:onNext(264)) - client-734BBEB428D7->a5e38e3e-c2ad-4348-acb9-3fc25cfb14dd: receive RaftClientReply:client-734BBEB428D7->a5e38e3e-c2ad-4348-acb9-3fc25cfb14dd@group-7000B19605CB, cid=4212, SUCCESS, logIndex=6415, commits[a5e38e3e-c2ad-4348-acb9-3fc25cfb14dd:c6415, 11e48d46-e648-47f9-b6a0-9c7f26654c28:c6411, d1b6a90e-e817-40a7-bec1-608b5cc7d8b6:c6411]
2019-09-11 04:26:26,989 [grpc-default-executor-2] INFO  client.GrpcClientProtocolClient (GrpcClientProtocolClient.java:onNext(264)) - client-734BBEB428D7->a5e38e3e-c2ad-4348-acb9-3fc25cfb14dd: receive RaftClientReply:client-734BBEB428D7->a5e38e3e-c2ad-4348-acb9-3fc25cfb14dd@group-7000B19605CB, cid=4213, SUCCESS, logIndex=0, commits[a5e38e3e-c2ad-4348-acb9-3fc25cfb14dd:c6417, 11e48d46-e648-47f9-b6a0-9c7f26654c28:c6413, d1b6a90e-e817-40a7-bec1-608b5cc7d8b6:c6413]
2019-09-11 04:26:27,013 [grpc-default-executor-4] INFO  client.GrpcClientProtocolClient (GrpcClientProtocolClient.java:onNext(264)) - client-734BBEB428D7->a5e38e3e-c2ad-4348-acb9-3fc25cfb14dd: receive RaftClientReply:client-734BBEB428D7->a5e38e3e-c2ad-4348-acb9-3fc25cfb14dd@group-7000B19605CB, cid=4214, SUCCESS, logIndex=6420, commits[a5e38e3e-c2ad-4348-acb9-3fc25cfb14dd:c6421, 11e48d46-e648-47f9-b6a0-9c7f26654c28:c6415, d1b6a90e-e817-40a7-bec1-608b5cc7d8b6:c6419]
2019-09-11 04:26:27,014 [grpc-default-executor-4] INFO  client.GrpcClientProtocolClient (GrpcClientProtocolClient.java:onNext(264)) - client-734BBEB428D7->a5e38e3e-c2ad-4348-acb9-3fc25cfb14dd: receive RaftClientReply:client-734BBEB428D7->a5e38e3e-c2ad-4348-acb9-3fc25cfb14dd@group-7000B19605CB, cid=4215, SUCCESS, logIndex=6421, commits[a5e38e3e-c2ad-4348-acb9-3fc25cfb14dd:c6421, 11e48d46-e648-47f9-b6a0-9c7f26654c28:c6419, d1b6a90e-e817-40a7-bec1-608b5cc7d8b6:c6419]
2019-09-11 04:26:27,028 [grpc-default-executor-4] INFO  client.GrpcClientProtocolClient (GrpcClientProtocolClient.java:onNext(264)) - client-734BBEB428D7->a5e38e3e-c2ad-4348-acb9-3fc25cfb14dd: receive RaftClientReply:client-734BBEB428D7->a5e38e3e-c2ad-4348-acb9-3fc25cfb14dd@group-7000B19605CB, cid=4216, SUCCESS, logIndex=6424, commits[a5e38e3e-c2ad-4348-acb9-3fc25cfb14dd:c6425, 11e48d46-e648-47f9-b6a0-9c7f26654c28:c6421, d1b6a90e-e817-40a7-bec1-608b5cc7d8b6:c6421]
2019-09-11 04:26:27,032 [grpc-default-executor-4] INFO  client.GrpcClientProtocolClient (GrpcClientProtocolClient.java:onNext(264)) - client-734BBEB428D7->a5e38e3e-c2ad-4348-acb9-3fc25cfb14dd: receive RaftClientReply:client-734BBEB428D7->a5e38e3e-c2ad-4348-acb9-3fc25cfb14dd@group-7000B19605CB, cid=4217, SUCCESS, logIndex=6425, commits[a5e38e3e-c2ad-4348-acb9-3fc25cfb14dd:c6425, 11e48d46-e648-47f9-b6a0-9c7f26654c28:c6421, d1b6a90e-e817-40a7-bec1-608b5cc7d8b6:c6421]
2019-09-11 04:26:27,034 [grpc-default-executor-4] INFO  client.GrpcClientProtocolClient (GrpcClientProtocolClient.java:onNext(264)) - client-734BBEB428D7->a5e38e3e-c2ad-4348-acb9-3fc25cfb14dd: receive RaftClientReply:client-734BBEB428D7->a5e38e3e-c2ad-4348-acb9-3fc25cfb14dd@group-7000B19605CB, cid=4218, SUCCESS, logIndex=0, commits[a5e38e3e-c2ad-4348-acb9-3fc25cfb14dd:c6427, 11e48d46-e648-47f9-b6a0-9c7f26654c28:c6425, d1b6a90e-e817-40a7-bec1-608b5cc7d8b6:c6425]
2019-09-11 04:26:27,071 [grpc-default-executor-4] INFO  client.GrpcClientProtocolClient (GrpcClientProtocolClient.java:onNext(264)) - client-734BBEB428D7->a5e38e3e-c2ad-4348-acb9-3fc25cfb14dd: receive RaftClientReply:client-734BBEB428D7->a5e38e3e-c2ad-4348-acb9-3fc25cfb14dd@group-7000B19605CB, cid=4219, SUCCESS, logIndex=6428, commits[a5e38e3e-c2ad-4348-acb9-3fc25cfb14dd:c6428, 11e48d46-e648-47f9-b6a0-9c7f26654c28:c6425, d1b6a90e-e817-40a7-bec1-608b5cc7d8b6:c6427]
2019-09-11 04:26:27,073 [grpc-default-executor-4] INFO  client.GrpcClientProtocolClient (GrpcClientProtocolClient.java:onNext(264)) - client-734BBEB428D7->a5e38e3e-c2ad-4348-acb9-3fc25cfb14dd: receive RaftClientReply:client-734BBEB428D7->a5e38e3e-c2ad-4348-acb9-3fc25cfb14dd@group-7000B19605CB, cid=4220, SUCCESS, logIndex=6429, commits[a5e38e3e-c2ad-4348-acb9-3fc25cfb14dd:c6430, 11e48d46-e648-47f9-b6a0-9c7f26654c28:c6427, d1b6a90e-e817-40a7-bec1-608b5cc7d8b6:c6427]
2019-09-11 04:26:27,074 [grpc-default-executor-4] INFO  client.GrpcClientProtocolClient (GrpcClientProtocolClient.java:onNext(264)) - client-734BBEB428D7->a5e38e3e-c2ad-4348-acb9-3fc25cfb14dd: receive RaftClientReply:client-734BBEB428D7->a5e38e3e-c2ad-4348-acb9-3fc25cfb14dd@group-7000B19605CB, cid=4221, SUCCESS, logIndex=6430, commits[a5e38e3e-c2ad-4348-acb9-3fc25cfb14dd:c6431, 11e48d46-e648-47f9-b6a0-9c7f26654c28:c6427, d1b6a90e-e817-40a7-bec1-608b5cc7d8b6:c6427]
2019-09-11 04:26:27,075 [grpc-default-executor-4] INFO  client.GrpcClientProtocolClient (GrpcClientProtocolClient.java:onNext(264)) - client-734BBEB428D7->a5e38e3e-c2ad-4348-acb9-3fc25cfb14dd: receive RaftClientReply:client-734BBEB428D7->a5e38e3e-c2ad-4348-acb9-3fc25cfb14dd@group-7000B19605CB, cid=4222, SUCCESS, logIndex=6431, commits[a5e38e3e-c2ad-4348-acb9-3fc25cfb14dd:c6431, 11e48d46-e648-47f9-b6a0-9c7f26654c28:c6427, d1b6a90e-e817-40a7-bec1-608b5cc7d8b6:c6427]
2019-09-11 04:26:27,076 [grpc-default-executor-1] INFO  client.GrpcClientProtocolClient (GrpcClientProtocolClient.java:onNext(264)) - client-734BBEB428D7->a5e38e3e-c2ad-4348-acb9-3fc25cfb14dd: receive RaftClientReply:client-734BBEB428D7->a5e38e3e-c2ad-4348-acb9-3fc25cfb14dd@group-7000B19605CB, cid=4223, SUCCESS, logIndex=0, commits[a5e38e3e-c2ad-4348-acb9-3fc25cfb14dd:c6435, 11e48d46-e648-47f9-b6a0-9c7f26654c28:c6431, d1b6a90e-e817-40a7-bec1-608b5cc7d8b6:c6431]
2019-09-11 04:26:27,096 [grpc-default-executor-4] INFO  client.GrpcClientProtocolClient (GrpcClientProtocolClient.java:onNext(264)) - client-734BBEB428D7->a5e38e3e-c2ad-4348-acb9-3fc25cfb14dd: receive RaftClientReply:client-734BBEB428D7->a5e38e3e-c2ad-4348-acb9-3fc25cfb14dd@group-7000B19605CB, cid=4224, SUCCESS, logIndex=6436, commits[a5e38e3e-c2ad-4348-acb9-3fc25cfb14dd:c6437, 11e48d46-e648-47f9-b6a0-9c7f26654c28:c6435, d1b6a90e-e817-40a7-bec1-608b5cc7d8b6:c6435]
2019-09-11 04:26:27,096 [grpc-default-executor-4] INFO  client.GrpcClientProtocolClient (GrpcClientProtocolClient.java:onNext(264)) - client-734BBEB428D7->a5e38e3e-c2ad-4348-acb9-3fc25cfb14dd: receive RaftClientReply:client-734BBEB428D7->a5e38e3e-c2ad-4348-acb9-3fc25cfb14dd@group-7000B19605CB, cid=4225, SUCCESS, logIndex=6437, commits[a5e38e3e-c2ad-4348-acb9-3fc25cfb14dd:c6437, 11e48d46-e648-47f9-b6a0-9c7f26654c28:c6435, d1b6a90e-e817-40a7-bec1-608b5cc7d8b6:c6435]
2019-09-11 04:26:27,109 [grpc-default-executor-1] INFO  client.GrpcClientProtocolClient (GrpcClientProtocolClient.java:onNext(264)) - client-734BBEB428D7->a5e38e3e-c2ad-4348-acb9-3fc25cfb14dd: receive RaftClientReply:client-734BBEB428D7->a5e38e3e-c2ad-4348-acb9-3fc25cfb14dd@group-7000B19605CB, cid=4226, SUCCESS, logIndex=6440, commits[a5e38e3e-c2ad-4348-acb9-3fc25cfb14dd:c6441, 11e48d46-e648-47f9-b6a0-9c7f26654c28:c6437, d1b6a90e-e817-40a7-bec1-608b5cc7d8b6:c6437]
2019-09-11 04:26:27,109 [grpc-default-executor-1] INFO  client.GrpcClientProtocolClient (GrpcClientProtocolClient.java:onNext(264)) - client-734BBEB428D7->a5e38e3e-c2ad-4348-acb9-3fc25cfb14dd: receive RaftClientReply:client-734BBEB428D7->a5e38e3e-c2ad-4348-acb9-3fc25cfb14dd@group-7000B19605CB, cid=4227, SUCCESS, logIndex=6441, commits[a5e38e3e-c2ad-4348-acb9-3fc25cfb14dd:c6441, 11e48d46-e648-47f9-b6a0-9c7f26654c28:c6437, d1b6a90e-e817-40a7-bec1-608b5cc7d8b6:c6437]
2019-09-11 04:26:27,121 [grpc-default-executor-1] INFO  client.GrpcClientProtocolClient (GrpcClientProtocolClient.java:onNext(264)) - client-734BBEB428D7->a5e38e3e-c2ad-4348-acb9-3fc25cfb14dd: receive RaftClientReply:client-734BBEB428D7->a5e38e3e-c2ad-4348-acb9-3fc25cfb14dd@group-7000B19605CB, cid=4228, SUCCESS, logIndex=0, commits[a5e38e3e-c2ad-4348-acb9-3fc25cfb14dd:c6442, 11e48d46-e648-47f9-b6a0-9c7f26654c28:c6441, d1b6a90e-e817-40a7-bec1-608b5cc7d8b6:c6441]
2019-09-11 04:26:27,154 [grpc-default-executor-4] INFO  client.GrpcClientProtocolClient (GrpcClientProtocolClient.java:onNext(264)) - client-734BBEB428D7->a5e38e3e-c2ad-4348-acb9-3fc25cfb14dd: receive RaftClientReply:client-734BBEB428D7->a5e38e3e-c2ad-4348-acb9-3fc25cfb14dd@group-7000B19605CB, cid=4229, SUCCESS, logIndex=6444, commits[a5e38e3e-c2ad-4348-acb9-3fc25cfb14dd:c6445, 11e48d46-e648-47f9-b6a0-9c7f26654c28:c6443, d1b6a90e-e817-40a7-bec1-608b5cc7d8b6:c6443]
2019-09-11 04:26:27,155 [grpc-default-executor-4] INFO  client.GrpcClientProtocolClient (GrpcClientProtocolClient.java:onNext(264)) - client-734BBEB428D7->a5e38e3e-c2ad-4348-acb9-3fc25cfb14dd: receive RaftClientReply:client-734BBEB428D7->a5e38e3e-c2ad-4348-acb9-3fc25cfb14dd@group-7000B19605CB, cid=4230, SUCCESS, logIndex=6445, commits[a5e38e3e-c2ad-4348-acb9-3fc25cfb14dd:c6447, 11e48d46-e648-47f9-b6a0-9c7f26654c28:c6443, d1b6a90e-e817-40a7-bec1-608b5cc7d8b6:c6443]
2019-09-11 04:26:27,155 [grpc-default-executor-4] INFO  client.GrpcClientProtocolClient (GrpcClientProtocolClient.java:onNext(264)) - client-734BBEB428D7->a5e38e3e-c2ad-4348-acb9-3fc25cfb14dd: receive RaftClientReply:client-734BBEB428D7->a5e38e3e-c2ad-4348-acb9-3fc25cfb14dd@group-7000B19605CB, cid=4231, SUCCESS, logIndex=6446, commits[a5e38e3e-c2ad-4348-acb9-3fc25cfb14dd:c6447, 11e48d46-e648-47f9-b6a0-9c7f26654c28:c6443, d1b6a90e-e817-40a7-bec1-608b5cc7d8b6:c6443]
2019-09-11 04:26:27,155 [grpc-default-executor-4] INFO  client.GrpcClientProtocolClient (GrpcClientProtocolClient.java:onNext(264)) - client-734BBEB428D7->a5e38e3e-c2ad-4348-acb9-3fc25cfb14dd: receive RaftClientReply:client-734BBEB428D7->a5e38e3e-c2ad-4348-acb9-3fc25cfb14dd@group-7000B19605CB, cid=4232, SUCCESS, logIndex=6447, commits[a5e38e3e-c2ad-4348-acb9-3fc25cfb14dd:c6447, 11e48d46-e648-47f9-b6a0-9c7f26654c28:c6443, d1b6a90e-e817-40a7-bec1-608b5cc7d8b6:c6443]
2019-09-11 04:26:27,167 [grpc-default-executor-4] INFO  client.GrpcClientProtocolClient (GrpcClientProtocolClient.java:onNext(264)) - client-734BBEB428D7->a5e38e3e-c2ad-4348-acb9-3fc25cfb14dd: receive RaftClientReply:client-734BBEB428D7->a5e38e3e-c2ad-4348-acb9-3fc25cfb14dd@group-7000B19605CB, cid=4233, SUCCESS, logIndex=0, commits[a5e38e3e-c2ad-4348-acb9-3fc25cfb14dd:c6450, 11e48d46-e648-47f9-b6a0-9c7f26654c28:c6445, d1b6a90e-e817-40a7-bec1-608b5cc7d8b6:c6447]
2019-09-11 04:26:27,195 [grpc-default-executor-1] INFO  client.GrpcClientProtocolClient (GrpcClientProtocolClient.java:onNext(264)) - client-734BBEB428D7->a5e38e3e-c2ad-4348-acb9-3fc25cfb14dd: receive RaftClientReply:client-734BBEB428D7->a5e38e3e-c2ad-4348-acb9-3fc25cfb14dd@group-7000B19605CB, cid=4234, SUCCESS, logIndex=6451, commits[a5e38e3e-c2ad-4348-acb9-3fc25cfb14dd:c6452, 11e48d46-e648-47f9-b6a0-9c7f26654c28:c6450, d1b6a90e-e817-40a7-bec1-608b5cc7d8b6:c6447]
2019-09-11 04:26:27,196 [grpc-default-executor-1] INFO  client.GrpcClientProtocolClient (GrpcClientProtocolClient.java:onNext(264)) - client-734BBEB428D7->a5e38e3e-c2ad-4348-acb9-3fc25cfb14dd: receive RaftClientReply:client-734BBEB428D7->a5e38e3e-c2ad-4348-acb9-3fc25cfb14dd@group-7000B19605CB, cid=4235, SUCCESS, logIndex=6452, commits[a5e38e3e-c2ad-4348-acb9-3fc25cfb14dd:c6452, 11e48d46-e648-47f9-b6a0-9c7f26654c28:c6450, d1b6a90e-e817-40a7-bec1-608b5cc7d8b6:c6447]
2019-09-11 04:26:27,220 [grpc-default-executor-1] INFO  client.GrpcClientProtocolClient (GrpcClientProtocolClient.java:onNext(264)) - client-734BBEB428D7->a5e38e3e-c2ad-4348-acb9-3fc25cfb14dd: receive RaftClientReply:client-734BBEB428D7->a5e38e3e-c2ad-4348-acb9-3fc25cfb14dd@group-7000B19605CB, cid=4236, SUCCESS, logIndex=6454, commits[a5e38e3e-c2ad-4348-acb9-3fc25cfb14dd:c6455, 11e48d46-e648-47f9-b6a0-9c7f26654c28:c6452, d1b6a90e-e817-40a7-bec1-608b5cc7d8b6:c6452]
2019-09-11 04:26:27,220 [grpc-default-executor-1] INFO  client.GrpcClientProtocolClient (GrpcClientProtocolClient.java:onNext(264)) - client-734BBEB428D7->a5e38e3e-c2ad-4348-acb9-3fc25cfb14dd: receive RaftClientReply:client-734BBEB428D7->a5e38e3e-c2ad-4348-acb9-3fc25cfb14dd@group-7000B19605CB, cid=4237, SUCCESS, logIndex=6455, commits[a5e38e3e-c2ad-4348-acb9-3fc25cfb14dd:c6455, 11e48d46-e648-47f9-b6a0-9c7f26654c28:c6452, d1b6a90e-e817-40a7-bec1-608b5cc7d8b6:c6452]
2019-09-11 04:26:27,221 [grpc-default-executor-1] INFO  client.GrpcClientProtocolClient (GrpcClientProtocolClient.java:onNext(264)) - client-734BBEB428D7->a5e38e3e-c2ad-4348-acb9-3fc25cfb14dd: receive RaftClientReply:client-734BBEB428D7->a5e38e3e-c2ad-4348-acb9-3fc25cfb14dd@group-7000B19605CB, cid=4238, SUCCESS, logIndex=0, commits[a5e38e3e-c2ad-4348-acb9-3fc25cfb14dd:c6456, 11e48d46-e648-47f9-b6a0-9c7f26654c28:c6455, d1b6a90e-e817-40a7-bec1-608b5cc7d8b6:c6455]
2019-09-11 04:26:27,262 [grpc-default-executor-4] INFO  client.GrpcClientProtocolClient (GrpcClientProtocolClient.java:onNext(264)) - client-734BBEB428D7->a5e38e3e-c2ad-4348-acb9-3fc25cfb14dd: receive RaftClientReply:client-734BBEB428D7->a5e38e3e-c2ad-4348-acb9-3fc25cfb14dd@group-7000B19605CB, cid=4239, SUCCESS, logIndex=6458, commits[a5e38e3e-c2ad-4348-acb9-3fc25cfb14dd:c6459, 11e48d46-e648-47f9-b6a0-9c7f26654c28:c6455, d1b6a90e-e817-40a7-bec1-608b5cc7d8b6:c6457]
2019-09-11 04:26:27,263 [grpc-default-executor-4] INFO  client.GrpcClientProtocolClient (GrpcClientProtocolClient.java:onNext(264)) - client-734BBEB428D7->a5e38e3e-c2ad-4348-acb9-3fc25cfb14dd: receive RaftClientReply:client-734BBEB428D7->a5e38e3e-c2ad-4348-acb9-3fc25cfb14dd@group-7000B19605CB, cid=4240, SUCCESS, logIndex=6459, commits[a5e38e3e-c2ad-4348-acb9-3fc25cfb14dd:c6459, 11e48d46-e648-47f9-b6a0-9c7f26654c28:c6455, d1b6a90e-e817-40a7-bec1-608b5cc7d8b6:c6457]
2019-09-11 04:26:27,264 [grpc-default-executor-4] INFO  client.GrpcClientProtocolClient (GrpcClientProtocolClient.java:onNext(264)) - client-734BBEB428D7->a5e38e3e-c2ad-4348-acb9-3fc25cfb14dd: receive RaftClientReply:client-734BBEB428D7->a5e38e3e-c2ad-4348-acb9-3fc25cfb14dd@group-7000B19605CB, cid=4241, SUCCESS, logIndex=6460, commits[a5e38e3e-c2ad-4348-acb9-3fc25cfb14dd:c6461, 11e48d46-e648-47f9-b6a0-9c7f26654c28:c6457, d1b6a90e-e817-40a7-bec1-608b5cc7d8b6:c6457]
2019-09-11 04:26:27,264 [grpc-default-executor-4] INFO  client.GrpcClientProtocolClient (GrpcClientProtocolClient.java:onNext(264)) - client-734BBEB428D7->a5e38e3e-c2ad-4348-acb9-3fc25cfb14dd: receive RaftClientReply:client-734BBEB428D7->a5e38e3e-c2ad-4348-acb9-3fc25cfb14dd@group-7000B19605CB, cid=4242, SUCCESS, logIndex=6461, commits[a5e38e3e-c2ad-4348-acb9-3fc25cfb14dd:c6461, 11e48d46-e648-47f9-b6a0-9c7f26654c28:c6457, d1b6a90e-e817-40a7-bec1-608b5cc7d8b6:c6457]
 0.00% |█                                                                                                    |  0/1 Time: 0:00:382019-09-11 04:26:27,274 [grpc-default-executor-4] INFO  client.GrpcClientProtocolClient (GrpcClientProtocolClient.java:onNext(264)) - client-734BBEB428D7->a5e38e3e-c2ad-4348-acb9-3fc25cfb14dd: receive RaftClientReply:client-734BBEB428D7->a5e38e3e-c2ad-4348-acb9-3fc25cfb14dd@group-7000B19605CB, cid=4243, SUCCESS, logIndex=0, commits[a5e38e3e-c2ad-4348-acb9-3fc25cfb14dd:c6462, 11e48d46-e648-47f9-b6a0-9c7f26654c28:c6459, d1b6a90e-e817-40a7-bec1-608b5cc7d8b6:c6459]
 0.00% |█                                                                                                    |  0/1 Time: 0:00:392019-09-11 04:26:28,919 [grpc-default-executor-2] INFO  client.GrpcClientProtocolClient (GrpcClientProtocolClient.java:onNext(264)) - client-734BBEB428D7->a5e38e3e-c2ad-4348-acb9-3fc25cfb14dd: receive RaftClientReply:client-734BBEB428D7->a5e38e3e-c2ad-4348-acb9-3fc25cfb14dd@group-7000B19605CB, cid=4244, SUCCESS, logIndex=6466, commits[a5e38e3e-c2ad-4348-acb9-3fc25cfb14dd:c6467, 11e48d46-e648-47f9-b6a0-9c7f26654c28:c6465, d1b6a90e-e817-40a7-bec1-608b5cc7d8b6:c6465]
2019-09-11 04:26:28,920 [grpc-default-executor-2] INFO  client.GrpcClientProtocolClient (GrpcClientProtocolClient.java:onNext(264)) - client-734BBEB428D7->a5e38e3e-c2ad-4348-acb9-3fc25cfb14dd: receive RaftClientReply:client-734BBEB428D7->a5e38e3e-c2ad-4348-acb9-3fc25cfb14dd@group-7000B19605CB, cid=4245, SUCCESS, logIndex=6467, commits[a5e38e3e-c2ad-4348-acb9-3fc25cfb14dd:c6467, 11e48d46-e648-47f9-b6a0-9c7f26654c28:c6465, d1b6a90e-e817-40a7-bec1-608b5cc7d8b6:c6465]
2019-09-11 04:26:28,942 [grpc-default-executor-2] INFO  client.GrpcClientProtocolClient (GrpcClientProtocolClient.java:onNext(264)) - client-734BBEB428D7->a5e38e3e-c2ad-4348-acb9-3fc25cfb14dd: receive RaftClientReply:client-734BBEB428D7->a5e38e3e-c2ad-4348-acb9-3fc25cfb14dd@group-7000B19605CB, cid=4246, SUCCESS, logIndex=6470, commits[a5e38e3e-c2ad-4348-acb9-3fc25cfb14dd:c6470, 11e48d46-e648-47f9-b6a0-9c7f26654c28:c6467, d1b6a90e-e817-40a7-bec1-608b5cc7d8b6:c6467]
2019-09-11 04:26:28,943 [grpc-default-executor-2] INFO  client.GrpcClientProtocolClient (GrpcClientProtocolClient.java:onNext(264)) - client-734BBEB428D7->a5e38e3e-c2ad-4348-acb9-3fc25cfb14dd: receive RaftClientReply:client-734BBEB428D7->a5e38e3e-c2ad-4348-acb9-3fc25cfb14dd@group-7000B19605CB, cid=4247, SUCCESS, logIndex=6471, commits[a5e38e3e-c2ad-4348-acb9-3fc25cfb14dd:c6471, 11e48d46-e648-47f9-b6a0-9c7f26654c28:c6467, d1b6a90e-e817-40a7-bec1-608b5cc7d8b6:c6467]
2019-09-11 04:26:28,953 [grpc-default-executor-2] INFO  client.GrpcClientProtocolClient (GrpcClientProtocolClient.java:onNext(264)) - client-734BBEB428D7->a5e38e3e-c2ad-4348-acb9-3fc25cfb14dd: receive RaftClientReply:client-734BBEB428D7->a5e38e3e-c2ad-4348-acb9-3fc25cfb14dd@group-7000B19605CB, cid=4248, SUCCESS, logIndex=0, commits[a5e38e3e-c2ad-4348-acb9-3fc25cfb14dd:c6473, 11e48d46-e648-47f9-b6a0-9c7f26654c28:c6471, d1b6a90e-e817-40a7-bec1-608b5cc7d8b6:c6471]
2019-09-11 04:26:28,996 [grpc-default-executor-1] INFO  client.GrpcClientProtocolClient (GrpcClientProtocolClient.java:onNext(264)) - client-734BBEB428D7->a5e38e3e-c2ad-4348-acb9-3fc25cfb14dd: receive RaftClientReply:client-734BBEB428D7->a5e38e3e-c2ad-4348-acb9-3fc25cfb14dd@group-7000B19605CB, cid=4249, SUCCESS, logIndex=6474, commits[a5e38e3e-c2ad-4348-acb9-3fc25cfb14dd:c6475, 11e48d46-e648-47f9-b6a0-9c7f26654c28:c6473, d1b6a90e-e817-40a7-bec1-608b5cc7d8b6:c6473]
2019-09-11 04:26:28,998 [grpc-default-executor-1] INFO  client.GrpcClientProtocolClient (GrpcClientProtocolClient.java:onNext(264)) - client-734BBEB428D7->a5e38e3e-c2ad-4348-acb9-3fc25cfb14dd: receive RaftClientReply:client-734BBEB428D7->a5e38e3e-c2ad-4348-acb9-3fc25cfb14dd@group-7000B19605CB, cid=4250, SUCCESS, logIndex=6475, commits[a5e38e3e-c2ad-4348-acb9-3fc25cfb14dd:c6477, 11e48d46-e648-47f9-b6a0-9c7f26654c28:c6473, d1b6a90e-e817-40a7-bec1-608b5cc7d8b6:c6473]
2019-09-11 04:26:28,998 [grpc-default-executor-1] INFO  client.GrpcClientProtocolClient (GrpcClientProtocolClient.java:onNext(264)) - client-734BBEB428D7->a5e38e3e-c2ad-4348-acb9-3fc25cfb14dd: receive RaftClientReply:client-734BBEB428D7->a5e38e3e-c2ad-4348-acb9-3fc25cfb14dd@group-7000B19605CB, cid=4251, SUCCESS, logIndex=6476, commits[a5e38e3e-c2ad-4348-acb9-3fc25cfb14dd:c6477, 11e48d46-e648-47f9-b6a0-9c7f26654c28:c6473, d1b6a90e-e817-40a7-bec1-608b5cc7d8b6:c6473]
2019-09-11 04:26:28,998 [grpc-default-executor-1] INFO  client.GrpcClientProtocolClient (GrpcClientProtocolClient.java:onNext(264)) - client-734BBEB428D7->a5e38e3e-c2ad-4348-acb9-3fc25cfb14dd: receive RaftClientReply:client-734BBEB428D7->a5e38e3e-c2ad-4348-acb9-3fc25cfb14dd@group-7000B19605CB, cid=4252, SUCCESS, logIndex=6477, commits[a5e38e3e-c2ad-4348-acb9-3fc25cfb14dd:c6477, 11e48d46-e648-47f9-b6a0-9c7f26654c28:c6473, d1b6a90e-e817-40a7-bec1-608b5cc7d8b6:c6473]
2019-09-11 04:26:28,999 [grpc-default-executor-1] INFO  client.GrpcClientProtocolClient (GrpcClientProtocolClient.java:onNext(264)) - client-734BBEB428D7->a5e38e3e-c2ad-4348-acb9-3fc25cfb14dd: receive RaftClientReply:client-734BBEB428D7->a5e38e3e-c2ad-4348-acb9-3fc25cfb14dd@group-7000B19605CB, cid=4253, SUCCESS, logIndex=0, commits[a5e38e3e-c2ad-4348-acb9-3fc25cfb14dd:c6481, 11e48d46-e648-47f9-b6a0-9c7f26654c28:c6477, d1b6a90e-e817-40a7-bec1-608b5cc7d8b6:c6477]
2019-09-11 04:26:29,167 [grpc-default-executor-2] INFO  client.GrpcClientProtocolClient (GrpcClientProtocolClient.java:onNext(264)) - client-734BBEB428D7->a5e38e3e-c2ad-4348-acb9-3fc25cfb14dd: receive RaftClientReply:client-734BBEB428D7->a5e38e3e-c2ad-4348-acb9-3fc25cfb14dd@group-7000B19605CB, cid=4254, SUCCESS, logIndex=6482, commits[a5e38e3e-c2ad-4348-acb9-3fc25cfb14dd:c6483, 11e48d46-e648-47f9-b6a0-9c7f26654c28:c6481, d1b6a90e-e817-40a7-bec1-608b5cc7d8b6:c6481]
2019-09-11 04:26:29,167 [grpc-default-executor-2] INFO  client.GrpcClientProtocolClient (GrpcClientProtocolClient.java:onNext(264)) - client-734BBEB428D7->a5e38e3e-c2ad-4348-acb9-3fc25cfb14dd: receive RaftClientReply:client-734BBEB428D7->a5e38e3e-c2ad-4348-acb9-3fc25cfb14dd@group-7000B19605CB, cid=4255, SUCCESS, logIndex=6483, commits[a5e38e3e-c2ad-4348-acb9-3fc25cfb14dd:c6483, 11e48d46-e648-47f9-b6a0-9c7f26654c28:c6481, d1b6a90e-e817-40a7-bec1-608b5cc7d8b6:c6481]
2019-09-11 04:26:29,189 [grpc-default-executor-2] INFO  client.GrpcClientProtocolClient (GrpcClientProtocolClient.java:onNext(264)) - client-734BBEB428D7->a5e38e3e-c2ad-4348-acb9-3fc25cfb14dd: receive RaftClientReply:client-734BBEB428D7->a5e38e3e-c2ad-4348-acb9-3fc25cfb14dd@group-7000B19605CB, cid=4256, SUCCESS, logIndex=6486, commits[a5e38e3e-c2ad-4348-acb9-3fc25cfb14dd:c6487, 11e48d46-e648-47f9-b6a0-9c7f26654c28:c6483, d1b6a90e-e817-40a7-bec1-608b5cc7d8b6:c6482]
2019-09-11 04:26:29,189 [grpc-default-executor-2] INFO  client.GrpcClientProtocolClient (GrpcClientProtocolClient.java:onNext(264)) - client-734BBEB428D7->a5e38e3e-c2ad-4348-acb9-3fc25cfb14dd: receive RaftClientReply:client-734BBEB428D7->a5e38e3e-c2ad-4348-acb9-3fc25cfb14dd@group-7000B19605CB, cid=4257, SUCCESS, logIndex=6487, commits[a5e38e3e-c2ad-4348-acb9-3fc25cfb14dd:c6487, 11e48d46-e648-47f9-b6a0-9c7f26654c28:c6483, d1b6a90e-e817-40a7-bec1-608b5cc7d8b6:c6483]
2019-09-11 04:26:29,190 [grpc-default-executor-4] INFO  client.GrpcClientProtocolClient (GrpcClientProtocolClient.java:onNext(264)) - client-734BBEB428D7->a5e38e3e-c2ad-4348-acb9-3fc25cfb14dd: receive RaftClientReply:client-734BBEB428D7->a5e38e3e-c2ad-4348-acb9-3fc25cfb14dd@group-7000B19605CB, cid=4258, SUCCESS, logIndex=0, commits[a5e38e3e-c2ad-4348-acb9-3fc25cfb14dd:c6488, 11e48d46-e648-47f9-b6a0-9c7f26654c28:c6487, d1b6a90e-e817-40a7-bec1-608b5cc7d8b6:c6487]
2019-09-11 04:26:29,238 [grpc-default-executor-4] INFO  client.GrpcClientProtocolClient (GrpcClientProtocolClient.java:onNext(264)) - client-734BBEB428D7->a5e38e3e-c2ad-4348-acb9-3fc25cfb14dd: receive RaftClientReply:client-734BBEB428D7->a5e38e3e-c2ad-4348-acb9-3fc25cfb14dd@group-7000B19605CB, cid=4259, SUCCESS, logIndex=6490, commits[a5e38e3e-c2ad-4348-acb9-3fc25cfb14dd:c6492, 11e48d46-e648-47f9-b6a0-9c7f26654c28:c6489, d1b6a90e-e817-40a7-bec1-608b5cc7d8b6:c6489]
2019-09-11 04:26:29,239 [grpc-default-executor-4] INFO  client.GrpcClientProtocolClient (GrpcClientProtocolClient.java:onNext(264)) - client-734BBEB428D7->a5e38e3e-c2ad-4348-acb9-3fc25cfb14dd: receive RaftClientReply:client-734BBEB428D7->a5e38e3e-c2ad-4348-acb9-3fc25cfb14dd@group-7000B19605CB, cid=4260, SUCCESS, logIndex=6491, commits[a5e38e3e-c2ad-4348-acb9-3fc25cfb14dd:c6493, 11e48d46-e648-47f9-b6a0-9c7f26654c28:c6489, d1b6a90e-e817-40a7-bec1-608b5cc7d8b6:c6489]
2019-09-11 04:26:29,239 [grpc-default-executor-4] INFO  client.GrpcClientProtocolClient (GrpcClientProtocolClient.java:onNext(264)) - client-734BBEB428D7->a5e38e3e-c2ad-4348-acb9-3fc25cfb14dd: receive RaftClientReply:client-734BBEB428D7->a5e38e3e-c2ad-4348-acb9-3fc25cfb14dd@group-7000B19605CB, cid=4261, SUCCESS, logIndex=6492, commits[a5e38e3e-c2ad-4348-acb9-3fc25cfb14dd:c6493, 11e48d46-e648-47f9-b6a0-9c7f26654c28:c6489, d1b6a90e-e817-40a7-bec1-608b5cc7d8b6:c6489]
2019-09-11 04:26:29,239 [grpc-default-executor-4] INFO  client.GrpcClientProtocolClient (GrpcClientProtocolClient.java:onNext(264)) - client-734BBEB428D7->a5e38e3e-c2ad-4348-acb9-3fc25cfb14dd: receive RaftClientReply:client-734BBEB428D7->a5e38e3e-c2ad-4348-acb9-3fc25cfb14dd@group-7000B19605CB, cid=4262, SUCCESS, logIndex=6493, commits[a5e38e3e-c2ad-4348-acb9-3fc25cfb14dd:c6493, 11e48d46-e648-47f9-b6a0-9c7f26654c28:c6489, d1b6a90e-e817-40a7-bec1-608b5cc7d8b6:c6489]
2019-09-11 04:26:29,250 [grpc-default-executor-4] INFO  client.GrpcClientProtocolClient (GrpcClientProtocolClient.java:onNext(264)) - client-734BBEB428D7->a5e38e3e-c2ad-4348-acb9-3fc25cfb14dd: receive RaftClientReply:client-734BBEB428D7->a5e38e3e-c2ad-4348-acb9-3fc25cfb14dd@group-7000B19605CB, cid=4263, SUCCESS, logIndex=0, commits[a5e38e3e-c2ad-4348-acb9-3fc25cfb14dd:c6494, 11e48d46-e648-47f9-b6a0-9c7f26654c28:c6492, d1b6a90e-e817-40a7-bec1-608b5cc7d8b6:c6492]
2019-09-11 04:26:29,272 [grpc-default-executor-3] INFO  client.GrpcClientProtocolClient (GrpcClientProtocolClient.java:onNext(264)) - client-734BBEB428D7->a5e38e3e-c2ad-4348-acb9-3fc25cfb14dd: receive RaftClientReply:client-734BBEB428D7->a5e38e3e-c2ad-4348-acb9-3fc25cfb14dd@group-7000B19605CB, cid=4264, SUCCESS, logIndex=6497, commits[a5e38e3e-c2ad-4348-acb9-3fc25cfb14dd:c6498, 11e48d46-e648-47f9-b6a0-9c7f26654c28:c6493, d1b6a90e-e817-40a7-bec1-608b5cc7d8b6:c6496]
 0.00% |█                                                                                                    |  0/1 Time: 0:00:402019-09-11 04:26:29,272 [grpc-default-executor-3] INFO  client.GrpcClientProtocolClient (GrpcClientProtocolClient.java:onNext(264)) - client-734BBEB428D7->a5e38e3e-c2ad-4348-acb9-3fc25cfb14dd: receive RaftClientReply:client-734BBEB428D7->a5e38e3e-c2ad-4348-acb9-3fc25cfb14dd@group-7000B19605CB, cid=4265, SUCCESS, logIndex=6498, commits[a5e38e3e-c2ad-4348-acb9-3fc25cfb14dd:c6498, 11e48d46-e648-47f9-b6a0-9c7f26654c28:c6496, d1b6a90e-e817-40a7-bec1-608b5cc7d8b6:c6496]
2019-09-11 04:26:29,285 [grpc-default-executor-3] INFO  client.GrpcClientProtocolClient (GrpcClientProtocolClient.java:onNext(264)) - client-734BBEB428D7->a5e38e3e-c2ad-4348-acb9-3fc25cfb14dd: receive RaftClientReply:client-734BBEB428D7->a5e38e3e-c2ad-4348-acb9-3fc25cfb14dd@group-7000B19605CB, cid=4266, SUCCESS, logIndex=6501, commits[a5e38e3e-c2ad-4348-acb9-3fc25cfb14dd:c6502, 11e48d46-e648-47f9-b6a0-9c7f26654c28:c6498, d1b6a90e-e817-40a7-bec1-608b5cc7d8b6:c6498]
2019-09-11 04:26:29,285 [grpc-default-executor-3] INFO  client.GrpcClientProtocolClient (GrpcClientProtocolClient.java:onNext(264)) - client-734BBEB428D7->a5e38e3e-c2ad-4348-acb9-3fc25cfb14dd: receive RaftClientReply:client-734BBEB428D7->a5e38e3e-c2ad-4348-acb9-3fc25cfb14dd@group-7000B19605CB, cid=4267, SUCCESS, logIndex=6502, commits[a5e38e3e-c2ad-4348-acb9-3fc25cfb14dd:c6502, 11e48d46-e648-47f9-b6a0-9c7f26654c28:c6498, d1b6a90e-e817-40a7-bec1-608b5cc7d8b6:c6498]
2019-09-11 04:26:29,297 [grpc-default-executor-2] INFO  client.GrpcClientProtocolClient (GrpcClientProtocolClient.java:onNext(264)) - client-734BBEB428D7->a5e38e3e-c2ad-4348-acb9-3fc25cfb14dd: receive RaftClientReply:client-734BBEB428D7->a5e38e3e-c2ad-4348-acb9-3fc25cfb14dd@group-7000B19605CB, cid=4268, SUCCESS, logIndex=0, commits[a5e38e3e-c2ad-4348-acb9-3fc25cfb14dd:c6504, 11e48d46-e648-47f9-b6a0-9c7f26654c28:c6502, d1b6a90e-e817-40a7-bec1-608b5cc7d8b6:c6502]
2019-09-11 04:26:29,384 [grpc-default-executor-3] INFO  client.GrpcClientProtocolClient (GrpcClientProtocolClient.java:onNext(264)) - client-734BBEB428D7->a5e38e3e-c2ad-4348-acb9-3fc25cfb14dd: receive RaftClientReply:client-734BBEB428D7->a5e38e3e-c2ad-4348-acb9-3fc25cfb14dd@group-7000B19605CB, cid=4269, SUCCESS, logIndex=6505, commits[a5e38e3e-c2ad-4348-acb9-3fc25cfb14dd:c6506, 11e48d46-e648-47f9-b6a0-9c7f26654c28:c6504, d1b6a90e-e817-40a7-bec1-608b5cc7d8b6:c6504]
2019-09-11 04:26:29,385 [grpc-default-executor-3] INFO  client.GrpcClientProtocolClient (GrpcClientProtocolClient.java:onNext(264)) - client-734BBEB428D7->a5e38e3e-c2ad-4348-acb9-3fc25cfb14dd: receive RaftClientReply:client-734BBEB428D7->a5e38e3e-c2ad-4348-acb9-3fc25cfb14dd@group-7000B19605CB, cid=4270, SUCCESS, logIndex=6506, commits[a5e38e3e-c2ad-4348-acb9-3fc25cfb14dd:c6508, 11e48d46-e648-47f9-b6a0-9c7f26654c28:c6504, d1b6a90e-e817-40a7-bec1-608b5cc7d8b6:c6504]
2019-09-11 04:26:29,385 [grpc-default-executor-3] INFO  client.GrpcClientProtocolClient (GrpcClientProtocolClient.java:onNext(264)) - client-734BBEB428D7->a5e38e3e-c2ad-4348-acb9-3fc25cfb14dd: receive RaftClientReply:client-734BBEB428D7->a5e38e3e-c2ad-4348-acb9-3fc25cfb14dd@group-7000B19605CB, cid=4271, SUCCESS, logIndex=6507, commits[a5e38e3e-c2ad-4348-acb9-3fc25cfb14dd:c6508, 11e48d46-e648-47f9-b6a0-9c7f26654c28:c6504, d1b6a90e-e817-40a7-bec1-608b5cc7d8b6:c6504]
2019-09-11 04:26:29,386 [grpc-default-executor-3] INFO  client.GrpcClientProtocolClient (GrpcClientProtocolClient.java:onNext(264)) - client-734BBEB428D7->a5e38e3e-c2ad-4348-acb9-3fc25cfb14dd: receive RaftClientReply:client-734BBEB428D7->a5e38e3e-c2ad-4348-acb9-3fc25cfb14dd@group-7000B19605CB, cid=4272, SUCCESS, logIndex=6508, commits[a5e38e3e-c2ad-4348-acb9-3fc25cfb14dd:c6508, 11e48d46-e648-47f9-b6a0-9c7f26654c28:c6504, d1b6a90e-e817-40a7-bec1-608b5cc7d8b6:c6504]
2019-09-11 04:26:29,396 [grpc-default-executor-3] INFO  client.GrpcClientProtocolClient (GrpcClientProtocolClient.java:onNext(264)) - client-734BBEB428D7->a5e38e3e-c2ad-4348-acb9-3fc25cfb14dd: receive RaftClientReply:client-734BBEB428D7->a5e38e3e-c2ad-4348-acb9-3fc25cfb14dd@group-7000B19605CB, cid=4273, SUCCESS, logIndex=0, commits[a5e38e3e-c2ad-4348-acb9-3fc25cfb14dd:c6509, 11e48d46-e648-47f9-b6a0-9c7f26654c28:c6506, d1b6a90e-e817-40a7-bec1-608b5cc7d8b6:c6506]
2019-09-11 04:26:29,417 [grpc-default-executor-3] INFO  client.GrpcClientProtocolClient (GrpcClientProtocolClient.java:onNext(264)) - client-734BBEB428D7->a5e38e3e-c2ad-4348-acb9-3fc25cfb14dd: receive RaftClientReply:client-734BBEB428D7->a5e38e3e-c2ad-4348-acb9-3fc25cfb14dd@group-7000B19605CB, cid=4274, SUCCESS, logIndex=6513, commits[a5e38e3e-c2ad-4348-acb9-3fc25cfb14dd:c6514, 11e48d46-e648-47f9-b6a0-9c7f26654c28:c6512, d1b6a90e-e817-40a7-bec1-608b5cc7d8b6:c6512]
2019-09-11 04:26:29,417 [grpc-default-executor-3] INFO  client.GrpcClientProtocolClient (GrpcClientProtocolClient.java:onNext(264)) - client-734BBEB428D7->a5e38e3e-c2ad-4348-acb9-3fc25cfb14dd: receive RaftClientReply:client-734BBEB428D7->a5e38e3e-c2ad-4348-acb9-3fc25cfb14dd@group-7000B19605CB, cid=4275, SUCCESS, logIndex=6514, commits[a5e38e3e-c2ad-4348-acb9-3fc25cfb14dd:c6514, 11e48d46-e648-47f9-b6a0-9c7f26654c28:c6512, d1b6a90e-e817-40a7-bec1-608b5cc7d8b6:c6512]
2019-09-11 04:26:29,430 [grpc-default-executor-3] INFO  client.GrpcClientProtocolClient (GrpcClientProtocolClient.java:onNext(264)) - client-734BBEB428D7->a5e38e3e-c2ad-4348-acb9-3fc25cfb14dd: receive RaftClientReply:client-734BBEB428D7->a5e38e3e-c2ad-4348-acb9-3fc25cfb14dd@group-7000B19605CB, cid=4276, SUCCESS, logIndex=6517, commits[a5e38e3e-c2ad-4348-acb9-3fc25cfb14dd:c6517, 11e48d46-e648-47f9-b6a0-9c7f26654c28:c6514, d1b6a90e-e817-40a7-bec1-608b5cc7d8b6:c6514]
2019-09-11 04:26:29,430 [grpc-default-executor-3] INFO  client.GrpcClientProtocolClient (GrpcClientProtocolClient.java:onNext(264)) - client-734BBEB428D7->a5e38e3e-c2ad-4348-acb9-3fc25cfb14dd: receive RaftClientReply:client-734BBEB428D7->a5e38e3e-c2ad-4348-acb9-3fc25cfb14dd@group-7000B19605CB, cid=4277, SUCCESS, logIndex=6518, commits[a5e38e3e-c2ad-4348-acb9-3fc25cfb14dd:c6518, 11e48d46-e648-47f9-b6a0-9c7f26654c28:c6514, d1b6a90e-e817-40a7-bec1-608b5cc7d8b6:c6514]
2019-09-11 04:26:29,443 [grpc-default-executor-2] INFO  client.GrpcClientProtocolClient (GrpcClientProtocolClient.java:onNext(264)) - client-734BBEB428D7->a5e38e3e-c2ad-4348-acb9-3fc25cfb14dd: receive RaftClientReply:client-734BBEB428D7->a5e38e3e-c2ad-4348-acb9-3fc25cfb14dd@group-7000B19605CB, cid=4278, SUCCESS, logIndex=0, commits[a5e38e3e-c2ad-4348-acb9-3fc25cfb14dd:c6520, 11e48d46-e648-47f9-b6a0-9c7f26654c28:c6518, d1b6a90e-e817-40a7-bec1-608b5cc7d8b6:c6518]
2019-09-11 04:26:29,473 [grpc-default-executor-2] INFO  client.GrpcClientProtocolClient (GrpcClientProtocolClient.java:onNext(264)) - client-734BBEB428D7->a5e38e3e-c2ad-4348-acb9-3fc25cfb14dd: receive RaftClientReply:client-734BBEB428D7->a5e38e3e-c2ad-4348-acb9-3fc25cfb14dd@group-7000B19605CB, cid=4279, SUCCESS, logIndex=6521, commits[a5e38e3e-c2ad-4348-acb9-3fc25cfb14dd:c6522, 11e48d46-e648-47f9-b6a0-9c7f26654c28:c6518, d1b6a90e-e817-40a7-bec1-608b5cc7d8b6:c6520]
2019-09-11 04:26:29,473 [grpc-default-executor-2] INFO  client.GrpcClientProtocolClient (GrpcClientProtocolClient.java:onNext(264)) - client-734BBEB428D7->a5e38e3e-c2ad-4348-acb9-3fc25cfb14dd: receive RaftClientReply:client-734BBEB428D7->a5e38e3e-c2ad-4348-acb9-3fc25cfb14dd@group-7000B19605CB, cid=4280, SUCCESS, logIndex=6522, commits[a5e38e3e-c2ad-4348-acb9-3fc25cfb14dd:c6522, 11e48d46-e648-47f9-b6a0-9c7f26654c28:c6520, d1b6a90e-e817-40a7-bec1-608b5cc7d8b6:c6520]
2019-09-11 04:26:29,474 [grpc-default-executor-3] INFO  client.GrpcClientProtocolClient (GrpcClientProtocolClient.java:onNext(264)) - client-734BBEB428D7->a5e38e3e-c2ad-4348-acb9-3fc25cfb14dd: receive RaftClientReply:client-734BBEB428D7->a5e38e3e-c2ad-4348-acb9-3fc25cfb14dd@group-7000B19605CB, cid=4281, SUCCESS, logIndex=6523, commits[a5e38e3e-c2ad-4348-acb9-3fc25cfb14dd:c6524, 11e48d46-e648-47f9-b6a0-9c7f26654c28:c6520, d1b6a90e-e817-40a7-bec1-608b5cc7d8b6:c6520]
2019-09-11 04:26:29,475 [grpc-default-executor-3] INFO  client.GrpcClientProtocolClient (GrpcClientProtocolClient.java:onNext(264)) - client-734BBEB428D7->a5e38e3e-c2ad-4348-acb9-3fc25cfb14dd: receive RaftClientReply:client-734BBEB428D7->a5e38e3e-c2ad-4348-acb9-3fc25cfb14dd@group-7000B19605CB, cid=4282, SUCCESS, logIndex=6524, commits[a5e38e3e-c2ad-4348-acb9-3fc25cfb14dd:c6524, 11e48d46-e648-47f9-b6a0-9c7f26654c28:c6520, d1b6a90e-e817-40a7-bec1-608b5cc7d8b6:c6520]
2019-09-11 04:26:29,476 [grpc-default-executor-3] INFO  client.GrpcClientProtocolClient (GrpcClientProtocolClient.java:onNext(264)) - client-734BBEB428D7->a5e38e3e-c2ad-4348-acb9-3fc25cfb14dd: receive RaftClientReply:client-734BBEB428D7->a5e38e3e-c2ad-4348-acb9-3fc25cfb14dd@group-7000B19605CB, cid=4283, SUCCESS, logIndex=0, commits[a5e38e3e-c2ad-4348-acb9-3fc25cfb14dd:c6524, 11e48d46-e648-47f9-b6a0-9c7f26654c28:c6522, d1b6a90e-e817-40a7-bec1-608b5cc7d8b6:c6522]
2019-09-11 04:26:29,494 [grpc-default-executor-2] INFO  client.GrpcClientProtocolClient (GrpcClientProtocolClient.java:onNext(264)) - client-734BBEB428D7->a5e38e3e-c2ad-4348-acb9-3fc25cfb14dd: receive RaftClientReply:client-734BBEB428D7->a5e38e3e-c2ad-4348-acb9-3fc25cfb14dd@group-7000B19605CB, cid=4284, SUCCESS, logIndex=6527, commits[a5e38e3e-c2ad-4348-acb9-3fc25cfb14dd:c6528, 11e48d46-e648-47f9-b6a0-9c7f26654c28:c6526, d1b6a90e-e817-40a7-bec1-608b5cc7d8b6:c6526]
2019-09-11 04:26:29,495 [grpc-default-executor-2] INFO  client.GrpcClientProtocolClient (GrpcClientProtocolClient.java:onNext(264)) - client-734BBEB428D7->a5e38e3e-c2ad-4348-acb9-3fc25cfb14dd: receive RaftClientReply:client-734BBEB428D7->a5e38e3e-c2ad-4348-acb9-3fc25cfb14dd@group-7000B19605CB, cid=4285, SUCCESS, logIndex=6528, commits[a5e38e3e-c2ad-4348-acb9-3fc25cfb14dd:c6528, 11e48d46-e648-47f9-b6a0-9c7f26654c28:c6526, d1b6a90e-e817-40a7-bec1-608b5cc7d8b6:c6526]
2019-09-11 04:26:29,508 [grpc-default-executor-1] INFO  client.GrpcClientProtocolClient (GrpcClientProtocolClient.java:onNext(264)) - client-734BBEB428D7->a5e38e3e-c2ad-4348-acb9-3fc25cfb14dd: receive RaftClientReply:client-734BBEB428D7->a5e38e3e-c2ad-4348-acb9-3fc25cfb14dd@group-7000B19605CB, cid=4286, SUCCESS, logIndex=6531, commits[a5e38e3e-c2ad-4348-acb9-3fc25cfb14dd:c6532, 11e48d46-e648-47f9-b6a0-9c7f26654c28:c6528, d1b6a90e-e817-40a7-bec1-608b5cc7d8b6:c6528]
2019-09-11 04:26:29,509 [grpc-default-executor-1] INFO  client.GrpcClientProtocolClient (GrpcClientProtocolClient.java:onNext(264)) - client-734BBEB428D7->a5e38e3e-c2ad-4348-acb9-3fc25cfb14dd: receive RaftClientReply:client-734BBEB428D7->a5e38e3e-c2ad-4348-acb9-3fc25cfb14dd@group-7000B19605CB, cid=4287, SUCCESS, logIndex=6532, commits[a5e38e3e-c2ad-4348-acb9-3fc25cfb14dd:c6532, 11e48d46-e648-47f9-b6a0-9c7f26654c28:c6528, d1b6a90e-e817-40a7-bec1-608b5cc7d8b6:c6528]
2019-09-11 04:26:29,520 [grpc-default-executor-1] INFO  client.GrpcClientProtocolClient (GrpcClientProtocolClient.java:onNext(264)) - client-734BBEB428D7->a5e38e3e-c2ad-4348-acb9-3fc25cfb14dd: receive RaftClientReply:client-734BBEB428D7->a5e38e3e-c2ad-4348-acb9-3fc25cfb14dd@group-7000B19605CB, cid=4288, SUCCESS, logIndex=0, commits[a5e38e3e-c2ad-4348-acb9-3fc25cfb14dd:c6533, 11e48d46-e648-47f9-b6a0-9c7f26654c28:c6532, d1b6a90e-e817-40a7-bec1-608b5cc7d8b6:c6532]
2019-09-11 04:26:29,549 [grpc-default-executor-2] INFO  client.GrpcClientProtocolClient (GrpcClientProtocolClient.java:onNext(264)) - client-734BBEB428D7->a5e38e3e-c2ad-4348-acb9-3fc25cfb14dd: receive RaftClientReply:client-734BBEB428D7->a5e38e3e-c2ad-4348-acb9-3fc25cfb14dd@group-7000B19605CB, cid=4289, SUCCESS, logIndex=6535, commits[a5e38e3e-c2ad-4348-acb9-3fc25cfb14dd:c6535, 11e48d46-e648-47f9-b6a0-9c7f26654c28:c6534, d1b6a90e-e817-40a7-bec1-608b5cc7d8b6:c6534]
2019-09-11 04:26:29,550 [grpc-default-executor-2] INFO  client.GrpcClientProtocolClient (GrpcClientProtocolClient.java:onNext(264)) - client-734BBEB428D7->a5e38e3e-c2ad-4348-acb9-3fc25cfb14dd: receive RaftClientReply:client-734BBEB428D7->a5e38e3e-c2ad-4348-acb9-3fc25cfb14dd@group-7000B19605CB, cid=4290, SUCCESS, logIndex=6536, commits[a5e38e3e-c2ad-4348-acb9-3fc25cfb14dd:c6537, 11e48d46-e648-47f9-b6a0-9c7f26654c28:c6534, d1b6a90e-e817-40a7-bec1-608b5cc7d8b6:c6534]
2019-09-11 04:26:29,550 [grpc-default-executor-2] INFO  client.GrpcClientProtocolClient (GrpcClientProtocolClient.java:onNext(264)) - client-734BBEB428D7->a5e38e3e-c2ad-4348-acb9-3fc25cfb14dd: receive RaftClientReply:client-734BBEB428D7->a5e38e3e-c2ad-4348-acb9-3fc25cfb14dd@group-7000B19605CB, cid=4291, SUCCESS, logIndex=6537, commits[a5e38e3e-c2ad-4348-acb9-3fc25cfb14dd:c6538, 11e48d46-e648-47f9-b6a0-9c7f26654c28:c6534, d1b6a90e-e817-40a7-bec1-608b5cc7d8b6:c6534]
2019-09-11 04:26:29,550 [grpc-default-executor-2] INFO  client.GrpcClientProtocolClient (GrpcClientProtocolClient.java:onNext(264)) - client-734BBEB428D7->a5e38e3e-c2ad-4348-acb9-3fc25cfb14dd: receive RaftClientReply:client-734BBEB428D7->a5e38e3e-c2ad-4348-acb9-3fc25cfb14dd@group-7000B19605CB, cid=4292, SUCCESS, logIndex=6538, commits[a5e38e3e-c2ad-4348-acb9-3fc25cfb14dd:c6538, 11e48d46-e648-47f9-b6a0-9c7f26654c28:c6534, d1b6a90e-e817-40a7-bec1-608b5cc7d8b6:c6534]
2019-09-11 04:26:29,552 [grpc-default-executor-2] INFO  client.GrpcClientProtocolClient (GrpcClientProtocolClient.java:onNext(264)) - client-734BBEB428D7->a5e38e3e-c2ad-4348-acb9-3fc25cfb14dd: receive RaftClientReply:client-734BBEB428D7->a5e38e3e-c2ad-4348-acb9-3fc25cfb14dd@group-7000B19605CB, cid=4293, SUCCESS, logIndex=0, commits[a5e38e3e-c2ad-4348-acb9-3fc25cfb14dd:c6541, 11e48d46-e648-47f9-b6a0-9c7f26654c28:c6538, d1b6a90e-e817-40a7-bec1-608b5cc7d8b6:c6537]
2019-09-11 04:26:29,570 [grpc-default-executor-1] INFO  client.GrpcClientProtocolClient (GrpcClientProtocolClient.java:onNext(264)) - client-734BBEB428D7->a5e38e3e-c2ad-4348-acb9-3fc25cfb14dd: receive RaftClientReply:client-734BBEB428D7->a5e38e3e-c2ad-4348-acb9-3fc25cfb14dd@group-7000B19605CB, cid=4294, SUCCESS, logIndex=6542, commits[a5e38e3e-c2ad-4348-acb9-3fc25cfb14dd:c6543, 11e48d46-e648-47f9-b6a0-9c7f26654c28:c6541, d1b6a90e-e817-40a7-bec1-608b5cc7d8b6:c6541]
2019-09-11 04:26:29,571 [grpc-default-executor-1] INFO  client.GrpcClientProtocolClient (GrpcClientProtocolClient.java:onNext(264)) - client-734BBEB428D7->a5e38e3e-c2ad-4348-acb9-3fc25cfb14dd: receive RaftClientReply:client-734BBEB428D7->a5e38e3e-c2ad-4348-acb9-3fc25cfb14dd@group-7000B19605CB, cid=4295, SUCCESS, logIndex=6543, commits[a5e38e3e-c2ad-4348-acb9-3fc25cfb14dd:c6543, 11e48d46-e648-47f9-b6a0-9c7f26654c28:c6541, d1b6a90e-e817-40a7-bec1-608b5cc7d8b6:c6541]
2019-09-11 04:26:29,584 [grpc-default-executor-1] INFO  client.GrpcClientProtocolClient (GrpcClientProtocolClient.java:onNext(264)) - client-734BBEB428D7->a5e38e3e-c2ad-4348-acb9-3fc25cfb14dd: receive RaftClientReply:client-734BBEB428D7->a5e38e3e-c2ad-4348-acb9-3fc25cfb14dd@group-7000B19605CB, cid=4296, SUCCESS, logIndex=6546, commits[a5e38e3e-c2ad-4348-acb9-3fc25cfb14dd:c6547, 11e48d46-e648-47f9-b6a0-9c7f26654c28:c6543, d1b6a90e-e817-40a7-bec1-608b5cc7d8b6:c6543]
2019-09-11 04:26:29,584 [grpc-default-executor-1] INFO  client.GrpcClientProtocolClient (GrpcClientProtocolClient.java:onNext(264)) - client-734BBEB428D7->a5e38e3e-c2ad-4348-acb9-3fc25cfb14dd: receive RaftClientReply:client-734BBEB428D7->a5e38e3e-c2ad-4348-acb9-3fc25cfb14dd@group-7000B19605CB, cid=4297, SUCCESS, logIndex=6547, commits[a5e38e3e-c2ad-4348-acb9-3fc25cfb14dd:c6547, 11e48d46-e648-47f9-b6a0-9c7f26654c28:c6543, d1b6a90e-e817-40a7-bec1-608b5cc7d8b6:c6543]
2019-09-11 04:26:29,597 [grpc-default-executor-1] INFO  client.GrpcClientProtocolClient (GrpcClientProtocolClient.java:onNext(264)) - client-734BBEB428D7->a5e38e3e-c2ad-4348-acb9-3fc25cfb14dd: receive RaftClientReply:client-734BBEB428D7->a5e38e3e-c2ad-4348-acb9-3fc25cfb14dd@group-7000B19605CB, cid=4298, SUCCESS, logIndex=0, commits[a5e38e3e-c2ad-4348-acb9-3fc25cfb14dd:c6549, 11e48d46-e648-47f9-b6a0-9c7f26654c28:c6547, d1b6a90e-e817-40a7-bec1-608b5cc7d8b6:c6547]
2019-09-11 04:26:29,629 [grpc-default-executor-1] INFO  client.GrpcClientProtocolClient (GrpcClientProtocolClient.java:onNext(264)) - client-734BBEB428D7->a5e38e3e-c2ad-4348-acb9-3fc25cfb14dd: receive RaftClientReply:client-734BBEB428D7->a5e38e3e-c2ad-4348-acb9-3fc25cfb14dd@group-7000B19605CB, cid=4299, SUCCESS, logIndex=6550, commits[a5e38e3e-c2ad-4348-acb9-3fc25cfb14dd:c6551, 11e48d46-e648-47f9-b6a0-9c7f26654c28:c6549, d1b6a90e-e817-40a7-bec1-608b5cc7d8b6:c6549]
2019-09-11 04:26:29,629 [grpc-default-executor-1] INFO  client.GrpcClientProtocolClient (GrpcClientProtocolClient.java:onNext(264)) - client-734BBEB428D7->a5e38e3e-c2ad-4348-acb9-3fc25cfb14dd: receive RaftClientReply:client-734BBEB428D7->a5e38e3e-c2ad-4348-acb9-3fc25cfb14dd@group-7000B19605CB, cid=4300, SUCCESS, logIndex=6551, commits[a5e38e3e-c2ad-4348-acb9-3fc25cfb14dd:c6551, 11e48d46-e648-47f9-b6a0-9c7f26654c28:c6549, d1b6a90e-e817-40a7-bec1-608b5cc7d8b6:c6549]
2019-09-11 04:26:29,630 [grpc-default-executor-1] INFO  client.GrpcClientProtocolClient (GrpcClientProtocolClient.java:onNext(264)) - client-734BBEB428D7->a5e38e3e-c2ad-4348-acb9-3fc25cfb14dd: receive RaftClientReply:client-734BBEB428D7->a5e38e3e-c2ad-4348-acb9-3fc25cfb14dd@group-7000B19605CB, cid=4301, SUCCESS, logIndex=6552, commits[a5e38e3e-c2ad-4348-acb9-3fc25cfb14dd:c6552, 11e48d46-e648-47f9-b6a0-9c7f26654c28:c6549, d1b6a90e-e817-40a7-bec1-608b5cc7d8b6:c6549]
2019-09-11 04:26:29,630 [grpc-default-executor-1] INFO  client.GrpcClientProtocolClient (GrpcClientProtocolClient.java:onNext(264)) - client-734BBEB428D7->a5e38e3e-c2ad-4348-acb9-3fc25cfb14dd: receive RaftClientReply:client-734BBEB428D7->a5e38e3e-c2ad-4348-acb9-3fc25cfb14dd@group-7000B19605CB, cid=4302, SUCCESS, logIndex=6553, commits[a5e38e3e-c2ad-4348-acb9-3fc25cfb14dd:c6553, 11e48d46-e648-47f9-b6a0-9c7f26654c28:c6549, d1b6a90e-e817-40a7-bec1-608b5cc7d8b6:c6549]
2019-09-11 04:26:29,631 [grpc-default-executor-2] INFO  client.GrpcClientProtocolClient (GrpcClientProtocolClient.java:onNext(264)) - client-734BBEB428D7->a5e38e3e-c2ad-4348-acb9-3fc25cfb14dd: receive RaftClientReply:client-734BBEB428D7->a5e38e3e-c2ad-4348-acb9-3fc25cfb14dd@group-7000B19605CB, cid=4303, SUCCESS, logIndex=0, commits[a5e38e3e-c2ad-4348-acb9-3fc25cfb14dd:c6555, 11e48d46-e648-47f9-b6a0-9c7f26654c28:c6551, d1b6a90e-e817-40a7-bec1-608b5cc7d8b6:c6551]
2019-09-11 04:26:29,651 [grpc-default-executor-2] INFO  client.GrpcClientProtocolClient (GrpcClientProtocolClient.java:onNext(264)) - client-734BBEB428D7->a5e38e3e-c2ad-4348-acb9-3fc25cfb14dd: receive RaftClientReply:client-734BBEB428D7->a5e38e3e-c2ad-4348-acb9-3fc25cfb14dd@group-7000B19605CB, cid=4304, SUCCESS, logIndex=6558, commits[a5e38e3e-c2ad-4348-acb9-3fc25cfb14dd:c6558, 11e48d46-e648-47f9-b6a0-9c7f26654c28:c6557, d1b6a90e-e817-40a7-bec1-608b5cc7d8b6:c6557]
2019-09-11 04:26:29,651 [grpc-default-executor-2] INFO  client.GrpcClientProtocolClient (GrpcClientProtocolClient.java:onNext(264)) - client-734BBEB428D7->a5e38e3e-c2ad-4348-acb9-3fc25cfb14dd: receive RaftClientReply:client-734BBEB428D7->a5e38e3e-c2ad-4348-acb9-3fc25cfb14dd@group-7000B19605CB, cid=4305, SUCCESS, logIndex=6559, commits[a5e38e3e-c2ad-4348-acb9-3fc25cfb14dd:c6559, 11e48d46-e648-47f9-b6a0-9c7f26654c28:c6557, d1b6a90e-e817-40a7-bec1-608b5cc7d8b6:c6557]
2019-09-11 04:26:29,663 [grpc-default-executor-2] INFO  client.GrpcClientProtocolClient (GrpcClientProtocolClient.java:onNext(264)) - client-734BBEB428D7->a5e38e3e-c2ad-4348-acb9-3fc25cfb14dd: receive RaftClientReply:client-734BBEB428D7->a5e38e3e-c2ad-4348-acb9-3fc25cfb14dd@group-7000B19605CB, cid=4306, SUCCESS, logIndex=6562, commits[a5e38e3e-c2ad-4348-acb9-3fc25cfb14dd:c6563, 11e48d46-e648-47f9-b6a0-9c7f26654c28:c6559, d1b6a90e-e817-40a7-bec1-608b5cc7d8b6:c6559]
2019-09-11 04:26:29,664 [grpc-default-executor-2] INFO  client.GrpcClientProtocolClient (GrpcClientProtocolClient.java:onNext(264)) - client-734BBEB428D7->a5e38e3e-c2ad-4348-acb9-3fc25cfb14dd: receive RaftClientReply:client-734BBEB428D7->a5e38e3e-c2ad-4348-acb9-3fc25cfb14dd@group-7000B19605CB, cid=4307, SUCCESS, logIndex=6563, commits[a5e38e3e-c2ad-4348-acb9-3fc25cfb14dd:c6563, 11e48d46-e648-47f9-b6a0-9c7f26654c28:c6559, d1b6a90e-e817-40a7-bec1-608b5cc7d8b6:c6559]
2019-09-11 04:26:29,673 [grpc-default-executor-2] INFO  client.GrpcClientProtocolClient (GrpcClientProtocolClient.java:onNext(264)) - client-734BBEB428D7->a5e38e3e-c2ad-4348-acb9-3fc25cfb14dd: receive RaftClientReply:client-734BBEB428D7->a5e38e3e-c2ad-4348-acb9-3fc25cfb14dd@group-7000B19605CB, cid=4308, SUCCESS, logIndex=0, commits[a5e38e3e-c2ad-4348-acb9-3fc25cfb14dd:c6563, 11e48d46-e648-47f9-b6a0-9c7f26654c28:c6563, d1b6a90e-e817-40a7-bec1-608b5cc7d8b6:c6563]
2019-09-11 04:26:29,704 [grpc-default-executor-1] INFO  client.GrpcClientProtocolClient (GrpcClientProtocolClient.java:onNext(264)) - client-734BBEB428D7->a5e38e3e-c2ad-4348-acb9-3fc25cfb14dd: receive RaftClientReply:client-734BBEB428D7->a5e38e3e-c2ad-4348-acb9-3fc25cfb14dd@group-7000B19605CB, cid=4309, SUCCESS, logIndex=6566, commits[a5e38e3e-c2ad-4348-acb9-3fc25cfb14dd:c6567, 11e48d46-e648-47f9-b6a0-9c7f26654c28:c6565, d1b6a90e-e817-40a7-bec1-608b5cc7d8b6:c6565]
2019-09-11 04:26:29,705 [grpc-default-executor-1] INFO  client.GrpcClientProtocolClient (GrpcClientProtocolClient.java:onNext(264)) - client-734BBEB428D7->a5e38e3e-c2ad-4348-acb9-3fc25cfb14dd: receive RaftClientReply:client-734BBEB428D7->a5e38e3e-c2ad-4348-acb9-3fc25cfb14dd@group-7000B19605CB, cid=4310, SUCCESS, logIndex=6567, commits[a5e38e3e-c2ad-4348-acb9-3fc25cfb14dd:c6569, 11e48d46-e648-47f9-b6a0-9c7f26654c28:c6565, d1b6a90e-e817-40a7-bec1-608b5cc7d8b6:c6565]
2019-09-11 04:26:29,705 [grpc-default-executor-1] INFO  client.GrpcClientProtocolClient (GrpcClientProtocolClient.java:onNext(264)) - client-734BBEB428D7->a5e38e3e-c2ad-4348-acb9-3fc25cfb14dd: receive RaftClientReply:client-734BBEB428D7->a5e38e3e-c2ad-4348-acb9-3fc25cfb14dd@group-7000B19605CB, cid=4311, SUCCESS, logIndex=6568, commits[a5e38e3e-c2ad-4348-acb9-3fc25cfb14dd:c6569, 11e48d46-e648-47f9-b6a0-9c7f26654c28:c6565, d1b6a90e-e817-40a7-bec1-608b5cc7d8b6:c6565]
2019-09-11 04:26:29,705 [grpc-default-executor-1] INFO  client.GrpcClientProtocolClient (GrpcClientProtocolClient.java:onNext(264)) - client-734BBEB428D7->a5e38e3e-c2ad-4348-acb9-3fc25cfb14dd: receive RaftClientReply:client-734BBEB428D7->a5e38e3e-c2ad-4348-acb9-3fc25cfb14dd@group-7000B19605CB, cid=4312, SUCCESS, logIndex=6569, commits[a5e38e3e-c2ad-4348-acb9-3fc25cfb14dd:c6569, 11e48d46-e648-47f9-b6a0-9c7f26654c28:c6565, d1b6a90e-e817-40a7-bec1-608b5cc7d8b6:c6565]
2019-09-11 04:26:29,707 [grpc-default-executor-3] INFO  client.GrpcClientProtocolClient (GrpcClientProtocolClient.java:onNext(264)) - client-734BBEB428D7->a5e38e3e-c2ad-4348-acb9-3fc25cfb14dd: receive RaftClientReply:client-734BBEB428D7->a5e38e3e-c2ad-4348-acb9-3fc25cfb14dd@group-7000B19605CB, cid=4313, SUCCESS, logIndex=0, commits[a5e38e3e-c2ad-4348-acb9-3fc25cfb14dd:c6573, 11e48d46-e648-47f9-b6a0-9c7f26654c28:c6567, d1b6a90e-e817-40a7-bec1-608b5cc7d8b6:c6569]
 0.00% |█                                                                                                    |  0/1 Time: 0:00:412019-09-11 04:26:30,365 [grpc-default-executor-3] INFO  client.GrpcClientProtocolClient (GrpcClientProtocolClient.java:onNext(264)) - client-734BBEB428D7->a5e38e3e-c2ad-4348-acb9-3fc25cfb14dd: receive RaftClientReply:client-734BBEB428D7->a5e38e3e-c2ad-4348-acb9-3fc25cfb14dd@group-7000B19605CB, cid=4314, SUCCESS, logIndex=6574, commits[a5e38e3e-c2ad-4348-acb9-3fc25cfb14dd:c6575, 11e48d46-e648-47f9-b6a0-9c7f26654c28:c6573, d1b6a90e-e817-40a7-bec1-608b5cc7d8b6:c6573]
2019-09-11 04:26:30,366 [grpc-default-executor-3] INFO  client.GrpcClientProtocolClient (GrpcClientProtocolClient.java:onNext(264)) - client-734BBEB428D7->a5e38e3e-c2ad-4348-acb9-3fc25cfb14dd: receive RaftClientReply:client-734BBEB428D7->a5e38e3e-c2ad-4348-acb9-3fc25cfb14dd@group-7000B19605CB, cid=4315, SUCCESS, logIndex=6575, commits[a5e38e3e-c2ad-4348-acb9-3fc25cfb14dd:c6575, 11e48d46-e648-47f9-b6a0-9c7f26654c28:c6573, d1b6a90e-e817-40a7-bec1-608b5cc7d8b6:c6573]
2019-09-11 04:26:30,391 [grpc-default-executor-2] INFO  client.GrpcClientProtocolClient (GrpcClientProtocolClient.java:onNext(264)) - client-734BBEB428D7->a5e38e3e-c2ad-4348-acb9-3fc25cfb14dd: receive RaftClientReply:client-734BBEB428D7->a5e38e3e-c2ad-4348-acb9-3fc25cfb14dd@group-7000B19605CB, cid=4316, SUCCESS, logIndex=6578, commits[a5e38e3e-c2ad-4348-acb9-3fc25cfb14dd:c6579, 11e48d46-e648-47f9-b6a0-9c7f26654c28:c6575, d1b6a90e-e817-40a7-bec1-608b5cc7d8b6:c6575]
2019-09-11 04:26:30,391 [grpc-default-executor-2] INFO  client.GrpcClientProtocolClient (GrpcClientProtocolClient.java:onNext(264)) - client-734BBEB428D7->a5e38e3e-c2ad-4348-acb9-3fc25cfb14dd: receive RaftClientReply:client-734BBEB428D7->a5e38e3e-c2ad-4348-acb9-3fc25cfb14dd@group-7000B19605CB, cid=4317, SUCCESS, logIndex=6579, commits[a5e38e3e-c2ad-4348-acb9-3fc25cfb14dd:c6579, 11e48d46-e648-47f9-b6a0-9c7f26654c28:c6575, d1b6a90e-e817-40a7-bec1-608b5cc7d8b6:c6575]
2019-09-11 04:26:30,404 [grpc-default-executor-2] INFO  client.GrpcClientProtocolClient (GrpcClientProtocolClient.java:onNext(264)) - client-734BBEB428D7->a5e38e3e-c2ad-4348-acb9-3fc25cfb14dd: receive RaftClientReply:client-734BBEB428D7->a5e38e3e-c2ad-4348-acb9-3fc25cfb14dd@group-7000B19605CB, cid=4318, SUCCESS, logIndex=0, commits[a5e38e3e-c2ad-4348-acb9-3fc25cfb14dd:c6581, 11e48d46-e648-47f9-b6a0-9c7f26654c28:c6579, d1b6a90e-e817-40a7-bec1-608b5cc7d8b6:c6579]
2019-09-11 04:26:30,448 [grpc-default-executor-1] INFO  client.GrpcClientProtocolClient (GrpcClientProtocolClient.java:onNext(264)) - client-734BBEB428D7->a5e38e3e-c2ad-4348-acb9-3fc25cfb14dd: receive RaftClientReply:client-734BBEB428D7->a5e38e3e-c2ad-4348-acb9-3fc25cfb14dd@group-7000B19605CB, cid=4319, SUCCESS, logIndex=6582, commits[a5e38e3e-c2ad-4348-acb9-3fc25cfb14dd:c6583, 11e48d46-e648-47f9-b6a0-9c7f26654c28:c6579, d1b6a90e-e817-40a7-bec1-608b5cc7d8b6:c6581]
2019-09-11 04:26:30,448 [grpc-default-executor-1] INFO  client.GrpcClientProtocolClient (GrpcClientProtocolClient.java:onNext(264)) - client-734BBEB428D7->a5e38e3e-c2ad-4348-acb9-3fc25cfb14dd: receive RaftClientReply:client-734BBEB428D7->a5e38e3e-c2ad-4348-acb9-3fc25cfb14dd@group-7000B19605CB, cid=4320, SUCCESS, logIndex=6583, commits[a5e38e3e-c2ad-4348-acb9-3fc25cfb14dd:c6585, 11e48d46-e648-47f9-b6a0-9c7f26654c28:c6581, d1b6a90e-e817-40a7-bec1-608b5cc7d8b6:c6581]
2019-09-11 04:26:30,449 [grpc-default-executor-1] INFO  client.GrpcClientProtocolClient (GrpcClientProtocolClient.java:onNext(264)) - client-734BBEB428D7->a5e38e3e-c2ad-4348-acb9-3fc25cfb14dd: receive RaftClientReply:client-734BBEB428D7->a5e38e3e-c2ad-4348-acb9-3fc25cfb14dd@group-7000B19605CB, cid=4321, SUCCESS, logIndex=6584, commits[a5e38e3e-c2ad-4348-acb9-3fc25cfb14dd:c6585, 11e48d46-e648-47f9-b6a0-9c7f26654c28:c6581, d1b6a90e-e817-40a7-bec1-608b5cc7d8b6:c6581]
2019-09-11 04:26:30,449 [grpc-default-executor-1] INFO  client.GrpcClientProtocolClient (GrpcClientProtocolClient.java:onNext(264)) - client-734BBEB428D7->a5e38e3e-c2ad-4348-acb9-3fc25cfb14dd: receive RaftClientReply:client-734BBEB428D7->a5e38e3e-c2ad-4348-acb9-3fc25cfb14dd@group-7000B19605CB, cid=4322, SUCCESS, logIndex=6585, commits[a5e38e3e-c2ad-4348-acb9-3fc25cfb14dd:c6585, 11e48d46-e648-47f9-b6a0-9c7f26654c28:c6581, d1b6a90e-e817-40a7-bec1-608b5cc7d8b6:c6581]
2019-09-11 04:26:30,461 [grpc-default-executor-1] INFO  client.GrpcClientProtocolClient (GrpcClientProtocolClient.java:onNext(264)) - client-734BBEB428D7->a5e38e3e-c2ad-4348-acb9-3fc25cfb14dd: receive RaftClientReply:client-734BBEB428D7->a5e38e3e-c2ad-4348-acb9-3fc25cfb14dd@group-7000B19605CB, cid=4323, SUCCESS, logIndex=0, commits[a5e38e3e-c2ad-4348-acb9-3fc25cfb14dd:c6588, 11e48d46-e648-47f9-b6a0-9c7f26654c28:c6583, d1b6a90e-e817-40a7-bec1-608b5cc7d8b6:c6584]
2019-09-11 04:26:30,483 [grpc-default-executor-2] INFO  client.GrpcClientProtocolClient (GrpcClientProtocolClient.java:onNext(264)) - client-734BBEB428D7->a5e38e3e-c2ad-4348-acb9-3fc25cfb14dd: receive RaftClientReply:client-734BBEB428D7->a5e38e3e-c2ad-4348-acb9-3fc25cfb14dd@group-7000B19605CB, cid=4324, SUCCESS, logIndex=6590, commits[a5e38e3e-c2ad-4348-acb9-3fc25cfb14dd:c6591, 11e48d46-e648-47f9-b6a0-9c7f26654c28:c6589, d1b6a90e-e817-40a7-bec1-608b5cc7d8b6:c6589]
2019-09-11 04:26:30,483 [grpc-default-executor-2] INFO  client.GrpcClientProtocolClient (GrpcClientProtocolClient.java:onNext(264)) - client-734BBEB428D7->a5e38e3e-c2ad-4348-acb9-3fc25cfb14dd: receive RaftClientReply:client-734BBEB428D7->a5e38e3e-c2ad-4348-acb9-3fc25cfb14dd@group-7000B19605CB, cid=4325, SUCCESS, logIndex=6591, commits[a5e38e3e-c2ad-4348-acb9-3fc25cfb14dd:c6591, 11e48d46-e648-47f9-b6a0-9c7f26654c28:c6589, d1b6a90e-e817-40a7-bec1-608b5cc7d8b6:c6589]
2019-09-11 04:26:30,496 [grpc-default-executor-2] INFO  client.GrpcClientProtocolClient (GrpcClientProtocolClient.java:onNext(264)) - client-734BBEB428D7->a5e38e3e-c2ad-4348-acb9-3fc25cfb14dd: receive RaftClientReply:client-734BBEB428D7->a5e38e3e-c2ad-4348-acb9-3fc25cfb14dd@group-7000B19605CB, cid=4326, SUCCESS, logIndex=6594, commits[a5e38e3e-c2ad-4348-acb9-3fc25cfb14dd:c6595, 11e48d46-e648-47f9-b6a0-9c7f26654c28:c6590, d1b6a90e-e817-40a7-bec1-608b5cc7d8b6:c6591]
2019-09-11 04:26:30,496 [grpc-default-executor-2] INFO  client.GrpcClientProtocolClient (GrpcClientProtocolClient.java:onNext(264)) - client-734BBEB428D7->a5e38e3e-c2ad-4348-acb9-3fc25cfb14dd: receive RaftClientReply:client-734BBEB428D7->a5e38e3e-c2ad-4348-acb9-3fc25cfb14dd@group-7000B19605CB, cid=4327, SUCCESS, logIndex=6595, commits[a5e38e3e-c2ad-4348-acb9-3fc25cfb14dd:c6595, 11e48d46-e648-47f9-b6a0-9c7f26654c28:c6590, d1b6a90e-e817-40a7-bec1-608b5cc7d8b6:c6591]
2019-09-11 04:26:30,514 [grpc-default-executor-2] INFO  client.GrpcClientProtocolClient (GrpcClientProtocolClient.java:onNext(264)) - client-734BBEB428D7->a5e38e3e-c2ad-4348-acb9-3fc25cfb14dd: receive RaftClientReply:client-734BBEB428D7->a5e38e3e-c2ad-4348-acb9-3fc25cfb14dd@group-7000B19605CB, cid=4328, SUCCESS, logIndex=0, commits[a5e38e3e-c2ad-4348-acb9-3fc25cfb14dd:c6595, 11e48d46-e648-47f9-b6a0-9c7f26654c28:c6591, d1b6a90e-e817-40a7-bec1-608b5cc7d8b6:c6591]
2019-09-11 04:26:30,515 [grpc-default-executor-2] INFO  client.GrpcClientProtocolClient (GrpcClientProtocolClient.java:onNext(264)) - client-734BBEB428D7->a5e38e3e-c2ad-4348-acb9-3fc25cfb14dd: receive RaftClientReply:client-734BBEB428D7->a5e38e3e-c2ad-4348-acb9-3fc25cfb14dd@group-7000B19605CB, cid=4329, SUCCESS, logIndex=0, commits[a5e38e3e-c2ad-4348-acb9-3fc25cfb14dd:c6597, 11e48d46-e648-47f9-b6a0-9c7f26654c28:c6595, d1b6a90e-e817-40a7-bec1-608b5cc7d8b6:c6595]
2019-09-11 04:26:30,556 [grpc-default-executor-1] INFO  client.GrpcClientProtocolClient (GrpcClientProtocolClient.java:onNext(264)) - client-734BBEB428D7->a5e38e3e-c2ad-4348-acb9-3fc25cfb14dd: receive RaftClientReply:client-734BBEB428D7->a5e38e3e-c2ad-4348-acb9-3fc25cfb14dd@group-7000B19605CB, cid=4330, SUCCESS, logIndex=6598, commits[a5e38e3e-c2ad-4348-acb9-3fc25cfb14dd:c6599, 11e48d46-e648-47f9-b6a0-9c7f26654c28:c6595, d1b6a90e-e817-40a7-bec1-608b5cc7d8b6:c6597]
2019-09-11 04:26:30,557 [grpc-default-executor-1] INFO  client.GrpcClientProtocolClient (GrpcClientProtocolClient.java:onNext(264)) - client-734BBEB428D7->a5e38e3e-c2ad-4348-acb9-3fc25cfb14dd: receive RaftClientReply:client-734BBEB428D7->a5e38e3e-c2ad-4348-acb9-3fc25cfb14dd@group-7000B19605CB, cid=4331, SUCCESS, logIndex=6599, commits[a5e38e3e-c2ad-4348-acb9-3fc25cfb14dd:c6601, 11e48d46-e648-47f9-b6a0-9c7f26654c28:c6597, d1b6a90e-e817-40a7-bec1-608b5cc7d8b6:c6597]
2019-09-11 04:26:30,557 [grpc-default-executor-1] INFO  client.GrpcClientProtocolClient (GrpcClientProtocolClient.java:onNext(264)) - client-734BBEB428D7->a5e38e3e-c2ad-4348-acb9-3fc25cfb14dd: receive RaftClientReply:client-734BBEB428D7->a5e38e3e-c2ad-4348-acb9-3fc25cfb14dd@group-7000B19605CB, cid=4332, SUCCESS, logIndex=6600, commits[a5e38e3e-c2ad-4348-acb9-3fc25cfb14dd:c6601, 11e48d46-e648-47f9-b6a0-9c7f26654c28:c6597, d1b6a90e-e817-40a7-bec1-608b5cc7d8b6:c6597]
2019-09-11 04:26:30,557 [grpc-default-executor-1] INFO  client.GrpcClientProtocolClient (GrpcClientProtocolClient.java:onNext(264)) - client-734BBEB428D7->a5e38e3e-c2ad-4348-acb9-3fc25cfb14dd: receive RaftClientReply:client-734BBEB428D7->a5e38e3e-c2ad-4348-acb9-3fc25cfb14dd@group-7000B19605CB, cid=4333, SUCCESS, logIndex=6601, commits[a5e38e3e-c2ad-4348-acb9-3fc25cfb14dd:c6601, 11e48d46-e648-47f9-b6a0-9c7f26654c28:c6597, d1b6a90e-e817-40a7-bec1-608b5cc7d8b6:c6597]
2019-09-11 04:26:30,559 [grpc-default-executor-1] INFO  client.GrpcClientProtocolClient (GrpcClientProtocolClient.java:onNext(264)) - client-734BBEB428D7->a5e38e3e-c2ad-4348-acb9-3fc25cfb14dd: receive RaftClientReply:client-734BBEB428D7->a5e38e3e-c2ad-4348-acb9-3fc25cfb14dd@group-7000B19605CB, cid=4334, SUCCESS, logIndex=0, commits[a5e38e3e-c2ad-4348-acb9-3fc25cfb14dd:c6603, 11e48d46-e648-47f9-b6a0-9c7f26654c28:c6599, d1b6a90e-e817-40a7-bec1-608b5cc7d8b6:c6599]
2019-09-11 04:26:30,579 [grpc-default-executor-1] INFO  client.GrpcClientProtocolClient (GrpcClientProtocolClient.java:onNext(264)) - client-734BBEB428D7->a5e38e3e-c2ad-4348-acb9-3fc25cfb14dd: receive RaftClientReply:client-734BBEB428D7->a5e38e3e-c2ad-4348-acb9-3fc25cfb14dd@group-7000B19605CB, cid=4335, SUCCESS, logIndex=6606, commits[a5e38e3e-c2ad-4348-acb9-3fc25cfb14dd:c6607, 11e48d46-e648-47f9-b6a0-9c7f26654c28:c6601, d1b6a90e-e817-40a7-bec1-608b5cc7d8b6:c6605]
2019-09-11 04:26:30,579 [grpc-default-executor-1] INFO  client.GrpcClientProtocolClient (GrpcClientProtocolClient.java:onNext(264)) - client-734BBEB428D7->a5e38e3e-c2ad-4348-acb9-3fc25cfb14dd: receive RaftClientReply:client-734BBEB428D7->a5e38e3e-c2ad-4348-acb9-3fc25cfb14dd@group-7000B19605CB, cid=4336, SUCCESS, logIndex=6607, commits[a5e38e3e-c2ad-4348-acb9-3fc25cfb14dd:c6607, 11e48d46-e648-47f9-b6a0-9c7f26654c28:c6605, d1b6a90e-e817-40a7-bec1-608b5cc7d8b6:c6605]
2019-09-11 04:26:30,592 [grpc-default-executor-3] INFO  client.GrpcClientProtocolClient (GrpcClientProtocolClient.java:onNext(264)) - client-734BBEB428D7->a5e38e3e-c2ad-4348-acb9-3fc25cfb14dd: receive RaftClientReply:client-734BBEB428D7->a5e38e3e-c2ad-4348-acb9-3fc25cfb14dd@group-7000B19605CB, cid=4337, SUCCESS, logIndex=6610, commits[a5e38e3e-c2ad-4348-acb9-3fc25cfb14dd:c6611, 11e48d46-e648-47f9-b6a0-9c7f26654c28:c6607, d1b6a90e-e817-40a7-bec1-608b5cc7d8b6:c6607]
2019-09-11 04:26:30,593 [grpc-default-executor-3] INFO  client.GrpcClientProtocolClient (GrpcClientProtocolClient.java:onNext(264)) - client-734BBEB428D7->a5e38e3e-c2ad-4348-acb9-3fc25cfb14dd: receive RaftClientReply:client-734BBEB428D7->a5e38e3e-c2ad-4348-acb9-3fc25cfb14dd@group-7000B19605CB, cid=4338, SUCCESS, logIndex=6611, commits[a5e38e3e-c2ad-4348-acb9-3fc25cfb14dd:c6611, 11e48d46-e648-47f9-b6a0-9c7f26654c28:c6607, d1b6a90e-e817-40a7-bec1-608b5cc7d8b6:c6607]
2019-09-11 04:26:30,604 [grpc-default-executor-3] INFO  client.GrpcClientProtocolClient (GrpcClientProtocolClient.java:onNext(264)) - client-734BBEB428D7->a5e38e3e-c2ad-4348-acb9-3fc25cfb14dd: receive RaftClientReply:client-734BBEB428D7->a5e38e3e-c2ad-4348-acb9-3fc25cfb14dd@group-7000B19605CB, cid=4339, SUCCESS, logIndex=0, commits[a5e38e3e-c2ad-4348-acb9-3fc25cfb14dd:c6612, 11e48d46-e648-47f9-b6a0-9c7f26654c28:c6611, d1b6a90e-e817-40a7-bec1-608b5cc7d8b6:c6611]
2019-09-11 04:26:30,638 [grpc-default-executor-1] INFO  client.GrpcClientProtocolClient (GrpcClientProtocolClient.java:onNext(264)) - client-734BBEB428D7->a5e38e3e-c2ad-4348-acb9-3fc25cfb14dd: receive RaftClientReply:client-734BBEB428D7->a5e38e3e-c2ad-4348-acb9-3fc25cfb14dd@group-7000B19605CB, cid=4340, SUCCESS, logIndex=6614, commits[a5e38e3e-c2ad-4348-acb9-3fc25cfb14dd:c6614, 11e48d46-e648-47f9-b6a0-9c7f26654c28:c6611, d1b6a90e-e817-40a7-bec1-608b5cc7d8b6:c6613]
2019-09-11 04:26:30,639 [grpc-default-executor-1] INFO  client.GrpcClientProtocolClient (GrpcClientProtocolClient.java:onNext(264)) - client-734BBEB428D7->a5e38e3e-c2ad-4348-acb9-3fc25cfb14dd: receive RaftClientReply:client-734BBEB428D7->a5e38e3e-c2ad-4348-acb9-3fc25cfb14dd@group-7000B19605CB, cid=4341, SUCCESS, logIndex=6615, commits[a5e38e3e-c2ad-4348-acb9-3fc25cfb14dd:c6615, 11e48d46-e648-47f9-b6a0-9c7f26654c28:c6613, d1b6a90e-e817-40a7-bec1-608b5cc7d8b6:c6613]
2019-09-11 04:26:30,639 [grpc-default-executor-2] INFO  client.GrpcClientProtocolClient (GrpcClientProtocolClient.java:onNext(264)) - client-734BBEB428D7->a5e38e3e-c2ad-4348-acb9-3fc25cfb14dd: receive RaftClientReply:client-734BBEB428D7->a5e38e3e-c2ad-4348-acb9-3fc25cfb14dd@group-7000B19605CB, cid=4342, SUCCESS, logIndex=6616, commits[a5e38e3e-c2ad-4348-acb9-3fc25cfb14dd:c6617, 11e48d46-e648-47f9-b6a0-9c7f26654c28:c6613, d1b6a90e-e817-40a7-bec1-608b5cc7d8b6:c6613]
2019-09-11 04:26:30,640 [grpc-default-executor-2] INFO  client.GrpcClientProtocolClient (GrpcClientProtocolClient.java:onNext(264)) - client-734BBEB428D7->a5e38e3e-c2ad-4348-acb9-3fc25cfb14dd: receive RaftClientReply:client-734BBEB428D7->a5e38e3e-c2ad-4348-acb9-3fc25cfb14dd@group-7000B19605CB, cid=4343, SUCCESS, logIndex=6617, commits[a5e38e3e-c2ad-4348-acb9-3fc25cfb14dd:c6617, 11e48d46-e648-47f9-b6a0-9c7f26654c28:c6613, d1b6a90e-e817-40a7-bec1-608b5cc7d8b6:c6613]
2019-09-11 04:26:30,642 [grpc-default-executor-1] INFO  client.GrpcClientProtocolClient (GrpcClientProtocolClient.java:onNext(264)) - client-734BBEB428D7->a5e38e3e-c2ad-4348-acb9-3fc25cfb14dd: receive RaftClientReply:client-734BBEB428D7->a5e38e3e-c2ad-4348-acb9-3fc25cfb14dd@group-7000B19605CB, cid=4344, SUCCESS, logIndex=0, commits[a5e38e3e-c2ad-4348-acb9-3fc25cfb14dd:c6621, 11e48d46-e648-47f9-b6a0-9c7f26654c28:c6617, d1b6a90e-e817-40a7-bec1-608b5cc7d8b6:c6615]
2019-09-11 04:26:30,669 [grpc-default-executor-1] INFO  client.GrpcClientProtocolClient (GrpcClientProtocolClient.java:onNext(264)) - client-734BBEB428D7->a5e38e3e-c2ad-4348-acb9-3fc25cfb14dd: receive RaftClientReply:client-734BBEB428D7->a5e38e3e-c2ad-4348-acb9-3fc25cfb14dd@group-7000B19605CB, cid=4345, SUCCESS, logIndex=6622, commits[a5e38e3e-c2ad-4348-acb9-3fc25cfb14dd:c6623, 11e48d46-e648-47f9-b6a0-9c7f26654c28:c6621, d1b6a90e-e817-40a7-bec1-608b5cc7d8b6:c6617]
2019-09-11 04:26:30,670 [grpc-default-executor-1] INFO  client.GrpcClientProtocolClient (GrpcClientProtocolClient.java:onNext(264)) - client-734BBEB428D7->a5e38e3e-c2ad-4348-acb9-3fc25cfb14dd: receive RaftClientReply:client-734BBEB428D7->a5e38e3e-c2ad-4348-acb9-3fc25cfb14dd@group-7000B19605CB, cid=4346, SUCCESS, logIndex=6623, commits[a5e38e3e-c2ad-4348-acb9-3fc25cfb14dd:c6623, 11e48d46-e648-47f9-b6a0-9c7f26654c28:c6621, d1b6a90e-e817-40a7-bec1-608b5cc7d8b6:c6621]
2019-09-11 04:26:30,860 [grpc-default-executor-3] INFO  client.GrpcClientProtocolClient (GrpcClientProtocolClient.java:onNext(264)) - client-734BBEB428D7->a5e38e3e-c2ad-4348-acb9-3fc25cfb14dd: receive RaftClientReply:client-734BBEB428D7->a5e38e3e-c2ad-4348-acb9-3fc25cfb14dd@group-7000B19605CB, cid=4347, SUCCESS, logIndex=6626, commits[a5e38e3e-c2ad-4348-acb9-3fc25cfb14dd:c6627, 11e48d46-e648-47f9-b6a0-9c7f26654c28:c6625, d1b6a90e-e817-40a7-bec1-608b5cc7d8b6:c6623]
2019-09-11 04:26:30,861 [grpc-default-executor-3] INFO  client.GrpcClientProtocolClient (GrpcClientProtocolClient.java:onNext(264)) - client-734BBEB428D7->a5e38e3e-c2ad-4348-acb9-3fc25cfb14dd: receive RaftClientReply:client-734BBEB428D7->a5e38e3e-c2ad-4348-acb9-3fc25cfb14dd@group-7000B19605CB, cid=4348, SUCCESS, logIndex=6627, commits[a5e38e3e-c2ad-4348-acb9-3fc25cfb14dd:c6627, 11e48d46-e648-47f9-b6a0-9c7f26654c28:c6625, d1b6a90e-e817-40a7-bec1-608b5cc7d8b6:c6623]
2019-09-11 04:26:30,873 [grpc-default-executor-3] INFO  client.GrpcClientProtocolClient (GrpcClientProtocolClient.java:onNext(264)) - client-734BBEB428D7->a5e38e3e-c2ad-4348-acb9-3fc25cfb14dd: receive RaftClientReply:client-734BBEB428D7->a5e38e3e-c2ad-4348-acb9-3fc25cfb14dd@group-7000B19605CB, cid=4349, SUCCESS, logIndex=0, commits[a5e38e3e-c2ad-4348-acb9-3fc25cfb14dd:c6628, 11e48d46-e648-47f9-b6a0-9c7f26654c28:c6627, d1b6a90e-e817-40a7-bec1-608b5cc7d8b6:c6627]
2019-09-11 04:26:30,912 [grpc-default-executor-2] INFO  client.GrpcClientProtocolClient (GrpcClientProtocolClient.java:onNext(264)) - client-734BBEB428D7->a5e38e3e-c2ad-4348-acb9-3fc25cfb14dd: receive RaftClientReply:client-734BBEB428D7->a5e38e3e-c2ad-4348-acb9-3fc25cfb14dd@group-7000B19605CB, cid=4350, SUCCESS, logIndex=6630, commits[a5e38e3e-c2ad-4348-acb9-3fc25cfb14dd:c6631, 11e48d46-e648-47f9-b6a0-9c7f26654c28:c6629, d1b6a90e-e817-40a7-bec1-608b5cc7d8b6:c6629]
2019-09-11 04:26:30,912 [grpc-default-executor-2] INFO  client.GrpcClientProtocolClient (GrpcClientProtocolClient.java:onNext(264)) - client-734BBEB428D7->a5e38e3e-c2ad-4348-acb9-3fc25cfb14dd: receive RaftClientReply:client-734BBEB428D7->a5e38e3e-c2ad-4348-acb9-3fc25cfb14dd@group-7000B19605CB, cid=4351, SUCCESS, logIndex=6631, commits[a5e38e3e-c2ad-4348-acb9-3fc25cfb14dd:c6633, 11e48d46-e648-47f9-b6a0-9c7f26654c28:c6629, d1b6a90e-e817-40a7-bec1-608b5cc7d8b6:c6629]
2019-09-11 04:26:30,912 [grpc-default-executor-2] INFO  client.GrpcClientProtocolClient (GrpcClientProtocolClient.java:onNext(264)) - client-734BBEB428D7->a5e38e3e-c2ad-4348-acb9-3fc25cfb14dd: receive RaftClientReply:client-734BBEB428D7->a5e38e3e-c2ad-4348-acb9-3fc25cfb14dd@group-7000B19605CB, cid=4352, SUCCESS, logIndex=6632, commits[a5e38e3e-c2ad-4348-acb9-3fc25cfb14dd:c6633, 11e48d46-e648-47f9-b6a0-9c7f26654c28:c6629, d1b6a90e-e817-40a7-bec1-608b5cc7d8b6:c6629]
2019-09-11 04:26:30,913 [grpc-default-executor-2] INFO  client.GrpcClientProtocolClient (GrpcClientProtocolClient.java:onNext(264)) - client-734BBEB428D7->a5e38e3e-c2ad-4348-acb9-3fc25cfb14dd: receive RaftClientReply:client-734BBEB428D7->a5e38e3e-c2ad-4348-acb9-3fc25cfb14dd@group-7000B19605CB, cid=4353, SUCCESS, logIndex=6633, commits[a5e38e3e-c2ad-4348-acb9-3fc25cfb14dd:c6633, 11e48d46-e648-47f9-b6a0-9c7f26654c28:c6629, d1b6a90e-e817-40a7-bec1-608b5cc7d8b6:c6629]
2019-09-11 04:26:30,925 [grpc-default-executor-2] INFO  client.GrpcClientProtocolClient (GrpcClientProtocolClient.java:onNext(264)) - client-734BBEB428D7->a5e38e3e-c2ad-4348-acb9-3fc25cfb14dd: receive RaftClientReply:client-734BBEB428D7->a5e38e3e-c2ad-4348-acb9-3fc25cfb14dd@group-7000B19605CB, cid=4354, SUCCESS, logIndex=0, commits[a5e38e3e-c2ad-4348-acb9-3fc25cfb14dd:c6637, 11e48d46-e648-47f9-b6a0-9c7f26654c28:c6633, d1b6a90e-e817-40a7-bec1-608b5cc7d8b6:c6632]
2019-09-11 04:26:30,946 [grpc-default-executor-2] INFO  client.GrpcClientProtocolClient (GrpcClientProtocolClient.java:onNext(264)) - client-734BBEB428D7->a5e38e3e-c2ad-4348-acb9-3fc25cfb14dd: receive RaftClientReply:client-734BBEB428D7->a5e38e3e-c2ad-4348-acb9-3fc25cfb14dd@group-7000B19605CB, cid=4355, SUCCESS, logIndex=6638, commits[a5e38e3e-c2ad-4348-acb9-3fc25cfb14dd:c6639, 11e48d46-e648-47f9-b6a0-9c7f26654c28:c6633, d1b6a90e-e817-40a7-bec1-608b5cc7d8b6:c6637]
2019-09-11 04:26:30,946 [grpc-default-executor-2] INFO  client.GrpcClientProtocolClient (GrpcClientProtocolClient.java:onNext(264)) - client-734BBEB428D7->a5e38e3e-c2ad-4348-acb9-3fc25cfb14dd: receive RaftClientReply:client-734BBEB428D7->a5e38e3e-c2ad-4348-acb9-3fc25cfb14dd@group-7000B19605CB, cid=4356, SUCCESS, logIndex=6639, commits[a5e38e3e-c2ad-4348-acb9-3fc25cfb14dd:c6639, 11e48d46-e648-47f9-b6a0-9c7f26654c28:c6637, d1b6a90e-e817-40a7-bec1-608b5cc7d8b6:c6637]
2019-09-11 04:26:30,959 [grpc-default-executor-2] INFO  client.GrpcClientProtocolClient (GrpcClientProtocolClient.java:onNext(264)) - client-734BBEB428D7->a5e38e3e-c2ad-4348-acb9-3fc25cfb14dd: receive RaftClientReply:client-734BBEB428D7->a5e38e3e-c2ad-4348-acb9-3fc25cfb14dd@group-7000B19605CB, cid=4357, SUCCESS, logIndex=6642, commits[a5e38e3e-c2ad-4348-acb9-3fc25cfb14dd:c6642, 11e48d46-e648-47f9-b6a0-9c7f26654c28:c6639, d1b6a90e-e817-40a7-bec1-608b5cc7d8b6:c6639]
2019-09-11 04:26:30,959 [grpc-default-executor-2] INFO  client.GrpcClientProtocolClient (GrpcClientProtocolClient.java:onNext(264)) - client-734BBEB428D7->a5e38e3e-c2ad-4348-acb9-3fc25cfb14dd: receive RaftClientReply:client-734BBEB428D7->a5e38e3e-c2ad-4348-acb9-3fc25cfb14dd@group-7000B19605CB, cid=4358, SUCCESS, logIndex=6643, commits[a5e38e3e-c2ad-4348-acb9-3fc25cfb14dd:c6643, 11e48d46-e648-47f9-b6a0-9c7f26654c28:c6639, d1b6a90e-e817-40a7-bec1-608b5cc7d8b6:c6639]
2019-09-11 04:26:30,972 [grpc-default-executor-2] INFO  client.GrpcClientProtocolClient (GrpcClientProtocolClient.java:onNext(264)) - client-734BBEB428D7->a5e38e3e-c2ad-4348-acb9-3fc25cfb14dd: receive RaftClientReply:client-734BBEB428D7->a5e38e3e-c2ad-4348-acb9-3fc25cfb14dd@group-7000B19605CB, cid=4359, SUCCESS, logIndex=0, commits[a5e38e3e-c2ad-4348-acb9-3fc25cfb14dd:c6645, 11e48d46-e648-47f9-b6a0-9c7f26654c28:c6643, d1b6a90e-e817-40a7-bec1-608b5cc7d8b6:c6643]
2019-09-11 04:26:31,007 [grpc-default-executor-1] INFO  client.GrpcClientProtocolClient (GrpcClientProtocolClient.java:onNext(264)) - client-734BBEB428D7->a5e38e3e-c2ad-4348-acb9-3fc25cfb14dd: receive RaftClientReply:client-734BBEB428D7->a5e38e3e-c2ad-4348-acb9-3fc25cfb14dd@group-7000B19605CB, cid=4360, SUCCESS, logIndex=6646, commits[a5e38e3e-c2ad-4348-acb9-3fc25cfb14dd:c6647, 11e48d46-e648-47f9-b6a0-9c7f26654c28:c6645, d1b6a90e-e817-40a7-bec1-608b5cc7d8b6:c6643]
2019-09-11 04:26:31,008 [grpc-default-executor-1] INFO  client.GrpcClientProtocolClient (GrpcClientProtocolClient.java:onNext(264)) - client-734BBEB428D7->a5e38e3e-c2ad-4348-acb9-3fc25cfb14dd: receive RaftClientReply:client-734BBEB428D7->a5e38e3e-c2ad-4348-acb9-3fc25cfb14dd@group-7000B19605CB, cid=4361, SUCCESS, logIndex=6647, commits[a5e38e3e-c2ad-4348-acb9-3fc25cfb14dd:c6647, 11e48d46-e648-47f9-b6a0-9c7f26654c28:c6645, d1b6a90e-e817-40a7-bec1-608b5cc7d8b6:c6645]
2019-09-11 04:26:31,008 [grpc-default-executor-1] INFO  client.GrpcClientProtocolClient (GrpcClientProtocolClient.java:onNext(264)) - client-734BBEB428D7->a5e38e3e-c2ad-4348-acb9-3fc25cfb14dd: receive RaftClientReply:client-734BBEB428D7->a5e38e3e-c2ad-4348-acb9-3fc25cfb14dd@group-7000B19605CB, cid=4362, SUCCESS, logIndex=6648, commits[a5e38e3e-c2ad-4348-acb9-3fc25cfb14dd:c6649, 11e48d46-e648-47f9-b6a0-9c7f26654c28:c6645, d1b6a90e-e817-40a7-bec1-608b5cc7d8b6:c6645]
2019-09-11 04:26:31,009 [grpc-default-executor-1] INFO  client.GrpcClientProtocolClient (GrpcClientProtocolClient.java:onNext(264)) - client-734BBEB428D7->a5e38e3e-c2ad-4348-acb9-3fc25cfb14dd: receive RaftClientReply:client-734BBEB428D7->a5e38e3e-c2ad-4348-acb9-3fc25cfb14dd@group-7000B19605CB, cid=4363, SUCCESS, logIndex=6649, commits[a5e38e3e-c2ad-4348-acb9-3fc25cfb14dd:c6649, 11e48d46-e648-47f9-b6a0-9c7f26654c28:c6645, d1b6a90e-e817-40a7-bec1-608b5cc7d8b6:c6645]
2019-09-11 04:26:31,011 [grpc-default-executor-2] INFO  client.GrpcClientProtocolClient (GrpcClientProtocolClient.java:onNext(264)) - client-734BBEB428D7->a5e38e3e-c2ad-4348-acb9-3fc25cfb14dd: receive RaftClientReply:client-734BBEB428D7->a5e38e3e-c2ad-4348-acb9-3fc25cfb14dd@group-7000B19605CB, cid=4364, SUCCESS, logIndex=0, commits[a5e38e3e-c2ad-4348-acb9-3fc25cfb14dd:c6653, 11e48d46-e648-47f9-b6a0-9c7f26654c28:c6647, d1b6a90e-e817-40a7-bec1-608b5cc7d8b6:c6649]
2019-09-11 04:26:31,030 [grpc-default-executor-3] INFO  client.GrpcClientProtocolClient (GrpcClientProtocolClient.java:onNext(264)) - client-734BBEB428D7->a5e38e3e-c2ad-4348-acb9-3fc25cfb14dd: receive RaftClientReply:client-734BBEB428D7->a5e38e3e-c2ad-4348-acb9-3fc25cfb14dd@group-7000B19605CB, cid=4365, SUCCESS, logIndex=6654, commits[a5e38e3e-c2ad-4348-acb9-3fc25cfb14dd:c6655, 11e48d46-e648-47f9-b6a0-9c7f26654c28:c6653, d1b6a90e-e817-40a7-bec1-608b5cc7d8b6:c6653]
2019-09-11 04:26:31,030 [grpc-default-executor-3] INFO  client.GrpcClientProtocolClient (GrpcClientProtocolClient.java:onNext(264)) - client-734BBEB428D7->a5e38e3e-c2ad-4348-acb9-3fc25cfb14dd: receive RaftClientReply:client-734BBEB428D7->a5e38e3e-c2ad-4348-acb9-3fc25cfb14dd@group-7000B19605CB, cid=4366, SUCCESS, logIndex=6655, commits[a5e38e3e-c2ad-4348-acb9-3fc25cfb14dd:c6655, 11e48d46-e648-47f9-b6a0-9c7f26654c28:c6653, d1b6a90e-e817-40a7-bec1-608b5cc7d8b6:c6653]
2019-09-11 04:26:31,043 [grpc-default-executor-2] INFO  client.GrpcClientProtocolClient (GrpcClientProtocolClient.java:onNext(264)) - client-734BBEB428D7->a5e38e3e-c2ad-4348-acb9-3fc25cfb14dd: receive RaftClientReply:client-734BBEB428D7->a5e38e3e-c2ad-4348-acb9-3fc25cfb14dd@group-7000B19605CB, cid=4367, SUCCESS, logIndex=6658, commits[a5e38e3e-c2ad-4348-acb9-3fc25cfb14dd:c6658, 11e48d46-e648-47f9-b6a0-9c7f26654c28:c6655, d1b6a90e-e817-40a7-bec1-608b5cc7d8b6:c6655]
2019-09-11 04:26:31,043 [grpc-default-executor-2] INFO  client.GrpcClientProtocolClient (GrpcClientProtocolClient.java:onNext(264)) - client-734BBEB428D7->a5e38e3e-c2ad-4348-acb9-3fc25cfb14dd: receive RaftClientReply:client-734BBEB428D7->a5e38e3e-c2ad-4348-acb9-3fc25cfb14dd@group-7000B19605CB, cid=4368, SUCCESS, logIndex=6659, commits[a5e38e3e-c2ad-4348-acb9-3fc25cfb14dd:c6659, 11e48d46-e648-47f9-b6a0-9c7f26654c28:c6655, d1b6a90e-e817-40a7-bec1-608b5cc7d8b6:c6655]
2019-09-11 04:26:31,046 [grpc-default-executor-2] INFO  client.GrpcClientProtocolClient (GrpcClientProtocolClient.java:onNext(264)) - client-734BBEB428D7->a5e38e3e-c2ad-4348-acb9-3fc25cfb14dd: receive RaftClientReply:client-734BBEB428D7->a5e38e3e-c2ad-4348-acb9-3fc25cfb14dd@group-7000B19605CB, cid=4369, SUCCESS, logIndex=0, commits[a5e38e3e-c2ad-4348-acb9-3fc25cfb14dd:c6661, 11e48d46-e648-47f9-b6a0-9c7f26654c28:c6659, d1b6a90e-e817-40a7-bec1-608b5cc7d8b6:c6659]
2019-09-11 04:26:31,086 [grpc-default-executor-1] INFO  client.GrpcClientProtocolClient (GrpcClientProtocolClient.java:onNext(264)) - client-734BBEB428D7->a5e38e3e-c2ad-4348-acb9-3fc25cfb14dd: receive RaftClientReply:client-734BBEB428D7->a5e38e3e-c2ad-4348-acb9-3fc25cfb14dd@group-7000B19605CB, cid=4370, SUCCESS, logIndex=6662, commits[a5e38e3e-c2ad-4348-acb9-3fc25cfb14dd:c6663, 11e48d46-e648-47f9-b6a0-9c7f26654c28:c6659, d1b6a90e-e817-40a7-bec1-608b5cc7d8b6:c6661]
2019-09-11 04:26:31,086 [grpc-default-executor-1] INFO  client.GrpcClientProtocolClient (GrpcClientProtocolClient.java:onNext(264)) - client-734BBEB428D7->a5e38e3e-c2ad-4348-acb9-3fc25cfb14dd: receive RaftClientReply:client-734BBEB428D7->a5e38e3e-c2ad-4348-acb9-3fc25cfb14dd@group-7000B19605CB, cid=4371, SUCCESS, logIndex=6663, commits[a5e38e3e-c2ad-4348-acb9-3fc25cfb14dd:c6665, 11e48d46-e648-47f9-b6a0-9c7f26654c28:c6659, d1b6a90e-e817-40a7-bec1-608b5cc7d8b6:c6661]
2019-09-11 04:26:31,087 [grpc-default-executor-1] INFO  client.GrpcClientProtocolClient (GrpcClientProtocolClient.java:onNext(264)) - client-734BBEB428D7->a5e38e3e-c2ad-4348-acb9-3fc25cfb14dd: receive RaftClientReply:client-734BBEB428D7->a5e38e3e-c2ad-4348-acb9-3fc25cfb14dd@group-7000B19605CB, cid=4372, SUCCESS, logIndex=6664, commits[a5e38e3e-c2ad-4348-acb9-3fc25cfb14dd:c6665, 11e48d46-e648-47f9-b6a0-9c7f26654c28:c6661, d1b6a90e-e817-40a7-bec1-608b5cc7d8b6:c6661]
2019-09-11 04:26:31,087 [grpc-default-executor-1] INFO  client.GrpcClientProtocolClient (GrpcClientProtocolClient.java:onNext(264)) - client-734BBEB428D7->a5e38e3e-c2ad-4348-acb9-3fc25cfb14dd: receive RaftClientReply:client-734BBEB428D7->a5e38e3e-c2ad-4348-acb9-3fc25cfb14dd@group-7000B19605CB, cid=4373, SUCCESS, logIndex=6665, commits[a5e38e3e-c2ad-4348-acb9-3fc25cfb14dd:c6665, 11e48d46-e648-47f9-b6a0-9c7f26654c28:c6661, d1b6a90e-e817-40a7-bec1-608b5cc7d8b6:c6661]
2019-09-11 04:26:31,099 [grpc-default-executor-1] INFO  client.GrpcClientProtocolClient (GrpcClientProtocolClient.java:onNext(264)) - client-734BBEB428D7->a5e38e3e-c2ad-4348-acb9-3fc25cfb14dd: receive RaftClientReply:client-734BBEB428D7->a5e38e3e-c2ad-4348-acb9-3fc25cfb14dd@group-7000B19605CB, cid=4374, SUCCESS, logIndex=0, commits[a5e38e3e-c2ad-4348-acb9-3fc25cfb14dd:c6668, 11e48d46-e648-47f9-b6a0-9c7f26654c28:c6663, d1b6a90e-e817-40a7-bec1-608b5cc7d8b6:c6664]
2019-09-11 04:26:31,117 [grpc-default-executor-3] INFO  client.GrpcClientProtocolClient (GrpcClientProtocolClient.java:onNext(264)) - client-734BBEB428D7->a5e38e3e-c2ad-4348-acb9-3fc25cfb14dd: receive RaftClientReply:client-734BBEB428D7->a5e38e3e-c2ad-4348-acb9-3fc25cfb14dd@group-7000B19605CB, cid=4375, SUCCESS, logIndex=6670, commits[a5e38e3e-c2ad-4348-acb9-3fc25cfb14dd:c6671, 11e48d46-e648-47f9-b6a0-9c7f26654c28:c6669, d1b6a90e-e817-40a7-bec1-608b5cc7d8b6:c6669]
2019-09-11 04:26:31,118 [grpc-default-executor-3] INFO  client.GrpcClientProtocolClient (GrpcClientProtocolClient.java:onNext(264)) - client-734BBEB428D7->a5e38e3e-c2ad-4348-acb9-3fc25cfb14dd: receive RaftClientReply:client-734BBEB428D7->a5e38e3e-c2ad-4348-acb9-3fc25cfb14dd@group-7000B19605CB, cid=4376, SUCCESS, logIndex=6671, commits[a5e38e3e-c2ad-4348-acb9-3fc25cfb14dd:c6671, 11e48d46-e648-47f9-b6a0-9c7f26654c28:c6669, d1b6a90e-e817-40a7-bec1-608b5cc7d8b6:c6669]
2019-09-11 04:26:31,129 [grpc-default-executor-1] INFO  client.GrpcClientProtocolClient (GrpcClientProtocolClient.java:onNext(264)) - client-734BBEB428D7->a5e38e3e-c2ad-4348-acb9-3fc25cfb14dd: receive RaftClientReply:client-734BBEB428D7->a5e38e3e-c2ad-4348-acb9-3fc25cfb14dd@group-7000B19605CB, cid=4377, SUCCESS, logIndex=6674, commits[a5e38e3e-c2ad-4348-acb9-3fc25cfb14dd:c6674, 11e48d46-e648-47f9-b6a0-9c7f26654c28:c6670, d1b6a90e-e817-40a7-bec1-608b5cc7d8b6:c6671]
2019-09-11 04:26:31,130 [grpc-default-executor-1] INFO  client.GrpcClientProtocolClient (GrpcClientProtocolClient.java:onNext(264)) - client-734BBEB428D7->a5e38e3e-c2ad-4348-acb9-3fc25cfb14dd: receive RaftClientReply:client-734BBEB428D7->a5e38e3e-c2ad-4348-acb9-3fc25cfb14dd@group-7000B19605CB, cid=4378, SUCCESS, logIndex=6675, commits[a5e38e3e-c2ad-4348-acb9-3fc25cfb14dd:c6675, 11e48d46-e648-47f9-b6a0-9c7f26654c28:c6671, d1b6a90e-e817-40a7-bec1-608b5cc7d8b6:c6671]
2019-09-11 04:26:31,143 [grpc-default-executor-1] INFO  client.GrpcClientProtocolClient (GrpcClientProtocolClient.java:onNext(264)) - client-734BBEB428D7->a5e38e3e-c2ad-4348-acb9-3fc25cfb14dd: receive RaftClientReply:client-734BBEB428D7->a5e38e3e-c2ad-4348-acb9-3fc25cfb14dd@group-7000B19605CB, cid=4379, SUCCESS, logIndex=0, commits[a5e38e3e-c2ad-4348-acb9-3fc25cfb14dd:c6677, 11e48d46-e648-47f9-b6a0-9c7f26654c28:c6675, d1b6a90e-e817-40a7-bec1-608b5cc7d8b6:c6675]
2019-09-11 04:26:31,171 [grpc-default-executor-2] INFO  client.GrpcClientProtocolClient (GrpcClientProtocolClient.java:onNext(264)) - client-734BBEB428D7->a5e38e3e-c2ad-4348-acb9-3fc25cfb14dd: receive RaftClientReply:client-734BBEB428D7->a5e38e3e-c2ad-4348-acb9-3fc25cfb14dd@group-7000B19605CB, cid=4380, SUCCESS, logIndex=6678, commits[a5e38e3e-c2ad-4348-acb9-3fc25cfb14dd:c6679, 11e48d46-e648-47f9-b6a0-9c7f26654c28:c6675, d1b6a90e-e817-40a7-bec1-608b5cc7d8b6:c6677]
2019-09-11 04:26:31,172 [grpc-default-executor-2] INFO  client.GrpcClientProtocolClient (GrpcClientProtocolClient.java:onNext(264)) - client-734BBEB428D7->a5e38e3e-c2ad-4348-acb9-3fc25cfb14dd: receive RaftClientReply:client-734BBEB428D7->a5e38e3e-c2ad-4348-acb9-3fc25cfb14dd@group-7000B19605CB, cid=4381, SUCCESS, logIndex=6679, commits[a5e38e3e-c2ad-4348-acb9-3fc25cfb14dd:c6679, 11e48d46-e648-47f9-b6a0-9c7f26654c28:c6677, d1b6a90e-e817-40a7-bec1-608b5cc7d8b6:c6677]
2019-09-11 04:26:31,172 [grpc-default-executor-2] INFO  client.GrpcClientProtocolClient (GrpcClientProtocolClient.java:onNext(264)) - client-734BBEB428D7->a5e38e3e-c2ad-4348-acb9-3fc25cfb14dd: receive RaftClientReply:client-734BBEB428D7->a5e38e3e-c2ad-4348-acb9-3fc25cfb14dd@group-7000B19605CB, cid=4382, SUCCESS, logIndex=6680, commits[a5e38e3e-c2ad-4348-acb9-3fc25cfb14dd:c6681, 11e48d46-e648-47f9-b6a0-9c7f26654c28:c6677, d1b6a90e-e817-40a7-bec1-608b5cc7d8b6:c6677]
2019-09-11 04:26:31,172 [grpc-default-executor-2] INFO  client.GrpcClientProtocolClient (GrpcClientProtocolClient.java:onNext(264)) - client-734BBEB428D7->a5e38e3e-c2ad-4348-acb9-3fc25cfb14dd: receive RaftClientReply:client-734BBEB428D7->a5e38e3e-c2ad-4348-acb9-3fc25cfb14dd@group-7000B19605CB, cid=4383, SUCCESS, logIndex=6681, commits[a5e38e3e-c2ad-4348-acb9-3fc25cfb14dd:c6681, 11e48d46-e648-47f9-b6a0-9c7f26654c28:c6677, d1b6a90e-e817-40a7-bec1-608b5cc7d8b6:c6677]
2019-09-11 04:26:31,173 [grpc-default-executor-2] INFO  client.GrpcClientProtocolClient (GrpcClientProtocolClient.java:onNext(264)) - client-734BBEB428D7->a5e38e3e-c2ad-4348-acb9-3fc25cfb14dd: receive RaftClientReply:client-734BBEB428D7->a5e38e3e-c2ad-4348-acb9-3fc25cfb14dd@group-7000B19605CB, cid=4384, SUCCESS, logIndex=0, commits[a5e38e3e-c2ad-4348-acb9-3fc25cfb14dd:c6683, 11e48d46-e648-47f9-b6a0-9c7f26654c28:c6679, d1b6a90e-e817-40a7-bec1-608b5cc7d8b6:c6679]
 0.00% |█                                                                                                    |  0/1 Time: 0:00:42 0.00% |█                                                                                                    |  0/1 Time: 0:00:43 0.00% |█                                                                                                    |  0/1 Time: 0:00:442019-09-11 04:26:34,179 [java.util.concurrent.ThreadPoolExecutor$Worker@390d431c[State = -1, empty queue]] WARN  server.GrpcLogAppender (GrpcLogAppender.java:timeoutAppendRequest(200)) - a5e38e3e-c2ad-4348-acb9-3fc25cfb14dd@group-7000B19605CB->11e48d46-e648-47f9-b6a0-9c7f26654c28-GrpcLogAppender: appendEntries Timeout, request=a5e38e3e-c2ad-4348-acb9-3fc25cfb14dd->11e48d46-e648-47f9-b6a0-9c7f26654c28#6693-t1, previous=(t:1, i:6685), leaderCommit=6685, initializing? false, entries: size=1, first=(t:1, i:6686), STATEMACHINELOGENTRY, client-734BBEB428D7, cid=4385
2019-09-11 04:26:34,179 [java.util.concurrent.ThreadPoolExecutor$Worker@72c9f50b[State = -1, empty queue]] WARN  server.GrpcLogAppender (GrpcLogAppender.java:timeoutAppendRequest(200)) - a5e38e3e-c2ad-4348-acb9-3fc25cfb14dd@group-7000B19605CB->d1b6a90e-e817-40a7-bec1-608b5cc7d8b6-GrpcLogAppender: appendEntries Timeout, request=a5e38e3e-c2ad-4348-acb9-3fc25cfb14dd->d1b6a90e-e817-40a7-bec1-608b5cc7d8b6#6693-t1, previous=(t:1, i:6685), leaderCommit=6685, initializing? false, entries: size=1, first=(t:1, i:6686), STATEMACHINELOGENTRY, client-734BBEB428D7, cid=4385
2019-09-11 04:26:34,180 [java.util.concurrent.ThreadPoolExecutor$Worker@390d431c[State = -1, empty queue]] WARN  server.GrpcLogAppender (GrpcLogAppender.java:timeoutAppendRequest(200)) - a5e38e3e-c2ad-4348-acb9-3fc25cfb14dd@group-7000B19605CB->11e48d46-e648-47f9-b6a0-9c7f26654c28-GrpcLogAppender: appendEntries Timeout, request=a5e38e3e-c2ad-4348-acb9-3fc25cfb14dd->11e48d46-e648-47f9-b6a0-9c7f26654c28#6694-t1, previous=(t:1, i:6686), leaderCommit=6685, initializing? false, entries: size=1, first=(t:1, i:6687), STATEMACHINELOGENTRY, client-734BBEB428D7, cid=4386
2019-09-11 04:26:34,182 [java.util.concurrent.ThreadPoolExecutor$Worker@72c9f50b[State = -1, empty queue]] WARN  server.GrpcLogAppender (GrpcLogAppender.java:timeoutAppendRequest(200)) - a5e38e3e-c2ad-4348-acb9-3fc25cfb14dd@group-7000B19605CB->d1b6a90e-e817-40a7-bec1-608b5cc7d8b6-GrpcLogAppender: appendEntries Timeout, request=a5e38e3e-c2ad-4348-acb9-3fc25cfb14dd->d1b6a90e-e817-40a7-bec1-608b5cc7d8b6#6694-t1, previous=(t:1, i:6686), leaderCommit=6685, initializing? false, entries: size=1, first=(t:1, i:6687), STATEMACHINELOGENTRY, client-734BBEB428D7, cid=4386
 0.00% |█                                                                                                    |  0/1 Time: 0:00:45 0.00% |█                                                                                                    |  0/1 Time: 0:00:462019-09-11 04:26:36,264 [grpc-default-executor-2] INFO  client.GrpcClientProtocolClient (GrpcClientProtocolClient.java:onNext(264)) - client-734BBEB428D7->11e48d46-e648-47f9-b6a0-9c7f26654c28: receive RaftClientReply:client-734BBEB428D7->11e48d46-e648-47f9-b6a0-9c7f26654c28@group-7000B19605CB, cid=4385, FAILED org.apache.ratis.protocol.NotLeaderException: Server 11e48d46-e648-47f9-b6a0-9c7f26654c28@group-7000B19605CB is not the leader a5e38e3e-c2ad-4348-acb9-3fc25cfb14dd:192.168.34.53:37772, logIndex=0, commits[11e48d46-e648-47f9-b6a0-9c7f26654c28:c6685, d1b6a90e-e817-40a7-bec1-608b5cc7d8b6:c6681, a5e38e3e-c2ad-4348-acb9-3fc25cfb14dd:c6685]
 0.00% |█                                                                                                    |  0/1 Time: 0:00:472019-09-11 04:26:36,680 [java.util.concurrent.ThreadPoolExecutor$Worker@390d431c[State = -1, empty queue]] WARN  server.GrpcLogAppender (GrpcLogAppender.java:timeoutAppendRequest(200)) - a5e38e3e-c2ad-4348-acb9-3fc25cfb14dd@group-7000B19605CB->11e48d46-e648-47f9-b6a0-9c7f26654c28-GrpcLogAppender: appendEntries Timeout, request=a5e38e3e-c2ad-4348-acb9-3fc25cfb14dd->11e48d46-e648-47f9-b6a0-9c7f26654c28#6695-t1, previous=(t:1, i:6687), leaderCommit=6685, initializing? false, entries: <empty>
2019-09-11 04:26:36,680 [java.util.concurrent.ThreadPoolExecutor$Worker@72c9f50b[State = -1, empty queue]] WARN  server.GrpcLogAppender (GrpcLogAppender.java:timeoutAppendRequest(200)) - a5e38e3e-c2ad-4348-acb9-3fc25cfb14dd@group-7000B19605CB->d1b6a90e-e817-40a7-bec1-608b5cc7d8b6-GrpcLogAppender: appendEntries Timeout, request=a5e38e3e-c2ad-4348-acb9-3fc25cfb14dd->d1b6a90e-e817-40a7-bec1-608b5cc7d8b6#6695-t1, previous=(t:1, i:6687), leaderCommit=6685, initializing? false, entries: <empty>
 0.00% |█                                                                                                    |  0/1 Time: 0:00:482019-09-11 04:26:37,934 [grpc-default-executor-1] WARN  server.GrpcLogAppender (GrpcLogAppender.java:onNextImpl(251)) - a5e38e3e-c2ad-4348-acb9-3fc25cfb14dd@group-7000B19605CB->d1b6a90e-e817-40a7-bec1-608b5cc7d8b6-AppendLogResponseHandler: Request not found, ignoring reply: a5e38e3e-c2ad-4348-acb9-3fc25cfb14dd<-d1b6a90e-e817-40a7-bec1-608b5cc7d8b6#6693:OK,SUCCESS,nextIndex:6687,term:1,followerCommit:6685
2019-09-11 04:26:37,934 [grpc-default-executor-4] WARN  server.GrpcLogAppender (GrpcLogAppender.java:onNextImpl(251)) - a5e38e3e-c2ad-4348-acb9-3fc25cfb14dd@group-7000B19605CB->11e48d46-e648-47f9-b6a0-9c7f26654c28-AppendLogResponseHandler: Request not found, ignoring reply: a5e38e3e-c2ad-4348-acb9-3fc25cfb14dd<-11e48d46-e648-47f9-b6a0-9c7f26654c28#6693:OK,SUCCESS,nextIndex:6687,term:1,followerCommit:6685
2019-09-11 04:26:37,935 [grpc-default-executor-1] WARN  server.GrpcLogAppender (GrpcLogAppender.java:onNextImpl(251)) - a5e38e3e-c2ad-4348-acb9-3fc25cfb14dd@group-7000B19605CB->d1b6a90e-e817-40a7-bec1-608b5cc7d8b6-AppendLogResponseHandler: Request not found, ignoring reply: a5e38e3e-c2ad-4348-acb9-3fc25cfb14dd<-d1b6a90e-e817-40a7-bec1-608b5cc7d8b6#6694:OK,SUCCESS,nextIndex:6688,term:1,followerCommit:6685
2019-09-11 04:26:37,935 [grpc-default-executor-4] WARN  server.GrpcLogAppender (GrpcLogAppender.java:onNextImpl(251)) - a5e38e3e-c2ad-4348-acb9-3fc25cfb14dd@group-7000B19605CB->11e48d46-e648-47f9-b6a0-9c7f26654c28-AppendLogResponseHandler: Request not found, ignoring reply: a5e38e3e-c2ad-4348-acb9-3fc25cfb14dd<-11e48d46-e648-47f9-b6a0-9c7f26654c28#6694:OK,SUCCESS,nextIndex:6688,term:1,followerCommit:6685
2019-09-11 04:26:37,935 [grpc-default-executor-1] WARN  server.GrpcLogAppender (GrpcLogAppender.java:onNextImpl(251)) - a5e38e3e-c2ad-4348-acb9-3fc25cfb14dd@group-7000B19605CB->d1b6a90e-e817-40a7-bec1-608b5cc7d8b6-AppendLogResponseHandler: Request not found, ignoring reply: a5e38e3e-c2ad-4348-acb9-3fc25cfb14dd<-d1b6a90e-e817-40a7-bec1-608b5cc7d8b6#6695:OK,SUCCESS,nextIndex:6688,term:1,followerCommit:6685
2019-09-11 04:26:37,936 [grpc-default-executor-4] WARN  server.GrpcLogAppender (GrpcLogAppender.java:onNextImpl(251)) - a5e38e3e-c2ad-4348-acb9-3fc25cfb14dd@group-7000B19605CB->11e48d46-e648-47f9-b6a0-9c7f26654c28-AppendLogResponseHandler: Request not found, ignoring reply: a5e38e3e-c2ad-4348-acb9-3fc25cfb14dd<-11e48d46-e648-47f9-b6a0-9c7f26654c28#6695:OK,SUCCESS,nextIndex:6688,term:1,followerCommit:6685
2019-09-11 04:26:37,952 [grpc-default-executor-4] INFO  client.GrpcClientProtocolClient (GrpcClientProtocolClient.java:onNext(264)) - client-734BBEB428D7->a5e38e3e-c2ad-4348-acb9-3fc25cfb14dd: receive RaftClientReply:client-734BBEB428D7->a5e38e3e-c2ad-4348-acb9-3fc25cfb14dd@group-7000B19605CB, cid=4385, SUCCESS, logIndex=6686, commits[a5e38e3e-c2ad-4348-acb9-3fc25cfb14dd:c6687, 11e48d46-e648-47f9-b6a0-9c7f26654c28:c6685, d1b6a90e-e817-40a7-bec1-608b5cc7d8b6:c6685]
2019-09-11 04:26:37,973 [grpc-default-executor-4] INFO  client.GrpcClientProtocolClient (GrpcClientProtocolClient.java:onNext(264)) - client-734BBEB428D7->a5e38e3e-c2ad-4348-acb9-3fc25cfb14dd: receive RaftClientReply:client-734BBEB428D7->a5e38e3e-c2ad-4348-acb9-3fc25cfb14dd@group-7000B19605CB, cid=4386, SUCCESS, logIndex=6687, commits[a5e38e3e-c2ad-4348-acb9-3fc25cfb14dd:c6687, 11e48d46-e648-47f9-b6a0-9c7f26654c28:c6685, d1b6a90e-e817-40a7-bec1-608b5cc7d8b6:c6685]
2019-09-11 04:26:38,005 [grpc-default-executor-4] INFO  client.GrpcClientProtocolClient (GrpcClientProtocolClient.java:onNext(264)) - client-734BBEB428D7->a5e38e3e-c2ad-4348-acb9-3fc25cfb14dd: receive RaftClientReply:client-734BBEB428D7->a5e38e3e-c2ad-4348-acb9-3fc25cfb14dd@group-7000B19605CB, cid=4387, SUCCESS, logIndex=6689, commits[a5e38e3e-c2ad-4348-acb9-3fc25cfb14dd:c6690, 11e48d46-e648-47f9-b6a0-9c7f26654c28:c6688, d1b6a90e-e817-40a7-bec1-608b5cc7d8b6:c6688]
2019-09-11 04:26:38,006 [grpc-default-executor-4] INFO  client.GrpcClientProtocolClient (GrpcClientProtocolClient.java:onNext(264)) - client-734BBEB428D7->a5e38e3e-c2ad-4348-acb9-3fc25cfb14dd: receive RaftClientReply:client-734BBEB428D7->a5e38e3e-c2ad-4348-acb9-3fc25cfb14dd@group-7000B19605CB, cid=4388, SUCCESS, logIndex=6690, commits[a5e38e3e-c2ad-4348-acb9-3fc25cfb14dd:c6690, 11e48d46-e648-47f9-b6a0-9c7f26654c28:c6688, d1b6a90e-e817-40a7-bec1-608b5cc7d8b6:c6688]
2019-09-11 04:26:38,020 [grpc-default-executor-4] INFO  client.GrpcClientProtocolClient (GrpcClientProtocolClient.java:onNext(264)) - client-734BBEB428D7->a5e38e3e-c2ad-4348-acb9-3fc25cfb14dd: receive RaftClientReply:client-734BBEB428D7->a5e38e3e-c2ad-4348-acb9-3fc25cfb14dd@group-7000B19605CB, cid=4389, SUCCESS, logIndex=0, commits[a5e38e3e-c2ad-4348-acb9-3fc25cfb14dd:c6691, 11e48d46-e648-47f9-b6a0-9c7f26654c28:c6690, d1b6a90e-e817-40a7-bec1-608b5cc7d8b6:c6690]
 0.00% |█                                                                                                    |  0/1 Time: 0:00:492019-09-11 04:26:38,587 [grpc-default-executor-2] INFO  client.GrpcClientProtocolClient (GrpcClientProtocolClient.java:onNext(264)) - client-734BBEB428D7->a5e38e3e-c2ad-4348-acb9-3fc25cfb14dd: receive RaftClientReply:client-734BBEB428D7->a5e38e3e-c2ad-4348-acb9-3fc25cfb14dd@group-7000B19605CB, cid=4390, SUCCESS, logIndex=6693, commits[a5e38e3e-c2ad-4348-acb9-3fc25cfb14dd:c6694, 11e48d46-e648-47f9-b6a0-9c7f26654c28:c6692, d1b6a90e-e817-40a7-bec1-608b5cc7d8b6:c6692]
2019-09-11 04:26:38,588 [grpc-default-executor-2] INFO  client.GrpcClientProtocolClient (GrpcClientProtocolClient.java:onNext(264)) - client-734BBEB428D7->a5e38e3e-c2ad-4348-acb9-3fc25cfb14dd: receive RaftClientReply:client-734BBEB428D7->a5e38e3e-c2ad-4348-acb9-3fc25cfb14dd@group-7000B19605CB, cid=4391, SUCCESS, logIndex=6694, commits[a5e38e3e-c2ad-4348-acb9-3fc25cfb14dd:c6696, 11e48d46-e648-47f9-b6a0-9c7f26654c28:c6692, d1b6a90e-e817-40a7-bec1-608b5cc7d8b6:c6692]
2019-09-11 04:26:38,588 [grpc-default-executor-2] INFO  client.GrpcClientProtocolClient (GrpcClientProtocolClient.java:onNext(264)) - client-734BBEB428D7->a5e38e3e-c2ad-4348-acb9-3fc25cfb14dd: receive RaftClientReply:client-734BBEB428D7->a5e38e3e-c2ad-4348-acb9-3fc25cfb14dd@group-7000B19605CB, cid=4392, SUCCESS, logIndex=6695, commits[a5e38e3e-c2ad-4348-acb9-3fc25cfb14dd:c6696, 11e48d46-e648-47f9-b6a0-9c7f26654c28:c6692, d1b6a90e-e817-40a7-bec1-608b5cc7d8b6:c6692]
2019-09-11 04:26:38,589 [grpc-default-executor-2] INFO  client.GrpcClientProtocolClient (GrpcClientProtocolClient.java:onNext(264)) - client-734BBEB428D7->a5e38e3e-c2ad-4348-acb9-3fc25cfb14dd: receive RaftClientReply:client-734BBEB428D7->a5e38e3e-c2ad-4348-acb9-3fc25cfb14dd@group-7000B19605CB, cid=4393, SUCCESS, logIndex=6696, commits[a5e38e3e-c2ad-4348-acb9-3fc25cfb14dd:c6696, 11e48d46-e648-47f9-b6a0-9c7f26654c28:c6692, d1b6a90e-e817-40a7-bec1-608b5cc7d8b6:c6692]
2019-09-11 04:26:38,601 [grpc-default-executor-2] INFO  client.GrpcClientProtocolClient (GrpcClientProtocolClient.java:onNext(264)) - client-734BBEB428D7->a5e38e3e-c2ad-4348-acb9-3fc25cfb14dd: receive RaftClientReply:client-734BBEB428D7->a5e38e3e-c2ad-4348-acb9-3fc25cfb14dd@group-7000B19605CB, cid=4394, SUCCESS, logIndex=0, commits[a5e38e3e-c2ad-4348-acb9-3fc25cfb14dd:c6697, 11e48d46-e648-47f9-b6a0-9c7f26654c28:c6694, d1b6a90e-e817-40a7-bec1-608b5cc7d8b6:c6694]
2019-09-11 04:26:38,624 [grpc-default-executor-4] INFO  client.GrpcClientProtocolClient (GrpcClientProtocolClient.java:onNext(264)) - client-734BBEB428D7->a5e38e3e-c2ad-4348-acb9-3fc25cfb14dd: receive RaftClientReply:client-734BBEB428D7->a5e38e3e-c2ad-4348-acb9-3fc25cfb14dd@group-7000B19605CB, cid=4395, SUCCESS, logIndex=6701, commits[a5e38e3e-c2ad-4348-acb9-3fc25cfb14dd:c6702, 11e48d46-e648-47f9-b6a0-9c7f26654c28:c6696, d1b6a90e-e817-40a7-bec1-608b5cc7d8b6:c6700]
2019-09-11 04:26:38,625 [grpc-default-executor-4] INFO  client.GrpcClientProtocolClient (GrpcClientProtocolClient.java:onNext(264)) - client-734BBEB428D7->a5e38e3e-c2ad-4348-acb9-3fc25cfb14dd: receive RaftClientReply:client-734BBEB428D7->a5e38e3e-c2ad-4348-acb9-3fc25cfb14dd@group-7000B19605CB, cid=4396, SUCCESS, logIndex=6702, commits[a5e38e3e-c2ad-4348-acb9-3fc25cfb14dd:c6702, 11e48d46-e648-47f9-b6a0-9c7f26654c28:c6700, d1b6a90e-e817-40a7-bec1-608b5cc7d8b6:c6700]
2019-09-11 04:26:38,650 [grpc-default-executor-4] INFO  client.GrpcClientProtocolClient (GrpcClientProtocolClient.java:onNext(264)) - client-734BBEB428D7->a5e38e3e-c2ad-4348-acb9-3fc25cfb14dd: receive RaftClientReply:client-734BBEB428D7->a5e38e3e-c2ad-4348-acb9-3fc25cfb14dd@group-7000B19605CB, cid=4397, SUCCESS, logIndex=6705, commits[a5e38e3e-c2ad-4348-acb9-3fc25cfb14dd:c6706, 11e48d46-e648-47f9-b6a0-9c7f26654c28:c6702, d1b6a90e-e817-40a7-bec1-608b5cc7d8b6:c6702]
2019-09-11 04:26:38,650 [grpc-default-executor-4] INFO  client.GrpcClientProtocolClient (GrpcClientProtocolClient.java:onNext(264)) - client-734BBEB428D7->a5e38e3e-c2ad-4348-acb9-3fc25cfb14dd: receive RaftClientReply:client-734BBEB428D7->a5e38e3e-c2ad-4348-acb9-3fc25cfb14dd@group-7000B19605CB, cid=4398, SUCCESS, logIndex=6706, commits[a5e38e3e-c2ad-4348-acb9-3fc25cfb14dd:c6706, 11e48d46-e648-47f9-b6a0-9c7f26654c28:c6702, d1b6a90e-e817-40a7-bec1-608b5cc7d8b6:c6702]
2019-09-11 04:26:38,663 [grpc-default-executor-4] INFO  client.GrpcClientProtocolClient (GrpcClientProtocolClient.java:onNext(264)) - client-734BBEB428D7->a5e38e3e-c2ad-4348-acb9-3fc25cfb14dd: receive RaftClientReply:client-734BBEB428D7->a5e38e3e-c2ad-4348-acb9-3fc25cfb14dd@group-7000B19605CB, cid=4399, SUCCESS, logIndex=0, commits[a5e38e3e-c2ad-4348-acb9-3fc25cfb14dd:c6708, 11e48d46-e648-47f9-b6a0-9c7f26654c28:c6706, d1b6a90e-e817-40a7-bec1-608b5cc7d8b6:c6706]
2019-09-11 04:26:38,712 [grpc-default-executor-2] INFO  client.GrpcClientProtocolClient (GrpcClientProtocolClient.java:onNext(264)) - client-734BBEB428D7->a5e38e3e-c2ad-4348-acb9-3fc25cfb14dd: receive RaftClientReply:client-734BBEB428D7->a5e38e3e-c2ad-4348-acb9-3fc25cfb14dd@group-7000B19605CB, cid=4400, SUCCESS, logIndex=6709, commits[a5e38e3e-c2ad-4348-acb9-3fc25cfb14dd:c6712, 11e48d46-e648-47f9-b6a0-9c7f26654c28:c6708, d1b6a90e-e817-40a7-bec1-608b5cc7d8b6:c6708]
2019-09-11 04:26:38,712 [grpc-default-executor-2] INFO  client.GrpcClientProtocolClient (GrpcClientProtocolClient.java:onNext(264)) - client-734BBEB428D7->a5e38e3e-c2ad-4348-acb9-3fc25cfb14dd: receive RaftClientReply:client-734BBEB428D7->a5e38e3e-c2ad-4348-acb9-3fc25cfb14dd@group-7000B19605CB, cid=4401, SUCCESS, logIndex=6710, commits[a5e38e3e-c2ad-4348-acb9-3fc25cfb14dd:c6712, 11e48d46-e648-47f9-b6a0-9c7f26654c28:c6708, d1b6a90e-e817-40a7-bec1-608b5cc7d8b6:c6708]
2019-09-11 04:26:38,713 [grpc-default-executor-2] INFO  client.GrpcClientProtocolClient (GrpcClientProtocolClient.java:onNext(264)) - client-734BBEB428D7->a5e38e3e-c2ad-4348-acb9-3fc25cfb14dd: receive RaftClientReply:client-734BBEB428D7->a5e38e3e-c2ad-4348-acb9-3fc25cfb14dd@group-7000B19605CB, cid=4402, SUCCESS, logIndex=6711, commits[a5e38e3e-c2ad-4348-acb9-3fc25cfb14dd:c6712, 11e48d46-e648-47f9-b6a0-9c7f26654c28:c6708, d1b6a90e-e817-40a7-bec1-608b5cc7d8b6:c6708]
2019-09-11 04:26:38,714 [grpc-default-executor-2] INFO  client.GrpcClientProtocolClient (GrpcClientProtocolClient.java:onNext(264)) - client-734BBEB428D7->a5e38e3e-c2ad-4348-acb9-3fc25cfb14dd: receive RaftClientReply:client-734BBEB428D7->a5e38e3e-c2ad-4348-acb9-3fc25cfb14dd@group-7000B19605CB, cid=4403, SUCCESS, logIndex=6712, commits[a5e38e3e-c2ad-4348-acb9-3fc25cfb14dd:c6712, 11e48d46-e648-47f9-b6a0-9c7f26654c28:c6708, d1b6a90e-e817-40a7-bec1-608b5cc7d8b6:c6708]
2019-09-11 04:26:38,716 [grpc-default-executor-2] INFO  client.GrpcClientProtocolClient (GrpcClientProtocolClient.java:onNext(264)) - client-734BBEB428D7->a5e38e3e-c2ad-4348-acb9-3fc25cfb14dd: receive RaftClientReply:client-734BBEB428D7->a5e38e3e-c2ad-4348-acb9-3fc25cfb14dd@group-7000B19605CB, cid=4404, SUCCESS, logIndex=0, commits[a5e38e3e-c2ad-4348-acb9-3fc25cfb14dd:c6716, 11e48d46-e648-47f9-b6a0-9c7f26654c28:c6712, d1b6a90e-e817-40a7-bec1-608b5cc7d8b6:c6712]
2019-09-11 04:26:38,737 [grpc-default-executor-4] INFO  client.GrpcClientProtocolClient (GrpcClientProtocolClient.java:onNext(264)) - client-734BBEB428D7->a5e38e3e-c2ad-4348-acb9-3fc25cfb14dd: receive RaftClientReply:client-734BBEB428D7->a5e38e3e-c2ad-4348-acb9-3fc25cfb14dd@group-7000B19605CB, cid=4405, SUCCESS, logIndex=6717, commits[a5e38e3e-c2ad-4348-acb9-3fc25cfb14dd:c6718, 11e48d46-e648-47f9-b6a0-9c7f26654c28:c6716, d1b6a90e-e817-40a7-bec1-608b5cc7d8b6:c6716]
2019-09-11 04:26:38,737 [grpc-default-executor-4] INFO  client.GrpcClientProtocolClient (GrpcClientProtocolClient.java:onNext(264)) - client-734BBEB428D7->a5e38e3e-c2ad-4348-acb9-3fc25cfb14dd: receive RaftClientReply:client-734BBEB428D7->a5e38e3e-c2ad-4348-acb9-3fc25cfb14dd@group-7000B19605CB, cid=4406, SUCCESS, logIndex=6718, commits[a5e38e3e-c2ad-4348-acb9-3fc25cfb14dd:c6718, 11e48d46-e648-47f9-b6a0-9c7f26654c28:c6716, d1b6a90e-e817-40a7-bec1-608b5cc7d8b6:c6716]
2019-09-11 04:26:38,751 [grpc-default-executor-4] INFO  client.GrpcClientProtocolClient (GrpcClientProtocolClient.java:onNext(264)) - client-734BBEB428D7->a5e38e3e-c2ad-4348-acb9-3fc25cfb14dd: receive RaftClientReply:client-734BBEB428D7->a5e38e3e-c2ad-4348-acb9-3fc25cfb14dd@group-7000B19605CB, cid=4407, SUCCESS, logIndex=6721, commits[a5e38e3e-c2ad-4348-acb9-3fc25cfb14dd:c6722, 11e48d46-e648-47f9-b6a0-9c7f26654c28:c6718, d1b6a90e-e817-40a7-bec1-608b5cc7d8b6:c6718]
2019-09-11 04:26:38,752 [grpc-default-executor-4] INFO  client.GrpcClientProtocolClient (GrpcClientProtocolClient.java:onNext(264)) - client-734BBEB428D7->a5e38e3e-c2ad-4348-acb9-3fc25cfb14dd: receive RaftClientReply:client-734BBEB428D7->a5e38e3e-c2ad-4348-acb9-3fc25cfb14dd@group-7000B19605CB, cid=4408, SUCCESS, logIndex=6722, commits[a5e38e3e-c2ad-4348-acb9-3fc25cfb14dd:c6722, 11e48d46-e648-47f9-b6a0-9c7f26654c28:c6718, d1b6a90e-e817-40a7-bec1-608b5cc7d8b6:c6718]
2019-09-11 04:26:38,754 [grpc-default-executor-4] INFO  client.GrpcClientProtocolClient (GrpcClientProtocolClient.java:onNext(264)) - client-734BBEB428D7->a5e38e3e-c2ad-4348-acb9-3fc25cfb14dd: receive RaftClientReply:client-734BBEB428D7->a5e38e3e-c2ad-4348-acb9-3fc25cfb14dd@group-7000B19605CB, cid=4409, SUCCESS, logIndex=0, commits[a5e38e3e-c2ad-4348-acb9-3fc25cfb14dd:c6724, 11e48d46-e648-47f9-b6a0-9c7f26654c28:c6722, d1b6a90e-e817-40a7-bec1-608b5cc7d8b6:c6722]
2019-09-11 04:26:38,795 [grpc-default-executor-2] INFO  client.GrpcClientProtocolClient (GrpcClientProtocolClient.java:onNext(264)) - client-734BBEB428D7->a5e38e3e-c2ad-4348-acb9-3fc25cfb14dd: receive RaftClientReply:client-734BBEB428D7->a5e38e3e-c2ad-4348-acb9-3fc25cfb14dd@group-7000B19605CB, cid=4410, SUCCESS, logIndex=6725, commits[a5e38e3e-c2ad-4348-acb9-3fc25cfb14dd:c6726, 11e48d46-e648-47f9-b6a0-9c7f26654c28:c6722, d1b6a90e-e817-40a7-bec1-608b5cc7d8b6:c6724]
2019-09-11 04:26:38,797 [grpc-default-executor-2] INFO  client.GrpcClientProtocolClient (GrpcClientProtocolClient.java:onNext(264)) - client-734BBEB428D7->a5e38e3e-c2ad-4348-acb9-3fc25cfb14dd: receive RaftClientReply:client-734BBEB428D7->a5e38e3e-c2ad-4348-acb9-3fc25cfb14dd@group-7000B19605CB, cid=4411, SUCCESS, logIndex=6726, commits[a5e38e3e-c2ad-4348-acb9-3fc25cfb14dd:c6728, 11e48d46-e648-47f9-b6a0-9c7f26654c28:c6724, d1b6a90e-e817-40a7-bec1-608b5cc7d8b6:c6724]
2019-09-11 04:26:38,797 [grpc-default-executor-2] INFO  client.GrpcClientProtocolClient (GrpcClientProtocolClient.java:onNext(264)) - client-734BBEB428D7->a5e38e3e-c2ad-4348-acb9-3fc25cfb14dd: receive RaftClientReply:client-734BBEB428D7->a5e38e3e-c2ad-4348-acb9-3fc25cfb14dd@group-7000B19605CB, cid=4412, SUCCESS, logIndex=6727, commits[a5e38e3e-c2ad-4348-acb9-3fc25cfb14dd:c6728, 11e48d46-e648-47f9-b6a0-9c7f26654c28:c6724, d1b6a90e-e817-40a7-bec1-608b5cc7d8b6:c6724]
2019-09-11 04:26:38,798 [grpc-default-executor-2] INFO  client.GrpcClientProtocolClient (GrpcClientProtocolClient.java:onNext(264)) - client-734BBEB428D7->a5e38e3e-c2ad-4348-acb9-3fc25cfb14dd: receive RaftClientReply:client-734BBEB428D7->a5e38e3e-c2ad-4348-acb9-3fc25cfb14dd@group-7000B19605CB, cid=4413, SUCCESS, logIndex=6728, commits[a5e38e3e-c2ad-4348-acb9-3fc25cfb14dd:c6728, 11e48d46-e648-47f9-b6a0-9c7f26654c28:c6724, d1b6a90e-e817-40a7-bec1-608b5cc7d8b6:c6724]
2019-09-11 04:26:38,799 [grpc-default-executor-4] INFO  client.GrpcClientProtocolClient (GrpcClientProtocolClient.java:onNext(264)) - client-734BBEB428D7->a5e38e3e-c2ad-4348-acb9-3fc25cfb14dd: receive RaftClientReply:client-734BBEB428D7->a5e38e3e-c2ad-4348-acb9-3fc25cfb14dd@group-7000B19605CB, cid=4414, SUCCESS, logIndex=0, commits[a5e38e3e-c2ad-4348-acb9-3fc25cfb14dd:c6732, 11e48d46-e648-47f9-b6a0-9c7f26654c28:c6726, d1b6a90e-e817-40a7-bec1-608b5cc7d8b6:c6728]
2019-09-11 04:26:38,818 [grpc-default-executor-4] INFO  client.GrpcClientProtocolClient (GrpcClientProtocolClient.java:onNext(264)) - client-734BBEB428D7->a5e38e3e-c2ad-4348-acb9-3fc25cfb14dd: receive RaftClientReply:client-734BBEB428D7->a5e38e3e-c2ad-4348-acb9-3fc25cfb14dd@group-7000B19605CB, cid=4415, SUCCESS, logIndex=6733, commits[a5e38e3e-c2ad-4348-acb9-3fc25cfb14dd:c6734, 11e48d46-e648-47f9-b6a0-9c7f26654c28:c6732, d1b6a90e-e817-40a7-bec1-608b5cc7d8b6:c6732]
2019-09-11 04:26:38,819 [grpc-default-executor-4] INFO  client.GrpcClientProtocolClient (GrpcClientProtocolClient.java:onNext(264)) - client-734BBEB428D7->a5e38e3e-c2ad-4348-acb9-3fc25cfb14dd: receive RaftClientReply:client-734BBEB428D7->a5e38e3e-c2ad-4348-acb9-3fc25cfb14dd@group-7000B19605CB, cid=4416, SUCCESS, logIndex=6734, commits[a5e38e3e-c2ad-4348-acb9-3fc25cfb14dd:c6734, 11e48d46-e648-47f9-b6a0-9c7f26654c28:c6732, d1b6a90e-e817-40a7-bec1-608b5cc7d8b6:c6732]
2019-09-11 04:26:38,841 [grpc-default-executor-3] INFO  client.GrpcClientProtocolClient (GrpcClientProtocolClient.java:onNext(264)) - client-734BBEB428D7->a5e38e3e-c2ad-4348-acb9-3fc25cfb14dd: receive RaftClientReply:client-734BBEB428D7->a5e38e3e-c2ad-4348-acb9-3fc25cfb14dd@group-7000B19605CB, cid=4417, SUCCESS, logIndex=6737, commits[a5e38e3e-c2ad-4348-acb9-3fc25cfb14dd:c6738, 11e48d46-e648-47f9-b6a0-9c7f26654c28:c6734, d1b6a90e-e817-40a7-bec1-608b5cc7d8b6:c6734]
2019-09-11 04:26:38,842 [grpc-default-executor-3] INFO  client.GrpcClientProtocolClient (GrpcClientProtocolClient.java:onNext(264)) - client-734BBEB428D7->a5e38e3e-c2ad-4348-acb9-3fc25cfb14dd: receive RaftClientReply:client-734BBEB428D7->a5e38e3e-c2ad-4348-acb9-3fc25cfb14dd@group-7000B19605CB, cid=4418, SUCCESS, logIndex=6738, commits[a5e38e3e-c2ad-4348-acb9-3fc25cfb14dd:c6738, 11e48d46-e648-47f9-b6a0-9c7f26654c28:c6734, d1b6a90e-e817-40a7-bec1-608b5cc7d8b6:c6734]
2019-09-11 04:26:38,843 [grpc-default-executor-3] INFO  client.GrpcClientProtocolClient (GrpcClientProtocolClient.java:onNext(264)) - client-734BBEB428D7->a5e38e3e-c2ad-4348-acb9-3fc25cfb14dd: receive RaftClientReply:client-734BBEB428D7->a5e38e3e-c2ad-4348-acb9-3fc25cfb14dd@group-7000B19605CB, cid=4419, SUCCESS, logIndex=0, commits[a5e38e3e-c2ad-4348-acb9-3fc25cfb14dd:c6739, 11e48d46-e648-47f9-b6a0-9c7f26654c28:c6738, d1b6a90e-e817-40a7-bec1-608b5cc7d8b6:c6738]
2019-09-11 04:26:38,882 [grpc-default-executor-3] INFO  client.GrpcClientProtocolClient (GrpcClientProtocolClient.java:onNext(264)) - client-734BBEB428D7->a5e38e3e-c2ad-4348-acb9-3fc25cfb14dd: receive RaftClientReply:client-734BBEB428D7->a5e38e3e-c2ad-4348-acb9-3fc25cfb14dd@group-7000B19605CB, cid=4420, SUCCESS, logIndex=6741, commits[a5e38e3e-c2ad-4348-acb9-3fc25cfb14dd:c6742, 11e48d46-e648-47f9-b6a0-9c7f26654c28:c6738, d1b6a90e-e817-40a7-bec1-608b5cc7d8b6:c6740]
2019-09-11 04:26:38,883 [grpc-default-executor-3] INFO  client.GrpcClientProtocolClient (GrpcClientProtocolClient.java:onNext(264)) - client-734BBEB428D7->a5e38e3e-c2ad-4348-acb9-3fc25cfb14dd: receive RaftClientReply:client-734BBEB428D7->a5e38e3e-c2ad-4348-acb9-3fc25cfb14dd@group-7000B19605CB, cid=4421, SUCCESS, logIndex=6742, commits[a5e38e3e-c2ad-4348-acb9-3fc25cfb14dd:c6742, 11e48d46-e648-47f9-b6a0-9c7f26654c28:c6738, d1b6a90e-e817-40a7-bec1-608b5cc7d8b6:c6740]
2019-09-11 04:26:38,885 [grpc-default-executor-3] INFO  client.GrpcClientProtocolClient (GrpcClientProtocolClient.java:onNext(264)) - client-734BBEB428D7->a5e38e3e-c2ad-4348-acb9-3fc25cfb14dd: receive RaftClientReply:client-734BBEB428D7->a5e38e3e-c2ad-4348-acb9-3fc25cfb14dd@group-7000B19605CB, cid=4422, SUCCESS, logIndex=6743, commits[a5e38e3e-c2ad-4348-acb9-3fc25cfb14dd:c6744, 11e48d46-e648-47f9-b6a0-9c7f26654c28:c6740, d1b6a90e-e817-40a7-bec1-608b5cc7d8b6:c6740]
2019-09-11 04:26:38,885 [grpc-default-executor-3] INFO  client.GrpcClientProtocolClient (GrpcClientProtocolClient.java:onNext(264)) - client-734BBEB428D7->a5e38e3e-c2ad-4348-acb9-3fc25cfb14dd: receive RaftClientReply:client-734BBEB428D7->a5e38e3e-c2ad-4348-acb9-3fc25cfb14dd@group-7000B19605CB, cid=4423, SUCCESS, logIndex=6744, commits[a5e38e3e-c2ad-4348-acb9-3fc25cfb14dd:c6744, 11e48d46-e648-47f9-b6a0-9c7f26654c28:c6740, d1b6a90e-e817-40a7-bec1-608b5cc7d8b6:c6740]
2019-09-11 04:26:38,887 [grpc-default-executor-3] INFO  client.GrpcClientProtocolClient (GrpcClientProtocolClient.java:onNext(264)) - client-734BBEB428D7->a5e38e3e-c2ad-4348-acb9-3fc25cfb14dd: receive RaftClientReply:client-734BBEB428D7->a5e38e3e-c2ad-4348-acb9-3fc25cfb14dd@group-7000B19605CB, cid=4424, SUCCESS, logIndex=0, commits[a5e38e3e-c2ad-4348-acb9-3fc25cfb14dd:c6747, 11e48d46-e648-47f9-b6a0-9c7f26654c28:c6742, d1b6a90e-e817-40a7-bec1-608b5cc7d8b6:c6743]
2019-09-11 04:26:38,907 [grpc-default-executor-4] INFO  client.GrpcClientProtocolClient (GrpcClientProtocolClient.java:onNext(264)) - client-734BBEB428D7->a5e38e3e-c2ad-4348-acb9-3fc25cfb14dd: receive RaftClientReply:client-734BBEB428D7->a5e38e3e-c2ad-4348-acb9-3fc25cfb14dd@group-7000B19605CB, cid=4425, SUCCESS, logIndex=6749, commits[a5e38e3e-c2ad-4348-acb9-3fc25cfb14dd:c6750, 11e48d46-e648-47f9-b6a0-9c7f26654c28:c6744, d1b6a90e-e817-40a7-bec1-608b5cc7d8b6:c6748]
2019-09-11 04:26:38,908 [grpc-default-executor-4] INFO  client.GrpcClientProtocolClient (GrpcClientProtocolClient.java:onNext(264)) - client-734BBEB428D7->a5e38e3e-c2ad-4348-acb9-3fc25cfb14dd: receive RaftClientReply:client-734BBEB428D7->a5e38e3e-c2ad-4348-acb9-3fc25cfb14dd@group-7000B19605CB, cid=4426, SUCCESS, logIndex=6750, commits[a5e38e3e-c2ad-4348-acb9-3fc25cfb14dd:c6750, 11e48d46-e648-47f9-b6a0-9c7f26654c28:c6748, d1b6a90e-e817-40a7-bec1-608b5cc7d8b6:c6748]
2019-09-11 04:26:38,932 [grpc-default-executor-4] INFO  client.GrpcClientProtocolClient (GrpcClientProtocolClient.java:onNext(264)) - client-734BBEB428D7->a5e38e3e-c2ad-4348-acb9-3fc25cfb14dd: receive RaftClientReply:client-734BBEB428D7->a5e38e3e-c2ad-4348-acb9-3fc25cfb14dd@group-7000B19605CB, cid=4427, SUCCESS, logIndex=6753, commits[a5e38e3e-c2ad-4348-acb9-3fc25cfb14dd:c6754, 11e48d46-e648-47f9-b6a0-9c7f26654c28:c6750, d1b6a90e-e817-40a7-bec1-608b5cc7d8b6:c6750]
2019-09-11 04:26:38,933 [grpc-default-executor-4] INFO  client.GrpcClientProtocolClient (GrpcClientProtocolClient.java:onNext(264)) - client-734BBEB428D7->a5e38e3e-c2ad-4348-acb9-3fc25cfb14dd: receive RaftClientReply:client-734BBEB428D7->a5e38e3e-c2ad-4348-acb9-3fc25cfb14dd@group-7000B19605CB, cid=4428, SUCCESS, logIndex=6754, commits[a5e38e3e-c2ad-4348-acb9-3fc25cfb14dd:c6754, 11e48d46-e648-47f9-b6a0-9c7f26654c28:c6750, d1b6a90e-e817-40a7-bec1-608b5cc7d8b6:c6750]
2019-09-11 04:26:38,934 [grpc-default-executor-4] INFO  client.GrpcClientProtocolClient (GrpcClientProtocolClient.java:onNext(264)) - client-734BBEB428D7->a5e38e3e-c2ad-4348-acb9-3fc25cfb14dd: receive RaftClientReply:client-734BBEB428D7->a5e38e3e-c2ad-4348-acb9-3fc25cfb14dd@group-7000B19605CB, cid=4429, SUCCESS, logIndex=0, commits[a5e38e3e-c2ad-4348-acb9-3fc25cfb14dd:c6755, 11e48d46-e648-47f9-b6a0-9c7f26654c28:c6754, d1b6a90e-e817-40a7-bec1-608b5cc7d8b6:c6754]
2019-09-11 04:26:38,990 [grpc-default-executor-4] INFO  client.GrpcClientProtocolClient (GrpcClientProtocolClient.java:onNext(264)) - client-734BBEB428D7->a5e38e3e-c2ad-4348-acb9-3fc25cfb14dd: receive RaftClientReply:client-734BBEB428D7->a5e38e3e-c2ad-4348-acb9-3fc25cfb14dd@group-7000B19605CB, cid=4430, SUCCESS, logIndex=6757, commits[a5e38e3e-c2ad-4348-acb9-3fc25cfb14dd:c6758, 11e48d46-e648-47f9-b6a0-9c7f26654c28:c6756, d1b6a90e-e817-40a7-bec1-608b5cc7d8b6:c6756]
2019-09-11 04:26:38,992 [grpc-default-executor-2] INFO  client.GrpcClientProtocolClient (GrpcClientProtocolClient.java:onNext(264)) - client-734BBEB428D7->a5e38e3e-c2ad-4348-acb9-3fc25cfb14dd: receive RaftClientReply:client-734BBEB428D7->a5e38e3e-c2ad-4348-acb9-3fc25cfb14dd@group-7000B19605CB, cid=4431, SUCCESS, logIndex=6758, commits[a5e38e3e-c2ad-4348-acb9-3fc25cfb14dd:c6758, 11e48d46-e648-47f9-b6a0-9c7f26654c28:c6756, d1b6a90e-e817-40a7-bec1-608b5cc7d8b6:c6756]
2019-09-11 04:26:38,993 [grpc-default-executor-2] INFO  client.GrpcClientProtocolClient (GrpcClientProtocolClient.java:onNext(264)) - client-734BBEB428D7->a5e38e3e-c2ad-4348-acb9-3fc25cfb14dd: receive RaftClientReply:client-734BBEB428D7->a5e38e3e-c2ad-4348-acb9-3fc25cfb14dd@group-7000B19605CB, cid=4432, SUCCESS, logIndex=6759, commits[a5e38e3e-c2ad-4348-acb9-3fc25cfb14dd:c6759, 11e48d46-e648-47f9-b6a0-9c7f26654c28:c6756, d1b6a90e-e817-40a7-bec1-608b5cc7d8b6:c6756]
2019-09-11 04:26:38,993 [grpc-default-executor-2] INFO  client.GrpcClientProtocolClient (GrpcClientProtocolClient.java:onNext(264)) - client-734BBEB428D7->a5e38e3e-c2ad-4348-acb9-3fc25cfb14dd: receive RaftClientReply:client-734BBEB428D7->a5e38e3e-c2ad-4348-acb9-3fc25cfb14dd@group-7000B19605CB, cid=4433, SUCCESS, logIndex=6760, commits[a5e38e3e-c2ad-4348-acb9-3fc25cfb14dd:c6760, 11e48d46-e648-47f9-b6a0-9c7f26654c28:c6756, d1b6a90e-e817-40a7-bec1-608b5cc7d8b6:c6756]
2019-09-11 04:26:38,994 [grpc-default-executor-3] INFO  client.GrpcClientProtocolClient (GrpcClientProtocolClient.java:onNext(264)) - client-734BBEB428D7->a5e38e3e-c2ad-4348-acb9-3fc25cfb14dd: receive RaftClientReply:client-734BBEB428D7->a5e38e3e-c2ad-4348-acb9-3fc25cfb14dd@group-7000B19605CB, cid=4434, SUCCESS, logIndex=0, commits[a5e38e3e-c2ad-4348-acb9-3fc25cfb14dd:c6763, 11e48d46-e648-47f9-b6a0-9c7f26654c28:c6759, d1b6a90e-e817-40a7-bec1-608b5cc7d8b6:c6759]
2019-09-11 04:26:39,017 [grpc-default-executor-2] INFO  client.GrpcClientProtocolClient (GrpcClientProtocolClient.java:onNext(264)) - client-734BBEB428D7->a5e38e3e-c2ad-4348-acb9-3fc25cfb14dd: receive RaftClientReply:client-734BBEB428D7->a5e38e3e-c2ad-4348-acb9-3fc25cfb14dd@group-7000B19605CB, cid=4435, SUCCESS, logIndex=6765, commits[a5e38e3e-c2ad-4348-acb9-3fc25cfb14dd:c6766, 11e48d46-e648-47f9-b6a0-9c7f26654c28:c6764, d1b6a90e-e817-40a7-bec1-608b5cc7d8b6:c6764]
2019-09-11 04:26:39,018 [grpc-default-executor-2] INFO  client.GrpcClientProtocolClient (GrpcClientProtocolClient.java:onNext(264)) - client-734BBEB428D7->a5e38e3e-c2ad-4348-acb9-3fc25cfb14dd: receive RaftClientReply:client-734BBEB428D7->a5e38e3e-c2ad-4348-acb9-3fc25cfb14dd@group-7000B19605CB, cid=4436, SUCCESS, logIndex=6766, commits[a5e38e3e-c2ad-4348-acb9-3fc25cfb14dd:c6766, 11e48d46-e648-47f9-b6a0-9c7f26654c28:c6764, d1b6a90e-e817-40a7-bec1-608b5cc7d8b6:c6764]
2019-09-11 04:26:39,209 [grpc-default-executor-4] INFO  client.GrpcClientProtocolClient (GrpcClientProtocolClient.java:onNext(264)) - client-734BBEB428D7->a5e38e3e-c2ad-4348-acb9-3fc25cfb14dd: receive RaftClientReply:client-734BBEB428D7->a5e38e3e-c2ad-4348-acb9-3fc25cfb14dd@group-7000B19605CB, cid=4437, SUCCESS, logIndex=6769, commits[a5e38e3e-c2ad-4348-acb9-3fc25cfb14dd:c6770, 11e48d46-e648-47f9-b6a0-9c7f26654c28:c6766, d1b6a90e-e817-40a7-bec1-608b5cc7d8b6:c6767]
2019-09-11 04:26:39,210 [grpc-default-executor-4] INFO  client.GrpcClientProtocolClient (GrpcClientProtocolClient.java:onNext(264)) - client-734BBEB428D7->a5e38e3e-c2ad-4348-acb9-3fc25cfb14dd: receive RaftClientReply:client-734BBEB428D7->a5e38e3e-c2ad-4348-acb9-3fc25cfb14dd@group-7000B19605CB, cid=4438, SUCCESS, logIndex=6770, commits[a5e38e3e-c2ad-4348-acb9-3fc25cfb14dd:c6770, 11e48d46-e648-47f9-b6a0-9c7f26654c28:c6767, d1b6a90e-e817-40a7-bec1-608b5cc7d8b6:c6767]
2019-09-11 04:26:39,221 [grpc-default-executor-4] INFO  client.GrpcClientProtocolClient (GrpcClientProtocolClient.java:onNext(264)) - client-734BBEB428D7->a5e38e3e-c2ad-4348-acb9-3fc25cfb14dd: receive RaftClientReply:client-734BBEB428D7->a5e38e3e-c2ad-4348-acb9-3fc25cfb14dd@group-7000B19605CB, cid=4439, SUCCESS, logIndex=0, commits[a5e38e3e-c2ad-4348-acb9-3fc25cfb14dd:c6771, 11e48d46-e648-47f9-b6a0-9c7f26654c28:c6770, d1b6a90e-e817-40a7-bec1-608b5cc7d8b6:c6770]
2019-09-11 04:26:39,261 [grpc-default-executor-2] INFO  client.GrpcClientProtocolClient (GrpcClientProtocolClient.java:onNext(264)) - client-734BBEB428D7->a5e38e3e-c2ad-4348-acb9-3fc25cfb14dd: receive RaftClientReply:client-734BBEB428D7->a5e38e3e-c2ad-4348-acb9-3fc25cfb14dd@group-7000B19605CB, cid=4440, SUCCESS, logIndex=6773, commits[a5e38e3e-c2ad-4348-acb9-3fc25cfb14dd:c6774, 11e48d46-e648-47f9-b6a0-9c7f26654c28:c6772, d1b6a90e-e817-40a7-bec1-608b5cc7d8b6:c6772]
2019-09-11 04:26:39,262 [grpc-default-executor-2] INFO  client.GrpcClientProtocolClient (GrpcClientProtocolClient.java:onNext(264)) - client-734BBEB428D7->a5e38e3e-c2ad-4348-acb9-3fc25cfb14dd: receive RaftClientReply:client-734BBEB428D7->a5e38e3e-c2ad-4348-acb9-3fc25cfb14dd@group-7000B19605CB, cid=4441, SUCCESS, logIndex=6774, commits[a5e38e3e-c2ad-4348-acb9-3fc25cfb14dd:c6774, 11e48d46-e648-47f9-b6a0-9c7f26654c28:c6772, d1b6a90e-e817-40a7-bec1-608b5cc7d8b6:c6772]
2019-09-11 04:26:39,262 [grpc-default-executor-2] INFO  client.GrpcClientProtocolClient (GrpcClientProtocolClient.java:onNext(264)) - client-734BBEB428D7->a5e38e3e-c2ad-4348-acb9-3fc25cfb14dd: receive RaftClientReply:client-734BBEB428D7->a5e38e3e-c2ad-4348-acb9-3fc25cfb14dd@group-7000B19605CB, cid=4442, SUCCESS, logIndex=6775, commits[a5e38e3e-c2ad-4348-acb9-3fc25cfb14dd:c6775, 11e48d46-e648-47f9-b6a0-9c7f26654c28:c6772, d1b6a90e-e817-40a7-bec1-608b5cc7d8b6:c6772]
2019-09-11 04:26:39,263 [grpc-default-executor-2] INFO  client.GrpcClientProtocolClient (GrpcClientProtocolClient.java:onNext(264)) - client-734BBEB428D7->a5e38e3e-c2ad-4348-acb9-3fc25cfb14dd: receive RaftClientReply:client-734BBEB428D7->a5e38e3e-c2ad-4348-acb9-3fc25cfb14dd@group-7000B19605CB, cid=4443, SUCCESS, logIndex=6776, commits[a5e38e3e-c2ad-4348-acb9-3fc25cfb14dd:c6776, 11e48d46-e648-47f9-b6a0-9c7f26654c28:c6772, d1b6a90e-e817-40a7-bec1-608b5cc7d8b6:c6772]
2019-09-11 04:26:39,264 [grpc-default-executor-4] INFO  client.GrpcClientProtocolClient (GrpcClientProtocolClient.java:onNext(264)) - client-734BBEB428D7->a5e38e3e-c2ad-4348-acb9-3fc25cfb14dd: receive RaftClientReply:client-734BBEB428D7->a5e38e3e-c2ad-4348-acb9-3fc25cfb14dd@group-7000B19605CB, cid=4444, SUCCESS, logIndex=0, commits[a5e38e3e-c2ad-4348-acb9-3fc25cfb14dd:c6778, 11e48d46-e648-47f9-b6a0-9c7f26654c28:c6774, d1b6a90e-e817-40a7-bec1-608b5cc7d8b6:c6774]
 0.00% |█                                                                                                    |  0/1 Time: 0:00:502019-09-11 04:26:39,285 [grpc-default-executor-1] INFO  client.GrpcClientProtocolClient (GrpcClientProtocolClient.java:onNext(264)) - client-734BBEB428D7->a5e38e3e-c2ad-4348-acb9-3fc25cfb14dd: receive RaftClientReply:client-734BBEB428D7->a5e38e3e-c2ad-4348-acb9-3fc25cfb14dd@group-7000B19605CB, cid=4445, SUCCESS, logIndex=6781, commits[a5e38e3e-c2ad-4348-acb9-3fc25cfb14dd:c6782, 11e48d46-e648-47f9-b6a0-9c7f26654c28:c6776, d1b6a90e-e817-40a7-bec1-608b5cc7d8b6:c6780]
2019-09-11 04:26:39,286 [grpc-default-executor-1] INFO  client.GrpcClientProtocolClient (GrpcClientProtocolClient.java:onNext(264)) - client-734BBEB428D7->a5e38e3e-c2ad-4348-acb9-3fc25cfb14dd: receive RaftClientReply:client-734BBEB428D7->a5e38e3e-c2ad-4348-acb9-3fc25cfb14dd@group-7000B19605CB, cid=4446, SUCCESS, logIndex=6782, commits[a5e38e3e-c2ad-4348-acb9-3fc25cfb14dd:c6782, 11e48d46-e648-47f9-b6a0-9c7f26654c28:c6780, d1b6a90e-e817-40a7-bec1-608b5cc7d8b6:c6780]
2019-09-11 04:26:39,299 [grpc-default-executor-2] INFO  client.GrpcClientProtocolClient (GrpcClientProtocolClient.java:onNext(264)) - client-734BBEB428D7->a5e38e3e-c2ad-4348-acb9-3fc25cfb14dd: receive RaftClientReply:client-734BBEB428D7->a5e38e3e-c2ad-4348-acb9-3fc25cfb14dd@group-7000B19605CB, cid=4447, SUCCESS, logIndex=6785, commits[a5e38e3e-c2ad-4348-acb9-3fc25cfb14dd:c6785, 11e48d46-e648-47f9-b6a0-9c7f26654c28:c6782, d1b6a90e-e817-40a7-bec1-608b5cc7d8b6:c6782]
2019-09-11 04:26:39,300 [grpc-default-executor-2] INFO  client.GrpcClientProtocolClient (GrpcClientProtocolClient.java:onNext(264)) - client-734BBEB428D7->a5e38e3e-c2ad-4348-acb9-3fc25cfb14dd: receive RaftClientReply:client-734BBEB428D7->a5e38e3e-c2ad-4348-acb9-3fc25cfb14dd@group-7000B19605CB, cid=4448, SUCCESS, logIndex=6786, commits[a5e38e3e-c2ad-4348-acb9-3fc25cfb14dd:c6786, 11e48d46-e648-47f9-b6a0-9c7f26654c28:c6782, d1b6a90e-e817-40a7-bec1-608b5cc7d8b6:c6782]
2019-09-11 04:26:39,312 [grpc-default-executor-2] INFO  client.GrpcClientProtocolClient (GrpcClientProtocolClient.java:onNext(264)) - client-734BBEB428D7->a5e38e3e-c2ad-4348-acb9-3fc25cfb14dd: receive RaftClientReply:client-734BBEB428D7->a5e38e3e-c2ad-4348-acb9-3fc25cfb14dd@group-7000B19605CB, cid=4449, SUCCESS, logIndex=0, commits[a5e38e3e-c2ad-4348-acb9-3fc25cfb14dd:c6788, 11e48d46-e648-47f9-b6a0-9c7f26654c28:c6786, d1b6a90e-e817-40a7-bec1-608b5cc7d8b6:c6786]
2019-09-11 04:26:39,346 [grpc-default-executor-4] INFO  client.GrpcClientProtocolClient (GrpcClientProtocolClient.java:onNext(264)) - client-734BBEB428D7->a5e38e3e-c2ad-4348-acb9-3fc25cfb14dd: receive RaftClientReply:client-734BBEB428D7->a5e38e3e-c2ad-4348-acb9-3fc25cfb14dd@group-7000B19605CB, cid=4450, SUCCESS, logIndex=6789, commits[a5e38e3e-c2ad-4348-acb9-3fc25cfb14dd:c6789, 11e48d46-e648-47f9-b6a0-9c7f26654c28:c6788, d1b6a90e-e817-40a7-bec1-608b5cc7d8b6:c6788]
2019-09-11 04:26:39,347 [grpc-default-executor-4] INFO  client.GrpcClientProtocolClient (GrpcClientProtocolClient.java:onNext(264)) - client-734BBEB428D7->a5e38e3e-c2ad-4348-acb9-3fc25cfb14dd: receive RaftClientReply:client-734BBEB428D7->a5e38e3e-c2ad-4348-acb9-3fc25cfb14dd@group-7000B19605CB, cid=4451, SUCCESS, logIndex=6790, commits[a5e38e3e-c2ad-4348-acb9-3fc25cfb14dd:c6790, 11e48d46-e648-47f9-b6a0-9c7f26654c28:c6788, d1b6a90e-e817-40a7-bec1-608b5cc7d8b6:c6788]
2019-09-11 04:26:39,347 [grpc-default-executor-4] INFO  client.GrpcClientProtocolClient (GrpcClientProtocolClient.java:onNext(264)) - client-734BBEB428D7->a5e38e3e-c2ad-4348-acb9-3fc25cfb14dd: receive RaftClientReply:client-734BBEB428D7->a5e38e3e-c2ad-4348-acb9-3fc25cfb14dd@group-7000B19605CB, cid=4452, SUCCESS, logIndex=6791, commits[a5e38e3e-c2ad-4348-acb9-3fc25cfb14dd:c6792, 11e48d46-e648-47f9-b6a0-9c7f26654c28:c6788, d1b6a90e-e817-40a7-bec1-608b5cc7d8b6:c6788]
2019-09-11 04:26:39,347 [grpc-default-executor-4] INFO  client.GrpcClientProtocolClient (GrpcClientProtocolClient.java:onNext(264)) - client-734BBEB428D7->a5e38e3e-c2ad-4348-acb9-3fc25cfb14dd: receive RaftClientReply:client-734BBEB428D7->a5e38e3e-c2ad-4348-acb9-3fc25cfb14dd@group-7000B19605CB, cid=4453, SUCCESS, logIndex=6792, commits[a5e38e3e-c2ad-4348-acb9-3fc25cfb14dd:c6792, 11e48d46-e648-47f9-b6a0-9c7f26654c28:c6788, d1b6a90e-e817-40a7-bec1-608b5cc7d8b6:c6788]
2019-09-11 04:26:39,349 [grpc-default-executor-2] INFO  client.GrpcClientProtocolClient (GrpcClientProtocolClient.java:onNext(264)) - client-734BBEB428D7->a5e38e3e-c2ad-4348-acb9-3fc25cfb14dd: receive RaftClientReply:client-734BBEB428D7->a5e38e3e-c2ad-4348-acb9-3fc25cfb14dd@group-7000B19605CB, cid=4454, SUCCESS, logIndex=0, commits[a5e38e3e-c2ad-4348-acb9-3fc25cfb14dd:c6794, 11e48d46-e648-47f9-b6a0-9c7f26654c28:c6790, d1b6a90e-e817-40a7-bec1-608b5cc7d8b6:c6790]
2019-09-11 04:26:39,780 [grpc-default-executor-4] INFO  client.GrpcClientProtocolClient (GrpcClientProtocolClient.java:onNext(264)) - client-734BBEB428D7->a5e38e3e-c2ad-4348-acb9-3fc25cfb14dd: receive RaftClientReply:client-734BBEB428D7->a5e38e3e-c2ad-4348-acb9-3fc25cfb14dd@group-7000B19605CB, cid=4455, SUCCESS, logIndex=6797, commits[a5e38e3e-c2ad-4348-acb9-3fc25cfb14dd:c6798, 11e48d46-e648-47f9-b6a0-9c7f26654c28:c6796, d1b6a90e-e817-40a7-bec1-608b5cc7d8b6:c6796]
2019-09-11 04:26:39,781 [grpc-default-executor-4] INFO  client.GrpcClientProtocolClient (GrpcClientProtocolClient.java:onNext(264)) - client-734BBEB428D7->a5e38e3e-c2ad-4348-acb9-3fc25cfb14dd: receive RaftClientReply:client-734BBEB428D7->a5e38e3e-c2ad-4348-acb9-3fc25cfb14dd@group-7000B19605CB, cid=4456, SUCCESS, logIndex=6798, commits[a5e38e3e-c2ad-4348-acb9-3fc25cfb14dd:c6798, 11e48d46-e648-47f9-b6a0-9c7f26654c28:c6796, d1b6a90e-e817-40a7-bec1-608b5cc7d8b6:c6796]
2019-09-11 04:26:39,807 [grpc-default-executor-1] INFO  client.GrpcClientProtocolClient (GrpcClientProtocolClient.java:onNext(264)) - client-734BBEB428D7->a5e38e3e-c2ad-4348-acb9-3fc25cfb14dd: receive RaftClientReply:client-734BBEB428D7->a5e38e3e-c2ad-4348-acb9-3fc25cfb14dd@group-7000B19605CB, cid=4457, SUCCESS, logIndex=6801, commits[a5e38e3e-c2ad-4348-acb9-3fc25cfb14dd:c6802, 11e48d46-e648-47f9-b6a0-9c7f26654c28:c6798, d1b6a90e-e817-40a7-bec1-608b5cc7d8b6:c6798]
2019-09-11 04:26:39,807 [grpc-default-executor-1] INFO  client.GrpcClientProtocolClient (GrpcClientProtocolClient.java:onNext(264)) - client-734BBEB428D7->a5e38e3e-c2ad-4348-acb9-3fc25cfb14dd: receive RaftClientReply:client-734BBEB428D7->a5e38e3e-c2ad-4348-acb9-3fc25cfb14dd@group-7000B19605CB, cid=4458, SUCCESS, logIndex=6802, commits[a5e38e3e-c2ad-4348-acb9-3fc25cfb14dd:c6802, 11e48d46-e648-47f9-b6a0-9c7f26654c28:c6798, d1b6a90e-e817-40a7-bec1-608b5cc7d8b6:c6798]
2019-09-11 04:26:39,820 [grpc-default-executor-1] INFO  client.GrpcClientProtocolClient (GrpcClientProtocolClient.java:onNext(264)) - client-734BBEB428D7->a5e38e3e-c2ad-4348-acb9-3fc25cfb14dd: receive RaftClientReply:client-734BBEB428D7->a5e38e3e-c2ad-4348-acb9-3fc25cfb14dd@group-7000B19605CB, cid=4459, SUCCESS, logIndex=0, commits[a5e38e3e-c2ad-4348-acb9-3fc25cfb14dd:c6804, 11e48d46-e648-47f9-b6a0-9c7f26654c28:c6802, d1b6a90e-e817-40a7-bec1-608b5cc7d8b6:c6802]
2019-09-11 04:26:39,867 [grpc-default-executor-1] INFO  client.GrpcClientProtocolClient (GrpcClientProtocolClient.java:onNext(264)) - client-734BBEB428D7->a5e38e3e-c2ad-4348-acb9-3fc25cfb14dd: receive RaftClientReply:client-734BBEB428D7->a5e38e3e-c2ad-4348-acb9-3fc25cfb14dd@group-7000B19605CB, cid=4460, SUCCESS, logIndex=6805, commits[a5e38e3e-c2ad-4348-acb9-3fc25cfb14dd:c6806, 11e48d46-e648-47f9-b6a0-9c7f26654c28:c6804, d1b6a90e-e817-40a7-bec1-608b5cc7d8b6:c6804]
2019-09-11 04:26:39,868 [grpc-default-executor-1] INFO  client.GrpcClientProtocolClient (GrpcClientProtocolClient.java:onNext(264)) - client-734BBEB428D7->a5e38e3e-c2ad-4348-acb9-3fc25cfb14dd: receive RaftClientReply:client-734BBEB428D7->a5e38e3e-c2ad-4348-acb9-3fc25cfb14dd@group-7000B19605CB, cid=4461, SUCCESS, logIndex=6806, commits[a5e38e3e-c2ad-4348-acb9-3fc25cfb14dd:c6808, 11e48d46-e648-47f9-b6a0-9c7f26654c28:c6804, d1b6a90e-e817-40a7-bec1-608b5cc7d8b6:c6804]
2019-09-11 04:26:39,868 [grpc-default-executor-1] INFO  client.GrpcClientProtocolClient (GrpcClientProtocolClient.java:onNext(264)) - client-734BBEB428D7->a5e38e3e-c2ad-4348-acb9-3fc25cfb14dd: receive RaftClientReply:client-734BBEB428D7->a5e38e3e-c2ad-4348-acb9-3fc25cfb14dd@group-7000B19605CB, cid=4462, SUCCESS, logIndex=6807, commits[a5e38e3e-c2ad-4348-acb9-3fc25cfb14dd:c6808, 11e48d46-e648-47f9-b6a0-9c7f26654c28:c6804, d1b6a90e-e817-40a7-bec1-608b5cc7d8b6:c6804]
2019-09-11 04:26:39,869 [grpc-default-executor-1] INFO  client.GrpcClientProtocolClient (GrpcClientProtocolClient.java:onNext(264)) - client-734BBEB428D7->a5e38e3e-c2ad-4348-acb9-3fc25cfb14dd: receive RaftClientReply:client-734BBEB428D7->a5e38e3e-c2ad-4348-acb9-3fc25cfb14dd@group-7000B19605CB, cid=4463, SUCCESS, logIndex=6808, commits[a5e38e3e-c2ad-4348-acb9-3fc25cfb14dd:c6808, 11e48d46-e648-47f9-b6a0-9c7f26654c28:c6804, d1b6a90e-e817-40a7-bec1-608b5cc7d8b6:c6804]
2019-09-11 04:26:39,879 [grpc-default-executor-2] INFO  client.GrpcClientProtocolClient (GrpcClientProtocolClient.java:onNext(264)) - client-734BBEB428D7->a5e38e3e-c2ad-4348-acb9-3fc25cfb14dd: receive RaftClientReply:client-734BBEB428D7->a5e38e3e-c2ad-4348-acb9-3fc25cfb14dd@group-7000B19605CB, cid=4464, SUCCESS, logIndex=0, commits[a5e38e3e-c2ad-4348-acb9-3fc25cfb14dd:c6809, 11e48d46-e648-47f9-b6a0-9c7f26654c28:c6806, d1b6a90e-e817-40a7-bec1-608b5cc7d8b6:c6806]
2019-09-11 04:26:39,912 [grpc-default-executor-4] INFO  client.GrpcClientProtocolClient (GrpcClientProtocolClient.java:onNext(264)) - client-734BBEB428D7->a5e38e3e-c2ad-4348-acb9-3fc25cfb14dd: receive RaftClientReply:client-734BBEB428D7->a5e38e3e-c2ad-4348-acb9-3fc25cfb14dd@group-7000B19605CB, cid=4465, SUCCESS, logIndex=6813, commits[a5e38e3e-c2ad-4348-acb9-3fc25cfb14dd:c6814, 11e48d46-e648-47f9-b6a0-9c7f26654c28:c6812, d1b6a90e-e817-40a7-bec1-608b5cc7d8b6:c6812]
2019-09-11 04:26:39,913 [grpc-default-executor-4] INFO  client.GrpcClientProtocolClient (GrpcClientProtocolClient.java:onNext(264)) - client-734BBEB428D7->a5e38e3e-c2ad-4348-acb9-3fc25cfb14dd: receive RaftClientReply:client-734BBEB428D7->a5e38e3e-c2ad-4348-acb9-3fc25cfb14dd@group-7000B19605CB, cid=4466, SUCCESS, logIndex=6814, commits[a5e38e3e-c2ad-4348-acb9-3fc25cfb14dd:c6814, 11e48d46-e648-47f9-b6a0-9c7f26654c28:c6812, d1b6a90e-e817-40a7-bec1-608b5cc7d8b6:c6812]
2019-09-11 04:26:39,926 [grpc-default-executor-1] INFO  client.GrpcClientProtocolClient (GrpcClientProtocolClient.java:onNext(264)) - client-734BBEB428D7->a5e38e3e-c2ad-4348-acb9-3fc25cfb14dd: receive RaftClientReply:client-734BBEB428D7->a5e38e3e-c2ad-4348-acb9-3fc25cfb14dd@group-7000B19605CB, cid=4467, SUCCESS, logIndex=6817, commits[a5e38e3e-c2ad-4348-acb9-3fc25cfb14dd:c6818, 11e48d46-e648-47f9-b6a0-9c7f26654c28:c6814, d1b6a90e-e817-40a7-bec1-608b5cc7d8b6:c6813]
2019-09-11 04:26:39,926 [grpc-default-executor-1] INFO  client.GrpcClientProtocolClient (GrpcClientProtocolClient.java:onNext(264)) - client-734BBEB428D7->a5e38e3e-c2ad-4348-acb9-3fc25cfb14dd: receive RaftClientReply:client-734BBEB428D7->a5e38e3e-c2ad-4348-acb9-3fc25cfb14dd@group-7000B19605CB, cid=4468, SUCCESS, logIndex=6818, commits[a5e38e3e-c2ad-4348-acb9-3fc25cfb14dd:c6818, 11e48d46-e648-47f9-b6a0-9c7f26654c28:c6814, d1b6a90e-e817-40a7-bec1-608b5cc7d8b6:c6814]
2019-09-11 04:26:39,929 [grpc-default-executor-2] INFO  client.GrpcClientProtocolClient (GrpcClientProtocolClient.java:onNext(264)) - client-734BBEB428D7->a5e38e3e-c2ad-4348-acb9-3fc25cfb14dd: receive RaftClientReply:client-734BBEB428D7->a5e38e3e-c2ad-4348-acb9-3fc25cfb14dd@group-7000B19605CB, cid=4469, SUCCESS, logIndex=0, commits[a5e38e3e-c2ad-4348-acb9-3fc25cfb14dd:c6820, 11e48d46-e648-47f9-b6a0-9c7f26654c28:c6818, d1b6a90e-e817-40a7-bec1-608b5cc7d8b6:c6818]
2019-09-11 04:26:39,977 [grpc-default-executor-1] INFO  client.GrpcClientProtocolClient (GrpcClientProtocolClient.java:onNext(264)) - client-734BBEB428D7->a5e38e3e-c2ad-4348-acb9-3fc25cfb14dd: receive RaftClientReply:client-734BBEB428D7->a5e38e3e-c2ad-4348-acb9-3fc25cfb14dd@group-7000B19605CB, cid=4470, SUCCESS, logIndex=6821, commits[a5e38e3e-c2ad-4348-acb9-3fc25cfb14dd:c6822, 11e48d46-e648-47f9-b6a0-9c7f26654c28:c6820, d1b6a90e-e817-40a7-bec1-608b5cc7d8b6:c6820]
2019-09-11 04:26:39,978 [grpc-default-executor-1] INFO  client.GrpcClientProtocolClient (GrpcClientProtocolClient.java:onNext(264)) - client-734BBEB428D7->a5e38e3e-c2ad-4348-acb9-3fc25cfb14dd: receive RaftClientReply:client-734BBEB428D7->a5e38e3e-c2ad-4348-acb9-3fc25cfb14dd@group-7000B19605CB, cid=4471, SUCCESS, logIndex=6822, commits[a5e38e3e-c2ad-4348-acb9-3fc25cfb14dd:c6824, 11e48d46-e648-47f9-b6a0-9c7f26654c28:c6820, d1b6a90e-e817-40a7-bec1-608b5cc7d8b6:c6820]
2019-09-11 04:26:39,978 [grpc-default-executor-1] INFO  client.GrpcClientProtocolClient (GrpcClientProtocolClient.java:onNext(264)) - client-734BBEB428D7->a5e38e3e-c2ad-4348-acb9-3fc25cfb14dd: receive RaftClientReply:client-734BBEB428D7->a5e38e3e-c2ad-4348-acb9-3fc25cfb14dd@group-7000B19605CB, cid=4472, SUCCESS, logIndex=6823, commits[a5e38e3e-c2ad-4348-acb9-3fc25cfb14dd:c6824, 11e48d46-e648-47f9-b6a0-9c7f26654c28:c6820, d1b6a90e-e817-40a7-bec1-608b5cc7d8b6:c6820]
2019-09-11 04:26:39,979 [grpc-default-executor-1] INFO  client.GrpcClientProtocolClient (GrpcClientProtocolClient.java:onNext(264)) - client-734BBEB428D7->a5e38e3e-c2ad-4348-acb9-3fc25cfb14dd: receive RaftClientReply:client-734BBEB428D7->a5e38e3e-c2ad-4348-acb9-3fc25cfb14dd@group-7000B19605CB, cid=4473, SUCCESS, logIndex=6824, commits[a5e38e3e-c2ad-4348-acb9-3fc25cfb14dd:c6824, 11e48d46-e648-47f9-b6a0-9c7f26654c28:c6820, d1b6a90e-e817-40a7-bec1-608b5cc7d8b6:c6820]
2019-09-11 04:26:39,980 [grpc-default-executor-1] INFO  client.GrpcClientProtocolClient (GrpcClientProtocolClient.java:onNext(264)) - client-734BBEB428D7->a5e38e3e-c2ad-4348-acb9-3fc25cfb14dd: receive RaftClientReply:client-734BBEB428D7->a5e38e3e-c2ad-4348-acb9-3fc25cfb14dd@group-7000B19605CB, cid=4474, SUCCESS, logIndex=0, commits[a5e38e3e-c2ad-4348-acb9-3fc25cfb14dd:c6828, 11e48d46-e648-47f9-b6a0-9c7f26654c28:c6823, d1b6a90e-e817-40a7-bec1-608b5cc7d8b6:c6824]
2019-09-11 04:26:40,002 [grpc-default-executor-1] INFO  client.GrpcClientProtocolClient (GrpcClientProtocolClient.java:onNext(264)) - client-734BBEB428D7->a5e38e3e-c2ad-4348-acb9-3fc25cfb14dd: receive RaftClientReply:client-734BBEB428D7->a5e38e3e-c2ad-4348-acb9-3fc25cfb14dd@group-7000B19605CB, cid=4475, SUCCESS, logIndex=6829, commits[a5e38e3e-c2ad-4348-acb9-3fc25cfb14dd:c6830, 11e48d46-e648-47f9-b6a0-9c7f26654c28:c6828, d1b6a90e-e817-40a7-bec1-608b5cc7d8b6:c6828]
2019-09-11 04:26:40,003 [grpc-default-executor-1] INFO  client.GrpcClientProtocolClient (GrpcClientProtocolClient.java:onNext(264)) - client-734BBEB428D7->a5e38e3e-c2ad-4348-acb9-3fc25cfb14dd: receive RaftClientReply:client-734BBEB428D7->a5e38e3e-c2ad-4348-acb9-3fc25cfb14dd@group-7000B19605CB, cid=4476, SUCCESS, logIndex=6830, commits[a5e38e3e-c2ad-4348-acb9-3fc25cfb14dd:c6830, 11e48d46-e648-47f9-b6a0-9c7f26654c28:c6828, d1b6a90e-e817-40a7-bec1-608b5cc7d8b6:c6828]
2019-09-11 04:26:40,032 [grpc-default-executor-2] INFO  client.GrpcClientProtocolClient (GrpcClientProtocolClient.java:onNext(264)) - client-734BBEB428D7->a5e38e3e-c2ad-4348-acb9-3fc25cfb14dd: receive RaftClientReply:client-734BBEB428D7->a5e38e3e-c2ad-4348-acb9-3fc25cfb14dd@group-7000B19605CB, cid=4477, SUCCESS, logIndex=6833, commits[a5e38e3e-c2ad-4348-acb9-3fc25cfb14dd:c6834, 11e48d46-e648-47f9-b6a0-9c7f26654c28:c6830, d1b6a90e-e817-40a7-bec1-608b5cc7d8b6:c6832]
2019-09-11 04:26:40,032 [grpc-default-executor-2] INFO  client.GrpcClientProtocolClient (GrpcClientProtocolClient.java:onNext(264)) - client-734BBEB428D7->a5e38e3e-c2ad-4348-acb9-3fc25cfb14dd: receive RaftClientReply:client-734BBEB428D7->a5e38e3e-c2ad-4348-acb9-3fc25cfb14dd@group-7000B19605CB, cid=4478, SUCCESS, logIndex=6834, commits[a5e38e3e-c2ad-4348-acb9-3fc25cfb14dd:c6834, 11e48d46-e648-47f9-b6a0-9c7f26654c28:c6832, d1b6a90e-e817-40a7-bec1-608b5cc7d8b6:c6832]
2019-09-11 04:26:40,035 [grpc-default-executor-1] INFO  client.GrpcClientProtocolClient (GrpcClientProtocolClient.java:onNext(264)) - client-734BBEB428D7->a5e38e3e-c2ad-4348-acb9-3fc25cfb14dd: receive RaftClientReply:client-734BBEB428D7->a5e38e3e-c2ad-4348-acb9-3fc25cfb14dd@group-7000B19605CB, cid=4479, SUCCESS, logIndex=0, commits[a5e38e3e-c2ad-4348-acb9-3fc25cfb14dd:c6836, 11e48d46-e648-47f9-b6a0-9c7f26654c28:c6834, d1b6a90e-e817-40a7-bec1-608b5cc7d8b6:c6834]
2019-09-11 04:26:40,072 [grpc-default-executor-3] INFO  client.GrpcClientProtocolClient (GrpcClientProtocolClient.java:onNext(264)) - client-734BBEB428D7->a5e38e3e-c2ad-4348-acb9-3fc25cfb14dd: receive RaftClientReply:client-734BBEB428D7->a5e38e3e-c2ad-4348-acb9-3fc25cfb14dd@group-7000B19605CB, cid=4480, SUCCESS, logIndex=6837, commits[a5e38e3e-c2ad-4348-acb9-3fc25cfb14dd:c6838, 11e48d46-e648-47f9-b6a0-9c7f26654c28:c6834, d1b6a90e-e817-40a7-bec1-608b5cc7d8b6:c6836]
2019-09-11 04:26:40,073 [grpc-default-executor-1] INFO  client.GrpcClientProtocolClient (GrpcClientProtocolClient.java:onNext(264)) - client-734BBEB428D7->a5e38e3e-c2ad-4348-acb9-3fc25cfb14dd: receive RaftClientReply:client-734BBEB428D7->a5e38e3e-c2ad-4348-acb9-3fc25cfb14dd@group-7000B19605CB, cid=4481, SUCCESS, logIndex=6838, commits[a5e38e3e-c2ad-4348-acb9-3fc25cfb14dd:c6838, 11e48d46-e648-47f9-b6a0-9c7f26654c28:c6836, d1b6a90e-e817-40a7-bec1-608b5cc7d8b6:c6836]
2019-09-11 04:26:40,073 [grpc-default-executor-1] INFO  client.GrpcClientProtocolClient (GrpcClientProtocolClient.java:onNext(264)) - client-734BBEB428D7->a5e38e3e-c2ad-4348-acb9-3fc25cfb14dd: receive RaftClientReply:client-734BBEB428D7->a5e38e3e-c2ad-4348-acb9-3fc25cfb14dd@group-7000B19605CB, cid=4482, SUCCESS, logIndex=6839, commits[a5e38e3e-c2ad-4348-acb9-3fc25cfb14dd:c6840, 11e48d46-e648-47f9-b6a0-9c7f26654c28:c6836, d1b6a90e-e817-40a7-bec1-608b5cc7d8b6:c6836]
2019-09-11 04:26:40,073 [grpc-default-executor-1] INFO  client.GrpcClientProtocolClient (GrpcClientProtocolClient.java:onNext(264)) - client-734BBEB428D7->a5e38e3e-c2ad-4348-acb9-3fc25cfb14dd: receive RaftClientReply:client-734BBEB428D7->a5e38e3e-c2ad-4348-acb9-3fc25cfb14dd@group-7000B19605CB, cid=4483, SUCCESS, logIndex=6840, commits[a5e38e3e-c2ad-4348-acb9-3fc25cfb14dd:c6840, 11e48d46-e648-47f9-b6a0-9c7f26654c28:c6836, d1b6a90e-e817-40a7-bec1-608b5cc7d8b6:c6836]
2019-09-11 04:26:40,075 [grpc-default-executor-4] INFO  client.GrpcClientProtocolClient (GrpcClientProtocolClient.java:onNext(264)) - client-734BBEB428D7->a5e38e3e-c2ad-4348-acb9-3fc25cfb14dd: receive RaftClientReply:client-734BBEB428D7->a5e38e3e-c2ad-4348-acb9-3fc25cfb14dd@group-7000B19605CB, cid=4484, SUCCESS, logIndex=0, commits[a5e38e3e-c2ad-4348-acb9-3fc25cfb14dd:c6842, 11e48d46-e648-47f9-b6a0-9c7f26654c28:c6838, d1b6a90e-e817-40a7-bec1-608b5cc7d8b6:c6838]
2019-09-11 04:26:40,103 [grpc-default-executor-3] INFO  client.GrpcClientProtocolClient (GrpcClientProtocolClient.java:onNext(264)) - client-734BBEB428D7->a5e38e3e-c2ad-4348-acb9-3fc25cfb14dd: receive RaftClientReply:client-734BBEB428D7->a5e38e3e-c2ad-4348-acb9-3fc25cfb14dd@group-7000B19605CB, cid=4485, SUCCESS, logIndex=6845, commits[a5e38e3e-c2ad-4348-acb9-3fc25cfb14dd:c6846, 11e48d46-e648-47f9-b6a0-9c7f26654c28:c6844, d1b6a90e-e817-40a7-bec1-608b5cc7d8b6:c6844]
2019-09-11 04:26:40,103 [grpc-default-executor-3] INFO  client.GrpcClientProtocolClient (GrpcClientProtocolClient.java:onNext(264)) - client-734BBEB428D7->a5e38e3e-c2ad-4348-acb9-3fc25cfb14dd: receive RaftClientReply:client-734BBEB428D7->a5e38e3e-c2ad-4348-acb9-3fc25cfb14dd@group-7000B19605CB, cid=4486, SUCCESS, logIndex=6846, commits[a5e38e3e-c2ad-4348-acb9-3fc25cfb14dd:c6846, 11e48d46-e648-47f9-b6a0-9c7f26654c28:c6844, d1b6a90e-e817-40a7-bec1-608b5cc7d8b6:c6844]
2019-09-11 04:26:40,117 [grpc-default-executor-4] INFO  client.GrpcClientProtocolClient (GrpcClientProtocolClient.java:onNext(264)) - client-734BBEB428D7->a5e38e3e-c2ad-4348-acb9-3fc25cfb14dd: receive RaftClientReply:client-734BBEB428D7->a5e38e3e-c2ad-4348-acb9-3fc25cfb14dd@group-7000B19605CB, cid=4487, SUCCESS, logIndex=6849, commits[a5e38e3e-c2ad-4348-acb9-3fc25cfb14dd:c6850, 11e48d46-e648-47f9-b6a0-9c7f26654c28:c6846, d1b6a90e-e817-40a7-bec1-608b5cc7d8b6:c6846]
2019-09-11 04:26:40,117 [grpc-default-executor-4] INFO  client.GrpcClientProtocolClient (GrpcClientProtocolClient.java:onNext(264)) - client-734BBEB428D7->a5e38e3e-c2ad-4348-acb9-3fc25cfb14dd: receive RaftClientReply:client-734BBEB428D7->a5e38e3e-c2ad-4348-acb9-3fc25cfb14dd@group-7000B19605CB, cid=4488, SUCCESS, logIndex=6850, commits[a5e38e3e-c2ad-4348-acb9-3fc25cfb14dd:c6850, 11e48d46-e648-47f9-b6a0-9c7f26654c28:c6846, d1b6a90e-e817-40a7-bec1-608b5cc7d8b6:c6846]
2019-09-11 04:26:40,120 [grpc-default-executor-4] INFO  client.GrpcClientProtocolClient (GrpcClientProtocolClient.java:onNext(264)) - client-734BBEB428D7->a5e38e3e-c2ad-4348-acb9-3fc25cfb14dd: receive RaftClientReply:client-734BBEB428D7->a5e38e3e-c2ad-4348-acb9-3fc25cfb14dd@group-7000B19605CB, cid=4489, SUCCESS, logIndex=0, commits[a5e38e3e-c2ad-4348-acb9-3fc25cfb14dd:c6852, 11e48d46-e648-47f9-b6a0-9c7f26654c28:c6850, d1b6a90e-e817-40a7-bec1-608b5cc7d8b6:c6850]
2019-09-11 04:26:40,161 [grpc-default-executor-4] INFO  client.GrpcClientProtocolClient (GrpcClientProtocolClient.java:onNext(264)) - client-734BBEB428D7->a5e38e3e-c2ad-4348-acb9-3fc25cfb14dd: receive RaftClientReply:client-734BBEB428D7->a5e38e3e-c2ad-4348-acb9-3fc25cfb14dd@group-7000B19605CB, cid=4490, SUCCESS, logIndex=6853, commits[a5e38e3e-c2ad-4348-acb9-3fc25cfb14dd:c6854, 11e48d46-e648-47f9-b6a0-9c7f26654c28:c6850, d1b6a90e-e817-40a7-bec1-608b5cc7d8b6:c6852]
2019-09-11 04:26:40,164 [grpc-default-executor-4] INFO  client.GrpcClientProtocolClient (GrpcClientProtocolClient.java:onNext(264)) - client-734BBEB428D7->a5e38e3e-c2ad-4348-acb9-3fc25cfb14dd: receive RaftClientReply:client-734BBEB428D7->a5e38e3e-c2ad-4348-acb9-3fc25cfb14dd@group-7000B19605CB, cid=4491, SUCCESS, logIndex=6854, commits[a5e38e3e-c2ad-4348-acb9-3fc25cfb14dd:c6854, 11e48d46-e648-47f9-b6a0-9c7f26654c28:c6850, d1b6a90e-e817-40a7-bec1-608b5cc7d8b6:c6852]
2019-09-11 04:26:40,165 [grpc-default-executor-4] INFO  client.GrpcClientProtocolClient (GrpcClientProtocolClient.java:onNext(264)) - client-734BBEB428D7->a5e38e3e-c2ad-4348-acb9-3fc25cfb14dd: receive RaftClientReply:client-734BBEB428D7->a5e38e3e-c2ad-4348-acb9-3fc25cfb14dd@group-7000B19605CB, cid=4492, SUCCESS, logIndex=6855, commits[a5e38e3e-c2ad-4348-acb9-3fc25cfb14dd:c6856, 11e48d46-e648-47f9-b6a0-9c7f26654c28:c6852, d1b6a90e-e817-40a7-bec1-608b5cc7d8b6:c6852]
2019-09-11 04:26:40,165 [grpc-default-executor-4] INFO  client.GrpcClientProtocolClient (GrpcClientProtocolClient.java:onNext(264)) - client-734BBEB428D7->a5e38e3e-c2ad-4348-acb9-3fc25cfb14dd: receive RaftClientReply:client-734BBEB428D7->a5e38e3e-c2ad-4348-acb9-3fc25cfb14dd@group-7000B19605CB, cid=4493, SUCCESS, logIndex=6856, commits[a5e38e3e-c2ad-4348-acb9-3fc25cfb14dd:c6856, 11e48d46-e648-47f9-b6a0-9c7f26654c28:c6852, d1b6a90e-e817-40a7-bec1-608b5cc7d8b6:c6852]
2019-09-11 04:26:40,166 [grpc-default-executor-4] INFO  client.GrpcClientProtocolClient (GrpcClientProtocolClient.java:onNext(264)) - client-734BBEB428D7->a5e38e3e-c2ad-4348-acb9-3fc25cfb14dd: receive RaftClientReply:client-734BBEB428D7->a5e38e3e-c2ad-4348-acb9-3fc25cfb14dd@group-7000B19605CB, cid=4494, SUCCESS, logIndex=0, commits[a5e38e3e-c2ad-4348-acb9-3fc25cfb14dd:c6860, 11e48d46-e648-47f9-b6a0-9c7f26654c28:c6856, d1b6a90e-e817-40a7-bec1-608b5cc7d8b6:c6856]
2019-09-11 04:26:40,188 [grpc-default-executor-4] INFO  client.GrpcClientProtocolClient (GrpcClientProtocolClient.java:onNext(264)) - client-734BBEB428D7->a5e38e3e-c2ad-4348-acb9-3fc25cfb14dd: receive RaftClientReply:client-734BBEB428D7->a5e38e3e-c2ad-4348-acb9-3fc25cfb14dd@group-7000B19605CB, cid=4495, SUCCESS, logIndex=6861, commits[a5e38e3e-c2ad-4348-acb9-3fc25cfb14dd:c6862, 11e48d46-e648-47f9-b6a0-9c7f26654c28:c6860, d1b6a90e-e817-40a7-bec1-608b5cc7d8b6:c6860]
2019-09-11 04:26:40,188 [grpc-default-executor-4] INFO  client.GrpcClientProtocolClient (GrpcClientProtocolClient.java:onNext(264)) - client-734BBEB428D7->a5e38e3e-c2ad-4348-acb9-3fc25cfb14dd: receive RaftClientReply:client-734BBEB428D7->a5e38e3e-c2ad-4348-acb9-3fc25cfb14dd@group-7000B19605CB, cid=4496, SUCCESS, logIndex=6862, commits[a5e38e3e-c2ad-4348-acb9-3fc25cfb14dd:c6862, 11e48d46-e648-47f9-b6a0-9c7f26654c28:c6860, d1b6a90e-e817-40a7-bec1-608b5cc7d8b6:c6860]
2019-09-11 04:26:40,201 [grpc-default-executor-3] INFO  client.GrpcClientProtocolClient (GrpcClientProtocolClient.java:onNext(264)) - client-734BBEB428D7->a5e38e3e-c2ad-4348-acb9-3fc25cfb14dd: receive RaftClientReply:client-734BBEB428D7->a5e38e3e-c2ad-4348-acb9-3fc25cfb14dd@group-7000B19605CB, cid=4497, SUCCESS, logIndex=6865, commits[a5e38e3e-c2ad-4348-acb9-3fc25cfb14dd:c6866, 11e48d46-e648-47f9-b6a0-9c7f26654c28:c6862, d1b6a90e-e817-40a7-bec1-608b5cc7d8b6:c6862]
2019-09-11 04:26:40,204 [grpc-default-executor-3] INFO  client.GrpcClientProtocolClient (GrpcClientProtocolClient.java:onNext(264)) - client-734BBEB428D7->a5e38e3e-c2ad-4348-acb9-3fc25cfb14dd: receive RaftClientReply:client-734BBEB428D7->a5e38e3e-c2ad-4348-acb9-3fc25cfb14dd@group-7000B19605CB, cid=4498, SUCCESS, logIndex=6866, commits[a5e38e3e-c2ad-4348-acb9-3fc25cfb14dd:c6866, 11e48d46-e648-47f9-b6a0-9c7f26654c28:c6862, d1b6a90e-e817-40a7-bec1-608b5cc7d8b6:c6862]
2019-09-11 04:26:40,213 [grpc-default-executor-3] INFO  client.GrpcClientProtocolClient (GrpcClientProtocolClient.java:onNext(264)) - client-734BBEB428D7->a5e38e3e-c2ad-4348-acb9-3fc25cfb14dd: receive RaftClientReply:client-734BBEB428D7->a5e38e3e-c2ad-4348-acb9-3fc25cfb14dd@group-7000B19605CB, cid=4499, SUCCESS, logIndex=0, commits[a5e38e3e-c2ad-4348-acb9-3fc25cfb14dd:c6867, 11e48d46-e648-47f9-b6a0-9c7f26654c28:c6866, d1b6a90e-e817-40a7-bec1-608b5cc7d8b6:c6866]
2019-09-11 04:26:40,251 [grpc-default-executor-4] INFO  client.GrpcClientProtocolClient (GrpcClientProtocolClient.java:onNext(264)) - client-734BBEB428D7->a5e38e3e-c2ad-4348-acb9-3fc25cfb14dd: receive RaftClientReply:client-734BBEB428D7->a5e38e3e-c2ad-4348-acb9-3fc25cfb14dd@group-7000B19605CB, cid=4500, SUCCESS, logIndex=6869, commits[a5e38e3e-c2ad-4348-acb9-3fc25cfb14dd:c6870, 11e48d46-e648-47f9-b6a0-9c7f26654c28:c6868, d1b6a90e-e817-40a7-bec1-608b5cc7d8b6:c6868]
2019-09-11 04:26:40,254 [grpc-default-executor-4] INFO  client.GrpcClientProtocolClient (GrpcClientProtocolClient.java:onNext(264)) - client-734BBEB428D7->a5e38e3e-c2ad-4348-acb9-3fc25cfb14dd: receive RaftClientReply:client-734BBEB428D7->a5e38e3e-c2ad-4348-acb9-3fc25cfb14dd@group-7000B19605CB, cid=4501, SUCCESS, logIndex=6870, commits[a5e38e3e-c2ad-4348-acb9-3fc25cfb14dd:c6870, 11e48d46-e648-47f9-b6a0-9c7f26654c28:c6868, d1b6a90e-e817-40a7-bec1-608b5cc7d8b6:c6868]
2019-09-11 04:26:40,256 [grpc-default-executor-4] INFO  client.GrpcClientProtocolClient (GrpcClientProtocolClient.java:onNext(264)) - client-734BBEB428D7->a5e38e3e-c2ad-4348-acb9-3fc25cfb14dd: receive RaftClientReply:client-734BBEB428D7->a5e38e3e-c2ad-4348-acb9-3fc25cfb14dd@group-7000B19605CB, cid=4502, SUCCESS, logIndex=6871, commits[a5e38e3e-c2ad-4348-acb9-3fc25cfb14dd:c6872, 11e48d46-e648-47f9-b6a0-9c7f26654c28:c6868, d1b6a90e-e817-40a7-bec1-608b5cc7d8b6:c6868]
2019-09-11 04:26:40,256 [grpc-default-executor-4] INFO  client.GrpcClientProtocolClient (GrpcClientProtocolClient.java:onNext(264)) - client-734BBEB428D7->a5e38e3e-c2ad-4348-acb9-3fc25cfb14dd: receive RaftClientReply:client-734BBEB428D7->a5e38e3e-c2ad-4348-acb9-3fc25cfb14dd@group-7000B19605CB, cid=4503, SUCCESS, logIndex=6872, commits[a5e38e3e-c2ad-4348-acb9-3fc25cfb14dd:c6872, 11e48d46-e648-47f9-b6a0-9c7f26654c28:c6868, d1b6a90e-e817-40a7-bec1-608b5cc7d8b6:c6868]
2019-09-11 04:26:40,257 [grpc-default-executor-4] INFO  client.GrpcClientProtocolClient (GrpcClientProtocolClient.java:onNext(264)) - client-734BBEB428D7->a5e38e3e-c2ad-4348-acb9-3fc25cfb14dd: receive RaftClientReply:client-734BBEB428D7->a5e38e3e-c2ad-4348-acb9-3fc25cfb14dd@group-7000B19605CB, cid=4504, SUCCESS, logIndex=0, commits[a5e38e3e-c2ad-4348-acb9-3fc25cfb14dd:c6876, 11e48d46-e648-47f9-b6a0-9c7f26654c28:c6872, d1b6a90e-e817-40a7-bec1-608b5cc7d8b6:c6872]
 0.00% |█                                                                                                    |  0/1 Time: 0:00:512019-09-11 04:26:40,277 [grpc-default-executor-3] INFO  client.GrpcClientProtocolClient (GrpcClientProtocolClient.java:onNext(264)) - client-734BBEB428D7->a5e38e3e-c2ad-4348-acb9-3fc25cfb14dd: receive RaftClientReply:client-734BBEB428D7->a5e38e3e-c2ad-4348-acb9-3fc25cfb14dd@group-7000B19605CB, cid=4505, SUCCESS, logIndex=6877, commits[a5e38e3e-c2ad-4348-acb9-3fc25cfb14dd:c6878, 11e48d46-e648-47f9-b6a0-9c7f26654c28:c6876, d1b6a90e-e817-40a7-bec1-608b5cc7d8b6:c6876]
2019-09-11 04:26:40,277 [grpc-default-executor-3] INFO  client.GrpcClientProtocolClient (GrpcClientProtocolClient.java:onNext(264)) - client-734BBEB428D7->a5e38e3e-c2ad-4348-acb9-3fc25cfb14dd: receive RaftClientReply:client-734BBEB428D7->a5e38e3e-c2ad-4348-acb9-3fc25cfb14dd@group-7000B19605CB, cid=4506, SUCCESS, logIndex=6878, commits[a5e38e3e-c2ad-4348-acb9-3fc25cfb14dd:c6878, 11e48d46-e648-47f9-b6a0-9c7f26654c28:c6876, d1b6a90e-e817-40a7-bec1-608b5cc7d8b6:c6876]
2019-09-11 04:26:40,290 [grpc-default-executor-3] INFO  client.GrpcClientProtocolClient (GrpcClientProtocolClient.java:onNext(264)) - client-734BBEB428D7->a5e38e3e-c2ad-4348-acb9-3fc25cfb14dd: receive RaftClientReply:client-734BBEB428D7->a5e38e3e-c2ad-4348-acb9-3fc25cfb14dd@group-7000B19605CB, cid=4507, SUCCESS, logIndex=6881, commits[a5e38e3e-c2ad-4348-acb9-3fc25cfb14dd:c6882, 11e48d46-e648-47f9-b6a0-9c7f26654c28:c6878, d1b6a90e-e817-40a7-bec1-608b5cc7d8b6:c6878]
2019-09-11 04:26:40,290 [grpc-default-executor-3] INFO  client.GrpcClientProtocolClient (GrpcClientProtocolClient.java:onNext(264)) - client-734BBEB428D7->a5e38e3e-c2ad-4348-acb9-3fc25cfb14dd: receive RaftClientReply:client-734BBEB428D7->a5e38e3e-c2ad-4348-acb9-3fc25cfb14dd@group-7000B19605CB, cid=4508, SUCCESS, logIndex=6882, commits[a5e38e3e-c2ad-4348-acb9-3fc25cfb14dd:c6882, 11e48d46-e648-47f9-b6a0-9c7f26654c28:c6878, d1b6a90e-e817-40a7-bec1-608b5cc7d8b6:c6878]
2019-09-11 04:26:40,302 [grpc-default-executor-3] INFO  client.GrpcClientProtocolClient (GrpcClientProtocolClient.java:onNext(264)) - client-734BBEB428D7->a5e38e3e-c2ad-4348-acb9-3fc25cfb14dd: receive RaftClientReply:client-734BBEB428D7->a5e38e3e-c2ad-4348-acb9-3fc25cfb14dd@group-7000B19605CB, cid=4509, SUCCESS, logIndex=0, commits[a5e38e3e-c2ad-4348-acb9-3fc25cfb14dd:c6883, 11e48d46-e648-47f9-b6a0-9c7f26654c28:c6882, d1b6a90e-e817-40a7-bec1-608b5cc7d8b6:c6882]
2019-09-11 04:26:40,337 [grpc-default-executor-4] INFO  client.GrpcClientProtocolClient (GrpcClientProtocolClient.java:onNext(264)) - client-734BBEB428D7->a5e38e3e-c2ad-4348-acb9-3fc25cfb14dd: receive RaftClientReply:client-734BBEB428D7->a5e38e3e-c2ad-4348-acb9-3fc25cfb14dd@group-7000B19605CB, cid=4510, SUCCESS, logIndex=6885, commits[a5e38e3e-c2ad-4348-acb9-3fc25cfb14dd:c6888, 11e48d46-e648-47f9-b6a0-9c7f26654c28:c6882, d1b6a90e-e817-40a7-bec1-608b5cc7d8b6:c6884]
2019-09-11 04:26:40,338 [grpc-default-executor-4] INFO  client.GrpcClientProtocolClient (GrpcClientProtocolClient.java:onNext(264)) - client-734BBEB428D7->a5e38e3e-c2ad-4348-acb9-3fc25cfb14dd: receive RaftClientReply:client-734BBEB428D7->a5e38e3e-c2ad-4348-acb9-3fc25cfb14dd@group-7000B19605CB, cid=4511, SUCCESS, logIndex=6886, commits[a5e38e3e-c2ad-4348-acb9-3fc25cfb14dd:c6888, 11e48d46-e648-47f9-b6a0-9c7f26654c28:c6882, d1b6a90e-e817-40a7-bec1-608b5cc7d8b6:c6884]
2019-09-11 04:26:40,339 [grpc-default-executor-4] INFO  client.GrpcClientProtocolClient (GrpcClientProtocolClient.java:onNext(264)) - client-734BBEB428D7->a5e38e3e-c2ad-4348-acb9-3fc25cfb14dd: receive RaftClientReply:client-734BBEB428D7->a5e38e3e-c2ad-4348-acb9-3fc25cfb14dd@group-7000B19605CB, cid=4512, SUCCESS, logIndex=6887, commits[a5e38e3e-c2ad-4348-acb9-3fc25cfb14dd:c6888, 11e48d46-e648-47f9-b6a0-9c7f26654c28:c6884, d1b6a90e-e817-40a7-bec1-608b5cc7d8b6:c6884]
2019-09-11 04:26:40,339 [grpc-default-executor-4] INFO  client.GrpcClientProtocolClient (GrpcClientProtocolClient.java:onNext(264)) - client-734BBEB428D7->a5e38e3e-c2ad-4348-acb9-3fc25cfb14dd: receive RaftClientReply:client-734BBEB428D7->a5e38e3e-c2ad-4348-acb9-3fc25cfb14dd@group-7000B19605CB, cid=4513, SUCCESS, logIndex=6888, commits[a5e38e3e-c2ad-4348-acb9-3fc25cfb14dd:c6888, 11e48d46-e648-47f9-b6a0-9c7f26654c28:c6884, d1b6a90e-e817-40a7-bec1-608b5cc7d8b6:c6884]
2019-09-11 04:26:40,348 [grpc-default-executor-1] INFO  client.GrpcClientProtocolClient (GrpcClientProtocolClient.java:onNext(264)) - client-734BBEB428D7->a5e38e3e-c2ad-4348-acb9-3fc25cfb14dd: receive RaftClientReply:client-734BBEB428D7->a5e38e3e-c2ad-4348-acb9-3fc25cfb14dd@group-7000B19605CB, cid=4514, SUCCESS, logIndex=0, commits[a5e38e3e-c2ad-4348-acb9-3fc25cfb14dd:c6889, 11e48d46-e648-47f9-b6a0-9c7f26654c28:c6886, d1b6a90e-e817-40a7-bec1-608b5cc7d8b6:c6886]
2019-09-11 04:26:40,372 [grpc-default-executor-3] INFO  client.GrpcClientProtocolClient (GrpcClientProtocolClient.java:onNext(264)) - client-734BBEB428D7->a5e38e3e-c2ad-4348-acb9-3fc25cfb14dd: receive RaftClientReply:client-734BBEB428D7->a5e38e3e-c2ad-4348-acb9-3fc25cfb14dd@group-7000B19605CB, cid=4515, SUCCESS, logIndex=6893, commits[a5e38e3e-c2ad-4348-acb9-3fc25cfb14dd:c6894, 11e48d46-e648-47f9-b6a0-9c7f26654c28:c6892, d1b6a90e-e817-40a7-bec1-608b5cc7d8b6:c6892]
2019-09-11 04:26:40,372 [grpc-default-executor-3] INFO  client.GrpcClientProtocolClient (GrpcClientProtocolClient.java:onNext(264)) - client-734BBEB428D7->a5e38e3e-c2ad-4348-acb9-3fc25cfb14dd: receive RaftClientReply:client-734BBEB428D7->a5e38e3e-c2ad-4348-acb9-3fc25cfb14dd@group-7000B19605CB, cid=4516, SUCCESS, logIndex=6894, commits[a5e38e3e-c2ad-4348-acb9-3fc25cfb14dd:c6894, 11e48d46-e648-47f9-b6a0-9c7f26654c28:c6892, d1b6a90e-e817-40a7-bec1-608b5cc7d8b6:c6892]
2019-09-11 04:26:40,384 [grpc-default-executor-3] INFO  client.GrpcClientProtocolClient (GrpcClientProtocolClient.java:onNext(264)) - client-734BBEB428D7->a5e38e3e-c2ad-4348-acb9-3fc25cfb14dd: receive RaftClientReply:client-734BBEB428D7->a5e38e3e-c2ad-4348-acb9-3fc25cfb14dd@group-7000B19605CB, cid=4517, SUCCESS, logIndex=6897, commits[a5e38e3e-c2ad-4348-acb9-3fc25cfb14dd:c6898, 11e48d46-e648-47f9-b6a0-9c7f26654c28:c6893, d1b6a90e-e817-40a7-bec1-608b5cc7d8b6:c6894]
2019-09-11 04:26:40,385 [grpc-default-executor-3] INFO  client.GrpcClientProtocolClient (GrpcClientProtocolClient.java:onNext(264)) - client-734BBEB428D7->a5e38e3e-c2ad-4348-acb9-3fc25cfb14dd: receive RaftClientReply:client-734BBEB428D7->a5e38e3e-c2ad-4348-acb9-3fc25cfb14dd@group-7000B19605CB, cid=4518, SUCCESS, logIndex=6898, commits[a5e38e3e-c2ad-4348-acb9-3fc25cfb14dd:c6898, 11e48d46-e648-47f9-b6a0-9c7f26654c28:c6893, d1b6a90e-e817-40a7-bec1-608b5cc7d8b6:c6894]
2019-09-11 04:26:40,385 [grpc-default-executor-3] INFO  client.GrpcClientProtocolClient (GrpcClientProtocolClient.java:onNext(264)) - client-734BBEB428D7->a5e38e3e-c2ad-4348-acb9-3fc25cfb14dd: receive RaftClientReply:client-734BBEB428D7->a5e38e3e-c2ad-4348-acb9-3fc25cfb14dd@group-7000B19605CB, cid=4519, SUCCESS, logIndex=0, commits[a5e38e3e-c2ad-4348-acb9-3fc25cfb14dd:c6899, 11e48d46-e648-47f9-b6a0-9c7f26654c28:c6894, d1b6a90e-e817-40a7-bec1-608b5cc7d8b6:c6898]
2019-09-11 04:26:40,386 [grpc-default-executor-4] INFO  client.GrpcClientProtocolClient (GrpcClientProtocolClient.java:onNext(264)) - client-734BBEB428D7->a5e38e3e-c2ad-4348-acb9-3fc25cfb14dd: receive RaftClientReply:client-734BBEB428D7->a5e38e3e-c2ad-4348-acb9-3fc25cfb14dd@group-7000B19605CB, cid=4520, SUCCESS, logIndex=0, commits[a5e38e3e-c2ad-4348-acb9-3fc25cfb14dd:c6900, 11e48d46-e648-47f9-b6a0-9c7f26654c28:c6898, d1b6a90e-e817-40a7-bec1-608b5cc7d8b6:c6898]
2019-09-11 04:26:40,422 [grpc-default-executor-4] INFO  client.GrpcClientProtocolClient (GrpcClientProtocolClient.java:onNext(264)) - client-734BBEB428D7->a5e38e3e-c2ad-4348-acb9-3fc25cfb14dd: receive RaftClientReply:client-734BBEB428D7->a5e38e3e-c2ad-4348-acb9-3fc25cfb14dd@group-7000B19605CB, cid=4521, SUCCESS, logIndex=6901, commits[a5e38e3e-c2ad-4348-acb9-3fc25cfb14dd:c6902, 11e48d46-e648-47f9-b6a0-9c7f26654c28:c6898, d1b6a90e-e817-40a7-bec1-608b5cc7d8b6:c6900]
2019-09-11 04:26:40,424 [grpc-default-executor-4] INFO  client.GrpcClientProtocolClient (GrpcClientProtocolClient.java:onNext(264)) - client-734BBEB428D7->a5e38e3e-c2ad-4348-acb9-3fc25cfb14dd: receive RaftClientReply:client-734BBEB428D7->a5e38e3e-c2ad-4348-acb9-3fc25cfb14dd@group-7000B19605CB, cid=4522, SUCCESS, logIndex=6902, commits[a5e38e3e-c2ad-4348-acb9-3fc25cfb14dd:c6902, 11e48d46-e648-47f9-b6a0-9c7f26654c28:c6900, d1b6a90e-e817-40a7-bec1-608b5cc7d8b6:c6900]
2019-09-11 04:26:40,424 [grpc-default-executor-1] INFO  client.GrpcClientProtocolClient (GrpcClientProtocolClient.java:onNext(264)) - client-734BBEB428D7->a5e38e3e-c2ad-4348-acb9-3fc25cfb14dd: receive RaftClientReply:client-734BBEB428D7->a5e38e3e-c2ad-4348-acb9-3fc25cfb14dd@group-7000B19605CB, cid=4523, SUCCESS, logIndex=6903, commits[a5e38e3e-c2ad-4348-acb9-3fc25cfb14dd:c6905, 11e48d46-e648-47f9-b6a0-9c7f26654c28:c6900, d1b6a90e-e817-40a7-bec1-608b5cc7d8b6:c6902]
2019-09-11 04:26:40,424 [grpc-default-executor-1] INFO  client.GrpcClientProtocolClient (GrpcClientProtocolClient.java:onNext(264)) - client-734BBEB428D7->a5e38e3e-c2ad-4348-acb9-3fc25cfb14dd: receive RaftClientReply:client-734BBEB428D7->a5e38e3e-c2ad-4348-acb9-3fc25cfb14dd@group-7000B19605CB, cid=4524, SUCCESS, logIndex=6904, commits[a5e38e3e-c2ad-4348-acb9-3fc25cfb14dd:c6905, 11e48d46-e648-47f9-b6a0-9c7f26654c28:c6900, d1b6a90e-e817-40a7-bec1-608b5cc7d8b6:c6902]
2019-09-11 04:26:40,426 [grpc-default-executor-1] INFO  client.GrpcClientProtocolClient (GrpcClientProtocolClient.java:onNext(264)) - client-734BBEB428D7->a5e38e3e-c2ad-4348-acb9-3fc25cfb14dd: receive RaftClientReply:client-734BBEB428D7->a5e38e3e-c2ad-4348-acb9-3fc25cfb14dd@group-7000B19605CB, cid=4525, SUCCESS, logIndex=0, commits[a5e38e3e-c2ad-4348-acb9-3fc25cfb14dd:c6907, 11e48d46-e648-47f9-b6a0-9c7f26654c28:c6902, d1b6a90e-e817-40a7-bec1-608b5cc7d8b6:c6905]
 0.00% |█                                                                                                    |  0/1 Time: 0:00:52 0.00% |█                                                                                                    |  0/1 Time: 0:00:53 0.00% |█                                                                                                    |  0/1 Time: 0:00:542019-09-11 04:26:43,431 [java.util.concurrent.ThreadPoolExecutor$Worker@72c9f50b[State = -1, empty queue]] WARN  server.GrpcLogAppender (GrpcLogAppender.java:timeoutAppendRequest(200)) - a5e38e3e-c2ad-4348-acb9-3fc25cfb14dd@group-7000B19605CB->d1b6a90e-e817-40a7-bec1-608b5cc7d8b6-GrpcLogAppender: appendEntries Timeout, request=a5e38e3e-c2ad-4348-acb9-3fc25cfb14dd->d1b6a90e-e817-40a7-bec1-608b5cc7d8b6#6917-t1, previous=(t:1, i:6907), leaderCommit=6907, initializing? false, entries: size=1, first=(t:1, i:6908), STATEMACHINELOGENTRY, client-734BBEB428D7, cid=4526
2019-09-11 04:26:43,431 [java.util.concurrent.ThreadPoolExecutor$Worker@390d431c[State = -1, empty queue]] WARN  server.GrpcLogAppender (GrpcLogAppender.java:timeoutAppendRequest(200)) - a5e38e3e-c2ad-4348-acb9-3fc25cfb14dd@group-7000B19605CB->11e48d46-e648-47f9-b6a0-9c7f26654c28-GrpcLogAppender: appendEntries Timeout, request=a5e38e3e-c2ad-4348-acb9-3fc25cfb14dd->11e48d46-e648-47f9-b6a0-9c7f26654c28#6917-t1, previous=(t:1, i:6907), leaderCommit=6907, initializing? false, entries: size=1, first=(t:1, i:6908), STATEMACHINELOGENTRY, client-734BBEB428D7, cid=4526
2019-09-11 04:26:43,432 [java.util.concurrent.ThreadPoolExecutor$Worker@72c9f50b[State = -1, empty queue]] WARN  server.GrpcLogAppender (GrpcLogAppender.java:timeoutAppendRequest(200)) - a5e38e3e-c2ad-4348-acb9-3fc25cfb14dd@group-7000B19605CB->d1b6a90e-e817-40a7-bec1-608b5cc7d8b6-GrpcLogAppender: appendEntries Timeout, request=a5e38e3e-c2ad-4348-acb9-3fc25cfb14dd->d1b6a90e-e817-40a7-bec1-608b5cc7d8b6#6918-t1, previous=(t:1, i:6908), leaderCommit=6907, initializing? false, entries: size=1, first=(t:1, i:6909), STATEMACHINELOGENTRY, client-734BBEB428D7, cid=4527
2019-09-11 04:26:43,438 [java.util.concurrent.ThreadPoolExecutor$Worker@390d431c[State = -1, empty queue]] WARN  server.GrpcLogAppender (GrpcLogAppender.java:timeoutAppendRequest(200)) - a5e38e3e-c2ad-4348-acb9-3fc25cfb14dd@group-7000B19605CB->11e48d46-e648-47f9-b6a0-9c7f26654c28-GrpcLogAppender: appendEntries Timeout, request=a5e38e3e-c2ad-4348-acb9-3fc25cfb14dd->11e48d46-e648-47f9-b6a0-9c7f26654c28#6918-t1, previous=(t:1, i:6908), leaderCommit=6907, initializing? false, entries: size=1, first=(t:1, i:6909), STATEMACHINELOGENTRY, client-734BBEB428D7, cid=4527
 0.00% |█                                                                                                    |  0/1 Time: 0:00:55 0.00% |█                                                                                                    |  0/1 Time: 0:00:562019-09-11 04:26:45,485 [grpc-default-executor-4] INFO  client.GrpcClientProtocolClient (GrpcClientProtocolClient.java:onNext(264)) - client-734BBEB428D7->d1b6a90e-e817-40a7-bec1-608b5cc7d8b6: receive RaftClientReply:client-734BBEB428D7->d1b6a90e-e817-40a7-bec1-608b5cc7d8b6@group-7000B19605CB, cid=4526, FAILED org.apache.ratis.protocol.NotLeaderException: Server d1b6a90e-e817-40a7-bec1-608b5cc7d8b6@group-7000B19605CB is not the leader a5e38e3e-c2ad-4348-acb9-3fc25cfb14dd:192.168.34.53:37772, logIndex=0, commits[d1b6a90e-e817-40a7-bec1-608b5cc7d8b6:c6907, 11e48d46-e648-47f9-b6a0-9c7f26654c28:c6905, a5e38e3e-c2ad-4348-acb9-3fc25cfb14dd:c6907]
2019-09-11 04:26:45,932 [java.util.concurrent.ThreadPoolExecutor$Worker@72c9f50b[State = -1, empty queue]] WARN  server.GrpcLogAppender (GrpcLogAppender.java:timeoutAppendRequest(200)) - a5e38e3e-c2ad-4348-acb9-3fc25cfb14dd@group-7000B19605CB->d1b6a90e-e817-40a7-bec1-608b5cc7d8b6-GrpcLogAppender: appendEntries Timeout, request=a5e38e3e-c2ad-4348-acb9-3fc25cfb14dd->d1b6a90e-e817-40a7-bec1-608b5cc7d8b6#6919-t1, previous=(t:1, i:6909), leaderCommit=6907, initializing? false, entries: <empty>
2019-09-11 04:26:45,932 [java.util.concurrent.ThreadPoolExecutor$Worker@390d431c[State = -1, empty queue]] WARN  server.GrpcLogAppender (GrpcLogAppender.java:timeoutAppendRequest(200)) - a5e38e3e-c2ad-4348-acb9-3fc25cfb14dd@group-7000B19605CB->11e48d46-e648-47f9-b6a0-9c7f26654c28-GrpcLogAppender: appendEntries Timeout, request=a5e38e3e-c2ad-4348-acb9-3fc25cfb14dd->11e48d46-e648-47f9-b6a0-9c7f26654c28#6919-t1, previous=(t:1, i:6909), leaderCommit=6907, initializing? false, entries: <empty>
 0.00% |█                                                                                                    |  0/1 Time: 0:00:572019-09-11 04:26:46,813 [grpc-default-executor-3] WARN  server.GrpcLogAppender (GrpcLogAppender.java:onNextImpl(251)) - a5e38e3e-c2ad-4348-acb9-3fc25cfb14dd@group-7000B19605CB->d1b6a90e-e817-40a7-bec1-608b5cc7d8b6-AppendLogResponseHandler: Request not found, ignoring reply: a5e38e3e-c2ad-4348-acb9-3fc25cfb14dd<-d1b6a90e-e817-40a7-bec1-608b5cc7d8b6#6917:OK,SUCCESS,nextIndex:6909,term:1,followerCommit:6907
2019-09-11 04:26:46,813 [grpc-default-executor-4] WARN  server.GrpcLogAppender (GrpcLogAppender.java:onNextImpl(251)) - a5e38e3e-c2ad-4348-acb9-3fc25cfb14dd@group-7000B19605CB->11e48d46-e648-47f9-b6a0-9c7f26654c28-AppendLogResponseHandler: Request not found, ignoring reply: a5e38e3e-c2ad-4348-acb9-3fc25cfb14dd<-11e48d46-e648-47f9-b6a0-9c7f26654c28#6917:OK,SUCCESS,nextIndex:6909,term:1,followerCommit:6907
2019-09-11 04:26:46,814 [grpc-default-executor-3] WARN  server.GrpcLogAppender (GrpcLogAppender.java:onNextImpl(251)) - a5e38e3e-c2ad-4348-acb9-3fc25cfb14dd@group-7000B19605CB->d1b6a90e-e817-40a7-bec1-608b5cc7d8b6-AppendLogResponseHandler: Request not found, ignoring reply: a5e38e3e-c2ad-4348-acb9-3fc25cfb14dd<-d1b6a90e-e817-40a7-bec1-608b5cc7d8b6#6918:OK,SUCCESS,nextIndex:6910,term:1,followerCommit:6907
2019-09-11 04:26:46,814 [grpc-default-executor-4] WARN  server.GrpcLogAppender (GrpcLogAppender.java:onNextImpl(251)) - a5e38e3e-c2ad-4348-acb9-3fc25cfb14dd@group-7000B19605CB->11e48d46-e648-47f9-b6a0-9c7f26654c28-AppendLogResponseHandler: Request not found, ignoring reply: a5e38e3e-c2ad-4348-acb9-3fc25cfb14dd<-11e48d46-e648-47f9-b6a0-9c7f26654c28#6918:OK,SUCCESS,nextIndex:6910,term:1,followerCommit:6907
2019-09-11 04:26:46,814 [grpc-default-executor-3] WARN  server.GrpcLogAppender (GrpcLogAppender.java:onNextImpl(251)) - a5e38e3e-c2ad-4348-acb9-3fc25cfb14dd@group-7000B19605CB->d1b6a90e-e817-40a7-bec1-608b5cc7d8b6-AppendLogResponseHandler: Request not found, ignoring reply: a5e38e3e-c2ad-4348-acb9-3fc25cfb14dd<-d1b6a90e-e817-40a7-bec1-608b5cc7d8b6#6919:OK,SUCCESS,nextIndex:6910,term:1,followerCommit:6907
2019-09-11 04:26:46,814 [grpc-default-executor-4] WARN  server.GrpcLogAppender (GrpcLogAppender.java:onNextImpl(251)) - a5e38e3e-c2ad-4348-acb9-3fc25cfb14dd@group-7000B19605CB->11e48d46-e648-47f9-b6a0-9c7f26654c28-AppendLogResponseHandler: Request not found, ignoring reply: a5e38e3e-c2ad-4348-acb9-3fc25cfb14dd<-11e48d46-e648-47f9-b6a0-9c7f26654c28#6919:OK,SUCCESS,nextIndex:6910,term:1,followerCommit:6907
2019-09-11 04:26:46,829 [grpc-default-executor-4] INFO  client.GrpcClientProtocolClient (GrpcClientProtocolClient.java:onNext(264)) - client-734BBEB428D7->a5e38e3e-c2ad-4348-acb9-3fc25cfb14dd: receive RaftClientReply:client-734BBEB428D7->a5e38e3e-c2ad-4348-acb9-3fc25cfb14dd@group-7000B19605CB, cid=4526, SUCCESS, logIndex=6908, commits[a5e38e3e-c2ad-4348-acb9-3fc25cfb14dd:c6909, 11e48d46-e648-47f9-b6a0-9c7f26654c28:c6907, d1b6a90e-e817-40a7-bec1-608b5cc7d8b6:c6907]
2019-09-11 04:26:47,038 [grpc-default-executor-4] INFO  client.GrpcClientProtocolClient (GrpcClientProtocolClient.java:onNext(264)) - client-734BBEB428D7->a5e38e3e-c2ad-4348-acb9-3fc25cfb14dd: receive RaftClientReply:client-734BBEB428D7->a5e38e3e-c2ad-4348-acb9-3fc25cfb14dd@group-7000B19605CB, cid=4527, SUCCESS, logIndex=6909, commits[a5e38e3e-c2ad-4348-acb9-3fc25cfb14dd:c6909, 11e48d46-e648-47f9-b6a0-9c7f26654c28:c6907, d1b6a90e-e817-40a7-bec1-608b5cc7d8b6:c6907]
2019-09-11 04:26:47,071 [grpc-default-executor-3] INFO  client.GrpcClientProtocolClient (GrpcClientProtocolClient.java:onNext(264)) - client-734BBEB428D7->a5e38e3e-c2ad-4348-acb9-3fc25cfb14dd: receive RaftClientReply:client-734BBEB428D7->a5e38e3e-c2ad-4348-acb9-3fc25cfb14dd@group-7000B19605CB, cid=4528, SUCCESS, logIndex=6911, commits[a5e38e3e-c2ad-4348-acb9-3fc25cfb14dd:c6912, 11e48d46-e648-47f9-b6a0-9c7f26654c28:c6910, d1b6a90e-e817-40a7-bec1-608b5cc7d8b6:c6910]
2019-09-11 04:26:47,071 [grpc-default-executor-3] INFO  client.GrpcClientProtocolClient (GrpcClientProtocolClient.java:onNext(264)) - client-734BBEB428D7->a5e38e3e-c2ad-4348-acb9-3fc25cfb14dd: receive RaftClientReply:client-734BBEB428D7->a5e38e3e-c2ad-4348-acb9-3fc25cfb14dd@group-7000B19605CB, cid=4529, SUCCESS, logIndex=6912, commits[a5e38e3e-c2ad-4348-acb9-3fc25cfb14dd:c6912, 11e48d46-e648-47f9-b6a0-9c7f26654c28:c6910, d1b6a90e-e817-40a7-bec1-608b5cc7d8b6:c6910]
2019-09-11 04:26:47,086 [grpc-default-executor-3] INFO  client.GrpcClientProtocolClient (GrpcClientProtocolClient.java:onNext(264)) - client-734BBEB428D7->a5e38e3e-c2ad-4348-acb9-3fc25cfb14dd: receive RaftClientReply:client-734BBEB428D7->a5e38e3e-c2ad-4348-acb9-3fc25cfb14dd@group-7000B19605CB, cid=4530, SUCCESS, logIndex=0, commits[a5e38e3e-c2ad-4348-acb9-3fc25cfb14dd:c6913, 11e48d46-e648-47f9-b6a0-9c7f26654c28:c6912, d1b6a90e-e817-40a7-bec1-608b5cc7d8b6:c6912]
 0.00% |█                                                                                                    |  0/1 Time: 0:00:58 0.00% |█                                                                                                    |  0/1 Time: 0:00:59 0.00% |█                                                                                                    |  0/1 Time: 0:01:002019-09-11 04:26:50,114 [java.util.concurrent.ThreadPoolExecutor$Worker@390d431c[State = -1, empty queue]] WARN  server.GrpcLogAppender (GrpcLogAppender.java:timeoutAppendRequest(200)) - a5e38e3e-c2ad-4348-acb9-3fc25cfb14dd@group-7000B19605CB->11e48d46-e648-47f9-b6a0-9c7f26654c28-GrpcLogAppender: appendEntries Timeout, request=a5e38e3e-c2ad-4348-acb9-3fc25cfb14dd->11e48d46-e648-47f9-b6a0-9c7f26654c28#6926-t1, previous=(t:1, i:6914), leaderCommit=6914, initializing? false, entries: size=1, first=(t:1, i:6915), STATEMACHINELOGENTRY, client-734BBEB428D7, cid=4531
2019-09-11 04:26:50,115 [java.util.concurrent.ThreadPoolExecutor$Worker@72c9f50b[State = -1, empty queue]] WARN  server.GrpcLogAppender (GrpcLogAppender.java:timeoutAppendRequest(200)) - a5e38e3e-c2ad-4348-acb9-3fc25cfb14dd@group-7000B19605CB->d1b6a90e-e817-40a7-bec1-608b5cc7d8b6-GrpcLogAppender: appendEntries Timeout, request=a5e38e3e-c2ad-4348-acb9-3fc25cfb14dd->d1b6a90e-e817-40a7-bec1-608b5cc7d8b6#6926-t1, previous=(t:1, i:6914), leaderCommit=6914, initializing? false, entries: size=1, first=(t:1, i:6915), STATEMACHINELOGENTRY, client-734BBEB428D7, cid=4531
2019-09-11 04:26:50,115 [java.util.concurrent.ThreadPoolExecutor$Worker@390d431c[State = -1, empty queue]] WARN  server.GrpcLogAppender (GrpcLogAppender.java:timeoutAppendRequest(200)) - a5e38e3e-c2ad-4348-acb9-3fc25cfb14dd@group-7000B19605CB->11e48d46-e648-47f9-b6a0-9c7f26654c28-GrpcLogAppender: appendEntries Timeout, request=a5e38e3e-c2ad-4348-acb9-3fc25cfb14dd->11e48d46-e648-47f9-b6a0-9c7f26654c28#6927-t1, previous=(t:1, i:6915), leaderCommit=6914, initializing? false, entries: size=1, first=(t:1, i:6916), STATEMACHINELOGENTRY, client-734BBEB428D7, cid=4532
2019-09-11 04:26:50,118 [java.util.concurrent.ThreadPoolExecutor$Worker@72c9f50b[State = -1, empty queue]] WARN  server.GrpcLogAppender (GrpcLogAppender.java:timeoutAppendRequest(200)) - a5e38e3e-c2ad-4348-acb9-3fc25cfb14dd@group-7000B19605CB->d1b6a90e-e817-40a7-bec1-608b5cc7d8b6-GrpcLogAppender: appendEntries Timeout, request=a5e38e3e-c2ad-4348-acb9-3fc25cfb14dd->d1b6a90e-e817-40a7-bec1-608b5cc7d8b6#6927-t1, previous=(t:1, i:6915), leaderCommit=6914, initializing? false, entries: size=1, first=(t:1, i:6916), STATEMACHINELOGENTRY, client-734BBEB428D7, cid=4532
2019-09-11 04:26:50,120 [java.util.concurrent.ThreadPoolExecutor$Worker@390d431c[State = -1, empty queue]] WARN  server.GrpcLogAppender (GrpcLogAppender.java:timeoutAppendRequest(200)) - a5e38e3e-c2ad-4348-acb9-3fc25cfb14dd@group-7000B19605CB->11e48d46-e648-47f9-b6a0-9c7f26654c28-GrpcLogAppender: appendEntries Timeout, request=a5e38e3e-c2ad-4348-acb9-3fc25cfb14dd->11e48d46-e648-47f9-b6a0-9c7f26654c28#6928-t1, previous=(t:1, i:6916), leaderCommit=6914, initializing? false, entries: size=1, first=(t:1, i:6917), STATEMACHINELOGENTRY, client-734BBEB428D7, cid=4533
2019-09-11 04:26:50,122 [java.util.concurrent.ThreadPoolExecutor$Worker@72c9f50b[State = -1, empty queue]] WARN  server.GrpcLogAppender (GrpcLogAppender.java:timeoutAppendRequest(200)) - a5e38e3e-c2ad-4348-acb9-3fc25cfb14dd@group-7000B19605CB->d1b6a90e-e817-40a7-bec1-608b5cc7d8b6-GrpcLogAppender: appendEntries Timeout, request=a5e38e3e-c2ad-4348-acb9-3fc25cfb14dd->d1b6a90e-e817-40a7-bec1-608b5cc7d8b6#6928-t1, previous=(t:1, i:6916), leaderCommit=6914, initializing? false, entries: size=1, first=(t:1, i:6917), STATEMACHINELOGENTRY, client-734BBEB428D7, cid=4533
2019-09-11 04:26:50,133 [java.util.concurrent.ThreadPoolExecutor$Worker@390d431c[State = -1, empty queue]] WARN  server.GrpcLogAppender (GrpcLogAppender.java:timeoutAppendRequest(200)) - a5e38e3e-c2ad-4348-acb9-3fc25cfb14dd@group-7000B19605CB->11e48d46-e648-47f9-b6a0-9c7f26654c28-GrpcLogAppender: appendEntries Timeout, request=a5e38e3e-c2ad-4348-acb9-3fc25cfb14dd->11e48d46-e648-47f9-b6a0-9c7f26654c28#6929-t1, previous=(t:1, i:6917), leaderCommit=6914, initializing? false, entries: size=1, first=(t:1, i:6918), STATEMACHINELOGENTRY, client-734BBEB428D7, cid=4534
2019-09-11 04:26:50,135 [java.util.concurrent.ThreadPoolExecutor$Worker@72c9f50b[State = -1, empty queue]] WARN  server.GrpcLogAppender (GrpcLogAppender.java:timeoutAppendRequest(200)) - a5e38e3e-c2ad-4348-acb9-3fc25cfb14dd@group-7000B19605CB->d1b6a90e-e817-40a7-bec1-608b5cc7d8b6-GrpcLogAppender: appendEntries Timeout, request=a5e38e3e-c2ad-4348-acb9-3fc25cfb14dd->d1b6a90e-e817-40a7-bec1-608b5cc7d8b6#6929-t1, previous=(t:1, i:6917), leaderCommit=6914, initializing? false, entries: size=1, first=(t:1, i:6918), STATEMACHINELOGENTRY, client-734BBEB428D7, cid=4534
 0.00% |█                                                                                                    |  0/1 Time: 0:01:012019-09-11 04:26:50,433 [grpc-default-executor-1] WARN  server.GrpcLogAppender (GrpcLogAppender.java:onNextImpl(251)) - a5e38e3e-c2ad-4348-acb9-3fc25cfb14dd@group-7000B19605CB->d1b6a90e-e817-40a7-bec1-608b5cc7d8b6-AppendLogResponseHandler: Request not found, ignoring reply: a5e38e3e-c2ad-4348-acb9-3fc25cfb14dd<-d1b6a90e-e817-40a7-bec1-608b5cc7d8b6#6926:OK,SUCCESS,nextIndex:6916,term:1,followerCommit:6914
2019-09-11 04:26:50,435 [grpc-default-executor-1] WARN  server.GrpcLogAppender (GrpcLogAppender.java:onNextImpl(251)) - a5e38e3e-c2ad-4348-acb9-3fc25cfb14dd@group-7000B19605CB->d1b6a90e-e817-40a7-bec1-608b5cc7d8b6-AppendLogResponseHandler: Request not found, ignoring reply: a5e38e3e-c2ad-4348-acb9-3fc25cfb14dd<-d1b6a90e-e817-40a7-bec1-608b5cc7d8b6#6927:OK,SUCCESS,nextIndex:6917,term:1,followerCommit:6914
2019-09-11 04:26:50,435 [grpc-default-executor-1] WARN  server.GrpcLogAppender (GrpcLogAppender.java:onNextImpl(251)) - a5e38e3e-c2ad-4348-acb9-3fc25cfb14dd@group-7000B19605CB->d1b6a90e-e817-40a7-bec1-608b5cc7d8b6-AppendLogResponseHandler: Request not found, ignoring reply: a5e38e3e-c2ad-4348-acb9-3fc25cfb14dd<-d1b6a90e-e817-40a7-bec1-608b5cc7d8b6#6928:OK,SUCCESS,nextIndex:6918,term:1,followerCommit:6914
2019-09-11 04:26:50,435 [grpc-default-executor-4] WARN  server.GrpcLogAppender (GrpcLogAppender.java:onNextImpl(251)) - a5e38e3e-c2ad-4348-acb9-3fc25cfb14dd@group-7000B19605CB->11e48d46-e648-47f9-b6a0-9c7f26654c28-AppendLogResponseHandler: Request not found, ignoring reply: a5e38e3e-c2ad-4348-acb9-3fc25cfb14dd<-11e48d46-e648-47f9-b6a0-9c7f26654c28#6926:OK,SUCCESS,nextIndex:6916,term:1,followerCommit:6914
2019-09-11 04:26:50,435 [grpc-default-executor-1] WARN  server.GrpcLogAppender (GrpcLogAppender.java:onNextImpl(251)) - a5e38e3e-c2ad-4348-acb9-3fc25cfb14dd@group-7000B19605CB->d1b6a90e-e817-40a7-bec1-608b5cc7d8b6-AppendLogResponseHandler: Request not found, ignoring reply: a5e38e3e-c2ad-4348-acb9-3fc25cfb14dd<-d1b6a90e-e817-40a7-bec1-608b5cc7d8b6#6929:OK,SUCCESS,nextIndex:6919,term:1,followerCommit:6914
2019-09-11 04:26:50,437 [grpc-default-executor-4] WARN  server.GrpcLogAppender (GrpcLogAppender.java:onNextImpl(251)) - a5e38e3e-c2ad-4348-acb9-3fc25cfb14dd@group-7000B19605CB->11e48d46-e648-47f9-b6a0-9c7f26654c28-AppendLogResponseHandler: Request not found, ignoring reply: a5e38e3e-c2ad-4348-acb9-3fc25cfb14dd<-11e48d46-e648-47f9-b6a0-9c7f26654c28#6927:OK,SUCCESS,nextIndex:6917,term:1,followerCommit:6914
2019-09-11 04:26:50,437 [grpc-default-executor-4] WARN  server.GrpcLogAppender (GrpcLogAppender.java:onNextImpl(251)) - a5e38e3e-c2ad-4348-acb9-3fc25cfb14dd@group-7000B19605CB->11e48d46-e648-47f9-b6a0-9c7f26654c28-AppendLogResponseHandler: Request not found, ignoring reply: a5e38e3e-c2ad-4348-acb9-3fc25cfb14dd<-11e48d46-e648-47f9-b6a0-9c7f26654c28#6928:OK,SUCCESS,nextIndex:6918,term:1,followerCommit:6914
2019-09-11 04:26:50,438 [grpc-default-executor-4] WARN  server.GrpcLogAppender (GrpcLogAppender.java:onNextImpl(251)) - a5e38e3e-c2ad-4348-acb9-3fc25cfb14dd@group-7000B19605CB->11e48d46-e648-47f9-b6a0-9c7f26654c28-AppendLogResponseHandler: Request not found, ignoring reply: a5e38e3e-c2ad-4348-acb9-3fc25cfb14dd<-11e48d46-e648-47f9-b6a0-9c7f26654c28#6929:OK,SUCCESS,nextIndex:6919,term:1,followerCommit:6914
2019-09-11 04:26:50,441 [grpc-default-executor-1] INFO  client.GrpcClientProtocolClient (GrpcClientProtocolClient.java:onNext(264)) - client-734BBEB428D7->a5e38e3e-c2ad-4348-acb9-3fc25cfb14dd: receive RaftClientReply:client-734BBEB428D7->a5e38e3e-c2ad-4348-acb9-3fc25cfb14dd@group-7000B19605CB, cid=4531, SUCCESS, logIndex=6915, commits[a5e38e3e-c2ad-4348-acb9-3fc25cfb14dd:c6918, 11e48d46-e648-47f9-b6a0-9c7f26654c28:c6914, d1b6a90e-e817-40a7-bec1-608b5cc7d8b6:c6914]
2019-09-11 04:26:50,441 [grpc-default-executor-1] INFO  client.GrpcClientProtocolClient (GrpcClientProtocolClient.java:onNext(264)) - client-734BBEB428D7->a5e38e3e-c2ad-4348-acb9-3fc25cfb14dd: receive RaftClientReply:client-734BBEB428D7->a5e38e3e-c2ad-4348-acb9-3fc25cfb14dd@group-7000B19605CB, cid=4532, SUCCESS, logIndex=6916, commits[a5e38e3e-c2ad-4348-acb9-3fc25cfb14dd:c6918, 11e48d46-e648-47f9-b6a0-9c7f26654c28:c6914, d1b6a90e-e817-40a7-bec1-608b5cc7d8b6:c6914]
2019-09-11 04:26:50,441 [grpc-default-executor-1] INFO  client.GrpcClientProtocolClient (GrpcClientProtocolClient.java:onNext(264)) - client-734BBEB428D7->a5e38e3e-c2ad-4348-acb9-3fc25cfb14dd: receive RaftClientReply:client-734BBEB428D7->a5e38e3e-c2ad-4348-acb9-3fc25cfb14dd@group-7000B19605CB, cid=4533, SUCCESS, logIndex=6917, commits[a5e38e3e-c2ad-4348-acb9-3fc25cfb14dd:c6918, 11e48d46-e648-47f9-b6a0-9c7f26654c28:c6914, d1b6a90e-e817-40a7-bec1-608b5cc7d8b6:c6914]
2019-09-11 04:26:50,442 [grpc-default-executor-1] INFO  client.GrpcClientProtocolClient (GrpcClientProtocolClient.java:onNext(264)) - client-734BBEB428D7->a5e38e3e-c2ad-4348-acb9-3fc25cfb14dd: receive RaftClientReply:client-734BBEB428D7->a5e38e3e-c2ad-4348-acb9-3fc25cfb14dd@group-7000B19605CB, cid=4534, SUCCESS, logIndex=6918, commits[a5e38e3e-c2ad-4348-acb9-3fc25cfb14dd:c6918, 11e48d46-e648-47f9-b6a0-9c7f26654c28:c6914, d1b6a90e-e817-40a7-bec1-608b5cc7d8b6:c6914]
 0.00% |█                                                                                                    |  0/1 Time: 0:01:02 0.00% |█                                                                                                    |  0/1 Time: 0:01:03 0.00% |█                                                                                                    |  0/1 Time: 0:01:04 0.00% |█                                                                                                    |  0/1 Time: 0:01:05 0.00% |█                                                                                                    |  0/1 Time: 0:01:062019-09-11 04:26:56,155 [grpc-default-executor-4] INFO  client.GrpcClientProtocolClient (GrpcClientProtocolClient.java:onNext(264)) - client-734BBEB428D7->11e48d46-e648-47f9-b6a0-9c7f26654c28: receive RaftClientReply:client-734BBEB428D7->11e48d46-e648-47f9-b6a0-9c7f26654c28@group-7000B19605CB, cid=4531, FAILED org.apache.ratis.protocol.NotLeaderException: Server 11e48d46-e648-47f9-b6a0-9c7f26654c28@group-7000B19605CB is not the leader a5e38e3e-c2ad-4348-acb9-3fc25cfb14dd:192.168.34.53:37772, logIndex=0, commits[11e48d46-e648-47f9-b6a0-9c7f26654c28:c6919, d1b6a90e-e817-40a7-bec1-608b5cc7d8b6:c6919, a5e38e3e-c2ad-4348-acb9-3fc25cfb14dd:c6919]
2019-09-11 04:26:56,180 [grpc-default-executor-4] INFO  client.GrpcClientProtocolClient (GrpcClientProtocolClient.java:onNext(264)) - client-734BBEB428D7->a5e38e3e-c2ad-4348-acb9-3fc25cfb14dd: receive RaftClientReply:client-734BBEB428D7->a5e38e3e-c2ad-4348-acb9-3fc25cfb14dd@group-7000B19605CB, cid=4531, SUCCESS, logIndex=6915, commits[a5e38e3e-c2ad-4348-acb9-3fc25cfb14dd:c6918, 11e48d46-e648-47f9-b6a0-9c7f26654c28:c6914, d1b6a90e-e817-40a7-bec1-608b5cc7d8b6:c6914]
2019-09-11 04:26:56,190 [grpc-default-executor-4] INFO  client.GrpcClientProtocolClient (GrpcClientProtocolClient.java:onNext(264)) - client-734BBEB428D7->a5e38e3e-c2ad-4348-acb9-3fc25cfb14dd: receive RaftClientReply:client-734BBEB428D7->a5e38e3e-c2ad-4348-acb9-3fc25cfb14dd@group-7000B19605CB, cid=4532, SUCCESS, logIndex=6916, commits[a5e38e3e-c2ad-4348-acb9-3fc25cfb14dd:c6918, 11e48d46-e648-47f9-b6a0-9c7f26654c28:c6914, d1b6a90e-e817-40a7-bec1-608b5cc7d8b6:c6914]
2019-09-11 04:26:56,193 [grpc-default-executor-3] INFO  client.GrpcClientProtocolClient (GrpcClientProtocolClient.java:onNext(264)) - client-734BBEB428D7->a5e38e3e-c2ad-4348-acb9-3fc25cfb14dd: receive RaftClientReply:client-734BBEB428D7->a5e38e3e-c2ad-4348-acb9-3fc25cfb14dd@group-7000B19605CB, cid=4533, SUCCESS, logIndex=6917, commits[a5e38e3e-c2ad-4348-acb9-3fc25cfb14dd:c6918, 11e48d46-e648-47f9-b6a0-9c7f26654c28:c6914, d1b6a90e-e817-40a7-bec1-608b5cc7d8b6:c6914]
2019-09-11 04:26:56,195 [grpc-default-executor-3] INFO  client.GrpcClientProtocolClient (GrpcClientProtocolClient.java:onNext(264)) - client-734BBEB428D7->a5e38e3e-c2ad-4348-acb9-3fc25cfb14dd: receive RaftClientReply:client-734BBEB428D7->a5e38e3e-c2ad-4348-acb9-3fc25cfb14dd@group-7000B19605CB, cid=4534, SUCCESS, logIndex=6918, commits[a5e38e3e-c2ad-4348-acb9-3fc25cfb14dd:c6918, 11e48d46-e648-47f9-b6a0-9c7f26654c28:c6914, d1b6a90e-e817-40a7-bec1-608b5cc7d8b6:c6914]
2019-09-11 04:26:56,199 [grpc-default-executor-3] INFO  client.GrpcClientProtocolClient (GrpcClientProtocolClient.java:onNext(264)) - client-734BBEB428D7->a5e38e3e-c2ad-4348-acb9-3fc25cfb14dd: receive RaftClientReply:client-734BBEB428D7->a5e38e3e-c2ad-4348-acb9-3fc25cfb14dd@group-7000B19605CB, cid=4535, SUCCESS, logIndex=0, commits[a5e38e3e-c2ad-4348-acb9-3fc25cfb14dd:c6919, 11e48d46-e648-47f9-b6a0-9c7f26654c28:c6919, d1b6a90e-e817-40a7-bec1-608b5cc7d8b6:c6919]
 0.00% |█                                                                                                    |  0/1 Time: 0:01:072019-09-11 04:26:56,366 [grpc-default-executor-4] INFO  client.GrpcClientProtocolClient (GrpcClientProtocolClient.java:onNext(264)) - client-734BBEB428D7->a5e38e3e-c2ad-4348-acb9-3fc25cfb14dd: receive RaftClientReply:client-734BBEB428D7->a5e38e3e-c2ad-4348-acb9-3fc25cfb14dd@group-7000B19605CB, cid=4536, SUCCESS, logIndex=6920, commits[a5e38e3e-c2ad-4348-acb9-3fc25cfb14dd:c6921, 11e48d46-e648-47f9-b6a0-9c7f26654c28:c6919, d1b6a90e-e817-40a7-bec1-608b5cc7d8b6:c6919]
2019-09-11 04:26:56,367 [grpc-default-executor-4] INFO  client.GrpcClientProtocolClient (GrpcClientProtocolClient.java:onNext(264)) - client-734BBEB428D7->a5e38e3e-c2ad-4348-acb9-3fc25cfb14dd: receive RaftClientReply:client-734BBEB428D7->a5e38e3e-c2ad-4348-acb9-3fc25cfb14dd@group-7000B19605CB, cid=4537, SUCCESS, logIndex=6921, commits[a5e38e3e-c2ad-4348-acb9-3fc25cfb14dd:c6921, 11e48d46-e648-47f9-b6a0-9c7f26654c28:c6919, d1b6a90e-e817-40a7-bec1-608b5cc7d8b6:c6919]
2019-09-11 04:26:56,392 [grpc-default-executor-4] INFO  client.GrpcClientProtocolClient (GrpcClientProtocolClient.java:onNext(264)) - client-734BBEB428D7->a5e38e3e-c2ad-4348-acb9-3fc25cfb14dd: receive RaftClientReply:client-734BBEB428D7->a5e38e3e-c2ad-4348-acb9-3fc25cfb14dd@group-7000B19605CB, cid=4538, SUCCESS, logIndex=6924, commits[a5e38e3e-c2ad-4348-acb9-3fc25cfb14dd:c6925, 11e48d46-e648-47f9-b6a0-9c7f26654c28:c6921, d1b6a90e-e817-40a7-bec1-608b5cc7d8b6:c6921]
2019-09-11 04:26:56,393 [grpc-default-executor-4] INFO  client.GrpcClientProtocolClient (GrpcClientProtocolClient.java:onNext(264)) - client-734BBEB428D7->a5e38e3e-c2ad-4348-acb9-3fc25cfb14dd: receive RaftClientReply:client-734BBEB428D7->a5e38e3e-c2ad-4348-acb9-3fc25cfb14dd@group-7000B19605CB, cid=4539, SUCCESS, logIndex=6925, commits[a5e38e3e-c2ad-4348-acb9-3fc25cfb14dd:c6925, 11e48d46-e648-47f9-b6a0-9c7f26654c28:c6921, d1b6a90e-e817-40a7-bec1-608b5cc7d8b6:c6921]
2019-09-11 04:26:56,405 [grpc-default-executor-4] INFO  client.GrpcClientProtocolClient (GrpcClientProtocolClient.java:onNext(264)) - client-734BBEB428D7->a5e38e3e-c2ad-4348-acb9-3fc25cfb14dd: receive RaftClientReply:client-734BBEB428D7->a5e38e3e-c2ad-4348-acb9-3fc25cfb14dd@group-7000B19605CB, cid=4540, SUCCESS, logIndex=0, commits[a5e38e3e-c2ad-4348-acb9-3fc25cfb14dd:c6926, 11e48d46-e648-47f9-b6a0-9c7f26654c28:c6925, d1b6a90e-e817-40a7-bec1-608b5cc7d8b6:c6925]
2019-09-11 04:26:56,449 [grpc-default-executor-1] INFO  client.GrpcClientProtocolClient (GrpcClientProtocolClient.java:onNext(264)) - client-734BBEB428D7->a5e38e3e-c2ad-4348-acb9-3fc25cfb14dd: receive RaftClientReply:client-734BBEB428D7->a5e38e3e-c2ad-4348-acb9-3fc25cfb14dd@group-7000B19605CB, cid=4541, SUCCESS, logIndex=6928, commits[a5e38e3e-c2ad-4348-acb9-3fc25cfb14dd:c6931, 11e48d46-e648-47f9-b6a0-9c7f26654c28:c6927, d1b6a90e-e817-40a7-bec1-608b5cc7d8b6:c6927]
2019-09-11 04:26:56,450 [grpc-default-executor-1] INFO  client.GrpcClientProtocolClient (GrpcClientProtocolClient.java:onNext(264)) - client-734BBEB428D7->a5e38e3e-c2ad-4348-acb9-3fc25cfb14dd: receive RaftClientReply:client-734BBEB428D7->a5e38e3e-c2ad-4348-acb9-3fc25cfb14dd@group-7000B19605CB, cid=4542, SUCCESS, logIndex=6929, commits[a5e38e3e-c2ad-4348-acb9-3fc25cfb14dd:c6931, 11e48d46-e648-47f9-b6a0-9c7f26654c28:c6927, d1b6a90e-e817-40a7-bec1-608b5cc7d8b6:c6927]
2019-09-11 04:26:56,450 [grpc-default-executor-1] INFO  client.GrpcClientProtocolClient (GrpcClientProtocolClient.java:onNext(264)) - client-734BBEB428D7->a5e38e3e-c2ad-4348-acb9-3fc25cfb14dd: receive RaftClientReply:client-734BBEB428D7->a5e38e3e-c2ad-4348-acb9-3fc25cfb14dd@group-7000B19605CB, cid=4543, SUCCESS, logIndex=6930, commits[a5e38e3e-c2ad-4348-acb9-3fc25cfb14dd:c6931, 11e48d46-e648-47f9-b6a0-9c7f26654c28:c6927, d1b6a90e-e817-40a7-bec1-608b5cc7d8b6:c6927]
2019-09-11 04:26:56,451 [grpc-default-executor-1] INFO  client.GrpcClientProtocolClient (GrpcClientProtocolClient.java:onNext(264)) - client-734BBEB428D7->a5e38e3e-c2ad-4348-acb9-3fc25cfb14dd: receive RaftClientReply:client-734BBEB428D7->a5e38e3e-c2ad-4348-acb9-3fc25cfb14dd@group-7000B19605CB, cid=4544, SUCCESS, logIndex=6931, commits[a5e38e3e-c2ad-4348-acb9-3fc25cfb14dd:c6931, 11e48d46-e648-47f9-b6a0-9c7f26654c28:c6927, d1b6a90e-e817-40a7-bec1-608b5cc7d8b6:c6927]
2019-09-11 04:26:56,459 [grpc-default-executor-1] INFO  client.GrpcClientProtocolClient (GrpcClientProtocolClient.java:onNext(264)) - client-734BBEB428D7->a5e38e3e-c2ad-4348-acb9-3fc25cfb14dd: receive RaftClientReply:client-734BBEB428D7->a5e38e3e-c2ad-4348-acb9-3fc25cfb14dd@group-7000B19605CB, cid=4545, SUCCESS, logIndex=0, commits[a5e38e3e-c2ad-4348-acb9-3fc25cfb14dd:c6932, 11e48d46-e648-47f9-b6a0-9c7f26654c28:c6929, d1b6a90e-e817-40a7-bec1-608b5cc7d8b6:c6929]
2019-09-11 04:26:56,479 [grpc-default-executor-3] INFO  client.GrpcClientProtocolClient (GrpcClientProtocolClient.java:onNext(264)) - client-734BBEB428D7->a5e38e3e-c2ad-4348-acb9-3fc25cfb14dd: receive RaftClientReply:client-734BBEB428D7->a5e38e3e-c2ad-4348-acb9-3fc25cfb14dd@group-7000B19605CB, cid=4546, SUCCESS, logIndex=6936, commits[a5e38e3e-c2ad-4348-acb9-3fc25cfb14dd:c6937, 11e48d46-e648-47f9-b6a0-9c7f26654c28:c6935, d1b6a90e-e817-40a7-bec1-608b5cc7d8b6:c6935]
2019-09-11 04:26:56,480 [grpc-default-executor-3] INFO  client.GrpcClientProtocolClient (GrpcClientProtocolClient.java:onNext(264)) - client-734BBEB428D7->a5e38e3e-c2ad-4348-acb9-3fc25cfb14dd: receive RaftClientReply:client-734BBEB428D7->a5e38e3e-c2ad-4348-acb9-3fc25cfb14dd@group-7000B19605CB, cid=4547, SUCCESS, logIndex=6937, commits[a5e38e3e-c2ad-4348-acb9-3fc25cfb14dd:c6937, 11e48d46-e648-47f9-b6a0-9c7f26654c28:c6935, d1b6a90e-e817-40a7-bec1-608b5cc7d8b6:c6935]
2019-09-11 04:26:56,501 [grpc-default-executor-4] INFO  client.GrpcClientProtocolClient (GrpcClientProtocolClient.java:onNext(264)) - client-734BBEB428D7->a5e38e3e-c2ad-4348-acb9-3fc25cfb14dd: receive RaftClientReply:client-734BBEB428D7->a5e38e3e-c2ad-4348-acb9-3fc25cfb14dd@group-7000B19605CB, cid=4548, SUCCESS, logIndex=6940, commits[a5e38e3e-c2ad-4348-acb9-3fc25cfb14dd:c6941, 11e48d46-e648-47f9-b6a0-9c7f26654c28:c6937, d1b6a90e-e817-40a7-bec1-608b5cc7d8b6:c6937]
2019-09-11 04:26:56,502 [grpc-default-executor-4] INFO  client.GrpcClientProtocolClient (GrpcClientProtocolClient.java:onNext(264)) - client-734BBEB428D7->a5e38e3e-c2ad-4348-acb9-3fc25cfb14dd: receive RaftClientReply:client-734BBEB428D7->a5e38e3e-c2ad-4348-acb9-3fc25cfb14dd@group-7000B19605CB, cid=4549, SUCCESS, logIndex=6941, commits[a5e38e3e-c2ad-4348-acb9-3fc25cfb14dd:c6941, 11e48d46-e648-47f9-b6a0-9c7f26654c28:c6937, d1b6a90e-e817-40a7-bec1-608b5cc7d8b6:c6937]
2019-09-11 04:26:56,512 [grpc-default-executor-4] INFO  client.GrpcClientProtocolClient (GrpcClientProtocolClient.java:onNext(264)) - client-734BBEB428D7->a5e38e3e-c2ad-4348-acb9-3fc25cfb14dd: receive RaftClientReply:client-734BBEB428D7->a5e38e3e-c2ad-4348-acb9-3fc25cfb14dd@group-7000B19605CB, cid=4550, SUCCESS, logIndex=0, commits[a5e38e3e-c2ad-4348-acb9-3fc25cfb14dd:c6942, 11e48d46-e648-47f9-b6a0-9c7f26654c28:c6941, d1b6a90e-e817-40a7-bec1-608b5cc7d8b6:c6941]
2019-09-11 04:26:56,546 [grpc-default-executor-3] INFO  client.GrpcClientProtocolClient (GrpcClientProtocolClient.java:onNext(264)) - client-734BBEB428D7->a5e38e3e-c2ad-4348-acb9-3fc25cfb14dd: receive RaftClientReply:client-734BBEB428D7->a5e38e3e-c2ad-4348-acb9-3fc25cfb14dd@group-7000B19605CB, cid=4551, SUCCESS, logIndex=6944, commits[a5e38e3e-c2ad-4348-acb9-3fc25cfb14dd:c6947, 11e48d46-e648-47f9-b6a0-9c7f26654c28:c6943, d1b6a90e-e817-40a7-bec1-608b5cc7d8b6:c6943]
2019-09-11 04:26:56,547 [grpc-default-executor-3] INFO  client.GrpcClientProtocolClient (GrpcClientProtocolClient.java:onNext(264)) - client-734BBEB428D7->a5e38e3e-c2ad-4348-acb9-3fc25cfb14dd: receive RaftClientReply:client-734BBEB428D7->a5e38e3e-c2ad-4348-acb9-3fc25cfb14dd@group-7000B19605CB, cid=4552, SUCCESS, logIndex=6945, commits[a5e38e3e-c2ad-4348-acb9-3fc25cfb14dd:c6947, 11e48d46-e648-47f9-b6a0-9c7f26654c28:c6943, d1b6a90e-e817-40a7-bec1-608b5cc7d8b6:c6943]
2019-09-11 04:26:56,547 [grpc-default-executor-3] INFO  client.GrpcClientProtocolClient (GrpcClientProtocolClient.java:onNext(264)) - client-734BBEB428D7->a5e38e3e-c2ad-4348-acb9-3fc25cfb14dd: receive RaftClientReply:client-734BBEB428D7->a5e38e3e-c2ad-4348-acb9-3fc25cfb14dd@group-7000B19605CB, cid=4553, SUCCESS, logIndex=6946, commits[a5e38e3e-c2ad-4348-acb9-3fc25cfb14dd:c6947, 11e48d46-e648-47f9-b6a0-9c7f26654c28:c6943, d1b6a90e-e817-40a7-bec1-608b5cc7d8b6:c6943]
2019-09-11 04:26:56,548 [grpc-default-executor-3] INFO  client.GrpcClientProtocolClient (GrpcClientProtocolClient.java:onNext(264)) - client-734BBEB428D7->a5e38e3e-c2ad-4348-acb9-3fc25cfb14dd: receive RaftClientReply:client-734BBEB428D7->a5e38e3e-c2ad-4348-acb9-3fc25cfb14dd@group-7000B19605CB, cid=4554, SUCCESS, logIndex=6947, commits[a5e38e3e-c2ad-4348-acb9-3fc25cfb14dd:c6947, 11e48d46-e648-47f9-b6a0-9c7f26654c28:c6943, d1b6a90e-e817-40a7-bec1-608b5cc7d8b6:c6943]
2019-09-11 04:26:56,550 [grpc-default-executor-4] INFO  client.GrpcClientProtocolClient (GrpcClientProtocolClient.java:onNext(264)) - client-734BBEB428D7->a5e38e3e-c2ad-4348-acb9-3fc25cfb14dd: receive RaftClientReply:client-734BBEB428D7->a5e38e3e-c2ad-4348-acb9-3fc25cfb14dd@group-7000B19605CB, cid=4555, SUCCESS, logIndex=0, commits[a5e38e3e-c2ad-4348-acb9-3fc25cfb14dd:c6949, 11e48d46-e648-47f9-b6a0-9c7f26654c28:c6945, d1b6a90e-e817-40a7-bec1-608b5cc7d8b6:c6945]
2019-09-11 04:26:56,571 [grpc-default-executor-4] INFO  client.GrpcClientProtocolClient (GrpcClientProtocolClient.java:onNext(264)) - client-734BBEB428D7->a5e38e3e-c2ad-4348-acb9-3fc25cfb14dd: receive RaftClientReply:client-734BBEB428D7->a5e38e3e-c2ad-4348-acb9-3fc25cfb14dd@group-7000B19605CB, cid=4556, SUCCESS, logIndex=6952, commits[a5e38e3e-c2ad-4348-acb9-3fc25cfb14dd:c6953, 11e48d46-e648-47f9-b6a0-9c7f26654c28:c6951, d1b6a90e-e817-40a7-bec1-608b5cc7d8b6:c6951]
2019-09-11 04:26:56,571 [grpc-default-executor-4] INFO  client.GrpcClientProtocolClient (GrpcClientProtocolClient.java:onNext(264)) - client-734BBEB428D7->a5e38e3e-c2ad-4348-acb9-3fc25cfb14dd: receive RaftClientReply:client-734BBEB428D7->a5e38e3e-c2ad-4348-acb9-3fc25cfb14dd@group-7000B19605CB, cid=4557, SUCCESS, logIndex=6953, commits[a5e38e3e-c2ad-4348-acb9-3fc25cfb14dd:c6953, 11e48d46-e648-47f9-b6a0-9c7f26654c28:c6951, d1b6a90e-e817-40a7-bec1-608b5cc7d8b6:c6951]
2019-09-11 04:26:56,592 [grpc-default-executor-1] INFO  client.GrpcClientProtocolClient (GrpcClientProtocolClient.java:onNext(264)) - client-734BBEB428D7->a5e38e3e-c2ad-4348-acb9-3fc25cfb14dd: receive RaftClientReply:client-734BBEB428D7->a5e38e3e-c2ad-4348-acb9-3fc25cfb14dd@group-7000B19605CB, cid=4558, SUCCESS, logIndex=6956, commits[a5e38e3e-c2ad-4348-acb9-3fc25cfb14dd:c6957, 11e48d46-e648-47f9-b6a0-9c7f26654c28:c6953, d1b6a90e-e817-40a7-bec1-608b5cc7d8b6:c6955]
2019-09-11 04:26:56,593 [grpc-default-executor-1] INFO  client.GrpcClientProtocolClient (GrpcClientProtocolClient.java:onNext(264)) - client-734BBEB428D7->a5e38e3e-c2ad-4348-acb9-3fc25cfb14dd: receive RaftClientReply:client-734BBEB428D7->a5e38e3e-c2ad-4348-acb9-3fc25cfb14dd@group-7000B19605CB, cid=4559, SUCCESS, logIndex=6957, commits[a5e38e3e-c2ad-4348-acb9-3fc25cfb14dd:c6957, 11e48d46-e648-47f9-b6a0-9c7f26654c28:c6955, d1b6a90e-e817-40a7-bec1-608b5cc7d8b6:c6955]
2019-09-11 04:26:56,596 [grpc-default-executor-1] INFO  client.GrpcClientProtocolClient (GrpcClientProtocolClient.java:onNext(264)) - client-734BBEB428D7->a5e38e3e-c2ad-4348-acb9-3fc25cfb14dd: receive RaftClientReply:client-734BBEB428D7->a5e38e3e-c2ad-4348-acb9-3fc25cfb14dd@group-7000B19605CB, cid=4560, SUCCESS, logIndex=0, commits[a5e38e3e-c2ad-4348-acb9-3fc25cfb14dd:c6959, 11e48d46-e648-47f9-b6a0-9c7f26654c28:c6957, d1b6a90e-e817-40a7-bec1-608b5cc7d8b6:c6957]
2019-09-11 04:26:56,633 [grpc-default-executor-4] INFO  client.GrpcClientProtocolClient (GrpcClientProtocolClient.java:onNext(264)) - client-734BBEB428D7->a5e38e3e-c2ad-4348-acb9-3fc25cfb14dd: receive RaftClientReply:client-734BBEB428D7->a5e38e3e-c2ad-4348-acb9-3fc25cfb14dd@group-7000B19605CB, cid=4561, SUCCESS, logIndex=6960, commits[a5e38e3e-c2ad-4348-acb9-3fc25cfb14dd:c6960, 11e48d46-e648-47f9-b6a0-9c7f26654c28:c6959, d1b6a90e-e817-40a7-bec1-608b5cc7d8b6:c6959]
2019-09-11 04:26:56,634 [grpc-default-executor-1] INFO  client.GrpcClientProtocolClient (GrpcClientProtocolClient.java:onNext(264)) - client-734BBEB428D7->a5e38e3e-c2ad-4348-acb9-3fc25cfb14dd: receive RaftClientReply:client-734BBEB428D7->a5e38e3e-c2ad-4348-acb9-3fc25cfb14dd@group-7000B19605CB, cid=4562, SUCCESS, logIndex=6961, commits[a5e38e3e-c2ad-4348-acb9-3fc25cfb14dd:c6961, 11e48d46-e648-47f9-b6a0-9c7f26654c28:c6959, d1b6a90e-e817-40a7-bec1-608b5cc7d8b6:c6959]
2019-09-11 04:26:56,635 [grpc-default-executor-1] INFO  client.GrpcClientProtocolClient (GrpcClientProtocolClient.java:onNext(264)) - client-734BBEB428D7->a5e38e3e-c2ad-4348-acb9-3fc25cfb14dd: receive RaftClientReply:client-734BBEB428D7->a5e38e3e-c2ad-4348-acb9-3fc25cfb14dd@group-7000B19605CB, cid=4563, SUCCESS, logIndex=6962, commits[a5e38e3e-c2ad-4348-acb9-3fc25cfb14dd:c6963, 11e48d46-e648-47f9-b6a0-9c7f26654c28:c6959, d1b6a90e-e817-40a7-bec1-608b5cc7d8b6:c6959]
2019-09-11 04:26:56,636 [grpc-default-executor-1] INFO  client.GrpcClientProtocolClient (GrpcClientProtocolClient.java:onNext(264)) - client-734BBEB428D7->a5e38e3e-c2ad-4348-acb9-3fc25cfb14dd: receive RaftClientReply:client-734BBEB428D7->a5e38e3e-c2ad-4348-acb9-3fc25cfb14dd@group-7000B19605CB, cid=4564, SUCCESS, logIndex=6963, commits[a5e38e3e-c2ad-4348-acb9-3fc25cfb14dd:c6963, 11e48d46-e648-47f9-b6a0-9c7f26654c28:c6959, d1b6a90e-e817-40a7-bec1-608b5cc7d8b6:c6959]
2019-09-11 04:26:56,637 [grpc-default-executor-3] INFO  client.GrpcClientProtocolClient (GrpcClientProtocolClient.java:onNext(264)) - client-734BBEB428D7->a5e38e3e-c2ad-4348-acb9-3fc25cfb14dd: receive RaftClientReply:client-734BBEB428D7->a5e38e3e-c2ad-4348-acb9-3fc25cfb14dd@group-7000B19605CB, cid=4565, SUCCESS, logIndex=0, commits[a5e38e3e-c2ad-4348-acb9-3fc25cfb14dd:c6965, 11e48d46-e648-47f9-b6a0-9c7f26654c28:c6961, d1b6a90e-e817-40a7-bec1-608b5cc7d8b6:c6961]
2019-09-11 04:26:56,663 [grpc-default-executor-3] INFO  client.GrpcClientProtocolClient (GrpcClientProtocolClient.java:onNext(264)) - client-734BBEB428D7->a5e38e3e-c2ad-4348-acb9-3fc25cfb14dd: receive RaftClientReply:client-734BBEB428D7->a5e38e3e-c2ad-4348-acb9-3fc25cfb14dd@group-7000B19605CB, cid=4566, SUCCESS, logIndex=6968, commits[a5e38e3e-c2ad-4348-acb9-3fc25cfb14dd:c6969, 11e48d46-e648-47f9-b6a0-9c7f26654c28:c6967, d1b6a90e-e817-40a7-bec1-608b5cc7d8b6:c6963]
2019-09-11 04:26:56,663 [grpc-default-executor-3] INFO  client.GrpcClientProtocolClient (GrpcClientProtocolClient.java:onNext(264)) - client-734BBEB428D7->a5e38e3e-c2ad-4348-acb9-3fc25cfb14dd: receive RaftClientReply:client-734BBEB428D7->a5e38e3e-c2ad-4348-acb9-3fc25cfb14dd@group-7000B19605CB, cid=4567, SUCCESS, logIndex=6969, commits[a5e38e3e-c2ad-4348-acb9-3fc25cfb14dd:c6969, 11e48d46-e648-47f9-b6a0-9c7f26654c28:c6967, d1b6a90e-e817-40a7-bec1-608b5cc7d8b6:c6967]
2019-09-11 04:26:56,677 [grpc-default-executor-4] INFO  client.GrpcClientProtocolClient (GrpcClientProtocolClient.java:onNext(264)) - client-734BBEB428D7->a5e38e3e-c2ad-4348-acb9-3fc25cfb14dd: receive RaftClientReply:client-734BBEB428D7->a5e38e3e-c2ad-4348-acb9-3fc25cfb14dd@group-7000B19605CB, cid=4568, SUCCESS, logIndex=6971, commits[a5e38e3e-c2ad-4348-acb9-3fc25cfb14dd:c6972, 11e48d46-e648-47f9-b6a0-9c7f26654c28:c6969, d1b6a90e-e817-40a7-bec1-608b5cc7d8b6:c6969]
2019-09-11 04:26:56,677 [grpc-default-executor-4] INFO  client.GrpcClientProtocolClient (GrpcClientProtocolClient.java:onNext(264)) - client-734BBEB428D7->a5e38e3e-c2ad-4348-acb9-3fc25cfb14dd: receive RaftClientReply:client-734BBEB428D7->a5e38e3e-c2ad-4348-acb9-3fc25cfb14dd@group-7000B19605CB, cid=4569, SUCCESS, logIndex=6972, commits[a5e38e3e-c2ad-4348-acb9-3fc25cfb14dd:c6972, 11e48d46-e648-47f9-b6a0-9c7f26654c28:c6969, d1b6a90e-e817-40a7-bec1-608b5cc7d8b6:c6969]
2019-09-11 04:26:56,688 [grpc-default-executor-4] INFO  client.GrpcClientProtocolClient (GrpcClientProtocolClient.java:onNext(264)) - client-734BBEB428D7->a5e38e3e-c2ad-4348-acb9-3fc25cfb14dd: receive RaftClientReply:client-734BBEB428D7->a5e38e3e-c2ad-4348-acb9-3fc25cfb14dd@group-7000B19605CB, cid=4570, SUCCESS, logIndex=0, commits[a5e38e3e-c2ad-4348-acb9-3fc25cfb14dd:c6973, 11e48d46-e648-47f9-b6a0-9c7f26654c28:c6972, d1b6a90e-e817-40a7-bec1-608b5cc7d8b6:c6972]
2019-09-11 04:26:56,728 [grpc-default-executor-2] INFO  client.GrpcClientProtocolClient (GrpcClientProtocolClient.java:onNext(264)) - client-734BBEB428D7->a5e38e3e-c2ad-4348-acb9-3fc25cfb14dd: receive RaftClientReply:client-734BBEB428D7->a5e38e3e-c2ad-4348-acb9-3fc25cfb14dd@group-7000B19605CB, cid=4571, SUCCESS, logIndex=6975, commits[a5e38e3e-c2ad-4348-acb9-3fc25cfb14dd:c6976, 11e48d46-e648-47f9-b6a0-9c7f26654c28:c6974, d1b6a90e-e817-40a7-bec1-608b5cc7d8b6:c6974]
2019-09-11 04:26:56,729 [grpc-default-executor-2] INFO  client.GrpcClientProtocolClient (GrpcClientProtocolClient.java:onNext(264)) - client-734BBEB428D7->a5e38e3e-c2ad-4348-acb9-3fc25cfb14dd: receive RaftClientReply:client-734BBEB428D7->a5e38e3e-c2ad-4348-acb9-3fc25cfb14dd@group-7000B19605CB, cid=4572, SUCCESS, logIndex=6976, commits[a5e38e3e-c2ad-4348-acb9-3fc25cfb14dd:c6976, 11e48d46-e648-47f9-b6a0-9c7f26654c28:c6974, d1b6a90e-e817-40a7-bec1-608b5cc7d8b6:c6974]
2019-09-11 04:26:56,730 [grpc-default-executor-2] INFO  client.GrpcClientProtocolClient (GrpcClientProtocolClient.java:onNext(264)) - client-734BBEB428D7->a5e38e3e-c2ad-4348-acb9-3fc25cfb14dd: receive RaftClientReply:client-734BBEB428D7->a5e38e3e-c2ad-4348-acb9-3fc25cfb14dd@group-7000B19605CB, cid=4573, SUCCESS, logIndex=6977, commits[a5e38e3e-c2ad-4348-acb9-3fc25cfb14dd:c6978, 11e48d46-e648-47f9-b6a0-9c7f26654c28:c6974, d1b6a90e-e817-40a7-bec1-608b5cc7d8b6:c6974]
2019-09-11 04:26:56,730 [grpc-default-executor-3] INFO  client.GrpcClientProtocolClient (GrpcClientProtocolClient.java:onNext(264)) - client-734BBEB428D7->a5e38e3e-c2ad-4348-acb9-3fc25cfb14dd: receive RaftClientReply:client-734BBEB428D7->a5e38e3e-c2ad-4348-acb9-3fc25cfb14dd@group-7000B19605CB, cid=4574, SUCCESS, logIndex=6978, commits[a5e38e3e-c2ad-4348-acb9-3fc25cfb14dd:c6978, 11e48d46-e648-47f9-b6a0-9c7f26654c28:c6974, d1b6a90e-e817-40a7-bec1-608b5cc7d8b6:c6974]
2019-09-11 04:26:56,732 [grpc-default-executor-2] INFO  client.GrpcClientProtocolClient (GrpcClientProtocolClient.java:onNext(264)) - client-734BBEB428D7->a5e38e3e-c2ad-4348-acb9-3fc25cfb14dd: receive RaftClientReply:client-734BBEB428D7->a5e38e3e-c2ad-4348-acb9-3fc25cfb14dd@group-7000B19605CB, cid=4575, SUCCESS, logIndex=0, commits[a5e38e3e-c2ad-4348-acb9-3fc25cfb14dd:c6982, 11e48d46-e648-47f9-b6a0-9c7f26654c28:c6976, d1b6a90e-e817-40a7-bec1-608b5cc7d8b6:c6978]
2019-09-11 04:26:56,755 [grpc-default-executor-2] INFO  client.GrpcClientProtocolClient (GrpcClientProtocolClient.java:onNext(264)) - client-734BBEB428D7->a5e38e3e-c2ad-4348-acb9-3fc25cfb14dd: receive RaftClientReply:client-734BBEB428D7->a5e38e3e-c2ad-4348-acb9-3fc25cfb14dd@group-7000B19605CB, cid=4576, SUCCESS, logIndex=6983, commits[a5e38e3e-c2ad-4348-acb9-3fc25cfb14dd:c6984, 11e48d46-e648-47f9-b6a0-9c7f26654c28:c6982, d1b6a90e-e817-40a7-bec1-608b5cc7d8b6:c6982]
2019-09-11 04:26:56,755 [grpc-default-executor-2] INFO  client.GrpcClientProtocolClient (GrpcClientProtocolClient.java:onNext(264)) - client-734BBEB428D7->a5e38e3e-c2ad-4348-acb9-3fc25cfb14dd: receive RaftClientReply:client-734BBEB428D7->a5e38e3e-c2ad-4348-acb9-3fc25cfb14dd@group-7000B19605CB, cid=4577, SUCCESS, logIndex=6984, commits[a5e38e3e-c2ad-4348-acb9-3fc25cfb14dd:c6984, 11e48d46-e648-47f9-b6a0-9c7f26654c28:c6982, d1b6a90e-e817-40a7-bec1-608b5cc7d8b6:c6982]
2019-09-11 04:26:56,769 [grpc-default-executor-4] INFO  client.GrpcClientProtocolClient (GrpcClientProtocolClient.java:onNext(264)) - client-734BBEB428D7->a5e38e3e-c2ad-4348-acb9-3fc25cfb14dd: receive RaftClientReply:client-734BBEB428D7->a5e38e3e-c2ad-4348-acb9-3fc25cfb14dd@group-7000B19605CB, cid=4578, SUCCESS, logIndex=6987, commits[a5e38e3e-c2ad-4348-acb9-3fc25cfb14dd:c6988, 11e48d46-e648-47f9-b6a0-9c7f26654c28:c6984, d1b6a90e-e817-40a7-bec1-608b5cc7d8b6:c6984]
2019-09-11 04:26:56,769 [grpc-default-executor-4] INFO  client.GrpcClientProtocolClient (GrpcClientProtocolClient.java:onNext(264)) - client-734BBEB428D7->a5e38e3e-c2ad-4348-acb9-3fc25cfb14dd: receive RaftClientReply:client-734BBEB428D7->a5e38e3e-c2ad-4348-acb9-3fc25cfb14dd@group-7000B19605CB, cid=4579, SUCCESS, logIndex=6988, commits[a5e38e3e-c2ad-4348-acb9-3fc25cfb14dd:c6988, 11e48d46-e648-47f9-b6a0-9c7f26654c28:c6984, d1b6a90e-e817-40a7-bec1-608b5cc7d8b6:c6984]
2019-09-11 04:26:56,781 [grpc-default-executor-4] INFO  client.GrpcClientProtocolClient (GrpcClientProtocolClient.java:onNext(264)) - client-734BBEB428D7->a5e38e3e-c2ad-4348-acb9-3fc25cfb14dd: receive RaftClientReply:client-734BBEB428D7->a5e38e3e-c2ad-4348-acb9-3fc25cfb14dd@group-7000B19605CB, cid=4580, SUCCESS, logIndex=0, commits[a5e38e3e-c2ad-4348-acb9-3fc25cfb14dd:c6989, 11e48d46-e648-47f9-b6a0-9c7f26654c28:c6988, d1b6a90e-e817-40a7-bec1-608b5cc7d8b6:c6988]
2019-09-11 04:26:56,820 [grpc-default-executor-2] INFO  client.GrpcClientProtocolClient (GrpcClientProtocolClient.java:onNext(264)) - client-734BBEB428D7->a5e38e3e-c2ad-4348-acb9-3fc25cfb14dd: receive RaftClientReply:client-734BBEB428D7->a5e38e3e-c2ad-4348-acb9-3fc25cfb14dd@group-7000B19605CB, cid=4581, SUCCESS, logIndex=6991, commits[a5e38e3e-c2ad-4348-acb9-3fc25cfb14dd:c6992, 11e48d46-e648-47f9-b6a0-9c7f26654c28:c6990, d1b6a90e-e817-40a7-bec1-608b5cc7d8b6:c6990]
2019-09-11 04:26:56,820 [grpc-default-executor-3] INFO  client.GrpcClientProtocolClient (GrpcClientProtocolClient.java:onNext(264)) - client-734BBEB428D7->a5e38e3e-c2ad-4348-acb9-3fc25cfb14dd: receive RaftClientReply:client-734BBEB428D7->a5e38e3e-c2ad-4348-acb9-3fc25cfb14dd@group-7000B19605CB, cid=4582, SUCCESS, logIndex=6992, commits[a5e38e3e-c2ad-4348-acb9-3fc25cfb14dd:c6992, 11e48d46-e648-47f9-b6a0-9c7f26654c28:c6990, d1b6a90e-e817-40a7-bec1-608b5cc7d8b6:c6990]
2019-09-11 04:26:56,821 [grpc-default-executor-3] INFO  client.GrpcClientProtocolClient (GrpcClientProtocolClient.java:onNext(264)) - client-734BBEB428D7->a5e38e3e-c2ad-4348-acb9-3fc25cfb14dd: receive RaftClientReply:client-734BBEB428D7->a5e38e3e-c2ad-4348-acb9-3fc25cfb14dd@group-7000B19605CB, cid=4583, SUCCESS, logIndex=6993, commits[a5e38e3e-c2ad-4348-acb9-3fc25cfb14dd:c6994, 11e48d46-e648-47f9-b6a0-9c7f26654c28:c6990, d1b6a90e-e817-40a7-bec1-608b5cc7d8b6:c6990]
2019-09-11 04:26:56,821 [grpc-default-executor-3] INFO  client.GrpcClientProtocolClient (GrpcClientProtocolClient.java:onNext(264)) - client-734BBEB428D7->a5e38e3e-c2ad-4348-acb9-3fc25cfb14dd: receive RaftClientReply:client-734BBEB428D7->a5e38e3e-c2ad-4348-acb9-3fc25cfb14dd@group-7000B19605CB, cid=4584, SUCCESS, logIndex=6994, commits[a5e38e3e-c2ad-4348-acb9-3fc25cfb14dd:c6994, 11e48d46-e648-47f9-b6a0-9c7f26654c28:c6990, d1b6a90e-e817-40a7-bec1-608b5cc7d8b6:c6990]
2019-09-11 04:26:56,822 [grpc-default-executor-3] INFO  client.GrpcClientProtocolClient (GrpcClientProtocolClient.java:onNext(264)) - client-734BBEB428D7->a5e38e3e-c2ad-4348-acb9-3fc25cfb14dd: receive RaftClientReply:client-734BBEB428D7->a5e38e3e-c2ad-4348-acb9-3fc25cfb14dd@group-7000B19605CB, cid=4585, SUCCESS, logIndex=0, commits[a5e38e3e-c2ad-4348-acb9-3fc25cfb14dd:c6996, 11e48d46-e648-47f9-b6a0-9c7f26654c28:c6992, d1b6a90e-e817-40a7-bec1-608b5cc7d8b6:c6993]
2019-09-11 04:26:56,844 [grpc-default-executor-4] INFO  client.GrpcClientProtocolClient (GrpcClientProtocolClient.java:onNext(264)) - client-734BBEB428D7->a5e38e3e-c2ad-4348-acb9-3fc25cfb14dd: receive RaftClientReply:client-734BBEB428D7->a5e38e3e-c2ad-4348-acb9-3fc25cfb14dd@group-7000B19605CB, cid=4586, SUCCESS, logIndex=6999, commits[a5e38e3e-c2ad-4348-acb9-3fc25cfb14dd:c7000, 11e48d46-e648-47f9-b6a0-9c7f26654c28:c6998, d1b6a90e-e817-40a7-bec1-608b5cc7d8b6:c6998]
2019-09-11 04:26:56,844 [grpc-default-executor-4] INFO  client.GrpcClientProtocolClient (GrpcClientProtocolClient.java:onNext(264)) - client-734BBEB428D7->a5e38e3e-c2ad-4348-acb9-3fc25cfb14dd: receive RaftClientReply:client-734BBEB428D7->a5e38e3e-c2ad-4348-acb9-3fc25cfb14dd@group-7000B19605CB, cid=4587, SUCCESS, logIndex=7000, commits[a5e38e3e-c2ad-4348-acb9-3fc25cfb14dd:c7000, 11e48d46-e648-47f9-b6a0-9c7f26654c28:c6998, d1b6a90e-e817-40a7-bec1-608b5cc7d8b6:c6998]
2019-09-11 04:26:56,857 [grpc-default-executor-2] INFO  client.GrpcClientProtocolClient (GrpcClientProtocolClient.java:onNext(264)) - client-734BBEB428D7->a5e38e3e-c2ad-4348-acb9-3fc25cfb14dd: receive RaftClientReply:client-734BBEB428D7->a5e38e3e-c2ad-4348-acb9-3fc25cfb14dd@group-7000B19605CB, cid=4588, SUCCESS, logIndex=7003, commits[a5e38e3e-c2ad-4348-acb9-3fc25cfb14dd:c7004, 11e48d46-e648-47f9-b6a0-9c7f26654c28:c7000, d1b6a90e-e817-40a7-bec1-608b5cc7d8b6:c7000]
2019-09-11 04:26:56,858 [grpc-default-executor-2] INFO  client.GrpcClientProtocolClient (GrpcClientProtocolClient.java:onNext(264)) - client-734BBEB428D7->a5e38e3e-c2ad-4348-acb9-3fc25cfb14dd: receive RaftClientReply:client-734BBEB428D7->a5e38e3e-c2ad-4348-acb9-3fc25cfb14dd@group-7000B19605CB, cid=4589, SUCCESS, logIndex=7004, commits[a5e38e3e-c2ad-4348-acb9-3fc25cfb14dd:c7004, 11e48d46-e648-47f9-b6a0-9c7f26654c28:c7000, d1b6a90e-e817-40a7-bec1-608b5cc7d8b6:c7000]
2019-09-11 04:26:56,859 [grpc-default-executor-2] INFO  client.GrpcClientProtocolClient (GrpcClientProtocolClient.java:onNext(264)) - client-734BBEB428D7->a5e38e3e-c2ad-4348-acb9-3fc25cfb14dd: receive RaftClientReply:client-734BBEB428D7->a5e38e3e-c2ad-4348-acb9-3fc25cfb14dd@group-7000B19605CB, cid=4590, SUCCESS, logIndex=0, commits[a5e38e3e-c2ad-4348-acb9-3fc25cfb14dd:c7005, 11e48d46-e648-47f9-b6a0-9c7f26654c28:c7004, d1b6a90e-e817-40a7-bec1-608b5cc7d8b6:c7004]
2019-09-11 04:26:56,913 [grpc-default-executor-2] INFO  client.GrpcClientProtocolClient (GrpcClientProtocolClient.java:onNext(264)) - client-734BBEB428D7->a5e38e3e-c2ad-4348-acb9-3fc25cfb14dd: receive RaftClientReply:client-734BBEB428D7->a5e38e3e-c2ad-4348-acb9-3fc25cfb14dd@group-7000B19605CB, cid=4591, SUCCESS, logIndex=7007, commits[a5e38e3e-c2ad-4348-acb9-3fc25cfb14dd:c7008, 11e48d46-e648-47f9-b6a0-9c7f26654c28:c7006, d1b6a90e-e817-40a7-bec1-608b5cc7d8b6:c7004]
2019-09-11 04:26:56,914 [grpc-default-executor-2] INFO  client.GrpcClientProtocolClient (GrpcClientProtocolClient.java:onNext(264)) - client-734BBEB428D7->a5e38e3e-c2ad-4348-acb9-3fc25cfb14dd: receive RaftClientReply:client-734BBEB428D7->a5e38e3e-c2ad-4348-acb9-3fc25cfb14dd@group-7000B19605CB, cid=4592, SUCCESS, logIndex=7008, commits[a5e38e3e-c2ad-4348-acb9-3fc25cfb14dd:c7008, 11e48d46-e648-47f9-b6a0-9c7f26654c28:c7006, d1b6a90e-e817-40a7-bec1-608b5cc7d8b6:c7004]
2019-09-11 04:26:56,925 [grpc-default-executor-2] INFO  client.GrpcClientProtocolClient (GrpcClientProtocolClient.java:onNext(264)) - client-734BBEB428D7->a5e38e3e-c2ad-4348-acb9-3fc25cfb14dd: receive RaftClientReply:client-734BBEB428D7->a5e38e3e-c2ad-4348-acb9-3fc25cfb14dd@group-7000B19605CB, cid=4593, SUCCESS, logIndex=7009, commits[a5e38e3e-c2ad-4348-acb9-3fc25cfb14dd:c7010, 11e48d46-e648-47f9-b6a0-9c7f26654c28:c7006, d1b6a90e-e817-40a7-bec1-608b5cc7d8b6:c7006]
2019-09-11 04:26:56,925 [grpc-default-executor-2] INFO  client.GrpcClientProtocolClient (GrpcClientProtocolClient.java:onNext(264)) - client-734BBEB428D7->a5e38e3e-c2ad-4348-acb9-3fc25cfb14dd: receive RaftClientReply:client-734BBEB428D7->a5e38e3e-c2ad-4348-acb9-3fc25cfb14dd@group-7000B19605CB, cid=4594, SUCCESS, logIndex=7010, commits[a5e38e3e-c2ad-4348-acb9-3fc25cfb14dd:c7010, 11e48d46-e648-47f9-b6a0-9c7f26654c28:c7006, d1b6a90e-e817-40a7-bec1-608b5cc7d8b6:c7006]
2019-09-11 04:26:56,927 [grpc-default-executor-2] INFO  client.GrpcClientProtocolClient (GrpcClientProtocolClient.java:onNext(264)) - client-734BBEB428D7->a5e38e3e-c2ad-4348-acb9-3fc25cfb14dd: receive RaftClientReply:client-734BBEB428D7->a5e38e3e-c2ad-4348-acb9-3fc25cfb14dd@group-7000B19605CB, cid=4595, SUCCESS, logIndex=0, commits[a5e38e3e-c2ad-4348-acb9-3fc25cfb14dd:c7011, 11e48d46-e648-47f9-b6a0-9c7f26654c28:c7008, d1b6a90e-e817-40a7-bec1-608b5cc7d8b6:c7008]
 0.00% |█                                                                                                    |  0/1 Time: 0:01:08 0.00% |█                                                                                                    |  0/1 Time: 0:01:09 0.00% |█                                                                                                    |  0/1 Time: 0:01:102019-09-11 04:26:59,935 [java.util.concurrent.ThreadPoolExecutor$Worker@72c9f50b[State = -1, empty queue]] WARN  server.GrpcLogAppender (GrpcLogAppender.java:timeoutAppendRequest(200)) - a5e38e3e-c2ad-4348-acb9-3fc25cfb14dd@group-7000B19605CB->d1b6a90e-e817-40a7-bec1-608b5cc7d8b6-GrpcLogAppender: appendEntries Timeout, request=a5e38e3e-c2ad-4348-acb9-3fc25cfb14dd->d1b6a90e-e817-40a7-bec1-608b5cc7d8b6#7028-t1, previous=(t:1, i:7013), leaderCommit=7013, initializing? false, entries: size=1, first=(t:1, i:7014), STATEMACHINELOGENTRY, client-734BBEB428D7, cid=4596
2019-09-11 04:26:59,935 [java.util.concurrent.ThreadPoolExecutor$Worker@390d431c[State = -1, empty queue]] WARN  server.GrpcLogAppender (GrpcLogAppender.java:timeoutAppendRequest(200)) - a5e38e3e-c2ad-4348-acb9-3fc25cfb14dd@group-7000B19605CB->11e48d46-e648-47f9-b6a0-9c7f26654c28-GrpcLogAppender: appendEntries Timeout, request=a5e38e3e-c2ad-4348-acb9-3fc25cfb14dd->11e48d46-e648-47f9-b6a0-9c7f26654c28#7028-t1, previous=(t:1, i:7013), leaderCommit=7013, initializing? false, entries: size=1, first=(t:1, i:7014), STATEMACHINELOGENTRY, client-734BBEB428D7, cid=4596
2019-09-11 04:26:59,937 [java.util.concurrent.ThreadPoolExecutor$Worker@72c9f50b[State = -1, empty queue]] WARN  server.GrpcLogAppender (GrpcLogAppender.java:timeoutAppendRequest(200)) - a5e38e3e-c2ad-4348-acb9-3fc25cfb14dd@group-7000B19605CB->d1b6a90e-e817-40a7-bec1-608b5cc7d8b6-GrpcLogAppender: appendEntries Timeout, request=a5e38e3e-c2ad-4348-acb9-3fc25cfb14dd->d1b6a90e-e817-40a7-bec1-608b5cc7d8b6#7029-t1, previous=(t:1, i:7014), leaderCommit=7013, initializing? false, entries: size=1, first=(t:1, i:7015), STATEMACHINELOGENTRY, client-734BBEB428D7, cid=4597
2019-09-11 04:26:59,937 [java.util.concurrent.ThreadPoolExecutor$Worker@390d431c[State = -1, empty queue]] WARN  server.GrpcLogAppender (GrpcLogAppender.java:timeoutAppendRequest(200)) - a5e38e3e-c2ad-4348-acb9-3fc25cfb14dd@group-7000B19605CB->11e48d46-e648-47f9-b6a0-9c7f26654c28-GrpcLogAppender: appendEntries Timeout, request=a5e38e3e-c2ad-4348-acb9-3fc25cfb14dd->11e48d46-e648-47f9-b6a0-9c7f26654c28#7029-t1, previous=(t:1, i:7014), leaderCommit=7013, initializing? false, entries: size=1, first=(t:1, i:7015), STATEMACHINELOGENTRY, client-734BBEB428D7, cid=4597
 0.00% |█                                                                                                    |  0/1 Time: 0:01:112019-09-11 04:27:00,338 [grpc-default-executor-3] WARN  server.GrpcLogAppender (GrpcLogAppender.java:onNextImpl(251)) - a5e38e3e-c2ad-4348-acb9-3fc25cfb14dd@group-7000B19605CB->11e48d46-e648-47f9-b6a0-9c7f26654c28-AppendLogResponseHandler: Request not found, ignoring reply: a5e38e3e-c2ad-4348-acb9-3fc25cfb14dd<-11e48d46-e648-47f9-b6a0-9c7f26654c28#7028:OK,SUCCESS,nextIndex:7015,term:1,followerCommit:7013
2019-09-11 04:27:00,338 [grpc-default-executor-2] WARN  server.GrpcLogAppender (GrpcLogAppender.java:onNextImpl(251)) - a5e38e3e-c2ad-4348-acb9-3fc25cfb14dd@group-7000B19605CB->d1b6a90e-e817-40a7-bec1-608b5cc7d8b6-AppendLogResponseHandler: Request not found, ignoring reply: a5e38e3e-c2ad-4348-acb9-3fc25cfb14dd<-d1b6a90e-e817-40a7-bec1-608b5cc7d8b6#7028:OK,SUCCESS,nextIndex:7015,term:1,followerCommit:7013
2019-09-11 04:27:00,342 [grpc-default-executor-3] WARN  server.GrpcLogAppender (GrpcLogAppender.java:onNextImpl(251)) - a5e38e3e-c2ad-4348-acb9-3fc25cfb14dd@group-7000B19605CB->11e48d46-e648-47f9-b6a0-9c7f26654c28-AppendLogResponseHandler: Request not found, ignoring reply: a5e38e3e-c2ad-4348-acb9-3fc25cfb14dd<-11e48d46-e648-47f9-b6a0-9c7f26654c28#7029:OK,SUCCESS,nextIndex:7016,term:1,followerCommit:7013
2019-09-11 04:27:00,343 [grpc-default-executor-2] WARN  server.GrpcLogAppender (GrpcLogAppender.java:onNextImpl(251)) - a5e38e3e-c2ad-4348-acb9-3fc25cfb14dd@group-7000B19605CB->d1b6a90e-e817-40a7-bec1-608b5cc7d8b6-AppendLogResponseHandler: Request not found, ignoring reply: a5e38e3e-c2ad-4348-acb9-3fc25cfb14dd<-d1b6a90e-e817-40a7-bec1-608b5cc7d8b6#7029:OK,SUCCESS,nextIndex:7016,term:1,followerCommit:7013
2019-09-11 04:27:00,346 [grpc-default-executor-3] INFO  client.GrpcClientProtocolClient (GrpcClientProtocolClient.java:onNext(264)) - client-734BBEB428D7->a5e38e3e-c2ad-4348-acb9-3fc25cfb14dd: receive RaftClientReply:client-734BBEB428D7->a5e38e3e-c2ad-4348-acb9-3fc25cfb14dd@group-7000B19605CB, cid=4596, SUCCESS, logIndex=7014, commits[a5e38e3e-c2ad-4348-acb9-3fc25cfb14dd:c7015, 11e48d46-e648-47f9-b6a0-9c7f26654c28:c7013, d1b6a90e-e817-40a7-bec1-608b5cc7d8b6:c7013]
2019-09-11 04:27:00,347 [grpc-default-executor-3] INFO  client.GrpcClientProtocolClient (GrpcClientProtocolClient.java:onNext(264)) - client-734BBEB428D7->a5e38e3e-c2ad-4348-acb9-3fc25cfb14dd: receive RaftClientReply:client-734BBEB428D7->a5e38e3e-c2ad-4348-acb9-3fc25cfb14dd@group-7000B19605CB, cid=4597, SUCCESS, logIndex=7015, commits[a5e38e3e-c2ad-4348-acb9-3fc25cfb14dd:c7015, 11e48d46-e648-47f9-b6a0-9c7f26654c28:c7013, d1b6a90e-e817-40a7-bec1-608b5cc7d8b6:c7013]
 0.00% |█                                                                                                    |  0/1 Time: 0:01:12 0.00% |█                                                                                                    |  0/1 Time: 0:01:13 0.00% |█                                                                                                    |  0/1 Time: 0:01:14 0.00% |█                                                                                                    |  0/1 Time: 0:01:15 0.00% |█                                                                                                    |  0/1 Time: 0:01:162019-09-11 04:27:05,973 [grpc-default-executor-3] INFO  client.GrpcClientProtocolClient (GrpcClientProtocolClient.java:onNext(264)) - client-734BBEB428D7->11e48d46-e648-47f9-b6a0-9c7f26654c28: receive RaftClientReply:client-734BBEB428D7->11e48d46-e648-47f9-b6a0-9c7f26654c28@group-7000B19605CB, cid=4596, FAILED org.apache.ratis.protocol.NotLeaderException: Server 11e48d46-e648-47f9-b6a0-9c7f26654c28@group-7000B19605CB is not the leader a5e38e3e-c2ad-4348-acb9-3fc25cfb14dd:192.168.34.53:37772, logIndex=0, commits[11e48d46-e648-47f9-b6a0-9c7f26654c28:c7016, d1b6a90e-e817-40a7-bec1-608b5cc7d8b6:c7016, a5e38e3e-c2ad-4348-acb9-3fc25cfb14dd:c7016]
2019-09-11 04:27:05,997 [grpc-default-executor-2] INFO  client.GrpcClientProtocolClient (GrpcClientProtocolClient.java:onNext(264)) - client-734BBEB428D7->a5e38e3e-c2ad-4348-acb9-3fc25cfb14dd: receive RaftClientReply:client-734BBEB428D7->a5e38e3e-c2ad-4348-acb9-3fc25cfb14dd@group-7000B19605CB, cid=4596, SUCCESS, logIndex=7014, commits[a5e38e3e-c2ad-4348-acb9-3fc25cfb14dd:c7015, 11e48d46-e648-47f9-b6a0-9c7f26654c28:c7013, d1b6a90e-e817-40a7-bec1-608b5cc7d8b6:c7013]
2019-09-11 04:27:06,002 [grpc-default-executor-2] INFO  client.GrpcClientProtocolClient (GrpcClientProtocolClient.java:onNext(264)) - client-734BBEB428D7->a5e38e3e-c2ad-4348-acb9-3fc25cfb14dd: receive RaftClientReply:client-734BBEB428D7->a5e38e3e-c2ad-4348-acb9-3fc25cfb14dd@group-7000B19605CB, cid=4597, SUCCESS, logIndex=7015, commits[a5e38e3e-c2ad-4348-acb9-3fc25cfb14dd:c7015, 11e48d46-e648-47f9-b6a0-9c7f26654c28:c7013, d1b6a90e-e817-40a7-bec1-608b5cc7d8b6:c7013]
 0.00% |█                                                                                                    |  0/1 Time: 0:01:172019-09-11 04:27:06,658 [grpc-default-executor-3] INFO  client.GrpcClientProtocolClient (GrpcClientProtocolClient.java:onNext(264)) - client-734BBEB428D7->a5e38e3e-c2ad-4348-acb9-3fc25cfb14dd: receive RaftClientReply:client-734BBEB428D7->a5e38e3e-c2ad-4348-acb9-3fc25cfb14dd@group-7000B19605CB, cid=4598, SUCCESS, logIndex=7017, commits[a5e38e3e-c2ad-4348-acb9-3fc25cfb14dd:c7018, 11e48d46-e648-47f9-b6a0-9c7f26654c28:c7016, d1b6a90e-e817-40a7-bec1-608b5cc7d8b6:c7016]
2019-09-11 04:27:06,661 [grpc-default-executor-3] INFO  client.GrpcClientProtocolClient (GrpcClientProtocolClient.java:onNext(264)) - client-734BBEB428D7->a5e38e3e-c2ad-4348-acb9-3fc25cfb14dd: receive RaftClientReply:client-734BBEB428D7->a5e38e3e-c2ad-4348-acb9-3fc25cfb14dd@group-7000B19605CB, cid=4599, SUCCESS, logIndex=7018, commits[a5e38e3e-c2ad-4348-acb9-3fc25cfb14dd:c7018, 11e48d46-e648-47f9-b6a0-9c7f26654c28:c7016, d1b6a90e-e817-40a7-bec1-608b5cc7d8b6:c7016]
2019-09-11 04:27:06,674 [grpc-default-executor-3] INFO  client.GrpcClientProtocolClient (GrpcClientProtocolClient.java:onNext(264)) - client-734BBEB428D7->a5e38e3e-c2ad-4348-acb9-3fc25cfb14dd: receive RaftClientReply:client-734BBEB428D7->a5e38e3e-c2ad-4348-acb9-3fc25cfb14dd@group-7000B19605CB, cid=4600, SUCCESS, logIndex=0, commits[a5e38e3e-c2ad-4348-acb9-3fc25cfb14dd:c7020, 11e48d46-e648-47f9-b6a0-9c7f26654c28:c7018, d1b6a90e-e817-40a7-bec1-608b5cc7d8b6:c7018]
2019-09-11 04:27:06,730 [grpc-default-executor-2] INFO  client.GrpcClientProtocolClient (GrpcClientProtocolClient.java:onNext(264)) - client-734BBEB428D7->a5e38e3e-c2ad-4348-acb9-3fc25cfb14dd: receive RaftClientReply:client-734BBEB428D7->a5e38e3e-c2ad-4348-acb9-3fc25cfb14dd@group-7000B19605CB, cid=4601, SUCCESS, logIndex=7021, commits[a5e38e3e-c2ad-4348-acb9-3fc25cfb14dd:c7023, 11e48d46-e648-47f9-b6a0-9c7f26654c28:c7018, d1b6a90e-e817-40a7-bec1-608b5cc7d8b6:c7020]
2019-09-11 04:27:06,732 [grpc-default-executor-2] INFO  client.GrpcClientProtocolClient (GrpcClientProtocolClient.java:onNext(264)) - client-734BBEB428D7->a5e38e3e-c2ad-4348-acb9-3fc25cfb14dd: receive RaftClientReply:client-734BBEB428D7->a5e38e3e-c2ad-4348-acb9-3fc25cfb14dd@group-7000B19605CB, cid=4602, SUCCESS, logIndex=7022, commits[a5e38e3e-c2ad-4348-acb9-3fc25cfb14dd:c7023, 11e48d46-e648-47f9-b6a0-9c7f26654c28:c7020, d1b6a90e-e817-40a7-bec1-608b5cc7d8b6:c7020]
2019-09-11 04:27:06,732 [grpc-default-executor-2] INFO  client.GrpcClientProtocolClient (GrpcClientProtocolClient.java:onNext(264)) - client-734BBEB428D7->a5e38e3e-c2ad-4348-acb9-3fc25cfb14dd: receive RaftClientReply:client-734BBEB428D7->a5e38e3e-c2ad-4348-acb9-3fc25cfb14dd@group-7000B19605CB, cid=4603, SUCCESS, logIndex=7023, commits[a5e38e3e-c2ad-4348-acb9-3fc25cfb14dd:c7024, 11e48d46-e648-47f9-b6a0-9c7f26654c28:c7020, d1b6a90e-e817-40a7-bec1-608b5cc7d8b6:c7020]
2019-09-11 04:27:06,733 [grpc-default-executor-2] INFO  client.GrpcClientProtocolClient (GrpcClientProtocolClient.java:onNext(264)) - client-734BBEB428D7->a5e38e3e-c2ad-4348-acb9-3fc25cfb14dd: receive RaftClientReply:client-734BBEB428D7->a5e38e3e-c2ad-4348-acb9-3fc25cfb14dd@group-7000B19605CB, cid=4604, SUCCESS, logIndex=7024, commits[a5e38e3e-c2ad-4348-acb9-3fc25cfb14dd:c7024, 11e48d46-e648-47f9-b6a0-9c7f26654c28:c7020, d1b6a90e-e817-40a7-bec1-608b5cc7d8b6:c7020]
2019-09-11 04:27:06,734 [grpc-default-executor-2] INFO  client.GrpcClientProtocolClient (GrpcClientProtocolClient.java:onNext(264)) - client-734BBEB428D7->a5e38e3e-c2ad-4348-acb9-3fc25cfb14dd: receive RaftClientReply:client-734BBEB428D7->a5e38e3e-c2ad-4348-acb9-3fc25cfb14dd@group-7000B19605CB, cid=4605, SUCCESS, logIndex=0, commits[a5e38e3e-c2ad-4348-acb9-3fc25cfb14dd:c7028, 11e48d46-e648-47f9-b6a0-9c7f26654c28:c7024, d1b6a90e-e817-40a7-bec1-608b5cc7d8b6:c7024]
2019-09-11 04:27:06,754 [grpc-default-executor-4] INFO  client.GrpcClientProtocolClient (GrpcClientProtocolClient.java:onNext(264)) - client-734BBEB428D7->a5e38e3e-c2ad-4348-acb9-3fc25cfb14dd: receive RaftClientReply:client-734BBEB428D7->a5e38e3e-c2ad-4348-acb9-3fc25cfb14dd@group-7000B19605CB, cid=4606, SUCCESS, logIndex=7029, commits[a5e38e3e-c2ad-4348-acb9-3fc25cfb14dd:c7030, 11e48d46-e648-47f9-b6a0-9c7f26654c28:c7024, d1b6a90e-e817-40a7-bec1-608b5cc7d8b6:c7028]
2019-09-11 04:27:06,755 [grpc-default-executor-4] INFO  client.GrpcClientProtocolClient (GrpcClientProtocolClient.java:onNext(264)) - client-734BBEB428D7->a5e38e3e-c2ad-4348-acb9-3fc25cfb14dd: receive RaftClientReply:client-734BBEB428D7->a5e38e3e-c2ad-4348-acb9-3fc25cfb14dd@group-7000B19605CB, cid=4607, SUCCESS, logIndex=7030, commits[a5e38e3e-c2ad-4348-acb9-3fc25cfb14dd:c7030, 11e48d46-e648-47f9-b6a0-9c7f26654c28:c7024, d1b6a90e-e817-40a7-bec1-608b5cc7d8b6:c7028]
2019-09-11 04:27:06,778 [grpc-default-executor-3] INFO  client.GrpcClientProtocolClient (GrpcClientProtocolClient.java:onNext(264)) - client-734BBEB428D7->a5e38e3e-c2ad-4348-acb9-3fc25cfb14dd: receive RaftClientReply:client-734BBEB428D7->a5e38e3e-c2ad-4348-acb9-3fc25cfb14dd@group-7000B19605CB, cid=4608, SUCCESS, logIndex=7033, commits[a5e38e3e-c2ad-4348-acb9-3fc25cfb14dd:c7034, 11e48d46-e648-47f9-b6a0-9c7f26654c28:c7029, d1b6a90e-e817-40a7-bec1-608b5cc7d8b6:c7030]
2019-09-11 04:27:06,778 [grpc-default-executor-3] INFO  client.GrpcClientProtocolClient (GrpcClientProtocolClient.java:onNext(264)) - client-734BBEB428D7->a5e38e3e-c2ad-4348-acb9-3fc25cfb14dd: receive RaftClientReply:client-734BBEB428D7->a5e38e3e-c2ad-4348-acb9-3fc25cfb14dd@group-7000B19605CB, cid=4609, SUCCESS, logIndex=7034, commits[a5e38e3e-c2ad-4348-acb9-3fc25cfb14dd:c7034, 11e48d46-e648-47f9-b6a0-9c7f26654c28:c7030, d1b6a90e-e817-40a7-bec1-608b5cc7d8b6:c7030]
2019-09-11 04:27:06,780 [grpc-default-executor-3] INFO  client.GrpcClientProtocolClient (GrpcClientProtocolClient.java:onNext(264)) - client-734BBEB428D7->a5e38e3e-c2ad-4348-acb9-3fc25cfb14dd: receive RaftClientReply:client-734BBEB428D7->a5e38e3e-c2ad-4348-acb9-3fc25cfb14dd@group-7000B19605CB, cid=4610, SUCCESS, logIndex=0, commits[a5e38e3e-c2ad-4348-acb9-3fc25cfb14dd:c7035, 11e48d46-e648-47f9-b6a0-9c7f26654c28:c7034, d1b6a90e-e817-40a7-bec1-608b5cc7d8b6:c7034]
2019-09-11 04:27:06,962 [grpc-default-executor-1] INFO  client.GrpcClientProtocolClient (GrpcClientProtocolClient.java:onNext(264)) - client-734BBEB428D7->a5e38e3e-c2ad-4348-acb9-3fc25cfb14dd: receive RaftClientReply:client-734BBEB428D7->a5e38e3e-c2ad-4348-acb9-3fc25cfb14dd@group-7000B19605CB, cid=4611, SUCCESS, logIndex=7037, commits[a5e38e3e-c2ad-4348-acb9-3fc25cfb14dd:c7040, 11e48d46-e648-47f9-b6a0-9c7f26654c28:c7036, d1b6a90e-e817-40a7-bec1-608b5cc7d8b6:c7034]
2019-09-11 04:27:06,963 [grpc-default-executor-1] INFO  client.GrpcClientProtocolClient (GrpcClientProtocolClient.java:onNext(264)) - client-734BBEB428D7->a5e38e3e-c2ad-4348-acb9-3fc25cfb14dd: receive RaftClientReply:client-734BBEB428D7->a5e38e3e-c2ad-4348-acb9-3fc25cfb14dd@group-7000B19605CB, cid=4612, SUCCESS, logIndex=7038, commits[a5e38e3e-c2ad-4348-acb9-3fc25cfb14dd:c7040, 11e48d46-e648-47f9-b6a0-9c7f26654c28:c7036, d1b6a90e-e817-40a7-bec1-608b5cc7d8b6:c7034]
2019-09-11 04:27:06,964 [grpc-default-executor-1] INFO  client.GrpcClientProtocolClient (GrpcClientProtocolClient.java:onNext(264)) - client-734BBEB428D7->a5e38e3e-c2ad-4348-acb9-3fc25cfb14dd: receive RaftClientReply:client-734BBEB428D7->a5e38e3e-c2ad-4348-acb9-3fc25cfb14dd@group-7000B19605CB, cid=4613, SUCCESS, logIndex=7039, commits[a5e38e3e-c2ad-4348-acb9-3fc25cfb14dd:c7040, 11e48d46-e648-47f9-b6a0-9c7f26654c28:c7036, d1b6a90e-e817-40a7-bec1-608b5cc7d8b6:c7034]
2019-09-11 04:27:06,964 [grpc-default-executor-1] INFO  client.GrpcClientProtocolClient (GrpcClientProtocolClient.java:onNext(264)) - client-734BBEB428D7->a5e38e3e-c2ad-4348-acb9-3fc25cfb14dd: receive RaftClientReply:client-734BBEB428D7->a5e38e3e-c2ad-4348-acb9-3fc25cfb14dd@group-7000B19605CB, cid=4614, SUCCESS, logIndex=7040, commits[a5e38e3e-c2ad-4348-acb9-3fc25cfb14dd:c7040, 11e48d46-e648-47f9-b6a0-9c7f26654c28:c7036, d1b6a90e-e817-40a7-bec1-608b5cc7d8b6:c7034]
2019-09-11 04:27:06,975 [grpc-default-executor-1] INFO  client.GrpcClientProtocolClient (GrpcClientProtocolClient.java:onNext(264)) - client-734BBEB428D7->a5e38e3e-c2ad-4348-acb9-3fc25cfb14dd: receive RaftClientReply:client-734BBEB428D7->a5e38e3e-c2ad-4348-acb9-3fc25cfb14dd@group-7000B19605CB, cid=4615, SUCCESS, logIndex=0, commits[a5e38e3e-c2ad-4348-acb9-3fc25cfb14dd:c7041, 11e48d46-e648-47f9-b6a0-9c7f26654c28:c7038, d1b6a90e-e817-40a7-bec1-608b5cc7d8b6:c7038]
2019-09-11 04:27:06,998 [grpc-default-executor-2] INFO  client.GrpcClientProtocolClient (GrpcClientProtocolClient.java:onNext(264)) - client-734BBEB428D7->a5e38e3e-c2ad-4348-acb9-3fc25cfb14dd: receive RaftClientReply:client-734BBEB428D7->a5e38e3e-c2ad-4348-acb9-3fc25cfb14dd@group-7000B19605CB, cid=4616, SUCCESS, logIndex=7045, commits[a5e38e3e-c2ad-4348-acb9-3fc25cfb14dd:c7046, 11e48d46-e648-47f9-b6a0-9c7f26654c28:c7044, d1b6a90e-e817-40a7-bec1-608b5cc7d8b6:c7044]
2019-09-11 04:27:06,998 [grpc-default-executor-2] INFO  client.GrpcClientProtocolClient (GrpcClientProtocolClient.java:onNext(264)) - client-734BBEB428D7->a5e38e3e-c2ad-4348-acb9-3fc25cfb14dd: receive RaftClientReply:client-734BBEB428D7->a5e38e3e-c2ad-4348-acb9-3fc25cfb14dd@group-7000B19605CB, cid=4617, SUCCESS, logIndex=7046, commits[a5e38e3e-c2ad-4348-acb9-3fc25cfb14dd:c7046, 11e48d46-e648-47f9-b6a0-9c7f26654c28:c7044, d1b6a90e-e817-40a7-bec1-608b5cc7d8b6:c7044]
2019-09-11 04:27:07,025 [grpc-default-executor-2] INFO  client.GrpcClientProtocolClient (GrpcClientProtocolClient.java:onNext(264)) - client-734BBEB428D7->a5e38e3e-c2ad-4348-acb9-3fc25cfb14dd: receive RaftClientReply:client-734BBEB428D7->a5e38e3e-c2ad-4348-acb9-3fc25cfb14dd@group-7000B19605CB, cid=4618, SUCCESS, logIndex=7049, commits[a5e38e3e-c2ad-4348-acb9-3fc25cfb14dd:c7050, 11e48d46-e648-47f9-b6a0-9c7f26654c28:c7046, d1b6a90e-e817-40a7-bec1-608b5cc7d8b6:c7046]
2019-09-11 04:27:07,026 [grpc-default-executor-2] INFO  client.GrpcClientProtocolClient (GrpcClientProtocolClient.java:onNext(264)) - client-734BBEB428D7->a5e38e3e-c2ad-4348-acb9-3fc25cfb14dd: receive RaftClientReply:client-734BBEB428D7->a5e38e3e-c2ad-4348-acb9-3fc25cfb14dd@group-7000B19605CB, cid=4619, SUCCESS, logIndex=7050, commits[a5e38e3e-c2ad-4348-acb9-3fc25cfb14dd:c7050, 11e48d46-e648-47f9-b6a0-9c7f26654c28:c7046, d1b6a90e-e817-40a7-bec1-608b5cc7d8b6:c7046]
2019-09-11 04:27:07,041 [grpc-default-executor-2] INFO  client.GrpcClientProtocolClient (GrpcClientProtocolClient.java:onNext(264)) - client-734BBEB428D7->a5e38e3e-c2ad-4348-acb9-3fc25cfb14dd: receive RaftClientReply:client-734BBEB428D7->a5e38e3e-c2ad-4348-acb9-3fc25cfb14dd@group-7000B19605CB, cid=4620, SUCCESS, logIndex=0, commits[a5e38e3e-c2ad-4348-acb9-3fc25cfb14dd:c7052, 11e48d46-e648-47f9-b6a0-9c7f26654c28:c7050, d1b6a90e-e817-40a7-bec1-608b5cc7d8b6:c7050]
2019-09-11 04:27:07,084 [grpc-default-executor-3] INFO  client.GrpcClientProtocolClient (GrpcClientProtocolClient.java:onNext(264)) - client-734BBEB428D7->a5e38e3e-c2ad-4348-acb9-3fc25cfb14dd: receive RaftClientReply:client-734BBEB428D7->a5e38e3e-c2ad-4348-acb9-3fc25cfb14dd@group-7000B19605CB, cid=4621, SUCCESS, logIndex=7053, commits[a5e38e3e-c2ad-4348-acb9-3fc25cfb14dd:c7054, 11e48d46-e648-47f9-b6a0-9c7f26654c28:c7050, d1b6a90e-e817-40a7-bec1-608b5cc7d8b6:c7052]
2019-09-11 04:27:07,084 [grpc-default-executor-4] INFO  client.GrpcClientProtocolClient (GrpcClientProtocolClient.java:onNext(264)) - client-734BBEB428D7->a5e38e3e-c2ad-4348-acb9-3fc25cfb14dd: receive RaftClientReply:client-734BBEB428D7->a5e38e3e-c2ad-4348-acb9-3fc25cfb14dd@group-7000B19605CB, cid=4622, SUCCESS, logIndex=7054, commits[a5e38e3e-c2ad-4348-acb9-3fc25cfb14dd:c7054, 11e48d46-e648-47f9-b6a0-9c7f26654c28:c7052, d1b6a90e-e817-40a7-bec1-608b5cc7d8b6:c7052]
2019-09-11 04:27:07,085 [grpc-default-executor-4] INFO  client.GrpcClientProtocolClient (GrpcClientProtocolClient.java:onNext(264)) - client-734BBEB428D7->a5e38e3e-c2ad-4348-acb9-3fc25cfb14dd: receive RaftClientReply:client-734BBEB428D7->a5e38e3e-c2ad-4348-acb9-3fc25cfb14dd@group-7000B19605CB, cid=4623, SUCCESS, logIndex=7055, commits[a5e38e3e-c2ad-4348-acb9-3fc25cfb14dd:c7056, 11e48d46-e648-47f9-b6a0-9c7f26654c28:c7052, d1b6a90e-e817-40a7-bec1-608b5cc7d8b6:c7052]
2019-09-11 04:27:07,087 [grpc-default-executor-4] INFO  client.GrpcClientProtocolClient (GrpcClientProtocolClient.java:onNext(264)) - client-734BBEB428D7->a5e38e3e-c2ad-4348-acb9-3fc25cfb14dd: receive RaftClientReply:client-734BBEB428D7->a5e38e3e-c2ad-4348-acb9-3fc25cfb14dd@group-7000B19605CB, cid=4624, SUCCESS, logIndex=7056, commits[a5e38e3e-c2ad-4348-acb9-3fc25cfb14dd:c7056, 11e48d46-e648-47f9-b6a0-9c7f26654c28:c7052, d1b6a90e-e817-40a7-bec1-608b5cc7d8b6:c7052]
2019-09-11 04:27:07,088 [grpc-default-executor-4] INFO  client.GrpcClientProtocolClient (GrpcClientProtocolClient.java:onNext(264)) - client-734BBEB428D7->a5e38e3e-c2ad-4348-acb9-3fc25cfb14dd: receive RaftClientReply:client-734BBEB428D7->a5e38e3e-c2ad-4348-acb9-3fc25cfb14dd@group-7000B19605CB, cid=4625, SUCCESS, logIndex=0, commits[a5e38e3e-c2ad-4348-acb9-3fc25cfb14dd:c7059, 11e48d46-e648-47f9-b6a0-9c7f26654c28:c7055, d1b6a90e-e817-40a7-bec1-608b5cc7d8b6:c7054]
2019-09-11 04:27:07,107 [grpc-default-executor-3] INFO  client.GrpcClientProtocolClient (GrpcClientProtocolClient.java:onNext(264)) - client-734BBEB428D7->a5e38e3e-c2ad-4348-acb9-3fc25cfb14dd: receive RaftClientReply:client-734BBEB428D7->a5e38e3e-c2ad-4348-acb9-3fc25cfb14dd@group-7000B19605CB, cid=4626, SUCCESS, logIndex=7061, commits[a5e38e3e-c2ad-4348-acb9-3fc25cfb14dd:c7061, 11e48d46-e648-47f9-b6a0-9c7f26654c28:c7060, d1b6a90e-e817-40a7-bec1-608b5cc7d8b6:c7060]
2019-09-11 04:27:07,107 [grpc-default-executor-3] INFO  client.GrpcClientProtocolClient (GrpcClientProtocolClient.java:onNext(264)) - client-734BBEB428D7->a5e38e3e-c2ad-4348-acb9-3fc25cfb14dd: receive RaftClientReply:client-734BBEB428D7->a5e38e3e-c2ad-4348-acb9-3fc25cfb14dd@group-7000B19605CB, cid=4627, SUCCESS, logIndex=7062, commits[a5e38e3e-c2ad-4348-acb9-3fc25cfb14dd:c7062, 11e48d46-e648-47f9-b6a0-9c7f26654c28:c7060, d1b6a90e-e817-40a7-bec1-608b5cc7d8b6:c7060]
2019-09-11 04:27:07,121 [grpc-default-executor-1] INFO  client.GrpcClientProtocolClient (GrpcClientProtocolClient.java:onNext(264)) - client-734BBEB428D7->a5e38e3e-c2ad-4348-acb9-3fc25cfb14dd: receive RaftClientReply:client-734BBEB428D7->a5e38e3e-c2ad-4348-acb9-3fc25cfb14dd@group-7000B19605CB, cid=4628, SUCCESS, logIndex=7065, commits[a5e38e3e-c2ad-4348-acb9-3fc25cfb14dd:c7065, 11e48d46-e648-47f9-b6a0-9c7f26654c28:c7062, d1b6a90e-e817-40a7-bec1-608b5cc7d8b6:c7062]
2019-09-11 04:27:07,122 [grpc-default-executor-1] INFO  client.GrpcClientProtocolClient (GrpcClientProtocolClient.java:onNext(264)) - client-734BBEB428D7->a5e38e3e-c2ad-4348-acb9-3fc25cfb14dd: receive RaftClientReply:client-734BBEB428D7->a5e38e3e-c2ad-4348-acb9-3fc25cfb14dd@group-7000B19605CB, cid=4629, SUCCESS, logIndex=7066, commits[a5e38e3e-c2ad-4348-acb9-3fc25cfb14dd:c7066, 11e48d46-e648-47f9-b6a0-9c7f26654c28:c7062, d1b6a90e-e817-40a7-bec1-608b5cc7d8b6:c7062]
2019-09-11 04:27:07,134 [grpc-default-executor-1] INFO  client.GrpcClientProtocolClient (GrpcClientProtocolClient.java:onNext(264)) - client-734BBEB428D7->a5e38e3e-c2ad-4348-acb9-3fc25cfb14dd: receive RaftClientReply:client-734BBEB428D7->a5e38e3e-c2ad-4348-acb9-3fc25cfb14dd@group-7000B19605CB, cid=4630, SUCCESS, logIndex=0, commits[a5e38e3e-c2ad-4348-acb9-3fc25cfb14dd:c7068, 11e48d46-e648-47f9-b6a0-9c7f26654c28:c7066, d1b6a90e-e817-40a7-bec1-608b5cc7d8b6:c7066]
2019-09-11 04:27:07,168 [grpc-default-executor-4] INFO  client.GrpcClientProtocolClient (GrpcClientProtocolClient.java:onNext(264)) - client-734BBEB428D7->a5e38e3e-c2ad-4348-acb9-3fc25cfb14dd: receive RaftClientReply:client-734BBEB428D7->a5e38e3e-c2ad-4348-acb9-3fc25cfb14dd@group-7000B19605CB, cid=4631, SUCCESS, logIndex=7069, commits[a5e38e3e-c2ad-4348-acb9-3fc25cfb14dd:c7070, 11e48d46-e648-47f9-b6a0-9c7f26654c28:c7066, d1b6a90e-e817-40a7-bec1-608b5cc7d8b6:c7068]
2019-09-11 04:27:07,169 [grpc-default-executor-4] INFO  client.GrpcClientProtocolClient (GrpcClientProtocolClient.java:onNext(264)) - client-734BBEB428D7->a5e38e3e-c2ad-4348-acb9-3fc25cfb14dd: receive RaftClientReply:client-734BBEB428D7->a5e38e3e-c2ad-4348-acb9-3fc25cfb14dd@group-7000B19605CB, cid=4632, SUCCESS, logIndex=7070, commits[a5e38e3e-c2ad-4348-acb9-3fc25cfb14dd:c7070, 11e48d46-e648-47f9-b6a0-9c7f26654c28:c7068, d1b6a90e-e817-40a7-bec1-608b5cc7d8b6:c7068]
2019-09-11 04:27:07,169 [grpc-default-executor-1] INFO  client.GrpcClientProtocolClient (GrpcClientProtocolClient.java:onNext(264)) - client-734BBEB428D7->a5e38e3e-c2ad-4348-acb9-3fc25cfb14dd: receive RaftClientReply:client-734BBEB428D7->a5e38e3e-c2ad-4348-acb9-3fc25cfb14dd@group-7000B19605CB, cid=4633, SUCCESS, logIndex=7071, commits[a5e38e3e-c2ad-4348-acb9-3fc25cfb14dd:c7072, 11e48d46-e648-47f9-b6a0-9c7f26654c28:c7068, d1b6a90e-e817-40a7-bec1-608b5cc7d8b6:c7068]
2019-09-11 04:27:07,170 [grpc-default-executor-1] INFO  client.GrpcClientProtocolClient (GrpcClientProtocolClient.java:onNext(264)) - client-734BBEB428D7->a5e38e3e-c2ad-4348-acb9-3fc25cfb14dd: receive RaftClientReply:client-734BBEB428D7->a5e38e3e-c2ad-4348-acb9-3fc25cfb14dd@group-7000B19605CB, cid=4634, SUCCESS, logIndex=7072, commits[a5e38e3e-c2ad-4348-acb9-3fc25cfb14dd:c7072, 11e48d46-e648-47f9-b6a0-9c7f26654c28:c7068, d1b6a90e-e817-40a7-bec1-608b5cc7d8b6:c7068]
2019-09-11 04:27:07,171 [grpc-default-executor-1] INFO  client.GrpcClientProtocolClient (GrpcClientProtocolClient.java:onNext(264)) - client-734BBEB428D7->a5e38e3e-c2ad-4348-acb9-3fc25cfb14dd: receive RaftClientReply:client-734BBEB428D7->a5e38e3e-c2ad-4348-acb9-3fc25cfb14dd@group-7000B19605CB, cid=4635, SUCCESS, logIndex=0, commits[a5e38e3e-c2ad-4348-acb9-3fc25cfb14dd:c7074, 11e48d46-e648-47f9-b6a0-9c7f26654c28:c7070, d1b6a90e-e817-40a7-bec1-608b5cc7d8b6:c7070]
2019-09-11 04:27:07,189 [grpc-default-executor-4] INFO  client.GrpcClientProtocolClient (GrpcClientProtocolClient.java:onNext(264)) - client-734BBEB428D7->a5e38e3e-c2ad-4348-acb9-3fc25cfb14dd: receive RaftClientReply:client-734BBEB428D7->a5e38e3e-c2ad-4348-acb9-3fc25cfb14dd@group-7000B19605CB, cid=4636, SUCCESS, logIndex=7077, commits[a5e38e3e-c2ad-4348-acb9-3fc25cfb14dd:c7078, 11e48d46-e648-47f9-b6a0-9c7f26654c28:c7076, d1b6a90e-e817-40a7-bec1-608b5cc7d8b6:c7076]
2019-09-11 04:27:07,189 [grpc-default-executor-4] INFO  client.GrpcClientProtocolClient (GrpcClientProtocolClient.java:onNext(264)) - client-734BBEB428D7->a5e38e3e-c2ad-4348-acb9-3fc25cfb14dd: receive RaftClientReply:client-734BBEB428D7->a5e38e3e-c2ad-4348-acb9-3fc25cfb14dd@group-7000B19605CB, cid=4637, SUCCESS, logIndex=7078, commits[a5e38e3e-c2ad-4348-acb9-3fc25cfb14dd:c7078, 11e48d46-e648-47f9-b6a0-9c7f26654c28:c7076, d1b6a90e-e817-40a7-bec1-608b5cc7d8b6:c7076]
2019-09-11 04:27:07,201 [grpc-default-executor-4] INFO  client.GrpcClientProtocolClient (GrpcClientProtocolClient.java:onNext(264)) - client-734BBEB428D7->a5e38e3e-c2ad-4348-acb9-3fc25cfb14dd: receive RaftClientReply:client-734BBEB428D7->a5e38e3e-c2ad-4348-acb9-3fc25cfb14dd@group-7000B19605CB, cid=4638, SUCCESS, logIndex=7081, commits[a5e38e3e-c2ad-4348-acb9-3fc25cfb14dd:c7082, 11e48d46-e648-47f9-b6a0-9c7f26654c28:c7078, d1b6a90e-e817-40a7-bec1-608b5cc7d8b6:c7077]
2019-09-11 04:27:07,201 [grpc-default-executor-4] INFO  client.GrpcClientProtocolClient (GrpcClientProtocolClient.java:onNext(264)) - client-734BBEB428D7->a5e38e3e-c2ad-4348-acb9-3fc25cfb14dd: receive RaftClientReply:client-734BBEB428D7->a5e38e3e-c2ad-4348-acb9-3fc25cfb14dd@group-7000B19605CB, cid=4639, SUCCESS, logIndex=7082, commits[a5e38e3e-c2ad-4348-acb9-3fc25cfb14dd:c7082, 11e48d46-e648-47f9-b6a0-9c7f26654c28:c7078, d1b6a90e-e817-40a7-bec1-608b5cc7d8b6:c7078]
2019-09-11 04:27:07,204 [grpc-default-executor-4] INFO  client.GrpcClientProtocolClient (GrpcClientProtocolClient.java:onNext(264)) - client-734BBEB428D7->a5e38e3e-c2ad-4348-acb9-3fc25cfb14dd: receive RaftClientReply:client-734BBEB428D7->a5e38e3e-c2ad-4348-acb9-3fc25cfb14dd@group-7000B19605CB, cid=4640, SUCCESS, logIndex=0, commits[a5e38e3e-c2ad-4348-acb9-3fc25cfb14dd:c7084, 11e48d46-e648-47f9-b6a0-9c7f26654c28:c7082, d1b6a90e-e817-40a7-bec1-608b5cc7d8b6:c7082]
2019-09-11 04:27:07,241 [grpc-default-executor-4] INFO  client.GrpcClientProtocolClient (GrpcClientProtocolClient.java:onNext(264)) - client-734BBEB428D7->a5e38e3e-c2ad-4348-acb9-3fc25cfb14dd: receive RaftClientReply:client-734BBEB428D7->a5e38e3e-c2ad-4348-acb9-3fc25cfb14dd@group-7000B19605CB, cid=4641, SUCCESS, logIndex=7085, commits[a5e38e3e-c2ad-4348-acb9-3fc25cfb14dd:c7086, 11e48d46-e648-47f9-b6a0-9c7f26654c28:c7082, d1b6a90e-e817-40a7-bec1-608b5cc7d8b6:c7084]
2019-09-11 04:27:07,242 [grpc-default-executor-4] INFO  client.GrpcClientProtocolClient (GrpcClientProtocolClient.java:onNext(264)) - client-734BBEB428D7->a5e38e3e-c2ad-4348-acb9-3fc25cfb14dd: receive RaftClientReply:client-734BBEB428D7->a5e38e3e-c2ad-4348-acb9-3fc25cfb14dd@group-7000B19605CB, cid=4642, SUCCESS, logIndex=7086, commits[a5e38e3e-c2ad-4348-acb9-3fc25cfb14dd:c7088, 11e48d46-e648-47f9-b6a0-9c7f26654c28:c7084, d1b6a90e-e817-40a7-bec1-608b5cc7d8b6:c7084]
2019-09-11 04:27:07,244 [grpc-default-executor-4] INFO  client.GrpcClientProtocolClient (GrpcClientProtocolClient.java:onNext(264)) - client-734BBEB428D7->a5e38e3e-c2ad-4348-acb9-3fc25cfb14dd: receive RaftClientReply:client-734BBEB428D7->a5e38e3e-c2ad-4348-acb9-3fc25cfb14dd@group-7000B19605CB, cid=4643, SUCCESS, logIndex=7087, commits[a5e38e3e-c2ad-4348-acb9-3fc25cfb14dd:c7088, 11e48d46-e648-47f9-b6a0-9c7f26654c28:c7084, d1b6a90e-e817-40a7-bec1-608b5cc7d8b6:c7084]
2019-09-11 04:27:07,244 [grpc-default-executor-1] INFO  client.GrpcClientProtocolClient (GrpcClientProtocolClient.java:onNext(264)) - client-734BBEB428D7->a5e38e3e-c2ad-4348-acb9-3fc25cfb14dd: receive RaftClientReply:client-734BBEB428D7->a5e38e3e-c2ad-4348-acb9-3fc25cfb14dd@group-7000B19605CB, cid=4644, SUCCESS, logIndex=7088, commits[a5e38e3e-c2ad-4348-acb9-3fc25cfb14dd:c7088, 11e48d46-e648-47f9-b6a0-9c7f26654c28:c7084, d1b6a90e-e817-40a7-bec1-608b5cc7d8b6:c7084]
2019-09-11 04:27:07,245 [grpc-default-executor-3] INFO  client.GrpcClientProtocolClient (GrpcClientProtocolClient.java:onNext(264)) - client-734BBEB428D7->a5e38e3e-c2ad-4348-acb9-3fc25cfb14dd: receive RaftClientReply:client-734BBEB428D7->a5e38e3e-c2ad-4348-acb9-3fc25cfb14dd@group-7000B19605CB, cid=4645, SUCCESS, logIndex=0, commits[a5e38e3e-c2ad-4348-acb9-3fc25cfb14dd:c7092, 11e48d46-e648-47f9-b6a0-9c7f26654c28:c7088, d1b6a90e-e817-40a7-bec1-608b5cc7d8b6:c7088]
2019-09-11 04:27:07,264 [grpc-default-executor-1] INFO  client.GrpcClientProtocolClient (GrpcClientProtocolClient.java:onNext(264)) - client-734BBEB428D7->a5e38e3e-c2ad-4348-acb9-3fc25cfb14dd: receive RaftClientReply:client-734BBEB428D7->a5e38e3e-c2ad-4348-acb9-3fc25cfb14dd@group-7000B19605CB, cid=4646, SUCCESS, logIndex=7093, commits[a5e38e3e-c2ad-4348-acb9-3fc25cfb14dd:c7093, 11e48d46-e648-47f9-b6a0-9c7f26654c28:c7088, d1b6a90e-e817-40a7-bec1-608b5cc7d8b6:c7092]
2019-09-11 04:27:07,264 [grpc-default-executor-1] INFO  client.GrpcClientProtocolClient (GrpcClientProtocolClient.java:onNext(264)) - client-734BBEB428D7->a5e38e3e-c2ad-4348-acb9-3fc25cfb14dd: receive RaftClientReply:client-734BBEB428D7->a5e38e3e-c2ad-4348-acb9-3fc25cfb14dd@group-7000B19605CB, cid=4647, SUCCESS, logIndex=7094, commits[a5e38e3e-c2ad-4348-acb9-3fc25cfb14dd:c7094, 11e48d46-e648-47f9-b6a0-9c7f26654c28:c7092, d1b6a90e-e817-40a7-bec1-608b5cc7d8b6:c7092]
2019-09-11 04:27:07,277 [grpc-default-executor-3] INFO  client.GrpcClientProtocolClient (GrpcClientProtocolClient.java:onNext(264)) - client-734BBEB428D7->a5e38e3e-c2ad-4348-acb9-3fc25cfb14dd: receive RaftClientReply:client-734BBEB428D7->a5e38e3e-c2ad-4348-acb9-3fc25cfb14dd@group-7000B19605CB, cid=4648, SUCCESS, logIndex=7097, commits[a5e38e3e-c2ad-4348-acb9-3fc25cfb14dd:c7098, 11e48d46-e648-47f9-b6a0-9c7f26654c28:c7093, d1b6a90e-e817-40a7-bec1-608b5cc7d8b6:c7094]
2019-09-11 04:27:07,277 [grpc-default-executor-3] INFO  client.GrpcClientProtocolClient (GrpcClientProtocolClient.java:onNext(264)) - client-734BBEB428D7->a5e38e3e-c2ad-4348-acb9-3fc25cfb14dd: receive RaftClientReply:client-734BBEB428D7->a5e38e3e-c2ad-4348-acb9-3fc25cfb14dd@group-7000B19605CB, cid=4649, SUCCESS, logIndex=7098, commits[a5e38e3e-c2ad-4348-acb9-3fc25cfb14dd:c7098, 11e48d46-e648-47f9-b6a0-9c7f26654c28:c7094, d1b6a90e-e817-40a7-bec1-608b5cc7d8b6:c7094]
 0.00% |█                                                                                                    |  0/1 Time: 0:01:182019-09-11 04:27:07,289 [grpc-default-executor-3] INFO  client.GrpcClientProtocolClient (GrpcClientProtocolClient.java:onNext(264)) - client-734BBEB428D7->a5e38e3e-c2ad-4348-acb9-3fc25cfb14dd: receive RaftClientReply:client-734BBEB428D7->a5e38e3e-c2ad-4348-acb9-3fc25cfb14dd@group-7000B19605CB, cid=4650, SUCCESS, logIndex=0, commits[a5e38e3e-c2ad-4348-acb9-3fc25cfb14dd:c7100, 11e48d46-e648-47f9-b6a0-9c7f26654c28:c7098, d1b6a90e-e817-40a7-bec1-608b5cc7d8b6:c7098]
2019-09-11 04:27:07,323 [grpc-default-executor-4] INFO  client.GrpcClientProtocolClient (GrpcClientProtocolClient.java:onNext(264)) - client-734BBEB428D7->a5e38e3e-c2ad-4348-acb9-3fc25cfb14dd: receive RaftClientReply:client-734BBEB428D7->a5e38e3e-c2ad-4348-acb9-3fc25cfb14dd@group-7000B19605CB, cid=4651, SUCCESS, logIndex=7101, commits[a5e38e3e-c2ad-4348-acb9-3fc25cfb14dd:c7101, 11e48d46-e648-47f9-b6a0-9c7f26654c28:c7100, d1b6a90e-e817-40a7-bec1-608b5cc7d8b6:c7100]
2019-09-11 04:27:07,323 [grpc-default-executor-4] INFO  client.GrpcClientProtocolClient (GrpcClientProtocolClient.java:onNext(264)) - client-734BBEB428D7->a5e38e3e-c2ad-4348-acb9-3fc25cfb14dd: receive RaftClientReply:client-734BBEB428D7->a5e38e3e-c2ad-4348-acb9-3fc25cfb14dd@group-7000B19605CB, cid=4652, SUCCESS, logIndex=7102, commits[a5e38e3e-c2ad-4348-acb9-3fc25cfb14dd:c7104, 11e48d46-e648-47f9-b6a0-9c7f26654c28:c7100, d1b6a90e-e817-40a7-bec1-608b5cc7d8b6:c7100]
2019-09-11 04:27:07,323 [grpc-default-executor-3] INFO  client.GrpcClientProtocolClient (GrpcClientProtocolClient.java:onNext(264)) - client-734BBEB428D7->a5e38e3e-c2ad-4348-acb9-3fc25cfb14dd: receive RaftClientReply:client-734BBEB428D7->a5e38e3e-c2ad-4348-acb9-3fc25cfb14dd@group-7000B19605CB, cid=4653, SUCCESS, logIndex=7103, commits[a5e38e3e-c2ad-4348-acb9-3fc25cfb14dd:c7104, 11e48d46-e648-47f9-b6a0-9c7f26654c28:c7100, d1b6a90e-e817-40a7-bec1-608b5cc7d8b6:c7100]
2019-09-11 04:27:07,324 [grpc-default-executor-3] INFO  client.GrpcClientProtocolClient (GrpcClientProtocolClient.java:onNext(264)) - client-734BBEB428D7->a5e38e3e-c2ad-4348-acb9-3fc25cfb14dd: receive RaftClientReply:client-734BBEB428D7->a5e38e3e-c2ad-4348-acb9-3fc25cfb14dd@group-7000B19605CB, cid=4654, SUCCESS, logIndex=7104, commits[a5e38e3e-c2ad-4348-acb9-3fc25cfb14dd:c7104, 11e48d46-e648-47f9-b6a0-9c7f26654c28:c7100, d1b6a90e-e817-40a7-bec1-608b5cc7d8b6:c7100]
2019-09-11 04:27:07,326 [grpc-default-executor-3] INFO  client.GrpcClientProtocolClient (GrpcClientProtocolClient.java:onNext(264)) - client-734BBEB428D7->a5e38e3e-c2ad-4348-acb9-3fc25cfb14dd: receive RaftClientReply:client-734BBEB428D7->a5e38e3e-c2ad-4348-acb9-3fc25cfb14dd@group-7000B19605CB, cid=4655, SUCCESS, logIndex=0, commits[a5e38e3e-c2ad-4348-acb9-3fc25cfb14dd:c7107, 11e48d46-e648-47f9-b6a0-9c7f26654c28:c7103, d1b6a90e-e817-40a7-bec1-608b5cc7d8b6:c7104]
2019-09-11 04:27:07,347 [grpc-default-executor-3] INFO  client.GrpcClientProtocolClient (GrpcClientProtocolClient.java:onNext(264)) - client-734BBEB428D7->a5e38e3e-c2ad-4348-acb9-3fc25cfb14dd: receive RaftClientReply:client-734BBEB428D7->a5e38e3e-c2ad-4348-acb9-3fc25cfb14dd@group-7000B19605CB, cid=4656, SUCCESS, logIndex=7108, commits[a5e38e3e-c2ad-4348-acb9-3fc25cfb14dd:c7109, 11e48d46-e648-47f9-b6a0-9c7f26654c28:c7107, d1b6a90e-e817-40a7-bec1-608b5cc7d8b6:c7107]
2019-09-11 04:27:07,347 [grpc-default-executor-3] INFO  client.GrpcClientProtocolClient (GrpcClientProtocolClient.java:onNext(264)) - client-734BBEB428D7->a5e38e3e-c2ad-4348-acb9-3fc25cfb14dd: receive RaftClientReply:client-734BBEB428D7->a5e38e3e-c2ad-4348-acb9-3fc25cfb14dd@group-7000B19605CB, cid=4657, SUCCESS, logIndex=7109, commits[a5e38e3e-c2ad-4348-acb9-3fc25cfb14dd:c7109, 11e48d46-e648-47f9-b6a0-9c7f26654c28:c7107, d1b6a90e-e817-40a7-bec1-608b5cc7d8b6:c7107]
2019-09-11 04:27:07,360 [grpc-default-executor-4] INFO  client.GrpcClientProtocolClient (GrpcClientProtocolClient.java:onNext(264)) - client-734BBEB428D7->a5e38e3e-c2ad-4348-acb9-3fc25cfb14dd: receive RaftClientReply:client-734BBEB428D7->a5e38e3e-c2ad-4348-acb9-3fc25cfb14dd@group-7000B19605CB, cid=4658, SUCCESS, logIndex=7112, commits[a5e38e3e-c2ad-4348-acb9-3fc25cfb14dd:c7113, 11e48d46-e648-47f9-b6a0-9c7f26654c28:c7109, d1b6a90e-e817-40a7-bec1-608b5cc7d8b6:c7109]
2019-09-11 04:27:07,360 [grpc-default-executor-4] INFO  client.GrpcClientProtocolClient (GrpcClientProtocolClient.java:onNext(264)) - client-734BBEB428D7->a5e38e3e-c2ad-4348-acb9-3fc25cfb14dd: receive RaftClientReply:client-734BBEB428D7->a5e38e3e-c2ad-4348-acb9-3fc25cfb14dd@group-7000B19605CB, cid=4659, SUCCESS, logIndex=7113, commits[a5e38e3e-c2ad-4348-acb9-3fc25cfb14dd:c7113, 11e48d46-e648-47f9-b6a0-9c7f26654c28:c7109, d1b6a90e-e817-40a7-bec1-608b5cc7d8b6:c7109]
2019-09-11 04:27:07,372 [grpc-default-executor-4] INFO  client.GrpcClientProtocolClient (GrpcClientProtocolClient.java:onNext(264)) - client-734BBEB428D7->a5e38e3e-c2ad-4348-acb9-3fc25cfb14dd: receive RaftClientReply:client-734BBEB428D7->a5e38e3e-c2ad-4348-acb9-3fc25cfb14dd@group-7000B19605CB, cid=4660, SUCCESS, logIndex=0, commits[a5e38e3e-c2ad-4348-acb9-3fc25cfb14dd:c7114, 11e48d46-e648-47f9-b6a0-9c7f26654c28:c7113, d1b6a90e-e817-40a7-bec1-608b5cc7d8b6:c7113]
2019-09-11 04:27:07,412 [grpc-default-executor-3] INFO  client.GrpcClientProtocolClient (GrpcClientProtocolClient.java:onNext(264)) - client-734BBEB428D7->a5e38e3e-c2ad-4348-acb9-3fc25cfb14dd: receive RaftClientReply:client-734BBEB428D7->a5e38e3e-c2ad-4348-acb9-3fc25cfb14dd@group-7000B19605CB, cid=4661, SUCCESS, logIndex=7116, commits[a5e38e3e-c2ad-4348-acb9-3fc25cfb14dd:c7119, 11e48d46-e648-47f9-b6a0-9c7f26654c28:c7115, d1b6a90e-e817-40a7-bec1-608b5cc7d8b6:c7115]
2019-09-11 04:27:07,412 [grpc-default-executor-3] INFO  client.GrpcClientProtocolClient (GrpcClientProtocolClient.java:onNext(264)) - client-734BBEB428D7->a5e38e3e-c2ad-4348-acb9-3fc25cfb14dd: receive RaftClientReply:client-734BBEB428D7->a5e38e3e-c2ad-4348-acb9-3fc25cfb14dd@group-7000B19605CB, cid=4662, SUCCESS, logIndex=7117, commits[a5e38e3e-c2ad-4348-acb9-3fc25cfb14dd:c7119, 11e48d46-e648-47f9-b6a0-9c7f26654c28:c7115, d1b6a90e-e817-40a7-bec1-608b5cc7d8b6:c7115]
2019-09-11 04:27:07,413 [grpc-default-executor-3] INFO  client.GrpcClientProtocolClient (GrpcClientProtocolClient.java:onNext(264)) - client-734BBEB428D7->a5e38e3e-c2ad-4348-acb9-3fc25cfb14dd: receive RaftClientReply:client-734BBEB428D7->a5e38e3e-c2ad-4348-acb9-3fc25cfb14dd@group-7000B19605CB, cid=4663, SUCCESS, logIndex=7118, commits[a5e38e3e-c2ad-4348-acb9-3fc25cfb14dd:c7119, 11e48d46-e648-47f9-b6a0-9c7f26654c28:c7115, d1b6a90e-e817-40a7-bec1-608b5cc7d8b6:c7115]
2019-09-11 04:27:07,413 [grpc-default-executor-3] INFO  client.GrpcClientProtocolClient (GrpcClientProtocolClient.java:onNext(264)) - client-734BBEB428D7->a5e38e3e-c2ad-4348-acb9-3fc25cfb14dd: receive RaftClientReply:client-734BBEB428D7->a5e38e3e-c2ad-4348-acb9-3fc25cfb14dd@group-7000B19605CB, cid=4664, SUCCESS, logIndex=7119, commits[a5e38e3e-c2ad-4348-acb9-3fc25cfb14dd:c7119, 11e48d46-e648-47f9-b6a0-9c7f26654c28:c7115, d1b6a90e-e817-40a7-bec1-608b5cc7d8b6:c7115]
2019-09-11 04:27:07,414 [grpc-default-executor-1] INFO  client.GrpcClientProtocolClient (GrpcClientProtocolClient.java:onNext(264)) - client-734BBEB428D7->a5e38e3e-c2ad-4348-acb9-3fc25cfb14dd: receive RaftClientReply:client-734BBEB428D7->a5e38e3e-c2ad-4348-acb9-3fc25cfb14dd@group-7000B19605CB, cid=4665, SUCCESS, logIndex=0, commits[a5e38e3e-c2ad-4348-acb9-3fc25cfb14dd:c7122, 11e48d46-e648-47f9-b6a0-9c7f26654c28:c7117, d1b6a90e-e817-40a7-bec1-608b5cc7d8b6:c7118]
2019-09-11 04:27:07,420 [grpc-default-executor-1] INFO  segmented.SegmentedRaftLogWorker (SegmentedRaftLogWorker.java:rollLogSegment(385)) - a5e38e3e-c2ad-4348-acb9-3fc25cfb14dd@group-7000B19605CB-SegmentedRaftLogWorker: Rolling segment log-0_7124 to index:7124
2019-09-11 04:27:07,423 [grpc-default-executor-3] INFO  segmented.SegmentedRaftLogWorker (SegmentedRaftLogWorker.java:rollLogSegment(385)) - d1b6a90e-e817-40a7-bec1-608b5cc7d8b6@group-7000B19605CB-SegmentedRaftLogWorker: Rolling segment log-0_7124 to index:7124
2019-09-11 04:27:07,423 [grpc-default-executor-1] INFO  segmented.SegmentedRaftLogWorker (SegmentedRaftLogWorker.java:rollLogSegment(385)) - 11e48d46-e648-47f9-b6a0-9c7f26654c28@group-7000B19605CB-SegmentedRaftLogWorker: Rolling segment log-0_7124 to index:7124
2019-09-11 04:27:07,433 [d1b6a90e-e817-40a7-bec1-608b5cc7d8b6@group-7000B19605CB-SegmentedRaftLogWorker] INFO  segmented.SegmentedRaftLogWorker (SegmentedRaftLogWorker.java:execute(526)) - d1b6a90e-e817-40a7-bec1-608b5cc7d8b6@group-7000B19605CB-SegmentedRaftLogWorker: Rolled log segment from /workdir/hadoop-ozone/tools/target/test-dir/MiniOzoneClusterImpl-71a61207-7f31-4be5-b4bc-650293ba11db/datanode-4/data/ratis/b5d8b248-2dc7-465d-8ee5-7000b19605cb/current/log_inprogress_0 to /workdir/hadoop-ozone/tools/target/test-dir/MiniOzoneClusterImpl-71a61207-7f31-4be5-b4bc-650293ba11db/datanode-4/data/ratis/b5d8b248-2dc7-465d-8ee5-7000b19605cb/current/log_0-7124
2019-09-11 04:27:07,433 [11e48d46-e648-47f9-b6a0-9c7f26654c28@group-7000B19605CB-SegmentedRaftLogWorker] INFO  segmented.SegmentedRaftLogWorker (SegmentedRaftLogWorker.java:execute(526)) - 11e48d46-e648-47f9-b6a0-9c7f26654c28@group-7000B19605CB-SegmentedRaftLogWorker: Rolled log segment from /workdir/hadoop-ozone/tools/target/test-dir/MiniOzoneClusterImpl-71a61207-7f31-4be5-b4bc-650293ba11db/datanode-1/data/ratis/b5d8b248-2dc7-465d-8ee5-7000b19605cb/current/log_inprogress_0 to /workdir/hadoop-ozone/tools/target/test-dir/MiniOzoneClusterImpl-71a61207-7f31-4be5-b4bc-650293ba11db/datanode-1/data/ratis/b5d8b248-2dc7-465d-8ee5-7000b19605cb/current/log_0-7124
2019-09-11 04:27:07,433 [a5e38e3e-c2ad-4348-acb9-3fc25cfb14dd@group-7000B19605CB-SegmentedRaftLogWorker] INFO  segmented.SegmentedRaftLogWorker (SegmentedRaftLogWorker.java:execute(526)) - a5e38e3e-c2ad-4348-acb9-3fc25cfb14dd@group-7000B19605CB-SegmentedRaftLogWorker: Rolled log segment from /workdir/hadoop-ozone/tools/target/test-dir/MiniOzoneClusterImpl-71a61207-7f31-4be5-b4bc-650293ba11db/datanode-3/data/ratis/b5d8b248-2dc7-465d-8ee5-7000b19605cb/current/log_inprogress_0 to /workdir/hadoop-ozone/tools/target/test-dir/MiniOzoneClusterImpl-71a61207-7f31-4be5-b4bc-650293ba11db/datanode-3/data/ratis/b5d8b248-2dc7-465d-8ee5-7000b19605cb/current/log_0-7124
2019-09-11 04:27:07,436 [grpc-default-executor-3] INFO  client.GrpcClientProtocolClient (GrpcClientProtocolClient.java:onNext(264)) - client-734BBEB428D7->a5e38e3e-c2ad-4348-acb9-3fc25cfb14dd: receive RaftClientReply:client-734BBEB428D7->a5e38e3e-c2ad-4348-acb9-3fc25cfb14dd@group-7000B19605CB, cid=4666, SUCCESS, logIndex=7124, commits[a5e38e3e-c2ad-4348-acb9-3fc25cfb14dd:c7124, 11e48d46-e648-47f9-b6a0-9c7f26654c28:c7123, d1b6a90e-e817-40a7-bec1-608b5cc7d8b6:c7123]
 0.00% |█                                                                                                    |  0/1 Time: 0:01:19 0.00% |█                                                                                                    |  0/1 Time: 0:01:20 0.00% |█                                                                                                    |  0/1 Time: 0:01:212019-09-11 04:27:10,403 [11e48d46-e648-47f9-b6a0-9c7f26654c28@group-7000B19605CB-SegmentedRaftLogWorker] INFO  segmented.SegmentedRaftLogWorker (SegmentedRaftLogWorker.java:execute(569)) - 11e48d46-e648-47f9-b6a0-9c7f26654c28@group-7000B19605CB-SegmentedRaftLogWorker: created new log segment /workdir/hadoop-ozone/tools/target/test-dir/MiniOzoneClusterImpl-71a61207-7f31-4be5-b4bc-650293ba11db/datanode-1/data/ratis/b5d8b248-2dc7-465d-8ee5-7000b19605cb/current/log_inprogress_7125
2019-09-11 04:27:10,403 [d1b6a90e-e817-40a7-bec1-608b5cc7d8b6@group-7000B19605CB-SegmentedRaftLogWorker] INFO  segmented.SegmentedRaftLogWorker (SegmentedRaftLogWorker.java:execute(569)) - d1b6a90e-e817-40a7-bec1-608b5cc7d8b6@group-7000B19605CB-SegmentedRaftLogWorker: created new log segment /workdir/hadoop-ozone/tools/target/test-dir/MiniOzoneClusterImpl-71a61207-7f31-4be5-b4bc-650293ba11db/datanode-4/data/ratis/b5d8b248-2dc7-465d-8ee5-7000b19605cb/current/log_inprogress_7125
2019-09-11 04:27:10,403 [a5e38e3e-c2ad-4348-acb9-3fc25cfb14dd@group-7000B19605CB-SegmentedRaftLogWorker] INFO  segmented.SegmentedRaftLogWorker (SegmentedRaftLogWorker.java:execute(569)) - a5e38e3e-c2ad-4348-acb9-3fc25cfb14dd@group-7000B19605CB-SegmentedRaftLogWorker: created new log segment /workdir/hadoop-ozone/tools/target/test-dir/MiniOzoneClusterImpl-71a61207-7f31-4be5-b4bc-650293ba11db/datanode-3/data/ratis/b5d8b248-2dc7-465d-8ee5-7000b19605cb/current/log_inprogress_7125
2019-09-11 04:27:10,423 [java.util.concurrent.ThreadPoolExecutor$Worker@390d431c[State = -1, empty queue]] WARN  server.GrpcLogAppender (GrpcLogAppender.java:timeoutAppendRequest(200)) - a5e38e3e-c2ad-4348-acb9-3fc25cfb14dd@group-7000B19605CB->11e48d46-e648-47f9-b6a0-9c7f26654c28-GrpcLogAppender: appendEntries Timeout, request=a5e38e3e-c2ad-4348-acb9-3fc25cfb14dd->11e48d46-e648-47f9-b6a0-9c7f26654c28#7142-t1, previous=(t:1, i:7124), leaderCommit=7123, initializing? false, entries: size=1, first=(t:1, i:7125), STATEMACHINELOGENTRY, client-734BBEB428D7, cid=4667
2019-09-11 04:27:10,423 [java.util.concurrent.ThreadPoolExecutor$Worker@72c9f50b[State = -1, empty queue]] WARN  server.GrpcLogAppender (GrpcLogAppender.java:timeoutAppendRequest(200)) - a5e38e3e-c2ad-4348-acb9-3fc25cfb14dd@group-7000B19605CB->d1b6a90e-e817-40a7-bec1-608b5cc7d8b6-GrpcLogAppender: appendEntries Timeout, request=a5e38e3e-c2ad-4348-acb9-3fc25cfb14dd->d1b6a90e-e817-40a7-bec1-608b5cc7d8b6#7142-t1, previous=(t:1, i:7124), leaderCommit=7123, initializing? false, entries: size=1, first=(t:1, i:7125), STATEMACHINELOGENTRY, client-734BBEB428D7, cid=4667
2019-09-11 04:27:10,433 [java.util.concurrent.ThreadPoolExecutor$Worker@72c9f50b[State = -1, empty queue]] WARN  server.GrpcLogAppender (GrpcLogAppender.java:timeoutAppendRequest(200)) - a5e38e3e-c2ad-4348-acb9-3fc25cfb14dd@group-7000B19605CB->d1b6a90e-e817-40a7-bec1-608b5cc7d8b6-GrpcLogAppender: appendEntries Timeout, request=a5e38e3e-c2ad-4348-acb9-3fc25cfb14dd->d1b6a90e-e817-40a7-bec1-608b5cc7d8b6#7143-t1, previous=(t:1, i:7125), leaderCommit=7124, initializing? false, entries: size=1, first=(t:1, i:7126), METADATAENTRY(c7124)
2019-09-11 04:27:10,433 [java.util.concurrent.ThreadPoolExecutor$Worker@390d431c[State = -1, empty queue]] WARN  server.GrpcLogAppender (GrpcLogAppender.java:timeoutAppendRequest(200)) - a5e38e3e-c2ad-4348-acb9-3fc25cfb14dd@group-7000B19605CB->11e48d46-e648-47f9-b6a0-9c7f26654c28-GrpcLogAppender: appendEntries Timeout, request=a5e38e3e-c2ad-4348-acb9-3fc25cfb14dd->11e48d46-e648-47f9-b6a0-9c7f26654c28#7143-t1, previous=(t:1, i:7125), leaderCommit=7124, initializing? false, entries: size=1, first=(t:1, i:7126), METADATAENTRY(c7124)
 0.00% |█                                                                                                    |  0/1 Time: 0:01:222019-09-11 04:27:11,779 [grpc-default-executor-3] WARN  server.GrpcLogAppender (GrpcLogAppender.java:onNextImpl(251)) - a5e38e3e-c2ad-4348-acb9-3fc25cfb14dd@group-7000B19605CB->11e48d46-e648-47f9-b6a0-9c7f26654c28-AppendLogResponseHandler: Request not found, ignoring reply: a5e38e3e-c2ad-4348-acb9-3fc25cfb14dd<-11e48d46-e648-47f9-b6a0-9c7f26654c28#7142:OK,SUCCESS,nextIndex:7126,term:1,followerCommit:7124
2019-09-11 04:27:11,782 [grpc-default-executor-1] WARN  server.GrpcLogAppender (GrpcLogAppender.java:onNextImpl(251)) - a5e38e3e-c2ad-4348-acb9-3fc25cfb14dd@group-7000B19605CB->d1b6a90e-e817-40a7-bec1-608b5cc7d8b6-AppendLogResponseHandler: Request not found, ignoring reply: a5e38e3e-c2ad-4348-acb9-3fc25cfb14dd<-d1b6a90e-e817-40a7-bec1-608b5cc7d8b6#7142:OK,SUCCESS,nextIndex:7126,term:1,followerCommit:7124
2019-09-11 04:27:11,784 [grpc-default-executor-3] WARN  server.GrpcLogAppender (GrpcLogAppender.java:onNextImpl(251)) - a5e38e3e-c2ad-4348-acb9-3fc25cfb14dd@group-7000B19605CB->11e48d46-e648-47f9-b6a0-9c7f26654c28-AppendLogResponseHandler: Request not found, ignoring reply: a5e38e3e-c2ad-4348-acb9-3fc25cfb14dd<-11e48d46-e648-47f9-b6a0-9c7f26654c28#7143:OK,SUCCESS,nextIndex:7127,term:1,followerCommit:7124
2019-09-11 04:27:11,784 [grpc-default-executor-1] WARN  server.GrpcLogAppender (GrpcLogAppender.java:onNextImpl(251)) - a5e38e3e-c2ad-4348-acb9-3fc25cfb14dd@group-7000B19605CB->d1b6a90e-e817-40a7-bec1-608b5cc7d8b6-AppendLogResponseHandler: Request not found, ignoring reply: a5e38e3e-c2ad-4348-acb9-3fc25cfb14dd<-d1b6a90e-e817-40a7-bec1-608b5cc7d8b6#7143:OK,SUCCESS,nextIndex:7127,term:1,followerCommit:7124
 0.00% |█                                                                                                    |  0/1 Time: 0:01:232019-09-11 04:27:12,464 [grpc-default-executor-1] INFO  client.GrpcClientProtocolClient (GrpcClientProtocolClient.java:onNext(264)) - client-734BBEB428D7->11e48d46-e648-47f9-b6a0-9c7f26654c28: receive RaftClientReply:client-734BBEB428D7->11e48d46-e648-47f9-b6a0-9c7f26654c28@group-7000B19605CB, cid=4667, FAILED org.apache.ratis.protocol.NotLeaderException: Server 11e48d46-e648-47f9-b6a0-9c7f26654c28@group-7000B19605CB is not the leader a5e38e3e-c2ad-4348-acb9-3fc25cfb14dd:192.168.34.53:37772, logIndex=0, commits[11e48d46-e648-47f9-b6a0-9c7f26654c28:c7124, d1b6a90e-e817-40a7-bec1-608b5cc7d8b6:c7123, a5e38e3e-c2ad-4348-acb9-3fc25cfb14dd:c7124]
2019-09-11 04:27:12,492 [grpc-default-executor-3] INFO  client.GrpcClientProtocolClient (GrpcClientProtocolClient.java:onNext(264)) - client-734BBEB428D7->a5e38e3e-c2ad-4348-acb9-3fc25cfb14dd: receive RaftClientReply:client-734BBEB428D7->a5e38e3e-c2ad-4348-acb9-3fc25cfb14dd@group-7000B19605CB, cid=4667, SUCCESS, logIndex=7125, commits[a5e38e3e-c2ad-4348-acb9-3fc25cfb14dd:c7126, 11e48d46-e648-47f9-b6a0-9c7f26654c28:c7124, d1b6a90e-e817-40a7-bec1-608b5cc7d8b6:c7124]
 0.00% |█                                                                                                    |  0/1 Time: 0:01:242019-09-11 04:27:13,844 [grpc-default-executor-1] INFO  client.GrpcClientProtocolClient (GrpcClientProtocolClient.java:onNext(264)) - client-734BBEB428D7->a5e38e3e-c2ad-4348-acb9-3fc25cfb14dd: receive RaftClientReply:client-734BBEB428D7->a5e38e3e-c2ad-4348-acb9-3fc25cfb14dd@group-7000B19605CB, cid=4668, SUCCESS, logIndex=7127, commits[a5e38e3e-c2ad-4348-acb9-3fc25cfb14dd:c7128, 11e48d46-e648-47f9-b6a0-9c7f26654c28:c7124, d1b6a90e-e817-40a7-bec1-608b5cc7d8b6:c7126]
2019-09-11 04:27:13,846 [grpc-default-executor-1] INFO  client.GrpcClientProtocolClient (GrpcClientProtocolClient.java:onNext(264)) - client-734BBEB428D7->a5e38e3e-c2ad-4348-acb9-3fc25cfb14dd: receive RaftClientReply:client-734BBEB428D7->a5e38e3e-c2ad-4348-acb9-3fc25cfb14dd@group-7000B19605CB, cid=4669, SUCCESS, logIndex=7128, commits[a5e38e3e-c2ad-4348-acb9-3fc25cfb14dd:c7128, 11e48d46-e648-47f9-b6a0-9c7f26654c28:c7124, d1b6a90e-e817-40a7-bec1-608b5cc7d8b6:c7126]
 0.00% |█                                                                                                    |  0/1 Time: 0:01:25 0.00% |█                                                                                                    |  0/1 Time: 0:01:262019-09-11 04:27:15,511 [java.util.concurrent.ThreadPoolExecutor$Worker@390d431c[State = -1, empty queue]] WARN  server.GrpcLogAppender (GrpcLogAppender.java:timeoutAppendRequest(200)) - a5e38e3e-c2ad-4348-acb9-3fc25cfb14dd@group-7000B19605CB->11e48d46-e648-47f9-b6a0-9c7f26654c28-GrpcLogAppender: appendEntries Timeout, request=a5e38e3e-c2ad-4348-acb9-3fc25cfb14dd->11e48d46-e648-47f9-b6a0-9c7f26654c28#7145-t1, previous=(t:1, i:7126), leaderCommit=7126, initializing? false, entries: size=1, first=(t:1, i:7127), STATEMACHINELOGENTRY, client-734BBEB428D7, cid=4668
2019-09-11 04:27:15,512 [java.util.concurrent.ThreadPoolExecutor$Worker@390d431c[State = -1, empty queue]] WARN  server.GrpcLogAppender (GrpcLogAppender.java:timeoutAppendRequest(200)) - a5e38e3e-c2ad-4348-acb9-3fc25cfb14dd@group-7000B19605CB->11e48d46-e648-47f9-b6a0-9c7f26654c28-GrpcLogAppender: appendEntries Timeout, request=a5e38e3e-c2ad-4348-acb9-3fc25cfb14dd->11e48d46-e648-47f9-b6a0-9c7f26654c28#7146-t1, previous=(t:1, i:7127), leaderCommit=7126, initializing? false, entries: size=1, first=(t:1, i:7128), STATEMACHINELOGENTRY, client-734BBEB428D7, cid=4669
2019-09-11 04:27:15,959 [grpc-default-executor-1] WARN  server.GrpcLogAppender (GrpcLogAppender.java:onNextImpl(251)) - a5e38e3e-c2ad-4348-acb9-3fc25cfb14dd@group-7000B19605CB->11e48d46-e648-47f9-b6a0-9c7f26654c28-AppendLogResponseHandler: Request not found, ignoring reply: a5e38e3e-c2ad-4348-acb9-3fc25cfb14dd<-11e48d46-e648-47f9-b6a0-9c7f26654c28#7145:OK,SUCCESS,nextIndex:7128,term:1,followerCommit:7126
2019-09-11 04:27:15,961 [grpc-default-executor-1] WARN  server.GrpcLogAppender (GrpcLogAppender.java:onNextImpl(251)) - a5e38e3e-c2ad-4348-acb9-3fc25cfb14dd@group-7000B19605CB->11e48d46-e648-47f9-b6a0-9c7f26654c28-AppendLogResponseHandler: Request not found, ignoring reply: a5e38e3e-c2ad-4348-acb9-3fc25cfb14dd<-11e48d46-e648-47f9-b6a0-9c7f26654c28#7146:OK,SUCCESS,nextIndex:7129,term:1,followerCommit:7126
 0.00% |█                                                                                                    |  0/1 Time: 0:01:272019-09-11 04:27:16,841 [java.util.concurrent.ThreadPoolExecutor$Worker@72c9f50b[State = -1, empty queue]] WARN  server.GrpcLogAppender (GrpcLogAppender.java:timeoutAppendRequest(200)) - a5e38e3e-c2ad-4348-acb9-3fc25cfb14dd@group-7000B19605CB->d1b6a90e-e817-40a7-bec1-608b5cc7d8b6-GrpcLogAppender: appendEntries Timeout, request=a5e38e3e-c2ad-4348-acb9-3fc25cfb14dd->d1b6a90e-e817-40a7-bec1-608b5cc7d8b6#7148-t1, previous=(t:1, i:7129), leaderCommit=7128, initializing? false, entries: size=1, first=(t:1, i:7130), METADATAENTRY(c7128)
2019-09-11 04:27:16,841 [java.util.concurrent.ThreadPoolExecutor$Worker@390d431c[State = -1, empty queue]] WARN  server.GrpcLogAppender (GrpcLogAppender.java:timeoutAppendRequest(200)) - a5e38e3e-c2ad-4348-acb9-3fc25cfb14dd@group-7000B19605CB->11e48d46-e648-47f9-b6a0-9c7f26654c28-GrpcLogAppender: appendEntries Timeout, request=a5e38e3e-c2ad-4348-acb9-3fc25cfb14dd->11e48d46-e648-47f9-b6a0-9c7f26654c28#7147-t1, previous=(t:1, i:7128), leaderCommit=7128, initializing? false, entries: size=1, first=(t:1, i:7129), METADATAENTRY(c7127)
2019-09-11 04:27:16,843 [java.util.concurrent.ThreadPoolExecutor$Worker@390d431c[State = -1, empty queue]] WARN  server.GrpcLogAppender (GrpcLogAppender.java:timeoutAppendRequest(200)) - a5e38e3e-c2ad-4348-acb9-3fc25cfb14dd@group-7000B19605CB->11e48d46-e648-47f9-b6a0-9c7f26654c28-GrpcLogAppender: appendEntries Timeout, request=a5e38e3e-c2ad-4348-acb9-3fc25cfb14dd->11e48d46-e648-47f9-b6a0-9c7f26654c28#7148-t1, previous=(t:1, i:7129), leaderCommit=7128, initializing? false, entries: size=1, first=(t:1, i:7130), METADATAENTRY(c7128)
2019-09-11 04:27:17,162 [grpc-default-executor-1] WARN  server.GrpcLogAppender (GrpcLogAppender.java:onNextImpl(251)) - a5e38e3e-c2ad-4348-acb9-3fc25cfb14dd@group-7000B19605CB->d1b6a90e-e817-40a7-bec1-608b5cc7d8b6-AppendLogResponseHandler: Request not found, ignoring reply: a5e38e3e-c2ad-4348-acb9-3fc25cfb14dd<-d1b6a90e-e817-40a7-bec1-608b5cc7d8b6#7148:OK,SUCCESS,nextIndex:7131,term:1,followerCommit:7128
2019-09-11 04:27:17,165 [grpc-default-executor-3] WARN  server.GrpcLogAppender (GrpcLogAppender.java:onNextImpl(251)) - a5e38e3e-c2ad-4348-acb9-3fc25cfb14dd@group-7000B19605CB->11e48d46-e648-47f9-b6a0-9c7f26654c28-AppendLogResponseHandler: Request not found, ignoring reply: a5e38e3e-c2ad-4348-acb9-3fc25cfb14dd<-11e48d46-e648-47f9-b6a0-9c7f26654c28#7147:OK,SUCCESS,nextIndex:7130,term:1,followerCommit:7128
2019-09-11 04:27:17,167 [grpc-default-executor-3] WARN  server.GrpcLogAppender (GrpcLogAppender.java:onNextImpl(251)) - a5e38e3e-c2ad-4348-acb9-3fc25cfb14dd@group-7000B19605CB->11e48d46-e648-47f9-b6a0-9c7f26654c28-AppendLogResponseHandler: Request not found, ignoring reply: a5e38e3e-c2ad-4348-acb9-3fc25cfb14dd<-11e48d46-e648-47f9-b6a0-9c7f26654c28#7148:OK,SUCCESS,nextIndex:7131,term:1,followerCommit:7128
 0.00% |█                                                                                                    |  0/1 Time: 0:01:28 0.00% |█                                                                                                    |  0/1 Time: 0:01:292019-09-11 04:27:18,851 [pool-277-thread-1] WARN  scm.XceiverClientRatis (XceiverClientRatis.java:watchForCommit(262)) - 3 way commit failed on pipeline Pipeline[ Id: b5d8b248-2dc7-465d-8ee5-7000b19605cb, Nodes: 11e48d46-e648-47f9-b6a0-9c7f26654c28{ip: 192.168.34.53, host: pr-hdds-2107-sbngl-2106859965, networkLocation: /default-rack, certSerialId: null}d1b6a90e-e817-40a7-bec1-608b5cc7d8b6{ip: 192.168.34.53, host: pr-hdds-2107-sbngl-2106859965, networkLocation: /default-rack, certSerialId: null}a5e38e3e-c2ad-4348-acb9-3fc25cfb14dd{ip: 192.168.34.53, host: pr-hdds-2107-sbngl-2106859965, networkLocation: /default-rack, certSerialId: null}, Type:RATIS, Factor:THREE, State:OPEN]
java.util.concurrent.TimeoutException
	at java.util.concurrent.CompletableFuture.timedGet(CompletableFuture.java:1771)
	at java.util.concurrent.CompletableFuture.get(CompletableFuture.java:1915)
	at org.apache.hadoop.hdds.scm.XceiverClientRatis.watchForCommit(XceiverClientRatis.java:259)
	at org.apache.hadoop.hdds.scm.storage.CommitWatcher.watchForCommit(CommitWatcher.java:194)
	at org.apache.hadoop.hdds.scm.storage.CommitWatcher.watchOnFirstIndex(CommitWatcher.java:135)
	at org.apache.hadoop.hdds.scm.storage.BlockOutputStream.watchForCommit(BlockOutputStream.java:347)
	at org.apache.hadoop.hdds.scm.storage.BlockOutputStream.handleFullBuffer(BlockOutputStream.java:324)
	at org.apache.hadoop.hdds.scm.storage.BlockOutputStream.write(BlockOutputStream.java:251)
	at org.apache.hadoop.ozone.client.io.BlockOutputStreamEntry.write(BlockOutputStreamEntry.java:129)
	at org.apache.hadoop.ozone.client.io.KeyOutputStream.handleWrite(KeyOutputStream.java:211)
	at org.apache.hadoop.ozone.client.io.KeyOutputStream.write(KeyOutputStream.java:193)
	at org.apache.hadoop.ozone.client.io.OzoneOutputStream.write(OzoneOutputStream.java:49)
	at org.apache.hadoop.ozone.freon.RandomKeyGenerator.createKey(RandomKeyGenerator.java:708)
	at org.apache.hadoop.ozone.freon.RandomKeyGenerator.access$1100(RandomKeyGenerator.java:88)
	at org.apache.hadoop.ozone.freon.RandomKeyGenerator$ObjectCreator.run(RandomKeyGenerator.java:615)
	at java.util.concurrent.Executors$RunnableAdapter.call(Executors.java:511)
	at java.util.concurrent.FutureTask.run(FutureTask.java:266)
	at java.util.concurrent.ThreadPoolExecutor.runWorker(ThreadPoolExecutor.java:1149)
	at java.util.concurrent.ThreadPoolExecutor$Worker.run(ThreadPoolExecutor.java:624)
	at java.lang.Thread.run(Thread.java:748)
2019-09-11 04:27:18,858 [grpc-default-executor-3] INFO  client.GrpcClientProtocolClient (GrpcClientProtocolClient.java:onNext(264)) - client-734BBEB428D7->a5e38e3e-c2ad-4348-acb9-3fc25cfb14dd: receive RaftClientReply:client-734BBEB428D7->a5e38e3e-c2ad-4348-acb9-3fc25cfb14dd@group-7000B19605CB, cid=4671, SUCCESS, logIndex=0, commits[a5e38e3e-c2ad-4348-acb9-3fc25cfb14dd:c7129, 11e48d46-e648-47f9-b6a0-9c7f26654c28:c7124, d1b6a90e-e817-40a7-bec1-608b5cc7d8b6:c7128]
2019-09-11 04:27:18,861 [pool-277-thread-1] INFO  scm.XceiverClientRatis (XceiverClientRatis.java:lambda$watchForCommit$7(280)) - Could not commit index 7125 on pipeline Pipeline[ Id: b5d8b248-2dc7-465d-8ee5-7000b19605cb, Nodes: 11e48d46-e648-47f9-b6a0-9c7f26654c28{ip: 192.168.34.53, host: pr-hdds-2107-sbngl-2106859965, networkLocation: /default-rack, certSerialId: null}d1b6a90e-e817-40a7-bec1-608b5cc7d8b6{ip: 192.168.34.53, host: pr-hdds-2107-sbngl-2106859965, networkLocation: /default-rack, certSerialId: null}a5e38e3e-c2ad-4348-acb9-3fc25cfb14dd{ip: 192.168.34.53, host: pr-hdds-2107-sbngl-2106859965, networkLocation: /default-rack, certSerialId: null}, Type:RATIS, Factor:THREE, State:OPEN] to all the nodes. Server 11e48d46-e648-47f9-b6a0-9c7f26654c28 has failed. Committed by majority.
2019-09-11 04:27:18,866 [pool-277-thread-1] WARN  storage.BlockOutputStream (BlockOutputStream.java:watchForCommit(353)) - Failed to commit BlockId conID: 1 locID: 102771984130179881 bcsId: 7128 on Pipeline[ Id: b5d8b248-2dc7-465d-8ee5-7000b19605cb, Nodes: 11e48d46-e648-47f9-b6a0-9c7f26654c28{ip: 192.168.34.53, host: pr-hdds-2107-sbngl-2106859965, networkLocation: /default-rack, certSerialId: null}d1b6a90e-e817-40a7-bec1-608b5cc7d8b6{ip: 192.168.34.53, host: pr-hdds-2107-sbngl-2106859965, networkLocation: /default-rack, certSerialId: null}a5e38e3e-c2ad-4348-acb9-3fc25cfb14dd{ip: 192.168.34.53, host: pr-hdds-2107-sbngl-2106859965, networkLocation: /default-rack, certSerialId: null}, Type:RATIS, Factor:THREE, State:OPEN]. Failed nodes: [11e48d46-e648-47f9-b6a0-9c7f26654c28{ip: null, host: null, networkLocation: /default-rack, certSerialId: null}]
 0.00% |█                                                                                                    |  0/1 Time: 0:01:302019-09-11 04:27:19,670 [grpc-default-executor-3] INFO  client.GrpcClientProtocolClient (GrpcClientProtocolClient.java:onNext(264)) - client-734BBEB428D7->a5e38e3e-c2ad-4348-acb9-3fc25cfb14dd: receive RaftClientReply:client-734BBEB428D7->a5e38e3e-c2ad-4348-acb9-3fc25cfb14dd@group-7000B19605CB, cid=4670, SUCCESS, logIndex=0, commits[a5e38e3e-c2ad-4348-acb9-3fc25cfb14dd:c7130, 11e48d46-e648-47f9-b6a0-9c7f26654c28:c7130, d1b6a90e-e817-40a7-bec1-608b5cc7d8b6:c7129]
2019-09-11 04:27:19,676 [grpc-default-executor-3] INFO  client.GrpcClientProtocolClient (GrpcClientProtocolClient.java:onNext(264)) - client-734BBEB428D7->a5e38e3e-c2ad-4348-acb9-3fc25cfb14dd: receive RaftClientReply:client-734BBEB428D7->a5e38e3e-c2ad-4348-acb9-3fc25cfb14dd@group-7000B19605CB, cid=4672, SUCCESS, logIndex=0, commits[a5e38e3e-c2ad-4348-acb9-3fc25cfb14dd:c7130, 11e48d46-e648-47f9-b6a0-9c7f26654c28:c7130, d1b6a90e-e817-40a7-bec1-608b5cc7d8b6:c7129]
2019-09-11 04:27:19,677 [grpc-default-executor-3] INFO  client.GrpcClientProtocolClient (GrpcClientProtocolClient.java:onNext(264)) - client-734BBEB428D7->a5e38e3e-c2ad-4348-acb9-3fc25cfb14dd: receive RaftClientReply:client-734BBEB428D7->a5e38e3e-c2ad-4348-acb9-3fc25cfb14dd@group-7000B19605CB, cid=4670, SUCCESS, logIndex=0, commits[a5e38e3e-c2ad-4348-acb9-3fc25cfb14dd:c7130, 11e48d46-e648-47f9-b6a0-9c7f26654c28:c7130, d1b6a90e-e817-40a7-bec1-608b5cc7d8b6:c7129]
2019-09-11 04:27:19,709 [IPC Server handler 8 on 36493] WARN  block.BlockManagerImpl (BlockManagerImpl.java:allocateBlock(192)) - Pipeline creation failed for type:RATIS factor:THREE. Retrying get pipelines call once.
org.apache.hadoop.hdds.scm.pipeline.InsufficientDatanodesException: Cannot create pipeline of factor 3 using 2 nodes.
	at org.apache.hadoop.hdds.scm.pipeline.RatisPipelineProvider.create(RatisPipelineProvider.java:152)
	at org.apache.hadoop.hdds.scm.pipeline.PipelineFactory.create(PipelineFactory.java:57)
	at org.apache.hadoop.hdds.scm.pipeline.SCMPipelineManager.createPipeline(SCMPipelineManager.java:151)
	at org.apache.hadoop.hdds.scm.block.BlockManagerImpl.allocateBlock(BlockManagerImpl.java:190)
	at org.apache.hadoop.hdds.scm.server.SCMBlockProtocolServer.allocateBlock(SCMBlockProtocolServer.java:182)
	at org.apache.hadoop.ozone.protocolPB.ScmBlockLocationProtocolServerSideTranslatorPB.allocateScmBlock(ScmBlockLocationProtocolServerSideTranslatorPB.java:183)
	at org.apache.hadoop.ozone.protocolPB.ScmBlockLocationProtocolServerSideTranslatorPB.processMessage(ScmBlockLocationProtocolServerSideTranslatorPB.java:141)
	at org.apache.hadoop.ozone.protocolPB.ScmBlockLocationProtocolServerSideTranslatorPB.send(ScmBlockLocationProtocolServerSideTranslatorPB.java:116)
	at org.apache.hadoop.hdds.protocol.proto.ScmBlockLocationProtocolProtos$ScmBlockLocationProtocolService$2.callBlockingMethod(ScmBlockLocationProtocolProtos.java:13157)
	at org.apache.hadoop.ipc.ProtobufRpcEngine$Server$ProtoBufRpcInvoker.call(ProtobufRpcEngine.java:524)
	at org.apache.hadoop.ipc.RPC$Server.call(RPC.java:1025)
	at org.apache.hadoop.ipc.Server$RpcCall.run(Server.java:876)
	at org.apache.hadoop.ipc.Server$RpcCall.run(Server.java:822)
	at java.security.AccessController.doPrivileged(Native Method)
	at javax.security.auth.Subject.doAs(Subject.java:422)
	at org.apache.hadoop.security.UserGroupInformation.doAs(UserGroupInformation.java:1730)
	at org.apache.hadoop.ipc.Server$Handler.run(Server.java:2682)
2019-09-11 04:27:19,711 [IPC Server handler 8 on 36493] INFO  block.BlockManagerImpl (BlockManagerImpl.java:allocateBlock(198)) - Could not find available pipeline of type:RATIS and factor:THREE even after retrying
2019-09-11 04:27:19,712 [IPC Server handler 8 on 36493] ERROR block.BlockManagerImpl (BlockManagerImpl.java:allocateBlock(222)) - Unable to allocate a block for the size: 4194304, type: RATIS, factor: THREE
2019-09-11 04:27:19,717 [pool-277-thread-1] ERROR io.BlockOutputStreamEntryPool (BlockOutputStreamEntryPool.java:allocateBlockIfNeeded(299)) - Try to allocate more blocks for write failed, already allocated 0 blocks for this write.
INTERNAL_ERROR org.apache.hadoop.ozone.om.exceptions.OMException: Allocated 0 blocks. Requested 1 blocks
	at org.apache.hadoop.ozone.om.protocolPB.OzoneManagerProtocolClientSideTranslatorPB.handleError(OzoneManagerProtocolClientSideTranslatorPB.java:725)
	at org.apache.hadoop.ozone.om.protocolPB.OzoneManagerProtocolClientSideTranslatorPB.allocateBlock(OzoneManagerProtocolClientSideTranslatorPB.java:757)
	at org.apache.hadoop.ozone.client.io.BlockOutputStreamEntryPool.allocateNewBlock(BlockOutputStreamEntryPool.java:248)
	at org.apache.hadoop.ozone.client.io.BlockOutputStreamEntryPool.allocateBlockIfNeeded(BlockOutputStreamEntryPool.java:296)
	at org.apache.hadoop.ozone.client.io.KeyOutputStream.handleWrite(KeyOutputStream.java:201)
	at org.apache.hadoop.ozone.client.io.KeyOutputStream.write(KeyOutputStream.java:193)
	at org.apache.hadoop.ozone.client.io.OzoneOutputStream.write(OzoneOutputStream.java:49)
	at org.apache.hadoop.ozone.freon.RandomKeyGenerator.createKey(RandomKeyGenerator.java:708)
	at org.apache.hadoop.ozone.freon.RandomKeyGenerator.access$1100(RandomKeyGenerator.java:88)
	at org.apache.hadoop.ozone.freon.RandomKeyGenerator$ObjectCreator.run(RandomKeyGenerator.java:615)
	at java.util.concurrent.Executors$RunnableAdapter.call(Executors.java:511)
	at java.util.concurrent.FutureTask.run(FutureTask.java:266)
	at java.util.concurrent.ThreadPoolExecutor.runWorker(ThreadPoolExecutor.java:1149)
	at java.util.concurrent.ThreadPoolExecutor$Worker.run(ThreadPoolExecutor.java:624)
	at java.lang.Thread.run(Thread.java:748)
2019-09-11 04:27:19,717 [pool-277-thread-1] ERROR freon.RandomKeyGenerator (RandomKeyGenerator.java:createKey(733)) - Exception while adding key: key-0-45054 in bucket: bucket-0-57665 of volume: vol-0-49906.
INTERNAL_ERROR org.apache.hadoop.ozone.om.exceptions.OMException: Allocated 0 blocks. Requested 1 blocks
	at org.apache.hadoop.ozone.om.protocolPB.OzoneManagerProtocolClientSideTranslatorPB.handleError(OzoneManagerProtocolClientSideTranslatorPB.java:725)
	at org.apache.hadoop.ozone.om.protocolPB.OzoneManagerProtocolClientSideTranslatorPB.allocateBlock(OzoneManagerProtocolClientSideTranslatorPB.java:757)
	at org.apache.hadoop.ozone.client.io.BlockOutputStreamEntryPool.allocateNewBlock(BlockOutputStreamEntryPool.java:248)
	at org.apache.hadoop.ozone.client.io.BlockOutputStreamEntryPool.allocateBlockIfNeeded(BlockOutputStreamEntryPool.java:296)
	at org.apache.hadoop.ozone.client.io.KeyOutputStream.handleWrite(KeyOutputStream.java:201)
	at org.apache.hadoop.ozone.client.io.KeyOutputStream.write(KeyOutputStream.java:193)
	at org.apache.hadoop.ozone.client.io.OzoneOutputStream.write(OzoneOutputStream.java:49)
	at org.apache.hadoop.ozone.freon.RandomKeyGenerator.createKey(RandomKeyGenerator.java:708)
	at org.apache.hadoop.ozone.freon.RandomKeyGenerator.access$1100(RandomKeyGenerator.java:88)
	at org.apache.hadoop.ozone.freon.RandomKeyGenerator$ObjectCreator.run(RandomKeyGenerator.java:615)
	at java.util.concurrent.Executors$RunnableAdapter.call(Executors.java:511)
	at java.util.concurrent.FutureTask.run(FutureTask.java:266)
	at java.util.concurrent.ThreadPoolExecutor.runWorker(ThreadPoolExecutor.java:1149)
	at java.util.concurrent.ThreadPoolExecutor$Worker.run(ThreadPoolExecutor.java:624)
	at java.lang.Thread.run(Thread.java:748)
 0.00% |█                                                                                                    |  0/1 Time: 0:01:31 0.00% |█                                                                                                    |  0/1 Time: 0:01:32 0.00% |█                                                                                                    |  0/1 Time: 0:01:33 0.00% |█                                                                                                    |  0/1 Time: 0:01:34 100.00% |█████████████████████████████████████████████████████████████████████████████████████████████████████|  1/1 Time: 0:01:35
]]></system-out>
  </testcase>
  <testcase name="fileWithSizeZero" classname="org.apache.hadoop.ozone.freon.TestRandomKeyGenerator" time="5.063"/>
  <testcase name="multiThread" classname="org.apache.hadoop.ozone.freon.TestRandomKeyGenerator" time="5.025"/>
</testsuite>