<?xml version="1.0" encoding="UTF-8"?>
<testsuite xmlns:xsi="http://www.w3.org/2001/XMLSchema-instance" xsi:noNamespaceSchemaLocation="https://maven.apache.org/surefire/maven-surefire-plugin/xsd/surefire-test-report.xsd" name="org.apache.hadoop.ozone.freon.TestFreonWithPipelineDestroy" time="30.793" tests="1" errors="1" skipped="0" failures="0">
  <properties>
    <property name="awt.toolkit" value="sun.awt.X11.XToolkit"/>
    <property name="file.encoding.pkg" value="sun.io"/>
    <property name="java.specification.version" value="1.8"/>
    <property name="sun.cpu.isalist" value=""/>
    <property name="sun.jnu.encoding" value="UTF-8"/>
    <property name="java.class.path" value="/tmp/workdir/hadoop-ozone/tools/target/test-classes:/tmp/workdir/hadoop-ozone/tools/target/classes:/tmp/workdir/hadoop-ozone/ozone-manager/target/classes:/tmp/workdir/hadoop-hdds/docs/target/classes:/home/user/.m2/repository/org/bouncycastle/bcprov-jdk15on/1.60/bcprov-jdk15on-1.60.jar:/tmp/workdir/hadoop-ozone/common/target/classes:/home/user/.m2/repository/org/apache/commons/commons-compress/1.4.1/commons-compress-1.4.1.jar:/home/user/.m2/repository/org/tukaani/xz/1.0/xz-1.0.jar:/home/user/.m2/repository/org/apache/hadoop/hadoop-hdfs-client/3.2.0/hadoop-hdfs-client-3.2.0.jar:/home/user/.m2/repository/com/fasterxml/jackson/core/jackson-annotations/2.9.5/jackson-annotations-2.9.5.jar:/tmp/workdir/hadoop-hdds/common/target/classes:/tmp/workdir/hadoop-hdds/config/target/classes:/home/user/.m2/repository/javax/annotation/javax.annotation-api/1.2/javax.annotation-api-1.2.jar:/home/user/.m2/repository/org/apache/ratis/ratis-server/0.4.0-2337318-SNAPSHOT/ratis-server-0.4.0-2337318-SNAPSHOT.jar:/home/user/.m2/repository/org/apache/ratis/ratis-thirdparty-misc/0.2.0/ratis-thirdparty-misc-0.2.0.jar:/home/user/.m2/repository/org/apache/ratis/ratis-proto/0.4.0-2337318-SNAPSHOT/ratis-proto-0.4.0-2337318-SNAPSHOT.jar:/home/user/.m2/repository/org/apache/ratis/ratis-common/0.4.0-2337318-SNAPSHOT/ratis-common-0.4.0-2337318-SNAPSHOT.jar:/home/user/.m2/repository/org/apache/ratis/ratis-client/0.4.0-2337318-SNAPSHOT/ratis-client-0.4.0-2337318-SNAPSHOT.jar:/home/user/.m2/repository/org/apache/ratis/ratis-metrics/0.4.0-2337318-SNAPSHOT/ratis-metrics-0.4.0-2337318-SNAPSHOT.jar:/home/user/.m2/repository/org/apache/ratis/ratis-netty/0.4.0-2337318-SNAPSHOT/ratis-netty-0.4.0-2337318-SNAPSHOT.jar:/home/user/.m2/repository/org/apache/ratis/ratis-grpc/0.4.0-2337318-SNAPSHOT/ratis-grpc-0.4.0-2337318-SNAPSHOT.jar:/home/user/.m2/repository/org/rocksdb/rocksdbjni/6.0.1/rocksdbjni-6.0.1.jar:/home/user/.m2/repository/org/apache/logging/log4j/log4j-api/2.11.0/log4j-api-2.11.0.jar:/home/user/.m2/repository/org/apache/logging/log4j/log4j-core/2.11.0/log4j-core-2.11.0.jar:/home/user/.m2/repository/com/lmax/disruptor/3.4.2/disruptor-3.4.2.jar:/home/user/.m2/repository/org/apache/commons/commons-pool2/2.6.0/commons-pool2-2.6.0.jar:/home/user/.m2/repository/org/bouncycastle/bcpkix-jdk15on/1.60/bcpkix-jdk15on-1.60.jar:/home/user/.m2/repository/commons-validator/commons-validator/1.6/commons-validator-1.6.jar:/home/user/.m2/repository/commons-digester/commons-digester/1.8.1/commons-digester-1.8.1.jar:/home/user/.m2/repository/io/jaegertracing/jaeger-client/0.33.1/jaeger-client-0.33.1.jar:/home/user/.m2/repository/io/jaegertracing/jaeger-thrift/0.33.1/jaeger-thrift-0.33.1.jar:/home/user/.m2/repository/org/apache/thrift/libthrift/0.11.0/libthrift-0.11.0.jar:/home/user/.m2/repository/com/squareup/okhttp3/okhttp/3.9.0/okhttp-3.9.0.jar:/home/user/.m2/repository/com/squareup/okio/okio/1.13.0/okio-1.13.0.jar:/home/user/.m2/repository/io/jaegertracing/jaeger-core/0.33.1/jaeger-core-0.33.1.jar:/home/user/.m2/repository/io/jaegertracing/jaeger-tracerresolver/0.33.1/jaeger-tracerresolver-0.33.1.jar:/home/user/.m2/repository/io/opentracing/contrib/opentracing-tracerresolver/0.1.5/opentracing-tracerresolver-0.1.5.jar:/home/user/.m2/repository/io/opentracing/opentracing-util/0.31.0/opentracing-util-0.31.0.jar:/home/user/.m2/repository/io/opentracing/opentracing-api/0.31.0/opentracing-api-0.31.0.jar:/home/user/.m2/repository/io/opentracing/opentracing-noop/0.31.0/opentracing-noop-0.31.0.jar:/home/user/.m2/repository/org/yaml/snakeyaml/1.16/snakeyaml-1.16.jar:/tmp/workdir/hadoop-hdds/container-service/target/classes:/tmp/workdir/hadoop-hdds/client/target/classes:/tmp/workdir/hadoop-hdds/tools/target/classes:/home/user/.m2/repository/org/xerial/sqlite-jdbc/3.25.2/sqlite-jdbc-3.25.2.jar:/tmp/workdir/hadoop-hdds/server-scm/target/classes:/home/user/.m2/repository/org/hamcrest/hamcrest-all/1.3/hamcrest-all-1.3.jar:/home/user/.m2/repository/info/picocli/picocli/3.9.6/picocli-3.9.6.jar:/home/user/.m2/repository/com/google/protobuf/protobuf-java/2.5.0/protobuf-java-2.5.0.jar:/home/user/.m2/repository/com/google/guava/guava/11.0.2/guava-11.0.2.jar:/tmp/workdir/hadoop-ozone/client/target/classes:/home/user/.m2/repository/org/apache/hadoop/hadoop-ozone-filesystem/0.5.0-SNAPSHOT/hadoop-ozone-filesystem-0.5.0-SNAPSHOT.jar:/tmp/workdir/hadoop-hdds/framework/target/classes:/home/user/.m2/repository/org/apache/hadoop/hadoop-common/3.2.0/hadoop-common-3.2.0.jar:/home/user/.m2/repository/org/apache/hadoop/hadoop-annotations/3.2.0/hadoop-annotations-3.2.0.jar:/usr/lib/jvm/java-1.8-openjdk/jre/../lib/tools.jar:/home/user/.m2/repository/commons-cli/commons-cli/1.2/commons-cli-1.2.jar:/home/user/.m2/repository/org/apache/commons/commons-math3/3.1.1/commons-math3-3.1.1.jar:/home/user/.m2/repository/org/apache/httpcomponents/httpclient/4.5.2/httpclient-4.5.2.jar:/home/user/.m2/repository/org/apache/httpcomponents/httpcore/4.4.4/httpcore-4.4.4.jar:/home/user/.m2/repository/commons-codec/commons-codec/1.11/commons-codec-1.11.jar:/home/user/.m2/repository/commons-io/commons-io/2.5/commons-io-2.5.jar:/home/user/.m2/repository/commons-net/commons-net/3.6/commons-net-3.6.jar:/home/user/.m2/repository/commons-collections/commons-collections/3.2.2/commons-collections-3.2.2.jar:/home/user/.m2/repository/javax/servlet/javax.servlet-api/3.1.0/javax.servlet-api-3.1.0.jar:/home/user/.m2/repository/org/eclipse/jetty/jetty-server/9.3.24.v20180605/jetty-server-9.3.24.v20180605.jar:/home/user/.m2/repository/org/eclipse/jetty/jetty-http/9.3.24.v20180605/jetty-http-9.3.24.v20180605.jar:/home/user/.m2/repository/org/eclipse/jetty/jetty-io/9.3.24.v20180605/jetty-io-9.3.24.v20180605.jar:/home/user/.m2/repository/org/eclipse/jetty/jetty-util/9.3.24.v20180605/jetty-util-9.3.24.v20180605.jar:/home/user/.m2/repository/org/eclipse/jetty/jetty-servlet/9.3.24.v20180605/jetty-servlet-9.3.24.v20180605.jar:/home/user/.m2/repository/org/eclipse/jetty/jetty-security/9.3.24.v20180605/jetty-security-9.3.24.v20180605.jar:/home/user/.m2/repository/org/eclipse/jetty/jetty-webapp/9.3.24.v20180605/jetty-webapp-9.3.24.v20180605.jar:/home/user/.m2/repository/org/eclipse/jetty/jetty-xml/9.3.24.v20180605/jetty-xml-9.3.24.v20180605.jar:/home/user/.m2/repository/javax/servlet/jsp/jsp-api/2.1/jsp-api-2.1.jar:/home/user/.m2/repository/com/sun/jersey/jersey-core/1.19/jersey-core-1.19.jar:/home/user/.m2/repository/javax/ws/rs/jsr311-api/1.1.1/jsr311-api-1.1.1.jar:/home/user/.m2/repository/com/sun/jersey/jersey-servlet/1.19/jersey-servlet-1.19.jar:/home/user/.m2/repository/com/sun/jersey/jersey-json/1.19/jersey-json-1.19.jar:/home/user/.m2/repository/org/codehaus/jettison/jettison/1.1/jettison-1.1.jar:/home/user/.m2/repository/com/sun/xml/bind/jaxb-impl/2.3.0.1/jaxb-impl-2.3.0.1.jar:/home/user/.m2/repository/org/codehaus/jackson/jackson-core-asl/1.9.13/jackson-core-asl-1.9.13.jar:/home/user/.m2/repository/org/codehaus/jackson/jackson-mapper-asl/1.9.13/jackson-mapper-asl-1.9.13.jar:/home/user/.m2/repository/org/codehaus/jackson/jackson-jaxrs/1.9.13/jackson-jaxrs-1.9.13.jar:/home/user/.m2/repository/org/codehaus/jackson/jackson-xc/1.9.13/jackson-xc-1.9.13.jar:/home/user/.m2/repository/com/sun/jersey/jersey-server/1.19/jersey-server-1.19.jar:/home/user/.m2/repository/commons-logging/commons-logging/1.1.3/commons-logging-1.1.3.jar:/home/user/.m2/repository/log4j/log4j/1.2.17/log4j-1.2.17.jar:/home/user/.m2/repository/commons-beanutils/commons-beanutils/1.9.3/commons-beanutils-1.9.3.jar:/home/user/.m2/repository/org/apache/commons/commons-configuration2/2.1.1/commons-configuration2-2.1.1.jar:/home/user/.m2/repository/org/apache/commons/commons-lang3/3.7/commons-lang3-3.7.jar:/home/user/.m2/repository/org/apache/commons/commons-text/1.4/commons-text-1.4.jar:/home/user/.m2/repository/org/slf4j/slf4j-api/1.7.25/slf4j-api-1.7.25.jar:/home/user/.m2/repository/org/slf4j/slf4j-log4j12/1.7.25/slf4j-log4j12-1.7.25.jar:/home/user/.m2/repository/org/apache/avro/avro/1.7.7/avro-1.7.7.jar:/home/user/.m2/repository/com/thoughtworks/paranamer/paranamer/2.3/paranamer-2.3.jar:/home/user/.m2/repository/org/xerial/snappy/snappy-java/1.0.5/snappy-java-1.0.5.jar:/home/user/.m2/repository/com/google/re2j/re2j/1.1/re2j-1.1.jar:/home/user/.m2/repository/com/google/code/gson/gson/2.2.4/gson-2.2.4.jar:/home/user/.m2/repository/org/apache/hadoop/hadoop-auth/3.2.0/hadoop-auth-3.2.0.jar:/home/user/.m2/repository/com/nimbusds/nimbus-jose-jwt/4.41.1/nimbus-jose-jwt-4.41.1.jar:/home/user/.m2/repository/com/github/stephenc/jcip/jcip-annotations/1.0-1/jcip-annotations-1.0-1.jar:/home/user/.m2/repository/net/minidev/json-smart/2.3/json-smart-2.3.jar:/home/user/.m2/repository/net/minidev/accessors-smart/1.2/accessors-smart-1.2.jar:/home/user/.m2/repository/org/apache/curator/curator-framework/2.12.0/curator-framework-2.12.0.jar:/home/user/.m2/repository/com/jcraft/jsch/0.1.54/jsch-0.1.54.jar:/home/user/.m2/repository/org/apache/curator/curator-client/2.12.0/curator-client-2.12.0.jar:/home/user/.m2/repository/org/apache/curator/curator-recipes/2.12.0/curator-recipes-2.12.0.jar:/home/user/.m2/repository/com/google/code/findbugs/jsr305/3.0.0/jsr305-3.0.0.jar:/home/user/.m2/repository/org/apache/htrace/htrace-core4/4.1.0-incubating/htrace-core4-4.1.0-incubating.jar:/home/user/.m2/repository/org/apache/zookeeper/zookeeper/3.4.13/zookeeper-3.4.13.jar:/home/user/.m2/repository/org/apache/yetus/audience-annotations/0.5.0/audience-annotations-0.5.0.jar:/home/user/.m2/repository/org/apache/kerby/kerb-simplekdc/1.0.1/kerb-simplekdc-1.0.1.jar:/home/user/.m2/repository/org/apache/kerby/kerb-client/1.0.1/kerb-client-1.0.1.jar:/home/user/.m2/repository/org/apache/kerby/kerby-config/1.0.1/kerby-config-1.0.1.jar:/home/user/.m2/repository/org/apache/kerby/kerb-core/1.0.1/kerb-core-1.0.1.jar:/home/user/.m2/repository/org/apache/kerby/kerby-pkix/1.0.1/kerby-pkix-1.0.1.jar:/home/user/.m2/repository/org/apache/kerby/kerby-asn1/1.0.1/kerby-asn1-1.0.1.jar:/home/user/.m2/repository/org/apache/kerby/kerby-util/1.0.1/kerby-util-1.0.1.jar:/home/user/.m2/repository/org/apache/kerby/kerb-common/1.0.1/kerb-common-1.0.1.jar:/home/user/.m2/repository/org/apache/kerby/kerb-crypto/1.0.1/kerb-crypto-1.0.1.jar:/home/user/.m2/repository/org/apache/kerby/kerb-util/1.0.1/kerb-util-1.0.1.jar:/home/user/.m2/repository/org/apache/kerby/token-provider/1.0.1/token-provider-1.0.1.jar:/home/user/.m2/repository/org/apache/kerby/kerb-admin/1.0.1/kerb-admin-1.0.1.jar:/home/user/.m2/repository/org/apache/kerby/kerb-server/1.0.1/kerb-server-1.0.1.jar:/home/user/.m2/repository/org/apache/kerby/kerb-identity/1.0.1/kerb-identity-1.0.1.jar:/home/user/.m2/repository/org/apache/kerby/kerby-xdr/1.0.1/kerby-xdr-1.0.1.jar:/home/user/.m2/repository/com/fasterxml/jackson/core/jackson-databind/2.9.5/jackson-databind-2.9.5.jar:/home/user/.m2/repository/com/fasterxml/jackson/core/jackson-core/2.9.5/jackson-core-2.9.5.jar:/home/user/.m2/repository/org/codehaus/woodstox/stax2-api/3.1.4/stax2-api-3.1.4.jar:/home/user/.m2/repository/com/fasterxml/woodstox/woodstox-core/5.0.3/woodstox-core-5.0.3.jar:/home/user/.m2/repository/dnsjava/dnsjava/2.1.7/dnsjava-2.1.7.jar:/home/user/.m2/repository/org/apache/hadoop/hadoop-hdfs/3.2.0/hadoop-hdfs-3.2.0.jar:/home/user/.m2/repository/org/eclipse/jetty/jetty-util-ajax/9.3.24.v20180605/jetty-util-ajax-9.3.24.v20180605.jar:/home/user/.m2/repository/commons-daemon/commons-daemon/1.0.13/commons-daemon-1.0.13.jar:/home/user/.m2/repository/io/netty/netty/3.10.5.Final/netty-3.10.5.Final.jar:/home/user/.m2/repository/io/netty/netty-all/4.0.52.Final/netty-all-4.0.52.Final.jar:/home/user/.m2/repository/org/fusesource/leveldbjni/leveldbjni-all/1.8/leveldbjni-all-1.8.jar:/home/user/.m2/repository/com/sun/xml/bind/jaxb-core/2.3.0.1/jaxb-core-2.3.0.1.jar:/home/user/.m2/repository/javax/xml/bind/jaxb-api/2.3.0/jaxb-api-2.3.0.jar:/home/user/.m2/repository/javax/activation/activation/1.1.1/activation-1.1.1.jar:/home/user/.m2/repository/io/dropwizard/metrics/metrics-core/3.2.4/metrics-core-3.2.4.jar:/home/user/.m2/repository/org/openjdk/jmh/jmh-core/1.19/jmh-core-1.19.jar:/home/user/.m2/repository/net/sf/jopt-simple/jopt-simple/4.6/jopt-simple-4.6.jar:/home/user/.m2/repository/org/openjdk/jmh/jmh-generator-annprocess/1.19/jmh-generator-annprocess-1.19.jar:/home/user/.m2/repository/com/google/code/findbugs/findbugs/3.0.1/findbugs-3.0.1.jar:/home/user/.m2/repository/net/jcip/jcip-annotations/1.0/jcip-annotations-1.0.jar:/home/user/.m2/repository/com/google/code/findbugs/bcel-findbugs/6.0/bcel-findbugs-6.0.jar:/home/user/.m2/repository/com/google/code/findbugs/jFormatString/2.0.1/jFormatString-2.0.1.jar:/home/user/.m2/repository/dom4j/dom4j/1.6.1/dom4j-1.6.1.jar:/home/user/.m2/repository/xml-apis/xml-apis/1.0.b2/xml-apis-1.0.b2.jar:/home/user/.m2/repository/org/ow2/asm/asm-debug-all/5.0.2/asm-debug-all-5.0.2.jar:/home/user/.m2/repository/org/ow2/asm/asm-commons/5.0.2/asm-commons-5.0.2.jar:/home/user/.m2/repository/org/ow2/asm/asm-tree/5.0.2/asm-tree-5.0.2.jar:/home/user/.m2/repository/org/ow2/asm/asm/5.0.4/asm-5.0.4.jar:/home/user/.m2/repository/commons-lang/commons-lang/2.6/commons-lang-2.6.jar:/home/user/.m2/repository/com/apple/AppleJavaExtensions/1.4/AppleJavaExtensions-1.4.jar:/home/user/.m2/repository/jaxen/jaxen/1.1.6/jaxen-1.1.6.jar:/home/user/.m2/repository/junit/junit/4.11/junit-4.11.jar:/home/user/.m2/repository/org/hamcrest/hamcrest-core/1.3/hamcrest-core-1.3.jar:/home/user/.m2/repository/org/apache/hadoop/hadoop-common/3.2.0/hadoop-common-3.2.0-tests.jar:/home/user/.m2/repository/org/apache/hadoop/hadoop-ozone-integration-test/0.5.0-SNAPSHOT/hadoop-ozone-integration-test-0.5.0-SNAPSHOT-tests.jar:/tmp/workdir/hadoop-ozone/objectstore-service/target/classes:/tmp/workdir/hadoop-ozone/s3gateway/target/classes:/home/user/.m2/repository/org/jboss/weld/servlet/weld-servlet/2.4.7.Final/weld-servlet-2.4.7.Final.jar:/home/user/.m2/repository/org/glassfish/jersey/containers/jersey-container-servlet-core/2.27/jersey-container-servlet-core-2.27.jar:/home/user/.m2/repository/org/glassfish/hk2/external/javax.inject/2.5.0-b42/javax.inject-2.5.0-b42.jar:/home/user/.m2/repository/org/glassfish/jersey/core/jersey-common/2.27/jersey-common-2.27.jar:/home/user/.m2/repository/org/glassfish/hk2/osgi-resource-locator/1.0.1/osgi-resource-locator-1.0.1.jar:/home/user/.m2/repository/javax/ws/rs/javax.ws.rs-api/2.1/javax.ws.rs-api-2.1.jar:/home/user/.m2/repository/org/glassfish/jersey/ext/cdi/jersey-cdi1x/2.27/jersey-cdi1x-2.27.jar:/home/user/.m2/repository/org/glassfish/jersey/inject/jersey-hk2/2.27/jersey-hk2-2.27.jar:/home/user/.m2/repository/org/glassfish/hk2/hk2-locator/2.5.0-b42/hk2-locator-2.5.0-b42.jar:/home/user/.m2/repository/org/javassist/javassist/3.22.0-CR2/javassist-3.22.0-CR2.jar:/home/user/.m2/repository/org/glassfish/hk2/hk2-api/2.5.0/hk2-api-2.5.0.jar:/home/user/.m2/repository/org/glassfish/hk2/external/jakarta.inject/2.5.0/jakarta.inject-2.5.0.jar:/home/user/.m2/repository/org/glassfish/hk2/hk2-utils/2.5.0/hk2-utils-2.5.0.jar:/home/user/.m2/repository/jakarta/annotation/jakarta.annotation-api/1.3.4/jakarta.annotation-api-1.3.4.jar:/home/user/.m2/repository/org/glassfish/hk2/external/aopalliance-repackaged/2.5.0/aopalliance-repackaged-2.5.0.jar:/home/user/.m2/repository/com/fasterxml/jackson/dataformat/jackson-dataformat-xml/2.9.0/jackson-dataformat-xml-2.9.0.jar:/home/user/.m2/repository/com/fasterxml/jackson/module/jackson-module-jaxb-annotations/2.9.5/jackson-module-jaxb-annotations-2.9.5.jar:/home/user/.m2/repository/javax/enterprise/cdi-api/1.2/cdi-api-1.2.jar:/home/user/.m2/repository/javax/el/javax.el-api/3.0.0/javax.el-api-3.0.0.jar:/home/user/.m2/repository/javax/interceptor/javax.interceptor-api/1.2/javax.interceptor-api-1.2.jar:/home/user/.m2/repository/javax/inject/javax.inject/1/javax.inject-1.jar:/tmp/workdir/hadoop-ozone/csi/target/classes:/home/user/.m2/repository/com/google/protobuf/protobuf-java-util/3.5.1/protobuf-java-util-3.5.1.jar:/home/user/.m2/repository/io/grpc/grpc-netty/1.17.1/grpc-netty-1.17.1.jar:/home/user/.m2/repository/io/grpc/grpc-core/1.17.1/grpc-core-1.17.1.jar:/home/user/.m2/repository/io/grpc/grpc-context/1.17.1/grpc-context-1.17.1.jar:/home/user/.m2/repository/com/google/errorprone/error_prone_annotations/2.2.0/error_prone_annotations-2.2.0.jar:/home/user/.m2/repository/org/codehaus/mojo/animal-sniffer-annotations/1.17/animal-sniffer-annotations-1.17.jar:/home/user/.m2/repository/io/opencensus/opencensus-api/0.17.0/opencensus-api-0.17.0.jar:/home/user/.m2/repository/io/opencensus/opencensus-contrib-grpc-metrics/0.17.0/opencensus-contrib-grpc-metrics-0.17.0.jar:/home/user/.m2/repository/io/netty/netty-codec-http2/4.1.30.Final/netty-codec-http2-4.1.30.Final.jar:/home/user/.m2/repository/io/netty/netty-codec-http/4.1.30.Final/netty-codec-http-4.1.30.Final.jar:/home/user/.m2/repository/io/netty/netty-codec/4.1.30.Final/netty-codec-4.1.30.Final.jar:/home/user/.m2/repository/io/netty/netty-handler/4.1.30.Final/netty-handler-4.1.30.Final.jar:/home/user/.m2/repository/io/netty/netty-handler-proxy/4.1.30.Final/netty-handler-proxy-4.1.30.Final.jar:/home/user/.m2/repository/io/netty/netty-codec-socks/4.1.30.Final/netty-codec-socks-4.1.30.Final.jar:/home/user/.m2/repository/io/netty/netty-transport-native-epoll/4.1.30.Final/netty-transport-native-epoll-4.1.30.Final.jar:/home/user/.m2/repository/io/netty/netty-common/4.1.30.Final/netty-common-4.1.30.Final.jar:/home/user/.m2/repository/io/netty/netty-buffer/4.1.30.Final/netty-buffer-4.1.30.Final.jar:/home/user/.m2/repository/io/netty/netty-transport/4.1.30.Final/netty-transport-4.1.30.Final.jar:/home/user/.m2/repository/io/netty/netty-resolver/4.1.30.Final/netty-resolver-4.1.30.Final.jar:/home/user/.m2/repository/io/netty/netty-transport-native-unix-common/4.1.30.Final/netty-transport-native-unix-common-4.1.30.Final.jar:/home/user/.m2/repository/io/grpc/grpc-protobuf/1.17.1/grpc-protobuf-1.17.1.jar:/home/user/.m2/repository/com/google/api/grpc/proto-google-common-protos/1.0.0/proto-google-common-protos-1.0.0.jar:/home/user/.m2/repository/io/grpc/grpc-protobuf-lite/1.17.1/grpc-protobuf-lite-1.17.1.jar:/home/user/.m2/repository/io/grpc/grpc-stub/1.17.1/grpc-stub-1.17.1.jar:/tmp/workdir/hadoop-ozone/ozone-recon/target/classes:/tmp/workdir/hadoop-ozone/ozone-recon-codegen/target/classes:/home/user/.m2/repository/com/google/inject/extensions/guice-multibindings/4.0/guice-multibindings-4.0.jar:/home/user/.m2/repository/com/google/inject/guice/4.0/guice-4.0.jar:/home/user/.m2/repository/aopalliance/aopalliance/1.0/aopalliance-1.0.jar:/home/user/.m2/repository/com/google/inject/extensions/guice-servlet/4.0/guice-servlet-4.0.jar:/home/user/.m2/repository/org/glassfish/jersey/containers/jersey-container-servlet/2.27/jersey-container-servlet-2.27.jar:/home/user/.m2/repository/org/glassfish/hk2/guice-bridge/2.5.0/guice-bridge-2.5.0.jar:/home/user/.m2/repository/org/glassfish/jersey/core/jersey-server/2.27/jersey-server-2.27.jar:/home/user/.m2/repository/org/glassfish/jersey/core/jersey-client/2.27/jersey-client-2.27.jar:/home/user/.m2/repository/org/glassfish/jersey/media/jersey-media-jaxb/2.27/jersey-media-jaxb-2.27.jar:/home/user/.m2/repository/javax/validation/validation-api/1.1.0.Final/validation-api-1.1.0.Final.jar:/home/user/.m2/repository/org/glassfish/jersey/media/jersey-media-json-jackson/2.27/jersey-media-json-jackson-2.27.jar:/home/user/.m2/repository/org/glassfish/jersey/ext/jersey-entity-filtering/2.27/jersey-entity-filtering-2.27.jar:/home/user/.m2/repository/com/google/inject/extensions/guice-assistedinject/4.0/guice-assistedinject-4.0.jar:/home/user/.m2/repository/org/jooq/jooq/3.11.10/jooq-3.11.10.jar:/home/user/.m2/repository/org/jooq/jooq-meta/3.11.10/jooq-meta-3.11.10.jar:/home/user/.m2/repository/org/jooq/jooq-codegen/3.11.10/jooq-codegen-3.11.10.jar:/home/user/.m2/repository/com/jolbox/bonecp/0.8.0.RELEASE/bonecp-0.8.0.RELEASE.jar:/home/user/.m2/repository/org/springframework/spring-jdbc/5.1.3.RELEASE/spring-jdbc-5.1.3.RELEASE.jar:/home/user/.m2/repository/org/springframework/spring-beans/5.1.3.RELEASE/spring-beans-5.1.3.RELEASE.jar:/home/user/.m2/repository/org/springframework/spring-core/5.1.3.RELEASE/spring-core-5.1.3.RELEASE.jar:/home/user/.m2/repository/org/springframework/spring-jcl/5.1.3.RELEASE/spring-jcl-5.1.3.RELEASE.jar:/home/user/.m2/repository/org/springframework/spring-tx/5.1.3.RELEASE/spring-tx-5.1.3.RELEASE.jar:/home/user/.m2/repository/org/mockito/mockito-core/2.15.0/mockito-core-2.15.0.jar:/home/user/.m2/repository/net/bytebuddy/byte-buddy/1.7.9/byte-buddy-1.7.9.jar:/home/user/.m2/repository/net/bytebuddy/byte-buddy-agent/1.7.9/byte-buddy-agent-1.7.9.jar:/home/user/.m2/repository/org/objenesis/objenesis/1.0/objenesis-1.0.jar:"/>
    <property name="java.vm.vendor" value="IcedTea"/>
    <property name="sun.arch.data.model" value="64"/>
    <property name="test.build.dir" value="/tmp/workdir/hadoop-ozone/tools/target/test-dir"/>
    <property name="test.cache.data" value=""/>
    <property name="java.vendor.url" value="https://icedtea.classpath.org"/>
    <property name="user.timezone" value=""/>
    <property name="java.vm.specification.version" value="1.8"/>
    <property name="os.name" value="Linux"/>
    <property name="test.build.data" value="/tmp/workdir/hadoop-ozone/tools/target/test-dir"/>
    <property name="user.country" value="US"/>
    <property name="sun.java.launcher" value="SUN_STANDARD"/>
    <property name="sun.boot.library.path" value="/usr/lib/jvm/java-1.8-openjdk/jre/lib/amd64"/>
    <property name="sun.java.command" value="/tmp/workdir/hadoop-ozone/tools/target/surefire/surefirebooter5132533361352977448.jar /tmp/workdir/hadoop-ozone/tools/target/surefire 2019-07-09T16-59-17_998-jvmRun1 surefire695077423307617458tmp surefire_1016016495268611146564tmp"/>
    <property name="surefire.test.class.path" value="/tmp/workdir/hadoop-ozone/tools/target/test-classes:/tmp/workdir/hadoop-ozone/tools/target/classes:/tmp/workdir/hadoop-ozone/ozone-manager/target/classes:/tmp/workdir/hadoop-hdds/docs/target/classes:/home/user/.m2/repository/org/bouncycastle/bcprov-jdk15on/1.60/bcprov-jdk15on-1.60.jar:/tmp/workdir/hadoop-ozone/common/target/classes:/home/user/.m2/repository/org/apache/commons/commons-compress/1.4.1/commons-compress-1.4.1.jar:/home/user/.m2/repository/org/tukaani/xz/1.0/xz-1.0.jar:/home/user/.m2/repository/org/apache/hadoop/hadoop-hdfs-client/3.2.0/hadoop-hdfs-client-3.2.0.jar:/home/user/.m2/repository/com/fasterxml/jackson/core/jackson-annotations/2.9.5/jackson-annotations-2.9.5.jar:/tmp/workdir/hadoop-hdds/common/target/classes:/tmp/workdir/hadoop-hdds/config/target/classes:/home/user/.m2/repository/javax/annotation/javax.annotation-api/1.2/javax.annotation-api-1.2.jar:/home/user/.m2/repository/org/apache/ratis/ratis-server/0.4.0-2337318-SNAPSHOT/ratis-server-0.4.0-2337318-SNAPSHOT.jar:/home/user/.m2/repository/org/apache/ratis/ratis-thirdparty-misc/0.2.0/ratis-thirdparty-misc-0.2.0.jar:/home/user/.m2/repository/org/apache/ratis/ratis-proto/0.4.0-2337318-SNAPSHOT/ratis-proto-0.4.0-2337318-SNAPSHOT.jar:/home/user/.m2/repository/org/apache/ratis/ratis-common/0.4.0-2337318-SNAPSHOT/ratis-common-0.4.0-2337318-SNAPSHOT.jar:/home/user/.m2/repository/org/apache/ratis/ratis-client/0.4.0-2337318-SNAPSHOT/ratis-client-0.4.0-2337318-SNAPSHOT.jar:/home/user/.m2/repository/org/apache/ratis/ratis-metrics/0.4.0-2337318-SNAPSHOT/ratis-metrics-0.4.0-2337318-SNAPSHOT.jar:/home/user/.m2/repository/org/apache/ratis/ratis-netty/0.4.0-2337318-SNAPSHOT/ratis-netty-0.4.0-2337318-SNAPSHOT.jar:/home/user/.m2/repository/org/apache/ratis/ratis-grpc/0.4.0-2337318-SNAPSHOT/ratis-grpc-0.4.0-2337318-SNAPSHOT.jar:/home/user/.m2/repository/org/rocksdb/rocksdbjni/6.0.1/rocksdbjni-6.0.1.jar:/home/user/.m2/repository/org/apache/logging/log4j/log4j-api/2.11.0/log4j-api-2.11.0.jar:/home/user/.m2/repository/org/apache/logging/log4j/log4j-core/2.11.0/log4j-core-2.11.0.jar:/home/user/.m2/repository/com/lmax/disruptor/3.4.2/disruptor-3.4.2.jar:/home/user/.m2/repository/org/apache/commons/commons-pool2/2.6.0/commons-pool2-2.6.0.jar:/home/user/.m2/repository/org/bouncycastle/bcpkix-jdk15on/1.60/bcpkix-jdk15on-1.60.jar:/home/user/.m2/repository/commons-validator/commons-validator/1.6/commons-validator-1.6.jar:/home/user/.m2/repository/commons-digester/commons-digester/1.8.1/commons-digester-1.8.1.jar:/home/user/.m2/repository/io/jaegertracing/jaeger-client/0.33.1/jaeger-client-0.33.1.jar:/home/user/.m2/repository/io/jaegertracing/jaeger-thrift/0.33.1/jaeger-thrift-0.33.1.jar:/home/user/.m2/repository/org/apache/thrift/libthrift/0.11.0/libthrift-0.11.0.jar:/home/user/.m2/repository/com/squareup/okhttp3/okhttp/3.9.0/okhttp-3.9.0.jar:/home/user/.m2/repository/com/squareup/okio/okio/1.13.0/okio-1.13.0.jar:/home/user/.m2/repository/io/jaegertracing/jaeger-core/0.33.1/jaeger-core-0.33.1.jar:/home/user/.m2/repository/io/jaegertracing/jaeger-tracerresolver/0.33.1/jaeger-tracerresolver-0.33.1.jar:/home/user/.m2/repository/io/opentracing/contrib/opentracing-tracerresolver/0.1.5/opentracing-tracerresolver-0.1.5.jar:/home/user/.m2/repository/io/opentracing/opentracing-util/0.31.0/opentracing-util-0.31.0.jar:/home/user/.m2/repository/io/opentracing/opentracing-api/0.31.0/opentracing-api-0.31.0.jar:/home/user/.m2/repository/io/opentracing/opentracing-noop/0.31.0/opentracing-noop-0.31.0.jar:/home/user/.m2/repository/org/yaml/snakeyaml/1.16/snakeyaml-1.16.jar:/tmp/workdir/hadoop-hdds/container-service/target/classes:/tmp/workdir/hadoop-hdds/client/target/classes:/tmp/workdir/hadoop-hdds/tools/target/classes:/home/user/.m2/repository/org/xerial/sqlite-jdbc/3.25.2/sqlite-jdbc-3.25.2.jar:/tmp/workdir/hadoop-hdds/server-scm/target/classes:/home/user/.m2/repository/org/hamcrest/hamcrest-all/1.3/hamcrest-all-1.3.jar:/home/user/.m2/repository/info/picocli/picocli/3.9.6/picocli-3.9.6.jar:/home/user/.m2/repository/com/google/protobuf/protobuf-java/2.5.0/protobuf-java-2.5.0.jar:/home/user/.m2/repository/com/google/guava/guava/11.0.2/guava-11.0.2.jar:/tmp/workdir/hadoop-ozone/client/target/classes:/home/user/.m2/repository/org/apache/hadoop/hadoop-ozone-filesystem/0.5.0-SNAPSHOT/hadoop-ozone-filesystem-0.5.0-SNAPSHOT.jar:/tmp/workdir/hadoop-hdds/framework/target/classes:/home/user/.m2/repository/org/apache/hadoop/hadoop-common/3.2.0/hadoop-common-3.2.0.jar:/home/user/.m2/repository/org/apache/hadoop/hadoop-annotations/3.2.0/hadoop-annotations-3.2.0.jar:/usr/lib/jvm/java-1.8-openjdk/jre/../lib/tools.jar:/home/user/.m2/repository/commons-cli/commons-cli/1.2/commons-cli-1.2.jar:/home/user/.m2/repository/org/apache/commons/commons-math3/3.1.1/commons-math3-3.1.1.jar:/home/user/.m2/repository/org/apache/httpcomponents/httpclient/4.5.2/httpclient-4.5.2.jar:/home/user/.m2/repository/org/apache/httpcomponents/httpcore/4.4.4/httpcore-4.4.4.jar:/home/user/.m2/repository/commons-codec/commons-codec/1.11/commons-codec-1.11.jar:/home/user/.m2/repository/commons-io/commons-io/2.5/commons-io-2.5.jar:/home/user/.m2/repository/commons-net/commons-net/3.6/commons-net-3.6.jar:/home/user/.m2/repository/commons-collections/commons-collections/3.2.2/commons-collections-3.2.2.jar:/home/user/.m2/repository/javax/servlet/javax.servlet-api/3.1.0/javax.servlet-api-3.1.0.jar:/home/user/.m2/repository/org/eclipse/jetty/jetty-server/9.3.24.v20180605/jetty-server-9.3.24.v20180605.jar:/home/user/.m2/repository/org/eclipse/jetty/jetty-http/9.3.24.v20180605/jetty-http-9.3.24.v20180605.jar:/home/user/.m2/repository/org/eclipse/jetty/jetty-io/9.3.24.v20180605/jetty-io-9.3.24.v20180605.jar:/home/user/.m2/repository/org/eclipse/jetty/jetty-util/9.3.24.v20180605/jetty-util-9.3.24.v20180605.jar:/home/user/.m2/repository/org/eclipse/jetty/jetty-servlet/9.3.24.v20180605/jetty-servlet-9.3.24.v20180605.jar:/home/user/.m2/repository/org/eclipse/jetty/jetty-security/9.3.24.v20180605/jetty-security-9.3.24.v20180605.jar:/home/user/.m2/repository/org/eclipse/jetty/jetty-webapp/9.3.24.v20180605/jetty-webapp-9.3.24.v20180605.jar:/home/user/.m2/repository/org/eclipse/jetty/jetty-xml/9.3.24.v20180605/jetty-xml-9.3.24.v20180605.jar:/home/user/.m2/repository/javax/servlet/jsp/jsp-api/2.1/jsp-api-2.1.jar:/home/user/.m2/repository/com/sun/jersey/jersey-core/1.19/jersey-core-1.19.jar:/home/user/.m2/repository/javax/ws/rs/jsr311-api/1.1.1/jsr311-api-1.1.1.jar:/home/user/.m2/repository/com/sun/jersey/jersey-servlet/1.19/jersey-servlet-1.19.jar:/home/user/.m2/repository/com/sun/jersey/jersey-json/1.19/jersey-json-1.19.jar:/home/user/.m2/repository/org/codehaus/jettison/jettison/1.1/jettison-1.1.jar:/home/user/.m2/repository/com/sun/xml/bind/jaxb-impl/2.3.0.1/jaxb-impl-2.3.0.1.jar:/home/user/.m2/repository/org/codehaus/jackson/jackson-core-asl/1.9.13/jackson-core-asl-1.9.13.jar:/home/user/.m2/repository/org/codehaus/jackson/jackson-mapper-asl/1.9.13/jackson-mapper-asl-1.9.13.jar:/home/user/.m2/repository/org/codehaus/jackson/jackson-jaxrs/1.9.13/jackson-jaxrs-1.9.13.jar:/home/user/.m2/repository/org/codehaus/jackson/jackson-xc/1.9.13/jackson-xc-1.9.13.jar:/home/user/.m2/repository/com/sun/jersey/jersey-server/1.19/jersey-server-1.19.jar:/home/user/.m2/repository/commons-logging/commons-logging/1.1.3/commons-logging-1.1.3.jar:/home/user/.m2/repository/log4j/log4j/1.2.17/log4j-1.2.17.jar:/home/user/.m2/repository/commons-beanutils/commons-beanutils/1.9.3/commons-beanutils-1.9.3.jar:/home/user/.m2/repository/org/apache/commons/commons-configuration2/2.1.1/commons-configuration2-2.1.1.jar:/home/user/.m2/repository/org/apache/commons/commons-lang3/3.7/commons-lang3-3.7.jar:/home/user/.m2/repository/org/apache/commons/commons-text/1.4/commons-text-1.4.jar:/home/user/.m2/repository/org/slf4j/slf4j-api/1.7.25/slf4j-api-1.7.25.jar:/home/user/.m2/repository/org/slf4j/slf4j-log4j12/1.7.25/slf4j-log4j12-1.7.25.jar:/home/user/.m2/repository/org/apache/avro/avro/1.7.7/avro-1.7.7.jar:/home/user/.m2/repository/com/thoughtworks/paranamer/paranamer/2.3/paranamer-2.3.jar:/home/user/.m2/repository/org/xerial/snappy/snappy-java/1.0.5/snappy-java-1.0.5.jar:/home/user/.m2/repository/com/google/re2j/re2j/1.1/re2j-1.1.jar:/home/user/.m2/repository/com/google/code/gson/gson/2.2.4/gson-2.2.4.jar:/home/user/.m2/repository/org/apache/hadoop/hadoop-auth/3.2.0/hadoop-auth-3.2.0.jar:/home/user/.m2/repository/com/nimbusds/nimbus-jose-jwt/4.41.1/nimbus-jose-jwt-4.41.1.jar:/home/user/.m2/repository/com/github/stephenc/jcip/jcip-annotations/1.0-1/jcip-annotations-1.0-1.jar:/home/user/.m2/repository/net/minidev/json-smart/2.3/json-smart-2.3.jar:/home/user/.m2/repository/net/minidev/accessors-smart/1.2/accessors-smart-1.2.jar:/home/user/.m2/repository/org/apache/curator/curator-framework/2.12.0/curator-framework-2.12.0.jar:/home/user/.m2/repository/com/jcraft/jsch/0.1.54/jsch-0.1.54.jar:/home/user/.m2/repository/org/apache/curator/curator-client/2.12.0/curator-client-2.12.0.jar:/home/user/.m2/repository/org/apache/curator/curator-recipes/2.12.0/curator-recipes-2.12.0.jar:/home/user/.m2/repository/com/google/code/findbugs/jsr305/3.0.0/jsr305-3.0.0.jar:/home/user/.m2/repository/org/apache/htrace/htrace-core4/4.1.0-incubating/htrace-core4-4.1.0-incubating.jar:/home/user/.m2/repository/org/apache/zookeeper/zookeeper/3.4.13/zookeeper-3.4.13.jar:/home/user/.m2/repository/org/apache/yetus/audience-annotations/0.5.0/audience-annotations-0.5.0.jar:/home/user/.m2/repository/org/apache/kerby/kerb-simplekdc/1.0.1/kerb-simplekdc-1.0.1.jar:/home/user/.m2/repository/org/apache/kerby/kerb-client/1.0.1/kerb-client-1.0.1.jar:/home/user/.m2/repository/org/apache/kerby/kerby-config/1.0.1/kerby-config-1.0.1.jar:/home/user/.m2/repository/org/apache/kerby/kerb-core/1.0.1/kerb-core-1.0.1.jar:/home/user/.m2/repository/org/apache/kerby/kerby-pkix/1.0.1/kerby-pkix-1.0.1.jar:/home/user/.m2/repository/org/apache/kerby/kerby-asn1/1.0.1/kerby-asn1-1.0.1.jar:/home/user/.m2/repository/org/apache/kerby/kerby-util/1.0.1/kerby-util-1.0.1.jar:/home/user/.m2/repository/org/apache/kerby/kerb-common/1.0.1/kerb-common-1.0.1.jar:/home/user/.m2/repository/org/apache/kerby/kerb-crypto/1.0.1/kerb-crypto-1.0.1.jar:/home/user/.m2/repository/org/apache/kerby/kerb-util/1.0.1/kerb-util-1.0.1.jar:/home/user/.m2/repository/org/apache/kerby/token-provider/1.0.1/token-provider-1.0.1.jar:/home/user/.m2/repository/org/apache/kerby/kerb-admin/1.0.1/kerb-admin-1.0.1.jar:/home/user/.m2/repository/org/apache/kerby/kerb-server/1.0.1/kerb-server-1.0.1.jar:/home/user/.m2/repository/org/apache/kerby/kerb-identity/1.0.1/kerb-identity-1.0.1.jar:/home/user/.m2/repository/org/apache/kerby/kerby-xdr/1.0.1/kerby-xdr-1.0.1.jar:/home/user/.m2/repository/com/fasterxml/jackson/core/jackson-databind/2.9.5/jackson-databind-2.9.5.jar:/home/user/.m2/repository/com/fasterxml/jackson/core/jackson-core/2.9.5/jackson-core-2.9.5.jar:/home/user/.m2/repository/org/codehaus/woodstox/stax2-api/3.1.4/stax2-api-3.1.4.jar:/home/user/.m2/repository/com/fasterxml/woodstox/woodstox-core/5.0.3/woodstox-core-5.0.3.jar:/home/user/.m2/repository/dnsjava/dnsjava/2.1.7/dnsjava-2.1.7.jar:/home/user/.m2/repository/org/apache/hadoop/hadoop-hdfs/3.2.0/hadoop-hdfs-3.2.0.jar:/home/user/.m2/repository/org/eclipse/jetty/jetty-util-ajax/9.3.24.v20180605/jetty-util-ajax-9.3.24.v20180605.jar:/home/user/.m2/repository/commons-daemon/commons-daemon/1.0.13/commons-daemon-1.0.13.jar:/home/user/.m2/repository/io/netty/netty/3.10.5.Final/netty-3.10.5.Final.jar:/home/user/.m2/repository/io/netty/netty-all/4.0.52.Final/netty-all-4.0.52.Final.jar:/home/user/.m2/repository/org/fusesource/leveldbjni/leveldbjni-all/1.8/leveldbjni-all-1.8.jar:/home/user/.m2/repository/com/sun/xml/bind/jaxb-core/2.3.0.1/jaxb-core-2.3.0.1.jar:/home/user/.m2/repository/javax/xml/bind/jaxb-api/2.3.0/jaxb-api-2.3.0.jar:/home/user/.m2/repository/javax/activation/activation/1.1.1/activation-1.1.1.jar:/home/user/.m2/repository/io/dropwizard/metrics/metrics-core/3.2.4/metrics-core-3.2.4.jar:/home/user/.m2/repository/org/openjdk/jmh/jmh-core/1.19/jmh-core-1.19.jar:/home/user/.m2/repository/net/sf/jopt-simple/jopt-simple/4.6/jopt-simple-4.6.jar:/home/user/.m2/repository/org/openjdk/jmh/jmh-generator-annprocess/1.19/jmh-generator-annprocess-1.19.jar:/home/user/.m2/repository/com/google/code/findbugs/findbugs/3.0.1/findbugs-3.0.1.jar:/home/user/.m2/repository/net/jcip/jcip-annotations/1.0/jcip-annotations-1.0.jar:/home/user/.m2/repository/com/google/code/findbugs/bcel-findbugs/6.0/bcel-findbugs-6.0.jar:/home/user/.m2/repository/com/google/code/findbugs/jFormatString/2.0.1/jFormatString-2.0.1.jar:/home/user/.m2/repository/dom4j/dom4j/1.6.1/dom4j-1.6.1.jar:/home/user/.m2/repository/xml-apis/xml-apis/1.0.b2/xml-apis-1.0.b2.jar:/home/user/.m2/repository/org/ow2/asm/asm-debug-all/5.0.2/asm-debug-all-5.0.2.jar:/home/user/.m2/repository/org/ow2/asm/asm-commons/5.0.2/asm-commons-5.0.2.jar:/home/user/.m2/repository/org/ow2/asm/asm-tree/5.0.2/asm-tree-5.0.2.jar:/home/user/.m2/repository/org/ow2/asm/asm/5.0.4/asm-5.0.4.jar:/home/user/.m2/repository/commons-lang/commons-lang/2.6/commons-lang-2.6.jar:/home/user/.m2/repository/com/apple/AppleJavaExtensions/1.4/AppleJavaExtensions-1.4.jar:/home/user/.m2/repository/jaxen/jaxen/1.1.6/jaxen-1.1.6.jar:/home/user/.m2/repository/junit/junit/4.11/junit-4.11.jar:/home/user/.m2/repository/org/hamcrest/hamcrest-core/1.3/hamcrest-core-1.3.jar:/home/user/.m2/repository/org/apache/hadoop/hadoop-common/3.2.0/hadoop-common-3.2.0-tests.jar:/home/user/.m2/repository/org/apache/hadoop/hadoop-ozone-integration-test/0.5.0-SNAPSHOT/hadoop-ozone-integration-test-0.5.0-SNAPSHOT-tests.jar:/tmp/workdir/hadoop-ozone/objectstore-service/target/classes:/tmp/workdir/hadoop-ozone/s3gateway/target/classes:/home/user/.m2/repository/org/jboss/weld/servlet/weld-servlet/2.4.7.Final/weld-servlet-2.4.7.Final.jar:/home/user/.m2/repository/org/glassfish/jersey/containers/jersey-container-servlet-core/2.27/jersey-container-servlet-core-2.27.jar:/home/user/.m2/repository/org/glassfish/hk2/external/javax.inject/2.5.0-b42/javax.inject-2.5.0-b42.jar:/home/user/.m2/repository/org/glassfish/jersey/core/jersey-common/2.27/jersey-common-2.27.jar:/home/user/.m2/repository/org/glassfish/hk2/osgi-resource-locator/1.0.1/osgi-resource-locator-1.0.1.jar:/home/user/.m2/repository/javax/ws/rs/javax.ws.rs-api/2.1/javax.ws.rs-api-2.1.jar:/home/user/.m2/repository/org/glassfish/jersey/ext/cdi/jersey-cdi1x/2.27/jersey-cdi1x-2.27.jar:/home/user/.m2/repository/org/glassfish/jersey/inject/jersey-hk2/2.27/jersey-hk2-2.27.jar:/home/user/.m2/repository/org/glassfish/hk2/hk2-locator/2.5.0-b42/hk2-locator-2.5.0-b42.jar:/home/user/.m2/repository/org/javassist/javassist/3.22.0-CR2/javassist-3.22.0-CR2.jar:/home/user/.m2/repository/org/glassfish/hk2/hk2-api/2.5.0/hk2-api-2.5.0.jar:/home/user/.m2/repository/org/glassfish/hk2/external/jakarta.inject/2.5.0/jakarta.inject-2.5.0.jar:/home/user/.m2/repository/org/glassfish/hk2/hk2-utils/2.5.0/hk2-utils-2.5.0.jar:/home/user/.m2/repository/jakarta/annotation/jakarta.annotation-api/1.3.4/jakarta.annotation-api-1.3.4.jar:/home/user/.m2/repository/org/glassfish/hk2/external/aopalliance-repackaged/2.5.0/aopalliance-repackaged-2.5.0.jar:/home/user/.m2/repository/com/fasterxml/jackson/dataformat/jackson-dataformat-xml/2.9.0/jackson-dataformat-xml-2.9.0.jar:/home/user/.m2/repository/com/fasterxml/jackson/module/jackson-module-jaxb-annotations/2.9.5/jackson-module-jaxb-annotations-2.9.5.jar:/home/user/.m2/repository/javax/enterprise/cdi-api/1.2/cdi-api-1.2.jar:/home/user/.m2/repository/javax/el/javax.el-api/3.0.0/javax.el-api-3.0.0.jar:/home/user/.m2/repository/javax/interceptor/javax.interceptor-api/1.2/javax.interceptor-api-1.2.jar:/home/user/.m2/repository/javax/inject/javax.inject/1/javax.inject-1.jar:/tmp/workdir/hadoop-ozone/csi/target/classes:/home/user/.m2/repository/com/google/protobuf/protobuf-java-util/3.5.1/protobuf-java-util-3.5.1.jar:/home/user/.m2/repository/io/grpc/grpc-netty/1.17.1/grpc-netty-1.17.1.jar:/home/user/.m2/repository/io/grpc/grpc-core/1.17.1/grpc-core-1.17.1.jar:/home/user/.m2/repository/io/grpc/grpc-context/1.17.1/grpc-context-1.17.1.jar:/home/user/.m2/repository/com/google/errorprone/error_prone_annotations/2.2.0/error_prone_annotations-2.2.0.jar:/home/user/.m2/repository/org/codehaus/mojo/animal-sniffer-annotations/1.17/animal-sniffer-annotations-1.17.jar:/home/user/.m2/repository/io/opencensus/opencensus-api/0.17.0/opencensus-api-0.17.0.jar:/home/user/.m2/repository/io/opencensus/opencensus-contrib-grpc-metrics/0.17.0/opencensus-contrib-grpc-metrics-0.17.0.jar:/home/user/.m2/repository/io/netty/netty-codec-http2/4.1.30.Final/netty-codec-http2-4.1.30.Final.jar:/home/user/.m2/repository/io/netty/netty-codec-http/4.1.30.Final/netty-codec-http-4.1.30.Final.jar:/home/user/.m2/repository/io/netty/netty-codec/4.1.30.Final/netty-codec-4.1.30.Final.jar:/home/user/.m2/repository/io/netty/netty-handler/4.1.30.Final/netty-handler-4.1.30.Final.jar:/home/user/.m2/repository/io/netty/netty-handler-proxy/4.1.30.Final/netty-handler-proxy-4.1.30.Final.jar:/home/user/.m2/repository/io/netty/netty-codec-socks/4.1.30.Final/netty-codec-socks-4.1.30.Final.jar:/home/user/.m2/repository/io/netty/netty-transport-native-epoll/4.1.30.Final/netty-transport-native-epoll-4.1.30.Final.jar:/home/user/.m2/repository/io/netty/netty-common/4.1.30.Final/netty-common-4.1.30.Final.jar:/home/user/.m2/repository/io/netty/netty-buffer/4.1.30.Final/netty-buffer-4.1.30.Final.jar:/home/user/.m2/repository/io/netty/netty-transport/4.1.30.Final/netty-transport-4.1.30.Final.jar:/home/user/.m2/repository/io/netty/netty-resolver/4.1.30.Final/netty-resolver-4.1.30.Final.jar:/home/user/.m2/repository/io/netty/netty-transport-native-unix-common/4.1.30.Final/netty-transport-native-unix-common-4.1.30.Final.jar:/home/user/.m2/repository/io/grpc/grpc-protobuf/1.17.1/grpc-protobuf-1.17.1.jar:/home/user/.m2/repository/com/google/api/grpc/proto-google-common-protos/1.0.0/proto-google-common-protos-1.0.0.jar:/home/user/.m2/repository/io/grpc/grpc-protobuf-lite/1.17.1/grpc-protobuf-lite-1.17.1.jar:/home/user/.m2/repository/io/grpc/grpc-stub/1.17.1/grpc-stub-1.17.1.jar:/tmp/workdir/hadoop-ozone/ozone-recon/target/classes:/tmp/workdir/hadoop-ozone/ozone-recon-codegen/target/classes:/home/user/.m2/repository/com/google/inject/extensions/guice-multibindings/4.0/guice-multibindings-4.0.jar:/home/user/.m2/repository/com/google/inject/guice/4.0/guice-4.0.jar:/home/user/.m2/repository/aopalliance/aopalliance/1.0/aopalliance-1.0.jar:/home/user/.m2/repository/com/google/inject/extensions/guice-servlet/4.0/guice-servlet-4.0.jar:/home/user/.m2/repository/org/glassfish/jersey/containers/jersey-container-servlet/2.27/jersey-container-servlet-2.27.jar:/home/user/.m2/repository/org/glassfish/hk2/guice-bridge/2.5.0/guice-bridge-2.5.0.jar:/home/user/.m2/repository/org/glassfish/jersey/core/jersey-server/2.27/jersey-server-2.27.jar:/home/user/.m2/repository/org/glassfish/jersey/core/jersey-client/2.27/jersey-client-2.27.jar:/home/user/.m2/repository/org/glassfish/jersey/media/jersey-media-jaxb/2.27/jersey-media-jaxb-2.27.jar:/home/user/.m2/repository/javax/validation/validation-api/1.1.0.Final/validation-api-1.1.0.Final.jar:/home/user/.m2/repository/org/glassfish/jersey/media/jersey-media-json-jackson/2.27/jersey-media-json-jackson-2.27.jar:/home/user/.m2/repository/org/glassfish/jersey/ext/jersey-entity-filtering/2.27/jersey-entity-filtering-2.27.jar:/home/user/.m2/repository/com/google/inject/extensions/guice-assistedinject/4.0/guice-assistedinject-4.0.jar:/home/user/.m2/repository/org/jooq/jooq/3.11.10/jooq-3.11.10.jar:/home/user/.m2/repository/org/jooq/jooq-meta/3.11.10/jooq-meta-3.11.10.jar:/home/user/.m2/repository/org/jooq/jooq-codegen/3.11.10/jooq-codegen-3.11.10.jar:/home/user/.m2/repository/com/jolbox/bonecp/0.8.0.RELEASE/bonecp-0.8.0.RELEASE.jar:/home/user/.m2/repository/org/springframework/spring-jdbc/5.1.3.RELEASE/spring-jdbc-5.1.3.RELEASE.jar:/home/user/.m2/repository/org/springframework/spring-beans/5.1.3.RELEASE/spring-beans-5.1.3.RELEASE.jar:/home/user/.m2/repository/org/springframework/spring-core/5.1.3.RELEASE/spring-core-5.1.3.RELEASE.jar:/home/user/.m2/repository/org/springframework/spring-jcl/5.1.3.RELEASE/spring-jcl-5.1.3.RELEASE.jar:/home/user/.m2/repository/org/springframework/spring-tx/5.1.3.RELEASE/spring-tx-5.1.3.RELEASE.jar:/home/user/.m2/repository/org/mockito/mockito-core/2.15.0/mockito-core-2.15.0.jar:/home/user/.m2/repository/net/bytebuddy/byte-buddy/1.7.9/byte-buddy-1.7.9.jar:/home/user/.m2/repository/net/bytebuddy/byte-buddy-agent/1.7.9/byte-buddy-agent-1.7.9.jar:/home/user/.m2/repository/org/objenesis/objenesis/1.0/objenesis-1.0.jar:"/>
    <property name="sun.cpu.endian" value="little"/>
    <property name="user.home" value="/home/user"/>
    <property name="user.language" value="en"/>
    <property name="java.specification.vendor" value="Oracle Corporation"/>
    <property name="java.home" value="/usr/lib/jvm/java-1.8-openjdk/jre"/>
    <property name="java.security.krb5.conf" value="/tmp/workdir/hadoop-ozone/tools/target/test-classes/krb5.conf"/>
    <property name="basedir" value="/tmp/workdir/hadoop-ozone/tools"/>
    <property name="file.separator" value="/"/>
    <property name="line.separator" value="&#10;"/>
    <property name="java.vm.specification.vendor" value="Oracle Corporation"/>
    <property name="java.specification.name" value="Java Platform API Specification"/>
    <property name="java.awt.graphicsenv" value="sun.awt.X11GraphicsEnvironment"/>
    <property name="surefire.real.class.path" value="/tmp/workdir/hadoop-ozone/tools/target/surefire/surefirebooter5132533361352977448.jar"/>
    <property name="hadoop.log.dir" value="/tmp/workdir/hadoop-ozone/tools/target/log"/>
    <property name="sun.boot.class.path" value="/usr/lib/jvm/java-1.8-openjdk/jre/lib/resources.jar:/usr/lib/jvm/java-1.8-openjdk/jre/lib/rt.jar:/usr/lib/jvm/java-1.8-openjdk/jre/lib/sunrsasign.jar:/usr/lib/jvm/java-1.8-openjdk/jre/lib/jsse.jar:/usr/lib/jvm/java-1.8-openjdk/jre/lib/jce.jar:/usr/lib/jvm/java-1.8-openjdk/jre/lib/charsets.jar:/usr/lib/jvm/java-1.8-openjdk/jre/lib/jfr.jar:/usr/lib/jvm/java-1.8-openjdk/jre/classes"/>
    <property name="sun.management.compiler" value="HotSpot 64-Bit Tiered Compilers"/>
    <property name="java.runtime.version" value="1.8.0_212-b04"/>
    <property name="java.net.preferIPv4Stack" value="true"/>
    <property name="user.name" value="jenkins1000"/>
    <property name="path.separator" value=":"/>
    <property name="java.security.egd" value="file:///dev/urandom"/>
    <property name="os.version" value="3.10.0-957.12.2.el7.x86_64"/>
    <property name="java.endorsed.dirs" value="/usr/lib/jvm/java-1.8-openjdk/jre/lib/endorsed"/>
    <property name="java.runtime.name" value="OpenJDK Runtime Environment"/>
    <property name="file.encoding" value="UTF-8"/>
    <property name="java.vm.name" value="OpenJDK 64-Bit Server VM"/>
    <property name="test.build.webapps" value=""/>
    <property name="localRepository" value="/home/user/.m2/repository"/>
    <property name="java.vendor.url.bug" value="https://icedtea.classpath.org/bugzilla"/>
    <property name="java.io.tmpdir" value="/tmp"/>
    <property name="require.test.libhadoop" value=""/>
    <property name="java.version" value="1.8.0_212"/>
    <property name="user.dir" value="/tmp/workdir/hadoop-ozone/tools"/>
    <property name="os.arch" value="amd64"/>
    <property name="java.vm.specification.name" value="Java Virtual Machine Specification"/>
    <property name="test.build.classes" value="/tmp/workdir/hadoop-ozone/tools/target/test-classes"/>
    <property name="java.awt.printerjob" value="sun.print.PSPrinterJob"/>
    <property name="sun.os.patch.level" value="unknown"/>
    <property name="hadoop.tmp.dir" value="/tmp/workdir/hadoop-ozone/tools/target/tmp"/>
    <property name="java.library.path" value="/usr/lib/jvm/java-1.8-openjdk/jre/lib/amd64/server:/usr/lib/jvm/java-1.8-openjdk/jre/lib/amd64:/usr/lib/jvm/java-1.8-openjdk/jre/../lib/amd64:/tmp/workdir/hadoop-ozone/tools/target/native/target/usr/local/lib:/tmp/workdir/hadoop-ozone/tools/../../hadoop-common-project/hadoop-common/target/native/target/usr/local/lib:/usr/java/packages/lib/amd64:/usr/lib64:/lib64:/lib:/usr/lib"/>
    <property name="java.vm.info" value="mixed mode"/>
    <property name="java.vendor" value="IcedTea"/>
    <property name="java.vm.version" value="25.212-b04"/>
    <property name="java.ext.dirs" value="/usr/lib/jvm/java-1.8-openjdk/jre/lib/ext:/usr/java/packages/lib/ext"/>
    <property name="sun.io.unicode.encoding" value="UnicodeLittle"/>
    <property name="java.class.version" value="52.0"/>
  </properties>
  <testcase name="testRestart" classname="org.apache.hadoop.ozone.freon.TestFreonWithPipelineDestroy" time="19.24">
    <error message="Unexpected Storage Container Exception: org.apache.hadoop.hdds.scm.container.common.helpers.StorageContainerException: ContainerID 5 does not exist" type="java.io.IOException">java.io.IOException: Unexpected Storage Container Exception: org.apache.hadoop.hdds.scm.container.common.helpers.StorageContainerException: ContainerID 5 does not exist
	at org.apache.hadoop.hdds.scm.storage.BlockOutputStream.setIoException(BlockOutputStream.java:548)
	at org.apache.hadoop.hdds.scm.storage.BlockOutputStream.validateResponse(BlockOutputStream.java:539)
	at org.apache.hadoop.hdds.scm.storage.BlockOutputStream.lambda$writeChunkToContainer$2(BlockOutputStream.java:614)
	at java.util.concurrent.CompletableFuture.uniApply(CompletableFuture.java:602)
	at java.util.concurrent.CompletableFuture$UniApply.tryFire(CompletableFuture.java:577)
	at java.util.concurrent.CompletableFuture$Completion.run(CompletableFuture.java:442)
	at java.util.concurrent.ThreadPoolExecutor.runWorker(ThreadPoolExecutor.java:1149)
	at java.util.concurrent.ThreadPoolExecutor$Worker.run(ThreadPoolExecutor.java:624)
	at java.lang.Thread.run(Thread.java:748)
Caused by: org.apache.hadoop.hdds.scm.container.common.helpers.StorageContainerException: ContainerID 5 does not exist
	at org.apache.hadoop.hdds.scm.storage.ContainerProtocolCalls.validateContainerResponse(ContainerProtocolCalls.java:536)
	at org.apache.hadoop.hdds.scm.storage.BlockOutputStream.validateResponse(BlockOutputStream.java:536)
	... 7 more
</error>
    <system-out><![CDATA[2019-07-09 17:08:23,571 WARN  server.ServerUtils (ServerUtils.java:getScmDbDir(145)) - ozone.scm.db.dirs is not configured. We recommend adding this setting. Falling back to ozone.metadata.dirs instead.
2019-07-09 17:08:23,657 WARN  server.ServerUtils (ServerUtils.java:getScmDbDir(145)) - ozone.scm.db.dirs is not configured. We recommend adding this setting. Falling back to ozone.metadata.dirs instead.
2019-07-09 17:08:23,659 WARN  server.ServerUtils (ServerUtils.java:getScmDbDir(145)) - ozone.scm.db.dirs is not configured. We recommend adding this setting. Falling back to ozone.metadata.dirs instead.
2019-07-09 17:08:23,673 INFO  util.log (Log.java:initialized(192)) - Logging initialized @833ms
2019-07-09 17:08:23,753 INFO  db.DBStoreBuilder (DBStoreBuilder.java:addTable(110)) - using custom profile for table: deletedBlocks
2019-07-09 17:08:23,753 INFO  db.DBStoreBuilder (DBStoreBuilder.java:processTables(161)) - Using default column profile:DBProfile.DISK for Table:deletedBlocks
2019-07-09 17:08:23,753 INFO  db.DBStoreBuilder (DBStoreBuilder.java:addTable(110)) - using custom profile for table: validCerts
2019-07-09 17:08:23,753 INFO  db.DBStoreBuilder (DBStoreBuilder.java:processTables(161)) - Using default column profile:DBProfile.DISK for Table:validCerts
2019-07-09 17:08:23,754 INFO  db.DBStoreBuilder (DBStoreBuilder.java:addTable(110)) - using custom profile for table: revokedCerts
2019-07-09 17:08:23,754 INFO  db.DBStoreBuilder (DBStoreBuilder.java:processTables(161)) - Using default column profile:DBProfile.DISK for Table:revokedCerts
2019-07-09 17:08:23,764 INFO  db.DBStoreBuilder (DBStoreBuilder.java:addTable(110)) - using custom profile for table: default
2019-07-09 17:08:23,764 INFO  db.DBStoreBuilder (DBStoreBuilder.java:processTables(167)) - Using default column profile:DBProfile.DISK for Table:default
2019-07-09 17:08:23,765 INFO  db.DBStoreBuilder (DBStoreBuilder.java:getDbProfile(198)) - Using default options. DBProfile.DISK
2019-07-09 17:08:23,942 INFO  net.NodeSchemaLoader (NodeSchemaLoader.java:loadSchemaFromFile(125)) - Loading file from sun.misc.CompoundEnumeration@12b0404f
2019-07-09 17:08:23,944 INFO  net.NodeSchemaLoader (NodeSchemaLoader.java:loadSchema(171)) - Loading network topology layer schema file
2019-07-09 17:08:24,023 INFO  node.SCMNodeManager (SCMNodeManager.java:<init>(119)) - Entering startup safe mode.
2019-07-09 17:08:24,093 WARN  server.ServerUtils (ServerUtils.java:getScmDbDir(145)) - ozone.scm.db.dirs is not configured. We recommend adding this setting. Falling back to ozone.metadata.dirs instead.
2019-07-09 17:08:24,158 INFO  pipeline.SCMPipelineManager (SCMPipelineManager.java:initializePipelineState(126)) - No pipeline exists in current db
2019-07-09 17:08:24,160 WARN  server.ServerUtils (ServerUtils.java:getScmDbDir(145)) - ozone.scm.db.dirs is not configured. We recommend adding this setting. Falling back to ozone.metadata.dirs instead.
2019-07-09 17:08:24,245 WARN  events.EventQueue (EventQueue.java:fireEvent(175)) - No event handler registered for event TypedEvent{payloadType=SafeModeStatus, name='SafeModeStatus'}
2019-07-09 17:08:24,560 INFO  ipc.CallQueueManager (CallQueueManager.java:<init>(84)) - Using callQueue: class java.util.concurrent.LinkedBlockingQueue, queueCapacity: 2000, scheduler: class org.apache.hadoop.ipc.DefaultRpcScheduler, ipcBackoff: false.
2019-07-09 17:08:24,596 INFO  ipc.Server (Server.java:run(1074)) - Starting Socket Reader #1 for port 35779
2019-07-09 17:08:24,624 INFO  ipc.CallQueueManager (CallQueueManager.java:<init>(84)) - Using callQueue: class java.util.concurrent.LinkedBlockingQueue, queueCapacity: 2000, scheduler: class org.apache.hadoop.ipc.DefaultRpcScheduler, ipcBackoff: false.
2019-07-09 17:08:24,625 INFO  ipc.Server (Server.java:run(1074)) - Starting Socket Reader #1 for port 34876
2019-07-09 17:08:24,632 INFO  ipc.CallQueueManager (CallQueueManager.java:<init>(84)) - Using callQueue: class java.util.concurrent.LinkedBlockingQueue, queueCapacity: 2000, scheduler: class org.apache.hadoop.ipc.DefaultRpcScheduler, ipcBackoff: false.
2019-07-09 17:08:24,633 INFO  ipc.Server (Server.java:run(1074)) - Starting Socket Reader #1 for port 42023
2019-07-09 17:08:24,754 INFO  hdfs.DFSUtil (DFSUtil.java:httpServerTemplateForNNAndJN(1641)) - Starting Web-server for scm at: http://0.0.0.0:0
2019-07-09 17:08:24,918 INFO  server.AuthenticationFilter (AuthenticationFilter.java:constructSecretProvider(240)) - Unable to initialize FileSignerSecretProvider, falling back to use random secrets.
2019-07-09 17:08:24,936 WARN  http.HttpRequestLog (HttpRequestLog.java:getRequestLog(97)) - Jetty request log can only be enabled using Log4j
2019-07-09 17:08:24,945 INFO  http.HttpServer2 (HttpServer2.java:addGlobalFilter(975)) - Added global filter 'safety' (class=org.apache.hadoop.http.HttpServer2$QuotingInputFilter)
2019-07-09 17:08:24,948 INFO  http.HttpServer2 (HttpServer2.java:addFilter(948)) - Added filter static_user_filter (class=org.apache.hadoop.http.lib.StaticUserWebFilter$StaticUserFilter) to context scm
2019-07-09 17:08:24,948 INFO  http.HttpServer2 (HttpServer2.java:addFilter(958)) - Added filter static_user_filter (class=org.apache.hadoop.http.lib.StaticUserWebFilter$StaticUserFilter) to context logs
2019-07-09 17:08:24,949 INFO  http.HttpServer2 (HttpServer2.java:addFilter(958)) - Added filter static_user_filter (class=org.apache.hadoop.http.lib.StaticUserWebFilter$StaticUserFilter) to context static
2019-07-09 17:08:24,976 INFO  server.StorageContainerManager (StorageContainerManager.java:start(753)) - StorageContainerLocationProtocol RPC server is listening at /0.0.0.0:42023
2019-07-09 17:08:25,041 WARN  impl.MetricsConfig (MetricsConfig.java:loadFirst(134)) - Cannot locate configuration: tried hadoop-metrics2-storagecontainermanager.properties,hadoop-metrics2.properties
2019-07-09 17:08:25,056 INFO  impl.MetricsSystemImpl (MetricsSystemImpl.java:startTimer(374)) - Scheduled Metric snapshot period at 10 second(s).
2019-07-09 17:08:25,057 INFO  impl.MetricsSystemImpl (MetricsSystemImpl.java:start(191)) - StorageContainerManager metrics system started
2019-07-09 17:08:25,296 INFO  server.SCMClientProtocolServer (SCMClientProtocolServer.java:start(149)) - RPC server for Client  is listening at /0.0.0.0:42023
2019-07-09 17:08:25,297 INFO  ipc.Server (Server.java:run(1314)) - IPC Server Responder: starting
2019-07-09 17:08:25,297 INFO  ipc.Server (Server.java:run(1153)) - IPC Server listener on 42023: starting
2019-07-09 17:08:25,301 INFO  server.StorageContainerManager (StorageContainerManager.java:start(762)) - ScmBlockLocationProtocol RPC server is listening at /0.0.0.0:34876
2019-07-09 17:08:25,301 INFO  server.SCMBlockProtocolServer (SCMBlockProtocolServer.java:start(137)) - RPC server for Block Protocol is listening at /0.0.0.0:34876
2019-07-09 17:08:25,303 INFO  ipc.Server (Server.java:run(1314)) - IPC Server Responder: starting
2019-07-09 17:08:25,303 INFO  ipc.Server (Server.java:run(1153)) - IPC Server listener on 34876: starting
2019-07-09 17:08:25,314 INFO  server.StorageContainerManager (StorageContainerManager.java:start(766)) - ScmDatanodeProtocl RPC server is listening at /0.0.0.0:35779
2019-07-09 17:08:25,315 INFO  server.SCMDatanodeProtocolServer (SCMDatanodeProtocolServer.java:start(191)) - RPC server for DataNodes is listening at /0.0.0.0:35779
2019-07-09 17:08:25,318 INFO  ipc.Server (Server.java:run(1153)) - IPC Server listener on 35779: starting
2019-07-09 17:08:25,318 INFO  ipc.Server (Server.java:run(1314)) - IPC Server Responder: starting
2019-07-09 17:08:25,332 INFO  http.HttpServer2 (HttpServer2.java:bindListener(1191)) - Jetty bound to port 41219
2019-07-09 17:08:25,333 INFO  server.Server (Server.java:doStart(351)) - jetty-9.3.24.v20180605, build timestamp: 2018-06-05T17:11:56Z, git hash: 84205aa28f11a4f31f2a3b86d1bba2cc8ab69827
2019-07-09 17:08:25,371 INFO  handler.ContextHandler (ContextHandler.java:doStart(781)) - Started o.e.j.s.ServletContextHandler@413f69cc{/logs,file:///tmp/workdir/hadoop-ozone/tools/target/log,AVAILABLE}
2019-07-09 17:08:25,371 INFO  handler.ContextHandler (ContextHandler.java:doStart(781)) - Started o.e.j.s.ServletContextHandler@1b75c2e3{/static,file:///tmp/workdir/hadoop-hdds/server-scm/target/classes/webapps/static/,AVAILABLE}
2019-07-09 17:08:25,401 INFO  handler.ContextHandler (ContextHandler.java:doStart(781)) - Started o.e.j.w.WebAppContext@3918c187{/,file:///tmp/workdir/hadoop-hdds/server-scm/target/classes/webapps/scm/,AVAILABLE}{/scm}
2019-07-09 17:08:25,406 INFO  server.AbstractConnector (AbstractConnector.java:doStart(278)) - Started ServerConnector@11eadcba{HTTP/1.1,[http/1.1]}{0.0.0.0:41219}
2019-07-09 17:08:25,406 INFO  server.Server (Server.java:doStart(419)) - Started @2567ms
2019-07-09 17:08:25,407 INFO  server.BaseHttpServer (BaseHttpServer.java:updateConnectorAddress(207)) - HTTP server of SCM is listening at http://0.0.0.0:41219
2019-07-09 17:08:25,417 INFO  util.JvmPauseMonitor (JvmPauseMonitor.java:run(188)) - Starting JVM pause monitor
2019-07-09 17:08:25,418 WARN  server.ServerUtils (ServerUtils.java:getDBPath(222)) - ozone.om.db.dirs is not configured. We recommend adding this setting. Falling back to ozone.metadata.dirs instead.
2019-07-09 17:08:25,527 WARN  server.ServerUtils (ServerUtils.java:getDBPath(222)) - ozone.om.db.dirs is not configured. We recommend adding this setting. Falling back to ozone.metadata.dirs instead.
2019-07-09 17:08:25,528 INFO  om.OzoneManager (OzoneManager.java:setOMNodeDetails(621)) - OM Service ID is not set. Setting it to the default ID: omServiceIdDefault
2019-07-09 17:08:25,529 INFO  om.OzoneManager (OzoneManager.java:setOMNodeDetails(627)) - OM Node ID is not set. Setting it to the OmStorage's OmID: 2c9ed393-6cf5-4f1b-a715-f79998a4bfde
2019-07-09 17:08:25,530 INFO  om.OzoneManager (OzoneManager.java:loadOMHAConfigs(578)) - Found matching OM address with OMServiceId: null, OMNodeId: null, RPC Address: localhost:0 and Ratis port: 9872
2019-07-09 17:08:25,807 WARN  server.ServerUtils (ServerUtils.java:getDBPath(222)) - ozone.om.db.dirs is not configured. We recommend adding this setting. Falling back to ozone.metadata.dirs instead.
2019-07-09 17:08:25,819 INFO  db.DBStoreBuilder (DBStoreBuilder.java:addTable(110)) - using custom profile for table: userTable
2019-07-09 17:08:25,819 INFO  db.DBStoreBuilder (DBStoreBuilder.java:processTables(161)) - Using default column profile:DBProfile.DISK for Table:userTable
2019-07-09 17:08:25,820 INFO  db.DBStoreBuilder (DBStoreBuilder.java:addTable(110)) - using custom profile for table: volumeTable
2019-07-09 17:08:25,820 INFO  db.DBStoreBuilder (DBStoreBuilder.java:processTables(161)) - Using default column profile:DBProfile.DISK for Table:volumeTable
2019-07-09 17:08:25,821 INFO  db.DBStoreBuilder (DBStoreBuilder.java:addTable(110)) - using custom profile for table: bucketTable
2019-07-09 17:08:25,821 INFO  db.DBStoreBuilder (DBStoreBuilder.java:processTables(161)) - Using default column profile:DBProfile.DISK for Table:bucketTable
2019-07-09 17:08:25,822 INFO  db.DBStoreBuilder (DBStoreBuilder.java:addTable(110)) - using custom profile for table: keyTable
2019-07-09 17:08:25,822 INFO  db.DBStoreBuilder (DBStoreBuilder.java:processTables(161)) - Using default column profile:DBProfile.DISK for Table:keyTable
2019-07-09 17:08:25,823 INFO  db.DBStoreBuilder (DBStoreBuilder.java:addTable(110)) - using custom profile for table: deletedTable
2019-07-09 17:08:25,823 INFO  db.DBStoreBuilder (DBStoreBuilder.java:processTables(161)) - Using default column profile:DBProfile.DISK for Table:deletedTable
2019-07-09 17:08:25,823 INFO  db.DBStoreBuilder (DBStoreBuilder.java:addTable(110)) - using custom profile for table: openKeyTable
2019-07-09 17:08:25,824 INFO  db.DBStoreBuilder (DBStoreBuilder.java:processTables(161)) - Using default column profile:DBProfile.DISK for Table:openKeyTable
2019-07-09 17:08:25,824 INFO  db.DBStoreBuilder (DBStoreBuilder.java:addTable(110)) - using custom profile for table: s3Table
2019-07-09 17:08:25,825 INFO  db.DBStoreBuilder (DBStoreBuilder.java:processTables(161)) - Using default column profile:DBProfile.DISK for Table:s3Table
2019-07-09 17:08:25,825 INFO  db.DBStoreBuilder (DBStoreBuilder.java:addTable(110)) - using custom profile for table: multipartInfoTable
2019-07-09 17:08:25,825 INFO  db.DBStoreBuilder (DBStoreBuilder.java:processTables(161)) - Using default column profile:DBProfile.DISK for Table:multipartInfoTable
2019-07-09 17:08:25,826 INFO  db.DBStoreBuilder (DBStoreBuilder.java:addTable(110)) - using custom profile for table: dTokenTable
2019-07-09 17:08:25,826 INFO  db.DBStoreBuilder (DBStoreBuilder.java:processTables(161)) - Using default column profile:DBProfile.DISK for Table:dTokenTable
2019-07-09 17:08:25,827 INFO  db.DBStoreBuilder (DBStoreBuilder.java:addTable(110)) - using custom profile for table: s3SecretTable
2019-07-09 17:08:25,827 INFO  db.DBStoreBuilder (DBStoreBuilder.java:processTables(161)) - Using default column profile:DBProfile.DISK for Table:s3SecretTable
2019-07-09 17:08:25,828 INFO  db.DBStoreBuilder (DBStoreBuilder.java:addTable(110)) - using custom profile for table: prefixTable
2019-07-09 17:08:25,828 INFO  db.DBStoreBuilder (DBStoreBuilder.java:processTables(161)) - Using default column profile:DBProfile.DISK for Table:prefixTable
2019-07-09 17:08:25,828 INFO  db.DBStoreBuilder (DBStoreBuilder.java:addTable(110)) - using custom profile for table: default
2019-07-09 17:08:25,829 INFO  db.DBStoreBuilder (DBStoreBuilder.java:processTables(167)) - Using default column profile:DBProfile.DISK for Table:default
2019-07-09 17:08:25,829 INFO  db.DBStoreBuilder (DBStoreBuilder.java:getDbProfile(198)) - Using default options. DBProfile.DISK
2019-07-09 17:08:26,714 INFO  ipc.CallQueueManager (CallQueueManager.java:<init>(84)) - Using callQueue: class java.util.concurrent.LinkedBlockingQueue, queueCapacity: 2000, scheduler: class org.apache.hadoop.ipc.DefaultRpcScheduler, ipcBackoff: false.
2019-07-09 17:08:26,716 INFO  ipc.Server (Server.java:run(1074)) - Starting Socket Reader #1 for port 45017
2019-07-09 17:08:26,747 WARN  server.ServerUtils (ServerUtils.java:getDBPath(222)) - ozone.om.db.dirs is not configured. We recommend adding this setting. Falling back to ozone.metadata.dirs instead.
2019-07-09 17:08:26,748 INFO  om.OzoneManager (OzoneManager.java:start(1219)) - OzoneManager RPC server is listening at localhost/127.0.0.1:45017
2019-07-09 17:08:26,748 INFO  impl.MetricsSystemImpl (MetricsSystemImpl.java:init(158)) - OzoneManager metrics system started (again)
2019-07-09 17:08:26,750 INFO  ipc.Server (Server.java:run(1314)) - IPC Server Responder: starting
2019-07-09 17:08:26,750 INFO  ipc.Server (Server.java:run(1153)) - IPC Server listener on 45017: starting
2019-07-09 17:08:26,765 INFO  hdfs.DFSUtil (DFSUtil.java:httpServerTemplateForNNAndJN(1641)) - Starting Web-server for ozoneManager at: http://0.0.0.0:0
2019-07-09 17:08:26,767 INFO  server.AuthenticationFilter (AuthenticationFilter.java:constructSecretProvider(240)) - Unable to initialize FileSignerSecretProvider, falling back to use random secrets.
2019-07-09 17:08:26,767 WARN  http.HttpRequestLog (HttpRequestLog.java:getRequestLog(97)) - Jetty request log can only be enabled using Log4j
2019-07-09 17:08:26,770 INFO  http.HttpServer2 (HttpServer2.java:addGlobalFilter(975)) - Added global filter 'safety' (class=org.apache.hadoop.http.HttpServer2$QuotingInputFilter)
2019-07-09 17:08:26,770 INFO  http.HttpServer2 (HttpServer2.java:addFilter(948)) - Added filter static_user_filter (class=org.apache.hadoop.http.lib.StaticUserWebFilter$StaticUserFilter) to context ozoneManager
2019-07-09 17:08:26,771 INFO  http.HttpServer2 (HttpServer2.java:addFilter(958)) - Added filter static_user_filter (class=org.apache.hadoop.http.lib.StaticUserWebFilter$StaticUserFilter) to context static
2019-07-09 17:08:26,771 INFO  http.HttpServer2 (HttpServer2.java:addFilter(958)) - Added filter static_user_filter (class=org.apache.hadoop.http.lib.StaticUserWebFilter$StaticUserFilter) to context logs
2019-07-09 17:08:26,773 INFO  http.HttpServer2 (HttpServer2.java:bindListener(1191)) - Jetty bound to port 45050
2019-07-09 17:08:26,773 INFO  server.Server (Server.java:doStart(351)) - jetty-9.3.24.v20180605, build timestamp: 2018-06-05T17:11:56Z, git hash: 84205aa28f11a4f31f2a3b86d1bba2cc8ab69827
2019-07-09 17:08:26,775 INFO  handler.ContextHandler (ContextHandler.java:doStart(781)) - Started o.e.j.s.ServletContextHandler@85ec632{/logs,file:///tmp/workdir/hadoop-ozone/tools/target/log,AVAILABLE}
2019-07-09 17:08:26,775 INFO  handler.ContextHandler (ContextHandler.java:doStart(781)) - Started o.e.j.s.ServletContextHandler@65ef722a{/static,file:///tmp/workdir/hadoop-ozone/ozone-manager/target/classes/webapps/static/,AVAILABLE}
2019-07-09 17:08:26,780 INFO  handler.ContextHandler (ContextHandler.java:doStart(781)) - Started o.e.j.w.WebAppContext@1c65121{/,file:///tmp/workdir/hadoop-ozone/ozone-manager/target/classes/webapps/ozoneManager/,AVAILABLE}{/ozoneManager}
2019-07-09 17:08:26,780 INFO  server.AbstractConnector (AbstractConnector.java:doStart(278)) - Started ServerConnector@159e366{HTTP/1.1,[http/1.1]}{0.0.0.0:45050}
2019-07-09 17:08:26,781 INFO  server.Server (Server.java:doStart(419)) - Started @3941ms
2019-07-09 17:08:26,782 INFO  server.BaseHttpServer (BaseHttpServer.java:updateConnectorAddress(207)) - HTTP server of OZONEMANAGER is listening at http://0.0.0.0:45050
2019-07-09 17:08:27,105 INFO  impl.MetricsSystemImpl (MetricsSystemImpl.java:init(158)) - HddsDatanode metrics system started (again)
2019-07-09 17:08:27,222 INFO  ozone.HddsDatanodeService (HddsDatanodeService.java:start(185)) - HddsDatanodeService host:hdds1735-xzvmn-2245274162 ip:192.168.69.97
2019-07-09 17:08:27,268 INFO  volume.HddsVolume (HddsVolume.java:<init>(176)) - Creating Volume: /tmp/workdir/hadoop-ozone/tools/target/test-dir/MiniOzoneClusterImpl-91d4c584-90e5-4e69-854f-7e81d72c7177/datanode-0/data/containers/hdds of  storage type : DISK and capacity : 52710309888
2019-07-09 17:08:27,271 INFO  volume.VolumeSet (VolumeSet.java:initializeVolumeSet(170)) - Added Volume : /tmp/workdir/hadoop-ozone/tools/target/test-dir/MiniOzoneClusterImpl-91d4c584-90e5-4e69-854f-7e81d72c7177/datanode-0/data/containers/hdds to VolumeSet
2019-07-09 17:08:27,275 INFO  volume.ThrottledAsyncChecker (ThrottledAsyncChecker.java:schedule(140)) - Scheduling a check for org.apache.hadoop.ozone.container.common.volume.HddsVolume@3122b117
2019-07-09 17:08:27,299 INFO  volume.HddsVolumeChecker (HddsVolumeChecker.java:checkAllVolumes(203)) - Scheduled health check for volume org.apache.hadoop.ozone.container.common.volume.HddsVolume@3122b117
2019-07-09 17:08:27,348 INFO  ratis.XceiverServerRatis (XceiverServerRatis.java:newXceiverServerRatis(411)) - Found a free port for the server : 36323
2019-07-09 17:08:27,420 INFO  impl.RaftServerProxy (ConfUtils.java:logGet(43)) - raft.rpc.type = GRPC (default)
2019-07-09 17:08:27,489 INFO  grpc.GrpcFactory (GrpcFactory.java:checkPooledByteBufAllocatorUseCacheForAllThreads(45)) - PERFORMANCE WARNING: useCacheForAllThreads is true that may cause Netty to create a lot garbage objects and, as a result, trigger GC.
	It is recommended to disable useCacheForAllThreads by setting -Dorg.apache.ratis.thirdparty.io.netty.allocator.useCacheForAllThreads=false in command line.
2019-07-09 17:08:27,494 INFO  grpc.GrpcConfigKeys$Server (ConfUtils.java:logGet(43)) - raft.grpc.server.port = 36323 (custom)
2019-07-09 17:08:27,495 INFO  server.GrpcService (ConfUtils.java:logGet(43)) - raft.grpc.message.size.max = 33570816 (custom)
2019-07-09 17:08:27,497 INFO  server.RaftServerConfigKeys (ConfUtils.java:logGet(43)) - raft.server.log.appender.buffer.byte-limit = 33554432 (custom)
2019-07-09 17:08:27,497 INFO  server.GrpcService (ConfUtils.java:logGet(43)) - raft.grpc.flow.control.window = 1MB (=1048576) (default)
2019-07-09 17:08:27,498 INFO  server.RaftServerConfigKeys (ConfUtils.java:logGet(43)) - raft.server.rpc.request.timeout = 3000ms (default)
2019-07-09 17:08:27,675 INFO  server.RaftServerConfigKeys (ConfUtils.java:logGet(43)) - raft.server.storage.dir = [/tmp/workdir/hadoop-ozone/tools/target/test-dir/MiniOzoneClusterImpl-91d4c584-90e5-4e69-854f-7e81d72c7177/datanode-0/data/ratis] (custom)
2019-07-09 17:08:27,682 INFO  server.XceiverServerGrpc (XceiverServerGrpc.java:<init>(97)) - Found a free port for the server : 41207
2019-07-09 17:08:27,712 INFO  replication.SimpleContainerDownloader (SimpleContainerDownloader.java:<init>(72)) - Starting container downloader service to copy containers to replicate.
2019-07-09 17:08:27,725 INFO  hdfs.DFSUtil (DFSUtil.java:httpServerTemplateForNNAndJN(1641)) - Starting Web-server for hddsDatanode at: http://0.0.0.0:0
2019-07-09 17:08:27,728 INFO  server.AuthenticationFilter (AuthenticationFilter.java:constructSecretProvider(240)) - Unable to initialize FileSignerSecretProvider, falling back to use random secrets.
2019-07-09 17:08:27,729 WARN  http.HttpRequestLog (HttpRequestLog.java:getRequestLog(97)) - Jetty request log can only be enabled using Log4j
2019-07-09 17:08:27,732 INFO  http.HttpServer2 (HttpServer2.java:addGlobalFilter(975)) - Added global filter 'safety' (class=org.apache.hadoop.http.HttpServer2$QuotingInputFilter)
2019-07-09 17:08:27,733 INFO  http.HttpServer2 (HttpServer2.java:addFilter(948)) - Added filter static_user_filter (class=org.apache.hadoop.http.lib.StaticUserWebFilter$StaticUserFilter) to context hddsDatanode
2019-07-09 17:08:27,733 INFO  http.HttpServer2 (HttpServer2.java:addFilter(958)) - Added filter static_user_filter (class=org.apache.hadoop.http.lib.StaticUserWebFilter$StaticUserFilter) to context static
2019-07-09 17:08:27,734 INFO  http.HttpServer2 (HttpServer2.java:addFilter(958)) - Added filter static_user_filter (class=org.apache.hadoop.http.lib.StaticUserWebFilter$StaticUserFilter) to context logs
2019-07-09 17:08:27,735 INFO  http.HttpServer2 (HttpServer2.java:bindListener(1191)) - Jetty bound to port 46071
2019-07-09 17:08:27,735 INFO  server.Server (Server.java:doStart(351)) - jetty-9.3.24.v20180605, build timestamp: 2018-06-05T17:11:56Z, git hash: 84205aa28f11a4f31f2a3b86d1bba2cc8ab69827
2019-07-09 17:08:27,738 INFO  handler.ContextHandler (ContextHandler.java:doStart(781)) - Started o.e.j.s.ServletContextHandler@3f4cd155{/logs,file:///tmp/workdir/hadoop-ozone/tools/target/log,AVAILABLE}
2019-07-09 17:08:27,739 INFO  handler.ContextHandler (ContextHandler.java:doStart(781)) - Started o.e.j.s.ServletContextHandler@506dcf55{/static,file:///tmp/workdir/hadoop-hdds/container-service/target/classes/webapps/static,AVAILABLE}
2019-07-09 17:08:27,745 INFO  handler.ContextHandler (ContextHandler.java:doStart(781)) - Started o.e.j.w.WebAppContext@6145b81e{/,file:///tmp/workdir/hadoop-hdds/container-service/target/classes/webapps/hddsDatanode/,AVAILABLE}{/hddsDatanode}
2019-07-09 17:08:27,747 INFO  server.AbstractConnector (AbstractConnector.java:doStart(278)) - Started ServerConnector@64355120{HTTP/1.1,[http/1.1]}{0.0.0.0:46071}
2019-07-09 17:08:27,748 INFO  server.Server (Server.java:doStart(419)) - Started @4908ms
2019-07-09 17:08:27,749 INFO  server.BaseHttpServer (BaseHttpServer.java:updateConnectorAddress(207)) - HTTP server of HDDSDATANODE is listening at http://0.0.0.0:46071
2019-07-09 17:08:28,989 INFO  ozone.HddsDatanodeService (HddsDatanodeService.java:startPlugins(396)) - Started plug-in org.apache.hadoop.ozone.web.OzoneHddsDatanodeService@36920bd6
2019-07-09 17:08:28,992 INFO  impl.MetricsSystemImpl (MetricsSystemImpl.java:init(158)) - HddsDatanode metrics system started (again)
2019-07-09 17:08:28,993 INFO  ozone.HddsDatanodeService (HddsDatanodeService.java:start(185)) - HddsDatanodeService host:hdds1735-xzvmn-2245274162 ip:192.168.69.97
2019-07-09 17:08:29,001 INFO  util.JvmPauseMonitor (JvmPauseMonitor.java:run(188)) - Starting JVM pause monitor
2019-07-09 17:08:29,005 INFO  volume.HddsVolume (HddsVolume.java:<init>(176)) - Creating Volume: /tmp/workdir/hadoop-ozone/tools/target/test-dir/MiniOzoneClusterImpl-91d4c584-90e5-4e69-854f-7e81d72c7177/datanode-1/data/containers/hdds of  storage type : DISK and capacity : 52710309888
2019-07-09 17:08:29,006 INFO  volume.VolumeSet (VolumeSet.java:initializeVolumeSet(170)) - Added Volume : /tmp/workdir/hadoop-ozone/tools/target/test-dir/MiniOzoneClusterImpl-91d4c584-90e5-4e69-854f-7e81d72c7177/datanode-1/data/containers/hdds to VolumeSet
2019-07-09 17:08:29,006 INFO  volume.ThrottledAsyncChecker (ThrottledAsyncChecker.java:schedule(140)) - Scheduling a check for org.apache.hadoop.ozone.container.common.volume.HddsVolume@208f0007
2019-07-09 17:08:29,006 INFO  volume.HddsVolumeChecker (HddsVolumeChecker.java:checkAllVolumes(203)) - Scheduled health check for volume org.apache.hadoop.ozone.container.common.volume.HddsVolume@208f0007
2019-07-09 17:08:29,026 INFO  ratis.XceiverServerRatis (XceiverServerRatis.java:newXceiverServerRatis(411)) - Found a free port for the server : 39849
2019-07-09 17:08:29,028 INFO  impl.RaftServerProxy (ConfUtils.java:logGet(43)) - raft.rpc.type = GRPC (default)
2019-07-09 17:08:29,028 INFO  grpc.GrpcFactory (GrpcFactory.java:checkPooledByteBufAllocatorUseCacheForAllThreads(45)) - PERFORMANCE WARNING: useCacheForAllThreads is true that may cause Netty to create a lot garbage objects and, as a result, trigger GC.
	It is recommended to disable useCacheForAllThreads by setting -Dorg.apache.ratis.thirdparty.io.netty.allocator.useCacheForAllThreads=false in command line.
2019-07-09 17:08:29,029 INFO  grpc.GrpcConfigKeys$Server (ConfUtils.java:logGet(43)) - raft.grpc.server.port = 39849 (custom)
2019-07-09 17:08:29,029 INFO  server.GrpcService (ConfUtils.java:logGet(43)) - raft.grpc.message.size.max = 33570816 (custom)
2019-07-09 17:08:29,029 INFO  server.RaftServerConfigKeys (ConfUtils.java:logGet(43)) - raft.server.log.appender.buffer.byte-limit = 33554432 (custom)
2019-07-09 17:08:29,029 INFO  server.GrpcService (ConfUtils.java:logGet(43)) - raft.grpc.flow.control.window = 1MB (=1048576) (default)
2019-07-09 17:08:29,030 INFO  server.RaftServerConfigKeys (ConfUtils.java:logGet(43)) - raft.server.rpc.request.timeout = 3000ms (default)
2019-07-09 17:08:29,030 INFO  server.RaftServerConfigKeys (ConfUtils.java:logGet(43)) - raft.server.storage.dir = [/tmp/workdir/hadoop-ozone/tools/target/test-dir/MiniOzoneClusterImpl-91d4c584-90e5-4e69-854f-7e81d72c7177/datanode-1/data/ratis] (custom)
2019-07-09 17:08:29,031 INFO  server.XceiverServerGrpc (XceiverServerGrpc.java:<init>(97)) - Found a free port for the server : 35992
2019-07-09 17:08:29,031 INFO  replication.SimpleContainerDownloader (SimpleContainerDownloader.java:<init>(72)) - Starting container downloader service to copy containers to replicate.
2019-07-09 17:08:29,034 INFO  hdfs.DFSUtil (DFSUtil.java:httpServerTemplateForNNAndJN(1641)) - Starting Web-server for hddsDatanode at: http://0.0.0.0:0
2019-07-09 17:08:29,037 INFO  server.AuthenticationFilter (AuthenticationFilter.java:constructSecretProvider(240)) - Unable to initialize FileSignerSecretProvider, falling back to use random secrets.
2019-07-09 17:08:29,039 WARN  http.HttpRequestLog (HttpRequestLog.java:getRequestLog(97)) - Jetty request log can only be enabled using Log4j
2019-07-09 17:08:29,044 INFO  http.HttpServer2 (HttpServer2.java:addGlobalFilter(975)) - Added global filter 'safety' (class=org.apache.hadoop.http.HttpServer2$QuotingInputFilter)
2019-07-09 17:08:29,045 INFO  http.HttpServer2 (HttpServer2.java:addFilter(948)) - Added filter static_user_filter (class=org.apache.hadoop.http.lib.StaticUserWebFilter$StaticUserFilter) to context hddsDatanode
2019-07-09 17:08:29,045 INFO  http.HttpServer2 (HttpServer2.java:addFilter(958)) - Added filter static_user_filter (class=org.apache.hadoop.http.lib.StaticUserWebFilter$StaticUserFilter) to context logs
2019-07-09 17:08:29,045 INFO  http.HttpServer2 (HttpServer2.java:addFilter(958)) - Added filter static_user_filter (class=org.apache.hadoop.http.lib.StaticUserWebFilter$StaticUserFilter) to context static
2019-07-09 17:08:29,047 INFO  http.HttpServer2 (HttpServer2.java:bindListener(1191)) - Jetty bound to port 39584
2019-07-09 17:08:29,047 INFO  server.Server (Server.java:doStart(351)) - jetty-9.3.24.v20180605, build timestamp: 2018-06-05T17:11:56Z, git hash: 84205aa28f11a4f31f2a3b86d1bba2cc8ab69827
2019-07-09 17:08:29,050 INFO  handler.ContextHandler (ContextHandler.java:doStart(781)) - Started o.e.j.s.ServletContextHandler@51dae791{/logs,file:///tmp/workdir/hadoop-ozone/tools/target/log,AVAILABLE}
2019-07-09 17:08:29,051 INFO  handler.ContextHandler (ContextHandler.java:doStart(781)) - Started o.e.j.s.ServletContextHandler@5de5e95{/static,file:///tmp/workdir/hadoop-hdds/container-service/target/classes/webapps/static,AVAILABLE}
2019-07-09 17:08:29,069 INFO  handler.ContextHandler (ContextHandler.java:doStart(781)) - Started o.e.j.w.WebAppContext@34c70b5e{/,file:///tmp/workdir/hadoop-hdds/container-service/target/classes/webapps/hddsDatanode/,AVAILABLE}{/hddsDatanode}
2019-07-09 17:08:29,070 INFO  server.AbstractConnector (AbstractConnector.java:doStart(278)) - Started ServerConnector@4f2d995e{HTTP/1.1,[http/1.1]}{0.0.0.0:39584}
2019-07-09 17:08:29,071 INFO  server.Server (Server.java:doStart(419)) - Started @6231ms
2019-07-09 17:08:29,072 INFO  server.BaseHttpServer (BaseHttpServer.java:updateConnectorAddress(207)) - HTTP server of HDDSDATANODE is listening at http://0.0.0.0:39584
2019-07-09 17:08:29,108 INFO  datanode.InitDatanodeState (InitDatanodeState.java:persistContainerDatanodeDetails(140)) - DatanodeDetails is persisted to /tmp/workdir/hadoop-ozone/tools/target/test-dir/MiniOzoneClusterImpl-91d4c584-90e5-4e69-854f-7e81d72c7177/datanode-0/meta/datanode.id
2019-07-09 17:08:29,230 INFO  ozone.HddsDatanodeService (HddsDatanodeService.java:startPlugins(396)) - Started plug-in org.apache.hadoop.ozone.web.OzoneHddsDatanodeService@696db620
2019-07-09 17:08:29,231 INFO  impl.MetricsSystemImpl (MetricsSystemImpl.java:init(158)) - HddsDatanode metrics system started (again)
2019-07-09 17:08:29,232 INFO  ozone.HddsDatanodeService (HddsDatanodeService.java:start(185)) - HddsDatanodeService host:hdds1735-xzvmn-2245274162 ip:192.168.69.97
2019-07-09 17:08:29,234 INFO  util.JvmPauseMonitor (JvmPauseMonitor.java:run(188)) - Starting JVM pause monitor
2019-07-09 17:08:29,242 INFO  volume.HddsVolume (HddsVolume.java:<init>(176)) - Creating Volume: /tmp/workdir/hadoop-ozone/tools/target/test-dir/MiniOzoneClusterImpl-91d4c584-90e5-4e69-854f-7e81d72c7177/datanode-2/data/containers/hdds of  storage type : DISK and capacity : 52710309888
2019-07-09 17:08:29,243 INFO  volume.VolumeSet (VolumeSet.java:initializeVolumeSet(170)) - Added Volume : /tmp/workdir/hadoop-ozone/tools/target/test-dir/MiniOzoneClusterImpl-91d4c584-90e5-4e69-854f-7e81d72c7177/datanode-2/data/containers/hdds to VolumeSet
2019-07-09 17:08:29,243 INFO  volume.ThrottledAsyncChecker (ThrottledAsyncChecker.java:schedule(140)) - Scheduling a check for org.apache.hadoop.ozone.container.common.volume.HddsVolume@12a470dd
2019-07-09 17:08:29,244 INFO  datanode.InitDatanodeState (InitDatanodeState.java:persistContainerDatanodeDetails(140)) - DatanodeDetails is persisted to /tmp/workdir/hadoop-ozone/tools/target/test-dir/MiniOzoneClusterImpl-91d4c584-90e5-4e69-854f-7e81d72c7177/datanode-1/meta/datanode.id
2019-07-09 17:08:29,245 INFO  volume.HddsVolumeChecker (HddsVolumeChecker.java:checkAllVolumes(203)) - Scheduled health check for volume org.apache.hadoop.ozone.container.common.volume.HddsVolume@12a470dd
2019-07-09 17:08:29,270 INFO  ratis.XceiverServerRatis (XceiverServerRatis.java:newXceiverServerRatis(411)) - Found a free port for the server : 32864
2019-07-09 17:08:29,272 INFO  impl.RaftServerProxy (ConfUtils.java:logGet(43)) - raft.rpc.type = GRPC (default)
2019-07-09 17:08:29,272 INFO  grpc.GrpcFactory (GrpcFactory.java:checkPooledByteBufAllocatorUseCacheForAllThreads(45)) - PERFORMANCE WARNING: useCacheForAllThreads is true that may cause Netty to create a lot garbage objects and, as a result, trigger GC.
	It is recommended to disable useCacheForAllThreads by setting -Dorg.apache.ratis.thirdparty.io.netty.allocator.useCacheForAllThreads=false in command line.
2019-07-09 17:08:29,272 INFO  grpc.GrpcConfigKeys$Server (ConfUtils.java:logGet(43)) - raft.grpc.server.port = 32864 (custom)
2019-07-09 17:08:29,273 INFO  server.GrpcService (ConfUtils.java:logGet(43)) - raft.grpc.message.size.max = 33570816 (custom)
2019-07-09 17:08:29,273 INFO  server.RaftServerConfigKeys (ConfUtils.java:logGet(43)) - raft.server.log.appender.buffer.byte-limit = 33554432 (custom)
2019-07-09 17:08:29,273 INFO  server.GrpcService (ConfUtils.java:logGet(43)) - raft.grpc.flow.control.window = 1MB (=1048576) (default)
2019-07-09 17:08:29,274 INFO  server.RaftServerConfigKeys (ConfUtils.java:logGet(43)) - raft.server.rpc.request.timeout = 3000ms (default)
2019-07-09 17:08:29,275 INFO  server.RaftServerConfigKeys (ConfUtils.java:logGet(43)) - raft.server.storage.dir = [/tmp/workdir/hadoop-ozone/tools/target/test-dir/MiniOzoneClusterImpl-91d4c584-90e5-4e69-854f-7e81d72c7177/datanode-2/data/ratis] (custom)
2019-07-09 17:08:29,275 INFO  server.XceiverServerGrpc (XceiverServerGrpc.java:<init>(97)) - Found a free port for the server : 39811
2019-07-09 17:08:29,276 INFO  replication.SimpleContainerDownloader (SimpleContainerDownloader.java:<init>(72)) - Starting container downloader service to copy containers to replicate.
2019-07-09 17:08:29,278 INFO  hdfs.DFSUtil (DFSUtil.java:httpServerTemplateForNNAndJN(1641)) - Starting Web-server for hddsDatanode at: http://0.0.0.0:0
2019-07-09 17:08:29,280 INFO  server.AuthenticationFilter (AuthenticationFilter.java:constructSecretProvider(240)) - Unable to initialize FileSignerSecretProvider, falling back to use random secrets.
2019-07-09 17:08:29,280 WARN  http.HttpRequestLog (HttpRequestLog.java:getRequestLog(97)) - Jetty request log can only be enabled using Log4j
2019-07-09 17:08:29,284 INFO  http.HttpServer2 (HttpServer2.java:addGlobalFilter(975)) - Added global filter 'safety' (class=org.apache.hadoop.http.HttpServer2$QuotingInputFilter)
2019-07-09 17:08:29,285 INFO  http.HttpServer2 (HttpServer2.java:addFilter(948)) - Added filter static_user_filter (class=org.apache.hadoop.http.lib.StaticUserWebFilter$StaticUserFilter) to context hddsDatanode
2019-07-09 17:08:29,285 INFO  http.HttpServer2 (HttpServer2.java:addFilter(958)) - Added filter static_user_filter (class=org.apache.hadoop.http.lib.StaticUserWebFilter$StaticUserFilter) to context static
2019-07-09 17:08:29,286 INFO  http.HttpServer2 (HttpServer2.java:addFilter(958)) - Added filter static_user_filter (class=org.apache.hadoop.http.lib.StaticUserWebFilter$StaticUserFilter) to context logs
2019-07-09 17:08:29,287 INFO  http.HttpServer2 (HttpServer2.java:bindListener(1191)) - Jetty bound to port 43254
2019-07-09 17:08:29,287 INFO  server.Server (Server.java:doStart(351)) - jetty-9.3.24.v20180605, build timestamp: 2018-06-05T17:11:56Z, git hash: 84205aa28f11a4f31f2a3b86d1bba2cc8ab69827
2019-07-09 17:08:29,291 INFO  handler.ContextHandler (ContextHandler.java:doStart(781)) - Started o.e.j.s.ServletContextHandler@3a3ed300{/logs,file:///tmp/workdir/hadoop-ozone/tools/target/log,AVAILABLE}
2019-07-09 17:08:29,292 INFO  handler.ContextHandler (ContextHandler.java:doStart(781)) - Started o.e.j.s.ServletContextHandler@39f5b723{/static,file:///tmp/workdir/hadoop-hdds/container-service/target/classes/webapps/static,AVAILABLE}
2019-07-09 17:08:29,299 INFO  handler.ContextHandler (ContextHandler.java:doStart(781)) - Started o.e.j.w.WebAppContext@16736040{/,file:///tmp/workdir/hadoop-hdds/container-service/target/classes/webapps/hddsDatanode/,AVAILABLE}{/hddsDatanode}
2019-07-09 17:08:29,300 INFO  server.AbstractConnector (AbstractConnector.java:doStart(278)) - Started ServerConnector@7c5d1d25{HTTP/1.1,[http/1.1]}{0.0.0.0:43254}
2019-07-09 17:08:29,302 INFO  server.Server (Server.java:doStart(419)) - Started @6462ms
2019-07-09 17:08:29,303 INFO  server.BaseHttpServer (BaseHttpServer.java:updateConnectorAddress(207)) - HTTP server of HDDSDATANODE is listening at http://0.0.0.0:43254
2019-07-09 17:08:29,462 INFO  ozone.HddsDatanodeService (HddsDatanodeService.java:startPlugins(396)) - Started plug-in org.apache.hadoop.ozone.web.OzoneHddsDatanodeService@62cba181
2019-07-09 17:08:29,465 INFO  ozone.MiniOzoneClusterImpl (MiniOzoneClusterImpl.java:lambda$waitForClusterToBeReady$0(142)) - Waiting for cluster to be ready. Got 0 of 3 DN Heartbeats.
2019-07-09 17:08:29,466 INFO  util.JvmPauseMonitor (JvmPauseMonitor.java:run(188)) - Starting JVM pause monitor
2019-07-09 17:08:29,469 INFO  datanode.InitDatanodeState (InitDatanodeState.java:persistContainerDatanodeDetails(140)) - DatanodeDetails is persisted to /tmp/workdir/hadoop-ozone/tools/target/test-dir/MiniOzoneClusterImpl-91d4c584-90e5-4e69-854f-7e81d72c7177/datanode-2/meta/datanode.id
2019-07-09 17:08:30,465 INFO  ozone.MiniOzoneClusterImpl (MiniOzoneClusterImpl.java:lambda$waitForClusterToBeReady$0(142)) - Waiting for cluster to be ready. Got 0 of 3 DN Heartbeats.
2019-07-09 17:08:31,062 INFO  ozoneimpl.OzoneContainer (OzoneContainer.java:start(186)) - Attempting to start container services.
2019-07-09 17:08:31,064 INFO  ozoneimpl.OzoneContainer (OzoneContainer.java:startContainerScrub(160)) - Background container scrubber has been disabled by hdds.containerscrub.enabled
2019-07-09 17:08:31,064 INFO  ratis.XceiverServerRatis (XceiverServerRatis.java:start(428)) - Starting XceiverServerRatis 8209c85d-39f9-4a74-84fb-f0898ccad9a7 at port 36323
2019-07-09 17:08:31,096 INFO  impl.RaftServerProxy (RaftServerProxy.java:lambda$start$3(299)) - 8209c85d-39f9-4a74-84fb-f0898ccad9a7: start RPC server
2019-07-09 17:08:31,223 INFO  server.GrpcService (GrpcService.java:startImpl(149)) - 8209c85d-39f9-4a74-84fb-f0898ccad9a7: GrpcService started, listening on 0.0.0.0/0.0.0.0:36323
2019-07-09 17:08:31,250 INFO  ozoneimpl.OzoneContainer (OzoneContainer.java:start(186)) - Attempting to start container services.
2019-07-09 17:08:31,252 INFO  ozoneimpl.OzoneContainer (OzoneContainer.java:startContainerScrub(160)) - Background container scrubber has been disabled by hdds.containerscrub.enabled
2019-07-09 17:08:31,253 INFO  ratis.XceiverServerRatis (XceiverServerRatis.java:start(428)) - Starting XceiverServerRatis d32aef98-15ff-4f71-8b11-028ad1cc7fea at port 39849
2019-07-09 17:08:31,265 INFO  impl.RaftServerProxy (RaftServerProxy.java:lambda$start$3(299)) - d32aef98-15ff-4f71-8b11-028ad1cc7fea: start RPC server
2019-07-09 17:08:31,268 INFO  server.GrpcService (GrpcService.java:startImpl(149)) - d32aef98-15ff-4f71-8b11-028ad1cc7fea: GrpcService started, listening on 0.0.0.0/0.0.0.0:39849
2019-07-09 17:08:31,466 INFO  ozone.MiniOzoneClusterImpl (MiniOzoneClusterImpl.java:lambda$waitForClusterToBeReady$0(142)) - Waiting for cluster to be ready. Got 0 of 3 DN Heartbeats.
2019-07-09 17:08:31,483 INFO  ozoneimpl.OzoneContainer (OzoneContainer.java:start(186)) - Attempting to start container services.
2019-07-09 17:08:31,484 INFO  ozoneimpl.OzoneContainer (OzoneContainer.java:startContainerScrub(160)) - Background container scrubber has been disabled by hdds.containerscrub.enabled
2019-07-09 17:08:31,485 INFO  ratis.XceiverServerRatis (XceiverServerRatis.java:start(428)) - Starting XceiverServerRatis 35c1fd35-3817-4b47-af94-957c0cb692c1 at port 32864
2019-07-09 17:08:31,531 INFO  impl.RaftServerProxy (RaftServerProxy.java:lambda$start$3(299)) - 35c1fd35-3817-4b47-af94-957c0cb692c1: start RPC server
2019-07-09 17:08:31,537 INFO  server.GrpcService (GrpcService.java:startImpl(149)) - 35c1fd35-3817-4b47-af94-957c0cb692c1: GrpcService started, listening on 0.0.0.0/0.0.0.0:32864
2019-07-09 17:08:32,466 INFO  ozone.MiniOzoneClusterImpl (MiniOzoneClusterImpl.java:lambda$waitForClusterToBeReady$0(142)) - Waiting for cluster to be ready. Got 0 of 3 DN Heartbeats.
2019-07-09 17:08:33,047 INFO  net.NetworkTopology (NetworkTopologyImpl.java:add(109)) - Added a new node: /default-rack/192.168.69.97
2019-07-09 17:08:33,049 INFO  node.SCMNodeManager (SCMNodeManager.java:register(268)) - Registered Data node : 8209c85d-39f9-4a74-84fb-f0898ccad9a7{ip: 192.168.69.97, host: hdds1735-xzvmn-2245274162, networkLocation: /default-rack, certSerialId: null}
2019-07-09 17:08:33,054 INFO  safemode.SCMSafeModeManager (DataNodeSafeModeRule.java:process(71)) - SCM in safe mode. 1 DataNodes registered, 1 required.
2019-07-09 17:08:33,054 INFO  safemode.SCMSafeModeManager (SCMSafeModeManager.java:validateSafeModeExitRules(177)) - ScmSafeModeManager, all rules are successfully validated
2019-07-09 17:08:33,054 INFO  safemode.SCMSafeModeManager (SCMSafeModeManager.java:exitSafeMode(193)) - SCM exiting safe mode.
2019-07-09 17:08:33,237 INFO  node.SCMNodeManager (SCMNodeManager.java:register(268)) - Registered Data node : d32aef98-15ff-4f71-8b11-028ad1cc7fea{ip: 192.168.69.97, host: hdds1735-xzvmn-2245274162, networkLocation: /default-rack, certSerialId: null}
2019-07-09 17:08:33,467 INFO  ozone.MiniOzoneClusterImpl (MiniOzoneClusterImpl.java:lambda$waitForClusterToBeReady$0(142)) - Waiting for cluster to be ready. Got 2 of 3 DN Heartbeats.
2019-07-09 17:08:33,471 INFO  node.SCMNodeManager (SCMNodeManager.java:register(268)) - Registered Data node : 35c1fd35-3817-4b47-af94-957c0cb692c1{ip: 192.168.69.97, host: hdds1735-xzvmn-2245274162, networkLocation: /default-rack, certSerialId: null}
2019-07-09 17:08:33,607 INFO  impl.RaftServerProxy (RaftServerProxy.java:addNew(89)) - 8209c85d-39f9-4a74-84fb-f0898ccad9a7: addNew group-451E58823C37:[8209c85d-39f9-4a74-84fb-f0898ccad9a7:192.168.69.97:36323] returns group-451E58823C37:java.util.concurrent.CompletableFuture@2583c605[Not completed]
2019-07-09 17:08:33,625 INFO  impl.RaftServerImpl (RaftServerImpl.java:<init>(93)) - 8209c85d-39f9-4a74-84fb-f0898ccad9a7: new RaftServerImpl for group-451E58823C37:[8209c85d-39f9-4a74-84fb-f0898ccad9a7:192.168.69.97:36323] with ContainerStateMachine:uninitialized
2019-07-09 17:08:33,628 INFO  server.RaftServerConfigKeys (ConfUtils.java:logGet(43)) - raft.server.rpc.timeout.min = 1s (custom)
2019-07-09 17:08:33,630 INFO  server.RaftServerConfigKeys (ConfUtils.java:logGet(43)) - raft.server.rpc.timeout.max = 1200ms (custom)
2019-07-09 17:08:33,630 INFO  server.RaftServerConfigKeys (ConfUtils.java:logGet(43)) - raft.server.rpcslowness.timeout = 120s (custom)
2019-07-09 17:08:33,632 INFO  server.RaftServerConfigKeys (ConfUtils.java:logGet(43)) - raft.server.sleep.deviation.threshold = 300 (default)
2019-07-09 17:08:33,633 INFO  server.RaftServerConfigKeys (ConfUtils.java:logGet(43)) - raft.server.log.appender.install.snapshot.enabled = false (custom)
2019-07-09 17:08:33,644 INFO  impl.RaftServerImpl (ServerState.java:<init>(105)) - 8209c85d-39f9-4a74-84fb-f0898ccad9a7:group-451E58823C37 ConfigurationManager, init=-1: [8209c85d-39f9-4a74-84fb-f0898ccad9a7:192.168.69.97:36323], old=null, confs=<EMPTY_MAP>
2019-07-09 17:08:33,645 INFO  server.RaftServerConfigKeys (ConfUtils.java:logGet(43)) - raft.server.storage.dir = [/tmp/workdir/hadoop-ozone/tools/target/test-dir/MiniOzoneClusterImpl-91d4c584-90e5-4e69-854f-7e81d72c7177/datanode-0/data/ratis] (custom)
2019-07-09 17:08:33,654 INFO  storage.RaftStorageDirectory (RaftStorageDirectory.java:analyzeStorage(246)) - The storage directory /tmp/workdir/hadoop-ozone/tools/target/test-dir/MiniOzoneClusterImpl-91d4c584-90e5-4e69-854f-7e81d72c7177/datanode-0/data/ratis/ce08d134-e129-46d1-966b-451e58823c37 does not exist. Creating ...
2019-07-09 17:08:33,672 INFO  storage.RaftStorageDirectory (RaftStorageDirectory.java:tryLock(328)) - Lock on /tmp/workdir/hadoop-ozone/tools/target/test-dir/MiniOzoneClusterImpl-91d4c584-90e5-4e69-854f-7e81d72c7177/datanode-0/data/ratis/ce08d134-e129-46d1-966b-451e58823c37/in_use.lock acquired by nodename 21157@hdds1735-xzvmn-2245274162
2019-07-09 17:08:33,678 INFO  storage.RaftStorage (RaftStorage.java:format(72)) - Storage directory /tmp/workdir/hadoop-ozone/tools/target/test-dir/MiniOzoneClusterImpl-91d4c584-90e5-4e69-854f-7e81d72c7177/datanode-0/data/ratis/ce08d134-e129-46d1-966b-451e58823c37 has been successfully formatted.
2019-07-09 17:08:33,681 INFO  ratis.ContainerStateMachine (ContainerStateMachine.java:loadSnapshot(198)) - The snapshot info is null.Setting the last applied index to:(t:0, i:~)
2019-07-09 17:08:33,681 INFO  server.RaftServerConfigKeys (ConfUtils.java:logGet(43)) - raft.server.leader.election.timeout = 120s (custom)
2019-07-09 17:08:33,684 INFO  server.RaftServerConfigKeys (ConfUtils.java:logGet(43)) - raft.server.log.use.memory = false (default)
2019-07-09 17:08:33,691 INFO  server.RaftServerConfigKeys (ConfUtils.java:logGet(43)) - raft.server.log.purge.gap = 1000000000 (custom)
2019-07-09 17:08:33,691 INFO  server.RaftServerConfigKeys (ConfUtils.java:logGet(43)) - raft.server.log.appender.buffer.byte-limit = 33554432 (custom)
2019-07-09 17:08:33,693 INFO  server.RaftServerConfigKeys (ConfUtils.java:logGet(43)) - raft.server.log.segment.size.max = 1048576 (custom)
2019-07-09 17:08:33,699 INFO  server.RaftServerConfigKeys (ConfUtils.java:logGet(43)) - raft.server.log.segment.cache.num.max = 2 (custom)
2019-07-09 17:08:33,705 INFO  segmented.SegmentedRaftLogWorker (SegmentedRaftLogWorker.java:<init>(172)) - new 8209c85d-39f9-4a74-84fb-f0898ccad9a7-SegmentedRaftLogWorker:Storage Directory /tmp/workdir/hadoop-ozone/tools/target/test-dir/MiniOzoneClusterImpl-91d4c584-90e5-4e69-854f-7e81d72c7177/datanode-0/data/ratis/ce08d134-e129-46d1-966b-451e58823c37 for RaftStorage:Storage Directory /tmp/workdir/hadoop-ozone/tools/target/test-dir/MiniOzoneClusterImpl-91d4c584-90e5-4e69-854f-7e81d72c7177/datanode-0/data/ratis/ce08d134-e129-46d1-966b-451e58823c37
2019-07-09 17:08:33,721 INFO  server.RaftServerConfigKeys (ConfUtils.java:logGet(43)) - raft.server.log.queue.byte-limit = 2147483647 (custom)
2019-07-09 17:08:33,721 INFO  server.RaftServerConfigKeys (ConfUtils.java:logGet(43)) - raft.server.log.queue.element-limit = 1024 (custom)
2019-07-09 17:08:33,727 INFO  server.RaftServerConfigKeys (ConfUtils.java:logGet(43)) - raft.server.log.segment.size.max = 1048576 (custom)
2019-07-09 17:08:33,728 INFO  server.RaftServerConfigKeys (ConfUtils.java:logGet(43)) - raft.server.log.preallocated.size = 16384 (custom)
2019-07-09 17:08:33,728 INFO  server.RaftServerConfigKeys (ConfUtils.java:logGet(43)) - raft.server.log.write.buffer.size = 33554432 (custom)
2019-07-09 17:08:33,729 INFO  server.RaftServerConfigKeys (ConfUtils.java:logGet(43)) - raft.server.log.force.sync.num = 128 (default)
2019-07-09 17:08:33,730 INFO  server.RaftServerConfigKeys (ConfUtils.java:logGet(43)) - raft.server.log.statemachine.data.sync = true (default)
2019-07-09 17:08:33,730 INFO  server.RaftServerConfigKeys (ConfUtils.java:logGet(43)) - raft.server.log.statemachine.data.sync.timeout = 10s (default)
2019-07-09 17:08:33,731 INFO  server.RaftServerConfigKeys (ConfUtils.java:logGet(43)) - raft.server.log.statemachine.data.sync.timeout.retry = -1 (default)
2019-07-09 17:08:33,742 INFO  server.RaftServerConfigKeys (ConfUtils.java:logGet(43)) - raft.server.log.statemachine.data.caching.enabled = true (custom)
2019-07-09 17:08:33,747 INFO  segmented.SegmentedRaftLogWorker (SegmentedRaftLogWorker.java:lambda$new$0(132)) - 8209c85d-39f9-4a74-84fb-f0898ccad9a7-SegmentedRaftLogWorker:Storage Directory /tmp/workdir/hadoop-ozone/tools/target/test-dir/MiniOzoneClusterImpl-91d4c584-90e5-4e69-854f-7e81d72c7177/datanode-0/data/ratis/ce08d134-e129-46d1-966b-451e58823c37: flushIndex: setUnconditionally 0 -> -1
2019-07-09 17:08:33,751 INFO  server.RaftServerConfigKeys (ConfUtils.java:logGet(43)) - raft.server.snapshot.auto.trigger.enabled = true (custom)
2019-07-09 17:08:33,752 INFO  server.RaftServerConfigKeys (ConfUtils.java:logGet(43)) - raft.server.snapshot.auto.trigger.threshold = 10000 (custom)
2019-07-09 17:08:33,752 INFO  server.RaftServerConfigKeys (ConfUtils.java:logGet(43)) - raft.server.retrycache.expirytime = 600000ms (custom)
2019-07-09 17:08:34,077 INFO  impl.RaftServerImpl (RaftServerImpl.java:start(180)) - 8209c85d-39f9-4a74-84fb-f0898ccad9a7: start group-451E58823C37
2019-07-09 17:08:34,079 INFO  impl.RaftServerImpl (RaftServerImpl.java:setRole(171)) - 8209c85d-39f9-4a74-84fb-f0898ccad9a7:group-451E58823C37 changes role from null to FOLLOWER at term 0 for startAsFollower
2019-07-09 17:08:34,081 INFO  impl.RoleInfo (RoleInfo.java:updateAndGet(143)) - 8209c85d-39f9-4a74-84fb-f0898ccad9a7: start FollowerState
2019-07-09 17:08:34,084 INFO  util.JmxRegister (JmxRegister.java:tryRegister(44)) - Successfully registered JMX Bean with object name Ratis:service=RaftServer,group=group-451E58823C37,id=8209c85d-39f9-4a74-84fb-f0898ccad9a7
2019-07-09 17:08:34,152 INFO  pipeline.PipelineStateManager (PipelineStateManager.java:addPipeline(56)) - Created pipeline Pipeline[ Id: ce08d134-e129-46d1-966b-451e58823c37, Nodes: 8209c85d-39f9-4a74-84fb-f0898ccad9a7{ip: 192.168.69.97, host: hdds1735-xzvmn-2245274162, networkLocation: /default-rack, certSerialId: null}, Type:RATIS, Factor:ONE, State:OPEN]
2019-07-09 17:08:34,173 INFO  impl.RaftServerProxy (RaftServerProxy.java:addNew(89)) - d32aef98-15ff-4f71-8b11-028ad1cc7fea: addNew group-D61C66661146:[d32aef98-15ff-4f71-8b11-028ad1cc7fea:192.168.69.97:39849] returns group-D61C66661146:java.util.concurrent.CompletableFuture@be57796[Not completed]
2019-07-09 17:08:34,207 INFO  impl.RaftServerImpl (RaftServerImpl.java:<init>(93)) - d32aef98-15ff-4f71-8b11-028ad1cc7fea: new RaftServerImpl for group-D61C66661146:[d32aef98-15ff-4f71-8b11-028ad1cc7fea:192.168.69.97:39849] with ContainerStateMachine:uninitialized
2019-07-09 17:08:34,209 INFO  server.RaftServerConfigKeys (ConfUtils.java:logGet(43)) - raft.server.rpc.timeout.min = 1s (custom)
2019-07-09 17:08:34,209 INFO  server.RaftServerConfigKeys (ConfUtils.java:logGet(43)) - raft.server.rpc.timeout.max = 1200ms (custom)
2019-07-09 17:08:34,210 INFO  server.RaftServerConfigKeys (ConfUtils.java:logGet(43)) - raft.server.rpcslowness.timeout = 120s (custom)
2019-07-09 17:08:34,210 INFO  server.RaftServerConfigKeys (ConfUtils.java:logGet(43)) - raft.server.sleep.deviation.threshold = 300 (default)
2019-07-09 17:08:34,210 INFO  server.RaftServerConfigKeys (ConfUtils.java:logGet(43)) - raft.server.log.appender.install.snapshot.enabled = false (custom)
2019-07-09 17:08:34,210 INFO  impl.RaftServerImpl (ServerState.java:<init>(105)) - d32aef98-15ff-4f71-8b11-028ad1cc7fea:group-D61C66661146 ConfigurationManager, init=-1: [d32aef98-15ff-4f71-8b11-028ad1cc7fea:192.168.69.97:39849], old=null, confs=<EMPTY_MAP>
2019-07-09 17:08:34,211 INFO  server.RaftServerConfigKeys (ConfUtils.java:logGet(43)) - raft.server.storage.dir = [/tmp/workdir/hadoop-ozone/tools/target/test-dir/MiniOzoneClusterImpl-91d4c584-90e5-4e69-854f-7e81d72c7177/datanode-1/data/ratis] (custom)
2019-07-09 17:08:34,211 INFO  storage.RaftStorageDirectory (RaftStorageDirectory.java:analyzeStorage(246)) - The storage directory /tmp/workdir/hadoop-ozone/tools/target/test-dir/MiniOzoneClusterImpl-91d4c584-90e5-4e69-854f-7e81d72c7177/datanode-1/data/ratis/d625ff41-6955-46f3-80e0-d61c66661146 does not exist. Creating ...
2019-07-09 17:08:34,226 INFO  storage.RaftStorageDirectory (RaftStorageDirectory.java:tryLock(328)) - Lock on /tmp/workdir/hadoop-ozone/tools/target/test-dir/MiniOzoneClusterImpl-91d4c584-90e5-4e69-854f-7e81d72c7177/datanode-1/data/ratis/d625ff41-6955-46f3-80e0-d61c66661146/in_use.lock acquired by nodename 21157@hdds1735-xzvmn-2245274162
2019-07-09 17:08:34,239 INFO  storage.RaftStorage (RaftStorage.java:format(72)) - Storage directory /tmp/workdir/hadoop-ozone/tools/target/test-dir/MiniOzoneClusterImpl-91d4c584-90e5-4e69-854f-7e81d72c7177/datanode-1/data/ratis/d625ff41-6955-46f3-80e0-d61c66661146 has been successfully formatted.
2019-07-09 17:08:34,241 INFO  ratis.ContainerStateMachine (ContainerStateMachine.java:loadSnapshot(198)) - The snapshot info is null.Setting the last applied index to:(t:0, i:~)
2019-07-09 17:08:34,242 INFO  server.RaftServerConfigKeys (ConfUtils.java:logGet(43)) - raft.server.leader.election.timeout = 120s (custom)
2019-07-09 17:08:34,242 INFO  server.RaftServerConfigKeys (ConfUtils.java:logGet(43)) - raft.server.log.use.memory = false (default)
2019-07-09 17:08:34,242 INFO  server.RaftServerConfigKeys (ConfUtils.java:logGet(43)) - raft.server.log.purge.gap = 1000000000 (custom)
2019-07-09 17:08:34,243 INFO  server.RaftServerConfigKeys (ConfUtils.java:logGet(43)) - raft.server.log.appender.buffer.byte-limit = 33554432 (custom)
2019-07-09 17:08:34,243 INFO  server.RaftServerConfigKeys (ConfUtils.java:logGet(43)) - raft.server.log.segment.size.max = 1048576 (custom)
2019-07-09 17:08:34,243 INFO  server.RaftServerConfigKeys (ConfUtils.java:logGet(43)) - raft.server.log.segment.cache.num.max = 2 (custom)
2019-07-09 17:08:34,243 INFO  segmented.SegmentedRaftLogWorker (SegmentedRaftLogWorker.java:<init>(172)) - new d32aef98-15ff-4f71-8b11-028ad1cc7fea-SegmentedRaftLogWorker:Storage Directory /tmp/workdir/hadoop-ozone/tools/target/test-dir/MiniOzoneClusterImpl-91d4c584-90e5-4e69-854f-7e81d72c7177/datanode-1/data/ratis/d625ff41-6955-46f3-80e0-d61c66661146 for RaftStorage:Storage Directory /tmp/workdir/hadoop-ozone/tools/target/test-dir/MiniOzoneClusterImpl-91d4c584-90e5-4e69-854f-7e81d72c7177/datanode-1/data/ratis/d625ff41-6955-46f3-80e0-d61c66661146
2019-07-09 17:08:34,245 INFO  server.RaftServerConfigKeys (ConfUtils.java:logGet(43)) - raft.server.log.queue.byte-limit = 2147483647 (custom)
2019-07-09 17:08:34,245 INFO  server.RaftServerConfigKeys (ConfUtils.java:logGet(43)) - raft.server.log.queue.element-limit = 1024 (custom)
2019-07-09 17:08:34,245 INFO  server.RaftServerConfigKeys (ConfUtils.java:logGet(43)) - raft.server.log.segment.size.max = 1048576 (custom)
2019-07-09 17:08:34,246 INFO  server.RaftServerConfigKeys (ConfUtils.java:logGet(43)) - raft.server.log.preallocated.size = 16384 (custom)
2019-07-09 17:08:34,246 INFO  server.RaftServerConfigKeys (ConfUtils.java:logGet(43)) - raft.server.log.write.buffer.size = 33554432 (custom)
2019-07-09 17:08:34,246 INFO  server.RaftServerConfigKeys (ConfUtils.java:logGet(43)) - raft.server.log.force.sync.num = 128 (default)
2019-07-09 17:08:34,247 INFO  server.RaftServerConfigKeys (ConfUtils.java:logGet(43)) - raft.server.log.statemachine.data.sync = true (default)
2019-07-09 17:08:34,247 INFO  server.RaftServerConfigKeys (ConfUtils.java:logGet(43)) - raft.server.log.statemachine.data.sync.timeout = 10s (default)
2019-07-09 17:08:34,247 INFO  server.RaftServerConfigKeys (ConfUtils.java:logGet(43)) - raft.server.log.statemachine.data.sync.timeout.retry = -1 (default)
2019-07-09 17:08:34,248 INFO  server.RaftServerConfigKeys (ConfUtils.java:logGet(43)) - raft.server.log.statemachine.data.caching.enabled = true (custom)
2019-07-09 17:08:34,248 INFO  segmented.SegmentedRaftLogWorker (SegmentedRaftLogWorker.java:lambda$new$0(132)) - d32aef98-15ff-4f71-8b11-028ad1cc7fea-SegmentedRaftLogWorker:Storage Directory /tmp/workdir/hadoop-ozone/tools/target/test-dir/MiniOzoneClusterImpl-91d4c584-90e5-4e69-854f-7e81d72c7177/datanode-1/data/ratis/d625ff41-6955-46f3-80e0-d61c66661146: flushIndex: setUnconditionally 0 -> -1
2019-07-09 17:08:34,249 INFO  server.RaftServerConfigKeys (ConfUtils.java:logGet(43)) - raft.server.snapshot.auto.trigger.enabled = true (custom)
2019-07-09 17:08:34,249 INFO  server.RaftServerConfigKeys (ConfUtils.java:logGet(43)) - raft.server.snapshot.auto.trigger.threshold = 10000 (custom)
2019-07-09 17:08:34,249 INFO  server.RaftServerConfigKeys (ConfUtils.java:logGet(43)) - raft.server.retrycache.expirytime = 600000ms (custom)
2019-07-09 17:08:34,250 INFO  impl.RaftServerImpl (RaftServerImpl.java:start(180)) - d32aef98-15ff-4f71-8b11-028ad1cc7fea: start group-D61C66661146
2019-07-09 17:08:34,250 INFO  impl.RaftServerImpl (RaftServerImpl.java:setRole(171)) - d32aef98-15ff-4f71-8b11-028ad1cc7fea:group-D61C66661146 changes role from null to FOLLOWER at term 0 for startAsFollower
2019-07-09 17:08:34,250 INFO  impl.RoleInfo (RoleInfo.java:updateAndGet(143)) - d32aef98-15ff-4f71-8b11-028ad1cc7fea: start FollowerState
2019-07-09 17:08:34,251 INFO  util.JmxRegister (JmxRegister.java:tryRegister(44)) - Successfully registered JMX Bean with object name Ratis:service=RaftServer,group=group-D61C66661146,id=d32aef98-15ff-4f71-8b11-028ad1cc7fea
2019-07-09 17:08:34,267 INFO  pipeline.PipelineStateManager (PipelineStateManager.java:addPipeline(56)) - Created pipeline Pipeline[ Id: d625ff41-6955-46f3-80e0-d61c66661146, Nodes: d32aef98-15ff-4f71-8b11-028ad1cc7fea{ip: 192.168.69.97, host: hdds1735-xzvmn-2245274162, networkLocation: /default-rack, certSerialId: null}, Type:RATIS, Factor:ONE, State:OPEN]
2019-07-09 17:08:34,289 INFO  impl.RaftServerProxy (RaftServerProxy.java:addNew(89)) - 35c1fd35-3817-4b47-af94-957c0cb692c1: addNew group-A1275DB46659:[35c1fd35-3817-4b47-af94-957c0cb692c1:192.168.69.97:32864] returns group-A1275DB46659:java.util.concurrent.CompletableFuture@1fcbbf70[Not completed]
2019-07-09 17:08:34,294 INFO  impl.RaftServerImpl (RaftServerImpl.java:<init>(93)) - 35c1fd35-3817-4b47-af94-957c0cb692c1: new RaftServerImpl for group-A1275DB46659:[35c1fd35-3817-4b47-af94-957c0cb692c1:192.168.69.97:32864] with ContainerStateMachine:uninitialized
2019-07-09 17:08:34,295 INFO  server.RaftServerConfigKeys (ConfUtils.java:logGet(43)) - raft.server.rpc.timeout.min = 1s (custom)
2019-07-09 17:08:34,295 INFO  server.RaftServerConfigKeys (ConfUtils.java:logGet(43)) - raft.server.rpc.timeout.max = 1200ms (custom)
2019-07-09 17:08:34,296 INFO  server.RaftServerConfigKeys (ConfUtils.java:logGet(43)) - raft.server.rpcslowness.timeout = 120s (custom)
2019-07-09 17:08:34,296 INFO  server.RaftServerConfigKeys (ConfUtils.java:logGet(43)) - raft.server.sleep.deviation.threshold = 300 (default)
2019-07-09 17:08:34,296 INFO  server.RaftServerConfigKeys (ConfUtils.java:logGet(43)) - raft.server.log.appender.install.snapshot.enabled = false (custom)
2019-07-09 17:08:34,296 INFO  impl.RaftServerImpl (ServerState.java:<init>(105)) - 35c1fd35-3817-4b47-af94-957c0cb692c1:group-A1275DB46659 ConfigurationManager, init=-1: [35c1fd35-3817-4b47-af94-957c0cb692c1:192.168.69.97:32864], old=null, confs=<EMPTY_MAP>
2019-07-09 17:08:34,296 INFO  server.RaftServerConfigKeys (ConfUtils.java:logGet(43)) - raft.server.storage.dir = [/tmp/workdir/hadoop-ozone/tools/target/test-dir/MiniOzoneClusterImpl-91d4c584-90e5-4e69-854f-7e81d72c7177/datanode-2/data/ratis] (custom)
2019-07-09 17:08:34,297 INFO  storage.RaftStorageDirectory (RaftStorageDirectory.java:analyzeStorage(246)) - The storage directory /tmp/workdir/hadoop-ozone/tools/target/test-dir/MiniOzoneClusterImpl-91d4c584-90e5-4e69-854f-7e81d72c7177/datanode-2/data/ratis/4634695b-5177-4999-a45a-a1275db46659 does not exist. Creating ...
2019-07-09 17:08:34,310 INFO  storage.RaftStorageDirectory (RaftStorageDirectory.java:tryLock(328)) - Lock on /tmp/workdir/hadoop-ozone/tools/target/test-dir/MiniOzoneClusterImpl-91d4c584-90e5-4e69-854f-7e81d72c7177/datanode-2/data/ratis/4634695b-5177-4999-a45a-a1275db46659/in_use.lock acquired by nodename 21157@hdds1735-xzvmn-2245274162
2019-07-09 17:08:34,323 INFO  storage.RaftStorage (RaftStorage.java:format(72)) - Storage directory /tmp/workdir/hadoop-ozone/tools/target/test-dir/MiniOzoneClusterImpl-91d4c584-90e5-4e69-854f-7e81d72c7177/datanode-2/data/ratis/4634695b-5177-4999-a45a-a1275db46659 has been successfully formatted.
2019-07-09 17:08:34,324 INFO  ratis.ContainerStateMachine (ContainerStateMachine.java:loadSnapshot(198)) - The snapshot info is null.Setting the last applied index to:(t:0, i:~)
2019-07-09 17:08:34,324 INFO  server.RaftServerConfigKeys (ConfUtils.java:logGet(43)) - raft.server.leader.election.timeout = 120s (custom)
2019-07-09 17:08:34,324 INFO  server.RaftServerConfigKeys (ConfUtils.java:logGet(43)) - raft.server.log.use.memory = false (default)
2019-07-09 17:08:34,324 INFO  server.RaftServerConfigKeys (ConfUtils.java:logGet(43)) - raft.server.log.purge.gap = 1000000000 (custom)
2019-07-09 17:08:34,325 INFO  server.RaftServerConfigKeys (ConfUtils.java:logGet(43)) - raft.server.log.appender.buffer.byte-limit = 33554432 (custom)
2019-07-09 17:08:34,325 INFO  server.RaftServerConfigKeys (ConfUtils.java:logGet(43)) - raft.server.log.segment.size.max = 1048576 (custom)
2019-07-09 17:08:34,325 INFO  server.RaftServerConfigKeys (ConfUtils.java:logGet(43)) - raft.server.log.segment.cache.num.max = 2 (custom)
2019-07-09 17:08:34,325 INFO  segmented.SegmentedRaftLogWorker (SegmentedRaftLogWorker.java:<init>(172)) - new 35c1fd35-3817-4b47-af94-957c0cb692c1-SegmentedRaftLogWorker:Storage Directory /tmp/workdir/hadoop-ozone/tools/target/test-dir/MiniOzoneClusterImpl-91d4c584-90e5-4e69-854f-7e81d72c7177/datanode-2/data/ratis/4634695b-5177-4999-a45a-a1275db46659 for RaftStorage:Storage Directory /tmp/workdir/hadoop-ozone/tools/target/test-dir/MiniOzoneClusterImpl-91d4c584-90e5-4e69-854f-7e81d72c7177/datanode-2/data/ratis/4634695b-5177-4999-a45a-a1275db46659
2019-07-09 17:08:34,325 INFO  server.RaftServerConfigKeys (ConfUtils.java:logGet(43)) - raft.server.log.queue.byte-limit = 2147483647 (custom)
2019-07-09 17:08:34,326 INFO  server.RaftServerConfigKeys (ConfUtils.java:logGet(43)) - raft.server.log.queue.element-limit = 1024 (custom)
2019-07-09 17:08:34,326 INFO  server.RaftServerConfigKeys (ConfUtils.java:logGet(43)) - raft.server.log.segment.size.max = 1048576 (custom)
2019-07-09 17:08:34,326 INFO  server.RaftServerConfigKeys (ConfUtils.java:logGet(43)) - raft.server.log.preallocated.size = 16384 (custom)
2019-07-09 17:08:34,326 INFO  server.RaftServerConfigKeys (ConfUtils.java:logGet(43)) - raft.server.log.write.buffer.size = 33554432 (custom)
2019-07-09 17:08:34,327 INFO  server.RaftServerConfigKeys (ConfUtils.java:logGet(43)) - raft.server.log.force.sync.num = 128 (default)
2019-07-09 17:08:34,327 INFO  server.RaftServerConfigKeys (ConfUtils.java:logGet(43)) - raft.server.log.statemachine.data.sync = true (default)
2019-07-09 17:08:34,327 INFO  server.RaftServerConfigKeys (ConfUtils.java:logGet(43)) - raft.server.log.statemachine.data.sync.timeout = 10s (default)
2019-07-09 17:08:34,327 INFO  server.RaftServerConfigKeys (ConfUtils.java:logGet(43)) - raft.server.log.statemachine.data.sync.timeout.retry = -1 (default)
2019-07-09 17:08:34,328 INFO  server.RaftServerConfigKeys (ConfUtils.java:logGet(43)) - raft.server.log.statemachine.data.caching.enabled = true (custom)
2019-07-09 17:08:34,328 INFO  segmented.SegmentedRaftLogWorker (SegmentedRaftLogWorker.java:lambda$new$0(132)) - 35c1fd35-3817-4b47-af94-957c0cb692c1-SegmentedRaftLogWorker:Storage Directory /tmp/workdir/hadoop-ozone/tools/target/test-dir/MiniOzoneClusterImpl-91d4c584-90e5-4e69-854f-7e81d72c7177/datanode-2/data/ratis/4634695b-5177-4999-a45a-a1275db46659: flushIndex: setUnconditionally 0 -> -1
2019-07-09 17:08:34,328 INFO  server.RaftServerConfigKeys (ConfUtils.java:logGet(43)) - raft.server.snapshot.auto.trigger.enabled = true (custom)
2019-07-09 17:08:34,329 INFO  server.RaftServerConfigKeys (ConfUtils.java:logGet(43)) - raft.server.snapshot.auto.trigger.threshold = 10000 (custom)
2019-07-09 17:08:34,329 INFO  server.RaftServerConfigKeys (ConfUtils.java:logGet(43)) - raft.server.retrycache.expirytime = 600000ms (custom)
2019-07-09 17:08:34,329 INFO  impl.RaftServerImpl (RaftServerImpl.java:start(180)) - 35c1fd35-3817-4b47-af94-957c0cb692c1: start group-A1275DB46659
2019-07-09 17:08:34,329 INFO  impl.RaftServerImpl (RaftServerImpl.java:setRole(171)) - 35c1fd35-3817-4b47-af94-957c0cb692c1:group-A1275DB46659 changes role from null to FOLLOWER at term 0 for startAsFollower
2019-07-09 17:08:34,330 INFO  impl.RoleInfo (RoleInfo.java:updateAndGet(143)) - 35c1fd35-3817-4b47-af94-957c0cb692c1: start FollowerState
2019-07-09 17:08:34,330 INFO  util.JmxRegister (JmxRegister.java:tryRegister(44)) - Successfully registered JMX Bean with object name Ratis:service=RaftServer,group=group-A1275DB46659,id=35c1fd35-3817-4b47-af94-957c0cb692c1
2019-07-09 17:08:34,341 INFO  pipeline.PipelineStateManager (PipelineStateManager.java:addPipeline(56)) - Created pipeline Pipeline[ Id: 4634695b-5177-4999-a45a-a1275db46659, Nodes: 35c1fd35-3817-4b47-af94-957c0cb692c1{ip: 192.168.69.97, host: hdds1735-xzvmn-2245274162, networkLocation: /default-rack, certSerialId: null}, Type:RATIS, Factor:ONE, State:OPEN]
2019-07-09 17:08:34,382 INFO  impl.RaftServerProxy (RaftServerProxy.java:addNew(89)) - 35c1fd35-3817-4b47-af94-957c0cb692c1: addNew group-84675FD45F3E:[d32aef98-15ff-4f71-8b11-028ad1cc7fea:192.168.69.97:39849, 8209c85d-39f9-4a74-84fb-f0898ccad9a7:192.168.69.97:36323, 35c1fd35-3817-4b47-af94-957c0cb692c1:192.168.69.97:32864] returns group-84675FD45F3E:java.util.concurrent.CompletableFuture@73e7a66e[Not completed]
2019-07-09 17:08:34,384 INFO  impl.RaftServerImpl (RaftServerImpl.java:<init>(93)) - 35c1fd35-3817-4b47-af94-957c0cb692c1: new RaftServerImpl for group-84675FD45F3E:[d32aef98-15ff-4f71-8b11-028ad1cc7fea:192.168.69.97:39849, 8209c85d-39f9-4a74-84fb-f0898ccad9a7:192.168.69.97:36323, 35c1fd35-3817-4b47-af94-957c0cb692c1:192.168.69.97:32864] with ContainerStateMachine:uninitialized
2019-07-09 17:08:34,384 INFO  server.RaftServerConfigKeys (ConfUtils.java:logGet(43)) - raft.server.rpc.timeout.min = 1s (custom)
2019-07-09 17:08:34,384 INFO  impl.RaftServerProxy (RaftServerProxy.java:addNew(89)) - d32aef98-15ff-4f71-8b11-028ad1cc7fea: addNew group-84675FD45F3E:[d32aef98-15ff-4f71-8b11-028ad1cc7fea:192.168.69.97:39849, 8209c85d-39f9-4a74-84fb-f0898ccad9a7:192.168.69.97:36323, 35c1fd35-3817-4b47-af94-957c0cb692c1:192.168.69.97:32864] returns group-84675FD45F3E:java.util.concurrent.CompletableFuture@7dbf4e70[Not completed]
2019-07-09 17:08:34,384 INFO  server.RaftServerConfigKeys (ConfUtils.java:logGet(43)) - raft.server.rpc.timeout.max = 1200ms (custom)
2019-07-09 17:08:34,385 INFO  server.RaftServerConfigKeys (ConfUtils.java:logGet(43)) - raft.server.rpcslowness.timeout = 120s (custom)
2019-07-09 17:08:34,386 INFO  impl.RaftServerImpl (RaftServerImpl.java:<init>(93)) - d32aef98-15ff-4f71-8b11-028ad1cc7fea: new RaftServerImpl for group-84675FD45F3E:[d32aef98-15ff-4f71-8b11-028ad1cc7fea:192.168.69.97:39849, 8209c85d-39f9-4a74-84fb-f0898ccad9a7:192.168.69.97:36323, 35c1fd35-3817-4b47-af94-957c0cb692c1:192.168.69.97:32864] with ContainerStateMachine:uninitialized
2019-07-09 17:08:34,386 INFO  server.RaftServerConfigKeys (ConfUtils.java:logGet(43)) - raft.server.sleep.deviation.threshold = 300 (default)
2019-07-09 17:08:34,387 INFO  server.RaftServerConfigKeys (ConfUtils.java:logGet(43)) - raft.server.rpc.timeout.min = 1s (custom)
2019-07-09 17:08:34,387 INFO  server.RaftServerConfigKeys (ConfUtils.java:logGet(43)) - raft.server.log.appender.install.snapshot.enabled = false (custom)
2019-07-09 17:08:34,387 INFO  server.RaftServerConfigKeys (ConfUtils.java:logGet(43)) - raft.server.rpc.timeout.max = 1200ms (custom)
2019-07-09 17:08:34,388 INFO  impl.RaftServerImpl (ServerState.java:<init>(105)) - 35c1fd35-3817-4b47-af94-957c0cb692c1:group-84675FD45F3E ConfigurationManager, init=-1: [d32aef98-15ff-4f71-8b11-028ad1cc7fea:192.168.69.97:39849, 8209c85d-39f9-4a74-84fb-f0898ccad9a7:192.168.69.97:36323, 35c1fd35-3817-4b47-af94-957c0cb692c1:192.168.69.97:32864], old=null, confs=<EMPTY_MAP>
2019-07-09 17:08:34,389 INFO  server.RaftServerConfigKeys (ConfUtils.java:logGet(43)) - raft.server.rpcslowness.timeout = 120s (custom)
2019-07-09 17:08:34,389 INFO  server.RaftServerConfigKeys (ConfUtils.java:logGet(43)) - raft.server.storage.dir = [/tmp/workdir/hadoop-ozone/tools/target/test-dir/MiniOzoneClusterImpl-91d4c584-90e5-4e69-854f-7e81d72c7177/datanode-2/data/ratis] (custom)
2019-07-09 17:08:34,389 INFO  server.RaftServerConfigKeys (ConfUtils.java:logGet(43)) - raft.server.sleep.deviation.threshold = 300 (default)
2019-07-09 17:08:34,389 INFO  impl.RaftServerProxy (RaftServerProxy.java:addNew(89)) - 8209c85d-39f9-4a74-84fb-f0898ccad9a7: addNew group-84675FD45F3E:[d32aef98-15ff-4f71-8b11-028ad1cc7fea:192.168.69.97:39849, 8209c85d-39f9-4a74-84fb-f0898ccad9a7:192.168.69.97:36323, 35c1fd35-3817-4b47-af94-957c0cb692c1:192.168.69.97:32864] returns group-84675FD45F3E:java.util.concurrent.CompletableFuture@38bddfa3[Not completed]
2019-07-09 17:08:34,389 INFO  storage.RaftStorageDirectory (RaftStorageDirectory.java:analyzeStorage(246)) - The storage directory /tmp/workdir/hadoop-ozone/tools/target/test-dir/MiniOzoneClusterImpl-91d4c584-90e5-4e69-854f-7e81d72c7177/datanode-2/data/ratis/502a339f-9fcc-4f38-ac7f-84675fd45f3e does not exist. Creating ...
2019-07-09 17:08:34,389 INFO  server.RaftServerConfigKeys (ConfUtils.java:logGet(43)) - raft.server.log.appender.install.snapshot.enabled = false (custom)
2019-07-09 17:08:34,390 INFO  impl.RaftServerImpl (ServerState.java:<init>(105)) - d32aef98-15ff-4f71-8b11-028ad1cc7fea:group-84675FD45F3E ConfigurationManager, init=-1: [d32aef98-15ff-4f71-8b11-028ad1cc7fea:192.168.69.97:39849, 8209c85d-39f9-4a74-84fb-f0898ccad9a7:192.168.69.97:36323, 35c1fd35-3817-4b47-af94-957c0cb692c1:192.168.69.97:32864], old=null, confs=<EMPTY_MAP>
2019-07-09 17:08:34,390 INFO  impl.RaftServerImpl (RaftServerImpl.java:<init>(93)) - 8209c85d-39f9-4a74-84fb-f0898ccad9a7: new RaftServerImpl for group-84675FD45F3E:[d32aef98-15ff-4f71-8b11-028ad1cc7fea:192.168.69.97:39849, 8209c85d-39f9-4a74-84fb-f0898ccad9a7:192.168.69.97:36323, 35c1fd35-3817-4b47-af94-957c0cb692c1:192.168.69.97:32864] with ContainerStateMachine:uninitialized
2019-07-09 17:08:34,390 INFO  server.RaftServerConfigKeys (ConfUtils.java:logGet(43)) - raft.server.storage.dir = [/tmp/workdir/hadoop-ozone/tools/target/test-dir/MiniOzoneClusterImpl-91d4c584-90e5-4e69-854f-7e81d72c7177/datanode-1/data/ratis] (custom)
2019-07-09 17:08:34,391 INFO  server.RaftServerConfigKeys (ConfUtils.java:logGet(43)) - raft.server.rpc.timeout.min = 1s (custom)
2019-07-09 17:08:34,391 INFO  server.RaftServerConfigKeys (ConfUtils.java:logGet(43)) - raft.server.rpc.timeout.max = 1200ms (custom)
2019-07-09 17:08:34,391 INFO  storage.RaftStorageDirectory (RaftStorageDirectory.java:analyzeStorage(246)) - The storage directory /tmp/workdir/hadoop-ozone/tools/target/test-dir/MiniOzoneClusterImpl-91d4c584-90e5-4e69-854f-7e81d72c7177/datanode-1/data/ratis/502a339f-9fcc-4f38-ac7f-84675fd45f3e does not exist. Creating ...
2019-07-09 17:08:34,391 INFO  server.RaftServerConfigKeys (ConfUtils.java:logGet(43)) - raft.server.rpcslowness.timeout = 120s (custom)
2019-07-09 17:08:34,392 INFO  server.RaftServerConfigKeys (ConfUtils.java:logGet(43)) - raft.server.sleep.deviation.threshold = 300 (default)
2019-07-09 17:08:34,392 INFO  server.RaftServerConfigKeys (ConfUtils.java:logGet(43)) - raft.server.log.appender.install.snapshot.enabled = false (custom)
2019-07-09 17:08:34,392 INFO  impl.RaftServerImpl (ServerState.java:<init>(105)) - 8209c85d-39f9-4a74-84fb-f0898ccad9a7:group-84675FD45F3E ConfigurationManager, init=-1: [d32aef98-15ff-4f71-8b11-028ad1cc7fea:192.168.69.97:39849, 8209c85d-39f9-4a74-84fb-f0898ccad9a7:192.168.69.97:36323, 35c1fd35-3817-4b47-af94-957c0cb692c1:192.168.69.97:32864], old=null, confs=<EMPTY_MAP>
2019-07-09 17:08:34,393 INFO  server.RaftServerConfigKeys (ConfUtils.java:logGet(43)) - raft.server.storage.dir = [/tmp/workdir/hadoop-ozone/tools/target/test-dir/MiniOzoneClusterImpl-91d4c584-90e5-4e69-854f-7e81d72c7177/datanode-0/data/ratis] (custom)
2019-07-09 17:08:34,393 INFO  storage.RaftStorageDirectory (RaftStorageDirectory.java:analyzeStorage(246)) - The storage directory /tmp/workdir/hadoop-ozone/tools/target/test-dir/MiniOzoneClusterImpl-91d4c584-90e5-4e69-854f-7e81d72c7177/datanode-0/data/ratis/502a339f-9fcc-4f38-ac7f-84675fd45f3e does not exist. Creating ...
2019-07-09 17:08:34,403 INFO  storage.RaftStorageDirectory (RaftStorageDirectory.java:tryLock(328)) - Lock on /tmp/workdir/hadoop-ozone/tools/target/test-dir/MiniOzoneClusterImpl-91d4c584-90e5-4e69-854f-7e81d72c7177/datanode-0/data/ratis/502a339f-9fcc-4f38-ac7f-84675fd45f3e/in_use.lock acquired by nodename 21157@hdds1735-xzvmn-2245274162
2019-07-09 17:08:34,403 INFO  storage.RaftStorageDirectory (RaftStorageDirectory.java:tryLock(328)) - Lock on /tmp/workdir/hadoop-ozone/tools/target/test-dir/MiniOzoneClusterImpl-91d4c584-90e5-4e69-854f-7e81d72c7177/datanode-1/data/ratis/502a339f-9fcc-4f38-ac7f-84675fd45f3e/in_use.lock acquired by nodename 21157@hdds1735-xzvmn-2245274162
2019-07-09 17:08:34,403 INFO  storage.RaftStorageDirectory (RaftStorageDirectory.java:tryLock(328)) - Lock on /tmp/workdir/hadoop-ozone/tools/target/test-dir/MiniOzoneClusterImpl-91d4c584-90e5-4e69-854f-7e81d72c7177/datanode-2/data/ratis/502a339f-9fcc-4f38-ac7f-84675fd45f3e/in_use.lock acquired by nodename 21157@hdds1735-xzvmn-2245274162
2019-07-09 17:08:34,417 INFO  storage.RaftStorage (RaftStorage.java:format(72)) - Storage directory /tmp/workdir/hadoop-ozone/tools/target/test-dir/MiniOzoneClusterImpl-91d4c584-90e5-4e69-854f-7e81d72c7177/datanode-0/data/ratis/502a339f-9fcc-4f38-ac7f-84675fd45f3e has been successfully formatted.
2019-07-09 17:08:34,417 INFO  storage.RaftStorage (RaftStorage.java:format(72)) - Storage directory /tmp/workdir/hadoop-ozone/tools/target/test-dir/MiniOzoneClusterImpl-91d4c584-90e5-4e69-854f-7e81d72c7177/datanode-1/data/ratis/502a339f-9fcc-4f38-ac7f-84675fd45f3e has been successfully formatted.
2019-07-09 17:08:34,417 INFO  storage.RaftStorage (RaftStorage.java:format(72)) - Storage directory /tmp/workdir/hadoop-ozone/tools/target/test-dir/MiniOzoneClusterImpl-91d4c584-90e5-4e69-854f-7e81d72c7177/datanode-2/data/ratis/502a339f-9fcc-4f38-ac7f-84675fd45f3e has been successfully formatted.
2019-07-09 17:08:34,418 INFO  ratis.ContainerStateMachine (ContainerStateMachine.java:loadSnapshot(198)) - The snapshot info is null.Setting the last applied index to:(t:0, i:~)
2019-07-09 17:08:34,418 INFO  ratis.ContainerStateMachine (ContainerStateMachine.java:loadSnapshot(198)) - The snapshot info is null.Setting the last applied index to:(t:0, i:~)
2019-07-09 17:08:34,418 INFO  server.RaftServerConfigKeys (ConfUtils.java:logGet(43)) - raft.server.leader.election.timeout = 120s (custom)
2019-07-09 17:08:34,418 INFO  ratis.ContainerStateMachine (ContainerStateMachine.java:loadSnapshot(198)) - The snapshot info is null.Setting the last applied index to:(t:0, i:~)
2019-07-09 17:08:34,418 INFO  server.RaftServerConfigKeys (ConfUtils.java:logGet(43)) - raft.server.log.use.memory = false (default)
2019-07-09 17:08:34,418 INFO  server.RaftServerConfigKeys (ConfUtils.java:logGet(43)) - raft.server.leader.election.timeout = 120s (custom)
2019-07-09 17:08:34,419 INFO  server.RaftServerConfigKeys (ConfUtils.java:logGet(43)) - raft.server.log.purge.gap = 1000000000 (custom)
2019-07-09 17:08:34,419 INFO  server.RaftServerConfigKeys (ConfUtils.java:logGet(43)) - raft.server.leader.election.timeout = 120s (custom)
2019-07-09 17:08:34,419 INFO  server.RaftServerConfigKeys (ConfUtils.java:logGet(43)) - raft.server.log.appender.buffer.byte-limit = 33554432 (custom)
2019-07-09 17:08:34,419 INFO  server.RaftServerConfigKeys (ConfUtils.java:logGet(43)) - raft.server.log.use.memory = false (default)
2019-07-09 17:08:34,420 INFO  server.RaftServerConfigKeys (ConfUtils.java:logGet(43)) - raft.server.log.segment.size.max = 1048576 (custom)
2019-07-09 17:08:34,419 INFO  server.RaftServerConfigKeys (ConfUtils.java:logGet(43)) - raft.server.log.use.memory = false (default)
2019-07-09 17:08:34,420 INFO  server.RaftServerConfigKeys (ConfUtils.java:logGet(43)) - raft.server.log.segment.cache.num.max = 2 (custom)
2019-07-09 17:08:34,420 INFO  server.RaftServerConfigKeys (ConfUtils.java:logGet(43)) - raft.server.log.purge.gap = 1000000000 (custom)
2019-07-09 17:08:34,420 INFO  segmented.SegmentedRaftLogWorker (SegmentedRaftLogWorker.java:<init>(172)) - new d32aef98-15ff-4f71-8b11-028ad1cc7fea-SegmentedRaftLogWorker:Storage Directory /tmp/workdir/hadoop-ozone/tools/target/test-dir/MiniOzoneClusterImpl-91d4c584-90e5-4e69-854f-7e81d72c7177/datanode-1/data/ratis/502a339f-9fcc-4f38-ac7f-84675fd45f3e for RaftStorage:Storage Directory /tmp/workdir/hadoop-ozone/tools/target/test-dir/MiniOzoneClusterImpl-91d4c584-90e5-4e69-854f-7e81d72c7177/datanode-1/data/ratis/502a339f-9fcc-4f38-ac7f-84675fd45f3e
2019-07-09 17:08:34,420 INFO  server.RaftServerConfigKeys (ConfUtils.java:logGet(43)) - raft.server.log.purge.gap = 1000000000 (custom)
2019-07-09 17:08:34,421 INFO  server.RaftServerConfigKeys (ConfUtils.java:logGet(43)) - raft.server.log.queue.byte-limit = 2147483647 (custom)
2019-07-09 17:08:34,420 INFO  server.RaftServerConfigKeys (ConfUtils.java:logGet(43)) - raft.server.log.appender.buffer.byte-limit = 33554432 (custom)
2019-07-09 17:08:34,422 INFO  server.RaftServerConfigKeys (ConfUtils.java:logGet(43)) - raft.server.log.queue.element-limit = 1024 (custom)
2019-07-09 17:08:34,421 INFO  server.RaftServerConfigKeys (ConfUtils.java:logGet(43)) - raft.server.log.appender.buffer.byte-limit = 33554432 (custom)
2019-07-09 17:08:34,422 INFO  server.RaftServerConfigKeys (ConfUtils.java:logGet(43)) - raft.server.log.segment.size.max = 1048576 (custom)
2019-07-09 17:08:34,422 INFO  server.RaftServerConfigKeys (ConfUtils.java:logGet(43)) - raft.server.log.segment.size.max = 1048576 (custom)
2019-07-09 17:08:34,423 INFO  server.RaftServerConfigKeys (ConfUtils.java:logGet(43)) - raft.server.log.preallocated.size = 16384 (custom)
2019-07-09 17:08:34,422 INFO  server.RaftServerConfigKeys (ConfUtils.java:logGet(43)) - raft.server.log.segment.size.max = 1048576 (custom)
2019-07-09 17:08:34,423 INFO  server.RaftServerConfigKeys (ConfUtils.java:logGet(43)) - raft.server.log.write.buffer.size = 33554432 (custom)
2019-07-09 17:08:34,423 INFO  server.RaftServerConfigKeys (ConfUtils.java:logGet(43)) - raft.server.log.segment.cache.num.max = 2 (custom)
2019-07-09 17:08:34,423 INFO  server.RaftServerConfigKeys (ConfUtils.java:logGet(43)) - raft.server.log.force.sync.num = 128 (default)
2019-07-09 17:08:34,423 INFO  server.RaftServerConfigKeys (ConfUtils.java:logGet(43)) - raft.server.log.segment.cache.num.max = 2 (custom)
2019-07-09 17:08:34,423 INFO  server.RaftServerConfigKeys (ConfUtils.java:logGet(43)) - raft.server.log.statemachine.data.sync = true (default)
2019-07-09 17:08:34,423 INFO  segmented.SegmentedRaftLogWorker (SegmentedRaftLogWorker.java:<init>(172)) - new 8209c85d-39f9-4a74-84fb-f0898ccad9a7-SegmentedRaftLogWorker:Storage Directory /tmp/workdir/hadoop-ozone/tools/target/test-dir/MiniOzoneClusterImpl-91d4c584-90e5-4e69-854f-7e81d72c7177/datanode-0/data/ratis/502a339f-9fcc-4f38-ac7f-84675fd45f3e for RaftStorage:Storage Directory /tmp/workdir/hadoop-ozone/tools/target/test-dir/MiniOzoneClusterImpl-91d4c584-90e5-4e69-854f-7e81d72c7177/datanode-0/data/ratis/502a339f-9fcc-4f38-ac7f-84675fd45f3e
2019-07-09 17:08:34,424 INFO  server.RaftServerConfigKeys (ConfUtils.java:logGet(43)) - raft.server.log.statemachine.data.sync.timeout = 10s (default)
2019-07-09 17:08:34,424 INFO  segmented.SegmentedRaftLogWorker (SegmentedRaftLogWorker.java:<init>(172)) - new 35c1fd35-3817-4b47-af94-957c0cb692c1-SegmentedRaftLogWorker:Storage Directory /tmp/workdir/hadoop-ozone/tools/target/test-dir/MiniOzoneClusterImpl-91d4c584-90e5-4e69-854f-7e81d72c7177/datanode-2/data/ratis/502a339f-9fcc-4f38-ac7f-84675fd45f3e for RaftStorage:Storage Directory /tmp/workdir/hadoop-ozone/tools/target/test-dir/MiniOzoneClusterImpl-91d4c584-90e5-4e69-854f-7e81d72c7177/datanode-2/data/ratis/502a339f-9fcc-4f38-ac7f-84675fd45f3e
2019-07-09 17:08:34,425 INFO  server.RaftServerConfigKeys (ConfUtils.java:logGet(43)) - raft.server.log.statemachine.data.sync.timeout.retry = -1 (default)
2019-07-09 17:08:34,424 INFO  server.RaftServerConfigKeys (ConfUtils.java:logGet(43)) - raft.server.log.queue.byte-limit = 2147483647 (custom)
2019-07-09 17:08:34,425 INFO  server.RaftServerConfigKeys (ConfUtils.java:logGet(43)) - raft.server.log.queue.byte-limit = 2147483647 (custom)
2019-07-09 17:08:34,427 INFO  server.RaftServerConfigKeys (ConfUtils.java:logGet(43)) - raft.server.log.statemachine.data.caching.enabled = true (custom)
2019-07-09 17:08:34,427 INFO  server.RaftServerConfigKeys (ConfUtils.java:logGet(43)) - raft.server.log.queue.element-limit = 1024 (custom)
2019-07-09 17:08:34,427 INFO  server.RaftServerConfigKeys (ConfUtils.java:logGet(43)) - raft.server.log.queue.element-limit = 1024 (custom)
2019-07-09 17:08:34,427 INFO  server.RaftServerConfigKeys (ConfUtils.java:logGet(43)) - raft.server.log.segment.size.max = 1048576 (custom)
2019-07-09 17:08:34,428 INFO  segmented.SegmentedRaftLogWorker (SegmentedRaftLogWorker.java:lambda$new$0(132)) - d32aef98-15ff-4f71-8b11-028ad1cc7fea-SegmentedRaftLogWorker:Storage Directory /tmp/workdir/hadoop-ozone/tools/target/test-dir/MiniOzoneClusterImpl-91d4c584-90e5-4e69-854f-7e81d72c7177/datanode-1/data/ratis/502a339f-9fcc-4f38-ac7f-84675fd45f3e: flushIndex: setUnconditionally 0 -> -1
2019-07-09 17:08:34,428 INFO  server.RaftServerConfigKeys (ConfUtils.java:logGet(43)) - raft.server.log.segment.size.max = 1048576 (custom)
2019-07-09 17:08:34,428 INFO  server.RaftServerConfigKeys (ConfUtils.java:logGet(43)) - raft.server.log.preallocated.size = 16384 (custom)
2019-07-09 17:08:34,428 INFO  server.RaftServerConfigKeys (ConfUtils.java:logGet(43)) - raft.server.snapshot.auto.trigger.enabled = true (custom)
2019-07-09 17:08:34,428 INFO  server.RaftServerConfigKeys (ConfUtils.java:logGet(43)) - raft.server.log.preallocated.size = 16384 (custom)
2019-07-09 17:08:34,428 INFO  server.RaftServerConfigKeys (ConfUtils.java:logGet(43)) - raft.server.snapshot.auto.trigger.threshold = 10000 (custom)
2019-07-09 17:08:34,428 INFO  server.RaftServerConfigKeys (ConfUtils.java:logGet(43)) - raft.server.log.write.buffer.size = 33554432 (custom)
2019-07-09 17:08:34,429 INFO  server.RaftServerConfigKeys (ConfUtils.java:logGet(43)) - raft.server.log.write.buffer.size = 33554432 (custom)
2019-07-09 17:08:34,429 INFO  server.RaftServerConfigKeys (ConfUtils.java:logGet(43)) - raft.server.log.force.sync.num = 128 (default)
2019-07-09 17:08:34,429 INFO  server.RaftServerConfigKeys (ConfUtils.java:logGet(43)) - raft.server.retrycache.expirytime = 600000ms (custom)
2019-07-09 17:08:34,429 INFO  server.RaftServerConfigKeys (ConfUtils.java:logGet(43)) - raft.server.log.statemachine.data.sync = true (default)
2019-07-09 17:08:34,429 INFO  server.RaftServerConfigKeys (ConfUtils.java:logGet(43)) - raft.server.log.force.sync.num = 128 (default)
2019-07-09 17:08:34,429 INFO  impl.RaftServerImpl (RaftServerImpl.java:start(180)) - d32aef98-15ff-4f71-8b11-028ad1cc7fea: start group-84675FD45F3E
2019-07-09 17:08:34,429 INFO  server.RaftServerConfigKeys (ConfUtils.java:logGet(43)) - raft.server.log.statemachine.data.sync.timeout = 10s (default)
2019-07-09 17:08:34,430 INFO  impl.RaftServerImpl (RaftServerImpl.java:setRole(171)) - d32aef98-15ff-4f71-8b11-028ad1cc7fea:group-84675FD45F3E changes role from null to FOLLOWER at term 0 for startAsFollower
2019-07-09 17:08:34,430 INFO  server.RaftServerConfigKeys (ConfUtils.java:logGet(43)) - raft.server.log.statemachine.data.sync = true (default)
2019-07-09 17:08:34,430 INFO  impl.RoleInfo (RoleInfo.java:updateAndGet(143)) - d32aef98-15ff-4f71-8b11-028ad1cc7fea: start FollowerState
2019-07-09 17:08:34,430 INFO  server.RaftServerConfigKeys (ConfUtils.java:logGet(43)) - raft.server.log.statemachine.data.sync.timeout.retry = -1 (default)
2019-07-09 17:08:34,430 INFO  server.RaftServerConfigKeys (ConfUtils.java:logGet(43)) - raft.server.log.statemachine.data.sync.timeout = 10s (default)
2019-07-09 17:08:34,430 INFO  server.RaftServerConfigKeys (ConfUtils.java:logGet(43)) - raft.server.log.statemachine.data.caching.enabled = true (custom)
2019-07-09 17:08:34,431 INFO  util.JmxRegister (JmxRegister.java:tryRegister(44)) - Successfully registered JMX Bean with object name Ratis:service=RaftServer,group=group-84675FD45F3E,id=d32aef98-15ff-4f71-8b11-028ad1cc7fea
2019-07-09 17:08:34,431 INFO  server.RaftServerConfigKeys (ConfUtils.java:logGet(43)) - raft.server.log.statemachine.data.sync.timeout.retry = -1 (default)
2019-07-09 17:08:34,431 INFO  segmented.SegmentedRaftLogWorker (SegmentedRaftLogWorker.java:lambda$new$0(132)) - 8209c85d-39f9-4a74-84fb-f0898ccad9a7-SegmentedRaftLogWorker:Storage Directory /tmp/workdir/hadoop-ozone/tools/target/test-dir/MiniOzoneClusterImpl-91d4c584-90e5-4e69-854f-7e81d72c7177/datanode-0/data/ratis/502a339f-9fcc-4f38-ac7f-84675fd45f3e: flushIndex: setUnconditionally 0 -> -1
2019-07-09 17:08:34,431 INFO  server.RaftServerConfigKeys (ConfUtils.java:logGet(43)) - raft.server.log.statemachine.data.caching.enabled = true (custom)
2019-07-09 17:08:34,431 INFO  server.RaftServerConfigKeys (ConfUtils.java:logGet(43)) - raft.server.snapshot.auto.trigger.enabled = true (custom)
2019-07-09 17:08:34,431 INFO  segmented.SegmentedRaftLogWorker (SegmentedRaftLogWorker.java:lambda$new$0(132)) - 35c1fd35-3817-4b47-af94-957c0cb692c1-SegmentedRaftLogWorker:Storage Directory /tmp/workdir/hadoop-ozone/tools/target/test-dir/MiniOzoneClusterImpl-91d4c584-90e5-4e69-854f-7e81d72c7177/datanode-2/data/ratis/502a339f-9fcc-4f38-ac7f-84675fd45f3e: flushIndex: setUnconditionally 0 -> -1
2019-07-09 17:08:34,431 INFO  server.RaftServerConfigKeys (ConfUtils.java:logGet(43)) - raft.server.snapshot.auto.trigger.threshold = 10000 (custom)
2019-07-09 17:08:34,432 INFO  server.RaftServerConfigKeys (ConfUtils.java:logGet(43)) - raft.server.snapshot.auto.trigger.enabled = true (custom)
2019-07-09 17:08:34,432 INFO  server.RaftServerConfigKeys (ConfUtils.java:logGet(43)) - raft.server.retrycache.expirytime = 600000ms (custom)
2019-07-09 17:08:34,432 INFO  server.RaftServerConfigKeys (ConfUtils.java:logGet(43)) - raft.server.snapshot.auto.trigger.threshold = 10000 (custom)
2019-07-09 17:08:34,432 INFO  impl.RaftServerImpl (RaftServerImpl.java:start(180)) - 8209c85d-39f9-4a74-84fb-f0898ccad9a7: start group-84675FD45F3E
2019-07-09 17:08:34,432 INFO  server.RaftServerConfigKeys (ConfUtils.java:logGet(43)) - raft.server.retrycache.expirytime = 600000ms (custom)
2019-07-09 17:08:34,432 INFO  impl.RaftServerImpl (RaftServerImpl.java:setRole(171)) - 8209c85d-39f9-4a74-84fb-f0898ccad9a7:group-84675FD45F3E changes role from null to FOLLOWER at term 0 for startAsFollower
2019-07-09 17:08:34,433 INFO  impl.RaftServerImpl (RaftServerImpl.java:start(180)) - 35c1fd35-3817-4b47-af94-957c0cb692c1: start group-84675FD45F3E
2019-07-09 17:08:34,434 INFO  impl.RoleInfo (RoleInfo.java:updateAndGet(143)) - 8209c85d-39f9-4a74-84fb-f0898ccad9a7: start FollowerState
2019-07-09 17:08:34,434 INFO  impl.RaftServerImpl (RaftServerImpl.java:setRole(171)) - 35c1fd35-3817-4b47-af94-957c0cb692c1:group-84675FD45F3E changes role from null to FOLLOWER at term 0 for startAsFollower
2019-07-09 17:08:34,435 INFO  impl.RoleInfo (RoleInfo.java:updateAndGet(143)) - 35c1fd35-3817-4b47-af94-957c0cb692c1: start FollowerState
2019-07-09 17:08:34,435 INFO  util.JmxRegister (JmxRegister.java:tryRegister(44)) - Successfully registered JMX Bean with object name Ratis:service=RaftServer,group=group-84675FD45F3E,id=8209c85d-39f9-4a74-84fb-f0898ccad9a7
2019-07-09 17:08:34,435 INFO  util.JmxRegister (JmxRegister.java:tryRegister(44)) - Successfully registered JMX Bean with object name Ratis:service=RaftServer,group=group-84675FD45F3E,id=35c1fd35-3817-4b47-af94-957c0cb692c1
2019-07-09 17:08:34,457 INFO  pipeline.PipelineStateManager (PipelineStateManager.java:addPipeline(56)) - Created pipeline Pipeline[ Id: 502a339f-9fcc-4f38-ac7f-84675fd45f3e, Nodes: d32aef98-15ff-4f71-8b11-028ad1cc7fea{ip: 192.168.69.97, host: hdds1735-xzvmn-2245274162, networkLocation: /default-rack, certSerialId: null}8209c85d-39f9-4a74-84fb-f0898ccad9a7{ip: 192.168.69.97, host: hdds1735-xzvmn-2245274162, networkLocation: /default-rack, certSerialId: null}35c1fd35-3817-4b47-af94-957c0cb692c1{ip: 192.168.69.97, host: hdds1735-xzvmn-2245274162, networkLocation: /default-rack, certSerialId: null}, Type:RATIS, Factor:THREE, State:OPEN]
2019-07-09 17:08:34,468 INFO  ozone.MiniOzoneClusterImpl (MiniOzoneClusterImpl.java:lambda$waitForClusterToBeReady$0(142)) - Cluster is ready. Got 3 of 3 DN Heartbeats.
2019-07-09 17:08:34,880 INFO  freon.RandomKeyGenerator (RandomKeyGenerator.java:call(262)) - Number of Threads: 10
2019-07-09 17:08:34,880 INFO  freon.RandomKeyGenerator (RandomKeyGenerator.java:call(267)) - Number of Volumes: 1.
2019-07-09 17:08:34,881 INFO  freon.RandomKeyGenerator (RandomKeyGenerator.java:call(268)) - Number of Buckets per Volume: 1.
2019-07-09 17:08:34,881 INFO  freon.RandomKeyGenerator (RandomKeyGenerator.java:call(269)) - Number of Keys per Bucket: 1.
2019-07-09 17:08:34,881 INFO  freon.RandomKeyGenerator (RandomKeyGenerator.java:call(270)) - Key size: 20971520 bytes
2019-07-09 17:08:34,881 INFO  freon.RandomKeyGenerator (RandomKeyGenerator.java:call(271)) - Buffer size: 4096 bytes
2019-07-09 17:08:34,883 INFO  freon.RandomKeyGenerator (RandomKeyGenerator.java:call(286)) - Data validation is enabled.
2019-07-09 17:08:34,884 INFO  freon.RandomKeyGenerator (RandomKeyGenerator.java:call(299)) - Starting progress bar Thread.

 0.00% |█                                                                                                    |  0/1 Time: 0:00:002019-07-09 17:08:34,923 INFO  rpc.RpcClient (RpcClient.java:createVolume(289)) - Creating Volume: vol-0-80129, with jenkins1000 as owner.
2019-07-09 17:08:34,971 INFO  rpc.RpcClient (RpcClient.java:createBucket(426)) - Creating Bucket: vol-0-80129/bucket-0-13037, with Versioning false and Storage Type set to DISK and Encryption set to false 
2019-07-09 17:08:35,138 INFO  impl.FollowerState (FollowerState.java:run(106)) - 8209c85d-39f9-4a74-84fb-f0898ccad9a7:group-451E58823C37 changes to CANDIDATE, lastRpcTime:1057, electionTimeout:1056ms
2019-07-09 17:08:35,138 INFO  impl.RoleInfo (RoleInfo.java:shutdownFollowerState(121)) - 8209c85d-39f9-4a74-84fb-f0898ccad9a7: shutdown FollowerState
2019-07-09 17:08:35,139 INFO  impl.RaftServerImpl (RaftServerImpl.java:setRole(171)) - 8209c85d-39f9-4a74-84fb-f0898ccad9a7:group-451E58823C37 changes role from FOLLOWER to CANDIDATE at term 0 for changeToCandidate
2019-07-09 17:08:35,144 INFO  impl.RoleInfo (RoleInfo.java:updateAndGet(143)) - 8209c85d-39f9-4a74-84fb-f0898ccad9a7: start LeaderElection
2019-07-09 17:08:35,162 INFO  impl.LeaderElection (LeaderElection.java:askForVotes(181)) - 8209c85d-39f9-4a74-84fb-f0898ccad9a7:group-451E58823C37:LeaderElection1: begin an election at term 1 for -1: [8209c85d-39f9-4a74-84fb-f0898ccad9a7:192.168.69.97:36323], old=null
2019-07-09 17:08:35,164 INFO  impl.RoleInfo (RoleInfo.java:shutdownLeaderElection(134)) - 8209c85d-39f9-4a74-84fb-f0898ccad9a7: shutdown LeaderElection
2019-07-09 17:08:35,164 INFO  impl.RaftServerImpl (RaftServerImpl.java:setRole(171)) - 8209c85d-39f9-4a74-84fb-f0898ccad9a7:group-451E58823C37 changes role from CANDIDATE to LEADER at term 1 for changeToLeader
2019-07-09 17:08:35,165 INFO  impl.RaftServerImpl (ServerState.java:setLeader(263)) - 8209c85d-39f9-4a74-84fb-f0898ccad9a7:group-451E58823C37 change Leader from null to 8209c85d-39f9-4a74-84fb-f0898ccad9a7 at term 1 for becomeLeader, leader elected after 1483ms
2019-07-09 17:08:35,172 INFO  server.RaftServerConfigKeys (ConfUtils.java:logGet(43)) - raft.server.staging.catchup.gap = 1000 (default)
2019-07-09 17:08:35,172 INFO  server.RaftServerConfigKeys (ConfUtils.java:logGet(43)) - raft.server.rpc.sleep.time = 25ms (default)
2019-07-09 17:08:35,175 INFO  server.RaftServerConfigKeys (ConfUtils.java:logGet(43)) - raft.server.write.element-limit = 4096 (default)
2019-07-09 17:08:35,179 INFO  server.RaftServerConfigKeys (ConfUtils.java:logGet(43)) - raft.server.watch.timeout = 10s (default)
2019-07-09 17:08:35,180 INFO  server.RaftServerConfigKeys (ConfUtils.java:logGet(43)) - raft.server.watch.timeout.denomination = 1s (default)
2019-07-09 17:08:35,181 INFO  server.RaftServerConfigKeys (ConfUtils.java:logGet(43)) - raft.server.watch.element-limit = 65536 (default)
2019-07-09 17:08:35,190 INFO  impl.RoleInfo (RoleInfo.java:updateAndGet(143)) - 8209c85d-39f9-4a74-84fb-f0898ccad9a7: start LeaderState
2019-07-09 17:08:35,214 INFO  segmented.SegmentedRaftLogWorker (SegmentedRaftLogWorker.java:startLogSegment(380)) - 8209c85d-39f9-4a74-84fb-f0898ccad9a7-SegmentedRaftLogWorker:Storage Directory /tmp/workdir/hadoop-ozone/tools/target/test-dir/MiniOzoneClusterImpl-91d4c584-90e5-4e69-854f-7e81d72c7177/datanode-0/data/ratis/ce08d134-e129-46d1-966b-451e58823c37: Starting segment from index:0
2019-07-09 17:08:35,223 INFO  impl.RaftServerImpl (ServerState.java:setRaftConf(361)) - 8209c85d-39f9-4a74-84fb-f0898ccad9a7:group-451E58823C37 set configuration 0: [8209c85d-39f9-4a74-84fb-f0898ccad9a7:192.168.69.97:36323], old=null at 0
2019-07-09 17:08:35,278 INFO  client.GrpcClientProtocolClient (GrpcClientProtocolClient.java:onNext(255)) - client-281DBAF7DBCF->d32aef98-15ff-4f71-8b11-028ad1cc7fea: receive RaftClientReply:client-281DBAF7DBCF->d32aef98-15ff-4f71-8b11-028ad1cc7fea@group-84675FD45F3E, cid=6, FAILED org.apache.ratis.protocol.NotLeaderException: Server d32aef98-15ff-4f71-8b11-028ad1cc7fea is not the leader (null). Request must be sent to leader., logIndex=0, commits[d32aef98-15ff-4f71-8b11-028ad1cc7fea:c-1]
2019-07-09 17:08:35,422 INFO  impl.FollowerState (FollowerState.java:run(106)) - d32aef98-15ff-4f71-8b11-028ad1cc7fea:group-D61C66661146 changes to CANDIDATE, lastRpcTime:1171, electionTimeout:1170ms
2019-07-09 17:08:35,423 INFO  impl.RoleInfo (RoleInfo.java:shutdownFollowerState(121)) - d32aef98-15ff-4f71-8b11-028ad1cc7fea: shutdown FollowerState
2019-07-09 17:08:35,423 INFO  impl.RaftServerImpl (RaftServerImpl.java:setRole(171)) - d32aef98-15ff-4f71-8b11-028ad1cc7fea:group-D61C66661146 changes role from FOLLOWER to CANDIDATE at term 0 for changeToCandidate
2019-07-09 17:08:35,423 INFO  impl.RoleInfo (RoleInfo.java:updateAndGet(143)) - d32aef98-15ff-4f71-8b11-028ad1cc7fea: start LeaderElection
2019-07-09 17:08:35,436 INFO  impl.FollowerState (FollowerState.java:run(106)) - d32aef98-15ff-4f71-8b11-028ad1cc7fea:group-84675FD45F3E changes to CANDIDATE, lastRpcTime:1005, electionTimeout:1005ms
2019-07-09 17:08:35,436 INFO  impl.RoleInfo (RoleInfo.java:shutdownFollowerState(121)) - d32aef98-15ff-4f71-8b11-028ad1cc7fea: shutdown FollowerState
2019-07-09 17:08:35,436 INFO  impl.RaftServerImpl (RaftServerImpl.java:setRole(171)) - d32aef98-15ff-4f71-8b11-028ad1cc7fea:group-84675FD45F3E changes role from FOLLOWER to CANDIDATE at term 0 for changeToCandidate
2019-07-09 17:08:35,436 INFO  impl.RoleInfo (RoleInfo.java:updateAndGet(143)) - d32aef98-15ff-4f71-8b11-028ad1cc7fea: start LeaderElection
2019-07-09 17:08:35,440 INFO  segmented.SegmentedRaftLogWorker (SegmentedRaftLogWorker.java:execute(569)) - 8209c85d-39f9-4a74-84fb-f0898ccad9a7-SegmentedRaftLogWorker:Storage Directory /tmp/workdir/hadoop-ozone/tools/target/test-dir/MiniOzoneClusterImpl-91d4c584-90e5-4e69-854f-7e81d72c7177/datanode-0/data/ratis/ce08d134-e129-46d1-966b-451e58823c37: created new log segment /tmp/workdir/hadoop-ozone/tools/target/test-dir/MiniOzoneClusterImpl-91d4c584-90e5-4e69-854f-7e81d72c7177/datanode-0/data/ratis/ce08d134-e129-46d1-966b-451e58823c37/current/log_inprogress_0
2019-07-09 17:08:35,440 INFO  impl.LeaderElection (LeaderElection.java:askForVotes(181)) - d32aef98-15ff-4f71-8b11-028ad1cc7fea:group-D61C66661146:LeaderElection2: begin an election at term 1 for -1: [d32aef98-15ff-4f71-8b11-028ad1cc7fea:192.168.69.97:39849], old=null
2019-07-09 17:08:35,442 INFO  impl.RoleInfo (RoleInfo.java:shutdownLeaderElection(134)) - d32aef98-15ff-4f71-8b11-028ad1cc7fea: shutdown LeaderElection
2019-07-09 17:08:35,442 INFO  impl.RaftServerImpl (RaftServerImpl.java:setRole(171)) - d32aef98-15ff-4f71-8b11-028ad1cc7fea:group-D61C66661146 changes role from CANDIDATE to LEADER at term 1 for changeToLeader
2019-07-09 17:08:35,442 INFO  impl.RaftServerImpl (ServerState.java:setLeader(263)) - d32aef98-15ff-4f71-8b11-028ad1cc7fea:group-D61C66661146 change Leader from null to d32aef98-15ff-4f71-8b11-028ad1cc7fea at term 1 for becomeLeader, leader elected after 1200ms
2019-07-09 17:08:35,442 INFO  server.RaftServerConfigKeys (ConfUtils.java:logGet(43)) - raft.server.staging.catchup.gap = 1000 (default)
2019-07-09 17:08:35,443 INFO  server.RaftServerConfigKeys (ConfUtils.java:logGet(43)) - raft.server.rpc.sleep.time = 25ms (default)
2019-07-09 17:08:35,443 INFO  server.RaftServerConfigKeys (ConfUtils.java:logGet(43)) - raft.server.write.element-limit = 4096 (default)
2019-07-09 17:08:35,443 INFO  impl.LeaderElection (LeaderElection.java:askForVotes(181)) - d32aef98-15ff-4f71-8b11-028ad1cc7fea:group-84675FD45F3E:LeaderElection3: begin an election at term 1 for -1: [d32aef98-15ff-4f71-8b11-028ad1cc7fea:192.168.69.97:39849, 8209c85d-39f9-4a74-84fb-f0898ccad9a7:192.168.69.97:36323, 35c1fd35-3817-4b47-af94-957c0cb692c1:192.168.69.97:32864], old=null
2019-07-09 17:08:35,444 INFO  server.RaftServerConfigKeys (ConfUtils.java:logGet(43)) - raft.server.watch.timeout = 10s (default)
2019-07-09 17:08:35,444 INFO  server.RaftServerConfigKeys (ConfUtils.java:logGet(43)) - raft.server.watch.timeout.denomination = 1s (default)
2019-07-09 17:08:35,444 INFO  server.RaftServerConfigKeys (ConfUtils.java:logGet(43)) - raft.server.watch.element-limit = 65536 (default)
2019-07-09 17:08:35,445 INFO  impl.RoleInfo (RoleInfo.java:updateAndGet(143)) - d32aef98-15ff-4f71-8b11-028ad1cc7fea: start LeaderState
2019-07-09 17:08:35,445 INFO  segmented.SegmentedRaftLogWorker (SegmentedRaftLogWorker.java:startLogSegment(380)) - d32aef98-15ff-4f71-8b11-028ad1cc7fea-SegmentedRaftLogWorker:Storage Directory /tmp/workdir/hadoop-ozone/tools/target/test-dir/MiniOzoneClusterImpl-91d4c584-90e5-4e69-854f-7e81d72c7177/datanode-1/data/ratis/d625ff41-6955-46f3-80e0-d61c66661146: Starting segment from index:0
2019-07-09 17:08:35,446 INFO  impl.RaftServerImpl (ServerState.java:setRaftConf(361)) - d32aef98-15ff-4f71-8b11-028ad1cc7fea:group-D61C66661146 set configuration 0: [d32aef98-15ff-4f71-8b11-028ad1cc7fea:192.168.69.97:39849], old=null at 0
2019-07-09 17:08:35,464 INFO  impl.FollowerState (FollowerState.java:run(106)) - 8209c85d-39f9-4a74-84fb-f0898ccad9a7:group-84675FD45F3E changes to CANDIDATE, lastRpcTime:1030, electionTimeout:1029ms
2019-07-09 17:08:35,464 INFO  impl.RoleInfo (RoleInfo.java:shutdownFollowerState(121)) - 8209c85d-39f9-4a74-84fb-f0898ccad9a7: shutdown FollowerState
2019-07-09 17:08:35,465 INFO  impl.RaftServerImpl (RaftServerImpl.java:setRole(171)) - 8209c85d-39f9-4a74-84fb-f0898ccad9a7:group-84675FD45F3E changes role from FOLLOWER to CANDIDATE at term 0 for changeToCandidate
2019-07-09 17:08:35,465 INFO  impl.RoleInfo (RoleInfo.java:updateAndGet(143)) - 8209c85d-39f9-4a74-84fb-f0898ccad9a7: start LeaderElection
2019-07-09 17:08:35,471 INFO  segmented.SegmentedRaftLogWorker (SegmentedRaftLogWorker.java:execute(569)) - d32aef98-15ff-4f71-8b11-028ad1cc7fea-SegmentedRaftLogWorker:Storage Directory /tmp/workdir/hadoop-ozone/tools/target/test-dir/MiniOzoneClusterImpl-91d4c584-90e5-4e69-854f-7e81d72c7177/datanode-1/data/ratis/d625ff41-6955-46f3-80e0-d61c66661146: created new log segment /tmp/workdir/hadoop-ozone/tools/target/test-dir/MiniOzoneClusterImpl-91d4c584-90e5-4e69-854f-7e81d72c7177/datanode-1/data/ratis/d625ff41-6955-46f3-80e0-d61c66661146/current/log_inprogress_0
2019-07-09 17:08:35,475 INFO  impl.LeaderElection (LeaderElection.java:askForVotes(181)) - 8209c85d-39f9-4a74-84fb-f0898ccad9a7:group-84675FD45F3E:LeaderElection4: begin an election at term 1 for -1: [d32aef98-15ff-4f71-8b11-028ad1cc7fea:192.168.69.97:39849, 8209c85d-39f9-4a74-84fb-f0898ccad9a7:192.168.69.97:36323, 35c1fd35-3817-4b47-af94-957c0cb692c1:192.168.69.97:32864], old=null
2019-07-09 17:08:35,497 INFO  impl.RaftServerImpl (RaftServerImpl.java:setRole(171)) - 35c1fd35-3817-4b47-af94-957c0cb692c1:group-84675FD45F3E changes role from FOLLOWER to FOLLOWER at term 1 for recognizeCandidate:d32aef98-15ff-4f71-8b11-028ad1cc7fea
2019-07-09 17:08:35,498 INFO  impl.RoleInfo (RoleInfo.java:shutdownFollowerState(121)) - 35c1fd35-3817-4b47-af94-957c0cb692c1: shutdown FollowerState
2019-07-09 17:08:35,498 INFO  impl.RoleInfo (RoleInfo.java:updateAndGet(143)) - 35c1fd35-3817-4b47-af94-957c0cb692c1: start FollowerState
2019-07-09 17:08:35,498 INFO  impl.FollowerState (FollowerState.java:run(114)) - 35c1fd35-3817-4b47-af94-957c0cb692c1: FollowerState was interrupted: java.lang.InterruptedException: sleep interrupted
2019-07-09 17:08:35,508 INFO  impl.FollowerState (FollowerState.java:run(106)) - 35c1fd35-3817-4b47-af94-957c0cb692c1:group-A1275DB46659 changes to CANDIDATE, lastRpcTime:1178, electionTimeout:1177ms
2019-07-09 17:08:35,508 INFO  impl.RoleInfo (RoleInfo.java:shutdownFollowerState(121)) - 35c1fd35-3817-4b47-af94-957c0cb692c1: shutdown FollowerState
2019-07-09 17:08:35,509 INFO  impl.RaftServerImpl (RaftServerImpl.java:setRole(171)) - 35c1fd35-3817-4b47-af94-957c0cb692c1:group-A1275DB46659 changes role from FOLLOWER to CANDIDATE at term 0 for changeToCandidate
2019-07-09 17:08:35,511 INFO  impl.RoleInfo (RoleInfo.java:updateAndGet(143)) - 35c1fd35-3817-4b47-af94-957c0cb692c1: start LeaderElection
2019-07-09 17:08:35,529 INFO  impl.LeaderElection (LeaderElection.java:askForVotes(181)) - 35c1fd35-3817-4b47-af94-957c0cb692c1:group-A1275DB46659:LeaderElection5: begin an election at term 1 for -1: [35c1fd35-3817-4b47-af94-957c0cb692c1:192.168.69.97:32864], old=null
2019-07-09 17:08:35,529 INFO  impl.RoleInfo (RoleInfo.java:shutdownLeaderElection(134)) - 35c1fd35-3817-4b47-af94-957c0cb692c1: shutdown LeaderElection
2019-07-09 17:08:35,529 INFO  impl.RaftServerImpl (RaftServerImpl.java:setRole(171)) - 35c1fd35-3817-4b47-af94-957c0cb692c1:group-A1275DB46659 changes role from CANDIDATE to LEADER at term 1 for changeToLeader
2019-07-09 17:08:35,530 INFO  impl.RaftServerImpl (ServerState.java:setLeader(263)) - 35c1fd35-3817-4b47-af94-957c0cb692c1:group-A1275DB46659 change Leader from null to 35c1fd35-3817-4b47-af94-957c0cb692c1 at term 1 for becomeLeader, leader elected after 1205ms
2019-07-09 17:08:35,530 INFO  server.RaftServerConfigKeys (ConfUtils.java:logGet(43)) - raft.server.staging.catchup.gap = 1000 (default)
2019-07-09 17:08:35,530 INFO  server.RaftServerConfigKeys (ConfUtils.java:logGet(43)) - raft.server.rpc.sleep.time = 25ms (default)
2019-07-09 17:08:35,530 INFO  server.RaftServerConfigKeys (ConfUtils.java:logGet(43)) - raft.server.write.element-limit = 4096 (default)
2019-07-09 17:08:35,530 INFO  server.RaftServerConfigKeys (ConfUtils.java:logGet(43)) - raft.server.watch.timeout = 10s (default)
2019-07-09 17:08:35,531 INFO  server.RaftServerConfigKeys (ConfUtils.java:logGet(43)) - raft.server.watch.timeout.denomination = 1s (default)
2019-07-09 17:08:35,531 INFO  server.RaftServerConfigKeys (ConfUtils.java:logGet(43)) - raft.server.watch.element-limit = 65536 (default)
2019-07-09 17:08:35,533 INFO  impl.RoleInfo (RoleInfo.java:updateAndGet(143)) - 35c1fd35-3817-4b47-af94-957c0cb692c1: start LeaderState
2019-07-09 17:08:35,534 INFO  segmented.SegmentedRaftLogWorker (SegmentedRaftLogWorker.java:startLogSegment(380)) - 35c1fd35-3817-4b47-af94-957c0cb692c1-SegmentedRaftLogWorker:Storage Directory /tmp/workdir/hadoop-ozone/tools/target/test-dir/MiniOzoneClusterImpl-91d4c584-90e5-4e69-854f-7e81d72c7177/datanode-2/data/ratis/4634695b-5177-4999-a45a-a1275db46659: Starting segment from index:0
2019-07-09 17:08:35,537 INFO  impl.RaftServerImpl (ServerState.java:setRaftConf(361)) - 35c1fd35-3817-4b47-af94-957c0cb692c1:group-A1275DB46659 set configuration 0: [35c1fd35-3817-4b47-af94-957c0cb692c1:192.168.69.97:32864], old=null at 0
2019-07-09 17:08:35,554 INFO  impl.LeaderElection (LeaderElection.java:logAndReturn(56)) - 8209c85d-39f9-4a74-84fb-f0898ccad9a7:group-84675FD45F3E:LeaderElection4: Election REJECTED; received 2 response(s) [8209c85d-39f9-4a74-84fb-f0898ccad9a7<-d32aef98-15ff-4f71-8b11-028ad1cc7fea#0:FAIL-t1, 8209c85d-39f9-4a74-84fb-f0898ccad9a7<-35c1fd35-3817-4b47-af94-957c0cb692c1#0:FAIL-t1] and 0 exception(s); 8209c85d-39f9-4a74-84fb-f0898ccad9a7:t1, leader=null, voted=8209c85d-39f9-4a74-84fb-f0898ccad9a7, raftlog=8209c85d-39f9-4a74-84fb-f0898ccad9a7-SegmentedRaftLog:OPENED:c-1,f-1,i0, conf=-1: [d32aef98-15ff-4f71-8b11-028ad1cc7fea:192.168.69.97:39849, 8209c85d-39f9-4a74-84fb-f0898ccad9a7:192.168.69.97:36323, 35c1fd35-3817-4b47-af94-957c0cb692c1:192.168.69.97:32864], old=null
2019-07-09 17:08:35,555 INFO  impl.LeaderElection (LeaderElection.java:logAndReturn(56)) - d32aef98-15ff-4f71-8b11-028ad1cc7fea:group-84675FD45F3E:LeaderElection3: Election PASSED; received 2 response(s) [d32aef98-15ff-4f71-8b11-028ad1cc7fea<-8209c85d-39f9-4a74-84fb-f0898ccad9a7#0:FAIL-t1, d32aef98-15ff-4f71-8b11-028ad1cc7fea<-35c1fd35-3817-4b47-af94-957c0cb692c1#0:OK-t1] and 0 exception(s); d32aef98-15ff-4f71-8b11-028ad1cc7fea:t1, leader=null, voted=d32aef98-15ff-4f71-8b11-028ad1cc7fea, raftlog=d32aef98-15ff-4f71-8b11-028ad1cc7fea-SegmentedRaftLog:OPENED:c-1,f-1,i0, conf=-1: [d32aef98-15ff-4f71-8b11-028ad1cc7fea:192.168.69.97:39849, 8209c85d-39f9-4a74-84fb-f0898ccad9a7:192.168.69.97:36323, 35c1fd35-3817-4b47-af94-957c0cb692c1:192.168.69.97:32864], old=null
2019-07-09 17:08:35,555 INFO  impl.RaftServerImpl (RaftServerImpl.java:setRole(171)) - 8209c85d-39f9-4a74-84fb-f0898ccad9a7:group-84675FD45F3E changes role from CANDIDATE to FOLLOWER at term 1 for DISCOVERED_A_NEW_TERM
2019-07-09 17:08:35,556 INFO  impl.RoleInfo (RoleInfo.java:shutdownLeaderElection(134)) - 8209c85d-39f9-4a74-84fb-f0898ccad9a7: shutdown LeaderElection
2019-07-09 17:08:35,556 INFO  impl.RoleInfo (RoleInfo.java:shutdownLeaderElection(134)) - d32aef98-15ff-4f71-8b11-028ad1cc7fea: shutdown LeaderElection
2019-07-09 17:08:35,557 INFO  impl.RoleInfo (RoleInfo.java:updateAndGet(143)) - 8209c85d-39f9-4a74-84fb-f0898ccad9a7: start FollowerState
2019-07-09 17:08:35,560 INFO  impl.RaftServerImpl (RaftServerImpl.java:setRole(171)) - d32aef98-15ff-4f71-8b11-028ad1cc7fea:group-84675FD45F3E changes role from CANDIDATE to LEADER at term 1 for changeToLeader
2019-07-09 17:08:35,561 INFO  impl.RaftServerImpl (ServerState.java:setLeader(263)) - d32aef98-15ff-4f71-8b11-028ad1cc7fea:group-84675FD45F3E change Leader from null to d32aef98-15ff-4f71-8b11-028ad1cc7fea at term 1 for becomeLeader, leader elected after 1142ms
2019-07-09 17:08:35,561 INFO  server.RaftServerConfigKeys (ConfUtils.java:logGet(43)) - raft.server.staging.catchup.gap = 1000 (default)
2019-07-09 17:08:35,561 INFO  server.RaftServerConfigKeys (ConfUtils.java:logGet(43)) - raft.server.rpc.sleep.time = 25ms (default)
2019-07-09 17:08:35,561 INFO  server.RaftServerConfigKeys (ConfUtils.java:logGet(43)) - raft.server.write.element-limit = 4096 (default)
2019-07-09 17:08:35,562 INFO  server.RaftServerConfigKeys (ConfUtils.java:logGet(43)) - raft.server.watch.timeout = 10s (default)
2019-07-09 17:08:35,562 INFO  server.RaftServerConfigKeys (ConfUtils.java:logGet(43)) - raft.server.watch.timeout.denomination = 1s (default)
2019-07-09 17:08:35,562 INFO  server.RaftServerConfigKeys (ConfUtils.java:logGet(43)) - raft.server.watch.element-limit = 65536 (default)
2019-07-09 17:08:35,565 INFO  server.RaftServerConfigKeys (ConfUtils.java:logGet(43)) - raft.server.log.appender.snapshot.chunk.size.max = 16MB (=16777216) (default)
2019-07-09 17:08:35,565 INFO  server.RaftServerConfigKeys (ConfUtils.java:logGet(43)) - raft.server.log.appender.buffer.byte-limit = 33554432 (custom)
2019-07-09 17:08:35,566 INFO  server.RaftServerConfigKeys (ConfUtils.java:logGet(43)) - raft.server.log.appender.buffer.element-limit = 1 (custom)
2019-07-09 17:08:35,567 INFO  segmented.SegmentedRaftLogWorker (SegmentedRaftLogWorker.java:execute(569)) - 35c1fd35-3817-4b47-af94-957c0cb692c1-SegmentedRaftLogWorker:Storage Directory /tmp/workdir/hadoop-ozone/tools/target/test-dir/MiniOzoneClusterImpl-91d4c584-90e5-4e69-854f-7e81d72c7177/datanode-2/data/ratis/4634695b-5177-4999-a45a-a1275db46659: created new log segment /tmp/workdir/hadoop-ozone/tools/target/test-dir/MiniOzoneClusterImpl-91d4c584-90e5-4e69-854f-7e81d72c7177/datanode-2/data/ratis/4634695b-5177-4999-a45a-a1275db46659/current/log_inprogress_0
2019-07-09 17:08:35,570 INFO  grpc.GrpcConfigKeys$Server (ConfUtils.java:logGet(43)) - raft.grpc.server.leader.outstanding.appends.max = 128 (default)
2019-07-09 17:08:35,571 INFO  server.RaftServerConfigKeys (ConfUtils.java:logGet(43)) - raft.server.rpc.request.timeout = 3000ms (default)
2019-07-09 17:08:35,571 INFO  server.RaftServerConfigKeys (ConfUtils.java:logGet(43)) - raft.server.log.appender.install.snapshot.enabled = false (custom)
2019-07-09 17:08:35,571 INFO  server.RaftServerConfigKeys (ConfUtils.java:logGet(43)) - raft.server.log.appender.snapshot.chunk.size.max = 16MB (=16777216) (default)
2019-07-09 17:08:35,571 INFO  server.RaftServerConfigKeys (ConfUtils.java:logGet(43)) - raft.server.log.appender.buffer.byte-limit = 33554432 (custom)
2019-07-09 17:08:35,572 INFO  server.RaftServerConfigKeys (ConfUtils.java:logGet(43)) - raft.server.log.appender.buffer.element-limit = 1 (custom)
2019-07-09 17:08:35,572 INFO  grpc.GrpcConfigKeys$Server (ConfUtils.java:logGet(43)) - raft.grpc.server.leader.outstanding.appends.max = 128 (default)
2019-07-09 17:08:35,572 INFO  server.RaftServerConfigKeys (ConfUtils.java:logGet(43)) - raft.server.rpc.request.timeout = 3000ms (default)
2019-07-09 17:08:35,572 INFO  server.RaftServerConfigKeys (ConfUtils.java:logGet(43)) - raft.server.log.appender.install.snapshot.enabled = false (custom)
2019-07-09 17:08:35,574 INFO  impl.RoleInfo (RoleInfo.java:updateAndGet(143)) - d32aef98-15ff-4f71-8b11-028ad1cc7fea: start LeaderState
2019-07-09 17:08:35,575 INFO  segmented.SegmentedRaftLogWorker (SegmentedRaftLogWorker.java:startLogSegment(380)) - d32aef98-15ff-4f71-8b11-028ad1cc7fea-SegmentedRaftLogWorker:Storage Directory /tmp/workdir/hadoop-ozone/tools/target/test-dir/MiniOzoneClusterImpl-91d4c584-90e5-4e69-854f-7e81d72c7177/datanode-1/data/ratis/502a339f-9fcc-4f38-ac7f-84675fd45f3e: Starting segment from index:0
2019-07-09 17:08:35,576 INFO  impl.RaftServerImpl (ServerState.java:setRaftConf(361)) - d32aef98-15ff-4f71-8b11-028ad1cc7fea:group-84675FD45F3E set configuration 0: [d32aef98-15ff-4f71-8b11-028ad1cc7fea:192.168.69.97:39849, 8209c85d-39f9-4a74-84fb-f0898ccad9a7:192.168.69.97:36323, 35c1fd35-3817-4b47-af94-957c0cb692c1:192.168.69.97:32864], old=null at 0
2019-07-09 17:08:35,604 INFO  segmented.SegmentedRaftLogWorker (SegmentedRaftLogWorker.java:execute(569)) - d32aef98-15ff-4f71-8b11-028ad1cc7fea-SegmentedRaftLogWorker:Storage Directory /tmp/workdir/hadoop-ozone/tools/target/test-dir/MiniOzoneClusterImpl-91d4c584-90e5-4e69-854f-7e81d72c7177/datanode-1/data/ratis/502a339f-9fcc-4f38-ac7f-84675fd45f3e: created new log segment /tmp/workdir/hadoop-ozone/tools/target/test-dir/MiniOzoneClusterImpl-91d4c584-90e5-4e69-854f-7e81d72c7177/datanode-1/data/ratis/502a339f-9fcc-4f38-ac7f-84675fd45f3e/current/log_inprogress_0
2019-07-09 17:08:35,618 INFO  impl.RaftServerImpl (ServerState.java:setLeader(263)) - 8209c85d-39f9-4a74-84fb-f0898ccad9a7:group-84675FD45F3E change Leader from null to d32aef98-15ff-4f71-8b11-028ad1cc7fea at term 1 for appendEntries, leader elected after 1199ms
2019-07-09 17:08:35,618 INFO  impl.RaftServerImpl (ServerState.java:setLeader(263)) - 35c1fd35-3817-4b47-af94-957c0cb692c1:group-84675FD45F3E change Leader from null to d32aef98-15ff-4f71-8b11-028ad1cc7fea at term 1 for appendEntries, leader elected after 1198ms
2019-07-09 17:08:35,654 INFO  impl.RaftServerImpl (ServerState.java:setRaftConf(361)) - 8209c85d-39f9-4a74-84fb-f0898ccad9a7:group-84675FD45F3E set configuration 0: [d32aef98-15ff-4f71-8b11-028ad1cc7fea:192.168.69.97:39849, 8209c85d-39f9-4a74-84fb-f0898ccad9a7:192.168.69.97:36323, 35c1fd35-3817-4b47-af94-957c0cb692c1:192.168.69.97:32864], old=null at 0
2019-07-09 17:08:35,654 INFO  impl.RaftServerImpl (ServerState.java:setRaftConf(361)) - 35c1fd35-3817-4b47-af94-957c0cb692c1:group-84675FD45F3E set configuration 0: [d32aef98-15ff-4f71-8b11-028ad1cc7fea:192.168.69.97:39849, 8209c85d-39f9-4a74-84fb-f0898ccad9a7:192.168.69.97:36323, 35c1fd35-3817-4b47-af94-957c0cb692c1:192.168.69.97:32864], old=null at 0
2019-07-09 17:08:35,655 INFO  segmented.SegmentedRaftLogWorker (SegmentedRaftLogWorker.java:startLogSegment(380)) - 8209c85d-39f9-4a74-84fb-f0898ccad9a7-SegmentedRaftLogWorker:Storage Directory /tmp/workdir/hadoop-ozone/tools/target/test-dir/MiniOzoneClusterImpl-91d4c584-90e5-4e69-854f-7e81d72c7177/datanode-0/data/ratis/502a339f-9fcc-4f38-ac7f-84675fd45f3e: Starting segment from index:0
2019-07-09 17:08:35,655 INFO  segmented.SegmentedRaftLogWorker (SegmentedRaftLogWorker.java:startLogSegment(380)) - 35c1fd35-3817-4b47-af94-957c0cb692c1-SegmentedRaftLogWorker:Storage Directory /tmp/workdir/hadoop-ozone/tools/target/test-dir/MiniOzoneClusterImpl-91d4c584-90e5-4e69-854f-7e81d72c7177/datanode-2/data/ratis/502a339f-9fcc-4f38-ac7f-84675fd45f3e: Starting segment from index:0
2019-07-09 17:08:35,686 INFO  segmented.SegmentedRaftLogWorker (SegmentedRaftLogWorker.java:execute(569)) - 35c1fd35-3817-4b47-af94-957c0cb692c1-SegmentedRaftLogWorker:Storage Directory /tmp/workdir/hadoop-ozone/tools/target/test-dir/MiniOzoneClusterImpl-91d4c584-90e5-4e69-854f-7e81d72c7177/datanode-2/data/ratis/502a339f-9fcc-4f38-ac7f-84675fd45f3e: created new log segment /tmp/workdir/hadoop-ozone/tools/target/test-dir/MiniOzoneClusterImpl-91d4c584-90e5-4e69-854f-7e81d72c7177/datanode-2/data/ratis/502a339f-9fcc-4f38-ac7f-84675fd45f3e/current/log_inprogress_0
2019-07-09 17:08:35,686 INFO  segmented.SegmentedRaftLogWorker (SegmentedRaftLogWorker.java:execute(569)) - 8209c85d-39f9-4a74-84fb-f0898ccad9a7-SegmentedRaftLogWorker:Storage Directory /tmp/workdir/hadoop-ozone/tools/target/test-dir/MiniOzoneClusterImpl-91d4c584-90e5-4e69-854f-7e81d72c7177/datanode-0/data/ratis/502a339f-9fcc-4f38-ac7f-84675fd45f3e: created new log segment /tmp/workdir/hadoop-ozone/tools/target/test-dir/MiniOzoneClusterImpl-91d4c584-90e5-4e69-854f-7e81d72c7177/datanode-0/data/ratis/502a339f-9fcc-4f38-ac7f-84675fd45f3e/current/log_inprogress_0
 0.00% |█                                                                                                    |  0/1 Time: 0:00:012019-07-09 17:08:36,318 INFO  client.GrpcClientProtocolClient (GrpcClientProtocolClient.java:onNext(255)) - client-281DBAF7DBCF->35c1fd35-3817-4b47-af94-957c0cb692c1: receive RaftClientReply:client-281DBAF7DBCF->35c1fd35-3817-4b47-af94-957c0cb692c1@group-84675FD45F3E, cid=6, FAILED org.apache.ratis.protocol.NotLeaderException: Server 35c1fd35-3817-4b47-af94-957c0cb692c1 is not the leader (d32aef98-15ff-4f71-8b11-028ad1cc7fea:192.168.69.97:39849). Request must be sent to leader., logIndex=0, commits[35c1fd35-3817-4b47-af94-957c0cb692c1:c0, d32aef98-15ff-4f71-8b11-028ad1cc7fea:c0, 8209c85d-39f9-4a74-84fb-f0898ccad9a7:c0]
2019-07-09 17:08:36,602 INFO  client.GrpcClientProtocolClient (GrpcClientProtocolClient.java:onNext(255)) - client-281DBAF7DBCF->d32aef98-15ff-4f71-8b11-028ad1cc7fea: receive RaftClientReply:client-281DBAF7DBCF->d32aef98-15ff-4f71-8b11-028ad1cc7fea@group-84675FD45F3E, cid=6, SUCCESS, logIndex=1, commits[d32aef98-15ff-4f71-8b11-028ad1cc7fea:c1, 8209c85d-39f9-4a74-84fb-f0898ccad9a7:c0, 35c1fd35-3817-4b47-af94-957c0cb692c1:c0]
2019-07-09 17:08:36,709 INFO  client.GrpcClientProtocolClient (GrpcClientProtocolClient.java:onNext(255)) - client-281DBAF7DBCF->d32aef98-15ff-4f71-8b11-028ad1cc7fea: receive RaftClientReply:client-281DBAF7DBCF->d32aef98-15ff-4f71-8b11-028ad1cc7fea@group-84675FD45F3E, cid=7, SUCCESS, logIndex=3, commits[d32aef98-15ff-4f71-8b11-028ad1cc7fea:c8, 8209c85d-39f9-4a74-84fb-f0898ccad9a7:c5, 35c1fd35-3817-4b47-af94-957c0cb692c1:c5]
2019-07-09 17:08:36,714 INFO  client.GrpcClientProtocolClient (GrpcClientProtocolClient.java:onNext(255)) - client-281DBAF7DBCF->d32aef98-15ff-4f71-8b11-028ad1cc7fea: receive RaftClientReply:client-281DBAF7DBCF->d32aef98-15ff-4f71-8b11-028ad1cc7fea@group-84675FD45F3E, cid=8, SUCCESS, logIndex=4, commits[d32aef98-15ff-4f71-8b11-028ad1cc7fea:c8, 8209c85d-39f9-4a74-84fb-f0898ccad9a7:c5, 35c1fd35-3817-4b47-af94-957c0cb692c1:c5]
2019-07-09 17:08:36,812 INFO  client.GrpcClientProtocolClient (GrpcClientProtocolClient.java:onNext(255)) - client-281DBAF7DBCF->d32aef98-15ff-4f71-8b11-028ad1cc7fea: receive RaftClientReply:client-281DBAF7DBCF->d32aef98-15ff-4f71-8b11-028ad1cc7fea@group-84675FD45F3E, cid=9, SUCCESS, logIndex=5, commits[d32aef98-15ff-4f71-8b11-028ad1cc7fea:c8, 8209c85d-39f9-4a74-84fb-f0898ccad9a7:c5, 35c1fd35-3817-4b47-af94-957c0cb692c1:c5]
2019-07-09 17:08:36,873 INFO  client.GrpcClientProtocolClient (GrpcClientProtocolClient.java:onNext(255)) - client-281DBAF7DBCF->d32aef98-15ff-4f71-8b11-028ad1cc7fea: receive RaftClientReply:client-281DBAF7DBCF->d32aef98-15ff-4f71-8b11-028ad1cc7fea@group-84675FD45F3E, cid=10, SUCCESS, logIndex=9, commits[d32aef98-15ff-4f71-8b11-028ad1cc7fea:c10, 8209c85d-39f9-4a74-84fb-f0898ccad9a7:c8, 35c1fd35-3817-4b47-af94-957c0cb692c1:c8]
2019-07-09 17:08:36,874 INFO  client.GrpcClientProtocolClient (GrpcClientProtocolClient.java:onNext(255)) - client-281DBAF7DBCF->d32aef98-15ff-4f71-8b11-028ad1cc7fea: receive RaftClientReply:client-281DBAF7DBCF->d32aef98-15ff-4f71-8b11-028ad1cc7fea@group-84675FD45F3E, cid=11, SUCCESS, logIndex=10, commits[d32aef98-15ff-4f71-8b11-028ad1cc7fea:c10, 8209c85d-39f9-4a74-84fb-f0898ccad9a7:c8, 35c1fd35-3817-4b47-af94-957c0cb692c1:c8]
2019-07-09 17:08:36,886 INFO  client.GrpcClientProtocolClient (GrpcClientProtocolClient.java:onNext(255)) - client-281DBAF7DBCF->d32aef98-15ff-4f71-8b11-028ad1cc7fea: receive RaftClientReply:client-281DBAF7DBCF->d32aef98-15ff-4f71-8b11-028ad1cc7fea@group-84675FD45F3E, cid=12, SUCCESS, logIndex=11, commits[d32aef98-15ff-4f71-8b11-028ad1cc7fea:c12, 8209c85d-39f9-4a74-84fb-f0898ccad9a7:c8, 35c1fd35-3817-4b47-af94-957c0cb692c1:c8]
 0.00% |█                                                                                                    |  0/1 Time: 0:00:022019-07-09 17:08:36,887 INFO  client.GrpcClientProtocolClient (GrpcClientProtocolClient.java:onNext(255)) - client-281DBAF7DBCF->d32aef98-15ff-4f71-8b11-028ad1cc7fea: receive RaftClientReply:client-281DBAF7DBCF->d32aef98-15ff-4f71-8b11-028ad1cc7fea@group-84675FD45F3E, cid=13, SUCCESS, logIndex=12, commits[d32aef98-15ff-4f71-8b11-028ad1cc7fea:c13, 8209c85d-39f9-4a74-84fb-f0898ccad9a7:c10, 35c1fd35-3817-4b47-af94-957c0cb692c1:c8]
2019-07-09 17:08:36,910 INFO  client.GrpcClientProtocolClient (GrpcClientProtocolClient.java:onNext(255)) - client-281DBAF7DBCF->d32aef98-15ff-4f71-8b11-028ad1cc7fea: receive RaftClientReply:client-281DBAF7DBCF->d32aef98-15ff-4f71-8b11-028ad1cc7fea@group-84675FD45F3E, cid=14, SUCCESS, logIndex=0, commits[d32aef98-15ff-4f71-8b11-028ad1cc7fea:c16, 8209c85d-39f9-4a74-84fb-f0898ccad9a7:c12, 35c1fd35-3817-4b47-af94-957c0cb692c1:c12]
2019-07-09 17:08:36,916 INFO  client.GrpcClientProtocolClient (GrpcClientProtocolClient.java:onNext(255)) - client-281DBAF7DBCF->d32aef98-15ff-4f71-8b11-028ad1cc7fea: receive RaftClientReply:client-281DBAF7DBCF->d32aef98-15ff-4f71-8b11-028ad1cc7fea@group-84675FD45F3E, cid=15, SUCCESS, logIndex=0, commits[d32aef98-15ff-4f71-8b11-028ad1cc7fea:c16, 8209c85d-39f9-4a74-84fb-f0898ccad9a7:c12, 35c1fd35-3817-4b47-af94-957c0cb692c1:c12]
2019-07-09 17:08:37,064 INFO  client.GrpcClientProtocolClient (GrpcClientProtocolClient.java:onNext(255)) - client-281DBAF7DBCF->d32aef98-15ff-4f71-8b11-028ad1cc7fea: receive RaftClientReply:client-281DBAF7DBCF->d32aef98-15ff-4f71-8b11-028ad1cc7fea@group-84675FD45F3E, cid=16, SUCCESS, logIndex=17, commits[d32aef98-15ff-4f71-8b11-028ad1cc7fea:c20, 8209c85d-39f9-4a74-84fb-f0898ccad9a7:c16, 35c1fd35-3817-4b47-af94-957c0cb692c1:c16]
2019-07-09 17:08:37,115 INFO  client.GrpcClientProtocolClient (GrpcClientProtocolClient.java:onNext(255)) - client-281DBAF7DBCF->d32aef98-15ff-4f71-8b11-028ad1cc7fea: receive RaftClientReply:client-281DBAF7DBCF->d32aef98-15ff-4f71-8b11-028ad1cc7fea@group-84675FD45F3E, cid=17, SUCCESS, logIndex=18, commits[d32aef98-15ff-4f71-8b11-028ad1cc7fea:c24, 8209c85d-39f9-4a74-84fb-f0898ccad9a7:c20, 35c1fd35-3817-4b47-af94-957c0cb692c1:c20]
2019-07-09 17:08:37,116 INFO  client.GrpcClientProtocolClient (GrpcClientProtocolClient.java:onNext(255)) - client-281DBAF7DBCF->d32aef98-15ff-4f71-8b11-028ad1cc7fea: receive RaftClientReply:client-281DBAF7DBCF->d32aef98-15ff-4f71-8b11-028ad1cc7fea@group-84675FD45F3E, cid=18, SUCCESS, logIndex=19, commits[d32aef98-15ff-4f71-8b11-028ad1cc7fea:c24, 8209c85d-39f9-4a74-84fb-f0898ccad9a7:c20, 35c1fd35-3817-4b47-af94-957c0cb692c1:c20]
2019-07-09 17:08:37,211 INFO  client.GrpcClientProtocolClient (GrpcClientProtocolClient.java:onNext(255)) - client-281DBAF7DBCF->d32aef98-15ff-4f71-8b11-028ad1cc7fea: receive RaftClientReply:client-281DBAF7DBCF->d32aef98-15ff-4f71-8b11-028ad1cc7fea@group-84675FD45F3E, cid=19, SUCCESS, logIndex=20, commits[d32aef98-15ff-4f71-8b11-028ad1cc7fea:c24, 8209c85d-39f9-4a74-84fb-f0898ccad9a7:c20, 35c1fd35-3817-4b47-af94-957c0cb692c1:c20]
2019-07-09 17:08:37,251 INFO  client.GrpcClientProtocolClient (GrpcClientProtocolClient.java:onNext(255)) - client-281DBAF7DBCF->d32aef98-15ff-4f71-8b11-028ad1cc7fea: receive RaftClientReply:client-281DBAF7DBCF->d32aef98-15ff-4f71-8b11-028ad1cc7fea@group-84675FD45F3E, cid=20, SUCCESS, logIndex=25, commits[d32aef98-15ff-4f71-8b11-028ad1cc7fea:c26, 8209c85d-39f9-4a74-84fb-f0898ccad9a7:c20, 35c1fd35-3817-4b47-af94-957c0cb692c1:c24]
2019-07-09 17:08:37,252 INFO  client.GrpcClientProtocolClient (GrpcClientProtocolClient.java:onNext(255)) - client-281DBAF7DBCF->d32aef98-15ff-4f71-8b11-028ad1cc7fea: receive RaftClientReply:client-281DBAF7DBCF->d32aef98-15ff-4f71-8b11-028ad1cc7fea@group-84675FD45F3E, cid=21, SUCCESS, logIndex=26, commits[d32aef98-15ff-4f71-8b11-028ad1cc7fea:c26, 8209c85d-39f9-4a74-84fb-f0898ccad9a7:c20, 35c1fd35-3817-4b47-af94-957c0cb692c1:c24]
2019-07-09 17:08:37,267 INFO  client.GrpcClientProtocolClient (GrpcClientProtocolClient.java:onNext(255)) - client-281DBAF7DBCF->d32aef98-15ff-4f71-8b11-028ad1cc7fea: receive RaftClientReply:client-281DBAF7DBCF->d32aef98-15ff-4f71-8b11-028ad1cc7fea@group-84675FD45F3E, cid=22, SUCCESS, logIndex=27, commits[d32aef98-15ff-4f71-8b11-028ad1cc7fea:c29, 8209c85d-39f9-4a74-84fb-f0898ccad9a7:c24, 35c1fd35-3817-4b47-af94-957c0cb692c1:c26]
2019-07-09 17:08:37,268 INFO  client.GrpcClientProtocolClient (GrpcClientProtocolClient.java:onNext(255)) - client-281DBAF7DBCF->d32aef98-15ff-4f71-8b11-028ad1cc7fea: receive RaftClientReply:client-281DBAF7DBCF->d32aef98-15ff-4f71-8b11-028ad1cc7fea@group-84675FD45F3E, cid=23, SUCCESS, logIndex=28, commits[d32aef98-15ff-4f71-8b11-028ad1cc7fea:c30, 8209c85d-39f9-4a74-84fb-f0898ccad9a7:c24, 35c1fd35-3817-4b47-af94-957c0cb692c1:c26]
2019-07-09 17:08:37,272 INFO  client.GrpcClientProtocolClient (GrpcClientProtocolClient.java:onNext(255)) - client-281DBAF7DBCF->d32aef98-15ff-4f71-8b11-028ad1cc7fea: receive RaftClientReply:client-281DBAF7DBCF->d32aef98-15ff-4f71-8b11-028ad1cc7fea@group-84675FD45F3E, cid=24, SUCCESS, logIndex=0, commits[d32aef98-15ff-4f71-8b11-028ad1cc7fea:c31, 8209c85d-39f9-4a74-84fb-f0898ccad9a7:c26, 35c1fd35-3817-4b47-af94-957c0cb692c1:c27]
2019-07-09 17:08:37,283 INFO  client.GrpcClientProtocolClient (GrpcClientProtocolClient.java:onNext(255)) - client-281DBAF7DBCF->d32aef98-15ff-4f71-8b11-028ad1cc7fea: receive RaftClientReply:client-281DBAF7DBCF->d32aef98-15ff-4f71-8b11-028ad1cc7fea@group-84675FD45F3E, cid=25, SUCCESS, logIndex=0, commits[d32aef98-15ff-4f71-8b11-028ad1cc7fea:c32, 8209c85d-39f9-4a74-84fb-f0898ccad9a7:c28, 35c1fd35-3817-4b47-af94-957c0cb692c1:c29]
2019-07-09 17:08:37,439 INFO  client.GrpcClientProtocolClient (GrpcClientProtocolClient.java:onNext(255)) - client-281DBAF7DBCF->d32aef98-15ff-4f71-8b11-028ad1cc7fea: receive RaftClientReply:client-281DBAF7DBCF->d32aef98-15ff-4f71-8b11-028ad1cc7fea@group-84675FD45F3E, cid=26, SUCCESS, logIndex=33, commits[d32aef98-15ff-4f71-8b11-028ad1cc7fea:c36, 8209c85d-39f9-4a74-84fb-f0898ccad9a7:c29, 35c1fd35-3817-4b47-af94-957c0cb692c1:c32]
2019-07-09 17:08:37,489 INFO  client.GrpcClientProtocolClient (GrpcClientProtocolClient.java:onNext(255)) - client-281DBAF7DBCF->d32aef98-15ff-4f71-8b11-028ad1cc7fea: receive RaftClientReply:client-281DBAF7DBCF->d32aef98-15ff-4f71-8b11-028ad1cc7fea@group-84675FD45F3E, cid=27, SUCCESS, logIndex=34, commits[d32aef98-15ff-4f71-8b11-028ad1cc7fea:c37, 8209c85d-39f9-4a74-84fb-f0898ccad9a7:c36, 35c1fd35-3817-4b47-af94-957c0cb692c1:c36]
2019-07-09 17:08:37,491 INFO  client.GrpcClientProtocolClient (GrpcClientProtocolClient.java:onNext(255)) - client-281DBAF7DBCF->d32aef98-15ff-4f71-8b11-028ad1cc7fea: receive RaftClientReply:client-281DBAF7DBCF->d32aef98-15ff-4f71-8b11-028ad1cc7fea@group-84675FD45F3E, cid=28, SUCCESS, logIndex=35, commits[d32aef98-15ff-4f71-8b11-028ad1cc7fea:c37, 8209c85d-39f9-4a74-84fb-f0898ccad9a7:c36, 35c1fd35-3817-4b47-af94-957c0cb692c1:c36]
2019-07-09 17:08:37,582 INFO  client.GrpcClientProtocolClient (GrpcClientProtocolClient.java:onNext(255)) - client-281DBAF7DBCF->d32aef98-15ff-4f71-8b11-028ad1cc7fea: receive RaftClientReply:client-281DBAF7DBCF->d32aef98-15ff-4f71-8b11-028ad1cc7fea@group-84675FD45F3E, cid=29, SUCCESS, logIndex=36, commits[d32aef98-15ff-4f71-8b11-028ad1cc7fea:c37, 8209c85d-39f9-4a74-84fb-f0898ccad9a7:c36, 35c1fd35-3817-4b47-af94-957c0cb692c1:c36]
2019-07-09 17:08:37,619 INFO  client.GrpcClientProtocolClient (GrpcClientProtocolClient.java:onNext(255)) - client-281DBAF7DBCF->d32aef98-15ff-4f71-8b11-028ad1cc7fea: receive RaftClientReply:client-281DBAF7DBCF->d32aef98-15ff-4f71-8b11-028ad1cc7fea@group-84675FD45F3E, cid=30, SUCCESS, logIndex=38, commits[d32aef98-15ff-4f71-8b11-028ad1cc7fea:c39, 8209c85d-39f9-4a74-84fb-f0898ccad9a7:c36, 35c1fd35-3817-4b47-af94-957c0cb692c1:c37]
2019-07-09 17:08:37,620 INFO  client.GrpcClientProtocolClient (GrpcClientProtocolClient.java:onNext(255)) - client-281DBAF7DBCF->d32aef98-15ff-4f71-8b11-028ad1cc7fea: receive RaftClientReply:client-281DBAF7DBCF->d32aef98-15ff-4f71-8b11-028ad1cc7fea@group-84675FD45F3E, cid=31, SUCCESS, logIndex=39, commits[d32aef98-15ff-4f71-8b11-028ad1cc7fea:c39, 8209c85d-39f9-4a74-84fb-f0898ccad9a7:c37, 35c1fd35-3817-4b47-af94-957c0cb692c1:c37]
2019-07-09 17:08:37,632 INFO  client.GrpcClientProtocolClient (GrpcClientProtocolClient.java:onNext(255)) - client-281DBAF7DBCF->d32aef98-15ff-4f71-8b11-028ad1cc7fea: receive RaftClientReply:client-281DBAF7DBCF->d32aef98-15ff-4f71-8b11-028ad1cc7fea@group-84675FD45F3E, cid=32, SUCCESS, logIndex=40, commits[d32aef98-15ff-4f71-8b11-028ad1cc7fea:c41, 8209c85d-39f9-4a74-84fb-f0898ccad9a7:c37, 35c1fd35-3817-4b47-af94-957c0cb692c1:c39]
2019-07-09 17:08:37,633 INFO  client.GrpcClientProtocolClient (GrpcClientProtocolClient.java:onNext(255)) - client-281DBAF7DBCF->d32aef98-15ff-4f71-8b11-028ad1cc7fea: receive RaftClientReply:client-281DBAF7DBCF->d32aef98-15ff-4f71-8b11-028ad1cc7fea@group-84675FD45F3E, cid=33, SUCCESS, logIndex=41, commits[d32aef98-15ff-4f71-8b11-028ad1cc7fea:c43, 8209c85d-39f9-4a74-84fb-f0898ccad9a7:c39, 35c1fd35-3817-4b47-af94-957c0cb692c1:c39]
2019-07-09 17:08:37,644 INFO  client.GrpcClientProtocolClient (GrpcClientProtocolClient.java:onNext(255)) - client-281DBAF7DBCF->d32aef98-15ff-4f71-8b11-028ad1cc7fea: receive RaftClientReply:client-281DBAF7DBCF->d32aef98-15ff-4f71-8b11-028ad1cc7fea@group-84675FD45F3E, cid=34, SUCCESS, logIndex=0, commits[d32aef98-15ff-4f71-8b11-028ad1cc7fea:c44, 8209c85d-39f9-4a74-84fb-f0898ccad9a7:c41, 35c1fd35-3817-4b47-af94-957c0cb692c1:c41]
2019-07-09 17:08:37,675 INFO  client.GrpcClientProtocolClient (GrpcClientProtocolClient.java:onNext(255)) - client-281DBAF7DBCF->d32aef98-15ff-4f71-8b11-028ad1cc7fea: receive RaftClientReply:client-281DBAF7DBCF->d32aef98-15ff-4f71-8b11-028ad1cc7fea@group-84675FD45F3E, cid=35, SUCCESS, logIndex=46, commits[d32aef98-15ff-4f71-8b11-028ad1cc7fea:c47, 8209c85d-39f9-4a74-84fb-f0898ccad9a7:c45, 35c1fd35-3817-4b47-af94-957c0cb692c1:c45]
2019-07-09 17:08:37,676 INFO  client.GrpcClientProtocolClient (GrpcClientProtocolClient.java:onNext(255)) - client-281DBAF7DBCF->d32aef98-15ff-4f71-8b11-028ad1cc7fea: receive RaftClientReply:client-281DBAF7DBCF->d32aef98-15ff-4f71-8b11-028ad1cc7fea@group-84675FD45F3E, cid=36, SUCCESS, logIndex=47, commits[d32aef98-15ff-4f71-8b11-028ad1cc7fea:c47, 8209c85d-39f9-4a74-84fb-f0898ccad9a7:c45, 35c1fd35-3817-4b47-af94-957c0cb692c1:c45]
2019-07-09 17:08:37,687 INFO  client.GrpcClientProtocolClient (GrpcClientProtocolClient.java:onNext(255)) - client-281DBAF7DBCF->d32aef98-15ff-4f71-8b11-028ad1cc7fea: receive RaftClientReply:client-281DBAF7DBCF->d32aef98-15ff-4f71-8b11-028ad1cc7fea@group-84675FD45F3E, cid=37, SUCCESS, logIndex=48, commits[d32aef98-15ff-4f71-8b11-028ad1cc7fea:c49, 8209c85d-39f9-4a74-84fb-f0898ccad9a7:c45, 35c1fd35-3817-4b47-af94-957c0cb692c1:c45]
2019-07-09 17:08:37,687 INFO  client.GrpcClientProtocolClient (GrpcClientProtocolClient.java:onNext(255)) - client-281DBAF7DBCF->d32aef98-15ff-4f71-8b11-028ad1cc7fea: receive RaftClientReply:client-281DBAF7DBCF->d32aef98-15ff-4f71-8b11-028ad1cc7fea@group-84675FD45F3E, cid=38, SUCCESS, logIndex=49, commits[d32aef98-15ff-4f71-8b11-028ad1cc7fea:c50, 8209c85d-39f9-4a74-84fb-f0898ccad9a7:c45, 35c1fd35-3817-4b47-af94-957c0cb692c1:c47]
2019-07-09 17:08:37,690 INFO  client.GrpcClientProtocolClient (GrpcClientProtocolClient.java:onNext(255)) - client-281DBAF7DBCF->d32aef98-15ff-4f71-8b11-028ad1cc7fea: receive RaftClientReply:client-281DBAF7DBCF->d32aef98-15ff-4f71-8b11-028ad1cc7fea@group-84675FD45F3E, cid=39, SUCCESS, logIndex=0, commits[d32aef98-15ff-4f71-8b11-028ad1cc7fea:c52, 8209c85d-39f9-4a74-84fb-f0898ccad9a7:c49, 35c1fd35-3817-4b47-af94-957c0cb692c1:c49]
2019-07-09 17:08:37,718 INFO  client.GrpcClientProtocolClient (GrpcClientProtocolClient.java:onNext(255)) - client-281DBAF7DBCF->d32aef98-15ff-4f71-8b11-028ad1cc7fea: receive RaftClientReply:client-281DBAF7DBCF->d32aef98-15ff-4f71-8b11-028ad1cc7fea@group-84675FD45F3E, cid=40, SUCCESS, logIndex=54, commits[d32aef98-15ff-4f71-8b11-028ad1cc7fea:c55, 8209c85d-39f9-4a74-84fb-f0898ccad9a7:c53, 35c1fd35-3817-4b47-af94-957c0cb692c1:c53]
2019-07-09 17:08:37,719 INFO  client.GrpcClientProtocolClient (GrpcClientProtocolClient.java:onNext(255)) - client-281DBAF7DBCF->d32aef98-15ff-4f71-8b11-028ad1cc7fea: receive RaftClientReply:client-281DBAF7DBCF->d32aef98-15ff-4f71-8b11-028ad1cc7fea@group-84675FD45F3E, cid=41, SUCCESS, logIndex=55, commits[d32aef98-15ff-4f71-8b11-028ad1cc7fea:c55, 8209c85d-39f9-4a74-84fb-f0898ccad9a7:c53, 35c1fd35-3817-4b47-af94-957c0cb692c1:c53]
2019-07-09 17:08:37,747 INFO  client.GrpcClientProtocolClient (GrpcClientProtocolClient.java:onNext(255)) - client-281DBAF7DBCF->d32aef98-15ff-4f71-8b11-028ad1cc7fea: receive RaftClientReply:client-281DBAF7DBCF->d32aef98-15ff-4f71-8b11-028ad1cc7fea@group-84675FD45F3E, cid=42, SUCCESS, logIndex=58, commits[d32aef98-15ff-4f71-8b11-028ad1cc7fea:c59, 8209c85d-39f9-4a74-84fb-f0898ccad9a7:c56, 35c1fd35-3817-4b47-af94-957c0cb692c1:c56]
2019-07-09 17:08:37,748 INFO  client.GrpcClientProtocolClient (GrpcClientProtocolClient.java:onNext(255)) - client-281DBAF7DBCF->d32aef98-15ff-4f71-8b11-028ad1cc7fea: receive RaftClientReply:client-281DBAF7DBCF->d32aef98-15ff-4f71-8b11-028ad1cc7fea@group-84675FD45F3E, cid=43, SUCCESS, logIndex=59, commits[d32aef98-15ff-4f71-8b11-028ad1cc7fea:c59, 8209c85d-39f9-4a74-84fb-f0898ccad9a7:c56, 35c1fd35-3817-4b47-af94-957c0cb692c1:c56]
2019-07-09 17:08:37,760 INFO  client.GrpcClientProtocolClient (GrpcClientProtocolClient.java:onNext(255)) - client-281DBAF7DBCF->d32aef98-15ff-4f71-8b11-028ad1cc7fea: receive RaftClientReply:client-281DBAF7DBCF->d32aef98-15ff-4f71-8b11-028ad1cc7fea@group-84675FD45F3E, cid=44, SUCCESS, logIndex=0, commits[d32aef98-15ff-4f71-8b11-028ad1cc7fea:c60, 8209c85d-39f9-4a74-84fb-f0898ccad9a7:c59, 35c1fd35-3817-4b47-af94-957c0cb692c1:c59]
2019-07-09 17:08:37,786 INFO  client.GrpcClientProtocolClient (GrpcClientProtocolClient.java:onNext(255)) - client-281DBAF7DBCF->d32aef98-15ff-4f71-8b11-028ad1cc7fea: receive RaftClientReply:client-281DBAF7DBCF->d32aef98-15ff-4f71-8b11-028ad1cc7fea@group-84675FD45F3E, cid=45, SUCCESS, logIndex=62, commits[d32aef98-15ff-4f71-8b11-028ad1cc7fea:c63, 8209c85d-39f9-4a74-84fb-f0898ccad9a7:c61, 35c1fd35-3817-4b47-af94-957c0cb692c1:c61]
2019-07-09 17:08:37,787 INFO  client.GrpcClientProtocolClient (GrpcClientProtocolClient.java:onNext(255)) - client-281DBAF7DBCF->d32aef98-15ff-4f71-8b11-028ad1cc7fea: receive RaftClientReply:client-281DBAF7DBCF->d32aef98-15ff-4f71-8b11-028ad1cc7fea@group-84675FD45F3E, cid=46, SUCCESS, logIndex=63, commits[d32aef98-15ff-4f71-8b11-028ad1cc7fea:c63, 8209c85d-39f9-4a74-84fb-f0898ccad9a7:c61, 35c1fd35-3817-4b47-af94-957c0cb692c1:c61]
2019-07-09 17:08:37,797 INFO  client.GrpcClientProtocolClient (GrpcClientProtocolClient.java:onNext(255)) - client-281DBAF7DBCF->d32aef98-15ff-4f71-8b11-028ad1cc7fea: receive RaftClientReply:client-281DBAF7DBCF->d32aef98-15ff-4f71-8b11-028ad1cc7fea@group-84675FD45F3E, cid=47, SUCCESS, logIndex=64, commits[d32aef98-15ff-4f71-8b11-028ad1cc7fea:c65, 8209c85d-39f9-4a74-84fb-f0898ccad9a7:c61, 35c1fd35-3817-4b47-af94-957c0cb692c1:c61]
2019-07-09 17:08:37,798 INFO  client.GrpcClientProtocolClient (GrpcClientProtocolClient.java:onNext(255)) - client-281DBAF7DBCF->d32aef98-15ff-4f71-8b11-028ad1cc7fea: receive RaftClientReply:client-281DBAF7DBCF->d32aef98-15ff-4f71-8b11-028ad1cc7fea@group-84675FD45F3E, cid=48, SUCCESS, logIndex=65, commits[d32aef98-15ff-4f71-8b11-028ad1cc7fea:c66, 8209c85d-39f9-4a74-84fb-f0898ccad9a7:c62, 35c1fd35-3817-4b47-af94-957c0cb692c1:c63]
2019-07-09 17:08:37,800 INFO  client.GrpcClientProtocolClient (GrpcClientProtocolClient.java:onNext(255)) - client-281DBAF7DBCF->d32aef98-15ff-4f71-8b11-028ad1cc7fea: receive RaftClientReply:client-281DBAF7DBCF->d32aef98-15ff-4f71-8b11-028ad1cc7fea@group-84675FD45F3E, cid=49, SUCCESS, logIndex=0, commits[d32aef98-15ff-4f71-8b11-028ad1cc7fea:c68, 8209c85d-39f9-4a74-84fb-f0898ccad9a7:c64, 35c1fd35-3817-4b47-af94-957c0cb692c1:c65]
2019-07-09 17:08:37,827 INFO  client.GrpcClientProtocolClient (GrpcClientProtocolClient.java:onNext(255)) - client-281DBAF7DBCF->d32aef98-15ff-4f71-8b11-028ad1cc7fea: receive RaftClientReply:client-281DBAF7DBCF->d32aef98-15ff-4f71-8b11-028ad1cc7fea@group-84675FD45F3E, cid=50, SUCCESS, logIndex=70, commits[d32aef98-15ff-4f71-8b11-028ad1cc7fea:c71, 8209c85d-39f9-4a74-84fb-f0898ccad9a7:c69, 35c1fd35-3817-4b47-af94-957c0cb692c1:c69]
2019-07-09 17:08:37,827 INFO  client.GrpcClientProtocolClient (GrpcClientProtocolClient.java:onNext(255)) - client-281DBAF7DBCF->d32aef98-15ff-4f71-8b11-028ad1cc7fea: receive RaftClientReply:client-281DBAF7DBCF->d32aef98-15ff-4f71-8b11-028ad1cc7fea@group-84675FD45F3E, cid=51, SUCCESS, logIndex=71, commits[d32aef98-15ff-4f71-8b11-028ad1cc7fea:c71, 8209c85d-39f9-4a74-84fb-f0898ccad9a7:c69, 35c1fd35-3817-4b47-af94-957c0cb692c1:c69]
2019-07-09 17:08:37,854 INFO  client.GrpcClientProtocolClient (GrpcClientProtocolClient.java:onNext(255)) - client-281DBAF7DBCF->d32aef98-15ff-4f71-8b11-028ad1cc7fea: receive RaftClientReply:client-281DBAF7DBCF->d32aef98-15ff-4f71-8b11-028ad1cc7fea@group-84675FD45F3E, cid=52, SUCCESS, logIndex=74, commits[d32aef98-15ff-4f71-8b11-028ad1cc7fea:c75, 8209c85d-39f9-4a74-84fb-f0898ccad9a7:c71, 35c1fd35-3817-4b47-af94-957c0cb692c1:c71]
2019-07-09 17:08:37,854 INFO  client.GrpcClientProtocolClient (GrpcClientProtocolClient.java:onNext(255)) - client-281DBAF7DBCF->d32aef98-15ff-4f71-8b11-028ad1cc7fea: receive RaftClientReply:client-281DBAF7DBCF->d32aef98-15ff-4f71-8b11-028ad1cc7fea@group-84675FD45F3E, cid=53, SUCCESS, logIndex=75, commits[d32aef98-15ff-4f71-8b11-028ad1cc7fea:c75, 8209c85d-39f9-4a74-84fb-f0898ccad9a7:c71, 35c1fd35-3817-4b47-af94-957c0cb692c1:c71]
2019-07-09 17:08:37,866 INFO  client.GrpcClientProtocolClient (GrpcClientProtocolClient.java:onNext(255)) - client-281DBAF7DBCF->d32aef98-15ff-4f71-8b11-028ad1cc7fea: receive RaftClientReply:client-281DBAF7DBCF->d32aef98-15ff-4f71-8b11-028ad1cc7fea@group-84675FD45F3E, cid=54, SUCCESS, logIndex=0, commits[d32aef98-15ff-4f71-8b11-028ad1cc7fea:c76, 8209c85d-39f9-4a74-84fb-f0898ccad9a7:c75, 35c1fd35-3817-4b47-af94-957c0cb692c1:c75]
 100.00% |█████████████████████████████████████████████████████████████████████████████████████████████████████|  1/1 Time: 0:00:03
2019-07-09 17:08:43,390 INFO  pipeline.SCMPipelineManager (SCMPipelineManager.java:finalizeAndDestroyPipeline(307)) - destroying pipeline:Pipeline[ Id: 502a339f-9fcc-4f38-ac7f-84675fd45f3e, Nodes: d32aef98-15ff-4f71-8b11-028ad1cc7fea{ip: 192.168.69.97, host: hdds1735-xzvmn-2245274162, networkLocation: /default-rack, certSerialId: null}8209c85d-39f9-4a74-84fb-f0898ccad9a7{ip: 192.168.69.97, host: hdds1735-xzvmn-2245274162, networkLocation: /default-rack, certSerialId: null}35c1fd35-3817-4b47-af94-957c0cb692c1{ip: 192.168.69.97, host: hdds1735-xzvmn-2245274162, networkLocation: /default-rack, certSerialId: null}, Type:RATIS, Factor:THREE, State:OPEN]
2019-07-09 17:08:43,391 INFO  pipeline.PipelineStateManager (PipelineStateManager.java:finalizePipeline(123)) - Pipeline Pipeline[ Id: 502a339f-9fcc-4f38-ac7f-84675fd45f3e, Nodes: d32aef98-15ff-4f71-8b11-028ad1cc7fea{ip: 192.168.69.97, host: hdds1735-xzvmn-2245274162, networkLocation: /default-rack, certSerialId: null}8209c85d-39f9-4a74-84fb-f0898ccad9a7{ip: 192.168.69.97, host: hdds1735-xzvmn-2245274162, networkLocation: /default-rack, certSerialId: null}35c1fd35-3817-4b47-af94-957c0cb692c1{ip: 192.168.69.97, host: hdds1735-xzvmn-2245274162, networkLocation: /default-rack, certSerialId: null}, Type:RATIS, Factor:THREE, State:CLOSED] moved to CLOSED state
2019-07-09 17:08:43,392 INFO  container.CloseContainerEventHandler (CloseContainerEventHandler.java:onMessage(61)) - Close container Event triggered for container : #1
2019-07-09 17:08:43,399 INFO  container.CloseContainerEventHandler (CloseContainerEventHandler.java:onMessage(61)) - Close container Event triggered for container : #2
2019-07-09 17:08:43,408 INFO  container.CloseContainerEventHandler (CloseContainerEventHandler.java:onMessage(61)) - Close container Event triggered for container : #3
2019-07-09 17:08:43,413 INFO  impl.RaftServerProxy (RaftServerProxy.java:remove(95)) - d32aef98-15ff-4f71-8b11-028ad1cc7fea: remove   LEADER group-84675FD45F3E d32aef98-15ff-4f71-8b11-028ad1cc7fea:t1, leader=d32aef98-15ff-4f71-8b11-028ad1cc7fea, voted=d32aef98-15ff-4f71-8b11-028ad1cc7fea, raftlog=d32aef98-15ff-4f71-8b11-028ad1cc7fea-SegmentedRaftLog:OPENED:c77,f77,i77, conf=0: [d32aef98-15ff-4f71-8b11-028ad1cc7fea:192.168.69.97:39849, 8209c85d-39f9-4a74-84fb-f0898ccad9a7:192.168.69.97:36323, 35c1fd35-3817-4b47-af94-957c0cb692c1:192.168.69.97:32864], old=null RUNNING
2019-07-09 17:08:43,416 INFO  impl.RaftServerImpl (RaftServerImpl.java:lambda$shutdown$3(245)) - d32aef98-15ff-4f71-8b11-028ad1cc7fea: shutdown group-84675FD45F3E
2019-07-09 17:08:43,417 INFO  util.JmxRegister (JmxRegister.java:unregister(73)) - Successfully un-registered JMX Bean with object name Ratis:service=RaftServer,group=group-84675FD45F3E,id=d32aef98-15ff-4f71-8b11-028ad1cc7fea
2019-07-09 17:08:43,417 INFO  impl.RoleInfo (RoleInfo.java:shutdownLeaderState(104)) - d32aef98-15ff-4f71-8b11-028ad1cc7fea: shutdown LeaderState
2019-07-09 17:08:43,421 INFO  impl.PendingRequests (PendingRequests.java:sendNotLeaderResponses(202)) - d32aef98-15ff-4f71-8b11-028ad1cc7fea-PendingRequests: sendNotLeaderResponses
2019-07-09 17:08:43,421 WARN  server.GrpcLogAppender (GrpcLogAppender.java:mayWait(143)) - GrpcLogAppender(d32aef98-15ff-4f71-8b11-028ad1cc7fea->35c1fd35-3817-4b47-af94-957c0cb692c1): Wait interrupted by java.lang.InterruptedException
2019-07-09 17:08:43,421 WARN  server.GrpcLogAppender (GrpcLogAppender.java:mayWait(143)) - GrpcLogAppender(d32aef98-15ff-4f71-8b11-028ad1cc7fea->8209c85d-39f9-4a74-84fb-f0898ccad9a7): Wait interrupted by java.lang.InterruptedException
2019-07-09 17:08:43,426 INFO  server.GrpcServerProtocolService (GrpcServerProtocolService.java:onCompleted(104)) - 35c1fd35-3817-4b47-af94-957c0cb692c1: appendEntries completed
2019-07-09 17:08:43,426 INFO  server.GrpcServerProtocolService (GrpcServerProtocolService.java:onCompleted(104)) - 8209c85d-39f9-4a74-84fb-f0898ccad9a7: appendEntries completed
2019-07-09 17:08:43,441 INFO  impl.StateMachineUpdater (StateMachineUpdater.java:stopAndJoin(115)) - StateMachineUpdater:d32aef98-15ff-4f71-8b11-028ad1cc7fea:group-84675FD45F3E: set stopIndex = 77
2019-07-09 17:08:43,443 INFO  ratis.ContainerStateMachine (ContainerStateMachine.java:takeSnapshot(244)) - Taking snapshot at termIndex:(t:1, i:75)
2019-07-09 17:08:43,445 INFO  ratis.ContainerStateMachine (ContainerStateMachine.java:takeSnapshot(248)) - Taking a snapshot to file /tmp/workdir/hadoop-ozone/tools/target/test-dir/MiniOzoneClusterImpl-91d4c584-90e5-4e69-854f-7e81d72c7177/datanode-1/data/ratis/502a339f-9fcc-4f38-ac7f-84675fd45f3e/sm/snapshot.1_75
2019-07-09 17:08:43,445 INFO  server.GrpcLogAppender (GrpcLogAppender.java:onCompleted(292)) - d32aef98-15ff-4f71-8b11-028ad1cc7fea->35c1fd35-3817-4b47-af94-957c0cb692c1: follower responses appendEntries COMPLETED
2019-07-09 17:08:43,445 INFO  server.GrpcLogAppender (GrpcLogAppender.java:onCompleted(292)) - d32aef98-15ff-4f71-8b11-028ad1cc7fea->8209c85d-39f9-4a74-84fb-f0898ccad9a7: follower responses appendEntries COMPLETED
2019-07-09 17:08:43,452 INFO  impl.FollowerInfo (FollowerInfo.java:lambda$new$0(50)) - d32aef98-15ff-4f71-8b11-028ad1cc7fea->8209c85d-39f9-4a74-84fb-f0898ccad9a7: nextIndex: updateUnconditionally 78 -> 77
2019-07-09 17:08:43,452 INFO  impl.FollowerInfo (FollowerInfo.java:lambda$new$0(50)) - d32aef98-15ff-4f71-8b11-028ad1cc7fea->35c1fd35-3817-4b47-af94-957c0cb692c1: nextIndex: updateUnconditionally 78 -> 77
2019-07-09 17:08:43,466 INFO  impl.StateMachineUpdater (StateMachineUpdater.java:takeSnapshot(242)) - StateMachineUpdater:d32aef98-15ff-4f71-8b11-028ad1cc7fea:group-84675FD45F3E: Took a snapshot at index 75
2019-07-09 17:08:43,468 INFO  impl.StateMachineUpdater (StateMachineUpdater.java:lambda$new$0(80)) - StateMachineUpdater:d32aef98-15ff-4f71-8b11-028ad1cc7fea:group-84675FD45F3E: snapshotIndex: updateIncreasingly -1 -> 75
2019-07-09 17:08:43,474 INFO  impl.RaftServerImpl (ServerState.java:close(394)) - d32aef98-15ff-4f71-8b11-028ad1cc7fea:group-84675FD45F3E closes. The last applied log index is 77
2019-07-09 17:08:43,476 INFO  segmented.SegmentedRaftLogWorker (SegmentedRaftLogWorker.java:run(313)) - d32aef98-15ff-4f71-8b11-028ad1cc7fea-SegmentedRaftLogWorker:Storage Directory /tmp/workdir/hadoop-ozone/tools/target/test-dir/MiniOzoneClusterImpl-91d4c584-90e5-4e69-854f-7e81d72c7177/datanode-1/data/ratis/502a339f-9fcc-4f38-ac7f-84675fd45f3e was interrupted, exiting. There are 0 tasks remaining in the queue.
2019-07-09 17:08:43,477 INFO  segmented.SegmentedRaftLogWorker (SegmentedRaftLogWorker.java:close(228)) - d32aef98-15ff-4f71-8b11-028ad1cc7fea-SegmentedRaftLogWorker:Storage Directory /tmp/workdir/hadoop-ozone/tools/target/test-dir/MiniOzoneClusterImpl-91d4c584-90e5-4e69-854f-7e81d72c7177/datanode-1/data/ratis/502a339f-9fcc-4f38-ac7f-84675fd45f3e close()
2019-07-09 17:08:43,502 INFO  impl.RaftServerProxy (RaftServerProxy.java:remove(95)) - 8209c85d-39f9-4a74-84fb-f0898ccad9a7: remove FOLLOWER group-84675FD45F3E 8209c85d-39f9-4a74-84fb-f0898ccad9a7:t1, leader=d32aef98-15ff-4f71-8b11-028ad1cc7fea, voted=8209c85d-39f9-4a74-84fb-f0898ccad9a7, raftlog=8209c85d-39f9-4a74-84fb-f0898ccad9a7-SegmentedRaftLog:OPENED:c77,f77,i77, conf=0: [d32aef98-15ff-4f71-8b11-028ad1cc7fea:192.168.69.97:39849, 8209c85d-39f9-4a74-84fb-f0898ccad9a7:192.168.69.97:36323, 35c1fd35-3817-4b47-af94-957c0cb692c1:192.168.69.97:32864], old=null RUNNING
2019-07-09 17:08:43,503 INFO  impl.RaftServerImpl (RaftServerImpl.java:lambda$shutdown$3(245)) - 8209c85d-39f9-4a74-84fb-f0898ccad9a7: shutdown group-84675FD45F3E
2019-07-09 17:08:43,503 INFO  util.JmxRegister (JmxRegister.java:unregister(73)) - Successfully un-registered JMX Bean with object name Ratis:service=RaftServer,group=group-84675FD45F3E,id=8209c85d-39f9-4a74-84fb-f0898ccad9a7
2019-07-09 17:08:43,503 INFO  impl.RoleInfo (RoleInfo.java:shutdownFollowerState(121)) - 8209c85d-39f9-4a74-84fb-f0898ccad9a7: shutdown FollowerState
2019-07-09 17:08:43,503 INFO  impl.StateMachineUpdater (StateMachineUpdater.java:stopAndJoin(115)) - StateMachineUpdater:8209c85d-39f9-4a74-84fb-f0898ccad9a7:group-84675FD45F3E: set stopIndex = 77
2019-07-09 17:08:43,503 INFO  ratis.ContainerStateMachine (ContainerStateMachine.java:takeSnapshot(244)) - Taking snapshot at termIndex:(t:1, i:75)
2019-07-09 17:08:43,509 INFO  ratis.ContainerStateMachine (ContainerStateMachine.java:takeSnapshot(248)) - Taking a snapshot to file /tmp/workdir/hadoop-ozone/tools/target/test-dir/MiniOzoneClusterImpl-91d4c584-90e5-4e69-854f-7e81d72c7177/datanode-0/data/ratis/502a339f-9fcc-4f38-ac7f-84675fd45f3e/sm/snapshot.1_75
2019-07-09 17:08:43,504 INFO  impl.FollowerState (FollowerState.java:run(114)) - 8209c85d-39f9-4a74-84fb-f0898ccad9a7: FollowerState was interrupted: java.lang.InterruptedException: sleep interrupted
2019-07-09 17:08:43,512 INFO  impl.StateMachineUpdater (StateMachineUpdater.java:takeSnapshot(242)) - StateMachineUpdater:8209c85d-39f9-4a74-84fb-f0898ccad9a7:group-84675FD45F3E: Took a snapshot at index 75
2019-07-09 17:08:43,512 INFO  impl.StateMachineUpdater (StateMachineUpdater.java:lambda$new$0(80)) - StateMachineUpdater:8209c85d-39f9-4a74-84fb-f0898ccad9a7:group-84675FD45F3E: snapshotIndex: updateIncreasingly -1 -> 75
2019-07-09 17:08:43,512 INFO  impl.RaftServerImpl (ServerState.java:close(394)) - 8209c85d-39f9-4a74-84fb-f0898ccad9a7:group-84675FD45F3E closes. The last applied log index is 77
2019-07-09 17:08:43,513 INFO  segmented.SegmentedRaftLogWorker (SegmentedRaftLogWorker.java:run(313)) - 8209c85d-39f9-4a74-84fb-f0898ccad9a7-SegmentedRaftLogWorker:Storage Directory /tmp/workdir/hadoop-ozone/tools/target/test-dir/MiniOzoneClusterImpl-91d4c584-90e5-4e69-854f-7e81d72c7177/datanode-0/data/ratis/502a339f-9fcc-4f38-ac7f-84675fd45f3e was interrupted, exiting. There are 0 tasks remaining in the queue.
2019-07-09 17:08:43,514 INFO  segmented.SegmentedRaftLogWorker (SegmentedRaftLogWorker.java:close(228)) - 8209c85d-39f9-4a74-84fb-f0898ccad9a7-SegmentedRaftLogWorker:Storage Directory /tmp/workdir/hadoop-ozone/tools/target/test-dir/MiniOzoneClusterImpl-91d4c584-90e5-4e69-854f-7e81d72c7177/datanode-0/data/ratis/502a339f-9fcc-4f38-ac7f-84675fd45f3e close()
2019-07-09 17:08:43,536 INFO  impl.RaftServerProxy (RaftServerProxy.java:remove(95)) - 35c1fd35-3817-4b47-af94-957c0cb692c1: remove FOLLOWER group-84675FD45F3E 35c1fd35-3817-4b47-af94-957c0cb692c1:t1, leader=d32aef98-15ff-4f71-8b11-028ad1cc7fea, voted=d32aef98-15ff-4f71-8b11-028ad1cc7fea, raftlog=35c1fd35-3817-4b47-af94-957c0cb692c1-SegmentedRaftLog:OPENED:c77,f77,i77, conf=0: [d32aef98-15ff-4f71-8b11-028ad1cc7fea:192.168.69.97:39849, 8209c85d-39f9-4a74-84fb-f0898ccad9a7:192.168.69.97:36323, 35c1fd35-3817-4b47-af94-957c0cb692c1:192.168.69.97:32864], old=null RUNNING
2019-07-09 17:08:43,536 INFO  impl.RaftServerImpl (RaftServerImpl.java:lambda$shutdown$3(245)) - 35c1fd35-3817-4b47-af94-957c0cb692c1: shutdown group-84675FD45F3E
2019-07-09 17:08:43,536 INFO  util.JmxRegister (JmxRegister.java:unregister(73)) - Successfully un-registered JMX Bean with object name Ratis:service=RaftServer,group=group-84675FD45F3E,id=35c1fd35-3817-4b47-af94-957c0cb692c1
2019-07-09 17:08:43,536 INFO  impl.RoleInfo (RoleInfo.java:shutdownFollowerState(121)) - 35c1fd35-3817-4b47-af94-957c0cb692c1: shutdown FollowerState
2019-07-09 17:08:43,537 INFO  impl.StateMachineUpdater (StateMachineUpdater.java:stopAndJoin(115)) - StateMachineUpdater:35c1fd35-3817-4b47-af94-957c0cb692c1:group-84675FD45F3E: set stopIndex = 77
2019-07-09 17:08:43,537 INFO  ratis.ContainerStateMachine (ContainerStateMachine.java:takeSnapshot(244)) - Taking snapshot at termIndex:(t:1, i:75)
2019-07-09 17:08:43,538 INFO  ratis.ContainerStateMachine (ContainerStateMachine.java:takeSnapshot(248)) - Taking a snapshot to file /tmp/workdir/hadoop-ozone/tools/target/test-dir/MiniOzoneClusterImpl-91d4c584-90e5-4e69-854f-7e81d72c7177/datanode-2/data/ratis/502a339f-9fcc-4f38-ac7f-84675fd45f3e/sm/snapshot.1_75
2019-07-09 17:08:43,537 INFO  impl.FollowerState (FollowerState.java:run(114)) - 35c1fd35-3817-4b47-af94-957c0cb692c1: FollowerState was interrupted: java.lang.InterruptedException: sleep interrupted
2019-07-09 17:08:43,539 INFO  impl.StateMachineUpdater (StateMachineUpdater.java:takeSnapshot(242)) - StateMachineUpdater:35c1fd35-3817-4b47-af94-957c0cb692c1:group-84675FD45F3E: Took a snapshot at index 75
2019-07-09 17:08:43,539 INFO  impl.StateMachineUpdater (StateMachineUpdater.java:lambda$new$0(80)) - StateMachineUpdater:35c1fd35-3817-4b47-af94-957c0cb692c1:group-84675FD45F3E: snapshotIndex: updateIncreasingly -1 -> 75
2019-07-09 17:08:43,539 INFO  impl.RaftServerImpl (ServerState.java:close(394)) - 35c1fd35-3817-4b47-af94-957c0cb692c1:group-84675FD45F3E closes. The last applied log index is 77
2019-07-09 17:08:43,540 INFO  segmented.SegmentedRaftLogWorker (SegmentedRaftLogWorker.java:run(313)) - 35c1fd35-3817-4b47-af94-957c0cb692c1-SegmentedRaftLogWorker:Storage Directory /tmp/workdir/hadoop-ozone/tools/target/test-dir/MiniOzoneClusterImpl-91d4c584-90e5-4e69-854f-7e81d72c7177/datanode-2/data/ratis/502a339f-9fcc-4f38-ac7f-84675fd45f3e was interrupted, exiting. There are 0 tasks remaining in the queue.
2019-07-09 17:08:43,541 INFO  segmented.SegmentedRaftLogWorker (SegmentedRaftLogWorker.java:close(228)) - 35c1fd35-3817-4b47-af94-957c0cb692c1-SegmentedRaftLogWorker:Storage Directory /tmp/workdir/hadoop-ozone/tools/target/test-dir/MiniOzoneClusterImpl-91d4c584-90e5-4e69-854f-7e81d72c7177/datanode-2/data/ratis/502a339f-9fcc-4f38-ac7f-84675fd45f3e close()
2019-07-09 17:08:43,550 INFO  pipeline.PipelineStateManager (PipelineStateManager.java:removePipeline(108)) - Pipeline Pipeline[ Id: 502a339f-9fcc-4f38-ac7f-84675fd45f3e, Nodes: d32aef98-15ff-4f71-8b11-028ad1cc7fea{ip: 192.168.69.97, host: hdds1735-xzvmn-2245274162, networkLocation: /default-rack, certSerialId: null}8209c85d-39f9-4a74-84fb-f0898ccad9a7{ip: 192.168.69.97, host: hdds1735-xzvmn-2245274162, networkLocation: /default-rack, certSerialId: null}35c1fd35-3817-4b47-af94-957c0cb692c1{ip: 192.168.69.97, host: hdds1735-xzvmn-2245274162, networkLocation: /default-rack, certSerialId: null}, Type:RATIS, Factor:THREE, State:CLOSED] removed from db
2019-07-09 17:08:43,568 INFO  impl.RaftServerProxy (RaftServerProxy.java:addNew(89)) - 35c1fd35-3817-4b47-af94-957c0cb692c1: addNew group-EFD138240458:[d32aef98-15ff-4f71-8b11-028ad1cc7fea:192.168.69.97:39849, 8209c85d-39f9-4a74-84fb-f0898ccad9a7:192.168.69.97:36323, 35c1fd35-3817-4b47-af94-957c0cb692c1:192.168.69.97:32864] returns group-EFD138240458:java.util.concurrent.CompletableFuture@75c3970a[Not completed]
2019-07-09 17:08:43,569 INFO  impl.RaftServerProxy (RaftServerProxy.java:addNew(89)) - 8209c85d-39f9-4a74-84fb-f0898ccad9a7: addNew group-EFD138240458:[d32aef98-15ff-4f71-8b11-028ad1cc7fea:192.168.69.97:39849, 8209c85d-39f9-4a74-84fb-f0898ccad9a7:192.168.69.97:36323, 35c1fd35-3817-4b47-af94-957c0cb692c1:192.168.69.97:32864] returns group-EFD138240458:java.util.concurrent.CompletableFuture@16461685[Not completed]
2019-07-09 17:08:43,569 INFO  impl.RaftServerProxy (RaftServerProxy.java:addNew(89)) - d32aef98-15ff-4f71-8b11-028ad1cc7fea: addNew group-EFD138240458:[d32aef98-15ff-4f71-8b11-028ad1cc7fea:192.168.69.97:39849, 8209c85d-39f9-4a74-84fb-f0898ccad9a7:192.168.69.97:36323, 35c1fd35-3817-4b47-af94-957c0cb692c1:192.168.69.97:32864] returns group-EFD138240458:java.util.concurrent.CompletableFuture@758f7ff6[Not completed]
2019-07-09 17:08:43,571 INFO  impl.RaftServerImpl (RaftServerImpl.java:<init>(93)) - 35c1fd35-3817-4b47-af94-957c0cb692c1: new RaftServerImpl for group-EFD138240458:[d32aef98-15ff-4f71-8b11-028ad1cc7fea:192.168.69.97:39849, 8209c85d-39f9-4a74-84fb-f0898ccad9a7:192.168.69.97:36323, 35c1fd35-3817-4b47-af94-957c0cb692c1:192.168.69.97:32864] with ContainerStateMachine:uninitialized
2019-07-09 17:08:43,571 INFO  server.RaftServerConfigKeys (ConfUtils.java:logGet(43)) - raft.server.rpc.timeout.min = 1s (custom)
2019-07-09 17:08:43,571 INFO  server.RaftServerConfigKeys (ConfUtils.java:logGet(43)) - raft.server.rpc.timeout.max = 1200ms (custom)
2019-07-09 17:08:43,571 INFO  server.RaftServerConfigKeys (ConfUtils.java:logGet(43)) - raft.server.rpcslowness.timeout = 120s (custom)
2019-07-09 17:08:43,571 INFO  server.RaftServerConfigKeys (ConfUtils.java:logGet(43)) - raft.server.sleep.deviation.threshold = 300 (default)
2019-07-09 17:08:43,571 INFO  server.RaftServerConfigKeys (ConfUtils.java:logGet(43)) - raft.server.log.appender.install.snapshot.enabled = false (custom)
2019-07-09 17:08:43,572 INFO  impl.RaftServerImpl (ServerState.java:<init>(105)) - 35c1fd35-3817-4b47-af94-957c0cb692c1:group-EFD138240458 ConfigurationManager, init=-1: [d32aef98-15ff-4f71-8b11-028ad1cc7fea:192.168.69.97:39849, 8209c85d-39f9-4a74-84fb-f0898ccad9a7:192.168.69.97:36323, 35c1fd35-3817-4b47-af94-957c0cb692c1:192.168.69.97:32864], old=null, confs=<EMPTY_MAP>
2019-07-09 17:08:43,572 INFO  impl.RaftServerImpl (RaftServerImpl.java:<init>(93)) - d32aef98-15ff-4f71-8b11-028ad1cc7fea: new RaftServerImpl for group-EFD138240458:[d32aef98-15ff-4f71-8b11-028ad1cc7fea:192.168.69.97:39849, 8209c85d-39f9-4a74-84fb-f0898ccad9a7:192.168.69.97:36323, 35c1fd35-3817-4b47-af94-957c0cb692c1:192.168.69.97:32864] with ContainerStateMachine:uninitialized
2019-07-09 17:08:43,572 INFO  server.RaftServerConfigKeys (ConfUtils.java:logGet(43)) - raft.server.storage.dir = [/tmp/workdir/hadoop-ozone/tools/target/test-dir/MiniOzoneClusterImpl-91d4c584-90e5-4e69-854f-7e81d72c7177/datanode-2/data/ratis] (custom)
2019-07-09 17:08:43,572 INFO  server.RaftServerConfigKeys (ConfUtils.java:logGet(43)) - raft.server.rpc.timeout.min = 1s (custom)
2019-07-09 17:08:43,572 INFO  server.RaftServerConfigKeys (ConfUtils.java:logGet(43)) - raft.server.rpc.timeout.max = 1200ms (custom)
2019-07-09 17:08:43,572 INFO  storage.RaftStorageDirectory (RaftStorageDirectory.java:analyzeStorage(246)) - The storage directory /tmp/workdir/hadoop-ozone/tools/target/test-dir/MiniOzoneClusterImpl-91d4c584-90e5-4e69-854f-7e81d72c7177/datanode-2/data/ratis/12630557-827f-44f7-a21a-efd138240458 does not exist. Creating ...
2019-07-09 17:08:43,572 INFO  server.RaftServerConfigKeys (ConfUtils.java:logGet(43)) - raft.server.rpcslowness.timeout = 120s (custom)
2019-07-09 17:08:43,572 INFO  impl.RaftServerImpl (RaftServerImpl.java:<init>(93)) - 8209c85d-39f9-4a74-84fb-f0898ccad9a7: new RaftServerImpl for group-EFD138240458:[d32aef98-15ff-4f71-8b11-028ad1cc7fea:192.168.69.97:39849, 8209c85d-39f9-4a74-84fb-f0898ccad9a7:192.168.69.97:36323, 35c1fd35-3817-4b47-af94-957c0cb692c1:192.168.69.97:32864] with ContainerStateMachine:uninitialized
2019-07-09 17:08:43,572 INFO  server.RaftServerConfigKeys (ConfUtils.java:logGet(43)) - raft.server.sleep.deviation.threshold = 300 (default)
2019-07-09 17:08:43,573 INFO  server.RaftServerConfigKeys (ConfUtils.java:logGet(43)) - raft.server.rpc.timeout.min = 1s (custom)
2019-07-09 17:08:43,573 INFO  server.RaftServerConfigKeys (ConfUtils.java:logGet(43)) - raft.server.log.appender.install.snapshot.enabled = false (custom)
2019-07-09 17:08:43,573 INFO  server.RaftServerConfigKeys (ConfUtils.java:logGet(43)) - raft.server.rpc.timeout.max = 1200ms (custom)
2019-07-09 17:08:43,573 INFO  impl.RaftServerImpl (ServerState.java:<init>(105)) - d32aef98-15ff-4f71-8b11-028ad1cc7fea:group-EFD138240458 ConfigurationManager, init=-1: [d32aef98-15ff-4f71-8b11-028ad1cc7fea:192.168.69.97:39849, 8209c85d-39f9-4a74-84fb-f0898ccad9a7:192.168.69.97:36323, 35c1fd35-3817-4b47-af94-957c0cb692c1:192.168.69.97:32864], old=null, confs=<EMPTY_MAP>
2019-07-09 17:08:43,573 INFO  server.RaftServerConfigKeys (ConfUtils.java:logGet(43)) - raft.server.rpcslowness.timeout = 120s (custom)
2019-07-09 17:08:43,573 INFO  server.RaftServerConfigKeys (ConfUtils.java:logGet(43)) - raft.server.storage.dir = [/tmp/workdir/hadoop-ozone/tools/target/test-dir/MiniOzoneClusterImpl-91d4c584-90e5-4e69-854f-7e81d72c7177/datanode-1/data/ratis] (custom)
2019-07-09 17:08:43,573 INFO  server.RaftServerConfigKeys (ConfUtils.java:logGet(43)) - raft.server.sleep.deviation.threshold = 300 (default)
2019-07-09 17:08:43,574 INFO  server.RaftServerConfigKeys (ConfUtils.java:logGet(43)) - raft.server.log.appender.install.snapshot.enabled = false (custom)
2019-07-09 17:08:43,574 INFO  storage.RaftStorageDirectory (RaftStorageDirectory.java:analyzeStorage(246)) - The storage directory /tmp/workdir/hadoop-ozone/tools/target/test-dir/MiniOzoneClusterImpl-91d4c584-90e5-4e69-854f-7e81d72c7177/datanode-1/data/ratis/12630557-827f-44f7-a21a-efd138240458 does not exist. Creating ...
2019-07-09 17:08:43,574 INFO  impl.RaftServerImpl (ServerState.java:<init>(105)) - 8209c85d-39f9-4a74-84fb-f0898ccad9a7:group-EFD138240458 ConfigurationManager, init=-1: [d32aef98-15ff-4f71-8b11-028ad1cc7fea:192.168.69.97:39849, 8209c85d-39f9-4a74-84fb-f0898ccad9a7:192.168.69.97:36323, 35c1fd35-3817-4b47-af94-957c0cb692c1:192.168.69.97:32864], old=null, confs=<EMPTY_MAP>
2019-07-09 17:08:43,574 INFO  server.RaftServerConfigKeys (ConfUtils.java:logGet(43)) - raft.server.storage.dir = [/tmp/workdir/hadoop-ozone/tools/target/test-dir/MiniOzoneClusterImpl-91d4c584-90e5-4e69-854f-7e81d72c7177/datanode-0/data/ratis] (custom)
2019-07-09 17:08:43,574 INFO  storage.RaftStorageDirectory (RaftStorageDirectory.java:analyzeStorage(246)) - The storage directory /tmp/workdir/hadoop-ozone/tools/target/test-dir/MiniOzoneClusterImpl-91d4c584-90e5-4e69-854f-7e81d72c7177/datanode-0/data/ratis/12630557-827f-44f7-a21a-efd138240458 does not exist. Creating ...
2019-07-09 17:08:43,587 INFO  storage.RaftStorageDirectory (RaftStorageDirectory.java:tryLock(328)) - Lock on /tmp/workdir/hadoop-ozone/tools/target/test-dir/MiniOzoneClusterImpl-91d4c584-90e5-4e69-854f-7e81d72c7177/datanode-2/data/ratis/12630557-827f-44f7-a21a-efd138240458/in_use.lock acquired by nodename 21157@hdds1735-xzvmn-2245274162
2019-07-09 17:08:43,587 INFO  storage.RaftStorageDirectory (RaftStorageDirectory.java:tryLock(328)) - Lock on /tmp/workdir/hadoop-ozone/tools/target/test-dir/MiniOzoneClusterImpl-91d4c584-90e5-4e69-854f-7e81d72c7177/datanode-1/data/ratis/12630557-827f-44f7-a21a-efd138240458/in_use.lock acquired by nodename 21157@hdds1735-xzvmn-2245274162
2019-07-09 17:08:43,587 INFO  storage.RaftStorageDirectory (RaftStorageDirectory.java:tryLock(328)) - Lock on /tmp/workdir/hadoop-ozone/tools/target/test-dir/MiniOzoneClusterImpl-91d4c584-90e5-4e69-854f-7e81d72c7177/datanode-0/data/ratis/12630557-827f-44f7-a21a-efd138240458/in_use.lock acquired by nodename 21157@hdds1735-xzvmn-2245274162
2019-07-09 17:08:43,600 INFO  storage.RaftStorage (RaftStorage.java:format(72)) - Storage directory /tmp/workdir/hadoop-ozone/tools/target/test-dir/MiniOzoneClusterImpl-91d4c584-90e5-4e69-854f-7e81d72c7177/datanode-0/data/ratis/12630557-827f-44f7-a21a-efd138240458 has been successfully formatted.
2019-07-09 17:08:43,600 INFO  storage.RaftStorage (RaftStorage.java:format(72)) - Storage directory /tmp/workdir/hadoop-ozone/tools/target/test-dir/MiniOzoneClusterImpl-91d4c584-90e5-4e69-854f-7e81d72c7177/datanode-1/data/ratis/12630557-827f-44f7-a21a-efd138240458 has been successfully formatted.
2019-07-09 17:08:43,600 INFO  storage.RaftStorage (RaftStorage.java:format(72)) - Storage directory /tmp/workdir/hadoop-ozone/tools/target/test-dir/MiniOzoneClusterImpl-91d4c584-90e5-4e69-854f-7e81d72c7177/datanode-2/data/ratis/12630557-827f-44f7-a21a-efd138240458 has been successfully formatted.
2019-07-09 17:08:43,600 INFO  ratis.ContainerStateMachine (ContainerStateMachine.java:loadSnapshot(198)) - The snapshot info is null.Setting the last applied index to:(t:0, i:~)
2019-07-09 17:08:43,601 INFO  ratis.ContainerStateMachine (ContainerStateMachine.java:loadSnapshot(198)) - The snapshot info is null.Setting the last applied index to:(t:0, i:~)
2019-07-09 17:08:43,601 INFO  ratis.ContainerStateMachine (ContainerStateMachine.java:loadSnapshot(198)) - The snapshot info is null.Setting the last applied index to:(t:0, i:~)
2019-07-09 17:08:43,601 INFO  server.RaftServerConfigKeys (ConfUtils.java:logGet(43)) - raft.server.leader.election.timeout = 120s (custom)
2019-07-09 17:08:43,601 INFO  server.RaftServerConfigKeys (ConfUtils.java:logGet(43)) - raft.server.leader.election.timeout = 120s (custom)
2019-07-09 17:08:43,601 INFO  server.RaftServerConfigKeys (ConfUtils.java:logGet(43)) - raft.server.log.use.memory = false (default)
2019-07-09 17:08:43,601 INFO  server.RaftServerConfigKeys (ConfUtils.java:logGet(43)) - raft.server.leader.election.timeout = 120s (custom)
2019-07-09 17:08:43,601 INFO  server.RaftServerConfigKeys (ConfUtils.java:logGet(43)) - raft.server.log.purge.gap = 1000000000 (custom)
2019-07-09 17:08:43,601 INFO  server.RaftServerConfigKeys (ConfUtils.java:logGet(43)) - raft.server.log.use.memory = false (default)
2019-07-09 17:08:43,602 INFO  server.RaftServerConfigKeys (ConfUtils.java:logGet(43)) - raft.server.log.appender.buffer.byte-limit = 33554432 (custom)
2019-07-09 17:08:43,601 INFO  server.RaftServerConfigKeys (ConfUtils.java:logGet(43)) - raft.server.log.use.memory = false (default)
2019-07-09 17:08:43,602 INFO  server.RaftServerConfigKeys (ConfUtils.java:logGet(43)) - raft.server.log.segment.size.max = 1048576 (custom)
2019-07-09 17:08:43,602 INFO  server.RaftServerConfigKeys (ConfUtils.java:logGet(43)) - raft.server.log.purge.gap = 1000000000 (custom)
2019-07-09 17:08:43,602 INFO  server.RaftServerConfigKeys (ConfUtils.java:logGet(43)) - raft.server.log.segment.cache.num.max = 2 (custom)
2019-07-09 17:08:43,602 INFO  server.RaftServerConfigKeys (ConfUtils.java:logGet(43)) - raft.server.log.purge.gap = 1000000000 (custom)
2019-07-09 17:08:43,602 INFO  segmented.SegmentedRaftLogWorker (SegmentedRaftLogWorker.java:<init>(172)) - new 35c1fd35-3817-4b47-af94-957c0cb692c1-SegmentedRaftLogWorker:Storage Directory /tmp/workdir/hadoop-ozone/tools/target/test-dir/MiniOzoneClusterImpl-91d4c584-90e5-4e69-854f-7e81d72c7177/datanode-2/data/ratis/12630557-827f-44f7-a21a-efd138240458 for RaftStorage:Storage Directory /tmp/workdir/hadoop-ozone/tools/target/test-dir/MiniOzoneClusterImpl-91d4c584-90e5-4e69-854f-7e81d72c7177/datanode-2/data/ratis/12630557-827f-44f7-a21a-efd138240458
2019-07-09 17:08:43,602 INFO  server.RaftServerConfigKeys (ConfUtils.java:logGet(43)) - raft.server.log.appender.buffer.byte-limit = 33554432 (custom)
2019-07-09 17:08:43,603 INFO  server.RaftServerConfigKeys (ConfUtils.java:logGet(43)) - raft.server.log.queue.byte-limit = 2147483647 (custom)
2019-07-09 17:08:43,604 INFO  server.RaftServerConfigKeys (ConfUtils.java:logGet(43)) - raft.server.log.queue.element-limit = 1024 (custom)
2019-07-09 17:08:43,602 INFO  server.RaftServerConfigKeys (ConfUtils.java:logGet(43)) - raft.server.log.appender.buffer.byte-limit = 33554432 (custom)
2019-07-09 17:08:43,604 INFO  server.RaftServerConfigKeys (ConfUtils.java:logGet(43)) - raft.server.log.segment.size.max = 1048576 (custom)
2019-07-09 17:08:43,604 INFO  server.RaftServerConfigKeys (ConfUtils.java:logGet(43)) - raft.server.log.segment.size.max = 1048576 (custom)
2019-07-09 17:08:43,603 INFO  server.RaftServerConfigKeys (ConfUtils.java:logGet(43)) - raft.server.log.segment.size.max = 1048576 (custom)
2019-07-09 17:08:43,604 INFO  server.RaftServerConfigKeys (ConfUtils.java:logGet(43)) - raft.server.log.segment.cache.num.max = 2 (custom)
2019-07-09 17:08:43,604 INFO  server.RaftServerConfigKeys (ConfUtils.java:logGet(43)) - raft.server.log.preallocated.size = 16384 (custom)
2019-07-09 17:08:43,605 INFO  segmented.SegmentedRaftLogWorker (SegmentedRaftLogWorker.java:<init>(172)) - new d32aef98-15ff-4f71-8b11-028ad1cc7fea-SegmentedRaftLogWorker:Storage Directory /tmp/workdir/hadoop-ozone/tools/target/test-dir/MiniOzoneClusterImpl-91d4c584-90e5-4e69-854f-7e81d72c7177/datanode-1/data/ratis/12630557-827f-44f7-a21a-efd138240458 for RaftStorage:Storage Directory /tmp/workdir/hadoop-ozone/tools/target/test-dir/MiniOzoneClusterImpl-91d4c584-90e5-4e69-854f-7e81d72c7177/datanode-1/data/ratis/12630557-827f-44f7-a21a-efd138240458
2019-07-09 17:08:43,605 INFO  server.RaftServerConfigKeys (ConfUtils.java:logGet(43)) - raft.server.log.segment.cache.num.max = 2 (custom)
2019-07-09 17:08:43,605 INFO  server.RaftServerConfigKeys (ConfUtils.java:logGet(43)) - raft.server.log.queue.byte-limit = 2147483647 (custom)
2019-07-09 17:08:43,605 INFO  server.RaftServerConfigKeys (ConfUtils.java:logGet(43)) - raft.server.log.write.buffer.size = 33554432 (custom)
2019-07-09 17:08:43,606 INFO  server.RaftServerConfigKeys (ConfUtils.java:logGet(43)) - raft.server.log.queue.element-limit = 1024 (custom)
2019-07-09 17:08:43,605 INFO  segmented.SegmentedRaftLogWorker (SegmentedRaftLogWorker.java:<init>(172)) - new 8209c85d-39f9-4a74-84fb-f0898ccad9a7-SegmentedRaftLogWorker:Storage Directory /tmp/workdir/hadoop-ozone/tools/target/test-dir/MiniOzoneClusterImpl-91d4c584-90e5-4e69-854f-7e81d72c7177/datanode-0/data/ratis/12630557-827f-44f7-a21a-efd138240458 for RaftStorage:Storage Directory /tmp/workdir/hadoop-ozone/tools/target/test-dir/MiniOzoneClusterImpl-91d4c584-90e5-4e69-854f-7e81d72c7177/datanode-0/data/ratis/12630557-827f-44f7-a21a-efd138240458
2019-07-09 17:08:43,606 INFO  server.RaftServerConfigKeys (ConfUtils.java:logGet(43)) - raft.server.log.segment.size.max = 1048576 (custom)
2019-07-09 17:08:43,606 INFO  server.RaftServerConfigKeys (ConfUtils.java:logGet(43)) - raft.server.log.force.sync.num = 128 (default)
2019-07-09 17:08:43,607 INFO  server.RaftServerConfigKeys (ConfUtils.java:logGet(43)) - raft.server.log.preallocated.size = 16384 (custom)
2019-07-09 17:08:43,606 INFO  server.RaftServerConfigKeys (ConfUtils.java:logGet(43)) - raft.server.log.queue.byte-limit = 2147483647 (custom)
2019-07-09 17:08:43,608 INFO  server.RaftServerConfigKeys (ConfUtils.java:logGet(43)) - raft.server.log.write.buffer.size = 33554432 (custom)
2019-07-09 17:08:43,608 INFO  server.RaftServerConfigKeys (ConfUtils.java:logGet(43)) - raft.server.log.statemachine.data.sync = true (default)
2019-07-09 17:08:43,608 INFO  server.RaftServerConfigKeys (ConfUtils.java:logGet(43)) - raft.server.log.force.sync.num = 128 (default)
2019-07-09 17:08:43,608 INFO  server.RaftServerConfigKeys (ConfUtils.java:logGet(43)) - raft.server.log.queue.element-limit = 1024 (custom)
2019-07-09 17:08:43,608 INFO  server.RaftServerConfigKeys (ConfUtils.java:logGet(43)) - raft.server.log.statemachine.data.sync = true (default)
2019-07-09 17:08:43,608 INFO  server.RaftServerConfigKeys (ConfUtils.java:logGet(43)) - raft.server.log.statemachine.data.sync.timeout = 10s (default)
2019-07-09 17:08:43,609 INFO  server.RaftServerConfigKeys (ConfUtils.java:logGet(43)) - raft.server.log.statemachine.data.sync.timeout = 10s (default)
2019-07-09 17:08:43,609 INFO  server.RaftServerConfigKeys (ConfUtils.java:logGet(43)) - raft.server.log.segment.size.max = 1048576 (custom)
2019-07-09 17:08:43,609 INFO  server.RaftServerConfigKeys (ConfUtils.java:logGet(43)) - raft.server.log.statemachine.data.sync.timeout.retry = -1 (default)
2019-07-09 17:08:43,609 INFO  server.RaftServerConfigKeys (ConfUtils.java:logGet(43)) - raft.server.log.statemachine.data.sync.timeout.retry = -1 (default)
2019-07-09 17:08:43,609 INFO  server.RaftServerConfigKeys (ConfUtils.java:logGet(43)) - raft.server.log.preallocated.size = 16384 (custom)
2019-07-09 17:08:43,609 INFO  server.RaftServerConfigKeys (ConfUtils.java:logGet(43)) - raft.server.log.statemachine.data.caching.enabled = true (custom)
2019-07-09 17:08:43,609 INFO  server.RaftServerConfigKeys (ConfUtils.java:logGet(43)) - raft.server.log.statemachine.data.caching.enabled = true (custom)
2019-07-09 17:08:43,610 INFO  server.RaftServerConfigKeys (ConfUtils.java:logGet(43)) - raft.server.log.write.buffer.size = 33554432 (custom)
2019-07-09 17:08:43,610 INFO  segmented.SegmentedRaftLogWorker (SegmentedRaftLogWorker.java:lambda$new$0(132)) - 35c1fd35-3817-4b47-af94-957c0cb692c1-SegmentedRaftLogWorker:Storage Directory /tmp/workdir/hadoop-ozone/tools/target/test-dir/MiniOzoneClusterImpl-91d4c584-90e5-4e69-854f-7e81d72c7177/datanode-2/data/ratis/12630557-827f-44f7-a21a-efd138240458: flushIndex: setUnconditionally 0 -> -1
2019-07-09 17:08:43,610 INFO  segmented.SegmentedRaftLogWorker (SegmentedRaftLogWorker.java:lambda$new$0(132)) - d32aef98-15ff-4f71-8b11-028ad1cc7fea-SegmentedRaftLogWorker:Storage Directory /tmp/workdir/hadoop-ozone/tools/target/test-dir/MiniOzoneClusterImpl-91d4c584-90e5-4e69-854f-7e81d72c7177/datanode-1/data/ratis/12630557-827f-44f7-a21a-efd138240458: flushIndex: setUnconditionally 0 -> -1
2019-07-09 17:08:43,610 INFO  server.RaftServerConfigKeys (ConfUtils.java:logGet(43)) - raft.server.log.force.sync.num = 128 (default)
2019-07-09 17:08:43,610 INFO  server.RaftServerConfigKeys (ConfUtils.java:logGet(43)) - raft.server.snapshot.auto.trigger.enabled = true (custom)
2019-07-09 17:08:43,610 INFO  server.RaftServerConfigKeys (ConfUtils.java:logGet(43)) - raft.server.log.statemachine.data.sync = true (default)
2019-07-09 17:08:43,610 INFO  server.RaftServerConfigKeys (ConfUtils.java:logGet(43)) - raft.server.snapshot.auto.trigger.threshold = 10000 (custom)
2019-07-09 17:08:43,610 INFO  server.RaftServerConfigKeys (ConfUtils.java:logGet(43)) - raft.server.snapshot.auto.trigger.enabled = true (custom)
2019-07-09 17:08:43,611 INFO  server.RaftServerConfigKeys (ConfUtils.java:logGet(43)) - raft.server.retrycache.expirytime = 600000ms (custom)
2019-07-09 17:08:43,611 INFO  server.RaftServerConfigKeys (ConfUtils.java:logGet(43)) - raft.server.log.statemachine.data.sync.timeout = 10s (default)
2019-07-09 17:08:43,611 INFO  impl.RaftServerImpl (RaftServerImpl.java:start(180)) - 35c1fd35-3817-4b47-af94-957c0cb692c1: start group-EFD138240458
2019-07-09 17:08:43,611 INFO  server.RaftServerConfigKeys (ConfUtils.java:logGet(43)) - raft.server.snapshot.auto.trigger.threshold = 10000 (custom)
2019-07-09 17:08:43,611 INFO  impl.RaftServerImpl (RaftServerImpl.java:setRole(171)) - 35c1fd35-3817-4b47-af94-957c0cb692c1:group-EFD138240458 changes role from null to FOLLOWER at term 0 for startAsFollower
2019-07-09 17:08:43,611 INFO  server.RaftServerConfigKeys (ConfUtils.java:logGet(43)) - raft.server.log.statemachine.data.sync.timeout.retry = -1 (default)
2019-07-09 17:08:43,611 INFO  server.RaftServerConfigKeys (ConfUtils.java:logGet(43)) - raft.server.retrycache.expirytime = 600000ms (custom)
2019-07-09 17:08:43,611 INFO  impl.RoleInfo (RoleInfo.java:updateAndGet(143)) - 35c1fd35-3817-4b47-af94-957c0cb692c1: start FollowerState
2019-07-09 17:08:43,612 INFO  server.RaftServerConfigKeys (ConfUtils.java:logGet(43)) - raft.server.log.statemachine.data.caching.enabled = true (custom)
2019-07-09 17:08:43,612 INFO  impl.RaftServerImpl (RaftServerImpl.java:start(180)) - d32aef98-15ff-4f71-8b11-028ad1cc7fea: start group-EFD138240458
2019-07-09 17:08:43,612 INFO  segmented.SegmentedRaftLogWorker (SegmentedRaftLogWorker.java:lambda$new$0(132)) - 8209c85d-39f9-4a74-84fb-f0898ccad9a7-SegmentedRaftLogWorker:Storage Directory /tmp/workdir/hadoop-ozone/tools/target/test-dir/MiniOzoneClusterImpl-91d4c584-90e5-4e69-854f-7e81d72c7177/datanode-0/data/ratis/12630557-827f-44f7-a21a-efd138240458: flushIndex: setUnconditionally 0 -> -1
2019-07-09 17:08:43,613 INFO  impl.RaftServerImpl (RaftServerImpl.java:setRole(171)) - d32aef98-15ff-4f71-8b11-028ad1cc7fea:group-EFD138240458 changes role from null to FOLLOWER at term 0 for startAsFollower
2019-07-09 17:08:43,613 INFO  util.JmxRegister (JmxRegister.java:tryRegister(44)) - Successfully registered JMX Bean with object name Ratis:service=RaftServer,group=group-EFD138240458,id=35c1fd35-3817-4b47-af94-957c0cb692c1
2019-07-09 17:08:43,613 INFO  server.RaftServerConfigKeys (ConfUtils.java:logGet(43)) - raft.server.snapshot.auto.trigger.enabled = true (custom)
2019-07-09 17:08:43,613 INFO  impl.RoleInfo (RoleInfo.java:updateAndGet(143)) - d32aef98-15ff-4f71-8b11-028ad1cc7fea: start FollowerState
2019-07-09 17:08:43,614 INFO  server.RaftServerConfigKeys (ConfUtils.java:logGet(43)) - raft.server.snapshot.auto.trigger.threshold = 10000 (custom)
2019-07-09 17:08:43,614 INFO  server.RaftServerConfigKeys (ConfUtils.java:logGet(43)) - raft.server.retrycache.expirytime = 600000ms (custom)
2019-07-09 17:08:43,614 INFO  util.JmxRegister (JmxRegister.java:tryRegister(44)) - Successfully registered JMX Bean with object name Ratis:service=RaftServer,group=group-EFD138240458,id=d32aef98-15ff-4f71-8b11-028ad1cc7fea
2019-07-09 17:08:43,614 INFO  impl.RaftServerImpl (RaftServerImpl.java:start(180)) - 8209c85d-39f9-4a74-84fb-f0898ccad9a7: start group-EFD138240458
2019-07-09 17:08:43,615 INFO  impl.RaftServerImpl (RaftServerImpl.java:setRole(171)) - 8209c85d-39f9-4a74-84fb-f0898ccad9a7:group-EFD138240458 changes role from null to FOLLOWER at term 0 for startAsFollower
2019-07-09 17:08:43,615 INFO  impl.RoleInfo (RoleInfo.java:updateAndGet(143)) - 8209c85d-39f9-4a74-84fb-f0898ccad9a7: start FollowerState
2019-07-09 17:08:43,617 INFO  util.JmxRegister (JmxRegister.java:tryRegister(44)) - Successfully registered JMX Bean with object name Ratis:service=RaftServer,group=group-EFD138240458,id=8209c85d-39f9-4a74-84fb-f0898ccad9a7
2019-07-09 17:08:43,632 INFO  pipeline.PipelineStateManager (PipelineStateManager.java:addPipeline(56)) - Created pipeline Pipeline[ Id: 12630557-827f-44f7-a21a-efd138240458, Nodes: d32aef98-15ff-4f71-8b11-028ad1cc7fea{ip: 192.168.69.97, host: hdds1735-xzvmn-2245274162, networkLocation: /default-rack, certSerialId: null}8209c85d-39f9-4a74-84fb-f0898ccad9a7{ip: 192.168.69.97, host: hdds1735-xzvmn-2245274162, networkLocation: /default-rack, certSerialId: null}35c1fd35-3817-4b47-af94-957c0cb692c1{ip: 192.168.69.97, host: hdds1735-xzvmn-2245274162, networkLocation: /default-rack, certSerialId: null}, Type:RATIS, Factor:THREE, State:OPEN]
2019-07-09 17:08:43,689 INFO  freon.RandomKeyGenerator (RandomKeyGenerator.java:call(262)) - Number of Threads: 10
2019-07-09 17:08:43,689 INFO  freon.RandomKeyGenerator (RandomKeyGenerator.java:call(267)) - Number of Volumes: 1.
2019-07-09 17:08:43,689 INFO  freon.RandomKeyGenerator (RandomKeyGenerator.java:call(268)) - Number of Buckets per Volume: 1.
2019-07-09 17:08:43,689 INFO  freon.RandomKeyGenerator (RandomKeyGenerator.java:call(269)) - Number of Keys per Bucket: 1.
2019-07-09 17:08:43,689 INFO  freon.RandomKeyGenerator (RandomKeyGenerator.java:call(270)) - Key size: 20971520 bytes
2019-07-09 17:08:43,689 INFO  freon.RandomKeyGenerator (RandomKeyGenerator.java:call(271)) - Buffer size: 4096 bytes
2019-07-09 17:08:43,690 INFO  freon.RandomKeyGenerator (RandomKeyGenerator.java:call(286)) - Data validation is enabled.
2019-07-09 17:08:43,690 INFO  freon.RandomKeyGenerator (RandomKeyGenerator.java:call(299)) - Starting progress bar Thread.

2019-07-09 17:08:43,690 INFO  rpc.RpcClient (RpcClient.java:createVolume(289)) - Creating Volume: vol-0-28272, with jenkins1000 as owner.
 0.00% |█                                                                                                    |  0/1 Time: 0:00:002019-07-09 17:08:43,702 INFO  rpc.RpcClient (RpcClient.java:createBucket(426)) - Creating Bucket: vol-0-28272/bucket-0-91471, with Versioning false and Storage Type set to DISK and Encryption set to false 
2019-07-09 17:08:43,738 INFO  client.GrpcClientProtocolClient (GrpcClientProtocolClient.java:onNext(255)) - client-859DF632E170->d32aef98-15ff-4f71-8b11-028ad1cc7fea: receive RaftClientReply:client-859DF632E170->d32aef98-15ff-4f71-8b11-028ad1cc7fea@group-EFD138240458, cid=61, FAILED org.apache.ratis.protocol.NotLeaderException: Server d32aef98-15ff-4f71-8b11-028ad1cc7fea is not the leader (null). Request must be sent to leader., logIndex=0, commits[d32aef98-15ff-4f71-8b11-028ad1cc7fea:c-1]
2019-07-09 17:08:44,634 INFO  impl.FollowerState (FollowerState.java:run(106)) - 35c1fd35-3817-4b47-af94-957c0cb692c1:group-EFD138240458 changes to CANDIDATE, lastRpcTime:1022, electionTimeout:1021ms
2019-07-09 17:08:44,634 INFO  impl.RoleInfo (RoleInfo.java:shutdownFollowerState(121)) - 35c1fd35-3817-4b47-af94-957c0cb692c1: shutdown FollowerState
2019-07-09 17:08:44,635 INFO  impl.RaftServerImpl (RaftServerImpl.java:setRole(171)) - 35c1fd35-3817-4b47-af94-957c0cb692c1:group-EFD138240458 changes role from FOLLOWER to CANDIDATE at term 0 for changeToCandidate
2019-07-09 17:08:44,635 INFO  impl.RoleInfo (RoleInfo.java:updateAndGet(143)) - 35c1fd35-3817-4b47-af94-957c0cb692c1: start LeaderElection
2019-07-09 17:08:44,652 INFO  impl.FollowerState (FollowerState.java:run(106)) - d32aef98-15ff-4f71-8b11-028ad1cc7fea:group-EFD138240458 changes to CANDIDATE, lastRpcTime:1038, electionTimeout:1038ms
2019-07-09 17:08:44,652 INFO  impl.RoleInfo (RoleInfo.java:shutdownFollowerState(121)) - d32aef98-15ff-4f71-8b11-028ad1cc7fea: shutdown FollowerState
2019-07-09 17:08:44,653 INFO  impl.RaftServerImpl (RaftServerImpl.java:setRole(171)) - d32aef98-15ff-4f71-8b11-028ad1cc7fea:group-EFD138240458 changes role from FOLLOWER to CANDIDATE at term 0 for changeToCandidate
2019-07-09 17:08:44,653 INFO  impl.RoleInfo (RoleInfo.java:updateAndGet(143)) - d32aef98-15ff-4f71-8b11-028ad1cc7fea: start LeaderElection
2019-07-09 17:08:44,655 INFO  impl.LeaderElection (LeaderElection.java:askForVotes(181)) - 35c1fd35-3817-4b47-af94-957c0cb692c1:group-EFD138240458:LeaderElection6: begin an election at term 1 for -1: [d32aef98-15ff-4f71-8b11-028ad1cc7fea:192.168.69.97:39849, 8209c85d-39f9-4a74-84fb-f0898ccad9a7:192.168.69.97:36323, 35c1fd35-3817-4b47-af94-957c0cb692c1:192.168.69.97:32864], old=null
2019-07-09 17:08:44,669 INFO  impl.RaftServerImpl (RaftServerImpl.java:setRole(171)) - 8209c85d-39f9-4a74-84fb-f0898ccad9a7:group-EFD138240458 changes role from FOLLOWER to FOLLOWER at term 1 for recognizeCandidate:35c1fd35-3817-4b47-af94-957c0cb692c1
2019-07-09 17:08:44,669 INFO  impl.LeaderElection (LeaderElection.java:askForVotes(181)) - d32aef98-15ff-4f71-8b11-028ad1cc7fea:group-EFD138240458:LeaderElection7: begin an election at term 1 for -1: [d32aef98-15ff-4f71-8b11-028ad1cc7fea:192.168.69.97:39849, 8209c85d-39f9-4a74-84fb-f0898ccad9a7:192.168.69.97:36323, 35c1fd35-3817-4b47-af94-957c0cb692c1:192.168.69.97:32864], old=null
2019-07-09 17:08:44,669 INFO  impl.RoleInfo (RoleInfo.java:shutdownFollowerState(121)) - 8209c85d-39f9-4a74-84fb-f0898ccad9a7: shutdown FollowerState
2019-07-09 17:08:44,670 INFO  impl.FollowerState (FollowerState.java:run(114)) - 8209c85d-39f9-4a74-84fb-f0898ccad9a7: FollowerState was interrupted: java.lang.InterruptedException: sleep interrupted
2019-07-09 17:08:44,670 INFO  impl.RoleInfo (RoleInfo.java:updateAndGet(143)) - 8209c85d-39f9-4a74-84fb-f0898ccad9a7: start FollowerState
 0.00% |█                                                                                                    |  0/1 Time: 0:00:012019-07-09 17:08:44,693 INFO  impl.LeaderElection (LeaderElection.java:logAndReturn(56)) - 35c1fd35-3817-4b47-af94-957c0cb692c1:group-EFD138240458:LeaderElection6: Election PASSED; received 2 response(s) [35c1fd35-3817-4b47-af94-957c0cb692c1<-d32aef98-15ff-4f71-8b11-028ad1cc7fea#0:FAIL-t1, 35c1fd35-3817-4b47-af94-957c0cb692c1<-8209c85d-39f9-4a74-84fb-f0898ccad9a7#0:OK-t1] and 0 exception(s); 35c1fd35-3817-4b47-af94-957c0cb692c1:t1, leader=null, voted=35c1fd35-3817-4b47-af94-957c0cb692c1, raftlog=35c1fd35-3817-4b47-af94-957c0cb692c1-SegmentedRaftLog:OPENED:c-1,f-1,i0, conf=-1: [d32aef98-15ff-4f71-8b11-028ad1cc7fea:192.168.69.97:39849, 8209c85d-39f9-4a74-84fb-f0898ccad9a7:192.168.69.97:36323, 35c1fd35-3817-4b47-af94-957c0cb692c1:192.168.69.97:32864], old=null
2019-07-09 17:08:44,693 INFO  impl.RoleInfo (RoleInfo.java:shutdownLeaderElection(134)) - 35c1fd35-3817-4b47-af94-957c0cb692c1: shutdown LeaderElection
2019-07-09 17:08:44,693 INFO  impl.LeaderElection (LeaderElection.java:logAndReturn(56)) - d32aef98-15ff-4f71-8b11-028ad1cc7fea:group-EFD138240458:LeaderElection7: Election REJECTED; received 2 response(s) [d32aef98-15ff-4f71-8b11-028ad1cc7fea<-8209c85d-39f9-4a74-84fb-f0898ccad9a7#0:FAIL-t1, d32aef98-15ff-4f71-8b11-028ad1cc7fea<-35c1fd35-3817-4b47-af94-957c0cb692c1#0:FAIL-t1] and 0 exception(s); d32aef98-15ff-4f71-8b11-028ad1cc7fea:t1, leader=null, voted=d32aef98-15ff-4f71-8b11-028ad1cc7fea, raftlog=d32aef98-15ff-4f71-8b11-028ad1cc7fea-SegmentedRaftLog:OPENED:c-1,f-1,i0, conf=-1: [d32aef98-15ff-4f71-8b11-028ad1cc7fea:192.168.69.97:39849, 8209c85d-39f9-4a74-84fb-f0898ccad9a7:192.168.69.97:36323, 35c1fd35-3817-4b47-af94-957c0cb692c1:192.168.69.97:32864], old=null
2019-07-09 17:08:44,694 INFO  impl.RaftServerImpl (RaftServerImpl.java:setRole(171)) - 35c1fd35-3817-4b47-af94-957c0cb692c1:group-EFD138240458 changes role from CANDIDATE to LEADER at term 1 for changeToLeader
2019-07-09 17:08:44,695 INFO  impl.RaftServerImpl (RaftServerImpl.java:setRole(171)) - d32aef98-15ff-4f71-8b11-028ad1cc7fea:group-EFD138240458 changes role from CANDIDATE to FOLLOWER at term 1 for DISCOVERED_A_NEW_TERM
2019-07-09 17:08:44,695 INFO  impl.RaftServerImpl (ServerState.java:setLeader(263)) - 35c1fd35-3817-4b47-af94-957c0cb692c1:group-EFD138240458 change Leader from null to 35c1fd35-3817-4b47-af94-957c0cb692c1 at term 1 for becomeLeader, leader elected after 1093ms
2019-07-09 17:08:44,696 INFO  impl.RoleInfo (RoleInfo.java:shutdownLeaderElection(134)) - d32aef98-15ff-4f71-8b11-028ad1cc7fea: shutdown LeaderElection
2019-07-09 17:08:44,696 INFO  server.RaftServerConfigKeys (ConfUtils.java:logGet(43)) - raft.server.staging.catchup.gap = 1000 (default)
2019-07-09 17:08:44,697 INFO  impl.RoleInfo (RoleInfo.java:updateAndGet(143)) - d32aef98-15ff-4f71-8b11-028ad1cc7fea: start FollowerState
2019-07-09 17:08:44,697 INFO  server.RaftServerConfigKeys (ConfUtils.java:logGet(43)) - raft.server.rpc.sleep.time = 25ms (default)
2019-07-09 17:08:44,698 INFO  server.RaftServerConfigKeys (ConfUtils.java:logGet(43)) - raft.server.write.element-limit = 4096 (default)
2019-07-09 17:08:44,698 INFO  server.RaftServerConfigKeys (ConfUtils.java:logGet(43)) - raft.server.watch.timeout = 10s (default)
2019-07-09 17:08:44,699 INFO  server.RaftServerConfigKeys (ConfUtils.java:logGet(43)) - raft.server.watch.timeout.denomination = 1s (default)
2019-07-09 17:08:44,699 INFO  server.RaftServerConfigKeys (ConfUtils.java:logGet(43)) - raft.server.watch.element-limit = 65536 (default)
2019-07-09 17:08:44,699 INFO  server.RaftServerConfigKeys (ConfUtils.java:logGet(43)) - raft.server.log.appender.snapshot.chunk.size.max = 16MB (=16777216) (default)
2019-07-09 17:08:44,699 INFO  server.RaftServerConfigKeys (ConfUtils.java:logGet(43)) - raft.server.log.appender.buffer.byte-limit = 33554432 (custom)
2019-07-09 17:08:44,700 INFO  server.RaftServerConfigKeys (ConfUtils.java:logGet(43)) - raft.server.log.appender.buffer.element-limit = 1 (custom)
2019-07-09 17:08:44,700 INFO  grpc.GrpcConfigKeys$Server (ConfUtils.java:logGet(43)) - raft.grpc.server.leader.outstanding.appends.max = 128 (default)
2019-07-09 17:08:44,700 INFO  server.RaftServerConfigKeys (ConfUtils.java:logGet(43)) - raft.server.rpc.request.timeout = 3000ms (default)
2019-07-09 17:08:44,700 INFO  server.RaftServerConfigKeys (ConfUtils.java:logGet(43)) - raft.server.log.appender.install.snapshot.enabled = false (custom)
2019-07-09 17:08:44,701 INFO  server.RaftServerConfigKeys (ConfUtils.java:logGet(43)) - raft.server.log.appender.snapshot.chunk.size.max = 16MB (=16777216) (default)
2019-07-09 17:08:44,701 INFO  server.RaftServerConfigKeys (ConfUtils.java:logGet(43)) - raft.server.log.appender.buffer.byte-limit = 33554432 (custom)
2019-07-09 17:08:44,701 INFO  server.RaftServerConfigKeys (ConfUtils.java:logGet(43)) - raft.server.log.appender.buffer.element-limit = 1 (custom)
2019-07-09 17:08:44,701 INFO  grpc.GrpcConfigKeys$Server (ConfUtils.java:logGet(43)) - raft.grpc.server.leader.outstanding.appends.max = 128 (default)
2019-07-09 17:08:44,701 INFO  server.RaftServerConfigKeys (ConfUtils.java:logGet(43)) - raft.server.rpc.request.timeout = 3000ms (default)
2019-07-09 17:08:44,702 INFO  server.RaftServerConfigKeys (ConfUtils.java:logGet(43)) - raft.server.log.appender.install.snapshot.enabled = false (custom)
2019-07-09 17:08:44,702 INFO  impl.RoleInfo (RoleInfo.java:updateAndGet(143)) - 35c1fd35-3817-4b47-af94-957c0cb692c1: start LeaderState
2019-07-09 17:08:44,702 INFO  segmented.SegmentedRaftLogWorker (SegmentedRaftLogWorker.java:startLogSegment(380)) - 35c1fd35-3817-4b47-af94-957c0cb692c1-SegmentedRaftLogWorker:Storage Directory /tmp/workdir/hadoop-ozone/tools/target/test-dir/MiniOzoneClusterImpl-91d4c584-90e5-4e69-854f-7e81d72c7177/datanode-2/data/ratis/12630557-827f-44f7-a21a-efd138240458: Starting segment from index:0
2019-07-09 17:08:44,703 INFO  impl.RaftServerImpl (ServerState.java:setRaftConf(361)) - 35c1fd35-3817-4b47-af94-957c0cb692c1:group-EFD138240458 set configuration 0: [d32aef98-15ff-4f71-8b11-028ad1cc7fea:192.168.69.97:39849, 8209c85d-39f9-4a74-84fb-f0898ccad9a7:192.168.69.97:36323, 35c1fd35-3817-4b47-af94-957c0cb692c1:192.168.69.97:32864], old=null at 0
2019-07-09 17:08:44,726 INFO  impl.RaftServerImpl (ServerState.java:setLeader(263)) - 8209c85d-39f9-4a74-84fb-f0898ccad9a7:group-EFD138240458 change Leader from null to 35c1fd35-3817-4b47-af94-957c0cb692c1 at term 1 for appendEntries, leader elected after 1125ms
2019-07-09 17:08:44,726 INFO  impl.RaftServerImpl (ServerState.java:setLeader(263)) - d32aef98-15ff-4f71-8b11-028ad1cc7fea:group-EFD138240458 change Leader from null to 35c1fd35-3817-4b47-af94-957c0cb692c1 at term 1 for appendEntries, leader elected after 1124ms
2019-07-09 17:08:44,729 INFO  impl.RaftServerImpl (ServerState.java:setRaftConf(361)) - 8209c85d-39f9-4a74-84fb-f0898ccad9a7:group-EFD138240458 set configuration 0: [d32aef98-15ff-4f71-8b11-028ad1cc7fea:192.168.69.97:39849, 8209c85d-39f9-4a74-84fb-f0898ccad9a7:192.168.69.97:36323, 35c1fd35-3817-4b47-af94-957c0cb692c1:192.168.69.97:32864], old=null at 0
2019-07-09 17:08:44,729 INFO  impl.RaftServerImpl (ServerState.java:setRaftConf(361)) - d32aef98-15ff-4f71-8b11-028ad1cc7fea:group-EFD138240458 set configuration 0: [d32aef98-15ff-4f71-8b11-028ad1cc7fea:192.168.69.97:39849, 8209c85d-39f9-4a74-84fb-f0898ccad9a7:192.168.69.97:36323, 35c1fd35-3817-4b47-af94-957c0cb692c1:192.168.69.97:32864], old=null at 0
2019-07-09 17:08:44,729 INFO  segmented.SegmentedRaftLogWorker (SegmentedRaftLogWorker.java:startLogSegment(380)) - 8209c85d-39f9-4a74-84fb-f0898ccad9a7-SegmentedRaftLogWorker:Storage Directory /tmp/workdir/hadoop-ozone/tools/target/test-dir/MiniOzoneClusterImpl-91d4c584-90e5-4e69-854f-7e81d72c7177/datanode-0/data/ratis/12630557-827f-44f7-a21a-efd138240458: Starting segment from index:0
2019-07-09 17:08:44,729 INFO  segmented.SegmentedRaftLogWorker (SegmentedRaftLogWorker.java:startLogSegment(380)) - d32aef98-15ff-4f71-8b11-028ad1cc7fea-SegmentedRaftLogWorker:Storage Directory /tmp/workdir/hadoop-ozone/tools/target/test-dir/MiniOzoneClusterImpl-91d4c584-90e5-4e69-854f-7e81d72c7177/datanode-1/data/ratis/12630557-827f-44f7-a21a-efd138240458: Starting segment from index:0
2019-07-09 17:08:44,736 INFO  segmented.SegmentedRaftLogWorker (SegmentedRaftLogWorker.java:execute(569)) - 35c1fd35-3817-4b47-af94-957c0cb692c1-SegmentedRaftLogWorker:Storage Directory /tmp/workdir/hadoop-ozone/tools/target/test-dir/MiniOzoneClusterImpl-91d4c584-90e5-4e69-854f-7e81d72c7177/datanode-2/data/ratis/12630557-827f-44f7-a21a-efd138240458: created new log segment /tmp/workdir/hadoop-ozone/tools/target/test-dir/MiniOzoneClusterImpl-91d4c584-90e5-4e69-854f-7e81d72c7177/datanode-2/data/ratis/12630557-827f-44f7-a21a-efd138240458/current/log_inprogress_0
2019-07-09 17:08:44,764 INFO  segmented.SegmentedRaftLogWorker (SegmentedRaftLogWorker.java:execute(569)) - 8209c85d-39f9-4a74-84fb-f0898ccad9a7-SegmentedRaftLogWorker:Storage Directory /tmp/workdir/hadoop-ozone/tools/target/test-dir/MiniOzoneClusterImpl-91d4c584-90e5-4e69-854f-7e81d72c7177/datanode-0/data/ratis/12630557-827f-44f7-a21a-efd138240458: created new log segment /tmp/workdir/hadoop-ozone/tools/target/test-dir/MiniOzoneClusterImpl-91d4c584-90e5-4e69-854f-7e81d72c7177/datanode-0/data/ratis/12630557-827f-44f7-a21a-efd138240458/current/log_inprogress_0
2019-07-09 17:08:44,764 INFO  segmented.SegmentedRaftLogWorker (SegmentedRaftLogWorker.java:execute(569)) - d32aef98-15ff-4f71-8b11-028ad1cc7fea-SegmentedRaftLogWorker:Storage Directory /tmp/workdir/hadoop-ozone/tools/target/test-dir/MiniOzoneClusterImpl-91d4c584-90e5-4e69-854f-7e81d72c7177/datanode-1/data/ratis/12630557-827f-44f7-a21a-efd138240458: created new log segment /tmp/workdir/hadoop-ozone/tools/target/test-dir/MiniOzoneClusterImpl-91d4c584-90e5-4e69-854f-7e81d72c7177/datanode-1/data/ratis/12630557-827f-44f7-a21a-efd138240458/current/log_inprogress_0
2019-07-09 17:08:44,766 INFO  client.GrpcClientProtocolClient (GrpcClientProtocolClient.java:onNext(255)) - client-859DF632E170->8209c85d-39f9-4a74-84fb-f0898ccad9a7: receive RaftClientReply:client-859DF632E170->8209c85d-39f9-4a74-84fb-f0898ccad9a7@group-EFD138240458, cid=61, FAILED org.apache.ratis.protocol.NotLeaderException: Server 8209c85d-39f9-4a74-84fb-f0898ccad9a7 is not the leader (35c1fd35-3817-4b47-af94-957c0cb692c1:192.168.69.97:32864). Request must be sent to leader., logIndex=0, commits[8209c85d-39f9-4a74-84fb-f0898ccad9a7:c-1, d32aef98-15ff-4f71-8b11-028ad1cc7fea:c-1, 35c1fd35-3817-4b47-af94-957c0cb692c1:c-1]
2019-07-09 17:08:44,893 INFO  client.GrpcClientProtocolClient (GrpcClientProtocolClient.java:onNext(255)) - client-859DF632E170->35c1fd35-3817-4b47-af94-957c0cb692c1: receive RaftClientReply:client-859DF632E170->35c1fd35-3817-4b47-af94-957c0cb692c1@group-EFD138240458, cid=61, SUCCESS, logIndex=1, commits[35c1fd35-3817-4b47-af94-957c0cb692c1:c1, d32aef98-15ff-4f71-8b11-028ad1cc7fea:c0, 8209c85d-39f9-4a74-84fb-f0898ccad9a7:c0]
2019-07-09 17:08:44,964 INFO  client.GrpcClientProtocolClient (GrpcClientProtocolClient.java:onNext(255)) - client-859DF632E170->35c1fd35-3817-4b47-af94-957c0cb692c1: receive RaftClientReply:client-859DF632E170->35c1fd35-3817-4b47-af94-957c0cb692c1@group-EFD138240458, cid=62, SUCCESS, logIndex=3, commits[35c1fd35-3817-4b47-af94-957c0cb692c1:c8, d32aef98-15ff-4f71-8b11-028ad1cc7fea:c5, 8209c85d-39f9-4a74-84fb-f0898ccad9a7:c5]
2019-07-09 17:08:44,966 INFO  client.GrpcClientProtocolClient (GrpcClientProtocolClient.java:onNext(255)) - client-859DF632E170->35c1fd35-3817-4b47-af94-957c0cb692c1: receive RaftClientReply:client-859DF632E170->35c1fd35-3817-4b47-af94-957c0cb692c1@group-EFD138240458, cid=63, SUCCESS, logIndex=4, commits[35c1fd35-3817-4b47-af94-957c0cb692c1:c8, d32aef98-15ff-4f71-8b11-028ad1cc7fea:c5, 8209c85d-39f9-4a74-84fb-f0898ccad9a7:c5]
2019-07-09 17:08:45,061 INFO  client.GrpcClientProtocolClient (GrpcClientProtocolClient.java:onNext(255)) - client-859DF632E170->35c1fd35-3817-4b47-af94-957c0cb692c1: receive RaftClientReply:client-859DF632E170->35c1fd35-3817-4b47-af94-957c0cb692c1@group-EFD138240458, cid=64, SUCCESS, logIndex=5, commits[35c1fd35-3817-4b47-af94-957c0cb692c1:c8, d32aef98-15ff-4f71-8b11-028ad1cc7fea:c5, 8209c85d-39f9-4a74-84fb-f0898ccad9a7:c5]
2019-07-09 17:08:45,096 INFO  client.GrpcClientProtocolClient (GrpcClientProtocolClient.java:onNext(255)) - client-859DF632E170->35c1fd35-3817-4b47-af94-957c0cb692c1: receive RaftClientReply:client-859DF632E170->35c1fd35-3817-4b47-af94-957c0cb692c1@group-EFD138240458, cid=65, SUCCESS, logIndex=9, commits[35c1fd35-3817-4b47-af94-957c0cb692c1:c10, d32aef98-15ff-4f71-8b11-028ad1cc7fea:c8, 8209c85d-39f9-4a74-84fb-f0898ccad9a7:c8]
2019-07-09 17:08:45,099 INFO  client.GrpcClientProtocolClient (GrpcClientProtocolClient.java:onNext(255)) - client-859DF632E170->35c1fd35-3817-4b47-af94-957c0cb692c1: receive RaftClientReply:client-859DF632E170->35c1fd35-3817-4b47-af94-957c0cb692c1@group-EFD138240458, cid=66, SUCCESS, logIndex=10, commits[35c1fd35-3817-4b47-af94-957c0cb692c1:c11, d32aef98-15ff-4f71-8b11-028ad1cc7fea:c8, 8209c85d-39f9-4a74-84fb-f0898ccad9a7:c8]
2019-07-09 17:08:45,101 INFO  client.GrpcClientProtocolClient (GrpcClientProtocolClient.java:onNext(255)) - client-859DF632E170->35c1fd35-3817-4b47-af94-957c0cb692c1: receive RaftClientReply:client-859DF632E170->35c1fd35-3817-4b47-af94-957c0cb692c1@group-EFD138240458, cid=67, SUCCESS, logIndex=11, commits[35c1fd35-3817-4b47-af94-957c0cb692c1:c12, d32aef98-15ff-4f71-8b11-028ad1cc7fea:c8, 8209c85d-39f9-4a74-84fb-f0898ccad9a7:c8]
2019-07-09 17:08:45,101 INFO  client.GrpcClientProtocolClient (GrpcClientProtocolClient.java:onNext(255)) - client-859DF632E170->35c1fd35-3817-4b47-af94-957c0cb692c1: receive RaftClientReply:client-859DF632E170->35c1fd35-3817-4b47-af94-957c0cb692c1@group-EFD138240458, cid=68, SUCCESS, logIndex=12, commits[35c1fd35-3817-4b47-af94-957c0cb692c1:c14, d32aef98-15ff-4f71-8b11-028ad1cc7fea:c10, 8209c85d-39f9-4a74-84fb-f0898ccad9a7:c9]
2019-07-09 17:08:45,107 INFO  client.GrpcClientProtocolClient (GrpcClientProtocolClient.java:onNext(255)) - client-859DF632E170->35c1fd35-3817-4b47-af94-957c0cb692c1: receive RaftClientReply:client-859DF632E170->35c1fd35-3817-4b47-af94-957c0cb692c1@group-EFD138240458, cid=69, SUCCESS, logIndex=0, commits[35c1fd35-3817-4b47-af94-957c0cb692c1:c16, d32aef98-15ff-4f71-8b11-028ad1cc7fea:c12, 8209c85d-39f9-4a74-84fb-f0898ccad9a7:c12]
2019-07-09 17:08:45,110 INFO  client.GrpcClientProtocolClient (GrpcClientProtocolClient.java:onNext(255)) - client-859DF632E170->35c1fd35-3817-4b47-af94-957c0cb692c1: receive RaftClientReply:client-859DF632E170->35c1fd35-3817-4b47-af94-957c0cb692c1@group-EFD138240458, cid=70, SUCCESS, logIndex=0, commits[35c1fd35-3817-4b47-af94-957c0cb692c1:c16, d32aef98-15ff-4f71-8b11-028ad1cc7fea:c12, 8209c85d-39f9-4a74-84fb-f0898ccad9a7:c12]
2019-07-09 17:08:45,119 INFO  keyvalue.KeyValueHandler (ContainerUtils.java:logAndReturnError(146)) - Operation: CreateContainer : Trace ID: 11baefa22f5485da:58837f25b4a776be:91b734c6538046d5:0 : Message: Container creation failed, due to disk out of space : Result: DISK_OUT_OF_SPACE
2019-07-09 17:08:45,123 INFO  keyvalue.KeyValueHandler (ContainerUtils.java:logAndReturnError(146)) - Operation: CreateContainer : Trace ID: 11baefa22f5485da:58837f25b4a776be:91b734c6538046d5:0 : Message: Container creation failed, due to disk out of space : Result: DISK_OUT_OF_SPACE
2019-07-09 17:08:45,126 INFO  keyvalue.KeyValueHandler (ContainerUtils.java:logAndReturnError(146)) - Operation: CreateContainer : Trace ID: 11baefa22f5485da:e6e74bc25ef5dbcf:91b734c6538046d5:0 : Message: Container creation failed, due to disk out of space : Result: DISK_OUT_OF_SPACE
2019-07-09 17:08:45,131 INFO  keyvalue.KeyValueHandler (ContainerUtils.java:logAndReturnError(146)) - Operation: CreateContainer : Trace ID: 11baefa22f5485da:e6e74bc25ef5dbcf:91b734c6538046d5:0 : Message: Container creation failed, due to disk out of space : Result: DISK_OUT_OF_SPACE
17:08:45.122 [pool-68-thread-33] ERROR DNAudit - user=null | ip=null | op=WRITE_CHUNK {blockData=conID: 5 locID: 102412591019393032 bcsId: 0} | ret=FAILURE
org.apache.hadoop.hdds.scm.container.common.helpers.StorageContainerException: ContainerID 5 creation failed
	at org.apache.hadoop.ozone.container.common.impl.HddsDispatcher.dispatchRequest(HddsDispatcher.java:227) ~[classes/:?]
	at org.apache.hadoop.ozone.container.common.impl.HddsDispatcher.dispatch(HddsDispatcher.java:148) ~[classes/:?]
	at org.apache.hadoop.ozone.container.common.transport.server.ratis.ContainerStateMachine.dispatchCommand(ContainerStateMachine.java:346) ~[classes/:?]
	at org.apache.hadoop.ozone.container.common.transport.server.ratis.ContainerStateMachine.runCommand(ContainerStateMachine.java:353) ~[classes/:?]
	at org.apache.hadoop.ozone.container.common.transport.server.ratis.ContainerStateMachine.lambda$handleWriteChunk$0(ContainerStateMachine.java:384) ~[classes/:?]
	at java.util.concurrent.CompletableFuture$AsyncSupply.run(CompletableFuture.java:1590) [?:1.8.0_212]
	at java.util.concurrent.ThreadPoolExecutor.runWorker(ThreadPoolExecutor.java:1149) [?:1.8.0_212]
	at java.util.concurrent.ThreadPoolExecutor$Worker.run(ThreadPoolExecutor.java:624) [?:1.8.0_212]
	at java.lang.Thread.run(Thread.java:748) [?:1.8.0_212]
17:08:45.126 [pool-47-thread-6] ERROR DNAudit - user=null | ip=null | op=WRITE_CHUNK {blockData=conID: 5 locID: 102412591019393032 bcsId: 0} | ret=FAILURE
org.apache.hadoop.hdds.scm.container.common.helpers.StorageContainerException: ContainerID 5 creation failed
	at org.apache.hadoop.ozone.container.common.impl.HddsDispatcher.dispatchRequest(HddsDispatcher.java:227) ~[classes/:?]
	at org.apache.hadoop.ozone.container.common.impl.HddsDispatcher.dispatch(HddsDispatcher.java:148) ~[classes/:?]
	at org.apache.hadoop.ozone.container.common.transport.server.ratis.ContainerStateMachine.dispatchCommand(ContainerStateMachine.java:346) ~[classes/:?]
	at org.apache.hadoop.ozone.container.common.transport.server.ratis.ContainerStateMachine.runCommand(ContainerStateMachine.java:353) ~[classes/:?]
	at org.apache.hadoop.ozone.container.common.transport.server.ratis.ContainerStateMachine.lambda$handleWriteChunk$0(ContainerStateMachine.java:384) ~[classes/:?]
	at java.util.concurrent.CompletableFuture$AsyncSupply.run(CompletableFuture.java:1590) [?:1.8.0_212]
	at java.util.concurrent.ThreadPoolExecutor.runWorker(ThreadPoolExecutor.java:1149) [?:1.8.0_212]
	at java.util.concurrent.ThreadPoolExecutor$Worker.run(ThreadPoolExecutor.java:624) [?:1.8.0_212]
	at java.lang.Thread.run(Thread.java:748) [?:1.8.0_212]
17:08:45.131 [pool-47-thread-4] ERROR DNAudit - user=null | ip=null | op=WRITE_CHUNK {blockData=conID: 5 locID: 102412591019393032 bcsId: 0} | ret=FAILURE
org.apache.hadoop.hdds.scm.container.common.helpers.StorageContainerException: ContainerID 5 creation failed
	at org.apache.hadoop.ozone.container.common.impl.HddsDispatcher.dispatchRequest(HddsDispatcher.java:227) ~[classes/:?]
	at org.apache.hadoop.ozone.container.common.impl.HddsDispatcher.dispatch(HddsDispatcher.java:148) ~[classes/:?]
	at org.apache.hadoop.ozone.container.common.transport.server.ratis.ContainerStateMachine.dispatchCommand(ContainerStateMachine.java:346) ~[classes/:?]
	at org.apache.hadoop.ozone.container.common.transport.server.ratis.ContainerStateMachine.runCommand(ContainerStateMachine.java:353) ~[classes/:?]
	at org.apache.hadoop.ozone.container.common.transport.server.ratis.ContainerStateMachine.lambda$handleWriteChunk$0(ContainerStateMachine.java:384) ~[classes/:?]
	at java.util.concurrent.CompletableFuture$AsyncSupply.run(CompletableFuture.java:1590) [?:1.8.0_212]
	at java.util.concurrent.ThreadPoolExecutor.runWorker(ThreadPoolExecutor.java:1149) [?:1.8.0_212]
	at java.util.concurrent.ThreadPoolExecutor$Worker.run(ThreadPoolExecutor.java:624) [?:1.8.0_212]
	at java.lang.Thread.run(Thread.java:748) [?:1.8.0_212]
17:08:45.127 [pool-68-thread-36] ERROR DNAudit - user=null | ip=null | op=WRITE_CHUNK {blockData=conID: 5 locID: 102412591019393032 bcsId: 0} | ret=FAILURE
org.apache.hadoop.hdds.scm.container.common.helpers.StorageContainerException: ContainerID 5 creation failed
	at org.apache.hadoop.ozone.container.common.impl.HddsDispatcher.dispatchRequest(HddsDispatcher.java:227) ~[classes/:?]
	at org.apache.hadoop.ozone.container.common.impl.HddsDispatcher.dispatch(HddsDispatcher.java:148) ~[classes/:?]
	at org.apache.hadoop.ozone.container.common.transport.server.ratis.ContainerStateMachine.dispatchCommand(ContainerStateMachine.java:346) ~[classes/:?]
	at org.apache.hadoop.ozone.container.common.transport.server.ratis.ContainerStateMachine.runCommand(ContainerStateMachine.java:353) ~[classes/:?]
	at org.apache.hadoop.ozone.container.common.transport.server.ratis.ContainerStateMachine.lambda$handleWriteChunk$0(ContainerStateMachine.java:384) ~[classes/:?]
	at java.util.concurrent.CompletableFuture$AsyncSupply.run(CompletableFuture.java:1590) [?:1.8.0_212]
	at java.util.concurrent.ThreadPoolExecutor.runWorker(ThreadPoolExecutor.java:1149) [?:1.8.0_212]
	at java.util.concurrent.ThreadPoolExecutor$Worker.run(ThreadPoolExecutor.java:624) [?:1.8.0_212]
	at java.lang.Thread.run(Thread.java:748) [?:1.8.0_212]
2019-07-09 17:08:45,138 INFO  impl.HddsDispatcher (ContainerUtils.java:logAndReturnError(146)) - Operation: WriteChunk : Trace ID: 11baefa22f5485da:58837f25b4a776be:91b734c6538046d5:0 : Message: ContainerID 5 creation failed : Result: DISK_OUT_OF_SPACE
2019-07-09 17:08:45,138 INFO  impl.HddsDispatcher (ContainerUtils.java:logAndReturnError(146)) - Operation: WriteChunk : Trace ID: 11baefa22f5485da:e6e74bc25ef5dbcf:91b734c6538046d5:0 : Message: ContainerID 5 creation failed : Result: DISK_OUT_OF_SPACE
2019-07-09 17:08:45,140 INFO  impl.HddsDispatcher (ContainerUtils.java:logAndReturnError(146)) - Operation: WriteChunk : Trace ID: 11baefa22f5485da:58837f25b4a776be:91b734c6538046d5:0 : Message: ContainerID 5 creation failed : Result: DISK_OUT_OF_SPACE
2019-07-09 17:08:45,140 INFO  impl.HddsDispatcher (ContainerUtils.java:logAndReturnError(146)) - Operation: WriteChunk : Trace ID: 11baefa22f5485da:e6e74bc25ef5dbcf:91b734c6538046d5:0 : Message: ContainerID 5 creation failed : Result: DISK_OUT_OF_SPACE
17:08:45.164 [pool-74-thread-1] ERROR DNAudit - user=null | ip=null | op=WRITE_CHUNK {blockData=conID: 5 locID: 102412591019393032 bcsId: 0} | ret=FAILURE
org.apache.hadoop.hdds.scm.container.common.helpers.StorageContainerException: ContainerID 5 does not exist
	at org.apache.hadoop.ozone.container.common.impl.HddsDispatcher.dispatchRequest(HddsDispatcher.java:242) ~[classes/:?]
	at org.apache.hadoop.ozone.container.common.impl.HddsDispatcher.dispatch(HddsDispatcher.java:148) ~[classes/:?]
	at org.apache.hadoop.ozone.container.common.transport.server.ratis.ContainerStateMachine.dispatchCommand(ContainerStateMachine.java:346) ~[classes/:?]
	at org.apache.hadoop.ozone.container.common.transport.server.ratis.ContainerStateMachine.runCommand(ContainerStateMachine.java:353) ~[classes/:?]
	at org.apache.hadoop.ozone.container.common.transport.server.ratis.ContainerStateMachine.lambda$applyTransaction$5(ContainerStateMachine.java:620) ~[classes/:?]
	at java.util.concurrent.CompletableFuture$AsyncSupply.run(CompletableFuture.java:1590) [?:1.8.0_212]
	at java.util.concurrent.ThreadPoolExecutor.runWorker(ThreadPoolExecutor.java:1149) [?:1.8.0_212]
	at java.util.concurrent.ThreadPoolExecutor$Worker.run(ThreadPoolExecutor.java:624) [?:1.8.0_212]
	at java.lang.Thread.run(Thread.java:748) [?:1.8.0_212]
2019-07-09 17:08:45,165 INFO  impl.HddsDispatcher (ContainerUtils.java:logAndReturnError(146)) - Operation: WriteChunk : Trace ID: 11baefa22f5485da:58837f25b4a776be:91b734c6538046d5:0 : Message: ContainerID 5 does not exist : Result: CONTAINER_NOT_FOUND
17:08:45.166 [pool-74-thread-1] ERROR DNAudit - user=null | ip=null | op=PUT_BLOCK {blockData=[blockId=conID: 5 locID: 102412591019393032 bcsId: 0,size=1048576]} | ret=FAILURE
org.apache.hadoop.hdds.scm.container.common.helpers.StorageContainerException: ContainerID 5 does not exist
	at org.apache.hadoop.ozone.container.common.impl.HddsDispatcher.dispatchRequest(HddsDispatcher.java:242) ~[classes/:?]
	at org.apache.hadoop.ozone.container.common.impl.HddsDispatcher.dispatch(HddsDispatcher.java:148) ~[classes/:?]
	at org.apache.hadoop.ozone.container.common.transport.server.ratis.ContainerStateMachine.dispatchCommand(ContainerStateMachine.java:346) ~[classes/:?]
	at org.apache.hadoop.ozone.container.common.transport.server.ratis.ContainerStateMachine.runCommand(ContainerStateMachine.java:353) ~[classes/:?]
	at org.apache.hadoop.ozone.container.common.transport.server.ratis.ContainerStateMachine.lambda$applyTransaction$5(ContainerStateMachine.java:620) ~[classes/:?]
	at java.util.concurrent.CompletableFuture$AsyncSupply.run(CompletableFuture.java:1590) [?:1.8.0_212]
	at java.util.concurrent.ThreadPoolExecutor.runWorker(ThreadPoolExecutor.java:1149) [?:1.8.0_212]
	at java.util.concurrent.ThreadPoolExecutor$Worker.run(ThreadPoolExecutor.java:624) [?:1.8.0_212]
	at java.lang.Thread.run(Thread.java:748) [?:1.8.0_212]
2019-07-09 17:08:45,167 INFO  client.GrpcClientProtocolClient (GrpcClientProtocolClient.java:onNext(255)) - client-859DF632E170->35c1fd35-3817-4b47-af94-957c0cb692c1: receive RaftClientReply:client-859DF632E170->35c1fd35-3817-4b47-af94-957c0cb692c1@group-EFD138240458, cid=71, SUCCESS, logIndex=17, commits[35c1fd35-3817-4b47-af94-957c0cb692c1:c20, d32aef98-15ff-4f71-8b11-028ad1cc7fea:c16, 8209c85d-39f9-4a74-84fb-f0898ccad9a7:c12]
2019-07-09 17:08:45,167 INFO  impl.HddsDispatcher (ContainerUtils.java:logAndReturnError(146)) - Operation: PutBlock : Trace ID: 11baefa22f5485da:51e3a95408aa892b:91b734c6538046d5:0 : Message: ContainerID 5 does not exist : Result: CONTAINER_NOT_FOUND
17:08:45.168 [pool-74-thread-1] ERROR DNAudit - user=null | ip=null | op=WRITE_CHUNK {blockData=conID: 5 locID: 102412591019393032 bcsId: 0} | ret=FAILURE
org.apache.hadoop.hdds.scm.container.common.helpers.StorageContainerException: ContainerID 5 does not exist
	at org.apache.hadoop.ozone.container.common.impl.HddsDispatcher.dispatchRequest(HddsDispatcher.java:242) ~[classes/:?]
	at org.apache.hadoop.ozone.container.common.impl.HddsDispatcher.dispatch(HddsDispatcher.java:148) ~[classes/:?]
	at org.apache.hadoop.ozone.container.common.transport.server.ratis.ContainerStateMachine.dispatchCommand(ContainerStateMachine.java:346) ~[classes/:?]
	at org.apache.hadoop.ozone.container.common.transport.server.ratis.ContainerStateMachine.runCommand(ContainerStateMachine.java:353) ~[classes/:?]
	at org.apache.hadoop.ozone.container.common.transport.server.ratis.ContainerStateMachine.lambda$applyTransaction$5(ContainerStateMachine.java:620) ~[classes/:?]
	at java.util.concurrent.CompletableFuture$AsyncSupply.run(CompletableFuture.java:1590) [?:1.8.0_212]
	at java.util.concurrent.ThreadPoolExecutor.runWorker(ThreadPoolExecutor.java:1149) [?:1.8.0_212]
	at java.util.concurrent.ThreadPoolExecutor$Worker.run(ThreadPoolExecutor.java:624) [?:1.8.0_212]
	at java.lang.Thread.run(Thread.java:748) [?:1.8.0_212]
2019-07-09 17:08:45,168 INFO  impl.HddsDispatcher (ContainerUtils.java:logAndReturnError(146)) - Operation: WriteChunk : Trace ID: 11baefa22f5485da:e6e74bc25ef5dbcf:91b734c6538046d5:0 : Message: ContainerID 5 does not exist : Result: CONTAINER_NOT_FOUND
17:08:45.169 [pool-74-thread-1] ERROR DNAudit - user=null | ip=null | op=PUT_BLOCK {blockData=[blockId=conID: 5 locID: 102412591019393032 bcsId: 0,size=2097152]} | ret=FAILURE
org.apache.hadoop.hdds.scm.container.common.helpers.StorageContainerException: ContainerID 5 does not exist
	at org.apache.hadoop.ozone.container.common.impl.HddsDispatcher.dispatchRequest(HddsDispatcher.java:242) ~[classes/:?]
	at org.apache.hadoop.ozone.container.common.impl.HddsDispatcher.dispatch(HddsDispatcher.java:148) ~[classes/:?]
	at org.apache.hadoop.ozone.container.common.transport.server.ratis.ContainerStateMachine.dispatchCommand(ContainerStateMachine.java:346) ~[classes/:?]
	at org.apache.hadoop.ozone.container.common.transport.server.ratis.ContainerStateMachine.runCommand(ContainerStateMachine.java:353) ~[classes/:?]
	at org.apache.hadoop.ozone.container.common.transport.server.ratis.ContainerStateMachine.lambda$applyTransaction$5(ContainerStateMachine.java:620) ~[classes/:?]
	at java.util.concurrent.CompletableFuture$AsyncSupply.run(CompletableFuture.java:1590) [?:1.8.0_212]
	at java.util.concurrent.ThreadPoolExecutor.runWorker(ThreadPoolExecutor.java:1149) [?:1.8.0_212]
	at java.util.concurrent.ThreadPoolExecutor$Worker.run(ThreadPoolExecutor.java:624) [?:1.8.0_212]
	at java.lang.Thread.run(Thread.java:748) [?:1.8.0_212]
2019-07-09 17:08:45,168 ERROR storage.BlockOutputStream (BlockOutputStream.java:validateResponse(538)) - Unexpected Storage Container Exception: 
org.apache.hadoop.hdds.scm.container.common.helpers.StorageContainerException: ContainerID 5 does not exist
	at org.apache.hadoop.hdds.scm.storage.ContainerProtocolCalls.validateContainerResponse(ContainerProtocolCalls.java:536)
	at org.apache.hadoop.hdds.scm.storage.BlockOutputStream.validateResponse(BlockOutputStream.java:536)
	at org.apache.hadoop.hdds.scm.storage.BlockOutputStream.lambda$writeChunkToContainer$2(BlockOutputStream.java:614)
	at java.util.concurrent.CompletableFuture.uniApply(CompletableFuture.java:602)
	at java.util.concurrent.CompletableFuture$UniApply.tryFire(CompletableFuture.java:577)
	at java.util.concurrent.CompletableFuture$Completion.run(CompletableFuture.java:442)
	at java.util.concurrent.ThreadPoolExecutor.runWorker(ThreadPoolExecutor.java:1149)
	at java.util.concurrent.ThreadPoolExecutor$Worker.run(ThreadPoolExecutor.java:624)
	at java.lang.Thread.run(Thread.java:748)
2019-07-09 17:08:45,168 INFO  client.GrpcClientProtocolClient (GrpcClientProtocolClient.java:onNext(255)) - client-859DF632E170->35c1fd35-3817-4b47-af94-957c0cb692c1: receive RaftClientReply:client-859DF632E170->35c1fd35-3817-4b47-af94-957c0cb692c1@group-EFD138240458, cid=72, SUCCESS, logIndex=18, commits[35c1fd35-3817-4b47-af94-957c0cb692c1:c20, d32aef98-15ff-4f71-8b11-028ad1cc7fea:c16, 8209c85d-39f9-4a74-84fb-f0898ccad9a7:c12]
2019-07-09 17:08:45,170 INFO  impl.HddsDispatcher (ContainerUtils.java:logAndReturnError(146)) - Operation: PutBlock : Trace ID: 11baefa22f5485da:9c525bcde47f08af:91b734c6538046d5:0 : Message: ContainerID 5 does not exist : Result: CONTAINER_NOT_FOUND
2019-07-09 17:08:45,171 INFO  client.GrpcClientProtocolClient (GrpcClientProtocolClient.java:onNext(255)) - client-859DF632E170->35c1fd35-3817-4b47-af94-957c0cb692c1: receive RaftClientReply:client-859DF632E170->35c1fd35-3817-4b47-af94-957c0cb692c1@group-EFD138240458, cid=73, SUCCESS, logIndex=19, commits[35c1fd35-3817-4b47-af94-957c0cb692c1:c20, d32aef98-15ff-4f71-8b11-028ad1cc7fea:c16, 8209c85d-39f9-4a74-84fb-f0898ccad9a7:c12]
2019-07-09 17:08:45,172 INFO  client.GrpcClientProtocolClient (GrpcClientProtocolClient.java:onNext(255)) - client-859DF632E170->35c1fd35-3817-4b47-af94-957c0cb692c1: receive RaftClientReply:client-859DF632E170->35c1fd35-3817-4b47-af94-957c0cb692c1@group-EFD138240458, cid=74, SUCCESS, logIndex=20, commits[35c1fd35-3817-4b47-af94-957c0cb692c1:c20, d32aef98-15ff-4f71-8b11-028ad1cc7fea:c16, 8209c85d-39f9-4a74-84fb-f0898ccad9a7:c12]
2019-07-09 17:08:45,175 ERROR freon.RandomKeyGenerator (RandomKeyGenerator.java:run(718)) - Exception while adding key: key-0-75872 in bucket: bucket-0-91471 of volume: vol-0-28272.
java.io.IOException: Unexpected Storage Container Exception: org.apache.hadoop.hdds.scm.container.common.helpers.StorageContainerException: ContainerID 5 does not exist
	at org.apache.hadoop.hdds.scm.storage.BlockOutputStream.setIoException(BlockOutputStream.java:548)
	at org.apache.hadoop.hdds.scm.storage.BlockOutputStream.validateResponse(BlockOutputStream.java:539)
	at org.apache.hadoop.hdds.scm.storage.BlockOutputStream.lambda$writeChunkToContainer$2(BlockOutputStream.java:614)
	at java.util.concurrent.CompletableFuture.uniApply(CompletableFuture.java:602)
	at java.util.concurrent.CompletableFuture$UniApply.tryFire(CompletableFuture.java:577)
	at java.util.concurrent.CompletableFuture$Completion.run(CompletableFuture.java:442)
	at java.util.concurrent.ThreadPoolExecutor.runWorker(ThreadPoolExecutor.java:1149)
	at java.util.concurrent.ThreadPoolExecutor$Worker.run(ThreadPoolExecutor.java:624)
	at java.lang.Thread.run(Thread.java:748)
Caused by: org.apache.hadoop.hdds.scm.container.common.helpers.StorageContainerException: ContainerID 5 does not exist
	at org.apache.hadoop.hdds.scm.storage.ContainerProtocolCalls.validateContainerResponse(ContainerProtocolCalls.java:536)
	at org.apache.hadoop.hdds.scm.storage.BlockOutputStream.validateResponse(BlockOutputStream.java:536)
	... 7 more
17:08:45.185 [pool-53-thread-1] ERROR DNAudit - user=null | ip=null | op=WRITE_CHUNK {blockData=conID: 5 locID: 102412591019393032 bcsId: 0} | ret=FAILURE
org.apache.hadoop.hdds.scm.container.common.helpers.StorageContainerException: ContainerID 5 does not exist
	at org.apache.hadoop.ozone.container.common.impl.HddsDispatcher.dispatchRequest(HddsDispatcher.java:242) ~[classes/:?]
	at org.apache.hadoop.ozone.container.common.impl.HddsDispatcher.dispatch(HddsDispatcher.java:148) ~[classes/:?]
	at org.apache.hadoop.ozone.container.common.transport.server.ratis.ContainerStateMachine.dispatchCommand(ContainerStateMachine.java:346) ~[classes/:?]
	at org.apache.hadoop.ozone.container.common.transport.server.ratis.ContainerStateMachine.runCommand(ContainerStateMachine.java:353) ~[classes/:?]
	at org.apache.hadoop.ozone.container.common.transport.server.ratis.ContainerStateMachine.lambda$applyTransaction$5(ContainerStateMachine.java:620) ~[classes/:?]
	at java.util.concurrent.CompletableFuture$AsyncSupply.run(CompletableFuture.java:1590) [?:1.8.0_212]
	at java.util.concurrent.ThreadPoolExecutor.runWorker(ThreadPoolExecutor.java:1149) [?:1.8.0_212]
	at java.util.concurrent.ThreadPoolExecutor$Worker.run(ThreadPoolExecutor.java:624) [?:1.8.0_212]
	at java.lang.Thread.run(Thread.java:748) [?:1.8.0_212]
2019-07-09 17:08:45,185 INFO  impl.HddsDispatcher (ContainerUtils.java:logAndReturnError(146)) - Operation: WriteChunk : Trace ID: 11baefa22f5485da:58837f25b4a776be:91b734c6538046d5:0 : Message: ContainerID 5 does not exist : Result: CONTAINER_NOT_FOUND
17:08:45.186 [pool-53-thread-1] ERROR DNAudit - user=null | ip=null | op=PUT_BLOCK {blockData=[blockId=conID: 5 locID: 102412591019393032 bcsId: 0,size=1048576]} | ret=FAILURE
org.apache.hadoop.hdds.scm.container.common.helpers.StorageContainerException: ContainerID 5 does not exist
	at org.apache.hadoop.ozone.container.common.impl.HddsDispatcher.dispatchRequest(HddsDispatcher.java:242) ~[classes/:?]
	at org.apache.hadoop.ozone.container.common.impl.HddsDispatcher.dispatch(HddsDispatcher.java:148) ~[classes/:?]
	at org.apache.hadoop.ozone.container.common.transport.server.ratis.ContainerStateMachine.dispatchCommand(ContainerStateMachine.java:346) ~[classes/:?]
	at org.apache.hadoop.ozone.container.common.transport.server.ratis.ContainerStateMachine.runCommand(ContainerStateMachine.java:353) ~[classes/:?]
	at org.apache.hadoop.ozone.container.common.transport.server.ratis.ContainerStateMachine.lambda$applyTransaction$5(ContainerStateMachine.java:620) ~[classes/:?]
	at java.util.concurrent.CompletableFuture$AsyncSupply.run(CompletableFuture.java:1590) [?:1.8.0_212]
	at java.util.concurrent.ThreadPoolExecutor.runWorker(ThreadPoolExecutor.java:1149) [?:1.8.0_212]
	at java.util.concurrent.ThreadPoolExecutor$Worker.run(ThreadPoolExecutor.java:624) [?:1.8.0_212]
	at java.lang.Thread.run(Thread.java:748) [?:1.8.0_212]
2019-07-09 17:08:45,186 INFO  impl.HddsDispatcher (ContainerUtils.java:logAndReturnError(146)) - Operation: PutBlock : Trace ID: 11baefa22f5485da:51e3a95408aa892b:91b734c6538046d5:0 : Message: ContainerID 5 does not exist : Result: CONTAINER_NOT_FOUND
17:08:45.187 [pool-53-thread-1] ERROR DNAudit - user=null | ip=null | op=WRITE_CHUNK {blockData=conID: 5 locID: 102412591019393032 bcsId: 0} | ret=FAILURE
org.apache.hadoop.hdds.scm.container.common.helpers.StorageContainerException: ContainerID 5 does not exist
	at org.apache.hadoop.ozone.container.common.impl.HddsDispatcher.dispatchRequest(HddsDispatcher.java:242) ~[classes/:?]
	at org.apache.hadoop.ozone.container.common.impl.HddsDispatcher.dispatch(HddsDispatcher.java:148) ~[classes/:?]
	at org.apache.hadoop.ozone.container.common.transport.server.ratis.ContainerStateMachine.dispatchCommand(ContainerStateMachine.java:346) ~[classes/:?]
	at org.apache.hadoop.ozone.container.common.transport.server.ratis.ContainerStateMachine.runCommand(ContainerStateMachine.java:353) ~[classes/:?]
	at org.apache.hadoop.ozone.container.common.transport.server.ratis.ContainerStateMachine.lambda$applyTransaction$5(ContainerStateMachine.java:620) ~[classes/:?]
	at java.util.concurrent.CompletableFuture$AsyncSupply.run(CompletableFuture.java:1590) [?:1.8.0_212]
	at java.util.concurrent.ThreadPoolExecutor.runWorker(ThreadPoolExecutor.java:1149) [?:1.8.0_212]
	at java.util.concurrent.ThreadPoolExecutor$Worker.run(ThreadPoolExecutor.java:624) [?:1.8.0_212]
	at java.lang.Thread.run(Thread.java:748) [?:1.8.0_212]
2019-07-09 17:08:45,187 INFO  impl.HddsDispatcher (ContainerUtils.java:logAndReturnError(146)) - Operation: WriteChunk : Trace ID: 11baefa22f5485da:e6e74bc25ef5dbcf:91b734c6538046d5:0 : Message: ContainerID 5 does not exist : Result: CONTAINER_NOT_FOUND
17:08:45.188 [pool-53-thread-1] ERROR DNAudit - user=null | ip=null | op=PUT_BLOCK {blockData=[blockId=conID: 5 locID: 102412591019393032 bcsId: 0,size=2097152]} | ret=FAILURE
org.apache.hadoop.hdds.scm.container.common.helpers.StorageContainerException: ContainerID 5 does not exist
	at org.apache.hadoop.ozone.container.common.impl.HddsDispatcher.dispatchRequest(HddsDispatcher.java:242) ~[classes/:?]
	at org.apache.hadoop.ozone.container.common.impl.HddsDispatcher.dispatch(HddsDispatcher.java:148) ~[classes/:?]
	at org.apache.hadoop.ozone.container.common.transport.server.ratis.ContainerStateMachine.dispatchCommand(ContainerStateMachine.java:346) ~[classes/:?]
	at org.apache.hadoop.ozone.container.common.transport.server.ratis.ContainerStateMachine.runCommand(ContainerStateMachine.java:353) ~[classes/:?]
	at org.apache.hadoop.ozone.container.common.transport.server.ratis.ContainerStateMachine.lambda$applyTransaction$5(ContainerStateMachine.java:620) ~[classes/:?]
	at java.util.concurrent.CompletableFuture$AsyncSupply.run(CompletableFuture.java:1590) [?:1.8.0_212]
	at java.util.concurrent.ThreadPoolExecutor.runWorker(ThreadPoolExecutor.java:1149) [?:1.8.0_212]
	at java.util.concurrent.ThreadPoolExecutor$Worker.run(ThreadPoolExecutor.java:624) [?:1.8.0_212]
	at java.lang.Thread.run(Thread.java:748) [?:1.8.0_212]
2019-07-09 17:08:45,188 INFO  impl.HddsDispatcher (ContainerUtils.java:logAndReturnError(146)) - Operation: PutBlock : Trace ID: 11baefa22f5485da:9c525bcde47f08af:91b734c6538046d5:0 : Message: ContainerID 5 does not exist : Result: CONTAINER_NOT_FOUND
 0.00% |█                                                                                                    |  0/1 Time: 0:00:02 0.00% |█                                                                                                    |  0/1 Time: 0:00:03 0.00% |█                                                                                                    |  0/1 Time: 0:00:04 100.00% |█████████████████████████████████████████████████████████████████████████████████████████████████████|  1/1 Time: 0:00:05
]]></system-out>
    <system-err><![CDATA[ERROR StatusLogger No Log4j 2 configuration file found. Using default configuration (logging only errors to the console), or user programmatically provided configurations. Set system property 'log4j2.debug' to show Log4j 2 internal initialization logging. See https://logging.apache.org/log4j/2.x/manual/configuration.html for instructions on how to configure Log4j 2
Jul 09, 2019 5:08:28 PM com.sun.jersey.server.impl.application.WebApplicationImpl _initiate
INFO: Initiating Jersey application, version 'Jersey: 1.19 02/11/2015 03:25 AM'
Jul 09, 2019 5:08:29 PM com.sun.jersey.server.impl.application.WebApplicationImpl _initiate
INFO: Initiating Jersey application, version 'Jersey: 1.19 02/11/2015 03:25 AM'
Jul 09, 2019 5:08:29 PM com.sun.jersey.server.impl.application.WebApplicationImpl _initiate
INFO: Initiating Jersey application, version 'Jersey: 1.19 02/11/2015 03:25 AM'
]]></system-err>
  </testcase>
</testsuite>