<?xml version="1.0" encoding="UTF-8"?>
<testsuite xmlns:xsi="http://www.w3.org/2001/XMLSchema-instance" xsi:noNamespaceSchemaLocation="https://maven.apache.org/surefire/maven-surefire-plugin/xsd/surefire-test-report.xsd" name="org.apache.hadoop.ozone.client.rpc.TestWatchForCommit" time="297.696" tests="5" errors="2" skipped="0" failures="0">
  <properties>
    <property name="awt.toolkit" value="sun.awt.X11.XToolkit"/>
    <property name="file.encoding.pkg" value="sun.io"/>
    <property name="java.specification.version" value="1.8"/>
    <property name="sun.cpu.isalist" value=""/>
    <property name="sun.jnu.encoding" value="UTF-8"/>
    <property name="java.class.path" value="/workdir/hadoop-ozone/integration-test/target/test-classes:/workdir/hadoop-ozone/integration-test/target/classes:/home/user/.m2/repository/org/apache/hadoop/hadoop-ozone-common/0.5.0-SNAPSHOT/hadoop-ozone-common-0.5.0-SNAPSHOT.jar:/home/user/.m2/repository/org/apache/commons/commons-compress/1.4.1/commons-compress-1.4.1.jar:/home/user/.m2/repository/org/tukaani/xz/1.0/xz-1.0.jar:/home/user/.m2/repository/org/apache/hadoop/hadoop-common/3.2.0/hadoop-common-3.2.0.jar:/home/user/.m2/repository/org/apache/hadoop/hadoop-hdfs/3.2.0/hadoop-hdfs-3.2.0.jar:/home/user/.m2/repository/org/apache/hadoop/hadoop-hdfs-client/3.2.0/hadoop-hdfs-client-3.2.0.jar:/home/user/.m2/repository/com/fasterxml/jackson/core/jackson-annotations/2.9.9/jackson-annotations-2.9.9.jar:/home/user/.m2/repository/org/apache/hadoop/hadoop-hdds-common/0.5.0-SNAPSHOT/hadoop-hdds-common-0.5.0-SNAPSHOT.jar:/home/user/.m2/repository/javax/annotation/javax.annotation-api/1.2/javax.annotation-api-1.2.jar:/home/user/.m2/repository/org/apache/ratis/ratis-server/0.4.0/ratis-server-0.4.0.jar:/home/user/.m2/repository/org/apache/ratis/ratis-thirdparty-misc/0.2.0/ratis-thirdparty-misc-0.2.0.jar:/home/user/.m2/repository/org/apache/ratis/ratis-proto/0.4.0/ratis-proto-0.4.0.jar:/home/user/.m2/repository/org/apache/ratis/ratis-common/0.4.0/ratis-common-0.4.0.jar:/home/user/.m2/repository/org/apache/ratis/ratis-client/0.4.0/ratis-client-0.4.0.jar:/home/user/.m2/repository/org/apache/ratis/ratis-metrics/0.4.0/ratis-metrics-0.4.0.jar:/home/user/.m2/repository/com/github/joshelser/dropwizard-metrics-hadoop-metrics2-reporter/0.1.2/dropwizard-metrics-hadoop-metrics2-reporter-0.1.2.jar:/home/user/.m2/repository/io/dropwizard/metrics/metrics-jvm/3.2.5/metrics-jvm-3.2.5.jar:/home/user/.m2/repository/io/dropwizard/metrics/metrics-ganglia/3.2.5/metrics-ganglia-3.2.5.jar:/home/user/.m2/repository/info/ganglia/gmetric4j/gmetric4j/1.0.7/gmetric4j-1.0.7.jar:/home/user/.m2/repository/org/apache/ratis/ratis-netty/0.4.0/ratis-netty-0.4.0.jar:/home/user/.m2/repository/org/apache/ratis/ratis-grpc/0.4.0/ratis-grpc-0.4.0.jar:/home/user/.m2/repository/org/rocksdb/rocksdbjni/6.0.1/rocksdbjni-6.0.1.jar:/home/user/.m2/repository/org/apache/logging/log4j/log4j-api/2.11.0/log4j-api-2.11.0.jar:/home/user/.m2/repository/org/apache/logging/log4j/log4j-core/2.11.0/log4j-core-2.11.0.jar:/home/user/.m2/repository/com/lmax/disruptor/3.4.2/disruptor-3.4.2.jar:/home/user/.m2/repository/org/apache/commons/commons-pool2/2.6.0/commons-pool2-2.6.0.jar:/home/user/.m2/repository/org/bouncycastle/bcpkix-jdk15on/1.60/bcpkix-jdk15on-1.60.jar:/home/user/.m2/repository/commons-validator/commons-validator/1.6/commons-validator-1.6.jar:/home/user/.m2/repository/commons-digester/commons-digester/1.8.1/commons-digester-1.8.1.jar:/home/user/.m2/repository/io/jaegertracing/jaeger-client/0.34.0/jaeger-client-0.34.0.jar:/home/user/.m2/repository/io/jaegertracing/jaeger-thrift/0.34.0/jaeger-thrift-0.34.0.jar:/home/user/.m2/repository/org/apache/thrift/libthrift/0.12.0/libthrift-0.12.0.jar:/home/user/.m2/repository/com/squareup/okhttp3/okhttp/3.9.0/okhttp-3.9.0.jar:/home/user/.m2/repository/com/squareup/okio/okio/1.13.0/okio-1.13.0.jar:/home/user/.m2/repository/io/jaegertracing/jaeger-core/0.34.0/jaeger-core-0.34.0.jar:/home/user/.m2/repository/io/jaegertracing/jaeger-tracerresolver/0.34.0/jaeger-tracerresolver-0.34.0.jar:/home/user/.m2/repository/io/opentracing/contrib/opentracing-tracerresolver/0.1.5/opentracing-tracerresolver-0.1.5.jar:/home/user/.m2/repository/io/opentracing/opentracing-util/0.31.0/opentracing-util-0.31.0.jar:/home/user/.m2/repository/io/opentracing/opentracing-api/0.31.0/opentracing-api-0.31.0.jar:/home/user/.m2/repository/io/opentracing/opentracing-noop/0.31.0/opentracing-noop-0.31.0.jar:/home/user/.m2/repository/org/apache/hadoop/hadoop-hdds-server-framework/0.5.0-SNAPSHOT/hadoop-hdds-server-framework-0.5.0-SNAPSHOT.jar:/home/user/.m2/repository/org/apache/hadoop/hadoop-hdds-container-service/0.5.0-SNAPSHOT/hadoop-hdds-container-service-0.5.0-SNAPSHOT.jar:/home/user/.m2/repository/org/apache/hadoop/hadoop-hdds-client/0.5.0-SNAPSHOT/hadoop-hdds-client-0.5.0-SNAPSHOT.jar:/home/user/.m2/repository/org/apache/hadoop/hadoop-hdds-tools/0.5.0-SNAPSHOT/hadoop-hdds-tools-0.5.0-SNAPSHOT.jar:/home/user/.m2/repository/org/apache/hadoop/hadoop-hdds-server-scm/0.5.0-SNAPSHOT/hadoop-hdds-server-scm-0.5.0-SNAPSHOT.jar:/home/user/.m2/repository/org/apache/hadoop/hadoop-hdds-docs/0.5.0-SNAPSHOT/hadoop-hdds-docs-0.5.0-SNAPSHOT.jar:/home/user/.m2/repository/io/dropwizard/metrics/metrics-core/3.2.4/metrics-core-3.2.4.jar:/home/user/.m2/repository/org/hamcrest/hamcrest-all/1.3/hamcrest-all-1.3.jar:/home/user/.m2/repository/org/bouncycastle/bcprov-jdk15on/1.60/bcprov-jdk15on-1.60.jar:/home/user/.m2/repository/info/picocli/picocli/3.9.6/picocli-3.9.6.jar:/home/user/.m2/repository/com/google/protobuf/protobuf-java/2.5.0/protobuf-java-2.5.0.jar:/home/user/.m2/repository/com/google/guava/guava/11.0.2/guava-11.0.2.jar:/home/user/.m2/repository/org/apache/hadoop/hadoop-ozone-ozone-manager/0.5.0-SNAPSHOT/hadoop-ozone-ozone-manager-0.5.0-SNAPSHOT.jar:/home/user/.m2/repository/org/apache/hadoop/hadoop-minikdc/3.2.0/hadoop-minikdc-3.2.0.jar:/home/user/.m2/repository/commons-io/commons-io/2.5/commons-io-2.5.jar:/home/user/.m2/repository/org/apache/kerby/kerb-simplekdc/1.0.1/kerb-simplekdc-1.0.1.jar:/home/user/.m2/repository/org/apache/kerby/kerb-client/1.0.1/kerb-client-1.0.1.jar:/home/user/.m2/repository/org/apache/kerby/kerby-config/1.0.1/kerby-config-1.0.1.jar:/home/user/.m2/repository/org/apache/kerby/kerb-core/1.0.1/kerb-core-1.0.1.jar:/home/user/.m2/repository/org/apache/kerby/kerby-pkix/1.0.1/kerby-pkix-1.0.1.jar:/home/user/.m2/repository/org/apache/kerby/kerby-asn1/1.0.1/kerby-asn1-1.0.1.jar:/home/user/.m2/repository/org/apache/kerby/kerby-util/1.0.1/kerby-util-1.0.1.jar:/home/user/.m2/repository/org/apache/kerby/kerb-common/1.0.1/kerb-common-1.0.1.jar:/home/user/.m2/repository/org/apache/kerby/kerb-crypto/1.0.1/kerb-crypto-1.0.1.jar:/home/user/.m2/repository/org/apache/kerby/kerb-util/1.0.1/kerb-util-1.0.1.jar:/home/user/.m2/repository/org/apache/kerby/token-provider/1.0.1/token-provider-1.0.1.jar:/home/user/.m2/repository/org/apache/kerby/kerb-admin/1.0.1/kerb-admin-1.0.1.jar:/home/user/.m2/repository/org/apache/kerby/kerb-server/1.0.1/kerb-server-1.0.1.jar:/home/user/.m2/repository/org/apache/kerby/kerb-identity/1.0.1/kerb-identity-1.0.1.jar:/home/user/.m2/repository/org/apache/kerby/kerby-xdr/1.0.1/kerby-xdr-1.0.1.jar:/home/user/.m2/repository/org/slf4j/slf4j-log4j12/1.7.25/slf4j-log4j12-1.7.25.jar:/home/user/.m2/repository/org/apache/hadoop/hadoop-ozone-s3gateway/0.5.0-SNAPSHOT/hadoop-ozone-s3gateway-0.5.0-SNAPSHOT.jar:/home/user/.m2/repository/org/jboss/weld/servlet/weld-servlet/2.4.7.Final/weld-servlet-2.4.7.Final.jar:/home/user/.m2/repository/org/glassfish/jersey/containers/jersey-container-servlet-core/2.27/jersey-container-servlet-core-2.27.jar:/home/user/.m2/repository/org/glassfish/hk2/external/javax.inject/2.5.0-b42/javax.inject-2.5.0-b42.jar:/home/user/.m2/repository/org/glassfish/jersey/core/jersey-common/2.27/jersey-common-2.27.jar:/home/user/.m2/repository/org/glassfish/hk2/osgi-resource-locator/1.0.1/osgi-resource-locator-1.0.1.jar:/home/user/.m2/repository/javax/ws/rs/javax.ws.rs-api/2.1/javax.ws.rs-api-2.1.jar:/home/user/.m2/repository/org/glassfish/jersey/ext/cdi/jersey-cdi1x/2.27/jersey-cdi1x-2.27.jar:/home/user/.m2/repository/org/glassfish/jersey/inject/jersey-hk2/2.27/jersey-hk2-2.27.jar:/home/user/.m2/repository/org/glassfish/hk2/hk2-locator/2.5.0-b42/hk2-locator-2.5.0-b42.jar:/home/user/.m2/repository/org/javassist/javassist/3.22.0-CR2/javassist-3.22.0-CR2.jar:/home/user/.m2/repository/org/glassfish/hk2/hk2-api/2.5.0/hk2-api-2.5.0.jar:/home/user/.m2/repository/org/glassfish/hk2/external/jakarta.inject/2.5.0/jakarta.inject-2.5.0.jar:/home/user/.m2/repository/org/glassfish/hk2/hk2-utils/2.5.0/hk2-utils-2.5.0.jar:/home/user/.m2/repository/jakarta/annotation/jakarta.annotation-api/1.3.4/jakarta.annotation-api-1.3.4.jar:/home/user/.m2/repository/org/glassfish/hk2/external/aopalliance-repackaged/2.5.0/aopalliance-repackaged-2.5.0.jar:/home/user/.m2/repository/com/fasterxml/jackson/dataformat/jackson-dataformat-xml/2.9.0/jackson-dataformat-xml-2.9.0.jar:/home/user/.m2/repository/com/fasterxml/jackson/core/jackson-core/2.9.9/jackson-core-2.9.9.jar:/home/user/.m2/repository/com/fasterxml/jackson/module/jackson-module-jaxb-annotations/2.9.9/jackson-module-jaxb-annotations-2.9.9.jar:/home/user/.m2/repository/javax/enterprise/cdi-api/1.2/cdi-api-1.2.jar:/home/user/.m2/repository/javax/el/javax.el-api/3.0.0/javax.el-api-3.0.0.jar:/home/user/.m2/repository/javax/interceptor/javax.interceptor-api/1.2/javax.interceptor-api-1.2.jar:/home/user/.m2/repository/javax/inject/javax.inject/1/javax.inject-1.jar:/home/user/.m2/repository/com/sun/xml/bind/jaxb-impl/2.3.0.1/jaxb-impl-2.3.0.1.jar:/home/user/.m2/repository/com/sun/xml/bind/jaxb-core/2.3.0.1/jaxb-core-2.3.0.1.jar:/home/user/.m2/repository/javax/xml/bind/jaxb-api/2.3.0/jaxb-api-2.3.0.jar:/home/user/.m2/repository/javax/activation/activation/1.1.1/activation-1.1.1.jar:/home/user/.m2/repository/org/apache/hadoop/hadoop-ozone-csi/0.5.0-SNAPSHOT/hadoop-ozone-csi-0.5.0-SNAPSHOT.jar:/home/user/.m2/repository/com/google/protobuf/protobuf-java-util/3.5.1/protobuf-java-util-3.5.1.jar:/home/user/.m2/repository/org/apache/hadoop/hadoop-hdds-config/0.5.0-SNAPSHOT/hadoop-hdds-config-0.5.0-SNAPSHOT.jar:/home/user/.m2/repository/io/grpc/grpc-netty/1.17.1/grpc-netty-1.17.1.jar:/home/user/.m2/repository/io/grpc/grpc-core/1.17.1/grpc-core-1.17.1.jar:/home/user/.m2/repository/io/grpc/grpc-context/1.17.1/grpc-context-1.17.1.jar:/home/user/.m2/repository/com/google/errorprone/error_prone_annotations/2.2.0/error_prone_annotations-2.2.0.jar:/home/user/.m2/repository/org/codehaus/mojo/animal-sniffer-annotations/1.17/animal-sniffer-annotations-1.17.jar:/home/user/.m2/repository/io/opencensus/opencensus-api/0.17.0/opencensus-api-0.17.0.jar:/home/user/.m2/repository/io/opencensus/opencensus-contrib-grpc-metrics/0.17.0/opencensus-contrib-grpc-metrics-0.17.0.jar:/home/user/.m2/repository/io/netty/netty-codec-http2/4.1.30.Final/netty-codec-http2-4.1.30.Final.jar:/home/user/.m2/repository/io/netty/netty-codec-http/4.1.30.Final/netty-codec-http-4.1.30.Final.jar:/home/user/.m2/repository/io/netty/netty-codec/4.1.30.Final/netty-codec-4.1.30.Final.jar:/home/user/.m2/repository/io/netty/netty-handler/4.1.30.Final/netty-handler-4.1.30.Final.jar:/home/user/.m2/repository/io/netty/netty-handler-proxy/4.1.30.Final/netty-handler-proxy-4.1.30.Final.jar:/home/user/.m2/repository/io/netty/netty-codec-socks/4.1.30.Final/netty-codec-socks-4.1.30.Final.jar:/home/user/.m2/repository/io/netty/netty-transport-native-epoll/4.1.30.Final/netty-transport-native-epoll-4.1.30.Final.jar:/home/user/.m2/repository/io/netty/netty-common/4.1.30.Final/netty-common-4.1.30.Final.jar:/home/user/.m2/repository/io/netty/netty-buffer/4.1.30.Final/netty-buffer-4.1.30.Final.jar:/home/user/.m2/repository/io/netty/netty-transport/4.1.30.Final/netty-transport-4.1.30.Final.jar:/home/user/.m2/repository/io/netty/netty-resolver/4.1.30.Final/netty-resolver-4.1.30.Final.jar:/home/user/.m2/repository/io/netty/netty-transport-native-unix-common/4.1.30.Final/netty-transport-native-unix-common-4.1.30.Final.jar:/home/user/.m2/repository/io/grpc/grpc-protobuf/1.17.1/grpc-protobuf-1.17.1.jar:/home/user/.m2/repository/com/google/api/grpc/proto-google-common-protos/1.0.0/proto-google-common-protos-1.0.0.jar:/home/user/.m2/repository/io/grpc/grpc-protobuf-lite/1.17.1/grpc-protobuf-lite-1.17.1.jar:/home/user/.m2/repository/io/grpc/grpc-stub/1.17.1/grpc-stub-1.17.1.jar:/home/user/.m2/repository/org/apache/hadoop/hadoop-ozone-recon/0.5.0-SNAPSHOT/hadoop-ozone-recon-0.5.0-SNAPSHOT.jar:/home/user/.m2/repository/org/apache/hadoop/hadoop-ozone-reconcodegen/0.5.0-SNAPSHOT/hadoop-ozone-reconcodegen-0.5.0-SNAPSHOT.jar:/home/user/.m2/repository/com/google/inject/extensions/guice-multibindings/4.0/guice-multibindings-4.0.jar:/home/user/.m2/repository/com/google/inject/guice/4.0/guice-4.0.jar:/home/user/.m2/repository/aopalliance/aopalliance/1.0/aopalliance-1.0.jar:/home/user/.m2/repository/com/google/inject/extensions/guice-servlet/4.0/guice-servlet-4.0.jar:/home/user/.m2/repository/org/glassfish/jersey/containers/jersey-container-servlet/2.27/jersey-container-servlet-2.27.jar:/home/user/.m2/repository/org/glassfish/hk2/guice-bridge/2.5.0/guice-bridge-2.5.0.jar:/home/user/.m2/repository/org/glassfish/jersey/core/jersey-server/2.27/jersey-server-2.27.jar:/home/user/.m2/repository/org/glassfish/jersey/core/jersey-client/2.27/jersey-client-2.27.jar:/home/user/.m2/repository/org/glassfish/jersey/media/jersey-media-jaxb/2.27/jersey-media-jaxb-2.27.jar:/home/user/.m2/repository/javax/validation/validation-api/1.1.0.Final/validation-api-1.1.0.Final.jar:/home/user/.m2/repository/org/glassfish/jersey/media/jersey-media-json-jackson/2.27/jersey-media-json-jackson-2.27.jar:/home/user/.m2/repository/org/glassfish/jersey/ext/jersey-entity-filtering/2.27/jersey-entity-filtering-2.27.jar:/home/user/.m2/repository/com/google/inject/extensions/guice-assistedinject/4.0/guice-assistedinject-4.0.jar:/home/user/.m2/repository/org/jooq/jooq/3.11.10/jooq-3.11.10.jar:/home/user/.m2/repository/org/jooq/jooq-meta/3.11.10/jooq-meta-3.11.10.jar:/home/user/.m2/repository/org/jooq/jooq-codegen/3.11.10/jooq-codegen-3.11.10.jar:/home/user/.m2/repository/com/jolbox/bonecp/0.8.0.RELEASE/bonecp-0.8.0.RELEASE.jar:/home/user/.m2/repository/org/xerial/sqlite-jdbc/3.25.2/sqlite-jdbc-3.25.2.jar:/home/user/.m2/repository/org/springframework/spring-jdbc/5.1.3.RELEASE/spring-jdbc-5.1.3.RELEASE.jar:/home/user/.m2/repository/org/springframework/spring-beans/5.1.3.RELEASE/spring-beans-5.1.3.RELEASE.jar:/home/user/.m2/repository/org/springframework/spring-core/5.1.3.RELEASE/spring-core-5.1.3.RELEASE.jar:/home/user/.m2/repository/org/springframework/spring-jcl/5.1.3.RELEASE/spring-jcl-5.1.3.RELEASE.jar:/home/user/.m2/repository/org/springframework/spring-tx/5.1.3.RELEASE/spring-tx-5.1.3.RELEASE.jar:/home/user/.m2/repository/org/apache/hadoop/hadoop-ozone-client/0.5.0-SNAPSHOT/hadoop-ozone-client-0.5.0-SNAPSHOT.jar:/home/user/.m2/repository/commons-lang/commons-lang/2.6/commons-lang-2.6.jar:/home/user/.m2/repository/org/apache/hadoop/hadoop-ozone-ozone-manager/0.5.0-SNAPSHOT/hadoop-ozone-ozone-manager-0.5.0-SNAPSHOT-tests.jar:/home/user/.m2/repository/junit/junit/4.11/junit-4.11.jar:/home/user/.m2/repository/org/hamcrest/hamcrest-core/1.3/hamcrest-core-1.3.jar:/home/user/.m2/repository/org/openjdk/jmh/jmh-core/1.19/jmh-core-1.19.jar:/home/user/.m2/repository/net/sf/jopt-simple/jopt-simple/4.6/jopt-simple-4.6.jar:/home/user/.m2/repository/org/apache/commons/commons-math3/3.1.1/commons-math3-3.1.1.jar:/home/user/.m2/repository/org/openjdk/jmh/jmh-generator-annprocess/1.19/jmh-generator-annprocess-1.19.jar:/home/user/.m2/repository/org/mockito/mockito-all/1.8.5/mockito-all-1.8.5.jar:/home/user/.m2/repository/org/apache/hadoop/hadoop-kms/3.2.0/hadoop-kms-3.2.0.jar:/home/user/.m2/repository/org/apache/hadoop/hadoop-auth/3.2.0/hadoop-auth-3.2.0.jar:/home/user/.m2/repository/com/nimbusds/nimbus-jose-jwt/4.41.1/nimbus-jose-jwt-4.41.1.jar:/home/user/.m2/repository/com/github/stephenc/jcip/jcip-annotations/1.0-1/jcip-annotations-1.0-1.jar:/home/user/.m2/repository/net/minidev/json-smart/2.3/json-smart-2.3.jar:/home/user/.m2/repository/net/minidev/accessors-smart/1.2/accessors-smart-1.2.jar:/home/user/.m2/repository/org/ow2/asm/asm/5.0.4/asm-5.0.4.jar:/home/user/.m2/repository/org/apache/curator/curator-framework/2.12.0/curator-framework-2.12.0.jar:/home/user/.m2/repository/com/sun/jersey/jersey-core/1.19/jersey-core-1.19.jar:/home/user/.m2/repository/javax/ws/rs/jsr311-api/1.1.1/jsr311-api-1.1.1.jar:/home/user/.m2/repository/com/sun/jersey/jersey-server/1.19/jersey-server-1.19.jar:/home/user/.m2/repository/javax/servlet/javax.servlet-api/3.1.0/javax.servlet-api-3.1.0.jar:/home/user/.m2/repository/org/eclipse/jetty/jetty-server/9.3.25.v20180904/jetty-server-9.3.25.v20180904.jar:/home/user/.m2/repository/org/eclipse/jetty/jetty-http/9.3.25.v20180904/jetty-http-9.3.25.v20180904.jar:/home/user/.m2/repository/org/eclipse/jetty/jetty-io/9.3.25.v20180904/jetty-io-9.3.25.v20180904.jar:/home/user/.m2/repository/org/eclipse/jetty/jetty-webapp/9.3.25.v20180904/jetty-webapp-9.3.25.v20180904.jar:/home/user/.m2/repository/org/eclipse/jetty/jetty-xml/9.3.25.v20180904/jetty-xml-9.3.25.v20180904.jar:/home/user/.m2/repository/log4j/log4j/1.2.17/log4j-1.2.17.jar:/home/user/.m2/repository/org/slf4j/slf4j-api/1.7.25/slf4j-api-1.7.25.jar:/home/user/.m2/repository/org/slf4j/jul-to-slf4j/1.7.25/jul-to-slf4j-1.7.25.jar:/home/user/.m2/repository/org/eclipse/jetty/jetty-util/9.3.25.v20180904/jetty-util-9.3.25.v20180904.jar:/home/user/.m2/repository/com/fasterxml/jackson/core/jackson-databind/2.9.9/jackson-databind-2.9.9.jar:/home/user/.m2/repository/org/apache/hadoop/hadoop-kms/3.2.0/hadoop-kms-3.2.0-tests.jar:/home/user/.m2/repository/org/apache/hadoop/hadoop-hdds-server-scm/0.5.0-SNAPSHOT/hadoop-hdds-server-scm-0.5.0-SNAPSHOT-tests.jar:/home/user/.m2/repository/org/apache/hadoop/hadoop-hdds-container-service/0.5.0-SNAPSHOT/hadoop-hdds-container-service-0.5.0-SNAPSHOT-tests.jar:/home/user/.m2/repository/org/yaml/snakeyaml/1.16/snakeyaml-1.16.jar:/home/user/.m2/repository/org/apache/hadoop/hadoop-common/3.2.0/hadoop-common-3.2.0-tests.jar:/home/user/.m2/repository/org/apache/hadoop/hadoop-annotations/3.2.0/hadoop-annotations-3.2.0.jar:/usr/lib/jvm/java-1.8-openjdk/jre/../lib/tools.jar:/home/user/.m2/repository/commons-cli/commons-cli/1.2/commons-cli-1.2.jar:/home/user/.m2/repository/org/apache/httpcomponents/httpclient/4.5.2/httpclient-4.5.2.jar:/home/user/.m2/repository/org/apache/httpcomponents/httpcore/4.4.4/httpcore-4.4.4.jar:/home/user/.m2/repository/commons-codec/commons-codec/1.11/commons-codec-1.11.jar:/home/user/.m2/repository/commons-net/commons-net/3.6/commons-net-3.6.jar:/home/user/.m2/repository/commons-collections/commons-collections/3.2.2/commons-collections-3.2.2.jar:/home/user/.m2/repository/org/eclipse/jetty/jetty-servlet/9.3.25.v20180904/jetty-servlet-9.3.25.v20180904.jar:/home/user/.m2/repository/org/eclipse/jetty/jetty-security/9.3.25.v20180904/jetty-security-9.3.25.v20180904.jar:/home/user/.m2/repository/javax/servlet/jsp/jsp-api/2.1/jsp-api-2.1.jar:/home/user/.m2/repository/com/sun/jersey/jersey-servlet/1.19/jersey-servlet-1.19.jar:/home/user/.m2/repository/com/sun/jersey/jersey-json/1.19/jersey-json-1.19.jar:/home/user/.m2/repository/org/codehaus/jettison/jettison/1.1/jettison-1.1.jar:/home/user/.m2/repository/org/codehaus/jackson/jackson-core-asl/1.9.13/jackson-core-asl-1.9.13.jar:/home/user/.m2/repository/org/codehaus/jackson/jackson-mapper-asl/1.9.13/jackson-mapper-asl-1.9.13.jar:/home/user/.m2/repository/org/codehaus/jackson/jackson-jaxrs/1.9.13/jackson-jaxrs-1.9.13.jar:/home/user/.m2/repository/org/codehaus/jackson/jackson-xc/1.9.13/jackson-xc-1.9.13.jar:/home/user/.m2/repository/commons-logging/commons-logging/1.1.3/commons-logging-1.1.3.jar:/home/user/.m2/repository/commons-beanutils/commons-beanutils/1.9.4/commons-beanutils-1.9.4.jar:/home/user/.m2/repository/org/apache/commons/commons-configuration2/2.1.1/commons-configuration2-2.1.1.jar:/home/user/.m2/repository/org/apache/commons/commons-lang3/3.7/commons-lang3-3.7.jar:/home/user/.m2/repository/org/apache/commons/commons-text/1.4/commons-text-1.4.jar:/home/user/.m2/repository/org/apache/avro/avro/1.7.7/avro-1.7.7.jar:/home/user/.m2/repository/com/thoughtworks/paranamer/paranamer/2.3/paranamer-2.3.jar:/home/user/.m2/repository/org/xerial/snappy/snappy-java/1.0.5/snappy-java-1.0.5.jar:/home/user/.m2/repository/com/google/re2j/re2j/1.1/re2j-1.1.jar:/home/user/.m2/repository/com/google/code/gson/gson/2.2.4/gson-2.2.4.jar:/home/user/.m2/repository/com/jcraft/jsch/0.1.54/jsch-0.1.54.jar:/home/user/.m2/repository/org/apache/curator/curator-client/2.12.0/curator-client-2.12.0.jar:/home/user/.m2/repository/org/apache/curator/curator-recipes/2.12.0/curator-recipes-2.12.0.jar:/home/user/.m2/repository/com/google/code/findbugs/jsr305/3.0.0/jsr305-3.0.0.jar:/home/user/.m2/repository/org/apache/htrace/htrace-core4/4.1.0-incubating/htrace-core4-4.1.0-incubating.jar:/home/user/.m2/repository/org/apache/zookeeper/zookeeper/3.4.13/zookeeper-3.4.13.jar:/home/user/.m2/repository/jline/jline/0.9.94/jline-0.9.94.jar:/home/user/.m2/repository/org/apache/yetus/audience-annotations/0.5.0/audience-annotations-0.5.0.jar:/home/user/.m2/repository/org/codehaus/woodstox/stax2-api/3.1.4/stax2-api-3.1.4.jar:/home/user/.m2/repository/com/fasterxml/woodstox/woodstox-core/5.0.3/woodstox-core-5.0.3.jar:/home/user/.m2/repository/dnsjava/dnsjava/2.1.7/dnsjava-2.1.7.jar:/home/user/.m2/repository/org/apache/hadoop/hadoop-hdfs/3.2.0/hadoop-hdfs-3.2.0-tests.jar:/home/user/.m2/repository/org/eclipse/jetty/jetty-util-ajax/9.3.25.v20180904/jetty-util-ajax-9.3.25.v20180904.jar:/home/user/.m2/repository/commons-daemon/commons-daemon/1.0.13/commons-daemon-1.0.13.jar:/home/user/.m2/repository/io/netty/netty/3.10.5.Final/netty-3.10.5.Final.jar:/home/user/.m2/repository/io/netty/netty-all/4.0.52.Final/netty-all-4.0.52.Final.jar:/home/user/.m2/repository/org/fusesource/leveldbjni/leveldbjni-all/1.8/leveldbjni-all-1.8.jar:"/>
    <property name="java.vm.vendor" value="IcedTea"/>
    <property name="sun.arch.data.model" value="64"/>
    <property name="test.build.dir" value="/workdir/hadoop-ozone/integration-test/target/test-dir"/>
    <property name="test.cache.data" value=""/>
    <property name="java.vendor.url" value="https://icedtea.classpath.org"/>
    <property name="user.timezone" value=""/>
    <property name="java.vm.specification.version" value="1.8"/>
    <property name="os.name" value="Linux"/>
    <property name="test.build.data" value="/workdir/hadoop-ozone/integration-test/target/test-dir"/>
    <property name="user.country" value="US"/>
    <property name="sun.java.launcher" value="SUN_STANDARD"/>
    <property name="sun.boot.library.path" value="/usr/lib/jvm/java-1.8-openjdk/jre/lib/amd64"/>
    <property name="sun.java.command" value="/workdir/hadoop-ozone/integration-test/target/surefire/surefirebooter1275051536821924214.jar /workdir/hadoop-ozone/integration-test/target/surefire 2019-09-23T08-05-00_582-jvmRun1 surefire1880616641505704238tmp surefire_201888334803570627843tmp"/>
    <property name="test" value="!TestMiniChaosOzoneCluster"/>
    <property name="surefire.test.class.path" value="/workdir/hadoop-ozone/integration-test/target/test-classes:/workdir/hadoop-ozone/integration-test/target/classes:/home/user/.m2/repository/org/apache/hadoop/hadoop-ozone-common/0.5.0-SNAPSHOT/hadoop-ozone-common-0.5.0-SNAPSHOT.jar:/home/user/.m2/repository/org/apache/commons/commons-compress/1.4.1/commons-compress-1.4.1.jar:/home/user/.m2/repository/org/tukaani/xz/1.0/xz-1.0.jar:/home/user/.m2/repository/org/apache/hadoop/hadoop-common/3.2.0/hadoop-common-3.2.0.jar:/home/user/.m2/repository/org/apache/hadoop/hadoop-hdfs/3.2.0/hadoop-hdfs-3.2.0.jar:/home/user/.m2/repository/org/apache/hadoop/hadoop-hdfs-client/3.2.0/hadoop-hdfs-client-3.2.0.jar:/home/user/.m2/repository/com/fasterxml/jackson/core/jackson-annotations/2.9.9/jackson-annotations-2.9.9.jar:/home/user/.m2/repository/org/apache/hadoop/hadoop-hdds-common/0.5.0-SNAPSHOT/hadoop-hdds-common-0.5.0-SNAPSHOT.jar:/home/user/.m2/repository/javax/annotation/javax.annotation-api/1.2/javax.annotation-api-1.2.jar:/home/user/.m2/repository/org/apache/ratis/ratis-server/0.4.0/ratis-server-0.4.0.jar:/home/user/.m2/repository/org/apache/ratis/ratis-thirdparty-misc/0.2.0/ratis-thirdparty-misc-0.2.0.jar:/home/user/.m2/repository/org/apache/ratis/ratis-proto/0.4.0/ratis-proto-0.4.0.jar:/home/user/.m2/repository/org/apache/ratis/ratis-common/0.4.0/ratis-common-0.4.0.jar:/home/user/.m2/repository/org/apache/ratis/ratis-client/0.4.0/ratis-client-0.4.0.jar:/home/user/.m2/repository/org/apache/ratis/ratis-metrics/0.4.0/ratis-metrics-0.4.0.jar:/home/user/.m2/repository/com/github/joshelser/dropwizard-metrics-hadoop-metrics2-reporter/0.1.2/dropwizard-metrics-hadoop-metrics2-reporter-0.1.2.jar:/home/user/.m2/repository/io/dropwizard/metrics/metrics-jvm/3.2.5/metrics-jvm-3.2.5.jar:/home/user/.m2/repository/io/dropwizard/metrics/metrics-ganglia/3.2.5/metrics-ganglia-3.2.5.jar:/home/user/.m2/repository/info/ganglia/gmetric4j/gmetric4j/1.0.7/gmetric4j-1.0.7.jar:/home/user/.m2/repository/org/apache/ratis/ratis-netty/0.4.0/ratis-netty-0.4.0.jar:/home/user/.m2/repository/org/apache/ratis/ratis-grpc/0.4.0/ratis-grpc-0.4.0.jar:/home/user/.m2/repository/org/rocksdb/rocksdbjni/6.0.1/rocksdbjni-6.0.1.jar:/home/user/.m2/repository/org/apache/logging/log4j/log4j-api/2.11.0/log4j-api-2.11.0.jar:/home/user/.m2/repository/org/apache/logging/log4j/log4j-core/2.11.0/log4j-core-2.11.0.jar:/home/user/.m2/repository/com/lmax/disruptor/3.4.2/disruptor-3.4.2.jar:/home/user/.m2/repository/org/apache/commons/commons-pool2/2.6.0/commons-pool2-2.6.0.jar:/home/user/.m2/repository/org/bouncycastle/bcpkix-jdk15on/1.60/bcpkix-jdk15on-1.60.jar:/home/user/.m2/repository/commons-validator/commons-validator/1.6/commons-validator-1.6.jar:/home/user/.m2/repository/commons-digester/commons-digester/1.8.1/commons-digester-1.8.1.jar:/home/user/.m2/repository/io/jaegertracing/jaeger-client/0.34.0/jaeger-client-0.34.0.jar:/home/user/.m2/repository/io/jaegertracing/jaeger-thrift/0.34.0/jaeger-thrift-0.34.0.jar:/home/user/.m2/repository/org/apache/thrift/libthrift/0.12.0/libthrift-0.12.0.jar:/home/user/.m2/repository/com/squareup/okhttp3/okhttp/3.9.0/okhttp-3.9.0.jar:/home/user/.m2/repository/com/squareup/okio/okio/1.13.0/okio-1.13.0.jar:/home/user/.m2/repository/io/jaegertracing/jaeger-core/0.34.0/jaeger-core-0.34.0.jar:/home/user/.m2/repository/io/jaegertracing/jaeger-tracerresolver/0.34.0/jaeger-tracerresolver-0.34.0.jar:/home/user/.m2/repository/io/opentracing/contrib/opentracing-tracerresolver/0.1.5/opentracing-tracerresolver-0.1.5.jar:/home/user/.m2/repository/io/opentracing/opentracing-util/0.31.0/opentracing-util-0.31.0.jar:/home/user/.m2/repository/io/opentracing/opentracing-api/0.31.0/opentracing-api-0.31.0.jar:/home/user/.m2/repository/io/opentracing/opentracing-noop/0.31.0/opentracing-noop-0.31.0.jar:/home/user/.m2/repository/org/apache/hadoop/hadoop-hdds-server-framework/0.5.0-SNAPSHOT/hadoop-hdds-server-framework-0.5.0-SNAPSHOT.jar:/home/user/.m2/repository/org/apache/hadoop/hadoop-hdds-container-service/0.5.0-SNAPSHOT/hadoop-hdds-container-service-0.5.0-SNAPSHOT.jar:/home/user/.m2/repository/org/apache/hadoop/hadoop-hdds-client/0.5.0-SNAPSHOT/hadoop-hdds-client-0.5.0-SNAPSHOT.jar:/home/user/.m2/repository/org/apache/hadoop/hadoop-hdds-tools/0.5.0-SNAPSHOT/hadoop-hdds-tools-0.5.0-SNAPSHOT.jar:/home/user/.m2/repository/org/apache/hadoop/hadoop-hdds-server-scm/0.5.0-SNAPSHOT/hadoop-hdds-server-scm-0.5.0-SNAPSHOT.jar:/home/user/.m2/repository/org/apache/hadoop/hadoop-hdds-docs/0.5.0-SNAPSHOT/hadoop-hdds-docs-0.5.0-SNAPSHOT.jar:/home/user/.m2/repository/io/dropwizard/metrics/metrics-core/3.2.4/metrics-core-3.2.4.jar:/home/user/.m2/repository/org/hamcrest/hamcrest-all/1.3/hamcrest-all-1.3.jar:/home/user/.m2/repository/org/bouncycastle/bcprov-jdk15on/1.60/bcprov-jdk15on-1.60.jar:/home/user/.m2/repository/info/picocli/picocli/3.9.6/picocli-3.9.6.jar:/home/user/.m2/repository/com/google/protobuf/protobuf-java/2.5.0/protobuf-java-2.5.0.jar:/home/user/.m2/repository/com/google/guava/guava/11.0.2/guava-11.0.2.jar:/home/user/.m2/repository/org/apache/hadoop/hadoop-ozone-ozone-manager/0.5.0-SNAPSHOT/hadoop-ozone-ozone-manager-0.5.0-SNAPSHOT.jar:/home/user/.m2/repository/org/apache/hadoop/hadoop-minikdc/3.2.0/hadoop-minikdc-3.2.0.jar:/home/user/.m2/repository/commons-io/commons-io/2.5/commons-io-2.5.jar:/home/user/.m2/repository/org/apache/kerby/kerb-simplekdc/1.0.1/kerb-simplekdc-1.0.1.jar:/home/user/.m2/repository/org/apache/kerby/kerb-client/1.0.1/kerb-client-1.0.1.jar:/home/user/.m2/repository/org/apache/kerby/kerby-config/1.0.1/kerby-config-1.0.1.jar:/home/user/.m2/repository/org/apache/kerby/kerb-core/1.0.1/kerb-core-1.0.1.jar:/home/user/.m2/repository/org/apache/kerby/kerby-pkix/1.0.1/kerby-pkix-1.0.1.jar:/home/user/.m2/repository/org/apache/kerby/kerby-asn1/1.0.1/kerby-asn1-1.0.1.jar:/home/user/.m2/repository/org/apache/kerby/kerby-util/1.0.1/kerby-util-1.0.1.jar:/home/user/.m2/repository/org/apache/kerby/kerb-common/1.0.1/kerb-common-1.0.1.jar:/home/user/.m2/repository/org/apache/kerby/kerb-crypto/1.0.1/kerb-crypto-1.0.1.jar:/home/user/.m2/repository/org/apache/kerby/kerb-util/1.0.1/kerb-util-1.0.1.jar:/home/user/.m2/repository/org/apache/kerby/token-provider/1.0.1/token-provider-1.0.1.jar:/home/user/.m2/repository/org/apache/kerby/kerb-admin/1.0.1/kerb-admin-1.0.1.jar:/home/user/.m2/repository/org/apache/kerby/kerb-server/1.0.1/kerb-server-1.0.1.jar:/home/user/.m2/repository/org/apache/kerby/kerb-identity/1.0.1/kerb-identity-1.0.1.jar:/home/user/.m2/repository/org/apache/kerby/kerby-xdr/1.0.1/kerby-xdr-1.0.1.jar:/home/user/.m2/repository/org/slf4j/slf4j-log4j12/1.7.25/slf4j-log4j12-1.7.25.jar:/home/user/.m2/repository/org/apache/hadoop/hadoop-ozone-s3gateway/0.5.0-SNAPSHOT/hadoop-ozone-s3gateway-0.5.0-SNAPSHOT.jar:/home/user/.m2/repository/org/jboss/weld/servlet/weld-servlet/2.4.7.Final/weld-servlet-2.4.7.Final.jar:/home/user/.m2/repository/org/glassfish/jersey/containers/jersey-container-servlet-core/2.27/jersey-container-servlet-core-2.27.jar:/home/user/.m2/repository/org/glassfish/hk2/external/javax.inject/2.5.0-b42/javax.inject-2.5.0-b42.jar:/home/user/.m2/repository/org/glassfish/jersey/core/jersey-common/2.27/jersey-common-2.27.jar:/home/user/.m2/repository/org/glassfish/hk2/osgi-resource-locator/1.0.1/osgi-resource-locator-1.0.1.jar:/home/user/.m2/repository/javax/ws/rs/javax.ws.rs-api/2.1/javax.ws.rs-api-2.1.jar:/home/user/.m2/repository/org/glassfish/jersey/ext/cdi/jersey-cdi1x/2.27/jersey-cdi1x-2.27.jar:/home/user/.m2/repository/org/glassfish/jersey/inject/jersey-hk2/2.27/jersey-hk2-2.27.jar:/home/user/.m2/repository/org/glassfish/hk2/hk2-locator/2.5.0-b42/hk2-locator-2.5.0-b42.jar:/home/user/.m2/repository/org/javassist/javassist/3.22.0-CR2/javassist-3.22.0-CR2.jar:/home/user/.m2/repository/org/glassfish/hk2/hk2-api/2.5.0/hk2-api-2.5.0.jar:/home/user/.m2/repository/org/glassfish/hk2/external/jakarta.inject/2.5.0/jakarta.inject-2.5.0.jar:/home/user/.m2/repository/org/glassfish/hk2/hk2-utils/2.5.0/hk2-utils-2.5.0.jar:/home/user/.m2/repository/jakarta/annotation/jakarta.annotation-api/1.3.4/jakarta.annotation-api-1.3.4.jar:/home/user/.m2/repository/org/glassfish/hk2/external/aopalliance-repackaged/2.5.0/aopalliance-repackaged-2.5.0.jar:/home/user/.m2/repository/com/fasterxml/jackson/dataformat/jackson-dataformat-xml/2.9.0/jackson-dataformat-xml-2.9.0.jar:/home/user/.m2/repository/com/fasterxml/jackson/core/jackson-core/2.9.9/jackson-core-2.9.9.jar:/home/user/.m2/repository/com/fasterxml/jackson/module/jackson-module-jaxb-annotations/2.9.9/jackson-module-jaxb-annotations-2.9.9.jar:/home/user/.m2/repository/javax/enterprise/cdi-api/1.2/cdi-api-1.2.jar:/home/user/.m2/repository/javax/el/javax.el-api/3.0.0/javax.el-api-3.0.0.jar:/home/user/.m2/repository/javax/interceptor/javax.interceptor-api/1.2/javax.interceptor-api-1.2.jar:/home/user/.m2/repository/javax/inject/javax.inject/1/javax.inject-1.jar:/home/user/.m2/repository/com/sun/xml/bind/jaxb-impl/2.3.0.1/jaxb-impl-2.3.0.1.jar:/home/user/.m2/repository/com/sun/xml/bind/jaxb-core/2.3.0.1/jaxb-core-2.3.0.1.jar:/home/user/.m2/repository/javax/xml/bind/jaxb-api/2.3.0/jaxb-api-2.3.0.jar:/home/user/.m2/repository/javax/activation/activation/1.1.1/activation-1.1.1.jar:/home/user/.m2/repository/org/apache/hadoop/hadoop-ozone-csi/0.5.0-SNAPSHOT/hadoop-ozone-csi-0.5.0-SNAPSHOT.jar:/home/user/.m2/repository/com/google/protobuf/protobuf-java-util/3.5.1/protobuf-java-util-3.5.1.jar:/home/user/.m2/repository/org/apache/hadoop/hadoop-hdds-config/0.5.0-SNAPSHOT/hadoop-hdds-config-0.5.0-SNAPSHOT.jar:/home/user/.m2/repository/io/grpc/grpc-netty/1.17.1/grpc-netty-1.17.1.jar:/home/user/.m2/repository/io/grpc/grpc-core/1.17.1/grpc-core-1.17.1.jar:/home/user/.m2/repository/io/grpc/grpc-context/1.17.1/grpc-context-1.17.1.jar:/home/user/.m2/repository/com/google/errorprone/error_prone_annotations/2.2.0/error_prone_annotations-2.2.0.jar:/home/user/.m2/repository/org/codehaus/mojo/animal-sniffer-annotations/1.17/animal-sniffer-annotations-1.17.jar:/home/user/.m2/repository/io/opencensus/opencensus-api/0.17.0/opencensus-api-0.17.0.jar:/home/user/.m2/repository/io/opencensus/opencensus-contrib-grpc-metrics/0.17.0/opencensus-contrib-grpc-metrics-0.17.0.jar:/home/user/.m2/repository/io/netty/netty-codec-http2/4.1.30.Final/netty-codec-http2-4.1.30.Final.jar:/home/user/.m2/repository/io/netty/netty-codec-http/4.1.30.Final/netty-codec-http-4.1.30.Final.jar:/home/user/.m2/repository/io/netty/netty-codec/4.1.30.Final/netty-codec-4.1.30.Final.jar:/home/user/.m2/repository/io/netty/netty-handler/4.1.30.Final/netty-handler-4.1.30.Final.jar:/home/user/.m2/repository/io/netty/netty-handler-proxy/4.1.30.Final/netty-handler-proxy-4.1.30.Final.jar:/home/user/.m2/repository/io/netty/netty-codec-socks/4.1.30.Final/netty-codec-socks-4.1.30.Final.jar:/home/user/.m2/repository/io/netty/netty-transport-native-epoll/4.1.30.Final/netty-transport-native-epoll-4.1.30.Final.jar:/home/user/.m2/repository/io/netty/netty-common/4.1.30.Final/netty-common-4.1.30.Final.jar:/home/user/.m2/repository/io/netty/netty-buffer/4.1.30.Final/netty-buffer-4.1.30.Final.jar:/home/user/.m2/repository/io/netty/netty-transport/4.1.30.Final/netty-transport-4.1.30.Final.jar:/home/user/.m2/repository/io/netty/netty-resolver/4.1.30.Final/netty-resolver-4.1.30.Final.jar:/home/user/.m2/repository/io/netty/netty-transport-native-unix-common/4.1.30.Final/netty-transport-native-unix-common-4.1.30.Final.jar:/home/user/.m2/repository/io/grpc/grpc-protobuf/1.17.1/grpc-protobuf-1.17.1.jar:/home/user/.m2/repository/com/google/api/grpc/proto-google-common-protos/1.0.0/proto-google-common-protos-1.0.0.jar:/home/user/.m2/repository/io/grpc/grpc-protobuf-lite/1.17.1/grpc-protobuf-lite-1.17.1.jar:/home/user/.m2/repository/io/grpc/grpc-stub/1.17.1/grpc-stub-1.17.1.jar:/home/user/.m2/repository/org/apache/hadoop/hadoop-ozone-recon/0.5.0-SNAPSHOT/hadoop-ozone-recon-0.5.0-SNAPSHOT.jar:/home/user/.m2/repository/org/apache/hadoop/hadoop-ozone-reconcodegen/0.5.0-SNAPSHOT/hadoop-ozone-reconcodegen-0.5.0-SNAPSHOT.jar:/home/user/.m2/repository/com/google/inject/extensions/guice-multibindings/4.0/guice-multibindings-4.0.jar:/home/user/.m2/repository/com/google/inject/guice/4.0/guice-4.0.jar:/home/user/.m2/repository/aopalliance/aopalliance/1.0/aopalliance-1.0.jar:/home/user/.m2/repository/com/google/inject/extensions/guice-servlet/4.0/guice-servlet-4.0.jar:/home/user/.m2/repository/org/glassfish/jersey/containers/jersey-container-servlet/2.27/jersey-container-servlet-2.27.jar:/home/user/.m2/repository/org/glassfish/hk2/guice-bridge/2.5.0/guice-bridge-2.5.0.jar:/home/user/.m2/repository/org/glassfish/jersey/core/jersey-server/2.27/jersey-server-2.27.jar:/home/user/.m2/repository/org/glassfish/jersey/core/jersey-client/2.27/jersey-client-2.27.jar:/home/user/.m2/repository/org/glassfish/jersey/media/jersey-media-jaxb/2.27/jersey-media-jaxb-2.27.jar:/home/user/.m2/repository/javax/validation/validation-api/1.1.0.Final/validation-api-1.1.0.Final.jar:/home/user/.m2/repository/org/glassfish/jersey/media/jersey-media-json-jackson/2.27/jersey-media-json-jackson-2.27.jar:/home/user/.m2/repository/org/glassfish/jersey/ext/jersey-entity-filtering/2.27/jersey-entity-filtering-2.27.jar:/home/user/.m2/repository/com/google/inject/extensions/guice-assistedinject/4.0/guice-assistedinject-4.0.jar:/home/user/.m2/repository/org/jooq/jooq/3.11.10/jooq-3.11.10.jar:/home/user/.m2/repository/org/jooq/jooq-meta/3.11.10/jooq-meta-3.11.10.jar:/home/user/.m2/repository/org/jooq/jooq-codegen/3.11.10/jooq-codegen-3.11.10.jar:/home/user/.m2/repository/com/jolbox/bonecp/0.8.0.RELEASE/bonecp-0.8.0.RELEASE.jar:/home/user/.m2/repository/org/xerial/sqlite-jdbc/3.25.2/sqlite-jdbc-3.25.2.jar:/home/user/.m2/repository/org/springframework/spring-jdbc/5.1.3.RELEASE/spring-jdbc-5.1.3.RELEASE.jar:/home/user/.m2/repository/org/springframework/spring-beans/5.1.3.RELEASE/spring-beans-5.1.3.RELEASE.jar:/home/user/.m2/repository/org/springframework/spring-core/5.1.3.RELEASE/spring-core-5.1.3.RELEASE.jar:/home/user/.m2/repository/org/springframework/spring-jcl/5.1.3.RELEASE/spring-jcl-5.1.3.RELEASE.jar:/home/user/.m2/repository/org/springframework/spring-tx/5.1.3.RELEASE/spring-tx-5.1.3.RELEASE.jar:/home/user/.m2/repository/org/apache/hadoop/hadoop-ozone-client/0.5.0-SNAPSHOT/hadoop-ozone-client-0.5.0-SNAPSHOT.jar:/home/user/.m2/repository/commons-lang/commons-lang/2.6/commons-lang-2.6.jar:/home/user/.m2/repository/org/apache/hadoop/hadoop-ozone-ozone-manager/0.5.0-SNAPSHOT/hadoop-ozone-ozone-manager-0.5.0-SNAPSHOT-tests.jar:/home/user/.m2/repository/junit/junit/4.11/junit-4.11.jar:/home/user/.m2/repository/org/hamcrest/hamcrest-core/1.3/hamcrest-core-1.3.jar:/home/user/.m2/repository/org/openjdk/jmh/jmh-core/1.19/jmh-core-1.19.jar:/home/user/.m2/repository/net/sf/jopt-simple/jopt-simple/4.6/jopt-simple-4.6.jar:/home/user/.m2/repository/org/apache/commons/commons-math3/3.1.1/commons-math3-3.1.1.jar:/home/user/.m2/repository/org/openjdk/jmh/jmh-generator-annprocess/1.19/jmh-generator-annprocess-1.19.jar:/home/user/.m2/repository/org/mockito/mockito-all/1.8.5/mockito-all-1.8.5.jar:/home/user/.m2/repository/org/apache/hadoop/hadoop-kms/3.2.0/hadoop-kms-3.2.0.jar:/home/user/.m2/repository/org/apache/hadoop/hadoop-auth/3.2.0/hadoop-auth-3.2.0.jar:/home/user/.m2/repository/com/nimbusds/nimbus-jose-jwt/4.41.1/nimbus-jose-jwt-4.41.1.jar:/home/user/.m2/repository/com/github/stephenc/jcip/jcip-annotations/1.0-1/jcip-annotations-1.0-1.jar:/home/user/.m2/repository/net/minidev/json-smart/2.3/json-smart-2.3.jar:/home/user/.m2/repository/net/minidev/accessors-smart/1.2/accessors-smart-1.2.jar:/home/user/.m2/repository/org/ow2/asm/asm/5.0.4/asm-5.0.4.jar:/home/user/.m2/repository/org/apache/curator/curator-framework/2.12.0/curator-framework-2.12.0.jar:/home/user/.m2/repository/com/sun/jersey/jersey-core/1.19/jersey-core-1.19.jar:/home/user/.m2/repository/javax/ws/rs/jsr311-api/1.1.1/jsr311-api-1.1.1.jar:/home/user/.m2/repository/com/sun/jersey/jersey-server/1.19/jersey-server-1.19.jar:/home/user/.m2/repository/javax/servlet/javax.servlet-api/3.1.0/javax.servlet-api-3.1.0.jar:/home/user/.m2/repository/org/eclipse/jetty/jetty-server/9.3.25.v20180904/jetty-server-9.3.25.v20180904.jar:/home/user/.m2/repository/org/eclipse/jetty/jetty-http/9.3.25.v20180904/jetty-http-9.3.25.v20180904.jar:/home/user/.m2/repository/org/eclipse/jetty/jetty-io/9.3.25.v20180904/jetty-io-9.3.25.v20180904.jar:/home/user/.m2/repository/org/eclipse/jetty/jetty-webapp/9.3.25.v20180904/jetty-webapp-9.3.25.v20180904.jar:/home/user/.m2/repository/org/eclipse/jetty/jetty-xml/9.3.25.v20180904/jetty-xml-9.3.25.v20180904.jar:/home/user/.m2/repository/log4j/log4j/1.2.17/log4j-1.2.17.jar:/home/user/.m2/repository/org/slf4j/slf4j-api/1.7.25/slf4j-api-1.7.25.jar:/home/user/.m2/repository/org/slf4j/jul-to-slf4j/1.7.25/jul-to-slf4j-1.7.25.jar:/home/user/.m2/repository/org/eclipse/jetty/jetty-util/9.3.25.v20180904/jetty-util-9.3.25.v20180904.jar:/home/user/.m2/repository/com/fasterxml/jackson/core/jackson-databind/2.9.9/jackson-databind-2.9.9.jar:/home/user/.m2/repository/org/apache/hadoop/hadoop-kms/3.2.0/hadoop-kms-3.2.0-tests.jar:/home/user/.m2/repository/org/apache/hadoop/hadoop-hdds-server-scm/0.5.0-SNAPSHOT/hadoop-hdds-server-scm-0.5.0-SNAPSHOT-tests.jar:/home/user/.m2/repository/org/apache/hadoop/hadoop-hdds-container-service/0.5.0-SNAPSHOT/hadoop-hdds-container-service-0.5.0-SNAPSHOT-tests.jar:/home/user/.m2/repository/org/yaml/snakeyaml/1.16/snakeyaml-1.16.jar:/home/user/.m2/repository/org/apache/hadoop/hadoop-common/3.2.0/hadoop-common-3.2.0-tests.jar:/home/user/.m2/repository/org/apache/hadoop/hadoop-annotations/3.2.0/hadoop-annotations-3.2.0.jar:/usr/lib/jvm/java-1.8-openjdk/jre/../lib/tools.jar:/home/user/.m2/repository/commons-cli/commons-cli/1.2/commons-cli-1.2.jar:/home/user/.m2/repository/org/apache/httpcomponents/httpclient/4.5.2/httpclient-4.5.2.jar:/home/user/.m2/repository/org/apache/httpcomponents/httpcore/4.4.4/httpcore-4.4.4.jar:/home/user/.m2/repository/commons-codec/commons-codec/1.11/commons-codec-1.11.jar:/home/user/.m2/repository/commons-net/commons-net/3.6/commons-net-3.6.jar:/home/user/.m2/repository/commons-collections/commons-collections/3.2.2/commons-collections-3.2.2.jar:/home/user/.m2/repository/org/eclipse/jetty/jetty-servlet/9.3.25.v20180904/jetty-servlet-9.3.25.v20180904.jar:/home/user/.m2/repository/org/eclipse/jetty/jetty-security/9.3.25.v20180904/jetty-security-9.3.25.v20180904.jar:/home/user/.m2/repository/javax/servlet/jsp/jsp-api/2.1/jsp-api-2.1.jar:/home/user/.m2/repository/com/sun/jersey/jersey-servlet/1.19/jersey-servlet-1.19.jar:/home/user/.m2/repository/com/sun/jersey/jersey-json/1.19/jersey-json-1.19.jar:/home/user/.m2/repository/org/codehaus/jettison/jettison/1.1/jettison-1.1.jar:/home/user/.m2/repository/org/codehaus/jackson/jackson-core-asl/1.9.13/jackson-core-asl-1.9.13.jar:/home/user/.m2/repository/org/codehaus/jackson/jackson-mapper-asl/1.9.13/jackson-mapper-asl-1.9.13.jar:/home/user/.m2/repository/org/codehaus/jackson/jackson-jaxrs/1.9.13/jackson-jaxrs-1.9.13.jar:/home/user/.m2/repository/org/codehaus/jackson/jackson-xc/1.9.13/jackson-xc-1.9.13.jar:/home/user/.m2/repository/commons-logging/commons-logging/1.1.3/commons-logging-1.1.3.jar:/home/user/.m2/repository/commons-beanutils/commons-beanutils/1.9.4/commons-beanutils-1.9.4.jar:/home/user/.m2/repository/org/apache/commons/commons-configuration2/2.1.1/commons-configuration2-2.1.1.jar:/home/user/.m2/repository/org/apache/commons/commons-lang3/3.7/commons-lang3-3.7.jar:/home/user/.m2/repository/org/apache/commons/commons-text/1.4/commons-text-1.4.jar:/home/user/.m2/repository/org/apache/avro/avro/1.7.7/avro-1.7.7.jar:/home/user/.m2/repository/com/thoughtworks/paranamer/paranamer/2.3/paranamer-2.3.jar:/home/user/.m2/repository/org/xerial/snappy/snappy-java/1.0.5/snappy-java-1.0.5.jar:/home/user/.m2/repository/com/google/re2j/re2j/1.1/re2j-1.1.jar:/home/user/.m2/repository/com/google/code/gson/gson/2.2.4/gson-2.2.4.jar:/home/user/.m2/repository/com/jcraft/jsch/0.1.54/jsch-0.1.54.jar:/home/user/.m2/repository/org/apache/curator/curator-client/2.12.0/curator-client-2.12.0.jar:/home/user/.m2/repository/org/apache/curator/curator-recipes/2.12.0/curator-recipes-2.12.0.jar:/home/user/.m2/repository/com/google/code/findbugs/jsr305/3.0.0/jsr305-3.0.0.jar:/home/user/.m2/repository/org/apache/htrace/htrace-core4/4.1.0-incubating/htrace-core4-4.1.0-incubating.jar:/home/user/.m2/repository/org/apache/zookeeper/zookeeper/3.4.13/zookeeper-3.4.13.jar:/home/user/.m2/repository/jline/jline/0.9.94/jline-0.9.94.jar:/home/user/.m2/repository/org/apache/yetus/audience-annotations/0.5.0/audience-annotations-0.5.0.jar:/home/user/.m2/repository/org/codehaus/woodstox/stax2-api/3.1.4/stax2-api-3.1.4.jar:/home/user/.m2/repository/com/fasterxml/woodstox/woodstox-core/5.0.3/woodstox-core-5.0.3.jar:/home/user/.m2/repository/dnsjava/dnsjava/2.1.7/dnsjava-2.1.7.jar:/home/user/.m2/repository/org/apache/hadoop/hadoop-hdfs/3.2.0/hadoop-hdfs-3.2.0-tests.jar:/home/user/.m2/repository/org/eclipse/jetty/jetty-util-ajax/9.3.25.v20180904/jetty-util-ajax-9.3.25.v20180904.jar:/home/user/.m2/repository/commons-daemon/commons-daemon/1.0.13/commons-daemon-1.0.13.jar:/home/user/.m2/repository/io/netty/netty/3.10.5.Final/netty-3.10.5.Final.jar:/home/user/.m2/repository/io/netty/netty-all/4.0.52.Final/netty-all-4.0.52.Final.jar:/home/user/.m2/repository/org/fusesource/leveldbjni/leveldbjni-all/1.8/leveldbjni-all-1.8.jar:"/>
    <property name="sun.cpu.endian" value="little"/>
    <property name="user.home" value="/home/user"/>
    <property name="user.language" value="en"/>
    <property name="java.specification.vendor" value="Oracle Corporation"/>
    <property name="java.home" value="/usr/lib/jvm/java-1.8-openjdk/jre"/>
    <property name="java.security.krb5.conf" value="/workdir/hadoop-ozone/integration-test/target/test-classes/krb5.conf"/>
    <property name="basedir" value="/workdir/hadoop-ozone/integration-test"/>
    <property name="file.separator" value="/"/>
    <property name="line.separator" value="&#10;"/>
    <property name="java.vm.specification.vendor" value="Oracle Corporation"/>
    <property name="java.specification.name" value="Java Platform API Specification"/>
    <property name="java.awt.graphicsenv" value="sun.awt.X11GraphicsEnvironment"/>
    <property name="surefire.real.class.path" value="/workdir/hadoop-ozone/integration-test/target/surefire/surefirebooter1275051536821924214.jar"/>
    <property name="hadoop.log.dir" value="/workdir/hadoop-ozone/integration-test/target/log"/>
    <property name="sun.boot.class.path" value="/usr/lib/jvm/java-1.8-openjdk/jre/lib/resources.jar:/usr/lib/jvm/java-1.8-openjdk/jre/lib/rt.jar:/usr/lib/jvm/java-1.8-openjdk/jre/lib/sunrsasign.jar:/usr/lib/jvm/java-1.8-openjdk/jre/lib/jsse.jar:/usr/lib/jvm/java-1.8-openjdk/jre/lib/jce.jar:/usr/lib/jvm/java-1.8-openjdk/jre/lib/charsets.jar:/usr/lib/jvm/java-1.8-openjdk/jre/lib/jfr.jar:/usr/lib/jvm/java-1.8-openjdk/jre/classes"/>
    <property name="sun.management.compiler" value="HotSpot 64-Bit Tiered Compilers"/>
    <property name="java.runtime.version" value="1.8.0_212-b04"/>
    <property name="java.net.preferIPv4Stack" value="true"/>
    <property name="user.name" value="jenkins1000"/>
    <property name="path.separator" value=":"/>
    <property name="java.security.egd" value="file:///dev/urandom"/>
    <property name="os.version" value="3.10.0-957.12.2.el7.x86_64"/>
    <property name="java.endorsed.dirs" value="/usr/lib/jvm/java-1.8-openjdk/jre/lib/endorsed"/>
    <property name="java.runtime.name" value="OpenJDK Runtime Environment"/>
    <property name="file.encoding" value="UTF-8"/>
    <property name="java.vm.name" value="OpenJDK 64-Bit Server VM"/>
    <property name="test.build.webapps" value=""/>
    <property name="localRepository" value="/home/user/.m2/repository"/>
    <property name="java.vendor.url.bug" value="https://icedtea.classpath.org/bugzilla"/>
    <property name="java.io.tmpdir" value="/tmp"/>
    <property name="require.test.libhadoop" value=""/>
    <property name="java.version" value="1.8.0_212"/>
    <property name="user.dir" value="/workdir/hadoop-ozone/integration-test"/>
    <property name="os.arch" value="amd64"/>
    <property name="java.vm.specification.name" value="Java Virtual Machine Specification"/>
    <property name="test.build.classes" value="/workdir/hadoop-ozone/integration-test/target/test-classes"/>
    <property name="java.awt.printerjob" value="sun.print.PSPrinterJob"/>
    <property name="sun.os.patch.level" value="unknown"/>
    <property name="hadoop.tmp.dir" value="/workdir/hadoop-ozone/integration-test/target/tmp"/>
    <property name="java.library.path" value="/usr/lib/jvm/java-1.8-openjdk/jre/lib/amd64/server:/usr/lib/jvm/java-1.8-openjdk/jre/lib/amd64:/usr/lib/jvm/java-1.8-openjdk/jre/../lib/amd64:/workdir/hadoop-ozone/integration-test/target/native/target/usr/local/lib:/workdir/hadoop-ozone/integration-test/../../hadoop-common-project/hadoop-common/target/native/target/usr/local/lib:/usr/java/packages/lib/amd64:/usr/lib64:/lib64:/lib:/usr/lib"/>
    <property name="java.vm.info" value="mixed mode"/>
    <property name="java.vendor" value="IcedTea"/>
    <property name="java.vm.version" value="25.212-b04"/>
    <property name="java.ext.dirs" value="/usr/lib/jvm/java-1.8-openjdk/jre/lib/ext:/usr/java/packages/lib/ext"/>
    <property name="sun.io.unicode.encoding" value="UnicodeLittle"/>
    <property name="java.class.version" value="52.0"/>
  </properties>
  <testcase name="testWatchForCommitWithKeyWrite" classname="org.apache.hadoop.ozone.client.rpc.TestWatchForCommit" time="98.855"/>
  <testcase name="testWatchForCommitWithSmallerTimeoutValue" classname="org.apache.hadoop.ozone.client.rpc.TestWatchForCommit" time="52.069"/>
  <testcase name="testWatchForCommitForRetryfailure" classname="org.apache.hadoop.ozone.client.rpc.TestWatchForCommit" time="85.801"/>
  <testcase name="testWatchForCommitForGroupMismatchException" classname="org.apache.hadoop.ozone.client.rpc.TestWatchForCommit" time="29.824">
    <error message="org.apache.ratis.protocol.RaftRetryFailureException: Failed RaftClientRequest:client-1BB8D8238A03-&gt;3eee0bb1-8090-45b5-a26e-402c03e66bc4@group-0C0B33C042B8, cid=83, seq=1*, RW, org.apache.hadoop.hdds.scm.XceiverClientRatis$$Lambda$431/1177206467@a031a24 for 20 attempts with RetryLimited(maxAttempts=20, sleepTime=1000ms)" type="java.util.concurrent.ExecutionException">java.util.concurrent.ExecutionException: org.apache.ratis.protocol.RaftRetryFailureException: Failed RaftClientRequest:client-1BB8D8238A03->3eee0bb1-8090-45b5-a26e-402c03e66bc4@group-0C0B33C042B8, cid=83, seq=1*, RW, org.apache.hadoop.hdds.scm.XceiverClientRatis$$Lambda$431/1177206467@a031a24 for 20 attempts with RetryLimited(maxAttempts=20, sleepTime=1000ms)
	at java.util.concurrent.CompletableFuture.reportGet(CompletableFuture.java:357)
	at java.util.concurrent.CompletableFuture.get(CompletableFuture.java:1895)
	at org.apache.hadoop.ozone.client.rpc.TestWatchForCommit.testWatchForCommitForGroupMismatchException(TestWatchForCommit.java:432)
	at sun.reflect.NativeMethodAccessorImpl.invoke0(Native Method)
	at sun.reflect.NativeMethodAccessorImpl.invoke(NativeMethodAccessorImpl.java:62)
	at sun.reflect.DelegatingMethodAccessorImpl.invoke(DelegatingMethodAccessorImpl.java:43)
	at java.lang.reflect.Method.invoke(Method.java:498)
	at org.junit.runners.model.FrameworkMethod$1.runReflectiveCall(FrameworkMethod.java:47)
	at org.junit.internal.runners.model.ReflectiveCallable.run(ReflectiveCallable.java:12)
	at org.junit.runners.model.FrameworkMethod.invokeExplosively(FrameworkMethod.java:44)
	at org.junit.internal.runners.statements.InvokeMethod.evaluate(InvokeMethod.java:17)
	at org.junit.runners.ParentRunner.runLeaf(ParentRunner.java:271)
	at org.junit.runners.BlockJUnit4ClassRunner.runChild(BlockJUnit4ClassRunner.java:70)
	at org.junit.runners.BlockJUnit4ClassRunner.runChild(BlockJUnit4ClassRunner.java:50)
	at org.junit.runners.ParentRunner$3.run(ParentRunner.java:238)
	at org.junit.runners.ParentRunner$1.schedule(ParentRunner.java:63)
	at org.junit.runners.ParentRunner.runChildren(ParentRunner.java:236)
	at org.junit.runners.ParentRunner.access$000(ParentRunner.java:53)
	at org.junit.runners.ParentRunner$2.evaluate(ParentRunner.java:229)
	at org.junit.runners.ParentRunner.run(ParentRunner.java:309)
	at org.apache.maven.surefire.junit4.JUnit4Provider.execute(JUnit4Provider.java:365)
	at org.apache.maven.surefire.junit4.JUnit4Provider.executeWithRerun(JUnit4Provider.java:273)
	at org.apache.maven.surefire.junit4.JUnit4Provider.executeTestSet(JUnit4Provider.java:238)
	at org.apache.maven.surefire.junit4.JUnit4Provider.invoke(JUnit4Provider.java:159)
	at org.apache.maven.surefire.booter.ForkedBooter.invokeProviderInSameClassLoader(ForkedBooter.java:384)
	at org.apache.maven.surefire.booter.ForkedBooter.runSuitesInProcess(ForkedBooter.java:345)
	at org.apache.maven.surefire.booter.ForkedBooter.execute(ForkedBooter.java:126)
	at org.apache.maven.surefire.booter.ForkedBooter.main(ForkedBooter.java:418)
Caused by: org.apache.ratis.protocol.RaftRetryFailureException: Failed RaftClientRequest:client-1BB8D8238A03->3eee0bb1-8090-45b5-a26e-402c03e66bc4@group-0C0B33C042B8, cid=83, seq=1*, RW, org.apache.hadoop.hdds.scm.XceiverClientRatis$$Lambda$431/1177206467@a031a24 for 20 attempts with RetryLimited(maxAttempts=20, sleepTime=1000ms)
	at org.apache.ratis.client.impl.RaftClientImpl.noMoreRetries(RaftClientImpl.java:271)
	at org.apache.ratis.client.impl.OrderedAsync.handleAsyncRetryFailure(OrderedAsync.java:138)
	at org.apache.ratis.client.impl.OrderedAsync.lambda$sendRequest$10(OrderedAsync.java:230)
	at java.util.concurrent.CompletableFuture.uniExceptionally(CompletableFuture.java:870)
	at java.util.concurrent.CompletableFuture$UniExceptionally.tryFire(CompletableFuture.java:852)
	at java.util.concurrent.CompletableFuture.postComplete(CompletableFuture.java:474)
	at java.util.concurrent.CompletableFuture.completeExceptionally(CompletableFuture.java:1977)
	at org.apache.ratis.grpc.client.GrpcClientProtocolClient$AsyncStreamObservers.completeReplyExceptionally(GrpcClientProtocolClient.java:339)
	at org.apache.ratis.grpc.client.GrpcClientProtocolClient$AsyncStreamObservers.access$000(GrpcClientProtocolClient.java:255)
	at org.apache.ratis.grpc.client.GrpcClientProtocolClient$AsyncStreamObservers$1.onNext(GrpcClientProtocolClient.java:267)
	at org.apache.ratis.grpc.client.GrpcClientProtocolClient$AsyncStreamObservers$1.onNext(GrpcClientProtocolClient.java:258)
	at org.apache.ratis.thirdparty.io.grpc.stub.ClientCalls$StreamObserverToCallListenerAdapter.onMessage(ClientCalls.java:421)
	at org.apache.ratis.thirdparty.io.grpc.ForwardingClientCallListener.onMessage(ForwardingClientCallListener.java:33)
	at org.apache.ratis.thirdparty.io.grpc.ForwardingClientCallListener.onMessage(ForwardingClientCallListener.java:33)
	at org.apache.ratis.thirdparty.io.grpc.internal.ClientCallImpl$ClientStreamListenerImpl$1MessagesAvailable.runInContext(ClientCallImpl.java:519)
	at org.apache.ratis.thirdparty.io.grpc.internal.ContextRunnable.run(ContextRunnable.java:37)
	at org.apache.ratis.thirdparty.io.grpc.internal.SerializingExecutor.run(SerializingExecutor.java:123)
	at java.util.concurrent.ThreadPoolExecutor.runWorker(ThreadPoolExecutor.java:1149)
	at java.util.concurrent.ThreadPoolExecutor$Worker.run(ThreadPoolExecutor.java:624)
	at java.lang.Thread.run(Thread.java:748)
Caused by: org.apache.ratis.protocol.NotLeaderException: Server 3eee0bb1-8090-45b5-a26e-402c03e66bc4@group-0C0B33C042B8 is not the leader
	at org.apache.ratis.client.impl.ClientProtoUtils.toRaftClientReply(ClientProtoUtils.java:243)
	at org.apache.ratis.grpc.client.GrpcClientProtocolClient$AsyncStreamObservers$1.onNext(GrpcClientProtocolClient.java:263)
	... 10 more
</error>
    <system-out><![CDATA[2019-09-23 08:25:25,317 [main] WARN  server.ServerUtils (ServerUtils.java:getScmDbDir(145)) - ozone.scm.db.dirs is not configured. We recommend adding this setting. Falling back to ozone.metadata.dirs instead.
2019-09-23 08:25:25,335 [main] WARN  server.ServerUtils (ServerUtils.java:getScmDbDir(145)) - ozone.scm.db.dirs is not configured. We recommend adding this setting. Falling back to ozone.metadata.dirs instead.
2019-09-23 08:25:25,335 [main] WARN  server.ServerUtils (ServerUtils.java:getScmDbDir(145)) - ozone.scm.db.dirs is not configured. We recommend adding this setting. Falling back to ozone.metadata.dirs instead.
2019-09-23 08:25:25,336 [main] INFO  db.DBStoreBuilder (DBStoreBuilder.java:addTable(110)) - using custom profile for table: deletedBlocks
2019-09-23 08:25:25,336 [main] INFO  db.DBStoreBuilder (DBStoreBuilder.java:processTables(161)) - Using default column profile:DBProfile.DISK for Table:deletedBlocks
2019-09-23 08:25:25,336 [main] INFO  db.DBStoreBuilder (DBStoreBuilder.java:addTable(110)) - using custom profile for table: validCerts
2019-09-23 08:25:25,336 [main] INFO  db.DBStoreBuilder (DBStoreBuilder.java:processTables(161)) - Using default column profile:DBProfile.DISK for Table:validCerts
2019-09-23 08:25:25,337 [main] INFO  db.DBStoreBuilder (DBStoreBuilder.java:addTable(110)) - using custom profile for table: revokedCerts
2019-09-23 08:25:25,337 [main] INFO  db.DBStoreBuilder (DBStoreBuilder.java:processTables(161)) - Using default column profile:DBProfile.DISK for Table:revokedCerts
2019-09-23 08:25:25,337 [main] INFO  db.DBStoreBuilder (DBStoreBuilder.java:addTable(110)) - using custom profile for table: default
2019-09-23 08:25:25,337 [main] INFO  db.DBStoreBuilder (DBStoreBuilder.java:processTables(167)) - Using default column profile:DBProfile.DISK for Table:default
2019-09-23 08:25:25,337 [main] INFO  db.DBStoreBuilder (DBStoreBuilder.java:getDbProfile(198)) - Using default options. DBProfile.DISK
2019-09-23 08:25:26,212 [main] INFO  net.NodeSchemaLoader (NodeSchemaLoader.java:loadSchemaFromFile(125)) - Loading file from sun.misc.CompoundEnumeration@66e21568
2019-09-23 08:25:26,213 [main] INFO  net.NodeSchemaLoader (NodeSchemaLoader.java:loadSchema(171)) - Loading network topology layer schema file
2019-09-23 08:25:26,221 [main] INFO  node.SCMNodeManager (SCMNodeManager.java:<init>(114)) - Entering startup safe mode.
2019-09-23 08:25:26,222 [main] INFO  algorithms.ContainerPlacementPolicyFactory (ContainerPlacementPolicyFactory.java:getPolicy(57)) - Create container placement policy of type org.apache.hadoop.hdds.scm.container.placement.algorithms.SCMContainerPlacementRandom
2019-09-23 08:25:26,223 [main] WARN  server.ServerUtils (ServerUtils.java:getScmDbDir(145)) - ozone.scm.db.dirs is not configured. We recommend adding this setting. Falling back to ozone.metadata.dirs instead.
2019-09-23 08:25:26,625 [main] INFO  pipeline.SCMPipelineManager (SCMPipelineManager.java:initializePipelineState(132)) - No pipeline exists in current db
2019-09-23 08:25:26,625 [main] WARN  server.ServerUtils (ServerUtils.java:getScmDbDir(145)) - ozone.scm.db.dirs is not configured. We recommend adding this setting. Falling back to ozone.metadata.dirs instead.
2019-09-23 08:25:27,001 [main] WARN  events.EventQueue (EventQueue.java:fireEvent(183)) - No event handler registered for event TypedEvent{payloadType=SafeModeStatus, name='SafeModeStatus'}
2019-09-23 08:25:27,002 [main] INFO  ipc.CallQueueManager (CallQueueManager.java:<init>(84)) - Using callQueue: class java.util.concurrent.LinkedBlockingQueue, queueCapacity: 2000, scheduler: class org.apache.hadoop.ipc.DefaultRpcScheduler, ipcBackoff: false.
2019-09-23 08:25:27,003 [Socket Reader #1 for port 43436] INFO  ipc.Server (Server.java:run(1074)) - Starting Socket Reader #1 for port 43436
2019-09-23 08:25:27,006 [main] INFO  ipc.CallQueueManager (CallQueueManager.java:<init>(84)) - Using callQueue: class java.util.concurrent.LinkedBlockingQueue, queueCapacity: 2000, scheduler: class org.apache.hadoop.ipc.DefaultRpcScheduler, ipcBackoff: false.
2019-09-23 08:25:27,006 [Socket Reader #1 for port 40587] INFO  ipc.Server (Server.java:run(1074)) - Starting Socket Reader #1 for port 40587
2019-09-23 08:25:27,010 [main] INFO  ipc.CallQueueManager (CallQueueManager.java:<init>(84)) - Using callQueue: class java.util.concurrent.LinkedBlockingQueue, queueCapacity: 2000, scheduler: class org.apache.hadoop.ipc.DefaultRpcScheduler, ipcBackoff: false.
2019-09-23 08:25:27,011 [Socket Reader #1 for port 39749] INFO  ipc.Server (Server.java:run(1074)) - Starting Socket Reader #1 for port 39749
2019-09-23 08:25:27,015 [main] INFO  hdfs.DFSUtil (DFSUtil.java:httpServerTemplateForNNAndJN(1641)) - Starting Web-server for scm at: http://0.0.0.0:0
2019-09-23 08:25:27,018 [main] INFO  server.AuthenticationFilter (AuthenticationFilter.java:constructSecretProvider(240)) - Unable to initialize FileSignerSecretProvider, falling back to use random secrets.
2019-09-23 08:25:27,020 [main] WARN  http.HttpRequestLog (HttpRequestLog.java:getRequestLog(97)) - Jetty request log can only be enabled using Log4j
2019-09-23 08:25:27,022 [main] INFO  http.HttpServer2 (HttpServer2.java:addGlobalFilter(975)) - Added global filter 'safety' (class=org.apache.hadoop.http.HttpServer2$QuotingInputFilter)
2019-09-23 08:25:27,023 [main] INFO  http.HttpServer2 (HttpServer2.java:addFilter(948)) - Added filter static_user_filter (class=org.apache.hadoop.http.lib.StaticUserWebFilter$StaticUserFilter) to context scm
2019-09-23 08:25:27,023 [main] INFO  http.HttpServer2 (HttpServer2.java:addFilter(958)) - Added filter static_user_filter (class=org.apache.hadoop.http.lib.StaticUserWebFilter$StaticUserFilter) to context logs
2019-09-23 08:25:27,024 [main] INFO  http.HttpServer2 (HttpServer2.java:addFilter(958)) - Added filter static_user_filter (class=org.apache.hadoop.http.lib.StaticUserWebFilter$StaticUserFilter) to context static
2019-09-23 08:25:27,026 [main] INFO  server.StorageContainerManager (StorageContainerManager.java:start(770)) - StorageContainerLocationProtocol RPC server is listening at /0.0.0.0:39749
2019-09-23 08:25:27,029 [main] WARN  impl.MetricsConfig (MetricsConfig.java:loadFirst(134)) - Cannot locate configuration: tried hadoop-metrics2-storagecontainermanager.properties,hadoop-metrics2.properties
2019-09-23 08:25:27,031 [main] INFO  impl.MetricsSystemImpl (MetricsSystemImpl.java:startTimer(374)) - Scheduled Metric snapshot period at 10 second(s).
2019-09-23 08:25:27,031 [main] INFO  impl.MetricsSystemImpl (MetricsSystemImpl.java:start(191)) - StorageContainerManager metrics system started
2019-09-23 08:25:27,057 [main] WARN  impl.MetricsSystemImpl (MetricsSystemImpl.java:register(276)) - Sink prometheus already exists!
2019-09-23 08:25:27,108 [main] INFO  server.SCMClientProtocolServer (SCMClientProtocolServer.java:start(151)) - RPC server for Client  is listening at /0.0.0.0:39749
2019-09-23 08:25:27,109 [IPC Server Responder] INFO  ipc.Server (Server.java:run(1314)) - IPC Server Responder: starting
2019-09-23 08:25:27,109 [IPC Server listener on 39749] INFO  ipc.Server (Server.java:run(1153)) - IPC Server listener on 39749: starting
2019-09-23 08:25:27,112 [main] INFO  server.StorageContainerManager (StorageContainerManager.java:start(780)) - ScmBlockLocationProtocol RPC server is listening at /0.0.0.0:40587
2019-09-23 08:25:27,112 [main] INFO  server.SCMBlockProtocolServer (SCMBlockProtocolServer.java:start(146)) - RPC server for Block Protocol is listening at /0.0.0.0:40587
2019-09-23 08:25:27,112 [IPC Server Responder] INFO  ipc.Server (Server.java:run(1314)) - IPC Server Responder: starting
2019-09-23 08:25:27,113 [IPC Server listener on 40587] INFO  ipc.Server (Server.java:run(1153)) - IPC Server listener on 40587: starting
2019-09-23 08:25:27,116 [main] INFO  server.StorageContainerManager (StorageContainerManager.java:start(784)) - ScmDatanodeProtocl RPC server is listening at /0.0.0.0:43436
2019-09-23 08:25:27,116 [main] INFO  server.SCMDatanodeProtocolServer (SCMDatanodeProtocolServer.java:start(191)) - RPC server for DataNodes is listening at /0.0.0.0:43436
2019-09-23 08:25:27,116 [IPC Server Responder] INFO  ipc.Server (Server.java:run(1314)) - IPC Server Responder: starting
2019-09-23 08:25:27,117 [IPC Server listener on 43436] INFO  ipc.Server (Server.java:run(1153)) - IPC Server listener on 43436: starting
2019-09-23 08:25:27,120 [main] INFO  http.HttpServer2 (HttpServer2.java:bindListener(1191)) - Jetty bound to port 37264
2019-09-23 08:25:27,121 [main] INFO  server.Server (Server.java:doStart(351)) - jetty-9.3.25.v20180904, build timestamp: 2018-09-04T21:11:46Z, git hash: 3ce520221d0240229c862b122d2b06c12a625732
2019-09-23 08:25:27,123 [main] INFO  handler.ContextHandler (ContextHandler.java:doStart(781)) - Started o.e.j.s.ServletContextHandler@4f281aaf{/logs,file:///workdir/hadoop-ozone/integration-test/target/log,AVAILABLE}
2019-09-23 08:25:27,123 [main] INFO  handler.ContextHandler (ContextHandler.java:doStart(781)) - Started o.e.j.s.ServletContextHandler@f2b90fc{/static,file:///workdir/hadoop-ozone/integration-test/target/test-classes/webapps/static,AVAILABLE}
2019-09-23 08:25:27,127 [main] INFO  handler.ContextHandler (ContextHandler.java:doStart(781)) - Started o.e.j.w.WebAppContext@23cd5d42{/,file:///workdir/hadoop-ozone/integration-test/target/test-classes/webapps/scm/,AVAILABLE}{/scm}
2019-09-23 08:25:27,128 [main] INFO  server.AbstractConnector (AbstractConnector.java:doStart(278)) - Started ServerConnector@455e0ce6{HTTP/1.1,[http/1.1]}{0.0.0.0:37264}
2019-09-23 08:25:27,129 [main] INFO  server.Server (Server.java:doStart(419)) - Started @238930ms
2019-09-23 08:25:27,129 [main] WARN  impl.MetricsSystemImpl (MetricsSystemImpl.java:register(276)) - Sink prometheus already exists!
2019-09-23 08:25:27,130 [main] INFO  server.BaseHttpServer (BaseHttpServer.java:updateConnectorAddress(215)) - HTTP server of SCM is listening at http://0.0.0.0:37264
2019-09-23 08:25:27,130 [main] WARN  server.ServerUtils (ServerUtils.java:getDBPath(222)) - ozone.om.db.dirs is not configured. We recommend adding this setting. Falling back to ozone.metadata.dirs instead.
2019-09-23 08:25:27,131 [org.apache.hadoop.util.JvmPauseMonitor$Monitor@3e900e1a] INFO  util.JvmPauseMonitor (JvmPauseMonitor.java:run(188)) - Starting JVM pause monitor
2019-09-23 08:25:27,251 [main] WARN  server.ServerUtils (ServerUtils.java:getDBPath(222)) - ozone.om.db.dirs is not configured. We recommend adding this setting. Falling back to ozone.metadata.dirs instead.
2019-09-23 08:25:27,252 [main] WARN  server.ServerUtils (ServerUtils.java:getDBPath(222)) - ozone.om.db.dirs is not configured. We recommend adding this setting. Falling back to ozone.metadata.dirs instead.
2019-09-23 08:25:27,252 [main] INFO  om.OzoneManager (OzoneManager.java:setOMNodeDetails(652)) - OM Service ID is not set. Setting it to the default ID: omServiceIdDefault
2019-09-23 08:25:27,253 [main] INFO  om.OzoneManager (OzoneManager.java:setOMNodeDetails(658)) - OM Node ID is not set. Setting it to the OmStorage's OmID: 3c5dcf4f-070c-4b01-a931-66e6ea520427
2019-09-23 08:25:27,253 [main] INFO  om.OzoneManager (OzoneManager.java:loadOMHAConfigs(609)) - Found matching OM address with OMServiceId: null, OMNodeId: null, RPC Address: localhost:0 and Ratis port: 9872
2019-09-23 08:25:27,262 [main] WARN  server.ServerUtils (ServerUtils.java:getDBPath(222)) - ozone.om.db.dirs is not configured. We recommend adding this setting. Falling back to ozone.metadata.dirs instead.
2019-09-23 08:25:27,263 [main] INFO  db.DBStoreBuilder (DBStoreBuilder.java:addTable(110)) - using custom profile for table: userTable
2019-09-23 08:25:27,263 [main] INFO  db.DBStoreBuilder (DBStoreBuilder.java:processTables(161)) - Using default column profile:DBProfile.DISK for Table:userTable
2019-09-23 08:25:27,264 [main] INFO  db.DBStoreBuilder (DBStoreBuilder.java:addTable(110)) - using custom profile for table: volumeTable
2019-09-23 08:25:27,264 [main] INFO  db.DBStoreBuilder (DBStoreBuilder.java:processTables(161)) - Using default column profile:DBProfile.DISK for Table:volumeTable
2019-09-23 08:25:27,264 [main] INFO  db.DBStoreBuilder (DBStoreBuilder.java:addTable(110)) - using custom profile for table: bucketTable
2019-09-23 08:25:27,264 [main] INFO  db.DBStoreBuilder (DBStoreBuilder.java:processTables(161)) - Using default column profile:DBProfile.DISK for Table:bucketTable
2019-09-23 08:25:27,265 [main] INFO  db.DBStoreBuilder (DBStoreBuilder.java:addTable(110)) - using custom profile for table: keyTable
2019-09-23 08:25:27,265 [main] INFO  db.DBStoreBuilder (DBStoreBuilder.java:processTables(161)) - Using default column profile:DBProfile.DISK for Table:keyTable
2019-09-23 08:25:27,265 [main] INFO  db.DBStoreBuilder (DBStoreBuilder.java:addTable(110)) - using custom profile for table: deletedTable
2019-09-23 08:25:27,266 [main] INFO  db.DBStoreBuilder (DBStoreBuilder.java:processTables(161)) - Using default column profile:DBProfile.DISK for Table:deletedTable
2019-09-23 08:25:27,266 [main] INFO  db.DBStoreBuilder (DBStoreBuilder.java:addTable(110)) - using custom profile for table: openKeyTable
2019-09-23 08:25:27,266 [main] INFO  db.DBStoreBuilder (DBStoreBuilder.java:processTables(161)) - Using default column profile:DBProfile.DISK for Table:openKeyTable
2019-09-23 08:25:27,267 [main] INFO  db.DBStoreBuilder (DBStoreBuilder.java:addTable(110)) - using custom profile for table: s3Table
2019-09-23 08:25:27,267 [main] INFO  db.DBStoreBuilder (DBStoreBuilder.java:processTables(161)) - Using default column profile:DBProfile.DISK for Table:s3Table
2019-09-23 08:25:27,267 [main] INFO  db.DBStoreBuilder (DBStoreBuilder.java:addTable(110)) - using custom profile for table: multipartInfoTable
2019-09-23 08:25:27,267 [main] INFO  db.DBStoreBuilder (DBStoreBuilder.java:processTables(161)) - Using default column profile:DBProfile.DISK for Table:multipartInfoTable
2019-09-23 08:25:27,268 [main] INFO  db.DBStoreBuilder (DBStoreBuilder.java:addTable(110)) - using custom profile for table: dTokenTable
2019-09-23 08:25:27,268 [main] INFO  db.DBStoreBuilder (DBStoreBuilder.java:processTables(161)) - Using default column profile:DBProfile.DISK for Table:dTokenTable
2019-09-23 08:25:27,268 [main] INFO  db.DBStoreBuilder (DBStoreBuilder.java:addTable(110)) - using custom profile for table: s3SecretTable
2019-09-23 08:25:27,269 [main] INFO  db.DBStoreBuilder (DBStoreBuilder.java:processTables(161)) - Using default column profile:DBProfile.DISK for Table:s3SecretTable
2019-09-23 08:25:27,269 [main] INFO  db.DBStoreBuilder (DBStoreBuilder.java:addTable(110)) - using custom profile for table: prefixTable
2019-09-23 08:25:27,269 [main] INFO  db.DBStoreBuilder (DBStoreBuilder.java:processTables(161)) - Using default column profile:DBProfile.DISK for Table:prefixTable
2019-09-23 08:25:27,270 [main] INFO  db.DBStoreBuilder (DBStoreBuilder.java:addTable(110)) - using custom profile for table: default
2019-09-23 08:25:27,270 [main] INFO  db.DBStoreBuilder (DBStoreBuilder.java:processTables(167)) - Using default column profile:DBProfile.DISK for Table:default
2019-09-23 08:25:27,270 [main] INFO  db.DBStoreBuilder (DBStoreBuilder.java:getDbProfile(198)) - Using default options. DBProfile.DISK
2019-09-23 08:25:29,312 [main] INFO  ipc.CallQueueManager (CallQueueManager.java:<init>(84)) - Using callQueue: class java.util.concurrent.LinkedBlockingQueue, queueCapacity: 2000, scheduler: class org.apache.hadoop.ipc.DefaultRpcScheduler, ipcBackoff: false.
2019-09-23 08:25:29,314 [Socket Reader #1 for port 35396] INFO  ipc.Server (Server.java:run(1074)) - Starting Socket Reader #1 for port 35396
2019-09-23 08:25:29,336 [main] INFO  om.OzoneManager (OzoneManager.java:start(1243)) - OzoneManager RPC server is listening at localhost/127.0.0.1:35396
2019-09-23 08:25:29,336 [main] INFO  impl.MetricsSystemImpl (MetricsSystemImpl.java:init(158)) - OzoneManager metrics system started (again)
2019-09-23 08:25:29,337 [IPC Server Responder] INFO  ipc.Server (Server.java:run(1314)) - IPC Server Responder: starting
2019-09-23 08:25:29,337 [IPC Server listener on 35396] INFO  ipc.Server (Server.java:run(1153)) - IPC Server listener on 35396: starting
2019-09-23 08:25:29,343 [main] INFO  hdfs.DFSUtil (DFSUtil.java:httpServerTemplateForNNAndJN(1641)) - Starting Web-server for ozoneManager at: http://0.0.0.0:0
2019-09-23 08:25:29,345 [main] INFO  server.AuthenticationFilter (AuthenticationFilter.java:constructSecretProvider(240)) - Unable to initialize FileSignerSecretProvider, falling back to use random secrets.
2019-09-23 08:25:29,346 [main] WARN  http.HttpRequestLog (HttpRequestLog.java:getRequestLog(97)) - Jetty request log can only be enabled using Log4j
2019-09-23 08:25:29,348 [main] INFO  http.HttpServer2 (HttpServer2.java:addGlobalFilter(975)) - Added global filter 'safety' (class=org.apache.hadoop.http.HttpServer2$QuotingInputFilter)
2019-09-23 08:25:29,349 [main] INFO  http.HttpServer2 (HttpServer2.java:addFilter(948)) - Added filter static_user_filter (class=org.apache.hadoop.http.lib.StaticUserWebFilter$StaticUserFilter) to context ozoneManager
2019-09-23 08:25:29,349 [main] INFO  http.HttpServer2 (HttpServer2.java:addFilter(958)) - Added filter static_user_filter (class=org.apache.hadoop.http.lib.StaticUserWebFilter$StaticUserFilter) to context logs
2019-09-23 08:25:29,350 [main] INFO  http.HttpServer2 (HttpServer2.java:addFilter(958)) - Added filter static_user_filter (class=org.apache.hadoop.http.lib.StaticUserWebFilter$StaticUserFilter) to context static
2019-09-23 08:25:29,351 [main] INFO  http.HttpServer2 (HttpServer2.java:bindListener(1191)) - Jetty bound to port 41007
2019-09-23 08:25:29,351 [main] INFO  server.Server (Server.java:doStart(351)) - jetty-9.3.25.v20180904, build timestamp: 2018-09-04T21:11:46Z, git hash: 3ce520221d0240229c862b122d2b06c12a625732
2019-09-23 08:25:29,354 [main] INFO  handler.ContextHandler (ContextHandler.java:doStart(781)) - Started o.e.j.s.ServletContextHandler@6dca31eb{/logs,file:///workdir/hadoop-ozone/integration-test/target/log,AVAILABLE}
2019-09-23 08:25:29,354 [main] INFO  handler.ContextHandler (ContextHandler.java:doStart(781)) - Started o.e.j.s.ServletContextHandler@4b56b031{/static,file:///workdir/hadoop-ozone/integration-test/target/test-classes/webapps/static,AVAILABLE}
2019-09-23 08:25:29,360 [main] INFO  handler.ContextHandler (ContextHandler.java:doStart(781)) - Started o.e.j.w.WebAppContext@d3e3085{/,file:///workdir/hadoop-ozone/integration-test/target/test-classes/webapps/ozoneManager/,AVAILABLE}{/ozoneManager}
2019-09-23 08:25:29,361 [main] INFO  server.AbstractConnector (AbstractConnector.java:doStart(278)) - Started ServerConnector@2ba42204{HTTP/1.1,[http/1.1]}{0.0.0.0:41007}
2019-09-23 08:25:29,362 [main] INFO  server.Server (Server.java:doStart(419)) - Started @241164ms
2019-09-23 08:25:29,363 [main] WARN  impl.MetricsSystemImpl (MetricsSystemImpl.java:register(276)) - Sink prometheus already exists!
2019-09-23 08:25:29,365 [main] INFO  server.BaseHttpServer (BaseHttpServer.java:updateConnectorAddress(215)) - HTTP server of OZONEMANAGER is listening at http://0.0.0.0:41007
2019-09-23 08:25:29,383 [main] INFO  impl.MetricsSystemImpl (MetricsSystemImpl.java:init(158)) - HddsDatanode metrics system started (again)
2019-09-23 08:25:29,386 [main] INFO  ozone.HddsDatanodeService (HddsDatanodeService.java:start(184)) - HddsDatanodeService host:trunk-nightly-20190923-extra-pvkvv-3499472557 ip:192.168.5.189
2019-09-23 08:25:29,393 [main] INFO  volume.HddsVolume (HddsVolume.java:<init>(176)) - Creating Volume: /workdir/hadoop-ozone/integration-test/target/test-dir/MiniOzoneClusterImpl-19e87cfc-d6b3-42f5-aca7-5187b9f950d1/datanode-0/data/containers/hdds of  storage type : DISK and capacity : 1482555576320
2019-09-23 08:25:29,393 [main] INFO  volume.VolumeSet (VolumeSet.java:initializeVolumeSet(170)) - Added Volume : /workdir/hadoop-ozone/integration-test/target/test-dir/MiniOzoneClusterImpl-19e87cfc-d6b3-42f5-aca7-5187b9f950d1/datanode-0/data/containers/hdds to VolumeSet
2019-09-23 08:25:29,394 [main] INFO  volume.ThrottledAsyncChecker (ThrottledAsyncChecker.java:schedule(139)) - Scheduling a check for org.apache.hadoop.ozone.container.common.volume.HddsVolume@4d98e41b
2019-09-23 08:25:29,394 [main] INFO  volume.HddsVolumeChecker (HddsVolumeChecker.java:checkAllVolumes(202)) - Scheduled health check for volume org.apache.hadoop.ozone.container.common.volume.HddsVolume@4d98e41b
2019-09-23 08:25:29,409 [main] INFO  impl.RaftServerProxy (ConfUtils.java:logGet(43)) - raft.rpc.type = GRPC (default)
2019-09-23 08:25:29,409 [main] INFO  grpc.GrpcFactory (GrpcFactory.java:checkPooledByteBufAllocatorUseCacheForAllThreads(45)) - PERFORMANCE WARNING: useCacheForAllThreads is true that may cause Netty to create a lot garbage objects and, as a result, trigger GC.
	It is recommended to disable useCacheForAllThreads by setting -Dorg.apache.ratis.thirdparty.io.netty.allocator.useCacheForAllThreads=false in command line.
2019-09-23 08:25:29,409 [main] INFO  grpc.GrpcConfigKeys$Server (ConfUtils.java:logGet(43)) - raft.grpc.server.port = 0 (default)
2019-09-23 08:25:29,409 [main] INFO  server.GrpcService (ConfUtils.java:logGet(43)) - raft.grpc.message.size.max = 33570816 (custom)
2019-09-23 08:25:29,410 [main] INFO  server.RaftServerConfigKeys (ConfUtils.java:logGet(43)) - raft.server.log.appender.buffer.byte-limit = 33554432 (custom)
2019-09-23 08:25:29,410 [main] INFO  server.GrpcService (ConfUtils.java:logGet(43)) - raft.grpc.flow.control.window = 1MB (=1048576) (default)
2019-09-23 08:25:29,410 [main] INFO  server.RaftServerConfigKeys (ConfUtils.java:logGet(43)) - raft.server.rpc.request.timeout = 3000ms (default)
2019-09-23 08:25:29,411 [main] INFO  server.RaftServerConfigKeys (ConfUtils.java:logGet(43)) - raft.server.storage.dir = [/workdir/hadoop-ozone/integration-test/target/test-dir/MiniOzoneClusterImpl-19e87cfc-d6b3-42f5-aca7-5187b9f950d1/datanode-0/data/ratis] (custom)
2019-09-23 08:25:29,412 [main] INFO  hdfs.DFSUtil (DFSUtil.java:httpServerTemplateForNNAndJN(1641)) - Starting Web-server for hddsDatanode at: http://0.0.0.0:0
2019-09-23 08:25:29,413 [main] INFO  server.AuthenticationFilter (AuthenticationFilter.java:constructSecretProvider(240)) - Unable to initialize FileSignerSecretProvider, falling back to use random secrets.
2019-09-23 08:25:29,414 [main] WARN  http.HttpRequestLog (HttpRequestLog.java:getRequestLog(97)) - Jetty request log can only be enabled using Log4j
2019-09-23 08:25:29,415 [main] INFO  http.HttpServer2 (HttpServer2.java:addGlobalFilter(975)) - Added global filter 'safety' (class=org.apache.hadoop.http.HttpServer2$QuotingInputFilter)
2019-09-23 08:25:29,415 [main] INFO  http.HttpServer2 (HttpServer2.java:addFilter(948)) - Added filter static_user_filter (class=org.apache.hadoop.http.lib.StaticUserWebFilter$StaticUserFilter) to context hddsDatanode
2019-09-23 08:25:29,416 [main] INFO  http.HttpServer2 (HttpServer2.java:addFilter(958)) - Added filter static_user_filter (class=org.apache.hadoop.http.lib.StaticUserWebFilter$StaticUserFilter) to context static
2019-09-23 08:25:29,416 [main] INFO  http.HttpServer2 (HttpServer2.java:addFilter(958)) - Added filter static_user_filter (class=org.apache.hadoop.http.lib.StaticUserWebFilter$StaticUserFilter) to context logs
2019-09-23 08:25:29,416 [main] INFO  http.HttpServer2 (HttpServer2.java:bindListener(1191)) - Jetty bound to port 42483
2019-09-23 08:25:29,417 [main] INFO  server.Server (Server.java:doStart(351)) - jetty-9.3.25.v20180904, build timestamp: 2018-09-04T21:11:46Z, git hash: 3ce520221d0240229c862b122d2b06c12a625732
2019-09-23 08:25:29,418 [main] INFO  handler.ContextHandler (ContextHandler.java:doStart(781)) - Started o.e.j.s.ServletContextHandler@49c099b{/logs,file:///workdir/hadoop-ozone/integration-test/target/log,AVAILABLE}
2019-09-23 08:25:29,419 [main] INFO  handler.ContextHandler (ContextHandler.java:doStart(781)) - Started o.e.j.s.ServletContextHandler@1953bc95{/static,jar:file:/home/user/.m2/repository/org/apache/hadoop/hadoop-hdds-container-service/0.5.0-SNAPSHOT/hadoop-hdds-container-service-0.5.0-SNAPSHOT.jar!/webapps/static,AVAILABLE}
2019-09-23 08:25:29,446 [main] INFO  handler.ContextHandler (ContextHandler.java:doStart(781)) - Started o.e.j.w.WebAppContext@93501be{/,file:///tmp/jetty-0.0.0.0-42483-hddsDatanode-_-any-5747947541615257146.dir/webapp/,AVAILABLE}{/hddsDatanode}
2019-09-23 08:25:29,446 [main] INFO  server.AbstractConnector (AbstractConnector.java:doStart(278)) - Started ServerConnector@11d4d979{HTTP/1.1,[http/1.1]}{0.0.0.0:42483}
2019-09-23 08:25:29,448 [main] INFO  server.Server (Server.java:doStart(419)) - Started @241249ms
2019-09-23 08:25:29,448 [main] WARN  impl.MetricsSystemImpl (MetricsSystemImpl.java:register(276)) - Sink prometheus already exists!
2019-09-23 08:25:29,448 [main] INFO  server.BaseHttpServer (BaseHttpServer.java:updateConnectorAddress(215)) - HTTP server of HDDSDATANODE is listening at http://0.0.0.0:42483
2019-09-23 08:25:29,449 [main] INFO  impl.MetricsSystemImpl (MetricsSystemImpl.java:init(158)) - HddsDatanode metrics system started (again)
2019-09-23 08:25:29,451 [org.apache.hadoop.util.JvmPauseMonitor$Monitor@658ba596] INFO  util.JvmPauseMonitor (JvmPauseMonitor.java:run(188)) - Starting JVM pause monitor
2019-09-23 08:25:29,451 [main] INFO  ozone.HddsDatanodeService (HddsDatanodeService.java:start(184)) - HddsDatanodeService host:trunk-nightly-20190923-extra-pvkvv-3499472557 ip:192.168.5.189
2019-09-23 08:25:29,454 [Datanode State Machine Thread - 0] INFO  datanode.InitDatanodeState (InitDatanodeState.java:persistContainerDatanodeDetails(140)) - DatanodeDetails is persisted to /workdir/hadoop-ozone/integration-test/target/test-dir/MiniOzoneClusterImpl-19e87cfc-d6b3-42f5-aca7-5187b9f950d1/datanode-0/meta/datanode.id
2019-09-23 08:25:29,457 [main] INFO  volume.HddsVolume (HddsVolume.java:<init>(176)) - Creating Volume: /workdir/hadoop-ozone/integration-test/target/test-dir/MiniOzoneClusterImpl-19e87cfc-d6b3-42f5-aca7-5187b9f950d1/datanode-1/data/containers/hdds of  storage type : DISK and capacity : 1482555576320
2019-09-23 08:25:29,457 [main] INFO  volume.VolumeSet (VolumeSet.java:initializeVolumeSet(170)) - Added Volume : /workdir/hadoop-ozone/integration-test/target/test-dir/MiniOzoneClusterImpl-19e87cfc-d6b3-42f5-aca7-5187b9f950d1/datanode-1/data/containers/hdds to VolumeSet
2019-09-23 08:25:29,457 [main] INFO  volume.ThrottledAsyncChecker (ThrottledAsyncChecker.java:schedule(139)) - Scheduling a check for org.apache.hadoop.ozone.container.common.volume.HddsVolume@1b4872bc
2019-09-23 08:25:29,458 [main] INFO  volume.HddsVolumeChecker (HddsVolumeChecker.java:checkAllVolumes(202)) - Scheduled health check for volume org.apache.hadoop.ozone.container.common.volume.HddsVolume@1b4872bc
2019-09-23 08:25:29,784 [main] INFO  impl.RaftServerProxy (ConfUtils.java:logGet(43)) - raft.rpc.type = GRPC (default)
2019-09-23 08:25:29,785 [main] INFO  grpc.GrpcFactory (GrpcFactory.java:checkPooledByteBufAllocatorUseCacheForAllThreads(45)) - PERFORMANCE WARNING: useCacheForAllThreads is true that may cause Netty to create a lot garbage objects and, as a result, trigger GC.
	It is recommended to disable useCacheForAllThreads by setting -Dorg.apache.ratis.thirdparty.io.netty.allocator.useCacheForAllThreads=false in command line.
2019-09-23 08:25:29,785 [main] INFO  grpc.GrpcConfigKeys$Server (ConfUtils.java:logGet(43)) - raft.grpc.server.port = 0 (default)
2019-09-23 08:25:29,785 [main] INFO  server.GrpcService (ConfUtils.java:logGet(43)) - raft.grpc.message.size.max = 33570816 (custom)
2019-09-23 08:25:29,785 [main] INFO  server.RaftServerConfigKeys (ConfUtils.java:logGet(43)) - raft.server.log.appender.buffer.byte-limit = 33554432 (custom)
2019-09-23 08:25:29,785 [main] INFO  server.GrpcService (ConfUtils.java:logGet(43)) - raft.grpc.flow.control.window = 1MB (=1048576) (default)
2019-09-23 08:25:29,786 [main] INFO  server.RaftServerConfigKeys (ConfUtils.java:logGet(43)) - raft.server.rpc.request.timeout = 3000ms (default)
2019-09-23 08:25:29,786 [main] INFO  server.RaftServerConfigKeys (ConfUtils.java:logGet(43)) - raft.server.storage.dir = [/workdir/hadoop-ozone/integration-test/target/test-dir/MiniOzoneClusterImpl-19e87cfc-d6b3-42f5-aca7-5187b9f950d1/datanode-1/data/ratis] (custom)
2019-09-23 08:25:29,788 [main] INFO  hdfs.DFSUtil (DFSUtil.java:httpServerTemplateForNNAndJN(1641)) - Starting Web-server for hddsDatanode at: http://0.0.0.0:0
2019-09-23 08:25:29,789 [main] INFO  server.AuthenticationFilter (AuthenticationFilter.java:constructSecretProvider(240)) - Unable to initialize FileSignerSecretProvider, falling back to use random secrets.
2019-09-23 08:25:29,790 [main] WARN  http.HttpRequestLog (HttpRequestLog.java:getRequestLog(97)) - Jetty request log can only be enabled using Log4j
2019-09-23 08:25:29,791 [main] INFO  http.HttpServer2 (HttpServer2.java:addGlobalFilter(975)) - Added global filter 'safety' (class=org.apache.hadoop.http.HttpServer2$QuotingInputFilter)
2019-09-23 08:25:29,791 [main] INFO  http.HttpServer2 (HttpServer2.java:addFilter(948)) - Added filter static_user_filter (class=org.apache.hadoop.http.lib.StaticUserWebFilter$StaticUserFilter) to context hddsDatanode
2019-09-23 08:25:29,792 [main] INFO  http.HttpServer2 (HttpServer2.java:addFilter(958)) - Added filter static_user_filter (class=org.apache.hadoop.http.lib.StaticUserWebFilter$StaticUserFilter) to context static
2019-09-23 08:25:29,792 [main] INFO  http.HttpServer2 (HttpServer2.java:addFilter(958)) - Added filter static_user_filter (class=org.apache.hadoop.http.lib.StaticUserWebFilter$StaticUserFilter) to context logs
2019-09-23 08:25:29,793 [main] INFO  http.HttpServer2 (HttpServer2.java:bindListener(1191)) - Jetty bound to port 46733
2019-09-23 08:25:29,793 [main] INFO  server.Server (Server.java:doStart(351)) - jetty-9.3.25.v20180904, build timestamp: 2018-09-04T21:11:46Z, git hash: 3ce520221d0240229c862b122d2b06c12a625732
2019-09-23 08:25:29,794 [main] INFO  handler.ContextHandler (ContextHandler.java:doStart(781)) - Started o.e.j.s.ServletContextHandler@3380ca3d{/logs,file:///workdir/hadoop-ozone/integration-test/target/log,AVAILABLE}
2019-09-23 08:25:29,795 [main] INFO  handler.ContextHandler (ContextHandler.java:doStart(781)) - Started o.e.j.s.ServletContextHandler@c2df90e{/static,jar:file:/home/user/.m2/repository/org/apache/hadoop/hadoop-hdds-container-service/0.5.0-SNAPSHOT/hadoop-hdds-container-service-0.5.0-SNAPSHOT.jar!/webapps/static,AVAILABLE}
2019-09-23 08:25:29,827 [main] INFO  handler.ContextHandler (ContextHandler.java:doStart(781)) - Started o.e.j.w.WebAppContext@76437e9b{/,file:///tmp/jetty-0.0.0.0-46733-hddsDatanode-_-any-303618300985943407.dir/webapp/,AVAILABLE}{/hddsDatanode}
2019-09-23 08:25:29,827 [main] INFO  server.AbstractConnector (AbstractConnector.java:doStart(278)) - Started ServerConnector@236ae13d{HTTP/1.1,[http/1.1]}{0.0.0.0:46733}
2019-09-23 08:25:29,829 [main] INFO  server.Server (Server.java:doStart(419)) - Started @241630ms
2019-09-23 08:25:29,829 [main] WARN  impl.MetricsSystemImpl (MetricsSystemImpl.java:register(276)) - Sink prometheus already exists!
2019-09-23 08:25:29,829 [main] INFO  server.BaseHttpServer (BaseHttpServer.java:updateConnectorAddress(215)) - HTTP server of HDDSDATANODE is listening at http://0.0.0.0:46733
2019-09-23 08:25:29,830 [main] INFO  impl.MetricsSystemImpl (MetricsSystemImpl.java:init(158)) - HddsDatanode metrics system started (again)
2019-09-23 08:25:29,833 [org.apache.hadoop.util.JvmPauseMonitor$Monitor@2c4165d0] INFO  util.JvmPauseMonitor (JvmPauseMonitor.java:run(188)) - Starting JVM pause monitor
2019-09-23 08:25:29,833 [main] INFO  ozone.HddsDatanodeService (HddsDatanodeService.java:start(184)) - HddsDatanodeService host:trunk-nightly-20190923-extra-pvkvv-3499472557 ip:192.168.5.189
2019-09-23 08:25:29,834 [Datanode State Machine Thread - 0] INFO  datanode.InitDatanodeState (InitDatanodeState.java:persistContainerDatanodeDetails(140)) - DatanodeDetails is persisted to /workdir/hadoop-ozone/integration-test/target/test-dir/MiniOzoneClusterImpl-19e87cfc-d6b3-42f5-aca7-5187b9f950d1/datanode-1/meta/datanode.id
2019-09-23 08:25:29,839 [main] INFO  volume.HddsVolume (HddsVolume.java:<init>(176)) - Creating Volume: /workdir/hadoop-ozone/integration-test/target/test-dir/MiniOzoneClusterImpl-19e87cfc-d6b3-42f5-aca7-5187b9f950d1/datanode-2/data/containers/hdds of  storage type : DISK and capacity : 1482555576320
2019-09-23 08:25:29,839 [main] INFO  volume.VolumeSet (VolumeSet.java:initializeVolumeSet(170)) - Added Volume : /workdir/hadoop-ozone/integration-test/target/test-dir/MiniOzoneClusterImpl-19e87cfc-d6b3-42f5-aca7-5187b9f950d1/datanode-2/data/containers/hdds to VolumeSet
2019-09-23 08:25:29,840 [main] INFO  volume.ThrottledAsyncChecker (ThrottledAsyncChecker.java:schedule(139)) - Scheduling a check for org.apache.hadoop.ozone.container.common.volume.HddsVolume@230a73f2
2019-09-23 08:25:29,840 [main] INFO  volume.HddsVolumeChecker (HddsVolumeChecker.java:checkAllVolumes(202)) - Scheduled health check for volume org.apache.hadoop.ozone.container.common.volume.HddsVolume@230a73f2
2019-09-23 08:25:29,856 [main] INFO  impl.RaftServerProxy (ConfUtils.java:logGet(43)) - raft.rpc.type = GRPC (default)
2019-09-23 08:25:29,856 [main] INFO  grpc.GrpcFactory (GrpcFactory.java:checkPooledByteBufAllocatorUseCacheForAllThreads(45)) - PERFORMANCE WARNING: useCacheForAllThreads is true that may cause Netty to create a lot garbage objects and, as a result, trigger GC.
	It is recommended to disable useCacheForAllThreads by setting -Dorg.apache.ratis.thirdparty.io.netty.allocator.useCacheForAllThreads=false in command line.
2019-09-23 08:25:29,856 [main] INFO  grpc.GrpcConfigKeys$Server (ConfUtils.java:logGet(43)) - raft.grpc.server.port = 0 (default)
2019-09-23 08:25:29,856 [main] INFO  server.GrpcService (ConfUtils.java:logGet(43)) - raft.grpc.message.size.max = 33570816 (custom)
2019-09-23 08:25:29,857 [main] INFO  server.RaftServerConfigKeys (ConfUtils.java:logGet(43)) - raft.server.log.appender.buffer.byte-limit = 33554432 (custom)
2019-09-23 08:25:29,857 [main] INFO  server.GrpcService (ConfUtils.java:logGet(43)) - raft.grpc.flow.control.window = 1MB (=1048576) (default)
2019-09-23 08:25:29,857 [main] INFO  server.RaftServerConfigKeys (ConfUtils.java:logGet(43)) - raft.server.rpc.request.timeout = 3000ms (default)
2019-09-23 08:25:29,857 [main] INFO  server.RaftServerConfigKeys (ConfUtils.java:logGet(43)) - raft.server.storage.dir = [/workdir/hadoop-ozone/integration-test/target/test-dir/MiniOzoneClusterImpl-19e87cfc-d6b3-42f5-aca7-5187b9f950d1/datanode-2/data/ratis] (custom)
2019-09-23 08:25:29,859 [main] INFO  hdfs.DFSUtil (DFSUtil.java:httpServerTemplateForNNAndJN(1641)) - Starting Web-server for hddsDatanode at: http://0.0.0.0:0
2019-09-23 08:25:29,860 [main] INFO  server.AuthenticationFilter (AuthenticationFilter.java:constructSecretProvider(240)) - Unable to initialize FileSignerSecretProvider, falling back to use random secrets.
2019-09-23 08:25:29,860 [main] WARN  http.HttpRequestLog (HttpRequestLog.java:getRequestLog(97)) - Jetty request log can only be enabled using Log4j
2019-09-23 08:25:29,862 [main] INFO  http.HttpServer2 (HttpServer2.java:addGlobalFilter(975)) - Added global filter 'safety' (class=org.apache.hadoop.http.HttpServer2$QuotingInputFilter)
2019-09-23 08:25:29,862 [main] INFO  http.HttpServer2 (HttpServer2.java:addFilter(948)) - Added filter static_user_filter (class=org.apache.hadoop.http.lib.StaticUserWebFilter$StaticUserFilter) to context hddsDatanode
2019-09-23 08:25:29,862 [main] INFO  http.HttpServer2 (HttpServer2.java:addFilter(958)) - Added filter static_user_filter (class=org.apache.hadoop.http.lib.StaticUserWebFilter$StaticUserFilter) to context logs
2019-09-23 08:25:29,863 [main] INFO  http.HttpServer2 (HttpServer2.java:addFilter(958)) - Added filter static_user_filter (class=org.apache.hadoop.http.lib.StaticUserWebFilter$StaticUserFilter) to context static
2019-09-23 08:25:29,863 [main] INFO  http.HttpServer2 (HttpServer2.java:bindListener(1191)) - Jetty bound to port 38053
2019-09-23 08:25:29,864 [main] INFO  server.Server (Server.java:doStart(351)) - jetty-9.3.25.v20180904, build timestamp: 2018-09-04T21:11:46Z, git hash: 3ce520221d0240229c862b122d2b06c12a625732
2019-09-23 08:25:29,865 [main] INFO  handler.ContextHandler (ContextHandler.java:doStart(781)) - Started o.e.j.s.ServletContextHandler@443a53df{/logs,file:///workdir/hadoop-ozone/integration-test/target/log,AVAILABLE}
2019-09-23 08:25:29,866 [main] INFO  handler.ContextHandler (ContextHandler.java:doStart(781)) - Started o.e.j.s.ServletContextHandler@69aabcb0{/static,jar:file:/home/user/.m2/repository/org/apache/hadoop/hadoop-hdds-container-service/0.5.0-SNAPSHOT/hadoop-hdds-container-service-0.5.0-SNAPSHOT.jar!/webapps/static,AVAILABLE}
2019-09-23 08:25:29,893 [main] INFO  handler.ContextHandler (ContextHandler.java:doStart(781)) - Started o.e.j.w.WebAppContext@7015ebef{/,file:///tmp/jetty-0.0.0.0-38053-hddsDatanode-_-any-4039972566685923220.dir/webapp/,AVAILABLE}{/hddsDatanode}
2019-09-23 08:25:29,894 [main] INFO  server.AbstractConnector (AbstractConnector.java:doStart(278)) - Started ServerConnector@44592c39{HTTP/1.1,[http/1.1]}{0.0.0.0:38053}
2019-09-23 08:25:29,895 [main] INFO  server.Server (Server.java:doStart(419)) - Started @241696ms
2019-09-23 08:25:29,895 [main] WARN  impl.MetricsSystemImpl (MetricsSystemImpl.java:register(276)) - Sink prometheus already exists!
2019-09-23 08:25:29,896 [main] INFO  server.BaseHttpServer (BaseHttpServer.java:updateConnectorAddress(215)) - HTTP server of HDDSDATANODE is listening at http://0.0.0.0:38053
2019-09-23 08:25:29,897 [main] INFO  impl.MetricsSystemImpl (MetricsSystemImpl.java:init(158)) - HddsDatanode metrics system started (again)
2019-09-23 08:25:29,900 [org.apache.hadoop.util.JvmPauseMonitor$Monitor@13984ef6] INFO  util.JvmPauseMonitor (JvmPauseMonitor.java:run(188)) - Starting JVM pause monitor
2019-09-23 08:25:29,900 [main] INFO  ozone.HddsDatanodeService (HddsDatanodeService.java:start(184)) - HddsDatanodeService host:trunk-nightly-20190923-extra-pvkvv-3499472557 ip:192.168.5.189
2019-09-23 08:25:29,901 [Datanode State Machine Thread - 0] INFO  datanode.InitDatanodeState (InitDatanodeState.java:persistContainerDatanodeDetails(140)) - DatanodeDetails is persisted to /workdir/hadoop-ozone/integration-test/target/test-dir/MiniOzoneClusterImpl-19e87cfc-d6b3-42f5-aca7-5187b9f950d1/datanode-2/meta/datanode.id
2019-09-23 08:25:29,905 [main] INFO  volume.HddsVolume (HddsVolume.java:<init>(176)) - Creating Volume: /workdir/hadoop-ozone/integration-test/target/test-dir/MiniOzoneClusterImpl-19e87cfc-d6b3-42f5-aca7-5187b9f950d1/datanode-3/data/containers/hdds of  storage type : DISK and capacity : 1482555576320
2019-09-23 08:25:29,906 [main] INFO  volume.VolumeSet (VolumeSet.java:initializeVolumeSet(170)) - Added Volume : /workdir/hadoop-ozone/integration-test/target/test-dir/MiniOzoneClusterImpl-19e87cfc-d6b3-42f5-aca7-5187b9f950d1/datanode-3/data/containers/hdds to VolumeSet
2019-09-23 08:25:29,906 [main] INFO  volume.ThrottledAsyncChecker (ThrottledAsyncChecker.java:schedule(139)) - Scheduling a check for org.apache.hadoop.ozone.container.common.volume.HddsVolume@7c96c85
2019-09-23 08:25:29,906 [main] INFO  volume.HddsVolumeChecker (HddsVolumeChecker.java:checkAllVolumes(202)) - Scheduled health check for volume org.apache.hadoop.ozone.container.common.volume.HddsVolume@7c96c85
2019-09-23 08:25:29,919 [main] INFO  impl.RaftServerProxy (ConfUtils.java:logGet(43)) - raft.rpc.type = GRPC (default)
2019-09-23 08:25:29,919 [main] INFO  grpc.GrpcFactory (GrpcFactory.java:checkPooledByteBufAllocatorUseCacheForAllThreads(45)) - PERFORMANCE WARNING: useCacheForAllThreads is true that may cause Netty to create a lot garbage objects and, as a result, trigger GC.
	It is recommended to disable useCacheForAllThreads by setting -Dorg.apache.ratis.thirdparty.io.netty.allocator.useCacheForAllThreads=false in command line.
2019-09-23 08:25:29,920 [main] INFO  grpc.GrpcConfigKeys$Server (ConfUtils.java:logGet(43)) - raft.grpc.server.port = 0 (default)
2019-09-23 08:25:29,920 [main] INFO  server.GrpcService (ConfUtils.java:logGet(43)) - raft.grpc.message.size.max = 33570816 (custom)
2019-09-23 08:25:29,920 [main] INFO  server.RaftServerConfigKeys (ConfUtils.java:logGet(43)) - raft.server.log.appender.buffer.byte-limit = 33554432 (custom)
2019-09-23 08:25:29,920 [main] INFO  server.GrpcService (ConfUtils.java:logGet(43)) - raft.grpc.flow.control.window = 1MB (=1048576) (default)
2019-09-23 08:25:29,920 [main] INFO  server.RaftServerConfigKeys (ConfUtils.java:logGet(43)) - raft.server.rpc.request.timeout = 3000ms (default)
2019-09-23 08:25:29,921 [main] INFO  server.RaftServerConfigKeys (ConfUtils.java:logGet(43)) - raft.server.storage.dir = [/workdir/hadoop-ozone/integration-test/target/test-dir/MiniOzoneClusterImpl-19e87cfc-d6b3-42f5-aca7-5187b9f950d1/datanode-3/data/ratis] (custom)
2019-09-23 08:25:29,922 [main] INFO  hdfs.DFSUtil (DFSUtil.java:httpServerTemplateForNNAndJN(1641)) - Starting Web-server for hddsDatanode at: http://0.0.0.0:0
2019-09-23 08:25:29,923 [main] INFO  server.AuthenticationFilter (AuthenticationFilter.java:constructSecretProvider(240)) - Unable to initialize FileSignerSecretProvider, falling back to use random secrets.
2019-09-23 08:25:29,923 [main] WARN  http.HttpRequestLog (HttpRequestLog.java:getRequestLog(97)) - Jetty request log can only be enabled using Log4j
2019-09-23 08:25:29,924 [main] INFO  http.HttpServer2 (HttpServer2.java:addGlobalFilter(975)) - Added global filter 'safety' (class=org.apache.hadoop.http.HttpServer2$QuotingInputFilter)
2019-09-23 08:25:29,925 [main] INFO  http.HttpServer2 (HttpServer2.java:addFilter(948)) - Added filter static_user_filter (class=org.apache.hadoop.http.lib.StaticUserWebFilter$StaticUserFilter) to context hddsDatanode
2019-09-23 08:25:29,925 [main] INFO  http.HttpServer2 (HttpServer2.java:addFilter(958)) - Added filter static_user_filter (class=org.apache.hadoop.http.lib.StaticUserWebFilter$StaticUserFilter) to context logs
2019-09-23 08:25:29,925 [main] INFO  http.HttpServer2 (HttpServer2.java:addFilter(958)) - Added filter static_user_filter (class=org.apache.hadoop.http.lib.StaticUserWebFilter$StaticUserFilter) to context static
2019-09-23 08:25:29,926 [main] INFO  http.HttpServer2 (HttpServer2.java:bindListener(1191)) - Jetty bound to port 42206
2019-09-23 08:25:29,926 [main] INFO  server.Server (Server.java:doStart(351)) - jetty-9.3.25.v20180904, build timestamp: 2018-09-04T21:11:46Z, git hash: 3ce520221d0240229c862b122d2b06c12a625732
2019-09-23 08:25:29,927 [main] INFO  handler.ContextHandler (ContextHandler.java:doStart(781)) - Started o.e.j.s.ServletContextHandler@eed890d{/logs,file:///workdir/hadoop-ozone/integration-test/target/log,AVAILABLE}
2019-09-23 08:25:29,928 [main] INFO  handler.ContextHandler (ContextHandler.java:doStart(781)) - Started o.e.j.s.ServletContextHandler@6097fca9{/static,jar:file:/home/user/.m2/repository/org/apache/hadoop/hadoop-hdds-container-service/0.5.0-SNAPSHOT/hadoop-hdds-container-service-0.5.0-SNAPSHOT.jar!/webapps/static,AVAILABLE}
2019-09-23 08:25:29,952 [main] INFO  handler.ContextHandler (ContextHandler.java:doStart(781)) - Started o.e.j.w.WebAppContext@631c6d11{/,file:///tmp/jetty-0.0.0.0-42206-hddsDatanode-_-any-9124781688776933106.dir/webapp/,AVAILABLE}{/hddsDatanode}
2019-09-23 08:25:29,952 [main] INFO  server.AbstractConnector (AbstractConnector.java:doStart(278)) - Started ServerConnector@65be88ae{HTTP/1.1,[http/1.1]}{0.0.0.0:42206}
2019-09-23 08:25:29,953 [main] INFO  server.Server (Server.java:doStart(419)) - Started @241755ms
2019-09-23 08:25:29,954 [main] WARN  impl.MetricsSystemImpl (MetricsSystemImpl.java:register(276)) - Sink prometheus already exists!
2019-09-23 08:25:29,954 [main] INFO  server.BaseHttpServer (BaseHttpServer.java:updateConnectorAddress(215)) - HTTP server of HDDSDATANODE is listening at http://0.0.0.0:42206
2019-09-23 08:25:29,955 [main] INFO  impl.MetricsSystemImpl (MetricsSystemImpl.java:init(158)) - HddsDatanode metrics system started (again)
2019-09-23 08:25:29,958 [org.apache.hadoop.util.JvmPauseMonitor$Monitor@2e79b9e4] INFO  util.JvmPauseMonitor (JvmPauseMonitor.java:run(188)) - Starting JVM pause monitor
2019-09-23 08:25:29,958 [main] INFO  ozone.HddsDatanodeService (HddsDatanodeService.java:start(184)) - HddsDatanodeService host:trunk-nightly-20190923-extra-pvkvv-3499472557 ip:192.168.5.189
2019-09-23 08:25:29,959 [Datanode State Machine Thread - 0] INFO  datanode.InitDatanodeState (InitDatanodeState.java:persistContainerDatanodeDetails(140)) - DatanodeDetails is persisted to /workdir/hadoop-ozone/integration-test/target/test-dir/MiniOzoneClusterImpl-19e87cfc-d6b3-42f5-aca7-5187b9f950d1/datanode-3/meta/datanode.id
2019-09-23 08:25:29,964 [main] INFO  volume.HddsVolume (HddsVolume.java:<init>(176)) - Creating Volume: /workdir/hadoop-ozone/integration-test/target/test-dir/MiniOzoneClusterImpl-19e87cfc-d6b3-42f5-aca7-5187b9f950d1/datanode-4/data/containers/hdds of  storage type : DISK and capacity : 1482555576320
2019-09-23 08:25:29,964 [main] INFO  volume.VolumeSet (VolumeSet.java:initializeVolumeSet(170)) - Added Volume : /workdir/hadoop-ozone/integration-test/target/test-dir/MiniOzoneClusterImpl-19e87cfc-d6b3-42f5-aca7-5187b9f950d1/datanode-4/data/containers/hdds to VolumeSet
2019-09-23 08:25:29,964 [main] INFO  volume.ThrottledAsyncChecker (ThrottledAsyncChecker.java:schedule(139)) - Scheduling a check for org.apache.hadoop.ozone.container.common.volume.HddsVolume@20d19f2c
2019-09-23 08:25:29,964 [main] INFO  volume.HddsVolumeChecker (HddsVolumeChecker.java:checkAllVolumes(202)) - Scheduled health check for volume org.apache.hadoop.ozone.container.common.volume.HddsVolume@20d19f2c
2019-09-23 08:25:29,978 [main] INFO  impl.RaftServerProxy (ConfUtils.java:logGet(43)) - raft.rpc.type = GRPC (default)
2019-09-23 08:25:29,978 [main] INFO  grpc.GrpcFactory (GrpcFactory.java:checkPooledByteBufAllocatorUseCacheForAllThreads(45)) - PERFORMANCE WARNING: useCacheForAllThreads is true that may cause Netty to create a lot garbage objects and, as a result, trigger GC.
	It is recommended to disable useCacheForAllThreads by setting -Dorg.apache.ratis.thirdparty.io.netty.allocator.useCacheForAllThreads=false in command line.
2019-09-23 08:25:29,978 [main] INFO  grpc.GrpcConfigKeys$Server (ConfUtils.java:logGet(43)) - raft.grpc.server.port = 0 (default)
2019-09-23 08:25:29,978 [main] INFO  server.GrpcService (ConfUtils.java:logGet(43)) - raft.grpc.message.size.max = 33570816 (custom)
2019-09-23 08:25:29,978 [main] INFO  server.RaftServerConfigKeys (ConfUtils.java:logGet(43)) - raft.server.log.appender.buffer.byte-limit = 33554432 (custom)
2019-09-23 08:25:29,978 [main] INFO  server.GrpcService (ConfUtils.java:logGet(43)) - raft.grpc.flow.control.window = 1MB (=1048576) (default)
2019-09-23 08:25:29,979 [main] INFO  server.RaftServerConfigKeys (ConfUtils.java:logGet(43)) - raft.server.rpc.request.timeout = 3000ms (default)
2019-09-23 08:25:29,979 [main] INFO  server.RaftServerConfigKeys (ConfUtils.java:logGet(43)) - raft.server.storage.dir = [/workdir/hadoop-ozone/integration-test/target/test-dir/MiniOzoneClusterImpl-19e87cfc-d6b3-42f5-aca7-5187b9f950d1/datanode-4/data/ratis] (custom)
2019-09-23 08:25:29,980 [main] INFO  hdfs.DFSUtil (DFSUtil.java:httpServerTemplateForNNAndJN(1641)) - Starting Web-server for hddsDatanode at: http://0.0.0.0:0
2019-09-23 08:25:29,981 [main] INFO  server.AuthenticationFilter (AuthenticationFilter.java:constructSecretProvider(240)) - Unable to initialize FileSignerSecretProvider, falling back to use random secrets.
2019-09-23 08:25:29,982 [main] WARN  http.HttpRequestLog (HttpRequestLog.java:getRequestLog(97)) - Jetty request log can only be enabled using Log4j
2019-09-23 08:25:29,983 [main] INFO  http.HttpServer2 (HttpServer2.java:addGlobalFilter(975)) - Added global filter 'safety' (class=org.apache.hadoop.http.HttpServer2$QuotingInputFilter)
2019-09-23 08:25:29,983 [main] INFO  http.HttpServer2 (HttpServer2.java:addFilter(948)) - Added filter static_user_filter (class=org.apache.hadoop.http.lib.StaticUserWebFilter$StaticUserFilter) to context hddsDatanode
2019-09-23 08:25:29,984 [main] INFO  http.HttpServer2 (HttpServer2.java:addFilter(958)) - Added filter static_user_filter (class=org.apache.hadoop.http.lib.StaticUserWebFilter$StaticUserFilter) to context static
2019-09-23 08:25:29,984 [main] INFO  http.HttpServer2 (HttpServer2.java:addFilter(958)) - Added filter static_user_filter (class=org.apache.hadoop.http.lib.StaticUserWebFilter$StaticUserFilter) to context logs
2019-09-23 08:25:29,984 [main] INFO  http.HttpServer2 (HttpServer2.java:bindListener(1191)) - Jetty bound to port 39400
2019-09-23 08:25:29,984 [main] INFO  server.Server (Server.java:doStart(351)) - jetty-9.3.25.v20180904, build timestamp: 2018-09-04T21:11:46Z, git hash: 3ce520221d0240229c862b122d2b06c12a625732
2019-09-23 08:25:29,986 [main] INFO  handler.ContextHandler (ContextHandler.java:doStart(781)) - Started o.e.j.s.ServletContextHandler@382dc417{/logs,file:///workdir/hadoop-ozone/integration-test/target/log,AVAILABLE}
2019-09-23 08:25:29,986 [main] INFO  handler.ContextHandler (ContextHandler.java:doStart(781)) - Started o.e.j.s.ServletContextHandler@510689af{/static,jar:file:/home/user/.m2/repository/org/apache/hadoop/hadoop-hdds-container-service/0.5.0-SNAPSHOT/hadoop-hdds-container-service-0.5.0-SNAPSHOT.jar!/webapps/static,AVAILABLE}
2019-09-23 08:25:30,011 [main] INFO  handler.ContextHandler (ContextHandler.java:doStart(781)) - Started o.e.j.w.WebAppContext@4665428b{/,file:///tmp/jetty-0.0.0.0-39400-hddsDatanode-_-any-7412127181180505424.dir/webapp/,AVAILABLE}{/hddsDatanode}
2019-09-23 08:25:30,012 [main] INFO  server.AbstractConnector (AbstractConnector.java:doStart(278)) - Started ServerConnector@4a70d302{HTTP/1.1,[http/1.1]}{0.0.0.0:39400}
2019-09-23 08:25:30,013 [main] INFO  server.Server (Server.java:doStart(419)) - Started @241815ms
2019-09-23 08:25:30,013 [main] WARN  impl.MetricsSystemImpl (MetricsSystemImpl.java:register(276)) - Sink prometheus already exists!
2019-09-23 08:25:30,014 [main] INFO  server.BaseHttpServer (BaseHttpServer.java:updateConnectorAddress(215)) - HTTP server of HDDSDATANODE is listening at http://0.0.0.0:39400
2019-09-23 08:25:30,014 [main] INFO  impl.MetricsSystemImpl (MetricsSystemImpl.java:init(158)) - HddsDatanode metrics system started (again)
2019-09-23 08:25:30,017 [org.apache.hadoop.util.JvmPauseMonitor$Monitor@5332ccb1] INFO  util.JvmPauseMonitor (JvmPauseMonitor.java:run(188)) - Starting JVM pause monitor
2019-09-23 08:25:30,018 [main] INFO  ozone.HddsDatanodeService (HddsDatanodeService.java:start(184)) - HddsDatanodeService host:trunk-nightly-20190923-extra-pvkvv-3499472557 ip:192.168.5.189
2019-09-23 08:25:30,019 [Datanode State Machine Thread - 0] INFO  datanode.InitDatanodeState (InitDatanodeState.java:persistContainerDatanodeDetails(140)) - DatanodeDetails is persisted to /workdir/hadoop-ozone/integration-test/target/test-dir/MiniOzoneClusterImpl-19e87cfc-d6b3-42f5-aca7-5187b9f950d1/datanode-4/meta/datanode.id
2019-09-23 08:25:30,024 [main] INFO  volume.HddsVolume (HddsVolume.java:<init>(176)) - Creating Volume: /workdir/hadoop-ozone/integration-test/target/test-dir/MiniOzoneClusterImpl-19e87cfc-d6b3-42f5-aca7-5187b9f950d1/datanode-5/data/containers/hdds of  storage type : DISK and capacity : 1482555576320
2019-09-23 08:25:30,024 [main] INFO  volume.VolumeSet (VolumeSet.java:initializeVolumeSet(170)) - Added Volume : /workdir/hadoop-ozone/integration-test/target/test-dir/MiniOzoneClusterImpl-19e87cfc-d6b3-42f5-aca7-5187b9f950d1/datanode-5/data/containers/hdds to VolumeSet
2019-09-23 08:25:30,024 [main] INFO  volume.ThrottledAsyncChecker (ThrottledAsyncChecker.java:schedule(139)) - Scheduling a check for org.apache.hadoop.ozone.container.common.volume.HddsVolume@37e0056e
2019-09-23 08:25:30,025 [main] INFO  volume.HddsVolumeChecker (HddsVolumeChecker.java:checkAllVolumes(202)) - Scheduled health check for volume org.apache.hadoop.ozone.container.common.volume.HddsVolume@37e0056e
2019-09-23 08:25:30,036 [main] INFO  impl.RaftServerProxy (ConfUtils.java:logGet(43)) - raft.rpc.type = GRPC (default)
2019-09-23 08:25:30,036 [main] INFO  grpc.GrpcFactory (GrpcFactory.java:checkPooledByteBufAllocatorUseCacheForAllThreads(45)) - PERFORMANCE WARNING: useCacheForAllThreads is true that may cause Netty to create a lot garbage objects and, as a result, trigger GC.
	It is recommended to disable useCacheForAllThreads by setting -Dorg.apache.ratis.thirdparty.io.netty.allocator.useCacheForAllThreads=false in command line.
2019-09-23 08:25:30,036 [main] INFO  grpc.GrpcConfigKeys$Server (ConfUtils.java:logGet(43)) - raft.grpc.server.port = 0 (default)
2019-09-23 08:25:30,037 [main] INFO  server.GrpcService (ConfUtils.java:logGet(43)) - raft.grpc.message.size.max = 33570816 (custom)
2019-09-23 08:25:30,037 [main] INFO  server.RaftServerConfigKeys (ConfUtils.java:logGet(43)) - raft.server.log.appender.buffer.byte-limit = 33554432 (custom)
2019-09-23 08:25:30,037 [main] INFO  server.GrpcService (ConfUtils.java:logGet(43)) - raft.grpc.flow.control.window = 1MB (=1048576) (default)
2019-09-23 08:25:30,037 [main] INFO  server.RaftServerConfigKeys (ConfUtils.java:logGet(43)) - raft.server.rpc.request.timeout = 3000ms (default)
2019-09-23 08:25:30,038 [main] INFO  server.RaftServerConfigKeys (ConfUtils.java:logGet(43)) - raft.server.storage.dir = [/workdir/hadoop-ozone/integration-test/target/test-dir/MiniOzoneClusterImpl-19e87cfc-d6b3-42f5-aca7-5187b9f950d1/datanode-5/data/ratis] (custom)
2019-09-23 08:25:30,039 [main] INFO  hdfs.DFSUtil (DFSUtil.java:httpServerTemplateForNNAndJN(1641)) - Starting Web-server for hddsDatanode at: http://0.0.0.0:0
2019-09-23 08:25:30,040 [main] INFO  server.AuthenticationFilter (AuthenticationFilter.java:constructSecretProvider(240)) - Unable to initialize FileSignerSecretProvider, falling back to use random secrets.
2019-09-23 08:25:30,040 [main] WARN  http.HttpRequestLog (HttpRequestLog.java:getRequestLog(97)) - Jetty request log can only be enabled using Log4j
2019-09-23 08:25:30,041 [main] INFO  http.HttpServer2 (HttpServer2.java:addGlobalFilter(975)) - Added global filter 'safety' (class=org.apache.hadoop.http.HttpServer2$QuotingInputFilter)
2019-09-23 08:25:30,042 [main] INFO  http.HttpServer2 (HttpServer2.java:addFilter(948)) - Added filter static_user_filter (class=org.apache.hadoop.http.lib.StaticUserWebFilter$StaticUserFilter) to context hddsDatanode
2019-09-23 08:25:30,042 [main] INFO  http.HttpServer2 (HttpServer2.java:addFilter(958)) - Added filter static_user_filter (class=org.apache.hadoop.http.lib.StaticUserWebFilter$StaticUserFilter) to context static
2019-09-23 08:25:30,042 [main] INFO  http.HttpServer2 (HttpServer2.java:addFilter(958)) - Added filter static_user_filter (class=org.apache.hadoop.http.lib.StaticUserWebFilter$StaticUserFilter) to context logs
2019-09-23 08:25:30,043 [main] INFO  http.HttpServer2 (HttpServer2.java:bindListener(1191)) - Jetty bound to port 45868
2019-09-23 08:25:30,043 [main] INFO  server.Server (Server.java:doStart(351)) - jetty-9.3.25.v20180904, build timestamp: 2018-09-04T21:11:46Z, git hash: 3ce520221d0240229c862b122d2b06c12a625732
2019-09-23 08:25:30,044 [main] INFO  handler.ContextHandler (ContextHandler.java:doStart(781)) - Started o.e.j.s.ServletContextHandler@528c8c1{/logs,file:///workdir/hadoop-ozone/integration-test/target/log,AVAILABLE}
2019-09-23 08:25:30,045 [main] INFO  handler.ContextHandler (ContextHandler.java:doStart(781)) - Started o.e.j.s.ServletContextHandler@1c046c92{/static,jar:file:/home/user/.m2/repository/org/apache/hadoop/hadoop-hdds-container-service/0.5.0-SNAPSHOT/hadoop-hdds-container-service-0.5.0-SNAPSHOT.jar!/webapps/static,AVAILABLE}
2019-09-23 08:25:30,144 [main] INFO  handler.ContextHandler (ContextHandler.java:doStart(781)) - Started o.e.j.w.WebAppContext@11ede87f{/,file:///tmp/jetty-0.0.0.0-45868-hddsDatanode-_-any-5511827170375163431.dir/webapp/,AVAILABLE}{/hddsDatanode}
2019-09-23 08:25:30,144 [main] INFO  server.AbstractConnector (AbstractConnector.java:doStart(278)) - Started ServerConnector@7675c171{HTTP/1.1,[http/1.1]}{0.0.0.0:45868}
2019-09-23 08:25:30,146 [main] INFO  server.Server (Server.java:doStart(419)) - Started @241947ms
2019-09-23 08:25:30,146 [main] WARN  impl.MetricsSystemImpl (MetricsSystemImpl.java:register(276)) - Sink prometheus already exists!
2019-09-23 08:25:30,147 [main] INFO  server.BaseHttpServer (BaseHttpServer.java:updateConnectorAddress(215)) - HTTP server of HDDSDATANODE is listening at http://0.0.0.0:45868
2019-09-23 08:25:30,147 [main] INFO  impl.MetricsSystemImpl (MetricsSystemImpl.java:init(158)) - HddsDatanode metrics system started (again)
2019-09-23 08:25:30,151 [org.apache.hadoop.util.JvmPauseMonitor$Monitor@7e11b189] INFO  util.JvmPauseMonitor (JvmPauseMonitor.java:run(188)) - Starting JVM pause monitor
2019-09-23 08:25:30,151 [main] INFO  ozone.HddsDatanodeService (HddsDatanodeService.java:start(184)) - HddsDatanodeService host:trunk-nightly-20190923-extra-pvkvv-3499472557 ip:192.168.5.189
2019-09-23 08:25:30,152 [Datanode State Machine Thread - 0] INFO  datanode.InitDatanodeState (InitDatanodeState.java:persistContainerDatanodeDetails(140)) - DatanodeDetails is persisted to /workdir/hadoop-ozone/integration-test/target/test-dir/MiniOzoneClusterImpl-19e87cfc-d6b3-42f5-aca7-5187b9f950d1/datanode-5/meta/datanode.id
2019-09-23 08:25:30,157 [main] INFO  volume.HddsVolume (HddsVolume.java:<init>(176)) - Creating Volume: /workdir/hadoop-ozone/integration-test/target/test-dir/MiniOzoneClusterImpl-19e87cfc-d6b3-42f5-aca7-5187b9f950d1/datanode-6/data/containers/hdds of  storage type : DISK and capacity : 1482555576320
2019-09-23 08:25:30,157 [main] INFO  volume.VolumeSet (VolumeSet.java:initializeVolumeSet(170)) - Added Volume : /workdir/hadoop-ozone/integration-test/target/test-dir/MiniOzoneClusterImpl-19e87cfc-d6b3-42f5-aca7-5187b9f950d1/datanode-6/data/containers/hdds to VolumeSet
2019-09-23 08:25:30,157 [main] INFO  volume.ThrottledAsyncChecker (ThrottledAsyncChecker.java:schedule(139)) - Scheduling a check for org.apache.hadoop.ozone.container.common.volume.HddsVolume@4aebee4b
2019-09-23 08:25:30,158 [main] INFO  volume.HddsVolumeChecker (HddsVolumeChecker.java:checkAllVolumes(202)) - Scheduled health check for volume org.apache.hadoop.ozone.container.common.volume.HddsVolume@4aebee4b
2019-09-23 08:25:30,170 [main] INFO  impl.RaftServerProxy (ConfUtils.java:logGet(43)) - raft.rpc.type = GRPC (default)
2019-09-23 08:25:30,171 [main] INFO  grpc.GrpcFactory (GrpcFactory.java:checkPooledByteBufAllocatorUseCacheForAllThreads(45)) - PERFORMANCE WARNING: useCacheForAllThreads is true that may cause Netty to create a lot garbage objects and, as a result, trigger GC.
	It is recommended to disable useCacheForAllThreads by setting -Dorg.apache.ratis.thirdparty.io.netty.allocator.useCacheForAllThreads=false in command line.
2019-09-23 08:25:30,171 [main] INFO  grpc.GrpcConfigKeys$Server (ConfUtils.java:logGet(43)) - raft.grpc.server.port = 0 (default)
2019-09-23 08:25:30,171 [main] INFO  server.GrpcService (ConfUtils.java:logGet(43)) - raft.grpc.message.size.max = 33570816 (custom)
2019-09-23 08:25:30,171 [main] INFO  server.RaftServerConfigKeys (ConfUtils.java:logGet(43)) - raft.server.log.appender.buffer.byte-limit = 33554432 (custom)
2019-09-23 08:25:30,171 [main] INFO  server.GrpcService (ConfUtils.java:logGet(43)) - raft.grpc.flow.control.window = 1MB (=1048576) (default)
2019-09-23 08:25:30,172 [main] INFO  server.RaftServerConfigKeys (ConfUtils.java:logGet(43)) - raft.server.rpc.request.timeout = 3000ms (default)
2019-09-23 08:25:30,172 [main] INFO  server.RaftServerConfigKeys (ConfUtils.java:logGet(43)) - raft.server.storage.dir = [/workdir/hadoop-ozone/integration-test/target/test-dir/MiniOzoneClusterImpl-19e87cfc-d6b3-42f5-aca7-5187b9f950d1/datanode-6/data/ratis] (custom)
2019-09-23 08:25:30,173 [main] INFO  hdfs.DFSUtil (DFSUtil.java:httpServerTemplateForNNAndJN(1641)) - Starting Web-server for hddsDatanode at: http://0.0.0.0:0
2019-09-23 08:25:30,175 [main] INFO  server.AuthenticationFilter (AuthenticationFilter.java:constructSecretProvider(240)) - Unable to initialize FileSignerSecretProvider, falling back to use random secrets.
2019-09-23 08:25:30,175 [main] WARN  http.HttpRequestLog (HttpRequestLog.java:getRequestLog(97)) - Jetty request log can only be enabled using Log4j
2019-09-23 08:25:30,176 [main] INFO  http.HttpServer2 (HttpServer2.java:addGlobalFilter(975)) - Added global filter 'safety' (class=org.apache.hadoop.http.HttpServer2$QuotingInputFilter)
2019-09-23 08:25:30,177 [main] INFO  http.HttpServer2 (HttpServer2.java:addFilter(948)) - Added filter static_user_filter (class=org.apache.hadoop.http.lib.StaticUserWebFilter$StaticUserFilter) to context hddsDatanode
2019-09-23 08:25:30,177 [main] INFO  http.HttpServer2 (HttpServer2.java:addFilter(958)) - Added filter static_user_filter (class=org.apache.hadoop.http.lib.StaticUserWebFilter$StaticUserFilter) to context static
2019-09-23 08:25:30,177 [main] INFO  http.HttpServer2 (HttpServer2.java:addFilter(958)) - Added filter static_user_filter (class=org.apache.hadoop.http.lib.StaticUserWebFilter$StaticUserFilter) to context logs
2019-09-23 08:25:30,178 [main] INFO  http.HttpServer2 (HttpServer2.java:bindListener(1191)) - Jetty bound to port 34961
2019-09-23 08:25:30,178 [main] INFO  server.Server (Server.java:doStart(351)) - jetty-9.3.25.v20180904, build timestamp: 2018-09-04T21:11:46Z, git hash: 3ce520221d0240229c862b122d2b06c12a625732
2019-09-23 08:25:30,179 [main] INFO  handler.ContextHandler (ContextHandler.java:doStart(781)) - Started o.e.j.s.ServletContextHandler@1d6a8386{/logs,file:///workdir/hadoop-ozone/integration-test/target/log,AVAILABLE}
2019-09-23 08:25:30,180 [main] INFO  handler.ContextHandler (ContextHandler.java:doStart(781)) - Started o.e.j.s.ServletContextHandler@35cec305{/static,jar:file:/home/user/.m2/repository/org/apache/hadoop/hadoop-hdds-container-service/0.5.0-SNAPSHOT/hadoop-hdds-container-service-0.5.0-SNAPSHOT.jar!/webapps/static,AVAILABLE}
2019-09-23 08:25:30,239 [main] INFO  handler.ContextHandler (ContextHandler.java:doStart(781)) - Started o.e.j.w.WebAppContext@c4d2c44{/,file:///tmp/jetty-0.0.0.0-34961-hddsDatanode-_-any-8085622168095958863.dir/webapp/,AVAILABLE}{/hddsDatanode}
2019-09-23 08:25:30,240 [main] INFO  server.AbstractConnector (AbstractConnector.java:doStart(278)) - Started ServerConnector@13866329{HTTP/1.1,[http/1.1]}{0.0.0.0:34961}
2019-09-23 08:25:30,242 [main] INFO  server.Server (Server.java:doStart(419)) - Started @242043ms
2019-09-23 08:25:30,242 [main] WARN  impl.MetricsSystemImpl (MetricsSystemImpl.java:register(276)) - Sink prometheus already exists!
2019-09-23 08:25:30,243 [main] INFO  server.BaseHttpServer (BaseHttpServer.java:updateConnectorAddress(215)) - HTTP server of HDDSDATANODE is listening at http://0.0.0.0:34961
2019-09-23 08:25:30,243 [main] INFO  ozone.MiniOzoneClusterImpl (MiniOzoneClusterImpl.java:lambda$waitForClusterToBeReady$0(147)) - Waiting for cluster to be ready. Got 0 of 7 DN Heartbeats.
2019-09-23 08:25:30,244 [org.apache.hadoop.util.JvmPauseMonitor$Monitor@2fbe57cc] INFO  util.JvmPauseMonitor (JvmPauseMonitor.java:run(188)) - Starting JVM pause monitor
2019-09-23 08:25:30,246 [Datanode State Machine Thread - 0] INFO  datanode.InitDatanodeState (InitDatanodeState.java:persistContainerDatanodeDetails(140)) - DatanodeDetails is persisted to /workdir/hadoop-ozone/integration-test/target/test-dir/MiniOzoneClusterImpl-19e87cfc-d6b3-42f5-aca7-5187b9f950d1/datanode-6/meta/datanode.id
2019-09-23 08:25:31,243 [main] INFO  ozone.MiniOzoneClusterImpl (MiniOzoneClusterImpl.java:lambda$waitForClusterToBeReady$0(147)) - Waiting for cluster to be ready. Got 0 of 7 DN Heartbeats.
2019-09-23 08:25:31,641 [Datanode State Machine Thread - 0] INFO  ozoneimpl.OzoneContainer (OzoneContainer.java:start(217)) - Attempting to start container services.
2019-09-23 08:25:31,642 [Datanode State Machine Thread - 0] INFO  ozoneimpl.OzoneContainer (OzoneContainer.java:startContainerScrub(179)) - Background container scanner has been disabled.
2019-09-23 08:25:31,642 [Datanode State Machine Thread - 0] INFO  ratis.XceiverServerRatis (XceiverServerRatis.java:start(411)) - Starting XceiverServerRatis 2a1cf675-fed6-4e15-89f8-39e10c8a9fa4 at port 0
2019-09-23 08:25:31,648 [Datanode State Machine Thread - 0] INFO  impl.RaftServerProxy (RaftServerProxy.java:lambda$start$3(299)) - 2a1cf675-fed6-4e15-89f8-39e10c8a9fa4: start RPC server
2019-09-23 08:25:31,650 [Datanode State Machine Thread - 0] INFO  server.GrpcService (GrpcService.java:startImpl(158)) - 2a1cf675-fed6-4e15-89f8-39e10c8a9fa4: GrpcService started, listening on 0.0.0.0/0.0.0.0:45943
2019-09-23 08:25:31,650 [Datanode State Machine Thread - 0] INFO  ratis.XceiverServerRatis (XceiverServerRatis.java:start(421)) - XceiverServerRatis 2a1cf675-fed6-4e15-89f8-39e10c8a9fa4 is started using port 45943
2019-09-23 08:25:31,650 [Datanode State Machine Thread - 0] INFO  server.XceiverServerGrpc (XceiverServerGrpc.java:start(149)) - XceiverServerGrpc 2a1cf675-fed6-4e15-89f8-39e10c8a9fa4 is started using port 34076
2019-09-23 08:25:31,952 [Datanode State Machine Thread - 0] INFO  ozoneimpl.OzoneContainer (OzoneContainer.java:start(217)) - Attempting to start container services.
2019-09-23 08:25:31,952 [Datanode State Machine Thread - 0] INFO  ozoneimpl.OzoneContainer (OzoneContainer.java:startContainerScrub(179)) - Background container scanner has been disabled.
2019-09-23 08:25:31,953 [Datanode State Machine Thread - 0] INFO  ratis.XceiverServerRatis (XceiverServerRatis.java:start(411)) - Starting XceiverServerRatis f82d1a01-aed8-41dc-a822-e51972e4d50c at port 0
2019-09-23 08:25:31,959 [Datanode State Machine Thread - 0] INFO  impl.RaftServerProxy (RaftServerProxy.java:lambda$start$3(299)) - f82d1a01-aed8-41dc-a822-e51972e4d50c: start RPC server
2019-09-23 08:25:31,961 [Datanode State Machine Thread - 0] INFO  server.GrpcService (GrpcService.java:startImpl(158)) - f82d1a01-aed8-41dc-a822-e51972e4d50c: GrpcService started, listening on 0.0.0.0/0.0.0.0:33171
2019-09-23 08:25:31,962 [Datanode State Machine Thread - 0] INFO  ratis.XceiverServerRatis (XceiverServerRatis.java:start(421)) - XceiverServerRatis f82d1a01-aed8-41dc-a822-e51972e4d50c is started using port 33171
2019-09-23 08:25:31,962 [Datanode State Machine Thread - 0] INFO  server.XceiverServerGrpc (XceiverServerGrpc.java:start(149)) - XceiverServerGrpc f82d1a01-aed8-41dc-a822-e51972e4d50c is started using port 45252
2019-09-23 08:25:32,001 [Datanode State Machine Thread - 0] INFO  ozoneimpl.OzoneContainer (OzoneContainer.java:start(217)) - Attempting to start container services.
2019-09-23 08:25:32,001 [Datanode State Machine Thread - 0] INFO  ozoneimpl.OzoneContainer (OzoneContainer.java:startContainerScrub(179)) - Background container scanner has been disabled.
2019-09-23 08:25:32,001 [Datanode State Machine Thread - 0] INFO  ratis.XceiverServerRatis (XceiverServerRatis.java:start(411)) - Starting XceiverServerRatis 6197e7ae-b81d-49ea-af68-f6d72316ae49 at port 0
2019-09-23 08:25:32,007 [Datanode State Machine Thread - 0] INFO  impl.RaftServerProxy (RaftServerProxy.java:lambda$start$3(299)) - 6197e7ae-b81d-49ea-af68-f6d72316ae49: start RPC server
2019-09-23 08:25:32,008 [Datanode State Machine Thread - 0] INFO  server.GrpcService (GrpcService.java:startImpl(158)) - 6197e7ae-b81d-49ea-af68-f6d72316ae49: GrpcService started, listening on 0.0.0.0/0.0.0.0:43270
2019-09-23 08:25:32,008 [Datanode State Machine Thread - 0] INFO  ratis.XceiverServerRatis (XceiverServerRatis.java:start(421)) - XceiverServerRatis 6197e7ae-b81d-49ea-af68-f6d72316ae49 is started using port 43270
2019-09-23 08:25:32,017 [Datanode State Machine Thread - 0] INFO  server.XceiverServerGrpc (XceiverServerGrpc.java:start(149)) - XceiverServerGrpc 6197e7ae-b81d-49ea-af68-f6d72316ae49 is started using port 34712
2019-09-23 08:25:32,022 [Datanode State Machine Thread - 0] INFO  ozoneimpl.OzoneContainer (OzoneContainer.java:start(217)) - Attempting to start container services.
2019-09-23 08:25:32,022 [Datanode State Machine Thread - 0] INFO  ozoneimpl.OzoneContainer (OzoneContainer.java:startContainerScrub(179)) - Background container scanner has been disabled.
2019-09-23 08:25:32,022 [Datanode State Machine Thread - 0] INFO  ratis.XceiverServerRatis (XceiverServerRatis.java:start(411)) - Starting XceiverServerRatis 3eee0bb1-8090-45b5-a26e-402c03e66bc4 at port 0
2019-09-23 08:25:32,028 [Datanode State Machine Thread - 0] INFO  impl.RaftServerProxy (RaftServerProxy.java:lambda$start$3(299)) - 3eee0bb1-8090-45b5-a26e-402c03e66bc4: start RPC server
2019-09-23 08:25:32,029 [Datanode State Machine Thread - 0] INFO  server.GrpcService (GrpcService.java:startImpl(158)) - 3eee0bb1-8090-45b5-a26e-402c03e66bc4: GrpcService started, listening on 0.0.0.0/0.0.0.0:40679
2019-09-23 08:25:32,029 [Datanode State Machine Thread - 0] INFO  ratis.XceiverServerRatis (XceiverServerRatis.java:start(421)) - XceiverServerRatis 3eee0bb1-8090-45b5-a26e-402c03e66bc4 is started using port 40679
2019-09-23 08:25:32,029 [Datanode State Machine Thread - 0] INFO  server.XceiverServerGrpc (XceiverServerGrpc.java:start(149)) - XceiverServerGrpc 3eee0bb1-8090-45b5-a26e-402c03e66bc4 is started using port 40650
2019-09-23 08:25:32,244 [main] INFO  ozone.MiniOzoneClusterImpl (MiniOzoneClusterImpl.java:lambda$waitForClusterToBeReady$0(147)) - Waiting for cluster to be ready. Got 0 of 7 DN Heartbeats.
2019-09-23 08:25:32,464 [Datanode State Machine Thread - 0] INFO  ozoneimpl.OzoneContainer (OzoneContainer.java:start(217)) - Attempting to start container services.
2019-09-23 08:25:32,465 [Datanode State Machine Thread - 0] INFO  ozoneimpl.OzoneContainer (OzoneContainer.java:startContainerScrub(179)) - Background container scanner has been disabled.
2019-09-23 08:25:32,465 [Datanode State Machine Thread - 0] INFO  ratis.XceiverServerRatis (XceiverServerRatis.java:start(411)) - Starting XceiverServerRatis c660b52b-6779-4bda-92dc-aea8b06afbce at port 0
2019-09-23 08:25:32,473 [Datanode State Machine Thread - 0] INFO  impl.RaftServerProxy (RaftServerProxy.java:lambda$start$3(299)) - c660b52b-6779-4bda-92dc-aea8b06afbce: start RPC server
2019-09-23 08:25:32,474 [Datanode State Machine Thread - 0] INFO  server.GrpcService (GrpcService.java:startImpl(158)) - c660b52b-6779-4bda-92dc-aea8b06afbce: GrpcService started, listening on 0.0.0.0/0.0.0.0:43413
2019-09-23 08:25:32,474 [Datanode State Machine Thread - 0] INFO  ratis.XceiverServerRatis (XceiverServerRatis.java:start(421)) - XceiverServerRatis c660b52b-6779-4bda-92dc-aea8b06afbce is started using port 43413
2019-09-23 08:25:32,474 [Datanode State Machine Thread - 0] INFO  server.XceiverServerGrpc (XceiverServerGrpc.java:start(149)) - XceiverServerGrpc c660b52b-6779-4bda-92dc-aea8b06afbce is started using port 38236
2019-09-23 08:25:32,505 [Datanode State Machine Thread - 0] INFO  ozoneimpl.OzoneContainer (OzoneContainer.java:start(217)) - Attempting to start container services.
2019-09-23 08:25:32,505 [Datanode State Machine Thread - 0] INFO  ozoneimpl.OzoneContainer (OzoneContainer.java:start(217)) - Attempting to start container services.
2019-09-23 08:25:32,505 [Datanode State Machine Thread - 0] INFO  ozoneimpl.OzoneContainer (OzoneContainer.java:startContainerScrub(179)) - Background container scanner has been disabled.
2019-09-23 08:25:32,505 [Datanode State Machine Thread - 0] INFO  ozoneimpl.OzoneContainer (OzoneContainer.java:startContainerScrub(179)) - Background container scanner has been disabled.
2019-09-23 08:25:32,505 [Datanode State Machine Thread - 0] INFO  ratis.XceiverServerRatis (XceiverServerRatis.java:start(411)) - Starting XceiverServerRatis 4c8cbc70-53f1-4bea-8cfc-10695697cb6f at port 0
2019-09-23 08:25:32,505 [Datanode State Machine Thread - 0] INFO  ratis.XceiverServerRatis (XceiverServerRatis.java:start(411)) - Starting XceiverServerRatis 5a3c7c97-77ff-4a15-aac9-1030e35f3ee9 at port 0
2019-09-23 08:25:32,519 [Datanode State Machine Thread - 0] INFO  impl.RaftServerProxy (RaftServerProxy.java:lambda$start$3(299)) - 4c8cbc70-53f1-4bea-8cfc-10695697cb6f: start RPC server
2019-09-23 08:25:32,519 [Datanode State Machine Thread - 0] INFO  impl.RaftServerProxy (RaftServerProxy.java:lambda$start$3(299)) - 5a3c7c97-77ff-4a15-aac9-1030e35f3ee9: start RPC server
2019-09-23 08:25:32,519 [Datanode State Machine Thread - 0] INFO  server.GrpcService (GrpcService.java:startImpl(158)) - 4c8cbc70-53f1-4bea-8cfc-10695697cb6f: GrpcService started, listening on 0.0.0.0/0.0.0.0:44220
2019-09-23 08:25:32,519 [Datanode State Machine Thread - 0] INFO  ratis.XceiverServerRatis (XceiverServerRatis.java:start(421)) - XceiverServerRatis 4c8cbc70-53f1-4bea-8cfc-10695697cb6f is started using port 44220
2019-09-23 08:25:32,522 [Datanode State Machine Thread - 0] INFO  server.GrpcService (GrpcService.java:startImpl(158)) - 5a3c7c97-77ff-4a15-aac9-1030e35f3ee9: GrpcService started, listening on 0.0.0.0/0.0.0.0:39901
2019-09-23 08:25:32,522 [Datanode State Machine Thread - 0] INFO  ratis.XceiverServerRatis (XceiverServerRatis.java:start(421)) - XceiverServerRatis 5a3c7c97-77ff-4a15-aac9-1030e35f3ee9 is started using port 39901
2019-09-23 08:25:32,522 [Datanode State Machine Thread - 0] INFO  server.XceiverServerGrpc (XceiverServerGrpc.java:start(149)) - XceiverServerGrpc 4c8cbc70-53f1-4bea-8cfc-10695697cb6f is started using port 45955
2019-09-23 08:25:32,525 [Datanode State Machine Thread - 0] INFO  server.XceiverServerGrpc (XceiverServerGrpc.java:start(149)) - XceiverServerGrpc 5a3c7c97-77ff-4a15-aac9-1030e35f3ee9 is started using port 36701
2019-09-23 08:25:33,244 [main] INFO  ozone.MiniOzoneClusterImpl (MiniOzoneClusterImpl.java:lambda$waitForClusterToBeReady$0(147)) - Waiting for cluster to be ready. Got 0 of 7 DN Heartbeats.
2019-09-23 08:25:33,457 [IPC Server handler 3 on 43436] INFO  net.NetworkTopology (NetworkTopologyImpl.java:add(111)) - Added a new node: /default-rack/2a1cf675-fed6-4e15-89f8-39e10c8a9fa4
2019-09-23 08:25:33,459 [IPC Server handler 3 on 43436] INFO  node.SCMNodeManager (SCMNodeManager.java:register(266)) - Registered Data node : 2a1cf675-fed6-4e15-89f8-39e10c8a9fa4{ip: 192.168.5.189, host: trunk-nightly-20190923-extra-pvkvv-3499472557, networkLocation: /default-rack, certSerialId: null}
2019-09-23 08:25:33,460 [EventQueue-NodeRegistrationContainerReportForDataNodeSafeModeRule] INFO  safemode.SCMSafeModeManager (DataNodeSafeModeRule.java:process(71)) - SCM in safe mode. 1 DataNodes registered, 1 required.
2019-09-23 08:25:33,463 [EventQueue-NodeRegistrationContainerReportForDataNodeSafeModeRule] INFO  safemode.SCMSafeModeManager (SCMSafeModeManager.java:validateSafeModeExitRules(177)) - ScmSafeModeManager, all rules are successfully validated
2019-09-23 08:25:33,463 [EventQueue-NodeRegistrationContainerReportForDataNodeSafeModeRule] INFO  safemode.SCMSafeModeManager (SCMSafeModeManager.java:exitSafeMode(193)) - SCM exiting safe mode.
2019-09-23 08:25:33,479 [grpc-default-executor-6] INFO  impl.RaftServerProxy (RaftServerProxy.java:addNew(89)) - 2a1cf675-fed6-4e15-89f8-39e10c8a9fa4: addNew group-FAEBB8F84081:[2a1cf675-fed6-4e15-89f8-39e10c8a9fa4:192.168.5.189:45943] returns group-FAEBB8F84081:java.util.concurrent.CompletableFuture@65c8011e[Not completed]
2019-09-23 08:25:33,481 [pool-295-thread-1] INFO  impl.RaftServerImpl (RaftServerImpl.java:<init>(95)) - 2a1cf675-fed6-4e15-89f8-39e10c8a9fa4: new RaftServerImpl for group-FAEBB8F84081:[2a1cf675-fed6-4e15-89f8-39e10c8a9fa4:192.168.5.189:45943] with ContainerStateMachine:uninitialized
2019-09-23 08:25:33,481 [pool-295-thread-1] INFO  server.RaftServerConfigKeys (ConfUtils.java:logGet(43)) - raft.server.rpc.timeout.min = 5s (custom)
2019-09-23 08:25:33,482 [pool-295-thread-1] INFO  server.RaftServerConfigKeys (ConfUtils.java:logGet(43)) - raft.server.rpc.timeout.max = 5200ms (custom)
2019-09-23 08:25:33,482 [pool-295-thread-1] INFO  server.RaftServerConfigKeys (ConfUtils.java:logGet(43)) - raft.server.rpcslowness.timeout = 120s (custom)
2019-09-23 08:25:33,482 [pool-295-thread-1] INFO  server.RaftServerConfigKeys (ConfUtils.java:logGet(43)) - raft.server.sleep.deviation.threshold = 300 (default)
2019-09-23 08:25:33,482 [pool-295-thread-1] INFO  server.RaftServerConfigKeys (ConfUtils.java:logGet(43)) - raft.server.log.appender.install.snapshot.enabled = false (custom)
2019-09-23 08:25:33,482 [pool-295-thread-1] INFO  impl.RaftServerImpl (ServerState.java:<init>(103)) - 2a1cf675-fed6-4e15-89f8-39e10c8a9fa4@group-FAEBB8F84081: ConfigurationManager, init=-1: [2a1cf675-fed6-4e15-89f8-39e10c8a9fa4:192.168.5.189:45943], old=null, confs=<EMPTY_MAP>
2019-09-23 08:25:33,482 [pool-295-thread-1] INFO  server.RaftServerConfigKeys (ConfUtils.java:logGet(43)) - raft.server.storage.dir = [/workdir/hadoop-ozone/integration-test/target/test-dir/MiniOzoneClusterImpl-19e87cfc-d6b3-42f5-aca7-5187b9f950d1/datanode-0/data/ratis] (custom)
2019-09-23 08:25:33,483 [pool-295-thread-1] INFO  storage.RaftStorageDirectory (RaftStorageDirectory.java:analyzeStorage(246)) - The storage directory /workdir/hadoop-ozone/integration-test/target/test-dir/MiniOzoneClusterImpl-19e87cfc-d6b3-42f5-aca7-5187b9f950d1/datanode-0/data/ratis/db3a38a0-6d91-4714-8223-faebb8f84081 does not exist. Creating ...
2019-09-23 08:25:33,562 [pool-295-thread-1] INFO  storage.RaftStorageDirectory (RaftStorageDirectory.java:tryLock(328)) - Lock on /workdir/hadoop-ozone/integration-test/target/test-dir/MiniOzoneClusterImpl-19e87cfc-d6b3-42f5-aca7-5187b9f950d1/datanode-0/data/ratis/db3a38a0-6d91-4714-8223-faebb8f84081/in_use.lock acquired by nodename 19984@trunk-nightly-20190923-extra-pvkvv-3499472557
2019-09-23 08:25:33,644 [pool-295-thread-1] INFO  storage.RaftStorage (RaftStorage.java:format(72)) - Storage directory /workdir/hadoop-ozone/integration-test/target/test-dir/MiniOzoneClusterImpl-19e87cfc-d6b3-42f5-aca7-5187b9f950d1/datanode-0/data/ratis/db3a38a0-6d91-4714-8223-faebb8f84081 has been successfully formatted.
2019-09-23 08:25:33,644 [pool-295-thread-1] INFO  ratis.ContainerStateMachine (ContainerStateMachine.java:loadSnapshot(230)) - group-FAEBB8F84081: The snapshot info is null. Setting the last applied indexto:(t:0, i:~)
2019-09-23 08:25:33,644 [pool-295-thread-1] INFO  server.RaftServerConfigKeys (ConfUtils.java:logGet(43)) - raft.server.notification.no-leader.timeout = 120s (custom)
2019-09-23 08:25:33,644 [pool-295-thread-1] INFO  server.RaftServerConfigKeys (ConfUtils.java:logGet(43)) - raft.server.log.use.memory = false (default)
2019-09-23 08:25:33,645 [pool-295-thread-1] INFO  server.RaftServerConfigKeys (ConfUtils.java:logGet(43)) - raft.server.log.purge.gap = 1000000 (custom)
2019-09-23 08:25:33,645 [pool-295-thread-1] INFO  server.RaftServerConfigKeys (ConfUtils.java:logGet(43)) - raft.server.log.appender.buffer.byte-limit = 33554432 (custom)
2019-09-23 08:25:33,645 [pool-295-thread-1] INFO  server.RaftServerConfigKeys (ConfUtils.java:logGet(43)) - raft.server.log.segment.size.max = 1048576 (custom)
2019-09-23 08:25:33,645 [pool-295-thread-1] INFO  server.RaftServerConfigKeys (ConfUtils.java:logGet(43)) - raft.server.log.segment.cache.num.max = 2 (custom)
2019-09-23 08:25:33,645 [pool-295-thread-1] INFO  segmented.SegmentedRaftLogWorker (SegmentedRaftLogWorker.java:<init>(172)) - new 2a1cf675-fed6-4e15-89f8-39e10c8a9fa4@group-FAEBB8F84081-SegmentedRaftLogWorker for RaftStorage:Storage Directory /workdir/hadoop-ozone/integration-test/target/test-dir/MiniOzoneClusterImpl-19e87cfc-d6b3-42f5-aca7-5187b9f950d1/datanode-0/data/ratis/db3a38a0-6d91-4714-8223-faebb8f84081
2019-09-23 08:25:33,648 [pool-295-thread-1] INFO  server.RaftServerConfigKeys (ConfUtils.java:logGet(43)) - raft.server.log.queue.byte-limit = 2147483647 (custom)
2019-09-23 08:25:33,648 [pool-295-thread-1] INFO  server.RaftServerConfigKeys (ConfUtils.java:logGet(43)) - raft.server.log.queue.element-limit = 1024 (custom)
2019-09-23 08:25:33,648 [pool-295-thread-1] INFO  server.RaftServerConfigKeys (ConfUtils.java:logGet(43)) - raft.server.log.segment.size.max = 1048576 (custom)
2019-09-23 08:25:33,648 [pool-295-thread-1] INFO  server.RaftServerConfigKeys (ConfUtils.java:logGet(43)) - raft.server.log.preallocated.size = 16384 (custom)
2019-09-23 08:25:33,648 [pool-295-thread-1] INFO  server.RaftServerConfigKeys (ConfUtils.java:logGet(43)) - raft.server.log.write.buffer.size = 33554432 (custom)
2019-09-23 08:25:33,648 [pool-295-thread-1] INFO  server.RaftServerConfigKeys (ConfUtils.java:logGet(43)) - raft.server.log.force.sync.num = 128 (default)
2019-09-23 08:25:33,649 [pool-295-thread-1] INFO  server.RaftServerConfigKeys (ConfUtils.java:logGet(43)) - raft.server.log.statemachine.data.sync = true (default)
2019-09-23 08:25:33,649 [pool-295-thread-1] INFO  server.RaftServerConfigKeys (ConfUtils.java:logGet(43)) - raft.server.log.statemachine.data.sync.timeout = 10s (default)
2019-09-23 08:25:33,649 [pool-295-thread-1] INFO  server.RaftServerConfigKeys (ConfUtils.java:logGet(43)) - raft.server.log.statemachine.data.sync.timeout.retry = -1 (default)
2019-09-23 08:25:33,649 [pool-295-thread-1] INFO  server.RaftServerConfigKeys (ConfUtils.java:logGet(43)) - raft.server.log.statemachine.data.caching.enabled = true (custom)
2019-09-23 08:25:33,649 [pool-295-thread-1] INFO  segmented.SegmentedRaftLogWorker (SegmentedRaftLogWorker.java:lambda$new$0(132)) - 2a1cf675-fed6-4e15-89f8-39e10c8a9fa4@group-FAEBB8F84081-SegmentedRaftLogWorker: flushIndex: setUnconditionally 0 -> -1
2019-09-23 08:25:33,650 [pool-295-thread-1] INFO  server.RaftServerConfigKeys (ConfUtils.java:logGet(43)) - raft.server.snapshot.auto.trigger.enabled = true (custom)
2019-09-23 08:25:33,650 [pool-295-thread-1] INFO  server.RaftServerConfigKeys (ConfUtils.java:logGet(43)) - raft.server.snapshot.auto.trigger.threshold = 10000 (custom)
2019-09-23 08:25:33,650 [pool-295-thread-1] INFO  server.RaftServerConfigKeys (ConfUtils.java:logGet(43)) - raft.server.snapshot.retention.num.files = 5 (custom)
2019-09-23 08:25:33,650 [pool-295-thread-1] INFO  server.RaftServerConfigKeys (ConfUtils.java:logGet(43)) - raft.server.retrycache.expirytime = 600000ms (custom)
2019-09-23 08:25:33,652 [pool-295-thread-1] INFO  impl.RaftServerImpl (RaftServerImpl.java:start(185)) - 2a1cf675-fed6-4e15-89f8-39e10c8a9fa4@group-FAEBB8F84081: start as a follower, conf=-1: [2a1cf675-fed6-4e15-89f8-39e10c8a9fa4:192.168.5.189:45943], old=null
2019-09-23 08:25:33,652 [pool-295-thread-1] INFO  impl.RaftServerImpl (RaftServerImpl.java:setRole(174)) - 2a1cf675-fed6-4e15-89f8-39e10c8a9fa4@group-FAEBB8F84081: changes role from      null to FOLLOWER at term 0 for startAsFollower
2019-09-23 08:25:33,652 [pool-295-thread-1] INFO  impl.RoleInfo (RoleInfo.java:updateAndGet(143)) - 2a1cf675-fed6-4e15-89f8-39e10c8a9fa4: start FollowerState
2019-09-23 08:25:33,653 [pool-295-thread-1] INFO  util.JmxRegister (JmxRegister.java:tryRegister(44)) - Successfully registered JMX Bean with object name Ratis:service=RaftServer,group=group-FAEBB8F84081,id=2a1cf675-fed6-4e15-89f8-39e10c8a9fa4
2019-09-23 08:25:33,655 [RatisPipelineUtilsThread] INFO  pipeline.PipelineStateManager (PipelineStateManager.java:addPipeline(56)) - Created pipeline Pipeline[ Id: db3a38a0-6d91-4714-8223-faebb8f84081, Nodes: 2a1cf675-fed6-4e15-89f8-39e10c8a9fa4{ip: 192.168.5.189, host: trunk-nightly-20190923-extra-pvkvv-3499472557, networkLocation: /default-rack, certSerialId: null}, Type:RATIS, Factor:ONE, State:OPEN]
2019-09-23 08:25:33,834 [IPC Server handler 1 on 43436] INFO  net.NetworkTopology (NetworkTopologyImpl.java:add(111)) - Added a new node: /default-rack/f82d1a01-aed8-41dc-a822-e51972e4d50c
2019-09-23 08:25:33,834 [IPC Server handler 1 on 43436] INFO  node.SCMNodeManager (SCMNodeManager.java:register(266)) - Registered Data node : f82d1a01-aed8-41dc-a822-e51972e4d50c{ip: 192.168.5.189, host: trunk-nightly-20190923-extra-pvkvv-3499472557, networkLocation: /default-rack, certSerialId: null}
2019-09-23 08:25:33,843 [grpc-default-executor-6] INFO  impl.RaftServerProxy (RaftServerProxy.java:addNew(89)) - f82d1a01-aed8-41dc-a822-e51972e4d50c: addNew group-383BA91CE1A4:[f82d1a01-aed8-41dc-a822-e51972e4d50c:192.168.5.189:33171] returns group-383BA91CE1A4:java.util.concurrent.CompletableFuture@7c0ea1e5[Not completed]
2019-09-23 08:25:33,844 [pool-305-thread-1] INFO  impl.RaftServerImpl (RaftServerImpl.java:<init>(95)) - f82d1a01-aed8-41dc-a822-e51972e4d50c: new RaftServerImpl for group-383BA91CE1A4:[f82d1a01-aed8-41dc-a822-e51972e4d50c:192.168.5.189:33171] with ContainerStateMachine:uninitialized
2019-09-23 08:25:33,845 [pool-305-thread-1] INFO  server.RaftServerConfigKeys (ConfUtils.java:logGet(43)) - raft.server.rpc.timeout.min = 5s (custom)
2019-09-23 08:25:33,845 [pool-305-thread-1] INFO  server.RaftServerConfigKeys (ConfUtils.java:logGet(43)) - raft.server.rpc.timeout.max = 5200ms (custom)
2019-09-23 08:25:33,845 [pool-305-thread-1] INFO  server.RaftServerConfigKeys (ConfUtils.java:logGet(43)) - raft.server.rpcslowness.timeout = 120s (custom)
2019-09-23 08:25:33,845 [pool-305-thread-1] INFO  server.RaftServerConfigKeys (ConfUtils.java:logGet(43)) - raft.server.sleep.deviation.threshold = 300 (default)
2019-09-23 08:25:33,845 [pool-305-thread-1] INFO  server.RaftServerConfigKeys (ConfUtils.java:logGet(43)) - raft.server.log.appender.install.snapshot.enabled = false (custom)
2019-09-23 08:25:33,846 [pool-305-thread-1] INFO  impl.RaftServerImpl (ServerState.java:<init>(103)) - f82d1a01-aed8-41dc-a822-e51972e4d50c@group-383BA91CE1A4: ConfigurationManager, init=-1: [f82d1a01-aed8-41dc-a822-e51972e4d50c:192.168.5.189:33171], old=null, confs=<EMPTY_MAP>
2019-09-23 08:25:33,846 [pool-305-thread-1] INFO  server.RaftServerConfigKeys (ConfUtils.java:logGet(43)) - raft.server.storage.dir = [/workdir/hadoop-ozone/integration-test/target/test-dir/MiniOzoneClusterImpl-19e87cfc-d6b3-42f5-aca7-5187b9f950d1/datanode-1/data/ratis] (custom)
2019-09-23 08:25:33,846 [pool-305-thread-1] INFO  storage.RaftStorageDirectory (RaftStorageDirectory.java:analyzeStorage(246)) - The storage directory /workdir/hadoop-ozone/integration-test/target/test-dir/MiniOzoneClusterImpl-19e87cfc-d6b3-42f5-aca7-5187b9f950d1/datanode-1/data/ratis/50fb0f9f-4b3b-472c-85ad-383ba91ce1a4 does not exist. Creating ...
2019-09-23 08:25:33,901 [IPC Server handler 4 on 43436] INFO  net.NetworkTopology (NetworkTopologyImpl.java:add(111)) - Added a new node: /default-rack/6197e7ae-b81d-49ea-af68-f6d72316ae49
2019-09-23 08:25:33,901 [IPC Server handler 4 on 43436] INFO  node.SCMNodeManager (SCMNodeManager.java:register(266)) - Registered Data node : 6197e7ae-b81d-49ea-af68-f6d72316ae49{ip: 192.168.5.189, host: trunk-nightly-20190923-extra-pvkvv-3499472557, networkLocation: /default-rack, certSerialId: null}
2019-09-23 08:25:33,930 [pool-305-thread-1] INFO  storage.RaftStorageDirectory (RaftStorageDirectory.java:tryLock(328)) - Lock on /workdir/hadoop-ozone/integration-test/target/test-dir/MiniOzoneClusterImpl-19e87cfc-d6b3-42f5-aca7-5187b9f950d1/datanode-1/data/ratis/50fb0f9f-4b3b-472c-85ad-383ba91ce1a4/in_use.lock acquired by nodename 19984@trunk-nightly-20190923-extra-pvkvv-3499472557
2019-09-23 08:25:33,958 [IPC Server handler 5 on 43436] INFO  net.NetworkTopology (NetworkTopologyImpl.java:add(111)) - Added a new node: /default-rack/3eee0bb1-8090-45b5-a26e-402c03e66bc4
2019-09-23 08:25:33,958 [IPC Server handler 5 on 43436] INFO  node.SCMNodeManager (SCMNodeManager.java:register(266)) - Registered Data node : 3eee0bb1-8090-45b5-a26e-402c03e66bc4{ip: 192.168.5.189, host: trunk-nightly-20190923-extra-pvkvv-3499472557, networkLocation: /default-rack, certSerialId: null}
2019-09-23 08:25:34,018 [IPC Server handler 6 on 43436] INFO  net.NetworkTopology (NetworkTopologyImpl.java:add(111)) - Added a new node: /default-rack/c660b52b-6779-4bda-92dc-aea8b06afbce
2019-09-23 08:25:34,018 [IPC Server handler 6 on 43436] INFO  node.SCMNodeManager (SCMNodeManager.java:register(266)) - Registered Data node : c660b52b-6779-4bda-92dc-aea8b06afbce{ip: 192.168.5.189, host: trunk-nightly-20190923-extra-pvkvv-3499472557, networkLocation: /default-rack, certSerialId: null}
2019-09-23 08:25:34,067 [pool-305-thread-1] INFO  storage.RaftStorage (RaftStorage.java:format(72)) - Storage directory /workdir/hadoop-ozone/integration-test/target/test-dir/MiniOzoneClusterImpl-19e87cfc-d6b3-42f5-aca7-5187b9f950d1/datanode-1/data/ratis/50fb0f9f-4b3b-472c-85ad-383ba91ce1a4 has been successfully formatted.
2019-09-23 08:25:34,068 [pool-305-thread-1] INFO  ratis.ContainerStateMachine (ContainerStateMachine.java:loadSnapshot(230)) - group-383BA91CE1A4: The snapshot info is null. Setting the last applied indexto:(t:0, i:~)
2019-09-23 08:25:34,068 [pool-305-thread-1] INFO  server.RaftServerConfigKeys (ConfUtils.java:logGet(43)) - raft.server.notification.no-leader.timeout = 120s (custom)
2019-09-23 08:25:34,068 [pool-305-thread-1] INFO  server.RaftServerConfigKeys (ConfUtils.java:logGet(43)) - raft.server.log.use.memory = false (default)
2019-09-23 08:25:34,068 [pool-305-thread-1] INFO  server.RaftServerConfigKeys (ConfUtils.java:logGet(43)) - raft.server.log.purge.gap = 1000000 (custom)
2019-09-23 08:25:34,068 [pool-305-thread-1] INFO  server.RaftServerConfigKeys (ConfUtils.java:logGet(43)) - raft.server.log.appender.buffer.byte-limit = 33554432 (custom)
2019-09-23 08:25:34,068 [pool-305-thread-1] INFO  server.RaftServerConfigKeys (ConfUtils.java:logGet(43)) - raft.server.log.segment.size.max = 1048576 (custom)
2019-09-23 08:25:34,069 [pool-305-thread-1] INFO  server.RaftServerConfigKeys (ConfUtils.java:logGet(43)) - raft.server.log.segment.cache.num.max = 2 (custom)
2019-09-23 08:25:34,069 [pool-305-thread-1] INFO  segmented.SegmentedRaftLogWorker (SegmentedRaftLogWorker.java:<init>(172)) - new f82d1a01-aed8-41dc-a822-e51972e4d50c@group-383BA91CE1A4-SegmentedRaftLogWorker for RaftStorage:Storage Directory /workdir/hadoop-ozone/integration-test/target/test-dir/MiniOzoneClusterImpl-19e87cfc-d6b3-42f5-aca7-5187b9f950d1/datanode-1/data/ratis/50fb0f9f-4b3b-472c-85ad-383ba91ce1a4
2019-09-23 08:25:34,071 [pool-305-thread-1] INFO  server.RaftServerConfigKeys (ConfUtils.java:logGet(43)) - raft.server.log.queue.byte-limit = 2147483647 (custom)
2019-09-23 08:25:34,071 [pool-305-thread-1] INFO  server.RaftServerConfigKeys (ConfUtils.java:logGet(43)) - raft.server.log.queue.element-limit = 1024 (custom)
2019-09-23 08:25:34,071 [pool-305-thread-1] INFO  server.RaftServerConfigKeys (ConfUtils.java:logGet(43)) - raft.server.log.segment.size.max = 1048576 (custom)
2019-09-23 08:25:34,071 [pool-305-thread-1] INFO  server.RaftServerConfigKeys (ConfUtils.java:logGet(43)) - raft.server.log.preallocated.size = 16384 (custom)
2019-09-23 08:25:34,071 [pool-305-thread-1] INFO  server.RaftServerConfigKeys (ConfUtils.java:logGet(43)) - raft.server.log.write.buffer.size = 33554432 (custom)
2019-09-23 08:25:34,071 [pool-305-thread-1] INFO  server.RaftServerConfigKeys (ConfUtils.java:logGet(43)) - raft.server.log.force.sync.num = 128 (default)
2019-09-23 08:25:34,072 [pool-305-thread-1] INFO  server.RaftServerConfigKeys (ConfUtils.java:logGet(43)) - raft.server.log.statemachine.data.sync = true (default)
2019-09-23 08:25:34,072 [pool-305-thread-1] INFO  server.RaftServerConfigKeys (ConfUtils.java:logGet(43)) - raft.server.log.statemachine.data.sync.timeout = 10s (default)
2019-09-23 08:25:34,072 [pool-305-thread-1] INFO  server.RaftServerConfigKeys (ConfUtils.java:logGet(43)) - raft.server.log.statemachine.data.sync.timeout.retry = -1 (default)
2019-09-23 08:25:34,072 [pool-305-thread-1] INFO  server.RaftServerConfigKeys (ConfUtils.java:logGet(43)) - raft.server.log.statemachine.data.caching.enabled = true (custom)
2019-09-23 08:25:34,072 [pool-305-thread-1] INFO  segmented.SegmentedRaftLogWorker (SegmentedRaftLogWorker.java:lambda$new$0(132)) - f82d1a01-aed8-41dc-a822-e51972e4d50c@group-383BA91CE1A4-SegmentedRaftLogWorker: flushIndex: setUnconditionally 0 -> -1
2019-09-23 08:25:34,073 [pool-305-thread-1] INFO  server.RaftServerConfigKeys (ConfUtils.java:logGet(43)) - raft.server.snapshot.auto.trigger.enabled = true (custom)
2019-09-23 08:25:34,073 [pool-305-thread-1] INFO  server.RaftServerConfigKeys (ConfUtils.java:logGet(43)) - raft.server.snapshot.auto.trigger.threshold = 10000 (custom)
2019-09-23 08:25:34,073 [pool-305-thread-1] INFO  server.RaftServerConfigKeys (ConfUtils.java:logGet(43)) - raft.server.snapshot.retention.num.files = 5 (custom)
2019-09-23 08:25:34,073 [pool-305-thread-1] INFO  server.RaftServerConfigKeys (ConfUtils.java:logGet(43)) - raft.server.retrycache.expirytime = 600000ms (custom)
2019-09-23 08:25:34,075 [pool-305-thread-1] INFO  impl.RaftServerImpl (RaftServerImpl.java:start(185)) - f82d1a01-aed8-41dc-a822-e51972e4d50c@group-383BA91CE1A4: start as a follower, conf=-1: [f82d1a01-aed8-41dc-a822-e51972e4d50c:192.168.5.189:33171], old=null
2019-09-23 08:25:34,075 [pool-305-thread-1] INFO  impl.RaftServerImpl (RaftServerImpl.java:setRole(174)) - f82d1a01-aed8-41dc-a822-e51972e4d50c@group-383BA91CE1A4: changes role from      null to FOLLOWER at term 0 for startAsFollower
2019-09-23 08:25:34,075 [pool-305-thread-1] INFO  impl.RoleInfo (RoleInfo.java:updateAndGet(143)) - f82d1a01-aed8-41dc-a822-e51972e4d50c: start FollowerState
2019-09-23 08:25:34,075 [pool-305-thread-1] INFO  util.JmxRegister (JmxRegister.java:tryRegister(44)) - Successfully registered JMX Bean with object name Ratis:service=RaftServer,group=group-383BA91CE1A4,id=f82d1a01-aed8-41dc-a822-e51972e4d50c
2019-09-23 08:25:34,077 [RatisPipelineUtilsThread] INFO  pipeline.PipelineStateManager (PipelineStateManager.java:addPipeline(56)) - Created pipeline Pipeline[ Id: 50fb0f9f-4b3b-472c-85ad-383ba91ce1a4, Nodes: f82d1a01-aed8-41dc-a822-e51972e4d50c{ip: 192.168.5.189, host: trunk-nightly-20190923-extra-pvkvv-3499472557, networkLocation: /default-rack, certSerialId: null}, Type:RATIS, Factor:ONE, State:OPEN]
2019-09-23 08:25:34,088 [grpc-default-executor-6] INFO  impl.RaftServerProxy (RaftServerProxy.java:addNew(89)) - c660b52b-6779-4bda-92dc-aea8b06afbce: addNew group-5D6F3134D5FC:[c660b52b-6779-4bda-92dc-aea8b06afbce:192.168.5.189:43413] returns group-5D6F3134D5FC:java.util.concurrent.CompletableFuture@6c2c93a1[Not completed]
2019-09-23 08:25:34,090 [pool-335-thread-1] INFO  impl.RaftServerImpl (RaftServerImpl.java:<init>(95)) - c660b52b-6779-4bda-92dc-aea8b06afbce: new RaftServerImpl for group-5D6F3134D5FC:[c660b52b-6779-4bda-92dc-aea8b06afbce:192.168.5.189:43413] with ContainerStateMachine:uninitialized
2019-09-23 08:25:34,090 [pool-335-thread-1] INFO  server.RaftServerConfigKeys (ConfUtils.java:logGet(43)) - raft.server.rpc.timeout.min = 5s (custom)
2019-09-23 08:25:34,091 [pool-335-thread-1] INFO  server.RaftServerConfigKeys (ConfUtils.java:logGet(43)) - raft.server.rpc.timeout.max = 5200ms (custom)
2019-09-23 08:25:34,091 [pool-335-thread-1] INFO  server.RaftServerConfigKeys (ConfUtils.java:logGet(43)) - raft.server.rpcslowness.timeout = 120s (custom)
2019-09-23 08:25:34,091 [pool-335-thread-1] INFO  server.RaftServerConfigKeys (ConfUtils.java:logGet(43)) - raft.server.sleep.deviation.threshold = 300 (default)
2019-09-23 08:25:34,091 [pool-335-thread-1] INFO  server.RaftServerConfigKeys (ConfUtils.java:logGet(43)) - raft.server.log.appender.install.snapshot.enabled = false (custom)
2019-09-23 08:25:34,091 [pool-335-thread-1] INFO  impl.RaftServerImpl (ServerState.java:<init>(103)) - c660b52b-6779-4bda-92dc-aea8b06afbce@group-5D6F3134D5FC: ConfigurationManager, init=-1: [c660b52b-6779-4bda-92dc-aea8b06afbce:192.168.5.189:43413], old=null, confs=<EMPTY_MAP>
2019-09-23 08:25:34,091 [pool-335-thread-1] INFO  server.RaftServerConfigKeys (ConfUtils.java:logGet(43)) - raft.server.storage.dir = [/workdir/hadoop-ozone/integration-test/target/test-dir/MiniOzoneClusterImpl-19e87cfc-d6b3-42f5-aca7-5187b9f950d1/datanode-4/data/ratis] (custom)
2019-09-23 08:25:34,092 [pool-335-thread-1] INFO  storage.RaftStorageDirectory (RaftStorageDirectory.java:analyzeStorage(246)) - The storage directory /workdir/hadoop-ozone/integration-test/target/test-dir/MiniOzoneClusterImpl-19e87cfc-d6b3-42f5-aca7-5187b9f950d1/datanode-4/data/ratis/135a77ce-e4a8-468e-a139-5d6f3134d5fc does not exist. Creating ...
2019-09-23 08:25:34,153 [IPC Server handler 0 on 43436] INFO  net.NetworkTopology (NetworkTopologyImpl.java:add(111)) - Added a new node: /default-rack/4c8cbc70-53f1-4bea-8cfc-10695697cb6f
2019-09-23 08:25:34,153 [IPC Server handler 0 on 43436] INFO  node.SCMNodeManager (SCMNodeManager.java:register(266)) - Registered Data node : 4c8cbc70-53f1-4bea-8cfc-10695697cb6f{ip: 192.168.5.189, host: trunk-nightly-20190923-extra-pvkvv-3499472557, networkLocation: /default-rack, certSerialId: null}
2019-09-23 08:25:34,175 [pool-335-thread-1] INFO  storage.RaftStorageDirectory (RaftStorageDirectory.java:tryLock(328)) - Lock on /workdir/hadoop-ozone/integration-test/target/test-dir/MiniOzoneClusterImpl-19e87cfc-d6b3-42f5-aca7-5187b9f950d1/datanode-4/data/ratis/135a77ce-e4a8-468e-a139-5d6f3134d5fc/in_use.lock acquired by nodename 19984@trunk-nightly-20190923-extra-pvkvv-3499472557
2019-09-23 08:25:34,245 [main] INFO  ozone.MiniOzoneClusterImpl (MiniOzoneClusterImpl.java:lambda$waitForClusterToBeReady$0(147)) - Waiting for cluster to be ready. Got 6 of 7 DN Heartbeats.
2019-09-23 08:25:34,246 [IPC Server handler 3 on 43436] INFO  net.NetworkTopology (NetworkTopologyImpl.java:add(111)) - Added a new node: /default-rack/5a3c7c97-77ff-4a15-aac9-1030e35f3ee9
2019-09-23 08:25:34,247 [IPC Server handler 3 on 43436] INFO  node.SCMNodeManager (SCMNodeManager.java:register(266)) - Registered Data node : 5a3c7c97-77ff-4a15-aac9-1030e35f3ee9{ip: 192.168.5.189, host: trunk-nightly-20190923-extra-pvkvv-3499472557, networkLocation: /default-rack, certSerialId: null}
2019-09-23 08:25:34,284 [pool-335-thread-1] INFO  storage.RaftStorage (RaftStorage.java:format(72)) - Storage directory /workdir/hadoop-ozone/integration-test/target/test-dir/MiniOzoneClusterImpl-19e87cfc-d6b3-42f5-aca7-5187b9f950d1/datanode-4/data/ratis/135a77ce-e4a8-468e-a139-5d6f3134d5fc has been successfully formatted.
2019-09-23 08:25:34,285 [pool-335-thread-1] INFO  ratis.ContainerStateMachine (ContainerStateMachine.java:loadSnapshot(230)) - group-5D6F3134D5FC: The snapshot info is null. Setting the last applied indexto:(t:0, i:~)
2019-09-23 08:25:34,285 [pool-335-thread-1] INFO  server.RaftServerConfigKeys (ConfUtils.java:logGet(43)) - raft.server.notification.no-leader.timeout = 120s (custom)
2019-09-23 08:25:34,285 [pool-335-thread-1] INFO  server.RaftServerConfigKeys (ConfUtils.java:logGet(43)) - raft.server.log.use.memory = false (default)
2019-09-23 08:25:34,286 [pool-335-thread-1] INFO  server.RaftServerConfigKeys (ConfUtils.java:logGet(43)) - raft.server.log.purge.gap = 1000000 (custom)
2019-09-23 08:25:34,286 [pool-335-thread-1] INFO  server.RaftServerConfigKeys (ConfUtils.java:logGet(43)) - raft.server.log.appender.buffer.byte-limit = 33554432 (custom)
2019-09-23 08:25:34,286 [pool-335-thread-1] INFO  server.RaftServerConfigKeys (ConfUtils.java:logGet(43)) - raft.server.log.segment.size.max = 1048576 (custom)
2019-09-23 08:25:34,286 [pool-335-thread-1] INFO  server.RaftServerConfigKeys (ConfUtils.java:logGet(43)) - raft.server.log.segment.cache.num.max = 2 (custom)
2019-09-23 08:25:34,287 [pool-335-thread-1] INFO  segmented.SegmentedRaftLogWorker (SegmentedRaftLogWorker.java:<init>(172)) - new c660b52b-6779-4bda-92dc-aea8b06afbce@group-5D6F3134D5FC-SegmentedRaftLogWorker for RaftStorage:Storage Directory /workdir/hadoop-ozone/integration-test/target/test-dir/MiniOzoneClusterImpl-19e87cfc-d6b3-42f5-aca7-5187b9f950d1/datanode-4/data/ratis/135a77ce-e4a8-468e-a139-5d6f3134d5fc
2019-09-23 08:25:34,291 [pool-335-thread-1] INFO  server.RaftServerConfigKeys (ConfUtils.java:logGet(43)) - raft.server.log.queue.byte-limit = 2147483647 (custom)
2019-09-23 08:25:34,291 [pool-335-thread-1] INFO  server.RaftServerConfigKeys (ConfUtils.java:logGet(43)) - raft.server.log.queue.element-limit = 1024 (custom)
2019-09-23 08:25:34,291 [pool-335-thread-1] INFO  server.RaftServerConfigKeys (ConfUtils.java:logGet(43)) - raft.server.log.segment.size.max = 1048576 (custom)
2019-09-23 08:25:34,291 [pool-335-thread-1] INFO  server.RaftServerConfigKeys (ConfUtils.java:logGet(43)) - raft.server.log.preallocated.size = 16384 (custom)
2019-09-23 08:25:34,291 [pool-335-thread-1] INFO  server.RaftServerConfigKeys (ConfUtils.java:logGet(43)) - raft.server.log.write.buffer.size = 33554432 (custom)
2019-09-23 08:25:34,292 [pool-335-thread-1] INFO  server.RaftServerConfigKeys (ConfUtils.java:logGet(43)) - raft.server.log.force.sync.num = 128 (default)
2019-09-23 08:25:34,292 [pool-335-thread-1] INFO  server.RaftServerConfigKeys (ConfUtils.java:logGet(43)) - raft.server.log.statemachine.data.sync = true (default)
2019-09-23 08:25:34,292 [pool-335-thread-1] INFO  server.RaftServerConfigKeys (ConfUtils.java:logGet(43)) - raft.server.log.statemachine.data.sync.timeout = 10s (default)
2019-09-23 08:25:34,292 [pool-335-thread-1] INFO  server.RaftServerConfigKeys (ConfUtils.java:logGet(43)) - raft.server.log.statemachine.data.sync.timeout.retry = -1 (default)
2019-09-23 08:25:34,293 [pool-335-thread-1] INFO  server.RaftServerConfigKeys (ConfUtils.java:logGet(43)) - raft.server.log.statemachine.data.caching.enabled = true (custom)
2019-09-23 08:25:34,293 [pool-335-thread-1] INFO  segmented.SegmentedRaftLogWorker (SegmentedRaftLogWorker.java:lambda$new$0(132)) - c660b52b-6779-4bda-92dc-aea8b06afbce@group-5D6F3134D5FC-SegmentedRaftLogWorker: flushIndex: setUnconditionally 0 -> -1
2019-09-23 08:25:34,294 [pool-335-thread-1] INFO  server.RaftServerConfigKeys (ConfUtils.java:logGet(43)) - raft.server.snapshot.auto.trigger.enabled = true (custom)
2019-09-23 08:25:34,294 [pool-335-thread-1] INFO  server.RaftServerConfigKeys (ConfUtils.java:logGet(43)) - raft.server.snapshot.auto.trigger.threshold = 10000 (custom)
2019-09-23 08:25:34,294 [pool-335-thread-1] INFO  server.RaftServerConfigKeys (ConfUtils.java:logGet(43)) - raft.server.snapshot.retention.num.files = 5 (custom)
2019-09-23 08:25:34,294 [pool-335-thread-1] INFO  server.RaftServerConfigKeys (ConfUtils.java:logGet(43)) - raft.server.retrycache.expirytime = 600000ms (custom)
2019-09-23 08:25:34,297 [pool-335-thread-1] INFO  impl.RaftServerImpl (RaftServerImpl.java:start(185)) - c660b52b-6779-4bda-92dc-aea8b06afbce@group-5D6F3134D5FC: start as a follower, conf=-1: [c660b52b-6779-4bda-92dc-aea8b06afbce:192.168.5.189:43413], old=null
2019-09-23 08:25:34,297 [pool-335-thread-1] INFO  impl.RaftServerImpl (RaftServerImpl.java:setRole(174)) - c660b52b-6779-4bda-92dc-aea8b06afbce@group-5D6F3134D5FC: changes role from      null to FOLLOWER at term 0 for startAsFollower
2019-09-23 08:25:34,298 [pool-335-thread-1] INFO  impl.RoleInfo (RoleInfo.java:updateAndGet(143)) - c660b52b-6779-4bda-92dc-aea8b06afbce: start FollowerState
2019-09-23 08:25:34,298 [pool-335-thread-1] INFO  util.JmxRegister (JmxRegister.java:tryRegister(44)) - Successfully registered JMX Bean with object name Ratis:service=RaftServer,group=group-5D6F3134D5FC,id=c660b52b-6779-4bda-92dc-aea8b06afbce
2019-09-23 08:25:34,302 [RatisPipelineUtilsThread] INFO  pipeline.PipelineStateManager (PipelineStateManager.java:addPipeline(56)) - Created pipeline Pipeline[ Id: 135a77ce-e4a8-468e-a139-5d6f3134d5fc, Nodes: c660b52b-6779-4bda-92dc-aea8b06afbce{ip: 192.168.5.189, host: trunk-nightly-20190923-extra-pvkvv-3499472557, networkLocation: /default-rack, certSerialId: null}, Type:RATIS, Factor:ONE, State:OPEN]
2019-09-23 08:25:34,317 [grpc-default-executor-6] INFO  impl.RaftServerProxy (RaftServerProxy.java:addNew(89)) - 3eee0bb1-8090-45b5-a26e-402c03e66bc4: addNew group-E056FB0B466B:[3eee0bb1-8090-45b5-a26e-402c03e66bc4:192.168.5.189:40679] returns group-E056FB0B466B:java.util.concurrent.CompletableFuture@5dd92d50[Not completed]
2019-09-23 08:25:34,319 [pool-325-thread-1] INFO  impl.RaftServerImpl (RaftServerImpl.java:<init>(95)) - 3eee0bb1-8090-45b5-a26e-402c03e66bc4: new RaftServerImpl for group-E056FB0B466B:[3eee0bb1-8090-45b5-a26e-402c03e66bc4:192.168.5.189:40679] with ContainerStateMachine:uninitialized
2019-09-23 08:25:34,320 [pool-325-thread-1] INFO  server.RaftServerConfigKeys (ConfUtils.java:logGet(43)) - raft.server.rpc.timeout.min = 5s (custom)
2019-09-23 08:25:34,320 [pool-325-thread-1] INFO  server.RaftServerConfigKeys (ConfUtils.java:logGet(43)) - raft.server.rpc.timeout.max = 5200ms (custom)
2019-09-23 08:25:34,320 [pool-325-thread-1] INFO  server.RaftServerConfigKeys (ConfUtils.java:logGet(43)) - raft.server.rpcslowness.timeout = 120s (custom)
2019-09-23 08:25:34,320 [pool-325-thread-1] INFO  server.RaftServerConfigKeys (ConfUtils.java:logGet(43)) - raft.server.sleep.deviation.threshold = 300 (default)
2019-09-23 08:25:34,320 [pool-325-thread-1] INFO  server.RaftServerConfigKeys (ConfUtils.java:logGet(43)) - raft.server.log.appender.install.snapshot.enabled = false (custom)
2019-09-23 08:25:34,320 [pool-325-thread-1] INFO  impl.RaftServerImpl (ServerState.java:<init>(103)) - 3eee0bb1-8090-45b5-a26e-402c03e66bc4@group-E056FB0B466B: ConfigurationManager, init=-1: [3eee0bb1-8090-45b5-a26e-402c03e66bc4:192.168.5.189:40679], old=null, confs=<EMPTY_MAP>
2019-09-23 08:25:34,321 [pool-325-thread-1] INFO  server.RaftServerConfigKeys (ConfUtils.java:logGet(43)) - raft.server.storage.dir = [/workdir/hadoop-ozone/integration-test/target/test-dir/MiniOzoneClusterImpl-19e87cfc-d6b3-42f5-aca7-5187b9f950d1/datanode-3/data/ratis] (custom)
2019-09-23 08:25:34,321 [pool-325-thread-1] INFO  storage.RaftStorageDirectory (RaftStorageDirectory.java:analyzeStorage(246)) - The storage directory /workdir/hadoop-ozone/integration-test/target/test-dir/MiniOzoneClusterImpl-19e87cfc-d6b3-42f5-aca7-5187b9f950d1/datanode-3/data/ratis/2bb8f205-e1ec-4765-8747-e056fb0b466b does not exist. Creating ...
2019-09-23 08:25:34,367 [pool-325-thread-1] INFO  storage.RaftStorageDirectory (RaftStorageDirectory.java:tryLock(328)) - Lock on /workdir/hadoop-ozone/integration-test/target/test-dir/MiniOzoneClusterImpl-19e87cfc-d6b3-42f5-aca7-5187b9f950d1/datanode-3/data/ratis/2bb8f205-e1ec-4765-8747-e056fb0b466b/in_use.lock acquired by nodename 19984@trunk-nightly-20190923-extra-pvkvv-3499472557
2019-09-23 08:25:34,411 [pool-325-thread-1] INFO  storage.RaftStorage (RaftStorage.java:format(72)) - Storage directory /workdir/hadoop-ozone/integration-test/target/test-dir/MiniOzoneClusterImpl-19e87cfc-d6b3-42f5-aca7-5187b9f950d1/datanode-3/data/ratis/2bb8f205-e1ec-4765-8747-e056fb0b466b has been successfully formatted.
2019-09-23 08:25:34,411 [pool-325-thread-1] INFO  ratis.ContainerStateMachine (ContainerStateMachine.java:loadSnapshot(230)) - group-E056FB0B466B: The snapshot info is null. Setting the last applied indexto:(t:0, i:~)
2019-09-23 08:25:34,412 [pool-325-thread-1] INFO  server.RaftServerConfigKeys (ConfUtils.java:logGet(43)) - raft.server.notification.no-leader.timeout = 120s (custom)
2019-09-23 08:25:34,412 [pool-325-thread-1] INFO  server.RaftServerConfigKeys (ConfUtils.java:logGet(43)) - raft.server.log.use.memory = false (default)
2019-09-23 08:25:34,412 [pool-325-thread-1] INFO  server.RaftServerConfigKeys (ConfUtils.java:logGet(43)) - raft.server.log.purge.gap = 1000000 (custom)
2019-09-23 08:25:34,412 [pool-325-thread-1] INFO  server.RaftServerConfigKeys (ConfUtils.java:logGet(43)) - raft.server.log.appender.buffer.byte-limit = 33554432 (custom)
2019-09-23 08:25:34,413 [pool-325-thread-1] INFO  server.RaftServerConfigKeys (ConfUtils.java:logGet(43)) - raft.server.log.segment.size.max = 1048576 (custom)
2019-09-23 08:25:34,413 [pool-325-thread-1] INFO  server.RaftServerConfigKeys (ConfUtils.java:logGet(43)) - raft.server.log.segment.cache.num.max = 2 (custom)
2019-09-23 08:25:34,413 [pool-325-thread-1] INFO  segmented.SegmentedRaftLogWorker (SegmentedRaftLogWorker.java:<init>(172)) - new 3eee0bb1-8090-45b5-a26e-402c03e66bc4@group-E056FB0B466B-SegmentedRaftLogWorker for RaftStorage:Storage Directory /workdir/hadoop-ozone/integration-test/target/test-dir/MiniOzoneClusterImpl-19e87cfc-d6b3-42f5-aca7-5187b9f950d1/datanode-3/data/ratis/2bb8f205-e1ec-4765-8747-e056fb0b466b
2019-09-23 08:25:34,416 [pool-325-thread-1] INFO  server.RaftServerConfigKeys (ConfUtils.java:logGet(43)) - raft.server.log.queue.byte-limit = 2147483647 (custom)
2019-09-23 08:25:34,417 [pool-325-thread-1] INFO  server.RaftServerConfigKeys (ConfUtils.java:logGet(43)) - raft.server.log.queue.element-limit = 1024 (custom)
2019-09-23 08:25:34,417 [pool-325-thread-1] INFO  server.RaftServerConfigKeys (ConfUtils.java:logGet(43)) - raft.server.log.segment.size.max = 1048576 (custom)
2019-09-23 08:25:34,417 [pool-325-thread-1] INFO  server.RaftServerConfigKeys (ConfUtils.java:logGet(43)) - raft.server.log.preallocated.size = 16384 (custom)
2019-09-23 08:25:34,417 [pool-325-thread-1] INFO  server.RaftServerConfigKeys (ConfUtils.java:logGet(43)) - raft.server.log.write.buffer.size = 33554432 (custom)
2019-09-23 08:25:34,418 [pool-325-thread-1] INFO  server.RaftServerConfigKeys (ConfUtils.java:logGet(43)) - raft.server.log.force.sync.num = 128 (default)
2019-09-23 08:25:34,418 [pool-325-thread-1] INFO  server.RaftServerConfigKeys (ConfUtils.java:logGet(43)) - raft.server.log.statemachine.data.sync = true (default)
2019-09-23 08:25:34,418 [pool-325-thread-1] INFO  server.RaftServerConfigKeys (ConfUtils.java:logGet(43)) - raft.server.log.statemachine.data.sync.timeout = 10s (default)
2019-09-23 08:25:34,418 [pool-325-thread-1] INFO  server.RaftServerConfigKeys (ConfUtils.java:logGet(43)) - raft.server.log.statemachine.data.sync.timeout.retry = -1 (default)
2019-09-23 08:25:34,418 [pool-325-thread-1] INFO  server.RaftServerConfigKeys (ConfUtils.java:logGet(43)) - raft.server.log.statemachine.data.caching.enabled = true (custom)
2019-09-23 08:25:34,419 [pool-325-thread-1] INFO  segmented.SegmentedRaftLogWorker (SegmentedRaftLogWorker.java:lambda$new$0(132)) - 3eee0bb1-8090-45b5-a26e-402c03e66bc4@group-E056FB0B466B-SegmentedRaftLogWorker: flushIndex: setUnconditionally 0 -> -1
2019-09-23 08:25:34,419 [pool-325-thread-1] INFO  server.RaftServerConfigKeys (ConfUtils.java:logGet(43)) - raft.server.snapshot.auto.trigger.enabled = true (custom)
2019-09-23 08:25:34,419 [pool-325-thread-1] INFO  server.RaftServerConfigKeys (ConfUtils.java:logGet(43)) - raft.server.snapshot.auto.trigger.threshold = 10000 (custom)
2019-09-23 08:25:34,419 [pool-325-thread-1] INFO  server.RaftServerConfigKeys (ConfUtils.java:logGet(43)) - raft.server.snapshot.retention.num.files = 5 (custom)
2019-09-23 08:25:34,420 [pool-325-thread-1] INFO  server.RaftServerConfigKeys (ConfUtils.java:logGet(43)) - raft.server.retrycache.expirytime = 600000ms (custom)
2019-09-23 08:25:34,422 [pool-325-thread-1] INFO  impl.RaftServerImpl (RaftServerImpl.java:start(185)) - 3eee0bb1-8090-45b5-a26e-402c03e66bc4@group-E056FB0B466B: start as a follower, conf=-1: [3eee0bb1-8090-45b5-a26e-402c03e66bc4:192.168.5.189:40679], old=null
2019-09-23 08:25:34,422 [pool-325-thread-1] INFO  impl.RaftServerImpl (RaftServerImpl.java:setRole(174)) - 3eee0bb1-8090-45b5-a26e-402c03e66bc4@group-E056FB0B466B: changes role from      null to FOLLOWER at term 0 for startAsFollower
2019-09-23 08:25:34,422 [pool-325-thread-1] INFO  impl.RoleInfo (RoleInfo.java:updateAndGet(143)) - 3eee0bb1-8090-45b5-a26e-402c03e66bc4: start FollowerState
2019-09-23 08:25:34,423 [pool-325-thread-1] INFO  util.JmxRegister (JmxRegister.java:tryRegister(44)) - Successfully registered JMX Bean with object name Ratis:service=RaftServer,group=group-E056FB0B466B,id=3eee0bb1-8090-45b5-a26e-402c03e66bc4
2019-09-23 08:25:34,425 [RatisPipelineUtilsThread] INFO  pipeline.PipelineStateManager (PipelineStateManager.java:addPipeline(56)) - Created pipeline Pipeline[ Id: 2bb8f205-e1ec-4765-8747-e056fb0b466b, Nodes: 3eee0bb1-8090-45b5-a26e-402c03e66bc4{ip: 192.168.5.189, host: trunk-nightly-20190923-extra-pvkvv-3499472557, networkLocation: /default-rack, certSerialId: null}, Type:RATIS, Factor:ONE, State:OPEN]
2019-09-23 08:25:34,432 [grpc-default-executor-6] INFO  impl.RaftServerProxy (RaftServerProxy.java:addNew(89)) - 4c8cbc70-53f1-4bea-8cfc-10695697cb6f: addNew group-CF61EB176837:[4c8cbc70-53f1-4bea-8cfc-10695697cb6f:192.168.5.189:44220] returns group-CF61EB176837:java.util.concurrent.CompletableFuture@46067d1f[Not completed]
2019-09-23 08:25:34,433 [pool-345-thread-1] INFO  impl.RaftServerImpl (RaftServerImpl.java:<init>(95)) - 4c8cbc70-53f1-4bea-8cfc-10695697cb6f: new RaftServerImpl for group-CF61EB176837:[4c8cbc70-53f1-4bea-8cfc-10695697cb6f:192.168.5.189:44220] with ContainerStateMachine:uninitialized
2019-09-23 08:25:34,433 [pool-345-thread-1] INFO  server.RaftServerConfigKeys (ConfUtils.java:logGet(43)) - raft.server.rpc.timeout.min = 5s (custom)
2019-09-23 08:25:34,433 [pool-345-thread-1] INFO  server.RaftServerConfigKeys (ConfUtils.java:logGet(43)) - raft.server.rpc.timeout.max = 5200ms (custom)
2019-09-23 08:25:34,433 [pool-345-thread-1] INFO  server.RaftServerConfigKeys (ConfUtils.java:logGet(43)) - raft.server.rpcslowness.timeout = 120s (custom)
2019-09-23 08:25:34,433 [pool-345-thread-1] INFO  server.RaftServerConfigKeys (ConfUtils.java:logGet(43)) - raft.server.sleep.deviation.threshold = 300 (default)
2019-09-23 08:25:34,433 [pool-345-thread-1] INFO  server.RaftServerConfigKeys (ConfUtils.java:logGet(43)) - raft.server.log.appender.install.snapshot.enabled = false (custom)
2019-09-23 08:25:34,433 [pool-345-thread-1] INFO  impl.RaftServerImpl (ServerState.java:<init>(103)) - 4c8cbc70-53f1-4bea-8cfc-10695697cb6f@group-CF61EB176837: ConfigurationManager, init=-1: [4c8cbc70-53f1-4bea-8cfc-10695697cb6f:192.168.5.189:44220], old=null, confs=<EMPTY_MAP>
2019-09-23 08:25:34,433 [pool-345-thread-1] INFO  server.RaftServerConfigKeys (ConfUtils.java:logGet(43)) - raft.server.storage.dir = [/workdir/hadoop-ozone/integration-test/target/test-dir/MiniOzoneClusterImpl-19e87cfc-d6b3-42f5-aca7-5187b9f950d1/datanode-5/data/ratis] (custom)
2019-09-23 08:25:34,433 [pool-345-thread-1] INFO  storage.RaftStorageDirectory (RaftStorageDirectory.java:analyzeStorage(246)) - The storage directory /workdir/hadoop-ozone/integration-test/target/test-dir/MiniOzoneClusterImpl-19e87cfc-d6b3-42f5-aca7-5187b9f950d1/datanode-5/data/ratis/c7335d44-db96-407b-a37f-cf61eb176837 does not exist. Creating ...
2019-09-23 08:25:34,620 [pool-345-thread-1] INFO  storage.RaftStorageDirectory (RaftStorageDirectory.java:tryLock(328)) - Lock on /workdir/hadoop-ozone/integration-test/target/test-dir/MiniOzoneClusterImpl-19e87cfc-d6b3-42f5-aca7-5187b9f950d1/datanode-5/data/ratis/c7335d44-db96-407b-a37f-cf61eb176837/in_use.lock acquired by nodename 19984@trunk-nightly-20190923-extra-pvkvv-3499472557
2019-09-23 08:25:34,712 [pool-345-thread-1] INFO  storage.RaftStorage (RaftStorage.java:format(72)) - Storage directory /workdir/hadoop-ozone/integration-test/target/test-dir/MiniOzoneClusterImpl-19e87cfc-d6b3-42f5-aca7-5187b9f950d1/datanode-5/data/ratis/c7335d44-db96-407b-a37f-cf61eb176837 has been successfully formatted.
2019-09-23 08:25:34,713 [pool-345-thread-1] INFO  ratis.ContainerStateMachine (ContainerStateMachine.java:loadSnapshot(230)) - group-CF61EB176837: The snapshot info is null. Setting the last applied indexto:(t:0, i:~)
2019-09-23 08:25:34,713 [pool-345-thread-1] INFO  server.RaftServerConfigKeys (ConfUtils.java:logGet(43)) - raft.server.notification.no-leader.timeout = 120s (custom)
2019-09-23 08:25:34,713 [pool-345-thread-1] INFO  server.RaftServerConfigKeys (ConfUtils.java:logGet(43)) - raft.server.log.use.memory = false (default)
2019-09-23 08:25:34,713 [pool-345-thread-1] INFO  server.RaftServerConfigKeys (ConfUtils.java:logGet(43)) - raft.server.log.purge.gap = 1000000 (custom)
2019-09-23 08:25:34,713 [pool-345-thread-1] INFO  server.RaftServerConfigKeys (ConfUtils.java:logGet(43)) - raft.server.log.appender.buffer.byte-limit = 33554432 (custom)
2019-09-23 08:25:34,713 [pool-345-thread-1] INFO  server.RaftServerConfigKeys (ConfUtils.java:logGet(43)) - raft.server.log.segment.size.max = 1048576 (custom)
2019-09-23 08:25:34,714 [pool-345-thread-1] INFO  server.RaftServerConfigKeys (ConfUtils.java:logGet(43)) - raft.server.log.segment.cache.num.max = 2 (custom)
2019-09-23 08:25:34,714 [pool-345-thread-1] INFO  segmented.SegmentedRaftLogWorker (SegmentedRaftLogWorker.java:<init>(172)) - new 4c8cbc70-53f1-4bea-8cfc-10695697cb6f@group-CF61EB176837-SegmentedRaftLogWorker for RaftStorage:Storage Directory /workdir/hadoop-ozone/integration-test/target/test-dir/MiniOzoneClusterImpl-19e87cfc-d6b3-42f5-aca7-5187b9f950d1/datanode-5/data/ratis/c7335d44-db96-407b-a37f-cf61eb176837
2019-09-23 08:25:34,716 [pool-345-thread-1] INFO  server.RaftServerConfigKeys (ConfUtils.java:logGet(43)) - raft.server.log.queue.byte-limit = 2147483647 (custom)
2019-09-23 08:25:34,717 [pool-345-thread-1] INFO  server.RaftServerConfigKeys (ConfUtils.java:logGet(43)) - raft.server.log.queue.element-limit = 1024 (custom)
2019-09-23 08:25:34,717 [pool-345-thread-1] INFO  server.RaftServerConfigKeys (ConfUtils.java:logGet(43)) - raft.server.log.segment.size.max = 1048576 (custom)
2019-09-23 08:25:34,717 [pool-345-thread-1] INFO  server.RaftServerConfigKeys (ConfUtils.java:logGet(43)) - raft.server.log.preallocated.size = 16384 (custom)
2019-09-23 08:25:34,717 [pool-345-thread-1] INFO  server.RaftServerConfigKeys (ConfUtils.java:logGet(43)) - raft.server.log.write.buffer.size = 33554432 (custom)
2019-09-23 08:25:34,717 [pool-345-thread-1] INFO  server.RaftServerConfigKeys (ConfUtils.java:logGet(43)) - raft.server.log.force.sync.num = 128 (default)
2019-09-23 08:25:34,717 [pool-345-thread-1] INFO  server.RaftServerConfigKeys (ConfUtils.java:logGet(43)) - raft.server.log.statemachine.data.sync = true (default)
2019-09-23 08:25:34,718 [pool-345-thread-1] INFO  server.RaftServerConfigKeys (ConfUtils.java:logGet(43)) - raft.server.log.statemachine.data.sync.timeout = 10s (default)
2019-09-23 08:25:34,718 [pool-345-thread-1] INFO  server.RaftServerConfigKeys (ConfUtils.java:logGet(43)) - raft.server.log.statemachine.data.sync.timeout.retry = -1 (default)
2019-09-23 08:25:34,718 [pool-345-thread-1] INFO  server.RaftServerConfigKeys (ConfUtils.java:logGet(43)) - raft.server.log.statemachine.data.caching.enabled = true (custom)
2019-09-23 08:25:34,718 [pool-345-thread-1] INFO  segmented.SegmentedRaftLogWorker (SegmentedRaftLogWorker.java:lambda$new$0(132)) - 4c8cbc70-53f1-4bea-8cfc-10695697cb6f@group-CF61EB176837-SegmentedRaftLogWorker: flushIndex: setUnconditionally 0 -> -1
2019-09-23 08:25:34,719 [pool-345-thread-1] INFO  server.RaftServerConfigKeys (ConfUtils.java:logGet(43)) - raft.server.snapshot.auto.trigger.enabled = true (custom)
2019-09-23 08:25:34,719 [pool-345-thread-1] INFO  server.RaftServerConfigKeys (ConfUtils.java:logGet(43)) - raft.server.snapshot.auto.trigger.threshold = 10000 (custom)
2019-09-23 08:25:34,719 [pool-345-thread-1] INFO  server.RaftServerConfigKeys (ConfUtils.java:logGet(43)) - raft.server.snapshot.retention.num.files = 5 (custom)
2019-09-23 08:25:34,719 [pool-345-thread-1] INFO  server.RaftServerConfigKeys (ConfUtils.java:logGet(43)) - raft.server.retrycache.expirytime = 600000ms (custom)
2019-09-23 08:25:34,722 [pool-345-thread-1] INFO  impl.RaftServerImpl (RaftServerImpl.java:start(185)) - 4c8cbc70-53f1-4bea-8cfc-10695697cb6f@group-CF61EB176837: start as a follower, conf=-1: [4c8cbc70-53f1-4bea-8cfc-10695697cb6f:192.168.5.189:44220], old=null
2019-09-23 08:25:34,722 [pool-345-thread-1] INFO  impl.RaftServerImpl (RaftServerImpl.java:setRole(174)) - 4c8cbc70-53f1-4bea-8cfc-10695697cb6f@group-CF61EB176837: changes role from      null to FOLLOWER at term 0 for startAsFollower
2019-09-23 08:25:34,722 [pool-345-thread-1] INFO  impl.RoleInfo (RoleInfo.java:updateAndGet(143)) - 4c8cbc70-53f1-4bea-8cfc-10695697cb6f: start FollowerState
2019-09-23 08:25:34,723 [pool-345-thread-1] INFO  util.JmxRegister (JmxRegister.java:tryRegister(44)) - Successfully registered JMX Bean with object name Ratis:service=RaftServer,group=group-CF61EB176837,id=4c8cbc70-53f1-4bea-8cfc-10695697cb6f
2019-09-23 08:25:34,727 [RatisPipelineUtilsThread] INFO  pipeline.PipelineStateManager (PipelineStateManager.java:addPipeline(56)) - Created pipeline Pipeline[ Id: c7335d44-db96-407b-a37f-cf61eb176837, Nodes: 4c8cbc70-53f1-4bea-8cfc-10695697cb6f{ip: 192.168.5.189, host: trunk-nightly-20190923-extra-pvkvv-3499472557, networkLocation: /default-rack, certSerialId: null}, Type:RATIS, Factor:ONE, State:OPEN]
2019-09-23 08:25:34,735 [grpc-default-executor-6] INFO  impl.RaftServerProxy (RaftServerProxy.java:addNew(89)) - 6197e7ae-b81d-49ea-af68-f6d72316ae49: addNew group-56FC4929FD38:[6197e7ae-b81d-49ea-af68-f6d72316ae49:192.168.5.189:43270] returns group-56FC4929FD38:java.util.concurrent.CompletableFuture@df82de0[Not completed]
2019-09-23 08:25:34,736 [pool-315-thread-1] INFO  impl.RaftServerImpl (RaftServerImpl.java:<init>(95)) - 6197e7ae-b81d-49ea-af68-f6d72316ae49: new RaftServerImpl for group-56FC4929FD38:[6197e7ae-b81d-49ea-af68-f6d72316ae49:192.168.5.189:43270] with ContainerStateMachine:uninitialized
2019-09-23 08:25:34,736 [pool-315-thread-1] INFO  server.RaftServerConfigKeys (ConfUtils.java:logGet(43)) - raft.server.rpc.timeout.min = 5s (custom)
2019-09-23 08:25:34,736 [pool-315-thread-1] INFO  server.RaftServerConfigKeys (ConfUtils.java:logGet(43)) - raft.server.rpc.timeout.max = 5200ms (custom)
2019-09-23 08:25:34,737 [pool-315-thread-1] INFO  server.RaftServerConfigKeys (ConfUtils.java:logGet(43)) - raft.server.rpcslowness.timeout = 120s (custom)
2019-09-23 08:25:34,737 [pool-315-thread-1] INFO  server.RaftServerConfigKeys (ConfUtils.java:logGet(43)) - raft.server.sleep.deviation.threshold = 300 (default)
2019-09-23 08:25:34,737 [pool-315-thread-1] INFO  server.RaftServerConfigKeys (ConfUtils.java:logGet(43)) - raft.server.log.appender.install.snapshot.enabled = false (custom)
2019-09-23 08:25:34,737 [pool-315-thread-1] INFO  impl.RaftServerImpl (ServerState.java:<init>(103)) - 6197e7ae-b81d-49ea-af68-f6d72316ae49@group-56FC4929FD38: ConfigurationManager, init=-1: [6197e7ae-b81d-49ea-af68-f6d72316ae49:192.168.5.189:43270], old=null, confs=<EMPTY_MAP>
2019-09-23 08:25:34,737 [pool-315-thread-1] INFO  server.RaftServerConfigKeys (ConfUtils.java:logGet(43)) - raft.server.storage.dir = [/workdir/hadoop-ozone/integration-test/target/test-dir/MiniOzoneClusterImpl-19e87cfc-d6b3-42f5-aca7-5187b9f950d1/datanode-2/data/ratis] (custom)
2019-09-23 08:25:34,738 [pool-315-thread-1] INFO  storage.RaftStorageDirectory (RaftStorageDirectory.java:analyzeStorage(246)) - The storage directory /workdir/hadoop-ozone/integration-test/target/test-dir/MiniOzoneClusterImpl-19e87cfc-d6b3-42f5-aca7-5187b9f950d1/datanode-2/data/ratis/a5f769e1-851d-45a8-a236-56fc4929fd38 does not exist. Creating ...
2019-09-23 08:25:34,810 [pool-315-thread-1] INFO  storage.RaftStorageDirectory (RaftStorageDirectory.java:tryLock(328)) - Lock on /workdir/hadoop-ozone/integration-test/target/test-dir/MiniOzoneClusterImpl-19e87cfc-d6b3-42f5-aca7-5187b9f950d1/datanode-2/data/ratis/a5f769e1-851d-45a8-a236-56fc4929fd38/in_use.lock acquired by nodename 19984@trunk-nightly-20190923-extra-pvkvv-3499472557
2019-09-23 08:25:34,861 [pool-315-thread-1] INFO  storage.RaftStorage (RaftStorage.java:format(72)) - Storage directory /workdir/hadoop-ozone/integration-test/target/test-dir/MiniOzoneClusterImpl-19e87cfc-d6b3-42f5-aca7-5187b9f950d1/datanode-2/data/ratis/a5f769e1-851d-45a8-a236-56fc4929fd38 has been successfully formatted.
2019-09-23 08:25:34,862 [pool-315-thread-1] INFO  ratis.ContainerStateMachine (ContainerStateMachine.java:loadSnapshot(230)) - group-56FC4929FD38: The snapshot info is null. Setting the last applied indexto:(t:0, i:~)
2019-09-23 08:25:34,862 [pool-315-thread-1] INFO  server.RaftServerConfigKeys (ConfUtils.java:logGet(43)) - raft.server.notification.no-leader.timeout = 120s (custom)
2019-09-23 08:25:34,862 [pool-315-thread-1] INFO  server.RaftServerConfigKeys (ConfUtils.java:logGet(43)) - raft.server.log.use.memory = false (default)
2019-09-23 08:25:34,862 [pool-315-thread-1] INFO  server.RaftServerConfigKeys (ConfUtils.java:logGet(43)) - raft.server.log.purge.gap = 1000000 (custom)
2019-09-23 08:25:34,862 [pool-315-thread-1] INFO  server.RaftServerConfigKeys (ConfUtils.java:logGet(43)) - raft.server.log.appender.buffer.byte-limit = 33554432 (custom)
2019-09-23 08:25:34,862 [pool-315-thread-1] INFO  server.RaftServerConfigKeys (ConfUtils.java:logGet(43)) - raft.server.log.segment.size.max = 1048576 (custom)
2019-09-23 08:25:34,862 [pool-315-thread-1] INFO  server.RaftServerConfigKeys (ConfUtils.java:logGet(43)) - raft.server.log.segment.cache.num.max = 2 (custom)
2019-09-23 08:25:34,862 [pool-315-thread-1] INFO  segmented.SegmentedRaftLogWorker (SegmentedRaftLogWorker.java:<init>(172)) - new 6197e7ae-b81d-49ea-af68-f6d72316ae49@group-56FC4929FD38-SegmentedRaftLogWorker for RaftStorage:Storage Directory /workdir/hadoop-ozone/integration-test/target/test-dir/MiniOzoneClusterImpl-19e87cfc-d6b3-42f5-aca7-5187b9f950d1/datanode-2/data/ratis/a5f769e1-851d-45a8-a236-56fc4929fd38
2019-09-23 08:25:34,864 [pool-315-thread-1] INFO  server.RaftServerConfigKeys (ConfUtils.java:logGet(43)) - raft.server.log.queue.byte-limit = 2147483647 (custom)
2019-09-23 08:25:34,864 [pool-315-thread-1] INFO  server.RaftServerConfigKeys (ConfUtils.java:logGet(43)) - raft.server.log.queue.element-limit = 1024 (custom)
2019-09-23 08:25:34,865 [pool-315-thread-1] INFO  server.RaftServerConfigKeys (ConfUtils.java:logGet(43)) - raft.server.log.segment.size.max = 1048576 (custom)
2019-09-23 08:25:34,865 [pool-315-thread-1] INFO  server.RaftServerConfigKeys (ConfUtils.java:logGet(43)) - raft.server.log.preallocated.size = 16384 (custom)
2019-09-23 08:25:34,865 [pool-315-thread-1] INFO  server.RaftServerConfigKeys (ConfUtils.java:logGet(43)) - raft.server.log.write.buffer.size = 33554432 (custom)
2019-09-23 08:25:34,865 [pool-315-thread-1] INFO  server.RaftServerConfigKeys (ConfUtils.java:logGet(43)) - raft.server.log.force.sync.num = 128 (default)
2019-09-23 08:25:34,865 [pool-315-thread-1] INFO  server.RaftServerConfigKeys (ConfUtils.java:logGet(43)) - raft.server.log.statemachine.data.sync = true (default)
2019-09-23 08:25:34,865 [pool-315-thread-1] INFO  server.RaftServerConfigKeys (ConfUtils.java:logGet(43)) - raft.server.log.statemachine.data.sync.timeout = 10s (default)
2019-09-23 08:25:34,865 [pool-315-thread-1] INFO  server.RaftServerConfigKeys (ConfUtils.java:logGet(43)) - raft.server.log.statemachine.data.sync.timeout.retry = -1 (default)
2019-09-23 08:25:34,865 [pool-315-thread-1] INFO  server.RaftServerConfigKeys (ConfUtils.java:logGet(43)) - raft.server.log.statemachine.data.caching.enabled = true (custom)
2019-09-23 08:25:34,866 [pool-315-thread-1] INFO  segmented.SegmentedRaftLogWorker (SegmentedRaftLogWorker.java:lambda$new$0(132)) - 6197e7ae-b81d-49ea-af68-f6d72316ae49@group-56FC4929FD38-SegmentedRaftLogWorker: flushIndex: setUnconditionally 0 -> -1
2019-09-23 08:25:34,866 [pool-315-thread-1] INFO  server.RaftServerConfigKeys (ConfUtils.java:logGet(43)) - raft.server.snapshot.auto.trigger.enabled = true (custom)
2019-09-23 08:25:34,866 [pool-315-thread-1] INFO  server.RaftServerConfigKeys (ConfUtils.java:logGet(43)) - raft.server.snapshot.auto.trigger.threshold = 10000 (custom)
2019-09-23 08:25:34,866 [pool-315-thread-1] INFO  server.RaftServerConfigKeys (ConfUtils.java:logGet(43)) - raft.server.snapshot.retention.num.files = 5 (custom)
2019-09-23 08:25:34,866 [pool-315-thread-1] INFO  server.RaftServerConfigKeys (ConfUtils.java:logGet(43)) - raft.server.retrycache.expirytime = 600000ms (custom)
2019-09-23 08:25:34,868 [pool-315-thread-1] INFO  impl.RaftServerImpl (RaftServerImpl.java:start(185)) - 6197e7ae-b81d-49ea-af68-f6d72316ae49@group-56FC4929FD38: start as a follower, conf=-1: [6197e7ae-b81d-49ea-af68-f6d72316ae49:192.168.5.189:43270], old=null
2019-09-23 08:25:34,868 [pool-315-thread-1] INFO  impl.RaftServerImpl (RaftServerImpl.java:setRole(174)) - 6197e7ae-b81d-49ea-af68-f6d72316ae49@group-56FC4929FD38: changes role from      null to FOLLOWER at term 0 for startAsFollower
2019-09-23 08:25:34,868 [pool-315-thread-1] INFO  impl.RoleInfo (RoleInfo.java:updateAndGet(143)) - 6197e7ae-b81d-49ea-af68-f6d72316ae49: start FollowerState
2019-09-23 08:25:34,868 [pool-315-thread-1] INFO  util.JmxRegister (JmxRegister.java:tryRegister(44)) - Successfully registered JMX Bean with object name Ratis:service=RaftServer,group=group-56FC4929FD38,id=6197e7ae-b81d-49ea-af68-f6d72316ae49
2019-09-23 08:25:34,871 [RatisPipelineUtilsThread] INFO  pipeline.PipelineStateManager (PipelineStateManager.java:addPipeline(56)) - Created pipeline Pipeline[ Id: a5f769e1-851d-45a8-a236-56fc4929fd38, Nodes: 6197e7ae-b81d-49ea-af68-f6d72316ae49{ip: 192.168.5.189, host: trunk-nightly-20190923-extra-pvkvv-3499472557, networkLocation: /default-rack, certSerialId: null}, Type:RATIS, Factor:ONE, State:OPEN]
2019-09-23 08:25:34,880 [grpc-default-executor-6] INFO  impl.RaftServerProxy (RaftServerProxy.java:addNew(89)) - 5a3c7c97-77ff-4a15-aac9-1030e35f3ee9: addNew group-AEF52BDCEE4F:[5a3c7c97-77ff-4a15-aac9-1030e35f3ee9:192.168.5.189:39901] returns group-AEF52BDCEE4F:java.util.concurrent.CompletableFuture@31395fe0[Not completed]
2019-09-23 08:25:34,882 [pool-355-thread-1] INFO  impl.RaftServerImpl (RaftServerImpl.java:<init>(95)) - 5a3c7c97-77ff-4a15-aac9-1030e35f3ee9: new RaftServerImpl for group-AEF52BDCEE4F:[5a3c7c97-77ff-4a15-aac9-1030e35f3ee9:192.168.5.189:39901] with ContainerStateMachine:uninitialized
2019-09-23 08:25:34,882 [pool-355-thread-1] INFO  server.RaftServerConfigKeys (ConfUtils.java:logGet(43)) - raft.server.rpc.timeout.min = 5s (custom)
2019-09-23 08:25:34,882 [pool-355-thread-1] INFO  server.RaftServerConfigKeys (ConfUtils.java:logGet(43)) - raft.server.rpc.timeout.max = 5200ms (custom)
2019-09-23 08:25:34,883 [pool-355-thread-1] INFO  server.RaftServerConfigKeys (ConfUtils.java:logGet(43)) - raft.server.rpcslowness.timeout = 120s (custom)
2019-09-23 08:25:34,883 [pool-355-thread-1] INFO  server.RaftServerConfigKeys (ConfUtils.java:logGet(43)) - raft.server.sleep.deviation.threshold = 300 (default)
2019-09-23 08:25:34,883 [pool-355-thread-1] INFO  server.RaftServerConfigKeys (ConfUtils.java:logGet(43)) - raft.server.log.appender.install.snapshot.enabled = false (custom)
2019-09-23 08:25:34,883 [pool-355-thread-1] INFO  impl.RaftServerImpl (ServerState.java:<init>(103)) - 5a3c7c97-77ff-4a15-aac9-1030e35f3ee9@group-AEF52BDCEE4F: ConfigurationManager, init=-1: [5a3c7c97-77ff-4a15-aac9-1030e35f3ee9:192.168.5.189:39901], old=null, confs=<EMPTY_MAP>
2019-09-23 08:25:34,883 [pool-355-thread-1] INFO  server.RaftServerConfigKeys (ConfUtils.java:logGet(43)) - raft.server.storage.dir = [/workdir/hadoop-ozone/integration-test/target/test-dir/MiniOzoneClusterImpl-19e87cfc-d6b3-42f5-aca7-5187b9f950d1/datanode-6/data/ratis] (custom)
2019-09-23 08:25:34,884 [pool-355-thread-1] INFO  storage.RaftStorageDirectory (RaftStorageDirectory.java:analyzeStorage(246)) - The storage directory /workdir/hadoop-ozone/integration-test/target/test-dir/MiniOzoneClusterImpl-19e87cfc-d6b3-42f5-aca7-5187b9f950d1/datanode-6/data/ratis/49ea0c8f-b348-489a-8a0b-aef52bdcee4f does not exist. Creating ...
2019-09-23 08:25:35,002 [pool-355-thread-1] INFO  storage.RaftStorageDirectory (RaftStorageDirectory.java:tryLock(328)) - Lock on /workdir/hadoop-ozone/integration-test/target/test-dir/MiniOzoneClusterImpl-19e87cfc-d6b3-42f5-aca7-5187b9f950d1/datanode-6/data/ratis/49ea0c8f-b348-489a-8a0b-aef52bdcee4f/in_use.lock acquired by nodename 19984@trunk-nightly-20190923-extra-pvkvv-3499472557
2019-09-23 08:25:35,235 [pool-355-thread-1] INFO  storage.RaftStorage (RaftStorage.java:format(72)) - Storage directory /workdir/hadoop-ozone/integration-test/target/test-dir/MiniOzoneClusterImpl-19e87cfc-d6b3-42f5-aca7-5187b9f950d1/datanode-6/data/ratis/49ea0c8f-b348-489a-8a0b-aef52bdcee4f has been successfully formatted.
2019-09-23 08:25:35,235 [pool-355-thread-1] INFO  ratis.ContainerStateMachine (ContainerStateMachine.java:loadSnapshot(230)) - group-AEF52BDCEE4F: The snapshot info is null. Setting the last applied indexto:(t:0, i:~)
2019-09-23 08:25:35,236 [pool-355-thread-1] INFO  server.RaftServerConfigKeys (ConfUtils.java:logGet(43)) - raft.server.notification.no-leader.timeout = 120s (custom)
2019-09-23 08:25:35,236 [pool-355-thread-1] INFO  server.RaftServerConfigKeys (ConfUtils.java:logGet(43)) - raft.server.log.use.memory = false (default)
2019-09-23 08:25:35,236 [pool-355-thread-1] INFO  server.RaftServerConfigKeys (ConfUtils.java:logGet(43)) - raft.server.log.purge.gap = 1000000 (custom)
2019-09-23 08:25:35,236 [pool-355-thread-1] INFO  server.RaftServerConfigKeys (ConfUtils.java:logGet(43)) - raft.server.log.appender.buffer.byte-limit = 33554432 (custom)
2019-09-23 08:25:35,236 [pool-355-thread-1] INFO  server.RaftServerConfigKeys (ConfUtils.java:logGet(43)) - raft.server.log.segment.size.max = 1048576 (custom)
2019-09-23 08:25:35,236 [pool-355-thread-1] INFO  server.RaftServerConfigKeys (ConfUtils.java:logGet(43)) - raft.server.log.segment.cache.num.max = 2 (custom)
2019-09-23 08:25:35,236 [pool-355-thread-1] INFO  segmented.SegmentedRaftLogWorker (SegmentedRaftLogWorker.java:<init>(172)) - new 5a3c7c97-77ff-4a15-aac9-1030e35f3ee9@group-AEF52BDCEE4F-SegmentedRaftLogWorker for RaftStorage:Storage Directory /workdir/hadoop-ozone/integration-test/target/test-dir/MiniOzoneClusterImpl-19e87cfc-d6b3-42f5-aca7-5187b9f950d1/datanode-6/data/ratis/49ea0c8f-b348-489a-8a0b-aef52bdcee4f
2019-09-23 08:25:35,238 [pool-355-thread-1] INFO  server.RaftServerConfigKeys (ConfUtils.java:logGet(43)) - raft.server.log.queue.byte-limit = 2147483647 (custom)
2019-09-23 08:25:35,238 [pool-355-thread-1] INFO  server.RaftServerConfigKeys (ConfUtils.java:logGet(43)) - raft.server.log.queue.element-limit = 1024 (custom)
2019-09-23 08:25:35,239 [pool-355-thread-1] INFO  server.RaftServerConfigKeys (ConfUtils.java:logGet(43)) - raft.server.log.segment.size.max = 1048576 (custom)
2019-09-23 08:25:35,239 [pool-355-thread-1] INFO  server.RaftServerConfigKeys (ConfUtils.java:logGet(43)) - raft.server.log.preallocated.size = 16384 (custom)
2019-09-23 08:25:35,239 [pool-355-thread-1] INFO  server.RaftServerConfigKeys (ConfUtils.java:logGet(43)) - raft.server.log.write.buffer.size = 33554432 (custom)
2019-09-23 08:25:35,239 [pool-355-thread-1] INFO  server.RaftServerConfigKeys (ConfUtils.java:logGet(43)) - raft.server.log.force.sync.num = 128 (default)
2019-09-23 08:25:35,239 [pool-355-thread-1] INFO  server.RaftServerConfigKeys (ConfUtils.java:logGet(43)) - raft.server.log.statemachine.data.sync = true (default)
2019-09-23 08:25:35,239 [pool-355-thread-1] INFO  server.RaftServerConfigKeys (ConfUtils.java:logGet(43)) - raft.server.log.statemachine.data.sync.timeout = 10s (default)
2019-09-23 08:25:35,239 [pool-355-thread-1] INFO  server.RaftServerConfigKeys (ConfUtils.java:logGet(43)) - raft.server.log.statemachine.data.sync.timeout.retry = -1 (default)
2019-09-23 08:25:35,239 [pool-355-thread-1] INFO  server.RaftServerConfigKeys (ConfUtils.java:logGet(43)) - raft.server.log.statemachine.data.caching.enabled = true (custom)
2019-09-23 08:25:35,240 [pool-355-thread-1] INFO  segmented.SegmentedRaftLogWorker (SegmentedRaftLogWorker.java:lambda$new$0(132)) - 5a3c7c97-77ff-4a15-aac9-1030e35f3ee9@group-AEF52BDCEE4F-SegmentedRaftLogWorker: flushIndex: setUnconditionally 0 -> -1
2019-09-23 08:25:35,240 [pool-355-thread-1] INFO  server.RaftServerConfigKeys (ConfUtils.java:logGet(43)) - raft.server.snapshot.auto.trigger.enabled = true (custom)
2019-09-23 08:25:35,240 [pool-355-thread-1] INFO  server.RaftServerConfigKeys (ConfUtils.java:logGet(43)) - raft.server.snapshot.auto.trigger.threshold = 10000 (custom)
2019-09-23 08:25:35,240 [pool-355-thread-1] INFO  server.RaftServerConfigKeys (ConfUtils.java:logGet(43)) - raft.server.snapshot.retention.num.files = 5 (custom)
2019-09-23 08:25:35,240 [pool-355-thread-1] INFO  server.RaftServerConfigKeys (ConfUtils.java:logGet(43)) - raft.server.retrycache.expirytime = 600000ms (custom)
2019-09-23 08:25:35,241 [pool-355-thread-1] INFO  impl.RaftServerImpl (RaftServerImpl.java:start(185)) - 5a3c7c97-77ff-4a15-aac9-1030e35f3ee9@group-AEF52BDCEE4F: start as a follower, conf=-1: [5a3c7c97-77ff-4a15-aac9-1030e35f3ee9:192.168.5.189:39901], old=null
2019-09-23 08:25:35,242 [pool-355-thread-1] INFO  impl.RaftServerImpl (RaftServerImpl.java:setRole(174)) - 5a3c7c97-77ff-4a15-aac9-1030e35f3ee9@group-AEF52BDCEE4F: changes role from      null to FOLLOWER at term 0 for startAsFollower
2019-09-23 08:25:35,242 [pool-355-thread-1] INFO  impl.RoleInfo (RoleInfo.java:updateAndGet(143)) - 5a3c7c97-77ff-4a15-aac9-1030e35f3ee9: start FollowerState
2019-09-23 08:25:35,257 [pool-355-thread-1] INFO  util.JmxRegister (JmxRegister.java:tryRegister(44)) - Successfully registered JMX Bean with object name Ratis:service=RaftServer,group=group-AEF52BDCEE4F,id=5a3c7c97-77ff-4a15-aac9-1030e35f3ee9
2019-09-23 08:25:35,257 [main] INFO  ozone.MiniOzoneClusterImpl (MiniOzoneClusterImpl.java:lambda$waitForClusterToBeReady$0(147)) - Cluster is ready. Got 7 of 7 DN Heartbeats.
2019-09-23 08:25:35,268 [RatisPipelineUtilsThread] INFO  pipeline.PipelineStateManager (PipelineStateManager.java:addPipeline(56)) - Created pipeline Pipeline[ Id: 49ea0c8f-b348-489a-8a0b-aef52bdcee4f, Nodes: 5a3c7c97-77ff-4a15-aac9-1030e35f3ee9{ip: 192.168.5.189, host: trunk-nightly-20190923-extra-pvkvv-3499472557, networkLocation: /default-rack, certSerialId: null}, Type:RATIS, Factor:ONE, State:OPEN]
2019-09-23 08:25:35,315 [grpc-default-executor-4] INFO  impl.RaftServerProxy (RaftServerProxy.java:addNew(89)) - 3eee0bb1-8090-45b5-a26e-402c03e66bc4: addNew group-0C0B33C042B8:[3eee0bb1-8090-45b5-a26e-402c03e66bc4:192.168.5.189:40679, c660b52b-6779-4bda-92dc-aea8b06afbce:192.168.5.189:43413, 4c8cbc70-53f1-4bea-8cfc-10695697cb6f:192.168.5.189:44220] returns group-0C0B33C042B8:java.util.concurrent.CompletableFuture@679cf837[Not completed]
2019-09-23 08:25:35,315 [grpc-default-executor-6] INFO  impl.RaftServerProxy (RaftServerProxy.java:addNew(89)) - 4c8cbc70-53f1-4bea-8cfc-10695697cb6f: addNew group-0C0B33C042B8:[3eee0bb1-8090-45b5-a26e-402c03e66bc4:192.168.5.189:40679, c660b52b-6779-4bda-92dc-aea8b06afbce:192.168.5.189:43413, 4c8cbc70-53f1-4bea-8cfc-10695697cb6f:192.168.5.189:44220] returns group-0C0B33C042B8:java.util.concurrent.CompletableFuture@1f5d4e0c[Not completed]
2019-09-23 08:25:35,315 [grpc-default-executor-7] INFO  impl.RaftServerProxy (RaftServerProxy.java:addNew(89)) - c660b52b-6779-4bda-92dc-aea8b06afbce: addNew group-0C0B33C042B8:[3eee0bb1-8090-45b5-a26e-402c03e66bc4:192.168.5.189:40679, c660b52b-6779-4bda-92dc-aea8b06afbce:192.168.5.189:43413, 4c8cbc70-53f1-4bea-8cfc-10695697cb6f:192.168.5.189:44220] returns group-0C0B33C042B8:java.util.concurrent.CompletableFuture@5bc21a39[Not completed]
2019-09-23 08:25:35,316 [pool-325-thread-1] INFO  impl.RaftServerImpl (RaftServerImpl.java:<init>(95)) - 3eee0bb1-8090-45b5-a26e-402c03e66bc4: new RaftServerImpl for group-0C0B33C042B8:[3eee0bb1-8090-45b5-a26e-402c03e66bc4:192.168.5.189:40679, c660b52b-6779-4bda-92dc-aea8b06afbce:192.168.5.189:43413, 4c8cbc70-53f1-4bea-8cfc-10695697cb6f:192.168.5.189:44220] with ContainerStateMachine:uninitialized
2019-09-23 08:25:35,316 [pool-325-thread-1] INFO  server.RaftServerConfigKeys (ConfUtils.java:logGet(43)) - raft.server.rpc.timeout.min = 5s (custom)
2019-09-23 08:25:35,317 [pool-325-thread-1] INFO  server.RaftServerConfigKeys (ConfUtils.java:logGet(43)) - raft.server.rpc.timeout.max = 5200ms (custom)
2019-09-23 08:25:35,317 [pool-335-thread-1] INFO  impl.RaftServerImpl (RaftServerImpl.java:<init>(95)) - c660b52b-6779-4bda-92dc-aea8b06afbce: new RaftServerImpl for group-0C0B33C042B8:[3eee0bb1-8090-45b5-a26e-402c03e66bc4:192.168.5.189:40679, c660b52b-6779-4bda-92dc-aea8b06afbce:192.168.5.189:43413, 4c8cbc70-53f1-4bea-8cfc-10695697cb6f:192.168.5.189:44220] with ContainerStateMachine:uninitialized
2019-09-23 08:25:35,317 [pool-325-thread-1] INFO  server.RaftServerConfigKeys (ConfUtils.java:logGet(43)) - raft.server.rpcslowness.timeout = 120s (custom)
2019-09-23 08:25:35,317 [pool-335-thread-1] INFO  server.RaftServerConfigKeys (ConfUtils.java:logGet(43)) - raft.server.rpc.timeout.min = 5s (custom)
2019-09-23 08:25:35,317 [pool-325-thread-1] INFO  server.RaftServerConfigKeys (ConfUtils.java:logGet(43)) - raft.server.sleep.deviation.threshold = 300 (default)
2019-09-23 08:25:35,317 [pool-335-thread-1] INFO  server.RaftServerConfigKeys (ConfUtils.java:logGet(43)) - raft.server.rpc.timeout.max = 5200ms (custom)
2019-09-23 08:25:35,317 [pool-325-thread-1] INFO  server.RaftServerConfigKeys (ConfUtils.java:logGet(43)) - raft.server.log.appender.install.snapshot.enabled = false (custom)
2019-09-23 08:25:35,317 [pool-335-thread-1] INFO  server.RaftServerConfigKeys (ConfUtils.java:logGet(43)) - raft.server.rpcslowness.timeout = 120s (custom)
2019-09-23 08:25:35,317 [pool-325-thread-1] INFO  impl.RaftServerImpl (ServerState.java:<init>(103)) - 3eee0bb1-8090-45b5-a26e-402c03e66bc4@group-0C0B33C042B8: ConfigurationManager, init=-1: [3eee0bb1-8090-45b5-a26e-402c03e66bc4:192.168.5.189:40679, c660b52b-6779-4bda-92dc-aea8b06afbce:192.168.5.189:43413, 4c8cbc70-53f1-4bea-8cfc-10695697cb6f:192.168.5.189:44220], old=null, confs=<EMPTY_MAP>
2019-09-23 08:25:35,319 [pool-335-thread-1] INFO  server.RaftServerConfigKeys (ConfUtils.java:logGet(43)) - raft.server.sleep.deviation.threshold = 300 (default)
2019-09-23 08:25:35,319 [pool-325-thread-1] INFO  server.RaftServerConfigKeys (ConfUtils.java:logGet(43)) - raft.server.storage.dir = [/workdir/hadoop-ozone/integration-test/target/test-dir/MiniOzoneClusterImpl-19e87cfc-d6b3-42f5-aca7-5187b9f950d1/datanode-3/data/ratis] (custom)
2019-09-23 08:25:35,319 [pool-345-thread-1] INFO  impl.RaftServerImpl (RaftServerImpl.java:<init>(95)) - 4c8cbc70-53f1-4bea-8cfc-10695697cb6f: new RaftServerImpl for group-0C0B33C042B8:[3eee0bb1-8090-45b5-a26e-402c03e66bc4:192.168.5.189:40679, c660b52b-6779-4bda-92dc-aea8b06afbce:192.168.5.189:43413, 4c8cbc70-53f1-4bea-8cfc-10695697cb6f:192.168.5.189:44220] with ContainerStateMachine:uninitialized
2019-09-23 08:25:35,319 [pool-335-thread-1] INFO  server.RaftServerConfigKeys (ConfUtils.java:logGet(43)) - raft.server.log.appender.install.snapshot.enabled = false (custom)
2019-09-23 08:25:35,319 [pool-345-thread-1] INFO  server.RaftServerConfigKeys (ConfUtils.java:logGet(43)) - raft.server.rpc.timeout.min = 5s (custom)
2019-09-23 08:25:35,319 [pool-335-thread-1] INFO  impl.RaftServerImpl (ServerState.java:<init>(103)) - c660b52b-6779-4bda-92dc-aea8b06afbce@group-0C0B33C042B8: ConfigurationManager, init=-1: [3eee0bb1-8090-45b5-a26e-402c03e66bc4:192.168.5.189:40679, c660b52b-6779-4bda-92dc-aea8b06afbce:192.168.5.189:43413, 4c8cbc70-53f1-4bea-8cfc-10695697cb6f:192.168.5.189:44220], old=null, confs=<EMPTY_MAP>
2019-09-23 08:25:35,319 [pool-325-thread-1] INFO  storage.RaftStorageDirectory (RaftStorageDirectory.java:analyzeStorage(246)) - The storage directory /workdir/hadoop-ozone/integration-test/target/test-dir/MiniOzoneClusterImpl-19e87cfc-d6b3-42f5-aca7-5187b9f950d1/datanode-3/data/ratis/cc101275-a5b4-4c45-9c34-0c0b33c042b8 does not exist. Creating ...
2019-09-23 08:25:35,321 [pool-335-thread-1] INFO  server.RaftServerConfigKeys (ConfUtils.java:logGet(43)) - raft.server.storage.dir = [/workdir/hadoop-ozone/integration-test/target/test-dir/MiniOzoneClusterImpl-19e87cfc-d6b3-42f5-aca7-5187b9f950d1/datanode-4/data/ratis] (custom)
2019-09-23 08:25:35,321 [pool-345-thread-1] INFO  server.RaftServerConfigKeys (ConfUtils.java:logGet(43)) - raft.server.rpc.timeout.max = 5200ms (custom)
2019-09-23 08:25:35,322 [pool-345-thread-1] INFO  server.RaftServerConfigKeys (ConfUtils.java:logGet(43)) - raft.server.rpcslowness.timeout = 120s (custom)
2019-09-23 08:25:35,322 [pool-335-thread-1] INFO  storage.RaftStorageDirectory (RaftStorageDirectory.java:analyzeStorage(246)) - The storage directory /workdir/hadoop-ozone/integration-test/target/test-dir/MiniOzoneClusterImpl-19e87cfc-d6b3-42f5-aca7-5187b9f950d1/datanode-4/data/ratis/cc101275-a5b4-4c45-9c34-0c0b33c042b8 does not exist. Creating ...
2019-09-23 08:25:35,322 [pool-345-thread-1] INFO  server.RaftServerConfigKeys (ConfUtils.java:logGet(43)) - raft.server.sleep.deviation.threshold = 300 (default)
2019-09-23 08:25:35,322 [pool-345-thread-1] INFO  server.RaftServerConfigKeys (ConfUtils.java:logGet(43)) - raft.server.log.appender.install.snapshot.enabled = false (custom)
2019-09-23 08:25:35,322 [pool-345-thread-1] INFO  impl.RaftServerImpl (ServerState.java:<init>(103)) - 4c8cbc70-53f1-4bea-8cfc-10695697cb6f@group-0C0B33C042B8: ConfigurationManager, init=-1: [3eee0bb1-8090-45b5-a26e-402c03e66bc4:192.168.5.189:40679, c660b52b-6779-4bda-92dc-aea8b06afbce:192.168.5.189:43413, 4c8cbc70-53f1-4bea-8cfc-10695697cb6f:192.168.5.189:44220], old=null, confs=<EMPTY_MAP>
2019-09-23 08:25:35,322 [pool-345-thread-1] INFO  server.RaftServerConfigKeys (ConfUtils.java:logGet(43)) - raft.server.storage.dir = [/workdir/hadoop-ozone/integration-test/target/test-dir/MiniOzoneClusterImpl-19e87cfc-d6b3-42f5-aca7-5187b9f950d1/datanode-5/data/ratis] (custom)
2019-09-23 08:25:35,323 [pool-345-thread-1] INFO  storage.RaftStorageDirectory (RaftStorageDirectory.java:analyzeStorage(246)) - The storage directory /workdir/hadoop-ozone/integration-test/target/test-dir/MiniOzoneClusterImpl-19e87cfc-d6b3-42f5-aca7-5187b9f950d1/datanode-5/data/ratis/cc101275-a5b4-4c45-9c34-0c0b33c042b8 does not exist. Creating ...
2019-09-23 08:25:35,323 [main] INFO  rpc.RpcClient (RpcClient.java:createVolume(276)) - Creating Volume: watchforcommithandlingtest, with jenkins1000 as owner.
2019-09-23 08:25:35,328 [IPC Server handler 0 on 35396] INFO  volume.OMVolumeCreateRequest (OMVolumeCreateRequest.java:validateAndUpdateCache(189)) - created volume:watchforcommithandlingtest for user:jenkins1000
2019-09-23 08:25:35,338 [main] INFO  rpc.RpcClient (RpcClient.java:createBucket(415)) - Creating Bucket: watchforcommithandlingtest/watchforcommithandlingtest, with Versioning false and Storage Type set to DISK and Encryption set to false 
2019-09-23 08:25:35,341 [main] INFO  ozone.MiniOzoneClusterImpl (MiniOzoneClusterImpl.java:getStorageContainerLocationClient(234)) - Creating StorageContainerLocationProtocol RPC client with address /0.0.0.0:39749
2019-09-23 08:25:35,511 [pool-345-thread-1] INFO  storage.RaftStorageDirectory (RaftStorageDirectory.java:tryLock(328)) - Lock on /workdir/hadoop-ozone/integration-test/target/test-dir/MiniOzoneClusterImpl-19e87cfc-d6b3-42f5-aca7-5187b9f950d1/datanode-5/data/ratis/cc101275-a5b4-4c45-9c34-0c0b33c042b8/in_use.lock acquired by nodename 19984@trunk-nightly-20190923-extra-pvkvv-3499472557
2019-09-23 08:25:35,511 [pool-325-thread-1] INFO  storage.RaftStorageDirectory (RaftStorageDirectory.java:tryLock(328)) - Lock on /workdir/hadoop-ozone/integration-test/target/test-dir/MiniOzoneClusterImpl-19e87cfc-d6b3-42f5-aca7-5187b9f950d1/datanode-3/data/ratis/cc101275-a5b4-4c45-9c34-0c0b33c042b8/in_use.lock acquired by nodename 19984@trunk-nightly-20190923-extra-pvkvv-3499472557
2019-09-23 08:25:35,511 [pool-335-thread-1] INFO  storage.RaftStorageDirectory (RaftStorageDirectory.java:tryLock(328)) - Lock on /workdir/hadoop-ozone/integration-test/target/test-dir/MiniOzoneClusterImpl-19e87cfc-d6b3-42f5-aca7-5187b9f950d1/datanode-4/data/ratis/cc101275-a5b4-4c45-9c34-0c0b33c042b8/in_use.lock acquired by nodename 19984@trunk-nightly-20190923-extra-pvkvv-3499472557
2019-09-23 08:25:35,539 [pool-345-thread-1] INFO  storage.RaftStorage (RaftStorage.java:format(72)) - Storage directory /workdir/hadoop-ozone/integration-test/target/test-dir/MiniOzoneClusterImpl-19e87cfc-d6b3-42f5-aca7-5187b9f950d1/datanode-5/data/ratis/cc101275-a5b4-4c45-9c34-0c0b33c042b8 has been successfully formatted.
2019-09-23 08:25:35,539 [pool-325-thread-1] INFO  storage.RaftStorage (RaftStorage.java:format(72)) - Storage directory /workdir/hadoop-ozone/integration-test/target/test-dir/MiniOzoneClusterImpl-19e87cfc-d6b3-42f5-aca7-5187b9f950d1/datanode-3/data/ratis/cc101275-a5b4-4c45-9c34-0c0b33c042b8 has been successfully formatted.
2019-09-23 08:25:35,539 [pool-335-thread-1] INFO  storage.RaftStorage (RaftStorage.java:format(72)) - Storage directory /workdir/hadoop-ozone/integration-test/target/test-dir/MiniOzoneClusterImpl-19e87cfc-d6b3-42f5-aca7-5187b9f950d1/datanode-4/data/ratis/cc101275-a5b4-4c45-9c34-0c0b33c042b8 has been successfully formatted.
2019-09-23 08:25:35,540 [pool-325-thread-1] INFO  ratis.ContainerStateMachine (ContainerStateMachine.java:loadSnapshot(230)) - group-0C0B33C042B8: The snapshot info is null. Setting the last applied indexto:(t:0, i:~)
2019-09-23 08:25:35,540 [pool-345-thread-1] INFO  ratis.ContainerStateMachine (ContainerStateMachine.java:loadSnapshot(230)) - group-0C0B33C042B8: The snapshot info is null. Setting the last applied indexto:(t:0, i:~)
2019-09-23 08:25:35,540 [pool-325-thread-1] INFO  server.RaftServerConfigKeys (ConfUtils.java:logGet(43)) - raft.server.notification.no-leader.timeout = 120s (custom)
2019-09-23 08:25:35,540 [pool-335-thread-1] INFO  ratis.ContainerStateMachine (ContainerStateMachine.java:loadSnapshot(230)) - group-0C0B33C042B8: The snapshot info is null. Setting the last applied indexto:(t:0, i:~)
2019-09-23 08:25:35,540 [pool-325-thread-1] INFO  server.RaftServerConfigKeys (ConfUtils.java:logGet(43)) - raft.server.log.use.memory = false (default)
2019-09-23 08:25:35,540 [pool-345-thread-1] INFO  server.RaftServerConfigKeys (ConfUtils.java:logGet(43)) - raft.server.notification.no-leader.timeout = 120s (custom)
2019-09-23 08:25:35,541 [pool-325-thread-1] INFO  server.RaftServerConfigKeys (ConfUtils.java:logGet(43)) - raft.server.log.purge.gap = 1000000 (custom)
2019-09-23 08:25:35,541 [pool-335-thread-1] INFO  server.RaftServerConfigKeys (ConfUtils.java:logGet(43)) - raft.server.notification.no-leader.timeout = 120s (custom)
2019-09-23 08:25:35,541 [pool-325-thread-1] INFO  server.RaftServerConfigKeys (ConfUtils.java:logGet(43)) - raft.server.log.appender.buffer.byte-limit = 33554432 (custom)
2019-09-23 08:25:35,541 [pool-345-thread-1] INFO  server.RaftServerConfigKeys (ConfUtils.java:logGet(43)) - raft.server.log.use.memory = false (default)
2019-09-23 08:25:35,541 [pool-325-thread-1] INFO  server.RaftServerConfigKeys (ConfUtils.java:logGet(43)) - raft.server.log.segment.size.max = 1048576 (custom)
2019-09-23 08:25:35,541 [pool-335-thread-1] INFO  server.RaftServerConfigKeys (ConfUtils.java:logGet(43)) - raft.server.log.use.memory = false (default)
2019-09-23 08:25:35,541 [pool-325-thread-1] INFO  server.RaftServerConfigKeys (ConfUtils.java:logGet(43)) - raft.server.log.segment.cache.num.max = 2 (custom)
2019-09-23 08:25:35,541 [pool-345-thread-1] INFO  server.RaftServerConfigKeys (ConfUtils.java:logGet(43)) - raft.server.log.purge.gap = 1000000 (custom)
2019-09-23 08:25:35,542 [pool-325-thread-1] INFO  segmented.SegmentedRaftLogWorker (SegmentedRaftLogWorker.java:<init>(172)) - new 3eee0bb1-8090-45b5-a26e-402c03e66bc4@group-0C0B33C042B8-SegmentedRaftLogWorker for RaftStorage:Storage Directory /workdir/hadoop-ozone/integration-test/target/test-dir/MiniOzoneClusterImpl-19e87cfc-d6b3-42f5-aca7-5187b9f950d1/datanode-3/data/ratis/cc101275-a5b4-4c45-9c34-0c0b33c042b8
2019-09-23 08:25:35,542 [pool-335-thread-1] INFO  server.RaftServerConfigKeys (ConfUtils.java:logGet(43)) - raft.server.log.purge.gap = 1000000 (custom)
2019-09-23 08:25:35,542 [pool-325-thread-1] INFO  server.RaftServerConfigKeys (ConfUtils.java:logGet(43)) - raft.server.log.queue.byte-limit = 2147483647 (custom)
2019-09-23 08:25:35,542 [pool-325-thread-1] INFO  server.RaftServerConfigKeys (ConfUtils.java:logGet(43)) - raft.server.log.queue.element-limit = 1024 (custom)
2019-09-23 08:25:35,542 [pool-345-thread-1] INFO  server.RaftServerConfigKeys (ConfUtils.java:logGet(43)) - raft.server.log.appender.buffer.byte-limit = 33554432 (custom)
2019-09-23 08:25:35,542 [pool-325-thread-1] INFO  server.RaftServerConfigKeys (ConfUtils.java:logGet(43)) - raft.server.log.segment.size.max = 1048576 (custom)
2019-09-23 08:25:35,542 [pool-335-thread-1] INFO  server.RaftServerConfigKeys (ConfUtils.java:logGet(43)) - raft.server.log.appender.buffer.byte-limit = 33554432 (custom)
2019-09-23 08:25:35,543 [pool-325-thread-1] INFO  server.RaftServerConfigKeys (ConfUtils.java:logGet(43)) - raft.server.log.preallocated.size = 16384 (custom)
2019-09-23 08:25:35,543 [pool-325-thread-1] INFO  server.RaftServerConfigKeys (ConfUtils.java:logGet(43)) - raft.server.log.write.buffer.size = 33554432 (custom)
2019-09-23 08:25:35,543 [pool-345-thread-1] INFO  server.RaftServerConfigKeys (ConfUtils.java:logGet(43)) - raft.server.log.segment.size.max = 1048576 (custom)
2019-09-23 08:25:35,543 [pool-325-thread-1] INFO  server.RaftServerConfigKeys (ConfUtils.java:logGet(43)) - raft.server.log.force.sync.num = 128 (default)
2019-09-23 08:25:35,543 [pool-335-thread-1] INFO  server.RaftServerConfigKeys (ConfUtils.java:logGet(43)) - raft.server.log.segment.size.max = 1048576 (custom)
2019-09-23 08:25:35,543 [pool-325-thread-1] INFO  server.RaftServerConfigKeys (ConfUtils.java:logGet(43)) - raft.server.log.statemachine.data.sync = true (default)
2019-09-23 08:25:35,543 [pool-345-thread-1] INFO  server.RaftServerConfigKeys (ConfUtils.java:logGet(43)) - raft.server.log.segment.cache.num.max = 2 (custom)
2019-09-23 08:25:35,544 [pool-325-thread-1] INFO  server.RaftServerConfigKeys (ConfUtils.java:logGet(43)) - raft.server.log.statemachine.data.sync.timeout = 10s (default)
2019-09-23 08:25:35,544 [pool-325-thread-1] INFO  server.RaftServerConfigKeys (ConfUtils.java:logGet(43)) - raft.server.log.statemachine.data.sync.timeout.retry = -1 (default)
2019-09-23 08:25:35,544 [pool-335-thread-1] INFO  server.RaftServerConfigKeys (ConfUtils.java:logGet(43)) - raft.server.log.segment.cache.num.max = 2 (custom)
2019-09-23 08:25:35,544 [pool-325-thread-1] INFO  server.RaftServerConfigKeys (ConfUtils.java:logGet(43)) - raft.server.log.statemachine.data.caching.enabled = true (custom)
2019-09-23 08:25:35,544 [pool-345-thread-1] INFO  segmented.SegmentedRaftLogWorker (SegmentedRaftLogWorker.java:<init>(172)) - new 4c8cbc70-53f1-4bea-8cfc-10695697cb6f@group-0C0B33C042B8-SegmentedRaftLogWorker for RaftStorage:Storage Directory /workdir/hadoop-ozone/integration-test/target/test-dir/MiniOzoneClusterImpl-19e87cfc-d6b3-42f5-aca7-5187b9f950d1/datanode-5/data/ratis/cc101275-a5b4-4c45-9c34-0c0b33c042b8
2019-09-23 08:25:35,544 [pool-335-thread-1] INFO  segmented.SegmentedRaftLogWorker (SegmentedRaftLogWorker.java:<init>(172)) - new c660b52b-6779-4bda-92dc-aea8b06afbce@group-0C0B33C042B8-SegmentedRaftLogWorker for RaftStorage:Storage Directory /workdir/hadoop-ozone/integration-test/target/test-dir/MiniOzoneClusterImpl-19e87cfc-d6b3-42f5-aca7-5187b9f950d1/datanode-4/data/ratis/cc101275-a5b4-4c45-9c34-0c0b33c042b8
2019-09-23 08:25:35,545 [pool-325-thread-1] INFO  segmented.SegmentedRaftLogWorker (SegmentedRaftLogWorker.java:lambda$new$0(132)) - 3eee0bb1-8090-45b5-a26e-402c03e66bc4@group-0C0B33C042B8-SegmentedRaftLogWorker: flushIndex: setUnconditionally 0 -> -1
2019-09-23 08:25:35,545 [pool-345-thread-1] INFO  server.RaftServerConfigKeys (ConfUtils.java:logGet(43)) - raft.server.log.queue.byte-limit = 2147483647 (custom)
2019-09-23 08:25:35,545 [pool-345-thread-1] INFO  server.RaftServerConfigKeys (ConfUtils.java:logGet(43)) - raft.server.log.queue.element-limit = 1024 (custom)
2019-09-23 08:25:35,545 [pool-335-thread-1] INFO  server.RaftServerConfigKeys (ConfUtils.java:logGet(43)) - raft.server.log.queue.byte-limit = 2147483647 (custom)
2019-09-23 08:25:35,545 [pool-345-thread-1] INFO  server.RaftServerConfigKeys (ConfUtils.java:logGet(43)) - raft.server.log.segment.size.max = 1048576 (custom)
2019-09-23 08:25:35,545 [pool-325-thread-1] INFO  server.RaftServerConfigKeys (ConfUtils.java:logGet(43)) - raft.server.snapshot.auto.trigger.enabled = true (custom)
2019-09-23 08:25:35,545 [pool-345-thread-1] INFO  server.RaftServerConfigKeys (ConfUtils.java:logGet(43)) - raft.server.log.preallocated.size = 16384 (custom)
2019-09-23 08:25:35,546 [pool-345-thread-1] INFO  server.RaftServerConfigKeys (ConfUtils.java:logGet(43)) - raft.server.log.write.buffer.size = 33554432 (custom)
2019-09-23 08:25:35,545 [pool-335-thread-1] INFO  server.RaftServerConfigKeys (ConfUtils.java:logGet(43)) - raft.server.log.queue.element-limit = 1024 (custom)
2019-09-23 08:25:35,546 [pool-345-thread-1] INFO  server.RaftServerConfigKeys (ConfUtils.java:logGet(43)) - raft.server.log.force.sync.num = 128 (default)
2019-09-23 08:25:35,546 [pool-345-thread-1] INFO  server.RaftServerConfigKeys (ConfUtils.java:logGet(43)) - raft.server.log.statemachine.data.sync = true (default)
2019-09-23 08:25:35,546 [pool-325-thread-1] INFO  server.RaftServerConfigKeys (ConfUtils.java:logGet(43)) - raft.server.snapshot.auto.trigger.threshold = 10000 (custom)
2019-09-23 08:25:35,546 [pool-345-thread-1] INFO  server.RaftServerConfigKeys (ConfUtils.java:logGet(43)) - raft.server.log.statemachine.data.sync.timeout = 10s (default)
2019-09-23 08:25:35,546 [pool-345-thread-1] INFO  server.RaftServerConfigKeys (ConfUtils.java:logGet(43)) - raft.server.log.statemachine.data.sync.timeout.retry = -1 (default)
2019-09-23 08:25:35,546 [pool-335-thread-1] INFO  server.RaftServerConfigKeys (ConfUtils.java:logGet(43)) - raft.server.log.segment.size.max = 1048576 (custom)
2019-09-23 08:25:35,547 [pool-345-thread-1] INFO  server.RaftServerConfigKeys (ConfUtils.java:logGet(43)) - raft.server.log.statemachine.data.caching.enabled = true (custom)
2019-09-23 08:25:35,546 [pool-325-thread-1] INFO  server.RaftServerConfigKeys (ConfUtils.java:logGet(43)) - raft.server.snapshot.retention.num.files = 5 (custom)
2019-09-23 08:25:35,547 [pool-335-thread-1] INFO  server.RaftServerConfigKeys (ConfUtils.java:logGet(43)) - raft.server.log.preallocated.size = 16384 (custom)
2019-09-23 08:25:35,547 [pool-345-thread-1] INFO  segmented.SegmentedRaftLogWorker (SegmentedRaftLogWorker.java:lambda$new$0(132)) - 4c8cbc70-53f1-4bea-8cfc-10695697cb6f@group-0C0B33C042B8-SegmentedRaftLogWorker: flushIndex: setUnconditionally 0 -> -1
2019-09-23 08:25:35,547 [pool-325-thread-1] INFO  server.RaftServerConfigKeys (ConfUtils.java:logGet(43)) - raft.server.retrycache.expirytime = 600000ms (custom)
2019-09-23 08:25:35,547 [pool-335-thread-1] INFO  server.RaftServerConfigKeys (ConfUtils.java:logGet(43)) - raft.server.log.write.buffer.size = 33554432 (custom)
2019-09-23 08:25:35,547 [pool-345-thread-1] INFO  server.RaftServerConfigKeys (ConfUtils.java:logGet(43)) - raft.server.snapshot.auto.trigger.enabled = true (custom)
2019-09-23 08:25:35,548 [pool-335-thread-1] INFO  server.RaftServerConfigKeys (ConfUtils.java:logGet(43)) - raft.server.log.force.sync.num = 128 (default)
2019-09-23 08:25:35,548 [pool-345-thread-1] INFO  server.RaftServerConfigKeys (ConfUtils.java:logGet(43)) - raft.server.snapshot.auto.trigger.threshold = 10000 (custom)
2019-09-23 08:25:35,548 [pool-335-thread-1] INFO  server.RaftServerConfigKeys (ConfUtils.java:logGet(43)) - raft.server.log.statemachine.data.sync = true (default)
2019-09-23 08:25:35,548 [pool-345-thread-1] INFO  server.RaftServerConfigKeys (ConfUtils.java:logGet(43)) - raft.server.snapshot.retention.num.files = 5 (custom)
2019-09-23 08:25:35,548 [pool-335-thread-1] INFO  server.RaftServerConfigKeys (ConfUtils.java:logGet(43)) - raft.server.log.statemachine.data.sync.timeout = 10s (default)
2019-09-23 08:25:35,548 [pool-345-thread-1] INFO  server.RaftServerConfigKeys (ConfUtils.java:logGet(43)) - raft.server.retrycache.expirytime = 600000ms (custom)
2019-09-23 08:25:35,548 [pool-335-thread-1] INFO  server.RaftServerConfigKeys (ConfUtils.java:logGet(43)) - raft.server.log.statemachine.data.sync.timeout.retry = -1 (default)
2019-09-23 08:25:35,549 [pool-335-thread-1] INFO  server.RaftServerConfigKeys (ConfUtils.java:logGet(43)) - raft.server.log.statemachine.data.caching.enabled = true (custom)
2019-09-23 08:25:35,549 [pool-335-thread-1] INFO  segmented.SegmentedRaftLogWorker (SegmentedRaftLogWorker.java:lambda$new$0(132)) - c660b52b-6779-4bda-92dc-aea8b06afbce@group-0C0B33C042B8-SegmentedRaftLogWorker: flushIndex: setUnconditionally 0 -> -1
2019-09-23 08:25:35,550 [pool-335-thread-1] INFO  server.RaftServerConfigKeys (ConfUtils.java:logGet(43)) - raft.server.snapshot.auto.trigger.enabled = true (custom)
2019-09-23 08:25:35,550 [pool-335-thread-1] INFO  server.RaftServerConfigKeys (ConfUtils.java:logGet(43)) - raft.server.snapshot.auto.trigger.threshold = 10000 (custom)
2019-09-23 08:25:35,550 [pool-325-thread-1] INFO  impl.RaftServerImpl (RaftServerImpl.java:start(185)) - 3eee0bb1-8090-45b5-a26e-402c03e66bc4@group-0C0B33C042B8: start as a follower, conf=-1: [3eee0bb1-8090-45b5-a26e-402c03e66bc4:192.168.5.189:40679, c660b52b-6779-4bda-92dc-aea8b06afbce:192.168.5.189:43413, 4c8cbc70-53f1-4bea-8cfc-10695697cb6f:192.168.5.189:44220], old=null
2019-09-23 08:25:35,550 [pool-335-thread-1] INFO  server.RaftServerConfigKeys (ConfUtils.java:logGet(43)) - raft.server.snapshot.retention.num.files = 5 (custom)
2019-09-23 08:25:35,550 [pool-325-thread-1] INFO  impl.RaftServerImpl (RaftServerImpl.java:setRole(174)) - 3eee0bb1-8090-45b5-a26e-402c03e66bc4@group-0C0B33C042B8: changes role from      null to FOLLOWER at term 0 for startAsFollower
2019-09-23 08:25:35,550 [pool-335-thread-1] INFO  server.RaftServerConfigKeys (ConfUtils.java:logGet(43)) - raft.server.retrycache.expirytime = 600000ms (custom)
2019-09-23 08:25:35,550 [pool-325-thread-1] INFO  impl.RoleInfo (RoleInfo.java:updateAndGet(143)) - 3eee0bb1-8090-45b5-a26e-402c03e66bc4: start FollowerState
2019-09-23 08:25:35,551 [pool-325-thread-1] INFO  util.JmxRegister (JmxRegister.java:tryRegister(44)) - Successfully registered JMX Bean with object name Ratis:service=RaftServer,group=group-0C0B33C042B8,id=3eee0bb1-8090-45b5-a26e-402c03e66bc4
2019-09-23 08:25:35,551 [pool-345-thread-1] INFO  impl.RaftServerImpl (RaftServerImpl.java:start(185)) - 4c8cbc70-53f1-4bea-8cfc-10695697cb6f@group-0C0B33C042B8: start as a follower, conf=-1: [3eee0bb1-8090-45b5-a26e-402c03e66bc4:192.168.5.189:40679, c660b52b-6779-4bda-92dc-aea8b06afbce:192.168.5.189:43413, 4c8cbc70-53f1-4bea-8cfc-10695697cb6f:192.168.5.189:44220], old=null
2019-09-23 08:25:35,551 [pool-345-thread-1] INFO  impl.RaftServerImpl (RaftServerImpl.java:setRole(174)) - 4c8cbc70-53f1-4bea-8cfc-10695697cb6f@group-0C0B33C042B8: changes role from      null to FOLLOWER at term 0 for startAsFollower
2019-09-23 08:25:35,551 [pool-345-thread-1] INFO  impl.RoleInfo (RoleInfo.java:updateAndGet(143)) - 4c8cbc70-53f1-4bea-8cfc-10695697cb6f: start FollowerState
2019-09-23 08:25:35,552 [pool-345-thread-1] INFO  util.JmxRegister (JmxRegister.java:tryRegister(44)) - Successfully registered JMX Bean with object name Ratis:service=RaftServer,group=group-0C0B33C042B8,id=4c8cbc70-53f1-4bea-8cfc-10695697cb6f
2019-09-23 08:25:35,553 [pool-335-thread-1] INFO  impl.RaftServerImpl (RaftServerImpl.java:start(185)) - c660b52b-6779-4bda-92dc-aea8b06afbce@group-0C0B33C042B8: start as a follower, conf=-1: [3eee0bb1-8090-45b5-a26e-402c03e66bc4:192.168.5.189:40679, c660b52b-6779-4bda-92dc-aea8b06afbce:192.168.5.189:43413, 4c8cbc70-53f1-4bea-8cfc-10695697cb6f:192.168.5.189:44220], old=null
2019-09-23 08:25:35,553 [pool-335-thread-1] INFO  impl.RaftServerImpl (RaftServerImpl.java:setRole(174)) - c660b52b-6779-4bda-92dc-aea8b06afbce@group-0C0B33C042B8: changes role from      null to FOLLOWER at term 0 for startAsFollower
2019-09-23 08:25:35,553 [pool-335-thread-1] INFO  impl.RoleInfo (RoleInfo.java:updateAndGet(143)) - c660b52b-6779-4bda-92dc-aea8b06afbce: start FollowerState
2019-09-23 08:25:35,554 [pool-335-thread-1] INFO  util.JmxRegister (JmxRegister.java:tryRegister(44)) - Successfully registered JMX Bean with object name Ratis:service=RaftServer,group=group-0C0B33C042B8,id=c660b52b-6779-4bda-92dc-aea8b06afbce
2019-09-23 08:25:35,556 [RatisPipelineUtilsThread] INFO  pipeline.PipelineStateManager (PipelineStateManager.java:addPipeline(56)) - Created pipeline Pipeline[ Id: cc101275-a5b4-4c45-9c34-0c0b33c042b8, Nodes: c660b52b-6779-4bda-92dc-aea8b06afbce{ip: 192.168.5.189, host: trunk-nightly-20190923-extra-pvkvv-3499472557, networkLocation: /default-rack, certSerialId: null}3eee0bb1-8090-45b5-a26e-402c03e66bc4{ip: 192.168.5.189, host: trunk-nightly-20190923-extra-pvkvv-3499472557, networkLocation: /default-rack, certSerialId: null}4c8cbc70-53f1-4bea-8cfc-10695697cb6f{ip: 192.168.5.189, host: trunk-nightly-20190923-extra-pvkvv-3499472557, networkLocation: /default-rack, certSerialId: null}, Type:RATIS, Factor:THREE, State:OPEN]
2019-09-23 08:25:35,573 [grpc-default-executor-6] INFO  impl.RaftServerProxy (RaftServerProxy.java:addNew(89)) - 2a1cf675-fed6-4e15-89f8-39e10c8a9fa4: addNew group-8DDED73C4B70:[2a1cf675-fed6-4e15-89f8-39e10c8a9fa4:192.168.5.189:45943, f82d1a01-aed8-41dc-a822-e51972e4d50c:192.168.5.189:33171, 6197e7ae-b81d-49ea-af68-f6d72316ae49:192.168.5.189:43270] returns group-8DDED73C4B70:java.util.concurrent.CompletableFuture@53c9949d[Not completed]
2019-09-23 08:25:35,573 [grpc-default-executor-4] INFO  impl.RaftServerProxy (RaftServerProxy.java:addNew(89)) - f82d1a01-aed8-41dc-a822-e51972e4d50c: addNew group-8DDED73C4B70:[2a1cf675-fed6-4e15-89f8-39e10c8a9fa4:192.168.5.189:45943, f82d1a01-aed8-41dc-a822-e51972e4d50c:192.168.5.189:33171, 6197e7ae-b81d-49ea-af68-f6d72316ae49:192.168.5.189:43270] returns group-8DDED73C4B70:java.util.concurrent.CompletableFuture@369f6e26[Not completed]
2019-09-23 08:25:35,573 [grpc-default-executor-7] INFO  impl.RaftServerProxy (RaftServerProxy.java:addNew(89)) - 6197e7ae-b81d-49ea-af68-f6d72316ae49: addNew group-8DDED73C4B70:[2a1cf675-fed6-4e15-89f8-39e10c8a9fa4:192.168.5.189:45943, f82d1a01-aed8-41dc-a822-e51972e4d50c:192.168.5.189:33171, 6197e7ae-b81d-49ea-af68-f6d72316ae49:192.168.5.189:43270] returns group-8DDED73C4B70:java.util.concurrent.CompletableFuture@1aff1002[Not completed]
2019-09-23 08:25:35,577 [pool-305-thread-1] INFO  impl.RaftServerImpl (RaftServerImpl.java:<init>(95)) - f82d1a01-aed8-41dc-a822-e51972e4d50c: new RaftServerImpl for group-8DDED73C4B70:[2a1cf675-fed6-4e15-89f8-39e10c8a9fa4:192.168.5.189:45943, f82d1a01-aed8-41dc-a822-e51972e4d50c:192.168.5.189:33171, 6197e7ae-b81d-49ea-af68-f6d72316ae49:192.168.5.189:43270] with ContainerStateMachine:uninitialized
2019-09-23 08:25:35,577 [pool-305-thread-1] INFO  server.RaftServerConfigKeys (ConfUtils.java:logGet(43)) - raft.server.rpc.timeout.min = 5s (custom)
2019-09-23 08:25:35,577 [pool-305-thread-1] INFO  server.RaftServerConfigKeys (ConfUtils.java:logGet(43)) - raft.server.rpc.timeout.max = 5200ms (custom)
2019-09-23 08:25:35,578 [pool-305-thread-1] INFO  server.RaftServerConfigKeys (ConfUtils.java:logGet(43)) - raft.server.rpcslowness.timeout = 120s (custom)
2019-09-23 08:25:35,578 [pool-305-thread-1] INFO  server.RaftServerConfigKeys (ConfUtils.java:logGet(43)) - raft.server.sleep.deviation.threshold = 300 (default)
2019-09-23 08:25:35,578 [pool-295-thread-1] INFO  impl.RaftServerImpl (RaftServerImpl.java:<init>(95)) - 2a1cf675-fed6-4e15-89f8-39e10c8a9fa4: new RaftServerImpl for group-8DDED73C4B70:[2a1cf675-fed6-4e15-89f8-39e10c8a9fa4:192.168.5.189:45943, f82d1a01-aed8-41dc-a822-e51972e4d50c:192.168.5.189:33171, 6197e7ae-b81d-49ea-af68-f6d72316ae49:192.168.5.189:43270] with ContainerStateMachine:uninitialized
2019-09-23 08:25:35,578 [pool-295-thread-1] INFO  server.RaftServerConfigKeys (ConfUtils.java:logGet(43)) - raft.server.rpc.timeout.min = 5s (custom)
2019-09-23 08:25:35,578 [pool-305-thread-1] INFO  server.RaftServerConfigKeys (ConfUtils.java:logGet(43)) - raft.server.log.appender.install.snapshot.enabled = false (custom)
2019-09-23 08:25:35,578 [pool-295-thread-1] INFO  server.RaftServerConfigKeys (ConfUtils.java:logGet(43)) - raft.server.rpc.timeout.max = 5200ms (custom)
2019-09-23 08:25:35,578 [pool-305-thread-1] INFO  impl.RaftServerImpl (ServerState.java:<init>(103)) - f82d1a01-aed8-41dc-a822-e51972e4d50c@group-8DDED73C4B70: ConfigurationManager, init=-1: [2a1cf675-fed6-4e15-89f8-39e10c8a9fa4:192.168.5.189:45943, f82d1a01-aed8-41dc-a822-e51972e4d50c:192.168.5.189:33171, 6197e7ae-b81d-49ea-af68-f6d72316ae49:192.168.5.189:43270], old=null, confs=<EMPTY_MAP>
2019-09-23 08:25:35,578 [pool-315-thread-1] INFO  impl.RaftServerImpl (RaftServerImpl.java:<init>(95)) - 6197e7ae-b81d-49ea-af68-f6d72316ae49: new RaftServerImpl for group-8DDED73C4B70:[2a1cf675-fed6-4e15-89f8-39e10c8a9fa4:192.168.5.189:45943, f82d1a01-aed8-41dc-a822-e51972e4d50c:192.168.5.189:33171, 6197e7ae-b81d-49ea-af68-f6d72316ae49:192.168.5.189:43270] with ContainerStateMachine:uninitialized
2019-09-23 08:25:35,578 [pool-305-thread-1] INFO  server.RaftServerConfigKeys (ConfUtils.java:logGet(43)) - raft.server.storage.dir = [/workdir/hadoop-ozone/integration-test/target/test-dir/MiniOzoneClusterImpl-19e87cfc-d6b3-42f5-aca7-5187b9f950d1/datanode-1/data/ratis] (custom)
2019-09-23 08:25:35,578 [pool-295-thread-1] INFO  server.RaftServerConfigKeys (ConfUtils.java:logGet(43)) - raft.server.rpcslowness.timeout = 120s (custom)
2019-09-23 08:25:35,579 [pool-315-thread-1] INFO  server.RaftServerConfigKeys (ConfUtils.java:logGet(43)) - raft.server.rpc.timeout.min = 5s (custom)
2019-09-23 08:25:35,579 [pool-295-thread-1] INFO  server.RaftServerConfigKeys (ConfUtils.java:logGet(43)) - raft.server.sleep.deviation.threshold = 300 (default)
2019-09-23 08:25:35,579 [pool-305-thread-1] INFO  storage.RaftStorageDirectory (RaftStorageDirectory.java:analyzeStorage(246)) - The storage directory /workdir/hadoop-ozone/integration-test/target/test-dir/MiniOzoneClusterImpl-19e87cfc-d6b3-42f5-aca7-5187b9f950d1/datanode-1/data/ratis/738cdc25-f95e-4c05-ae95-8dded73c4b70 does not exist. Creating ...
2019-09-23 08:25:35,579 [pool-295-thread-1] INFO  server.RaftServerConfigKeys (ConfUtils.java:logGet(43)) - raft.server.log.appender.install.snapshot.enabled = false (custom)
2019-09-23 08:25:35,579 [pool-315-thread-1] INFO  server.RaftServerConfigKeys (ConfUtils.java:logGet(43)) - raft.server.rpc.timeout.max = 5200ms (custom)
2019-09-23 08:25:35,579 [pool-295-thread-1] INFO  impl.RaftServerImpl (ServerState.java:<init>(103)) - 2a1cf675-fed6-4e15-89f8-39e10c8a9fa4@group-8DDED73C4B70: ConfigurationManager, init=-1: [2a1cf675-fed6-4e15-89f8-39e10c8a9fa4:192.168.5.189:45943, f82d1a01-aed8-41dc-a822-e51972e4d50c:192.168.5.189:33171, 6197e7ae-b81d-49ea-af68-f6d72316ae49:192.168.5.189:43270], old=null, confs=<EMPTY_MAP>
2019-09-23 08:25:35,579 [pool-315-thread-1] INFO  server.RaftServerConfigKeys (ConfUtils.java:logGet(43)) - raft.server.rpcslowness.timeout = 120s (custom)
2019-09-23 08:25:35,580 [pool-295-thread-1] INFO  server.RaftServerConfigKeys (ConfUtils.java:logGet(43)) - raft.server.storage.dir = [/workdir/hadoop-ozone/integration-test/target/test-dir/MiniOzoneClusterImpl-19e87cfc-d6b3-42f5-aca7-5187b9f950d1/datanode-0/data/ratis] (custom)
2019-09-23 08:25:35,580 [pool-315-thread-1] INFO  server.RaftServerConfigKeys (ConfUtils.java:logGet(43)) - raft.server.sleep.deviation.threshold = 300 (default)
2019-09-23 08:25:35,580 [pool-315-thread-1] INFO  server.RaftServerConfigKeys (ConfUtils.java:logGet(43)) - raft.server.log.appender.install.snapshot.enabled = false (custom)
2019-09-23 08:25:35,580 [pool-315-thread-1] INFO  impl.RaftServerImpl (ServerState.java:<init>(103)) - 6197e7ae-b81d-49ea-af68-f6d72316ae49@group-8DDED73C4B70: ConfigurationManager, init=-1: [2a1cf675-fed6-4e15-89f8-39e10c8a9fa4:192.168.5.189:45943, f82d1a01-aed8-41dc-a822-e51972e4d50c:192.168.5.189:33171, 6197e7ae-b81d-49ea-af68-f6d72316ae49:192.168.5.189:43270], old=null, confs=<EMPTY_MAP>
2019-09-23 08:25:35,580 [pool-295-thread-1] INFO  storage.RaftStorageDirectory (RaftStorageDirectory.java:analyzeStorage(246)) - The storage directory /workdir/hadoop-ozone/integration-test/target/test-dir/MiniOzoneClusterImpl-19e87cfc-d6b3-42f5-aca7-5187b9f950d1/datanode-0/data/ratis/738cdc25-f95e-4c05-ae95-8dded73c4b70 does not exist. Creating ...
2019-09-23 08:25:35,580 [pool-315-thread-1] INFO  server.RaftServerConfigKeys (ConfUtils.java:logGet(43)) - raft.server.storage.dir = [/workdir/hadoop-ozone/integration-test/target/test-dir/MiniOzoneClusterImpl-19e87cfc-d6b3-42f5-aca7-5187b9f950d1/datanode-2/data/ratis] (custom)
2019-09-23 08:25:35,580 [pool-315-thread-1] INFO  storage.RaftStorageDirectory (RaftStorageDirectory.java:analyzeStorage(246)) - The storage directory /workdir/hadoop-ozone/integration-test/target/test-dir/MiniOzoneClusterImpl-19e87cfc-d6b3-42f5-aca7-5187b9f950d1/datanode-2/data/ratis/738cdc25-f95e-4c05-ae95-8dded73c4b70 does not exist. Creating ...
2019-09-23 08:25:35,598 [pool-305-thread-1] INFO  storage.RaftStorageDirectory (RaftStorageDirectory.java:tryLock(328)) - Lock on /workdir/hadoop-ozone/integration-test/target/test-dir/MiniOzoneClusterImpl-19e87cfc-d6b3-42f5-aca7-5187b9f950d1/datanode-1/data/ratis/738cdc25-f95e-4c05-ae95-8dded73c4b70/in_use.lock acquired by nodename 19984@trunk-nightly-20190923-extra-pvkvv-3499472557
2019-09-23 08:25:35,598 [pool-295-thread-1] INFO  storage.RaftStorageDirectory (RaftStorageDirectory.java:tryLock(328)) - Lock on /workdir/hadoop-ozone/integration-test/target/test-dir/MiniOzoneClusterImpl-19e87cfc-d6b3-42f5-aca7-5187b9f950d1/datanode-0/data/ratis/738cdc25-f95e-4c05-ae95-8dded73c4b70/in_use.lock acquired by nodename 19984@trunk-nightly-20190923-extra-pvkvv-3499472557
2019-09-23 08:25:35,598 [pool-315-thread-1] INFO  storage.RaftStorageDirectory (RaftStorageDirectory.java:tryLock(328)) - Lock on /workdir/hadoop-ozone/integration-test/target/test-dir/MiniOzoneClusterImpl-19e87cfc-d6b3-42f5-aca7-5187b9f950d1/datanode-2/data/ratis/738cdc25-f95e-4c05-ae95-8dded73c4b70/in_use.lock acquired by nodename 19984@trunk-nightly-20190923-extra-pvkvv-3499472557
2019-09-23 08:25:35,649 [pool-295-thread-1] INFO  storage.RaftStorage (RaftStorage.java:format(72)) - Storage directory /workdir/hadoop-ozone/integration-test/target/test-dir/MiniOzoneClusterImpl-19e87cfc-d6b3-42f5-aca7-5187b9f950d1/datanode-0/data/ratis/738cdc25-f95e-4c05-ae95-8dded73c4b70 has been successfully formatted.
2019-09-23 08:25:35,649 [pool-315-thread-1] INFO  storage.RaftStorage (RaftStorage.java:format(72)) - Storage directory /workdir/hadoop-ozone/integration-test/target/test-dir/MiniOzoneClusterImpl-19e87cfc-d6b3-42f5-aca7-5187b9f950d1/datanode-2/data/ratis/738cdc25-f95e-4c05-ae95-8dded73c4b70 has been successfully formatted.
2019-09-23 08:25:35,649 [pool-305-thread-1] INFO  storage.RaftStorage (RaftStorage.java:format(72)) - Storage directory /workdir/hadoop-ozone/integration-test/target/test-dir/MiniOzoneClusterImpl-19e87cfc-d6b3-42f5-aca7-5187b9f950d1/datanode-1/data/ratis/738cdc25-f95e-4c05-ae95-8dded73c4b70 has been successfully formatted.
2019-09-23 08:25:35,649 [pool-295-thread-1] INFO  ratis.ContainerStateMachine (ContainerStateMachine.java:loadSnapshot(230)) - group-8DDED73C4B70: The snapshot info is null. Setting the last applied indexto:(t:0, i:~)
2019-09-23 08:25:35,649 [pool-305-thread-1] INFO  ratis.ContainerStateMachine (ContainerStateMachine.java:loadSnapshot(230)) - group-8DDED73C4B70: The snapshot info is null. Setting the last applied indexto:(t:0, i:~)
2019-09-23 08:25:35,649 [pool-315-thread-1] INFO  ratis.ContainerStateMachine (ContainerStateMachine.java:loadSnapshot(230)) - group-8DDED73C4B70: The snapshot info is null. Setting the last applied indexto:(t:0, i:~)
2019-09-23 08:25:35,650 [pool-305-thread-1] INFO  server.RaftServerConfigKeys (ConfUtils.java:logGet(43)) - raft.server.notification.no-leader.timeout = 120s (custom)
2019-09-23 08:25:35,649 [pool-295-thread-1] INFO  server.RaftServerConfigKeys (ConfUtils.java:logGet(43)) - raft.server.notification.no-leader.timeout = 120s (custom)
2019-09-23 08:25:35,650 [pool-305-thread-1] INFO  server.RaftServerConfigKeys (ConfUtils.java:logGet(43)) - raft.server.log.use.memory = false (default)
2019-09-23 08:25:35,650 [pool-315-thread-1] INFO  server.RaftServerConfigKeys (ConfUtils.java:logGet(43)) - raft.server.notification.no-leader.timeout = 120s (custom)
2019-09-23 08:25:35,650 [pool-305-thread-1] INFO  server.RaftServerConfigKeys (ConfUtils.java:logGet(43)) - raft.server.log.purge.gap = 1000000 (custom)
2019-09-23 08:25:35,650 [pool-295-thread-1] INFO  server.RaftServerConfigKeys (ConfUtils.java:logGet(43)) - raft.server.log.use.memory = false (default)
2019-09-23 08:25:35,650 [pool-305-thread-1] INFO  server.RaftServerConfigKeys (ConfUtils.java:logGet(43)) - raft.server.log.appender.buffer.byte-limit = 33554432 (custom)
2019-09-23 08:25:35,650 [pool-315-thread-1] INFO  server.RaftServerConfigKeys (ConfUtils.java:logGet(43)) - raft.server.log.use.memory = false (default)
2019-09-23 08:25:35,651 [pool-305-thread-1] INFO  server.RaftServerConfigKeys (ConfUtils.java:logGet(43)) - raft.server.log.segment.size.max = 1048576 (custom)
2019-09-23 08:25:35,651 [pool-295-thread-1] INFO  server.RaftServerConfigKeys (ConfUtils.java:logGet(43)) - raft.server.log.purge.gap = 1000000 (custom)
2019-09-23 08:25:35,651 [pool-305-thread-1] INFO  server.RaftServerConfigKeys (ConfUtils.java:logGet(43)) - raft.server.log.segment.cache.num.max = 2 (custom)
2019-09-23 08:25:35,651 [pool-315-thread-1] INFO  server.RaftServerConfigKeys (ConfUtils.java:logGet(43)) - raft.server.log.purge.gap = 1000000 (custom)
2019-09-23 08:25:35,651 [pool-305-thread-1] INFO  segmented.SegmentedRaftLogWorker (SegmentedRaftLogWorker.java:<init>(172)) - new f82d1a01-aed8-41dc-a822-e51972e4d50c@group-8DDED73C4B70-SegmentedRaftLogWorker for RaftStorage:Storage Directory /workdir/hadoop-ozone/integration-test/target/test-dir/MiniOzoneClusterImpl-19e87cfc-d6b3-42f5-aca7-5187b9f950d1/datanode-1/data/ratis/738cdc25-f95e-4c05-ae95-8dded73c4b70
2019-09-23 08:25:35,651 [pool-295-thread-1] INFO  server.RaftServerConfigKeys (ConfUtils.java:logGet(43)) - raft.server.log.appender.buffer.byte-limit = 33554432 (custom)
2019-09-23 08:25:35,651 [pool-305-thread-1] INFO  server.RaftServerConfigKeys (ConfUtils.java:logGet(43)) - raft.server.log.queue.byte-limit = 2147483647 (custom)
2019-09-23 08:25:35,651 [pool-315-thread-1] INFO  server.RaftServerConfigKeys (ConfUtils.java:logGet(43)) - raft.server.log.appender.buffer.byte-limit = 33554432 (custom)
2019-09-23 08:25:35,652 [pool-305-thread-1] INFO  server.RaftServerConfigKeys (ConfUtils.java:logGet(43)) - raft.server.log.queue.element-limit = 1024 (custom)
2019-09-23 08:25:35,652 [pool-295-thread-1] INFO  server.RaftServerConfigKeys (ConfUtils.java:logGet(43)) - raft.server.log.segment.size.max = 1048576 (custom)
2019-09-23 08:25:35,652 [pool-305-thread-1] INFO  server.RaftServerConfigKeys (ConfUtils.java:logGet(43)) - raft.server.log.segment.size.max = 1048576 (custom)
2019-09-23 08:25:35,652 [pool-315-thread-1] INFO  server.RaftServerConfigKeys (ConfUtils.java:logGet(43)) - raft.server.log.segment.size.max = 1048576 (custom)
2019-09-23 08:25:35,652 [pool-305-thread-1] INFO  server.RaftServerConfigKeys (ConfUtils.java:logGet(43)) - raft.server.log.preallocated.size = 16384 (custom)
2019-09-23 08:25:35,652 [pool-295-thread-1] INFO  server.RaftServerConfigKeys (ConfUtils.java:logGet(43)) - raft.server.log.segment.cache.num.max = 2 (custom)
2019-09-23 08:25:35,652 [pool-305-thread-1] INFO  server.RaftServerConfigKeys (ConfUtils.java:logGet(43)) - raft.server.log.write.buffer.size = 33554432 (custom)
2019-09-23 08:25:35,652 [pool-315-thread-1] INFO  server.RaftServerConfigKeys (ConfUtils.java:logGet(43)) - raft.server.log.segment.cache.num.max = 2 (custom)
2019-09-23 08:25:35,653 [pool-305-thread-1] INFO  server.RaftServerConfigKeys (ConfUtils.java:logGet(43)) - raft.server.log.force.sync.num = 128 (default)
2019-09-23 08:25:35,653 [pool-295-thread-1] INFO  segmented.SegmentedRaftLogWorker (SegmentedRaftLogWorker.java:<init>(172)) - new 2a1cf675-fed6-4e15-89f8-39e10c8a9fa4@group-8DDED73C4B70-SegmentedRaftLogWorker for RaftStorage:Storage Directory /workdir/hadoop-ozone/integration-test/target/test-dir/MiniOzoneClusterImpl-19e87cfc-d6b3-42f5-aca7-5187b9f950d1/datanode-0/data/ratis/738cdc25-f95e-4c05-ae95-8dded73c4b70
2019-09-23 08:25:35,653 [pool-305-thread-1] INFO  server.RaftServerConfigKeys (ConfUtils.java:logGet(43)) - raft.server.log.statemachine.data.sync = true (default)
2019-09-23 08:25:35,653 [pool-315-thread-1] INFO  segmented.SegmentedRaftLogWorker (SegmentedRaftLogWorker.java:<init>(172)) - new 6197e7ae-b81d-49ea-af68-f6d72316ae49@group-8DDED73C4B70-SegmentedRaftLogWorker for RaftStorage:Storage Directory /workdir/hadoop-ozone/integration-test/target/test-dir/MiniOzoneClusterImpl-19e87cfc-d6b3-42f5-aca7-5187b9f950d1/datanode-2/data/ratis/738cdc25-f95e-4c05-ae95-8dded73c4b70
2019-09-23 08:25:35,653 [pool-305-thread-1] INFO  server.RaftServerConfigKeys (ConfUtils.java:logGet(43)) - raft.server.log.statemachine.data.sync.timeout = 10s (default)
2019-09-23 08:25:35,653 [pool-295-thread-1] INFO  server.RaftServerConfigKeys (ConfUtils.java:logGet(43)) - raft.server.log.queue.byte-limit = 2147483647 (custom)
2019-09-23 08:25:35,653 [pool-305-thread-1] INFO  server.RaftServerConfigKeys (ConfUtils.java:logGet(43)) - raft.server.log.statemachine.data.sync.timeout.retry = -1 (default)
2019-09-23 08:25:35,653 [pool-315-thread-1] INFO  server.RaftServerConfigKeys (ConfUtils.java:logGet(43)) - raft.server.log.queue.byte-limit = 2147483647 (custom)
2019-09-23 08:25:35,654 [pool-305-thread-1] INFO  server.RaftServerConfigKeys (ConfUtils.java:logGet(43)) - raft.server.log.statemachine.data.caching.enabled = true (custom)
2019-09-23 08:25:35,654 [pool-295-thread-1] INFO  server.RaftServerConfigKeys (ConfUtils.java:logGet(43)) - raft.server.log.queue.element-limit = 1024 (custom)
2019-09-23 08:25:35,654 [pool-305-thread-1] INFO  segmented.SegmentedRaftLogWorker (SegmentedRaftLogWorker.java:lambda$new$0(132)) - f82d1a01-aed8-41dc-a822-e51972e4d50c@group-8DDED73C4B70-SegmentedRaftLogWorker: flushIndex: setUnconditionally 0 -> -1
2019-09-23 08:25:35,654 [pool-315-thread-1] INFO  server.RaftServerConfigKeys (ConfUtils.java:logGet(43)) - raft.server.log.queue.element-limit = 1024 (custom)
2019-09-23 08:25:35,654 [pool-295-thread-1] INFO  server.RaftServerConfigKeys (ConfUtils.java:logGet(43)) - raft.server.log.segment.size.max = 1048576 (custom)
2019-09-23 08:25:35,655 [pool-305-thread-1] INFO  server.RaftServerConfigKeys (ConfUtils.java:logGet(43)) - raft.server.snapshot.auto.trigger.enabled = true (custom)
2019-09-23 08:25:35,655 [pool-315-thread-1] INFO  server.RaftServerConfigKeys (ConfUtils.java:logGet(43)) - raft.server.log.segment.size.max = 1048576 (custom)
2019-09-23 08:25:35,655 [pool-305-thread-1] INFO  server.RaftServerConfigKeys (ConfUtils.java:logGet(43)) - raft.server.snapshot.auto.trigger.threshold = 10000 (custom)
2019-09-23 08:25:35,655 [pool-295-thread-1] INFO  server.RaftServerConfigKeys (ConfUtils.java:logGet(43)) - raft.server.log.preallocated.size = 16384 (custom)
2019-09-23 08:25:35,655 [pool-305-thread-1] INFO  server.RaftServerConfigKeys (ConfUtils.java:logGet(43)) - raft.server.snapshot.retention.num.files = 5 (custom)
2019-09-23 08:25:35,655 [pool-315-thread-1] INFO  server.RaftServerConfigKeys (ConfUtils.java:logGet(43)) - raft.server.log.preallocated.size = 16384 (custom)
2019-09-23 08:25:35,656 [pool-305-thread-1] INFO  server.RaftServerConfigKeys (ConfUtils.java:logGet(43)) - raft.server.retrycache.expirytime = 600000ms (custom)
2019-09-23 08:25:35,655 [pool-295-thread-1] INFO  server.RaftServerConfigKeys (ConfUtils.java:logGet(43)) - raft.server.log.write.buffer.size = 33554432 (custom)
2019-09-23 08:25:35,656 [pool-315-thread-1] INFO  server.RaftServerConfigKeys (ConfUtils.java:logGet(43)) - raft.server.log.write.buffer.size = 33554432 (custom)
2019-09-23 08:25:35,656 [pool-295-thread-1] INFO  server.RaftServerConfigKeys (ConfUtils.java:logGet(43)) - raft.server.log.force.sync.num = 128 (default)
2019-09-23 08:25:35,656 [pool-315-thread-1] INFO  server.RaftServerConfigKeys (ConfUtils.java:logGet(43)) - raft.server.log.force.sync.num = 128 (default)
2019-09-23 08:25:35,656 [pool-295-thread-1] INFO  server.RaftServerConfigKeys (ConfUtils.java:logGet(43)) - raft.server.log.statemachine.data.sync = true (default)
2019-09-23 08:25:35,656 [pool-315-thread-1] INFO  server.RaftServerConfigKeys (ConfUtils.java:logGet(43)) - raft.server.log.statemachine.data.sync = true (default)
2019-09-23 08:25:35,657 [pool-295-thread-1] INFO  server.RaftServerConfigKeys (ConfUtils.java:logGet(43)) - raft.server.log.statemachine.data.sync.timeout = 10s (default)
2019-09-23 08:25:35,657 [pool-315-thread-1] INFO  server.RaftServerConfigKeys (ConfUtils.java:logGet(43)) - raft.server.log.statemachine.data.sync.timeout = 10s (default)
2019-09-23 08:25:35,657 [pool-295-thread-1] INFO  server.RaftServerConfigKeys (ConfUtils.java:logGet(43)) - raft.server.log.statemachine.data.sync.timeout.retry = -1 (default)
2019-09-23 08:25:35,657 [pool-315-thread-1] INFO  server.RaftServerConfigKeys (ConfUtils.java:logGet(43)) - raft.server.log.statemachine.data.sync.timeout.retry = -1 (default)
2019-09-23 08:25:35,657 [pool-295-thread-1] INFO  server.RaftServerConfigKeys (ConfUtils.java:logGet(43)) - raft.server.log.statemachine.data.caching.enabled = true (custom)
2019-09-23 08:25:35,657 [pool-315-thread-1] INFO  server.RaftServerConfigKeys (ConfUtils.java:logGet(43)) - raft.server.log.statemachine.data.caching.enabled = true (custom)
2019-09-23 08:25:35,658 [pool-295-thread-1] INFO  segmented.SegmentedRaftLogWorker (SegmentedRaftLogWorker.java:lambda$new$0(132)) - 2a1cf675-fed6-4e15-89f8-39e10c8a9fa4@group-8DDED73C4B70-SegmentedRaftLogWorker: flushIndex: setUnconditionally 0 -> -1
2019-09-23 08:25:35,658 [pool-315-thread-1] INFO  segmented.SegmentedRaftLogWorker (SegmentedRaftLogWorker.java:lambda$new$0(132)) - 6197e7ae-b81d-49ea-af68-f6d72316ae49@group-8DDED73C4B70-SegmentedRaftLogWorker: flushIndex: setUnconditionally 0 -> -1
2019-09-23 08:25:35,658 [pool-305-thread-1] INFO  impl.RaftServerImpl (RaftServerImpl.java:start(185)) - f82d1a01-aed8-41dc-a822-e51972e4d50c@group-8DDED73C4B70: start as a follower, conf=-1: [2a1cf675-fed6-4e15-89f8-39e10c8a9fa4:192.168.5.189:45943, f82d1a01-aed8-41dc-a822-e51972e4d50c:192.168.5.189:33171, 6197e7ae-b81d-49ea-af68-f6d72316ae49:192.168.5.189:43270], old=null
2019-09-23 08:25:35,658 [pool-315-thread-1] INFO  server.RaftServerConfigKeys (ConfUtils.java:logGet(43)) - raft.server.snapshot.auto.trigger.enabled = true (custom)
2019-09-23 08:25:35,658 [pool-295-thread-1] INFO  server.RaftServerConfigKeys (ConfUtils.java:logGet(43)) - raft.server.snapshot.auto.trigger.enabled = true (custom)
2019-09-23 08:25:35,658 [pool-315-thread-1] INFO  server.RaftServerConfigKeys (ConfUtils.java:logGet(43)) - raft.server.snapshot.auto.trigger.threshold = 10000 (custom)
2019-09-23 08:25:35,658 [pool-305-thread-1] INFO  impl.RaftServerImpl (RaftServerImpl.java:setRole(174)) - f82d1a01-aed8-41dc-a822-e51972e4d50c@group-8DDED73C4B70: changes role from      null to FOLLOWER at term 0 for startAsFollower
2019-09-23 08:25:35,658 [pool-315-thread-1] INFO  server.RaftServerConfigKeys (ConfUtils.java:logGet(43)) - raft.server.snapshot.retention.num.files = 5 (custom)
2019-09-23 08:25:35,658 [pool-295-thread-1] INFO  server.RaftServerConfigKeys (ConfUtils.java:logGet(43)) - raft.server.snapshot.auto.trigger.threshold = 10000 (custom)
2019-09-23 08:25:35,659 [pool-315-thread-1] INFO  server.RaftServerConfigKeys (ConfUtils.java:logGet(43)) - raft.server.retrycache.expirytime = 600000ms (custom)
2019-09-23 08:25:35,659 [pool-305-thread-1] INFO  impl.RoleInfo (RoleInfo.java:updateAndGet(143)) - f82d1a01-aed8-41dc-a822-e51972e4d50c: start FollowerState
2019-09-23 08:25:35,659 [pool-295-thread-1] INFO  server.RaftServerConfigKeys (ConfUtils.java:logGet(43)) - raft.server.snapshot.retention.num.files = 5 (custom)
2019-09-23 08:25:35,659 [pool-295-thread-1] INFO  server.RaftServerConfigKeys (ConfUtils.java:logGet(43)) - raft.server.retrycache.expirytime = 600000ms (custom)
2019-09-23 08:25:35,659 [pool-305-thread-1] INFO  util.JmxRegister (JmxRegister.java:tryRegister(44)) - Successfully registered JMX Bean with object name Ratis:service=RaftServer,group=group-8DDED73C4B70,id=f82d1a01-aed8-41dc-a822-e51972e4d50c
2019-09-23 08:25:35,661 [pool-315-thread-1] INFO  impl.RaftServerImpl (RaftServerImpl.java:start(185)) - 6197e7ae-b81d-49ea-af68-f6d72316ae49@group-8DDED73C4B70: start as a follower, conf=-1: [2a1cf675-fed6-4e15-89f8-39e10c8a9fa4:192.168.5.189:45943, f82d1a01-aed8-41dc-a822-e51972e4d50c:192.168.5.189:33171, 6197e7ae-b81d-49ea-af68-f6d72316ae49:192.168.5.189:43270], old=null
2019-09-23 08:25:35,661 [pool-315-thread-1] INFO  impl.RaftServerImpl (RaftServerImpl.java:setRole(174)) - 6197e7ae-b81d-49ea-af68-f6d72316ae49@group-8DDED73C4B70: changes role from      null to FOLLOWER at term 0 for startAsFollower
2019-09-23 08:25:35,662 [pool-315-thread-1] INFO  impl.RoleInfo (RoleInfo.java:updateAndGet(143)) - 6197e7ae-b81d-49ea-af68-f6d72316ae49: start FollowerState
2019-09-23 08:25:35,662 [pool-295-thread-1] INFO  impl.RaftServerImpl (RaftServerImpl.java:start(185)) - 2a1cf675-fed6-4e15-89f8-39e10c8a9fa4@group-8DDED73C4B70: start as a follower, conf=-1: [2a1cf675-fed6-4e15-89f8-39e10c8a9fa4:192.168.5.189:45943, f82d1a01-aed8-41dc-a822-e51972e4d50c:192.168.5.189:33171, 6197e7ae-b81d-49ea-af68-f6d72316ae49:192.168.5.189:43270], old=null
2019-09-23 08:25:35,662 [pool-315-thread-1] INFO  util.JmxRegister (JmxRegister.java:tryRegister(44)) - Successfully registered JMX Bean with object name Ratis:service=RaftServer,group=group-8DDED73C4B70,id=6197e7ae-b81d-49ea-af68-f6d72316ae49
2019-09-23 08:25:35,662 [pool-295-thread-1] INFO  impl.RaftServerImpl (RaftServerImpl.java:setRole(174)) - 2a1cf675-fed6-4e15-89f8-39e10c8a9fa4@group-8DDED73C4B70: changes role from      null to FOLLOWER at term 0 for startAsFollower
2019-09-23 08:25:35,662 [pool-295-thread-1] INFO  impl.RoleInfo (RoleInfo.java:updateAndGet(143)) - 2a1cf675-fed6-4e15-89f8-39e10c8a9fa4: start FollowerState
2019-09-23 08:25:35,663 [pool-295-thread-1] INFO  util.JmxRegister (JmxRegister.java:tryRegister(44)) - Successfully registered JMX Bean with object name Ratis:service=RaftServer,group=group-8DDED73C4B70,id=2a1cf675-fed6-4e15-89f8-39e10c8a9fa4
2019-09-23 08:25:35,665 [RatisPipelineUtilsThread] INFO  pipeline.PipelineStateManager (PipelineStateManager.java:addPipeline(56)) - Created pipeline Pipeline[ Id: 738cdc25-f95e-4c05-ae95-8dded73c4b70, Nodes: f82d1a01-aed8-41dc-a822-e51972e4d50c{ip: 192.168.5.189, host: trunk-nightly-20190923-extra-pvkvv-3499472557, networkLocation: /default-rack, certSerialId: null}2a1cf675-fed6-4e15-89f8-39e10c8a9fa4{ip: 192.168.5.189, host: trunk-nightly-20190923-extra-pvkvv-3499472557, networkLocation: /default-rack, certSerialId: null}6197e7ae-b81d-49ea-af68-f6d72316ae49{ip: 192.168.5.189, host: trunk-nightly-20190923-extra-pvkvv-3499472557, networkLocation: /default-rack, certSerialId: null}, Type:RATIS, Factor:THREE, State:OPEN]
2019-09-23 08:25:36,464 [Thread-2041] INFO  container.ReplicationManager (ReplicationManager.java:start(162)) - Starting Replication Monitor Thread.
2019-09-23 08:25:36,467 [ReplicationMonitor] INFO  container.ReplicationManager (ReplicationManager.java:run(225)) - Replication Monitor Thread took 0 milliseconds for processing 1 containers.
2019-09-23 08:25:38,655 [Thread-2043] INFO  impl.FollowerState (FollowerState.java:run(106)) - 2a1cf675-fed6-4e15-89f8-39e10c8a9fa4:group-FAEBB8F84081 changes to CANDIDATE, lastRpcTime:5002, electionTimeout:5002ms
2019-09-23 08:25:38,655 [Thread-2043] INFO  impl.RoleInfo (RoleInfo.java:shutdownFollowerState(121)) - 2a1cf675-fed6-4e15-89f8-39e10c8a9fa4: shutdown FollowerState
2019-09-23 08:25:38,655 [Thread-2043] INFO  impl.RaftServerImpl (RaftServerImpl.java:setRole(174)) - 2a1cf675-fed6-4e15-89f8-39e10c8a9fa4@group-FAEBB8F84081: changes role from  FOLLOWER to CANDIDATE at term 0 for changeToCandidate
2019-09-23 08:25:38,655 [Thread-2043] INFO  impl.RoleInfo (RoleInfo.java:updateAndGet(143)) - 2a1cf675-fed6-4e15-89f8-39e10c8a9fa4: start LeaderElection
2019-09-23 08:25:38,714 [2a1cf675-fed6-4e15-89f8-39e10c8a9fa4@group-FAEBB8F84081:LeaderElection59] INFO  impl.LeaderElection (LeaderElection.java:askForVotes(182)) - 2a1cf675-fed6-4e15-89f8-39e10c8a9fa4@group-FAEBB8F84081:LeaderElection59: begin an election at term 1 for -1: [2a1cf675-fed6-4e15-89f8-39e10c8a9fa4:192.168.5.189:45943], old=null
2019-09-23 08:25:38,714 [2a1cf675-fed6-4e15-89f8-39e10c8a9fa4@group-FAEBB8F84081:LeaderElection59] INFO  impl.RoleInfo (RoleInfo.java:shutdownLeaderElection(134)) - 2a1cf675-fed6-4e15-89f8-39e10c8a9fa4: shutdown LeaderElection
2019-09-23 08:25:38,714 [2a1cf675-fed6-4e15-89f8-39e10c8a9fa4@group-FAEBB8F84081:LeaderElection59] INFO  impl.RaftServerImpl (RaftServerImpl.java:setRole(174)) - 2a1cf675-fed6-4e15-89f8-39e10c8a9fa4@group-FAEBB8F84081: changes role from CANDIDATE to LEADER at term 1 for changeToLeader
2019-09-23 08:25:38,714 [2a1cf675-fed6-4e15-89f8-39e10c8a9fa4@group-FAEBB8F84081:LeaderElection59] INFO  impl.RaftServerImpl (ServerState.java:setLeader(253)) - 2a1cf675-fed6-4e15-89f8-39e10c8a9fa4@group-FAEBB8F84081: change Leader from null to 2a1cf675-fed6-4e15-89f8-39e10c8a9fa4 at term 1 for becomeLeader, leader elected after 5070ms
2019-09-23 08:25:38,715 [2a1cf675-fed6-4e15-89f8-39e10c8a9fa4@group-FAEBB8F84081:LeaderElection59] INFO  server.RaftServerConfigKeys (ConfUtils.java:logGet(43)) - raft.server.staging.catchup.gap = 1000 (default)
2019-09-23 08:25:38,715 [2a1cf675-fed6-4e15-89f8-39e10c8a9fa4@group-FAEBB8F84081:LeaderElection59] INFO  server.RaftServerConfigKeys (ConfUtils.java:logGet(43)) - raft.server.rpc.sleep.time = 25ms (default)
2019-09-23 08:25:38,715 [2a1cf675-fed6-4e15-89f8-39e10c8a9fa4@group-FAEBB8F84081:LeaderElection59] INFO  server.RaftServerConfigKeys (ConfUtils.java:logGet(43)) - raft.server.write.element-limit = 4096 (default)
2019-09-23 08:25:38,715 [2a1cf675-fed6-4e15-89f8-39e10c8a9fa4@group-FAEBB8F84081:LeaderElection59] INFO  server.RaftServerConfigKeys (ConfUtils.java:logGet(43)) - raft.server.watch.timeout = 10s (default)
2019-09-23 08:25:38,716 [2a1cf675-fed6-4e15-89f8-39e10c8a9fa4@group-FAEBB8F84081:LeaderElection59] INFO  server.RaftServerConfigKeys (ConfUtils.java:logGet(43)) - raft.server.watch.timeout.denomination = 1s (default)
2019-09-23 08:25:38,716 [2a1cf675-fed6-4e15-89f8-39e10c8a9fa4@group-FAEBB8F84081:LeaderElection59] INFO  server.RaftServerConfigKeys (ConfUtils.java:logGet(43)) - raft.server.watch.element-limit = 65536 (default)
2019-09-23 08:25:38,718 [2a1cf675-fed6-4e15-89f8-39e10c8a9fa4@group-FAEBB8F84081:LeaderElection59] INFO  impl.RoleInfo (RoleInfo.java:updateAndGet(143)) - 2a1cf675-fed6-4e15-89f8-39e10c8a9fa4: start LeaderState
2019-09-23 08:25:38,718 [2a1cf675-fed6-4e15-89f8-39e10c8a9fa4@group-FAEBB8F84081:LeaderElection59] INFO  segmented.SegmentedRaftLogWorker (SegmentedRaftLogWorker.java:startLogSegment(380)) - 2a1cf675-fed6-4e15-89f8-39e10c8a9fa4@group-FAEBB8F84081-SegmentedRaftLogWorker: Starting segment from index:0
2019-09-23 08:25:38,719 [2a1cf675-fed6-4e15-89f8-39e10c8a9fa4@group-FAEBB8F84081:LeaderElection59] INFO  impl.RaftServerImpl (ServerState.java:setRaftConf(354)) - 2a1cf675-fed6-4e15-89f8-39e10c8a9fa4@group-FAEBB8F84081: set configuration 0: [2a1cf675-fed6-4e15-89f8-39e10c8a9fa4:192.168.5.189:45943], old=null at 0
2019-09-23 08:25:38,841 [2a1cf675-fed6-4e15-89f8-39e10c8a9fa4@group-FAEBB8F84081-SegmentedRaftLogWorker] INFO  segmented.SegmentedRaftLogWorker (SegmentedRaftLogWorker.java:execute(569)) - 2a1cf675-fed6-4e15-89f8-39e10c8a9fa4@group-FAEBB8F84081-SegmentedRaftLogWorker: created new log segment /workdir/hadoop-ozone/integration-test/target/test-dir/MiniOzoneClusterImpl-19e87cfc-d6b3-42f5-aca7-5187b9f950d1/datanode-0/data/ratis/db3a38a0-6d91-4714-8223-faebb8f84081/current/log_inprogress_0
2019-09-23 08:25:39,174 [Thread-2046] INFO  impl.FollowerState (FollowerState.java:run(106)) - f82d1a01-aed8-41dc-a822-e51972e4d50c:group-383BA91CE1A4 changes to CANDIDATE, lastRpcTime:5098, electionTimeout:5098ms
2019-09-23 08:25:39,174 [Thread-2046] INFO  impl.RoleInfo (RoleInfo.java:shutdownFollowerState(121)) - f82d1a01-aed8-41dc-a822-e51972e4d50c: shutdown FollowerState
2019-09-23 08:25:39,174 [Thread-2046] INFO  impl.RaftServerImpl (RaftServerImpl.java:setRole(174)) - f82d1a01-aed8-41dc-a822-e51972e4d50c@group-383BA91CE1A4: changes role from  FOLLOWER to CANDIDATE at term 0 for changeToCandidate
2019-09-23 08:25:39,174 [Thread-2046] INFO  impl.RoleInfo (RoleInfo.java:updateAndGet(143)) - f82d1a01-aed8-41dc-a822-e51972e4d50c: start LeaderElection
2019-09-23 08:25:39,222 [f82d1a01-aed8-41dc-a822-e51972e4d50c@group-383BA91CE1A4:LeaderElection60] INFO  impl.LeaderElection (LeaderElection.java:askForVotes(182)) - f82d1a01-aed8-41dc-a822-e51972e4d50c@group-383BA91CE1A4:LeaderElection60: begin an election at term 1 for -1: [f82d1a01-aed8-41dc-a822-e51972e4d50c:192.168.5.189:33171], old=null
2019-09-23 08:25:39,223 [f82d1a01-aed8-41dc-a822-e51972e4d50c@group-383BA91CE1A4:LeaderElection60] INFO  impl.RoleInfo (RoleInfo.java:shutdownLeaderElection(134)) - f82d1a01-aed8-41dc-a822-e51972e4d50c: shutdown LeaderElection
2019-09-23 08:25:39,223 [f82d1a01-aed8-41dc-a822-e51972e4d50c@group-383BA91CE1A4:LeaderElection60] INFO  impl.RaftServerImpl (RaftServerImpl.java:setRole(174)) - f82d1a01-aed8-41dc-a822-e51972e4d50c@group-383BA91CE1A4: changes role from CANDIDATE to LEADER at term 1 for changeToLeader
2019-09-23 08:25:39,223 [f82d1a01-aed8-41dc-a822-e51972e4d50c@group-383BA91CE1A4:LeaderElection60] INFO  impl.RaftServerImpl (ServerState.java:setLeader(253)) - f82d1a01-aed8-41dc-a822-e51972e4d50c@group-383BA91CE1A4: change Leader from null to f82d1a01-aed8-41dc-a822-e51972e4d50c at term 1 for becomeLeader, leader elected after 5154ms
2019-09-23 08:25:39,223 [f82d1a01-aed8-41dc-a822-e51972e4d50c@group-383BA91CE1A4:LeaderElection60] INFO  server.RaftServerConfigKeys (ConfUtils.java:logGet(43)) - raft.server.staging.catchup.gap = 1000 (default)
2019-09-23 08:25:39,223 [f82d1a01-aed8-41dc-a822-e51972e4d50c@group-383BA91CE1A4:LeaderElection60] INFO  server.RaftServerConfigKeys (ConfUtils.java:logGet(43)) - raft.server.rpc.sleep.time = 25ms (default)
2019-09-23 08:25:39,223 [f82d1a01-aed8-41dc-a822-e51972e4d50c@group-383BA91CE1A4:LeaderElection60] INFO  server.RaftServerConfigKeys (ConfUtils.java:logGet(43)) - raft.server.write.element-limit = 4096 (default)
2019-09-23 08:25:39,223 [f82d1a01-aed8-41dc-a822-e51972e4d50c@group-383BA91CE1A4:LeaderElection60] INFO  server.RaftServerConfigKeys (ConfUtils.java:logGet(43)) - raft.server.watch.timeout = 10s (default)
2019-09-23 08:25:39,223 [f82d1a01-aed8-41dc-a822-e51972e4d50c@group-383BA91CE1A4:LeaderElection60] INFO  server.RaftServerConfigKeys (ConfUtils.java:logGet(43)) - raft.server.watch.timeout.denomination = 1s (default)
2019-09-23 08:25:39,224 [f82d1a01-aed8-41dc-a822-e51972e4d50c@group-383BA91CE1A4:LeaderElection60] INFO  server.RaftServerConfigKeys (ConfUtils.java:logGet(43)) - raft.server.watch.element-limit = 65536 (default)
2019-09-23 08:25:39,225 [f82d1a01-aed8-41dc-a822-e51972e4d50c@group-383BA91CE1A4:LeaderElection60] INFO  impl.RoleInfo (RoleInfo.java:updateAndGet(143)) - f82d1a01-aed8-41dc-a822-e51972e4d50c: start LeaderState
2019-09-23 08:25:39,226 [f82d1a01-aed8-41dc-a822-e51972e4d50c@group-383BA91CE1A4:LeaderElection60] INFO  segmented.SegmentedRaftLogWorker (SegmentedRaftLogWorker.java:startLogSegment(380)) - f82d1a01-aed8-41dc-a822-e51972e4d50c@group-383BA91CE1A4-SegmentedRaftLogWorker: Starting segment from index:0
2019-09-23 08:25:39,226 [f82d1a01-aed8-41dc-a822-e51972e4d50c@group-383BA91CE1A4:LeaderElection60] INFO  impl.RaftServerImpl (ServerState.java:setRaftConf(354)) - f82d1a01-aed8-41dc-a822-e51972e4d50c@group-383BA91CE1A4: set configuration 0: [f82d1a01-aed8-41dc-a822-e51972e4d50c:192.168.5.189:33171], old=null at 0
2019-09-23 08:25:39,305 [f82d1a01-aed8-41dc-a822-e51972e4d50c@group-383BA91CE1A4-SegmentedRaftLogWorker] INFO  segmented.SegmentedRaftLogWorker (SegmentedRaftLogWorker.java:execute(569)) - f82d1a01-aed8-41dc-a822-e51972e4d50c@group-383BA91CE1A4-SegmentedRaftLogWorker: created new log segment /workdir/hadoop-ozone/integration-test/target/test-dir/MiniOzoneClusterImpl-19e87cfc-d6b3-42f5-aca7-5187b9f950d1/datanode-1/data/ratis/50fb0f9f-4b3b-472c-85ad-383ba91ce1a4/current/log_inprogress_0
2019-09-23 08:25:39,339 [Thread-2049] INFO  impl.FollowerState (FollowerState.java:run(106)) - c660b52b-6779-4bda-92dc-aea8b06afbce:group-5D6F3134D5FC changes to CANDIDATE, lastRpcTime:5041, electionTimeout:5041ms
2019-09-23 08:25:39,340 [Thread-2049] INFO  impl.RoleInfo (RoleInfo.java:shutdownFollowerState(121)) - c660b52b-6779-4bda-92dc-aea8b06afbce: shutdown FollowerState
2019-09-23 08:25:39,340 [Thread-2049] INFO  impl.RaftServerImpl (RaftServerImpl.java:setRole(174)) - c660b52b-6779-4bda-92dc-aea8b06afbce@group-5D6F3134D5FC: changes role from  FOLLOWER to CANDIDATE at term 0 for changeToCandidate
2019-09-23 08:25:39,340 [Thread-2049] INFO  impl.RoleInfo (RoleInfo.java:updateAndGet(143)) - c660b52b-6779-4bda-92dc-aea8b06afbce: start LeaderElection
2019-09-23 08:25:39,407 [c660b52b-6779-4bda-92dc-aea8b06afbce@group-5D6F3134D5FC:LeaderElection61] INFO  impl.LeaderElection (LeaderElection.java:askForVotes(182)) - c660b52b-6779-4bda-92dc-aea8b06afbce@group-5D6F3134D5FC:LeaderElection61: begin an election at term 1 for -1: [c660b52b-6779-4bda-92dc-aea8b06afbce:192.168.5.189:43413], old=null
2019-09-23 08:25:39,407 [c660b52b-6779-4bda-92dc-aea8b06afbce@group-5D6F3134D5FC:LeaderElection61] INFO  impl.RoleInfo (RoleInfo.java:shutdownLeaderElection(134)) - c660b52b-6779-4bda-92dc-aea8b06afbce: shutdown LeaderElection
2019-09-23 08:25:39,407 [c660b52b-6779-4bda-92dc-aea8b06afbce@group-5D6F3134D5FC:LeaderElection61] INFO  impl.RaftServerImpl (RaftServerImpl.java:setRole(174)) - c660b52b-6779-4bda-92dc-aea8b06afbce@group-5D6F3134D5FC: changes role from CANDIDATE to LEADER at term 1 for changeToLeader
2019-09-23 08:25:39,408 [c660b52b-6779-4bda-92dc-aea8b06afbce@group-5D6F3134D5FC:LeaderElection61] INFO  impl.RaftServerImpl (ServerState.java:setLeader(253)) - c660b52b-6779-4bda-92dc-aea8b06afbce@group-5D6F3134D5FC: change Leader from null to c660b52b-6779-4bda-92dc-aea8b06afbce at term 1 for becomeLeader, leader elected after 5122ms
2019-09-23 08:25:39,408 [c660b52b-6779-4bda-92dc-aea8b06afbce@group-5D6F3134D5FC:LeaderElection61] INFO  server.RaftServerConfigKeys (ConfUtils.java:logGet(43)) - raft.server.staging.catchup.gap = 1000 (default)
2019-09-23 08:25:39,408 [c660b52b-6779-4bda-92dc-aea8b06afbce@group-5D6F3134D5FC:LeaderElection61] INFO  server.RaftServerConfigKeys (ConfUtils.java:logGet(43)) - raft.server.rpc.sleep.time = 25ms (default)
2019-09-23 08:25:39,408 [c660b52b-6779-4bda-92dc-aea8b06afbce@group-5D6F3134D5FC:LeaderElection61] INFO  server.RaftServerConfigKeys (ConfUtils.java:logGet(43)) - raft.server.write.element-limit = 4096 (default)
2019-09-23 08:25:39,408 [c660b52b-6779-4bda-92dc-aea8b06afbce@group-5D6F3134D5FC:LeaderElection61] INFO  server.RaftServerConfigKeys (ConfUtils.java:logGet(43)) - raft.server.watch.timeout = 10s (default)
2019-09-23 08:25:39,408 [c660b52b-6779-4bda-92dc-aea8b06afbce@group-5D6F3134D5FC:LeaderElection61] INFO  server.RaftServerConfigKeys (ConfUtils.java:logGet(43)) - raft.server.watch.timeout.denomination = 1s (default)
2019-09-23 08:25:39,408 [c660b52b-6779-4bda-92dc-aea8b06afbce@group-5D6F3134D5FC:LeaderElection61] INFO  server.RaftServerConfigKeys (ConfUtils.java:logGet(43)) - raft.server.watch.element-limit = 65536 (default)
2019-09-23 08:25:39,410 [c660b52b-6779-4bda-92dc-aea8b06afbce@group-5D6F3134D5FC:LeaderElection61] INFO  impl.RoleInfo (RoleInfo.java:updateAndGet(143)) - c660b52b-6779-4bda-92dc-aea8b06afbce: start LeaderState
2019-09-23 08:25:39,410 [c660b52b-6779-4bda-92dc-aea8b06afbce@group-5D6F3134D5FC:LeaderElection61] INFO  segmented.SegmentedRaftLogWorker (SegmentedRaftLogWorker.java:startLogSegment(380)) - c660b52b-6779-4bda-92dc-aea8b06afbce@group-5D6F3134D5FC-SegmentedRaftLogWorker: Starting segment from index:0
2019-09-23 08:25:39,411 [c660b52b-6779-4bda-92dc-aea8b06afbce@group-5D6F3134D5FC:LeaderElection61] INFO  impl.RaftServerImpl (ServerState.java:setRaftConf(354)) - c660b52b-6779-4bda-92dc-aea8b06afbce@group-5D6F3134D5FC: set configuration 0: [c660b52b-6779-4bda-92dc-aea8b06afbce:192.168.5.189:43413], old=null at 0
2019-09-23 08:25:39,458 [c660b52b-6779-4bda-92dc-aea8b06afbce@group-5D6F3134D5FC-SegmentedRaftLogWorker] INFO  segmented.SegmentedRaftLogWorker (SegmentedRaftLogWorker.java:execute(569)) - c660b52b-6779-4bda-92dc-aea8b06afbce@group-5D6F3134D5FC-SegmentedRaftLogWorker: created new log segment /workdir/hadoop-ozone/integration-test/target/test-dir/MiniOzoneClusterImpl-19e87cfc-d6b3-42f5-aca7-5187b9f950d1/datanode-4/data/ratis/135a77ce-e4a8-468e-a139-5d6f3134d5fc/current/log_inprogress_0
2019-09-23 08:25:39,578 [Thread-2052] INFO  impl.FollowerState (FollowerState.java:run(106)) - 3eee0bb1-8090-45b5-a26e-402c03e66bc4:group-E056FB0B466B changes to CANDIDATE, lastRpcTime:5155, electionTimeout:5155ms
2019-09-23 08:25:39,578 [Thread-2052] INFO  impl.RoleInfo (RoleInfo.java:shutdownFollowerState(121)) - 3eee0bb1-8090-45b5-a26e-402c03e66bc4: shutdown FollowerState
2019-09-23 08:25:39,578 [Thread-2052] INFO  impl.RaftServerImpl (RaftServerImpl.java:setRole(174)) - 3eee0bb1-8090-45b5-a26e-402c03e66bc4@group-E056FB0B466B: changes role from  FOLLOWER to CANDIDATE at term 0 for changeToCandidate
2019-09-23 08:25:39,578 [Thread-2052] INFO  impl.RoleInfo (RoleInfo.java:updateAndGet(143)) - 3eee0bb1-8090-45b5-a26e-402c03e66bc4: start LeaderElection
2019-09-23 08:25:39,656 [3eee0bb1-8090-45b5-a26e-402c03e66bc4@group-E056FB0B466B:LeaderElection62] INFO  impl.LeaderElection (LeaderElection.java:askForVotes(182)) - 3eee0bb1-8090-45b5-a26e-402c03e66bc4@group-E056FB0B466B:LeaderElection62: begin an election at term 1 for -1: [3eee0bb1-8090-45b5-a26e-402c03e66bc4:192.168.5.189:40679], old=null
2019-09-23 08:25:39,657 [3eee0bb1-8090-45b5-a26e-402c03e66bc4@group-E056FB0B466B:LeaderElection62] INFO  impl.RoleInfo (RoleInfo.java:shutdownLeaderElection(134)) - 3eee0bb1-8090-45b5-a26e-402c03e66bc4: shutdown LeaderElection
2019-09-23 08:25:39,657 [3eee0bb1-8090-45b5-a26e-402c03e66bc4@group-E056FB0B466B:LeaderElection62] INFO  impl.RaftServerImpl (RaftServerImpl.java:setRole(174)) - 3eee0bb1-8090-45b5-a26e-402c03e66bc4@group-E056FB0B466B: changes role from CANDIDATE to LEADER at term 1 for changeToLeader
2019-09-23 08:25:39,657 [3eee0bb1-8090-45b5-a26e-402c03e66bc4@group-E056FB0B466B:LeaderElection62] INFO  impl.RaftServerImpl (ServerState.java:setLeader(253)) - 3eee0bb1-8090-45b5-a26e-402c03e66bc4@group-E056FB0B466B: change Leader from null to 3eee0bb1-8090-45b5-a26e-402c03e66bc4 at term 1 for becomeLeader, leader elected after 5245ms
2019-09-23 08:25:39,657 [3eee0bb1-8090-45b5-a26e-402c03e66bc4@group-E056FB0B466B:LeaderElection62] INFO  server.RaftServerConfigKeys (ConfUtils.java:logGet(43)) - raft.server.staging.catchup.gap = 1000 (default)
2019-09-23 08:25:39,657 [3eee0bb1-8090-45b5-a26e-402c03e66bc4@group-E056FB0B466B:LeaderElection62] INFO  server.RaftServerConfigKeys (ConfUtils.java:logGet(43)) - raft.server.rpc.sleep.time = 25ms (default)
2019-09-23 08:25:39,658 [3eee0bb1-8090-45b5-a26e-402c03e66bc4@group-E056FB0B466B:LeaderElection62] INFO  server.RaftServerConfigKeys (ConfUtils.java:logGet(43)) - raft.server.write.element-limit = 4096 (default)
2019-09-23 08:25:39,658 [3eee0bb1-8090-45b5-a26e-402c03e66bc4@group-E056FB0B466B:LeaderElection62] INFO  server.RaftServerConfigKeys (ConfUtils.java:logGet(43)) - raft.server.watch.timeout = 10s (default)
2019-09-23 08:25:39,658 [3eee0bb1-8090-45b5-a26e-402c03e66bc4@group-E056FB0B466B:LeaderElection62] INFO  server.RaftServerConfigKeys (ConfUtils.java:logGet(43)) - raft.server.watch.timeout.denomination = 1s (default)
2019-09-23 08:25:39,658 [3eee0bb1-8090-45b5-a26e-402c03e66bc4@group-E056FB0B466B:LeaderElection62] INFO  server.RaftServerConfigKeys (ConfUtils.java:logGet(43)) - raft.server.watch.element-limit = 65536 (default)
2019-09-23 08:25:39,661 [3eee0bb1-8090-45b5-a26e-402c03e66bc4@group-E056FB0B466B:LeaderElection62] INFO  impl.RoleInfo (RoleInfo.java:updateAndGet(143)) - 3eee0bb1-8090-45b5-a26e-402c03e66bc4: start LeaderState
2019-09-23 08:25:39,661 [3eee0bb1-8090-45b5-a26e-402c03e66bc4@group-E056FB0B466B:LeaderElection62] INFO  segmented.SegmentedRaftLogWorker (SegmentedRaftLogWorker.java:startLogSegment(380)) - 3eee0bb1-8090-45b5-a26e-402c03e66bc4@group-E056FB0B466B-SegmentedRaftLogWorker: Starting segment from index:0
2019-09-23 08:25:39,662 [3eee0bb1-8090-45b5-a26e-402c03e66bc4@group-E056FB0B466B:LeaderElection62] INFO  impl.RaftServerImpl (ServerState.java:setRaftConf(354)) - 3eee0bb1-8090-45b5-a26e-402c03e66bc4@group-E056FB0B466B: set configuration 0: [3eee0bb1-8090-45b5-a26e-402c03e66bc4:192.168.5.189:40679], old=null at 0
2019-09-23 08:25:39,752 [3eee0bb1-8090-45b5-a26e-402c03e66bc4@group-E056FB0B466B-SegmentedRaftLogWorker] INFO  segmented.SegmentedRaftLogWorker (SegmentedRaftLogWorker.java:execute(569)) - 3eee0bb1-8090-45b5-a26e-402c03e66bc4@group-E056FB0B466B-SegmentedRaftLogWorker: created new log segment /workdir/hadoop-ozone/integration-test/target/test-dir/MiniOzoneClusterImpl-19e87cfc-d6b3-42f5-aca7-5187b9f950d1/datanode-3/data/ratis/2bb8f205-e1ec-4765-8747-e056fb0b466b/current/log_inprogress_0
2019-09-23 08:25:39,844 [Thread-2055] INFO  impl.FollowerState (FollowerState.java:run(106)) - 4c8cbc70-53f1-4bea-8cfc-10695697cb6f:group-CF61EB176837 changes to CANDIDATE, lastRpcTime:5121, electionTimeout:5121ms
2019-09-23 08:25:39,844 [Thread-2055] INFO  impl.RoleInfo (RoleInfo.java:shutdownFollowerState(121)) - 4c8cbc70-53f1-4bea-8cfc-10695697cb6f: shutdown FollowerState
2019-09-23 08:25:39,844 [Thread-2055] INFO  impl.RaftServerImpl (RaftServerImpl.java:setRole(174)) - 4c8cbc70-53f1-4bea-8cfc-10695697cb6f@group-CF61EB176837: changes role from  FOLLOWER to CANDIDATE at term 0 for changeToCandidate
2019-09-23 08:25:39,844 [Thread-2055] INFO  impl.RoleInfo (RoleInfo.java:updateAndGet(143)) - 4c8cbc70-53f1-4bea-8cfc-10695697cb6f: start LeaderElection
2019-09-23 08:25:39,873 [4c8cbc70-53f1-4bea-8cfc-10695697cb6f@group-CF61EB176837:LeaderElection63] INFO  impl.LeaderElection (LeaderElection.java:askForVotes(182)) - 4c8cbc70-53f1-4bea-8cfc-10695697cb6f@group-CF61EB176837:LeaderElection63: begin an election at term 1 for -1: [4c8cbc70-53f1-4bea-8cfc-10695697cb6f:192.168.5.189:44220], old=null
2019-09-23 08:25:39,873 [4c8cbc70-53f1-4bea-8cfc-10695697cb6f@group-CF61EB176837:LeaderElection63] INFO  impl.RoleInfo (RoleInfo.java:shutdownLeaderElection(134)) - 4c8cbc70-53f1-4bea-8cfc-10695697cb6f: shutdown LeaderElection
2019-09-23 08:25:39,873 [4c8cbc70-53f1-4bea-8cfc-10695697cb6f@group-CF61EB176837:LeaderElection63] INFO  impl.RaftServerImpl (RaftServerImpl.java:setRole(174)) - 4c8cbc70-53f1-4bea-8cfc-10695697cb6f@group-CF61EB176837: changes role from CANDIDATE to LEADER at term 1 for changeToLeader
2019-09-23 08:25:39,873 [4c8cbc70-53f1-4bea-8cfc-10695697cb6f@group-CF61EB176837:LeaderElection63] INFO  impl.RaftServerImpl (ServerState.java:setLeader(253)) - 4c8cbc70-53f1-4bea-8cfc-10695697cb6f@group-CF61EB176837: change Leader from null to 4c8cbc70-53f1-4bea-8cfc-10695697cb6f at term 1 for becomeLeader, leader elected after 5160ms
2019-09-23 08:25:39,873 [4c8cbc70-53f1-4bea-8cfc-10695697cb6f@group-CF61EB176837:LeaderElection63] INFO  server.RaftServerConfigKeys (ConfUtils.java:logGet(43)) - raft.server.staging.catchup.gap = 1000 (default)
2019-09-23 08:25:39,874 [4c8cbc70-53f1-4bea-8cfc-10695697cb6f@group-CF61EB176837:LeaderElection63] INFO  server.RaftServerConfigKeys (ConfUtils.java:logGet(43)) - raft.server.rpc.sleep.time = 25ms (default)
2019-09-23 08:25:39,874 [4c8cbc70-53f1-4bea-8cfc-10695697cb6f@group-CF61EB176837:LeaderElection63] INFO  server.RaftServerConfigKeys (ConfUtils.java:logGet(43)) - raft.server.write.element-limit = 4096 (default)
2019-09-23 08:25:39,874 [4c8cbc70-53f1-4bea-8cfc-10695697cb6f@group-CF61EB176837:LeaderElection63] INFO  server.RaftServerConfigKeys (ConfUtils.java:logGet(43)) - raft.server.watch.timeout = 10s (default)
2019-09-23 08:25:39,874 [4c8cbc70-53f1-4bea-8cfc-10695697cb6f@group-CF61EB176837:LeaderElection63] INFO  server.RaftServerConfigKeys (ConfUtils.java:logGet(43)) - raft.server.watch.timeout.denomination = 1s (default)
2019-09-23 08:25:39,874 [4c8cbc70-53f1-4bea-8cfc-10695697cb6f@group-CF61EB176837:LeaderElection63] INFO  server.RaftServerConfigKeys (ConfUtils.java:logGet(43)) - raft.server.watch.element-limit = 65536 (default)
2019-09-23 08:25:39,875 [4c8cbc70-53f1-4bea-8cfc-10695697cb6f@group-CF61EB176837:LeaderElection63] INFO  impl.RoleInfo (RoleInfo.java:updateAndGet(143)) - 4c8cbc70-53f1-4bea-8cfc-10695697cb6f: start LeaderState
2019-09-23 08:25:39,876 [4c8cbc70-53f1-4bea-8cfc-10695697cb6f@group-CF61EB176837:LeaderElection63] INFO  segmented.SegmentedRaftLogWorker (SegmentedRaftLogWorker.java:startLogSegment(380)) - 4c8cbc70-53f1-4bea-8cfc-10695697cb6f@group-CF61EB176837-SegmentedRaftLogWorker: Starting segment from index:0
2019-09-23 08:25:39,876 [4c8cbc70-53f1-4bea-8cfc-10695697cb6f@group-CF61EB176837:LeaderElection63] INFO  impl.RaftServerImpl (ServerState.java:setRaftConf(354)) - 4c8cbc70-53f1-4bea-8cfc-10695697cb6f@group-CF61EB176837: set configuration 0: [4c8cbc70-53f1-4bea-8cfc-10695697cb6f:192.168.5.189:44220], old=null at 0
2019-09-23 08:25:39,900 [Thread-2058] INFO  impl.FollowerState (FollowerState.java:run(106)) - 6197e7ae-b81d-49ea-af68-f6d72316ae49:group-56FC4929FD38 changes to CANDIDATE, lastRpcTime:5032, electionTimeout:5008ms
2019-09-23 08:25:39,901 [Thread-2058] INFO  impl.RoleInfo (RoleInfo.java:shutdownFollowerState(121)) - 6197e7ae-b81d-49ea-af68-f6d72316ae49: shutdown FollowerState
2019-09-23 08:25:39,901 [Thread-2058] INFO  impl.RaftServerImpl (RaftServerImpl.java:setRole(174)) - 6197e7ae-b81d-49ea-af68-f6d72316ae49@group-56FC4929FD38: changes role from  FOLLOWER to CANDIDATE at term 0 for changeToCandidate
2019-09-23 08:25:39,901 [Thread-2058] INFO  impl.RoleInfo (RoleInfo.java:updateAndGet(143)) - 6197e7ae-b81d-49ea-af68-f6d72316ae49: start LeaderElection
2019-09-23 08:25:40,014 [4c8cbc70-53f1-4bea-8cfc-10695697cb6f@group-CF61EB176837-SegmentedRaftLogWorker] INFO  segmented.SegmentedRaftLogWorker (SegmentedRaftLogWorker.java:execute(569)) - 4c8cbc70-53f1-4bea-8cfc-10695697cb6f@group-CF61EB176837-SegmentedRaftLogWorker: created new log segment /workdir/hadoop-ozone/integration-test/target/test-dir/MiniOzoneClusterImpl-19e87cfc-d6b3-42f5-aca7-5187b9f950d1/datanode-5/data/ratis/c7335d44-db96-407b-a37f-cf61eb176837/current/log_inprogress_0
2019-09-23 08:25:40,043 [6197e7ae-b81d-49ea-af68-f6d72316ae49@group-56FC4929FD38:LeaderElection64] INFO  impl.LeaderElection (LeaderElection.java:askForVotes(182)) - 6197e7ae-b81d-49ea-af68-f6d72316ae49@group-56FC4929FD38:LeaderElection64: begin an election at term 1 for -1: [6197e7ae-b81d-49ea-af68-f6d72316ae49:192.168.5.189:43270], old=null
2019-09-23 08:25:40,043 [6197e7ae-b81d-49ea-af68-f6d72316ae49@group-56FC4929FD38:LeaderElection64] INFO  impl.RoleInfo (RoleInfo.java:shutdownLeaderElection(134)) - 6197e7ae-b81d-49ea-af68-f6d72316ae49: shutdown LeaderElection
2019-09-23 08:25:40,043 [6197e7ae-b81d-49ea-af68-f6d72316ae49@group-56FC4929FD38:LeaderElection64] INFO  impl.RaftServerImpl (RaftServerImpl.java:setRole(174)) - 6197e7ae-b81d-49ea-af68-f6d72316ae49@group-56FC4929FD38: changes role from CANDIDATE to LEADER at term 1 for changeToLeader
2019-09-23 08:25:40,044 [6197e7ae-b81d-49ea-af68-f6d72316ae49@group-56FC4929FD38:LeaderElection64] INFO  impl.RaftServerImpl (ServerState.java:setLeader(253)) - 6197e7ae-b81d-49ea-af68-f6d72316ae49@group-56FC4929FD38: change Leader from null to 6197e7ae-b81d-49ea-af68-f6d72316ae49 at term 1 for becomeLeader, leader elected after 5181ms
2019-09-23 08:25:40,044 [6197e7ae-b81d-49ea-af68-f6d72316ae49@group-56FC4929FD38:LeaderElection64] INFO  server.RaftServerConfigKeys (ConfUtils.java:logGet(43)) - raft.server.staging.catchup.gap = 1000 (default)
2019-09-23 08:25:40,044 [6197e7ae-b81d-49ea-af68-f6d72316ae49@group-56FC4929FD38:LeaderElection64] INFO  server.RaftServerConfigKeys (ConfUtils.java:logGet(43)) - raft.server.rpc.sleep.time = 25ms (default)
2019-09-23 08:25:40,044 [6197e7ae-b81d-49ea-af68-f6d72316ae49@group-56FC4929FD38:LeaderElection64] INFO  server.RaftServerConfigKeys (ConfUtils.java:logGet(43)) - raft.server.write.element-limit = 4096 (default)
2019-09-23 08:25:40,044 [6197e7ae-b81d-49ea-af68-f6d72316ae49@group-56FC4929FD38:LeaderElection64] INFO  server.RaftServerConfigKeys (ConfUtils.java:logGet(43)) - raft.server.watch.timeout = 10s (default)
2019-09-23 08:25:40,044 [6197e7ae-b81d-49ea-af68-f6d72316ae49@group-56FC4929FD38:LeaderElection64] INFO  server.RaftServerConfigKeys (ConfUtils.java:logGet(43)) - raft.server.watch.timeout.denomination = 1s (default)
2019-09-23 08:25:40,044 [6197e7ae-b81d-49ea-af68-f6d72316ae49@group-56FC4929FD38:LeaderElection64] INFO  server.RaftServerConfigKeys (ConfUtils.java:logGet(43)) - raft.server.watch.element-limit = 65536 (default)
2019-09-23 08:25:40,046 [6197e7ae-b81d-49ea-af68-f6d72316ae49@group-56FC4929FD38:LeaderElection64] INFO  impl.RoleInfo (RoleInfo.java:updateAndGet(143)) - 6197e7ae-b81d-49ea-af68-f6d72316ae49: start LeaderState
2019-09-23 08:25:40,046 [6197e7ae-b81d-49ea-af68-f6d72316ae49@group-56FC4929FD38:LeaderElection64] INFO  segmented.SegmentedRaftLogWorker (SegmentedRaftLogWorker.java:startLogSegment(380)) - 6197e7ae-b81d-49ea-af68-f6d72316ae49@group-56FC4929FD38-SegmentedRaftLogWorker: Starting segment from index:0
2019-09-23 08:25:40,046 [6197e7ae-b81d-49ea-af68-f6d72316ae49@group-56FC4929FD38:LeaderElection64] INFO  impl.RaftServerImpl (ServerState.java:setRaftConf(354)) - 6197e7ae-b81d-49ea-af68-f6d72316ae49@group-56FC4929FD38: set configuration 0: [6197e7ae-b81d-49ea-af68-f6d72316ae49:192.168.5.189:43270], old=null at 0
2019-09-23 08:25:40,162 [6197e7ae-b81d-49ea-af68-f6d72316ae49@group-56FC4929FD38-SegmentedRaftLogWorker] INFO  segmented.SegmentedRaftLogWorker (SegmentedRaftLogWorker.java:execute(569)) - 6197e7ae-b81d-49ea-af68-f6d72316ae49@group-56FC4929FD38-SegmentedRaftLogWorker: created new log segment /workdir/hadoop-ozone/integration-test/target/test-dir/MiniOzoneClusterImpl-19e87cfc-d6b3-42f5-aca7-5187b9f950d1/datanode-2/data/ratis/a5f769e1-851d-45a8-a236-56fc4929fd38/current/log_inprogress_0
2019-09-23 08:25:40,377 [Thread-2061] INFO  impl.FollowerState (FollowerState.java:run(106)) - 5a3c7c97-77ff-4a15-aac9-1030e35f3ee9:group-AEF52BDCEE4F changes to CANDIDATE, lastRpcTime:5135, electionTimeout:5135ms
2019-09-23 08:25:40,377 [Thread-2061] INFO  impl.RoleInfo (RoleInfo.java:shutdownFollowerState(121)) - 5a3c7c97-77ff-4a15-aac9-1030e35f3ee9: shutdown FollowerState
2019-09-23 08:25:40,378 [Thread-2061] INFO  impl.RaftServerImpl (RaftServerImpl.java:setRole(174)) - 5a3c7c97-77ff-4a15-aac9-1030e35f3ee9@group-AEF52BDCEE4F: changes role from  FOLLOWER to CANDIDATE at term 0 for changeToCandidate
2019-09-23 08:25:40,378 [Thread-2061] INFO  impl.RoleInfo (RoleInfo.java:updateAndGet(143)) - 5a3c7c97-77ff-4a15-aac9-1030e35f3ee9: start LeaderElection
2019-09-23 08:25:40,578 [Thread-2072] INFO  impl.FollowerState (FollowerState.java:run(106)) - c660b52b-6779-4bda-92dc-aea8b06afbce:group-0C0B33C042B8 changes to CANDIDATE, lastRpcTime:5024, electionTimeout:5024ms
2019-09-23 08:25:40,578 [Thread-2072] INFO  impl.RoleInfo (RoleInfo.java:shutdownFollowerState(121)) - c660b52b-6779-4bda-92dc-aea8b06afbce: shutdown FollowerState
2019-09-23 08:25:40,578 [Thread-2072] INFO  impl.RaftServerImpl (RaftServerImpl.java:setRole(174)) - c660b52b-6779-4bda-92dc-aea8b06afbce@group-0C0B33C042B8: changes role from  FOLLOWER to CANDIDATE at term 0 for changeToCandidate
2019-09-23 08:25:40,579 [Thread-2072] INFO  impl.RoleInfo (RoleInfo.java:updateAndGet(143)) - c660b52b-6779-4bda-92dc-aea8b06afbce: start LeaderElection
2019-09-23 08:25:40,595 [Thread-2070] INFO  impl.FollowerState (FollowerState.java:run(106)) - 4c8cbc70-53f1-4bea-8cfc-10695697cb6f:group-0C0B33C042B8 changes to CANDIDATE, lastRpcTime:5043, electionTimeout:5043ms
2019-09-23 08:25:40,595 [Thread-2070] INFO  impl.RoleInfo (RoleInfo.java:shutdownFollowerState(121)) - 4c8cbc70-53f1-4bea-8cfc-10695697cb6f: shutdown FollowerState
2019-09-23 08:25:40,595 [Thread-2070] INFO  impl.RaftServerImpl (RaftServerImpl.java:setRole(174)) - 4c8cbc70-53f1-4bea-8cfc-10695697cb6f@group-0C0B33C042B8: changes role from  FOLLOWER to CANDIDATE at term 0 for changeToCandidate
2019-09-23 08:25:40,595 [Thread-2070] INFO  impl.RoleInfo (RoleInfo.java:updateAndGet(143)) - 4c8cbc70-53f1-4bea-8cfc-10695697cb6f: start LeaderElection
2019-09-23 08:25:40,639 [Thread-2068] INFO  impl.FollowerState (FollowerState.java:run(106)) - 3eee0bb1-8090-45b5-a26e-402c03e66bc4:group-0C0B33C042B8 changes to CANDIDATE, lastRpcTime:5088, electionTimeout:5088ms
2019-09-23 08:25:40,639 [Thread-2068] INFO  impl.RoleInfo (RoleInfo.java:shutdownFollowerState(121)) - 3eee0bb1-8090-45b5-a26e-402c03e66bc4: shutdown FollowerState
2019-09-23 08:25:40,639 [Thread-2068] INFO  impl.RaftServerImpl (RaftServerImpl.java:setRole(174)) - 3eee0bb1-8090-45b5-a26e-402c03e66bc4@group-0C0B33C042B8: changes role from  FOLLOWER to CANDIDATE at term 0 for changeToCandidate
2019-09-23 08:25:40,639 [Thread-2068] INFO  impl.RoleInfo (RoleInfo.java:updateAndGet(143)) - 3eee0bb1-8090-45b5-a26e-402c03e66bc4: start LeaderElection
2019-09-23 08:25:40,777 [Thread-2080] INFO  impl.FollowerState (FollowerState.java:run(106)) - 2a1cf675-fed6-4e15-89f8-39e10c8a9fa4:group-8DDED73C4B70 changes to CANDIDATE, lastRpcTime:5114, electionTimeout:5114ms
2019-09-23 08:25:40,777 [Thread-2080] INFO  impl.RoleInfo (RoleInfo.java:shutdownFollowerState(121)) - 2a1cf675-fed6-4e15-89f8-39e10c8a9fa4: shutdown FollowerState
2019-09-23 08:25:40,777 [Thread-2080] INFO  impl.RaftServerImpl (RaftServerImpl.java:setRole(174)) - 2a1cf675-fed6-4e15-89f8-39e10c8a9fa4@group-8DDED73C4B70: changes role from  FOLLOWER to CANDIDATE at term 0 for changeToCandidate
2019-09-23 08:25:40,777 [Thread-2080] INFO  impl.RoleInfo (RoleInfo.java:updateAndGet(143)) - 2a1cf675-fed6-4e15-89f8-39e10c8a9fa4: start LeaderElection
2019-09-23 08:25:40,790 [Thread-2075] INFO  impl.FollowerState (FollowerState.java:run(106)) - f82d1a01-aed8-41dc-a822-e51972e4d50c:group-8DDED73C4B70 changes to CANDIDATE, lastRpcTime:5131, electionTimeout:5130ms
2019-09-23 08:25:40,791 [Thread-2075] INFO  impl.RoleInfo (RoleInfo.java:shutdownFollowerState(121)) - f82d1a01-aed8-41dc-a822-e51972e4d50c: shutdown FollowerState
2019-09-23 08:25:40,791 [Thread-2075] INFO  impl.RaftServerImpl (RaftServerImpl.java:setRole(174)) - f82d1a01-aed8-41dc-a822-e51972e4d50c@group-8DDED73C4B70: changes role from  FOLLOWER to CANDIDATE at term 0 for changeToCandidate
2019-09-23 08:25:40,791 [Thread-2075] INFO  impl.RoleInfo (RoleInfo.java:updateAndGet(143)) - f82d1a01-aed8-41dc-a822-e51972e4d50c: start LeaderElection
2019-09-23 08:25:40,799 [Thread-2079] INFO  impl.FollowerState (FollowerState.java:run(106)) - 6197e7ae-b81d-49ea-af68-f6d72316ae49:group-8DDED73C4B70 changes to CANDIDATE, lastRpcTime:5137, electionTimeout:5135ms
2019-09-23 08:25:40,803 [Thread-2079] INFO  impl.RoleInfo (RoleInfo.java:shutdownFollowerState(121)) - 6197e7ae-b81d-49ea-af68-f6d72316ae49: shutdown FollowerState
2019-09-23 08:25:40,803 [Thread-2079] INFO  impl.RaftServerImpl (RaftServerImpl.java:setRole(174)) - 6197e7ae-b81d-49ea-af68-f6d72316ae49@group-8DDED73C4B70: changes role from  FOLLOWER to CANDIDATE at term 0 for changeToCandidate
2019-09-23 08:25:40,805 [Thread-2079] INFO  impl.RoleInfo (RoleInfo.java:updateAndGet(143)) - 6197e7ae-b81d-49ea-af68-f6d72316ae49: start LeaderElection
2019-09-23 08:25:40,838 [5a3c7c97-77ff-4a15-aac9-1030e35f3ee9@group-AEF52BDCEE4F:LeaderElection65] INFO  impl.LeaderElection (LeaderElection.java:askForVotes(182)) - 5a3c7c97-77ff-4a15-aac9-1030e35f3ee9@group-AEF52BDCEE4F:LeaderElection65: begin an election at term 1 for -1: [5a3c7c97-77ff-4a15-aac9-1030e35f3ee9:192.168.5.189:39901], old=null
2019-09-23 08:25:40,838 [5a3c7c97-77ff-4a15-aac9-1030e35f3ee9@group-AEF52BDCEE4F:LeaderElection65] INFO  impl.RoleInfo (RoleInfo.java:shutdownLeaderElection(134)) - 5a3c7c97-77ff-4a15-aac9-1030e35f3ee9: shutdown LeaderElection
2019-09-23 08:25:40,838 [5a3c7c97-77ff-4a15-aac9-1030e35f3ee9@group-AEF52BDCEE4F:LeaderElection65] INFO  impl.RaftServerImpl (RaftServerImpl.java:setRole(174)) - 5a3c7c97-77ff-4a15-aac9-1030e35f3ee9@group-AEF52BDCEE4F: changes role from CANDIDATE to LEADER at term 1 for changeToLeader
2019-09-23 08:25:40,838 [5a3c7c97-77ff-4a15-aac9-1030e35f3ee9@group-AEF52BDCEE4F:LeaderElection65] INFO  impl.RaftServerImpl (ServerState.java:setLeader(253)) - 5a3c7c97-77ff-4a15-aac9-1030e35f3ee9@group-AEF52BDCEE4F: change Leader from null to 5a3c7c97-77ff-4a15-aac9-1030e35f3ee9 at term 1 for becomeLeader, leader elected after 5602ms
2019-09-23 08:25:40,838 [5a3c7c97-77ff-4a15-aac9-1030e35f3ee9@group-AEF52BDCEE4F:LeaderElection65] INFO  server.RaftServerConfigKeys (ConfUtils.java:logGet(43)) - raft.server.staging.catchup.gap = 1000 (default)
2019-09-23 08:25:40,838 [5a3c7c97-77ff-4a15-aac9-1030e35f3ee9@group-AEF52BDCEE4F:LeaderElection65] INFO  server.RaftServerConfigKeys (ConfUtils.java:logGet(43)) - raft.server.rpc.sleep.time = 25ms (default)
2019-09-23 08:25:40,838 [5a3c7c97-77ff-4a15-aac9-1030e35f3ee9@group-AEF52BDCEE4F:LeaderElection65] INFO  server.RaftServerConfigKeys (ConfUtils.java:logGet(43)) - raft.server.write.element-limit = 4096 (default)
2019-09-23 08:25:40,839 [5a3c7c97-77ff-4a15-aac9-1030e35f3ee9@group-AEF52BDCEE4F:LeaderElection65] INFO  server.RaftServerConfigKeys (ConfUtils.java:logGet(43)) - raft.server.watch.timeout = 10s (default)
2019-09-23 08:25:40,839 [5a3c7c97-77ff-4a15-aac9-1030e35f3ee9@group-AEF52BDCEE4F:LeaderElection65] INFO  server.RaftServerConfigKeys (ConfUtils.java:logGet(43)) - raft.server.watch.timeout.denomination = 1s (default)
2019-09-23 08:25:40,839 [5a3c7c97-77ff-4a15-aac9-1030e35f3ee9@group-AEF52BDCEE4F:LeaderElection65] INFO  server.RaftServerConfigKeys (ConfUtils.java:logGet(43)) - raft.server.watch.element-limit = 65536 (default)
2019-09-23 08:25:40,839 [f82d1a01-aed8-41dc-a822-e51972e4d50c@group-8DDED73C4B70:LeaderElection70] INFO  impl.LeaderElection (LeaderElection.java:askForVotes(182)) - f82d1a01-aed8-41dc-a822-e51972e4d50c@group-8DDED73C4B70:LeaderElection70: begin an election at term 1 for -1: [2a1cf675-fed6-4e15-89f8-39e10c8a9fa4:192.168.5.189:45943, f82d1a01-aed8-41dc-a822-e51972e4d50c:192.168.5.189:33171, 6197e7ae-b81d-49ea-af68-f6d72316ae49:192.168.5.189:43270], old=null
2019-09-23 08:25:40,839 [c660b52b-6779-4bda-92dc-aea8b06afbce@group-0C0B33C042B8:LeaderElection66] INFO  impl.LeaderElection (LeaderElection.java:askForVotes(182)) - c660b52b-6779-4bda-92dc-aea8b06afbce@group-0C0B33C042B8:LeaderElection66: begin an election at term 1 for -1: [3eee0bb1-8090-45b5-a26e-402c03e66bc4:192.168.5.189:40679, c660b52b-6779-4bda-92dc-aea8b06afbce:192.168.5.189:43413, 4c8cbc70-53f1-4bea-8cfc-10695697cb6f:192.168.5.189:44220], old=null
2019-09-23 08:25:40,839 [2a1cf675-fed6-4e15-89f8-39e10c8a9fa4@group-8DDED73C4B70:LeaderElection69] INFO  impl.LeaderElection (LeaderElection.java:askForVotes(182)) - 2a1cf675-fed6-4e15-89f8-39e10c8a9fa4@group-8DDED73C4B70:LeaderElection69: begin an election at term 1 for -1: [2a1cf675-fed6-4e15-89f8-39e10c8a9fa4:192.168.5.189:45943, f82d1a01-aed8-41dc-a822-e51972e4d50c:192.168.5.189:33171, 6197e7ae-b81d-49ea-af68-f6d72316ae49:192.168.5.189:43270], old=null
2019-09-23 08:25:40,839 [4c8cbc70-53f1-4bea-8cfc-10695697cb6f@group-0C0B33C042B8:LeaderElection67] INFO  impl.LeaderElection (LeaderElection.java:askForVotes(182)) - 4c8cbc70-53f1-4bea-8cfc-10695697cb6f@group-0C0B33C042B8:LeaderElection67: begin an election at term 1 for -1: [3eee0bb1-8090-45b5-a26e-402c03e66bc4:192.168.5.189:40679, c660b52b-6779-4bda-92dc-aea8b06afbce:192.168.5.189:43413, 4c8cbc70-53f1-4bea-8cfc-10695697cb6f:192.168.5.189:44220], old=null
2019-09-23 08:25:40,839 [6197e7ae-b81d-49ea-af68-f6d72316ae49@group-8DDED73C4B70:LeaderElection71] INFO  impl.LeaderElection (LeaderElection.java:askForVotes(182)) - 6197e7ae-b81d-49ea-af68-f6d72316ae49@group-8DDED73C4B70:LeaderElection71: begin an election at term 1 for -1: [2a1cf675-fed6-4e15-89f8-39e10c8a9fa4:192.168.5.189:45943, f82d1a01-aed8-41dc-a822-e51972e4d50c:192.168.5.189:33171, 6197e7ae-b81d-49ea-af68-f6d72316ae49:192.168.5.189:43270], old=null
2019-09-23 08:25:40,839 [3eee0bb1-8090-45b5-a26e-402c03e66bc4@group-0C0B33C042B8:LeaderElection68] INFO  impl.LeaderElection (LeaderElection.java:askForVotes(182)) - 3eee0bb1-8090-45b5-a26e-402c03e66bc4@group-0C0B33C042B8:LeaderElection68: begin an election at term 1 for -1: [3eee0bb1-8090-45b5-a26e-402c03e66bc4:192.168.5.189:40679, c660b52b-6779-4bda-92dc-aea8b06afbce:192.168.5.189:43413, 4c8cbc70-53f1-4bea-8cfc-10695697cb6f:192.168.5.189:44220], old=null
2019-09-23 08:25:40,841 [5a3c7c97-77ff-4a15-aac9-1030e35f3ee9@group-AEF52BDCEE4F:LeaderElection65] INFO  impl.RoleInfo (RoleInfo.java:updateAndGet(143)) - 5a3c7c97-77ff-4a15-aac9-1030e35f3ee9: start LeaderState
2019-09-23 08:25:40,842 [5a3c7c97-77ff-4a15-aac9-1030e35f3ee9@group-AEF52BDCEE4F:LeaderElection65] INFO  segmented.SegmentedRaftLogWorker (SegmentedRaftLogWorker.java:startLogSegment(380)) - 5a3c7c97-77ff-4a15-aac9-1030e35f3ee9@group-AEF52BDCEE4F-SegmentedRaftLogWorker: Starting segment from index:0
2019-09-23 08:25:40,842 [5a3c7c97-77ff-4a15-aac9-1030e35f3ee9@group-AEF52BDCEE4F:LeaderElection65] INFO  impl.RaftServerImpl (ServerState.java:setRaftConf(354)) - 5a3c7c97-77ff-4a15-aac9-1030e35f3ee9@group-AEF52BDCEE4F: set configuration 0: [5a3c7c97-77ff-4a15-aac9-1030e35f3ee9:192.168.5.189:39901], old=null at 0
2019-09-23 08:25:40,879 [6197e7ae-b81d-49ea-af68-f6d72316ae49@group-8DDED73C4B70:LeaderElection71] INFO  impl.LeaderElection (LeaderElection.java:logAndReturn(56)) - 6197e7ae-b81d-49ea-af68-f6d72316ae49@group-8DDED73C4B70:LeaderElection71: Election REJECTED; received 2 response(s) [6197e7ae-b81d-49ea-af68-f6d72316ae49<-2a1cf675-fed6-4e15-89f8-39e10c8a9fa4#0:FAIL-t1, 6197e7ae-b81d-49ea-af68-f6d72316ae49<-f82d1a01-aed8-41dc-a822-e51972e4d50c#0:FAIL-t1] and 0 exception(s); 6197e7ae-b81d-49ea-af68-f6d72316ae49@group-8DDED73C4B70:t1, leader=null, voted=6197e7ae-b81d-49ea-af68-f6d72316ae49, raftlog=6197e7ae-b81d-49ea-af68-f6d72316ae49@group-8DDED73C4B70-SegmentedRaftLog:OPENED:c-1,f-1,i0, conf=-1: [2a1cf675-fed6-4e15-89f8-39e10c8a9fa4:192.168.5.189:45943, f82d1a01-aed8-41dc-a822-e51972e4d50c:192.168.5.189:33171, 6197e7ae-b81d-49ea-af68-f6d72316ae49:192.168.5.189:43270], old=null
2019-09-23 08:25:40,879 [2a1cf675-fed6-4e15-89f8-39e10c8a9fa4@group-8DDED73C4B70:LeaderElection69] INFO  impl.LeaderElection (LeaderElection.java:logAndReturn(56)) - 2a1cf675-fed6-4e15-89f8-39e10c8a9fa4@group-8DDED73C4B70:LeaderElection69: Election REJECTED; received 2 response(s) [2a1cf675-fed6-4e15-89f8-39e10c8a9fa4<-f82d1a01-aed8-41dc-a822-e51972e4d50c#0:FAIL-t1, 2a1cf675-fed6-4e15-89f8-39e10c8a9fa4<-6197e7ae-b81d-49ea-af68-f6d72316ae49#0:FAIL-t1] and 0 exception(s); 2a1cf675-fed6-4e15-89f8-39e10c8a9fa4@group-8DDED73C4B70:t1, leader=null, voted=2a1cf675-fed6-4e15-89f8-39e10c8a9fa4, raftlog=2a1cf675-fed6-4e15-89f8-39e10c8a9fa4@group-8DDED73C4B70-SegmentedRaftLog:OPENED:c-1,f-1,i0, conf=-1: [2a1cf675-fed6-4e15-89f8-39e10c8a9fa4:192.168.5.189:45943, f82d1a01-aed8-41dc-a822-e51972e4d50c:192.168.5.189:33171, 6197e7ae-b81d-49ea-af68-f6d72316ae49:192.168.5.189:43270], old=null
2019-09-23 08:25:40,880 [6197e7ae-b81d-49ea-af68-f6d72316ae49@group-8DDED73C4B70:LeaderElection71] INFO  impl.RaftServerImpl (RaftServerImpl.java:setRole(174)) - 6197e7ae-b81d-49ea-af68-f6d72316ae49@group-8DDED73C4B70: changes role from CANDIDATE to FOLLOWER at term 1 for DISCOVERED_A_NEW_TERM
2019-09-23 08:25:40,881 [2a1cf675-fed6-4e15-89f8-39e10c8a9fa4@group-8DDED73C4B70:LeaderElection69] INFO  impl.RaftServerImpl (RaftServerImpl.java:setRole(174)) - 2a1cf675-fed6-4e15-89f8-39e10c8a9fa4@group-8DDED73C4B70: changes role from CANDIDATE to FOLLOWER at term 1 for DISCOVERED_A_NEW_TERM
2019-09-23 08:25:40,881 [6197e7ae-b81d-49ea-af68-f6d72316ae49@group-8DDED73C4B70:LeaderElection71] INFO  impl.RoleInfo (RoleInfo.java:shutdownLeaderElection(134)) - 6197e7ae-b81d-49ea-af68-f6d72316ae49: shutdown LeaderElection
2019-09-23 08:25:40,883 [f82d1a01-aed8-41dc-a822-e51972e4d50c@group-8DDED73C4B70:LeaderElection70] INFO  impl.LeaderElection (LeaderElection.java:logAndReturn(56)) - f82d1a01-aed8-41dc-a822-e51972e4d50c@group-8DDED73C4B70:LeaderElection70: Election REJECTED; received 2 response(s) [f82d1a01-aed8-41dc-a822-e51972e4d50c<-2a1cf675-fed6-4e15-89f8-39e10c8a9fa4#0:FAIL-t1, f82d1a01-aed8-41dc-a822-e51972e4d50c<-6197e7ae-b81d-49ea-af68-f6d72316ae49#0:FAIL-t1] and 0 exception(s); f82d1a01-aed8-41dc-a822-e51972e4d50c@group-8DDED73C4B70:t1, leader=null, voted=f82d1a01-aed8-41dc-a822-e51972e4d50c, raftlog=f82d1a01-aed8-41dc-a822-e51972e4d50c@group-8DDED73C4B70-SegmentedRaftLog:OPENED:c-1,f-1,i0, conf=-1: [2a1cf675-fed6-4e15-89f8-39e10c8a9fa4:192.168.5.189:45943, f82d1a01-aed8-41dc-a822-e51972e4d50c:192.168.5.189:33171, 6197e7ae-b81d-49ea-af68-f6d72316ae49:192.168.5.189:43270], old=null
2019-09-23 08:25:40,883 [4c8cbc70-53f1-4bea-8cfc-10695697cb6f@group-0C0B33C042B8:LeaderElection67] INFO  impl.LeaderElection (LeaderElection.java:logAndReturn(56)) - 4c8cbc70-53f1-4bea-8cfc-10695697cb6f@group-0C0B33C042B8:LeaderElection67: Election REJECTED; received 2 response(s) [4c8cbc70-53f1-4bea-8cfc-10695697cb6f<-3eee0bb1-8090-45b5-a26e-402c03e66bc4#0:FAIL-t1, 4c8cbc70-53f1-4bea-8cfc-10695697cb6f<-c660b52b-6779-4bda-92dc-aea8b06afbce#0:FAIL-t1] and 0 exception(s); 4c8cbc70-53f1-4bea-8cfc-10695697cb6f@group-0C0B33C042B8:t1, leader=null, voted=4c8cbc70-53f1-4bea-8cfc-10695697cb6f, raftlog=4c8cbc70-53f1-4bea-8cfc-10695697cb6f@group-0C0B33C042B8-SegmentedRaftLog:OPENED:c-1,f-1,i0, conf=-1: [3eee0bb1-8090-45b5-a26e-402c03e66bc4:192.168.5.189:40679, c660b52b-6779-4bda-92dc-aea8b06afbce:192.168.5.189:43413, 4c8cbc70-53f1-4bea-8cfc-10695697cb6f:192.168.5.189:44220], old=null
2019-09-23 08:25:40,883 [2a1cf675-fed6-4e15-89f8-39e10c8a9fa4@group-8DDED73C4B70:LeaderElection69] INFO  impl.RoleInfo (RoleInfo.java:shutdownLeaderElection(134)) - 2a1cf675-fed6-4e15-89f8-39e10c8a9fa4: shutdown LeaderElection
2019-09-23 08:25:40,885 [c660b52b-6779-4bda-92dc-aea8b06afbce@group-0C0B33C042B8:LeaderElection66] INFO  impl.LeaderElection (LeaderElection.java:logAndReturn(56)) - c660b52b-6779-4bda-92dc-aea8b06afbce@group-0C0B33C042B8:LeaderElection66: Election REJECTED; received 2 response(s) [c660b52b-6779-4bda-92dc-aea8b06afbce<-3eee0bb1-8090-45b5-a26e-402c03e66bc4#0:FAIL-t1, c660b52b-6779-4bda-92dc-aea8b06afbce<-4c8cbc70-53f1-4bea-8cfc-10695697cb6f#0:FAIL-t1] and 0 exception(s); c660b52b-6779-4bda-92dc-aea8b06afbce@group-0C0B33C042B8:t1, leader=null, voted=c660b52b-6779-4bda-92dc-aea8b06afbce, raftlog=c660b52b-6779-4bda-92dc-aea8b06afbce@group-0C0B33C042B8-SegmentedRaftLog:OPENED:c-1,f-1,i0, conf=-1: [3eee0bb1-8090-45b5-a26e-402c03e66bc4:192.168.5.189:40679, c660b52b-6779-4bda-92dc-aea8b06afbce:192.168.5.189:43413, 4c8cbc70-53f1-4bea-8cfc-10695697cb6f:192.168.5.189:44220], old=null
2019-09-23 08:25:40,885 [4c8cbc70-53f1-4bea-8cfc-10695697cb6f@group-0C0B33C042B8:LeaderElection67] INFO  impl.RaftServerImpl (RaftServerImpl.java:setRole(174)) - 4c8cbc70-53f1-4bea-8cfc-10695697cb6f@group-0C0B33C042B8: changes role from CANDIDATE to FOLLOWER at term 1 for DISCOVERED_A_NEW_TERM
2019-09-23 08:25:40,887 [4c8cbc70-53f1-4bea-8cfc-10695697cb6f@group-0C0B33C042B8:LeaderElection67] INFO  impl.RoleInfo (RoleInfo.java:shutdownLeaderElection(134)) - 4c8cbc70-53f1-4bea-8cfc-10695697cb6f: shutdown LeaderElection
2019-09-23 08:25:40,883 [f82d1a01-aed8-41dc-a822-e51972e4d50c@group-8DDED73C4B70:LeaderElection70] INFO  impl.RaftServerImpl (RaftServerImpl.java:setRole(174)) - f82d1a01-aed8-41dc-a822-e51972e4d50c@group-8DDED73C4B70: changes role from CANDIDATE to FOLLOWER at term 1 for DISCOVERED_A_NEW_TERM
2019-09-23 08:25:40,883 [6197e7ae-b81d-49ea-af68-f6d72316ae49@group-8DDED73C4B70:LeaderElection71] INFO  impl.RoleInfo (RoleInfo.java:updateAndGet(143)) - 6197e7ae-b81d-49ea-af68-f6d72316ae49: start FollowerState
2019-09-23 08:25:40,888 [4c8cbc70-53f1-4bea-8cfc-10695697cb6f@group-0C0B33C042B8:LeaderElection67] INFO  impl.RoleInfo (RoleInfo.java:updateAndGet(143)) - 4c8cbc70-53f1-4bea-8cfc-10695697cb6f: start FollowerState
2019-09-23 08:25:40,888 [f82d1a01-aed8-41dc-a822-e51972e4d50c@group-8DDED73C4B70:LeaderElection70] INFO  impl.RoleInfo (RoleInfo.java:shutdownLeaderElection(134)) - f82d1a01-aed8-41dc-a822-e51972e4d50c: shutdown LeaderElection
2019-09-23 08:25:40,887 [3eee0bb1-8090-45b5-a26e-402c03e66bc4@group-0C0B33C042B8:LeaderElection68] INFO  impl.LeaderElection (LeaderElection.java:logAndReturn(56)) - 3eee0bb1-8090-45b5-a26e-402c03e66bc4@group-0C0B33C042B8:LeaderElection68: Election REJECTED; received 2 response(s) [3eee0bb1-8090-45b5-a26e-402c03e66bc4<-c660b52b-6779-4bda-92dc-aea8b06afbce#0:FAIL-t1, 3eee0bb1-8090-45b5-a26e-402c03e66bc4<-4c8cbc70-53f1-4bea-8cfc-10695697cb6f#0:FAIL-t1] and 0 exception(s); 3eee0bb1-8090-45b5-a26e-402c03e66bc4@group-0C0B33C042B8:t1, leader=null, voted=3eee0bb1-8090-45b5-a26e-402c03e66bc4, raftlog=3eee0bb1-8090-45b5-a26e-402c03e66bc4@group-0C0B33C042B8-SegmentedRaftLog:OPENED:c-1,f-1,i0, conf=-1: [3eee0bb1-8090-45b5-a26e-402c03e66bc4:192.168.5.189:40679, c660b52b-6779-4bda-92dc-aea8b06afbce:192.168.5.189:43413, 4c8cbc70-53f1-4bea-8cfc-10695697cb6f:192.168.5.189:44220], old=null
2019-09-23 08:25:40,887 [c660b52b-6779-4bda-92dc-aea8b06afbce@group-0C0B33C042B8:LeaderElection66] INFO  impl.RaftServerImpl (RaftServerImpl.java:setRole(174)) - c660b52b-6779-4bda-92dc-aea8b06afbce@group-0C0B33C042B8: changes role from CANDIDATE to FOLLOWER at term 1 for DISCOVERED_A_NEW_TERM
2019-09-23 08:25:40,886 [2a1cf675-fed6-4e15-89f8-39e10c8a9fa4@group-8DDED73C4B70:LeaderElection69] INFO  impl.RoleInfo (RoleInfo.java:updateAndGet(143)) - 2a1cf675-fed6-4e15-89f8-39e10c8a9fa4: start FollowerState
2019-09-23 08:25:40,889 [c660b52b-6779-4bda-92dc-aea8b06afbce@group-0C0B33C042B8:LeaderElection66] INFO  impl.RoleInfo (RoleInfo.java:shutdownLeaderElection(134)) - c660b52b-6779-4bda-92dc-aea8b06afbce: shutdown LeaderElection
2019-09-23 08:25:40,889 [3eee0bb1-8090-45b5-a26e-402c03e66bc4@group-0C0B33C042B8:LeaderElection68] INFO  impl.RaftServerImpl (RaftServerImpl.java:setRole(174)) - 3eee0bb1-8090-45b5-a26e-402c03e66bc4@group-0C0B33C042B8: changes role from CANDIDATE to FOLLOWER at term 1 for DISCOVERED_A_NEW_TERM
2019-09-23 08:25:40,888 [f82d1a01-aed8-41dc-a822-e51972e4d50c@group-8DDED73C4B70:LeaderElection70] INFO  impl.RoleInfo (RoleInfo.java:updateAndGet(143)) - f82d1a01-aed8-41dc-a822-e51972e4d50c: start FollowerState
2019-09-23 08:25:40,890 [3eee0bb1-8090-45b5-a26e-402c03e66bc4@group-0C0B33C042B8:LeaderElection68] INFO  impl.RoleInfo (RoleInfo.java:shutdownLeaderElection(134)) - 3eee0bb1-8090-45b5-a26e-402c03e66bc4: shutdown LeaderElection
2019-09-23 08:25:40,890 [c660b52b-6779-4bda-92dc-aea8b06afbce@group-0C0B33C042B8:LeaderElection66] INFO  impl.RoleInfo (RoleInfo.java:updateAndGet(143)) - c660b52b-6779-4bda-92dc-aea8b06afbce: start FollowerState
2019-09-23 08:25:40,891 [3eee0bb1-8090-45b5-a26e-402c03e66bc4@group-0C0B33C042B8:LeaderElection68] INFO  impl.RoleInfo (RoleInfo.java:updateAndGet(143)) - 3eee0bb1-8090-45b5-a26e-402c03e66bc4: start FollowerState
2019-09-23 08:25:40,934 [5a3c7c97-77ff-4a15-aac9-1030e35f3ee9@group-AEF52BDCEE4F-SegmentedRaftLogWorker] INFO  segmented.SegmentedRaftLogWorker (SegmentedRaftLogWorker.java:execute(569)) - 5a3c7c97-77ff-4a15-aac9-1030e35f3ee9@group-AEF52BDCEE4F-SegmentedRaftLogWorker: created new log segment /workdir/hadoop-ozone/integration-test/target/test-dir/MiniOzoneClusterImpl-19e87cfc-d6b3-42f5-aca7-5187b9f950d1/datanode-6/data/ratis/49ea0c8f-b348-489a-8a0b-aef52bdcee4f/current/log_inprogress_0
2019-09-23 08:25:45,990 [Thread-2132] INFO  impl.FollowerState (FollowerState.java:run(106)) - f82d1a01-aed8-41dc-a822-e51972e4d50c:group-8DDED73C4B70 changes to CANDIDATE, lastRpcTime:5101, electionTimeout:5099ms
2019-09-23 08:25:45,990 [Thread-2132] INFO  impl.RoleInfo (RoleInfo.java:shutdownFollowerState(121)) - f82d1a01-aed8-41dc-a822-e51972e4d50c: shutdown FollowerState
2019-09-23 08:25:45,990 [Thread-2132] INFO  impl.RaftServerImpl (RaftServerImpl.java:setRole(174)) - f82d1a01-aed8-41dc-a822-e51972e4d50c@group-8DDED73C4B70: changes role from  FOLLOWER to CANDIDATE at term 1 for changeToCandidate
2019-09-23 08:25:45,991 [Thread-2132] INFO  impl.RoleInfo (RoleInfo.java:updateAndGet(143)) - f82d1a01-aed8-41dc-a822-e51972e4d50c: start LeaderElection
2019-09-23 08:25:45,993 [Thread-2133] INFO  impl.FollowerState (FollowerState.java:run(106)) - c660b52b-6779-4bda-92dc-aea8b06afbce:group-0C0B33C042B8 changes to CANDIDATE, lastRpcTime:5102, electionTimeout:5101ms
2019-09-23 08:25:45,993 [Thread-2133] INFO  impl.RoleInfo (RoleInfo.java:shutdownFollowerState(121)) - c660b52b-6779-4bda-92dc-aea8b06afbce: shutdown FollowerState
2019-09-23 08:25:45,994 [Thread-2133] INFO  impl.RaftServerImpl (RaftServerImpl.java:setRole(174)) - c660b52b-6779-4bda-92dc-aea8b06afbce@group-0C0B33C042B8: changes role from  FOLLOWER to CANDIDATE at term 1 for changeToCandidate
2019-09-23 08:25:45,994 [Thread-2133] INFO  impl.RoleInfo (RoleInfo.java:updateAndGet(143)) - c660b52b-6779-4bda-92dc-aea8b06afbce: start LeaderElection
2019-09-23 08:25:46,016 [Thread-2131] INFO  impl.FollowerState (FollowerState.java:run(106)) - 4c8cbc70-53f1-4bea-8cfc-10695697cb6f:group-0C0B33C042B8 changes to CANDIDATE, lastRpcTime:5127, electionTimeout:5127ms
2019-09-23 08:25:46,016 [Thread-2131] INFO  impl.RoleInfo (RoleInfo.java:shutdownFollowerState(121)) - 4c8cbc70-53f1-4bea-8cfc-10695697cb6f: shutdown FollowerState
2019-09-23 08:25:46,016 [Thread-2131] INFO  impl.RaftServerImpl (RaftServerImpl.java:setRole(174)) - 4c8cbc70-53f1-4bea-8cfc-10695697cb6f@group-0C0B33C042B8: changes role from  FOLLOWER to CANDIDATE at term 1 for changeToCandidate
2019-09-23 08:25:46,016 [Thread-2131] INFO  impl.RoleInfo (RoleInfo.java:updateAndGet(143)) - 4c8cbc70-53f1-4bea-8cfc-10695697cb6f: start LeaderElection
2019-09-23 08:25:46,019 [Thread-2130] INFO  impl.FollowerState (FollowerState.java:run(106)) - 2a1cf675-fed6-4e15-89f8-39e10c8a9fa4:group-8DDED73C4B70 changes to CANDIDATE, lastRpcTime:5132, electionTimeout:5128ms
2019-09-23 08:25:46,019 [Thread-2130] INFO  impl.RoleInfo (RoleInfo.java:shutdownFollowerState(121)) - 2a1cf675-fed6-4e15-89f8-39e10c8a9fa4: shutdown FollowerState
2019-09-23 08:25:46,019 [Thread-2130] INFO  impl.RaftServerImpl (RaftServerImpl.java:setRole(174)) - 2a1cf675-fed6-4e15-89f8-39e10c8a9fa4@group-8DDED73C4B70: changes role from  FOLLOWER to CANDIDATE at term 1 for changeToCandidate
2019-09-23 08:25:46,019 [Thread-2130] INFO  impl.RoleInfo (RoleInfo.java:updateAndGet(143)) - 2a1cf675-fed6-4e15-89f8-39e10c8a9fa4: start LeaderElection
2019-09-23 08:25:46,038 [Thread-2134] INFO  impl.FollowerState (FollowerState.java:run(106)) - 3eee0bb1-8090-45b5-a26e-402c03e66bc4:group-0C0B33C042B8 changes to CANDIDATE, lastRpcTime:5147, electionTimeout:5147ms
2019-09-23 08:25:46,038 [Thread-2134] INFO  impl.RoleInfo (RoleInfo.java:shutdownFollowerState(121)) - 3eee0bb1-8090-45b5-a26e-402c03e66bc4: shutdown FollowerState
2019-09-23 08:25:46,039 [Thread-2134] INFO  impl.RaftServerImpl (RaftServerImpl.java:setRole(174)) - 3eee0bb1-8090-45b5-a26e-402c03e66bc4@group-0C0B33C042B8: changes role from  FOLLOWER to CANDIDATE at term 1 for changeToCandidate
2019-09-23 08:25:46,039 [Thread-2134] INFO  impl.RoleInfo (RoleInfo.java:updateAndGet(143)) - 3eee0bb1-8090-45b5-a26e-402c03e66bc4: start LeaderElection
2019-09-23 08:25:46,083 [Thread-2129] INFO  impl.FollowerState (FollowerState.java:run(106)) - 6197e7ae-b81d-49ea-af68-f6d72316ae49:group-8DDED73C4B70 changes to CANDIDATE, lastRpcTime:5199, electionTimeout:5194ms
2019-09-23 08:25:46,083 [Thread-2129] INFO  impl.RoleInfo (RoleInfo.java:shutdownFollowerState(121)) - 6197e7ae-b81d-49ea-af68-f6d72316ae49: shutdown FollowerState
2019-09-23 08:25:46,083 [Thread-2129] INFO  impl.RaftServerImpl (RaftServerImpl.java:setRole(174)) - 6197e7ae-b81d-49ea-af68-f6d72316ae49@group-8DDED73C4B70: changes role from  FOLLOWER to CANDIDATE at term 1 for changeToCandidate
2019-09-23 08:25:46,083 [Thread-2129] INFO  impl.RoleInfo (RoleInfo.java:updateAndGet(143)) - 6197e7ae-b81d-49ea-af68-f6d72316ae49: start LeaderElection
2019-09-23 08:25:46,673 [f82d1a01-aed8-41dc-a822-e51972e4d50c@group-8DDED73C4B70:LeaderElection72] INFO  impl.LeaderElection (LeaderElection.java:askForVotes(182)) - f82d1a01-aed8-41dc-a822-e51972e4d50c@group-8DDED73C4B70:LeaderElection72: begin an election at term 2 for -1: [2a1cf675-fed6-4e15-89f8-39e10c8a9fa4:192.168.5.189:45943, f82d1a01-aed8-41dc-a822-e51972e4d50c:192.168.5.189:33171, 6197e7ae-b81d-49ea-af68-f6d72316ae49:192.168.5.189:43270], old=null
2019-09-23 08:25:46,673 [6197e7ae-b81d-49ea-af68-f6d72316ae49@group-8DDED73C4B70:LeaderElection77] INFO  impl.LeaderElection (LeaderElection.java:askForVotes(182)) - 6197e7ae-b81d-49ea-af68-f6d72316ae49@group-8DDED73C4B70:LeaderElection77: begin an election at term 2 for -1: [2a1cf675-fed6-4e15-89f8-39e10c8a9fa4:192.168.5.189:45943, f82d1a01-aed8-41dc-a822-e51972e4d50c:192.168.5.189:33171, 6197e7ae-b81d-49ea-af68-f6d72316ae49:192.168.5.189:43270], old=null
2019-09-23 08:25:46,673 [c660b52b-6779-4bda-92dc-aea8b06afbce@group-0C0B33C042B8:LeaderElection73] INFO  impl.LeaderElection (LeaderElection.java:askForVotes(182)) - c660b52b-6779-4bda-92dc-aea8b06afbce@group-0C0B33C042B8:LeaderElection73: begin an election at term 2 for -1: [3eee0bb1-8090-45b5-a26e-402c03e66bc4:192.168.5.189:40679, c660b52b-6779-4bda-92dc-aea8b06afbce:192.168.5.189:43413, 4c8cbc70-53f1-4bea-8cfc-10695697cb6f:192.168.5.189:44220], old=null
2019-09-23 08:25:46,673 [2a1cf675-fed6-4e15-89f8-39e10c8a9fa4@group-8DDED73C4B70:LeaderElection75] INFO  impl.LeaderElection (LeaderElection.java:askForVotes(182)) - 2a1cf675-fed6-4e15-89f8-39e10c8a9fa4@group-8DDED73C4B70:LeaderElection75: begin an election at term 2 for -1: [2a1cf675-fed6-4e15-89f8-39e10c8a9fa4:192.168.5.189:45943, f82d1a01-aed8-41dc-a822-e51972e4d50c:192.168.5.189:33171, 6197e7ae-b81d-49ea-af68-f6d72316ae49:192.168.5.189:43270], old=null
2019-09-23 08:25:46,673 [4c8cbc70-53f1-4bea-8cfc-10695697cb6f@group-0C0B33C042B8:LeaderElection74] INFO  impl.LeaderElection (LeaderElection.java:askForVotes(182)) - 4c8cbc70-53f1-4bea-8cfc-10695697cb6f@group-0C0B33C042B8:LeaderElection74: begin an election at term 2 for -1: [3eee0bb1-8090-45b5-a26e-402c03e66bc4:192.168.5.189:40679, c660b52b-6779-4bda-92dc-aea8b06afbce:192.168.5.189:43413, 4c8cbc70-53f1-4bea-8cfc-10695697cb6f:192.168.5.189:44220], old=null
2019-09-23 08:25:46,673 [3eee0bb1-8090-45b5-a26e-402c03e66bc4@group-0C0B33C042B8:LeaderElection76] INFO  impl.LeaderElection (LeaderElection.java:askForVotes(182)) - 3eee0bb1-8090-45b5-a26e-402c03e66bc4@group-0C0B33C042B8:LeaderElection76: begin an election at term 2 for -1: [3eee0bb1-8090-45b5-a26e-402c03e66bc4:192.168.5.189:40679, c660b52b-6779-4bda-92dc-aea8b06afbce:192.168.5.189:43413, 4c8cbc70-53f1-4bea-8cfc-10695697cb6f:192.168.5.189:44220], old=null
2019-09-23 08:25:46,682 [6197e7ae-b81d-49ea-af68-f6d72316ae49@group-8DDED73C4B70:LeaderElection77] INFO  impl.LeaderElection (LeaderElection.java:logAndReturn(56)) - 6197e7ae-b81d-49ea-af68-f6d72316ae49@group-8DDED73C4B70:LeaderElection77: Election REJECTED; received 2 response(s) [6197e7ae-b81d-49ea-af68-f6d72316ae49<-2a1cf675-fed6-4e15-89f8-39e10c8a9fa4#0:FAIL-t2, 6197e7ae-b81d-49ea-af68-f6d72316ae49<-f82d1a01-aed8-41dc-a822-e51972e4d50c#0:FAIL-t2] and 0 exception(s); 6197e7ae-b81d-49ea-af68-f6d72316ae49@group-8DDED73C4B70:t2, leader=null, voted=6197e7ae-b81d-49ea-af68-f6d72316ae49, raftlog=6197e7ae-b81d-49ea-af68-f6d72316ae49@group-8DDED73C4B70-SegmentedRaftLog:OPENED:c-1,f-1,i0, conf=-1: [2a1cf675-fed6-4e15-89f8-39e10c8a9fa4:192.168.5.189:45943, f82d1a01-aed8-41dc-a822-e51972e4d50c:192.168.5.189:33171, 6197e7ae-b81d-49ea-af68-f6d72316ae49:192.168.5.189:43270], old=null
2019-09-23 08:25:46,682 [6197e7ae-b81d-49ea-af68-f6d72316ae49@group-8DDED73C4B70:LeaderElection77] INFO  impl.RaftServerImpl (RaftServerImpl.java:setRole(174)) - 6197e7ae-b81d-49ea-af68-f6d72316ae49@group-8DDED73C4B70: changes role from CANDIDATE to FOLLOWER at term 2 for DISCOVERED_A_NEW_TERM
2019-09-23 08:25:46,683 [6197e7ae-b81d-49ea-af68-f6d72316ae49@group-8DDED73C4B70:LeaderElection77] INFO  impl.RoleInfo (RoleInfo.java:shutdownLeaderElection(134)) - 6197e7ae-b81d-49ea-af68-f6d72316ae49: shutdown LeaderElection
2019-09-23 08:25:46,683 [4c8cbc70-53f1-4bea-8cfc-10695697cb6f@group-0C0B33C042B8:LeaderElection74] INFO  impl.LeaderElection (LeaderElection.java:logAndReturn(56)) - 4c8cbc70-53f1-4bea-8cfc-10695697cb6f@group-0C0B33C042B8:LeaderElection74: Election REJECTED; received 2 response(s) [4c8cbc70-53f1-4bea-8cfc-10695697cb6f<-3eee0bb1-8090-45b5-a26e-402c03e66bc4#0:FAIL-t2, 4c8cbc70-53f1-4bea-8cfc-10695697cb6f<-c660b52b-6779-4bda-92dc-aea8b06afbce#0:FAIL-t2] and 0 exception(s); 4c8cbc70-53f1-4bea-8cfc-10695697cb6f@group-0C0B33C042B8:t2, leader=null, voted=4c8cbc70-53f1-4bea-8cfc-10695697cb6f, raftlog=4c8cbc70-53f1-4bea-8cfc-10695697cb6f@group-0C0B33C042B8-SegmentedRaftLog:OPENED:c-1,f-1,i0, conf=-1: [3eee0bb1-8090-45b5-a26e-402c03e66bc4:192.168.5.189:40679, c660b52b-6779-4bda-92dc-aea8b06afbce:192.168.5.189:43413, 4c8cbc70-53f1-4bea-8cfc-10695697cb6f:192.168.5.189:44220], old=null
2019-09-23 08:25:46,683 [c660b52b-6779-4bda-92dc-aea8b06afbce@group-0C0B33C042B8:LeaderElection73] INFO  impl.LeaderElection (LeaderElection.java:logAndReturn(56)) - c660b52b-6779-4bda-92dc-aea8b06afbce@group-0C0B33C042B8:LeaderElection73: Election REJECTED; received 2 response(s) [c660b52b-6779-4bda-92dc-aea8b06afbce<-3eee0bb1-8090-45b5-a26e-402c03e66bc4#0:FAIL-t2, c660b52b-6779-4bda-92dc-aea8b06afbce<-4c8cbc70-53f1-4bea-8cfc-10695697cb6f#0:FAIL-t2] and 0 exception(s); c660b52b-6779-4bda-92dc-aea8b06afbce@group-0C0B33C042B8:t2, leader=null, voted=c660b52b-6779-4bda-92dc-aea8b06afbce, raftlog=c660b52b-6779-4bda-92dc-aea8b06afbce@group-0C0B33C042B8-SegmentedRaftLog:OPENED:c-1,f-1,i0, conf=-1: [3eee0bb1-8090-45b5-a26e-402c03e66bc4:192.168.5.189:40679, c660b52b-6779-4bda-92dc-aea8b06afbce:192.168.5.189:43413, 4c8cbc70-53f1-4bea-8cfc-10695697cb6f:192.168.5.189:44220], old=null
2019-09-23 08:25:46,685 [4c8cbc70-53f1-4bea-8cfc-10695697cb6f@group-0C0B33C042B8:LeaderElection74] INFO  impl.RaftServerImpl (RaftServerImpl.java:setRole(174)) - 4c8cbc70-53f1-4bea-8cfc-10695697cb6f@group-0C0B33C042B8: changes role from CANDIDATE to FOLLOWER at term 2 for DISCOVERED_A_NEW_TERM
2019-09-23 08:25:46,687 [4c8cbc70-53f1-4bea-8cfc-10695697cb6f@group-0C0B33C042B8:LeaderElection74] INFO  impl.RoleInfo (RoleInfo.java:shutdownLeaderElection(134)) - 4c8cbc70-53f1-4bea-8cfc-10695697cb6f: shutdown LeaderElection
2019-09-23 08:25:46,687 [c660b52b-6779-4bda-92dc-aea8b06afbce@group-0C0B33C042B8:LeaderElection73] INFO  impl.RaftServerImpl (RaftServerImpl.java:setRole(174)) - c660b52b-6779-4bda-92dc-aea8b06afbce@group-0C0B33C042B8: changes role from CANDIDATE to FOLLOWER at term 2 for DISCOVERED_A_NEW_TERM
2019-09-23 08:25:46,687 [6197e7ae-b81d-49ea-af68-f6d72316ae49@group-8DDED73C4B70:LeaderElection77] INFO  impl.RoleInfo (RoleInfo.java:updateAndGet(143)) - 6197e7ae-b81d-49ea-af68-f6d72316ae49: start FollowerState
2019-09-23 08:25:46,689 [3eee0bb1-8090-45b5-a26e-402c03e66bc4@group-0C0B33C042B8:LeaderElection76] INFO  impl.LeaderElection (LeaderElection.java:logAndReturn(56)) - 3eee0bb1-8090-45b5-a26e-402c03e66bc4@group-0C0B33C042B8:LeaderElection76: Election REJECTED; received 2 response(s) [3eee0bb1-8090-45b5-a26e-402c03e66bc4<-c660b52b-6779-4bda-92dc-aea8b06afbce#0:FAIL-t2, 3eee0bb1-8090-45b5-a26e-402c03e66bc4<-4c8cbc70-53f1-4bea-8cfc-10695697cb6f#0:FAIL-t2] and 0 exception(s); 3eee0bb1-8090-45b5-a26e-402c03e66bc4@group-0C0B33C042B8:t2, leader=null, voted=3eee0bb1-8090-45b5-a26e-402c03e66bc4, raftlog=3eee0bb1-8090-45b5-a26e-402c03e66bc4@group-0C0B33C042B8-SegmentedRaftLog:OPENED:c-1,f-1,i0, conf=-1: [3eee0bb1-8090-45b5-a26e-402c03e66bc4:192.168.5.189:40679, c660b52b-6779-4bda-92dc-aea8b06afbce:192.168.5.189:43413, 4c8cbc70-53f1-4bea-8cfc-10695697cb6f:192.168.5.189:44220], old=null
2019-09-23 08:25:46,689 [3eee0bb1-8090-45b5-a26e-402c03e66bc4@group-0C0B33C042B8:LeaderElection76] INFO  impl.RaftServerImpl (RaftServerImpl.java:setRole(174)) - 3eee0bb1-8090-45b5-a26e-402c03e66bc4@group-0C0B33C042B8: changes role from CANDIDATE to FOLLOWER at term 2 for DISCOVERED_A_NEW_TERM
2019-09-23 08:25:46,689 [3eee0bb1-8090-45b5-a26e-402c03e66bc4@group-0C0B33C042B8:LeaderElection76] INFO  impl.RoleInfo (RoleInfo.java:shutdownLeaderElection(134)) - 3eee0bb1-8090-45b5-a26e-402c03e66bc4: shutdown LeaderElection
2019-09-23 08:25:46,689 [3eee0bb1-8090-45b5-a26e-402c03e66bc4@group-0C0B33C042B8:LeaderElection76] INFO  impl.RoleInfo (RoleInfo.java:updateAndGet(143)) - 3eee0bb1-8090-45b5-a26e-402c03e66bc4: start FollowerState
2019-09-23 08:25:46,689 [4c8cbc70-53f1-4bea-8cfc-10695697cb6f@group-0C0B33C042B8:LeaderElection74] INFO  impl.RoleInfo (RoleInfo.java:updateAndGet(143)) - 4c8cbc70-53f1-4bea-8cfc-10695697cb6f: start FollowerState
2019-09-23 08:25:46,689 [c660b52b-6779-4bda-92dc-aea8b06afbce@group-0C0B33C042B8:LeaderElection73] INFO  impl.RoleInfo (RoleInfo.java:shutdownLeaderElection(134)) - c660b52b-6779-4bda-92dc-aea8b06afbce: shutdown LeaderElection
2019-09-23 08:25:46,687 [2a1cf675-fed6-4e15-89f8-39e10c8a9fa4@group-8DDED73C4B70:LeaderElection75] INFO  impl.LeaderElection (LeaderElection.java:logAndReturn(56)) - 2a1cf675-fed6-4e15-89f8-39e10c8a9fa4@group-8DDED73C4B70:LeaderElection75: Election REJECTED; received 2 response(s) [2a1cf675-fed6-4e15-89f8-39e10c8a9fa4<-f82d1a01-aed8-41dc-a822-e51972e4d50c#0:FAIL-t2, 2a1cf675-fed6-4e15-89f8-39e10c8a9fa4<-6197e7ae-b81d-49ea-af68-f6d72316ae49#0:FAIL-t2] and 0 exception(s); 2a1cf675-fed6-4e15-89f8-39e10c8a9fa4@group-8DDED73C4B70:t2, leader=null, voted=2a1cf675-fed6-4e15-89f8-39e10c8a9fa4, raftlog=2a1cf675-fed6-4e15-89f8-39e10c8a9fa4@group-8DDED73C4B70-SegmentedRaftLog:OPENED:c-1,f-1,i0, conf=-1: [2a1cf675-fed6-4e15-89f8-39e10c8a9fa4:192.168.5.189:45943, f82d1a01-aed8-41dc-a822-e51972e4d50c:192.168.5.189:33171, 6197e7ae-b81d-49ea-af68-f6d72316ae49:192.168.5.189:43270], old=null
2019-09-23 08:25:46,693 [2a1cf675-fed6-4e15-89f8-39e10c8a9fa4@group-8DDED73C4B70:LeaderElection75] INFO  impl.RaftServerImpl (RaftServerImpl.java:setRole(174)) - 2a1cf675-fed6-4e15-89f8-39e10c8a9fa4@group-8DDED73C4B70: changes role from CANDIDATE to FOLLOWER at term 2 for DISCOVERED_A_NEW_TERM
2019-09-23 08:25:46,687 [f82d1a01-aed8-41dc-a822-e51972e4d50c@group-8DDED73C4B70:LeaderElection72] INFO  impl.LeaderElection (LeaderElection.java:logAndReturn(56)) - f82d1a01-aed8-41dc-a822-e51972e4d50c@group-8DDED73C4B70:LeaderElection72: Election REJECTED; received 2 response(s) [f82d1a01-aed8-41dc-a822-e51972e4d50c<-2a1cf675-fed6-4e15-89f8-39e10c8a9fa4#0:FAIL-t2, f82d1a01-aed8-41dc-a822-e51972e4d50c<-6197e7ae-b81d-49ea-af68-f6d72316ae49#0:FAIL-t2] and 0 exception(s); f82d1a01-aed8-41dc-a822-e51972e4d50c@group-8DDED73C4B70:t2, leader=null, voted=f82d1a01-aed8-41dc-a822-e51972e4d50c, raftlog=f82d1a01-aed8-41dc-a822-e51972e4d50c@group-8DDED73C4B70-SegmentedRaftLog:OPENED:c-1,f-1,i0, conf=-1: [2a1cf675-fed6-4e15-89f8-39e10c8a9fa4:192.168.5.189:45943, f82d1a01-aed8-41dc-a822-e51972e4d50c:192.168.5.189:33171, 6197e7ae-b81d-49ea-af68-f6d72316ae49:192.168.5.189:43270], old=null
2019-09-23 08:25:46,693 [2a1cf675-fed6-4e15-89f8-39e10c8a9fa4@group-8DDED73C4B70:LeaderElection75] INFO  impl.RoleInfo (RoleInfo.java:shutdownLeaderElection(134)) - 2a1cf675-fed6-4e15-89f8-39e10c8a9fa4: shutdown LeaderElection
2019-09-23 08:25:46,693 [c660b52b-6779-4bda-92dc-aea8b06afbce@group-0C0B33C042B8:LeaderElection73] INFO  impl.RoleInfo (RoleInfo.java:updateAndGet(143)) - c660b52b-6779-4bda-92dc-aea8b06afbce: start FollowerState
2019-09-23 08:25:46,696 [2a1cf675-fed6-4e15-89f8-39e10c8a9fa4@group-8DDED73C4B70:LeaderElection75] INFO  impl.RoleInfo (RoleInfo.java:updateAndGet(143)) - 2a1cf675-fed6-4e15-89f8-39e10c8a9fa4: start FollowerState
2019-09-23 08:25:46,695 [f82d1a01-aed8-41dc-a822-e51972e4d50c@group-8DDED73C4B70:LeaderElection72] INFO  impl.RaftServerImpl (RaftServerImpl.java:setRole(174)) - f82d1a01-aed8-41dc-a822-e51972e4d50c@group-8DDED73C4B70: changes role from CANDIDATE to FOLLOWER at term 2 for DISCOVERED_A_NEW_TERM
2019-09-23 08:25:46,697 [f82d1a01-aed8-41dc-a822-e51972e4d50c@group-8DDED73C4B70:LeaderElection72] INFO  impl.RoleInfo (RoleInfo.java:shutdownLeaderElection(134)) - f82d1a01-aed8-41dc-a822-e51972e4d50c: shutdown LeaderElection
2019-09-23 08:25:46,697 [f82d1a01-aed8-41dc-a822-e51972e4d50c@group-8DDED73C4B70:LeaderElection72] INFO  impl.RoleInfo (RoleInfo.java:updateAndGet(143)) - f82d1a01-aed8-41dc-a822-e51972e4d50c: start FollowerState
2019-09-23 08:25:51,722 [Thread-2167] INFO  impl.FollowerState (FollowerState.java:run(106)) - 2a1cf675-fed6-4e15-89f8-39e10c8a9fa4:group-8DDED73C4B70 changes to CANDIDATE, lastRpcTime:5025, electionTimeout:5025ms
2019-09-23 08:25:51,723 [Thread-2167] INFO  impl.RoleInfo (RoleInfo.java:shutdownFollowerState(121)) - 2a1cf675-fed6-4e15-89f8-39e10c8a9fa4: shutdown FollowerState
2019-09-23 08:25:51,723 [Thread-2167] INFO  impl.RaftServerImpl (RaftServerImpl.java:setRole(174)) - 2a1cf675-fed6-4e15-89f8-39e10c8a9fa4@group-8DDED73C4B70: changes role from  FOLLOWER to CANDIDATE at term 2 for changeToCandidate
2019-09-23 08:25:51,724 [Thread-2167] INFO  impl.RoleInfo (RoleInfo.java:updateAndGet(143)) - 2a1cf675-fed6-4e15-89f8-39e10c8a9fa4: start LeaderElection
2019-09-23 08:25:51,763 [Thread-2163] INFO  impl.FollowerState (FollowerState.java:run(106)) - 6197e7ae-b81d-49ea-af68-f6d72316ae49:group-8DDED73C4B70 changes to CANDIDATE, lastRpcTime:5079, electionTimeout:5073ms
2019-09-23 08:25:51,763 [Thread-2163] INFO  impl.RoleInfo (RoleInfo.java:shutdownFollowerState(121)) - 6197e7ae-b81d-49ea-af68-f6d72316ae49: shutdown FollowerState
2019-09-23 08:25:51,763 [Thread-2163] INFO  impl.RaftServerImpl (RaftServerImpl.java:setRole(174)) - 6197e7ae-b81d-49ea-af68-f6d72316ae49@group-8DDED73C4B70: changes role from  FOLLOWER to CANDIDATE at term 2 for changeToCandidate
2019-09-23 08:25:51,763 [Thread-2163] INFO  impl.RoleInfo (RoleInfo.java:updateAndGet(143)) - 6197e7ae-b81d-49ea-af68-f6d72316ae49: start LeaderElection
2019-09-23 08:25:51,780 [Thread-2164] INFO  impl.FollowerState (FollowerState.java:run(106)) - 4c8cbc70-53f1-4bea-8cfc-10695697cb6f:group-0C0B33C042B8 changes to CANDIDATE, lastRpcTime:5091, electionTimeout:5087ms
2019-09-23 08:25:51,781 [Thread-2164] INFO  impl.RoleInfo (RoleInfo.java:shutdownFollowerState(121)) - 4c8cbc70-53f1-4bea-8cfc-10695697cb6f: shutdown FollowerState
2019-09-23 08:25:51,781 [Thread-2164] INFO  impl.RaftServerImpl (RaftServerImpl.java:setRole(174)) - 4c8cbc70-53f1-4bea-8cfc-10695697cb6f@group-0C0B33C042B8: changes role from  FOLLOWER to CANDIDATE at term 2 for changeToCandidate
2019-09-23 08:25:51,781 [Thread-2164] INFO  impl.RoleInfo (RoleInfo.java:updateAndGet(143)) - 4c8cbc70-53f1-4bea-8cfc-10695697cb6f: start LeaderElection
2019-09-23 08:25:51,791 [Thread-2168] INFO  impl.FollowerState (FollowerState.java:run(106)) - f82d1a01-aed8-41dc-a822-e51972e4d50c:group-8DDED73C4B70 changes to CANDIDATE, lastRpcTime:5094, electionTimeout:5094ms
2019-09-23 08:25:51,791 [Thread-2168] INFO  impl.RoleInfo (RoleInfo.java:shutdownFollowerState(121)) - f82d1a01-aed8-41dc-a822-e51972e4d50c: shutdown FollowerState
2019-09-23 08:25:51,792 [Thread-2168] INFO  impl.RaftServerImpl (RaftServerImpl.java:setRole(174)) - f82d1a01-aed8-41dc-a822-e51972e4d50c@group-8DDED73C4B70: changes role from  FOLLOWER to CANDIDATE at term 2 for changeToCandidate
2019-09-23 08:25:51,792 [Thread-2168] INFO  impl.RoleInfo (RoleInfo.java:updateAndGet(143)) - f82d1a01-aed8-41dc-a822-e51972e4d50c: start LeaderElection
2019-09-23 08:25:51,798 [Thread-2166] INFO  impl.FollowerState (FollowerState.java:run(106)) - c660b52b-6779-4bda-92dc-aea8b06afbce:group-0C0B33C042B8 changes to CANDIDATE, lastRpcTime:5104, electionTimeout:5101ms
2019-09-23 08:25:51,798 [Thread-2166] INFO  impl.RoleInfo (RoleInfo.java:shutdownFollowerState(121)) - c660b52b-6779-4bda-92dc-aea8b06afbce: shutdown FollowerState
2019-09-23 08:25:51,798 [Thread-2166] INFO  impl.RaftServerImpl (RaftServerImpl.java:setRole(174)) - c660b52b-6779-4bda-92dc-aea8b06afbce@group-0C0B33C042B8: changes role from  FOLLOWER to CANDIDATE at term 2 for changeToCandidate
2019-09-23 08:25:51,798 [Thread-2166] INFO  impl.RoleInfo (RoleInfo.java:updateAndGet(143)) - c660b52b-6779-4bda-92dc-aea8b06afbce: start LeaderElection
2019-09-23 08:25:51,822 [Thread-2165] INFO  impl.FollowerState (FollowerState.java:run(106)) - 3eee0bb1-8090-45b5-a26e-402c03e66bc4:group-0C0B33C042B8 changes to CANDIDATE, lastRpcTime:5132, electionTimeout:5132ms
2019-09-23 08:25:51,822 [Thread-2165] INFO  impl.RoleInfo (RoleInfo.java:shutdownFollowerState(121)) - 3eee0bb1-8090-45b5-a26e-402c03e66bc4: shutdown FollowerState
2019-09-23 08:25:51,822 [Thread-2165] INFO  impl.RaftServerImpl (RaftServerImpl.java:setRole(174)) - 3eee0bb1-8090-45b5-a26e-402c03e66bc4@group-0C0B33C042B8: changes role from  FOLLOWER to CANDIDATE at term 2 for changeToCandidate
2019-09-23 08:25:51,822 [Thread-2165] INFO  impl.RoleInfo (RoleInfo.java:updateAndGet(143)) - 3eee0bb1-8090-45b5-a26e-402c03e66bc4: start LeaderElection
2019-09-23 08:25:52,297 [6197e7ae-b81d-49ea-af68-f6d72316ae49@group-8DDED73C4B70:LeaderElection79] INFO  impl.LeaderElection (LeaderElection.java:askForVotes(182)) - 6197e7ae-b81d-49ea-af68-f6d72316ae49@group-8DDED73C4B70:LeaderElection79: begin an election at term 3 for -1: [2a1cf675-fed6-4e15-89f8-39e10c8a9fa4:192.168.5.189:45943, f82d1a01-aed8-41dc-a822-e51972e4d50c:192.168.5.189:33171, 6197e7ae-b81d-49ea-af68-f6d72316ae49:192.168.5.189:43270], old=null
2019-09-23 08:25:52,297 [3eee0bb1-8090-45b5-a26e-402c03e66bc4@group-0C0B33C042B8:LeaderElection83] INFO  impl.LeaderElection (LeaderElection.java:askForVotes(182)) - 3eee0bb1-8090-45b5-a26e-402c03e66bc4@group-0C0B33C042B8:LeaderElection83: begin an election at term 3 for -1: [3eee0bb1-8090-45b5-a26e-402c03e66bc4:192.168.5.189:40679, c660b52b-6779-4bda-92dc-aea8b06afbce:192.168.5.189:43413, 4c8cbc70-53f1-4bea-8cfc-10695697cb6f:192.168.5.189:44220], old=null
2019-09-23 08:25:52,297 [4c8cbc70-53f1-4bea-8cfc-10695697cb6f@group-0C0B33C042B8:LeaderElection80] INFO  impl.LeaderElection (LeaderElection.java:askForVotes(182)) - 4c8cbc70-53f1-4bea-8cfc-10695697cb6f@group-0C0B33C042B8:LeaderElection80: begin an election at term 3 for -1: [3eee0bb1-8090-45b5-a26e-402c03e66bc4:192.168.5.189:40679, c660b52b-6779-4bda-92dc-aea8b06afbce:192.168.5.189:43413, 4c8cbc70-53f1-4bea-8cfc-10695697cb6f:192.168.5.189:44220], old=null
2019-09-23 08:25:52,297 [2a1cf675-fed6-4e15-89f8-39e10c8a9fa4@group-8DDED73C4B70:LeaderElection78] INFO  impl.LeaderElection (LeaderElection.java:askForVotes(182)) - 2a1cf675-fed6-4e15-89f8-39e10c8a9fa4@group-8DDED73C4B70:LeaderElection78: begin an election at term 3 for -1: [2a1cf675-fed6-4e15-89f8-39e10c8a9fa4:192.168.5.189:45943, f82d1a01-aed8-41dc-a822-e51972e4d50c:192.168.5.189:33171, 6197e7ae-b81d-49ea-af68-f6d72316ae49:192.168.5.189:43270], old=null
2019-09-23 08:25:52,297 [c660b52b-6779-4bda-92dc-aea8b06afbce@group-0C0B33C042B8:LeaderElection82] INFO  impl.LeaderElection (LeaderElection.java:askForVotes(182)) - c660b52b-6779-4bda-92dc-aea8b06afbce@group-0C0B33C042B8:LeaderElection82: begin an election at term 3 for -1: [3eee0bb1-8090-45b5-a26e-402c03e66bc4:192.168.5.189:40679, c660b52b-6779-4bda-92dc-aea8b06afbce:192.168.5.189:43413, 4c8cbc70-53f1-4bea-8cfc-10695697cb6f:192.168.5.189:44220], old=null
2019-09-23 08:25:52,297 [f82d1a01-aed8-41dc-a822-e51972e4d50c@group-8DDED73C4B70:LeaderElection81] INFO  impl.LeaderElection (LeaderElection.java:askForVotes(182)) - f82d1a01-aed8-41dc-a822-e51972e4d50c@group-8DDED73C4B70:LeaderElection81: begin an election at term 3 for -1: [2a1cf675-fed6-4e15-89f8-39e10c8a9fa4:192.168.5.189:45943, f82d1a01-aed8-41dc-a822-e51972e4d50c:192.168.5.189:33171, 6197e7ae-b81d-49ea-af68-f6d72316ae49:192.168.5.189:43270], old=null
2019-09-23 08:25:52,305 [6197e7ae-b81d-49ea-af68-f6d72316ae49@group-8DDED73C4B70:LeaderElection79] INFO  impl.LeaderElection (LeaderElection.java:logAndReturn(56)) - 6197e7ae-b81d-49ea-af68-f6d72316ae49@group-8DDED73C4B70:LeaderElection79: Election REJECTED; received 2 response(s) [6197e7ae-b81d-49ea-af68-f6d72316ae49<-2a1cf675-fed6-4e15-89f8-39e10c8a9fa4#0:FAIL-t3, 6197e7ae-b81d-49ea-af68-f6d72316ae49<-f82d1a01-aed8-41dc-a822-e51972e4d50c#0:FAIL-t3] and 0 exception(s); 6197e7ae-b81d-49ea-af68-f6d72316ae49@group-8DDED73C4B70:t3, leader=null, voted=6197e7ae-b81d-49ea-af68-f6d72316ae49, raftlog=6197e7ae-b81d-49ea-af68-f6d72316ae49@group-8DDED73C4B70-SegmentedRaftLog:OPENED:c-1,f-1,i0, conf=-1: [2a1cf675-fed6-4e15-89f8-39e10c8a9fa4:192.168.5.189:45943, f82d1a01-aed8-41dc-a822-e51972e4d50c:192.168.5.189:33171, 6197e7ae-b81d-49ea-af68-f6d72316ae49:192.168.5.189:43270], old=null
2019-09-23 08:25:52,306 [6197e7ae-b81d-49ea-af68-f6d72316ae49@group-8DDED73C4B70:LeaderElection79] INFO  impl.RaftServerImpl (RaftServerImpl.java:setRole(174)) - 6197e7ae-b81d-49ea-af68-f6d72316ae49@group-8DDED73C4B70: changes role from CANDIDATE to FOLLOWER at term 3 for DISCOVERED_A_NEW_TERM
2019-09-23 08:25:52,306 [6197e7ae-b81d-49ea-af68-f6d72316ae49@group-8DDED73C4B70:LeaderElection79] INFO  impl.RoleInfo (RoleInfo.java:shutdownLeaderElection(134)) - 6197e7ae-b81d-49ea-af68-f6d72316ae49: shutdown LeaderElection
2019-09-23 08:25:52,306 [6197e7ae-b81d-49ea-af68-f6d72316ae49@group-8DDED73C4B70:LeaderElection79] INFO  impl.RoleInfo (RoleInfo.java:updateAndGet(143)) - 6197e7ae-b81d-49ea-af68-f6d72316ae49: start FollowerState
2019-09-23 08:25:52,306 [c660b52b-6779-4bda-92dc-aea8b06afbce@group-0C0B33C042B8:LeaderElection82] INFO  impl.LeaderElection (LeaderElection.java:logAndReturn(56)) - c660b52b-6779-4bda-92dc-aea8b06afbce@group-0C0B33C042B8:LeaderElection82: Election REJECTED; received 2 response(s) [c660b52b-6779-4bda-92dc-aea8b06afbce<-3eee0bb1-8090-45b5-a26e-402c03e66bc4#0:FAIL-t3, c660b52b-6779-4bda-92dc-aea8b06afbce<-4c8cbc70-53f1-4bea-8cfc-10695697cb6f#0:FAIL-t3] and 0 exception(s); c660b52b-6779-4bda-92dc-aea8b06afbce@group-0C0B33C042B8:t3, leader=null, voted=c660b52b-6779-4bda-92dc-aea8b06afbce, raftlog=c660b52b-6779-4bda-92dc-aea8b06afbce@group-0C0B33C042B8-SegmentedRaftLog:OPENED:c-1,f-1,i0, conf=-1: [3eee0bb1-8090-45b5-a26e-402c03e66bc4:192.168.5.189:40679, c660b52b-6779-4bda-92dc-aea8b06afbce:192.168.5.189:43413, 4c8cbc70-53f1-4bea-8cfc-10695697cb6f:192.168.5.189:44220], old=null
2019-09-23 08:25:52,309 [4c8cbc70-53f1-4bea-8cfc-10695697cb6f@group-0C0B33C042B8:LeaderElection80] INFO  impl.LeaderElection (LeaderElection.java:logAndReturn(56)) - 4c8cbc70-53f1-4bea-8cfc-10695697cb6f@group-0C0B33C042B8:LeaderElection80: Election REJECTED; received 2 response(s) [4c8cbc70-53f1-4bea-8cfc-10695697cb6f<-3eee0bb1-8090-45b5-a26e-402c03e66bc4#0:FAIL-t3, 4c8cbc70-53f1-4bea-8cfc-10695697cb6f<-c660b52b-6779-4bda-92dc-aea8b06afbce#0:FAIL-t3] and 0 exception(s); 4c8cbc70-53f1-4bea-8cfc-10695697cb6f@group-0C0B33C042B8:t3, leader=null, voted=4c8cbc70-53f1-4bea-8cfc-10695697cb6f, raftlog=4c8cbc70-53f1-4bea-8cfc-10695697cb6f@group-0C0B33C042B8-SegmentedRaftLog:OPENED:c-1,f-1,i0, conf=-1: [3eee0bb1-8090-45b5-a26e-402c03e66bc4:192.168.5.189:40679, c660b52b-6779-4bda-92dc-aea8b06afbce:192.168.5.189:43413, 4c8cbc70-53f1-4bea-8cfc-10695697cb6f:192.168.5.189:44220], old=null
2019-09-23 08:25:52,309 [c660b52b-6779-4bda-92dc-aea8b06afbce@group-0C0B33C042B8:LeaderElection82] INFO  impl.RaftServerImpl (RaftServerImpl.java:setRole(174)) - c660b52b-6779-4bda-92dc-aea8b06afbce@group-0C0B33C042B8: changes role from CANDIDATE to FOLLOWER at term 3 for DISCOVERED_A_NEW_TERM
2019-09-23 08:25:52,311 [f82d1a01-aed8-41dc-a822-e51972e4d50c@group-8DDED73C4B70:LeaderElection81] INFO  impl.LeaderElection (LeaderElection.java:logAndReturn(56)) - f82d1a01-aed8-41dc-a822-e51972e4d50c@group-8DDED73C4B70:LeaderElection81: Election REJECTED; received 2 response(s) [f82d1a01-aed8-41dc-a822-e51972e4d50c<-2a1cf675-fed6-4e15-89f8-39e10c8a9fa4#0:FAIL-t3, f82d1a01-aed8-41dc-a822-e51972e4d50c<-6197e7ae-b81d-49ea-af68-f6d72316ae49#0:FAIL-t3] and 0 exception(s); f82d1a01-aed8-41dc-a822-e51972e4d50c@group-8DDED73C4B70:t3, leader=null, voted=f82d1a01-aed8-41dc-a822-e51972e4d50c, raftlog=f82d1a01-aed8-41dc-a822-e51972e4d50c@group-8DDED73C4B70-SegmentedRaftLog:OPENED:c-1,f-1,i0, conf=-1: [2a1cf675-fed6-4e15-89f8-39e10c8a9fa4:192.168.5.189:45943, f82d1a01-aed8-41dc-a822-e51972e4d50c:192.168.5.189:33171, 6197e7ae-b81d-49ea-af68-f6d72316ae49:192.168.5.189:43270], old=null
2019-09-23 08:25:52,311 [4c8cbc70-53f1-4bea-8cfc-10695697cb6f@group-0C0B33C042B8:LeaderElection80] INFO  impl.RaftServerImpl (RaftServerImpl.java:setRole(174)) - 4c8cbc70-53f1-4bea-8cfc-10695697cb6f@group-0C0B33C042B8: changes role from CANDIDATE to FOLLOWER at term 3 for DISCOVERED_A_NEW_TERM
2019-09-23 08:25:52,324 [4c8cbc70-53f1-4bea-8cfc-10695697cb6f@group-0C0B33C042B8:LeaderElection80] INFO  impl.RoleInfo (RoleInfo.java:shutdownLeaderElection(134)) - 4c8cbc70-53f1-4bea-8cfc-10695697cb6f: shutdown LeaderElection
2019-09-23 08:25:52,310 [3eee0bb1-8090-45b5-a26e-402c03e66bc4@group-0C0B33C042B8:LeaderElection83] INFO  impl.LeaderElection (LeaderElection.java:logAndReturn(56)) - 3eee0bb1-8090-45b5-a26e-402c03e66bc4@group-0C0B33C042B8:LeaderElection83: Election REJECTED; received 2 response(s) [3eee0bb1-8090-45b5-a26e-402c03e66bc4<-c660b52b-6779-4bda-92dc-aea8b06afbce#0:FAIL-t3, 3eee0bb1-8090-45b5-a26e-402c03e66bc4<-4c8cbc70-53f1-4bea-8cfc-10695697cb6f#0:FAIL-t3] and 0 exception(s); 3eee0bb1-8090-45b5-a26e-402c03e66bc4@group-0C0B33C042B8:t3, leader=null, voted=3eee0bb1-8090-45b5-a26e-402c03e66bc4, raftlog=3eee0bb1-8090-45b5-a26e-402c03e66bc4@group-0C0B33C042B8-SegmentedRaftLog:OPENED:c-1,f-1,i0, conf=-1: [3eee0bb1-8090-45b5-a26e-402c03e66bc4:192.168.5.189:40679, c660b52b-6779-4bda-92dc-aea8b06afbce:192.168.5.189:43413, 4c8cbc70-53f1-4bea-8cfc-10695697cb6f:192.168.5.189:44220], old=null
2019-09-23 08:25:52,326 [4c8cbc70-53f1-4bea-8cfc-10695697cb6f@group-0C0B33C042B8:LeaderElection80] INFO  impl.RoleInfo (RoleInfo.java:updateAndGet(143)) - 4c8cbc70-53f1-4bea-8cfc-10695697cb6f: start FollowerState
2019-09-23 08:25:52,323 [f82d1a01-aed8-41dc-a822-e51972e4d50c@group-8DDED73C4B70:LeaderElection81] INFO  impl.RaftServerImpl (RaftServerImpl.java:setRole(174)) - f82d1a01-aed8-41dc-a822-e51972e4d50c@group-8DDED73C4B70: changes role from CANDIDATE to FOLLOWER at term 3 for DISCOVERED_A_NEW_TERM
2019-09-23 08:25:52,328 [f82d1a01-aed8-41dc-a822-e51972e4d50c@group-8DDED73C4B70:LeaderElection81] INFO  impl.RoleInfo (RoleInfo.java:shutdownLeaderElection(134)) - f82d1a01-aed8-41dc-a822-e51972e4d50c: shutdown LeaderElection
2019-09-23 08:25:52,311 [c660b52b-6779-4bda-92dc-aea8b06afbce@group-0C0B33C042B8:LeaderElection82] INFO  impl.RoleInfo (RoleInfo.java:shutdownLeaderElection(134)) - c660b52b-6779-4bda-92dc-aea8b06afbce: shutdown LeaderElection
2019-09-23 08:25:52,328 [f82d1a01-aed8-41dc-a822-e51972e4d50c@group-8DDED73C4B70:LeaderElection81] INFO  impl.RoleInfo (RoleInfo.java:updateAndGet(143)) - f82d1a01-aed8-41dc-a822-e51972e4d50c: start FollowerState
2019-09-23 08:25:52,326 [2a1cf675-fed6-4e15-89f8-39e10c8a9fa4@group-8DDED73C4B70:LeaderElection78] INFO  impl.LeaderElection (LeaderElection.java:logAndReturn(56)) - 2a1cf675-fed6-4e15-89f8-39e10c8a9fa4@group-8DDED73C4B70:LeaderElection78: Election REJECTED; received 2 response(s) [2a1cf675-fed6-4e15-89f8-39e10c8a9fa4<-f82d1a01-aed8-41dc-a822-e51972e4d50c#0:FAIL-t3, 2a1cf675-fed6-4e15-89f8-39e10c8a9fa4<-6197e7ae-b81d-49ea-af68-f6d72316ae49#0:FAIL-t3] and 0 exception(s); 2a1cf675-fed6-4e15-89f8-39e10c8a9fa4@group-8DDED73C4B70:t3, leader=null, voted=2a1cf675-fed6-4e15-89f8-39e10c8a9fa4, raftlog=2a1cf675-fed6-4e15-89f8-39e10c8a9fa4@group-8DDED73C4B70-SegmentedRaftLog:OPENED:c-1,f-1,i0, conf=-1: [2a1cf675-fed6-4e15-89f8-39e10c8a9fa4:192.168.5.189:45943, f82d1a01-aed8-41dc-a822-e51972e4d50c:192.168.5.189:33171, 6197e7ae-b81d-49ea-af68-f6d72316ae49:192.168.5.189:43270], old=null
2019-09-23 08:25:52,326 [3eee0bb1-8090-45b5-a26e-402c03e66bc4@group-0C0B33C042B8:LeaderElection83] INFO  impl.RaftServerImpl (RaftServerImpl.java:setRole(174)) - 3eee0bb1-8090-45b5-a26e-402c03e66bc4@group-0C0B33C042B8: changes role from CANDIDATE to FOLLOWER at term 3 for DISCOVERED_A_NEW_TERM
2019-09-23 08:25:52,329 [2a1cf675-fed6-4e15-89f8-39e10c8a9fa4@group-8DDED73C4B70:LeaderElection78] INFO  impl.RaftServerImpl (RaftServerImpl.java:setRole(174)) - 2a1cf675-fed6-4e15-89f8-39e10c8a9fa4@group-8DDED73C4B70: changes role from CANDIDATE to FOLLOWER at term 3 for DISCOVERED_A_NEW_TERM
2019-09-23 08:25:52,328 [c660b52b-6779-4bda-92dc-aea8b06afbce@group-0C0B33C042B8:LeaderElection82] INFO  impl.RoleInfo (RoleInfo.java:updateAndGet(143)) - c660b52b-6779-4bda-92dc-aea8b06afbce: start FollowerState
2019-09-23 08:25:52,331 [2a1cf675-fed6-4e15-89f8-39e10c8a9fa4@group-8DDED73C4B70:LeaderElection78] INFO  impl.RoleInfo (RoleInfo.java:shutdownLeaderElection(134)) - 2a1cf675-fed6-4e15-89f8-39e10c8a9fa4: shutdown LeaderElection
2019-09-23 08:25:52,329 [3eee0bb1-8090-45b5-a26e-402c03e66bc4@group-0C0B33C042B8:LeaderElection83] INFO  impl.RoleInfo (RoleInfo.java:shutdownLeaderElection(134)) - 3eee0bb1-8090-45b5-a26e-402c03e66bc4: shutdown LeaderElection
2019-09-23 08:25:52,331 [2a1cf675-fed6-4e15-89f8-39e10c8a9fa4@group-8DDED73C4B70:LeaderElection78] INFO  impl.RoleInfo (RoleInfo.java:updateAndGet(143)) - 2a1cf675-fed6-4e15-89f8-39e10c8a9fa4: start FollowerState
2019-09-23 08:25:52,331 [3eee0bb1-8090-45b5-a26e-402c03e66bc4@group-0C0B33C042B8:LeaderElection83] INFO  impl.RoleInfo (RoleInfo.java:updateAndGet(143)) - 3eee0bb1-8090-45b5-a26e-402c03e66bc4: start FollowerState
]]></system-out>
    <system-err><![CDATA[Sep 23, 2019 8:25:33 AM org.apache.ratis.thirdparty.io.grpc.internal.ManagedChannelOrphanWrapper$ManagedChannelReference cleanQueue
SEVERE: *~*~*~ Channel ManagedChannelImpl{logId=1546, target=192.168.5.189:43545} was not shutdown properly!!! ~*~*~*
    Make sure to call shutdown()/shutdownNow() and wait until awaitTermination() returns true.
java.lang.RuntimeException: ManagedChannel allocation site
	at org.apache.ratis.thirdparty.io.grpc.internal.ManagedChannelOrphanWrapper$ManagedChannelReference.<init>(ManagedChannelOrphanWrapper.java:103)
	at org.apache.ratis.thirdparty.io.grpc.internal.ManagedChannelOrphanWrapper.<init>(ManagedChannelOrphanWrapper.java:53)
	at org.apache.ratis.thirdparty.io.grpc.internal.ManagedChannelOrphanWrapper.<init>(ManagedChannelOrphanWrapper.java:44)
	at org.apache.ratis.thirdparty.io.grpc.internal.AbstractManagedChannelImplBuilder.build(AbstractManagedChannelImplBuilder.java:411)
	at org.apache.ratis.grpc.client.GrpcClientProtocolClient.<init>(GrpcClientProtocolClient.java:127)
	at org.apache.ratis.grpc.client.GrpcClientRpc.lambda$new$0(GrpcClientRpc.java:55)
	at org.apache.ratis.util.PeerProxyMap$PeerAndProxy.lambda$getProxy$0(PeerProxyMap.java:61)
	at org.apache.ratis.util.LifeCycle.startAndTransition(LifeCycle.java:202)
	at org.apache.ratis.util.PeerProxyMap$PeerAndProxy.getProxy(PeerProxyMap.java:60)
	at org.apache.ratis.util.PeerProxyMap.getProxy(PeerProxyMap.java:108)
	at org.apache.ratis.grpc.client.GrpcClientRpc.sendRequestAsync(GrpcClientRpc.java:66)
	at org.apache.ratis.client.impl.OrderedAsync.sendRequest(OrderedAsync.java:208)
	at org.apache.ratis.client.impl.OrderedAsync.sendRequestWithRetry(OrderedAsync.java:169)
	at org.apache.ratis.util.SlidingWindow$Client.sendOrDelayRequest(SlidingWindow.java:278)
	at org.apache.ratis.util.SlidingWindow$Client.retry(SlidingWindow.java:294)
	at org.apache.ratis.client.impl.OrderedAsync.lambda$scheduleWithTimeout$7(OrderedAsync.java:195)
	at org.apache.ratis.util.TimeoutScheduler.lambda$onTimeout$0(TimeoutScheduler.java:113)
	at org.apache.ratis.util.TimeoutScheduler.lambda$onTimeout$1(TimeoutScheduler.java:133)
	at org.apache.ratis.util.LogUtils.runAndLog(LogUtils.java:50)
	at org.apache.ratis.util.LogUtils$1.run(LogUtils.java:91)
	at java.util.concurrent.Executors$RunnableAdapter.call(Executors.java:511)
	at java.util.concurrent.FutureTask.run(FutureTask.java:266)
	at java.util.concurrent.ScheduledThreadPoolExecutor$ScheduledFutureTask.access$201(ScheduledThreadPoolExecutor.java:180)
	at java.util.concurrent.ScheduledThreadPoolExecutor$ScheduledFutureTask.run(ScheduledThreadPoolExecutor.java:293)
	at java.util.concurrent.ThreadPoolExecutor.runWorker(ThreadPoolExecutor.java:1149)
	at java.util.concurrent.ThreadPoolExecutor$Worker.run(ThreadPoolExecutor.java:624)
	at java.lang.Thread.run(Thread.java:748)

Sep 23, 2019 8:25:33 AM org.apache.ratis.thirdparty.io.grpc.internal.ManagedChannelOrphanWrapper$ManagedChannelReference cleanQueue
SEVERE: *~*~*~ Channel ManagedChannelImpl{logId=2053, target=192.168.5.189:37393} was not shutdown properly!!! ~*~*~*
    Make sure to call shutdown()/shutdownNow() and wait until awaitTermination() returns true.
java.lang.RuntimeException: ManagedChannel allocation site
	at org.apache.ratis.thirdparty.io.grpc.internal.ManagedChannelOrphanWrapper$ManagedChannelReference.<init>(ManagedChannelOrphanWrapper.java:103)
	at org.apache.ratis.thirdparty.io.grpc.internal.ManagedChannelOrphanWrapper.<init>(ManagedChannelOrphanWrapper.java:53)
	at org.apache.ratis.thirdparty.io.grpc.internal.ManagedChannelOrphanWrapper.<init>(ManagedChannelOrphanWrapper.java:44)
	at org.apache.ratis.thirdparty.io.grpc.internal.AbstractManagedChannelImplBuilder.build(AbstractManagedChannelImplBuilder.java:411)
	at org.apache.ratis.grpc.client.GrpcClientProtocolClient.<init>(GrpcClientProtocolClient.java:127)
	at org.apache.ratis.grpc.client.GrpcClientRpc.lambda$new$0(GrpcClientRpc.java:55)
	at org.apache.ratis.util.PeerProxyMap$PeerAndProxy.lambda$getProxy$0(PeerProxyMap.java:61)
	at org.apache.ratis.util.LifeCycle.startAndTransition(LifeCycle.java:202)
	at org.apache.ratis.util.PeerProxyMap$PeerAndProxy.getProxy(PeerProxyMap.java:60)
	at org.apache.ratis.util.PeerProxyMap.getProxy(PeerProxyMap.java:108)
	at org.apache.ratis.grpc.client.GrpcClientRpc.sendRequestAsyncUnordered(GrpcClientRpc.java:78)
	at org.apache.ratis.client.impl.UnorderedAsync.sendRequestWithRetry(UnorderedAsync.java:75)
	at org.apache.ratis.client.impl.UnorderedAsync.lambda$null$2(UnorderedAsync.java:120)
	at org.apache.ratis.util.TimeoutScheduler.lambda$onTimeout$0(TimeoutScheduler.java:113)
	at org.apache.ratis.util.TimeoutScheduler.lambda$onTimeout$1(TimeoutScheduler.java:133)
	at org.apache.ratis.util.LogUtils.runAndLog(LogUtils.java:50)
	at org.apache.ratis.util.LogUtils$1.run(LogUtils.java:91)
	at java.util.concurrent.Executors$RunnableAdapter.call(Executors.java:511)
	at java.util.concurrent.FutureTask.run(FutureTask.java:266)
	at java.util.concurrent.ScheduledThreadPoolExecutor$ScheduledFutureTask.access$201(ScheduledThreadPoolExecutor.java:180)
	at java.util.concurrent.ScheduledThreadPoolExecutor$ScheduledFutureTask.run(ScheduledThreadPoolExecutor.java:293)
	at java.util.concurrent.ThreadPoolExecutor.runWorker(ThreadPoolExecutor.java:1149)
	at java.util.concurrent.ThreadPoolExecutor$Worker.run(ThreadPoolExecutor.java:624)
	at java.lang.Thread.run(Thread.java:748)

]]></system-err>
  </testcase>
  <testcase name="test2WayCommitForTimeoutException" classname="org.apache.hadoop.ozone.client.rpc.TestWatchForCommit" time="31.081">
    <error message="org.apache.ratis.protocol.RaftRetryFailureException: Failed RaftClientRequest:client-99F403CFDD51-&gt;723c227e-5c50-41ec-a9d2-cf06d59cd693@group-D0116267D68A, cid=97, seq=1*, RW, org.apache.hadoop.hdds.scm.XceiverClientRatis$$Lambda$431/1177206467@73c5b887 for 20 attempts with RetryLimited(maxAttempts=20, sleepTime=1000ms)" type="java.util.concurrent.ExecutionException">java.util.concurrent.ExecutionException: org.apache.ratis.protocol.RaftRetryFailureException: Failed RaftClientRequest:client-99F403CFDD51->723c227e-5c50-41ec-a9d2-cf06d59cd693@group-D0116267D68A, cid=97, seq=1*, RW, org.apache.hadoop.hdds.scm.XceiverClientRatis$$Lambda$431/1177206467@73c5b887 for 20 attempts with RetryLimited(maxAttempts=20, sleepTime=1000ms)
	at java.util.concurrent.CompletableFuture.reportGet(CompletableFuture.java:357)
	at java.util.concurrent.CompletableFuture.get(CompletableFuture.java:1895)
	at org.apache.hadoop.ozone.client.rpc.TestWatchForCommit.test2WayCommitForTimeoutException(TestWatchForCommit.java:384)
	at sun.reflect.NativeMethodAccessorImpl.invoke0(Native Method)
	at sun.reflect.NativeMethodAccessorImpl.invoke(NativeMethodAccessorImpl.java:62)
	at sun.reflect.DelegatingMethodAccessorImpl.invoke(DelegatingMethodAccessorImpl.java:43)
	at java.lang.reflect.Method.invoke(Method.java:498)
	at org.junit.runners.model.FrameworkMethod$1.runReflectiveCall(FrameworkMethod.java:47)
	at org.junit.internal.runners.model.ReflectiveCallable.run(ReflectiveCallable.java:12)
	at org.junit.runners.model.FrameworkMethod.invokeExplosively(FrameworkMethod.java:44)
	at org.junit.internal.runners.statements.InvokeMethod.evaluate(InvokeMethod.java:17)
	at org.junit.runners.ParentRunner.runLeaf(ParentRunner.java:271)
	at org.junit.runners.BlockJUnit4ClassRunner.runChild(BlockJUnit4ClassRunner.java:70)
	at org.junit.runners.BlockJUnit4ClassRunner.runChild(BlockJUnit4ClassRunner.java:50)
	at org.junit.runners.ParentRunner$3.run(ParentRunner.java:238)
	at org.junit.runners.ParentRunner$1.schedule(ParentRunner.java:63)
	at org.junit.runners.ParentRunner.runChildren(ParentRunner.java:236)
	at org.junit.runners.ParentRunner.access$000(ParentRunner.java:53)
	at org.junit.runners.ParentRunner$2.evaluate(ParentRunner.java:229)
	at org.junit.runners.ParentRunner.run(ParentRunner.java:309)
	at org.apache.maven.surefire.junit4.JUnit4Provider.execute(JUnit4Provider.java:365)
	at org.apache.maven.surefire.junit4.JUnit4Provider.executeWithRerun(JUnit4Provider.java:273)
	at org.apache.maven.surefire.junit4.JUnit4Provider.executeTestSet(JUnit4Provider.java:238)
	at org.apache.maven.surefire.junit4.JUnit4Provider.invoke(JUnit4Provider.java:159)
	at org.apache.maven.surefire.booter.ForkedBooter.invokeProviderInSameClassLoader(ForkedBooter.java:384)
	at org.apache.maven.surefire.booter.ForkedBooter.runSuitesInProcess(ForkedBooter.java:345)
	at org.apache.maven.surefire.booter.ForkedBooter.execute(ForkedBooter.java:126)
	at org.apache.maven.surefire.booter.ForkedBooter.main(ForkedBooter.java:418)
Caused by: org.apache.ratis.protocol.RaftRetryFailureException: Failed RaftClientRequest:client-99F403CFDD51->723c227e-5c50-41ec-a9d2-cf06d59cd693@group-D0116267D68A, cid=97, seq=1*, RW, org.apache.hadoop.hdds.scm.XceiverClientRatis$$Lambda$431/1177206467@73c5b887 for 20 attempts with RetryLimited(maxAttempts=20, sleepTime=1000ms)
	at org.apache.ratis.client.impl.RaftClientImpl.noMoreRetries(RaftClientImpl.java:271)
	at org.apache.ratis.client.impl.OrderedAsync.handleAsyncRetryFailure(OrderedAsync.java:138)
	at org.apache.ratis.client.impl.OrderedAsync.lambda$sendRequest$10(OrderedAsync.java:230)
	at java.util.concurrent.CompletableFuture.uniExceptionally(CompletableFuture.java:870)
	at java.util.concurrent.CompletableFuture$UniExceptionally.tryFire(CompletableFuture.java:852)
	at java.util.concurrent.CompletableFuture.postComplete(CompletableFuture.java:474)
	at java.util.concurrent.CompletableFuture.completeExceptionally(CompletableFuture.java:1977)
	at org.apache.ratis.grpc.client.GrpcClientProtocolClient$AsyncStreamObservers.completeReplyExceptionally(GrpcClientProtocolClient.java:339)
	at org.apache.ratis.grpc.client.GrpcClientProtocolClient$AsyncStreamObservers.access$000(GrpcClientProtocolClient.java:255)
	at org.apache.ratis.grpc.client.GrpcClientProtocolClient$AsyncStreamObservers$1.onNext(GrpcClientProtocolClient.java:267)
	at org.apache.ratis.grpc.client.GrpcClientProtocolClient$AsyncStreamObservers$1.onNext(GrpcClientProtocolClient.java:258)
	at org.apache.ratis.thirdparty.io.grpc.stub.ClientCalls$StreamObserverToCallListenerAdapter.onMessage(ClientCalls.java:421)
	at org.apache.ratis.thirdparty.io.grpc.ForwardingClientCallListener.onMessage(ForwardingClientCallListener.java:33)
	at org.apache.ratis.thirdparty.io.grpc.ForwardingClientCallListener.onMessage(ForwardingClientCallListener.java:33)
	at org.apache.ratis.thirdparty.io.grpc.internal.ClientCallImpl$ClientStreamListenerImpl$1MessagesAvailable.runInContext(ClientCallImpl.java:519)
	at org.apache.ratis.thirdparty.io.grpc.internal.ContextRunnable.run(ContextRunnable.java:37)
	at org.apache.ratis.thirdparty.io.grpc.internal.SerializingExecutor.run(SerializingExecutor.java:123)
	at java.util.concurrent.ThreadPoolExecutor.runWorker(ThreadPoolExecutor.java:1149)
	at java.util.concurrent.ThreadPoolExecutor$Worker.run(ThreadPoolExecutor.java:624)
	at java.lang.Thread.run(Thread.java:748)
Caused by: org.apache.ratis.protocol.NotLeaderException: Server 723c227e-5c50-41ec-a9d2-cf06d59cd693@group-D0116267D68A is not the leader
	at org.apache.ratis.client.impl.ClientProtoUtils.toRaftClientReply(ClientProtoUtils.java:243)
	at org.apache.ratis.grpc.client.GrpcClientProtocolClient$AsyncStreamObservers$1.onNext(GrpcClientProtocolClient.java:263)
	... 10 more
</error>
    <system-out><![CDATA[2019-09-23 08:25:55,115 [main] WARN  server.ServerUtils (ServerUtils.java:getScmDbDir(145)) - ozone.scm.db.dirs is not configured. We recommend adding this setting. Falling back to ozone.metadata.dirs instead.
2019-09-23 08:25:55,177 [main] WARN  server.ServerUtils (ServerUtils.java:getScmDbDir(145)) - ozone.scm.db.dirs is not configured. We recommend adding this setting. Falling back to ozone.metadata.dirs instead.
2019-09-23 08:25:55,177 [main] WARN  server.ServerUtils (ServerUtils.java:getScmDbDir(145)) - ozone.scm.db.dirs is not configured. We recommend adding this setting. Falling back to ozone.metadata.dirs instead.
2019-09-23 08:25:55,178 [main] INFO  db.DBStoreBuilder (DBStoreBuilder.java:addTable(110)) - using custom profile for table: deletedBlocks
2019-09-23 08:25:55,178 [main] INFO  db.DBStoreBuilder (DBStoreBuilder.java:processTables(161)) - Using default column profile:DBProfile.DISK for Table:deletedBlocks
2019-09-23 08:25:55,179 [main] INFO  db.DBStoreBuilder (DBStoreBuilder.java:addTable(110)) - using custom profile for table: validCerts
2019-09-23 08:25:55,179 [main] INFO  db.DBStoreBuilder (DBStoreBuilder.java:processTables(161)) - Using default column profile:DBProfile.DISK for Table:validCerts
2019-09-23 08:25:55,179 [main] INFO  db.DBStoreBuilder (DBStoreBuilder.java:addTable(110)) - using custom profile for table: revokedCerts
2019-09-23 08:25:55,179 [main] INFO  db.DBStoreBuilder (DBStoreBuilder.java:processTables(161)) - Using default column profile:DBProfile.DISK for Table:revokedCerts
2019-09-23 08:25:55,180 [main] INFO  db.DBStoreBuilder (DBStoreBuilder.java:addTable(110)) - using custom profile for table: default
2019-09-23 08:25:55,180 [main] INFO  db.DBStoreBuilder (DBStoreBuilder.java:processTables(167)) - Using default column profile:DBProfile.DISK for Table:default
2019-09-23 08:25:55,180 [main] INFO  db.DBStoreBuilder (DBStoreBuilder.java:getDbProfile(198)) - Using default options. DBProfile.DISK
2019-09-23 08:25:55,954 [main] INFO  net.NodeSchemaLoader (NodeSchemaLoader.java:loadSchemaFromFile(125)) - Loading file from sun.misc.CompoundEnumeration@7e52a26b
2019-09-23 08:25:55,954 [main] INFO  net.NodeSchemaLoader (NodeSchemaLoader.java:loadSchema(171)) - Loading network topology layer schema file
2019-09-23 08:25:55,958 [main] WARN  server.ServerUtils (ServerUtils.java:sanitizeUserArgs(70)) - ozone.scm.stale.node.interval value = 300000 is larger than max = 100000 based on the key value of ozone.scm.heartbeat.thread.interval, reset to the max value 100000.
2019-09-23 08:25:55,958 [main] WARN  server.ServerUtils (ServerUtils.java:sanitizeUserArgs(70)) - ozone.scm.stale.node.interval value = 300000 is larger than max = 100000 based on the key value of ozone.scm.heartbeat.thread.interval, reset to the max value 100000.
2019-09-23 08:25:55,959 [main] INFO  node.SCMNodeManager (SCMNodeManager.java:<init>(114)) - Entering startup safe mode.
2019-09-23 08:25:55,960 [main] INFO  algorithms.ContainerPlacementPolicyFactory (ContainerPlacementPolicyFactory.java:getPolicy(57)) - Create container placement policy of type org.apache.hadoop.hdds.scm.container.placement.algorithms.SCMContainerPlacementRandom
2019-09-23 08:25:55,960 [main] WARN  server.ServerUtils (ServerUtils.java:getScmDbDir(145)) - ozone.scm.db.dirs is not configured. We recommend adding this setting. Falling back to ozone.metadata.dirs instead.
2019-09-23 08:25:56,189 [main] INFO  pipeline.SCMPipelineManager (SCMPipelineManager.java:initializePipelineState(132)) - No pipeline exists in current db
2019-09-23 08:25:56,189 [main] WARN  server.ServerUtils (ServerUtils.java:getScmDbDir(145)) - ozone.scm.db.dirs is not configured. We recommend adding this setting. Falling back to ozone.metadata.dirs instead.
2019-09-23 08:25:56,491 [main] WARN  events.EventQueue (EventQueue.java:fireEvent(183)) - No event handler registered for event TypedEvent{payloadType=SafeModeStatus, name='SafeModeStatus'}
2019-09-23 08:25:56,493 [main] INFO  ipc.CallQueueManager (CallQueueManager.java:<init>(84)) - Using callQueue: class java.util.concurrent.LinkedBlockingQueue, queueCapacity: 2000, scheduler: class org.apache.hadoop.ipc.DefaultRpcScheduler, ipcBackoff: false.
2019-09-23 08:25:56,494 [Socket Reader #1 for port 44230] INFO  ipc.Server (Server.java:run(1074)) - Starting Socket Reader #1 for port 44230
2019-09-23 08:25:56,505 [main] INFO  ipc.CallQueueManager (CallQueueManager.java:<init>(84)) - Using callQueue: class java.util.concurrent.LinkedBlockingQueue, queueCapacity: 2000, scheduler: class org.apache.hadoop.ipc.DefaultRpcScheduler, ipcBackoff: false.
2019-09-23 08:25:56,506 [Socket Reader #1 for port 37848] INFO  ipc.Server (Server.java:run(1074)) - Starting Socket Reader #1 for port 37848
2019-09-23 08:25:56,516 [main] INFO  ipc.CallQueueManager (CallQueueManager.java:<init>(84)) - Using callQueue: class java.util.concurrent.LinkedBlockingQueue, queueCapacity: 2000, scheduler: class org.apache.hadoop.ipc.DefaultRpcScheduler, ipcBackoff: false.
2019-09-23 08:25:56,517 [Socket Reader #1 for port 40606] INFO  ipc.Server (Server.java:run(1074)) - Starting Socket Reader #1 for port 40606
2019-09-23 08:25:56,533 [main] INFO  hdfs.DFSUtil (DFSUtil.java:httpServerTemplateForNNAndJN(1641)) - Starting Web-server for scm at: http://0.0.0.0:0
2019-09-23 08:25:56,535 [main] INFO  server.AuthenticationFilter (AuthenticationFilter.java:constructSecretProvider(240)) - Unable to initialize FileSignerSecretProvider, falling back to use random secrets.
2019-09-23 08:25:56,536 [main] WARN  http.HttpRequestLog (HttpRequestLog.java:getRequestLog(97)) - Jetty request log can only be enabled using Log4j
2019-09-23 08:25:56,538 [main] INFO  http.HttpServer2 (HttpServer2.java:addGlobalFilter(975)) - Added global filter 'safety' (class=org.apache.hadoop.http.HttpServer2$QuotingInputFilter)
2019-09-23 08:25:56,538 [main] INFO  http.HttpServer2 (HttpServer2.java:addFilter(948)) - Added filter static_user_filter (class=org.apache.hadoop.http.lib.StaticUserWebFilter$StaticUserFilter) to context scm
2019-09-23 08:25:56,538 [main] INFO  http.HttpServer2 (HttpServer2.java:addFilter(958)) - Added filter static_user_filter (class=org.apache.hadoop.http.lib.StaticUserWebFilter$StaticUserFilter) to context logs
2019-09-23 08:25:56,538 [main] INFO  http.HttpServer2 (HttpServer2.java:addFilter(958)) - Added filter static_user_filter (class=org.apache.hadoop.http.lib.StaticUserWebFilter$StaticUserFilter) to context static
2019-09-23 08:25:56,542 [main] INFO  server.StorageContainerManager (StorageContainerManager.java:start(770)) - StorageContainerLocationProtocol RPC server is listening at /0.0.0.0:40606
2019-09-23 08:25:56,542 [main] INFO  impl.MetricsSystemImpl (MetricsSystemImpl.java:init(158)) - StorageContainerManager metrics system started (again)
2019-09-23 08:25:56,558 [main] INFO  server.SCMClientProtocolServer (SCMClientProtocolServer.java:start(151)) - RPC server for Client  is listening at /0.0.0.0:40606
2019-09-23 08:25:56,558 [IPC Server Responder] INFO  ipc.Server (Server.java:run(1314)) - IPC Server Responder: starting
2019-09-23 08:25:56,558 [IPC Server listener on 40606] INFO  ipc.Server (Server.java:run(1153)) - IPC Server listener on 40606: starting
2019-09-23 08:25:56,574 [main] INFO  server.StorageContainerManager (StorageContainerManager.java:start(780)) - ScmBlockLocationProtocol RPC server is listening at /0.0.0.0:37848
2019-09-23 08:25:56,575 [main] INFO  server.SCMBlockProtocolServer (SCMBlockProtocolServer.java:start(146)) - RPC server for Block Protocol is listening at /0.0.0.0:37848
2019-09-23 08:25:56,575 [IPC Server listener on 37848] INFO  ipc.Server (Server.java:run(1153)) - IPC Server listener on 37848: starting
2019-09-23 08:25:56,575 [IPC Server Responder] INFO  ipc.Server (Server.java:run(1314)) - IPC Server Responder: starting
2019-09-23 08:25:56,584 [main] INFO  server.StorageContainerManager (StorageContainerManager.java:start(784)) - ScmDatanodeProtocl RPC server is listening at /0.0.0.0:44230
2019-09-23 08:25:56,588 [main] INFO  server.SCMDatanodeProtocolServer (SCMDatanodeProtocolServer.java:start(191)) - RPC server for DataNodes is listening at /0.0.0.0:44230
2019-09-23 08:25:56,594 [IPC Server Responder] INFO  ipc.Server (Server.java:run(1314)) - IPC Server Responder: starting
2019-09-23 08:25:56,594 [IPC Server listener on 44230] INFO  ipc.Server (Server.java:run(1153)) - IPC Server listener on 44230: starting
2019-09-23 08:25:56,601 [main] INFO  http.HttpServer2 (HttpServer2.java:bindListener(1191)) - Jetty bound to port 36006
2019-09-23 08:25:56,601 [main] INFO  server.Server (Server.java:doStart(351)) - jetty-9.3.25.v20180904, build timestamp: 2018-09-04T21:11:46Z, git hash: 3ce520221d0240229c862b122d2b06c12a625732
2019-09-23 08:25:56,603 [main] INFO  handler.ContextHandler (ContextHandler.java:doStart(781)) - Started o.e.j.s.ServletContextHandler@6de004f1{/logs,file:///workdir/hadoop-ozone/integration-test/target/log,AVAILABLE}
2019-09-23 08:25:56,603 [main] INFO  handler.ContextHandler (ContextHandler.java:doStart(781)) - Started o.e.j.s.ServletContextHandler@4026461d{/static,file:///workdir/hadoop-ozone/integration-test/target/test-classes/webapps/static,AVAILABLE}
2019-09-23 08:25:56,630 [main] INFO  handler.ContextHandler (ContextHandler.java:doStart(781)) - Started o.e.j.w.WebAppContext@b379bc6{/,file:///workdir/hadoop-ozone/integration-test/target/test-classes/webapps/scm/,AVAILABLE}{/scm}
2019-09-23 08:25:56,630 [main] INFO  server.AbstractConnector (AbstractConnector.java:doStart(278)) - Started ServerConnector@374c40ba{HTTP/1.1,[http/1.1]}{0.0.0.0:36006}
2019-09-23 08:25:56,633 [main] INFO  server.Server (Server.java:doStart(419)) - Started @268434ms
2019-09-23 08:25:56,633 [main] WARN  impl.MetricsSystemImpl (MetricsSystemImpl.java:register(276)) - Sink prometheus already exists!
2019-09-23 08:25:56,634 [main] INFO  server.BaseHttpServer (BaseHttpServer.java:updateConnectorAddress(215)) - HTTP server of SCM is listening at http://0.0.0.0:36006
2019-09-23 08:25:56,636 [main] WARN  server.ServerUtils (ServerUtils.java:getDBPath(222)) - ozone.om.db.dirs is not configured. We recommend adding this setting. Falling back to ozone.metadata.dirs instead.
2019-09-23 08:25:56,637 [org.apache.hadoop.util.JvmPauseMonitor$Monitor@6dcab9d9] INFO  util.JvmPauseMonitor (JvmPauseMonitor.java:run(188)) - Starting JVM pause monitor
2019-09-23 08:25:56,700 [main] WARN  server.ServerUtils (ServerUtils.java:getDBPath(222)) - ozone.om.db.dirs is not configured. We recommend adding this setting. Falling back to ozone.metadata.dirs instead.
2019-09-23 08:25:56,700 [main] WARN  server.ServerUtils (ServerUtils.java:getDBPath(222)) - ozone.om.db.dirs is not configured. We recommend adding this setting. Falling back to ozone.metadata.dirs instead.
2019-09-23 08:25:56,701 [main] INFO  om.OzoneManager (OzoneManager.java:setOMNodeDetails(652)) - OM Service ID is not set. Setting it to the default ID: omServiceIdDefault
2019-09-23 08:25:56,701 [main] INFO  om.OzoneManager (OzoneManager.java:setOMNodeDetails(658)) - OM Node ID is not set. Setting it to the OmStorage's OmID: b5360ad5-d9c9-4ce4-a1d3-91aaa944d09b
2019-09-23 08:25:56,701 [main] INFO  om.OzoneManager (OzoneManager.java:loadOMHAConfigs(609)) - Found matching OM address with OMServiceId: null, OMNodeId: null, RPC Address: localhost:0 and Ratis port: 9872
2019-09-23 08:25:56,713 [main] WARN  server.ServerUtils (ServerUtils.java:getDBPath(222)) - ozone.om.db.dirs is not configured. We recommend adding this setting. Falling back to ozone.metadata.dirs instead.
2019-09-23 08:25:56,714 [main] INFO  db.DBStoreBuilder (DBStoreBuilder.java:addTable(110)) - using custom profile for table: userTable
2019-09-23 08:25:56,714 [main] INFO  db.DBStoreBuilder (DBStoreBuilder.java:processTables(161)) - Using default column profile:DBProfile.DISK for Table:userTable
2019-09-23 08:25:56,714 [main] INFO  db.DBStoreBuilder (DBStoreBuilder.java:addTable(110)) - using custom profile for table: volumeTable
2019-09-23 08:25:56,715 [main] INFO  db.DBStoreBuilder (DBStoreBuilder.java:processTables(161)) - Using default column profile:DBProfile.DISK for Table:volumeTable
2019-09-23 08:25:56,715 [main] INFO  db.DBStoreBuilder (DBStoreBuilder.java:addTable(110)) - using custom profile for table: bucketTable
2019-09-23 08:25:56,715 [main] INFO  db.DBStoreBuilder (DBStoreBuilder.java:processTables(161)) - Using default column profile:DBProfile.DISK for Table:bucketTable
2019-09-23 08:25:56,716 [main] INFO  db.DBStoreBuilder (DBStoreBuilder.java:addTable(110)) - using custom profile for table: keyTable
2019-09-23 08:25:56,716 [main] INFO  db.DBStoreBuilder (DBStoreBuilder.java:processTables(161)) - Using default column profile:DBProfile.DISK for Table:keyTable
2019-09-23 08:25:56,716 [main] INFO  db.DBStoreBuilder (DBStoreBuilder.java:addTable(110)) - using custom profile for table: deletedTable
2019-09-23 08:25:56,716 [main] INFO  db.DBStoreBuilder (DBStoreBuilder.java:processTables(161)) - Using default column profile:DBProfile.DISK for Table:deletedTable
2019-09-23 08:25:56,717 [main] INFO  db.DBStoreBuilder (DBStoreBuilder.java:addTable(110)) - using custom profile for table: openKeyTable
2019-09-23 08:25:56,717 [main] INFO  db.DBStoreBuilder (DBStoreBuilder.java:processTables(161)) - Using default column profile:DBProfile.DISK for Table:openKeyTable
2019-09-23 08:25:56,717 [main] INFO  db.DBStoreBuilder (DBStoreBuilder.java:addTable(110)) - using custom profile for table: s3Table
2019-09-23 08:25:56,718 [main] INFO  db.DBStoreBuilder (DBStoreBuilder.java:processTables(161)) - Using default column profile:DBProfile.DISK for Table:s3Table
2019-09-23 08:25:56,718 [main] INFO  db.DBStoreBuilder (DBStoreBuilder.java:addTable(110)) - using custom profile for table: multipartInfoTable
2019-09-23 08:25:56,718 [main] INFO  db.DBStoreBuilder (DBStoreBuilder.java:processTables(161)) - Using default column profile:DBProfile.DISK for Table:multipartInfoTable
2019-09-23 08:25:56,719 [main] INFO  db.DBStoreBuilder (DBStoreBuilder.java:addTable(110)) - using custom profile for table: dTokenTable
2019-09-23 08:25:56,719 [main] INFO  db.DBStoreBuilder (DBStoreBuilder.java:processTables(161)) - Using default column profile:DBProfile.DISK for Table:dTokenTable
2019-09-23 08:25:56,719 [main] INFO  db.DBStoreBuilder (DBStoreBuilder.java:addTable(110)) - using custom profile for table: s3SecretTable
2019-09-23 08:25:56,719 [main] INFO  db.DBStoreBuilder (DBStoreBuilder.java:processTables(161)) - Using default column profile:DBProfile.DISK for Table:s3SecretTable
2019-09-23 08:25:56,720 [main] INFO  db.DBStoreBuilder (DBStoreBuilder.java:addTable(110)) - using custom profile for table: prefixTable
2019-09-23 08:25:56,720 [main] INFO  db.DBStoreBuilder (DBStoreBuilder.java:processTables(161)) - Using default column profile:DBProfile.DISK for Table:prefixTable
2019-09-23 08:25:56,721 [main] INFO  db.DBStoreBuilder (DBStoreBuilder.java:addTable(110)) - using custom profile for table: default
2019-09-23 08:25:56,721 [main] INFO  db.DBStoreBuilder (DBStoreBuilder.java:processTables(167)) - Using default column profile:DBProfile.DISK for Table:default
2019-09-23 08:25:56,721 [main] INFO  db.DBStoreBuilder (DBStoreBuilder.java:getDbProfile(198)) - Using default options. DBProfile.DISK
2019-09-23 08:25:57,332 [Thread-2204] INFO  impl.FollowerState (FollowerState.java:run(106)) - 3eee0bb1-8090-45b5-a26e-402c03e66bc4:group-0C0B33C042B8 changes to CANDIDATE, lastRpcTime:5000, electionTimeout:5000ms
2019-09-23 08:25:57,332 [Thread-2204] INFO  impl.RoleInfo (RoleInfo.java:shutdownFollowerState(121)) - 3eee0bb1-8090-45b5-a26e-402c03e66bc4: shutdown FollowerState
2019-09-23 08:25:57,333 [Thread-2204] INFO  impl.RaftServerImpl (RaftServerImpl.java:setRole(174)) - 3eee0bb1-8090-45b5-a26e-402c03e66bc4@group-0C0B33C042B8: changes role from  FOLLOWER to CANDIDATE at term 3 for changeToCandidate
2019-09-23 08:25:57,333 [Thread-2204] INFO  impl.RoleInfo (RoleInfo.java:updateAndGet(143)) - 3eee0bb1-8090-45b5-a26e-402c03e66bc4: start LeaderElection
2019-09-23 08:25:57,374 [Thread-2203] INFO  impl.FollowerState (FollowerState.java:run(106)) - 2a1cf675-fed6-4e15-89f8-39e10c8a9fa4:group-8DDED73C4B70 changes to CANDIDATE, lastRpcTime:5042, electionTimeout:5042ms
2019-09-23 08:25:57,374 [Thread-2203] INFO  impl.RoleInfo (RoleInfo.java:shutdownFollowerState(121)) - 2a1cf675-fed6-4e15-89f8-39e10c8a9fa4: shutdown FollowerState
2019-09-23 08:25:57,374 [Thread-2203] INFO  impl.RaftServerImpl (RaftServerImpl.java:setRole(174)) - 2a1cf675-fed6-4e15-89f8-39e10c8a9fa4@group-8DDED73C4B70: changes role from  FOLLOWER to CANDIDATE at term 3 for changeToCandidate
2019-09-23 08:25:57,374 [Thread-2203] INFO  impl.RoleInfo (RoleInfo.java:updateAndGet(143)) - 2a1cf675-fed6-4e15-89f8-39e10c8a9fa4: start LeaderElection
2019-09-23 08:25:57,405 [Thread-2201] INFO  impl.FollowerState (FollowerState.java:run(106)) - f82d1a01-aed8-41dc-a822-e51972e4d50c:group-8DDED73C4B70 changes to CANDIDATE, lastRpcTime:5076, electionTimeout:5076ms
2019-09-23 08:25:57,405 [Thread-2201] INFO  impl.RoleInfo (RoleInfo.java:shutdownFollowerState(121)) - f82d1a01-aed8-41dc-a822-e51972e4d50c: shutdown FollowerState
2019-09-23 08:25:57,405 [Thread-2201] INFO  impl.RaftServerImpl (RaftServerImpl.java:setRole(174)) - f82d1a01-aed8-41dc-a822-e51972e4d50c@group-8DDED73C4B70: changes role from  FOLLOWER to CANDIDATE at term 3 for changeToCandidate
2019-09-23 08:25:57,406 [Thread-2201] INFO  impl.RoleInfo (RoleInfo.java:updateAndGet(143)) - f82d1a01-aed8-41dc-a822-e51972e4d50c: start LeaderElection
2019-09-23 08:25:57,437 [3eee0bb1-8090-45b5-a26e-402c03e66bc4@group-0C0B33C042B8:LeaderElection84] INFO  impl.LeaderElection (LeaderElection.java:askForVotes(182)) - 3eee0bb1-8090-45b5-a26e-402c03e66bc4@group-0C0B33C042B8:LeaderElection84: begin an election at term 4 for -1: [3eee0bb1-8090-45b5-a26e-402c03e66bc4:192.168.5.189:40679, c660b52b-6779-4bda-92dc-aea8b06afbce:192.168.5.189:43413, 4c8cbc70-53f1-4bea-8cfc-10695697cb6f:192.168.5.189:44220], old=null
2019-09-23 08:25:57,443 [grpc-default-executor-0] INFO  impl.RaftServerImpl (RaftServerImpl.java:setRole(174)) - c660b52b-6779-4bda-92dc-aea8b06afbce@group-0C0B33C042B8: changes role from  FOLLOWER to FOLLOWER at term 4 for recognizeCandidate:3eee0bb1-8090-45b5-a26e-402c03e66bc4
2019-09-23 08:25:57,443 [grpc-default-executor-0] INFO  impl.RoleInfo (RoleInfo.java:shutdownFollowerState(121)) - c660b52b-6779-4bda-92dc-aea8b06afbce: shutdown FollowerState
2019-09-23 08:25:57,443 [grpc-default-executor-9] INFO  impl.RaftServerImpl (RaftServerImpl.java:setRole(174)) - 4c8cbc70-53f1-4bea-8cfc-10695697cb6f@group-0C0B33C042B8: changes role from  FOLLOWER to FOLLOWER at term 4 for recognizeCandidate:3eee0bb1-8090-45b5-a26e-402c03e66bc4
2019-09-23 08:25:57,444 [Thread-2202] INFO  impl.FollowerState (FollowerState.java:run(115)) - c660b52b-6779-4bda-92dc-aea8b06afbce: FollowerState was interrupted: java.lang.InterruptedException: sleep interrupted
2019-09-23 08:25:57,444 [grpc-default-executor-0] INFO  impl.RoleInfo (RoleInfo.java:updateAndGet(143)) - c660b52b-6779-4bda-92dc-aea8b06afbce: start FollowerState
2019-09-23 08:25:57,444 [grpc-default-executor-9] INFO  impl.RoleInfo (RoleInfo.java:shutdownFollowerState(121)) - 4c8cbc70-53f1-4bea-8cfc-10695697cb6f: shutdown FollowerState
2019-09-23 08:25:57,447 [grpc-default-executor-9] INFO  impl.RoleInfo (RoleInfo.java:updateAndGet(143)) - 4c8cbc70-53f1-4bea-8cfc-10695697cb6f: start FollowerState
2019-09-23 08:25:57,447 [Thread-2200] INFO  impl.FollowerState (FollowerState.java:run(115)) - 4c8cbc70-53f1-4bea-8cfc-10695697cb6f: FollowerState was interrupted: java.lang.InterruptedException: sleep interrupted
2019-09-23 08:25:57,466 [Thread-2199] INFO  impl.FollowerState (FollowerState.java:run(106)) - 6197e7ae-b81d-49ea-af68-f6d72316ae49:group-8DDED73C4B70 changes to CANDIDATE, lastRpcTime:5160, electionTimeout:5157ms
2019-09-23 08:25:57,467 [Thread-2199] INFO  impl.RoleInfo (RoleInfo.java:shutdownFollowerState(121)) - 6197e7ae-b81d-49ea-af68-f6d72316ae49: shutdown FollowerState
2019-09-23 08:25:57,467 [Thread-2199] INFO  impl.RaftServerImpl (RaftServerImpl.java:setRole(174)) - 6197e7ae-b81d-49ea-af68-f6d72316ae49@group-8DDED73C4B70: changes role from  FOLLOWER to CANDIDATE at term 3 for changeToCandidate
2019-09-23 08:25:57,467 [Thread-2199] INFO  impl.RoleInfo (RoleInfo.java:updateAndGet(143)) - 6197e7ae-b81d-49ea-af68-f6d72316ae49: start LeaderElection
2019-09-23 08:25:57,594 [2a1cf675-fed6-4e15-89f8-39e10c8a9fa4@group-8DDED73C4B70:LeaderElection85] INFO  impl.LeaderElection (LeaderElection.java:askForVotes(182)) - 2a1cf675-fed6-4e15-89f8-39e10c8a9fa4@group-8DDED73C4B70:LeaderElection85: begin an election at term 4 for -1: [2a1cf675-fed6-4e15-89f8-39e10c8a9fa4:192.168.5.189:45943, f82d1a01-aed8-41dc-a822-e51972e4d50c:192.168.5.189:33171, 6197e7ae-b81d-49ea-af68-f6d72316ae49:192.168.5.189:43270], old=null
2019-09-23 08:25:57,594 [f82d1a01-aed8-41dc-a822-e51972e4d50c@group-8DDED73C4B70:LeaderElection86] INFO  impl.LeaderElection (LeaderElection.java:askForVotes(182)) - f82d1a01-aed8-41dc-a822-e51972e4d50c@group-8DDED73C4B70:LeaderElection86: begin an election at term 4 for -1: [2a1cf675-fed6-4e15-89f8-39e10c8a9fa4:192.168.5.189:45943, f82d1a01-aed8-41dc-a822-e51972e4d50c:192.168.5.189:33171, 6197e7ae-b81d-49ea-af68-f6d72316ae49:192.168.5.189:43270], old=null
2019-09-23 08:25:57,641 [6197e7ae-b81d-49ea-af68-f6d72316ae49@group-8DDED73C4B70:LeaderElection87] INFO  impl.LeaderElection (LeaderElection.java:askForVotes(182)) - 6197e7ae-b81d-49ea-af68-f6d72316ae49@group-8DDED73C4B70:LeaderElection87: begin an election at term 4 for -1: [2a1cf675-fed6-4e15-89f8-39e10c8a9fa4:192.168.5.189:45943, f82d1a01-aed8-41dc-a822-e51972e4d50c:192.168.5.189:33171, 6197e7ae-b81d-49ea-af68-f6d72316ae49:192.168.5.189:43270], old=null
2019-09-23 08:25:57,642 [3eee0bb1-8090-45b5-a26e-402c03e66bc4@group-0C0B33C042B8:LeaderElection84] INFO  impl.LeaderElection (LeaderElection.java:logAndReturn(56)) - 3eee0bb1-8090-45b5-a26e-402c03e66bc4@group-0C0B33C042B8:LeaderElection84: Election PASSED; received 1 response(s) [3eee0bb1-8090-45b5-a26e-402c03e66bc4<-4c8cbc70-53f1-4bea-8cfc-10695697cb6f#0:OK-t4] and 0 exception(s); 3eee0bb1-8090-45b5-a26e-402c03e66bc4@group-0C0B33C042B8:t4, leader=null, voted=3eee0bb1-8090-45b5-a26e-402c03e66bc4, raftlog=3eee0bb1-8090-45b5-a26e-402c03e66bc4@group-0C0B33C042B8-SegmentedRaftLog:OPENED:c-1,f-1,i0, conf=-1: [3eee0bb1-8090-45b5-a26e-402c03e66bc4:192.168.5.189:40679, c660b52b-6779-4bda-92dc-aea8b06afbce:192.168.5.189:43413, 4c8cbc70-53f1-4bea-8cfc-10695697cb6f:192.168.5.189:44220], old=null
2019-09-23 08:25:57,642 [2a1cf675-fed6-4e15-89f8-39e10c8a9fa4@group-8DDED73C4B70:LeaderElection85] INFO  impl.LeaderElection (LeaderElection.java:logAndReturn(56)) - 2a1cf675-fed6-4e15-89f8-39e10c8a9fa4@group-8DDED73C4B70:LeaderElection85: Election REJECTED; received 2 response(s) [2a1cf675-fed6-4e15-89f8-39e10c8a9fa4<-f82d1a01-aed8-41dc-a822-e51972e4d50c#0:FAIL-t4, 2a1cf675-fed6-4e15-89f8-39e10c8a9fa4<-6197e7ae-b81d-49ea-af68-f6d72316ae49#0:FAIL-t4] and 0 exception(s); 2a1cf675-fed6-4e15-89f8-39e10c8a9fa4@group-8DDED73C4B70:t4, leader=null, voted=2a1cf675-fed6-4e15-89f8-39e10c8a9fa4, raftlog=2a1cf675-fed6-4e15-89f8-39e10c8a9fa4@group-8DDED73C4B70-SegmentedRaftLog:OPENED:c-1,f-1,i0, conf=-1: [2a1cf675-fed6-4e15-89f8-39e10c8a9fa4:192.168.5.189:45943, f82d1a01-aed8-41dc-a822-e51972e4d50c:192.168.5.189:33171, 6197e7ae-b81d-49ea-af68-f6d72316ae49:192.168.5.189:43270], old=null
2019-09-23 08:25:57,642 [f82d1a01-aed8-41dc-a822-e51972e4d50c@group-8DDED73C4B70:LeaderElection86] INFO  impl.LeaderElection (LeaderElection.java:logAndReturn(56)) - f82d1a01-aed8-41dc-a822-e51972e4d50c@group-8DDED73C4B70:LeaderElection86: Election REJECTED; received 2 response(s) [f82d1a01-aed8-41dc-a822-e51972e4d50c<-2a1cf675-fed6-4e15-89f8-39e10c8a9fa4#0:FAIL-t4, f82d1a01-aed8-41dc-a822-e51972e4d50c<-6197e7ae-b81d-49ea-af68-f6d72316ae49#0:FAIL-t4] and 0 exception(s); f82d1a01-aed8-41dc-a822-e51972e4d50c@group-8DDED73C4B70:t4, leader=null, voted=f82d1a01-aed8-41dc-a822-e51972e4d50c, raftlog=f82d1a01-aed8-41dc-a822-e51972e4d50c@group-8DDED73C4B70-SegmentedRaftLog:OPENED:c-1,f-1,i0, conf=-1: [2a1cf675-fed6-4e15-89f8-39e10c8a9fa4:192.168.5.189:45943, f82d1a01-aed8-41dc-a822-e51972e4d50c:192.168.5.189:33171, 6197e7ae-b81d-49ea-af68-f6d72316ae49:192.168.5.189:43270], old=null
2019-09-23 08:25:57,643 [2a1cf675-fed6-4e15-89f8-39e10c8a9fa4@group-8DDED73C4B70:LeaderElection85] INFO  impl.RaftServerImpl (RaftServerImpl.java:setRole(174)) - 2a1cf675-fed6-4e15-89f8-39e10c8a9fa4@group-8DDED73C4B70: changes role from CANDIDATE to FOLLOWER at term 4 for DISCOVERED_A_NEW_TERM
2019-09-23 08:25:57,648 [2a1cf675-fed6-4e15-89f8-39e10c8a9fa4@group-8DDED73C4B70:LeaderElection85] INFO  impl.RoleInfo (RoleInfo.java:shutdownLeaderElection(134)) - 2a1cf675-fed6-4e15-89f8-39e10c8a9fa4: shutdown LeaderElection
2019-09-23 08:25:57,643 [3eee0bb1-8090-45b5-a26e-402c03e66bc4@group-0C0B33C042B8:LeaderElection84] INFO  impl.RoleInfo (RoleInfo.java:shutdownLeaderElection(134)) - 3eee0bb1-8090-45b5-a26e-402c03e66bc4: shutdown LeaderElection
2019-09-23 08:25:57,651 [3eee0bb1-8090-45b5-a26e-402c03e66bc4@group-0C0B33C042B8:LeaderElection84] INFO  impl.RaftServerImpl (RaftServerImpl.java:setRole(174)) - 3eee0bb1-8090-45b5-a26e-402c03e66bc4@group-0C0B33C042B8: changes role from CANDIDATE to LEADER at term 4 for changeToLeader
2019-09-23 08:25:57,651 [f82d1a01-aed8-41dc-a822-e51972e4d50c@group-8DDED73C4B70:LeaderElection86] INFO  impl.RaftServerImpl (RaftServerImpl.java:setRole(174)) - f82d1a01-aed8-41dc-a822-e51972e4d50c@group-8DDED73C4B70: changes role from CANDIDATE to FOLLOWER at term 4 for DISCOVERED_A_NEW_TERM
2019-09-23 08:25:57,651 [2a1cf675-fed6-4e15-89f8-39e10c8a9fa4@group-8DDED73C4B70:LeaderElection85] INFO  impl.RoleInfo (RoleInfo.java:updateAndGet(143)) - 2a1cf675-fed6-4e15-89f8-39e10c8a9fa4: start FollowerState
2019-09-23 08:25:57,651 [f82d1a01-aed8-41dc-a822-e51972e4d50c@group-8DDED73C4B70:LeaderElection86] INFO  impl.RoleInfo (RoleInfo.java:shutdownLeaderElection(134)) - f82d1a01-aed8-41dc-a822-e51972e4d50c: shutdown LeaderElection
2019-09-23 08:25:57,651 [3eee0bb1-8090-45b5-a26e-402c03e66bc4@group-0C0B33C042B8:LeaderElection84] INFO  impl.RaftServerImpl (ServerState.java:setLeader(253)) - 3eee0bb1-8090-45b5-a26e-402c03e66bc4@group-0C0B33C042B8: change Leader from null to 3eee0bb1-8090-45b5-a26e-402c03e66bc4 at term 4 for becomeLeader, leader elected after 22110ms
2019-09-23 08:25:57,651 [f82d1a01-aed8-41dc-a822-e51972e4d50c@group-8DDED73C4B70:LeaderElection86] INFO  impl.RoleInfo (RoleInfo.java:updateAndGet(143)) - f82d1a01-aed8-41dc-a822-e51972e4d50c: start FollowerState
2019-09-23 08:25:57,652 [3eee0bb1-8090-45b5-a26e-402c03e66bc4@group-0C0B33C042B8:LeaderElection84] INFO  server.RaftServerConfigKeys (ConfUtils.java:logGet(43)) - raft.server.staging.catchup.gap = 1000 (default)
2019-09-23 08:25:57,652 [3eee0bb1-8090-45b5-a26e-402c03e66bc4@group-0C0B33C042B8:LeaderElection84] INFO  server.RaftServerConfigKeys (ConfUtils.java:logGet(43)) - raft.server.rpc.sleep.time = 25ms (default)
2019-09-23 08:25:57,652 [3eee0bb1-8090-45b5-a26e-402c03e66bc4@group-0C0B33C042B8:LeaderElection84] INFO  server.RaftServerConfigKeys (ConfUtils.java:logGet(43)) - raft.server.write.element-limit = 4096 (default)
2019-09-23 08:25:57,652 [3eee0bb1-8090-45b5-a26e-402c03e66bc4@group-0C0B33C042B8:LeaderElection84] INFO  server.RaftServerConfigKeys (ConfUtils.java:logGet(43)) - raft.server.watch.timeout = 10s (default)
2019-09-23 08:25:57,652 [6197e7ae-b81d-49ea-af68-f6d72316ae49@group-8DDED73C4B70:LeaderElection87] INFO  impl.LeaderElection (LeaderElection.java:logAndReturn(56)) - 6197e7ae-b81d-49ea-af68-f6d72316ae49@group-8DDED73C4B70:LeaderElection87: Election REJECTED; received 2 response(s) [6197e7ae-b81d-49ea-af68-f6d72316ae49<-2a1cf675-fed6-4e15-89f8-39e10c8a9fa4#0:FAIL-t4, 6197e7ae-b81d-49ea-af68-f6d72316ae49<-f82d1a01-aed8-41dc-a822-e51972e4d50c#0:FAIL-t4] and 0 exception(s); 6197e7ae-b81d-49ea-af68-f6d72316ae49@group-8DDED73C4B70:t4, leader=null, voted=6197e7ae-b81d-49ea-af68-f6d72316ae49, raftlog=6197e7ae-b81d-49ea-af68-f6d72316ae49@group-8DDED73C4B70-SegmentedRaftLog:OPENED:c-1,f-1,i0, conf=-1: [2a1cf675-fed6-4e15-89f8-39e10c8a9fa4:192.168.5.189:45943, f82d1a01-aed8-41dc-a822-e51972e4d50c:192.168.5.189:33171, 6197e7ae-b81d-49ea-af68-f6d72316ae49:192.168.5.189:43270], old=null
2019-09-23 08:25:57,652 [3eee0bb1-8090-45b5-a26e-402c03e66bc4@group-0C0B33C042B8:LeaderElection84] INFO  server.RaftServerConfigKeys (ConfUtils.java:logGet(43)) - raft.server.watch.timeout.denomination = 1s (default)
2019-09-23 08:25:57,653 [6197e7ae-b81d-49ea-af68-f6d72316ae49@group-8DDED73C4B70:LeaderElection87] INFO  impl.RaftServerImpl (RaftServerImpl.java:setRole(174)) - 6197e7ae-b81d-49ea-af68-f6d72316ae49@group-8DDED73C4B70: changes role from CANDIDATE to FOLLOWER at term 4 for DISCOVERED_A_NEW_TERM
2019-09-23 08:25:57,654 [6197e7ae-b81d-49ea-af68-f6d72316ae49@group-8DDED73C4B70:LeaderElection87] INFO  impl.RoleInfo (RoleInfo.java:shutdownLeaderElection(134)) - 6197e7ae-b81d-49ea-af68-f6d72316ae49: shutdown LeaderElection
2019-09-23 08:25:57,654 [3eee0bb1-8090-45b5-a26e-402c03e66bc4@group-0C0B33C042B8:LeaderElection84] INFO  server.RaftServerConfigKeys (ConfUtils.java:logGet(43)) - raft.server.watch.element-limit = 65536 (default)
2019-09-23 08:25:57,655 [6197e7ae-b81d-49ea-af68-f6d72316ae49@group-8DDED73C4B70:LeaderElection87] INFO  impl.RoleInfo (RoleInfo.java:updateAndGet(143)) - 6197e7ae-b81d-49ea-af68-f6d72316ae49: start FollowerState
2019-09-23 08:25:57,656 [3eee0bb1-8090-45b5-a26e-402c03e66bc4@group-0C0B33C042B8:LeaderElection84] INFO  server.RaftServerConfigKeys (ConfUtils.java:logGet(43)) - raft.server.log.appender.snapshot.chunk.size.max = 16MB (=16777216) (default)
2019-09-23 08:25:57,656 [3eee0bb1-8090-45b5-a26e-402c03e66bc4@group-0C0B33C042B8:LeaderElection84] INFO  server.RaftServerConfigKeys (ConfUtils.java:logGet(43)) - raft.server.log.appender.buffer.byte-limit = 33554432 (custom)
2019-09-23 08:25:57,657 [3eee0bb1-8090-45b5-a26e-402c03e66bc4@group-0C0B33C042B8:LeaderElection84] INFO  server.RaftServerConfigKeys (ConfUtils.java:logGet(43)) - raft.server.log.appender.buffer.element-limit = 1 (custom)
2019-09-23 08:25:57,657 [3eee0bb1-8090-45b5-a26e-402c03e66bc4@group-0C0B33C042B8:LeaderElection84] INFO  grpc.GrpcConfigKeys$Server (ConfUtils.java:logGet(43)) - raft.grpc.server.leader.outstanding.appends.max = 128 (default)
2019-09-23 08:25:57,657 [3eee0bb1-8090-45b5-a26e-402c03e66bc4@group-0C0B33C042B8:LeaderElection84] INFO  server.RaftServerConfigKeys (ConfUtils.java:logGet(43)) - raft.server.rpc.request.timeout = 3000ms (default)
2019-09-23 08:25:57,657 [3eee0bb1-8090-45b5-a26e-402c03e66bc4@group-0C0B33C042B8:LeaderElection84] INFO  server.RaftServerConfigKeys (ConfUtils.java:logGet(43)) - raft.server.log.appender.install.snapshot.enabled = false (custom)
2019-09-23 08:25:57,657 [3eee0bb1-8090-45b5-a26e-402c03e66bc4@group-0C0B33C042B8:LeaderElection84] INFO  server.RaftServerConfigKeys (ConfUtils.java:logGet(43)) - raft.server.log.appender.snapshot.chunk.size.max = 16MB (=16777216) (default)
2019-09-23 08:25:57,657 [3eee0bb1-8090-45b5-a26e-402c03e66bc4@group-0C0B33C042B8:LeaderElection84] INFO  server.RaftServerConfigKeys (ConfUtils.java:logGet(43)) - raft.server.log.appender.buffer.byte-limit = 33554432 (custom)
2019-09-23 08:25:57,657 [3eee0bb1-8090-45b5-a26e-402c03e66bc4@group-0C0B33C042B8:LeaderElection84] INFO  server.RaftServerConfigKeys (ConfUtils.java:logGet(43)) - raft.server.log.appender.buffer.element-limit = 1 (custom)
2019-09-23 08:25:57,658 [3eee0bb1-8090-45b5-a26e-402c03e66bc4@group-0C0B33C042B8:LeaderElection84] INFO  grpc.GrpcConfigKeys$Server (ConfUtils.java:logGet(43)) - raft.grpc.server.leader.outstanding.appends.max = 128 (default)
2019-09-23 08:25:57,658 [3eee0bb1-8090-45b5-a26e-402c03e66bc4@group-0C0B33C042B8:LeaderElection84] INFO  server.RaftServerConfigKeys (ConfUtils.java:logGet(43)) - raft.server.rpc.request.timeout = 3000ms (default)
2019-09-23 08:25:57,658 [3eee0bb1-8090-45b5-a26e-402c03e66bc4@group-0C0B33C042B8:LeaderElection84] INFO  server.RaftServerConfigKeys (ConfUtils.java:logGet(43)) - raft.server.log.appender.install.snapshot.enabled = false (custom)
2019-09-23 08:25:57,658 [3eee0bb1-8090-45b5-a26e-402c03e66bc4@group-0C0B33C042B8:LeaderElection84] INFO  impl.RoleInfo (RoleInfo.java:updateAndGet(143)) - 3eee0bb1-8090-45b5-a26e-402c03e66bc4: start LeaderState
2019-09-23 08:25:57,658 [3eee0bb1-8090-45b5-a26e-402c03e66bc4@group-0C0B33C042B8:LeaderElection84] INFO  segmented.SegmentedRaftLogWorker (SegmentedRaftLogWorker.java:startLogSegment(380)) - 3eee0bb1-8090-45b5-a26e-402c03e66bc4@group-0C0B33C042B8-SegmentedRaftLogWorker: Starting segment from index:0
2019-09-23 08:25:57,659 [3eee0bb1-8090-45b5-a26e-402c03e66bc4@group-0C0B33C042B8:LeaderElection84] INFO  impl.RaftServerImpl (ServerState.java:setRaftConf(354)) - 3eee0bb1-8090-45b5-a26e-402c03e66bc4@group-0C0B33C042B8: set configuration 0: [3eee0bb1-8090-45b5-a26e-402c03e66bc4:192.168.5.189:40679, c660b52b-6779-4bda-92dc-aea8b06afbce:192.168.5.189:43413, 4c8cbc70-53f1-4bea-8cfc-10695697cb6f:192.168.5.189:44220], old=null at 0
2019-09-23 08:25:57,683 [grpc-default-executor-7] INFO  impl.RaftServerImpl (ServerState.java:setLeader(253)) - 4c8cbc70-53f1-4bea-8cfc-10695697cb6f@group-0C0B33C042B8: change Leader from null to 3eee0bb1-8090-45b5-a26e-402c03e66bc4 at term 4 for appendEntries, leader elected after 22142ms
2019-09-23 08:25:57,683 [grpc-default-executor-8] INFO  impl.RaftServerImpl (ServerState.java:setLeader(253)) - c660b52b-6779-4bda-92dc-aea8b06afbce@group-0C0B33C042B8: change Leader from null to 3eee0bb1-8090-45b5-a26e-402c03e66bc4 at term 4 for appendEntries, leader elected after 22142ms
2019-09-23 08:25:57,686 [grpc-default-executor-7] INFO  impl.RaftServerImpl (ServerState.java:setRaftConf(354)) - c660b52b-6779-4bda-92dc-aea8b06afbce@group-0C0B33C042B8: set configuration 0: [3eee0bb1-8090-45b5-a26e-402c03e66bc4:192.168.5.189:40679, c660b52b-6779-4bda-92dc-aea8b06afbce:192.168.5.189:43413, 4c8cbc70-53f1-4bea-8cfc-10695697cb6f:192.168.5.189:44220], old=null at 0
2019-09-23 08:25:57,686 [grpc-default-executor-8] INFO  impl.RaftServerImpl (ServerState.java:setRaftConf(354)) - 4c8cbc70-53f1-4bea-8cfc-10695697cb6f@group-0C0B33C042B8: set configuration 0: [3eee0bb1-8090-45b5-a26e-402c03e66bc4:192.168.5.189:40679, c660b52b-6779-4bda-92dc-aea8b06afbce:192.168.5.189:43413, 4c8cbc70-53f1-4bea-8cfc-10695697cb6f:192.168.5.189:44220], old=null at 0
2019-09-23 08:25:57,686 [grpc-default-executor-7] INFO  segmented.SegmentedRaftLogWorker (SegmentedRaftLogWorker.java:startLogSegment(380)) - c660b52b-6779-4bda-92dc-aea8b06afbce@group-0C0B33C042B8-SegmentedRaftLogWorker: Starting segment from index:0
2019-09-23 08:25:57,687 [grpc-default-executor-8] INFO  segmented.SegmentedRaftLogWorker (SegmentedRaftLogWorker.java:startLogSegment(380)) - 4c8cbc70-53f1-4bea-8cfc-10695697cb6f@group-0C0B33C042B8-SegmentedRaftLogWorker: Starting segment from index:0
2019-09-23 08:25:57,787 [3eee0bb1-8090-45b5-a26e-402c03e66bc4@group-0C0B33C042B8-SegmentedRaftLogWorker] INFO  segmented.SegmentedRaftLogWorker (SegmentedRaftLogWorker.java:execute(569)) - 3eee0bb1-8090-45b5-a26e-402c03e66bc4@group-0C0B33C042B8-SegmentedRaftLogWorker: created new log segment /workdir/hadoop-ozone/integration-test/target/test-dir/MiniOzoneClusterImpl-19e87cfc-d6b3-42f5-aca7-5187b9f950d1/datanode-3/data/ratis/cc101275-a5b4-4c45-9c34-0c0b33c042b8/current/log_inprogress_0
2019-09-23 08:25:57,787 [4c8cbc70-53f1-4bea-8cfc-10695697cb6f@group-0C0B33C042B8-SegmentedRaftLogWorker] INFO  segmented.SegmentedRaftLogWorker (SegmentedRaftLogWorker.java:execute(569)) - 4c8cbc70-53f1-4bea-8cfc-10695697cb6f@group-0C0B33C042B8-SegmentedRaftLogWorker: created new log segment /workdir/hadoop-ozone/integration-test/target/test-dir/MiniOzoneClusterImpl-19e87cfc-d6b3-42f5-aca7-5187b9f950d1/datanode-5/data/ratis/cc101275-a5b4-4c45-9c34-0c0b33c042b8/current/log_inprogress_0
2019-09-23 08:25:57,787 [c660b52b-6779-4bda-92dc-aea8b06afbce@group-0C0B33C042B8-SegmentedRaftLogWorker] INFO  segmented.SegmentedRaftLogWorker (SegmentedRaftLogWorker.java:execute(569)) - c660b52b-6779-4bda-92dc-aea8b06afbce@group-0C0B33C042B8-SegmentedRaftLogWorker: created new log segment /workdir/hadoop-ozone/integration-test/target/test-dir/MiniOzoneClusterImpl-19e87cfc-d6b3-42f5-aca7-5187b9f950d1/datanode-4/data/ratis/cc101275-a5b4-4c45-9c34-0c0b33c042b8/current/log_inprogress_0
2019-09-23 08:25:59,842 [main] INFO  ipc.CallQueueManager (CallQueueManager.java:<init>(84)) - Using callQueue: class java.util.concurrent.LinkedBlockingQueue, queueCapacity: 2000, scheduler: class org.apache.hadoop.ipc.DefaultRpcScheduler, ipcBackoff: false.
2019-09-23 08:25:59,843 [Socket Reader #1 for port 41155] INFO  ipc.Server (Server.java:run(1074)) - Starting Socket Reader #1 for port 41155
2019-09-23 08:25:59,866 [main] INFO  om.OzoneManager (OzoneManager.java:start(1243)) - OzoneManager RPC server is listening at localhost/127.0.0.1:41155
2019-09-23 08:25:59,867 [main] INFO  impl.MetricsSystemImpl (MetricsSystemImpl.java:init(158)) - OzoneManager metrics system started (again)
2019-09-23 08:25:59,867 [IPC Server Responder] INFO  ipc.Server (Server.java:run(1314)) - IPC Server Responder: starting
2019-09-23 08:25:59,868 [IPC Server listener on 41155] INFO  ipc.Server (Server.java:run(1153)) - IPC Server listener on 41155: starting
2019-09-23 08:25:59,880 [main] INFO  hdfs.DFSUtil (DFSUtil.java:httpServerTemplateForNNAndJN(1641)) - Starting Web-server for ozoneManager at: http://0.0.0.0:0
2019-09-23 08:25:59,882 [main] INFO  server.AuthenticationFilter (AuthenticationFilter.java:constructSecretProvider(240)) - Unable to initialize FileSignerSecretProvider, falling back to use random secrets.
2019-09-23 08:25:59,882 [main] WARN  http.HttpRequestLog (HttpRequestLog.java:getRequestLog(97)) - Jetty request log can only be enabled using Log4j
2019-09-23 08:25:59,884 [main] INFO  http.HttpServer2 (HttpServer2.java:addGlobalFilter(975)) - Added global filter 'safety' (class=org.apache.hadoop.http.HttpServer2$QuotingInputFilter)
2019-09-23 08:25:59,884 [main] INFO  http.HttpServer2 (HttpServer2.java:addFilter(948)) - Added filter static_user_filter (class=org.apache.hadoop.http.lib.StaticUserWebFilter$StaticUserFilter) to context ozoneManager
2019-09-23 08:25:59,884 [main] INFO  http.HttpServer2 (HttpServer2.java:addFilter(958)) - Added filter static_user_filter (class=org.apache.hadoop.http.lib.StaticUserWebFilter$StaticUserFilter) to context static
2019-09-23 08:25:59,884 [main] INFO  http.HttpServer2 (HttpServer2.java:addFilter(958)) - Added filter static_user_filter (class=org.apache.hadoop.http.lib.StaticUserWebFilter$StaticUserFilter) to context logs
2019-09-23 08:25:59,885 [main] INFO  http.HttpServer2 (HttpServer2.java:bindListener(1191)) - Jetty bound to port 34046
2019-09-23 08:25:59,885 [main] INFO  server.Server (Server.java:doStart(351)) - jetty-9.3.25.v20180904, build timestamp: 2018-09-04T21:11:46Z, git hash: 3ce520221d0240229c862b122d2b06c12a625732
2019-09-23 08:25:59,887 [main] INFO  handler.ContextHandler (ContextHandler.java:doStart(781)) - Started o.e.j.s.ServletContextHandler@582e9152{/logs,file:///workdir/hadoop-ozone/integration-test/target/log,AVAILABLE}
2019-09-23 08:25:59,887 [main] INFO  handler.ContextHandler (ContextHandler.java:doStart(781)) - Started o.e.j.s.ServletContextHandler@349c4d1c{/static,file:///workdir/hadoop-ozone/integration-test/target/test-classes/webapps/static,AVAILABLE}
2019-09-23 08:25:59,891 [main] INFO  handler.ContextHandler (ContextHandler.java:doStart(781)) - Started o.e.j.w.WebAppContext@240f350a{/,file:///workdir/hadoop-ozone/integration-test/target/test-classes/webapps/ozoneManager/,AVAILABLE}{/ozoneManager}
2019-09-23 08:25:59,891 [main] INFO  server.AbstractConnector (AbstractConnector.java:doStart(278)) - Started ServerConnector@706f6d26{HTTP/1.1,[http/1.1]}{0.0.0.0:34046}
2019-09-23 08:25:59,894 [main] INFO  server.Server (Server.java:doStart(419)) - Started @271695ms
2019-09-23 08:25:59,894 [main] WARN  impl.MetricsSystemImpl (MetricsSystemImpl.java:register(276)) - Sink prometheus already exists!
2019-09-23 08:25:59,895 [main] INFO  server.BaseHttpServer (BaseHttpServer.java:updateConnectorAddress(215)) - HTTP server of OZONEMANAGER is listening at http://0.0.0.0:34046
2019-09-23 08:25:59,916 [main] INFO  impl.MetricsSystemImpl (MetricsSystemImpl.java:init(158)) - HddsDatanode metrics system started (again)
2019-09-23 08:25:59,943 [main] INFO  ozone.HddsDatanodeService (HddsDatanodeService.java:start(184)) - HddsDatanodeService host:trunk-nightly-20190923-extra-pvkvv-3499472557 ip:192.168.5.189
2019-09-23 08:25:59,952 [main] INFO  volume.HddsVolume (HddsVolume.java:<init>(176)) - Creating Volume: /workdir/hadoop-ozone/integration-test/target/test-dir/MiniOzoneClusterImpl-474ba54a-de8a-4486-82a8-6ac711b3de75/datanode-0/data/containers/hdds of  storage type : DISK and capacity : 1482555576320
2019-09-23 08:25:59,952 [main] INFO  volume.VolumeSet (VolumeSet.java:initializeVolumeSet(170)) - Added Volume : /workdir/hadoop-ozone/integration-test/target/test-dir/MiniOzoneClusterImpl-474ba54a-de8a-4486-82a8-6ac711b3de75/datanode-0/data/containers/hdds to VolumeSet
2019-09-23 08:25:59,952 [main] INFO  volume.ThrottledAsyncChecker (ThrottledAsyncChecker.java:schedule(139)) - Scheduling a check for org.apache.hadoop.ozone.container.common.volume.HddsVolume@39266403
2019-09-23 08:25:59,953 [main] INFO  volume.HddsVolumeChecker (HddsVolumeChecker.java:checkAllVolumes(202)) - Scheduled health check for volume org.apache.hadoop.ozone.container.common.volume.HddsVolume@39266403
2019-09-23 08:25:59,973 [main] INFO  impl.RaftServerProxy (ConfUtils.java:logGet(43)) - raft.rpc.type = GRPC (default)
2019-09-23 08:25:59,973 [main] INFO  grpc.GrpcFactory (GrpcFactory.java:checkPooledByteBufAllocatorUseCacheForAllThreads(45)) - PERFORMANCE WARNING: useCacheForAllThreads is true that may cause Netty to create a lot garbage objects and, as a result, trigger GC.
	It is recommended to disable useCacheForAllThreads by setting -Dorg.apache.ratis.thirdparty.io.netty.allocator.useCacheForAllThreads=false in command line.
2019-09-23 08:25:59,973 [main] INFO  grpc.GrpcConfigKeys$Server (ConfUtils.java:logGet(43)) - raft.grpc.server.port = 0 (default)
2019-09-23 08:25:59,973 [main] INFO  server.GrpcService (ConfUtils.java:logGet(43)) - raft.grpc.message.size.max = 33570816 (custom)
2019-09-23 08:25:59,974 [main] INFO  server.RaftServerConfigKeys (ConfUtils.java:logGet(43)) - raft.server.log.appender.buffer.byte-limit = 33554432 (custom)
2019-09-23 08:25:59,974 [main] INFO  server.GrpcService (ConfUtils.java:logGet(43)) - raft.grpc.flow.control.window = 1MB (=1048576) (default)
2019-09-23 08:25:59,974 [main] INFO  server.RaftServerConfigKeys (ConfUtils.java:logGet(43)) - raft.server.rpc.request.timeout = 3000ms (default)
2019-09-23 08:25:59,975 [main] INFO  server.RaftServerConfigKeys (ConfUtils.java:logGet(43)) - raft.server.storage.dir = [/workdir/hadoop-ozone/integration-test/target/test-dir/MiniOzoneClusterImpl-474ba54a-de8a-4486-82a8-6ac711b3de75/datanode-0/data/ratis] (custom)
2019-09-23 08:25:59,977 [main] INFO  hdfs.DFSUtil (DFSUtil.java:httpServerTemplateForNNAndJN(1641)) - Starting Web-server for hddsDatanode at: http://0.0.0.0:0
2019-09-23 08:25:59,979 [main] INFO  server.AuthenticationFilter (AuthenticationFilter.java:constructSecretProvider(240)) - Unable to initialize FileSignerSecretProvider, falling back to use random secrets.
2019-09-23 08:25:59,979 [main] WARN  http.HttpRequestLog (HttpRequestLog.java:getRequestLog(97)) - Jetty request log can only be enabled using Log4j
2019-09-23 08:25:59,981 [main] INFO  http.HttpServer2 (HttpServer2.java:addGlobalFilter(975)) - Added global filter 'safety' (class=org.apache.hadoop.http.HttpServer2$QuotingInputFilter)
2019-09-23 08:25:59,981 [main] INFO  http.HttpServer2 (HttpServer2.java:addFilter(948)) - Added filter static_user_filter (class=org.apache.hadoop.http.lib.StaticUserWebFilter$StaticUserFilter) to context hddsDatanode
2019-09-23 08:25:59,982 [main] INFO  http.HttpServer2 (HttpServer2.java:addFilter(958)) - Added filter static_user_filter (class=org.apache.hadoop.http.lib.StaticUserWebFilter$StaticUserFilter) to context static
2019-09-23 08:25:59,982 [main] INFO  http.HttpServer2 (HttpServer2.java:addFilter(958)) - Added filter static_user_filter (class=org.apache.hadoop.http.lib.StaticUserWebFilter$StaticUserFilter) to context logs
2019-09-23 08:25:59,982 [main] INFO  http.HttpServer2 (HttpServer2.java:bindListener(1191)) - Jetty bound to port 44095
2019-09-23 08:25:59,983 [main] INFO  server.Server (Server.java:doStart(351)) - jetty-9.3.25.v20180904, build timestamp: 2018-09-04T21:11:46Z, git hash: 3ce520221d0240229c862b122d2b06c12a625732
2019-09-23 08:25:59,984 [main] INFO  handler.ContextHandler (ContextHandler.java:doStart(781)) - Started o.e.j.s.ServletContextHandler@24a0c58b{/logs,file:///workdir/hadoop-ozone/integration-test/target/log,AVAILABLE}
2019-09-23 08:25:59,985 [main] INFO  handler.ContextHandler (ContextHandler.java:doStart(781)) - Started o.e.j.s.ServletContextHandler@7f3c0399{/static,jar:file:/home/user/.m2/repository/org/apache/hadoop/hadoop-hdds-container-service/0.5.0-SNAPSHOT/hadoop-hdds-container-service-0.5.0-SNAPSHOT.jar!/webapps/static,AVAILABLE}
2019-09-23 08:26:00,016 [main] INFO  handler.ContextHandler (ContextHandler.java:doStart(781)) - Started o.e.j.w.WebAppContext@51ba952e{/,file:///tmp/jetty-0.0.0.0-44095-hddsDatanode-_-any-3029107701096821103.dir/webapp/,AVAILABLE}{/hddsDatanode}
2019-09-23 08:26:00,017 [main] INFO  server.AbstractConnector (AbstractConnector.java:doStart(278)) - Started ServerConnector@2416c658{HTTP/1.1,[http/1.1]}{0.0.0.0:44095}
2019-09-23 08:26:00,021 [main] INFO  server.Server (Server.java:doStart(419)) - Started @271822ms
2019-09-23 08:26:00,021 [main] WARN  impl.MetricsSystemImpl (MetricsSystemImpl.java:register(276)) - Sink prometheus already exists!
2019-09-23 08:26:00,022 [main] INFO  server.BaseHttpServer (BaseHttpServer.java:updateConnectorAddress(215)) - HTTP server of HDDSDATANODE is listening at http://0.0.0.0:44095
2019-09-23 08:26:00,022 [main] INFO  impl.MetricsSystemImpl (MetricsSystemImpl.java:init(158)) - HddsDatanode metrics system started (again)
2019-09-23 08:26:00,042 [org.apache.hadoop.util.JvmPauseMonitor$Monitor@29bd5ab2] INFO  util.JvmPauseMonitor (JvmPauseMonitor.java:run(188)) - Starting JVM pause monitor
2019-09-23 08:26:00,043 [main] INFO  ozone.HddsDatanodeService (HddsDatanodeService.java:start(184)) - HddsDatanodeService host:trunk-nightly-20190923-extra-pvkvv-3499472557 ip:192.168.5.189
2019-09-23 08:26:00,044 [Datanode State Machine Thread - 0] INFO  datanode.InitDatanodeState (InitDatanodeState.java:persistContainerDatanodeDetails(140)) - DatanodeDetails is persisted to /workdir/hadoop-ozone/integration-test/target/test-dir/MiniOzoneClusterImpl-474ba54a-de8a-4486-82a8-6ac711b3de75/datanode-0/meta/datanode.id
2019-09-23 08:26:00,054 [main] INFO  volume.HddsVolume (HddsVolume.java:<init>(176)) - Creating Volume: /workdir/hadoop-ozone/integration-test/target/test-dir/MiniOzoneClusterImpl-474ba54a-de8a-4486-82a8-6ac711b3de75/datanode-1/data/containers/hdds of  storage type : DISK and capacity : 1482555576320
2019-09-23 08:26:00,054 [main] INFO  volume.VolumeSet (VolumeSet.java:initializeVolumeSet(170)) - Added Volume : /workdir/hadoop-ozone/integration-test/target/test-dir/MiniOzoneClusterImpl-474ba54a-de8a-4486-82a8-6ac711b3de75/datanode-1/data/containers/hdds to VolumeSet
2019-09-23 08:26:00,054 [main] INFO  volume.ThrottledAsyncChecker (ThrottledAsyncChecker.java:schedule(139)) - Scheduling a check for org.apache.hadoop.ozone.container.common.volume.HddsVolume@563ccd31
2019-09-23 08:26:00,055 [main] INFO  volume.HddsVolumeChecker (HddsVolumeChecker.java:checkAllVolumes(202)) - Scheduled health check for volume org.apache.hadoop.ozone.container.common.volume.HddsVolume@563ccd31
2019-09-23 08:26:00,072 [main] INFO  impl.RaftServerProxy (ConfUtils.java:logGet(43)) - raft.rpc.type = GRPC (default)
2019-09-23 08:26:00,072 [main] INFO  grpc.GrpcFactory (GrpcFactory.java:checkPooledByteBufAllocatorUseCacheForAllThreads(45)) - PERFORMANCE WARNING: useCacheForAllThreads is true that may cause Netty to create a lot garbage objects and, as a result, trigger GC.
	It is recommended to disable useCacheForAllThreads by setting -Dorg.apache.ratis.thirdparty.io.netty.allocator.useCacheForAllThreads=false in command line.
2019-09-23 08:26:00,072 [main] INFO  grpc.GrpcConfigKeys$Server (ConfUtils.java:logGet(43)) - raft.grpc.server.port = 0 (default)
2019-09-23 08:26:00,073 [main] INFO  server.GrpcService (ConfUtils.java:logGet(43)) - raft.grpc.message.size.max = 33570816 (custom)
2019-09-23 08:26:00,073 [main] INFO  server.RaftServerConfigKeys (ConfUtils.java:logGet(43)) - raft.server.log.appender.buffer.byte-limit = 33554432 (custom)
2019-09-23 08:26:00,073 [main] INFO  server.GrpcService (ConfUtils.java:logGet(43)) - raft.grpc.flow.control.window = 1MB (=1048576) (default)
2019-09-23 08:26:00,073 [main] INFO  server.RaftServerConfigKeys (ConfUtils.java:logGet(43)) - raft.server.rpc.request.timeout = 3000ms (default)
2019-09-23 08:26:00,074 [main] INFO  server.RaftServerConfigKeys (ConfUtils.java:logGet(43)) - raft.server.storage.dir = [/workdir/hadoop-ozone/integration-test/target/test-dir/MiniOzoneClusterImpl-474ba54a-de8a-4486-82a8-6ac711b3de75/datanode-1/data/ratis] (custom)
2019-09-23 08:26:00,075 [main] INFO  hdfs.DFSUtil (DFSUtil.java:httpServerTemplateForNNAndJN(1641)) - Starting Web-server for hddsDatanode at: http://0.0.0.0:0
2019-09-23 08:26:00,077 [main] INFO  server.AuthenticationFilter (AuthenticationFilter.java:constructSecretProvider(240)) - Unable to initialize FileSignerSecretProvider, falling back to use random secrets.
2019-09-23 08:26:00,077 [main] WARN  http.HttpRequestLog (HttpRequestLog.java:getRequestLog(97)) - Jetty request log can only be enabled using Log4j
2019-09-23 08:26:00,079 [main] INFO  http.HttpServer2 (HttpServer2.java:addGlobalFilter(975)) - Added global filter 'safety' (class=org.apache.hadoop.http.HttpServer2$QuotingInputFilter)
2019-09-23 08:26:00,079 [main] INFO  http.HttpServer2 (HttpServer2.java:addFilter(948)) - Added filter static_user_filter (class=org.apache.hadoop.http.lib.StaticUserWebFilter$StaticUserFilter) to context hddsDatanode
2019-09-23 08:26:00,080 [main] INFO  http.HttpServer2 (HttpServer2.java:addFilter(958)) - Added filter static_user_filter (class=org.apache.hadoop.http.lib.StaticUserWebFilter$StaticUserFilter) to context logs
2019-09-23 08:26:00,080 [main] INFO  http.HttpServer2 (HttpServer2.java:addFilter(958)) - Added filter static_user_filter (class=org.apache.hadoop.http.lib.StaticUserWebFilter$StaticUserFilter) to context static
2019-09-23 08:26:00,081 [main] INFO  http.HttpServer2 (HttpServer2.java:bindListener(1191)) - Jetty bound to port 38070
2019-09-23 08:26:00,081 [main] INFO  server.Server (Server.java:doStart(351)) - jetty-9.3.25.v20180904, build timestamp: 2018-09-04T21:11:46Z, git hash: 3ce520221d0240229c862b122d2b06c12a625732
2019-09-23 08:26:00,082 [main] INFO  handler.ContextHandler (ContextHandler.java:doStart(781)) - Started o.e.j.s.ServletContextHandler@2db86a7c{/logs,file:///workdir/hadoop-ozone/integration-test/target/log,AVAILABLE}
2019-09-23 08:26:00,083 [main] INFO  handler.ContextHandler (ContextHandler.java:doStart(781)) - Started o.e.j.s.ServletContextHandler@5b02a984{/static,jar:file:/home/user/.m2/repository/org/apache/hadoop/hadoop-hdds-container-service/0.5.0-SNAPSHOT/hadoop-hdds-container-service-0.5.0-SNAPSHOT.jar!/webapps/static,AVAILABLE}
2019-09-23 08:26:00,809 [main] INFO  handler.ContextHandler (ContextHandler.java:doStart(781)) - Started o.e.j.w.WebAppContext@5968800d{/,file:///tmp/jetty-0.0.0.0-38070-hddsDatanode-_-any-5718483805998984552.dir/webapp/,AVAILABLE}{/hddsDatanode}
2019-09-23 08:26:00,810 [main] INFO  server.AbstractConnector (AbstractConnector.java:doStart(278)) - Started ServerConnector@3887c7d7{HTTP/1.1,[http/1.1]}{0.0.0.0:38070}
2019-09-23 08:26:00,815 [main] INFO  server.Server (Server.java:doStart(419)) - Started @272616ms
2019-09-23 08:26:00,815 [main] WARN  impl.MetricsSystemImpl (MetricsSystemImpl.java:register(276)) - Sink prometheus already exists!
2019-09-23 08:26:00,816 [main] INFO  server.BaseHttpServer (BaseHttpServer.java:updateConnectorAddress(215)) - HTTP server of HDDSDATANODE is listening at http://0.0.0.0:38070
2019-09-23 08:26:00,816 [main] INFO  impl.MetricsSystemImpl (MetricsSystemImpl.java:init(158)) - HddsDatanode metrics system started (again)
2019-09-23 08:26:00,843 [org.apache.hadoop.util.JvmPauseMonitor$Monitor@6550b811] INFO  util.JvmPauseMonitor (JvmPauseMonitor.java:run(188)) - Starting JVM pause monitor
2019-09-23 08:26:00,844 [Datanode State Machine Thread - 0] INFO  datanode.InitDatanodeState (InitDatanodeState.java:persistContainerDatanodeDetails(140)) - DatanodeDetails is persisted to /workdir/hadoop-ozone/integration-test/target/test-dir/MiniOzoneClusterImpl-474ba54a-de8a-4486-82a8-6ac711b3de75/datanode-1/meta/datanode.id
2019-09-23 08:26:00,847 [main] INFO  ozone.HddsDatanodeService (HddsDatanodeService.java:start(184)) - HddsDatanodeService host:trunk-nightly-20190923-extra-pvkvv-3499472557 ip:192.168.5.189
2019-09-23 08:26:00,859 [main] INFO  volume.HddsVolume (HddsVolume.java:<init>(176)) - Creating Volume: /workdir/hadoop-ozone/integration-test/target/test-dir/MiniOzoneClusterImpl-474ba54a-de8a-4486-82a8-6ac711b3de75/datanode-2/data/containers/hdds of  storage type : DISK and capacity : 1482555576320
2019-09-23 08:26:00,859 [main] INFO  volume.VolumeSet (VolumeSet.java:initializeVolumeSet(170)) - Added Volume : /workdir/hadoop-ozone/integration-test/target/test-dir/MiniOzoneClusterImpl-474ba54a-de8a-4486-82a8-6ac711b3de75/datanode-2/data/containers/hdds to VolumeSet
2019-09-23 08:26:00,859 [main] INFO  volume.ThrottledAsyncChecker (ThrottledAsyncChecker.java:schedule(139)) - Scheduling a check for org.apache.hadoop.ozone.container.common.volume.HddsVolume@24134cbc
2019-09-23 08:26:00,860 [main] INFO  volume.HddsVolumeChecker (HddsVolumeChecker.java:checkAllVolumes(202)) - Scheduled health check for volume org.apache.hadoop.ozone.container.common.volume.HddsVolume@24134cbc
2019-09-23 08:26:00,879 [main] INFO  impl.RaftServerProxy (ConfUtils.java:logGet(43)) - raft.rpc.type = GRPC (default)
2019-09-23 08:26:00,879 [main] INFO  grpc.GrpcFactory (GrpcFactory.java:checkPooledByteBufAllocatorUseCacheForAllThreads(45)) - PERFORMANCE WARNING: useCacheForAllThreads is true that may cause Netty to create a lot garbage objects and, as a result, trigger GC.
	It is recommended to disable useCacheForAllThreads by setting -Dorg.apache.ratis.thirdparty.io.netty.allocator.useCacheForAllThreads=false in command line.
2019-09-23 08:26:00,880 [main] INFO  grpc.GrpcConfigKeys$Server (ConfUtils.java:logGet(43)) - raft.grpc.server.port = 0 (default)
2019-09-23 08:26:00,880 [main] INFO  server.GrpcService (ConfUtils.java:logGet(43)) - raft.grpc.message.size.max = 33570816 (custom)
2019-09-23 08:26:00,880 [main] INFO  server.RaftServerConfigKeys (ConfUtils.java:logGet(43)) - raft.server.log.appender.buffer.byte-limit = 33554432 (custom)
2019-09-23 08:26:00,880 [main] INFO  server.GrpcService (ConfUtils.java:logGet(43)) - raft.grpc.flow.control.window = 1MB (=1048576) (default)
2019-09-23 08:26:00,880 [main] INFO  server.RaftServerConfigKeys (ConfUtils.java:logGet(43)) - raft.server.rpc.request.timeout = 3000ms (default)
2019-09-23 08:26:00,881 [main] INFO  server.RaftServerConfigKeys (ConfUtils.java:logGet(43)) - raft.server.storage.dir = [/workdir/hadoop-ozone/integration-test/target/test-dir/MiniOzoneClusterImpl-474ba54a-de8a-4486-82a8-6ac711b3de75/datanode-2/data/ratis] (custom)
2019-09-23 08:26:00,883 [main] INFO  hdfs.DFSUtil (DFSUtil.java:httpServerTemplateForNNAndJN(1641)) - Starting Web-server for hddsDatanode at: http://0.0.0.0:0
2019-09-23 08:26:00,884 [main] INFO  server.AuthenticationFilter (AuthenticationFilter.java:constructSecretProvider(240)) - Unable to initialize FileSignerSecretProvider, falling back to use random secrets.
2019-09-23 08:26:00,885 [main] WARN  http.HttpRequestLog (HttpRequestLog.java:getRequestLog(97)) - Jetty request log can only be enabled using Log4j
2019-09-23 08:26:00,886 [main] INFO  http.HttpServer2 (HttpServer2.java:addGlobalFilter(975)) - Added global filter 'safety' (class=org.apache.hadoop.http.HttpServer2$QuotingInputFilter)
2019-09-23 08:26:00,887 [main] INFO  http.HttpServer2 (HttpServer2.java:addFilter(948)) - Added filter static_user_filter (class=org.apache.hadoop.http.lib.StaticUserWebFilter$StaticUserFilter) to context hddsDatanode
2019-09-23 08:26:00,887 [main] INFO  http.HttpServer2 (HttpServer2.java:addFilter(958)) - Added filter static_user_filter (class=org.apache.hadoop.http.lib.StaticUserWebFilter$StaticUserFilter) to context logs
2019-09-23 08:26:00,887 [main] INFO  http.HttpServer2 (HttpServer2.java:addFilter(958)) - Added filter static_user_filter (class=org.apache.hadoop.http.lib.StaticUserWebFilter$StaticUserFilter) to context static
2019-09-23 08:26:00,888 [main] INFO  http.HttpServer2 (HttpServer2.java:bindListener(1191)) - Jetty bound to port 46763
2019-09-23 08:26:00,888 [main] INFO  server.Server (Server.java:doStart(351)) - jetty-9.3.25.v20180904, build timestamp: 2018-09-04T21:11:46Z, git hash: 3ce520221d0240229c862b122d2b06c12a625732
2019-09-23 08:26:00,890 [main] INFO  handler.ContextHandler (ContextHandler.java:doStart(781)) - Started o.e.j.s.ServletContextHandler@62cbc478{/logs,file:///workdir/hadoop-ozone/integration-test/target/log,AVAILABLE}
2019-09-23 08:26:00,891 [main] INFO  handler.ContextHandler (ContextHandler.java:doStart(781)) - Started o.e.j.s.ServletContextHandler@512abf25{/static,jar:file:/home/user/.m2/repository/org/apache/hadoop/hadoop-hdds-container-service/0.5.0-SNAPSHOT/hadoop-hdds-container-service-0.5.0-SNAPSHOT.jar!/webapps/static,AVAILABLE}
2019-09-23 08:26:00,926 [main] INFO  handler.ContextHandler (ContextHandler.java:doStart(781)) - Started o.e.j.w.WebAppContext@5cfed0ba{/,file:///tmp/jetty-0.0.0.0-46763-hddsDatanode-_-any-7403242535142113998.dir/webapp/,AVAILABLE}{/hddsDatanode}
2019-09-23 08:26:00,926 [main] INFO  server.AbstractConnector (AbstractConnector.java:doStart(278)) - Started ServerConnector@5c8d58ed{HTTP/1.1,[http/1.1]}{0.0.0.0:46763}
2019-09-23 08:26:00,931 [main] INFO  server.Server (Server.java:doStart(419)) - Started @272733ms
2019-09-23 08:26:00,932 [main] WARN  impl.MetricsSystemImpl (MetricsSystemImpl.java:register(276)) - Sink prometheus already exists!
2019-09-23 08:26:00,932 [main] INFO  server.BaseHttpServer (BaseHttpServer.java:updateConnectorAddress(215)) - HTTP server of HDDSDATANODE is listening at http://0.0.0.0:46763
2019-09-23 08:26:00,933 [main] INFO  impl.MetricsSystemImpl (MetricsSystemImpl.java:init(158)) - HddsDatanode metrics system started (again)
2019-09-23 08:26:00,957 [org.apache.hadoop.util.JvmPauseMonitor$Monitor@3447f598] INFO  util.JvmPauseMonitor (JvmPauseMonitor.java:run(188)) - Starting JVM pause monitor
2019-09-23 08:26:00,959 [Datanode State Machine Thread - 0] INFO  datanode.InitDatanodeState (InitDatanodeState.java:persistContainerDatanodeDetails(140)) - DatanodeDetails is persisted to /workdir/hadoop-ozone/integration-test/target/test-dir/MiniOzoneClusterImpl-474ba54a-de8a-4486-82a8-6ac711b3de75/datanode-2/meta/datanode.id
2019-09-23 08:26:00,961 [main] INFO  ozone.HddsDatanodeService (HddsDatanodeService.java:start(184)) - HddsDatanodeService host:trunk-nightly-20190923-extra-pvkvv-3499472557 ip:192.168.5.189
2019-09-23 08:26:00,975 [main] INFO  volume.HddsVolume (HddsVolume.java:<init>(176)) - Creating Volume: /workdir/hadoop-ozone/integration-test/target/test-dir/MiniOzoneClusterImpl-474ba54a-de8a-4486-82a8-6ac711b3de75/datanode-3/data/containers/hdds of  storage type : DISK and capacity : 1482555576320
2019-09-23 08:26:00,975 [main] INFO  volume.VolumeSet (VolumeSet.java:initializeVolumeSet(170)) - Added Volume : /workdir/hadoop-ozone/integration-test/target/test-dir/MiniOzoneClusterImpl-474ba54a-de8a-4486-82a8-6ac711b3de75/datanode-3/data/containers/hdds to VolumeSet
2019-09-23 08:26:00,975 [main] INFO  volume.ThrottledAsyncChecker (ThrottledAsyncChecker.java:schedule(139)) - Scheduling a check for org.apache.hadoop.ozone.container.common.volume.HddsVolume@1788cb61
2019-09-23 08:26:00,976 [main] INFO  volume.HddsVolumeChecker (HddsVolumeChecker.java:checkAllVolumes(202)) - Scheduled health check for volume org.apache.hadoop.ozone.container.common.volume.HddsVolume@1788cb61
2019-09-23 08:26:00,996 [main] INFO  impl.RaftServerProxy (ConfUtils.java:logGet(43)) - raft.rpc.type = GRPC (default)
2019-09-23 08:26:00,996 [main] INFO  grpc.GrpcFactory (GrpcFactory.java:checkPooledByteBufAllocatorUseCacheForAllThreads(45)) - PERFORMANCE WARNING: useCacheForAllThreads is true that may cause Netty to create a lot garbage objects and, as a result, trigger GC.
	It is recommended to disable useCacheForAllThreads by setting -Dorg.apache.ratis.thirdparty.io.netty.allocator.useCacheForAllThreads=false in command line.
2019-09-23 08:26:00,996 [main] INFO  grpc.GrpcConfigKeys$Server (ConfUtils.java:logGet(43)) - raft.grpc.server.port = 0 (default)
2019-09-23 08:26:00,997 [main] INFO  server.GrpcService (ConfUtils.java:logGet(43)) - raft.grpc.message.size.max = 33570816 (custom)
2019-09-23 08:26:00,997 [main] INFO  server.RaftServerConfigKeys (ConfUtils.java:logGet(43)) - raft.server.log.appender.buffer.byte-limit = 33554432 (custom)
2019-09-23 08:26:00,997 [main] INFO  server.GrpcService (ConfUtils.java:logGet(43)) - raft.grpc.flow.control.window = 1MB (=1048576) (default)
2019-09-23 08:26:00,997 [main] INFO  server.RaftServerConfigKeys (ConfUtils.java:logGet(43)) - raft.server.rpc.request.timeout = 3000ms (default)
2019-09-23 08:26:00,998 [main] INFO  server.RaftServerConfigKeys (ConfUtils.java:logGet(43)) - raft.server.storage.dir = [/workdir/hadoop-ozone/integration-test/target/test-dir/MiniOzoneClusterImpl-474ba54a-de8a-4486-82a8-6ac711b3de75/datanode-3/data/ratis] (custom)
2019-09-23 08:26:00,999 [main] INFO  hdfs.DFSUtil (DFSUtil.java:httpServerTemplateForNNAndJN(1641)) - Starting Web-server for hddsDatanode at: http://0.0.0.0:0
2019-09-23 08:26:01,000 [main] INFO  server.AuthenticationFilter (AuthenticationFilter.java:constructSecretProvider(240)) - Unable to initialize FileSignerSecretProvider, falling back to use random secrets.
2019-09-23 08:26:01,001 [main] WARN  http.HttpRequestLog (HttpRequestLog.java:getRequestLog(97)) - Jetty request log can only be enabled using Log4j
2019-09-23 08:26:01,002 [main] INFO  http.HttpServer2 (HttpServer2.java:addGlobalFilter(975)) - Added global filter 'safety' (class=org.apache.hadoop.http.HttpServer2$QuotingInputFilter)
2019-09-23 08:26:01,003 [main] INFO  http.HttpServer2 (HttpServer2.java:addFilter(948)) - Added filter static_user_filter (class=org.apache.hadoop.http.lib.StaticUserWebFilter$StaticUserFilter) to context hddsDatanode
2019-09-23 08:26:01,003 [main] INFO  http.HttpServer2 (HttpServer2.java:addFilter(958)) - Added filter static_user_filter (class=org.apache.hadoop.http.lib.StaticUserWebFilter$StaticUserFilter) to context logs
2019-09-23 08:26:01,003 [main] INFO  http.HttpServer2 (HttpServer2.java:addFilter(958)) - Added filter static_user_filter (class=org.apache.hadoop.http.lib.StaticUserWebFilter$StaticUserFilter) to context static
2019-09-23 08:26:01,004 [main] INFO  http.HttpServer2 (HttpServer2.java:bindListener(1191)) - Jetty bound to port 34934
2019-09-23 08:26:01,004 [main] INFO  server.Server (Server.java:doStart(351)) - jetty-9.3.25.v20180904, build timestamp: 2018-09-04T21:11:46Z, git hash: 3ce520221d0240229c862b122d2b06c12a625732
2019-09-23 08:26:01,006 [main] INFO  handler.ContextHandler (ContextHandler.java:doStart(781)) - Started o.e.j.s.ServletContextHandler@d2708a7{/logs,file:///workdir/hadoop-ozone/integration-test/target/log,AVAILABLE}
2019-09-23 08:26:01,006 [main] INFO  handler.ContextHandler (ContextHandler.java:doStart(781)) - Started o.e.j.s.ServletContextHandler@2313db84{/static,jar:file:/home/user/.m2/repository/org/apache/hadoop/hadoop-hdds-container-service/0.5.0-SNAPSHOT/hadoop-hdds-container-service-0.5.0-SNAPSHOT.jar!/webapps/static,AVAILABLE}
2019-09-23 08:26:01,087 [main] INFO  handler.ContextHandler (ContextHandler.java:doStart(781)) - Started o.e.j.w.WebAppContext@636985df{/,file:///tmp/jetty-0.0.0.0-34934-hddsDatanode-_-any-211712122257922510.dir/webapp/,AVAILABLE}{/hddsDatanode}
2019-09-23 08:26:01,088 [main] INFO  server.AbstractConnector (AbstractConnector.java:doStart(278)) - Started ServerConnector@6f91fbda{HTTP/1.1,[http/1.1]}{0.0.0.0:34934}
2019-09-23 08:26:01,091 [main] INFO  server.Server (Server.java:doStart(419)) - Started @272893ms
2019-09-23 08:26:01,091 [main] WARN  impl.MetricsSystemImpl (MetricsSystemImpl.java:register(276)) - Sink prometheus already exists!
2019-09-23 08:26:01,092 [main] INFO  server.BaseHttpServer (BaseHttpServer.java:updateConnectorAddress(215)) - HTTP server of HDDSDATANODE is listening at http://0.0.0.0:34934
2019-09-23 08:26:01,093 [main] INFO  impl.MetricsSystemImpl (MetricsSystemImpl.java:init(158)) - HddsDatanode metrics system started (again)
2019-09-23 08:26:01,115 [org.apache.hadoop.util.JvmPauseMonitor$Monitor@5d115baa] INFO  util.JvmPauseMonitor (JvmPauseMonitor.java:run(188)) - Starting JVM pause monitor
2019-09-23 08:26:01,117 [Datanode State Machine Thread - 0] INFO  datanode.InitDatanodeState (InitDatanodeState.java:persistContainerDatanodeDetails(140)) - DatanodeDetails is persisted to /workdir/hadoop-ozone/integration-test/target/test-dir/MiniOzoneClusterImpl-474ba54a-de8a-4486-82a8-6ac711b3de75/datanode-3/meta/datanode.id
2019-09-23 08:26:01,119 [main] INFO  ozone.HddsDatanodeService (HddsDatanodeService.java:start(184)) - HddsDatanodeService host:trunk-nightly-20190923-extra-pvkvv-3499472557 ip:192.168.5.189
2019-09-23 08:26:01,128 [main] INFO  volume.HddsVolume (HddsVolume.java:<init>(176)) - Creating Volume: /workdir/hadoop-ozone/integration-test/target/test-dir/MiniOzoneClusterImpl-474ba54a-de8a-4486-82a8-6ac711b3de75/datanode-4/data/containers/hdds of  storage type : DISK and capacity : 1482555576320
2019-09-23 08:26:01,129 [main] INFO  volume.VolumeSet (VolumeSet.java:initializeVolumeSet(170)) - Added Volume : /workdir/hadoop-ozone/integration-test/target/test-dir/MiniOzoneClusterImpl-474ba54a-de8a-4486-82a8-6ac711b3de75/datanode-4/data/containers/hdds to VolumeSet
2019-09-23 08:26:01,129 [main] INFO  volume.ThrottledAsyncChecker (ThrottledAsyncChecker.java:schedule(139)) - Scheduling a check for org.apache.hadoop.ozone.container.common.volume.HddsVolume@2dd178f3
2019-09-23 08:26:01,129 [main] INFO  volume.HddsVolumeChecker (HddsVolumeChecker.java:checkAllVolumes(202)) - Scheduled health check for volume org.apache.hadoop.ozone.container.common.volume.HddsVolume@2dd178f3
2019-09-23 08:26:01,145 [main] INFO  impl.RaftServerProxy (ConfUtils.java:logGet(43)) - raft.rpc.type = GRPC (default)
2019-09-23 08:26:01,145 [main] INFO  grpc.GrpcFactory (GrpcFactory.java:checkPooledByteBufAllocatorUseCacheForAllThreads(45)) - PERFORMANCE WARNING: useCacheForAllThreads is true that may cause Netty to create a lot garbage objects and, as a result, trigger GC.
	It is recommended to disable useCacheForAllThreads by setting -Dorg.apache.ratis.thirdparty.io.netty.allocator.useCacheForAllThreads=false in command line.
2019-09-23 08:26:01,146 [main] INFO  grpc.GrpcConfigKeys$Server (ConfUtils.java:logGet(43)) - raft.grpc.server.port = 0 (default)
2019-09-23 08:26:01,146 [main] INFO  server.GrpcService (ConfUtils.java:logGet(43)) - raft.grpc.message.size.max = 33570816 (custom)
2019-09-23 08:26:01,146 [main] INFO  server.RaftServerConfigKeys (ConfUtils.java:logGet(43)) - raft.server.log.appender.buffer.byte-limit = 33554432 (custom)
2019-09-23 08:26:01,146 [main] INFO  server.GrpcService (ConfUtils.java:logGet(43)) - raft.grpc.flow.control.window = 1MB (=1048576) (default)
2019-09-23 08:26:01,146 [main] INFO  server.RaftServerConfigKeys (ConfUtils.java:logGet(43)) - raft.server.rpc.request.timeout = 3000ms (default)
2019-09-23 08:26:01,147 [main] INFO  server.RaftServerConfigKeys (ConfUtils.java:logGet(43)) - raft.server.storage.dir = [/workdir/hadoop-ozone/integration-test/target/test-dir/MiniOzoneClusterImpl-474ba54a-de8a-4486-82a8-6ac711b3de75/datanode-4/data/ratis] (custom)
2019-09-23 08:26:01,148 [main] INFO  hdfs.DFSUtil (DFSUtil.java:httpServerTemplateForNNAndJN(1641)) - Starting Web-server for hddsDatanode at: http://0.0.0.0:0
2019-09-23 08:26:01,149 [main] INFO  server.AuthenticationFilter (AuthenticationFilter.java:constructSecretProvider(240)) - Unable to initialize FileSignerSecretProvider, falling back to use random secrets.
2019-09-23 08:26:01,150 [main] WARN  http.HttpRequestLog (HttpRequestLog.java:getRequestLog(97)) - Jetty request log can only be enabled using Log4j
2019-09-23 08:26:01,151 [main] INFO  http.HttpServer2 (HttpServer2.java:addGlobalFilter(975)) - Added global filter 'safety' (class=org.apache.hadoop.http.HttpServer2$QuotingInputFilter)
2019-09-23 08:26:01,152 [main] INFO  http.HttpServer2 (HttpServer2.java:addFilter(948)) - Added filter static_user_filter (class=org.apache.hadoop.http.lib.StaticUserWebFilter$StaticUserFilter) to context hddsDatanode
2019-09-23 08:26:01,152 [main] INFO  http.HttpServer2 (HttpServer2.java:addFilter(958)) - Added filter static_user_filter (class=org.apache.hadoop.http.lib.StaticUserWebFilter$StaticUserFilter) to context logs
2019-09-23 08:26:01,152 [main] INFO  http.HttpServer2 (HttpServer2.java:addFilter(958)) - Added filter static_user_filter (class=org.apache.hadoop.http.lib.StaticUserWebFilter$StaticUserFilter) to context static
2019-09-23 08:26:01,152 [main] INFO  http.HttpServer2 (HttpServer2.java:bindListener(1191)) - Jetty bound to port 37124
2019-09-23 08:26:01,153 [main] INFO  server.Server (Server.java:doStart(351)) - jetty-9.3.25.v20180904, build timestamp: 2018-09-04T21:11:46Z, git hash: 3ce520221d0240229c862b122d2b06c12a625732
2019-09-23 08:26:01,154 [main] INFO  handler.ContextHandler (ContextHandler.java:doStart(781)) - Started o.e.j.s.ServletContextHandler@6b0f266e{/logs,file:///workdir/hadoop-ozone/integration-test/target/log,AVAILABLE}
2019-09-23 08:26:01,155 [main] INFO  handler.ContextHandler (ContextHandler.java:doStart(781)) - Started o.e.j.s.ServletContextHandler@53314f76{/static,jar:file:/home/user/.m2/repository/org/apache/hadoop/hadoop-hdds-container-service/0.5.0-SNAPSHOT/hadoop-hdds-container-service-0.5.0-SNAPSHOT.jar!/webapps/static,AVAILABLE}
2019-09-23 08:26:01,181 [main] INFO  handler.ContextHandler (ContextHandler.java:doStart(781)) - Started o.e.j.w.WebAppContext@7da1e005{/,file:///tmp/jetty-0.0.0.0-37124-hddsDatanode-_-any-251821081298273916.dir/webapp/,AVAILABLE}{/hddsDatanode}
2019-09-23 08:26:01,182 [main] INFO  server.AbstractConnector (AbstractConnector.java:doStart(278)) - Started ServerConnector@38159384{HTTP/1.1,[http/1.1]}{0.0.0.0:37124}
2019-09-23 08:26:01,185 [main] INFO  server.Server (Server.java:doStart(419)) - Started @272986ms
2019-09-23 08:26:01,185 [main] WARN  impl.MetricsSystemImpl (MetricsSystemImpl.java:register(276)) - Sink prometheus already exists!
2019-09-23 08:26:01,186 [main] INFO  server.BaseHttpServer (BaseHttpServer.java:updateConnectorAddress(215)) - HTTP server of HDDSDATANODE is listening at http://0.0.0.0:37124
2019-09-23 08:26:01,186 [main] INFO  impl.MetricsSystemImpl (MetricsSystemImpl.java:init(158)) - HddsDatanode metrics system started (again)
2019-09-23 08:26:01,209 [org.apache.hadoop.util.JvmPauseMonitor$Monitor@fe4efcd] INFO  util.JvmPauseMonitor (JvmPauseMonitor.java:run(188)) - Starting JVM pause monitor
2019-09-23 08:26:01,210 [Datanode State Machine Thread - 0] INFO  datanode.InitDatanodeState (InitDatanodeState.java:persistContainerDatanodeDetails(140)) - DatanodeDetails is persisted to /workdir/hadoop-ozone/integration-test/target/test-dir/MiniOzoneClusterImpl-474ba54a-de8a-4486-82a8-6ac711b3de75/datanode-4/meta/datanode.id
2019-09-23 08:26:01,211 [main] INFO  ozone.HddsDatanodeService (HddsDatanodeService.java:start(184)) - HddsDatanodeService host:trunk-nightly-20190923-extra-pvkvv-3499472557 ip:192.168.5.189
2019-09-23 08:26:01,220 [main] INFO  volume.HddsVolume (HddsVolume.java:<init>(176)) - Creating Volume: /workdir/hadoop-ozone/integration-test/target/test-dir/MiniOzoneClusterImpl-474ba54a-de8a-4486-82a8-6ac711b3de75/datanode-5/data/containers/hdds of  storage type : DISK and capacity : 1482555576320
2019-09-23 08:26:01,220 [main] INFO  volume.VolumeSet (VolumeSet.java:initializeVolumeSet(170)) - Added Volume : /workdir/hadoop-ozone/integration-test/target/test-dir/MiniOzoneClusterImpl-474ba54a-de8a-4486-82a8-6ac711b3de75/datanode-5/data/containers/hdds to VolumeSet
2019-09-23 08:26:01,220 [main] INFO  volume.ThrottledAsyncChecker (ThrottledAsyncChecker.java:schedule(139)) - Scheduling a check for org.apache.hadoop.ozone.container.common.volume.HddsVolume@138f0661
2019-09-23 08:26:01,221 [main] INFO  volume.HddsVolumeChecker (HddsVolumeChecker.java:checkAllVolumes(202)) - Scheduled health check for volume org.apache.hadoop.ozone.container.common.volume.HddsVolume@138f0661
2019-09-23 08:26:01,234 [main] INFO  impl.RaftServerProxy (ConfUtils.java:logGet(43)) - raft.rpc.type = GRPC (default)
2019-09-23 08:26:01,234 [main] INFO  grpc.GrpcFactory (GrpcFactory.java:checkPooledByteBufAllocatorUseCacheForAllThreads(45)) - PERFORMANCE WARNING: useCacheForAllThreads is true that may cause Netty to create a lot garbage objects and, as a result, trigger GC.
	It is recommended to disable useCacheForAllThreads by setting -Dorg.apache.ratis.thirdparty.io.netty.allocator.useCacheForAllThreads=false in command line.
2019-09-23 08:26:01,234 [main] INFO  grpc.GrpcConfigKeys$Server (ConfUtils.java:logGet(43)) - raft.grpc.server.port = 0 (default)
2019-09-23 08:26:01,234 [main] INFO  server.GrpcService (ConfUtils.java:logGet(43)) - raft.grpc.message.size.max = 33570816 (custom)
2019-09-23 08:26:01,235 [main] INFO  server.RaftServerConfigKeys (ConfUtils.java:logGet(43)) - raft.server.log.appender.buffer.byte-limit = 33554432 (custom)
2019-09-23 08:26:01,235 [main] INFO  server.GrpcService (ConfUtils.java:logGet(43)) - raft.grpc.flow.control.window = 1MB (=1048576) (default)
2019-09-23 08:26:01,235 [main] INFO  server.RaftServerConfigKeys (ConfUtils.java:logGet(43)) - raft.server.rpc.request.timeout = 3000ms (default)
2019-09-23 08:26:01,235 [main] INFO  server.RaftServerConfigKeys (ConfUtils.java:logGet(43)) - raft.server.storage.dir = [/workdir/hadoop-ozone/integration-test/target/test-dir/MiniOzoneClusterImpl-474ba54a-de8a-4486-82a8-6ac711b3de75/datanode-5/data/ratis] (custom)
2019-09-23 08:26:01,237 [main] INFO  hdfs.DFSUtil (DFSUtil.java:httpServerTemplateForNNAndJN(1641)) - Starting Web-server for hddsDatanode at: http://0.0.0.0:0
2019-09-23 08:26:01,238 [main] INFO  server.AuthenticationFilter (AuthenticationFilter.java:constructSecretProvider(240)) - Unable to initialize FileSignerSecretProvider, falling back to use random secrets.
2019-09-23 08:26:01,238 [main] WARN  http.HttpRequestLog (HttpRequestLog.java:getRequestLog(97)) - Jetty request log can only be enabled using Log4j
2019-09-23 08:26:01,239 [main] INFO  http.HttpServer2 (HttpServer2.java:addGlobalFilter(975)) - Added global filter 'safety' (class=org.apache.hadoop.http.HttpServer2$QuotingInputFilter)
2019-09-23 08:26:01,240 [main] INFO  http.HttpServer2 (HttpServer2.java:addFilter(948)) - Added filter static_user_filter (class=org.apache.hadoop.http.lib.StaticUserWebFilter$StaticUserFilter) to context hddsDatanode
2019-09-23 08:26:01,240 [main] INFO  http.HttpServer2 (HttpServer2.java:addFilter(958)) - Added filter static_user_filter (class=org.apache.hadoop.http.lib.StaticUserWebFilter$StaticUserFilter) to context static
2019-09-23 08:26:01,240 [main] INFO  http.HttpServer2 (HttpServer2.java:addFilter(958)) - Added filter static_user_filter (class=org.apache.hadoop.http.lib.StaticUserWebFilter$StaticUserFilter) to context logs
2019-09-23 08:26:01,240 [main] INFO  http.HttpServer2 (HttpServer2.java:bindListener(1191)) - Jetty bound to port 32823
2019-09-23 08:26:01,241 [main] INFO  server.Server (Server.java:doStart(351)) - jetty-9.3.25.v20180904, build timestamp: 2018-09-04T21:11:46Z, git hash: 3ce520221d0240229c862b122d2b06c12a625732
2019-09-23 08:26:01,242 [main] INFO  handler.ContextHandler (ContextHandler.java:doStart(781)) - Started o.e.j.s.ServletContextHandler@23bd0c81{/logs,file:///workdir/hadoop-ozone/integration-test/target/log,AVAILABLE}
2019-09-23 08:26:01,242 [main] INFO  handler.ContextHandler (ContextHandler.java:doStart(781)) - Started o.e.j.s.ServletContextHandler@544e3679{/static,jar:file:/home/user/.m2/repository/org/apache/hadoop/hadoop-hdds-container-service/0.5.0-SNAPSHOT/hadoop-hdds-container-service-0.5.0-SNAPSHOT.jar!/webapps/static,AVAILABLE}
2019-09-23 08:26:01,298 [main] INFO  handler.ContextHandler (ContextHandler.java:doStart(781)) - Started o.e.j.w.WebAppContext@3a3f96ab{/,file:///tmp/jetty-0.0.0.0-32823-hddsDatanode-_-any-1745529937863253162.dir/webapp/,AVAILABLE}{/hddsDatanode}
2019-09-23 08:26:01,298 [main] INFO  server.AbstractConnector (AbstractConnector.java:doStart(278)) - Started ServerConnector@4def7d36{HTTP/1.1,[http/1.1]}{0.0.0.0:32823}
2019-09-23 08:26:01,301 [main] INFO  server.Server (Server.java:doStart(419)) - Started @273102ms
2019-09-23 08:26:01,301 [main] WARN  impl.MetricsSystemImpl (MetricsSystemImpl.java:register(276)) - Sink prometheus already exists!
2019-09-23 08:26:01,302 [main] INFO  server.BaseHttpServer (BaseHttpServer.java:updateConnectorAddress(215)) - HTTP server of HDDSDATANODE is listening at http://0.0.0.0:32823
2019-09-23 08:26:01,302 [main] INFO  impl.MetricsSystemImpl (MetricsSystemImpl.java:init(158)) - HddsDatanode metrics system started (again)
2019-09-23 08:26:01,326 [org.apache.hadoop.util.JvmPauseMonitor$Monitor@279c5649] INFO  util.JvmPauseMonitor (JvmPauseMonitor.java:run(188)) - Starting JVM pause monitor
2019-09-23 08:26:01,328 [Datanode State Machine Thread - 0] INFO  datanode.InitDatanodeState (InitDatanodeState.java:persistContainerDatanodeDetails(140)) - DatanodeDetails is persisted to /workdir/hadoop-ozone/integration-test/target/test-dir/MiniOzoneClusterImpl-474ba54a-de8a-4486-82a8-6ac711b3de75/datanode-5/meta/datanode.id
2019-09-23 08:26:01,329 [main] INFO  ozone.HddsDatanodeService (HddsDatanodeService.java:start(184)) - HddsDatanodeService host:trunk-nightly-20190923-extra-pvkvv-3499472557 ip:192.168.5.189
2019-09-23 08:26:01,338 [main] INFO  volume.HddsVolume (HddsVolume.java:<init>(176)) - Creating Volume: /workdir/hadoop-ozone/integration-test/target/test-dir/MiniOzoneClusterImpl-474ba54a-de8a-4486-82a8-6ac711b3de75/datanode-6/data/containers/hdds of  storage type : DISK and capacity : 1482555576320
2019-09-23 08:26:01,338 [main] INFO  volume.VolumeSet (VolumeSet.java:initializeVolumeSet(170)) - Added Volume : /workdir/hadoop-ozone/integration-test/target/test-dir/MiniOzoneClusterImpl-474ba54a-de8a-4486-82a8-6ac711b3de75/datanode-6/data/containers/hdds to VolumeSet
2019-09-23 08:26:01,339 [main] INFO  volume.ThrottledAsyncChecker (ThrottledAsyncChecker.java:schedule(139)) - Scheduling a check for org.apache.hadoop.ozone.container.common.volume.HddsVolume@6812c8cc
2019-09-23 08:26:01,339 [main] INFO  volume.HddsVolumeChecker (HddsVolumeChecker.java:checkAllVolumes(202)) - Scheduled health check for volume org.apache.hadoop.ozone.container.common.volume.HddsVolume@6812c8cc
2019-09-23 08:26:01,356 [main] INFO  impl.RaftServerProxy (ConfUtils.java:logGet(43)) - raft.rpc.type = GRPC (default)
2019-09-23 08:26:01,356 [main] INFO  grpc.GrpcFactory (GrpcFactory.java:checkPooledByteBufAllocatorUseCacheForAllThreads(45)) - PERFORMANCE WARNING: useCacheForAllThreads is true that may cause Netty to create a lot garbage objects and, as a result, trigger GC.
	It is recommended to disable useCacheForAllThreads by setting -Dorg.apache.ratis.thirdparty.io.netty.allocator.useCacheForAllThreads=false in command line.
2019-09-23 08:26:01,356 [main] INFO  grpc.GrpcConfigKeys$Server (ConfUtils.java:logGet(43)) - raft.grpc.server.port = 0 (default)
2019-09-23 08:26:01,356 [main] INFO  server.GrpcService (ConfUtils.java:logGet(43)) - raft.grpc.message.size.max = 33570816 (custom)
2019-09-23 08:26:01,357 [main] INFO  server.RaftServerConfigKeys (ConfUtils.java:logGet(43)) - raft.server.log.appender.buffer.byte-limit = 33554432 (custom)
2019-09-23 08:26:01,357 [main] INFO  server.GrpcService (ConfUtils.java:logGet(43)) - raft.grpc.flow.control.window = 1MB (=1048576) (default)
2019-09-23 08:26:01,357 [main] INFO  server.RaftServerConfigKeys (ConfUtils.java:logGet(43)) - raft.server.rpc.request.timeout = 3000ms (default)
2019-09-23 08:26:01,358 [main] INFO  server.RaftServerConfigKeys (ConfUtils.java:logGet(43)) - raft.server.storage.dir = [/workdir/hadoop-ozone/integration-test/target/test-dir/MiniOzoneClusterImpl-474ba54a-de8a-4486-82a8-6ac711b3de75/datanode-6/data/ratis] (custom)
2019-09-23 08:26:01,359 [main] INFO  hdfs.DFSUtil (DFSUtil.java:httpServerTemplateForNNAndJN(1641)) - Starting Web-server for hddsDatanode at: http://0.0.0.0:0
2019-09-23 08:26:01,361 [main] INFO  server.AuthenticationFilter (AuthenticationFilter.java:constructSecretProvider(240)) - Unable to initialize FileSignerSecretProvider, falling back to use random secrets.
2019-09-23 08:26:01,361 [main] WARN  http.HttpRequestLog (HttpRequestLog.java:getRequestLog(97)) - Jetty request log can only be enabled using Log4j
2019-09-23 08:26:01,363 [main] INFO  http.HttpServer2 (HttpServer2.java:addGlobalFilter(975)) - Added global filter 'safety' (class=org.apache.hadoop.http.HttpServer2$QuotingInputFilter)
2019-09-23 08:26:01,364 [main] INFO  http.HttpServer2 (HttpServer2.java:addFilter(948)) - Added filter static_user_filter (class=org.apache.hadoop.http.lib.StaticUserWebFilter$StaticUserFilter) to context hddsDatanode
2019-09-23 08:26:01,364 [main] INFO  http.HttpServer2 (HttpServer2.java:addFilter(958)) - Added filter static_user_filter (class=org.apache.hadoop.http.lib.StaticUserWebFilter$StaticUserFilter) to context static
2019-09-23 08:26:01,364 [main] INFO  http.HttpServer2 (HttpServer2.java:addFilter(958)) - Added filter static_user_filter (class=org.apache.hadoop.http.lib.StaticUserWebFilter$StaticUserFilter) to context logs
2019-09-23 08:26:01,365 [main] INFO  http.HttpServer2 (HttpServer2.java:bindListener(1191)) - Jetty bound to port 41173
2019-09-23 08:26:01,365 [main] INFO  server.Server (Server.java:doStart(351)) - jetty-9.3.25.v20180904, build timestamp: 2018-09-04T21:11:46Z, git hash: 3ce520221d0240229c862b122d2b06c12a625732
2019-09-23 08:26:01,367 [main] INFO  handler.ContextHandler (ContextHandler.java:doStart(781)) - Started o.e.j.s.ServletContextHandler@19662208{/logs,file:///workdir/hadoop-ozone/integration-test/target/log,AVAILABLE}
2019-09-23 08:26:01,367 [main] INFO  handler.ContextHandler (ContextHandler.java:doStart(781)) - Started o.e.j.s.ServletContextHandler@62f9c790{/static,jar:file:/home/user/.m2/repository/org/apache/hadoop/hadoop-hdds-container-service/0.5.0-SNAPSHOT/hadoop-hdds-container-service-0.5.0-SNAPSHOT.jar!/webapps/static,AVAILABLE}
2019-09-23 08:26:01,394 [main] INFO  handler.ContextHandler (ContextHandler.java:doStart(781)) - Started o.e.j.w.WebAppContext@52ba685a{/,file:///tmp/jetty-0.0.0.0-41173-hddsDatanode-_-any-7209840459753209939.dir/webapp/,AVAILABLE}{/hddsDatanode}
2019-09-23 08:26:01,395 [main] INFO  server.AbstractConnector (AbstractConnector.java:doStart(278)) - Started ServerConnector@63d677f5{HTTP/1.1,[http/1.1]}{0.0.0.0:41173}
2019-09-23 08:26:01,398 [main] INFO  server.Server (Server.java:doStart(419)) - Started @273200ms
2019-09-23 08:26:01,398 [main] WARN  impl.MetricsSystemImpl (MetricsSystemImpl.java:register(276)) - Sink prometheus already exists!
2019-09-23 08:26:01,399 [main] INFO  server.BaseHttpServer (BaseHttpServer.java:updateConnectorAddress(215)) - HTTP server of HDDSDATANODE is listening at http://0.0.0.0:41173
2019-09-23 08:26:01,400 [main] INFO  ozone.MiniOzoneClusterImpl (MiniOzoneClusterImpl.java:lambda$waitForClusterToBeReady$0(147)) - Waiting for cluster to be ready. Got 0 of 7 DN Heartbeats.
2019-09-23 08:26:01,401 [org.apache.hadoop.util.JvmPauseMonitor$Monitor@6070f013] INFO  util.JvmPauseMonitor (JvmPauseMonitor.java:run(188)) - Starting JVM pause monitor
2019-09-23 08:26:01,402 [Datanode State Machine Thread - 0] INFO  datanode.InitDatanodeState (InitDatanodeState.java:persistContainerDatanodeDetails(140)) - DatanodeDetails is persisted to /workdir/hadoop-ozone/integration-test/target/test-dir/MiniOzoneClusterImpl-474ba54a-de8a-4486-82a8-6ac711b3de75/datanode-6/meta/datanode.id
2019-09-23 08:26:02,129 [Datanode State Machine Thread - 0] INFO  ozoneimpl.OzoneContainer (OzoneContainer.java:start(217)) - Attempting to start container services.
2019-09-23 08:26:02,129 [Datanode State Machine Thread - 0] INFO  ozoneimpl.OzoneContainer (OzoneContainer.java:startContainerScrub(179)) - Background container scanner has been disabled.
2019-09-23 08:26:02,130 [Datanode State Machine Thread - 0] INFO  ratis.XceiverServerRatis (XceiverServerRatis.java:start(411)) - Starting XceiverServerRatis 723c227e-5c50-41ec-a9d2-cf06d59cd693 at port 0
2019-09-23 08:26:02,135 [Datanode State Machine Thread - 0] INFO  impl.RaftServerProxy (RaftServerProxy.java:lambda$start$3(299)) - 723c227e-5c50-41ec-a9d2-cf06d59cd693: start RPC server
2019-09-23 08:26:02,152 [Datanode State Machine Thread - 0] INFO  server.GrpcService (GrpcService.java:startImpl(158)) - 723c227e-5c50-41ec-a9d2-cf06d59cd693: GrpcService started, listening on 0.0.0.0/0.0.0.0:34841
2019-09-23 08:26:02,153 [Datanode State Machine Thread - 0] INFO  ratis.XceiverServerRatis (XceiverServerRatis.java:start(421)) - XceiverServerRatis 723c227e-5c50-41ec-a9d2-cf06d59cd693 is started using port 34841
2019-09-23 08:26:02,153 [Datanode State Machine Thread - 0] INFO  server.XceiverServerGrpc (XceiverServerGrpc.java:start(149)) - XceiverServerGrpc 723c227e-5c50-41ec-a9d2-cf06d59cd693 is started using port 43244
2019-09-23 08:26:02,400 [main] INFO  ozone.MiniOzoneClusterImpl (MiniOzoneClusterImpl.java:lambda$waitForClusterToBeReady$0(147)) - Waiting for cluster to be ready. Got 0 of 7 DN Heartbeats.
2019-09-23 08:26:02,672 [Thread-2308] INFO  impl.FollowerState (FollowerState.java:run(106)) - f82d1a01-aed8-41dc-a822-e51972e4d50c:group-8DDED73C4B70 changes to CANDIDATE, lastRpcTime:5020, electionTimeout:5020ms
2019-09-23 08:26:02,672 [Thread-2308] INFO  impl.RoleInfo (RoleInfo.java:shutdownFollowerState(121)) - f82d1a01-aed8-41dc-a822-e51972e4d50c: shutdown FollowerState
2019-09-23 08:26:02,672 [Thread-2308] INFO  impl.RaftServerImpl (RaftServerImpl.java:setRole(174)) - f82d1a01-aed8-41dc-a822-e51972e4d50c@group-8DDED73C4B70: changes role from  FOLLOWER to CANDIDATE at term 4 for changeToCandidate
2019-09-23 08:26:02,672 [Thread-2308] INFO  impl.RoleInfo (RoleInfo.java:updateAndGet(143)) - f82d1a01-aed8-41dc-a822-e51972e4d50c: start LeaderElection
2019-09-23 08:26:02,685 [Thread-2307] INFO  impl.FollowerState (FollowerState.java:run(106)) - 2a1cf675-fed6-4e15-89f8-39e10c8a9fa4:group-8DDED73C4B70 changes to CANDIDATE, lastRpcTime:5034, electionTimeout:5034ms
2019-09-23 08:26:02,686 [Thread-2307] INFO  impl.RoleInfo (RoleInfo.java:shutdownFollowerState(121)) - 2a1cf675-fed6-4e15-89f8-39e10c8a9fa4: shutdown FollowerState
2019-09-23 08:26:02,686 [Thread-2307] INFO  impl.RaftServerImpl (RaftServerImpl.java:setRole(174)) - 2a1cf675-fed6-4e15-89f8-39e10c8a9fa4@group-8DDED73C4B70: changes role from  FOLLOWER to CANDIDATE at term 4 for changeToCandidate
2019-09-23 08:26:02,686 [Thread-2307] INFO  impl.RoleInfo (RoleInfo.java:updateAndGet(143)) - 2a1cf675-fed6-4e15-89f8-39e10c8a9fa4: start LeaderElection
2019-09-23 08:26:02,753 [f82d1a01-aed8-41dc-a822-e51972e4d50c@group-8DDED73C4B70:LeaderElection88] INFO  impl.LeaderElection (LeaderElection.java:askForVotes(182)) - f82d1a01-aed8-41dc-a822-e51972e4d50c@group-8DDED73C4B70:LeaderElection88: begin an election at term 5 for -1: [2a1cf675-fed6-4e15-89f8-39e10c8a9fa4:192.168.5.189:45943, f82d1a01-aed8-41dc-a822-e51972e4d50c:192.168.5.189:33171, 6197e7ae-b81d-49ea-af68-f6d72316ae49:192.168.5.189:43270], old=null
2019-09-23 08:26:02,755 [grpc-default-executor-8] INFO  impl.RaftServerImpl (RaftServerImpl.java:setRole(174)) - 6197e7ae-b81d-49ea-af68-f6d72316ae49@group-8DDED73C4B70: changes role from  FOLLOWER to FOLLOWER at term 5 for recognizeCandidate:f82d1a01-aed8-41dc-a822-e51972e4d50c
2019-09-23 08:26:02,756 [grpc-default-executor-8] INFO  impl.RoleInfo (RoleInfo.java:shutdownFollowerState(121)) - 6197e7ae-b81d-49ea-af68-f6d72316ae49: shutdown FollowerState
2019-09-23 08:26:02,756 [grpc-default-executor-8] INFO  impl.RoleInfo (RoleInfo.java:updateAndGet(143)) - 6197e7ae-b81d-49ea-af68-f6d72316ae49: start FollowerState
2019-09-23 08:26:02,756 [Thread-2310] INFO  impl.FollowerState (FollowerState.java:run(115)) - 6197e7ae-b81d-49ea-af68-f6d72316ae49: FollowerState was interrupted: java.lang.InterruptedException: sleep interrupted
2019-09-23 08:26:02,811 [2a1cf675-fed6-4e15-89f8-39e10c8a9fa4@group-8DDED73C4B70:LeaderElection89] INFO  impl.LeaderElection (LeaderElection.java:askForVotes(182)) - 2a1cf675-fed6-4e15-89f8-39e10c8a9fa4@group-8DDED73C4B70:LeaderElection89: begin an election at term 5 for -1: [2a1cf675-fed6-4e15-89f8-39e10c8a9fa4:192.168.5.189:45943, f82d1a01-aed8-41dc-a822-e51972e4d50c:192.168.5.189:33171, 6197e7ae-b81d-49ea-af68-f6d72316ae49:192.168.5.189:43270], old=null
2019-09-23 08:26:02,813 [f82d1a01-aed8-41dc-a822-e51972e4d50c@group-8DDED73C4B70:LeaderElection88] INFO  impl.LeaderElection (LeaderElection.java:logAndReturn(56)) - f82d1a01-aed8-41dc-a822-e51972e4d50c@group-8DDED73C4B70:LeaderElection88: Election PASSED; received 2 response(s) [f82d1a01-aed8-41dc-a822-e51972e4d50c<-2a1cf675-fed6-4e15-89f8-39e10c8a9fa4#0:FAIL-t5, f82d1a01-aed8-41dc-a822-e51972e4d50c<-6197e7ae-b81d-49ea-af68-f6d72316ae49#0:OK-t5] and 0 exception(s); f82d1a01-aed8-41dc-a822-e51972e4d50c@group-8DDED73C4B70:t5, leader=null, voted=f82d1a01-aed8-41dc-a822-e51972e4d50c, raftlog=f82d1a01-aed8-41dc-a822-e51972e4d50c@group-8DDED73C4B70-SegmentedRaftLog:OPENED:c-1,f-1,i0, conf=-1: [2a1cf675-fed6-4e15-89f8-39e10c8a9fa4:192.168.5.189:45943, f82d1a01-aed8-41dc-a822-e51972e4d50c:192.168.5.189:33171, 6197e7ae-b81d-49ea-af68-f6d72316ae49:192.168.5.189:43270], old=null
2019-09-23 08:26:02,814 [f82d1a01-aed8-41dc-a822-e51972e4d50c@group-8DDED73C4B70:LeaderElection88] INFO  impl.RoleInfo (RoleInfo.java:shutdownLeaderElection(134)) - f82d1a01-aed8-41dc-a822-e51972e4d50c: shutdown LeaderElection
2019-09-23 08:26:02,814 [f82d1a01-aed8-41dc-a822-e51972e4d50c@group-8DDED73C4B70:LeaderElection88] INFO  impl.RaftServerImpl (RaftServerImpl.java:setRole(174)) - f82d1a01-aed8-41dc-a822-e51972e4d50c@group-8DDED73C4B70: changes role from CANDIDATE to LEADER at term 5 for changeToLeader
2019-09-23 08:26:02,814 [f82d1a01-aed8-41dc-a822-e51972e4d50c@group-8DDED73C4B70:LeaderElection88] INFO  impl.RaftServerImpl (ServerState.java:setLeader(253)) - f82d1a01-aed8-41dc-a822-e51972e4d50c@group-8DDED73C4B70: change Leader from null to f82d1a01-aed8-41dc-a822-e51972e4d50c at term 5 for becomeLeader, leader elected after 27164ms
2019-09-23 08:26:02,814 [f82d1a01-aed8-41dc-a822-e51972e4d50c@group-8DDED73C4B70:LeaderElection88] INFO  server.RaftServerConfigKeys (ConfUtils.java:logGet(43)) - raft.server.staging.catchup.gap = 1000 (default)
2019-09-23 08:26:02,814 [f82d1a01-aed8-41dc-a822-e51972e4d50c@group-8DDED73C4B70:LeaderElection88] INFO  server.RaftServerConfigKeys (ConfUtils.java:logGet(43)) - raft.server.rpc.sleep.time = 25ms (default)
2019-09-23 08:26:02,814 [2a1cf675-fed6-4e15-89f8-39e10c8a9fa4@group-8DDED73C4B70:LeaderElection89] INFO  impl.LeaderElection (LeaderElection.java:logAndReturn(56)) - 2a1cf675-fed6-4e15-89f8-39e10c8a9fa4@group-8DDED73C4B70:LeaderElection89: Election REJECTED; received 2 response(s) [2a1cf675-fed6-4e15-89f8-39e10c8a9fa4<-f82d1a01-aed8-41dc-a822-e51972e4d50c#0:FAIL-t5, 2a1cf675-fed6-4e15-89f8-39e10c8a9fa4<-6197e7ae-b81d-49ea-af68-f6d72316ae49#0:FAIL-t5] and 0 exception(s); 2a1cf675-fed6-4e15-89f8-39e10c8a9fa4@group-8DDED73C4B70:t5, leader=null, voted=2a1cf675-fed6-4e15-89f8-39e10c8a9fa4, raftlog=2a1cf675-fed6-4e15-89f8-39e10c8a9fa4@group-8DDED73C4B70-SegmentedRaftLog:OPENED:c-1,f-1,i0, conf=-1: [2a1cf675-fed6-4e15-89f8-39e10c8a9fa4:192.168.5.189:45943, f82d1a01-aed8-41dc-a822-e51972e4d50c:192.168.5.189:33171, 6197e7ae-b81d-49ea-af68-f6d72316ae49:192.168.5.189:43270], old=null
2019-09-23 08:26:02,814 [f82d1a01-aed8-41dc-a822-e51972e4d50c@group-8DDED73C4B70:LeaderElection88] INFO  server.RaftServerConfigKeys (ConfUtils.java:logGet(43)) - raft.server.write.element-limit = 4096 (default)
2019-09-23 08:26:02,818 [2a1cf675-fed6-4e15-89f8-39e10c8a9fa4@group-8DDED73C4B70:LeaderElection89] INFO  impl.RaftServerImpl (RaftServerImpl.java:setRole(174)) - 2a1cf675-fed6-4e15-89f8-39e10c8a9fa4@group-8DDED73C4B70: changes role from CANDIDATE to FOLLOWER at term 5 for DISCOVERED_A_NEW_TERM
2019-09-23 08:26:02,821 [2a1cf675-fed6-4e15-89f8-39e10c8a9fa4@group-8DDED73C4B70:LeaderElection89] INFO  impl.RoleInfo (RoleInfo.java:shutdownLeaderElection(134)) - 2a1cf675-fed6-4e15-89f8-39e10c8a9fa4: shutdown LeaderElection
2019-09-23 08:26:02,818 [f82d1a01-aed8-41dc-a822-e51972e4d50c@group-8DDED73C4B70:LeaderElection88] INFO  server.RaftServerConfigKeys (ConfUtils.java:logGet(43)) - raft.server.watch.timeout = 10s (default)
2019-09-23 08:26:02,822 [2a1cf675-fed6-4e15-89f8-39e10c8a9fa4@group-8DDED73C4B70:LeaderElection89] INFO  impl.RoleInfo (RoleInfo.java:updateAndGet(143)) - 2a1cf675-fed6-4e15-89f8-39e10c8a9fa4: start FollowerState
2019-09-23 08:26:02,822 [f82d1a01-aed8-41dc-a822-e51972e4d50c@group-8DDED73C4B70:LeaderElection88] INFO  server.RaftServerConfigKeys (ConfUtils.java:logGet(43)) - raft.server.watch.timeout.denomination = 1s (default)
2019-09-23 08:26:02,822 [f82d1a01-aed8-41dc-a822-e51972e4d50c@group-8DDED73C4B70:LeaderElection88] INFO  server.RaftServerConfigKeys (ConfUtils.java:logGet(43)) - raft.server.watch.element-limit = 65536 (default)
2019-09-23 08:26:02,824 [f82d1a01-aed8-41dc-a822-e51972e4d50c@group-8DDED73C4B70:LeaderElection88] INFO  server.RaftServerConfigKeys (ConfUtils.java:logGet(43)) - raft.server.log.appender.snapshot.chunk.size.max = 16MB (=16777216) (default)
2019-09-23 08:26:02,824 [f82d1a01-aed8-41dc-a822-e51972e4d50c@group-8DDED73C4B70:LeaderElection88] INFO  server.RaftServerConfigKeys (ConfUtils.java:logGet(43)) - raft.server.log.appender.buffer.byte-limit = 33554432 (custom)
2019-09-23 08:26:02,824 [f82d1a01-aed8-41dc-a822-e51972e4d50c@group-8DDED73C4B70:LeaderElection88] INFO  server.RaftServerConfigKeys (ConfUtils.java:logGet(43)) - raft.server.log.appender.buffer.element-limit = 1 (custom)
2019-09-23 08:26:02,824 [f82d1a01-aed8-41dc-a822-e51972e4d50c@group-8DDED73C4B70:LeaderElection88] INFO  grpc.GrpcConfigKeys$Server (ConfUtils.java:logGet(43)) - raft.grpc.server.leader.outstanding.appends.max = 128 (default)
2019-09-23 08:26:02,824 [f82d1a01-aed8-41dc-a822-e51972e4d50c@group-8DDED73C4B70:LeaderElection88] INFO  server.RaftServerConfigKeys (ConfUtils.java:logGet(43)) - raft.server.rpc.request.timeout = 3000ms (default)
2019-09-23 08:26:02,825 [f82d1a01-aed8-41dc-a822-e51972e4d50c@group-8DDED73C4B70:LeaderElection88] INFO  server.RaftServerConfigKeys (ConfUtils.java:logGet(43)) - raft.server.log.appender.install.snapshot.enabled = false (custom)
2019-09-23 08:26:02,825 [f82d1a01-aed8-41dc-a822-e51972e4d50c@group-8DDED73C4B70:LeaderElection88] INFO  server.RaftServerConfigKeys (ConfUtils.java:logGet(43)) - raft.server.log.appender.snapshot.chunk.size.max = 16MB (=16777216) (default)
2019-09-23 08:26:02,825 [f82d1a01-aed8-41dc-a822-e51972e4d50c@group-8DDED73C4B70:LeaderElection88] INFO  server.RaftServerConfigKeys (ConfUtils.java:logGet(43)) - raft.server.log.appender.buffer.byte-limit = 33554432 (custom)
2019-09-23 08:26:02,825 [f82d1a01-aed8-41dc-a822-e51972e4d50c@group-8DDED73C4B70:LeaderElection88] INFO  server.RaftServerConfigKeys (ConfUtils.java:logGet(43)) - raft.server.log.appender.buffer.element-limit = 1 (custom)
2019-09-23 08:26:02,825 [f82d1a01-aed8-41dc-a822-e51972e4d50c@group-8DDED73C4B70:LeaderElection88] INFO  grpc.GrpcConfigKeys$Server (ConfUtils.java:logGet(43)) - raft.grpc.server.leader.outstanding.appends.max = 128 (default)
2019-09-23 08:26:02,825 [f82d1a01-aed8-41dc-a822-e51972e4d50c@group-8DDED73C4B70:LeaderElection88] INFO  server.RaftServerConfigKeys (ConfUtils.java:logGet(43)) - raft.server.rpc.request.timeout = 3000ms (default)
2019-09-23 08:26:02,825 [f82d1a01-aed8-41dc-a822-e51972e4d50c@group-8DDED73C4B70:LeaderElection88] INFO  server.RaftServerConfigKeys (ConfUtils.java:logGet(43)) - raft.server.log.appender.install.snapshot.enabled = false (custom)
2019-09-23 08:26:02,826 [f82d1a01-aed8-41dc-a822-e51972e4d50c@group-8DDED73C4B70:LeaderElection88] INFO  impl.RoleInfo (RoleInfo.java:updateAndGet(143)) - f82d1a01-aed8-41dc-a822-e51972e4d50c: start LeaderState
2019-09-23 08:26:02,826 [f82d1a01-aed8-41dc-a822-e51972e4d50c@group-8DDED73C4B70:LeaderElection88] INFO  segmented.SegmentedRaftLogWorker (SegmentedRaftLogWorker.java:startLogSegment(380)) - f82d1a01-aed8-41dc-a822-e51972e4d50c@group-8DDED73C4B70-SegmentedRaftLogWorker: Starting segment from index:0
2019-09-23 08:26:02,827 [f82d1a01-aed8-41dc-a822-e51972e4d50c@group-8DDED73C4B70:LeaderElection88] INFO  impl.RaftServerImpl (ServerState.java:setRaftConf(354)) - f82d1a01-aed8-41dc-a822-e51972e4d50c@group-8DDED73C4B70: set configuration 0: [2a1cf675-fed6-4e15-89f8-39e10c8a9fa4:192.168.5.189:45943, f82d1a01-aed8-41dc-a822-e51972e4d50c:192.168.5.189:33171, 6197e7ae-b81d-49ea-af68-f6d72316ae49:192.168.5.189:43270], old=null at 0
2019-09-23 08:26:02,828 [grpc-default-executor-7] INFO  impl.RaftServerImpl (ServerState.java:setLeader(253)) - 6197e7ae-b81d-49ea-af68-f6d72316ae49@group-8DDED73C4B70: change Leader from null to f82d1a01-aed8-41dc-a822-e51972e4d50c at term 5 for appendEntries, leader elected after 27178ms
2019-09-23 08:26:02,828 [grpc-default-executor-8] INFO  impl.RaftServerImpl (ServerState.java:setLeader(253)) - 2a1cf675-fed6-4e15-89f8-39e10c8a9fa4@group-8DDED73C4B70: change Leader from null to f82d1a01-aed8-41dc-a822-e51972e4d50c at term 5 for appendEntries, leader elected after 27178ms
2019-09-23 08:26:02,830 [grpc-default-executor-8] INFO  impl.RaftServerImpl (ServerState.java:setRaftConf(354)) - 2a1cf675-fed6-4e15-89f8-39e10c8a9fa4@group-8DDED73C4B70: set configuration 0: [2a1cf675-fed6-4e15-89f8-39e10c8a9fa4:192.168.5.189:45943, f82d1a01-aed8-41dc-a822-e51972e4d50c:192.168.5.189:33171, 6197e7ae-b81d-49ea-af68-f6d72316ae49:192.168.5.189:43270], old=null at 0
2019-09-23 08:26:02,831 [grpc-default-executor-7] INFO  impl.RaftServerImpl (ServerState.java:setRaftConf(354)) - 6197e7ae-b81d-49ea-af68-f6d72316ae49@group-8DDED73C4B70: set configuration 0: [2a1cf675-fed6-4e15-89f8-39e10c8a9fa4:192.168.5.189:45943, f82d1a01-aed8-41dc-a822-e51972e4d50c:192.168.5.189:33171, 6197e7ae-b81d-49ea-af68-f6d72316ae49:192.168.5.189:43270], old=null at 0
2019-09-23 08:26:02,831 [grpc-default-executor-8] INFO  segmented.SegmentedRaftLogWorker (SegmentedRaftLogWorker.java:startLogSegment(380)) - 2a1cf675-fed6-4e15-89f8-39e10c8a9fa4@group-8DDED73C4B70-SegmentedRaftLogWorker: Starting segment from index:0
2019-09-23 08:26:02,831 [grpc-default-executor-7] INFO  segmented.SegmentedRaftLogWorker (SegmentedRaftLogWorker.java:startLogSegment(380)) - 6197e7ae-b81d-49ea-af68-f6d72316ae49@group-8DDED73C4B70-SegmentedRaftLogWorker: Starting segment from index:0
2019-09-23 08:26:02,888 [Datanode State Machine Thread - 0] INFO  ozoneimpl.OzoneContainer (OzoneContainer.java:start(217)) - Attempting to start container services.
2019-09-23 08:26:02,889 [Datanode State Machine Thread - 0] INFO  ozoneimpl.OzoneContainer (OzoneContainer.java:startContainerScrub(179)) - Background container scanner has been disabled.
2019-09-23 08:26:02,889 [Datanode State Machine Thread - 0] INFO  ratis.XceiverServerRatis (XceiverServerRatis.java:start(411)) - Starting XceiverServerRatis a1f25157-3c02-4d59-8065-2068ceb750ad at port 0
2019-09-23 08:26:02,895 [Datanode State Machine Thread - 0] INFO  impl.RaftServerProxy (RaftServerProxy.java:lambda$start$3(299)) - a1f25157-3c02-4d59-8065-2068ceb750ad: start RPC server
2019-09-23 08:26:02,899 [Datanode State Machine Thread - 0] INFO  server.GrpcService (GrpcService.java:startImpl(158)) - a1f25157-3c02-4d59-8065-2068ceb750ad: GrpcService started, listening on 0.0.0.0/0.0.0.0:38755
2019-09-23 08:26:02,900 [Datanode State Machine Thread - 0] INFO  ratis.XceiverServerRatis (XceiverServerRatis.java:start(421)) - XceiverServerRatis a1f25157-3c02-4d59-8065-2068ceb750ad is started using port 38755
2019-09-23 08:26:02,900 [Datanode State Machine Thread - 0] INFO  server.XceiverServerGrpc (XceiverServerGrpc.java:start(149)) - XceiverServerGrpc a1f25157-3c02-4d59-8065-2068ceb750ad is started using port 37195
2019-09-23 08:26:02,962 [2a1cf675-fed6-4e15-89f8-39e10c8a9fa4@group-8DDED73C4B70-SegmentedRaftLogWorker] INFO  segmented.SegmentedRaftLogWorker (SegmentedRaftLogWorker.java:execute(569)) - 2a1cf675-fed6-4e15-89f8-39e10c8a9fa4@group-8DDED73C4B70-SegmentedRaftLogWorker: created new log segment /workdir/hadoop-ozone/integration-test/target/test-dir/MiniOzoneClusterImpl-19e87cfc-d6b3-42f5-aca7-5187b9f950d1/datanode-0/data/ratis/738cdc25-f95e-4c05-ae95-8dded73c4b70/current/log_inprogress_0
2019-09-23 08:26:02,962 [6197e7ae-b81d-49ea-af68-f6d72316ae49@group-8DDED73C4B70-SegmentedRaftLogWorker] INFO  segmented.SegmentedRaftLogWorker (SegmentedRaftLogWorker.java:execute(569)) - 6197e7ae-b81d-49ea-af68-f6d72316ae49@group-8DDED73C4B70-SegmentedRaftLogWorker: created new log segment /workdir/hadoop-ozone/integration-test/target/test-dir/MiniOzoneClusterImpl-19e87cfc-d6b3-42f5-aca7-5187b9f950d1/datanode-2/data/ratis/738cdc25-f95e-4c05-ae95-8dded73c4b70/current/log_inprogress_0
2019-09-23 08:26:02,962 [f82d1a01-aed8-41dc-a822-e51972e4d50c@group-8DDED73C4B70-SegmentedRaftLogWorker] INFO  segmented.SegmentedRaftLogWorker (SegmentedRaftLogWorker.java:execute(569)) - f82d1a01-aed8-41dc-a822-e51972e4d50c@group-8DDED73C4B70-SegmentedRaftLogWorker: created new log segment /workdir/hadoop-ozone/integration-test/target/test-dir/MiniOzoneClusterImpl-19e87cfc-d6b3-42f5-aca7-5187b9f950d1/datanode-1/data/ratis/738cdc25-f95e-4c05-ae95-8dded73c4b70/current/log_inprogress_0
2019-09-23 08:26:03,078 [Datanode State Machine Thread - 0] INFO  ozoneimpl.OzoneContainer (OzoneContainer.java:start(217)) - Attempting to start container services.
2019-09-23 08:26:03,078 [Datanode State Machine Thread - 0] INFO  ozoneimpl.OzoneContainer (OzoneContainer.java:startContainerScrub(179)) - Background container scanner has been disabled.
2019-09-23 08:26:03,078 [Datanode State Machine Thread - 0] INFO  ratis.XceiverServerRatis (XceiverServerRatis.java:start(411)) - Starting XceiverServerRatis 14e26da3-75f1-4d23-8ebb-3215c6e848c8 at port 0
2019-09-23 08:26:03,085 [Datanode State Machine Thread - 0] INFO  impl.RaftServerProxy (RaftServerProxy.java:lambda$start$3(299)) - 14e26da3-75f1-4d23-8ebb-3215c6e848c8: start RPC server
2019-09-23 08:26:03,090 [Datanode State Machine Thread - 0] INFO  server.GrpcService (GrpcService.java:startImpl(158)) - 14e26da3-75f1-4d23-8ebb-3215c6e848c8: GrpcService started, listening on 0.0.0.0/0.0.0.0:36406
2019-09-23 08:26:03,090 [Datanode State Machine Thread - 0] INFO  ratis.XceiverServerRatis (XceiverServerRatis.java:start(421)) - XceiverServerRatis 14e26da3-75f1-4d23-8ebb-3215c6e848c8 is started using port 36406
2019-09-23 08:26:03,091 [Datanode State Machine Thread - 0] INFO  server.XceiverServerGrpc (XceiverServerGrpc.java:start(149)) - XceiverServerGrpc 14e26da3-75f1-4d23-8ebb-3215c6e848c8 is started using port 37197
2019-09-23 08:26:03,174 [Datanode State Machine Thread - 0] INFO  ozoneimpl.OzoneContainer (OzoneContainer.java:start(217)) - Attempting to start container services.
2019-09-23 08:26:03,174 [Datanode State Machine Thread - 0] INFO  ozoneimpl.OzoneContainer (OzoneContainer.java:startContainerScrub(179)) - Background container scanner has been disabled.
2019-09-23 08:26:03,174 [Datanode State Machine Thread - 0] INFO  ratis.XceiverServerRatis (XceiverServerRatis.java:start(411)) - Starting XceiverServerRatis eedb13b3-b566-48cc-93b5-1a70502cb151 at port 0
2019-09-23 08:26:03,181 [Datanode State Machine Thread - 0] INFO  impl.RaftServerProxy (RaftServerProxy.java:lambda$start$3(299)) - eedb13b3-b566-48cc-93b5-1a70502cb151: start RPC server
2019-09-23 08:26:03,182 [Datanode State Machine Thread - 0] INFO  server.GrpcService (GrpcService.java:startImpl(158)) - eedb13b3-b566-48cc-93b5-1a70502cb151: GrpcService started, listening on 0.0.0.0/0.0.0.0:34407
2019-09-23 08:26:03,182 [Datanode State Machine Thread - 0] INFO  ratis.XceiverServerRatis (XceiverServerRatis.java:start(421)) - XceiverServerRatis eedb13b3-b566-48cc-93b5-1a70502cb151 is started using port 34407
2019-09-23 08:26:03,187 [Datanode State Machine Thread - 0] INFO  server.XceiverServerGrpc (XceiverServerGrpc.java:start(149)) - XceiverServerGrpc eedb13b3-b566-48cc-93b5-1a70502cb151 is started using port 39356
2019-09-23 08:26:03,275 [Datanode State Machine Thread - 0] INFO  ozoneimpl.OzoneContainer (OzoneContainer.java:start(217)) - Attempting to start container services.
2019-09-23 08:26:03,275 [Datanode State Machine Thread - 0] INFO  ozoneimpl.OzoneContainer (OzoneContainer.java:startContainerScrub(179)) - Background container scanner has been disabled.
2019-09-23 08:26:03,276 [Datanode State Machine Thread - 0] INFO  ratis.XceiverServerRatis (XceiverServerRatis.java:start(411)) - Starting XceiverServerRatis 0b4cc948-e21f-4d8f-8d77-7932595504e1 at port 0
2019-09-23 08:26:03,283 [Datanode State Machine Thread - 0] INFO  impl.RaftServerProxy (RaftServerProxy.java:lambda$start$3(299)) - 0b4cc948-e21f-4d8f-8d77-7932595504e1: start RPC server
2019-09-23 08:26:03,288 [Datanode State Machine Thread - 0] INFO  server.GrpcService (GrpcService.java:startImpl(158)) - 0b4cc948-e21f-4d8f-8d77-7932595504e1: GrpcService started, listening on 0.0.0.0/0.0.0.0:40006
2019-09-23 08:26:03,288 [Datanode State Machine Thread - 0] INFO  ratis.XceiverServerRatis (XceiverServerRatis.java:start(421)) - XceiverServerRatis 0b4cc948-e21f-4d8f-8d77-7932595504e1 is started using port 40006
2019-09-23 08:26:03,288 [Datanode State Machine Thread - 0] INFO  server.XceiverServerGrpc (XceiverServerGrpc.java:start(149)) - XceiverServerGrpc 0b4cc948-e21f-4d8f-8d77-7932595504e1 is started using port 34926
2019-09-23 08:26:03,361 [Datanode State Machine Thread - 0] INFO  ozoneimpl.OzoneContainer (OzoneContainer.java:start(217)) - Attempting to start container services.
2019-09-23 08:26:03,361 [Datanode State Machine Thread - 0] INFO  ozoneimpl.OzoneContainer (OzoneContainer.java:startContainerScrub(179)) - Background container scanner has been disabled.
2019-09-23 08:26:03,362 [Datanode State Machine Thread - 0] INFO  ratis.XceiverServerRatis (XceiverServerRatis.java:start(411)) - Starting XceiverServerRatis 4b64ff27-3488-4b8e-bc56-49e041fa64aa at port 0
2019-09-23 08:26:03,368 [Datanode State Machine Thread - 0] INFO  impl.RaftServerProxy (RaftServerProxy.java:lambda$start$3(299)) - 4b64ff27-3488-4b8e-bc56-49e041fa64aa: start RPC server
2019-09-23 08:26:03,373 [Datanode State Machine Thread - 0] INFO  server.GrpcService (GrpcService.java:startImpl(158)) - 4b64ff27-3488-4b8e-bc56-49e041fa64aa: GrpcService started, listening on 0.0.0.0/0.0.0.0:40779
2019-09-23 08:26:03,373 [Datanode State Machine Thread - 0] INFO  ratis.XceiverServerRatis (XceiverServerRatis.java:start(421)) - XceiverServerRatis 4b64ff27-3488-4b8e-bc56-49e041fa64aa is started using port 40779
2019-09-23 08:26:03,373 [Datanode State Machine Thread - 0] INFO  server.XceiverServerGrpc (XceiverServerGrpc.java:start(149)) - XceiverServerGrpc 4b64ff27-3488-4b8e-bc56-49e041fa64aa is started using port 39702
2019-09-23 08:26:03,400 [main] INFO  ozone.MiniOzoneClusterImpl (MiniOzoneClusterImpl.java:lambda$waitForClusterToBeReady$0(147)) - Waiting for cluster to be ready. Got 0 of 7 DN Heartbeats.
2019-09-23 08:26:03,531 [Datanode State Machine Thread - 0] INFO  ozoneimpl.OzoneContainer (OzoneContainer.java:start(217)) - Attempting to start container services.
2019-09-23 08:26:03,531 [Datanode State Machine Thread - 0] INFO  ozoneimpl.OzoneContainer (OzoneContainer.java:startContainerScrub(179)) - Background container scanner has been disabled.
2019-09-23 08:26:03,531 [Datanode State Machine Thread - 0] INFO  ratis.XceiverServerRatis (XceiverServerRatis.java:start(411)) - Starting XceiverServerRatis ea671247-8143-4fcf-8d63-ac99c7693c31 at port 0
2019-09-23 08:26:03,538 [Datanode State Machine Thread - 0] INFO  impl.RaftServerProxy (RaftServerProxy.java:lambda$start$3(299)) - ea671247-8143-4fcf-8d63-ac99c7693c31: start RPC server
2019-09-23 08:26:03,543 [Datanode State Machine Thread - 0] INFO  server.GrpcService (GrpcService.java:startImpl(158)) - ea671247-8143-4fcf-8d63-ac99c7693c31: GrpcService started, listening on 0.0.0.0/0.0.0.0:38373
2019-09-23 08:26:03,543 [Datanode State Machine Thread - 0] INFO  ratis.XceiverServerRatis (XceiverServerRatis.java:start(421)) - XceiverServerRatis ea671247-8143-4fcf-8d63-ac99c7693c31 is started using port 38373
2019-09-23 08:26:03,562 [Datanode State Machine Thread - 0] INFO  server.XceiverServerGrpc (XceiverServerGrpc.java:start(149)) - XceiverServerGrpc ea671247-8143-4fcf-8d63-ac99c7693c31 is started using port 42185
2019-09-23 08:26:04,048 [IPC Server handler 4 on 44230] INFO  net.NetworkTopology (NetworkTopologyImpl.java:add(111)) - Added a new node: /default-rack/723c227e-5c50-41ec-a9d2-cf06d59cd693
2019-09-23 08:26:04,049 [IPC Server handler 4 on 44230] INFO  node.SCMNodeManager (SCMNodeManager.java:register(266)) - Registered Data node : 723c227e-5c50-41ec-a9d2-cf06d59cd693{ip: 192.168.5.189, host: trunk-nightly-20190923-extra-pvkvv-3499472557, networkLocation: /default-rack, certSerialId: null}
2019-09-23 08:26:04,053 [EventQueue-NodeRegistrationContainerReportForDataNodeSafeModeRule] INFO  safemode.SCMSafeModeManager (DataNodeSafeModeRule.java:process(71)) - SCM in safe mode. 1 DataNodes registered, 1 required.
2019-09-23 08:26:04,057 [EventQueue-NodeRegistrationContainerReportForContainerSafeModeRule] INFO  safemode.SCMSafeModeManager (SCMSafeModeManager.java:validateSafeModeExitRules(177)) - ScmSafeModeManager, all rules are successfully validated
2019-09-23 08:26:04,057 [EventQueue-NodeRegistrationContainerReportForContainerSafeModeRule] INFO  safemode.SCMSafeModeManager (SCMSafeModeManager.java:exitSafeMode(193)) - SCM exiting safe mode.
2019-09-23 08:26:04,067 [grpc-default-executor-7] INFO  impl.RaftServerProxy (RaftServerProxy.java:addNew(89)) - 723c227e-5c50-41ec-a9d2-cf06d59cd693: addNew group-0A59B49C222B:[723c227e-5c50-41ec-a9d2-cf06d59cd693:192.168.5.189:34841] returns group-0A59B49C222B:java.util.concurrent.CompletableFuture@57ee8f2e[Not completed]
2019-09-23 08:26:04,069 [pool-383-thread-1] INFO  impl.RaftServerImpl (RaftServerImpl.java:<init>(95)) - 723c227e-5c50-41ec-a9d2-cf06d59cd693: new RaftServerImpl for group-0A59B49C222B:[723c227e-5c50-41ec-a9d2-cf06d59cd693:192.168.5.189:34841] with ContainerStateMachine:uninitialized
2019-09-23 08:26:04,069 [pool-383-thread-1] INFO  server.RaftServerConfigKeys (ConfUtils.java:logGet(43)) - raft.server.rpc.timeout.min = 5s (custom)
2019-09-23 08:26:04,069 [pool-383-thread-1] INFO  server.RaftServerConfigKeys (ConfUtils.java:logGet(43)) - raft.server.rpc.timeout.max = 5200ms (custom)
2019-09-23 08:26:04,069 [pool-383-thread-1] INFO  server.RaftServerConfigKeys (ConfUtils.java:logGet(43)) - raft.server.rpcslowness.timeout = 120s (custom)
2019-09-23 08:26:04,069 [pool-383-thread-1] INFO  server.RaftServerConfigKeys (ConfUtils.java:logGet(43)) - raft.server.sleep.deviation.threshold = 300 (default)
2019-09-23 08:26:04,070 [pool-383-thread-1] INFO  server.RaftServerConfigKeys (ConfUtils.java:logGet(43)) - raft.server.log.appender.install.snapshot.enabled = false (custom)
2019-09-23 08:26:04,070 [pool-383-thread-1] INFO  impl.RaftServerImpl (ServerState.java:<init>(103)) - 723c227e-5c50-41ec-a9d2-cf06d59cd693@group-0A59B49C222B: ConfigurationManager, init=-1: [723c227e-5c50-41ec-a9d2-cf06d59cd693:192.168.5.189:34841], old=null, confs=<EMPTY_MAP>
2019-09-23 08:26:04,070 [pool-383-thread-1] INFO  server.RaftServerConfigKeys (ConfUtils.java:logGet(43)) - raft.server.storage.dir = [/workdir/hadoop-ozone/integration-test/target/test-dir/MiniOzoneClusterImpl-474ba54a-de8a-4486-82a8-6ac711b3de75/datanode-0/data/ratis] (custom)
2019-09-23 08:26:04,070 [pool-383-thread-1] INFO  storage.RaftStorageDirectory (RaftStorageDirectory.java:analyzeStorage(246)) - The storage directory /workdir/hadoop-ozone/integration-test/target/test-dir/MiniOzoneClusterImpl-474ba54a-de8a-4486-82a8-6ac711b3de75/datanode-0/data/ratis/644685dd-dfa4-40dc-bd92-0a59b49c222b does not exist. Creating ...
2019-09-23 08:26:04,161 [pool-383-thread-1] INFO  storage.RaftStorageDirectory (RaftStorageDirectory.java:tryLock(328)) - Lock on /workdir/hadoop-ozone/integration-test/target/test-dir/MiniOzoneClusterImpl-474ba54a-de8a-4486-82a8-6ac711b3de75/datanode-0/data/ratis/644685dd-dfa4-40dc-bd92-0a59b49c222b/in_use.lock acquired by nodename 19984@trunk-nightly-20190923-extra-pvkvv-3499472557
2019-09-23 08:26:04,225 [pool-383-thread-1] INFO  storage.RaftStorage (RaftStorage.java:format(72)) - Storage directory /workdir/hadoop-ozone/integration-test/target/test-dir/MiniOzoneClusterImpl-474ba54a-de8a-4486-82a8-6ac711b3de75/datanode-0/data/ratis/644685dd-dfa4-40dc-bd92-0a59b49c222b has been successfully formatted.
2019-09-23 08:26:04,226 [pool-383-thread-1] INFO  ratis.ContainerStateMachine (ContainerStateMachine.java:loadSnapshot(230)) - group-0A59B49C222B: The snapshot info is null. Setting the last applied indexto:(t:0, i:~)
2019-09-23 08:26:04,226 [pool-383-thread-1] INFO  server.RaftServerConfigKeys (ConfUtils.java:logGet(43)) - raft.server.notification.no-leader.timeout = 120s (custom)
2019-09-23 08:26:04,226 [pool-383-thread-1] INFO  server.RaftServerConfigKeys (ConfUtils.java:logGet(43)) - raft.server.log.use.memory = false (default)
2019-09-23 08:26:04,226 [pool-383-thread-1] INFO  server.RaftServerConfigKeys (ConfUtils.java:logGet(43)) - raft.server.log.purge.gap = 1000000 (custom)
2019-09-23 08:26:04,226 [pool-383-thread-1] INFO  server.RaftServerConfigKeys (ConfUtils.java:logGet(43)) - raft.server.log.appender.buffer.byte-limit = 33554432 (custom)
2019-09-23 08:26:04,226 [pool-383-thread-1] INFO  server.RaftServerConfigKeys (ConfUtils.java:logGet(43)) - raft.server.log.segment.size.max = 1048576 (custom)
2019-09-23 08:26:04,226 [pool-383-thread-1] INFO  server.RaftServerConfigKeys (ConfUtils.java:logGet(43)) - raft.server.log.segment.cache.num.max = 2 (custom)
2019-09-23 08:26:04,227 [pool-383-thread-1] INFO  segmented.SegmentedRaftLogWorker (SegmentedRaftLogWorker.java:<init>(172)) - new 723c227e-5c50-41ec-a9d2-cf06d59cd693@group-0A59B49C222B-SegmentedRaftLogWorker for RaftStorage:Storage Directory /workdir/hadoop-ozone/integration-test/target/test-dir/MiniOzoneClusterImpl-474ba54a-de8a-4486-82a8-6ac711b3de75/datanode-0/data/ratis/644685dd-dfa4-40dc-bd92-0a59b49c222b
2019-09-23 08:26:04,229 [pool-383-thread-1] INFO  server.RaftServerConfigKeys (ConfUtils.java:logGet(43)) - raft.server.log.queue.byte-limit = 2147483647 (custom)
2019-09-23 08:26:04,229 [pool-383-thread-1] INFO  server.RaftServerConfigKeys (ConfUtils.java:logGet(43)) - raft.server.log.queue.element-limit = 1024 (custom)
2019-09-23 08:26:04,229 [pool-383-thread-1] INFO  server.RaftServerConfigKeys (ConfUtils.java:logGet(43)) - raft.server.log.segment.size.max = 1048576 (custom)
2019-09-23 08:26:04,229 [pool-383-thread-1] INFO  server.RaftServerConfigKeys (ConfUtils.java:logGet(43)) - raft.server.log.preallocated.size = 16384 (custom)
2019-09-23 08:26:04,229 [pool-383-thread-1] INFO  server.RaftServerConfigKeys (ConfUtils.java:logGet(43)) - raft.server.log.write.buffer.size = 33554432 (custom)
2019-09-23 08:26:04,229 [pool-383-thread-1] INFO  server.RaftServerConfigKeys (ConfUtils.java:logGet(43)) - raft.server.log.force.sync.num = 128 (default)
2019-09-23 08:26:04,229 [pool-383-thread-1] INFO  server.RaftServerConfigKeys (ConfUtils.java:logGet(43)) - raft.server.log.statemachine.data.sync = true (default)
2019-09-23 08:26:04,229 [pool-383-thread-1] INFO  server.RaftServerConfigKeys (ConfUtils.java:logGet(43)) - raft.server.log.statemachine.data.sync.timeout = 10s (default)
2019-09-23 08:26:04,229 [pool-383-thread-1] INFO  server.RaftServerConfigKeys (ConfUtils.java:logGet(43)) - raft.server.log.statemachine.data.sync.timeout.retry = -1 (default)
2019-09-23 08:26:04,230 [pool-383-thread-1] INFO  server.RaftServerConfigKeys (ConfUtils.java:logGet(43)) - raft.server.log.statemachine.data.caching.enabled = true (custom)
2019-09-23 08:26:04,230 [pool-383-thread-1] INFO  segmented.SegmentedRaftLogWorker (SegmentedRaftLogWorker.java:lambda$new$0(132)) - 723c227e-5c50-41ec-a9d2-cf06d59cd693@group-0A59B49C222B-SegmentedRaftLogWorker: flushIndex: setUnconditionally 0 -> -1
2019-09-23 08:26:04,230 [pool-383-thread-1] INFO  server.RaftServerConfigKeys (ConfUtils.java:logGet(43)) - raft.server.snapshot.auto.trigger.enabled = true (custom)
2019-09-23 08:26:04,230 [pool-383-thread-1] INFO  server.RaftServerConfigKeys (ConfUtils.java:logGet(43)) - raft.server.snapshot.auto.trigger.threshold = 10000 (custom)
2019-09-23 08:26:04,231 [pool-383-thread-1] INFO  server.RaftServerConfigKeys (ConfUtils.java:logGet(43)) - raft.server.snapshot.retention.num.files = 5 (custom)
2019-09-23 08:26:04,231 [pool-383-thread-1] INFO  server.RaftServerConfigKeys (ConfUtils.java:logGet(43)) - raft.server.retrycache.expirytime = 600000ms (custom)
2019-09-23 08:26:04,232 [pool-383-thread-1] INFO  impl.RaftServerImpl (RaftServerImpl.java:start(185)) - 723c227e-5c50-41ec-a9d2-cf06d59cd693@group-0A59B49C222B: start as a follower, conf=-1: [723c227e-5c50-41ec-a9d2-cf06d59cd693:192.168.5.189:34841], old=null
2019-09-23 08:26:04,232 [pool-383-thread-1] INFO  impl.RaftServerImpl (RaftServerImpl.java:setRole(174)) - 723c227e-5c50-41ec-a9d2-cf06d59cd693@group-0A59B49C222B: changes role from      null to FOLLOWER at term 0 for startAsFollower
2019-09-23 08:26:04,232 [pool-383-thread-1] INFO  impl.RoleInfo (RoleInfo.java:updateAndGet(143)) - 723c227e-5c50-41ec-a9d2-cf06d59cd693: start FollowerState
2019-09-23 08:26:04,233 [pool-383-thread-1] INFO  util.JmxRegister (JmxRegister.java:tryRegister(44)) - Successfully registered JMX Bean with object name Ratis:service=RaftServer,group=group-0A59B49C222B,id=723c227e-5c50-41ec-a9d2-cf06d59cd693
2019-09-23 08:26:04,401 [main] INFO  ozone.MiniOzoneClusterImpl (MiniOzoneClusterImpl.java:lambda$waitForClusterToBeReady$0(147)) - Waiting for cluster to be ready. Got 1 of 7 DN Heartbeats.
2019-09-23 08:26:04,427 [RatisPipelineUtilsThread] INFO  pipeline.PipelineStateManager (PipelineStateManager.java:addPipeline(56)) - Created pipeline Pipeline[ Id: 644685dd-dfa4-40dc-bd92-0a59b49c222b, Nodes: 723c227e-5c50-41ec-a9d2-cf06d59cd693{ip: 192.168.5.189, host: trunk-nightly-20190923-extra-pvkvv-3499472557, networkLocation: /default-rack, certSerialId: null}, Type:RATIS, Factor:ONE, State:OPEN]
2019-09-23 08:26:04,845 [IPC Server handler 1 on 44230] INFO  net.NetworkTopology (NetworkTopologyImpl.java:add(111)) - Added a new node: /default-rack/a1f25157-3c02-4d59-8065-2068ceb750ad
2019-09-23 08:26:04,845 [IPC Server handler 1 on 44230] INFO  node.SCMNodeManager (SCMNodeManager.java:register(266)) - Registered Data node : a1f25157-3c02-4d59-8065-2068ceb750ad{ip: 192.168.5.189, host: trunk-nightly-20190923-extra-pvkvv-3499472557, networkLocation: /default-rack, certSerialId: null}
2019-09-23 08:26:04,854 [grpc-default-executor-7] INFO  impl.RaftServerProxy (RaftServerProxy.java:addNew(89)) - a1f25157-3c02-4d59-8065-2068ceb750ad: addNew group-61387FE587E6:[a1f25157-3c02-4d59-8065-2068ceb750ad:192.168.5.189:38755] returns group-61387FE587E6:java.util.concurrent.CompletableFuture@52496ad2[Not completed]
2019-09-23 08:26:04,857 [pool-393-thread-1] INFO  impl.RaftServerImpl (RaftServerImpl.java:<init>(95)) - a1f25157-3c02-4d59-8065-2068ceb750ad: new RaftServerImpl for group-61387FE587E6:[a1f25157-3c02-4d59-8065-2068ceb750ad:192.168.5.189:38755] with ContainerStateMachine:uninitialized
2019-09-23 08:26:04,857 [pool-393-thread-1] INFO  server.RaftServerConfigKeys (ConfUtils.java:logGet(43)) - raft.server.rpc.timeout.min = 5s (custom)
2019-09-23 08:26:04,857 [pool-393-thread-1] INFO  server.RaftServerConfigKeys (ConfUtils.java:logGet(43)) - raft.server.rpc.timeout.max = 5200ms (custom)
2019-09-23 08:26:04,857 [pool-393-thread-1] INFO  server.RaftServerConfigKeys (ConfUtils.java:logGet(43)) - raft.server.rpcslowness.timeout = 120s (custom)
2019-09-23 08:26:04,857 [pool-393-thread-1] INFO  server.RaftServerConfigKeys (ConfUtils.java:logGet(43)) - raft.server.sleep.deviation.threshold = 300 (default)
2019-09-23 08:26:04,857 [pool-393-thread-1] INFO  server.RaftServerConfigKeys (ConfUtils.java:logGet(43)) - raft.server.log.appender.install.snapshot.enabled = false (custom)
2019-09-23 08:26:04,858 [pool-393-thread-1] INFO  impl.RaftServerImpl (ServerState.java:<init>(103)) - a1f25157-3c02-4d59-8065-2068ceb750ad@group-61387FE587E6: ConfigurationManager, init=-1: [a1f25157-3c02-4d59-8065-2068ceb750ad:192.168.5.189:38755], old=null, confs=<EMPTY_MAP>
2019-09-23 08:26:04,858 [pool-393-thread-1] INFO  server.RaftServerConfigKeys (ConfUtils.java:logGet(43)) - raft.server.storage.dir = [/workdir/hadoop-ozone/integration-test/target/test-dir/MiniOzoneClusterImpl-474ba54a-de8a-4486-82a8-6ac711b3de75/datanode-1/data/ratis] (custom)
2019-09-23 08:26:04,858 [pool-393-thread-1] INFO  storage.RaftStorageDirectory (RaftStorageDirectory.java:analyzeStorage(246)) - The storage directory /workdir/hadoop-ozone/integration-test/target/test-dir/MiniOzoneClusterImpl-474ba54a-de8a-4486-82a8-6ac711b3de75/datanode-1/data/ratis/1934cb91-dec4-4419-944f-61387fe587e6 does not exist. Creating ...
2019-09-23 08:26:04,926 [pool-393-thread-1] INFO  storage.RaftStorageDirectory (RaftStorageDirectory.java:tryLock(328)) - Lock on /workdir/hadoop-ozone/integration-test/target/test-dir/MiniOzoneClusterImpl-474ba54a-de8a-4486-82a8-6ac711b3de75/datanode-1/data/ratis/1934cb91-dec4-4419-944f-61387fe587e6/in_use.lock acquired by nodename 19984@trunk-nightly-20190923-extra-pvkvv-3499472557
2019-09-23 08:26:04,957 [IPC Server handler 4 on 44230] INFO  net.NetworkTopology (NetworkTopologyImpl.java:add(111)) - Added a new node: /default-rack/14e26da3-75f1-4d23-8ebb-3215c6e848c8
2019-09-23 08:26:04,957 [IPC Server handler 4 on 44230] INFO  node.SCMNodeManager (SCMNodeManager.java:register(266)) - Registered Data node : 14e26da3-75f1-4d23-8ebb-3215c6e848c8{ip: 192.168.5.189, host: trunk-nightly-20190923-extra-pvkvv-3499472557, networkLocation: /default-rack, certSerialId: null}
2019-09-23 08:26:04,975 [pool-393-thread-1] INFO  storage.RaftStorage (RaftStorage.java:format(72)) - Storage directory /workdir/hadoop-ozone/integration-test/target/test-dir/MiniOzoneClusterImpl-474ba54a-de8a-4486-82a8-6ac711b3de75/datanode-1/data/ratis/1934cb91-dec4-4419-944f-61387fe587e6 has been successfully formatted.
2019-09-23 08:26:04,975 [pool-393-thread-1] INFO  ratis.ContainerStateMachine (ContainerStateMachine.java:loadSnapshot(230)) - group-61387FE587E6: The snapshot info is null. Setting the last applied indexto:(t:0, i:~)
2019-09-23 08:26:04,975 [pool-393-thread-1] INFO  server.RaftServerConfigKeys (ConfUtils.java:logGet(43)) - raft.server.notification.no-leader.timeout = 120s (custom)
2019-09-23 08:26:04,975 [pool-393-thread-1] INFO  server.RaftServerConfigKeys (ConfUtils.java:logGet(43)) - raft.server.log.use.memory = false (default)
2019-09-23 08:26:04,975 [pool-393-thread-1] INFO  server.RaftServerConfigKeys (ConfUtils.java:logGet(43)) - raft.server.log.purge.gap = 1000000 (custom)
2019-09-23 08:26:04,976 [pool-393-thread-1] INFO  server.RaftServerConfigKeys (ConfUtils.java:logGet(43)) - raft.server.log.appender.buffer.byte-limit = 33554432 (custom)
2019-09-23 08:26:04,976 [pool-393-thread-1] INFO  server.RaftServerConfigKeys (ConfUtils.java:logGet(43)) - raft.server.log.segment.size.max = 1048576 (custom)
2019-09-23 08:26:04,976 [pool-393-thread-1] INFO  server.RaftServerConfigKeys (ConfUtils.java:logGet(43)) - raft.server.log.segment.cache.num.max = 2 (custom)
2019-09-23 08:26:04,976 [pool-393-thread-1] INFO  segmented.SegmentedRaftLogWorker (SegmentedRaftLogWorker.java:<init>(172)) - new a1f25157-3c02-4d59-8065-2068ceb750ad@group-61387FE587E6-SegmentedRaftLogWorker for RaftStorage:Storage Directory /workdir/hadoop-ozone/integration-test/target/test-dir/MiniOzoneClusterImpl-474ba54a-de8a-4486-82a8-6ac711b3de75/datanode-1/data/ratis/1934cb91-dec4-4419-944f-61387fe587e6
2019-09-23 08:26:04,977 [pool-393-thread-1] INFO  server.RaftServerConfigKeys (ConfUtils.java:logGet(43)) - raft.server.log.queue.byte-limit = 2147483647 (custom)
2019-09-23 08:26:04,977 [pool-393-thread-1] INFO  server.RaftServerConfigKeys (ConfUtils.java:logGet(43)) - raft.server.log.queue.element-limit = 1024 (custom)
2019-09-23 08:26:04,978 [pool-393-thread-1] INFO  server.RaftServerConfigKeys (ConfUtils.java:logGet(43)) - raft.server.log.segment.size.max = 1048576 (custom)
2019-09-23 08:26:04,978 [pool-393-thread-1] INFO  server.RaftServerConfigKeys (ConfUtils.java:logGet(43)) - raft.server.log.preallocated.size = 16384 (custom)
2019-09-23 08:26:04,978 [pool-393-thread-1] INFO  server.RaftServerConfigKeys (ConfUtils.java:logGet(43)) - raft.server.log.write.buffer.size = 33554432 (custom)
2019-09-23 08:26:04,978 [pool-393-thread-1] INFO  server.RaftServerConfigKeys (ConfUtils.java:logGet(43)) - raft.server.log.force.sync.num = 128 (default)
2019-09-23 08:26:04,978 [pool-393-thread-1] INFO  server.RaftServerConfigKeys (ConfUtils.java:logGet(43)) - raft.server.log.statemachine.data.sync = true (default)
2019-09-23 08:26:04,978 [pool-393-thread-1] INFO  server.RaftServerConfigKeys (ConfUtils.java:logGet(43)) - raft.server.log.statemachine.data.sync.timeout = 10s (default)
2019-09-23 08:26:04,978 [pool-393-thread-1] INFO  server.RaftServerConfigKeys (ConfUtils.java:logGet(43)) - raft.server.log.statemachine.data.sync.timeout.retry = -1 (default)
2019-09-23 08:26:04,978 [pool-393-thread-1] INFO  server.RaftServerConfigKeys (ConfUtils.java:logGet(43)) - raft.server.log.statemachine.data.caching.enabled = true (custom)
2019-09-23 08:26:04,978 [pool-393-thread-1] INFO  segmented.SegmentedRaftLogWorker (SegmentedRaftLogWorker.java:lambda$new$0(132)) - a1f25157-3c02-4d59-8065-2068ceb750ad@group-61387FE587E6-SegmentedRaftLogWorker: flushIndex: setUnconditionally 0 -> -1
2019-09-23 08:26:04,979 [pool-393-thread-1] INFO  server.RaftServerConfigKeys (ConfUtils.java:logGet(43)) - raft.server.snapshot.auto.trigger.enabled = true (custom)
2019-09-23 08:26:04,979 [pool-393-thread-1] INFO  server.RaftServerConfigKeys (ConfUtils.java:logGet(43)) - raft.server.snapshot.auto.trigger.threshold = 10000 (custom)
2019-09-23 08:26:04,979 [pool-393-thread-1] INFO  server.RaftServerConfigKeys (ConfUtils.java:logGet(43)) - raft.server.snapshot.retention.num.files = 5 (custom)
2019-09-23 08:26:04,979 [pool-393-thread-1] INFO  server.RaftServerConfigKeys (ConfUtils.java:logGet(43)) - raft.server.retrycache.expirytime = 600000ms (custom)
2019-09-23 08:26:04,981 [pool-393-thread-1] INFO  impl.RaftServerImpl (RaftServerImpl.java:start(185)) - a1f25157-3c02-4d59-8065-2068ceb750ad@group-61387FE587E6: start as a follower, conf=-1: [a1f25157-3c02-4d59-8065-2068ceb750ad:192.168.5.189:38755], old=null
2019-09-23 08:26:04,981 [pool-393-thread-1] INFO  impl.RaftServerImpl (RaftServerImpl.java:setRole(174)) - a1f25157-3c02-4d59-8065-2068ceb750ad@group-61387FE587E6: changes role from      null to FOLLOWER at term 0 for startAsFollower
2019-09-23 08:26:04,981 [pool-393-thread-1] INFO  impl.RoleInfo (RoleInfo.java:updateAndGet(143)) - a1f25157-3c02-4d59-8065-2068ceb750ad: start FollowerState
2019-09-23 08:26:04,981 [pool-393-thread-1] INFO  util.JmxRegister (JmxRegister.java:tryRegister(44)) - Successfully registered JMX Bean with object name Ratis:service=RaftServer,group=group-61387FE587E6,id=a1f25157-3c02-4d59-8065-2068ceb750ad
2019-09-23 08:26:04,983 [RatisPipelineUtilsThread] INFO  pipeline.PipelineStateManager (PipelineStateManager.java:addPipeline(56)) - Created pipeline Pipeline[ Id: 1934cb91-dec4-4419-944f-61387fe587e6, Nodes: a1f25157-3c02-4d59-8065-2068ceb750ad{ip: 192.168.5.189, host: trunk-nightly-20190923-extra-pvkvv-3499472557, networkLocation: /default-rack, certSerialId: null}, Type:RATIS, Factor:ONE, State:OPEN]
2019-09-23 08:26:04,990 [grpc-default-executor-7] INFO  impl.RaftServerProxy (RaftServerProxy.java:addNew(89)) - 14e26da3-75f1-4d23-8ebb-3215c6e848c8: addNew group-01028ADAB6A6:[14e26da3-75f1-4d23-8ebb-3215c6e848c8:192.168.5.189:36406] returns group-01028ADAB6A6:java.util.concurrent.CompletableFuture@2a15d79f[Not completed]
2019-09-23 08:26:04,992 [pool-403-thread-1] INFO  impl.RaftServerImpl (RaftServerImpl.java:<init>(95)) - 14e26da3-75f1-4d23-8ebb-3215c6e848c8: new RaftServerImpl for group-01028ADAB6A6:[14e26da3-75f1-4d23-8ebb-3215c6e848c8:192.168.5.189:36406] with ContainerStateMachine:uninitialized
2019-09-23 08:26:04,992 [pool-403-thread-1] INFO  server.RaftServerConfigKeys (ConfUtils.java:logGet(43)) - raft.server.rpc.timeout.min = 5s (custom)
2019-09-23 08:26:04,992 [pool-403-thread-1] INFO  server.RaftServerConfigKeys (ConfUtils.java:logGet(43)) - raft.server.rpc.timeout.max = 5200ms (custom)
2019-09-23 08:26:04,992 [pool-403-thread-1] INFO  server.RaftServerConfigKeys (ConfUtils.java:logGet(43)) - raft.server.rpcslowness.timeout = 120s (custom)
2019-09-23 08:26:04,992 [pool-403-thread-1] INFO  server.RaftServerConfigKeys (ConfUtils.java:logGet(43)) - raft.server.sleep.deviation.threshold = 300 (default)
2019-09-23 08:26:04,992 [pool-403-thread-1] INFO  server.RaftServerConfigKeys (ConfUtils.java:logGet(43)) - raft.server.log.appender.install.snapshot.enabled = false (custom)
2019-09-23 08:26:04,993 [pool-403-thread-1] INFO  impl.RaftServerImpl (ServerState.java:<init>(103)) - 14e26da3-75f1-4d23-8ebb-3215c6e848c8@group-01028ADAB6A6: ConfigurationManager, init=-1: [14e26da3-75f1-4d23-8ebb-3215c6e848c8:192.168.5.189:36406], old=null, confs=<EMPTY_MAP>
2019-09-23 08:26:04,993 [pool-403-thread-1] INFO  server.RaftServerConfigKeys (ConfUtils.java:logGet(43)) - raft.server.storage.dir = [/workdir/hadoop-ozone/integration-test/target/test-dir/MiniOzoneClusterImpl-474ba54a-de8a-4486-82a8-6ac711b3de75/datanode-2/data/ratis] (custom)
2019-09-23 08:26:04,993 [pool-403-thread-1] INFO  storage.RaftStorageDirectory (RaftStorageDirectory.java:analyzeStorage(246)) - The storage directory /workdir/hadoop-ozone/integration-test/target/test-dir/MiniOzoneClusterImpl-474ba54a-de8a-4486-82a8-6ac711b3de75/datanode-2/data/ratis/01494c8f-180b-4f1d-b5ec-01028adab6a6 does not exist. Creating ...
2019-09-23 08:26:05,037 [pool-403-thread-1] INFO  storage.RaftStorageDirectory (RaftStorageDirectory.java:tryLock(328)) - Lock on /workdir/hadoop-ozone/integration-test/target/test-dir/MiniOzoneClusterImpl-474ba54a-de8a-4486-82a8-6ac711b3de75/datanode-2/data/ratis/01494c8f-180b-4f1d-b5ec-01028adab6a6/in_use.lock acquired by nodename 19984@trunk-nightly-20190923-extra-pvkvv-3499472557
2019-09-23 08:26:05,071 [pool-403-thread-1] INFO  storage.RaftStorage (RaftStorage.java:format(72)) - Storage directory /workdir/hadoop-ozone/integration-test/target/test-dir/MiniOzoneClusterImpl-474ba54a-de8a-4486-82a8-6ac711b3de75/datanode-2/data/ratis/01494c8f-180b-4f1d-b5ec-01028adab6a6 has been successfully formatted.
2019-09-23 08:26:05,071 [pool-403-thread-1] INFO  ratis.ContainerStateMachine (ContainerStateMachine.java:loadSnapshot(230)) - group-01028ADAB6A6: The snapshot info is null. Setting the last applied indexto:(t:0, i:~)
2019-09-23 08:26:05,071 [pool-403-thread-1] INFO  server.RaftServerConfigKeys (ConfUtils.java:logGet(43)) - raft.server.notification.no-leader.timeout = 120s (custom)
2019-09-23 08:26:05,072 [pool-403-thread-1] INFO  server.RaftServerConfigKeys (ConfUtils.java:logGet(43)) - raft.server.log.use.memory = false (default)
2019-09-23 08:26:05,072 [pool-403-thread-1] INFO  server.RaftServerConfigKeys (ConfUtils.java:logGet(43)) - raft.server.log.purge.gap = 1000000 (custom)
2019-09-23 08:26:05,072 [pool-403-thread-1] INFO  server.RaftServerConfigKeys (ConfUtils.java:logGet(43)) - raft.server.log.appender.buffer.byte-limit = 33554432 (custom)
2019-09-23 08:26:05,072 [pool-403-thread-1] INFO  server.RaftServerConfigKeys (ConfUtils.java:logGet(43)) - raft.server.log.segment.size.max = 1048576 (custom)
2019-09-23 08:26:05,072 [pool-403-thread-1] INFO  server.RaftServerConfigKeys (ConfUtils.java:logGet(43)) - raft.server.log.segment.cache.num.max = 2 (custom)
2019-09-23 08:26:05,072 [pool-403-thread-1] INFO  segmented.SegmentedRaftLogWorker (SegmentedRaftLogWorker.java:<init>(172)) - new 14e26da3-75f1-4d23-8ebb-3215c6e848c8@group-01028ADAB6A6-SegmentedRaftLogWorker for RaftStorage:Storage Directory /workdir/hadoop-ozone/integration-test/target/test-dir/MiniOzoneClusterImpl-474ba54a-de8a-4486-82a8-6ac711b3de75/datanode-2/data/ratis/01494c8f-180b-4f1d-b5ec-01028adab6a6
2019-09-23 08:26:05,075 [pool-403-thread-1] INFO  server.RaftServerConfigKeys (ConfUtils.java:logGet(43)) - raft.server.log.queue.byte-limit = 2147483647 (custom)
2019-09-23 08:26:05,075 [pool-403-thread-1] INFO  server.RaftServerConfigKeys (ConfUtils.java:logGet(43)) - raft.server.log.queue.element-limit = 1024 (custom)
2019-09-23 08:26:05,075 [pool-403-thread-1] INFO  server.RaftServerConfigKeys (ConfUtils.java:logGet(43)) - raft.server.log.segment.size.max = 1048576 (custom)
2019-09-23 08:26:05,075 [pool-403-thread-1] INFO  server.RaftServerConfigKeys (ConfUtils.java:logGet(43)) - raft.server.log.preallocated.size = 16384 (custom)
2019-09-23 08:26:05,075 [pool-403-thread-1] INFO  server.RaftServerConfigKeys (ConfUtils.java:logGet(43)) - raft.server.log.write.buffer.size = 33554432 (custom)
2019-09-23 08:26:05,075 [pool-403-thread-1] INFO  server.RaftServerConfigKeys (ConfUtils.java:logGet(43)) - raft.server.log.force.sync.num = 128 (default)
2019-09-23 08:26:05,075 [pool-403-thread-1] INFO  server.RaftServerConfigKeys (ConfUtils.java:logGet(43)) - raft.server.log.statemachine.data.sync = true (default)
2019-09-23 08:26:05,076 [pool-403-thread-1] INFO  server.RaftServerConfigKeys (ConfUtils.java:logGet(43)) - raft.server.log.statemachine.data.sync.timeout = 10s (default)
2019-09-23 08:26:05,076 [pool-403-thread-1] INFO  server.RaftServerConfigKeys (ConfUtils.java:logGet(43)) - raft.server.log.statemachine.data.sync.timeout.retry = -1 (default)
2019-09-23 08:26:05,076 [pool-403-thread-1] INFO  server.RaftServerConfigKeys (ConfUtils.java:logGet(43)) - raft.server.log.statemachine.data.caching.enabled = true (custom)
2019-09-23 08:26:05,076 [pool-403-thread-1] INFO  segmented.SegmentedRaftLogWorker (SegmentedRaftLogWorker.java:lambda$new$0(132)) - 14e26da3-75f1-4d23-8ebb-3215c6e848c8@group-01028ADAB6A6-SegmentedRaftLogWorker: flushIndex: setUnconditionally 0 -> -1
2019-09-23 08:26:05,077 [pool-403-thread-1] INFO  server.RaftServerConfigKeys (ConfUtils.java:logGet(43)) - raft.server.snapshot.auto.trigger.enabled = true (custom)
2019-09-23 08:26:05,077 [pool-403-thread-1] INFO  server.RaftServerConfigKeys (ConfUtils.java:logGet(43)) - raft.server.snapshot.auto.trigger.threshold = 10000 (custom)
2019-09-23 08:26:05,077 [pool-403-thread-1] INFO  server.RaftServerConfigKeys (ConfUtils.java:logGet(43)) - raft.server.snapshot.retention.num.files = 5 (custom)
2019-09-23 08:26:05,077 [pool-403-thread-1] INFO  server.RaftServerConfigKeys (ConfUtils.java:logGet(43)) - raft.server.retrycache.expirytime = 600000ms (custom)
2019-09-23 08:26:05,080 [pool-403-thread-1] INFO  impl.RaftServerImpl (RaftServerImpl.java:start(185)) - 14e26da3-75f1-4d23-8ebb-3215c6e848c8@group-01028ADAB6A6: start as a follower, conf=-1: [14e26da3-75f1-4d23-8ebb-3215c6e848c8:192.168.5.189:36406], old=null
2019-09-23 08:26:05,081 [pool-403-thread-1] INFO  impl.RaftServerImpl (RaftServerImpl.java:setRole(174)) - 14e26da3-75f1-4d23-8ebb-3215c6e848c8@group-01028ADAB6A6: changes role from      null to FOLLOWER at term 0 for startAsFollower
2019-09-23 08:26:05,081 [pool-403-thread-1] INFO  impl.RoleInfo (RoleInfo.java:updateAndGet(143)) - 14e26da3-75f1-4d23-8ebb-3215c6e848c8: start FollowerState
2019-09-23 08:26:05,081 [pool-403-thread-1] INFO  util.JmxRegister (JmxRegister.java:tryRegister(44)) - Successfully registered JMX Bean with object name Ratis:service=RaftServer,group=group-01028ADAB6A6,id=14e26da3-75f1-4d23-8ebb-3215c6e848c8
2019-09-23 08:26:05,083 [RatisPipelineUtilsThread] INFO  pipeline.PipelineStateManager (PipelineStateManager.java:addPipeline(56)) - Created pipeline Pipeline[ Id: 01494c8f-180b-4f1d-b5ec-01028adab6a6, Nodes: 14e26da3-75f1-4d23-8ebb-3215c6e848c8{ip: 192.168.5.189, host: trunk-nightly-20190923-extra-pvkvv-3499472557, networkLocation: /default-rack, certSerialId: null}, Type:RATIS, Factor:ONE, State:OPEN]
2019-09-23 08:26:05,102 [grpc-default-executor-8] INFO  impl.RaftServerProxy (RaftServerProxy.java:addNew(89)) - a1f25157-3c02-4d59-8065-2068ceb750ad: addNew group-D0116267D68A:[14e26da3-75f1-4d23-8ebb-3215c6e848c8:192.168.5.189:36406, a1f25157-3c02-4d59-8065-2068ceb750ad:192.168.5.189:38755, 723c227e-5c50-41ec-a9d2-cf06d59cd693:192.168.5.189:34841] returns group-D0116267D68A:java.util.concurrent.CompletableFuture@383f86c3[Not completed]
2019-09-23 08:26:05,102 [grpc-default-executor-9] INFO  impl.RaftServerProxy (RaftServerProxy.java:addNew(89)) - 14e26da3-75f1-4d23-8ebb-3215c6e848c8: addNew group-D0116267D68A:[14e26da3-75f1-4d23-8ebb-3215c6e848c8:192.168.5.189:36406, a1f25157-3c02-4d59-8065-2068ceb750ad:192.168.5.189:38755, 723c227e-5c50-41ec-a9d2-cf06d59cd693:192.168.5.189:34841] returns group-D0116267D68A:java.util.concurrent.CompletableFuture@1469820f[Not completed]
2019-09-23 08:26:05,102 [grpc-default-executor-7] INFO  impl.RaftServerProxy (RaftServerProxy.java:addNew(89)) - 723c227e-5c50-41ec-a9d2-cf06d59cd693: addNew group-D0116267D68A:[14e26da3-75f1-4d23-8ebb-3215c6e848c8:192.168.5.189:36406, a1f25157-3c02-4d59-8065-2068ceb750ad:192.168.5.189:38755, 723c227e-5c50-41ec-a9d2-cf06d59cd693:192.168.5.189:34841] returns group-D0116267D68A:java.util.concurrent.CompletableFuture@2a355685[Not completed]
2019-09-23 08:26:05,103 [pool-383-thread-1] INFO  impl.RaftServerImpl (RaftServerImpl.java:<init>(95)) - 723c227e-5c50-41ec-a9d2-cf06d59cd693: new RaftServerImpl for group-D0116267D68A:[14e26da3-75f1-4d23-8ebb-3215c6e848c8:192.168.5.189:36406, a1f25157-3c02-4d59-8065-2068ceb750ad:192.168.5.189:38755, 723c227e-5c50-41ec-a9d2-cf06d59cd693:192.168.5.189:34841] with ContainerStateMachine:uninitialized
2019-09-23 08:26:05,103 [pool-383-thread-1] INFO  server.RaftServerConfigKeys (ConfUtils.java:logGet(43)) - raft.server.rpc.timeout.min = 5s (custom)
2019-09-23 08:26:05,103 [pool-383-thread-1] INFO  server.RaftServerConfigKeys (ConfUtils.java:logGet(43)) - raft.server.rpc.timeout.max = 5200ms (custom)
2019-09-23 08:26:05,104 [pool-383-thread-1] INFO  server.RaftServerConfigKeys (ConfUtils.java:logGet(43)) - raft.server.rpcslowness.timeout = 120s (custom)
2019-09-23 08:26:05,104 [pool-383-thread-1] INFO  server.RaftServerConfigKeys (ConfUtils.java:logGet(43)) - raft.server.sleep.deviation.threshold = 300 (default)
2019-09-23 08:26:05,104 [pool-383-thread-1] INFO  server.RaftServerConfigKeys (ConfUtils.java:logGet(43)) - raft.server.log.appender.install.snapshot.enabled = false (custom)
2019-09-23 08:26:05,104 [pool-383-thread-1] INFO  impl.RaftServerImpl (ServerState.java:<init>(103)) - 723c227e-5c50-41ec-a9d2-cf06d59cd693@group-D0116267D68A: ConfigurationManager, init=-1: [14e26da3-75f1-4d23-8ebb-3215c6e848c8:192.168.5.189:36406, a1f25157-3c02-4d59-8065-2068ceb750ad:192.168.5.189:38755, 723c227e-5c50-41ec-a9d2-cf06d59cd693:192.168.5.189:34841], old=null, confs=<EMPTY_MAP>
2019-09-23 08:26:05,104 [pool-393-thread-1] INFO  impl.RaftServerImpl (RaftServerImpl.java:<init>(95)) - a1f25157-3c02-4d59-8065-2068ceb750ad: new RaftServerImpl for group-D0116267D68A:[14e26da3-75f1-4d23-8ebb-3215c6e848c8:192.168.5.189:36406, a1f25157-3c02-4d59-8065-2068ceb750ad:192.168.5.189:38755, 723c227e-5c50-41ec-a9d2-cf06d59cd693:192.168.5.189:34841] with ContainerStateMachine:uninitialized
2019-09-23 08:26:05,104 [pool-383-thread-1] INFO  server.RaftServerConfigKeys (ConfUtils.java:logGet(43)) - raft.server.storage.dir = [/workdir/hadoop-ozone/integration-test/target/test-dir/MiniOzoneClusterImpl-474ba54a-de8a-4486-82a8-6ac711b3de75/datanode-0/data/ratis] (custom)
2019-09-23 08:26:05,104 [pool-393-thread-1] INFO  server.RaftServerConfigKeys (ConfUtils.java:logGet(43)) - raft.server.rpc.timeout.min = 5s (custom)
2019-09-23 08:26:05,105 [pool-393-thread-1] INFO  server.RaftServerConfigKeys (ConfUtils.java:logGet(43)) - raft.server.rpc.timeout.max = 5200ms (custom)
2019-09-23 08:26:05,105 [pool-383-thread-1] INFO  storage.RaftStorageDirectory (RaftStorageDirectory.java:analyzeStorage(246)) - The storage directory /workdir/hadoop-ozone/integration-test/target/test-dir/MiniOzoneClusterImpl-474ba54a-de8a-4486-82a8-6ac711b3de75/datanode-0/data/ratis/9cf6bd2d-15b8-4442-a23f-d0116267d68a does not exist. Creating ...
2019-09-23 08:26:05,105 [pool-393-thread-1] INFO  server.RaftServerConfigKeys (ConfUtils.java:logGet(43)) - raft.server.rpcslowness.timeout = 120s (custom)
2019-09-23 08:26:05,105 [pool-393-thread-1] INFO  server.RaftServerConfigKeys (ConfUtils.java:logGet(43)) - raft.server.sleep.deviation.threshold = 300 (default)
2019-09-23 08:26:05,105 [pool-403-thread-1] INFO  impl.RaftServerImpl (RaftServerImpl.java:<init>(95)) - 14e26da3-75f1-4d23-8ebb-3215c6e848c8: new RaftServerImpl for group-D0116267D68A:[14e26da3-75f1-4d23-8ebb-3215c6e848c8:192.168.5.189:36406, a1f25157-3c02-4d59-8065-2068ceb750ad:192.168.5.189:38755, 723c227e-5c50-41ec-a9d2-cf06d59cd693:192.168.5.189:34841] with ContainerStateMachine:uninitialized
2019-09-23 08:26:05,105 [pool-393-thread-1] INFO  server.RaftServerConfigKeys (ConfUtils.java:logGet(43)) - raft.server.log.appender.install.snapshot.enabled = false (custom)
2019-09-23 08:26:05,105 [pool-403-thread-1] INFO  server.RaftServerConfigKeys (ConfUtils.java:logGet(43)) - raft.server.rpc.timeout.min = 5s (custom)
2019-09-23 08:26:05,106 [pool-393-thread-1] INFO  impl.RaftServerImpl (ServerState.java:<init>(103)) - a1f25157-3c02-4d59-8065-2068ceb750ad@group-D0116267D68A: ConfigurationManager, init=-1: [14e26da3-75f1-4d23-8ebb-3215c6e848c8:192.168.5.189:36406, a1f25157-3c02-4d59-8065-2068ceb750ad:192.168.5.189:38755, 723c227e-5c50-41ec-a9d2-cf06d59cd693:192.168.5.189:34841], old=null, confs=<EMPTY_MAP>
2019-09-23 08:26:05,106 [pool-403-thread-1] INFO  server.RaftServerConfigKeys (ConfUtils.java:logGet(43)) - raft.server.rpc.timeout.max = 5200ms (custom)
2019-09-23 08:26:05,106 [pool-393-thread-1] INFO  server.RaftServerConfigKeys (ConfUtils.java:logGet(43)) - raft.server.storage.dir = [/workdir/hadoop-ozone/integration-test/target/test-dir/MiniOzoneClusterImpl-474ba54a-de8a-4486-82a8-6ac711b3de75/datanode-1/data/ratis] (custom)
2019-09-23 08:26:05,106 [pool-403-thread-1] INFO  server.RaftServerConfigKeys (ConfUtils.java:logGet(43)) - raft.server.rpcslowness.timeout = 120s (custom)
2019-09-23 08:26:05,106 [pool-403-thread-1] INFO  server.RaftServerConfigKeys (ConfUtils.java:logGet(43)) - raft.server.sleep.deviation.threshold = 300 (default)
2019-09-23 08:26:05,106 [pool-403-thread-1] INFO  server.RaftServerConfigKeys (ConfUtils.java:logGet(43)) - raft.server.log.appender.install.snapshot.enabled = false (custom)
2019-09-23 08:26:05,106 [pool-393-thread-1] INFO  storage.RaftStorageDirectory (RaftStorageDirectory.java:analyzeStorage(246)) - The storage directory /workdir/hadoop-ozone/integration-test/target/test-dir/MiniOzoneClusterImpl-474ba54a-de8a-4486-82a8-6ac711b3de75/datanode-1/data/ratis/9cf6bd2d-15b8-4442-a23f-d0116267d68a does not exist. Creating ...
2019-09-23 08:26:05,107 [pool-403-thread-1] INFO  impl.RaftServerImpl (ServerState.java:<init>(103)) - 14e26da3-75f1-4d23-8ebb-3215c6e848c8@group-D0116267D68A: ConfigurationManager, init=-1: [14e26da3-75f1-4d23-8ebb-3215c6e848c8:192.168.5.189:36406, a1f25157-3c02-4d59-8065-2068ceb750ad:192.168.5.189:38755, 723c227e-5c50-41ec-a9d2-cf06d59cd693:192.168.5.189:34841], old=null, confs=<EMPTY_MAP>
2019-09-23 08:26:05,107 [pool-403-thread-1] INFO  server.RaftServerConfigKeys (ConfUtils.java:logGet(43)) - raft.server.storage.dir = [/workdir/hadoop-ozone/integration-test/target/test-dir/MiniOzoneClusterImpl-474ba54a-de8a-4486-82a8-6ac711b3de75/datanode-2/data/ratis] (custom)
2019-09-23 08:26:05,107 [pool-403-thread-1] INFO  storage.RaftStorageDirectory (RaftStorageDirectory.java:analyzeStorage(246)) - The storage directory /workdir/hadoop-ozone/integration-test/target/test-dir/MiniOzoneClusterImpl-474ba54a-de8a-4486-82a8-6ac711b3de75/datanode-2/data/ratis/9cf6bd2d-15b8-4442-a23f-d0116267d68a does not exist. Creating ...
2019-09-23 08:26:05,116 [IPC Server handler 2 on 44230] INFO  net.NetworkTopology (NetworkTopologyImpl.java:add(111)) - Added a new node: /default-rack/eedb13b3-b566-48cc-93b5-1a70502cb151
2019-09-23 08:26:05,116 [IPC Server handler 2 on 44230] INFO  node.SCMNodeManager (SCMNodeManager.java:register(266)) - Registered Data node : eedb13b3-b566-48cc-93b5-1a70502cb151{ip: 192.168.5.189, host: trunk-nightly-20190923-extra-pvkvv-3499472557, networkLocation: /default-rack, certSerialId: null}
2019-09-23 08:26:05,144 [pool-403-thread-1] INFO  storage.RaftStorageDirectory (RaftStorageDirectory.java:tryLock(328)) - Lock on /workdir/hadoop-ozone/integration-test/target/test-dir/MiniOzoneClusterImpl-474ba54a-de8a-4486-82a8-6ac711b3de75/datanode-2/data/ratis/9cf6bd2d-15b8-4442-a23f-d0116267d68a/in_use.lock acquired by nodename 19984@trunk-nightly-20190923-extra-pvkvv-3499472557
2019-09-23 08:26:05,144 [pool-383-thread-1] INFO  storage.RaftStorageDirectory (RaftStorageDirectory.java:tryLock(328)) - Lock on /workdir/hadoop-ozone/integration-test/target/test-dir/MiniOzoneClusterImpl-474ba54a-de8a-4486-82a8-6ac711b3de75/datanode-0/data/ratis/9cf6bd2d-15b8-4442-a23f-d0116267d68a/in_use.lock acquired by nodename 19984@trunk-nightly-20190923-extra-pvkvv-3499472557
2019-09-23 08:26:05,144 [pool-393-thread-1] INFO  storage.RaftStorageDirectory (RaftStorageDirectory.java:tryLock(328)) - Lock on /workdir/hadoop-ozone/integration-test/target/test-dir/MiniOzoneClusterImpl-474ba54a-de8a-4486-82a8-6ac711b3de75/datanode-1/data/ratis/9cf6bd2d-15b8-4442-a23f-d0116267d68a/in_use.lock acquired by nodename 19984@trunk-nightly-20190923-extra-pvkvv-3499472557
2019-09-23 08:26:05,206 [pool-383-thread-1] INFO  storage.RaftStorage (RaftStorage.java:format(72)) - Storage directory /workdir/hadoop-ozone/integration-test/target/test-dir/MiniOzoneClusterImpl-474ba54a-de8a-4486-82a8-6ac711b3de75/datanode-0/data/ratis/9cf6bd2d-15b8-4442-a23f-d0116267d68a has been successfully formatted.
2019-09-23 08:26:05,206 [pool-393-thread-1] INFO  storage.RaftStorage (RaftStorage.java:format(72)) - Storage directory /workdir/hadoop-ozone/integration-test/target/test-dir/MiniOzoneClusterImpl-474ba54a-de8a-4486-82a8-6ac711b3de75/datanode-1/data/ratis/9cf6bd2d-15b8-4442-a23f-d0116267d68a has been successfully formatted.
2019-09-23 08:26:05,206 [pool-403-thread-1] INFO  storage.RaftStorage (RaftStorage.java:format(72)) - Storage directory /workdir/hadoop-ozone/integration-test/target/test-dir/MiniOzoneClusterImpl-474ba54a-de8a-4486-82a8-6ac711b3de75/datanode-2/data/ratis/9cf6bd2d-15b8-4442-a23f-d0116267d68a has been successfully formatted.
2019-09-23 08:26:05,206 [pool-383-thread-1] INFO  ratis.ContainerStateMachine (ContainerStateMachine.java:loadSnapshot(230)) - group-D0116267D68A: The snapshot info is null. Setting the last applied indexto:(t:0, i:~)
2019-09-23 08:26:05,206 [pool-393-thread-1] INFO  ratis.ContainerStateMachine (ContainerStateMachine.java:loadSnapshot(230)) - group-D0116267D68A: The snapshot info is null. Setting the last applied indexto:(t:0, i:~)
2019-09-23 08:26:05,207 [pool-403-thread-1] INFO  ratis.ContainerStateMachine (ContainerStateMachine.java:loadSnapshot(230)) - group-D0116267D68A: The snapshot info is null. Setting the last applied indexto:(t:0, i:~)
2019-09-23 08:26:05,207 [pool-383-thread-1] INFO  server.RaftServerConfigKeys (ConfUtils.java:logGet(43)) - raft.server.notification.no-leader.timeout = 120s (custom)
2019-09-23 08:26:05,207 [pool-403-thread-1] INFO  server.RaftServerConfigKeys (ConfUtils.java:logGet(43)) - raft.server.notification.no-leader.timeout = 120s (custom)
2019-09-23 08:26:05,207 [pool-393-thread-1] INFO  server.RaftServerConfigKeys (ConfUtils.java:logGet(43)) - raft.server.notification.no-leader.timeout = 120s (custom)
2019-09-23 08:26:05,207 [pool-403-thread-1] INFO  server.RaftServerConfigKeys (ConfUtils.java:logGet(43)) - raft.server.log.use.memory = false (default)
2019-09-23 08:26:05,207 [pool-383-thread-1] INFO  server.RaftServerConfigKeys (ConfUtils.java:logGet(43)) - raft.server.log.use.memory = false (default)
2019-09-23 08:26:05,207 [pool-403-thread-1] INFO  server.RaftServerConfigKeys (ConfUtils.java:logGet(43)) - raft.server.log.purge.gap = 1000000 (custom)
2019-09-23 08:26:05,207 [pool-393-thread-1] INFO  server.RaftServerConfigKeys (ConfUtils.java:logGet(43)) - raft.server.log.use.memory = false (default)
2019-09-23 08:26:05,208 [pool-403-thread-1] INFO  server.RaftServerConfigKeys (ConfUtils.java:logGet(43)) - raft.server.log.appender.buffer.byte-limit = 33554432 (custom)
2019-09-23 08:26:05,207 [pool-383-thread-1] INFO  server.RaftServerConfigKeys (ConfUtils.java:logGet(43)) - raft.server.log.purge.gap = 1000000 (custom)
2019-09-23 08:26:05,208 [pool-403-thread-1] INFO  server.RaftServerConfigKeys (ConfUtils.java:logGet(43)) - raft.server.log.segment.size.max = 1048576 (custom)
2019-09-23 08:26:05,208 [pool-393-thread-1] INFO  server.RaftServerConfigKeys (ConfUtils.java:logGet(43)) - raft.server.log.purge.gap = 1000000 (custom)
2019-09-23 08:26:05,208 [pool-403-thread-1] INFO  server.RaftServerConfigKeys (ConfUtils.java:logGet(43)) - raft.server.log.segment.cache.num.max = 2 (custom)
2019-09-23 08:26:05,208 [pool-383-thread-1] INFO  server.RaftServerConfigKeys (ConfUtils.java:logGet(43)) - raft.server.log.appender.buffer.byte-limit = 33554432 (custom)
2019-09-23 08:26:05,209 [pool-403-thread-1] INFO  segmented.SegmentedRaftLogWorker (SegmentedRaftLogWorker.java:<init>(172)) - new 14e26da3-75f1-4d23-8ebb-3215c6e848c8@group-D0116267D68A-SegmentedRaftLogWorker for RaftStorage:Storage Directory /workdir/hadoop-ozone/integration-test/target/test-dir/MiniOzoneClusterImpl-474ba54a-de8a-4486-82a8-6ac711b3de75/datanode-2/data/ratis/9cf6bd2d-15b8-4442-a23f-d0116267d68a
2019-09-23 08:26:05,208 [pool-393-thread-1] INFO  server.RaftServerConfigKeys (ConfUtils.java:logGet(43)) - raft.server.log.appender.buffer.byte-limit = 33554432 (custom)
2019-09-23 08:26:05,209 [pool-403-thread-1] INFO  server.RaftServerConfigKeys (ConfUtils.java:logGet(43)) - raft.server.log.queue.byte-limit = 2147483647 (custom)
2019-09-23 08:26:05,209 [pool-383-thread-1] INFO  server.RaftServerConfigKeys (ConfUtils.java:logGet(43)) - raft.server.log.segment.size.max = 1048576 (custom)
2019-09-23 08:26:05,209 [pool-403-thread-1] INFO  server.RaftServerConfigKeys (ConfUtils.java:logGet(43)) - raft.server.log.queue.element-limit = 1024 (custom)
2019-09-23 08:26:05,209 [pool-393-thread-1] INFO  server.RaftServerConfigKeys (ConfUtils.java:logGet(43)) - raft.server.log.segment.size.max = 1048576 (custom)
2019-09-23 08:26:05,209 [pool-403-thread-1] INFO  server.RaftServerConfigKeys (ConfUtils.java:logGet(43)) - raft.server.log.segment.size.max = 1048576 (custom)
2019-09-23 08:26:05,209 [pool-383-thread-1] INFO  server.RaftServerConfigKeys (ConfUtils.java:logGet(43)) - raft.server.log.segment.cache.num.max = 2 (custom)
2019-09-23 08:26:05,210 [pool-403-thread-1] INFO  server.RaftServerConfigKeys (ConfUtils.java:logGet(43)) - raft.server.log.preallocated.size = 16384 (custom)
2019-09-23 08:26:05,210 [pool-403-thread-1] INFO  server.RaftServerConfigKeys (ConfUtils.java:logGet(43)) - raft.server.log.write.buffer.size = 33554432 (custom)
2019-09-23 08:26:05,210 [pool-393-thread-1] INFO  server.RaftServerConfigKeys (ConfUtils.java:logGet(43)) - raft.server.log.segment.cache.num.max = 2 (custom)
2019-09-23 08:26:05,210 [pool-403-thread-1] INFO  server.RaftServerConfigKeys (ConfUtils.java:logGet(43)) - raft.server.log.force.sync.num = 128 (default)
2019-09-23 08:26:05,210 [pool-383-thread-1] INFO  segmented.SegmentedRaftLogWorker (SegmentedRaftLogWorker.java:<init>(172)) - new 723c227e-5c50-41ec-a9d2-cf06d59cd693@group-D0116267D68A-SegmentedRaftLogWorker for RaftStorage:Storage Directory /workdir/hadoop-ozone/integration-test/target/test-dir/MiniOzoneClusterImpl-474ba54a-de8a-4486-82a8-6ac711b3de75/datanode-0/data/ratis/9cf6bd2d-15b8-4442-a23f-d0116267d68a
2019-09-23 08:26:05,210 [pool-403-thread-1] INFO  server.RaftServerConfigKeys (ConfUtils.java:logGet(43)) - raft.server.log.statemachine.data.sync = true (default)
2019-09-23 08:26:05,210 [IPC Server handler 5 on 44230] INFO  net.NetworkTopology (NetworkTopologyImpl.java:add(111)) - Added a new node: /default-rack/0b4cc948-e21f-4d8f-8d77-7932595504e1
2019-09-23 08:26:05,210 [pool-393-thread-1] INFO  segmented.SegmentedRaftLogWorker (SegmentedRaftLogWorker.java:<init>(172)) - new a1f25157-3c02-4d59-8065-2068ceb750ad@group-D0116267D68A-SegmentedRaftLogWorker for RaftStorage:Storage Directory /workdir/hadoop-ozone/integration-test/target/test-dir/MiniOzoneClusterImpl-474ba54a-de8a-4486-82a8-6ac711b3de75/datanode-1/data/ratis/9cf6bd2d-15b8-4442-a23f-d0116267d68a
2019-09-23 08:26:05,211 [IPC Server handler 5 on 44230] INFO  node.SCMNodeManager (SCMNodeManager.java:register(266)) - Registered Data node : 0b4cc948-e21f-4d8f-8d77-7932595504e1{ip: 192.168.5.189, host: trunk-nightly-20190923-extra-pvkvv-3499472557, networkLocation: /default-rack, certSerialId: null}
2019-09-23 08:26:05,211 [pool-403-thread-1] INFO  server.RaftServerConfigKeys (ConfUtils.java:logGet(43)) - raft.server.log.statemachine.data.sync.timeout = 10s (default)
2019-09-23 08:26:05,211 [pool-403-thread-1] INFO  server.RaftServerConfigKeys (ConfUtils.java:logGet(43)) - raft.server.log.statemachine.data.sync.timeout.retry = -1 (default)
2019-09-23 08:26:05,211 [pool-383-thread-1] INFO  server.RaftServerConfigKeys (ConfUtils.java:logGet(43)) - raft.server.log.queue.byte-limit = 2147483647 (custom)
2019-09-23 08:26:05,211 [pool-403-thread-1] INFO  server.RaftServerConfigKeys (ConfUtils.java:logGet(43)) - raft.server.log.statemachine.data.caching.enabled = true (custom)
2019-09-23 08:26:05,211 [pool-393-thread-1] INFO  server.RaftServerConfigKeys (ConfUtils.java:logGet(43)) - raft.server.log.queue.byte-limit = 2147483647 (custom)
2019-09-23 08:26:05,212 [pool-403-thread-1] INFO  segmented.SegmentedRaftLogWorker (SegmentedRaftLogWorker.java:lambda$new$0(132)) - 14e26da3-75f1-4d23-8ebb-3215c6e848c8@group-D0116267D68A-SegmentedRaftLogWorker: flushIndex: setUnconditionally 0 -> -1
2019-09-23 08:26:05,212 [pool-383-thread-1] INFO  server.RaftServerConfigKeys (ConfUtils.java:logGet(43)) - raft.server.log.queue.element-limit = 1024 (custom)
2019-09-23 08:26:05,212 [pool-393-thread-1] INFO  server.RaftServerConfigKeys (ConfUtils.java:logGet(43)) - raft.server.log.queue.element-limit = 1024 (custom)
2019-09-23 08:26:05,212 [pool-383-thread-1] INFO  server.RaftServerConfigKeys (ConfUtils.java:logGet(43)) - raft.server.log.segment.size.max = 1048576 (custom)
2019-09-23 08:26:05,212 [pool-403-thread-1] INFO  server.RaftServerConfigKeys (ConfUtils.java:logGet(43)) - raft.server.snapshot.auto.trigger.enabled = true (custom)
2019-09-23 08:26:05,212 [pool-383-thread-1] INFO  server.RaftServerConfigKeys (ConfUtils.java:logGet(43)) - raft.server.log.preallocated.size = 16384 (custom)
2019-09-23 08:26:05,212 [pool-393-thread-1] INFO  server.RaftServerConfigKeys (ConfUtils.java:logGet(43)) - raft.server.log.segment.size.max = 1048576 (custom)
2019-09-23 08:26:05,213 [pool-383-thread-1] INFO  server.RaftServerConfigKeys (ConfUtils.java:logGet(43)) - raft.server.log.write.buffer.size = 33554432 (custom)
2019-09-23 08:26:05,213 [pool-383-thread-1] INFO  server.RaftServerConfigKeys (ConfUtils.java:logGet(43)) - raft.server.log.force.sync.num = 128 (default)
2019-09-23 08:26:05,213 [pool-403-thread-1] INFO  server.RaftServerConfigKeys (ConfUtils.java:logGet(43)) - raft.server.snapshot.auto.trigger.threshold = 10000 (custom)
2019-09-23 08:26:05,213 [pool-383-thread-1] INFO  server.RaftServerConfigKeys (ConfUtils.java:logGet(43)) - raft.server.log.statemachine.data.sync = true (default)
2019-09-23 08:26:05,213 [pool-393-thread-1] INFO  server.RaftServerConfigKeys (ConfUtils.java:logGet(43)) - raft.server.log.preallocated.size = 16384 (custom)
2019-09-23 08:26:05,213 [pool-383-thread-1] INFO  server.RaftServerConfigKeys (ConfUtils.java:logGet(43)) - raft.server.log.statemachine.data.sync.timeout = 10s (default)
2019-09-23 08:26:05,213 [pool-403-thread-1] INFO  server.RaftServerConfigKeys (ConfUtils.java:logGet(43)) - raft.server.snapshot.retention.num.files = 5 (custom)
2019-09-23 08:26:05,214 [pool-383-thread-1] INFO  server.RaftServerConfigKeys (ConfUtils.java:logGet(43)) - raft.server.log.statemachine.data.sync.timeout.retry = -1 (default)
2019-09-23 08:26:05,214 [pool-393-thread-1] INFO  server.RaftServerConfigKeys (ConfUtils.java:logGet(43)) - raft.server.log.write.buffer.size = 33554432 (custom)
2019-09-23 08:26:05,214 [pool-383-thread-1] INFO  server.RaftServerConfigKeys (ConfUtils.java:logGet(43)) - raft.server.log.statemachine.data.caching.enabled = true (custom)
2019-09-23 08:26:05,214 [pool-403-thread-1] INFO  server.RaftServerConfigKeys (ConfUtils.java:logGet(43)) - raft.server.retrycache.expirytime = 600000ms (custom)
2019-09-23 08:26:05,214 [pool-393-thread-1] INFO  server.RaftServerConfigKeys (ConfUtils.java:logGet(43)) - raft.server.log.force.sync.num = 128 (default)
2019-09-23 08:26:05,215 [pool-383-thread-1] INFO  segmented.SegmentedRaftLogWorker (SegmentedRaftLogWorker.java:lambda$new$0(132)) - 723c227e-5c50-41ec-a9d2-cf06d59cd693@group-D0116267D68A-SegmentedRaftLogWorker: flushIndex: setUnconditionally 0 -> -1
2019-09-23 08:26:05,215 [pool-393-thread-1] INFO  server.RaftServerConfigKeys (ConfUtils.java:logGet(43)) - raft.server.log.statemachine.data.sync = true (default)
2019-09-23 08:26:05,215 [pool-383-thread-1] INFO  server.RaftServerConfigKeys (ConfUtils.java:logGet(43)) - raft.server.snapshot.auto.trigger.enabled = true (custom)
2019-09-23 08:26:05,215 [pool-393-thread-1] INFO  server.RaftServerConfigKeys (ConfUtils.java:logGet(43)) - raft.server.log.statemachine.data.sync.timeout = 10s (default)
2019-09-23 08:26:05,215 [pool-383-thread-1] INFO  server.RaftServerConfigKeys (ConfUtils.java:logGet(43)) - raft.server.snapshot.auto.trigger.threshold = 10000 (custom)
2019-09-23 08:26:05,216 [pool-393-thread-1] INFO  server.RaftServerConfigKeys (ConfUtils.java:logGet(43)) - raft.server.log.statemachine.data.sync.timeout.retry = -1 (default)
2019-09-23 08:26:05,216 [pool-383-thread-1] INFO  server.RaftServerConfigKeys (ConfUtils.java:logGet(43)) - raft.server.snapshot.retention.num.files = 5 (custom)
2019-09-23 08:26:05,216 [pool-393-thread-1] INFO  server.RaftServerConfigKeys (ConfUtils.java:logGet(43)) - raft.server.log.statemachine.data.caching.enabled = true (custom)
2019-09-23 08:26:05,216 [pool-383-thread-1] INFO  server.RaftServerConfigKeys (ConfUtils.java:logGet(43)) - raft.server.retrycache.expirytime = 600000ms (custom)
2019-09-23 08:26:05,216 [pool-403-thread-1] INFO  impl.RaftServerImpl (RaftServerImpl.java:start(185)) - 14e26da3-75f1-4d23-8ebb-3215c6e848c8@group-D0116267D68A: start as a follower, conf=-1: [14e26da3-75f1-4d23-8ebb-3215c6e848c8:192.168.5.189:36406, a1f25157-3c02-4d59-8065-2068ceb750ad:192.168.5.189:38755, 723c227e-5c50-41ec-a9d2-cf06d59cd693:192.168.5.189:34841], old=null
2019-09-23 08:26:05,216 [pool-393-thread-1] INFO  segmented.SegmentedRaftLogWorker (SegmentedRaftLogWorker.java:lambda$new$0(132)) - a1f25157-3c02-4d59-8065-2068ceb750ad@group-D0116267D68A-SegmentedRaftLogWorker: flushIndex: setUnconditionally 0 -> -1
2019-09-23 08:26:05,216 [pool-403-thread-1] INFO  impl.RaftServerImpl (RaftServerImpl.java:setRole(174)) - 14e26da3-75f1-4d23-8ebb-3215c6e848c8@group-D0116267D68A: changes role from      null to FOLLOWER at term 0 for startAsFollower
2019-09-23 08:26:05,217 [pool-403-thread-1] INFO  impl.RoleInfo (RoleInfo.java:updateAndGet(143)) - 14e26da3-75f1-4d23-8ebb-3215c6e848c8: start FollowerState
2019-09-23 08:26:05,217 [pool-393-thread-1] INFO  server.RaftServerConfigKeys (ConfUtils.java:logGet(43)) - raft.server.snapshot.auto.trigger.enabled = true (custom)
2019-09-23 08:26:05,217 [pool-393-thread-1] INFO  server.RaftServerConfigKeys (ConfUtils.java:logGet(43)) - raft.server.snapshot.auto.trigger.threshold = 10000 (custom)
2019-09-23 08:26:05,217 [pool-403-thread-1] INFO  util.JmxRegister (JmxRegister.java:tryRegister(44)) - Successfully registered JMX Bean with object name Ratis:service=RaftServer,group=group-D0116267D68A,id=14e26da3-75f1-4d23-8ebb-3215c6e848c8
2019-09-23 08:26:05,217 [pool-393-thread-1] INFO  server.RaftServerConfigKeys (ConfUtils.java:logGet(43)) - raft.server.snapshot.retention.num.files = 5 (custom)
2019-09-23 08:26:05,218 [pool-393-thread-1] INFO  server.RaftServerConfigKeys (ConfUtils.java:logGet(43)) - raft.server.retrycache.expirytime = 600000ms (custom)
2019-09-23 08:26:05,218 [pool-383-thread-1] INFO  impl.RaftServerImpl (RaftServerImpl.java:start(185)) - 723c227e-5c50-41ec-a9d2-cf06d59cd693@group-D0116267D68A: start as a follower, conf=-1: [14e26da3-75f1-4d23-8ebb-3215c6e848c8:192.168.5.189:36406, a1f25157-3c02-4d59-8065-2068ceb750ad:192.168.5.189:38755, 723c227e-5c50-41ec-a9d2-cf06d59cd693:192.168.5.189:34841], old=null
2019-09-23 08:26:05,218 [pool-383-thread-1] INFO  impl.RaftServerImpl (RaftServerImpl.java:setRole(174)) - 723c227e-5c50-41ec-a9d2-cf06d59cd693@group-D0116267D68A: changes role from      null to FOLLOWER at term 0 for startAsFollower
2019-09-23 08:26:05,218 [pool-383-thread-1] INFO  impl.RoleInfo (RoleInfo.java:updateAndGet(143)) - 723c227e-5c50-41ec-a9d2-cf06d59cd693: start FollowerState
2019-09-23 08:26:05,218 [pool-383-thread-1] INFO  util.JmxRegister (JmxRegister.java:tryRegister(44)) - Successfully registered JMX Bean with object name Ratis:service=RaftServer,group=group-D0116267D68A,id=723c227e-5c50-41ec-a9d2-cf06d59cd693
2019-09-23 08:26:05,221 [pool-393-thread-1] INFO  impl.RaftServerImpl (RaftServerImpl.java:start(185)) - a1f25157-3c02-4d59-8065-2068ceb750ad@group-D0116267D68A: start as a follower, conf=-1: [14e26da3-75f1-4d23-8ebb-3215c6e848c8:192.168.5.189:36406, a1f25157-3c02-4d59-8065-2068ceb750ad:192.168.5.189:38755, 723c227e-5c50-41ec-a9d2-cf06d59cd693:192.168.5.189:34841], old=null
2019-09-23 08:26:05,221 [pool-393-thread-1] INFO  impl.RaftServerImpl (RaftServerImpl.java:setRole(174)) - a1f25157-3c02-4d59-8065-2068ceb750ad@group-D0116267D68A: changes role from      null to FOLLOWER at term 0 for startAsFollower
2019-09-23 08:26:05,221 [pool-393-thread-1] INFO  impl.RoleInfo (RoleInfo.java:updateAndGet(143)) - a1f25157-3c02-4d59-8065-2068ceb750ad: start FollowerState
2019-09-23 08:26:05,221 [pool-393-thread-1] INFO  util.JmxRegister (JmxRegister.java:tryRegister(44)) - Successfully registered JMX Bean with object name Ratis:service=RaftServer,group=group-D0116267D68A,id=a1f25157-3c02-4d59-8065-2068ceb750ad
2019-09-23 08:26:05,224 [RatisPipelineUtilsThread] INFO  pipeline.PipelineStateManager (PipelineStateManager.java:addPipeline(56)) - Created pipeline Pipeline[ Id: 9cf6bd2d-15b8-4442-a23f-d0116267d68a, Nodes: 723c227e-5c50-41ec-a9d2-cf06d59cd693{ip: 192.168.5.189, host: trunk-nightly-20190923-extra-pvkvv-3499472557, networkLocation: /default-rack, certSerialId: null}a1f25157-3c02-4d59-8065-2068ceb750ad{ip: 192.168.5.189, host: trunk-nightly-20190923-extra-pvkvv-3499472557, networkLocation: /default-rack, certSerialId: null}14e26da3-75f1-4d23-8ebb-3215c6e848c8{ip: 192.168.5.189, host: trunk-nightly-20190923-extra-pvkvv-3499472557, networkLocation: /default-rack, certSerialId: null}, Type:RATIS, Factor:THREE, State:OPEN]
2019-09-23 08:26:05,328 [IPC Server handler 3 on 44230] INFO  net.NetworkTopology (NetworkTopologyImpl.java:add(111)) - Added a new node: /default-rack/4b64ff27-3488-4b8e-bc56-49e041fa64aa
2019-09-23 08:26:05,328 [IPC Server handler 3 on 44230] INFO  node.SCMNodeManager (SCMNodeManager.java:register(266)) - Registered Data node : 4b64ff27-3488-4b8e-bc56-49e041fa64aa{ip: 192.168.5.189, host: trunk-nightly-20190923-extra-pvkvv-3499472557, networkLocation: /default-rack, certSerialId: null}
2019-09-23 08:26:05,342 [grpc-default-executor-9] INFO  impl.RaftServerProxy (RaftServerProxy.java:addNew(89)) - 4b64ff27-3488-4b8e-bc56-49e041fa64aa: addNew group-14C5A2AA7965:[4b64ff27-3488-4b8e-bc56-49e041fa64aa:192.168.5.189:40779] returns group-14C5A2AA7965:java.util.concurrent.CompletableFuture@7bee621a[Not completed]
2019-09-23 08:26:05,348 [pool-433-thread-1] INFO  impl.RaftServerImpl (RaftServerImpl.java:<init>(95)) - 4b64ff27-3488-4b8e-bc56-49e041fa64aa: new RaftServerImpl for group-14C5A2AA7965:[4b64ff27-3488-4b8e-bc56-49e041fa64aa:192.168.5.189:40779] with ContainerStateMachine:uninitialized
2019-09-23 08:26:05,348 [pool-433-thread-1] INFO  server.RaftServerConfigKeys (ConfUtils.java:logGet(43)) - raft.server.rpc.timeout.min = 5s (custom)
2019-09-23 08:26:05,348 [pool-433-thread-1] INFO  server.RaftServerConfigKeys (ConfUtils.java:logGet(43)) - raft.server.rpc.timeout.max = 5200ms (custom)
2019-09-23 08:26:05,348 [pool-433-thread-1] INFO  server.RaftServerConfigKeys (ConfUtils.java:logGet(43)) - raft.server.rpcslowness.timeout = 120s (custom)
2019-09-23 08:26:05,348 [pool-433-thread-1] INFO  server.RaftServerConfigKeys (ConfUtils.java:logGet(43)) - raft.server.sleep.deviation.threshold = 300 (default)
2019-09-23 08:26:05,348 [pool-433-thread-1] INFO  server.RaftServerConfigKeys (ConfUtils.java:logGet(43)) - raft.server.log.appender.install.snapshot.enabled = false (custom)
2019-09-23 08:26:05,348 [pool-433-thread-1] INFO  impl.RaftServerImpl (ServerState.java:<init>(103)) - 4b64ff27-3488-4b8e-bc56-49e041fa64aa@group-14C5A2AA7965: ConfigurationManager, init=-1: [4b64ff27-3488-4b8e-bc56-49e041fa64aa:192.168.5.189:40779], old=null, confs=<EMPTY_MAP>
2019-09-23 08:26:05,349 [pool-433-thread-1] INFO  server.RaftServerConfigKeys (ConfUtils.java:logGet(43)) - raft.server.storage.dir = [/workdir/hadoop-ozone/integration-test/target/test-dir/MiniOzoneClusterImpl-474ba54a-de8a-4486-82a8-6ac711b3de75/datanode-5/data/ratis] (custom)
2019-09-23 08:26:05,349 [pool-433-thread-1] INFO  storage.RaftStorageDirectory (RaftStorageDirectory.java:analyzeStorage(246)) - The storage directory /workdir/hadoop-ozone/integration-test/target/test-dir/MiniOzoneClusterImpl-474ba54a-de8a-4486-82a8-6ac711b3de75/datanode-5/data/ratis/09adf680-e4ba-4a90-af74-14c5a2aa7965 does not exist. Creating ...
2019-09-23 08:26:05,401 [main] INFO  ozone.MiniOzoneClusterImpl (MiniOzoneClusterImpl.java:lambda$waitForClusterToBeReady$0(147)) - Waiting for cluster to be ready. Got 6 of 7 DN Heartbeats.
2019-09-23 08:26:05,402 [IPC Server handler 6 on 44230] INFO  net.NetworkTopology (NetworkTopologyImpl.java:add(111)) - Added a new node: /default-rack/ea671247-8143-4fcf-8d63-ac99c7693c31
2019-09-23 08:26:05,402 [IPC Server handler 6 on 44230] INFO  node.SCMNodeManager (SCMNodeManager.java:register(266)) - Registered Data node : ea671247-8143-4fcf-8d63-ac99c7693c31{ip: 192.168.5.189, host: trunk-nightly-20190923-extra-pvkvv-3499472557, networkLocation: /default-rack, certSerialId: null}
2019-09-23 08:26:05,428 [pool-433-thread-1] INFO  storage.RaftStorageDirectory (RaftStorageDirectory.java:tryLock(328)) - Lock on /workdir/hadoop-ozone/integration-test/target/test-dir/MiniOzoneClusterImpl-474ba54a-de8a-4486-82a8-6ac711b3de75/datanode-5/data/ratis/09adf680-e4ba-4a90-af74-14c5a2aa7965/in_use.lock acquired by nodename 19984@trunk-nightly-20190923-extra-pvkvv-3499472557
2019-09-23 08:26:05,487 [pool-433-thread-1] INFO  storage.RaftStorage (RaftStorage.java:format(72)) - Storage directory /workdir/hadoop-ozone/integration-test/target/test-dir/MiniOzoneClusterImpl-474ba54a-de8a-4486-82a8-6ac711b3de75/datanode-5/data/ratis/09adf680-e4ba-4a90-af74-14c5a2aa7965 has been successfully formatted.
2019-09-23 08:26:05,487 [pool-433-thread-1] INFO  ratis.ContainerStateMachine (ContainerStateMachine.java:loadSnapshot(230)) - group-14C5A2AA7965: The snapshot info is null. Setting the last applied indexto:(t:0, i:~)
2019-09-23 08:26:05,487 [pool-433-thread-1] INFO  server.RaftServerConfigKeys (ConfUtils.java:logGet(43)) - raft.server.notification.no-leader.timeout = 120s (custom)
2019-09-23 08:26:05,487 [pool-433-thread-1] INFO  server.RaftServerConfigKeys (ConfUtils.java:logGet(43)) - raft.server.log.use.memory = false (default)
2019-09-23 08:26:05,487 [pool-433-thread-1] INFO  server.RaftServerConfigKeys (ConfUtils.java:logGet(43)) - raft.server.log.purge.gap = 1000000 (custom)
2019-09-23 08:26:05,488 [pool-433-thread-1] INFO  server.RaftServerConfigKeys (ConfUtils.java:logGet(43)) - raft.server.log.appender.buffer.byte-limit = 33554432 (custom)
2019-09-23 08:26:05,488 [pool-433-thread-1] INFO  server.RaftServerConfigKeys (ConfUtils.java:logGet(43)) - raft.server.log.segment.size.max = 1048576 (custom)
2019-09-23 08:26:05,488 [pool-433-thread-1] INFO  server.RaftServerConfigKeys (ConfUtils.java:logGet(43)) - raft.server.log.segment.cache.num.max = 2 (custom)
2019-09-23 08:26:05,488 [pool-433-thread-1] INFO  segmented.SegmentedRaftLogWorker (SegmentedRaftLogWorker.java:<init>(172)) - new 4b64ff27-3488-4b8e-bc56-49e041fa64aa@group-14C5A2AA7965-SegmentedRaftLogWorker for RaftStorage:Storage Directory /workdir/hadoop-ozone/integration-test/target/test-dir/MiniOzoneClusterImpl-474ba54a-de8a-4486-82a8-6ac711b3de75/datanode-5/data/ratis/09adf680-e4ba-4a90-af74-14c5a2aa7965
2019-09-23 08:26:05,489 [pool-433-thread-1] INFO  server.RaftServerConfigKeys (ConfUtils.java:logGet(43)) - raft.server.log.queue.byte-limit = 2147483647 (custom)
2019-09-23 08:26:05,489 [pool-433-thread-1] INFO  server.RaftServerConfigKeys (ConfUtils.java:logGet(43)) - raft.server.log.queue.element-limit = 1024 (custom)
2019-09-23 08:26:05,490 [pool-433-thread-1] INFO  server.RaftServerConfigKeys (ConfUtils.java:logGet(43)) - raft.server.log.segment.size.max = 1048576 (custom)
2019-09-23 08:26:05,490 [pool-433-thread-1] INFO  server.RaftServerConfigKeys (ConfUtils.java:logGet(43)) - raft.server.log.preallocated.size = 16384 (custom)
2019-09-23 08:26:05,490 [pool-433-thread-1] INFO  server.RaftServerConfigKeys (ConfUtils.java:logGet(43)) - raft.server.log.write.buffer.size = 33554432 (custom)
2019-09-23 08:26:05,490 [pool-433-thread-1] INFO  server.RaftServerConfigKeys (ConfUtils.java:logGet(43)) - raft.server.log.force.sync.num = 128 (default)
2019-09-23 08:26:05,490 [pool-433-thread-1] INFO  server.RaftServerConfigKeys (ConfUtils.java:logGet(43)) - raft.server.log.statemachine.data.sync = true (default)
2019-09-23 08:26:05,490 [pool-433-thread-1] INFO  server.RaftServerConfigKeys (ConfUtils.java:logGet(43)) - raft.server.log.statemachine.data.sync.timeout = 10s (default)
2019-09-23 08:26:05,490 [pool-433-thread-1] INFO  server.RaftServerConfigKeys (ConfUtils.java:logGet(43)) - raft.server.log.statemachine.data.sync.timeout.retry = -1 (default)
2019-09-23 08:26:05,490 [pool-433-thread-1] INFO  server.RaftServerConfigKeys (ConfUtils.java:logGet(43)) - raft.server.log.statemachine.data.caching.enabled = true (custom)
2019-09-23 08:26:05,491 [pool-433-thread-1] INFO  segmented.SegmentedRaftLogWorker (SegmentedRaftLogWorker.java:lambda$new$0(132)) - 4b64ff27-3488-4b8e-bc56-49e041fa64aa@group-14C5A2AA7965-SegmentedRaftLogWorker: flushIndex: setUnconditionally 0 -> -1
2019-09-23 08:26:05,491 [pool-433-thread-1] INFO  server.RaftServerConfigKeys (ConfUtils.java:logGet(43)) - raft.server.snapshot.auto.trigger.enabled = true (custom)
2019-09-23 08:26:05,491 [pool-433-thread-1] INFO  server.RaftServerConfigKeys (ConfUtils.java:logGet(43)) - raft.server.snapshot.auto.trigger.threshold = 10000 (custom)
2019-09-23 08:26:05,491 [pool-433-thread-1] INFO  server.RaftServerConfigKeys (ConfUtils.java:logGet(43)) - raft.server.snapshot.retention.num.files = 5 (custom)
2019-09-23 08:26:05,491 [pool-433-thread-1] INFO  server.RaftServerConfigKeys (ConfUtils.java:logGet(43)) - raft.server.retrycache.expirytime = 600000ms (custom)
2019-09-23 08:26:05,492 [pool-433-thread-1] INFO  impl.RaftServerImpl (RaftServerImpl.java:start(185)) - 4b64ff27-3488-4b8e-bc56-49e041fa64aa@group-14C5A2AA7965: start as a follower, conf=-1: [4b64ff27-3488-4b8e-bc56-49e041fa64aa:192.168.5.189:40779], old=null
2019-09-23 08:26:05,493 [pool-433-thread-1] INFO  impl.RaftServerImpl (RaftServerImpl.java:setRole(174)) - 4b64ff27-3488-4b8e-bc56-49e041fa64aa@group-14C5A2AA7965: changes role from      null to FOLLOWER at term 0 for startAsFollower
2019-09-23 08:26:05,493 [pool-433-thread-1] INFO  impl.RoleInfo (RoleInfo.java:updateAndGet(143)) - 4b64ff27-3488-4b8e-bc56-49e041fa64aa: start FollowerState
2019-09-23 08:26:05,493 [pool-433-thread-1] INFO  util.JmxRegister (JmxRegister.java:tryRegister(44)) - Successfully registered JMX Bean with object name Ratis:service=RaftServer,group=group-14C5A2AA7965,id=4b64ff27-3488-4b8e-bc56-49e041fa64aa
2019-09-23 08:26:05,495 [RatisPipelineUtilsThread] INFO  pipeline.PipelineStateManager (PipelineStateManager.java:addPipeline(56)) - Created pipeline Pipeline[ Id: 09adf680-e4ba-4a90-af74-14c5a2aa7965, Nodes: 4b64ff27-3488-4b8e-bc56-49e041fa64aa{ip: 192.168.5.189, host: trunk-nightly-20190923-extra-pvkvv-3499472557, networkLocation: /default-rack, certSerialId: null}, Type:RATIS, Factor:ONE, State:OPEN]
2019-09-23 08:26:05,505 [grpc-default-executor-9] INFO  impl.RaftServerProxy (RaftServerProxy.java:addNew(89)) - 0b4cc948-e21f-4d8f-8d77-7932595504e1: addNew group-C043BAA239CD:[0b4cc948-e21f-4d8f-8d77-7932595504e1:192.168.5.189:40006] returns group-C043BAA239CD:java.util.concurrent.CompletableFuture@77d6af17[Not completed]
2019-09-23 08:26:05,506 [pool-423-thread-1] INFO  impl.RaftServerImpl (RaftServerImpl.java:<init>(95)) - 0b4cc948-e21f-4d8f-8d77-7932595504e1: new RaftServerImpl for group-C043BAA239CD:[0b4cc948-e21f-4d8f-8d77-7932595504e1:192.168.5.189:40006] with ContainerStateMachine:uninitialized
2019-09-23 08:26:05,506 [pool-423-thread-1] INFO  server.RaftServerConfigKeys (ConfUtils.java:logGet(43)) - raft.server.rpc.timeout.min = 5s (custom)
2019-09-23 08:26:05,506 [pool-423-thread-1] INFO  server.RaftServerConfigKeys (ConfUtils.java:logGet(43)) - raft.server.rpc.timeout.max = 5200ms (custom)
2019-09-23 08:26:05,506 [pool-423-thread-1] INFO  server.RaftServerConfigKeys (ConfUtils.java:logGet(43)) - raft.server.rpcslowness.timeout = 120s (custom)
2019-09-23 08:26:05,506 [pool-423-thread-1] INFO  server.RaftServerConfigKeys (ConfUtils.java:logGet(43)) - raft.server.sleep.deviation.threshold = 300 (default)
2019-09-23 08:26:05,506 [pool-423-thread-1] INFO  server.RaftServerConfigKeys (ConfUtils.java:logGet(43)) - raft.server.log.appender.install.snapshot.enabled = false (custom)
2019-09-23 08:26:05,506 [pool-423-thread-1] INFO  impl.RaftServerImpl (ServerState.java:<init>(103)) - 0b4cc948-e21f-4d8f-8d77-7932595504e1@group-C043BAA239CD: ConfigurationManager, init=-1: [0b4cc948-e21f-4d8f-8d77-7932595504e1:192.168.5.189:40006], old=null, confs=<EMPTY_MAP>
2019-09-23 08:26:05,507 [pool-423-thread-1] INFO  server.RaftServerConfigKeys (ConfUtils.java:logGet(43)) - raft.server.storage.dir = [/workdir/hadoop-ozone/integration-test/target/test-dir/MiniOzoneClusterImpl-474ba54a-de8a-4486-82a8-6ac711b3de75/datanode-4/data/ratis] (custom)
2019-09-23 08:26:05,507 [pool-423-thread-1] INFO  storage.RaftStorageDirectory (RaftStorageDirectory.java:analyzeStorage(246)) - The storage directory /workdir/hadoop-ozone/integration-test/target/test-dir/MiniOzoneClusterImpl-474ba54a-de8a-4486-82a8-6ac711b3de75/datanode-4/data/ratis/2ca798ce-0716-4478-9cc1-c043baa239cd does not exist. Creating ...
2019-09-23 08:26:05,563 [pool-423-thread-1] INFO  storage.RaftStorageDirectory (RaftStorageDirectory.java:tryLock(328)) - Lock on /workdir/hadoop-ozone/integration-test/target/test-dir/MiniOzoneClusterImpl-474ba54a-de8a-4486-82a8-6ac711b3de75/datanode-4/data/ratis/2ca798ce-0716-4478-9cc1-c043baa239cd/in_use.lock acquired by nodename 19984@trunk-nightly-20190923-extra-pvkvv-3499472557
2019-09-23 08:26:05,649 [pool-423-thread-1] INFO  storage.RaftStorage (RaftStorage.java:format(72)) - Storage directory /workdir/hadoop-ozone/integration-test/target/test-dir/MiniOzoneClusterImpl-474ba54a-de8a-4486-82a8-6ac711b3de75/datanode-4/data/ratis/2ca798ce-0716-4478-9cc1-c043baa239cd has been successfully formatted.
2019-09-23 08:26:05,650 [pool-423-thread-1] INFO  ratis.ContainerStateMachine (ContainerStateMachine.java:loadSnapshot(230)) - group-C043BAA239CD: The snapshot info is null. Setting the last applied indexto:(t:0, i:~)
2019-09-23 08:26:05,650 [pool-423-thread-1] INFO  server.RaftServerConfigKeys (ConfUtils.java:logGet(43)) - raft.server.notification.no-leader.timeout = 120s (custom)
2019-09-23 08:26:05,650 [pool-423-thread-1] INFO  server.RaftServerConfigKeys (ConfUtils.java:logGet(43)) - raft.server.log.use.memory = false (default)
2019-09-23 08:26:05,650 [pool-423-thread-1] INFO  server.RaftServerConfigKeys (ConfUtils.java:logGet(43)) - raft.server.log.purge.gap = 1000000 (custom)
2019-09-23 08:26:05,650 [pool-423-thread-1] INFO  server.RaftServerConfigKeys (ConfUtils.java:logGet(43)) - raft.server.log.appender.buffer.byte-limit = 33554432 (custom)
2019-09-23 08:26:05,650 [pool-423-thread-1] INFO  server.RaftServerConfigKeys (ConfUtils.java:logGet(43)) - raft.server.log.segment.size.max = 1048576 (custom)
2019-09-23 08:26:05,650 [pool-423-thread-1] INFO  server.RaftServerConfigKeys (ConfUtils.java:logGet(43)) - raft.server.log.segment.cache.num.max = 2 (custom)
2019-09-23 08:26:05,650 [pool-423-thread-1] INFO  segmented.SegmentedRaftLogWorker (SegmentedRaftLogWorker.java:<init>(172)) - new 0b4cc948-e21f-4d8f-8d77-7932595504e1@group-C043BAA239CD-SegmentedRaftLogWorker for RaftStorage:Storage Directory /workdir/hadoop-ozone/integration-test/target/test-dir/MiniOzoneClusterImpl-474ba54a-de8a-4486-82a8-6ac711b3de75/datanode-4/data/ratis/2ca798ce-0716-4478-9cc1-c043baa239cd
2019-09-23 08:26:05,652 [pool-423-thread-1] INFO  server.RaftServerConfigKeys (ConfUtils.java:logGet(43)) - raft.server.log.queue.byte-limit = 2147483647 (custom)
2019-09-23 08:26:05,652 [pool-423-thread-1] INFO  server.RaftServerConfigKeys (ConfUtils.java:logGet(43)) - raft.server.log.queue.element-limit = 1024 (custom)
2019-09-23 08:26:05,652 [pool-423-thread-1] INFO  server.RaftServerConfigKeys (ConfUtils.java:logGet(43)) - raft.server.log.segment.size.max = 1048576 (custom)
2019-09-23 08:26:05,652 [pool-423-thread-1] INFO  server.RaftServerConfigKeys (ConfUtils.java:logGet(43)) - raft.server.log.preallocated.size = 16384 (custom)
2019-09-23 08:26:05,652 [pool-423-thread-1] INFO  server.RaftServerConfigKeys (ConfUtils.java:logGet(43)) - raft.server.log.write.buffer.size = 33554432 (custom)
2019-09-23 08:26:05,653 [pool-423-thread-1] INFO  server.RaftServerConfigKeys (ConfUtils.java:logGet(43)) - raft.server.log.force.sync.num = 128 (default)
2019-09-23 08:26:05,653 [pool-423-thread-1] INFO  server.RaftServerConfigKeys (ConfUtils.java:logGet(43)) - raft.server.log.statemachine.data.sync = true (default)
2019-09-23 08:26:05,653 [pool-423-thread-1] INFO  server.RaftServerConfigKeys (ConfUtils.java:logGet(43)) - raft.server.log.statemachine.data.sync.timeout = 10s (default)
2019-09-23 08:26:05,653 [pool-423-thread-1] INFO  server.RaftServerConfigKeys (ConfUtils.java:logGet(43)) - raft.server.log.statemachine.data.sync.timeout.retry = -1 (default)
2019-09-23 08:26:05,653 [pool-423-thread-1] INFO  server.RaftServerConfigKeys (ConfUtils.java:logGet(43)) - raft.server.log.statemachine.data.caching.enabled = true (custom)
2019-09-23 08:26:05,653 [pool-423-thread-1] INFO  segmented.SegmentedRaftLogWorker (SegmentedRaftLogWorker.java:lambda$new$0(132)) - 0b4cc948-e21f-4d8f-8d77-7932595504e1@group-C043BAA239CD-SegmentedRaftLogWorker: flushIndex: setUnconditionally 0 -> -1
2019-09-23 08:26:05,653 [pool-423-thread-1] INFO  server.RaftServerConfigKeys (ConfUtils.java:logGet(43)) - raft.server.snapshot.auto.trigger.enabled = true (custom)
2019-09-23 08:26:05,654 [pool-423-thread-1] INFO  server.RaftServerConfigKeys (ConfUtils.java:logGet(43)) - raft.server.snapshot.auto.trigger.threshold = 10000 (custom)
2019-09-23 08:26:05,654 [pool-423-thread-1] INFO  server.RaftServerConfigKeys (ConfUtils.java:logGet(43)) - raft.server.snapshot.retention.num.files = 5 (custom)
2019-09-23 08:26:05,654 [pool-423-thread-1] INFO  server.RaftServerConfigKeys (ConfUtils.java:logGet(43)) - raft.server.retrycache.expirytime = 600000ms (custom)
2019-09-23 08:26:05,655 [pool-423-thread-1] INFO  impl.RaftServerImpl (RaftServerImpl.java:start(185)) - 0b4cc948-e21f-4d8f-8d77-7932595504e1@group-C043BAA239CD: start as a follower, conf=-1: [0b4cc948-e21f-4d8f-8d77-7932595504e1:192.168.5.189:40006], old=null
2019-09-23 08:26:05,655 [pool-423-thread-1] INFO  impl.RaftServerImpl (RaftServerImpl.java:setRole(174)) - 0b4cc948-e21f-4d8f-8d77-7932595504e1@group-C043BAA239CD: changes role from      null to FOLLOWER at term 0 for startAsFollower
2019-09-23 08:26:05,656 [pool-423-thread-1] INFO  impl.RoleInfo (RoleInfo.java:updateAndGet(143)) - 0b4cc948-e21f-4d8f-8d77-7932595504e1: start FollowerState
2019-09-23 08:26:05,656 [pool-423-thread-1] INFO  util.JmxRegister (JmxRegister.java:tryRegister(44)) - Successfully registered JMX Bean with object name Ratis:service=RaftServer,group=group-C043BAA239CD,id=0b4cc948-e21f-4d8f-8d77-7932595504e1
2019-09-23 08:26:05,658 [RatisPipelineUtilsThread] INFO  pipeline.PipelineStateManager (PipelineStateManager.java:addPipeline(56)) - Created pipeline Pipeline[ Id: 2ca798ce-0716-4478-9cc1-c043baa239cd, Nodes: 0b4cc948-e21f-4d8f-8d77-7932595504e1{ip: 192.168.5.189, host: trunk-nightly-20190923-extra-pvkvv-3499472557, networkLocation: /default-rack, certSerialId: null}, Type:RATIS, Factor:ONE, State:OPEN]
2019-09-23 08:26:05,667 [grpc-default-executor-9] INFO  impl.RaftServerProxy (RaftServerProxy.java:addNew(89)) - eedb13b3-b566-48cc-93b5-1a70502cb151: addNew group-1EAB8732A621:[eedb13b3-b566-48cc-93b5-1a70502cb151:192.168.5.189:34407] returns group-1EAB8732A621:java.util.concurrent.CompletableFuture@b0f117f[Not completed]
2019-09-23 08:26:05,668 [pool-413-thread-1] INFO  impl.RaftServerImpl (RaftServerImpl.java:<init>(95)) - eedb13b3-b566-48cc-93b5-1a70502cb151: new RaftServerImpl for group-1EAB8732A621:[eedb13b3-b566-48cc-93b5-1a70502cb151:192.168.5.189:34407] with ContainerStateMachine:uninitialized
2019-09-23 08:26:05,668 [pool-413-thread-1] INFO  server.RaftServerConfigKeys (ConfUtils.java:logGet(43)) - raft.server.rpc.timeout.min = 5s (custom)
2019-09-23 08:26:05,668 [pool-413-thread-1] INFO  server.RaftServerConfigKeys (ConfUtils.java:logGet(43)) - raft.server.rpc.timeout.max = 5200ms (custom)
2019-09-23 08:26:05,669 [pool-413-thread-1] INFO  server.RaftServerConfigKeys (ConfUtils.java:logGet(43)) - raft.server.rpcslowness.timeout = 120s (custom)
2019-09-23 08:26:05,669 [pool-413-thread-1] INFO  server.RaftServerConfigKeys (ConfUtils.java:logGet(43)) - raft.server.sleep.deviation.threshold = 300 (default)
2019-09-23 08:26:05,669 [pool-413-thread-1] INFO  server.RaftServerConfigKeys (ConfUtils.java:logGet(43)) - raft.server.log.appender.install.snapshot.enabled = false (custom)
2019-09-23 08:26:05,669 [pool-413-thread-1] INFO  impl.RaftServerImpl (ServerState.java:<init>(103)) - eedb13b3-b566-48cc-93b5-1a70502cb151@group-1EAB8732A621: ConfigurationManager, init=-1: [eedb13b3-b566-48cc-93b5-1a70502cb151:192.168.5.189:34407], old=null, confs=<EMPTY_MAP>
2019-09-23 08:26:05,669 [pool-413-thread-1] INFO  server.RaftServerConfigKeys (ConfUtils.java:logGet(43)) - raft.server.storage.dir = [/workdir/hadoop-ozone/integration-test/target/test-dir/MiniOzoneClusterImpl-474ba54a-de8a-4486-82a8-6ac711b3de75/datanode-3/data/ratis] (custom)
2019-09-23 08:26:05,669 [pool-413-thread-1] INFO  storage.RaftStorageDirectory (RaftStorageDirectory.java:analyzeStorage(246)) - The storage directory /workdir/hadoop-ozone/integration-test/target/test-dir/MiniOzoneClusterImpl-474ba54a-de8a-4486-82a8-6ac711b3de75/datanode-3/data/ratis/be740630-be4b-4d4c-b026-1eab8732a621 does not exist. Creating ...
2019-09-23 08:26:05,762 [pool-413-thread-1] INFO  storage.RaftStorageDirectory (RaftStorageDirectory.java:tryLock(328)) - Lock on /workdir/hadoop-ozone/integration-test/target/test-dir/MiniOzoneClusterImpl-474ba54a-de8a-4486-82a8-6ac711b3de75/datanode-3/data/ratis/be740630-be4b-4d4c-b026-1eab8732a621/in_use.lock acquired by nodename 19984@trunk-nightly-20190923-extra-pvkvv-3499472557
2019-09-23 08:26:05,835 [pool-413-thread-1] INFO  storage.RaftStorage (RaftStorage.java:format(72)) - Storage directory /workdir/hadoop-ozone/integration-test/target/test-dir/MiniOzoneClusterImpl-474ba54a-de8a-4486-82a8-6ac711b3de75/datanode-3/data/ratis/be740630-be4b-4d4c-b026-1eab8732a621 has been successfully formatted.
2019-09-23 08:26:05,835 [pool-413-thread-1] INFO  ratis.ContainerStateMachine (ContainerStateMachine.java:loadSnapshot(230)) - group-1EAB8732A621: The snapshot info is null. Setting the last applied indexto:(t:0, i:~)
2019-09-23 08:26:05,836 [pool-413-thread-1] INFO  server.RaftServerConfigKeys (ConfUtils.java:logGet(43)) - raft.server.notification.no-leader.timeout = 120s (custom)
2019-09-23 08:26:05,836 [pool-413-thread-1] INFO  server.RaftServerConfigKeys (ConfUtils.java:logGet(43)) - raft.server.log.use.memory = false (default)
2019-09-23 08:26:05,836 [pool-413-thread-1] INFO  server.RaftServerConfigKeys (ConfUtils.java:logGet(43)) - raft.server.log.purge.gap = 1000000 (custom)
2019-09-23 08:26:05,836 [pool-413-thread-1] INFO  server.RaftServerConfigKeys (ConfUtils.java:logGet(43)) - raft.server.log.appender.buffer.byte-limit = 33554432 (custom)
2019-09-23 08:26:05,836 [pool-413-thread-1] INFO  server.RaftServerConfigKeys (ConfUtils.java:logGet(43)) - raft.server.log.segment.size.max = 1048576 (custom)
2019-09-23 08:26:05,836 [pool-413-thread-1] INFO  server.RaftServerConfigKeys (ConfUtils.java:logGet(43)) - raft.server.log.segment.cache.num.max = 2 (custom)
2019-09-23 08:26:05,837 [pool-413-thread-1] INFO  segmented.SegmentedRaftLogWorker (SegmentedRaftLogWorker.java:<init>(172)) - new eedb13b3-b566-48cc-93b5-1a70502cb151@group-1EAB8732A621-SegmentedRaftLogWorker for RaftStorage:Storage Directory /workdir/hadoop-ozone/integration-test/target/test-dir/MiniOzoneClusterImpl-474ba54a-de8a-4486-82a8-6ac711b3de75/datanode-3/data/ratis/be740630-be4b-4d4c-b026-1eab8732a621
2019-09-23 08:26:05,839 [pool-413-thread-1] INFO  server.RaftServerConfigKeys (ConfUtils.java:logGet(43)) - raft.server.log.queue.byte-limit = 2147483647 (custom)
2019-09-23 08:26:05,839 [pool-413-thread-1] INFO  server.RaftServerConfigKeys (ConfUtils.java:logGet(43)) - raft.server.log.queue.element-limit = 1024 (custom)
2019-09-23 08:26:05,839 [pool-413-thread-1] INFO  server.RaftServerConfigKeys (ConfUtils.java:logGet(43)) - raft.server.log.segment.size.max = 1048576 (custom)
2019-09-23 08:26:05,839 [pool-413-thread-1] INFO  server.RaftServerConfigKeys (ConfUtils.java:logGet(43)) - raft.server.log.preallocated.size = 16384 (custom)
2019-09-23 08:26:05,840 [pool-413-thread-1] INFO  server.RaftServerConfigKeys (ConfUtils.java:logGet(43)) - raft.server.log.write.buffer.size = 33554432 (custom)
2019-09-23 08:26:05,840 [pool-413-thread-1] INFO  server.RaftServerConfigKeys (ConfUtils.java:logGet(43)) - raft.server.log.force.sync.num = 128 (default)
2019-09-23 08:26:05,840 [pool-413-thread-1] INFO  server.RaftServerConfigKeys (ConfUtils.java:logGet(43)) - raft.server.log.statemachine.data.sync = true (default)
2019-09-23 08:26:05,840 [pool-413-thread-1] INFO  server.RaftServerConfigKeys (ConfUtils.java:logGet(43)) - raft.server.log.statemachine.data.sync.timeout = 10s (default)
2019-09-23 08:26:05,840 [pool-413-thread-1] INFO  server.RaftServerConfigKeys (ConfUtils.java:logGet(43)) - raft.server.log.statemachine.data.sync.timeout.retry = -1 (default)
2019-09-23 08:26:05,840 [pool-413-thread-1] INFO  server.RaftServerConfigKeys (ConfUtils.java:logGet(43)) - raft.server.log.statemachine.data.caching.enabled = true (custom)
2019-09-23 08:26:05,841 [pool-413-thread-1] INFO  segmented.SegmentedRaftLogWorker (SegmentedRaftLogWorker.java:lambda$new$0(132)) - eedb13b3-b566-48cc-93b5-1a70502cb151@group-1EAB8732A621-SegmentedRaftLogWorker: flushIndex: setUnconditionally 0 -> -1
2019-09-23 08:26:05,841 [pool-413-thread-1] INFO  server.RaftServerConfigKeys (ConfUtils.java:logGet(43)) - raft.server.snapshot.auto.trigger.enabled = true (custom)
2019-09-23 08:26:05,841 [pool-413-thread-1] INFO  server.RaftServerConfigKeys (ConfUtils.java:logGet(43)) - raft.server.snapshot.auto.trigger.threshold = 10000 (custom)
2019-09-23 08:26:05,841 [pool-413-thread-1] INFO  server.RaftServerConfigKeys (ConfUtils.java:logGet(43)) - raft.server.snapshot.retention.num.files = 5 (custom)
2019-09-23 08:26:05,841 [pool-413-thread-1] INFO  server.RaftServerConfigKeys (ConfUtils.java:logGet(43)) - raft.server.retrycache.expirytime = 600000ms (custom)
2019-09-23 08:26:05,843 [pool-413-thread-1] INFO  impl.RaftServerImpl (RaftServerImpl.java:start(185)) - eedb13b3-b566-48cc-93b5-1a70502cb151@group-1EAB8732A621: start as a follower, conf=-1: [eedb13b3-b566-48cc-93b5-1a70502cb151:192.168.5.189:34407], old=null
2019-09-23 08:26:05,843 [pool-413-thread-1] INFO  impl.RaftServerImpl (RaftServerImpl.java:setRole(174)) - eedb13b3-b566-48cc-93b5-1a70502cb151@group-1EAB8732A621: changes role from      null to FOLLOWER at term 0 for startAsFollower
2019-09-23 08:26:05,844 [pool-413-thread-1] INFO  impl.RoleInfo (RoleInfo.java:updateAndGet(143)) - eedb13b3-b566-48cc-93b5-1a70502cb151: start FollowerState
2019-09-23 08:26:05,844 [pool-413-thread-1] INFO  util.JmxRegister (JmxRegister.java:tryRegister(44)) - Successfully registered JMX Bean with object name Ratis:service=RaftServer,group=group-1EAB8732A621,id=eedb13b3-b566-48cc-93b5-1a70502cb151
2019-09-23 08:26:05,847 [RatisPipelineUtilsThread] INFO  pipeline.PipelineStateManager (PipelineStateManager.java:addPipeline(56)) - Created pipeline Pipeline[ Id: be740630-be4b-4d4c-b026-1eab8732a621, Nodes: eedb13b3-b566-48cc-93b5-1a70502cb151{ip: 192.168.5.189, host: trunk-nightly-20190923-extra-pvkvv-3499472557, networkLocation: /default-rack, certSerialId: null}, Type:RATIS, Factor:ONE, State:OPEN]
2019-09-23 08:26:05,859 [grpc-default-executor-9] INFO  impl.RaftServerProxy (RaftServerProxy.java:addNew(89)) - ea671247-8143-4fcf-8d63-ac99c7693c31: addNew group-C2E40AAB454D:[ea671247-8143-4fcf-8d63-ac99c7693c31:192.168.5.189:38373] returns group-C2E40AAB454D:java.util.concurrent.CompletableFuture@2f329b0a[Not completed]
2019-09-23 08:26:05,860 [pool-443-thread-1] INFO  impl.RaftServerImpl (RaftServerImpl.java:<init>(95)) - ea671247-8143-4fcf-8d63-ac99c7693c31: new RaftServerImpl for group-C2E40AAB454D:[ea671247-8143-4fcf-8d63-ac99c7693c31:192.168.5.189:38373] with ContainerStateMachine:uninitialized
2019-09-23 08:26:05,860 [pool-443-thread-1] INFO  server.RaftServerConfigKeys (ConfUtils.java:logGet(43)) - raft.server.rpc.timeout.min = 5s (custom)
2019-09-23 08:26:05,860 [pool-443-thread-1] INFO  server.RaftServerConfigKeys (ConfUtils.java:logGet(43)) - raft.server.rpc.timeout.max = 5200ms (custom)
2019-09-23 08:26:05,860 [pool-443-thread-1] INFO  server.RaftServerConfigKeys (ConfUtils.java:logGet(43)) - raft.server.rpcslowness.timeout = 120s (custom)
2019-09-23 08:26:05,861 [pool-443-thread-1] INFO  server.RaftServerConfigKeys (ConfUtils.java:logGet(43)) - raft.server.sleep.deviation.threshold = 300 (default)
2019-09-23 08:26:05,861 [pool-443-thread-1] INFO  server.RaftServerConfigKeys (ConfUtils.java:logGet(43)) - raft.server.log.appender.install.snapshot.enabled = false (custom)
2019-09-23 08:26:05,861 [pool-443-thread-1] INFO  impl.RaftServerImpl (ServerState.java:<init>(103)) - ea671247-8143-4fcf-8d63-ac99c7693c31@group-C2E40AAB454D: ConfigurationManager, init=-1: [ea671247-8143-4fcf-8d63-ac99c7693c31:192.168.5.189:38373], old=null, confs=<EMPTY_MAP>
2019-09-23 08:26:05,861 [pool-443-thread-1] INFO  server.RaftServerConfigKeys (ConfUtils.java:logGet(43)) - raft.server.storage.dir = [/workdir/hadoop-ozone/integration-test/target/test-dir/MiniOzoneClusterImpl-474ba54a-de8a-4486-82a8-6ac711b3de75/datanode-6/data/ratis] (custom)
2019-09-23 08:26:05,861 [pool-443-thread-1] INFO  storage.RaftStorageDirectory (RaftStorageDirectory.java:analyzeStorage(246)) - The storage directory /workdir/hadoop-ozone/integration-test/target/test-dir/MiniOzoneClusterImpl-474ba54a-de8a-4486-82a8-6ac711b3de75/datanode-6/data/ratis/fa3b36fa-0ee5-4ee7-8dc6-c2e40aab454d does not exist. Creating ...
2019-09-23 08:26:05,920 [pool-443-thread-1] INFO  storage.RaftStorageDirectory (RaftStorageDirectory.java:tryLock(328)) - Lock on /workdir/hadoop-ozone/integration-test/target/test-dir/MiniOzoneClusterImpl-474ba54a-de8a-4486-82a8-6ac711b3de75/datanode-6/data/ratis/fa3b36fa-0ee5-4ee7-8dc6-c2e40aab454d/in_use.lock acquired by nodename 19984@trunk-nightly-20190923-extra-pvkvv-3499472557
2019-09-23 08:26:06,000 [pool-443-thread-1] INFO  storage.RaftStorage (RaftStorage.java:format(72)) - Storage directory /workdir/hadoop-ozone/integration-test/target/test-dir/MiniOzoneClusterImpl-474ba54a-de8a-4486-82a8-6ac711b3de75/datanode-6/data/ratis/fa3b36fa-0ee5-4ee7-8dc6-c2e40aab454d has been successfully formatted.
2019-09-23 08:26:06,000 [pool-443-thread-1] INFO  ratis.ContainerStateMachine (ContainerStateMachine.java:loadSnapshot(230)) - group-C2E40AAB454D: The snapshot info is null. Setting the last applied indexto:(t:0, i:~)
2019-09-23 08:26:06,001 [pool-443-thread-1] INFO  server.RaftServerConfigKeys (ConfUtils.java:logGet(43)) - raft.server.notification.no-leader.timeout = 120s (custom)
2019-09-23 08:26:06,001 [pool-443-thread-1] INFO  server.RaftServerConfigKeys (ConfUtils.java:logGet(43)) - raft.server.log.use.memory = false (default)
2019-09-23 08:26:06,001 [pool-443-thread-1] INFO  server.RaftServerConfigKeys (ConfUtils.java:logGet(43)) - raft.server.log.purge.gap = 1000000 (custom)
2019-09-23 08:26:06,001 [pool-443-thread-1] INFO  server.RaftServerConfigKeys (ConfUtils.java:logGet(43)) - raft.server.log.appender.buffer.byte-limit = 33554432 (custom)
2019-09-23 08:26:06,001 [pool-443-thread-1] INFO  server.RaftServerConfigKeys (ConfUtils.java:logGet(43)) - raft.server.log.segment.size.max = 1048576 (custom)
2019-09-23 08:26:06,001 [pool-443-thread-1] INFO  server.RaftServerConfigKeys (ConfUtils.java:logGet(43)) - raft.server.log.segment.cache.num.max = 2 (custom)
2019-09-23 08:26:06,002 [pool-443-thread-1] INFO  segmented.SegmentedRaftLogWorker (SegmentedRaftLogWorker.java:<init>(172)) - new ea671247-8143-4fcf-8d63-ac99c7693c31@group-C2E40AAB454D-SegmentedRaftLogWorker for RaftStorage:Storage Directory /workdir/hadoop-ozone/integration-test/target/test-dir/MiniOzoneClusterImpl-474ba54a-de8a-4486-82a8-6ac711b3de75/datanode-6/data/ratis/fa3b36fa-0ee5-4ee7-8dc6-c2e40aab454d
2019-09-23 08:26:06,004 [pool-443-thread-1] INFO  server.RaftServerConfigKeys (ConfUtils.java:logGet(43)) - raft.server.log.queue.byte-limit = 2147483647 (custom)
2019-09-23 08:26:06,004 [pool-443-thread-1] INFO  server.RaftServerConfigKeys (ConfUtils.java:logGet(43)) - raft.server.log.queue.element-limit = 1024 (custom)
2019-09-23 08:26:06,004 [pool-443-thread-1] INFO  server.RaftServerConfigKeys (ConfUtils.java:logGet(43)) - raft.server.log.segment.size.max = 1048576 (custom)
2019-09-23 08:26:06,004 [pool-443-thread-1] INFO  server.RaftServerConfigKeys (ConfUtils.java:logGet(43)) - raft.server.log.preallocated.size = 16384 (custom)
2019-09-23 08:26:06,004 [pool-443-thread-1] INFO  server.RaftServerConfigKeys (ConfUtils.java:logGet(43)) - raft.server.log.write.buffer.size = 33554432 (custom)
2019-09-23 08:26:06,004 [pool-443-thread-1] INFO  server.RaftServerConfigKeys (ConfUtils.java:logGet(43)) - raft.server.log.force.sync.num = 128 (default)
2019-09-23 08:26:06,005 [pool-443-thread-1] INFO  server.RaftServerConfigKeys (ConfUtils.java:logGet(43)) - raft.server.log.statemachine.data.sync = true (default)
2019-09-23 08:26:06,005 [pool-443-thread-1] INFO  server.RaftServerConfigKeys (ConfUtils.java:logGet(43)) - raft.server.log.statemachine.data.sync.timeout = 10s (default)
2019-09-23 08:26:06,005 [pool-443-thread-1] INFO  server.RaftServerConfigKeys (ConfUtils.java:logGet(43)) - raft.server.log.statemachine.data.sync.timeout.retry = -1 (default)
2019-09-23 08:26:06,005 [pool-443-thread-1] INFO  server.RaftServerConfigKeys (ConfUtils.java:logGet(43)) - raft.server.log.statemachine.data.caching.enabled = true (custom)
2019-09-23 08:26:06,006 [pool-443-thread-1] INFO  segmented.SegmentedRaftLogWorker (SegmentedRaftLogWorker.java:lambda$new$0(132)) - ea671247-8143-4fcf-8d63-ac99c7693c31@group-C2E40AAB454D-SegmentedRaftLogWorker: flushIndex: setUnconditionally 0 -> -1
2019-09-23 08:26:06,006 [pool-443-thread-1] INFO  server.RaftServerConfigKeys (ConfUtils.java:logGet(43)) - raft.server.snapshot.auto.trigger.enabled = true (custom)
2019-09-23 08:26:06,006 [pool-443-thread-1] INFO  server.RaftServerConfigKeys (ConfUtils.java:logGet(43)) - raft.server.snapshot.auto.trigger.threshold = 10000 (custom)
2019-09-23 08:26:06,006 [pool-443-thread-1] INFO  server.RaftServerConfigKeys (ConfUtils.java:logGet(43)) - raft.server.snapshot.retention.num.files = 5 (custom)
2019-09-23 08:26:06,006 [pool-443-thread-1] INFO  server.RaftServerConfigKeys (ConfUtils.java:logGet(43)) - raft.server.retrycache.expirytime = 600000ms (custom)
2019-09-23 08:26:06,008 [pool-443-thread-1] INFO  impl.RaftServerImpl (RaftServerImpl.java:start(185)) - ea671247-8143-4fcf-8d63-ac99c7693c31@group-C2E40AAB454D: start as a follower, conf=-1: [ea671247-8143-4fcf-8d63-ac99c7693c31:192.168.5.189:38373], old=null
2019-09-23 08:26:06,008 [pool-443-thread-1] INFO  impl.RaftServerImpl (RaftServerImpl.java:setRole(174)) - ea671247-8143-4fcf-8d63-ac99c7693c31@group-C2E40AAB454D: changes role from      null to FOLLOWER at term 0 for startAsFollower
2019-09-23 08:26:06,009 [pool-443-thread-1] INFO  impl.RoleInfo (RoleInfo.java:updateAndGet(143)) - ea671247-8143-4fcf-8d63-ac99c7693c31: start FollowerState
2019-09-23 08:26:06,009 [pool-443-thread-1] INFO  util.JmxRegister (JmxRegister.java:tryRegister(44)) - Successfully registered JMX Bean with object name Ratis:service=RaftServer,group=group-C2E40AAB454D,id=ea671247-8143-4fcf-8d63-ac99c7693c31
2019-09-23 08:26:06,012 [RatisPipelineUtilsThread] INFO  pipeline.PipelineStateManager (PipelineStateManager.java:addPipeline(56)) - Created pipeline Pipeline[ Id: fa3b36fa-0ee5-4ee7-8dc6-c2e40aab454d, Nodes: ea671247-8143-4fcf-8d63-ac99c7693c31{ip: 192.168.5.189, host: trunk-nightly-20190923-extra-pvkvv-3499472557, networkLocation: /default-rack, certSerialId: null}, Type:RATIS, Factor:ONE, State:OPEN]
2019-09-23 08:26:06,030 [grpc-default-executor-9] INFO  impl.RaftServerProxy (RaftServerProxy.java:addNew(89)) - eedb13b3-b566-48cc-93b5-1a70502cb151: addNew group-51B03CBD9250:[eedb13b3-b566-48cc-93b5-1a70502cb151:192.168.5.189:34407, 0b4cc948-e21f-4d8f-8d77-7932595504e1:192.168.5.189:40006, 4b64ff27-3488-4b8e-bc56-49e041fa64aa:192.168.5.189:40779] returns group-51B03CBD9250:java.util.concurrent.CompletableFuture@30ae08af[Not completed]
2019-09-23 08:26:06,030 [grpc-default-executor-7] INFO  impl.RaftServerProxy (RaftServerProxy.java:addNew(89)) - 4b64ff27-3488-4b8e-bc56-49e041fa64aa: addNew group-51B03CBD9250:[eedb13b3-b566-48cc-93b5-1a70502cb151:192.168.5.189:34407, 0b4cc948-e21f-4d8f-8d77-7932595504e1:192.168.5.189:40006, 4b64ff27-3488-4b8e-bc56-49e041fa64aa:192.168.5.189:40779] returns group-51B03CBD9250:java.util.concurrent.CompletableFuture@460252d2[Not completed]
2019-09-23 08:26:06,031 [grpc-default-executor-9] INFO  impl.RaftServerProxy (RaftServerProxy.java:addNew(89)) - 0b4cc948-e21f-4d8f-8d77-7932595504e1: addNew group-51B03CBD9250:[eedb13b3-b566-48cc-93b5-1a70502cb151:192.168.5.189:34407, 0b4cc948-e21f-4d8f-8d77-7932595504e1:192.168.5.189:40006, 4b64ff27-3488-4b8e-bc56-49e041fa64aa:192.168.5.189:40779] returns group-51B03CBD9250:java.util.concurrent.CompletableFuture@bff2f7b[Not completed]
2019-09-23 08:26:06,031 [pool-413-thread-1] INFO  impl.RaftServerImpl (RaftServerImpl.java:<init>(95)) - eedb13b3-b566-48cc-93b5-1a70502cb151: new RaftServerImpl for group-51B03CBD9250:[eedb13b3-b566-48cc-93b5-1a70502cb151:192.168.5.189:34407, 0b4cc948-e21f-4d8f-8d77-7932595504e1:192.168.5.189:40006, 4b64ff27-3488-4b8e-bc56-49e041fa64aa:192.168.5.189:40779] with ContainerStateMachine:uninitialized
2019-09-23 08:26:06,032 [pool-413-thread-1] INFO  server.RaftServerConfigKeys (ConfUtils.java:logGet(43)) - raft.server.rpc.timeout.min = 5s (custom)
2019-09-23 08:26:06,032 [pool-413-thread-1] INFO  server.RaftServerConfigKeys (ConfUtils.java:logGet(43)) - raft.server.rpc.timeout.max = 5200ms (custom)
2019-09-23 08:26:06,032 [pool-413-thread-1] INFO  server.RaftServerConfigKeys (ConfUtils.java:logGet(43)) - raft.server.rpcslowness.timeout = 120s (custom)
2019-09-23 08:26:06,032 [pool-423-thread-1] INFO  impl.RaftServerImpl (RaftServerImpl.java:<init>(95)) - 0b4cc948-e21f-4d8f-8d77-7932595504e1: new RaftServerImpl for group-51B03CBD9250:[eedb13b3-b566-48cc-93b5-1a70502cb151:192.168.5.189:34407, 0b4cc948-e21f-4d8f-8d77-7932595504e1:192.168.5.189:40006, 4b64ff27-3488-4b8e-bc56-49e041fa64aa:192.168.5.189:40779] with ContainerStateMachine:uninitialized
2019-09-23 08:26:06,032 [pool-413-thread-1] INFO  server.RaftServerConfigKeys (ConfUtils.java:logGet(43)) - raft.server.sleep.deviation.threshold = 300 (default)
2019-09-23 08:26:06,032 [pool-423-thread-1] INFO  server.RaftServerConfigKeys (ConfUtils.java:logGet(43)) - raft.server.rpc.timeout.min = 5s (custom)
2019-09-23 08:26:06,032 [pool-413-thread-1] INFO  server.RaftServerConfigKeys (ConfUtils.java:logGet(43)) - raft.server.log.appender.install.snapshot.enabled = false (custom)
2019-09-23 08:26:06,032 [pool-433-thread-1] INFO  impl.RaftServerImpl (RaftServerImpl.java:<init>(95)) - 4b64ff27-3488-4b8e-bc56-49e041fa64aa: new RaftServerImpl for group-51B03CBD9250:[eedb13b3-b566-48cc-93b5-1a70502cb151:192.168.5.189:34407, 0b4cc948-e21f-4d8f-8d77-7932595504e1:192.168.5.189:40006, 4b64ff27-3488-4b8e-bc56-49e041fa64aa:192.168.5.189:40779] with ContainerStateMachine:uninitialized
2019-09-23 08:26:06,032 [pool-423-thread-1] INFO  server.RaftServerConfigKeys (ConfUtils.java:logGet(43)) - raft.server.rpc.timeout.max = 5200ms (custom)
2019-09-23 08:26:06,033 [pool-433-thread-1] INFO  server.RaftServerConfigKeys (ConfUtils.java:logGet(43)) - raft.server.rpc.timeout.min = 5s (custom)
2019-09-23 08:26:06,032 [pool-413-thread-1] INFO  impl.RaftServerImpl (ServerState.java:<init>(103)) - eedb13b3-b566-48cc-93b5-1a70502cb151@group-51B03CBD9250: ConfigurationManager, init=-1: [eedb13b3-b566-48cc-93b5-1a70502cb151:192.168.5.189:34407, 0b4cc948-e21f-4d8f-8d77-7932595504e1:192.168.5.189:40006, 4b64ff27-3488-4b8e-bc56-49e041fa64aa:192.168.5.189:40779], old=null, confs=<EMPTY_MAP>
2019-09-23 08:26:06,033 [pool-433-thread-1] INFO  server.RaftServerConfigKeys (ConfUtils.java:logGet(43)) - raft.server.rpc.timeout.max = 5200ms (custom)
2019-09-23 08:26:06,033 [pool-423-thread-1] INFO  server.RaftServerConfigKeys (ConfUtils.java:logGet(43)) - raft.server.rpcslowness.timeout = 120s (custom)
2019-09-23 08:26:06,033 [pool-433-thread-1] INFO  server.RaftServerConfigKeys (ConfUtils.java:logGet(43)) - raft.server.rpcslowness.timeout = 120s (custom)
2019-09-23 08:26:06,033 [pool-413-thread-1] INFO  server.RaftServerConfigKeys (ConfUtils.java:logGet(43)) - raft.server.storage.dir = [/workdir/hadoop-ozone/integration-test/target/test-dir/MiniOzoneClusterImpl-474ba54a-de8a-4486-82a8-6ac711b3de75/datanode-3/data/ratis] (custom)
2019-09-23 08:26:06,033 [pool-433-thread-1] INFO  server.RaftServerConfigKeys (ConfUtils.java:logGet(43)) - raft.server.sleep.deviation.threshold = 300 (default)
2019-09-23 08:26:06,033 [pool-423-thread-1] INFO  server.RaftServerConfigKeys (ConfUtils.java:logGet(43)) - raft.server.sleep.deviation.threshold = 300 (default)
2019-09-23 08:26:06,034 [pool-433-thread-1] INFO  server.RaftServerConfigKeys (ConfUtils.java:logGet(43)) - raft.server.log.appender.install.snapshot.enabled = false (custom)
2019-09-23 08:26:06,034 [pool-413-thread-1] INFO  storage.RaftStorageDirectory (RaftStorageDirectory.java:analyzeStorage(246)) - The storage directory /workdir/hadoop-ozone/integration-test/target/test-dir/MiniOzoneClusterImpl-474ba54a-de8a-4486-82a8-6ac711b3de75/datanode-3/data/ratis/2a7c2741-7b2c-4137-94ac-51b03cbd9250 does not exist. Creating ...
2019-09-23 08:26:06,034 [pool-423-thread-1] INFO  server.RaftServerConfigKeys (ConfUtils.java:logGet(43)) - raft.server.log.appender.install.snapshot.enabled = false (custom)
2019-09-23 08:26:06,034 [pool-433-thread-1] INFO  impl.RaftServerImpl (ServerState.java:<init>(103)) - 4b64ff27-3488-4b8e-bc56-49e041fa64aa@group-51B03CBD9250: ConfigurationManager, init=-1: [eedb13b3-b566-48cc-93b5-1a70502cb151:192.168.5.189:34407, 0b4cc948-e21f-4d8f-8d77-7932595504e1:192.168.5.189:40006, 4b64ff27-3488-4b8e-bc56-49e041fa64aa:192.168.5.189:40779], old=null, confs=<EMPTY_MAP>
2019-09-23 08:26:06,034 [pool-423-thread-1] INFO  impl.RaftServerImpl (ServerState.java:<init>(103)) - 0b4cc948-e21f-4d8f-8d77-7932595504e1@group-51B03CBD9250: ConfigurationManager, init=-1: [eedb13b3-b566-48cc-93b5-1a70502cb151:192.168.5.189:34407, 0b4cc948-e21f-4d8f-8d77-7932595504e1:192.168.5.189:40006, 4b64ff27-3488-4b8e-bc56-49e041fa64aa:192.168.5.189:40779], old=null, confs=<EMPTY_MAP>
2019-09-23 08:26:06,034 [pool-433-thread-1] INFO  server.RaftServerConfigKeys (ConfUtils.java:logGet(43)) - raft.server.storage.dir = [/workdir/hadoop-ozone/integration-test/target/test-dir/MiniOzoneClusterImpl-474ba54a-de8a-4486-82a8-6ac711b3de75/datanode-5/data/ratis] (custom)
2019-09-23 08:26:06,034 [pool-423-thread-1] INFO  server.RaftServerConfigKeys (ConfUtils.java:logGet(43)) - raft.server.storage.dir = [/workdir/hadoop-ozone/integration-test/target/test-dir/MiniOzoneClusterImpl-474ba54a-de8a-4486-82a8-6ac711b3de75/datanode-4/data/ratis] (custom)
2019-09-23 08:26:06,034 [pool-433-thread-1] INFO  storage.RaftStorageDirectory (RaftStorageDirectory.java:analyzeStorage(246)) - The storage directory /workdir/hadoop-ozone/integration-test/target/test-dir/MiniOzoneClusterImpl-474ba54a-de8a-4486-82a8-6ac711b3de75/datanode-5/data/ratis/2a7c2741-7b2c-4137-94ac-51b03cbd9250 does not exist. Creating ...
2019-09-23 08:26:06,035 [pool-423-thread-1] INFO  storage.RaftStorageDirectory (RaftStorageDirectory.java:analyzeStorage(246)) - The storage directory /workdir/hadoop-ozone/integration-test/target/test-dir/MiniOzoneClusterImpl-474ba54a-de8a-4486-82a8-6ac711b3de75/datanode-4/data/ratis/2a7c2741-7b2c-4137-94ac-51b03cbd9250 does not exist. Creating ...
2019-09-23 08:26:06,070 [pool-423-thread-1] INFO  storage.RaftStorageDirectory (RaftStorageDirectory.java:tryLock(328)) - Lock on /workdir/hadoop-ozone/integration-test/target/test-dir/MiniOzoneClusterImpl-474ba54a-de8a-4486-82a8-6ac711b3de75/datanode-4/data/ratis/2a7c2741-7b2c-4137-94ac-51b03cbd9250/in_use.lock acquired by nodename 19984@trunk-nightly-20190923-extra-pvkvv-3499472557
2019-09-23 08:26:06,070 [pool-413-thread-1] INFO  storage.RaftStorageDirectory (RaftStorageDirectory.java:tryLock(328)) - Lock on /workdir/hadoop-ozone/integration-test/target/test-dir/MiniOzoneClusterImpl-474ba54a-de8a-4486-82a8-6ac711b3de75/datanode-3/data/ratis/2a7c2741-7b2c-4137-94ac-51b03cbd9250/in_use.lock acquired by nodename 19984@trunk-nightly-20190923-extra-pvkvv-3499472557
2019-09-23 08:26:06,070 [pool-433-thread-1] INFO  storage.RaftStorageDirectory (RaftStorageDirectory.java:tryLock(328)) - Lock on /workdir/hadoop-ozone/integration-test/target/test-dir/MiniOzoneClusterImpl-474ba54a-de8a-4486-82a8-6ac711b3de75/datanode-5/data/ratis/2a7c2741-7b2c-4137-94ac-51b03cbd9250/in_use.lock acquired by nodename 19984@trunk-nightly-20190923-extra-pvkvv-3499472557
2019-09-23 08:26:06,097 [pool-433-thread-1] INFO  storage.RaftStorage (RaftStorage.java:format(72)) - Storage directory /workdir/hadoop-ozone/integration-test/target/test-dir/MiniOzoneClusterImpl-474ba54a-de8a-4486-82a8-6ac711b3de75/datanode-5/data/ratis/2a7c2741-7b2c-4137-94ac-51b03cbd9250 has been successfully formatted.
2019-09-23 08:26:06,097 [pool-413-thread-1] INFO  storage.RaftStorage (RaftStorage.java:format(72)) - Storage directory /workdir/hadoop-ozone/integration-test/target/test-dir/MiniOzoneClusterImpl-474ba54a-de8a-4486-82a8-6ac711b3de75/datanode-3/data/ratis/2a7c2741-7b2c-4137-94ac-51b03cbd9250 has been successfully formatted.
2019-09-23 08:26:06,097 [pool-423-thread-1] INFO  storage.RaftStorage (RaftStorage.java:format(72)) - Storage directory /workdir/hadoop-ozone/integration-test/target/test-dir/MiniOzoneClusterImpl-474ba54a-de8a-4486-82a8-6ac711b3de75/datanode-4/data/ratis/2a7c2741-7b2c-4137-94ac-51b03cbd9250 has been successfully formatted.
2019-09-23 08:26:06,097 [pool-413-thread-1] INFO  ratis.ContainerStateMachine (ContainerStateMachine.java:loadSnapshot(230)) - group-51B03CBD9250: The snapshot info is null. Setting the last applied indexto:(t:0, i:~)
2019-09-23 08:26:06,097 [pool-433-thread-1] INFO  ratis.ContainerStateMachine (ContainerStateMachine.java:loadSnapshot(230)) - group-51B03CBD9250: The snapshot info is null. Setting the last applied indexto:(t:0, i:~)
2019-09-23 08:26:06,098 [pool-413-thread-1] INFO  server.RaftServerConfigKeys (ConfUtils.java:logGet(43)) - raft.server.notification.no-leader.timeout = 120s (custom)
2019-09-23 08:26:06,098 [pool-423-thread-1] INFO  ratis.ContainerStateMachine (ContainerStateMachine.java:loadSnapshot(230)) - group-51B03CBD9250: The snapshot info is null. Setting the last applied indexto:(t:0, i:~)
2019-09-23 08:26:06,098 [pool-413-thread-1] INFO  server.RaftServerConfigKeys (ConfUtils.java:logGet(43)) - raft.server.log.use.memory = false (default)
2019-09-23 08:26:06,098 [pool-433-thread-1] INFO  server.RaftServerConfigKeys (ConfUtils.java:logGet(43)) - raft.server.notification.no-leader.timeout = 120s (custom)
2019-09-23 08:26:06,098 [pool-413-thread-1] INFO  server.RaftServerConfigKeys (ConfUtils.java:logGet(43)) - raft.server.log.purge.gap = 1000000 (custom)
2019-09-23 08:26:06,098 [pool-423-thread-1] INFO  server.RaftServerConfigKeys (ConfUtils.java:logGet(43)) - raft.server.notification.no-leader.timeout = 120s (custom)
2019-09-23 08:26:06,098 [pool-413-thread-1] INFO  server.RaftServerConfigKeys (ConfUtils.java:logGet(43)) - raft.server.log.appender.buffer.byte-limit = 33554432 (custom)
2019-09-23 08:26:06,098 [pool-433-thread-1] INFO  server.RaftServerConfigKeys (ConfUtils.java:logGet(43)) - raft.server.log.use.memory = false (default)
2019-09-23 08:26:06,099 [pool-413-thread-1] INFO  server.RaftServerConfigKeys (ConfUtils.java:logGet(43)) - raft.server.log.segment.size.max = 1048576 (custom)
2019-09-23 08:26:06,099 [pool-423-thread-1] INFO  server.RaftServerConfigKeys (ConfUtils.java:logGet(43)) - raft.server.log.use.memory = false (default)
2019-09-23 08:26:06,099 [pool-413-thread-1] INFO  server.RaftServerConfigKeys (ConfUtils.java:logGet(43)) - raft.server.log.segment.cache.num.max = 2 (custom)
2019-09-23 08:26:06,099 [pool-433-thread-1] INFO  server.RaftServerConfigKeys (ConfUtils.java:logGet(43)) - raft.server.log.purge.gap = 1000000 (custom)
2019-09-23 08:26:06,099 [pool-413-thread-1] INFO  segmented.SegmentedRaftLogWorker (SegmentedRaftLogWorker.java:<init>(172)) - new eedb13b3-b566-48cc-93b5-1a70502cb151@group-51B03CBD9250-SegmentedRaftLogWorker for RaftStorage:Storage Directory /workdir/hadoop-ozone/integration-test/target/test-dir/MiniOzoneClusterImpl-474ba54a-de8a-4486-82a8-6ac711b3de75/datanode-3/data/ratis/2a7c2741-7b2c-4137-94ac-51b03cbd9250
2019-09-23 08:26:06,099 [pool-423-thread-1] INFO  server.RaftServerConfigKeys (ConfUtils.java:logGet(43)) - raft.server.log.purge.gap = 1000000 (custom)
2019-09-23 08:26:06,100 [pool-413-thread-1] INFO  server.RaftServerConfigKeys (ConfUtils.java:logGet(43)) - raft.server.log.queue.byte-limit = 2147483647 (custom)
2019-09-23 08:26:06,099 [pool-433-thread-1] INFO  server.RaftServerConfigKeys (ConfUtils.java:logGet(43)) - raft.server.log.appender.buffer.byte-limit = 33554432 (custom)
2019-09-23 08:26:06,100 [pool-413-thread-1] INFO  server.RaftServerConfigKeys (ConfUtils.java:logGet(43)) - raft.server.log.queue.element-limit = 1024 (custom)
2019-09-23 08:26:06,100 [pool-423-thread-1] INFO  server.RaftServerConfigKeys (ConfUtils.java:logGet(43)) - raft.server.log.appender.buffer.byte-limit = 33554432 (custom)
2019-09-23 08:26:06,100 [pool-413-thread-1] INFO  server.RaftServerConfigKeys (ConfUtils.java:logGet(43)) - raft.server.log.segment.size.max = 1048576 (custom)
2019-09-23 08:26:06,100 [pool-433-thread-1] INFO  server.RaftServerConfigKeys (ConfUtils.java:logGet(43)) - raft.server.log.segment.size.max = 1048576 (custom)
2019-09-23 08:26:06,101 [pool-413-thread-1] INFO  server.RaftServerConfigKeys (ConfUtils.java:logGet(43)) - raft.server.log.preallocated.size = 16384 (custom)
2019-09-23 08:26:06,100 [pool-423-thread-1] INFO  server.RaftServerConfigKeys (ConfUtils.java:logGet(43)) - raft.server.log.segment.size.max = 1048576 (custom)
2019-09-23 08:26:06,101 [pool-413-thread-1] INFO  server.RaftServerConfigKeys (ConfUtils.java:logGet(43)) - raft.server.log.write.buffer.size = 33554432 (custom)
2019-09-23 08:26:06,101 [pool-433-thread-1] INFO  server.RaftServerConfigKeys (ConfUtils.java:logGet(43)) - raft.server.log.segment.cache.num.max = 2 (custom)
2019-09-23 08:26:06,101 [pool-413-thread-1] INFO  server.RaftServerConfigKeys (ConfUtils.java:logGet(43)) - raft.server.log.force.sync.num = 128 (default)
2019-09-23 08:26:06,101 [pool-413-thread-1] INFO  server.RaftServerConfigKeys (ConfUtils.java:logGet(43)) - raft.server.log.statemachine.data.sync = true (default)
2019-09-23 08:26:06,101 [pool-423-thread-1] INFO  server.RaftServerConfigKeys (ConfUtils.java:logGet(43)) - raft.server.log.segment.cache.num.max = 2 (custom)
2019-09-23 08:26:06,102 [pool-413-thread-1] INFO  server.RaftServerConfigKeys (ConfUtils.java:logGet(43)) - raft.server.log.statemachine.data.sync.timeout = 10s (default)
2019-09-23 08:26:06,101 [pool-433-thread-1] INFO  segmented.SegmentedRaftLogWorker (SegmentedRaftLogWorker.java:<init>(172)) - new 4b64ff27-3488-4b8e-bc56-49e041fa64aa@group-51B03CBD9250-SegmentedRaftLogWorker for RaftStorage:Storage Directory /workdir/hadoop-ozone/integration-test/target/test-dir/MiniOzoneClusterImpl-474ba54a-de8a-4486-82a8-6ac711b3de75/datanode-5/data/ratis/2a7c2741-7b2c-4137-94ac-51b03cbd9250
2019-09-23 08:26:06,102 [pool-413-thread-1] INFO  server.RaftServerConfigKeys (ConfUtils.java:logGet(43)) - raft.server.log.statemachine.data.sync.timeout.retry = -1 (default)
2019-09-23 08:26:06,102 [pool-423-thread-1] INFO  segmented.SegmentedRaftLogWorker (SegmentedRaftLogWorker.java:<init>(172)) - new 0b4cc948-e21f-4d8f-8d77-7932595504e1@group-51B03CBD9250-SegmentedRaftLogWorker for RaftStorage:Storage Directory /workdir/hadoop-ozone/integration-test/target/test-dir/MiniOzoneClusterImpl-474ba54a-de8a-4486-82a8-6ac711b3de75/datanode-4/data/ratis/2a7c2741-7b2c-4137-94ac-51b03cbd9250
2019-09-23 08:26:06,102 [pool-413-thread-1] INFO  server.RaftServerConfigKeys (ConfUtils.java:logGet(43)) - raft.server.log.statemachine.data.caching.enabled = true (custom)
2019-09-23 08:26:06,102 [pool-433-thread-1] INFO  server.RaftServerConfigKeys (ConfUtils.java:logGet(43)) - raft.server.log.queue.byte-limit = 2147483647 (custom)
2019-09-23 08:26:06,102 [pool-423-thread-1] INFO  server.RaftServerConfigKeys (ConfUtils.java:logGet(43)) - raft.server.log.queue.byte-limit = 2147483647 (custom)
2019-09-23 08:26:06,103 [pool-413-thread-1] INFO  segmented.SegmentedRaftLogWorker (SegmentedRaftLogWorker.java:lambda$new$0(132)) - eedb13b3-b566-48cc-93b5-1a70502cb151@group-51B03CBD9250-SegmentedRaftLogWorker: flushIndex: setUnconditionally 0 -> -1
2019-09-23 08:26:06,103 [pool-433-thread-1] INFO  server.RaftServerConfigKeys (ConfUtils.java:logGet(43)) - raft.server.log.queue.element-limit = 1024 (custom)
2019-09-23 08:26:06,103 [pool-423-thread-1] INFO  server.RaftServerConfigKeys (ConfUtils.java:logGet(43)) - raft.server.log.queue.element-limit = 1024 (custom)
2019-09-23 08:26:06,103 [pool-413-thread-1] INFO  server.RaftServerConfigKeys (ConfUtils.java:logGet(43)) - raft.server.snapshot.auto.trigger.enabled = true (custom)
2019-09-23 08:26:06,103 [pool-433-thread-1] INFO  server.RaftServerConfigKeys (ConfUtils.java:logGet(43)) - raft.server.log.segment.size.max = 1048576 (custom)
2019-09-23 08:26:06,103 [pool-413-thread-1] INFO  server.RaftServerConfigKeys (ConfUtils.java:logGet(43)) - raft.server.snapshot.auto.trigger.threshold = 10000 (custom)
2019-09-23 08:26:06,103 [pool-423-thread-1] INFO  server.RaftServerConfigKeys (ConfUtils.java:logGet(43)) - raft.server.log.segment.size.max = 1048576 (custom)
2019-09-23 08:26:06,104 [pool-413-thread-1] INFO  server.RaftServerConfigKeys (ConfUtils.java:logGet(43)) - raft.server.snapshot.retention.num.files = 5 (custom)
2019-09-23 08:26:06,103 [pool-433-thread-1] INFO  server.RaftServerConfigKeys (ConfUtils.java:logGet(43)) - raft.server.log.preallocated.size = 16384 (custom)
2019-09-23 08:26:06,104 [pool-413-thread-1] INFO  server.RaftServerConfigKeys (ConfUtils.java:logGet(43)) - raft.server.retrycache.expirytime = 600000ms (custom)
2019-09-23 08:26:06,104 [pool-423-thread-1] INFO  server.RaftServerConfigKeys (ConfUtils.java:logGet(43)) - raft.server.log.preallocated.size = 16384 (custom)
2019-09-23 08:26:06,104 [pool-433-thread-1] INFO  server.RaftServerConfigKeys (ConfUtils.java:logGet(43)) - raft.server.log.write.buffer.size = 33554432 (custom)
2019-09-23 08:26:06,104 [pool-423-thread-1] INFO  server.RaftServerConfigKeys (ConfUtils.java:logGet(43)) - raft.server.log.write.buffer.size = 33554432 (custom)
2019-09-23 08:26:06,104 [pool-433-thread-1] INFO  server.RaftServerConfigKeys (ConfUtils.java:logGet(43)) - raft.server.log.force.sync.num = 128 (default)
2019-09-23 08:26:06,105 [pool-423-thread-1] INFO  server.RaftServerConfigKeys (ConfUtils.java:logGet(43)) - raft.server.log.force.sync.num = 128 (default)
2019-09-23 08:26:06,105 [pool-433-thread-1] INFO  server.RaftServerConfigKeys (ConfUtils.java:logGet(43)) - raft.server.log.statemachine.data.sync = true (default)
2019-09-23 08:26:06,105 [pool-423-thread-1] INFO  server.RaftServerConfigKeys (ConfUtils.java:logGet(43)) - raft.server.log.statemachine.data.sync = true (default)
2019-09-23 08:26:06,105 [pool-433-thread-1] INFO  server.RaftServerConfigKeys (ConfUtils.java:logGet(43)) - raft.server.log.statemachine.data.sync.timeout = 10s (default)
2019-09-23 08:26:06,105 [pool-423-thread-1] INFO  server.RaftServerConfigKeys (ConfUtils.java:logGet(43)) - raft.server.log.statemachine.data.sync.timeout = 10s (default)
2019-09-23 08:26:06,105 [pool-433-thread-1] INFO  server.RaftServerConfigKeys (ConfUtils.java:logGet(43)) - raft.server.log.statemachine.data.sync.timeout.retry = -1 (default)
2019-09-23 08:26:06,105 [pool-423-thread-1] INFO  server.RaftServerConfigKeys (ConfUtils.java:logGet(43)) - raft.server.log.statemachine.data.sync.timeout.retry = -1 (default)
2019-09-23 08:26:06,106 [pool-433-thread-1] INFO  server.RaftServerConfigKeys (ConfUtils.java:logGet(43)) - raft.server.log.statemachine.data.caching.enabled = true (custom)
2019-09-23 08:26:06,106 [pool-423-thread-1] INFO  server.RaftServerConfigKeys (ConfUtils.java:logGet(43)) - raft.server.log.statemachine.data.caching.enabled = true (custom)
2019-09-23 08:26:06,106 [pool-433-thread-1] INFO  segmented.SegmentedRaftLogWorker (SegmentedRaftLogWorker.java:lambda$new$0(132)) - 4b64ff27-3488-4b8e-bc56-49e041fa64aa@group-51B03CBD9250-SegmentedRaftLogWorker: flushIndex: setUnconditionally 0 -> -1
2019-09-23 08:26:06,106 [pool-413-thread-1] INFO  impl.RaftServerImpl (RaftServerImpl.java:start(185)) - eedb13b3-b566-48cc-93b5-1a70502cb151@group-51B03CBD9250: start as a follower, conf=-1: [eedb13b3-b566-48cc-93b5-1a70502cb151:192.168.5.189:34407, 0b4cc948-e21f-4d8f-8d77-7932595504e1:192.168.5.189:40006, 4b64ff27-3488-4b8e-bc56-49e041fa64aa:192.168.5.189:40779], old=null
2019-09-23 08:26:06,106 [pool-423-thread-1] INFO  segmented.SegmentedRaftLogWorker (SegmentedRaftLogWorker.java:lambda$new$0(132)) - 0b4cc948-e21f-4d8f-8d77-7932595504e1@group-51B03CBD9250-SegmentedRaftLogWorker: flushIndex: setUnconditionally 0 -> -1
2019-09-23 08:26:06,106 [pool-413-thread-1] INFO  impl.RaftServerImpl (RaftServerImpl.java:setRole(174)) - eedb13b3-b566-48cc-93b5-1a70502cb151@group-51B03CBD9250: changes role from      null to FOLLOWER at term 0 for startAsFollower
2019-09-23 08:26:06,106 [pool-433-thread-1] INFO  server.RaftServerConfigKeys (ConfUtils.java:logGet(43)) - raft.server.snapshot.auto.trigger.enabled = true (custom)
2019-09-23 08:26:06,107 [pool-413-thread-1] INFO  impl.RoleInfo (RoleInfo.java:updateAndGet(143)) - eedb13b3-b566-48cc-93b5-1a70502cb151: start FollowerState
2019-09-23 08:26:06,107 [pool-423-thread-1] INFO  server.RaftServerConfigKeys (ConfUtils.java:logGet(43)) - raft.server.snapshot.auto.trigger.enabled = true (custom)
2019-09-23 08:26:06,107 [pool-433-thread-1] INFO  server.RaftServerConfigKeys (ConfUtils.java:logGet(43)) - raft.server.snapshot.auto.trigger.threshold = 10000 (custom)
2019-09-23 08:26:06,107 [pool-423-thread-1] INFO  server.RaftServerConfigKeys (ConfUtils.java:logGet(43)) - raft.server.snapshot.auto.trigger.threshold = 10000 (custom)
2019-09-23 08:26:06,107 [pool-413-thread-1] INFO  util.JmxRegister (JmxRegister.java:tryRegister(44)) - Successfully registered JMX Bean with object name Ratis:service=RaftServer,group=group-51B03CBD9250,id=eedb13b3-b566-48cc-93b5-1a70502cb151
2019-09-23 08:26:06,107 [pool-433-thread-1] INFO  server.RaftServerConfigKeys (ConfUtils.java:logGet(43)) - raft.server.snapshot.retention.num.files = 5 (custom)
2019-09-23 08:26:06,107 [pool-423-thread-1] INFO  server.RaftServerConfigKeys (ConfUtils.java:logGet(43)) - raft.server.snapshot.retention.num.files = 5 (custom)
2019-09-23 08:26:06,107 [pool-433-thread-1] INFO  server.RaftServerConfigKeys (ConfUtils.java:logGet(43)) - raft.server.retrycache.expirytime = 600000ms (custom)
2019-09-23 08:26:06,108 [pool-423-thread-1] INFO  server.RaftServerConfigKeys (ConfUtils.java:logGet(43)) - raft.server.retrycache.expirytime = 600000ms (custom)
2019-09-23 08:26:06,110 [pool-433-thread-1] INFO  impl.RaftServerImpl (RaftServerImpl.java:start(185)) - 4b64ff27-3488-4b8e-bc56-49e041fa64aa@group-51B03CBD9250: start as a follower, conf=-1: [eedb13b3-b566-48cc-93b5-1a70502cb151:192.168.5.189:34407, 0b4cc948-e21f-4d8f-8d77-7932595504e1:192.168.5.189:40006, 4b64ff27-3488-4b8e-bc56-49e041fa64aa:192.168.5.189:40779], old=null
2019-09-23 08:26:06,111 [pool-433-thread-1] INFO  impl.RaftServerImpl (RaftServerImpl.java:setRole(174)) - 4b64ff27-3488-4b8e-bc56-49e041fa64aa@group-51B03CBD9250: changes role from      null to FOLLOWER at term 0 for startAsFollower
2019-09-23 08:26:06,111 [pool-433-thread-1] INFO  impl.RoleInfo (RoleInfo.java:updateAndGet(143)) - 4b64ff27-3488-4b8e-bc56-49e041fa64aa: start FollowerState
2019-09-23 08:26:06,111 [pool-423-thread-1] INFO  impl.RaftServerImpl (RaftServerImpl.java:start(185)) - 0b4cc948-e21f-4d8f-8d77-7932595504e1@group-51B03CBD9250: start as a follower, conf=-1: [eedb13b3-b566-48cc-93b5-1a70502cb151:192.168.5.189:34407, 0b4cc948-e21f-4d8f-8d77-7932595504e1:192.168.5.189:40006, 4b64ff27-3488-4b8e-bc56-49e041fa64aa:192.168.5.189:40779], old=null
2019-09-23 08:26:06,111 [pool-423-thread-1] INFO  impl.RaftServerImpl (RaftServerImpl.java:setRole(174)) - 0b4cc948-e21f-4d8f-8d77-7932595504e1@group-51B03CBD9250: changes role from      null to FOLLOWER at term 0 for startAsFollower
2019-09-23 08:26:06,111 [pool-433-thread-1] INFO  util.JmxRegister (JmxRegister.java:tryRegister(44)) - Successfully registered JMX Bean with object name Ratis:service=RaftServer,group=group-51B03CBD9250,id=4b64ff27-3488-4b8e-bc56-49e041fa64aa
2019-09-23 08:26:06,111 [pool-423-thread-1] INFO  impl.RoleInfo (RoleInfo.java:updateAndGet(143)) - 0b4cc948-e21f-4d8f-8d77-7932595504e1: start FollowerState
2019-09-23 08:26:06,112 [pool-423-thread-1] INFO  util.JmxRegister (JmxRegister.java:tryRegister(44)) - Successfully registered JMX Bean with object name Ratis:service=RaftServer,group=group-51B03CBD9250,id=0b4cc948-e21f-4d8f-8d77-7932595504e1
2019-09-23 08:26:06,114 [RatisPipelineUtilsThread] INFO  pipeline.PipelineStateManager (PipelineStateManager.java:addPipeline(56)) - Created pipeline Pipeline[ Id: 2a7c2741-7b2c-4137-94ac-51b03cbd9250, Nodes: 4b64ff27-3488-4b8e-bc56-49e041fa64aa{ip: 192.168.5.189, host: trunk-nightly-20190923-extra-pvkvv-3499472557, networkLocation: /default-rack, certSerialId: null}0b4cc948-e21f-4d8f-8d77-7932595504e1{ip: 192.168.5.189, host: trunk-nightly-20190923-extra-pvkvv-3499472557, networkLocation: /default-rack, certSerialId: null}eedb13b3-b566-48cc-93b5-1a70502cb151{ip: 192.168.5.189, host: trunk-nightly-20190923-extra-pvkvv-3499472557, networkLocation: /default-rack, certSerialId: null}, Type:RATIS, Factor:THREE, State:OPEN]
2019-09-23 08:26:06,402 [main] INFO  ozone.MiniOzoneClusterImpl (MiniOzoneClusterImpl.java:lambda$waitForClusterToBeReady$0(147)) - Cluster is ready. Got 7 of 7 DN Heartbeats.
2019-09-23 08:26:06,445 [main] INFO  rpc.RpcClient (RpcClient.java:createVolume(276)) - Creating Volume: watchforcommithandlingtest, with jenkins1000 as owner.
2019-09-23 08:26:06,447 [IPC Server handler 1 on 41155] INFO  volume.OMVolumeCreateRequest (OMVolumeCreateRequest.java:validateAndUpdateCache(189)) - created volume:watchforcommithandlingtest for user:jenkins1000
2019-09-23 08:26:06,607 [main] INFO  rpc.RpcClient (RpcClient.java:createBucket(415)) - Creating Bucket: watchforcommithandlingtest/watchforcommithandlingtest, with Versioning false and Storage Type set to DISK and Encryption set to false 
2019-09-23 08:26:06,625 [main] INFO  ozone.MiniOzoneClusterImpl (MiniOzoneClusterImpl.java:getStorageContainerLocationClient(234)) - Creating StorageContainerLocationProtocol RPC client with address /0.0.0.0:40606
2019-09-23 08:26:07,059 [Thread-2488] INFO  container.ReplicationManager (ReplicationManager.java:start(162)) - Starting Replication Monitor Thread.
2019-09-23 08:26:07,065 [ReplicationMonitor] INFO  container.ReplicationManager (ReplicationManager.java:run(225)) - Replication Monitor Thread took 0 milliseconds for processing 1 containers.
2019-09-23 08:26:09,376 [Thread-2490] INFO  impl.FollowerState (FollowerState.java:run(106)) - 723c227e-5c50-41ec-a9d2-cf06d59cd693:group-0A59B49C222B changes to CANDIDATE, lastRpcTime:5143, electionTimeout:5143ms
2019-09-23 08:26:09,376 [Thread-2490] INFO  impl.RoleInfo (RoleInfo.java:shutdownFollowerState(121)) - 723c227e-5c50-41ec-a9d2-cf06d59cd693: shutdown FollowerState
2019-09-23 08:26:09,376 [Thread-2490] INFO  impl.RaftServerImpl (RaftServerImpl.java:setRole(174)) - 723c227e-5c50-41ec-a9d2-cf06d59cd693@group-0A59B49C222B: changes role from  FOLLOWER to CANDIDATE at term 0 for changeToCandidate
2019-09-23 08:26:09,376 [Thread-2490] INFO  impl.RoleInfo (RoleInfo.java:updateAndGet(143)) - 723c227e-5c50-41ec-a9d2-cf06d59cd693: start LeaderElection
2019-09-23 08:26:09,461 [723c227e-5c50-41ec-a9d2-cf06d59cd693@group-0A59B49C222B:LeaderElection90] INFO  impl.LeaderElection (LeaderElection.java:askForVotes(182)) - 723c227e-5c50-41ec-a9d2-cf06d59cd693@group-0A59B49C222B:LeaderElection90: begin an election at term 1 for -1: [723c227e-5c50-41ec-a9d2-cf06d59cd693:192.168.5.189:34841], old=null
2019-09-23 08:26:09,461 [723c227e-5c50-41ec-a9d2-cf06d59cd693@group-0A59B49C222B:LeaderElection90] INFO  impl.RoleInfo (RoleInfo.java:shutdownLeaderElection(134)) - 723c227e-5c50-41ec-a9d2-cf06d59cd693: shutdown LeaderElection
2019-09-23 08:26:09,461 [723c227e-5c50-41ec-a9d2-cf06d59cd693@group-0A59B49C222B:LeaderElection90] INFO  impl.RaftServerImpl (RaftServerImpl.java:setRole(174)) - 723c227e-5c50-41ec-a9d2-cf06d59cd693@group-0A59B49C222B: changes role from CANDIDATE to LEADER at term 1 for changeToLeader
2019-09-23 08:26:09,462 [723c227e-5c50-41ec-a9d2-cf06d59cd693@group-0A59B49C222B:LeaderElection90] INFO  impl.RaftServerImpl (ServerState.java:setLeader(253)) - 723c227e-5c50-41ec-a9d2-cf06d59cd693@group-0A59B49C222B: change Leader from null to 723c227e-5c50-41ec-a9d2-cf06d59cd693 at term 1 for becomeLeader, leader elected after 5235ms
2019-09-23 08:26:09,462 [723c227e-5c50-41ec-a9d2-cf06d59cd693@group-0A59B49C222B:LeaderElection90] INFO  server.RaftServerConfigKeys (ConfUtils.java:logGet(43)) - raft.server.staging.catchup.gap = 1000 (default)
2019-09-23 08:26:09,462 [723c227e-5c50-41ec-a9d2-cf06d59cd693@group-0A59B49C222B:LeaderElection90] INFO  server.RaftServerConfigKeys (ConfUtils.java:logGet(43)) - raft.server.rpc.sleep.time = 25ms (default)
2019-09-23 08:26:09,462 [723c227e-5c50-41ec-a9d2-cf06d59cd693@group-0A59B49C222B:LeaderElection90] INFO  server.RaftServerConfigKeys (ConfUtils.java:logGet(43)) - raft.server.write.element-limit = 4096 (default)
2019-09-23 08:26:09,462 [723c227e-5c50-41ec-a9d2-cf06d59cd693@group-0A59B49C222B:LeaderElection90] INFO  server.RaftServerConfigKeys (ConfUtils.java:logGet(43)) - raft.server.watch.timeout = 10s (default)
2019-09-23 08:26:09,462 [723c227e-5c50-41ec-a9d2-cf06d59cd693@group-0A59B49C222B:LeaderElection90] INFO  server.RaftServerConfigKeys (ConfUtils.java:logGet(43)) - raft.server.watch.timeout.denomination = 1s (default)
2019-09-23 08:26:09,462 [723c227e-5c50-41ec-a9d2-cf06d59cd693@group-0A59B49C222B:LeaderElection90] INFO  server.RaftServerConfigKeys (ConfUtils.java:logGet(43)) - raft.server.watch.element-limit = 65536 (default)
2019-09-23 08:26:09,465 [723c227e-5c50-41ec-a9d2-cf06d59cd693@group-0A59B49C222B:LeaderElection90] INFO  impl.RoleInfo (RoleInfo.java:updateAndGet(143)) - 723c227e-5c50-41ec-a9d2-cf06d59cd693: start LeaderState
2019-09-23 08:26:09,465 [723c227e-5c50-41ec-a9d2-cf06d59cd693@group-0A59B49C222B:LeaderElection90] INFO  segmented.SegmentedRaftLogWorker (SegmentedRaftLogWorker.java:startLogSegment(380)) - 723c227e-5c50-41ec-a9d2-cf06d59cd693@group-0A59B49C222B-SegmentedRaftLogWorker: Starting segment from index:0
2019-09-23 08:26:09,466 [723c227e-5c50-41ec-a9d2-cf06d59cd693@group-0A59B49C222B:LeaderElection90] INFO  impl.RaftServerImpl (ServerState.java:setRaftConf(354)) - 723c227e-5c50-41ec-a9d2-cf06d59cd693@group-0A59B49C222B: set configuration 0: [723c227e-5c50-41ec-a9d2-cf06d59cd693:192.168.5.189:34841], old=null at 0
2019-09-23 08:26:09,575 [723c227e-5c50-41ec-a9d2-cf06d59cd693@group-0A59B49C222B-SegmentedRaftLogWorker] INFO  segmented.SegmentedRaftLogWorker (SegmentedRaftLogWorker.java:execute(569)) - 723c227e-5c50-41ec-a9d2-cf06d59cd693@group-0A59B49C222B-SegmentedRaftLogWorker: created new log segment /workdir/hadoop-ozone/integration-test/target/test-dir/MiniOzoneClusterImpl-474ba54a-de8a-4486-82a8-6ac711b3de75/datanode-0/data/ratis/644685dd-dfa4-40dc-bd92-0a59b49c222b/current/log_inprogress_0
2019-09-23 08:26:10,124 [Thread-2496] INFO  impl.FollowerState (FollowerState.java:run(106)) - 14e26da3-75f1-4d23-8ebb-3215c6e848c8:group-01028ADAB6A6 changes to CANDIDATE, lastRpcTime:5043, electionTimeout:5043ms
2019-09-23 08:26:10,124 [Thread-2496] INFO  impl.RoleInfo (RoleInfo.java:shutdownFollowerState(121)) - 14e26da3-75f1-4d23-8ebb-3215c6e848c8: shutdown FollowerState
2019-09-23 08:26:10,125 [Thread-2496] INFO  impl.RaftServerImpl (RaftServerImpl.java:setRole(174)) - 14e26da3-75f1-4d23-8ebb-3215c6e848c8@group-01028ADAB6A6: changes role from  FOLLOWER to CANDIDATE at term 0 for changeToCandidate
2019-09-23 08:26:10,125 [Thread-2496] INFO  impl.RoleInfo (RoleInfo.java:updateAndGet(143)) - 14e26da3-75f1-4d23-8ebb-3215c6e848c8: start LeaderElection
2019-09-23 08:26:10,154 [Thread-2493] INFO  impl.FollowerState (FollowerState.java:run(106)) - a1f25157-3c02-4d59-8065-2068ceb750ad:group-61387FE587E6 changes to CANDIDATE, lastRpcTime:5173, electionTimeout:5173ms
2019-09-23 08:26:10,154 [Thread-2493] INFO  impl.RoleInfo (RoleInfo.java:shutdownFollowerState(121)) - a1f25157-3c02-4d59-8065-2068ceb750ad: shutdown FollowerState
2019-09-23 08:26:10,154 [Thread-2493] INFO  impl.RaftServerImpl (RaftServerImpl.java:setRole(174)) - a1f25157-3c02-4d59-8065-2068ceb750ad@group-61387FE587E6: changes role from  FOLLOWER to CANDIDATE at term 0 for changeToCandidate
2019-09-23 08:26:10,154 [Thread-2493] INFO  impl.RoleInfo (RoleInfo.java:updateAndGet(143)) - a1f25157-3c02-4d59-8065-2068ceb750ad: start LeaderElection
2019-09-23 08:26:10,254 [Thread-2503] INFO  impl.FollowerState (FollowerState.java:run(106)) - 723c227e-5c50-41ec-a9d2-cf06d59cd693:group-D0116267D68A changes to CANDIDATE, lastRpcTime:5036, electionTimeout:5036ms
2019-09-23 08:26:10,255 [Thread-2503] INFO  impl.RoleInfo (RoleInfo.java:shutdownFollowerState(121)) - 723c227e-5c50-41ec-a9d2-cf06d59cd693: shutdown FollowerState
2019-09-23 08:26:10,255 [Thread-2503] INFO  impl.RaftServerImpl (RaftServerImpl.java:setRole(174)) - 723c227e-5c50-41ec-a9d2-cf06d59cd693@group-D0116267D68A: changes role from  FOLLOWER to CANDIDATE at term 0 for changeToCandidate
2019-09-23 08:26:10,255 [Thread-2503] INFO  impl.RoleInfo (RoleInfo.java:updateAndGet(143)) - 723c227e-5c50-41ec-a9d2-cf06d59cd693: start LeaderElection
2019-09-23 08:26:10,265 [Thread-2505] INFO  impl.FollowerState (FollowerState.java:run(106)) - a1f25157-3c02-4d59-8065-2068ceb750ad:group-D0116267D68A changes to CANDIDATE, lastRpcTime:5043, electionTimeout:5034ms
2019-09-23 08:26:10,265 [Thread-2505] INFO  impl.RoleInfo (RoleInfo.java:shutdownFollowerState(121)) - a1f25157-3c02-4d59-8065-2068ceb750ad: shutdown FollowerState
2019-09-23 08:26:10,265 [Thread-2505] INFO  impl.RaftServerImpl (RaftServerImpl.java:setRole(174)) - a1f25157-3c02-4d59-8065-2068ceb750ad@group-D0116267D68A: changes role from  FOLLOWER to CANDIDATE at term 0 for changeToCandidate
2019-09-23 08:26:10,266 [Thread-2505] INFO  impl.RoleInfo (RoleInfo.java:updateAndGet(143)) - a1f25157-3c02-4d59-8065-2068ceb750ad: start LeaderElection
2019-09-23 08:26:10,370 [Thread-2500] INFO  impl.FollowerState (FollowerState.java:run(106)) - 14e26da3-75f1-4d23-8ebb-3215c6e848c8:group-D0116267D68A changes to CANDIDATE, lastRpcTime:5153, electionTimeout:5153ms
2019-09-23 08:26:10,371 [Thread-2500] INFO  impl.RoleInfo (RoleInfo.java:shutdownFollowerState(121)) - 14e26da3-75f1-4d23-8ebb-3215c6e848c8: shutdown FollowerState
2019-09-23 08:26:10,371 [Thread-2500] INFO  impl.RaftServerImpl (RaftServerImpl.java:setRole(174)) - 14e26da3-75f1-4d23-8ebb-3215c6e848c8@group-D0116267D68A: changes role from  FOLLOWER to CANDIDATE at term 0 for changeToCandidate
2019-09-23 08:26:10,371 [Thread-2500] INFO  impl.RoleInfo (RoleInfo.java:updateAndGet(143)) - 14e26da3-75f1-4d23-8ebb-3215c6e848c8: start LeaderElection
2019-09-23 08:26:10,496 [14e26da3-75f1-4d23-8ebb-3215c6e848c8@group-01028ADAB6A6:LeaderElection91] INFO  impl.LeaderElection (LeaderElection.java:askForVotes(182)) - 14e26da3-75f1-4d23-8ebb-3215c6e848c8@group-01028ADAB6A6:LeaderElection91: begin an election at term 1 for -1: [14e26da3-75f1-4d23-8ebb-3215c6e848c8:192.168.5.189:36406], old=null
2019-09-23 08:26:10,496 [14e26da3-75f1-4d23-8ebb-3215c6e848c8@group-01028ADAB6A6:LeaderElection91] INFO  impl.RoleInfo (RoleInfo.java:shutdownLeaderElection(134)) - 14e26da3-75f1-4d23-8ebb-3215c6e848c8: shutdown LeaderElection
2019-09-23 08:26:10,496 [14e26da3-75f1-4d23-8ebb-3215c6e848c8@group-01028ADAB6A6:LeaderElection91] INFO  impl.RaftServerImpl (RaftServerImpl.java:setRole(174)) - 14e26da3-75f1-4d23-8ebb-3215c6e848c8@group-01028ADAB6A6: changes role from CANDIDATE to LEADER at term 1 for changeToLeader
2019-09-23 08:26:10,496 [14e26da3-75f1-4d23-8ebb-3215c6e848c8@group-01028ADAB6A6:LeaderElection91] INFO  impl.RaftServerImpl (ServerState.java:setLeader(253)) - 14e26da3-75f1-4d23-8ebb-3215c6e848c8@group-01028ADAB6A6: change Leader from null to 14e26da3-75f1-4d23-8ebb-3215c6e848c8 at term 1 for becomeLeader, leader elected after 5424ms
2019-09-23 08:26:10,496 [14e26da3-75f1-4d23-8ebb-3215c6e848c8@group-01028ADAB6A6:LeaderElection91] INFO  server.RaftServerConfigKeys (ConfUtils.java:logGet(43)) - raft.server.staging.catchup.gap = 1000 (default)
2019-09-23 08:26:10,496 [14e26da3-75f1-4d23-8ebb-3215c6e848c8@group-01028ADAB6A6:LeaderElection91] INFO  server.RaftServerConfigKeys (ConfUtils.java:logGet(43)) - raft.server.rpc.sleep.time = 25ms (default)
2019-09-23 08:26:10,496 [14e26da3-75f1-4d23-8ebb-3215c6e848c8@group-01028ADAB6A6:LeaderElection91] INFO  server.RaftServerConfigKeys (ConfUtils.java:logGet(43)) - raft.server.write.element-limit = 4096 (default)
2019-09-23 08:26:10,496 [14e26da3-75f1-4d23-8ebb-3215c6e848c8@group-01028ADAB6A6:LeaderElection91] INFO  server.RaftServerConfigKeys (ConfUtils.java:logGet(43)) - raft.server.watch.timeout = 10s (default)
2019-09-23 08:26:10,496 [14e26da3-75f1-4d23-8ebb-3215c6e848c8@group-01028ADAB6A6:LeaderElection91] INFO  server.RaftServerConfigKeys (ConfUtils.java:logGet(43)) - raft.server.watch.timeout.denomination = 1s (default)
2019-09-23 08:26:10,497 [14e26da3-75f1-4d23-8ebb-3215c6e848c8@group-01028ADAB6A6:LeaderElection91] INFO  server.RaftServerConfigKeys (ConfUtils.java:logGet(43)) - raft.server.watch.element-limit = 65536 (default)
2019-09-23 08:26:10,498 [14e26da3-75f1-4d23-8ebb-3215c6e848c8@group-01028ADAB6A6:LeaderElection91] INFO  impl.RoleInfo (RoleInfo.java:updateAndGet(143)) - 14e26da3-75f1-4d23-8ebb-3215c6e848c8: start LeaderState
2019-09-23 08:26:10,498 [14e26da3-75f1-4d23-8ebb-3215c6e848c8@group-01028ADAB6A6:LeaderElection91] INFO  segmented.SegmentedRaftLogWorker (SegmentedRaftLogWorker.java:startLogSegment(380)) - 14e26da3-75f1-4d23-8ebb-3215c6e848c8@group-01028ADAB6A6-SegmentedRaftLogWorker: Starting segment from index:0
2019-09-23 08:26:10,499 [14e26da3-75f1-4d23-8ebb-3215c6e848c8@group-01028ADAB6A6:LeaderElection91] INFO  impl.RaftServerImpl (ServerState.java:setRaftConf(354)) - 14e26da3-75f1-4d23-8ebb-3215c6e848c8@group-01028ADAB6A6: set configuration 0: [14e26da3-75f1-4d23-8ebb-3215c6e848c8:192.168.5.189:36406], old=null at 0
2019-09-23 08:26:10,520 [a1f25157-3c02-4d59-8065-2068ceb750ad@group-D0116267D68A:LeaderElection94] INFO  impl.LeaderElection (LeaderElection.java:askForVotes(182)) - a1f25157-3c02-4d59-8065-2068ceb750ad@group-D0116267D68A:LeaderElection94: begin an election at term 1 for -1: [14e26da3-75f1-4d23-8ebb-3215c6e848c8:192.168.5.189:36406, a1f25157-3c02-4d59-8065-2068ceb750ad:192.168.5.189:38755, 723c227e-5c50-41ec-a9d2-cf06d59cd693:192.168.5.189:34841], old=null
2019-09-23 08:26:10,520 [a1f25157-3c02-4d59-8065-2068ceb750ad@group-61387FE587E6:LeaderElection92] INFO  impl.LeaderElection (LeaderElection.java:askForVotes(182)) - a1f25157-3c02-4d59-8065-2068ceb750ad@group-61387FE587E6:LeaderElection92: begin an election at term 1 for -1: [a1f25157-3c02-4d59-8065-2068ceb750ad:192.168.5.189:38755], old=null
2019-09-23 08:26:10,520 [723c227e-5c50-41ec-a9d2-cf06d59cd693@group-D0116267D68A:LeaderElection93] INFO  impl.LeaderElection (LeaderElection.java:askForVotes(182)) - 723c227e-5c50-41ec-a9d2-cf06d59cd693@group-D0116267D68A:LeaderElection93: begin an election at term 1 for -1: [14e26da3-75f1-4d23-8ebb-3215c6e848c8:192.168.5.189:36406, a1f25157-3c02-4d59-8065-2068ceb750ad:192.168.5.189:38755, 723c227e-5c50-41ec-a9d2-cf06d59cd693:192.168.5.189:34841], old=null
2019-09-23 08:26:10,520 [14e26da3-75f1-4d23-8ebb-3215c6e848c8@group-D0116267D68A:LeaderElection95] INFO  impl.LeaderElection (LeaderElection.java:askForVotes(182)) - 14e26da3-75f1-4d23-8ebb-3215c6e848c8@group-D0116267D68A:LeaderElection95: begin an election at term 1 for -1: [14e26da3-75f1-4d23-8ebb-3215c6e848c8:192.168.5.189:36406, a1f25157-3c02-4d59-8065-2068ceb750ad:192.168.5.189:38755, 723c227e-5c50-41ec-a9d2-cf06d59cd693:192.168.5.189:34841], old=null
2019-09-23 08:26:10,521 [a1f25157-3c02-4d59-8065-2068ceb750ad@group-61387FE587E6:LeaderElection92] INFO  impl.RoleInfo (RoleInfo.java:shutdownLeaderElection(134)) - a1f25157-3c02-4d59-8065-2068ceb750ad: shutdown LeaderElection
2019-09-23 08:26:10,521 [a1f25157-3c02-4d59-8065-2068ceb750ad@group-61387FE587E6:LeaderElection92] INFO  impl.RaftServerImpl (RaftServerImpl.java:setRole(174)) - a1f25157-3c02-4d59-8065-2068ceb750ad@group-61387FE587E6: changes role from CANDIDATE to LEADER at term 1 for changeToLeader
2019-09-23 08:26:10,521 [a1f25157-3c02-4d59-8065-2068ceb750ad@group-61387FE587E6:LeaderElection92] INFO  impl.RaftServerImpl (ServerState.java:setLeader(253)) - a1f25157-3c02-4d59-8065-2068ceb750ad@group-61387FE587E6: change Leader from null to a1f25157-3c02-4d59-8065-2068ceb750ad at term 1 for becomeLeader, leader elected after 5545ms
2019-09-23 08:26:10,521 [a1f25157-3c02-4d59-8065-2068ceb750ad@group-61387FE587E6:LeaderElection92] INFO  server.RaftServerConfigKeys (ConfUtils.java:logGet(43)) - raft.server.staging.catchup.gap = 1000 (default)
2019-09-23 08:26:10,522 [a1f25157-3c02-4d59-8065-2068ceb750ad@group-61387FE587E6:LeaderElection92] INFO  server.RaftServerConfigKeys (ConfUtils.java:logGet(43)) - raft.server.rpc.sleep.time = 25ms (default)
2019-09-23 08:26:10,522 [a1f25157-3c02-4d59-8065-2068ceb750ad@group-61387FE587E6:LeaderElection92] INFO  server.RaftServerConfigKeys (ConfUtils.java:logGet(43)) - raft.server.write.element-limit = 4096 (default)
2019-09-23 08:26:10,522 [a1f25157-3c02-4d59-8065-2068ceb750ad@group-61387FE587E6:LeaderElection92] INFO  server.RaftServerConfigKeys (ConfUtils.java:logGet(43)) - raft.server.watch.timeout = 10s (default)
2019-09-23 08:26:10,522 [a1f25157-3c02-4d59-8065-2068ceb750ad@group-61387FE587E6:LeaderElection92] INFO  server.RaftServerConfigKeys (ConfUtils.java:logGet(43)) - raft.server.watch.timeout.denomination = 1s (default)
2019-09-23 08:26:10,522 [a1f25157-3c02-4d59-8065-2068ceb750ad@group-61387FE587E6:LeaderElection92] INFO  server.RaftServerConfigKeys (ConfUtils.java:logGet(43)) - raft.server.watch.element-limit = 65536 (default)
2019-09-23 08:26:10,525 [a1f25157-3c02-4d59-8065-2068ceb750ad@group-61387FE587E6:LeaderElection92] INFO  impl.RoleInfo (RoleInfo.java:updateAndGet(143)) - a1f25157-3c02-4d59-8065-2068ceb750ad: start LeaderState
2019-09-23 08:26:10,525 [a1f25157-3c02-4d59-8065-2068ceb750ad@group-61387FE587E6:LeaderElection92] INFO  segmented.SegmentedRaftLogWorker (SegmentedRaftLogWorker.java:startLogSegment(380)) - a1f25157-3c02-4d59-8065-2068ceb750ad@group-61387FE587E6-SegmentedRaftLogWorker: Starting segment from index:0
2019-09-23 08:26:10,526 [a1f25157-3c02-4d59-8065-2068ceb750ad@group-61387FE587E6:LeaderElection92] INFO  impl.RaftServerImpl (ServerState.java:setRaftConf(354)) - a1f25157-3c02-4d59-8065-2068ceb750ad@group-61387FE587E6: set configuration 0: [a1f25157-3c02-4d59-8065-2068ceb750ad:192.168.5.189:38755], old=null at 0
2019-09-23 08:26:10,528 [723c227e-5c50-41ec-a9d2-cf06d59cd693@group-D0116267D68A:LeaderElection93] INFO  impl.LeaderElection (LeaderElection.java:logAndReturn(56)) - 723c227e-5c50-41ec-a9d2-cf06d59cd693@group-D0116267D68A:LeaderElection93: Election REJECTED; received 2 response(s) [723c227e-5c50-41ec-a9d2-cf06d59cd693<-14e26da3-75f1-4d23-8ebb-3215c6e848c8#0:FAIL-t1, 723c227e-5c50-41ec-a9d2-cf06d59cd693<-a1f25157-3c02-4d59-8065-2068ceb750ad#0:FAIL-t1] and 0 exception(s); 723c227e-5c50-41ec-a9d2-cf06d59cd693@group-D0116267D68A:t1, leader=null, voted=723c227e-5c50-41ec-a9d2-cf06d59cd693, raftlog=723c227e-5c50-41ec-a9d2-cf06d59cd693@group-D0116267D68A-SegmentedRaftLog:OPENED:c-1,f-1,i0, conf=-1: [14e26da3-75f1-4d23-8ebb-3215c6e848c8:192.168.5.189:36406, a1f25157-3c02-4d59-8065-2068ceb750ad:192.168.5.189:38755, 723c227e-5c50-41ec-a9d2-cf06d59cd693:192.168.5.189:34841], old=null
2019-09-23 08:26:10,529 [723c227e-5c50-41ec-a9d2-cf06d59cd693@group-D0116267D68A:LeaderElection93] INFO  impl.RaftServerImpl (RaftServerImpl.java:setRole(174)) - 723c227e-5c50-41ec-a9d2-cf06d59cd693@group-D0116267D68A: changes role from CANDIDATE to FOLLOWER at term 1 for DISCOVERED_A_NEW_TERM
2019-09-23 08:26:10,529 [a1f25157-3c02-4d59-8065-2068ceb750ad@group-D0116267D68A:LeaderElection94] INFO  impl.LeaderElection (LeaderElection.java:logAndReturn(56)) - a1f25157-3c02-4d59-8065-2068ceb750ad@group-D0116267D68A:LeaderElection94: Election REJECTED; received 2 response(s) [a1f25157-3c02-4d59-8065-2068ceb750ad<-14e26da3-75f1-4d23-8ebb-3215c6e848c8#0:FAIL-t1, a1f25157-3c02-4d59-8065-2068ceb750ad<-723c227e-5c50-41ec-a9d2-cf06d59cd693#0:FAIL-t1] and 0 exception(s); a1f25157-3c02-4d59-8065-2068ceb750ad@group-D0116267D68A:t1, leader=null, voted=a1f25157-3c02-4d59-8065-2068ceb750ad, raftlog=a1f25157-3c02-4d59-8065-2068ceb750ad@group-D0116267D68A-SegmentedRaftLog:OPENED:c-1,f-1,i0, conf=-1: [14e26da3-75f1-4d23-8ebb-3215c6e848c8:192.168.5.189:36406, a1f25157-3c02-4d59-8065-2068ceb750ad:192.168.5.189:38755, 723c227e-5c50-41ec-a9d2-cf06d59cd693:192.168.5.189:34841], old=null
2019-09-23 08:26:10,556 [Thread-2512] INFO  impl.FollowerState (FollowerState.java:run(106)) - 4b64ff27-3488-4b8e-bc56-49e041fa64aa:group-14C5A2AA7965 changes to CANDIDATE, lastRpcTime:5063, electionTimeout:5060ms
2019-09-23 08:26:10,529 [723c227e-5c50-41ec-a9d2-cf06d59cd693@group-D0116267D68A:LeaderElection93] INFO  impl.RoleInfo (RoleInfo.java:shutdownLeaderElection(134)) - 723c227e-5c50-41ec-a9d2-cf06d59cd693: shutdown LeaderElection
2019-09-23 08:26:10,556 [a1f25157-3c02-4d59-8065-2068ceb750ad@group-D0116267D68A:LeaderElection94] INFO  impl.RaftServerImpl (RaftServerImpl.java:setRole(174)) - a1f25157-3c02-4d59-8065-2068ceb750ad@group-D0116267D68A: changes role from CANDIDATE to FOLLOWER at term 1 for DISCOVERED_A_NEW_TERM
2019-09-23 08:26:10,560 [723c227e-5c50-41ec-a9d2-cf06d59cd693@group-D0116267D68A:LeaderElection93] INFO  impl.RoleInfo (RoleInfo.java:updateAndGet(143)) - 723c227e-5c50-41ec-a9d2-cf06d59cd693: start FollowerState
2019-09-23 08:26:10,560 [Thread-2512] INFO  impl.RoleInfo (RoleInfo.java:shutdownFollowerState(121)) - 4b64ff27-3488-4b8e-bc56-49e041fa64aa: shutdown FollowerState
2019-09-23 08:26:10,560 [a1f25157-3c02-4d59-8065-2068ceb750ad@group-D0116267D68A:LeaderElection94] INFO  impl.RoleInfo (RoleInfo.java:shutdownLeaderElection(134)) - a1f25157-3c02-4d59-8065-2068ceb750ad: shutdown LeaderElection
2019-09-23 08:26:10,560 [Thread-2512] INFO  impl.RaftServerImpl (RaftServerImpl.java:setRole(174)) - 4b64ff27-3488-4b8e-bc56-49e041fa64aa@group-14C5A2AA7965: changes role from  FOLLOWER to CANDIDATE at term 0 for changeToCandidate
2019-09-23 08:26:10,561 [a1f25157-3c02-4d59-8065-2068ceb750ad@group-D0116267D68A:LeaderElection94] INFO  impl.RoleInfo (RoleInfo.java:updateAndGet(143)) - a1f25157-3c02-4d59-8065-2068ceb750ad: start FollowerState
2019-09-23 08:26:10,561 [Thread-2512] INFO  impl.RoleInfo (RoleInfo.java:updateAndGet(143)) - 4b64ff27-3488-4b8e-bc56-49e041fa64aa: start LeaderElection
2019-09-23 08:26:10,568 [14e26da3-75f1-4d23-8ebb-3215c6e848c8@group-D0116267D68A:LeaderElection95] INFO  impl.LeaderElection (LeaderElection.java:logAndReturn(56)) - 14e26da3-75f1-4d23-8ebb-3215c6e848c8@group-D0116267D68A:LeaderElection95: Election REJECTED; received 2 response(s) [14e26da3-75f1-4d23-8ebb-3215c6e848c8<-a1f25157-3c02-4d59-8065-2068ceb750ad#0:FAIL-t1, 14e26da3-75f1-4d23-8ebb-3215c6e848c8<-723c227e-5c50-41ec-a9d2-cf06d59cd693#0:FAIL-t1] and 0 exception(s); 14e26da3-75f1-4d23-8ebb-3215c6e848c8@group-D0116267D68A:t1, leader=null, voted=14e26da3-75f1-4d23-8ebb-3215c6e848c8, raftlog=14e26da3-75f1-4d23-8ebb-3215c6e848c8@group-D0116267D68A-SegmentedRaftLog:OPENED:c-1,f-1,i0, conf=-1: [14e26da3-75f1-4d23-8ebb-3215c6e848c8:192.168.5.189:36406, a1f25157-3c02-4d59-8065-2068ceb750ad:192.168.5.189:38755, 723c227e-5c50-41ec-a9d2-cf06d59cd693:192.168.5.189:34841], old=null
2019-09-23 08:26:10,568 [14e26da3-75f1-4d23-8ebb-3215c6e848c8@group-D0116267D68A:LeaderElection95] INFO  impl.RaftServerImpl (RaftServerImpl.java:setRole(174)) - 14e26da3-75f1-4d23-8ebb-3215c6e848c8@group-D0116267D68A: changes role from CANDIDATE to FOLLOWER at term 1 for DISCOVERED_A_NEW_TERM
2019-09-23 08:26:10,568 [14e26da3-75f1-4d23-8ebb-3215c6e848c8@group-D0116267D68A:LeaderElection95] INFO  impl.RoleInfo (RoleInfo.java:shutdownLeaderElection(134)) - 14e26da3-75f1-4d23-8ebb-3215c6e848c8: shutdown LeaderElection
2019-09-23 08:26:10,568 [14e26da3-75f1-4d23-8ebb-3215c6e848c8@group-D0116267D68A:LeaderElection95] INFO  impl.RoleInfo (RoleInfo.java:updateAndGet(143)) - 14e26da3-75f1-4d23-8ebb-3215c6e848c8: start FollowerState
2019-09-23 08:26:10,635 [14e26da3-75f1-4d23-8ebb-3215c6e848c8@group-01028ADAB6A6-SegmentedRaftLogWorker] INFO  segmented.SegmentedRaftLogWorker (SegmentedRaftLogWorker.java:execute(569)) - 14e26da3-75f1-4d23-8ebb-3215c6e848c8@group-01028ADAB6A6-SegmentedRaftLogWorker: created new log segment /workdir/hadoop-ozone/integration-test/target/test-dir/MiniOzoneClusterImpl-474ba54a-de8a-4486-82a8-6ac711b3de75/datanode-2/data/ratis/01494c8f-180b-4f1d-b5ec-01028adab6a6/current/log_inprogress_0
2019-09-23 08:26:10,701 [a1f25157-3c02-4d59-8065-2068ceb750ad@group-61387FE587E6-SegmentedRaftLogWorker] INFO  segmented.SegmentedRaftLogWorker (SegmentedRaftLogWorker.java:execute(569)) - a1f25157-3c02-4d59-8065-2068ceb750ad@group-61387FE587E6-SegmentedRaftLogWorker: created new log segment /workdir/hadoop-ozone/integration-test/target/test-dir/MiniOzoneClusterImpl-474ba54a-de8a-4486-82a8-6ac711b3de75/datanode-1/data/ratis/1934cb91-dec4-4419-944f-61387fe587e6/current/log_inprogress_0
2019-09-23 08:26:10,701 [4b64ff27-3488-4b8e-bc56-49e041fa64aa@group-14C5A2AA7965:LeaderElection96] INFO  impl.LeaderElection (LeaderElection.java:askForVotes(182)) - 4b64ff27-3488-4b8e-bc56-49e041fa64aa@group-14C5A2AA7965:LeaderElection96: begin an election at term 1 for -1: [4b64ff27-3488-4b8e-bc56-49e041fa64aa:192.168.5.189:40779], old=null
2019-09-23 08:26:10,702 [4b64ff27-3488-4b8e-bc56-49e041fa64aa@group-14C5A2AA7965:LeaderElection96] INFO  impl.RoleInfo (RoleInfo.java:shutdownLeaderElection(134)) - 4b64ff27-3488-4b8e-bc56-49e041fa64aa: shutdown LeaderElection
2019-09-23 08:26:10,702 [4b64ff27-3488-4b8e-bc56-49e041fa64aa@group-14C5A2AA7965:LeaderElection96] INFO  impl.RaftServerImpl (RaftServerImpl.java:setRole(174)) - 4b64ff27-3488-4b8e-bc56-49e041fa64aa@group-14C5A2AA7965: changes role from CANDIDATE to LEADER at term 1 for changeToLeader
2019-09-23 08:26:10,702 [4b64ff27-3488-4b8e-bc56-49e041fa64aa@group-14C5A2AA7965:LeaderElection96] INFO  impl.RaftServerImpl (ServerState.java:setLeader(253)) - 4b64ff27-3488-4b8e-bc56-49e041fa64aa@group-14C5A2AA7965: change Leader from null to 4b64ff27-3488-4b8e-bc56-49e041fa64aa at term 1 for becomeLeader, leader elected after 5214ms
2019-09-23 08:26:10,702 [4b64ff27-3488-4b8e-bc56-49e041fa64aa@group-14C5A2AA7965:LeaderElection96] INFO  server.RaftServerConfigKeys (ConfUtils.java:logGet(43)) - raft.server.staging.catchup.gap = 1000 (default)
2019-09-23 08:26:10,702 [4b64ff27-3488-4b8e-bc56-49e041fa64aa@group-14C5A2AA7965:LeaderElection96] INFO  server.RaftServerConfigKeys (ConfUtils.java:logGet(43)) - raft.server.rpc.sleep.time = 25ms (default)
2019-09-23 08:26:10,702 [4b64ff27-3488-4b8e-bc56-49e041fa64aa@group-14C5A2AA7965:LeaderElection96] INFO  server.RaftServerConfigKeys (ConfUtils.java:logGet(43)) - raft.server.write.element-limit = 4096 (default)
2019-09-23 08:26:10,702 [4b64ff27-3488-4b8e-bc56-49e041fa64aa@group-14C5A2AA7965:LeaderElection96] INFO  server.RaftServerConfigKeys (ConfUtils.java:logGet(43)) - raft.server.watch.timeout = 10s (default)
2019-09-23 08:26:10,702 [4b64ff27-3488-4b8e-bc56-49e041fa64aa@group-14C5A2AA7965:LeaderElection96] INFO  server.RaftServerConfigKeys (ConfUtils.java:logGet(43)) - raft.server.watch.timeout.denomination = 1s (default)
2019-09-23 08:26:10,702 [4b64ff27-3488-4b8e-bc56-49e041fa64aa@group-14C5A2AA7965:LeaderElection96] INFO  server.RaftServerConfigKeys (ConfUtils.java:logGet(43)) - raft.server.watch.element-limit = 65536 (default)
2019-09-23 08:26:10,704 [4b64ff27-3488-4b8e-bc56-49e041fa64aa@group-14C5A2AA7965:LeaderElection96] INFO  impl.RoleInfo (RoleInfo.java:updateAndGet(143)) - 4b64ff27-3488-4b8e-bc56-49e041fa64aa: start LeaderState
2019-09-23 08:26:10,704 [4b64ff27-3488-4b8e-bc56-49e041fa64aa@group-14C5A2AA7965:LeaderElection96] INFO  segmented.SegmentedRaftLogWorker (SegmentedRaftLogWorker.java:startLogSegment(380)) - 4b64ff27-3488-4b8e-bc56-49e041fa64aa@group-14C5A2AA7965-SegmentedRaftLogWorker: Starting segment from index:0
2019-09-23 08:26:10,704 [4b64ff27-3488-4b8e-bc56-49e041fa64aa@group-14C5A2AA7965:LeaderElection96] INFO  impl.RaftServerImpl (ServerState.java:setRaftConf(354)) - 4b64ff27-3488-4b8e-bc56-49e041fa64aa@group-14C5A2AA7965: set configuration 0: [4b64ff27-3488-4b8e-bc56-49e041fa64aa:192.168.5.189:40779], old=null at 0
2019-09-23 08:26:10,751 [Thread-2515] INFO  impl.FollowerState (FollowerState.java:run(106)) - 0b4cc948-e21f-4d8f-8d77-7932595504e1:group-C043BAA239CD changes to CANDIDATE, lastRpcTime:5095, electionTimeout:5095ms
2019-09-23 08:26:10,751 [Thread-2515] INFO  impl.RoleInfo (RoleInfo.java:shutdownFollowerState(121)) - 0b4cc948-e21f-4d8f-8d77-7932595504e1: shutdown FollowerState
2019-09-23 08:26:10,752 [Thread-2515] INFO  impl.RaftServerImpl (RaftServerImpl.java:setRole(174)) - 0b4cc948-e21f-4d8f-8d77-7932595504e1@group-C043BAA239CD: changes role from  FOLLOWER to CANDIDATE at term 0 for changeToCandidate
2019-09-23 08:26:10,752 [Thread-2515] INFO  impl.RoleInfo (RoleInfo.java:updateAndGet(143)) - 0b4cc948-e21f-4d8f-8d77-7932595504e1: start LeaderElection
2019-09-23 08:26:10,815 [4b64ff27-3488-4b8e-bc56-49e041fa64aa@group-14C5A2AA7965-SegmentedRaftLogWorker] INFO  segmented.SegmentedRaftLogWorker (SegmentedRaftLogWorker.java:execute(569)) - 4b64ff27-3488-4b8e-bc56-49e041fa64aa@group-14C5A2AA7965-SegmentedRaftLogWorker: created new log segment /workdir/hadoop-ozone/integration-test/target/test-dir/MiniOzoneClusterImpl-474ba54a-de8a-4486-82a8-6ac711b3de75/datanode-5/data/ratis/09adf680-e4ba-4a90-af74-14c5a2aa7965/current/log_inprogress_0
2019-09-23 08:26:10,903 [0b4cc948-e21f-4d8f-8d77-7932595504e1@group-C043BAA239CD:LeaderElection97] INFO  impl.LeaderElection (LeaderElection.java:askForVotes(182)) - 0b4cc948-e21f-4d8f-8d77-7932595504e1@group-C043BAA239CD:LeaderElection97: begin an election at term 1 for -1: [0b4cc948-e21f-4d8f-8d77-7932595504e1:192.168.5.189:40006], old=null
2019-09-23 08:26:10,903 [0b4cc948-e21f-4d8f-8d77-7932595504e1@group-C043BAA239CD:LeaderElection97] INFO  impl.RoleInfo (RoleInfo.java:shutdownLeaderElection(134)) - 0b4cc948-e21f-4d8f-8d77-7932595504e1: shutdown LeaderElection
2019-09-23 08:26:10,903 [0b4cc948-e21f-4d8f-8d77-7932595504e1@group-C043BAA239CD:LeaderElection97] INFO  impl.RaftServerImpl (RaftServerImpl.java:setRole(174)) - 0b4cc948-e21f-4d8f-8d77-7932595504e1@group-C043BAA239CD: changes role from CANDIDATE to LEADER at term 1 for changeToLeader
2019-09-23 08:26:10,903 [0b4cc948-e21f-4d8f-8d77-7932595504e1@group-C043BAA239CD:LeaderElection97] INFO  impl.RaftServerImpl (ServerState.java:setLeader(253)) - 0b4cc948-e21f-4d8f-8d77-7932595504e1@group-C043BAA239CD: change Leader from null to 0b4cc948-e21f-4d8f-8d77-7932595504e1 at term 1 for becomeLeader, leader elected after 5253ms
2019-09-23 08:26:10,904 [0b4cc948-e21f-4d8f-8d77-7932595504e1@group-C043BAA239CD:LeaderElection97] INFO  server.RaftServerConfigKeys (ConfUtils.java:logGet(43)) - raft.server.staging.catchup.gap = 1000 (default)
2019-09-23 08:26:10,904 [0b4cc948-e21f-4d8f-8d77-7932595504e1@group-C043BAA239CD:LeaderElection97] INFO  server.RaftServerConfigKeys (ConfUtils.java:logGet(43)) - raft.server.rpc.sleep.time = 25ms (default)
2019-09-23 08:26:10,904 [0b4cc948-e21f-4d8f-8d77-7932595504e1@group-C043BAA239CD:LeaderElection97] INFO  server.RaftServerConfigKeys (ConfUtils.java:logGet(43)) - raft.server.write.element-limit = 4096 (default)
2019-09-23 08:26:10,904 [0b4cc948-e21f-4d8f-8d77-7932595504e1@group-C043BAA239CD:LeaderElection97] INFO  server.RaftServerConfigKeys (ConfUtils.java:logGet(43)) - raft.server.watch.timeout = 10s (default)
2019-09-23 08:26:10,904 [0b4cc948-e21f-4d8f-8d77-7932595504e1@group-C043BAA239CD:LeaderElection97] INFO  server.RaftServerConfigKeys (ConfUtils.java:logGet(43)) - raft.server.watch.timeout.denomination = 1s (default)
2019-09-23 08:26:10,904 [0b4cc948-e21f-4d8f-8d77-7932595504e1@group-C043BAA239CD:LeaderElection97] INFO  server.RaftServerConfigKeys (ConfUtils.java:logGet(43)) - raft.server.watch.element-limit = 65536 (default)
2019-09-23 08:26:10,906 [0b4cc948-e21f-4d8f-8d77-7932595504e1@group-C043BAA239CD:LeaderElection97] INFO  impl.RoleInfo (RoleInfo.java:updateAndGet(143)) - 0b4cc948-e21f-4d8f-8d77-7932595504e1: start LeaderState
2019-09-23 08:26:10,906 [0b4cc948-e21f-4d8f-8d77-7932595504e1@group-C043BAA239CD:LeaderElection97] INFO  segmented.SegmentedRaftLogWorker (SegmentedRaftLogWorker.java:startLogSegment(380)) - 0b4cc948-e21f-4d8f-8d77-7932595504e1@group-C043BAA239CD-SegmentedRaftLogWorker: Starting segment from index:0
2019-09-23 08:26:10,907 [0b4cc948-e21f-4d8f-8d77-7932595504e1@group-C043BAA239CD:LeaderElection97] INFO  impl.RaftServerImpl (ServerState.java:setRaftConf(354)) - 0b4cc948-e21f-4d8f-8d77-7932595504e1@group-C043BAA239CD: set configuration 0: [0b4cc948-e21f-4d8f-8d77-7932595504e1:192.168.5.189:40006], old=null at 0
2019-09-23 08:26:10,966 [Thread-2518] INFO  impl.FollowerState (FollowerState.java:run(106)) - eedb13b3-b566-48cc-93b5-1a70502cb151:group-1EAB8732A621 changes to CANDIDATE, lastRpcTime:5122, electionTimeout:5122ms
2019-09-23 08:26:10,966 [Thread-2518] INFO  impl.RoleInfo (RoleInfo.java:shutdownFollowerState(121)) - eedb13b3-b566-48cc-93b5-1a70502cb151: shutdown FollowerState
2019-09-23 08:26:10,967 [Thread-2518] INFO  impl.RaftServerImpl (RaftServerImpl.java:setRole(174)) - eedb13b3-b566-48cc-93b5-1a70502cb151@group-1EAB8732A621: changes role from  FOLLOWER to CANDIDATE at term 0 for changeToCandidate
2019-09-23 08:26:10,967 [Thread-2518] INFO  impl.RoleInfo (RoleInfo.java:updateAndGet(143)) - eedb13b3-b566-48cc-93b5-1a70502cb151: start LeaderElection
2019-09-23 08:26:10,988 [0b4cc948-e21f-4d8f-8d77-7932595504e1@group-C043BAA239CD-SegmentedRaftLogWorker] INFO  segmented.SegmentedRaftLogWorker (SegmentedRaftLogWorker.java:execute(569)) - 0b4cc948-e21f-4d8f-8d77-7932595504e1@group-C043BAA239CD-SegmentedRaftLogWorker: created new log segment /workdir/hadoop-ozone/integration-test/target/test-dir/MiniOzoneClusterImpl-474ba54a-de8a-4486-82a8-6ac711b3de75/datanode-4/data/ratis/2ca798ce-0716-4478-9cc1-c043baa239cd/current/log_inprogress_0
2019-09-23 08:26:11,093 [eedb13b3-b566-48cc-93b5-1a70502cb151@group-1EAB8732A621:LeaderElection98] INFO  impl.LeaderElection (LeaderElection.java:askForVotes(182)) - eedb13b3-b566-48cc-93b5-1a70502cb151@group-1EAB8732A621:LeaderElection98: begin an election at term 1 for -1: [eedb13b3-b566-48cc-93b5-1a70502cb151:192.168.5.189:34407], old=null
2019-09-23 08:26:11,093 [eedb13b3-b566-48cc-93b5-1a70502cb151@group-1EAB8732A621:LeaderElection98] INFO  impl.RoleInfo (RoleInfo.java:shutdownLeaderElection(134)) - eedb13b3-b566-48cc-93b5-1a70502cb151: shutdown LeaderElection
2019-09-23 08:26:11,093 [eedb13b3-b566-48cc-93b5-1a70502cb151@group-1EAB8732A621:LeaderElection98] INFO  impl.RaftServerImpl (RaftServerImpl.java:setRole(174)) - eedb13b3-b566-48cc-93b5-1a70502cb151@group-1EAB8732A621: changes role from CANDIDATE to LEADER at term 1 for changeToLeader
2019-09-23 08:26:11,093 [eedb13b3-b566-48cc-93b5-1a70502cb151@group-1EAB8732A621:LeaderElection98] INFO  impl.RaftServerImpl (ServerState.java:setLeader(253)) - eedb13b3-b566-48cc-93b5-1a70502cb151@group-1EAB8732A621: change Leader from null to eedb13b3-b566-48cc-93b5-1a70502cb151 at term 1 for becomeLeader, leader elected after 5257ms
2019-09-23 08:26:11,093 [eedb13b3-b566-48cc-93b5-1a70502cb151@group-1EAB8732A621:LeaderElection98] INFO  server.RaftServerConfigKeys (ConfUtils.java:logGet(43)) - raft.server.staging.catchup.gap = 1000 (default)
2019-09-23 08:26:11,094 [eedb13b3-b566-48cc-93b5-1a70502cb151@group-1EAB8732A621:LeaderElection98] INFO  server.RaftServerConfigKeys (ConfUtils.java:logGet(43)) - raft.server.rpc.sleep.time = 25ms (default)
2019-09-23 08:26:11,094 [eedb13b3-b566-48cc-93b5-1a70502cb151@group-1EAB8732A621:LeaderElection98] INFO  server.RaftServerConfigKeys (ConfUtils.java:logGet(43)) - raft.server.write.element-limit = 4096 (default)
2019-09-23 08:26:11,094 [eedb13b3-b566-48cc-93b5-1a70502cb151@group-1EAB8732A621:LeaderElection98] INFO  server.RaftServerConfigKeys (ConfUtils.java:logGet(43)) - raft.server.watch.timeout = 10s (default)
2019-09-23 08:26:11,094 [eedb13b3-b566-48cc-93b5-1a70502cb151@group-1EAB8732A621:LeaderElection98] INFO  server.RaftServerConfigKeys (ConfUtils.java:logGet(43)) - raft.server.watch.timeout.denomination = 1s (default)
2019-09-23 08:26:11,094 [eedb13b3-b566-48cc-93b5-1a70502cb151@group-1EAB8732A621:LeaderElection98] INFO  server.RaftServerConfigKeys (ConfUtils.java:logGet(43)) - raft.server.watch.element-limit = 65536 (default)
2019-09-23 08:26:11,096 [eedb13b3-b566-48cc-93b5-1a70502cb151@group-1EAB8732A621:LeaderElection98] INFO  impl.RoleInfo (RoleInfo.java:updateAndGet(143)) - eedb13b3-b566-48cc-93b5-1a70502cb151: start LeaderState
2019-09-23 08:26:11,097 [eedb13b3-b566-48cc-93b5-1a70502cb151@group-1EAB8732A621:LeaderElection98] INFO  segmented.SegmentedRaftLogWorker (SegmentedRaftLogWorker.java:startLogSegment(380)) - eedb13b3-b566-48cc-93b5-1a70502cb151@group-1EAB8732A621-SegmentedRaftLogWorker: Starting segment from index:0
2019-09-23 08:26:11,097 [eedb13b3-b566-48cc-93b5-1a70502cb151@group-1EAB8732A621:LeaderElection98] INFO  impl.RaftServerImpl (ServerState.java:setRaftConf(354)) - eedb13b3-b566-48cc-93b5-1a70502cb151@group-1EAB8732A621: set configuration 0: [eedb13b3-b566-48cc-93b5-1a70502cb151:192.168.5.189:34407], old=null at 0
2019-09-23 08:26:11,127 [Thread-2521] INFO  impl.FollowerState (FollowerState.java:run(106)) - ea671247-8143-4fcf-8d63-ac99c7693c31:group-C2E40AAB454D changes to CANDIDATE, lastRpcTime:5118, electionTimeout:5118ms
2019-09-23 08:26:11,128 [Thread-2521] INFO  impl.RoleInfo (RoleInfo.java:shutdownFollowerState(121)) - ea671247-8143-4fcf-8d63-ac99c7693c31: shutdown FollowerState
2019-09-23 08:26:11,128 [Thread-2521] INFO  impl.RaftServerImpl (RaftServerImpl.java:setRole(174)) - ea671247-8143-4fcf-8d63-ac99c7693c31@group-C2E40AAB454D: changes role from  FOLLOWER to CANDIDATE at term 0 for changeToCandidate
2019-09-23 08:26:11,128 [Thread-2521] INFO  impl.RoleInfo (RoleInfo.java:updateAndGet(143)) - ea671247-8143-4fcf-8d63-ac99c7693c31: start LeaderElection
2019-09-23 08:26:11,155 [Thread-2529] INFO  impl.FollowerState (FollowerState.java:run(106)) - 0b4cc948-e21f-4d8f-8d77-7932595504e1:group-51B03CBD9250 changes to CANDIDATE, lastRpcTime:5043, electionTimeout:5043ms
2019-09-23 08:26:11,155 [Thread-2529] INFO  impl.RoleInfo (RoleInfo.java:shutdownFollowerState(121)) - 0b4cc948-e21f-4d8f-8d77-7932595504e1: shutdown FollowerState
2019-09-23 08:26:11,155 [Thread-2529] INFO  impl.RaftServerImpl (RaftServerImpl.java:setRole(174)) - 0b4cc948-e21f-4d8f-8d77-7932595504e1@group-51B03CBD9250: changes role from  FOLLOWER to CANDIDATE at term 0 for changeToCandidate
2019-09-23 08:26:11,155 [Thread-2529] INFO  impl.RoleInfo (RoleInfo.java:updateAndGet(143)) - 0b4cc948-e21f-4d8f-8d77-7932595504e1: start LeaderElection
2019-09-23 08:26:11,165 [eedb13b3-b566-48cc-93b5-1a70502cb151@group-1EAB8732A621-SegmentedRaftLogWorker] INFO  segmented.SegmentedRaftLogWorker (SegmentedRaftLogWorker.java:execute(569)) - eedb13b3-b566-48cc-93b5-1a70502cb151@group-1EAB8732A621-SegmentedRaftLogWorker: created new log segment /workdir/hadoop-ozone/integration-test/target/test-dir/MiniOzoneClusterImpl-474ba54a-de8a-4486-82a8-6ac711b3de75/datanode-3/data/ratis/be740630-be4b-4d4c-b026-1eab8732a621/current/log_inprogress_0
2019-09-23 08:26:11,186 [Thread-2528] INFO  impl.FollowerState (FollowerState.java:run(106)) - 4b64ff27-3488-4b8e-bc56-49e041fa64aa:group-51B03CBD9250 changes to CANDIDATE, lastRpcTime:5075, electionTimeout:5075ms
2019-09-23 08:26:11,186 [Thread-2528] INFO  impl.RoleInfo (RoleInfo.java:shutdownFollowerState(121)) - 4b64ff27-3488-4b8e-bc56-49e041fa64aa: shutdown FollowerState
2019-09-23 08:26:11,187 [Thread-2528] INFO  impl.RaftServerImpl (RaftServerImpl.java:setRole(174)) - 4b64ff27-3488-4b8e-bc56-49e041fa64aa@group-51B03CBD9250: changes role from  FOLLOWER to CANDIDATE at term 0 for changeToCandidate
2019-09-23 08:26:11,187 [Thread-2528] INFO  impl.RoleInfo (RoleInfo.java:updateAndGet(143)) - 4b64ff27-3488-4b8e-bc56-49e041fa64aa: start LeaderElection
2019-09-23 08:26:11,237 [ea671247-8143-4fcf-8d63-ac99c7693c31@group-C2E40AAB454D:LeaderElection99] INFO  impl.LeaderElection (LeaderElection.java:askForVotes(182)) - ea671247-8143-4fcf-8d63-ac99c7693c31@group-C2E40AAB454D:LeaderElection99: begin an election at term 1 for -1: [ea671247-8143-4fcf-8d63-ac99c7693c31:192.168.5.189:38373], old=null
2019-09-23 08:26:11,237 [0b4cc948-e21f-4d8f-8d77-7932595504e1@group-51B03CBD9250:LeaderElection100] INFO  impl.LeaderElection (LeaderElection.java:askForVotes(182)) - 0b4cc948-e21f-4d8f-8d77-7932595504e1@group-51B03CBD9250:LeaderElection100: begin an election at term 1 for -1: [eedb13b3-b566-48cc-93b5-1a70502cb151:192.168.5.189:34407, 0b4cc948-e21f-4d8f-8d77-7932595504e1:192.168.5.189:40006, 4b64ff27-3488-4b8e-bc56-49e041fa64aa:192.168.5.189:40779], old=null
2019-09-23 08:26:11,237 [ea671247-8143-4fcf-8d63-ac99c7693c31@group-C2E40AAB454D:LeaderElection99] INFO  impl.RoleInfo (RoleInfo.java:shutdownLeaderElection(134)) - ea671247-8143-4fcf-8d63-ac99c7693c31: shutdown LeaderElection
2019-09-23 08:26:11,238 [ea671247-8143-4fcf-8d63-ac99c7693c31@group-C2E40AAB454D:LeaderElection99] INFO  impl.RaftServerImpl (RaftServerImpl.java:setRole(174)) - ea671247-8143-4fcf-8d63-ac99c7693c31@group-C2E40AAB454D: changes role from CANDIDATE to LEADER at term 1 for changeToLeader
2019-09-23 08:26:11,238 [ea671247-8143-4fcf-8d63-ac99c7693c31@group-C2E40AAB454D:LeaderElection99] INFO  impl.RaftServerImpl (ServerState.java:setLeader(253)) - ea671247-8143-4fcf-8d63-ac99c7693c31@group-C2E40AAB454D: change Leader from null to ea671247-8143-4fcf-8d63-ac99c7693c31 at term 1 for becomeLeader, leader elected after 5237ms
2019-09-23 08:26:11,238 [ea671247-8143-4fcf-8d63-ac99c7693c31@group-C2E40AAB454D:LeaderElection99] INFO  server.RaftServerConfigKeys (ConfUtils.java:logGet(43)) - raft.server.staging.catchup.gap = 1000 (default)
2019-09-23 08:26:11,238 [ea671247-8143-4fcf-8d63-ac99c7693c31@group-C2E40AAB454D:LeaderElection99] INFO  server.RaftServerConfigKeys (ConfUtils.java:logGet(43)) - raft.server.rpc.sleep.time = 25ms (default)
2019-09-23 08:26:11,238 [ea671247-8143-4fcf-8d63-ac99c7693c31@group-C2E40AAB454D:LeaderElection99] INFO  server.RaftServerConfigKeys (ConfUtils.java:logGet(43)) - raft.server.write.element-limit = 4096 (default)
2019-09-23 08:26:11,238 [ea671247-8143-4fcf-8d63-ac99c7693c31@group-C2E40AAB454D:LeaderElection99] INFO  server.RaftServerConfigKeys (ConfUtils.java:logGet(43)) - raft.server.watch.timeout = 10s (default)
2019-09-23 08:26:11,238 [ea671247-8143-4fcf-8d63-ac99c7693c31@group-C2E40AAB454D:LeaderElection99] INFO  server.RaftServerConfigKeys (ConfUtils.java:logGet(43)) - raft.server.watch.timeout.denomination = 1s (default)
2019-09-23 08:26:11,238 [ea671247-8143-4fcf-8d63-ac99c7693c31@group-C2E40AAB454D:LeaderElection99] INFO  server.RaftServerConfigKeys (ConfUtils.java:logGet(43)) - raft.server.watch.element-limit = 65536 (default)
2019-09-23 08:26:11,240 [ea671247-8143-4fcf-8d63-ac99c7693c31@group-C2E40AAB454D:LeaderElection99] INFO  impl.RoleInfo (RoleInfo.java:updateAndGet(143)) - ea671247-8143-4fcf-8d63-ac99c7693c31: start LeaderState
2019-09-23 08:26:11,240 [ea671247-8143-4fcf-8d63-ac99c7693c31@group-C2E40AAB454D:LeaderElection99] INFO  segmented.SegmentedRaftLogWorker (SegmentedRaftLogWorker.java:startLogSegment(380)) - ea671247-8143-4fcf-8d63-ac99c7693c31@group-C2E40AAB454D-SegmentedRaftLogWorker: Starting segment from index:0
2019-09-23 08:26:11,241 [ea671247-8143-4fcf-8d63-ac99c7693c31@group-C2E40AAB454D:LeaderElection99] INFO  impl.RaftServerImpl (ServerState.java:setRaftConf(354)) - ea671247-8143-4fcf-8d63-ac99c7693c31@group-C2E40AAB454D: set configuration 0: [ea671247-8143-4fcf-8d63-ac99c7693c31:192.168.5.189:38373], old=null at 0
2019-09-23 08:26:11,265 [grpc-default-executor-7] INFO  impl.RaftServerImpl (RaftServerImpl.java:setRole(174)) - eedb13b3-b566-48cc-93b5-1a70502cb151@group-51B03CBD9250: changes role from  FOLLOWER to FOLLOWER at term 1 for recognizeCandidate:0b4cc948-e21f-4d8f-8d77-7932595504e1
2019-09-23 08:26:11,266 [grpc-default-executor-7] INFO  impl.RoleInfo (RoleInfo.java:shutdownFollowerState(121)) - eedb13b3-b566-48cc-93b5-1a70502cb151: shutdown FollowerState
2019-09-23 08:26:11,266 [4b64ff27-3488-4b8e-bc56-49e041fa64aa@group-51B03CBD9250:LeaderElection101] INFO  impl.LeaderElection (LeaderElection.java:askForVotes(182)) - 4b64ff27-3488-4b8e-bc56-49e041fa64aa@group-51B03CBD9250:LeaderElection101: begin an election at term 1 for -1: [eedb13b3-b566-48cc-93b5-1a70502cb151:192.168.5.189:34407, 0b4cc948-e21f-4d8f-8d77-7932595504e1:192.168.5.189:40006, 4b64ff27-3488-4b8e-bc56-49e041fa64aa:192.168.5.189:40779], old=null
2019-09-23 08:26:11,266 [grpc-default-executor-7] INFO  impl.RoleInfo (RoleInfo.java:updateAndGet(143)) - eedb13b3-b566-48cc-93b5-1a70502cb151: start FollowerState
2019-09-23 08:26:11,266 [Thread-2524] INFO  impl.FollowerState (FollowerState.java:run(115)) - eedb13b3-b566-48cc-93b5-1a70502cb151: FollowerState was interrupted: java.lang.InterruptedException: sleep interrupted
2019-09-23 08:26:11,323 [ea671247-8143-4fcf-8d63-ac99c7693c31@group-C2E40AAB454D-SegmentedRaftLogWorker] INFO  segmented.SegmentedRaftLogWorker (SegmentedRaftLogWorker.java:execute(569)) - ea671247-8143-4fcf-8d63-ac99c7693c31@group-C2E40AAB454D-SegmentedRaftLogWorker: created new log segment /workdir/hadoop-ozone/integration-test/target/test-dir/MiniOzoneClusterImpl-474ba54a-de8a-4486-82a8-6ac711b3de75/datanode-6/data/ratis/fa3b36fa-0ee5-4ee7-8dc6-c2e40aab454d/current/log_inprogress_0
2019-09-23 08:26:11,326 [0b4cc948-e21f-4d8f-8d77-7932595504e1@group-51B03CBD9250:LeaderElection100] INFO  impl.LeaderElection (LeaderElection.java:logAndReturn(56)) - 0b4cc948-e21f-4d8f-8d77-7932595504e1@group-51B03CBD9250:LeaderElection100: Election PASSED; received 2 response(s) [0b4cc948-e21f-4d8f-8d77-7932595504e1<-eedb13b3-b566-48cc-93b5-1a70502cb151#0:OK-t1, 0b4cc948-e21f-4d8f-8d77-7932595504e1<-4b64ff27-3488-4b8e-bc56-49e041fa64aa#0:FAIL-t1] and 0 exception(s); 0b4cc948-e21f-4d8f-8d77-7932595504e1@group-51B03CBD9250:t1, leader=null, voted=0b4cc948-e21f-4d8f-8d77-7932595504e1, raftlog=0b4cc948-e21f-4d8f-8d77-7932595504e1@group-51B03CBD9250-SegmentedRaftLog:OPENED:c-1,f-1,i0, conf=-1: [eedb13b3-b566-48cc-93b5-1a70502cb151:192.168.5.189:34407, 0b4cc948-e21f-4d8f-8d77-7932595504e1:192.168.5.189:40006, 4b64ff27-3488-4b8e-bc56-49e041fa64aa:192.168.5.189:40779], old=null
2019-09-23 08:26:11,326 [4b64ff27-3488-4b8e-bc56-49e041fa64aa@group-51B03CBD9250:LeaderElection101] INFO  impl.LeaderElection (LeaderElection.java:logAndReturn(56)) - 4b64ff27-3488-4b8e-bc56-49e041fa64aa@group-51B03CBD9250:LeaderElection101: Election REJECTED; received 2 response(s) [4b64ff27-3488-4b8e-bc56-49e041fa64aa<-eedb13b3-b566-48cc-93b5-1a70502cb151#0:FAIL-t1, 4b64ff27-3488-4b8e-bc56-49e041fa64aa<-0b4cc948-e21f-4d8f-8d77-7932595504e1#0:FAIL-t1] and 0 exception(s); 4b64ff27-3488-4b8e-bc56-49e041fa64aa@group-51B03CBD9250:t1, leader=null, voted=4b64ff27-3488-4b8e-bc56-49e041fa64aa, raftlog=4b64ff27-3488-4b8e-bc56-49e041fa64aa@group-51B03CBD9250-SegmentedRaftLog:OPENED:c-1,f-1,i0, conf=-1: [eedb13b3-b566-48cc-93b5-1a70502cb151:192.168.5.189:34407, 0b4cc948-e21f-4d8f-8d77-7932595504e1:192.168.5.189:40006, 4b64ff27-3488-4b8e-bc56-49e041fa64aa:192.168.5.189:40779], old=null
2019-09-23 08:26:11,327 [4b64ff27-3488-4b8e-bc56-49e041fa64aa@group-51B03CBD9250:LeaderElection101] INFO  impl.RaftServerImpl (RaftServerImpl.java:setRole(174)) - 4b64ff27-3488-4b8e-bc56-49e041fa64aa@group-51B03CBD9250: changes role from CANDIDATE to FOLLOWER at term 1 for DISCOVERED_A_NEW_TERM
2019-09-23 08:26:11,327 [4b64ff27-3488-4b8e-bc56-49e041fa64aa@group-51B03CBD9250:LeaderElection101] INFO  impl.RoleInfo (RoleInfo.java:shutdownLeaderElection(134)) - 4b64ff27-3488-4b8e-bc56-49e041fa64aa: shutdown LeaderElection
2019-09-23 08:26:11,327 [4b64ff27-3488-4b8e-bc56-49e041fa64aa@group-51B03CBD9250:LeaderElection101] INFO  impl.RoleInfo (RoleInfo.java:updateAndGet(143)) - 4b64ff27-3488-4b8e-bc56-49e041fa64aa: start FollowerState
2019-09-23 08:26:11,328 [0b4cc948-e21f-4d8f-8d77-7932595504e1@group-51B03CBD9250:LeaderElection100] INFO  impl.RoleInfo (RoleInfo.java:shutdownLeaderElection(134)) - 0b4cc948-e21f-4d8f-8d77-7932595504e1: shutdown LeaderElection
2019-09-23 08:26:11,336 [0b4cc948-e21f-4d8f-8d77-7932595504e1@group-51B03CBD9250:LeaderElection100] INFO  impl.RaftServerImpl (RaftServerImpl.java:setRole(174)) - 0b4cc948-e21f-4d8f-8d77-7932595504e1@group-51B03CBD9250: changes role from CANDIDATE to LEADER at term 1 for changeToLeader
2019-09-23 08:26:11,336 [0b4cc948-e21f-4d8f-8d77-7932595504e1@group-51B03CBD9250:LeaderElection100] INFO  impl.RaftServerImpl (ServerState.java:setLeader(253)) - 0b4cc948-e21f-4d8f-8d77-7932595504e1@group-51B03CBD9250: change Leader from null to 0b4cc948-e21f-4d8f-8d77-7932595504e1 at term 1 for becomeLeader, leader elected after 5237ms
2019-09-23 08:26:11,336 [0b4cc948-e21f-4d8f-8d77-7932595504e1@group-51B03CBD9250:LeaderElection100] INFO  server.RaftServerConfigKeys (ConfUtils.java:logGet(43)) - raft.server.staging.catchup.gap = 1000 (default)
2019-09-23 08:26:11,336 [0b4cc948-e21f-4d8f-8d77-7932595504e1@group-51B03CBD9250:LeaderElection100] INFO  server.RaftServerConfigKeys (ConfUtils.java:logGet(43)) - raft.server.rpc.sleep.time = 25ms (default)
2019-09-23 08:26:11,336 [0b4cc948-e21f-4d8f-8d77-7932595504e1@group-51B03CBD9250:LeaderElection100] INFO  server.RaftServerConfigKeys (ConfUtils.java:logGet(43)) - raft.server.write.element-limit = 4096 (default)
2019-09-23 08:26:11,337 [0b4cc948-e21f-4d8f-8d77-7932595504e1@group-51B03CBD9250:LeaderElection100] INFO  server.RaftServerConfigKeys (ConfUtils.java:logGet(43)) - raft.server.watch.timeout = 10s (default)
2019-09-23 08:26:11,337 [0b4cc948-e21f-4d8f-8d77-7932595504e1@group-51B03CBD9250:LeaderElection100] INFO  server.RaftServerConfigKeys (ConfUtils.java:logGet(43)) - raft.server.watch.timeout.denomination = 1s (default)
2019-09-23 08:26:11,337 [0b4cc948-e21f-4d8f-8d77-7932595504e1@group-51B03CBD9250:LeaderElection100] INFO  server.RaftServerConfigKeys (ConfUtils.java:logGet(43)) - raft.server.watch.element-limit = 65536 (default)
2019-09-23 08:26:11,339 [0b4cc948-e21f-4d8f-8d77-7932595504e1@group-51B03CBD9250:LeaderElection100] INFO  server.RaftServerConfigKeys (ConfUtils.java:logGet(43)) - raft.server.log.appender.snapshot.chunk.size.max = 16MB (=16777216) (default)
2019-09-23 08:26:11,339 [0b4cc948-e21f-4d8f-8d77-7932595504e1@group-51B03CBD9250:LeaderElection100] INFO  server.RaftServerConfigKeys (ConfUtils.java:logGet(43)) - raft.server.log.appender.buffer.byte-limit = 33554432 (custom)
2019-09-23 08:26:11,339 [0b4cc948-e21f-4d8f-8d77-7932595504e1@group-51B03CBD9250:LeaderElection100] INFO  server.RaftServerConfigKeys (ConfUtils.java:logGet(43)) - raft.server.log.appender.buffer.element-limit = 1 (custom)
2019-09-23 08:26:11,339 [0b4cc948-e21f-4d8f-8d77-7932595504e1@group-51B03CBD9250:LeaderElection100] INFO  grpc.GrpcConfigKeys$Server (ConfUtils.java:logGet(43)) - raft.grpc.server.leader.outstanding.appends.max = 128 (default)
2019-09-23 08:26:11,340 [0b4cc948-e21f-4d8f-8d77-7932595504e1@group-51B03CBD9250:LeaderElection100] INFO  server.RaftServerConfigKeys (ConfUtils.java:logGet(43)) - raft.server.rpc.request.timeout = 3000ms (default)
2019-09-23 08:26:11,340 [0b4cc948-e21f-4d8f-8d77-7932595504e1@group-51B03CBD9250:LeaderElection100] INFO  server.RaftServerConfigKeys (ConfUtils.java:logGet(43)) - raft.server.log.appender.install.snapshot.enabled = false (custom)
2019-09-23 08:26:11,340 [0b4cc948-e21f-4d8f-8d77-7932595504e1@group-51B03CBD9250:LeaderElection100] INFO  server.RaftServerConfigKeys (ConfUtils.java:logGet(43)) - raft.server.log.appender.snapshot.chunk.size.max = 16MB (=16777216) (default)
2019-09-23 08:26:11,340 [0b4cc948-e21f-4d8f-8d77-7932595504e1@group-51B03CBD9250:LeaderElection100] INFO  server.RaftServerConfigKeys (ConfUtils.java:logGet(43)) - raft.server.log.appender.buffer.byte-limit = 33554432 (custom)
2019-09-23 08:26:11,340 [0b4cc948-e21f-4d8f-8d77-7932595504e1@group-51B03CBD9250:LeaderElection100] INFO  server.RaftServerConfigKeys (ConfUtils.java:logGet(43)) - raft.server.log.appender.buffer.element-limit = 1 (custom)
2019-09-23 08:26:11,340 [0b4cc948-e21f-4d8f-8d77-7932595504e1@group-51B03CBD9250:LeaderElection100] INFO  grpc.GrpcConfigKeys$Server (ConfUtils.java:logGet(43)) - raft.grpc.server.leader.outstanding.appends.max = 128 (default)
2019-09-23 08:26:11,341 [0b4cc948-e21f-4d8f-8d77-7932595504e1@group-51B03CBD9250:LeaderElection100] INFO  server.RaftServerConfigKeys (ConfUtils.java:logGet(43)) - raft.server.rpc.request.timeout = 3000ms (default)
2019-09-23 08:26:11,341 [0b4cc948-e21f-4d8f-8d77-7932595504e1@group-51B03CBD9250:LeaderElection100] INFO  server.RaftServerConfigKeys (ConfUtils.java:logGet(43)) - raft.server.log.appender.install.snapshot.enabled = false (custom)
2019-09-23 08:26:11,341 [0b4cc948-e21f-4d8f-8d77-7932595504e1@group-51B03CBD9250:LeaderElection100] INFO  impl.RoleInfo (RoleInfo.java:updateAndGet(143)) - 0b4cc948-e21f-4d8f-8d77-7932595504e1: start LeaderState
2019-09-23 08:26:11,341 [0b4cc948-e21f-4d8f-8d77-7932595504e1@group-51B03CBD9250:LeaderElection100] INFO  segmented.SegmentedRaftLogWorker (SegmentedRaftLogWorker.java:startLogSegment(380)) - 0b4cc948-e21f-4d8f-8d77-7932595504e1@group-51B03CBD9250-SegmentedRaftLogWorker: Starting segment from index:0
2019-09-23 08:26:11,342 [0b4cc948-e21f-4d8f-8d77-7932595504e1@group-51B03CBD9250:LeaderElection100] INFO  impl.RaftServerImpl (ServerState.java:setRaftConf(354)) - 0b4cc948-e21f-4d8f-8d77-7932595504e1@group-51B03CBD9250: set configuration 0: [eedb13b3-b566-48cc-93b5-1a70502cb151:192.168.5.189:34407, 0b4cc948-e21f-4d8f-8d77-7932595504e1:192.168.5.189:40006, 4b64ff27-3488-4b8e-bc56-49e041fa64aa:192.168.5.189:40779], old=null at 0
2019-09-23 08:26:11,343 [grpc-default-executor-7] INFO  impl.RaftServerImpl (ServerState.java:setLeader(253)) - eedb13b3-b566-48cc-93b5-1a70502cb151@group-51B03CBD9250: change Leader from null to 0b4cc948-e21f-4d8f-8d77-7932595504e1 at term 1 for appendEntries, leader elected after 5245ms
2019-09-23 08:26:11,343 [grpc-default-executor-8] INFO  impl.RaftServerImpl (ServerState.java:setLeader(253)) - 4b64ff27-3488-4b8e-bc56-49e041fa64aa@group-51B03CBD9250: change Leader from null to 0b4cc948-e21f-4d8f-8d77-7932595504e1 at term 1 for appendEntries, leader elected after 5245ms
2019-09-23 08:26:11,345 [grpc-default-executor-8] INFO  impl.RaftServerImpl (ServerState.java:setRaftConf(354)) - eedb13b3-b566-48cc-93b5-1a70502cb151@group-51B03CBD9250: set configuration 0: [eedb13b3-b566-48cc-93b5-1a70502cb151:192.168.5.189:34407, 0b4cc948-e21f-4d8f-8d77-7932595504e1:192.168.5.189:40006, 4b64ff27-3488-4b8e-bc56-49e041fa64aa:192.168.5.189:40779], old=null at 0
2019-09-23 08:26:11,345 [grpc-default-executor-7] INFO  impl.RaftServerImpl (ServerState.java:setRaftConf(354)) - 4b64ff27-3488-4b8e-bc56-49e041fa64aa@group-51B03CBD9250: set configuration 0: [eedb13b3-b566-48cc-93b5-1a70502cb151:192.168.5.189:34407, 0b4cc948-e21f-4d8f-8d77-7932595504e1:192.168.5.189:40006, 4b64ff27-3488-4b8e-bc56-49e041fa64aa:192.168.5.189:40779], old=null at 0
2019-09-23 08:26:11,345 [grpc-default-executor-8] INFO  segmented.SegmentedRaftLogWorker (SegmentedRaftLogWorker.java:startLogSegment(380)) - eedb13b3-b566-48cc-93b5-1a70502cb151@group-51B03CBD9250-SegmentedRaftLogWorker: Starting segment from index:0
2019-09-23 08:26:11,345 [grpc-default-executor-7] INFO  segmented.SegmentedRaftLogWorker (SegmentedRaftLogWorker.java:startLogSegment(380)) - 4b64ff27-3488-4b8e-bc56-49e041fa64aa@group-51B03CBD9250-SegmentedRaftLogWorker: Starting segment from index:0
2019-09-23 08:26:11,423 [0b4cc948-e21f-4d8f-8d77-7932595504e1@group-51B03CBD9250-SegmentedRaftLogWorker] INFO  segmented.SegmentedRaftLogWorker (SegmentedRaftLogWorker.java:execute(569)) - 0b4cc948-e21f-4d8f-8d77-7932595504e1@group-51B03CBD9250-SegmentedRaftLogWorker: created new log segment /workdir/hadoop-ozone/integration-test/target/test-dir/MiniOzoneClusterImpl-474ba54a-de8a-4486-82a8-6ac711b3de75/datanode-4/data/ratis/2a7c2741-7b2c-4137-94ac-51b03cbd9250/current/log_inprogress_0
2019-09-23 08:26:11,423 [eedb13b3-b566-48cc-93b5-1a70502cb151@group-51B03CBD9250-SegmentedRaftLogWorker] INFO  segmented.SegmentedRaftLogWorker (SegmentedRaftLogWorker.java:execute(569)) - eedb13b3-b566-48cc-93b5-1a70502cb151@group-51B03CBD9250-SegmentedRaftLogWorker: created new log segment /workdir/hadoop-ozone/integration-test/target/test-dir/MiniOzoneClusterImpl-474ba54a-de8a-4486-82a8-6ac711b3de75/datanode-3/data/ratis/2a7c2741-7b2c-4137-94ac-51b03cbd9250/current/log_inprogress_0
2019-09-23 08:26:11,475 [4b64ff27-3488-4b8e-bc56-49e041fa64aa@group-51B03CBD9250-SegmentedRaftLogWorker] INFO  segmented.SegmentedRaftLogWorker (SegmentedRaftLogWorker.java:execute(569)) - 4b64ff27-3488-4b8e-bc56-49e041fa64aa@group-51B03CBD9250-SegmentedRaftLogWorker: created new log segment /workdir/hadoop-ozone/integration-test/target/test-dir/MiniOzoneClusterImpl-474ba54a-de8a-4486-82a8-6ac711b3de75/datanode-5/data/ratis/2a7c2741-7b2c-4137-94ac-51b03cbd9250/current/log_inprogress_0
2019-09-23 08:26:15,561 [Thread-2567] INFO  impl.FollowerState (FollowerState.java:run(106)) - 723c227e-5c50-41ec-a9d2-cf06d59cd693:group-D0116267D68A changes to CANDIDATE, lastRpcTime:5000, electionTimeout:5000ms
2019-09-23 08:26:15,561 [Thread-2567] INFO  impl.RoleInfo (RoleInfo.java:shutdownFollowerState(121)) - 723c227e-5c50-41ec-a9d2-cf06d59cd693: shutdown FollowerState
2019-09-23 08:26:15,561 [Thread-2567] INFO  impl.RaftServerImpl (RaftServerImpl.java:setRole(174)) - 723c227e-5c50-41ec-a9d2-cf06d59cd693@group-D0116267D68A: changes role from  FOLLOWER to CANDIDATE at term 1 for changeToCandidate
2019-09-23 08:26:15,561 [Thread-2567] INFO  impl.RoleInfo (RoleInfo.java:updateAndGet(143)) - 723c227e-5c50-41ec-a9d2-cf06d59cd693: start LeaderElection
2019-09-23 08:26:15,656 [Thread-2570] INFO  impl.FollowerState (FollowerState.java:run(106)) - 14e26da3-75f1-4d23-8ebb-3215c6e848c8:group-D0116267D68A changes to CANDIDATE, lastRpcTime:5088, electionTimeout:5088ms
2019-09-23 08:26:15,657 [Thread-2570] INFO  impl.RoleInfo (RoleInfo.java:shutdownFollowerState(121)) - 14e26da3-75f1-4d23-8ebb-3215c6e848c8: shutdown FollowerState
2019-09-23 08:26:15,657 [Thread-2570] INFO  impl.RaftServerImpl (RaftServerImpl.java:setRole(174)) - 14e26da3-75f1-4d23-8ebb-3215c6e848c8@group-D0116267D68A: changes role from  FOLLOWER to CANDIDATE at term 1 for changeToCandidate
2019-09-23 08:26:15,657 [Thread-2570] INFO  impl.RoleInfo (RoleInfo.java:updateAndGet(143)) - 14e26da3-75f1-4d23-8ebb-3215c6e848c8: start LeaderElection
2019-09-23 08:26:15,711 [723c227e-5c50-41ec-a9d2-cf06d59cd693@group-D0116267D68A:LeaderElection102] INFO  impl.LeaderElection (LeaderElection.java:askForVotes(182)) - 723c227e-5c50-41ec-a9d2-cf06d59cd693@group-D0116267D68A:LeaderElection102: begin an election at term 2 for -1: [14e26da3-75f1-4d23-8ebb-3215c6e848c8:192.168.5.189:36406, a1f25157-3c02-4d59-8065-2068ceb750ad:192.168.5.189:38755, 723c227e-5c50-41ec-a9d2-cf06d59cd693:192.168.5.189:34841], old=null
2019-09-23 08:26:15,712 [Thread-2568] INFO  impl.FollowerState (FollowerState.java:run(106)) - a1f25157-3c02-4d59-8065-2068ceb750ad:group-D0116267D68A changes to CANDIDATE, lastRpcTime:5151, electionTimeout:5151ms
2019-09-23 08:26:15,712 [Thread-2568] INFO  impl.RoleInfo (RoleInfo.java:shutdownFollowerState(121)) - a1f25157-3c02-4d59-8065-2068ceb750ad: shutdown FollowerState
2019-09-23 08:26:15,712 [Thread-2568] INFO  impl.RaftServerImpl (RaftServerImpl.java:setRole(174)) - a1f25157-3c02-4d59-8065-2068ceb750ad@group-D0116267D68A: changes role from  FOLLOWER to CANDIDATE at term 1 for changeToCandidate
2019-09-23 08:26:15,712 [Thread-2568] INFO  impl.RoleInfo (RoleInfo.java:updateAndGet(143)) - a1f25157-3c02-4d59-8065-2068ceb750ad: start LeaderElection
2019-09-23 08:26:15,806 [14e26da3-75f1-4d23-8ebb-3215c6e848c8@group-D0116267D68A:LeaderElection103] INFO  impl.LeaderElection (LeaderElection.java:askForVotes(182)) - 14e26da3-75f1-4d23-8ebb-3215c6e848c8@group-D0116267D68A:LeaderElection103: begin an election at term 2 for -1: [14e26da3-75f1-4d23-8ebb-3215c6e848c8:192.168.5.189:36406, a1f25157-3c02-4d59-8065-2068ceb750ad:192.168.5.189:38755, 723c227e-5c50-41ec-a9d2-cf06d59cd693:192.168.5.189:34841], old=null
2019-09-23 08:26:15,844 [a1f25157-3c02-4d59-8065-2068ceb750ad@group-D0116267D68A:LeaderElection104] INFO  impl.LeaderElection (LeaderElection.java:askForVotes(182)) - a1f25157-3c02-4d59-8065-2068ceb750ad@group-D0116267D68A:LeaderElection104: begin an election at term 2 for -1: [14e26da3-75f1-4d23-8ebb-3215c6e848c8:192.168.5.189:36406, a1f25157-3c02-4d59-8065-2068ceb750ad:192.168.5.189:38755, 723c227e-5c50-41ec-a9d2-cf06d59cd693:192.168.5.189:34841], old=null
2019-09-23 08:26:15,845 [723c227e-5c50-41ec-a9d2-cf06d59cd693@group-D0116267D68A:LeaderElection102] INFO  impl.LeaderElection (LeaderElection.java:logAndReturn(56)) - 723c227e-5c50-41ec-a9d2-cf06d59cd693@group-D0116267D68A:LeaderElection102: Election REJECTED; received 2 response(s) [723c227e-5c50-41ec-a9d2-cf06d59cd693<-14e26da3-75f1-4d23-8ebb-3215c6e848c8#0:FAIL-t2, 723c227e-5c50-41ec-a9d2-cf06d59cd693<-a1f25157-3c02-4d59-8065-2068ceb750ad#0:FAIL-t2] and 0 exception(s); 723c227e-5c50-41ec-a9d2-cf06d59cd693@group-D0116267D68A:t2, leader=null, voted=723c227e-5c50-41ec-a9d2-cf06d59cd693, raftlog=723c227e-5c50-41ec-a9d2-cf06d59cd693@group-D0116267D68A-SegmentedRaftLog:OPENED:c-1,f-1,i0, conf=-1: [14e26da3-75f1-4d23-8ebb-3215c6e848c8:192.168.5.189:36406, a1f25157-3c02-4d59-8065-2068ceb750ad:192.168.5.189:38755, 723c227e-5c50-41ec-a9d2-cf06d59cd693:192.168.5.189:34841], old=null
2019-09-23 08:26:15,846 [723c227e-5c50-41ec-a9d2-cf06d59cd693@group-D0116267D68A:LeaderElection102] INFO  impl.RaftServerImpl (RaftServerImpl.java:setRole(174)) - 723c227e-5c50-41ec-a9d2-cf06d59cd693@group-D0116267D68A: changes role from CANDIDATE to FOLLOWER at term 2 for DISCOVERED_A_NEW_TERM
2019-09-23 08:26:15,846 [14e26da3-75f1-4d23-8ebb-3215c6e848c8@group-D0116267D68A:LeaderElection103] INFO  impl.LeaderElection (LeaderElection.java:logAndReturn(56)) - 14e26da3-75f1-4d23-8ebb-3215c6e848c8@group-D0116267D68A:LeaderElection103: Election REJECTED; received 2 response(s) [14e26da3-75f1-4d23-8ebb-3215c6e848c8<-a1f25157-3c02-4d59-8065-2068ceb750ad#0:FAIL-t2, 14e26da3-75f1-4d23-8ebb-3215c6e848c8<-723c227e-5c50-41ec-a9d2-cf06d59cd693#0:FAIL-t2] and 0 exception(s); 14e26da3-75f1-4d23-8ebb-3215c6e848c8@group-D0116267D68A:t2, leader=null, voted=14e26da3-75f1-4d23-8ebb-3215c6e848c8, raftlog=14e26da3-75f1-4d23-8ebb-3215c6e848c8@group-D0116267D68A-SegmentedRaftLog:OPENED:c-1,f-1,i0, conf=-1: [14e26da3-75f1-4d23-8ebb-3215c6e848c8:192.168.5.189:36406, a1f25157-3c02-4d59-8065-2068ceb750ad:192.168.5.189:38755, 723c227e-5c50-41ec-a9d2-cf06d59cd693:192.168.5.189:34841], old=null
2019-09-23 08:26:15,857 [14e26da3-75f1-4d23-8ebb-3215c6e848c8@group-D0116267D68A:LeaderElection103] INFO  impl.RaftServerImpl (RaftServerImpl.java:setRole(174)) - 14e26da3-75f1-4d23-8ebb-3215c6e848c8@group-D0116267D68A: changes role from CANDIDATE to FOLLOWER at term 2 for DISCOVERED_A_NEW_TERM
2019-09-23 08:26:15,857 [14e26da3-75f1-4d23-8ebb-3215c6e848c8@group-D0116267D68A:LeaderElection103] INFO  impl.RoleInfo (RoleInfo.java:shutdownLeaderElection(134)) - 14e26da3-75f1-4d23-8ebb-3215c6e848c8: shutdown LeaderElection
2019-09-23 08:26:15,857 [14e26da3-75f1-4d23-8ebb-3215c6e848c8@group-D0116267D68A:LeaderElection103] INFO  impl.RoleInfo (RoleInfo.java:updateAndGet(143)) - 14e26da3-75f1-4d23-8ebb-3215c6e848c8: start FollowerState
2019-09-23 08:26:15,848 [723c227e-5c50-41ec-a9d2-cf06d59cd693@group-D0116267D68A:LeaderElection102] INFO  impl.RoleInfo (RoleInfo.java:shutdownLeaderElection(134)) - 723c227e-5c50-41ec-a9d2-cf06d59cd693: shutdown LeaderElection
2019-09-23 08:26:15,863 [723c227e-5c50-41ec-a9d2-cf06d59cd693@group-D0116267D68A:LeaderElection102] INFO  impl.RoleInfo (RoleInfo.java:updateAndGet(143)) - 723c227e-5c50-41ec-a9d2-cf06d59cd693: start FollowerState
2019-09-23 08:26:15,865 [a1f25157-3c02-4d59-8065-2068ceb750ad@group-D0116267D68A:LeaderElection104] INFO  impl.LeaderElection (LeaderElection.java:logAndReturn(56)) - a1f25157-3c02-4d59-8065-2068ceb750ad@group-D0116267D68A:LeaderElection104: Election REJECTED; received 2 response(s) [a1f25157-3c02-4d59-8065-2068ceb750ad<-14e26da3-75f1-4d23-8ebb-3215c6e848c8#0:FAIL-t2, a1f25157-3c02-4d59-8065-2068ceb750ad<-723c227e-5c50-41ec-a9d2-cf06d59cd693#0:FAIL-t2] and 0 exception(s); a1f25157-3c02-4d59-8065-2068ceb750ad@group-D0116267D68A:t2, leader=null, voted=a1f25157-3c02-4d59-8065-2068ceb750ad, raftlog=a1f25157-3c02-4d59-8065-2068ceb750ad@group-D0116267D68A-SegmentedRaftLog:OPENED:c-1,f-1,i0, conf=-1: [14e26da3-75f1-4d23-8ebb-3215c6e848c8:192.168.5.189:36406, a1f25157-3c02-4d59-8065-2068ceb750ad:192.168.5.189:38755, 723c227e-5c50-41ec-a9d2-cf06d59cd693:192.168.5.189:34841], old=null
2019-09-23 08:26:15,865 [a1f25157-3c02-4d59-8065-2068ceb750ad@group-D0116267D68A:LeaderElection104] INFO  impl.RaftServerImpl (RaftServerImpl.java:setRole(174)) - a1f25157-3c02-4d59-8065-2068ceb750ad@group-D0116267D68A: changes role from CANDIDATE to FOLLOWER at term 2 for DISCOVERED_A_NEW_TERM
2019-09-23 08:26:15,865 [a1f25157-3c02-4d59-8065-2068ceb750ad@group-D0116267D68A:LeaderElection104] INFO  impl.RoleInfo (RoleInfo.java:shutdownLeaderElection(134)) - a1f25157-3c02-4d59-8065-2068ceb750ad: shutdown LeaderElection
2019-09-23 08:26:15,865 [a1f25157-3c02-4d59-8065-2068ceb750ad@group-D0116267D68A:LeaderElection104] INFO  impl.RoleInfo (RoleInfo.java:updateAndGet(143)) - a1f25157-3c02-4d59-8065-2068ceb750ad: start FollowerState
2019-09-23 08:26:19,999 [grpc-default-executor-0] WARN  client.GrpcClientProtocolService (LogUtils.java:warn(134)) - 3-OrderedRequestStreamObserver3: onError: org.apache.ratis.thirdparty.io.grpc.StatusRuntimeException: CANCELLED: cancelled before receiving half close
2019-09-23 08:26:20,944 [Thread-2627] INFO  impl.FollowerState (FollowerState.java:run(106)) - a1f25157-3c02-4d59-8065-2068ceb750ad:group-D0116267D68A changes to CANDIDATE, lastRpcTime:5078, electionTimeout:5078ms
2019-09-23 08:26:20,944 [Thread-2627] INFO  impl.RoleInfo (RoleInfo.java:shutdownFollowerState(121)) - a1f25157-3c02-4d59-8065-2068ceb750ad: shutdown FollowerState
2019-09-23 08:26:20,944 [Thread-2627] INFO  impl.RaftServerImpl (RaftServerImpl.java:setRole(174)) - a1f25157-3c02-4d59-8065-2068ceb750ad@group-D0116267D68A: changes role from  FOLLOWER to CANDIDATE at term 2 for changeToCandidate
2019-09-23 08:26:20,944 [Thread-2627] INFO  impl.RoleInfo (RoleInfo.java:updateAndGet(143)) - a1f25157-3c02-4d59-8065-2068ceb750ad: start LeaderElection
2019-09-23 08:26:20,982 [Thread-2624] INFO  impl.FollowerState (FollowerState.java:run(106)) - 14e26da3-75f1-4d23-8ebb-3215c6e848c8:group-D0116267D68A changes to CANDIDATE, lastRpcTime:5125, electionTimeout:5119ms
2019-09-23 08:26:20,982 [Thread-2624] INFO  impl.RoleInfo (RoleInfo.java:shutdownFollowerState(121)) - 14e26da3-75f1-4d23-8ebb-3215c6e848c8: shutdown FollowerState
2019-09-23 08:26:20,983 [Thread-2624] INFO  impl.RaftServerImpl (RaftServerImpl.java:setRole(174)) - 14e26da3-75f1-4d23-8ebb-3215c6e848c8@group-D0116267D68A: changes role from  FOLLOWER to CANDIDATE at term 2 for changeToCandidate
2019-09-23 08:26:20,983 [Thread-2624] INFO  impl.RoleInfo (RoleInfo.java:updateAndGet(143)) - 14e26da3-75f1-4d23-8ebb-3215c6e848c8: start LeaderElection
2019-09-23 08:26:21,008 [Thread-2625] INFO  impl.FollowerState (FollowerState.java:run(106)) - 723c227e-5c50-41ec-a9d2-cf06d59cd693:group-D0116267D68A changes to CANDIDATE, lastRpcTime:5145, electionTimeout:5139ms
2019-09-23 08:26:21,009 [Thread-2625] INFO  impl.RoleInfo (RoleInfo.java:shutdownFollowerState(121)) - 723c227e-5c50-41ec-a9d2-cf06d59cd693: shutdown FollowerState
2019-09-23 08:26:21,009 [Thread-2625] INFO  impl.RaftServerImpl (RaftServerImpl.java:setRole(174)) - 723c227e-5c50-41ec-a9d2-cf06d59cd693@group-D0116267D68A: changes role from  FOLLOWER to CANDIDATE at term 2 for changeToCandidate
2019-09-23 08:26:21,009 [Thread-2625] INFO  impl.RoleInfo (RoleInfo.java:updateAndGet(143)) - 723c227e-5c50-41ec-a9d2-cf06d59cd693: start LeaderElection
2019-09-23 08:26:21,105 [14e26da3-75f1-4d23-8ebb-3215c6e848c8@group-D0116267D68A:LeaderElection106] INFO  impl.LeaderElection (LeaderElection.java:askForVotes(182)) - 14e26da3-75f1-4d23-8ebb-3215c6e848c8@group-D0116267D68A:LeaderElection106: begin an election at term 3 for -1: [14e26da3-75f1-4d23-8ebb-3215c6e848c8:192.168.5.189:36406, a1f25157-3c02-4d59-8065-2068ceb750ad:192.168.5.189:38755, 723c227e-5c50-41ec-a9d2-cf06d59cd693:192.168.5.189:34841], old=null
2019-09-23 08:26:21,105 [a1f25157-3c02-4d59-8065-2068ceb750ad@group-D0116267D68A:LeaderElection105] INFO  impl.LeaderElection (LeaderElection.java:askForVotes(182)) - a1f25157-3c02-4d59-8065-2068ceb750ad@group-D0116267D68A:LeaderElection105: begin an election at term 3 for -1: [14e26da3-75f1-4d23-8ebb-3215c6e848c8:192.168.5.189:36406, a1f25157-3c02-4d59-8065-2068ceb750ad:192.168.5.189:38755, 723c227e-5c50-41ec-a9d2-cf06d59cd693:192.168.5.189:34841], old=null
2019-09-23 08:26:21,154 [723c227e-5c50-41ec-a9d2-cf06d59cd693@group-D0116267D68A:LeaderElection107] INFO  impl.LeaderElection (LeaderElection.java:askForVotes(182)) - 723c227e-5c50-41ec-a9d2-cf06d59cd693@group-D0116267D68A:LeaderElection107: begin an election at term 3 for -1: [14e26da3-75f1-4d23-8ebb-3215c6e848c8:192.168.5.189:36406, a1f25157-3c02-4d59-8065-2068ceb750ad:192.168.5.189:38755, 723c227e-5c50-41ec-a9d2-cf06d59cd693:192.168.5.189:34841], old=null
2019-09-23 08:26:21,156 [14e26da3-75f1-4d23-8ebb-3215c6e848c8@group-D0116267D68A:LeaderElection106] INFO  impl.LeaderElection (LeaderElection.java:logAndReturn(56)) - 14e26da3-75f1-4d23-8ebb-3215c6e848c8@group-D0116267D68A:LeaderElection106: Election REJECTED; received 2 response(s) [14e26da3-75f1-4d23-8ebb-3215c6e848c8<-a1f25157-3c02-4d59-8065-2068ceb750ad#0:FAIL-t3, 14e26da3-75f1-4d23-8ebb-3215c6e848c8<-723c227e-5c50-41ec-a9d2-cf06d59cd693#0:FAIL-t3] and 0 exception(s); 14e26da3-75f1-4d23-8ebb-3215c6e848c8@group-D0116267D68A:t3, leader=null, voted=14e26da3-75f1-4d23-8ebb-3215c6e848c8, raftlog=14e26da3-75f1-4d23-8ebb-3215c6e848c8@group-D0116267D68A-SegmentedRaftLog:OPENED:c-1,f-1,i0, conf=-1: [14e26da3-75f1-4d23-8ebb-3215c6e848c8:192.168.5.189:36406, a1f25157-3c02-4d59-8065-2068ceb750ad:192.168.5.189:38755, 723c227e-5c50-41ec-a9d2-cf06d59cd693:192.168.5.189:34841], old=null
2019-09-23 08:26:21,156 [a1f25157-3c02-4d59-8065-2068ceb750ad@group-D0116267D68A:LeaderElection105] INFO  impl.LeaderElection (LeaderElection.java:logAndReturn(56)) - a1f25157-3c02-4d59-8065-2068ceb750ad@group-D0116267D68A:LeaderElection105: Election REJECTED; received 2 response(s) [a1f25157-3c02-4d59-8065-2068ceb750ad<-14e26da3-75f1-4d23-8ebb-3215c6e848c8#0:FAIL-t3, a1f25157-3c02-4d59-8065-2068ceb750ad<-723c227e-5c50-41ec-a9d2-cf06d59cd693#0:FAIL-t3] and 0 exception(s); a1f25157-3c02-4d59-8065-2068ceb750ad@group-D0116267D68A:t3, leader=null, voted=a1f25157-3c02-4d59-8065-2068ceb750ad, raftlog=a1f25157-3c02-4d59-8065-2068ceb750ad@group-D0116267D68A-SegmentedRaftLog:OPENED:c-1,f-1,i0, conf=-1: [14e26da3-75f1-4d23-8ebb-3215c6e848c8:192.168.5.189:36406, a1f25157-3c02-4d59-8065-2068ceb750ad:192.168.5.189:38755, 723c227e-5c50-41ec-a9d2-cf06d59cd693:192.168.5.189:34841], old=null
2019-09-23 08:26:21,380 [14e26da3-75f1-4d23-8ebb-3215c6e848c8@group-D0116267D68A:LeaderElection106] INFO  impl.RaftServerImpl (RaftServerImpl.java:setRole(174)) - 14e26da3-75f1-4d23-8ebb-3215c6e848c8@group-D0116267D68A: changes role from CANDIDATE to FOLLOWER at term 3 for DISCOVERED_A_NEW_TERM
2019-09-23 08:26:21,385 [14e26da3-75f1-4d23-8ebb-3215c6e848c8@group-D0116267D68A:LeaderElection106] INFO  impl.RoleInfo (RoleInfo.java:shutdownLeaderElection(134)) - 14e26da3-75f1-4d23-8ebb-3215c6e848c8: shutdown LeaderElection
2019-09-23 08:26:21,385 [14e26da3-75f1-4d23-8ebb-3215c6e848c8@group-D0116267D68A:LeaderElection106] INFO  impl.RoleInfo (RoleInfo.java:updateAndGet(143)) - 14e26da3-75f1-4d23-8ebb-3215c6e848c8: start FollowerState
2019-09-23 08:26:21,386 [a1f25157-3c02-4d59-8065-2068ceb750ad@group-D0116267D68A:LeaderElection105] INFO  impl.RaftServerImpl (RaftServerImpl.java:setRole(174)) - a1f25157-3c02-4d59-8065-2068ceb750ad@group-D0116267D68A: changes role from CANDIDATE to FOLLOWER at term 3 for DISCOVERED_A_NEW_TERM
2019-09-23 08:26:21,392 [a1f25157-3c02-4d59-8065-2068ceb750ad@group-D0116267D68A:LeaderElection105] INFO  impl.RoleInfo (RoleInfo.java:shutdownLeaderElection(134)) - a1f25157-3c02-4d59-8065-2068ceb750ad: shutdown LeaderElection
2019-09-23 08:26:21,392 [a1f25157-3c02-4d59-8065-2068ceb750ad@group-D0116267D68A:LeaderElection105] INFO  impl.RoleInfo (RoleInfo.java:updateAndGet(143)) - a1f25157-3c02-4d59-8065-2068ceb750ad: start FollowerState
2019-09-23 08:26:21,394 [723c227e-5c50-41ec-a9d2-cf06d59cd693@group-D0116267D68A:LeaderElection107] INFO  impl.LeaderElection (LeaderElection.java:logAndReturn(56)) - 723c227e-5c50-41ec-a9d2-cf06d59cd693@group-D0116267D68A:LeaderElection107: Election REJECTED; received 2 response(s) [723c227e-5c50-41ec-a9d2-cf06d59cd693<-14e26da3-75f1-4d23-8ebb-3215c6e848c8#0:FAIL-t3, 723c227e-5c50-41ec-a9d2-cf06d59cd693<-a1f25157-3c02-4d59-8065-2068ceb750ad#0:FAIL-t3] and 0 exception(s); 723c227e-5c50-41ec-a9d2-cf06d59cd693@group-D0116267D68A:t3, leader=null, voted=723c227e-5c50-41ec-a9d2-cf06d59cd693, raftlog=723c227e-5c50-41ec-a9d2-cf06d59cd693@group-D0116267D68A-SegmentedRaftLog:OPENED:c-1,f-1,i0, conf=-1: [14e26da3-75f1-4d23-8ebb-3215c6e848c8:192.168.5.189:36406, a1f25157-3c02-4d59-8065-2068ceb750ad:192.168.5.189:38755, 723c227e-5c50-41ec-a9d2-cf06d59cd693:192.168.5.189:34841], old=null
2019-09-23 08:26:21,394 [723c227e-5c50-41ec-a9d2-cf06d59cd693@group-D0116267D68A:LeaderElection107] INFO  impl.RaftServerImpl (RaftServerImpl.java:setRole(174)) - 723c227e-5c50-41ec-a9d2-cf06d59cd693@group-D0116267D68A: changes role from CANDIDATE to FOLLOWER at term 3 for DISCOVERED_A_NEW_TERM
2019-09-23 08:26:21,394 [723c227e-5c50-41ec-a9d2-cf06d59cd693@group-D0116267D68A:LeaderElection107] INFO  impl.RoleInfo (RoleInfo.java:shutdownLeaderElection(134)) - 723c227e-5c50-41ec-a9d2-cf06d59cd693: shutdown LeaderElection
2019-09-23 08:26:21,394 [723c227e-5c50-41ec-a9d2-cf06d59cd693@group-D0116267D68A:LeaderElection107] INFO  impl.RoleInfo (RoleInfo.java:updateAndGet(143)) - 723c227e-5c50-41ec-a9d2-cf06d59cd693: start FollowerState
]]></system-out>
  </testcase>
</testsuite>