<?xml version="1.0" encoding="UTF-8"?>
<testsuite xmlns:xsi="http://www.w3.org/2001/XMLSchema-instance" xsi:noNamespaceSchemaLocation="https://maven.apache.org/surefire/maven-surefire-plugin/xsd/surefire-test-report.xsd" name="org.apache.hadoop.ozone.client.rpc.TestBlockOutputStreamWithFailures" time="685.932" tests="8" errors="0" skipped="0" failures="1">
  <properties>
    <property name="awt.toolkit" value="sun.awt.X11.XToolkit"/>
    <property name="file.encoding.pkg" value="sun.io"/>
    <property name="java.specification.version" value="1.8"/>
    <property name="sun.cpu.isalist" value=""/>
    <property name="sun.jnu.encoding" value="UTF-8"/>
    <property name="java.class.path" value="/workdir/hadoop-ozone/integration-test/target/test-classes:/workdir/hadoop-ozone/integration-test/target/classes:/home/user/.m2/repository/org/apache/hadoop/hadoop-ozone-common/0.5.0-SNAPSHOT/hadoop-ozone-common-0.5.0-SNAPSHOT.jar:/home/user/.m2/repository/org/apache/commons/commons-compress/1.4.1/commons-compress-1.4.1.jar:/home/user/.m2/repository/org/tukaani/xz/1.0/xz-1.0.jar:/home/user/.m2/repository/org/apache/hadoop/hadoop-common/3.2.0/hadoop-common-3.2.0.jar:/home/user/.m2/repository/org/apache/hadoop/hadoop-hdfs/3.2.0/hadoop-hdfs-3.2.0.jar:/home/user/.m2/repository/org/apache/hadoop/hadoop-hdfs-client/3.2.0/hadoop-hdfs-client-3.2.0.jar:/home/user/.m2/repository/com/fasterxml/jackson/core/jackson-annotations/2.9.5/jackson-annotations-2.9.5.jar:/home/user/.m2/repository/org/apache/hadoop/hadoop-hdds-common/0.5.0-SNAPSHOT/hadoop-hdds-common-0.5.0-SNAPSHOT.jar:/home/user/.m2/repository/javax/annotation/javax.annotation-api/1.2/javax.annotation-api-1.2.jar:/home/user/.m2/repository/org/apache/ratis/ratis-server/0.4.0-2337318-SNAPSHOT/ratis-server-0.4.0-2337318-SNAPSHOT.jar:/home/user/.m2/repository/org/apache/ratis/ratis-thirdparty-misc/0.2.0/ratis-thirdparty-misc-0.2.0.jar:/home/user/.m2/repository/org/apache/ratis/ratis-proto/0.4.0-2337318-SNAPSHOT/ratis-proto-0.4.0-2337318-SNAPSHOT.jar:/home/user/.m2/repository/org/apache/ratis/ratis-common/0.4.0-2337318-SNAPSHOT/ratis-common-0.4.0-2337318-SNAPSHOT.jar:/home/user/.m2/repository/org/apache/ratis/ratis-client/0.4.0-2337318-SNAPSHOT/ratis-client-0.4.0-2337318-SNAPSHOT.jar:/home/user/.m2/repository/org/apache/ratis/ratis-metrics/0.4.0-2337318-SNAPSHOT/ratis-metrics-0.4.0-2337318-SNAPSHOT.jar:/home/user/.m2/repository/org/apache/ratis/ratis-netty/0.4.0-2337318-SNAPSHOT/ratis-netty-0.4.0-2337318-SNAPSHOT.jar:/home/user/.m2/repository/org/apache/ratis/ratis-grpc/0.4.0-2337318-SNAPSHOT/ratis-grpc-0.4.0-2337318-SNAPSHOT.jar:/home/user/.m2/repository/org/rocksdb/rocksdbjni/6.0.1/rocksdbjni-6.0.1.jar:/home/user/.m2/repository/org/apache/logging/log4j/log4j-api/2.11.0/log4j-api-2.11.0.jar:/home/user/.m2/repository/org/apache/logging/log4j/log4j-core/2.11.0/log4j-core-2.11.0.jar:/home/user/.m2/repository/com/lmax/disruptor/3.4.2/disruptor-3.4.2.jar:/home/user/.m2/repository/org/apache/commons/commons-pool2/2.6.0/commons-pool2-2.6.0.jar:/home/user/.m2/repository/org/bouncycastle/bcpkix-jdk15on/1.60/bcpkix-jdk15on-1.60.jar:/home/user/.m2/repository/commons-validator/commons-validator/1.6/commons-validator-1.6.jar:/home/user/.m2/repository/commons-digester/commons-digester/1.8.1/commons-digester-1.8.1.jar:/home/user/.m2/repository/io/jaegertracing/jaeger-client/0.33.1/jaeger-client-0.33.1.jar:/home/user/.m2/repository/io/jaegertracing/jaeger-thrift/0.33.1/jaeger-thrift-0.33.1.jar:/home/user/.m2/repository/org/apache/thrift/libthrift/0.11.0/libthrift-0.11.0.jar:/home/user/.m2/repository/com/squareup/okhttp3/okhttp/3.9.0/okhttp-3.9.0.jar:/home/user/.m2/repository/com/squareup/okio/okio/1.13.0/okio-1.13.0.jar:/home/user/.m2/repository/io/jaegertracing/jaeger-core/0.33.1/jaeger-core-0.33.1.jar:/home/user/.m2/repository/io/jaegertracing/jaeger-tracerresolver/0.33.1/jaeger-tracerresolver-0.33.1.jar:/home/user/.m2/repository/io/opentracing/contrib/opentracing-tracerresolver/0.1.5/opentracing-tracerresolver-0.1.5.jar:/home/user/.m2/repository/io/opentracing/opentracing-util/0.31.0/opentracing-util-0.31.0.jar:/home/user/.m2/repository/io/opentracing/opentracing-api/0.31.0/opentracing-api-0.31.0.jar:/home/user/.m2/repository/io/opentracing/opentracing-noop/0.31.0/opentracing-noop-0.31.0.jar:/home/user/.m2/repository/org/apache/hadoop/hadoop-hdds-server-framework/0.5.0-SNAPSHOT/hadoop-hdds-server-framework-0.5.0-SNAPSHOT.jar:/home/user/.m2/repository/org/apache/hadoop/hadoop-hdds-container-service/0.5.0-SNAPSHOT/hadoop-hdds-container-service-0.5.0-SNAPSHOT.jar:/home/user/.m2/repository/org/apache/hadoop/hadoop-hdds-client/0.5.0-SNAPSHOT/hadoop-hdds-client-0.5.0-SNAPSHOT.jar:/home/user/.m2/repository/org/apache/hadoop/hadoop-hdds-tools/0.5.0-SNAPSHOT/hadoop-hdds-tools-0.5.0-SNAPSHOT.jar:/home/user/.m2/repository/org/apache/hadoop/hadoop-hdds-server-scm/0.5.0-SNAPSHOT/hadoop-hdds-server-scm-0.5.0-SNAPSHOT.jar:/home/user/.m2/repository/org/apache/hadoop/hadoop-hdds-docs/0.5.0-SNAPSHOT/hadoop-hdds-docs-0.5.0-SNAPSHOT.jar:/home/user/.m2/repository/io/dropwizard/metrics/metrics-core/3.2.4/metrics-core-3.2.4.jar:/home/user/.m2/repository/org/hamcrest/hamcrest-all/1.3/hamcrest-all-1.3.jar:/home/user/.m2/repository/org/bouncycastle/bcprov-jdk15on/1.60/bcprov-jdk15on-1.60.jar:/home/user/.m2/repository/info/picocli/picocli/3.9.6/picocli-3.9.6.jar:/home/user/.m2/repository/com/google/protobuf/protobuf-java/2.5.0/protobuf-java-2.5.0.jar:/home/user/.m2/repository/com/google/guava/guava/11.0.2/guava-11.0.2.jar:/home/user/.m2/repository/org/apache/hadoop/hadoop-ozone-ozone-manager/0.5.0-SNAPSHOT/hadoop-ozone-ozone-manager-0.5.0-SNAPSHOT.jar:/home/user/.m2/repository/org/apache/hadoop/hadoop-minikdc/3.2.0/hadoop-minikdc-3.2.0.jar:/home/user/.m2/repository/commons-io/commons-io/2.5/commons-io-2.5.jar:/home/user/.m2/repository/org/apache/kerby/kerb-simplekdc/1.0.1/kerb-simplekdc-1.0.1.jar:/home/user/.m2/repository/org/apache/kerby/kerb-client/1.0.1/kerb-client-1.0.1.jar:/home/user/.m2/repository/org/apache/kerby/kerby-config/1.0.1/kerby-config-1.0.1.jar:/home/user/.m2/repository/org/apache/kerby/kerb-core/1.0.1/kerb-core-1.0.1.jar:/home/user/.m2/repository/org/apache/kerby/kerby-pkix/1.0.1/kerby-pkix-1.0.1.jar:/home/user/.m2/repository/org/apache/kerby/kerby-asn1/1.0.1/kerby-asn1-1.0.1.jar:/home/user/.m2/repository/org/apache/kerby/kerby-util/1.0.1/kerby-util-1.0.1.jar:/home/user/.m2/repository/org/apache/kerby/kerb-common/1.0.1/kerb-common-1.0.1.jar:/home/user/.m2/repository/org/apache/kerby/kerb-crypto/1.0.1/kerb-crypto-1.0.1.jar:/home/user/.m2/repository/org/apache/kerby/kerb-util/1.0.1/kerb-util-1.0.1.jar:/home/user/.m2/repository/org/apache/kerby/token-provider/1.0.1/token-provider-1.0.1.jar:/home/user/.m2/repository/org/apache/kerby/kerb-admin/1.0.1/kerb-admin-1.0.1.jar:/home/user/.m2/repository/org/apache/kerby/kerb-server/1.0.1/kerb-server-1.0.1.jar:/home/user/.m2/repository/org/apache/kerby/kerb-identity/1.0.1/kerb-identity-1.0.1.jar:/home/user/.m2/repository/org/apache/kerby/kerby-xdr/1.0.1/kerby-xdr-1.0.1.jar:/home/user/.m2/repository/org/slf4j/slf4j-log4j12/1.7.25/slf4j-log4j12-1.7.25.jar:/home/user/.m2/repository/org/apache/hadoop/hadoop-ozone-objectstore-service/0.5.0-SNAPSHOT/hadoop-ozone-objectstore-service-0.5.0-SNAPSHOT.jar:/home/user/.m2/repository/org/apache/hadoop/hadoop-ozone-s3gateway/0.5.0-SNAPSHOT/hadoop-ozone-s3gateway-0.5.0-SNAPSHOT.jar:/home/user/.m2/repository/org/jboss/weld/servlet/weld-servlet/2.4.7.Final/weld-servlet-2.4.7.Final.jar:/home/user/.m2/repository/org/glassfish/jersey/containers/jersey-container-servlet-core/2.27/jersey-container-servlet-core-2.27.jar:/home/user/.m2/repository/org/glassfish/hk2/external/javax.inject/2.5.0-b42/javax.inject-2.5.0-b42.jar:/home/user/.m2/repository/org/glassfish/jersey/core/jersey-common/2.27/jersey-common-2.27.jar:/home/user/.m2/repository/org/glassfish/hk2/osgi-resource-locator/1.0.1/osgi-resource-locator-1.0.1.jar:/home/user/.m2/repository/javax/ws/rs/javax.ws.rs-api/2.1/javax.ws.rs-api-2.1.jar:/home/user/.m2/repository/org/glassfish/jersey/ext/cdi/jersey-cdi1x/2.27/jersey-cdi1x-2.27.jar:/home/user/.m2/repository/org/glassfish/jersey/inject/jersey-hk2/2.27/jersey-hk2-2.27.jar:/home/user/.m2/repository/org/glassfish/hk2/hk2-locator/2.5.0-b42/hk2-locator-2.5.0-b42.jar:/home/user/.m2/repository/org/javassist/javassist/3.22.0-CR2/javassist-3.22.0-CR2.jar:/home/user/.m2/repository/org/glassfish/hk2/hk2-api/2.5.0/hk2-api-2.5.0.jar:/home/user/.m2/repository/org/glassfish/hk2/external/jakarta.inject/2.5.0/jakarta.inject-2.5.0.jar:/home/user/.m2/repository/org/glassfish/hk2/hk2-utils/2.5.0/hk2-utils-2.5.0.jar:/home/user/.m2/repository/jakarta/annotation/jakarta.annotation-api/1.3.4/jakarta.annotation-api-1.3.4.jar:/home/user/.m2/repository/org/glassfish/hk2/external/aopalliance-repackaged/2.5.0/aopalliance-repackaged-2.5.0.jar:/home/user/.m2/repository/com/fasterxml/jackson/dataformat/jackson-dataformat-xml/2.9.0/jackson-dataformat-xml-2.9.0.jar:/home/user/.m2/repository/com/fasterxml/jackson/core/jackson-core/2.9.5/jackson-core-2.9.5.jar:/home/user/.m2/repository/com/fasterxml/jackson/module/jackson-module-jaxb-annotations/2.9.5/jackson-module-jaxb-annotations-2.9.5.jar:/home/user/.m2/repository/javax/enterprise/cdi-api/1.2/cdi-api-1.2.jar:/home/user/.m2/repository/javax/el/javax.el-api/3.0.0/javax.el-api-3.0.0.jar:/home/user/.m2/repository/javax/interceptor/javax.interceptor-api/1.2/javax.interceptor-api-1.2.jar:/home/user/.m2/repository/javax/inject/javax.inject/1/javax.inject-1.jar:/home/user/.m2/repository/com/sun/xml/bind/jaxb-impl/2.3.0.1/jaxb-impl-2.3.0.1.jar:/home/user/.m2/repository/com/sun/xml/bind/jaxb-core/2.3.0.1/jaxb-core-2.3.0.1.jar:/home/user/.m2/repository/javax/xml/bind/jaxb-api/2.3.0/jaxb-api-2.3.0.jar:/home/user/.m2/repository/javax/activation/activation/1.1.1/activation-1.1.1.jar:/home/user/.m2/repository/org/apache/hadoop/hadoop-ozone-csi/0.5.0-SNAPSHOT/hadoop-ozone-csi-0.5.0-SNAPSHOT.jar:/home/user/.m2/repository/com/google/protobuf/protobuf-java-util/3.5.1/protobuf-java-util-3.5.1.jar:/home/user/.m2/repository/org/apache/hadoop/hadoop-hdds-config/0.5.0-SNAPSHOT/hadoop-hdds-config-0.5.0-SNAPSHOT.jar:/home/user/.m2/repository/io/grpc/grpc-netty/1.17.1/grpc-netty-1.17.1.jar:/home/user/.m2/repository/io/grpc/grpc-core/1.17.1/grpc-core-1.17.1.jar:/home/user/.m2/repository/io/grpc/grpc-context/1.17.1/grpc-context-1.17.1.jar:/home/user/.m2/repository/com/google/errorprone/error_prone_annotations/2.2.0/error_prone_annotations-2.2.0.jar:/home/user/.m2/repository/org/codehaus/mojo/animal-sniffer-annotations/1.17/animal-sniffer-annotations-1.17.jar:/home/user/.m2/repository/io/opencensus/opencensus-api/0.17.0/opencensus-api-0.17.0.jar:/home/user/.m2/repository/io/opencensus/opencensus-contrib-grpc-metrics/0.17.0/opencensus-contrib-grpc-metrics-0.17.0.jar:/home/user/.m2/repository/io/netty/netty-codec-http2/4.1.30.Final/netty-codec-http2-4.1.30.Final.jar:/home/user/.m2/repository/io/netty/netty-codec-http/4.1.30.Final/netty-codec-http-4.1.30.Final.jar:/home/user/.m2/repository/io/netty/netty-codec/4.1.30.Final/netty-codec-4.1.30.Final.jar:/home/user/.m2/repository/io/netty/netty-handler/4.1.30.Final/netty-handler-4.1.30.Final.jar:/home/user/.m2/repository/io/netty/netty-handler-proxy/4.1.30.Final/netty-handler-proxy-4.1.30.Final.jar:/home/user/.m2/repository/io/netty/netty-codec-socks/4.1.30.Final/netty-codec-socks-4.1.30.Final.jar:/home/user/.m2/repository/io/netty/netty-transport-native-epoll/4.1.30.Final/netty-transport-native-epoll-4.1.30.Final.jar:/home/user/.m2/repository/io/netty/netty-common/4.1.30.Final/netty-common-4.1.30.Final.jar:/home/user/.m2/repository/io/netty/netty-buffer/4.1.30.Final/netty-buffer-4.1.30.Final.jar:/home/user/.m2/repository/io/netty/netty-transport/4.1.30.Final/netty-transport-4.1.30.Final.jar:/home/user/.m2/repository/io/netty/netty-resolver/4.1.30.Final/netty-resolver-4.1.30.Final.jar:/home/user/.m2/repository/io/netty/netty-transport-native-unix-common/4.1.30.Final/netty-transport-native-unix-common-4.1.30.Final.jar:/home/user/.m2/repository/io/grpc/grpc-protobuf/1.17.1/grpc-protobuf-1.17.1.jar:/home/user/.m2/repository/com/google/api/grpc/proto-google-common-protos/1.0.0/proto-google-common-protos-1.0.0.jar:/home/user/.m2/repository/io/grpc/grpc-protobuf-lite/1.17.1/grpc-protobuf-lite-1.17.1.jar:/home/user/.m2/repository/io/grpc/grpc-stub/1.17.1/grpc-stub-1.17.1.jar:/home/user/.m2/repository/org/apache/hadoop/hadoop-ozone-recon/0.5.0-SNAPSHOT/hadoop-ozone-recon-0.5.0-SNAPSHOT.jar:/home/user/.m2/repository/org/apache/hadoop/hadoop-ozone-reconcodegen/0.5.0-SNAPSHOT/hadoop-ozone-reconcodegen-0.5.0-SNAPSHOT.jar:/home/user/.m2/repository/com/google/inject/extensions/guice-multibindings/4.0/guice-multibindings-4.0.jar:/home/user/.m2/repository/com/google/inject/guice/4.0/guice-4.0.jar:/home/user/.m2/repository/aopalliance/aopalliance/1.0/aopalliance-1.0.jar:/home/user/.m2/repository/com/google/inject/extensions/guice-servlet/4.0/guice-servlet-4.0.jar:/home/user/.m2/repository/org/glassfish/jersey/containers/jersey-container-servlet/2.27/jersey-container-servlet-2.27.jar:/home/user/.m2/repository/org/glassfish/hk2/guice-bridge/2.5.0/guice-bridge-2.5.0.jar:/home/user/.m2/repository/org/glassfish/jersey/core/jersey-server/2.27/jersey-server-2.27.jar:/home/user/.m2/repository/org/glassfish/jersey/core/jersey-client/2.27/jersey-client-2.27.jar:/home/user/.m2/repository/org/glassfish/jersey/media/jersey-media-jaxb/2.27/jersey-media-jaxb-2.27.jar:/home/user/.m2/repository/javax/validation/validation-api/1.1.0.Final/validation-api-1.1.0.Final.jar:/home/user/.m2/repository/org/glassfish/jersey/media/jersey-media-json-jackson/2.27/jersey-media-json-jackson-2.27.jar:/home/user/.m2/repository/org/glassfish/jersey/ext/jersey-entity-filtering/2.27/jersey-entity-filtering-2.27.jar:/home/user/.m2/repository/com/google/inject/extensions/guice-assistedinject/4.0/guice-assistedinject-4.0.jar:/home/user/.m2/repository/org/jooq/jooq/3.11.10/jooq-3.11.10.jar:/home/user/.m2/repository/org/jooq/jooq-meta/3.11.10/jooq-meta-3.11.10.jar:/home/user/.m2/repository/org/jooq/jooq-codegen/3.11.10/jooq-codegen-3.11.10.jar:/home/user/.m2/repository/com/jolbox/bonecp/0.8.0.RELEASE/bonecp-0.8.0.RELEASE.jar:/home/user/.m2/repository/org/xerial/sqlite-jdbc/3.25.2/sqlite-jdbc-3.25.2.jar:/home/user/.m2/repository/org/springframework/spring-jdbc/5.1.3.RELEASE/spring-jdbc-5.1.3.RELEASE.jar:/home/user/.m2/repository/org/springframework/spring-beans/5.1.3.RELEASE/spring-beans-5.1.3.RELEASE.jar:/home/user/.m2/repository/org/springframework/spring-core/5.1.3.RELEASE/spring-core-5.1.3.RELEASE.jar:/home/user/.m2/repository/org/springframework/spring-jcl/5.1.3.RELEASE/spring-jcl-5.1.3.RELEASE.jar:/home/user/.m2/repository/org/springframework/spring-tx/5.1.3.RELEASE/spring-tx-5.1.3.RELEASE.jar:/home/user/.m2/repository/org/apache/hadoop/hadoop-ozone-client/0.5.0-SNAPSHOT/hadoop-ozone-client-0.5.0-SNAPSHOT.jar:/home/user/.m2/repository/commons-lang/commons-lang/2.6/commons-lang-2.6.jar:/home/user/.m2/repository/org/apache/hadoop/hadoop-ozone-ozone-manager/0.5.0-SNAPSHOT/hadoop-ozone-ozone-manager-0.5.0-SNAPSHOT-tests.jar:/home/user/.m2/repository/junit/junit/4.11/junit-4.11.jar:/home/user/.m2/repository/org/hamcrest/hamcrest-core/1.3/hamcrest-core-1.3.jar:/home/user/.m2/repository/org/openjdk/jmh/jmh-core/1.19/jmh-core-1.19.jar:/home/user/.m2/repository/net/sf/jopt-simple/jopt-simple/4.6/jopt-simple-4.6.jar:/home/user/.m2/repository/org/apache/commons/commons-math3/3.1.1/commons-math3-3.1.1.jar:/home/user/.m2/repository/org/openjdk/jmh/jmh-generator-annprocess/1.19/jmh-generator-annprocess-1.19.jar:/home/user/.m2/repository/org/mockito/mockito-all/1.8.5/mockito-all-1.8.5.jar:/home/user/.m2/repository/org/apache/hadoop/hadoop-kms/3.2.0/hadoop-kms-3.2.0.jar:/home/user/.m2/repository/org/apache/hadoop/hadoop-auth/3.2.0/hadoop-auth-3.2.0.jar:/home/user/.m2/repository/com/nimbusds/nimbus-jose-jwt/4.41.1/nimbus-jose-jwt-4.41.1.jar:/home/user/.m2/repository/com/github/stephenc/jcip/jcip-annotations/1.0-1/jcip-annotations-1.0-1.jar:/home/user/.m2/repository/net/minidev/json-smart/2.3/json-smart-2.3.jar:/home/user/.m2/repository/net/minidev/accessors-smart/1.2/accessors-smart-1.2.jar:/home/user/.m2/repository/org/ow2/asm/asm/5.0.4/asm-5.0.4.jar:/home/user/.m2/repository/org/apache/curator/curator-framework/2.12.0/curator-framework-2.12.0.jar:/home/user/.m2/repository/com/sun/jersey/jersey-core/1.19/jersey-core-1.19.jar:/home/user/.m2/repository/javax/ws/rs/jsr311-api/1.1.1/jsr311-api-1.1.1.jar:/home/user/.m2/repository/com/sun/jersey/jersey-server/1.19/jersey-server-1.19.jar:/home/user/.m2/repository/javax/servlet/javax.servlet-api/3.1.0/javax.servlet-api-3.1.0.jar:/home/user/.m2/repository/org/eclipse/jetty/jetty-server/9.3.24.v20180605/jetty-server-9.3.24.v20180605.jar:/home/user/.m2/repository/org/eclipse/jetty/jetty-http/9.3.24.v20180605/jetty-http-9.3.24.v20180605.jar:/home/user/.m2/repository/org/eclipse/jetty/jetty-io/9.3.24.v20180605/jetty-io-9.3.24.v20180605.jar:/home/user/.m2/repository/org/eclipse/jetty/jetty-webapp/9.3.24.v20180605/jetty-webapp-9.3.24.v20180605.jar:/home/user/.m2/repository/org/eclipse/jetty/jetty-xml/9.3.24.v20180605/jetty-xml-9.3.24.v20180605.jar:/home/user/.m2/repository/log4j/log4j/1.2.17/log4j-1.2.17.jar:/home/user/.m2/repository/org/slf4j/slf4j-api/1.7.25/slf4j-api-1.7.25.jar:/home/user/.m2/repository/org/slf4j/jul-to-slf4j/1.7.25/jul-to-slf4j-1.7.25.jar:/home/user/.m2/repository/org/eclipse/jetty/jetty-util/9.3.24.v20180605/jetty-util-9.3.24.v20180605.jar:/home/user/.m2/repository/com/fasterxml/jackson/core/jackson-databind/2.9.5/jackson-databind-2.9.5.jar:/home/user/.m2/repository/org/apache/hadoop/hadoop-kms/3.2.0/hadoop-kms-3.2.0-tests.jar:/home/user/.m2/repository/org/apache/hadoop/hadoop-hdds-server-scm/0.5.0-SNAPSHOT/hadoop-hdds-server-scm-0.5.0-SNAPSHOT-tests.jar:/home/user/.m2/repository/org/apache/hadoop/hadoop-hdds-container-service/0.5.0-SNAPSHOT/hadoop-hdds-container-service-0.5.0-SNAPSHOT-tests.jar:/home/user/.m2/repository/org/yaml/snakeyaml/1.16/snakeyaml-1.16.jar:/home/user/.m2/repository/org/apache/hadoop/hadoop-common/3.2.0/hadoop-common-3.2.0-tests.jar:/home/user/.m2/repository/org/apache/hadoop/hadoop-annotations/3.2.0/hadoop-annotations-3.2.0.jar:/usr/lib/jvm/java-1.8-openjdk/jre/../lib/tools.jar:/home/user/.m2/repository/commons-cli/commons-cli/1.2/commons-cli-1.2.jar:/home/user/.m2/repository/org/apache/httpcomponents/httpclient/4.5.2/httpclient-4.5.2.jar:/home/user/.m2/repository/org/apache/httpcomponents/httpcore/4.4.4/httpcore-4.4.4.jar:/home/user/.m2/repository/commons-codec/commons-codec/1.11/commons-codec-1.11.jar:/home/user/.m2/repository/commons-net/commons-net/3.6/commons-net-3.6.jar:/home/user/.m2/repository/commons-collections/commons-collections/3.2.2/commons-collections-3.2.2.jar:/home/user/.m2/repository/org/eclipse/jetty/jetty-servlet/9.3.24.v20180605/jetty-servlet-9.3.24.v20180605.jar:/home/user/.m2/repository/org/eclipse/jetty/jetty-security/9.3.24.v20180605/jetty-security-9.3.24.v20180605.jar:/home/user/.m2/repository/javax/servlet/jsp/jsp-api/2.1/jsp-api-2.1.jar:/home/user/.m2/repository/com/sun/jersey/jersey-servlet/1.19/jersey-servlet-1.19.jar:/home/user/.m2/repository/com/sun/jersey/jersey-json/1.19/jersey-json-1.19.jar:/home/user/.m2/repository/org/codehaus/jettison/jettison/1.1/jettison-1.1.jar:/home/user/.m2/repository/org/codehaus/jackson/jackson-core-asl/1.9.13/jackson-core-asl-1.9.13.jar:/home/user/.m2/repository/org/codehaus/jackson/jackson-mapper-asl/1.9.13/jackson-mapper-asl-1.9.13.jar:/home/user/.m2/repository/org/codehaus/jackson/jackson-jaxrs/1.9.13/jackson-jaxrs-1.9.13.jar:/home/user/.m2/repository/org/codehaus/jackson/jackson-xc/1.9.13/jackson-xc-1.9.13.jar:/home/user/.m2/repository/commons-logging/commons-logging/1.1.3/commons-logging-1.1.3.jar:/home/user/.m2/repository/commons-beanutils/commons-beanutils/1.9.3/commons-beanutils-1.9.3.jar:/home/user/.m2/repository/org/apache/commons/commons-configuration2/2.1.1/commons-configuration2-2.1.1.jar:/home/user/.m2/repository/org/apache/commons/commons-lang3/3.7/commons-lang3-3.7.jar:/home/user/.m2/repository/org/apache/commons/commons-text/1.4/commons-text-1.4.jar:/home/user/.m2/repository/org/apache/avro/avro/1.7.7/avro-1.7.7.jar:/home/user/.m2/repository/com/thoughtworks/paranamer/paranamer/2.3/paranamer-2.3.jar:/home/user/.m2/repository/org/xerial/snappy/snappy-java/1.0.5/snappy-java-1.0.5.jar:/home/user/.m2/repository/com/google/re2j/re2j/1.1/re2j-1.1.jar:/home/user/.m2/repository/com/google/code/gson/gson/2.2.4/gson-2.2.4.jar:/home/user/.m2/repository/com/jcraft/jsch/0.1.54/jsch-0.1.54.jar:/home/user/.m2/repository/org/apache/curator/curator-client/2.12.0/curator-client-2.12.0.jar:/home/user/.m2/repository/org/apache/curator/curator-recipes/2.12.0/curator-recipes-2.12.0.jar:/home/user/.m2/repository/com/google/code/findbugs/jsr305/3.0.0/jsr305-3.0.0.jar:/home/user/.m2/repository/org/apache/htrace/htrace-core4/4.1.0-incubating/htrace-core4-4.1.0-incubating.jar:/home/user/.m2/repository/org/apache/zookeeper/zookeeper/3.4.13/zookeeper-3.4.13.jar:/home/user/.m2/repository/org/apache/yetus/audience-annotations/0.5.0/audience-annotations-0.5.0.jar:/home/user/.m2/repository/org/codehaus/woodstox/stax2-api/3.1.4/stax2-api-3.1.4.jar:/home/user/.m2/repository/com/fasterxml/woodstox/woodstox-core/5.0.3/woodstox-core-5.0.3.jar:/home/user/.m2/repository/dnsjava/dnsjava/2.1.7/dnsjava-2.1.7.jar:/home/user/.m2/repository/org/apache/hadoop/hadoop-hdfs/3.2.0/hadoop-hdfs-3.2.0-tests.jar:/home/user/.m2/repository/org/eclipse/jetty/jetty-util-ajax/9.3.24.v20180605/jetty-util-ajax-9.3.24.v20180605.jar:/home/user/.m2/repository/commons-daemon/commons-daemon/1.0.13/commons-daemon-1.0.13.jar:/home/user/.m2/repository/io/netty/netty/3.10.5.Final/netty-3.10.5.Final.jar:/home/user/.m2/repository/io/netty/netty-all/4.0.52.Final/netty-all-4.0.52.Final.jar:/home/user/.m2/repository/org/fusesource/leveldbjni/leveldbjni-all/1.8/leveldbjni-all-1.8.jar:"/>
    <property name="java.vm.vendor" value="IcedTea"/>
    <property name="sun.arch.data.model" value="64"/>
    <property name="test.build.dir" value="/workdir/hadoop-ozone/integration-test/target/test-dir"/>
    <property name="test.cache.data" value=""/>
    <property name="java.vendor.url" value="https://icedtea.classpath.org"/>
    <property name="user.timezone" value=""/>
    <property name="java.vm.specification.version" value="1.8"/>
    <property name="os.name" value="Linux"/>
    <property name="test.build.data" value="/workdir/hadoop-ozone/integration-test/target/test-dir"/>
    <property name="user.country" value="US"/>
    <property name="sun.java.launcher" value="SUN_STANDARD"/>
    <property name="sun.boot.library.path" value="/usr/lib/jvm/java-1.8-openjdk/jre/lib/amd64"/>
    <property name="sun.java.command" value="/workdir/hadoop-ozone/integration-test/target/surefire/surefirebooter2770926862199857688.jar /workdir/hadoop-ozone/integration-test/target/surefire 2019-08-30T06-52-04_105-jvmRun1 surefire1301172738505956693tmp surefire_204058437631248471848tmp"/>
    <property name="test" value="!TestMiniChaosOzoneCluster"/>
    <property name="surefire.test.class.path" value="/workdir/hadoop-ozone/integration-test/target/test-classes:/workdir/hadoop-ozone/integration-test/target/classes:/home/user/.m2/repository/org/apache/hadoop/hadoop-ozone-common/0.5.0-SNAPSHOT/hadoop-ozone-common-0.5.0-SNAPSHOT.jar:/home/user/.m2/repository/org/apache/commons/commons-compress/1.4.1/commons-compress-1.4.1.jar:/home/user/.m2/repository/org/tukaani/xz/1.0/xz-1.0.jar:/home/user/.m2/repository/org/apache/hadoop/hadoop-common/3.2.0/hadoop-common-3.2.0.jar:/home/user/.m2/repository/org/apache/hadoop/hadoop-hdfs/3.2.0/hadoop-hdfs-3.2.0.jar:/home/user/.m2/repository/org/apache/hadoop/hadoop-hdfs-client/3.2.0/hadoop-hdfs-client-3.2.0.jar:/home/user/.m2/repository/com/fasterxml/jackson/core/jackson-annotations/2.9.5/jackson-annotations-2.9.5.jar:/home/user/.m2/repository/org/apache/hadoop/hadoop-hdds-common/0.5.0-SNAPSHOT/hadoop-hdds-common-0.5.0-SNAPSHOT.jar:/home/user/.m2/repository/javax/annotation/javax.annotation-api/1.2/javax.annotation-api-1.2.jar:/home/user/.m2/repository/org/apache/ratis/ratis-server/0.4.0-2337318-SNAPSHOT/ratis-server-0.4.0-2337318-SNAPSHOT.jar:/home/user/.m2/repository/org/apache/ratis/ratis-thirdparty-misc/0.2.0/ratis-thirdparty-misc-0.2.0.jar:/home/user/.m2/repository/org/apache/ratis/ratis-proto/0.4.0-2337318-SNAPSHOT/ratis-proto-0.4.0-2337318-SNAPSHOT.jar:/home/user/.m2/repository/org/apache/ratis/ratis-common/0.4.0-2337318-SNAPSHOT/ratis-common-0.4.0-2337318-SNAPSHOT.jar:/home/user/.m2/repository/org/apache/ratis/ratis-client/0.4.0-2337318-SNAPSHOT/ratis-client-0.4.0-2337318-SNAPSHOT.jar:/home/user/.m2/repository/org/apache/ratis/ratis-metrics/0.4.0-2337318-SNAPSHOT/ratis-metrics-0.4.0-2337318-SNAPSHOT.jar:/home/user/.m2/repository/org/apache/ratis/ratis-netty/0.4.0-2337318-SNAPSHOT/ratis-netty-0.4.0-2337318-SNAPSHOT.jar:/home/user/.m2/repository/org/apache/ratis/ratis-grpc/0.4.0-2337318-SNAPSHOT/ratis-grpc-0.4.0-2337318-SNAPSHOT.jar:/home/user/.m2/repository/org/rocksdb/rocksdbjni/6.0.1/rocksdbjni-6.0.1.jar:/home/user/.m2/repository/org/apache/logging/log4j/log4j-api/2.11.0/log4j-api-2.11.0.jar:/home/user/.m2/repository/org/apache/logging/log4j/log4j-core/2.11.0/log4j-core-2.11.0.jar:/home/user/.m2/repository/com/lmax/disruptor/3.4.2/disruptor-3.4.2.jar:/home/user/.m2/repository/org/apache/commons/commons-pool2/2.6.0/commons-pool2-2.6.0.jar:/home/user/.m2/repository/org/bouncycastle/bcpkix-jdk15on/1.60/bcpkix-jdk15on-1.60.jar:/home/user/.m2/repository/commons-validator/commons-validator/1.6/commons-validator-1.6.jar:/home/user/.m2/repository/commons-digester/commons-digester/1.8.1/commons-digester-1.8.1.jar:/home/user/.m2/repository/io/jaegertracing/jaeger-client/0.33.1/jaeger-client-0.33.1.jar:/home/user/.m2/repository/io/jaegertracing/jaeger-thrift/0.33.1/jaeger-thrift-0.33.1.jar:/home/user/.m2/repository/org/apache/thrift/libthrift/0.11.0/libthrift-0.11.0.jar:/home/user/.m2/repository/com/squareup/okhttp3/okhttp/3.9.0/okhttp-3.9.0.jar:/home/user/.m2/repository/com/squareup/okio/okio/1.13.0/okio-1.13.0.jar:/home/user/.m2/repository/io/jaegertracing/jaeger-core/0.33.1/jaeger-core-0.33.1.jar:/home/user/.m2/repository/io/jaegertracing/jaeger-tracerresolver/0.33.1/jaeger-tracerresolver-0.33.1.jar:/home/user/.m2/repository/io/opentracing/contrib/opentracing-tracerresolver/0.1.5/opentracing-tracerresolver-0.1.5.jar:/home/user/.m2/repository/io/opentracing/opentracing-util/0.31.0/opentracing-util-0.31.0.jar:/home/user/.m2/repository/io/opentracing/opentracing-api/0.31.0/opentracing-api-0.31.0.jar:/home/user/.m2/repository/io/opentracing/opentracing-noop/0.31.0/opentracing-noop-0.31.0.jar:/home/user/.m2/repository/org/apache/hadoop/hadoop-hdds-server-framework/0.5.0-SNAPSHOT/hadoop-hdds-server-framework-0.5.0-SNAPSHOT.jar:/home/user/.m2/repository/org/apache/hadoop/hadoop-hdds-container-service/0.5.0-SNAPSHOT/hadoop-hdds-container-service-0.5.0-SNAPSHOT.jar:/home/user/.m2/repository/org/apache/hadoop/hadoop-hdds-client/0.5.0-SNAPSHOT/hadoop-hdds-client-0.5.0-SNAPSHOT.jar:/home/user/.m2/repository/org/apache/hadoop/hadoop-hdds-tools/0.5.0-SNAPSHOT/hadoop-hdds-tools-0.5.0-SNAPSHOT.jar:/home/user/.m2/repository/org/apache/hadoop/hadoop-hdds-server-scm/0.5.0-SNAPSHOT/hadoop-hdds-server-scm-0.5.0-SNAPSHOT.jar:/home/user/.m2/repository/org/apache/hadoop/hadoop-hdds-docs/0.5.0-SNAPSHOT/hadoop-hdds-docs-0.5.0-SNAPSHOT.jar:/home/user/.m2/repository/io/dropwizard/metrics/metrics-core/3.2.4/metrics-core-3.2.4.jar:/home/user/.m2/repository/org/hamcrest/hamcrest-all/1.3/hamcrest-all-1.3.jar:/home/user/.m2/repository/org/bouncycastle/bcprov-jdk15on/1.60/bcprov-jdk15on-1.60.jar:/home/user/.m2/repository/info/picocli/picocli/3.9.6/picocli-3.9.6.jar:/home/user/.m2/repository/com/google/protobuf/protobuf-java/2.5.0/protobuf-java-2.5.0.jar:/home/user/.m2/repository/com/google/guava/guava/11.0.2/guava-11.0.2.jar:/home/user/.m2/repository/org/apache/hadoop/hadoop-ozone-ozone-manager/0.5.0-SNAPSHOT/hadoop-ozone-ozone-manager-0.5.0-SNAPSHOT.jar:/home/user/.m2/repository/org/apache/hadoop/hadoop-minikdc/3.2.0/hadoop-minikdc-3.2.0.jar:/home/user/.m2/repository/commons-io/commons-io/2.5/commons-io-2.5.jar:/home/user/.m2/repository/org/apache/kerby/kerb-simplekdc/1.0.1/kerb-simplekdc-1.0.1.jar:/home/user/.m2/repository/org/apache/kerby/kerb-client/1.0.1/kerb-client-1.0.1.jar:/home/user/.m2/repository/org/apache/kerby/kerby-config/1.0.1/kerby-config-1.0.1.jar:/home/user/.m2/repository/org/apache/kerby/kerb-core/1.0.1/kerb-core-1.0.1.jar:/home/user/.m2/repository/org/apache/kerby/kerby-pkix/1.0.1/kerby-pkix-1.0.1.jar:/home/user/.m2/repository/org/apache/kerby/kerby-asn1/1.0.1/kerby-asn1-1.0.1.jar:/home/user/.m2/repository/org/apache/kerby/kerby-util/1.0.1/kerby-util-1.0.1.jar:/home/user/.m2/repository/org/apache/kerby/kerb-common/1.0.1/kerb-common-1.0.1.jar:/home/user/.m2/repository/org/apache/kerby/kerb-crypto/1.0.1/kerb-crypto-1.0.1.jar:/home/user/.m2/repository/org/apache/kerby/kerb-util/1.0.1/kerb-util-1.0.1.jar:/home/user/.m2/repository/org/apache/kerby/token-provider/1.0.1/token-provider-1.0.1.jar:/home/user/.m2/repository/org/apache/kerby/kerb-admin/1.0.1/kerb-admin-1.0.1.jar:/home/user/.m2/repository/org/apache/kerby/kerb-server/1.0.1/kerb-server-1.0.1.jar:/home/user/.m2/repository/org/apache/kerby/kerb-identity/1.0.1/kerb-identity-1.0.1.jar:/home/user/.m2/repository/org/apache/kerby/kerby-xdr/1.0.1/kerby-xdr-1.0.1.jar:/home/user/.m2/repository/org/slf4j/slf4j-log4j12/1.7.25/slf4j-log4j12-1.7.25.jar:/home/user/.m2/repository/org/apache/hadoop/hadoop-ozone-objectstore-service/0.5.0-SNAPSHOT/hadoop-ozone-objectstore-service-0.5.0-SNAPSHOT.jar:/home/user/.m2/repository/org/apache/hadoop/hadoop-ozone-s3gateway/0.5.0-SNAPSHOT/hadoop-ozone-s3gateway-0.5.0-SNAPSHOT.jar:/home/user/.m2/repository/org/jboss/weld/servlet/weld-servlet/2.4.7.Final/weld-servlet-2.4.7.Final.jar:/home/user/.m2/repository/org/glassfish/jersey/containers/jersey-container-servlet-core/2.27/jersey-container-servlet-core-2.27.jar:/home/user/.m2/repository/org/glassfish/hk2/external/javax.inject/2.5.0-b42/javax.inject-2.5.0-b42.jar:/home/user/.m2/repository/org/glassfish/jersey/core/jersey-common/2.27/jersey-common-2.27.jar:/home/user/.m2/repository/org/glassfish/hk2/osgi-resource-locator/1.0.1/osgi-resource-locator-1.0.1.jar:/home/user/.m2/repository/javax/ws/rs/javax.ws.rs-api/2.1/javax.ws.rs-api-2.1.jar:/home/user/.m2/repository/org/glassfish/jersey/ext/cdi/jersey-cdi1x/2.27/jersey-cdi1x-2.27.jar:/home/user/.m2/repository/org/glassfish/jersey/inject/jersey-hk2/2.27/jersey-hk2-2.27.jar:/home/user/.m2/repository/org/glassfish/hk2/hk2-locator/2.5.0-b42/hk2-locator-2.5.0-b42.jar:/home/user/.m2/repository/org/javassist/javassist/3.22.0-CR2/javassist-3.22.0-CR2.jar:/home/user/.m2/repository/org/glassfish/hk2/hk2-api/2.5.0/hk2-api-2.5.0.jar:/home/user/.m2/repository/org/glassfish/hk2/external/jakarta.inject/2.5.0/jakarta.inject-2.5.0.jar:/home/user/.m2/repository/org/glassfish/hk2/hk2-utils/2.5.0/hk2-utils-2.5.0.jar:/home/user/.m2/repository/jakarta/annotation/jakarta.annotation-api/1.3.4/jakarta.annotation-api-1.3.4.jar:/home/user/.m2/repository/org/glassfish/hk2/external/aopalliance-repackaged/2.5.0/aopalliance-repackaged-2.5.0.jar:/home/user/.m2/repository/com/fasterxml/jackson/dataformat/jackson-dataformat-xml/2.9.0/jackson-dataformat-xml-2.9.0.jar:/home/user/.m2/repository/com/fasterxml/jackson/core/jackson-core/2.9.5/jackson-core-2.9.5.jar:/home/user/.m2/repository/com/fasterxml/jackson/module/jackson-module-jaxb-annotations/2.9.5/jackson-module-jaxb-annotations-2.9.5.jar:/home/user/.m2/repository/javax/enterprise/cdi-api/1.2/cdi-api-1.2.jar:/home/user/.m2/repository/javax/el/javax.el-api/3.0.0/javax.el-api-3.0.0.jar:/home/user/.m2/repository/javax/interceptor/javax.interceptor-api/1.2/javax.interceptor-api-1.2.jar:/home/user/.m2/repository/javax/inject/javax.inject/1/javax.inject-1.jar:/home/user/.m2/repository/com/sun/xml/bind/jaxb-impl/2.3.0.1/jaxb-impl-2.3.0.1.jar:/home/user/.m2/repository/com/sun/xml/bind/jaxb-core/2.3.0.1/jaxb-core-2.3.0.1.jar:/home/user/.m2/repository/javax/xml/bind/jaxb-api/2.3.0/jaxb-api-2.3.0.jar:/home/user/.m2/repository/javax/activation/activation/1.1.1/activation-1.1.1.jar:/home/user/.m2/repository/org/apache/hadoop/hadoop-ozone-csi/0.5.0-SNAPSHOT/hadoop-ozone-csi-0.5.0-SNAPSHOT.jar:/home/user/.m2/repository/com/google/protobuf/protobuf-java-util/3.5.1/protobuf-java-util-3.5.1.jar:/home/user/.m2/repository/org/apache/hadoop/hadoop-hdds-config/0.5.0-SNAPSHOT/hadoop-hdds-config-0.5.0-SNAPSHOT.jar:/home/user/.m2/repository/io/grpc/grpc-netty/1.17.1/grpc-netty-1.17.1.jar:/home/user/.m2/repository/io/grpc/grpc-core/1.17.1/grpc-core-1.17.1.jar:/home/user/.m2/repository/io/grpc/grpc-context/1.17.1/grpc-context-1.17.1.jar:/home/user/.m2/repository/com/google/errorprone/error_prone_annotations/2.2.0/error_prone_annotations-2.2.0.jar:/home/user/.m2/repository/org/codehaus/mojo/animal-sniffer-annotations/1.17/animal-sniffer-annotations-1.17.jar:/home/user/.m2/repository/io/opencensus/opencensus-api/0.17.0/opencensus-api-0.17.0.jar:/home/user/.m2/repository/io/opencensus/opencensus-contrib-grpc-metrics/0.17.0/opencensus-contrib-grpc-metrics-0.17.0.jar:/home/user/.m2/repository/io/netty/netty-codec-http2/4.1.30.Final/netty-codec-http2-4.1.30.Final.jar:/home/user/.m2/repository/io/netty/netty-codec-http/4.1.30.Final/netty-codec-http-4.1.30.Final.jar:/home/user/.m2/repository/io/netty/netty-codec/4.1.30.Final/netty-codec-4.1.30.Final.jar:/home/user/.m2/repository/io/netty/netty-handler/4.1.30.Final/netty-handler-4.1.30.Final.jar:/home/user/.m2/repository/io/netty/netty-handler-proxy/4.1.30.Final/netty-handler-proxy-4.1.30.Final.jar:/home/user/.m2/repository/io/netty/netty-codec-socks/4.1.30.Final/netty-codec-socks-4.1.30.Final.jar:/home/user/.m2/repository/io/netty/netty-transport-native-epoll/4.1.30.Final/netty-transport-native-epoll-4.1.30.Final.jar:/home/user/.m2/repository/io/netty/netty-common/4.1.30.Final/netty-common-4.1.30.Final.jar:/home/user/.m2/repository/io/netty/netty-buffer/4.1.30.Final/netty-buffer-4.1.30.Final.jar:/home/user/.m2/repository/io/netty/netty-transport/4.1.30.Final/netty-transport-4.1.30.Final.jar:/home/user/.m2/repository/io/netty/netty-resolver/4.1.30.Final/netty-resolver-4.1.30.Final.jar:/home/user/.m2/repository/io/netty/netty-transport-native-unix-common/4.1.30.Final/netty-transport-native-unix-common-4.1.30.Final.jar:/home/user/.m2/repository/io/grpc/grpc-protobuf/1.17.1/grpc-protobuf-1.17.1.jar:/home/user/.m2/repository/com/google/api/grpc/proto-google-common-protos/1.0.0/proto-google-common-protos-1.0.0.jar:/home/user/.m2/repository/io/grpc/grpc-protobuf-lite/1.17.1/grpc-protobuf-lite-1.17.1.jar:/home/user/.m2/repository/io/grpc/grpc-stub/1.17.1/grpc-stub-1.17.1.jar:/home/user/.m2/repository/org/apache/hadoop/hadoop-ozone-recon/0.5.0-SNAPSHOT/hadoop-ozone-recon-0.5.0-SNAPSHOT.jar:/home/user/.m2/repository/org/apache/hadoop/hadoop-ozone-reconcodegen/0.5.0-SNAPSHOT/hadoop-ozone-reconcodegen-0.5.0-SNAPSHOT.jar:/home/user/.m2/repository/com/google/inject/extensions/guice-multibindings/4.0/guice-multibindings-4.0.jar:/home/user/.m2/repository/com/google/inject/guice/4.0/guice-4.0.jar:/home/user/.m2/repository/aopalliance/aopalliance/1.0/aopalliance-1.0.jar:/home/user/.m2/repository/com/google/inject/extensions/guice-servlet/4.0/guice-servlet-4.0.jar:/home/user/.m2/repository/org/glassfish/jersey/containers/jersey-container-servlet/2.27/jersey-container-servlet-2.27.jar:/home/user/.m2/repository/org/glassfish/hk2/guice-bridge/2.5.0/guice-bridge-2.5.0.jar:/home/user/.m2/repository/org/glassfish/jersey/core/jersey-server/2.27/jersey-server-2.27.jar:/home/user/.m2/repository/org/glassfish/jersey/core/jersey-client/2.27/jersey-client-2.27.jar:/home/user/.m2/repository/org/glassfish/jersey/media/jersey-media-jaxb/2.27/jersey-media-jaxb-2.27.jar:/home/user/.m2/repository/javax/validation/validation-api/1.1.0.Final/validation-api-1.1.0.Final.jar:/home/user/.m2/repository/org/glassfish/jersey/media/jersey-media-json-jackson/2.27/jersey-media-json-jackson-2.27.jar:/home/user/.m2/repository/org/glassfish/jersey/ext/jersey-entity-filtering/2.27/jersey-entity-filtering-2.27.jar:/home/user/.m2/repository/com/google/inject/extensions/guice-assistedinject/4.0/guice-assistedinject-4.0.jar:/home/user/.m2/repository/org/jooq/jooq/3.11.10/jooq-3.11.10.jar:/home/user/.m2/repository/org/jooq/jooq-meta/3.11.10/jooq-meta-3.11.10.jar:/home/user/.m2/repository/org/jooq/jooq-codegen/3.11.10/jooq-codegen-3.11.10.jar:/home/user/.m2/repository/com/jolbox/bonecp/0.8.0.RELEASE/bonecp-0.8.0.RELEASE.jar:/home/user/.m2/repository/org/xerial/sqlite-jdbc/3.25.2/sqlite-jdbc-3.25.2.jar:/home/user/.m2/repository/org/springframework/spring-jdbc/5.1.3.RELEASE/spring-jdbc-5.1.3.RELEASE.jar:/home/user/.m2/repository/org/springframework/spring-beans/5.1.3.RELEASE/spring-beans-5.1.3.RELEASE.jar:/home/user/.m2/repository/org/springframework/spring-core/5.1.3.RELEASE/spring-core-5.1.3.RELEASE.jar:/home/user/.m2/repository/org/springframework/spring-jcl/5.1.3.RELEASE/spring-jcl-5.1.3.RELEASE.jar:/home/user/.m2/repository/org/springframework/spring-tx/5.1.3.RELEASE/spring-tx-5.1.3.RELEASE.jar:/home/user/.m2/repository/org/apache/hadoop/hadoop-ozone-client/0.5.0-SNAPSHOT/hadoop-ozone-client-0.5.0-SNAPSHOT.jar:/home/user/.m2/repository/commons-lang/commons-lang/2.6/commons-lang-2.6.jar:/home/user/.m2/repository/org/apache/hadoop/hadoop-ozone-ozone-manager/0.5.0-SNAPSHOT/hadoop-ozone-ozone-manager-0.5.0-SNAPSHOT-tests.jar:/home/user/.m2/repository/junit/junit/4.11/junit-4.11.jar:/home/user/.m2/repository/org/hamcrest/hamcrest-core/1.3/hamcrest-core-1.3.jar:/home/user/.m2/repository/org/openjdk/jmh/jmh-core/1.19/jmh-core-1.19.jar:/home/user/.m2/repository/net/sf/jopt-simple/jopt-simple/4.6/jopt-simple-4.6.jar:/home/user/.m2/repository/org/apache/commons/commons-math3/3.1.1/commons-math3-3.1.1.jar:/home/user/.m2/repository/org/openjdk/jmh/jmh-generator-annprocess/1.19/jmh-generator-annprocess-1.19.jar:/home/user/.m2/repository/org/mockito/mockito-all/1.8.5/mockito-all-1.8.5.jar:/home/user/.m2/repository/org/apache/hadoop/hadoop-kms/3.2.0/hadoop-kms-3.2.0.jar:/home/user/.m2/repository/org/apache/hadoop/hadoop-auth/3.2.0/hadoop-auth-3.2.0.jar:/home/user/.m2/repository/com/nimbusds/nimbus-jose-jwt/4.41.1/nimbus-jose-jwt-4.41.1.jar:/home/user/.m2/repository/com/github/stephenc/jcip/jcip-annotations/1.0-1/jcip-annotations-1.0-1.jar:/home/user/.m2/repository/net/minidev/json-smart/2.3/json-smart-2.3.jar:/home/user/.m2/repository/net/minidev/accessors-smart/1.2/accessors-smart-1.2.jar:/home/user/.m2/repository/org/ow2/asm/asm/5.0.4/asm-5.0.4.jar:/home/user/.m2/repository/org/apache/curator/curator-framework/2.12.0/curator-framework-2.12.0.jar:/home/user/.m2/repository/com/sun/jersey/jersey-core/1.19/jersey-core-1.19.jar:/home/user/.m2/repository/javax/ws/rs/jsr311-api/1.1.1/jsr311-api-1.1.1.jar:/home/user/.m2/repository/com/sun/jersey/jersey-server/1.19/jersey-server-1.19.jar:/home/user/.m2/repository/javax/servlet/javax.servlet-api/3.1.0/javax.servlet-api-3.1.0.jar:/home/user/.m2/repository/org/eclipse/jetty/jetty-server/9.3.24.v20180605/jetty-server-9.3.24.v20180605.jar:/home/user/.m2/repository/org/eclipse/jetty/jetty-http/9.3.24.v20180605/jetty-http-9.3.24.v20180605.jar:/home/user/.m2/repository/org/eclipse/jetty/jetty-io/9.3.24.v20180605/jetty-io-9.3.24.v20180605.jar:/home/user/.m2/repository/org/eclipse/jetty/jetty-webapp/9.3.24.v20180605/jetty-webapp-9.3.24.v20180605.jar:/home/user/.m2/repository/org/eclipse/jetty/jetty-xml/9.3.24.v20180605/jetty-xml-9.3.24.v20180605.jar:/home/user/.m2/repository/log4j/log4j/1.2.17/log4j-1.2.17.jar:/home/user/.m2/repository/org/slf4j/slf4j-api/1.7.25/slf4j-api-1.7.25.jar:/home/user/.m2/repository/org/slf4j/jul-to-slf4j/1.7.25/jul-to-slf4j-1.7.25.jar:/home/user/.m2/repository/org/eclipse/jetty/jetty-util/9.3.24.v20180605/jetty-util-9.3.24.v20180605.jar:/home/user/.m2/repository/com/fasterxml/jackson/core/jackson-databind/2.9.5/jackson-databind-2.9.5.jar:/home/user/.m2/repository/org/apache/hadoop/hadoop-kms/3.2.0/hadoop-kms-3.2.0-tests.jar:/home/user/.m2/repository/org/apache/hadoop/hadoop-hdds-server-scm/0.5.0-SNAPSHOT/hadoop-hdds-server-scm-0.5.0-SNAPSHOT-tests.jar:/home/user/.m2/repository/org/apache/hadoop/hadoop-hdds-container-service/0.5.0-SNAPSHOT/hadoop-hdds-container-service-0.5.0-SNAPSHOT-tests.jar:/home/user/.m2/repository/org/yaml/snakeyaml/1.16/snakeyaml-1.16.jar:/home/user/.m2/repository/org/apache/hadoop/hadoop-common/3.2.0/hadoop-common-3.2.0-tests.jar:/home/user/.m2/repository/org/apache/hadoop/hadoop-annotations/3.2.0/hadoop-annotations-3.2.0.jar:/usr/lib/jvm/java-1.8-openjdk/jre/../lib/tools.jar:/home/user/.m2/repository/commons-cli/commons-cli/1.2/commons-cli-1.2.jar:/home/user/.m2/repository/org/apache/httpcomponents/httpclient/4.5.2/httpclient-4.5.2.jar:/home/user/.m2/repository/org/apache/httpcomponents/httpcore/4.4.4/httpcore-4.4.4.jar:/home/user/.m2/repository/commons-codec/commons-codec/1.11/commons-codec-1.11.jar:/home/user/.m2/repository/commons-net/commons-net/3.6/commons-net-3.6.jar:/home/user/.m2/repository/commons-collections/commons-collections/3.2.2/commons-collections-3.2.2.jar:/home/user/.m2/repository/org/eclipse/jetty/jetty-servlet/9.3.24.v20180605/jetty-servlet-9.3.24.v20180605.jar:/home/user/.m2/repository/org/eclipse/jetty/jetty-security/9.3.24.v20180605/jetty-security-9.3.24.v20180605.jar:/home/user/.m2/repository/javax/servlet/jsp/jsp-api/2.1/jsp-api-2.1.jar:/home/user/.m2/repository/com/sun/jersey/jersey-servlet/1.19/jersey-servlet-1.19.jar:/home/user/.m2/repository/com/sun/jersey/jersey-json/1.19/jersey-json-1.19.jar:/home/user/.m2/repository/org/codehaus/jettison/jettison/1.1/jettison-1.1.jar:/home/user/.m2/repository/org/codehaus/jackson/jackson-core-asl/1.9.13/jackson-core-asl-1.9.13.jar:/home/user/.m2/repository/org/codehaus/jackson/jackson-mapper-asl/1.9.13/jackson-mapper-asl-1.9.13.jar:/home/user/.m2/repository/org/codehaus/jackson/jackson-jaxrs/1.9.13/jackson-jaxrs-1.9.13.jar:/home/user/.m2/repository/org/codehaus/jackson/jackson-xc/1.9.13/jackson-xc-1.9.13.jar:/home/user/.m2/repository/commons-logging/commons-logging/1.1.3/commons-logging-1.1.3.jar:/home/user/.m2/repository/commons-beanutils/commons-beanutils/1.9.3/commons-beanutils-1.9.3.jar:/home/user/.m2/repository/org/apache/commons/commons-configuration2/2.1.1/commons-configuration2-2.1.1.jar:/home/user/.m2/repository/org/apache/commons/commons-lang3/3.7/commons-lang3-3.7.jar:/home/user/.m2/repository/org/apache/commons/commons-text/1.4/commons-text-1.4.jar:/home/user/.m2/repository/org/apache/avro/avro/1.7.7/avro-1.7.7.jar:/home/user/.m2/repository/com/thoughtworks/paranamer/paranamer/2.3/paranamer-2.3.jar:/home/user/.m2/repository/org/xerial/snappy/snappy-java/1.0.5/snappy-java-1.0.5.jar:/home/user/.m2/repository/com/google/re2j/re2j/1.1/re2j-1.1.jar:/home/user/.m2/repository/com/google/code/gson/gson/2.2.4/gson-2.2.4.jar:/home/user/.m2/repository/com/jcraft/jsch/0.1.54/jsch-0.1.54.jar:/home/user/.m2/repository/org/apache/curator/curator-client/2.12.0/curator-client-2.12.0.jar:/home/user/.m2/repository/org/apache/curator/curator-recipes/2.12.0/curator-recipes-2.12.0.jar:/home/user/.m2/repository/com/google/code/findbugs/jsr305/3.0.0/jsr305-3.0.0.jar:/home/user/.m2/repository/org/apache/htrace/htrace-core4/4.1.0-incubating/htrace-core4-4.1.0-incubating.jar:/home/user/.m2/repository/org/apache/zookeeper/zookeeper/3.4.13/zookeeper-3.4.13.jar:/home/user/.m2/repository/org/apache/yetus/audience-annotations/0.5.0/audience-annotations-0.5.0.jar:/home/user/.m2/repository/org/codehaus/woodstox/stax2-api/3.1.4/stax2-api-3.1.4.jar:/home/user/.m2/repository/com/fasterxml/woodstox/woodstox-core/5.0.3/woodstox-core-5.0.3.jar:/home/user/.m2/repository/dnsjava/dnsjava/2.1.7/dnsjava-2.1.7.jar:/home/user/.m2/repository/org/apache/hadoop/hadoop-hdfs/3.2.0/hadoop-hdfs-3.2.0-tests.jar:/home/user/.m2/repository/org/eclipse/jetty/jetty-util-ajax/9.3.24.v20180605/jetty-util-ajax-9.3.24.v20180605.jar:/home/user/.m2/repository/commons-daemon/commons-daemon/1.0.13/commons-daemon-1.0.13.jar:/home/user/.m2/repository/io/netty/netty/3.10.5.Final/netty-3.10.5.Final.jar:/home/user/.m2/repository/io/netty/netty-all/4.0.52.Final/netty-all-4.0.52.Final.jar:/home/user/.m2/repository/org/fusesource/leveldbjni/leveldbjni-all/1.8/leveldbjni-all-1.8.jar:"/>
    <property name="sun.cpu.endian" value="little"/>
    <property name="user.home" value="/home/user"/>
    <property name="user.language" value="en"/>
    <property name="java.specification.vendor" value="Oracle Corporation"/>
    <property name="java.home" value="/usr/lib/jvm/java-1.8-openjdk/jre"/>
    <property name="java.security.krb5.conf" value="/workdir/hadoop-ozone/integration-test/target/test-classes/krb5.conf"/>
    <property name="basedir" value="/workdir/hadoop-ozone/integration-test"/>
    <property name="file.separator" value="/"/>
    <property name="line.separator" value="&#10;"/>
    <property name="java.vm.specification.vendor" value="Oracle Corporation"/>
    <property name="java.specification.name" value="Java Platform API Specification"/>
    <property name="java.awt.graphicsenv" value="sun.awt.X11GraphicsEnvironment"/>
    <property name="surefire.real.class.path" value="/workdir/hadoop-ozone/integration-test/target/surefire/surefirebooter2770926862199857688.jar"/>
    <property name="hadoop.log.dir" value="/workdir/hadoop-ozone/integration-test/target/log"/>
    <property name="sun.boot.class.path" value="/usr/lib/jvm/java-1.8-openjdk/jre/lib/resources.jar:/usr/lib/jvm/java-1.8-openjdk/jre/lib/rt.jar:/usr/lib/jvm/java-1.8-openjdk/jre/lib/sunrsasign.jar:/usr/lib/jvm/java-1.8-openjdk/jre/lib/jsse.jar:/usr/lib/jvm/java-1.8-openjdk/jre/lib/jce.jar:/usr/lib/jvm/java-1.8-openjdk/jre/lib/charsets.jar:/usr/lib/jvm/java-1.8-openjdk/jre/lib/jfr.jar:/usr/lib/jvm/java-1.8-openjdk/jre/classes"/>
    <property name="sun.management.compiler" value="HotSpot 64-Bit Tiered Compilers"/>
    <property name="java.runtime.version" value="1.8.0_212-b04"/>
    <property name="java.net.preferIPv4Stack" value="true"/>
    <property name="user.name" value="jenkins1000"/>
    <property name="path.separator" value=":"/>
    <property name="java.security.egd" value="file:///dev/urandom"/>
    <property name="os.version" value="3.10.0-957.12.2.el7.x86_64"/>
    <property name="java.endorsed.dirs" value="/usr/lib/jvm/java-1.8-openjdk/jre/lib/endorsed"/>
    <property name="java.runtime.name" value="OpenJDK Runtime Environment"/>
    <property name="file.encoding" value="UTF-8"/>
    <property name="java.vm.name" value="OpenJDK 64-Bit Server VM"/>
    <property name="test.build.webapps" value=""/>
    <property name="localRepository" value="/home/user/.m2/repository"/>
    <property name="java.vendor.url.bug" value="https://icedtea.classpath.org/bugzilla"/>
    <property name="java.io.tmpdir" value="/tmp"/>
    <property name="require.test.libhadoop" value=""/>
    <property name="java.version" value="1.8.0_212"/>
    <property name="user.dir" value="/workdir/hadoop-ozone/integration-test"/>
    <property name="os.arch" value="amd64"/>
    <property name="java.vm.specification.name" value="Java Virtual Machine Specification"/>
    <property name="test.build.classes" value="/workdir/hadoop-ozone/integration-test/target/test-classes"/>
    <property name="java.awt.printerjob" value="sun.print.PSPrinterJob"/>
    <property name="sun.os.patch.level" value="unknown"/>
    <property name="hadoop.tmp.dir" value="/workdir/hadoop-ozone/integration-test/target/tmp"/>
    <property name="java.library.path" value="/usr/lib/jvm/java-1.8-openjdk/jre/lib/amd64/server:/usr/lib/jvm/java-1.8-openjdk/jre/lib/amd64:/usr/lib/jvm/java-1.8-openjdk/jre/../lib/amd64:/workdir/hadoop-ozone/integration-test/target/native/target/usr/local/lib:/workdir/hadoop-ozone/integration-test/../../hadoop-common-project/hadoop-common/target/native/target/usr/local/lib:/usr/java/packages/lib/amd64:/usr/lib64:/lib64:/lib:/usr/lib"/>
    <property name="java.vm.info" value="mixed mode"/>
    <property name="java.vendor" value="IcedTea"/>
    <property name="java.vm.version" value="25.212-b04"/>
    <property name="java.ext.dirs" value="/usr/lib/jvm/java-1.8-openjdk/jre/lib/ext:/usr/java/packages/lib/ext"/>
    <property name="sun.io.unicode.encoding" value="UnicodeLittle"/>
    <property name="java.class.version" value="52.0"/>
  </properties>
  <testcase name="test2DatanodesFailure" classname="org.apache.hadoop.ozone.client.rpc.TestBlockOutputStreamWithFailures" time="41.605">
    <failure message="expected:&lt;5&gt; but was:&lt;6&gt;" type="java.lang.AssertionError"><![CDATA[java.lang.AssertionError: expected:<5> but was:<6>
	at org.junit.Assert.fail(Assert.java:88)
	at org.junit.Assert.failNotEquals(Assert.java:743)
	at org.junit.Assert.assertEquals(Assert.java:118)
	at org.junit.Assert.assertEquals(Assert.java:555)
	at org.junit.Assert.assertEquals(Assert.java:542)
	at org.apache.hadoop.ozone.client.rpc.TestBlockOutputStreamWithFailures.test2DatanodesFailure(TestBlockOutputStreamWithFailures.java:467)
	at sun.reflect.NativeMethodAccessorImpl.invoke0(Native Method)
	at sun.reflect.NativeMethodAccessorImpl.invoke(NativeMethodAccessorImpl.java:62)
	at sun.reflect.DelegatingMethodAccessorImpl.invoke(DelegatingMethodAccessorImpl.java:43)
	at java.lang.reflect.Method.invoke(Method.java:498)
	at org.junit.runners.model.FrameworkMethod$1.runReflectiveCall(FrameworkMethod.java:47)
	at org.junit.internal.runners.model.ReflectiveCallable.run(ReflectiveCallable.java:12)
	at org.junit.runners.model.FrameworkMethod.invokeExplosively(FrameworkMethod.java:44)
	at org.junit.internal.runners.statements.InvokeMethod.evaluate(InvokeMethod.java:17)
	at org.junit.internal.runners.statements.RunBefores.evaluate(RunBefores.java:26)
	at org.junit.internal.runners.statements.RunAfters.evaluate(RunAfters.java:27)
	at org.junit.runners.ParentRunner.runLeaf(ParentRunner.java:271)
	at org.junit.runners.BlockJUnit4ClassRunner.runChild(BlockJUnit4ClassRunner.java:70)
	at org.junit.runners.BlockJUnit4ClassRunner.runChild(BlockJUnit4ClassRunner.java:50)
	at org.junit.runners.ParentRunner$3.run(ParentRunner.java:238)
	at org.junit.runners.ParentRunner$1.schedule(ParentRunner.java:63)
	at org.junit.runners.ParentRunner.runChildren(ParentRunner.java:236)
	at org.junit.runners.ParentRunner.access$000(ParentRunner.java:53)
	at org.junit.runners.ParentRunner$2.evaluate(ParentRunner.java:229)
	at org.junit.runners.ParentRunner.run(ParentRunner.java:309)
	at org.apache.maven.surefire.junit4.JUnit4Provider.execute(JUnit4Provider.java:365)
	at org.apache.maven.surefire.junit4.JUnit4Provider.executeWithRerun(JUnit4Provider.java:273)
	at org.apache.maven.surefire.junit4.JUnit4Provider.executeTestSet(JUnit4Provider.java:238)
	at org.apache.maven.surefire.junit4.JUnit4Provider.invoke(JUnit4Provider.java:159)
	at org.apache.maven.surefire.booter.ForkedBooter.invokeProviderInSameClassLoader(ForkedBooter.java:384)
	at org.apache.maven.surefire.booter.ForkedBooter.runSuitesInProcess(ForkedBooter.java:345)
	at org.apache.maven.surefire.booter.ForkedBooter.execute(ForkedBooter.java:126)
	at org.apache.maven.surefire.booter.ForkedBooter.main(ForkedBooter.java:418)
]]></failure>
    <system-out><![CDATA[2019-08-30 07:08:23,559 [main] WARN  server.ServerUtils (ServerUtils.java:getScmDbDir(145)) - ozone.scm.db.dirs is not configured. We recommend adding this setting. Falling back to ozone.metadata.dirs instead.
2019-08-30 07:08:23,689 [main] WARN  server.ServerUtils (ServerUtils.java:getScmDbDir(145)) - ozone.scm.db.dirs is not configured. We recommend adding this setting. Falling back to ozone.metadata.dirs instead.
2019-08-30 07:08:23,693 [main] WARN  server.ServerUtils (ServerUtils.java:getScmDbDir(145)) - ozone.scm.db.dirs is not configured. We recommend adding this setting. Falling back to ozone.metadata.dirs instead.
2019-08-30 07:08:23,713 [main] INFO  util.log (Log.java:initialized(192)) - Logging initialized @939ms
2019-08-30 07:08:23,801 [main] INFO  db.DBStoreBuilder (DBStoreBuilder.java:addTable(110)) - using custom profile for table: deletedBlocks
2019-08-30 07:08:23,801 [main] INFO  db.DBStoreBuilder (DBStoreBuilder.java:processTables(161)) - Using default column profile:DBProfile.DISK for Table:deletedBlocks
2019-08-30 07:08:23,801 [main] INFO  db.DBStoreBuilder (DBStoreBuilder.java:addTable(110)) - using custom profile for table: validCerts
2019-08-30 07:08:23,802 [main] INFO  db.DBStoreBuilder (DBStoreBuilder.java:processTables(161)) - Using default column profile:DBProfile.DISK for Table:validCerts
2019-08-30 07:08:23,802 [main] INFO  db.DBStoreBuilder (DBStoreBuilder.java:addTable(110)) - using custom profile for table: revokedCerts
2019-08-30 07:08:23,802 [main] INFO  db.DBStoreBuilder (DBStoreBuilder.java:processTables(161)) - Using default column profile:DBProfile.DISK for Table:revokedCerts
2019-08-30 07:08:23,812 [main] INFO  db.DBStoreBuilder (DBStoreBuilder.java:addTable(110)) - using custom profile for table: default
2019-08-30 07:08:23,812 [main] INFO  db.DBStoreBuilder (DBStoreBuilder.java:processTables(167)) - Using default column profile:DBProfile.DISK for Table:default
2019-08-30 07:08:23,814 [main] INFO  db.DBStoreBuilder (DBStoreBuilder.java:getDbProfile(198)) - Using default options. DBProfile.DISK
2019-08-30 07:08:24,059 [main] INFO  net.NodeSchemaLoader (NodeSchemaLoader.java:loadSchemaFromFile(125)) - Loading file from sun.misc.CompoundEnumeration@5f058f00
2019-08-30 07:08:24,061 [main] INFO  net.NodeSchemaLoader (NodeSchemaLoader.java:loadSchema(171)) - Loading network topology layer schema file
2019-08-30 07:08:24,149 [main] INFO  node.SCMNodeManager (SCMNodeManager.java:<init>(122)) - Entering startup safe mode.
2019-08-30 07:08:24,231 [main] INFO  algorithms.ContainerPlacementPolicyFactory (ContainerPlacementPolicyFactory.java:getPolicy(55)) - Create container placement policy of type org.apache.hadoop.hdds.scm.container.placement.algorithms.SCMContainerPlacementRandom
2019-08-30 07:08:24,246 [main] WARN  server.ServerUtils (ServerUtils.java:getScmDbDir(145)) - ozone.scm.db.dirs is not configured. We recommend adding this setting. Falling back to ozone.metadata.dirs instead.
2019-08-30 07:08:24,361 [main] INFO  pipeline.SCMPipelineManager (SCMPipelineManager.java:initializePipelineState(126)) - No pipeline exists in current db
2019-08-30 07:08:24,364 [main] WARN  server.ServerUtils (ServerUtils.java:getScmDbDir(145)) - ozone.scm.db.dirs is not configured. We recommend adding this setting. Falling back to ozone.metadata.dirs instead.
2019-08-30 07:08:24,538 [main] WARN  events.EventQueue (EventQueue.java:fireEvent(175)) - No event handler registered for event TypedEvent{payloadType=SafeModeStatus, name='SafeModeStatus'}
2019-08-30 07:08:25,095 [main] INFO  ipc.CallQueueManager (CallQueueManager.java:<init>(84)) - Using callQueue: class java.util.concurrent.LinkedBlockingQueue, queueCapacity: 2000, scheduler: class org.apache.hadoop.ipc.DefaultRpcScheduler, ipcBackoff: false.
2019-08-30 07:08:25,476 [Socket Reader #1 for port 36781] INFO  ipc.Server (Server.java:run(1074)) - Starting Socket Reader #1 for port 36781
2019-08-30 07:08:25,507 [main] INFO  ipc.CallQueueManager (CallQueueManager.java:<init>(84)) - Using callQueue: class java.util.concurrent.LinkedBlockingQueue, queueCapacity: 2000, scheduler: class org.apache.hadoop.ipc.DefaultRpcScheduler, ipcBackoff: false.
2019-08-30 07:08:25,508 [Socket Reader #1 for port 39264] INFO  ipc.Server (Server.java:run(1074)) - Starting Socket Reader #1 for port 39264
2019-08-30 07:08:25,517 [main] INFO  ipc.CallQueueManager (CallQueueManager.java:<init>(84)) - Using callQueue: class java.util.concurrent.LinkedBlockingQueue, queueCapacity: 2000, scheduler: class org.apache.hadoop.ipc.DefaultRpcScheduler, ipcBackoff: false.
2019-08-30 07:08:25,518 [Socket Reader #1 for port 46517] INFO  ipc.Server (Server.java:run(1074)) - Starting Socket Reader #1 for port 46517
2019-08-30 07:08:25,542 [main] INFO  hdfs.DFSUtil (DFSUtil.java:httpServerTemplateForNNAndJN(1641)) - Starting Web-server for scm at: http://0.0.0.0:0
2019-08-30 07:08:25,731 [main] INFO  server.AuthenticationFilter (AuthenticationFilter.java:constructSecretProvider(240)) - Unable to initialize FileSignerSecretProvider, falling back to use random secrets.
2019-08-30 07:08:25,738 [main] WARN  http.HttpRequestLog (HttpRequestLog.java:getRequestLog(97)) - Jetty request log can only be enabled using Log4j
2019-08-30 07:08:25,746 [main] INFO  http.HttpServer2 (HttpServer2.java:addGlobalFilter(975)) - Added global filter 'safety' (class=org.apache.hadoop.http.HttpServer2$QuotingInputFilter)
2019-08-30 07:08:25,749 [main] INFO  http.HttpServer2 (HttpServer2.java:addFilter(948)) - Added filter static_user_filter (class=org.apache.hadoop.http.lib.StaticUserWebFilter$StaticUserFilter) to context scm
2019-08-30 07:08:25,749 [main] INFO  http.HttpServer2 (HttpServer2.java:addFilter(958)) - Added filter static_user_filter (class=org.apache.hadoop.http.lib.StaticUserWebFilter$StaticUserFilter) to context logs
2019-08-30 07:08:25,749 [main] INFO  http.HttpServer2 (HttpServer2.java:addFilter(958)) - Added filter static_user_filter (class=org.apache.hadoop.http.lib.StaticUserWebFilter$StaticUserFilter) to context static
2019-08-30 07:08:25,777 [main] INFO  server.StorageContainerManager (StorageContainerManager.java:start(759)) - StorageContainerLocationProtocol RPC server is listening at /0.0.0.0:46517
2019-08-30 07:08:25,868 [main] WARN  impl.MetricsConfig (MetricsConfig.java:loadFirst(134)) - Cannot locate configuration: tried hadoop-metrics2-storagecontainermanager.properties,hadoop-metrics2.properties
2019-08-30 07:08:25,883 [main] INFO  impl.MetricsSystemImpl (MetricsSystemImpl.java:startTimer(374)) - Scheduled Metric snapshot period at 10 second(s).
2019-08-30 07:08:25,884 [main] INFO  impl.MetricsSystemImpl (MetricsSystemImpl.java:start(191)) - StorageContainerManager metrics system started
2019-08-30 07:08:26,151 [main] INFO  server.SCMClientProtocolServer (SCMClientProtocolServer.java:start(151)) - RPC server for Client  is listening at /0.0.0.0:46517
2019-08-30 07:08:26,151 [IPC Server Responder] INFO  ipc.Server (Server.java:run(1314)) - IPC Server Responder: starting
2019-08-30 07:08:26,151 [IPC Server listener on 46517] INFO  ipc.Server (Server.java:run(1153)) - IPC Server listener on 46517: starting
2019-08-30 07:08:26,154 [main] INFO  server.StorageContainerManager (StorageContainerManager.java:start(769)) - ScmBlockLocationProtocol RPC server is listening at /0.0.0.0:39264
2019-08-30 07:08:26,154 [main] INFO  server.SCMBlockProtocolServer (SCMBlockProtocolServer.java:start(140)) - RPC server for Block Protocol is listening at /0.0.0.0:39264
2019-08-30 07:08:26,155 [IPC Server Responder] INFO  ipc.Server (Server.java:run(1314)) - IPC Server Responder: starting
2019-08-30 07:08:26,155 [IPC Server listener on 39264] INFO  ipc.Server (Server.java:run(1153)) - IPC Server listener on 39264: starting
2019-08-30 07:08:26,157 [main] INFO  server.StorageContainerManager (StorageContainerManager.java:start(773)) - ScmDatanodeProtocl RPC server is listening at /0.0.0.0:36781
2019-08-30 07:08:26,158 [main] INFO  server.SCMDatanodeProtocolServer (SCMDatanodeProtocolServer.java:start(191)) - RPC server for DataNodes is listening at /0.0.0.0:36781
2019-08-30 07:08:26,158 [IPC Server Responder] INFO  ipc.Server (Server.java:run(1314)) - IPC Server Responder: starting
2019-08-30 07:08:26,158 [IPC Server listener on 36781] INFO  ipc.Server (Server.java:run(1153)) - IPC Server listener on 36781: starting
2019-08-30 07:08:26,163 [main] INFO  http.HttpServer2 (HttpServer2.java:bindListener(1191)) - Jetty bound to port 41672
2019-08-30 07:08:26,164 [main] INFO  server.Server (Server.java:doStart(351)) - jetty-9.3.24.v20180605, build timestamp: 2018-06-05T17:11:56Z, git hash: 84205aa28f11a4f31f2a3b86d1bba2cc8ab69827
2019-08-30 07:08:26,206 [main] INFO  handler.ContextHandler (ContextHandler.java:doStart(781)) - Started o.e.j.s.ServletContextHandler@5286c33a{/logs,file:///workdir/hadoop-ozone/integration-test/target/log,AVAILABLE}
2019-08-30 07:08:26,206 [main] INFO  handler.ContextHandler (ContextHandler.java:doStart(781)) - Started o.e.j.s.ServletContextHandler@5c530d1e{/static,file:///workdir/hadoop-ozone/integration-test/target/test-classes/webapps/static,AVAILABLE}
2019-08-30 07:08:26,243 [main] INFO  handler.ContextHandler (ContextHandler.java:doStart(781)) - Started o.e.j.w.WebAppContext@48f5bde6{/,file:///workdir/hadoop-ozone/integration-test/target/test-classes/webapps/scm/,AVAILABLE}{/scm}
2019-08-30 07:08:26,250 [main] INFO  server.AbstractConnector (AbstractConnector.java:doStart(278)) - Started ServerConnector@6d511b5f{HTTP/1.1,[http/1.1]}{0.0.0.0:41672}
2019-08-30 07:08:26,250 [main] INFO  server.Server (Server.java:doStart(419)) - Started @3477ms
2019-08-30 07:08:26,251 [main] INFO  server.BaseHttpServer (BaseHttpServer.java:updateConnectorAddress(213)) - HTTP server of SCM is listening at http://0.0.0.0:41672
2019-08-30 07:08:26,257 [org.apache.hadoop.util.JvmPauseMonitor$Monitor@3b1bb3ab] INFO  util.JvmPauseMonitor (JvmPauseMonitor.java:run(188)) - Starting JVM pause monitor
2019-08-30 07:08:26,260 [main] WARN  server.ServerUtils (ServerUtils.java:getDBPath(222)) - ozone.om.db.dirs is not configured. We recommend adding this setting. Falling back to ozone.metadata.dirs instead.
2019-08-30 07:08:26,368 [main] WARN  server.ServerUtils (ServerUtils.java:getDBPath(222)) - ozone.om.db.dirs is not configured. We recommend adding this setting. Falling back to ozone.metadata.dirs instead.
2019-08-30 07:08:26,368 [main] WARN  server.ServerUtils (ServerUtils.java:getDBPath(222)) - ozone.om.db.dirs is not configured. We recommend adding this setting. Falling back to ozone.metadata.dirs instead.
2019-08-30 07:08:26,370 [main] INFO  om.OzoneManager (OzoneManager.java:setOMNodeDetails(645)) - OM Service ID is not set. Setting it to the default ID: omServiceIdDefault
2019-08-30 07:08:26,370 [main] INFO  om.OzoneManager (OzoneManager.java:setOMNodeDetails(651)) - OM Node ID is not set. Setting it to the OmStorage's OmID: 8d03ab57-9021-4a6c-8eca-7a26679f7d61
2019-08-30 07:08:26,371 [main] INFO  om.OzoneManager (OzoneManager.java:loadOMHAConfigs(602)) - Found matching OM address with OMServiceId: null, OMNodeId: null, RPC Address: localhost:0 and Ratis port: 9872
2019-08-30 07:08:26,627 | INFO  | SCMAudit | user=jenkins1000 | ip=192.168.5.156 | op=GET_SCM_INFO null | ret=SUCCESS |  
2019-08-30 07:08:27,096 [main] WARN  server.ServerUtils (ServerUtils.java:getDBPath(222)) - ozone.om.db.dirs is not configured. We recommend adding this setting. Falling back to ozone.metadata.dirs instead.
2019-08-30 07:08:27,103 [main] INFO  db.DBStoreBuilder (DBStoreBuilder.java:addTable(110)) - using custom profile for table: userTable
2019-08-30 07:08:27,103 [main] INFO  db.DBStoreBuilder (DBStoreBuilder.java:processTables(161)) - Using default column profile:DBProfile.DISK for Table:userTable
2019-08-30 07:08:27,104 [main] INFO  db.DBStoreBuilder (DBStoreBuilder.java:addTable(110)) - using custom profile for table: volumeTable
2019-08-30 07:08:27,104 [main] INFO  db.DBStoreBuilder (DBStoreBuilder.java:processTables(161)) - Using default column profile:DBProfile.DISK for Table:volumeTable
2019-08-30 07:08:27,105 [main] INFO  db.DBStoreBuilder (DBStoreBuilder.java:addTable(110)) - using custom profile for table: bucketTable
2019-08-30 07:08:27,105 [main] INFO  db.DBStoreBuilder (DBStoreBuilder.java:processTables(161)) - Using default column profile:DBProfile.DISK for Table:bucketTable
2019-08-30 07:08:27,105 [main] INFO  db.DBStoreBuilder (DBStoreBuilder.java:addTable(110)) - using custom profile for table: keyTable
2019-08-30 07:08:27,105 [main] INFO  db.DBStoreBuilder (DBStoreBuilder.java:processTables(161)) - Using default column profile:DBProfile.DISK for Table:keyTable
2019-08-30 07:08:27,106 [main] INFO  db.DBStoreBuilder (DBStoreBuilder.java:addTable(110)) - using custom profile for table: deletedTable
2019-08-30 07:08:27,106 [main] INFO  db.DBStoreBuilder (DBStoreBuilder.java:processTables(161)) - Using default column profile:DBProfile.DISK for Table:deletedTable
2019-08-30 07:08:27,106 [main] INFO  db.DBStoreBuilder (DBStoreBuilder.java:addTable(110)) - using custom profile for table: openKeyTable
2019-08-30 07:08:27,106 [main] INFO  db.DBStoreBuilder (DBStoreBuilder.java:processTables(161)) - Using default column profile:DBProfile.DISK for Table:openKeyTable
2019-08-30 07:08:27,107 [main] INFO  db.DBStoreBuilder (DBStoreBuilder.java:addTable(110)) - using custom profile for table: s3Table
2019-08-30 07:08:27,107 [main] INFO  db.DBStoreBuilder (DBStoreBuilder.java:processTables(161)) - Using default column profile:DBProfile.DISK for Table:s3Table
2019-08-30 07:08:27,107 [main] INFO  db.DBStoreBuilder (DBStoreBuilder.java:addTable(110)) - using custom profile for table: multipartInfoTable
2019-08-30 07:08:27,107 [main] INFO  db.DBStoreBuilder (DBStoreBuilder.java:processTables(161)) - Using default column profile:DBProfile.DISK for Table:multipartInfoTable
2019-08-30 07:08:27,108 [main] INFO  db.DBStoreBuilder (DBStoreBuilder.java:addTable(110)) - using custom profile for table: dTokenTable
2019-08-30 07:08:27,108 [main] INFO  db.DBStoreBuilder (DBStoreBuilder.java:processTables(161)) - Using default column profile:DBProfile.DISK for Table:dTokenTable
2019-08-30 07:08:27,108 [main] INFO  db.DBStoreBuilder (DBStoreBuilder.java:addTable(110)) - using custom profile for table: s3SecretTable
2019-08-30 07:08:27,109 [main] INFO  db.DBStoreBuilder (DBStoreBuilder.java:processTables(161)) - Using default column profile:DBProfile.DISK for Table:s3SecretTable
2019-08-30 07:08:27,109 [main] INFO  db.DBStoreBuilder (DBStoreBuilder.java:addTable(110)) - using custom profile for table: prefixTable
2019-08-30 07:08:27,109 [main] INFO  db.DBStoreBuilder (DBStoreBuilder.java:processTables(161)) - Using default column profile:DBProfile.DISK for Table:prefixTable
2019-08-30 07:08:27,109 [main] INFO  db.DBStoreBuilder (DBStoreBuilder.java:addTable(110)) - using custom profile for table: default
2019-08-30 07:08:27,110 [main] INFO  db.DBStoreBuilder (DBStoreBuilder.java:processTables(167)) - Using default column profile:DBProfile.DISK for Table:default
2019-08-30 07:08:27,110 [main] INFO  db.DBStoreBuilder (DBStoreBuilder.java:getDbProfile(198)) - Using default options. DBProfile.DISK
2019-08-30 07:08:27,860 [main] INFO  ipc.CallQueueManager (CallQueueManager.java:<init>(84)) - Using callQueue: class java.util.concurrent.LinkedBlockingQueue, queueCapacity: 2000, scheduler: class org.apache.hadoop.ipc.DefaultRpcScheduler, ipcBackoff: false.
2019-08-30 07:08:27,862 [Socket Reader #1 for port 41588] INFO  ipc.Server (Server.java:run(1074)) - Starting Socket Reader #1 for port 41588
2019-08-30 07:08:27,886 [main] INFO  om.OzoneManager (OzoneManager.java:start(1256)) - OzoneManager RPC server is listening at localhost/127.0.0.1:41588
2019-08-30 07:08:27,886 [main] INFO  impl.MetricsSystemImpl (MetricsSystemImpl.java:init(158)) - OzoneManager metrics system started (again)
2019-08-30 07:08:27,887 [IPC Server Responder] INFO  ipc.Server (Server.java:run(1314)) - IPC Server Responder: starting
2019-08-30 07:08:27,888 [IPC Server listener on 41588] INFO  ipc.Server (Server.java:run(1153)) - IPC Server listener on 41588: starting
2019-08-30 07:08:28,077 [main] INFO  hdfs.DFSUtil (DFSUtil.java:httpServerTemplateForNNAndJN(1641)) - Starting Web-server for ozoneManager at: http://0.0.0.0:0
2019-08-30 07:08:28,080 [main] INFO  server.AuthenticationFilter (AuthenticationFilter.java:constructSecretProvider(240)) - Unable to initialize FileSignerSecretProvider, falling back to use random secrets.
2019-08-30 07:08:28,083 [main] WARN  http.HttpRequestLog (HttpRequestLog.java:getRequestLog(97)) - Jetty request log can only be enabled using Log4j
2019-08-30 07:08:28,086 [main] INFO  http.HttpServer2 (HttpServer2.java:addGlobalFilter(975)) - Added global filter 'safety' (class=org.apache.hadoop.http.HttpServer2$QuotingInputFilter)
2019-08-30 07:08:28,087 [main] INFO  http.HttpServer2 (HttpServer2.java:addFilter(948)) - Added filter static_user_filter (class=org.apache.hadoop.http.lib.StaticUserWebFilter$StaticUserFilter) to context ozoneManager
2019-08-30 07:08:28,088 [main] INFO  http.HttpServer2 (HttpServer2.java:addFilter(958)) - Added filter static_user_filter (class=org.apache.hadoop.http.lib.StaticUserWebFilter$StaticUserFilter) to context static
2019-08-30 07:08:28,088 [main] INFO  http.HttpServer2 (HttpServer2.java:addFilter(958)) - Added filter static_user_filter (class=org.apache.hadoop.http.lib.StaticUserWebFilter$StaticUserFilter) to context logs
2019-08-30 07:08:28,091 [main] INFO  http.HttpServer2 (HttpServer2.java:bindListener(1191)) - Jetty bound to port 40567
2019-08-30 07:08:28,091 [main] INFO  server.Server (Server.java:doStart(351)) - jetty-9.3.24.v20180605, build timestamp: 2018-06-05T17:11:56Z, git hash: 84205aa28f11a4f31f2a3b86d1bba2cc8ab69827
2019-08-30 07:08:28,094 [main] INFO  handler.ContextHandler (ContextHandler.java:doStart(781)) - Started o.e.j.s.ServletContextHandler@49dbaaf3{/logs,file:///workdir/hadoop-ozone/integration-test/target/log,AVAILABLE}
2019-08-30 07:08:28,094 [main] INFO  handler.ContextHandler (ContextHandler.java:doStart(781)) - Started o.e.j.s.ServletContextHandler@736f3e9e{/static,file:///workdir/hadoop-ozone/integration-test/target/test-classes/webapps/static,AVAILABLE}
2019-08-30 07:08:28,100 [main] INFO  handler.ContextHandler (ContextHandler.java:doStart(781)) - Started o.e.j.w.WebAppContext@40d10481{/,file:///workdir/hadoop-ozone/integration-test/target/test-classes/webapps/ozoneManager/,AVAILABLE}{/ozoneManager}
2019-08-30 07:08:28,101 [main] INFO  server.AbstractConnector (AbstractConnector.java:doStart(278)) - Started ServerConnector@60dd3c23{HTTP/1.1,[http/1.1]}{0.0.0.0:40567}
2019-08-30 07:08:28,102 [main] INFO  server.Server (Server.java:doStart(419)) - Started @5329ms
2019-08-30 07:08:28,103 [main] INFO  server.BaseHttpServer (BaseHttpServer.java:updateConnectorAddress(213)) - HTTP server of OZONEMANAGER is listening at http://0.0.0.0:40567
2019-08-30 07:08:28,237 [main] INFO  impl.MetricsSystemImpl (MetricsSystemImpl.java:init(158)) - HddsDatanode metrics system started (again)
2019-08-30 07:08:28,318 [main] INFO  ozone.HddsDatanodeService (HddsDatanodeService.java:start(184)) - HddsDatanodeService host:pr-hdds-1569-5th2c-4253854396 ip:192.168.5.156
2019-08-30 07:08:28,348 [main] INFO  volume.HddsVolume (HddsVolume.java:<init>(176)) - Creating Volume: /workdir/hadoop-ozone/integration-test/target/test-dir/MiniOzoneClusterImpl-c6ae54c1-d46d-4dd5-b528-c2e096086b9a/datanode-0/data/containers/hdds of  storage type : DISK and capacity : 1482555576320
2019-08-30 07:08:28,350 [main] INFO  volume.VolumeSet (VolumeSet.java:initializeVolumeSet(170)) - Added Volume : /workdir/hadoop-ozone/integration-test/target/test-dir/MiniOzoneClusterImpl-c6ae54c1-d46d-4dd5-b528-c2e096086b9a/datanode-0/data/containers/hdds to VolumeSet
2019-08-30 07:08:28,352 [main] INFO  volume.ThrottledAsyncChecker (ThrottledAsyncChecker.java:schedule(140)) - Scheduling a check for org.apache.hadoop.ozone.container.common.volume.HddsVolume@116a2108
2019-08-30 07:08:28,367 [main] INFO  volume.HddsVolumeChecker (HddsVolumeChecker.java:checkAllVolumes(203)) - Scheduled health check for volume org.apache.hadoop.ozone.container.common.volume.HddsVolume@116a2108
2019-08-30 07:08:28,452 [main] INFO  impl.RaftServerProxy (ConfUtils.java:logGet(43)) - raft.rpc.type = GRPC (default)
2019-08-30 07:08:28,506 [main] INFO  grpc.GrpcFactory (GrpcFactory.java:checkPooledByteBufAllocatorUseCacheForAllThreads(45)) - PERFORMANCE WARNING: useCacheForAllThreads is true that may cause Netty to create a lot garbage objects and, as a result, trigger GC.
	It is recommended to disable useCacheForAllThreads by setting -Dorg.apache.ratis.thirdparty.io.netty.allocator.useCacheForAllThreads=false in command line.
2019-08-30 07:08:28,510 [main] INFO  grpc.GrpcConfigKeys$Server (ConfUtils.java:logGet(43)) - raft.grpc.server.port = 0 (default)
2019-08-30 07:08:28,510 [main] INFO  server.GrpcService (ConfUtils.java:logGet(43)) - raft.grpc.message.size.max = 33570816 (custom)
2019-08-30 07:08:28,512 [main] INFO  server.RaftServerConfigKeys (ConfUtils.java:logGet(43)) - raft.server.log.appender.buffer.byte-limit = 33554432 (custom)
2019-08-30 07:08:28,512 [main] INFO  server.GrpcService (ConfUtils.java:logGet(43)) - raft.grpc.flow.control.window = 1MB (=1048576) (default)
2019-08-30 07:08:28,513 [main] INFO  server.RaftServerConfigKeys (ConfUtils.java:logGet(43)) - raft.server.rpc.request.timeout = 3000ms (default)
2019-08-30 07:08:28,637 [main] INFO  server.RaftServerConfigKeys (ConfUtils.java:logGet(43)) - raft.server.storage.dir = [/workdir/hadoop-ozone/integration-test/target/test-dir/MiniOzoneClusterImpl-c6ae54c1-d46d-4dd5-b528-c2e096086b9a/datanode-0/data/ratis] (custom)
2019-08-30 07:08:28,666 [main] INFO  replication.SimpleContainerDownloader (SimpleContainerDownloader.java:<init>(72)) - Starting container downloader service to copy containers to replicate.
2019-08-30 07:08:28,677 [main] INFO  hdfs.DFSUtil (DFSUtil.java:httpServerTemplateForNNAndJN(1641)) - Starting Web-server for hddsDatanode at: http://0.0.0.0:0
2019-08-30 07:08:28,678 [main] INFO  server.AuthenticationFilter (AuthenticationFilter.java:constructSecretProvider(240)) - Unable to initialize FileSignerSecretProvider, falling back to use random secrets.
2019-08-30 07:08:28,679 [main] WARN  http.HttpRequestLog (HttpRequestLog.java:getRequestLog(97)) - Jetty request log can only be enabled using Log4j
2019-08-30 07:08:28,680 [main] INFO  http.HttpServer2 (HttpServer2.java:addGlobalFilter(975)) - Added global filter 'safety' (class=org.apache.hadoop.http.HttpServer2$QuotingInputFilter)
2019-08-30 07:08:28,681 [main] INFO  http.HttpServer2 (HttpServer2.java:addFilter(948)) - Added filter static_user_filter (class=org.apache.hadoop.http.lib.StaticUserWebFilter$StaticUserFilter) to context hddsDatanode
2019-08-30 07:08:28,681 [main] INFO  http.HttpServer2 (HttpServer2.java:addFilter(958)) - Added filter static_user_filter (class=org.apache.hadoop.http.lib.StaticUserWebFilter$StaticUserFilter) to context logs
2019-08-30 07:08:28,681 [main] INFO  http.HttpServer2 (HttpServer2.java:addFilter(958)) - Added filter static_user_filter (class=org.apache.hadoop.http.lib.StaticUserWebFilter$StaticUserFilter) to context static
2019-08-30 07:08:28,682 [main] INFO  http.HttpServer2 (HttpServer2.java:bindListener(1191)) - Jetty bound to port 39850
2019-08-30 07:08:28,682 [main] INFO  server.Server (Server.java:doStart(351)) - jetty-9.3.24.v20180605, build timestamp: 2018-06-05T17:11:56Z, git hash: 84205aa28f11a4f31f2a3b86d1bba2cc8ab69827
2019-08-30 07:08:28,684 [main] INFO  handler.ContextHandler (ContextHandler.java:doStart(781)) - Started o.e.j.s.ServletContextHandler@1457fde{/logs,file:///workdir/hadoop-ozone/integration-test/target/log,AVAILABLE}
2019-08-30 07:08:28,685 [main] INFO  handler.ContextHandler (ContextHandler.java:doStart(781)) - Started o.e.j.s.ServletContextHandler@17fa1336{/static,jar:file:/home/user/.m2/repository/org/apache/hadoop/hadoop-hdds-container-service/0.5.0-SNAPSHOT/hadoop-hdds-container-service-0.5.0-SNAPSHOT.jar!/webapps/static,AVAILABLE}
2019-08-30 07:08:28,712 [main] INFO  handler.ContextHandler (ContextHandler.java:doStart(781)) - Started o.e.j.w.WebAppContext@7b306b9f{/,file:///tmp/jetty-0.0.0.0-39850-hddsDatanode-_-any-2283524724534238100.dir/webapp/,AVAILABLE}{/hddsDatanode}
2019-08-30 07:08:28,712 [main] INFO  server.AbstractConnector (AbstractConnector.java:doStart(278)) - Started ServerConnector@142213d5{HTTP/1.1,[http/1.1]}{0.0.0.0:39850}
2019-08-30 07:08:28,713 [main] INFO  server.Server (Server.java:doStart(419)) - Started @5939ms
2019-08-30 07:08:28,714 [main] INFO  server.BaseHttpServer (BaseHttpServer.java:updateConnectorAddress(213)) - HTTP server of HDDSDATANODE is listening at http://0.0.0.0:39850
2019-08-30 07:08:29,741 | INFO  | ObjectStoreRestHttpServer | Listening HDDS REST traffic on /0.0.0.0:41723 |  
2019-08-30 07:08:29,742 [main] INFO  ozone.HddsDatanodeService (HddsDatanodeService.java:startPlugins(395)) - Started plug-in org.apache.hadoop.ozone.web.OzoneHddsDatanodeService@3375ebd3
2019-08-30 07:08:29,743 [main] INFO  impl.MetricsSystemImpl (MetricsSystemImpl.java:init(158)) - HddsDatanode metrics system started (again)
2019-08-30 07:08:29,746 [main] INFO  ozone.HddsDatanodeService (HddsDatanodeService.java:start(184)) - HddsDatanodeService host:pr-hdds-1569-5th2c-4253854396 ip:192.168.5.156
2019-08-30 07:08:29,748 [org.apache.hadoop.util.JvmPauseMonitor$Monitor@30318ad7] INFO  util.JvmPauseMonitor (JvmPauseMonitor.java:run(188)) - Starting JVM pause monitor
2019-08-30 07:08:29,755 [main] INFO  volume.HddsVolume (HddsVolume.java:<init>(176)) - Creating Volume: /workdir/hadoop-ozone/integration-test/target/test-dir/MiniOzoneClusterImpl-c6ae54c1-d46d-4dd5-b528-c2e096086b9a/datanode-1/data/containers/hdds of  storage type : DISK and capacity : 1482555576320
2019-08-30 07:08:29,755 [main] INFO  volume.VolumeSet (VolumeSet.java:initializeVolumeSet(170)) - Added Volume : /workdir/hadoop-ozone/integration-test/target/test-dir/MiniOzoneClusterImpl-c6ae54c1-d46d-4dd5-b528-c2e096086b9a/datanode-1/data/containers/hdds to VolumeSet
2019-08-30 07:08:29,756 [main] INFO  volume.ThrottledAsyncChecker (ThrottledAsyncChecker.java:schedule(140)) - Scheduling a check for org.apache.hadoop.ozone.container.common.volume.HddsVolume@643ba1ed
2019-08-30 07:08:29,756 [main] INFO  volume.HddsVolumeChecker (HddsVolumeChecker.java:checkAllVolumes(203)) - Scheduled health check for volume org.apache.hadoop.ozone.container.common.volume.HddsVolume@643ba1ed
2019-08-30 07:08:29,773 [main] INFO  impl.RaftServerProxy (ConfUtils.java:logGet(43)) - raft.rpc.type = GRPC (default)
2019-08-30 07:08:29,773 [main] INFO  grpc.GrpcFactory (GrpcFactory.java:checkPooledByteBufAllocatorUseCacheForAllThreads(45)) - PERFORMANCE WARNING: useCacheForAllThreads is true that may cause Netty to create a lot garbage objects and, as a result, trigger GC.
	It is recommended to disable useCacheForAllThreads by setting -Dorg.apache.ratis.thirdparty.io.netty.allocator.useCacheForAllThreads=false in command line.
2019-08-30 07:08:29,774 [main] INFO  grpc.GrpcConfigKeys$Server (ConfUtils.java:logGet(43)) - raft.grpc.server.port = 0 (default)
2019-08-30 07:08:29,774 [main] INFO  server.GrpcService (ConfUtils.java:logGet(43)) - raft.grpc.message.size.max = 33570816 (custom)
2019-08-30 07:08:29,774 [main] INFO  server.RaftServerConfigKeys (ConfUtils.java:logGet(43)) - raft.server.log.appender.buffer.byte-limit = 33554432 (custom)
2019-08-30 07:08:29,774 [main] INFO  server.GrpcService (ConfUtils.java:logGet(43)) - raft.grpc.flow.control.window = 1MB (=1048576) (default)
2019-08-30 07:08:29,775 [main] INFO  server.RaftServerConfigKeys (ConfUtils.java:logGet(43)) - raft.server.rpc.request.timeout = 3000ms (default)
2019-08-30 07:08:29,775 [main] INFO  server.RaftServerConfigKeys (ConfUtils.java:logGet(43)) - raft.server.storage.dir = [/workdir/hadoop-ozone/integration-test/target/test-dir/MiniOzoneClusterImpl-c6ae54c1-d46d-4dd5-b528-c2e096086b9a/datanode-1/data/ratis] (custom)
2019-08-30 07:08:29,776 [main] INFO  replication.SimpleContainerDownloader (SimpleContainerDownloader.java:<init>(72)) - Starting container downloader service to copy containers to replicate.
2019-08-30 07:08:29,777 [main] INFO  hdfs.DFSUtil (DFSUtil.java:httpServerTemplateForNNAndJN(1641)) - Starting Web-server for hddsDatanode at: http://0.0.0.0:0
2019-08-30 07:08:29,779 [main] INFO  server.AuthenticationFilter (AuthenticationFilter.java:constructSecretProvider(240)) - Unable to initialize FileSignerSecretProvider, falling back to use random secrets.
2019-08-30 07:08:29,780 [main] WARN  http.HttpRequestLog (HttpRequestLog.java:getRequestLog(97)) - Jetty request log can only be enabled using Log4j
2019-08-30 07:08:29,781 [main] INFO  http.HttpServer2 (HttpServer2.java:addGlobalFilter(975)) - Added global filter 'safety' (class=org.apache.hadoop.http.HttpServer2$QuotingInputFilter)
2019-08-30 07:08:29,782 [main] INFO  http.HttpServer2 (HttpServer2.java:addFilter(948)) - Added filter static_user_filter (class=org.apache.hadoop.http.lib.StaticUserWebFilter$StaticUserFilter) to context hddsDatanode
2019-08-30 07:08:29,782 [main] INFO  http.HttpServer2 (HttpServer2.java:addFilter(958)) - Added filter static_user_filter (class=org.apache.hadoop.http.lib.StaticUserWebFilter$StaticUserFilter) to context static
2019-08-30 07:08:29,783 [main] INFO  http.HttpServer2 (HttpServer2.java:addFilter(958)) - Added filter static_user_filter (class=org.apache.hadoop.http.lib.StaticUserWebFilter$StaticUserFilter) to context logs
2019-08-30 07:08:29,783 [main] INFO  http.HttpServer2 (HttpServer2.java:bindListener(1191)) - Jetty bound to port 43518
2019-08-30 07:08:29,784 [main] INFO  server.Server (Server.java:doStart(351)) - jetty-9.3.24.v20180605, build timestamp: 2018-06-05T17:11:56Z, git hash: 84205aa28f11a4f31f2a3b86d1bba2cc8ab69827
2019-08-30 07:08:29,788 [main] INFO  handler.ContextHandler (ContextHandler.java:doStart(781)) - Started o.e.j.s.ServletContextHandler@22ead351{/logs,file:///workdir/hadoop-ozone/integration-test/target/log,AVAILABLE}
2019-08-30 07:08:29,788 [main] INFO  handler.ContextHandler (ContextHandler.java:doStart(781)) - Started o.e.j.s.ServletContextHandler@43d65a81{/static,jar:file:/home/user/.m2/repository/org/apache/hadoop/hadoop-hdds-container-service/0.5.0-SNAPSHOT/hadoop-hdds-container-service-0.5.0-SNAPSHOT.jar!/webapps/static,AVAILABLE}
2019-08-30 07:08:29,819 [main] INFO  handler.ContextHandler (ContextHandler.java:doStart(781)) - Started o.e.j.w.WebAppContext@1f536481{/,file:///tmp/jetty-0.0.0.0-43518-hddsDatanode-_-any-2245996854583153309.dir/webapp/,AVAILABLE}{/hddsDatanode}
2019-08-30 07:08:29,820 [main] INFO  server.AbstractConnector (AbstractConnector.java:doStart(278)) - Started ServerConnector@5234b61a{HTTP/1.1,[http/1.1]}{0.0.0.0:43518}
2019-08-30 07:08:29,821 [main] INFO  server.Server (Server.java:doStart(419)) - Started @7048ms
2019-08-30 07:08:29,823 [main] INFO  server.BaseHttpServer (BaseHttpServer.java:updateConnectorAddress(213)) - HTTP server of HDDSDATANODE is listening at http://0.0.0.0:43518
2019-08-30 07:08:29,869 [Datanode State Machine Thread - 0] INFO  datanode.InitDatanodeState (InitDatanodeState.java:persistContainerDatanodeDetails(140)) - DatanodeDetails is persisted to /workdir/hadoop-ozone/integration-test/target/test-dir/MiniOzoneClusterImpl-c6ae54c1-d46d-4dd5-b528-c2e096086b9a/datanode-0/meta/datanode.id
2019-08-30 07:08:29,945 | INFO  | ObjectStoreRestHttpServer | Listening HDDS REST traffic on /0.0.0.0:38780 |  
2019-08-30 07:08:29,945 [main] INFO  ozone.HddsDatanodeService (HddsDatanodeService.java:startPlugins(395)) - Started plug-in org.apache.hadoop.ozone.web.OzoneHddsDatanodeService@501957bf
2019-08-30 07:08:29,945 [main] INFO  impl.MetricsSystemImpl (MetricsSystemImpl.java:init(158)) - HddsDatanode metrics system started (again)
2019-08-30 07:08:29,949 [main] INFO  ozone.HddsDatanodeService (HddsDatanodeService.java:start(184)) - HddsDatanodeService host:pr-hdds-1569-5th2c-4253854396 ip:192.168.5.156
2019-08-30 07:08:29,949 [org.apache.hadoop.util.JvmPauseMonitor$Monitor@11d667ef] INFO  util.JvmPauseMonitor (JvmPauseMonitor.java:run(188)) - Starting JVM pause monitor
2019-08-30 07:08:29,955 [Datanode State Machine Thread - 0] INFO  datanode.InitDatanodeState (InitDatanodeState.java:persistContainerDatanodeDetails(140)) - DatanodeDetails is persisted to /workdir/hadoop-ozone/integration-test/target/test-dir/MiniOzoneClusterImpl-c6ae54c1-d46d-4dd5-b528-c2e096086b9a/datanode-1/meta/datanode.id
2019-08-30 07:08:29,963 [main] INFO  volume.HddsVolume (HddsVolume.java:<init>(176)) - Creating Volume: /workdir/hadoop-ozone/integration-test/target/test-dir/MiniOzoneClusterImpl-c6ae54c1-d46d-4dd5-b528-c2e096086b9a/datanode-2/data/containers/hdds of  storage type : DISK and capacity : 1482555576320
2019-08-30 07:08:29,963 [main] INFO  volume.VolumeSet (VolumeSet.java:initializeVolumeSet(170)) - Added Volume : /workdir/hadoop-ozone/integration-test/target/test-dir/MiniOzoneClusterImpl-c6ae54c1-d46d-4dd5-b528-c2e096086b9a/datanode-2/data/containers/hdds to VolumeSet
2019-08-30 07:08:29,963 [main] INFO  volume.ThrottledAsyncChecker (ThrottledAsyncChecker.java:schedule(140)) - Scheduling a check for org.apache.hadoop.ozone.container.common.volume.HddsVolume@374c40ba
2019-08-30 07:08:29,964 [main] INFO  volume.HddsVolumeChecker (HddsVolumeChecker.java:checkAllVolumes(203)) - Scheduled health check for volume org.apache.hadoop.ozone.container.common.volume.HddsVolume@374c40ba
2019-08-30 07:08:29,978 [main] INFO  impl.RaftServerProxy (ConfUtils.java:logGet(43)) - raft.rpc.type = GRPC (default)
2019-08-30 07:08:29,978 [main] INFO  grpc.GrpcFactory (GrpcFactory.java:checkPooledByteBufAllocatorUseCacheForAllThreads(45)) - PERFORMANCE WARNING: useCacheForAllThreads is true that may cause Netty to create a lot garbage objects and, as a result, trigger GC.
	It is recommended to disable useCacheForAllThreads by setting -Dorg.apache.ratis.thirdparty.io.netty.allocator.useCacheForAllThreads=false in command line.
2019-08-30 07:08:29,979 [main] INFO  grpc.GrpcConfigKeys$Server (ConfUtils.java:logGet(43)) - raft.grpc.server.port = 0 (default)
2019-08-30 07:08:29,979 [main] INFO  server.GrpcService (ConfUtils.java:logGet(43)) - raft.grpc.message.size.max = 33570816 (custom)
2019-08-30 07:08:29,979 [main] INFO  server.RaftServerConfigKeys (ConfUtils.java:logGet(43)) - raft.server.log.appender.buffer.byte-limit = 33554432 (custom)
2019-08-30 07:08:29,979 [main] INFO  server.GrpcService (ConfUtils.java:logGet(43)) - raft.grpc.flow.control.window = 1MB (=1048576) (default)
2019-08-30 07:08:29,980 [main] INFO  server.RaftServerConfigKeys (ConfUtils.java:logGet(43)) - raft.server.rpc.request.timeout = 3000ms (default)
2019-08-30 07:08:29,980 [main] INFO  server.RaftServerConfigKeys (ConfUtils.java:logGet(43)) - raft.server.storage.dir = [/workdir/hadoop-ozone/integration-test/target/test-dir/MiniOzoneClusterImpl-c6ae54c1-d46d-4dd5-b528-c2e096086b9a/datanode-2/data/ratis] (custom)
2019-08-30 07:08:29,981 [main] INFO  replication.SimpleContainerDownloader (SimpleContainerDownloader.java:<init>(72)) - Starting container downloader service to copy containers to replicate.
2019-08-30 07:08:29,982 [main] INFO  hdfs.DFSUtil (DFSUtil.java:httpServerTemplateForNNAndJN(1641)) - Starting Web-server for hddsDatanode at: http://0.0.0.0:0
2019-08-30 07:08:29,983 [main] INFO  server.AuthenticationFilter (AuthenticationFilter.java:constructSecretProvider(240)) - Unable to initialize FileSignerSecretProvider, falling back to use random secrets.
2019-08-30 07:08:29,984 [main] WARN  http.HttpRequestLog (HttpRequestLog.java:getRequestLog(97)) - Jetty request log can only be enabled using Log4j
2019-08-30 07:08:29,985 [main] INFO  http.HttpServer2 (HttpServer2.java:addGlobalFilter(975)) - Added global filter 'safety' (class=org.apache.hadoop.http.HttpServer2$QuotingInputFilter)
2019-08-30 07:08:29,986 [main] INFO  http.HttpServer2 (HttpServer2.java:addFilter(948)) - Added filter static_user_filter (class=org.apache.hadoop.http.lib.StaticUserWebFilter$StaticUserFilter) to context hddsDatanode
2019-08-30 07:08:29,986 [main] INFO  http.HttpServer2 (HttpServer2.java:addFilter(958)) - Added filter static_user_filter (class=org.apache.hadoop.http.lib.StaticUserWebFilter$StaticUserFilter) to context logs
2019-08-30 07:08:29,986 [main] INFO  http.HttpServer2 (HttpServer2.java:addFilter(958)) - Added filter static_user_filter (class=org.apache.hadoop.http.lib.StaticUserWebFilter$StaticUserFilter) to context static
2019-08-30 07:08:29,987 [main] INFO  http.HttpServer2 (HttpServer2.java:bindListener(1191)) - Jetty bound to port 35344
2019-08-30 07:08:29,987 [main] INFO  server.Server (Server.java:doStart(351)) - jetty-9.3.24.v20180605, build timestamp: 2018-06-05T17:11:56Z, git hash: 84205aa28f11a4f31f2a3b86d1bba2cc8ab69827
2019-08-30 07:08:29,989 [main] INFO  handler.ContextHandler (ContextHandler.java:doStart(781)) - Started o.e.j.s.ServletContextHandler@448c92fc{/logs,file:///workdir/hadoop-ozone/integration-test/target/log,AVAILABLE}
2019-08-30 07:08:29,989 [main] INFO  handler.ContextHandler (ContextHandler.java:doStart(781)) - Started o.e.j.s.ServletContextHandler@17c0274c{/static,jar:file:/home/user/.m2/repository/org/apache/hadoop/hadoop-hdds-container-service/0.5.0-SNAPSHOT/hadoop-hdds-container-service-0.5.0-SNAPSHOT.jar!/webapps/static,AVAILABLE}
2019-08-30 07:08:30,015 [main] INFO  handler.ContextHandler (ContextHandler.java:doStart(781)) - Started o.e.j.w.WebAppContext@6cc64028{/,file:///tmp/jetty-0.0.0.0-35344-hddsDatanode-_-any-5820847453155537150.dir/webapp/,AVAILABLE}{/hddsDatanode}
2019-08-30 07:08:30,015 [main] INFO  server.AbstractConnector (AbstractConnector.java:doStart(278)) - Started ServerConnector@291a4791{HTTP/1.1,[http/1.1]}{0.0.0.0:35344}
2019-08-30 07:08:30,016 [main] INFO  server.Server (Server.java:doStart(419)) - Started @7243ms
2019-08-30 07:08:30,017 [main] INFO  server.BaseHttpServer (BaseHttpServer.java:updateConnectorAddress(213)) - HTTP server of HDDSDATANODE is listening at http://0.0.0.0:35344
2019-08-30 07:08:30,142 | INFO  | ObjectStoreRestHttpServer | Listening HDDS REST traffic on /0.0.0.0:41674 |  
2019-08-30 07:08:30,142 [main] INFO  ozone.HddsDatanodeService (HddsDatanodeService.java:startPlugins(395)) - Started plug-in org.apache.hadoop.ozone.web.OzoneHddsDatanodeService@62a6674f
2019-08-30 07:08:30,143 [main] INFO  impl.MetricsSystemImpl (MetricsSystemImpl.java:init(158)) - HddsDatanode metrics system started (again)
2019-08-30 07:08:30,146 [org.apache.hadoop.util.JvmPauseMonitor$Monitor@3b5c9480] INFO  util.JvmPauseMonitor (JvmPauseMonitor.java:run(188)) - Starting JVM pause monitor
2019-08-30 07:08:30,147 [main] INFO  ozone.HddsDatanodeService (HddsDatanodeService.java:start(184)) - HddsDatanodeService host:pr-hdds-1569-5th2c-4253854396 ip:192.168.5.156
2019-08-30 07:08:30,150 [Datanode State Machine Thread - 0] INFO  datanode.InitDatanodeState (InitDatanodeState.java:persistContainerDatanodeDetails(140)) - DatanodeDetails is persisted to /workdir/hadoop-ozone/integration-test/target/test-dir/MiniOzoneClusterImpl-c6ae54c1-d46d-4dd5-b528-c2e096086b9a/datanode-2/meta/datanode.id
2019-08-30 07:08:30,154 [main] INFO  volume.HddsVolume (HddsVolume.java:<init>(176)) - Creating Volume: /workdir/hadoop-ozone/integration-test/target/test-dir/MiniOzoneClusterImpl-c6ae54c1-d46d-4dd5-b528-c2e096086b9a/datanode-3/data/containers/hdds of  storage type : DISK and capacity : 1482555576320
2019-08-30 07:08:30,155 [main] INFO  volume.VolumeSet (VolumeSet.java:initializeVolumeSet(170)) - Added Volume : /workdir/hadoop-ozone/integration-test/target/test-dir/MiniOzoneClusterImpl-c6ae54c1-d46d-4dd5-b528-c2e096086b9a/datanode-3/data/containers/hdds to VolumeSet
2019-08-30 07:08:30,155 [main] INFO  volume.ThrottledAsyncChecker (ThrottledAsyncChecker.java:schedule(140)) - Scheduling a check for org.apache.hadoop.ozone.container.common.volume.HddsVolume@5111de7c
2019-08-30 07:08:30,156 [main] INFO  volume.HddsVolumeChecker (HddsVolumeChecker.java:checkAllVolumes(203)) - Scheduled health check for volume org.apache.hadoop.ozone.container.common.volume.HddsVolume@5111de7c
2019-08-30 07:08:30,168 [main] INFO  impl.RaftServerProxy (ConfUtils.java:logGet(43)) - raft.rpc.type = GRPC (default)
2019-08-30 07:08:30,169 [main] INFO  grpc.GrpcFactory (GrpcFactory.java:checkPooledByteBufAllocatorUseCacheForAllThreads(45)) - PERFORMANCE WARNING: useCacheForAllThreads is true that may cause Netty to create a lot garbage objects and, as a result, trigger GC.
	It is recommended to disable useCacheForAllThreads by setting -Dorg.apache.ratis.thirdparty.io.netty.allocator.useCacheForAllThreads=false in command line.
2019-08-30 07:08:30,169 [main] INFO  grpc.GrpcConfigKeys$Server (ConfUtils.java:logGet(43)) - raft.grpc.server.port = 0 (default)
2019-08-30 07:08:30,169 [main] INFO  server.GrpcService (ConfUtils.java:logGet(43)) - raft.grpc.message.size.max = 33570816 (custom)
2019-08-30 07:08:30,169 [main] INFO  server.RaftServerConfigKeys (ConfUtils.java:logGet(43)) - raft.server.log.appender.buffer.byte-limit = 33554432 (custom)
2019-08-30 07:08:30,170 [main] INFO  server.GrpcService (ConfUtils.java:logGet(43)) - raft.grpc.flow.control.window = 1MB (=1048576) (default)
2019-08-30 07:08:30,170 [main] INFO  server.RaftServerConfigKeys (ConfUtils.java:logGet(43)) - raft.server.rpc.request.timeout = 3000ms (default)
2019-08-30 07:08:30,170 [main] INFO  server.RaftServerConfigKeys (ConfUtils.java:logGet(43)) - raft.server.storage.dir = [/workdir/hadoop-ozone/integration-test/target/test-dir/MiniOzoneClusterImpl-c6ae54c1-d46d-4dd5-b528-c2e096086b9a/datanode-3/data/ratis] (custom)
2019-08-30 07:08:30,171 [main] INFO  replication.SimpleContainerDownloader (SimpleContainerDownloader.java:<init>(72)) - Starting container downloader service to copy containers to replicate.
2019-08-30 07:08:30,172 [main] INFO  hdfs.DFSUtil (DFSUtil.java:httpServerTemplateForNNAndJN(1641)) - Starting Web-server for hddsDatanode at: http://0.0.0.0:0
2019-08-30 07:08:30,173 [main] INFO  server.AuthenticationFilter (AuthenticationFilter.java:constructSecretProvider(240)) - Unable to initialize FileSignerSecretProvider, falling back to use random secrets.
2019-08-30 07:08:30,174 [main] WARN  http.HttpRequestLog (HttpRequestLog.java:getRequestLog(97)) - Jetty request log can only be enabled using Log4j
2019-08-30 07:08:30,175 [main] INFO  http.HttpServer2 (HttpServer2.java:addGlobalFilter(975)) - Added global filter 'safety' (class=org.apache.hadoop.http.HttpServer2$QuotingInputFilter)
2019-08-30 07:08:30,176 [main] INFO  http.HttpServer2 (HttpServer2.java:addFilter(948)) - Added filter static_user_filter (class=org.apache.hadoop.http.lib.StaticUserWebFilter$StaticUserFilter) to context hddsDatanode
2019-08-30 07:08:30,176 [main] INFO  http.HttpServer2 (HttpServer2.java:addFilter(958)) - Added filter static_user_filter (class=org.apache.hadoop.http.lib.StaticUserWebFilter$StaticUserFilter) to context static
2019-08-30 07:08:30,176 [main] INFO  http.HttpServer2 (HttpServer2.java:addFilter(958)) - Added filter static_user_filter (class=org.apache.hadoop.http.lib.StaticUserWebFilter$StaticUserFilter) to context logs
2019-08-30 07:08:30,177 [main] INFO  http.HttpServer2 (HttpServer2.java:bindListener(1191)) - Jetty bound to port 37753
2019-08-30 07:08:30,177 [main] INFO  server.Server (Server.java:doStart(351)) - jetty-9.3.24.v20180605, build timestamp: 2018-06-05T17:11:56Z, git hash: 84205aa28f11a4f31f2a3b86d1bba2cc8ab69827
2019-08-30 07:08:30,181 [main] INFO  handler.ContextHandler (ContextHandler.java:doStart(781)) - Started o.e.j.s.ServletContextHandler@2b6fb197{/logs,file:///workdir/hadoop-ozone/integration-test/target/log,AVAILABLE}
2019-08-30 07:08:30,181 [main] INFO  handler.ContextHandler (ContextHandler.java:doStart(781)) - Started o.e.j.s.ServletContextHandler@5a2ae1ab{/static,jar:file:/home/user/.m2/repository/org/apache/hadoop/hadoop-hdds-container-service/0.5.0-SNAPSHOT/hadoop-hdds-container-service-0.5.0-SNAPSHOT.jar!/webapps/static,AVAILABLE}
2019-08-30 07:08:30,205 [main] INFO  handler.ContextHandler (ContextHandler.java:doStart(781)) - Started o.e.j.w.WebAppContext@6889f56f{/,file:///tmp/jetty-0.0.0.0-37753-hddsDatanode-_-any-4399169249212754664.dir/webapp/,AVAILABLE}{/hddsDatanode}
2019-08-30 07:08:30,206 [main] INFO  server.AbstractConnector (AbstractConnector.java:doStart(278)) - Started ServerConnector@231b35fb{HTTP/1.1,[http/1.1]}{0.0.0.0:37753}
2019-08-30 07:08:30,206 [main] INFO  server.Server (Server.java:doStart(419)) - Started @7433ms
2019-08-30 07:08:30,207 [main] INFO  server.BaseHttpServer (BaseHttpServer.java:updateConnectorAddress(213)) - HTTP server of HDDSDATANODE is listening at http://0.0.0.0:37753
2019-08-30 07:08:30,337 | INFO  | ObjectStoreRestHttpServer | Listening HDDS REST traffic on /0.0.0.0:36622 |  
2019-08-30 07:08:30,337 [main] INFO  ozone.HddsDatanodeService (HddsDatanodeService.java:startPlugins(395)) - Started plug-in org.apache.hadoop.ozone.web.OzoneHddsDatanodeService@22a4ca4a
2019-08-30 07:08:30,338 [main] INFO  impl.MetricsSystemImpl (MetricsSystemImpl.java:init(158)) - HddsDatanode metrics system started (again)
2019-08-30 07:08:30,342 [org.apache.hadoop.util.JvmPauseMonitor$Monitor@e52ee82] INFO  util.JvmPauseMonitor (JvmPauseMonitor.java:run(188)) - Starting JVM pause monitor
2019-08-30 07:08:30,342 [main] INFO  ozone.HddsDatanodeService (HddsDatanodeService.java:start(184)) - HddsDatanodeService host:pr-hdds-1569-5th2c-4253854396 ip:192.168.5.156
2019-08-30 07:08:30,344 [Datanode State Machine Thread - 0] INFO  datanode.InitDatanodeState (InitDatanodeState.java:persistContainerDatanodeDetails(140)) - DatanodeDetails is persisted to /workdir/hadoop-ozone/integration-test/target/test-dir/MiniOzoneClusterImpl-c6ae54c1-d46d-4dd5-b528-c2e096086b9a/datanode-3/meta/datanode.id
2019-08-30 07:08:30,351 [main] INFO  volume.HddsVolume (HddsVolume.java:<init>(176)) - Creating Volume: /workdir/hadoop-ozone/integration-test/target/test-dir/MiniOzoneClusterImpl-c6ae54c1-d46d-4dd5-b528-c2e096086b9a/datanode-4/data/containers/hdds of  storage type : DISK and capacity : 1482555576320
2019-08-30 07:08:30,351 [main] INFO  volume.VolumeSet (VolumeSet.java:initializeVolumeSet(170)) - Added Volume : /workdir/hadoop-ozone/integration-test/target/test-dir/MiniOzoneClusterImpl-c6ae54c1-d46d-4dd5-b528-c2e096086b9a/datanode-4/data/containers/hdds to VolumeSet
2019-08-30 07:08:30,351 [main] INFO  volume.ThrottledAsyncChecker (ThrottledAsyncChecker.java:schedule(140)) - Scheduling a check for org.apache.hadoop.ozone.container.common.volume.HddsVolume@5403907
2019-08-30 07:08:30,352 [main] INFO  volume.HddsVolumeChecker (HddsVolumeChecker.java:checkAllVolumes(203)) - Scheduled health check for volume org.apache.hadoop.ozone.container.common.volume.HddsVolume@5403907
2019-08-30 07:08:30,371 [main] INFO  impl.RaftServerProxy (ConfUtils.java:logGet(43)) - raft.rpc.type = GRPC (default)
2019-08-30 07:08:30,371 [main] INFO  grpc.GrpcFactory (GrpcFactory.java:checkPooledByteBufAllocatorUseCacheForAllThreads(45)) - PERFORMANCE WARNING: useCacheForAllThreads is true that may cause Netty to create a lot garbage objects and, as a result, trigger GC.
	It is recommended to disable useCacheForAllThreads by setting -Dorg.apache.ratis.thirdparty.io.netty.allocator.useCacheForAllThreads=false in command line.
2019-08-30 07:08:30,372 [main] INFO  grpc.GrpcConfigKeys$Server (ConfUtils.java:logGet(43)) - raft.grpc.server.port = 0 (default)
2019-08-30 07:08:30,372 [main] INFO  server.GrpcService (ConfUtils.java:logGet(43)) - raft.grpc.message.size.max = 33570816 (custom)
2019-08-30 07:08:30,372 [main] INFO  server.RaftServerConfigKeys (ConfUtils.java:logGet(43)) - raft.server.log.appender.buffer.byte-limit = 33554432 (custom)
2019-08-30 07:08:30,373 [main] INFO  server.GrpcService (ConfUtils.java:logGet(43)) - raft.grpc.flow.control.window = 1MB (=1048576) (default)
2019-08-30 07:08:30,373 [main] INFO  server.RaftServerConfigKeys (ConfUtils.java:logGet(43)) - raft.server.rpc.request.timeout = 3000ms (default)
2019-08-30 07:08:30,374 [main] INFO  server.RaftServerConfigKeys (ConfUtils.java:logGet(43)) - raft.server.storage.dir = [/workdir/hadoop-ozone/integration-test/target/test-dir/MiniOzoneClusterImpl-c6ae54c1-d46d-4dd5-b528-c2e096086b9a/datanode-4/data/ratis] (custom)
2019-08-30 07:08:30,375 [main] INFO  replication.SimpleContainerDownloader (SimpleContainerDownloader.java:<init>(72)) - Starting container downloader service to copy containers to replicate.
2019-08-30 07:08:30,376 [main] INFO  hdfs.DFSUtil (DFSUtil.java:httpServerTemplateForNNAndJN(1641)) - Starting Web-server for hddsDatanode at: http://0.0.0.0:0
2019-08-30 07:08:30,378 [main] INFO  server.AuthenticationFilter (AuthenticationFilter.java:constructSecretProvider(240)) - Unable to initialize FileSignerSecretProvider, falling back to use random secrets.
2019-08-30 07:08:30,378 [main] WARN  http.HttpRequestLog (HttpRequestLog.java:getRequestLog(97)) - Jetty request log can only be enabled using Log4j
2019-08-30 07:08:30,380 [main] INFO  http.HttpServer2 (HttpServer2.java:addGlobalFilter(975)) - Added global filter 'safety' (class=org.apache.hadoop.http.HttpServer2$QuotingInputFilter)
2019-08-30 07:08:30,380 [main] INFO  http.HttpServer2 (HttpServer2.java:addFilter(948)) - Added filter static_user_filter (class=org.apache.hadoop.http.lib.StaticUserWebFilter$StaticUserFilter) to context hddsDatanode
2019-08-30 07:08:30,381 [main] INFO  http.HttpServer2 (HttpServer2.java:addFilter(958)) - Added filter static_user_filter (class=org.apache.hadoop.http.lib.StaticUserWebFilter$StaticUserFilter) to context logs
2019-08-30 07:08:30,381 [main] INFO  http.HttpServer2 (HttpServer2.java:addFilter(958)) - Added filter static_user_filter (class=org.apache.hadoop.http.lib.StaticUserWebFilter$StaticUserFilter) to context static
2019-08-30 07:08:30,382 [main] INFO  http.HttpServer2 (HttpServer2.java:bindListener(1191)) - Jetty bound to port 42229
2019-08-30 07:08:30,382 [main] INFO  server.Server (Server.java:doStart(351)) - jetty-9.3.24.v20180605, build timestamp: 2018-06-05T17:11:56Z, git hash: 84205aa28f11a4f31f2a3b86d1bba2cc8ab69827
2019-08-30 07:08:30,384 [main] INFO  handler.ContextHandler (ContextHandler.java:doStart(781)) - Started o.e.j.s.ServletContextHandler@6321a5aa{/logs,file:///workdir/hadoop-ozone/integration-test/target/log,AVAILABLE}
2019-08-30 07:08:30,385 [main] INFO  handler.ContextHandler (ContextHandler.java:doStart(781)) - Started o.e.j.s.ServletContextHandler@7a36c83a{/static,jar:file:/home/user/.m2/repository/org/apache/hadoop/hadoop-hdds-container-service/0.5.0-SNAPSHOT/hadoop-hdds-container-service-0.5.0-SNAPSHOT.jar!/webapps/static,AVAILABLE}
2019-08-30 07:08:30,410 [main] INFO  handler.ContextHandler (ContextHandler.java:doStart(781)) - Started o.e.j.w.WebAppContext@5520f675{/,file:///tmp/jetty-0.0.0.0-42229-hddsDatanode-_-any-6264027149149583888.dir/webapp/,AVAILABLE}{/hddsDatanode}
2019-08-30 07:08:30,411 [main] INFO  server.AbstractConnector (AbstractConnector.java:doStart(278)) - Started ServerConnector@2d237460{HTTP/1.1,[http/1.1]}{0.0.0.0:42229}
2019-08-30 07:08:30,412 [main] INFO  server.Server (Server.java:doStart(419)) - Started @7639ms
2019-08-30 07:08:30,413 [main] INFO  server.BaseHttpServer (BaseHttpServer.java:updateConnectorAddress(213)) - HTTP server of HDDSDATANODE is listening at http://0.0.0.0:42229
2019-08-30 07:08:30,554 | INFO  | ObjectStoreRestHttpServer | Listening HDDS REST traffic on /0.0.0.0:41963 |  
2019-08-30 07:08:30,554 [main] INFO  ozone.HddsDatanodeService (HddsDatanodeService.java:startPlugins(395)) - Started plug-in org.apache.hadoop.ozone.web.OzoneHddsDatanodeService@693f2213
2019-08-30 07:08:30,555 [main] INFO  impl.MetricsSystemImpl (MetricsSystemImpl.java:init(158)) - HddsDatanode metrics system started (again)
2019-08-30 07:08:30,559 [org.apache.hadoop.util.JvmPauseMonitor$Monitor@6c6ae721] INFO  util.JvmPauseMonitor (JvmPauseMonitor.java:run(188)) - Starting JVM pause monitor
2019-08-30 07:08:30,560 [main] INFO  ozone.HddsDatanodeService (HddsDatanodeService.java:start(184)) - HddsDatanodeService host:pr-hdds-1569-5th2c-4253854396 ip:192.168.5.156
2019-08-30 07:08:30,562 [Datanode State Machine Thread - 0] INFO  datanode.InitDatanodeState (InitDatanodeState.java:persistContainerDatanodeDetails(140)) - DatanodeDetails is persisted to /workdir/hadoop-ozone/integration-test/target/test-dir/MiniOzoneClusterImpl-c6ae54c1-d46d-4dd5-b528-c2e096086b9a/datanode-4/meta/datanode.id
2019-08-30 07:08:30,569 [main] INFO  volume.HddsVolume (HddsVolume.java:<init>(176)) - Creating Volume: /workdir/hadoop-ozone/integration-test/target/test-dir/MiniOzoneClusterImpl-c6ae54c1-d46d-4dd5-b528-c2e096086b9a/datanode-5/data/containers/hdds of  storage type : DISK and capacity : 1482555576320
2019-08-30 07:08:30,569 [main] INFO  volume.VolumeSet (VolumeSet.java:initializeVolumeSet(170)) - Added Volume : /workdir/hadoop-ozone/integration-test/target/test-dir/MiniOzoneClusterImpl-c6ae54c1-d46d-4dd5-b528-c2e096086b9a/datanode-5/data/containers/hdds to VolumeSet
2019-08-30 07:08:30,569 [main] INFO  volume.ThrottledAsyncChecker (ThrottledAsyncChecker.java:schedule(140)) - Scheduling a check for org.apache.hadoop.ozone.container.common.volume.HddsVolume@59b492ec
2019-08-30 07:08:30,570 [main] INFO  volume.HddsVolumeChecker (HddsVolumeChecker.java:checkAllVolumes(203)) - Scheduled health check for volume org.apache.hadoop.ozone.container.common.volume.HddsVolume@59b492ec
2019-08-30 07:08:30,588 [main] INFO  impl.RaftServerProxy (ConfUtils.java:logGet(43)) - raft.rpc.type = GRPC (default)
2019-08-30 07:08:30,588 [main] INFO  grpc.GrpcFactory (GrpcFactory.java:checkPooledByteBufAllocatorUseCacheForAllThreads(45)) - PERFORMANCE WARNING: useCacheForAllThreads is true that may cause Netty to create a lot garbage objects and, as a result, trigger GC.
	It is recommended to disable useCacheForAllThreads by setting -Dorg.apache.ratis.thirdparty.io.netty.allocator.useCacheForAllThreads=false in command line.
2019-08-30 07:08:30,588 [main] INFO  grpc.GrpcConfigKeys$Server (ConfUtils.java:logGet(43)) - raft.grpc.server.port = 0 (default)
2019-08-30 07:08:30,589 [main] INFO  server.GrpcService (ConfUtils.java:logGet(43)) - raft.grpc.message.size.max = 33570816 (custom)
2019-08-30 07:08:30,589 [main] INFO  server.RaftServerConfigKeys (ConfUtils.java:logGet(43)) - raft.server.log.appender.buffer.byte-limit = 33554432 (custom)
2019-08-30 07:08:30,589 [main] INFO  server.GrpcService (ConfUtils.java:logGet(43)) - raft.grpc.flow.control.window = 1MB (=1048576) (default)
2019-08-30 07:08:30,589 [main] INFO  server.RaftServerConfigKeys (ConfUtils.java:logGet(43)) - raft.server.rpc.request.timeout = 3000ms (default)
2019-08-30 07:08:30,590 [main] INFO  server.RaftServerConfigKeys (ConfUtils.java:logGet(43)) - raft.server.storage.dir = [/workdir/hadoop-ozone/integration-test/target/test-dir/MiniOzoneClusterImpl-c6ae54c1-d46d-4dd5-b528-c2e096086b9a/datanode-5/data/ratis] (custom)
2019-08-30 07:08:30,591 [main] INFO  replication.SimpleContainerDownloader (SimpleContainerDownloader.java:<init>(72)) - Starting container downloader service to copy containers to replicate.
2019-08-30 07:08:30,592 [main] INFO  hdfs.DFSUtil (DFSUtil.java:httpServerTemplateForNNAndJN(1641)) - Starting Web-server for hddsDatanode at: http://0.0.0.0:0
2019-08-30 07:08:30,594 [main] INFO  server.AuthenticationFilter (AuthenticationFilter.java:constructSecretProvider(240)) - Unable to initialize FileSignerSecretProvider, falling back to use random secrets.
2019-08-30 07:08:30,594 [main] WARN  http.HttpRequestLog (HttpRequestLog.java:getRequestLog(97)) - Jetty request log can only be enabled using Log4j
2019-08-30 07:08:30,596 [main] INFO  http.HttpServer2 (HttpServer2.java:addGlobalFilter(975)) - Added global filter 'safety' (class=org.apache.hadoop.http.HttpServer2$QuotingInputFilter)
2019-08-30 07:08:30,597 [main] INFO  http.HttpServer2 (HttpServer2.java:addFilter(948)) - Added filter static_user_filter (class=org.apache.hadoop.http.lib.StaticUserWebFilter$StaticUserFilter) to context hddsDatanode
2019-08-30 07:08:30,597 [main] INFO  http.HttpServer2 (HttpServer2.java:addFilter(958)) - Added filter static_user_filter (class=org.apache.hadoop.http.lib.StaticUserWebFilter$StaticUserFilter) to context logs
2019-08-30 07:08:30,597 [main] INFO  http.HttpServer2 (HttpServer2.java:addFilter(958)) - Added filter static_user_filter (class=org.apache.hadoop.http.lib.StaticUserWebFilter$StaticUserFilter) to context static
2019-08-30 07:08:30,598 [main] INFO  http.HttpServer2 (HttpServer2.java:bindListener(1191)) - Jetty bound to port 37011
2019-08-30 07:08:30,599 [main] INFO  server.Server (Server.java:doStart(351)) - jetty-9.3.24.v20180605, build timestamp: 2018-06-05T17:11:56Z, git hash: 84205aa28f11a4f31f2a3b86d1bba2cc8ab69827
2019-08-30 07:08:30,601 [main] INFO  handler.ContextHandler (ContextHandler.java:doStart(781)) - Started o.e.j.s.ServletContextHandler@62e73ab6{/logs,file:///workdir/hadoop-ozone/integration-test/target/log,AVAILABLE}
2019-08-30 07:08:30,602 [main] INFO  handler.ContextHandler (ContextHandler.java:doStart(781)) - Started o.e.j.s.ServletContextHandler@29bd85db{/static,jar:file:/home/user/.m2/repository/org/apache/hadoop/hadoop-hdds-container-service/0.5.0-SNAPSHOT/hadoop-hdds-container-service-0.5.0-SNAPSHOT.jar!/webapps/static,AVAILABLE}
2019-08-30 07:08:30,635 [main] INFO  handler.ContextHandler (ContextHandler.java:doStart(781)) - Started o.e.j.w.WebAppContext@661e1399{/,file:///tmp/jetty-0.0.0.0-37011-hddsDatanode-_-any-2526360617335402283.dir/webapp/,AVAILABLE}{/hddsDatanode}
2019-08-30 07:08:30,636 [main] INFO  server.AbstractConnector (AbstractConnector.java:doStart(278)) - Started ServerConnector@3ffd4b12{HTTP/1.1,[http/1.1]}{0.0.0.0:37011}
2019-08-30 07:08:30,637 [main] INFO  server.Server (Server.java:doStart(419)) - Started @7864ms
2019-08-30 07:08:30,638 [main] INFO  server.BaseHttpServer (BaseHttpServer.java:updateConnectorAddress(213)) - HTTP server of HDDSDATANODE is listening at http://0.0.0.0:37011
2019-08-30 07:08:30,828 | INFO  | ObjectStoreRestHttpServer | Listening HDDS REST traffic on /0.0.0.0:45868 |  
2019-08-30 07:08:30,828 [main] INFO  ozone.HddsDatanodeService (HddsDatanodeService.java:startPlugins(395)) - Started plug-in org.apache.hadoop.ozone.web.OzoneHddsDatanodeService@1753475d
2019-08-30 07:08:30,828 [main] INFO  impl.MetricsSystemImpl (MetricsSystemImpl.java:init(158)) - HddsDatanode metrics system started (again)
2019-08-30 07:08:30,832 [main] INFO  ozone.HddsDatanodeService (HddsDatanodeService.java:start(184)) - HddsDatanodeService host:pr-hdds-1569-5th2c-4253854396 ip:192.168.5.156
2019-08-30 07:08:30,832 [org.apache.hadoop.util.JvmPauseMonitor$Monitor@4ff2d871] INFO  util.JvmPauseMonitor (JvmPauseMonitor.java:run(188)) - Starting JVM pause monitor
2019-08-30 07:08:30,835 [Datanode State Machine Thread - 0] INFO  datanode.InitDatanodeState (InitDatanodeState.java:persistContainerDatanodeDetails(140)) - DatanodeDetails is persisted to /workdir/hadoop-ozone/integration-test/target/test-dir/MiniOzoneClusterImpl-c6ae54c1-d46d-4dd5-b528-c2e096086b9a/datanode-5/meta/datanode.id
2019-08-30 07:08:30,840 [main] INFO  volume.HddsVolume (HddsVolume.java:<init>(176)) - Creating Volume: /workdir/hadoop-ozone/integration-test/target/test-dir/MiniOzoneClusterImpl-c6ae54c1-d46d-4dd5-b528-c2e096086b9a/datanode-6/data/containers/hdds of  storage type : DISK and capacity : 1482555576320
2019-08-30 07:08:30,840 [main] INFO  volume.VolumeSet (VolumeSet.java:initializeVolumeSet(170)) - Added Volume : /workdir/hadoop-ozone/integration-test/target/test-dir/MiniOzoneClusterImpl-c6ae54c1-d46d-4dd5-b528-c2e096086b9a/datanode-6/data/containers/hdds to VolumeSet
2019-08-30 07:08:30,841 [main] INFO  volume.ThrottledAsyncChecker (ThrottledAsyncChecker.java:schedule(140)) - Scheduling a check for org.apache.hadoop.ozone.container.common.volume.HddsVolume@638afcaa
2019-08-30 07:08:30,841 [main] INFO  volume.HddsVolumeChecker (HddsVolumeChecker.java:checkAllVolumes(203)) - Scheduled health check for volume org.apache.hadoop.ozone.container.common.volume.HddsVolume@638afcaa
2019-08-30 07:08:30,855 [main] INFO  impl.RaftServerProxy (ConfUtils.java:logGet(43)) - raft.rpc.type = GRPC (default)
2019-08-30 07:08:30,855 [main] INFO  grpc.GrpcFactory (GrpcFactory.java:checkPooledByteBufAllocatorUseCacheForAllThreads(45)) - PERFORMANCE WARNING: useCacheForAllThreads is true that may cause Netty to create a lot garbage objects and, as a result, trigger GC.
	It is recommended to disable useCacheForAllThreads by setting -Dorg.apache.ratis.thirdparty.io.netty.allocator.useCacheForAllThreads=false in command line.
2019-08-30 07:08:30,855 [main] INFO  grpc.GrpcConfigKeys$Server (ConfUtils.java:logGet(43)) - raft.grpc.server.port = 0 (default)
2019-08-30 07:08:30,855 [main] INFO  server.GrpcService (ConfUtils.java:logGet(43)) - raft.grpc.message.size.max = 33570816 (custom)
2019-08-30 07:08:30,855 [main] INFO  server.RaftServerConfigKeys (ConfUtils.java:logGet(43)) - raft.server.log.appender.buffer.byte-limit = 33554432 (custom)
2019-08-30 07:08:30,856 [main] INFO  server.GrpcService (ConfUtils.java:logGet(43)) - raft.grpc.flow.control.window = 1MB (=1048576) (default)
2019-08-30 07:08:30,856 [main] INFO  server.RaftServerConfigKeys (ConfUtils.java:logGet(43)) - raft.server.rpc.request.timeout = 3000ms (default)
2019-08-30 07:08:30,856 [main] INFO  server.RaftServerConfigKeys (ConfUtils.java:logGet(43)) - raft.server.storage.dir = [/workdir/hadoop-ozone/integration-test/target/test-dir/MiniOzoneClusterImpl-c6ae54c1-d46d-4dd5-b528-c2e096086b9a/datanode-6/data/ratis] (custom)
2019-08-30 07:08:30,857 [main] INFO  replication.SimpleContainerDownloader (SimpleContainerDownloader.java:<init>(72)) - Starting container downloader service to copy containers to replicate.
2019-08-30 07:08:30,858 [main] INFO  hdfs.DFSUtil (DFSUtil.java:httpServerTemplateForNNAndJN(1641)) - Starting Web-server for hddsDatanode at: http://0.0.0.0:0
2019-08-30 07:08:30,859 [main] INFO  server.AuthenticationFilter (AuthenticationFilter.java:constructSecretProvider(240)) - Unable to initialize FileSignerSecretProvider, falling back to use random secrets.
2019-08-30 07:08:30,859 [main] WARN  http.HttpRequestLog (HttpRequestLog.java:getRequestLog(97)) - Jetty request log can only be enabled using Log4j
2019-08-30 07:08:30,861 [main] INFO  http.HttpServer2 (HttpServer2.java:addGlobalFilter(975)) - Added global filter 'safety' (class=org.apache.hadoop.http.HttpServer2$QuotingInputFilter)
2019-08-30 07:08:30,861 [main] INFO  http.HttpServer2 (HttpServer2.java:addFilter(948)) - Added filter static_user_filter (class=org.apache.hadoop.http.lib.StaticUserWebFilter$StaticUserFilter) to context hddsDatanode
2019-08-30 07:08:30,861 [main] INFO  http.HttpServer2 (HttpServer2.java:addFilter(958)) - Added filter static_user_filter (class=org.apache.hadoop.http.lib.StaticUserWebFilter$StaticUserFilter) to context static
2019-08-30 07:08:30,862 [main] INFO  http.HttpServer2 (HttpServer2.java:addFilter(958)) - Added filter static_user_filter (class=org.apache.hadoop.http.lib.StaticUserWebFilter$StaticUserFilter) to context logs
2019-08-30 07:08:30,862 [main] INFO  http.HttpServer2 (HttpServer2.java:bindListener(1191)) - Jetty bound to port 35070
2019-08-30 07:08:30,862 [main] INFO  server.Server (Server.java:doStart(351)) - jetty-9.3.24.v20180605, build timestamp: 2018-06-05T17:11:56Z, git hash: 84205aa28f11a4f31f2a3b86d1bba2cc8ab69827
2019-08-30 07:08:30,864 [main] INFO  handler.ContextHandler (ContextHandler.java:doStart(781)) - Started o.e.j.s.ServletContextHandler@11bfffb3{/logs,file:///workdir/hadoop-ozone/integration-test/target/log,AVAILABLE}
2019-08-30 07:08:30,865 [main] INFO  handler.ContextHandler (ContextHandler.java:doStart(781)) - Started o.e.j.s.ServletContextHandler@1c6e3ff9{/static,jar:file:/home/user/.m2/repository/org/apache/hadoop/hadoop-hdds-container-service/0.5.0-SNAPSHOT/hadoop-hdds-container-service-0.5.0-SNAPSHOT.jar!/webapps/static,AVAILABLE}
2019-08-30 07:08:30,890 [main] INFO  handler.ContextHandler (ContextHandler.java:doStart(781)) - Started o.e.j.w.WebAppContext@2eebce87{/,file:///tmp/jetty-0.0.0.0-35070-hddsDatanode-_-any-8291461683873419218.dir/webapp/,AVAILABLE}{/hddsDatanode}
2019-08-30 07:08:30,891 [main] INFO  server.AbstractConnector (AbstractConnector.java:doStart(278)) - Started ServerConnector@6ee37ca7{HTTP/1.1,[http/1.1]}{0.0.0.0:35070}
2019-08-30 07:08:30,894 [main] INFO  server.Server (Server.java:doStart(419)) - Started @8121ms
2019-08-30 07:08:30,896 [main] INFO  server.BaseHttpServer (BaseHttpServer.java:updateConnectorAddress(213)) - HTTP server of HDDSDATANODE is listening at http://0.0.0.0:35070
2019-08-30 07:08:31,047 | INFO  | ObjectStoreRestHttpServer | Listening HDDS REST traffic on /0.0.0.0:36220 |  
2019-08-30 07:08:31,047 [main] INFO  ozone.HddsDatanodeService (HddsDatanodeService.java:startPlugins(395)) - Started plug-in org.apache.hadoop.ozone.web.OzoneHddsDatanodeService@56ec6960
2019-08-30 07:08:31,049 [main] INFO  ozone.MiniOzoneClusterImpl (MiniOzoneClusterImpl.java:lambda$waitForClusterToBeReady$0(142)) - Waiting for cluster to be ready. Got 0 of 7 DN Heartbeats.
2019-08-30 07:08:31,050 [org.apache.hadoop.util.JvmPauseMonitor$Monitor@5086a4d4] INFO  util.JvmPauseMonitor (JvmPauseMonitor.java:run(188)) - Starting JVM pause monitor
2019-08-30 07:08:31,051 [Datanode State Machine Thread - 0] INFO  datanode.InitDatanodeState (InitDatanodeState.java:persistContainerDatanodeDetails(140)) - DatanodeDetails is persisted to /workdir/hadoop-ozone/integration-test/target/test-dir/MiniOzoneClusterImpl-c6ae54c1-d46d-4dd5-b528-c2e096086b9a/datanode-6/meta/datanode.id
2019-08-30 07:08:31,784 | INFO  | SCMAudit | user=jenkins1000 | ip=192.168.5.156 | op=GET_VERSION null | ret=SUCCESS |  
2019-08-30 07:08:31,826 [Datanode State Machine Thread - 0] INFO  ozoneimpl.OzoneContainer (OzoneContainer.java:start(186)) - Attempting to start container services.
2019-08-30 07:08:31,828 [Datanode State Machine Thread - 0] INFO  ozoneimpl.OzoneContainer (OzoneContainer.java:startContainerScrub(160)) - Background container scrubber has been disabled by hdds.containerscrub.enabled
2019-08-30 07:08:31,829 [Datanode State Machine Thread - 0] INFO  ratis.XceiverServerRatis (XceiverServerRatis.java:start(404)) - Starting XceiverServerRatis d4249830-50d0-4433-aac8-f817ef11b799 at port 0
2019-08-30 07:08:31,849 [Datanode State Machine Thread - 0] INFO  impl.RaftServerProxy (RaftServerProxy.java:lambda$start$3(299)) - d4249830-50d0-4433-aac8-f817ef11b799: start RPC server
2019-08-30 07:08:31,952 | INFO  | SCMAudit | user=jenkins1000 | ip=192.168.5.156 | op=GET_VERSION null | ret=SUCCESS |  
2019-08-30 07:08:31,973 [Datanode State Machine Thread - 0] INFO  server.GrpcService (GrpcService.java:startImpl(149)) - d4249830-50d0-4433-aac8-f817ef11b799: GrpcService started, listening on 0.0.0.0/0.0.0.0:39155
2019-08-30 07:08:31,974 [Datanode State Machine Thread - 0] INFO  ratis.XceiverServerRatis (XceiverServerRatis.java:start(414)) - XceiverServerRatis d4249830-50d0-4433-aac8-f817ef11b799 is started using port 39155
2019-08-30 07:08:31,997 [Datanode State Machine Thread - 0] INFO  ozoneimpl.OzoneContainer (OzoneContainer.java:start(186)) - Attempting to start container services.
2019-08-30 07:08:31,998 [Datanode State Machine Thread - 0] INFO  server.XceiverServerGrpc (XceiverServerGrpc.java:start(163)) - XceiverServerGrpc d4249830-50d0-4433-aac8-f817ef11b799 is started using port 40786
2019-08-30 07:08:32,000 [Datanode State Machine Thread - 0] INFO  ozoneimpl.OzoneContainer (OzoneContainer.java:startContainerScrub(160)) - Background container scrubber has been disabled by hdds.containerscrub.enabled
2019-08-30 07:08:32,001 [Datanode State Machine Thread - 0] INFO  ratis.XceiverServerRatis (XceiverServerRatis.java:start(404)) - Starting XceiverServerRatis a4417465-4f8a-4a39-91d4-515e5517d525 at port 0
2019-08-30 07:08:32,010 [Datanode State Machine Thread - 0] INFO  impl.RaftServerProxy (RaftServerProxy.java:lambda$start$3(299)) - a4417465-4f8a-4a39-91d4-515e5517d525: start RPC server
2019-08-30 07:08:32,014 [Datanode State Machine Thread - 0] INFO  server.GrpcService (GrpcService.java:startImpl(149)) - a4417465-4f8a-4a39-91d4-515e5517d525: GrpcService started, listening on 0.0.0.0/0.0.0.0:41004
2019-08-30 07:08:32,014 [Datanode State Machine Thread - 0] INFO  ratis.XceiverServerRatis (XceiverServerRatis.java:start(414)) - XceiverServerRatis a4417465-4f8a-4a39-91d4-515e5517d525 is started using port 41004
2019-08-30 07:08:32,017 [Datanode State Machine Thread - 0] INFO  server.XceiverServerGrpc (XceiverServerGrpc.java:start(163)) - XceiverServerGrpc a4417465-4f8a-4a39-91d4-515e5517d525 is started using port 43857
2019-08-30 07:08:32,050 [main] INFO  ozone.MiniOzoneClusterImpl (MiniOzoneClusterImpl.java:lambda$waitForClusterToBeReady$0(142)) - Waiting for cluster to be ready. Got 0 of 7 DN Heartbeats.
2019-08-30 07:08:32,149 | INFO  | SCMAudit | user=jenkins1000 | ip=192.168.5.156 | op=GET_VERSION null | ret=SUCCESS |  
2019-08-30 07:08:32,175 [Datanode State Machine Thread - 0] INFO  ozoneimpl.OzoneContainer (OzoneContainer.java:start(186)) - Attempting to start container services.
2019-08-30 07:08:32,179 [Datanode State Machine Thread - 0] INFO  ozoneimpl.OzoneContainer (OzoneContainer.java:startContainerScrub(160)) - Background container scrubber has been disabled by hdds.containerscrub.enabled
2019-08-30 07:08:32,180 [Datanode State Machine Thread - 0] INFO  ratis.XceiverServerRatis (XceiverServerRatis.java:start(404)) - Starting XceiverServerRatis edec05a3-e2d1-4a21-a444-d2129c222199 at port 0
2019-08-30 07:08:32,188 [Datanode State Machine Thread - 0] INFO  impl.RaftServerProxy (RaftServerProxy.java:lambda$start$3(299)) - edec05a3-e2d1-4a21-a444-d2129c222199: start RPC server
2019-08-30 07:08:32,191 [Datanode State Machine Thread - 0] INFO  server.GrpcService (GrpcService.java:startImpl(149)) - edec05a3-e2d1-4a21-a444-d2129c222199: GrpcService started, listening on 0.0.0.0/0.0.0.0:45835
2019-08-30 07:08:32,191 [Datanode State Machine Thread - 0] INFO  ratis.XceiverServerRatis (XceiverServerRatis.java:start(414)) - XceiverServerRatis edec05a3-e2d1-4a21-a444-d2129c222199 is started using port 45835
2019-08-30 07:08:32,194 [Datanode State Machine Thread - 0] INFO  server.XceiverServerGrpc (XceiverServerGrpc.java:start(163)) - XceiverServerGrpc edec05a3-e2d1-4a21-a444-d2129c222199 is started using port 36158
2019-08-30 07:08:32,345 | INFO  | SCMAudit | user=jenkins1000 | ip=192.168.5.156 | op=GET_VERSION null | ret=SUCCESS |  
2019-08-30 07:08:32,359 [Datanode State Machine Thread - 0] INFO  ozoneimpl.OzoneContainer (OzoneContainer.java:start(186)) - Attempting to start container services.
2019-08-30 07:08:32,359 [Datanode State Machine Thread - 0] INFO  ozoneimpl.OzoneContainer (OzoneContainer.java:startContainerScrub(160)) - Background container scrubber has been disabled by hdds.containerscrub.enabled
2019-08-30 07:08:32,359 [Datanode State Machine Thread - 0] INFO  ratis.XceiverServerRatis (XceiverServerRatis.java:start(404)) - Starting XceiverServerRatis f8a0b598-bd5c-4ec2-8ae7-5248ee7e527c at port 0
2019-08-30 07:08:32,369 [Datanode State Machine Thread - 0] INFO  impl.RaftServerProxy (RaftServerProxy.java:lambda$start$3(299)) - f8a0b598-bd5c-4ec2-8ae7-5248ee7e527c: start RPC server
2019-08-30 07:08:32,373 [Datanode State Machine Thread - 0] INFO  server.GrpcService (GrpcService.java:startImpl(149)) - f8a0b598-bd5c-4ec2-8ae7-5248ee7e527c: GrpcService started, listening on 0.0.0.0/0.0.0.0:44827
2019-08-30 07:08:32,373 [Datanode State Machine Thread - 0] INFO  ratis.XceiverServerRatis (XceiverServerRatis.java:start(414)) - XceiverServerRatis f8a0b598-bd5c-4ec2-8ae7-5248ee7e527c is started using port 44827
2019-08-30 07:08:32,377 [Datanode State Machine Thread - 0] INFO  server.XceiverServerGrpc (XceiverServerGrpc.java:start(163)) - XceiverServerGrpc f8a0b598-bd5c-4ec2-8ae7-5248ee7e527c is started using port 35769
2019-08-30 07:08:32,563 | INFO  | SCMAudit | user=jenkins1000 | ip=192.168.5.156 | op=GET_VERSION null | ret=SUCCESS |  
2019-08-30 07:08:32,577 [Datanode State Machine Thread - 0] INFO  ozoneimpl.OzoneContainer (OzoneContainer.java:start(186)) - Attempting to start container services.
2019-08-30 07:08:32,577 [Datanode State Machine Thread - 0] INFO  ozoneimpl.OzoneContainer (OzoneContainer.java:startContainerScrub(160)) - Background container scrubber has been disabled by hdds.containerscrub.enabled
2019-08-30 07:08:32,578 [Datanode State Machine Thread - 0] INFO  ratis.XceiverServerRatis (XceiverServerRatis.java:start(404)) - Starting XceiverServerRatis bf8b2f5f-e1cf-4ce6-bf74-922538ef217e at port 0
2019-08-30 07:08:32,587 [Datanode State Machine Thread - 0] INFO  impl.RaftServerProxy (RaftServerProxy.java:lambda$start$3(299)) - bf8b2f5f-e1cf-4ce6-bf74-922538ef217e: start RPC server
2019-08-30 07:08:32,591 [Datanode State Machine Thread - 0] INFO  server.GrpcService (GrpcService.java:startImpl(149)) - bf8b2f5f-e1cf-4ce6-bf74-922538ef217e: GrpcService started, listening on 0.0.0.0/0.0.0.0:41260
2019-08-30 07:08:32,591 [Datanode State Machine Thread - 0] INFO  ratis.XceiverServerRatis (XceiverServerRatis.java:start(414)) - XceiverServerRatis bf8b2f5f-e1cf-4ce6-bf74-922538ef217e is started using port 41260
2019-08-30 07:08:32,594 [Datanode State Machine Thread - 0] INFO  server.XceiverServerGrpc (XceiverServerGrpc.java:start(163)) - XceiverServerGrpc bf8b2f5f-e1cf-4ce6-bf74-922538ef217e is started using port 36665
2019-08-30 07:08:32,837 | INFO  | SCMAudit | user=jenkins1000 | ip=192.168.5.156 | op=GET_VERSION null | ret=SUCCESS |  
2019-08-30 07:08:32,851 [Datanode State Machine Thread - 0] INFO  ozoneimpl.OzoneContainer (OzoneContainer.java:start(186)) - Attempting to start container services.
2019-08-30 07:08:32,852 [Datanode State Machine Thread - 0] INFO  ozoneimpl.OzoneContainer (OzoneContainer.java:startContainerScrub(160)) - Background container scrubber has been disabled by hdds.containerscrub.enabled
2019-08-30 07:08:32,852 [Datanode State Machine Thread - 0] INFO  ratis.XceiverServerRatis (XceiverServerRatis.java:start(404)) - Starting XceiverServerRatis c6f80673-9b9b-48d9-974f-74d8c6e53dca at port 0
2019-08-30 07:08:32,862 [Datanode State Machine Thread - 0] INFO  impl.RaftServerProxy (RaftServerProxy.java:lambda$start$3(299)) - c6f80673-9b9b-48d9-974f-74d8c6e53dca: start RPC server
2019-08-30 07:08:32,872 [Datanode State Machine Thread - 0] INFO  server.GrpcService (GrpcService.java:startImpl(149)) - c6f80673-9b9b-48d9-974f-74d8c6e53dca: GrpcService started, listening on 0.0.0.0/0.0.0.0:45192
2019-08-30 07:08:32,872 [Datanode State Machine Thread - 0] INFO  ratis.XceiverServerRatis (XceiverServerRatis.java:start(414)) - XceiverServerRatis c6f80673-9b9b-48d9-974f-74d8c6e53dca is started using port 45192
2019-08-30 07:08:32,878 [Datanode State Machine Thread - 0] INFO  server.XceiverServerGrpc (XceiverServerGrpc.java:start(163)) - XceiverServerGrpc c6f80673-9b9b-48d9-974f-74d8c6e53dca is started using port 41595
2019-08-30 07:08:33,050 [main] INFO  ozone.MiniOzoneClusterImpl (MiniOzoneClusterImpl.java:lambda$waitForClusterToBeReady$0(142)) - Waiting for cluster to be ready. Got 0 of 7 DN Heartbeats.
2019-08-30 07:08:33,054 | INFO  | SCMAudit | user=jenkins1000 | ip=192.168.5.156 | op=GET_VERSION null | ret=SUCCESS |  
2019-08-30 07:08:33,068 [Datanode State Machine Thread - 0] INFO  ozoneimpl.OzoneContainer (OzoneContainer.java:start(186)) - Attempting to start container services.
2019-08-30 07:08:33,068 [Datanode State Machine Thread - 0] INFO  ozoneimpl.OzoneContainer (OzoneContainer.java:startContainerScrub(160)) - Background container scrubber has been disabled by hdds.containerscrub.enabled
2019-08-30 07:08:33,068 [Datanode State Machine Thread - 0] INFO  ratis.XceiverServerRatis (XceiverServerRatis.java:start(404)) - Starting XceiverServerRatis 1f602086-e1ee-4a4e-927c-1e6b555c2f2b at port 0
2019-08-30 07:08:33,076 [Datanode State Machine Thread - 0] INFO  impl.RaftServerProxy (RaftServerProxy.java:lambda$start$3(299)) - 1f602086-e1ee-4a4e-927c-1e6b555c2f2b: start RPC server
2019-08-30 07:08:33,081 [Datanode State Machine Thread - 0] INFO  server.GrpcService (GrpcService.java:startImpl(149)) - 1f602086-e1ee-4a4e-927c-1e6b555c2f2b: GrpcService started, listening on 0.0.0.0/0.0.0.0:39893
2019-08-30 07:08:33,081 [Datanode State Machine Thread - 0] INFO  ratis.XceiverServerRatis (XceiverServerRatis.java:start(414)) - XceiverServerRatis 1f602086-e1ee-4a4e-927c-1e6b555c2f2b is started using port 39893
2019-08-30 07:08:33,085 [Datanode State Machine Thread - 0] INFO  server.XceiverServerGrpc (XceiverServerGrpc.java:start(163)) - XceiverServerGrpc 1f602086-e1ee-4a4e-927c-1e6b555c2f2b is started using port 39982
2019-08-30 07:08:33,797 [IPC Server handler 2 on 36781] INFO  net.NetworkTopology (NetworkTopologyImpl.java:add(110)) - Added a new node: /default-rack/d4249830-50d0-4433-aac8-f817ef11b799
2019-08-30 07:08:33,798 [IPC Server handler 2 on 36781] INFO  node.SCMNodeManager (SCMNodeManager.java:register(274)) - Registered Data node : d4249830-50d0-4433-aac8-f817ef11b799{ip: 192.168.5.156, host: pr-hdds-1569-5th2c-4253854396, networkLocation: /default-rack, certSerialId: null}
2019-08-30 07:08:33,804 [EventQueue-NodeRegistrationContainerReportForDataNodeSafeModeRule] INFO  safemode.SCMSafeModeManager (DataNodeSafeModeRule.java:process(71)) - SCM in safe mode. 1 DataNodes registered, 1 required.
2019-08-30 07:08:33,807 [EventQueue-NodeRegistrationContainerReportForDataNodeSafeModeRule] INFO  safemode.SCMSafeModeManager (SCMSafeModeManager.java:validateSafeModeExitRules(177)) - ScmSafeModeManager, all rules are successfully validated
2019-08-30 07:08:33,807 [EventQueue-NodeRegistrationContainerReportForDataNodeSafeModeRule] INFO  safemode.SCMSafeModeManager (SCMSafeModeManager.java:exitSafeMode(193)) - SCM exiting safe mode.
2019-08-30 07:08:33,814 | INFO  | SCMAudit | user=jenkins1000 | ip=192.168.5.156 | op=REGISTER {datanodeDetails=d4249830-50d0-4433-aac8-f817ef11b799{ip: 192.168.5.156, host: pr-hdds-1569-5th2c-4253854396, networkLocation: /default-rack, certSerialId: null}} | ret=SUCCESS |  
2019-08-30 07:08:33,954 [IPC Server handler 5 on 36781] INFO  net.NetworkTopology (NetworkTopologyImpl.java:add(110)) - Added a new node: /default-rack/a4417465-4f8a-4a39-91d4-515e5517d525
2019-08-30 07:08:33,954 [IPC Server handler 5 on 36781] INFO  node.SCMNodeManager (SCMNodeManager.java:register(274)) - Registered Data node : a4417465-4f8a-4a39-91d4-515e5517d525{ip: 192.168.5.156, host: pr-hdds-1569-5th2c-4253854396, networkLocation: /default-rack, certSerialId: null}
2019-08-30 07:08:33,955 | INFO  | SCMAudit | user=jenkins1000 | ip=192.168.5.156 | op=REGISTER {datanodeDetails=a4417465-4f8a-4a39-91d4-515e5517d525{ip: 192.168.5.156, host: pr-hdds-1569-5th2c-4253854396, networkLocation: /default-rack, certSerialId: null}} | ret=SUCCESS |  
2019-08-30 07:08:34,053 [main] INFO  ozone.MiniOzoneClusterImpl (MiniOzoneClusterImpl.java:lambda$waitForClusterToBeReady$0(142)) - Waiting for cluster to be ready. Got 2 of 7 DN Heartbeats.
2019-08-30 07:08:34,151 [IPC Server handler 3 on 36781] INFO  net.NetworkTopology (NetworkTopologyImpl.java:add(110)) - Added a new node: /default-rack/edec05a3-e2d1-4a21-a444-d2129c222199
2019-08-30 07:08:34,152 [IPC Server handler 3 on 36781] INFO  node.SCMNodeManager (SCMNodeManager.java:register(274)) - Registered Data node : edec05a3-e2d1-4a21-a444-d2129c222199{ip: 192.168.5.156, host: pr-hdds-1569-5th2c-4253854396, networkLocation: /default-rack, certSerialId: null}
2019-08-30 07:08:34,152 | INFO  | SCMAudit | user=jenkins1000 | ip=192.168.5.156 | op=REGISTER {datanodeDetails=edec05a3-e2d1-4a21-a444-d2129c222199{ip: 192.168.5.156, host: pr-hdds-1569-5th2c-4253854396, networkLocation: /default-rack, certSerialId: null}} | ret=SUCCESS |  
2019-08-30 07:08:34,573 [IPC Server handler 2 on 36781] INFO  net.NetworkTopology (NetworkTopologyImpl.java:add(110)) - Added a new node: /default-rack/f8a0b598-bd5c-4ec2-8ae7-5248ee7e527c
2019-08-30 07:08:34,573 [IPC Server handler 5 on 36781] INFO  net.NetworkTopology (NetworkTopologyImpl.java:add(110)) - Added a new node: /default-rack/bf8b2f5f-e1cf-4ce6-bf74-922538ef217e
2019-08-30 07:08:34,574 [IPC Server handler 2 on 36781] INFO  node.SCMNodeManager (SCMNodeManager.java:register(274)) - Registered Data node : f8a0b598-bd5c-4ec2-8ae7-5248ee7e527c{ip: 192.168.5.156, host: pr-hdds-1569-5th2c-4253854396, networkLocation: /default-rack, certSerialId: null}
2019-08-30 07:08:34,574 [IPC Server handler 5 on 36781] INFO  node.SCMNodeManager (SCMNodeManager.java:register(274)) - Registered Data node : bf8b2f5f-e1cf-4ce6-bf74-922538ef217e{ip: 192.168.5.156, host: pr-hdds-1569-5th2c-4253854396, networkLocation: /default-rack, certSerialId: null}
2019-08-30 07:08:34,586 | INFO  | SCMAudit | user=jenkins1000 | ip=192.168.5.156 | op=REGISTER {datanodeDetails=f8a0b598-bd5c-4ec2-8ae7-5248ee7e527c{ip: 192.168.5.156, host: pr-hdds-1569-5th2c-4253854396, networkLocation: /default-rack, certSerialId: null}} | ret=SUCCESS |  
2019-08-30 07:08:34,586 | INFO  | SCMAudit | user=jenkins1000 | ip=192.168.5.156 | op=REGISTER {datanodeDetails=bf8b2f5f-e1cf-4ce6-bf74-922538ef217e{ip: 192.168.5.156, host: pr-hdds-1569-5th2c-4253854396, networkLocation: /default-rack, certSerialId: null}} | ret=SUCCESS |  
2019-08-30 07:08:34,834 [grpc-default-executor-0] INFO  impl.RaftServerProxy (RaftServerProxy.java:addNew(89)) - d4249830-50d0-4433-aac8-f817ef11b799: addNew group-A5197C39454D:[d4249830-50d0-4433-aac8-f817ef11b799:192.168.5.156:39155] returns group-A5197C39454D:java.util.concurrent.CompletableFuture@242d0648[Not completed]
2019-08-30 07:08:34,850 [IPC Server handler 3 on 36781] INFO  net.NetworkTopology (NetworkTopologyImpl.java:add(110)) - Added a new node: /default-rack/c6f80673-9b9b-48d9-974f-74d8c6e53dca
2019-08-30 07:08:34,851 [IPC Server handler 3 on 36781] INFO  node.SCMNodeManager (SCMNodeManager.java:register(274)) - Registered Data node : c6f80673-9b9b-48d9-974f-74d8c6e53dca{ip: 192.168.5.156, host: pr-hdds-1569-5th2c-4253854396, networkLocation: /default-rack, certSerialId: null}
2019-08-30 07:08:34,853 | INFO  | SCMAudit | user=jenkins1000 | ip=192.168.5.156 | op=REGISTER {datanodeDetails=c6f80673-9b9b-48d9-974f-74d8c6e53dca{ip: 192.168.5.156, host: pr-hdds-1569-5th2c-4253854396, networkLocation: /default-rack, certSerialId: null}} | ret=SUCCESS |  
2019-08-30 07:08:34,865 [pool-27-thread-1] INFO  impl.RaftServerImpl (RaftServerImpl.java:<init>(93)) - d4249830-50d0-4433-aac8-f817ef11b799: new RaftServerImpl for group-A5197C39454D:[d4249830-50d0-4433-aac8-f817ef11b799:192.168.5.156:39155] with ContainerStateMachine:uninitialized
2019-08-30 07:08:34,867 [pool-27-thread-1] INFO  server.RaftServerConfigKeys (ConfUtils.java:logGet(43)) - raft.server.rpc.timeout.min = 5s (custom)
2019-08-30 07:08:34,870 [pool-27-thread-1] INFO  server.RaftServerConfigKeys (ConfUtils.java:logGet(43)) - raft.server.rpc.timeout.max = 5200ms (custom)
2019-08-30 07:08:34,870 [pool-27-thread-1] INFO  server.RaftServerConfigKeys (ConfUtils.java:logGet(43)) - raft.server.rpcslowness.timeout = 120s (custom)
2019-08-30 07:08:34,871 [pool-27-thread-1] INFO  server.RaftServerConfigKeys (ConfUtils.java:logGet(43)) - raft.server.sleep.deviation.threshold = 300 (default)
2019-08-30 07:08:34,872 [pool-27-thread-1] INFO  server.RaftServerConfigKeys (ConfUtils.java:logGet(43)) - raft.server.log.appender.install.snapshot.enabled = false (custom)
2019-08-30 07:08:34,884 [pool-27-thread-1] INFO  impl.RaftServerImpl (ServerState.java:<init>(105)) - d4249830-50d0-4433-aac8-f817ef11b799:group-A5197C39454D ConfigurationManager, init=-1: [d4249830-50d0-4433-aac8-f817ef11b799:192.168.5.156:39155], old=null, confs=<EMPTY_MAP>
2019-08-30 07:08:34,885 [pool-27-thread-1] INFO  server.RaftServerConfigKeys (ConfUtils.java:logGet(43)) - raft.server.storage.dir = [/workdir/hadoop-ozone/integration-test/target/test-dir/MiniOzoneClusterImpl-c6ae54c1-d46d-4dd5-b528-c2e096086b9a/datanode-0/data/ratis] (custom)
2019-08-30 07:08:34,897 [pool-27-thread-1] INFO  storage.RaftStorageDirectory (RaftStorageDirectory.java:analyzeStorage(246)) - The storage directory /workdir/hadoop-ozone/integration-test/target/test-dir/MiniOzoneClusterImpl-c6ae54c1-d46d-4dd5-b528-c2e096086b9a/datanode-0/data/ratis/98d78ef5-a2e4-4e5d-9d9f-a5197c39454d does not exist. Creating ...
2019-08-30 07:08:34,923 [pool-27-thread-1] INFO  storage.RaftStorageDirectory (RaftStorageDirectory.java:tryLock(328)) - Lock on /workdir/hadoop-ozone/integration-test/target/test-dir/MiniOzoneClusterImpl-c6ae54c1-d46d-4dd5-b528-c2e096086b9a/datanode-0/data/ratis/98d78ef5-a2e4-4e5d-9d9f-a5197c39454d/in_use.lock acquired by nodename 26559@pr-hdds-1569-5th2c-4253854396
2019-08-30 07:08:34,939 [pool-27-thread-1] INFO  storage.RaftStorage (RaftStorage.java:format(72)) - Storage directory /workdir/hadoop-ozone/integration-test/target/test-dir/MiniOzoneClusterImpl-c6ae54c1-d46d-4dd5-b528-c2e096086b9a/datanode-0/data/ratis/98d78ef5-a2e4-4e5d-9d9f-a5197c39454d has been successfully formatted.
2019-08-30 07:08:34,943 [pool-27-thread-1] INFO  ratis.ContainerStateMachine (ContainerStateMachine.java:loadSnapshot(226)) - group-A5197C39454D: The snapshot info is null. Setting the last applied indexto:(t:0, i:~)
2019-08-30 07:08:34,943 [pool-27-thread-1] INFO  server.RaftServerConfigKeys (ConfUtils.java:logGet(43)) - raft.server.leader.election.timeout = 120s (custom)
2019-08-30 07:08:34,946 [pool-27-thread-1] INFO  server.RaftServerConfigKeys (ConfUtils.java:logGet(43)) - raft.server.log.use.memory = false (default)
2019-08-30 07:08:34,952 [pool-27-thread-1] INFO  server.RaftServerConfigKeys (ConfUtils.java:logGet(43)) - raft.server.log.purge.gap = 1000000 (custom)
2019-08-30 07:08:34,952 [pool-27-thread-1] INFO  server.RaftServerConfigKeys (ConfUtils.java:logGet(43)) - raft.server.log.appender.buffer.byte-limit = 33554432 (custom)
2019-08-30 07:08:34,954 [pool-27-thread-1] INFO  server.RaftServerConfigKeys (ConfUtils.java:logGet(43)) - raft.server.log.segment.size.max = 1048576 (custom)
2019-08-30 07:08:34,960 [pool-27-thread-1] INFO  server.RaftServerConfigKeys (ConfUtils.java:logGet(43)) - raft.server.log.segment.cache.num.max = 2 (custom)
2019-08-30 07:08:34,967 [pool-27-thread-1] INFO  segmented.SegmentedRaftLogWorker (SegmentedRaftLogWorker.java:<init>(172)) - new d4249830-50d0-4433-aac8-f817ef11b799-SegmentedRaftLogWorker:Storage Directory /workdir/hadoop-ozone/integration-test/target/test-dir/MiniOzoneClusterImpl-c6ae54c1-d46d-4dd5-b528-c2e096086b9a/datanode-0/data/ratis/98d78ef5-a2e4-4e5d-9d9f-a5197c39454d for RaftStorage:Storage Directory /workdir/hadoop-ozone/integration-test/target/test-dir/MiniOzoneClusterImpl-c6ae54c1-d46d-4dd5-b528-c2e096086b9a/datanode-0/data/ratis/98d78ef5-a2e4-4e5d-9d9f-a5197c39454d
2019-08-30 07:08:34,979 [pool-27-thread-1] INFO  server.RaftServerConfigKeys (ConfUtils.java:logGet(43)) - raft.server.log.queue.byte-limit = 2147483647 (custom)
2019-08-30 07:08:34,980 [pool-27-thread-1] INFO  server.RaftServerConfigKeys (ConfUtils.java:logGet(43)) - raft.server.log.queue.element-limit = 1024 (custom)
2019-08-30 07:08:34,985 [pool-27-thread-1] INFO  server.RaftServerConfigKeys (ConfUtils.java:logGet(43)) - raft.server.log.segment.size.max = 1048576 (custom)
2019-08-30 07:08:34,985 [pool-27-thread-1] INFO  server.RaftServerConfigKeys (ConfUtils.java:logGet(43)) - raft.server.log.preallocated.size = 16384 (custom)
2019-08-30 07:08:34,986 [pool-27-thread-1] INFO  server.RaftServerConfigKeys (ConfUtils.java:logGet(43)) - raft.server.log.write.buffer.size = 33554432 (custom)
2019-08-30 07:08:34,986 [pool-27-thread-1] INFO  server.RaftServerConfigKeys (ConfUtils.java:logGet(43)) - raft.server.log.force.sync.num = 128 (default)
2019-08-30 07:08:34,987 [pool-27-thread-1] INFO  server.RaftServerConfigKeys (ConfUtils.java:logGet(43)) - raft.server.log.statemachine.data.sync = true (default)
2019-08-30 07:08:34,987 [pool-27-thread-1] INFO  server.RaftServerConfigKeys (ConfUtils.java:logGet(43)) - raft.server.log.statemachine.data.sync.timeout = 10s (default)
2019-08-30 07:08:34,988 [pool-27-thread-1] INFO  server.RaftServerConfigKeys (ConfUtils.java:logGet(43)) - raft.server.log.statemachine.data.sync.timeout.retry = -1 (default)
2019-08-30 07:08:34,997 [pool-27-thread-1] INFO  server.RaftServerConfigKeys (ConfUtils.java:logGet(43)) - raft.server.log.statemachine.data.caching.enabled = true (custom)
2019-08-30 07:08:35,002 [pool-27-thread-1] INFO  segmented.SegmentedRaftLogWorker (SegmentedRaftLogWorker.java:lambda$new$0(132)) - d4249830-50d0-4433-aac8-f817ef11b799-SegmentedRaftLogWorker:Storage Directory /workdir/hadoop-ozone/integration-test/target/test-dir/MiniOzoneClusterImpl-c6ae54c1-d46d-4dd5-b528-c2e096086b9a/datanode-0/data/ratis/98d78ef5-a2e4-4e5d-9d9f-a5197c39454d: flushIndex: setUnconditionally 0 -> -1
2019-08-30 07:08:35,007 [pool-27-thread-1] INFO  server.RaftServerConfigKeys (ConfUtils.java:logGet(43)) - raft.server.snapshot.auto.trigger.enabled = true (custom)
2019-08-30 07:08:35,008 [pool-27-thread-1] INFO  server.RaftServerConfigKeys (ConfUtils.java:logGet(43)) - raft.server.snapshot.auto.trigger.threshold = 10000 (custom)
2019-08-30 07:08:35,008 [pool-27-thread-1] INFO  server.RaftServerConfigKeys (ConfUtils.java:logGet(43)) - raft.server.retrycache.expirytime = 600000ms (custom)
2019-08-30 07:08:35,032 [pool-27-thread-1] INFO  impl.RaftServerImpl (RaftServerImpl.java:start(180)) - d4249830-50d0-4433-aac8-f817ef11b799: start group-A5197C39454D
2019-08-30 07:08:35,033 [pool-27-thread-1] INFO  impl.RaftServerImpl (RaftServerImpl.java:setRole(171)) - d4249830-50d0-4433-aac8-f817ef11b799:group-A5197C39454D changes role from null to FOLLOWER at term 0 for startAsFollower
2019-08-30 07:08:35,035 [pool-27-thread-1] INFO  impl.RoleInfo (RoleInfo.java:updateAndGet(143)) - d4249830-50d0-4433-aac8-f817ef11b799: start FollowerState
2019-08-30 07:08:35,037 [pool-27-thread-1] INFO  util.JmxRegister (JmxRegister.java:tryRegister(44)) - Successfully registered JMX Bean with object name Ratis:service=RaftServer,group=group-A5197C39454D,id=d4249830-50d0-4433-aac8-f817ef11b799
2019-08-30 07:08:35,053 [IPC Server handler 4 on 36781] INFO  net.NetworkTopology (NetworkTopologyImpl.java:add(110)) - Added a new node: /default-rack/1f602086-e1ee-4a4e-927c-1e6b555c2f2b
2019-08-30 07:08:35,054 [main] INFO  ozone.MiniOzoneClusterImpl (MiniOzoneClusterImpl.java:lambda$waitForClusterToBeReady$0(142)) - Cluster is ready. Got 7 of 7 DN Heartbeats.
2019-08-30 07:08:35,054 [IPC Server handler 4 on 36781] INFO  node.SCMNodeManager (SCMNodeManager.java:register(274)) - Registered Data node : 1f602086-e1ee-4a4e-927c-1e6b555c2f2b{ip: 192.168.5.156, host: pr-hdds-1569-5th2c-4253854396, networkLocation: /default-rack, certSerialId: null}
2019-08-30 07:08:35,055 | INFO  | SCMAudit | user=jenkins1000 | ip=192.168.5.156 | op=REGISTER {datanodeDetails=1f602086-e1ee-4a4e-927c-1e6b555c2f2b{ip: 192.168.5.156, host: pr-hdds-1569-5th2c-4253854396, networkLocation: /default-rack, certSerialId: null}} | ret=SUCCESS |  
2019-08-30 07:08:35,117 [RatisPipelineUtilsThread] INFO  pipeline.PipelineStateManager (PipelineStateManager.java:addPipeline(56)) - Created pipeline Pipeline[ Id: 98d78ef5-a2e4-4e5d-9d9f-a5197c39454d, Nodes: d4249830-50d0-4433-aac8-f817ef11b799{ip: 192.168.5.156, host: pr-hdds-1569-5th2c-4253854396, networkLocation: /default-rack, certSerialId: null}, Type:RATIS, Factor:ONE, State:OPEN]
2019-08-30 07:08:35,149 [grpc-default-executor-0] INFO  impl.RaftServerProxy (RaftServerProxy.java:addNew(89)) - c6f80673-9b9b-48d9-974f-74d8c6e53dca: addNew group-7CCB293FFEAC:[c6f80673-9b9b-48d9-974f-74d8c6e53dca:192.168.5.156:45192] returns group-7CCB293FFEAC:java.util.concurrent.CompletableFuture@676710ff[Not completed]
2019-08-30 07:08:35,198 [pool-82-thread-1] INFO  impl.RaftServerImpl (RaftServerImpl.java:<init>(93)) - c6f80673-9b9b-48d9-974f-74d8c6e53dca: new RaftServerImpl for group-7CCB293FFEAC:[c6f80673-9b9b-48d9-974f-74d8c6e53dca:192.168.5.156:45192] with ContainerStateMachine:uninitialized
2019-08-30 07:08:35,200 [pool-82-thread-1] INFO  server.RaftServerConfigKeys (ConfUtils.java:logGet(43)) - raft.server.rpc.timeout.min = 5s (custom)
2019-08-30 07:08:35,200 [pool-82-thread-1] INFO  server.RaftServerConfigKeys (ConfUtils.java:logGet(43)) - raft.server.rpc.timeout.max = 5200ms (custom)
2019-08-30 07:08:35,200 [pool-82-thread-1] INFO  server.RaftServerConfigKeys (ConfUtils.java:logGet(43)) - raft.server.rpcslowness.timeout = 120s (custom)
2019-08-30 07:08:35,200 [pool-82-thread-1] INFO  server.RaftServerConfigKeys (ConfUtils.java:logGet(43)) - raft.server.sleep.deviation.threshold = 300 (default)
2019-08-30 07:08:35,200 [pool-82-thread-1] INFO  server.RaftServerConfigKeys (ConfUtils.java:logGet(43)) - raft.server.log.appender.install.snapshot.enabled = false (custom)
2019-08-30 07:08:35,200 [pool-82-thread-1] INFO  impl.RaftServerImpl (ServerState.java:<init>(105)) - c6f80673-9b9b-48d9-974f-74d8c6e53dca:group-7CCB293FFEAC ConfigurationManager, init=-1: [c6f80673-9b9b-48d9-974f-74d8c6e53dca:192.168.5.156:45192], old=null, confs=<EMPTY_MAP>
2019-08-30 07:08:35,201 [pool-82-thread-1] INFO  server.RaftServerConfigKeys (ConfUtils.java:logGet(43)) - raft.server.storage.dir = [/workdir/hadoop-ozone/integration-test/target/test-dir/MiniOzoneClusterImpl-c6ae54c1-d46d-4dd5-b528-c2e096086b9a/datanode-5/data/ratis] (custom)
2019-08-30 07:08:35,201 [pool-82-thread-1] INFO  storage.RaftStorageDirectory (RaftStorageDirectory.java:analyzeStorage(246)) - The storage directory /workdir/hadoop-ozone/integration-test/target/test-dir/MiniOzoneClusterImpl-c6ae54c1-d46d-4dd5-b528-c2e096086b9a/datanode-5/data/ratis/420485c9-914e-4bfd-b7ce-7ccb293ffeac does not exist. Creating ...
2019-08-30 07:08:35,228 [pool-82-thread-1] INFO  storage.RaftStorageDirectory (RaftStorageDirectory.java:tryLock(328)) - Lock on /workdir/hadoop-ozone/integration-test/target/test-dir/MiniOzoneClusterImpl-c6ae54c1-d46d-4dd5-b528-c2e096086b9a/datanode-5/data/ratis/420485c9-914e-4bfd-b7ce-7ccb293ffeac/in_use.lock acquired by nodename 26559@pr-hdds-1569-5th2c-4253854396
2019-08-30 07:08:35,241 [pool-82-thread-1] INFO  storage.RaftStorage (RaftStorage.java:format(72)) - Storage directory /workdir/hadoop-ozone/integration-test/target/test-dir/MiniOzoneClusterImpl-c6ae54c1-d46d-4dd5-b528-c2e096086b9a/datanode-5/data/ratis/420485c9-914e-4bfd-b7ce-7ccb293ffeac has been successfully formatted.
2019-08-30 07:08:35,243 [pool-82-thread-1] INFO  ratis.ContainerStateMachine (ContainerStateMachine.java:loadSnapshot(226)) - group-7CCB293FFEAC: The snapshot info is null. Setting the last applied indexto:(t:0, i:~)
2019-08-30 07:08:35,245 [pool-82-thread-1] INFO  server.RaftServerConfigKeys (ConfUtils.java:logGet(43)) - raft.server.leader.election.timeout = 120s (custom)
2019-08-30 07:08:35,245 [pool-82-thread-1] INFO  server.RaftServerConfigKeys (ConfUtils.java:logGet(43)) - raft.server.log.use.memory = false (default)
2019-08-30 07:08:35,245 [pool-82-thread-1] INFO  server.RaftServerConfigKeys (ConfUtils.java:logGet(43)) - raft.server.log.purge.gap = 1000000 (custom)
2019-08-30 07:08:35,245 [pool-82-thread-1] INFO  server.RaftServerConfigKeys (ConfUtils.java:logGet(43)) - raft.server.log.appender.buffer.byte-limit = 33554432 (custom)
2019-08-30 07:08:35,246 [pool-82-thread-1] INFO  server.RaftServerConfigKeys (ConfUtils.java:logGet(43)) - raft.server.log.segment.size.max = 1048576 (custom)
2019-08-30 07:08:35,246 [pool-82-thread-1] INFO  server.RaftServerConfigKeys (ConfUtils.java:logGet(43)) - raft.server.log.segment.cache.num.max = 2 (custom)
2019-08-30 07:08:35,246 [pool-82-thread-1] INFO  segmented.SegmentedRaftLogWorker (SegmentedRaftLogWorker.java:<init>(172)) - new c6f80673-9b9b-48d9-974f-74d8c6e53dca-SegmentedRaftLogWorker:Storage Directory /workdir/hadoop-ozone/integration-test/target/test-dir/MiniOzoneClusterImpl-c6ae54c1-d46d-4dd5-b528-c2e096086b9a/datanode-5/data/ratis/420485c9-914e-4bfd-b7ce-7ccb293ffeac for RaftStorage:Storage Directory /workdir/hadoop-ozone/integration-test/target/test-dir/MiniOzoneClusterImpl-c6ae54c1-d46d-4dd5-b528-c2e096086b9a/datanode-5/data/ratis/420485c9-914e-4bfd-b7ce-7ccb293ffeac
2019-08-30 07:08:35,247 [pool-82-thread-1] INFO  server.RaftServerConfigKeys (ConfUtils.java:logGet(43)) - raft.server.log.queue.byte-limit = 2147483647 (custom)
2019-08-30 07:08:35,247 [pool-82-thread-1] INFO  server.RaftServerConfigKeys (ConfUtils.java:logGet(43)) - raft.server.log.queue.element-limit = 1024 (custom)
2019-08-30 07:08:35,248 [pool-82-thread-1] INFO  server.RaftServerConfigKeys (ConfUtils.java:logGet(43)) - raft.server.log.segment.size.max = 1048576 (custom)
2019-08-30 07:08:35,248 [pool-82-thread-1] INFO  server.RaftServerConfigKeys (ConfUtils.java:logGet(43)) - raft.server.log.preallocated.size = 16384 (custom)
2019-08-30 07:08:35,248 [pool-82-thread-1] INFO  server.RaftServerConfigKeys (ConfUtils.java:logGet(43)) - raft.server.log.write.buffer.size = 33554432 (custom)
2019-08-30 07:08:35,248 [pool-82-thread-1] INFO  server.RaftServerConfigKeys (ConfUtils.java:logGet(43)) - raft.server.log.force.sync.num = 128 (default)
2019-08-30 07:08:35,248 [pool-82-thread-1] INFO  server.RaftServerConfigKeys (ConfUtils.java:logGet(43)) - raft.server.log.statemachine.data.sync = true (default)
2019-08-30 07:08:35,248 [pool-82-thread-1] INFO  server.RaftServerConfigKeys (ConfUtils.java:logGet(43)) - raft.server.log.statemachine.data.sync.timeout = 10s (default)
2019-08-30 07:08:35,249 [pool-82-thread-1] INFO  server.RaftServerConfigKeys (ConfUtils.java:logGet(43)) - raft.server.log.statemachine.data.sync.timeout.retry = -1 (default)
2019-08-30 07:08:35,249 [pool-82-thread-1] INFO  server.RaftServerConfigKeys (ConfUtils.java:logGet(43)) - raft.server.log.statemachine.data.caching.enabled = true (custom)
2019-08-30 07:08:35,249 [pool-82-thread-1] INFO  segmented.SegmentedRaftLogWorker (SegmentedRaftLogWorker.java:lambda$new$0(132)) - c6f80673-9b9b-48d9-974f-74d8c6e53dca-SegmentedRaftLogWorker:Storage Directory /workdir/hadoop-ozone/integration-test/target/test-dir/MiniOzoneClusterImpl-c6ae54c1-d46d-4dd5-b528-c2e096086b9a/datanode-5/data/ratis/420485c9-914e-4bfd-b7ce-7ccb293ffeac: flushIndex: setUnconditionally 0 -> -1
2019-08-30 07:08:35,250 [pool-82-thread-1] INFO  server.RaftServerConfigKeys (ConfUtils.java:logGet(43)) - raft.server.snapshot.auto.trigger.enabled = true (custom)
2019-08-30 07:08:35,250 [pool-82-thread-1] INFO  server.RaftServerConfigKeys (ConfUtils.java:logGet(43)) - raft.server.snapshot.auto.trigger.threshold = 10000 (custom)
2019-08-30 07:08:35,250 [pool-82-thread-1] INFO  server.RaftServerConfigKeys (ConfUtils.java:logGet(43)) - raft.server.retrycache.expirytime = 600000ms (custom)
2019-08-30 07:08:35,250 [pool-82-thread-1] INFO  impl.RaftServerImpl (RaftServerImpl.java:start(180)) - c6f80673-9b9b-48d9-974f-74d8c6e53dca: start group-7CCB293FFEAC
2019-08-30 07:08:35,250 [pool-82-thread-1] INFO  impl.RaftServerImpl (RaftServerImpl.java:setRole(171)) - c6f80673-9b9b-48d9-974f-74d8c6e53dca:group-7CCB293FFEAC changes role from null to FOLLOWER at term 0 for startAsFollower
2019-08-30 07:08:35,250 [pool-82-thread-1] INFO  impl.RoleInfo (RoleInfo.java:updateAndGet(143)) - c6f80673-9b9b-48d9-974f-74d8c6e53dca: start FollowerState
2019-08-30 07:08:35,252 [pool-82-thread-1] INFO  util.JmxRegister (JmxRegister.java:tryRegister(44)) - Successfully registered JMX Bean with object name Ratis:service=RaftServer,group=group-7CCB293FFEAC,id=c6f80673-9b9b-48d9-974f-74d8c6e53dca
2019-08-30 07:08:35,269 [RatisPipelineUtilsThread] INFO  pipeline.PipelineStateManager (PipelineStateManager.java:addPipeline(56)) - Created pipeline Pipeline[ Id: 420485c9-914e-4bfd-b7ce-7ccb293ffeac, Nodes: c6f80673-9b9b-48d9-974f-74d8c6e53dca{ip: 192.168.5.156, host: pr-hdds-1569-5th2c-4253854396, networkLocation: /default-rack, certSerialId: null}, Type:RATIS, Factor:ONE, State:OPEN]
2019-08-30 07:08:35,297 [grpc-default-executor-0] INFO  impl.RaftServerProxy (RaftServerProxy.java:addNew(89)) - edec05a3-e2d1-4a21-a444-d2129c222199: addNew group-DEDD640B694F:[edec05a3-e2d1-4a21-a444-d2129c222199:192.168.5.156:45835] returns group-DEDD640B694F:java.util.concurrent.CompletableFuture@792a00f6[Not completed]
2019-08-30 07:08:35,310 [pool-49-thread-1] INFO  impl.RaftServerImpl (RaftServerImpl.java:<init>(93)) - edec05a3-e2d1-4a21-a444-d2129c222199: new RaftServerImpl for group-DEDD640B694F:[edec05a3-e2d1-4a21-a444-d2129c222199:192.168.5.156:45835] with ContainerStateMachine:uninitialized
2019-08-30 07:08:35,310 [pool-49-thread-1] INFO  server.RaftServerConfigKeys (ConfUtils.java:logGet(43)) - raft.server.rpc.timeout.min = 5s (custom)
2019-08-30 07:08:35,310 [pool-49-thread-1] INFO  server.RaftServerConfigKeys (ConfUtils.java:logGet(43)) - raft.server.rpc.timeout.max = 5200ms (custom)
2019-08-30 07:08:35,310 [pool-49-thread-1] INFO  server.RaftServerConfigKeys (ConfUtils.java:logGet(43)) - raft.server.rpcslowness.timeout = 120s (custom)
2019-08-30 07:08:35,310 [pool-49-thread-1] INFO  server.RaftServerConfigKeys (ConfUtils.java:logGet(43)) - raft.server.sleep.deviation.threshold = 300 (default)
2019-08-30 07:08:35,310 [pool-49-thread-1] INFO  server.RaftServerConfigKeys (ConfUtils.java:logGet(43)) - raft.server.log.appender.install.snapshot.enabled = false (custom)
2019-08-30 07:08:35,311 [pool-49-thread-1] INFO  impl.RaftServerImpl (ServerState.java:<init>(105)) - edec05a3-e2d1-4a21-a444-d2129c222199:group-DEDD640B694F ConfigurationManager, init=-1: [edec05a3-e2d1-4a21-a444-d2129c222199:192.168.5.156:45835], old=null, confs=<EMPTY_MAP>
2019-08-30 07:08:35,311 [pool-49-thread-1] INFO  server.RaftServerConfigKeys (ConfUtils.java:logGet(43)) - raft.server.storage.dir = [/workdir/hadoop-ozone/integration-test/target/test-dir/MiniOzoneClusterImpl-c6ae54c1-d46d-4dd5-b528-c2e096086b9a/datanode-2/data/ratis] (custom)
2019-08-30 07:08:35,311 [pool-49-thread-1] INFO  storage.RaftStorageDirectory (RaftStorageDirectory.java:analyzeStorage(246)) - The storage directory /workdir/hadoop-ozone/integration-test/target/test-dir/MiniOzoneClusterImpl-c6ae54c1-d46d-4dd5-b528-c2e096086b9a/datanode-2/data/ratis/0f101934-a188-49a6-992a-dedd640b694f does not exist. Creating ...
2019-08-30 07:08:35,325 [pool-49-thread-1] INFO  storage.RaftStorageDirectory (RaftStorageDirectory.java:tryLock(328)) - Lock on /workdir/hadoop-ozone/integration-test/target/test-dir/MiniOzoneClusterImpl-c6ae54c1-d46d-4dd5-b528-c2e096086b9a/datanode-2/data/ratis/0f101934-a188-49a6-992a-dedd640b694f/in_use.lock acquired by nodename 26559@pr-hdds-1569-5th2c-4253854396
2019-08-30 07:08:35,338 [pool-49-thread-1] INFO  storage.RaftStorage (RaftStorage.java:format(72)) - Storage directory /workdir/hadoop-ozone/integration-test/target/test-dir/MiniOzoneClusterImpl-c6ae54c1-d46d-4dd5-b528-c2e096086b9a/datanode-2/data/ratis/0f101934-a188-49a6-992a-dedd640b694f has been successfully formatted.
2019-08-30 07:08:35,338 [pool-49-thread-1] INFO  ratis.ContainerStateMachine (ContainerStateMachine.java:loadSnapshot(226)) - group-DEDD640B694F: The snapshot info is null. Setting the last applied indexto:(t:0, i:~)
2019-08-30 07:08:35,338 [pool-49-thread-1] INFO  server.RaftServerConfigKeys (ConfUtils.java:logGet(43)) - raft.server.leader.election.timeout = 120s (custom)
2019-08-30 07:08:35,338 [pool-49-thread-1] INFO  server.RaftServerConfigKeys (ConfUtils.java:logGet(43)) - raft.server.log.use.memory = false (default)
2019-08-30 07:08:35,338 [pool-49-thread-1] INFO  server.RaftServerConfigKeys (ConfUtils.java:logGet(43)) - raft.server.log.purge.gap = 1000000 (custom)
2019-08-30 07:08:35,338 [pool-49-thread-1] INFO  server.RaftServerConfigKeys (ConfUtils.java:logGet(43)) - raft.server.log.appender.buffer.byte-limit = 33554432 (custom)
2019-08-30 07:08:35,339 [pool-49-thread-1] INFO  server.RaftServerConfigKeys (ConfUtils.java:logGet(43)) - raft.server.log.segment.size.max = 1048576 (custom)
2019-08-30 07:08:35,339 [pool-49-thread-1] INFO  server.RaftServerConfigKeys (ConfUtils.java:logGet(43)) - raft.server.log.segment.cache.num.max = 2 (custom)
2019-08-30 07:08:35,339 [pool-49-thread-1] INFO  segmented.SegmentedRaftLogWorker (SegmentedRaftLogWorker.java:<init>(172)) - new edec05a3-e2d1-4a21-a444-d2129c222199-SegmentedRaftLogWorker:Storage Directory /workdir/hadoop-ozone/integration-test/target/test-dir/MiniOzoneClusterImpl-c6ae54c1-d46d-4dd5-b528-c2e096086b9a/datanode-2/data/ratis/0f101934-a188-49a6-992a-dedd640b694f for RaftStorage:Storage Directory /workdir/hadoop-ozone/integration-test/target/test-dir/MiniOzoneClusterImpl-c6ae54c1-d46d-4dd5-b528-c2e096086b9a/datanode-2/data/ratis/0f101934-a188-49a6-992a-dedd640b694f
2019-08-30 07:08:35,339 [pool-49-thread-1] INFO  server.RaftServerConfigKeys (ConfUtils.java:logGet(43)) - raft.server.log.queue.byte-limit = 2147483647 (custom)
2019-08-30 07:08:35,339 [pool-49-thread-1] INFO  server.RaftServerConfigKeys (ConfUtils.java:logGet(43)) - raft.server.log.queue.element-limit = 1024 (custom)
2019-08-30 07:08:35,340 [pool-49-thread-1] INFO  server.RaftServerConfigKeys (ConfUtils.java:logGet(43)) - raft.server.log.segment.size.max = 1048576 (custom)
2019-08-30 07:08:35,340 [pool-49-thread-1] INFO  server.RaftServerConfigKeys (ConfUtils.java:logGet(43)) - raft.server.log.preallocated.size = 16384 (custom)
2019-08-30 07:08:35,340 [pool-49-thread-1] INFO  server.RaftServerConfigKeys (ConfUtils.java:logGet(43)) - raft.server.log.write.buffer.size = 33554432 (custom)
2019-08-30 07:08:35,340 [pool-49-thread-1] INFO  server.RaftServerConfigKeys (ConfUtils.java:logGet(43)) - raft.server.log.force.sync.num = 128 (default)
2019-08-30 07:08:35,340 [pool-49-thread-1] INFO  server.RaftServerConfigKeys (ConfUtils.java:logGet(43)) - raft.server.log.statemachine.data.sync = true (default)
2019-08-30 07:08:35,340 [pool-49-thread-1] INFO  server.RaftServerConfigKeys (ConfUtils.java:logGet(43)) - raft.server.log.statemachine.data.sync.timeout = 10s (default)
2019-08-30 07:08:35,340 [pool-49-thread-1] INFO  server.RaftServerConfigKeys (ConfUtils.java:logGet(43)) - raft.server.log.statemachine.data.sync.timeout.retry = -1 (default)
2019-08-30 07:08:35,341 [pool-49-thread-1] INFO  server.RaftServerConfigKeys (ConfUtils.java:logGet(43)) - raft.server.log.statemachine.data.caching.enabled = true (custom)
2019-08-30 07:08:35,341 [pool-49-thread-1] INFO  segmented.SegmentedRaftLogWorker (SegmentedRaftLogWorker.java:lambda$new$0(132)) - edec05a3-e2d1-4a21-a444-d2129c222199-SegmentedRaftLogWorker:Storage Directory /workdir/hadoop-ozone/integration-test/target/test-dir/MiniOzoneClusterImpl-c6ae54c1-d46d-4dd5-b528-c2e096086b9a/datanode-2/data/ratis/0f101934-a188-49a6-992a-dedd640b694f: flushIndex: setUnconditionally 0 -> -1
2019-08-30 07:08:35,341 [pool-49-thread-1] INFO  server.RaftServerConfigKeys (ConfUtils.java:logGet(43)) - raft.server.snapshot.auto.trigger.enabled = true (custom)
2019-08-30 07:08:35,342 [pool-49-thread-1] INFO  server.RaftServerConfigKeys (ConfUtils.java:logGet(43)) - raft.server.snapshot.auto.trigger.threshold = 10000 (custom)
2019-08-30 07:08:35,342 [pool-49-thread-1] INFO  server.RaftServerConfigKeys (ConfUtils.java:logGet(43)) - raft.server.retrycache.expirytime = 600000ms (custom)
2019-08-30 07:08:35,342 [pool-49-thread-1] INFO  impl.RaftServerImpl (RaftServerImpl.java:start(180)) - edec05a3-e2d1-4a21-a444-d2129c222199: start group-DEDD640B694F
2019-08-30 07:08:35,342 [pool-49-thread-1] INFO  impl.RaftServerImpl (RaftServerImpl.java:setRole(171)) - edec05a3-e2d1-4a21-a444-d2129c222199:group-DEDD640B694F changes role from null to FOLLOWER at term 0 for startAsFollower
2019-08-30 07:08:35,342 [pool-49-thread-1] INFO  impl.RoleInfo (RoleInfo.java:updateAndGet(143)) - edec05a3-e2d1-4a21-a444-d2129c222199: start FollowerState
2019-08-30 07:08:35,343 [pool-49-thread-1] INFO  util.JmxRegister (JmxRegister.java:tryRegister(44)) - Successfully registered JMX Bean with object name Ratis:service=RaftServer,group=group-DEDD640B694F,id=edec05a3-e2d1-4a21-a444-d2129c222199
2019-08-30 07:08:35,359 [RatisPipelineUtilsThread] INFO  pipeline.PipelineStateManager (PipelineStateManager.java:addPipeline(56)) - Created pipeline Pipeline[ Id: 0f101934-a188-49a6-992a-dedd640b694f, Nodes: edec05a3-e2d1-4a21-a444-d2129c222199{ip: 192.168.5.156, host: pr-hdds-1569-5th2c-4253854396, networkLocation: /default-rack, certSerialId: null}, Type:RATIS, Factor:ONE, State:OPEN]
2019-08-30 07:08:35,382 [grpc-default-executor-0] INFO  impl.RaftServerProxy (RaftServerProxy.java:addNew(89)) - 1f602086-e1ee-4a4e-927c-1e6b555c2f2b: addNew group-419BBCA8BCE0:[1f602086-e1ee-4a4e-927c-1e6b555c2f2b:192.168.5.156:39893] returns group-419BBCA8BCE0:java.util.concurrent.CompletableFuture@247be20e[Not completed]
2019-08-30 07:08:35,387 [pool-93-thread-1] INFO  impl.RaftServerImpl (RaftServerImpl.java:<init>(93)) - 1f602086-e1ee-4a4e-927c-1e6b555c2f2b: new RaftServerImpl for group-419BBCA8BCE0:[1f602086-e1ee-4a4e-927c-1e6b555c2f2b:192.168.5.156:39893] with ContainerStateMachine:uninitialized
2019-08-30 07:08:35,387 [pool-93-thread-1] INFO  server.RaftServerConfigKeys (ConfUtils.java:logGet(43)) - raft.server.rpc.timeout.min = 5s (custom)
2019-08-30 07:08:35,388 [pool-93-thread-1] INFO  server.RaftServerConfigKeys (ConfUtils.java:logGet(43)) - raft.server.rpc.timeout.max = 5200ms (custom)
2019-08-30 07:08:35,388 [pool-93-thread-1] INFO  server.RaftServerConfigKeys (ConfUtils.java:logGet(43)) - raft.server.rpcslowness.timeout = 120s (custom)
2019-08-30 07:08:35,388 [pool-93-thread-1] INFO  server.RaftServerConfigKeys (ConfUtils.java:logGet(43)) - raft.server.sleep.deviation.threshold = 300 (default)
2019-08-30 07:08:35,388 [pool-93-thread-1] INFO  server.RaftServerConfigKeys (ConfUtils.java:logGet(43)) - raft.server.log.appender.install.snapshot.enabled = false (custom)
2019-08-30 07:08:35,388 [pool-93-thread-1] INFO  impl.RaftServerImpl (ServerState.java:<init>(105)) - 1f602086-e1ee-4a4e-927c-1e6b555c2f2b:group-419BBCA8BCE0 ConfigurationManager, init=-1: [1f602086-e1ee-4a4e-927c-1e6b555c2f2b:192.168.5.156:39893], old=null, confs=<EMPTY_MAP>
2019-08-30 07:08:35,388 [pool-93-thread-1] INFO  server.RaftServerConfigKeys (ConfUtils.java:logGet(43)) - raft.server.storage.dir = [/workdir/hadoop-ozone/integration-test/target/test-dir/MiniOzoneClusterImpl-c6ae54c1-d46d-4dd5-b528-c2e096086b9a/datanode-6/data/ratis] (custom)
2019-08-30 07:08:35,389 [pool-93-thread-1] INFO  storage.RaftStorageDirectory (RaftStorageDirectory.java:analyzeStorage(246)) - The storage directory /workdir/hadoop-ozone/integration-test/target/test-dir/MiniOzoneClusterImpl-c6ae54c1-d46d-4dd5-b528-c2e096086b9a/datanode-6/data/ratis/70959fba-258f-4e26-9aeb-419bbca8bce0 does not exist. Creating ...
2019-08-30 07:08:35,402 [pool-93-thread-1] INFO  storage.RaftStorageDirectory (RaftStorageDirectory.java:tryLock(328)) - Lock on /workdir/hadoop-ozone/integration-test/target/test-dir/MiniOzoneClusterImpl-c6ae54c1-d46d-4dd5-b528-c2e096086b9a/datanode-6/data/ratis/70959fba-258f-4e26-9aeb-419bbca8bce0/in_use.lock acquired by nodename 26559@pr-hdds-1569-5th2c-4253854396
2019-08-30 07:08:35,415 [pool-93-thread-1] INFO  storage.RaftStorage (RaftStorage.java:format(72)) - Storage directory /workdir/hadoop-ozone/integration-test/target/test-dir/MiniOzoneClusterImpl-c6ae54c1-d46d-4dd5-b528-c2e096086b9a/datanode-6/data/ratis/70959fba-258f-4e26-9aeb-419bbca8bce0 has been successfully formatted.
2019-08-30 07:08:35,420 [pool-93-thread-1] INFO  ratis.ContainerStateMachine (ContainerStateMachine.java:loadSnapshot(226)) - group-419BBCA8BCE0: The snapshot info is null. Setting the last applied indexto:(t:0, i:~)
2019-08-30 07:08:35,420 [pool-93-thread-1] INFO  server.RaftServerConfigKeys (ConfUtils.java:logGet(43)) - raft.server.leader.election.timeout = 120s (custom)
2019-08-30 07:08:35,420 [pool-93-thread-1] INFO  server.RaftServerConfigKeys (ConfUtils.java:logGet(43)) - raft.server.log.use.memory = false (default)
2019-08-30 07:08:35,420 [pool-93-thread-1] INFO  server.RaftServerConfigKeys (ConfUtils.java:logGet(43)) - raft.server.log.purge.gap = 1000000 (custom)
2019-08-30 07:08:35,420 [pool-93-thread-1] INFO  server.RaftServerConfigKeys (ConfUtils.java:logGet(43)) - raft.server.log.appender.buffer.byte-limit = 33554432 (custom)
2019-08-30 07:08:35,420 [pool-93-thread-1] INFO  server.RaftServerConfigKeys (ConfUtils.java:logGet(43)) - raft.server.log.segment.size.max = 1048576 (custom)
2019-08-30 07:08:35,421 [pool-93-thread-1] INFO  server.RaftServerConfigKeys (ConfUtils.java:logGet(43)) - raft.server.log.segment.cache.num.max = 2 (custom)
2019-08-30 07:08:35,421 [pool-93-thread-1] INFO  segmented.SegmentedRaftLogWorker (SegmentedRaftLogWorker.java:<init>(172)) - new 1f602086-e1ee-4a4e-927c-1e6b555c2f2b-SegmentedRaftLogWorker:Storage Directory /workdir/hadoop-ozone/integration-test/target/test-dir/MiniOzoneClusterImpl-c6ae54c1-d46d-4dd5-b528-c2e096086b9a/datanode-6/data/ratis/70959fba-258f-4e26-9aeb-419bbca8bce0 for RaftStorage:Storage Directory /workdir/hadoop-ozone/integration-test/target/test-dir/MiniOzoneClusterImpl-c6ae54c1-d46d-4dd5-b528-c2e096086b9a/datanode-6/data/ratis/70959fba-258f-4e26-9aeb-419bbca8bce0
2019-08-30 07:08:35,421 [pool-93-thread-1] INFO  server.RaftServerConfigKeys (ConfUtils.java:logGet(43)) - raft.server.log.queue.byte-limit = 2147483647 (custom)
2019-08-30 07:08:35,421 [pool-93-thread-1] INFO  server.RaftServerConfigKeys (ConfUtils.java:logGet(43)) - raft.server.log.queue.element-limit = 1024 (custom)
2019-08-30 07:08:35,421 [pool-93-thread-1] INFO  server.RaftServerConfigKeys (ConfUtils.java:logGet(43)) - raft.server.log.segment.size.max = 1048576 (custom)
2019-08-30 07:08:35,421 [pool-93-thread-1] INFO  server.RaftServerConfigKeys (ConfUtils.java:logGet(43)) - raft.server.log.preallocated.size = 16384 (custom)
2019-08-30 07:08:35,422 [pool-93-thread-1] INFO  server.RaftServerConfigKeys (ConfUtils.java:logGet(43)) - raft.server.log.write.buffer.size = 33554432 (custom)
2019-08-30 07:08:35,422 [pool-93-thread-1] INFO  server.RaftServerConfigKeys (ConfUtils.java:logGet(43)) - raft.server.log.force.sync.num = 128 (default)
2019-08-30 07:08:35,422 [pool-93-thread-1] INFO  server.RaftServerConfigKeys (ConfUtils.java:logGet(43)) - raft.server.log.statemachine.data.sync = true (default)
2019-08-30 07:08:35,422 [pool-93-thread-1] INFO  server.RaftServerConfigKeys (ConfUtils.java:logGet(43)) - raft.server.log.statemachine.data.sync.timeout = 10s (default)
2019-08-30 07:08:35,422 [pool-93-thread-1] INFO  server.RaftServerConfigKeys (ConfUtils.java:logGet(43)) - raft.server.log.statemachine.data.sync.timeout.retry = -1 (default)
2019-08-30 07:08:35,423 [pool-93-thread-1] INFO  server.RaftServerConfigKeys (ConfUtils.java:logGet(43)) - raft.server.log.statemachine.data.caching.enabled = true (custom)
2019-08-30 07:08:35,423 [pool-93-thread-1] INFO  segmented.SegmentedRaftLogWorker (SegmentedRaftLogWorker.java:lambda$new$0(132)) - 1f602086-e1ee-4a4e-927c-1e6b555c2f2b-SegmentedRaftLogWorker:Storage Directory /workdir/hadoop-ozone/integration-test/target/test-dir/MiniOzoneClusterImpl-c6ae54c1-d46d-4dd5-b528-c2e096086b9a/datanode-6/data/ratis/70959fba-258f-4e26-9aeb-419bbca8bce0: flushIndex: setUnconditionally 0 -> -1
2019-08-30 07:08:35,423 [pool-93-thread-1] INFO  server.RaftServerConfigKeys (ConfUtils.java:logGet(43)) - raft.server.snapshot.auto.trigger.enabled = true (custom)
2019-08-30 07:08:35,423 [pool-93-thread-1] INFO  server.RaftServerConfigKeys (ConfUtils.java:logGet(43)) - raft.server.snapshot.auto.trigger.threshold = 10000 (custom)
2019-08-30 07:08:35,424 [pool-93-thread-1] INFO  server.RaftServerConfigKeys (ConfUtils.java:logGet(43)) - raft.server.retrycache.expirytime = 600000ms (custom)
2019-08-30 07:08:35,424 [pool-93-thread-1] INFO  impl.RaftServerImpl (RaftServerImpl.java:start(180)) - 1f602086-e1ee-4a4e-927c-1e6b555c2f2b: start group-419BBCA8BCE0
2019-08-30 07:08:35,424 [pool-93-thread-1] INFO  impl.RaftServerImpl (RaftServerImpl.java:setRole(171)) - 1f602086-e1ee-4a4e-927c-1e6b555c2f2b:group-419BBCA8BCE0 changes role from null to FOLLOWER at term 0 for startAsFollower
2019-08-30 07:08:35,424 [pool-93-thread-1] INFO  impl.RoleInfo (RoleInfo.java:updateAndGet(143)) - 1f602086-e1ee-4a4e-927c-1e6b555c2f2b: start FollowerState
2019-08-30 07:08:35,424 [pool-93-thread-1] INFO  util.JmxRegister (JmxRegister.java:tryRegister(44)) - Successfully registered JMX Bean with object name Ratis:service=RaftServer,group=group-419BBCA8BCE0,id=1f602086-e1ee-4a4e-927c-1e6b555c2f2b
2019-08-30 07:08:35,437 [RatisPipelineUtilsThread] INFO  pipeline.PipelineStateManager (PipelineStateManager.java:addPipeline(56)) - Created pipeline Pipeline[ Id: 70959fba-258f-4e26-9aeb-419bbca8bce0, Nodes: 1f602086-e1ee-4a4e-927c-1e6b555c2f2b{ip: 192.168.5.156, host: pr-hdds-1569-5th2c-4253854396, networkLocation: /default-rack, certSerialId: null}, Type:RATIS, Factor:ONE, State:OPEN]
2019-08-30 07:08:35,465 [grpc-default-executor-0] INFO  impl.RaftServerProxy (RaftServerProxy.java:addNew(89)) - f8a0b598-bd5c-4ec2-8ae7-5248ee7e527c: addNew group-FC38F6771B2F:[f8a0b598-bd5c-4ec2-8ae7-5248ee7e527c:192.168.5.156:44827] returns group-FC38F6771B2F:java.util.concurrent.CompletableFuture@64d10ecd[Not completed]
2019-08-30 07:08:35,470 [pool-60-thread-1] INFO  impl.RaftServerImpl (RaftServerImpl.java:<init>(93)) - f8a0b598-bd5c-4ec2-8ae7-5248ee7e527c: new RaftServerImpl for group-FC38F6771B2F:[f8a0b598-bd5c-4ec2-8ae7-5248ee7e527c:192.168.5.156:44827] with ContainerStateMachine:uninitialized
2019-08-30 07:08:35,471 [pool-60-thread-1] INFO  server.RaftServerConfigKeys (ConfUtils.java:logGet(43)) - raft.server.rpc.timeout.min = 5s (custom)
2019-08-30 07:08:35,471 [pool-60-thread-1] INFO  server.RaftServerConfigKeys (ConfUtils.java:logGet(43)) - raft.server.rpc.timeout.max = 5200ms (custom)
2019-08-30 07:08:35,471 [pool-60-thread-1] INFO  server.RaftServerConfigKeys (ConfUtils.java:logGet(43)) - raft.server.rpcslowness.timeout = 120s (custom)
2019-08-30 07:08:35,471 [pool-60-thread-1] INFO  server.RaftServerConfigKeys (ConfUtils.java:logGet(43)) - raft.server.sleep.deviation.threshold = 300 (default)
2019-08-30 07:08:35,471 [pool-60-thread-1] INFO  server.RaftServerConfigKeys (ConfUtils.java:logGet(43)) - raft.server.log.appender.install.snapshot.enabled = false (custom)
2019-08-30 07:08:35,472 [pool-60-thread-1] INFO  impl.RaftServerImpl (ServerState.java:<init>(105)) - f8a0b598-bd5c-4ec2-8ae7-5248ee7e527c:group-FC38F6771B2F ConfigurationManager, init=-1: [f8a0b598-bd5c-4ec2-8ae7-5248ee7e527c:192.168.5.156:44827], old=null, confs=<EMPTY_MAP>
2019-08-30 07:08:35,472 [pool-60-thread-1] INFO  server.RaftServerConfigKeys (ConfUtils.java:logGet(43)) - raft.server.storage.dir = [/workdir/hadoop-ozone/integration-test/target/test-dir/MiniOzoneClusterImpl-c6ae54c1-d46d-4dd5-b528-c2e096086b9a/datanode-3/data/ratis] (custom)
2019-08-30 07:08:35,472 [pool-60-thread-1] INFO  storage.RaftStorageDirectory (RaftStorageDirectory.java:analyzeStorage(246)) - The storage directory /workdir/hadoop-ozone/integration-test/target/test-dir/MiniOzoneClusterImpl-c6ae54c1-d46d-4dd5-b528-c2e096086b9a/datanode-3/data/ratis/e04d0a09-9192-4d8b-8325-fc38f6771b2f does not exist. Creating ...
2019-08-30 07:08:35,498 [pool-60-thread-1] INFO  storage.RaftStorageDirectory (RaftStorageDirectory.java:tryLock(328)) - Lock on /workdir/hadoop-ozone/integration-test/target/test-dir/MiniOzoneClusterImpl-c6ae54c1-d46d-4dd5-b528-c2e096086b9a/datanode-3/data/ratis/e04d0a09-9192-4d8b-8325-fc38f6771b2f/in_use.lock acquired by nodename 26559@pr-hdds-1569-5th2c-4253854396
2019-08-30 07:08:35,511 [pool-60-thread-1] INFO  storage.RaftStorage (RaftStorage.java:format(72)) - Storage directory /workdir/hadoop-ozone/integration-test/target/test-dir/MiniOzoneClusterImpl-c6ae54c1-d46d-4dd5-b528-c2e096086b9a/datanode-3/data/ratis/e04d0a09-9192-4d8b-8325-fc38f6771b2f has been successfully formatted.
2019-08-30 07:08:35,511 [pool-60-thread-1] INFO  ratis.ContainerStateMachine (ContainerStateMachine.java:loadSnapshot(226)) - group-FC38F6771B2F: The snapshot info is null. Setting the last applied indexto:(t:0, i:~)
2019-08-30 07:08:35,512 [pool-60-thread-1] INFO  server.RaftServerConfigKeys (ConfUtils.java:logGet(43)) - raft.server.leader.election.timeout = 120s (custom)
2019-08-30 07:08:35,512 [pool-60-thread-1] INFO  server.RaftServerConfigKeys (ConfUtils.java:logGet(43)) - raft.server.log.use.memory = false (default)
2019-08-30 07:08:35,512 [pool-60-thread-1] INFO  server.RaftServerConfigKeys (ConfUtils.java:logGet(43)) - raft.server.log.purge.gap = 1000000 (custom)
2019-08-30 07:08:35,512 [pool-60-thread-1] INFO  server.RaftServerConfigKeys (ConfUtils.java:logGet(43)) - raft.server.log.appender.buffer.byte-limit = 33554432 (custom)
2019-08-30 07:08:35,512 [pool-60-thread-1] INFO  server.RaftServerConfigKeys (ConfUtils.java:logGet(43)) - raft.server.log.segment.size.max = 1048576 (custom)
2019-08-30 07:08:35,513 [pool-60-thread-1] INFO  server.RaftServerConfigKeys (ConfUtils.java:logGet(43)) - raft.server.log.segment.cache.num.max = 2 (custom)
2019-08-30 07:08:35,513 [pool-60-thread-1] INFO  segmented.SegmentedRaftLogWorker (SegmentedRaftLogWorker.java:<init>(172)) - new f8a0b598-bd5c-4ec2-8ae7-5248ee7e527c-SegmentedRaftLogWorker:Storage Directory /workdir/hadoop-ozone/integration-test/target/test-dir/MiniOzoneClusterImpl-c6ae54c1-d46d-4dd5-b528-c2e096086b9a/datanode-3/data/ratis/e04d0a09-9192-4d8b-8325-fc38f6771b2f for RaftStorage:Storage Directory /workdir/hadoop-ozone/integration-test/target/test-dir/MiniOzoneClusterImpl-c6ae54c1-d46d-4dd5-b528-c2e096086b9a/datanode-3/data/ratis/e04d0a09-9192-4d8b-8325-fc38f6771b2f
2019-08-30 07:08:35,513 [pool-60-thread-1] INFO  server.RaftServerConfigKeys (ConfUtils.java:logGet(43)) - raft.server.log.queue.byte-limit = 2147483647 (custom)
2019-08-30 07:08:35,513 [pool-60-thread-1] INFO  server.RaftServerConfigKeys (ConfUtils.java:logGet(43)) - raft.server.log.queue.element-limit = 1024 (custom)
2019-08-30 07:08:35,514 [pool-60-thread-1] INFO  server.RaftServerConfigKeys (ConfUtils.java:logGet(43)) - raft.server.log.segment.size.max = 1048576 (custom)
2019-08-30 07:08:35,514 [pool-60-thread-1] INFO  server.RaftServerConfigKeys (ConfUtils.java:logGet(43)) - raft.server.log.preallocated.size = 16384 (custom)
2019-08-30 07:08:35,514 [pool-60-thread-1] INFO  server.RaftServerConfigKeys (ConfUtils.java:logGet(43)) - raft.server.log.write.buffer.size = 33554432 (custom)
2019-08-30 07:08:35,514 [pool-60-thread-1] INFO  server.RaftServerConfigKeys (ConfUtils.java:logGet(43)) - raft.server.log.force.sync.num = 128 (default)
2019-08-30 07:08:35,514 [pool-60-thread-1] INFO  server.RaftServerConfigKeys (ConfUtils.java:logGet(43)) - raft.server.log.statemachine.data.sync = true (default)
2019-08-30 07:08:35,514 [pool-60-thread-1] INFO  server.RaftServerConfigKeys (ConfUtils.java:logGet(43)) - raft.server.log.statemachine.data.sync.timeout = 10s (default)
2019-08-30 07:08:35,515 [pool-60-thread-1] INFO  server.RaftServerConfigKeys (ConfUtils.java:logGet(43)) - raft.server.log.statemachine.data.sync.timeout.retry = -1 (default)
2019-08-30 07:08:35,515 [pool-60-thread-1] INFO  server.RaftServerConfigKeys (ConfUtils.java:logGet(43)) - raft.server.log.statemachine.data.caching.enabled = true (custom)
2019-08-30 07:08:35,515 [pool-60-thread-1] INFO  segmented.SegmentedRaftLogWorker (SegmentedRaftLogWorker.java:lambda$new$0(132)) - f8a0b598-bd5c-4ec2-8ae7-5248ee7e527c-SegmentedRaftLogWorker:Storage Directory /workdir/hadoop-ozone/integration-test/target/test-dir/MiniOzoneClusterImpl-c6ae54c1-d46d-4dd5-b528-c2e096086b9a/datanode-3/data/ratis/e04d0a09-9192-4d8b-8325-fc38f6771b2f: flushIndex: setUnconditionally 0 -> -1
2019-08-30 07:08:35,516 [pool-60-thread-1] INFO  server.RaftServerConfigKeys (ConfUtils.java:logGet(43)) - raft.server.snapshot.auto.trigger.enabled = true (custom)
2019-08-30 07:08:35,516 [pool-60-thread-1] INFO  server.RaftServerConfigKeys (ConfUtils.java:logGet(43)) - raft.server.snapshot.auto.trigger.threshold = 10000 (custom)
2019-08-30 07:08:35,516 [pool-60-thread-1] INFO  server.RaftServerConfigKeys (ConfUtils.java:logGet(43)) - raft.server.retrycache.expirytime = 600000ms (custom)
2019-08-30 07:08:35,516 [pool-60-thread-1] INFO  impl.RaftServerImpl (RaftServerImpl.java:start(180)) - f8a0b598-bd5c-4ec2-8ae7-5248ee7e527c: start group-FC38F6771B2F
2019-08-30 07:08:35,517 [pool-60-thread-1] INFO  impl.RaftServerImpl (RaftServerImpl.java:setRole(171)) - f8a0b598-bd5c-4ec2-8ae7-5248ee7e527c:group-FC38F6771B2F changes role from null to FOLLOWER at term 0 for startAsFollower
2019-08-30 07:08:35,517 [pool-60-thread-1] INFO  impl.RoleInfo (RoleInfo.java:updateAndGet(143)) - f8a0b598-bd5c-4ec2-8ae7-5248ee7e527c: start FollowerState
2019-08-30 07:08:35,517 [pool-60-thread-1] INFO  util.JmxRegister (JmxRegister.java:tryRegister(44)) - Successfully registered JMX Bean with object name Ratis:service=RaftServer,group=group-FC38F6771B2F,id=f8a0b598-bd5c-4ec2-8ae7-5248ee7e527c
2019-08-30 07:08:35,542 [RatisPipelineUtilsThread] INFO  pipeline.PipelineStateManager (PipelineStateManager.java:addPipeline(56)) - Created pipeline Pipeline[ Id: e04d0a09-9192-4d8b-8325-fc38f6771b2f, Nodes: f8a0b598-bd5c-4ec2-8ae7-5248ee7e527c{ip: 192.168.5.156, host: pr-hdds-1569-5th2c-4253854396, networkLocation: /default-rack, certSerialId: null}, Type:RATIS, Factor:ONE, State:OPEN]
2019-08-30 07:08:35,560 [main] INFO  rpc.RpcClient (RpcClient.java:createVolume(293)) - Creating Volume: testblockoutputstream, with jenkins1000 as owner.
2019-08-30 07:08:35,570 [grpc-default-executor-0] INFO  impl.RaftServerProxy (RaftServerProxy.java:addNew(89)) - bf8b2f5f-e1cf-4ce6-bf74-922538ef217e: addNew group-86E6DBB842A3:[bf8b2f5f-e1cf-4ce6-bf74-922538ef217e:192.168.5.156:41260] returns group-86E6DBB842A3:java.util.concurrent.CompletableFuture@3dac57a0[Not completed]
2019-08-30 07:08:35,578 [pool-71-thread-1] INFO  impl.RaftServerImpl (RaftServerImpl.java:<init>(93)) - bf8b2f5f-e1cf-4ce6-bf74-922538ef217e: new RaftServerImpl for group-86E6DBB842A3:[bf8b2f5f-e1cf-4ce6-bf74-922538ef217e:192.168.5.156:41260] with ContainerStateMachine:uninitialized
2019-08-30 07:08:35,578 [pool-71-thread-1] INFO  server.RaftServerConfigKeys (ConfUtils.java:logGet(43)) - raft.server.rpc.timeout.min = 5s (custom)
2019-08-30 07:08:35,579 [pool-71-thread-1] INFO  server.RaftServerConfigKeys (ConfUtils.java:logGet(43)) - raft.server.rpc.timeout.max = 5200ms (custom)
2019-08-30 07:08:35,579 [pool-71-thread-1] INFO  server.RaftServerConfigKeys (ConfUtils.java:logGet(43)) - raft.server.rpcslowness.timeout = 120s (custom)
2019-08-30 07:08:35,579 [pool-71-thread-1] INFO  server.RaftServerConfigKeys (ConfUtils.java:logGet(43)) - raft.server.sleep.deviation.threshold = 300 (default)
2019-08-30 07:08:35,579 [pool-71-thread-1] INFO  server.RaftServerConfigKeys (ConfUtils.java:logGet(43)) - raft.server.log.appender.install.snapshot.enabled = false (custom)
2019-08-30 07:08:35,579 [pool-71-thread-1] INFO  impl.RaftServerImpl (ServerState.java:<init>(105)) - bf8b2f5f-e1cf-4ce6-bf74-922538ef217e:group-86E6DBB842A3 ConfigurationManager, init=-1: [bf8b2f5f-e1cf-4ce6-bf74-922538ef217e:192.168.5.156:41260], old=null, confs=<EMPTY_MAP>
2019-08-30 07:08:35,580 [pool-71-thread-1] INFO  server.RaftServerConfigKeys (ConfUtils.java:logGet(43)) - raft.server.storage.dir = [/workdir/hadoop-ozone/integration-test/target/test-dir/MiniOzoneClusterImpl-c6ae54c1-d46d-4dd5-b528-c2e096086b9a/datanode-4/data/ratis] (custom)
2019-08-30 07:08:35,580 [pool-71-thread-1] INFO  storage.RaftStorageDirectory (RaftStorageDirectory.java:analyzeStorage(246)) - The storage directory /workdir/hadoop-ozone/integration-test/target/test-dir/MiniOzoneClusterImpl-c6ae54c1-d46d-4dd5-b528-c2e096086b9a/datanode-4/data/ratis/2cf8e990-72ed-4633-8625-86e6dbb842a3 does not exist. Creating ...
2019-08-30 07:08:35,593 [pool-71-thread-1] INFO  storage.RaftStorageDirectory (RaftStorageDirectory.java:tryLock(328)) - Lock on /workdir/hadoop-ozone/integration-test/target/test-dir/MiniOzoneClusterImpl-c6ae54c1-d46d-4dd5-b528-c2e096086b9a/datanode-4/data/ratis/2cf8e990-72ed-4633-8625-86e6dbb842a3/in_use.lock acquired by nodename 26559@pr-hdds-1569-5th2c-4253854396
2019-08-30 07:08:35,606 | INFO  | OMAudit | user=jenkins1000 | ip=127.0.0.1 | op=CREATE_VOLUME {admin=jenkins1000, owner=jenkins1000, volume=testblockoutputstream, creationTime=1567148915591, quotaInBytes=1152921504606846976} | ret=SUCCESS |  
2019-08-30 07:08:35,617 [pool-71-thread-1] INFO  storage.RaftStorage (RaftStorage.java:format(72)) - Storage directory /workdir/hadoop-ozone/integration-test/target/test-dir/MiniOzoneClusterImpl-c6ae54c1-d46d-4dd5-b528-c2e096086b9a/datanode-4/data/ratis/2cf8e990-72ed-4633-8625-86e6dbb842a3 has been successfully formatted.
2019-08-30 07:08:35,618 [pool-71-thread-1] INFO  ratis.ContainerStateMachine (ContainerStateMachine.java:loadSnapshot(226)) - group-86E6DBB842A3: The snapshot info is null. Setting the last applied indexto:(t:0, i:~)
2019-08-30 07:08:35,618 [pool-71-thread-1] INFO  server.RaftServerConfigKeys (ConfUtils.java:logGet(43)) - raft.server.leader.election.timeout = 120s (custom)
2019-08-30 07:08:35,618 [pool-71-thread-1] INFO  server.RaftServerConfigKeys (ConfUtils.java:logGet(43)) - raft.server.log.use.memory = false (default)
2019-08-30 07:08:35,618 [pool-71-thread-1] INFO  server.RaftServerConfigKeys (ConfUtils.java:logGet(43)) - raft.server.log.purge.gap = 1000000 (custom)
2019-08-30 07:08:35,619 [pool-71-thread-1] INFO  server.RaftServerConfigKeys (ConfUtils.java:logGet(43)) - raft.server.log.appender.buffer.byte-limit = 33554432 (custom)
2019-08-30 07:08:35,619 [pool-71-thread-1] INFO  server.RaftServerConfigKeys (ConfUtils.java:logGet(43)) - raft.server.log.segment.size.max = 1048576 (custom)
2019-08-30 07:08:35,619 [pool-71-thread-1] INFO  server.RaftServerConfigKeys (ConfUtils.java:logGet(43)) - raft.server.log.segment.cache.num.max = 2 (custom)
2019-08-30 07:08:35,619 [pool-71-thread-1] INFO  segmented.SegmentedRaftLogWorker (SegmentedRaftLogWorker.java:<init>(172)) - new bf8b2f5f-e1cf-4ce6-bf74-922538ef217e-SegmentedRaftLogWorker:Storage Directory /workdir/hadoop-ozone/integration-test/target/test-dir/MiniOzoneClusterImpl-c6ae54c1-d46d-4dd5-b528-c2e096086b9a/datanode-4/data/ratis/2cf8e990-72ed-4633-8625-86e6dbb842a3 for RaftStorage:Storage Directory /workdir/hadoop-ozone/integration-test/target/test-dir/MiniOzoneClusterImpl-c6ae54c1-d46d-4dd5-b528-c2e096086b9a/datanode-4/data/ratis/2cf8e990-72ed-4633-8625-86e6dbb842a3
2019-08-30 07:08:35,620 [pool-71-thread-1] INFO  server.RaftServerConfigKeys (ConfUtils.java:logGet(43)) - raft.server.log.queue.byte-limit = 2147483647 (custom)
2019-08-30 07:08:35,624 [pool-71-thread-1] INFO  server.RaftServerConfigKeys (ConfUtils.java:logGet(43)) - raft.server.log.queue.element-limit = 1024 (custom)
2019-08-30 07:08:35,626 | INFO  | OMAudit | user=jenkins1000 | ip=127.0.0.1 | op=READ_VOLUME {volume=testblockoutputstream} | ret=SUCCESS |  
2019-08-30 07:08:35,626 [pool-71-thread-1] INFO  server.RaftServerConfigKeys (ConfUtils.java:logGet(43)) - raft.server.log.segment.size.max = 1048576 (custom)
2019-08-30 07:08:35,626 [pool-71-thread-1] INFO  server.RaftServerConfigKeys (ConfUtils.java:logGet(43)) - raft.server.log.preallocated.size = 16384 (custom)
2019-08-30 07:08:35,627 [pool-71-thread-1] INFO  server.RaftServerConfigKeys (ConfUtils.java:logGet(43)) - raft.server.log.write.buffer.size = 33554432 (custom)
2019-08-30 07:08:35,627 [pool-71-thread-1] INFO  server.RaftServerConfigKeys (ConfUtils.java:logGet(43)) - raft.server.log.force.sync.num = 128 (default)
2019-08-30 07:08:35,627 [pool-71-thread-1] INFO  server.RaftServerConfigKeys (ConfUtils.java:logGet(43)) - raft.server.log.statemachine.data.sync = true (default)
2019-08-30 07:08:35,627 [pool-71-thread-1] INFO  server.RaftServerConfigKeys (ConfUtils.java:logGet(43)) - raft.server.log.statemachine.data.sync.timeout = 10s (default)
2019-08-30 07:08:35,627 [pool-71-thread-1] INFO  server.RaftServerConfigKeys (ConfUtils.java:logGet(43)) - raft.server.log.statemachine.data.sync.timeout.retry = -1 (default)
2019-08-30 07:08:35,628 [pool-71-thread-1] INFO  server.RaftServerConfigKeys (ConfUtils.java:logGet(43)) - raft.server.log.statemachine.data.caching.enabled = true (custom)
2019-08-30 07:08:35,628 [pool-71-thread-1] INFO  segmented.SegmentedRaftLogWorker (SegmentedRaftLogWorker.java:lambda$new$0(132)) - bf8b2f5f-e1cf-4ce6-bf74-922538ef217e-SegmentedRaftLogWorker:Storage Directory /workdir/hadoop-ozone/integration-test/target/test-dir/MiniOzoneClusterImpl-c6ae54c1-d46d-4dd5-b528-c2e096086b9a/datanode-4/data/ratis/2cf8e990-72ed-4633-8625-86e6dbb842a3: flushIndex: setUnconditionally 0 -> -1
2019-08-30 07:08:35,629 [pool-71-thread-1] INFO  server.RaftServerConfigKeys (ConfUtils.java:logGet(43)) - raft.server.snapshot.auto.trigger.enabled = true (custom)
2019-08-30 07:08:35,629 [pool-71-thread-1] INFO  server.RaftServerConfigKeys (ConfUtils.java:logGet(43)) - raft.server.snapshot.auto.trigger.threshold = 10000 (custom)
2019-08-30 07:08:35,629 [pool-71-thread-1] INFO  server.RaftServerConfigKeys (ConfUtils.java:logGet(43)) - raft.server.retrycache.expirytime = 600000ms (custom)
2019-08-30 07:08:35,630 [pool-71-thread-1] INFO  impl.RaftServerImpl (RaftServerImpl.java:start(180)) - bf8b2f5f-e1cf-4ce6-bf74-922538ef217e: start group-86E6DBB842A3
2019-08-30 07:08:35,630 [pool-71-thread-1] INFO  impl.RaftServerImpl (RaftServerImpl.java:setRole(171)) - bf8b2f5f-e1cf-4ce6-bf74-922538ef217e:group-86E6DBB842A3 changes role from null to FOLLOWER at term 0 for startAsFollower
2019-08-30 07:08:35,630 [pool-71-thread-1] INFO  impl.RoleInfo (RoleInfo.java:updateAndGet(143)) - bf8b2f5f-e1cf-4ce6-bf74-922538ef217e: start FollowerState
2019-08-30 07:08:35,631 [pool-71-thread-1] INFO  util.JmxRegister (JmxRegister.java:tryRegister(44)) - Successfully registered JMX Bean with object name Ratis:service=RaftServer,group=group-86E6DBB842A3,id=bf8b2f5f-e1cf-4ce6-bf74-922538ef217e
2019-08-30 07:08:35,634 [main] INFO  rpc.RpcClient (RpcClient.java:createBucket(432)) - Creating Bucket: testblockoutputstream/testblockoutputstream, with Versioning false and Storage Type set to DISK and Encryption set to false 
2019-08-30 07:08:35,644 [RatisPipelineUtilsThread] INFO  pipeline.PipelineStateManager (PipelineStateManager.java:addPipeline(56)) - Created pipeline Pipeline[ Id: 2cf8e990-72ed-4633-8625-86e6dbb842a3, Nodes: bf8b2f5f-e1cf-4ce6-bf74-922538ef217e{ip: 192.168.5.156, host: pr-hdds-1569-5th2c-4253854396, networkLocation: /default-rack, certSerialId: null}, Type:RATIS, Factor:ONE, State:OPEN]
2019-08-30 07:08:35,665 [grpc-default-executor-0] INFO  impl.RaftServerProxy (RaftServerProxy.java:addNew(89)) - a4417465-4f8a-4a39-91d4-515e5517d525: addNew group-39E77C7E23B3:[a4417465-4f8a-4a39-91d4-515e5517d525:192.168.5.156:41004] returns group-39E77C7E23B3:java.util.concurrent.CompletableFuture@1cf64ec2[Not completed]
2019-08-30 07:08:35,667 [pool-38-thread-1] INFO  impl.RaftServerImpl (RaftServerImpl.java:<init>(93)) - a4417465-4f8a-4a39-91d4-515e5517d525: new RaftServerImpl for group-39E77C7E23B3:[a4417465-4f8a-4a39-91d4-515e5517d525:192.168.5.156:41004] with ContainerStateMachine:uninitialized
2019-08-30 07:08:35,668 [pool-38-thread-1] INFO  server.RaftServerConfigKeys (ConfUtils.java:logGet(43)) - raft.server.rpc.timeout.min = 5s (custom)
2019-08-30 07:08:35,668 [pool-38-thread-1] INFO  server.RaftServerConfigKeys (ConfUtils.java:logGet(43)) - raft.server.rpc.timeout.max = 5200ms (custom)
2019-08-30 07:08:35,668 [pool-38-thread-1] INFO  server.RaftServerConfigKeys (ConfUtils.java:logGet(43)) - raft.server.rpcslowness.timeout = 120s (custom)
2019-08-30 07:08:35,668 [pool-38-thread-1] INFO  server.RaftServerConfigKeys (ConfUtils.java:logGet(43)) - raft.server.sleep.deviation.threshold = 300 (default)
2019-08-30 07:08:35,668 [pool-38-thread-1] INFO  server.RaftServerConfigKeys (ConfUtils.java:logGet(43)) - raft.server.log.appender.install.snapshot.enabled = false (custom)
2019-08-30 07:08:35,668 [pool-38-thread-1] INFO  impl.RaftServerImpl (ServerState.java:<init>(105)) - a4417465-4f8a-4a39-91d4-515e5517d525:group-39E77C7E23B3 ConfigurationManager, init=-1: [a4417465-4f8a-4a39-91d4-515e5517d525:192.168.5.156:41004], old=null, confs=<EMPTY_MAP>
2019-08-30 07:08:35,669 [pool-38-thread-1] INFO  server.RaftServerConfigKeys (ConfUtils.java:logGet(43)) - raft.server.storage.dir = [/workdir/hadoop-ozone/integration-test/target/test-dir/MiniOzoneClusterImpl-c6ae54c1-d46d-4dd5-b528-c2e096086b9a/datanode-1/data/ratis] (custom)
2019-08-30 07:08:35,669 [pool-38-thread-1] INFO  storage.RaftStorageDirectory (RaftStorageDirectory.java:analyzeStorage(246)) - The storage directory /workdir/hadoop-ozone/integration-test/target/test-dir/MiniOzoneClusterImpl-c6ae54c1-d46d-4dd5-b528-c2e096086b9a/datanode-1/data/ratis/e9648ca0-8e3a-4310-aa25-39e77c7e23b3 does not exist. Creating ...
2019-08-30 07:08:35,672 | INFO  | OMAudit | user=jenkins1000 | ip=127.0.0.1 | op=CREATE_BUCKET {volume=testblockoutputstream, bucket=testblockoutputstream, acls=[user:jenkins1000:a[ACCESS], group:default:a[ACCESS]], isVersionEnabled=false, storageType=DISK, creationTime=0} | ret=SUCCESS |  
2019-08-30 07:08:35,674 [main] INFO  impl.MetricsSystemImpl (MetricsSystemImpl.java:init(158)) - XceiverClientMetrics metrics system started (again)
2019-08-30 07:08:35,687 [pool-38-thread-1] INFO  storage.RaftStorageDirectory (RaftStorageDirectory.java:tryLock(328)) - Lock on /workdir/hadoop-ozone/integration-test/target/test-dir/MiniOzoneClusterImpl-c6ae54c1-d46d-4dd5-b528-c2e096086b9a/datanode-1/data/ratis/e9648ca0-8e3a-4310-aa25-39e77c7e23b3/in_use.lock acquired by nodename 26559@pr-hdds-1569-5th2c-4253854396
2019-08-30 07:08:35,694 | INFO  | OMAudit | user=jenkins1000 | ip=127.0.0.1 | op=READ_VOLUME {volume=testblockoutputstream} | ret=SUCCESS |  
2019-08-30 07:08:35,701 | INFO  | OMAudit | user=jenkins1000 | ip=127.0.0.1 | op=READ_BUCKET {volume=testblockoutputstream, bucket=testblockoutputstream} | ret=SUCCESS |  
2019-08-30 07:08:35,716 [pool-38-thread-1] INFO  storage.RaftStorage (RaftStorage.java:format(72)) - Storage directory /workdir/hadoop-ozone/integration-test/target/test-dir/MiniOzoneClusterImpl-c6ae54c1-d46d-4dd5-b528-c2e096086b9a/datanode-1/data/ratis/e9648ca0-8e3a-4310-aa25-39e77c7e23b3 has been successfully formatted.
2019-08-30 07:08:35,716 [pool-38-thread-1] INFO  ratis.ContainerStateMachine (ContainerStateMachine.java:loadSnapshot(226)) - group-39E77C7E23B3: The snapshot info is null. Setting the last applied indexto:(t:0, i:~)
2019-08-30 07:08:35,716 [pool-38-thread-1] INFO  server.RaftServerConfigKeys (ConfUtils.java:logGet(43)) - raft.server.leader.election.timeout = 120s (custom)
2019-08-30 07:08:35,716 [pool-38-thread-1] INFO  server.RaftServerConfigKeys (ConfUtils.java:logGet(43)) - raft.server.log.use.memory = false (default)
2019-08-30 07:08:35,717 [pool-38-thread-1] INFO  server.RaftServerConfigKeys (ConfUtils.java:logGet(43)) - raft.server.log.purge.gap = 1000000 (custom)
2019-08-30 07:08:35,717 [pool-38-thread-1] INFO  server.RaftServerConfigKeys (ConfUtils.java:logGet(43)) - raft.server.log.appender.buffer.byte-limit = 33554432 (custom)
2019-08-30 07:08:35,717 [pool-38-thread-1] INFO  server.RaftServerConfigKeys (ConfUtils.java:logGet(43)) - raft.server.log.segment.size.max = 1048576 (custom)
2019-08-30 07:08:35,717 [pool-38-thread-1] INFO  server.RaftServerConfigKeys (ConfUtils.java:logGet(43)) - raft.server.log.segment.cache.num.max = 2 (custom)
2019-08-30 07:08:35,717 [pool-38-thread-1] INFO  segmented.SegmentedRaftLogWorker (SegmentedRaftLogWorker.java:<init>(172)) - new a4417465-4f8a-4a39-91d4-515e5517d525-SegmentedRaftLogWorker:Storage Directory /workdir/hadoop-ozone/integration-test/target/test-dir/MiniOzoneClusterImpl-c6ae54c1-d46d-4dd5-b528-c2e096086b9a/datanode-1/data/ratis/e9648ca0-8e3a-4310-aa25-39e77c7e23b3 for RaftStorage:Storage Directory /workdir/hadoop-ozone/integration-test/target/test-dir/MiniOzoneClusterImpl-c6ae54c1-d46d-4dd5-b528-c2e096086b9a/datanode-1/data/ratis/e9648ca0-8e3a-4310-aa25-39e77c7e23b3
2019-08-30 07:08:35,717 [pool-38-thread-1] INFO  server.RaftServerConfigKeys (ConfUtils.java:logGet(43)) - raft.server.log.queue.byte-limit = 2147483647 (custom)
2019-08-30 07:08:35,718 [pool-38-thread-1] INFO  server.RaftServerConfigKeys (ConfUtils.java:logGet(43)) - raft.server.log.queue.element-limit = 1024 (custom)
2019-08-30 07:08:35,718 [pool-38-thread-1] INFO  server.RaftServerConfigKeys (ConfUtils.java:logGet(43)) - raft.server.log.segment.size.max = 1048576 (custom)
2019-08-30 07:08:35,718 [pool-38-thread-1] INFO  server.RaftServerConfigKeys (ConfUtils.java:logGet(43)) - raft.server.log.preallocated.size = 16384 (custom)
2019-08-30 07:08:35,718 [pool-38-thread-1] INFO  server.RaftServerConfigKeys (ConfUtils.java:logGet(43)) - raft.server.log.write.buffer.size = 33554432 (custom)
2019-08-30 07:08:35,718 [pool-38-thread-1] INFO  server.RaftServerConfigKeys (ConfUtils.java:logGet(43)) - raft.server.log.force.sync.num = 128 (default)
2019-08-30 07:08:35,719 [pool-38-thread-1] INFO  server.RaftServerConfigKeys (ConfUtils.java:logGet(43)) - raft.server.log.statemachine.data.sync = true (default)
2019-08-30 07:08:35,719 [pool-38-thread-1] INFO  server.RaftServerConfigKeys (ConfUtils.java:logGet(43)) - raft.server.log.statemachine.data.sync.timeout = 10s (default)
2019-08-30 07:08:35,719 [pool-38-thread-1] INFO  server.RaftServerConfigKeys (ConfUtils.java:logGet(43)) - raft.server.log.statemachine.data.sync.timeout.retry = -1 (default)
2019-08-30 07:08:35,719 [pool-38-thread-1] INFO  server.RaftServerConfigKeys (ConfUtils.java:logGet(43)) - raft.server.log.statemachine.data.caching.enabled = true (custom)
2019-08-30 07:08:35,720 [pool-38-thread-1] INFO  segmented.SegmentedRaftLogWorker (SegmentedRaftLogWorker.java:lambda$new$0(132)) - a4417465-4f8a-4a39-91d4-515e5517d525-SegmentedRaftLogWorker:Storage Directory /workdir/hadoop-ozone/integration-test/target/test-dir/MiniOzoneClusterImpl-c6ae54c1-d46d-4dd5-b528-c2e096086b9a/datanode-1/data/ratis/e9648ca0-8e3a-4310-aa25-39e77c7e23b3: flushIndex: setUnconditionally 0 -> -1
2019-08-30 07:08:35,720 [pool-38-thread-1] INFO  server.RaftServerConfigKeys (ConfUtils.java:logGet(43)) - raft.server.snapshot.auto.trigger.enabled = true (custom)
2019-08-30 07:08:35,720 [pool-38-thread-1] INFO  server.RaftServerConfigKeys (ConfUtils.java:logGet(43)) - raft.server.snapshot.auto.trigger.threshold = 10000 (custom)
2019-08-30 07:08:35,721 [pool-38-thread-1] INFO  server.RaftServerConfigKeys (ConfUtils.java:logGet(43)) - raft.server.retrycache.expirytime = 600000ms (custom)
2019-08-30 07:08:35,721 [pool-38-thread-1] INFO  impl.RaftServerImpl (RaftServerImpl.java:start(180)) - a4417465-4f8a-4a39-91d4-515e5517d525: start group-39E77C7E23B3
2019-08-30 07:08:35,721 [pool-38-thread-1] INFO  impl.RaftServerImpl (RaftServerImpl.java:setRole(171)) - a4417465-4f8a-4a39-91d4-515e5517d525:group-39E77C7E23B3 changes role from null to FOLLOWER at term 0 for startAsFollower
2019-08-30 07:08:35,721 [pool-38-thread-1] INFO  impl.RoleInfo (RoleInfo.java:updateAndGet(143)) - a4417465-4f8a-4a39-91d4-515e5517d525: start FollowerState
2019-08-30 07:08:35,722 [pool-38-thread-1] INFO  util.JmxRegister (JmxRegister.java:tryRegister(44)) - Successfully registered JMX Bean with object name Ratis:service=RaftServer,group=group-39E77C7E23B3,id=a4417465-4f8a-4a39-91d4-515e5517d525
2019-08-30 07:08:35,739 [RatisPipelineUtilsThread] INFO  pipeline.PipelineStateManager (PipelineStateManager.java:addPipeline(56)) - Created pipeline Pipeline[ Id: e9648ca0-8e3a-4310-aa25-39e77c7e23b3, Nodes: a4417465-4f8a-4a39-91d4-515e5517d525{ip: 192.168.5.156, host: pr-hdds-1569-5th2c-4253854396, networkLocation: /default-rack, certSerialId: null}, Type:RATIS, Factor:ONE, State:OPEN]
2019-08-30 07:08:35,776 [grpc-default-executor-1] INFO  impl.RaftServerProxy (RaftServerProxy.java:addNew(89)) - c6f80673-9b9b-48d9-974f-74d8c6e53dca: addNew group-30E28E14A856:[c6f80673-9b9b-48d9-974f-74d8c6e53dca:192.168.5.156:45192, edec05a3-e2d1-4a21-a444-d2129c222199:192.168.5.156:45835, d4249830-50d0-4433-aac8-f817ef11b799:192.168.5.156:39155] returns group-30E28E14A856:java.util.concurrent.CompletableFuture@6b1c268b[Not completed]
2019-08-30 07:08:35,777 [grpc-default-executor-2] INFO  impl.RaftServerProxy (RaftServerProxy.java:addNew(89)) - d4249830-50d0-4433-aac8-f817ef11b799: addNew group-30E28E14A856:[c6f80673-9b9b-48d9-974f-74d8c6e53dca:192.168.5.156:45192, edec05a3-e2d1-4a21-a444-d2129c222199:192.168.5.156:45835, d4249830-50d0-4433-aac8-f817ef11b799:192.168.5.156:39155] returns group-30E28E14A856:java.util.concurrent.CompletableFuture@76d12939[Not completed]
2019-08-30 07:08:35,780 [grpc-default-executor-2] INFO  impl.RaftServerProxy (RaftServerProxy.java:addNew(89)) - edec05a3-e2d1-4a21-a444-d2129c222199: addNew group-30E28E14A856:[c6f80673-9b9b-48d9-974f-74d8c6e53dca:192.168.5.156:45192, edec05a3-e2d1-4a21-a444-d2129c222199:192.168.5.156:45835, d4249830-50d0-4433-aac8-f817ef11b799:192.168.5.156:39155] returns group-30E28E14A856:java.util.concurrent.CompletableFuture@72eeb33b[Not completed]
2019-08-30 07:08:35,780 [pool-82-thread-1] INFO  impl.RaftServerImpl (RaftServerImpl.java:<init>(93)) - c6f80673-9b9b-48d9-974f-74d8c6e53dca: new RaftServerImpl for group-30E28E14A856:[c6f80673-9b9b-48d9-974f-74d8c6e53dca:192.168.5.156:45192, edec05a3-e2d1-4a21-a444-d2129c222199:192.168.5.156:45835, d4249830-50d0-4433-aac8-f817ef11b799:192.168.5.156:39155] with ContainerStateMachine:uninitialized
2019-08-30 07:08:35,781 [pool-82-thread-1] INFO  server.RaftServerConfigKeys (ConfUtils.java:logGet(43)) - raft.server.rpc.timeout.min = 5s (custom)
2019-08-30 07:08:35,781 [pool-82-thread-1] INFO  server.RaftServerConfigKeys (ConfUtils.java:logGet(43)) - raft.server.rpc.timeout.max = 5200ms (custom)
2019-08-30 07:08:35,781 [pool-82-thread-1] INFO  server.RaftServerConfigKeys (ConfUtils.java:logGet(43)) - raft.server.rpcslowness.timeout = 120s (custom)
2019-08-30 07:08:35,781 [pool-82-thread-1] INFO  server.RaftServerConfigKeys (ConfUtils.java:logGet(43)) - raft.server.sleep.deviation.threshold = 300 (default)
2019-08-30 07:08:35,781 [pool-82-thread-1] INFO  server.RaftServerConfigKeys (ConfUtils.java:logGet(43)) - raft.server.log.appender.install.snapshot.enabled = false (custom)
2019-08-30 07:08:35,782 [pool-82-thread-1] INFO  impl.RaftServerImpl (ServerState.java:<init>(105)) - c6f80673-9b9b-48d9-974f-74d8c6e53dca:group-30E28E14A856 ConfigurationManager, init=-1: [c6f80673-9b9b-48d9-974f-74d8c6e53dca:192.168.5.156:45192, edec05a3-e2d1-4a21-a444-d2129c222199:192.168.5.156:45835, d4249830-50d0-4433-aac8-f817ef11b799:192.168.5.156:39155], old=null, confs=<EMPTY_MAP>
2019-08-30 07:08:35,782 [pool-27-thread-1] INFO  impl.RaftServerImpl (RaftServerImpl.java:<init>(93)) - d4249830-50d0-4433-aac8-f817ef11b799: new RaftServerImpl for group-30E28E14A856:[c6f80673-9b9b-48d9-974f-74d8c6e53dca:192.168.5.156:45192, edec05a3-e2d1-4a21-a444-d2129c222199:192.168.5.156:45835, d4249830-50d0-4433-aac8-f817ef11b799:192.168.5.156:39155] with ContainerStateMachine:uninitialized
2019-08-30 07:08:35,782 [pool-82-thread-1] INFO  server.RaftServerConfigKeys (ConfUtils.java:logGet(43)) - raft.server.storage.dir = [/workdir/hadoop-ozone/integration-test/target/test-dir/MiniOzoneClusterImpl-c6ae54c1-d46d-4dd5-b528-c2e096086b9a/datanode-5/data/ratis] (custom)
2019-08-30 07:08:35,782 [pool-27-thread-1] INFO  server.RaftServerConfigKeys (ConfUtils.java:logGet(43)) - raft.server.rpc.timeout.min = 5s (custom)
2019-08-30 07:08:35,782 [pool-27-thread-1] INFO  server.RaftServerConfigKeys (ConfUtils.java:logGet(43)) - raft.server.rpc.timeout.max = 5200ms (custom)
2019-08-30 07:08:35,782 [pool-82-thread-1] INFO  storage.RaftStorageDirectory (RaftStorageDirectory.java:analyzeStorage(246)) - The storage directory /workdir/hadoop-ozone/integration-test/target/test-dir/MiniOzoneClusterImpl-c6ae54c1-d46d-4dd5-b528-c2e096086b9a/datanode-5/data/ratis/9296e8b7-22bf-47ce-8a81-30e28e14a856 does not exist. Creating ...
2019-08-30 07:08:35,783 [pool-27-thread-1] INFO  server.RaftServerConfigKeys (ConfUtils.java:logGet(43)) - raft.server.rpcslowness.timeout = 120s (custom)
2019-08-30 07:08:35,783 [pool-49-thread-1] INFO  impl.RaftServerImpl (RaftServerImpl.java:<init>(93)) - edec05a3-e2d1-4a21-a444-d2129c222199: new RaftServerImpl for group-30E28E14A856:[c6f80673-9b9b-48d9-974f-74d8c6e53dca:192.168.5.156:45192, edec05a3-e2d1-4a21-a444-d2129c222199:192.168.5.156:45835, d4249830-50d0-4433-aac8-f817ef11b799:192.168.5.156:39155] with ContainerStateMachine:uninitialized
2019-08-30 07:08:35,783 [pool-27-thread-1] INFO  server.RaftServerConfigKeys (ConfUtils.java:logGet(43)) - raft.server.sleep.deviation.threshold = 300 (default)
2019-08-30 07:08:35,783 [pool-49-thread-1] INFO  server.RaftServerConfigKeys (ConfUtils.java:logGet(43)) - raft.server.rpc.timeout.min = 5s (custom)
2019-08-30 07:08:35,783 [pool-27-thread-1] INFO  server.RaftServerConfigKeys (ConfUtils.java:logGet(43)) - raft.server.log.appender.install.snapshot.enabled = false (custom)
2019-08-30 07:08:35,783 [pool-49-thread-1] INFO  server.RaftServerConfigKeys (ConfUtils.java:logGet(43)) - raft.server.rpc.timeout.max = 5200ms (custom)
2019-08-30 07:08:35,783 [pool-27-thread-1] INFO  impl.RaftServerImpl (ServerState.java:<init>(105)) - d4249830-50d0-4433-aac8-f817ef11b799:group-30E28E14A856 ConfigurationManager, init=-1: [c6f80673-9b9b-48d9-974f-74d8c6e53dca:192.168.5.156:45192, edec05a3-e2d1-4a21-a444-d2129c222199:192.168.5.156:45835, d4249830-50d0-4433-aac8-f817ef11b799:192.168.5.156:39155], old=null, confs=<EMPTY_MAP>
2019-08-30 07:08:35,783 [pool-49-thread-1] INFO  server.RaftServerConfigKeys (ConfUtils.java:logGet(43)) - raft.server.rpcslowness.timeout = 120s (custom)
2019-08-30 07:08:35,784 [pool-27-thread-1] INFO  server.RaftServerConfigKeys (ConfUtils.java:logGet(43)) - raft.server.storage.dir = [/workdir/hadoop-ozone/integration-test/target/test-dir/MiniOzoneClusterImpl-c6ae54c1-d46d-4dd5-b528-c2e096086b9a/datanode-0/data/ratis] (custom)
2019-08-30 07:08:35,784 [pool-49-thread-1] INFO  server.RaftServerConfigKeys (ConfUtils.java:logGet(43)) - raft.server.sleep.deviation.threshold = 300 (default)
2019-08-30 07:08:35,784 [pool-49-thread-1] INFO  server.RaftServerConfigKeys (ConfUtils.java:logGet(43)) - raft.server.log.appender.install.snapshot.enabled = false (custom)
2019-08-30 07:08:35,784 [pool-27-thread-1] INFO  storage.RaftStorageDirectory (RaftStorageDirectory.java:analyzeStorage(246)) - The storage directory /workdir/hadoop-ozone/integration-test/target/test-dir/MiniOzoneClusterImpl-c6ae54c1-d46d-4dd5-b528-c2e096086b9a/datanode-0/data/ratis/9296e8b7-22bf-47ce-8a81-30e28e14a856 does not exist. Creating ...
2019-08-30 07:08:35,784 [pool-49-thread-1] INFO  impl.RaftServerImpl (ServerState.java:<init>(105)) - edec05a3-e2d1-4a21-a444-d2129c222199:group-30E28E14A856 ConfigurationManager, init=-1: [c6f80673-9b9b-48d9-974f-74d8c6e53dca:192.168.5.156:45192, edec05a3-e2d1-4a21-a444-d2129c222199:192.168.5.156:45835, d4249830-50d0-4433-aac8-f817ef11b799:192.168.5.156:39155], old=null, confs=<EMPTY_MAP>
2019-08-30 07:08:35,785 [pool-49-thread-1] INFO  server.RaftServerConfigKeys (ConfUtils.java:logGet(43)) - raft.server.storage.dir = [/workdir/hadoop-ozone/integration-test/target/test-dir/MiniOzoneClusterImpl-c6ae54c1-d46d-4dd5-b528-c2e096086b9a/datanode-2/data/ratis] (custom)
2019-08-30 07:08:35,785 [pool-49-thread-1] INFO  storage.RaftStorageDirectory (RaftStorageDirectory.java:analyzeStorage(246)) - The storage directory /workdir/hadoop-ozone/integration-test/target/test-dir/MiniOzoneClusterImpl-c6ae54c1-d46d-4dd5-b528-c2e096086b9a/datanode-2/data/ratis/9296e8b7-22bf-47ce-8a81-30e28e14a856 does not exist. Creating ...
2019-08-30 07:08:35,786 | INFO  | SCMAudit | user=jenkins1000 | ip=192.168.5.156 | op=SEND_HEARTBEAT {datanodeUUID=d4249830-50d0-4433-aac8-f817ef11b799, command=[]} | ret=SUCCESS |  
2019-08-30 07:08:35,809 [pool-27-thread-1] INFO  storage.RaftStorageDirectory (RaftStorageDirectory.java:tryLock(328)) - Lock on /workdir/hadoop-ozone/integration-test/target/test-dir/MiniOzoneClusterImpl-c6ae54c1-d46d-4dd5-b528-c2e096086b9a/datanode-0/data/ratis/9296e8b7-22bf-47ce-8a81-30e28e14a856/in_use.lock acquired by nodename 26559@pr-hdds-1569-5th2c-4253854396
2019-08-30 07:08:35,809 [pool-82-thread-1] INFO  storage.RaftStorageDirectory (RaftStorageDirectory.java:tryLock(328)) - Lock on /workdir/hadoop-ozone/integration-test/target/test-dir/MiniOzoneClusterImpl-c6ae54c1-d46d-4dd5-b528-c2e096086b9a/datanode-5/data/ratis/9296e8b7-22bf-47ce-8a81-30e28e14a856/in_use.lock acquired by nodename 26559@pr-hdds-1569-5th2c-4253854396
2019-08-30 07:08:35,809 [pool-49-thread-1] INFO  storage.RaftStorageDirectory (RaftStorageDirectory.java:tryLock(328)) - Lock on /workdir/hadoop-ozone/integration-test/target/test-dir/MiniOzoneClusterImpl-c6ae54c1-d46d-4dd5-b528-c2e096086b9a/datanode-2/data/ratis/9296e8b7-22bf-47ce-8a81-30e28e14a856/in_use.lock acquired by nodename 26559@pr-hdds-1569-5th2c-4253854396
2019-08-30 07:08:35,834 [pool-49-thread-1] INFO  storage.RaftStorage (RaftStorage.java:format(72)) - Storage directory /workdir/hadoop-ozone/integration-test/target/test-dir/MiniOzoneClusterImpl-c6ae54c1-d46d-4dd5-b528-c2e096086b9a/datanode-2/data/ratis/9296e8b7-22bf-47ce-8a81-30e28e14a856 has been successfully formatted.
2019-08-30 07:08:35,834 [pool-27-thread-1] INFO  storage.RaftStorage (RaftStorage.java:format(72)) - Storage directory /workdir/hadoop-ozone/integration-test/target/test-dir/MiniOzoneClusterImpl-c6ae54c1-d46d-4dd5-b528-c2e096086b9a/datanode-0/data/ratis/9296e8b7-22bf-47ce-8a81-30e28e14a856 has been successfully formatted.
2019-08-30 07:08:35,835 [pool-49-thread-1] INFO  ratis.ContainerStateMachine (ContainerStateMachine.java:loadSnapshot(226)) - group-30E28E14A856: The snapshot info is null. Setting the last applied indexto:(t:0, i:~)
2019-08-30 07:08:35,834 [pool-82-thread-1] INFO  storage.RaftStorage (RaftStorage.java:format(72)) - Storage directory /workdir/hadoop-ozone/integration-test/target/test-dir/MiniOzoneClusterImpl-c6ae54c1-d46d-4dd5-b528-c2e096086b9a/datanode-5/data/ratis/9296e8b7-22bf-47ce-8a81-30e28e14a856 has been successfully formatted.
2019-08-30 07:08:35,835 [pool-49-thread-1] INFO  server.RaftServerConfigKeys (ConfUtils.java:logGet(43)) - raft.server.leader.election.timeout = 120s (custom)
2019-08-30 07:08:35,835 [pool-27-thread-1] INFO  ratis.ContainerStateMachine (ContainerStateMachine.java:loadSnapshot(226)) - group-30E28E14A856: The snapshot info is null. Setting the last applied indexto:(t:0, i:~)
2019-08-30 07:08:35,835 [pool-82-thread-1] INFO  ratis.ContainerStateMachine (ContainerStateMachine.java:loadSnapshot(226)) - group-30E28E14A856: The snapshot info is null. Setting the last applied indexto:(t:0, i:~)
2019-08-30 07:08:35,835 [pool-49-thread-1] INFO  server.RaftServerConfigKeys (ConfUtils.java:logGet(43)) - raft.server.log.use.memory = false (default)
2019-08-30 07:08:35,836 [pool-82-thread-1] INFO  server.RaftServerConfigKeys (ConfUtils.java:logGet(43)) - raft.server.leader.election.timeout = 120s (custom)
2019-08-30 07:08:35,836 [pool-27-thread-1] INFO  server.RaftServerConfigKeys (ConfUtils.java:logGet(43)) - raft.server.leader.election.timeout = 120s (custom)
2019-08-30 07:08:35,836 [pool-82-thread-1] INFO  server.RaftServerConfigKeys (ConfUtils.java:logGet(43)) - raft.server.log.use.memory = false (default)
2019-08-30 07:08:35,836 [pool-49-thread-1] INFO  server.RaftServerConfigKeys (ConfUtils.java:logGet(43)) - raft.server.log.purge.gap = 1000000 (custom)
2019-08-30 07:08:35,837 [pool-82-thread-1] INFO  server.RaftServerConfigKeys (ConfUtils.java:logGet(43)) - raft.server.log.purge.gap = 1000000 (custom)
2019-08-30 07:08:35,836 [pool-27-thread-1] INFO  server.RaftServerConfigKeys (ConfUtils.java:logGet(43)) - raft.server.log.use.memory = false (default)
2019-08-30 07:08:35,837 [pool-82-thread-1] INFO  server.RaftServerConfigKeys (ConfUtils.java:logGet(43)) - raft.server.log.appender.buffer.byte-limit = 33554432 (custom)
2019-08-30 07:08:35,837 [pool-49-thread-1] INFO  server.RaftServerConfigKeys (ConfUtils.java:logGet(43)) - raft.server.log.appender.buffer.byte-limit = 33554432 (custom)
2019-08-30 07:08:35,837 [pool-82-thread-1] INFO  server.RaftServerConfigKeys (ConfUtils.java:logGet(43)) - raft.server.log.segment.size.max = 1048576 (custom)
2019-08-30 07:08:35,837 [pool-27-thread-1] INFO  server.RaftServerConfigKeys (ConfUtils.java:logGet(43)) - raft.server.log.purge.gap = 1000000 (custom)
2019-08-30 07:08:35,838 [pool-82-thread-1] INFO  server.RaftServerConfigKeys (ConfUtils.java:logGet(43)) - raft.server.log.segment.cache.num.max = 2 (custom)
2019-08-30 07:08:35,838 [pool-49-thread-1] INFO  server.RaftServerConfigKeys (ConfUtils.java:logGet(43)) - raft.server.log.segment.size.max = 1048576 (custom)
2019-08-30 07:08:35,838 [pool-82-thread-1] INFO  segmented.SegmentedRaftLogWorker (SegmentedRaftLogWorker.java:<init>(172)) - new c6f80673-9b9b-48d9-974f-74d8c6e53dca-SegmentedRaftLogWorker:Storage Directory /workdir/hadoop-ozone/integration-test/target/test-dir/MiniOzoneClusterImpl-c6ae54c1-d46d-4dd5-b528-c2e096086b9a/datanode-5/data/ratis/9296e8b7-22bf-47ce-8a81-30e28e14a856 for RaftStorage:Storage Directory /workdir/hadoop-ozone/integration-test/target/test-dir/MiniOzoneClusterImpl-c6ae54c1-d46d-4dd5-b528-c2e096086b9a/datanode-5/data/ratis/9296e8b7-22bf-47ce-8a81-30e28e14a856
2019-08-30 07:08:35,838 [pool-27-thread-1] INFO  server.RaftServerConfigKeys (ConfUtils.java:logGet(43)) - raft.server.log.appender.buffer.byte-limit = 33554432 (custom)
2019-08-30 07:08:35,839 [pool-82-thread-1] INFO  server.RaftServerConfigKeys (ConfUtils.java:logGet(43)) - raft.server.log.queue.byte-limit = 2147483647 (custom)
2019-08-30 07:08:35,838 [pool-49-thread-1] INFO  server.RaftServerConfigKeys (ConfUtils.java:logGet(43)) - raft.server.log.segment.cache.num.max = 2 (custom)
2019-08-30 07:08:35,842 [pool-82-thread-1] INFO  server.RaftServerConfigKeys (ConfUtils.java:logGet(43)) - raft.server.log.queue.element-limit = 1024 (custom)
2019-08-30 07:08:35,842 [pool-27-thread-1] INFO  server.RaftServerConfigKeys (ConfUtils.java:logGet(43)) - raft.server.log.segment.size.max = 1048576 (custom)
2019-08-30 07:08:35,842 [pool-82-thread-1] INFO  server.RaftServerConfigKeys (ConfUtils.java:logGet(43)) - raft.server.log.segment.size.max = 1048576 (custom)
2019-08-30 07:08:35,842 [pool-49-thread-1] INFO  segmented.SegmentedRaftLogWorker (SegmentedRaftLogWorker.java:<init>(172)) - new edec05a3-e2d1-4a21-a444-d2129c222199-SegmentedRaftLogWorker:Storage Directory /workdir/hadoop-ozone/integration-test/target/test-dir/MiniOzoneClusterImpl-c6ae54c1-d46d-4dd5-b528-c2e096086b9a/datanode-2/data/ratis/9296e8b7-22bf-47ce-8a81-30e28e14a856 for RaftStorage:Storage Directory /workdir/hadoop-ozone/integration-test/target/test-dir/MiniOzoneClusterImpl-c6ae54c1-d46d-4dd5-b528-c2e096086b9a/datanode-2/data/ratis/9296e8b7-22bf-47ce-8a81-30e28e14a856
2019-08-30 07:08:35,843 [pool-82-thread-1] INFO  server.RaftServerConfigKeys (ConfUtils.java:logGet(43)) - raft.server.log.preallocated.size = 16384 (custom)
2019-08-30 07:08:35,843 [pool-27-thread-1] INFO  server.RaftServerConfigKeys (ConfUtils.java:logGet(43)) - raft.server.log.segment.cache.num.max = 2 (custom)
2019-08-30 07:08:35,843 [pool-82-thread-1] INFO  server.RaftServerConfigKeys (ConfUtils.java:logGet(43)) - raft.server.log.write.buffer.size = 33554432 (custom)
2019-08-30 07:08:35,843 [pool-49-thread-1] INFO  server.RaftServerConfigKeys (ConfUtils.java:logGet(43)) - raft.server.log.queue.byte-limit = 2147483647 (custom)
2019-08-30 07:08:35,845 [pool-82-thread-1] INFO  server.RaftServerConfigKeys (ConfUtils.java:logGet(43)) - raft.server.log.force.sync.num = 128 (default)
2019-08-30 07:08:35,845 [pool-27-thread-1] INFO  segmented.SegmentedRaftLogWorker (SegmentedRaftLogWorker.java:<init>(172)) - new d4249830-50d0-4433-aac8-f817ef11b799-SegmentedRaftLogWorker:Storage Directory /workdir/hadoop-ozone/integration-test/target/test-dir/MiniOzoneClusterImpl-c6ae54c1-d46d-4dd5-b528-c2e096086b9a/datanode-0/data/ratis/9296e8b7-22bf-47ce-8a81-30e28e14a856 for RaftStorage:Storage Directory /workdir/hadoop-ozone/integration-test/target/test-dir/MiniOzoneClusterImpl-c6ae54c1-d46d-4dd5-b528-c2e096086b9a/datanode-0/data/ratis/9296e8b7-22bf-47ce-8a81-30e28e14a856
2019-08-30 07:08:35,846 [pool-82-thread-1] INFO  server.RaftServerConfigKeys (ConfUtils.java:logGet(43)) - raft.server.log.statemachine.data.sync = true (default)
2019-08-30 07:08:35,846 [pool-49-thread-1] INFO  server.RaftServerConfigKeys (ConfUtils.java:logGet(43)) - raft.server.log.queue.element-limit = 1024 (custom)
2019-08-30 07:08:35,848 [pool-82-thread-1] INFO  server.RaftServerConfigKeys (ConfUtils.java:logGet(43)) - raft.server.log.statemachine.data.sync.timeout = 10s (default)
2019-08-30 07:08:35,846 [pool-27-thread-1] INFO  server.RaftServerConfigKeys (ConfUtils.java:logGet(43)) - raft.server.log.queue.byte-limit = 2147483647 (custom)
2019-08-30 07:08:35,848 [pool-82-thread-1] INFO  server.RaftServerConfigKeys (ConfUtils.java:logGet(43)) - raft.server.log.statemachine.data.sync.timeout.retry = -1 (default)
2019-08-30 07:08:35,848 [pool-49-thread-1] INFO  server.RaftServerConfigKeys (ConfUtils.java:logGet(43)) - raft.server.log.segment.size.max = 1048576 (custom)
2019-08-30 07:08:35,849 [pool-82-thread-1] INFO  server.RaftServerConfigKeys (ConfUtils.java:logGet(43)) - raft.server.log.statemachine.data.caching.enabled = true (custom)
2019-08-30 07:08:35,849 [pool-27-thread-1] INFO  server.RaftServerConfigKeys (ConfUtils.java:logGet(43)) - raft.server.log.queue.element-limit = 1024 (custom)
2019-08-30 07:08:35,849 [pool-49-thread-1] INFO  server.RaftServerConfigKeys (ConfUtils.java:logGet(43)) - raft.server.log.preallocated.size = 16384 (custom)
2019-08-30 07:08:35,850 [pool-27-thread-1] INFO  server.RaftServerConfigKeys (ConfUtils.java:logGet(43)) - raft.server.log.segment.size.max = 1048576 (custom)
2019-08-30 07:08:35,850 [pool-82-thread-1] INFO  segmented.SegmentedRaftLogWorker (SegmentedRaftLogWorker.java:lambda$new$0(132)) - c6f80673-9b9b-48d9-974f-74d8c6e53dca-SegmentedRaftLogWorker:Storage Directory /workdir/hadoop-ozone/integration-test/target/test-dir/MiniOzoneClusterImpl-c6ae54c1-d46d-4dd5-b528-c2e096086b9a/datanode-5/data/ratis/9296e8b7-22bf-47ce-8a81-30e28e14a856: flushIndex: setUnconditionally 0 -> -1
2019-08-30 07:08:35,850 [pool-27-thread-1] INFO  server.RaftServerConfigKeys (ConfUtils.java:logGet(43)) - raft.server.log.preallocated.size = 16384 (custom)
2019-08-30 07:08:35,850 [pool-49-thread-1] INFO  server.RaftServerConfigKeys (ConfUtils.java:logGet(43)) - raft.server.log.write.buffer.size = 33554432 (custom)
2019-08-30 07:08:35,850 [pool-82-thread-1] INFO  server.RaftServerConfigKeys (ConfUtils.java:logGet(43)) - raft.server.snapshot.auto.trigger.enabled = true (custom)
2019-08-30 07:08:35,850 [pool-27-thread-1] INFO  server.RaftServerConfigKeys (ConfUtils.java:logGet(43)) - raft.server.log.write.buffer.size = 33554432 (custom)
2019-08-30 07:08:35,851 [pool-82-thread-1] INFO  server.RaftServerConfigKeys (ConfUtils.java:logGet(43)) - raft.server.snapshot.auto.trigger.threshold = 10000 (custom)
2019-08-30 07:08:35,851 [pool-49-thread-1] INFO  server.RaftServerConfigKeys (ConfUtils.java:logGet(43)) - raft.server.log.force.sync.num = 128 (default)
2019-08-30 07:08:35,851 [pool-82-thread-1] INFO  server.RaftServerConfigKeys (ConfUtils.java:logGet(43)) - raft.server.retrycache.expirytime = 600000ms (custom)
2019-08-30 07:08:35,851 [pool-27-thread-1] INFO  server.RaftServerConfigKeys (ConfUtils.java:logGet(43)) - raft.server.log.force.sync.num = 128 (default)
2019-08-30 07:08:35,852 [pool-82-thread-1] INFO  impl.RaftServerImpl (RaftServerImpl.java:start(180)) - c6f80673-9b9b-48d9-974f-74d8c6e53dca: start group-30E28E14A856
2019-08-30 07:08:35,851 [pool-49-thread-1] INFO  server.RaftServerConfigKeys (ConfUtils.java:logGet(43)) - raft.server.log.statemachine.data.sync = true (default)
2019-08-30 07:08:35,852 [pool-82-thread-1] INFO  impl.RaftServerImpl (RaftServerImpl.java:setRole(171)) - c6f80673-9b9b-48d9-974f-74d8c6e53dca:group-30E28E14A856 changes role from null to FOLLOWER at term 0 for startAsFollower
2019-08-30 07:08:35,852 [pool-27-thread-1] INFO  server.RaftServerConfigKeys (ConfUtils.java:logGet(43)) - raft.server.log.statemachine.data.sync = true (default)
2019-08-30 07:08:35,852 [pool-82-thread-1] INFO  impl.RoleInfo (RoleInfo.java:updateAndGet(143)) - c6f80673-9b9b-48d9-974f-74d8c6e53dca: start FollowerState
2019-08-30 07:08:35,852 [pool-49-thread-1] INFO  server.RaftServerConfigKeys (ConfUtils.java:logGet(43)) - raft.server.log.statemachine.data.sync.timeout = 10s (default)
2019-08-30 07:08:35,853 [pool-27-thread-1] INFO  server.RaftServerConfigKeys (ConfUtils.java:logGet(43)) - raft.server.log.statemachine.data.sync.timeout = 10s (default)
2019-08-30 07:08:35,853 [pool-82-thread-1] INFO  util.JmxRegister (JmxRegister.java:tryRegister(44)) - Successfully registered JMX Bean with object name Ratis:service=RaftServer,group=group-30E28E14A856,id=c6f80673-9b9b-48d9-974f-74d8c6e53dca
2019-08-30 07:08:35,853 [pool-49-thread-1] INFO  server.RaftServerConfigKeys (ConfUtils.java:logGet(43)) - raft.server.log.statemachine.data.sync.timeout.retry = -1 (default)
2019-08-30 07:08:35,853 [pool-27-thread-1] INFO  server.RaftServerConfigKeys (ConfUtils.java:logGet(43)) - raft.server.log.statemachine.data.sync.timeout.retry = -1 (default)
2019-08-30 07:08:35,854 [pool-49-thread-1] INFO  server.RaftServerConfigKeys (ConfUtils.java:logGet(43)) - raft.server.log.statemachine.data.caching.enabled = true (custom)
2019-08-30 07:08:35,854 [pool-27-thread-1] INFO  server.RaftServerConfigKeys (ConfUtils.java:logGet(43)) - raft.server.log.statemachine.data.caching.enabled = true (custom)
2019-08-30 07:08:35,854 [pool-49-thread-1] INFO  segmented.SegmentedRaftLogWorker (SegmentedRaftLogWorker.java:lambda$new$0(132)) - edec05a3-e2d1-4a21-a444-d2129c222199-SegmentedRaftLogWorker:Storage Directory /workdir/hadoop-ozone/integration-test/target/test-dir/MiniOzoneClusterImpl-c6ae54c1-d46d-4dd5-b528-c2e096086b9a/datanode-2/data/ratis/9296e8b7-22bf-47ce-8a81-30e28e14a856: flushIndex: setUnconditionally 0 -> -1
2019-08-30 07:08:35,854 [pool-27-thread-1] INFO  segmented.SegmentedRaftLogWorker (SegmentedRaftLogWorker.java:lambda$new$0(132)) - d4249830-50d0-4433-aac8-f817ef11b799-SegmentedRaftLogWorker:Storage Directory /workdir/hadoop-ozone/integration-test/target/test-dir/MiniOzoneClusterImpl-c6ae54c1-d46d-4dd5-b528-c2e096086b9a/datanode-0/data/ratis/9296e8b7-22bf-47ce-8a81-30e28e14a856: flushIndex: setUnconditionally 0 -> -1
2019-08-30 07:08:35,855 [pool-49-thread-1] INFO  server.RaftServerConfigKeys (ConfUtils.java:logGet(43)) - raft.server.snapshot.auto.trigger.enabled = true (custom)
2019-08-30 07:08:35,855 [pool-27-thread-1] INFO  server.RaftServerConfigKeys (ConfUtils.java:logGet(43)) - raft.server.snapshot.auto.trigger.enabled = true (custom)
2019-08-30 07:08:35,855 [pool-49-thread-1] INFO  server.RaftServerConfigKeys (ConfUtils.java:logGet(43)) - raft.server.snapshot.auto.trigger.threshold = 10000 (custom)
2019-08-30 07:08:35,855 [pool-27-thread-1] INFO  server.RaftServerConfigKeys (ConfUtils.java:logGet(43)) - raft.server.snapshot.auto.trigger.threshold = 10000 (custom)
2019-08-30 07:08:35,855 [pool-49-thread-1] INFO  server.RaftServerConfigKeys (ConfUtils.java:logGet(43)) - raft.server.retrycache.expirytime = 600000ms (custom)
2019-08-30 07:08:35,855 [pool-27-thread-1] INFO  server.RaftServerConfigKeys (ConfUtils.java:logGet(43)) - raft.server.retrycache.expirytime = 600000ms (custom)
2019-08-30 07:08:35,856 [pool-49-thread-1] INFO  impl.RaftServerImpl (RaftServerImpl.java:start(180)) - edec05a3-e2d1-4a21-a444-d2129c222199: start group-30E28E14A856
2019-08-30 07:08:35,856 [pool-27-thread-1] INFO  impl.RaftServerImpl (RaftServerImpl.java:start(180)) - d4249830-50d0-4433-aac8-f817ef11b799: start group-30E28E14A856
2019-08-30 07:08:35,856 [pool-49-thread-1] INFO  impl.RaftServerImpl (RaftServerImpl.java:setRole(171)) - edec05a3-e2d1-4a21-a444-d2129c222199:group-30E28E14A856 changes role from null to FOLLOWER at term 0 for startAsFollower
2019-08-30 07:08:35,856 [pool-27-thread-1] INFO  impl.RaftServerImpl (RaftServerImpl.java:setRole(171)) - d4249830-50d0-4433-aac8-f817ef11b799:group-30E28E14A856 changes role from null to FOLLOWER at term 0 for startAsFollower
2019-08-30 07:08:35,858 [pool-49-thread-1] INFO  impl.RoleInfo (RoleInfo.java:updateAndGet(143)) - edec05a3-e2d1-4a21-a444-d2129c222199: start FollowerState
2019-08-30 07:08:35,858 [pool-27-thread-1] INFO  impl.RoleInfo (RoleInfo.java:updateAndGet(143)) - d4249830-50d0-4433-aac8-f817ef11b799: start FollowerState
2019-08-30 07:08:35,858 [pool-49-thread-1] INFO  util.JmxRegister (JmxRegister.java:tryRegister(44)) - Successfully registered JMX Bean with object name Ratis:service=RaftServer,group=group-30E28E14A856,id=edec05a3-e2d1-4a21-a444-d2129c222199
2019-08-30 07:08:35,858 [pool-27-thread-1] INFO  util.JmxRegister (JmxRegister.java:tryRegister(44)) - Successfully registered JMX Bean with object name Ratis:service=RaftServer,group=group-30E28E14A856,id=d4249830-50d0-4433-aac8-f817ef11b799
2019-08-30 07:08:35,881 [RatisPipelineUtilsThread] INFO  pipeline.PipelineStateManager (PipelineStateManager.java:addPipeline(56)) - Created pipeline Pipeline[ Id: 9296e8b7-22bf-47ce-8a81-30e28e14a856, Nodes: d4249830-50d0-4433-aac8-f817ef11b799{ip: 192.168.5.156, host: pr-hdds-1569-5th2c-4253854396, networkLocation: /default-rack, certSerialId: null}c6f80673-9b9b-48d9-974f-74d8c6e53dca{ip: 192.168.5.156, host: pr-hdds-1569-5th2c-4253854396, networkLocation: /default-rack, certSerialId: null}edec05a3-e2d1-4a21-a444-d2129c222199{ip: 192.168.5.156, host: pr-hdds-1569-5th2c-4253854396, networkLocation: /default-rack, certSerialId: null}, Type:RATIS, Factor:THREE, State:OPEN]
2019-08-30 07:08:35,921 [grpc-default-executor-0] INFO  impl.RaftServerProxy (RaftServerProxy.java:addNew(89)) - bf8b2f5f-e1cf-4ce6-bf74-922538ef217e: addNew group-1121D3F08D0A:[f8a0b598-bd5c-4ec2-8ae7-5248ee7e527c:192.168.5.156:44827, bf8b2f5f-e1cf-4ce6-bf74-922538ef217e:192.168.5.156:41260, 1f602086-e1ee-4a4e-927c-1e6b555c2f2b:192.168.5.156:39893] returns group-1121D3F08D0A:java.util.concurrent.CompletableFuture@2a6cadc9[Not completed]
2019-08-30 07:08:35,921 [grpc-default-executor-2] INFO  impl.RaftServerProxy (RaftServerProxy.java:addNew(89)) - 1f602086-e1ee-4a4e-927c-1e6b555c2f2b: addNew group-1121D3F08D0A:[f8a0b598-bd5c-4ec2-8ae7-5248ee7e527c:192.168.5.156:44827, bf8b2f5f-e1cf-4ce6-bf74-922538ef217e:192.168.5.156:41260, 1f602086-e1ee-4a4e-927c-1e6b555c2f2b:192.168.5.156:39893] returns group-1121D3F08D0A:java.util.concurrent.CompletableFuture@79f66134[Not completed]
2019-08-30 07:08:35,926 [grpc-default-executor-2] INFO  impl.RaftServerProxy (RaftServerProxy.java:addNew(89)) - f8a0b598-bd5c-4ec2-8ae7-5248ee7e527c: addNew group-1121D3F08D0A:[f8a0b598-bd5c-4ec2-8ae7-5248ee7e527c:192.168.5.156:44827, bf8b2f5f-e1cf-4ce6-bf74-922538ef217e:192.168.5.156:41260, 1f602086-e1ee-4a4e-927c-1e6b555c2f2b:192.168.5.156:39893] returns group-1121D3F08D0A:java.util.concurrent.CompletableFuture@1e10b40[Not completed]
2019-08-30 07:08:35,928 [pool-71-thread-1] INFO  impl.RaftServerImpl (RaftServerImpl.java:<init>(93)) - bf8b2f5f-e1cf-4ce6-bf74-922538ef217e: new RaftServerImpl for group-1121D3F08D0A:[f8a0b598-bd5c-4ec2-8ae7-5248ee7e527c:192.168.5.156:44827, bf8b2f5f-e1cf-4ce6-bf74-922538ef217e:192.168.5.156:41260, 1f602086-e1ee-4a4e-927c-1e6b555c2f2b:192.168.5.156:39893] with ContainerStateMachine:uninitialized
2019-08-30 07:08:35,928 [pool-71-thread-1] INFO  server.RaftServerConfigKeys (ConfUtils.java:logGet(43)) - raft.server.rpc.timeout.min = 5s (custom)
2019-08-30 07:08:35,928 [pool-71-thread-1] INFO  server.RaftServerConfigKeys (ConfUtils.java:logGet(43)) - raft.server.rpc.timeout.max = 5200ms (custom)
2019-08-30 07:08:35,928 [pool-71-thread-1] INFO  server.RaftServerConfigKeys (ConfUtils.java:logGet(43)) - raft.server.rpcslowness.timeout = 120s (custom)
2019-08-30 07:08:35,928 [pool-71-thread-1] INFO  server.RaftServerConfigKeys (ConfUtils.java:logGet(43)) - raft.server.sleep.deviation.threshold = 300 (default)
2019-08-30 07:08:35,928 [pool-71-thread-1] INFO  server.RaftServerConfigKeys (ConfUtils.java:logGet(43)) - raft.server.log.appender.install.snapshot.enabled = false (custom)
2019-08-30 07:08:35,929 [pool-60-thread-1] INFO  impl.RaftServerImpl (RaftServerImpl.java:<init>(93)) - f8a0b598-bd5c-4ec2-8ae7-5248ee7e527c: new RaftServerImpl for group-1121D3F08D0A:[f8a0b598-bd5c-4ec2-8ae7-5248ee7e527c:192.168.5.156:44827, bf8b2f5f-e1cf-4ce6-bf74-922538ef217e:192.168.5.156:41260, 1f602086-e1ee-4a4e-927c-1e6b555c2f2b:192.168.5.156:39893] with ContainerStateMachine:uninitialized
2019-08-30 07:08:35,929 [pool-71-thread-1] INFO  impl.RaftServerImpl (ServerState.java:<init>(105)) - bf8b2f5f-e1cf-4ce6-bf74-922538ef217e:group-1121D3F08D0A ConfigurationManager, init=-1: [f8a0b598-bd5c-4ec2-8ae7-5248ee7e527c:192.168.5.156:44827, bf8b2f5f-e1cf-4ce6-bf74-922538ef217e:192.168.5.156:41260, 1f602086-e1ee-4a4e-927c-1e6b555c2f2b:192.168.5.156:39893], old=null, confs=<EMPTY_MAP>
2019-08-30 07:08:35,929 [pool-60-thread-1] INFO  server.RaftServerConfigKeys (ConfUtils.java:logGet(43)) - raft.server.rpc.timeout.min = 5s (custom)
2019-08-30 07:08:35,929 [pool-71-thread-1] INFO  server.RaftServerConfigKeys (ConfUtils.java:logGet(43)) - raft.server.storage.dir = [/workdir/hadoop-ozone/integration-test/target/test-dir/MiniOzoneClusterImpl-c6ae54c1-d46d-4dd5-b528-c2e096086b9a/datanode-4/data/ratis] (custom)
2019-08-30 07:08:35,929 [pool-60-thread-1] INFO  server.RaftServerConfigKeys (ConfUtils.java:logGet(43)) - raft.server.rpc.timeout.max = 5200ms (custom)
2019-08-30 07:08:35,930 [pool-60-thread-1] INFO  server.RaftServerConfigKeys (ConfUtils.java:logGet(43)) - raft.server.rpcslowness.timeout = 120s (custom)
2019-08-30 07:08:35,930 [pool-71-thread-1] INFO  storage.RaftStorageDirectory (RaftStorageDirectory.java:analyzeStorage(246)) - The storage directory /workdir/hadoop-ozone/integration-test/target/test-dir/MiniOzoneClusterImpl-c6ae54c1-d46d-4dd5-b528-c2e096086b9a/datanode-4/data/ratis/11123a4e-fbaa-4134-88fc-1121d3f08d0a does not exist. Creating ...
2019-08-30 07:08:35,930 [pool-60-thread-1] INFO  server.RaftServerConfigKeys (ConfUtils.java:logGet(43)) - raft.server.sleep.deviation.threshold = 300 (default)
2019-08-30 07:08:35,930 [pool-60-thread-1] INFO  server.RaftServerConfigKeys (ConfUtils.java:logGet(43)) - raft.server.log.appender.install.snapshot.enabled = false (custom)
2019-08-30 07:08:35,930 [pool-60-thread-1] INFO  impl.RaftServerImpl (ServerState.java:<init>(105)) - f8a0b598-bd5c-4ec2-8ae7-5248ee7e527c:group-1121D3F08D0A ConfigurationManager, init=-1: [f8a0b598-bd5c-4ec2-8ae7-5248ee7e527c:192.168.5.156:44827, bf8b2f5f-e1cf-4ce6-bf74-922538ef217e:192.168.5.156:41260, 1f602086-e1ee-4a4e-927c-1e6b555c2f2b:192.168.5.156:39893], old=null, confs=<EMPTY_MAP>
2019-08-30 07:08:35,930 [pool-93-thread-1] INFO  impl.RaftServerImpl (RaftServerImpl.java:<init>(93)) - 1f602086-e1ee-4a4e-927c-1e6b555c2f2b: new RaftServerImpl for group-1121D3F08D0A:[f8a0b598-bd5c-4ec2-8ae7-5248ee7e527c:192.168.5.156:44827, bf8b2f5f-e1cf-4ce6-bf74-922538ef217e:192.168.5.156:41260, 1f602086-e1ee-4a4e-927c-1e6b555c2f2b:192.168.5.156:39893] with ContainerStateMachine:uninitialized
2019-08-30 07:08:35,931 [pool-60-thread-1] INFO  server.RaftServerConfigKeys (ConfUtils.java:logGet(43)) - raft.server.storage.dir = [/workdir/hadoop-ozone/integration-test/target/test-dir/MiniOzoneClusterImpl-c6ae54c1-d46d-4dd5-b528-c2e096086b9a/datanode-3/data/ratis] (custom)
2019-08-30 07:08:35,931 [pool-93-thread-1] INFO  server.RaftServerConfigKeys (ConfUtils.java:logGet(43)) - raft.server.rpc.timeout.min = 5s (custom)
2019-08-30 07:08:35,931 [pool-93-thread-1] INFO  server.RaftServerConfigKeys (ConfUtils.java:logGet(43)) - raft.server.rpc.timeout.max = 5200ms (custom)
2019-08-30 07:08:35,931 [pool-60-thread-1] INFO  storage.RaftStorageDirectory (RaftStorageDirectory.java:analyzeStorage(246)) - The storage directory /workdir/hadoop-ozone/integration-test/target/test-dir/MiniOzoneClusterImpl-c6ae54c1-d46d-4dd5-b528-c2e096086b9a/datanode-3/data/ratis/11123a4e-fbaa-4134-88fc-1121d3f08d0a does not exist. Creating ...
2019-08-30 07:08:35,931 [pool-93-thread-1] INFO  server.RaftServerConfigKeys (ConfUtils.java:logGet(43)) - raft.server.rpcslowness.timeout = 120s (custom)
2019-08-30 07:08:35,932 [pool-93-thread-1] INFO  server.RaftServerConfigKeys (ConfUtils.java:logGet(43)) - raft.server.sleep.deviation.threshold = 300 (default)
2019-08-30 07:08:35,932 [pool-93-thread-1] INFO  server.RaftServerConfigKeys (ConfUtils.java:logGet(43)) - raft.server.log.appender.install.snapshot.enabled = false (custom)
2019-08-30 07:08:35,932 [pool-93-thread-1] INFO  impl.RaftServerImpl (ServerState.java:<init>(105)) - 1f602086-e1ee-4a4e-927c-1e6b555c2f2b:group-1121D3F08D0A ConfigurationManager, init=-1: [f8a0b598-bd5c-4ec2-8ae7-5248ee7e527c:192.168.5.156:44827, bf8b2f5f-e1cf-4ce6-bf74-922538ef217e:192.168.5.156:41260, 1f602086-e1ee-4a4e-927c-1e6b555c2f2b:192.168.5.156:39893], old=null, confs=<EMPTY_MAP>
2019-08-30 07:08:35,932 [pool-93-thread-1] INFO  server.RaftServerConfigKeys (ConfUtils.java:logGet(43)) - raft.server.storage.dir = [/workdir/hadoop-ozone/integration-test/target/test-dir/MiniOzoneClusterImpl-c6ae54c1-d46d-4dd5-b528-c2e096086b9a/datanode-6/data/ratis] (custom)
2019-08-30 07:08:35,933 [pool-93-thread-1] INFO  storage.RaftStorageDirectory (RaftStorageDirectory.java:analyzeStorage(246)) - The storage directory /workdir/hadoop-ozone/integration-test/target/test-dir/MiniOzoneClusterImpl-c6ae54c1-d46d-4dd5-b528-c2e096086b9a/datanode-6/data/ratis/11123a4e-fbaa-4134-88fc-1121d3f08d0a does not exist. Creating ...
2019-08-30 07:08:35,954 | INFO  | SCMAudit | user=jenkins1000 | ip=192.168.5.156 | op=SEND_HEARTBEAT {datanodeUUID=a4417465-4f8a-4a39-91d4-515e5517d525, command=[]} | ret=SUCCESS |  
2019-08-30 07:08:35,955 [pool-60-thread-1] INFO  storage.RaftStorageDirectory (RaftStorageDirectory.java:tryLock(328)) - Lock on /workdir/hadoop-ozone/integration-test/target/test-dir/MiniOzoneClusterImpl-c6ae54c1-d46d-4dd5-b528-c2e096086b9a/datanode-3/data/ratis/11123a4e-fbaa-4134-88fc-1121d3f08d0a/in_use.lock acquired by nodename 26559@pr-hdds-1569-5th2c-4253854396
2019-08-30 07:08:35,955 [pool-93-thread-1] INFO  storage.RaftStorageDirectory (RaftStorageDirectory.java:tryLock(328)) - Lock on /workdir/hadoop-ozone/integration-test/target/test-dir/MiniOzoneClusterImpl-c6ae54c1-d46d-4dd5-b528-c2e096086b9a/datanode-6/data/ratis/11123a4e-fbaa-4134-88fc-1121d3f08d0a/in_use.lock acquired by nodename 26559@pr-hdds-1569-5th2c-4253854396
2019-08-30 07:08:35,955 [pool-71-thread-1] INFO  storage.RaftStorageDirectory (RaftStorageDirectory.java:tryLock(328)) - Lock on /workdir/hadoop-ozone/integration-test/target/test-dir/MiniOzoneClusterImpl-c6ae54c1-d46d-4dd5-b528-c2e096086b9a/datanode-4/data/ratis/11123a4e-fbaa-4134-88fc-1121d3f08d0a/in_use.lock acquired by nodename 26559@pr-hdds-1569-5th2c-4253854396
2019-08-30 07:08:35,982 [pool-60-thread-1] INFO  storage.RaftStorage (RaftStorage.java:format(72)) - Storage directory /workdir/hadoop-ozone/integration-test/target/test-dir/MiniOzoneClusterImpl-c6ae54c1-d46d-4dd5-b528-c2e096086b9a/datanode-3/data/ratis/11123a4e-fbaa-4134-88fc-1121d3f08d0a has been successfully formatted.
2019-08-30 07:08:35,982 [pool-71-thread-1] INFO  storage.RaftStorage (RaftStorage.java:format(72)) - Storage directory /workdir/hadoop-ozone/integration-test/target/test-dir/MiniOzoneClusterImpl-c6ae54c1-d46d-4dd5-b528-c2e096086b9a/datanode-4/data/ratis/11123a4e-fbaa-4134-88fc-1121d3f08d0a has been successfully formatted.
2019-08-30 07:08:35,982 [pool-93-thread-1] INFO  storage.RaftStorage (RaftStorage.java:format(72)) - Storage directory /workdir/hadoop-ozone/integration-test/target/test-dir/MiniOzoneClusterImpl-c6ae54c1-d46d-4dd5-b528-c2e096086b9a/datanode-6/data/ratis/11123a4e-fbaa-4134-88fc-1121d3f08d0a has been successfully formatted.
2019-08-30 07:08:35,983 [pool-71-thread-1] INFO  ratis.ContainerStateMachine (ContainerStateMachine.java:loadSnapshot(226)) - group-1121D3F08D0A: The snapshot info is null. Setting the last applied indexto:(t:0, i:~)
2019-08-30 07:08:35,983 [pool-60-thread-1] INFO  ratis.ContainerStateMachine (ContainerStateMachine.java:loadSnapshot(226)) - group-1121D3F08D0A: The snapshot info is null. Setting the last applied indexto:(t:0, i:~)
2019-08-30 07:08:35,983 [pool-71-thread-1] INFO  server.RaftServerConfigKeys (ConfUtils.java:logGet(43)) - raft.server.leader.election.timeout = 120s (custom)
2019-08-30 07:08:35,983 [pool-93-thread-1] INFO  ratis.ContainerStateMachine (ContainerStateMachine.java:loadSnapshot(226)) - group-1121D3F08D0A: The snapshot info is null. Setting the last applied indexto:(t:0, i:~)
2019-08-30 07:08:35,983 [pool-71-thread-1] INFO  server.RaftServerConfigKeys (ConfUtils.java:logGet(43)) - raft.server.log.use.memory = false (default)
2019-08-30 07:08:35,983 [pool-60-thread-1] INFO  server.RaftServerConfigKeys (ConfUtils.java:logGet(43)) - raft.server.leader.election.timeout = 120s (custom)
2019-08-30 07:08:35,984 [pool-71-thread-1] INFO  server.RaftServerConfigKeys (ConfUtils.java:logGet(43)) - raft.server.log.purge.gap = 1000000 (custom)
2019-08-30 07:08:35,984 [pool-93-thread-1] INFO  server.RaftServerConfigKeys (ConfUtils.java:logGet(43)) - raft.server.leader.election.timeout = 120s (custom)
2019-08-30 07:08:35,984 [pool-71-thread-1] INFO  server.RaftServerConfigKeys (ConfUtils.java:logGet(43)) - raft.server.log.appender.buffer.byte-limit = 33554432 (custom)
2019-08-30 07:08:35,984 [pool-60-thread-1] INFO  server.RaftServerConfigKeys (ConfUtils.java:logGet(43)) - raft.server.log.use.memory = false (default)
2019-08-30 07:08:35,985 [pool-71-thread-1] INFO  server.RaftServerConfigKeys (ConfUtils.java:logGet(43)) - raft.server.log.segment.size.max = 1048576 (custom)
2019-08-30 07:08:35,984 [pool-93-thread-1] INFO  server.RaftServerConfigKeys (ConfUtils.java:logGet(43)) - raft.server.log.use.memory = false (default)
2019-08-30 07:08:35,985 [pool-71-thread-1] INFO  server.RaftServerConfigKeys (ConfUtils.java:logGet(43)) - raft.server.log.segment.cache.num.max = 2 (custom)
2019-08-30 07:08:35,985 [pool-60-thread-1] INFO  server.RaftServerConfigKeys (ConfUtils.java:logGet(43)) - raft.server.log.purge.gap = 1000000 (custom)
2019-08-30 07:08:35,985 [pool-71-thread-1] INFO  segmented.SegmentedRaftLogWorker (SegmentedRaftLogWorker.java:<init>(172)) - new bf8b2f5f-e1cf-4ce6-bf74-922538ef217e-SegmentedRaftLogWorker:Storage Directory /workdir/hadoop-ozone/integration-test/target/test-dir/MiniOzoneClusterImpl-c6ae54c1-d46d-4dd5-b528-c2e096086b9a/datanode-4/data/ratis/11123a4e-fbaa-4134-88fc-1121d3f08d0a for RaftStorage:Storage Directory /workdir/hadoop-ozone/integration-test/target/test-dir/MiniOzoneClusterImpl-c6ae54c1-d46d-4dd5-b528-c2e096086b9a/datanode-4/data/ratis/11123a4e-fbaa-4134-88fc-1121d3f08d0a
2019-08-30 07:08:35,985 [pool-93-thread-1] INFO  server.RaftServerConfigKeys (ConfUtils.java:logGet(43)) - raft.server.log.purge.gap = 1000000 (custom)
2019-08-30 07:08:35,986 [pool-71-thread-1] INFO  server.RaftServerConfigKeys (ConfUtils.java:logGet(43)) - raft.server.log.queue.byte-limit = 2147483647 (custom)
2019-08-30 07:08:35,985 [pool-60-thread-1] INFO  server.RaftServerConfigKeys (ConfUtils.java:logGet(43)) - raft.server.log.appender.buffer.byte-limit = 33554432 (custom)
2019-08-30 07:08:35,988 [pool-71-thread-1] INFO  server.RaftServerConfigKeys (ConfUtils.java:logGet(43)) - raft.server.log.queue.element-limit = 1024 (custom)
2019-08-30 07:08:35,988 [pool-93-thread-1] INFO  server.RaftServerConfigKeys (ConfUtils.java:logGet(43)) - raft.server.log.appender.buffer.byte-limit = 33554432 (custom)
2019-08-30 07:08:35,988 [pool-71-thread-1] INFO  server.RaftServerConfigKeys (ConfUtils.java:logGet(43)) - raft.server.log.segment.size.max = 1048576 (custom)
2019-08-30 07:08:35,988 [pool-60-thread-1] INFO  server.RaftServerConfigKeys (ConfUtils.java:logGet(43)) - raft.server.log.segment.size.max = 1048576 (custom)
2019-08-30 07:08:35,989 [pool-71-thread-1] INFO  server.RaftServerConfigKeys (ConfUtils.java:logGet(43)) - raft.server.log.preallocated.size = 16384 (custom)
2019-08-30 07:08:35,989 [pool-93-thread-1] INFO  server.RaftServerConfigKeys (ConfUtils.java:logGet(43)) - raft.server.log.segment.size.max = 1048576 (custom)
2019-08-30 07:08:35,989 [pool-71-thread-1] INFO  server.RaftServerConfigKeys (ConfUtils.java:logGet(43)) - raft.server.log.write.buffer.size = 33554432 (custom)
2019-08-30 07:08:35,989 [pool-60-thread-1] INFO  server.RaftServerConfigKeys (ConfUtils.java:logGet(43)) - raft.server.log.segment.cache.num.max = 2 (custom)
2019-08-30 07:08:35,989 [pool-71-thread-1] INFO  server.RaftServerConfigKeys (ConfUtils.java:logGet(43)) - raft.server.log.force.sync.num = 128 (default)
2019-08-30 07:08:35,989 [pool-93-thread-1] INFO  server.RaftServerConfigKeys (ConfUtils.java:logGet(43)) - raft.server.log.segment.cache.num.max = 2 (custom)
2019-08-30 07:08:35,990 [pool-71-thread-1] INFO  server.RaftServerConfigKeys (ConfUtils.java:logGet(43)) - raft.server.log.statemachine.data.sync = true (default)
2019-08-30 07:08:35,990 [pool-60-thread-1] INFO  segmented.SegmentedRaftLogWorker (SegmentedRaftLogWorker.java:<init>(172)) - new f8a0b598-bd5c-4ec2-8ae7-5248ee7e527c-SegmentedRaftLogWorker:Storage Directory /workdir/hadoop-ozone/integration-test/target/test-dir/MiniOzoneClusterImpl-c6ae54c1-d46d-4dd5-b528-c2e096086b9a/datanode-3/data/ratis/11123a4e-fbaa-4134-88fc-1121d3f08d0a for RaftStorage:Storage Directory /workdir/hadoop-ozone/integration-test/target/test-dir/MiniOzoneClusterImpl-c6ae54c1-d46d-4dd5-b528-c2e096086b9a/datanode-3/data/ratis/11123a4e-fbaa-4134-88fc-1121d3f08d0a
2019-08-30 07:08:35,990 [pool-71-thread-1] INFO  server.RaftServerConfigKeys (ConfUtils.java:logGet(43)) - raft.server.log.statemachine.data.sync.timeout = 10s (default)
2019-08-30 07:08:35,990 [pool-93-thread-1] INFO  segmented.SegmentedRaftLogWorker (SegmentedRaftLogWorker.java:<init>(172)) - new 1f602086-e1ee-4a4e-927c-1e6b555c2f2b-SegmentedRaftLogWorker:Storage Directory /workdir/hadoop-ozone/integration-test/target/test-dir/MiniOzoneClusterImpl-c6ae54c1-d46d-4dd5-b528-c2e096086b9a/datanode-6/data/ratis/11123a4e-fbaa-4134-88fc-1121d3f08d0a for RaftStorage:Storage Directory /workdir/hadoop-ozone/integration-test/target/test-dir/MiniOzoneClusterImpl-c6ae54c1-d46d-4dd5-b528-c2e096086b9a/datanode-6/data/ratis/11123a4e-fbaa-4134-88fc-1121d3f08d0a
2019-08-30 07:08:35,991 [pool-71-thread-1] INFO  server.RaftServerConfigKeys (ConfUtils.java:logGet(43)) - raft.server.log.statemachine.data.sync.timeout.retry = -1 (default)
2019-08-30 07:08:35,990 [pool-60-thread-1] INFO  server.RaftServerConfigKeys (ConfUtils.java:logGet(43)) - raft.server.log.queue.byte-limit = 2147483647 (custom)
2019-08-30 07:08:35,992 [pool-93-thread-1] INFO  server.RaftServerConfigKeys (ConfUtils.java:logGet(43)) - raft.server.log.queue.byte-limit = 2147483647 (custom)
2019-08-30 07:08:35,994 [pool-71-thread-1] INFO  server.RaftServerConfigKeys (ConfUtils.java:logGet(43)) - raft.server.log.statemachine.data.caching.enabled = true (custom)
2019-08-30 07:08:35,994 [pool-60-thread-1] INFO  server.RaftServerConfigKeys (ConfUtils.java:logGet(43)) - raft.server.log.queue.element-limit = 1024 (custom)
2019-08-30 07:08:35,995 [pool-93-thread-1] INFO  server.RaftServerConfigKeys (ConfUtils.java:logGet(43)) - raft.server.log.queue.element-limit = 1024 (custom)
2019-08-30 07:08:35,995 [pool-71-thread-1] INFO  segmented.SegmentedRaftLogWorker (SegmentedRaftLogWorker.java:lambda$new$0(132)) - bf8b2f5f-e1cf-4ce6-bf74-922538ef217e-SegmentedRaftLogWorker:Storage Directory /workdir/hadoop-ozone/integration-test/target/test-dir/MiniOzoneClusterImpl-c6ae54c1-d46d-4dd5-b528-c2e096086b9a/datanode-4/data/ratis/11123a4e-fbaa-4134-88fc-1121d3f08d0a: flushIndex: setUnconditionally 0 -> -1
2019-08-30 07:08:35,995 [pool-60-thread-1] INFO  server.RaftServerConfigKeys (ConfUtils.java:logGet(43)) - raft.server.log.segment.size.max = 1048576 (custom)
2019-08-30 07:08:35,995 [pool-93-thread-1] INFO  server.RaftServerConfigKeys (ConfUtils.java:logGet(43)) - raft.server.log.segment.size.max = 1048576 (custom)
2019-08-30 07:08:35,996 [pool-71-thread-1] INFO  server.RaftServerConfigKeys (ConfUtils.java:logGet(43)) - raft.server.snapshot.auto.trigger.enabled = true (custom)
2019-08-30 07:08:35,995 [pool-60-thread-1] INFO  server.RaftServerConfigKeys (ConfUtils.java:logGet(43)) - raft.server.log.preallocated.size = 16384 (custom)
2019-08-30 07:08:35,996 [pool-71-thread-1] INFO  server.RaftServerConfigKeys (ConfUtils.java:logGet(43)) - raft.server.snapshot.auto.trigger.threshold = 10000 (custom)
2019-08-30 07:08:35,996 [pool-93-thread-1] INFO  server.RaftServerConfigKeys (ConfUtils.java:logGet(43)) - raft.server.log.preallocated.size = 16384 (custom)
2019-08-30 07:08:35,996 [pool-71-thread-1] INFO  server.RaftServerConfigKeys (ConfUtils.java:logGet(43)) - raft.server.retrycache.expirytime = 600000ms (custom)
2019-08-30 07:08:35,996 [pool-60-thread-1] INFO  server.RaftServerConfigKeys (ConfUtils.java:logGet(43)) - raft.server.log.write.buffer.size = 33554432 (custom)
2019-08-30 07:08:35,997 [pool-71-thread-1] INFO  impl.RaftServerImpl (RaftServerImpl.java:start(180)) - bf8b2f5f-e1cf-4ce6-bf74-922538ef217e: start group-1121D3F08D0A
2019-08-30 07:08:35,996 [pool-93-thread-1] INFO  server.RaftServerConfigKeys (ConfUtils.java:logGet(43)) - raft.server.log.write.buffer.size = 33554432 (custom)
2019-08-30 07:08:35,997 [pool-71-thread-1] INFO  impl.RaftServerImpl (RaftServerImpl.java:setRole(171)) - bf8b2f5f-e1cf-4ce6-bf74-922538ef217e:group-1121D3F08D0A changes role from null to FOLLOWER at term 0 for startAsFollower
2019-08-30 07:08:35,997 [pool-60-thread-1] INFO  server.RaftServerConfigKeys (ConfUtils.java:logGet(43)) - raft.server.log.force.sync.num = 128 (default)
2019-08-30 07:08:35,997 [pool-71-thread-1] INFO  impl.RoleInfo (RoleInfo.java:updateAndGet(143)) - bf8b2f5f-e1cf-4ce6-bf74-922538ef217e: start FollowerState
2019-08-30 07:08:35,997 [pool-93-thread-1] INFO  server.RaftServerConfigKeys (ConfUtils.java:logGet(43)) - raft.server.log.force.sync.num = 128 (default)
2019-08-30 07:08:35,997 [pool-60-thread-1] INFO  server.RaftServerConfigKeys (ConfUtils.java:logGet(43)) - raft.server.log.statemachine.data.sync = true (default)
2019-08-30 07:08:35,998 [pool-93-thread-1] INFO  server.RaftServerConfigKeys (ConfUtils.java:logGet(43)) - raft.server.log.statemachine.data.sync = true (default)
2019-08-30 07:08:35,998 [pool-60-thread-1] INFO  server.RaftServerConfigKeys (ConfUtils.java:logGet(43)) - raft.server.log.statemachine.data.sync.timeout = 10s (default)
2019-08-30 07:08:35,998 [pool-71-thread-1] INFO  util.JmxRegister (JmxRegister.java:tryRegister(44)) - Successfully registered JMX Bean with object name Ratis:service=RaftServer,group=group-1121D3F08D0A,id=bf8b2f5f-e1cf-4ce6-bf74-922538ef217e
2019-08-30 07:08:35,998 [pool-60-thread-1] INFO  server.RaftServerConfigKeys (ConfUtils.java:logGet(43)) - raft.server.log.statemachine.data.sync.timeout.retry = -1 (default)
2019-08-30 07:08:35,998 [pool-93-thread-1] INFO  server.RaftServerConfigKeys (ConfUtils.java:logGet(43)) - raft.server.log.statemachine.data.sync.timeout = 10s (default)
2019-08-30 07:08:35,998 [pool-60-thread-1] INFO  server.RaftServerConfigKeys (ConfUtils.java:logGet(43)) - raft.server.log.statemachine.data.caching.enabled = true (custom)
2019-08-30 07:08:35,999 [pool-93-thread-1] INFO  server.RaftServerConfigKeys (ConfUtils.java:logGet(43)) - raft.server.log.statemachine.data.sync.timeout.retry = -1 (default)
2019-08-30 07:08:35,999 [pool-60-thread-1] INFO  segmented.SegmentedRaftLogWorker (SegmentedRaftLogWorker.java:lambda$new$0(132)) - f8a0b598-bd5c-4ec2-8ae7-5248ee7e527c-SegmentedRaftLogWorker:Storage Directory /workdir/hadoop-ozone/integration-test/target/test-dir/MiniOzoneClusterImpl-c6ae54c1-d46d-4dd5-b528-c2e096086b9a/datanode-3/data/ratis/11123a4e-fbaa-4134-88fc-1121d3f08d0a: flushIndex: setUnconditionally 0 -> -1
2019-08-30 07:08:35,999 [pool-93-thread-1] INFO  server.RaftServerConfigKeys (ConfUtils.java:logGet(43)) - raft.server.log.statemachine.data.caching.enabled = true (custom)
2019-08-30 07:08:35,999 [pool-60-thread-1] INFO  server.RaftServerConfigKeys (ConfUtils.java:logGet(43)) - raft.server.snapshot.auto.trigger.enabled = true (custom)
2019-08-30 07:08:35,999 [pool-60-thread-1] INFO  server.RaftServerConfigKeys (ConfUtils.java:logGet(43)) - raft.server.snapshot.auto.trigger.threshold = 10000 (custom)
2019-08-30 07:08:36,000 [pool-93-thread-1] INFO  segmented.SegmentedRaftLogWorker (SegmentedRaftLogWorker.java:lambda$new$0(132)) - 1f602086-e1ee-4a4e-927c-1e6b555c2f2b-SegmentedRaftLogWorker:Storage Directory /workdir/hadoop-ozone/integration-test/target/test-dir/MiniOzoneClusterImpl-c6ae54c1-d46d-4dd5-b528-c2e096086b9a/datanode-6/data/ratis/11123a4e-fbaa-4134-88fc-1121d3f08d0a: flushIndex: setUnconditionally 0 -> -1
2019-08-30 07:08:36,000 [pool-60-thread-1] INFO  server.RaftServerConfigKeys (ConfUtils.java:logGet(43)) - raft.server.retrycache.expirytime = 600000ms (custom)
2019-08-30 07:08:36,000 [pool-93-thread-1] INFO  server.RaftServerConfigKeys (ConfUtils.java:logGet(43)) - raft.server.snapshot.auto.trigger.enabled = true (custom)
2019-08-30 07:08:36,000 [pool-60-thread-1] INFO  impl.RaftServerImpl (RaftServerImpl.java:start(180)) - f8a0b598-bd5c-4ec2-8ae7-5248ee7e527c: start group-1121D3F08D0A
2019-08-30 07:08:36,002 [pool-93-thread-1] INFO  server.RaftServerConfigKeys (ConfUtils.java:logGet(43)) - raft.server.snapshot.auto.trigger.threshold = 10000 (custom)
2019-08-30 07:08:36,002 [pool-60-thread-1] INFO  impl.RaftServerImpl (RaftServerImpl.java:setRole(171)) - f8a0b598-bd5c-4ec2-8ae7-5248ee7e527c:group-1121D3F08D0A changes role from null to FOLLOWER at term 0 for startAsFollower
2019-08-30 07:08:36,002 [pool-93-thread-1] INFO  server.RaftServerConfigKeys (ConfUtils.java:logGet(43)) - raft.server.retrycache.expirytime = 600000ms (custom)
2019-08-30 07:08:36,002 [pool-60-thread-1] INFO  impl.RoleInfo (RoleInfo.java:updateAndGet(143)) - f8a0b598-bd5c-4ec2-8ae7-5248ee7e527c: start FollowerState
2019-08-30 07:08:36,002 [pool-93-thread-1] INFO  impl.RaftServerImpl (RaftServerImpl.java:start(180)) - 1f602086-e1ee-4a4e-927c-1e6b555c2f2b: start group-1121D3F08D0A
2019-08-30 07:08:36,003 [pool-93-thread-1] INFO  impl.RaftServerImpl (RaftServerImpl.java:setRole(171)) - 1f602086-e1ee-4a4e-927c-1e6b555c2f2b:group-1121D3F08D0A changes role from null to FOLLOWER at term 0 for startAsFollower
2019-08-30 07:08:36,003 [pool-60-thread-1] INFO  util.JmxRegister (JmxRegister.java:tryRegister(44)) - Successfully registered JMX Bean with object name Ratis:service=RaftServer,group=group-1121D3F08D0A,id=f8a0b598-bd5c-4ec2-8ae7-5248ee7e527c
2019-08-30 07:08:36,003 [pool-93-thread-1] INFO  impl.RoleInfo (RoleInfo.java:updateAndGet(143)) - 1f602086-e1ee-4a4e-927c-1e6b555c2f2b: start FollowerState
2019-08-30 07:08:36,005 [pool-93-thread-1] INFO  util.JmxRegister (JmxRegister.java:tryRegister(44)) - Successfully registered JMX Bean with object name Ratis:service=RaftServer,group=group-1121D3F08D0A,id=1f602086-e1ee-4a4e-927c-1e6b555c2f2b
2019-08-30 07:08:36,020 [RatisPipelineUtilsThread] INFO  pipeline.PipelineStateManager (PipelineStateManager.java:addPipeline(56)) - Created pipeline Pipeline[ Id: 11123a4e-fbaa-4134-88fc-1121d3f08d0a, Nodes: 1f602086-e1ee-4a4e-927c-1e6b555c2f2b{ip: 192.168.5.156, host: pr-hdds-1569-5th2c-4253854396, networkLocation: /default-rack, certSerialId: null}f8a0b598-bd5c-4ec2-8ae7-5248ee7e527c{ip: 192.168.5.156, host: pr-hdds-1569-5th2c-4253854396, networkLocation: /default-rack, certSerialId: null}bf8b2f5f-e1cf-4ce6-bf74-922538ef217e{ip: 192.168.5.156, host: pr-hdds-1569-5th2c-4253854396, networkLocation: /default-rack, certSerialId: null}, Type:RATIS, Factor:THREE, State:OPEN]
2019-08-30 07:08:36,039 | INFO  | SCMAudit | user=jenkins1000 | ip=192.168.5.156 | op=ALLOCATE_BLOCK {owner=8d03ab57-9021-4a6c-8eca-7a26679f7d61, size=800, type=RATIS, factor=THREE} | ret=SUCCESS |  
2019-08-30 07:08:36,060 | INFO  | OMAudit | user=jenkins1000 | ip=127.0.0.1 | op=ALLOCATE_KEY {volume=testblockoutputstream, bucket=testblockoutputstream, key=a5bafa3b-01e9-40e2-88bd-8b84d080602c, dataSize=0, replicationType=RATIS, replicationFactor=THREE, keyLocationInfo=null} | ret=SUCCESS |  
2019-08-30 07:08:36,151 | INFO  | SCMAudit | user=jenkins1000 | ip=192.168.5.156 | op=SEND_HEARTBEAT {datanodeUUID=edec05a3-e2d1-4a21-a444-d2129c222199, command=[]} | ret=SUCCESS |  
2019-08-30 07:08:36,198 [grpc-default-executor-2] INFO  client.GrpcClientProtocolClient (GrpcClientProtocolClient.java:onNext(255)) - client-DE863DE2B8EA->d4249830-50d0-4433-aac8-f817ef11b799: receive RaftClientReply:client-DE863DE2B8EA->d4249830-50d0-4433-aac8-f817ef11b799@group-30E28E14A856, cid=13, FAILED org.apache.ratis.protocol.NotLeaderException: Server d4249830-50d0-4433-aac8-f817ef11b799 is not the leader (null). Request must be sent to leader., logIndex=0, commits[d4249830-50d0-4433-aac8-f817ef11b799:c-1]
2019-08-30 07:08:36,576 | INFO  | SCMAudit | user=jenkins1000 | ip=192.168.5.156 | op=SEND_HEARTBEAT {datanodeUUID=bf8b2f5f-e1cf-4ce6-bf74-922538ef217e, command=[]} | ret=SUCCESS |  
2019-08-30 07:08:36,576 | INFO  | SCMAudit | user=jenkins1000 | ip=192.168.5.156 | op=SEND_HEARTBEAT {datanodeUUID=f8a0b598-bd5c-4ec2-8ae7-5248ee7e527c, command=[]} | ret=SUCCESS |  
2019-08-30 07:08:36,753 | INFO  | SCMAudit | user=jenkins1000 | ip=192.168.5.156 | op=SEND_HEARTBEAT {datanodeUUID=d4249830-50d0-4433-aac8-f817ef11b799, command=[]} | ret=SUCCESS |  
2019-08-30 07:08:36,809 [Thread-237] INFO  container.ReplicationManager (ReplicationManager.java:start(152)) - Starting Replication Monitor Thread.
2019-08-30 07:08:36,818 [ReplicationMonitor] INFO  container.ReplicationManager (ReplicationManager.java:run(215)) - Replication Monitor Thread took 4 milliseconds for processing 1 containers.
2019-08-30 07:08:36,837 | INFO  | SCMAudit | user=jenkins1000 | ip=192.168.5.156 | op=SEND_HEARTBEAT {datanodeUUID=c6f80673-9b9b-48d9-974f-74d8c6e53dca, command=[]} | ret=SUCCESS |  
2019-08-30 07:08:36,954 | INFO  | SCMAudit | user=jenkins1000 | ip=192.168.5.156 | op=SEND_HEARTBEAT {datanodeUUID=a4417465-4f8a-4a39-91d4-515e5517d525, command=[]} | ret=SUCCESS |  
2019-08-30 07:08:37,054 | INFO  | SCMAudit | user=jenkins1000 | ip=192.168.5.156 | op=SEND_HEARTBEAT {datanodeUUID=1f602086-e1ee-4a4e-927c-1e6b555c2f2b, command=[]} | ret=SUCCESS |  
2019-08-30 07:08:37,150 | INFO  | SCMAudit | user=jenkins1000 | ip=192.168.5.156 | op=SEND_HEARTBEAT {datanodeUUID=edec05a3-e2d1-4a21-a444-d2129c222199, command=[]} | ret=SUCCESS |  
2019-08-30 07:08:37,243 [grpc-default-executor-0] INFO  client.GrpcClientProtocolClient (GrpcClientProtocolClient.java:onNext(255)) - client-DE863DE2B8EA->c6f80673-9b9b-48d9-974f-74d8c6e53dca: receive RaftClientReply:client-DE863DE2B8EA->c6f80673-9b9b-48d9-974f-74d8c6e53dca@group-30E28E14A856, cid=13, FAILED org.apache.ratis.protocol.NotLeaderException: Server c6f80673-9b9b-48d9-974f-74d8c6e53dca is not the leader (null). Request must be sent to leader., logIndex=0, commits[c6f80673-9b9b-48d9-974f-74d8c6e53dca:c-1]
2019-08-30 07:08:37,574 | INFO  | SCMAudit | user=jenkins1000 | ip=192.168.5.156 | op=SEND_HEARTBEAT {datanodeUUID=f8a0b598-bd5c-4ec2-8ae7-5248ee7e527c, command=[]} | ret=SUCCESS |  
2019-08-30 07:08:37,574 | INFO  | SCMAudit | user=jenkins1000 | ip=192.168.5.156 | op=SEND_HEARTBEAT {datanodeUUID=bf8b2f5f-e1cf-4ce6-bf74-922538ef217e, command=[]} | ret=SUCCESS |  
2019-08-30 07:08:37,752 | INFO  | SCMAudit | user=jenkins1000 | ip=192.168.5.156 | op=SEND_HEARTBEAT {datanodeUUID=d4249830-50d0-4433-aac8-f817ef11b799, command=[]} | ret=SUCCESS |  
2019-08-30 07:08:37,837 | INFO  | SCMAudit | user=jenkins1000 | ip=192.168.5.156 | op=SEND_HEARTBEAT {datanodeUUID=c6f80673-9b9b-48d9-974f-74d8c6e53dca, command=[]} | ret=SUCCESS |  
2019-08-30 07:08:37,954 | INFO  | SCMAudit | user=jenkins1000 | ip=192.168.5.156 | op=SEND_HEARTBEAT {datanodeUUID=a4417465-4f8a-4a39-91d4-515e5517d525, command=[]} | ret=SUCCESS |  
2019-08-30 07:08:38,052 | INFO  | SCMAudit | user=jenkins1000 | ip=192.168.5.156 | op=SEND_HEARTBEAT {datanodeUUID=1f602086-e1ee-4a4e-927c-1e6b555c2f2b, command=[]} | ret=SUCCESS |  
2019-08-30 07:08:38,167 | INFO  | SCMAudit | user=jenkins1000 | ip=192.168.5.156 | op=SEND_HEARTBEAT {datanodeUUID=edec05a3-e2d1-4a21-a444-d2129c222199, command=[]} | ret=SUCCESS |  
2019-08-30 07:08:38,274 [grpc-default-executor-2] INFO  client.GrpcClientProtocolClient (GrpcClientProtocolClient.java:onNext(255)) - client-DE863DE2B8EA->edec05a3-e2d1-4a21-a444-d2129c222199: receive RaftClientReply:client-DE863DE2B8EA->edec05a3-e2d1-4a21-a444-d2129c222199@group-30E28E14A856, cid=13, FAILED org.apache.ratis.protocol.NotLeaderException: Server edec05a3-e2d1-4a21-a444-d2129c222199 is not the leader (null). Request must be sent to leader., logIndex=0, commits[edec05a3-e2d1-4a21-a444-d2129c222199:c-1]
2019-08-30 07:08:38,571 | INFO  | SCMAudit | user=jenkins1000 | ip=192.168.5.156 | op=SEND_HEARTBEAT {datanodeUUID=bf8b2f5f-e1cf-4ce6-bf74-922538ef217e, command=[]} | ret=SUCCESS |  
2019-08-30 07:08:38,571 | INFO  | SCMAudit | user=jenkins1000 | ip=192.168.5.156 | op=SEND_HEARTBEAT {datanodeUUID=f8a0b598-bd5c-4ec2-8ae7-5248ee7e527c, command=[]} | ret=SUCCESS |  
2019-08-30 07:08:38,749 | INFO  | SCMAudit | user=jenkins1000 | ip=192.168.5.156 | op=SEND_HEARTBEAT {datanodeUUID=d4249830-50d0-4433-aac8-f817ef11b799, command=[]} | ret=SUCCESS |  
2019-08-30 07:08:38,836 | INFO  | SCMAudit | user=jenkins1000 | ip=192.168.5.156 | op=SEND_HEARTBEAT {datanodeUUID=c6f80673-9b9b-48d9-974f-74d8c6e53dca, command=[]} | ret=SUCCESS |  
2019-08-30 07:08:38,952 | INFO  | SCMAudit | user=jenkins1000 | ip=192.168.5.156 | op=SEND_HEARTBEAT {datanodeUUID=a4417465-4f8a-4a39-91d4-515e5517d525, command=[]} | ret=SUCCESS |  
2019-08-30 07:08:39,051 | INFO  | SCMAudit | user=jenkins1000 | ip=192.168.5.156 | op=SEND_HEARTBEAT {datanodeUUID=1f602086-e1ee-4a4e-927c-1e6b555c2f2b, command=[]} | ret=SUCCESS |  
2019-08-30 07:08:39,148 | INFO  | SCMAudit | user=jenkins1000 | ip=192.168.5.156 | op=SEND_HEARTBEAT {datanodeUUID=edec05a3-e2d1-4a21-a444-d2129c222199, command=[]} | ret=SUCCESS |  
2019-08-30 07:08:39,300 [grpc-default-executor-0] INFO  client.GrpcClientProtocolClient (GrpcClientProtocolClient.java:onNext(255)) - client-DE863DE2B8EA->c6f80673-9b9b-48d9-974f-74d8c6e53dca: receive RaftClientReply:client-DE863DE2B8EA->c6f80673-9b9b-48d9-974f-74d8c6e53dca@group-30E28E14A856, cid=13, FAILED org.apache.ratis.protocol.NotLeaderException: Server c6f80673-9b9b-48d9-974f-74d8c6e53dca is not the leader (null). Request must be sent to leader., logIndex=0, commits[c6f80673-9b9b-48d9-974f-74d8c6e53dca:c-1]
2019-08-30 07:08:39,570 | INFO  | SCMAudit | user=jenkins1000 | ip=192.168.5.156 | op=SEND_HEARTBEAT {datanodeUUID=bf8b2f5f-e1cf-4ce6-bf74-922538ef217e, command=[]} | ret=SUCCESS |  
2019-08-30 07:08:39,570 | INFO  | SCMAudit | user=jenkins1000 | ip=192.168.5.156 | op=SEND_HEARTBEAT {datanodeUUID=f8a0b598-bd5c-4ec2-8ae7-5248ee7e527c, command=[]} | ret=SUCCESS |  
2019-08-30 07:08:39,750 | INFO  | SCMAudit | user=jenkins1000 | ip=192.168.5.156 | op=SEND_HEARTBEAT {datanodeUUID=d4249830-50d0-4433-aac8-f817ef11b799, command=[]} | ret=SUCCESS |  
2019-08-30 07:08:39,836 | INFO  | SCMAudit | user=jenkins1000 | ip=192.168.5.156 | op=SEND_HEARTBEAT {datanodeUUID=c6f80673-9b9b-48d9-974f-74d8c6e53dca, command=[]} | ret=SUCCESS |  
2019-08-30 07:08:39,952 | INFO  | SCMAudit | user=jenkins1000 | ip=192.168.5.156 | op=SEND_HEARTBEAT {datanodeUUID=a4417465-4f8a-4a39-91d4-515e5517d525, command=[]} | ret=SUCCESS |  
2019-08-30 07:08:40,051 | INFO  | SCMAudit | user=jenkins1000 | ip=192.168.5.156 | op=SEND_HEARTBEAT {datanodeUUID=1f602086-e1ee-4a4e-927c-1e6b555c2f2b, command=[]} | ret=SUCCESS |  
2019-08-30 07:08:40,085 [Thread-239] INFO  impl.FollowerState (FollowerState.java:run(106)) - d4249830-50d0-4433-aac8-f817ef11b799:group-A5197C39454D changes to CANDIDATE, lastRpcTime:5050, electionTimeout:5049ms
2019-08-30 07:08:40,087 [Thread-239] INFO  impl.RoleInfo (RoleInfo.java:shutdownFollowerState(121)) - d4249830-50d0-4433-aac8-f817ef11b799: shutdown FollowerState
2019-08-30 07:08:40,087 [Thread-239] INFO  impl.RaftServerImpl (RaftServerImpl.java:setRole(171)) - d4249830-50d0-4433-aac8-f817ef11b799:group-A5197C39454D changes role from FOLLOWER to CANDIDATE at term 0 for changeToCandidate
2019-08-30 07:08:40,094 [Thread-239] INFO  impl.RoleInfo (RoleInfo.java:updateAndGet(143)) - d4249830-50d0-4433-aac8-f817ef11b799: start LeaderElection
2019-08-30 07:08:40,129 [d4249830-50d0-4433-aac8-f817ef11b799:group-A5197C39454D:LeaderElection1] INFO  impl.LeaderElection (LeaderElection.java:askForVotes(181)) - d4249830-50d0-4433-aac8-f817ef11b799:group-A5197C39454D:LeaderElection1: begin an election at term 1 for -1: [d4249830-50d0-4433-aac8-f817ef11b799:192.168.5.156:39155], old=null
2019-08-30 07:08:40,133 [d4249830-50d0-4433-aac8-f817ef11b799:group-A5197C39454D:LeaderElection1] INFO  impl.RoleInfo (RoleInfo.java:shutdownLeaderElection(134)) - d4249830-50d0-4433-aac8-f817ef11b799: shutdown LeaderElection
2019-08-30 07:08:40,134 [d4249830-50d0-4433-aac8-f817ef11b799:group-A5197C39454D:LeaderElection1] INFO  impl.RaftServerImpl (RaftServerImpl.java:setRole(171)) - d4249830-50d0-4433-aac8-f817ef11b799:group-A5197C39454D changes role from CANDIDATE to LEADER at term 1 for changeToLeader
2019-08-30 07:08:40,134 [d4249830-50d0-4433-aac8-f817ef11b799:group-A5197C39454D:LeaderElection1] INFO  impl.RaftServerImpl (ServerState.java:setLeader(263)) - d4249830-50d0-4433-aac8-f817ef11b799:group-A5197C39454D change Leader from null to d4249830-50d0-4433-aac8-f817ef11b799 at term 1 for becomeLeader, leader elected after 5191ms
2019-08-30 07:08:40,145 [d4249830-50d0-4433-aac8-f817ef11b799:group-A5197C39454D:LeaderElection1] INFO  server.RaftServerConfigKeys (ConfUtils.java:logGet(43)) - raft.server.staging.catchup.gap = 1000 (default)
2019-08-30 07:08:40,146 [d4249830-50d0-4433-aac8-f817ef11b799:group-A5197C39454D:LeaderElection1] INFO  server.RaftServerConfigKeys (ConfUtils.java:logGet(43)) - raft.server.rpc.sleep.time = 25ms (default)
2019-08-30 07:08:40,148 | INFO  | SCMAudit | user=jenkins1000 | ip=192.168.5.156 | op=SEND_HEARTBEAT {datanodeUUID=edec05a3-e2d1-4a21-a444-d2129c222199, command=[]} | ret=SUCCESS |  
2019-08-30 07:08:40,150 [d4249830-50d0-4433-aac8-f817ef11b799:group-A5197C39454D:LeaderElection1] INFO  server.RaftServerConfigKeys (ConfUtils.java:logGet(43)) - raft.server.write.element-limit = 4096 (default)
2019-08-30 07:08:40,154 [d4249830-50d0-4433-aac8-f817ef11b799:group-A5197C39454D:LeaderElection1] INFO  server.RaftServerConfigKeys (ConfUtils.java:logGet(43)) - raft.server.watch.timeout = 10s (default)
2019-08-30 07:08:40,154 [d4249830-50d0-4433-aac8-f817ef11b799:group-A5197C39454D:LeaderElection1] INFO  server.RaftServerConfigKeys (ConfUtils.java:logGet(43)) - raft.server.watch.timeout.denomination = 1s (default)
2019-08-30 07:08:40,155 [d4249830-50d0-4433-aac8-f817ef11b799:group-A5197C39454D:LeaderElection1] INFO  server.RaftServerConfigKeys (ConfUtils.java:logGet(43)) - raft.server.watch.element-limit = 65536 (default)
2019-08-30 07:08:40,166 [d4249830-50d0-4433-aac8-f817ef11b799:group-A5197C39454D:LeaderElection1] INFO  impl.RoleInfo (RoleInfo.java:updateAndGet(143)) - d4249830-50d0-4433-aac8-f817ef11b799: start LeaderState
2019-08-30 07:08:40,193 [d4249830-50d0-4433-aac8-f817ef11b799:group-A5197C39454D:LeaderElection1] INFO  segmented.SegmentedRaftLogWorker (SegmentedRaftLogWorker.java:startLogSegment(380)) - d4249830-50d0-4433-aac8-f817ef11b799-SegmentedRaftLogWorker:Storage Directory /workdir/hadoop-ozone/integration-test/target/test-dir/MiniOzoneClusterImpl-c6ae54c1-d46d-4dd5-b528-c2e096086b9a/datanode-0/data/ratis/98d78ef5-a2e4-4e5d-9d9f-a5197c39454d: Starting segment from index:0
2019-08-30 07:08:40,207 [d4249830-50d0-4433-aac8-f817ef11b799:group-A5197C39454D:LeaderElection1] INFO  impl.RaftServerImpl (ServerState.java:setRaftConf(361)) - d4249830-50d0-4433-aac8-f817ef11b799:group-A5197C39454D set configuration 0: [d4249830-50d0-4433-aac8-f817ef11b799:192.168.5.156:39155], old=null at 0
2019-08-30 07:08:40,280 [Thread-243] INFO  impl.FollowerState (FollowerState.java:run(106)) - c6f80673-9b9b-48d9-974f-74d8c6e53dca:group-7CCB293FFEAC changes to CANDIDATE, lastRpcTime:5029, electionTimeout:5028ms
2019-08-30 07:08:40,283 [Thread-243] INFO  impl.RoleInfo (RoleInfo.java:shutdownFollowerState(121)) - c6f80673-9b9b-48d9-974f-74d8c6e53dca: shutdown FollowerState
2019-08-30 07:08:40,283 [Thread-243] INFO  impl.RaftServerImpl (RaftServerImpl.java:setRole(171)) - c6f80673-9b9b-48d9-974f-74d8c6e53dca:group-7CCB293FFEAC changes role from FOLLOWER to CANDIDATE at term 0 for changeToCandidate
2019-08-30 07:08:40,283 [Thread-243] INFO  impl.RoleInfo (RoleInfo.java:updateAndGet(143)) - c6f80673-9b9b-48d9-974f-74d8c6e53dca: start LeaderElection
2019-08-30 07:08:40,303 [c6f80673-9b9b-48d9-974f-74d8c6e53dca:group-7CCB293FFEAC:LeaderElection2] INFO  impl.LeaderElection (LeaderElection.java:askForVotes(181)) - c6f80673-9b9b-48d9-974f-74d8c6e53dca:group-7CCB293FFEAC:LeaderElection2: begin an election at term 1 for -1: [c6f80673-9b9b-48d9-974f-74d8c6e53dca:192.168.5.156:45192], old=null
2019-08-30 07:08:40,305 [c6f80673-9b9b-48d9-974f-74d8c6e53dca:group-7CCB293FFEAC:LeaderElection2] INFO  impl.RoleInfo (RoleInfo.java:shutdownLeaderElection(134)) - c6f80673-9b9b-48d9-974f-74d8c6e53dca: shutdown LeaderElection
2019-08-30 07:08:40,305 [c6f80673-9b9b-48d9-974f-74d8c6e53dca:group-7CCB293FFEAC:LeaderElection2] INFO  impl.RaftServerImpl (RaftServerImpl.java:setRole(171)) - c6f80673-9b9b-48d9-974f-74d8c6e53dca:group-7CCB293FFEAC changes role from CANDIDATE to LEADER at term 1 for changeToLeader
2019-08-30 07:08:40,305 [c6f80673-9b9b-48d9-974f-74d8c6e53dca:group-7CCB293FFEAC:LeaderElection2] INFO  impl.RaftServerImpl (ServerState.java:setLeader(263)) - c6f80673-9b9b-48d9-974f-74d8c6e53dca:group-7CCB293FFEAC change Leader from null to c6f80673-9b9b-48d9-974f-74d8c6e53dca at term 1 for becomeLeader, leader elected after 5060ms
2019-08-30 07:08:40,307 [c6f80673-9b9b-48d9-974f-74d8c6e53dca:group-7CCB293FFEAC:LeaderElection2] INFO  server.RaftServerConfigKeys (ConfUtils.java:logGet(43)) - raft.server.staging.catchup.gap = 1000 (default)
2019-08-30 07:08:40,307 [c6f80673-9b9b-48d9-974f-74d8c6e53dca:group-7CCB293FFEAC:LeaderElection2] INFO  server.RaftServerConfigKeys (ConfUtils.java:logGet(43)) - raft.server.rpc.sleep.time = 25ms (default)
2019-08-30 07:08:40,308 [c6f80673-9b9b-48d9-974f-74d8c6e53dca:group-7CCB293FFEAC:LeaderElection2] INFO  server.RaftServerConfigKeys (ConfUtils.java:logGet(43)) - raft.server.write.element-limit = 4096 (default)
2019-08-30 07:08:40,308 [c6f80673-9b9b-48d9-974f-74d8c6e53dca:group-7CCB293FFEAC:LeaderElection2] INFO  server.RaftServerConfigKeys (ConfUtils.java:logGet(43)) - raft.server.watch.timeout = 10s (default)
2019-08-30 07:08:40,308 [c6f80673-9b9b-48d9-974f-74d8c6e53dca:group-7CCB293FFEAC:LeaderElection2] INFO  server.RaftServerConfigKeys (ConfUtils.java:logGet(43)) - raft.server.watch.timeout.denomination = 1s (default)
2019-08-30 07:08:40,308 [c6f80673-9b9b-48d9-974f-74d8c6e53dca:group-7CCB293FFEAC:LeaderElection2] INFO  server.RaftServerConfigKeys (ConfUtils.java:logGet(43)) - raft.server.watch.element-limit = 65536 (default)
2019-08-30 07:08:40,308 [c6f80673-9b9b-48d9-974f-74d8c6e53dca:group-7CCB293FFEAC:LeaderElection2] INFO  impl.RoleInfo (RoleInfo.java:updateAndGet(143)) - c6f80673-9b9b-48d9-974f-74d8c6e53dca: start LeaderState
2019-08-30 07:08:40,309 [c6f80673-9b9b-48d9-974f-74d8c6e53dca:group-7CCB293FFEAC:LeaderElection2] INFO  segmented.SegmentedRaftLogWorker (SegmentedRaftLogWorker.java:startLogSegment(380)) - c6f80673-9b9b-48d9-974f-74d8c6e53dca-SegmentedRaftLogWorker:Storage Directory /workdir/hadoop-ozone/integration-test/target/test-dir/MiniOzoneClusterImpl-c6ae54c1-d46d-4dd5-b528-c2e096086b9a/datanode-5/data/ratis/420485c9-914e-4bfd-b7ce-7ccb293ffeac: Starting segment from index:0
2019-08-30 07:08:40,312 [c6f80673-9b9b-48d9-974f-74d8c6e53dca:group-7CCB293FFEAC:LeaderElection2] INFO  impl.RaftServerImpl (ServerState.java:setRaftConf(361)) - c6f80673-9b9b-48d9-974f-74d8c6e53dca:group-7CCB293FFEAC set configuration 0: [c6f80673-9b9b-48d9-974f-74d8c6e53dca:192.168.5.156:45192], old=null at 0
2019-08-30 07:08:40,326 [grpc-default-executor-0] INFO  client.GrpcClientProtocolClient (GrpcClientProtocolClient.java:onNext(255)) - client-DE863DE2B8EA->d4249830-50d0-4433-aac8-f817ef11b799: receive RaftClientReply:client-DE863DE2B8EA->d4249830-50d0-4433-aac8-f817ef11b799@group-30E28E14A856, cid=13, FAILED org.apache.ratis.protocol.NotLeaderException: Server d4249830-50d0-4433-aac8-f817ef11b799 is not the leader (null). Request must be sent to leader., logIndex=0, commits[d4249830-50d0-4433-aac8-f817ef11b799:c-1]
2019-08-30 07:08:40,343 [Thread-246] INFO  impl.FollowerState (FollowerState.java:run(106)) - edec05a3-e2d1-4a21-a444-d2129c222199:group-DEDD640B694F changes to CANDIDATE, lastRpcTime:5000, electionTimeout:5000ms
2019-08-30 07:08:40,343 [Thread-246] INFO  impl.RoleInfo (RoleInfo.java:shutdownFollowerState(121)) - edec05a3-e2d1-4a21-a444-d2129c222199: shutdown FollowerState
2019-08-30 07:08:40,343 [Thread-246] INFO  impl.RaftServerImpl (RaftServerImpl.java:setRole(171)) - edec05a3-e2d1-4a21-a444-d2129c222199:group-DEDD640B694F changes role from FOLLOWER to CANDIDATE at term 0 for changeToCandidate
2019-08-30 07:08:40,343 [Thread-246] INFO  impl.RoleInfo (RoleInfo.java:updateAndGet(143)) - edec05a3-e2d1-4a21-a444-d2129c222199: start LeaderElection
2019-08-30 07:08:40,362 [edec05a3-e2d1-4a21-a444-d2129c222199:group-DEDD640B694F:LeaderElection3] INFO  impl.LeaderElection (LeaderElection.java:askForVotes(181)) - edec05a3-e2d1-4a21-a444-d2129c222199:group-DEDD640B694F:LeaderElection3: begin an election at term 1 for -1: [edec05a3-e2d1-4a21-a444-d2129c222199:192.168.5.156:45835], old=null
2019-08-30 07:08:40,369 [edec05a3-e2d1-4a21-a444-d2129c222199:group-DEDD640B694F:LeaderElection3] INFO  impl.RoleInfo (RoleInfo.java:shutdownLeaderElection(134)) - edec05a3-e2d1-4a21-a444-d2129c222199: shutdown LeaderElection
2019-08-30 07:08:40,370 [edec05a3-e2d1-4a21-a444-d2129c222199:group-DEDD640B694F:LeaderElection3] INFO  impl.RaftServerImpl (RaftServerImpl.java:setRole(171)) - edec05a3-e2d1-4a21-a444-d2129c222199:group-DEDD640B694F changes role from CANDIDATE to LEADER at term 1 for changeToLeader
2019-08-30 07:08:40,370 [edec05a3-e2d1-4a21-a444-d2129c222199:group-DEDD640B694F:LeaderElection3] INFO  impl.RaftServerImpl (ServerState.java:setLeader(263)) - edec05a3-e2d1-4a21-a444-d2129c222199:group-DEDD640B694F change Leader from null to edec05a3-e2d1-4a21-a444-d2129c222199 at term 1 for becomeLeader, leader elected after 5031ms
2019-08-30 07:08:40,372 [edec05a3-e2d1-4a21-a444-d2129c222199:group-DEDD640B694F:LeaderElection3] INFO  server.RaftServerConfigKeys (ConfUtils.java:logGet(43)) - raft.server.staging.catchup.gap = 1000 (default)
2019-08-30 07:08:40,372 [edec05a3-e2d1-4a21-a444-d2129c222199:group-DEDD640B694F:LeaderElection3] INFO  server.RaftServerConfigKeys (ConfUtils.java:logGet(43)) - raft.server.rpc.sleep.time = 25ms (default)
2019-08-30 07:08:40,372 [edec05a3-e2d1-4a21-a444-d2129c222199:group-DEDD640B694F:LeaderElection3] INFO  server.RaftServerConfigKeys (ConfUtils.java:logGet(43)) - raft.server.write.element-limit = 4096 (default)
2019-08-30 07:08:40,373 [edec05a3-e2d1-4a21-a444-d2129c222199:group-DEDD640B694F:LeaderElection3] INFO  server.RaftServerConfigKeys (ConfUtils.java:logGet(43)) - raft.server.watch.timeout = 10s (default)
2019-08-30 07:08:40,373 [edec05a3-e2d1-4a21-a444-d2129c222199:group-DEDD640B694F:LeaderElection3] INFO  server.RaftServerConfigKeys (ConfUtils.java:logGet(43)) - raft.server.watch.timeout.denomination = 1s (default)
2019-08-30 07:08:40,373 [edec05a3-e2d1-4a21-a444-d2129c222199:group-DEDD640B694F:LeaderElection3] INFO  server.RaftServerConfigKeys (ConfUtils.java:logGet(43)) - raft.server.watch.element-limit = 65536 (default)
2019-08-30 07:08:40,373 [edec05a3-e2d1-4a21-a444-d2129c222199:group-DEDD640B694F:LeaderElection3] INFO  impl.RoleInfo (RoleInfo.java:updateAndGet(143)) - edec05a3-e2d1-4a21-a444-d2129c222199: start LeaderState
2019-08-30 07:08:40,374 [edec05a3-e2d1-4a21-a444-d2129c222199:group-DEDD640B694F:LeaderElection3] INFO  segmented.SegmentedRaftLogWorker (SegmentedRaftLogWorker.java:startLogSegment(380)) - edec05a3-e2d1-4a21-a444-d2129c222199-SegmentedRaftLogWorker:Storage Directory /workdir/hadoop-ozone/integration-test/target/test-dir/MiniOzoneClusterImpl-c6ae54c1-d46d-4dd5-b528-c2e096086b9a/datanode-2/data/ratis/0f101934-a188-49a6-992a-dedd640b694f: Starting segment from index:0
2019-08-30 07:08:40,374 [edec05a3-e2d1-4a21-a444-d2129c222199:group-DEDD640B694F:LeaderElection3] INFO  impl.RaftServerImpl (ServerState.java:setRaftConf(361)) - edec05a3-e2d1-4a21-a444-d2129c222199:group-DEDD640B694F set configuration 0: [edec05a3-e2d1-4a21-a444-d2129c222199:192.168.5.156:45835], old=null at 0
2019-08-30 07:08:40,460 [Thread-250] INFO  impl.FollowerState (FollowerState.java:run(106)) - 1f602086-e1ee-4a4e-927c-1e6b555c2f2b:group-419BBCA8BCE0 changes to CANDIDATE, lastRpcTime:5035, electionTimeout:5035ms
2019-08-30 07:08:40,463 [Thread-250] INFO  impl.RoleInfo (RoleInfo.java:shutdownFollowerState(121)) - 1f602086-e1ee-4a4e-927c-1e6b555c2f2b: shutdown FollowerState
2019-08-30 07:08:40,463 [Thread-250] INFO  impl.RaftServerImpl (RaftServerImpl.java:setRole(171)) - 1f602086-e1ee-4a4e-927c-1e6b555c2f2b:group-419BBCA8BCE0 changes role from FOLLOWER to CANDIDATE at term 0 for changeToCandidate
2019-08-30 07:08:40,464 [Thread-250] INFO  impl.RoleInfo (RoleInfo.java:updateAndGet(143)) - 1f602086-e1ee-4a4e-927c-1e6b555c2f2b: start LeaderElection
2019-08-30 07:08:40,470 [c6f80673-9b9b-48d9-974f-74d8c6e53dca-SegmentedRaftLogWorker:Storage Directory /workdir/hadoop-ozone/integration-test/target/test-dir/MiniOzoneClusterImpl-c6ae54c1-d46d-4dd5-b528-c2e096086b9a/datanode-5/data/ratis/420485c9-914e-4bfd-b7ce-7ccb293ffeac] INFO  segmented.SegmentedRaftLogWorker (SegmentedRaftLogWorker.java:execute(569)) - c6f80673-9b9b-48d9-974f-74d8c6e53dca-SegmentedRaftLogWorker:Storage Directory /workdir/hadoop-ozone/integration-test/target/test-dir/MiniOzoneClusterImpl-c6ae54c1-d46d-4dd5-b528-c2e096086b9a/datanode-5/data/ratis/420485c9-914e-4bfd-b7ce-7ccb293ffeac: created new log segment /workdir/hadoop-ozone/integration-test/target/test-dir/MiniOzoneClusterImpl-c6ae54c1-d46d-4dd5-b528-c2e096086b9a/datanode-5/data/ratis/420485c9-914e-4bfd-b7ce-7ccb293ffeac/current/log_inprogress_0
2019-08-30 07:08:40,470 [edec05a3-e2d1-4a21-a444-d2129c222199-SegmentedRaftLogWorker:Storage Directory /workdir/hadoop-ozone/integration-test/target/test-dir/MiniOzoneClusterImpl-c6ae54c1-d46d-4dd5-b528-c2e096086b9a/datanode-2/data/ratis/0f101934-a188-49a6-992a-dedd640b694f] INFO  segmented.SegmentedRaftLogWorker (SegmentedRaftLogWorker.java:execute(569)) - edec05a3-e2d1-4a21-a444-d2129c222199-SegmentedRaftLogWorker:Storage Directory /workdir/hadoop-ozone/integration-test/target/test-dir/MiniOzoneClusterImpl-c6ae54c1-d46d-4dd5-b528-c2e096086b9a/datanode-2/data/ratis/0f101934-a188-49a6-992a-dedd640b694f: created new log segment /workdir/hadoop-ozone/integration-test/target/test-dir/MiniOzoneClusterImpl-c6ae54c1-d46d-4dd5-b528-c2e096086b9a/datanode-2/data/ratis/0f101934-a188-49a6-992a-dedd640b694f/current/log_inprogress_0
2019-08-30 07:08:40,470 [d4249830-50d0-4433-aac8-f817ef11b799-SegmentedRaftLogWorker:Storage Directory /workdir/hadoop-ozone/integration-test/target/test-dir/MiniOzoneClusterImpl-c6ae54c1-d46d-4dd5-b528-c2e096086b9a/datanode-0/data/ratis/98d78ef5-a2e4-4e5d-9d9f-a5197c39454d] INFO  segmented.SegmentedRaftLogWorker (SegmentedRaftLogWorker.java:execute(569)) - d4249830-50d0-4433-aac8-f817ef11b799-SegmentedRaftLogWorker:Storage Directory /workdir/hadoop-ozone/integration-test/target/test-dir/MiniOzoneClusterImpl-c6ae54c1-d46d-4dd5-b528-c2e096086b9a/datanode-0/data/ratis/98d78ef5-a2e4-4e5d-9d9f-a5197c39454d: created new log segment /workdir/hadoop-ozone/integration-test/target/test-dir/MiniOzoneClusterImpl-c6ae54c1-d46d-4dd5-b528-c2e096086b9a/datanode-0/data/ratis/98d78ef5-a2e4-4e5d-9d9f-a5197c39454d/current/log_inprogress_0
2019-08-30 07:08:40,473 [1f602086-e1ee-4a4e-927c-1e6b555c2f2b:group-419BBCA8BCE0:LeaderElection4] INFO  impl.LeaderElection (LeaderElection.java:askForVotes(181)) - 1f602086-e1ee-4a4e-927c-1e6b555c2f2b:group-419BBCA8BCE0:LeaderElection4: begin an election at term 1 for -1: [1f602086-e1ee-4a4e-927c-1e6b555c2f2b:192.168.5.156:39893], old=null
2019-08-30 07:08:40,475 [1f602086-e1ee-4a4e-927c-1e6b555c2f2b:group-419BBCA8BCE0:LeaderElection4] INFO  impl.RoleInfo (RoleInfo.java:shutdownLeaderElection(134)) - 1f602086-e1ee-4a4e-927c-1e6b555c2f2b: shutdown LeaderElection
2019-08-30 07:08:40,475 [1f602086-e1ee-4a4e-927c-1e6b555c2f2b:group-419BBCA8BCE0:LeaderElection4] INFO  impl.RaftServerImpl (RaftServerImpl.java:setRole(171)) - 1f602086-e1ee-4a4e-927c-1e6b555c2f2b:group-419BBCA8BCE0 changes role from CANDIDATE to LEADER at term 1 for changeToLeader
2019-08-30 07:08:40,475 [1f602086-e1ee-4a4e-927c-1e6b555c2f2b:group-419BBCA8BCE0:LeaderElection4] INFO  impl.RaftServerImpl (ServerState.java:setLeader(263)) - 1f602086-e1ee-4a4e-927c-1e6b555c2f2b:group-419BBCA8BCE0 change Leader from null to 1f602086-e1ee-4a4e-927c-1e6b555c2f2b at term 1 for becomeLeader, leader elected after 5055ms
2019-08-30 07:08:40,478 [1f602086-e1ee-4a4e-927c-1e6b555c2f2b:group-419BBCA8BCE0:LeaderElection4] INFO  server.RaftServerConfigKeys (ConfUtils.java:logGet(43)) - raft.server.staging.catchup.gap = 1000 (default)
2019-08-30 07:08:40,478 [1f602086-e1ee-4a4e-927c-1e6b555c2f2b:group-419BBCA8BCE0:LeaderElection4] INFO  server.RaftServerConfigKeys (ConfUtils.java:logGet(43)) - raft.server.rpc.sleep.time = 25ms (default)
2019-08-30 07:08:40,478 [1f602086-e1ee-4a4e-927c-1e6b555c2f2b:group-419BBCA8BCE0:LeaderElection4] INFO  server.RaftServerConfigKeys (ConfUtils.java:logGet(43)) - raft.server.write.element-limit = 4096 (default)
2019-08-30 07:08:40,478 [1f602086-e1ee-4a4e-927c-1e6b555c2f2b:group-419BBCA8BCE0:LeaderElection4] INFO  server.RaftServerConfigKeys (ConfUtils.java:logGet(43)) - raft.server.watch.timeout = 10s (default)
2019-08-30 07:08:40,478 [1f602086-e1ee-4a4e-927c-1e6b555c2f2b:group-419BBCA8BCE0:LeaderElection4] INFO  server.RaftServerConfigKeys (ConfUtils.java:logGet(43)) - raft.server.watch.timeout.denomination = 1s (default)
2019-08-30 07:08:40,479 [1f602086-e1ee-4a4e-927c-1e6b555c2f2b:group-419BBCA8BCE0:LeaderElection4] INFO  server.RaftServerConfigKeys (ConfUtils.java:logGet(43)) - raft.server.watch.element-limit = 65536 (default)
2019-08-30 07:08:40,479 [1f602086-e1ee-4a4e-927c-1e6b555c2f2b:group-419BBCA8BCE0:LeaderElection4] INFO  impl.RoleInfo (RoleInfo.java:updateAndGet(143)) - 1f602086-e1ee-4a4e-927c-1e6b555c2f2b: start LeaderState
2019-08-30 07:08:40,479 [1f602086-e1ee-4a4e-927c-1e6b555c2f2b:group-419BBCA8BCE0:LeaderElection4] INFO  segmented.SegmentedRaftLogWorker (SegmentedRaftLogWorker.java:startLogSegment(380)) - 1f602086-e1ee-4a4e-927c-1e6b555c2f2b-SegmentedRaftLogWorker:Storage Directory /workdir/hadoop-ozone/integration-test/target/test-dir/MiniOzoneClusterImpl-c6ae54c1-d46d-4dd5-b528-c2e096086b9a/datanode-6/data/ratis/70959fba-258f-4e26-9aeb-419bbca8bce0: Starting segment from index:0
2019-08-30 07:08:40,480 [1f602086-e1ee-4a4e-927c-1e6b555c2f2b:group-419BBCA8BCE0:LeaderElection4] INFO  impl.RaftServerImpl (ServerState.java:setRaftConf(361)) - 1f602086-e1ee-4a4e-927c-1e6b555c2f2b:group-419BBCA8BCE0 set configuration 0: [1f602086-e1ee-4a4e-927c-1e6b555c2f2b:192.168.5.156:39893], old=null at 0
2019-08-30 07:08:40,527 [1f602086-e1ee-4a4e-927c-1e6b555c2f2b-SegmentedRaftLogWorker:Storage Directory /workdir/hadoop-ozone/integration-test/target/test-dir/MiniOzoneClusterImpl-c6ae54c1-d46d-4dd5-b528-c2e096086b9a/datanode-6/data/ratis/70959fba-258f-4e26-9aeb-419bbca8bce0] INFO  segmented.SegmentedRaftLogWorker (SegmentedRaftLogWorker.java:execute(569)) - 1f602086-e1ee-4a4e-927c-1e6b555c2f2b-SegmentedRaftLogWorker:Storage Directory /workdir/hadoop-ozone/integration-test/target/test-dir/MiniOzoneClusterImpl-c6ae54c1-d46d-4dd5-b528-c2e096086b9a/datanode-6/data/ratis/70959fba-258f-4e26-9aeb-419bbca8bce0: created new log segment /workdir/hadoop-ozone/integration-test/target/test-dir/MiniOzoneClusterImpl-c6ae54c1-d46d-4dd5-b528-c2e096086b9a/datanode-6/data/ratis/70959fba-258f-4e26-9aeb-419bbca8bce0/current/log_inprogress_0
2019-08-30 07:08:40,570 | INFO  | SCMAudit | user=jenkins1000 | ip=192.168.5.156 | op=SEND_HEARTBEAT {datanodeUUID=f8a0b598-bd5c-4ec2-8ae7-5248ee7e527c, command=[]} | ret=SUCCESS |  
2019-08-30 07:08:40,570 | INFO  | SCMAudit | user=jenkins1000 | ip=192.168.5.156 | op=SEND_HEARTBEAT {datanodeUUID=bf8b2f5f-e1cf-4ce6-bf74-922538ef217e, command=[]} | ret=SUCCESS |  
2019-08-30 07:08:40,701 [Thread-254] INFO  impl.FollowerState (FollowerState.java:run(106)) - f8a0b598-bd5c-4ec2-8ae7-5248ee7e527c:group-FC38F6771B2F changes to CANDIDATE, lastRpcTime:5184, electionTimeout:5184ms
2019-08-30 07:08:40,702 [Thread-254] INFO  impl.RoleInfo (RoleInfo.java:shutdownFollowerState(121)) - f8a0b598-bd5c-4ec2-8ae7-5248ee7e527c: shutdown FollowerState
2019-08-30 07:08:40,702 [Thread-254] INFO  impl.RaftServerImpl (RaftServerImpl.java:setRole(171)) - f8a0b598-bd5c-4ec2-8ae7-5248ee7e527c:group-FC38F6771B2F changes role from FOLLOWER to CANDIDATE at term 0 for changeToCandidate
2019-08-30 07:08:40,702 [Thread-254] INFO  impl.RoleInfo (RoleInfo.java:updateAndGet(143)) - f8a0b598-bd5c-4ec2-8ae7-5248ee7e527c: start LeaderElection
2019-08-30 07:08:40,721 [f8a0b598-bd5c-4ec2-8ae7-5248ee7e527c:group-FC38F6771B2F:LeaderElection5] INFO  impl.LeaderElection (LeaderElection.java:askForVotes(181)) - f8a0b598-bd5c-4ec2-8ae7-5248ee7e527c:group-FC38F6771B2F:LeaderElection5: begin an election at term 1 for -1: [f8a0b598-bd5c-4ec2-8ae7-5248ee7e527c:192.168.5.156:44827], old=null
2019-08-30 07:08:40,723 [f8a0b598-bd5c-4ec2-8ae7-5248ee7e527c:group-FC38F6771B2F:LeaderElection5] INFO  impl.RoleInfo (RoleInfo.java:shutdownLeaderElection(134)) - f8a0b598-bd5c-4ec2-8ae7-5248ee7e527c: shutdown LeaderElection
2019-08-30 07:08:40,723 [f8a0b598-bd5c-4ec2-8ae7-5248ee7e527c:group-FC38F6771B2F:LeaderElection5] INFO  impl.RaftServerImpl (RaftServerImpl.java:setRole(171)) - f8a0b598-bd5c-4ec2-8ae7-5248ee7e527c:group-FC38F6771B2F changes role from CANDIDATE to LEADER at term 1 for changeToLeader
2019-08-30 07:08:40,723 [f8a0b598-bd5c-4ec2-8ae7-5248ee7e527c:group-FC38F6771B2F:LeaderElection5] INFO  impl.RaftServerImpl (ServerState.java:setLeader(263)) - f8a0b598-bd5c-4ec2-8ae7-5248ee7e527c:group-FC38F6771B2F change Leader from null to f8a0b598-bd5c-4ec2-8ae7-5248ee7e527c at term 1 for becomeLeader, leader elected after 5211ms
2019-08-30 07:08:40,725 [f8a0b598-bd5c-4ec2-8ae7-5248ee7e527c:group-FC38F6771B2F:LeaderElection5] INFO  server.RaftServerConfigKeys (ConfUtils.java:logGet(43)) - raft.server.staging.catchup.gap = 1000 (default)
2019-08-30 07:08:40,725 [f8a0b598-bd5c-4ec2-8ae7-5248ee7e527c:group-FC38F6771B2F:LeaderElection5] INFO  server.RaftServerConfigKeys (ConfUtils.java:logGet(43)) - raft.server.rpc.sleep.time = 25ms (default)
2019-08-30 07:08:40,726 [f8a0b598-bd5c-4ec2-8ae7-5248ee7e527c:group-FC38F6771B2F:LeaderElection5] INFO  server.RaftServerConfigKeys (ConfUtils.java:logGet(43)) - raft.server.write.element-limit = 4096 (default)
2019-08-30 07:08:40,726 [f8a0b598-bd5c-4ec2-8ae7-5248ee7e527c:group-FC38F6771B2F:LeaderElection5] INFO  server.RaftServerConfigKeys (ConfUtils.java:logGet(43)) - raft.server.watch.timeout = 10s (default)
2019-08-30 07:08:40,726 [f8a0b598-bd5c-4ec2-8ae7-5248ee7e527c:group-FC38F6771B2F:LeaderElection5] INFO  server.RaftServerConfigKeys (ConfUtils.java:logGet(43)) - raft.server.watch.timeout.denomination = 1s (default)
2019-08-30 07:08:40,726 [f8a0b598-bd5c-4ec2-8ae7-5248ee7e527c:group-FC38F6771B2F:LeaderElection5] INFO  server.RaftServerConfigKeys (ConfUtils.java:logGet(43)) - raft.server.watch.element-limit = 65536 (default)
2019-08-30 07:08:40,727 [f8a0b598-bd5c-4ec2-8ae7-5248ee7e527c:group-FC38F6771B2F:LeaderElection5] INFO  impl.RoleInfo (RoleInfo.java:updateAndGet(143)) - f8a0b598-bd5c-4ec2-8ae7-5248ee7e527c: start LeaderState
2019-08-30 07:08:40,727 [f8a0b598-bd5c-4ec2-8ae7-5248ee7e527c:group-FC38F6771B2F:LeaderElection5] INFO  segmented.SegmentedRaftLogWorker (SegmentedRaftLogWorker.java:startLogSegment(380)) - f8a0b598-bd5c-4ec2-8ae7-5248ee7e527c-SegmentedRaftLogWorker:Storage Directory /workdir/hadoop-ozone/integration-test/target/test-dir/MiniOzoneClusterImpl-c6ae54c1-d46d-4dd5-b528-c2e096086b9a/datanode-3/data/ratis/e04d0a09-9192-4d8b-8325-fc38f6771b2f: Starting segment from index:0
2019-08-30 07:08:40,728 [f8a0b598-bd5c-4ec2-8ae7-5248ee7e527c:group-FC38F6771B2F:LeaderElection5] INFO  impl.RaftServerImpl (ServerState.java:setRaftConf(361)) - f8a0b598-bd5c-4ec2-8ae7-5248ee7e527c:group-FC38F6771B2F set configuration 0: [f8a0b598-bd5c-4ec2-8ae7-5248ee7e527c:192.168.5.156:44827], old=null at 0
2019-08-30 07:08:40,767 | INFO  | SCMAudit | user=jenkins1000 | ip=192.168.5.156 | op=SEND_HEARTBEAT {datanodeUUID=d4249830-50d0-4433-aac8-f817ef11b799, command=[]} | ret=SUCCESS |  
2019-08-30 07:08:40,780 [f8a0b598-bd5c-4ec2-8ae7-5248ee7e527c-SegmentedRaftLogWorker:Storage Directory /workdir/hadoop-ozone/integration-test/target/test-dir/MiniOzoneClusterImpl-c6ae54c1-d46d-4dd5-b528-c2e096086b9a/datanode-3/data/ratis/e04d0a09-9192-4d8b-8325-fc38f6771b2f] INFO  segmented.SegmentedRaftLogWorker (SegmentedRaftLogWorker.java:execute(569)) - f8a0b598-bd5c-4ec2-8ae7-5248ee7e527c-SegmentedRaftLogWorker:Storage Directory /workdir/hadoop-ozone/integration-test/target/test-dir/MiniOzoneClusterImpl-c6ae54c1-d46d-4dd5-b528-c2e096086b9a/datanode-3/data/ratis/e04d0a09-9192-4d8b-8325-fc38f6771b2f: created new log segment /workdir/hadoop-ozone/integration-test/target/test-dir/MiniOzoneClusterImpl-c6ae54c1-d46d-4dd5-b528-c2e096086b9a/datanode-3/data/ratis/e04d0a09-9192-4d8b-8325-fc38f6771b2f/current/log_inprogress_0
2019-08-30 07:08:40,804 [Thread-260] INFO  impl.FollowerState (FollowerState.java:run(106)) - a4417465-4f8a-4a39-91d4-515e5517d525:group-39E77C7E23B3 changes to CANDIDATE, lastRpcTime:5082, electionTimeout:5082ms
2019-08-30 07:08:40,804 [Thread-260] INFO  impl.RoleInfo (RoleInfo.java:shutdownFollowerState(121)) - a4417465-4f8a-4a39-91d4-515e5517d525: shutdown FollowerState
2019-08-30 07:08:40,804 [Thread-260] INFO  impl.RaftServerImpl (RaftServerImpl.java:setRole(171)) - a4417465-4f8a-4a39-91d4-515e5517d525:group-39E77C7E23B3 changes role from FOLLOWER to CANDIDATE at term 0 for changeToCandidate
2019-08-30 07:08:40,804 [Thread-260] INFO  impl.RoleInfo (RoleInfo.java:updateAndGet(143)) - a4417465-4f8a-4a39-91d4-515e5517d525: start LeaderElection
2019-08-30 07:08:40,813 [Thread-257] INFO  impl.FollowerState (FollowerState.java:run(106)) - bf8b2f5f-e1cf-4ce6-bf74-922538ef217e:group-86E6DBB842A3 changes to CANDIDATE, lastRpcTime:5182, electionTimeout:5179ms
2019-08-30 07:08:40,816 [Thread-257] INFO  impl.RoleInfo (RoleInfo.java:shutdownFollowerState(121)) - bf8b2f5f-e1cf-4ce6-bf74-922538ef217e: shutdown FollowerState
2019-08-30 07:08:40,816 [Thread-257] INFO  impl.RaftServerImpl (RaftServerImpl.java:setRole(171)) - bf8b2f5f-e1cf-4ce6-bf74-922538ef217e:group-86E6DBB842A3 changes role from FOLLOWER to CANDIDATE at term 0 for changeToCandidate
2019-08-30 07:08:40,816 [Thread-257] INFO  impl.RoleInfo (RoleInfo.java:updateAndGet(143)) - bf8b2f5f-e1cf-4ce6-bf74-922538ef217e: start LeaderElection
2019-08-30 07:08:40,836 | INFO  | SCMAudit | user=jenkins1000 | ip=192.168.5.156 | op=SEND_HEARTBEAT {datanodeUUID=c6f80673-9b9b-48d9-974f-74d8c6e53dca, command=[]} | ret=SUCCESS |  
2019-08-30 07:08:40,837 [bf8b2f5f-e1cf-4ce6-bf74-922538ef217e:group-86E6DBB842A3:LeaderElection7] INFO  impl.LeaderElection (LeaderElection.java:askForVotes(181)) - bf8b2f5f-e1cf-4ce6-bf74-922538ef217e:group-86E6DBB842A3:LeaderElection7: begin an election at term 1 for -1: [bf8b2f5f-e1cf-4ce6-bf74-922538ef217e:192.168.5.156:41260], old=null
2019-08-30 07:08:40,837 [a4417465-4f8a-4a39-91d4-515e5517d525:group-39E77C7E23B3:LeaderElection6] INFO  impl.LeaderElection (LeaderElection.java:askForVotes(181)) - a4417465-4f8a-4a39-91d4-515e5517d525:group-39E77C7E23B3:LeaderElection6: begin an election at term 1 for -1: [a4417465-4f8a-4a39-91d4-515e5517d525:192.168.5.156:41004], old=null
2019-08-30 07:08:40,837 [bf8b2f5f-e1cf-4ce6-bf74-922538ef217e:group-86E6DBB842A3:LeaderElection7] INFO  impl.RoleInfo (RoleInfo.java:shutdownLeaderElection(134)) - bf8b2f5f-e1cf-4ce6-bf74-922538ef217e: shutdown LeaderElection
2019-08-30 07:08:40,837 [a4417465-4f8a-4a39-91d4-515e5517d525:group-39E77C7E23B3:LeaderElection6] INFO  impl.RoleInfo (RoleInfo.java:shutdownLeaderElection(134)) - a4417465-4f8a-4a39-91d4-515e5517d525: shutdown LeaderElection
2019-08-30 07:08:40,837 [bf8b2f5f-e1cf-4ce6-bf74-922538ef217e:group-86E6DBB842A3:LeaderElection7] INFO  impl.RaftServerImpl (RaftServerImpl.java:setRole(171)) - bf8b2f5f-e1cf-4ce6-bf74-922538ef217e:group-86E6DBB842A3 changes role from CANDIDATE to LEADER at term 1 for changeToLeader
2019-08-30 07:08:40,837 [a4417465-4f8a-4a39-91d4-515e5517d525:group-39E77C7E23B3:LeaderElection6] INFO  impl.RaftServerImpl (RaftServerImpl.java:setRole(171)) - a4417465-4f8a-4a39-91d4-515e5517d525:group-39E77C7E23B3 changes role from CANDIDATE to LEADER at term 1 for changeToLeader
2019-08-30 07:08:40,837 [bf8b2f5f-e1cf-4ce6-bf74-922538ef217e:group-86E6DBB842A3:LeaderElection7] INFO  impl.RaftServerImpl (ServerState.java:setLeader(263)) - bf8b2f5f-e1cf-4ce6-bf74-922538ef217e:group-86E6DBB842A3 change Leader from null to bf8b2f5f-e1cf-4ce6-bf74-922538ef217e at term 1 for becomeLeader, leader elected after 5219ms
2019-08-30 07:08:40,838 [a4417465-4f8a-4a39-91d4-515e5517d525:group-39E77C7E23B3:LeaderElection6] INFO  impl.RaftServerImpl (ServerState.java:setLeader(263)) - a4417465-4f8a-4a39-91d4-515e5517d525:group-39E77C7E23B3 change Leader from null to a4417465-4f8a-4a39-91d4-515e5517d525 at term 1 for becomeLeader, leader elected after 5121ms
2019-08-30 07:08:40,840 [bf8b2f5f-e1cf-4ce6-bf74-922538ef217e:group-86E6DBB842A3:LeaderElection7] INFO  server.RaftServerConfigKeys (ConfUtils.java:logGet(43)) - raft.server.staging.catchup.gap = 1000 (default)
2019-08-30 07:08:40,842 [a4417465-4f8a-4a39-91d4-515e5517d525:group-39E77C7E23B3:LeaderElection6] INFO  server.RaftServerConfigKeys (ConfUtils.java:logGet(43)) - raft.server.staging.catchup.gap = 1000 (default)
2019-08-30 07:08:40,842 [bf8b2f5f-e1cf-4ce6-bf74-922538ef217e:group-86E6DBB842A3:LeaderElection7] INFO  server.RaftServerConfigKeys (ConfUtils.java:logGet(43)) - raft.server.rpc.sleep.time = 25ms (default)
2019-08-30 07:08:40,842 [a4417465-4f8a-4a39-91d4-515e5517d525:group-39E77C7E23B3:LeaderElection6] INFO  server.RaftServerConfigKeys (ConfUtils.java:logGet(43)) - raft.server.rpc.sleep.time = 25ms (default)
2019-08-30 07:08:40,843 [bf8b2f5f-e1cf-4ce6-bf74-922538ef217e:group-86E6DBB842A3:LeaderElection7] INFO  server.RaftServerConfigKeys (ConfUtils.java:logGet(43)) - raft.server.write.element-limit = 4096 (default)
2019-08-30 07:08:40,843 [a4417465-4f8a-4a39-91d4-515e5517d525:group-39E77C7E23B3:LeaderElection6] INFO  server.RaftServerConfigKeys (ConfUtils.java:logGet(43)) - raft.server.write.element-limit = 4096 (default)
2019-08-30 07:08:40,843 [bf8b2f5f-e1cf-4ce6-bf74-922538ef217e:group-86E6DBB842A3:LeaderElection7] INFO  server.RaftServerConfigKeys (ConfUtils.java:logGet(43)) - raft.server.watch.timeout = 10s (default)
2019-08-30 07:08:40,843 [a4417465-4f8a-4a39-91d4-515e5517d525:group-39E77C7E23B3:LeaderElection6] INFO  server.RaftServerConfigKeys (ConfUtils.java:logGet(43)) - raft.server.watch.timeout = 10s (default)
2019-08-30 07:08:40,843 [bf8b2f5f-e1cf-4ce6-bf74-922538ef217e:group-86E6DBB842A3:LeaderElection7] INFO  server.RaftServerConfigKeys (ConfUtils.java:logGet(43)) - raft.server.watch.timeout.denomination = 1s (default)
2019-08-30 07:08:40,843 [a4417465-4f8a-4a39-91d4-515e5517d525:group-39E77C7E23B3:LeaderElection6] INFO  server.RaftServerConfigKeys (ConfUtils.java:logGet(43)) - raft.server.watch.timeout.denomination = 1s (default)
2019-08-30 07:08:40,843 [bf8b2f5f-e1cf-4ce6-bf74-922538ef217e:group-86E6DBB842A3:LeaderElection7] INFO  server.RaftServerConfigKeys (ConfUtils.java:logGet(43)) - raft.server.watch.element-limit = 65536 (default)
2019-08-30 07:08:40,843 [a4417465-4f8a-4a39-91d4-515e5517d525:group-39E77C7E23B3:LeaderElection6] INFO  server.RaftServerConfigKeys (ConfUtils.java:logGet(43)) - raft.server.watch.element-limit = 65536 (default)
2019-08-30 07:08:40,844 [bf8b2f5f-e1cf-4ce6-bf74-922538ef217e:group-86E6DBB842A3:LeaderElection7] INFO  impl.RoleInfo (RoleInfo.java:updateAndGet(143)) - bf8b2f5f-e1cf-4ce6-bf74-922538ef217e: start LeaderState
2019-08-30 07:08:40,844 [a4417465-4f8a-4a39-91d4-515e5517d525:group-39E77C7E23B3:LeaderElection6] INFO  impl.RoleInfo (RoleInfo.java:updateAndGet(143)) - a4417465-4f8a-4a39-91d4-515e5517d525: start LeaderState
2019-08-30 07:08:40,844 [bf8b2f5f-e1cf-4ce6-bf74-922538ef217e:group-86E6DBB842A3:LeaderElection7] INFO  segmented.SegmentedRaftLogWorker (SegmentedRaftLogWorker.java:startLogSegment(380)) - bf8b2f5f-e1cf-4ce6-bf74-922538ef217e-SegmentedRaftLogWorker:Storage Directory /workdir/hadoop-ozone/integration-test/target/test-dir/MiniOzoneClusterImpl-c6ae54c1-d46d-4dd5-b528-c2e096086b9a/datanode-4/data/ratis/2cf8e990-72ed-4633-8625-86e6dbb842a3: Starting segment from index:0
2019-08-30 07:08:40,844 [a4417465-4f8a-4a39-91d4-515e5517d525:group-39E77C7E23B3:LeaderElection6] INFO  segmented.SegmentedRaftLogWorker (SegmentedRaftLogWorker.java:startLogSegment(380)) - a4417465-4f8a-4a39-91d4-515e5517d525-SegmentedRaftLogWorker:Storage Directory /workdir/hadoop-ozone/integration-test/target/test-dir/MiniOzoneClusterImpl-c6ae54c1-d46d-4dd5-b528-c2e096086b9a/datanode-1/data/ratis/e9648ca0-8e3a-4310-aa25-39e77c7e23b3: Starting segment from index:0
2019-08-30 07:08:40,845 [bf8b2f5f-e1cf-4ce6-bf74-922538ef217e:group-86E6DBB842A3:LeaderElection7] INFO  impl.RaftServerImpl (ServerState.java:setRaftConf(361)) - bf8b2f5f-e1cf-4ce6-bf74-922538ef217e:group-86E6DBB842A3 set configuration 0: [bf8b2f5f-e1cf-4ce6-bf74-922538ef217e:192.168.5.156:41260], old=null at 0
2019-08-30 07:08:40,845 [a4417465-4f8a-4a39-91d4-515e5517d525:group-39E77C7E23B3:LeaderElection6] INFO  impl.RaftServerImpl (ServerState.java:setRaftConf(361)) - a4417465-4f8a-4a39-91d4-515e5517d525:group-39E77C7E23B3 set configuration 0: [a4417465-4f8a-4a39-91d4-515e5517d525:192.168.5.156:41004], old=null at 0
2019-08-30 07:08:40,903 [a4417465-4f8a-4a39-91d4-515e5517d525-SegmentedRaftLogWorker:Storage Directory /workdir/hadoop-ozone/integration-test/target/test-dir/MiniOzoneClusterImpl-c6ae54c1-d46d-4dd5-b528-c2e096086b9a/datanode-1/data/ratis/e9648ca0-8e3a-4310-aa25-39e77c7e23b3] INFO  segmented.SegmentedRaftLogWorker (SegmentedRaftLogWorker.java:execute(569)) - a4417465-4f8a-4a39-91d4-515e5517d525-SegmentedRaftLogWorker:Storage Directory /workdir/hadoop-ozone/integration-test/target/test-dir/MiniOzoneClusterImpl-c6ae54c1-d46d-4dd5-b528-c2e096086b9a/datanode-1/data/ratis/e9648ca0-8e3a-4310-aa25-39e77c7e23b3: created new log segment /workdir/hadoop-ozone/integration-test/target/test-dir/MiniOzoneClusterImpl-c6ae54c1-d46d-4dd5-b528-c2e096086b9a/datanode-1/data/ratis/e9648ca0-8e3a-4310-aa25-39e77c7e23b3/current/log_inprogress_0
2019-08-30 07:08:40,903 [bf8b2f5f-e1cf-4ce6-bf74-922538ef217e-SegmentedRaftLogWorker:Storage Directory /workdir/hadoop-ozone/integration-test/target/test-dir/MiniOzoneClusterImpl-c6ae54c1-d46d-4dd5-b528-c2e096086b9a/datanode-4/data/ratis/2cf8e990-72ed-4633-8625-86e6dbb842a3] INFO  segmented.SegmentedRaftLogWorker (SegmentedRaftLogWorker.java:execute(569)) - bf8b2f5f-e1cf-4ce6-bf74-922538ef217e-SegmentedRaftLogWorker:Storage Directory /workdir/hadoop-ozone/integration-test/target/test-dir/MiniOzoneClusterImpl-c6ae54c1-d46d-4dd5-b528-c2e096086b9a/datanode-4/data/ratis/2cf8e990-72ed-4633-8625-86e6dbb842a3: created new log segment /workdir/hadoop-ozone/integration-test/target/test-dir/MiniOzoneClusterImpl-c6ae54c1-d46d-4dd5-b528-c2e096086b9a/datanode-4/data/ratis/2cf8e990-72ed-4633-8625-86e6dbb842a3/current/log_inprogress_0
2019-08-30 07:08:40,905 [Thread-263] INFO  impl.FollowerState (FollowerState.java:run(106)) - c6f80673-9b9b-48d9-974f-74d8c6e53dca:group-30E28E14A856 changes to CANDIDATE, lastRpcTime:5052, electionTimeout:5052ms
2019-08-30 07:08:40,908 [Thread-263] INFO  impl.RoleInfo (RoleInfo.java:shutdownFollowerState(121)) - c6f80673-9b9b-48d9-974f-74d8c6e53dca: shutdown FollowerState
2019-08-30 07:08:40,908 [Thread-263] INFO  impl.RaftServerImpl (RaftServerImpl.java:setRole(171)) - c6f80673-9b9b-48d9-974f-74d8c6e53dca:group-30E28E14A856 changes role from FOLLOWER to CANDIDATE at term 0 for changeToCandidate
2019-08-30 07:08:40,908 [Thread-263] INFO  impl.RoleInfo (RoleInfo.java:updateAndGet(143)) - c6f80673-9b9b-48d9-974f-74d8c6e53dca: start LeaderElection
2019-08-30 07:08:40,930 [c6f80673-9b9b-48d9-974f-74d8c6e53dca:group-30E28E14A856:LeaderElection8] INFO  impl.LeaderElection (LeaderElection.java:askForVotes(181)) - c6f80673-9b9b-48d9-974f-74d8c6e53dca:group-30E28E14A856:LeaderElection8: begin an election at term 1 for -1: [c6f80673-9b9b-48d9-974f-74d8c6e53dca:192.168.5.156:45192, edec05a3-e2d1-4a21-a444-d2129c222199:192.168.5.156:45835, d4249830-50d0-4433-aac8-f817ef11b799:192.168.5.156:39155], old=null
2019-08-30 07:08:40,946 [Thread-268] INFO  impl.FollowerState (FollowerState.java:run(106)) - d4249830-50d0-4433-aac8-f817ef11b799:group-30E28E14A856 changes to CANDIDATE, lastRpcTime:5088, electionTimeout:5085ms
2019-08-30 07:08:40,946 [Thread-268] INFO  impl.RoleInfo (RoleInfo.java:shutdownFollowerState(121)) - d4249830-50d0-4433-aac8-f817ef11b799: shutdown FollowerState
2019-08-30 07:08:40,947 [Thread-268] INFO  impl.RaftServerImpl (RaftServerImpl.java:setRole(171)) - d4249830-50d0-4433-aac8-f817ef11b799:group-30E28E14A856 changes role from FOLLOWER to CANDIDATE at term 0 for changeToCandidate
2019-08-30 07:08:40,947 [Thread-268] INFO  impl.RoleInfo (RoleInfo.java:updateAndGet(143)) - d4249830-50d0-4433-aac8-f817ef11b799: start LeaderElection
2019-08-30 07:08:40,951 | INFO  | SCMAudit | user=jenkins1000 | ip=192.168.5.156 | op=SEND_HEARTBEAT {datanodeUUID=a4417465-4f8a-4a39-91d4-515e5517d525, command=[]} | ret=SUCCESS |  
2019-08-30 07:08:40,960 [grpc-default-executor-0] INFO  impl.RaftServerImpl (RaftServerImpl.java:setRole(171)) - edec05a3-e2d1-4a21-a444-d2129c222199:group-30E28E14A856 changes role from FOLLOWER to FOLLOWER at term 1 for recognizeCandidate:c6f80673-9b9b-48d9-974f-74d8c6e53dca
2019-08-30 07:08:40,960 [grpc-default-executor-0] INFO  impl.RoleInfo (RoleInfo.java:shutdownFollowerState(121)) - edec05a3-e2d1-4a21-a444-d2129c222199: shutdown FollowerState
2019-08-30 07:08:40,960 [grpc-default-executor-0] INFO  impl.RoleInfo (RoleInfo.java:updateAndGet(143)) - edec05a3-e2d1-4a21-a444-d2129c222199: start FollowerState
2019-08-30 07:08:40,960 [Thread-267] INFO  impl.FollowerState (FollowerState.java:run(114)) - edec05a3-e2d1-4a21-a444-d2129c222199: FollowerState was interrupted: java.lang.InterruptedException: sleep interrupted
2019-08-30 07:08:40,963 [d4249830-50d0-4433-aac8-f817ef11b799:group-30E28E14A856:LeaderElection9] INFO  impl.LeaderElection (LeaderElection.java:askForVotes(181)) - d4249830-50d0-4433-aac8-f817ef11b799:group-30E28E14A856:LeaderElection9: begin an election at term 1 for -1: [c6f80673-9b9b-48d9-974f-74d8c6e53dca:192.168.5.156:45192, edec05a3-e2d1-4a21-a444-d2129c222199:192.168.5.156:45835, d4249830-50d0-4433-aac8-f817ef11b799:192.168.5.156:39155], old=null
2019-08-30 07:08:41,003 [c6f80673-9b9b-48d9-974f-74d8c6e53dca:group-30E28E14A856:LeaderElection8] INFO  impl.LeaderElection (LeaderElection.java:logAndReturn(56)) - c6f80673-9b9b-48d9-974f-74d8c6e53dca:group-30E28E14A856:LeaderElection8: Election PASSED; received 2 response(s) [c6f80673-9b9b-48d9-974f-74d8c6e53dca<-edec05a3-e2d1-4a21-a444-d2129c222199#0:OK-t1, c6f80673-9b9b-48d9-974f-74d8c6e53dca<-d4249830-50d0-4433-aac8-f817ef11b799#0:FAIL-t1] and 0 exception(s); c6f80673-9b9b-48d9-974f-74d8c6e53dca:t1, leader=null, voted=c6f80673-9b9b-48d9-974f-74d8c6e53dca, raftlog=c6f80673-9b9b-48d9-974f-74d8c6e53dca-SegmentedRaftLog:OPENED:c-1,f-1,i0, conf=-1: [c6f80673-9b9b-48d9-974f-74d8c6e53dca:192.168.5.156:45192, edec05a3-e2d1-4a21-a444-d2129c222199:192.168.5.156:45835, d4249830-50d0-4433-aac8-f817ef11b799:192.168.5.156:39155], old=null
2019-08-30 07:08:41,003 [d4249830-50d0-4433-aac8-f817ef11b799:group-30E28E14A856:LeaderElection9] INFO  impl.LeaderElection (LeaderElection.java:logAndReturn(56)) - d4249830-50d0-4433-aac8-f817ef11b799:group-30E28E14A856:LeaderElection9: Election REJECTED; received 2 response(s) [d4249830-50d0-4433-aac8-f817ef11b799<-c6f80673-9b9b-48d9-974f-74d8c6e53dca#0:FAIL-t1, d4249830-50d0-4433-aac8-f817ef11b799<-edec05a3-e2d1-4a21-a444-d2129c222199#0:FAIL-t1] and 0 exception(s); d4249830-50d0-4433-aac8-f817ef11b799:t1, leader=null, voted=d4249830-50d0-4433-aac8-f817ef11b799, raftlog=d4249830-50d0-4433-aac8-f817ef11b799-SegmentedRaftLog:OPENED:c-1,f-1,i0, conf=-1: [c6f80673-9b9b-48d9-974f-74d8c6e53dca:192.168.5.156:45192, edec05a3-e2d1-4a21-a444-d2129c222199:192.168.5.156:45835, d4249830-50d0-4433-aac8-f817ef11b799:192.168.5.156:39155], old=null
2019-08-30 07:08:41,003 [c6f80673-9b9b-48d9-974f-74d8c6e53dca:group-30E28E14A856:LeaderElection8] INFO  impl.RoleInfo (RoleInfo.java:shutdownLeaderElection(134)) - c6f80673-9b9b-48d9-974f-74d8c6e53dca: shutdown LeaderElection
2019-08-30 07:08:41,006 [c6f80673-9b9b-48d9-974f-74d8c6e53dca:group-30E28E14A856:LeaderElection8] INFO  impl.RaftServerImpl (RaftServerImpl.java:setRole(171)) - c6f80673-9b9b-48d9-974f-74d8c6e53dca:group-30E28E14A856 changes role from CANDIDATE to LEADER at term 1 for changeToLeader
2019-08-30 07:08:41,006 [d4249830-50d0-4433-aac8-f817ef11b799:group-30E28E14A856:LeaderElection9] INFO  impl.RaftServerImpl (RaftServerImpl.java:setRole(171)) - d4249830-50d0-4433-aac8-f817ef11b799:group-30E28E14A856 changes role from CANDIDATE to FOLLOWER at term 1 for DISCOVERED_A_NEW_TERM
2019-08-30 07:08:41,010 [c6f80673-9b9b-48d9-974f-74d8c6e53dca:group-30E28E14A856:LeaderElection8] INFO  impl.RaftServerImpl (ServerState.java:setLeader(263)) - c6f80673-9b9b-48d9-974f-74d8c6e53dca:group-30E28E14A856 change Leader from null to c6f80673-9b9b-48d9-974f-74d8c6e53dca at term 1 for becomeLeader, leader elected after 5173ms
2019-08-30 07:08:41,011 [d4249830-50d0-4433-aac8-f817ef11b799:group-30E28E14A856:LeaderElection9] INFO  impl.RoleInfo (RoleInfo.java:shutdownLeaderElection(134)) - d4249830-50d0-4433-aac8-f817ef11b799: shutdown LeaderElection
2019-08-30 07:08:41,011 [c6f80673-9b9b-48d9-974f-74d8c6e53dca:group-30E28E14A856:LeaderElection8] INFO  server.RaftServerConfigKeys (ConfUtils.java:logGet(43)) - raft.server.staging.catchup.gap = 1000 (default)
2019-08-30 07:08:41,011 [d4249830-50d0-4433-aac8-f817ef11b799:group-30E28E14A856:LeaderElection9] INFO  impl.RoleInfo (RoleInfo.java:updateAndGet(143)) - d4249830-50d0-4433-aac8-f817ef11b799: start FollowerState
2019-08-30 07:08:41,011 [c6f80673-9b9b-48d9-974f-74d8c6e53dca:group-30E28E14A856:LeaderElection8] INFO  server.RaftServerConfigKeys (ConfUtils.java:logGet(43)) - raft.server.rpc.sleep.time = 25ms (default)
2019-08-30 07:08:41,012 [c6f80673-9b9b-48d9-974f-74d8c6e53dca:group-30E28E14A856:LeaderElection8] INFO  server.RaftServerConfigKeys (ConfUtils.java:logGet(43)) - raft.server.write.element-limit = 4096 (default)
2019-08-30 07:08:41,013 [c6f80673-9b9b-48d9-974f-74d8c6e53dca:group-30E28E14A856:LeaderElection8] INFO  server.RaftServerConfigKeys (ConfUtils.java:logGet(43)) - raft.server.watch.timeout = 10s (default)
2019-08-30 07:08:41,013 [c6f80673-9b9b-48d9-974f-74d8c6e53dca:group-30E28E14A856:LeaderElection8] INFO  server.RaftServerConfigKeys (ConfUtils.java:logGet(43)) - raft.server.watch.timeout.denomination = 1s (default)
2019-08-30 07:08:41,013 [c6f80673-9b9b-48d9-974f-74d8c6e53dca:group-30E28E14A856:LeaderElection8] INFO  server.RaftServerConfigKeys (ConfUtils.java:logGet(43)) - raft.server.watch.element-limit = 65536 (default)
2019-08-30 07:08:41,016 [c6f80673-9b9b-48d9-974f-74d8c6e53dca:group-30E28E14A856:LeaderElection8] INFO  server.RaftServerConfigKeys (ConfUtils.java:logGet(43)) - raft.server.log.appender.snapshot.chunk.size.max = 16MB (=16777216) (default)
2019-08-30 07:08:41,016 [c6f80673-9b9b-48d9-974f-74d8c6e53dca:group-30E28E14A856:LeaderElection8] INFO  server.RaftServerConfigKeys (ConfUtils.java:logGet(43)) - raft.server.log.appender.buffer.byte-limit = 33554432 (custom)
2019-08-30 07:08:41,017 [c6f80673-9b9b-48d9-974f-74d8c6e53dca:group-30E28E14A856:LeaderElection8] INFO  server.RaftServerConfigKeys (ConfUtils.java:logGet(43)) - raft.server.log.appender.buffer.element-limit = 1 (custom)
2019-08-30 07:08:41,020 [c6f80673-9b9b-48d9-974f-74d8c6e53dca:group-30E28E14A856:LeaderElection8] INFO  grpc.GrpcConfigKeys$Server (ConfUtils.java:logGet(43)) - raft.grpc.server.leader.outstanding.appends.max = 128 (default)
2019-08-30 07:08:41,022 [c6f80673-9b9b-48d9-974f-74d8c6e53dca:group-30E28E14A856:LeaderElection8] INFO  server.RaftServerConfigKeys (ConfUtils.java:logGet(43)) - raft.server.rpc.request.timeout = 3000ms (default)
2019-08-30 07:08:41,022 [c6f80673-9b9b-48d9-974f-74d8c6e53dca:group-30E28E14A856:LeaderElection8] INFO  server.RaftServerConfigKeys (ConfUtils.java:logGet(43)) - raft.server.log.appender.install.snapshot.enabled = false (custom)
2019-08-30 07:08:41,022 [c6f80673-9b9b-48d9-974f-74d8c6e53dca:group-30E28E14A856:LeaderElection8] INFO  server.RaftServerConfigKeys (ConfUtils.java:logGet(43)) - raft.server.log.appender.snapshot.chunk.size.max = 16MB (=16777216) (default)
2019-08-30 07:08:41,022 [c6f80673-9b9b-48d9-974f-74d8c6e53dca:group-30E28E14A856:LeaderElection8] INFO  server.RaftServerConfigKeys (ConfUtils.java:logGet(43)) - raft.server.log.appender.buffer.byte-limit = 33554432 (custom)
2019-08-30 07:08:41,022 [c6f80673-9b9b-48d9-974f-74d8c6e53dca:group-30E28E14A856:LeaderElection8] INFO  server.RaftServerConfigKeys (ConfUtils.java:logGet(43)) - raft.server.log.appender.buffer.element-limit = 1 (custom)
2019-08-30 07:08:41,023 [c6f80673-9b9b-48d9-974f-74d8c6e53dca:group-30E28E14A856:LeaderElection8] INFO  grpc.GrpcConfigKeys$Server (ConfUtils.java:logGet(43)) - raft.grpc.server.leader.outstanding.appends.max = 128 (default)
2019-08-30 07:08:41,023 [c6f80673-9b9b-48d9-974f-74d8c6e53dca:group-30E28E14A856:LeaderElection8] INFO  server.RaftServerConfigKeys (ConfUtils.java:logGet(43)) - raft.server.rpc.request.timeout = 3000ms (default)
2019-08-30 07:08:41,023 [c6f80673-9b9b-48d9-974f-74d8c6e53dca:group-30E28E14A856:LeaderElection8] INFO  server.RaftServerConfigKeys (ConfUtils.java:logGet(43)) - raft.server.log.appender.install.snapshot.enabled = false (custom)
2019-08-30 07:08:41,024 [c6f80673-9b9b-48d9-974f-74d8c6e53dca:group-30E28E14A856:LeaderElection8] INFO  impl.RoleInfo (RoleInfo.java:updateAndGet(143)) - c6f80673-9b9b-48d9-974f-74d8c6e53dca: start LeaderState
2019-08-30 07:08:41,024 [c6f80673-9b9b-48d9-974f-74d8c6e53dca:group-30E28E14A856:LeaderElection8] INFO  segmented.SegmentedRaftLogWorker (SegmentedRaftLogWorker.java:startLogSegment(380)) - c6f80673-9b9b-48d9-974f-74d8c6e53dca-SegmentedRaftLogWorker:Storage Directory /workdir/hadoop-ozone/integration-test/target/test-dir/MiniOzoneClusterImpl-c6ae54c1-d46d-4dd5-b528-c2e096086b9a/datanode-5/data/ratis/9296e8b7-22bf-47ce-8a81-30e28e14a856: Starting segment from index:0
2019-08-30 07:08:41,026 [c6f80673-9b9b-48d9-974f-74d8c6e53dca:group-30E28E14A856:LeaderElection8] INFO  impl.RaftServerImpl (ServerState.java:setRaftConf(361)) - c6f80673-9b9b-48d9-974f-74d8c6e53dca:group-30E28E14A856 set configuration 0: [c6f80673-9b9b-48d9-974f-74d8c6e53dca:192.168.5.156:45192, edec05a3-e2d1-4a21-a444-d2129c222199:192.168.5.156:45835, d4249830-50d0-4433-aac8-f817ef11b799:192.168.5.156:39155], old=null at 0
2019-08-30 07:08:41,059 | INFO  | SCMAudit | user=jenkins1000 | ip=192.168.5.156 | op=SEND_HEARTBEAT {datanodeUUID=1f602086-e1ee-4a4e-927c-1e6b555c2f2b, command=[]} | ret=SUCCESS |  
2019-08-30 07:08:41,070 [Thread-272] INFO  impl.FollowerState (FollowerState.java:run(106)) - bf8b2f5f-e1cf-4ce6-bf74-922538ef217e:group-1121D3F08D0A changes to CANDIDATE, lastRpcTime:5072, electionTimeout:5072ms
2019-08-30 07:08:41,070 [Thread-272] INFO  impl.RoleInfo (RoleInfo.java:shutdownFollowerState(121)) - bf8b2f5f-e1cf-4ce6-bf74-922538ef217e: shutdown FollowerState
2019-08-30 07:08:41,070 [Thread-272] INFO  impl.RaftServerImpl (RaftServerImpl.java:setRole(171)) - bf8b2f5f-e1cf-4ce6-bf74-922538ef217e:group-1121D3F08D0A changes role from FOLLOWER to CANDIDATE at term 0 for changeToCandidate
2019-08-30 07:08:41,070 [Thread-272] INFO  impl.RoleInfo (RoleInfo.java:updateAndGet(143)) - bf8b2f5f-e1cf-4ce6-bf74-922538ef217e: start LeaderElection
2019-08-30 07:08:41,070 [c6f80673-9b9b-48d9-974f-74d8c6e53dca-SegmentedRaftLogWorker:Storage Directory /workdir/hadoop-ozone/integration-test/target/test-dir/MiniOzoneClusterImpl-c6ae54c1-d46d-4dd5-b528-c2e096086b9a/datanode-5/data/ratis/9296e8b7-22bf-47ce-8a81-30e28e14a856] INFO  segmented.SegmentedRaftLogWorker (SegmentedRaftLogWorker.java:execute(569)) - c6f80673-9b9b-48d9-974f-74d8c6e53dca-SegmentedRaftLogWorker:Storage Directory /workdir/hadoop-ozone/integration-test/target/test-dir/MiniOzoneClusterImpl-c6ae54c1-d46d-4dd5-b528-c2e096086b9a/datanode-5/data/ratis/9296e8b7-22bf-47ce-8a81-30e28e14a856: created new log segment /workdir/hadoop-ozone/integration-test/target/test-dir/MiniOzoneClusterImpl-c6ae54c1-d46d-4dd5-b528-c2e096086b9a/datanode-5/data/ratis/9296e8b7-22bf-47ce-8a81-30e28e14a856/current/log_inprogress_0
2019-08-30 07:08:41,077 [grpc-default-executor-1] INFO  impl.RaftServerImpl (ServerState.java:setLeader(263)) - edec05a3-e2d1-4a21-a444-d2129c222199:group-30E28E14A856 change Leader from null to c6f80673-9b9b-48d9-974f-74d8c6e53dca at term 1 for appendEntries, leader elected after 5241ms
2019-08-30 07:08:41,077 [grpc-default-executor-2] INFO  impl.RaftServerImpl (ServerState.java:setLeader(263)) - d4249830-50d0-4433-aac8-f817ef11b799:group-30E28E14A856 change Leader from null to c6f80673-9b9b-48d9-974f-74d8c6e53dca at term 1 for appendEntries, leader elected after 5241ms
2019-08-30 07:08:41,087 [bf8b2f5f-e1cf-4ce6-bf74-922538ef217e:group-1121D3F08D0A:LeaderElection10] INFO  impl.LeaderElection (LeaderElection.java:askForVotes(181)) - bf8b2f5f-e1cf-4ce6-bf74-922538ef217e:group-1121D3F08D0A:LeaderElection10: begin an election at term 1 for -1: [f8a0b598-bd5c-4ec2-8ae7-5248ee7e527c:192.168.5.156:44827, bf8b2f5f-e1cf-4ce6-bf74-922538ef217e:192.168.5.156:41260, 1f602086-e1ee-4a4e-927c-1e6b555c2f2b:192.168.5.156:39893], old=null
2019-08-30 07:08:41,119 [grpc-default-executor-0] INFO  impl.RaftServerImpl (RaftServerImpl.java:setRole(171)) - 1f602086-e1ee-4a4e-927c-1e6b555c2f2b:group-1121D3F08D0A changes role from FOLLOWER to FOLLOWER at term 1 for recognizeCandidate:bf8b2f5f-e1cf-4ce6-bf74-922538ef217e
2019-08-30 07:08:41,119 [Thread-276] INFO  impl.FollowerState (FollowerState.java:run(106)) - f8a0b598-bd5c-4ec2-8ae7-5248ee7e527c:group-1121D3F08D0A changes to CANDIDATE, lastRpcTime:5116, electionTimeout:5104ms
2019-08-30 07:08:41,119 [grpc-default-executor-0] INFO  impl.RoleInfo (RoleInfo.java:shutdownFollowerState(121)) - 1f602086-e1ee-4a4e-927c-1e6b555c2f2b: shutdown FollowerState
2019-08-30 07:08:41,120 [Thread-276] INFO  impl.RoleInfo (RoleInfo.java:shutdownFollowerState(121)) - f8a0b598-bd5c-4ec2-8ae7-5248ee7e527c: shutdown FollowerState
2019-08-30 07:08:41,120 [Thread-277] INFO  impl.FollowerState (FollowerState.java:run(114)) - 1f602086-e1ee-4a4e-927c-1e6b555c2f2b: FollowerState was interrupted: java.lang.InterruptedException: sleep interrupted
2019-08-30 07:08:41,120 [grpc-default-executor-0] INFO  impl.RoleInfo (RoleInfo.java:updateAndGet(143)) - 1f602086-e1ee-4a4e-927c-1e6b555c2f2b: start FollowerState
2019-08-30 07:08:41,120 [Thread-276] INFO  impl.RaftServerImpl (RaftServerImpl.java:setRole(171)) - f8a0b598-bd5c-4ec2-8ae7-5248ee7e527c:group-1121D3F08D0A changes role from FOLLOWER to CANDIDATE at term 0 for changeToCandidate
2019-08-30 07:08:41,122 [Thread-276] INFO  impl.RoleInfo (RoleInfo.java:updateAndGet(143)) - f8a0b598-bd5c-4ec2-8ae7-5248ee7e527c: start LeaderElection
2019-08-30 07:08:41,142 [f8a0b598-bd5c-4ec2-8ae7-5248ee7e527c:group-1121D3F08D0A:LeaderElection11] INFO  impl.LeaderElection (LeaderElection.java:askForVotes(181)) - f8a0b598-bd5c-4ec2-8ae7-5248ee7e527c:group-1121D3F08D0A:LeaderElection11: begin an election at term 1 for -1: [f8a0b598-bd5c-4ec2-8ae7-5248ee7e527c:192.168.5.156:44827, bf8b2f5f-e1cf-4ce6-bf74-922538ef217e:192.168.5.156:41260, 1f602086-e1ee-4a4e-927c-1e6b555c2f2b:192.168.5.156:39893], old=null
2019-08-30 07:08:41,147 [bf8b2f5f-e1cf-4ce6-bf74-922538ef217e:group-1121D3F08D0A:LeaderElection10] INFO  impl.LeaderElection (LeaderElection.java:logAndReturn(56)) - bf8b2f5f-e1cf-4ce6-bf74-922538ef217e:group-1121D3F08D0A:LeaderElection10: Election PASSED; received 1 response(s) [bf8b2f5f-e1cf-4ce6-bf74-922538ef217e<-1f602086-e1ee-4a4e-927c-1e6b555c2f2b#0:OK-t1] and 0 exception(s); bf8b2f5f-e1cf-4ce6-bf74-922538ef217e:t1, leader=null, voted=bf8b2f5f-e1cf-4ce6-bf74-922538ef217e, raftlog=bf8b2f5f-e1cf-4ce6-bf74-922538ef217e-SegmentedRaftLog:OPENED:c-1,f-1,i0, conf=-1: [f8a0b598-bd5c-4ec2-8ae7-5248ee7e527c:192.168.5.156:44827, bf8b2f5f-e1cf-4ce6-bf74-922538ef217e:192.168.5.156:41260, 1f602086-e1ee-4a4e-927c-1e6b555c2f2b:192.168.5.156:39893], old=null
2019-08-30 07:08:41,150 [bf8b2f5f-e1cf-4ce6-bf74-922538ef217e:group-1121D3F08D0A:LeaderElection10] INFO  impl.RoleInfo (RoleInfo.java:shutdownLeaderElection(134)) - bf8b2f5f-e1cf-4ce6-bf74-922538ef217e: shutdown LeaderElection
2019-08-30 07:08:41,151 [bf8b2f5f-e1cf-4ce6-bf74-922538ef217e:group-1121D3F08D0A:LeaderElection10] INFO  impl.RaftServerImpl (RaftServerImpl.java:setRole(171)) - bf8b2f5f-e1cf-4ce6-bf74-922538ef217e:group-1121D3F08D0A changes role from CANDIDATE to LEADER at term 1 for changeToLeader
2019-08-30 07:08:41,151 [bf8b2f5f-e1cf-4ce6-bf74-922538ef217e:group-1121D3F08D0A:LeaderElection10] INFO  impl.RaftServerImpl (ServerState.java:setLeader(263)) - bf8b2f5f-e1cf-4ce6-bf74-922538ef217e:group-1121D3F08D0A change Leader from null to bf8b2f5f-e1cf-4ce6-bf74-922538ef217e at term 1 for becomeLeader, leader elected after 5168ms
2019-08-30 07:08:41,155 [bf8b2f5f-e1cf-4ce6-bf74-922538ef217e:group-1121D3F08D0A:LeaderElection10] INFO  server.RaftServerConfigKeys (ConfUtils.java:logGet(43)) - raft.server.staging.catchup.gap = 1000 (default)
2019-08-30 07:08:41,155 [bf8b2f5f-e1cf-4ce6-bf74-922538ef217e:group-1121D3F08D0A:LeaderElection10] INFO  server.RaftServerConfigKeys (ConfUtils.java:logGet(43)) - raft.server.rpc.sleep.time = 25ms (default)
2019-08-30 07:08:41,155 [bf8b2f5f-e1cf-4ce6-bf74-922538ef217e:group-1121D3F08D0A:LeaderElection10] INFO  server.RaftServerConfigKeys (ConfUtils.java:logGet(43)) - raft.server.write.element-limit = 4096 (default)
2019-08-30 07:08:41,155 [bf8b2f5f-e1cf-4ce6-bf74-922538ef217e:group-1121D3F08D0A:LeaderElection10] INFO  server.RaftServerConfigKeys (ConfUtils.java:logGet(43)) - raft.server.watch.timeout = 10s (default)
2019-08-30 07:08:41,155 [bf8b2f5f-e1cf-4ce6-bf74-922538ef217e:group-1121D3F08D0A:LeaderElection10] INFO  server.RaftServerConfigKeys (ConfUtils.java:logGet(43)) - raft.server.watch.timeout.denomination = 1s (default)
2019-08-30 07:08:41,155 [bf8b2f5f-e1cf-4ce6-bf74-922538ef217e:group-1121D3F08D0A:LeaderElection10] INFO  server.RaftServerConfigKeys (ConfUtils.java:logGet(43)) - raft.server.watch.element-limit = 65536 (default)
2019-08-30 07:08:41,156 [bf8b2f5f-e1cf-4ce6-bf74-922538ef217e:group-1121D3F08D0A:LeaderElection10] INFO  server.RaftServerConfigKeys (ConfUtils.java:logGet(43)) - raft.server.log.appender.snapshot.chunk.size.max = 16MB (=16777216) (default)
2019-08-30 07:08:41,156 [bf8b2f5f-e1cf-4ce6-bf74-922538ef217e:group-1121D3F08D0A:LeaderElection10] INFO  server.RaftServerConfigKeys (ConfUtils.java:logGet(43)) - raft.server.log.appender.buffer.byte-limit = 33554432 (custom)
2019-08-30 07:08:41,156 | INFO  | SCMAudit | user=jenkins1000 | ip=192.168.5.156 | op=SEND_HEARTBEAT {datanodeUUID=edec05a3-e2d1-4a21-a444-d2129c222199, command=[]} | ret=SUCCESS |  
2019-08-30 07:08:41,156 [bf8b2f5f-e1cf-4ce6-bf74-922538ef217e:group-1121D3F08D0A:LeaderElection10] INFO  server.RaftServerConfigKeys (ConfUtils.java:logGet(43)) - raft.server.log.appender.buffer.element-limit = 1 (custom)
2019-08-30 07:08:41,156 [bf8b2f5f-e1cf-4ce6-bf74-922538ef217e:group-1121D3F08D0A:LeaderElection10] INFO  grpc.GrpcConfigKeys$Server (ConfUtils.java:logGet(43)) - raft.grpc.server.leader.outstanding.appends.max = 128 (default)
2019-08-30 07:08:41,157 [bf8b2f5f-e1cf-4ce6-bf74-922538ef217e:group-1121D3F08D0A:LeaderElection10] INFO  server.RaftServerConfigKeys (ConfUtils.java:logGet(43)) - raft.server.rpc.request.timeout = 3000ms (default)
2019-08-30 07:08:41,157 [bf8b2f5f-e1cf-4ce6-bf74-922538ef217e:group-1121D3F08D0A:LeaderElection10] INFO  server.RaftServerConfigKeys (ConfUtils.java:logGet(43)) - raft.server.log.appender.install.snapshot.enabled = false (custom)
2019-08-30 07:08:41,157 [bf8b2f5f-e1cf-4ce6-bf74-922538ef217e:group-1121D3F08D0A:LeaderElection10] INFO  server.RaftServerConfigKeys (ConfUtils.java:logGet(43)) - raft.server.log.appender.snapshot.chunk.size.max = 16MB (=16777216) (default)
2019-08-30 07:08:41,157 [bf8b2f5f-e1cf-4ce6-bf74-922538ef217e:group-1121D3F08D0A:LeaderElection10] INFO  server.RaftServerConfigKeys (ConfUtils.java:logGet(43)) - raft.server.log.appender.buffer.byte-limit = 33554432 (custom)
2019-08-30 07:08:41,157 [bf8b2f5f-e1cf-4ce6-bf74-922538ef217e:group-1121D3F08D0A:LeaderElection10] INFO  server.RaftServerConfigKeys (ConfUtils.java:logGet(43)) - raft.server.log.appender.buffer.element-limit = 1 (custom)
2019-08-30 07:08:41,157 [bf8b2f5f-e1cf-4ce6-bf74-922538ef217e:group-1121D3F08D0A:LeaderElection10] INFO  grpc.GrpcConfigKeys$Server (ConfUtils.java:logGet(43)) - raft.grpc.server.leader.outstanding.appends.max = 128 (default)
2019-08-30 07:08:41,158 [bf8b2f5f-e1cf-4ce6-bf74-922538ef217e:group-1121D3F08D0A:LeaderElection10] INFO  server.RaftServerConfigKeys (ConfUtils.java:logGet(43)) - raft.server.rpc.request.timeout = 3000ms (default)
2019-08-30 07:08:41,158 [bf8b2f5f-e1cf-4ce6-bf74-922538ef217e:group-1121D3F08D0A:LeaderElection10] INFO  server.RaftServerConfigKeys (ConfUtils.java:logGet(43)) - raft.server.log.appender.install.snapshot.enabled = false (custom)
2019-08-30 07:08:41,158 [bf8b2f5f-e1cf-4ce6-bf74-922538ef217e:group-1121D3F08D0A:LeaderElection10] INFO  impl.RoleInfo (RoleInfo.java:updateAndGet(143)) - bf8b2f5f-e1cf-4ce6-bf74-922538ef217e: start LeaderState
2019-08-30 07:08:41,158 [bf8b2f5f-e1cf-4ce6-bf74-922538ef217e:group-1121D3F08D0A:LeaderElection10] INFO  segmented.SegmentedRaftLogWorker (SegmentedRaftLogWorker.java:startLogSegment(380)) - bf8b2f5f-e1cf-4ce6-bf74-922538ef217e-SegmentedRaftLogWorker:Storage Directory /workdir/hadoop-ozone/integration-test/target/test-dir/MiniOzoneClusterImpl-c6ae54c1-d46d-4dd5-b528-c2e096086b9a/datanode-4/data/ratis/11123a4e-fbaa-4134-88fc-1121d3f08d0a: Starting segment from index:0
2019-08-30 07:08:41,159 [bf8b2f5f-e1cf-4ce6-bf74-922538ef217e:group-1121D3F08D0A:LeaderElection10] INFO  impl.RaftServerImpl (ServerState.java:setRaftConf(361)) - bf8b2f5f-e1cf-4ce6-bf74-922538ef217e:group-1121D3F08D0A set configuration 0: [f8a0b598-bd5c-4ec2-8ae7-5248ee7e527c:192.168.5.156:44827, bf8b2f5f-e1cf-4ce6-bf74-922538ef217e:192.168.5.156:41260, 1f602086-e1ee-4a4e-927c-1e6b555c2f2b:192.168.5.156:39893], old=null at 0
2019-08-30 07:08:41,159 [grpc-default-executor-3] INFO  impl.RaftServerImpl (ServerState.java:setRaftConf(361)) - edec05a3-e2d1-4a21-a444-d2129c222199:group-30E28E14A856 set configuration 0: [c6f80673-9b9b-48d9-974f-74d8c6e53dca:192.168.5.156:45192, edec05a3-e2d1-4a21-a444-d2129c222199:192.168.5.156:45835, d4249830-50d0-4433-aac8-f817ef11b799:192.168.5.156:39155], old=null at 0
2019-08-30 07:08:41,159 [grpc-default-executor-0] INFO  impl.RaftServerImpl (ServerState.java:setRaftConf(361)) - d4249830-50d0-4433-aac8-f817ef11b799:group-30E28E14A856 set configuration 0: [c6f80673-9b9b-48d9-974f-74d8c6e53dca:192.168.5.156:45192, edec05a3-e2d1-4a21-a444-d2129c222199:192.168.5.156:45835, d4249830-50d0-4433-aac8-f817ef11b799:192.168.5.156:39155], old=null at 0
2019-08-30 07:08:41,194 [grpc-default-executor-3] INFO  segmented.SegmentedRaftLogWorker (SegmentedRaftLogWorker.java:startLogSegment(380)) - edec05a3-e2d1-4a21-a444-d2129c222199-SegmentedRaftLogWorker:Storage Directory /workdir/hadoop-ozone/integration-test/target/test-dir/MiniOzoneClusterImpl-c6ae54c1-d46d-4dd5-b528-c2e096086b9a/datanode-2/data/ratis/9296e8b7-22bf-47ce-8a81-30e28e14a856: Starting segment from index:0
2019-08-30 07:08:41,196 [grpc-default-executor-0] INFO  segmented.SegmentedRaftLogWorker (SegmentedRaftLogWorker.java:startLogSegment(380)) - d4249830-50d0-4433-aac8-f817ef11b799-SegmentedRaftLogWorker:Storage Directory /workdir/hadoop-ozone/integration-test/target/test-dir/MiniOzoneClusterImpl-c6ae54c1-d46d-4dd5-b528-c2e096086b9a/datanode-0/data/ratis/9296e8b7-22bf-47ce-8a81-30e28e14a856: Starting segment from index:0
2019-08-30 07:08:41,197 [grpc-default-executor-4] INFO  impl.RaftServerImpl (RaftServerImpl.java:requestVote(754)) - bf8b2f5f-e1cf-4ce6-bf74-922538ef217e-LEADER: Withhold vote from candidate f8a0b598-bd5c-4ec2-8ae7-5248ee7e527c with term 1. State: leader=bf8b2f5f-e1cf-4ce6-bf74-922538ef217e, term=1, lastRpcElapsed=null
2019-08-30 07:08:41,238 [bf8b2f5f-e1cf-4ce6-bf74-922538ef217e-SegmentedRaftLogWorker:Storage Directory /workdir/hadoop-ozone/integration-test/target/test-dir/MiniOzoneClusterImpl-c6ae54c1-d46d-4dd5-b528-c2e096086b9a/datanode-4/data/ratis/11123a4e-fbaa-4134-88fc-1121d3f08d0a] INFO  segmented.SegmentedRaftLogWorker (SegmentedRaftLogWorker.java:execute(569)) - bf8b2f5f-e1cf-4ce6-bf74-922538ef217e-SegmentedRaftLogWorker:Storage Directory /workdir/hadoop-ozone/integration-test/target/test-dir/MiniOzoneClusterImpl-c6ae54c1-d46d-4dd5-b528-c2e096086b9a/datanode-4/data/ratis/11123a4e-fbaa-4134-88fc-1121d3f08d0a: created new log segment /workdir/hadoop-ozone/integration-test/target/test-dir/MiniOzoneClusterImpl-c6ae54c1-d46d-4dd5-b528-c2e096086b9a/datanode-4/data/ratis/11123a4e-fbaa-4134-88fc-1121d3f08d0a/current/log_inprogress_0
2019-08-30 07:08:41,242 [grpc-default-executor-4] INFO  impl.RaftServerImpl (RaftServerImpl.java:setRole(171)) - f8a0b598-bd5c-4ec2-8ae7-5248ee7e527c:group-1121D3F08D0A changes role from CANDIDATE to FOLLOWER at term 1 for appendEntries
2019-08-30 07:08:41,242 [grpc-default-executor-4] INFO  impl.RoleInfo (RoleInfo.java:shutdownLeaderElection(134)) - f8a0b598-bd5c-4ec2-8ae7-5248ee7e527c: shutdown LeaderElection
2019-08-30 07:08:41,242 [grpc-default-executor-4] INFO  impl.RoleInfo (RoleInfo.java:updateAndGet(143)) - f8a0b598-bd5c-4ec2-8ae7-5248ee7e527c: start FollowerState
2019-08-30 07:08:41,242 [grpc-default-executor-4] INFO  impl.RaftServerImpl (ServerState.java:setLeader(263)) - f8a0b598-bd5c-4ec2-8ae7-5248ee7e527c:group-1121D3F08D0A change Leader from null to bf8b2f5f-e1cf-4ce6-bf74-922538ef217e at term 1 for appendEntries, leader elected after 5258ms
2019-08-30 07:08:41,243 [f8a0b598-bd5c-4ec2-8ae7-5248ee7e527c:group-1121D3F08D0A:LeaderElection11] INFO  impl.LeaderElection (LeaderElection.java:logAndReturn(56)) - f8a0b598-bd5c-4ec2-8ae7-5248ee7e527c:group-1121D3F08D0A:LeaderElection11: Election REJECTED; received 1 response(s) [f8a0b598-bd5c-4ec2-8ae7-5248ee7e527c<-1f602086-e1ee-4a4e-927c-1e6b555c2f2b#0:FAIL-t1] and 0 exception(s); f8a0b598-bd5c-4ec2-8ae7-5248ee7e527c:t1, leader=bf8b2f5f-e1cf-4ce6-bf74-922538ef217e, voted=f8a0b598-bd5c-4ec2-8ae7-5248ee7e527c, raftlog=f8a0b598-bd5c-4ec2-8ae7-5248ee7e527c-SegmentedRaftLog:OPENED:c-1,f-1,i0, conf=-1: [f8a0b598-bd5c-4ec2-8ae7-5248ee7e527c:192.168.5.156:44827, bf8b2f5f-e1cf-4ce6-bf74-922538ef217e:192.168.5.156:41260, 1f602086-e1ee-4a4e-927c-1e6b555c2f2b:192.168.5.156:39893], old=null
2019-08-30 07:08:41,250 [d4249830-50d0-4433-aac8-f817ef11b799-SegmentedRaftLogWorker:Storage Directory /workdir/hadoop-ozone/integration-test/target/test-dir/MiniOzoneClusterImpl-c6ae54c1-d46d-4dd5-b528-c2e096086b9a/datanode-0/data/ratis/9296e8b7-22bf-47ce-8a81-30e28e14a856] INFO  segmented.SegmentedRaftLogWorker (SegmentedRaftLogWorker.java:execute(569)) - d4249830-50d0-4433-aac8-f817ef11b799-SegmentedRaftLogWorker:Storage Directory /workdir/hadoop-ozone/integration-test/target/test-dir/MiniOzoneClusterImpl-c6ae54c1-d46d-4dd5-b528-c2e096086b9a/datanode-0/data/ratis/9296e8b7-22bf-47ce-8a81-30e28e14a856: created new log segment /workdir/hadoop-ozone/integration-test/target/test-dir/MiniOzoneClusterImpl-c6ae54c1-d46d-4dd5-b528-c2e096086b9a/datanode-0/data/ratis/9296e8b7-22bf-47ce-8a81-30e28e14a856/current/log_inprogress_0
2019-08-30 07:08:41,250 [edec05a3-e2d1-4a21-a444-d2129c222199-SegmentedRaftLogWorker:Storage Directory /workdir/hadoop-ozone/integration-test/target/test-dir/MiniOzoneClusterImpl-c6ae54c1-d46d-4dd5-b528-c2e096086b9a/datanode-2/data/ratis/9296e8b7-22bf-47ce-8a81-30e28e14a856] INFO  segmented.SegmentedRaftLogWorker (SegmentedRaftLogWorker.java:execute(569)) - edec05a3-e2d1-4a21-a444-d2129c222199-SegmentedRaftLogWorker:Storage Directory /workdir/hadoop-ozone/integration-test/target/test-dir/MiniOzoneClusterImpl-c6ae54c1-d46d-4dd5-b528-c2e096086b9a/datanode-2/data/ratis/9296e8b7-22bf-47ce-8a81-30e28e14a856: created new log segment /workdir/hadoop-ozone/integration-test/target/test-dir/MiniOzoneClusterImpl-c6ae54c1-d46d-4dd5-b528-c2e096086b9a/datanode-2/data/ratis/9296e8b7-22bf-47ce-8a81-30e28e14a856/current/log_inprogress_0
2019-08-30 07:08:41,253 [grpc-default-executor-4] INFO  impl.RaftServerImpl (ServerState.java:setLeader(263)) - 1f602086-e1ee-4a4e-927c-1e6b555c2f2b:group-1121D3F08D0A change Leader from null to bf8b2f5f-e1cf-4ce6-bf74-922538ef217e at term 1 for appendEntries, leader elected after 5268ms
2019-08-30 07:08:41,259 [grpc-default-executor-4] INFO  impl.RaftServerImpl (ServerState.java:setRaftConf(361)) - f8a0b598-bd5c-4ec2-8ae7-5248ee7e527c:group-1121D3F08D0A set configuration 0: [f8a0b598-bd5c-4ec2-8ae7-5248ee7e527c:192.168.5.156:44827, bf8b2f5f-e1cf-4ce6-bf74-922538ef217e:192.168.5.156:41260, 1f602086-e1ee-4a4e-927c-1e6b555c2f2b:192.168.5.156:39893], old=null at 0
2019-08-30 07:08:41,259 [grpc-default-executor-4] INFO  segmented.SegmentedRaftLogWorker (SegmentedRaftLogWorker.java:startLogSegment(380)) - f8a0b598-bd5c-4ec2-8ae7-5248ee7e527c-SegmentedRaftLogWorker:Storage Directory /workdir/hadoop-ozone/integration-test/target/test-dir/MiniOzoneClusterImpl-c6ae54c1-d46d-4dd5-b528-c2e096086b9a/datanode-3/data/ratis/11123a4e-fbaa-4134-88fc-1121d3f08d0a: Starting segment from index:0
2019-08-30 07:08:41,261 [grpc-default-executor-4] INFO  impl.RaftServerImpl (ServerState.java:setRaftConf(361)) - 1f602086-e1ee-4a4e-927c-1e6b555c2f2b:group-1121D3F08D0A set configuration 0: [f8a0b598-bd5c-4ec2-8ae7-5248ee7e527c:192.168.5.156:44827, bf8b2f5f-e1cf-4ce6-bf74-922538ef217e:192.168.5.156:41260, 1f602086-e1ee-4a4e-927c-1e6b555c2f2b:192.168.5.156:39893], old=null at 0
2019-08-30 07:08:41,261 [grpc-default-executor-4] INFO  segmented.SegmentedRaftLogWorker (SegmentedRaftLogWorker.java:startLogSegment(380)) - 1f602086-e1ee-4a4e-927c-1e6b555c2f2b-SegmentedRaftLogWorker:Storage Directory /workdir/hadoop-ozone/integration-test/target/test-dir/MiniOzoneClusterImpl-c6ae54c1-d46d-4dd5-b528-c2e096086b9a/datanode-6/data/ratis/11123a4e-fbaa-4134-88fc-1121d3f08d0a: Starting segment from index:0
2019-08-30 07:08:41,308 [f8a0b598-bd5c-4ec2-8ae7-5248ee7e527c-SegmentedRaftLogWorker:Storage Directory /workdir/hadoop-ozone/integration-test/target/test-dir/MiniOzoneClusterImpl-c6ae54c1-d46d-4dd5-b528-c2e096086b9a/datanode-3/data/ratis/11123a4e-fbaa-4134-88fc-1121d3f08d0a] INFO  segmented.SegmentedRaftLogWorker (SegmentedRaftLogWorker.java:execute(569)) - f8a0b598-bd5c-4ec2-8ae7-5248ee7e527c-SegmentedRaftLogWorker:Storage Directory /workdir/hadoop-ozone/integration-test/target/test-dir/MiniOzoneClusterImpl-c6ae54c1-d46d-4dd5-b528-c2e096086b9a/datanode-3/data/ratis/11123a4e-fbaa-4134-88fc-1121d3f08d0a: created new log segment /workdir/hadoop-ozone/integration-test/target/test-dir/MiniOzoneClusterImpl-c6ae54c1-d46d-4dd5-b528-c2e096086b9a/datanode-3/data/ratis/11123a4e-fbaa-4134-88fc-1121d3f08d0a/current/log_inprogress_0
2019-08-30 07:08:41,308 [1f602086-e1ee-4a4e-927c-1e6b555c2f2b-SegmentedRaftLogWorker:Storage Directory /workdir/hadoop-ozone/integration-test/target/test-dir/MiniOzoneClusterImpl-c6ae54c1-d46d-4dd5-b528-c2e096086b9a/datanode-6/data/ratis/11123a4e-fbaa-4134-88fc-1121d3f08d0a] INFO  segmented.SegmentedRaftLogWorker (SegmentedRaftLogWorker.java:execute(569)) - 1f602086-e1ee-4a4e-927c-1e6b555c2f2b-SegmentedRaftLogWorker:Storage Directory /workdir/hadoop-ozone/integration-test/target/test-dir/MiniOzoneClusterImpl-c6ae54c1-d46d-4dd5-b528-c2e096086b9a/datanode-6/data/ratis/11123a4e-fbaa-4134-88fc-1121d3f08d0a: created new log segment /workdir/hadoop-ozone/integration-test/target/test-dir/MiniOzoneClusterImpl-c6ae54c1-d46d-4dd5-b528-c2e096086b9a/datanode-6/data/ratis/11123a4e-fbaa-4134-88fc-1121d3f08d0a/current/log_inprogress_0
2019-08-30 07:08:41,347 [grpc-default-executor-4] INFO  client.GrpcClientProtocolClient (GrpcClientProtocolClient.java:onNext(255)) - client-DE863DE2B8EA->edec05a3-e2d1-4a21-a444-d2129c222199: receive RaftClientReply:client-DE863DE2B8EA->edec05a3-e2d1-4a21-a444-d2129c222199@group-30E28E14A856, cid=13, FAILED org.apache.ratis.protocol.NotLeaderException: Server edec05a3-e2d1-4a21-a444-d2129c222199 is not the leader (c6f80673-9b9b-48d9-974f-74d8c6e53dca:192.168.5.156:45192). Request must be sent to leader., logIndex=0, commits[edec05a3-e2d1-4a21-a444-d2129c222199:c0, c6f80673-9b9b-48d9-974f-74d8c6e53dca:c0, d4249830-50d0-4433-aac8-f817ef11b799:c-1]
2019-08-30 07:08:41,570 | INFO  | SCMAudit | user=jenkins1000 | ip=192.168.5.156 | op=SEND_HEARTBEAT {datanodeUUID=f8a0b598-bd5c-4ec2-8ae7-5248ee7e527c, command=[]} | ret=SUCCESS |  
2019-08-30 07:08:41,570 | INFO  | SCMAudit | user=jenkins1000 | ip=192.168.5.156 | op=SEND_HEARTBEAT {datanodeUUID=bf8b2f5f-e1cf-4ce6-bf74-922538ef217e, command=[]} | ret=SUCCESS |  
2019-08-30 07:08:41,616 | INFO  | SCMAudit | user=jenkins1000 | ip=192.168.5.156 | op=SEND_HEARTBEAT {datanodeUUID=c6f80673-9b9b-48d9-974f-74d8c6e53dca, command=[]} | ret=SUCCESS |  
2019-08-30 07:08:41,625 | INFO  | SCMAudit | user=jenkins1000 | ip=192.168.5.156 | op=SEND_HEARTBEAT {datanodeUUID=edec05a3-e2d1-4a21-a444-d2129c222199, command=[]} | ret=SUCCESS |  
2019-08-30 07:08:41,625 | INFO  | SCMAudit | user=jenkins1000 | ip=192.168.5.156 | op=SEND_HEARTBEAT {datanodeUUID=d4249830-50d0-4433-aac8-f817ef11b799, command=[]} | ret=SUCCESS |  
2019-08-30 07:08:41,644 | INFO  | DNAudit | user=null | ip=null | op=WRITE_CHUNK {blockData=conID: 1 locID: 102704671361466369 bcsId: 0} | ret=SUCCESS |  
2019-08-30 07:08:41,644 | INFO  | DNAudit | user=null | ip=null | op=WRITE_CHUNK {blockData=conID: 1 locID: 102704671361466369 bcsId: 0} | ret=SUCCESS |  
2019-08-30 07:08:41,644 | INFO  | DNAudit | user=null | ip=null | op=WRITE_CHUNK {blockData=conID: 1 locID: 102704671361466369 bcsId: 0} | ret=SUCCESS |  
2019-08-30 07:08:41,664 | INFO  | DNAudit | user=null | ip=null | op=WRITE_CHUNK {blockData=conID: 1 locID: 102704671361466369 bcsId: 0} | ret=SUCCESS |  
2019-08-30 07:08:41,684 [grpc-default-executor-0] INFO  client.GrpcClientProtocolClient (GrpcClientProtocolClient.java:onNext(255)) - client-DE863DE2B8EA->c6f80673-9b9b-48d9-974f-74d8c6e53dca: receive RaftClientReply:client-DE863DE2B8EA->c6f80673-9b9b-48d9-974f-74d8c6e53dca@group-30E28E14A856, cid=13, SUCCESS, logIndex=1, commits[c6f80673-9b9b-48d9-974f-74d8c6e53dca:c1, edec05a3-e2d1-4a21-a444-d2129c222199:c0, d4249830-50d0-4433-aac8-f817ef11b799:c0]
2019-08-30 07:08:41,687 | INFO  | DNAudit | user=null | ip=null | op=WRITE_CHUNK {blockData=conID: 1 locID: 102704671361466369 bcsId: 0} | ret=SUCCESS |  
2019-08-30 07:08:41,687 | INFO  | DNAudit | user=null | ip=null | op=WRITE_CHUNK {blockData=conID: 1 locID: 102704671361466369 bcsId: 0} | ret=SUCCESS |  
2019-08-30 07:08:41,707 | INFO  | DNAudit | user=null | ip=null | op=WRITE_CHUNK {blockData=conID: 1 locID: 102704671361466369 bcsId: 0} | ret=SUCCESS |  
2019-08-30 07:08:41,710 | INFO  | DNAudit | user=null | ip=null | op=WRITE_CHUNK {blockData=conID: 1 locID: 102704671361466369 bcsId: 0} | ret=SUCCESS |  
2019-08-30 07:08:41,711 | INFO  | DNAudit | user=null | ip=null | op=WRITE_CHUNK {blockData=conID: 1 locID: 102704671361466369 bcsId: 0} | ret=SUCCESS |  
2019-08-30 07:08:41,718 | INFO  | DNAudit | user=null | ip=null | op=WRITE_CHUNK {blockData=conID: 1 locID: 102704671361466369 bcsId: 0} | ret=SUCCESS |  
2019-08-30 07:08:41,720 | INFO  | DNAudit | user=null | ip=null | op=WRITE_CHUNK {blockData=conID: 1 locID: 102704671361466369 bcsId: 0} | ret=SUCCESS |  
2019-08-30 07:08:41,721 | INFO  | DNAudit | user=null | ip=null | op=WRITE_CHUNK {blockData=conID: 1 locID: 102704671361466369 bcsId: 0} | ret=SUCCESS |  
2019-08-30 07:08:41,721 | INFO  | DNAudit | user=null | ip=null | op=WRITE_CHUNK {blockData=conID: 1 locID: 102704671361466369 bcsId: 0} | ret=SUCCESS |  
2019-08-30 07:08:41,725 | INFO  | DNAudit | user=null | ip=null | op=WRITE_CHUNK {blockData=conID: 1 locID: 102704671361466369 bcsId: 0} | ret=SUCCESS |  
2019-08-30 07:08:41,725 | INFO  | DNAudit | user=null | ip=null | op=WRITE_CHUNK {blockData=conID: 1 locID: 102704671361466369 bcsId: 0} | ret=SUCCESS |  
2019-08-30 07:08:41,727 | INFO  | DNAudit | user=null | ip=null | op=WRITE_CHUNK {blockData=conID: 1 locID: 102704671361466369 bcsId: 0} | ret=SUCCESS |  
2019-08-30 07:08:41,742 [grpc-default-executor-3] INFO  client.GrpcClientProtocolClient (GrpcClientProtocolClient.java:onNext(255)) - client-DE863DE2B8EA->c6f80673-9b9b-48d9-974f-74d8c6e53dca: receive RaftClientReply:client-DE863DE2B8EA->c6f80673-9b9b-48d9-974f-74d8c6e53dca@group-30E28E14A856, cid=14, SUCCESS, logIndex=3, commits[c6f80673-9b9b-48d9-974f-74d8c6e53dca:c3, edec05a3-e2d1-4a21-a444-d2129c222199:c2, d4249830-50d0-4433-aac8-f817ef11b799:c2]
2019-08-30 07:08:41,757 | INFO  | DNAudit | user=null | ip=null | op=WRITE_CHUNK {blockData=conID: 1 locID: 102704671361466369 bcsId: 0} | ret=SUCCESS |  
2019-08-30 07:08:41,757 | INFO  | DNAudit | user=null | ip=null | op=WRITE_CHUNK {blockData=conID: 1 locID: 102704671361466369 bcsId: 0} | ret=SUCCESS |  
2019-08-30 07:08:41,836 | INFO  | DNAudit | user=null | ip=null | op=PUT_BLOCK {blockData=[blockId=conID: 1 locID: 102704671361466369 bcsId: 0,size=200]} | ret=SUCCESS |  
2019-08-30 07:08:41,840 | INFO  | DNAudit | user=null | ip=null | op=WRITE_CHUNK {blockData=conID: 1 locID: 102704671361466369 bcsId: 0} | ret=SUCCESS |  
2019-08-30 07:08:41,841 | INFO  | DNAudit | user=null | ip=null | op=WRITE_CHUNK {blockData=conID: 1 locID: 102704671361466369 bcsId: 0} | ret=SUCCESS |  
2019-08-30 07:08:41,842 [grpc-default-executor-3] INFO  client.GrpcClientProtocolClient (GrpcClientProtocolClient.java:onNext(255)) - client-DE863DE2B8EA->c6f80673-9b9b-48d9-974f-74d8c6e53dca: receive RaftClientReply:client-DE863DE2B8EA->c6f80673-9b9b-48d9-974f-74d8c6e53dca@group-30E28E14A856, cid=15, SUCCESS, logIndex=4, commits[c6f80673-9b9b-48d9-974f-74d8c6e53dca:c12, edec05a3-e2d1-4a21-a444-d2129c222199:c8, d4249830-50d0-4433-aac8-f817ef11b799:c8]
2019-08-30 07:08:41,846 [grpc-default-executor-3] INFO  client.GrpcClientProtocolClient (GrpcClientProtocolClient.java:onNext(255)) - client-DE863DE2B8EA->c6f80673-9b9b-48d9-974f-74d8c6e53dca: receive RaftClientReply:client-DE863DE2B8EA->c6f80673-9b9b-48d9-974f-74d8c6e53dca@group-30E28E14A856, cid=16, SUCCESS, logIndex=5, commits[c6f80673-9b9b-48d9-974f-74d8c6e53dca:c12, edec05a3-e2d1-4a21-a444-d2129c222199:c8, d4249830-50d0-4433-aac8-f817ef11b799:c8]
2019-08-30 07:08:41,847 [grpc-default-executor-3] INFO  client.GrpcClientProtocolClient (GrpcClientProtocolClient.java:onNext(255)) - client-DE863DE2B8EA->c6f80673-9b9b-48d9-974f-74d8c6e53dca: receive RaftClientReply:client-DE863DE2B8EA->c6f80673-9b9b-48d9-974f-74d8c6e53dca@group-30E28E14A856, cid=17, SUCCESS, logIndex=6, commits[c6f80673-9b9b-48d9-974f-74d8c6e53dca:c12, edec05a3-e2d1-4a21-a444-d2129c222199:c8, d4249830-50d0-4433-aac8-f817ef11b799:c8]
2019-08-30 07:08:41,888 | INFO  | DNAudit | user=null | ip=null | op=PUT_BLOCK {blockData=[blockId=conID: 1 locID: 102704671361466369 bcsId: 0,size=200]} | ret=SUCCESS |  
2019-08-30 07:08:41,891 | INFO  | DNAudit | user=null | ip=null | op=WRITE_CHUNK {blockData=conID: 1 locID: 102704671361466369 bcsId: 0} | ret=SUCCESS |  
2019-08-30 07:08:41,892 | INFO  | DNAudit | user=null | ip=null | op=WRITE_CHUNK {blockData=conID: 1 locID: 102704671361466369 bcsId: 0} | ret=SUCCESS |  
2019-08-30 07:08:41,943 | INFO  | DNAudit | user=null | ip=null | op=PUT_BLOCK {blockData=[blockId=conID: 1 locID: 102704671361466369 bcsId: 0,size=400]} | ret=SUCCESS |  
2019-08-30 07:08:41,943 | INFO  | DNAudit | user=null | ip=null | op=PUT_BLOCK {blockData=[blockId=conID: 1 locID: 102704671361466369 bcsId: 0,size=400]} | ret=SUCCESS |  
2019-08-30 07:08:41,945 | INFO  | DNAudit | user=null | ip=null | op=PUT_BLOCK {blockData=[blockId=conID: 1 locID: 102704671361466369 bcsId: 0,size=200]} | ret=SUCCESS |  
2019-08-30 07:08:41,948 | INFO  | DNAudit | user=null | ip=null | op=WRITE_CHUNK {blockData=conID: 1 locID: 102704671361466369 bcsId: 0} | ret=SUCCESS |  
2019-08-30 07:08:41,949 | INFO  | DNAudit | user=null | ip=null | op=WRITE_CHUNK {blockData=conID: 1 locID: 102704671361466369 bcsId: 0} | ret=SUCCESS |  
2019-08-30 07:08:41,952 [grpc-default-executor-3] INFO  client.GrpcClientProtocolClient (GrpcClientProtocolClient.java:onNext(255)) - client-DE863DE2B8EA->c6f80673-9b9b-48d9-974f-74d8c6e53dca: receive RaftClientReply:client-DE863DE2B8EA->c6f80673-9b9b-48d9-974f-74d8c6e53dca@group-30E28E14A856, cid=18, SUCCESS, logIndex=7, commits[c6f80673-9b9b-48d9-974f-74d8c6e53dca:c12, edec05a3-e2d1-4a21-a444-d2129c222199:c8, d4249830-50d0-4433-aac8-f817ef11b799:c8]
2019-08-30 07:08:41,952 | INFO  | DNAudit | user=null | ip=null | op=PUT_BLOCK {blockData=[blockId=conID: 1 locID: 102704671361466369 bcsId: 0,size=400]} | ret=SUCCESS |  
2019-08-30 07:08:41,953 | INFO  | SCMAudit | user=jenkins1000 | ip=192.168.5.156 | op=SEND_HEARTBEAT {datanodeUUID=a4417465-4f8a-4a39-91d4-515e5517d525, command=[]} | ret=SUCCESS |  
2019-08-30 07:08:41,967 | INFO  | DNAudit | user=null | ip=null | op=WRITE_CHUNK {blockData=conID: 1 locID: 102704671361466369 bcsId: 7} | ret=SUCCESS |  
2019-08-30 07:08:41,970 | INFO  | DNAudit | user=null | ip=null | op=WRITE_CHUNK {blockData=conID: 1 locID: 102704671361466369 bcsId: 7} | ret=SUCCESS |  
2019-08-30 07:08:41,970 | INFO  | DNAudit | user=null | ip=null | op=WRITE_CHUNK {blockData=conID: 1 locID: 102704671361466369 bcsId: 7} | ret=SUCCESS |  
2019-08-30 07:08:41,984 | INFO  | DNAudit | user=null | ip=null | op=WRITE_CHUNK {blockData=conID: 1 locID: 102704671361466369 bcsId: 7} | ret=SUCCESS |  
2019-08-30 07:08:41,986 [grpc-default-executor-3] INFO  client.GrpcClientProtocolClient (GrpcClientProtocolClient.java:onNext(255)) - client-DE863DE2B8EA->c6f80673-9b9b-48d9-974f-74d8c6e53dca: receive RaftClientReply:client-DE863DE2B8EA->c6f80673-9b9b-48d9-974f-74d8c6e53dca@group-30E28E14A856, cid=19, SUCCESS, logIndex=13, commits[c6f80673-9b9b-48d9-974f-74d8c6e53dca:c13, edec05a3-e2d1-4a21-a444-d2129c222199:c12, d4249830-50d0-4433-aac8-f817ef11b799:c12]
2019-08-30 07:08:42,012 | INFO  | DNAudit | user=null | ip=null | op=PUT_BLOCK {blockData=[blockId=conID: 1 locID: 102704671361466369 bcsId: 0,size=450]} | ret=SUCCESS |  
2019-08-30 07:08:42,013 | INFO  | DNAudit | user=null | ip=null | op=WRITE_CHUNK {blockData=conID: 1 locID: 102704671361466369 bcsId: 7} | ret=SUCCESS |  
2019-08-30 07:08:42,013 | INFO  | DNAudit | user=null | ip=null | op=WRITE_CHUNK {blockData=conID: 1 locID: 102704671361466369 bcsId: 7} | ret=SUCCESS |  
2019-08-30 07:08:42,016 [grpc-default-executor-1] INFO  client.GrpcClientProtocolClient (GrpcClientProtocolClient.java:onNext(255)) - client-DE863DE2B8EA->c6f80673-9b9b-48d9-974f-74d8c6e53dca: receive RaftClientReply:client-DE863DE2B8EA->c6f80673-9b9b-48d9-974f-74d8c6e53dca@group-30E28E14A856, cid=20, SUCCESS, logIndex=14, commits[c6f80673-9b9b-48d9-974f-74d8c6e53dca:c14, edec05a3-e2d1-4a21-a444-d2129c222199:c12, d4249830-50d0-4433-aac8-f817ef11b799:c12]
2019-08-30 07:08:42,059 | INFO  | SCMAudit | user=jenkins1000 | ip=192.168.5.156 | op=SEND_HEARTBEAT {datanodeUUID=1f602086-e1ee-4a4e-927c-1e6b555c2f2b, command=[]} | ret=SUCCESS |  
2019-08-30 07:08:42,570 | INFO  | SCMAudit | user=jenkins1000 | ip=192.168.5.156 | op=SEND_HEARTBEAT {datanodeUUID=bf8b2f5f-e1cf-4ce6-bf74-922538ef217e, command=[]} | ret=SUCCESS |  
2019-08-30 07:08:42,570 | INFO  | SCMAudit | user=jenkins1000 | ip=192.168.5.156 | op=SEND_HEARTBEAT {datanodeUUID=f8a0b598-bd5c-4ec2-8ae7-5248ee7e527c, command=[]} | ret=SUCCESS |  
2019-08-30 07:08:42,593 | INFO  | SCMAudit | user=jenkins1000 | ip=192.168.5.156 | op=SEND_HEARTBEAT {datanodeUUID=c6f80673-9b9b-48d9-974f-74d8c6e53dca, command=[]} | ret=SUCCESS |  
2019-08-30 07:08:42,624 | INFO  | SCMAudit | user=jenkins1000 | ip=192.168.5.156 | op=SEND_HEARTBEAT {datanodeUUID=d4249830-50d0-4433-aac8-f817ef11b799, command=[]} | ret=SUCCESS |  
2019-08-30 07:08:42,625 | INFO  | SCMAudit | user=jenkins1000 | ip=192.168.5.156 | op=SEND_HEARTBEAT {datanodeUUID=edec05a3-e2d1-4a21-a444-d2129c222199, command=[]} | ret=SUCCESS |  
2019-08-30 07:08:42,952 | INFO  | SCMAudit | user=jenkins1000 | ip=192.168.5.156 | op=SEND_HEARTBEAT {datanodeUUID=a4417465-4f8a-4a39-91d4-515e5517d525, command=[]} | ret=SUCCESS |  
2019-08-30 07:08:43,035 [main] WARN  scm.XceiverClientRatis (XceiverClientRatis.java:watchForCommit(262)) - 3 way commit failed on pipeline Pipeline[ Id: 9296e8b7-22bf-47ce-8a81-30e28e14a856, Nodes: d4249830-50d0-4433-aac8-f817ef11b799{ip: 192.168.5.156, host: pr-hdds-1569-5th2c-4253854396, networkLocation: /default-rack, certSerialId: null}c6f80673-9b9b-48d9-974f-74d8c6e53dca{ip: 192.168.5.156, host: pr-hdds-1569-5th2c-4253854396, networkLocation: /default-rack, certSerialId: null}edec05a3-e2d1-4a21-a444-d2129c222199{ip: 192.168.5.156, host: pr-hdds-1569-5th2c-4253854396, networkLocation: /default-rack, certSerialId: null}, Type:RATIS, Factor:THREE, State:OPEN]
java.util.concurrent.TimeoutException
	at java.util.concurrent.CompletableFuture.timedGet(CompletableFuture.java:1771)
	at java.util.concurrent.CompletableFuture.get(CompletableFuture.java:1915)
	at org.apache.hadoop.hdds.scm.XceiverClientRatis.watchForCommit(XceiverClientRatis.java:259)
	at org.apache.hadoop.hdds.scm.storage.CommitWatcher.watchForCommit(CommitWatcher.java:194)
	at org.apache.hadoop.hdds.scm.storage.CommitWatcher.watchOnLastIndex(CommitWatcher.java:157)
	at org.apache.hadoop.hdds.scm.storage.BlockOutputStream.watchForCommit(BlockOutputStream.java:347)
	at org.apache.hadoop.hdds.scm.storage.BlockOutputStream.handleFlush(BlockOutputStream.java:479)
	at org.apache.hadoop.hdds.scm.storage.BlockOutputStream.flush(BlockOutputStream.java:428)
	at org.apache.hadoop.ozone.client.io.BlockOutputStreamEntry.flush(BlockOutputStreamEntry.java:136)
	at org.apache.hadoop.ozone.client.io.KeyOutputStream.handleFlushOrClose(KeyOutputStream.java:442)
	at org.apache.hadoop.ozone.client.io.KeyOutputStream.flush(KeyOutputStream.java:396)
	at org.apache.hadoop.ozone.client.io.OzoneOutputStream.flush(OzoneOutputStream.java:54)
	at org.apache.hadoop.ozone.client.rpc.TestBlockOutputStreamWithFailures.test2DatanodesFailure(TestBlockOutputStreamWithFailures.java:461)
	at sun.reflect.NativeMethodAccessorImpl.invoke0(Native Method)
	at sun.reflect.NativeMethodAccessorImpl.invoke(NativeMethodAccessorImpl.java:62)
	at sun.reflect.DelegatingMethodAccessorImpl.invoke(DelegatingMethodAccessorImpl.java:43)
	at java.lang.reflect.Method.invoke(Method.java:498)
	at org.junit.runners.model.FrameworkMethod$1.runReflectiveCall(FrameworkMethod.java:47)
	at org.junit.internal.runners.model.ReflectiveCallable.run(ReflectiveCallable.java:12)
	at org.junit.runners.model.FrameworkMethod.invokeExplosively(FrameworkMethod.java:44)
	at org.junit.internal.runners.statements.InvokeMethod.evaluate(InvokeMethod.java:17)
	at org.junit.internal.runners.statements.RunBefores.evaluate(RunBefores.java:26)
	at org.junit.internal.runners.statements.RunAfters.evaluate(RunAfters.java:27)
	at org.junit.runners.ParentRunner.runLeaf(ParentRunner.java:271)
	at org.junit.runners.BlockJUnit4ClassRunner.runChild(BlockJUnit4ClassRunner.java:70)
	at org.junit.runners.BlockJUnit4ClassRunner.runChild(BlockJUnit4ClassRunner.java:50)
	at org.junit.runners.ParentRunner$3.run(ParentRunner.java:238)
	at org.junit.runners.ParentRunner$1.schedule(ParentRunner.java:63)
	at org.junit.runners.ParentRunner.runChildren(ParentRunner.java:236)
	at org.junit.runners.ParentRunner.access$000(ParentRunner.java:53)
	at org.junit.runners.ParentRunner$2.evaluate(ParentRunner.java:229)
	at org.junit.runners.ParentRunner.run(ParentRunner.java:309)
	at org.apache.maven.surefire.junit4.JUnit4Provider.execute(JUnit4Provider.java:365)
	at org.apache.maven.surefire.junit4.JUnit4Provider.executeWithRerun(JUnit4Provider.java:273)
	at org.apache.maven.surefire.junit4.JUnit4Provider.executeTestSet(JUnit4Provider.java:238)
	at org.apache.maven.surefire.junit4.JUnit4Provider.invoke(JUnit4Provider.java:159)
	at org.apache.maven.surefire.booter.ForkedBooter.invokeProviderInSameClassLoader(ForkedBooter.java:384)
	at org.apache.maven.surefire.booter.ForkedBooter.runSuitesInProcess(ForkedBooter.java:345)
	at org.apache.maven.surefire.booter.ForkedBooter.execute(ForkedBooter.java:126)
	at org.apache.maven.surefire.booter.ForkedBooter.main(ForkedBooter.java:418)
2019-08-30 07:08:43,060 | INFO  | SCMAudit | user=jenkins1000 | ip=192.168.5.156 | op=SEND_HEARTBEAT {datanodeUUID=1f602086-e1ee-4a4e-927c-1e6b555c2f2b, command=[]} | ret=SUCCESS |  
2019-08-30 07:08:43,571 | INFO  | SCMAudit | user=jenkins1000 | ip=192.168.5.156 | op=SEND_HEARTBEAT {datanodeUUID=bf8b2f5f-e1cf-4ce6-bf74-922538ef217e, command=[]} | ret=SUCCESS |  
2019-08-30 07:08:43,571 | INFO  | SCMAudit | user=jenkins1000 | ip=192.168.5.156 | op=SEND_HEARTBEAT {datanodeUUID=f8a0b598-bd5c-4ec2-8ae7-5248ee7e527c, command=[]} | ret=SUCCESS |  
2019-08-30 07:08:43,593 | INFO  | SCMAudit | user=jenkins1000 | ip=192.168.5.156 | op=SEND_HEARTBEAT {datanodeUUID=c6f80673-9b9b-48d9-974f-74d8c6e53dca, command=[]} | ret=SUCCESS |  
2019-08-30 07:08:43,625 | INFO  | SCMAudit | user=jenkins1000 | ip=192.168.5.156 | op=SEND_HEARTBEAT {datanodeUUID=d4249830-50d0-4433-aac8-f817ef11b799, command=[]} | ret=SUCCESS |  
2019-08-30 07:08:43,626 | INFO  | SCMAudit | user=jenkins1000 | ip=192.168.5.156 | op=SEND_HEARTBEAT {datanodeUUID=edec05a3-e2d1-4a21-a444-d2129c222199, command=[]} | ret=SUCCESS |  
2019-08-30 07:08:43,953 | INFO  | SCMAudit | user=jenkins1000 | ip=192.168.5.156 | op=SEND_HEARTBEAT {datanodeUUID=a4417465-4f8a-4a39-91d4-515e5517d525, command=[]} | ret=SUCCESS |  
2019-08-30 07:08:44,039 [main] WARN  storage.CommitWatcher (CommitWatcher.java:watchForCommit(203)) - watchForCommit failed for index 14
java.util.concurrent.TimeoutException
	at java.util.concurrent.CompletableFuture.timedGet(CompletableFuture.java:1771)
	at java.util.concurrent.CompletableFuture.get(CompletableFuture.java:1915)
	at org.apache.hadoop.hdds.scm.XceiverClientRatis.watchForCommit(XceiverClientRatis.java:268)
	at org.apache.hadoop.hdds.scm.storage.CommitWatcher.watchForCommit(CommitWatcher.java:194)
	at org.apache.hadoop.hdds.scm.storage.CommitWatcher.watchOnLastIndex(CommitWatcher.java:157)
	at org.apache.hadoop.hdds.scm.storage.BlockOutputStream.watchForCommit(BlockOutputStream.java:347)
	at org.apache.hadoop.hdds.scm.storage.BlockOutputStream.handleFlush(BlockOutputStream.java:479)
	at org.apache.hadoop.hdds.scm.storage.BlockOutputStream.flush(BlockOutputStream.java:428)
	at org.apache.hadoop.ozone.client.io.BlockOutputStreamEntry.flush(BlockOutputStreamEntry.java:136)
	at org.apache.hadoop.ozone.client.io.KeyOutputStream.handleFlushOrClose(KeyOutputStream.java:442)
	at org.apache.hadoop.ozone.client.io.KeyOutputStream.flush(KeyOutputStream.java:396)
	at org.apache.hadoop.ozone.client.io.OzoneOutputStream.flush(OzoneOutputStream.java:54)
	at org.apache.hadoop.ozone.client.rpc.TestBlockOutputStreamWithFailures.test2DatanodesFailure(TestBlockOutputStreamWithFailures.java:461)
	at sun.reflect.NativeMethodAccessorImpl.invoke0(Native Method)
	at sun.reflect.NativeMethodAccessorImpl.invoke(NativeMethodAccessorImpl.java:62)
	at sun.reflect.DelegatingMethodAccessorImpl.invoke(DelegatingMethodAccessorImpl.java:43)
	at java.lang.reflect.Method.invoke(Method.java:498)
	at org.junit.runners.model.FrameworkMethod$1.runReflectiveCall(FrameworkMethod.java:47)
	at org.junit.internal.runners.model.ReflectiveCallable.run(ReflectiveCallable.java:12)
	at org.junit.runners.model.FrameworkMethod.invokeExplosively(FrameworkMethod.java:44)
	at org.junit.internal.runners.statements.InvokeMethod.evaluate(InvokeMethod.java:17)
	at org.junit.internal.runners.statements.RunBefores.evaluate(RunBefores.java:26)
	at org.junit.internal.runners.statements.RunAfters.evaluate(RunAfters.java:27)
	at org.junit.runners.ParentRunner.runLeaf(ParentRunner.java:271)
	at org.junit.runners.BlockJUnit4ClassRunner.runChild(BlockJUnit4ClassRunner.java:70)
	at org.junit.runners.BlockJUnit4ClassRunner.runChild(BlockJUnit4ClassRunner.java:50)
	at org.junit.runners.ParentRunner$3.run(ParentRunner.java:238)
	at org.junit.runners.ParentRunner$1.schedule(ParentRunner.java:63)
	at org.junit.runners.ParentRunner.runChildren(ParentRunner.java:236)
	at org.junit.runners.ParentRunner.access$000(ParentRunner.java:53)
	at org.junit.runners.ParentRunner$2.evaluate(ParentRunner.java:229)
	at org.junit.runners.ParentRunner.run(ParentRunner.java:309)
	at org.apache.maven.surefire.junit4.JUnit4Provider.execute(JUnit4Provider.java:365)
	at org.apache.maven.surefire.junit4.JUnit4Provider.executeWithRerun(JUnit4Provider.java:273)
	at org.apache.maven.surefire.junit4.JUnit4Provider.executeTestSet(JUnit4Provider.java:238)
	at org.apache.maven.surefire.junit4.JUnit4Provider.invoke(JUnit4Provider.java:159)
	at org.apache.maven.surefire.booter.ForkedBooter.invokeProviderInSameClassLoader(ForkedBooter.java:384)
	at org.apache.maven.surefire.booter.ForkedBooter.runSuitesInProcess(ForkedBooter.java:345)
	at org.apache.maven.surefire.booter.ForkedBooter.execute(ForkedBooter.java:126)
	at org.apache.maven.surefire.booter.ForkedBooter.main(ForkedBooter.java:418)
2019-08-30 07:08:44,042 [main] WARN  io.KeyOutputStream (KeyOutputStream.java:handleException(276)) - Encountered exception java.io.IOException: Unexpected Storage Container Exception: java.io.IOException: Unexpected Storage Container Exception: java.util.concurrent.TimeoutException on the pipeline Pipeline[ Id: 9296e8b7-22bf-47ce-8a81-30e28e14a856, Nodes: d4249830-50d0-4433-aac8-f817ef11b799{ip: 192.168.5.156, host: pr-hdds-1569-5th2c-4253854396, networkLocation: /default-rack, certSerialId: null}c6f80673-9b9b-48d9-974f-74d8c6e53dca{ip: 192.168.5.156, host: pr-hdds-1569-5th2c-4253854396, networkLocation: /default-rack, certSerialId: null}edec05a3-e2d1-4a21-a444-d2129c222199{ip: 192.168.5.156, host: pr-hdds-1569-5th2c-4253854396, networkLocation: /default-rack, certSerialId: null}, Type:RATIS, Factor:THREE, State:OPEN]. The last committed block length is 400, uncommitted data length is 50 retry count 0
2019-08-30 07:08:44,059 | INFO  | SCMAudit | user=jenkins1000 | ip=192.168.5.156 | op=SEND_HEARTBEAT {datanodeUUID=1f602086-e1ee-4a4e-927c-1e6b555c2f2b, command=[]} | ret=SUCCESS |  
2019-08-30 07:08:44,077 | INFO  | SCMAudit | user=jenkins1000 | ip=192.168.5.156 | op=ALLOCATE_BLOCK {owner=8d03ab57-9021-4a6c-8eca-7a26679f7d61, size=800, type=RATIS, factor=THREE} | ret=SUCCESS |  
2019-08-30 07:08:44,080 | INFO  | OMAudit | user=jenkins1000 | ip=127.0.0.1 | op=ALLOCATE_BLOCK {volume=testblockoutputstream, bucket=testblockoutputstream, key=a5bafa3b-01e9-40e2-88bd-8b84d080602c, dataSize=0, replicationType=null, replicationFactor=null, keyLocationInfo=null, clientID=102704671340494848} | ret=SUCCESS |  
2019-08-30 07:08:44,103 [grpc-default-executor-3] INFO  client.GrpcClientProtocolClient (GrpcClientProtocolClient.java:onNext(255)) - client-7A335E8A5BA1->1f602086-e1ee-4a4e-927c-1e6b555c2f2b: receive RaftClientReply:client-7A335E8A5BA1->1f602086-e1ee-4a4e-927c-1e6b555c2f2b@group-1121D3F08D0A, cid=23, FAILED org.apache.ratis.protocol.NotLeaderException: Server 1f602086-e1ee-4a4e-927c-1e6b555c2f2b is not the leader (bf8b2f5f-e1cf-4ce6-bf74-922538ef217e:192.168.5.156:41260). Request must be sent to leader., logIndex=0, commits[1f602086-e1ee-4a4e-927c-1e6b555c2f2b:c0, f8a0b598-bd5c-4ec2-8ae7-5248ee7e527c:c0, bf8b2f5f-e1cf-4ce6-bf74-922538ef217e:c0]
2019-08-30 07:08:44,298 | INFO  | DNAudit | user=null | ip=null | op=WRITE_CHUNK {blockData=conID: 2 locID: 102704671888310274 bcsId: 0} | ret=SUCCESS |  
2019-08-30 07:08:44,298 | INFO  | DNAudit | user=null | ip=null | op=WRITE_CHUNK {blockData=conID: 2 locID: 102704671888310274 bcsId: 0} | ret=SUCCESS |  
2019-08-30 07:08:44,301 | INFO  | DNAudit | user=null | ip=null | op=WRITE_CHUNK {blockData=conID: 2 locID: 102704671888310274 bcsId: 0} | ret=SUCCESS |  
2019-08-30 07:08:44,301 | INFO  | SCMAudit | user=jenkins1000 | ip=192.168.5.156 | op=SEND_HEARTBEAT {datanodeUUID=f8a0b598-bd5c-4ec2-8ae7-5248ee7e527c, command=[]} | ret=SUCCESS |  
2019-08-30 07:08:44,301 | INFO  | SCMAudit | user=jenkins1000 | ip=192.168.5.156 | op=SEND_HEARTBEAT {datanodeUUID=bf8b2f5f-e1cf-4ce6-bf74-922538ef217e, command=[]} | ret=SUCCESS |  
2019-08-30 07:08:44,301 | INFO  | SCMAudit | user=jenkins1000 | ip=192.168.5.156 | op=SEND_HEARTBEAT {datanodeUUID=1f602086-e1ee-4a4e-927c-1e6b555c2f2b, command=[]} | ret=SUCCESS |  
2019-08-30 07:08:44,315 | INFO  | DNAudit | user=null | ip=null | op=WRITE_CHUNK {blockData=conID: 2 locID: 102704671888310274 bcsId: 0} | ret=SUCCESS |  
2019-08-30 07:08:44,327 | INFO  | DNAudit | user=null | ip=null | op=WRITE_CHUNK {blockData=conID: 2 locID: 102704671888310274 bcsId: 0} | ret=SUCCESS |  
2019-08-30 07:08:44,327 | INFO  | DNAudit | user=null | ip=null | op=WRITE_CHUNK {blockData=conID: 2 locID: 102704671888310274 bcsId: 0} | ret=SUCCESS |  
2019-08-30 07:08:44,328 [grpc-default-executor-4] INFO  client.GrpcClientProtocolClient (GrpcClientProtocolClient.java:onNext(255)) - client-7A335E8A5BA1->bf8b2f5f-e1cf-4ce6-bf74-922538ef217e: receive RaftClientReply:client-7A335E8A5BA1->bf8b2f5f-e1cf-4ce6-bf74-922538ef217e@group-1121D3F08D0A, cid=23, SUCCESS, logIndex=1, commits[bf8b2f5f-e1cf-4ce6-bf74-922538ef217e:c1, f8a0b598-bd5c-4ec2-8ae7-5248ee7e527c:c0, 1f602086-e1ee-4a4e-927c-1e6b555c2f2b:c0]
2019-08-30 07:08:44,380 | INFO  | DNAudit | user=null | ip=null | op=PUT_BLOCK {blockData=[blockId=conID: 2 locID: 102704671888310274 bcsId: 0,size=50]} | ret=SUCCESS |  
2019-08-30 07:08:44,393 [grpc-default-executor-1] INFO  client.GrpcClientProtocolClient (GrpcClientProtocolClient.java:onNext(255)) - client-7A335E8A5BA1->bf8b2f5f-e1cf-4ce6-bf74-922538ef217e: receive RaftClientReply:client-7A335E8A5BA1->bf8b2f5f-e1cf-4ce6-bf74-922538ef217e@group-1121D3F08D0A, cid=24, SUCCESS, logIndex=3, commits[bf8b2f5f-e1cf-4ce6-bf74-922538ef217e:c4, f8a0b598-bd5c-4ec2-8ae7-5248ee7e527c:c3, 1f602086-e1ee-4a4e-927c-1e6b555c2f2b:c3]
2019-08-30 07:08:44,395 [main] INFO  ozone.MiniOzoneClusterImpl (MiniOzoneClusterImpl.java:shutdown(321)) - Shutting down the Mini Ozone Cluster
2019-08-30 07:08:44,395 | INFO  | SCMAudit | user=null | ip=null | op=GET_SCM_INFO null | ret=SUCCESS |  
2019-08-30 07:08:44,396 [main] INFO  ozone.MiniOzoneClusterImpl (MiniOzoneClusterImpl.java:stop(336)) - Stopping the Mini Ozone Cluster
2019-08-30 07:08:44,396 [main] INFO  ozone.MiniOzoneClusterImpl (MiniOzoneClusterImpl.java:stop(338)) - Stopping the OzoneManager
2019-08-30 07:08:44,396 [main] INFO  ipc.Server (Server.java:stop(3082)) - Stopping server on 41588
2019-08-30 07:08:44,415 [IPC Server listener on 41588] INFO  ipc.Server (Server.java:run(1185)) - Stopping IPC Server listener on 41588
2019-08-30 07:08:44,421 [main] INFO  ratis.OzoneManagerDoubleBuffer (OzoneManagerDoubleBuffer.java:stop(248)) - Stopping OMDoubleBuffer flush thread
2019-08-30 07:08:44,422 [IPC Server Responder] INFO  ipc.Server (Server.java:run(1319)) - Stopping IPC Server Responder
2019-08-30 07:08:44,423 [OMDoubleBufferFlushThread] INFO  ratis.OzoneManagerDoubleBuffer (OzoneManagerDoubleBuffer.java:flushTransactions(191)) - OMDoubleBuffer flush thread OMDoubleBufferFlushThread is interrupted and will exit. OMDoubleBufferFlushThread
2019-08-30 07:08:44,425 [main] INFO  utils.BackgroundService (BackgroundService.java:shutdown(148)) - Shutting down service KeyDeletingService
2019-08-30 07:08:44,429 | INFO  | DNAudit | user=null | ip=null | op=PUT_BLOCK {blockData=[blockId=conID: 2 locID: 102704671888310274 bcsId: 0,size=50]} | ret=SUCCESS |  
2019-08-30 07:08:44,430 [main] INFO  handler.ContextHandler (ContextHandler.java:doStop(910)) - Stopped o.e.j.w.WebAppContext@40d10481{/,null,UNAVAILABLE}{/ozoneManager}
2019-08-30 07:08:44,437 [main] INFO  server.AbstractConnector (AbstractConnector.java:doStop(318)) - Stopped ServerConnector@60dd3c23{HTTP/1.1,[http/1.1]}{0.0.0.0:0}
2019-08-30 07:08:44,437 [main] INFO  handler.ContextHandler (ContextHandler.java:doStop(910)) - Stopped o.e.j.s.ServletContextHandler@736f3e9e{/static,file:///workdir/hadoop-ozone/integration-test/target/test-classes/webapps/static,UNAVAILABLE}
2019-08-30 07:08:44,438 [main] INFO  handler.ContextHandler (ContextHandler.java:doStop(910)) - Stopped o.e.j.s.ServletContextHandler@49dbaaf3{/logs,file:///workdir/hadoop-ozone/integration-test/target/log,UNAVAILABLE}
2019-08-30 07:08:44,445 [main] INFO  ozone.MiniOzoneClusterImpl (MiniOzoneClusterImpl.java:stop(344)) - Shutting the HddsDatanodes
2019-08-30 07:08:44,446 [main] INFO  datanode.ObjectStoreHandler (ObjectStoreHandler.java:close(155)) - Closing ObjectStoreHandler.
2019-08-30 07:08:44,446 [ForkJoinPool.commonPool-worker-1] INFO  datanode.ObjectStoreHandler (ObjectStoreHandler.java:close(155)) - Closing ObjectStoreHandler.
2019-08-30 07:08:44,453 [ForkJoinPool.commonPool-worker-1] INFO  ozone.HddsDatanodeService (HddsDatanodeService.java:stop(451)) - Stopped plug-in org.apache.hadoop.ozone.web.OzoneHddsDatanodeService@501957bf
2019-08-30 07:08:44,453 [main] INFO  ozone.HddsDatanodeService (HddsDatanodeService.java:stop(451)) - Stopped plug-in org.apache.hadoop.ozone.web.OzoneHddsDatanodeService@693f2213
2019-08-30 07:08:44,483 | INFO  | DNAudit | user=null | ip=null | op=PUT_BLOCK {blockData=[blockId=conID: 2 locID: 102704671888310274 bcsId: 0,size=50]} | ret=SUCCESS |  
2019-08-30 07:08:44,531 | INFO  | DNAudit | user=null | ip=null | op=PUT_BLOCK {blockData=[blockId=conID: 1 locID: 102704671361466369 bcsId: 0,size=450]} | ret=SUCCESS |  
2019-08-30 07:08:44,531 | INFO  | DNAudit | user=null | ip=null | op=PUT_BLOCK {blockData=[blockId=conID: 1 locID: 102704671361466369 bcsId: 0,size=450]} | ret=SUCCESS |  
2019-08-30 07:08:44,532 [grpc-default-executor-1] INFO  client.GrpcClientProtocolClient (GrpcClientProtocolClient.java:onNext(255)) - client-DE863DE2B8EA->c6f80673-9b9b-48d9-974f-74d8c6e53dca: receive RaftClientReply:client-DE863DE2B8EA->c6f80673-9b9b-48d9-974f-74d8c6e53dca@group-30E28E14A856, cid=22, SUCCESS, logIndex=0, commits[c6f80673-9b9b-48d9-974f-74d8c6e53dca:c16, edec05a3-e2d1-4a21-a444-d2129c222199:c13, d4249830-50d0-4433-aac8-f817ef11b799:c16]
2019-08-30 07:08:44,533 [grpc-default-executor-1] INFO  client.GrpcClientProtocolClient (GrpcClientProtocolClient.java:onNext(255)) - client-DE863DE2B8EA->c6f80673-9b9b-48d9-974f-74d8c6e53dca: receive RaftClientReply:client-DE863DE2B8EA->c6f80673-9b9b-48d9-974f-74d8c6e53dca@group-30E28E14A856, cid=21, SUCCESS, logIndex=0, commits[c6f80673-9b9b-48d9-974f-74d8c6e53dca:c16, edec05a3-e2d1-4a21-a444-d2129c222199:c16, d4249830-50d0-4433-aac8-f817ef11b799:c16]
2019-08-30 07:08:44,593 | INFO  | SCMAudit | user=jenkins1000 | ip=192.168.5.156 | op=SEND_HEARTBEAT {datanodeUUID=c6f80673-9b9b-48d9-974f-74d8c6e53dca, command=[]} | ret=SUCCESS |  
2019-08-30 07:08:44,625 | INFO  | SCMAudit | user=jenkins1000 | ip=192.168.5.156 | op=SEND_HEARTBEAT {datanodeUUID=d4249830-50d0-4433-aac8-f817ef11b799, command=[]} | ret=SUCCESS |  
2019-08-30 07:08:44,627 | INFO  | SCMAudit | user=jenkins1000 | ip=192.168.5.156 | op=SEND_HEARTBEAT {datanodeUUID=edec05a3-e2d1-4a21-a444-d2129c222199, command=[]} | ret=SUCCESS |  
2019-08-30 07:08:44,951 [Datanode State Machine Thread - 0] INFO  statemachine.DatanodeStateMachine (DatanodeStateMachine.java:lambda$startDaemon$0(350)) - Ozone container server started.
2019-08-30 07:08:45,292 | INFO  | SCMAudit | user=jenkins1000 | ip=192.168.5.156 | op=SEND_HEARTBEAT {datanodeUUID=f8a0b598-bd5c-4ec2-8ae7-5248ee7e527c, command=[]} | ret=SUCCESS |  
2019-08-30 07:08:45,293 [Datanode State Machine Thread - 0] INFO  statemachine.DatanodeStateMachine (DatanodeStateMachine.java:lambda$startDaemon$0(350)) - Ozone container server started.
2019-08-30 07:08:45,296 | INFO  | SCMAudit | user=jenkins1000 | ip=192.168.5.156 | op=SEND_HEARTBEAT {datanodeUUID=1f602086-e1ee-4a4e-927c-1e6b555c2f2b, command=[]} | ret=SUCCESS |  
2019-08-30 07:08:45,592 | INFO  | SCMAudit | user=jenkins1000 | ip=192.168.5.156 | op=SEND_HEARTBEAT {datanodeUUID=c6f80673-9b9b-48d9-974f-74d8c6e53dca, command=[]} | ret=SUCCESS |  
2019-08-30 07:08:45,626 | INFO  | SCMAudit | user=jenkins1000 | ip=192.168.5.156 | op=SEND_HEARTBEAT {datanodeUUID=edec05a3-e2d1-4a21-a444-d2129c222199, command=[]} | ret=SUCCESS |  
2019-08-30 07:08:45,626 | INFO  | SCMAudit | user=jenkins1000 | ip=192.168.5.156 | op=SEND_HEARTBEAT {datanodeUUID=d4249830-50d0-4433-aac8-f817ef11b799, command=[]} | ret=SUCCESS |  
2019-08-30 07:08:46,293 | INFO  | SCMAudit | user=jenkins1000 | ip=192.168.5.156 | op=SEND_HEARTBEAT {datanodeUUID=f8a0b598-bd5c-4ec2-8ae7-5248ee7e527c, command=[]} | ret=SUCCESS |  
2019-08-30 07:08:46,293 | INFO  | SCMAudit | user=jenkins1000 | ip=192.168.5.156 | op=SEND_HEARTBEAT {datanodeUUID=1f602086-e1ee-4a4e-927c-1e6b555c2f2b, command=[]} | ret=SUCCESS |  
2019-08-30 07:08:46,593 | INFO  | SCMAudit | user=jenkins1000 | ip=192.168.5.156 | op=SEND_HEARTBEAT {datanodeUUID=c6f80673-9b9b-48d9-974f-74d8c6e53dca, command=[]} | ret=SUCCESS |  
2019-08-30 07:08:46,626 | INFO  | SCMAudit | user=jenkins1000 | ip=192.168.5.156 | op=SEND_HEARTBEAT {datanodeUUID=d4249830-50d0-4433-aac8-f817ef11b799, command=[]} | ret=SUCCESS |  
2019-08-30 07:08:46,627 | INFO  | SCMAudit | user=jenkins1000 | ip=192.168.5.156 | op=SEND_HEARTBEAT {datanodeUUID=edec05a3-e2d1-4a21-a444-d2129c222199, command=[]} | ret=SUCCESS |  
2019-08-30 07:08:47,293 | INFO  | SCMAudit | user=jenkins1000 | ip=192.168.5.156 | op=SEND_HEARTBEAT {datanodeUUID=f8a0b598-bd5c-4ec2-8ae7-5248ee7e527c, command=[]} | ret=SUCCESS |  
2019-08-30 07:08:47,293 | INFO  | SCMAudit | user=jenkins1000 | ip=192.168.5.156 | op=SEND_HEARTBEAT {datanodeUUID=1f602086-e1ee-4a4e-927c-1e6b555c2f2b, command=[]} | ret=SUCCESS |  
2019-08-30 07:08:47,593 | INFO  | SCMAudit | user=jenkins1000 | ip=192.168.5.156 | op=SEND_HEARTBEAT {datanodeUUID=c6f80673-9b9b-48d9-974f-74d8c6e53dca, command=[]} | ret=SUCCESS |  
2019-08-30 07:08:47,626 | INFO  | SCMAudit | user=jenkins1000 | ip=192.168.5.156 | op=SEND_HEARTBEAT {datanodeUUID=edec05a3-e2d1-4a21-a444-d2129c222199, command=[]} | ret=SUCCESS |  
2019-08-30 07:08:47,628 | INFO  | SCMAudit | user=jenkins1000 | ip=192.168.5.156 | op=SEND_HEARTBEAT {datanodeUUID=d4249830-50d0-4433-aac8-f817ef11b799, command=[]} | ret=SUCCESS |  
2019-08-30 07:08:48,295 | INFO  | SCMAudit | user=jenkins1000 | ip=192.168.5.156 | op=SEND_HEARTBEAT {datanodeUUID=f8a0b598-bd5c-4ec2-8ae7-5248ee7e527c, command=[]} | ret=SUCCESS |  
2019-08-30 07:08:48,295 | INFO  | SCMAudit | user=jenkins1000 | ip=192.168.5.156 | op=SEND_HEARTBEAT {datanodeUUID=1f602086-e1ee-4a4e-927c-1e6b555c2f2b, command=[]} | ret=SUCCESS |  
2019-08-30 07:08:48,594 | INFO  | SCMAudit | user=jenkins1000 | ip=192.168.5.156 | op=SEND_HEARTBEAT {datanodeUUID=c6f80673-9b9b-48d9-974f-74d8c6e53dca, command=[]} | ret=SUCCESS |  
2019-08-30 07:08:48,626 | INFO  | SCMAudit | user=jenkins1000 | ip=192.168.5.156 | op=SEND_HEARTBEAT {datanodeUUID=edec05a3-e2d1-4a21-a444-d2129c222199, command=[]} | ret=SUCCESS |  
2019-08-30 07:08:48,627 | INFO  | SCMAudit | user=jenkins1000 | ip=192.168.5.156 | op=SEND_HEARTBEAT {datanodeUUID=d4249830-50d0-4433-aac8-f817ef11b799, command=[]} | ret=SUCCESS |  
2019-08-30 07:08:48,979 [EventQueue-StaleNodeForStaleNodeHandler] INFO  node.StaleNodeHandler (StaleNodeHandler.java:onMessage(58)) - Datanode a4417465-4f8a-4a39-91d4-515e5517d525{ip: 192.168.5.156, host: pr-hdds-1569-5th2c-4253854396, networkLocation: /default-rack, certSerialId: null} moved to stale state. Finalizing its pipelines [PipelineID=e9648ca0-8e3a-4310-aa25-39e77c7e23b3]
2019-08-30 07:08:48,980 [EventQueue-StaleNodeForStaleNodeHandler] INFO  pipeline.SCMPipelineManager (SCMPipelineManager.java:finalizeAndDestroyPipeline(309)) - destroying pipeline:Pipeline[ Id: e9648ca0-8e3a-4310-aa25-39e77c7e23b3, Nodes: a4417465-4f8a-4a39-91d4-515e5517d525{ip: 192.168.5.156, host: pr-hdds-1569-5th2c-4253854396, networkLocation: /default-rack, certSerialId: null}, Type:RATIS, Factor:ONE, State:OPEN]
2019-08-30 07:08:48,981 [EventQueue-StaleNodeForStaleNodeHandler] INFO  pipeline.PipelineStateManager (PipelineStateManager.java:finalizePipeline(123)) - Pipeline Pipeline[ Id: e9648ca0-8e3a-4310-aa25-39e77c7e23b3, Nodes: a4417465-4f8a-4a39-91d4-515e5517d525{ip: 192.168.5.156, host: pr-hdds-1569-5th2c-4253854396, networkLocation: /default-rack, certSerialId: null}, Type:RATIS, Factor:ONE, State:CLOSED] moved to CLOSED state
2019-08-30 07:08:49,294 | INFO  | SCMAudit | user=jenkins1000 | ip=192.168.5.156 | op=SEND_HEARTBEAT {datanodeUUID=f8a0b598-bd5c-4ec2-8ae7-5248ee7e527c, command=[]} | ret=SUCCESS |  
2019-08-30 07:08:49,295 | INFO  | SCMAudit | user=jenkins1000 | ip=192.168.5.156 | op=SEND_HEARTBEAT {datanodeUUID=1f602086-e1ee-4a4e-927c-1e6b555c2f2b, command=[]} | ret=SUCCESS |  
2019-08-30 07:08:49,380 [EventQueue-StaleNodeForStaleNodeHandler] INFO  node.StaleNodeHandler (StaleNodeHandler.java:onMessage(58)) - Datanode bf8b2f5f-e1cf-4ce6-bf74-922538ef217e{ip: 192.168.5.156, host: pr-hdds-1569-5th2c-4253854396, networkLocation: /default-rack, certSerialId: null} moved to stale state. Finalizing its pipelines [PipelineID=11123a4e-fbaa-4134-88fc-1121d3f08d0a, PipelineID=2cf8e990-72ed-4633-8625-86e6dbb842a3]
2019-08-30 07:08:49,381 [EventQueue-StaleNodeForStaleNodeHandler] INFO  pipeline.SCMPipelineManager (SCMPipelineManager.java:finalizeAndDestroyPipeline(309)) - destroying pipeline:Pipeline[ Id: 11123a4e-fbaa-4134-88fc-1121d3f08d0a, Nodes: 1f602086-e1ee-4a4e-927c-1e6b555c2f2b{ip: 192.168.5.156, host: pr-hdds-1569-5th2c-4253854396, networkLocation: /default-rack, certSerialId: null}f8a0b598-bd5c-4ec2-8ae7-5248ee7e527c{ip: 192.168.5.156, host: pr-hdds-1569-5th2c-4253854396, networkLocation: /default-rack, certSerialId: null}bf8b2f5f-e1cf-4ce6-bf74-922538ef217e{ip: 192.168.5.156, host: pr-hdds-1569-5th2c-4253854396, networkLocation: /default-rack, certSerialId: null}, Type:RATIS, Factor:THREE, State:OPEN]
2019-08-30 07:08:49,381 [EventQueue-StaleNodeForStaleNodeHandler] INFO  pipeline.PipelineStateManager (PipelineStateManager.java:finalizePipeline(123)) - Pipeline Pipeline[ Id: 11123a4e-fbaa-4134-88fc-1121d3f08d0a, Nodes: 1f602086-e1ee-4a4e-927c-1e6b555c2f2b{ip: 192.168.5.156, host: pr-hdds-1569-5th2c-4253854396, networkLocation: /default-rack, certSerialId: null}f8a0b598-bd5c-4ec2-8ae7-5248ee7e527c{ip: 192.168.5.156, host: pr-hdds-1569-5th2c-4253854396, networkLocation: /default-rack, certSerialId: null}bf8b2f5f-e1cf-4ce6-bf74-922538ef217e{ip: 192.168.5.156, host: pr-hdds-1569-5th2c-4253854396, networkLocation: /default-rack, certSerialId: null}, Type:RATIS, Factor:THREE, State:CLOSED] moved to CLOSED state
2019-08-30 07:08:49,382 [EventQueue-StaleNodeForStaleNodeHandler] INFO  pipeline.SCMPipelineManager (SCMPipelineManager.java:finalizeAndDestroyPipeline(309)) - destroying pipeline:Pipeline[ Id: 2cf8e990-72ed-4633-8625-86e6dbb842a3, Nodes: bf8b2f5f-e1cf-4ce6-bf74-922538ef217e{ip: 192.168.5.156, host: pr-hdds-1569-5th2c-4253854396, networkLocation: /default-rack, certSerialId: null}, Type:RATIS, Factor:ONE, State:OPEN]
2019-08-30 07:08:49,382 [EventQueue-CloseContainerForCloseContainerEventHandler] INFO  container.CloseContainerEventHandler (CloseContainerEventHandler.java:onMessage(61)) - Close container Event triggered for container : #2
2019-08-30 07:08:49,383 [EventQueue-StaleNodeForStaleNodeHandler] INFO  pipeline.PipelineStateManager (PipelineStateManager.java:finalizePipeline(123)) - Pipeline Pipeline[ Id: 2cf8e990-72ed-4633-8625-86e6dbb842a3, Nodes: bf8b2f5f-e1cf-4ce6-bf74-922538ef217e{ip: 192.168.5.156, host: pr-hdds-1569-5th2c-4253854396, networkLocation: /default-rack, certSerialId: null}, Type:RATIS, Factor:ONE, State:CLOSED] moved to CLOSED state
2019-08-30 07:08:49,457 [ForkJoinPool.commonPool-worker-1] INFO  ozoneimpl.OzoneContainer (OzoneContainer.java:stop(199)) - Attempting to stop container services.
2019-08-30 07:08:49,457 [main] INFO  ozoneimpl.OzoneContainer (OzoneContainer.java:stop(199)) - Attempting to stop container services.
2019-08-30 07:08:49,459 [main] INFO  impl.RaftServerProxy (RaftServerProxy.java:lambda$close$4(314)) - bf8b2f5f-e1cf-4ce6-bf74-922538ef217e: close
2019-08-30 07:08:49,459 [ForkJoinPool.commonPool-worker-1] INFO  impl.RaftServerProxy (RaftServerProxy.java:lambda$close$4(314)) - a4417465-4f8a-4a39-91d4-515e5517d525: close
2019-08-30 07:08:49,461 [ForkJoinPool.commonPool-worker-1] INFO  impl.RaftServerImpl (RaftServerImpl.java:lambda$shutdown$3(245)) - a4417465-4f8a-4a39-91d4-515e5517d525: shutdown group-39E77C7E23B3
2019-08-30 07:08:49,461 [main] INFO  impl.RaftServerImpl (RaftServerImpl.java:lambda$shutdown$3(245)) - bf8b2f5f-e1cf-4ce6-bf74-922538ef217e: shutdown group-1121D3F08D0A
2019-08-30 07:08:49,461 [ForkJoinPool.commonPool-worker-1] INFO  util.JmxRegister (JmxRegister.java:unregister(73)) - Successfully un-registered JMX Bean with object name Ratis:service=RaftServer,group=group-39E77C7E23B3,id=a4417465-4f8a-4a39-91d4-515e5517d525
2019-08-30 07:08:49,462 [main] INFO  util.JmxRegister (JmxRegister.java:unregister(73)) - Successfully un-registered JMX Bean with object name Ratis:service=RaftServer,group=group-1121D3F08D0A,id=bf8b2f5f-e1cf-4ce6-bf74-922538ef217e
2019-08-30 07:08:49,462 [ForkJoinPool.commonPool-worker-1] INFO  impl.RoleInfo (RoleInfo.java:shutdownLeaderState(104)) - a4417465-4f8a-4a39-91d4-515e5517d525: shutdown LeaderState
2019-08-30 07:08:49,462 [main] INFO  impl.RoleInfo (RoleInfo.java:shutdownLeaderState(104)) - bf8b2f5f-e1cf-4ce6-bf74-922538ef217e: shutdown LeaderState
2019-08-30 07:08:49,469 [ForkJoinPool.commonPool-worker-1] INFO  impl.PendingRequests (PendingRequests.java:sendNotLeaderResponses(202)) - a4417465-4f8a-4a39-91d4-515e5517d525-PendingRequests: sendNotLeaderResponses
2019-08-30 07:08:49,469 [main] INFO  impl.PendingRequests (PendingRequests.java:sendNotLeaderResponses(202)) - bf8b2f5f-e1cf-4ce6-bf74-922538ef217e-PendingRequests: sendNotLeaderResponses
2019-08-30 07:08:49,471 [org.apache.ratis.server.impl.LogAppender$AppenderDaemon$$Lambda$497/2013045786@19ceb9df] WARN  server.GrpcLogAppender (GrpcLogAppender.java:mayWait(143)) - GrpcLogAppender(bf8b2f5f-e1cf-4ce6-bf74-922538ef217e->1f602086-e1ee-4a4e-927c-1e6b555c2f2b): Wait interrupted by java.lang.InterruptedException
2019-08-30 07:08:49,471 [org.apache.ratis.server.impl.LogAppender$AppenderDaemon$$Lambda$497/2013045786@5ccc3c22] WARN  server.GrpcLogAppender (GrpcLogAppender.java:mayWait(143)) - GrpcLogAppender(bf8b2f5f-e1cf-4ce6-bf74-922538ef217e->f8a0b598-bd5c-4ec2-8ae7-5248ee7e527c): Wait interrupted by java.lang.InterruptedException
2019-08-30 07:08:49,489 [ForkJoinPool.commonPool-worker-1] INFO  impl.StateMachineUpdater (StateMachineUpdater.java:stopAndJoin(115)) - StateMachineUpdater:a4417465-4f8a-4a39-91d4-515e5517d525:group-39E77C7E23B3: set stopIndex = 0
2019-08-30 07:08:49,489 [grpc-default-executor-4] INFO  server.GrpcServerProtocolService (GrpcServerProtocolService.java:onCompleted(104)) - 1f602086-e1ee-4a4e-927c-1e6b555c2f2b: appendEntries completed
2019-08-30 07:08:49,491 [ForkJoinPool.commonPool-worker-1] INFO  impl.RaftServerImpl (ServerState.java:close(394)) - a4417465-4f8a-4a39-91d4-515e5517d525:group-39E77C7E23B3 closes. The last applied log index is 0
2019-08-30 07:08:49,489 [grpc-default-executor-1] INFO  server.GrpcServerProtocolService (GrpcServerProtocolService.java:onCompleted(104)) - f8a0b598-bd5c-4ec2-8ae7-5248ee7e527c: appendEntries completed
2019-08-30 07:08:49,494 [grpc-default-executor-4] INFO  server.GrpcLogAppender (GrpcLogAppender.java:onCompleted(292)) - bf8b2f5f-e1cf-4ce6-bf74-922538ef217e->1f602086-e1ee-4a4e-927c-1e6b555c2f2b: follower responses appendEntries COMPLETED
2019-08-30 07:08:49,494 [grpc-default-executor-1] INFO  server.GrpcLogAppender (GrpcLogAppender.java:onCompleted(292)) - bf8b2f5f-e1cf-4ce6-bf74-922538ef217e->f8a0b598-bd5c-4ec2-8ae7-5248ee7e527c: follower responses appendEntries COMPLETED
2019-08-30 07:08:49,500 [main] INFO  impl.StateMachineUpdater (StateMachineUpdater.java:stopAndJoin(115)) - StateMachineUpdater:bf8b2f5f-e1cf-4ce6-bf74-922538ef217e:group-1121D3F08D0A: set stopIndex = 4
2019-08-30 07:08:49,502 [a4417465-4f8a-4a39-91d4-515e5517d525-SegmentedRaftLogWorker:Storage Directory /workdir/hadoop-ozone/integration-test/target/test-dir/MiniOzoneClusterImpl-c6ae54c1-d46d-4dd5-b528-c2e096086b9a/datanode-1/data/ratis/e9648ca0-8e3a-4310-aa25-39e77c7e23b3] INFO  segmented.SegmentedRaftLogWorker (SegmentedRaftLogWorker.java:run(313)) - a4417465-4f8a-4a39-91d4-515e5517d525-SegmentedRaftLogWorker:Storage Directory /workdir/hadoop-ozone/integration-test/target/test-dir/MiniOzoneClusterImpl-c6ae54c1-d46d-4dd5-b528-c2e096086b9a/datanode-1/data/ratis/e9648ca0-8e3a-4310-aa25-39e77c7e23b3 was interrupted, exiting. There are 0 tasks remaining in the queue.
2019-08-30 07:08:49,503 [grpc-default-executor-4] INFO  impl.FollowerInfo (FollowerInfo.java:lambda$new$0(50)) - bf8b2f5f-e1cf-4ce6-bf74-922538ef217e->1f602086-e1ee-4a4e-927c-1e6b555c2f2b: nextIndex: updateUnconditionally 5 -> 4
2019-08-30 07:08:49,503 [StateMachineUpdater:bf8b2f5f-e1cf-4ce6-bf74-922538ef217e:group-1121D3F08D0A] INFO  ratis.ContainerStateMachine (ContainerStateMachine.java:takeSnapshot(283)) - group-1121D3F08D0A: Taking a snapshot at:(t:1, i:4) file /workdir/hadoop-ozone/integration-test/target/test-dir/MiniOzoneClusterImpl-c6ae54c1-d46d-4dd5-b528-c2e096086b9a/datanode-4/data/ratis/11123a4e-fbaa-4134-88fc-1121d3f08d0a/sm/snapshot.1_4
2019-08-30 07:08:49,503 [grpc-default-executor-1] INFO  impl.FollowerInfo (FollowerInfo.java:lambda$new$0(50)) - bf8b2f5f-e1cf-4ce6-bf74-922538ef217e->f8a0b598-bd5c-4ec2-8ae7-5248ee7e527c: nextIndex: updateUnconditionally 5 -> 4
2019-08-30 07:08:49,515 [ForkJoinPool.commonPool-worker-1] INFO  segmented.SegmentedRaftLogWorker (SegmentedRaftLogWorker.java:close(228)) - a4417465-4f8a-4a39-91d4-515e5517d525-SegmentedRaftLogWorker:Storage Directory /workdir/hadoop-ozone/integration-test/target/test-dir/MiniOzoneClusterImpl-c6ae54c1-d46d-4dd5-b528-c2e096086b9a/datanode-1/data/ratis/e9648ca0-8e3a-4310-aa25-39e77c7e23b3 close()
2019-08-30 07:08:49,520 [ForkJoinPool.commonPool-worker-1] INFO  server.GrpcService (GrpcService.java:closeImpl(155)) - a4417465-4f8a-4a39-91d4-515e5517d525: shutdown server with port 41004 now
2019-08-30 07:08:49,524 [ForkJoinPool.commonPool-worker-1] INFO  server.GrpcService (GrpcService.java:closeImpl(163)) - a4417465-4f8a-4a39-91d4-515e5517d525: shutdown server with port 41004 successfully
2019-08-30 07:08:49,531 [ForkJoinPool.commonPool-worker-1] INFO  utils.BackgroundService (BackgroundService.java:shutdown(148)) - Shutting down service BlockDeletingService
2019-08-30 07:08:49,535 [refreshUsed-/workdir/hadoop-ozone/integration-test/target/test-dir/MiniOzoneClusterImpl-c6ae54c1-d46d-4dd5-b528-c2e096086b9a/datanode-1/data/containers] WARN  fs.CachingGetSpaceUsed (CachingGetSpaceUsed.java:run(183)) - Thread Interrupted waiting to refresh disk information: sleep interrupted
2019-08-30 07:08:49,553 [StateMachineUpdater:bf8b2f5f-e1cf-4ce6-bf74-922538ef217e:group-1121D3F08D0A] INFO  ratis.ContainerStateMachine (ContainerStateMachine.java:takeSnapshot(294)) - group-1121D3F08D0A: Finished taking a snapshot at:(t:1, i:4) file:/workdir/hadoop-ozone/integration-test/target/test-dir/MiniOzoneClusterImpl-c6ae54c1-d46d-4dd5-b528-c2e096086b9a/datanode-4/data/ratis/11123a4e-fbaa-4134-88fc-1121d3f08d0a/sm/snapshot.1_4 time:51
2019-08-30 07:08:49,554 [StateMachineUpdater:bf8b2f5f-e1cf-4ce6-bf74-922538ef217e:group-1121D3F08D0A] INFO  impl.StateMachineUpdater (StateMachineUpdater.java:takeSnapshot(242)) - StateMachineUpdater:bf8b2f5f-e1cf-4ce6-bf74-922538ef217e:group-1121D3F08D0A: Took a snapshot at index 4
2019-08-30 07:08:49,554 [StateMachineUpdater:bf8b2f5f-e1cf-4ce6-bf74-922538ef217e:group-1121D3F08D0A] INFO  impl.StateMachineUpdater (StateMachineUpdater.java:lambda$new$0(80)) - StateMachineUpdater:bf8b2f5f-e1cf-4ce6-bf74-922538ef217e:group-1121D3F08D0A: snapshotIndex: updateIncreasingly -1 -> 4
2019-08-30 07:08:49,565 [ForkJoinPool.commonPool-worker-1] INFO  statemachine.DatanodeStateMachine (DatanodeStateMachine.java:stopDaemon(395)) - Ozone container server stopped.
2019-08-30 07:08:49,572 [main] INFO  impl.RaftServerImpl (ServerState.java:close(394)) - bf8b2f5f-e1cf-4ce6-bf74-922538ef217e:group-1121D3F08D0A closes. The last applied log index is 4
2019-08-30 07:08:49,574 [ForkJoinPool.commonPool-worker-1] INFO  handler.ContextHandler (ContextHandler.java:doStop(910)) - Stopped o.e.j.w.WebAppContext@1f536481{/,null,UNAVAILABLE}{/hddsDatanode}
2019-08-30 07:08:49,574 [bf8b2f5f-e1cf-4ce6-bf74-922538ef217e-SegmentedRaftLogWorker:Storage Directory /workdir/hadoop-ozone/integration-test/target/test-dir/MiniOzoneClusterImpl-c6ae54c1-d46d-4dd5-b528-c2e096086b9a/datanode-4/data/ratis/11123a4e-fbaa-4134-88fc-1121d3f08d0a] INFO  segmented.SegmentedRaftLogWorker (SegmentedRaftLogWorker.java:run(313)) - bf8b2f5f-e1cf-4ce6-bf74-922538ef217e-SegmentedRaftLogWorker:Storage Directory /workdir/hadoop-ozone/integration-test/target/test-dir/MiniOzoneClusterImpl-c6ae54c1-d46d-4dd5-b528-c2e096086b9a/datanode-4/data/ratis/11123a4e-fbaa-4134-88fc-1121d3f08d0a was interrupted, exiting. There are 0 tasks remaining in the queue.
2019-08-30 07:08:49,577 [main] INFO  segmented.SegmentedRaftLogWorker (SegmentedRaftLogWorker.java:close(228)) - bf8b2f5f-e1cf-4ce6-bf74-922538ef217e-SegmentedRaftLogWorker:Storage Directory /workdir/hadoop-ozone/integration-test/target/test-dir/MiniOzoneClusterImpl-c6ae54c1-d46d-4dd5-b528-c2e096086b9a/datanode-4/data/ratis/11123a4e-fbaa-4134-88fc-1121d3f08d0a close()
2019-08-30 07:08:49,577 [ForkJoinPool.commonPool-worker-1] INFO  server.AbstractConnector (AbstractConnector.java:doStop(318)) - Stopped ServerConnector@5234b61a{HTTP/1.1,[http/1.1]}{0.0.0.0:0}
2019-08-30 07:08:49,581 [main] INFO  impl.RaftServerImpl (RaftServerImpl.java:lambda$shutdown$3(245)) - bf8b2f5f-e1cf-4ce6-bf74-922538ef217e: shutdown group-86E6DBB842A3
2019-08-30 07:08:49,584 [ForkJoinPool.commonPool-worker-1] INFO  handler.ContextHandler (ContextHandler.java:doStop(910)) - Stopped o.e.j.s.ServletContextHandler@43d65a81{/static,jar:file:/home/user/.m2/repository/org/apache/hadoop/hadoop-hdds-container-service/0.5.0-SNAPSHOT/hadoop-hdds-container-service-0.5.0-SNAPSHOT.jar!/webapps/static,UNAVAILABLE}
2019-08-30 07:08:49,584 [main] INFO  util.JmxRegister (JmxRegister.java:unregister(73)) - Successfully un-registered JMX Bean with object name Ratis:service=RaftServer,group=group-86E6DBB842A3,id=bf8b2f5f-e1cf-4ce6-bf74-922538ef217e
2019-08-30 07:08:49,586 [ForkJoinPool.commonPool-worker-1] INFO  handler.ContextHandler (ContextHandler.java:doStop(910)) - Stopped o.e.j.s.ServletContextHandler@22ead351{/logs,file:///workdir/hadoop-ozone/integration-test/target/log,UNAVAILABLE}
2019-08-30 07:08:49,586 [main] INFO  impl.RoleInfo (RoleInfo.java:shutdownLeaderState(104)) - bf8b2f5f-e1cf-4ce6-bf74-922538ef217e: shutdown LeaderState
2019-08-30 07:08:49,587 [main] INFO  impl.PendingRequests (PendingRequests.java:sendNotLeaderResponses(202)) - bf8b2f5f-e1cf-4ce6-bf74-922538ef217e-PendingRequests: sendNotLeaderResponses
2019-08-30 07:08:49,588 [main] INFO  impl.StateMachineUpdater (StateMachineUpdater.java:stopAndJoin(115)) - StateMachineUpdater:bf8b2f5f-e1cf-4ce6-bf74-922538ef217e:group-86E6DBB842A3: set stopIndex = 0
2019-08-30 07:08:49,588 [ForkJoinPool.commonPool-worker-1] INFO  datanode.ObjectStoreHandler (ObjectStoreHandler.java:close(155)) - Closing ObjectStoreHandler.
2019-08-30 07:08:49,588 [main] INFO  impl.RaftServerImpl (ServerState.java:close(394)) - bf8b2f5f-e1cf-4ce6-bf74-922538ef217e:group-86E6DBB842A3 closes. The last applied log index is 0
2019-08-30 07:08:49,589 [ForkJoinPool.commonPool-worker-1] INFO  ozone.HddsDatanodeService (HddsDatanodeService.java:stop(451)) - Stopped plug-in org.apache.hadoop.ozone.web.OzoneHddsDatanodeService@62a6674f
2019-08-30 07:08:49,589 [bf8b2f5f-e1cf-4ce6-bf74-922538ef217e-SegmentedRaftLogWorker:Storage Directory /workdir/hadoop-ozone/integration-test/target/test-dir/MiniOzoneClusterImpl-c6ae54c1-d46d-4dd5-b528-c2e096086b9a/datanode-4/data/ratis/2cf8e990-72ed-4633-8625-86e6dbb842a3] INFO  segmented.SegmentedRaftLogWorker (SegmentedRaftLogWorker.java:run(313)) - bf8b2f5f-e1cf-4ce6-bf74-922538ef217e-SegmentedRaftLogWorker:Storage Directory /workdir/hadoop-ozone/integration-test/target/test-dir/MiniOzoneClusterImpl-c6ae54c1-d46d-4dd5-b528-c2e096086b9a/datanode-4/data/ratis/2cf8e990-72ed-4633-8625-86e6dbb842a3 was interrupted, exiting. There are 0 tasks remaining in the queue.
2019-08-30 07:08:49,591 [main] INFO  segmented.SegmentedRaftLogWorker (SegmentedRaftLogWorker.java:close(228)) - bf8b2f5f-e1cf-4ce6-bf74-922538ef217e-SegmentedRaftLogWorker:Storage Directory /workdir/hadoop-ozone/integration-test/target/test-dir/MiniOzoneClusterImpl-c6ae54c1-d46d-4dd5-b528-c2e096086b9a/datanode-4/data/ratis/2cf8e990-72ed-4633-8625-86e6dbb842a3 close()
2019-08-30 07:08:49,595 [main] INFO  server.GrpcService (GrpcService.java:closeImpl(155)) - bf8b2f5f-e1cf-4ce6-bf74-922538ef217e: shutdown server with port 41260 now
2019-08-30 07:08:49,597 | INFO  | SCMAudit | user=jenkins1000 | ip=192.168.5.156 | op=SEND_HEARTBEAT {datanodeUUID=c6f80673-9b9b-48d9-974f-74d8c6e53dca, command=[]} | ret=SUCCESS |  
2019-08-30 07:08:49,598 [main] INFO  server.GrpcService (GrpcService.java:closeImpl(163)) - bf8b2f5f-e1cf-4ce6-bf74-922538ef217e: shutdown server with port 41260 successfully
2019-08-30 07:08:49,612 [main] INFO  utils.BackgroundService (BackgroundService.java:shutdown(148)) - Shutting down service BlockDeletingService
2019-08-30 07:08:49,617 [refreshUsed-/workdir/hadoop-ozone/integration-test/target/test-dir/MiniOzoneClusterImpl-c6ae54c1-d46d-4dd5-b528-c2e096086b9a/datanode-4/data/containers] WARN  fs.CachingGetSpaceUsed (CachingGetSpaceUsed.java:run(183)) - Thread Interrupted waiting to refresh disk information: sleep interrupted
2019-08-30 07:08:49,625 [Datanode State Machine Thread - 0] INFO  statemachine.DatanodeStateMachine (DatanodeStateMachine.java:lambda$startDaemon$0(350)) - Ozone container server started.
2019-08-30 07:08:49,627 | INFO  | SCMAudit | user=jenkins1000 | ip=192.168.5.156 | op=SEND_HEARTBEAT {datanodeUUID=d4249830-50d0-4433-aac8-f817ef11b799, command=[]} | ret=SUCCESS |  
2019-08-30 07:08:49,640 [main] INFO  statemachine.DatanodeStateMachine (DatanodeStateMachine.java:stopDaemon(395)) - Ozone container server stopped.
2019-08-30 07:08:49,641 [main] INFO  handler.ContextHandler (ContextHandler.java:doStop(910)) - Stopped o.e.j.w.WebAppContext@5520f675{/,null,UNAVAILABLE}{/hddsDatanode}
2019-08-30 07:08:49,642 [main] INFO  server.AbstractConnector (AbstractConnector.java:doStop(318)) - Stopped ServerConnector@2d237460{HTTP/1.1,[http/1.1]}{0.0.0.0:0}
2019-08-30 07:08:49,643 [main] INFO  handler.ContextHandler (ContextHandler.java:doStop(910)) - Stopped o.e.j.s.ServletContextHandler@7a36c83a{/static,jar:file:/home/user/.m2/repository/org/apache/hadoop/hadoop-hdds-container-service/0.5.0-SNAPSHOT/hadoop-hdds-container-service-0.5.0-SNAPSHOT.jar!/webapps/static,UNAVAILABLE}
2019-08-30 07:08:49,643 [main] INFO  handler.ContextHandler (ContextHandler.java:doStop(910)) - Stopped o.e.j.s.ServletContextHandler@6321a5aa{/logs,file:///workdir/hadoop-ozone/integration-test/target/log,UNAVAILABLE}
2019-08-30 07:08:49,645 [main] INFO  datanode.ObjectStoreHandler (ObjectStoreHandler.java:close(155)) - Closing ObjectStoreHandler.
2019-08-30 07:08:49,647 [main] INFO  ozone.HddsDatanodeService (HddsDatanodeService.java:stop(451)) - Stopped plug-in org.apache.hadoop.ozone.web.OzoneHddsDatanodeService@22a4ca4a
2019-08-30 07:08:50,292 [Datanode State Machine Thread - 0] INFO  statemachine.DatanodeStateMachine (DatanodeStateMachine.java:lambda$startDaemon$0(350)) - Ozone container server started.
2019-08-30 07:08:50,317 | INFO  | SCMAudit | user=jenkins1000 | ip=192.168.5.156 | op=SEND_HEARTBEAT {datanodeUUID=1f602086-e1ee-4a4e-927c-1e6b555c2f2b, command=[commandType: closeContainerCommand closeContainerCommandProto { containerID: 2 pipelineID { id: "11123a4e-fbaa-4134-88fc-1121d3f08d0a" } cmdId: 2 force: false } ]} | ret=SUCCESS |  
2019-08-30 07:08:50,594 | INFO  | SCMAudit | user=jenkins1000 | ip=192.168.5.156 | op=SEND_HEARTBEAT {datanodeUUID=c6f80673-9b9b-48d9-974f-74d8c6e53dca, command=[]} | ret=SUCCESS |  
2019-08-30 07:08:50,627 | INFO  | SCMAudit | user=jenkins1000 | ip=192.168.5.156 | op=SEND_HEARTBEAT {datanodeUUID=d4249830-50d0-4433-aac8-f817ef11b799, command=[]} | ret=SUCCESS |  
2019-08-30 07:08:51,294 | INFO  | SCMAudit | user=jenkins1000 | ip=192.168.5.156 | op=SEND_HEARTBEAT {datanodeUUID=1f602086-e1ee-4a4e-927c-1e6b555c2f2b, command=[]} | ret=SUCCESS |  
2019-08-30 07:08:51,595 | INFO  | SCMAudit | user=jenkins1000 | ip=192.168.5.156 | op=SEND_HEARTBEAT {datanodeUUID=c6f80673-9b9b-48d9-974f-74d8c6e53dca, command=[]} | ret=SUCCESS |  
2019-08-30 07:08:51,627 | INFO  | SCMAudit | user=jenkins1000 | ip=192.168.5.156 | op=SEND_HEARTBEAT {datanodeUUID=d4249830-50d0-4433-aac8-f817ef11b799, command=[]} | ret=SUCCESS |  
2019-08-30 07:08:52,295 | INFO  | SCMAudit | user=jenkins1000 | ip=192.168.5.156 | op=SEND_HEARTBEAT {datanodeUUID=1f602086-e1ee-4a4e-927c-1e6b555c2f2b, command=[]} | ret=SUCCESS |  
2019-08-30 07:08:52,328 | INFO  | SCMAudit | user=jenkins1000 | ip=192.168.5.156 | op=SEND_HEARTBEAT {datanodeUUID=1f602086-e1ee-4a4e-927c-1e6b555c2f2b, command=[]} | ret=SUCCESS |  
2019-08-30 07:08:52,595 | INFO  | SCMAudit | user=jenkins1000 | ip=192.168.5.156 | op=SEND_HEARTBEAT {datanodeUUID=c6f80673-9b9b-48d9-974f-74d8c6e53dca, command=[]} | ret=SUCCESS |  
2019-08-30 07:08:52,628 | INFO  | SCMAudit | user=jenkins1000 | ip=192.168.5.156 | op=SEND_HEARTBEAT {datanodeUUID=d4249830-50d0-4433-aac8-f817ef11b799, command=[]} | ret=SUCCESS |  
2019-08-30 07:08:53,329 | INFO  | SCMAudit | user=jenkins1000 | ip=192.168.5.156 | op=SEND_HEARTBEAT {datanodeUUID=1f602086-e1ee-4a4e-927c-1e6b555c2f2b, command=[]} | ret=SUCCESS |  
2019-08-30 07:08:53,595 | INFO  | SCMAudit | user=jenkins1000 | ip=192.168.5.156 | op=SEND_HEARTBEAT {datanodeUUID=c6f80673-9b9b-48d9-974f-74d8c6e53dca, command=[]} | ret=SUCCESS |  
2019-08-30 07:08:53,630 | INFO  | SCMAudit | user=jenkins1000 | ip=192.168.5.156 | op=SEND_HEARTBEAT {datanodeUUID=d4249830-50d0-4433-aac8-f817ef11b799, command=[]} | ret=SUCCESS |  
2019-08-30 07:08:53,696 [EventQueue-StaleNodeForStaleNodeHandler] INFO  node.StaleNodeHandler (StaleNodeHandler.java:onMessage(58)) - Datanode edec05a3-e2d1-4a21-a444-d2129c222199{ip: 192.168.5.156, host: pr-hdds-1569-5th2c-4253854396, networkLocation: /default-rack, certSerialId: null} moved to stale state. Finalizing its pipelines [PipelineID=9296e8b7-22bf-47ce-8a81-30e28e14a856, PipelineID=0f101934-a188-49a6-992a-dedd640b694f]
2019-08-30 07:08:53,696 [EventQueue-StaleNodeForStaleNodeHandler] INFO  pipeline.SCMPipelineManager (SCMPipelineManager.java:finalizeAndDestroyPipeline(309)) - destroying pipeline:Pipeline[ Id: 9296e8b7-22bf-47ce-8a81-30e28e14a856, Nodes: d4249830-50d0-4433-aac8-f817ef11b799{ip: 192.168.5.156, host: pr-hdds-1569-5th2c-4253854396, networkLocation: /default-rack, certSerialId: null}c6f80673-9b9b-48d9-974f-74d8c6e53dca{ip: 192.168.5.156, host: pr-hdds-1569-5th2c-4253854396, networkLocation: /default-rack, certSerialId: null}edec05a3-e2d1-4a21-a444-d2129c222199{ip: 192.168.5.156, host: pr-hdds-1569-5th2c-4253854396, networkLocation: /default-rack, certSerialId: null}, Type:RATIS, Factor:THREE, State:OPEN]
2019-08-30 07:08:53,696 [EventQueue-StaleNodeForStaleNodeHandler] INFO  pipeline.PipelineStateManager (PipelineStateManager.java:finalizePipeline(123)) - Pipeline Pipeline[ Id: 9296e8b7-22bf-47ce-8a81-30e28e14a856, Nodes: d4249830-50d0-4433-aac8-f817ef11b799{ip: 192.168.5.156, host: pr-hdds-1569-5th2c-4253854396, networkLocation: /default-rack, certSerialId: null}c6f80673-9b9b-48d9-974f-74d8c6e53dca{ip: 192.168.5.156, host: pr-hdds-1569-5th2c-4253854396, networkLocation: /default-rack, certSerialId: null}edec05a3-e2d1-4a21-a444-d2129c222199{ip: 192.168.5.156, host: pr-hdds-1569-5th2c-4253854396, networkLocation: /default-rack, certSerialId: null}, Type:RATIS, Factor:THREE, State:CLOSED] moved to CLOSED state
2019-08-30 07:08:53,697 [EventQueue-CloseContainerForCloseContainerEventHandler] INFO  container.CloseContainerEventHandler (CloseContainerEventHandler.java:onMessage(61)) - Close container Event triggered for container : #1
2019-08-30 07:08:53,697 [EventQueue-StaleNodeForStaleNodeHandler] INFO  pipeline.SCMPipelineManager (SCMPipelineManager.java:finalizeAndDestroyPipeline(309)) - destroying pipeline:Pipeline[ Id: 0f101934-a188-49a6-992a-dedd640b694f, Nodes: edec05a3-e2d1-4a21-a444-d2129c222199{ip: 192.168.5.156, host: pr-hdds-1569-5th2c-4253854396, networkLocation: /default-rack, certSerialId: null}, Type:RATIS, Factor:ONE, State:OPEN]
2019-08-30 07:08:53,697 [EventQueue-StaleNodeForStaleNodeHandler] INFO  pipeline.PipelineStateManager (PipelineStateManager.java:finalizePipeline(123)) - Pipeline Pipeline[ Id: 0f101934-a188-49a6-992a-dedd640b694f, Nodes: edec05a3-e2d1-4a21-a444-d2129c222199{ip: 192.168.5.156, host: pr-hdds-1569-5th2c-4253854396, networkLocation: /default-rack, certSerialId: null}, Type:RATIS, Factor:ONE, State:CLOSED] moved to CLOSED state
2019-08-30 07:08:54,297 [EventQueue-StaleNodeForStaleNodeHandler] INFO  node.StaleNodeHandler (StaleNodeHandler.java:onMessage(58)) - Datanode f8a0b598-bd5c-4ec2-8ae7-5248ee7e527c{ip: 192.168.5.156, host: pr-hdds-1569-5th2c-4253854396, networkLocation: /default-rack, certSerialId: null} moved to stale state. Finalizing its pipelines [PipelineID=11123a4e-fbaa-4134-88fc-1121d3f08d0a, PipelineID=e04d0a09-9192-4d8b-8325-fc38f6771b2f]
2019-08-30 07:08:54,297 [EventQueue-StaleNodeForStaleNodeHandler] INFO  pipeline.SCMPipelineManager (SCMPipelineManager.java:finalizeAndDestroyPipeline(309)) - destroying pipeline:Pipeline[ Id: 11123a4e-fbaa-4134-88fc-1121d3f08d0a, Nodes: 1f602086-e1ee-4a4e-927c-1e6b555c2f2b{ip: 192.168.5.156, host: pr-hdds-1569-5th2c-4253854396, networkLocation: /default-rack, certSerialId: null}f8a0b598-bd5c-4ec2-8ae7-5248ee7e527c{ip: 192.168.5.156, host: pr-hdds-1569-5th2c-4253854396, networkLocation: /default-rack, certSerialId: null}bf8b2f5f-e1cf-4ce6-bf74-922538ef217e{ip: 192.168.5.156, host: pr-hdds-1569-5th2c-4253854396, networkLocation: /default-rack, certSerialId: null}, Type:RATIS, Factor:THREE, State:CLOSED]
2019-08-30 07:08:54,297 [EventQueue-StaleNodeForStaleNodeHandler] INFO  pipeline.SCMPipelineManager (SCMPipelineManager.java:finalizeAndDestroyPipeline(309)) - destroying pipeline:Pipeline[ Id: e04d0a09-9192-4d8b-8325-fc38f6771b2f, Nodes: f8a0b598-bd5c-4ec2-8ae7-5248ee7e527c{ip: 192.168.5.156, host: pr-hdds-1569-5th2c-4253854396, networkLocation: /default-rack, certSerialId: null}, Type:RATIS, Factor:ONE, State:OPEN]
2019-08-30 07:08:54,297 [EventQueue-StaleNodeForStaleNodeHandler] INFO  pipeline.PipelineStateManager (PipelineStateManager.java:finalizePipeline(123)) - Pipeline Pipeline[ Id: e04d0a09-9192-4d8b-8325-fc38f6771b2f, Nodes: f8a0b598-bd5c-4ec2-8ae7-5248ee7e527c{ip: 192.168.5.156, host: pr-hdds-1569-5th2c-4253854396, networkLocation: /default-rack, certSerialId: null}, Type:RATIS, Factor:ONE, State:CLOSED] moved to CLOSED state
2019-08-30 07:08:54,328 | INFO  | SCMAudit | user=jenkins1000 | ip=192.168.5.156 | op=SEND_HEARTBEAT {datanodeUUID=1f602086-e1ee-4a4e-927c-1e6b555c2f2b, command=[]} | ret=SUCCESS |  
2019-08-30 07:08:54,590 [ForkJoinPool.commonPool-worker-1] INFO  ozoneimpl.OzoneContainer (OzoneContainer.java:stop(199)) - Attempting to stop container services.
2019-08-30 07:08:54,590 [ForkJoinPool.commonPool-worker-1] INFO  impl.RaftServerProxy (RaftServerProxy.java:lambda$close$4(314)) - edec05a3-e2d1-4a21-a444-d2129c222199: close
2019-08-30 07:08:54,591 [ForkJoinPool.commonPool-worker-1] INFO  impl.RaftServerImpl (RaftServerImpl.java:lambda$shutdown$3(245)) - edec05a3-e2d1-4a21-a444-d2129c222199: shutdown group-30E28E14A856
2019-08-30 07:08:54,591 [ForkJoinPool.commonPool-worker-1] INFO  util.JmxRegister (JmxRegister.java:unregister(73)) - Successfully un-registered JMX Bean with object name Ratis:service=RaftServer,group=group-30E28E14A856,id=edec05a3-e2d1-4a21-a444-d2129c222199
2019-08-30 07:08:54,591 [ForkJoinPool.commonPool-worker-1] INFO  impl.RoleInfo (RoleInfo.java:shutdownFollowerState(121)) - edec05a3-e2d1-4a21-a444-d2129c222199: shutdown FollowerState
2019-08-30 07:08:54,592 [ForkJoinPool.commonPool-worker-1] INFO  impl.StateMachineUpdater (StateMachineUpdater.java:stopAndJoin(115)) - StateMachineUpdater:edec05a3-e2d1-4a21-a444-d2129c222199:group-30E28E14A856: set stopIndex = 16
2019-08-30 07:08:54,592 [Thread-314] INFO  impl.FollowerState (FollowerState.java:run(114)) - edec05a3-e2d1-4a21-a444-d2129c222199: FollowerState was interrupted: java.lang.InterruptedException: sleep interrupted
2019-08-30 07:08:54,592 [StateMachineUpdater:edec05a3-e2d1-4a21-a444-d2129c222199:group-30E28E14A856] INFO  ratis.ContainerStateMachine (ContainerStateMachine.java:takeSnapshot(283)) - group-30E28E14A856: Taking a snapshot at:(t:1, i:16) file /workdir/hadoop-ozone/integration-test/target/test-dir/MiniOzoneClusterImpl-c6ae54c1-d46d-4dd5-b528-c2e096086b9a/datanode-2/data/ratis/9296e8b7-22bf-47ce-8a81-30e28e14a856/sm/snapshot.1_16
2019-08-30 07:08:54,596 | INFO  | SCMAudit | user=jenkins1000 | ip=192.168.5.156 | op=SEND_HEARTBEAT {datanodeUUID=c6f80673-9b9b-48d9-974f-74d8c6e53dca, command=[commandType: closeContainerCommand closeContainerCommandProto { containerID: 1 pipelineID { id: "9296e8b7-22bf-47ce-8a81-30e28e14a856" } cmdId: 1 force: false } ]} | ret=SUCCESS |  
2019-08-30 07:08:54,607 [StateMachineUpdater:edec05a3-e2d1-4a21-a444-d2129c222199:group-30E28E14A856] INFO  ratis.ContainerStateMachine (ContainerStateMachine.java:takeSnapshot(294)) - group-30E28E14A856: Finished taking a snapshot at:(t:1, i:16) file:/workdir/hadoop-ozone/integration-test/target/test-dir/MiniOzoneClusterImpl-c6ae54c1-d46d-4dd5-b528-c2e096086b9a/datanode-2/data/ratis/9296e8b7-22bf-47ce-8a81-30e28e14a856/sm/snapshot.1_16 time:16
2019-08-30 07:08:54,607 [StateMachineUpdater:edec05a3-e2d1-4a21-a444-d2129c222199:group-30E28E14A856] INFO  impl.StateMachineUpdater (StateMachineUpdater.java:takeSnapshot(242)) - StateMachineUpdater:edec05a3-e2d1-4a21-a444-d2129c222199:group-30E28E14A856: Took a snapshot at index 16
2019-08-30 07:08:54,608 [StateMachineUpdater:edec05a3-e2d1-4a21-a444-d2129c222199:group-30E28E14A856] INFO  impl.StateMachineUpdater (StateMachineUpdater.java:lambda$new$0(80)) - StateMachineUpdater:edec05a3-e2d1-4a21-a444-d2129c222199:group-30E28E14A856: snapshotIndex: updateIncreasingly -1 -> 16
2019-08-30 07:08:54,608 [ForkJoinPool.commonPool-worker-1] INFO  impl.RaftServerImpl (ServerState.java:close(394)) - edec05a3-e2d1-4a21-a444-d2129c222199:group-30E28E14A856 closes. The last applied log index is 16
2019-08-30 07:08:54,609 [edec05a3-e2d1-4a21-a444-d2129c222199-SegmentedRaftLogWorker:Storage Directory /workdir/hadoop-ozone/integration-test/target/test-dir/MiniOzoneClusterImpl-c6ae54c1-d46d-4dd5-b528-c2e096086b9a/datanode-2/data/ratis/9296e8b7-22bf-47ce-8a81-30e28e14a856] INFO  segmented.SegmentedRaftLogWorker (SegmentedRaftLogWorker.java:run(313)) - edec05a3-e2d1-4a21-a444-d2129c222199-SegmentedRaftLogWorker:Storage Directory /workdir/hadoop-ozone/integration-test/target/test-dir/MiniOzoneClusterImpl-c6ae54c1-d46d-4dd5-b528-c2e096086b9a/datanode-2/data/ratis/9296e8b7-22bf-47ce-8a81-30e28e14a856 was interrupted, exiting. There are 0 tasks remaining in the queue.
2019-08-30 07:08:54,611 [ForkJoinPool.commonPool-worker-1] INFO  segmented.SegmentedRaftLogWorker (SegmentedRaftLogWorker.java:close(228)) - edec05a3-e2d1-4a21-a444-d2129c222199-SegmentedRaftLogWorker:Storage Directory /workdir/hadoop-ozone/integration-test/target/test-dir/MiniOzoneClusterImpl-c6ae54c1-d46d-4dd5-b528-c2e096086b9a/datanode-2/data/ratis/9296e8b7-22bf-47ce-8a81-30e28e14a856 close()
2019-08-30 07:08:54,614 [ForkJoinPool.commonPool-worker-1] INFO  impl.RaftServerImpl (RaftServerImpl.java:lambda$shutdown$3(245)) - edec05a3-e2d1-4a21-a444-d2129c222199: shutdown group-DEDD640B694F
2019-08-30 07:08:54,614 [ForkJoinPool.commonPool-worker-1] INFO  util.JmxRegister (JmxRegister.java:unregister(73)) - Successfully un-registered JMX Bean with object name Ratis:service=RaftServer,group=group-DEDD640B694F,id=edec05a3-e2d1-4a21-a444-d2129c222199
2019-08-30 07:08:54,615 [ForkJoinPool.commonPool-worker-1] INFO  impl.RoleInfo (RoleInfo.java:shutdownLeaderState(104)) - edec05a3-e2d1-4a21-a444-d2129c222199: shutdown LeaderState
2019-08-30 07:08:54,615 [ForkJoinPool.commonPool-worker-1] INFO  impl.PendingRequests (PendingRequests.java:sendNotLeaderResponses(202)) - edec05a3-e2d1-4a21-a444-d2129c222199-PendingRequests: sendNotLeaderResponses
2019-08-30 07:08:54,615 [ForkJoinPool.commonPool-worker-1] INFO  impl.StateMachineUpdater (StateMachineUpdater.java:stopAndJoin(115)) - StateMachineUpdater:edec05a3-e2d1-4a21-a444-d2129c222199:group-DEDD640B694F: set stopIndex = 0
2019-08-30 07:08:54,617 [ForkJoinPool.commonPool-worker-1] INFO  impl.RaftServerImpl (ServerState.java:close(394)) - edec05a3-e2d1-4a21-a444-d2129c222199:group-DEDD640B694F closes. The last applied log index is 0
2019-08-30 07:08:54,618 [edec05a3-e2d1-4a21-a444-d2129c222199-SegmentedRaftLogWorker:Storage Directory /workdir/hadoop-ozone/integration-test/target/test-dir/MiniOzoneClusterImpl-c6ae54c1-d46d-4dd5-b528-c2e096086b9a/datanode-2/data/ratis/0f101934-a188-49a6-992a-dedd640b694f] INFO  segmented.SegmentedRaftLogWorker (SegmentedRaftLogWorker.java:run(313)) - edec05a3-e2d1-4a21-a444-d2129c222199-SegmentedRaftLogWorker:Storage Directory /workdir/hadoop-ozone/integration-test/target/test-dir/MiniOzoneClusterImpl-c6ae54c1-d46d-4dd5-b528-c2e096086b9a/datanode-2/data/ratis/0f101934-a188-49a6-992a-dedd640b694f was interrupted, exiting. There are 0 tasks remaining in the queue.
2019-08-30 07:08:54,619 [ForkJoinPool.commonPool-worker-1] INFO  segmented.SegmentedRaftLogWorker (SegmentedRaftLogWorker.java:close(228)) - edec05a3-e2d1-4a21-a444-d2129c222199-SegmentedRaftLogWorker:Storage Directory /workdir/hadoop-ozone/integration-test/target/test-dir/MiniOzoneClusterImpl-c6ae54c1-d46d-4dd5-b528-c2e096086b9a/datanode-2/data/ratis/0f101934-a188-49a6-992a-dedd640b694f close()
2019-08-30 07:08:54,623 [ForkJoinPool.commonPool-worker-1] INFO  server.GrpcService (GrpcService.java:closeImpl(155)) - edec05a3-e2d1-4a21-a444-d2129c222199: shutdown server with port 45835 now
2019-08-30 07:08:54,627 [ForkJoinPool.commonPool-worker-1] INFO  server.GrpcService (GrpcService.java:closeImpl(163)) - edec05a3-e2d1-4a21-a444-d2129c222199: shutdown server with port 45835 successfully
2019-08-30 07:08:54,627 [grpc-default-executor-1] WARN  server.GrpcServerProtocolService (LogUtils.java:warn(134)) - edec05a3-e2d1-4a21-a444-d2129c222199: appendEntries onError: org.apache.ratis.thirdparty.io.grpc.StatusRuntimeException: CANCELLED: cancelled before receiving half close
2019-08-30 07:08:54,627 [grpc-default-executor-0] WARN  server.GrpcLogAppender (LogUtils.java:warn(134)) - c6f80673-9b9b-48d9-974f-74d8c6e53dca->edec05a3-e2d1-4a21-a444-d2129c222199: Failed appendEntries: org.apache.ratis.thirdparty.io.grpc.StatusRuntimeException: CANCELLED: HTTP/2 error code: CANCEL
Received Rst Stream
2019-08-30 07:08:54,630 [grpc-default-executor-0] INFO  impl.FollowerInfo (FollowerInfo.java:lambda$new$0(50)) - c6f80673-9b9b-48d9-974f-74d8c6e53dca->edec05a3-e2d1-4a21-a444-d2129c222199: nextIndex: updateUnconditionally 17 -> 16
2019-08-30 07:08:54,630 [ForkJoinPool.commonPool-worker-1] INFO  utils.BackgroundService (BackgroundService.java:shutdown(148)) - Shutting down service BlockDeletingService
2019-08-30 07:08:54,631 | INFO  | SCMAudit | user=jenkins1000 | ip=192.168.5.156 | op=SEND_HEARTBEAT {datanodeUUID=d4249830-50d0-4433-aac8-f817ef11b799, command=[commandType: closeContainerCommand closeContainerCommandProto { containerID: 1 pipelineID { id: "9296e8b7-22bf-47ce-8a81-30e28e14a856" } cmdId: 1 force: false } ]} | ret=SUCCESS |  
2019-08-30 07:08:54,632 [refreshUsed-/workdir/hadoop-ozone/integration-test/target/test-dir/MiniOzoneClusterImpl-c6ae54c1-d46d-4dd5-b528-c2e096086b9a/datanode-2/data/containers] WARN  fs.CachingGetSpaceUsed (CachingGetSpaceUsed.java:run(183)) - Thread Interrupted waiting to refresh disk information: sleep interrupted
2019-08-30 07:08:54,648 [main] INFO  ozoneimpl.OzoneContainer (OzoneContainer.java:stop(199)) - Attempting to stop container services.
2019-08-30 07:08:54,649 [main] INFO  impl.RaftServerProxy (RaftServerProxy.java:lambda$close$4(314)) - f8a0b598-bd5c-4ec2-8ae7-5248ee7e527c: close
2019-08-30 07:08:54,650 [main] INFO  impl.RaftServerImpl (RaftServerImpl.java:lambda$shutdown$3(245)) - f8a0b598-bd5c-4ec2-8ae7-5248ee7e527c: shutdown group-1121D3F08D0A
2019-08-30 07:08:54,650 [main] INFO  util.JmxRegister (JmxRegister.java:unregister(73)) - Successfully un-registered JMX Bean with object name Ratis:service=RaftServer,group=group-1121D3F08D0A,id=f8a0b598-bd5c-4ec2-8ae7-5248ee7e527c
2019-08-30 07:08:54,650 [main] INFO  impl.RoleInfo (RoleInfo.java:shutdownFollowerState(121)) - f8a0b598-bd5c-4ec2-8ae7-5248ee7e527c: shutdown FollowerState
2019-08-30 07:08:54,655 [ForkJoinPool.commonPool-worker-1] INFO  statemachine.DatanodeStateMachine (DatanodeStateMachine.java:stopDaemon(395)) - Ozone container server stopped.
2019-08-30 07:08:54,655 [StateMachineUpdater:f8a0b598-bd5c-4ec2-8ae7-5248ee7e527c:group-1121D3F08D0A] INFO  ratis.ContainerStateMachine (ContainerStateMachine.java:takeSnapshot(283)) - group-1121D3F08D0A: Taking a snapshot at:(t:1, i:3) file /workdir/hadoop-ozone/integration-test/target/test-dir/MiniOzoneClusterImpl-c6ae54c1-d46d-4dd5-b528-c2e096086b9a/datanode-3/data/ratis/11123a4e-fbaa-4134-88fc-1121d3f08d0a/sm/snapshot.1_3
2019-08-30 07:08:54,655 [Thread-337] INFO  impl.FollowerState (FollowerState.java:run(114)) - f8a0b598-bd5c-4ec2-8ae7-5248ee7e527c: FollowerState was interrupted: java.lang.InterruptedException: sleep interrupted
2019-08-30 07:08:54,655 [main] INFO  impl.StateMachineUpdater (StateMachineUpdater.java:stopAndJoin(115)) - StateMachineUpdater:f8a0b598-bd5c-4ec2-8ae7-5248ee7e527c:group-1121D3F08D0A: set stopIndex = 4
2019-08-30 07:08:54,661 [ForkJoinPool.commonPool-worker-1] INFO  handler.ContextHandler (ContextHandler.java:doStop(910)) - Stopped o.e.j.w.WebAppContext@6cc64028{/,null,UNAVAILABLE}{/hddsDatanode}
2019-08-30 07:08:54,662 [ForkJoinPool.commonPool-worker-1] INFO  server.AbstractConnector (AbstractConnector.java:doStop(318)) - Stopped ServerConnector@291a4791{HTTP/1.1,[http/1.1]}{0.0.0.0:0}
2019-08-30 07:08:54,664 [ForkJoinPool.commonPool-worker-1] INFO  handler.ContextHandler (ContextHandler.java:doStop(910)) - Stopped o.e.j.s.ServletContextHandler@17c0274c{/static,jar:file:/home/user/.m2/repository/org/apache/hadoop/hadoop-hdds-container-service/0.5.0-SNAPSHOT/hadoop-hdds-container-service-0.5.0-SNAPSHOT.jar!/webapps/static,UNAVAILABLE}
2019-08-30 07:08:54,666 [ForkJoinPool.commonPool-worker-1] INFO  handler.ContextHandler (ContextHandler.java:doStop(910)) - Stopped o.e.j.s.ServletContextHandler@448c92fc{/logs,file:///workdir/hadoop-ozone/integration-test/target/log,UNAVAILABLE}
2019-08-30 07:08:54,667 [ForkJoinPool.commonPool-worker-1] INFO  datanode.ObjectStoreHandler (ObjectStoreHandler.java:close(155)) - Closing ObjectStoreHandler.
2019-08-30 07:08:54,668 [ForkJoinPool.commonPool-worker-1] INFO  ozone.HddsDatanodeService (HddsDatanodeService.java:stop(451)) - Stopped plug-in org.apache.hadoop.ozone.web.OzoneHddsDatanodeService@3375ebd3
2019-08-30 07:08:54,671 [StateMachineUpdater:f8a0b598-bd5c-4ec2-8ae7-5248ee7e527c:group-1121D3F08D0A] INFO  ratis.ContainerStateMachine (ContainerStateMachine.java:takeSnapshot(294)) - group-1121D3F08D0A: Finished taking a snapshot at:(t:1, i:3) file:/workdir/hadoop-ozone/integration-test/target/test-dir/MiniOzoneClusterImpl-c6ae54c1-d46d-4dd5-b528-c2e096086b9a/datanode-3/data/ratis/11123a4e-fbaa-4134-88fc-1121d3f08d0a/sm/snapshot.1_3 time:16
2019-08-30 07:08:54,671 [StateMachineUpdater:f8a0b598-bd5c-4ec2-8ae7-5248ee7e527c:group-1121D3F08D0A] INFO  impl.StateMachineUpdater (StateMachineUpdater.java:takeSnapshot(242)) - StateMachineUpdater:f8a0b598-bd5c-4ec2-8ae7-5248ee7e527c:group-1121D3F08D0A: Took a snapshot at index 3
2019-08-30 07:08:54,671 [StateMachineUpdater:f8a0b598-bd5c-4ec2-8ae7-5248ee7e527c:group-1121D3F08D0A] INFO  impl.StateMachineUpdater (StateMachineUpdater.java:lambda$new$0(80)) - StateMachineUpdater:f8a0b598-bd5c-4ec2-8ae7-5248ee7e527c:group-1121D3F08D0A: snapshotIndex: updateIncreasingly -1 -> 3
2019-08-30 07:08:54,672 [main] INFO  impl.RaftServerImpl (ServerState.java:close(394)) - f8a0b598-bd5c-4ec2-8ae7-5248ee7e527c:group-1121D3F08D0A closes. The last applied log index is 4
2019-08-30 07:08:54,672 [f8a0b598-bd5c-4ec2-8ae7-5248ee7e527c-SegmentedRaftLogWorker:Storage Directory /workdir/hadoop-ozone/integration-test/target/test-dir/MiniOzoneClusterImpl-c6ae54c1-d46d-4dd5-b528-c2e096086b9a/datanode-3/data/ratis/11123a4e-fbaa-4134-88fc-1121d3f08d0a] INFO  segmented.SegmentedRaftLogWorker (SegmentedRaftLogWorker.java:run(313)) - f8a0b598-bd5c-4ec2-8ae7-5248ee7e527c-SegmentedRaftLogWorker:Storage Directory /workdir/hadoop-ozone/integration-test/target/test-dir/MiniOzoneClusterImpl-c6ae54c1-d46d-4dd5-b528-c2e096086b9a/datanode-3/data/ratis/11123a4e-fbaa-4134-88fc-1121d3f08d0a was interrupted, exiting. There are 0 tasks remaining in the queue.
2019-08-30 07:08:54,674 [main] INFO  segmented.SegmentedRaftLogWorker (SegmentedRaftLogWorker.java:close(228)) - f8a0b598-bd5c-4ec2-8ae7-5248ee7e527c-SegmentedRaftLogWorker:Storage Directory /workdir/hadoop-ozone/integration-test/target/test-dir/MiniOzoneClusterImpl-c6ae54c1-d46d-4dd5-b528-c2e096086b9a/datanode-3/data/ratis/11123a4e-fbaa-4134-88fc-1121d3f08d0a close()
2019-08-30 07:08:54,677 [main] INFO  impl.RaftServerImpl (RaftServerImpl.java:lambda$shutdown$3(245)) - f8a0b598-bd5c-4ec2-8ae7-5248ee7e527c: shutdown group-FC38F6771B2F
2019-08-30 07:08:54,677 [main] INFO  util.JmxRegister (JmxRegister.java:unregister(73)) - Successfully un-registered JMX Bean with object name Ratis:service=RaftServer,group=group-FC38F6771B2F,id=f8a0b598-bd5c-4ec2-8ae7-5248ee7e527c
2019-08-30 07:08:54,678 [main] INFO  impl.RoleInfo (RoleInfo.java:shutdownLeaderState(104)) - f8a0b598-bd5c-4ec2-8ae7-5248ee7e527c: shutdown LeaderState
2019-08-30 07:08:54,678 [main] INFO  impl.PendingRequests (PendingRequests.java:sendNotLeaderResponses(202)) - f8a0b598-bd5c-4ec2-8ae7-5248ee7e527c-PendingRequests: sendNotLeaderResponses
2019-08-30 07:08:54,679 [main] INFO  impl.StateMachineUpdater (StateMachineUpdater.java:stopAndJoin(115)) - StateMachineUpdater:f8a0b598-bd5c-4ec2-8ae7-5248ee7e527c:group-FC38F6771B2F: set stopIndex = 0
2019-08-30 07:08:54,679 [main] INFO  impl.RaftServerImpl (ServerState.java:close(394)) - f8a0b598-bd5c-4ec2-8ae7-5248ee7e527c:group-FC38F6771B2F closes. The last applied log index is 0
2019-08-30 07:08:54,680 [f8a0b598-bd5c-4ec2-8ae7-5248ee7e527c-SegmentedRaftLogWorker:Storage Directory /workdir/hadoop-ozone/integration-test/target/test-dir/MiniOzoneClusterImpl-c6ae54c1-d46d-4dd5-b528-c2e096086b9a/datanode-3/data/ratis/e04d0a09-9192-4d8b-8325-fc38f6771b2f] INFO  segmented.SegmentedRaftLogWorker (SegmentedRaftLogWorker.java:run(313)) - f8a0b598-bd5c-4ec2-8ae7-5248ee7e527c-SegmentedRaftLogWorker:Storage Directory /workdir/hadoop-ozone/integration-test/target/test-dir/MiniOzoneClusterImpl-c6ae54c1-d46d-4dd5-b528-c2e096086b9a/datanode-3/data/ratis/e04d0a09-9192-4d8b-8325-fc38f6771b2f was interrupted, exiting. There are 0 tasks remaining in the queue.
2019-08-30 07:08:54,681 [main] INFO  segmented.SegmentedRaftLogWorker (SegmentedRaftLogWorker.java:close(228)) - f8a0b598-bd5c-4ec2-8ae7-5248ee7e527c-SegmentedRaftLogWorker:Storage Directory /workdir/hadoop-ozone/integration-test/target/test-dir/MiniOzoneClusterImpl-c6ae54c1-d46d-4dd5-b528-c2e096086b9a/datanode-3/data/ratis/e04d0a09-9192-4d8b-8325-fc38f6771b2f close()
2019-08-30 07:08:54,684 [main] INFO  server.GrpcService (GrpcService.java:closeImpl(155)) - f8a0b598-bd5c-4ec2-8ae7-5248ee7e527c: shutdown server with port 44827 now
2019-08-30 07:08:54,687 [main] INFO  server.GrpcService (GrpcService.java:closeImpl(163)) - f8a0b598-bd5c-4ec2-8ae7-5248ee7e527c: shutdown server with port 44827 successfully
2019-08-30 07:08:54,697 [main] INFO  utils.BackgroundService (BackgroundService.java:shutdown(148)) - Shutting down service BlockDeletingService
2019-08-30 07:08:54,702 [refreshUsed-/workdir/hadoop-ozone/integration-test/target/test-dir/MiniOzoneClusterImpl-c6ae54c1-d46d-4dd5-b528-c2e096086b9a/datanode-3/data/containers] WARN  fs.CachingGetSpaceUsed (CachingGetSpaceUsed.java:run(183)) - Thread Interrupted waiting to refresh disk information: sleep interrupted
2019-08-30 07:08:54,719 [main] INFO  statemachine.DatanodeStateMachine (DatanodeStateMachine.java:stopDaemon(395)) - Ozone container server stopped.
2019-08-30 07:08:54,720 [main] INFO  handler.ContextHandler (ContextHandler.java:doStop(910)) - Stopped o.e.j.w.WebAppContext@6889f56f{/,null,UNAVAILABLE}{/hddsDatanode}
2019-08-30 07:08:54,721 [main] INFO  server.AbstractConnector (AbstractConnector.java:doStop(318)) - Stopped ServerConnector@231b35fb{HTTP/1.1,[http/1.1]}{0.0.0.0:0}
2019-08-30 07:08:54,721 [main] INFO  handler.ContextHandler (ContextHandler.java:doStop(910)) - Stopped o.e.j.s.ServletContextHandler@5a2ae1ab{/static,jar:file:/home/user/.m2/repository/org/apache/hadoop/hadoop-hdds-container-service/0.5.0-SNAPSHOT/hadoop-hdds-container-service-0.5.0-SNAPSHOT.jar!/webapps/static,UNAVAILABLE}
2019-08-30 07:08:54,721 [main] INFO  handler.ContextHandler (ContextHandler.java:doStop(910)) - Stopped o.e.j.s.ServletContextHandler@2b6fb197{/logs,file:///workdir/hadoop-ozone/integration-test/target/log,UNAVAILABLE}
2019-08-30 07:08:54,722 [main] INFO  datanode.ObjectStoreHandler (ObjectStoreHandler.java:close(155)) - Closing ObjectStoreHandler.
2019-08-30 07:08:54,723 [main] INFO  ozone.HddsDatanodeService (HddsDatanodeService.java:stop(451)) - Stopped plug-in org.apache.hadoop.ozone.web.OzoneHddsDatanodeService@56ec6960
2019-08-30 07:08:55,327 [Datanode State Machine Thread - 0] INFO  statemachine.DatanodeStateMachine (DatanodeStateMachine.java:lambda$startDaemon$0(350)) - Ozone container server started.
2019-08-30 07:08:55,596 | INFO  | SCMAudit | user=jenkins1000 | ip=192.168.5.156 | op=SEND_HEARTBEAT {datanodeUUID=c6f80673-9b9b-48d9-974f-74d8c6e53dca, command=[]} | ret=SUCCESS |  
2019-08-30 07:08:55,625 | INFO  | SCMAudit | user=jenkins1000 | ip=192.168.5.156 | op=SEND_HEARTBEAT {datanodeUUID=c6f80673-9b9b-48d9-974f-74d8c6e53dca, command=[]} | ret=SUCCESS |  
2019-08-30 07:08:55,628 [Datanode State Machine Thread - 0] INFO  statemachine.DatanodeStateMachine (DatanodeStateMachine.java:lambda$startDaemon$0(350)) - Ozone container server started.
2019-08-30 07:08:55,640 [grpc-default-executor-1] WARN  server.GrpcLogAppender (LogUtils.java:warn(134)) - c6f80673-9b9b-48d9-974f-74d8c6e53dca->edec05a3-e2d1-4a21-a444-d2129c222199: Failed appendEntries: org.apache.ratis.thirdparty.io.grpc.StatusRuntimeException: UNAVAILABLE: io exception
2019-08-30 07:08:55,643 [grpc-default-executor-1] INFO  impl.FollowerInfo (FollowerInfo.java:lambda$new$0(50)) - c6f80673-9b9b-48d9-974f-74d8c6e53dca->edec05a3-e2d1-4a21-a444-d2129c222199: nextIndex: updateUnconditionally 17 -> 16
2019-08-30 07:08:55,658 [grpc-default-executor-4] WARN  server.GrpcLogAppender (LogUtils.java:warn(134)) - c6f80673-9b9b-48d9-974f-74d8c6e53dca->edec05a3-e2d1-4a21-a444-d2129c222199: Failed appendEntries: org.apache.ratis.thirdparty.io.grpc.StatusRuntimeException: UNAVAILABLE: io exception
2019-08-30 07:08:55,660 [grpc-default-executor-4] INFO  impl.FollowerInfo (FollowerInfo.java:lambda$new$0(50)) - c6f80673-9b9b-48d9-974f-74d8c6e53dca->edec05a3-e2d1-4a21-a444-d2129c222199: nextIndex: updateUnconditionally 17 -> 16
2019-08-30 07:08:55,678 [RatisApplyTransactionExecutor 1] INFO  interfaces.Container (KeyValueContainer.java:flushAndSyncDB(382)) - Container 1 is synced with bcsId 14.
2019-08-30 07:08:55,678 [RatisApplyTransactionExecutor 1] INFO  interfaces.Container (KeyValueContainer.java:flushAndSyncDB(382)) - Container 1 is synced with bcsId 14.
2019-08-30 07:08:55,693 [RatisApplyTransactionExecutor 1] INFO  interfaces.Container (KeyValueContainer.java:flushAndSyncDB(382)) - Container 1 is synced with bcsId 14.
2019-08-30 07:08:55,695 [RatisApplyTransactionExecutor 1] INFO  interfaces.Container (KeyValueContainer.java:flushAndSyncDB(382)) - Container 1 is synced with bcsId 14.
2019-08-30 07:08:55,695 | INFO  | DNAudit | user=null | ip=null | op=CLOSE_CONTAINER {containerID=1} | ret=SUCCESS |  
2019-08-30 07:08:55,697 | INFO  | SCMAudit | user=jenkins1000 | ip=192.168.5.156 | op=SEND_HEARTBEAT {datanodeUUID=c6f80673-9b9b-48d9-974f-74d8c6e53dca, command=[]} | ret=SUCCESS |  
2019-08-30 07:08:55,697 [EventQueue-IncrementalContainerReportForIncrementalContainerReportHandler] INFO  container.IncrementalContainerReportHandler (AbstractContainerReportHandler.java:updateContainerState(176)) - Moving container #1 to CLOSED state, datanode c6f80673-9b9b-48d9-974f-74d8c6e53dca{ip: 192.168.5.156, host: pr-hdds-1569-5th2c-4253854396, networkLocation: /default-rack, certSerialId: null} reported CLOSED replica.
2019-08-30 07:08:55,712 | INFO  | DNAudit | user=null | ip=null | op=CLOSE_CONTAINER {containerID=1} | ret=SUCCESS |  
2019-08-30 07:08:56,558 [Thread-328] INFO  impl.FollowerState (FollowerState.java:run(106)) - 1f602086-e1ee-4a4e-927c-1e6b555c2f2b:group-1121D3F08D0A changes to CANDIDATE, lastRpcTime:7191, electionTimeout:5162ms
2019-08-30 07:08:56,558 [Thread-328] INFO  impl.RoleInfo (RoleInfo.java:shutdownFollowerState(121)) - 1f602086-e1ee-4a4e-927c-1e6b555c2f2b: shutdown FollowerState
2019-08-30 07:08:56,558 [Thread-328] INFO  impl.RaftServerImpl (RaftServerImpl.java:setRole(171)) - 1f602086-e1ee-4a4e-927c-1e6b555c2f2b:group-1121D3F08D0A changes role from FOLLOWER to CANDIDATE at term 1 for changeToCandidate
2019-08-30 07:08:56,559 [Thread-328] INFO  impl.RoleInfo (RoleInfo.java:updateAndGet(143)) - 1f602086-e1ee-4a4e-927c-1e6b555c2f2b: start LeaderElection
2019-08-30 07:08:56,561 [1f602086-e1ee-4a4e-927c-1e6b555c2f2b:group-1121D3F08D0A:LeaderElection12] INFO  impl.RaftServerImpl (ServerState.java:setLeader(263)) - 1f602086-e1ee-4a4e-927c-1e6b555c2f2b:group-1121D3F08D0A change Leader from bf8b2f5f-e1cf-4ce6-bf74-922538ef217e to null at term 1 for initElection
2019-08-30 07:08:56,587 [1f602086-e1ee-4a4e-927c-1e6b555c2f2b:group-1121D3F08D0A:LeaderElection12] INFO  impl.LeaderElection (LeaderElection.java:askForVotes(181)) - 1f602086-e1ee-4a4e-927c-1e6b555c2f2b:group-1121D3F08D0A:LeaderElection12: begin an election at term 2 for 0: [f8a0b598-bd5c-4ec2-8ae7-5248ee7e527c:192.168.5.156:44827, bf8b2f5f-e1cf-4ce6-bf74-922538ef217e:192.168.5.156:41260, 1f602086-e1ee-4a4e-927c-1e6b555c2f2b:192.168.5.156:39893], old=null
2019-08-30 07:08:56,597 [1f602086-e1ee-4a4e-927c-1e6b555c2f2b:group-1121D3F08D0A:LeaderElection12] INFO  impl.LeaderElection (LogUtils.java:infoOrTrace(149)) - 1f602086-e1ee-4a4e-927c-1e6b555c2f2b:group-1121D3F08D0A:LeaderElection12 got exception when requesting votes: {}
java.util.concurrent.ExecutionException: org.apache.ratis.thirdparty.io.grpc.StatusRuntimeException: UNAVAILABLE: io exception
	at java.util.concurrent.FutureTask.report(FutureTask.java:122)
	at java.util.concurrent.FutureTask.get(FutureTask.java:192)
	at org.apache.ratis.server.impl.LeaderElection.waitForResults(LeaderElection.java:262)
	at org.apache.ratis.server.impl.LeaderElection.askForVotes(LeaderElection.java:200)
	at org.apache.ratis.server.impl.LeaderElection.run(LeaderElection.java:130)
	at java.lang.Thread.run(Thread.java:748)
Caused by: org.apache.ratis.thirdparty.io.grpc.StatusRuntimeException: UNAVAILABLE: io exception
	at org.apache.ratis.thirdparty.io.grpc.stub.ClientCalls.toStatusRuntimeException(ClientCalls.java:233)
	at org.apache.ratis.thirdparty.io.grpc.stub.ClientCalls.getUnchecked(ClientCalls.java:214)
	at org.apache.ratis.thirdparty.io.grpc.stub.ClientCalls.blockingUnaryCall(ClientCalls.java:139)
	at org.apache.ratis.proto.grpc.RaftServerProtocolServiceGrpc$RaftServerProtocolServiceBlockingStub.requestVote(RaftServerProtocolServiceGrpc.java:265)
	at org.apache.ratis.grpc.server.GrpcServerProtocolClient.requestVote(GrpcServerProtocolClient.java:83)
	at org.apache.ratis.grpc.server.GrpcService.requestVote(GrpcService.java:195)
	at org.apache.ratis.server.impl.LeaderElection.lambda$submitRequests$1(LeaderElection.java:237)
	at java.util.concurrent.FutureTask.run(FutureTask.java:266)
	at java.util.concurrent.Executors$RunnableAdapter.call(Executors.java:511)
	at java.util.concurrent.FutureTask.run(FutureTask.java:266)
	at java.util.concurrent.ThreadPoolExecutor.runWorker(ThreadPoolExecutor.java:1149)
	at java.util.concurrent.ThreadPoolExecutor$Worker.run(ThreadPoolExecutor.java:624)
	... 1 more
Caused by: org.apache.ratis.thirdparty.io.netty.channel.AbstractChannel$AnnotatedConnectException: Connection refused: /192.168.5.156:41260
	at sun.nio.ch.SocketChannelImpl.checkConnect(Native Method)
	at sun.nio.ch.SocketChannelImpl.finishConnect(SocketChannelImpl.java:717)
	at org.apache.ratis.thirdparty.io.netty.channel.socket.nio.NioSocketChannel.doFinishConnect(NioSocketChannel.java:327)
	at org.apache.ratis.thirdparty.io.netty.channel.nio.AbstractNioChannel$AbstractNioUnsafe.finishConnect(AbstractNioChannel.java:340)
	at org.apache.ratis.thirdparty.io.netty.channel.nio.NioEventLoop.processSelectedKey(NioEventLoop.java:632)
	at org.apache.ratis.thirdparty.io.netty.channel.nio.NioEventLoop.processSelectedKeysOptimized(NioEventLoop.java:579)
	at org.apache.ratis.thirdparty.io.netty.channel.nio.NioEventLoop.processSelectedKeys(NioEventLoop.java:496)
	at org.apache.ratis.thirdparty.io.netty.channel.nio.NioEventLoop.run(NioEventLoop.java:458)
	at org.apache.ratis.thirdparty.io.netty.util.concurrent.SingleThreadEventExecutor$5.run(SingleThreadEventExecutor.java:897)
	at org.apache.ratis.thirdparty.io.netty.util.concurrent.FastThreadLocalRunnable.run(FastThreadLocalRunnable.java:30)
	... 1 more
Caused by: java.net.ConnectException: Connection refused
	... 11 more
2019-08-30 07:08:56,600 [1f602086-e1ee-4a4e-927c-1e6b555c2f2b:group-1121D3F08D0A:LeaderElection12] INFO  impl.LeaderElection (LogUtils.java:infoOrTrace(149)) - 1f602086-e1ee-4a4e-927c-1e6b555c2f2b:group-1121D3F08D0A:LeaderElection12 got exception when requesting votes: {}
java.util.concurrent.ExecutionException: org.apache.ratis.thirdparty.io.grpc.StatusRuntimeException: UNAVAILABLE: io exception
	at java.util.concurrent.FutureTask.report(FutureTask.java:122)
	at java.util.concurrent.FutureTask.get(FutureTask.java:192)
	at org.apache.ratis.server.impl.LeaderElection.waitForResults(LeaderElection.java:262)
	at org.apache.ratis.server.impl.LeaderElection.askForVotes(LeaderElection.java:200)
	at org.apache.ratis.server.impl.LeaderElection.run(LeaderElection.java:130)
	at java.lang.Thread.run(Thread.java:748)
Caused by: org.apache.ratis.thirdparty.io.grpc.StatusRuntimeException: UNAVAILABLE: io exception
	at org.apache.ratis.thirdparty.io.grpc.stub.ClientCalls.toStatusRuntimeException(ClientCalls.java:233)
	at org.apache.ratis.thirdparty.io.grpc.stub.ClientCalls.getUnchecked(ClientCalls.java:214)
	at org.apache.ratis.thirdparty.io.grpc.stub.ClientCalls.blockingUnaryCall(ClientCalls.java:139)
	at org.apache.ratis.proto.grpc.RaftServerProtocolServiceGrpc$RaftServerProtocolServiceBlockingStub.requestVote(RaftServerProtocolServiceGrpc.java:265)
	at org.apache.ratis.grpc.server.GrpcServerProtocolClient.requestVote(GrpcServerProtocolClient.java:83)
	at org.apache.ratis.grpc.server.GrpcService.requestVote(GrpcService.java:195)
	at org.apache.ratis.server.impl.LeaderElection.lambda$submitRequests$1(LeaderElection.java:237)
	at java.util.concurrent.FutureTask.run(FutureTask.java:266)
	at java.util.concurrent.Executors$RunnableAdapter.call(Executors.java:511)
	at java.util.concurrent.FutureTask.run(FutureTask.java:266)
	at java.util.concurrent.ThreadPoolExecutor.runWorker(ThreadPoolExecutor.java:1149)
	at java.util.concurrent.ThreadPoolExecutor$Worker.run(ThreadPoolExecutor.java:624)
	... 1 more
Caused by: org.apache.ratis.thirdparty.io.netty.channel.AbstractChannel$AnnotatedConnectException: Connection refused: /192.168.5.156:44827
	at sun.nio.ch.SocketChannelImpl.checkConnect(Native Method)
	at sun.nio.ch.SocketChannelImpl.finishConnect(SocketChannelImpl.java:717)
	at org.apache.ratis.thirdparty.io.netty.channel.socket.nio.NioSocketChannel.doFinishConnect(NioSocketChannel.java:327)
	at org.apache.ratis.thirdparty.io.netty.channel.nio.AbstractNioChannel$AbstractNioUnsafe.finishConnect(AbstractNioChannel.java:340)
	at org.apache.ratis.thirdparty.io.netty.channel.nio.NioEventLoop.processSelectedKey(NioEventLoop.java:632)
	at org.apache.ratis.thirdparty.io.netty.channel.nio.NioEventLoop.processSelectedKeysOptimized(NioEventLoop.java:579)
	at org.apache.ratis.thirdparty.io.netty.channel.nio.NioEventLoop.processSelectedKeys(NioEventLoop.java:496)
	at org.apache.ratis.thirdparty.io.netty.channel.nio.NioEventLoop.run(NioEventLoop.java:458)
	at org.apache.ratis.thirdparty.io.netty.util.concurrent.SingleThreadEventExecutor$5.run(SingleThreadEventExecutor.java:897)
	at org.apache.ratis.thirdparty.io.netty.util.concurrent.FastThreadLocalRunnable.run(FastThreadLocalRunnable.java:30)
	... 1 more
Caused by: java.net.ConnectException: Connection refused
	... 11 more
2019-08-30 07:08:56,602 [1f602086-e1ee-4a4e-927c-1e6b555c2f2b:group-1121D3F08D0A:LeaderElection12] INFO  impl.LeaderElection (LeaderElection.java:logAndReturn(56)) - 1f602086-e1ee-4a4e-927c-1e6b555c2f2b:group-1121D3F08D0A:LeaderElection12: Election REJECTED; received 0 response(s) [] and 2 exception(s); 1f602086-e1ee-4a4e-927c-1e6b555c2f2b:t2, leader=null, voted=1f602086-e1ee-4a4e-927c-1e6b555c2f2b, raftlog=1f602086-e1ee-4a4e-927c-1e6b555c2f2b-SegmentedRaftLog:OPENED:c4,f4,i4, conf=0: [f8a0b598-bd5c-4ec2-8ae7-5248ee7e527c:192.168.5.156:44827, bf8b2f5f-e1cf-4ce6-bf74-922538ef217e:192.168.5.156:41260, 1f602086-e1ee-4a4e-927c-1e6b555c2f2b:192.168.5.156:39893], old=null
2019-08-30 07:08:56,603 [1f602086-e1ee-4a4e-927c-1e6b555c2f2b:group-1121D3F08D0A:LeaderElection12] INFO  impl.LeaderElection (LogUtils.java:infoOrTrace(149)) -   Exception 0: {}
java.util.concurrent.ExecutionException: org.apache.ratis.thirdparty.io.grpc.StatusRuntimeException: UNAVAILABLE: io exception
	at java.util.concurrent.FutureTask.report(FutureTask.java:122)
	at java.util.concurrent.FutureTask.get(FutureTask.java:192)
	at org.apache.ratis.server.impl.LeaderElection.waitForResults(LeaderElection.java:262)
	at org.apache.ratis.server.impl.LeaderElection.askForVotes(LeaderElection.java:200)
	at org.apache.ratis.server.impl.LeaderElection.run(LeaderElection.java:130)
	at java.lang.Thread.run(Thread.java:748)
Caused by: org.apache.ratis.thirdparty.io.grpc.StatusRuntimeException: UNAVAILABLE: io exception
	at org.apache.ratis.thirdparty.io.grpc.stub.ClientCalls.toStatusRuntimeException(ClientCalls.java:233)
	at org.apache.ratis.thirdparty.io.grpc.stub.ClientCalls.getUnchecked(ClientCalls.java:214)
	at org.apache.ratis.thirdparty.io.grpc.stub.ClientCalls.blockingUnaryCall(ClientCalls.java:139)
	at org.apache.ratis.proto.grpc.RaftServerProtocolServiceGrpc$RaftServerProtocolServiceBlockingStub.requestVote(RaftServerProtocolServiceGrpc.java:265)
	at org.apache.ratis.grpc.server.GrpcServerProtocolClient.requestVote(GrpcServerProtocolClient.java:83)
	at org.apache.ratis.grpc.server.GrpcService.requestVote(GrpcService.java:195)
	at org.apache.ratis.server.impl.LeaderElection.lambda$submitRequests$1(LeaderElection.java:237)
	at java.util.concurrent.FutureTask.run(FutureTask.java:266)
	at java.util.concurrent.Executors$RunnableAdapter.call(Executors.java:511)
	at java.util.concurrent.FutureTask.run(FutureTask.java:266)
	at java.util.concurrent.ThreadPoolExecutor.runWorker(ThreadPoolExecutor.java:1149)
	at java.util.concurrent.ThreadPoolExecutor$Worker.run(ThreadPoolExecutor.java:624)
	... 1 more
Caused by: org.apache.ratis.thirdparty.io.netty.channel.AbstractChannel$AnnotatedConnectException: Connection refused: /192.168.5.156:41260
	at sun.nio.ch.SocketChannelImpl.checkConnect(Native Method)
	at sun.nio.ch.SocketChannelImpl.finishConnect(SocketChannelImpl.java:717)
	at org.apache.ratis.thirdparty.io.netty.channel.socket.nio.NioSocketChannel.doFinishConnect(NioSocketChannel.java:327)
	at org.apache.ratis.thirdparty.io.netty.channel.nio.AbstractNioChannel$AbstractNioUnsafe.finishConnect(AbstractNioChannel.java:340)
	at org.apache.ratis.thirdparty.io.netty.channel.nio.NioEventLoop.processSelectedKey(NioEventLoop.java:632)
	at org.apache.ratis.thirdparty.io.netty.channel.nio.NioEventLoop.processSelectedKeysOptimized(NioEventLoop.java:579)
	at org.apache.ratis.thirdparty.io.netty.channel.nio.NioEventLoop.processSelectedKeys(NioEventLoop.java:496)
	at org.apache.ratis.thirdparty.io.netty.channel.nio.NioEventLoop.run(NioEventLoop.java:458)
	at org.apache.ratis.thirdparty.io.netty.util.concurrent.SingleThreadEventExecutor$5.run(SingleThreadEventExecutor.java:897)
	at org.apache.ratis.thirdparty.io.netty.util.concurrent.FastThreadLocalRunnable.run(FastThreadLocalRunnable.java:30)
	... 1 more
Caused by: java.net.ConnectException: Connection refused
	... 11 more
2019-08-30 07:08:56,605 [1f602086-e1ee-4a4e-927c-1e6b555c2f2b:group-1121D3F08D0A:LeaderElection12] INFO  impl.LeaderElection (LogUtils.java:infoOrTrace(149)) -   Exception 1: {}
java.util.concurrent.ExecutionException: org.apache.ratis.thirdparty.io.grpc.StatusRuntimeException: UNAVAILABLE: io exception
	at java.util.concurrent.FutureTask.report(FutureTask.java:122)
	at java.util.concurrent.FutureTask.get(FutureTask.java:192)
	at org.apache.ratis.server.impl.LeaderElection.waitForResults(LeaderElection.java:262)
	at org.apache.ratis.server.impl.LeaderElection.askForVotes(LeaderElection.java:200)
	at org.apache.ratis.server.impl.LeaderElection.run(LeaderElection.java:130)
	at java.lang.Thread.run(Thread.java:748)
Caused by: org.apache.ratis.thirdparty.io.grpc.StatusRuntimeException: UNAVAILABLE: io exception
	at org.apache.ratis.thirdparty.io.grpc.stub.ClientCalls.toStatusRuntimeException(ClientCalls.java:233)
	at org.apache.ratis.thirdparty.io.grpc.stub.ClientCalls.getUnchecked(ClientCalls.java:214)
	at org.apache.ratis.thirdparty.io.grpc.stub.ClientCalls.blockingUnaryCall(ClientCalls.java:139)
	at org.apache.ratis.proto.grpc.RaftServerProtocolServiceGrpc$RaftServerProtocolServiceBlockingStub.requestVote(RaftServerProtocolServiceGrpc.java:265)
	at org.apache.ratis.grpc.server.GrpcServerProtocolClient.requestVote(GrpcServerProtocolClient.java:83)
	at org.apache.ratis.grpc.server.GrpcService.requestVote(GrpcService.java:195)
	at org.apache.ratis.server.impl.LeaderElection.lambda$submitRequests$1(LeaderElection.java:237)
	at java.util.concurrent.FutureTask.run(FutureTask.java:266)
	at java.util.concurrent.Executors$RunnableAdapter.call(Executors.java:511)
	at java.util.concurrent.FutureTask.run(FutureTask.java:266)
	at java.util.concurrent.ThreadPoolExecutor.runWorker(ThreadPoolExecutor.java:1149)
	at java.util.concurrent.ThreadPoolExecutor$Worker.run(ThreadPoolExecutor.java:624)
	... 1 more
Caused by: org.apache.ratis.thirdparty.io.netty.channel.AbstractChannel$AnnotatedConnectException: Connection refused: /192.168.5.156:44827
	at sun.nio.ch.SocketChannelImpl.checkConnect(Native Method)
	at sun.nio.ch.SocketChannelImpl.finishConnect(SocketChannelImpl.java:717)
	at org.apache.ratis.thirdparty.io.netty.channel.socket.nio.NioSocketChannel.doFinishConnect(NioSocketChannel.java:327)
	at org.apache.ratis.thirdparty.io.netty.channel.nio.AbstractNioChannel$AbstractNioUnsafe.finishConnect(AbstractNioChannel.java:340)
	at org.apache.ratis.thirdparty.io.netty.channel.nio.NioEventLoop.processSelectedKey(NioEventLoop.java:632)
	at org.apache.ratis.thirdparty.io.netty.channel.nio.NioEventLoop.processSelectedKeysOptimized(NioEventLoop.java:579)
	at org.apache.ratis.thirdparty.io.netty.channel.nio.NioEventLoop.processSelectedKeys(NioEventLoop.java:496)
	at org.apache.ratis.thirdparty.io.netty.channel.nio.NioEventLoop.run(NioEventLoop.java:458)
	at org.apache.ratis.thirdparty.io.netty.util.concurrent.SingleThreadEventExecutor$5.run(SingleThreadEventExecutor.java:897)
	at org.apache.ratis.thirdparty.io.netty.util.concurrent.FastThreadLocalRunnable.run(FastThreadLocalRunnable.java:30)
	... 1 more
Caused by: java.net.ConnectException: Connection refused
	... 11 more
2019-08-30 07:08:56,606 [1f602086-e1ee-4a4e-927c-1e6b555c2f2b:group-1121D3F08D0A:LeaderElection12] INFO  impl.RaftServerImpl (RaftServerImpl.java:setRole(171)) - 1f602086-e1ee-4a4e-927c-1e6b555c2f2b:group-1121D3F08D0A changes role from CANDIDATE to FOLLOWER at term 2 for DISCOVERED_A_NEW_TERM
2019-08-30 07:08:56,607 [1f602086-e1ee-4a4e-927c-1e6b555c2f2b:group-1121D3F08D0A:LeaderElection12] INFO  impl.RoleInfo (RoleInfo.java:shutdownLeaderElection(134)) - 1f602086-e1ee-4a4e-927c-1e6b555c2f2b: shutdown LeaderElection
2019-08-30 07:08:56,608 [1f602086-e1ee-4a4e-927c-1e6b555c2f2b:group-1121D3F08D0A:LeaderElection12] INFO  impl.RoleInfo (RoleInfo.java:updateAndGet(143)) - 1f602086-e1ee-4a4e-927c-1e6b555c2f2b: start FollowerState
2019-08-30 07:08:56,697 | INFO  | SCMAudit | user=jenkins1000 | ip=192.168.5.156 | op=SEND_HEARTBEAT {datanodeUUID=c6f80673-9b9b-48d9-974f-74d8c6e53dca, command=[]} | ret=SUCCESS |  
2019-08-30 07:08:57,696 | INFO  | SCMAudit | user=jenkins1000 | ip=192.168.5.156 | op=SEND_HEARTBEAT {datanodeUUID=c6f80673-9b9b-48d9-974f-74d8c6e53dca, command=[]} | ret=SUCCESS |  
2019-08-30 07:08:58,161 [grpc-default-executor-1] WARN  server.GrpcLogAppender (LogUtils.java:warn(134)) - c6f80673-9b9b-48d9-974f-74d8c6e53dca->edec05a3-e2d1-4a21-a444-d2129c222199: Failed appendEntries: org.apache.ratis.thirdparty.io.grpc.StatusRuntimeException: UNAVAILABLE: io exception
2019-08-30 07:08:58,163 [grpc-default-executor-1] INFO  impl.FollowerInfo (FollowerInfo.java:lambda$new$0(50)) - c6f80673-9b9b-48d9-974f-74d8c6e53dca->edec05a3-e2d1-4a21-a444-d2129c222199: nextIndex: updateUnconditionally 16 -> 15
2019-08-30 07:08:58,697 | INFO  | SCMAudit | user=jenkins1000 | ip=192.168.5.156 | op=SEND_HEARTBEAT {datanodeUUID=c6f80673-9b9b-48d9-974f-74d8c6e53dca, command=[]} | ret=SUCCESS |  
2019-08-30 07:08:59,406 [EventQueue-StaleNodeForStaleNodeHandler] INFO  node.StaleNodeHandler (StaleNodeHandler.java:onMessage(58)) - Datanode 1f602086-e1ee-4a4e-927c-1e6b555c2f2b{ip: 192.168.5.156, host: pr-hdds-1569-5th2c-4253854396, networkLocation: /default-rack, certSerialId: null} moved to stale state. Finalizing its pipelines [PipelineID=11123a4e-fbaa-4134-88fc-1121d3f08d0a, PipelineID=70959fba-258f-4e26-9aeb-419bbca8bce0]
2019-08-30 07:08:59,407 [EventQueue-StaleNodeForStaleNodeHandler] INFO  pipeline.SCMPipelineManager (SCMPipelineManager.java:finalizeAndDestroyPipeline(309)) - destroying pipeline:Pipeline[ Id: 11123a4e-fbaa-4134-88fc-1121d3f08d0a, Nodes: 1f602086-e1ee-4a4e-927c-1e6b555c2f2b{ip: 192.168.5.156, host: pr-hdds-1569-5th2c-4253854396, networkLocation: /default-rack, certSerialId: null}f8a0b598-bd5c-4ec2-8ae7-5248ee7e527c{ip: 192.168.5.156, host: pr-hdds-1569-5th2c-4253854396, networkLocation: /default-rack, certSerialId: null}bf8b2f5f-e1cf-4ce6-bf74-922538ef217e{ip: 192.168.5.156, host: pr-hdds-1569-5th2c-4253854396, networkLocation: /default-rack, certSerialId: null}, Type:RATIS, Factor:THREE, State:CLOSED]
2019-08-30 07:08:59,407 [EventQueue-StaleNodeForStaleNodeHandler] INFO  pipeline.SCMPipelineManager (SCMPipelineManager.java:finalizeAndDestroyPipeline(309)) - destroying pipeline:Pipeline[ Id: 70959fba-258f-4e26-9aeb-419bbca8bce0, Nodes: 1f602086-e1ee-4a4e-927c-1e6b555c2f2b{ip: 192.168.5.156, host: pr-hdds-1569-5th2c-4253854396, networkLocation: /default-rack, certSerialId: null}, Type:RATIS, Factor:ONE, State:OPEN]
2019-08-30 07:08:59,407 [EventQueue-StaleNodeForStaleNodeHandler] INFO  pipeline.PipelineStateManager (PipelineStateManager.java:finalizePipeline(123)) - Pipeline Pipeline[ Id: 70959fba-258f-4e26-9aeb-419bbca8bce0, Nodes: 1f602086-e1ee-4a4e-927c-1e6b555c2f2b{ip: 192.168.5.156, host: pr-hdds-1569-5th2c-4253854396, networkLocation: /default-rack, certSerialId: null}, Type:RATIS, Factor:ONE, State:CLOSED] moved to CLOSED state
2019-08-30 07:08:59,668 [ForkJoinPool.commonPool-worker-1] INFO  ozoneimpl.OzoneContainer (OzoneContainer.java:stop(199)) - Attempting to stop container services.
2019-08-30 07:08:59,669 [ForkJoinPool.commonPool-worker-1] INFO  impl.RaftServerProxy (RaftServerProxy.java:lambda$close$4(314)) - d4249830-50d0-4433-aac8-f817ef11b799: close
2019-08-30 07:08:59,669 [ForkJoinPool.commonPool-worker-1] INFO  impl.RaftServerImpl (RaftServerImpl.java:lambda$shutdown$3(245)) - d4249830-50d0-4433-aac8-f817ef11b799: shutdown group-30E28E14A856
2019-08-30 07:08:59,669 [ForkJoinPool.commonPool-worker-1] INFO  util.JmxRegister (JmxRegister.java:unregister(73)) - Successfully un-registered JMX Bean with object name Ratis:service=RaftServer,group=group-30E28E14A856,id=d4249830-50d0-4433-aac8-f817ef11b799
2019-08-30 07:08:59,670 [ForkJoinPool.commonPool-worker-1] INFO  impl.RoleInfo (RoleInfo.java:shutdownFollowerState(121)) - d4249830-50d0-4433-aac8-f817ef11b799: shutdown FollowerState
2019-08-30 07:08:59,670 [ForkJoinPool.commonPool-worker-1] INFO  impl.StateMachineUpdater (StateMachineUpdater.java:stopAndJoin(115)) - StateMachineUpdater:d4249830-50d0-4433-aac8-f817ef11b799:group-30E28E14A856: set stopIndex = 18
2019-08-30 07:08:59,670 [StateMachineUpdater:d4249830-50d0-4433-aac8-f817ef11b799:group-30E28E14A856] INFO  ratis.ContainerStateMachine (ContainerStateMachine.java:takeSnapshot(283)) - group-30E28E14A856: Taking a snapshot at:(t:1, i:17) file /workdir/hadoop-ozone/integration-test/target/test-dir/MiniOzoneClusterImpl-c6ae54c1-d46d-4dd5-b528-c2e096086b9a/datanode-0/data/ratis/9296e8b7-22bf-47ce-8a81-30e28e14a856/sm/snapshot.1_17
2019-08-30 07:08:59,670 [Thread-317] INFO  impl.FollowerState (FollowerState.java:run(114)) - d4249830-50d0-4433-aac8-f817ef11b799: FollowerState was interrupted: java.lang.InterruptedException: sleep interrupted
2019-08-30 07:08:59,684 [StateMachineUpdater:d4249830-50d0-4433-aac8-f817ef11b799:group-30E28E14A856] INFO  ratis.ContainerStateMachine (ContainerStateMachine.java:takeSnapshot(294)) - group-30E28E14A856: Finished taking a snapshot at:(t:1, i:17) file:/workdir/hadoop-ozone/integration-test/target/test-dir/MiniOzoneClusterImpl-c6ae54c1-d46d-4dd5-b528-c2e096086b9a/datanode-0/data/ratis/9296e8b7-22bf-47ce-8a81-30e28e14a856/sm/snapshot.1_17 time:14
2019-08-30 07:08:59,684 [StateMachineUpdater:d4249830-50d0-4433-aac8-f817ef11b799:group-30E28E14A856] INFO  impl.StateMachineUpdater (StateMachineUpdater.java:takeSnapshot(242)) - StateMachineUpdater:d4249830-50d0-4433-aac8-f817ef11b799:group-30E28E14A856: Took a snapshot at index 17
2019-08-30 07:08:59,685 [StateMachineUpdater:d4249830-50d0-4433-aac8-f817ef11b799:group-30E28E14A856] INFO  impl.StateMachineUpdater (StateMachineUpdater.java:lambda$new$0(80)) - StateMachineUpdater:d4249830-50d0-4433-aac8-f817ef11b799:group-30E28E14A856: snapshotIndex: updateIncreasingly -1 -> 17
2019-08-30 07:08:59,685 [ForkJoinPool.commonPool-worker-1] INFO  impl.RaftServerImpl (ServerState.java:close(394)) - d4249830-50d0-4433-aac8-f817ef11b799:group-30E28E14A856 closes. The last applied log index is 18
2019-08-30 07:08:59,686 [d4249830-50d0-4433-aac8-f817ef11b799-SegmentedRaftLogWorker:Storage Directory /workdir/hadoop-ozone/integration-test/target/test-dir/MiniOzoneClusterImpl-c6ae54c1-d46d-4dd5-b528-c2e096086b9a/datanode-0/data/ratis/9296e8b7-22bf-47ce-8a81-30e28e14a856] INFO  segmented.SegmentedRaftLogWorker (SegmentedRaftLogWorker.java:run(313)) - d4249830-50d0-4433-aac8-f817ef11b799-SegmentedRaftLogWorker:Storage Directory /workdir/hadoop-ozone/integration-test/target/test-dir/MiniOzoneClusterImpl-c6ae54c1-d46d-4dd5-b528-c2e096086b9a/datanode-0/data/ratis/9296e8b7-22bf-47ce-8a81-30e28e14a856 was interrupted, exiting. There are 0 tasks remaining in the queue.
2019-08-30 07:08:59,687 [ForkJoinPool.commonPool-worker-1] INFO  segmented.SegmentedRaftLogWorker (SegmentedRaftLogWorker.java:close(228)) - d4249830-50d0-4433-aac8-f817ef11b799-SegmentedRaftLogWorker:Storage Directory /workdir/hadoop-ozone/integration-test/target/test-dir/MiniOzoneClusterImpl-c6ae54c1-d46d-4dd5-b528-c2e096086b9a/datanode-0/data/ratis/9296e8b7-22bf-47ce-8a81-30e28e14a856 close()
2019-08-30 07:08:59,689 [ForkJoinPool.commonPool-worker-1] INFO  impl.RaftServerImpl (RaftServerImpl.java:lambda$shutdown$3(245)) - d4249830-50d0-4433-aac8-f817ef11b799: shutdown group-A5197C39454D
2019-08-30 07:08:59,689 [ForkJoinPool.commonPool-worker-1] INFO  util.JmxRegister (JmxRegister.java:unregister(73)) - Successfully un-registered JMX Bean with object name Ratis:service=RaftServer,group=group-A5197C39454D,id=d4249830-50d0-4433-aac8-f817ef11b799
2019-08-30 07:08:59,689 [ForkJoinPool.commonPool-worker-1] INFO  impl.RoleInfo (RoleInfo.java:shutdownLeaderState(104)) - d4249830-50d0-4433-aac8-f817ef11b799: shutdown LeaderState
2019-08-30 07:08:59,689 [ForkJoinPool.commonPool-worker-1] INFO  impl.PendingRequests (PendingRequests.java:sendNotLeaderResponses(202)) - d4249830-50d0-4433-aac8-f817ef11b799-PendingRequests: sendNotLeaderResponses
2019-08-30 07:08:59,690 [ForkJoinPool.commonPool-worker-1] INFO  impl.StateMachineUpdater (StateMachineUpdater.java:stopAndJoin(115)) - StateMachineUpdater:d4249830-50d0-4433-aac8-f817ef11b799:group-A5197C39454D: set stopIndex = 0
2019-08-30 07:08:59,690 [ForkJoinPool.commonPool-worker-1] INFO  impl.RaftServerImpl (ServerState.java:close(394)) - d4249830-50d0-4433-aac8-f817ef11b799:group-A5197C39454D closes. The last applied log index is 0
2019-08-30 07:08:59,690 [d4249830-50d0-4433-aac8-f817ef11b799-SegmentedRaftLogWorker:Storage Directory /workdir/hadoop-ozone/integration-test/target/test-dir/MiniOzoneClusterImpl-c6ae54c1-d46d-4dd5-b528-c2e096086b9a/datanode-0/data/ratis/98d78ef5-a2e4-4e5d-9d9f-a5197c39454d] INFO  segmented.SegmentedRaftLogWorker (SegmentedRaftLogWorker.java:run(313)) - d4249830-50d0-4433-aac8-f817ef11b799-SegmentedRaftLogWorker:Storage Directory /workdir/hadoop-ozone/integration-test/target/test-dir/MiniOzoneClusterImpl-c6ae54c1-d46d-4dd5-b528-c2e096086b9a/datanode-0/data/ratis/98d78ef5-a2e4-4e5d-9d9f-a5197c39454d was interrupted, exiting. There are 0 tasks remaining in the queue.
2019-08-30 07:08:59,691 [ForkJoinPool.commonPool-worker-1] INFO  segmented.SegmentedRaftLogWorker (SegmentedRaftLogWorker.java:close(228)) - d4249830-50d0-4433-aac8-f817ef11b799-SegmentedRaftLogWorker:Storage Directory /workdir/hadoop-ozone/integration-test/target/test-dir/MiniOzoneClusterImpl-c6ae54c1-d46d-4dd5-b528-c2e096086b9a/datanode-0/data/ratis/98d78ef5-a2e4-4e5d-9d9f-a5197c39454d close()
2019-08-30 07:08:59,694 [ForkJoinPool.commonPool-worker-1] INFO  server.GrpcService (GrpcService.java:closeImpl(155)) - d4249830-50d0-4433-aac8-f817ef11b799: shutdown server with port 39155 now
2019-08-30 07:08:59,697 [grpc-default-executor-0] WARN  server.GrpcServerProtocolService (LogUtils.java:warn(134)) - d4249830-50d0-4433-aac8-f817ef11b799: appendEntries onError: org.apache.ratis.thirdparty.io.grpc.StatusRuntimeException: CANCELLED: cancelled before receiving half close
2019-08-30 07:08:59,698 [ForkJoinPool.commonPool-worker-1] INFO  server.GrpcService (GrpcService.java:closeImpl(163)) - d4249830-50d0-4433-aac8-f817ef11b799: shutdown server with port 39155 successfully
2019-08-30 07:08:59,698 [grpc-default-executor-0] WARN  server.GrpcLogAppender (LogUtils.java:warn(134)) - c6f80673-9b9b-48d9-974f-74d8c6e53dca->d4249830-50d0-4433-aac8-f817ef11b799: Failed appendEntries: org.apache.ratis.thirdparty.io.grpc.StatusRuntimeException: CANCELLED: HTTP/2 error code: CANCEL
Received Rst Stream
2019-08-30 07:08:59,698 | INFO  | SCMAudit | user=jenkins1000 | ip=192.168.5.156 | op=SEND_HEARTBEAT {datanodeUUID=c6f80673-9b9b-48d9-974f-74d8c6e53dca, command=[]} | ret=SUCCESS |  
2019-08-30 07:08:59,700 [grpc-default-executor-0] INFO  impl.FollowerInfo (FollowerInfo.java:lambda$new$0(50)) - c6f80673-9b9b-48d9-974f-74d8c6e53dca->d4249830-50d0-4433-aac8-f817ef11b799: nextIndex: updateUnconditionally 19 -> 18
2019-08-30 07:08:59,700 [ForkJoinPool.commonPool-worker-1] INFO  utils.BackgroundService (BackgroundService.java:shutdown(148)) - Shutting down service BlockDeletingService
2019-08-30 07:08:59,702 [refreshUsed-/workdir/hadoop-ozone/integration-test/target/test-dir/MiniOzoneClusterImpl-c6ae54c1-d46d-4dd5-b528-c2e096086b9a/datanode-0/data/containers] WARN  fs.CachingGetSpaceUsed (CachingGetSpaceUsed.java:run(183)) - Thread Interrupted waiting to refresh disk information: sleep interrupted
2019-08-30 07:08:59,707 [EventQueue-StaleNodeForStaleNodeHandler] INFO  node.StaleNodeHandler (StaleNodeHandler.java:onMessage(58)) - Datanode d4249830-50d0-4433-aac8-f817ef11b799{ip: 192.168.5.156, host: pr-hdds-1569-5th2c-4253854396, networkLocation: /default-rack, certSerialId: null} moved to stale state. Finalizing its pipelines [PipelineID=9296e8b7-22bf-47ce-8a81-30e28e14a856, PipelineID=98d78ef5-a2e4-4e5d-9d9f-a5197c39454d]
2019-08-30 07:08:59,707 [EventQueue-StaleNodeForStaleNodeHandler] INFO  pipeline.SCMPipelineManager (SCMPipelineManager.java:finalizeAndDestroyPipeline(309)) - destroying pipeline:Pipeline[ Id: 9296e8b7-22bf-47ce-8a81-30e28e14a856, Nodes: d4249830-50d0-4433-aac8-f817ef11b799{ip: 192.168.5.156, host: pr-hdds-1569-5th2c-4253854396, networkLocation: /default-rack, certSerialId: null}c6f80673-9b9b-48d9-974f-74d8c6e53dca{ip: 192.168.5.156, host: pr-hdds-1569-5th2c-4253854396, networkLocation: /default-rack, certSerialId: null}edec05a3-e2d1-4a21-a444-d2129c222199{ip: 192.168.5.156, host: pr-hdds-1569-5th2c-4253854396, networkLocation: /default-rack, certSerialId: null}, Type:RATIS, Factor:THREE, State:CLOSED]
2019-08-30 07:08:59,707 [EventQueue-StaleNodeForStaleNodeHandler] INFO  pipeline.SCMPipelineManager (SCMPipelineManager.java:finalizeAndDestroyPipeline(309)) - destroying pipeline:Pipeline[ Id: 98d78ef5-a2e4-4e5d-9d9f-a5197c39454d, Nodes: d4249830-50d0-4433-aac8-f817ef11b799{ip: 192.168.5.156, host: pr-hdds-1569-5th2c-4253854396, networkLocation: /default-rack, certSerialId: null}, Type:RATIS, Factor:ONE, State:OPEN]
2019-08-30 07:08:59,708 [EventQueue-StaleNodeForStaleNodeHandler] INFO  pipeline.PipelineStateManager (PipelineStateManager.java:finalizePipeline(123)) - Pipeline Pipeline[ Id: 98d78ef5-a2e4-4e5d-9d9f-a5197c39454d, Nodes: d4249830-50d0-4433-aac8-f817ef11b799{ip: 192.168.5.156, host: pr-hdds-1569-5th2c-4253854396, networkLocation: /default-rack, certSerialId: null}, Type:RATIS, Factor:ONE, State:CLOSED] moved to CLOSED state
2019-08-30 07:08:59,724 [ForkJoinPool.commonPool-worker-1] INFO  statemachine.DatanodeStateMachine (DatanodeStateMachine.java:stopDaemon(395)) - Ozone container server stopped.
2019-08-30 07:08:59,726 [main] INFO  ozoneimpl.OzoneContainer (OzoneContainer.java:stop(199)) - Attempting to stop container services.
2019-08-30 07:08:59,727 [ForkJoinPool.commonPool-worker-1] INFO  handler.ContextHandler (ContextHandler.java:doStop(910)) - Stopped o.e.j.w.WebAppContext@7b306b9f{/,null,UNAVAILABLE}{/hddsDatanode}
2019-08-30 07:08:59,727 [main] INFO  impl.RaftServerProxy (RaftServerProxy.java:lambda$close$4(314)) - 1f602086-e1ee-4a4e-927c-1e6b555c2f2b: close
2019-08-30 07:08:59,728 [main] INFO  impl.RaftServerImpl (RaftServerImpl.java:lambda$shutdown$3(245)) - 1f602086-e1ee-4a4e-927c-1e6b555c2f2b: shutdown group-1121D3F08D0A
2019-08-30 07:08:59,728 [ForkJoinPool.commonPool-worker-1] INFO  server.AbstractConnector (AbstractConnector.java:doStop(318)) - Stopped ServerConnector@142213d5{HTTP/1.1,[http/1.1]}{0.0.0.0:0}
2019-08-30 07:08:59,728 [main] INFO  util.JmxRegister (JmxRegister.java:unregister(73)) - Successfully un-registered JMX Bean with object name Ratis:service=RaftServer,group=group-1121D3F08D0A,id=1f602086-e1ee-4a4e-927c-1e6b555c2f2b
2019-08-30 07:08:59,729 [ForkJoinPool.commonPool-worker-1] INFO  handler.ContextHandler (ContextHandler.java:doStop(910)) - Stopped o.e.j.s.ServletContextHandler@17fa1336{/static,jar:file:/home/user/.m2/repository/org/apache/hadoop/hadoop-hdds-container-service/0.5.0-SNAPSHOT/hadoop-hdds-container-service-0.5.0-SNAPSHOT.jar!/webapps/static,UNAVAILABLE}
2019-08-30 07:08:59,730 [main] INFO  impl.RoleInfo (RoleInfo.java:shutdownFollowerState(121)) - 1f602086-e1ee-4a4e-927c-1e6b555c2f2b: shutdown FollowerState
2019-08-30 07:08:59,731 [ForkJoinPool.commonPool-worker-1] INFO  handler.ContextHandler (ContextHandler.java:doStop(910)) - Stopped o.e.j.s.ServletContextHandler@1457fde{/logs,file:///workdir/hadoop-ozone/integration-test/target/log,UNAVAILABLE}
2019-08-30 07:08:59,732 [StateMachineUpdater:1f602086-e1ee-4a4e-927c-1e6b555c2f2b:group-1121D3F08D0A] INFO  ratis.ContainerStateMachine (ContainerStateMachine.java:takeSnapshot(283)) - group-1121D3F08D0A: Taking a snapshot at:(t:1, i:3) file /workdir/hadoop-ozone/integration-test/target/test-dir/MiniOzoneClusterImpl-c6ae54c1-d46d-4dd5-b528-c2e096086b9a/datanode-6/data/ratis/11123a4e-fbaa-4134-88fc-1121d3f08d0a/sm/snapshot.1_3
2019-08-30 07:08:59,732 [Thread-448] INFO  impl.FollowerState (FollowerState.java:run(114)) - 1f602086-e1ee-4a4e-927c-1e6b555c2f2b: FollowerState was interrupted: java.lang.InterruptedException: sleep interrupted
2019-08-30 07:08:59,731 [main] INFO  impl.StateMachineUpdater (StateMachineUpdater.java:stopAndJoin(115)) - StateMachineUpdater:1f602086-e1ee-4a4e-927c-1e6b555c2f2b:group-1121D3F08D0A: set stopIndex = 4
2019-08-30 07:08:59,734 [ForkJoinPool.commonPool-worker-1] INFO  datanode.ObjectStoreHandler (ObjectStoreHandler.java:close(155)) - Closing ObjectStoreHandler.
2019-08-30 07:08:59,735 [ForkJoinPool.commonPool-worker-1] INFO  ozone.HddsDatanodeService (HddsDatanodeService.java:stop(451)) - Stopped plug-in org.apache.hadoop.ozone.web.OzoneHddsDatanodeService@1753475d
2019-08-30 07:08:59,748 [StateMachineUpdater:1f602086-e1ee-4a4e-927c-1e6b555c2f2b:group-1121D3F08D0A] INFO  ratis.ContainerStateMachine (ContainerStateMachine.java:takeSnapshot(294)) - group-1121D3F08D0A: Finished taking a snapshot at:(t:1, i:3) file:/workdir/hadoop-ozone/integration-test/target/test-dir/MiniOzoneClusterImpl-c6ae54c1-d46d-4dd5-b528-c2e096086b9a/datanode-6/data/ratis/11123a4e-fbaa-4134-88fc-1121d3f08d0a/sm/snapshot.1_3 time:17
2019-08-30 07:08:59,748 [StateMachineUpdater:1f602086-e1ee-4a4e-927c-1e6b555c2f2b:group-1121D3F08D0A] INFO  impl.StateMachineUpdater (StateMachineUpdater.java:takeSnapshot(242)) - StateMachineUpdater:1f602086-e1ee-4a4e-927c-1e6b555c2f2b:group-1121D3F08D0A: Took a snapshot at index 3
2019-08-30 07:08:59,748 [StateMachineUpdater:1f602086-e1ee-4a4e-927c-1e6b555c2f2b:group-1121D3F08D0A] INFO  impl.StateMachineUpdater (StateMachineUpdater.java:lambda$new$0(80)) - StateMachineUpdater:1f602086-e1ee-4a4e-927c-1e6b555c2f2b:group-1121D3F08D0A: snapshotIndex: updateIncreasingly -1 -> 3
2019-08-30 07:08:59,749 [main] INFO  impl.RaftServerImpl (ServerState.java:close(394)) - 1f602086-e1ee-4a4e-927c-1e6b555c2f2b:group-1121D3F08D0A closes. The last applied log index is 4
2019-08-30 07:08:59,749 [1f602086-e1ee-4a4e-927c-1e6b555c2f2b-SegmentedRaftLogWorker:Storage Directory /workdir/hadoop-ozone/integration-test/target/test-dir/MiniOzoneClusterImpl-c6ae54c1-d46d-4dd5-b528-c2e096086b9a/datanode-6/data/ratis/11123a4e-fbaa-4134-88fc-1121d3f08d0a] INFO  segmented.SegmentedRaftLogWorker (SegmentedRaftLogWorker.java:run(313)) - 1f602086-e1ee-4a4e-927c-1e6b555c2f2b-SegmentedRaftLogWorker:Storage Directory /workdir/hadoop-ozone/integration-test/target/test-dir/MiniOzoneClusterImpl-c6ae54c1-d46d-4dd5-b528-c2e096086b9a/datanode-6/data/ratis/11123a4e-fbaa-4134-88fc-1121d3f08d0a was interrupted, exiting. There are 0 tasks remaining in the queue.
2019-08-30 07:08:59,750 [main] INFO  segmented.SegmentedRaftLogWorker (SegmentedRaftLogWorker.java:close(228)) - 1f602086-e1ee-4a4e-927c-1e6b555c2f2b-SegmentedRaftLogWorker:Storage Directory /workdir/hadoop-ozone/integration-test/target/test-dir/MiniOzoneClusterImpl-c6ae54c1-d46d-4dd5-b528-c2e096086b9a/datanode-6/data/ratis/11123a4e-fbaa-4134-88fc-1121d3f08d0a close()
2019-08-30 07:08:59,755 [main] INFO  impl.RaftServerImpl (RaftServerImpl.java:lambda$shutdown$3(245)) - 1f602086-e1ee-4a4e-927c-1e6b555c2f2b: shutdown group-419BBCA8BCE0
2019-08-30 07:08:59,756 [main] INFO  util.JmxRegister (JmxRegister.java:unregister(73)) - Successfully un-registered JMX Bean with object name Ratis:service=RaftServer,group=group-419BBCA8BCE0,id=1f602086-e1ee-4a4e-927c-1e6b555c2f2b
2019-08-30 07:08:59,756 [main] INFO  impl.RoleInfo (RoleInfo.java:shutdownLeaderState(104)) - 1f602086-e1ee-4a4e-927c-1e6b555c2f2b: shutdown LeaderState
2019-08-30 07:08:59,757 [main] INFO  impl.PendingRequests (PendingRequests.java:sendNotLeaderResponses(202)) - 1f602086-e1ee-4a4e-927c-1e6b555c2f2b-PendingRequests: sendNotLeaderResponses
2019-08-30 07:08:59,757 [main] INFO  impl.StateMachineUpdater (StateMachineUpdater.java:stopAndJoin(115)) - StateMachineUpdater:1f602086-e1ee-4a4e-927c-1e6b555c2f2b:group-419BBCA8BCE0: set stopIndex = 0
2019-08-30 07:08:59,758 [main] INFO  impl.RaftServerImpl (ServerState.java:close(394)) - 1f602086-e1ee-4a4e-927c-1e6b555c2f2b:group-419BBCA8BCE0 closes. The last applied log index is 0
2019-08-30 07:08:59,758 [1f602086-e1ee-4a4e-927c-1e6b555c2f2b-SegmentedRaftLogWorker:Storage Directory /workdir/hadoop-ozone/integration-test/target/test-dir/MiniOzoneClusterImpl-c6ae54c1-d46d-4dd5-b528-c2e096086b9a/datanode-6/data/ratis/70959fba-258f-4e26-9aeb-419bbca8bce0] INFO  segmented.SegmentedRaftLogWorker (SegmentedRaftLogWorker.java:run(313)) - 1f602086-e1ee-4a4e-927c-1e6b555c2f2b-SegmentedRaftLogWorker:Storage Directory /workdir/hadoop-ozone/integration-test/target/test-dir/MiniOzoneClusterImpl-c6ae54c1-d46d-4dd5-b528-c2e096086b9a/datanode-6/data/ratis/70959fba-258f-4e26-9aeb-419bbca8bce0 was interrupted, exiting. There are 0 tasks remaining in the queue.
2019-08-30 07:08:59,759 [main] INFO  segmented.SegmentedRaftLogWorker (SegmentedRaftLogWorker.java:close(228)) - 1f602086-e1ee-4a4e-927c-1e6b555c2f2b-SegmentedRaftLogWorker:Storage Directory /workdir/hadoop-ozone/integration-test/target/test-dir/MiniOzoneClusterImpl-c6ae54c1-d46d-4dd5-b528-c2e096086b9a/datanode-6/data/ratis/70959fba-258f-4e26-9aeb-419bbca8bce0 close()
2019-08-30 07:08:59,760 [main] INFO  server.GrpcService (GrpcService.java:closeImpl(155)) - 1f602086-e1ee-4a4e-927c-1e6b555c2f2b: shutdown server with port 39893 now
2019-08-30 07:08:59,762 [main] INFO  server.GrpcService (GrpcService.java:closeImpl(163)) - 1f602086-e1ee-4a4e-927c-1e6b555c2f2b: shutdown server with port 39893 successfully
2019-08-30 07:08:59,768 [main] INFO  utils.BackgroundService (BackgroundService.java:shutdown(148)) - Shutting down service BlockDeletingService
2019-08-30 07:08:59,771 [refreshUsed-/workdir/hadoop-ozone/integration-test/target/test-dir/MiniOzoneClusterImpl-c6ae54c1-d46d-4dd5-b528-c2e096086b9a/datanode-6/data/containers] WARN  fs.CachingGetSpaceUsed (CachingGetSpaceUsed.java:run(183)) - Thread Interrupted waiting to refresh disk information: sleep interrupted
2019-08-30 07:08:59,791 [main] INFO  statemachine.DatanodeStateMachine (DatanodeStateMachine.java:stopDaemon(395)) - Ozone container server stopped.
2019-08-30 07:08:59,792 [main] INFO  handler.ContextHandler (ContextHandler.java:doStop(910)) - Stopped o.e.j.w.WebAppContext@2eebce87{/,null,UNAVAILABLE}{/hddsDatanode}
2019-08-30 07:08:59,793 [main] INFO  server.AbstractConnector (AbstractConnector.java:doStop(318)) - Stopped ServerConnector@6ee37ca7{HTTP/1.1,[http/1.1]}{0.0.0.0:0}
2019-08-30 07:08:59,793 [main] INFO  handler.ContextHandler (ContextHandler.java:doStop(910)) - Stopped o.e.j.s.ServletContextHandler@1c6e3ff9{/static,jar:file:/home/user/.m2/repository/org/apache/hadoop/hadoop-hdds-container-service/0.5.0-SNAPSHOT/hadoop-hdds-container-service-0.5.0-SNAPSHOT.jar!/webapps/static,UNAVAILABLE}
2019-08-30 07:08:59,793 [main] INFO  handler.ContextHandler (ContextHandler.java:doStop(910)) - Stopped o.e.j.s.ServletContextHandler@11bfffb3{/logs,file:///workdir/hadoop-ozone/integration-test/target/log,UNAVAILABLE}
2019-08-30 07:09:00,665 [grpc-default-executor-0] WARN  server.GrpcLogAppender (LogUtils.java:warn(134)) - c6f80673-9b9b-48d9-974f-74d8c6e53dca->d4249830-50d0-4433-aac8-f817ef11b799: Failed appendEntries: org.apache.ratis.thirdparty.io.grpc.StatusRuntimeException: UNAVAILABLE: io exception
2019-08-30 07:09:00,665 [grpc-default-executor-2] WARN  server.GrpcLogAppender (LogUtils.java:warn(134)) - c6f80673-9b9b-48d9-974f-74d8c6e53dca->edec05a3-e2d1-4a21-a444-d2129c222199: Failed appendEntries: org.apache.ratis.thirdparty.io.grpc.StatusRuntimeException: UNAVAILABLE: io exception
2019-08-30 07:09:00,669 [grpc-default-executor-0] INFO  impl.FollowerInfo (FollowerInfo.java:lambda$new$0(50)) - c6f80673-9b9b-48d9-974f-74d8c6e53dca->d4249830-50d0-4433-aac8-f817ef11b799: nextIndex: updateUnconditionally 18 -> 17
2019-08-30 07:09:00,669 [grpc-default-executor-2] INFO  impl.FollowerInfo (FollowerInfo.java:lambda$new$0(50)) - c6f80673-9b9b-48d9-974f-74d8c6e53dca->edec05a3-e2d1-4a21-a444-d2129c222199: nextIndex: updateUnconditionally 15 -> 14
2019-08-30 07:09:00,696 [Datanode State Machine Thread - 0] INFO  statemachine.DatanodeStateMachine (DatanodeStateMachine.java:lambda$startDaemon$0(350)) - Ozone container server started.
2019-08-30 07:09:03,170 [grpc-default-executor-3] WARN  server.GrpcLogAppender (LogUtils.java:warn(134)) - c6f80673-9b9b-48d9-974f-74d8c6e53dca->d4249830-50d0-4433-aac8-f817ef11b799: Failed appendEntries: org.apache.ratis.thirdparty.io.grpc.StatusRuntimeException: UNAVAILABLE: io exception
2019-08-30 07:09:03,170 [grpc-default-executor-2] WARN  server.GrpcLogAppender (LogUtils.java:warn(134)) - c6f80673-9b9b-48d9-974f-74d8c6e53dca->edec05a3-e2d1-4a21-a444-d2129c222199: Failed appendEntries: org.apache.ratis.thirdparty.io.grpc.StatusRuntimeException: UNAVAILABLE: io exception
2019-08-30 07:09:03,173 [grpc-default-executor-3] INFO  impl.FollowerInfo (FollowerInfo.java:lambda$new$0(50)) - c6f80673-9b9b-48d9-974f-74d8c6e53dca->d4249830-50d0-4433-aac8-f817ef11b799: nextIndex: updateUnconditionally 17 -> 16
2019-08-30 07:09:03,173 [grpc-default-executor-2] INFO  impl.FollowerInfo (FollowerInfo.java:lambda$new$0(50)) - c6f80673-9b9b-48d9-974f-74d8c6e53dca->edec05a3-e2d1-4a21-a444-d2129c222199: nextIndex: updateUnconditionally 14 -> 13
2019-08-30 07:09:04,715 [EventQueue-StaleNodeForStaleNodeHandler] INFO  node.StaleNodeHandler (StaleNodeHandler.java:onMessage(58)) - Datanode c6f80673-9b9b-48d9-974f-74d8c6e53dca{ip: 192.168.5.156, host: pr-hdds-1569-5th2c-4253854396, networkLocation: /default-rack, certSerialId: null} moved to stale state. Finalizing its pipelines [PipelineID=9296e8b7-22bf-47ce-8a81-30e28e14a856, PipelineID=420485c9-914e-4bfd-b7ce-7ccb293ffeac]
2019-08-30 07:09:04,716 [EventQueue-StaleNodeForStaleNodeHandler] INFO  pipeline.SCMPipelineManager (SCMPipelineManager.java:finalizeAndDestroyPipeline(309)) - destroying pipeline:Pipeline[ Id: 9296e8b7-22bf-47ce-8a81-30e28e14a856, Nodes: d4249830-50d0-4433-aac8-f817ef11b799{ip: 192.168.5.156, host: pr-hdds-1569-5th2c-4253854396, networkLocation: /default-rack, certSerialId: null}c6f80673-9b9b-48d9-974f-74d8c6e53dca{ip: 192.168.5.156, host: pr-hdds-1569-5th2c-4253854396, networkLocation: /default-rack, certSerialId: null}edec05a3-e2d1-4a21-a444-d2129c222199{ip: 192.168.5.156, host: pr-hdds-1569-5th2c-4253854396, networkLocation: /default-rack, certSerialId: null}, Type:RATIS, Factor:THREE, State:CLOSED]
2019-08-30 07:09:04,716 [EventQueue-StaleNodeForStaleNodeHandler] INFO  pipeline.SCMPipelineManager (SCMPipelineManager.java:finalizeAndDestroyPipeline(309)) - destroying pipeline:Pipeline[ Id: 420485c9-914e-4bfd-b7ce-7ccb293ffeac, Nodes: c6f80673-9b9b-48d9-974f-74d8c6e53dca{ip: 192.168.5.156, host: pr-hdds-1569-5th2c-4253854396, networkLocation: /default-rack, certSerialId: null}, Type:RATIS, Factor:ONE, State:OPEN]
2019-08-30 07:09:04,717 [EventQueue-StaleNodeForStaleNodeHandler] INFO  pipeline.PipelineStateManager (PipelineStateManager.java:finalizePipeline(123)) - Pipeline Pipeline[ Id: 420485c9-914e-4bfd-b7ce-7ccb293ffeac, Nodes: c6f80673-9b9b-48d9-974f-74d8c6e53dca{ip: 192.168.5.156, host: pr-hdds-1569-5th2c-4253854396, networkLocation: /default-rack, certSerialId: null}, Type:RATIS, Factor:ONE, State:CLOSED] moved to CLOSED state
2019-08-30 07:09:04,735 [ForkJoinPool.commonPool-worker-1] INFO  ozoneimpl.OzoneContainer (OzoneContainer.java:stop(199)) - Attempting to stop container services.
2019-08-30 07:09:04,736 [ForkJoinPool.commonPool-worker-1] INFO  impl.RaftServerProxy (RaftServerProxy.java:lambda$close$4(314)) - c6f80673-9b9b-48d9-974f-74d8c6e53dca: close
2019-08-30 07:09:04,737 [ForkJoinPool.commonPool-worker-1] INFO  impl.RaftServerImpl (RaftServerImpl.java:lambda$shutdown$3(245)) - c6f80673-9b9b-48d9-974f-74d8c6e53dca: shutdown group-30E28E14A856
2019-08-30 07:09:04,737 [ForkJoinPool.commonPool-worker-1] INFO  util.JmxRegister (JmxRegister.java:unregister(73)) - Successfully un-registered JMX Bean with object name Ratis:service=RaftServer,group=group-30E28E14A856,id=c6f80673-9b9b-48d9-974f-74d8c6e53dca
2019-08-30 07:09:04,737 [ForkJoinPool.commonPool-worker-1] INFO  impl.RoleInfo (RoleInfo.java:shutdownLeaderState(104)) - c6f80673-9b9b-48d9-974f-74d8c6e53dca: shutdown LeaderState
2019-08-30 07:09:04,740 [org.apache.ratis.server.impl.LogAppender$AppenderDaemon$$Lambda$497/2013045786@6d43a95d] WARN  server.GrpcLogAppender (GrpcLogAppender.java:mayWait(143)) - GrpcLogAppender(c6f80673-9b9b-48d9-974f-74d8c6e53dca->edec05a3-e2d1-4a21-a444-d2129c222199): Wait interrupted by java.lang.InterruptedException
2019-08-30 07:09:04,740 [org.apache.ratis.server.impl.LogAppender$AppenderDaemon$$Lambda$497/2013045786@39dacdff] WARN  server.GrpcLogAppender (GrpcLogAppender.java:mayWait(143)) - GrpcLogAppender(c6f80673-9b9b-48d9-974f-74d8c6e53dca->d4249830-50d0-4433-aac8-f817ef11b799): Wait interrupted by java.lang.InterruptedException
2019-08-30 07:09:04,740 [ForkJoinPool.commonPool-worker-1] INFO  impl.PendingRequests (PendingRequests.java:sendNotLeaderResponses(202)) - c6f80673-9b9b-48d9-974f-74d8c6e53dca-PendingRequests: sendNotLeaderResponses
2019-08-30 07:09:04,743 [ForkJoinPool.commonPool-worker-1] INFO  impl.StateMachineUpdater (StateMachineUpdater.java:stopAndJoin(115)) - StateMachineUpdater:c6f80673-9b9b-48d9-974f-74d8c6e53dca:group-30E28E14A856: set stopIndex = 18
2019-08-30 07:09:04,743 [StateMachineUpdater:c6f80673-9b9b-48d9-974f-74d8c6e53dca:group-30E28E14A856] INFO  ratis.ContainerStateMachine (ContainerStateMachine.java:takeSnapshot(283)) - group-30E28E14A856: Taking a snapshot at:(t:1, i:18) file /workdir/hadoop-ozone/integration-test/target/test-dir/MiniOzoneClusterImpl-c6ae54c1-d46d-4dd5-b528-c2e096086b9a/datanode-5/data/ratis/9296e8b7-22bf-47ce-8a81-30e28e14a856/sm/snapshot.1_18
2019-08-30 07:09:04,770 [StateMachineUpdater:c6f80673-9b9b-48d9-974f-74d8c6e53dca:group-30E28E14A856] INFO  ratis.ContainerStateMachine (ContainerStateMachine.java:takeSnapshot(294)) - group-30E28E14A856: Finished taking a snapshot at:(t:1, i:18) file:/workdir/hadoop-ozone/integration-test/target/test-dir/MiniOzoneClusterImpl-c6ae54c1-d46d-4dd5-b528-c2e096086b9a/datanode-5/data/ratis/9296e8b7-22bf-47ce-8a81-30e28e14a856/sm/snapshot.1_18 time:27
2019-08-30 07:09:04,770 [StateMachineUpdater:c6f80673-9b9b-48d9-974f-74d8c6e53dca:group-30E28E14A856] INFO  impl.StateMachineUpdater (StateMachineUpdater.java:takeSnapshot(242)) - StateMachineUpdater:c6f80673-9b9b-48d9-974f-74d8c6e53dca:group-30E28E14A856: Took a snapshot at index 18
2019-08-30 07:09:04,770 [StateMachineUpdater:c6f80673-9b9b-48d9-974f-74d8c6e53dca:group-30E28E14A856] INFO  impl.StateMachineUpdater (StateMachineUpdater.java:lambda$new$0(80)) - StateMachineUpdater:c6f80673-9b9b-48d9-974f-74d8c6e53dca:group-30E28E14A856: snapshotIndex: updateIncreasingly -1 -> 18
2019-08-30 07:09:04,771 [ForkJoinPool.commonPool-worker-1] INFO  impl.RaftServerImpl (ServerState.java:close(394)) - c6f80673-9b9b-48d9-974f-74d8c6e53dca:group-30E28E14A856 closes. The last applied log index is 18
2019-08-30 07:09:04,771 [c6f80673-9b9b-48d9-974f-74d8c6e53dca-SegmentedRaftLogWorker:Storage Directory /workdir/hadoop-ozone/integration-test/target/test-dir/MiniOzoneClusterImpl-c6ae54c1-d46d-4dd5-b528-c2e096086b9a/datanode-5/data/ratis/9296e8b7-22bf-47ce-8a81-30e28e14a856] INFO  segmented.SegmentedRaftLogWorker (SegmentedRaftLogWorker.java:run(313)) - c6f80673-9b9b-48d9-974f-74d8c6e53dca-SegmentedRaftLogWorker:Storage Directory /workdir/hadoop-ozone/integration-test/target/test-dir/MiniOzoneClusterImpl-c6ae54c1-d46d-4dd5-b528-c2e096086b9a/datanode-5/data/ratis/9296e8b7-22bf-47ce-8a81-30e28e14a856 was interrupted, exiting. There are 0 tasks remaining in the queue.
2019-08-30 07:09:04,772 [ForkJoinPool.commonPool-worker-1] INFO  segmented.SegmentedRaftLogWorker (SegmentedRaftLogWorker.java:close(228)) - c6f80673-9b9b-48d9-974f-74d8c6e53dca-SegmentedRaftLogWorker:Storage Directory /workdir/hadoop-ozone/integration-test/target/test-dir/MiniOzoneClusterImpl-c6ae54c1-d46d-4dd5-b528-c2e096086b9a/datanode-5/data/ratis/9296e8b7-22bf-47ce-8a81-30e28e14a856 close()
2019-08-30 07:09:04,773 [ForkJoinPool.commonPool-worker-1] INFO  impl.RaftServerImpl (RaftServerImpl.java:lambda$shutdown$3(245)) - c6f80673-9b9b-48d9-974f-74d8c6e53dca: shutdown group-7CCB293FFEAC
2019-08-30 07:09:04,773 [ForkJoinPool.commonPool-worker-1] INFO  util.JmxRegister (JmxRegister.java:unregister(73)) - Successfully un-registered JMX Bean with object name Ratis:service=RaftServer,group=group-7CCB293FFEAC,id=c6f80673-9b9b-48d9-974f-74d8c6e53dca
2019-08-30 07:09:04,774 [ForkJoinPool.commonPool-worker-1] INFO  impl.RoleInfo (RoleInfo.java:shutdownLeaderState(104)) - c6f80673-9b9b-48d9-974f-74d8c6e53dca: shutdown LeaderState
2019-08-30 07:09:04,774 [ForkJoinPool.commonPool-worker-1] INFO  impl.PendingRequests (PendingRequests.java:sendNotLeaderResponses(202)) - c6f80673-9b9b-48d9-974f-74d8c6e53dca-PendingRequests: sendNotLeaderResponses
2019-08-30 07:09:04,775 [ForkJoinPool.commonPool-worker-1] INFO  impl.StateMachineUpdater (StateMachineUpdater.java:stopAndJoin(115)) - StateMachineUpdater:c6f80673-9b9b-48d9-974f-74d8c6e53dca:group-7CCB293FFEAC: set stopIndex = 0
2019-08-30 07:09:04,775 [ForkJoinPool.commonPool-worker-1] INFO  impl.RaftServerImpl (ServerState.java:close(394)) - c6f80673-9b9b-48d9-974f-74d8c6e53dca:group-7CCB293FFEAC closes. The last applied log index is 0
2019-08-30 07:09:04,775 [c6f80673-9b9b-48d9-974f-74d8c6e53dca-SegmentedRaftLogWorker:Storage Directory /workdir/hadoop-ozone/integration-test/target/test-dir/MiniOzoneClusterImpl-c6ae54c1-d46d-4dd5-b528-c2e096086b9a/datanode-5/data/ratis/420485c9-914e-4bfd-b7ce-7ccb293ffeac] INFO  segmented.SegmentedRaftLogWorker (SegmentedRaftLogWorker.java:run(313)) - c6f80673-9b9b-48d9-974f-74d8c6e53dca-SegmentedRaftLogWorker:Storage Directory /workdir/hadoop-ozone/integration-test/target/test-dir/MiniOzoneClusterImpl-c6ae54c1-d46d-4dd5-b528-c2e096086b9a/datanode-5/data/ratis/420485c9-914e-4bfd-b7ce-7ccb293ffeac was interrupted, exiting. There are 0 tasks remaining in the queue.
2019-08-30 07:09:04,776 [ForkJoinPool.commonPool-worker-1] INFO  segmented.SegmentedRaftLogWorker (SegmentedRaftLogWorker.java:close(228)) - c6f80673-9b9b-48d9-974f-74d8c6e53dca-SegmentedRaftLogWorker:Storage Directory /workdir/hadoop-ozone/integration-test/target/test-dir/MiniOzoneClusterImpl-c6ae54c1-d46d-4dd5-b528-c2e096086b9a/datanode-5/data/ratis/420485c9-914e-4bfd-b7ce-7ccb293ffeac close()
2019-08-30 07:09:04,777 [ForkJoinPool.commonPool-worker-1] INFO  server.GrpcService (GrpcService.java:closeImpl(155)) - c6f80673-9b9b-48d9-974f-74d8c6e53dca: shutdown server with port 45192 now
2019-08-30 07:09:04,779 [ForkJoinPool.commonPool-worker-1] INFO  server.GrpcService (GrpcService.java:closeImpl(163)) - c6f80673-9b9b-48d9-974f-74d8c6e53dca: shutdown server with port 45192 successfully
2019-08-30 07:09:04,781 [grpc-default-executor-3] WARN  client.GrpcClientProtocolService (LogUtils.java:warn(134)) - 3-UnorderedRequestStreamObserver3: onError: org.apache.ratis.thirdparty.io.grpc.StatusRuntimeException: CANCELLED: cancelled before receiving half close
2019-08-30 07:09:04,783 [ForkJoinPool.commonPool-worker-1] INFO  utils.BackgroundService (BackgroundService.java:shutdown(148)) - Shutting down service BlockDeletingService
2019-08-30 07:09:04,784 [refreshUsed-/workdir/hadoop-ozone/integration-test/target/test-dir/MiniOzoneClusterImpl-c6ae54c1-d46d-4dd5-b528-c2e096086b9a/datanode-5/data/containers] WARN  fs.CachingGetSpaceUsed (CachingGetSpaceUsed.java:run(183)) - Thread Interrupted waiting to refresh disk information: sleep interrupted
2019-08-30 07:09:04,808 [ForkJoinPool.commonPool-worker-1] INFO  statemachine.DatanodeStateMachine (DatanodeStateMachine.java:stopDaemon(395)) - Ozone container server stopped.
2019-08-30 07:09:04,811 [ForkJoinPool.commonPool-worker-1] INFO  handler.ContextHandler (ContextHandler.java:doStop(910)) - Stopped o.e.j.w.WebAppContext@661e1399{/,null,UNAVAILABLE}{/hddsDatanode}
2019-08-30 07:09:04,812 [ForkJoinPool.commonPool-worker-1] INFO  server.AbstractConnector (AbstractConnector.java:doStop(318)) - Stopped ServerConnector@3ffd4b12{HTTP/1.1,[http/1.1]}{0.0.0.0:0}
2019-08-30 07:09:04,813 [ForkJoinPool.commonPool-worker-1] INFO  handler.ContextHandler (ContextHandler.java:doStop(910)) - Stopped o.e.j.s.ServletContextHandler@29bd85db{/static,jar:file:/home/user/.m2/repository/org/apache/hadoop/hadoop-hdds-container-service/0.5.0-SNAPSHOT/hadoop-hdds-container-service-0.5.0-SNAPSHOT.jar!/webapps/static,UNAVAILABLE}
2019-08-30 07:09:04,814 [ForkJoinPool.commonPool-worker-1] INFO  handler.ContextHandler (ContextHandler.java:doStop(910)) - Stopped o.e.j.s.ServletContextHandler@62e73ab6{/logs,file:///workdir/hadoop-ozone/integration-test/target/log,UNAVAILABLE}
2019-08-30 07:09:04,816 [main] INFO  ozone.MiniOzoneClusterImpl (MiniOzoneClusterImpl.java:stop(353)) - Stopping the StorageContainerManager
2019-08-30 07:09:04,817 [main] INFO  server.StorageContainerManager (StorageContainerManager.java:stop(797)) - Stopping Replication Manager Service.
2019-08-30 07:09:04,817 [main] INFO  container.ReplicationManager (ReplicationManager.java:stop(193)) - Stopping Replication Monitor Thread.
2019-08-30 07:09:04,817 [main] INFO  server.StorageContainerManager (StorageContainerManager.java:stop(804)) - Stopping Lease Manager of the command watchers
2019-08-30 07:09:04,818 [main] INFO  server.StorageContainerManager (StorageContainerManager.java:stop(811)) - Stopping datanode service RPC server
2019-08-30 07:09:04,818 [main] INFO  server.SCMDatanodeProtocolServer (SCMDatanodeProtocolServer.java:stop(367)) - Stopping the RPC server for DataNodes
2019-08-30 07:09:04,818 [main] INFO  ipc.Server (Server.java:stop(3082)) - Stopping server on 36781
2019-08-30 07:09:04,819 [IPC Server listener on 36781] INFO  ipc.Server (Server.java:run(1185)) - Stopping IPC Server listener on 36781
2019-08-30 07:09:04,821 [IPC Server Responder] INFO  ipc.Server (Server.java:run(1319)) - Stopping IPC Server Responder
2019-08-30 07:09:04,916 [SCM Heartbeat Processing Thread - 0] WARN  node.NodeStateManager (NodeStateManager.java:scheduleNextHealthCheck(655)) - Current Thread is interrupted, shutting down HB processing thread for Node Manager.
2019-08-30 07:09:04,916 [main] INFO  server.StorageContainerManager (StorageContainerManager.java:stop(819)) - Stopping block service RPC server
2019-08-30 07:09:04,917 [main] INFO  server.SCMBlockProtocolServer (SCMBlockProtocolServer.java:stop(148)) - Stopping the RPC server for Block Protocol
2019-08-30 07:09:04,917 [main] INFO  ipc.Server (Server.java:stop(3082)) - Stopping server on 39264
2019-08-30 07:09:04,918 [main] INFO  server.StorageContainerManager (StorageContainerManager.java:stop(826)) - Stopping the StorageContainerLocationProtocol RPC server
2019-08-30 07:09:04,920 [main] INFO  server.SCMClientProtocolServer (SCMClientProtocolServer.java:stop(159)) - Stopping the RPC server for Client Protocol
2019-08-30 07:09:04,920 [IPC Server listener on 39264] INFO  ipc.Server (Server.java:run(1185)) - Stopping IPC Server listener on 39264
2019-08-30 07:09:04,920 [main] INFO  ipc.Server (Server.java:stop(3082)) - Stopping server on 46517
2019-08-30 07:09:04,920 [IPC Server Responder] INFO  ipc.Server (Server.java:run(1319)) - Stopping IPC Server Responder
2019-08-30 07:09:04,923 [IPC Server listener on 46517] INFO  ipc.Server (Server.java:run(1185)) - Stopping IPC Server listener on 46517
2019-08-30 07:09:04,923 [IPC Server Responder] INFO  ipc.Server (Server.java:run(1319)) - Stopping IPC Server Responder
2019-08-30 07:09:04,923 [main] INFO  server.StorageContainerManager (StorageContainerManager.java:stop(833)) - Stopping Storage Container Manager HTTP server.
2019-08-30 07:09:04,924 [main] INFO  handler.ContextHandler (ContextHandler.java:doStop(910)) - Stopped o.e.j.w.WebAppContext@48f5bde6{/,null,UNAVAILABLE}{/scm}
2019-08-30 07:09:04,925 [main] INFO  server.AbstractConnector (AbstractConnector.java:doStop(318)) - Stopped ServerConnector@6d511b5f{HTTP/1.1,[http/1.1]}{0.0.0.0:0}
2019-08-30 07:09:04,926 [main] INFO  handler.ContextHandler (ContextHandler.java:doStop(910)) - Stopped o.e.j.s.ServletContextHandler@5c530d1e{/static,file:///workdir/hadoop-ozone/integration-test/target/test-classes/webapps/static,UNAVAILABLE}
2019-08-30 07:09:04,926 [main] INFO  handler.ContextHandler (ContextHandler.java:doStop(910)) - Stopped o.e.j.s.ServletContextHandler@5286c33a{/logs,file:///workdir/hadoop-ozone/integration-test/target/log,UNAVAILABLE}
2019-08-30 07:09:04,928 [main] INFO  server.StorageContainerManager (StorageContainerManager.java:stop(844)) - Stopping Block Manager Service.
2019-08-30 07:09:04,928 [main] INFO  utils.BackgroundService (BackgroundService.java:shutdown(148)) - Shutting down service SCMBlockDeletingService
2019-08-30 07:09:04,929 [main] INFO  utils.BackgroundService (BackgroundService.java:shutdown(148)) - Shutting down service SCMBlockDeletingService
2019-08-30 07:09:04,929 [main] INFO  server.StorageContainerManager (StorageContainerManager.java:stop(866)) - Stopping SCM Event Queue.
2019-08-30 07:09:04,936 [main] INFO  impl.MetricsSystemImpl (MetricsSystemImpl.java:stop(210)) - Stopping XceiverClientMetrics metrics system...
2019-08-30 07:09:04,943 [main] INFO  impl.MetricsSystemImpl (MetricsSystemImpl.java:stop(216)) - XceiverClientMetrics metrics system stopped.
]]></system-out>
    <system-err><![CDATA[Aug 30, 2019 7:08:28 AM com.sun.jersey.server.impl.application.WebApplicationImpl _initiate
INFO: Initiating Jersey application, version 'Jersey: 1.19 02/11/2015 03:25 AM'
Aug 30, 2019 7:08:29 AM com.sun.jersey.server.impl.application.WebApplicationImpl _initiate
INFO: Initiating Jersey application, version 'Jersey: 1.19 02/11/2015 03:25 AM'
Aug 30, 2019 7:08:30 AM com.sun.jersey.server.impl.application.WebApplicationImpl _initiate
INFO: Initiating Jersey application, version 'Jersey: 1.19 02/11/2015 03:25 AM'
Aug 30, 2019 7:08:30 AM com.sun.jersey.server.impl.application.WebApplicationImpl _initiate
INFO: Initiating Jersey application, version 'Jersey: 1.19 02/11/2015 03:25 AM'
Aug 30, 2019 7:08:30 AM com.sun.jersey.server.impl.application.WebApplicationImpl _initiate
INFO: Initiating Jersey application, version 'Jersey: 1.19 02/11/2015 03:25 AM'
Aug 30, 2019 7:08:30 AM com.sun.jersey.server.impl.application.WebApplicationImpl _initiate
INFO: Initiating Jersey application, version 'Jersey: 1.19 02/11/2015 03:25 AM'
Aug 30, 2019 7:08:30 AM com.sun.jersey.server.impl.application.WebApplicationImpl _initiate
INFO: Initiating Jersey application, version 'Jersey: 1.19 02/11/2015 03:25 AM'
]]></system-err>
  </testcase>
  <testcase name="testDatanodeFailureWithPreAllocation" classname="org.apache.hadoop.ozone.client.rpc.TestBlockOutputStreamWithFailures" time="225.891"/>
  <testcase name="testDatanodeFailureWithSingleNodeRatis" classname="org.apache.hadoop.ozone.client.rpc.TestBlockOutputStreamWithFailures" time="225.571"/>
  <testcase name="testWatchForCommitWithSingleNodeRatis" classname="org.apache.hadoop.ozone.client.rpc.TestBlockOutputStreamWithFailures" time="35.654"/>
  <testcase name="testWatchForCommitDatanodeFailure" classname="org.apache.hadoop.ozone.client.rpc.TestBlockOutputStreamWithFailures" time="46.217"/>
  <testcase name="testFailureWithPrimeSizedData" classname="org.apache.hadoop.ozone.client.rpc.TestBlockOutputStreamWithFailures" time="33.721"/>
  <testcase name="testWatchForCommitWithCloseContainerException" classname="org.apache.hadoop.ozone.client.rpc.TestBlockOutputStreamWithFailures" time="41.251"/>
  <testcase name="testExceptionDuringClose" classname="org.apache.hadoop.ozone.client.rpc.TestBlockOutputStreamWithFailures" time="35.768"/>
</testsuite>