<?xml version="1.0" encoding="UTF-8"?>
<testsuite xmlns:xsi="http://www.w3.org/2001/XMLSchema-instance" xsi:noNamespaceSchemaLocation="https://maven.apache.org/surefire/maven-surefire-plugin/xsd/surefire-test-report.xsd" name="org.apache.hadoop.ozone.client.rpc.TestMultiBlockWritesWithDnFailures" time="128.822" tests="2" errors="1" skipped="0" failures="0">
  <properties>
    <property name="awt.toolkit" value="sun.awt.X11.XToolkit"/>
    <property name="file.encoding.pkg" value="sun.io"/>
    <property name="java.specification.version" value="1.8"/>
    <property name="sun.cpu.isalist" value=""/>
    <property name="sun.jnu.encoding" value="UTF-8"/>
    <property name="java.class.path" value="/workdir/hadoop-ozone/integration-test/target/test-classes:/workdir/hadoop-ozone/integration-test/target/classes:/home/user/.m2/repository/org/apache/hadoop/hadoop-ozone-common/0.5.0-SNAPSHOT/hadoop-ozone-common-0.5.0-SNAPSHOT.jar:/home/user/.m2/repository/org/apache/commons/commons-compress/1.4.1/commons-compress-1.4.1.jar:/home/user/.m2/repository/org/tukaani/xz/1.0/xz-1.0.jar:/home/user/.m2/repository/org/apache/hadoop/hadoop-common/3.2.0/hadoop-common-3.2.0.jar:/home/user/.m2/repository/org/apache/hadoop/hadoop-hdfs/3.2.0/hadoop-hdfs-3.2.0.jar:/home/user/.m2/repository/org/apache/hadoop/hadoop-hdfs-client/3.2.0/hadoop-hdfs-client-3.2.0.jar:/home/user/.m2/repository/com/fasterxml/jackson/core/jackson-annotations/2.9.5/jackson-annotations-2.9.5.jar:/home/user/.m2/repository/org/apache/hadoop/hadoop-hdds-common/0.5.0-SNAPSHOT/hadoop-hdds-common-0.5.0-SNAPSHOT.jar:/home/user/.m2/repository/javax/annotation/javax.annotation-api/1.2/javax.annotation-api-1.2.jar:/home/user/.m2/repository/org/apache/ratis/ratis-server/0.4.0-2337318-SNAPSHOT/ratis-server-0.4.0-2337318-SNAPSHOT.jar:/home/user/.m2/repository/org/apache/ratis/ratis-thirdparty-misc/0.2.0/ratis-thirdparty-misc-0.2.0.jar:/home/user/.m2/repository/org/apache/ratis/ratis-proto/0.4.0-2337318-SNAPSHOT/ratis-proto-0.4.0-2337318-SNAPSHOT.jar:/home/user/.m2/repository/org/apache/ratis/ratis-common/0.4.0-2337318-SNAPSHOT/ratis-common-0.4.0-2337318-SNAPSHOT.jar:/home/user/.m2/repository/org/apache/ratis/ratis-client/0.4.0-2337318-SNAPSHOT/ratis-client-0.4.0-2337318-SNAPSHOT.jar:/home/user/.m2/repository/org/apache/ratis/ratis-metrics/0.4.0-2337318-SNAPSHOT/ratis-metrics-0.4.0-2337318-SNAPSHOT.jar:/home/user/.m2/repository/org/apache/ratis/ratis-netty/0.4.0-2337318-SNAPSHOT/ratis-netty-0.4.0-2337318-SNAPSHOT.jar:/home/user/.m2/repository/org/apache/ratis/ratis-grpc/0.4.0-2337318-SNAPSHOT/ratis-grpc-0.4.0-2337318-SNAPSHOT.jar:/home/user/.m2/repository/org/rocksdb/rocksdbjni/6.0.1/rocksdbjni-6.0.1.jar:/home/user/.m2/repository/org/apache/logging/log4j/log4j-api/2.11.0/log4j-api-2.11.0.jar:/home/user/.m2/repository/org/apache/logging/log4j/log4j-core/2.11.0/log4j-core-2.11.0.jar:/home/user/.m2/repository/com/lmax/disruptor/3.4.2/disruptor-3.4.2.jar:/home/user/.m2/repository/org/apache/commons/commons-pool2/2.6.0/commons-pool2-2.6.0.jar:/home/user/.m2/repository/org/bouncycastle/bcpkix-jdk15on/1.60/bcpkix-jdk15on-1.60.jar:/home/user/.m2/repository/commons-validator/commons-validator/1.6/commons-validator-1.6.jar:/home/user/.m2/repository/commons-digester/commons-digester/1.8.1/commons-digester-1.8.1.jar:/home/user/.m2/repository/io/jaegertracing/jaeger-client/0.33.1/jaeger-client-0.33.1.jar:/home/user/.m2/repository/io/jaegertracing/jaeger-thrift/0.33.1/jaeger-thrift-0.33.1.jar:/home/user/.m2/repository/org/apache/thrift/libthrift/0.11.0/libthrift-0.11.0.jar:/home/user/.m2/repository/com/squareup/okhttp3/okhttp/3.9.0/okhttp-3.9.0.jar:/home/user/.m2/repository/com/squareup/okio/okio/1.13.0/okio-1.13.0.jar:/home/user/.m2/repository/io/jaegertracing/jaeger-core/0.33.1/jaeger-core-0.33.1.jar:/home/user/.m2/repository/io/jaegertracing/jaeger-tracerresolver/0.33.1/jaeger-tracerresolver-0.33.1.jar:/home/user/.m2/repository/io/opentracing/contrib/opentracing-tracerresolver/0.1.5/opentracing-tracerresolver-0.1.5.jar:/home/user/.m2/repository/io/opentracing/opentracing-util/0.31.0/opentracing-util-0.31.0.jar:/home/user/.m2/repository/io/opentracing/opentracing-api/0.31.0/opentracing-api-0.31.0.jar:/home/user/.m2/repository/io/opentracing/opentracing-noop/0.31.0/opentracing-noop-0.31.0.jar:/home/user/.m2/repository/org/apache/hadoop/hadoop-hdds-server-framework/0.5.0-SNAPSHOT/hadoop-hdds-server-framework-0.5.0-SNAPSHOT.jar:/home/user/.m2/repository/org/apache/hadoop/hadoop-hdds-container-service/0.5.0-SNAPSHOT/hadoop-hdds-container-service-0.5.0-SNAPSHOT.jar:/home/user/.m2/repository/org/apache/hadoop/hadoop-hdds-client/0.5.0-SNAPSHOT/hadoop-hdds-client-0.5.0-SNAPSHOT.jar:/home/user/.m2/repository/org/apache/hadoop/hadoop-hdds-tools/0.5.0-SNAPSHOT/hadoop-hdds-tools-0.5.0-SNAPSHOT.jar:/home/user/.m2/repository/org/apache/hadoop/hadoop-hdds-server-scm/0.5.0-SNAPSHOT/hadoop-hdds-server-scm-0.5.0-SNAPSHOT.jar:/home/user/.m2/repository/org/apache/hadoop/hadoop-hdds-docs/0.5.0-SNAPSHOT/hadoop-hdds-docs-0.5.0-SNAPSHOT.jar:/home/user/.m2/repository/io/dropwizard/metrics/metrics-core/3.2.4/metrics-core-3.2.4.jar:/home/user/.m2/repository/org/hamcrest/hamcrest-all/1.3/hamcrest-all-1.3.jar:/home/user/.m2/repository/org/bouncycastle/bcprov-jdk15on/1.60/bcprov-jdk15on-1.60.jar:/home/user/.m2/repository/info/picocli/picocli/3.9.6/picocli-3.9.6.jar:/home/user/.m2/repository/com/google/protobuf/protobuf-java/2.5.0/protobuf-java-2.5.0.jar:/home/user/.m2/repository/com/google/guava/guava/11.0.2/guava-11.0.2.jar:/home/user/.m2/repository/org/apache/hadoop/hadoop-ozone-ozone-manager/0.5.0-SNAPSHOT/hadoop-ozone-ozone-manager-0.5.0-SNAPSHOT.jar:/home/user/.m2/repository/org/apache/hadoop/hadoop-minikdc/3.2.0/hadoop-minikdc-3.2.0.jar:/home/user/.m2/repository/commons-io/commons-io/2.5/commons-io-2.5.jar:/home/user/.m2/repository/org/apache/kerby/kerb-simplekdc/1.0.1/kerb-simplekdc-1.0.1.jar:/home/user/.m2/repository/org/apache/kerby/kerb-client/1.0.1/kerb-client-1.0.1.jar:/home/user/.m2/repository/org/apache/kerby/kerby-config/1.0.1/kerby-config-1.0.1.jar:/home/user/.m2/repository/org/apache/kerby/kerb-core/1.0.1/kerb-core-1.0.1.jar:/home/user/.m2/repository/org/apache/kerby/kerby-pkix/1.0.1/kerby-pkix-1.0.1.jar:/home/user/.m2/repository/org/apache/kerby/kerby-asn1/1.0.1/kerby-asn1-1.0.1.jar:/home/user/.m2/repository/org/apache/kerby/kerby-util/1.0.1/kerby-util-1.0.1.jar:/home/user/.m2/repository/org/apache/kerby/kerb-common/1.0.1/kerb-common-1.0.1.jar:/home/user/.m2/repository/org/apache/kerby/kerb-crypto/1.0.1/kerb-crypto-1.0.1.jar:/home/user/.m2/repository/org/apache/kerby/kerb-util/1.0.1/kerb-util-1.0.1.jar:/home/user/.m2/repository/org/apache/kerby/token-provider/1.0.1/token-provider-1.0.1.jar:/home/user/.m2/repository/org/apache/kerby/kerb-admin/1.0.1/kerb-admin-1.0.1.jar:/home/user/.m2/repository/org/apache/kerby/kerb-server/1.0.1/kerb-server-1.0.1.jar:/home/user/.m2/repository/org/apache/kerby/kerb-identity/1.0.1/kerb-identity-1.0.1.jar:/home/user/.m2/repository/org/apache/kerby/kerby-xdr/1.0.1/kerby-xdr-1.0.1.jar:/home/user/.m2/repository/org/slf4j/slf4j-log4j12/1.7.25/slf4j-log4j12-1.7.25.jar:/home/user/.m2/repository/org/apache/hadoop/hadoop-ozone-objectstore-service/0.5.0-SNAPSHOT/hadoop-ozone-objectstore-service-0.5.0-SNAPSHOT.jar:/home/user/.m2/repository/org/apache/hadoop/hadoop-ozone-s3gateway/0.5.0-SNAPSHOT/hadoop-ozone-s3gateway-0.5.0-SNAPSHOT.jar:/home/user/.m2/repository/org/jboss/weld/servlet/weld-servlet/2.4.7.Final/weld-servlet-2.4.7.Final.jar:/home/user/.m2/repository/org/glassfish/jersey/containers/jersey-container-servlet-core/2.27/jersey-container-servlet-core-2.27.jar:/home/user/.m2/repository/org/glassfish/hk2/external/javax.inject/2.5.0-b42/javax.inject-2.5.0-b42.jar:/home/user/.m2/repository/org/glassfish/jersey/core/jersey-common/2.27/jersey-common-2.27.jar:/home/user/.m2/repository/org/glassfish/hk2/osgi-resource-locator/1.0.1/osgi-resource-locator-1.0.1.jar:/home/user/.m2/repository/javax/ws/rs/javax.ws.rs-api/2.1/javax.ws.rs-api-2.1.jar:/home/user/.m2/repository/org/glassfish/jersey/ext/cdi/jersey-cdi1x/2.27/jersey-cdi1x-2.27.jar:/home/user/.m2/repository/org/glassfish/jersey/inject/jersey-hk2/2.27/jersey-hk2-2.27.jar:/home/user/.m2/repository/org/glassfish/hk2/hk2-locator/2.5.0-b42/hk2-locator-2.5.0-b42.jar:/home/user/.m2/repository/org/javassist/javassist/3.22.0-CR2/javassist-3.22.0-CR2.jar:/home/user/.m2/repository/org/glassfish/hk2/hk2-api/2.5.0/hk2-api-2.5.0.jar:/home/user/.m2/repository/org/glassfish/hk2/external/jakarta.inject/2.5.0/jakarta.inject-2.5.0.jar:/home/user/.m2/repository/org/glassfish/hk2/hk2-utils/2.5.0/hk2-utils-2.5.0.jar:/home/user/.m2/repository/jakarta/annotation/jakarta.annotation-api/1.3.4/jakarta.annotation-api-1.3.4.jar:/home/user/.m2/repository/org/glassfish/hk2/external/aopalliance-repackaged/2.5.0/aopalliance-repackaged-2.5.0.jar:/home/user/.m2/repository/com/fasterxml/jackson/dataformat/jackson-dataformat-xml/2.9.0/jackson-dataformat-xml-2.9.0.jar:/home/user/.m2/repository/com/fasterxml/jackson/core/jackson-core/2.9.5/jackson-core-2.9.5.jar:/home/user/.m2/repository/com/fasterxml/jackson/module/jackson-module-jaxb-annotations/2.9.5/jackson-module-jaxb-annotations-2.9.5.jar:/home/user/.m2/repository/javax/enterprise/cdi-api/1.2/cdi-api-1.2.jar:/home/user/.m2/repository/javax/el/javax.el-api/3.0.0/javax.el-api-3.0.0.jar:/home/user/.m2/repository/javax/interceptor/javax.interceptor-api/1.2/javax.interceptor-api-1.2.jar:/home/user/.m2/repository/javax/inject/javax.inject/1/javax.inject-1.jar:/home/user/.m2/repository/com/sun/xml/bind/jaxb-impl/2.3.0.1/jaxb-impl-2.3.0.1.jar:/home/user/.m2/repository/com/sun/xml/bind/jaxb-core/2.3.0.1/jaxb-core-2.3.0.1.jar:/home/user/.m2/repository/javax/xml/bind/jaxb-api/2.3.0/jaxb-api-2.3.0.jar:/home/user/.m2/repository/javax/activation/activation/1.1.1/activation-1.1.1.jar:/home/user/.m2/repository/org/apache/hadoop/hadoop-ozone-csi/0.5.0-SNAPSHOT/hadoop-ozone-csi-0.5.0-SNAPSHOT.jar:/home/user/.m2/repository/com/google/protobuf/protobuf-java-util/3.5.1/protobuf-java-util-3.5.1.jar:/home/user/.m2/repository/org/apache/hadoop/hadoop-hdds-config/0.5.0-SNAPSHOT/hadoop-hdds-config-0.5.0-SNAPSHOT.jar:/home/user/.m2/repository/io/grpc/grpc-netty/1.17.1/grpc-netty-1.17.1.jar:/home/user/.m2/repository/io/grpc/grpc-core/1.17.1/grpc-core-1.17.1.jar:/home/user/.m2/repository/io/grpc/grpc-context/1.17.1/grpc-context-1.17.1.jar:/home/user/.m2/repository/com/google/errorprone/error_prone_annotations/2.2.0/error_prone_annotations-2.2.0.jar:/home/user/.m2/repository/org/codehaus/mojo/animal-sniffer-annotations/1.17/animal-sniffer-annotations-1.17.jar:/home/user/.m2/repository/io/opencensus/opencensus-api/0.17.0/opencensus-api-0.17.0.jar:/home/user/.m2/repository/io/opencensus/opencensus-contrib-grpc-metrics/0.17.0/opencensus-contrib-grpc-metrics-0.17.0.jar:/home/user/.m2/repository/io/netty/netty-codec-http2/4.1.30.Final/netty-codec-http2-4.1.30.Final.jar:/home/user/.m2/repository/io/netty/netty-codec-http/4.1.30.Final/netty-codec-http-4.1.30.Final.jar:/home/user/.m2/repository/io/netty/netty-codec/4.1.30.Final/netty-codec-4.1.30.Final.jar:/home/user/.m2/repository/io/netty/netty-handler/4.1.30.Final/netty-handler-4.1.30.Final.jar:/home/user/.m2/repository/io/netty/netty-handler-proxy/4.1.30.Final/netty-handler-proxy-4.1.30.Final.jar:/home/user/.m2/repository/io/netty/netty-codec-socks/4.1.30.Final/netty-codec-socks-4.1.30.Final.jar:/home/user/.m2/repository/io/netty/netty-transport-native-epoll/4.1.30.Final/netty-transport-native-epoll-4.1.30.Final.jar:/home/user/.m2/repository/io/netty/netty-common/4.1.30.Final/netty-common-4.1.30.Final.jar:/home/user/.m2/repository/io/netty/netty-buffer/4.1.30.Final/netty-buffer-4.1.30.Final.jar:/home/user/.m2/repository/io/netty/netty-transport/4.1.30.Final/netty-transport-4.1.30.Final.jar:/home/user/.m2/repository/io/netty/netty-resolver/4.1.30.Final/netty-resolver-4.1.30.Final.jar:/home/user/.m2/repository/io/netty/netty-transport-native-unix-common/4.1.30.Final/netty-transport-native-unix-common-4.1.30.Final.jar:/home/user/.m2/repository/io/grpc/grpc-protobuf/1.17.1/grpc-protobuf-1.17.1.jar:/home/user/.m2/repository/com/google/api/grpc/proto-google-common-protos/1.0.0/proto-google-common-protos-1.0.0.jar:/home/user/.m2/repository/io/grpc/grpc-protobuf-lite/1.17.1/grpc-protobuf-lite-1.17.1.jar:/home/user/.m2/repository/io/grpc/grpc-stub/1.17.1/grpc-stub-1.17.1.jar:/home/user/.m2/repository/org/apache/hadoop/hadoop-ozone-recon/0.5.0-SNAPSHOT/hadoop-ozone-recon-0.5.0-SNAPSHOT.jar:/home/user/.m2/repository/org/apache/hadoop/hadoop-ozone-reconcodegen/0.5.0-SNAPSHOT/hadoop-ozone-reconcodegen-0.5.0-SNAPSHOT.jar:/home/user/.m2/repository/com/google/inject/extensions/guice-multibindings/4.0/guice-multibindings-4.0.jar:/home/user/.m2/repository/com/google/inject/guice/4.0/guice-4.0.jar:/home/user/.m2/repository/aopalliance/aopalliance/1.0/aopalliance-1.0.jar:/home/user/.m2/repository/com/google/inject/extensions/guice-servlet/4.0/guice-servlet-4.0.jar:/home/user/.m2/repository/org/glassfish/jersey/containers/jersey-container-servlet/2.27/jersey-container-servlet-2.27.jar:/home/user/.m2/repository/org/glassfish/hk2/guice-bridge/2.5.0/guice-bridge-2.5.0.jar:/home/user/.m2/repository/org/glassfish/jersey/core/jersey-server/2.27/jersey-server-2.27.jar:/home/user/.m2/repository/org/glassfish/jersey/core/jersey-client/2.27/jersey-client-2.27.jar:/home/user/.m2/repository/org/glassfish/jersey/media/jersey-media-jaxb/2.27/jersey-media-jaxb-2.27.jar:/home/user/.m2/repository/javax/validation/validation-api/1.1.0.Final/validation-api-1.1.0.Final.jar:/home/user/.m2/repository/org/glassfish/jersey/media/jersey-media-json-jackson/2.27/jersey-media-json-jackson-2.27.jar:/home/user/.m2/repository/org/glassfish/jersey/ext/jersey-entity-filtering/2.27/jersey-entity-filtering-2.27.jar:/home/user/.m2/repository/com/google/inject/extensions/guice-assistedinject/4.0/guice-assistedinject-4.0.jar:/home/user/.m2/repository/org/jooq/jooq/3.11.10/jooq-3.11.10.jar:/home/user/.m2/repository/org/jooq/jooq-meta/3.11.10/jooq-meta-3.11.10.jar:/home/user/.m2/repository/org/jooq/jooq-codegen/3.11.10/jooq-codegen-3.11.10.jar:/home/user/.m2/repository/com/jolbox/bonecp/0.8.0.RELEASE/bonecp-0.8.0.RELEASE.jar:/home/user/.m2/repository/org/xerial/sqlite-jdbc/3.25.2/sqlite-jdbc-3.25.2.jar:/home/user/.m2/repository/org/springframework/spring-jdbc/5.1.3.RELEASE/spring-jdbc-5.1.3.RELEASE.jar:/home/user/.m2/repository/org/springframework/spring-beans/5.1.3.RELEASE/spring-beans-5.1.3.RELEASE.jar:/home/user/.m2/repository/org/springframework/spring-core/5.1.3.RELEASE/spring-core-5.1.3.RELEASE.jar:/home/user/.m2/repository/org/springframework/spring-jcl/5.1.3.RELEASE/spring-jcl-5.1.3.RELEASE.jar:/home/user/.m2/repository/org/springframework/spring-tx/5.1.3.RELEASE/spring-tx-5.1.3.RELEASE.jar:/home/user/.m2/repository/org/apache/hadoop/hadoop-ozone-client/0.5.0-SNAPSHOT/hadoop-ozone-client-0.5.0-SNAPSHOT.jar:/home/user/.m2/repository/commons-lang/commons-lang/2.6/commons-lang-2.6.jar:/home/user/.m2/repository/org/apache/hadoop/hadoop-ozone-ozone-manager/0.5.0-SNAPSHOT/hadoop-ozone-ozone-manager-0.5.0-SNAPSHOT-tests.jar:/home/user/.m2/repository/junit/junit/4.11/junit-4.11.jar:/home/user/.m2/repository/org/hamcrest/hamcrest-core/1.3/hamcrest-core-1.3.jar:/home/user/.m2/repository/org/openjdk/jmh/jmh-core/1.19/jmh-core-1.19.jar:/home/user/.m2/repository/net/sf/jopt-simple/jopt-simple/4.6/jopt-simple-4.6.jar:/home/user/.m2/repository/org/apache/commons/commons-math3/3.1.1/commons-math3-3.1.1.jar:/home/user/.m2/repository/org/openjdk/jmh/jmh-generator-annprocess/1.19/jmh-generator-annprocess-1.19.jar:/home/user/.m2/repository/org/mockito/mockito-all/1.8.5/mockito-all-1.8.5.jar:/home/user/.m2/repository/org/apache/hadoop/hadoop-kms/3.2.0/hadoop-kms-3.2.0.jar:/home/user/.m2/repository/org/apache/hadoop/hadoop-auth/3.2.0/hadoop-auth-3.2.0.jar:/home/user/.m2/repository/com/nimbusds/nimbus-jose-jwt/4.41.1/nimbus-jose-jwt-4.41.1.jar:/home/user/.m2/repository/com/github/stephenc/jcip/jcip-annotations/1.0-1/jcip-annotations-1.0-1.jar:/home/user/.m2/repository/net/minidev/json-smart/2.3/json-smart-2.3.jar:/home/user/.m2/repository/net/minidev/accessors-smart/1.2/accessors-smart-1.2.jar:/home/user/.m2/repository/org/ow2/asm/asm/5.0.4/asm-5.0.4.jar:/home/user/.m2/repository/org/apache/curator/curator-framework/2.12.0/curator-framework-2.12.0.jar:/home/user/.m2/repository/com/sun/jersey/jersey-core/1.19/jersey-core-1.19.jar:/home/user/.m2/repository/javax/ws/rs/jsr311-api/1.1.1/jsr311-api-1.1.1.jar:/home/user/.m2/repository/com/sun/jersey/jersey-server/1.19/jersey-server-1.19.jar:/home/user/.m2/repository/javax/servlet/javax.servlet-api/3.1.0/javax.servlet-api-3.1.0.jar:/home/user/.m2/repository/org/eclipse/jetty/jetty-server/9.3.24.v20180605/jetty-server-9.3.24.v20180605.jar:/home/user/.m2/repository/org/eclipse/jetty/jetty-http/9.3.24.v20180605/jetty-http-9.3.24.v20180605.jar:/home/user/.m2/repository/org/eclipse/jetty/jetty-io/9.3.24.v20180605/jetty-io-9.3.24.v20180605.jar:/home/user/.m2/repository/org/eclipse/jetty/jetty-webapp/9.3.24.v20180605/jetty-webapp-9.3.24.v20180605.jar:/home/user/.m2/repository/org/eclipse/jetty/jetty-xml/9.3.24.v20180605/jetty-xml-9.3.24.v20180605.jar:/home/user/.m2/repository/log4j/log4j/1.2.17/log4j-1.2.17.jar:/home/user/.m2/repository/org/slf4j/slf4j-api/1.7.25/slf4j-api-1.7.25.jar:/home/user/.m2/repository/org/slf4j/jul-to-slf4j/1.7.25/jul-to-slf4j-1.7.25.jar:/home/user/.m2/repository/org/eclipse/jetty/jetty-util/9.3.24.v20180605/jetty-util-9.3.24.v20180605.jar:/home/user/.m2/repository/com/fasterxml/jackson/core/jackson-databind/2.9.5/jackson-databind-2.9.5.jar:/home/user/.m2/repository/org/apache/hadoop/hadoop-kms/3.2.0/hadoop-kms-3.2.0-tests.jar:/home/user/.m2/repository/org/apache/hadoop/hadoop-hdds-server-scm/0.5.0-SNAPSHOT/hadoop-hdds-server-scm-0.5.0-SNAPSHOT-tests.jar:/home/user/.m2/repository/org/apache/hadoop/hadoop-hdds-container-service/0.5.0-SNAPSHOT/hadoop-hdds-container-service-0.5.0-SNAPSHOT-tests.jar:/home/user/.m2/repository/org/yaml/snakeyaml/1.16/snakeyaml-1.16.jar:/home/user/.m2/repository/org/apache/hadoop/hadoop-common/3.2.0/hadoop-common-3.2.0-tests.jar:/home/user/.m2/repository/org/apache/hadoop/hadoop-annotations/3.2.0/hadoop-annotations-3.2.0.jar:/usr/lib/jvm/java-1.8-openjdk/jre/../lib/tools.jar:/home/user/.m2/repository/commons-cli/commons-cli/1.2/commons-cli-1.2.jar:/home/user/.m2/repository/org/apache/httpcomponents/httpclient/4.5.2/httpclient-4.5.2.jar:/home/user/.m2/repository/org/apache/httpcomponents/httpcore/4.4.4/httpcore-4.4.4.jar:/home/user/.m2/repository/commons-codec/commons-codec/1.11/commons-codec-1.11.jar:/home/user/.m2/repository/commons-net/commons-net/3.6/commons-net-3.6.jar:/home/user/.m2/repository/commons-collections/commons-collections/3.2.2/commons-collections-3.2.2.jar:/home/user/.m2/repository/org/eclipse/jetty/jetty-servlet/9.3.24.v20180605/jetty-servlet-9.3.24.v20180605.jar:/home/user/.m2/repository/org/eclipse/jetty/jetty-security/9.3.24.v20180605/jetty-security-9.3.24.v20180605.jar:/home/user/.m2/repository/javax/servlet/jsp/jsp-api/2.1/jsp-api-2.1.jar:/home/user/.m2/repository/com/sun/jersey/jersey-servlet/1.19/jersey-servlet-1.19.jar:/home/user/.m2/repository/com/sun/jersey/jersey-json/1.19/jersey-json-1.19.jar:/home/user/.m2/repository/org/codehaus/jettison/jettison/1.1/jettison-1.1.jar:/home/user/.m2/repository/org/codehaus/jackson/jackson-core-asl/1.9.13/jackson-core-asl-1.9.13.jar:/home/user/.m2/repository/org/codehaus/jackson/jackson-mapper-asl/1.9.13/jackson-mapper-asl-1.9.13.jar:/home/user/.m2/repository/org/codehaus/jackson/jackson-jaxrs/1.9.13/jackson-jaxrs-1.9.13.jar:/home/user/.m2/repository/org/codehaus/jackson/jackson-xc/1.9.13/jackson-xc-1.9.13.jar:/home/user/.m2/repository/commons-logging/commons-logging/1.1.3/commons-logging-1.1.3.jar:/home/user/.m2/repository/commons-beanutils/commons-beanutils/1.9.3/commons-beanutils-1.9.3.jar:/home/user/.m2/repository/org/apache/commons/commons-configuration2/2.1.1/commons-configuration2-2.1.1.jar:/home/user/.m2/repository/org/apache/commons/commons-lang3/3.7/commons-lang3-3.7.jar:/home/user/.m2/repository/org/apache/commons/commons-text/1.4/commons-text-1.4.jar:/home/user/.m2/repository/org/apache/avro/avro/1.7.7/avro-1.7.7.jar:/home/user/.m2/repository/com/thoughtworks/paranamer/paranamer/2.3/paranamer-2.3.jar:/home/user/.m2/repository/org/xerial/snappy/snappy-java/1.0.5/snappy-java-1.0.5.jar:/home/user/.m2/repository/com/google/re2j/re2j/1.1/re2j-1.1.jar:/home/user/.m2/repository/com/google/code/gson/gson/2.2.4/gson-2.2.4.jar:/home/user/.m2/repository/com/jcraft/jsch/0.1.54/jsch-0.1.54.jar:/home/user/.m2/repository/org/apache/curator/curator-client/2.12.0/curator-client-2.12.0.jar:/home/user/.m2/repository/org/apache/curator/curator-recipes/2.12.0/curator-recipes-2.12.0.jar:/home/user/.m2/repository/com/google/code/findbugs/jsr305/3.0.0/jsr305-3.0.0.jar:/home/user/.m2/repository/org/apache/htrace/htrace-core4/4.1.0-incubating/htrace-core4-4.1.0-incubating.jar:/home/user/.m2/repository/org/apache/zookeeper/zookeeper/3.4.13/zookeeper-3.4.13.jar:/home/user/.m2/repository/org/apache/yetus/audience-annotations/0.5.0/audience-annotations-0.5.0.jar:/home/user/.m2/repository/org/codehaus/woodstox/stax2-api/3.1.4/stax2-api-3.1.4.jar:/home/user/.m2/repository/com/fasterxml/woodstox/woodstox-core/5.0.3/woodstox-core-5.0.3.jar:/home/user/.m2/repository/dnsjava/dnsjava/2.1.7/dnsjava-2.1.7.jar:/home/user/.m2/repository/org/apache/hadoop/hadoop-hdfs/3.2.0/hadoop-hdfs-3.2.0-tests.jar:/home/user/.m2/repository/org/eclipse/jetty/jetty-util-ajax/9.3.24.v20180605/jetty-util-ajax-9.3.24.v20180605.jar:/home/user/.m2/repository/commons-daemon/commons-daemon/1.0.13/commons-daemon-1.0.13.jar:/home/user/.m2/repository/io/netty/netty/3.10.5.Final/netty-3.10.5.Final.jar:/home/user/.m2/repository/io/netty/netty-all/4.0.52.Final/netty-all-4.0.52.Final.jar:/home/user/.m2/repository/org/fusesource/leveldbjni/leveldbjni-all/1.8/leveldbjni-all-1.8.jar:"/>
    <property name="java.vm.vendor" value="IcedTea"/>
    <property name="sun.arch.data.model" value="64"/>
    <property name="test.build.dir" value="/workdir/hadoop-ozone/integration-test/target/test-dir"/>
    <property name="test.cache.data" value=""/>
    <property name="java.vendor.url" value="https://icedtea.classpath.org"/>
    <property name="user.timezone" value=""/>
    <property name="java.vm.specification.version" value="1.8"/>
    <property name="os.name" value="Linux"/>
    <property name="test.build.data" value="/workdir/hadoop-ozone/integration-test/target/test-dir"/>
    <property name="user.country" value="US"/>
    <property name="sun.java.launcher" value="SUN_STANDARD"/>
    <property name="sun.boot.library.path" value="/usr/lib/jvm/java-1.8-openjdk/jre/lib/amd64"/>
    <property name="sun.java.command" value="/workdir/hadoop-ozone/integration-test/target/surefire/surefirebooter660736756689024178.jar /workdir/hadoop-ozone/integration-test/target/surefire 2019-08-30T06-52-04_105-jvmRun1 surefire9183297243586017323tmp surefire_303590305623982010936tmp"/>
    <property name="test" value="!TestMiniChaosOzoneCluster"/>
    <property name="surefire.test.class.path" value="/workdir/hadoop-ozone/integration-test/target/test-classes:/workdir/hadoop-ozone/integration-test/target/classes:/home/user/.m2/repository/org/apache/hadoop/hadoop-ozone-common/0.5.0-SNAPSHOT/hadoop-ozone-common-0.5.0-SNAPSHOT.jar:/home/user/.m2/repository/org/apache/commons/commons-compress/1.4.1/commons-compress-1.4.1.jar:/home/user/.m2/repository/org/tukaani/xz/1.0/xz-1.0.jar:/home/user/.m2/repository/org/apache/hadoop/hadoop-common/3.2.0/hadoop-common-3.2.0.jar:/home/user/.m2/repository/org/apache/hadoop/hadoop-hdfs/3.2.0/hadoop-hdfs-3.2.0.jar:/home/user/.m2/repository/org/apache/hadoop/hadoop-hdfs-client/3.2.0/hadoop-hdfs-client-3.2.0.jar:/home/user/.m2/repository/com/fasterxml/jackson/core/jackson-annotations/2.9.5/jackson-annotations-2.9.5.jar:/home/user/.m2/repository/org/apache/hadoop/hadoop-hdds-common/0.5.0-SNAPSHOT/hadoop-hdds-common-0.5.0-SNAPSHOT.jar:/home/user/.m2/repository/javax/annotation/javax.annotation-api/1.2/javax.annotation-api-1.2.jar:/home/user/.m2/repository/org/apache/ratis/ratis-server/0.4.0-2337318-SNAPSHOT/ratis-server-0.4.0-2337318-SNAPSHOT.jar:/home/user/.m2/repository/org/apache/ratis/ratis-thirdparty-misc/0.2.0/ratis-thirdparty-misc-0.2.0.jar:/home/user/.m2/repository/org/apache/ratis/ratis-proto/0.4.0-2337318-SNAPSHOT/ratis-proto-0.4.0-2337318-SNAPSHOT.jar:/home/user/.m2/repository/org/apache/ratis/ratis-common/0.4.0-2337318-SNAPSHOT/ratis-common-0.4.0-2337318-SNAPSHOT.jar:/home/user/.m2/repository/org/apache/ratis/ratis-client/0.4.0-2337318-SNAPSHOT/ratis-client-0.4.0-2337318-SNAPSHOT.jar:/home/user/.m2/repository/org/apache/ratis/ratis-metrics/0.4.0-2337318-SNAPSHOT/ratis-metrics-0.4.0-2337318-SNAPSHOT.jar:/home/user/.m2/repository/org/apache/ratis/ratis-netty/0.4.0-2337318-SNAPSHOT/ratis-netty-0.4.0-2337318-SNAPSHOT.jar:/home/user/.m2/repository/org/apache/ratis/ratis-grpc/0.4.0-2337318-SNAPSHOT/ratis-grpc-0.4.0-2337318-SNAPSHOT.jar:/home/user/.m2/repository/org/rocksdb/rocksdbjni/6.0.1/rocksdbjni-6.0.1.jar:/home/user/.m2/repository/org/apache/logging/log4j/log4j-api/2.11.0/log4j-api-2.11.0.jar:/home/user/.m2/repository/org/apache/logging/log4j/log4j-core/2.11.0/log4j-core-2.11.0.jar:/home/user/.m2/repository/com/lmax/disruptor/3.4.2/disruptor-3.4.2.jar:/home/user/.m2/repository/org/apache/commons/commons-pool2/2.6.0/commons-pool2-2.6.0.jar:/home/user/.m2/repository/org/bouncycastle/bcpkix-jdk15on/1.60/bcpkix-jdk15on-1.60.jar:/home/user/.m2/repository/commons-validator/commons-validator/1.6/commons-validator-1.6.jar:/home/user/.m2/repository/commons-digester/commons-digester/1.8.1/commons-digester-1.8.1.jar:/home/user/.m2/repository/io/jaegertracing/jaeger-client/0.33.1/jaeger-client-0.33.1.jar:/home/user/.m2/repository/io/jaegertracing/jaeger-thrift/0.33.1/jaeger-thrift-0.33.1.jar:/home/user/.m2/repository/org/apache/thrift/libthrift/0.11.0/libthrift-0.11.0.jar:/home/user/.m2/repository/com/squareup/okhttp3/okhttp/3.9.0/okhttp-3.9.0.jar:/home/user/.m2/repository/com/squareup/okio/okio/1.13.0/okio-1.13.0.jar:/home/user/.m2/repository/io/jaegertracing/jaeger-core/0.33.1/jaeger-core-0.33.1.jar:/home/user/.m2/repository/io/jaegertracing/jaeger-tracerresolver/0.33.1/jaeger-tracerresolver-0.33.1.jar:/home/user/.m2/repository/io/opentracing/contrib/opentracing-tracerresolver/0.1.5/opentracing-tracerresolver-0.1.5.jar:/home/user/.m2/repository/io/opentracing/opentracing-util/0.31.0/opentracing-util-0.31.0.jar:/home/user/.m2/repository/io/opentracing/opentracing-api/0.31.0/opentracing-api-0.31.0.jar:/home/user/.m2/repository/io/opentracing/opentracing-noop/0.31.0/opentracing-noop-0.31.0.jar:/home/user/.m2/repository/org/apache/hadoop/hadoop-hdds-server-framework/0.5.0-SNAPSHOT/hadoop-hdds-server-framework-0.5.0-SNAPSHOT.jar:/home/user/.m2/repository/org/apache/hadoop/hadoop-hdds-container-service/0.5.0-SNAPSHOT/hadoop-hdds-container-service-0.5.0-SNAPSHOT.jar:/home/user/.m2/repository/org/apache/hadoop/hadoop-hdds-client/0.5.0-SNAPSHOT/hadoop-hdds-client-0.5.0-SNAPSHOT.jar:/home/user/.m2/repository/org/apache/hadoop/hadoop-hdds-tools/0.5.0-SNAPSHOT/hadoop-hdds-tools-0.5.0-SNAPSHOT.jar:/home/user/.m2/repository/org/apache/hadoop/hadoop-hdds-server-scm/0.5.0-SNAPSHOT/hadoop-hdds-server-scm-0.5.0-SNAPSHOT.jar:/home/user/.m2/repository/org/apache/hadoop/hadoop-hdds-docs/0.5.0-SNAPSHOT/hadoop-hdds-docs-0.5.0-SNAPSHOT.jar:/home/user/.m2/repository/io/dropwizard/metrics/metrics-core/3.2.4/metrics-core-3.2.4.jar:/home/user/.m2/repository/org/hamcrest/hamcrest-all/1.3/hamcrest-all-1.3.jar:/home/user/.m2/repository/org/bouncycastle/bcprov-jdk15on/1.60/bcprov-jdk15on-1.60.jar:/home/user/.m2/repository/info/picocli/picocli/3.9.6/picocli-3.9.6.jar:/home/user/.m2/repository/com/google/protobuf/protobuf-java/2.5.0/protobuf-java-2.5.0.jar:/home/user/.m2/repository/com/google/guava/guava/11.0.2/guava-11.0.2.jar:/home/user/.m2/repository/org/apache/hadoop/hadoop-ozone-ozone-manager/0.5.0-SNAPSHOT/hadoop-ozone-ozone-manager-0.5.0-SNAPSHOT.jar:/home/user/.m2/repository/org/apache/hadoop/hadoop-minikdc/3.2.0/hadoop-minikdc-3.2.0.jar:/home/user/.m2/repository/commons-io/commons-io/2.5/commons-io-2.5.jar:/home/user/.m2/repository/org/apache/kerby/kerb-simplekdc/1.0.1/kerb-simplekdc-1.0.1.jar:/home/user/.m2/repository/org/apache/kerby/kerb-client/1.0.1/kerb-client-1.0.1.jar:/home/user/.m2/repository/org/apache/kerby/kerby-config/1.0.1/kerby-config-1.0.1.jar:/home/user/.m2/repository/org/apache/kerby/kerb-core/1.0.1/kerb-core-1.0.1.jar:/home/user/.m2/repository/org/apache/kerby/kerby-pkix/1.0.1/kerby-pkix-1.0.1.jar:/home/user/.m2/repository/org/apache/kerby/kerby-asn1/1.0.1/kerby-asn1-1.0.1.jar:/home/user/.m2/repository/org/apache/kerby/kerby-util/1.0.1/kerby-util-1.0.1.jar:/home/user/.m2/repository/org/apache/kerby/kerb-common/1.0.1/kerb-common-1.0.1.jar:/home/user/.m2/repository/org/apache/kerby/kerb-crypto/1.0.1/kerb-crypto-1.0.1.jar:/home/user/.m2/repository/org/apache/kerby/kerb-util/1.0.1/kerb-util-1.0.1.jar:/home/user/.m2/repository/org/apache/kerby/token-provider/1.0.1/token-provider-1.0.1.jar:/home/user/.m2/repository/org/apache/kerby/kerb-admin/1.0.1/kerb-admin-1.0.1.jar:/home/user/.m2/repository/org/apache/kerby/kerb-server/1.0.1/kerb-server-1.0.1.jar:/home/user/.m2/repository/org/apache/kerby/kerb-identity/1.0.1/kerb-identity-1.0.1.jar:/home/user/.m2/repository/org/apache/kerby/kerby-xdr/1.0.1/kerby-xdr-1.0.1.jar:/home/user/.m2/repository/org/slf4j/slf4j-log4j12/1.7.25/slf4j-log4j12-1.7.25.jar:/home/user/.m2/repository/org/apache/hadoop/hadoop-ozone-objectstore-service/0.5.0-SNAPSHOT/hadoop-ozone-objectstore-service-0.5.0-SNAPSHOT.jar:/home/user/.m2/repository/org/apache/hadoop/hadoop-ozone-s3gateway/0.5.0-SNAPSHOT/hadoop-ozone-s3gateway-0.5.0-SNAPSHOT.jar:/home/user/.m2/repository/org/jboss/weld/servlet/weld-servlet/2.4.7.Final/weld-servlet-2.4.7.Final.jar:/home/user/.m2/repository/org/glassfish/jersey/containers/jersey-container-servlet-core/2.27/jersey-container-servlet-core-2.27.jar:/home/user/.m2/repository/org/glassfish/hk2/external/javax.inject/2.5.0-b42/javax.inject-2.5.0-b42.jar:/home/user/.m2/repository/org/glassfish/jersey/core/jersey-common/2.27/jersey-common-2.27.jar:/home/user/.m2/repository/org/glassfish/hk2/osgi-resource-locator/1.0.1/osgi-resource-locator-1.0.1.jar:/home/user/.m2/repository/javax/ws/rs/javax.ws.rs-api/2.1/javax.ws.rs-api-2.1.jar:/home/user/.m2/repository/org/glassfish/jersey/ext/cdi/jersey-cdi1x/2.27/jersey-cdi1x-2.27.jar:/home/user/.m2/repository/org/glassfish/jersey/inject/jersey-hk2/2.27/jersey-hk2-2.27.jar:/home/user/.m2/repository/org/glassfish/hk2/hk2-locator/2.5.0-b42/hk2-locator-2.5.0-b42.jar:/home/user/.m2/repository/org/javassist/javassist/3.22.0-CR2/javassist-3.22.0-CR2.jar:/home/user/.m2/repository/org/glassfish/hk2/hk2-api/2.5.0/hk2-api-2.5.0.jar:/home/user/.m2/repository/org/glassfish/hk2/external/jakarta.inject/2.5.0/jakarta.inject-2.5.0.jar:/home/user/.m2/repository/org/glassfish/hk2/hk2-utils/2.5.0/hk2-utils-2.5.0.jar:/home/user/.m2/repository/jakarta/annotation/jakarta.annotation-api/1.3.4/jakarta.annotation-api-1.3.4.jar:/home/user/.m2/repository/org/glassfish/hk2/external/aopalliance-repackaged/2.5.0/aopalliance-repackaged-2.5.0.jar:/home/user/.m2/repository/com/fasterxml/jackson/dataformat/jackson-dataformat-xml/2.9.0/jackson-dataformat-xml-2.9.0.jar:/home/user/.m2/repository/com/fasterxml/jackson/core/jackson-core/2.9.5/jackson-core-2.9.5.jar:/home/user/.m2/repository/com/fasterxml/jackson/module/jackson-module-jaxb-annotations/2.9.5/jackson-module-jaxb-annotations-2.9.5.jar:/home/user/.m2/repository/javax/enterprise/cdi-api/1.2/cdi-api-1.2.jar:/home/user/.m2/repository/javax/el/javax.el-api/3.0.0/javax.el-api-3.0.0.jar:/home/user/.m2/repository/javax/interceptor/javax.interceptor-api/1.2/javax.interceptor-api-1.2.jar:/home/user/.m2/repository/javax/inject/javax.inject/1/javax.inject-1.jar:/home/user/.m2/repository/com/sun/xml/bind/jaxb-impl/2.3.0.1/jaxb-impl-2.3.0.1.jar:/home/user/.m2/repository/com/sun/xml/bind/jaxb-core/2.3.0.1/jaxb-core-2.3.0.1.jar:/home/user/.m2/repository/javax/xml/bind/jaxb-api/2.3.0/jaxb-api-2.3.0.jar:/home/user/.m2/repository/javax/activation/activation/1.1.1/activation-1.1.1.jar:/home/user/.m2/repository/org/apache/hadoop/hadoop-ozone-csi/0.5.0-SNAPSHOT/hadoop-ozone-csi-0.5.0-SNAPSHOT.jar:/home/user/.m2/repository/com/google/protobuf/protobuf-java-util/3.5.1/protobuf-java-util-3.5.1.jar:/home/user/.m2/repository/org/apache/hadoop/hadoop-hdds-config/0.5.0-SNAPSHOT/hadoop-hdds-config-0.5.0-SNAPSHOT.jar:/home/user/.m2/repository/io/grpc/grpc-netty/1.17.1/grpc-netty-1.17.1.jar:/home/user/.m2/repository/io/grpc/grpc-core/1.17.1/grpc-core-1.17.1.jar:/home/user/.m2/repository/io/grpc/grpc-context/1.17.1/grpc-context-1.17.1.jar:/home/user/.m2/repository/com/google/errorprone/error_prone_annotations/2.2.0/error_prone_annotations-2.2.0.jar:/home/user/.m2/repository/org/codehaus/mojo/animal-sniffer-annotations/1.17/animal-sniffer-annotations-1.17.jar:/home/user/.m2/repository/io/opencensus/opencensus-api/0.17.0/opencensus-api-0.17.0.jar:/home/user/.m2/repository/io/opencensus/opencensus-contrib-grpc-metrics/0.17.0/opencensus-contrib-grpc-metrics-0.17.0.jar:/home/user/.m2/repository/io/netty/netty-codec-http2/4.1.30.Final/netty-codec-http2-4.1.30.Final.jar:/home/user/.m2/repository/io/netty/netty-codec-http/4.1.30.Final/netty-codec-http-4.1.30.Final.jar:/home/user/.m2/repository/io/netty/netty-codec/4.1.30.Final/netty-codec-4.1.30.Final.jar:/home/user/.m2/repository/io/netty/netty-handler/4.1.30.Final/netty-handler-4.1.30.Final.jar:/home/user/.m2/repository/io/netty/netty-handler-proxy/4.1.30.Final/netty-handler-proxy-4.1.30.Final.jar:/home/user/.m2/repository/io/netty/netty-codec-socks/4.1.30.Final/netty-codec-socks-4.1.30.Final.jar:/home/user/.m2/repository/io/netty/netty-transport-native-epoll/4.1.30.Final/netty-transport-native-epoll-4.1.30.Final.jar:/home/user/.m2/repository/io/netty/netty-common/4.1.30.Final/netty-common-4.1.30.Final.jar:/home/user/.m2/repository/io/netty/netty-buffer/4.1.30.Final/netty-buffer-4.1.30.Final.jar:/home/user/.m2/repository/io/netty/netty-transport/4.1.30.Final/netty-transport-4.1.30.Final.jar:/home/user/.m2/repository/io/netty/netty-resolver/4.1.30.Final/netty-resolver-4.1.30.Final.jar:/home/user/.m2/repository/io/netty/netty-transport-native-unix-common/4.1.30.Final/netty-transport-native-unix-common-4.1.30.Final.jar:/home/user/.m2/repository/io/grpc/grpc-protobuf/1.17.1/grpc-protobuf-1.17.1.jar:/home/user/.m2/repository/com/google/api/grpc/proto-google-common-protos/1.0.0/proto-google-common-protos-1.0.0.jar:/home/user/.m2/repository/io/grpc/grpc-protobuf-lite/1.17.1/grpc-protobuf-lite-1.17.1.jar:/home/user/.m2/repository/io/grpc/grpc-stub/1.17.1/grpc-stub-1.17.1.jar:/home/user/.m2/repository/org/apache/hadoop/hadoop-ozone-recon/0.5.0-SNAPSHOT/hadoop-ozone-recon-0.5.0-SNAPSHOT.jar:/home/user/.m2/repository/org/apache/hadoop/hadoop-ozone-reconcodegen/0.5.0-SNAPSHOT/hadoop-ozone-reconcodegen-0.5.0-SNAPSHOT.jar:/home/user/.m2/repository/com/google/inject/extensions/guice-multibindings/4.0/guice-multibindings-4.0.jar:/home/user/.m2/repository/com/google/inject/guice/4.0/guice-4.0.jar:/home/user/.m2/repository/aopalliance/aopalliance/1.0/aopalliance-1.0.jar:/home/user/.m2/repository/com/google/inject/extensions/guice-servlet/4.0/guice-servlet-4.0.jar:/home/user/.m2/repository/org/glassfish/jersey/containers/jersey-container-servlet/2.27/jersey-container-servlet-2.27.jar:/home/user/.m2/repository/org/glassfish/hk2/guice-bridge/2.5.0/guice-bridge-2.5.0.jar:/home/user/.m2/repository/org/glassfish/jersey/core/jersey-server/2.27/jersey-server-2.27.jar:/home/user/.m2/repository/org/glassfish/jersey/core/jersey-client/2.27/jersey-client-2.27.jar:/home/user/.m2/repository/org/glassfish/jersey/media/jersey-media-jaxb/2.27/jersey-media-jaxb-2.27.jar:/home/user/.m2/repository/javax/validation/validation-api/1.1.0.Final/validation-api-1.1.0.Final.jar:/home/user/.m2/repository/org/glassfish/jersey/media/jersey-media-json-jackson/2.27/jersey-media-json-jackson-2.27.jar:/home/user/.m2/repository/org/glassfish/jersey/ext/jersey-entity-filtering/2.27/jersey-entity-filtering-2.27.jar:/home/user/.m2/repository/com/google/inject/extensions/guice-assistedinject/4.0/guice-assistedinject-4.0.jar:/home/user/.m2/repository/org/jooq/jooq/3.11.10/jooq-3.11.10.jar:/home/user/.m2/repository/org/jooq/jooq-meta/3.11.10/jooq-meta-3.11.10.jar:/home/user/.m2/repository/org/jooq/jooq-codegen/3.11.10/jooq-codegen-3.11.10.jar:/home/user/.m2/repository/com/jolbox/bonecp/0.8.0.RELEASE/bonecp-0.8.0.RELEASE.jar:/home/user/.m2/repository/org/xerial/sqlite-jdbc/3.25.2/sqlite-jdbc-3.25.2.jar:/home/user/.m2/repository/org/springframework/spring-jdbc/5.1.3.RELEASE/spring-jdbc-5.1.3.RELEASE.jar:/home/user/.m2/repository/org/springframework/spring-beans/5.1.3.RELEASE/spring-beans-5.1.3.RELEASE.jar:/home/user/.m2/repository/org/springframework/spring-core/5.1.3.RELEASE/spring-core-5.1.3.RELEASE.jar:/home/user/.m2/repository/org/springframework/spring-jcl/5.1.3.RELEASE/spring-jcl-5.1.3.RELEASE.jar:/home/user/.m2/repository/org/springframework/spring-tx/5.1.3.RELEASE/spring-tx-5.1.3.RELEASE.jar:/home/user/.m2/repository/org/apache/hadoop/hadoop-ozone-client/0.5.0-SNAPSHOT/hadoop-ozone-client-0.5.0-SNAPSHOT.jar:/home/user/.m2/repository/commons-lang/commons-lang/2.6/commons-lang-2.6.jar:/home/user/.m2/repository/org/apache/hadoop/hadoop-ozone-ozone-manager/0.5.0-SNAPSHOT/hadoop-ozone-ozone-manager-0.5.0-SNAPSHOT-tests.jar:/home/user/.m2/repository/junit/junit/4.11/junit-4.11.jar:/home/user/.m2/repository/org/hamcrest/hamcrest-core/1.3/hamcrest-core-1.3.jar:/home/user/.m2/repository/org/openjdk/jmh/jmh-core/1.19/jmh-core-1.19.jar:/home/user/.m2/repository/net/sf/jopt-simple/jopt-simple/4.6/jopt-simple-4.6.jar:/home/user/.m2/repository/org/apache/commons/commons-math3/3.1.1/commons-math3-3.1.1.jar:/home/user/.m2/repository/org/openjdk/jmh/jmh-generator-annprocess/1.19/jmh-generator-annprocess-1.19.jar:/home/user/.m2/repository/org/mockito/mockito-all/1.8.5/mockito-all-1.8.5.jar:/home/user/.m2/repository/org/apache/hadoop/hadoop-kms/3.2.0/hadoop-kms-3.2.0.jar:/home/user/.m2/repository/org/apache/hadoop/hadoop-auth/3.2.0/hadoop-auth-3.2.0.jar:/home/user/.m2/repository/com/nimbusds/nimbus-jose-jwt/4.41.1/nimbus-jose-jwt-4.41.1.jar:/home/user/.m2/repository/com/github/stephenc/jcip/jcip-annotations/1.0-1/jcip-annotations-1.0-1.jar:/home/user/.m2/repository/net/minidev/json-smart/2.3/json-smart-2.3.jar:/home/user/.m2/repository/net/minidev/accessors-smart/1.2/accessors-smart-1.2.jar:/home/user/.m2/repository/org/ow2/asm/asm/5.0.4/asm-5.0.4.jar:/home/user/.m2/repository/org/apache/curator/curator-framework/2.12.0/curator-framework-2.12.0.jar:/home/user/.m2/repository/com/sun/jersey/jersey-core/1.19/jersey-core-1.19.jar:/home/user/.m2/repository/javax/ws/rs/jsr311-api/1.1.1/jsr311-api-1.1.1.jar:/home/user/.m2/repository/com/sun/jersey/jersey-server/1.19/jersey-server-1.19.jar:/home/user/.m2/repository/javax/servlet/javax.servlet-api/3.1.0/javax.servlet-api-3.1.0.jar:/home/user/.m2/repository/org/eclipse/jetty/jetty-server/9.3.24.v20180605/jetty-server-9.3.24.v20180605.jar:/home/user/.m2/repository/org/eclipse/jetty/jetty-http/9.3.24.v20180605/jetty-http-9.3.24.v20180605.jar:/home/user/.m2/repository/org/eclipse/jetty/jetty-io/9.3.24.v20180605/jetty-io-9.3.24.v20180605.jar:/home/user/.m2/repository/org/eclipse/jetty/jetty-webapp/9.3.24.v20180605/jetty-webapp-9.3.24.v20180605.jar:/home/user/.m2/repository/org/eclipse/jetty/jetty-xml/9.3.24.v20180605/jetty-xml-9.3.24.v20180605.jar:/home/user/.m2/repository/log4j/log4j/1.2.17/log4j-1.2.17.jar:/home/user/.m2/repository/org/slf4j/slf4j-api/1.7.25/slf4j-api-1.7.25.jar:/home/user/.m2/repository/org/slf4j/jul-to-slf4j/1.7.25/jul-to-slf4j-1.7.25.jar:/home/user/.m2/repository/org/eclipse/jetty/jetty-util/9.3.24.v20180605/jetty-util-9.3.24.v20180605.jar:/home/user/.m2/repository/com/fasterxml/jackson/core/jackson-databind/2.9.5/jackson-databind-2.9.5.jar:/home/user/.m2/repository/org/apache/hadoop/hadoop-kms/3.2.0/hadoop-kms-3.2.0-tests.jar:/home/user/.m2/repository/org/apache/hadoop/hadoop-hdds-server-scm/0.5.0-SNAPSHOT/hadoop-hdds-server-scm-0.5.0-SNAPSHOT-tests.jar:/home/user/.m2/repository/org/apache/hadoop/hadoop-hdds-container-service/0.5.0-SNAPSHOT/hadoop-hdds-container-service-0.5.0-SNAPSHOT-tests.jar:/home/user/.m2/repository/org/yaml/snakeyaml/1.16/snakeyaml-1.16.jar:/home/user/.m2/repository/org/apache/hadoop/hadoop-common/3.2.0/hadoop-common-3.2.0-tests.jar:/home/user/.m2/repository/org/apache/hadoop/hadoop-annotations/3.2.0/hadoop-annotations-3.2.0.jar:/usr/lib/jvm/java-1.8-openjdk/jre/../lib/tools.jar:/home/user/.m2/repository/commons-cli/commons-cli/1.2/commons-cli-1.2.jar:/home/user/.m2/repository/org/apache/httpcomponents/httpclient/4.5.2/httpclient-4.5.2.jar:/home/user/.m2/repository/org/apache/httpcomponents/httpcore/4.4.4/httpcore-4.4.4.jar:/home/user/.m2/repository/commons-codec/commons-codec/1.11/commons-codec-1.11.jar:/home/user/.m2/repository/commons-net/commons-net/3.6/commons-net-3.6.jar:/home/user/.m2/repository/commons-collections/commons-collections/3.2.2/commons-collections-3.2.2.jar:/home/user/.m2/repository/org/eclipse/jetty/jetty-servlet/9.3.24.v20180605/jetty-servlet-9.3.24.v20180605.jar:/home/user/.m2/repository/org/eclipse/jetty/jetty-security/9.3.24.v20180605/jetty-security-9.3.24.v20180605.jar:/home/user/.m2/repository/javax/servlet/jsp/jsp-api/2.1/jsp-api-2.1.jar:/home/user/.m2/repository/com/sun/jersey/jersey-servlet/1.19/jersey-servlet-1.19.jar:/home/user/.m2/repository/com/sun/jersey/jersey-json/1.19/jersey-json-1.19.jar:/home/user/.m2/repository/org/codehaus/jettison/jettison/1.1/jettison-1.1.jar:/home/user/.m2/repository/org/codehaus/jackson/jackson-core-asl/1.9.13/jackson-core-asl-1.9.13.jar:/home/user/.m2/repository/org/codehaus/jackson/jackson-mapper-asl/1.9.13/jackson-mapper-asl-1.9.13.jar:/home/user/.m2/repository/org/codehaus/jackson/jackson-jaxrs/1.9.13/jackson-jaxrs-1.9.13.jar:/home/user/.m2/repository/org/codehaus/jackson/jackson-xc/1.9.13/jackson-xc-1.9.13.jar:/home/user/.m2/repository/commons-logging/commons-logging/1.1.3/commons-logging-1.1.3.jar:/home/user/.m2/repository/commons-beanutils/commons-beanutils/1.9.3/commons-beanutils-1.9.3.jar:/home/user/.m2/repository/org/apache/commons/commons-configuration2/2.1.1/commons-configuration2-2.1.1.jar:/home/user/.m2/repository/org/apache/commons/commons-lang3/3.7/commons-lang3-3.7.jar:/home/user/.m2/repository/org/apache/commons/commons-text/1.4/commons-text-1.4.jar:/home/user/.m2/repository/org/apache/avro/avro/1.7.7/avro-1.7.7.jar:/home/user/.m2/repository/com/thoughtworks/paranamer/paranamer/2.3/paranamer-2.3.jar:/home/user/.m2/repository/org/xerial/snappy/snappy-java/1.0.5/snappy-java-1.0.5.jar:/home/user/.m2/repository/com/google/re2j/re2j/1.1/re2j-1.1.jar:/home/user/.m2/repository/com/google/code/gson/gson/2.2.4/gson-2.2.4.jar:/home/user/.m2/repository/com/jcraft/jsch/0.1.54/jsch-0.1.54.jar:/home/user/.m2/repository/org/apache/curator/curator-client/2.12.0/curator-client-2.12.0.jar:/home/user/.m2/repository/org/apache/curator/curator-recipes/2.12.0/curator-recipes-2.12.0.jar:/home/user/.m2/repository/com/google/code/findbugs/jsr305/3.0.0/jsr305-3.0.0.jar:/home/user/.m2/repository/org/apache/htrace/htrace-core4/4.1.0-incubating/htrace-core4-4.1.0-incubating.jar:/home/user/.m2/repository/org/apache/zookeeper/zookeeper/3.4.13/zookeeper-3.4.13.jar:/home/user/.m2/repository/org/apache/yetus/audience-annotations/0.5.0/audience-annotations-0.5.0.jar:/home/user/.m2/repository/org/codehaus/woodstox/stax2-api/3.1.4/stax2-api-3.1.4.jar:/home/user/.m2/repository/com/fasterxml/woodstox/woodstox-core/5.0.3/woodstox-core-5.0.3.jar:/home/user/.m2/repository/dnsjava/dnsjava/2.1.7/dnsjava-2.1.7.jar:/home/user/.m2/repository/org/apache/hadoop/hadoop-hdfs/3.2.0/hadoop-hdfs-3.2.0-tests.jar:/home/user/.m2/repository/org/eclipse/jetty/jetty-util-ajax/9.3.24.v20180605/jetty-util-ajax-9.3.24.v20180605.jar:/home/user/.m2/repository/commons-daemon/commons-daemon/1.0.13/commons-daemon-1.0.13.jar:/home/user/.m2/repository/io/netty/netty/3.10.5.Final/netty-3.10.5.Final.jar:/home/user/.m2/repository/io/netty/netty-all/4.0.52.Final/netty-all-4.0.52.Final.jar:/home/user/.m2/repository/org/fusesource/leveldbjni/leveldbjni-all/1.8/leveldbjni-all-1.8.jar:"/>
    <property name="sun.cpu.endian" value="little"/>
    <property name="user.home" value="/home/user"/>
    <property name="user.language" value="en"/>
    <property name="java.specification.vendor" value="Oracle Corporation"/>
    <property name="java.home" value="/usr/lib/jvm/java-1.8-openjdk/jre"/>
    <property name="java.security.krb5.conf" value="/workdir/hadoop-ozone/integration-test/target/test-classes/krb5.conf"/>
    <property name="basedir" value="/workdir/hadoop-ozone/integration-test"/>
    <property name="file.separator" value="/"/>
    <property name="line.separator" value="&#10;"/>
    <property name="java.vm.specification.vendor" value="Oracle Corporation"/>
    <property name="java.specification.name" value="Java Platform API Specification"/>
    <property name="java.awt.graphicsenv" value="sun.awt.X11GraphicsEnvironment"/>
    <property name="surefire.real.class.path" value="/workdir/hadoop-ozone/integration-test/target/surefire/surefirebooter660736756689024178.jar"/>
    <property name="hadoop.log.dir" value="/workdir/hadoop-ozone/integration-test/target/log"/>
    <property name="sun.boot.class.path" value="/usr/lib/jvm/java-1.8-openjdk/jre/lib/resources.jar:/usr/lib/jvm/java-1.8-openjdk/jre/lib/rt.jar:/usr/lib/jvm/java-1.8-openjdk/jre/lib/sunrsasign.jar:/usr/lib/jvm/java-1.8-openjdk/jre/lib/jsse.jar:/usr/lib/jvm/java-1.8-openjdk/jre/lib/jce.jar:/usr/lib/jvm/java-1.8-openjdk/jre/lib/charsets.jar:/usr/lib/jvm/java-1.8-openjdk/jre/lib/jfr.jar:/usr/lib/jvm/java-1.8-openjdk/jre/classes"/>
    <property name="sun.management.compiler" value="HotSpot 64-Bit Tiered Compilers"/>
    <property name="java.runtime.version" value="1.8.0_212-b04"/>
    <property name="java.net.preferIPv4Stack" value="true"/>
    <property name="user.name" value="jenkins1000"/>
    <property name="path.separator" value=":"/>
    <property name="java.security.egd" value="file:///dev/urandom"/>
    <property name="os.version" value="3.10.0-957.12.2.el7.x86_64"/>
    <property name="java.endorsed.dirs" value="/usr/lib/jvm/java-1.8-openjdk/jre/lib/endorsed"/>
    <property name="java.runtime.name" value="OpenJDK Runtime Environment"/>
    <property name="file.encoding" value="UTF-8"/>
    <property name="java.vm.name" value="OpenJDK 64-Bit Server VM"/>
    <property name="test.build.webapps" value=""/>
    <property name="localRepository" value="/home/user/.m2/repository"/>
    <property name="java.vendor.url.bug" value="https://icedtea.classpath.org/bugzilla"/>
    <property name="java.io.tmpdir" value="/tmp"/>
    <property name="require.test.libhadoop" value=""/>
    <property name="java.version" value="1.8.0_212"/>
    <property name="user.dir" value="/workdir/hadoop-ozone/integration-test"/>
    <property name="os.arch" value="amd64"/>
    <property name="java.vm.specification.name" value="Java Virtual Machine Specification"/>
    <property name="test.build.classes" value="/workdir/hadoop-ozone/integration-test/target/test-classes"/>
    <property name="java.awt.printerjob" value="sun.print.PSPrinterJob"/>
    <property name="sun.os.patch.level" value="unknown"/>
    <property name="hadoop.tmp.dir" value="/workdir/hadoop-ozone/integration-test/target/tmp"/>
    <property name="java.library.path" value="/usr/lib/jvm/java-1.8-openjdk/jre/lib/amd64/server:/usr/lib/jvm/java-1.8-openjdk/jre/lib/amd64:/usr/lib/jvm/java-1.8-openjdk/jre/../lib/amd64:/workdir/hadoop-ozone/integration-test/target/native/target/usr/local/lib:/workdir/hadoop-ozone/integration-test/../../hadoop-common-project/hadoop-common/target/native/target/usr/local/lib:/usr/java/packages/lib/amd64:/usr/lib64:/lib64:/lib:/usr/lib"/>
    <property name="java.vm.info" value="mixed mode"/>
    <property name="java.vendor" value="IcedTea"/>
    <property name="java.vm.version" value="25.212-b04"/>
    <property name="java.ext.dirs" value="/usr/lib/jvm/java-1.8-openjdk/jre/lib/ext:/usr/java/packages/lib/ext"/>
    <property name="sun.io.unicode.encoding" value="UnicodeLittle"/>
    <property name="java.class.version" value="52.0"/>
  </properties>
  <testcase name="testMultiBlockWritesWithIntermittentDnFailures" classname="org.apache.hadoop.ozone.client.rpc.TestMultiBlockWritesWithDnFailures" time="66">
    <error message="Allocated 2 blocks. Requested 6 blocks" type="INTERNAL_ERROR org.apache.hadoop.ozone.om.exceptions.OMException">INTERNAL_ERROR org.apache.hadoop.ozone.om.exceptions.OMException: Allocated 2 blocks. Requested 6 blocks
	at org.apache.hadoop.ozone.om.protocolPB.OzoneManagerProtocolClientSideTranslatorPB.handleError(OzoneManagerProtocolClientSideTranslatorPB.java:725)
	at org.apache.hadoop.ozone.om.protocolPB.OzoneManagerProtocolClientSideTranslatorPB.openKey(OzoneManagerProtocolClientSideTranslatorPB.java:716)
	at org.apache.hadoop.ozone.client.rpc.RpcClient.createKey(RpcClient.java:615)
	at org.apache.hadoop.ozone.client.OzoneBucket.createKey(OzoneBucket.java:323)
	at org.apache.hadoop.ozone.container.ContainerTestHelper.createKey(ContainerTestHelper.java:694)
	at org.apache.hadoop.ozone.client.rpc.TestMultiBlockWritesWithDnFailures.createKey(TestMultiBlockWritesWithDnFailures.java:212)
	at org.apache.hadoop.ozone.client.rpc.TestMultiBlockWritesWithDnFailures.testMultiBlockWritesWithIntermittentDnFailures(TestMultiBlockWritesWithDnFailures.java:163)
	at sun.reflect.NativeMethodAccessorImpl.invoke0(Native Method)
	at sun.reflect.NativeMethodAccessorImpl.invoke(NativeMethodAccessorImpl.java:62)
	at sun.reflect.DelegatingMethodAccessorImpl.invoke(DelegatingMethodAccessorImpl.java:43)
	at java.lang.reflect.Method.invoke(Method.java:498)
	at org.junit.runners.model.FrameworkMethod$1.runReflectiveCall(FrameworkMethod.java:47)
	at org.junit.internal.runners.model.ReflectiveCallable.run(ReflectiveCallable.java:12)
	at org.junit.runners.model.FrameworkMethod.invokeExplosively(FrameworkMethod.java:44)
	at org.junit.internal.runners.statements.InvokeMethod.evaluate(InvokeMethod.java:17)
	at org.junit.internal.runners.statements.RunAfters.evaluate(RunAfters.java:27)
	at org.junit.runners.ParentRunner.runLeaf(ParentRunner.java:271)
	at org.junit.runners.BlockJUnit4ClassRunner.runChild(BlockJUnit4ClassRunner.java:70)
	at org.junit.runners.BlockJUnit4ClassRunner.runChild(BlockJUnit4ClassRunner.java:50)
	at org.junit.runners.ParentRunner$3.run(ParentRunner.java:238)
	at org.junit.runners.ParentRunner$1.schedule(ParentRunner.java:63)
	at org.junit.runners.ParentRunner.runChildren(ParentRunner.java:236)
	at org.junit.runners.ParentRunner.access$000(ParentRunner.java:53)
	at org.junit.runners.ParentRunner$2.evaluate(ParentRunner.java:229)
	at org.junit.runners.ParentRunner.run(ParentRunner.java:309)
	at org.apache.maven.surefire.junit4.JUnit4Provider.execute(JUnit4Provider.java:365)
	at org.apache.maven.surefire.junit4.JUnit4Provider.executeWithRerun(JUnit4Provider.java:273)
	at org.apache.maven.surefire.junit4.JUnit4Provider.executeTestSet(JUnit4Provider.java:238)
	at org.apache.maven.surefire.junit4.JUnit4Provider.invoke(JUnit4Provider.java:159)
	at org.apache.maven.surefire.booter.ForkedBooter.invokeProviderInSameClassLoader(ForkedBooter.java:384)
	at org.apache.maven.surefire.booter.ForkedBooter.runSuitesInProcess(ForkedBooter.java:345)
	at org.apache.maven.surefire.booter.ForkedBooter.execute(ForkedBooter.java:126)
	at org.apache.maven.surefire.booter.ForkedBooter.main(ForkedBooter.java:418)
</error>
    <system-out><![CDATA[2019-08-30 07:34:04,783 [main] WARN  server.ServerUtils (ServerUtils.java:getScmDbDir(145)) - ozone.scm.db.dirs is not configured. We recommend adding this setting. Falling back to ozone.metadata.dirs instead.
2019-08-30 07:34:04,881 [main] WARN  server.ServerUtils (ServerUtils.java:getScmDbDir(145)) - ozone.scm.db.dirs is not configured. We recommend adding this setting. Falling back to ozone.metadata.dirs instead.
2019-08-30 07:34:04,884 [main] WARN  server.ServerUtils (ServerUtils.java:getScmDbDir(145)) - ozone.scm.db.dirs is not configured. We recommend adding this setting. Falling back to ozone.metadata.dirs instead.
2019-08-30 07:34:04,901 [main] INFO  util.log (Log.java:initialized(192)) - Logging initialized @828ms
2019-08-30 07:34:05,020 [main] INFO  db.DBStoreBuilder (DBStoreBuilder.java:addTable(110)) - using custom profile for table: deletedBlocks
2019-08-30 07:34:05,021 [main] INFO  db.DBStoreBuilder (DBStoreBuilder.java:processTables(161)) - Using default column profile:DBProfile.DISK for Table:deletedBlocks
2019-08-30 07:34:05,021 [main] INFO  db.DBStoreBuilder (DBStoreBuilder.java:addTable(110)) - using custom profile for table: validCerts
2019-08-30 07:34:05,022 [main] INFO  db.DBStoreBuilder (DBStoreBuilder.java:processTables(161)) - Using default column profile:DBProfile.DISK for Table:validCerts
2019-08-30 07:34:05,022 [main] INFO  db.DBStoreBuilder (DBStoreBuilder.java:addTable(110)) - using custom profile for table: revokedCerts
2019-08-30 07:34:05,022 [main] INFO  db.DBStoreBuilder (DBStoreBuilder.java:processTables(161)) - Using default column profile:DBProfile.DISK for Table:revokedCerts
2019-08-30 07:34:05,035 [main] INFO  db.DBStoreBuilder (DBStoreBuilder.java:addTable(110)) - using custom profile for table: default
2019-08-30 07:34:05,035 [main] INFO  db.DBStoreBuilder (DBStoreBuilder.java:processTables(167)) - Using default column profile:DBProfile.DISK for Table:default
2019-08-30 07:34:05,036 [main] INFO  db.DBStoreBuilder (DBStoreBuilder.java:getDbProfile(198)) - Using default options. DBProfile.DISK
2019-08-30 07:34:05,266 [main] INFO  net.NodeSchemaLoader (NodeSchemaLoader.java:loadSchemaFromFile(125)) - Loading file from sun.misc.CompoundEnumeration@56620197
2019-08-30 07:34:05,267 [main] INFO  net.NodeSchemaLoader (NodeSchemaLoader.java:loadSchema(171)) - Loading network topology layer schema file
2019-08-30 07:34:05,346 [main] INFO  node.SCMNodeManager (SCMNodeManager.java:<init>(122)) - Entering startup safe mode.
2019-08-30 07:34:05,424 [main] INFO  algorithms.ContainerPlacementPolicyFactory (ContainerPlacementPolicyFactory.java:getPolicy(55)) - Create container placement policy of type org.apache.hadoop.hdds.scm.container.placement.algorithms.SCMContainerPlacementRandom
2019-08-30 07:34:05,440 [main] WARN  server.ServerUtils (ServerUtils.java:getScmDbDir(145)) - ozone.scm.db.dirs is not configured. We recommend adding this setting. Falling back to ozone.metadata.dirs instead.
2019-08-30 07:34:05,520 [main] INFO  pipeline.SCMPipelineManager (SCMPipelineManager.java:initializePipelineState(126)) - No pipeline exists in current db
2019-08-30 07:34:05,522 [main] WARN  server.ServerUtils (ServerUtils.java:getScmDbDir(145)) - ozone.scm.db.dirs is not configured. We recommend adding this setting. Falling back to ozone.metadata.dirs instead.
2019-08-30 07:34:05,636 [main] WARN  events.EventQueue (EventQueue.java:fireEvent(175)) - No event handler registered for event TypedEvent{payloadType=SafeModeStatus, name='SafeModeStatus'}
2019-08-30 07:34:06,125 [main] INFO  ipc.CallQueueManager (CallQueueManager.java:<init>(84)) - Using callQueue: class java.util.concurrent.LinkedBlockingQueue, queueCapacity: 2000, scheduler: class org.apache.hadoop.ipc.DefaultRpcScheduler, ipcBackoff: false.
2019-08-30 07:34:06,406 [Socket Reader #1 for port 43657] INFO  ipc.Server (Server.java:run(1074)) - Starting Socket Reader #1 for port 43657
2019-08-30 07:34:06,445 [main] INFO  ipc.CallQueueManager (CallQueueManager.java:<init>(84)) - Using callQueue: class java.util.concurrent.LinkedBlockingQueue, queueCapacity: 2000, scheduler: class org.apache.hadoop.ipc.DefaultRpcScheduler, ipcBackoff: false.
2019-08-30 07:34:06,446 [Socket Reader #1 for port 35085] INFO  ipc.Server (Server.java:run(1074)) - Starting Socket Reader #1 for port 35085
2019-08-30 07:34:06,456 [main] INFO  ipc.CallQueueManager (CallQueueManager.java:<init>(84)) - Using callQueue: class java.util.concurrent.LinkedBlockingQueue, queueCapacity: 2000, scheduler: class org.apache.hadoop.ipc.DefaultRpcScheduler, ipcBackoff: false.
2019-08-30 07:34:06,457 [Socket Reader #1 for port 41145] INFO  ipc.Server (Server.java:run(1074)) - Starting Socket Reader #1 for port 41145
2019-08-30 07:34:06,482 [main] INFO  hdfs.DFSUtil (DFSUtil.java:httpServerTemplateForNNAndJN(1641)) - Starting Web-server for scm at: http://0.0.0.0:0
2019-08-30 07:34:06,621 [main] INFO  server.AuthenticationFilter (AuthenticationFilter.java:constructSecretProvider(240)) - Unable to initialize FileSignerSecretProvider, falling back to use random secrets.
2019-08-30 07:34:06,629 [main] WARN  http.HttpRequestLog (HttpRequestLog.java:getRequestLog(97)) - Jetty request log can only be enabled using Log4j
2019-08-30 07:34:06,636 [main] INFO  http.HttpServer2 (HttpServer2.java:addGlobalFilter(975)) - Added global filter 'safety' (class=org.apache.hadoop.http.HttpServer2$QuotingInputFilter)
2019-08-30 07:34:06,639 [main] INFO  http.HttpServer2 (HttpServer2.java:addFilter(948)) - Added filter static_user_filter (class=org.apache.hadoop.http.lib.StaticUserWebFilter$StaticUserFilter) to context scm
2019-08-30 07:34:06,639 [main] INFO  http.HttpServer2 (HttpServer2.java:addFilter(958)) - Added filter static_user_filter (class=org.apache.hadoop.http.lib.StaticUserWebFilter$StaticUserFilter) to context static
2019-08-30 07:34:06,639 [main] INFO  http.HttpServer2 (HttpServer2.java:addFilter(958)) - Added filter static_user_filter (class=org.apache.hadoop.http.lib.StaticUserWebFilter$StaticUserFilter) to context logs
2019-08-30 07:34:06,666 [main] INFO  server.StorageContainerManager (StorageContainerManager.java:start(759)) - StorageContainerLocationProtocol RPC server is listening at /0.0.0.0:41145
2019-08-30 07:34:06,722 [main] WARN  impl.MetricsConfig (MetricsConfig.java:loadFirst(134)) - Cannot locate configuration: tried hadoop-metrics2-storagecontainermanager.properties,hadoop-metrics2.properties
2019-08-30 07:34:06,734 [main] INFO  impl.MetricsSystemImpl (MetricsSystemImpl.java:startTimer(374)) - Scheduled Metric snapshot period at 10 second(s).
2019-08-30 07:34:06,734 [main] INFO  impl.MetricsSystemImpl (MetricsSystemImpl.java:start(191)) - StorageContainerManager metrics system started
2019-08-30 07:34:06,953 [main] INFO  server.SCMClientProtocolServer (SCMClientProtocolServer.java:start(151)) - RPC server for Client  is listening at /0.0.0.0:41145
2019-08-30 07:34:06,954 [IPC Server Responder] INFO  ipc.Server (Server.java:run(1314)) - IPC Server Responder: starting
2019-08-30 07:34:06,954 [IPC Server listener on 41145] INFO  ipc.Server (Server.java:run(1153)) - IPC Server listener on 41145: starting
2019-08-30 07:34:06,956 [main] INFO  server.StorageContainerManager (StorageContainerManager.java:start(769)) - ScmBlockLocationProtocol RPC server is listening at /0.0.0.0:35085
2019-08-30 07:34:06,956 [main] INFO  server.SCMBlockProtocolServer (SCMBlockProtocolServer.java:start(140)) - RPC server for Block Protocol is listening at /0.0.0.0:35085
2019-08-30 07:34:06,956 [IPC Server Responder] INFO  ipc.Server (Server.java:run(1314)) - IPC Server Responder: starting
2019-08-30 07:34:06,956 [IPC Server listener on 35085] INFO  ipc.Server (Server.java:run(1153)) - IPC Server listener on 35085: starting
2019-08-30 07:34:06,958 [main] INFO  server.StorageContainerManager (StorageContainerManager.java:start(773)) - ScmDatanodeProtocl RPC server is listening at /0.0.0.0:43657
2019-08-30 07:34:06,958 [main] INFO  server.SCMDatanodeProtocolServer (SCMDatanodeProtocolServer.java:start(191)) - RPC server for DataNodes is listening at /0.0.0.0:43657
2019-08-30 07:34:06,959 [IPC Server Responder] INFO  ipc.Server (Server.java:run(1314)) - IPC Server Responder: starting
2019-08-30 07:34:06,959 [IPC Server listener on 43657] INFO  ipc.Server (Server.java:run(1153)) - IPC Server listener on 43657: starting
2019-08-30 07:34:06,962 [main] INFO  http.HttpServer2 (HttpServer2.java:bindListener(1191)) - Jetty bound to port 42940
2019-08-30 07:34:06,964 [main] INFO  server.Server (Server.java:doStart(351)) - jetty-9.3.24.v20180605, build timestamp: 2018-06-05T17:11:56Z, git hash: 84205aa28f11a4f31f2a3b86d1bba2cc8ab69827
2019-08-30 07:34:06,999 [main] INFO  handler.ContextHandler (ContextHandler.java:doStart(781)) - Started o.e.j.s.ServletContextHandler@424fd310{/logs,file:///workdir/hadoop-ozone/integration-test/target/log,AVAILABLE}
2019-08-30 07:34:07,000 [main] INFO  handler.ContextHandler (ContextHandler.java:doStart(781)) - Started o.e.j.s.ServletContextHandler@38f116f6{/static,file:///workdir/hadoop-ozone/integration-test/target/test-classes/webapps/static,AVAILABLE}
2019-08-30 07:34:07,036 [main] INFO  handler.ContextHandler (ContextHandler.java:doStart(781)) - Started o.e.j.w.WebAppContext@5489c777{/,file:///workdir/hadoop-ozone/integration-test/target/test-classes/webapps/scm/,AVAILABLE}{/scm}
2019-08-30 07:34:07,043 [main] INFO  server.AbstractConnector (AbstractConnector.java:doStart(278)) - Started ServerConnector@2970a5bc{HTTP/1.1,[http/1.1]}{0.0.0.0:42940}
2019-08-30 07:34:07,044 [main] INFO  server.Server (Server.java:doStart(419)) - Started @2972ms
2019-08-30 07:34:07,046 [main] INFO  server.BaseHttpServer (BaseHttpServer.java:updateConnectorAddress(213)) - HTTP server of SCM is listening at http://0.0.0.0:42940
2019-08-30 07:34:07,052 [org.apache.hadoop.util.JvmPauseMonitor$Monitor@7c18432b] INFO  util.JvmPauseMonitor (JvmPauseMonitor.java:run(188)) - Starting JVM pause monitor
2019-08-30 07:34:07,055 [main] WARN  server.ServerUtils (ServerUtils.java:getDBPath(222)) - ozone.om.db.dirs is not configured. We recommend adding this setting. Falling back to ozone.metadata.dirs instead.
2019-08-30 07:34:07,223 [main] WARN  server.ServerUtils (ServerUtils.java:getDBPath(222)) - ozone.om.db.dirs is not configured. We recommend adding this setting. Falling back to ozone.metadata.dirs instead.
2019-08-30 07:34:07,224 [main] WARN  server.ServerUtils (ServerUtils.java:getDBPath(222)) - ozone.om.db.dirs is not configured. We recommend adding this setting. Falling back to ozone.metadata.dirs instead.
2019-08-30 07:34:07,225 [main] INFO  om.OzoneManager (OzoneManager.java:setOMNodeDetails(645)) - OM Service ID is not set. Setting it to the default ID: omServiceIdDefault
2019-08-30 07:34:07,225 [main] INFO  om.OzoneManager (OzoneManager.java:setOMNodeDetails(651)) - OM Node ID is not set. Setting it to the OmStorage's OmID: 12c455e3-0670-4406-8c05-8af39417c267
2019-08-30 07:34:07,227 [main] INFO  om.OzoneManager (OzoneManager.java:loadOMHAConfigs(602)) - Found matching OM address with OMServiceId: null, OMNodeId: null, RPC Address: localhost:0 and Ratis port: 9872
2019-08-30 07:34:07,490 | INFO  | SCMAudit | user=jenkins1000 | ip=192.168.5.156 | op=GET_SCM_INFO null | ret=SUCCESS |  
2019-08-30 07:34:07,970 [main] WARN  server.ServerUtils (ServerUtils.java:getDBPath(222)) - ozone.om.db.dirs is not configured. We recommend adding this setting. Falling back to ozone.metadata.dirs instead.
2019-08-30 07:34:07,977 [main] INFO  db.DBStoreBuilder (DBStoreBuilder.java:addTable(110)) - using custom profile for table: userTable
2019-08-30 07:34:07,977 [main] INFO  db.DBStoreBuilder (DBStoreBuilder.java:processTables(161)) - Using default column profile:DBProfile.DISK for Table:userTable
2019-08-30 07:34:07,977 [main] INFO  db.DBStoreBuilder (DBStoreBuilder.java:addTable(110)) - using custom profile for table: volumeTable
2019-08-30 07:34:07,977 [main] INFO  db.DBStoreBuilder (DBStoreBuilder.java:processTables(161)) - Using default column profile:DBProfile.DISK for Table:volumeTable
2019-08-30 07:34:07,978 [main] INFO  db.DBStoreBuilder (DBStoreBuilder.java:addTable(110)) - using custom profile for table: bucketTable
2019-08-30 07:34:07,978 [main] INFO  db.DBStoreBuilder (DBStoreBuilder.java:processTables(161)) - Using default column profile:DBProfile.DISK for Table:bucketTable
2019-08-30 07:34:07,978 [main] INFO  db.DBStoreBuilder (DBStoreBuilder.java:addTable(110)) - using custom profile for table: keyTable
2019-08-30 07:34:07,979 [main] INFO  db.DBStoreBuilder (DBStoreBuilder.java:processTables(161)) - Using default column profile:DBProfile.DISK for Table:keyTable
2019-08-30 07:34:07,979 [main] INFO  db.DBStoreBuilder (DBStoreBuilder.java:addTable(110)) - using custom profile for table: deletedTable
2019-08-30 07:34:07,979 [main] INFO  db.DBStoreBuilder (DBStoreBuilder.java:processTables(161)) - Using default column profile:DBProfile.DISK for Table:deletedTable
2019-08-30 07:34:07,979 [main] INFO  db.DBStoreBuilder (DBStoreBuilder.java:addTable(110)) - using custom profile for table: openKeyTable
2019-08-30 07:34:07,980 [main] INFO  db.DBStoreBuilder (DBStoreBuilder.java:processTables(161)) - Using default column profile:DBProfile.DISK for Table:openKeyTable
2019-08-30 07:34:07,980 [main] INFO  db.DBStoreBuilder (DBStoreBuilder.java:addTable(110)) - using custom profile for table: s3Table
2019-08-30 07:34:07,980 [main] INFO  db.DBStoreBuilder (DBStoreBuilder.java:processTables(161)) - Using default column profile:DBProfile.DISK for Table:s3Table
2019-08-30 07:34:07,980 [main] INFO  db.DBStoreBuilder (DBStoreBuilder.java:addTable(110)) - using custom profile for table: multipartInfoTable
2019-08-30 07:34:07,980 [main] INFO  db.DBStoreBuilder (DBStoreBuilder.java:processTables(161)) - Using default column profile:DBProfile.DISK for Table:multipartInfoTable
2019-08-30 07:34:07,981 [main] INFO  db.DBStoreBuilder (DBStoreBuilder.java:addTable(110)) - using custom profile for table: dTokenTable
2019-08-30 07:34:07,981 [main] INFO  db.DBStoreBuilder (DBStoreBuilder.java:processTables(161)) - Using default column profile:DBProfile.DISK for Table:dTokenTable
2019-08-30 07:34:07,981 [main] INFO  db.DBStoreBuilder (DBStoreBuilder.java:addTable(110)) - using custom profile for table: s3SecretTable
2019-08-30 07:34:07,981 [main] INFO  db.DBStoreBuilder (DBStoreBuilder.java:processTables(161)) - Using default column profile:DBProfile.DISK for Table:s3SecretTable
2019-08-30 07:34:07,982 [main] INFO  db.DBStoreBuilder (DBStoreBuilder.java:addTable(110)) - using custom profile for table: prefixTable
2019-08-30 07:34:07,982 [main] INFO  db.DBStoreBuilder (DBStoreBuilder.java:processTables(161)) - Using default column profile:DBProfile.DISK for Table:prefixTable
2019-08-30 07:34:07,982 [main] INFO  db.DBStoreBuilder (DBStoreBuilder.java:addTable(110)) - using custom profile for table: default
2019-08-30 07:34:07,982 [main] INFO  db.DBStoreBuilder (DBStoreBuilder.java:processTables(167)) - Using default column profile:DBProfile.DISK for Table:default
2019-08-30 07:34:07,983 [main] INFO  db.DBStoreBuilder (DBStoreBuilder.java:getDbProfile(198)) - Using default options. DBProfile.DISK
2019-08-30 07:34:10,450 [main] INFO  ipc.CallQueueManager (CallQueueManager.java:<init>(84)) - Using callQueue: class java.util.concurrent.LinkedBlockingQueue, queueCapacity: 2000, scheduler: class org.apache.hadoop.ipc.DefaultRpcScheduler, ipcBackoff: false.
2019-08-30 07:34:10,451 [Socket Reader #1 for port 46530] INFO  ipc.Server (Server.java:run(1074)) - Starting Socket Reader #1 for port 46530
2019-08-30 07:34:10,473 [main] INFO  om.OzoneManager (OzoneManager.java:start(1256)) - OzoneManager RPC server is listening at localhost/127.0.0.1:46530
2019-08-30 07:34:10,473 [main] INFO  impl.MetricsSystemImpl (MetricsSystemImpl.java:init(158)) - OzoneManager metrics system started (again)
2019-08-30 07:34:10,475 [IPC Server Responder] INFO  ipc.Server (Server.java:run(1314)) - IPC Server Responder: starting
2019-08-30 07:34:10,475 [IPC Server listener on 46530] INFO  ipc.Server (Server.java:run(1153)) - IPC Server listener on 46530: starting
2019-08-30 07:34:10,481 [main] INFO  hdfs.DFSUtil (DFSUtil.java:httpServerTemplateForNNAndJN(1641)) - Starting Web-server for ozoneManager at: http://0.0.0.0:0
2019-08-30 07:34:10,483 [main] INFO  server.AuthenticationFilter (AuthenticationFilter.java:constructSecretProvider(240)) - Unable to initialize FileSignerSecretProvider, falling back to use random secrets.
2019-08-30 07:34:10,484 [main] WARN  http.HttpRequestLog (HttpRequestLog.java:getRequestLog(97)) - Jetty request log can only be enabled using Log4j
2019-08-30 07:34:10,486 [main] INFO  http.HttpServer2 (HttpServer2.java:addGlobalFilter(975)) - Added global filter 'safety' (class=org.apache.hadoop.http.HttpServer2$QuotingInputFilter)
2019-08-30 07:34:10,487 [main] INFO  http.HttpServer2 (HttpServer2.java:addFilter(948)) - Added filter static_user_filter (class=org.apache.hadoop.http.lib.StaticUserWebFilter$StaticUserFilter) to context ozoneManager
2019-08-30 07:34:10,487 [main] INFO  http.HttpServer2 (HttpServer2.java:addFilter(958)) - Added filter static_user_filter (class=org.apache.hadoop.http.lib.StaticUserWebFilter$StaticUserFilter) to context logs
2019-08-30 07:34:10,487 [main] INFO  http.HttpServer2 (HttpServer2.java:addFilter(958)) - Added filter static_user_filter (class=org.apache.hadoop.http.lib.StaticUserWebFilter$StaticUserFilter) to context static
2019-08-30 07:34:10,679 [main] INFO  http.HttpServer2 (HttpServer2.java:bindListener(1191)) - Jetty bound to port 41223
2019-08-30 07:34:10,679 [main] INFO  server.Server (Server.java:doStart(351)) - jetty-9.3.24.v20180605, build timestamp: 2018-06-05T17:11:56Z, git hash: 84205aa28f11a4f31f2a3b86d1bba2cc8ab69827
2019-08-30 07:34:10,682 [main] INFO  handler.ContextHandler (ContextHandler.java:doStart(781)) - Started o.e.j.s.ServletContextHandler@4d74c3ba{/logs,file:///workdir/hadoop-ozone/integration-test/target/log,AVAILABLE}
2019-08-30 07:34:10,685 [main] INFO  handler.ContextHandler (ContextHandler.java:doStart(781)) - Started o.e.j.s.ServletContextHandler@64138b0c{/static,file:///workdir/hadoop-ozone/integration-test/target/test-classes/webapps/static,AVAILABLE}
2019-08-30 07:34:10,696 [main] INFO  handler.ContextHandler (ContextHandler.java:doStart(781)) - Started o.e.j.w.WebAppContext@69c93ca4{/,file:///workdir/hadoop-ozone/integration-test/target/test-classes/webapps/ozoneManager/,AVAILABLE}{/ozoneManager}
2019-08-30 07:34:10,697 [main] INFO  server.AbstractConnector (AbstractConnector.java:doStart(278)) - Started ServerConnector@63da207f{HTTP/1.1,[http/1.1]}{0.0.0.0:41223}
2019-08-30 07:34:10,700 [main] INFO  server.Server (Server.java:doStart(419)) - Started @6627ms
2019-08-30 07:34:10,701 [main] INFO  server.BaseHttpServer (BaseHttpServer.java:updateConnectorAddress(213)) - HTTP server of OZONEMANAGER is listening at http://0.0.0.0:41223
2019-08-30 07:34:10,901 [main] INFO  impl.MetricsSystemImpl (MetricsSystemImpl.java:init(158)) - HddsDatanode metrics system started (again)
2019-08-30 07:34:11,605 [main] INFO  ozone.HddsDatanodeService (HddsDatanodeService.java:start(184)) - HddsDatanodeService host:pr-hdds-1569-5th2c-4253854396 ip:192.168.5.156
2019-08-30 07:34:11,636 [main] INFO  volume.HddsVolume (HddsVolume.java:<init>(176)) - Creating Volume: /workdir/hadoop-ozone/integration-test/target/test-dir/MiniOzoneClusterImpl-e2a0042e-8006-48d2-a527-f4f759a7d1b5/datanode-0/data/containers/hdds of  storage type : DISK and capacity : 1482555576320
2019-08-30 07:34:11,637 [main] INFO  volume.VolumeSet (VolumeSet.java:initializeVolumeSet(170)) - Added Volume : /workdir/hadoop-ozone/integration-test/target/test-dir/MiniOzoneClusterImpl-e2a0042e-8006-48d2-a527-f4f759a7d1b5/datanode-0/data/containers/hdds to VolumeSet
2019-08-30 07:34:11,640 [main] INFO  volume.ThrottledAsyncChecker (ThrottledAsyncChecker.java:schedule(140)) - Scheduling a check for org.apache.hadoop.ozone.container.common.volume.HddsVolume@116a2108
2019-08-30 07:34:11,660 [main] INFO  volume.HddsVolumeChecker (HddsVolumeChecker.java:checkAllVolumes(203)) - Scheduled health check for volume org.apache.hadoop.ozone.container.common.volume.HddsVolume@116a2108
2019-08-30 07:34:11,782 [main] INFO  impl.RaftServerProxy (ConfUtils.java:logGet(43)) - raft.rpc.type = GRPC (default)
2019-08-30 07:34:11,851 [main] INFO  grpc.GrpcFactory (GrpcFactory.java:checkPooledByteBufAllocatorUseCacheForAllThreads(45)) - PERFORMANCE WARNING: useCacheForAllThreads is true that may cause Netty to create a lot garbage objects and, as a result, trigger GC.
	It is recommended to disable useCacheForAllThreads by setting -Dorg.apache.ratis.thirdparty.io.netty.allocator.useCacheForAllThreads=false in command line.
2019-08-30 07:34:11,855 [main] INFO  grpc.GrpcConfigKeys$Server (ConfUtils.java:logGet(43)) - raft.grpc.server.port = 0 (default)
2019-08-30 07:34:11,856 [main] INFO  server.GrpcService (ConfUtils.java:logGet(43)) - raft.grpc.message.size.max = 33570816 (custom)
2019-08-30 07:34:11,858 [main] INFO  server.RaftServerConfigKeys (ConfUtils.java:logGet(43)) - raft.server.log.appender.buffer.byte-limit = 33554432 (custom)
2019-08-30 07:34:11,859 [main] INFO  server.GrpcService (ConfUtils.java:logGet(43)) - raft.grpc.flow.control.window = 1MB (=1048576) (default)
2019-08-30 07:34:11,859 [main] INFO  server.RaftServerConfigKeys (ConfUtils.java:logGet(43)) - raft.server.rpc.request.timeout = 3000ms (default)
2019-08-30 07:34:12,005 [main] INFO  server.RaftServerConfigKeys (ConfUtils.java:logGet(43)) - raft.server.storage.dir = [/workdir/hadoop-ozone/integration-test/target/test-dir/MiniOzoneClusterImpl-e2a0042e-8006-48d2-a527-f4f759a7d1b5/datanode-0/data/ratis] (custom)
2019-08-30 07:34:12,039 [main] INFO  replication.SimpleContainerDownloader (SimpleContainerDownloader.java:<init>(72)) - Starting container downloader service to copy containers to replicate.
2019-08-30 07:34:12,051 [main] INFO  hdfs.DFSUtil (DFSUtil.java:httpServerTemplateForNNAndJN(1641)) - Starting Web-server for hddsDatanode at: http://0.0.0.0:0
2019-08-30 07:34:12,054 [main] INFO  server.AuthenticationFilter (AuthenticationFilter.java:constructSecretProvider(240)) - Unable to initialize FileSignerSecretProvider, falling back to use random secrets.
2019-08-30 07:34:12,055 [main] WARN  http.HttpRequestLog (HttpRequestLog.java:getRequestLog(97)) - Jetty request log can only be enabled using Log4j
2019-08-30 07:34:12,058 [main] INFO  http.HttpServer2 (HttpServer2.java:addGlobalFilter(975)) - Added global filter 'safety' (class=org.apache.hadoop.http.HttpServer2$QuotingInputFilter)
2019-08-30 07:34:12,059 [main] INFO  http.HttpServer2 (HttpServer2.java:addFilter(948)) - Added filter static_user_filter (class=org.apache.hadoop.http.lib.StaticUserWebFilter$StaticUserFilter) to context hddsDatanode
2019-08-30 07:34:12,059 [main] INFO  http.HttpServer2 (HttpServer2.java:addFilter(958)) - Added filter static_user_filter (class=org.apache.hadoop.http.lib.StaticUserWebFilter$StaticUserFilter) to context static
2019-08-30 07:34:12,059 [main] INFO  http.HttpServer2 (HttpServer2.java:addFilter(958)) - Added filter static_user_filter (class=org.apache.hadoop.http.lib.StaticUserWebFilter$StaticUserFilter) to context logs
2019-08-30 07:34:12,061 [main] INFO  http.HttpServer2 (HttpServer2.java:bindListener(1191)) - Jetty bound to port 35137
2019-08-30 07:34:12,061 [main] INFO  server.Server (Server.java:doStart(351)) - jetty-9.3.24.v20180605, build timestamp: 2018-06-05T17:11:56Z, git hash: 84205aa28f11a4f31f2a3b86d1bba2cc8ab69827
2019-08-30 07:34:12,064 [main] INFO  handler.ContextHandler (ContextHandler.java:doStart(781)) - Started o.e.j.s.ServletContextHandler@17fa1336{/logs,file:///workdir/hadoop-ozone/integration-test/target/log,AVAILABLE}
2019-08-30 07:34:12,064 [main] INFO  handler.ContextHandler (ContextHandler.java:doStart(781)) - Started o.e.j.s.ServletContextHandler@68b9834c{/static,jar:file:/home/user/.m2/repository/org/apache/hadoop/hadoop-hdds-container-service/0.5.0-SNAPSHOT/hadoop-hdds-container-service-0.5.0-SNAPSHOT.jar!/webapps/static,AVAILABLE}
2019-08-30 07:34:12,107 [main] INFO  handler.ContextHandler (ContextHandler.java:doStart(781)) - Started o.e.j.w.WebAppContext@934b52f{/,file:///tmp/jetty-0.0.0.0-35137-hddsDatanode-_-any-5014927126592531256.dir/webapp/,AVAILABLE}{/hddsDatanode}
2019-08-30 07:34:12,108 [main] INFO  server.AbstractConnector (AbstractConnector.java:doStart(278)) - Started ServerConnector@2630dbc4{HTTP/1.1,[http/1.1]}{0.0.0.0:35137}
2019-08-30 07:34:12,109 [main] INFO  server.Server (Server.java:doStart(419)) - Started @8037ms
2019-08-30 07:34:12,111 [main] INFO  server.BaseHttpServer (BaseHttpServer.java:updateConnectorAddress(213)) - HTTP server of HDDSDATANODE is listening at http://0.0.0.0:35137
2019-08-30 07:34:13,166 | INFO  | ObjectStoreRestHttpServer | Listening HDDS REST traffic on /0.0.0.0:37833 |  
2019-08-30 07:34:13,167 [main] INFO  ozone.HddsDatanodeService (HddsDatanodeService.java:startPlugins(395)) - Started plug-in org.apache.hadoop.ozone.web.OzoneHddsDatanodeService@798cb6d9
2019-08-30 07:34:13,168 [main] INFO  impl.MetricsSystemImpl (MetricsSystemImpl.java:init(158)) - HddsDatanode metrics system started (again)
2019-08-30 07:34:13,171 [main] INFO  ozone.HddsDatanodeService (HddsDatanodeService.java:start(184)) - HddsDatanodeService host:pr-hdds-1569-5th2c-4253854396 ip:192.168.5.156
2019-08-30 07:34:13,175 [org.apache.hadoop.util.JvmPauseMonitor$Monitor@49d77ff8] INFO  util.JvmPauseMonitor (JvmPauseMonitor.java:run(188)) - Starting JVM pause monitor
2019-08-30 07:34:13,180 [main] INFO  volume.HddsVolume (HddsVolume.java:<init>(176)) - Creating Volume: /workdir/hadoop-ozone/integration-test/target/test-dir/MiniOzoneClusterImpl-e2a0042e-8006-48d2-a527-f4f759a7d1b5/datanode-1/data/containers/hdds of  storage type : DISK and capacity : 1482555576320
2019-08-30 07:34:13,181 [main] INFO  volume.VolumeSet (VolumeSet.java:initializeVolumeSet(170)) - Added Volume : /workdir/hadoop-ozone/integration-test/target/test-dir/MiniOzoneClusterImpl-e2a0042e-8006-48d2-a527-f4f759a7d1b5/datanode-1/data/containers/hdds to VolumeSet
2019-08-30 07:34:13,181 [main] INFO  volume.ThrottledAsyncChecker (ThrottledAsyncChecker.java:schedule(140)) - Scheduling a check for org.apache.hadoop.ozone.container.common.volume.HddsVolume@3d3a1903
2019-08-30 07:34:13,183 [main] INFO  volume.HddsVolumeChecker (HddsVolumeChecker.java:checkAllVolumes(203)) - Scheduled health check for volume org.apache.hadoop.ozone.container.common.volume.HddsVolume@3d3a1903
2019-08-30 07:34:13,205 [main] INFO  impl.RaftServerProxy (ConfUtils.java:logGet(43)) - raft.rpc.type = GRPC (default)
2019-08-30 07:34:13,205 [main] INFO  grpc.GrpcFactory (GrpcFactory.java:checkPooledByteBufAllocatorUseCacheForAllThreads(45)) - PERFORMANCE WARNING: useCacheForAllThreads is true that may cause Netty to create a lot garbage objects and, as a result, trigger GC.
	It is recommended to disable useCacheForAllThreads by setting -Dorg.apache.ratis.thirdparty.io.netty.allocator.useCacheForAllThreads=false in command line.
2019-08-30 07:34:13,207 [main] INFO  grpc.GrpcConfigKeys$Server (ConfUtils.java:logGet(43)) - raft.grpc.server.port = 0 (default)
2019-08-30 07:34:13,207 [main] INFO  server.GrpcService (ConfUtils.java:logGet(43)) - raft.grpc.message.size.max = 33570816 (custom)
2019-08-30 07:34:13,207 [main] INFO  server.RaftServerConfigKeys (ConfUtils.java:logGet(43)) - raft.server.log.appender.buffer.byte-limit = 33554432 (custom)
2019-08-30 07:34:13,208 [main] INFO  server.GrpcService (ConfUtils.java:logGet(43)) - raft.grpc.flow.control.window = 1MB (=1048576) (default)
2019-08-30 07:34:13,208 [main] INFO  server.RaftServerConfigKeys (ConfUtils.java:logGet(43)) - raft.server.rpc.request.timeout = 3000ms (default)
2019-08-30 07:34:13,209 [main] INFO  server.RaftServerConfigKeys (ConfUtils.java:logGet(43)) - raft.server.storage.dir = [/workdir/hadoop-ozone/integration-test/target/test-dir/MiniOzoneClusterImpl-e2a0042e-8006-48d2-a527-f4f759a7d1b5/datanode-1/data/ratis] (custom)
2019-08-30 07:34:13,209 [main] INFO  replication.SimpleContainerDownloader (SimpleContainerDownloader.java:<init>(72)) - Starting container downloader service to copy containers to replicate.
2019-08-30 07:34:13,211 [main] INFO  hdfs.DFSUtil (DFSUtil.java:httpServerTemplateForNNAndJN(1641)) - Starting Web-server for hddsDatanode at: http://0.0.0.0:0
2019-08-30 07:34:13,212 [main] INFO  server.AuthenticationFilter (AuthenticationFilter.java:constructSecretProvider(240)) - Unable to initialize FileSignerSecretProvider, falling back to use random secrets.
2019-08-30 07:34:13,214 [main] WARN  http.HttpRequestLog (HttpRequestLog.java:getRequestLog(97)) - Jetty request log can only be enabled using Log4j
2019-08-30 07:34:13,215 [main] INFO  http.HttpServer2 (HttpServer2.java:addGlobalFilter(975)) - Added global filter 'safety' (class=org.apache.hadoop.http.HttpServer2$QuotingInputFilter)
2019-08-30 07:34:13,215 [main] INFO  http.HttpServer2 (HttpServer2.java:addFilter(948)) - Added filter static_user_filter (class=org.apache.hadoop.http.lib.StaticUserWebFilter$StaticUserFilter) to context hddsDatanode
2019-08-30 07:34:13,216 [main] INFO  http.HttpServer2 (HttpServer2.java:addFilter(958)) - Added filter static_user_filter (class=org.apache.hadoop.http.lib.StaticUserWebFilter$StaticUserFilter) to context logs
2019-08-30 07:34:13,216 [main] INFO  http.HttpServer2 (HttpServer2.java:addFilter(958)) - Added filter static_user_filter (class=org.apache.hadoop.http.lib.StaticUserWebFilter$StaticUserFilter) to context static
2019-08-30 07:34:13,217 [main] INFO  http.HttpServer2 (HttpServer2.java:bindListener(1191)) - Jetty bound to port 44598
2019-08-30 07:34:13,217 [main] INFO  server.Server (Server.java:doStart(351)) - jetty-9.3.24.v20180605, build timestamp: 2018-06-05T17:11:56Z, git hash: 84205aa28f11a4f31f2a3b86d1bba2cc8ab69827
2019-08-30 07:34:13,220 [main] INFO  handler.ContextHandler (ContextHandler.java:doStart(781)) - Started o.e.j.s.ServletContextHandler@68af87ad{/logs,file:///workdir/hadoop-ozone/integration-test/target/log,AVAILABLE}
2019-08-30 07:34:13,220 [main] INFO  handler.ContextHandler (ContextHandler.java:doStart(781)) - Started o.e.j.s.ServletContextHandler@9cfc77{/static,jar:file:/home/user/.m2/repository/org/apache/hadoop/hadoop-hdds-container-service/0.5.0-SNAPSHOT/hadoop-hdds-container-service-0.5.0-SNAPSHOT.jar!/webapps/static,AVAILABLE}
2019-08-30 07:34:13,246 [main] INFO  handler.ContextHandler (ContextHandler.java:doStart(781)) - Started o.e.j.w.WebAppContext@5234b61a{/,file:///tmp/jetty-0.0.0.0-44598-hddsDatanode-_-any-4477203890636372041.dir/webapp/,AVAILABLE}{/hddsDatanode}
2019-08-30 07:34:13,248 [main] INFO  server.AbstractConnector (AbstractConnector.java:doStart(278)) - Started ServerConnector@22a260ff{HTTP/1.1,[http/1.1]}{0.0.0.0:44598}
2019-08-30 07:34:13,250 [main] INFO  server.Server (Server.java:doStart(419)) - Started @9178ms
2019-08-30 07:34:13,251 [main] INFO  server.BaseHttpServer (BaseHttpServer.java:updateConnectorAddress(213)) - HTTP server of HDDSDATANODE is listening at http://0.0.0.0:44598
2019-08-30 07:34:13,392 | INFO  | ObjectStoreRestHttpServer | Listening HDDS REST traffic on /0.0.0.0:46542 |  
2019-08-30 07:34:13,392 [main] INFO  ozone.HddsDatanodeService (HddsDatanodeService.java:startPlugins(395)) - Started plug-in org.apache.hadoop.ozone.web.OzoneHddsDatanodeService@5d1d9d73
2019-08-30 07:34:13,392 [main] INFO  impl.MetricsSystemImpl (MetricsSystemImpl.java:init(158)) - HddsDatanode metrics system started (again)
2019-08-30 07:34:13,395 [main] INFO  ozone.HddsDatanodeService (HddsDatanodeService.java:start(184)) - HddsDatanodeService host:pr-hdds-1569-5th2c-4253854396 ip:192.168.5.156
2019-08-30 07:34:13,395 [org.apache.hadoop.util.JvmPauseMonitor$Monitor@684e5488] INFO  util.JvmPauseMonitor (JvmPauseMonitor.java:run(188)) - Starting JVM pause monitor
2019-08-30 07:34:13,402 [main] INFO  volume.HddsVolume (HddsVolume.java:<init>(176)) - Creating Volume: /workdir/hadoop-ozone/integration-test/target/test-dir/MiniOzoneClusterImpl-e2a0042e-8006-48d2-a527-f4f759a7d1b5/datanode-2/data/containers/hdds of  storage type : DISK and capacity : 1482555576320
2019-08-30 07:34:13,525 [main] INFO  volume.VolumeSet (VolumeSet.java:initializeVolumeSet(170)) - Added Volume : /workdir/hadoop-ozone/integration-test/target/test-dir/MiniOzoneClusterImpl-e2a0042e-8006-48d2-a527-f4f759a7d1b5/datanode-2/data/containers/hdds to VolumeSet
2019-08-30 07:34:13,525 [main] INFO  volume.ThrottledAsyncChecker (ThrottledAsyncChecker.java:schedule(140)) - Scheduling a check for org.apache.hadoop.ozone.container.common.volume.HddsVolume@6dcab9d9
2019-08-30 07:34:13,526 [main] INFO  volume.HddsVolumeChecker (HddsVolumeChecker.java:checkAllVolumes(203)) - Scheduled health check for volume org.apache.hadoop.ozone.container.common.volume.HddsVolume@6dcab9d9
2019-08-30 07:34:13,526 [Datanode State Machine Thread - 0] INFO  datanode.InitDatanodeState (InitDatanodeState.java:persistContainerDatanodeDetails(140)) - DatanodeDetails is persisted to /workdir/hadoop-ozone/integration-test/target/test-dir/MiniOzoneClusterImpl-e2a0042e-8006-48d2-a527-f4f759a7d1b5/datanode-0/meta/datanode.id
2019-08-30 07:34:13,532 [Datanode State Machine Thread - 0] INFO  datanode.InitDatanodeState (InitDatanodeState.java:persistContainerDatanodeDetails(140)) - DatanodeDetails is persisted to /workdir/hadoop-ozone/integration-test/target/test-dir/MiniOzoneClusterImpl-e2a0042e-8006-48d2-a527-f4f759a7d1b5/datanode-1/meta/datanode.id
2019-08-30 07:34:13,551 [main] INFO  impl.RaftServerProxy (ConfUtils.java:logGet(43)) - raft.rpc.type = GRPC (default)
2019-08-30 07:34:13,551 [main] INFO  grpc.GrpcFactory (GrpcFactory.java:checkPooledByteBufAllocatorUseCacheForAllThreads(45)) - PERFORMANCE WARNING: useCacheForAllThreads is true that may cause Netty to create a lot garbage objects and, as a result, trigger GC.
	It is recommended to disable useCacheForAllThreads by setting -Dorg.apache.ratis.thirdparty.io.netty.allocator.useCacheForAllThreads=false in command line.
2019-08-30 07:34:13,552 [main] INFO  grpc.GrpcConfigKeys$Server (ConfUtils.java:logGet(43)) - raft.grpc.server.port = 0 (default)
2019-08-30 07:34:13,552 [main] INFO  server.GrpcService (ConfUtils.java:logGet(43)) - raft.grpc.message.size.max = 33570816 (custom)
2019-08-30 07:34:13,552 [main] INFO  server.RaftServerConfigKeys (ConfUtils.java:logGet(43)) - raft.server.log.appender.buffer.byte-limit = 33554432 (custom)
2019-08-30 07:34:13,553 [main] INFO  server.GrpcService (ConfUtils.java:logGet(43)) - raft.grpc.flow.control.window = 1MB (=1048576) (default)
2019-08-30 07:34:13,553 [main] INFO  server.RaftServerConfigKeys (ConfUtils.java:logGet(43)) - raft.server.rpc.request.timeout = 3000ms (default)
2019-08-30 07:34:13,554 [main] INFO  server.RaftServerConfigKeys (ConfUtils.java:logGet(43)) - raft.server.storage.dir = [/workdir/hadoop-ozone/integration-test/target/test-dir/MiniOzoneClusterImpl-e2a0042e-8006-48d2-a527-f4f759a7d1b5/datanode-2/data/ratis] (custom)
2019-08-30 07:34:13,555 [main] INFO  replication.SimpleContainerDownloader (SimpleContainerDownloader.java:<init>(72)) - Starting container downloader service to copy containers to replicate.
2019-08-30 07:34:13,557 [main] INFO  hdfs.DFSUtil (DFSUtil.java:httpServerTemplateForNNAndJN(1641)) - Starting Web-server for hddsDatanode at: http://0.0.0.0:0
2019-08-30 07:34:13,559 [main] INFO  server.AuthenticationFilter (AuthenticationFilter.java:constructSecretProvider(240)) - Unable to initialize FileSignerSecretProvider, falling back to use random secrets.
2019-08-30 07:34:13,559 [main] WARN  http.HttpRequestLog (HttpRequestLog.java:getRequestLog(97)) - Jetty request log can only be enabled using Log4j
2019-08-30 07:34:13,561 [main] INFO  http.HttpServer2 (HttpServer2.java:addGlobalFilter(975)) - Added global filter 'safety' (class=org.apache.hadoop.http.HttpServer2$QuotingInputFilter)
2019-08-30 07:34:13,562 [main] INFO  http.HttpServer2 (HttpServer2.java:addFilter(948)) - Added filter static_user_filter (class=org.apache.hadoop.http.lib.StaticUserWebFilter$StaticUserFilter) to context hddsDatanode
2019-08-30 07:34:13,562 [main] INFO  http.HttpServer2 (HttpServer2.java:addFilter(958)) - Added filter static_user_filter (class=org.apache.hadoop.http.lib.StaticUserWebFilter$StaticUserFilter) to context static
2019-08-30 07:34:13,563 [main] INFO  http.HttpServer2 (HttpServer2.java:addFilter(958)) - Added filter static_user_filter (class=org.apache.hadoop.http.lib.StaticUserWebFilter$StaticUserFilter) to context logs
2019-08-30 07:34:13,564 [main] INFO  http.HttpServer2 (HttpServer2.java:bindListener(1191)) - Jetty bound to port 36352
2019-08-30 07:34:13,564 [main] INFO  server.Server (Server.java:doStart(351)) - jetty-9.3.24.v20180605, build timestamp: 2018-06-05T17:11:56Z, git hash: 84205aa28f11a4f31f2a3b86d1bba2cc8ab69827
2019-08-30 07:34:13,567 [main] INFO  handler.ContextHandler (ContextHandler.java:doStart(781)) - Started o.e.j.s.ServletContextHandler@17c0274c{/logs,file:///workdir/hadoop-ozone/integration-test/target/log,AVAILABLE}
2019-08-30 07:34:13,568 [main] INFO  handler.ContextHandler (ContextHandler.java:doStart(781)) - Started o.e.j.s.ServletContextHandler@5a05dd30{/static,jar:file:/home/user/.m2/repository/org/apache/hadoop/hadoop-hdds-container-service/0.5.0-SNAPSHOT/hadoop-hdds-container-service-0.5.0-SNAPSHOT.jar!/webapps/static,AVAILABLE}
2019-08-30 07:34:13,612 [main] INFO  handler.ContextHandler (ContextHandler.java:doStart(781)) - Started o.e.j.w.WebAppContext@5b1e88f{/,file:///tmp/jetty-0.0.0.0-36352-hddsDatanode-_-any-7744217623622318862.dir/webapp/,AVAILABLE}{/hddsDatanode}
2019-08-30 07:34:13,614 [main] INFO  server.AbstractConnector (AbstractConnector.java:doStart(278)) - Started ServerConnector@340cb97f{HTTP/1.1,[http/1.1]}{0.0.0.0:36352}
2019-08-30 07:34:13,614 [main] INFO  server.Server (Server.java:doStart(419)) - Started @9542ms
2019-08-30 07:34:13,615 [main] INFO  server.BaseHttpServer (BaseHttpServer.java:updateConnectorAddress(213)) - HTTP server of HDDSDATANODE is listening at http://0.0.0.0:36352
2019-08-30 07:34:13,759 | INFO  | ObjectStoreRestHttpServer | Listening HDDS REST traffic on /0.0.0.0:34280 |  
2019-08-30 07:34:13,760 [main] INFO  ozone.HddsDatanodeService (HddsDatanodeService.java:startPlugins(395)) - Started plug-in org.apache.hadoop.ozone.web.OzoneHddsDatanodeService@703fa45
2019-08-30 07:34:13,760 [main] INFO  impl.MetricsSystemImpl (MetricsSystemImpl.java:init(158)) - HddsDatanode metrics system started (again)
2019-08-30 07:34:13,763 [org.apache.hadoop.util.JvmPauseMonitor$Monitor@56887350] INFO  util.JvmPauseMonitor (JvmPauseMonitor.java:run(188)) - Starting JVM pause monitor
2019-08-30 07:34:13,763 [main] INFO  ozone.HddsDatanodeService (HddsDatanodeService.java:start(184)) - HddsDatanodeService host:pr-hdds-1569-5th2c-4253854396 ip:192.168.5.156
2019-08-30 07:34:13,766 [Datanode State Machine Thread - 0] INFO  datanode.InitDatanodeState (InitDatanodeState.java:persistContainerDatanodeDetails(140)) - DatanodeDetails is persisted to /workdir/hadoop-ozone/integration-test/target/test-dir/MiniOzoneClusterImpl-e2a0042e-8006-48d2-a527-f4f759a7d1b5/datanode-2/meta/datanode.id
2019-08-30 07:34:13,770 [main] INFO  volume.HddsVolume (HddsVolume.java:<init>(176)) - Creating Volume: /workdir/hadoop-ozone/integration-test/target/test-dir/MiniOzoneClusterImpl-e2a0042e-8006-48d2-a527-f4f759a7d1b5/datanode-3/data/containers/hdds of  storage type : DISK and capacity : 1482555576320
2019-08-30 07:34:13,770 [main] INFO  volume.VolumeSet (VolumeSet.java:initializeVolumeSet(170)) - Added Volume : /workdir/hadoop-ozone/integration-test/target/test-dir/MiniOzoneClusterImpl-e2a0042e-8006-48d2-a527-f4f759a7d1b5/datanode-3/data/containers/hdds to VolumeSet
2019-08-30 07:34:13,771 [main] INFO  volume.ThrottledAsyncChecker (ThrottledAsyncChecker.java:schedule(140)) - Scheduling a check for org.apache.hadoop.ozone.container.common.volume.HddsVolume@6b1321b7
2019-08-30 07:34:13,771 [main] INFO  volume.HddsVolumeChecker (HddsVolumeChecker.java:checkAllVolumes(203)) - Scheduled health check for volume org.apache.hadoop.ozone.container.common.volume.HddsVolume@6b1321b7
2019-08-30 07:34:13,786 [main] INFO  impl.RaftServerProxy (ConfUtils.java:logGet(43)) - raft.rpc.type = GRPC (default)
2019-08-30 07:34:13,786 [main] INFO  grpc.GrpcFactory (GrpcFactory.java:checkPooledByteBufAllocatorUseCacheForAllThreads(45)) - PERFORMANCE WARNING: useCacheForAllThreads is true that may cause Netty to create a lot garbage objects and, as a result, trigger GC.
	It is recommended to disable useCacheForAllThreads by setting -Dorg.apache.ratis.thirdparty.io.netty.allocator.useCacheForAllThreads=false in command line.
2019-08-30 07:34:13,786 [main] INFO  grpc.GrpcConfigKeys$Server (ConfUtils.java:logGet(43)) - raft.grpc.server.port = 0 (default)
2019-08-30 07:34:13,787 [main] INFO  server.GrpcService (ConfUtils.java:logGet(43)) - raft.grpc.message.size.max = 33570816 (custom)
2019-08-30 07:34:13,787 [main] INFO  server.RaftServerConfigKeys (ConfUtils.java:logGet(43)) - raft.server.log.appender.buffer.byte-limit = 33554432 (custom)
2019-08-30 07:34:13,787 [main] INFO  server.GrpcService (ConfUtils.java:logGet(43)) - raft.grpc.flow.control.window = 1MB (=1048576) (default)
2019-08-30 07:34:13,787 [main] INFO  server.RaftServerConfigKeys (ConfUtils.java:logGet(43)) - raft.server.rpc.request.timeout = 3000ms (default)
2019-08-30 07:34:13,788 [main] INFO  server.RaftServerConfigKeys (ConfUtils.java:logGet(43)) - raft.server.storage.dir = [/workdir/hadoop-ozone/integration-test/target/test-dir/MiniOzoneClusterImpl-e2a0042e-8006-48d2-a527-f4f759a7d1b5/datanode-3/data/ratis] (custom)
2019-08-30 07:34:13,788 [main] INFO  replication.SimpleContainerDownloader (SimpleContainerDownloader.java:<init>(72)) - Starting container downloader service to copy containers to replicate.
2019-08-30 07:34:13,790 [main] INFO  hdfs.DFSUtil (DFSUtil.java:httpServerTemplateForNNAndJN(1641)) - Starting Web-server for hddsDatanode at: http://0.0.0.0:0
2019-08-30 07:34:13,791 [main] INFO  server.AuthenticationFilter (AuthenticationFilter.java:constructSecretProvider(240)) - Unable to initialize FileSignerSecretProvider, falling back to use random secrets.
2019-08-30 07:34:13,792 [main] WARN  http.HttpRequestLog (HttpRequestLog.java:getRequestLog(97)) - Jetty request log can only be enabled using Log4j
2019-08-30 07:34:13,793 [main] INFO  http.HttpServer2 (HttpServer2.java:addGlobalFilter(975)) - Added global filter 'safety' (class=org.apache.hadoop.http.HttpServer2$QuotingInputFilter)
2019-08-30 07:34:13,794 [main] INFO  http.HttpServer2 (HttpServer2.java:addFilter(948)) - Added filter static_user_filter (class=org.apache.hadoop.http.lib.StaticUserWebFilter$StaticUserFilter) to context hddsDatanode
2019-08-30 07:34:13,794 [main] INFO  http.HttpServer2 (HttpServer2.java:addFilter(958)) - Added filter static_user_filter (class=org.apache.hadoop.http.lib.StaticUserWebFilter$StaticUserFilter) to context static
2019-08-30 07:34:13,794 [main] INFO  http.HttpServer2 (HttpServer2.java:addFilter(958)) - Added filter static_user_filter (class=org.apache.hadoop.http.lib.StaticUserWebFilter$StaticUserFilter) to context logs
2019-08-30 07:34:13,795 [main] INFO  http.HttpServer2 (HttpServer2.java:bindListener(1191)) - Jetty bound to port 37425
2019-08-30 07:34:13,795 [main] INFO  server.Server (Server.java:doStart(351)) - jetty-9.3.24.v20180605, build timestamp: 2018-06-05T17:11:56Z, git hash: 84205aa28f11a4f31f2a3b86d1bba2cc8ab69827
2019-08-30 07:34:13,798 [main] INFO  handler.ContextHandler (ContextHandler.java:doStart(781)) - Started o.e.j.s.ServletContextHandler@2bec068b{/logs,file:///workdir/hadoop-ozone/integration-test/target/log,AVAILABLE}
2019-08-30 07:34:14,727 [main] INFO  handler.ContextHandler (ContextHandler.java:doStart(781)) - Started o.e.j.s.ServletContextHandler@55361f03{/static,jar:file:/home/user/.m2/repository/org/apache/hadoop/hadoop-hdds-container-service/0.5.0-SNAPSHOT/hadoop-hdds-container-service-0.5.0-SNAPSHOT.jar!/webapps/static,AVAILABLE}
2019-08-30 07:34:15,011 [main] INFO  handler.ContextHandler (ContextHandler.java:doStart(781)) - Started o.e.j.w.WebAppContext@3820cfe{/,file:///tmp/jetty-0.0.0.0-37425-hddsDatanode-_-any-8633563932683568778.dir/webapp/,AVAILABLE}{/hddsDatanode}
2019-08-30 07:34:15,013 [main] INFO  server.AbstractConnector (AbstractConnector.java:doStart(278)) - Started ServerConnector@2407a36c{HTTP/1.1,[http/1.1]}{0.0.0.0:37425}
2019-08-30 07:34:15,013 [main] INFO  server.Server (Server.java:doStart(419)) - Started @10941ms
2019-08-30 07:34:15,015 [main] INFO  server.BaseHttpServer (BaseHttpServer.java:updateConnectorAddress(213)) - HTTP server of HDDSDATANODE is listening at http://0.0.0.0:37425
2019-08-30 07:34:15,185 | INFO  | ObjectStoreRestHttpServer | Listening HDDS REST traffic on /0.0.0.0:43709 |  
2019-08-30 07:34:15,186 [main] INFO  ozone.HddsDatanodeService (HddsDatanodeService.java:startPlugins(395)) - Started plug-in org.apache.hadoop.ozone.web.OzoneHddsDatanodeService@3711c71c
2019-08-30 07:34:15,186 [main] INFO  impl.MetricsSystemImpl (MetricsSystemImpl.java:init(158)) - HddsDatanode metrics system started (again)
2019-08-30 07:34:15,190 [main] INFO  ozone.HddsDatanodeService (HddsDatanodeService.java:start(184)) - HddsDatanodeService host:pr-hdds-1569-5th2c-4253854396 ip:192.168.5.156
2019-08-30 07:34:15,190 [org.apache.hadoop.util.JvmPauseMonitor$Monitor@52b73054] INFO  util.JvmPauseMonitor (JvmPauseMonitor.java:run(188)) - Starting JVM pause monitor
2019-08-30 07:34:15,193 [Datanode State Machine Thread - 0] INFO  datanode.InitDatanodeState (InitDatanodeState.java:persistContainerDatanodeDetails(140)) - DatanodeDetails is persisted to /workdir/hadoop-ozone/integration-test/target/test-dir/MiniOzoneClusterImpl-e2a0042e-8006-48d2-a527-f4f759a7d1b5/datanode-3/meta/datanode.id
2019-08-30 07:34:15,199 [main] INFO  volume.HddsVolume (HddsVolume.java:<init>(176)) - Creating Volume: /workdir/hadoop-ozone/integration-test/target/test-dir/MiniOzoneClusterImpl-e2a0042e-8006-48d2-a527-f4f759a7d1b5/datanode-4/data/containers/hdds of  storage type : DISK and capacity : 1482555576320
2019-08-30 07:34:15,199 [main] INFO  volume.VolumeSet (VolumeSet.java:initializeVolumeSet(170)) - Added Volume : /workdir/hadoop-ozone/integration-test/target/test-dir/MiniOzoneClusterImpl-e2a0042e-8006-48d2-a527-f4f759a7d1b5/datanode-4/data/containers/hdds to VolumeSet
2019-08-30 07:34:15,199 [main] INFO  volume.ThrottledAsyncChecker (ThrottledAsyncChecker.java:schedule(140)) - Scheduling a check for org.apache.hadoop.ozone.container.common.volume.HddsVolume@656c5c3
2019-08-30 07:34:15,200 [main] INFO  volume.HddsVolumeChecker (HddsVolumeChecker.java:checkAllVolumes(203)) - Scheduled health check for volume org.apache.hadoop.ozone.container.common.volume.HddsVolume@656c5c3
2019-08-30 07:34:15,212 | INFO  | SCMAudit | user=jenkins1000 | ip=192.168.5.156 | op=GET_VERSION null | ret=SUCCESS |  
2019-08-30 07:34:15,216 [main] INFO  impl.RaftServerProxy (ConfUtils.java:logGet(43)) - raft.rpc.type = GRPC (default)
2019-08-30 07:34:15,216 [main] INFO  grpc.GrpcFactory (GrpcFactory.java:checkPooledByteBufAllocatorUseCacheForAllThreads(45)) - PERFORMANCE WARNING: useCacheForAllThreads is true that may cause Netty to create a lot garbage objects and, as a result, trigger GC.
	It is recommended to disable useCacheForAllThreads by setting -Dorg.apache.ratis.thirdparty.io.netty.allocator.useCacheForAllThreads=false in command line.
2019-08-30 07:34:15,216 [main] INFO  grpc.GrpcConfigKeys$Server (ConfUtils.java:logGet(43)) - raft.grpc.server.port = 0 (default)
2019-08-30 07:34:15,217 [main] INFO  server.GrpcService (ConfUtils.java:logGet(43)) - raft.grpc.message.size.max = 33570816 (custom)
2019-08-30 07:34:15,217 [main] INFO  server.RaftServerConfigKeys (ConfUtils.java:logGet(43)) - raft.server.log.appender.buffer.byte-limit = 33554432 (custom)
2019-08-30 07:34:15,217 [main] INFO  server.GrpcService (ConfUtils.java:logGet(43)) - raft.grpc.flow.control.window = 1MB (=1048576) (default)
2019-08-30 07:34:15,217 [main] INFO  server.RaftServerConfigKeys (ConfUtils.java:logGet(43)) - raft.server.rpc.request.timeout = 3000ms (default)
2019-08-30 07:34:15,218 [main] INFO  server.RaftServerConfigKeys (ConfUtils.java:logGet(43)) - raft.server.storage.dir = [/workdir/hadoop-ozone/integration-test/target/test-dir/MiniOzoneClusterImpl-e2a0042e-8006-48d2-a527-f4f759a7d1b5/datanode-4/data/ratis] (custom)
2019-08-30 07:34:15,218 [main] INFO  replication.SimpleContainerDownloader (SimpleContainerDownloader.java:<init>(72)) - Starting container downloader service to copy containers to replicate.
2019-08-30 07:34:15,220 [main] INFO  hdfs.DFSUtil (DFSUtil.java:httpServerTemplateForNNAndJN(1641)) - Starting Web-server for hddsDatanode at: http://0.0.0.0:0
2019-08-30 07:34:15,221 [main] INFO  server.AuthenticationFilter (AuthenticationFilter.java:constructSecretProvider(240)) - Unable to initialize FileSignerSecretProvider, falling back to use random secrets.
2019-08-30 07:34:15,222 [main] WARN  http.HttpRequestLog (HttpRequestLog.java:getRequestLog(97)) - Jetty request log can only be enabled using Log4j
2019-08-30 07:34:15,223 [main] INFO  http.HttpServer2 (HttpServer2.java:addGlobalFilter(975)) - Added global filter 'safety' (class=org.apache.hadoop.http.HttpServer2$QuotingInputFilter)
2019-08-30 07:34:15,224 [main] INFO  http.HttpServer2 (HttpServer2.java:addFilter(948)) - Added filter static_user_filter (class=org.apache.hadoop.http.lib.StaticUserWebFilter$StaticUserFilter) to context hddsDatanode
2019-08-30 07:34:15,224 [main] INFO  http.HttpServer2 (HttpServer2.java:addFilter(958)) - Added filter static_user_filter (class=org.apache.hadoop.http.lib.StaticUserWebFilter$StaticUserFilter) to context static
2019-08-30 07:34:15,224 [main] INFO  http.HttpServer2 (HttpServer2.java:addFilter(958)) - Added filter static_user_filter (class=org.apache.hadoop.http.lib.StaticUserWebFilter$StaticUserFilter) to context logs
2019-08-30 07:34:15,225 [main] INFO  http.HttpServer2 (HttpServer2.java:bindListener(1191)) - Jetty bound to port 34631
2019-08-30 07:34:15,225 [main] INFO  server.Server (Server.java:doStart(351)) - jetty-9.3.24.v20180605, build timestamp: 2018-06-05T17:11:56Z, git hash: 84205aa28f11a4f31f2a3b86d1bba2cc8ab69827
2019-08-30 07:34:15,227 [main] INFO  handler.ContextHandler (ContextHandler.java:doStart(781)) - Started o.e.j.s.ServletContextHandler@7b297740{/logs,file:///workdir/hadoop-ozone/integration-test/target/log,AVAILABLE}
2019-08-30 07:34:15,227 [main] INFO  handler.ContextHandler (ContextHandler.java:doStart(781)) - Started o.e.j.s.ServletContextHandler@57ce2898{/static,jar:file:/home/user/.m2/repository/org/apache/hadoop/hadoop-hdds-container-service/0.5.0-SNAPSHOT/hadoop-hdds-container-service-0.5.0-SNAPSHOT.jar!/webapps/static,AVAILABLE}
2019-08-30 07:34:15,255 [main] INFO  handler.ContextHandler (ContextHandler.java:doStart(781)) - Started o.e.j.w.WebAppContext@19fbc594{/,file:///tmp/jetty-0.0.0.0-34631-hddsDatanode-_-any-9108266779319374258.dir/webapp/,AVAILABLE}{/hddsDatanode}
2019-08-30 07:34:15,256 [main] INFO  server.AbstractConnector (AbstractConnector.java:doStart(278)) - Started ServerConnector@2f4d32bf{HTTP/1.1,[http/1.1]}{0.0.0.0:34631}
2019-08-30 07:34:15,257 [main] INFO  server.Server (Server.java:doStart(419)) - Started @11185ms
2019-08-30 07:34:15,258 [main] INFO  server.BaseHttpServer (BaseHttpServer.java:updateConnectorAddress(213)) - HTTP server of HDDSDATANODE is listening at http://0.0.0.0:34631
2019-08-30 07:34:15,393 | INFO  | ObjectStoreRestHttpServer | Listening HDDS REST traffic on /0.0.0.0:39220 |  
2019-08-30 07:34:15,393 [main] INFO  ozone.HddsDatanodeService (HddsDatanodeService.java:startPlugins(395)) - Started plug-in org.apache.hadoop.ozone.web.OzoneHddsDatanodeService@6befbb12
2019-08-30 07:34:15,395 [main] INFO  impl.MetricsSystemImpl (MetricsSystemImpl.java:init(158)) - HddsDatanode metrics system started (again)
2019-08-30 07:34:15,401 [main] INFO  ozone.HddsDatanodeService (HddsDatanodeService.java:start(184)) - HddsDatanodeService host:pr-hdds-1569-5th2c-4253854396 ip:192.168.5.156
2019-08-30 07:34:15,407 [org.apache.hadoop.util.JvmPauseMonitor$Monitor@78d63288] INFO  util.JvmPauseMonitor (JvmPauseMonitor.java:run(188)) - Starting JVM pause monitor
2019-08-30 07:34:15,407 | INFO  | SCMAudit | user=jenkins1000 | ip=192.168.5.156 | op=GET_VERSION null | ret=SUCCESS |  
2019-08-30 07:34:15,547 [main] INFO  volume.HddsVolume (HddsVolume.java:<init>(176)) - Creating Volume: /workdir/hadoop-ozone/integration-test/target/test-dir/MiniOzoneClusterImpl-e2a0042e-8006-48d2-a527-f4f759a7d1b5/datanode-5/data/containers/hdds of  storage type : DISK and capacity : 1482555576320
2019-08-30 07:34:15,648 [main] INFO  volume.VolumeSet (VolumeSet.java:initializeVolumeSet(170)) - Added Volume : /workdir/hadoop-ozone/integration-test/target/test-dir/MiniOzoneClusterImpl-e2a0042e-8006-48d2-a527-f4f759a7d1b5/datanode-5/data/containers/hdds to VolumeSet
2019-08-30 07:34:15,648 [main] INFO  volume.ThrottledAsyncChecker (ThrottledAsyncChecker.java:schedule(140)) - Scheduling a check for org.apache.hadoop.ozone.container.common.volume.HddsVolume@1a88c4f5
2019-08-30 07:34:15,650 [Datanode State Machine Thread - 0] INFO  datanode.InitDatanodeState (InitDatanodeState.java:persistContainerDatanodeDetails(140)) - DatanodeDetails is persisted to /workdir/hadoop-ozone/integration-test/target/test-dir/MiniOzoneClusterImpl-e2a0042e-8006-48d2-a527-f4f759a7d1b5/datanode-4/meta/datanode.id
2019-08-30 07:34:15,672 [main] INFO  volume.HddsVolumeChecker (HddsVolumeChecker.java:checkAllVolumes(203)) - Scheduled health check for volume org.apache.hadoop.ozone.container.common.volume.HddsVolume@1a88c4f5
2019-08-30 07:34:15,798 | INFO  | SCMAudit | user=jenkins1000 | ip=192.168.5.156 | op=GET_VERSION null | ret=SUCCESS |  
2019-08-30 07:34:15,798 [main] INFO  impl.RaftServerProxy (ConfUtils.java:logGet(43)) - raft.rpc.type = GRPC (default)
2019-08-30 07:34:15,803 [main] INFO  grpc.GrpcFactory (GrpcFactory.java:checkPooledByteBufAllocatorUseCacheForAllThreads(45)) - PERFORMANCE WARNING: useCacheForAllThreads is true that may cause Netty to create a lot garbage objects and, as a result, trigger GC.
	It is recommended to disable useCacheForAllThreads by setting -Dorg.apache.ratis.thirdparty.io.netty.allocator.useCacheForAllThreads=false in command line.
2019-08-30 07:34:15,808 [main] INFO  grpc.GrpcConfigKeys$Server (ConfUtils.java:logGet(43)) - raft.grpc.server.port = 0 (default)
2019-08-30 07:34:15,811 [main] INFO  server.GrpcService (ConfUtils.java:logGet(43)) - raft.grpc.message.size.max = 33570816 (custom)
2019-08-30 07:34:15,814 [main] INFO  server.RaftServerConfigKeys (ConfUtils.java:logGet(43)) - raft.server.log.appender.buffer.byte-limit = 33554432 (custom)
2019-08-30 07:34:15,814 [main] INFO  server.GrpcService (ConfUtils.java:logGet(43)) - raft.grpc.flow.control.window = 1MB (=1048576) (default)
2019-08-30 07:34:15,814 [main] INFO  server.RaftServerConfigKeys (ConfUtils.java:logGet(43)) - raft.server.rpc.request.timeout = 3000ms (default)
2019-08-30 07:34:15,815 [main] INFO  server.RaftServerConfigKeys (ConfUtils.java:logGet(43)) - raft.server.storage.dir = [/workdir/hadoop-ozone/integration-test/target/test-dir/MiniOzoneClusterImpl-e2a0042e-8006-48d2-a527-f4f759a7d1b5/datanode-5/data/ratis] (custom)
2019-08-30 07:34:15,815 [main] INFO  replication.SimpleContainerDownloader (SimpleContainerDownloader.java:<init>(72)) - Starting container downloader service to copy containers to replicate.
2019-08-30 07:34:15,817 [main] INFO  hdfs.DFSUtil (DFSUtil.java:httpServerTemplateForNNAndJN(1641)) - Starting Web-server for hddsDatanode at: http://0.0.0.0:0
2019-08-30 07:34:15,818 [main] INFO  server.AuthenticationFilter (AuthenticationFilter.java:constructSecretProvider(240)) - Unable to initialize FileSignerSecretProvider, falling back to use random secrets.
2019-08-30 07:34:15,819 [main] WARN  http.HttpRequestLog (HttpRequestLog.java:getRequestLog(97)) - Jetty request log can only be enabled using Log4j
2019-08-30 07:34:15,821 [main] INFO  http.HttpServer2 (HttpServer2.java:addGlobalFilter(975)) - Added global filter 'safety' (class=org.apache.hadoop.http.HttpServer2$QuotingInputFilter)
2019-08-30 07:34:15,822 [main] INFO  http.HttpServer2 (HttpServer2.java:addFilter(948)) - Added filter static_user_filter (class=org.apache.hadoop.http.lib.StaticUserWebFilter$StaticUserFilter) to context hddsDatanode
2019-08-30 07:34:15,822 [main] INFO  http.HttpServer2 (HttpServer2.java:addFilter(958)) - Added filter static_user_filter (class=org.apache.hadoop.http.lib.StaticUserWebFilter$StaticUserFilter) to context static
2019-08-30 07:34:15,822 [main] INFO  http.HttpServer2 (HttpServer2.java:addFilter(958)) - Added filter static_user_filter (class=org.apache.hadoop.http.lib.StaticUserWebFilter$StaticUserFilter) to context logs
2019-08-30 07:34:15,823 [main] INFO  http.HttpServer2 (HttpServer2.java:bindListener(1191)) - Jetty bound to port 45595
2019-08-30 07:34:15,823 [main] INFO  server.Server (Server.java:doStart(351)) - jetty-9.3.24.v20180605, build timestamp: 2018-06-05T17:11:56Z, git hash: 84205aa28f11a4f31f2a3b86d1bba2cc8ab69827
2019-08-30 07:34:15,825 [main] INFO  handler.ContextHandler (ContextHandler.java:doStart(781)) - Started o.e.j.s.ServletContextHandler@38087342{/logs,file:///workdir/hadoop-ozone/integration-test/target/log,AVAILABLE}
2019-08-30 07:34:15,825 [main] INFO  handler.ContextHandler (ContextHandler.java:doStart(781)) - Started o.e.j.s.ServletContextHandler@2eb1c615{/static,jar:file:/home/user/.m2/repository/org/apache/hadoop/hadoop-hdds-container-service/0.5.0-SNAPSHOT/hadoop-hdds-container-service-0.5.0-SNAPSHOT.jar!/webapps/static,AVAILABLE}
2019-08-30 07:34:15,857 [main] INFO  handler.ContextHandler (ContextHandler.java:doStart(781)) - Started o.e.j.w.WebAppContext@53d30d23{/,file:///tmp/jetty-0.0.0.0-45595-hddsDatanode-_-any-7810628260036553762.dir/webapp/,AVAILABLE}{/hddsDatanode}
2019-08-30 07:34:15,859 [main] INFO  server.AbstractConnector (AbstractConnector.java:doStart(278)) - Started ServerConnector@44faa4f2{HTTP/1.1,[http/1.1]}{0.0.0.0:45595}
2019-08-30 07:34:15,859 [main] INFO  server.Server (Server.java:doStart(419)) - Started @11787ms
2019-08-30 07:34:15,860 [main] INFO  server.BaseHttpServer (BaseHttpServer.java:updateConnectorAddress(213)) - HTTP server of HDDSDATANODE is listening at http://0.0.0.0:45595
2019-08-30 07:34:15,985 | INFO  | ObjectStoreRestHttpServer | Listening HDDS REST traffic on /0.0.0.0:34164 |  
2019-08-30 07:34:15,986 [main] INFO  ozone.HddsDatanodeService (HddsDatanodeService.java:startPlugins(395)) - Started plug-in org.apache.hadoop.ozone.web.OzoneHddsDatanodeService@77663cd7
2019-08-30 07:34:15,986 [main] INFO  impl.MetricsSystemImpl (MetricsSystemImpl.java:init(158)) - HddsDatanode metrics system started (again)
2019-08-30 07:34:15,991 [org.apache.hadoop.util.JvmPauseMonitor$Monitor@bce110b] INFO  util.JvmPauseMonitor (JvmPauseMonitor.java:run(188)) - Starting JVM pause monitor
2019-08-30 07:34:15,991 [main] INFO  ozone.HddsDatanodeService (HddsDatanodeService.java:start(184)) - HddsDatanodeService host:pr-hdds-1569-5th2c-4253854396 ip:192.168.5.156
2019-08-30 07:34:16,128 [main] INFO  volume.HddsVolume (HddsVolume.java:<init>(176)) - Creating Volume: /workdir/hadoop-ozone/integration-test/target/test-dir/MiniOzoneClusterImpl-e2a0042e-8006-48d2-a527-f4f759a7d1b5/datanode-6/data/containers/hdds of  storage type : DISK and capacity : 1482555576320
2019-08-30 07:34:16,344 [main] INFO  volume.VolumeSet (VolumeSet.java:initializeVolumeSet(170)) - Added Volume : /workdir/hadoop-ozone/integration-test/target/test-dir/MiniOzoneClusterImpl-e2a0042e-8006-48d2-a527-f4f759a7d1b5/datanode-6/data/containers/hdds to VolumeSet
2019-08-30 07:34:16,344 [Datanode State Machine Thread - 0] INFO  ozoneimpl.OzoneContainer (OzoneContainer.java:start(186)) - Attempting to start container services.
2019-08-30 07:34:16,344 [main] INFO  volume.ThrottledAsyncChecker (ThrottledAsyncChecker.java:schedule(140)) - Scheduling a check for org.apache.hadoop.ozone.container.common.volume.HddsVolume@66a82a13
2019-08-30 07:34:16,346 [Datanode State Machine Thread - 0] INFO  ozoneimpl.OzoneContainer (OzoneContainer.java:startContainerScrub(160)) - Background container scrubber has been disabled by hdds.containerscrub.enabled
2019-08-30 07:34:16,347 [Datanode State Machine Thread - 0] INFO  datanode.InitDatanodeState (InitDatanodeState.java:persistContainerDatanodeDetails(140)) - DatanodeDetails is persisted to /workdir/hadoop-ozone/integration-test/target/test-dir/MiniOzoneClusterImpl-e2a0042e-8006-48d2-a527-f4f759a7d1b5/datanode-5/meta/datanode.id
2019-08-30 07:34:16,347 [Datanode State Machine Thread - 0] INFO  ratis.XceiverServerRatis (XceiverServerRatis.java:start(404)) - Starting XceiverServerRatis f20ba990-a1ec-4251-b44f-b0954e9459c1 at port 0
2019-08-30 07:34:16,347 [main] INFO  volume.HddsVolumeChecker (HddsVolumeChecker.java:checkAllVolumes(203)) - Scheduled health check for volume org.apache.hadoop.ozone.container.common.volume.HddsVolume@66a82a13
2019-08-30 07:34:16,369 [Datanode State Machine Thread - 0] INFO  impl.RaftServerProxy (RaftServerProxy.java:lambda$start$3(299)) - f20ba990-a1ec-4251-b44f-b0954e9459c1: start RPC server
2019-08-30 07:34:16,371 [main] INFO  impl.RaftServerProxy (ConfUtils.java:logGet(43)) - raft.rpc.type = GRPC (default)
2019-08-30 07:34:16,371 [main] INFO  grpc.GrpcFactory (GrpcFactory.java:checkPooledByteBufAllocatorUseCacheForAllThreads(45)) - PERFORMANCE WARNING: useCacheForAllThreads is true that may cause Netty to create a lot garbage objects and, as a result, trigger GC.
	It is recommended to disable useCacheForAllThreads by setting -Dorg.apache.ratis.thirdparty.io.netty.allocator.useCacheForAllThreads=false in command line.
2019-08-30 07:34:16,372 [main] INFO  grpc.GrpcConfigKeys$Server (ConfUtils.java:logGet(43)) - raft.grpc.server.port = 0 (default)
2019-08-30 07:34:16,372 [main] INFO  server.GrpcService (ConfUtils.java:logGet(43)) - raft.grpc.message.size.max = 33570816 (custom)
2019-08-30 07:34:16,372 [main] INFO  server.RaftServerConfigKeys (ConfUtils.java:logGet(43)) - raft.server.log.appender.buffer.byte-limit = 33554432 (custom)
2019-08-30 07:34:16,373 [main] INFO  server.GrpcService (ConfUtils.java:logGet(43)) - raft.grpc.flow.control.window = 1MB (=1048576) (default)
2019-08-30 07:34:16,373 [main] INFO  server.RaftServerConfigKeys (ConfUtils.java:logGet(43)) - raft.server.rpc.request.timeout = 3000ms (default)
2019-08-30 07:34:16,374 [main] INFO  server.RaftServerConfigKeys (ConfUtils.java:logGet(43)) - raft.server.storage.dir = [/workdir/hadoop-ozone/integration-test/target/test-dir/MiniOzoneClusterImpl-e2a0042e-8006-48d2-a527-f4f759a7d1b5/datanode-6/data/ratis] (custom)
2019-08-30 07:34:16,374 [main] INFO  replication.SimpleContainerDownloader (SimpleContainerDownloader.java:<init>(72)) - Starting container downloader service to copy containers to replicate.
2019-08-30 07:34:16,376 [main] INFO  hdfs.DFSUtil (DFSUtil.java:httpServerTemplateForNNAndJN(1641)) - Starting Web-server for hddsDatanode at: http://0.0.0.0:0
2019-08-30 07:34:16,378 [main] INFO  server.AuthenticationFilter (AuthenticationFilter.java:constructSecretProvider(240)) - Unable to initialize FileSignerSecretProvider, falling back to use random secrets.
2019-08-30 07:34:16,379 [main] WARN  http.HttpRequestLog (HttpRequestLog.java:getRequestLog(97)) - Jetty request log can only be enabled using Log4j
2019-08-30 07:34:16,380 [main] INFO  http.HttpServer2 (HttpServer2.java:addGlobalFilter(975)) - Added global filter 'safety' (class=org.apache.hadoop.http.HttpServer2$QuotingInputFilter)
2019-08-30 07:34:16,381 [main] INFO  http.HttpServer2 (HttpServer2.java:addFilter(948)) - Added filter static_user_filter (class=org.apache.hadoop.http.lib.StaticUserWebFilter$StaticUserFilter) to context hddsDatanode
2019-08-30 07:34:16,381 [main] INFO  http.HttpServer2 (HttpServer2.java:addFilter(958)) - Added filter static_user_filter (class=org.apache.hadoop.http.lib.StaticUserWebFilter$StaticUserFilter) to context static
2019-08-30 07:34:16,382 [main] INFO  http.HttpServer2 (HttpServer2.java:addFilter(958)) - Added filter static_user_filter (class=org.apache.hadoop.http.lib.StaticUserWebFilter$StaticUserFilter) to context logs
2019-08-30 07:34:16,382 [main] INFO  http.HttpServer2 (HttpServer2.java:bindListener(1191)) - Jetty bound to port 33751
2019-08-30 07:34:16,383 [main] INFO  server.Server (Server.java:doStart(351)) - jetty-9.3.24.v20180605, build timestamp: 2018-06-05T17:11:56Z, git hash: 84205aa28f11a4f31f2a3b86d1bba2cc8ab69827
2019-08-30 07:34:16,385 [main] INFO  handler.ContextHandler (ContextHandler.java:doStart(781)) - Started o.e.j.s.ServletContextHandler@33f4c769{/logs,file:///workdir/hadoop-ozone/integration-test/target/log,AVAILABLE}
2019-08-30 07:34:16,385 [main] INFO  handler.ContextHandler (ContextHandler.java:doStart(781)) - Started o.e.j.s.ServletContextHandler@5e5a8718{/static,jar:file:/home/user/.m2/repository/org/apache/hadoop/hadoop-hdds-container-service/0.5.0-SNAPSHOT/hadoop-hdds-container-service-0.5.0-SNAPSHOT.jar!/webapps/static,AVAILABLE}
2019-08-30 07:34:16,430 [main] INFO  handler.ContextHandler (ContextHandler.java:doStart(781)) - Started o.e.j.w.WebAppContext@13d289c7{/,file:///tmp/jetty-0.0.0.0-33751-hddsDatanode-_-any-2811462712994795494.dir/webapp/,AVAILABLE}{/hddsDatanode}
2019-08-30 07:34:16,436 [main] INFO  server.AbstractConnector (AbstractConnector.java:doStart(278)) - Started ServerConnector@6704df84{HTTP/1.1,[http/1.1]}{0.0.0.0:33751}
2019-08-30 07:34:16,436 [main] INFO  server.Server (Server.java:doStart(419)) - Started @12364ms
2019-08-30 07:34:16,437 [main] INFO  server.BaseHttpServer (BaseHttpServer.java:updateConnectorAddress(213)) - HTTP server of HDDSDATANODE is listening at http://0.0.0.0:33751
2019-08-30 07:34:16,494 [Datanode State Machine Thread - 0] INFO  server.GrpcService (GrpcService.java:startImpl(149)) - f20ba990-a1ec-4251-b44f-b0954e9459c1: GrpcService started, listening on 0.0.0.0/0.0.0.0:36913
2019-08-30 07:34:16,495 [Datanode State Machine Thread - 0] INFO  ratis.XceiverServerRatis (XceiverServerRatis.java:start(414)) - XceiverServerRatis f20ba990-a1ec-4251-b44f-b0954e9459c1 is started using port 36913
2019-08-30 07:34:16,496 [Datanode State Machine Thread - 0] INFO  server.XceiverServerGrpc (XceiverServerGrpc.java:start(163)) - XceiverServerGrpc f20ba990-a1ec-4251-b44f-b0954e9459c1 is started using port 33985
2019-08-30 07:34:16,568 | INFO  | ObjectStoreRestHttpServer | Listening HDDS REST traffic on /0.0.0.0:40710 |  
2019-08-30 07:34:16,569 [main] INFO  ozone.HddsDatanodeService (HddsDatanodeService.java:startPlugins(395)) - Started plug-in org.apache.hadoop.ozone.web.OzoneHddsDatanodeService@47f2c722
2019-08-30 07:34:16,569 [main] INFO  impl.MetricsSystemImpl (MetricsSystemImpl.java:init(158)) - HddsDatanode metrics system started (again)
2019-08-30 07:34:16,592 [org.apache.hadoop.util.JvmPauseMonitor$Monitor@596a872] INFO  util.JvmPauseMonitor (JvmPauseMonitor.java:run(188)) - Starting JVM pause monitor
2019-08-30 07:34:16,592 [main] INFO  ozone.HddsDatanodeService (HddsDatanodeService.java:start(184)) - HddsDatanodeService host:pr-hdds-1569-5th2c-4253854396 ip:192.168.5.156
2019-08-30 07:34:16,594 [Datanode State Machine Thread - 0] INFO  datanode.InitDatanodeState (InitDatanodeState.java:persistContainerDatanodeDetails(140)) - DatanodeDetails is persisted to /workdir/hadoop-ozone/integration-test/target/test-dir/MiniOzoneClusterImpl-e2a0042e-8006-48d2-a527-f4f759a7d1b5/datanode-6/meta/datanode.id
2019-08-30 07:34:16,601 [main] INFO  volume.HddsVolume (HddsVolume.java:<init>(176)) - Creating Volume: /workdir/hadoop-ozone/integration-test/target/test-dir/MiniOzoneClusterImpl-e2a0042e-8006-48d2-a527-f4f759a7d1b5/datanode-7/data/containers/hdds of  storage type : DISK and capacity : 1482555576320
2019-08-30 07:34:16,601 [main] INFO  volume.VolumeSet (VolumeSet.java:initializeVolumeSet(170)) - Added Volume : /workdir/hadoop-ozone/integration-test/target/test-dir/MiniOzoneClusterImpl-e2a0042e-8006-48d2-a527-f4f759a7d1b5/datanode-7/data/containers/hdds to VolumeSet
2019-08-30 07:34:16,601 [main] INFO  volume.ThrottledAsyncChecker (ThrottledAsyncChecker.java:schedule(140)) - Scheduling a check for org.apache.hadoop.ozone.container.common.volume.HddsVolume@2565a7d0
2019-08-30 07:34:16,602 [main] INFO  volume.HddsVolumeChecker (HddsVolumeChecker.java:checkAllVolumes(203)) - Scheduled health check for volume org.apache.hadoop.ozone.container.common.volume.HddsVolume@2565a7d0
2019-08-30 07:34:16,616 [main] INFO  impl.RaftServerProxy (ConfUtils.java:logGet(43)) - raft.rpc.type = GRPC (default)
2019-08-30 07:34:16,616 [main] INFO  grpc.GrpcFactory (GrpcFactory.java:checkPooledByteBufAllocatorUseCacheForAllThreads(45)) - PERFORMANCE WARNING: useCacheForAllThreads is true that may cause Netty to create a lot garbage objects and, as a result, trigger GC.
	It is recommended to disable useCacheForAllThreads by setting -Dorg.apache.ratis.thirdparty.io.netty.allocator.useCacheForAllThreads=false in command line.
2019-08-30 07:34:16,617 [main] INFO  grpc.GrpcConfigKeys$Server (ConfUtils.java:logGet(43)) - raft.grpc.server.port = 0 (default)
2019-08-30 07:34:16,617 [main] INFO  server.GrpcService (ConfUtils.java:logGet(43)) - raft.grpc.message.size.max = 33570816 (custom)
2019-08-30 07:34:16,617 [main] INFO  server.RaftServerConfigKeys (ConfUtils.java:logGet(43)) - raft.server.log.appender.buffer.byte-limit = 33554432 (custom)
2019-08-30 07:34:16,617 [main] INFO  server.GrpcService (ConfUtils.java:logGet(43)) - raft.grpc.flow.control.window = 1MB (=1048576) (default)
2019-08-30 07:34:16,618 [main] INFO  server.RaftServerConfigKeys (ConfUtils.java:logGet(43)) - raft.server.rpc.request.timeout = 3000ms (default)
2019-08-30 07:34:16,618 [main] INFO  server.RaftServerConfigKeys (ConfUtils.java:logGet(43)) - raft.server.storage.dir = [/workdir/hadoop-ozone/integration-test/target/test-dir/MiniOzoneClusterImpl-e2a0042e-8006-48d2-a527-f4f759a7d1b5/datanode-7/data/ratis] (custom)
2019-08-30 07:34:16,619 [main] INFO  replication.SimpleContainerDownloader (SimpleContainerDownloader.java:<init>(72)) - Starting container downloader service to copy containers to replicate.
2019-08-30 07:34:16,620 [main] INFO  hdfs.DFSUtil (DFSUtil.java:httpServerTemplateForNNAndJN(1641)) - Starting Web-server for hddsDatanode at: http://0.0.0.0:0
2019-08-30 07:34:16,621 [main] INFO  server.AuthenticationFilter (AuthenticationFilter.java:constructSecretProvider(240)) - Unable to initialize FileSignerSecretProvider, falling back to use random secrets.
2019-08-30 07:34:16,622 [main] WARN  http.HttpRequestLog (HttpRequestLog.java:getRequestLog(97)) - Jetty request log can only be enabled using Log4j
2019-08-30 07:34:16,623 [main] INFO  http.HttpServer2 (HttpServer2.java:addGlobalFilter(975)) - Added global filter 'safety' (class=org.apache.hadoop.http.HttpServer2$QuotingInputFilter)
2019-08-30 07:34:16,624 [main] INFO  http.HttpServer2 (HttpServer2.java:addFilter(948)) - Added filter static_user_filter (class=org.apache.hadoop.http.lib.StaticUserWebFilter$StaticUserFilter) to context hddsDatanode
2019-08-30 07:34:16,624 [main] INFO  http.HttpServer2 (HttpServer2.java:addFilter(958)) - Added filter static_user_filter (class=org.apache.hadoop.http.lib.StaticUserWebFilter$StaticUserFilter) to context static
2019-08-30 07:34:16,624 [main] INFO  http.HttpServer2 (HttpServer2.java:addFilter(958)) - Added filter static_user_filter (class=org.apache.hadoop.http.lib.StaticUserWebFilter$StaticUserFilter) to context logs
2019-08-30 07:34:16,625 [main] INFO  http.HttpServer2 (HttpServer2.java:bindListener(1191)) - Jetty bound to port 38419
2019-08-30 07:34:16,625 [main] INFO  server.Server (Server.java:doStart(351)) - jetty-9.3.24.v20180605, build timestamp: 2018-06-05T17:11:56Z, git hash: 84205aa28f11a4f31f2a3b86d1bba2cc8ab69827
2019-08-30 07:34:16,626 [main] INFO  handler.ContextHandler (ContextHandler.java:doStart(781)) - Started o.e.j.s.ServletContextHandler@29b5533{/logs,file:///workdir/hadoop-ozone/integration-test/target/log,AVAILABLE}
2019-08-30 07:34:16,627 [main] INFO  handler.ContextHandler (ContextHandler.java:doStart(781)) - Started o.e.j.s.ServletContextHandler@75839695{/static,jar:file:/home/user/.m2/repository/org/apache/hadoop/hadoop-hdds-container-service/0.5.0-SNAPSHOT/hadoop-hdds-container-service-0.5.0-SNAPSHOT.jar!/webapps/static,AVAILABLE}
2019-08-30 07:34:16,655 [main] INFO  handler.ContextHandler (ContextHandler.java:doStart(781)) - Started o.e.j.w.WebAppContext@98637a2{/,file:///tmp/jetty-0.0.0.0-38419-hddsDatanode-_-any-2601497181681413016.dir/webapp/,AVAILABLE}{/hddsDatanode}
2019-08-30 07:34:16,657 [main] INFO  server.AbstractConnector (AbstractConnector.java:doStart(278)) - Started ServerConnector@4afd65fd{HTTP/1.1,[http/1.1]}{0.0.0.0:38419}
2019-08-30 07:34:16,657 [main] INFO  server.Server (Server.java:doStart(419)) - Started @12585ms
2019-08-30 07:34:16,658 [main] INFO  server.BaseHttpServer (BaseHttpServer.java:updateConnectorAddress(213)) - HTTP server of HDDSDATANODE is listening at http://0.0.0.0:38419
2019-08-30 07:34:16,780 | INFO  | ObjectStoreRestHttpServer | Listening HDDS REST traffic on /0.0.0.0:39815 |  
2019-08-30 07:34:16,780 [main] INFO  ozone.HddsDatanodeService (HddsDatanodeService.java:startPlugins(395)) - Started plug-in org.apache.hadoop.ozone.web.OzoneHddsDatanodeService@3c488b34
2019-08-30 07:34:16,781 [main] INFO  impl.MetricsSystemImpl (MetricsSystemImpl.java:init(158)) - HddsDatanode metrics system started (again)
2019-08-30 07:34:16,785 [org.apache.hadoop.util.JvmPauseMonitor$Monitor@35b4b0ef] INFO  util.JvmPauseMonitor (JvmPauseMonitor.java:run(188)) - Starting JVM pause monitor
2019-08-30 07:34:16,785 [main] INFO  ozone.HddsDatanodeService (HddsDatanodeService.java:start(184)) - HddsDatanodeService host:pr-hdds-1569-5th2c-4253854396 ip:192.168.5.156
2019-08-30 07:34:16,788 [Datanode State Machine Thread - 0] INFO  datanode.InitDatanodeState (InitDatanodeState.java:persistContainerDatanodeDetails(140)) - DatanodeDetails is persisted to /workdir/hadoop-ozone/integration-test/target/test-dir/MiniOzoneClusterImpl-e2a0042e-8006-48d2-a527-f4f759a7d1b5/datanode-7/meta/datanode.id
2019-08-30 07:34:16,793 [main] INFO  volume.HddsVolume (HddsVolume.java:<init>(176)) - Creating Volume: /workdir/hadoop-ozone/integration-test/target/test-dir/MiniOzoneClusterImpl-e2a0042e-8006-48d2-a527-f4f759a7d1b5/datanode-8/data/containers/hdds of  storage type : DISK and capacity : 1482555576320
2019-08-30 07:34:16,794 [main] INFO  volume.VolumeSet (VolumeSet.java:initializeVolumeSet(170)) - Added Volume : /workdir/hadoop-ozone/integration-test/target/test-dir/MiniOzoneClusterImpl-e2a0042e-8006-48d2-a527-f4f759a7d1b5/datanode-8/data/containers/hdds to VolumeSet
2019-08-30 07:34:16,794 [main] INFO  volume.ThrottledAsyncChecker (ThrottledAsyncChecker.java:schedule(140)) - Scheduling a check for org.apache.hadoop.ozone.container.common.volume.HddsVolume@7cd1ec54
2019-08-30 07:34:16,794 [main] INFO  volume.HddsVolumeChecker (HddsVolumeChecker.java:checkAllVolumes(203)) - Scheduled health check for volume org.apache.hadoop.ozone.container.common.volume.HddsVolume@7cd1ec54
2019-08-30 07:34:16,810 [main] INFO  impl.RaftServerProxy (ConfUtils.java:logGet(43)) - raft.rpc.type = GRPC (default)
2019-08-30 07:34:16,810 [main] INFO  grpc.GrpcFactory (GrpcFactory.java:checkPooledByteBufAllocatorUseCacheForAllThreads(45)) - PERFORMANCE WARNING: useCacheForAllThreads is true that may cause Netty to create a lot garbage objects and, as a result, trigger GC.
	It is recommended to disable useCacheForAllThreads by setting -Dorg.apache.ratis.thirdparty.io.netty.allocator.useCacheForAllThreads=false in command line.
2019-08-30 07:34:16,811 [main] INFO  grpc.GrpcConfigKeys$Server (ConfUtils.java:logGet(43)) - raft.grpc.server.port = 0 (default)
2019-08-30 07:34:16,811 [main] INFO  server.GrpcService (ConfUtils.java:logGet(43)) - raft.grpc.message.size.max = 33570816 (custom)
2019-08-30 07:34:16,811 [main] INFO  server.RaftServerConfigKeys (ConfUtils.java:logGet(43)) - raft.server.log.appender.buffer.byte-limit = 33554432 (custom)
2019-08-30 07:34:16,811 [main] INFO  server.GrpcService (ConfUtils.java:logGet(43)) - raft.grpc.flow.control.window = 1MB (=1048576) (default)
2019-08-30 07:34:16,812 [main] INFO  server.RaftServerConfigKeys (ConfUtils.java:logGet(43)) - raft.server.rpc.request.timeout = 3000ms (default)
2019-08-30 07:34:16,812 [main] INFO  server.RaftServerConfigKeys (ConfUtils.java:logGet(43)) - raft.server.storage.dir = [/workdir/hadoop-ozone/integration-test/target/test-dir/MiniOzoneClusterImpl-e2a0042e-8006-48d2-a527-f4f759a7d1b5/datanode-8/data/ratis] (custom)
2019-08-30 07:34:16,813 [main] INFO  replication.SimpleContainerDownloader (SimpleContainerDownloader.java:<init>(72)) - Starting container downloader service to copy containers to replicate.
2019-08-30 07:34:16,814 [main] INFO  hdfs.DFSUtil (DFSUtil.java:httpServerTemplateForNNAndJN(1641)) - Starting Web-server for hddsDatanode at: http://0.0.0.0:0
2019-08-30 07:34:16,815 [main] INFO  server.AuthenticationFilter (AuthenticationFilter.java:constructSecretProvider(240)) - Unable to initialize FileSignerSecretProvider, falling back to use random secrets.
2019-08-30 07:34:16,816 [main] WARN  http.HttpRequestLog (HttpRequestLog.java:getRequestLog(97)) - Jetty request log can only be enabled using Log4j
2019-08-30 07:34:16,817 [main] INFO  http.HttpServer2 (HttpServer2.java:addGlobalFilter(975)) - Added global filter 'safety' (class=org.apache.hadoop.http.HttpServer2$QuotingInputFilter)
2019-08-30 07:34:16,817 [main] INFO  http.HttpServer2 (HttpServer2.java:addFilter(948)) - Added filter static_user_filter (class=org.apache.hadoop.http.lib.StaticUserWebFilter$StaticUserFilter) to context hddsDatanode
2019-08-30 07:34:16,818 [main] INFO  http.HttpServer2 (HttpServer2.java:addFilter(958)) - Added filter static_user_filter (class=org.apache.hadoop.http.lib.StaticUserWebFilter$StaticUserFilter) to context static
2019-08-30 07:34:16,818 [main] INFO  http.HttpServer2 (HttpServer2.java:addFilter(958)) - Added filter static_user_filter (class=org.apache.hadoop.http.lib.StaticUserWebFilter$StaticUserFilter) to context logs
2019-08-30 07:34:16,818 [main] INFO  http.HttpServer2 (HttpServer2.java:bindListener(1191)) - Jetty bound to port 45554
2019-08-30 07:34:16,819 [main] INFO  server.Server (Server.java:doStart(351)) - jetty-9.3.24.v20180605, build timestamp: 2018-06-05T17:11:56Z, git hash: 84205aa28f11a4f31f2a3b86d1bba2cc8ab69827
2019-08-30 07:34:16,820 [main] INFO  handler.ContextHandler (ContextHandler.java:doStart(781)) - Started o.e.j.s.ServletContextHandler@7de3206d{/logs,file:///workdir/hadoop-ozone/integration-test/target/log,AVAILABLE}
2019-08-30 07:34:16,821 [main] INFO  handler.ContextHandler (ContextHandler.java:doStart(781)) - Started o.e.j.s.ServletContextHandler@2b936b04{/static,jar:file:/home/user/.m2/repository/org/apache/hadoop/hadoop-hdds-container-service/0.5.0-SNAPSHOT/hadoop-hdds-container-service-0.5.0-SNAPSHOT.jar!/webapps/static,AVAILABLE}
2019-08-30 07:34:16,849 [main] INFO  handler.ContextHandler (ContextHandler.java:doStart(781)) - Started o.e.j.w.WebAppContext@39a7eca5{/,file:///tmp/jetty-0.0.0.0-45554-hddsDatanode-_-any-7883636574783088839.dir/webapp/,AVAILABLE}{/hddsDatanode}
2019-08-30 07:34:16,851 [main] INFO  server.AbstractConnector (AbstractConnector.java:doStart(278)) - Started ServerConnector@45bd4753{HTTP/1.1,[http/1.1]}{0.0.0.0:45554}
2019-08-30 07:34:16,851 [main] INFO  server.Server (Server.java:doStart(419)) - Started @12779ms
2019-08-30 07:34:16,852 [main] INFO  server.BaseHttpServer (BaseHttpServer.java:updateConnectorAddress(213)) - HTTP server of HDDSDATANODE is listening at http://0.0.0.0:45554
2019-08-30 07:34:16,963 | INFO  | ObjectStoreRestHttpServer | Listening HDDS REST traffic on /0.0.0.0:45871 |  
2019-08-30 07:34:16,963 [main] INFO  ozone.HddsDatanodeService (HddsDatanodeService.java:startPlugins(395)) - Started plug-in org.apache.hadoop.ozone.web.OzoneHddsDatanodeService@31b741e2
2019-08-30 07:34:16,963 [main] INFO  impl.MetricsSystemImpl (MetricsSystemImpl.java:init(158)) - HddsDatanode metrics system started (again)
2019-08-30 07:34:16,970 [org.apache.hadoop.util.JvmPauseMonitor$Monitor@74438f3f] INFO  util.JvmPauseMonitor (JvmPauseMonitor.java:run(188)) - Starting JVM pause monitor
2019-08-30 07:34:16,971 [main] INFO  ozone.HddsDatanodeService (HddsDatanodeService.java:start(184)) - HddsDatanodeService host:pr-hdds-1569-5th2c-4253854396 ip:192.168.5.156
2019-08-30 07:34:16,972 [Datanode State Machine Thread - 0] INFO  datanode.InitDatanodeState (InitDatanodeState.java:persistContainerDatanodeDetails(140)) - DatanodeDetails is persisted to /workdir/hadoop-ozone/integration-test/target/test-dir/MiniOzoneClusterImpl-e2a0042e-8006-48d2-a527-f4f759a7d1b5/datanode-8/meta/datanode.id
2019-08-30 07:34:16,980 [main] INFO  volume.HddsVolume (HddsVolume.java:<init>(176)) - Creating Volume: /workdir/hadoop-ozone/integration-test/target/test-dir/MiniOzoneClusterImpl-e2a0042e-8006-48d2-a527-f4f759a7d1b5/datanode-9/data/containers/hdds of  storage type : DISK and capacity : 1482555576320
2019-08-30 07:34:16,980 [main] INFO  volume.VolumeSet (VolumeSet.java:initializeVolumeSet(170)) - Added Volume : /workdir/hadoop-ozone/integration-test/target/test-dir/MiniOzoneClusterImpl-e2a0042e-8006-48d2-a527-f4f759a7d1b5/datanode-9/data/containers/hdds to VolumeSet
2019-08-30 07:34:16,980 [main] INFO  volume.ThrottledAsyncChecker (ThrottledAsyncChecker.java:schedule(140)) - Scheduling a check for org.apache.hadoop.ozone.container.common.volume.HddsVolume@70f85235
2019-08-30 07:34:16,981 [main] INFO  volume.HddsVolumeChecker (HddsVolumeChecker.java:checkAllVolumes(203)) - Scheduled health check for volume org.apache.hadoop.ozone.container.common.volume.HddsVolume@70f85235
2019-08-30 07:34:16,994 [main] INFO  impl.RaftServerProxy (ConfUtils.java:logGet(43)) - raft.rpc.type = GRPC (default)
2019-08-30 07:34:16,995 [main] INFO  grpc.GrpcFactory (GrpcFactory.java:checkPooledByteBufAllocatorUseCacheForAllThreads(45)) - PERFORMANCE WARNING: useCacheForAllThreads is true that may cause Netty to create a lot garbage objects and, as a result, trigger GC.
	It is recommended to disable useCacheForAllThreads by setting -Dorg.apache.ratis.thirdparty.io.netty.allocator.useCacheForAllThreads=false in command line.
2019-08-30 07:34:16,995 [main] INFO  grpc.GrpcConfigKeys$Server (ConfUtils.java:logGet(43)) - raft.grpc.server.port = 0 (default)
2019-08-30 07:34:16,996 [main] INFO  server.GrpcService (ConfUtils.java:logGet(43)) - raft.grpc.message.size.max = 33570816 (custom)
2019-08-30 07:34:16,996 [main] INFO  server.RaftServerConfigKeys (ConfUtils.java:logGet(43)) - raft.server.log.appender.buffer.byte-limit = 33554432 (custom)
2019-08-30 07:34:16,996 [main] INFO  server.GrpcService (ConfUtils.java:logGet(43)) - raft.grpc.flow.control.window = 1MB (=1048576) (default)
2019-08-30 07:34:16,997 [main] INFO  server.RaftServerConfigKeys (ConfUtils.java:logGet(43)) - raft.server.rpc.request.timeout = 3000ms (default)
2019-08-30 07:34:16,997 [main] INFO  server.RaftServerConfigKeys (ConfUtils.java:logGet(43)) - raft.server.storage.dir = [/workdir/hadoop-ozone/integration-test/target/test-dir/MiniOzoneClusterImpl-e2a0042e-8006-48d2-a527-f4f759a7d1b5/datanode-9/data/ratis] (custom)
2019-08-30 07:34:16,998 [main] INFO  replication.SimpleContainerDownloader (SimpleContainerDownloader.java:<init>(72)) - Starting container downloader service to copy containers to replicate.
2019-08-30 07:34:17,002 [main] INFO  hdfs.DFSUtil (DFSUtil.java:httpServerTemplateForNNAndJN(1641)) - Starting Web-server for hddsDatanode at: http://0.0.0.0:0
2019-08-30 07:34:17,003 [main] INFO  server.AuthenticationFilter (AuthenticationFilter.java:constructSecretProvider(240)) - Unable to initialize FileSignerSecretProvider, falling back to use random secrets.
2019-08-30 07:34:17,004 [main] WARN  http.HttpRequestLog (HttpRequestLog.java:getRequestLog(97)) - Jetty request log can only be enabled using Log4j
2019-08-30 07:34:17,005 [main] INFO  http.HttpServer2 (HttpServer2.java:addGlobalFilter(975)) - Added global filter 'safety' (class=org.apache.hadoop.http.HttpServer2$QuotingInputFilter)
2019-08-30 07:34:17,005 [main] INFO  http.HttpServer2 (HttpServer2.java:addFilter(948)) - Added filter static_user_filter (class=org.apache.hadoop.http.lib.StaticUserWebFilter$StaticUserFilter) to context hddsDatanode
2019-08-30 07:34:17,006 [main] INFO  http.HttpServer2 (HttpServer2.java:addFilter(958)) - Added filter static_user_filter (class=org.apache.hadoop.http.lib.StaticUserWebFilter$StaticUserFilter) to context static
2019-08-30 07:34:17,006 [main] INFO  http.HttpServer2 (HttpServer2.java:addFilter(958)) - Added filter static_user_filter (class=org.apache.hadoop.http.lib.StaticUserWebFilter$StaticUserFilter) to context logs
2019-08-30 07:34:17,006 [main] INFO  http.HttpServer2 (HttpServer2.java:bindListener(1191)) - Jetty bound to port 33944
2019-08-30 07:34:17,007 [main] INFO  server.Server (Server.java:doStart(351)) - jetty-9.3.24.v20180605, build timestamp: 2018-06-05T17:11:56Z, git hash: 84205aa28f11a4f31f2a3b86d1bba2cc8ab69827
2019-08-30 07:34:17,008 [main] INFO  handler.ContextHandler (ContextHandler.java:doStart(781)) - Started o.e.j.s.ServletContextHandler@5871a482{/logs,file:///workdir/hadoop-ozone/integration-test/target/log,AVAILABLE}
2019-08-30 07:34:17,009 [main] INFO  handler.ContextHandler (ContextHandler.java:doStart(781)) - Started o.e.j.s.ServletContextHandler@296676c4{/static,jar:file:/home/user/.m2/repository/org/apache/hadoop/hadoop-hdds-container-service/0.5.0-SNAPSHOT/hadoop-hdds-container-service-0.5.0-SNAPSHOT.jar!/webapps/static,AVAILABLE}
2019-08-30 07:34:17,035 [main] INFO  handler.ContextHandler (ContextHandler.java:doStart(781)) - Started o.e.j.w.WebAppContext@1e29a81a{/,file:///tmp/jetty-0.0.0.0-33944-hddsDatanode-_-any-1094045953836031820.dir/webapp/,AVAILABLE}{/hddsDatanode}
2019-08-30 07:34:17,037 [main] INFO  server.AbstractConnector (AbstractConnector.java:doStart(278)) - Started ServerConnector@7b4b8199{HTTP/1.1,[http/1.1]}{0.0.0.0:33944}
2019-08-30 07:34:17,037 [main] INFO  server.Server (Server.java:doStart(419)) - Started @12965ms
2019-08-30 07:34:17,038 [main] INFO  server.BaseHttpServer (BaseHttpServer.java:updateConnectorAddress(213)) - HTTP server of HDDSDATANODE is listening at http://0.0.0.0:33944
2019-08-30 07:34:17,144 | INFO  | ObjectStoreRestHttpServer | Listening HDDS REST traffic on /0.0.0.0:44638 |  
2019-08-30 07:34:17,144 [main] INFO  ozone.HddsDatanodeService (HddsDatanodeService.java:startPlugins(395)) - Started plug-in org.apache.hadoop.ozone.web.OzoneHddsDatanodeService@29c244e
2019-08-30 07:34:17,146 [main] INFO  ozone.MiniOzoneClusterImpl (MiniOzoneClusterImpl.java:lambda$waitForClusterToBeReady$0(142)) - Waiting for cluster to be ready. Got 0 of 10 DN Heartbeats.
2019-08-30 07:34:17,147 [org.apache.hadoop.util.JvmPauseMonitor$Monitor@4463a051] INFO  util.JvmPauseMonitor (JvmPauseMonitor.java:run(188)) - Starting JVM pause monitor
2019-08-30 07:34:17,149 [Datanode State Machine Thread - 0] INFO  datanode.InitDatanodeState (InitDatanodeState.java:persistContainerDatanodeDetails(140)) - DatanodeDetails is persisted to /workdir/hadoop-ozone/integration-test/target/test-dir/MiniOzoneClusterImpl-e2a0042e-8006-48d2-a527-f4f759a7d1b5/datanode-9/meta/datanode.id
2019-08-30 07:34:17,193 | INFO  | SCMAudit | user=jenkins1000 | ip=192.168.5.156 | op=GET_VERSION null | ret=SUCCESS |  
2019-08-30 07:34:17,202 [IPC Server handler 1 on 43657] INFO  net.NetworkTopology (NetworkTopologyImpl.java:add(110)) - Added a new node: /default-rack/f20ba990-a1ec-4251-b44f-b0954e9459c1
2019-08-30 07:34:17,202 [IPC Server handler 1 on 43657] INFO  node.SCMNodeManager (SCMNodeManager.java:register(274)) - Registered Data node : f20ba990-a1ec-4251-b44f-b0954e9459c1{ip: 192.168.5.156, host: pr-hdds-1569-5th2c-4253854396, networkLocation: /default-rack, certSerialId: null}
2019-08-30 07:34:17,206 [EventQueue-NodeRegistrationContainerReportForDataNodeSafeModeRule] INFO  safemode.SCMSafeModeManager (DataNodeSafeModeRule.java:process(71)) - SCM in safe mode. 1 DataNodes registered, 1 required.
2019-08-30 07:34:17,206 [EventQueue-NodeRegistrationContainerReportForDataNodeSafeModeRule] INFO  safemode.SCMSafeModeManager (SCMSafeModeManager.java:validateSafeModeExitRules(177)) - ScmSafeModeManager, all rules are successfully validated
2019-08-30 07:34:17,206 [EventQueue-NodeRegistrationContainerReportForDataNodeSafeModeRule] INFO  safemode.SCMSafeModeManager (SCMSafeModeManager.java:exitSafeMode(193)) - SCM exiting safe mode.
2019-08-30 07:34:17,211 | INFO  | SCMAudit | user=jenkins1000 | ip=192.168.5.156 | op=REGISTER {datanodeDetails=f20ba990-a1ec-4251-b44f-b0954e9459c1{ip: 192.168.5.156, host: pr-hdds-1569-5th2c-4253854396, networkLocation: /default-rack, certSerialId: null}} | ret=SUCCESS |  
2019-08-30 07:34:17,409 | INFO  | SCMAudit | user=jenkins1000 | ip=192.168.5.156 | op=GET_VERSION null | ret=SUCCESS |  
2019-08-30 07:34:17,992 | INFO  | SCMAudit | user=jenkins1000 | ip=192.168.5.156 | op=GET_VERSION null | ret=SUCCESS |  
2019-08-30 07:34:18,096 [grpc-default-executor-0] INFO  impl.RaftServerProxy (RaftServerProxy.java:addNew(89)) - f20ba990-a1ec-4251-b44f-b0954e9459c1: addNew group-3260705896A1:[f20ba990-a1ec-4251-b44f-b0954e9459c1:192.168.5.156:36913] returns group-3260705896A1:java.util.concurrent.CompletableFuture@13c349e6[Not completed]
2019-08-30 07:34:18,118 [pool-27-thread-1] INFO  impl.RaftServerImpl (RaftServerImpl.java:<init>(93)) - f20ba990-a1ec-4251-b44f-b0954e9459c1: new RaftServerImpl for group-3260705896A1:[f20ba990-a1ec-4251-b44f-b0954e9459c1:192.168.5.156:36913] with ContainerStateMachine:uninitialized
2019-08-30 07:34:18,120 [pool-27-thread-1] INFO  server.RaftServerConfigKeys (ConfUtils.java:logGet(43)) - raft.server.rpc.timeout.min = 1s (custom)
2019-08-30 07:34:18,122 [pool-27-thread-1] INFO  server.RaftServerConfigKeys (ConfUtils.java:logGet(43)) - raft.server.rpc.timeout.max = 1200ms (custom)
2019-08-30 07:34:18,122 [pool-27-thread-1] INFO  server.RaftServerConfigKeys (ConfUtils.java:logGet(43)) - raft.server.rpcslowness.timeout = 120s (custom)
2019-08-30 07:34:18,123 [pool-27-thread-1] INFO  server.RaftServerConfigKeys (ConfUtils.java:logGet(43)) - raft.server.sleep.deviation.threshold = 300 (default)
2019-08-30 07:34:18,124 [pool-27-thread-1] INFO  server.RaftServerConfigKeys (ConfUtils.java:logGet(43)) - raft.server.log.appender.install.snapshot.enabled = false (custom)
2019-08-30 07:34:18,135 [pool-27-thread-1] INFO  impl.RaftServerImpl (ServerState.java:<init>(105)) - f20ba990-a1ec-4251-b44f-b0954e9459c1:group-3260705896A1 ConfigurationManager, init=-1: [f20ba990-a1ec-4251-b44f-b0954e9459c1:192.168.5.156:36913], old=null, confs=<EMPTY_MAP>
2019-08-30 07:34:18,135 [pool-27-thread-1] INFO  server.RaftServerConfigKeys (ConfUtils.java:logGet(43)) - raft.server.storage.dir = [/workdir/hadoop-ozone/integration-test/target/test-dir/MiniOzoneClusterImpl-e2a0042e-8006-48d2-a527-f4f759a7d1b5/datanode-0/data/ratis] (custom)
2019-08-30 07:34:18,145 [pool-27-thread-1] INFO  storage.RaftStorageDirectory (RaftStorageDirectory.java:analyzeStorage(246)) - The storage directory /workdir/hadoop-ozone/integration-test/target/test-dir/MiniOzoneClusterImpl-e2a0042e-8006-48d2-a527-f4f759a7d1b5/datanode-0/data/ratis/a0047a84-d3f1-4b11-9455-3260705896a1 does not exist. Creating ...
2019-08-30 07:34:18,146 [main] INFO  ozone.MiniOzoneClusterImpl (MiniOzoneClusterImpl.java:lambda$waitForClusterToBeReady$0(142)) - Waiting for cluster to be ready. Got 1 of 10 DN Heartbeats.
2019-08-30 07:34:18,575 [Datanode State Machine Thread - 0] INFO  ozoneimpl.OzoneContainer (OzoneContainer.java:start(186)) - Attempting to start container services.
2019-08-30 07:34:18,577 [Datanode State Machine Thread - 0] INFO  ozoneimpl.OzoneContainer (OzoneContainer.java:start(186)) - Attempting to start container services.
2019-08-30 07:34:18,577 [Datanode State Machine Thread - 0] INFO  ozoneimpl.OzoneContainer (OzoneContainer.java:startContainerScrub(160)) - Background container scrubber has been disabled by hdds.containerscrub.enabled
2019-08-30 07:34:18,577 [Datanode State Machine Thread - 0] INFO  ozoneimpl.OzoneContainer (OzoneContainer.java:start(186)) - Attempting to start container services.
2019-08-30 07:34:18,578 [Datanode State Machine Thread - 0] INFO  ratis.XceiverServerRatis (XceiverServerRatis.java:start(404)) - Starting XceiverServerRatis a45a7528-2ba0-4bc3-913c-850122b1269f at port 0
2019-08-30 07:34:18,577 [Datanode State Machine Thread - 0] INFO  ozoneimpl.OzoneContainer (OzoneContainer.java:startContainerScrub(160)) - Background container scrubber has been disabled by hdds.containerscrub.enabled
2019-08-30 07:34:18,579 [Datanode State Machine Thread - 0] INFO  ozoneimpl.OzoneContainer (OzoneContainer.java:startContainerScrub(160)) - Background container scrubber has been disabled by hdds.containerscrub.enabled
2019-08-30 07:34:18,579 [Datanode State Machine Thread - 0] INFO  ratis.XceiverServerRatis (XceiverServerRatis.java:start(404)) - Starting XceiverServerRatis fa47bd42-2000-4a68-b335-f6aa68ddcd76 at port 0
2019-08-30 07:34:18,580 [Datanode State Machine Thread - 0] INFO  ratis.XceiverServerRatis (XceiverServerRatis.java:start(404)) - Starting XceiverServerRatis acc690db-1381-479d-90ad-8aa346d73f29 at port 0
2019-08-30 07:34:18,602 | INFO  | SCMAudit | user=jenkins1000 | ip=192.168.5.156 | op=GET_VERSION null | ret=SUCCESS |  
2019-08-30 07:34:18,620 [Datanode State Machine Thread - 0] INFO  impl.RaftServerProxy (RaftServerProxy.java:lambda$start$3(299)) - a45a7528-2ba0-4bc3-913c-850122b1269f: start RPC server
2019-08-30 07:34:18,624 [Datanode State Machine Thread - 0] INFO  server.GrpcService (GrpcService.java:startImpl(149)) - a45a7528-2ba0-4bc3-913c-850122b1269f: GrpcService started, listening on 0.0.0.0/0.0.0.0:32945
2019-08-30 07:34:18,624 [Datanode State Machine Thread - 0] INFO  ratis.XceiverServerRatis (XceiverServerRatis.java:start(414)) - XceiverServerRatis a45a7528-2ba0-4bc3-913c-850122b1269f is started using port 32945
2019-08-30 07:34:18,626 [Datanode State Machine Thread - 0] INFO  impl.RaftServerProxy (RaftServerProxy.java:lambda$start$3(299)) - fa47bd42-2000-4a68-b335-f6aa68ddcd76: start RPC server
2019-08-30 07:34:18,627 [Datanode State Machine Thread - 0] INFO  server.XceiverServerGrpc (XceiverServerGrpc.java:start(163)) - XceiverServerGrpc a45a7528-2ba0-4bc3-913c-850122b1269f is started using port 46833
2019-08-30 07:34:18,633 [Datanode State Machine Thread - 0] INFO  server.GrpcService (GrpcService.java:startImpl(149)) - fa47bd42-2000-4a68-b335-f6aa68ddcd76: GrpcService started, listening on 0.0.0.0/0.0.0.0:41858
2019-08-30 07:34:18,633 [Datanode State Machine Thread - 0] INFO  ratis.XceiverServerRatis (XceiverServerRatis.java:start(414)) - XceiverServerRatis fa47bd42-2000-4a68-b335-f6aa68ddcd76 is started using port 41858
2019-08-30 07:34:18,642 [Datanode State Machine Thread - 0] INFO  server.XceiverServerGrpc (XceiverServerGrpc.java:start(163)) - XceiverServerGrpc fa47bd42-2000-4a68-b335-f6aa68ddcd76 is started using port 42033
2019-08-30 07:34:18,643 [Datanode State Machine Thread - 0] INFO  impl.RaftServerProxy (RaftServerProxy.java:lambda$start$3(299)) - acc690db-1381-479d-90ad-8aa346d73f29: start RPC server
2019-08-30 07:34:18,646 [Datanode State Machine Thread - 0] INFO  server.GrpcService (GrpcService.java:startImpl(149)) - acc690db-1381-479d-90ad-8aa346d73f29: GrpcService started, listening on 0.0.0.0/0.0.0.0:37691
2019-08-30 07:34:18,646 [Datanode State Machine Thread - 0] INFO  ratis.XceiverServerRatis (XceiverServerRatis.java:start(414)) - XceiverServerRatis acc690db-1381-479d-90ad-8aa346d73f29 is started using port 37691
2019-08-30 07:34:18,649 [Datanode State Machine Thread - 0] INFO  server.XceiverServerGrpc (XceiverServerGrpc.java:start(163)) - XceiverServerGrpc acc690db-1381-479d-90ad-8aa346d73f29 is started using port 45284
2019-08-30 07:34:18,789 | INFO  | SCMAudit | user=jenkins1000 | ip=192.168.5.156 | op=GET_VERSION null | ret=SUCCESS |  
2019-08-30 07:34:18,973 | INFO  | SCMAudit | user=jenkins1000 | ip=192.168.5.156 | op=GET_VERSION null | ret=SUCCESS |  
2019-08-30 07:34:19,147 [main] INFO  ozone.MiniOzoneClusterImpl (MiniOzoneClusterImpl.java:lambda$waitForClusterToBeReady$0(142)) - Waiting for cluster to be ready. Got 1 of 10 DN Heartbeats.
2019-08-30 07:34:19,152 | INFO  | SCMAudit | user=jenkins1000 | ip=192.168.5.156 | op=GET_VERSION null | ret=SUCCESS |  
2019-08-30 07:34:19,194 [IPC Server handler 3 on 43657] INFO  net.NetworkTopology (NetworkTopologyImpl.java:add(110)) - Added a new node: /default-rack/fa47bd42-2000-4a68-b335-f6aa68ddcd76
2019-08-30 07:34:19,194 [IPC Server handler 3 on 43657] INFO  node.SCMNodeManager (SCMNodeManager.java:register(274)) - Registered Data node : fa47bd42-2000-4a68-b335-f6aa68ddcd76{ip: 192.168.5.156, host: pr-hdds-1569-5th2c-4253854396, networkLocation: /default-rack, certSerialId: null}
2019-08-30 07:34:19,195 | INFO  | SCMAudit | user=jenkins1000 | ip=192.168.5.156 | op=REGISTER {datanodeDetails=fa47bd42-2000-4a68-b335-f6aa68ddcd76{ip: 192.168.5.156, host: pr-hdds-1569-5th2c-4253854396, networkLocation: /default-rack, certSerialId: null}} | ret=SUCCESS |  
2019-08-30 07:34:19,200 | INFO  | SCMAudit | user=jenkins1000 | ip=192.168.5.156 | op=SEND_HEARTBEAT {datanodeUUID=f20ba990-a1ec-4251-b44f-b0954e9459c1, command=[]} | ret=SUCCESS |  
2019-08-30 07:34:19,407 [IPC Server handler 5 on 43657] INFO  net.NetworkTopology (NetworkTopologyImpl.java:add(110)) - Added a new node: /default-rack/a45a7528-2ba0-4bc3-913c-850122b1269f
2019-08-30 07:34:19,407 [IPC Server handler 5 on 43657] INFO  node.SCMNodeManager (SCMNodeManager.java:register(274)) - Registered Data node : a45a7528-2ba0-4bc3-913c-850122b1269f{ip: 192.168.5.156, host: pr-hdds-1569-5th2c-4253854396, networkLocation: /default-rack, certSerialId: null}
2019-08-30 07:34:19,408 | INFO  | SCMAudit | user=jenkins1000 | ip=192.168.5.156 | op=REGISTER {datanodeDetails=a45a7528-2ba0-4bc3-913c-850122b1269f{ip: 192.168.5.156, host: pr-hdds-1569-5th2c-4253854396, networkLocation: /default-rack, certSerialId: null}} | ret=SUCCESS |  
2019-08-30 07:34:19,879 [IPC Server handler 6 on 43657] INFO  net.NetworkTopology (NetworkTopologyImpl.java:add(110)) - Added a new node: /default-rack/acc690db-1381-479d-90ad-8aa346d73f29
2019-08-30 07:34:19,880 [IPC Server handler 6 on 43657] INFO  node.SCMNodeManager (SCMNodeManager.java:register(274)) - Registered Data node : acc690db-1381-479d-90ad-8aa346d73f29{ip: 192.168.5.156, host: pr-hdds-1569-5th2c-4253854396, networkLocation: /default-rack, certSerialId: null}
2019-08-30 07:34:19,880 | INFO  | SCMAudit | user=jenkins1000 | ip=192.168.5.156 | op=REGISTER {datanodeDetails=acc690db-1381-479d-90ad-8aa346d73f29{ip: 192.168.5.156, host: pr-hdds-1569-5th2c-4253854396, networkLocation: /default-rack, certSerialId: null}} | ret=SUCCESS |  
2019-08-30 07:34:20,147 [main] INFO  ozone.MiniOzoneClusterImpl (MiniOzoneClusterImpl.java:lambda$waitForClusterToBeReady$0(142)) - Waiting for cluster to be ready. Got 4 of 10 DN Heartbeats.
2019-08-30 07:34:20,178 | INFO  | SCMAudit | user=jenkins1000 | ip=192.168.5.156 | op=SEND_HEARTBEAT {datanodeUUID=f20ba990-a1ec-4251-b44f-b0954e9459c1, command=[]} | ret=SUCCESS |  
2019-08-30 07:34:20,208 [Thread-282] INFO  container.ReplicationManager (ReplicationManager.java:start(152)) - Starting Replication Monitor Thread.
2019-08-30 07:34:20,210 [ReplicationMonitor] INFO  container.ReplicationManager (ReplicationManager.java:run(215)) - Replication Monitor Thread took 0 milliseconds for processing 0 containers.
2019-08-30 07:34:20,384 [RATISCREATEPIPELINE1] ERROR pipeline.RatisPipelineProvider (RatisPipelineProvider.java:lambda$null$5(235)) - Failed invoke Ratis rpc org.apache.hadoop.hdds.scm.pipeline.RatisPipelineProvider$$Lambda$171/1199399042@122ebace for f20ba990-a1ec-4251-b44f-b0954e9459c1
org.apache.ratis.protocol.TimeoutIOException: deadline exceeded after 2958524438ns
	at org.apache.ratis.grpc.GrpcUtil.tryUnwrapException(GrpcUtil.java:82)
	at org.apache.ratis.grpc.GrpcUtil.unwrapException(GrpcUtil.java:75)
	at org.apache.ratis.grpc.client.GrpcClientProtocolClient.blockingCall(GrpcClientProtocolClient.java:169)
	at org.apache.ratis.grpc.client.GrpcClientProtocolClient.groupAdd(GrpcClientProtocolClient.java:138)
	at org.apache.ratis.grpc.client.GrpcClientRpc.sendRequest(GrpcClientRpc.java:94)
	at org.apache.ratis.client.impl.RaftClientImpl.sendRequest(RaftClientImpl.java:279)
	at org.apache.ratis.client.impl.RaftClientImpl.groupAdd(RaftClientImpl.java:206)
	at org.apache.hadoop.hdds.scm.pipeline.RatisPipelineProvider.lambda$initializePipeline$4(RatisPipelineProvider.java:194)
	at org.apache.hadoop.hdds.scm.pipeline.RatisPipelineProvider.lambda$null$5(RatisPipelineProvider.java:231)
	at java.util.stream.ForEachOps$ForEachOp$OfRef.accept(ForEachOps.java:184)
	at java.util.ArrayList$ArrayListSpliterator.forEachRemaining(ArrayList.java:1382)
	at java.util.stream.AbstractPipeline.copyInto(AbstractPipeline.java:482)
	at java.util.stream.ForEachOps$ForEachTask.compute(ForEachOps.java:291)
	at java.util.concurrent.CountedCompleter.exec(CountedCompleter.java:731)
	at java.util.concurrent.ForkJoinTask.doExec(ForkJoinTask.java:289)
	at java.util.concurrent.ForkJoinTask.doInvoke(ForkJoinTask.java:401)
	at java.util.concurrent.ForkJoinTask.invoke(ForkJoinTask.java:734)
	at java.util.stream.ForEachOps$ForEachOp.evaluateParallel(ForEachOps.java:160)
	at java.util.stream.ForEachOps$ForEachOp$OfRef.evaluateParallel(ForEachOps.java:174)
	at java.util.stream.AbstractPipeline.evaluate(AbstractPipeline.java:233)
	at java.util.stream.ReferencePipeline.forEach(ReferencePipeline.java:418)
	at java.util.stream.ReferencePipeline$Head.forEach(ReferencePipeline.java:583)
	at org.apache.hadoop.hdds.scm.pipeline.RatisPipelineProvider.lambda$callRatisRpc$6(RatisPipelineProvider.java:225)
	at java.util.concurrent.ForkJoinTask$AdaptedRunnableAction.exec(ForkJoinTask.java:1386)
	at java.util.concurrent.ForkJoinTask.doExec(ForkJoinTask.java:289)
	at java.util.concurrent.ForkJoinPool$WorkQueue.runTask(ForkJoinPool.java:1056)
	at java.util.concurrent.ForkJoinPool.runWorker(ForkJoinPool.java:1692)
	at java.util.concurrent.ForkJoinWorkerThread.run(ForkJoinWorkerThread.java:157)
Caused by: org.apache.ratis.thirdparty.io.grpc.StatusRuntimeException: DEADLINE_EXCEEDED: deadline exceeded after 2958524438ns
	at org.apache.ratis.thirdparty.io.grpc.stub.ClientCalls.toStatusRuntimeException(ClientCalls.java:233)
	at org.apache.ratis.thirdparty.io.grpc.stub.ClientCalls.getUnchecked(ClientCalls.java:214)
	at org.apache.ratis.thirdparty.io.grpc.stub.ClientCalls.blockingUnaryCall(ClientCalls.java:139)
	at org.apache.ratis.proto.grpc.AdminProtocolServiceGrpc$AdminProtocolServiceBlockingStub.groupManagement(AdminProtocolServiceGrpc.java:274)
	at org.apache.ratis.grpc.client.GrpcClientProtocolClient.lambda$groupAdd$3(GrpcClientProtocolClient.java:140)
	at org.apache.ratis.grpc.client.GrpcClientProtocolClient.blockingCall(GrpcClientProtocolClient.java:167)
	... 25 more
2019-08-30 07:34:20,427 [grpc-default-executor-0] INFO  impl.RaftServerProxy (RaftServerProxy.java:addNew(89)) - a45a7528-2ba0-4bc3-913c-850122b1269f: addNew group-BC5BBD1BED6A:[acc690db-1381-479d-90ad-8aa346d73f29:192.168.5.156:37691, f20ba990-a1ec-4251-b44f-b0954e9459c1:192.168.5.156:36913, a45a7528-2ba0-4bc3-913c-850122b1269f:192.168.5.156:32945] returns group-BC5BBD1BED6A:java.util.concurrent.CompletableFuture@5702226e[Not completed]
2019-08-30 07:34:20,427 [grpc-default-executor-2] INFO  impl.RaftServerProxy (RaftServerProxy.java:addNew(89)) - f20ba990-a1ec-4251-b44f-b0954e9459c1: addNew group-BC5BBD1BED6A:[acc690db-1381-479d-90ad-8aa346d73f29:192.168.5.156:37691, f20ba990-a1ec-4251-b44f-b0954e9459c1:192.168.5.156:36913, a45a7528-2ba0-4bc3-913c-850122b1269f:192.168.5.156:32945] returns group-BC5BBD1BED6A:java.util.concurrent.CompletableFuture@2ad8d587[Not completed]
2019-08-30 07:34:20,427 [grpc-default-executor-1] INFO  impl.RaftServerProxy (RaftServerProxy.java:addNew(89)) - acc690db-1381-479d-90ad-8aa346d73f29: addNew group-BC5BBD1BED6A:[acc690db-1381-479d-90ad-8aa346d73f29:192.168.5.156:37691, f20ba990-a1ec-4251-b44f-b0954e9459c1:192.168.5.156:36913, a45a7528-2ba0-4bc3-913c-850122b1269f:192.168.5.156:32945] returns group-BC5BBD1BED6A:java.util.concurrent.CompletableFuture@68082a87[Not completed]
2019-08-30 07:34:20,465 [pool-38-thread-1] INFO  impl.RaftServerImpl (RaftServerImpl.java:<init>(93)) - a45a7528-2ba0-4bc3-913c-850122b1269f: new RaftServerImpl for group-BC5BBD1BED6A:[acc690db-1381-479d-90ad-8aa346d73f29:192.168.5.156:37691, f20ba990-a1ec-4251-b44f-b0954e9459c1:192.168.5.156:36913, a45a7528-2ba0-4bc3-913c-850122b1269f:192.168.5.156:32945] with ContainerStateMachine:uninitialized
2019-08-30 07:34:20,467 [pool-38-thread-1] INFO  server.RaftServerConfigKeys (ConfUtils.java:logGet(43)) - raft.server.rpc.timeout.min = 1s (custom)
2019-08-30 07:34:20,471 [pool-38-thread-1] INFO  server.RaftServerConfigKeys (ConfUtils.java:logGet(43)) - raft.server.rpc.timeout.max = 1200ms (custom)
2019-08-30 07:34:20,475 [pool-38-thread-1] INFO  server.RaftServerConfigKeys (ConfUtils.java:logGet(43)) - raft.server.rpcslowness.timeout = 120s (custom)
2019-08-30 07:34:20,475 [pool-38-thread-1] INFO  server.RaftServerConfigKeys (ConfUtils.java:logGet(43)) - raft.server.sleep.deviation.threshold = 300 (default)
2019-08-30 07:34:20,475 [pool-38-thread-1] INFO  server.RaftServerConfigKeys (ConfUtils.java:logGet(43)) - raft.server.log.appender.install.snapshot.enabled = false (custom)
2019-08-30 07:34:20,475 [pool-38-thread-1] INFO  impl.RaftServerImpl (ServerState.java:<init>(105)) - a45a7528-2ba0-4bc3-913c-850122b1269f:group-BC5BBD1BED6A ConfigurationManager, init=-1: [acc690db-1381-479d-90ad-8aa346d73f29:192.168.5.156:37691, f20ba990-a1ec-4251-b44f-b0954e9459c1:192.168.5.156:36913, a45a7528-2ba0-4bc3-913c-850122b1269f:192.168.5.156:32945], old=null, confs=<EMPTY_MAP>
2019-08-30 07:34:20,476 [pool-38-thread-1] INFO  server.RaftServerConfigKeys (ConfUtils.java:logGet(43)) - raft.server.storage.dir = [/workdir/hadoop-ozone/integration-test/target/test-dir/MiniOzoneClusterImpl-e2a0042e-8006-48d2-a527-f4f759a7d1b5/datanode-1/data/ratis] (custom)
2019-08-30 07:34:20,478 [pool-38-thread-1] INFO  storage.RaftStorageDirectory (RaftStorageDirectory.java:analyzeStorage(246)) - The storage directory /workdir/hadoop-ozone/integration-test/target/test-dir/MiniOzoneClusterImpl-e2a0042e-8006-48d2-a527-f4f759a7d1b5/datanode-1/data/ratis/d9b9f0f8-1571-4c22-9895-bc5bbd1bed6a does not exist. Creating ...
2019-08-30 07:34:20,479 [pool-49-thread-1] INFO  impl.RaftServerImpl (RaftServerImpl.java:<init>(93)) - acc690db-1381-479d-90ad-8aa346d73f29: new RaftServerImpl for group-BC5BBD1BED6A:[acc690db-1381-479d-90ad-8aa346d73f29:192.168.5.156:37691, f20ba990-a1ec-4251-b44f-b0954e9459c1:192.168.5.156:36913, a45a7528-2ba0-4bc3-913c-850122b1269f:192.168.5.156:32945] with ContainerStateMachine:uninitialized
2019-08-30 07:34:20,479 [pool-49-thread-1] INFO  server.RaftServerConfigKeys (ConfUtils.java:logGet(43)) - raft.server.rpc.timeout.min = 1s (custom)
2019-08-30 07:34:20,479 [pool-49-thread-1] INFO  server.RaftServerConfigKeys (ConfUtils.java:logGet(43)) - raft.server.rpc.timeout.max = 1200ms (custom)
2019-08-30 07:34:20,480 [pool-49-thread-1] INFO  server.RaftServerConfigKeys (ConfUtils.java:logGet(43)) - raft.server.rpcslowness.timeout = 120s (custom)
2019-08-30 07:34:20,480 [pool-49-thread-1] INFO  server.RaftServerConfigKeys (ConfUtils.java:logGet(43)) - raft.server.sleep.deviation.threshold = 300 (default)
2019-08-30 07:34:20,480 [pool-49-thread-1] INFO  server.RaftServerConfigKeys (ConfUtils.java:logGet(43)) - raft.server.log.appender.install.snapshot.enabled = false (custom)
2019-08-30 07:34:20,480 [pool-49-thread-1] INFO  impl.RaftServerImpl (ServerState.java:<init>(105)) - acc690db-1381-479d-90ad-8aa346d73f29:group-BC5BBD1BED6A ConfigurationManager, init=-1: [acc690db-1381-479d-90ad-8aa346d73f29:192.168.5.156:37691, f20ba990-a1ec-4251-b44f-b0954e9459c1:192.168.5.156:36913, a45a7528-2ba0-4bc3-913c-850122b1269f:192.168.5.156:32945], old=null, confs=<EMPTY_MAP>
2019-08-30 07:34:20,481 [pool-49-thread-1] INFO  server.RaftServerConfigKeys (ConfUtils.java:logGet(43)) - raft.server.storage.dir = [/workdir/hadoop-ozone/integration-test/target/test-dir/MiniOzoneClusterImpl-e2a0042e-8006-48d2-a527-f4f759a7d1b5/datanode-2/data/ratis] (custom)
2019-08-30 07:34:20,481 [pool-49-thread-1] INFO  storage.RaftStorageDirectory (RaftStorageDirectory.java:analyzeStorage(246)) - The storage directory /workdir/hadoop-ozone/integration-test/target/test-dir/MiniOzoneClusterImpl-e2a0042e-8006-48d2-a527-f4f759a7d1b5/datanode-2/data/ratis/d9b9f0f8-1571-4c22-9895-bc5bbd1bed6a does not exist. Creating ...
2019-08-30 07:34:20,926 [pool-27-thread-1] INFO  storage.RaftStorageDirectory (RaftStorageDirectory.java:tryLock(328)) - Lock on /workdir/hadoop-ozone/integration-test/target/test-dir/MiniOzoneClusterImpl-e2a0042e-8006-48d2-a527-f4f759a7d1b5/datanode-0/data/ratis/a0047a84-d3f1-4b11-9455-3260705896a1/in_use.lock acquired by nodename 30688@pr-hdds-1569-5th2c-4253854396
2019-08-30 07:34:21,148 [main] INFO  ozone.MiniOzoneClusterImpl (MiniOzoneClusterImpl.java:lambda$waitForClusterToBeReady$0(142)) - Waiting for cluster to be ready. Got 4 of 10 DN Heartbeats.
2019-08-30 07:34:21,179 | INFO  | SCMAudit | user=jenkins1000 | ip=192.168.5.156 | op=SEND_HEARTBEAT {datanodeUUID=f20ba990-a1ec-4251-b44f-b0954e9459c1, command=[]} | ret=SUCCESS |  
2019-08-30 07:34:21,193 | INFO  | SCMAudit | user=jenkins1000 | ip=192.168.5.156 | op=SEND_HEARTBEAT {datanodeUUID=fa47bd42-2000-4a68-b335-f6aa68ddcd76, command=[]} | ret=SUCCESS |  
2019-08-30 07:34:21,405 | INFO  | SCMAudit | user=jenkins1000 | ip=192.168.5.156 | op=SEND_HEARTBEAT {datanodeUUID=a45a7528-2ba0-4bc3-913c-850122b1269f, command=[]} | ret=SUCCESS |  
2019-08-30 07:34:21,474 [Datanode State Machine Thread - 0] INFO  ozoneimpl.OzoneContainer (OzoneContainer.java:start(186)) - Attempting to start container services.
2019-08-30 07:34:21,474 [Datanode State Machine Thread - 0] INFO  ozoneimpl.OzoneContainer (OzoneContainer.java:start(186)) - Attempting to start container services.
2019-08-30 07:34:21,474 [Datanode State Machine Thread - 0] INFO  ozoneimpl.OzoneContainer (OzoneContainer.java:startContainerScrub(160)) - Background container scrubber has been disabled by hdds.containerscrub.enabled
2019-08-30 07:34:21,474 [Datanode State Machine Thread - 0] INFO  ozoneimpl.OzoneContainer (OzoneContainer.java:start(186)) - Attempting to start container services.
2019-08-30 07:34:21,474 [Datanode State Machine Thread - 0] INFO  ozoneimpl.OzoneContainer (OzoneContainer.java:start(186)) - Attempting to start container services.
2019-08-30 07:34:21,475 [Datanode State Machine Thread - 0] INFO  ozoneimpl.OzoneContainer (OzoneContainer.java:startContainerScrub(160)) - Background container scrubber has been disabled by hdds.containerscrub.enabled
2019-08-30 07:34:21,475 [Datanode State Machine Thread - 0] INFO  ratis.XceiverServerRatis (XceiverServerRatis.java:start(404)) - Starting XceiverServerRatis 28af1cec-03f6-4f1e-ae7b-b0964308b7ec at port 0
2019-08-30 07:34:21,475 [Datanode State Machine Thread - 0] INFO  ozoneimpl.OzoneContainer (OzoneContainer.java:startContainerScrub(160)) - Background container scrubber has been disabled by hdds.containerscrub.enabled
2019-08-30 07:34:21,475 [Datanode State Machine Thread - 0] INFO  ratis.XceiverServerRatis (XceiverServerRatis.java:start(404)) - Starting XceiverServerRatis c1f9b5f6-3f1a-4e58-b5c3-6c327452b89e at port 0
2019-08-30 07:34:21,475 [Datanode State Machine Thread - 0] INFO  ozoneimpl.OzoneContainer (OzoneContainer.java:startContainerScrub(160)) - Background container scrubber has been disabled by hdds.containerscrub.enabled
2019-08-30 07:34:21,476 [Datanode State Machine Thread - 0] INFO  ratis.XceiverServerRatis (XceiverServerRatis.java:start(404)) - Starting XceiverServerRatis 905b07e9-2fc0-493e-9dc2-ae90eb733c4f at port 0
2019-08-30 07:34:21,476 [Datanode State Machine Thread - 0] INFO  ratis.XceiverServerRatis (XceiverServerRatis.java:start(404)) - Starting XceiverServerRatis cb5a5d16-88a3-41b0-858f-6232e86de455 at port 0
2019-08-30 07:34:21,499 [Datanode State Machine Thread - 0] INFO  impl.RaftServerProxy (RaftServerProxy.java:lambda$start$3(299)) - 905b07e9-2fc0-493e-9dc2-ae90eb733c4f: start RPC server
2019-08-30 07:34:21,506 [Datanode State Machine Thread - 0] INFO  server.GrpcService (GrpcService.java:startImpl(149)) - 905b07e9-2fc0-493e-9dc2-ae90eb733c4f: GrpcService started, listening on 0.0.0.0/0.0.0.0:36850
2019-08-30 07:34:21,506 [Datanode State Machine Thread - 0] INFO  ratis.XceiverServerRatis (XceiverServerRatis.java:start(414)) - XceiverServerRatis 905b07e9-2fc0-493e-9dc2-ae90eb733c4f is started using port 36850
2019-08-30 07:34:21,510 [Datanode State Machine Thread - 0] INFO  server.XceiverServerGrpc (XceiverServerGrpc.java:start(163)) - XceiverServerGrpc 905b07e9-2fc0-493e-9dc2-ae90eb733c4f is started using port 35461
2019-08-30 07:34:21,510 [Datanode State Machine Thread - 0] INFO  impl.RaftServerProxy (RaftServerProxy.java:lambda$start$3(299)) - c1f9b5f6-3f1a-4e58-b5c3-6c327452b89e: start RPC server
2019-08-30 07:34:21,511 [Datanode State Machine Thread - 0] INFO  impl.RaftServerProxy (RaftServerProxy.java:lambda$start$3(299)) - cb5a5d16-88a3-41b0-858f-6232e86de455: start RPC server
2019-08-30 07:34:21,511 [Datanode State Machine Thread - 0] INFO  impl.RaftServerProxy (RaftServerProxy.java:lambda$start$3(299)) - 28af1cec-03f6-4f1e-ae7b-b0964308b7ec: start RPC server
2019-08-30 07:34:21,524 [Datanode State Machine Thread - 0] INFO  server.GrpcService (GrpcService.java:startImpl(149)) - c1f9b5f6-3f1a-4e58-b5c3-6c327452b89e: GrpcService started, listening on 0.0.0.0/0.0.0.0:46765
2019-08-30 07:34:21,526 [Datanode State Machine Thread - 0] INFO  server.GrpcService (GrpcService.java:startImpl(149)) - cb5a5d16-88a3-41b0-858f-6232e86de455: GrpcService started, listening on 0.0.0.0/0.0.0.0:39426
2019-08-30 07:34:21,526 [Datanode State Machine Thread - 0] INFO  ratis.XceiverServerRatis (XceiverServerRatis.java:start(414)) - XceiverServerRatis c1f9b5f6-3f1a-4e58-b5c3-6c327452b89e is started using port 46765
2019-08-30 07:34:21,529 [Datanode State Machine Thread - 0] INFO  ratis.XceiverServerRatis (XceiverServerRatis.java:start(414)) - XceiverServerRatis cb5a5d16-88a3-41b0-858f-6232e86de455 is started using port 39426
2019-08-30 07:34:21,530 [Datanode State Machine Thread - 0] INFO  server.GrpcService (GrpcService.java:startImpl(149)) - 28af1cec-03f6-4f1e-ae7b-b0964308b7ec: GrpcService started, listening on 0.0.0.0/0.0.0.0:45260
2019-08-30 07:34:21,536 [Datanode State Machine Thread - 0] INFO  ratis.XceiverServerRatis (XceiverServerRatis.java:start(414)) - XceiverServerRatis 28af1cec-03f6-4f1e-ae7b-b0964308b7ec is started using port 45260
2019-08-30 07:34:21,536 [Datanode State Machine Thread - 0] INFO  server.XceiverServerGrpc (XceiverServerGrpc.java:start(163)) - XceiverServerGrpc cb5a5d16-88a3-41b0-858f-6232e86de455 is started using port 46629
2019-08-30 07:34:21,536 [Datanode State Machine Thread - 0] INFO  server.XceiverServerGrpc (XceiverServerGrpc.java:start(163)) - XceiverServerGrpc c1f9b5f6-3f1a-4e58-b5c3-6c327452b89e is started using port 40666
2019-08-30 07:34:21,540 [Datanode State Machine Thread - 0] INFO  server.XceiverServerGrpc (XceiverServerGrpc.java:start(163)) - XceiverServerGrpc 28af1cec-03f6-4f1e-ae7b-b0964308b7ec is started using port 38370
2019-08-30 07:34:21,902 | INFO  | SCMAudit | user=jenkins1000 | ip=192.168.5.156 | op=SEND_HEARTBEAT {datanodeUUID=acc690db-1381-479d-90ad-8aa346d73f29, command=[]} | ret=SUCCESS |  
2019-08-30 07:34:21,999 [IPC Server handler 1 on 43657] INFO  net.NetworkTopology (NetworkTopologyImpl.java:add(110)) - Added a new node: /default-rack/c1f9b5f6-3f1a-4e58-b5c3-6c327452b89e
2019-08-30 07:34:22,000 [IPC Server handler 1 on 43657] INFO  node.SCMNodeManager (SCMNodeManager.java:register(274)) - Registered Data node : c1f9b5f6-3f1a-4e58-b5c3-6c327452b89e{ip: 192.168.5.156, host: pr-hdds-1569-5th2c-4253854396, networkLocation: /default-rack, certSerialId: null}
2019-08-30 07:34:22,000 | INFO  | SCMAudit | user=jenkins1000 | ip=192.168.5.156 | op=REGISTER {datanodeDetails=c1f9b5f6-3f1a-4e58-b5c3-6c327452b89e{ip: 192.168.5.156, host: pr-hdds-1569-5th2c-4253854396, networkLocation: /default-rack, certSerialId: null}} | ret=SUCCESS |  
2019-08-30 07:34:22,148 [main] INFO  ozone.MiniOzoneClusterImpl (MiniOzoneClusterImpl.java:lambda$waitForClusterToBeReady$0(142)) - Waiting for cluster to be ready. Got 5 of 10 DN Heartbeats.
2019-08-30 07:34:22,171 [pool-38-thread-1] INFO  storage.RaftStorageDirectory (RaftStorageDirectory.java:tryLock(328)) - Lock on /workdir/hadoop-ozone/integration-test/target/test-dir/MiniOzoneClusterImpl-e2a0042e-8006-48d2-a527-f4f759a7d1b5/datanode-1/data/ratis/d9b9f0f8-1571-4c22-9895-bc5bbd1bed6a/in_use.lock acquired by nodename 30688@pr-hdds-1569-5th2c-4253854396
2019-08-30 07:34:22,171 [pool-49-thread-1] INFO  storage.RaftStorageDirectory (RaftStorageDirectory.java:tryLock(328)) - Lock on /workdir/hadoop-ozone/integration-test/target/test-dir/MiniOzoneClusterImpl-e2a0042e-8006-48d2-a527-f4f759a7d1b5/datanode-2/data/ratis/d9b9f0f8-1571-4c22-9895-bc5bbd1bed6a/in_use.lock acquired by nodename 30688@pr-hdds-1569-5th2c-4253854396
2019-08-30 07:34:22,179 | INFO  | SCMAudit | user=jenkins1000 | ip=192.168.5.156 | op=SEND_HEARTBEAT {datanodeUUID=f20ba990-a1ec-4251-b44f-b0954e9459c1, command=[]} | ret=SUCCESS |  
2019-08-30 07:34:22,194 | INFO  | SCMAudit | user=jenkins1000 | ip=192.168.5.156 | op=SEND_HEARTBEAT {datanodeUUID=fa47bd42-2000-4a68-b335-f6aa68ddcd76, command=[]} | ret=SUCCESS |  
2019-08-30 07:34:22,405 | INFO  | SCMAudit | user=jenkins1000 | ip=192.168.5.156 | op=SEND_HEARTBEAT {datanodeUUID=a45a7528-2ba0-4bc3-913c-850122b1269f, command=[]} | ret=SUCCESS |  
2019-08-30 07:34:22,605 [IPC Server handler 6 on 43657] INFO  net.NetworkTopology (NetworkTopologyImpl.java:add(110)) - Added a new node: /default-rack/905b07e9-2fc0-493e-9dc2-ae90eb733c4f
2019-08-30 07:34:22,605 [IPC Server handler 6 on 43657] INFO  node.SCMNodeManager (SCMNodeManager.java:register(274)) - Registered Data node : 905b07e9-2fc0-493e-9dc2-ae90eb733c4f{ip: 192.168.5.156, host: pr-hdds-1569-5th2c-4253854396, networkLocation: /default-rack, certSerialId: null}
2019-08-30 07:34:22,606 | INFO  | SCMAudit | user=jenkins1000 | ip=192.168.5.156 | op=REGISTER {datanodeDetails=905b07e9-2fc0-493e-9dc2-ae90eb733c4f{ip: 192.168.5.156, host: pr-hdds-1569-5th2c-4253854396, networkLocation: /default-rack, certSerialId: null}} | ret=SUCCESS |  
2019-08-30 07:34:22,793 [IPC Server handler 8 on 43657] INFO  net.NetworkTopology (NetworkTopologyImpl.java:add(110)) - Added a new node: /default-rack/cb5a5d16-88a3-41b0-858f-6232e86de455
2019-08-30 07:34:22,793 [IPC Server handler 8 on 43657] INFO  node.SCMNodeManager (SCMNodeManager.java:register(274)) - Registered Data node : cb5a5d16-88a3-41b0-858f-6232e86de455{ip: 192.168.5.156, host: pr-hdds-1569-5th2c-4253854396, networkLocation: /default-rack, certSerialId: null}
2019-08-30 07:34:22,794 | INFO  | SCMAudit | user=jenkins1000 | ip=192.168.5.156 | op=REGISTER {datanodeDetails=cb5a5d16-88a3-41b0-858f-6232e86de455{ip: 192.168.5.156, host: pr-hdds-1569-5th2c-4253854396, networkLocation: /default-rack, certSerialId: null}} | ret=SUCCESS |  
2019-08-30 07:34:22,879 | INFO  | SCMAudit | user=jenkins1000 | ip=192.168.5.156 | op=SEND_HEARTBEAT {datanodeUUID=acc690db-1381-479d-90ad-8aa346d73f29, command=[]} | ret=SUCCESS |  
2019-08-30 07:34:23,146 [Datanode State Machine Thread - 0] INFO  ozoneimpl.OzoneContainer (OzoneContainer.java:start(186)) - Attempting to start container services.
2019-08-30 07:34:23,146 [Datanode State Machine Thread - 0] INFO  ozoneimpl.OzoneContainer (OzoneContainer.java:start(186)) - Attempting to start container services.
2019-08-30 07:34:23,152 [main] INFO  ozone.MiniOzoneClusterImpl (MiniOzoneClusterImpl.java:lambda$waitForClusterToBeReady$0(142)) - Waiting for cluster to be ready. Got 7 of 10 DN Heartbeats.
2019-08-30 07:34:23,152 [Datanode State Machine Thread - 0] INFO  ozoneimpl.OzoneContainer (OzoneContainer.java:startContainerScrub(160)) - Background container scrubber has been disabled by hdds.containerscrub.enabled
2019-08-30 07:34:23,153 [Datanode State Machine Thread - 0] INFO  ozoneimpl.OzoneContainer (OzoneContainer.java:startContainerScrub(160)) - Background container scrubber has been disabled by hdds.containerscrub.enabled
2019-08-30 07:34:23,153 [Datanode State Machine Thread - 0] INFO  ratis.XceiverServerRatis (XceiverServerRatis.java:start(404)) - Starting XceiverServerRatis cf19ac65-0b70-4753-9cfc-44acb7cd902c at port 0
2019-08-30 07:34:23,153 [Datanode State Machine Thread - 0] INFO  ratis.XceiverServerRatis (XceiverServerRatis.java:start(404)) - Starting XceiverServerRatis 4a5ae11c-f2ff-4cf6-9dca-760126bc39ff at port 0
2019-08-30 07:34:23,165 [Datanode State Machine Thread - 0] INFO  impl.RaftServerProxy (RaftServerProxy.java:lambda$start$3(299)) - 4a5ae11c-f2ff-4cf6-9dca-760126bc39ff: start RPC server
2019-08-30 07:34:23,165 [Datanode State Machine Thread - 0] INFO  impl.RaftServerProxy (RaftServerProxy.java:lambda$start$3(299)) - cf19ac65-0b70-4753-9cfc-44acb7cd902c: start RPC server
2019-08-30 07:34:23,186 [Datanode State Machine Thread - 0] INFO  server.GrpcService (GrpcService.java:startImpl(149)) - cf19ac65-0b70-4753-9cfc-44acb7cd902c: GrpcService started, listening on 0.0.0.0/0.0.0.0:40473
2019-08-30 07:34:23,186 [Datanode State Machine Thread - 0] INFO  server.GrpcService (GrpcService.java:startImpl(149)) - 4a5ae11c-f2ff-4cf6-9dca-760126bc39ff: GrpcService started, listening on 0.0.0.0/0.0.0.0:35689
2019-08-30 07:34:23,186 [Datanode State Machine Thread - 0] INFO  ratis.XceiverServerRatis (XceiverServerRatis.java:start(414)) - XceiverServerRatis cf19ac65-0b70-4753-9cfc-44acb7cd902c is started using port 40473
2019-08-30 07:34:23,188 [Datanode State Machine Thread - 0] INFO  ratis.XceiverServerRatis (XceiverServerRatis.java:start(414)) - XceiverServerRatis 4a5ae11c-f2ff-4cf6-9dca-760126bc39ff is started using port 35689
2019-08-30 07:34:23,203 | INFO  | SCMAudit | user=jenkins1000 | ip=192.168.5.156 | op=SEND_HEARTBEAT {datanodeUUID=f20ba990-a1ec-4251-b44f-b0954e9459c1, command=[]} | ret=SUCCESS |  
2019-08-30 07:34:23,206 [Datanode State Machine Thread - 0] INFO  server.XceiverServerGrpc (XceiverServerGrpc.java:start(163)) - XceiverServerGrpc cf19ac65-0b70-4753-9cfc-44acb7cd902c is started using port 44760
2019-08-30 07:34:23,206 [Datanode State Machine Thread - 0] INFO  server.XceiverServerGrpc (XceiverServerGrpc.java:start(163)) - XceiverServerGrpc 4a5ae11c-f2ff-4cf6-9dca-760126bc39ff is started using port 44294
2019-08-30 07:34:23,206 | INFO  | SCMAudit | user=jenkins1000 | ip=192.168.5.156 | op=SEND_HEARTBEAT {datanodeUUID=fa47bd42-2000-4a68-b335-f6aa68ddcd76, command=[]} | ret=SUCCESS |  
2019-08-30 07:34:23,408 [RATISCREATEPIPELINE3] ERROR pipeline.RatisPipelineProvider (RatisPipelineProvider.java:lambda$null$5(235)) - Failed invoke Ratis rpc org.apache.hadoop.hdds.scm.pipeline.RatisPipelineProvider$$Lambda$171/1199399042@70d6e43a for f20ba990-a1ec-4251-b44f-b0954e9459c1
org.apache.ratis.protocol.TimeoutIOException: deadline exceeded after 2999706574ns
	at org.apache.ratis.grpc.GrpcUtil.tryUnwrapException(GrpcUtil.java:82)
	at org.apache.ratis.grpc.GrpcUtil.unwrapException(GrpcUtil.java:75)
	at org.apache.ratis.grpc.client.GrpcClientProtocolClient.blockingCall(GrpcClientProtocolClient.java:169)
	at org.apache.ratis.grpc.client.GrpcClientProtocolClient.groupAdd(GrpcClientProtocolClient.java:138)
	at org.apache.ratis.grpc.client.GrpcClientRpc.sendRequest(GrpcClientRpc.java:94)
	at org.apache.ratis.client.impl.RaftClientImpl.sendRequest(RaftClientImpl.java:279)
	at org.apache.ratis.client.impl.RaftClientImpl.groupAdd(RaftClientImpl.java:206)
	at org.apache.hadoop.hdds.scm.pipeline.RatisPipelineProvider.lambda$initializePipeline$4(RatisPipelineProvider.java:194)
	at org.apache.hadoop.hdds.scm.pipeline.RatisPipelineProvider.lambda$null$5(RatisPipelineProvider.java:231)
	at java.util.stream.ForEachOps$ForEachOp$OfRef.accept(ForEachOps.java:184)
	at java.util.ArrayList$ArrayListSpliterator.forEachRemaining(ArrayList.java:1382)
	at java.util.stream.AbstractPipeline.copyInto(AbstractPipeline.java:482)
	at java.util.stream.ForEachOps$ForEachTask.compute(ForEachOps.java:291)
	at java.util.concurrent.CountedCompleter.exec(CountedCompleter.java:731)
	at java.util.concurrent.ForkJoinTask.doExec(ForkJoinTask.java:289)
	at java.util.concurrent.ForkJoinPool$WorkQueue.runTask(ForkJoinPool.java:1056)
	at java.util.concurrent.ForkJoinPool.runWorker(ForkJoinPool.java:1692)
	at java.util.concurrent.ForkJoinWorkerThread.run(ForkJoinWorkerThread.java:157)
Caused by: org.apache.ratis.thirdparty.io.grpc.StatusRuntimeException: DEADLINE_EXCEEDED: deadline exceeded after 2999706574ns
	at org.apache.ratis.thirdparty.io.grpc.stub.ClientCalls.toStatusRuntimeException(ClientCalls.java:233)
	at org.apache.ratis.thirdparty.io.grpc.stub.ClientCalls.getUnchecked(ClientCalls.java:214)
	at org.apache.ratis.thirdparty.io.grpc.stub.ClientCalls.blockingUnaryCall(ClientCalls.java:139)
	at org.apache.ratis.proto.grpc.AdminProtocolServiceGrpc$AdminProtocolServiceBlockingStub.groupManagement(AdminProtocolServiceGrpc.java:274)
	at org.apache.ratis.grpc.client.GrpcClientProtocolClient.lambda$groupAdd$3(GrpcClientProtocolClient.java:140)
	at org.apache.ratis.grpc.client.GrpcClientProtocolClient.blockingCall(GrpcClientProtocolClient.java:167)
	... 15 more
2019-08-30 07:34:23,420 | INFO  | SCMAudit | user=jenkins1000 | ip=192.168.5.156 | op=SEND_HEARTBEAT {datanodeUUID=a45a7528-2ba0-4bc3-913c-850122b1269f, command=[]} | ret=SUCCESS |  
2019-08-30 07:34:23,408 [RATISCREATEPIPELINE2] ERROR pipeline.RatisPipelineProvider (RatisPipelineProvider.java:lambda$null$5(235)) - Failed invoke Ratis rpc org.apache.hadoop.hdds.scm.pipeline.RatisPipelineProvider$$Lambda$171/1199399042@70d6e43a for acc690db-1381-479d-90ad-8aa346d73f29
org.apache.ratis.protocol.TimeoutIOException: deadline exceeded after 2999714847ns
	at org.apache.ratis.grpc.GrpcUtil.tryUnwrapException(GrpcUtil.java:82)
	at org.apache.ratis.grpc.GrpcUtil.unwrapException(GrpcUtil.java:75)
	at org.apache.ratis.grpc.client.GrpcClientProtocolClient.blockingCall(GrpcClientProtocolClient.java:169)
	at org.apache.ratis.grpc.client.GrpcClientProtocolClient.groupAdd(GrpcClientProtocolClient.java:138)
	at org.apache.ratis.grpc.client.GrpcClientRpc.sendRequest(GrpcClientRpc.java:94)
	at org.apache.ratis.client.impl.RaftClientImpl.sendRequest(RaftClientImpl.java:279)
	at org.apache.ratis.client.impl.RaftClientImpl.groupAdd(RaftClientImpl.java:206)
	at org.apache.hadoop.hdds.scm.pipeline.RatisPipelineProvider.lambda$initializePipeline$4(RatisPipelineProvider.java:194)
	at org.apache.hadoop.hdds.scm.pipeline.RatisPipelineProvider.lambda$null$5(RatisPipelineProvider.java:231)
	at java.util.stream.ForEachOps$ForEachOp$OfRef.accept(ForEachOps.java:184)
	at java.util.ArrayList$ArrayListSpliterator.forEachRemaining(ArrayList.java:1382)
	at java.util.stream.AbstractPipeline.copyInto(AbstractPipeline.java:482)
	at java.util.stream.ForEachOps$ForEachTask.compute(ForEachOps.java:291)
	at java.util.concurrent.CountedCompleter.exec(CountedCompleter.java:731)
	at java.util.concurrent.ForkJoinTask.doExec(ForkJoinTask.java:289)
	at java.util.concurrent.ForkJoinPool$WorkQueue.runTask(ForkJoinPool.java:1056)
	at java.util.concurrent.ForkJoinPool.runWorker(ForkJoinPool.java:1692)
	at java.util.concurrent.ForkJoinWorkerThread.run(ForkJoinWorkerThread.java:157)
Caused by: org.apache.ratis.thirdparty.io.grpc.StatusRuntimeException: DEADLINE_EXCEEDED: deadline exceeded after 2999714847ns
	at org.apache.ratis.thirdparty.io.grpc.stub.ClientCalls.toStatusRuntimeException(ClientCalls.java:233)
	at org.apache.ratis.thirdparty.io.grpc.stub.ClientCalls.getUnchecked(ClientCalls.java:214)
	at org.apache.ratis.thirdparty.io.grpc.stub.ClientCalls.blockingUnaryCall(ClientCalls.java:139)
	at org.apache.ratis.proto.grpc.AdminProtocolServiceGrpc$AdminProtocolServiceBlockingStub.groupManagement(AdminProtocolServiceGrpc.java:274)
	at org.apache.ratis.grpc.client.GrpcClientProtocolClient.lambda$groupAdd$3(GrpcClientProtocolClient.java:140)
	at org.apache.ratis.grpc.client.GrpcClientProtocolClient.blockingCall(GrpcClientProtocolClient.java:167)
	... 15 more
2019-08-30 07:34:23,408 [RATISCREATEPIPELINE1] ERROR pipeline.RatisPipelineProvider (RatisPipelineProvider.java:lambda$null$5(235)) - Failed invoke Ratis rpc org.apache.hadoop.hdds.scm.pipeline.RatisPipelineProvider$$Lambda$171/1199399042@70d6e43a for a45a7528-2ba0-4bc3-913c-850122b1269f
org.apache.ratis.protocol.TimeoutIOException: deadline exceeded after 2997674560ns
	at org.apache.ratis.grpc.GrpcUtil.tryUnwrapException(GrpcUtil.java:82)
	at org.apache.ratis.grpc.GrpcUtil.unwrapException(GrpcUtil.java:75)
	at org.apache.ratis.grpc.client.GrpcClientProtocolClient.blockingCall(GrpcClientProtocolClient.java:169)
	at org.apache.ratis.grpc.client.GrpcClientProtocolClient.groupAdd(GrpcClientProtocolClient.java:138)
	at org.apache.ratis.grpc.client.GrpcClientRpc.sendRequest(GrpcClientRpc.java:94)
	at org.apache.ratis.client.impl.RaftClientImpl.sendRequest(RaftClientImpl.java:279)
	at org.apache.ratis.client.impl.RaftClientImpl.groupAdd(RaftClientImpl.java:206)
	at org.apache.hadoop.hdds.scm.pipeline.RatisPipelineProvider.lambda$initializePipeline$4(RatisPipelineProvider.java:194)
	at org.apache.hadoop.hdds.scm.pipeline.RatisPipelineProvider.lambda$null$5(RatisPipelineProvider.java:231)
	at java.util.stream.ForEachOps$ForEachOp$OfRef.accept(ForEachOps.java:184)
	at java.util.ArrayList$ArrayListSpliterator.forEachRemaining(ArrayList.java:1382)
	at java.util.stream.AbstractPipeline.copyInto(AbstractPipeline.java:482)
	at java.util.stream.ForEachOps$ForEachTask.compute(ForEachOps.java:291)
	at java.util.concurrent.CountedCompleter.exec(CountedCompleter.java:731)
	at java.util.concurrent.ForkJoinTask.doExec(ForkJoinTask.java:289)
	at java.util.concurrent.ForkJoinTask.doInvoke(ForkJoinTask.java:401)
	at java.util.concurrent.ForkJoinTask.invoke(ForkJoinTask.java:734)
	at java.util.stream.ForEachOps$ForEachOp.evaluateParallel(ForEachOps.java:160)
	at java.util.stream.ForEachOps$ForEachOp$OfRef.evaluateParallel(ForEachOps.java:174)
	at java.util.stream.AbstractPipeline.evaluate(AbstractPipeline.java:233)
	at java.util.stream.ReferencePipeline.forEach(ReferencePipeline.java:418)
	at java.util.stream.ReferencePipeline$Head.forEach(ReferencePipeline.java:583)
	at org.apache.hadoop.hdds.scm.pipeline.RatisPipelineProvider.lambda$callRatisRpc$6(RatisPipelineProvider.java:225)
	at java.util.concurrent.ForkJoinTask$AdaptedRunnableAction.exec(ForkJoinTask.java:1386)
	at java.util.concurrent.ForkJoinTask.doExec(ForkJoinTask.java:289)
	at java.util.concurrent.ForkJoinPool$WorkQueue.runTask(ForkJoinPool.java:1056)
	at java.util.concurrent.ForkJoinPool.runWorker(ForkJoinPool.java:1692)
	at java.util.concurrent.ForkJoinWorkerThread.run(ForkJoinWorkerThread.java:157)
Caused by: org.apache.ratis.thirdparty.io.grpc.StatusRuntimeException: DEADLINE_EXCEEDED: deadline exceeded after 2997674560ns
	at org.apache.ratis.thirdparty.io.grpc.stub.ClientCalls.toStatusRuntimeException(ClientCalls.java:233)
	at org.apache.ratis.thirdparty.io.grpc.stub.ClientCalls.getUnchecked(ClientCalls.java:214)
	at org.apache.ratis.thirdparty.io.grpc.stub.ClientCalls.blockingUnaryCall(ClientCalls.java:139)
	at org.apache.ratis.proto.grpc.AdminProtocolServiceGrpc$AdminProtocolServiceBlockingStub.groupManagement(AdminProtocolServiceGrpc.java:274)
	at org.apache.ratis.grpc.client.GrpcClientProtocolClient.lambda$groupAdd$3(GrpcClientProtocolClient.java:140)
	at org.apache.ratis.grpc.client.GrpcClientProtocolClient.blockingCall(GrpcClientProtocolClient.java:167)
	... 25 more
2019-08-30 07:34:23,431 [IPC Server handler 8 on 43657] INFO  net.NetworkTopology (NetworkTopologyImpl.java:add(110)) - Added a new node: /default-rack/28af1cec-03f6-4f1e-ae7b-b0964308b7ec
2019-08-30 07:34:23,435 [IPC Server handler 8 on 43657] INFO  node.SCMNodeManager (SCMNodeManager.java:register(274)) - Registered Data node : 28af1cec-03f6-4f1e-ae7b-b0964308b7ec{ip: 192.168.5.156, host: pr-hdds-1569-5th2c-4253854396, networkLocation: /default-rack, certSerialId: null}
2019-08-30 07:34:23,435 | INFO  | SCMAudit | user=jenkins1000 | ip=192.168.5.156 | op=REGISTER {datanodeDetails=28af1cec-03f6-4f1e-ae7b-b0964308b7ec{ip: 192.168.5.156, host: pr-hdds-1569-5th2c-4253854396, networkLocation: /default-rack, certSerialId: null}} | ret=SUCCESS |  
2019-08-30 07:34:23,465 [grpc-default-executor-2] INFO  impl.RaftServerProxy (RaftServerProxy.java:addNew(89)) - c1f9b5f6-3f1a-4e58-b5c3-6c327452b89e: addNew group-5E72A8F0CA12:[c1f9b5f6-3f1a-4e58-b5c3-6c327452b89e:192.168.5.156:46765] returns group-5E72A8F0CA12:java.util.concurrent.CompletableFuture@5e7f0428[Not completed]
2019-08-30 07:34:23,472 [pool-82-thread-1] INFO  impl.RaftServerImpl (RaftServerImpl.java:<init>(93)) - c1f9b5f6-3f1a-4e58-b5c3-6c327452b89e: new RaftServerImpl for group-5E72A8F0CA12:[c1f9b5f6-3f1a-4e58-b5c3-6c327452b89e:192.168.5.156:46765] with ContainerStateMachine:uninitialized
2019-08-30 07:34:23,473 [pool-82-thread-1] INFO  server.RaftServerConfigKeys (ConfUtils.java:logGet(43)) - raft.server.rpc.timeout.min = 1s (custom)
2019-08-30 07:34:23,473 [pool-82-thread-1] INFO  server.RaftServerConfigKeys (ConfUtils.java:logGet(43)) - raft.server.rpc.timeout.max = 1200ms (custom)
2019-08-30 07:34:23,473 [pool-82-thread-1] INFO  server.RaftServerConfigKeys (ConfUtils.java:logGet(43)) - raft.server.rpcslowness.timeout = 120s (custom)
2019-08-30 07:34:23,473 [pool-82-thread-1] INFO  server.RaftServerConfigKeys (ConfUtils.java:logGet(43)) - raft.server.sleep.deviation.threshold = 300 (default)
2019-08-30 07:34:23,473 [pool-82-thread-1] INFO  server.RaftServerConfigKeys (ConfUtils.java:logGet(43)) - raft.server.log.appender.install.snapshot.enabled = false (custom)
2019-08-30 07:34:23,473 [pool-82-thread-1] INFO  impl.RaftServerImpl (ServerState.java:<init>(105)) - c1f9b5f6-3f1a-4e58-b5c3-6c327452b89e:group-5E72A8F0CA12 ConfigurationManager, init=-1: [c1f9b5f6-3f1a-4e58-b5c3-6c327452b89e:192.168.5.156:46765], old=null, confs=<EMPTY_MAP>
2019-08-30 07:34:23,474 [pool-82-thread-1] INFO  server.RaftServerConfigKeys (ConfUtils.java:logGet(43)) - raft.server.storage.dir = [/workdir/hadoop-ozone/integration-test/target/test-dir/MiniOzoneClusterImpl-e2a0042e-8006-48d2-a527-f4f759a7d1b5/datanode-5/data/ratis] (custom)
2019-08-30 07:34:23,474 [pool-82-thread-1] INFO  storage.RaftStorageDirectory (RaftStorageDirectory.java:analyzeStorage(246)) - The storage directory /workdir/hadoop-ozone/integration-test/target/test-dir/MiniOzoneClusterImpl-e2a0042e-8006-48d2-a527-f4f759a7d1b5/datanode-5/data/ratis/72a0fd76-bbd2-4a3b-991f-5e72a8f0ca12 does not exist. Creating ...
2019-08-30 07:34:23,880 | INFO  | SCMAudit | user=jenkins1000 | ip=192.168.5.156 | op=SEND_HEARTBEAT {datanodeUUID=acc690db-1381-479d-90ad-8aa346d73f29, command=[]} | ret=SUCCESS |  
2019-08-30 07:34:23,994 | INFO  | SCMAudit | user=jenkins1000 | ip=192.168.5.156 | op=SEND_HEARTBEAT {datanodeUUID=c1f9b5f6-3f1a-4e58-b5c3-6c327452b89e, command=[]} | ret=SUCCESS |  
2019-08-30 07:34:24,153 [main] INFO  ozone.MiniOzoneClusterImpl (MiniOzoneClusterImpl.java:lambda$waitForClusterToBeReady$0(142)) - Waiting for cluster to be ready. Got 8 of 10 DN Heartbeats.
2019-08-30 07:34:24,180 | INFO  | SCMAudit | user=jenkins1000 | ip=192.168.5.156 | op=SEND_HEARTBEAT {datanodeUUID=f20ba990-a1ec-4251-b44f-b0954e9459c1, command=[]} | ret=SUCCESS |  
2019-08-30 07:34:24,202 | INFO  | SCMAudit | user=jenkins1000 | ip=192.168.5.156 | op=SEND_HEARTBEAT {datanodeUUID=fa47bd42-2000-4a68-b335-f6aa68ddcd76, command=[]} | ret=SUCCESS |  
2019-08-30 07:34:24,407 | INFO  | SCMAudit | user=jenkins1000 | ip=192.168.5.156 | op=SEND_HEARTBEAT {datanodeUUID=a45a7528-2ba0-4bc3-913c-850122b1269f, command=[]} | ret=SUCCESS |  
2019-08-30 07:34:24,603 | INFO  | SCMAudit | user=jenkins1000 | ip=192.168.5.156 | op=SEND_HEARTBEAT {datanodeUUID=905b07e9-2fc0-493e-9dc2-ae90eb733c4f, command=[]} | ret=SUCCESS |  
2019-08-30 07:34:24,791 | INFO  | SCMAudit | user=jenkins1000 | ip=192.168.5.156 | op=SEND_HEARTBEAT {datanodeUUID=cb5a5d16-88a3-41b0-858f-6232e86de455, command=[]} | ret=SUCCESS |  
2019-08-30 07:34:24,880 | INFO  | SCMAudit | user=jenkins1000 | ip=192.168.5.156 | op=SEND_HEARTBEAT {datanodeUUID=acc690db-1381-479d-90ad-8aa346d73f29, command=[]} | ret=SUCCESS |  
2019-08-30 07:34:25,001 [IPC Server handler 3 on 43657] INFO  net.NetworkTopology (NetworkTopologyImpl.java:add(110)) - Added a new node: /default-rack/4a5ae11c-f2ff-4cf6-9dca-760126bc39ff
2019-08-30 07:34:25,002 | INFO  | SCMAudit | user=jenkins1000 | ip=192.168.5.156 | op=SEND_HEARTBEAT {datanodeUUID=c1f9b5f6-3f1a-4e58-b5c3-6c327452b89e, command=[]} | ret=SUCCESS |  
2019-08-30 07:34:25,002 [IPC Server handler 3 on 43657] INFO  node.SCMNodeManager (SCMNodeManager.java:register(274)) - Registered Data node : 4a5ae11c-f2ff-4cf6-9dca-760126bc39ff{ip: 192.168.5.156, host: pr-hdds-1569-5th2c-4253854396, networkLocation: /default-rack, certSerialId: null}
2019-08-30 07:34:25,002 | INFO  | SCMAudit | user=jenkins1000 | ip=192.168.5.156 | op=REGISTER {datanodeDetails=4a5ae11c-f2ff-4cf6-9dca-760126bc39ff{ip: 192.168.5.156, host: pr-hdds-1569-5th2c-4253854396, networkLocation: /default-rack, certSerialId: null}} | ret=SUCCESS |  
2019-08-30 07:34:25,157 [main] INFO  ozone.MiniOzoneClusterImpl (MiniOzoneClusterImpl.java:lambda$waitForClusterToBeReady$0(142)) - Waiting for cluster to be ready. Got 9 of 10 DN Heartbeats.
2019-08-30 07:34:25,158 [IPC Server handler 5 on 43657] INFO  net.NetworkTopology (NetworkTopologyImpl.java:add(110)) - Added a new node: /default-rack/cf19ac65-0b70-4753-9cfc-44acb7cd902c
2019-08-30 07:34:25,159 [IPC Server handler 5 on 43657] INFO  node.SCMNodeManager (SCMNodeManager.java:register(274)) - Registered Data node : cf19ac65-0b70-4753-9cfc-44acb7cd902c{ip: 192.168.5.156, host: pr-hdds-1569-5th2c-4253854396, networkLocation: /default-rack, certSerialId: null}
2019-08-30 07:34:25,159 | INFO  | SCMAudit | user=jenkins1000 | ip=192.168.5.156 | op=REGISTER {datanodeDetails=cf19ac65-0b70-4753-9cfc-44acb7cd902c{ip: 192.168.5.156, host: pr-hdds-1569-5th2c-4253854396, networkLocation: /default-rack, certSerialId: null}} | ret=SUCCESS |  
2019-08-30 07:34:25,177 | INFO  | SCMAudit | user=jenkins1000 | ip=192.168.5.156 | op=SEND_HEARTBEAT {datanodeUUID=f20ba990-a1ec-4251-b44f-b0954e9459c1, command=[]} | ret=SUCCESS |  
2019-08-30 07:34:25,198 | INFO  | SCMAudit | user=jenkins1000 | ip=192.168.5.156 | op=SEND_HEARTBEAT {datanodeUUID=fa47bd42-2000-4a68-b335-f6aa68ddcd76, command=[]} | ret=SUCCESS |  
2019-08-30 07:34:25,404 | INFO  | SCMAudit | user=jenkins1000 | ip=192.168.5.156 | op=SEND_HEARTBEAT {datanodeUUID=a45a7528-2ba0-4bc3-913c-850122b1269f, command=[]} | ret=SUCCESS |  
2019-08-30 07:34:25,409 | INFO  | SCMAudit | user=jenkins1000 | ip=192.168.5.156 | op=SEND_HEARTBEAT {datanodeUUID=28af1cec-03f6-4f1e-ae7b-b0964308b7ec, command=[]} | ret=SUCCESS |  
2019-08-30 07:34:25,600 | INFO  | SCMAudit | user=jenkins1000 | ip=192.168.5.156 | op=SEND_HEARTBEAT {datanodeUUID=905b07e9-2fc0-493e-9dc2-ae90eb733c4f, command=[]} | ret=SUCCESS |  
2019-08-30 07:34:25,786 | INFO  | SCMAudit | user=jenkins1000 | ip=192.168.5.156 | op=SEND_HEARTBEAT {datanodeUUID=cb5a5d16-88a3-41b0-858f-6232e86de455, command=[]} | ret=SUCCESS |  
2019-08-30 07:34:25,848 [pool-27-thread-1] INFO  storage.RaftStorage (RaftStorage.java:format(72)) - Storage directory /workdir/hadoop-ozone/integration-test/target/test-dir/MiniOzoneClusterImpl-e2a0042e-8006-48d2-a527-f4f759a7d1b5/datanode-0/data/ratis/a0047a84-d3f1-4b11-9455-3260705896a1 has been successfully formatted.
2019-08-30 07:34:25,851 [pool-27-thread-1] INFO  ratis.ContainerStateMachine (ContainerStateMachine.java:loadSnapshot(226)) - group-3260705896A1: The snapshot info is null. Setting the last applied indexto:(t:0, i:~)
2019-08-30 07:34:25,851 [pool-27-thread-1] INFO  server.RaftServerConfigKeys (ConfUtils.java:logGet(43)) - raft.server.leader.election.timeout = 120s (custom)
2019-08-30 07:34:25,854 [pool-27-thread-1] INFO  server.RaftServerConfigKeys (ConfUtils.java:logGet(43)) - raft.server.log.use.memory = false (default)
2019-08-30 07:34:25,860 [pool-27-thread-1] INFO  server.RaftServerConfigKeys (ConfUtils.java:logGet(43)) - raft.server.log.purge.gap = 1000000 (custom)
2019-08-30 07:34:25,860 [pool-27-thread-1] INFO  server.RaftServerConfigKeys (ConfUtils.java:logGet(43)) - raft.server.log.appender.buffer.byte-limit = 33554432 (custom)
2019-08-30 07:34:25,862 [pool-27-thread-1] INFO  server.RaftServerConfigKeys (ConfUtils.java:logGet(43)) - raft.server.log.segment.size.max = 1048576 (custom)
2019-08-30 07:34:25,868 [pool-27-thread-1] INFO  server.RaftServerConfigKeys (ConfUtils.java:logGet(43)) - raft.server.log.segment.cache.num.max = 2 (custom)
2019-08-30 07:34:25,874 [pool-27-thread-1] INFO  segmented.SegmentedRaftLogWorker (SegmentedRaftLogWorker.java:<init>(172)) - new f20ba990-a1ec-4251-b44f-b0954e9459c1-SegmentedRaftLogWorker:Storage Directory /workdir/hadoop-ozone/integration-test/target/test-dir/MiniOzoneClusterImpl-e2a0042e-8006-48d2-a527-f4f759a7d1b5/datanode-0/data/ratis/a0047a84-d3f1-4b11-9455-3260705896a1 for RaftStorage:Storage Directory /workdir/hadoop-ozone/integration-test/target/test-dir/MiniOzoneClusterImpl-e2a0042e-8006-48d2-a527-f4f759a7d1b5/datanode-0/data/ratis/a0047a84-d3f1-4b11-9455-3260705896a1
2019-08-30 07:34:25,875 | INFO  | SCMAudit | user=jenkins1000 | ip=192.168.5.156 | op=SEND_HEARTBEAT {datanodeUUID=acc690db-1381-479d-90ad-8aa346d73f29, command=[]} | ret=SUCCESS |  
2019-08-30 07:34:25,887 [pool-27-thread-1] INFO  server.RaftServerConfigKeys (ConfUtils.java:logGet(43)) - raft.server.log.queue.byte-limit = 2147483647 (custom)
2019-08-30 07:34:25,887 [pool-27-thread-1] INFO  server.RaftServerConfigKeys (ConfUtils.java:logGet(43)) - raft.server.log.queue.element-limit = 1024 (custom)
2019-08-30 07:34:25,893 [pool-27-thread-1] INFO  server.RaftServerConfigKeys (ConfUtils.java:logGet(43)) - raft.server.log.segment.size.max = 1048576 (custom)
2019-08-30 07:34:25,893 [pool-27-thread-1] INFO  server.RaftServerConfigKeys (ConfUtils.java:logGet(43)) - raft.server.log.preallocated.size = 16384 (custom)
2019-08-30 07:34:25,894 [pool-27-thread-1] INFO  server.RaftServerConfigKeys (ConfUtils.java:logGet(43)) - raft.server.log.write.buffer.size = 33554432 (custom)
2019-08-30 07:34:25,894 [pool-27-thread-1] INFO  server.RaftServerConfigKeys (ConfUtils.java:logGet(43)) - raft.server.log.force.sync.num = 128 (default)
2019-08-30 07:34:25,895 [pool-27-thread-1] INFO  server.RaftServerConfigKeys (ConfUtils.java:logGet(43)) - raft.server.log.statemachine.data.sync = true (default)
2019-08-30 07:34:25,895 [pool-27-thread-1] INFO  server.RaftServerConfigKeys (ConfUtils.java:logGet(43)) - raft.server.log.statemachine.data.sync.timeout = 10s (default)
2019-08-30 07:34:25,896 [pool-27-thread-1] INFO  server.RaftServerConfigKeys (ConfUtils.java:logGet(43)) - raft.server.log.statemachine.data.sync.timeout.retry = -1 (default)
2019-08-30 07:34:25,904 [pool-27-thread-1] INFO  server.RaftServerConfigKeys (ConfUtils.java:logGet(43)) - raft.server.log.statemachine.data.caching.enabled = true (custom)
2019-08-30 07:34:25,909 [pool-27-thread-1] INFO  segmented.SegmentedRaftLogWorker (SegmentedRaftLogWorker.java:lambda$new$0(132)) - f20ba990-a1ec-4251-b44f-b0954e9459c1-SegmentedRaftLogWorker:Storage Directory /workdir/hadoop-ozone/integration-test/target/test-dir/MiniOzoneClusterImpl-e2a0042e-8006-48d2-a527-f4f759a7d1b5/datanode-0/data/ratis/a0047a84-d3f1-4b11-9455-3260705896a1: flushIndex: setUnconditionally 0 -> -1
2019-08-30 07:34:25,913 [pool-27-thread-1] INFO  server.RaftServerConfigKeys (ConfUtils.java:logGet(43)) - raft.server.snapshot.auto.trigger.enabled = true (custom)
2019-08-30 07:34:25,914 [pool-27-thread-1] INFO  server.RaftServerConfigKeys (ConfUtils.java:logGet(43)) - raft.server.snapshot.auto.trigger.threshold = 10000 (custom)
2019-08-30 07:34:25,914 [pool-27-thread-1] INFO  server.RaftServerConfigKeys (ConfUtils.java:logGet(43)) - raft.server.retrycache.expirytime = 600000ms (custom)
2019-08-30 07:34:25,934 [pool-27-thread-1] INFO  impl.RaftServerImpl (RaftServerImpl.java:<init>(93)) - f20ba990-a1ec-4251-b44f-b0954e9459c1: new RaftServerImpl for group-BC5BBD1BED6A:[acc690db-1381-479d-90ad-8aa346d73f29:192.168.5.156:37691, f20ba990-a1ec-4251-b44f-b0954e9459c1:192.168.5.156:36913, a45a7528-2ba0-4bc3-913c-850122b1269f:192.168.5.156:32945] with ContainerStateMachine:uninitialized
2019-08-30 07:34:25,934 [pool-27-thread-1] INFO  server.RaftServerConfigKeys (ConfUtils.java:logGet(43)) - raft.server.rpc.timeout.min = 1s (custom)
2019-08-30 07:34:25,934 [pool-27-thread-1] INFO  server.RaftServerConfigKeys (ConfUtils.java:logGet(43)) - raft.server.rpc.timeout.max = 1200ms (custom)
2019-08-30 07:34:25,935 [pool-27-thread-1] INFO  server.RaftServerConfigKeys (ConfUtils.java:logGet(43)) - raft.server.rpcslowness.timeout = 120s (custom)
2019-08-30 07:34:25,935 [pool-27-thread-1] INFO  server.RaftServerConfigKeys (ConfUtils.java:logGet(43)) - raft.server.sleep.deviation.threshold = 300 (default)
2019-08-30 07:34:25,935 [pool-27-thread-1] INFO  server.RaftServerConfigKeys (ConfUtils.java:logGet(43)) - raft.server.log.appender.install.snapshot.enabled = false (custom)
2019-08-30 07:34:25,935 [pool-27-thread-1] INFO  impl.RaftServerImpl (ServerState.java:<init>(105)) - f20ba990-a1ec-4251-b44f-b0954e9459c1:group-BC5BBD1BED6A ConfigurationManager, init=-1: [acc690db-1381-479d-90ad-8aa346d73f29:192.168.5.156:37691, f20ba990-a1ec-4251-b44f-b0954e9459c1:192.168.5.156:36913, a45a7528-2ba0-4bc3-913c-850122b1269f:192.168.5.156:32945], old=null, confs=<EMPTY_MAP>
2019-08-30 07:34:25,935 [pool-27-thread-1] INFO  server.RaftServerConfigKeys (ConfUtils.java:logGet(43)) - raft.server.storage.dir = [/workdir/hadoop-ozone/integration-test/target/test-dir/MiniOzoneClusterImpl-e2a0042e-8006-48d2-a527-f4f759a7d1b5/datanode-0/data/ratis] (custom)
2019-08-30 07:34:25,935 [pool-27-thread-1] INFO  storage.RaftStorageDirectory (RaftStorageDirectory.java:analyzeStorage(246)) - The storage directory /workdir/hadoop-ozone/integration-test/target/test-dir/MiniOzoneClusterImpl-e2a0042e-8006-48d2-a527-f4f759a7d1b5/datanode-0/data/ratis/d9b9f0f8-1571-4c22-9895-bc5bbd1bed6a does not exist. Creating ...
2019-08-30 07:34:25,994 | INFO  | SCMAudit | user=jenkins1000 | ip=192.168.5.156 | op=SEND_HEARTBEAT {datanodeUUID=c1f9b5f6-3f1a-4e58-b5c3-6c327452b89e, command=[]} | ret=SUCCESS |  
2019-08-30 07:34:26,155 [pool-82-thread-1] INFO  storage.RaftStorageDirectory (RaftStorageDirectory.java:tryLock(328)) - Lock on /workdir/hadoop-ozone/integration-test/target/test-dir/MiniOzoneClusterImpl-e2a0042e-8006-48d2-a527-f4f759a7d1b5/datanode-5/data/ratis/72a0fd76-bbd2-4a3b-991f-5e72a8f0ca12/in_use.lock acquired by nodename 30688@pr-hdds-1569-5th2c-4253854396
2019-08-30 07:34:26,160 [main] INFO  ozone.MiniOzoneClusterImpl (MiniOzoneClusterImpl.java:lambda$waitForClusterToBeReady$0(142)) - Cluster is ready. Got 10 of 10 DN Heartbeats.
2019-08-30 07:34:26,177 | INFO  | SCMAudit | user=jenkins1000 | ip=192.168.5.156 | op=SEND_HEARTBEAT {datanodeUUID=f20ba990-a1ec-4251-b44f-b0954e9459c1, command=[]} | ret=SUCCESS |  
2019-08-30 07:34:26,202 | INFO  | SCMAudit | user=jenkins1000 | ip=192.168.5.156 | op=SEND_HEARTBEAT {datanodeUUID=fa47bd42-2000-4a68-b335-f6aa68ddcd76, command=[]} | ret=SUCCESS |  
2019-08-30 07:34:26,404 | INFO  | SCMAudit | user=jenkins1000 | ip=192.168.5.156 | op=SEND_HEARTBEAT {datanodeUUID=a45a7528-2ba0-4bc3-913c-850122b1269f, command=[]} | ret=SUCCESS |  
2019-08-30 07:34:26,409 | INFO  | SCMAudit | user=jenkins1000 | ip=192.168.5.156 | op=SEND_HEARTBEAT {datanodeUUID=28af1cec-03f6-4f1e-ae7b-b0964308b7ec, command=[]} | ret=SUCCESS |  
2019-08-30 07:34:26,446 [RATISCREATEPIPELINE1] ERROR pipeline.RatisPipelineProvider (RatisPipelineProvider.java:lambda$null$5(235)) - Failed invoke Ratis rpc org.apache.hadoop.hdds.scm.pipeline.RatisPipelineProvider$$Lambda$171/1199399042@341c3e6a for c1f9b5f6-3f1a-4e58-b5c3-6c327452b89e
org.apache.ratis.protocol.TimeoutIOException: deadline exceeded after 2999700896ns
	at org.apache.ratis.grpc.GrpcUtil.tryUnwrapException(GrpcUtil.java:82)
	at org.apache.ratis.grpc.GrpcUtil.unwrapException(GrpcUtil.java:75)
	at org.apache.ratis.grpc.client.GrpcClientProtocolClient.blockingCall(GrpcClientProtocolClient.java:169)
	at org.apache.ratis.grpc.client.GrpcClientProtocolClient.groupAdd(GrpcClientProtocolClient.java:138)
	at org.apache.ratis.grpc.client.GrpcClientRpc.sendRequest(GrpcClientRpc.java:94)
	at org.apache.ratis.client.impl.RaftClientImpl.sendRequest(RaftClientImpl.java:279)
	at org.apache.ratis.client.impl.RaftClientImpl.groupAdd(RaftClientImpl.java:206)
	at org.apache.hadoop.hdds.scm.pipeline.RatisPipelineProvider.lambda$initializePipeline$4(RatisPipelineProvider.java:194)
	at org.apache.hadoop.hdds.scm.pipeline.RatisPipelineProvider.lambda$null$5(RatisPipelineProvider.java:231)
	at java.util.stream.ForEachOps$ForEachOp$OfRef.accept(ForEachOps.java:184)
	at java.util.ArrayList$ArrayListSpliterator.forEachRemaining(ArrayList.java:1382)
	at java.util.stream.AbstractPipeline.copyInto(AbstractPipeline.java:482)
	at java.util.stream.ForEachOps$ForEachTask.compute(ForEachOps.java:291)
	at java.util.concurrent.CountedCompleter.exec(CountedCompleter.java:731)
	at java.util.concurrent.ForkJoinTask.doExec(ForkJoinTask.java:289)
	at java.util.concurrent.ForkJoinTask.doInvoke(ForkJoinTask.java:401)
	at java.util.concurrent.ForkJoinTask.invoke(ForkJoinTask.java:734)
	at java.util.stream.ForEachOps$ForEachOp.evaluateParallel(ForEachOps.java:160)
	at java.util.stream.ForEachOps$ForEachOp$OfRef.evaluateParallel(ForEachOps.java:174)
	at java.util.stream.AbstractPipeline.evaluate(AbstractPipeline.java:233)
	at java.util.stream.ReferencePipeline.forEach(ReferencePipeline.java:418)
	at java.util.stream.ReferencePipeline$Head.forEach(ReferencePipeline.java:583)
	at org.apache.hadoop.hdds.scm.pipeline.RatisPipelineProvider.lambda$callRatisRpc$6(RatisPipelineProvider.java:225)
	at java.util.concurrent.ForkJoinTask$AdaptedRunnableAction.exec(ForkJoinTask.java:1386)
	at java.util.concurrent.ForkJoinTask.doExec(ForkJoinTask.java:289)
	at java.util.concurrent.ForkJoinPool$WorkQueue.runTask(ForkJoinPool.java:1056)
	at java.util.concurrent.ForkJoinPool.runWorker(ForkJoinPool.java:1692)
	at java.util.concurrent.ForkJoinWorkerThread.run(ForkJoinWorkerThread.java:157)
Caused by: org.apache.ratis.thirdparty.io.grpc.StatusRuntimeException: DEADLINE_EXCEEDED: deadline exceeded after 2999700896ns
	at org.apache.ratis.thirdparty.io.grpc.stub.ClientCalls.toStatusRuntimeException(ClientCalls.java:233)
	at org.apache.ratis.thirdparty.io.grpc.stub.ClientCalls.getUnchecked(ClientCalls.java:214)
	at org.apache.ratis.thirdparty.io.grpc.stub.ClientCalls.blockingUnaryCall(ClientCalls.java:139)
	at org.apache.ratis.proto.grpc.AdminProtocolServiceGrpc$AdminProtocolServiceBlockingStub.groupManagement(AdminProtocolServiceGrpc.java:274)
	at org.apache.ratis.grpc.client.GrpcClientProtocolClient.lambda$groupAdd$3(GrpcClientProtocolClient.java:140)
	at org.apache.ratis.grpc.client.GrpcClientProtocolClient.blockingCall(GrpcClientProtocolClient.java:167)
	... 25 more
2019-08-30 07:34:26,511 [grpc-default-executor-0] INFO  impl.RaftServerProxy (RaftServerProxy.java:addNew(89)) - c1f9b5f6-3f1a-4e58-b5c3-6c327452b89e: addNew group-70018C5AE2E4:[acc690db-1381-479d-90ad-8aa346d73f29:192.168.5.156:37691, c1f9b5f6-3f1a-4e58-b5c3-6c327452b89e:192.168.5.156:46765, a45a7528-2ba0-4bc3-913c-850122b1269f:192.168.5.156:32945] returns group-70018C5AE2E4:java.util.concurrent.CompletableFuture@1bf516d0[Not completed]
2019-08-30 07:34:26,512 [grpc-default-executor-2] INFO  impl.RaftServerProxy (RaftServerProxy.java:addNew(89)) - a45a7528-2ba0-4bc3-913c-850122b1269f: addNew group-70018C5AE2E4:[acc690db-1381-479d-90ad-8aa346d73f29:192.168.5.156:37691, c1f9b5f6-3f1a-4e58-b5c3-6c327452b89e:192.168.5.156:46765, a45a7528-2ba0-4bc3-913c-850122b1269f:192.168.5.156:32945] returns group-70018C5AE2E4:java.util.concurrent.CompletableFuture@ff5b1f7[Not completed]
2019-08-30 07:34:26,512 [grpc-default-executor-1] INFO  impl.RaftServerProxy (RaftServerProxy.java:addNew(89)) - acc690db-1381-479d-90ad-8aa346d73f29: addNew group-70018C5AE2E4:[acc690db-1381-479d-90ad-8aa346d73f29:192.168.5.156:37691, c1f9b5f6-3f1a-4e58-b5c3-6c327452b89e:192.168.5.156:46765, a45a7528-2ba0-4bc3-913c-850122b1269f:192.168.5.156:32945] returns group-70018C5AE2E4:java.util.concurrent.CompletableFuture@592a25a1[Not completed]
2019-08-30 07:34:26,554 [main] INFO  rpc.RpcClient (RpcClient.java:createVolume(293)) - Creating Volume: datanodefailurehandlingtest, with jenkins1000 as owner.
2019-08-30 07:34:26,600 | INFO  | SCMAudit | user=jenkins1000 | ip=192.168.5.156 | op=SEND_HEARTBEAT {datanodeUUID=905b07e9-2fc0-493e-9dc2-ae90eb733c4f, command=[]} | ret=SUCCESS |  
2019-08-30 07:34:26,787 | INFO  | SCMAudit | user=jenkins1000 | ip=192.168.5.156 | op=SEND_HEARTBEAT {datanodeUUID=cb5a5d16-88a3-41b0-858f-6232e86de455, command=[]} | ret=SUCCESS |  
2019-08-30 07:34:26,876 | INFO  | SCMAudit | user=jenkins1000 | ip=192.168.5.156 | op=SEND_HEARTBEAT {datanodeUUID=acc690db-1381-479d-90ad-8aa346d73f29, command=[]} | ret=SUCCESS |  
2019-08-30 07:34:26,972 | INFO  | SCMAudit | user=jenkins1000 | ip=192.168.5.156 | op=SEND_HEARTBEAT {datanodeUUID=4a5ae11c-f2ff-4cf6-9dca-760126bc39ff, command=[]} | ret=SUCCESS |  
2019-08-30 07:34:26,993 | INFO  | SCMAudit | user=jenkins1000 | ip=192.168.5.156 | op=SEND_HEARTBEAT {datanodeUUID=c1f9b5f6-3f1a-4e58-b5c3-6c327452b89e, command=[]} | ret=SUCCESS |  
2019-08-30 07:34:27,153 | INFO  | SCMAudit | user=jenkins1000 | ip=192.168.5.156 | op=SEND_HEARTBEAT {datanodeUUID=cf19ac65-0b70-4753-9cfc-44acb7cd902c, command=[]} | ret=SUCCESS |  
2019-08-30 07:34:27,176 | INFO  | SCMAudit | user=jenkins1000 | ip=192.168.5.156 | op=SEND_HEARTBEAT {datanodeUUID=f20ba990-a1ec-4251-b44f-b0954e9459c1, command=[]} | ret=SUCCESS |  
2019-08-30 07:34:27,199 | INFO  | SCMAudit | user=jenkins1000 | ip=192.168.5.156 | op=SEND_HEARTBEAT {datanodeUUID=fa47bd42-2000-4a68-b335-f6aa68ddcd76, command=[]} | ret=SUCCESS |  
2019-08-30 07:34:27,336 [pool-38-thread-1] INFO  storage.RaftStorage (RaftStorage.java:format(72)) - Storage directory /workdir/hadoop-ozone/integration-test/target/test-dir/MiniOzoneClusterImpl-e2a0042e-8006-48d2-a527-f4f759a7d1b5/datanode-1/data/ratis/d9b9f0f8-1571-4c22-9895-bc5bbd1bed6a has been successfully formatted.
2019-08-30 07:34:27,336 [pool-49-thread-1] INFO  storage.RaftStorage (RaftStorage.java:format(72)) - Storage directory /workdir/hadoop-ozone/integration-test/target/test-dir/MiniOzoneClusterImpl-e2a0042e-8006-48d2-a527-f4f759a7d1b5/datanode-2/data/ratis/d9b9f0f8-1571-4c22-9895-bc5bbd1bed6a has been successfully formatted.
2019-08-30 07:34:27,340 [pool-38-thread-1] INFO  ratis.ContainerStateMachine (ContainerStateMachine.java:loadSnapshot(226)) - group-BC5BBD1BED6A: The snapshot info is null. Setting the last applied indexto:(t:0, i:~)
2019-08-30 07:34:27,343 [pool-49-thread-1] INFO  ratis.ContainerStateMachine (ContainerStateMachine.java:loadSnapshot(226)) - group-BC5BBD1BED6A: The snapshot info is null. Setting the last applied indexto:(t:0, i:~)
2019-08-30 07:34:27,343 [pool-38-thread-1] INFO  server.RaftServerConfigKeys (ConfUtils.java:logGet(43)) - raft.server.leader.election.timeout = 120s (custom)
2019-08-30 07:34:27,343 [pool-49-thread-1] INFO  server.RaftServerConfigKeys (ConfUtils.java:logGet(43)) - raft.server.leader.election.timeout = 120s (custom)
2019-08-30 07:34:27,343 [pool-38-thread-1] INFO  server.RaftServerConfigKeys (ConfUtils.java:logGet(43)) - raft.server.log.use.memory = false (default)
2019-08-30 07:34:27,343 [pool-49-thread-1] INFO  server.RaftServerConfigKeys (ConfUtils.java:logGet(43)) - raft.server.log.use.memory = false (default)
2019-08-30 07:34:27,343 [pool-38-thread-1] INFO  server.RaftServerConfigKeys (ConfUtils.java:logGet(43)) - raft.server.log.purge.gap = 1000000 (custom)
2019-08-30 07:34:27,344 [pool-49-thread-1] INFO  server.RaftServerConfigKeys (ConfUtils.java:logGet(43)) - raft.server.log.purge.gap = 1000000 (custom)
2019-08-30 07:34:27,344 [pool-38-thread-1] INFO  server.RaftServerConfigKeys (ConfUtils.java:logGet(43)) - raft.server.log.appender.buffer.byte-limit = 33554432 (custom)
2019-08-30 07:34:27,344 [pool-49-thread-1] INFO  server.RaftServerConfigKeys (ConfUtils.java:logGet(43)) - raft.server.log.appender.buffer.byte-limit = 33554432 (custom)
2019-08-30 07:34:27,344 [pool-38-thread-1] INFO  server.RaftServerConfigKeys (ConfUtils.java:logGet(43)) - raft.server.log.segment.size.max = 1048576 (custom)
2019-08-30 07:34:27,344 [pool-49-thread-1] INFO  server.RaftServerConfigKeys (ConfUtils.java:logGet(43)) - raft.server.log.segment.size.max = 1048576 (custom)
2019-08-30 07:34:27,345 [pool-38-thread-1] INFO  server.RaftServerConfigKeys (ConfUtils.java:logGet(43)) - raft.server.log.segment.cache.num.max = 2 (custom)
2019-08-30 07:34:27,345 [pool-49-thread-1] INFO  server.RaftServerConfigKeys (ConfUtils.java:logGet(43)) - raft.server.log.segment.cache.num.max = 2 (custom)
2019-08-30 07:34:27,345 [pool-38-thread-1] INFO  segmented.SegmentedRaftLogWorker (SegmentedRaftLogWorker.java:<init>(172)) - new a45a7528-2ba0-4bc3-913c-850122b1269f-SegmentedRaftLogWorker:Storage Directory /workdir/hadoop-ozone/integration-test/target/test-dir/MiniOzoneClusterImpl-e2a0042e-8006-48d2-a527-f4f759a7d1b5/datanode-1/data/ratis/d9b9f0f8-1571-4c22-9895-bc5bbd1bed6a for RaftStorage:Storage Directory /workdir/hadoop-ozone/integration-test/target/test-dir/MiniOzoneClusterImpl-e2a0042e-8006-48d2-a527-f4f759a7d1b5/datanode-1/data/ratis/d9b9f0f8-1571-4c22-9895-bc5bbd1bed6a
2019-08-30 07:34:27,348 [pool-49-thread-1] INFO  segmented.SegmentedRaftLogWorker (SegmentedRaftLogWorker.java:<init>(172)) - new acc690db-1381-479d-90ad-8aa346d73f29-SegmentedRaftLogWorker:Storage Directory /workdir/hadoop-ozone/integration-test/target/test-dir/MiniOzoneClusterImpl-e2a0042e-8006-48d2-a527-f4f759a7d1b5/datanode-2/data/ratis/d9b9f0f8-1571-4c22-9895-bc5bbd1bed6a for RaftStorage:Storage Directory /workdir/hadoop-ozone/integration-test/target/test-dir/MiniOzoneClusterImpl-e2a0042e-8006-48d2-a527-f4f759a7d1b5/datanode-2/data/ratis/d9b9f0f8-1571-4c22-9895-bc5bbd1bed6a
2019-08-30 07:34:27,348 [pool-38-thread-1] INFO  server.RaftServerConfigKeys (ConfUtils.java:logGet(43)) - raft.server.log.queue.byte-limit = 2147483647 (custom)
2019-08-30 07:34:27,344 | INFO  | OMAudit | user=jenkins1000 | ip=127.0.0.1 | op=CREATE_VOLUME {admin=jenkins1000, owner=jenkins1000, volume=datanodefailurehandlingtest, creationTime=1567150466575, quotaInBytes=1152921504606846976} | ret=SUCCESS |  
2019-08-30 07:34:27,350 [pool-49-thread-1] INFO  server.RaftServerConfigKeys (ConfUtils.java:logGet(43)) - raft.server.log.queue.byte-limit = 2147483647 (custom)
2019-08-30 07:34:27,353 [pool-38-thread-1] INFO  server.RaftServerConfigKeys (ConfUtils.java:logGet(43)) - raft.server.log.queue.element-limit = 1024 (custom)
2019-08-30 07:34:27,353 [pool-49-thread-1] INFO  server.RaftServerConfigKeys (ConfUtils.java:logGet(43)) - raft.server.log.queue.element-limit = 1024 (custom)
2019-08-30 07:34:27,353 [pool-38-thread-1] INFO  server.RaftServerConfigKeys (ConfUtils.java:logGet(43)) - raft.server.log.segment.size.max = 1048576 (custom)
2019-08-30 07:34:27,353 [pool-49-thread-1] INFO  server.RaftServerConfigKeys (ConfUtils.java:logGet(43)) - raft.server.log.segment.size.max = 1048576 (custom)
2019-08-30 07:34:27,353 [pool-38-thread-1] INFO  server.RaftServerConfigKeys (ConfUtils.java:logGet(43)) - raft.server.log.preallocated.size = 16384 (custom)
2019-08-30 07:34:27,354 [pool-49-thread-1] INFO  server.RaftServerConfigKeys (ConfUtils.java:logGet(43)) - raft.server.log.preallocated.size = 16384 (custom)
2019-08-30 07:34:27,356 [pool-38-thread-1] INFO  server.RaftServerConfigKeys (ConfUtils.java:logGet(43)) - raft.server.log.write.buffer.size = 33554432 (custom)
2019-08-30 07:34:27,356 [pool-49-thread-1] INFO  server.RaftServerConfigKeys (ConfUtils.java:logGet(43)) - raft.server.log.write.buffer.size = 33554432 (custom)
2019-08-30 07:34:27,356 [pool-38-thread-1] INFO  server.RaftServerConfigKeys (ConfUtils.java:logGet(43)) - raft.server.log.force.sync.num = 128 (default)
2019-08-30 07:34:27,357 [pool-49-thread-1] INFO  server.RaftServerConfigKeys (ConfUtils.java:logGet(43)) - raft.server.log.force.sync.num = 128 (default)
2019-08-30 07:34:27,357 [pool-38-thread-1] INFO  server.RaftServerConfigKeys (ConfUtils.java:logGet(43)) - raft.server.log.statemachine.data.sync = true (default)
2019-08-30 07:34:27,357 [pool-49-thread-1] INFO  server.RaftServerConfigKeys (ConfUtils.java:logGet(43)) - raft.server.log.statemachine.data.sync = true (default)
2019-08-30 07:34:27,357 [pool-38-thread-1] INFO  server.RaftServerConfigKeys (ConfUtils.java:logGet(43)) - raft.server.log.statemachine.data.sync.timeout = 10s (default)
2019-08-30 07:34:27,357 [pool-49-thread-1] INFO  server.RaftServerConfigKeys (ConfUtils.java:logGet(43)) - raft.server.log.statemachine.data.sync.timeout = 10s (default)
2019-08-30 07:34:27,357 [pool-38-thread-1] INFO  server.RaftServerConfigKeys (ConfUtils.java:logGet(43)) - raft.server.log.statemachine.data.sync.timeout.retry = -1 (default)
2019-08-30 07:34:27,357 [pool-49-thread-1] INFO  server.RaftServerConfigKeys (ConfUtils.java:logGet(43)) - raft.server.log.statemachine.data.sync.timeout.retry = -1 (default)
2019-08-30 07:34:27,358 [pool-38-thread-1] INFO  server.RaftServerConfigKeys (ConfUtils.java:logGet(43)) - raft.server.log.statemachine.data.caching.enabled = true (custom)
2019-08-30 07:34:27,358 [pool-49-thread-1] INFO  server.RaftServerConfigKeys (ConfUtils.java:logGet(43)) - raft.server.log.statemachine.data.caching.enabled = true (custom)
2019-08-30 07:34:27,358 [pool-38-thread-1] INFO  segmented.SegmentedRaftLogWorker (SegmentedRaftLogWorker.java:lambda$new$0(132)) - a45a7528-2ba0-4bc3-913c-850122b1269f-SegmentedRaftLogWorker:Storage Directory /workdir/hadoop-ozone/integration-test/target/test-dir/MiniOzoneClusterImpl-e2a0042e-8006-48d2-a527-f4f759a7d1b5/datanode-1/data/ratis/d9b9f0f8-1571-4c22-9895-bc5bbd1bed6a: flushIndex: setUnconditionally 0 -> -1
2019-08-30 07:34:27,358 [pool-49-thread-1] INFO  segmented.SegmentedRaftLogWorker (SegmentedRaftLogWorker.java:lambda$new$0(132)) - acc690db-1381-479d-90ad-8aa346d73f29-SegmentedRaftLogWorker:Storage Directory /workdir/hadoop-ozone/integration-test/target/test-dir/MiniOzoneClusterImpl-e2a0042e-8006-48d2-a527-f4f759a7d1b5/datanode-2/data/ratis/d9b9f0f8-1571-4c22-9895-bc5bbd1bed6a: flushIndex: setUnconditionally 0 -> -1
2019-08-30 07:34:27,359 [pool-38-thread-1] INFO  server.RaftServerConfigKeys (ConfUtils.java:logGet(43)) - raft.server.snapshot.auto.trigger.enabled = true (custom)
2019-08-30 07:34:27,359 [pool-49-thread-1] INFO  server.RaftServerConfigKeys (ConfUtils.java:logGet(43)) - raft.server.snapshot.auto.trigger.enabled = true (custom)
2019-08-30 07:34:27,359 [pool-38-thread-1] INFO  server.RaftServerConfigKeys (ConfUtils.java:logGet(43)) - raft.server.snapshot.auto.trigger.threshold = 10000 (custom)
2019-08-30 07:34:27,359 [pool-49-thread-1] INFO  server.RaftServerConfigKeys (ConfUtils.java:logGet(43)) - raft.server.snapshot.auto.trigger.threshold = 10000 (custom)
2019-08-30 07:34:27,359 [pool-38-thread-1] INFO  server.RaftServerConfigKeys (ConfUtils.java:logGet(43)) - raft.server.retrycache.expirytime = 600000ms (custom)
2019-08-30 07:34:27,359 [pool-49-thread-1] INFO  server.RaftServerConfigKeys (ConfUtils.java:logGet(43)) - raft.server.retrycache.expirytime = 600000ms (custom)
2019-08-30 07:34:27,364 | INFO  | OMAudit | user=jenkins1000 | ip=127.0.0.1 | op=READ_VOLUME {volume=datanodefailurehandlingtest} | ret=SUCCESS |  
2019-08-30 07:34:27,364 [pool-38-thread-1] INFO  impl.RaftServerImpl (RaftServerImpl.java:<init>(93)) - a45a7528-2ba0-4bc3-913c-850122b1269f: new RaftServerImpl for group-70018C5AE2E4:[acc690db-1381-479d-90ad-8aa346d73f29:192.168.5.156:37691, c1f9b5f6-3f1a-4e58-b5c3-6c327452b89e:192.168.5.156:46765, a45a7528-2ba0-4bc3-913c-850122b1269f:192.168.5.156:32945] with ContainerStateMachine:uninitialized
2019-08-30 07:34:27,364 [pool-38-thread-1] INFO  server.RaftServerConfigKeys (ConfUtils.java:logGet(43)) - raft.server.rpc.timeout.min = 1s (custom)
2019-08-30 07:34:27,364 [pool-38-thread-1] INFO  server.RaftServerConfigKeys (ConfUtils.java:logGet(43)) - raft.server.rpc.timeout.max = 1200ms (custom)
2019-08-30 07:34:27,364 [pool-38-thread-1] INFO  server.RaftServerConfigKeys (ConfUtils.java:logGet(43)) - raft.server.rpcslowness.timeout = 120s (custom)
2019-08-30 07:34:27,364 [pool-38-thread-1] INFO  server.RaftServerConfigKeys (ConfUtils.java:logGet(43)) - raft.server.sleep.deviation.threshold = 300 (default)
2019-08-30 07:34:27,365 [pool-49-thread-1] INFO  impl.RaftServerImpl (RaftServerImpl.java:<init>(93)) - acc690db-1381-479d-90ad-8aa346d73f29: new RaftServerImpl for group-70018C5AE2E4:[acc690db-1381-479d-90ad-8aa346d73f29:192.168.5.156:37691, c1f9b5f6-3f1a-4e58-b5c3-6c327452b89e:192.168.5.156:46765, a45a7528-2ba0-4bc3-913c-850122b1269f:192.168.5.156:32945] with ContainerStateMachine:uninitialized
2019-08-30 07:34:27,365 [pool-38-thread-1] INFO  server.RaftServerConfigKeys (ConfUtils.java:logGet(43)) - raft.server.log.appender.install.snapshot.enabled = false (custom)
2019-08-30 07:34:27,365 [pool-49-thread-1] INFO  server.RaftServerConfigKeys (ConfUtils.java:logGet(43)) - raft.server.rpc.timeout.min = 1s (custom)
2019-08-30 07:34:27,365 [pool-38-thread-1] INFO  impl.RaftServerImpl (ServerState.java:<init>(105)) - a45a7528-2ba0-4bc3-913c-850122b1269f:group-70018C5AE2E4 ConfigurationManager, init=-1: [acc690db-1381-479d-90ad-8aa346d73f29:192.168.5.156:37691, c1f9b5f6-3f1a-4e58-b5c3-6c327452b89e:192.168.5.156:46765, a45a7528-2ba0-4bc3-913c-850122b1269f:192.168.5.156:32945], old=null, confs=<EMPTY_MAP>
2019-08-30 07:34:27,365 [pool-49-thread-1] INFO  server.RaftServerConfigKeys (ConfUtils.java:logGet(43)) - raft.server.rpc.timeout.max = 1200ms (custom)
2019-08-30 07:34:27,365 [pool-38-thread-1] INFO  server.RaftServerConfigKeys (ConfUtils.java:logGet(43)) - raft.server.storage.dir = [/workdir/hadoop-ozone/integration-test/target/test-dir/MiniOzoneClusterImpl-e2a0042e-8006-48d2-a527-f4f759a7d1b5/datanode-1/data/ratis] (custom)
2019-08-30 07:34:27,365 [pool-49-thread-1] INFO  server.RaftServerConfigKeys (ConfUtils.java:logGet(43)) - raft.server.rpcslowness.timeout = 120s (custom)
2019-08-30 07:34:27,366 [pool-49-thread-1] INFO  server.RaftServerConfigKeys (ConfUtils.java:logGet(43)) - raft.server.sleep.deviation.threshold = 300 (default)
2019-08-30 07:34:27,366 [pool-49-thread-1] INFO  server.RaftServerConfigKeys (ConfUtils.java:logGet(43)) - raft.server.log.appender.install.snapshot.enabled = false (custom)
2019-08-30 07:34:27,366 [pool-38-thread-1] INFO  storage.RaftStorageDirectory (RaftStorageDirectory.java:analyzeStorage(246)) - The storage directory /workdir/hadoop-ozone/integration-test/target/test-dir/MiniOzoneClusterImpl-e2a0042e-8006-48d2-a527-f4f759a7d1b5/datanode-1/data/ratis/9779bb75-e5df-4048-98d0-70018c5ae2e4 does not exist. Creating ...
2019-08-30 07:34:27,366 [pool-49-thread-1] INFO  impl.RaftServerImpl (ServerState.java:<init>(105)) - acc690db-1381-479d-90ad-8aa346d73f29:group-70018C5AE2E4 ConfigurationManager, init=-1: [acc690db-1381-479d-90ad-8aa346d73f29:192.168.5.156:37691, c1f9b5f6-3f1a-4e58-b5c3-6c327452b89e:192.168.5.156:46765, a45a7528-2ba0-4bc3-913c-850122b1269f:192.168.5.156:32945], old=null, confs=<EMPTY_MAP>
2019-08-30 07:34:27,366 [pool-49-thread-1] INFO  server.RaftServerConfigKeys (ConfUtils.java:logGet(43)) - raft.server.storage.dir = [/workdir/hadoop-ozone/integration-test/target/test-dir/MiniOzoneClusterImpl-e2a0042e-8006-48d2-a527-f4f759a7d1b5/datanode-2/data/ratis] (custom)
2019-08-30 07:34:27,367 [pool-49-thread-1] INFO  storage.RaftStorageDirectory (RaftStorageDirectory.java:analyzeStorage(246)) - The storage directory /workdir/hadoop-ozone/integration-test/target/test-dir/MiniOzoneClusterImpl-e2a0042e-8006-48d2-a527-f4f759a7d1b5/datanode-2/data/ratis/9779bb75-e5df-4048-98d0-70018c5ae2e4 does not exist. Creating ...
2019-08-30 07:34:27,369 [main] INFO  rpc.RpcClient (RpcClient.java:createBucket(432)) - Creating Bucket: datanodefailurehandlingtest/datanodefailurehandlingtest, with Versioning false and Storage Type set to DISK and Encryption set to false 
2019-08-30 07:34:27,384 | INFO  | OMAudit | user=jenkins1000 | ip=127.0.0.1 | op=CREATE_BUCKET {volume=datanodefailurehandlingtest, bucket=datanodefailurehandlingtest, acls=[user:jenkins1000:a[ACCESS], group:default:a[ACCESS]], isVersionEnabled=false, storageType=DISK, creationTime=0} | ret=SUCCESS |  
2019-08-30 07:34:27,389 | INFO  | OMAudit | user=jenkins1000 | ip=127.0.0.1 | op=READ_VOLUME {volume=datanodefailurehandlingtest} | ret=SUCCESS |  
2019-08-30 07:34:27,394 | INFO  | OMAudit | user=jenkins1000 | ip=127.0.0.1 | op=READ_BUCKET {volume=datanodefailurehandlingtest, bucket=datanodefailurehandlingtest} | ret=SUCCESS |  
2019-08-30 07:34:27,404 | INFO  | SCMAudit | user=jenkins1000 | ip=192.168.5.156 | op=SEND_HEARTBEAT {datanodeUUID=a45a7528-2ba0-4bc3-913c-850122b1269f, command=[]} | ret=SUCCESS |  
2019-08-30 07:34:27,410 | INFO  | SCMAudit | user=jenkins1000 | ip=192.168.5.156 | op=SEND_HEARTBEAT {datanodeUUID=28af1cec-03f6-4f1e-ae7b-b0964308b7ec, command=[]} | ret=SUCCESS |  
2019-08-30 07:34:27,474 [pool-27-thread-1] INFO  storage.RaftStorageDirectory (RaftStorageDirectory.java:tryLock(328)) - Lock on /workdir/hadoop-ozone/integration-test/target/test-dir/MiniOzoneClusterImpl-e2a0042e-8006-48d2-a527-f4f759a7d1b5/datanode-0/data/ratis/d9b9f0f8-1571-4c22-9895-bc5bbd1bed6a/in_use.lock acquired by nodename 30688@pr-hdds-1569-5th2c-4253854396
2019-08-30 07:34:27,601 | INFO  | SCMAudit | user=jenkins1000 | ip=192.168.5.156 | op=SEND_HEARTBEAT {datanodeUUID=905b07e9-2fc0-493e-9dc2-ae90eb733c4f, command=[]} | ret=SUCCESS |  
2019-08-30 07:34:27,787 | INFO  | SCMAudit | user=jenkins1000 | ip=192.168.5.156 | op=SEND_HEARTBEAT {datanodeUUID=cb5a5d16-88a3-41b0-858f-6232e86de455, command=[]} | ret=SUCCESS |  
2019-08-30 07:34:27,876 | INFO  | SCMAudit | user=jenkins1000 | ip=192.168.5.156 | op=SEND_HEARTBEAT {datanodeUUID=acc690db-1381-479d-90ad-8aa346d73f29, command=[]} | ret=SUCCESS |  
2019-08-30 07:34:27,972 | INFO  | SCMAudit | user=jenkins1000 | ip=192.168.5.156 | op=SEND_HEARTBEAT {datanodeUUID=4a5ae11c-f2ff-4cf6-9dca-760126bc39ff, command=[]} | ret=SUCCESS |  
2019-08-30 07:34:27,993 | INFO  | SCMAudit | user=jenkins1000 | ip=192.168.5.156 | op=SEND_HEARTBEAT {datanodeUUID=c1f9b5f6-3f1a-4e58-b5c3-6c327452b89e, command=[]} | ret=SUCCESS |  
2019-08-30 07:34:28,154 | INFO  | SCMAudit | user=jenkins1000 | ip=192.168.5.156 | op=SEND_HEARTBEAT {datanodeUUID=cf19ac65-0b70-4753-9cfc-44acb7cd902c, command=[]} | ret=SUCCESS |  
2019-08-30 07:34:28,176 | INFO  | SCMAudit | user=jenkins1000 | ip=192.168.5.156 | op=SEND_HEARTBEAT {datanodeUUID=f20ba990-a1ec-4251-b44f-b0954e9459c1, command=[]} | ret=SUCCESS |  
2019-08-30 07:34:28,200 | INFO  | SCMAudit | user=jenkins1000 | ip=192.168.5.156 | op=SEND_HEARTBEAT {datanodeUUID=fa47bd42-2000-4a68-b335-f6aa68ddcd76, command=[]} | ret=SUCCESS |  
2019-08-30 07:34:28,404 | INFO  | SCMAudit | user=jenkins1000 | ip=192.168.5.156 | op=SEND_HEARTBEAT {datanodeUUID=a45a7528-2ba0-4bc3-913c-850122b1269f, command=[]} | ret=SUCCESS |  
2019-08-30 07:34:28,410 | INFO  | SCMAudit | user=jenkins1000 | ip=192.168.5.156 | op=SEND_HEARTBEAT {datanodeUUID=28af1cec-03f6-4f1e-ae7b-b0964308b7ec, command=[]} | ret=SUCCESS |  
2019-08-30 07:34:28,600 | INFO  | SCMAudit | user=jenkins1000 | ip=192.168.5.156 | op=SEND_HEARTBEAT {datanodeUUID=905b07e9-2fc0-493e-9dc2-ae90eb733c4f, command=[]} | ret=SUCCESS |  
2019-08-30 07:34:28,787 | INFO  | SCMAudit | user=jenkins1000 | ip=192.168.5.156 | op=SEND_HEARTBEAT {datanodeUUID=cb5a5d16-88a3-41b0-858f-6232e86de455, command=[]} | ret=SUCCESS |  
2019-08-30 07:34:28,877 | INFO  | SCMAudit | user=jenkins1000 | ip=192.168.5.156 | op=SEND_HEARTBEAT {datanodeUUID=acc690db-1381-479d-90ad-8aa346d73f29, command=[]} | ret=SUCCESS |  
2019-08-30 07:34:28,972 | INFO  | SCMAudit | user=jenkins1000 | ip=192.168.5.156 | op=SEND_HEARTBEAT {datanodeUUID=4a5ae11c-f2ff-4cf6-9dca-760126bc39ff, command=[]} | ret=SUCCESS |  
2019-08-30 07:34:28,994 | INFO  | SCMAudit | user=jenkins1000 | ip=192.168.5.156 | op=SEND_HEARTBEAT {datanodeUUID=c1f9b5f6-3f1a-4e58-b5c3-6c327452b89e, command=[]} | ret=SUCCESS |  
2019-08-30 07:34:29,154 | INFO  | SCMAudit | user=jenkins1000 | ip=192.168.5.156 | op=SEND_HEARTBEAT {datanodeUUID=cf19ac65-0b70-4753-9cfc-44acb7cd902c, command=[]} | ret=SUCCESS |  
2019-08-30 07:34:29,177 | INFO  | SCMAudit | user=jenkins1000 | ip=192.168.5.156 | op=SEND_HEARTBEAT {datanodeUUID=f20ba990-a1ec-4251-b44f-b0954e9459c1, command=[]} | ret=SUCCESS |  
2019-08-30 07:34:29,199 | INFO  | SCMAudit | user=jenkins1000 | ip=192.168.5.156 | op=SEND_HEARTBEAT {datanodeUUID=fa47bd42-2000-4a68-b335-f6aa68ddcd76, command=[]} | ret=SUCCESS |  
2019-08-30 07:34:29,405 | INFO  | SCMAudit | user=jenkins1000 | ip=192.168.5.156 | op=SEND_HEARTBEAT {datanodeUUID=a45a7528-2ba0-4bc3-913c-850122b1269f, command=[]} | ret=SUCCESS |  
2019-08-30 07:34:29,410 | INFO  | SCMAudit | user=jenkins1000 | ip=192.168.5.156 | op=SEND_HEARTBEAT {datanodeUUID=28af1cec-03f6-4f1e-ae7b-b0964308b7ec, command=[]} | ret=SUCCESS |  
2019-08-30 07:34:29,468 [RATISCREATEPIPELINE2] ERROR pipeline.RatisPipelineProvider (RatisPipelineProvider.java:lambda$null$5(235)) - Failed invoke Ratis rpc org.apache.hadoop.hdds.scm.pipeline.RatisPipelineProvider$$Lambda$171/1199399042@77daaeef for c1f9b5f6-3f1a-4e58-b5c3-6c327452b89e
org.apache.ratis.protocol.TimeoutIOException: deadline exceeded after 2997472130ns
	at org.apache.ratis.grpc.GrpcUtil.tryUnwrapException(GrpcUtil.java:82)
	at org.apache.ratis.grpc.GrpcUtil.unwrapException(GrpcUtil.java:75)
	at org.apache.ratis.grpc.client.GrpcClientProtocolClient.blockingCall(GrpcClientProtocolClient.java:169)
	at org.apache.ratis.grpc.client.GrpcClientProtocolClient.groupAdd(GrpcClientProtocolClient.java:138)
	at org.apache.ratis.grpc.client.GrpcClientRpc.sendRequest(GrpcClientRpc.java:94)
	at org.apache.ratis.client.impl.RaftClientImpl.sendRequest(RaftClientImpl.java:279)
	at org.apache.ratis.client.impl.RaftClientImpl.groupAdd(RaftClientImpl.java:206)
	at org.apache.hadoop.hdds.scm.pipeline.RatisPipelineProvider.lambda$initializePipeline$4(RatisPipelineProvider.java:194)
	at org.apache.hadoop.hdds.scm.pipeline.RatisPipelineProvider.lambda$null$5(RatisPipelineProvider.java:231)
	at java.util.stream.ForEachOps$ForEachOp$OfRef.accept(ForEachOps.java:184)
	at java.util.ArrayList$ArrayListSpliterator.forEachRemaining(ArrayList.java:1382)
	at java.util.stream.AbstractPipeline.copyInto(AbstractPipeline.java:482)
	at java.util.stream.ForEachOps$ForEachTask.compute(ForEachOps.java:291)
	at java.util.concurrent.CountedCompleter.exec(CountedCompleter.java:731)
	at java.util.concurrent.ForkJoinTask.doExec(ForkJoinTask.java:289)
	at java.util.concurrent.ForkJoinPool$WorkQueue.runTask(ForkJoinPool.java:1056)
	at java.util.concurrent.ForkJoinPool.runWorker(ForkJoinPool.java:1692)
	at java.util.concurrent.ForkJoinWorkerThread.run(ForkJoinWorkerThread.java:157)
Caused by: org.apache.ratis.thirdparty.io.grpc.StatusRuntimeException: DEADLINE_EXCEEDED: deadline exceeded after 2997472130ns
	at org.apache.ratis.thirdparty.io.grpc.stub.ClientCalls.toStatusRuntimeException(ClientCalls.java:233)
	at org.apache.ratis.thirdparty.io.grpc.stub.ClientCalls.getUnchecked(ClientCalls.java:214)
	at org.apache.ratis.thirdparty.io.grpc.stub.ClientCalls.blockingUnaryCall(ClientCalls.java:139)
	at org.apache.ratis.proto.grpc.AdminProtocolServiceGrpc$AdminProtocolServiceBlockingStub.groupManagement(AdminProtocolServiceGrpc.java:274)
	at org.apache.ratis.grpc.client.GrpcClientProtocolClient.lambda$groupAdd$3(GrpcClientProtocolClient.java:140)
	at org.apache.ratis.grpc.client.GrpcClientProtocolClient.blockingCall(GrpcClientProtocolClient.java:167)
	... 15 more
2019-08-30 07:34:29,474 [RATISCREATEPIPELINE1] ERROR pipeline.RatisPipelineProvider (RatisPipelineProvider.java:lambda$null$5(235)) - Failed invoke Ratis rpc org.apache.hadoop.hdds.scm.pipeline.RatisPipelineProvider$$Lambda$171/1199399042@77daaeef for acc690db-1381-479d-90ad-8aa346d73f29
org.apache.ratis.protocol.TimeoutIOException: deadline exceeded after 2999761931ns
	at org.apache.ratis.grpc.GrpcUtil.tryUnwrapException(GrpcUtil.java:82)
	at org.apache.ratis.grpc.GrpcUtil.unwrapException(GrpcUtil.java:75)
	at org.apache.ratis.grpc.client.GrpcClientProtocolClient.blockingCall(GrpcClientProtocolClient.java:169)
	at org.apache.ratis.grpc.client.GrpcClientProtocolClient.groupAdd(GrpcClientProtocolClient.java:138)
	at org.apache.ratis.grpc.client.GrpcClientRpc.sendRequest(GrpcClientRpc.java:94)
	at org.apache.ratis.client.impl.RaftClientImpl.sendRequest(RaftClientImpl.java:279)
	at org.apache.ratis.client.impl.RaftClientImpl.groupAdd(RaftClientImpl.java:206)
	at org.apache.hadoop.hdds.scm.pipeline.RatisPipelineProvider.lambda$initializePipeline$4(RatisPipelineProvider.java:194)
	at org.apache.hadoop.hdds.scm.pipeline.RatisPipelineProvider.lambda$null$5(RatisPipelineProvider.java:231)
	at java.util.stream.ForEachOps$ForEachOp$OfRef.accept(ForEachOps.java:184)
	at java.util.ArrayList$ArrayListSpliterator.forEachRemaining(ArrayList.java:1382)
	at java.util.stream.AbstractPipeline.copyInto(AbstractPipeline.java:482)
	at java.util.stream.ForEachOps$ForEachTask.compute(ForEachOps.java:291)
	at java.util.concurrent.CountedCompleter.exec(CountedCompleter.java:731)
	at java.util.concurrent.ForkJoinTask.doExec(ForkJoinTask.java:289)
	at java.util.concurrent.ForkJoinTask.doInvoke(ForkJoinTask.java:401)
	at java.util.concurrent.ForkJoinTask.invoke(ForkJoinTask.java:734)
	at java.util.stream.ForEachOps$ForEachOp.evaluateParallel(ForEachOps.java:160)
	at java.util.stream.ForEachOps$ForEachOp$OfRef.evaluateParallel(ForEachOps.java:174)
	at java.util.stream.AbstractPipeline.evaluate(AbstractPipeline.java:233)
	at java.util.stream.ReferencePipeline.forEach(ReferencePipeline.java:418)
	at java.util.stream.ReferencePipeline$Head.forEach(ReferencePipeline.java:583)
	at org.apache.hadoop.hdds.scm.pipeline.RatisPipelineProvider.lambda$callRatisRpc$6(RatisPipelineProvider.java:225)
	at java.util.concurrent.ForkJoinTask$AdaptedRunnableAction.exec(ForkJoinTask.java:1386)
	at java.util.concurrent.ForkJoinTask.doExec(ForkJoinTask.java:289)
	at java.util.concurrent.ForkJoinPool$WorkQueue.runTask(ForkJoinPool.java:1056)
	at java.util.concurrent.ForkJoinPool.runWorker(ForkJoinPool.java:1692)
	at java.util.concurrent.ForkJoinWorkerThread.run(ForkJoinWorkerThread.java:157)
Caused by: org.apache.ratis.thirdparty.io.grpc.StatusRuntimeException: DEADLINE_EXCEEDED: deadline exceeded after 2999761931ns
	at org.apache.ratis.thirdparty.io.grpc.stub.ClientCalls.toStatusRuntimeException(ClientCalls.java:233)
	at org.apache.ratis.thirdparty.io.grpc.stub.ClientCalls.getUnchecked(ClientCalls.java:214)
	at org.apache.ratis.thirdparty.io.grpc.stub.ClientCalls.blockingUnaryCall(ClientCalls.java:139)
	at org.apache.ratis.proto.grpc.AdminProtocolServiceGrpc$AdminProtocolServiceBlockingStub.groupManagement(AdminProtocolServiceGrpc.java:274)
	at org.apache.ratis.grpc.client.GrpcClientProtocolClient.lambda$groupAdd$3(GrpcClientProtocolClient.java:140)
	at org.apache.ratis.grpc.client.GrpcClientProtocolClient.blockingCall(GrpcClientProtocolClient.java:167)
	... 25 more
2019-08-30 07:34:29,468 [RATISCREATEPIPELINE3] ERROR pipeline.RatisPipelineProvider (RatisPipelineProvider.java:lambda$null$5(235)) - Failed invoke Ratis rpc org.apache.hadoop.hdds.scm.pipeline.RatisPipelineProvider$$Lambda$171/1199399042@77daaeef for a45a7528-2ba0-4bc3-913c-850122b1269f
org.apache.ratis.protocol.TimeoutIOException: deadline exceeded after 2997437691ns
	at org.apache.ratis.grpc.GrpcUtil.tryUnwrapException(GrpcUtil.java:82)
	at org.apache.ratis.grpc.GrpcUtil.unwrapException(GrpcUtil.java:75)
	at org.apache.ratis.grpc.client.GrpcClientProtocolClient.blockingCall(GrpcClientProtocolClient.java:169)
	at org.apache.ratis.grpc.client.GrpcClientProtocolClient.groupAdd(GrpcClientProtocolClient.java:138)
	at org.apache.ratis.grpc.client.GrpcClientRpc.sendRequest(GrpcClientRpc.java:94)
	at org.apache.ratis.client.impl.RaftClientImpl.sendRequest(RaftClientImpl.java:279)
	at org.apache.ratis.client.impl.RaftClientImpl.groupAdd(RaftClientImpl.java:206)
	at org.apache.hadoop.hdds.scm.pipeline.RatisPipelineProvider.lambda$initializePipeline$4(RatisPipelineProvider.java:194)
	at org.apache.hadoop.hdds.scm.pipeline.RatisPipelineProvider.lambda$null$5(RatisPipelineProvider.java:231)
	at java.util.stream.ForEachOps$ForEachOp$OfRef.accept(ForEachOps.java:184)
	at java.util.ArrayList$ArrayListSpliterator.forEachRemaining(ArrayList.java:1382)
	at java.util.stream.AbstractPipeline.copyInto(AbstractPipeline.java:482)
	at java.util.stream.ForEachOps$ForEachTask.compute(ForEachOps.java:291)
	at java.util.concurrent.CountedCompleter.exec(CountedCompleter.java:731)
	at java.util.concurrent.ForkJoinTask.doExec(ForkJoinTask.java:289)
	at java.util.concurrent.ForkJoinPool$WorkQueue.runTask(ForkJoinPool.java:1056)
	at java.util.concurrent.ForkJoinPool.runWorker(ForkJoinPool.java:1692)
	at java.util.concurrent.ForkJoinWorkerThread.run(ForkJoinWorkerThread.java:157)
Caused by: org.apache.ratis.thirdparty.io.grpc.StatusRuntimeException: DEADLINE_EXCEEDED: deadline exceeded after 2997437691ns
	at org.apache.ratis.thirdparty.io.grpc.stub.ClientCalls.toStatusRuntimeException(ClientCalls.java:233)
	at org.apache.ratis.thirdparty.io.grpc.stub.ClientCalls.getUnchecked(ClientCalls.java:214)
	at org.apache.ratis.thirdparty.io.grpc.stub.ClientCalls.blockingUnaryCall(ClientCalls.java:139)
	at org.apache.ratis.proto.grpc.AdminProtocolServiceGrpc$AdminProtocolServiceBlockingStub.groupManagement(AdminProtocolServiceGrpc.java:274)
	at org.apache.ratis.grpc.client.GrpcClientProtocolClient.lambda$groupAdd$3(GrpcClientProtocolClient.java:140)
	at org.apache.ratis.grpc.client.GrpcClientProtocolClient.blockingCall(GrpcClientProtocolClient.java:167)
	... 15 more
2019-08-30 07:34:29,503 [pool-49-thread-1] INFO  storage.RaftStorageDirectory (RaftStorageDirectory.java:tryLock(328)) - Lock on /workdir/hadoop-ozone/integration-test/target/test-dir/MiniOzoneClusterImpl-e2a0042e-8006-48d2-a527-f4f759a7d1b5/datanode-2/data/ratis/9779bb75-e5df-4048-98d0-70018c5ae2e4/in_use.lock acquired by nodename 30688@pr-hdds-1569-5th2c-4253854396
2019-08-30 07:34:29,503 [pool-38-thread-1] INFO  storage.RaftStorageDirectory (RaftStorageDirectory.java:tryLock(328)) - Lock on /workdir/hadoop-ozone/integration-test/target/test-dir/MiniOzoneClusterImpl-e2a0042e-8006-48d2-a527-f4f759a7d1b5/datanode-1/data/ratis/9779bb75-e5df-4048-98d0-70018c5ae2e4/in_use.lock acquired by nodename 30688@pr-hdds-1569-5th2c-4253854396
2019-08-30 07:34:29,536 [grpc-default-executor-2] INFO  impl.RaftServerProxy (RaftServerProxy.java:addNew(89)) - c1f9b5f6-3f1a-4e58-b5c3-6c327452b89e: addNew group-976E926B68E9:[acc690db-1381-479d-90ad-8aa346d73f29:192.168.5.156:37691, c1f9b5f6-3f1a-4e58-b5c3-6c327452b89e:192.168.5.156:46765, a45a7528-2ba0-4bc3-913c-850122b1269f:192.168.5.156:32945] returns group-976E926B68E9:java.util.concurrent.CompletableFuture@2963bc69[Not completed]
2019-08-30 07:34:29,539 [grpc-default-executor-2] INFO  impl.RaftServerProxy (RaftServerProxy.java:addNew(89)) - a45a7528-2ba0-4bc3-913c-850122b1269f: addNew group-976E926B68E9:[acc690db-1381-479d-90ad-8aa346d73f29:192.168.5.156:37691, c1f9b5f6-3f1a-4e58-b5c3-6c327452b89e:192.168.5.156:46765, a45a7528-2ba0-4bc3-913c-850122b1269f:192.168.5.156:32945] returns group-976E926B68E9:java.util.concurrent.CompletableFuture@bbbcabb[Not completed]
2019-08-30 07:34:29,541 [grpc-default-executor-2] INFO  impl.RaftServerProxy (RaftServerProxy.java:addNew(89)) - acc690db-1381-479d-90ad-8aa346d73f29: addNew group-976E926B68E9:[acc690db-1381-479d-90ad-8aa346d73f29:192.168.5.156:37691, c1f9b5f6-3f1a-4e58-b5c3-6c327452b89e:192.168.5.156:46765, a45a7528-2ba0-4bc3-913c-850122b1269f:192.168.5.156:32945] returns group-976E926B68E9:java.util.concurrent.CompletableFuture@6d775c74[Not completed]
2019-08-30 07:34:29,601 | INFO  | SCMAudit | user=jenkins1000 | ip=192.168.5.156 | op=SEND_HEARTBEAT {datanodeUUID=905b07e9-2fc0-493e-9dc2-ae90eb733c4f, command=[]} | ret=SUCCESS |  
2019-08-30 07:34:29,787 | INFO  | SCMAudit | user=jenkins1000 | ip=192.168.5.156 | op=SEND_HEARTBEAT {datanodeUUID=cb5a5d16-88a3-41b0-858f-6232e86de455, command=[]} | ret=SUCCESS |  
2019-08-30 07:34:29,877 | INFO  | SCMAudit | user=jenkins1000 | ip=192.168.5.156 | op=SEND_HEARTBEAT {datanodeUUID=acc690db-1381-479d-90ad-8aa346d73f29, command=[]} | ret=SUCCESS |  
2019-08-30 07:34:29,971 | INFO  | SCMAudit | user=jenkins1000 | ip=192.168.5.156 | op=SEND_HEARTBEAT {datanodeUUID=4a5ae11c-f2ff-4cf6-9dca-760126bc39ff, command=[]} | ret=SUCCESS |  
2019-08-30 07:34:29,994 | INFO  | SCMAudit | user=jenkins1000 | ip=192.168.5.156 | op=SEND_HEARTBEAT {datanodeUUID=c1f9b5f6-3f1a-4e58-b5c3-6c327452b89e, command=[]} | ret=SUCCESS |  
2019-08-30 07:34:30,154 | INFO  | SCMAudit | user=jenkins1000 | ip=192.168.5.156 | op=SEND_HEARTBEAT {datanodeUUID=cf19ac65-0b70-4753-9cfc-44acb7cd902c, command=[]} | ret=SUCCESS |  
2019-08-30 07:34:30,177 | INFO  | SCMAudit | user=jenkins1000 | ip=192.168.5.156 | op=SEND_HEARTBEAT {datanodeUUID=f20ba990-a1ec-4251-b44f-b0954e9459c1, command=[]} | ret=SUCCESS |  
2019-08-30 07:34:30,200 | INFO  | SCMAudit | user=jenkins1000 | ip=192.168.5.156 | op=SEND_HEARTBEAT {datanodeUUID=fa47bd42-2000-4a68-b335-f6aa68ddcd76, command=[]} | ret=SUCCESS |  
2019-08-30 07:34:30,405 | INFO  | SCMAudit | user=jenkins1000 | ip=192.168.5.156 | op=SEND_HEARTBEAT {datanodeUUID=a45a7528-2ba0-4bc3-913c-850122b1269f, command=[]} | ret=SUCCESS |  
2019-08-30 07:34:30,411 | INFO  | SCMAudit | user=jenkins1000 | ip=192.168.5.156 | op=SEND_HEARTBEAT {datanodeUUID=28af1cec-03f6-4f1e-ae7b-b0964308b7ec, command=[]} | ret=SUCCESS |  
2019-08-30 07:34:30,601 | INFO  | SCMAudit | user=jenkins1000 | ip=192.168.5.156 | op=SEND_HEARTBEAT {datanodeUUID=905b07e9-2fc0-493e-9dc2-ae90eb733c4f, command=[]} | ret=SUCCESS |  
2019-08-30 07:34:30,787 | INFO  | SCMAudit | user=jenkins1000 | ip=192.168.5.156 | op=SEND_HEARTBEAT {datanodeUUID=cb5a5d16-88a3-41b0-858f-6232e86de455, command=[]} | ret=SUCCESS |  
2019-08-30 07:34:30,790 [pool-82-thread-1] INFO  storage.RaftStorage (RaftStorage.java:format(72)) - Storage directory /workdir/hadoop-ozone/integration-test/target/test-dir/MiniOzoneClusterImpl-e2a0042e-8006-48d2-a527-f4f759a7d1b5/datanode-5/data/ratis/72a0fd76-bbd2-4a3b-991f-5e72a8f0ca12 has been successfully formatted.
2019-08-30 07:34:30,791 [pool-82-thread-1] INFO  ratis.ContainerStateMachine (ContainerStateMachine.java:loadSnapshot(226)) - group-5E72A8F0CA12: The snapshot info is null. Setting the last applied indexto:(t:0, i:~)
2019-08-30 07:34:30,791 [pool-82-thread-1] INFO  server.RaftServerConfigKeys (ConfUtils.java:logGet(43)) - raft.server.leader.election.timeout = 120s (custom)
2019-08-30 07:34:30,791 [pool-82-thread-1] INFO  server.RaftServerConfigKeys (ConfUtils.java:logGet(43)) - raft.server.log.use.memory = false (default)
2019-08-30 07:34:30,792 [pool-82-thread-1] INFO  server.RaftServerConfigKeys (ConfUtils.java:logGet(43)) - raft.server.log.purge.gap = 1000000 (custom)
2019-08-30 07:34:30,792 [pool-82-thread-1] INFO  server.RaftServerConfigKeys (ConfUtils.java:logGet(43)) - raft.server.log.appender.buffer.byte-limit = 33554432 (custom)
2019-08-30 07:34:30,792 [pool-82-thread-1] INFO  server.RaftServerConfigKeys (ConfUtils.java:logGet(43)) - raft.server.log.segment.size.max = 1048576 (custom)
2019-08-30 07:34:30,792 [pool-82-thread-1] INFO  server.RaftServerConfigKeys (ConfUtils.java:logGet(43)) - raft.server.log.segment.cache.num.max = 2 (custom)
2019-08-30 07:34:30,792 [pool-82-thread-1] INFO  segmented.SegmentedRaftLogWorker (SegmentedRaftLogWorker.java:<init>(172)) - new c1f9b5f6-3f1a-4e58-b5c3-6c327452b89e-SegmentedRaftLogWorker:Storage Directory /workdir/hadoop-ozone/integration-test/target/test-dir/MiniOzoneClusterImpl-e2a0042e-8006-48d2-a527-f4f759a7d1b5/datanode-5/data/ratis/72a0fd76-bbd2-4a3b-991f-5e72a8f0ca12 for RaftStorage:Storage Directory /workdir/hadoop-ozone/integration-test/target/test-dir/MiniOzoneClusterImpl-e2a0042e-8006-48d2-a527-f4f759a7d1b5/datanode-5/data/ratis/72a0fd76-bbd2-4a3b-991f-5e72a8f0ca12
2019-08-30 07:34:30,792 [pool-82-thread-1] INFO  server.RaftServerConfigKeys (ConfUtils.java:logGet(43)) - raft.server.log.queue.byte-limit = 2147483647 (custom)
2019-08-30 07:34:30,792 [pool-82-thread-1] INFO  server.RaftServerConfigKeys (ConfUtils.java:logGet(43)) - raft.server.log.queue.element-limit = 1024 (custom)
2019-08-30 07:34:30,793 [pool-82-thread-1] INFO  server.RaftServerConfigKeys (ConfUtils.java:logGet(43)) - raft.server.log.segment.size.max = 1048576 (custom)
2019-08-30 07:34:30,793 [pool-82-thread-1] INFO  server.RaftServerConfigKeys (ConfUtils.java:logGet(43)) - raft.server.log.preallocated.size = 16384 (custom)
2019-08-30 07:34:30,793 [pool-82-thread-1] INFO  server.RaftServerConfigKeys (ConfUtils.java:logGet(43)) - raft.server.log.write.buffer.size = 33554432 (custom)
2019-08-30 07:34:30,793 [pool-82-thread-1] INFO  server.RaftServerConfigKeys (ConfUtils.java:logGet(43)) - raft.server.log.force.sync.num = 128 (default)
2019-08-30 07:34:30,793 [pool-82-thread-1] INFO  server.RaftServerConfigKeys (ConfUtils.java:logGet(43)) - raft.server.log.statemachine.data.sync = true (default)
2019-08-30 07:34:30,794 [pool-82-thread-1] INFO  server.RaftServerConfigKeys (ConfUtils.java:logGet(43)) - raft.server.log.statemachine.data.sync.timeout = 10s (default)
2019-08-30 07:34:30,794 [pool-82-thread-1] INFO  server.RaftServerConfigKeys (ConfUtils.java:logGet(43)) - raft.server.log.statemachine.data.sync.timeout.retry = -1 (default)
2019-08-30 07:34:30,794 [pool-82-thread-1] INFO  server.RaftServerConfigKeys (ConfUtils.java:logGet(43)) - raft.server.log.statemachine.data.caching.enabled = true (custom)
2019-08-30 07:34:30,795 [pool-82-thread-1] INFO  segmented.SegmentedRaftLogWorker (SegmentedRaftLogWorker.java:lambda$new$0(132)) - c1f9b5f6-3f1a-4e58-b5c3-6c327452b89e-SegmentedRaftLogWorker:Storage Directory /workdir/hadoop-ozone/integration-test/target/test-dir/MiniOzoneClusterImpl-e2a0042e-8006-48d2-a527-f4f759a7d1b5/datanode-5/data/ratis/72a0fd76-bbd2-4a3b-991f-5e72a8f0ca12: flushIndex: setUnconditionally 0 -> -1
2019-08-30 07:34:30,795 [pool-82-thread-1] INFO  server.RaftServerConfigKeys (ConfUtils.java:logGet(43)) - raft.server.snapshot.auto.trigger.enabled = true (custom)
2019-08-30 07:34:30,795 [pool-82-thread-1] INFO  server.RaftServerConfigKeys (ConfUtils.java:logGet(43)) - raft.server.snapshot.auto.trigger.threshold = 10000 (custom)
2019-08-30 07:34:30,795 [pool-82-thread-1] INFO  server.RaftServerConfigKeys (ConfUtils.java:logGet(43)) - raft.server.retrycache.expirytime = 600000ms (custom)
2019-08-30 07:34:30,797 [pool-82-thread-1] INFO  impl.RaftServerImpl (RaftServerImpl.java:<init>(93)) - c1f9b5f6-3f1a-4e58-b5c3-6c327452b89e: new RaftServerImpl for group-70018C5AE2E4:[acc690db-1381-479d-90ad-8aa346d73f29:192.168.5.156:37691, c1f9b5f6-3f1a-4e58-b5c3-6c327452b89e:192.168.5.156:46765, a45a7528-2ba0-4bc3-913c-850122b1269f:192.168.5.156:32945] with ContainerStateMachine:uninitialized
2019-08-30 07:34:30,797 [pool-82-thread-1] INFO  server.RaftServerConfigKeys (ConfUtils.java:logGet(43)) - raft.server.rpc.timeout.min = 1s (custom)
2019-08-30 07:34:30,797 [pool-82-thread-1] INFO  server.RaftServerConfigKeys (ConfUtils.java:logGet(43)) - raft.server.rpc.timeout.max = 1200ms (custom)
2019-08-30 07:34:30,798 [pool-82-thread-1] INFO  server.RaftServerConfigKeys (ConfUtils.java:logGet(43)) - raft.server.rpcslowness.timeout = 120s (custom)
2019-08-30 07:34:30,798 [pool-82-thread-1] INFO  server.RaftServerConfigKeys (ConfUtils.java:logGet(43)) - raft.server.sleep.deviation.threshold = 300 (default)
2019-08-30 07:34:30,798 [pool-82-thread-1] INFO  server.RaftServerConfigKeys (ConfUtils.java:logGet(43)) - raft.server.log.appender.install.snapshot.enabled = false (custom)
2019-08-30 07:34:30,798 [pool-82-thread-1] INFO  impl.RaftServerImpl (ServerState.java:<init>(105)) - c1f9b5f6-3f1a-4e58-b5c3-6c327452b89e:group-70018C5AE2E4 ConfigurationManager, init=-1: [acc690db-1381-479d-90ad-8aa346d73f29:192.168.5.156:37691, c1f9b5f6-3f1a-4e58-b5c3-6c327452b89e:192.168.5.156:46765, a45a7528-2ba0-4bc3-913c-850122b1269f:192.168.5.156:32945], old=null, confs=<EMPTY_MAP>
2019-08-30 07:34:30,798 [pool-82-thread-1] INFO  server.RaftServerConfigKeys (ConfUtils.java:logGet(43)) - raft.server.storage.dir = [/workdir/hadoop-ozone/integration-test/target/test-dir/MiniOzoneClusterImpl-e2a0042e-8006-48d2-a527-f4f759a7d1b5/datanode-5/data/ratis] (custom)
2019-08-30 07:34:30,799 [pool-82-thread-1] INFO  storage.RaftStorageDirectory (RaftStorageDirectory.java:analyzeStorage(246)) - The storage directory /workdir/hadoop-ozone/integration-test/target/test-dir/MiniOzoneClusterImpl-e2a0042e-8006-48d2-a527-f4f759a7d1b5/datanode-5/data/ratis/9779bb75-e5df-4048-98d0-70018c5ae2e4 does not exist. Creating ...
2019-08-30 07:34:30,877 | INFO  | SCMAudit | user=jenkins1000 | ip=192.168.5.156 | op=SEND_HEARTBEAT {datanodeUUID=acc690db-1381-479d-90ad-8aa346d73f29, command=[]} | ret=SUCCESS |  
2019-08-30 07:34:30,972 | INFO  | SCMAudit | user=jenkins1000 | ip=192.168.5.156 | op=SEND_HEARTBEAT {datanodeUUID=4a5ae11c-f2ff-4cf6-9dca-760126bc39ff, command=[]} | ret=SUCCESS |  
2019-08-30 07:34:30,994 | INFO  | SCMAudit | user=jenkins1000 | ip=192.168.5.156 | op=SEND_HEARTBEAT {datanodeUUID=c1f9b5f6-3f1a-4e58-b5c3-6c327452b89e, command=[]} | ret=SUCCESS |  
2019-08-30 07:34:31,153 | INFO  | SCMAudit | user=jenkins1000 | ip=192.168.5.156 | op=SEND_HEARTBEAT {datanodeUUID=cf19ac65-0b70-4753-9cfc-44acb7cd902c, command=[]} | ret=SUCCESS |  
2019-08-30 07:34:31,177 | INFO  | SCMAudit | user=jenkins1000 | ip=192.168.5.156 | op=SEND_HEARTBEAT {datanodeUUID=f20ba990-a1ec-4251-b44f-b0954e9459c1, command=[]} | ret=SUCCESS |  
2019-08-30 07:34:31,200 | INFO  | SCMAudit | user=jenkins1000 | ip=192.168.5.156 | op=SEND_HEARTBEAT {datanodeUUID=fa47bd42-2000-4a68-b335-f6aa68ddcd76, command=[]} | ret=SUCCESS |  
2019-08-30 07:34:31,405 | INFO  | SCMAudit | user=jenkins1000 | ip=192.168.5.156 | op=SEND_HEARTBEAT {datanodeUUID=a45a7528-2ba0-4bc3-913c-850122b1269f, command=[]} | ret=SUCCESS |  
2019-08-30 07:34:31,412 | INFO  | SCMAudit | user=jenkins1000 | ip=192.168.5.156 | op=SEND_HEARTBEAT {datanodeUUID=28af1cec-03f6-4f1e-ae7b-b0964308b7ec, command=[]} | ret=SUCCESS |  
2019-08-30 07:34:31,601 | INFO  | SCMAudit | user=jenkins1000 | ip=192.168.5.156 | op=SEND_HEARTBEAT {datanodeUUID=905b07e9-2fc0-493e-9dc2-ae90eb733c4f, command=[]} | ret=SUCCESS |  
2019-08-30 07:34:31,788 | INFO  | SCMAudit | user=jenkins1000 | ip=192.168.5.156 | op=SEND_HEARTBEAT {datanodeUUID=cb5a5d16-88a3-41b0-858f-6232e86de455, command=[]} | ret=SUCCESS |  
2019-08-30 07:34:31,877 | INFO  | SCMAudit | user=jenkins1000 | ip=192.168.5.156 | op=SEND_HEARTBEAT {datanodeUUID=acc690db-1381-479d-90ad-8aa346d73f29, command=[]} | ret=SUCCESS |  
2019-08-30 07:34:31,972 | INFO  | SCMAudit | user=jenkins1000 | ip=192.168.5.156 | op=SEND_HEARTBEAT {datanodeUUID=4a5ae11c-f2ff-4cf6-9dca-760126bc39ff, command=[]} | ret=SUCCESS |  
2019-08-30 07:34:31,993 | INFO  | SCMAudit | user=jenkins1000 | ip=192.168.5.156 | op=SEND_HEARTBEAT {datanodeUUID=c1f9b5f6-3f1a-4e58-b5c3-6c327452b89e, command=[]} | ret=SUCCESS |  
2019-08-30 07:34:32,154 | INFO  | SCMAudit | user=jenkins1000 | ip=192.168.5.156 | op=SEND_HEARTBEAT {datanodeUUID=cf19ac65-0b70-4753-9cfc-44acb7cd902c, command=[]} | ret=SUCCESS |  
2019-08-30 07:34:32,178 | INFO  | SCMAudit | user=jenkins1000 | ip=192.168.5.156 | op=SEND_HEARTBEAT {datanodeUUID=f20ba990-a1ec-4251-b44f-b0954e9459c1, command=[]} | ret=SUCCESS |  
2019-08-30 07:34:32,200 | INFO  | SCMAudit | user=jenkins1000 | ip=192.168.5.156 | op=SEND_HEARTBEAT {datanodeUUID=fa47bd42-2000-4a68-b335-f6aa68ddcd76, command=[]} | ret=SUCCESS |  
2019-08-30 07:34:32,405 | INFO  | SCMAudit | user=jenkins1000 | ip=192.168.5.156 | op=SEND_HEARTBEAT {datanodeUUID=a45a7528-2ba0-4bc3-913c-850122b1269f, command=[]} | ret=SUCCESS |  
2019-08-30 07:34:32,411 | INFO  | SCMAudit | user=jenkins1000 | ip=192.168.5.156 | op=SEND_HEARTBEAT {datanodeUUID=28af1cec-03f6-4f1e-ae7b-b0964308b7ec, command=[]} | ret=SUCCESS |  
2019-08-30 07:34:32,429 [pool-27-thread-1] INFO  storage.RaftStorage (RaftStorage.java:format(72)) - Storage directory /workdir/hadoop-ozone/integration-test/target/test-dir/MiniOzoneClusterImpl-e2a0042e-8006-48d2-a527-f4f759a7d1b5/datanode-0/data/ratis/d9b9f0f8-1571-4c22-9895-bc5bbd1bed6a has been successfully formatted.
2019-08-30 07:34:32,434 [pool-27-thread-1] INFO  ratis.ContainerStateMachine (ContainerStateMachine.java:loadSnapshot(226)) - group-BC5BBD1BED6A: The snapshot info is null. Setting the last applied indexto:(t:0, i:~)
2019-08-30 07:34:32,435 [pool-27-thread-1] INFO  server.RaftServerConfigKeys (ConfUtils.java:logGet(43)) - raft.server.leader.election.timeout = 120s (custom)
2019-08-30 07:34:32,435 [pool-27-thread-1] INFO  server.RaftServerConfigKeys (ConfUtils.java:logGet(43)) - raft.server.log.use.memory = false (default)
2019-08-30 07:34:32,435 [pool-27-thread-1] INFO  server.RaftServerConfigKeys (ConfUtils.java:logGet(43)) - raft.server.log.purge.gap = 1000000 (custom)
2019-08-30 07:34:32,435 [pool-27-thread-1] INFO  server.RaftServerConfigKeys (ConfUtils.java:logGet(43)) - raft.server.log.appender.buffer.byte-limit = 33554432 (custom)
2019-08-30 07:34:32,435 [pool-27-thread-1] INFO  server.RaftServerConfigKeys (ConfUtils.java:logGet(43)) - raft.server.log.segment.size.max = 1048576 (custom)
2019-08-30 07:34:32,435 [pool-27-thread-1] INFO  server.RaftServerConfigKeys (ConfUtils.java:logGet(43)) - raft.server.log.segment.cache.num.max = 2 (custom)
2019-08-30 07:34:32,436 [pool-27-thread-1] INFO  segmented.SegmentedRaftLogWorker (SegmentedRaftLogWorker.java:<init>(172)) - new f20ba990-a1ec-4251-b44f-b0954e9459c1-SegmentedRaftLogWorker:Storage Directory /workdir/hadoop-ozone/integration-test/target/test-dir/MiniOzoneClusterImpl-e2a0042e-8006-48d2-a527-f4f759a7d1b5/datanode-0/data/ratis/d9b9f0f8-1571-4c22-9895-bc5bbd1bed6a for RaftStorage:Storage Directory /workdir/hadoop-ozone/integration-test/target/test-dir/MiniOzoneClusterImpl-e2a0042e-8006-48d2-a527-f4f759a7d1b5/datanode-0/data/ratis/d9b9f0f8-1571-4c22-9895-bc5bbd1bed6a
2019-08-30 07:34:32,436 [pool-27-thread-1] INFO  server.RaftServerConfigKeys (ConfUtils.java:logGet(43)) - raft.server.log.queue.byte-limit = 2147483647 (custom)
2019-08-30 07:34:32,436 [pool-27-thread-1] INFO  server.RaftServerConfigKeys (ConfUtils.java:logGet(43)) - raft.server.log.queue.element-limit = 1024 (custom)
2019-08-30 07:34:32,436 [pool-27-thread-1] INFO  server.RaftServerConfigKeys (ConfUtils.java:logGet(43)) - raft.server.log.segment.size.max = 1048576 (custom)
2019-08-30 07:34:32,436 [pool-27-thread-1] INFO  server.RaftServerConfigKeys (ConfUtils.java:logGet(43)) - raft.server.log.preallocated.size = 16384 (custom)
2019-08-30 07:34:32,436 [pool-27-thread-1] INFO  server.RaftServerConfigKeys (ConfUtils.java:logGet(43)) - raft.server.log.write.buffer.size = 33554432 (custom)
2019-08-30 07:34:32,437 [pool-27-thread-1] INFO  server.RaftServerConfigKeys (ConfUtils.java:logGet(43)) - raft.server.log.force.sync.num = 128 (default)
2019-08-30 07:34:32,437 [pool-27-thread-1] INFO  server.RaftServerConfigKeys (ConfUtils.java:logGet(43)) - raft.server.log.statemachine.data.sync = true (default)
2019-08-30 07:34:32,437 [pool-27-thread-1] INFO  server.RaftServerConfigKeys (ConfUtils.java:logGet(43)) - raft.server.log.statemachine.data.sync.timeout = 10s (default)
2019-08-30 07:34:32,437 [pool-27-thread-1] INFO  server.RaftServerConfigKeys (ConfUtils.java:logGet(43)) - raft.server.log.statemachine.data.sync.timeout.retry = -1 (default)
2019-08-30 07:34:32,437 [pool-27-thread-1] INFO  server.RaftServerConfigKeys (ConfUtils.java:logGet(43)) - raft.server.log.statemachine.data.caching.enabled = true (custom)
2019-08-30 07:34:32,438 [pool-27-thread-1] INFO  segmented.SegmentedRaftLogWorker (SegmentedRaftLogWorker.java:lambda$new$0(132)) - f20ba990-a1ec-4251-b44f-b0954e9459c1-SegmentedRaftLogWorker:Storage Directory /workdir/hadoop-ozone/integration-test/target/test-dir/MiniOzoneClusterImpl-e2a0042e-8006-48d2-a527-f4f759a7d1b5/datanode-0/data/ratis/d9b9f0f8-1571-4c22-9895-bc5bbd1bed6a: flushIndex: setUnconditionally 0 -> -1
2019-08-30 07:34:32,438 [pool-27-thread-1] INFO  server.RaftServerConfigKeys (ConfUtils.java:logGet(43)) - raft.server.snapshot.auto.trigger.enabled = true (custom)
2019-08-30 07:34:32,438 [pool-27-thread-1] INFO  server.RaftServerConfigKeys (ConfUtils.java:logGet(43)) - raft.server.snapshot.auto.trigger.threshold = 10000 (custom)
2019-08-30 07:34:32,439 [pool-27-thread-1] INFO  server.RaftServerConfigKeys (ConfUtils.java:logGet(43)) - raft.server.retrycache.expirytime = 600000ms (custom)
2019-08-30 07:34:32,439 [pool-27-thread-1] INFO  impl.RaftServerImpl (RaftServerImpl.java:start(180)) - f20ba990-a1ec-4251-b44f-b0954e9459c1: start group-3260705896A1
2019-08-30 07:34:32,440 [pool-27-thread-1] INFO  impl.RaftServerImpl (RaftServerImpl.java:setRole(171)) - f20ba990-a1ec-4251-b44f-b0954e9459c1:group-3260705896A1 changes role from null to FOLLOWER at term 0 for startAsFollower
2019-08-30 07:34:32,442 [pool-27-thread-1] INFO  impl.RoleInfo (RoleInfo.java:updateAndGet(143)) - f20ba990-a1ec-4251-b44f-b0954e9459c1: start FollowerState
2019-08-30 07:34:32,444 [pool-27-thread-1] INFO  util.JmxRegister (JmxRegister.java:tryRegister(44)) - Successfully registered JMX Bean with object name Ratis:service=RaftServer,group=group-3260705896A1,id=f20ba990-a1ec-4251-b44f-b0954e9459c1
2019-08-30 07:34:32,454 [pool-27-thread-1] INFO  impl.RaftServerImpl (RaftServerImpl.java:start(180)) - f20ba990-a1ec-4251-b44f-b0954e9459c1: start group-BC5BBD1BED6A
2019-08-30 07:34:32,454 [pool-27-thread-1] INFO  impl.RaftServerImpl (RaftServerImpl.java:setRole(171)) - f20ba990-a1ec-4251-b44f-b0954e9459c1:group-BC5BBD1BED6A changes role from null to FOLLOWER at term 0 for startAsFollower
2019-08-30 07:34:32,454 [pool-27-thread-1] INFO  impl.RoleInfo (RoleInfo.java:updateAndGet(143)) - f20ba990-a1ec-4251-b44f-b0954e9459c1: start FollowerState
2019-08-30 07:34:32,455 [pool-27-thread-1] INFO  util.JmxRegister (JmxRegister.java:tryRegister(44)) - Successfully registered JMX Bean with object name Ratis:service=RaftServer,group=group-BC5BBD1BED6A,id=f20ba990-a1ec-4251-b44f-b0954e9459c1
2019-08-30 07:34:32,497 [RATISCREATEPIPELINE1] ERROR pipeline.RatisPipelineProvider (RatisPipelineProvider.java:lambda$null$5(235)) - Failed invoke Ratis rpc org.apache.hadoop.hdds.scm.pipeline.RatisPipelineProvider$$Lambda$171/1199399042@66549c4d for acc690db-1381-479d-90ad-8aa346d73f29
org.apache.ratis.protocol.TimeoutIOException: deadline exceeded after 2999651118ns
	at org.apache.ratis.grpc.GrpcUtil.tryUnwrapException(GrpcUtil.java:82)
	at org.apache.ratis.grpc.GrpcUtil.unwrapException(GrpcUtil.java:75)
	at org.apache.ratis.grpc.client.GrpcClientProtocolClient.blockingCall(GrpcClientProtocolClient.java:169)
	at org.apache.ratis.grpc.client.GrpcClientProtocolClient.groupAdd(GrpcClientProtocolClient.java:138)
	at org.apache.ratis.grpc.client.GrpcClientRpc.sendRequest(GrpcClientRpc.java:94)
	at org.apache.ratis.client.impl.RaftClientImpl.sendRequest(RaftClientImpl.java:279)
	at org.apache.ratis.client.impl.RaftClientImpl.groupAdd(RaftClientImpl.java:206)
	at org.apache.hadoop.hdds.scm.pipeline.RatisPipelineProvider.lambda$initializePipeline$4(RatisPipelineProvider.java:194)
	at org.apache.hadoop.hdds.scm.pipeline.RatisPipelineProvider.lambda$null$5(RatisPipelineProvider.java:231)
	at java.util.stream.ForEachOps$ForEachOp$OfRef.accept(ForEachOps.java:184)
	at java.util.ArrayList$ArrayListSpliterator.forEachRemaining(ArrayList.java:1382)
	at java.util.stream.AbstractPipeline.copyInto(AbstractPipeline.java:482)
	at java.util.stream.ForEachOps$ForEachTask.compute(ForEachOps.java:291)
	at java.util.concurrent.CountedCompleter.exec(CountedCompleter.java:731)
	at java.util.concurrent.ForkJoinTask.doExec(ForkJoinTask.java:289)
	at java.util.concurrent.ForkJoinTask.doInvoke(ForkJoinTask.java:401)
	at java.util.concurrent.ForkJoinTask.invoke(ForkJoinTask.java:734)
	at java.util.stream.ForEachOps$ForEachOp.evaluateParallel(ForEachOps.java:160)
	at java.util.stream.ForEachOps$ForEachOp$OfRef.evaluateParallel(ForEachOps.java:174)
	at java.util.stream.AbstractPipeline.evaluate(AbstractPipeline.java:233)
	at java.util.stream.ReferencePipeline.forEach(ReferencePipeline.java:418)
	at java.util.stream.ReferencePipeline$Head.forEach(ReferencePipeline.java:583)
	at org.apache.hadoop.hdds.scm.pipeline.RatisPipelineProvider.lambda$callRatisRpc$6(RatisPipelineProvider.java:225)
	at java.util.concurrent.ForkJoinTask$AdaptedRunnableAction.exec(ForkJoinTask.java:1386)
	at java.util.concurrent.ForkJoinTask.doExec(ForkJoinTask.java:289)
	at java.util.concurrent.ForkJoinPool$WorkQueue.runTask(ForkJoinPool.java:1056)
	at java.util.concurrent.ForkJoinPool.runWorker(ForkJoinPool.java:1692)
	at java.util.concurrent.ForkJoinWorkerThread.run(ForkJoinWorkerThread.java:157)
Caused by: org.apache.ratis.thirdparty.io.grpc.StatusRuntimeException: DEADLINE_EXCEEDED: deadline exceeded after 2999651118ns
	at org.apache.ratis.thirdparty.io.grpc.stub.ClientCalls.toStatusRuntimeException(ClientCalls.java:233)
	at org.apache.ratis.thirdparty.io.grpc.stub.ClientCalls.getUnchecked(ClientCalls.java:214)
	at org.apache.ratis.thirdparty.io.grpc.stub.ClientCalls.blockingUnaryCall(ClientCalls.java:139)
	at org.apache.ratis.proto.grpc.AdminProtocolServiceGrpc$AdminProtocolServiceBlockingStub.groupManagement(AdminProtocolServiceGrpc.java:274)
	at org.apache.ratis.grpc.client.GrpcClientProtocolClient.lambda$groupAdd$3(GrpcClientProtocolClient.java:140)
	at org.apache.ratis.grpc.client.GrpcClientProtocolClient.blockingCall(GrpcClientProtocolClient.java:167)
	... 25 more
2019-08-30 07:34:32,510 [RATISCREATEPIPELINE3] ERROR pipeline.RatisPipelineProvider (RatisPipelineProvider.java:lambda$null$5(235)) - Failed invoke Ratis rpc org.apache.hadoop.hdds.scm.pipeline.RatisPipelineProvider$$Lambda$171/1199399042@66549c4d for c1f9b5f6-3f1a-4e58-b5c3-6c327452b89e
org.apache.ratis.protocol.TimeoutIOException: deadline exceeded after 2999603636ns
	at org.apache.ratis.grpc.GrpcUtil.tryUnwrapException(GrpcUtil.java:82)
	at org.apache.ratis.grpc.GrpcUtil.unwrapException(GrpcUtil.java:75)
	at org.apache.ratis.grpc.client.GrpcClientProtocolClient.blockingCall(GrpcClientProtocolClient.java:169)
	at org.apache.ratis.grpc.client.GrpcClientProtocolClient.groupAdd(GrpcClientProtocolClient.java:138)
	at org.apache.ratis.grpc.client.GrpcClientRpc.sendRequest(GrpcClientRpc.java:94)
	at org.apache.ratis.client.impl.RaftClientImpl.sendRequest(RaftClientImpl.java:279)
	at org.apache.ratis.client.impl.RaftClientImpl.groupAdd(RaftClientImpl.java:206)
	at org.apache.hadoop.hdds.scm.pipeline.RatisPipelineProvider.lambda$initializePipeline$4(RatisPipelineProvider.java:194)
	at org.apache.hadoop.hdds.scm.pipeline.RatisPipelineProvider.lambda$null$5(RatisPipelineProvider.java:231)
	at java.util.stream.ForEachOps$ForEachOp$OfRef.accept(ForEachOps.java:184)
	at java.util.ArrayList$ArrayListSpliterator.forEachRemaining(ArrayList.java:1382)
	at java.util.stream.AbstractPipeline.copyInto(AbstractPipeline.java:482)
	at java.util.stream.ForEachOps$ForEachTask.compute(ForEachOps.java:291)
	at java.util.concurrent.CountedCompleter.exec(CountedCompleter.java:731)
	at java.util.concurrent.ForkJoinTask.doExec(ForkJoinTask.java:289)
	at java.util.concurrent.ForkJoinPool$WorkQueue.runTask(ForkJoinPool.java:1056)
	at java.util.concurrent.ForkJoinPool.runWorker(ForkJoinPool.java:1692)
	at java.util.concurrent.ForkJoinWorkerThread.run(ForkJoinWorkerThread.java:157)
Caused by: org.apache.ratis.thirdparty.io.grpc.StatusRuntimeException: DEADLINE_EXCEEDED: deadline exceeded after 2999603636ns
	at org.apache.ratis.thirdparty.io.grpc.stub.ClientCalls.toStatusRuntimeException(ClientCalls.java:233)
	at org.apache.ratis.thirdparty.io.grpc.stub.ClientCalls.getUnchecked(ClientCalls.java:214)
	at org.apache.ratis.thirdparty.io.grpc.stub.ClientCalls.blockingUnaryCall(ClientCalls.java:139)
	at org.apache.ratis.proto.grpc.AdminProtocolServiceGrpc$AdminProtocolServiceBlockingStub.groupManagement(AdminProtocolServiceGrpc.java:274)
	at org.apache.ratis.grpc.client.GrpcClientProtocolClient.lambda$groupAdd$3(GrpcClientProtocolClient.java:140)
	at org.apache.ratis.grpc.client.GrpcClientProtocolClient.blockingCall(GrpcClientProtocolClient.java:167)
	... 15 more
2019-08-30 07:34:32,512 [RATISCREATEPIPELINE2] ERROR pipeline.RatisPipelineProvider (RatisPipelineProvider.java:lambda$null$5(235)) - Failed invoke Ratis rpc org.apache.hadoop.hdds.scm.pipeline.RatisPipelineProvider$$Lambda$171/1199399042@66549c4d for a45a7528-2ba0-4bc3-913c-850122b1269f
org.apache.ratis.protocol.TimeoutIOException: deadline exceeded after 2994570834ns
	at org.apache.ratis.grpc.GrpcUtil.tryUnwrapException(GrpcUtil.java:82)
	at org.apache.ratis.grpc.GrpcUtil.unwrapException(GrpcUtil.java:75)
	at org.apache.ratis.grpc.client.GrpcClientProtocolClient.blockingCall(GrpcClientProtocolClient.java:169)
	at org.apache.ratis.grpc.client.GrpcClientProtocolClient.groupAdd(GrpcClientProtocolClient.java:138)
	at org.apache.ratis.grpc.client.GrpcClientRpc.sendRequest(GrpcClientRpc.java:94)
	at org.apache.ratis.client.impl.RaftClientImpl.sendRequest(RaftClientImpl.java:279)
	at org.apache.ratis.client.impl.RaftClientImpl.groupAdd(RaftClientImpl.java:206)
	at org.apache.hadoop.hdds.scm.pipeline.RatisPipelineProvider.lambda$initializePipeline$4(RatisPipelineProvider.java:194)
	at org.apache.hadoop.hdds.scm.pipeline.RatisPipelineProvider.lambda$null$5(RatisPipelineProvider.java:231)
	at java.util.stream.ForEachOps$ForEachOp$OfRef.accept(ForEachOps.java:184)
	at java.util.ArrayList$ArrayListSpliterator.forEachRemaining(ArrayList.java:1382)
	at java.util.stream.AbstractPipeline.copyInto(AbstractPipeline.java:482)
	at java.util.stream.ForEachOps$ForEachTask.compute(ForEachOps.java:291)
	at java.util.concurrent.CountedCompleter.exec(CountedCompleter.java:731)
	at java.util.concurrent.ForkJoinTask.doExec(ForkJoinTask.java:289)
	at java.util.concurrent.ForkJoinPool$WorkQueue.runTask(ForkJoinPool.java:1056)
	at java.util.concurrent.ForkJoinPool.runWorker(ForkJoinPool.java:1692)
	at java.util.concurrent.ForkJoinWorkerThread.run(ForkJoinWorkerThread.java:157)
Caused by: org.apache.ratis.thirdparty.io.grpc.StatusRuntimeException: DEADLINE_EXCEEDED: deadline exceeded after 2994570834ns
	at org.apache.ratis.thirdparty.io.grpc.stub.ClientCalls.toStatusRuntimeException(ClientCalls.java:233)
	at org.apache.ratis.thirdparty.io.grpc.stub.ClientCalls.getUnchecked(ClientCalls.java:214)
	at org.apache.ratis.thirdparty.io.grpc.stub.ClientCalls.blockingUnaryCall(ClientCalls.java:139)
	at org.apache.ratis.proto.grpc.AdminProtocolServiceGrpc$AdminProtocolServiceBlockingStub.groupManagement(AdminProtocolServiceGrpc.java:274)
	at org.apache.ratis.grpc.client.GrpcClientProtocolClient.lambda$groupAdd$3(GrpcClientProtocolClient.java:140)
	at org.apache.ratis.grpc.client.GrpcClientProtocolClient.blockingCall(GrpcClientProtocolClient.java:167)
	... 15 more
2019-08-30 07:34:32,517 [IPC Server handler 0 on 35085] WARN  block.BlockManagerImpl (BlockManagerImpl.java:allocateBlock(192)) - Pipeline creation failed for type:RATIS factor:THREE. Retrying get pipelines call once.
org.apache.hadoop.io.MultipleIOException: 3 exceptions [java.io.IOException: Failed invoke Ratis rpc org.apache.hadoop.hdds.scm.pipeline.RatisPipelineProvider$$Lambda$171/1199399042@66549c4d for acc690db-1381-479d-90ad-8aa346d73f29, java.io.IOException: Failed invoke Ratis rpc org.apache.hadoop.hdds.scm.pipeline.RatisPipelineProvider$$Lambda$171/1199399042@66549c4d for c1f9b5f6-3f1a-4e58-b5c3-6c327452b89e, java.io.IOException: Failed invoke Ratis rpc org.apache.hadoop.hdds.scm.pipeline.RatisPipelineProvider$$Lambda$171/1199399042@66549c4d for a45a7528-2ba0-4bc3-913c-850122b1269f]
	at org.apache.hadoop.io.MultipleIOException.createIOException(MultipleIOException.java:53)
	at org.apache.hadoop.hdds.scm.pipeline.RatisPipelineProvider.callRatisRpc(RatisPipelineProvider.java:251)
	at org.apache.hadoop.hdds.scm.pipeline.RatisPipelineProvider.initializePipeline(RatisPipelineProvider.java:192)
	at org.apache.hadoop.hdds.scm.pipeline.RatisPipelineProvider.create(RatisPipelineProvider.java:161)
	at org.apache.hadoop.hdds.scm.pipeline.PipelineFactory.create(PipelineFactory.java:57)
	at org.apache.hadoop.hdds.scm.pipeline.SCMPipelineManager.createPipeline(SCMPipelineManager.java:149)
	at org.apache.hadoop.hdds.scm.block.BlockManagerImpl.allocateBlock(BlockManagerImpl.java:190)
	at org.apache.hadoop.hdds.scm.server.SCMBlockProtocolServer.allocateBlock(SCMBlockProtocolServer.java:175)
	at org.apache.hadoop.ozone.protocolPB.ScmBlockLocationProtocolServerSideTranslatorPB.allocateScmBlock(ScmBlockLocationProtocolServerSideTranslatorPB.java:153)
	at org.apache.hadoop.ozone.protocolPB.ScmBlockLocationProtocolServerSideTranslatorPB.send(ScmBlockLocationProtocolServerSideTranslatorPB.java:112)
	at org.apache.hadoop.hdds.protocol.proto.ScmBlockLocationProtocolProtos$ScmBlockLocationProtocolService$2.callBlockingMethod(ScmBlockLocationProtocolProtos.java:13157)
	at org.apache.hadoop.ipc.ProtobufRpcEngine$Server$ProtoBufRpcInvoker.call(ProtobufRpcEngine.java:524)
	at org.apache.hadoop.ipc.RPC$Server.call(RPC.java:1025)
	at org.apache.hadoop.ipc.Server$RpcCall.run(Server.java:876)
	at org.apache.hadoop.ipc.Server$RpcCall.run(Server.java:822)
	at java.security.AccessController.doPrivileged(Native Method)
	at javax.security.auth.Subject.doAs(Subject.java:422)
	at org.apache.hadoop.security.UserGroupInformation.doAs(UserGroupInformation.java:1730)
	at org.apache.hadoop.ipc.Server$Handler.run(Server.java:2682)
2019-08-30 07:34:32,517 [IPC Server handler 0 on 35085] INFO  block.BlockManagerImpl (BlockManagerImpl.java:allocateBlock(198)) - Could not find available pipeline of type:RATIS and factor:THREE even after retrying
2019-08-30 07:34:32,517 [IPC Server handler 0 on 35085] ERROR block.BlockManagerImpl (BlockManagerImpl.java:allocateBlock(222)) - Unable to allocate a block for the size: 4194304, type: RATIS, factor: THREE
2019-08-30 07:34:32,534 [grpc-default-executor-2] INFO  impl.RaftServerProxy (RaftServerProxy.java:addNew(89)) - c1f9b5f6-3f1a-4e58-b5c3-6c327452b89e: addNew group-C640FB00525B:[acc690db-1381-479d-90ad-8aa346d73f29:192.168.5.156:37691, c1f9b5f6-3f1a-4e58-b5c3-6c327452b89e:192.168.5.156:46765, a45a7528-2ba0-4bc3-913c-850122b1269f:192.168.5.156:32945] returns group-C640FB00525B:java.util.concurrent.CompletableFuture@c78d2d6[Not completed]
2019-08-30 07:34:32,535 [grpc-default-executor-1] INFO  impl.RaftServerProxy (RaftServerProxy.java:addNew(89)) - acc690db-1381-479d-90ad-8aa346d73f29: addNew group-C640FB00525B:[acc690db-1381-479d-90ad-8aa346d73f29:192.168.5.156:37691, c1f9b5f6-3f1a-4e58-b5c3-6c327452b89e:192.168.5.156:46765, a45a7528-2ba0-4bc3-913c-850122b1269f:192.168.5.156:32945] returns group-C640FB00525B:java.util.concurrent.CompletableFuture@7c5078c[Not completed]
2019-08-30 07:34:32,538 [grpc-default-executor-2] INFO  impl.RaftServerProxy (RaftServerProxy.java:addNew(89)) - a45a7528-2ba0-4bc3-913c-850122b1269f: addNew group-C640FB00525B:[acc690db-1381-479d-90ad-8aa346d73f29:192.168.5.156:37691, c1f9b5f6-3f1a-4e58-b5c3-6c327452b89e:192.168.5.156:46765, a45a7528-2ba0-4bc3-913c-850122b1269f:192.168.5.156:32945] returns group-C640FB00525B:java.util.concurrent.CompletableFuture@1fe3eccc[Not completed]
2019-08-30 07:34:32,600 | INFO  | SCMAudit | user=jenkins1000 | ip=192.168.5.156 | op=SEND_HEARTBEAT {datanodeUUID=905b07e9-2fc0-493e-9dc2-ae90eb733c4f, command=[]} | ret=SUCCESS |  
2019-08-30 07:34:32,788 | INFO  | SCMAudit | user=jenkins1000 | ip=192.168.5.156 | op=SEND_HEARTBEAT {datanodeUUID=cb5a5d16-88a3-41b0-858f-6232e86de455, command=[]} | ret=SUCCESS |  
2019-08-30 07:34:32,877 | INFO  | SCMAudit | user=jenkins1000 | ip=192.168.5.156 | op=SEND_HEARTBEAT {datanodeUUID=acc690db-1381-479d-90ad-8aa346d73f29, command=[]} | ret=SUCCESS |  
2019-08-30 07:34:32,883 [pool-82-thread-1] INFO  storage.RaftStorageDirectory (RaftStorageDirectory.java:tryLock(328)) - Lock on /workdir/hadoop-ozone/integration-test/target/test-dir/MiniOzoneClusterImpl-e2a0042e-8006-48d2-a527-f4f759a7d1b5/datanode-5/data/ratis/9779bb75-e5df-4048-98d0-70018c5ae2e4/in_use.lock acquired by nodename 30688@pr-hdds-1569-5th2c-4253854396
2019-08-30 07:34:32,883 [pool-49-thread-1] INFO  storage.RaftStorage (RaftStorage.java:format(72)) - Storage directory /workdir/hadoop-ozone/integration-test/target/test-dir/MiniOzoneClusterImpl-e2a0042e-8006-48d2-a527-f4f759a7d1b5/datanode-2/data/ratis/9779bb75-e5df-4048-98d0-70018c5ae2e4 has been successfully formatted.
2019-08-30 07:34:32,883 [pool-38-thread-1] INFO  storage.RaftStorage (RaftStorage.java:format(72)) - Storage directory /workdir/hadoop-ozone/integration-test/target/test-dir/MiniOzoneClusterImpl-e2a0042e-8006-48d2-a527-f4f759a7d1b5/datanode-1/data/ratis/9779bb75-e5df-4048-98d0-70018c5ae2e4 has been successfully formatted.
2019-08-30 07:34:32,884 [pool-49-thread-1] INFO  ratis.ContainerStateMachine (ContainerStateMachine.java:loadSnapshot(226)) - group-70018C5AE2E4: The snapshot info is null. Setting the last applied indexto:(t:0, i:~)
2019-08-30 07:34:32,884 [pool-38-thread-1] INFO  ratis.ContainerStateMachine (ContainerStateMachine.java:loadSnapshot(226)) - group-70018C5AE2E4: The snapshot info is null. Setting the last applied indexto:(t:0, i:~)
2019-08-30 07:34:32,884 [pool-49-thread-1] INFO  server.RaftServerConfigKeys (ConfUtils.java:logGet(43)) - raft.server.leader.election.timeout = 120s (custom)
2019-08-30 07:34:32,890 [pool-38-thread-1] INFO  server.RaftServerConfigKeys (ConfUtils.java:logGet(43)) - raft.server.leader.election.timeout = 120s (custom)
2019-08-30 07:34:32,891 [pool-49-thread-1] INFO  server.RaftServerConfigKeys (ConfUtils.java:logGet(43)) - raft.server.log.use.memory = false (default)
2019-08-30 07:34:32,891 [pool-38-thread-1] INFO  server.RaftServerConfigKeys (ConfUtils.java:logGet(43)) - raft.server.log.use.memory = false (default)
2019-08-30 07:34:32,891 [pool-49-thread-1] INFO  server.RaftServerConfigKeys (ConfUtils.java:logGet(43)) - raft.server.log.purge.gap = 1000000 (custom)
2019-08-30 07:34:32,891 [pool-38-thread-1] INFO  server.RaftServerConfigKeys (ConfUtils.java:logGet(43)) - raft.server.log.purge.gap = 1000000 (custom)
2019-08-30 07:34:32,892 [pool-49-thread-1] INFO  server.RaftServerConfigKeys (ConfUtils.java:logGet(43)) - raft.server.log.appender.buffer.byte-limit = 33554432 (custom)
2019-08-30 07:34:32,892 [pool-49-thread-1] INFO  server.RaftServerConfigKeys (ConfUtils.java:logGet(43)) - raft.server.log.segment.size.max = 1048576 (custom)
2019-08-30 07:34:32,893 [pool-49-thread-1] INFO  server.RaftServerConfigKeys (ConfUtils.java:logGet(43)) - raft.server.log.segment.cache.num.max = 2 (custom)
2019-08-30 07:34:32,893 [pool-49-thread-1] INFO  segmented.SegmentedRaftLogWorker (SegmentedRaftLogWorker.java:<init>(172)) - new acc690db-1381-479d-90ad-8aa346d73f29-SegmentedRaftLogWorker:Storage Directory /workdir/hadoop-ozone/integration-test/target/test-dir/MiniOzoneClusterImpl-e2a0042e-8006-48d2-a527-f4f759a7d1b5/datanode-2/data/ratis/9779bb75-e5df-4048-98d0-70018c5ae2e4 for RaftStorage:Storage Directory /workdir/hadoop-ozone/integration-test/target/test-dir/MiniOzoneClusterImpl-e2a0042e-8006-48d2-a527-f4f759a7d1b5/datanode-2/data/ratis/9779bb75-e5df-4048-98d0-70018c5ae2e4
2019-08-30 07:34:32,894 [pool-49-thread-1] INFO  server.RaftServerConfigKeys (ConfUtils.java:logGet(43)) - raft.server.log.queue.byte-limit = 2147483647 (custom)
2019-08-30 07:34:32,894 [pool-49-thread-1] INFO  server.RaftServerConfigKeys (ConfUtils.java:logGet(43)) - raft.server.log.queue.element-limit = 1024 (custom)
2019-08-30 07:34:32,894 [pool-49-thread-1] INFO  server.RaftServerConfigKeys (ConfUtils.java:logGet(43)) - raft.server.log.segment.size.max = 1048576 (custom)
2019-08-30 07:34:32,892 [pool-38-thread-1] INFO  server.RaftServerConfigKeys (ConfUtils.java:logGet(43)) - raft.server.log.appender.buffer.byte-limit = 33554432 (custom)
2019-08-30 07:34:32,895 [pool-49-thread-1] INFO  server.RaftServerConfigKeys (ConfUtils.java:logGet(43)) - raft.server.log.preallocated.size = 16384 (custom)
2019-08-30 07:34:32,900 [pool-38-thread-1] INFO  server.RaftServerConfigKeys (ConfUtils.java:logGet(43)) - raft.server.log.segment.size.max = 1048576 (custom)
2019-08-30 07:34:32,901 [pool-49-thread-1] INFO  server.RaftServerConfigKeys (ConfUtils.java:logGet(43)) - raft.server.log.write.buffer.size = 33554432 (custom)
2019-08-30 07:34:32,901 [pool-38-thread-1] INFO  server.RaftServerConfigKeys (ConfUtils.java:logGet(43)) - raft.server.log.segment.cache.num.max = 2 (custom)
2019-08-30 07:34:32,901 [pool-49-thread-1] INFO  server.RaftServerConfigKeys (ConfUtils.java:logGet(43)) - raft.server.log.force.sync.num = 128 (default)
2019-08-30 07:34:32,901 [pool-38-thread-1] INFO  segmented.SegmentedRaftLogWorker (SegmentedRaftLogWorker.java:<init>(172)) - new a45a7528-2ba0-4bc3-913c-850122b1269f-SegmentedRaftLogWorker:Storage Directory /workdir/hadoop-ozone/integration-test/target/test-dir/MiniOzoneClusterImpl-e2a0042e-8006-48d2-a527-f4f759a7d1b5/datanode-1/data/ratis/9779bb75-e5df-4048-98d0-70018c5ae2e4 for RaftStorage:Storage Directory /workdir/hadoop-ozone/integration-test/target/test-dir/MiniOzoneClusterImpl-e2a0042e-8006-48d2-a527-f4f759a7d1b5/datanode-1/data/ratis/9779bb75-e5df-4048-98d0-70018c5ae2e4
2019-08-30 07:34:32,901 [pool-49-thread-1] INFO  server.RaftServerConfigKeys (ConfUtils.java:logGet(43)) - raft.server.log.statemachine.data.sync = true (default)
2019-08-30 07:34:32,902 [pool-38-thread-1] INFO  server.RaftServerConfigKeys (ConfUtils.java:logGet(43)) - raft.server.log.queue.byte-limit = 2147483647 (custom)
2019-08-30 07:34:32,906 [pool-38-thread-1] INFO  server.RaftServerConfigKeys (ConfUtils.java:logGet(43)) - raft.server.log.queue.element-limit = 1024 (custom)
2019-08-30 07:34:32,906 [pool-49-thread-1] INFO  server.RaftServerConfigKeys (ConfUtils.java:logGet(43)) - raft.server.log.statemachine.data.sync.timeout = 10s (default)
2019-08-30 07:34:32,906 [pool-38-thread-1] INFO  server.RaftServerConfigKeys (ConfUtils.java:logGet(43)) - raft.server.log.segment.size.max = 1048576 (custom)
2019-08-30 07:34:32,907 [pool-49-thread-1] INFO  server.RaftServerConfigKeys (ConfUtils.java:logGet(43)) - raft.server.log.statemachine.data.sync.timeout.retry = -1 (default)
2019-08-30 07:34:32,907 [pool-38-thread-1] INFO  server.RaftServerConfigKeys (ConfUtils.java:logGet(43)) - raft.server.log.preallocated.size = 16384 (custom)
2019-08-30 07:34:32,907 [pool-49-thread-1] INFO  server.RaftServerConfigKeys (ConfUtils.java:logGet(43)) - raft.server.log.statemachine.data.caching.enabled = true (custom)
2019-08-30 07:34:32,907 [pool-38-thread-1] INFO  server.RaftServerConfigKeys (ConfUtils.java:logGet(43)) - raft.server.log.write.buffer.size = 33554432 (custom)
2019-08-30 07:34:32,907 [pool-38-thread-1] INFO  server.RaftServerConfigKeys (ConfUtils.java:logGet(43)) - raft.server.log.force.sync.num = 128 (default)
2019-08-30 07:34:32,908 [pool-38-thread-1] INFO  server.RaftServerConfigKeys (ConfUtils.java:logGet(43)) - raft.server.log.statemachine.data.sync = true (default)
2019-08-30 07:34:32,908 [pool-49-thread-1] INFO  segmented.SegmentedRaftLogWorker (SegmentedRaftLogWorker.java:lambda$new$0(132)) - acc690db-1381-479d-90ad-8aa346d73f29-SegmentedRaftLogWorker:Storage Directory /workdir/hadoop-ozone/integration-test/target/test-dir/MiniOzoneClusterImpl-e2a0042e-8006-48d2-a527-f4f759a7d1b5/datanode-2/data/ratis/9779bb75-e5df-4048-98d0-70018c5ae2e4: flushIndex: setUnconditionally 0 -> -1
2019-08-30 07:34:32,908 [pool-38-thread-1] INFO  server.RaftServerConfigKeys (ConfUtils.java:logGet(43)) - raft.server.log.statemachine.data.sync.timeout = 10s (default)
2019-08-30 07:34:32,908 [pool-38-thread-1] INFO  server.RaftServerConfigKeys (ConfUtils.java:logGet(43)) - raft.server.log.statemachine.data.sync.timeout.retry = -1 (default)
2019-08-30 07:34:32,908 [pool-49-thread-1] INFO  server.RaftServerConfigKeys (ConfUtils.java:logGet(43)) - raft.server.snapshot.auto.trigger.enabled = true (custom)
2019-08-30 07:34:32,908 [pool-38-thread-1] INFO  server.RaftServerConfigKeys (ConfUtils.java:logGet(43)) - raft.server.log.statemachine.data.caching.enabled = true (custom)
2019-08-30 07:34:32,908 [pool-49-thread-1] INFO  server.RaftServerConfigKeys (ConfUtils.java:logGet(43)) - raft.server.snapshot.auto.trigger.threshold = 10000 (custom)
2019-08-30 07:34:32,909 [pool-49-thread-1] INFO  server.RaftServerConfigKeys (ConfUtils.java:logGet(43)) - raft.server.retrycache.expirytime = 600000ms (custom)
2019-08-30 07:34:32,909 [pool-38-thread-1] INFO  segmented.SegmentedRaftLogWorker (SegmentedRaftLogWorker.java:lambda$new$0(132)) - a45a7528-2ba0-4bc3-913c-850122b1269f-SegmentedRaftLogWorker:Storage Directory /workdir/hadoop-ozone/integration-test/target/test-dir/MiniOzoneClusterImpl-e2a0042e-8006-48d2-a527-f4f759a7d1b5/datanode-1/data/ratis/9779bb75-e5df-4048-98d0-70018c5ae2e4: flushIndex: setUnconditionally 0 -> -1
2019-08-30 07:34:32,909 [pool-49-thread-1] INFO  impl.RaftServerImpl (RaftServerImpl.java:start(180)) - acc690db-1381-479d-90ad-8aa346d73f29: start group-BC5BBD1BED6A
2019-08-30 07:34:32,909 [pool-49-thread-1] INFO  impl.RaftServerImpl (RaftServerImpl.java:setRole(171)) - acc690db-1381-479d-90ad-8aa346d73f29:group-BC5BBD1BED6A changes role from null to FOLLOWER at term 0 for startAsFollower
2019-08-30 07:34:32,909 [pool-38-thread-1] INFO  server.RaftServerConfigKeys (ConfUtils.java:logGet(43)) - raft.server.snapshot.auto.trigger.enabled = true (custom)
2019-08-30 07:34:32,909 [pool-49-thread-1] INFO  impl.RoleInfo (RoleInfo.java:updateAndGet(143)) - acc690db-1381-479d-90ad-8aa346d73f29: start FollowerState
2019-08-30 07:34:32,912 [pool-38-thread-1] INFO  server.RaftServerConfigKeys (ConfUtils.java:logGet(43)) - raft.server.snapshot.auto.trigger.threshold = 10000 (custom)
2019-08-30 07:34:32,913 [pool-38-thread-1] INFO  server.RaftServerConfigKeys (ConfUtils.java:logGet(43)) - raft.server.retrycache.expirytime = 600000ms (custom)
2019-08-30 07:34:32,913 [pool-38-thread-1] INFO  impl.RaftServerImpl (RaftServerImpl.java:start(180)) - a45a7528-2ba0-4bc3-913c-850122b1269f: start group-BC5BBD1BED6A
2019-08-30 07:34:32,913 [pool-49-thread-1] INFO  util.JmxRegister (JmxRegister.java:tryRegister(44)) - Successfully registered JMX Bean with object name Ratis:service=RaftServer,group=group-BC5BBD1BED6A,id=acc690db-1381-479d-90ad-8aa346d73f29
2019-08-30 07:34:32,916 [pool-38-thread-1] INFO  impl.RaftServerImpl (RaftServerImpl.java:setRole(171)) - a45a7528-2ba0-4bc3-913c-850122b1269f:group-BC5BBD1BED6A changes role from null to FOLLOWER at term 0 for startAsFollower
2019-08-30 07:34:32,916 [pool-38-thread-1] INFO  impl.RoleInfo (RoleInfo.java:updateAndGet(143)) - a45a7528-2ba0-4bc3-913c-850122b1269f: start FollowerState
2019-08-30 07:34:32,916 [pool-38-thread-1] INFO  util.JmxRegister (JmxRegister.java:tryRegister(44)) - Successfully registered JMX Bean with object name Ratis:service=RaftServer,group=group-BC5BBD1BED6A,id=a45a7528-2ba0-4bc3-913c-850122b1269f
2019-08-30 07:34:32,918 [pool-49-thread-1] INFO  impl.RaftServerImpl (RaftServerImpl.java:<init>(93)) - acc690db-1381-479d-90ad-8aa346d73f29: new RaftServerImpl for group-976E926B68E9:[acc690db-1381-479d-90ad-8aa346d73f29:192.168.5.156:37691, c1f9b5f6-3f1a-4e58-b5c3-6c327452b89e:192.168.5.156:46765, a45a7528-2ba0-4bc3-913c-850122b1269f:192.168.5.156:32945] with ContainerStateMachine:uninitialized
2019-08-30 07:34:32,918 [pool-49-thread-1] INFO  server.RaftServerConfigKeys (ConfUtils.java:logGet(43)) - raft.server.rpc.timeout.min = 1s (custom)
2019-08-30 07:34:32,919 [pool-49-thread-1] INFO  server.RaftServerConfigKeys (ConfUtils.java:logGet(43)) - raft.server.rpc.timeout.max = 1200ms (custom)
2019-08-30 07:34:32,919 [pool-49-thread-1] INFO  server.RaftServerConfigKeys (ConfUtils.java:logGet(43)) - raft.server.rpcslowness.timeout = 120s (custom)
2019-08-30 07:34:32,919 [pool-49-thread-1] INFO  server.RaftServerConfigKeys (ConfUtils.java:logGet(43)) - raft.server.sleep.deviation.threshold = 300 (default)
2019-08-30 07:34:32,919 [pool-49-thread-1] INFO  server.RaftServerConfigKeys (ConfUtils.java:logGet(43)) - raft.server.log.appender.install.snapshot.enabled = false (custom)
2019-08-30 07:34:32,919 [pool-38-thread-1] INFO  impl.RaftServerImpl (RaftServerImpl.java:<init>(93)) - a45a7528-2ba0-4bc3-913c-850122b1269f: new RaftServerImpl for group-976E926B68E9:[acc690db-1381-479d-90ad-8aa346d73f29:192.168.5.156:37691, c1f9b5f6-3f1a-4e58-b5c3-6c327452b89e:192.168.5.156:46765, a45a7528-2ba0-4bc3-913c-850122b1269f:192.168.5.156:32945] with ContainerStateMachine:uninitialized
2019-08-30 07:34:32,919 [pool-49-thread-1] INFO  impl.RaftServerImpl (ServerState.java:<init>(105)) - acc690db-1381-479d-90ad-8aa346d73f29:group-976E926B68E9 ConfigurationManager, init=-1: [acc690db-1381-479d-90ad-8aa346d73f29:192.168.5.156:37691, c1f9b5f6-3f1a-4e58-b5c3-6c327452b89e:192.168.5.156:46765, a45a7528-2ba0-4bc3-913c-850122b1269f:192.168.5.156:32945], old=null, confs=<EMPTY_MAP>
2019-08-30 07:34:32,919 [pool-38-thread-1] INFO  server.RaftServerConfigKeys (ConfUtils.java:logGet(43)) - raft.server.rpc.timeout.min = 1s (custom)
2019-08-30 07:34:32,920 [pool-38-thread-1] INFO  server.RaftServerConfigKeys (ConfUtils.java:logGet(43)) - raft.server.rpc.timeout.max = 1200ms (custom)
2019-08-30 07:34:32,920 [pool-49-thread-1] INFO  server.RaftServerConfigKeys (ConfUtils.java:logGet(43)) - raft.server.storage.dir = [/workdir/hadoop-ozone/integration-test/target/test-dir/MiniOzoneClusterImpl-e2a0042e-8006-48d2-a527-f4f759a7d1b5/datanode-2/data/ratis] (custom)
2019-08-30 07:34:32,920 [pool-38-thread-1] INFO  server.RaftServerConfigKeys (ConfUtils.java:logGet(43)) - raft.server.rpcslowness.timeout = 120s (custom)
2019-08-30 07:34:32,920 [pool-38-thread-1] INFO  server.RaftServerConfigKeys (ConfUtils.java:logGet(43)) - raft.server.sleep.deviation.threshold = 300 (default)
2019-08-30 07:34:32,920 [pool-38-thread-1] INFO  server.RaftServerConfigKeys (ConfUtils.java:logGet(43)) - raft.server.log.appender.install.snapshot.enabled = false (custom)
2019-08-30 07:34:32,920 [pool-49-thread-1] INFO  storage.RaftStorageDirectory (RaftStorageDirectory.java:analyzeStorage(246)) - The storage directory /workdir/hadoop-ozone/integration-test/target/test-dir/MiniOzoneClusterImpl-e2a0042e-8006-48d2-a527-f4f759a7d1b5/datanode-2/data/ratis/666ef901-fd1d-4d9d-8c0c-976e926b68e9 does not exist. Creating ...
2019-08-30 07:34:32,920 [pool-38-thread-1] INFO  impl.RaftServerImpl (ServerState.java:<init>(105)) - a45a7528-2ba0-4bc3-913c-850122b1269f:group-976E926B68E9 ConfigurationManager, init=-1: [acc690db-1381-479d-90ad-8aa346d73f29:192.168.5.156:37691, c1f9b5f6-3f1a-4e58-b5c3-6c327452b89e:192.168.5.156:46765, a45a7528-2ba0-4bc3-913c-850122b1269f:192.168.5.156:32945], old=null, confs=<EMPTY_MAP>
2019-08-30 07:34:32,921 [pool-38-thread-1] INFO  server.RaftServerConfigKeys (ConfUtils.java:logGet(43)) - raft.server.storage.dir = [/workdir/hadoop-ozone/integration-test/target/test-dir/MiniOzoneClusterImpl-e2a0042e-8006-48d2-a527-f4f759a7d1b5/datanode-1/data/ratis] (custom)
2019-08-30 07:34:32,921 [pool-38-thread-1] INFO  storage.RaftStorageDirectory (RaftStorageDirectory.java:analyzeStorage(246)) - The storage directory /workdir/hadoop-ozone/integration-test/target/test-dir/MiniOzoneClusterImpl-e2a0042e-8006-48d2-a527-f4f759a7d1b5/datanode-1/data/ratis/666ef901-fd1d-4d9d-8c0c-976e926b68e9 does not exist. Creating ...
2019-08-30 07:34:32,973 | INFO  | SCMAudit | user=jenkins1000 | ip=192.168.5.156 | op=SEND_HEARTBEAT {datanodeUUID=4a5ae11c-f2ff-4cf6-9dca-760126bc39ff, command=[]} | ret=SUCCESS |  
2019-08-30 07:34:32,993 | INFO  | SCMAudit | user=jenkins1000 | ip=192.168.5.156 | op=SEND_HEARTBEAT {datanodeUUID=c1f9b5f6-3f1a-4e58-b5c3-6c327452b89e, command=[]} | ret=SUCCESS |  
2019-08-30 07:34:33,154 | INFO  | SCMAudit | user=jenkins1000 | ip=192.168.5.156 | op=SEND_HEARTBEAT {datanodeUUID=cf19ac65-0b70-4753-9cfc-44acb7cd902c, command=[]} | ret=SUCCESS |  
2019-08-30 07:34:33,179 | INFO  | SCMAudit | user=jenkins1000 | ip=192.168.5.156 | op=SEND_HEARTBEAT {datanodeUUID=f20ba990-a1ec-4251-b44f-b0954e9459c1, command=[]} | ret=SUCCESS |  
2019-08-30 07:34:33,201 | INFO  | SCMAudit | user=jenkins1000 | ip=192.168.5.156 | op=SEND_HEARTBEAT {datanodeUUID=fa47bd42-2000-4a68-b335-f6aa68ddcd76, command=[]} | ret=SUCCESS |  
2019-08-30 07:34:33,405 | INFO  | SCMAudit | user=jenkins1000 | ip=192.168.5.156 | op=SEND_HEARTBEAT {datanodeUUID=a45a7528-2ba0-4bc3-913c-850122b1269f, command=[]} | ret=SUCCESS |  
2019-08-30 07:34:33,412 | INFO  | SCMAudit | user=jenkins1000 | ip=192.168.5.156 | op=SEND_HEARTBEAT {datanodeUUID=28af1cec-03f6-4f1e-ae7b-b0964308b7ec, command=[]} | ret=SUCCESS |  
2019-08-30 07:34:33,489 [Thread-295] INFO  impl.FollowerState (FollowerState.java:run(106)) - f20ba990-a1ec-4251-b44f-b0954e9459c1:group-BC5BBD1BED6A changes to CANDIDATE, lastRpcTime:1034, electionTimeout:1034ms
2019-08-30 07:34:33,489 [Thread-295] INFO  impl.RoleInfo (RoleInfo.java:shutdownFollowerState(121)) - f20ba990-a1ec-4251-b44f-b0954e9459c1: shutdown FollowerState
2019-08-30 07:34:33,489 [Thread-295] INFO  impl.RaftServerImpl (RaftServerImpl.java:setRole(171)) - f20ba990-a1ec-4251-b44f-b0954e9459c1:group-BC5BBD1BED6A changes role from FOLLOWER to CANDIDATE at term 0 for changeToCandidate
2019-08-30 07:34:33,499 [Thread-295] INFO  impl.RoleInfo (RoleInfo.java:updateAndGet(143)) - f20ba990-a1ec-4251-b44f-b0954e9459c1: start LeaderElection
2019-08-30 07:34:33,536 [Thread-293] INFO  impl.FollowerState (FollowerState.java:run(106)) - f20ba990-a1ec-4251-b44f-b0954e9459c1:group-3260705896A1 changes to CANDIDATE, lastRpcTime:1094, electionTimeout:1093ms
2019-08-30 07:34:33,538 [Thread-293] INFO  impl.RoleInfo (RoleInfo.java:shutdownFollowerState(121)) - f20ba990-a1ec-4251-b44f-b0954e9459c1: shutdown FollowerState
2019-08-30 07:34:33,539 [Thread-293] INFO  impl.RaftServerImpl (RaftServerImpl.java:setRole(171)) - f20ba990-a1ec-4251-b44f-b0954e9459c1:group-3260705896A1 changes role from FOLLOWER to CANDIDATE at term 0 for changeToCandidate
2019-08-30 07:34:33,539 [Thread-293] INFO  impl.RoleInfo (RoleInfo.java:updateAndGet(143)) - f20ba990-a1ec-4251-b44f-b0954e9459c1: start LeaderElection
2019-08-30 07:34:33,601 | INFO  | SCMAudit | user=jenkins1000 | ip=192.168.5.156 | op=SEND_HEARTBEAT {datanodeUUID=905b07e9-2fc0-493e-9dc2-ae90eb733c4f, command=[]} | ret=SUCCESS |  
2019-08-30 07:34:33,788 | INFO  | SCMAudit | user=jenkins1000 | ip=192.168.5.156 | op=SEND_HEARTBEAT {datanodeUUID=cb5a5d16-88a3-41b0-858f-6232e86de455, command=[]} | ret=SUCCESS |  
2019-08-30 07:34:33,877 | INFO  | SCMAudit | user=jenkins1000 | ip=192.168.5.156 | op=SEND_HEARTBEAT {datanodeUUID=acc690db-1381-479d-90ad-8aa346d73f29, command=[]} | ret=SUCCESS |  
2019-08-30 07:34:33,966 [Thread-298] INFO  impl.FollowerState (FollowerState.java:run(106)) - acc690db-1381-479d-90ad-8aa346d73f29:group-BC5BBD1BED6A changes to CANDIDATE, lastRpcTime:1056, electionTimeout:1053ms
2019-08-30 07:34:33,966 [Thread-298] INFO  impl.RoleInfo (RoleInfo.java:shutdownFollowerState(121)) - acc690db-1381-479d-90ad-8aa346d73f29: shutdown FollowerState
2019-08-30 07:34:33,966 [Thread-298] INFO  impl.RaftServerImpl (RaftServerImpl.java:setRole(171)) - acc690db-1381-479d-90ad-8aa346d73f29:group-BC5BBD1BED6A changes role from FOLLOWER to CANDIDATE at term 0 for changeToCandidate
2019-08-30 07:34:33,967 [Thread-298] INFO  impl.RoleInfo (RoleInfo.java:updateAndGet(143)) - acc690db-1381-479d-90ad-8aa346d73f29: start LeaderElection
2019-08-30 07:34:33,975 | INFO  | SCMAudit | user=jenkins1000 | ip=192.168.5.156 | op=SEND_HEARTBEAT {datanodeUUID=4a5ae11c-f2ff-4cf6-9dca-760126bc39ff, command=[]} | ret=SUCCESS |  
2019-08-30 07:34:33,993 | INFO  | SCMAudit | user=jenkins1000 | ip=192.168.5.156 | op=SEND_HEARTBEAT {datanodeUUID=c1f9b5f6-3f1a-4e58-b5c3-6c327452b89e, command=[]} | ret=SUCCESS |  
2019-08-30 07:34:34,052 [Thread-300] INFO  impl.FollowerState (FollowerState.java:run(106)) - a45a7528-2ba0-4bc3-913c-850122b1269f:group-BC5BBD1BED6A changes to CANDIDATE, lastRpcTime:1135, electionTimeout:1135ms
2019-08-30 07:34:34,052 [Thread-300] INFO  impl.RoleInfo (RoleInfo.java:shutdownFollowerState(121)) - a45a7528-2ba0-4bc3-913c-850122b1269f: shutdown FollowerState
2019-08-30 07:34:34,052 [Thread-300] INFO  impl.RaftServerImpl (RaftServerImpl.java:setRole(171)) - a45a7528-2ba0-4bc3-913c-850122b1269f:group-BC5BBD1BED6A changes role from FOLLOWER to CANDIDATE at term 0 for changeToCandidate
2019-08-30 07:34:34,052 [Thread-300] INFO  impl.RoleInfo (RoleInfo.java:updateAndGet(143)) - a45a7528-2ba0-4bc3-913c-850122b1269f: start LeaderElection
2019-08-30 07:34:34,154 | INFO  | SCMAudit | user=jenkins1000 | ip=192.168.5.156 | op=SEND_HEARTBEAT {datanodeUUID=cf19ac65-0b70-4753-9cfc-44acb7cd902c, command=[]} | ret=SUCCESS |  
2019-08-30 07:34:34,179 | INFO  | SCMAudit | user=jenkins1000 | ip=192.168.5.156 | op=SEND_HEARTBEAT {datanodeUUID=f20ba990-a1ec-4251-b44f-b0954e9459c1, command=[]} | ret=SUCCESS |  
2019-08-30 07:34:34,202 | INFO  | SCMAudit | user=jenkins1000 | ip=192.168.5.156 | op=SEND_HEARTBEAT {datanodeUUID=fa47bd42-2000-4a68-b335-f6aa68ddcd76, command=[]} | ret=SUCCESS |  
2019-08-30 07:34:34,405 | INFO  | SCMAudit | user=jenkins1000 | ip=192.168.5.156 | op=SEND_HEARTBEAT {datanodeUUID=a45a7528-2ba0-4bc3-913c-850122b1269f, command=[]} | ret=SUCCESS |  
2019-08-30 07:34:34,411 | INFO  | SCMAudit | user=jenkins1000 | ip=192.168.5.156 | op=SEND_HEARTBEAT {datanodeUUID=28af1cec-03f6-4f1e-ae7b-b0964308b7ec, command=[]} | ret=SUCCESS |  
2019-08-30 07:34:34,602 | INFO  | SCMAudit | user=jenkins1000 | ip=192.168.5.156 | op=SEND_HEARTBEAT {datanodeUUID=905b07e9-2fc0-493e-9dc2-ae90eb733c4f, command=[]} | ret=SUCCESS |  
2019-08-30 07:34:34,788 | INFO  | SCMAudit | user=jenkins1000 | ip=192.168.5.156 | op=SEND_HEARTBEAT {datanodeUUID=cb5a5d16-88a3-41b0-858f-6232e86de455, command=[]} | ret=SUCCESS |  
2019-08-30 07:34:34,877 | INFO  | SCMAudit | user=jenkins1000 | ip=192.168.5.156 | op=SEND_HEARTBEAT {datanodeUUID=acc690db-1381-479d-90ad-8aa346d73f29, command=[]} | ret=SUCCESS |  
2019-08-30 07:34:34,973 | INFO  | SCMAudit | user=jenkins1000 | ip=192.168.5.156 | op=SEND_HEARTBEAT {datanodeUUID=4a5ae11c-f2ff-4cf6-9dca-760126bc39ff, command=[]} | ret=SUCCESS |  
2019-08-30 07:34:34,994 | INFO  | SCMAudit | user=jenkins1000 | ip=192.168.5.156 | op=SEND_HEARTBEAT {datanodeUUID=c1f9b5f6-3f1a-4e58-b5c3-6c327452b89e, command=[]} | ret=SUCCESS |  
2019-08-30 07:34:35,154 | INFO  | SCMAudit | user=jenkins1000 | ip=192.168.5.156 | op=SEND_HEARTBEAT {datanodeUUID=cf19ac65-0b70-4753-9cfc-44acb7cd902c, command=[]} | ret=SUCCESS |  
2019-08-30 07:34:35,166 [pool-38-thread-1] INFO  storage.RaftStorageDirectory (RaftStorageDirectory.java:tryLock(328)) - Lock on /workdir/hadoop-ozone/integration-test/target/test-dir/MiniOzoneClusterImpl-e2a0042e-8006-48d2-a527-f4f759a7d1b5/datanode-1/data/ratis/666ef901-fd1d-4d9d-8c0c-976e926b68e9/in_use.lock acquired by nodename 30688@pr-hdds-1569-5th2c-4253854396
2019-08-30 07:34:35,167 [pool-82-thread-1] INFO  storage.RaftStorage (RaftStorage.java:format(72)) - Storage directory /workdir/hadoop-ozone/integration-test/target/test-dir/MiniOzoneClusterImpl-e2a0042e-8006-48d2-a527-f4f759a7d1b5/datanode-5/data/ratis/9779bb75-e5df-4048-98d0-70018c5ae2e4 has been successfully formatted.
2019-08-30 07:34:35,166 [pool-49-thread-1] INFO  storage.RaftStorageDirectory (RaftStorageDirectory.java:tryLock(328)) - Lock on /workdir/hadoop-ozone/integration-test/target/test-dir/MiniOzoneClusterImpl-e2a0042e-8006-48d2-a527-f4f759a7d1b5/datanode-2/data/ratis/666ef901-fd1d-4d9d-8c0c-976e926b68e9/in_use.lock acquired by nodename 30688@pr-hdds-1569-5th2c-4253854396
2019-08-30 07:34:35,167 [pool-82-thread-1] INFO  ratis.ContainerStateMachine (ContainerStateMachine.java:loadSnapshot(226)) - group-70018C5AE2E4: The snapshot info is null. Setting the last applied indexto:(t:0, i:~)
2019-08-30 07:34:35,167 [pool-82-thread-1] INFO  server.RaftServerConfigKeys (ConfUtils.java:logGet(43)) - raft.server.leader.election.timeout = 120s (custom)
2019-08-30 07:34:35,168 [pool-82-thread-1] INFO  server.RaftServerConfigKeys (ConfUtils.java:logGet(43)) - raft.server.log.use.memory = false (default)
2019-08-30 07:34:35,168 [pool-82-thread-1] INFO  server.RaftServerConfigKeys (ConfUtils.java:logGet(43)) - raft.server.log.purge.gap = 1000000 (custom)
2019-08-30 07:34:35,168 [pool-82-thread-1] INFO  server.RaftServerConfigKeys (ConfUtils.java:logGet(43)) - raft.server.log.appender.buffer.byte-limit = 33554432 (custom)
2019-08-30 07:34:35,168 [pool-82-thread-1] INFO  server.RaftServerConfigKeys (ConfUtils.java:logGet(43)) - raft.server.log.segment.size.max = 1048576 (custom)
2019-08-30 07:34:35,168 [pool-82-thread-1] INFO  server.RaftServerConfigKeys (ConfUtils.java:logGet(43)) - raft.server.log.segment.cache.num.max = 2 (custom)
2019-08-30 07:34:35,168 [pool-82-thread-1] INFO  segmented.SegmentedRaftLogWorker (SegmentedRaftLogWorker.java:<init>(172)) - new c1f9b5f6-3f1a-4e58-b5c3-6c327452b89e-SegmentedRaftLogWorker:Storage Directory /workdir/hadoop-ozone/integration-test/target/test-dir/MiniOzoneClusterImpl-e2a0042e-8006-48d2-a527-f4f759a7d1b5/datanode-5/data/ratis/9779bb75-e5df-4048-98d0-70018c5ae2e4 for RaftStorage:Storage Directory /workdir/hadoop-ozone/integration-test/target/test-dir/MiniOzoneClusterImpl-e2a0042e-8006-48d2-a527-f4f759a7d1b5/datanode-5/data/ratis/9779bb75-e5df-4048-98d0-70018c5ae2e4
2019-08-30 07:34:35,169 [pool-82-thread-1] INFO  server.RaftServerConfigKeys (ConfUtils.java:logGet(43)) - raft.server.log.queue.byte-limit = 2147483647 (custom)
2019-08-30 07:34:35,169 [pool-82-thread-1] INFO  server.RaftServerConfigKeys (ConfUtils.java:logGet(43)) - raft.server.log.queue.element-limit = 1024 (custom)
2019-08-30 07:34:35,169 [pool-82-thread-1] INFO  server.RaftServerConfigKeys (ConfUtils.java:logGet(43)) - raft.server.log.segment.size.max = 1048576 (custom)
2019-08-30 07:34:35,169 [pool-82-thread-1] INFO  server.RaftServerConfigKeys (ConfUtils.java:logGet(43)) - raft.server.log.preallocated.size = 16384 (custom)
2019-08-30 07:34:35,169 [pool-82-thread-1] INFO  server.RaftServerConfigKeys (ConfUtils.java:logGet(43)) - raft.server.log.write.buffer.size = 33554432 (custom)
2019-08-30 07:34:35,169 [pool-82-thread-1] INFO  server.RaftServerConfigKeys (ConfUtils.java:logGet(43)) - raft.server.log.force.sync.num = 128 (default)
2019-08-30 07:34:35,170 [pool-82-thread-1] INFO  server.RaftServerConfigKeys (ConfUtils.java:logGet(43)) - raft.server.log.statemachine.data.sync = true (default)
2019-08-30 07:34:35,170 [pool-82-thread-1] INFO  server.RaftServerConfigKeys (ConfUtils.java:logGet(43)) - raft.server.log.statemachine.data.sync.timeout = 10s (default)
2019-08-30 07:34:35,170 [pool-82-thread-1] INFO  server.RaftServerConfigKeys (ConfUtils.java:logGet(43)) - raft.server.log.statemachine.data.sync.timeout.retry = -1 (default)
2019-08-30 07:34:35,170 [pool-82-thread-1] INFO  server.RaftServerConfigKeys (ConfUtils.java:logGet(43)) - raft.server.log.statemachine.data.caching.enabled = true (custom)
2019-08-30 07:34:35,171 [pool-82-thread-1] INFO  segmented.SegmentedRaftLogWorker (SegmentedRaftLogWorker.java:lambda$new$0(132)) - c1f9b5f6-3f1a-4e58-b5c3-6c327452b89e-SegmentedRaftLogWorker:Storage Directory /workdir/hadoop-ozone/integration-test/target/test-dir/MiniOzoneClusterImpl-e2a0042e-8006-48d2-a527-f4f759a7d1b5/datanode-5/data/ratis/9779bb75-e5df-4048-98d0-70018c5ae2e4: flushIndex: setUnconditionally 0 -> -1
2019-08-30 07:34:35,171 [pool-82-thread-1] INFO  server.RaftServerConfigKeys (ConfUtils.java:logGet(43)) - raft.server.snapshot.auto.trigger.enabled = true (custom)
2019-08-30 07:34:35,171 [pool-82-thread-1] INFO  server.RaftServerConfigKeys (ConfUtils.java:logGet(43)) - raft.server.snapshot.auto.trigger.threshold = 10000 (custom)
2019-08-30 07:34:35,171 [pool-82-thread-1] INFO  server.RaftServerConfigKeys (ConfUtils.java:logGet(43)) - raft.server.retrycache.expirytime = 600000ms (custom)
2019-08-30 07:34:35,174 [pool-82-thread-1] INFO  impl.RaftServerImpl (RaftServerImpl.java:<init>(93)) - c1f9b5f6-3f1a-4e58-b5c3-6c327452b89e: new RaftServerImpl for group-976E926B68E9:[acc690db-1381-479d-90ad-8aa346d73f29:192.168.5.156:37691, c1f9b5f6-3f1a-4e58-b5c3-6c327452b89e:192.168.5.156:46765, a45a7528-2ba0-4bc3-913c-850122b1269f:192.168.5.156:32945] with ContainerStateMachine:uninitialized
2019-08-30 07:34:35,175 [pool-82-thread-1] INFO  server.RaftServerConfigKeys (ConfUtils.java:logGet(43)) - raft.server.rpc.timeout.min = 1s (custom)
2019-08-30 07:34:35,175 [pool-82-thread-1] INFO  server.RaftServerConfigKeys (ConfUtils.java:logGet(43)) - raft.server.rpc.timeout.max = 1200ms (custom)
2019-08-30 07:34:35,175 [pool-82-thread-1] INFO  server.RaftServerConfigKeys (ConfUtils.java:logGet(43)) - raft.server.rpcslowness.timeout = 120s (custom)
2019-08-30 07:34:35,175 [pool-82-thread-1] INFO  server.RaftServerConfigKeys (ConfUtils.java:logGet(43)) - raft.server.sleep.deviation.threshold = 300 (default)
2019-08-30 07:34:35,175 [pool-82-thread-1] INFO  server.RaftServerConfigKeys (ConfUtils.java:logGet(43)) - raft.server.log.appender.install.snapshot.enabled = false (custom)
2019-08-30 07:34:35,175 [pool-82-thread-1] INFO  impl.RaftServerImpl (ServerState.java:<init>(105)) - c1f9b5f6-3f1a-4e58-b5c3-6c327452b89e:group-976E926B68E9 ConfigurationManager, init=-1: [acc690db-1381-479d-90ad-8aa346d73f29:192.168.5.156:37691, c1f9b5f6-3f1a-4e58-b5c3-6c327452b89e:192.168.5.156:46765, a45a7528-2ba0-4bc3-913c-850122b1269f:192.168.5.156:32945], old=null, confs=<EMPTY_MAP>
2019-08-30 07:34:35,176 [pool-82-thread-1] INFO  server.RaftServerConfigKeys (ConfUtils.java:logGet(43)) - raft.server.storage.dir = [/workdir/hadoop-ozone/integration-test/target/test-dir/MiniOzoneClusterImpl-e2a0042e-8006-48d2-a527-f4f759a7d1b5/datanode-5/data/ratis] (custom)
2019-08-30 07:34:35,176 [pool-82-thread-1] INFO  storage.RaftStorageDirectory (RaftStorageDirectory.java:analyzeStorage(246)) - The storage directory /workdir/hadoop-ozone/integration-test/target/test-dir/MiniOzoneClusterImpl-e2a0042e-8006-48d2-a527-f4f759a7d1b5/datanode-5/data/ratis/666ef901-fd1d-4d9d-8c0c-976e926b68e9 does not exist. Creating ...
2019-08-30 07:34:35,179 | INFO  | SCMAudit | user=jenkins1000 | ip=192.168.5.156 | op=SEND_HEARTBEAT {datanodeUUID=f20ba990-a1ec-4251-b44f-b0954e9459c1, command=[]} | ret=SUCCESS |  
2019-08-30 07:34:35,201 | INFO  | SCMAudit | user=jenkins1000 | ip=192.168.5.156 | op=SEND_HEARTBEAT {datanodeUUID=fa47bd42-2000-4a68-b335-f6aa68ddcd76, command=[]} | ret=SUCCESS |  
2019-08-30 07:34:35,405 | INFO  | SCMAudit | user=jenkins1000 | ip=192.168.5.156 | op=SEND_HEARTBEAT {datanodeUUID=a45a7528-2ba0-4bc3-913c-850122b1269f, command=[]} | ret=SUCCESS |  
2019-08-30 07:34:35,411 | INFO  | SCMAudit | user=jenkins1000 | ip=192.168.5.156 | op=SEND_HEARTBEAT {datanodeUUID=28af1cec-03f6-4f1e-ae7b-b0964308b7ec, command=[]} | ret=SUCCESS |  
2019-08-30 07:34:35,529 [RATISCREATEPIPELINE1] ERROR pipeline.RatisPipelineProvider (RatisPipelineProvider.java:lambda$null$5(235)) - Failed invoke Ratis rpc org.apache.hadoop.hdds.scm.pipeline.RatisPipelineProvider$$Lambda$171/1199399042@73810d for acc690db-1381-479d-90ad-8aa346d73f29
org.apache.ratis.protocol.TimeoutIOException: deadline exceeded after 2996275420ns
	at org.apache.ratis.grpc.GrpcUtil.tryUnwrapException(GrpcUtil.java:82)
	at org.apache.ratis.grpc.GrpcUtil.unwrapException(GrpcUtil.java:75)
	at org.apache.ratis.grpc.client.GrpcClientProtocolClient.blockingCall(GrpcClientProtocolClient.java:169)
	at org.apache.ratis.grpc.client.GrpcClientProtocolClient.groupAdd(GrpcClientProtocolClient.java:138)
	at org.apache.ratis.grpc.client.GrpcClientRpc.sendRequest(GrpcClientRpc.java:94)
	at org.apache.ratis.client.impl.RaftClientImpl.sendRequest(RaftClientImpl.java:279)
	at org.apache.ratis.client.impl.RaftClientImpl.groupAdd(RaftClientImpl.java:206)
	at org.apache.hadoop.hdds.scm.pipeline.RatisPipelineProvider.lambda$initializePipeline$4(RatisPipelineProvider.java:194)
	at org.apache.hadoop.hdds.scm.pipeline.RatisPipelineProvider.lambda$null$5(RatisPipelineProvider.java:231)
	at java.util.stream.ForEachOps$ForEachOp$OfRef.accept(ForEachOps.java:184)
	at java.util.ArrayList$ArrayListSpliterator.forEachRemaining(ArrayList.java:1382)
	at java.util.stream.AbstractPipeline.copyInto(AbstractPipeline.java:482)
	at java.util.stream.ForEachOps$ForEachTask.compute(ForEachOps.java:291)
	at java.util.concurrent.CountedCompleter.exec(CountedCompleter.java:731)
	at java.util.concurrent.ForkJoinTask.doExec(ForkJoinTask.java:289)
	at java.util.concurrent.ForkJoinTask.doInvoke(ForkJoinTask.java:401)
	at java.util.concurrent.ForkJoinTask.invoke(ForkJoinTask.java:734)
	at java.util.stream.ForEachOps$ForEachOp.evaluateParallel(ForEachOps.java:160)
	at java.util.stream.ForEachOps$ForEachOp$OfRef.evaluateParallel(ForEachOps.java:174)
	at java.util.stream.AbstractPipeline.evaluate(AbstractPipeline.java:233)
	at java.util.stream.ReferencePipeline.forEach(ReferencePipeline.java:418)
	at java.util.stream.ReferencePipeline$Head.forEach(ReferencePipeline.java:583)
	at org.apache.hadoop.hdds.scm.pipeline.RatisPipelineProvider.lambda$callRatisRpc$6(RatisPipelineProvider.java:225)
	at java.util.concurrent.ForkJoinTask$AdaptedRunnableAction.exec(ForkJoinTask.java:1386)
	at java.util.concurrent.ForkJoinTask.doExec(ForkJoinTask.java:289)
	at java.util.concurrent.ForkJoinPool$WorkQueue.runTask(ForkJoinPool.java:1056)
	at java.util.concurrent.ForkJoinPool.runWorker(ForkJoinPool.java:1692)
	at java.util.concurrent.ForkJoinWorkerThread.run(ForkJoinWorkerThread.java:157)
Caused by: org.apache.ratis.thirdparty.io.grpc.StatusRuntimeException: DEADLINE_EXCEEDED: deadline exceeded after 2996275420ns
	at org.apache.ratis.thirdparty.io.grpc.stub.ClientCalls.toStatusRuntimeException(ClientCalls.java:233)
	at org.apache.ratis.thirdparty.io.grpc.stub.ClientCalls.getUnchecked(ClientCalls.java:214)
	at org.apache.ratis.thirdparty.io.grpc.stub.ClientCalls.blockingUnaryCall(ClientCalls.java:139)
	at org.apache.ratis.proto.grpc.AdminProtocolServiceGrpc$AdminProtocolServiceBlockingStub.groupManagement(AdminProtocolServiceGrpc.java:274)
	at org.apache.ratis.grpc.client.GrpcClientProtocolClient.lambda$groupAdd$3(GrpcClientProtocolClient.java:140)
	at org.apache.ratis.grpc.client.GrpcClientProtocolClient.blockingCall(GrpcClientProtocolClient.java:167)
	... 25 more
2019-08-30 07:34:35,532 [RATISCREATEPIPELINE3] ERROR pipeline.RatisPipelineProvider (RatisPipelineProvider.java:lambda$null$5(235)) - Failed invoke Ratis rpc org.apache.hadoop.hdds.scm.pipeline.RatisPipelineProvider$$Lambda$171/1199399042@73810d for c1f9b5f6-3f1a-4e58-b5c3-6c327452b89e
org.apache.ratis.protocol.TimeoutIOException: deadline exceeded after 2997968125ns
	at org.apache.ratis.grpc.GrpcUtil.tryUnwrapException(GrpcUtil.java:82)
	at org.apache.ratis.grpc.GrpcUtil.unwrapException(GrpcUtil.java:75)
	at org.apache.ratis.grpc.client.GrpcClientProtocolClient.blockingCall(GrpcClientProtocolClient.java:169)
	at org.apache.ratis.grpc.client.GrpcClientProtocolClient.groupAdd(GrpcClientProtocolClient.java:138)
	at org.apache.ratis.grpc.client.GrpcClientRpc.sendRequest(GrpcClientRpc.java:94)
	at org.apache.ratis.client.impl.RaftClientImpl.sendRequest(RaftClientImpl.java:279)
	at org.apache.ratis.client.impl.RaftClientImpl.groupAdd(RaftClientImpl.java:206)
	at org.apache.hadoop.hdds.scm.pipeline.RatisPipelineProvider.lambda$initializePipeline$4(RatisPipelineProvider.java:194)
	at org.apache.hadoop.hdds.scm.pipeline.RatisPipelineProvider.lambda$null$5(RatisPipelineProvider.java:231)
	at java.util.stream.ForEachOps$ForEachOp$OfRef.accept(ForEachOps.java:184)
	at java.util.ArrayList$ArrayListSpliterator.forEachRemaining(ArrayList.java:1382)
	at java.util.stream.AbstractPipeline.copyInto(AbstractPipeline.java:482)
	at java.util.stream.ForEachOps$ForEachTask.compute(ForEachOps.java:291)
	at java.util.concurrent.CountedCompleter.exec(CountedCompleter.java:731)
	at java.util.concurrent.ForkJoinTask.doExec(ForkJoinTask.java:289)
	at java.util.concurrent.ForkJoinPool$WorkQueue.runTask(ForkJoinPool.java:1056)
	at java.util.concurrent.ForkJoinPool.runWorker(ForkJoinPool.java:1692)
	at java.util.concurrent.ForkJoinWorkerThread.run(ForkJoinWorkerThread.java:157)
Caused by: org.apache.ratis.thirdparty.io.grpc.StatusRuntimeException: DEADLINE_EXCEEDED: deadline exceeded after 2997968125ns
	at org.apache.ratis.thirdparty.io.grpc.stub.ClientCalls.toStatusRuntimeException(ClientCalls.java:233)
	at org.apache.ratis.thirdparty.io.grpc.stub.ClientCalls.getUnchecked(ClientCalls.java:214)
	at org.apache.ratis.thirdparty.io.grpc.stub.ClientCalls.blockingUnaryCall(ClientCalls.java:139)
	at org.apache.ratis.proto.grpc.AdminProtocolServiceGrpc$AdminProtocolServiceBlockingStub.groupManagement(AdminProtocolServiceGrpc.java:274)
	at org.apache.ratis.grpc.client.GrpcClientProtocolClient.lambda$groupAdd$3(GrpcClientProtocolClient.java:140)
	at org.apache.ratis.grpc.client.GrpcClientProtocolClient.blockingCall(GrpcClientProtocolClient.java:167)
	... 15 more
2019-08-30 07:34:35,546 [RATISCREATEPIPELINE2] ERROR pipeline.RatisPipelineProvider (RatisPipelineProvider.java:lambda$null$5(235)) - Failed invoke Ratis rpc org.apache.hadoop.hdds.scm.pipeline.RatisPipelineProvider$$Lambda$171/1199399042@73810d for a45a7528-2ba0-4bc3-913c-850122b1269f
org.apache.ratis.protocol.TimeoutIOException: deadline exceeded after 2997999814ns
	at org.apache.ratis.grpc.GrpcUtil.tryUnwrapException(GrpcUtil.java:82)
	at org.apache.ratis.grpc.GrpcUtil.unwrapException(GrpcUtil.java:75)
	at org.apache.ratis.grpc.client.GrpcClientProtocolClient.blockingCall(GrpcClientProtocolClient.java:169)
	at org.apache.ratis.grpc.client.GrpcClientProtocolClient.groupAdd(GrpcClientProtocolClient.java:138)
	at org.apache.ratis.grpc.client.GrpcClientRpc.sendRequest(GrpcClientRpc.java:94)
	at org.apache.ratis.client.impl.RaftClientImpl.sendRequest(RaftClientImpl.java:279)
	at org.apache.ratis.client.impl.RaftClientImpl.groupAdd(RaftClientImpl.java:206)
	at org.apache.hadoop.hdds.scm.pipeline.RatisPipelineProvider.lambda$initializePipeline$4(RatisPipelineProvider.java:194)
	at org.apache.hadoop.hdds.scm.pipeline.RatisPipelineProvider.lambda$null$5(RatisPipelineProvider.java:231)
	at java.util.stream.ForEachOps$ForEachOp$OfRef.accept(ForEachOps.java:184)
	at java.util.ArrayList$ArrayListSpliterator.forEachRemaining(ArrayList.java:1382)
	at java.util.stream.AbstractPipeline.copyInto(AbstractPipeline.java:482)
	at java.util.stream.ForEachOps$ForEachTask.compute(ForEachOps.java:291)
	at java.util.concurrent.CountedCompleter.exec(CountedCompleter.java:731)
	at java.util.concurrent.ForkJoinTask.doExec(ForkJoinTask.java:289)
	at java.util.concurrent.ForkJoinPool$WorkQueue.runTask(ForkJoinPool.java:1056)
	at java.util.concurrent.ForkJoinPool.runWorker(ForkJoinPool.java:1692)
	at java.util.concurrent.ForkJoinWorkerThread.run(ForkJoinWorkerThread.java:157)
Caused by: org.apache.ratis.thirdparty.io.grpc.StatusRuntimeException: DEADLINE_EXCEEDED: deadline exceeded after 2997999814ns
	at org.apache.ratis.thirdparty.io.grpc.stub.ClientCalls.toStatusRuntimeException(ClientCalls.java:233)
	at org.apache.ratis.thirdparty.io.grpc.stub.ClientCalls.getUnchecked(ClientCalls.java:214)
	at org.apache.ratis.thirdparty.io.grpc.stub.ClientCalls.blockingUnaryCall(ClientCalls.java:139)
	at org.apache.ratis.proto.grpc.AdminProtocolServiceGrpc$AdminProtocolServiceBlockingStub.groupManagement(AdminProtocolServiceGrpc.java:274)
	at org.apache.ratis.grpc.client.GrpcClientProtocolClient.lambda$groupAdd$3(GrpcClientProtocolClient.java:140)
	at org.apache.ratis.grpc.client.GrpcClientProtocolClient.blockingCall(GrpcClientProtocolClient.java:167)
	... 15 more
2019-08-30 07:34:35,550 [IPC Server handler 0 on 35085] WARN  block.BlockManagerImpl (BlockManagerImpl.java:allocateBlock(192)) - Pipeline creation failed for type:RATIS factor:THREE. Retrying get pipelines call once.
org.apache.hadoop.io.MultipleIOException: 3 exceptions [java.io.IOException: Failed invoke Ratis rpc org.apache.hadoop.hdds.scm.pipeline.RatisPipelineProvider$$Lambda$171/1199399042@73810d for acc690db-1381-479d-90ad-8aa346d73f29, java.io.IOException: Failed invoke Ratis rpc org.apache.hadoop.hdds.scm.pipeline.RatisPipelineProvider$$Lambda$171/1199399042@73810d for c1f9b5f6-3f1a-4e58-b5c3-6c327452b89e, java.io.IOException: Failed invoke Ratis rpc org.apache.hadoop.hdds.scm.pipeline.RatisPipelineProvider$$Lambda$171/1199399042@73810d for a45a7528-2ba0-4bc3-913c-850122b1269f]
	at org.apache.hadoop.io.MultipleIOException.createIOException(MultipleIOException.java:53)
	at org.apache.hadoop.hdds.scm.pipeline.RatisPipelineProvider.callRatisRpc(RatisPipelineProvider.java:251)
	at org.apache.hadoop.hdds.scm.pipeline.RatisPipelineProvider.initializePipeline(RatisPipelineProvider.java:192)
	at org.apache.hadoop.hdds.scm.pipeline.RatisPipelineProvider.create(RatisPipelineProvider.java:161)
	at org.apache.hadoop.hdds.scm.pipeline.PipelineFactory.create(PipelineFactory.java:57)
	at org.apache.hadoop.hdds.scm.pipeline.SCMPipelineManager.createPipeline(SCMPipelineManager.java:149)
	at org.apache.hadoop.hdds.scm.block.BlockManagerImpl.allocateBlock(BlockManagerImpl.java:190)
	at org.apache.hadoop.hdds.scm.server.SCMBlockProtocolServer.allocateBlock(SCMBlockProtocolServer.java:175)
	at org.apache.hadoop.ozone.protocolPB.ScmBlockLocationProtocolServerSideTranslatorPB.allocateScmBlock(ScmBlockLocationProtocolServerSideTranslatorPB.java:153)
	at org.apache.hadoop.ozone.protocolPB.ScmBlockLocationProtocolServerSideTranslatorPB.send(ScmBlockLocationProtocolServerSideTranslatorPB.java:112)
	at org.apache.hadoop.hdds.protocol.proto.ScmBlockLocationProtocolProtos$ScmBlockLocationProtocolService$2.callBlockingMethod(ScmBlockLocationProtocolProtos.java:13157)
	at org.apache.hadoop.ipc.ProtobufRpcEngine$Server$ProtoBufRpcInvoker.call(ProtobufRpcEngine.java:524)
	at org.apache.hadoop.ipc.RPC$Server.call(RPC.java:1025)
	at org.apache.hadoop.ipc.Server$RpcCall.run(Server.java:876)
	at org.apache.hadoop.ipc.Server$RpcCall.run(Server.java:822)
	at java.security.AccessController.doPrivileged(Native Method)
	at javax.security.auth.Subject.doAs(Subject.java:422)
	at org.apache.hadoop.security.UserGroupInformation.doAs(UserGroupInformation.java:1730)
	at org.apache.hadoop.ipc.Server$Handler.run(Server.java:2682)
2019-08-30 07:34:35,550 [IPC Server handler 0 on 35085] INFO  block.BlockManagerImpl (BlockManagerImpl.java:allocateBlock(198)) - Could not find available pipeline of type:RATIS and factor:THREE even after retrying
2019-08-30 07:34:35,550 [IPC Server handler 0 on 35085] ERROR block.BlockManagerImpl (BlockManagerImpl.java:allocateBlock(222)) - Unable to allocate a block for the size: 4194304, type: RATIS, factor: THREE
2019-08-30 07:34:35,571 [grpc-default-executor-0] INFO  impl.RaftServerProxy (RaftServerProxy.java:addNew(89)) - a45a7528-2ba0-4bc3-913c-850122b1269f: addNew group-CA76A3A1922C:[acc690db-1381-479d-90ad-8aa346d73f29:192.168.5.156:37691, c1f9b5f6-3f1a-4e58-b5c3-6c327452b89e:192.168.5.156:46765, a45a7528-2ba0-4bc3-913c-850122b1269f:192.168.5.156:32945] returns group-CA76A3A1922C:java.util.concurrent.CompletableFuture@748a599a[Not completed]
2019-08-30 07:34:35,571 [grpc-default-executor-2] INFO  impl.RaftServerProxy (RaftServerProxy.java:addNew(89)) - c1f9b5f6-3f1a-4e58-b5c3-6c327452b89e: addNew group-CA76A3A1922C:[acc690db-1381-479d-90ad-8aa346d73f29:192.168.5.156:37691, c1f9b5f6-3f1a-4e58-b5c3-6c327452b89e:192.168.5.156:46765, a45a7528-2ba0-4bc3-913c-850122b1269f:192.168.5.156:32945] returns group-CA76A3A1922C:java.util.concurrent.CompletableFuture@889eaf6[Not completed]
2019-08-30 07:34:35,571 [grpc-default-executor-1] INFO  impl.RaftServerProxy (RaftServerProxy.java:addNew(89)) - acc690db-1381-479d-90ad-8aa346d73f29: addNew group-CA76A3A1922C:[acc690db-1381-479d-90ad-8aa346d73f29:192.168.5.156:37691, c1f9b5f6-3f1a-4e58-b5c3-6c327452b89e:192.168.5.156:46765, a45a7528-2ba0-4bc3-913c-850122b1269f:192.168.5.156:32945] returns group-CA76A3A1922C:java.util.concurrent.CompletableFuture@23bfb620[Not completed]
2019-08-30 07:34:35,602 | INFO  | SCMAudit | user=jenkins1000 | ip=192.168.5.156 | op=SEND_HEARTBEAT {datanodeUUID=905b07e9-2fc0-493e-9dc2-ae90eb733c4f, command=[]} | ret=SUCCESS |  
2019-08-30 07:34:35,787 | INFO  | SCMAudit | user=jenkins1000 | ip=192.168.5.156 | op=SEND_HEARTBEAT {datanodeUUID=cb5a5d16-88a3-41b0-858f-6232e86de455, command=[]} | ret=SUCCESS |  
2019-08-30 07:34:35,876 | INFO  | SCMAudit | user=jenkins1000 | ip=192.168.5.156 | op=SEND_HEARTBEAT {datanodeUUID=acc690db-1381-479d-90ad-8aa346d73f29, command=[]} | ret=SUCCESS |  
2019-08-30 07:34:35,974 | INFO  | SCMAudit | user=jenkins1000 | ip=192.168.5.156 | op=SEND_HEARTBEAT {datanodeUUID=4a5ae11c-f2ff-4cf6-9dca-760126bc39ff, command=[]} | ret=SUCCESS |  
2019-08-30 07:34:35,993 | INFO  | SCMAudit | user=jenkins1000 | ip=192.168.5.156 | op=SEND_HEARTBEAT {datanodeUUID=c1f9b5f6-3f1a-4e58-b5c3-6c327452b89e, command=[]} | ret=SUCCESS |  
2019-08-30 07:34:36,154 | INFO  | SCMAudit | user=jenkins1000 | ip=192.168.5.156 | op=SEND_HEARTBEAT {datanodeUUID=cf19ac65-0b70-4753-9cfc-44acb7cd902c, command=[]} | ret=SUCCESS |  
2019-08-30 07:34:36,179 | INFO  | SCMAudit | user=jenkins1000 | ip=192.168.5.156 | op=SEND_HEARTBEAT {datanodeUUID=f20ba990-a1ec-4251-b44f-b0954e9459c1, command=[]} | ret=SUCCESS |  
2019-08-30 07:34:36,201 | INFO  | SCMAudit | user=jenkins1000 | ip=192.168.5.156 | op=SEND_HEARTBEAT {datanodeUUID=fa47bd42-2000-4a68-b335-f6aa68ddcd76, command=[]} | ret=SUCCESS |  
2019-08-30 07:34:36,405 | INFO  | SCMAudit | user=jenkins1000 | ip=192.168.5.156 | op=SEND_HEARTBEAT {datanodeUUID=a45a7528-2ba0-4bc3-913c-850122b1269f, command=[]} | ret=SUCCESS |  
2019-08-30 07:34:36,412 | INFO  | SCMAudit | user=jenkins1000 | ip=192.168.5.156 | op=SEND_HEARTBEAT {datanodeUUID=28af1cec-03f6-4f1e-ae7b-b0964308b7ec, command=[]} | ret=SUCCESS |  
2019-08-30 07:34:36,601 | INFO  | SCMAudit | user=jenkins1000 | ip=192.168.5.156 | op=SEND_HEARTBEAT {datanodeUUID=905b07e9-2fc0-493e-9dc2-ae90eb733c4f, command=[]} | ret=SUCCESS |  
2019-08-30 07:34:36,788 | INFO  | SCMAudit | user=jenkins1000 | ip=192.168.5.156 | op=SEND_HEARTBEAT {datanodeUUID=cb5a5d16-88a3-41b0-858f-6232e86de455, command=[]} | ret=SUCCESS |  
2019-08-30 07:34:36,876 | INFO  | SCMAudit | user=jenkins1000 | ip=192.168.5.156 | op=SEND_HEARTBEAT {datanodeUUID=acc690db-1381-479d-90ad-8aa346d73f29, command=[]} | ret=SUCCESS |  
2019-08-30 07:34:36,974 | INFO  | SCMAudit | user=jenkins1000 | ip=192.168.5.156 | op=SEND_HEARTBEAT {datanodeUUID=4a5ae11c-f2ff-4cf6-9dca-760126bc39ff, command=[]} | ret=SUCCESS |  
2019-08-30 07:34:36,994 | INFO  | SCMAudit | user=jenkins1000 | ip=192.168.5.156 | op=SEND_HEARTBEAT {datanodeUUID=c1f9b5f6-3f1a-4e58-b5c3-6c327452b89e, command=[]} | ret=SUCCESS |  
2019-08-30 07:34:37,161 | INFO  | SCMAudit | user=jenkins1000 | ip=192.168.5.156 | op=SEND_HEARTBEAT {datanodeUUID=cf19ac65-0b70-4753-9cfc-44acb7cd902c, command=[]} | ret=SUCCESS |  
2019-08-30 07:34:37,180 | INFO  | SCMAudit | user=jenkins1000 | ip=192.168.5.156 | op=SEND_HEARTBEAT {datanodeUUID=f20ba990-a1ec-4251-b44f-b0954e9459c1, command=[]} | ret=SUCCESS |  
2019-08-30 07:34:37,201 | INFO  | SCMAudit | user=jenkins1000 | ip=192.168.5.156 | op=SEND_HEARTBEAT {datanodeUUID=fa47bd42-2000-4a68-b335-f6aa68ddcd76, command=[]} | ret=SUCCESS |  
2019-08-30 07:34:37,405 | INFO  | SCMAudit | user=jenkins1000 | ip=192.168.5.156 | op=SEND_HEARTBEAT {datanodeUUID=a45a7528-2ba0-4bc3-913c-850122b1269f, command=[]} | ret=SUCCESS |  
2019-08-30 07:34:37,411 | INFO  | SCMAudit | user=jenkins1000 | ip=192.168.5.156 | op=SEND_HEARTBEAT {datanodeUUID=28af1cec-03f6-4f1e-ae7b-b0964308b7ec, command=[]} | ret=SUCCESS |  
2019-08-30 07:34:37,602 | INFO  | SCMAudit | user=jenkins1000 | ip=192.168.5.156 | op=SEND_HEARTBEAT {datanodeUUID=905b07e9-2fc0-493e-9dc2-ae90eb733c4f, command=[]} | ret=SUCCESS |  
2019-08-30 07:34:37,788 | INFO  | SCMAudit | user=jenkins1000 | ip=192.168.5.156 | op=SEND_HEARTBEAT {datanodeUUID=cb5a5d16-88a3-41b0-858f-6232e86de455, command=[]} | ret=SUCCESS |  
2019-08-30 07:34:37,876 | INFO  | SCMAudit | user=jenkins1000 | ip=192.168.5.156 | op=SEND_HEARTBEAT {datanodeUUID=acc690db-1381-479d-90ad-8aa346d73f29, command=[]} | ret=SUCCESS |  
2019-08-30 07:34:37,974 | INFO  | SCMAudit | user=jenkins1000 | ip=192.168.5.156 | op=SEND_HEARTBEAT {datanodeUUID=4a5ae11c-f2ff-4cf6-9dca-760126bc39ff, command=[]} | ret=SUCCESS |  
2019-08-30 07:34:37,993 | INFO  | SCMAudit | user=jenkins1000 | ip=192.168.5.156 | op=SEND_HEARTBEAT {datanodeUUID=c1f9b5f6-3f1a-4e58-b5c3-6c327452b89e, command=[]} | ret=SUCCESS |  
2019-08-30 07:34:38,161 | INFO  | SCMAudit | user=jenkins1000 | ip=192.168.5.156 | op=SEND_HEARTBEAT {datanodeUUID=cf19ac65-0b70-4753-9cfc-44acb7cd902c, command=[]} | ret=SUCCESS |  
2019-08-30 07:34:38,180 | INFO  | SCMAudit | user=jenkins1000 | ip=192.168.5.156 | op=SEND_HEARTBEAT {datanodeUUID=f20ba990-a1ec-4251-b44f-b0954e9459c1, command=[]} | ret=SUCCESS |  
2019-08-30 07:34:38,201 | INFO  | SCMAudit | user=jenkins1000 | ip=192.168.5.156 | op=SEND_HEARTBEAT {datanodeUUID=fa47bd42-2000-4a68-b335-f6aa68ddcd76, command=[]} | ret=SUCCESS |  
2019-08-30 07:34:38,311 [f20ba990-a1ec-4251-b44f-b0954e9459c1:group-BC5BBD1BED6A:LeaderElection1] INFO  impl.LeaderElection (LeaderElection.java:askForVotes(181)) - f20ba990-a1ec-4251-b44f-b0954e9459c1:group-BC5BBD1BED6A:LeaderElection1: begin an election at term 1 for -1: [acc690db-1381-479d-90ad-8aa346d73f29:192.168.5.156:37691, f20ba990-a1ec-4251-b44f-b0954e9459c1:192.168.5.156:36913, a45a7528-2ba0-4bc3-913c-850122b1269f:192.168.5.156:32945], old=null
2019-08-30 07:34:38,311 [f20ba990-a1ec-4251-b44f-b0954e9459c1:group-3260705896A1:LeaderElection2] INFO  impl.LeaderElection (LeaderElection.java:askForVotes(181)) - f20ba990-a1ec-4251-b44f-b0954e9459c1:group-3260705896A1:LeaderElection2: begin an election at term 1 for -1: [f20ba990-a1ec-4251-b44f-b0954e9459c1:192.168.5.156:36913], old=null
2019-08-30 07:34:38,311 [a45a7528-2ba0-4bc3-913c-850122b1269f:group-BC5BBD1BED6A:LeaderElection4] INFO  impl.LeaderElection (LeaderElection.java:askForVotes(181)) - a45a7528-2ba0-4bc3-913c-850122b1269f:group-BC5BBD1BED6A:LeaderElection4: begin an election at term 1 for -1: [acc690db-1381-479d-90ad-8aa346d73f29:192.168.5.156:37691, f20ba990-a1ec-4251-b44f-b0954e9459c1:192.168.5.156:36913, a45a7528-2ba0-4bc3-913c-850122b1269f:192.168.5.156:32945], old=null
2019-08-30 07:34:38,311 [acc690db-1381-479d-90ad-8aa346d73f29:group-BC5BBD1BED6A:LeaderElection3] INFO  impl.LeaderElection (LeaderElection.java:askForVotes(181)) - acc690db-1381-479d-90ad-8aa346d73f29:group-BC5BBD1BED6A:LeaderElection3: begin an election at term 1 for -1: [acc690db-1381-479d-90ad-8aa346d73f29:192.168.5.156:37691, f20ba990-a1ec-4251-b44f-b0954e9459c1:192.168.5.156:36913, a45a7528-2ba0-4bc3-913c-850122b1269f:192.168.5.156:32945], old=null
2019-08-30 07:34:38,317 [f20ba990-a1ec-4251-b44f-b0954e9459c1:group-3260705896A1:LeaderElection2] INFO  impl.RoleInfo (RoleInfo.java:shutdownLeaderElection(134)) - f20ba990-a1ec-4251-b44f-b0954e9459c1: shutdown LeaderElection
2019-08-30 07:34:38,317 [f20ba990-a1ec-4251-b44f-b0954e9459c1:group-3260705896A1:LeaderElection2] INFO  impl.RaftServerImpl (RaftServerImpl.java:setRole(171)) - f20ba990-a1ec-4251-b44f-b0954e9459c1:group-3260705896A1 changes role from CANDIDATE to LEADER at term 1 for changeToLeader
2019-08-30 07:34:38,318 [f20ba990-a1ec-4251-b44f-b0954e9459c1:group-3260705896A1:LeaderElection2] INFO  impl.RaftServerImpl (ServerState.java:setLeader(263)) - f20ba990-a1ec-4251-b44f-b0954e9459c1:group-3260705896A1 change Leader from null to f20ba990-a1ec-4251-b44f-b0954e9459c1 at term 1 for becomeLeader, leader elected after 12466ms
2019-08-30 07:34:38,328 [f20ba990-a1ec-4251-b44f-b0954e9459c1:group-3260705896A1:LeaderElection2] INFO  server.RaftServerConfigKeys (ConfUtils.java:logGet(43)) - raft.server.staging.catchup.gap = 1000 (default)
2019-08-30 07:34:38,328 [f20ba990-a1ec-4251-b44f-b0954e9459c1:group-3260705896A1:LeaderElection2] INFO  server.RaftServerConfigKeys (ConfUtils.java:logGet(43)) - raft.server.rpc.sleep.time = 25ms (default)
2019-08-30 07:34:38,331 [f20ba990-a1ec-4251-b44f-b0954e9459c1:group-3260705896A1:LeaderElection2] INFO  server.RaftServerConfigKeys (ConfUtils.java:logGet(43)) - raft.server.write.element-limit = 4096 (default)
2019-08-30 07:34:38,344 [f20ba990-a1ec-4251-b44f-b0954e9459c1:group-3260705896A1:LeaderElection2] INFO  server.RaftServerConfigKeys (ConfUtils.java:logGet(43)) - raft.server.watch.timeout = 10s (default)
2019-08-30 07:34:38,348 [f20ba990-a1ec-4251-b44f-b0954e9459c1:group-3260705896A1:LeaderElection2] INFO  server.RaftServerConfigKeys (ConfUtils.java:logGet(43)) - raft.server.watch.timeout.denomination = 1s (default)
2019-08-30 07:34:38,354 [f20ba990-a1ec-4251-b44f-b0954e9459c1:group-3260705896A1:LeaderElection2] INFO  server.RaftServerConfigKeys (ConfUtils.java:logGet(43)) - raft.server.watch.element-limit = 65536 (default)
2019-08-30 07:34:38,391 [f20ba990-a1ec-4251-b44f-b0954e9459c1:group-3260705896A1:LeaderElection2] INFO  impl.RoleInfo (RoleInfo.java:updateAndGet(143)) - f20ba990-a1ec-4251-b44f-b0954e9459c1: start LeaderState
2019-08-30 07:34:38,404 | INFO  | SCMAudit | user=jenkins1000 | ip=192.168.5.156 | op=SEND_HEARTBEAT {datanodeUUID=a45a7528-2ba0-4bc3-913c-850122b1269f, command=[]} | ret=SUCCESS |  
2019-08-30 07:34:38,419 | INFO  | SCMAudit | user=jenkins1000 | ip=192.168.5.156 | op=SEND_HEARTBEAT {datanodeUUID=28af1cec-03f6-4f1e-ae7b-b0964308b7ec, command=[]} | ret=SUCCESS |  
2019-08-30 07:34:38,448 [a45a7528-2ba0-4bc3-913c-850122b1269f:group-BC5BBD1BED6A:LeaderElection4] INFO  impl.LeaderElection (LeaderElection.java:logAndReturn(56)) - a45a7528-2ba0-4bc3-913c-850122b1269f:group-BC5BBD1BED6A:LeaderElection4: Election REJECTED; received 2 response(s) [a45a7528-2ba0-4bc3-913c-850122b1269f<-acc690db-1381-479d-90ad-8aa346d73f29#0:FAIL-t1, a45a7528-2ba0-4bc3-913c-850122b1269f<-f20ba990-a1ec-4251-b44f-b0954e9459c1#0:FAIL-t1] and 0 exception(s); a45a7528-2ba0-4bc3-913c-850122b1269f:t1, leader=null, voted=a45a7528-2ba0-4bc3-913c-850122b1269f, raftlog=a45a7528-2ba0-4bc3-913c-850122b1269f-SegmentedRaftLog:OPENED:c-1,f-1,i0, conf=-1: [acc690db-1381-479d-90ad-8aa346d73f29:192.168.5.156:37691, f20ba990-a1ec-4251-b44f-b0954e9459c1:192.168.5.156:36913, a45a7528-2ba0-4bc3-913c-850122b1269f:192.168.5.156:32945], old=null
2019-08-30 07:34:38,448 [f20ba990-a1ec-4251-b44f-b0954e9459c1:group-BC5BBD1BED6A:LeaderElection1] INFO  impl.LeaderElection (LeaderElection.java:logAndReturn(56)) - f20ba990-a1ec-4251-b44f-b0954e9459c1:group-BC5BBD1BED6A:LeaderElection1: Election REJECTED; received 2 response(s) [f20ba990-a1ec-4251-b44f-b0954e9459c1<-acc690db-1381-479d-90ad-8aa346d73f29#0:FAIL-t1, f20ba990-a1ec-4251-b44f-b0954e9459c1<-a45a7528-2ba0-4bc3-913c-850122b1269f#0:FAIL-t1] and 0 exception(s); f20ba990-a1ec-4251-b44f-b0954e9459c1:t1, leader=null, voted=f20ba990-a1ec-4251-b44f-b0954e9459c1, raftlog=f20ba990-a1ec-4251-b44f-b0954e9459c1-SegmentedRaftLog:OPENED:c-1,f-1,i0, conf=-1: [acc690db-1381-479d-90ad-8aa346d73f29:192.168.5.156:37691, f20ba990-a1ec-4251-b44f-b0954e9459c1:192.168.5.156:36913, a45a7528-2ba0-4bc3-913c-850122b1269f:192.168.5.156:32945], old=null
2019-08-30 07:34:38,448 [acc690db-1381-479d-90ad-8aa346d73f29:group-BC5BBD1BED6A:LeaderElection3] INFO  impl.LeaderElection (LeaderElection.java:logAndReturn(56)) - acc690db-1381-479d-90ad-8aa346d73f29:group-BC5BBD1BED6A:LeaderElection3: Election REJECTED; received 2 response(s) [acc690db-1381-479d-90ad-8aa346d73f29<-f20ba990-a1ec-4251-b44f-b0954e9459c1#0:FAIL-t1, acc690db-1381-479d-90ad-8aa346d73f29<-a45a7528-2ba0-4bc3-913c-850122b1269f#0:FAIL-t1] and 0 exception(s); acc690db-1381-479d-90ad-8aa346d73f29:t1, leader=null, voted=acc690db-1381-479d-90ad-8aa346d73f29, raftlog=acc690db-1381-479d-90ad-8aa346d73f29-SegmentedRaftLog:OPENED:c-1,f-1,i0, conf=-1: [acc690db-1381-479d-90ad-8aa346d73f29:192.168.5.156:37691, f20ba990-a1ec-4251-b44f-b0954e9459c1:192.168.5.156:36913, a45a7528-2ba0-4bc3-913c-850122b1269f:192.168.5.156:32945], old=null
2019-08-30 07:34:38,450 [f20ba990-a1ec-4251-b44f-b0954e9459c1:group-3260705896A1:LeaderElection2] INFO  segmented.SegmentedRaftLogWorker (SegmentedRaftLogWorker.java:startLogSegment(380)) - f20ba990-a1ec-4251-b44f-b0954e9459c1-SegmentedRaftLogWorker:Storage Directory /workdir/hadoop-ozone/integration-test/target/test-dir/MiniOzoneClusterImpl-e2a0042e-8006-48d2-a527-f4f759a7d1b5/datanode-0/data/ratis/a0047a84-d3f1-4b11-9455-3260705896a1: Starting segment from index:0
2019-08-30 07:34:38,457 [a45a7528-2ba0-4bc3-913c-850122b1269f:group-BC5BBD1BED6A:LeaderElection4] INFO  impl.RaftServerImpl (RaftServerImpl.java:setRole(171)) - a45a7528-2ba0-4bc3-913c-850122b1269f:group-BC5BBD1BED6A changes role from CANDIDATE to FOLLOWER at term 1 for DISCOVERED_A_NEW_TERM
2019-08-30 07:34:38,457 [f20ba990-a1ec-4251-b44f-b0954e9459c1:group-BC5BBD1BED6A:LeaderElection1] INFO  impl.RaftServerImpl (RaftServerImpl.java:setRole(171)) - f20ba990-a1ec-4251-b44f-b0954e9459c1:group-BC5BBD1BED6A changes role from CANDIDATE to FOLLOWER at term 1 for DISCOVERED_A_NEW_TERM
2019-08-30 07:34:38,460 [a45a7528-2ba0-4bc3-913c-850122b1269f:group-BC5BBD1BED6A:LeaderElection4] INFO  impl.RoleInfo (RoleInfo.java:shutdownLeaderElection(134)) - a45a7528-2ba0-4bc3-913c-850122b1269f: shutdown LeaderElection
2019-08-30 07:34:38,460 [acc690db-1381-479d-90ad-8aa346d73f29:group-BC5BBD1BED6A:LeaderElection3] INFO  impl.RaftServerImpl (RaftServerImpl.java:setRole(171)) - acc690db-1381-479d-90ad-8aa346d73f29:group-BC5BBD1BED6A changes role from CANDIDATE to FOLLOWER at term 1 for DISCOVERED_A_NEW_TERM
2019-08-30 07:34:38,461 [a45a7528-2ba0-4bc3-913c-850122b1269f:group-BC5BBD1BED6A:LeaderElection4] INFO  impl.RoleInfo (RoleInfo.java:updateAndGet(143)) - a45a7528-2ba0-4bc3-913c-850122b1269f: start FollowerState
2019-08-30 07:34:38,461 [f20ba990-a1ec-4251-b44f-b0954e9459c1:group-BC5BBD1BED6A:LeaderElection1] INFO  impl.RoleInfo (RoleInfo.java:shutdownLeaderElection(134)) - f20ba990-a1ec-4251-b44f-b0954e9459c1: shutdown LeaderElection
2019-08-30 07:34:38,461 [acc690db-1381-479d-90ad-8aa346d73f29:group-BC5BBD1BED6A:LeaderElection3] INFO  impl.RoleInfo (RoleInfo.java:shutdownLeaderElection(134)) - acc690db-1381-479d-90ad-8aa346d73f29: shutdown LeaderElection
2019-08-30 07:34:38,463 [f20ba990-a1ec-4251-b44f-b0954e9459c1:group-BC5BBD1BED6A:LeaderElection1] INFO  impl.RoleInfo (RoleInfo.java:updateAndGet(143)) - f20ba990-a1ec-4251-b44f-b0954e9459c1: start FollowerState
2019-08-30 07:34:38,463 [acc690db-1381-479d-90ad-8aa346d73f29:group-BC5BBD1BED6A:LeaderElection3] INFO  impl.RoleInfo (RoleInfo.java:updateAndGet(143)) - acc690db-1381-479d-90ad-8aa346d73f29: start FollowerState
2019-08-30 07:34:38,473 [f20ba990-a1ec-4251-b44f-b0954e9459c1:group-3260705896A1:LeaderElection2] INFO  impl.RaftServerImpl (ServerState.java:setRaftConf(361)) - f20ba990-a1ec-4251-b44f-b0954e9459c1:group-3260705896A1 set configuration 0: [f20ba990-a1ec-4251-b44f-b0954e9459c1:192.168.5.156:36913], old=null at 0
2019-08-30 07:34:38,563 [RATISCREATEPIPELINE2] ERROR pipeline.RatisPipelineProvider (RatisPipelineProvider.java:lambda$null$5(235)) - Failed invoke Ratis rpc org.apache.hadoop.hdds.scm.pipeline.RatisPipelineProvider$$Lambda$171/1199399042@7f03101a for c1f9b5f6-3f1a-4e58-b5c3-6c327452b89e
org.apache.ratis.protocol.TimeoutIOException: deadline exceeded after 2996553149ns
	at org.apache.ratis.grpc.GrpcUtil.tryUnwrapException(GrpcUtil.java:82)
	at org.apache.ratis.grpc.GrpcUtil.unwrapException(GrpcUtil.java:75)
	at org.apache.ratis.grpc.client.GrpcClientProtocolClient.blockingCall(GrpcClientProtocolClient.java:169)
	at org.apache.ratis.grpc.client.GrpcClientProtocolClient.groupAdd(GrpcClientProtocolClient.java:138)
	at org.apache.ratis.grpc.client.GrpcClientRpc.sendRequest(GrpcClientRpc.java:94)
	at org.apache.ratis.client.impl.RaftClientImpl.sendRequest(RaftClientImpl.java:279)
	at org.apache.ratis.client.impl.RaftClientImpl.groupAdd(RaftClientImpl.java:206)
	at org.apache.hadoop.hdds.scm.pipeline.RatisPipelineProvider.lambda$initializePipeline$4(RatisPipelineProvider.java:194)
	at org.apache.hadoop.hdds.scm.pipeline.RatisPipelineProvider.lambda$null$5(RatisPipelineProvider.java:231)
	at java.util.stream.ForEachOps$ForEachOp$OfRef.accept(ForEachOps.java:184)
	at java.util.ArrayList$ArrayListSpliterator.forEachRemaining(ArrayList.java:1382)
	at java.util.stream.AbstractPipeline.copyInto(AbstractPipeline.java:482)
	at java.util.stream.ForEachOps$ForEachTask.compute(ForEachOps.java:291)
	at java.util.concurrent.CountedCompleter.exec(CountedCompleter.java:731)
	at java.util.concurrent.ForkJoinTask.doExec(ForkJoinTask.java:289)
	at java.util.concurrent.ForkJoinPool$WorkQueue.runTask(ForkJoinPool.java:1056)
	at java.util.concurrent.ForkJoinPool.runWorker(ForkJoinPool.java:1692)
	at java.util.concurrent.ForkJoinWorkerThread.run(ForkJoinWorkerThread.java:157)
Caused by: org.apache.ratis.thirdparty.io.grpc.StatusRuntimeException: DEADLINE_EXCEEDED: deadline exceeded after 2996553149ns
	at org.apache.ratis.thirdparty.io.grpc.stub.ClientCalls.toStatusRuntimeException(ClientCalls.java:233)
	at org.apache.ratis.thirdparty.io.grpc.stub.ClientCalls.getUnchecked(ClientCalls.java:214)
	at org.apache.ratis.thirdparty.io.grpc.stub.ClientCalls.blockingUnaryCall(ClientCalls.java:139)
	at org.apache.ratis.proto.grpc.AdminProtocolServiceGrpc$AdminProtocolServiceBlockingStub.groupManagement(AdminProtocolServiceGrpc.java:274)
	at org.apache.ratis.grpc.client.GrpcClientProtocolClient.lambda$groupAdd$3(GrpcClientProtocolClient.java:140)
	at org.apache.ratis.grpc.client.GrpcClientProtocolClient.blockingCall(GrpcClientProtocolClient.java:167)
	... 15 more
2019-08-30 07:34:38,567 [RATISCREATEPIPELINE1] ERROR pipeline.RatisPipelineProvider (RatisPipelineProvider.java:lambda$null$5(235)) - Failed invoke Ratis rpc org.apache.hadoop.hdds.scm.pipeline.RatisPipelineProvider$$Lambda$171/1199399042@7f03101a for acc690db-1381-479d-90ad-8aa346d73f29
org.apache.ratis.protocol.TimeoutIOException: deadline exceeded after 2999734959ns
	at org.apache.ratis.grpc.GrpcUtil.tryUnwrapException(GrpcUtil.java:82)
	at org.apache.ratis.grpc.GrpcUtil.unwrapException(GrpcUtil.java:75)
	at org.apache.ratis.grpc.client.GrpcClientProtocolClient.blockingCall(GrpcClientProtocolClient.java:169)
	at org.apache.ratis.grpc.client.GrpcClientProtocolClient.groupAdd(GrpcClientProtocolClient.java:138)
	at org.apache.ratis.grpc.client.GrpcClientRpc.sendRequest(GrpcClientRpc.java:94)
	at org.apache.ratis.client.impl.RaftClientImpl.sendRequest(RaftClientImpl.java:279)
	at org.apache.ratis.client.impl.RaftClientImpl.groupAdd(RaftClientImpl.java:206)
	at org.apache.hadoop.hdds.scm.pipeline.RatisPipelineProvider.lambda$initializePipeline$4(RatisPipelineProvider.java:194)
	at org.apache.hadoop.hdds.scm.pipeline.RatisPipelineProvider.lambda$null$5(RatisPipelineProvider.java:231)
	at java.util.stream.ForEachOps$ForEachOp$OfRef.accept(ForEachOps.java:184)
	at java.util.ArrayList$ArrayListSpliterator.forEachRemaining(ArrayList.java:1382)
	at java.util.stream.AbstractPipeline.copyInto(AbstractPipeline.java:482)
	at java.util.stream.ForEachOps$ForEachTask.compute(ForEachOps.java:291)
	at java.util.concurrent.CountedCompleter.exec(CountedCompleter.java:731)
	at java.util.concurrent.ForkJoinTask.doExec(ForkJoinTask.java:289)
	at java.util.concurrent.ForkJoinTask.doInvoke(ForkJoinTask.java:401)
	at java.util.concurrent.ForkJoinTask.invoke(ForkJoinTask.java:734)
	at java.util.stream.ForEachOps$ForEachOp.evaluateParallel(ForEachOps.java:160)
	at java.util.stream.ForEachOps$ForEachOp$OfRef.evaluateParallel(ForEachOps.java:174)
	at java.util.stream.AbstractPipeline.evaluate(AbstractPipeline.java:233)
	at java.util.stream.ReferencePipeline.forEach(ReferencePipeline.java:418)
	at java.util.stream.ReferencePipeline$Head.forEach(ReferencePipeline.java:583)
	at org.apache.hadoop.hdds.scm.pipeline.RatisPipelineProvider.lambda$callRatisRpc$6(RatisPipelineProvider.java:225)
	at java.util.concurrent.ForkJoinTask$AdaptedRunnableAction.exec(ForkJoinTask.java:1386)
	at java.util.concurrent.ForkJoinTask.doExec(ForkJoinTask.java:289)
	at java.util.concurrent.ForkJoinPool$WorkQueue.runTask(ForkJoinPool.java:1056)
	at java.util.concurrent.ForkJoinPool.runWorker(ForkJoinPool.java:1692)
	at java.util.concurrent.ForkJoinWorkerThread.run(ForkJoinWorkerThread.java:157)
Caused by: org.apache.ratis.thirdparty.io.grpc.StatusRuntimeException: DEADLINE_EXCEEDED: deadline exceeded after 2999734959ns
	at org.apache.ratis.thirdparty.io.grpc.stub.ClientCalls.toStatusRuntimeException(ClientCalls.java:233)
	at org.apache.ratis.thirdparty.io.grpc.stub.ClientCalls.getUnchecked(ClientCalls.java:214)
	at org.apache.ratis.thirdparty.io.grpc.stub.ClientCalls.blockingUnaryCall(ClientCalls.java:139)
	at org.apache.ratis.proto.grpc.AdminProtocolServiceGrpc$AdminProtocolServiceBlockingStub.groupManagement(AdminProtocolServiceGrpc.java:274)
	at org.apache.ratis.grpc.client.GrpcClientProtocolClient.lambda$groupAdd$3(GrpcClientProtocolClient.java:140)
	at org.apache.ratis.grpc.client.GrpcClientProtocolClient.blockingCall(GrpcClientProtocolClient.java:167)
	... 25 more
2019-08-30 07:34:38,570 [RATISCREATEPIPELINE3] ERROR pipeline.RatisPipelineProvider (RatisPipelineProvider.java:lambda$null$5(235)) - Failed invoke Ratis rpc org.apache.hadoop.hdds.scm.pipeline.RatisPipelineProvider$$Lambda$171/1199399042@7f03101a for a45a7528-2ba0-4bc3-913c-850122b1269f
org.apache.ratis.protocol.TimeoutIOException: deadline exceeded after 2999743818ns
	at org.apache.ratis.grpc.GrpcUtil.tryUnwrapException(GrpcUtil.java:82)
	at org.apache.ratis.grpc.GrpcUtil.unwrapException(GrpcUtil.java:75)
	at org.apache.ratis.grpc.client.GrpcClientProtocolClient.blockingCall(GrpcClientProtocolClient.java:169)
	at org.apache.ratis.grpc.client.GrpcClientProtocolClient.groupAdd(GrpcClientProtocolClient.java:138)
	at org.apache.ratis.grpc.client.GrpcClientRpc.sendRequest(GrpcClientRpc.java:94)
	at org.apache.ratis.client.impl.RaftClientImpl.sendRequest(RaftClientImpl.java:279)
	at org.apache.ratis.client.impl.RaftClientImpl.groupAdd(RaftClientImpl.java:206)
	at org.apache.hadoop.hdds.scm.pipeline.RatisPipelineProvider.lambda$initializePipeline$4(RatisPipelineProvider.java:194)
	at org.apache.hadoop.hdds.scm.pipeline.RatisPipelineProvider.lambda$null$5(RatisPipelineProvider.java:231)
	at java.util.stream.ForEachOps$ForEachOp$OfRef.accept(ForEachOps.java:184)
	at java.util.ArrayList$ArrayListSpliterator.forEachRemaining(ArrayList.java:1382)
	at java.util.stream.AbstractPipeline.copyInto(AbstractPipeline.java:482)
	at java.util.stream.ForEachOps$ForEachTask.compute(ForEachOps.java:291)
	at java.util.concurrent.CountedCompleter.exec(CountedCompleter.java:731)
	at java.util.concurrent.ForkJoinTask.doExec(ForkJoinTask.java:289)
	at java.util.concurrent.ForkJoinPool$WorkQueue.runTask(ForkJoinPool.java:1056)
	at java.util.concurrent.ForkJoinPool.runWorker(ForkJoinPool.java:1692)
	at java.util.concurrent.ForkJoinWorkerThread.run(ForkJoinWorkerThread.java:157)
Caused by: org.apache.ratis.thirdparty.io.grpc.StatusRuntimeException: DEADLINE_EXCEEDED: deadline exceeded after 2999743818ns
	at org.apache.ratis.thirdparty.io.grpc.stub.ClientCalls.toStatusRuntimeException(ClientCalls.java:233)
	at org.apache.ratis.thirdparty.io.grpc.stub.ClientCalls.getUnchecked(ClientCalls.java:214)
	at org.apache.ratis.thirdparty.io.grpc.stub.ClientCalls.blockingUnaryCall(ClientCalls.java:139)
	at org.apache.ratis.proto.grpc.AdminProtocolServiceGrpc$AdminProtocolServiceBlockingStub.groupManagement(AdminProtocolServiceGrpc.java:274)
	at org.apache.ratis.grpc.client.GrpcClientProtocolClient.lambda$groupAdd$3(GrpcClientProtocolClient.java:140)
	at org.apache.ratis.grpc.client.GrpcClientProtocolClient.blockingCall(GrpcClientProtocolClient.java:167)
	... 15 more
2019-08-30 07:34:38,576 [IPC Server handler 0 on 35085] WARN  block.BlockManagerImpl (BlockManagerImpl.java:allocateBlock(192)) - Pipeline creation failed for type:RATIS factor:THREE. Retrying get pipelines call once.
org.apache.hadoop.io.MultipleIOException: 3 exceptions [java.io.IOException: Failed invoke Ratis rpc org.apache.hadoop.hdds.scm.pipeline.RatisPipelineProvider$$Lambda$171/1199399042@7f03101a for c1f9b5f6-3f1a-4e58-b5c3-6c327452b89e, java.io.IOException: Failed invoke Ratis rpc org.apache.hadoop.hdds.scm.pipeline.RatisPipelineProvider$$Lambda$171/1199399042@7f03101a for acc690db-1381-479d-90ad-8aa346d73f29, java.io.IOException: Failed invoke Ratis rpc org.apache.hadoop.hdds.scm.pipeline.RatisPipelineProvider$$Lambda$171/1199399042@7f03101a for a45a7528-2ba0-4bc3-913c-850122b1269f]
	at org.apache.hadoop.io.MultipleIOException.createIOException(MultipleIOException.java:53)
	at org.apache.hadoop.hdds.scm.pipeline.RatisPipelineProvider.callRatisRpc(RatisPipelineProvider.java:251)
	at org.apache.hadoop.hdds.scm.pipeline.RatisPipelineProvider.initializePipeline(RatisPipelineProvider.java:192)
	at org.apache.hadoop.hdds.scm.pipeline.RatisPipelineProvider.create(RatisPipelineProvider.java:161)
	at org.apache.hadoop.hdds.scm.pipeline.PipelineFactory.create(PipelineFactory.java:57)
	at org.apache.hadoop.hdds.scm.pipeline.SCMPipelineManager.createPipeline(SCMPipelineManager.java:149)
	at org.apache.hadoop.hdds.scm.block.BlockManagerImpl.allocateBlock(BlockManagerImpl.java:190)
	at org.apache.hadoop.hdds.scm.server.SCMBlockProtocolServer.allocateBlock(SCMBlockProtocolServer.java:175)
	at org.apache.hadoop.ozone.protocolPB.ScmBlockLocationProtocolServerSideTranslatorPB.allocateScmBlock(ScmBlockLocationProtocolServerSideTranslatorPB.java:153)
	at org.apache.hadoop.ozone.protocolPB.ScmBlockLocationProtocolServerSideTranslatorPB.send(ScmBlockLocationProtocolServerSideTranslatorPB.java:112)
	at org.apache.hadoop.hdds.protocol.proto.ScmBlockLocationProtocolProtos$ScmBlockLocationProtocolService$2.callBlockingMethod(ScmBlockLocationProtocolProtos.java:13157)
	at org.apache.hadoop.ipc.ProtobufRpcEngine$Server$ProtoBufRpcInvoker.call(ProtobufRpcEngine.java:524)
	at org.apache.hadoop.ipc.RPC$Server.call(RPC.java:1025)
	at org.apache.hadoop.ipc.Server$RpcCall.run(Server.java:876)
	at org.apache.hadoop.ipc.Server$RpcCall.run(Server.java:822)
	at java.security.AccessController.doPrivileged(Native Method)
	at javax.security.auth.Subject.doAs(Subject.java:422)
	at org.apache.hadoop.security.UserGroupInformation.doAs(UserGroupInformation.java:1730)
	at org.apache.hadoop.ipc.Server$Handler.run(Server.java:2682)
2019-08-30 07:34:38,577 [IPC Server handler 0 on 35085] INFO  block.BlockManagerImpl (BlockManagerImpl.java:allocateBlock(198)) - Could not find available pipeline of type:RATIS and factor:THREE even after retrying
2019-08-30 07:34:38,577 [IPC Server handler 0 on 35085] ERROR block.BlockManagerImpl (BlockManagerImpl.java:allocateBlock(222)) - Unable to allocate a block for the size: 4194304, type: RATIS, factor: THREE
2019-08-30 07:34:38,598 [grpc-default-executor-1] INFO  impl.RaftServerProxy (RaftServerProxy.java:addNew(89)) - a45a7528-2ba0-4bc3-913c-850122b1269f: addNew group-F9B49111EF33:[acc690db-1381-479d-90ad-8aa346d73f29:192.168.5.156:37691, c1f9b5f6-3f1a-4e58-b5c3-6c327452b89e:192.168.5.156:46765, a45a7528-2ba0-4bc3-913c-850122b1269f:192.168.5.156:32945] returns group-F9B49111EF33:java.util.concurrent.CompletableFuture@6dbd0174[Not completed]
2019-08-30 07:34:38,598 [grpc-default-executor-0] INFO  impl.RaftServerProxy (RaftServerProxy.java:addNew(89)) - c1f9b5f6-3f1a-4e58-b5c3-6c327452b89e: addNew group-F9B49111EF33:[acc690db-1381-479d-90ad-8aa346d73f29:192.168.5.156:37691, c1f9b5f6-3f1a-4e58-b5c3-6c327452b89e:192.168.5.156:46765, a45a7528-2ba0-4bc3-913c-850122b1269f:192.168.5.156:32945] returns group-F9B49111EF33:java.util.concurrent.CompletableFuture@78fd7a40[Not completed]
2019-08-30 07:34:38,599 [grpc-default-executor-3] INFO  impl.RaftServerProxy (RaftServerProxy.java:addNew(89)) - acc690db-1381-479d-90ad-8aa346d73f29: addNew group-F9B49111EF33:[acc690db-1381-479d-90ad-8aa346d73f29:192.168.5.156:37691, c1f9b5f6-3f1a-4e58-b5c3-6c327452b89e:192.168.5.156:46765, a45a7528-2ba0-4bc3-913c-850122b1269f:192.168.5.156:32945] returns group-F9B49111EF33:java.util.concurrent.CompletableFuture@523cde83[Not completed]
2019-08-30 07:34:38,602 | INFO  | SCMAudit | user=jenkins1000 | ip=192.168.5.156 | op=SEND_HEARTBEAT {datanodeUUID=905b07e9-2fc0-493e-9dc2-ae90eb733c4f, command=[]} | ret=SUCCESS |  
2019-08-30 07:34:38,789 | INFO  | SCMAudit | user=jenkins1000 | ip=192.168.5.156 | op=SEND_HEARTBEAT {datanodeUUID=cb5a5d16-88a3-41b0-858f-6232e86de455, command=[]} | ret=SUCCESS |  
2019-08-30 07:34:38,877 | INFO  | SCMAudit | user=jenkins1000 | ip=192.168.5.156 | op=SEND_HEARTBEAT {datanodeUUID=acc690db-1381-479d-90ad-8aa346d73f29, command=[]} | ret=SUCCESS |  
2019-08-30 07:34:38,973 | INFO  | SCMAudit | user=jenkins1000 | ip=192.168.5.156 | op=SEND_HEARTBEAT {datanodeUUID=4a5ae11c-f2ff-4cf6-9dca-760126bc39ff, command=[]} | ret=SUCCESS |  
2019-08-30 07:34:38,994 | INFO  | SCMAudit | user=jenkins1000 | ip=192.168.5.156 | op=SEND_HEARTBEAT {datanodeUUID=c1f9b5f6-3f1a-4e58-b5c3-6c327452b89e, command=[]} | ret=SUCCESS |  
2019-08-30 07:34:39,036 [pool-82-thread-1] INFO  storage.RaftStorageDirectory (RaftStorageDirectory.java:tryLock(328)) - Lock on /workdir/hadoop-ozone/integration-test/target/test-dir/MiniOzoneClusterImpl-e2a0042e-8006-48d2-a527-f4f759a7d1b5/datanode-5/data/ratis/666ef901-fd1d-4d9d-8c0c-976e926b68e9/in_use.lock acquired by nodename 30688@pr-hdds-1569-5th2c-4253854396
2019-08-30 07:34:39,036 [pool-38-thread-1] INFO  storage.RaftStorage (RaftStorage.java:format(72)) - Storage directory /workdir/hadoop-ozone/integration-test/target/test-dir/MiniOzoneClusterImpl-e2a0042e-8006-48d2-a527-f4f759a7d1b5/datanode-1/data/ratis/666ef901-fd1d-4d9d-8c0c-976e926b68e9 has been successfully formatted.
2019-08-30 07:34:39,036 [pool-49-thread-1] INFO  storage.RaftStorage (RaftStorage.java:format(72)) - Storage directory /workdir/hadoop-ozone/integration-test/target/test-dir/MiniOzoneClusterImpl-e2a0042e-8006-48d2-a527-f4f759a7d1b5/datanode-2/data/ratis/666ef901-fd1d-4d9d-8c0c-976e926b68e9 has been successfully formatted.
2019-08-30 07:34:39,037 [pool-38-thread-1] INFO  ratis.ContainerStateMachine (ContainerStateMachine.java:loadSnapshot(226)) - group-976E926B68E9: The snapshot info is null. Setting the last applied indexto:(t:0, i:~)
2019-08-30 07:34:39,037 [pool-38-thread-1] INFO  server.RaftServerConfigKeys (ConfUtils.java:logGet(43)) - raft.server.leader.election.timeout = 120s (custom)
2019-08-30 07:34:39,037 [pool-38-thread-1] INFO  server.RaftServerConfigKeys (ConfUtils.java:logGet(43)) - raft.server.log.use.memory = false (default)
2019-08-30 07:34:39,038 [pool-38-thread-1] INFO  server.RaftServerConfigKeys (ConfUtils.java:logGet(43)) - raft.server.log.purge.gap = 1000000 (custom)
2019-08-30 07:34:39,038 [pool-38-thread-1] INFO  server.RaftServerConfigKeys (ConfUtils.java:logGet(43)) - raft.server.log.appender.buffer.byte-limit = 33554432 (custom)
2019-08-30 07:34:39,037 [pool-49-thread-1] INFO  ratis.ContainerStateMachine (ContainerStateMachine.java:loadSnapshot(226)) - group-976E926B68E9: The snapshot info is null. Setting the last applied indexto:(t:0, i:~)
2019-08-30 07:34:39,038 [pool-38-thread-1] INFO  server.RaftServerConfigKeys (ConfUtils.java:logGet(43)) - raft.server.log.segment.size.max = 1048576 (custom)
2019-08-30 07:34:39,038 [pool-49-thread-1] INFO  server.RaftServerConfigKeys (ConfUtils.java:logGet(43)) - raft.server.leader.election.timeout = 120s (custom)
2019-08-30 07:34:39,039 [pool-38-thread-1] INFO  server.RaftServerConfigKeys (ConfUtils.java:logGet(43)) - raft.server.log.segment.cache.num.max = 2 (custom)
2019-08-30 07:34:39,039 [pool-49-thread-1] INFO  server.RaftServerConfigKeys (ConfUtils.java:logGet(43)) - raft.server.log.use.memory = false (default)
2019-08-30 07:34:39,039 [pool-38-thread-1] INFO  segmented.SegmentedRaftLogWorker (SegmentedRaftLogWorker.java:<init>(172)) - new a45a7528-2ba0-4bc3-913c-850122b1269f-SegmentedRaftLogWorker:Storage Directory /workdir/hadoop-ozone/integration-test/target/test-dir/MiniOzoneClusterImpl-e2a0042e-8006-48d2-a527-f4f759a7d1b5/datanode-1/data/ratis/666ef901-fd1d-4d9d-8c0c-976e926b68e9 for RaftStorage:Storage Directory /workdir/hadoop-ozone/integration-test/target/test-dir/MiniOzoneClusterImpl-e2a0042e-8006-48d2-a527-f4f759a7d1b5/datanode-1/data/ratis/666ef901-fd1d-4d9d-8c0c-976e926b68e9
2019-08-30 07:34:39,039 [pool-49-thread-1] INFO  server.RaftServerConfigKeys (ConfUtils.java:logGet(43)) - raft.server.log.purge.gap = 1000000 (custom)
2019-08-30 07:34:39,039 [pool-38-thread-1] INFO  server.RaftServerConfigKeys (ConfUtils.java:logGet(43)) - raft.server.log.queue.byte-limit = 2147483647 (custom)
2019-08-30 07:34:39,039 [pool-49-thread-1] INFO  server.RaftServerConfigKeys (ConfUtils.java:logGet(43)) - raft.server.log.appender.buffer.byte-limit = 33554432 (custom)
2019-08-30 07:34:39,044 [pool-38-thread-1] INFO  server.RaftServerConfigKeys (ConfUtils.java:logGet(43)) - raft.server.log.queue.element-limit = 1024 (custom)
2019-08-30 07:34:39,044 [pool-49-thread-1] INFO  server.RaftServerConfigKeys (ConfUtils.java:logGet(43)) - raft.server.log.segment.size.max = 1048576 (custom)
2019-08-30 07:34:39,044 [pool-38-thread-1] INFO  server.RaftServerConfigKeys (ConfUtils.java:logGet(43)) - raft.server.log.segment.size.max = 1048576 (custom)
2019-08-30 07:34:39,044 [pool-49-thread-1] INFO  server.RaftServerConfigKeys (ConfUtils.java:logGet(43)) - raft.server.log.segment.cache.num.max = 2 (custom)
2019-08-30 07:34:39,044 [pool-38-thread-1] INFO  server.RaftServerConfigKeys (ConfUtils.java:logGet(43)) - raft.server.log.preallocated.size = 16384 (custom)
2019-08-30 07:34:39,045 [pool-49-thread-1] INFO  segmented.SegmentedRaftLogWorker (SegmentedRaftLogWorker.java:<init>(172)) - new acc690db-1381-479d-90ad-8aa346d73f29-SegmentedRaftLogWorker:Storage Directory /workdir/hadoop-ozone/integration-test/target/test-dir/MiniOzoneClusterImpl-e2a0042e-8006-48d2-a527-f4f759a7d1b5/datanode-2/data/ratis/666ef901-fd1d-4d9d-8c0c-976e926b68e9 for RaftStorage:Storage Directory /workdir/hadoop-ozone/integration-test/target/test-dir/MiniOzoneClusterImpl-e2a0042e-8006-48d2-a527-f4f759a7d1b5/datanode-2/data/ratis/666ef901-fd1d-4d9d-8c0c-976e926b68e9
2019-08-30 07:34:39,045 [pool-38-thread-1] INFO  server.RaftServerConfigKeys (ConfUtils.java:logGet(43)) - raft.server.log.write.buffer.size = 33554432 (custom)
2019-08-30 07:34:39,045 [pool-49-thread-1] INFO  server.RaftServerConfigKeys (ConfUtils.java:logGet(43)) - raft.server.log.queue.byte-limit = 2147483647 (custom)
2019-08-30 07:34:39,045 [pool-38-thread-1] INFO  server.RaftServerConfigKeys (ConfUtils.java:logGet(43)) - raft.server.log.force.sync.num = 128 (default)
2019-08-30 07:34:39,052 [pool-49-thread-1] INFO  server.RaftServerConfigKeys (ConfUtils.java:logGet(43)) - raft.server.log.queue.element-limit = 1024 (custom)
2019-08-30 07:34:39,052 [pool-38-thread-1] INFO  server.RaftServerConfigKeys (ConfUtils.java:logGet(43)) - raft.server.log.statemachine.data.sync = true (default)
2019-08-30 07:34:39,052 [pool-49-thread-1] INFO  server.RaftServerConfigKeys (ConfUtils.java:logGet(43)) - raft.server.log.segment.size.max = 1048576 (custom)
2019-08-30 07:34:39,052 [pool-38-thread-1] INFO  server.RaftServerConfigKeys (ConfUtils.java:logGet(43)) - raft.server.log.statemachine.data.sync.timeout = 10s (default)
2019-08-30 07:34:39,052 [pool-49-thread-1] INFO  server.RaftServerConfigKeys (ConfUtils.java:logGet(43)) - raft.server.log.preallocated.size = 16384 (custom)
2019-08-30 07:34:39,053 [pool-38-thread-1] INFO  server.RaftServerConfigKeys (ConfUtils.java:logGet(43)) - raft.server.log.statemachine.data.sync.timeout.retry = -1 (default)
2019-08-30 07:34:39,053 [pool-49-thread-1] INFO  server.RaftServerConfigKeys (ConfUtils.java:logGet(43)) - raft.server.log.write.buffer.size = 33554432 (custom)
2019-08-30 07:34:39,053 [pool-38-thread-1] INFO  server.RaftServerConfigKeys (ConfUtils.java:logGet(43)) - raft.server.log.statemachine.data.caching.enabled = true (custom)
2019-08-30 07:34:39,053 [pool-49-thread-1] INFO  server.RaftServerConfigKeys (ConfUtils.java:logGet(43)) - raft.server.log.force.sync.num = 128 (default)
2019-08-30 07:34:39,053 [pool-49-thread-1] INFO  server.RaftServerConfigKeys (ConfUtils.java:logGet(43)) - raft.server.log.statemachine.data.sync = true (default)
2019-08-30 07:34:39,054 [pool-49-thread-1] INFO  server.RaftServerConfigKeys (ConfUtils.java:logGet(43)) - raft.server.log.statemachine.data.sync.timeout = 10s (default)
2019-08-30 07:34:39,054 [pool-49-thread-1] INFO  server.RaftServerConfigKeys (ConfUtils.java:logGet(43)) - raft.server.log.statemachine.data.sync.timeout.retry = -1 (default)
2019-08-30 07:34:39,054 [pool-49-thread-1] INFO  server.RaftServerConfigKeys (ConfUtils.java:logGet(43)) - raft.server.log.statemachine.data.caching.enabled = true (custom)
2019-08-30 07:34:39,162 | INFO  | SCMAudit | user=jenkins1000 | ip=192.168.5.156 | op=SEND_HEARTBEAT {datanodeUUID=cf19ac65-0b70-4753-9cfc-44acb7cd902c, command=[]} | ret=SUCCESS |  
2019-08-30 07:34:39,179 | INFO  | SCMAudit | user=jenkins1000 | ip=192.168.5.156 | op=SEND_HEARTBEAT {datanodeUUID=f20ba990-a1ec-4251-b44f-b0954e9459c1, command=[]} | ret=SUCCESS |  
2019-08-30 07:34:39,201 | INFO  | SCMAudit | user=jenkins1000 | ip=192.168.5.156 | op=SEND_HEARTBEAT {datanodeUUID=fa47bd42-2000-4a68-b335-f6aa68ddcd76, command=[]} | ret=SUCCESS |  
2019-08-30 07:34:39,404 | INFO  | SCMAudit | user=jenkins1000 | ip=192.168.5.156 | op=SEND_HEARTBEAT {datanodeUUID=a45a7528-2ba0-4bc3-913c-850122b1269f, command=[]} | ret=SUCCESS |  
2019-08-30 07:34:39,414 | INFO  | SCMAudit | user=jenkins1000 | ip=192.168.5.156 | op=SEND_HEARTBEAT {datanodeUUID=28af1cec-03f6-4f1e-ae7b-b0964308b7ec, command=[]} | ret=SUCCESS |  
2019-08-30 07:34:39,468 [Thread-316] INFO  impl.FollowerState (FollowerState.java:run(106)) - f20ba990-a1ec-4251-b44f-b0954e9459c1:group-BC5BBD1BED6A changes to CANDIDATE, lastRpcTime:1004, electionTimeout:1004ms
2019-08-30 07:34:39,468 [Thread-316] INFO  impl.RoleInfo (RoleInfo.java:shutdownFollowerState(121)) - f20ba990-a1ec-4251-b44f-b0954e9459c1: shutdown FollowerState
2019-08-30 07:34:39,468 [Thread-316] INFO  impl.RaftServerImpl (RaftServerImpl.java:setRole(171)) - f20ba990-a1ec-4251-b44f-b0954e9459c1:group-BC5BBD1BED6A changes role from FOLLOWER to CANDIDATE at term 1 for changeToCandidate
2019-08-30 07:34:39,468 [Thread-316] INFO  impl.RoleInfo (RoleInfo.java:updateAndGet(143)) - f20ba990-a1ec-4251-b44f-b0954e9459c1: start LeaderElection
2019-08-30 07:34:39,602 | INFO  | SCMAudit | user=jenkins1000 | ip=192.168.5.156 | op=SEND_HEARTBEAT {datanodeUUID=905b07e9-2fc0-493e-9dc2-ae90eb733c4f, command=[]} | ret=SUCCESS |  
2019-08-30 07:34:39,625 [Thread-317] INFO  impl.FollowerState (FollowerState.java:run(106)) - acc690db-1381-479d-90ad-8aa346d73f29:group-BC5BBD1BED6A changes to CANDIDATE, lastRpcTime:1161, electionTimeout:1158ms
2019-08-30 07:34:39,625 [Thread-317] INFO  impl.RoleInfo (RoleInfo.java:shutdownFollowerState(121)) - acc690db-1381-479d-90ad-8aa346d73f29: shutdown FollowerState
2019-08-30 07:34:39,625 [Thread-317] INFO  impl.RaftServerImpl (RaftServerImpl.java:setRole(171)) - acc690db-1381-479d-90ad-8aa346d73f29:group-BC5BBD1BED6A changes role from FOLLOWER to CANDIDATE at term 1 for changeToCandidate
2019-08-30 07:34:39,625 [Thread-317] INFO  impl.RoleInfo (RoleInfo.java:updateAndGet(143)) - acc690db-1381-479d-90ad-8aa346d73f29: start LeaderElection
2019-08-30 07:34:39,651 [Thread-315] INFO  impl.FollowerState (FollowerState.java:run(106)) - a45a7528-2ba0-4bc3-913c-850122b1269f:group-BC5BBD1BED6A changes to CANDIDATE, lastRpcTime:1189, electionTimeout:1188ms
2019-08-30 07:34:39,651 [Thread-315] INFO  impl.RoleInfo (RoleInfo.java:shutdownFollowerState(121)) - a45a7528-2ba0-4bc3-913c-850122b1269f: shutdown FollowerState
2019-08-30 07:34:39,652 [Thread-315] INFO  impl.RaftServerImpl (RaftServerImpl.java:setRole(171)) - a45a7528-2ba0-4bc3-913c-850122b1269f:group-BC5BBD1BED6A changes role from FOLLOWER to CANDIDATE at term 1 for changeToCandidate
2019-08-30 07:34:39,652 [Thread-315] INFO  impl.RoleInfo (RoleInfo.java:updateAndGet(143)) - a45a7528-2ba0-4bc3-913c-850122b1269f: start LeaderElection
2019-08-30 07:34:39,789 | INFO  | SCMAudit | user=jenkins1000 | ip=192.168.5.156 | op=SEND_HEARTBEAT {datanodeUUID=cb5a5d16-88a3-41b0-858f-6232e86de455, command=[]} | ret=SUCCESS |  
2019-08-30 07:34:39,822 [pool-49-thread-1] INFO  segmented.SegmentedRaftLogWorker (SegmentedRaftLogWorker.java:lambda$new$0(132)) - acc690db-1381-479d-90ad-8aa346d73f29-SegmentedRaftLogWorker:Storage Directory /workdir/hadoop-ozone/integration-test/target/test-dir/MiniOzoneClusterImpl-e2a0042e-8006-48d2-a527-f4f759a7d1b5/datanode-2/data/ratis/666ef901-fd1d-4d9d-8c0c-976e926b68e9: flushIndex: setUnconditionally 0 -> -1
2019-08-30 07:34:39,822 [pool-38-thread-1] INFO  segmented.SegmentedRaftLogWorker (SegmentedRaftLogWorker.java:lambda$new$0(132)) - a45a7528-2ba0-4bc3-913c-850122b1269f-SegmentedRaftLogWorker:Storage Directory /workdir/hadoop-ozone/integration-test/target/test-dir/MiniOzoneClusterImpl-e2a0042e-8006-48d2-a527-f4f759a7d1b5/datanode-1/data/ratis/666ef901-fd1d-4d9d-8c0c-976e926b68e9: flushIndex: setUnconditionally 0 -> -1
2019-08-30 07:34:39,823 [pool-49-thread-1] INFO  server.RaftServerConfigKeys (ConfUtils.java:logGet(43)) - raft.server.snapshot.auto.trigger.enabled = true (custom)
2019-08-30 07:34:39,823 [pool-49-thread-1] INFO  server.RaftServerConfigKeys (ConfUtils.java:logGet(43)) - raft.server.snapshot.auto.trigger.threshold = 10000 (custom)
2019-08-30 07:34:39,823 [pool-38-thread-1] INFO  server.RaftServerConfigKeys (ConfUtils.java:logGet(43)) - raft.server.snapshot.auto.trigger.enabled = true (custom)
2019-08-30 07:34:39,823 [pool-49-thread-1] INFO  server.RaftServerConfigKeys (ConfUtils.java:logGet(43)) - raft.server.retrycache.expirytime = 600000ms (custom)
2019-08-30 07:34:39,823 [pool-38-thread-1] INFO  server.RaftServerConfigKeys (ConfUtils.java:logGet(43)) - raft.server.snapshot.auto.trigger.threshold = 10000 (custom)
2019-08-30 07:34:39,824 [pool-38-thread-1] INFO  server.RaftServerConfigKeys (ConfUtils.java:logGet(43)) - raft.server.retrycache.expirytime = 600000ms (custom)
2019-08-30 07:34:39,825 [pool-49-thread-1] INFO  impl.RaftServerImpl (RaftServerImpl.java:<init>(93)) - acc690db-1381-479d-90ad-8aa346d73f29: new RaftServerImpl for group-C640FB00525B:[acc690db-1381-479d-90ad-8aa346d73f29:192.168.5.156:37691, c1f9b5f6-3f1a-4e58-b5c3-6c327452b89e:192.168.5.156:46765, a45a7528-2ba0-4bc3-913c-850122b1269f:192.168.5.156:32945] with ContainerStateMachine:uninitialized
2019-08-30 07:34:39,826 [pool-49-thread-1] INFO  server.RaftServerConfigKeys (ConfUtils.java:logGet(43)) - raft.server.rpc.timeout.min = 1s (custom)
2019-08-30 07:34:39,826 [pool-49-thread-1] INFO  server.RaftServerConfigKeys (ConfUtils.java:logGet(43)) - raft.server.rpc.timeout.max = 1200ms (custom)
2019-08-30 07:34:39,826 [pool-49-thread-1] INFO  server.RaftServerConfigKeys (ConfUtils.java:logGet(43)) - raft.server.rpcslowness.timeout = 120s (custom)
2019-08-30 07:34:39,826 [pool-49-thread-1] INFO  server.RaftServerConfigKeys (ConfUtils.java:logGet(43)) - raft.server.sleep.deviation.threshold = 300 (default)
2019-08-30 07:34:39,826 [pool-49-thread-1] INFO  server.RaftServerConfigKeys (ConfUtils.java:logGet(43)) - raft.server.log.appender.install.snapshot.enabled = false (custom)
2019-08-30 07:34:39,826 [pool-49-thread-1] INFO  impl.RaftServerImpl (ServerState.java:<init>(105)) - acc690db-1381-479d-90ad-8aa346d73f29:group-C640FB00525B ConfigurationManager, init=-1: [acc690db-1381-479d-90ad-8aa346d73f29:192.168.5.156:37691, c1f9b5f6-3f1a-4e58-b5c3-6c327452b89e:192.168.5.156:46765, a45a7528-2ba0-4bc3-913c-850122b1269f:192.168.5.156:32945], old=null, confs=<EMPTY_MAP>
2019-08-30 07:34:39,826 [pool-38-thread-1] INFO  impl.RaftServerImpl (RaftServerImpl.java:<init>(93)) - a45a7528-2ba0-4bc3-913c-850122b1269f: new RaftServerImpl for group-C640FB00525B:[acc690db-1381-479d-90ad-8aa346d73f29:192.168.5.156:37691, c1f9b5f6-3f1a-4e58-b5c3-6c327452b89e:192.168.5.156:46765, a45a7528-2ba0-4bc3-913c-850122b1269f:192.168.5.156:32945] with ContainerStateMachine:uninitialized
2019-08-30 07:34:39,826 [pool-49-thread-1] INFO  server.RaftServerConfigKeys (ConfUtils.java:logGet(43)) - raft.server.storage.dir = [/workdir/hadoop-ozone/integration-test/target/test-dir/MiniOzoneClusterImpl-e2a0042e-8006-48d2-a527-f4f759a7d1b5/datanode-2/data/ratis] (custom)
2019-08-30 07:34:39,827 [pool-38-thread-1] INFO  server.RaftServerConfigKeys (ConfUtils.java:logGet(43)) - raft.server.rpc.timeout.min = 1s (custom)
2019-08-30 07:34:39,827 [pool-38-thread-1] INFO  server.RaftServerConfigKeys (ConfUtils.java:logGet(43)) - raft.server.rpc.timeout.max = 1200ms (custom)
2019-08-30 07:34:39,827 [pool-49-thread-1] INFO  storage.RaftStorageDirectory (RaftStorageDirectory.java:analyzeStorage(246)) - The storage directory /workdir/hadoop-ozone/integration-test/target/test-dir/MiniOzoneClusterImpl-e2a0042e-8006-48d2-a527-f4f759a7d1b5/datanode-2/data/ratis/e242280e-f197-4ae3-a579-c640fb00525b does not exist. Creating ...
2019-08-30 07:34:39,827 [pool-38-thread-1] INFO  server.RaftServerConfigKeys (ConfUtils.java:logGet(43)) - raft.server.rpcslowness.timeout = 120s (custom)
2019-08-30 07:34:39,827 [pool-38-thread-1] INFO  server.RaftServerConfigKeys (ConfUtils.java:logGet(43)) - raft.server.sleep.deviation.threshold = 300 (default)
2019-08-30 07:34:39,827 [pool-38-thread-1] INFO  server.RaftServerConfigKeys (ConfUtils.java:logGet(43)) - raft.server.log.appender.install.snapshot.enabled = false (custom)
2019-08-30 07:34:39,828 [pool-38-thread-1] INFO  impl.RaftServerImpl (ServerState.java:<init>(105)) - a45a7528-2ba0-4bc3-913c-850122b1269f:group-C640FB00525B ConfigurationManager, init=-1: [acc690db-1381-479d-90ad-8aa346d73f29:192.168.5.156:37691, c1f9b5f6-3f1a-4e58-b5c3-6c327452b89e:192.168.5.156:46765, a45a7528-2ba0-4bc3-913c-850122b1269f:192.168.5.156:32945], old=null, confs=<EMPTY_MAP>
2019-08-30 07:34:39,828 [pool-38-thread-1] INFO  server.RaftServerConfigKeys (ConfUtils.java:logGet(43)) - raft.server.storage.dir = [/workdir/hadoop-ozone/integration-test/target/test-dir/MiniOzoneClusterImpl-e2a0042e-8006-48d2-a527-f4f759a7d1b5/datanode-1/data/ratis] (custom)
2019-08-30 07:34:39,828 [pool-38-thread-1] INFO  storage.RaftStorageDirectory (RaftStorageDirectory.java:analyzeStorage(246)) - The storage directory /workdir/hadoop-ozone/integration-test/target/test-dir/MiniOzoneClusterImpl-e2a0042e-8006-48d2-a527-f4f759a7d1b5/datanode-1/data/ratis/e242280e-f197-4ae3-a579-c640fb00525b does not exist. Creating ...
2019-08-30 07:34:39,833 [f20ba990-a1ec-4251-b44f-b0954e9459c1-SegmentedRaftLogWorker:Storage Directory /workdir/hadoop-ozone/integration-test/target/test-dir/MiniOzoneClusterImpl-e2a0042e-8006-48d2-a527-f4f759a7d1b5/datanode-0/data/ratis/a0047a84-d3f1-4b11-9455-3260705896a1] INFO  segmented.SegmentedRaftLogWorker (SegmentedRaftLogWorker.java:execute(569)) - f20ba990-a1ec-4251-b44f-b0954e9459c1-SegmentedRaftLogWorker:Storage Directory /workdir/hadoop-ozone/integration-test/target/test-dir/MiniOzoneClusterImpl-e2a0042e-8006-48d2-a527-f4f759a7d1b5/datanode-0/data/ratis/a0047a84-d3f1-4b11-9455-3260705896a1: created new log segment /workdir/hadoop-ozone/integration-test/target/test-dir/MiniOzoneClusterImpl-e2a0042e-8006-48d2-a527-f4f759a7d1b5/datanode-0/data/ratis/a0047a84-d3f1-4b11-9455-3260705896a1/current/log_inprogress_0
2019-08-30 07:34:39,877 | INFO  | SCMAudit | user=jenkins1000 | ip=192.168.5.156 | op=SEND_HEARTBEAT {datanodeUUID=acc690db-1381-479d-90ad-8aa346d73f29, command=[]} | ret=SUCCESS |  
2019-08-30 07:34:39,973 | INFO  | SCMAudit | user=jenkins1000 | ip=192.168.5.156 | op=SEND_HEARTBEAT {datanodeUUID=4a5ae11c-f2ff-4cf6-9dca-760126bc39ff, command=[]} | ret=SUCCESS |  
2019-08-30 07:34:39,993 | INFO  | SCMAudit | user=jenkins1000 | ip=192.168.5.156 | op=SEND_HEARTBEAT {datanodeUUID=c1f9b5f6-3f1a-4e58-b5c3-6c327452b89e, command=[]} | ret=SUCCESS |  
2019-08-30 07:34:40,162 | INFO  | SCMAudit | user=jenkins1000 | ip=192.168.5.156 | op=SEND_HEARTBEAT {datanodeUUID=cf19ac65-0b70-4753-9cfc-44acb7cd902c, command=[]} | ret=SUCCESS |  
2019-08-30 07:34:40,180 | INFO  | SCMAudit | user=jenkins1000 | ip=192.168.5.156 | op=SEND_HEARTBEAT {datanodeUUID=f20ba990-a1ec-4251-b44f-b0954e9459c1, command=[]} | ret=SUCCESS |  
2019-08-30 07:34:40,201 | INFO  | SCMAudit | user=jenkins1000 | ip=192.168.5.156 | op=SEND_HEARTBEAT {datanodeUUID=fa47bd42-2000-4a68-b335-f6aa68ddcd76, command=[]} | ret=SUCCESS |  
2019-08-30 07:34:40,404 | INFO  | SCMAudit | user=jenkins1000 | ip=192.168.5.156 | op=SEND_HEARTBEAT {datanodeUUID=a45a7528-2ba0-4bc3-913c-850122b1269f, command=[]} | ret=SUCCESS |  
2019-08-30 07:34:40,413 | INFO  | SCMAudit | user=jenkins1000 | ip=192.168.5.156 | op=SEND_HEARTBEAT {datanodeUUID=28af1cec-03f6-4f1e-ae7b-b0964308b7ec, command=[]} | ret=SUCCESS |  
2019-08-30 07:34:40,467 [pool-38-thread-1] INFO  storage.RaftStorageDirectory (RaftStorageDirectory.java:tryLock(328)) - Lock on /workdir/hadoop-ozone/integration-test/target/test-dir/MiniOzoneClusterImpl-e2a0042e-8006-48d2-a527-f4f759a7d1b5/datanode-1/data/ratis/e242280e-f197-4ae3-a579-c640fb00525b/in_use.lock acquired by nodename 30688@pr-hdds-1569-5th2c-4253854396
2019-08-30 07:34:40,467 [pool-82-thread-1] INFO  storage.RaftStorage (RaftStorage.java:format(72)) - Storage directory /workdir/hadoop-ozone/integration-test/target/test-dir/MiniOzoneClusterImpl-e2a0042e-8006-48d2-a527-f4f759a7d1b5/datanode-5/data/ratis/666ef901-fd1d-4d9d-8c0c-976e926b68e9 has been successfully formatted.
2019-08-30 07:34:40,471 [a45a7528-2ba0-4bc3-913c-850122b1269f:group-BC5BBD1BED6A:LeaderElection7] INFO  impl.LeaderElection (LeaderElection.java:askForVotes(181)) - a45a7528-2ba0-4bc3-913c-850122b1269f:group-BC5BBD1BED6A:LeaderElection7: begin an election at term 2 for -1: [acc690db-1381-479d-90ad-8aa346d73f29:192.168.5.156:37691, f20ba990-a1ec-4251-b44f-b0954e9459c1:192.168.5.156:36913, a45a7528-2ba0-4bc3-913c-850122b1269f:192.168.5.156:32945], old=null
2019-08-30 07:34:40,467 [pool-49-thread-1] INFO  storage.RaftStorageDirectory (RaftStorageDirectory.java:tryLock(328)) - Lock on /workdir/hadoop-ozone/integration-test/target/test-dir/MiniOzoneClusterImpl-e2a0042e-8006-48d2-a527-f4f759a7d1b5/datanode-2/data/ratis/e242280e-f197-4ae3-a579-c640fb00525b/in_use.lock acquired by nodename 30688@pr-hdds-1569-5th2c-4253854396
2019-08-30 07:34:40,471 [pool-82-thread-1] INFO  ratis.ContainerStateMachine (ContainerStateMachine.java:loadSnapshot(226)) - group-976E926B68E9: The snapshot info is null. Setting the last applied indexto:(t:0, i:~)
2019-08-30 07:34:40,471 [acc690db-1381-479d-90ad-8aa346d73f29:group-BC5BBD1BED6A:LeaderElection6] INFO  impl.LeaderElection (LeaderElection.java:askForVotes(181)) - acc690db-1381-479d-90ad-8aa346d73f29:group-BC5BBD1BED6A:LeaderElection6: begin an election at term 2 for -1: [acc690db-1381-479d-90ad-8aa346d73f29:192.168.5.156:37691, f20ba990-a1ec-4251-b44f-b0954e9459c1:192.168.5.156:36913, a45a7528-2ba0-4bc3-913c-850122b1269f:192.168.5.156:32945], old=null
2019-08-30 07:34:40,471 [f20ba990-a1ec-4251-b44f-b0954e9459c1:group-BC5BBD1BED6A:LeaderElection5] INFO  impl.LeaderElection (LeaderElection.java:askForVotes(181)) - f20ba990-a1ec-4251-b44f-b0954e9459c1:group-BC5BBD1BED6A:LeaderElection5: begin an election at term 2 for -1: [acc690db-1381-479d-90ad-8aa346d73f29:192.168.5.156:37691, f20ba990-a1ec-4251-b44f-b0954e9459c1:192.168.5.156:36913, a45a7528-2ba0-4bc3-913c-850122b1269f:192.168.5.156:32945], old=null
2019-08-30 07:34:40,471 [pool-82-thread-1] INFO  server.RaftServerConfigKeys (ConfUtils.java:logGet(43)) - raft.server.leader.election.timeout = 120s (custom)
2019-08-30 07:34:40,472 [pool-82-thread-1] INFO  server.RaftServerConfigKeys (ConfUtils.java:logGet(43)) - raft.server.log.use.memory = false (default)
2019-08-30 07:34:40,472 [pool-82-thread-1] INFO  server.RaftServerConfigKeys (ConfUtils.java:logGet(43)) - raft.server.log.purge.gap = 1000000 (custom)
2019-08-30 07:34:40,472 [pool-82-thread-1] INFO  server.RaftServerConfigKeys (ConfUtils.java:logGet(43)) - raft.server.log.appender.buffer.byte-limit = 33554432 (custom)
2019-08-30 07:34:40,473 [pool-82-thread-1] INFO  server.RaftServerConfigKeys (ConfUtils.java:logGet(43)) - raft.server.log.segment.size.max = 1048576 (custom)
2019-08-30 07:34:40,473 [pool-82-thread-1] INFO  server.RaftServerConfigKeys (ConfUtils.java:logGet(43)) - raft.server.log.segment.cache.num.max = 2 (custom)
2019-08-30 07:34:40,473 [pool-82-thread-1] INFO  segmented.SegmentedRaftLogWorker (SegmentedRaftLogWorker.java:<init>(172)) - new c1f9b5f6-3f1a-4e58-b5c3-6c327452b89e-SegmentedRaftLogWorker:Storage Directory /workdir/hadoop-ozone/integration-test/target/test-dir/MiniOzoneClusterImpl-e2a0042e-8006-48d2-a527-f4f759a7d1b5/datanode-5/data/ratis/666ef901-fd1d-4d9d-8c0c-976e926b68e9 for RaftStorage:Storage Directory /workdir/hadoop-ozone/integration-test/target/test-dir/MiniOzoneClusterImpl-e2a0042e-8006-48d2-a527-f4f759a7d1b5/datanode-5/data/ratis/666ef901-fd1d-4d9d-8c0c-976e926b68e9
2019-08-30 07:34:40,473 [pool-82-thread-1] INFO  server.RaftServerConfigKeys (ConfUtils.java:logGet(43)) - raft.server.log.queue.byte-limit = 2147483647 (custom)
2019-08-30 07:34:40,474 [pool-82-thread-1] INFO  server.RaftServerConfigKeys (ConfUtils.java:logGet(43)) - raft.server.log.queue.element-limit = 1024 (custom)
2019-08-30 07:34:40,474 [pool-82-thread-1] INFO  server.RaftServerConfigKeys (ConfUtils.java:logGet(43)) - raft.server.log.segment.size.max = 1048576 (custom)
2019-08-30 07:34:40,474 [pool-82-thread-1] INFO  server.RaftServerConfigKeys (ConfUtils.java:logGet(43)) - raft.server.log.preallocated.size = 16384 (custom)
2019-08-30 07:34:40,474 [pool-82-thread-1] INFO  server.RaftServerConfigKeys (ConfUtils.java:logGet(43)) - raft.server.log.write.buffer.size = 33554432 (custom)
2019-08-30 07:34:40,474 [pool-82-thread-1] INFO  server.RaftServerConfigKeys (ConfUtils.java:logGet(43)) - raft.server.log.force.sync.num = 128 (default)
2019-08-30 07:34:40,474 [pool-82-thread-1] INFO  server.RaftServerConfigKeys (ConfUtils.java:logGet(43)) - raft.server.log.statemachine.data.sync = true (default)
2019-08-30 07:34:40,475 [pool-82-thread-1] INFO  server.RaftServerConfigKeys (ConfUtils.java:logGet(43)) - raft.server.log.statemachine.data.sync.timeout = 10s (default)
2019-08-30 07:34:40,475 [pool-82-thread-1] INFO  server.RaftServerConfigKeys (ConfUtils.java:logGet(43)) - raft.server.log.statemachine.data.sync.timeout.retry = -1 (default)
2019-08-30 07:34:40,475 [pool-82-thread-1] INFO  server.RaftServerConfigKeys (ConfUtils.java:logGet(43)) - raft.server.log.statemachine.data.caching.enabled = true (custom)
2019-08-30 07:34:40,475 [pool-82-thread-1] INFO  segmented.SegmentedRaftLogWorker (SegmentedRaftLogWorker.java:lambda$new$0(132)) - c1f9b5f6-3f1a-4e58-b5c3-6c327452b89e-SegmentedRaftLogWorker:Storage Directory /workdir/hadoop-ozone/integration-test/target/test-dir/MiniOzoneClusterImpl-e2a0042e-8006-48d2-a527-f4f759a7d1b5/datanode-5/data/ratis/666ef901-fd1d-4d9d-8c0c-976e926b68e9: flushIndex: setUnconditionally 0 -> -1
2019-08-30 07:34:40,476 [pool-82-thread-1] INFO  server.RaftServerConfigKeys (ConfUtils.java:logGet(43)) - raft.server.snapshot.auto.trigger.enabled = true (custom)
2019-08-30 07:34:40,478 [pool-82-thread-1] INFO  server.RaftServerConfigKeys (ConfUtils.java:logGet(43)) - raft.server.snapshot.auto.trigger.threshold = 10000 (custom)
2019-08-30 07:34:40,478 [pool-82-thread-1] INFO  server.RaftServerConfigKeys (ConfUtils.java:logGet(43)) - raft.server.retrycache.expirytime = 600000ms (custom)
2019-08-30 07:34:40,481 [pool-82-thread-1] INFO  impl.RaftServerImpl (RaftServerImpl.java:start(180)) - c1f9b5f6-3f1a-4e58-b5c3-6c327452b89e: start group-5E72A8F0CA12
2019-08-30 07:34:40,481 [pool-82-thread-1] INFO  impl.RaftServerImpl (RaftServerImpl.java:setRole(171)) - c1f9b5f6-3f1a-4e58-b5c3-6c327452b89e:group-5E72A8F0CA12 changes role from null to FOLLOWER at term 0 for startAsFollower
2019-08-30 07:34:40,481 [pool-82-thread-1] INFO  impl.RoleInfo (RoleInfo.java:updateAndGet(143)) - c1f9b5f6-3f1a-4e58-b5c3-6c327452b89e: start FollowerState
2019-08-30 07:34:40,485 [pool-82-thread-1] INFO  util.JmxRegister (JmxRegister.java:tryRegister(44)) - Successfully registered JMX Bean with object name Ratis:service=RaftServer,group=group-5E72A8F0CA12,id=c1f9b5f6-3f1a-4e58-b5c3-6c327452b89e
2019-08-30 07:34:40,494 [pool-82-thread-1] INFO  impl.RaftServerImpl (RaftServerImpl.java:<init>(93)) - c1f9b5f6-3f1a-4e58-b5c3-6c327452b89e: new RaftServerImpl for group-C640FB00525B:[acc690db-1381-479d-90ad-8aa346d73f29:192.168.5.156:37691, c1f9b5f6-3f1a-4e58-b5c3-6c327452b89e:192.168.5.156:46765, a45a7528-2ba0-4bc3-913c-850122b1269f:192.168.5.156:32945] with ContainerStateMachine:uninitialized
2019-08-30 07:34:40,494 [pool-82-thread-1] INFO  server.RaftServerConfigKeys (ConfUtils.java:logGet(43)) - raft.server.rpc.timeout.min = 1s (custom)
2019-08-30 07:34:40,494 [pool-82-thread-1] INFO  server.RaftServerConfigKeys (ConfUtils.java:logGet(43)) - raft.server.rpc.timeout.max = 1200ms (custom)
2019-08-30 07:34:40,511 [pool-82-thread-1] INFO  server.RaftServerConfigKeys (ConfUtils.java:logGet(43)) - raft.server.rpcslowness.timeout = 120s (custom)
2019-08-30 07:34:40,511 [pool-82-thread-1] INFO  server.RaftServerConfigKeys (ConfUtils.java:logGet(43)) - raft.server.sleep.deviation.threshold = 300 (default)
2019-08-30 07:34:40,511 [pool-82-thread-1] INFO  server.RaftServerConfigKeys (ConfUtils.java:logGet(43)) - raft.server.log.appender.install.snapshot.enabled = false (custom)
2019-08-30 07:34:40,512 [pool-82-thread-1] INFO  impl.RaftServerImpl (ServerState.java:<init>(105)) - c1f9b5f6-3f1a-4e58-b5c3-6c327452b89e:group-C640FB00525B ConfigurationManager, init=-1: [acc690db-1381-479d-90ad-8aa346d73f29:192.168.5.156:37691, c1f9b5f6-3f1a-4e58-b5c3-6c327452b89e:192.168.5.156:46765, a45a7528-2ba0-4bc3-913c-850122b1269f:192.168.5.156:32945], old=null, confs=<EMPTY_MAP>
2019-08-30 07:34:40,512 [pool-82-thread-1] INFO  server.RaftServerConfigKeys (ConfUtils.java:logGet(43)) - raft.server.storage.dir = [/workdir/hadoop-ozone/integration-test/target/test-dir/MiniOzoneClusterImpl-e2a0042e-8006-48d2-a527-f4f759a7d1b5/datanode-5/data/ratis] (custom)
2019-08-30 07:34:40,512 [pool-82-thread-1] INFO  storage.RaftStorageDirectory (RaftStorageDirectory.java:analyzeStorage(246)) - The storage directory /workdir/hadoop-ozone/integration-test/target/test-dir/MiniOzoneClusterImpl-e2a0042e-8006-48d2-a527-f4f759a7d1b5/datanode-5/data/ratis/e242280e-f197-4ae3-a579-c640fb00525b does not exist. Creating ...
2019-08-30 07:34:40,512 [f20ba990-a1ec-4251-b44f-b0954e9459c1:group-BC5BBD1BED6A:LeaderElection5] INFO  impl.LeaderElection (LeaderElection.java:logAndReturn(56)) - f20ba990-a1ec-4251-b44f-b0954e9459c1:group-BC5BBD1BED6A:LeaderElection5: Election REJECTED; received 2 response(s) [f20ba990-a1ec-4251-b44f-b0954e9459c1<-acc690db-1381-479d-90ad-8aa346d73f29#0:FAIL-t2, f20ba990-a1ec-4251-b44f-b0954e9459c1<-a45a7528-2ba0-4bc3-913c-850122b1269f#0:FAIL-t2] and 0 exception(s); f20ba990-a1ec-4251-b44f-b0954e9459c1:t2, leader=null, voted=f20ba990-a1ec-4251-b44f-b0954e9459c1, raftlog=f20ba990-a1ec-4251-b44f-b0954e9459c1-SegmentedRaftLog:OPENED:c-1,f-1,i0, conf=-1: [acc690db-1381-479d-90ad-8aa346d73f29:192.168.5.156:37691, f20ba990-a1ec-4251-b44f-b0954e9459c1:192.168.5.156:36913, a45a7528-2ba0-4bc3-913c-850122b1269f:192.168.5.156:32945], old=null
2019-08-30 07:34:40,515 [f20ba990-a1ec-4251-b44f-b0954e9459c1:group-BC5BBD1BED6A:LeaderElection5] INFO  impl.RaftServerImpl (RaftServerImpl.java:setRole(171)) - f20ba990-a1ec-4251-b44f-b0954e9459c1:group-BC5BBD1BED6A changes role from CANDIDATE to FOLLOWER at term 2 for DISCOVERED_A_NEW_TERM
2019-08-30 07:34:40,517 [f20ba990-a1ec-4251-b44f-b0954e9459c1:group-BC5BBD1BED6A:LeaderElection5] INFO  impl.RoleInfo (RoleInfo.java:shutdownLeaderElection(134)) - f20ba990-a1ec-4251-b44f-b0954e9459c1: shutdown LeaderElection
2019-08-30 07:34:40,519 [f20ba990-a1ec-4251-b44f-b0954e9459c1:group-BC5BBD1BED6A:LeaderElection5] INFO  impl.RoleInfo (RoleInfo.java:updateAndGet(143)) - f20ba990-a1ec-4251-b44f-b0954e9459c1: start FollowerState
2019-08-30 07:34:40,519 [a45a7528-2ba0-4bc3-913c-850122b1269f:group-BC5BBD1BED6A:LeaderElection7] INFO  impl.LeaderElection (LeaderElection.java:logAndReturn(56)) - a45a7528-2ba0-4bc3-913c-850122b1269f:group-BC5BBD1BED6A:LeaderElection7: Election REJECTED; received 2 response(s) [a45a7528-2ba0-4bc3-913c-850122b1269f<-acc690db-1381-479d-90ad-8aa346d73f29#0:FAIL-t2, a45a7528-2ba0-4bc3-913c-850122b1269f<-f20ba990-a1ec-4251-b44f-b0954e9459c1#0:FAIL-t2] and 0 exception(s); a45a7528-2ba0-4bc3-913c-850122b1269f:t2, leader=null, voted=a45a7528-2ba0-4bc3-913c-850122b1269f, raftlog=a45a7528-2ba0-4bc3-913c-850122b1269f-SegmentedRaftLog:OPENED:c-1,f-1,i0, conf=-1: [acc690db-1381-479d-90ad-8aa346d73f29:192.168.5.156:37691, f20ba990-a1ec-4251-b44f-b0954e9459c1:192.168.5.156:36913, a45a7528-2ba0-4bc3-913c-850122b1269f:192.168.5.156:32945], old=null
2019-08-30 07:34:40,522 [acc690db-1381-479d-90ad-8aa346d73f29:group-BC5BBD1BED6A:LeaderElection6] INFO  impl.LeaderElection (LeaderElection.java:logAndReturn(56)) - acc690db-1381-479d-90ad-8aa346d73f29:group-BC5BBD1BED6A:LeaderElection6: Election REJECTED; received 2 response(s) [acc690db-1381-479d-90ad-8aa346d73f29<-f20ba990-a1ec-4251-b44f-b0954e9459c1#0:FAIL-t2, acc690db-1381-479d-90ad-8aa346d73f29<-a45a7528-2ba0-4bc3-913c-850122b1269f#0:FAIL-t2] and 0 exception(s); acc690db-1381-479d-90ad-8aa346d73f29:t2, leader=null, voted=acc690db-1381-479d-90ad-8aa346d73f29, raftlog=acc690db-1381-479d-90ad-8aa346d73f29-SegmentedRaftLog:OPENED:c-1,f-1,i0, conf=-1: [acc690db-1381-479d-90ad-8aa346d73f29:192.168.5.156:37691, f20ba990-a1ec-4251-b44f-b0954e9459c1:192.168.5.156:36913, a45a7528-2ba0-4bc3-913c-850122b1269f:192.168.5.156:32945], old=null
2019-08-30 07:34:40,523 [a45a7528-2ba0-4bc3-913c-850122b1269f:group-BC5BBD1BED6A:LeaderElection7] INFO  impl.RaftServerImpl (RaftServerImpl.java:setRole(171)) - a45a7528-2ba0-4bc3-913c-850122b1269f:group-BC5BBD1BED6A changes role from CANDIDATE to FOLLOWER at term 2 for DISCOVERED_A_NEW_TERM
2019-08-30 07:34:40,526 [acc690db-1381-479d-90ad-8aa346d73f29:group-BC5BBD1BED6A:LeaderElection6] INFO  impl.RaftServerImpl (RaftServerImpl.java:setRole(171)) - acc690db-1381-479d-90ad-8aa346d73f29:group-BC5BBD1BED6A changes role from CANDIDATE to FOLLOWER at term 2 for DISCOVERED_A_NEW_TERM
2019-08-30 07:34:40,528 [a45a7528-2ba0-4bc3-913c-850122b1269f:group-BC5BBD1BED6A:LeaderElection7] INFO  impl.RoleInfo (RoleInfo.java:shutdownLeaderElection(134)) - a45a7528-2ba0-4bc3-913c-850122b1269f: shutdown LeaderElection
2019-08-30 07:34:40,529 [acc690db-1381-479d-90ad-8aa346d73f29:group-BC5BBD1BED6A:LeaderElection6] INFO  impl.RoleInfo (RoleInfo.java:shutdownLeaderElection(134)) - acc690db-1381-479d-90ad-8aa346d73f29: shutdown LeaderElection
2019-08-30 07:34:40,529 [a45a7528-2ba0-4bc3-913c-850122b1269f:group-BC5BBD1BED6A:LeaderElection7] INFO  impl.RoleInfo (RoleInfo.java:updateAndGet(143)) - a45a7528-2ba0-4bc3-913c-850122b1269f: start FollowerState
2019-08-30 07:34:40,530 [acc690db-1381-479d-90ad-8aa346d73f29:group-BC5BBD1BED6A:LeaderElection6] INFO  impl.RoleInfo (RoleInfo.java:updateAndGet(143)) - acc690db-1381-479d-90ad-8aa346d73f29: start FollowerState
2019-08-30 07:34:40,602 | INFO  | SCMAudit | user=jenkins1000 | ip=192.168.5.156 | op=SEND_HEARTBEAT {datanodeUUID=905b07e9-2fc0-493e-9dc2-ae90eb733c4f, command=[]} | ret=SUCCESS |  
2019-08-30 07:34:40,789 | INFO  | SCMAudit | user=jenkins1000 | ip=192.168.5.156 | op=SEND_HEARTBEAT {datanodeUUID=cb5a5d16-88a3-41b0-858f-6232e86de455, command=[]} | ret=SUCCESS |  
2019-08-30 07:34:40,877 | INFO  | SCMAudit | user=jenkins1000 | ip=192.168.5.156 | op=SEND_HEARTBEAT {datanodeUUID=acc690db-1381-479d-90ad-8aa346d73f29, command=[]} | ret=SUCCESS |  
2019-08-30 07:34:40,973 | INFO  | SCMAudit | user=jenkins1000 | ip=192.168.5.156 | op=SEND_HEARTBEAT {datanodeUUID=4a5ae11c-f2ff-4cf6-9dca-760126bc39ff, command=[]} | ret=SUCCESS |  
2019-08-30 07:34:40,993 | INFO  | SCMAudit | user=jenkins1000 | ip=192.168.5.156 | op=SEND_HEARTBEAT {datanodeUUID=c1f9b5f6-3f1a-4e58-b5c3-6c327452b89e, command=[]} | ret=SUCCESS |  
2019-08-30 07:34:41,161 | INFO  | SCMAudit | user=jenkins1000 | ip=192.168.5.156 | op=SEND_HEARTBEAT {datanodeUUID=cf19ac65-0b70-4753-9cfc-44acb7cd902c, command=[]} | ret=SUCCESS |  
2019-08-30 07:34:41,180 | INFO  | SCMAudit | user=jenkins1000 | ip=192.168.5.156 | op=SEND_HEARTBEAT {datanodeUUID=f20ba990-a1ec-4251-b44f-b0954e9459c1, command=[]} | ret=SUCCESS |  
2019-08-30 07:34:41,202 | INFO  | SCMAudit | user=jenkins1000 | ip=192.168.5.156 | op=SEND_HEARTBEAT {datanodeUUID=fa47bd42-2000-4a68-b335-f6aa68ddcd76, command=[]} | ret=SUCCESS |  
2019-08-30 07:34:41,404 | INFO  | SCMAudit | user=jenkins1000 | ip=192.168.5.156 | op=SEND_HEARTBEAT {datanodeUUID=a45a7528-2ba0-4bc3-913c-850122b1269f, command=[]} | ret=SUCCESS |  
2019-08-30 07:34:41,413 | INFO  | SCMAudit | user=jenkins1000 | ip=192.168.5.156 | op=SEND_HEARTBEAT {datanodeUUID=28af1cec-03f6-4f1e-ae7b-b0964308b7ec, command=[]} | ret=SUCCESS |  
2019-08-30 07:34:41,488 [pool-38-thread-1] INFO  storage.RaftStorage (RaftStorage.java:format(72)) - Storage directory /workdir/hadoop-ozone/integration-test/target/test-dir/MiniOzoneClusterImpl-e2a0042e-8006-48d2-a527-f4f759a7d1b5/datanode-1/data/ratis/e242280e-f197-4ae3-a579-c640fb00525b has been successfully formatted.
2019-08-30 07:34:41,488 [pool-49-thread-1] INFO  storage.RaftStorage (RaftStorage.java:format(72)) - Storage directory /workdir/hadoop-ozone/integration-test/target/test-dir/MiniOzoneClusterImpl-e2a0042e-8006-48d2-a527-f4f759a7d1b5/datanode-2/data/ratis/e242280e-f197-4ae3-a579-c640fb00525b has been successfully formatted.
2019-08-30 07:34:41,488 [pool-38-thread-1] INFO  ratis.ContainerStateMachine (ContainerStateMachine.java:loadSnapshot(226)) - group-C640FB00525B: The snapshot info is null. Setting the last applied indexto:(t:0, i:~)
2019-08-30 07:34:41,488 [pool-49-thread-1] INFO  ratis.ContainerStateMachine (ContainerStateMachine.java:loadSnapshot(226)) - group-C640FB00525B: The snapshot info is null. Setting the last applied indexto:(t:0, i:~)
2019-08-30 07:34:41,489 [pool-38-thread-1] INFO  server.RaftServerConfigKeys (ConfUtils.java:logGet(43)) - raft.server.leader.election.timeout = 120s (custom)
2019-08-30 07:34:41,489 [pool-49-thread-1] INFO  server.RaftServerConfigKeys (ConfUtils.java:logGet(43)) - raft.server.leader.election.timeout = 120s (custom)
2019-08-30 07:34:41,489 [pool-38-thread-1] INFO  server.RaftServerConfigKeys (ConfUtils.java:logGet(43)) - raft.server.log.use.memory = false (default)
2019-08-30 07:34:41,489 [pool-49-thread-1] INFO  server.RaftServerConfigKeys (ConfUtils.java:logGet(43)) - raft.server.log.use.memory = false (default)
2019-08-30 07:34:41,489 [pool-38-thread-1] INFO  server.RaftServerConfigKeys (ConfUtils.java:logGet(43)) - raft.server.log.purge.gap = 1000000 (custom)
2019-08-30 07:34:41,489 [pool-49-thread-1] INFO  server.RaftServerConfigKeys (ConfUtils.java:logGet(43)) - raft.server.log.purge.gap = 1000000 (custom)
2019-08-30 07:34:41,489 [pool-38-thread-1] INFO  server.RaftServerConfigKeys (ConfUtils.java:logGet(43)) - raft.server.log.appender.buffer.byte-limit = 33554432 (custom)
2019-08-30 07:34:41,490 [pool-49-thread-1] INFO  server.RaftServerConfigKeys (ConfUtils.java:logGet(43)) - raft.server.log.appender.buffer.byte-limit = 33554432 (custom)
2019-08-30 07:34:41,490 [pool-38-thread-1] INFO  server.RaftServerConfigKeys (ConfUtils.java:logGet(43)) - raft.server.log.segment.size.max = 1048576 (custom)
2019-08-30 07:34:41,490 [pool-49-thread-1] INFO  server.RaftServerConfigKeys (ConfUtils.java:logGet(43)) - raft.server.log.segment.size.max = 1048576 (custom)
2019-08-30 07:34:41,490 [pool-38-thread-1] INFO  server.RaftServerConfigKeys (ConfUtils.java:logGet(43)) - raft.server.log.segment.cache.num.max = 2 (custom)
2019-08-30 07:34:41,490 [pool-49-thread-1] INFO  server.RaftServerConfigKeys (ConfUtils.java:logGet(43)) - raft.server.log.segment.cache.num.max = 2 (custom)
2019-08-30 07:34:41,491 [pool-38-thread-1] INFO  segmented.SegmentedRaftLogWorker (SegmentedRaftLogWorker.java:<init>(172)) - new a45a7528-2ba0-4bc3-913c-850122b1269f-SegmentedRaftLogWorker:Storage Directory /workdir/hadoop-ozone/integration-test/target/test-dir/MiniOzoneClusterImpl-e2a0042e-8006-48d2-a527-f4f759a7d1b5/datanode-1/data/ratis/e242280e-f197-4ae3-a579-c640fb00525b for RaftStorage:Storage Directory /workdir/hadoop-ozone/integration-test/target/test-dir/MiniOzoneClusterImpl-e2a0042e-8006-48d2-a527-f4f759a7d1b5/datanode-1/data/ratis/e242280e-f197-4ae3-a579-c640fb00525b
2019-08-30 07:34:41,491 [pool-49-thread-1] INFO  segmented.SegmentedRaftLogWorker (SegmentedRaftLogWorker.java:<init>(172)) - new acc690db-1381-479d-90ad-8aa346d73f29-SegmentedRaftLogWorker:Storage Directory /workdir/hadoop-ozone/integration-test/target/test-dir/MiniOzoneClusterImpl-e2a0042e-8006-48d2-a527-f4f759a7d1b5/datanode-2/data/ratis/e242280e-f197-4ae3-a579-c640fb00525b for RaftStorage:Storage Directory /workdir/hadoop-ozone/integration-test/target/test-dir/MiniOzoneClusterImpl-e2a0042e-8006-48d2-a527-f4f759a7d1b5/datanode-2/data/ratis/e242280e-f197-4ae3-a579-c640fb00525b
2019-08-30 07:34:41,491 [pool-38-thread-1] INFO  server.RaftServerConfigKeys (ConfUtils.java:logGet(43)) - raft.server.log.queue.byte-limit = 2147483647 (custom)
2019-08-30 07:34:41,494 [pool-49-thread-1] INFO  server.RaftServerConfigKeys (ConfUtils.java:logGet(43)) - raft.server.log.queue.byte-limit = 2147483647 (custom)
2019-08-30 07:34:41,504 [pool-38-thread-1] INFO  server.RaftServerConfigKeys (ConfUtils.java:logGet(43)) - raft.server.log.queue.element-limit = 1024 (custom)
2019-08-30 07:34:41,507 [pool-49-thread-1] INFO  server.RaftServerConfigKeys (ConfUtils.java:logGet(43)) - raft.server.log.queue.element-limit = 1024 (custom)
2019-08-30 07:34:41,507 [pool-38-thread-1] INFO  server.RaftServerConfigKeys (ConfUtils.java:logGet(43)) - raft.server.log.segment.size.max = 1048576 (custom)
2019-08-30 07:34:41,507 [pool-49-thread-1] INFO  server.RaftServerConfigKeys (ConfUtils.java:logGet(43)) - raft.server.log.segment.size.max = 1048576 (custom)
2019-08-30 07:34:41,507 [pool-38-thread-1] INFO  server.RaftServerConfigKeys (ConfUtils.java:logGet(43)) - raft.server.log.preallocated.size = 16384 (custom)
2019-08-30 07:34:41,508 [pool-49-thread-1] INFO  server.RaftServerConfigKeys (ConfUtils.java:logGet(43)) - raft.server.log.preallocated.size = 16384 (custom)
2019-08-30 07:34:41,508 [pool-38-thread-1] INFO  server.RaftServerConfigKeys (ConfUtils.java:logGet(43)) - raft.server.log.write.buffer.size = 33554432 (custom)
2019-08-30 07:34:41,508 [pool-49-thread-1] INFO  server.RaftServerConfigKeys (ConfUtils.java:logGet(43)) - raft.server.log.write.buffer.size = 33554432 (custom)
2019-08-30 07:34:41,508 [pool-38-thread-1] INFO  server.RaftServerConfigKeys (ConfUtils.java:logGet(43)) - raft.server.log.force.sync.num = 128 (default)
2019-08-30 07:34:41,508 [pool-49-thread-1] INFO  server.RaftServerConfigKeys (ConfUtils.java:logGet(43)) - raft.server.log.force.sync.num = 128 (default)
2019-08-30 07:34:41,508 [pool-38-thread-1] INFO  server.RaftServerConfigKeys (ConfUtils.java:logGet(43)) - raft.server.log.statemachine.data.sync = true (default)
2019-08-30 07:34:41,508 [pool-49-thread-1] INFO  server.RaftServerConfigKeys (ConfUtils.java:logGet(43)) - raft.server.log.statemachine.data.sync = true (default)
2019-08-30 07:34:41,509 [pool-38-thread-1] INFO  server.RaftServerConfigKeys (ConfUtils.java:logGet(43)) - raft.server.log.statemachine.data.sync.timeout = 10s (default)
2019-08-30 07:34:41,509 [pool-49-thread-1] INFO  server.RaftServerConfigKeys (ConfUtils.java:logGet(43)) - raft.server.log.statemachine.data.sync.timeout = 10s (default)
2019-08-30 07:34:41,509 [pool-38-thread-1] INFO  server.RaftServerConfigKeys (ConfUtils.java:logGet(43)) - raft.server.log.statemachine.data.sync.timeout.retry = -1 (default)
2019-08-30 07:34:41,509 [pool-49-thread-1] INFO  server.RaftServerConfigKeys (ConfUtils.java:logGet(43)) - raft.server.log.statemachine.data.sync.timeout.retry = -1 (default)
2019-08-30 07:34:41,509 [pool-38-thread-1] INFO  server.RaftServerConfigKeys (ConfUtils.java:logGet(43)) - raft.server.log.statemachine.data.caching.enabled = true (custom)
2019-08-30 07:34:41,509 [pool-49-thread-1] INFO  server.RaftServerConfigKeys (ConfUtils.java:logGet(43)) - raft.server.log.statemachine.data.caching.enabled = true (custom)
2019-08-30 07:34:41,510 [pool-38-thread-1] INFO  segmented.SegmentedRaftLogWorker (SegmentedRaftLogWorker.java:lambda$new$0(132)) - a45a7528-2ba0-4bc3-913c-850122b1269f-SegmentedRaftLogWorker:Storage Directory /workdir/hadoop-ozone/integration-test/target/test-dir/MiniOzoneClusterImpl-e2a0042e-8006-48d2-a527-f4f759a7d1b5/datanode-1/data/ratis/e242280e-f197-4ae3-a579-c640fb00525b: flushIndex: setUnconditionally 0 -> -1
2019-08-30 07:34:41,510 [pool-49-thread-1] INFO  segmented.SegmentedRaftLogWorker (SegmentedRaftLogWorker.java:lambda$new$0(132)) - acc690db-1381-479d-90ad-8aa346d73f29-SegmentedRaftLogWorker:Storage Directory /workdir/hadoop-ozone/integration-test/target/test-dir/MiniOzoneClusterImpl-e2a0042e-8006-48d2-a527-f4f759a7d1b5/datanode-2/data/ratis/e242280e-f197-4ae3-a579-c640fb00525b: flushIndex: setUnconditionally 0 -> -1
2019-08-30 07:34:41,510 [pool-38-thread-1] INFO  server.RaftServerConfigKeys (ConfUtils.java:logGet(43)) - raft.server.snapshot.auto.trigger.enabled = true (custom)
2019-08-30 07:34:41,510 [pool-49-thread-1] INFO  server.RaftServerConfigKeys (ConfUtils.java:logGet(43)) - raft.server.snapshot.auto.trigger.enabled = true (custom)
2019-08-30 07:34:41,510 [pool-38-thread-1] INFO  server.RaftServerConfigKeys (ConfUtils.java:logGet(43)) - raft.server.snapshot.auto.trigger.threshold = 10000 (custom)
2019-08-30 07:34:41,510 [pool-49-thread-1] INFO  server.RaftServerConfigKeys (ConfUtils.java:logGet(43)) - raft.server.snapshot.auto.trigger.threshold = 10000 (custom)
2019-08-30 07:34:41,511 [pool-38-thread-1] INFO  server.RaftServerConfigKeys (ConfUtils.java:logGet(43)) - raft.server.retrycache.expirytime = 600000ms (custom)
2019-08-30 07:34:41,511 [pool-49-thread-1] INFO  server.RaftServerConfigKeys (ConfUtils.java:logGet(43)) - raft.server.retrycache.expirytime = 600000ms (custom)
2019-08-30 07:34:41,511 [pool-38-thread-1] INFO  impl.RaftServerImpl (RaftServerImpl.java:start(180)) - a45a7528-2ba0-4bc3-913c-850122b1269f: start group-70018C5AE2E4
2019-08-30 07:34:41,511 [pool-38-thread-1] INFO  impl.RaftServerImpl (RaftServerImpl.java:setRole(171)) - a45a7528-2ba0-4bc3-913c-850122b1269f:group-70018C5AE2E4 changes role from null to FOLLOWER at term 0 for startAsFollower
2019-08-30 07:34:41,511 [pool-49-thread-1] INFO  impl.RaftServerImpl (RaftServerImpl.java:start(180)) - acc690db-1381-479d-90ad-8aa346d73f29: start group-70018C5AE2E4
2019-08-30 07:34:41,511 [pool-38-thread-1] INFO  impl.RoleInfo (RoleInfo.java:updateAndGet(143)) - a45a7528-2ba0-4bc3-913c-850122b1269f: start FollowerState
2019-08-30 07:34:41,511 [pool-49-thread-1] INFO  impl.RaftServerImpl (RaftServerImpl.java:setRole(171)) - acc690db-1381-479d-90ad-8aa346d73f29:group-70018C5AE2E4 changes role from null to FOLLOWER at term 0 for startAsFollower
2019-08-30 07:34:41,512 [pool-49-thread-1] INFO  impl.RoleInfo (RoleInfo.java:updateAndGet(143)) - acc690db-1381-479d-90ad-8aa346d73f29: start FollowerState
2019-08-30 07:34:41,512 [pool-38-thread-1] INFO  util.JmxRegister (JmxRegister.java:tryRegister(44)) - Successfully registered JMX Bean with object name Ratis:service=RaftServer,group=group-70018C5AE2E4,id=a45a7528-2ba0-4bc3-913c-850122b1269f
2019-08-30 07:34:41,512 [pool-49-thread-1] INFO  util.JmxRegister (JmxRegister.java:tryRegister(44)) - Successfully registered JMX Bean with object name Ratis:service=RaftServer,group=group-70018C5AE2E4,id=acc690db-1381-479d-90ad-8aa346d73f29
2019-08-30 07:34:41,514 [pool-38-thread-1] INFO  impl.RaftServerImpl (RaftServerImpl.java:<init>(93)) - a45a7528-2ba0-4bc3-913c-850122b1269f: new RaftServerImpl for group-CA76A3A1922C:[acc690db-1381-479d-90ad-8aa346d73f29:192.168.5.156:37691, c1f9b5f6-3f1a-4e58-b5c3-6c327452b89e:192.168.5.156:46765, a45a7528-2ba0-4bc3-913c-850122b1269f:192.168.5.156:32945] with ContainerStateMachine:uninitialized
2019-08-30 07:34:41,514 [pool-38-thread-1] INFO  server.RaftServerConfigKeys (ConfUtils.java:logGet(43)) - raft.server.rpc.timeout.min = 1s (custom)
2019-08-30 07:34:41,514 [pool-38-thread-1] INFO  server.RaftServerConfigKeys (ConfUtils.java:logGet(43)) - raft.server.rpc.timeout.max = 1200ms (custom)
2019-08-30 07:34:41,515 [pool-38-thread-1] INFO  server.RaftServerConfigKeys (ConfUtils.java:logGet(43)) - raft.server.rpcslowness.timeout = 120s (custom)
2019-08-30 07:34:41,515 [pool-38-thread-1] INFO  server.RaftServerConfigKeys (ConfUtils.java:logGet(43)) - raft.server.sleep.deviation.threshold = 300 (default)
2019-08-30 07:34:41,515 [pool-38-thread-1] INFO  server.RaftServerConfigKeys (ConfUtils.java:logGet(43)) - raft.server.log.appender.install.snapshot.enabled = false (custom)
2019-08-30 07:34:41,515 [pool-49-thread-1] INFO  impl.RaftServerImpl (RaftServerImpl.java:<init>(93)) - acc690db-1381-479d-90ad-8aa346d73f29: new RaftServerImpl for group-CA76A3A1922C:[acc690db-1381-479d-90ad-8aa346d73f29:192.168.5.156:37691, c1f9b5f6-3f1a-4e58-b5c3-6c327452b89e:192.168.5.156:46765, a45a7528-2ba0-4bc3-913c-850122b1269f:192.168.5.156:32945] with ContainerStateMachine:uninitialized
2019-08-30 07:34:41,515 [pool-38-thread-1] INFO  impl.RaftServerImpl (ServerState.java:<init>(105)) - a45a7528-2ba0-4bc3-913c-850122b1269f:group-CA76A3A1922C ConfigurationManager, init=-1: [acc690db-1381-479d-90ad-8aa346d73f29:192.168.5.156:37691, c1f9b5f6-3f1a-4e58-b5c3-6c327452b89e:192.168.5.156:46765, a45a7528-2ba0-4bc3-913c-850122b1269f:192.168.5.156:32945], old=null, confs=<EMPTY_MAP>
2019-08-30 07:34:41,515 [pool-49-thread-1] INFO  server.RaftServerConfigKeys (ConfUtils.java:logGet(43)) - raft.server.rpc.timeout.min = 1s (custom)
2019-08-30 07:34:41,515 [pool-38-thread-1] INFO  server.RaftServerConfigKeys (ConfUtils.java:logGet(43)) - raft.server.storage.dir = [/workdir/hadoop-ozone/integration-test/target/test-dir/MiniOzoneClusterImpl-e2a0042e-8006-48d2-a527-f4f759a7d1b5/datanode-1/data/ratis] (custom)
2019-08-30 07:34:41,515 [pool-49-thread-1] INFO  server.RaftServerConfigKeys (ConfUtils.java:logGet(43)) - raft.server.rpc.timeout.max = 1200ms (custom)
2019-08-30 07:34:41,516 [pool-49-thread-1] INFO  server.RaftServerConfigKeys (ConfUtils.java:logGet(43)) - raft.server.rpcslowness.timeout = 120s (custom)
2019-08-30 07:34:41,516 [pool-49-thread-1] INFO  server.RaftServerConfigKeys (ConfUtils.java:logGet(43)) - raft.server.sleep.deviation.threshold = 300 (default)
2019-08-30 07:34:41,516 [pool-38-thread-1] INFO  storage.RaftStorageDirectory (RaftStorageDirectory.java:analyzeStorage(246)) - The storage directory /workdir/hadoop-ozone/integration-test/target/test-dir/MiniOzoneClusterImpl-e2a0042e-8006-48d2-a527-f4f759a7d1b5/datanode-1/data/ratis/08513cd7-a381-4a46-ae3e-ca76a3a1922c does not exist. Creating ...
2019-08-30 07:34:41,516 [pool-49-thread-1] INFO  server.RaftServerConfigKeys (ConfUtils.java:logGet(43)) - raft.server.log.appender.install.snapshot.enabled = false (custom)
2019-08-30 07:34:41,516 [pool-49-thread-1] INFO  impl.RaftServerImpl (ServerState.java:<init>(105)) - acc690db-1381-479d-90ad-8aa346d73f29:group-CA76A3A1922C ConfigurationManager, init=-1: [acc690db-1381-479d-90ad-8aa346d73f29:192.168.5.156:37691, c1f9b5f6-3f1a-4e58-b5c3-6c327452b89e:192.168.5.156:46765, a45a7528-2ba0-4bc3-913c-850122b1269f:192.168.5.156:32945], old=null, confs=<EMPTY_MAP>
2019-08-30 07:34:41,516 [pool-49-thread-1] INFO  server.RaftServerConfigKeys (ConfUtils.java:logGet(43)) - raft.server.storage.dir = [/workdir/hadoop-ozone/integration-test/target/test-dir/MiniOzoneClusterImpl-e2a0042e-8006-48d2-a527-f4f759a7d1b5/datanode-2/data/ratis] (custom)
2019-08-30 07:34:41,516 [pool-49-thread-1] INFO  storage.RaftStorageDirectory (RaftStorageDirectory.java:analyzeStorage(246)) - The storage directory /workdir/hadoop-ozone/integration-test/target/test-dir/MiniOzoneClusterImpl-e2a0042e-8006-48d2-a527-f4f759a7d1b5/datanode-2/data/ratis/08513cd7-a381-4a46-ae3e-ca76a3a1922c does not exist. Creating ...
2019-08-30 07:34:41,542 [pool-82-thread-1] INFO  storage.RaftStorageDirectory (RaftStorageDirectory.java:tryLock(328)) - Lock on /workdir/hadoop-ozone/integration-test/target/test-dir/MiniOzoneClusterImpl-e2a0042e-8006-48d2-a527-f4f759a7d1b5/datanode-5/data/ratis/e242280e-f197-4ae3-a579-c640fb00525b/in_use.lock acquired by nodename 30688@pr-hdds-1569-5th2c-4253854396
2019-08-30 07:34:41,589 [RATISCREATEPIPELINE3] ERROR pipeline.RatisPipelineProvider (RatisPipelineProvider.java:lambda$null$5(235)) - Failed invoke Ratis rpc org.apache.hadoop.hdds.scm.pipeline.RatisPipelineProvider$$Lambda$171/1199399042@493c69b for a45a7528-2ba0-4bc3-913c-850122b1269f
org.apache.ratis.protocol.TimeoutIOException: deadline exceeded after 2999771726ns
	at org.apache.ratis.grpc.GrpcUtil.tryUnwrapException(GrpcUtil.java:82)
	at org.apache.ratis.grpc.GrpcUtil.unwrapException(GrpcUtil.java:75)
	at org.apache.ratis.grpc.client.GrpcClientProtocolClient.blockingCall(GrpcClientProtocolClient.java:169)
	at org.apache.ratis.grpc.client.GrpcClientProtocolClient.groupAdd(GrpcClientProtocolClient.java:138)
	at org.apache.ratis.grpc.client.GrpcClientRpc.sendRequest(GrpcClientRpc.java:94)
	at org.apache.ratis.client.impl.RaftClientImpl.sendRequest(RaftClientImpl.java:279)
	at org.apache.ratis.client.impl.RaftClientImpl.groupAdd(RaftClientImpl.java:206)
	at org.apache.hadoop.hdds.scm.pipeline.RatisPipelineProvider.lambda$initializePipeline$4(RatisPipelineProvider.java:194)
	at org.apache.hadoop.hdds.scm.pipeline.RatisPipelineProvider.lambda$null$5(RatisPipelineProvider.java:231)
	at java.util.stream.ForEachOps$ForEachOp$OfRef.accept(ForEachOps.java:184)
	at java.util.ArrayList$ArrayListSpliterator.forEachRemaining(ArrayList.java:1382)
	at java.util.stream.AbstractPipeline.copyInto(AbstractPipeline.java:482)
	at java.util.stream.ForEachOps$ForEachTask.compute(ForEachOps.java:291)
	at java.util.concurrent.CountedCompleter.exec(CountedCompleter.java:731)
	at java.util.concurrent.ForkJoinTask.doExec(ForkJoinTask.java:289)
	at java.util.concurrent.ForkJoinPool$WorkQueue.runTask(ForkJoinPool.java:1056)
	at java.util.concurrent.ForkJoinPool.runWorker(ForkJoinPool.java:1692)
	at java.util.concurrent.ForkJoinWorkerThread.run(ForkJoinWorkerThread.java:157)
Caused by: org.apache.ratis.thirdparty.io.grpc.StatusRuntimeException: DEADLINE_EXCEEDED: deadline exceeded after 2999771726ns
	at org.apache.ratis.thirdparty.io.grpc.stub.ClientCalls.toStatusRuntimeException(ClientCalls.java:233)
	at org.apache.ratis.thirdparty.io.grpc.stub.ClientCalls.getUnchecked(ClientCalls.java:214)
	at org.apache.ratis.thirdparty.io.grpc.stub.ClientCalls.blockingUnaryCall(ClientCalls.java:139)
	at org.apache.ratis.proto.grpc.AdminProtocolServiceGrpc$AdminProtocolServiceBlockingStub.groupManagement(AdminProtocolServiceGrpc.java:274)
	at org.apache.ratis.grpc.client.GrpcClientProtocolClient.lambda$groupAdd$3(GrpcClientProtocolClient.java:140)
	at org.apache.ratis.grpc.client.GrpcClientProtocolClient.blockingCall(GrpcClientProtocolClient.java:167)
	... 15 more
2019-08-30 07:34:41,589 [RATISCREATEPIPELINE2] ERROR pipeline.RatisPipelineProvider (RatisPipelineProvider.java:lambda$null$5(235)) - Failed invoke Ratis rpc org.apache.hadoop.hdds.scm.pipeline.RatisPipelineProvider$$Lambda$171/1199399042@493c69b for c1f9b5f6-3f1a-4e58-b5c3-6c327452b89e
org.apache.ratis.protocol.TimeoutIOException: deadline exceeded after 2997441400ns
	at org.apache.ratis.grpc.GrpcUtil.tryUnwrapException(GrpcUtil.java:82)
	at org.apache.ratis.grpc.GrpcUtil.unwrapException(GrpcUtil.java:75)
	at org.apache.ratis.grpc.client.GrpcClientProtocolClient.blockingCall(GrpcClientProtocolClient.java:169)
	at org.apache.ratis.grpc.client.GrpcClientProtocolClient.groupAdd(GrpcClientProtocolClient.java:138)
	at org.apache.ratis.grpc.client.GrpcClientRpc.sendRequest(GrpcClientRpc.java:94)
	at org.apache.ratis.client.impl.RaftClientImpl.sendRequest(RaftClientImpl.java:279)
	at org.apache.ratis.client.impl.RaftClientImpl.groupAdd(RaftClientImpl.java:206)
	at org.apache.hadoop.hdds.scm.pipeline.RatisPipelineProvider.lambda$initializePipeline$4(RatisPipelineProvider.java:194)
	at org.apache.hadoop.hdds.scm.pipeline.RatisPipelineProvider.lambda$null$5(RatisPipelineProvider.java:231)
	at java.util.stream.ForEachOps$ForEachOp$OfRef.accept(ForEachOps.java:184)
	at java.util.ArrayList$ArrayListSpliterator.forEachRemaining(ArrayList.java:1382)
	at java.util.stream.AbstractPipeline.copyInto(AbstractPipeline.java:482)
	at java.util.stream.ForEachOps$ForEachTask.compute(ForEachOps.java:291)
	at java.util.concurrent.CountedCompleter.exec(CountedCompleter.java:731)
	at java.util.concurrent.ForkJoinTask.doExec(ForkJoinTask.java:289)
	at java.util.concurrent.ForkJoinPool$WorkQueue.runTask(ForkJoinPool.java:1056)
	at java.util.concurrent.ForkJoinPool.runWorker(ForkJoinPool.java:1692)
	at java.util.concurrent.ForkJoinWorkerThread.run(ForkJoinWorkerThread.java:157)
Caused by: org.apache.ratis.thirdparty.io.grpc.StatusRuntimeException: DEADLINE_EXCEEDED: deadline exceeded after 2997441400ns
	at org.apache.ratis.thirdparty.io.grpc.stub.ClientCalls.toStatusRuntimeException(ClientCalls.java:233)
	at org.apache.ratis.thirdparty.io.grpc.stub.ClientCalls.getUnchecked(ClientCalls.java:214)
	at org.apache.ratis.thirdparty.io.grpc.stub.ClientCalls.blockingUnaryCall(ClientCalls.java:139)
	at org.apache.ratis.proto.grpc.AdminProtocolServiceGrpc$AdminProtocolServiceBlockingStub.groupManagement(AdminProtocolServiceGrpc.java:274)
	at org.apache.ratis.grpc.client.GrpcClientProtocolClient.lambda$groupAdd$3(GrpcClientProtocolClient.java:140)
	at org.apache.ratis.grpc.client.GrpcClientProtocolClient.blockingCall(GrpcClientProtocolClient.java:167)
	... 15 more
2019-08-30 07:34:41,589 [RATISCREATEPIPELINE1] ERROR pipeline.RatisPipelineProvider (RatisPipelineProvider.java:lambda$null$5(235)) - Failed invoke Ratis rpc org.apache.hadoop.hdds.scm.pipeline.RatisPipelineProvider$$Lambda$171/1199399042@493c69b for acc690db-1381-479d-90ad-8aa346d73f29
org.apache.ratis.protocol.TimeoutIOException: deadline exceeded after 2999771421ns
	at org.apache.ratis.grpc.GrpcUtil.tryUnwrapException(GrpcUtil.java:82)
	at org.apache.ratis.grpc.GrpcUtil.unwrapException(GrpcUtil.java:75)
	at org.apache.ratis.grpc.client.GrpcClientProtocolClient.blockingCall(GrpcClientProtocolClient.java:169)
	at org.apache.ratis.grpc.client.GrpcClientProtocolClient.groupAdd(GrpcClientProtocolClient.java:138)
	at org.apache.ratis.grpc.client.GrpcClientRpc.sendRequest(GrpcClientRpc.java:94)
	at org.apache.ratis.client.impl.RaftClientImpl.sendRequest(RaftClientImpl.java:279)
	at org.apache.ratis.client.impl.RaftClientImpl.groupAdd(RaftClientImpl.java:206)
	at org.apache.hadoop.hdds.scm.pipeline.RatisPipelineProvider.lambda$initializePipeline$4(RatisPipelineProvider.java:194)
	at org.apache.hadoop.hdds.scm.pipeline.RatisPipelineProvider.lambda$null$5(RatisPipelineProvider.java:231)
	at java.util.stream.ForEachOps$ForEachOp$OfRef.accept(ForEachOps.java:184)
	at java.util.ArrayList$ArrayListSpliterator.forEachRemaining(ArrayList.java:1382)
	at java.util.stream.AbstractPipeline.copyInto(AbstractPipeline.java:482)
	at java.util.stream.ForEachOps$ForEachTask.compute(ForEachOps.java:291)
	at java.util.concurrent.CountedCompleter.exec(CountedCompleter.java:731)
	at java.util.concurrent.ForkJoinTask.doExec(ForkJoinTask.java:289)
	at java.util.concurrent.ForkJoinTask.doInvoke(ForkJoinTask.java:401)
	at java.util.concurrent.ForkJoinTask.invoke(ForkJoinTask.java:734)
	at java.util.stream.ForEachOps$ForEachOp.evaluateParallel(ForEachOps.java:160)
	at java.util.stream.ForEachOps$ForEachOp$OfRef.evaluateParallel(ForEachOps.java:174)
	at java.util.stream.AbstractPipeline.evaluate(AbstractPipeline.java:233)
	at java.util.stream.ReferencePipeline.forEach(ReferencePipeline.java:418)
	at java.util.stream.ReferencePipeline$Head.forEach(ReferencePipeline.java:583)
	at org.apache.hadoop.hdds.scm.pipeline.RatisPipelineProvider.lambda$callRatisRpc$6(RatisPipelineProvider.java:225)
	at java.util.concurrent.ForkJoinTask$AdaptedRunnableAction.exec(ForkJoinTask.java:1386)
	at java.util.concurrent.ForkJoinTask.doExec(ForkJoinTask.java:289)
	at java.util.concurrent.ForkJoinPool$WorkQueue.runTask(ForkJoinPool.java:1056)
	at java.util.concurrent.ForkJoinPool.runWorker(ForkJoinPool.java:1692)
	at java.util.concurrent.ForkJoinWorkerThread.run(ForkJoinWorkerThread.java:157)
Caused by: org.apache.ratis.thirdparty.io.grpc.StatusRuntimeException: DEADLINE_EXCEEDED: deadline exceeded after 2999771421ns
	at org.apache.ratis.thirdparty.io.grpc.stub.ClientCalls.toStatusRuntimeException(ClientCalls.java:233)
	at org.apache.ratis.thirdparty.io.grpc.stub.ClientCalls.getUnchecked(ClientCalls.java:214)
	at org.apache.ratis.thirdparty.io.grpc.stub.ClientCalls.blockingUnaryCall(ClientCalls.java:139)
	at org.apache.ratis.proto.grpc.AdminProtocolServiceGrpc$AdminProtocolServiceBlockingStub.groupManagement(AdminProtocolServiceGrpc.java:274)
	at org.apache.ratis.grpc.client.GrpcClientProtocolClient.lambda$groupAdd$3(GrpcClientProtocolClient.java:140)
	at org.apache.ratis.grpc.client.GrpcClientProtocolClient.blockingCall(GrpcClientProtocolClient.java:167)
	... 25 more
2019-08-30 07:34:41,610 [Thread-333] INFO  impl.FollowerState (FollowerState.java:run(106)) - a45a7528-2ba0-4bc3-913c-850122b1269f:group-BC5BBD1BED6A changes to CANDIDATE, lastRpcTime:1080, electionTimeout:1074ms
2019-08-30 07:34:41,610 [IPC Server handler 0 on 35085] WARN  block.BlockManagerImpl (BlockManagerImpl.java:allocateBlock(192)) - Pipeline creation failed for type:RATIS factor:THREE. Retrying get pipelines call once.
org.apache.hadoop.io.MultipleIOException: 3 exceptions [java.io.IOException: Failed invoke Ratis rpc org.apache.hadoop.hdds.scm.pipeline.RatisPipelineProvider$$Lambda$171/1199399042@493c69b for a45a7528-2ba0-4bc3-913c-850122b1269f, java.io.IOException: Failed invoke Ratis rpc org.apache.hadoop.hdds.scm.pipeline.RatisPipelineProvider$$Lambda$171/1199399042@493c69b for c1f9b5f6-3f1a-4e58-b5c3-6c327452b89e, java.io.IOException: Failed invoke Ratis rpc org.apache.hadoop.hdds.scm.pipeline.RatisPipelineProvider$$Lambda$171/1199399042@493c69b for acc690db-1381-479d-90ad-8aa346d73f29]
	at org.apache.hadoop.io.MultipleIOException.createIOException(MultipleIOException.java:53)
	at org.apache.hadoop.hdds.scm.pipeline.RatisPipelineProvider.callRatisRpc(RatisPipelineProvider.java:251)
	at org.apache.hadoop.hdds.scm.pipeline.RatisPipelineProvider.initializePipeline(RatisPipelineProvider.java:192)
	at org.apache.hadoop.hdds.scm.pipeline.RatisPipelineProvider.create(RatisPipelineProvider.java:161)
	at org.apache.hadoop.hdds.scm.pipeline.PipelineFactory.create(PipelineFactory.java:57)
	at org.apache.hadoop.hdds.scm.pipeline.SCMPipelineManager.createPipeline(SCMPipelineManager.java:149)
	at org.apache.hadoop.hdds.scm.block.BlockManagerImpl.allocateBlock(BlockManagerImpl.java:190)
	at org.apache.hadoop.hdds.scm.server.SCMBlockProtocolServer.allocateBlock(SCMBlockProtocolServer.java:175)
	at org.apache.hadoop.ozone.protocolPB.ScmBlockLocationProtocolServerSideTranslatorPB.allocateScmBlock(ScmBlockLocationProtocolServerSideTranslatorPB.java:153)
	at org.apache.hadoop.ozone.protocolPB.ScmBlockLocationProtocolServerSideTranslatorPB.send(ScmBlockLocationProtocolServerSideTranslatorPB.java:112)
	at org.apache.hadoop.hdds.protocol.proto.ScmBlockLocationProtocolProtos$ScmBlockLocationProtocolService$2.callBlockingMethod(ScmBlockLocationProtocolProtos.java:13157)
	at org.apache.hadoop.ipc.ProtobufRpcEngine$Server$ProtoBufRpcInvoker.call(ProtobufRpcEngine.java:524)
	at org.apache.hadoop.ipc.RPC$Server.call(RPC.java:1025)
	at org.apache.hadoop.ipc.Server$RpcCall.run(Server.java:876)
	at org.apache.hadoop.ipc.Server$RpcCall.run(Server.java:822)
	at java.security.AccessController.doPrivileged(Native Method)
	at javax.security.auth.Subject.doAs(Subject.java:422)
	at org.apache.hadoop.security.UserGroupInformation.doAs(UserGroupInformation.java:1730)
	at org.apache.hadoop.ipc.Server$Handler.run(Server.java:2682)
2019-08-30 07:34:41,611 [Thread-333] INFO  impl.RoleInfo (RoleInfo.java:shutdownFollowerState(121)) - a45a7528-2ba0-4bc3-913c-850122b1269f: shutdown FollowerState
2019-08-30 07:34:41,611 | INFO  | SCMAudit | user=jenkins1000 | ip=192.168.5.156 | op=SEND_HEARTBEAT {datanodeUUID=905b07e9-2fc0-493e-9dc2-ae90eb733c4f, command=[]} | ret=SUCCESS |  
2019-08-30 07:34:41,611 [IPC Server handler 0 on 35085] INFO  block.BlockManagerImpl (BlockManagerImpl.java:allocateBlock(198)) - Could not find available pipeline of type:RATIS and factor:THREE even after retrying
2019-08-30 07:34:41,611 [Thread-333] INFO  impl.RaftServerImpl (RaftServerImpl.java:setRole(171)) - a45a7528-2ba0-4bc3-913c-850122b1269f:group-BC5BBD1BED6A changes role from FOLLOWER to CANDIDATE at term 2 for changeToCandidate
2019-08-30 07:34:41,611 [IPC Server handler 0 on 35085] ERROR block.BlockManagerImpl (BlockManagerImpl.java:allocateBlock(222)) - Unable to allocate a block for the size: 4194304, type: RATIS, factor: THREE
2019-08-30 07:34:41,612 [Thread-333] INFO  impl.RoleInfo (RoleInfo.java:updateAndGet(143)) - a45a7528-2ba0-4bc3-913c-850122b1269f: start LeaderElection
2019-08-30 07:34:41,615 [Thread-334] INFO  impl.FollowerState (FollowerState.java:run(106)) - acc690db-1381-479d-90ad-8aa346d73f29:group-BC5BBD1BED6A changes to CANDIDATE, lastRpcTime:1085, electionTimeout:1081ms
2019-08-30 07:34:41,615 [Thread-334] INFO  impl.RoleInfo (RoleInfo.java:shutdownFollowerState(121)) - acc690db-1381-479d-90ad-8aa346d73f29: shutdown FollowerState
2019-08-30 07:34:41,616 [Thread-334] INFO  impl.RaftServerImpl (RaftServerImpl.java:setRole(171)) - acc690db-1381-479d-90ad-8aa346d73f29:group-BC5BBD1BED6A changes role from FOLLOWER to CANDIDATE at term 2 for changeToCandidate
2019-08-30 07:34:41,616 [Thread-334] INFO  impl.RoleInfo (RoleInfo.java:updateAndGet(143)) - acc690db-1381-479d-90ad-8aa346d73f29: start LeaderElection
2019-08-30 07:34:41,633 [grpc-default-executor-3] INFO  impl.RaftServerProxy (RaftServerProxy.java:addNew(89)) - a45a7528-2ba0-4bc3-913c-850122b1269f: addNew group-186677E0C462:[acc690db-1381-479d-90ad-8aa346d73f29:192.168.5.156:37691, c1f9b5f6-3f1a-4e58-b5c3-6c327452b89e:192.168.5.156:46765, a45a7528-2ba0-4bc3-913c-850122b1269f:192.168.5.156:32945] returns group-186677E0C462:java.util.concurrent.CompletableFuture@331fe44a[Not completed]
2019-08-30 07:34:41,633 [grpc-default-executor-0] INFO  impl.RaftServerProxy (RaftServerProxy.java:addNew(89)) - c1f9b5f6-3f1a-4e58-b5c3-6c327452b89e: addNew group-186677E0C462:[acc690db-1381-479d-90ad-8aa346d73f29:192.168.5.156:37691, c1f9b5f6-3f1a-4e58-b5c3-6c327452b89e:192.168.5.156:46765, a45a7528-2ba0-4bc3-913c-850122b1269f:192.168.5.156:32945] returns group-186677E0C462:java.util.concurrent.CompletableFuture@71e41216[Not completed]
2019-08-30 07:34:41,636 [grpc-default-executor-0] INFO  impl.RaftServerProxy (RaftServerProxy.java:addNew(89)) - acc690db-1381-479d-90ad-8aa346d73f29: addNew group-186677E0C462:[acc690db-1381-479d-90ad-8aa346d73f29:192.168.5.156:37691, c1f9b5f6-3f1a-4e58-b5c3-6c327452b89e:192.168.5.156:46765, a45a7528-2ba0-4bc3-913c-850122b1269f:192.168.5.156:32945] returns group-186677E0C462:java.util.concurrent.CompletableFuture@423edb14[Not completed]
2019-08-30 07:34:41,649 [Thread-330] INFO  impl.FollowerState (FollowerState.java:run(106)) - c1f9b5f6-3f1a-4e58-b5c3-6c327452b89e:group-5E72A8F0CA12 changes to CANDIDATE, lastRpcTime:1168, electionTimeout:1166ms
2019-08-30 07:34:41,649 [Thread-330] INFO  impl.RoleInfo (RoleInfo.java:shutdownFollowerState(121)) - c1f9b5f6-3f1a-4e58-b5c3-6c327452b89e: shutdown FollowerState
2019-08-30 07:34:41,649 [Thread-330] INFO  impl.RaftServerImpl (RaftServerImpl.java:setRole(171)) - c1f9b5f6-3f1a-4e58-b5c3-6c327452b89e:group-5E72A8F0CA12 changes role from FOLLOWER to CANDIDATE at term 0 for changeToCandidate
2019-08-30 07:34:41,650 [Thread-330] INFO  impl.RoleInfo (RoleInfo.java:updateAndGet(143)) - c1f9b5f6-3f1a-4e58-b5c3-6c327452b89e: start LeaderElection
2019-08-30 07:34:41,652 [Thread-332] INFO  impl.FollowerState (FollowerState.java:run(106)) - f20ba990-a1ec-4251-b44f-b0954e9459c1:group-BC5BBD1BED6A changes to CANDIDATE, lastRpcTime:1133, electionTimeout:1128ms
2019-08-30 07:34:41,652 [Thread-332] INFO  impl.RoleInfo (RoleInfo.java:shutdownFollowerState(121)) - f20ba990-a1ec-4251-b44f-b0954e9459c1: shutdown FollowerState
2019-08-30 07:34:41,655 [Thread-332] INFO  impl.RaftServerImpl (RaftServerImpl.java:setRole(171)) - f20ba990-a1ec-4251-b44f-b0954e9459c1:group-BC5BBD1BED6A changes role from FOLLOWER to CANDIDATE at term 2 for changeToCandidate
2019-08-30 07:34:41,656 [Thread-332] INFO  impl.RoleInfo (RoleInfo.java:updateAndGet(143)) - f20ba990-a1ec-4251-b44f-b0954e9459c1: start LeaderElection
2019-08-30 07:34:41,712 [pool-49-thread-1] INFO  storage.RaftStorageDirectory (RaftStorageDirectory.java:tryLock(328)) - Lock on /workdir/hadoop-ozone/integration-test/target/test-dir/MiniOzoneClusterImpl-e2a0042e-8006-48d2-a527-f4f759a7d1b5/datanode-2/data/ratis/08513cd7-a381-4a46-ae3e-ca76a3a1922c/in_use.lock acquired by nodename 30688@pr-hdds-1569-5th2c-4253854396
2019-08-30 07:34:41,712 [pool-38-thread-1] INFO  storage.RaftStorageDirectory (RaftStorageDirectory.java:tryLock(328)) - Lock on /workdir/hadoop-ozone/integration-test/target/test-dir/MiniOzoneClusterImpl-e2a0042e-8006-48d2-a527-f4f759a7d1b5/datanode-1/data/ratis/08513cd7-a381-4a46-ae3e-ca76a3a1922c/in_use.lock acquired by nodename 30688@pr-hdds-1569-5th2c-4253854396
2019-08-30 07:34:41,789 | INFO  | SCMAudit | user=jenkins1000 | ip=192.168.5.156 | op=SEND_HEARTBEAT {datanodeUUID=cb5a5d16-88a3-41b0-858f-6232e86de455, command=[]} | ret=SUCCESS |  
2019-08-30 07:34:41,877 | INFO  | SCMAudit | user=jenkins1000 | ip=192.168.5.156 | op=SEND_HEARTBEAT {datanodeUUID=acc690db-1381-479d-90ad-8aa346d73f29, command=[]} | ret=SUCCESS |  
2019-08-30 07:34:41,974 | INFO  | SCMAudit | user=jenkins1000 | ip=192.168.5.156 | op=SEND_HEARTBEAT {datanodeUUID=4a5ae11c-f2ff-4cf6-9dca-760126bc39ff, command=[]} | ret=SUCCESS |  
2019-08-30 07:34:41,993 | INFO  | SCMAudit | user=jenkins1000 | ip=192.168.5.156 | op=SEND_HEARTBEAT {datanodeUUID=c1f9b5f6-3f1a-4e58-b5c3-6c327452b89e, command=[]} | ret=SUCCESS |  
2019-08-30 07:34:42,161 | INFO  | SCMAudit | user=jenkins1000 | ip=192.168.5.156 | op=SEND_HEARTBEAT {datanodeUUID=cf19ac65-0b70-4753-9cfc-44acb7cd902c, command=[]} | ret=SUCCESS |  
2019-08-30 07:34:42,180 | INFO  | SCMAudit | user=jenkins1000 | ip=192.168.5.156 | op=SEND_HEARTBEAT {datanodeUUID=f20ba990-a1ec-4251-b44f-b0954e9459c1, command=[]} | ret=SUCCESS |  
2019-08-30 07:34:42,202 | INFO  | SCMAudit | user=jenkins1000 | ip=192.168.5.156 | op=SEND_HEARTBEAT {datanodeUUID=fa47bd42-2000-4a68-b335-f6aa68ddcd76, command=[]} | ret=SUCCESS |  
2019-08-30 07:34:42,273 [pool-82-thread-1] INFO  storage.RaftStorage (RaftStorage.java:format(72)) - Storage directory /workdir/hadoop-ozone/integration-test/target/test-dir/MiniOzoneClusterImpl-e2a0042e-8006-48d2-a527-f4f759a7d1b5/datanode-5/data/ratis/e242280e-f197-4ae3-a579-c640fb00525b has been successfully formatted.
2019-08-30 07:34:42,273 [f20ba990-a1ec-4251-b44f-b0954e9459c1:group-BC5BBD1BED6A:LeaderElection11] INFO  impl.LeaderElection (LeaderElection.java:askForVotes(181)) - f20ba990-a1ec-4251-b44f-b0954e9459c1:group-BC5BBD1BED6A:LeaderElection11: begin an election at term 3 for -1: [acc690db-1381-479d-90ad-8aa346d73f29:192.168.5.156:37691, f20ba990-a1ec-4251-b44f-b0954e9459c1:192.168.5.156:36913, a45a7528-2ba0-4bc3-913c-850122b1269f:192.168.5.156:32945], old=null
2019-08-30 07:34:42,273 [c1f9b5f6-3f1a-4e58-b5c3-6c327452b89e:group-5E72A8F0CA12:LeaderElection10] INFO  impl.LeaderElection (LeaderElection.java:askForVotes(181)) - c1f9b5f6-3f1a-4e58-b5c3-6c327452b89e:group-5E72A8F0CA12:LeaderElection10: begin an election at term 1 for -1: [c1f9b5f6-3f1a-4e58-b5c3-6c327452b89e:192.168.5.156:46765], old=null
2019-08-30 07:34:42,273 [acc690db-1381-479d-90ad-8aa346d73f29:group-BC5BBD1BED6A:LeaderElection9] INFO  impl.LeaderElection (LeaderElection.java:askForVotes(181)) - acc690db-1381-479d-90ad-8aa346d73f29:group-BC5BBD1BED6A:LeaderElection9: begin an election at term 3 for -1: [acc690db-1381-479d-90ad-8aa346d73f29:192.168.5.156:37691, f20ba990-a1ec-4251-b44f-b0954e9459c1:192.168.5.156:36913, a45a7528-2ba0-4bc3-913c-850122b1269f:192.168.5.156:32945], old=null
2019-08-30 07:34:42,273 [a45a7528-2ba0-4bc3-913c-850122b1269f:group-BC5BBD1BED6A:LeaderElection8] INFO  impl.LeaderElection (LeaderElection.java:askForVotes(181)) - a45a7528-2ba0-4bc3-913c-850122b1269f:group-BC5BBD1BED6A:LeaderElection8: begin an election at term 3 for -1: [acc690db-1381-479d-90ad-8aa346d73f29:192.168.5.156:37691, f20ba990-a1ec-4251-b44f-b0954e9459c1:192.168.5.156:36913, a45a7528-2ba0-4bc3-913c-850122b1269f:192.168.5.156:32945], old=null
2019-08-30 07:34:42,274 [c1f9b5f6-3f1a-4e58-b5c3-6c327452b89e:group-5E72A8F0CA12:LeaderElection10] INFO  impl.RoleInfo (RoleInfo.java:shutdownLeaderElection(134)) - c1f9b5f6-3f1a-4e58-b5c3-6c327452b89e: shutdown LeaderElection
2019-08-30 07:34:42,273 [pool-82-thread-1] INFO  ratis.ContainerStateMachine (ContainerStateMachine.java:loadSnapshot(226)) - group-C640FB00525B: The snapshot info is null. Setting the last applied indexto:(t:0, i:~)
2019-08-30 07:34:42,274 [c1f9b5f6-3f1a-4e58-b5c3-6c327452b89e:group-5E72A8F0CA12:LeaderElection10] INFO  impl.RaftServerImpl (RaftServerImpl.java:setRole(171)) - c1f9b5f6-3f1a-4e58-b5c3-6c327452b89e:group-5E72A8F0CA12 changes role from CANDIDATE to LEADER at term 1 for changeToLeader
2019-08-30 07:34:42,274 [pool-82-thread-1] INFO  server.RaftServerConfigKeys (ConfUtils.java:logGet(43)) - raft.server.leader.election.timeout = 120s (custom)
2019-08-30 07:34:42,274 [c1f9b5f6-3f1a-4e58-b5c3-6c327452b89e:group-5E72A8F0CA12:LeaderElection10] INFO  impl.RaftServerImpl (ServerState.java:setLeader(263)) - c1f9b5f6-3f1a-4e58-b5c3-6c327452b89e:group-5E72A8F0CA12 change Leader from null to c1f9b5f6-3f1a-4e58-b5c3-6c327452b89e at term 1 for becomeLeader, leader elected after 11483ms
2019-08-30 07:34:42,274 [pool-82-thread-1] INFO  server.RaftServerConfigKeys (ConfUtils.java:logGet(43)) - raft.server.log.use.memory = false (default)
2019-08-30 07:34:42,278 [c1f9b5f6-3f1a-4e58-b5c3-6c327452b89e:group-5E72A8F0CA12:LeaderElection10] INFO  server.RaftServerConfigKeys (ConfUtils.java:logGet(43)) - raft.server.staging.catchup.gap = 1000 (default)
2019-08-30 07:34:42,279 [pool-82-thread-1] INFO  server.RaftServerConfigKeys (ConfUtils.java:logGet(43)) - raft.server.log.purge.gap = 1000000 (custom)
2019-08-30 07:34:42,279 [c1f9b5f6-3f1a-4e58-b5c3-6c327452b89e:group-5E72A8F0CA12:LeaderElection10] INFO  server.RaftServerConfigKeys (ConfUtils.java:logGet(43)) - raft.server.rpc.sleep.time = 25ms (default)
2019-08-30 07:34:42,279 [pool-82-thread-1] INFO  server.RaftServerConfigKeys (ConfUtils.java:logGet(43)) - raft.server.log.appender.buffer.byte-limit = 33554432 (custom)
2019-08-30 07:34:42,279 [c1f9b5f6-3f1a-4e58-b5c3-6c327452b89e:group-5E72A8F0CA12:LeaderElection10] INFO  server.RaftServerConfigKeys (ConfUtils.java:logGet(43)) - raft.server.write.element-limit = 4096 (default)
2019-08-30 07:34:42,279 [pool-82-thread-1] INFO  server.RaftServerConfigKeys (ConfUtils.java:logGet(43)) - raft.server.log.segment.size.max = 1048576 (custom)
2019-08-30 07:34:42,279 [c1f9b5f6-3f1a-4e58-b5c3-6c327452b89e:group-5E72A8F0CA12:LeaderElection10] INFO  server.RaftServerConfigKeys (ConfUtils.java:logGet(43)) - raft.server.watch.timeout = 10s (default)
2019-08-30 07:34:42,280 [pool-82-thread-1] INFO  server.RaftServerConfigKeys (ConfUtils.java:logGet(43)) - raft.server.log.segment.cache.num.max = 2 (custom)
2019-08-30 07:34:42,280 [c1f9b5f6-3f1a-4e58-b5c3-6c327452b89e:group-5E72A8F0CA12:LeaderElection10] INFO  server.RaftServerConfigKeys (ConfUtils.java:logGet(43)) - raft.server.watch.timeout.denomination = 1s (default)
2019-08-30 07:34:42,280 [pool-82-thread-1] INFO  segmented.SegmentedRaftLogWorker (SegmentedRaftLogWorker.java:<init>(172)) - new c1f9b5f6-3f1a-4e58-b5c3-6c327452b89e-SegmentedRaftLogWorker:Storage Directory /workdir/hadoop-ozone/integration-test/target/test-dir/MiniOzoneClusterImpl-e2a0042e-8006-48d2-a527-f4f759a7d1b5/datanode-5/data/ratis/e242280e-f197-4ae3-a579-c640fb00525b for RaftStorage:Storage Directory /workdir/hadoop-ozone/integration-test/target/test-dir/MiniOzoneClusterImpl-e2a0042e-8006-48d2-a527-f4f759a7d1b5/datanode-5/data/ratis/e242280e-f197-4ae3-a579-c640fb00525b
2019-08-30 07:34:42,280 [c1f9b5f6-3f1a-4e58-b5c3-6c327452b89e:group-5E72A8F0CA12:LeaderElection10] INFO  server.RaftServerConfigKeys (ConfUtils.java:logGet(43)) - raft.server.watch.element-limit = 65536 (default)
2019-08-30 07:34:42,280 [pool-82-thread-1] INFO  server.RaftServerConfigKeys (ConfUtils.java:logGet(43)) - raft.server.log.queue.byte-limit = 2147483647 (custom)
2019-08-30 07:34:42,283 [pool-82-thread-1] INFO  server.RaftServerConfigKeys (ConfUtils.java:logGet(43)) - raft.server.log.queue.element-limit = 1024 (custom)
2019-08-30 07:34:42,284 [pool-82-thread-1] INFO  server.RaftServerConfigKeys (ConfUtils.java:logGet(43)) - raft.server.log.segment.size.max = 1048576 (custom)
2019-08-30 07:34:42,284 [c1f9b5f6-3f1a-4e58-b5c3-6c327452b89e:group-5E72A8F0CA12:LeaderElection10] INFO  impl.RoleInfo (RoleInfo.java:updateAndGet(143)) - c1f9b5f6-3f1a-4e58-b5c3-6c327452b89e: start LeaderState
2019-08-30 07:34:42,284 [pool-82-thread-1] INFO  server.RaftServerConfigKeys (ConfUtils.java:logGet(43)) - raft.server.log.preallocated.size = 16384 (custom)
2019-08-30 07:34:42,284 [pool-82-thread-1] INFO  server.RaftServerConfigKeys (ConfUtils.java:logGet(43)) - raft.server.log.write.buffer.size = 33554432 (custom)
2019-08-30 07:34:42,284 [c1f9b5f6-3f1a-4e58-b5c3-6c327452b89e:group-5E72A8F0CA12:LeaderElection10] INFO  segmented.SegmentedRaftLogWorker (SegmentedRaftLogWorker.java:startLogSegment(380)) - c1f9b5f6-3f1a-4e58-b5c3-6c327452b89e-SegmentedRaftLogWorker:Storage Directory /workdir/hadoop-ozone/integration-test/target/test-dir/MiniOzoneClusterImpl-e2a0042e-8006-48d2-a527-f4f759a7d1b5/datanode-5/data/ratis/72a0fd76-bbd2-4a3b-991f-5e72a8f0ca12: Starting segment from index:0
2019-08-30 07:34:42,284 [pool-82-thread-1] INFO  server.RaftServerConfigKeys (ConfUtils.java:logGet(43)) - raft.server.log.force.sync.num = 128 (default)
2019-08-30 07:34:42,287 [pool-82-thread-1] INFO  server.RaftServerConfigKeys (ConfUtils.java:logGet(43)) - raft.server.log.statemachine.data.sync = true (default)
2019-08-30 07:34:42,287 [c1f9b5f6-3f1a-4e58-b5c3-6c327452b89e:group-5E72A8F0CA12:LeaderElection10] INFO  impl.RaftServerImpl (ServerState.java:setRaftConf(361)) - c1f9b5f6-3f1a-4e58-b5c3-6c327452b89e:group-5E72A8F0CA12 set configuration 0: [c1f9b5f6-3f1a-4e58-b5c3-6c327452b89e:192.168.5.156:46765], old=null at 0
2019-08-30 07:34:42,287 [pool-82-thread-1] INFO  server.RaftServerConfigKeys (ConfUtils.java:logGet(43)) - raft.server.log.statemachine.data.sync.timeout = 10s (default)
2019-08-30 07:34:42,290 [pool-49-thread-1] INFO  storage.RaftStorage (RaftStorage.java:format(72)) - Storage directory /workdir/hadoop-ozone/integration-test/target/test-dir/MiniOzoneClusterImpl-e2a0042e-8006-48d2-a527-f4f759a7d1b5/datanode-2/data/ratis/08513cd7-a381-4a46-ae3e-ca76a3a1922c has been successfully formatted.
2019-08-30 07:34:42,290 [pool-38-thread-1] INFO  storage.RaftStorage (RaftStorage.java:format(72)) - Storage directory /workdir/hadoop-ozone/integration-test/target/test-dir/MiniOzoneClusterImpl-e2a0042e-8006-48d2-a527-f4f759a7d1b5/datanode-1/data/ratis/08513cd7-a381-4a46-ae3e-ca76a3a1922c has been successfully formatted.
2019-08-30 07:34:42,343 [pool-49-thread-1] INFO  ratis.ContainerStateMachine (ContainerStateMachine.java:loadSnapshot(226)) - group-CA76A3A1922C: The snapshot info is null. Setting the last applied indexto:(t:0, i:~)
2019-08-30 07:34:42,343 [pool-82-thread-1] INFO  server.RaftServerConfigKeys (ConfUtils.java:logGet(43)) - raft.server.log.statemachine.data.sync.timeout.retry = -1 (default)
2019-08-30 07:34:42,344 [pool-38-thread-1] INFO  ratis.ContainerStateMachine (ContainerStateMachine.java:loadSnapshot(226)) - group-CA76A3A1922C: The snapshot info is null. Setting the last applied indexto:(t:0, i:~)
2019-08-30 07:34:42,344 [pool-49-thread-1] INFO  server.RaftServerConfigKeys (ConfUtils.java:logGet(43)) - raft.server.leader.election.timeout = 120s (custom)
2019-08-30 07:34:42,344 [pool-38-thread-1] INFO  server.RaftServerConfigKeys (ConfUtils.java:logGet(43)) - raft.server.leader.election.timeout = 120s (custom)
2019-08-30 07:34:42,344 [pool-82-thread-1] INFO  server.RaftServerConfigKeys (ConfUtils.java:logGet(43)) - raft.server.log.statemachine.data.caching.enabled = true (custom)
2019-08-30 07:34:42,344 [pool-38-thread-1] INFO  server.RaftServerConfigKeys (ConfUtils.java:logGet(43)) - raft.server.log.use.memory = false (default)
2019-08-30 07:34:42,345 [pool-82-thread-1] INFO  segmented.SegmentedRaftLogWorker (SegmentedRaftLogWorker.java:lambda$new$0(132)) - c1f9b5f6-3f1a-4e58-b5c3-6c327452b89e-SegmentedRaftLogWorker:Storage Directory /workdir/hadoop-ozone/integration-test/target/test-dir/MiniOzoneClusterImpl-e2a0042e-8006-48d2-a527-f4f759a7d1b5/datanode-5/data/ratis/e242280e-f197-4ae3-a579-c640fb00525b: flushIndex: setUnconditionally 0 -> -1
2019-08-30 07:34:42,344 [pool-49-thread-1] INFO  server.RaftServerConfigKeys (ConfUtils.java:logGet(43)) - raft.server.log.use.memory = false (default)
2019-08-30 07:34:42,345 [pool-38-thread-1] INFO  server.RaftServerConfigKeys (ConfUtils.java:logGet(43)) - raft.server.log.purge.gap = 1000000 (custom)
2019-08-30 07:34:42,345 [pool-82-thread-1] INFO  server.RaftServerConfigKeys (ConfUtils.java:logGet(43)) - raft.server.snapshot.auto.trigger.enabled = true (custom)
2019-08-30 07:34:42,345 [pool-49-thread-1] INFO  server.RaftServerConfigKeys (ConfUtils.java:logGet(43)) - raft.server.log.purge.gap = 1000000 (custom)
2019-08-30 07:34:42,345 [pool-82-thread-1] INFO  server.RaftServerConfigKeys (ConfUtils.java:logGet(43)) - raft.server.snapshot.auto.trigger.threshold = 10000 (custom)
2019-08-30 07:34:42,345 [pool-38-thread-1] INFO  server.RaftServerConfigKeys (ConfUtils.java:logGet(43)) - raft.server.log.appender.buffer.byte-limit = 33554432 (custom)
2019-08-30 07:34:42,346 [pool-82-thread-1] INFO  server.RaftServerConfigKeys (ConfUtils.java:logGet(43)) - raft.server.retrycache.expirytime = 600000ms (custom)
2019-08-30 07:34:42,345 [pool-49-thread-1] INFO  server.RaftServerConfigKeys (ConfUtils.java:logGet(43)) - raft.server.log.appender.buffer.byte-limit = 33554432 (custom)
2019-08-30 07:34:42,346 [f20ba990-a1ec-4251-b44f-b0954e9459c1:group-BC5BBD1BED6A:LeaderElection11] INFO  impl.LeaderElection (LeaderElection.java:logAndReturn(56)) - f20ba990-a1ec-4251-b44f-b0954e9459c1:group-BC5BBD1BED6A:LeaderElection11: Election REJECTED; received 2 response(s) [f20ba990-a1ec-4251-b44f-b0954e9459c1<-acc690db-1381-479d-90ad-8aa346d73f29#0:FAIL-t3, f20ba990-a1ec-4251-b44f-b0954e9459c1<-a45a7528-2ba0-4bc3-913c-850122b1269f#0:FAIL-t3] and 0 exception(s); f20ba990-a1ec-4251-b44f-b0954e9459c1:t3, leader=null, voted=f20ba990-a1ec-4251-b44f-b0954e9459c1, raftlog=f20ba990-a1ec-4251-b44f-b0954e9459c1-SegmentedRaftLog:OPENED:c-1,f-1,i0, conf=-1: [acc690db-1381-479d-90ad-8aa346d73f29:192.168.5.156:37691, f20ba990-a1ec-4251-b44f-b0954e9459c1:192.168.5.156:36913, a45a7528-2ba0-4bc3-913c-850122b1269f:192.168.5.156:32945], old=null
2019-08-30 07:34:42,346 [pool-82-thread-1] INFO  impl.RaftServerImpl (RaftServerImpl.java:start(180)) - c1f9b5f6-3f1a-4e58-b5c3-6c327452b89e: start group-70018C5AE2E4
2019-08-30 07:34:42,346 [acc690db-1381-479d-90ad-8aa346d73f29:group-BC5BBD1BED6A:LeaderElection9] INFO  impl.LeaderElection (LeaderElection.java:logAndReturn(56)) - acc690db-1381-479d-90ad-8aa346d73f29:group-BC5BBD1BED6A:LeaderElection9: Election REJECTED; received 2 response(s) [acc690db-1381-479d-90ad-8aa346d73f29<-f20ba990-a1ec-4251-b44f-b0954e9459c1#0:FAIL-t3, acc690db-1381-479d-90ad-8aa346d73f29<-a45a7528-2ba0-4bc3-913c-850122b1269f#0:FAIL-t3] and 0 exception(s); acc690db-1381-479d-90ad-8aa346d73f29:t3, leader=null, voted=acc690db-1381-479d-90ad-8aa346d73f29, raftlog=acc690db-1381-479d-90ad-8aa346d73f29-SegmentedRaftLog:OPENED:c-1,f-1,i0, conf=-1: [acc690db-1381-479d-90ad-8aa346d73f29:192.168.5.156:37691, f20ba990-a1ec-4251-b44f-b0954e9459c1:192.168.5.156:36913, a45a7528-2ba0-4bc3-913c-850122b1269f:192.168.5.156:32945], old=null
2019-08-30 07:34:42,346 [pool-38-thread-1] INFO  server.RaftServerConfigKeys (ConfUtils.java:logGet(43)) - raft.server.log.segment.size.max = 1048576 (custom)
2019-08-30 07:34:42,349 [acc690db-1381-479d-90ad-8aa346d73f29:group-BC5BBD1BED6A:LeaderElection9] INFO  impl.RaftServerImpl (RaftServerImpl.java:setRole(171)) - acc690db-1381-479d-90ad-8aa346d73f29:group-BC5BBD1BED6A changes role from CANDIDATE to FOLLOWER at term 3 for DISCOVERED_A_NEW_TERM
2019-08-30 07:34:42,346 [pool-82-thread-1] INFO  impl.RaftServerImpl (RaftServerImpl.java:setRole(171)) - c1f9b5f6-3f1a-4e58-b5c3-6c327452b89e:group-70018C5AE2E4 changes role from null to FOLLOWER at term 0 for startAsFollower
2019-08-30 07:34:42,346 [f20ba990-a1ec-4251-b44f-b0954e9459c1:group-BC5BBD1BED6A:LeaderElection11] INFO  impl.RaftServerImpl (RaftServerImpl.java:setRole(171)) - f20ba990-a1ec-4251-b44f-b0954e9459c1:group-BC5BBD1BED6A changes role from CANDIDATE to FOLLOWER at term 3 for DISCOVERED_A_NEW_TERM
2019-08-30 07:34:42,346 [pool-49-thread-1] INFO  server.RaftServerConfigKeys (ConfUtils.java:logGet(43)) - raft.server.log.segment.size.max = 1048576 (custom)
2019-08-30 07:34:42,352 [f20ba990-a1ec-4251-b44f-b0954e9459c1:group-BC5BBD1BED6A:LeaderElection11] INFO  impl.RoleInfo (RoleInfo.java:shutdownLeaderElection(134)) - f20ba990-a1ec-4251-b44f-b0954e9459c1: shutdown LeaderElection
2019-08-30 07:34:42,352 [pool-82-thread-1] INFO  impl.RoleInfo (RoleInfo.java:updateAndGet(143)) - c1f9b5f6-3f1a-4e58-b5c3-6c327452b89e: start FollowerState
2019-08-30 07:34:42,351 [acc690db-1381-479d-90ad-8aa346d73f29:group-BC5BBD1BED6A:LeaderElection9] INFO  impl.RoleInfo (RoleInfo.java:shutdownLeaderElection(134)) - acc690db-1381-479d-90ad-8aa346d73f29: shutdown LeaderElection
2019-08-30 07:34:42,351 [pool-38-thread-1] INFO  server.RaftServerConfigKeys (ConfUtils.java:logGet(43)) - raft.server.log.segment.cache.num.max = 2 (custom)
2019-08-30 07:34:42,352 [pool-82-thread-1] INFO  util.JmxRegister (JmxRegister.java:tryRegister(44)) - Successfully registered JMX Bean with object name Ratis:service=RaftServer,group=group-70018C5AE2E4,id=c1f9b5f6-3f1a-4e58-b5c3-6c327452b89e
2019-08-30 07:34:42,352 [pool-38-thread-1] INFO  segmented.SegmentedRaftLogWorker (SegmentedRaftLogWorker.java:<init>(172)) - new a45a7528-2ba0-4bc3-913c-850122b1269f-SegmentedRaftLogWorker:Storage Directory /workdir/hadoop-ozone/integration-test/target/test-dir/MiniOzoneClusterImpl-e2a0042e-8006-48d2-a527-f4f759a7d1b5/datanode-1/data/ratis/08513cd7-a381-4a46-ae3e-ca76a3a1922c for RaftStorage:Storage Directory /workdir/hadoop-ozone/integration-test/target/test-dir/MiniOzoneClusterImpl-e2a0042e-8006-48d2-a527-f4f759a7d1b5/datanode-1/data/ratis/08513cd7-a381-4a46-ae3e-ca76a3a1922c
2019-08-30 07:34:42,352 [a45a7528-2ba0-4bc3-913c-850122b1269f:group-BC5BBD1BED6A:LeaderElection8] INFO  impl.LeaderElection (LeaderElection.java:logAndReturn(56)) - a45a7528-2ba0-4bc3-913c-850122b1269f:group-BC5BBD1BED6A:LeaderElection8: Election REJECTED; received 2 response(s) [a45a7528-2ba0-4bc3-913c-850122b1269f<-acc690db-1381-479d-90ad-8aa346d73f29#0:FAIL-t3, a45a7528-2ba0-4bc3-913c-850122b1269f<-f20ba990-a1ec-4251-b44f-b0954e9459c1#0:FAIL-t3] and 0 exception(s); a45a7528-2ba0-4bc3-913c-850122b1269f:t3, leader=null, voted=a45a7528-2ba0-4bc3-913c-850122b1269f, raftlog=a45a7528-2ba0-4bc3-913c-850122b1269f-SegmentedRaftLog:OPENED:c-1,f-1,i0, conf=-1: [acc690db-1381-479d-90ad-8aa346d73f29:192.168.5.156:37691, f20ba990-a1ec-4251-b44f-b0954e9459c1:192.168.5.156:36913, a45a7528-2ba0-4bc3-913c-850122b1269f:192.168.5.156:32945], old=null
2019-08-30 07:34:42,352 [f20ba990-a1ec-4251-b44f-b0954e9459c1:group-BC5BBD1BED6A:LeaderElection11] INFO  impl.RoleInfo (RoleInfo.java:updateAndGet(143)) - f20ba990-a1ec-4251-b44f-b0954e9459c1: start FollowerState
2019-08-30 07:34:42,352 [acc690db-1381-479d-90ad-8aa346d73f29:group-BC5BBD1BED6A:LeaderElection9] INFO  impl.RoleInfo (RoleInfo.java:updateAndGet(143)) - acc690db-1381-479d-90ad-8aa346d73f29: start FollowerState
2019-08-30 07:34:42,352 [pool-49-thread-1] INFO  server.RaftServerConfigKeys (ConfUtils.java:logGet(43)) - raft.server.log.segment.cache.num.max = 2 (custom)
2019-08-30 07:34:42,355 [a45a7528-2ba0-4bc3-913c-850122b1269f:group-BC5BBD1BED6A:LeaderElection8] INFO  impl.RaftServerImpl (RaftServerImpl.java:setRole(171)) - a45a7528-2ba0-4bc3-913c-850122b1269f:group-BC5BBD1BED6A changes role from CANDIDATE to FOLLOWER at term 3 for DISCOVERED_A_NEW_TERM
2019-08-30 07:34:42,353 [pool-38-thread-1] INFO  server.RaftServerConfigKeys (ConfUtils.java:logGet(43)) - raft.server.log.queue.byte-limit = 2147483647 (custom)
2019-08-30 07:34:42,358 [a45a7528-2ba0-4bc3-913c-850122b1269f:group-BC5BBD1BED6A:LeaderElection8] INFO  impl.RoleInfo (RoleInfo.java:shutdownLeaderElection(134)) - a45a7528-2ba0-4bc3-913c-850122b1269f: shutdown LeaderElection
2019-08-30 07:34:42,357 [pool-49-thread-1] INFO  segmented.SegmentedRaftLogWorker (SegmentedRaftLogWorker.java:<init>(172)) - new acc690db-1381-479d-90ad-8aa346d73f29-SegmentedRaftLogWorker:Storage Directory /workdir/hadoop-ozone/integration-test/target/test-dir/MiniOzoneClusterImpl-e2a0042e-8006-48d2-a527-f4f759a7d1b5/datanode-2/data/ratis/08513cd7-a381-4a46-ae3e-ca76a3a1922c for RaftStorage:Storage Directory /workdir/hadoop-ozone/integration-test/target/test-dir/MiniOzoneClusterImpl-e2a0042e-8006-48d2-a527-f4f759a7d1b5/datanode-2/data/ratis/08513cd7-a381-4a46-ae3e-ca76a3a1922c
2019-08-30 07:34:42,358 [a45a7528-2ba0-4bc3-913c-850122b1269f:group-BC5BBD1BED6A:LeaderElection8] INFO  impl.RoleInfo (RoleInfo.java:updateAndGet(143)) - a45a7528-2ba0-4bc3-913c-850122b1269f: start FollowerState
2019-08-30 07:34:42,358 [pool-38-thread-1] INFO  server.RaftServerConfigKeys (ConfUtils.java:logGet(43)) - raft.server.log.queue.element-limit = 1024 (custom)
2019-08-30 07:34:42,358 [pool-49-thread-1] INFO  server.RaftServerConfigKeys (ConfUtils.java:logGet(43)) - raft.server.log.queue.byte-limit = 2147483647 (custom)
2019-08-30 07:34:42,361 [pool-38-thread-1] INFO  server.RaftServerConfigKeys (ConfUtils.java:logGet(43)) - raft.server.log.segment.size.max = 1048576 (custom)
2019-08-30 07:34:42,361 [pool-82-thread-1] INFO  impl.RaftServerImpl (RaftServerImpl.java:<init>(93)) - c1f9b5f6-3f1a-4e58-b5c3-6c327452b89e: new RaftServerImpl for group-CA76A3A1922C:[acc690db-1381-479d-90ad-8aa346d73f29:192.168.5.156:37691, c1f9b5f6-3f1a-4e58-b5c3-6c327452b89e:192.168.5.156:46765, a45a7528-2ba0-4bc3-913c-850122b1269f:192.168.5.156:32945] with ContainerStateMachine:uninitialized
2019-08-30 07:34:42,361 [pool-49-thread-1] INFO  server.RaftServerConfigKeys (ConfUtils.java:logGet(43)) - raft.server.log.queue.element-limit = 1024 (custom)
2019-08-30 07:34:42,361 [pool-82-thread-1] INFO  server.RaftServerConfigKeys (ConfUtils.java:logGet(43)) - raft.server.rpc.timeout.min = 1s (custom)
2019-08-30 07:34:42,361 [pool-38-thread-1] INFO  server.RaftServerConfigKeys (ConfUtils.java:logGet(43)) - raft.server.log.preallocated.size = 16384 (custom)
2019-08-30 07:34:42,361 [pool-82-thread-1] INFO  server.RaftServerConfigKeys (ConfUtils.java:logGet(43)) - raft.server.rpc.timeout.max = 1200ms (custom)
2019-08-30 07:34:42,361 [pool-49-thread-1] INFO  server.RaftServerConfigKeys (ConfUtils.java:logGet(43)) - raft.server.log.segment.size.max = 1048576 (custom)
2019-08-30 07:34:42,361 [pool-82-thread-1] INFO  server.RaftServerConfigKeys (ConfUtils.java:logGet(43)) - raft.server.rpcslowness.timeout = 120s (custom)
2019-08-30 07:34:42,361 [pool-38-thread-1] INFO  server.RaftServerConfigKeys (ConfUtils.java:logGet(43)) - raft.server.log.write.buffer.size = 33554432 (custom)
2019-08-30 07:34:42,362 [pool-82-thread-1] INFO  server.RaftServerConfigKeys (ConfUtils.java:logGet(43)) - raft.server.sleep.deviation.threshold = 300 (default)
2019-08-30 07:34:42,362 [pool-82-thread-1] INFO  server.RaftServerConfigKeys (ConfUtils.java:logGet(43)) - raft.server.log.appender.install.snapshot.enabled = false (custom)
2019-08-30 07:34:42,362 [pool-49-thread-1] INFO  server.RaftServerConfigKeys (ConfUtils.java:logGet(43)) - raft.server.log.preallocated.size = 16384 (custom)
2019-08-30 07:34:42,362 [pool-82-thread-1] INFO  impl.RaftServerImpl (ServerState.java:<init>(105)) - c1f9b5f6-3f1a-4e58-b5c3-6c327452b89e:group-CA76A3A1922C ConfigurationManager, init=-1: [acc690db-1381-479d-90ad-8aa346d73f29:192.168.5.156:37691, c1f9b5f6-3f1a-4e58-b5c3-6c327452b89e:192.168.5.156:46765, a45a7528-2ba0-4bc3-913c-850122b1269f:192.168.5.156:32945], old=null, confs=<EMPTY_MAP>
2019-08-30 07:34:42,362 [pool-38-thread-1] INFO  server.RaftServerConfigKeys (ConfUtils.java:logGet(43)) - raft.server.log.force.sync.num = 128 (default)
2019-08-30 07:34:42,362 [pool-82-thread-1] INFO  server.RaftServerConfigKeys (ConfUtils.java:logGet(43)) - raft.server.storage.dir = [/workdir/hadoop-ozone/integration-test/target/test-dir/MiniOzoneClusterImpl-e2a0042e-8006-48d2-a527-f4f759a7d1b5/datanode-5/data/ratis] (custom)
2019-08-30 07:34:42,362 [pool-49-thread-1] INFO  server.RaftServerConfigKeys (ConfUtils.java:logGet(43)) - raft.server.log.write.buffer.size = 33554432 (custom)
2019-08-30 07:34:42,363 [pool-38-thread-1] INFO  server.RaftServerConfigKeys (ConfUtils.java:logGet(43)) - raft.server.log.statemachine.data.sync = true (default)
2019-08-30 07:34:42,363 [pool-82-thread-1] INFO  storage.RaftStorageDirectory (RaftStorageDirectory.java:analyzeStorage(246)) - The storage directory /workdir/hadoop-ozone/integration-test/target/test-dir/MiniOzoneClusterImpl-e2a0042e-8006-48d2-a527-f4f759a7d1b5/datanode-5/data/ratis/08513cd7-a381-4a46-ae3e-ca76a3a1922c does not exist. Creating ...
2019-08-30 07:34:42,363 [pool-38-thread-1] INFO  server.RaftServerConfigKeys (ConfUtils.java:logGet(43)) - raft.server.log.statemachine.data.sync.timeout = 10s (default)
2019-08-30 07:34:42,363 [pool-49-thread-1] INFO  server.RaftServerConfigKeys (ConfUtils.java:logGet(43)) - raft.server.log.force.sync.num = 128 (default)
2019-08-30 07:34:42,363 [pool-38-thread-1] INFO  server.RaftServerConfigKeys (ConfUtils.java:logGet(43)) - raft.server.log.statemachine.data.sync.timeout.retry = -1 (default)
2019-08-30 07:34:42,363 [pool-49-thread-1] INFO  server.RaftServerConfigKeys (ConfUtils.java:logGet(43)) - raft.server.log.statemachine.data.sync = true (default)
2019-08-30 07:34:42,364 [pool-49-thread-1] INFO  server.RaftServerConfigKeys (ConfUtils.java:logGet(43)) - raft.server.log.statemachine.data.sync.timeout = 10s (default)
2019-08-30 07:34:42,364 [pool-38-thread-1] INFO  server.RaftServerConfigKeys (ConfUtils.java:logGet(43)) - raft.server.log.statemachine.data.caching.enabled = true (custom)
2019-08-30 07:34:42,364 [pool-49-thread-1] INFO  server.RaftServerConfigKeys (ConfUtils.java:logGet(43)) - raft.server.log.statemachine.data.sync.timeout.retry = -1 (default)
2019-08-30 07:34:42,364 [pool-49-thread-1] INFO  server.RaftServerConfigKeys (ConfUtils.java:logGet(43)) - raft.server.log.statemachine.data.caching.enabled = true (custom)
2019-08-30 07:34:42,365 [pool-49-thread-1] INFO  segmented.SegmentedRaftLogWorker (SegmentedRaftLogWorker.java:lambda$new$0(132)) - acc690db-1381-479d-90ad-8aa346d73f29-SegmentedRaftLogWorker:Storage Directory /workdir/hadoop-ozone/integration-test/target/test-dir/MiniOzoneClusterImpl-e2a0042e-8006-48d2-a527-f4f759a7d1b5/datanode-2/data/ratis/08513cd7-a381-4a46-ae3e-ca76a3a1922c: flushIndex: setUnconditionally 0 -> -1
2019-08-30 07:34:42,365 [pool-38-thread-1] INFO  segmented.SegmentedRaftLogWorker (SegmentedRaftLogWorker.java:lambda$new$0(132)) - a45a7528-2ba0-4bc3-913c-850122b1269f-SegmentedRaftLogWorker:Storage Directory /workdir/hadoop-ozone/integration-test/target/test-dir/MiniOzoneClusterImpl-e2a0042e-8006-48d2-a527-f4f759a7d1b5/datanode-1/data/ratis/08513cd7-a381-4a46-ae3e-ca76a3a1922c: flushIndex: setUnconditionally 0 -> -1
2019-08-30 07:34:42,365 [pool-49-thread-1] INFO  server.RaftServerConfigKeys (ConfUtils.java:logGet(43)) - raft.server.snapshot.auto.trigger.enabled = true (custom)
2019-08-30 07:34:42,366 [pool-49-thread-1] INFO  server.RaftServerConfigKeys (ConfUtils.java:logGet(43)) - raft.server.snapshot.auto.trigger.threshold = 10000 (custom)
2019-08-30 07:34:42,366 [pool-38-thread-1] INFO  server.RaftServerConfigKeys (ConfUtils.java:logGet(43)) - raft.server.snapshot.auto.trigger.enabled = true (custom)
2019-08-30 07:34:42,366 [pool-49-thread-1] INFO  server.RaftServerConfigKeys (ConfUtils.java:logGet(43)) - raft.server.retrycache.expirytime = 600000ms (custom)
2019-08-30 07:34:42,366 [pool-38-thread-1] INFO  server.RaftServerConfigKeys (ConfUtils.java:logGet(43)) - raft.server.snapshot.auto.trigger.threshold = 10000 (custom)
2019-08-30 07:34:42,366 [pool-38-thread-1] INFO  server.RaftServerConfigKeys (ConfUtils.java:logGet(43)) - raft.server.retrycache.expirytime = 600000ms (custom)
2019-08-30 07:34:42,367 [pool-49-thread-1] INFO  impl.RaftServerImpl (RaftServerImpl.java:<init>(93)) - acc690db-1381-479d-90ad-8aa346d73f29: new RaftServerImpl for group-F9B49111EF33:[acc690db-1381-479d-90ad-8aa346d73f29:192.168.5.156:37691, c1f9b5f6-3f1a-4e58-b5c3-6c327452b89e:192.168.5.156:46765, a45a7528-2ba0-4bc3-913c-850122b1269f:192.168.5.156:32945] with ContainerStateMachine:uninitialized
2019-08-30 07:34:42,367 [pool-49-thread-1] INFO  server.RaftServerConfigKeys (ConfUtils.java:logGet(43)) - raft.server.rpc.timeout.min = 1s (custom)
2019-08-30 07:34:42,367 [pool-49-thread-1] INFO  server.RaftServerConfigKeys (ConfUtils.java:logGet(43)) - raft.server.rpc.timeout.max = 1200ms (custom)
2019-08-30 07:34:42,367 [pool-49-thread-1] INFO  server.RaftServerConfigKeys (ConfUtils.java:logGet(43)) - raft.server.rpcslowness.timeout = 120s (custom)
2019-08-30 07:34:42,367 [pool-49-thread-1] INFO  server.RaftServerConfigKeys (ConfUtils.java:logGet(43)) - raft.server.sleep.deviation.threshold = 300 (default)
2019-08-30 07:34:42,368 [pool-49-thread-1] INFO  server.RaftServerConfigKeys (ConfUtils.java:logGet(43)) - raft.server.log.appender.install.snapshot.enabled = false (custom)
2019-08-30 07:34:42,368 [pool-49-thread-1] INFO  impl.RaftServerImpl (ServerState.java:<init>(105)) - acc690db-1381-479d-90ad-8aa346d73f29:group-F9B49111EF33 ConfigurationManager, init=-1: [acc690db-1381-479d-90ad-8aa346d73f29:192.168.5.156:37691, c1f9b5f6-3f1a-4e58-b5c3-6c327452b89e:192.168.5.156:46765, a45a7528-2ba0-4bc3-913c-850122b1269f:192.168.5.156:32945], old=null, confs=<EMPTY_MAP>
2019-08-30 07:34:42,368 [pool-49-thread-1] INFO  server.RaftServerConfigKeys (ConfUtils.java:logGet(43)) - raft.server.storage.dir = [/workdir/hadoop-ozone/integration-test/target/test-dir/MiniOzoneClusterImpl-e2a0042e-8006-48d2-a527-f4f759a7d1b5/datanode-2/data/ratis] (custom)
2019-08-30 07:34:42,368 [pool-49-thread-1] INFO  storage.RaftStorageDirectory (RaftStorageDirectory.java:analyzeStorage(246)) - The storage directory /workdir/hadoop-ozone/integration-test/target/test-dir/MiniOzoneClusterImpl-e2a0042e-8006-48d2-a527-f4f759a7d1b5/datanode-2/data/ratis/a431161b-4607-4a9c-92c2-f9b49111ef33 does not exist. Creating ...
2019-08-30 07:34:42,368 [pool-38-thread-1] INFO  impl.RaftServerImpl (RaftServerImpl.java:<init>(93)) - a45a7528-2ba0-4bc3-913c-850122b1269f: new RaftServerImpl for group-F9B49111EF33:[acc690db-1381-479d-90ad-8aa346d73f29:192.168.5.156:37691, c1f9b5f6-3f1a-4e58-b5c3-6c327452b89e:192.168.5.156:46765, a45a7528-2ba0-4bc3-913c-850122b1269f:192.168.5.156:32945] with ContainerStateMachine:uninitialized
2019-08-30 07:34:42,368 [pool-38-thread-1] INFO  server.RaftServerConfigKeys (ConfUtils.java:logGet(43)) - raft.server.rpc.timeout.min = 1s (custom)
2019-08-30 07:34:42,369 [pool-38-thread-1] INFO  server.RaftServerConfigKeys (ConfUtils.java:logGet(43)) - raft.server.rpc.timeout.max = 1200ms (custom)
2019-08-30 07:34:42,369 [pool-38-thread-1] INFO  server.RaftServerConfigKeys (ConfUtils.java:logGet(43)) - raft.server.rpcslowness.timeout = 120s (custom)
2019-08-30 07:34:42,369 [pool-38-thread-1] INFO  server.RaftServerConfigKeys (ConfUtils.java:logGet(43)) - raft.server.sleep.deviation.threshold = 300 (default)
2019-08-30 07:34:42,369 [pool-38-thread-1] INFO  server.RaftServerConfigKeys (ConfUtils.java:logGet(43)) - raft.server.log.appender.install.snapshot.enabled = false (custom)
2019-08-30 07:34:42,369 [pool-38-thread-1] INFO  impl.RaftServerImpl (ServerState.java:<init>(105)) - a45a7528-2ba0-4bc3-913c-850122b1269f:group-F9B49111EF33 ConfigurationManager, init=-1: [acc690db-1381-479d-90ad-8aa346d73f29:192.168.5.156:37691, c1f9b5f6-3f1a-4e58-b5c3-6c327452b89e:192.168.5.156:46765, a45a7528-2ba0-4bc3-913c-850122b1269f:192.168.5.156:32945], old=null, confs=<EMPTY_MAP>
2019-08-30 07:34:42,370 [pool-38-thread-1] INFO  server.RaftServerConfigKeys (ConfUtils.java:logGet(43)) - raft.server.storage.dir = [/workdir/hadoop-ozone/integration-test/target/test-dir/MiniOzoneClusterImpl-e2a0042e-8006-48d2-a527-f4f759a7d1b5/datanode-1/data/ratis] (custom)
2019-08-30 07:34:42,370 [pool-38-thread-1] INFO  storage.RaftStorageDirectory (RaftStorageDirectory.java:analyzeStorage(246)) - The storage directory /workdir/hadoop-ozone/integration-test/target/test-dir/MiniOzoneClusterImpl-e2a0042e-8006-48d2-a527-f4f759a7d1b5/datanode-1/data/ratis/a431161b-4607-4a9c-92c2-f9b49111ef33 does not exist. Creating ...
2019-08-30 07:34:42,381 [c1f9b5f6-3f1a-4e58-b5c3-6c327452b89e-SegmentedRaftLogWorker:Storage Directory /workdir/hadoop-ozone/integration-test/target/test-dir/MiniOzoneClusterImpl-e2a0042e-8006-48d2-a527-f4f759a7d1b5/datanode-5/data/ratis/72a0fd76-bbd2-4a3b-991f-5e72a8f0ca12] INFO  segmented.SegmentedRaftLogWorker (SegmentedRaftLogWorker.java:execute(569)) - c1f9b5f6-3f1a-4e58-b5c3-6c327452b89e-SegmentedRaftLogWorker:Storage Directory /workdir/hadoop-ozone/integration-test/target/test-dir/MiniOzoneClusterImpl-e2a0042e-8006-48d2-a527-f4f759a7d1b5/datanode-5/data/ratis/72a0fd76-bbd2-4a3b-991f-5e72a8f0ca12: created new log segment /workdir/hadoop-ozone/integration-test/target/test-dir/MiniOzoneClusterImpl-e2a0042e-8006-48d2-a527-f4f759a7d1b5/datanode-5/data/ratis/72a0fd76-bbd2-4a3b-991f-5e72a8f0ca12/current/log_inprogress_0
2019-08-30 07:34:42,384 [pool-82-thread-1] INFO  storage.RaftStorageDirectory (RaftStorageDirectory.java:tryLock(328)) - Lock on /workdir/hadoop-ozone/integration-test/target/test-dir/MiniOzoneClusterImpl-e2a0042e-8006-48d2-a527-f4f759a7d1b5/datanode-5/data/ratis/08513cd7-a381-4a46-ae3e-ca76a3a1922c/in_use.lock acquired by nodename 30688@pr-hdds-1569-5th2c-4253854396
2019-08-30 07:34:42,384 [pool-49-thread-1] INFO  storage.RaftStorageDirectory (RaftStorageDirectory.java:tryLock(328)) - Lock on /workdir/hadoop-ozone/integration-test/target/test-dir/MiniOzoneClusterImpl-e2a0042e-8006-48d2-a527-f4f759a7d1b5/datanode-2/data/ratis/a431161b-4607-4a9c-92c2-f9b49111ef33/in_use.lock acquired by nodename 30688@pr-hdds-1569-5th2c-4253854396
2019-08-30 07:34:42,384 [pool-38-thread-1] INFO  storage.RaftStorageDirectory (RaftStorageDirectory.java:tryLock(328)) - Lock on /workdir/hadoop-ozone/integration-test/target/test-dir/MiniOzoneClusterImpl-e2a0042e-8006-48d2-a527-f4f759a7d1b5/datanode-1/data/ratis/a431161b-4607-4a9c-92c2-f9b49111ef33/in_use.lock acquired by nodename 30688@pr-hdds-1569-5th2c-4253854396
2019-08-30 07:34:42,404 | INFO  | SCMAudit | user=jenkins1000 | ip=192.168.5.156 | op=SEND_HEARTBEAT {datanodeUUID=a45a7528-2ba0-4bc3-913c-850122b1269f, command=[]} | ret=SUCCESS |  
2019-08-30 07:34:42,413 | INFO  | SCMAudit | user=jenkins1000 | ip=192.168.5.156 | op=SEND_HEARTBEAT {datanodeUUID=28af1cec-03f6-4f1e-ae7b-b0964308b7ec, command=[]} | ret=SUCCESS |  
2019-08-30 07:34:42,467 [pool-38-thread-1] INFO  storage.RaftStorage (RaftStorage.java:format(72)) - Storage directory /workdir/hadoop-ozone/integration-test/target/test-dir/MiniOzoneClusterImpl-e2a0042e-8006-48d2-a527-f4f759a7d1b5/datanode-1/data/ratis/a431161b-4607-4a9c-92c2-f9b49111ef33 has been successfully formatted.
2019-08-30 07:34:42,467 [pool-82-thread-1] INFO  storage.RaftStorage (RaftStorage.java:format(72)) - Storage directory /workdir/hadoop-ozone/integration-test/target/test-dir/MiniOzoneClusterImpl-e2a0042e-8006-48d2-a527-f4f759a7d1b5/datanode-5/data/ratis/08513cd7-a381-4a46-ae3e-ca76a3a1922c has been successfully formatted.
2019-08-30 07:34:42,467 [pool-49-thread-1] INFO  storage.RaftStorage (RaftStorage.java:format(72)) - Storage directory /workdir/hadoop-ozone/integration-test/target/test-dir/MiniOzoneClusterImpl-e2a0042e-8006-48d2-a527-f4f759a7d1b5/datanode-2/data/ratis/a431161b-4607-4a9c-92c2-f9b49111ef33 has been successfully formatted.
2019-08-30 07:34:42,468 [pool-38-thread-1] INFO  ratis.ContainerStateMachine (ContainerStateMachine.java:loadSnapshot(226)) - group-F9B49111EF33: The snapshot info is null. Setting the last applied indexto:(t:0, i:~)
2019-08-30 07:34:42,468 [pool-82-thread-1] INFO  ratis.ContainerStateMachine (ContainerStateMachine.java:loadSnapshot(226)) - group-CA76A3A1922C: The snapshot info is null. Setting the last applied indexto:(t:0, i:~)
2019-08-30 07:34:42,468 [pool-38-thread-1] INFO  server.RaftServerConfigKeys (ConfUtils.java:logGet(43)) - raft.server.leader.election.timeout = 120s (custom)
2019-08-30 07:34:42,468 [pool-49-thread-1] INFO  ratis.ContainerStateMachine (ContainerStateMachine.java:loadSnapshot(226)) - group-F9B49111EF33: The snapshot info is null. Setting the last applied indexto:(t:0, i:~)
2019-08-30 07:34:42,468 [pool-38-thread-1] INFO  server.RaftServerConfigKeys (ConfUtils.java:logGet(43)) - raft.server.log.use.memory = false (default)
2019-08-30 07:34:42,468 [pool-82-thread-1] INFO  server.RaftServerConfigKeys (ConfUtils.java:logGet(43)) - raft.server.leader.election.timeout = 120s (custom)
2019-08-30 07:34:42,469 [pool-38-thread-1] INFO  server.RaftServerConfigKeys (ConfUtils.java:logGet(43)) - raft.server.log.purge.gap = 1000000 (custom)
2019-08-30 07:34:42,469 [pool-49-thread-1] INFO  server.RaftServerConfigKeys (ConfUtils.java:logGet(43)) - raft.server.leader.election.timeout = 120s (custom)
2019-08-30 07:34:42,469 [pool-38-thread-1] INFO  server.RaftServerConfigKeys (ConfUtils.java:logGet(43)) - raft.server.log.appender.buffer.byte-limit = 33554432 (custom)
2019-08-30 07:34:42,469 [pool-82-thread-1] INFO  server.RaftServerConfigKeys (ConfUtils.java:logGet(43)) - raft.server.log.use.memory = false (default)
2019-08-30 07:34:42,469 [pool-38-thread-1] INFO  server.RaftServerConfigKeys (ConfUtils.java:logGet(43)) - raft.server.log.segment.size.max = 1048576 (custom)
2019-08-30 07:34:42,469 [pool-49-thread-1] INFO  server.RaftServerConfigKeys (ConfUtils.java:logGet(43)) - raft.server.log.use.memory = false (default)
2019-08-30 07:34:42,470 [pool-38-thread-1] INFO  server.RaftServerConfigKeys (ConfUtils.java:logGet(43)) - raft.server.log.segment.cache.num.max = 2 (custom)
2019-08-30 07:34:42,469 [pool-82-thread-1] INFO  server.RaftServerConfigKeys (ConfUtils.java:logGet(43)) - raft.server.log.purge.gap = 1000000 (custom)
2019-08-30 07:34:42,470 [pool-38-thread-1] INFO  segmented.SegmentedRaftLogWorker (SegmentedRaftLogWorker.java:<init>(172)) - new a45a7528-2ba0-4bc3-913c-850122b1269f-SegmentedRaftLogWorker:Storage Directory /workdir/hadoop-ozone/integration-test/target/test-dir/MiniOzoneClusterImpl-e2a0042e-8006-48d2-a527-f4f759a7d1b5/datanode-1/data/ratis/a431161b-4607-4a9c-92c2-f9b49111ef33 for RaftStorage:Storage Directory /workdir/hadoop-ozone/integration-test/target/test-dir/MiniOzoneClusterImpl-e2a0042e-8006-48d2-a527-f4f759a7d1b5/datanode-1/data/ratis/a431161b-4607-4a9c-92c2-f9b49111ef33
2019-08-30 07:34:42,470 [pool-49-thread-1] INFO  server.RaftServerConfigKeys (ConfUtils.java:logGet(43)) - raft.server.log.purge.gap = 1000000 (custom)
2019-08-30 07:34:42,470 [pool-38-thread-1] INFO  server.RaftServerConfigKeys (ConfUtils.java:logGet(43)) - raft.server.log.queue.byte-limit = 2147483647 (custom)
2019-08-30 07:34:42,470 [pool-82-thread-1] INFO  server.RaftServerConfigKeys (ConfUtils.java:logGet(43)) - raft.server.log.appender.buffer.byte-limit = 33554432 (custom)
2019-08-30 07:34:42,474 [pool-38-thread-1] INFO  server.RaftServerConfigKeys (ConfUtils.java:logGet(43)) - raft.server.log.queue.element-limit = 1024 (custom)
2019-08-30 07:34:42,470 [pool-49-thread-1] INFO  server.RaftServerConfigKeys (ConfUtils.java:logGet(43)) - raft.server.log.appender.buffer.byte-limit = 33554432 (custom)
2019-08-30 07:34:42,474 [pool-38-thread-1] INFO  server.RaftServerConfigKeys (ConfUtils.java:logGet(43)) - raft.server.log.segment.size.max = 1048576 (custom)
2019-08-30 07:34:42,474 [pool-82-thread-1] INFO  server.RaftServerConfigKeys (ConfUtils.java:logGet(43)) - raft.server.log.segment.size.max = 1048576 (custom)
2019-08-30 07:34:42,475 [pool-38-thread-1] INFO  server.RaftServerConfigKeys (ConfUtils.java:logGet(43)) - raft.server.log.preallocated.size = 16384 (custom)
2019-08-30 07:34:42,475 [pool-49-thread-1] INFO  server.RaftServerConfigKeys (ConfUtils.java:logGet(43)) - raft.server.log.segment.size.max = 1048576 (custom)
2019-08-30 07:34:42,475 [pool-38-thread-1] INFO  server.RaftServerConfigKeys (ConfUtils.java:logGet(43)) - raft.server.log.write.buffer.size = 33554432 (custom)
2019-08-30 07:34:42,475 [pool-82-thread-1] INFO  server.RaftServerConfigKeys (ConfUtils.java:logGet(43)) - raft.server.log.segment.cache.num.max = 2 (custom)
2019-08-30 07:34:42,475 [pool-38-thread-1] INFO  server.RaftServerConfigKeys (ConfUtils.java:logGet(43)) - raft.server.log.force.sync.num = 128 (default)
2019-08-30 07:34:42,475 [pool-49-thread-1] INFO  server.RaftServerConfigKeys (ConfUtils.java:logGet(43)) - raft.server.log.segment.cache.num.max = 2 (custom)
2019-08-30 07:34:42,476 [pool-38-thread-1] INFO  server.RaftServerConfigKeys (ConfUtils.java:logGet(43)) - raft.server.log.statemachine.data.sync = true (default)
2019-08-30 07:34:42,476 [pool-82-thread-1] INFO  segmented.SegmentedRaftLogWorker (SegmentedRaftLogWorker.java:<init>(172)) - new c1f9b5f6-3f1a-4e58-b5c3-6c327452b89e-SegmentedRaftLogWorker:Storage Directory /workdir/hadoop-ozone/integration-test/target/test-dir/MiniOzoneClusterImpl-e2a0042e-8006-48d2-a527-f4f759a7d1b5/datanode-5/data/ratis/08513cd7-a381-4a46-ae3e-ca76a3a1922c for RaftStorage:Storage Directory /workdir/hadoop-ozone/integration-test/target/test-dir/MiniOzoneClusterImpl-e2a0042e-8006-48d2-a527-f4f759a7d1b5/datanode-5/data/ratis/08513cd7-a381-4a46-ae3e-ca76a3a1922c
2019-08-30 07:34:42,476 [pool-38-thread-1] INFO  server.RaftServerConfigKeys (ConfUtils.java:logGet(43)) - raft.server.log.statemachine.data.sync.timeout = 10s (default)
2019-08-30 07:34:42,476 [pool-49-thread-1] INFO  segmented.SegmentedRaftLogWorker (SegmentedRaftLogWorker.java:<init>(172)) - new acc690db-1381-479d-90ad-8aa346d73f29-SegmentedRaftLogWorker:Storage Directory /workdir/hadoop-ozone/integration-test/target/test-dir/MiniOzoneClusterImpl-e2a0042e-8006-48d2-a527-f4f759a7d1b5/datanode-2/data/ratis/a431161b-4607-4a9c-92c2-f9b49111ef33 for RaftStorage:Storage Directory /workdir/hadoop-ozone/integration-test/target/test-dir/MiniOzoneClusterImpl-e2a0042e-8006-48d2-a527-f4f759a7d1b5/datanode-2/data/ratis/a431161b-4607-4a9c-92c2-f9b49111ef33
2019-08-30 07:34:42,476 [pool-38-thread-1] INFO  server.RaftServerConfigKeys (ConfUtils.java:logGet(43)) - raft.server.log.statemachine.data.sync.timeout.retry = -1 (default)
2019-08-30 07:34:42,476 [pool-82-thread-1] INFO  server.RaftServerConfigKeys (ConfUtils.java:logGet(43)) - raft.server.log.queue.byte-limit = 2147483647 (custom)
2019-08-30 07:34:42,481 [pool-38-thread-1] INFO  server.RaftServerConfigKeys (ConfUtils.java:logGet(43)) - raft.server.log.statemachine.data.caching.enabled = true (custom)
2019-08-30 07:34:42,479 [pool-49-thread-1] INFO  server.RaftServerConfigKeys (ConfUtils.java:logGet(43)) - raft.server.log.queue.byte-limit = 2147483647 (custom)
2019-08-30 07:34:42,481 [pool-38-thread-1] INFO  segmented.SegmentedRaftLogWorker (SegmentedRaftLogWorker.java:lambda$new$0(132)) - a45a7528-2ba0-4bc3-913c-850122b1269f-SegmentedRaftLogWorker:Storage Directory /workdir/hadoop-ozone/integration-test/target/test-dir/MiniOzoneClusterImpl-e2a0042e-8006-48d2-a527-f4f759a7d1b5/datanode-1/data/ratis/a431161b-4607-4a9c-92c2-f9b49111ef33: flushIndex: setUnconditionally 0 -> -1
2019-08-30 07:34:42,481 [pool-82-thread-1] INFO  server.RaftServerConfigKeys (ConfUtils.java:logGet(43)) - raft.server.log.queue.element-limit = 1024 (custom)
2019-08-30 07:34:42,481 [pool-49-thread-1] INFO  server.RaftServerConfigKeys (ConfUtils.java:logGet(43)) - raft.server.log.queue.element-limit = 1024 (custom)
2019-08-30 07:34:42,482 [pool-82-thread-1] INFO  server.RaftServerConfigKeys (ConfUtils.java:logGet(43)) - raft.server.log.segment.size.max = 1048576 (custom)
2019-08-30 07:34:42,482 [pool-38-thread-1] INFO  server.RaftServerConfigKeys (ConfUtils.java:logGet(43)) - raft.server.snapshot.auto.trigger.enabled = true (custom)
2019-08-30 07:34:42,482 [pool-82-thread-1] INFO  server.RaftServerConfigKeys (ConfUtils.java:logGet(43)) - raft.server.log.preallocated.size = 16384 (custom)
2019-08-30 07:34:42,482 [pool-49-thread-1] INFO  server.RaftServerConfigKeys (ConfUtils.java:logGet(43)) - raft.server.log.segment.size.max = 1048576 (custom)
2019-08-30 07:34:42,482 [pool-82-thread-1] INFO  server.RaftServerConfigKeys (ConfUtils.java:logGet(43)) - raft.server.log.write.buffer.size = 33554432 (custom)
2019-08-30 07:34:42,482 [pool-38-thread-1] INFO  server.RaftServerConfigKeys (ConfUtils.java:logGet(43)) - raft.server.snapshot.auto.trigger.threshold = 10000 (custom)
2019-08-30 07:34:42,483 [pool-82-thread-1] INFO  server.RaftServerConfigKeys (ConfUtils.java:logGet(43)) - raft.server.log.force.sync.num = 128 (default)
2019-08-30 07:34:42,483 [pool-49-thread-1] INFO  server.RaftServerConfigKeys (ConfUtils.java:logGet(43)) - raft.server.log.preallocated.size = 16384 (custom)
2019-08-30 07:34:42,483 [pool-82-thread-1] INFO  server.RaftServerConfigKeys (ConfUtils.java:logGet(43)) - raft.server.log.statemachine.data.sync = true (default)
2019-08-30 07:34:42,483 [pool-38-thread-1] INFO  server.RaftServerConfigKeys (ConfUtils.java:logGet(43)) - raft.server.retrycache.expirytime = 600000ms (custom)
2019-08-30 07:34:42,483 [pool-82-thread-1] INFO  server.RaftServerConfigKeys (ConfUtils.java:logGet(43)) - raft.server.log.statemachine.data.sync.timeout = 10s (default)
2019-08-30 07:34:42,483 [pool-49-thread-1] INFO  server.RaftServerConfigKeys (ConfUtils.java:logGet(43)) - raft.server.log.write.buffer.size = 33554432 (custom)
2019-08-30 07:34:42,484 [pool-82-thread-1] INFO  server.RaftServerConfigKeys (ConfUtils.java:logGet(43)) - raft.server.log.statemachine.data.sync.timeout.retry = -1 (default)
2019-08-30 07:34:42,483 [pool-38-thread-1] INFO  impl.RaftServerImpl (RaftServerImpl.java:start(180)) - a45a7528-2ba0-4bc3-913c-850122b1269f: start group-976E926B68E9
2019-08-30 07:34:42,484 [pool-49-thread-1] INFO  server.RaftServerConfigKeys (ConfUtils.java:logGet(43)) - raft.server.log.force.sync.num = 128 (default)
2019-08-30 07:34:42,484 [pool-38-thread-1] INFO  impl.RaftServerImpl (RaftServerImpl.java:setRole(171)) - a45a7528-2ba0-4bc3-913c-850122b1269f:group-976E926B68E9 changes role from null to FOLLOWER at term 0 for startAsFollower
2019-08-30 07:34:42,484 [pool-82-thread-1] INFO  server.RaftServerConfigKeys (ConfUtils.java:logGet(43)) - raft.server.log.statemachine.data.caching.enabled = true (custom)
2019-08-30 07:34:42,484 [pool-38-thread-1] INFO  impl.RoleInfo (RoleInfo.java:updateAndGet(143)) - a45a7528-2ba0-4bc3-913c-850122b1269f: start FollowerState
2019-08-30 07:34:42,484 [pool-49-thread-1] INFO  server.RaftServerConfigKeys (ConfUtils.java:logGet(43)) - raft.server.log.statemachine.data.sync = true (default)
2019-08-30 07:34:42,485 [pool-82-thread-1] INFO  segmented.SegmentedRaftLogWorker (SegmentedRaftLogWorker.java:lambda$new$0(132)) - c1f9b5f6-3f1a-4e58-b5c3-6c327452b89e-SegmentedRaftLogWorker:Storage Directory /workdir/hadoop-ozone/integration-test/target/test-dir/MiniOzoneClusterImpl-e2a0042e-8006-48d2-a527-f4f759a7d1b5/datanode-5/data/ratis/08513cd7-a381-4a46-ae3e-ca76a3a1922c: flushIndex: setUnconditionally 0 -> -1
2019-08-30 07:34:42,485 [pool-38-thread-1] INFO  util.JmxRegister (JmxRegister.java:tryRegister(44)) - Successfully registered JMX Bean with object name Ratis:service=RaftServer,group=group-976E926B68E9,id=a45a7528-2ba0-4bc3-913c-850122b1269f
2019-08-30 07:34:42,485 [pool-49-thread-1] INFO  server.RaftServerConfigKeys (ConfUtils.java:logGet(43)) - raft.server.log.statemachine.data.sync.timeout = 10s (default)
2019-08-30 07:34:42,485 [pool-82-thread-1] INFO  server.RaftServerConfigKeys (ConfUtils.java:logGet(43)) - raft.server.snapshot.auto.trigger.enabled = true (custom)
2019-08-30 07:34:42,485 [pool-49-thread-1] INFO  server.RaftServerConfigKeys (ConfUtils.java:logGet(43)) - raft.server.log.statemachine.data.sync.timeout.retry = -1 (default)
2019-08-30 07:34:42,485 [pool-82-thread-1] INFO  server.RaftServerConfigKeys (ConfUtils.java:logGet(43)) - raft.server.snapshot.auto.trigger.threshold = 10000 (custom)
2019-08-30 07:34:42,485 [pool-38-thread-1] INFO  impl.RaftServerImpl (RaftServerImpl.java:start(180)) - a45a7528-2ba0-4bc3-913c-850122b1269f: start group-C640FB00525B
2019-08-30 07:34:42,486 [pool-49-thread-1] INFO  server.RaftServerConfigKeys (ConfUtils.java:logGet(43)) - raft.server.log.statemachine.data.caching.enabled = true (custom)
2019-08-30 07:34:42,486 [pool-38-thread-1] INFO  impl.RaftServerImpl (RaftServerImpl.java:setRole(171)) - a45a7528-2ba0-4bc3-913c-850122b1269f:group-C640FB00525B changes role from null to FOLLOWER at term 0 for startAsFollower
2019-08-30 07:34:42,486 [pool-82-thread-1] INFO  server.RaftServerConfigKeys (ConfUtils.java:logGet(43)) - raft.server.retrycache.expirytime = 600000ms (custom)
2019-08-30 07:34:42,486 [pool-49-thread-1] INFO  segmented.SegmentedRaftLogWorker (SegmentedRaftLogWorker.java:lambda$new$0(132)) - acc690db-1381-479d-90ad-8aa346d73f29-SegmentedRaftLogWorker:Storage Directory /workdir/hadoop-ozone/integration-test/target/test-dir/MiniOzoneClusterImpl-e2a0042e-8006-48d2-a527-f4f759a7d1b5/datanode-2/data/ratis/a431161b-4607-4a9c-92c2-f9b49111ef33: flushIndex: setUnconditionally 0 -> -1
2019-08-30 07:34:42,486 [pool-38-thread-1] INFO  impl.RoleInfo (RoleInfo.java:updateAndGet(143)) - a45a7528-2ba0-4bc3-913c-850122b1269f: start FollowerState
2019-08-30 07:34:42,487 [pool-49-thread-1] INFO  server.RaftServerConfigKeys (ConfUtils.java:logGet(43)) - raft.server.snapshot.auto.trigger.enabled = true (custom)
2019-08-30 07:34:42,487 [pool-38-thread-1] INFO  util.JmxRegister (JmxRegister.java:tryRegister(44)) - Successfully registered JMX Bean with object name Ratis:service=RaftServer,group=group-C640FB00525B,id=a45a7528-2ba0-4bc3-913c-850122b1269f
2019-08-30 07:34:42,487 [pool-49-thread-1] INFO  server.RaftServerConfigKeys (ConfUtils.java:logGet(43)) - raft.server.snapshot.auto.trigger.threshold = 10000 (custom)
2019-08-30 07:34:42,487 [pool-49-thread-1] INFO  server.RaftServerConfigKeys (ConfUtils.java:logGet(43)) - raft.server.retrycache.expirytime = 600000ms (custom)
2019-08-30 07:34:42,487 [pool-49-thread-1] INFO  impl.RaftServerImpl (RaftServerImpl.java:start(180)) - acc690db-1381-479d-90ad-8aa346d73f29: start group-976E926B68E9
2019-08-30 07:34:42,488 [pool-49-thread-1] INFO  impl.RaftServerImpl (RaftServerImpl.java:setRole(171)) - acc690db-1381-479d-90ad-8aa346d73f29:group-976E926B68E9 changes role from null to FOLLOWER at term 0 for startAsFollower
2019-08-30 07:34:42,488 [pool-49-thread-1] INFO  impl.RoleInfo (RoleInfo.java:updateAndGet(143)) - acc690db-1381-479d-90ad-8aa346d73f29: start FollowerState
2019-08-30 07:34:42,488 [pool-49-thread-1] INFO  util.JmxRegister (JmxRegister.java:tryRegister(44)) - Successfully registered JMX Bean with object name Ratis:service=RaftServer,group=group-976E926B68E9,id=acc690db-1381-479d-90ad-8aa346d73f29
2019-08-30 07:34:42,488 [pool-82-thread-1] INFO  impl.RaftServerImpl (RaftServerImpl.java:<init>(93)) - c1f9b5f6-3f1a-4e58-b5c3-6c327452b89e: new RaftServerImpl for group-F9B49111EF33:[acc690db-1381-479d-90ad-8aa346d73f29:192.168.5.156:37691, c1f9b5f6-3f1a-4e58-b5c3-6c327452b89e:192.168.5.156:46765, a45a7528-2ba0-4bc3-913c-850122b1269f:192.168.5.156:32945] with ContainerStateMachine:uninitialized
2019-08-30 07:34:42,489 [pool-82-thread-1] INFO  server.RaftServerConfigKeys (ConfUtils.java:logGet(43)) - raft.server.rpc.timeout.min = 1s (custom)
2019-08-30 07:34:42,489 [pool-49-thread-1] INFO  impl.RaftServerImpl (RaftServerImpl.java:start(180)) - acc690db-1381-479d-90ad-8aa346d73f29: start group-C640FB00525B
2019-08-30 07:34:42,489 [pool-82-thread-1] INFO  server.RaftServerConfigKeys (ConfUtils.java:logGet(43)) - raft.server.rpc.timeout.max = 1200ms (custom)
2019-08-30 07:34:42,489 [pool-49-thread-1] INFO  impl.RaftServerImpl (RaftServerImpl.java:setRole(171)) - acc690db-1381-479d-90ad-8aa346d73f29:group-C640FB00525B changes role from null to FOLLOWER at term 0 for startAsFollower
2019-08-30 07:34:42,489 [pool-38-thread-1] INFO  impl.RaftServerImpl (RaftServerImpl.java:<init>(93)) - a45a7528-2ba0-4bc3-913c-850122b1269f: new RaftServerImpl for group-186677E0C462:[acc690db-1381-479d-90ad-8aa346d73f29:192.168.5.156:37691, c1f9b5f6-3f1a-4e58-b5c3-6c327452b89e:192.168.5.156:46765, a45a7528-2ba0-4bc3-913c-850122b1269f:192.168.5.156:32945] with ContainerStateMachine:uninitialized
2019-08-30 07:34:42,489 [pool-82-thread-1] INFO  server.RaftServerConfigKeys (ConfUtils.java:logGet(43)) - raft.server.rpcslowness.timeout = 120s (custom)
2019-08-30 07:34:42,489 [pool-38-thread-1] INFO  server.RaftServerConfigKeys (ConfUtils.java:logGet(43)) - raft.server.rpc.timeout.min = 1s (custom)
2019-08-30 07:34:42,489 [pool-49-thread-1] INFO  impl.RoleInfo (RoleInfo.java:updateAndGet(143)) - acc690db-1381-479d-90ad-8aa346d73f29: start FollowerState
2019-08-30 07:34:42,490 [pool-38-thread-1] INFO  server.RaftServerConfigKeys (ConfUtils.java:logGet(43)) - raft.server.rpc.timeout.max = 1200ms (custom)
2019-08-30 07:34:42,489 [pool-82-thread-1] INFO  server.RaftServerConfigKeys (ConfUtils.java:logGet(43)) - raft.server.sleep.deviation.threshold = 300 (default)
2019-08-30 07:34:42,490 [pool-38-thread-1] INFO  server.RaftServerConfigKeys (ConfUtils.java:logGet(43)) - raft.server.rpcslowness.timeout = 120s (custom)
2019-08-30 07:34:42,490 [pool-82-thread-1] INFO  server.RaftServerConfigKeys (ConfUtils.java:logGet(43)) - raft.server.log.appender.install.snapshot.enabled = false (custom)
2019-08-30 07:34:42,490 [pool-49-thread-1] INFO  util.JmxRegister (JmxRegister.java:tryRegister(44)) - Successfully registered JMX Bean with object name Ratis:service=RaftServer,group=group-C640FB00525B,id=acc690db-1381-479d-90ad-8aa346d73f29
2019-08-30 07:34:42,490 [pool-82-thread-1] INFO  impl.RaftServerImpl (ServerState.java:<init>(105)) - c1f9b5f6-3f1a-4e58-b5c3-6c327452b89e:group-F9B49111EF33 ConfigurationManager, init=-1: [acc690db-1381-479d-90ad-8aa346d73f29:192.168.5.156:37691, c1f9b5f6-3f1a-4e58-b5c3-6c327452b89e:192.168.5.156:46765, a45a7528-2ba0-4bc3-913c-850122b1269f:192.168.5.156:32945], old=null, confs=<EMPTY_MAP>
2019-08-30 07:34:42,490 [pool-38-thread-1] INFO  server.RaftServerConfigKeys (ConfUtils.java:logGet(43)) - raft.server.sleep.deviation.threshold = 300 (default)
2019-08-30 07:34:42,491 [pool-38-thread-1] INFO  server.RaftServerConfigKeys (ConfUtils.java:logGet(43)) - raft.server.log.appender.install.snapshot.enabled = false (custom)
2019-08-30 07:34:42,491 [pool-82-thread-1] INFO  server.RaftServerConfigKeys (ConfUtils.java:logGet(43)) - raft.server.storage.dir = [/workdir/hadoop-ozone/integration-test/target/test-dir/MiniOzoneClusterImpl-e2a0042e-8006-48d2-a527-f4f759a7d1b5/datanode-5/data/ratis] (custom)
2019-08-30 07:34:42,491 [pool-38-thread-1] INFO  impl.RaftServerImpl (ServerState.java:<init>(105)) - a45a7528-2ba0-4bc3-913c-850122b1269f:group-186677E0C462 ConfigurationManager, init=-1: [acc690db-1381-479d-90ad-8aa346d73f29:192.168.5.156:37691, c1f9b5f6-3f1a-4e58-b5c3-6c327452b89e:192.168.5.156:46765, a45a7528-2ba0-4bc3-913c-850122b1269f:192.168.5.156:32945], old=null, confs=<EMPTY_MAP>
2019-08-30 07:34:42,491 [pool-38-thread-1] INFO  server.RaftServerConfigKeys (ConfUtils.java:logGet(43)) - raft.server.storage.dir = [/workdir/hadoop-ozone/integration-test/target/test-dir/MiniOzoneClusterImpl-e2a0042e-8006-48d2-a527-f4f759a7d1b5/datanode-1/data/ratis] (custom)
2019-08-30 07:34:42,491 [pool-82-thread-1] INFO  storage.RaftStorageDirectory (RaftStorageDirectory.java:analyzeStorage(246)) - The storage directory /workdir/hadoop-ozone/integration-test/target/test-dir/MiniOzoneClusterImpl-e2a0042e-8006-48d2-a527-f4f759a7d1b5/datanode-5/data/ratis/a431161b-4607-4a9c-92c2-f9b49111ef33 does not exist. Creating ...
2019-08-30 07:34:42,491 [pool-38-thread-1] INFO  storage.RaftStorageDirectory (RaftStorageDirectory.java:analyzeStorage(246)) - The storage directory /workdir/hadoop-ozone/integration-test/target/test-dir/MiniOzoneClusterImpl-e2a0042e-8006-48d2-a527-f4f759a7d1b5/datanode-1/data/ratis/1e16680b-1ee8-4d8c-9dfc-186677e0c462 does not exist. Creating ...
2019-08-30 07:34:42,492 [pool-49-thread-1] INFO  impl.RaftServerImpl (RaftServerImpl.java:<init>(93)) - acc690db-1381-479d-90ad-8aa346d73f29: new RaftServerImpl for group-186677E0C462:[acc690db-1381-479d-90ad-8aa346d73f29:192.168.5.156:37691, c1f9b5f6-3f1a-4e58-b5c3-6c327452b89e:192.168.5.156:46765, a45a7528-2ba0-4bc3-913c-850122b1269f:192.168.5.156:32945] with ContainerStateMachine:uninitialized
2019-08-30 07:34:42,492 [pool-49-thread-1] INFO  server.RaftServerConfigKeys (ConfUtils.java:logGet(43)) - raft.server.rpc.timeout.min = 1s (custom)
2019-08-30 07:34:42,492 [pool-49-thread-1] INFO  server.RaftServerConfigKeys (ConfUtils.java:logGet(43)) - raft.server.rpc.timeout.max = 1200ms (custom)
2019-08-30 07:34:42,492 [pool-49-thread-1] INFO  server.RaftServerConfigKeys (ConfUtils.java:logGet(43)) - raft.server.rpcslowness.timeout = 120s (custom)
2019-08-30 07:34:42,492 [pool-49-thread-1] INFO  server.RaftServerConfigKeys (ConfUtils.java:logGet(43)) - raft.server.sleep.deviation.threshold = 300 (default)
2019-08-30 07:34:42,493 [pool-49-thread-1] INFO  server.RaftServerConfigKeys (ConfUtils.java:logGet(43)) - raft.server.log.appender.install.snapshot.enabled = false (custom)
2019-08-30 07:34:42,493 [pool-49-thread-1] INFO  impl.RaftServerImpl (ServerState.java:<init>(105)) - acc690db-1381-479d-90ad-8aa346d73f29:group-186677E0C462 ConfigurationManager, init=-1: [acc690db-1381-479d-90ad-8aa346d73f29:192.168.5.156:37691, c1f9b5f6-3f1a-4e58-b5c3-6c327452b89e:192.168.5.156:46765, a45a7528-2ba0-4bc3-913c-850122b1269f:192.168.5.156:32945], old=null, confs=<EMPTY_MAP>
2019-08-30 07:34:42,493 [pool-49-thread-1] INFO  server.RaftServerConfigKeys (ConfUtils.java:logGet(43)) - raft.server.storage.dir = [/workdir/hadoop-ozone/integration-test/target/test-dir/MiniOzoneClusterImpl-e2a0042e-8006-48d2-a527-f4f759a7d1b5/datanode-2/data/ratis] (custom)
2019-08-30 07:34:42,493 [pool-49-thread-1] INFO  storage.RaftStorageDirectory (RaftStorageDirectory.java:analyzeStorage(246)) - The storage directory /workdir/hadoop-ozone/integration-test/target/test-dir/MiniOzoneClusterImpl-e2a0042e-8006-48d2-a527-f4f759a7d1b5/datanode-2/data/ratis/1e16680b-1ee8-4d8c-9dfc-186677e0c462 does not exist. Creating ...
2019-08-30 07:34:42,553 [pool-38-thread-1] INFO  storage.RaftStorageDirectory (RaftStorageDirectory.java:tryLock(328)) - Lock on /workdir/hadoop-ozone/integration-test/target/test-dir/MiniOzoneClusterImpl-e2a0042e-8006-48d2-a527-f4f759a7d1b5/datanode-1/data/ratis/1e16680b-1ee8-4d8c-9dfc-186677e0c462/in_use.lock acquired by nodename 30688@pr-hdds-1569-5th2c-4253854396
2019-08-30 07:34:42,553 [pool-82-thread-1] INFO  storage.RaftStorageDirectory (RaftStorageDirectory.java:tryLock(328)) - Lock on /workdir/hadoop-ozone/integration-test/target/test-dir/MiniOzoneClusterImpl-e2a0042e-8006-48d2-a527-f4f759a7d1b5/datanode-5/data/ratis/a431161b-4607-4a9c-92c2-f9b49111ef33/in_use.lock acquired by nodename 30688@pr-hdds-1569-5th2c-4253854396
2019-08-30 07:34:42,553 [pool-49-thread-1] INFO  storage.RaftStorageDirectory (RaftStorageDirectory.java:tryLock(328)) - Lock on /workdir/hadoop-ozone/integration-test/target/test-dir/MiniOzoneClusterImpl-e2a0042e-8006-48d2-a527-f4f759a7d1b5/datanode-2/data/ratis/1e16680b-1ee8-4d8c-9dfc-186677e0c462/in_use.lock acquired by nodename 30688@pr-hdds-1569-5th2c-4253854396
2019-08-30 07:34:42,570 [Thread-338] INFO  impl.FollowerState (FollowerState.java:run(106)) - acc690db-1381-479d-90ad-8aa346d73f29:group-70018C5AE2E4 changes to CANDIDATE, lastRpcTime:1058, electionTimeout:1058ms
2019-08-30 07:34:42,570 [Thread-338] INFO  impl.RoleInfo (RoleInfo.java:shutdownFollowerState(121)) - acc690db-1381-479d-90ad-8aa346d73f29: shutdown FollowerState
2019-08-30 07:34:42,570 [Thread-338] INFO  impl.RaftServerImpl (RaftServerImpl.java:setRole(171)) - acc690db-1381-479d-90ad-8aa346d73f29:group-70018C5AE2E4 changes role from FOLLOWER to CANDIDATE at term 0 for changeToCandidate
2019-08-30 07:34:42,571 [Thread-338] INFO  impl.RoleInfo (RoleInfo.java:updateAndGet(143)) - acc690db-1381-479d-90ad-8aa346d73f29: start LeaderElection
2019-08-30 07:34:42,595 [Thread-337] INFO  impl.FollowerState (FollowerState.java:run(106)) - a45a7528-2ba0-4bc3-913c-850122b1269f:group-70018C5AE2E4 changes to CANDIDATE, lastRpcTime:1083, electionTimeout:1083ms
2019-08-30 07:34:42,595 [Thread-337] INFO  impl.RoleInfo (RoleInfo.java:shutdownFollowerState(121)) - a45a7528-2ba0-4bc3-913c-850122b1269f: shutdown FollowerState
2019-08-30 07:34:42,595 [Thread-337] INFO  impl.RaftServerImpl (RaftServerImpl.java:setRole(171)) - a45a7528-2ba0-4bc3-913c-850122b1269f:group-70018C5AE2E4 changes role from FOLLOWER to CANDIDATE at term 0 for changeToCandidate
2019-08-30 07:34:42,595 [Thread-337] INFO  impl.RoleInfo (RoleInfo.java:updateAndGet(143)) - a45a7528-2ba0-4bc3-913c-850122b1269f: start LeaderElection
2019-08-30 07:34:42,603 | INFO  | SCMAudit | user=jenkins1000 | ip=192.168.5.156 | op=SEND_HEARTBEAT {datanodeUUID=905b07e9-2fc0-493e-9dc2-ae90eb733c4f, command=[]} | ret=SUCCESS |  
2019-08-30 07:34:42,788 | INFO  | SCMAudit | user=jenkins1000 | ip=192.168.5.156 | op=SEND_HEARTBEAT {datanodeUUID=cb5a5d16-88a3-41b0-858f-6232e86de455, command=[]} | ret=SUCCESS |  
2019-08-30 07:34:42,814 [pool-82-thread-1] INFO  storage.RaftStorage (RaftStorage.java:format(72)) - Storage directory /workdir/hadoop-ozone/integration-test/target/test-dir/MiniOzoneClusterImpl-e2a0042e-8006-48d2-a527-f4f759a7d1b5/datanode-5/data/ratis/a431161b-4607-4a9c-92c2-f9b49111ef33 has been successfully formatted.
2019-08-30 07:34:42,814 [pool-38-thread-1] INFO  storage.RaftStorage (RaftStorage.java:format(72)) - Storage directory /workdir/hadoop-ozone/integration-test/target/test-dir/MiniOzoneClusterImpl-e2a0042e-8006-48d2-a527-f4f759a7d1b5/datanode-1/data/ratis/1e16680b-1ee8-4d8c-9dfc-186677e0c462 has been successfully formatted.
2019-08-30 07:34:42,814 [pool-49-thread-1] INFO  storage.RaftStorage (RaftStorage.java:format(72)) - Storage directory /workdir/hadoop-ozone/integration-test/target/test-dir/MiniOzoneClusterImpl-e2a0042e-8006-48d2-a527-f4f759a7d1b5/datanode-2/data/ratis/1e16680b-1ee8-4d8c-9dfc-186677e0c462 has been successfully formatted.
2019-08-30 07:34:42,815 [pool-82-thread-1] INFO  ratis.ContainerStateMachine (ContainerStateMachine.java:loadSnapshot(226)) - group-F9B49111EF33: The snapshot info is null. Setting the last applied indexto:(t:0, i:~)
2019-08-30 07:34:42,815 [pool-49-thread-1] INFO  ratis.ContainerStateMachine (ContainerStateMachine.java:loadSnapshot(226)) - group-186677E0C462: The snapshot info is null. Setting the last applied indexto:(t:0, i:~)
2019-08-30 07:34:42,815 [pool-38-thread-1] INFO  ratis.ContainerStateMachine (ContainerStateMachine.java:loadSnapshot(226)) - group-186677E0C462: The snapshot info is null. Setting the last applied indexto:(t:0, i:~)
2019-08-30 07:34:42,815 [pool-49-thread-1] INFO  server.RaftServerConfigKeys (ConfUtils.java:logGet(43)) - raft.server.leader.election.timeout = 120s (custom)
2019-08-30 07:34:42,815 [pool-82-thread-1] INFO  server.RaftServerConfigKeys (ConfUtils.java:logGet(43)) - raft.server.leader.election.timeout = 120s (custom)
2019-08-30 07:34:42,815 [pool-49-thread-1] INFO  server.RaftServerConfigKeys (ConfUtils.java:logGet(43)) - raft.server.log.use.memory = false (default)
2019-08-30 07:34:42,815 [pool-38-thread-1] INFO  server.RaftServerConfigKeys (ConfUtils.java:logGet(43)) - raft.server.leader.election.timeout = 120s (custom)
2019-08-30 07:34:42,816 [pool-49-thread-1] INFO  server.RaftServerConfigKeys (ConfUtils.java:logGet(43)) - raft.server.log.purge.gap = 1000000 (custom)
2019-08-30 07:34:42,816 [pool-82-thread-1] INFO  server.RaftServerConfigKeys (ConfUtils.java:logGet(43)) - raft.server.log.use.memory = false (default)
2019-08-30 07:34:42,816 [pool-49-thread-1] INFO  server.RaftServerConfigKeys (ConfUtils.java:logGet(43)) - raft.server.log.appender.buffer.byte-limit = 33554432 (custom)
2019-08-30 07:34:42,816 [pool-38-thread-1] INFO  server.RaftServerConfigKeys (ConfUtils.java:logGet(43)) - raft.server.log.use.memory = false (default)
2019-08-30 07:34:42,817 [pool-49-thread-1] INFO  server.RaftServerConfigKeys (ConfUtils.java:logGet(43)) - raft.server.log.segment.size.max = 1048576 (custom)
2019-08-30 07:34:42,816 [pool-82-thread-1] INFO  server.RaftServerConfigKeys (ConfUtils.java:logGet(43)) - raft.server.log.purge.gap = 1000000 (custom)
2019-08-30 07:34:42,817 [pool-49-thread-1] INFO  server.RaftServerConfigKeys (ConfUtils.java:logGet(43)) - raft.server.log.segment.cache.num.max = 2 (custom)
2019-08-30 07:34:42,817 [pool-38-thread-1] INFO  server.RaftServerConfigKeys (ConfUtils.java:logGet(43)) - raft.server.log.purge.gap = 1000000 (custom)
2019-08-30 07:34:42,817 [pool-49-thread-1] INFO  segmented.SegmentedRaftLogWorker (SegmentedRaftLogWorker.java:<init>(172)) - new acc690db-1381-479d-90ad-8aa346d73f29-SegmentedRaftLogWorker:Storage Directory /workdir/hadoop-ozone/integration-test/target/test-dir/MiniOzoneClusterImpl-e2a0042e-8006-48d2-a527-f4f759a7d1b5/datanode-2/data/ratis/1e16680b-1ee8-4d8c-9dfc-186677e0c462 for RaftStorage:Storage Directory /workdir/hadoop-ozone/integration-test/target/test-dir/MiniOzoneClusterImpl-e2a0042e-8006-48d2-a527-f4f759a7d1b5/datanode-2/data/ratis/1e16680b-1ee8-4d8c-9dfc-186677e0c462
2019-08-30 07:34:42,817 [pool-82-thread-1] INFO  server.RaftServerConfigKeys (ConfUtils.java:logGet(43)) - raft.server.log.appender.buffer.byte-limit = 33554432 (custom)
2019-08-30 07:34:42,818 [pool-49-thread-1] INFO  server.RaftServerConfigKeys (ConfUtils.java:logGet(43)) - raft.server.log.queue.byte-limit = 2147483647 (custom)
2019-08-30 07:34:42,818 [pool-38-thread-1] INFO  server.RaftServerConfigKeys (ConfUtils.java:logGet(43)) - raft.server.log.appender.buffer.byte-limit = 33554432 (custom)
2019-08-30 07:34:42,822 [pool-49-thread-1] INFO  server.RaftServerConfigKeys (ConfUtils.java:logGet(43)) - raft.server.log.queue.element-limit = 1024 (custom)
2019-08-30 07:34:42,822 [pool-82-thread-1] INFO  server.RaftServerConfigKeys (ConfUtils.java:logGet(43)) - raft.server.log.segment.size.max = 1048576 (custom)
2019-08-30 07:34:42,822 [pool-49-thread-1] INFO  server.RaftServerConfigKeys (ConfUtils.java:logGet(43)) - raft.server.log.segment.size.max = 1048576 (custom)
2019-08-30 07:34:42,822 [pool-38-thread-1] INFO  server.RaftServerConfigKeys (ConfUtils.java:logGet(43)) - raft.server.log.segment.size.max = 1048576 (custom)
2019-08-30 07:34:42,822 [pool-49-thread-1] INFO  server.RaftServerConfigKeys (ConfUtils.java:logGet(43)) - raft.server.log.preallocated.size = 16384 (custom)
2019-08-30 07:34:42,822 [pool-82-thread-1] INFO  server.RaftServerConfigKeys (ConfUtils.java:logGet(43)) - raft.server.log.segment.cache.num.max = 2 (custom)
2019-08-30 07:34:42,823 [pool-49-thread-1] INFO  server.RaftServerConfigKeys (ConfUtils.java:logGet(43)) - raft.server.log.write.buffer.size = 33554432 (custom)
2019-08-30 07:34:42,823 [pool-38-thread-1] INFO  server.RaftServerConfigKeys (ConfUtils.java:logGet(43)) - raft.server.log.segment.cache.num.max = 2 (custom)
2019-08-30 07:34:42,823 [pool-49-thread-1] INFO  server.RaftServerConfigKeys (ConfUtils.java:logGet(43)) - raft.server.log.force.sync.num = 128 (default)
2019-08-30 07:34:42,823 [pool-82-thread-1] INFO  segmented.SegmentedRaftLogWorker (SegmentedRaftLogWorker.java:<init>(172)) - new c1f9b5f6-3f1a-4e58-b5c3-6c327452b89e-SegmentedRaftLogWorker:Storage Directory /workdir/hadoop-ozone/integration-test/target/test-dir/MiniOzoneClusterImpl-e2a0042e-8006-48d2-a527-f4f759a7d1b5/datanode-5/data/ratis/a431161b-4607-4a9c-92c2-f9b49111ef33 for RaftStorage:Storage Directory /workdir/hadoop-ozone/integration-test/target/test-dir/MiniOzoneClusterImpl-e2a0042e-8006-48d2-a527-f4f759a7d1b5/datanode-5/data/ratis/a431161b-4607-4a9c-92c2-f9b49111ef33
2019-08-30 07:34:42,823 [pool-49-thread-1] INFO  server.RaftServerConfigKeys (ConfUtils.java:logGet(43)) - raft.server.log.statemachine.data.sync = true (default)
2019-08-30 07:34:42,823 [pool-38-thread-1] INFO  segmented.SegmentedRaftLogWorker (SegmentedRaftLogWorker.java:<init>(172)) - new a45a7528-2ba0-4bc3-913c-850122b1269f-SegmentedRaftLogWorker:Storage Directory /workdir/hadoop-ozone/integration-test/target/test-dir/MiniOzoneClusterImpl-e2a0042e-8006-48d2-a527-f4f759a7d1b5/datanode-1/data/ratis/1e16680b-1ee8-4d8c-9dfc-186677e0c462 for RaftStorage:Storage Directory /workdir/hadoop-ozone/integration-test/target/test-dir/MiniOzoneClusterImpl-e2a0042e-8006-48d2-a527-f4f759a7d1b5/datanode-1/data/ratis/1e16680b-1ee8-4d8c-9dfc-186677e0c462
2019-08-30 07:34:42,826 [pool-49-thread-1] INFO  server.RaftServerConfigKeys (ConfUtils.java:logGet(43)) - raft.server.log.statemachine.data.sync.timeout = 10s (default)
2019-08-30 07:34:42,824 [pool-82-thread-1] INFO  server.RaftServerConfigKeys (ConfUtils.java:logGet(43)) - raft.server.log.queue.byte-limit = 2147483647 (custom)
2019-08-30 07:34:42,826 [pool-49-thread-1] INFO  server.RaftServerConfigKeys (ConfUtils.java:logGet(43)) - raft.server.log.statemachine.data.sync.timeout.retry = -1 (default)
2019-08-30 07:34:42,826 [pool-38-thread-1] INFO  server.RaftServerConfigKeys (ConfUtils.java:logGet(43)) - raft.server.log.queue.byte-limit = 2147483647 (custom)
2019-08-30 07:34:42,829 [pool-49-thread-1] INFO  server.RaftServerConfigKeys (ConfUtils.java:logGet(43)) - raft.server.log.statemachine.data.caching.enabled = true (custom)
2019-08-30 07:34:42,828 [pool-82-thread-1] INFO  server.RaftServerConfigKeys (ConfUtils.java:logGet(43)) - raft.server.log.queue.element-limit = 1024 (custom)
2019-08-30 07:34:42,829 [pool-38-thread-1] INFO  server.RaftServerConfigKeys (ConfUtils.java:logGet(43)) - raft.server.log.queue.element-limit = 1024 (custom)
2019-08-30 07:34:42,829 [pool-49-thread-1] INFO  segmented.SegmentedRaftLogWorker (SegmentedRaftLogWorker.java:lambda$new$0(132)) - acc690db-1381-479d-90ad-8aa346d73f29-SegmentedRaftLogWorker:Storage Directory /workdir/hadoop-ozone/integration-test/target/test-dir/MiniOzoneClusterImpl-e2a0042e-8006-48d2-a527-f4f759a7d1b5/datanode-2/data/ratis/1e16680b-1ee8-4d8c-9dfc-186677e0c462: flushIndex: setUnconditionally 0 -> -1
2019-08-30 07:34:42,829 [pool-82-thread-1] INFO  server.RaftServerConfigKeys (ConfUtils.java:logGet(43)) - raft.server.log.segment.size.max = 1048576 (custom)
2019-08-30 07:34:42,829 [pool-38-thread-1] INFO  server.RaftServerConfigKeys (ConfUtils.java:logGet(43)) - raft.server.log.segment.size.max = 1048576 (custom)
2019-08-30 07:34:42,830 [pool-49-thread-1] INFO  server.RaftServerConfigKeys (ConfUtils.java:logGet(43)) - raft.server.snapshot.auto.trigger.enabled = true (custom)
2019-08-30 07:34:42,830 [pool-82-thread-1] INFO  server.RaftServerConfigKeys (ConfUtils.java:logGet(43)) - raft.server.log.preallocated.size = 16384 (custom)
2019-08-30 07:34:42,830 [pool-49-thread-1] INFO  server.RaftServerConfigKeys (ConfUtils.java:logGet(43)) - raft.server.snapshot.auto.trigger.threshold = 10000 (custom)
2019-08-30 07:34:42,830 [pool-38-thread-1] INFO  server.RaftServerConfigKeys (ConfUtils.java:logGet(43)) - raft.server.log.preallocated.size = 16384 (custom)
2019-08-30 07:34:42,830 [pool-49-thread-1] INFO  server.RaftServerConfigKeys (ConfUtils.java:logGet(43)) - raft.server.retrycache.expirytime = 600000ms (custom)
2019-08-30 07:34:42,830 [pool-82-thread-1] INFO  server.RaftServerConfigKeys (ConfUtils.java:logGet(43)) - raft.server.log.write.buffer.size = 33554432 (custom)
2019-08-30 07:34:42,831 [pool-49-thread-1] INFO  impl.RaftServerImpl (RaftServerImpl.java:start(180)) - acc690db-1381-479d-90ad-8aa346d73f29: start group-CA76A3A1922C
2019-08-30 07:34:42,831 [pool-38-thread-1] INFO  server.RaftServerConfigKeys (ConfUtils.java:logGet(43)) - raft.server.log.write.buffer.size = 33554432 (custom)
2019-08-30 07:34:42,831 [pool-49-thread-1] INFO  impl.RaftServerImpl (RaftServerImpl.java:setRole(171)) - acc690db-1381-479d-90ad-8aa346d73f29:group-CA76A3A1922C changes role from null to FOLLOWER at term 0 for startAsFollower
2019-08-30 07:34:42,831 [pool-82-thread-1] INFO  server.RaftServerConfigKeys (ConfUtils.java:logGet(43)) - raft.server.log.force.sync.num = 128 (default)
2019-08-30 07:34:42,831 [pool-49-thread-1] INFO  impl.RoleInfo (RoleInfo.java:updateAndGet(143)) - acc690db-1381-479d-90ad-8aa346d73f29: start FollowerState
2019-08-30 07:34:42,831 [pool-38-thread-1] INFO  server.RaftServerConfigKeys (ConfUtils.java:logGet(43)) - raft.server.log.force.sync.num = 128 (default)
2019-08-30 07:34:42,831 [pool-82-thread-1] INFO  server.RaftServerConfigKeys (ConfUtils.java:logGet(43)) - raft.server.log.statemachine.data.sync = true (default)
2019-08-30 07:34:42,832 [pool-49-thread-1] INFO  util.JmxRegister (JmxRegister.java:tryRegister(44)) - Successfully registered JMX Bean with object name Ratis:service=RaftServer,group=group-CA76A3A1922C,id=acc690db-1381-479d-90ad-8aa346d73f29
2019-08-30 07:34:42,832 [pool-38-thread-1] INFO  server.RaftServerConfigKeys (ConfUtils.java:logGet(43)) - raft.server.log.statemachine.data.sync = true (default)
2019-08-30 07:34:42,832 [pool-82-thread-1] INFO  server.RaftServerConfigKeys (ConfUtils.java:logGet(43)) - raft.server.log.statemachine.data.sync.timeout = 10s (default)
2019-08-30 07:34:42,832 [pool-38-thread-1] INFO  server.RaftServerConfigKeys (ConfUtils.java:logGet(43)) - raft.server.log.statemachine.data.sync.timeout = 10s (default)
2019-08-30 07:34:42,833 [pool-49-thread-1] INFO  impl.RaftServerImpl (RaftServerImpl.java:start(180)) - acc690db-1381-479d-90ad-8aa346d73f29: start group-F9B49111EF33
2019-08-30 07:34:42,833 [pool-82-thread-1] INFO  server.RaftServerConfigKeys (ConfUtils.java:logGet(43)) - raft.server.log.statemachine.data.sync.timeout.retry = -1 (default)
2019-08-30 07:34:42,833 [pool-49-thread-1] INFO  impl.RaftServerImpl (RaftServerImpl.java:setRole(171)) - acc690db-1381-479d-90ad-8aa346d73f29:group-F9B49111EF33 changes role from null to FOLLOWER at term 0 for startAsFollower
2019-08-30 07:34:42,833 [pool-82-thread-1] INFO  server.RaftServerConfigKeys (ConfUtils.java:logGet(43)) - raft.server.log.statemachine.data.caching.enabled = true (custom)
2019-08-30 07:34:42,833 [pool-38-thread-1] INFO  server.RaftServerConfigKeys (ConfUtils.java:logGet(43)) - raft.server.log.statemachine.data.sync.timeout.retry = -1 (default)
2019-08-30 07:34:42,833 [pool-49-thread-1] INFO  impl.RoleInfo (RoleInfo.java:updateAndGet(143)) - acc690db-1381-479d-90ad-8aa346d73f29: start FollowerState
2019-08-30 07:34:42,834 [pool-82-thread-1] INFO  segmented.SegmentedRaftLogWorker (SegmentedRaftLogWorker.java:lambda$new$0(132)) - c1f9b5f6-3f1a-4e58-b5c3-6c327452b89e-SegmentedRaftLogWorker:Storage Directory /workdir/hadoop-ozone/integration-test/target/test-dir/MiniOzoneClusterImpl-e2a0042e-8006-48d2-a527-f4f759a7d1b5/datanode-5/data/ratis/a431161b-4607-4a9c-92c2-f9b49111ef33: flushIndex: setUnconditionally 0 -> -1
2019-08-30 07:34:42,834 [pool-38-thread-1] INFO  server.RaftServerConfigKeys (ConfUtils.java:logGet(43)) - raft.server.log.statemachine.data.caching.enabled = true (custom)
2019-08-30 07:34:42,834 [pool-49-thread-1] INFO  util.JmxRegister (JmxRegister.java:tryRegister(44)) - Successfully registered JMX Bean with object name Ratis:service=RaftServer,group=group-F9B49111EF33,id=acc690db-1381-479d-90ad-8aa346d73f29
2019-08-30 07:34:42,834 [pool-82-thread-1] INFO  server.RaftServerConfigKeys (ConfUtils.java:logGet(43)) - raft.server.snapshot.auto.trigger.enabled = true (custom)
2019-08-30 07:34:42,834 [pool-38-thread-1] INFO  segmented.SegmentedRaftLogWorker (SegmentedRaftLogWorker.java:lambda$new$0(132)) - a45a7528-2ba0-4bc3-913c-850122b1269f-SegmentedRaftLogWorker:Storage Directory /workdir/hadoop-ozone/integration-test/target/test-dir/MiniOzoneClusterImpl-e2a0042e-8006-48d2-a527-f4f759a7d1b5/datanode-1/data/ratis/1e16680b-1ee8-4d8c-9dfc-186677e0c462: flushIndex: setUnconditionally 0 -> -1
2019-08-30 07:34:42,834 [pool-49-thread-1] INFO  impl.RaftServerImpl (RaftServerImpl.java:start(180)) - acc690db-1381-479d-90ad-8aa346d73f29: start group-186677E0C462
2019-08-30 07:34:42,834 [pool-82-thread-1] INFO  server.RaftServerConfigKeys (ConfUtils.java:logGet(43)) - raft.server.snapshot.auto.trigger.threshold = 10000 (custom)
2019-08-30 07:34:42,835 [pool-38-thread-1] INFO  server.RaftServerConfigKeys (ConfUtils.java:logGet(43)) - raft.server.snapshot.auto.trigger.enabled = true (custom)
2019-08-30 07:34:42,835 [pool-49-thread-1] INFO  impl.RaftServerImpl (RaftServerImpl.java:setRole(171)) - acc690db-1381-479d-90ad-8aa346d73f29:group-186677E0C462 changes role from null to FOLLOWER at term 0 for startAsFollower
2019-08-30 07:34:42,835 [pool-38-thread-1] INFO  server.RaftServerConfigKeys (ConfUtils.java:logGet(43)) - raft.server.snapshot.auto.trigger.threshold = 10000 (custom)
2019-08-30 07:34:42,835 [pool-82-thread-1] INFO  server.RaftServerConfigKeys (ConfUtils.java:logGet(43)) - raft.server.retrycache.expirytime = 600000ms (custom)
2019-08-30 07:34:42,835 [pool-38-thread-1] INFO  server.RaftServerConfigKeys (ConfUtils.java:logGet(43)) - raft.server.retrycache.expirytime = 600000ms (custom)
2019-08-30 07:34:42,835 [pool-82-thread-1] INFO  impl.RaftServerImpl (RaftServerImpl.java:start(180)) - c1f9b5f6-3f1a-4e58-b5c3-6c327452b89e: start group-976E926B68E9
2019-08-30 07:34:42,835 [pool-49-thread-1] INFO  impl.RoleInfo (RoleInfo.java:updateAndGet(143)) - acc690db-1381-479d-90ad-8aa346d73f29: start FollowerState
2019-08-30 07:34:42,836 [pool-82-thread-1] INFO  impl.RaftServerImpl (RaftServerImpl.java:setRole(171)) - c1f9b5f6-3f1a-4e58-b5c3-6c327452b89e:group-976E926B68E9 changes role from null to FOLLOWER at term 0 for startAsFollower
2019-08-30 07:34:42,836 [pool-38-thread-1] INFO  impl.RaftServerImpl (RaftServerImpl.java:start(180)) - a45a7528-2ba0-4bc3-913c-850122b1269f: start group-CA76A3A1922C
2019-08-30 07:34:42,836 [pool-49-thread-1] INFO  util.JmxRegister (JmxRegister.java:tryRegister(44)) - Successfully registered JMX Bean with object name Ratis:service=RaftServer,group=group-186677E0C462,id=acc690db-1381-479d-90ad-8aa346d73f29
2019-08-30 07:34:42,836 [pool-82-thread-1] INFO  impl.RoleInfo (RoleInfo.java:updateAndGet(143)) - c1f9b5f6-3f1a-4e58-b5c3-6c327452b89e: start FollowerState
2019-08-30 07:34:42,836 [pool-38-thread-1] INFO  impl.RaftServerImpl (RaftServerImpl.java:setRole(171)) - a45a7528-2ba0-4bc3-913c-850122b1269f:group-CA76A3A1922C changes role from null to FOLLOWER at term 0 for startAsFollower
2019-08-30 07:34:42,837 [pool-38-thread-1] INFO  impl.RoleInfo (RoleInfo.java:updateAndGet(143)) - a45a7528-2ba0-4bc3-913c-850122b1269f: start FollowerState
2019-08-30 07:34:42,837 [pool-82-thread-1] INFO  util.JmxRegister (JmxRegister.java:tryRegister(44)) - Successfully registered JMX Bean with object name Ratis:service=RaftServer,group=group-976E926B68E9,id=c1f9b5f6-3f1a-4e58-b5c3-6c327452b89e
2019-08-30 07:34:42,837 [pool-38-thread-1] INFO  util.JmxRegister (JmxRegister.java:tryRegister(44)) - Successfully registered JMX Bean with object name Ratis:service=RaftServer,group=group-CA76A3A1922C,id=a45a7528-2ba0-4bc3-913c-850122b1269f
2019-08-30 07:34:42,837 [pool-38-thread-1] INFO  impl.RaftServerImpl (RaftServerImpl.java:start(180)) - a45a7528-2ba0-4bc3-913c-850122b1269f: start group-F9B49111EF33
2019-08-30 07:34:42,838 [pool-38-thread-1] INFO  impl.RaftServerImpl (RaftServerImpl.java:setRole(171)) - a45a7528-2ba0-4bc3-913c-850122b1269f:group-F9B49111EF33 changes role from null to FOLLOWER at term 0 for startAsFollower
2019-08-30 07:34:42,838 [pool-38-thread-1] INFO  impl.RoleInfo (RoleInfo.java:updateAndGet(143)) - a45a7528-2ba0-4bc3-913c-850122b1269f: start FollowerState
2019-08-30 07:34:42,838 [pool-38-thread-1] INFO  util.JmxRegister (JmxRegister.java:tryRegister(44)) - Successfully registered JMX Bean with object name Ratis:service=RaftServer,group=group-F9B49111EF33,id=a45a7528-2ba0-4bc3-913c-850122b1269f
2019-08-30 07:34:42,839 [pool-38-thread-1] INFO  impl.RaftServerImpl (RaftServerImpl.java:start(180)) - a45a7528-2ba0-4bc3-913c-850122b1269f: start group-186677E0C462
2019-08-30 07:34:42,839 [pool-38-thread-1] INFO  impl.RaftServerImpl (RaftServerImpl.java:setRole(171)) - a45a7528-2ba0-4bc3-913c-850122b1269f:group-186677E0C462 changes role from null to FOLLOWER at term 0 for startAsFollower
2019-08-30 07:34:42,839 [pool-82-thread-1] INFO  impl.RaftServerImpl (RaftServerImpl.java:<init>(93)) - c1f9b5f6-3f1a-4e58-b5c3-6c327452b89e: new RaftServerImpl for group-186677E0C462:[acc690db-1381-479d-90ad-8aa346d73f29:192.168.5.156:37691, c1f9b5f6-3f1a-4e58-b5c3-6c327452b89e:192.168.5.156:46765, a45a7528-2ba0-4bc3-913c-850122b1269f:192.168.5.156:32945] with ContainerStateMachine:uninitialized
2019-08-30 07:34:42,839 [pool-38-thread-1] INFO  impl.RoleInfo (RoleInfo.java:updateAndGet(143)) - a45a7528-2ba0-4bc3-913c-850122b1269f: start FollowerState
2019-08-30 07:34:42,841 [pool-82-thread-1] INFO  server.RaftServerConfigKeys (ConfUtils.java:logGet(43)) - raft.server.rpc.timeout.min = 1s (custom)
2019-08-30 07:34:42,842 [acc690db-1381-479d-90ad-8aa346d73f29:group-70018C5AE2E4:LeaderElection12] INFO  impl.LeaderElection (LeaderElection.java:askForVotes(181)) - acc690db-1381-479d-90ad-8aa346d73f29:group-70018C5AE2E4:LeaderElection12: begin an election at term 1 for -1: [acc690db-1381-479d-90ad-8aa346d73f29:192.168.5.156:37691, c1f9b5f6-3f1a-4e58-b5c3-6c327452b89e:192.168.5.156:46765, a45a7528-2ba0-4bc3-913c-850122b1269f:192.168.5.156:32945], old=null
2019-08-30 07:34:42,842 [pool-38-thread-1] INFO  util.JmxRegister (JmxRegister.java:tryRegister(44)) - Successfully registered JMX Bean with object name Ratis:service=RaftServer,group=group-186677E0C462,id=a45a7528-2ba0-4bc3-913c-850122b1269f
2019-08-30 07:34:42,842 [pool-82-thread-1] INFO  server.RaftServerConfigKeys (ConfUtils.java:logGet(43)) - raft.server.rpc.timeout.max = 1200ms (custom)
2019-08-30 07:34:42,842 [pool-82-thread-1] INFO  server.RaftServerConfigKeys (ConfUtils.java:logGet(43)) - raft.server.rpcslowness.timeout = 120s (custom)
2019-08-30 07:34:42,842 [pool-82-thread-1] INFO  server.RaftServerConfigKeys (ConfUtils.java:logGet(43)) - raft.server.sleep.deviation.threshold = 300 (default)
2019-08-30 07:34:42,843 [pool-82-thread-1] INFO  server.RaftServerConfigKeys (ConfUtils.java:logGet(43)) - raft.server.log.appender.install.snapshot.enabled = false (custom)
2019-08-30 07:34:42,843 [pool-82-thread-1] INFO  impl.RaftServerImpl (ServerState.java:<init>(105)) - c1f9b5f6-3f1a-4e58-b5c3-6c327452b89e:group-186677E0C462 ConfigurationManager, init=-1: [acc690db-1381-479d-90ad-8aa346d73f29:192.168.5.156:37691, c1f9b5f6-3f1a-4e58-b5c3-6c327452b89e:192.168.5.156:46765, a45a7528-2ba0-4bc3-913c-850122b1269f:192.168.5.156:32945], old=null, confs=<EMPTY_MAP>
2019-08-30 07:34:42,843 [pool-82-thread-1] INFO  server.RaftServerConfigKeys (ConfUtils.java:logGet(43)) - raft.server.storage.dir = [/workdir/hadoop-ozone/integration-test/target/test-dir/MiniOzoneClusterImpl-e2a0042e-8006-48d2-a527-f4f759a7d1b5/datanode-5/data/ratis] (custom)
2019-08-30 07:34:42,845 [pool-82-thread-1] INFO  storage.RaftStorageDirectory (RaftStorageDirectory.java:analyzeStorage(246)) - The storage directory /workdir/hadoop-ozone/integration-test/target/test-dir/MiniOzoneClusterImpl-e2a0042e-8006-48d2-a527-f4f759a7d1b5/datanode-5/data/ratis/1e16680b-1ee8-4d8c-9dfc-186677e0c462 does not exist. Creating ...
2019-08-30 07:34:42,854 [grpc-default-executor-1] INFO  impl.RaftServerImpl (RaftServerImpl.java:setRole(171)) - c1f9b5f6-3f1a-4e58-b5c3-6c327452b89e:group-70018C5AE2E4 changes role from FOLLOWER to FOLLOWER at term 1 for recognizeCandidate:acc690db-1381-479d-90ad-8aa346d73f29
2019-08-30 07:34:42,854 [grpc-default-executor-1] INFO  impl.RoleInfo (RoleInfo.java:shutdownFollowerState(121)) - c1f9b5f6-3f1a-4e58-b5c3-6c327452b89e: shutdown FollowerState
2019-08-30 07:34:42,854 [grpc-default-executor-1] INFO  impl.RoleInfo (RoleInfo.java:updateAndGet(143)) - c1f9b5f6-3f1a-4e58-b5c3-6c327452b89e: start FollowerState
2019-08-30 07:34:42,854 [Thread-353] INFO  impl.FollowerState (FollowerState.java:run(114)) - c1f9b5f6-3f1a-4e58-b5c3-6c327452b89e: FollowerState was interrupted: java.lang.InterruptedException: sleep interrupted
2019-08-30 07:34:42,876 | INFO  | SCMAudit | user=jenkins1000 | ip=192.168.5.156 | op=SEND_HEARTBEAT {datanodeUUID=acc690db-1381-479d-90ad-8aa346d73f29, command=[]} | ret=SUCCESS |  
2019-08-30 07:34:42,880 [a45a7528-2ba0-4bc3-913c-850122b1269f:group-70018C5AE2E4:LeaderElection13] INFO  impl.LeaderElection (LeaderElection.java:askForVotes(181)) - a45a7528-2ba0-4bc3-913c-850122b1269f:group-70018C5AE2E4:LeaderElection13: begin an election at term 1 for -1: [acc690db-1381-479d-90ad-8aa346d73f29:192.168.5.156:37691, c1f9b5f6-3f1a-4e58-b5c3-6c327452b89e:192.168.5.156:46765, a45a7528-2ba0-4bc3-913c-850122b1269f:192.168.5.156:32945], old=null
2019-08-30 07:34:42,905 [pool-82-thread-1] INFO  storage.RaftStorageDirectory (RaftStorageDirectory.java:tryLock(328)) - Lock on /workdir/hadoop-ozone/integration-test/target/test-dir/MiniOzoneClusterImpl-e2a0042e-8006-48d2-a527-f4f759a7d1b5/datanode-5/data/ratis/1e16680b-1ee8-4d8c-9dfc-186677e0c462/in_use.lock acquired by nodename 30688@pr-hdds-1569-5th2c-4253854396
2019-08-30 07:34:42,913 [acc690db-1381-479d-90ad-8aa346d73f29:group-70018C5AE2E4:LeaderElection12] INFO  impl.LeaderElection (LeaderElection.java:logAndReturn(56)) - acc690db-1381-479d-90ad-8aa346d73f29:group-70018C5AE2E4:LeaderElection12: Election PASSED; received 2 response(s) [acc690db-1381-479d-90ad-8aa346d73f29<-c1f9b5f6-3f1a-4e58-b5c3-6c327452b89e#0:OK-t1, acc690db-1381-479d-90ad-8aa346d73f29<-a45a7528-2ba0-4bc3-913c-850122b1269f#0:FAIL-t1] and 0 exception(s); acc690db-1381-479d-90ad-8aa346d73f29:t1, leader=null, voted=acc690db-1381-479d-90ad-8aa346d73f29, raftlog=acc690db-1381-479d-90ad-8aa346d73f29-SegmentedRaftLog:OPENED:c-1,f-1,i0, conf=-1: [acc690db-1381-479d-90ad-8aa346d73f29:192.168.5.156:37691, c1f9b5f6-3f1a-4e58-b5c3-6c327452b89e:192.168.5.156:46765, a45a7528-2ba0-4bc3-913c-850122b1269f:192.168.5.156:32945], old=null
2019-08-30 07:34:42,914 [acc690db-1381-479d-90ad-8aa346d73f29:group-70018C5AE2E4:LeaderElection12] INFO  impl.RoleInfo (RoleInfo.java:shutdownLeaderElection(134)) - acc690db-1381-479d-90ad-8aa346d73f29: shutdown LeaderElection
2019-08-30 07:34:42,916 [a45a7528-2ba0-4bc3-913c-850122b1269f:group-70018C5AE2E4:LeaderElection13] INFO  impl.LeaderElection (LeaderElection.java:logAndReturn(56)) - a45a7528-2ba0-4bc3-913c-850122b1269f:group-70018C5AE2E4:LeaderElection13: Election REJECTED; received 2 response(s) [a45a7528-2ba0-4bc3-913c-850122b1269f<-acc690db-1381-479d-90ad-8aa346d73f29#0:FAIL-t1, a45a7528-2ba0-4bc3-913c-850122b1269f<-c1f9b5f6-3f1a-4e58-b5c3-6c327452b89e#0:FAIL-t1] and 0 exception(s); a45a7528-2ba0-4bc3-913c-850122b1269f:t1, leader=null, voted=a45a7528-2ba0-4bc3-913c-850122b1269f, raftlog=a45a7528-2ba0-4bc3-913c-850122b1269f-SegmentedRaftLog:OPENED:c-1,f-1,i0, conf=-1: [acc690db-1381-479d-90ad-8aa346d73f29:192.168.5.156:37691, c1f9b5f6-3f1a-4e58-b5c3-6c327452b89e:192.168.5.156:46765, a45a7528-2ba0-4bc3-913c-850122b1269f:192.168.5.156:32945], old=null
2019-08-30 07:34:42,916 [acc690db-1381-479d-90ad-8aa346d73f29:group-70018C5AE2E4:LeaderElection12] INFO  impl.RaftServerImpl (RaftServerImpl.java:setRole(171)) - acc690db-1381-479d-90ad-8aa346d73f29:group-70018C5AE2E4 changes role from CANDIDATE to LEADER at term 1 for changeToLeader
2019-08-30 07:34:42,918 [a45a7528-2ba0-4bc3-913c-850122b1269f:group-70018C5AE2E4:LeaderElection13] INFO  impl.RaftServerImpl (RaftServerImpl.java:setRole(171)) - a45a7528-2ba0-4bc3-913c-850122b1269f:group-70018C5AE2E4 changes role from CANDIDATE to FOLLOWER at term 1 for DISCOVERED_A_NEW_TERM
2019-08-30 07:34:42,918 [acc690db-1381-479d-90ad-8aa346d73f29:group-70018C5AE2E4:LeaderElection12] INFO  impl.RaftServerImpl (ServerState.java:setLeader(263)) - acc690db-1381-479d-90ad-8aa346d73f29:group-70018C5AE2E4 change Leader from null to acc690db-1381-479d-90ad-8aa346d73f29 at term 1 for becomeLeader, leader elected after 10033ms
2019-08-30 07:34:42,919 [a45a7528-2ba0-4bc3-913c-850122b1269f:group-70018C5AE2E4:LeaderElection13] INFO  impl.RoleInfo (RoleInfo.java:shutdownLeaderElection(134)) - a45a7528-2ba0-4bc3-913c-850122b1269f: shutdown LeaderElection
2019-08-30 07:34:42,921 [acc690db-1381-479d-90ad-8aa346d73f29:group-70018C5AE2E4:LeaderElection12] INFO  server.RaftServerConfigKeys (ConfUtils.java:logGet(43)) - raft.server.staging.catchup.gap = 1000 (default)
2019-08-30 07:34:42,921 [a45a7528-2ba0-4bc3-913c-850122b1269f:group-70018C5AE2E4:LeaderElection13] INFO  impl.RoleInfo (RoleInfo.java:updateAndGet(143)) - a45a7528-2ba0-4bc3-913c-850122b1269f: start FollowerState
2019-08-30 07:34:42,921 [acc690db-1381-479d-90ad-8aa346d73f29:group-70018C5AE2E4:LeaderElection12] INFO  server.RaftServerConfigKeys (ConfUtils.java:logGet(43)) - raft.server.rpc.sleep.time = 25ms (default)
2019-08-30 07:34:42,921 [acc690db-1381-479d-90ad-8aa346d73f29:group-70018C5AE2E4:LeaderElection12] INFO  server.RaftServerConfigKeys (ConfUtils.java:logGet(43)) - raft.server.write.element-limit = 4096 (default)
2019-08-30 07:34:42,923 [acc690db-1381-479d-90ad-8aa346d73f29:group-70018C5AE2E4:LeaderElection12] INFO  server.RaftServerConfigKeys (ConfUtils.java:logGet(43)) - raft.server.watch.timeout = 10s (default)
2019-08-30 07:34:42,923 [acc690db-1381-479d-90ad-8aa346d73f29:group-70018C5AE2E4:LeaderElection12] INFO  server.RaftServerConfigKeys (ConfUtils.java:logGet(43)) - raft.server.watch.timeout.denomination = 1s (default)
2019-08-30 07:34:42,923 [acc690db-1381-479d-90ad-8aa346d73f29:group-70018C5AE2E4:LeaderElection12] INFO  server.RaftServerConfigKeys (ConfUtils.java:logGet(43)) - raft.server.watch.element-limit = 65536 (default)
2019-08-30 07:34:42,926 [acc690db-1381-479d-90ad-8aa346d73f29:group-70018C5AE2E4:LeaderElection12] INFO  server.RaftServerConfigKeys (ConfUtils.java:logGet(43)) - raft.server.log.appender.snapshot.chunk.size.max = 16MB (=16777216) (default)
2019-08-30 07:34:42,926 [acc690db-1381-479d-90ad-8aa346d73f29:group-70018C5AE2E4:LeaderElection12] INFO  server.RaftServerConfigKeys (ConfUtils.java:logGet(43)) - raft.server.log.appender.buffer.byte-limit = 33554432 (custom)
2019-08-30 07:34:42,926 [acc690db-1381-479d-90ad-8aa346d73f29:group-70018C5AE2E4:LeaderElection12] INFO  server.RaftServerConfigKeys (ConfUtils.java:logGet(43)) - raft.server.log.appender.buffer.element-limit = 1 (custom)
2019-08-30 07:34:42,929 [acc690db-1381-479d-90ad-8aa346d73f29:group-70018C5AE2E4:LeaderElection12] INFO  grpc.GrpcConfigKeys$Server (ConfUtils.java:logGet(43)) - raft.grpc.server.leader.outstanding.appends.max = 128 (default)
2019-08-30 07:34:42,937 [acc690db-1381-479d-90ad-8aa346d73f29:group-70018C5AE2E4:LeaderElection12] INFO  server.RaftServerConfigKeys (ConfUtils.java:logGet(43)) - raft.server.rpc.request.timeout = 3000ms (default)
2019-08-30 07:34:42,937 [acc690db-1381-479d-90ad-8aa346d73f29:group-70018C5AE2E4:LeaderElection12] INFO  server.RaftServerConfigKeys (ConfUtils.java:logGet(43)) - raft.server.log.appender.install.snapshot.enabled = false (custom)
2019-08-30 07:34:42,937 [acc690db-1381-479d-90ad-8aa346d73f29:group-70018C5AE2E4:LeaderElection12] INFO  server.RaftServerConfigKeys (ConfUtils.java:logGet(43)) - raft.server.log.appender.snapshot.chunk.size.max = 16MB (=16777216) (default)
2019-08-30 07:34:42,937 [acc690db-1381-479d-90ad-8aa346d73f29:group-70018C5AE2E4:LeaderElection12] INFO  server.RaftServerConfigKeys (ConfUtils.java:logGet(43)) - raft.server.log.appender.buffer.byte-limit = 33554432 (custom)
2019-08-30 07:34:42,937 [acc690db-1381-479d-90ad-8aa346d73f29:group-70018C5AE2E4:LeaderElection12] INFO  server.RaftServerConfigKeys (ConfUtils.java:logGet(43)) - raft.server.log.appender.buffer.element-limit = 1 (custom)
2019-08-30 07:34:42,938 [acc690db-1381-479d-90ad-8aa346d73f29:group-70018C5AE2E4:LeaderElection12] INFO  grpc.GrpcConfigKeys$Server (ConfUtils.java:logGet(43)) - raft.grpc.server.leader.outstanding.appends.max = 128 (default)
2019-08-30 07:34:42,938 [acc690db-1381-479d-90ad-8aa346d73f29:group-70018C5AE2E4:LeaderElection12] INFO  server.RaftServerConfigKeys (ConfUtils.java:logGet(43)) - raft.server.rpc.request.timeout = 3000ms (default)
2019-08-30 07:34:42,938 [acc690db-1381-479d-90ad-8aa346d73f29:group-70018C5AE2E4:LeaderElection12] INFO  server.RaftServerConfigKeys (ConfUtils.java:logGet(43)) - raft.server.log.appender.install.snapshot.enabled = false (custom)
2019-08-30 07:34:42,939 [acc690db-1381-479d-90ad-8aa346d73f29:group-70018C5AE2E4:LeaderElection12] INFO  impl.RoleInfo (RoleInfo.java:updateAndGet(143)) - acc690db-1381-479d-90ad-8aa346d73f29: start LeaderState
2019-08-30 07:34:42,940 [acc690db-1381-479d-90ad-8aa346d73f29:group-70018C5AE2E4:LeaderElection12] INFO  segmented.SegmentedRaftLogWorker (SegmentedRaftLogWorker.java:startLogSegment(380)) - acc690db-1381-479d-90ad-8aa346d73f29-SegmentedRaftLogWorker:Storage Directory /workdir/hadoop-ozone/integration-test/target/test-dir/MiniOzoneClusterImpl-e2a0042e-8006-48d2-a527-f4f759a7d1b5/datanode-2/data/ratis/9779bb75-e5df-4048-98d0-70018c5ae2e4: Starting segment from index:0
2019-08-30 07:34:42,940 [acc690db-1381-479d-90ad-8aa346d73f29:group-70018C5AE2E4:LeaderElection12] INFO  impl.RaftServerImpl (ServerState.java:setRaftConf(361)) - acc690db-1381-479d-90ad-8aa346d73f29:group-70018C5AE2E4 set configuration 0: [acc690db-1381-479d-90ad-8aa346d73f29:192.168.5.156:37691, c1f9b5f6-3f1a-4e58-b5c3-6c327452b89e:192.168.5.156:46765, a45a7528-2ba0-4bc3-913c-850122b1269f:192.168.5.156:32945], old=null at 0
2019-08-30 07:34:42,979 [pool-82-thread-1] INFO  storage.RaftStorage (RaftStorage.java:format(72)) - Storage directory /workdir/hadoop-ozone/integration-test/target/test-dir/MiniOzoneClusterImpl-e2a0042e-8006-48d2-a527-f4f759a7d1b5/datanode-5/data/ratis/1e16680b-1ee8-4d8c-9dfc-186677e0c462 has been successfully formatted.
2019-08-30 07:34:42,980 [pool-82-thread-1] INFO  ratis.ContainerStateMachine (ContainerStateMachine.java:loadSnapshot(226)) - group-186677E0C462: The snapshot info is null. Setting the last applied indexto:(t:0, i:~)
2019-08-30 07:34:42,980 | INFO  | SCMAudit | user=jenkins1000 | ip=192.168.5.156 | op=SEND_HEARTBEAT {datanodeUUID=4a5ae11c-f2ff-4cf6-9dca-760126bc39ff, command=[]} | ret=SUCCESS |  
2019-08-30 07:34:42,980 [pool-82-thread-1] INFO  server.RaftServerConfigKeys (ConfUtils.java:logGet(43)) - raft.server.leader.election.timeout = 120s (custom)
2019-08-30 07:34:42,980 [pool-82-thread-1] INFO  server.RaftServerConfigKeys (ConfUtils.java:logGet(43)) - raft.server.log.use.memory = false (default)
2019-08-30 07:34:42,980 [pool-82-thread-1] INFO  server.RaftServerConfigKeys (ConfUtils.java:logGet(43)) - raft.server.log.purge.gap = 1000000 (custom)
2019-08-30 07:34:42,980 [pool-82-thread-1] INFO  server.RaftServerConfigKeys (ConfUtils.java:logGet(43)) - raft.server.log.appender.buffer.byte-limit = 33554432 (custom)
2019-08-30 07:34:42,980 [pool-82-thread-1] INFO  server.RaftServerConfigKeys (ConfUtils.java:logGet(43)) - raft.server.log.segment.size.max = 1048576 (custom)
2019-08-30 07:34:42,984 [pool-82-thread-1] INFO  server.RaftServerConfigKeys (ConfUtils.java:logGet(43)) - raft.server.log.segment.cache.num.max = 2 (custom)
2019-08-30 07:34:42,984 [grpc-default-executor-0] INFO  impl.RaftServerImpl (ServerState.java:setLeader(263)) - a45a7528-2ba0-4bc3-913c-850122b1269f:group-70018C5AE2E4 change Leader from null to acc690db-1381-479d-90ad-8aa346d73f29 at term 1 for appendEntries, leader elected after 10094ms
2019-08-30 07:34:42,984 [pool-82-thread-1] INFO  segmented.SegmentedRaftLogWorker (SegmentedRaftLogWorker.java:<init>(172)) - new c1f9b5f6-3f1a-4e58-b5c3-6c327452b89e-SegmentedRaftLogWorker:Storage Directory /workdir/hadoop-ozone/integration-test/target/test-dir/MiniOzoneClusterImpl-e2a0042e-8006-48d2-a527-f4f759a7d1b5/datanode-5/data/ratis/1e16680b-1ee8-4d8c-9dfc-186677e0c462 for RaftStorage:Storage Directory /workdir/hadoop-ozone/integration-test/target/test-dir/MiniOzoneClusterImpl-e2a0042e-8006-48d2-a527-f4f759a7d1b5/datanode-5/data/ratis/1e16680b-1ee8-4d8c-9dfc-186677e0c462
2019-08-30 07:34:42,984 [grpc-default-executor-1] INFO  impl.RaftServerImpl (ServerState.java:setLeader(263)) - c1f9b5f6-3f1a-4e58-b5c3-6c327452b89e:group-70018C5AE2E4 change Leader from null to acc690db-1381-479d-90ad-8aa346d73f29 at term 1 for appendEntries, leader elected after 7817ms
2019-08-30 07:34:42,985 [pool-82-thread-1] INFO  server.RaftServerConfigKeys (ConfUtils.java:logGet(43)) - raft.server.log.queue.byte-limit = 2147483647 (custom)
2019-08-30 07:34:42,987 [pool-82-thread-1] INFO  server.RaftServerConfigKeys (ConfUtils.java:logGet(43)) - raft.server.log.queue.element-limit = 1024 (custom)
2019-08-30 07:34:42,987 [pool-82-thread-1] INFO  server.RaftServerConfigKeys (ConfUtils.java:logGet(43)) - raft.server.log.segment.size.max = 1048576 (custom)
2019-08-30 07:34:42,987 [pool-82-thread-1] INFO  server.RaftServerConfigKeys (ConfUtils.java:logGet(43)) - raft.server.log.preallocated.size = 16384 (custom)
2019-08-30 07:34:42,987 [pool-82-thread-1] INFO  server.RaftServerConfigKeys (ConfUtils.java:logGet(43)) - raft.server.log.write.buffer.size = 33554432 (custom)
2019-08-30 07:34:42,987 [pool-82-thread-1] INFO  server.RaftServerConfigKeys (ConfUtils.java:logGet(43)) - raft.server.log.force.sync.num = 128 (default)
2019-08-30 07:34:42,987 [pool-82-thread-1] INFO  server.RaftServerConfigKeys (ConfUtils.java:logGet(43)) - raft.server.log.statemachine.data.sync = true (default)
2019-08-30 07:34:42,988 [pool-82-thread-1] INFO  server.RaftServerConfigKeys (ConfUtils.java:logGet(43)) - raft.server.log.statemachine.data.sync.timeout = 10s (default)
2019-08-30 07:34:42,988 [pool-82-thread-1] INFO  server.RaftServerConfigKeys (ConfUtils.java:logGet(43)) - raft.server.log.statemachine.data.sync.timeout.retry = -1 (default)
2019-08-30 07:34:42,988 [pool-82-thread-1] INFO  server.RaftServerConfigKeys (ConfUtils.java:logGet(43)) - raft.server.log.statemachine.data.caching.enabled = true (custom)
2019-08-30 07:34:42,997 | INFO  | SCMAudit | user=jenkins1000 | ip=192.168.5.156 | op=SEND_HEARTBEAT {datanodeUUID=c1f9b5f6-3f1a-4e58-b5c3-6c327452b89e, command=[]} | ret=SUCCESS |  
2019-08-30 07:34:43,010 [pool-82-thread-1] INFO  segmented.SegmentedRaftLogWorker (SegmentedRaftLogWorker.java:lambda$new$0(132)) - c1f9b5f6-3f1a-4e58-b5c3-6c327452b89e-SegmentedRaftLogWorker:Storage Directory /workdir/hadoop-ozone/integration-test/target/test-dir/MiniOzoneClusterImpl-e2a0042e-8006-48d2-a527-f4f759a7d1b5/datanode-5/data/ratis/1e16680b-1ee8-4d8c-9dfc-186677e0c462: flushIndex: setUnconditionally 0 -> -1
2019-08-30 07:34:43,011 [pool-82-thread-1] INFO  server.RaftServerConfigKeys (ConfUtils.java:logGet(43)) - raft.server.snapshot.auto.trigger.enabled = true (custom)
2019-08-30 07:34:43,011 [pool-82-thread-1] INFO  server.RaftServerConfigKeys (ConfUtils.java:logGet(43)) - raft.server.snapshot.auto.trigger.threshold = 10000 (custom)
2019-08-30 07:34:43,012 [pool-82-thread-1] INFO  server.RaftServerConfigKeys (ConfUtils.java:logGet(43)) - raft.server.retrycache.expirytime = 600000ms (custom)
2019-08-30 07:34:43,012 [pool-82-thread-1] INFO  impl.RaftServerImpl (RaftServerImpl.java:start(180)) - c1f9b5f6-3f1a-4e58-b5c3-6c327452b89e: start group-C640FB00525B
2019-08-30 07:34:43,012 [pool-82-thread-1] INFO  impl.RaftServerImpl (RaftServerImpl.java:setRole(171)) - c1f9b5f6-3f1a-4e58-b5c3-6c327452b89e:group-C640FB00525B changes role from null to FOLLOWER at term 0 for startAsFollower
2019-08-30 07:34:43,012 [pool-82-thread-1] INFO  impl.RoleInfo (RoleInfo.java:updateAndGet(143)) - c1f9b5f6-3f1a-4e58-b5c3-6c327452b89e: start FollowerState
2019-08-30 07:34:43,020 [pool-82-thread-1] INFO  util.JmxRegister (JmxRegister.java:tryRegister(44)) - Successfully registered JMX Bean with object name Ratis:service=RaftServer,group=group-C640FB00525B,id=c1f9b5f6-3f1a-4e58-b5c3-6c327452b89e
2019-08-30 07:34:43,028 [pool-82-thread-1] INFO  impl.RaftServerImpl (RaftServerImpl.java:start(180)) - c1f9b5f6-3f1a-4e58-b5c3-6c327452b89e: start group-CA76A3A1922C
2019-08-30 07:34:43,028 [pool-82-thread-1] INFO  impl.RaftServerImpl (RaftServerImpl.java:setRole(171)) - c1f9b5f6-3f1a-4e58-b5c3-6c327452b89e:group-CA76A3A1922C changes role from null to FOLLOWER at term 0 for startAsFollower
2019-08-30 07:34:43,028 [pool-82-thread-1] INFO  impl.RoleInfo (RoleInfo.java:updateAndGet(143)) - c1f9b5f6-3f1a-4e58-b5c3-6c327452b89e: start FollowerState
2019-08-30 07:34:43,028 [acc690db-1381-479d-90ad-8aa346d73f29-SegmentedRaftLogWorker:Storage Directory /workdir/hadoop-ozone/integration-test/target/test-dir/MiniOzoneClusterImpl-e2a0042e-8006-48d2-a527-f4f759a7d1b5/datanode-2/data/ratis/9779bb75-e5df-4048-98d0-70018c5ae2e4] INFO  segmented.SegmentedRaftLogWorker (SegmentedRaftLogWorker.java:execute(569)) - acc690db-1381-479d-90ad-8aa346d73f29-SegmentedRaftLogWorker:Storage Directory /workdir/hadoop-ozone/integration-test/target/test-dir/MiniOzoneClusterImpl-e2a0042e-8006-48d2-a527-f4f759a7d1b5/datanode-2/data/ratis/9779bb75-e5df-4048-98d0-70018c5ae2e4: created new log segment /workdir/hadoop-ozone/integration-test/target/test-dir/MiniOzoneClusterImpl-e2a0042e-8006-48d2-a527-f4f759a7d1b5/datanode-2/data/ratis/9779bb75-e5df-4048-98d0-70018c5ae2e4/current/log_inprogress_0
2019-08-30 07:34:43,029 [pool-82-thread-1] INFO  util.JmxRegister (JmxRegister.java:tryRegister(44)) - Successfully registered JMX Bean with object name Ratis:service=RaftServer,group=group-CA76A3A1922C,id=c1f9b5f6-3f1a-4e58-b5c3-6c327452b89e
2019-08-30 07:34:43,029 [pool-82-thread-1] INFO  impl.RaftServerImpl (RaftServerImpl.java:start(180)) - c1f9b5f6-3f1a-4e58-b5c3-6c327452b89e: start group-F9B49111EF33
2019-08-30 07:34:43,029 [pool-82-thread-1] INFO  impl.RaftServerImpl (RaftServerImpl.java:setRole(171)) - c1f9b5f6-3f1a-4e58-b5c3-6c327452b89e:group-F9B49111EF33 changes role from null to FOLLOWER at term 0 for startAsFollower
2019-08-30 07:34:43,029 [pool-82-thread-1] INFO  impl.RoleInfo (RoleInfo.java:updateAndGet(143)) - c1f9b5f6-3f1a-4e58-b5c3-6c327452b89e: start FollowerState
2019-08-30 07:34:43,030 [pool-82-thread-1] INFO  util.JmxRegister (JmxRegister.java:tryRegister(44)) - Successfully registered JMX Bean with object name Ratis:service=RaftServer,group=group-F9B49111EF33,id=c1f9b5f6-3f1a-4e58-b5c3-6c327452b89e
2019-08-30 07:34:43,030 [pool-82-thread-1] INFO  impl.RaftServerImpl (RaftServerImpl.java:start(180)) - c1f9b5f6-3f1a-4e58-b5c3-6c327452b89e: start group-186677E0C462
2019-08-30 07:34:43,030 [pool-82-thread-1] INFO  impl.RaftServerImpl (RaftServerImpl.java:setRole(171)) - c1f9b5f6-3f1a-4e58-b5c3-6c327452b89e:group-186677E0C462 changes role from null to FOLLOWER at term 0 for startAsFollower
2019-08-30 07:34:43,031 [pool-82-thread-1] INFO  impl.RoleInfo (RoleInfo.java:updateAndGet(143)) - c1f9b5f6-3f1a-4e58-b5c3-6c327452b89e: start FollowerState
2019-08-30 07:34:43,031 [pool-82-thread-1] INFO  util.JmxRegister (JmxRegister.java:tryRegister(44)) - Successfully registered JMX Bean with object name Ratis:service=RaftServer,group=group-186677E0C462,id=c1f9b5f6-3f1a-4e58-b5c3-6c327452b89e
2019-08-30 07:34:43,035 [grpc-default-executor-1] INFO  impl.RaftServerImpl (ServerState.java:setRaftConf(361)) - c1f9b5f6-3f1a-4e58-b5c3-6c327452b89e:group-70018C5AE2E4 set configuration 0: [acc690db-1381-479d-90ad-8aa346d73f29:192.168.5.156:37691, c1f9b5f6-3f1a-4e58-b5c3-6c327452b89e:192.168.5.156:46765, a45a7528-2ba0-4bc3-913c-850122b1269f:192.168.5.156:32945], old=null at 0
2019-08-30 07:34:43,037 [grpc-default-executor-0] INFO  impl.RaftServerImpl (ServerState.java:setRaftConf(361)) - a45a7528-2ba0-4bc3-913c-850122b1269f:group-70018C5AE2E4 set configuration 0: [acc690db-1381-479d-90ad-8aa346d73f29:192.168.5.156:37691, c1f9b5f6-3f1a-4e58-b5c3-6c327452b89e:192.168.5.156:46765, a45a7528-2ba0-4bc3-913c-850122b1269f:192.168.5.156:32945], old=null at 0
2019-08-30 07:34:43,037 [grpc-default-executor-1] INFO  segmented.SegmentedRaftLogWorker (SegmentedRaftLogWorker.java:startLogSegment(380)) - c1f9b5f6-3f1a-4e58-b5c3-6c327452b89e-SegmentedRaftLogWorker:Storage Directory /workdir/hadoop-ozone/integration-test/target/test-dir/MiniOzoneClusterImpl-e2a0042e-8006-48d2-a527-f4f759a7d1b5/datanode-5/data/ratis/9779bb75-e5df-4048-98d0-70018c5ae2e4: Starting segment from index:0
2019-08-30 07:34:43,038 [grpc-default-executor-0] INFO  segmented.SegmentedRaftLogWorker (SegmentedRaftLogWorker.java:startLogSegment(380)) - a45a7528-2ba0-4bc3-913c-850122b1269f-SegmentedRaftLogWorker:Storage Directory /workdir/hadoop-ozone/integration-test/target/test-dir/MiniOzoneClusterImpl-e2a0042e-8006-48d2-a527-f4f759a7d1b5/datanode-1/data/ratis/9779bb75-e5df-4048-98d0-70018c5ae2e4: Starting segment from index:0
2019-08-30 07:34:43,043 [IPC Server handler 0 on 35085] INFO  pipeline.PipelineStateManager (PipelineStateManager.java:addPipeline(56)) - Created pipeline Pipeline[ Id: 1e16680b-1ee8-4d8c-9dfc-186677e0c462, Nodes: c1f9b5f6-3f1a-4e58-b5c3-6c327452b89e{ip: 192.168.5.156, host: pr-hdds-1569-5th2c-4253854396, networkLocation: /default-rack, certSerialId: null}acc690db-1381-479d-90ad-8aa346d73f29{ip: 192.168.5.156, host: pr-hdds-1569-5th2c-4253854396, networkLocation: /default-rack, certSerialId: null}a45a7528-2ba0-4bc3-913c-850122b1269f{ip: 192.168.5.156, host: pr-hdds-1569-5th2c-4253854396, networkLocation: /default-rack, certSerialId: null}, Type:RATIS, Factor:THREE, State:OPEN]
2019-08-30 07:34:43,080 | INFO  | SCMAudit | user=jenkins1000 | ip=192.168.5.156 | op=ALLOCATE_BLOCK {owner=12c455e3-0670-4406-8c05-8af39417c267, size=4194304, type=RATIS, factor=THREE} | ret=SUCCESS |  
2019-08-30 07:34:43,085 | ERROR | OMAudit | user=jenkins1000 | ip=127.0.0.1 | op=ALLOCATE_KEY {volume=datanodefailurehandlingtest, bucket=datanodefailurehandlingtest, key=26e72f36-406d-4d5b-9efc-44093a16f84e, dataSize=25165824, replicationType=RATIS, replicationFactor=THREE, keyLocationInfo=null} | ret=FAILURE | org.apache.hadoop.hdds.scm.exceptions.SCMException: Allocated 2 blocks. Requested 6 blocks
	at org.apache.hadoop.hdds.scm.protocolPB.ScmBlockLocationProtocolClientSideTranslatorPB.handleError(ScmBlockLocationProtocolClientSideTranslatorPB.java:118)
	at org.apache.hadoop.hdds.scm.protocolPB.ScmBlockLocationProtocolClientSideTranslatorPB.allocateBlock(ScmBlockLocationProtocolClientSideTranslatorPB.java:156) 
2019-08-30 07:34:43,089 [main] INFO  ozone.MiniOzoneClusterImpl (MiniOzoneClusterImpl.java:shutdown(321)) - Shutting down the Mini Ozone Cluster
2019-08-30 07:34:43,090 | INFO  | SCMAudit | user=null | ip=null | op=GET_SCM_INFO null | ret=SUCCESS |  
2019-08-30 07:34:43,090 [main] INFO  ozone.MiniOzoneClusterImpl (MiniOzoneClusterImpl.java:stop(336)) - Stopping the Mini Ozone Cluster
2019-08-30 07:34:43,090 [main] INFO  ozone.MiniOzoneClusterImpl (MiniOzoneClusterImpl.java:stop(338)) - Stopping the OzoneManager
2019-08-30 07:34:43,090 [main] INFO  ipc.Server (Server.java:stop(3082)) - Stopping server on 46530
2019-08-30 07:34:43,105 [IPC Server listener on 46530] INFO  ipc.Server (Server.java:run(1185)) - Stopping IPC Server listener on 46530
2019-08-30 07:34:43,107 [main] INFO  ratis.OzoneManagerDoubleBuffer (OzoneManagerDoubleBuffer.java:stop(248)) - Stopping OMDoubleBuffer flush thread
2019-08-30 07:34:43,114 [IPC Server Responder] INFO  ipc.Server (Server.java:run(1319)) - Stopping IPC Server Responder
2019-08-30 07:34:43,128 [OMDoubleBufferFlushThread] INFO  ratis.OzoneManagerDoubleBuffer (OzoneManagerDoubleBuffer.java:flushTransactions(191)) - OMDoubleBuffer flush thread OMDoubleBufferFlushThread is interrupted and will exit. OMDoubleBufferFlushThread
2019-08-30 07:34:43,130 [main] INFO  utils.BackgroundService (BackgroundService.java:shutdown(148)) - Shutting down service KeyDeletingService
2019-08-30 07:34:43,133 [main] INFO  handler.ContextHandler (ContextHandler.java:doStop(910)) - Stopped o.e.j.w.WebAppContext@69c93ca4{/,null,UNAVAILABLE}{/ozoneManager}
2019-08-30 07:34:43,138 [main] INFO  server.AbstractConnector (AbstractConnector.java:doStop(318)) - Stopped ServerConnector@63da207f{HTTP/1.1,[http/1.1]}{0.0.0.0:0}
2019-08-30 07:34:43,138 [main] INFO  handler.ContextHandler (ContextHandler.java:doStop(910)) - Stopped o.e.j.s.ServletContextHandler@64138b0c{/static,file:///workdir/hadoop-ozone/integration-test/target/test-classes/webapps/static,UNAVAILABLE}
2019-08-30 07:34:43,138 [main] INFO  handler.ContextHandler (ContextHandler.java:doStop(910)) - Stopped o.e.j.s.ServletContextHandler@4d74c3ba{/logs,file:///workdir/hadoop-ozone/integration-test/target/log,UNAVAILABLE}
2019-08-30 07:34:43,141 [main] INFO  ozone.MiniOzoneClusterImpl (MiniOzoneClusterImpl.java:stop(344)) - Shutting the HddsDatanodes
2019-08-30 07:34:43,142 [main] INFO  datanode.ObjectStoreHandler (ObjectStoreHandler.java:close(155)) - Closing ObjectStoreHandler.
2019-08-30 07:34:43,142 [ForkJoinPool.commonPool-worker-0] INFO  datanode.ObjectStoreHandler (ObjectStoreHandler.java:close(155)) - Closing ObjectStoreHandler.
2019-08-30 07:34:43,144 [main] INFO  ozone.HddsDatanodeService (HddsDatanodeService.java:stop(451)) - Stopped plug-in org.apache.hadoop.ozone.web.OzoneHddsDatanodeService@77663cd7
2019-08-30 07:34:43,144 [ForkJoinPool.commonPool-worker-0] INFO  ozone.HddsDatanodeService (HddsDatanodeService.java:stop(451)) - Stopped plug-in org.apache.hadoop.ozone.web.OzoneHddsDatanodeService@703fa45
2019-08-30 07:34:43,161 | INFO  | SCMAudit | user=jenkins1000 | ip=192.168.5.156 | op=SEND_HEARTBEAT {datanodeUUID=cf19ac65-0b70-4753-9cfc-44acb7cd902c, command=[]} | ret=SUCCESS |  
2019-08-30 07:34:43,180 | INFO  | SCMAudit | user=jenkins1000 | ip=192.168.5.156 | op=SEND_HEARTBEAT {datanodeUUID=f20ba990-a1ec-4251-b44f-b0954e9459c1, command=[]} | ret=SUCCESS |  
2019-08-30 07:34:43,202 | INFO  | SCMAudit | user=jenkins1000 | ip=192.168.5.156 | op=SEND_HEARTBEAT {datanodeUUID=fa47bd42-2000-4a68-b335-f6aa68ddcd76, command=[]} | ret=SUCCESS |  
2019-08-30 07:34:43,229 [c1f9b5f6-3f1a-4e58-b5c3-6c327452b89e-SegmentedRaftLogWorker:Storage Directory /workdir/hadoop-ozone/integration-test/target/test-dir/MiniOzoneClusterImpl-e2a0042e-8006-48d2-a527-f4f759a7d1b5/datanode-5/data/ratis/9779bb75-e5df-4048-98d0-70018c5ae2e4] INFO  segmented.SegmentedRaftLogWorker (SegmentedRaftLogWorker.java:execute(569)) - c1f9b5f6-3f1a-4e58-b5c3-6c327452b89e-SegmentedRaftLogWorker:Storage Directory /workdir/hadoop-ozone/integration-test/target/test-dir/MiniOzoneClusterImpl-e2a0042e-8006-48d2-a527-f4f759a7d1b5/datanode-5/data/ratis/9779bb75-e5df-4048-98d0-70018c5ae2e4: created new log segment /workdir/hadoop-ozone/integration-test/target/test-dir/MiniOzoneClusterImpl-e2a0042e-8006-48d2-a527-f4f759a7d1b5/datanode-5/data/ratis/9779bb75-e5df-4048-98d0-70018c5ae2e4/current/log_inprogress_0
2019-08-30 07:34:43,229 [a45a7528-2ba0-4bc3-913c-850122b1269f-SegmentedRaftLogWorker:Storage Directory /workdir/hadoop-ozone/integration-test/target/test-dir/MiniOzoneClusterImpl-e2a0042e-8006-48d2-a527-f4f759a7d1b5/datanode-1/data/ratis/9779bb75-e5df-4048-98d0-70018c5ae2e4] INFO  segmented.SegmentedRaftLogWorker (SegmentedRaftLogWorker.java:execute(569)) - a45a7528-2ba0-4bc3-913c-850122b1269f-SegmentedRaftLogWorker:Storage Directory /workdir/hadoop-ozone/integration-test/target/test-dir/MiniOzoneClusterImpl-e2a0042e-8006-48d2-a527-f4f759a7d1b5/datanode-1/data/ratis/9779bb75-e5df-4048-98d0-70018c5ae2e4: created new log segment /workdir/hadoop-ozone/integration-test/target/test-dir/MiniOzoneClusterImpl-e2a0042e-8006-48d2-a527-f4f759a7d1b5/datanode-1/data/ratis/9779bb75-e5df-4048-98d0-70018c5ae2e4/current/log_inprogress_0
2019-08-30 07:34:43,405 | INFO  | SCMAudit | user=jenkins1000 | ip=192.168.5.156 | op=SEND_HEARTBEAT {datanodeUUID=a45a7528-2ba0-4bc3-913c-850122b1269f, command=[]} | ret=SUCCESS |  
2019-08-30 07:34:43,413 | INFO  | SCMAudit | user=jenkins1000 | ip=192.168.5.156 | op=SEND_HEARTBEAT {datanodeUUID=28af1cec-03f6-4f1e-ae7b-b0964308b7ec, command=[]} | ret=SUCCESS |  
2019-08-30 07:34:43,424 [Thread-354] INFO  impl.FollowerState (FollowerState.java:run(106)) - f20ba990-a1ec-4251-b44f-b0954e9459c1:group-BC5BBD1BED6A changes to CANDIDATE, lastRpcTime:1071, electionTimeout:1066ms
2019-08-30 07:34:43,434 [Thread-354] INFO  impl.RoleInfo (RoleInfo.java:shutdownFollowerState(121)) - f20ba990-a1ec-4251-b44f-b0954e9459c1: shutdown FollowerState
2019-08-30 07:34:43,434 [Thread-354] INFO  impl.RaftServerImpl (RaftServerImpl.java:setRole(171)) - f20ba990-a1ec-4251-b44f-b0954e9459c1:group-BC5BBD1BED6A changes role from FOLLOWER to CANDIDATE at term 3 for changeToCandidate
2019-08-30 07:34:43,434 [Thread-354] INFO  impl.RoleInfo (RoleInfo.java:updateAndGet(143)) - f20ba990-a1ec-4251-b44f-b0954e9459c1: start LeaderElection
2019-08-30 07:34:43,438 [Thread-355] INFO  impl.FollowerState (FollowerState.java:run(106)) - acc690db-1381-479d-90ad-8aa346d73f29:group-BC5BBD1BED6A changes to CANDIDATE, lastRpcTime:1085, electionTimeout:1077ms
2019-08-30 07:34:43,438 [Thread-355] INFO  impl.RoleInfo (RoleInfo.java:shutdownFollowerState(121)) - acc690db-1381-479d-90ad-8aa346d73f29: shutdown FollowerState
2019-08-30 07:34:43,438 [Thread-355] INFO  impl.RaftServerImpl (RaftServerImpl.java:setRole(171)) - acc690db-1381-479d-90ad-8aa346d73f29:group-BC5BBD1BED6A changes role from FOLLOWER to CANDIDATE at term 3 for changeToCandidate
2019-08-30 07:34:43,438 [Thread-355] INFO  impl.RoleInfo (RoleInfo.java:updateAndGet(143)) - acc690db-1381-479d-90ad-8aa346d73f29: start LeaderElection
2019-08-30 07:34:43,504 [Thread-357] INFO  impl.FollowerState (FollowerState.java:run(106)) - a45a7528-2ba0-4bc3-913c-850122b1269f:group-BC5BBD1BED6A changes to CANDIDATE, lastRpcTime:1146, electionTimeout:1144ms
2019-08-30 07:34:43,505 [Thread-357] INFO  impl.RoleInfo (RoleInfo.java:shutdownFollowerState(121)) - a45a7528-2ba0-4bc3-913c-850122b1269f: shutdown FollowerState
2019-08-30 07:34:43,505 [Thread-357] INFO  impl.RaftServerImpl (RaftServerImpl.java:setRole(171)) - a45a7528-2ba0-4bc3-913c-850122b1269f:group-BC5BBD1BED6A changes role from FOLLOWER to CANDIDATE at term 3 for changeToCandidate
2019-08-30 07:34:43,505 [Thread-357] INFO  impl.RoleInfo (RoleInfo.java:updateAndGet(143)) - a45a7528-2ba0-4bc3-913c-850122b1269f: start LeaderElection
2019-08-30 07:34:43,510 [acc690db-1381-479d-90ad-8aa346d73f29:group-BC5BBD1BED6A:LeaderElection15] INFO  impl.LeaderElection (LeaderElection.java:askForVotes(181)) - acc690db-1381-479d-90ad-8aa346d73f29:group-BC5BBD1BED6A:LeaderElection15: begin an election at term 4 for -1: [acc690db-1381-479d-90ad-8aa346d73f29:192.168.5.156:37691, f20ba990-a1ec-4251-b44f-b0954e9459c1:192.168.5.156:36913, a45a7528-2ba0-4bc3-913c-850122b1269f:192.168.5.156:32945], old=null
2019-08-30 07:34:43,510 [f20ba990-a1ec-4251-b44f-b0954e9459c1:group-BC5BBD1BED6A:LeaderElection14] INFO  impl.LeaderElection (LeaderElection.java:askForVotes(181)) - f20ba990-a1ec-4251-b44f-b0954e9459c1:group-BC5BBD1BED6A:LeaderElection14: begin an election at term 4 for -1: [acc690db-1381-479d-90ad-8aa346d73f29:192.168.5.156:37691, f20ba990-a1ec-4251-b44f-b0954e9459c1:192.168.5.156:36913, a45a7528-2ba0-4bc3-913c-850122b1269f:192.168.5.156:32945], old=null
2019-08-30 07:34:43,528 [Thread-361] INFO  impl.FollowerState (FollowerState.java:run(106)) - a45a7528-2ba0-4bc3-913c-850122b1269f:group-976E926B68E9 changes to CANDIDATE, lastRpcTime:1043, electionTimeout:1043ms
2019-08-30 07:34:43,528 [Thread-361] INFO  impl.RoleInfo (RoleInfo.java:shutdownFollowerState(121)) - a45a7528-2ba0-4bc3-913c-850122b1269f: shutdown FollowerState
2019-08-30 07:34:43,528 [Thread-361] INFO  impl.RaftServerImpl (RaftServerImpl.java:setRole(171)) - a45a7528-2ba0-4bc3-913c-850122b1269f:group-976E926B68E9 changes role from FOLLOWER to CANDIDATE at term 0 for changeToCandidate
2019-08-30 07:34:43,528 [Thread-361] INFO  impl.RoleInfo (RoleInfo.java:updateAndGet(143)) - a45a7528-2ba0-4bc3-913c-850122b1269f: start LeaderElection
2019-08-30 07:34:43,565 [Thread-369] INFO  impl.FollowerState (FollowerState.java:run(106)) - acc690db-1381-479d-90ad-8aa346d73f29:group-C640FB00525B changes to CANDIDATE, lastRpcTime:1075, electionTimeout:1075ms
2019-08-30 07:34:43,565 [Thread-369] INFO  impl.RoleInfo (RoleInfo.java:shutdownFollowerState(121)) - acc690db-1381-479d-90ad-8aa346d73f29: shutdown FollowerState
2019-08-30 07:34:43,565 [Thread-369] INFO  impl.RaftServerImpl (RaftServerImpl.java:setRole(171)) - acc690db-1381-479d-90ad-8aa346d73f29:group-C640FB00525B changes role from FOLLOWER to CANDIDATE at term 0 for changeToCandidate
2019-08-30 07:34:43,565 [Thread-369] INFO  impl.RoleInfo (RoleInfo.java:updateAndGet(143)) - acc690db-1381-479d-90ad-8aa346d73f29: start LeaderElection
2019-08-30 07:34:43,573 [Thread-367] INFO  impl.FollowerState (FollowerState.java:run(106)) - acc690db-1381-479d-90ad-8aa346d73f29:group-976E926B68E9 changes to CANDIDATE, lastRpcTime:1085, electionTimeout:1082ms
2019-08-30 07:34:43,573 [Thread-367] INFO  impl.RoleInfo (RoleInfo.java:shutdownFollowerState(121)) - acc690db-1381-479d-90ad-8aa346d73f29: shutdown FollowerState
2019-08-30 07:34:43,573 [Thread-367] INFO  impl.RaftServerImpl (RaftServerImpl.java:setRole(171)) - acc690db-1381-479d-90ad-8aa346d73f29:group-976E926B68E9 changes role from FOLLOWER to CANDIDATE at term 0 for changeToCandidate
2019-08-30 07:34:43,573 [Thread-367] INFO  impl.RoleInfo (RoleInfo.java:updateAndGet(143)) - acc690db-1381-479d-90ad-8aa346d73f29: start LeaderElection
2019-08-30 07:34:43,603 | INFO  | SCMAudit | user=jenkins1000 | ip=192.168.5.156 | op=SEND_HEARTBEAT {datanodeUUID=905b07e9-2fc0-493e-9dc2-ae90eb733c4f, command=[]} | ret=SUCCESS |  
2019-08-30 07:34:43,672 [a45a7528-2ba0-4bc3-913c-850122b1269f:group-976E926B68E9:LeaderElection17] INFO  impl.LeaderElection (LeaderElection.java:askForVotes(181)) - a45a7528-2ba0-4bc3-913c-850122b1269f:group-976E926B68E9:LeaderElection17: begin an election at term 1 for -1: [acc690db-1381-479d-90ad-8aa346d73f29:192.168.5.156:37691, c1f9b5f6-3f1a-4e58-b5c3-6c327452b89e:192.168.5.156:46765, a45a7528-2ba0-4bc3-913c-850122b1269f:192.168.5.156:32945], old=null
2019-08-30 07:34:43,672 [a45a7528-2ba0-4bc3-913c-850122b1269f:group-BC5BBD1BED6A:LeaderElection16] INFO  impl.LeaderElection (LeaderElection.java:askForVotes(181)) - a45a7528-2ba0-4bc3-913c-850122b1269f:group-BC5BBD1BED6A:LeaderElection16: begin an election at term 4 for -1: [acc690db-1381-479d-90ad-8aa346d73f29:192.168.5.156:37691, f20ba990-a1ec-4251-b44f-b0954e9459c1:192.168.5.156:36913, a45a7528-2ba0-4bc3-913c-850122b1269f:192.168.5.156:32945], old=null
2019-08-30 07:34:43,673 [Thread-364] INFO  impl.FollowerState (FollowerState.java:run(106)) - a45a7528-2ba0-4bc3-913c-850122b1269f:group-C640FB00525B changes to CANDIDATE, lastRpcTime:1186, electionTimeout:1186ms
2019-08-30 07:34:43,673 [Thread-364] INFO  impl.RoleInfo (RoleInfo.java:shutdownFollowerState(121)) - a45a7528-2ba0-4bc3-913c-850122b1269f: shutdown FollowerState
2019-08-30 07:34:43,673 [Thread-364] INFO  impl.RaftServerImpl (RaftServerImpl.java:setRole(171)) - a45a7528-2ba0-4bc3-913c-850122b1269f:group-C640FB00525B changes role from FOLLOWER to CANDIDATE at term 0 for changeToCandidate
2019-08-30 07:34:43,673 [Thread-364] INFO  impl.RoleInfo (RoleInfo.java:updateAndGet(143)) - a45a7528-2ba0-4bc3-913c-850122b1269f: start LeaderElection
2019-08-30 07:34:43,680 [acc690db-1381-479d-90ad-8aa346d73f29:group-BC5BBD1BED6A:LeaderElection15] INFO  impl.LeaderElection (LeaderElection.java:logAndReturn(56)) - acc690db-1381-479d-90ad-8aa346d73f29:group-BC5BBD1BED6A:LeaderElection15: Election REJECTED; received 2 response(s) [acc690db-1381-479d-90ad-8aa346d73f29<-f20ba990-a1ec-4251-b44f-b0954e9459c1#0:FAIL-t4, acc690db-1381-479d-90ad-8aa346d73f29<-a45a7528-2ba0-4bc3-913c-850122b1269f#0:FAIL-t4] and 0 exception(s); acc690db-1381-479d-90ad-8aa346d73f29:t4, leader=null, voted=acc690db-1381-479d-90ad-8aa346d73f29, raftlog=acc690db-1381-479d-90ad-8aa346d73f29-SegmentedRaftLog:OPENED:c-1,f-1,i0, conf=-1: [acc690db-1381-479d-90ad-8aa346d73f29:192.168.5.156:37691, f20ba990-a1ec-4251-b44f-b0954e9459c1:192.168.5.156:36913, a45a7528-2ba0-4bc3-913c-850122b1269f:192.168.5.156:32945], old=null
2019-08-30 07:34:43,681 [acc690db-1381-479d-90ad-8aa346d73f29:group-BC5BBD1BED6A:LeaderElection15] INFO  impl.RaftServerImpl (RaftServerImpl.java:setRole(171)) - acc690db-1381-479d-90ad-8aa346d73f29:group-BC5BBD1BED6A changes role from CANDIDATE to FOLLOWER at term 4 for DISCOVERED_A_NEW_TERM
2019-08-30 07:34:43,681 [f20ba990-a1ec-4251-b44f-b0954e9459c1:group-BC5BBD1BED6A:LeaderElection14] INFO  impl.LeaderElection (LeaderElection.java:logAndReturn(56)) - f20ba990-a1ec-4251-b44f-b0954e9459c1:group-BC5BBD1BED6A:LeaderElection14: Election REJECTED; received 2 response(s) [f20ba990-a1ec-4251-b44f-b0954e9459c1<-acc690db-1381-479d-90ad-8aa346d73f29#0:FAIL-t4, f20ba990-a1ec-4251-b44f-b0954e9459c1<-a45a7528-2ba0-4bc3-913c-850122b1269f#0:FAIL-t4] and 0 exception(s); f20ba990-a1ec-4251-b44f-b0954e9459c1:t4, leader=null, voted=f20ba990-a1ec-4251-b44f-b0954e9459c1, raftlog=f20ba990-a1ec-4251-b44f-b0954e9459c1-SegmentedRaftLog:OPENED:c-1,f-1,i0, conf=-1: [acc690db-1381-479d-90ad-8aa346d73f29:192.168.5.156:37691, f20ba990-a1ec-4251-b44f-b0954e9459c1:192.168.5.156:36913, a45a7528-2ba0-4bc3-913c-850122b1269f:192.168.5.156:32945], old=null
2019-08-30 07:34:43,683 [acc690db-1381-479d-90ad-8aa346d73f29:group-BC5BBD1BED6A:LeaderElection15] INFO  impl.RoleInfo (RoleInfo.java:shutdownLeaderElection(134)) - acc690db-1381-479d-90ad-8aa346d73f29: shutdown LeaderElection
2019-08-30 07:34:43,683 [f20ba990-a1ec-4251-b44f-b0954e9459c1:group-BC5BBD1BED6A:LeaderElection14] INFO  impl.RaftServerImpl (RaftServerImpl.java:setRole(171)) - f20ba990-a1ec-4251-b44f-b0954e9459c1:group-BC5BBD1BED6A changes role from CANDIDATE to FOLLOWER at term 4 for DISCOVERED_A_NEW_TERM
2019-08-30 07:34:43,687 [acc690db-1381-479d-90ad-8aa346d73f29:group-BC5BBD1BED6A:LeaderElection15] INFO  impl.RoleInfo (RoleInfo.java:updateAndGet(143)) - acc690db-1381-479d-90ad-8aa346d73f29: start FollowerState
2019-08-30 07:34:43,687 [f20ba990-a1ec-4251-b44f-b0954e9459c1:group-BC5BBD1BED6A:LeaderElection14] INFO  impl.RoleInfo (RoleInfo.java:shutdownLeaderElection(134)) - f20ba990-a1ec-4251-b44f-b0954e9459c1: shutdown LeaderElection
2019-08-30 07:34:43,688 [grpc-default-executor-0] INFO  impl.RaftServerImpl (RaftServerImpl.java:setRole(171)) - c1f9b5f6-3f1a-4e58-b5c3-6c327452b89e:group-976E926B68E9 changes role from FOLLOWER to FOLLOWER at term 1 for recognizeCandidate:a45a7528-2ba0-4bc3-913c-850122b1269f
2019-08-30 07:34:43,690 [f20ba990-a1ec-4251-b44f-b0954e9459c1:group-BC5BBD1BED6A:LeaderElection14] INFO  impl.RoleInfo (RoleInfo.java:updateAndGet(143)) - f20ba990-a1ec-4251-b44f-b0954e9459c1: start FollowerState
2019-08-30 07:34:43,690 [grpc-default-executor-0] INFO  impl.RoleInfo (RoleInfo.java:shutdownFollowerState(121)) - c1f9b5f6-3f1a-4e58-b5c3-6c327452b89e: shutdown FollowerState
2019-08-30 07:34:43,692 [grpc-default-executor-0] INFO  impl.RoleInfo (RoleInfo.java:updateAndGet(143)) - c1f9b5f6-3f1a-4e58-b5c3-6c327452b89e: start FollowerState
2019-08-30 07:34:43,692 [Thread-381] INFO  impl.FollowerState (FollowerState.java:run(114)) - c1f9b5f6-3f1a-4e58-b5c3-6c327452b89e: FollowerState was interrupted: java.lang.InterruptedException: sleep interrupted
2019-08-30 07:34:43,694 [a45a7528-2ba0-4bc3-913c-850122b1269f:group-BC5BBD1BED6A:LeaderElection16] INFO  impl.LeaderElection (LeaderElection.java:logAndReturn(56)) - a45a7528-2ba0-4bc3-913c-850122b1269f:group-BC5BBD1BED6A:LeaderElection16: Election REJECTED; received 2 response(s) [a45a7528-2ba0-4bc3-913c-850122b1269f<-acc690db-1381-479d-90ad-8aa346d73f29#0:FAIL-t4, a45a7528-2ba0-4bc3-913c-850122b1269f<-f20ba990-a1ec-4251-b44f-b0954e9459c1#0:FAIL-t4] and 0 exception(s); a45a7528-2ba0-4bc3-913c-850122b1269f:t4, leader=null, voted=a45a7528-2ba0-4bc3-913c-850122b1269f, raftlog=a45a7528-2ba0-4bc3-913c-850122b1269f-SegmentedRaftLog:OPENED:c-1,f-1,i0, conf=-1: [acc690db-1381-479d-90ad-8aa346d73f29:192.168.5.156:37691, f20ba990-a1ec-4251-b44f-b0954e9459c1:192.168.5.156:36913, a45a7528-2ba0-4bc3-913c-850122b1269f:192.168.5.156:32945], old=null
2019-08-30 07:34:43,694 [a45a7528-2ba0-4bc3-913c-850122b1269f:group-BC5BBD1BED6A:LeaderElection16] INFO  impl.RaftServerImpl (RaftServerImpl.java:setRole(171)) - a45a7528-2ba0-4bc3-913c-850122b1269f:group-BC5BBD1BED6A changes role from CANDIDATE to FOLLOWER at term 4 for DISCOVERED_A_NEW_TERM
2019-08-30 07:34:43,696 [a45a7528-2ba0-4bc3-913c-850122b1269f:group-BC5BBD1BED6A:LeaderElection16] INFO  impl.RoleInfo (RoleInfo.java:shutdownLeaderElection(134)) - a45a7528-2ba0-4bc3-913c-850122b1269f: shutdown LeaderElection
2019-08-30 07:34:43,696 [a45a7528-2ba0-4bc3-913c-850122b1269f:group-BC5BBD1BED6A:LeaderElection16] INFO  impl.RoleInfo (RoleInfo.java:updateAndGet(143)) - a45a7528-2ba0-4bc3-913c-850122b1269f: start FollowerState
2019-08-30 07:34:43,727 [acc690db-1381-479d-90ad-8aa346d73f29:group-C640FB00525B:LeaderElection18] INFO  impl.LeaderElection (LeaderElection.java:askForVotes(181)) - acc690db-1381-479d-90ad-8aa346d73f29:group-C640FB00525B:LeaderElection18: begin an election at term 1 for -1: [acc690db-1381-479d-90ad-8aa346d73f29:192.168.5.156:37691, c1f9b5f6-3f1a-4e58-b5c3-6c327452b89e:192.168.5.156:46765, a45a7528-2ba0-4bc3-913c-850122b1269f:192.168.5.156:32945], old=null
2019-08-30 07:34:43,727 [acc690db-1381-479d-90ad-8aa346d73f29:group-976E926B68E9:LeaderElection19] INFO  impl.LeaderElection (LeaderElection.java:askForVotes(181)) - acc690db-1381-479d-90ad-8aa346d73f29:group-976E926B68E9:LeaderElection19: begin an election at term 1 for -1: [acc690db-1381-479d-90ad-8aa346d73f29:192.168.5.156:37691, c1f9b5f6-3f1a-4e58-b5c3-6c327452b89e:192.168.5.156:46765, a45a7528-2ba0-4bc3-913c-850122b1269f:192.168.5.156:32945], old=null
2019-08-30 07:34:43,734 [grpc-default-executor-2] INFO  impl.RaftServerImpl (RaftServerImpl.java:setRole(171)) - c1f9b5f6-3f1a-4e58-b5c3-6c327452b89e:group-C640FB00525B changes role from FOLLOWER to FOLLOWER at term 1 for recognizeCandidate:acc690db-1381-479d-90ad-8aa346d73f29
2019-08-30 07:34:43,736 [grpc-default-executor-2] INFO  impl.RoleInfo (RoleInfo.java:shutdownFollowerState(121)) - c1f9b5f6-3f1a-4e58-b5c3-6c327452b89e: shutdown FollowerState
2019-08-30 07:34:43,736 [Thread-404] INFO  impl.FollowerState (FollowerState.java:run(114)) - c1f9b5f6-3f1a-4e58-b5c3-6c327452b89e: FollowerState was interrupted: java.lang.InterruptedException: sleep interrupted
2019-08-30 07:34:43,736 [grpc-default-executor-2] INFO  impl.RoleInfo (RoleInfo.java:updateAndGet(143)) - c1f9b5f6-3f1a-4e58-b5c3-6c327452b89e: start FollowerState
2019-08-30 07:34:43,749 [a45a7528-2ba0-4bc3-913c-850122b1269f:group-C640FB00525B:LeaderElection20] INFO  impl.LeaderElection (LeaderElection.java:askForVotes(181)) - a45a7528-2ba0-4bc3-913c-850122b1269f:group-C640FB00525B:LeaderElection20: begin an election at term 1 for -1: [acc690db-1381-479d-90ad-8aa346d73f29:192.168.5.156:37691, c1f9b5f6-3f1a-4e58-b5c3-6c327452b89e:192.168.5.156:46765, a45a7528-2ba0-4bc3-913c-850122b1269f:192.168.5.156:32945], old=null
2019-08-30 07:34:43,750 [acc690db-1381-479d-90ad-8aa346d73f29:group-976E926B68E9:LeaderElection19] INFO  impl.LeaderElection (LeaderElection.java:logAndReturn(56)) - acc690db-1381-479d-90ad-8aa346d73f29:group-976E926B68E9:LeaderElection19: Election REJECTED; received 2 response(s) [acc690db-1381-479d-90ad-8aa346d73f29<-c1f9b5f6-3f1a-4e58-b5c3-6c327452b89e#0:FAIL-t1, acc690db-1381-479d-90ad-8aa346d73f29<-a45a7528-2ba0-4bc3-913c-850122b1269f#0:FAIL-t1] and 0 exception(s); acc690db-1381-479d-90ad-8aa346d73f29:t1, leader=null, voted=acc690db-1381-479d-90ad-8aa346d73f29, raftlog=acc690db-1381-479d-90ad-8aa346d73f29-SegmentedRaftLog:OPENED:c-1,f-1,i0, conf=-1: [acc690db-1381-479d-90ad-8aa346d73f29:192.168.5.156:37691, c1f9b5f6-3f1a-4e58-b5c3-6c327452b89e:192.168.5.156:46765, a45a7528-2ba0-4bc3-913c-850122b1269f:192.168.5.156:32945], old=null
2019-08-30 07:34:43,751 [acc690db-1381-479d-90ad-8aa346d73f29:group-976E926B68E9:LeaderElection19] INFO  impl.RaftServerImpl (RaftServerImpl.java:setRole(171)) - acc690db-1381-479d-90ad-8aa346d73f29:group-976E926B68E9 changes role from CANDIDATE to FOLLOWER at term 1 for DISCOVERED_A_NEW_TERM
2019-08-30 07:34:43,753 [acc690db-1381-479d-90ad-8aa346d73f29:group-976E926B68E9:LeaderElection19] INFO  impl.RoleInfo (RoleInfo.java:shutdownLeaderElection(134)) - acc690db-1381-479d-90ad-8aa346d73f29: shutdown LeaderElection
2019-08-30 07:34:43,753 [acc690db-1381-479d-90ad-8aa346d73f29:group-976E926B68E9:LeaderElection19] INFO  impl.RoleInfo (RoleInfo.java:updateAndGet(143)) - acc690db-1381-479d-90ad-8aa346d73f29: start FollowerState
2019-08-30 07:34:43,755 [a45a7528-2ba0-4bc3-913c-850122b1269f:group-976E926B68E9:LeaderElection17] INFO  impl.LeaderElection (LeaderElection.java:logAndReturn(56)) - a45a7528-2ba0-4bc3-913c-850122b1269f:group-976E926B68E9:LeaderElection17: Election PASSED; received 2 response(s) [a45a7528-2ba0-4bc3-913c-850122b1269f<-acc690db-1381-479d-90ad-8aa346d73f29#0:FAIL-t1, a45a7528-2ba0-4bc3-913c-850122b1269f<-c1f9b5f6-3f1a-4e58-b5c3-6c327452b89e#0:OK-t1] and 0 exception(s); a45a7528-2ba0-4bc3-913c-850122b1269f:t1, leader=null, voted=a45a7528-2ba0-4bc3-913c-850122b1269f, raftlog=a45a7528-2ba0-4bc3-913c-850122b1269f-SegmentedRaftLog:OPENED:c-1,f-1,i0, conf=-1: [acc690db-1381-479d-90ad-8aa346d73f29:192.168.5.156:37691, c1f9b5f6-3f1a-4e58-b5c3-6c327452b89e:192.168.5.156:46765, a45a7528-2ba0-4bc3-913c-850122b1269f:192.168.5.156:32945], old=null
2019-08-30 07:34:43,755 [a45a7528-2ba0-4bc3-913c-850122b1269f:group-976E926B68E9:LeaderElection17] INFO  impl.RoleInfo (RoleInfo.java:shutdownLeaderElection(134)) - a45a7528-2ba0-4bc3-913c-850122b1269f: shutdown LeaderElection
2019-08-30 07:34:43,762 [a45a7528-2ba0-4bc3-913c-850122b1269f:group-976E926B68E9:LeaderElection17] INFO  impl.RaftServerImpl (RaftServerImpl.java:setRole(171)) - a45a7528-2ba0-4bc3-913c-850122b1269f:group-976E926B68E9 changes role from CANDIDATE to LEADER at term 1 for changeToLeader
2019-08-30 07:34:43,763 [a45a7528-2ba0-4bc3-913c-850122b1269f:group-976E926B68E9:LeaderElection17] INFO  impl.RaftServerImpl (ServerState.java:setLeader(263)) - a45a7528-2ba0-4bc3-913c-850122b1269f:group-976E926B68E9 change Leader from null to a45a7528-2ba0-4bc3-913c-850122b1269f at term 1 for becomeLeader, leader elected after 4725ms
2019-08-30 07:34:43,764 [a45a7528-2ba0-4bc3-913c-850122b1269f:group-976E926B68E9:LeaderElection17] INFO  server.RaftServerConfigKeys (ConfUtils.java:logGet(43)) - raft.server.staging.catchup.gap = 1000 (default)
2019-08-30 07:34:43,765 [a45a7528-2ba0-4bc3-913c-850122b1269f:group-976E926B68E9:LeaderElection17] INFO  server.RaftServerConfigKeys (ConfUtils.java:logGet(43)) - raft.server.rpc.sleep.time = 25ms (default)
2019-08-30 07:34:43,765 [a45a7528-2ba0-4bc3-913c-850122b1269f:group-976E926B68E9:LeaderElection17] INFO  server.RaftServerConfigKeys (ConfUtils.java:logGet(43)) - raft.server.write.element-limit = 4096 (default)
2019-08-30 07:34:43,766 [a45a7528-2ba0-4bc3-913c-850122b1269f:group-976E926B68E9:LeaderElection17] INFO  server.RaftServerConfigKeys (ConfUtils.java:logGet(43)) - raft.server.watch.timeout = 10s (default)
2019-08-30 07:34:43,767 [a45a7528-2ba0-4bc3-913c-850122b1269f:group-976E926B68E9:LeaderElection17] INFO  server.RaftServerConfigKeys (ConfUtils.java:logGet(43)) - raft.server.watch.timeout.denomination = 1s (default)
2019-08-30 07:34:43,767 [a45a7528-2ba0-4bc3-913c-850122b1269f:group-976E926B68E9:LeaderElection17] INFO  server.RaftServerConfigKeys (ConfUtils.java:logGet(43)) - raft.server.watch.element-limit = 65536 (default)
2019-08-30 07:34:43,767 [a45a7528-2ba0-4bc3-913c-850122b1269f:group-976E926B68E9:LeaderElection17] INFO  server.RaftServerConfigKeys (ConfUtils.java:logGet(43)) - raft.server.log.appender.snapshot.chunk.size.max = 16MB (=16777216) (default)
2019-08-30 07:34:43,767 [a45a7528-2ba0-4bc3-913c-850122b1269f:group-976E926B68E9:LeaderElection17] INFO  server.RaftServerConfigKeys (ConfUtils.java:logGet(43)) - raft.server.log.appender.buffer.byte-limit = 33554432 (custom)
2019-08-30 07:34:43,767 [a45a7528-2ba0-4bc3-913c-850122b1269f:group-976E926B68E9:LeaderElection17] INFO  server.RaftServerConfigKeys (ConfUtils.java:logGet(43)) - raft.server.log.appender.buffer.element-limit = 1 (custom)
2019-08-30 07:34:43,768 [a45a7528-2ba0-4bc3-913c-850122b1269f:group-976E926B68E9:LeaderElection17] INFO  grpc.GrpcConfigKeys$Server (ConfUtils.java:logGet(43)) - raft.grpc.server.leader.outstanding.appends.max = 128 (default)
2019-08-30 07:34:43,769 [a45a7528-2ba0-4bc3-913c-850122b1269f:group-976E926B68E9:LeaderElection17] INFO  server.RaftServerConfigKeys (ConfUtils.java:logGet(43)) - raft.server.rpc.request.timeout = 3000ms (default)
2019-08-30 07:34:43,770 [a45a7528-2ba0-4bc3-913c-850122b1269f:group-976E926B68E9:LeaderElection17] INFO  server.RaftServerConfigKeys (ConfUtils.java:logGet(43)) - raft.server.log.appender.install.snapshot.enabled = false (custom)
2019-08-30 07:34:43,770 [a45a7528-2ba0-4bc3-913c-850122b1269f:group-976E926B68E9:LeaderElection17] INFO  server.RaftServerConfigKeys (ConfUtils.java:logGet(43)) - raft.server.log.appender.snapshot.chunk.size.max = 16MB (=16777216) (default)
2019-08-30 07:34:43,770 [a45a7528-2ba0-4bc3-913c-850122b1269f:group-976E926B68E9:LeaderElection17] INFO  server.RaftServerConfigKeys (ConfUtils.java:logGet(43)) - raft.server.log.appender.buffer.byte-limit = 33554432 (custom)
2019-08-30 07:34:43,770 [a45a7528-2ba0-4bc3-913c-850122b1269f:group-976E926B68E9:LeaderElection17] INFO  server.RaftServerConfigKeys (ConfUtils.java:logGet(43)) - raft.server.log.appender.buffer.element-limit = 1 (custom)
2019-08-30 07:34:43,771 [a45a7528-2ba0-4bc3-913c-850122b1269f:group-976E926B68E9:LeaderElection17] INFO  grpc.GrpcConfigKeys$Server (ConfUtils.java:logGet(43)) - raft.grpc.server.leader.outstanding.appends.max = 128 (default)
2019-08-30 07:34:43,771 [a45a7528-2ba0-4bc3-913c-850122b1269f:group-976E926B68E9:LeaderElection17] INFO  server.RaftServerConfigKeys (ConfUtils.java:logGet(43)) - raft.server.rpc.request.timeout = 3000ms (default)
2019-08-30 07:34:43,771 [a45a7528-2ba0-4bc3-913c-850122b1269f:group-976E926B68E9:LeaderElection17] INFO  server.RaftServerConfigKeys (ConfUtils.java:logGet(43)) - raft.server.log.appender.install.snapshot.enabled = false (custom)
2019-08-30 07:34:43,772 [a45a7528-2ba0-4bc3-913c-850122b1269f:group-976E926B68E9:LeaderElection17] INFO  impl.RoleInfo (RoleInfo.java:updateAndGet(143)) - a45a7528-2ba0-4bc3-913c-850122b1269f: start LeaderState
2019-08-30 07:34:43,772 [a45a7528-2ba0-4bc3-913c-850122b1269f:group-976E926B68E9:LeaderElection17] INFO  segmented.SegmentedRaftLogWorker (SegmentedRaftLogWorker.java:startLogSegment(380)) - a45a7528-2ba0-4bc3-913c-850122b1269f-SegmentedRaftLogWorker:Storage Directory /workdir/hadoop-ozone/integration-test/target/test-dir/MiniOzoneClusterImpl-e2a0042e-8006-48d2-a527-f4f759a7d1b5/datanode-1/data/ratis/666ef901-fd1d-4d9d-8c0c-976e926b68e9: Starting segment from index:0
2019-08-30 07:34:43,773 [a45a7528-2ba0-4bc3-913c-850122b1269f:group-976E926B68E9:LeaderElection17] INFO  impl.RaftServerImpl (ServerState.java:setRaftConf(361)) - a45a7528-2ba0-4bc3-913c-850122b1269f:group-976E926B68E9 set configuration 0: [acc690db-1381-479d-90ad-8aa346d73f29:192.168.5.156:37691, c1f9b5f6-3f1a-4e58-b5c3-6c327452b89e:192.168.5.156:46765, a45a7528-2ba0-4bc3-913c-850122b1269f:192.168.5.156:32945], old=null at 0
2019-08-30 07:34:43,806 | INFO  | SCMAudit | user=jenkins1000 | ip=192.168.5.156 | op=SEND_HEARTBEAT {datanodeUUID=cb5a5d16-88a3-41b0-858f-6232e86de455, command=[]} | ret=SUCCESS |  
2019-08-30 07:34:43,806 [grpc-default-executor-0] INFO  impl.RaftServerImpl (ServerState.java:setLeader(263)) - acc690db-1381-479d-90ad-8aa346d73f29:group-976E926B68E9 change Leader from null to a45a7528-2ba0-4bc3-913c-850122b1269f at term 1 for appendEntries, leader elected after 4767ms
2019-08-30 07:34:43,806 [grpc-default-executor-4] INFO  impl.RaftServerImpl (ServerState.java:setLeader(263)) - c1f9b5f6-3f1a-4e58-b5c3-6c327452b89e:group-976E926B68E9 change Leader from null to a45a7528-2ba0-4bc3-913c-850122b1269f at term 1 for appendEntries, leader elected after 3335ms
2019-08-30 07:34:43,810 [grpc-default-executor-0] INFO  impl.RaftServerImpl (ServerState.java:setRaftConf(361)) - acc690db-1381-479d-90ad-8aa346d73f29:group-976E926B68E9 set configuration 0: [acc690db-1381-479d-90ad-8aa346d73f29:192.168.5.156:37691, c1f9b5f6-3f1a-4e58-b5c3-6c327452b89e:192.168.5.156:46765, a45a7528-2ba0-4bc3-913c-850122b1269f:192.168.5.156:32945], old=null at 0
2019-08-30 07:34:43,810 [grpc-default-executor-4] INFO  impl.RaftServerImpl (ServerState.java:setRaftConf(361)) - c1f9b5f6-3f1a-4e58-b5c3-6c327452b89e:group-976E926B68E9 set configuration 0: [acc690db-1381-479d-90ad-8aa346d73f29:192.168.5.156:37691, c1f9b5f6-3f1a-4e58-b5c3-6c327452b89e:192.168.5.156:46765, a45a7528-2ba0-4bc3-913c-850122b1269f:192.168.5.156:32945], old=null at 0
2019-08-30 07:34:43,811 [grpc-default-executor-0] INFO  segmented.SegmentedRaftLogWorker (SegmentedRaftLogWorker.java:startLogSegment(380)) - acc690db-1381-479d-90ad-8aa346d73f29-SegmentedRaftLogWorker:Storage Directory /workdir/hadoop-ozone/integration-test/target/test-dir/MiniOzoneClusterImpl-e2a0042e-8006-48d2-a527-f4f759a7d1b5/datanode-2/data/ratis/666ef901-fd1d-4d9d-8c0c-976e926b68e9: Starting segment from index:0
2019-08-30 07:34:43,811 [grpc-default-executor-4] INFO  segmented.SegmentedRaftLogWorker (SegmentedRaftLogWorker.java:startLogSegment(380)) - c1f9b5f6-3f1a-4e58-b5c3-6c327452b89e-SegmentedRaftLogWorker:Storage Directory /workdir/hadoop-ozone/integration-test/target/test-dir/MiniOzoneClusterImpl-e2a0042e-8006-48d2-a527-f4f759a7d1b5/datanode-5/data/ratis/666ef901-fd1d-4d9d-8c0c-976e926b68e9: Starting segment from index:0
2019-08-30 07:34:43,837 [acc690db-1381-479d-90ad-8aa346d73f29:group-C640FB00525B:LeaderElection18] INFO  impl.LeaderElection (LeaderElection.java:logAndReturn(56)) - acc690db-1381-479d-90ad-8aa346d73f29:group-C640FB00525B:LeaderElection18: Election PASSED; received 2 response(s) [acc690db-1381-479d-90ad-8aa346d73f29<-c1f9b5f6-3f1a-4e58-b5c3-6c327452b89e#0:OK-t1, acc690db-1381-479d-90ad-8aa346d73f29<-a45a7528-2ba0-4bc3-913c-850122b1269f#0:FAIL-t1] and 0 exception(s); acc690db-1381-479d-90ad-8aa346d73f29:t1, leader=null, voted=acc690db-1381-479d-90ad-8aa346d73f29, raftlog=acc690db-1381-479d-90ad-8aa346d73f29-SegmentedRaftLog:OPENED:c-1,f-1,i0, conf=-1: [acc690db-1381-479d-90ad-8aa346d73f29:192.168.5.156:37691, c1f9b5f6-3f1a-4e58-b5c3-6c327452b89e:192.168.5.156:46765, a45a7528-2ba0-4bc3-913c-850122b1269f:192.168.5.156:32945], old=null
2019-08-30 07:34:43,838 [a45a7528-2ba0-4bc3-913c-850122b1269f:group-C640FB00525B:LeaderElection20] INFO  impl.LeaderElection (LeaderElection.java:logAndReturn(56)) - a45a7528-2ba0-4bc3-913c-850122b1269f:group-C640FB00525B:LeaderElection20: Election REJECTED; received 2 response(s) [a45a7528-2ba0-4bc3-913c-850122b1269f<-acc690db-1381-479d-90ad-8aa346d73f29#0:FAIL-t1, a45a7528-2ba0-4bc3-913c-850122b1269f<-c1f9b5f6-3f1a-4e58-b5c3-6c327452b89e#0:FAIL-t1] and 0 exception(s); a45a7528-2ba0-4bc3-913c-850122b1269f:t1, leader=null, voted=a45a7528-2ba0-4bc3-913c-850122b1269f, raftlog=a45a7528-2ba0-4bc3-913c-850122b1269f-SegmentedRaftLog:OPENED:c-1,f-1,i0, conf=-1: [acc690db-1381-479d-90ad-8aa346d73f29:192.168.5.156:37691, c1f9b5f6-3f1a-4e58-b5c3-6c327452b89e:192.168.5.156:46765, a45a7528-2ba0-4bc3-913c-850122b1269f:192.168.5.156:32945], old=null
2019-08-30 07:34:43,838 [acc690db-1381-479d-90ad-8aa346d73f29:group-C640FB00525B:LeaderElection18] INFO  impl.RoleInfo (RoleInfo.java:shutdownLeaderElection(134)) - acc690db-1381-479d-90ad-8aa346d73f29: shutdown LeaderElection
2019-08-30 07:34:43,838 [a45a7528-2ba0-4bc3-913c-850122b1269f:group-C640FB00525B:LeaderElection20] INFO  impl.RaftServerImpl (RaftServerImpl.java:setRole(171)) - a45a7528-2ba0-4bc3-913c-850122b1269f:group-C640FB00525B changes role from CANDIDATE to FOLLOWER at term 1 for DISCOVERED_A_NEW_TERM
2019-08-30 07:34:43,838 [acc690db-1381-479d-90ad-8aa346d73f29:group-C640FB00525B:LeaderElection18] INFO  impl.RaftServerImpl (RaftServerImpl.java:setRole(171)) - acc690db-1381-479d-90ad-8aa346d73f29:group-C640FB00525B changes role from CANDIDATE to LEADER at term 1 for changeToLeader
2019-08-30 07:34:43,838 [a45a7528-2ba0-4bc3-913c-850122b1269f:group-C640FB00525B:LeaderElection20] INFO  impl.RoleInfo (RoleInfo.java:shutdownLeaderElection(134)) - a45a7528-2ba0-4bc3-913c-850122b1269f: shutdown LeaderElection
2019-08-30 07:34:43,839 [acc690db-1381-479d-90ad-8aa346d73f29:group-C640FB00525B:LeaderElection18] INFO  impl.RaftServerImpl (ServerState.java:setLeader(263)) - acc690db-1381-479d-90ad-8aa346d73f29:group-C640FB00525B change Leader from null to acc690db-1381-479d-90ad-8aa346d73f29 at term 1 for becomeLeader, leader elected after 2349ms
2019-08-30 07:34:43,839 [a45a7528-2ba0-4bc3-913c-850122b1269f:group-C640FB00525B:LeaderElection20] INFO  impl.RoleInfo (RoleInfo.java:updateAndGet(143)) - a45a7528-2ba0-4bc3-913c-850122b1269f: start FollowerState
2019-08-30 07:34:43,839 [acc690db-1381-479d-90ad-8aa346d73f29:group-C640FB00525B:LeaderElection18] INFO  server.RaftServerConfigKeys (ConfUtils.java:logGet(43)) - raft.server.staging.catchup.gap = 1000 (default)
2019-08-30 07:34:43,839 [acc690db-1381-479d-90ad-8aa346d73f29:group-C640FB00525B:LeaderElection18] INFO  server.RaftServerConfigKeys (ConfUtils.java:logGet(43)) - raft.server.rpc.sleep.time = 25ms (default)
2019-08-30 07:34:43,839 [acc690db-1381-479d-90ad-8aa346d73f29:group-C640FB00525B:LeaderElection18] INFO  server.RaftServerConfigKeys (ConfUtils.java:logGet(43)) - raft.server.write.element-limit = 4096 (default)
2019-08-30 07:34:43,839 [acc690db-1381-479d-90ad-8aa346d73f29:group-C640FB00525B:LeaderElection18] INFO  server.RaftServerConfigKeys (ConfUtils.java:logGet(43)) - raft.server.watch.timeout = 10s (default)
2019-08-30 07:34:43,840 [acc690db-1381-479d-90ad-8aa346d73f29:group-C640FB00525B:LeaderElection18] INFO  server.RaftServerConfigKeys (ConfUtils.java:logGet(43)) - raft.server.watch.timeout.denomination = 1s (default)
2019-08-30 07:34:43,840 [acc690db-1381-479d-90ad-8aa346d73f29:group-C640FB00525B:LeaderElection18] INFO  server.RaftServerConfigKeys (ConfUtils.java:logGet(43)) - raft.server.watch.element-limit = 65536 (default)
2019-08-30 07:34:43,840 [acc690db-1381-479d-90ad-8aa346d73f29:group-C640FB00525B:LeaderElection18] INFO  server.RaftServerConfigKeys (ConfUtils.java:logGet(43)) - raft.server.log.appender.snapshot.chunk.size.max = 16MB (=16777216) (default)
2019-08-30 07:34:43,840 [acc690db-1381-479d-90ad-8aa346d73f29:group-C640FB00525B:LeaderElection18] INFO  server.RaftServerConfigKeys (ConfUtils.java:logGet(43)) - raft.server.log.appender.buffer.byte-limit = 33554432 (custom)
2019-08-30 07:34:43,841 [acc690db-1381-479d-90ad-8aa346d73f29:group-C640FB00525B:LeaderElection18] INFO  server.RaftServerConfigKeys (ConfUtils.java:logGet(43)) - raft.server.log.appender.buffer.element-limit = 1 (custom)
2019-08-30 07:34:43,841 [acc690db-1381-479d-90ad-8aa346d73f29:group-C640FB00525B:LeaderElection18] INFO  grpc.GrpcConfigKeys$Server (ConfUtils.java:logGet(43)) - raft.grpc.server.leader.outstanding.appends.max = 128 (default)
2019-08-30 07:34:43,841 [acc690db-1381-479d-90ad-8aa346d73f29:group-C640FB00525B:LeaderElection18] INFO  server.RaftServerConfigKeys (ConfUtils.java:logGet(43)) - raft.server.rpc.request.timeout = 3000ms (default)
2019-08-30 07:34:43,841 [acc690db-1381-479d-90ad-8aa346d73f29:group-C640FB00525B:LeaderElection18] INFO  server.RaftServerConfigKeys (ConfUtils.java:logGet(43)) - raft.server.log.appender.install.snapshot.enabled = false (custom)
2019-08-30 07:34:43,841 [acc690db-1381-479d-90ad-8aa346d73f29:group-C640FB00525B:LeaderElection18] INFO  server.RaftServerConfigKeys (ConfUtils.java:logGet(43)) - raft.server.log.appender.snapshot.chunk.size.max = 16MB (=16777216) (default)
2019-08-30 07:34:43,842 [acc690db-1381-479d-90ad-8aa346d73f29:group-C640FB00525B:LeaderElection18] INFO  server.RaftServerConfigKeys (ConfUtils.java:logGet(43)) - raft.server.log.appender.buffer.byte-limit = 33554432 (custom)
2019-08-30 07:34:43,842 [acc690db-1381-479d-90ad-8aa346d73f29:group-C640FB00525B:LeaderElection18] INFO  server.RaftServerConfigKeys (ConfUtils.java:logGet(43)) - raft.server.log.appender.buffer.element-limit = 1 (custom)
2019-08-30 07:34:43,842 [acc690db-1381-479d-90ad-8aa346d73f29:group-C640FB00525B:LeaderElection18] INFO  grpc.GrpcConfigKeys$Server (ConfUtils.java:logGet(43)) - raft.grpc.server.leader.outstanding.appends.max = 128 (default)
2019-08-30 07:34:43,842 [acc690db-1381-479d-90ad-8aa346d73f29:group-C640FB00525B:LeaderElection18] INFO  server.RaftServerConfigKeys (ConfUtils.java:logGet(43)) - raft.server.rpc.request.timeout = 3000ms (default)
2019-08-30 07:34:43,842 [acc690db-1381-479d-90ad-8aa346d73f29:group-C640FB00525B:LeaderElection18] INFO  server.RaftServerConfigKeys (ConfUtils.java:logGet(43)) - raft.server.log.appender.install.snapshot.enabled = false (custom)
2019-08-30 07:34:43,843 [acc690db-1381-479d-90ad-8aa346d73f29:group-C640FB00525B:LeaderElection18] INFO  impl.RoleInfo (RoleInfo.java:updateAndGet(143)) - acc690db-1381-479d-90ad-8aa346d73f29: start LeaderState
2019-08-30 07:34:43,843 [acc690db-1381-479d-90ad-8aa346d73f29:group-C640FB00525B:LeaderElection18] INFO  segmented.SegmentedRaftLogWorker (SegmentedRaftLogWorker.java:startLogSegment(380)) - acc690db-1381-479d-90ad-8aa346d73f29-SegmentedRaftLogWorker:Storage Directory /workdir/hadoop-ozone/integration-test/target/test-dir/MiniOzoneClusterImpl-e2a0042e-8006-48d2-a527-f4f759a7d1b5/datanode-2/data/ratis/e242280e-f197-4ae3-a579-c640fb00525b: Starting segment from index:0
2019-08-30 07:34:43,844 [Thread-376] INFO  impl.FollowerState (FollowerState.java:run(106)) - acc690db-1381-479d-90ad-8aa346d73f29:group-F9B49111EF33 changes to CANDIDATE, lastRpcTime:1010, electionTimeout:1010ms
2019-08-30 07:34:43,844 [acc690db-1381-479d-90ad-8aa346d73f29:group-C640FB00525B:LeaderElection18] INFO  impl.RaftServerImpl (ServerState.java:setRaftConf(361)) - acc690db-1381-479d-90ad-8aa346d73f29:group-C640FB00525B set configuration 0: [acc690db-1381-479d-90ad-8aa346d73f29:192.168.5.156:37691, c1f9b5f6-3f1a-4e58-b5c3-6c327452b89e:192.168.5.156:46765, a45a7528-2ba0-4bc3-913c-850122b1269f:192.168.5.156:32945], old=null at 0
2019-08-30 07:34:43,878 [a45a7528-2ba0-4bc3-913c-850122b1269f-SegmentedRaftLogWorker:Storage Directory /workdir/hadoop-ozone/integration-test/target/test-dir/MiniOzoneClusterImpl-e2a0042e-8006-48d2-a527-f4f759a7d1b5/datanode-1/data/ratis/666ef901-fd1d-4d9d-8c0c-976e926b68e9] INFO  segmented.SegmentedRaftLogWorker (SegmentedRaftLogWorker.java:execute(569)) - a45a7528-2ba0-4bc3-913c-850122b1269f-SegmentedRaftLogWorker:Storage Directory /workdir/hadoop-ozone/integration-test/target/test-dir/MiniOzoneClusterImpl-e2a0042e-8006-48d2-a527-f4f759a7d1b5/datanode-1/data/ratis/666ef901-fd1d-4d9d-8c0c-976e926b68e9: created new log segment /workdir/hadoop-ozone/integration-test/target/test-dir/MiniOzoneClusterImpl-e2a0042e-8006-48d2-a527-f4f759a7d1b5/datanode-1/data/ratis/666ef901-fd1d-4d9d-8c0c-976e926b68e9/current/log_inprogress_0
2019-08-30 07:34:43,878 [Thread-379] INFO  impl.FollowerState (FollowerState.java:run(106)) - acc690db-1381-479d-90ad-8aa346d73f29:group-186677E0C462 changes to CANDIDATE, lastRpcTime:1043, electionTimeout:1028ms
2019-08-30 07:34:43,878 [Thread-383] INFO  impl.FollowerState (FollowerState.java:run(106)) - a45a7528-2ba0-4bc3-913c-850122b1269f:group-CA76A3A1922C changes to CANDIDATE, lastRpcTime:1041, electionTimeout:1040ms
2019-08-30 07:34:43,878 [Datanode State Machine Thread - 0] INFO  statemachine.DatanodeStateMachine (DatanodeStateMachine.java:lambda$startDaemon$0(350)) - Ozone container server started.
2019-08-30 07:34:43,844 [Thread-376] INFO  impl.RoleInfo (RoleInfo.java:shutdownFollowerState(121)) - acc690db-1381-479d-90ad-8aa346d73f29: shutdown FollowerState
2019-08-30 07:34:43,879 [Thread-383] INFO  impl.RoleInfo (RoleInfo.java:shutdownFollowerState(121)) - a45a7528-2ba0-4bc3-913c-850122b1269f: shutdown FollowerState
2019-08-30 07:34:43,879 [Thread-379] INFO  impl.RoleInfo (RoleInfo.java:shutdownFollowerState(121)) - acc690db-1381-479d-90ad-8aa346d73f29: shutdown FollowerState
2019-08-30 07:34:43,879 [Thread-383] INFO  impl.RaftServerImpl (RaftServerImpl.java:setRole(171)) - a45a7528-2ba0-4bc3-913c-850122b1269f:group-CA76A3A1922C changes role from FOLLOWER to CANDIDATE at term 0 for changeToCandidate
2019-08-30 07:34:43,879 [Thread-376] INFO  impl.RaftServerImpl (RaftServerImpl.java:setRole(171)) - acc690db-1381-479d-90ad-8aa346d73f29:group-F9B49111EF33 changes role from FOLLOWER to CANDIDATE at term 0 for changeToCandidate
2019-08-30 07:34:43,880 [Thread-383] INFO  impl.RoleInfo (RoleInfo.java:updateAndGet(143)) - a45a7528-2ba0-4bc3-913c-850122b1269f: start LeaderElection
2019-08-30 07:34:43,879 [Thread-379] INFO  impl.RaftServerImpl (RaftServerImpl.java:setRole(171)) - acc690db-1381-479d-90ad-8aa346d73f29:group-186677E0C462 changes role from FOLLOWER to CANDIDATE at term 0 for changeToCandidate
2019-08-30 07:34:43,880 [Thread-376] INFO  impl.RoleInfo (RoleInfo.java:updateAndGet(143)) - acc690db-1381-479d-90ad-8aa346d73f29: start LeaderElection
2019-08-30 07:34:43,880 [Thread-379] INFO  impl.RoleInfo (RoleInfo.java:updateAndGet(143)) - acc690db-1381-479d-90ad-8aa346d73f29: start LeaderElection
2019-08-30 07:34:43,891 [grpc-default-executor-3] INFO  impl.RaftServerImpl (ServerState.java:setLeader(263)) - c1f9b5f6-3f1a-4e58-b5c3-6c327452b89e:group-C640FB00525B change Leader from null to acc690db-1381-479d-90ad-8aa346d73f29 at term 1 for appendEntries, leader elected after 1617ms
2019-08-30 07:34:43,891 [grpc-default-executor-2] INFO  impl.RaftServerImpl (ServerState.java:setLeader(263)) - a45a7528-2ba0-4bc3-913c-850122b1269f:group-C640FB00525B change Leader from null to acc690db-1381-479d-90ad-8aa346d73f29 at term 1 for appendEntries, leader elected after 2402ms
2019-08-30 07:34:43,895 [grpc-default-executor-3] INFO  impl.RaftServerImpl (ServerState.java:setRaftConf(361)) - c1f9b5f6-3f1a-4e58-b5c3-6c327452b89e:group-C640FB00525B set configuration 0: [acc690db-1381-479d-90ad-8aa346d73f29:192.168.5.156:37691, c1f9b5f6-3f1a-4e58-b5c3-6c327452b89e:192.168.5.156:46765, a45a7528-2ba0-4bc3-913c-850122b1269f:192.168.5.156:32945], old=null at 0
2019-08-30 07:34:43,895 [grpc-default-executor-2] INFO  impl.RaftServerImpl (ServerState.java:setRaftConf(361)) - a45a7528-2ba0-4bc3-913c-850122b1269f:group-C640FB00525B set configuration 0: [acc690db-1381-479d-90ad-8aa346d73f29:192.168.5.156:37691, c1f9b5f6-3f1a-4e58-b5c3-6c327452b89e:192.168.5.156:46765, a45a7528-2ba0-4bc3-913c-850122b1269f:192.168.5.156:32945], old=null at 0
2019-08-30 07:34:43,895 [grpc-default-executor-3] INFO  segmented.SegmentedRaftLogWorker (SegmentedRaftLogWorker.java:startLogSegment(380)) - c1f9b5f6-3f1a-4e58-b5c3-6c327452b89e-SegmentedRaftLogWorker:Storage Directory /workdir/hadoop-ozone/integration-test/target/test-dir/MiniOzoneClusterImpl-e2a0042e-8006-48d2-a527-f4f759a7d1b5/datanode-5/data/ratis/e242280e-f197-4ae3-a579-c640fb00525b: Starting segment from index:0
2019-08-30 07:34:43,895 [grpc-default-executor-2] INFO  segmented.SegmentedRaftLogWorker (SegmentedRaftLogWorker.java:startLogSegment(380)) - a45a7528-2ba0-4bc3-913c-850122b1269f-SegmentedRaftLogWorker:Storage Directory /workdir/hadoop-ozone/integration-test/target/test-dir/MiniOzoneClusterImpl-e2a0042e-8006-48d2-a527-f4f759a7d1b5/datanode-1/data/ratis/e242280e-f197-4ae3-a579-c640fb00525b: Starting segment from index:0
2019-08-30 07:34:43,919 [Thread-386] INFO  impl.FollowerState (FollowerState.java:run(106)) - a45a7528-2ba0-4bc3-913c-850122b1269f:group-F9B49111EF33 changes to CANDIDATE, lastRpcTime:1081, electionTimeout:1081ms
2019-08-30 07:34:43,919 [Thread-386] INFO  impl.RoleInfo (RoleInfo.java:shutdownFollowerState(121)) - a45a7528-2ba0-4bc3-913c-850122b1269f: shutdown FollowerState
2019-08-30 07:34:43,920 [Thread-386] INFO  impl.RaftServerImpl (RaftServerImpl.java:setRole(171)) - a45a7528-2ba0-4bc3-913c-850122b1269f:group-F9B49111EF33 changes role from FOLLOWER to CANDIDATE at term 0 for changeToCandidate
2019-08-30 07:34:43,920 [Thread-386] INFO  impl.RoleInfo (RoleInfo.java:updateAndGet(143)) - a45a7528-2ba0-4bc3-913c-850122b1269f: start LeaderElection
2019-08-30 07:34:43,939 [c1f9b5f6-3f1a-4e58-b5c3-6c327452b89e-SegmentedRaftLogWorker:Storage Directory /workdir/hadoop-ozone/integration-test/target/test-dir/MiniOzoneClusterImpl-e2a0042e-8006-48d2-a527-f4f759a7d1b5/datanode-5/data/ratis/666ef901-fd1d-4d9d-8c0c-976e926b68e9] INFO  segmented.SegmentedRaftLogWorker (SegmentedRaftLogWorker.java:execute(569)) - c1f9b5f6-3f1a-4e58-b5c3-6c327452b89e-SegmentedRaftLogWorker:Storage Directory /workdir/hadoop-ozone/integration-test/target/test-dir/MiniOzoneClusterImpl-e2a0042e-8006-48d2-a527-f4f759a7d1b5/datanode-5/data/ratis/666ef901-fd1d-4d9d-8c0c-976e926b68e9: created new log segment /workdir/hadoop-ozone/integration-test/target/test-dir/MiniOzoneClusterImpl-e2a0042e-8006-48d2-a527-f4f759a7d1b5/datanode-5/data/ratis/666ef901-fd1d-4d9d-8c0c-976e926b68e9/current/log_inprogress_0
2019-08-30 07:34:43,939 [acc690db-1381-479d-90ad-8aa346d73f29-SegmentedRaftLogWorker:Storage Directory /workdir/hadoop-ozone/integration-test/target/test-dir/MiniOzoneClusterImpl-e2a0042e-8006-48d2-a527-f4f759a7d1b5/datanode-2/data/ratis/e242280e-f197-4ae3-a579-c640fb00525b] INFO  segmented.SegmentedRaftLogWorker (SegmentedRaftLogWorker.java:execute(569)) - acc690db-1381-479d-90ad-8aa346d73f29-SegmentedRaftLogWorker:Storage Directory /workdir/hadoop-ozone/integration-test/target/test-dir/MiniOzoneClusterImpl-e2a0042e-8006-48d2-a527-f4f759a7d1b5/datanode-2/data/ratis/e242280e-f197-4ae3-a579-c640fb00525b: created new log segment /workdir/hadoop-ozone/integration-test/target/test-dir/MiniOzoneClusterImpl-e2a0042e-8006-48d2-a527-f4f759a7d1b5/datanode-2/data/ratis/e242280e-f197-4ae3-a579-c640fb00525b/current/log_inprogress_0
2019-08-30 07:34:43,939 [acc690db-1381-479d-90ad-8aa346d73f29-SegmentedRaftLogWorker:Storage Directory /workdir/hadoop-ozone/integration-test/target/test-dir/MiniOzoneClusterImpl-e2a0042e-8006-48d2-a527-f4f759a7d1b5/datanode-2/data/ratis/666ef901-fd1d-4d9d-8c0c-976e926b68e9] INFO  segmented.SegmentedRaftLogWorker (SegmentedRaftLogWorker.java:execute(569)) - acc690db-1381-479d-90ad-8aa346d73f29-SegmentedRaftLogWorker:Storage Directory /workdir/hadoop-ozone/integration-test/target/test-dir/MiniOzoneClusterImpl-e2a0042e-8006-48d2-a527-f4f759a7d1b5/datanode-2/data/ratis/666ef901-fd1d-4d9d-8c0c-976e926b68e9: created new log segment /workdir/hadoop-ozone/integration-test/target/test-dir/MiniOzoneClusterImpl-e2a0042e-8006-48d2-a527-f4f759a7d1b5/datanode-2/data/ratis/666ef901-fd1d-4d9d-8c0c-976e926b68e9/current/log_inprogress_0
2019-08-30 07:34:43,942 [acc690db-1381-479d-90ad-8aa346d73f29:group-F9B49111EF33:LeaderElection22] INFO  impl.LeaderElection (LeaderElection.java:askForVotes(181)) - acc690db-1381-479d-90ad-8aa346d73f29:group-F9B49111EF33:LeaderElection22: begin an election at term 1 for -1: [acc690db-1381-479d-90ad-8aa346d73f29:192.168.5.156:37691, c1f9b5f6-3f1a-4e58-b5c3-6c327452b89e:192.168.5.156:46765, a45a7528-2ba0-4bc3-913c-850122b1269f:192.168.5.156:32945], old=null
2019-08-30 07:34:43,942 [a45a7528-2ba0-4bc3-913c-850122b1269f:group-CA76A3A1922C:LeaderElection21] INFO  impl.LeaderElection (LeaderElection.java:askForVotes(181)) - a45a7528-2ba0-4bc3-913c-850122b1269f:group-CA76A3A1922C:LeaderElection21: begin an election at term 1 for -1: [acc690db-1381-479d-90ad-8aa346d73f29:192.168.5.156:37691, c1f9b5f6-3f1a-4e58-b5c3-6c327452b89e:192.168.5.156:46765, a45a7528-2ba0-4bc3-913c-850122b1269f:192.168.5.156:32945], old=null
2019-08-30 07:34:43,942 [acc690db-1381-479d-90ad-8aa346d73f29:group-186677E0C462:LeaderElection23] INFO  impl.LeaderElection (LeaderElection.java:askForVotes(181)) - acc690db-1381-479d-90ad-8aa346d73f29:group-186677E0C462:LeaderElection23: begin an election at term 1 for -1: [acc690db-1381-479d-90ad-8aa346d73f29:192.168.5.156:37691, c1f9b5f6-3f1a-4e58-b5c3-6c327452b89e:192.168.5.156:46765, a45a7528-2ba0-4bc3-913c-850122b1269f:192.168.5.156:32945], old=null
2019-08-30 07:34:43,959 [Thread-374] INFO  impl.FollowerState (FollowerState.java:run(106)) - acc690db-1381-479d-90ad-8aa346d73f29:group-CA76A3A1922C changes to CANDIDATE, lastRpcTime:1127, electionTimeout:1127ms
2019-08-30 07:34:43,959 [Thread-374] INFO  impl.RoleInfo (RoleInfo.java:shutdownFollowerState(121)) - acc690db-1381-479d-90ad-8aa346d73f29: shutdown FollowerState
2019-08-30 07:34:43,959 [Thread-374] INFO  impl.RaftServerImpl (RaftServerImpl.java:setRole(171)) - acc690db-1381-479d-90ad-8aa346d73f29:group-CA76A3A1922C changes role from FOLLOWER to CANDIDATE at term 0 for changeToCandidate
2019-08-30 07:34:43,967 [c1f9b5f6-3f1a-4e58-b5c3-6c327452b89e-SegmentedRaftLogWorker:Storage Directory /workdir/hadoop-ozone/integration-test/target/test-dir/MiniOzoneClusterImpl-e2a0042e-8006-48d2-a527-f4f759a7d1b5/datanode-5/data/ratis/e242280e-f197-4ae3-a579-c640fb00525b] INFO  segmented.SegmentedRaftLogWorker (SegmentedRaftLogWorker.java:execute(569)) - c1f9b5f6-3f1a-4e58-b5c3-6c327452b89e-SegmentedRaftLogWorker:Storage Directory /workdir/hadoop-ozone/integration-test/target/test-dir/MiniOzoneClusterImpl-e2a0042e-8006-48d2-a527-f4f759a7d1b5/datanode-5/data/ratis/e242280e-f197-4ae3-a579-c640fb00525b: created new log segment /workdir/hadoop-ozone/integration-test/target/test-dir/MiniOzoneClusterImpl-e2a0042e-8006-48d2-a527-f4f759a7d1b5/datanode-5/data/ratis/e242280e-f197-4ae3-a579-c640fb00525b/current/log_inprogress_0
2019-08-30 07:34:43,967 [a45a7528-2ba0-4bc3-913c-850122b1269f-SegmentedRaftLogWorker:Storage Directory /workdir/hadoop-ozone/integration-test/target/test-dir/MiniOzoneClusterImpl-e2a0042e-8006-48d2-a527-f4f759a7d1b5/datanode-1/data/ratis/e242280e-f197-4ae3-a579-c640fb00525b] INFO  segmented.SegmentedRaftLogWorker (SegmentedRaftLogWorker.java:execute(569)) - a45a7528-2ba0-4bc3-913c-850122b1269f-SegmentedRaftLogWorker:Storage Directory /workdir/hadoop-ozone/integration-test/target/test-dir/MiniOzoneClusterImpl-e2a0042e-8006-48d2-a527-f4f759a7d1b5/datanode-1/data/ratis/e242280e-f197-4ae3-a579-c640fb00525b: created new log segment /workdir/hadoop-ozone/integration-test/target/test-dir/MiniOzoneClusterImpl-e2a0042e-8006-48d2-a527-f4f759a7d1b5/datanode-1/data/ratis/e242280e-f197-4ae3-a579-c640fb00525b/current/log_inprogress_0
2019-08-30 07:34:43,967 [a45a7528-2ba0-4bc3-913c-850122b1269f:group-F9B49111EF33:LeaderElection24] INFO  impl.LeaderElection (LeaderElection.java:askForVotes(181)) - a45a7528-2ba0-4bc3-913c-850122b1269f:group-F9B49111EF33:LeaderElection24: begin an election at term 1 for -1: [acc690db-1381-479d-90ad-8aa346d73f29:192.168.5.156:37691, c1f9b5f6-3f1a-4e58-b5c3-6c327452b89e:192.168.5.156:46765, a45a7528-2ba0-4bc3-913c-850122b1269f:192.168.5.156:32945], old=null
2019-08-30 07:34:43,977 [Thread-388] INFO  impl.FollowerState (FollowerState.java:run(106)) - a45a7528-2ba0-4bc3-913c-850122b1269f:group-186677E0C462 changes to CANDIDATE, lastRpcTime:1137, electionTimeout:1135ms
2019-08-30 07:34:43,977 [Thread-388] INFO  impl.RoleInfo (RoleInfo.java:shutdownFollowerState(121)) - a45a7528-2ba0-4bc3-913c-850122b1269f: shutdown FollowerState
2019-08-30 07:34:43,977 [Thread-388] INFO  impl.RaftServerImpl (RaftServerImpl.java:setRole(171)) - a45a7528-2ba0-4bc3-913c-850122b1269f:group-186677E0C462 changes role from FOLLOWER to CANDIDATE at term 0 for changeToCandidate
2019-08-30 07:34:43,978 [Thread-388] INFO  impl.RoleInfo (RoleInfo.java:updateAndGet(143)) - a45a7528-2ba0-4bc3-913c-850122b1269f: start LeaderElection
2019-08-30 07:34:43,980 | INFO  | SCMAudit | user=jenkins1000 | ip=192.168.5.156 | op=SEND_HEARTBEAT {datanodeUUID=4a5ae11c-f2ff-4cf6-9dca-760126bc39ff, command=[]} | ret=SUCCESS |  
2019-08-30 07:34:44,021 [Thread-374] INFO  impl.RoleInfo (RoleInfo.java:updateAndGet(143)) - acc690db-1381-479d-90ad-8aa346d73f29: start LeaderElection
2019-08-30 07:34:43,993 [Datanode State Machine Thread - 0] INFO  statemachine.DatanodeStateMachine (DatanodeStateMachine.java:lambda$startDaemon$0(350)) - Ozone container server started.
2019-08-30 07:34:44,024 [grpc-default-executor-2] INFO  impl.RaftServerImpl (RaftServerImpl.java:setRole(171)) - c1f9b5f6-3f1a-4e58-b5c3-6c327452b89e:group-F9B49111EF33 changes role from FOLLOWER to FOLLOWER at term 1 for recognizeCandidate:acc690db-1381-479d-90ad-8aa346d73f29
2019-08-30 07:34:44,024 [grpc-default-executor-2] INFO  impl.RoleInfo (RoleInfo.java:shutdownFollowerState(121)) - c1f9b5f6-3f1a-4e58-b5c3-6c327452b89e: shutdown FollowerState
2019-08-30 07:34:44,025 [Thread-408] INFO  impl.FollowerState (FollowerState.java:run(114)) - c1f9b5f6-3f1a-4e58-b5c3-6c327452b89e: FollowerState was interrupted: java.lang.InterruptedException: sleep interrupted
2019-08-30 07:34:44,043 [grpc-default-executor-2] INFO  impl.RoleInfo (RoleInfo.java:updateAndGet(143)) - c1f9b5f6-3f1a-4e58-b5c3-6c327452b89e: start FollowerState
2019-08-30 07:34:44,047 [grpc-default-executor-4] INFO  impl.RaftServerImpl (RaftServerImpl.java:setRole(171)) - c1f9b5f6-3f1a-4e58-b5c3-6c327452b89e:group-CA76A3A1922C changes role from FOLLOWER to FOLLOWER at term 1 for recognizeCandidate:a45a7528-2ba0-4bc3-913c-850122b1269f
2019-08-30 07:34:44,047 [grpc-default-executor-4] INFO  impl.RoleInfo (RoleInfo.java:shutdownFollowerState(121)) - c1f9b5f6-3f1a-4e58-b5c3-6c327452b89e: shutdown FollowerState
2019-08-30 07:34:44,047 [grpc-default-executor-0] INFO  impl.RaftServerImpl (RaftServerImpl.java:setRole(171)) - c1f9b5f6-3f1a-4e58-b5c3-6c327452b89e:group-186677E0C462 changes role from FOLLOWER to FOLLOWER at term 1 for recognizeCandidate:acc690db-1381-479d-90ad-8aa346d73f29
2019-08-30 07:34:44,048 [Thread-406] INFO  impl.FollowerState (FollowerState.java:run(114)) - c1f9b5f6-3f1a-4e58-b5c3-6c327452b89e: FollowerState was interrupted: java.lang.InterruptedException: sleep interrupted
2019-08-30 07:34:44,048 [grpc-default-executor-0] INFO  impl.RoleInfo (RoleInfo.java:shutdownFollowerState(121)) - c1f9b5f6-3f1a-4e58-b5c3-6c327452b89e: shutdown FollowerState
2019-08-30 07:34:44,047 [grpc-default-executor-4] INFO  impl.RoleInfo (RoleInfo.java:updateAndGet(143)) - c1f9b5f6-3f1a-4e58-b5c3-6c327452b89e: start FollowerState
2019-08-30 07:34:44,048 [Thread-410] INFO  impl.FollowerState (FollowerState.java:run(114)) - c1f9b5f6-3f1a-4e58-b5c3-6c327452b89e: FollowerState was interrupted: java.lang.InterruptedException: sleep interrupted
2019-08-30 07:34:44,048 [grpc-default-executor-0] INFO  impl.RoleInfo (RoleInfo.java:updateAndGet(143)) - c1f9b5f6-3f1a-4e58-b5c3-6c327452b89e: start FollowerState
2019-08-30 07:34:44,108 [acc690db-1381-479d-90ad-8aa346d73f29:group-CA76A3A1922C:LeaderElection25] INFO  impl.LeaderElection (LeaderElection.java:askForVotes(181)) - acc690db-1381-479d-90ad-8aa346d73f29:group-CA76A3A1922C:LeaderElection25: begin an election at term 1 for -1: [acc690db-1381-479d-90ad-8aa346d73f29:192.168.5.156:37691, c1f9b5f6-3f1a-4e58-b5c3-6c327452b89e:192.168.5.156:46765, a45a7528-2ba0-4bc3-913c-850122b1269f:192.168.5.156:32945], old=null
2019-08-30 07:34:44,108 [a45a7528-2ba0-4bc3-913c-850122b1269f:group-186677E0C462:LeaderElection26] INFO  impl.LeaderElection (LeaderElection.java:askForVotes(181)) - a45a7528-2ba0-4bc3-913c-850122b1269f:group-186677E0C462:LeaderElection26: begin an election at term 1 for -1: [acc690db-1381-479d-90ad-8aa346d73f29:192.168.5.156:37691, c1f9b5f6-3f1a-4e58-b5c3-6c327452b89e:192.168.5.156:46765, a45a7528-2ba0-4bc3-913c-850122b1269f:192.168.5.156:32945], old=null
2019-08-30 07:34:44,113 [acc690db-1381-479d-90ad-8aa346d73f29:group-186677E0C462:LeaderElection23] INFO  impl.LeaderElection (LeaderElection.java:logAndReturn(56)) - acc690db-1381-479d-90ad-8aa346d73f29:group-186677E0C462:LeaderElection23: Election PASSED; received 1 response(s) [acc690db-1381-479d-90ad-8aa346d73f29<-c1f9b5f6-3f1a-4e58-b5c3-6c327452b89e#0:OK-t1] and 0 exception(s); acc690db-1381-479d-90ad-8aa346d73f29:t1, leader=null, voted=acc690db-1381-479d-90ad-8aa346d73f29, raftlog=acc690db-1381-479d-90ad-8aa346d73f29-SegmentedRaftLog:OPENED:c-1,f-1,i0, conf=-1: [acc690db-1381-479d-90ad-8aa346d73f29:192.168.5.156:37691, c1f9b5f6-3f1a-4e58-b5c3-6c327452b89e:192.168.5.156:46765, a45a7528-2ba0-4bc3-913c-850122b1269f:192.168.5.156:32945], old=null
2019-08-30 07:34:44,113 [acc690db-1381-479d-90ad-8aa346d73f29:group-F9B49111EF33:LeaderElection22] INFO  impl.LeaderElection (LeaderElection.java:logAndReturn(56)) - acc690db-1381-479d-90ad-8aa346d73f29:group-F9B49111EF33:LeaderElection22: Election PASSED; received 2 response(s) [acc690db-1381-479d-90ad-8aa346d73f29<-c1f9b5f6-3f1a-4e58-b5c3-6c327452b89e#0:OK-t1, acc690db-1381-479d-90ad-8aa346d73f29<-a45a7528-2ba0-4bc3-913c-850122b1269f#0:FAIL-t1] and 0 exception(s); acc690db-1381-479d-90ad-8aa346d73f29:t1, leader=null, voted=acc690db-1381-479d-90ad-8aa346d73f29, raftlog=acc690db-1381-479d-90ad-8aa346d73f29-SegmentedRaftLog:OPENED:c-1,f-1,i0, conf=-1: [acc690db-1381-479d-90ad-8aa346d73f29:192.168.5.156:37691, c1f9b5f6-3f1a-4e58-b5c3-6c327452b89e:192.168.5.156:46765, a45a7528-2ba0-4bc3-913c-850122b1269f:192.168.5.156:32945], old=null
2019-08-30 07:34:44,113 [acc690db-1381-479d-90ad-8aa346d73f29:group-186677E0C462:LeaderElection23] INFO  impl.RoleInfo (RoleInfo.java:shutdownLeaderElection(134)) - acc690db-1381-479d-90ad-8aa346d73f29: shutdown LeaderElection
2019-08-30 07:34:44,113 [acc690db-1381-479d-90ad-8aa346d73f29:group-F9B49111EF33:LeaderElection22] INFO  impl.RoleInfo (RoleInfo.java:shutdownLeaderElection(134)) - acc690db-1381-479d-90ad-8aa346d73f29: shutdown LeaderElection
2019-08-30 07:34:44,114 [a45a7528-2ba0-4bc3-913c-850122b1269f:group-F9B49111EF33:LeaderElection24] INFO  impl.LeaderElection (LeaderElection.java:logAndReturn(56)) - a45a7528-2ba0-4bc3-913c-850122b1269f:group-F9B49111EF33:LeaderElection24: Election REJECTED; received 2 response(s) [a45a7528-2ba0-4bc3-913c-850122b1269f<-acc690db-1381-479d-90ad-8aa346d73f29#0:FAIL-t1, a45a7528-2ba0-4bc3-913c-850122b1269f<-c1f9b5f6-3f1a-4e58-b5c3-6c327452b89e#0:FAIL-t1] and 0 exception(s); a45a7528-2ba0-4bc3-913c-850122b1269f:t1, leader=null, voted=a45a7528-2ba0-4bc3-913c-850122b1269f, raftlog=a45a7528-2ba0-4bc3-913c-850122b1269f-SegmentedRaftLog:OPENED:c-1,f-1,i0, conf=-1: [acc690db-1381-479d-90ad-8aa346d73f29:192.168.5.156:37691, c1f9b5f6-3f1a-4e58-b5c3-6c327452b89e:192.168.5.156:46765, a45a7528-2ba0-4bc3-913c-850122b1269f:192.168.5.156:32945], old=null
2019-08-30 07:34:44,114 [acc690db-1381-479d-90ad-8aa346d73f29:group-186677E0C462:LeaderElection23] INFO  impl.RaftServerImpl (RaftServerImpl.java:setRole(171)) - acc690db-1381-479d-90ad-8aa346d73f29:group-186677E0C462 changes role from CANDIDATE to LEADER at term 1 for changeToLeader
2019-08-30 07:34:44,114 [a45a7528-2ba0-4bc3-913c-850122b1269f:group-F9B49111EF33:LeaderElection24] INFO  impl.RaftServerImpl (RaftServerImpl.java:setRole(171)) - a45a7528-2ba0-4bc3-913c-850122b1269f:group-F9B49111EF33 changes role from CANDIDATE to FOLLOWER at term 1 for DISCOVERED_A_NEW_TERM
2019-08-30 07:34:44,114 [a45a7528-2ba0-4bc3-913c-850122b1269f:group-CA76A3A1922C:LeaderElection21] INFO  impl.LeaderElection (LeaderElection.java:logAndReturn(56)) - a45a7528-2ba0-4bc3-913c-850122b1269f:group-CA76A3A1922C:LeaderElection21: Election PASSED; received 2 response(s) [a45a7528-2ba0-4bc3-913c-850122b1269f<-acc690db-1381-479d-90ad-8aa346d73f29#0:FAIL-t1, a45a7528-2ba0-4bc3-913c-850122b1269f<-c1f9b5f6-3f1a-4e58-b5c3-6c327452b89e#0:OK-t1] and 0 exception(s); a45a7528-2ba0-4bc3-913c-850122b1269f:t1, leader=null, voted=a45a7528-2ba0-4bc3-913c-850122b1269f, raftlog=a45a7528-2ba0-4bc3-913c-850122b1269f-SegmentedRaftLog:OPENED:c-1,f-1,i0, conf=-1: [acc690db-1381-479d-90ad-8aa346d73f29:192.168.5.156:37691, c1f9b5f6-3f1a-4e58-b5c3-6c327452b89e:192.168.5.156:46765, a45a7528-2ba0-4bc3-913c-850122b1269f:192.168.5.156:32945], old=null
2019-08-30 07:34:44,114 [acc690db-1381-479d-90ad-8aa346d73f29:group-F9B49111EF33:LeaderElection22] INFO  impl.RaftServerImpl (RaftServerImpl.java:setRole(171)) - acc690db-1381-479d-90ad-8aa346d73f29:group-F9B49111EF33 changes role from CANDIDATE to LEADER at term 1 for changeToLeader
2019-08-30 07:34:44,114 [a45a7528-2ba0-4bc3-913c-850122b1269f:group-CA76A3A1922C:LeaderElection21] INFO  impl.RoleInfo (RoleInfo.java:shutdownLeaderElection(134)) - a45a7528-2ba0-4bc3-913c-850122b1269f: shutdown LeaderElection
2019-08-30 07:34:44,114 [a45a7528-2ba0-4bc3-913c-850122b1269f:group-F9B49111EF33:LeaderElection24] INFO  impl.RoleInfo (RoleInfo.java:shutdownLeaderElection(134)) - a45a7528-2ba0-4bc3-913c-850122b1269f: shutdown LeaderElection
2019-08-30 07:34:44,114 [acc690db-1381-479d-90ad-8aa346d73f29:group-186677E0C462:LeaderElection23] INFO  impl.RaftServerImpl (ServerState.java:setLeader(263)) - acc690db-1381-479d-90ad-8aa346d73f29:group-186677E0C462 change Leader from null to acc690db-1381-479d-90ad-8aa346d73f29 at term 1 for becomeLeader, leader elected after 1298ms
2019-08-30 07:34:44,120 [a45a7528-2ba0-4bc3-913c-850122b1269f:group-F9B49111EF33:LeaderElection24] INFO  impl.RoleInfo (RoleInfo.java:updateAndGet(143)) - a45a7528-2ba0-4bc3-913c-850122b1269f: start FollowerState
2019-08-30 07:34:44,115 [a45a7528-2ba0-4bc3-913c-850122b1269f:group-CA76A3A1922C:LeaderElection21] INFO  impl.RaftServerImpl (RaftServerImpl.java:setRole(171)) - a45a7528-2ba0-4bc3-913c-850122b1269f:group-CA76A3A1922C changes role from CANDIDATE to LEADER at term 1 for changeToLeader
2019-08-30 07:34:44,115 [acc690db-1381-479d-90ad-8aa346d73f29:group-F9B49111EF33:LeaderElection22] INFO  impl.RaftServerImpl (ServerState.java:setLeader(263)) - acc690db-1381-479d-90ad-8aa346d73f29:group-F9B49111EF33 change Leader from null to acc690db-1381-479d-90ad-8aa346d73f29 at term 1 for becomeLeader, leader elected after 1646ms
2019-08-30 07:34:44,120 [a45a7528-2ba0-4bc3-913c-850122b1269f:group-CA76A3A1922C:LeaderElection21] INFO  impl.RaftServerImpl (ServerState.java:setLeader(263)) - a45a7528-2ba0-4bc3-913c-850122b1269f:group-CA76A3A1922C change Leader from null to a45a7528-2ba0-4bc3-913c-850122b1269f at term 1 for becomeLeader, leader elected after 1776ms
2019-08-30 07:34:44,120 [acc690db-1381-479d-90ad-8aa346d73f29:group-186677E0C462:LeaderElection23] INFO  server.RaftServerConfigKeys (ConfUtils.java:logGet(43)) - raft.server.staging.catchup.gap = 1000 (default)
2019-08-30 07:34:44,120 [a45a7528-2ba0-4bc3-913c-850122b1269f:group-CA76A3A1922C:LeaderElection21] INFO  server.RaftServerConfigKeys (ConfUtils.java:logGet(43)) - raft.server.staging.catchup.gap = 1000 (default)
2019-08-30 07:34:44,120 [acc690db-1381-479d-90ad-8aa346d73f29:group-F9B49111EF33:LeaderElection22] INFO  server.RaftServerConfigKeys (ConfUtils.java:logGet(43)) - raft.server.staging.catchup.gap = 1000 (default)
2019-08-30 07:34:44,121 [a45a7528-2ba0-4bc3-913c-850122b1269f:group-CA76A3A1922C:LeaderElection21] INFO  server.RaftServerConfigKeys (ConfUtils.java:logGet(43)) - raft.server.rpc.sleep.time = 25ms (default)
2019-08-30 07:34:44,121 [acc690db-1381-479d-90ad-8aa346d73f29:group-186677E0C462:LeaderElection23] INFO  server.RaftServerConfigKeys (ConfUtils.java:logGet(43)) - raft.server.rpc.sleep.time = 25ms (default)
2019-08-30 07:34:44,121 [acc690db-1381-479d-90ad-8aa346d73f29:group-F9B49111EF33:LeaderElection22] INFO  server.RaftServerConfigKeys (ConfUtils.java:logGet(43)) - raft.server.rpc.sleep.time = 25ms (default)
2019-08-30 07:34:44,121 [acc690db-1381-479d-90ad-8aa346d73f29:group-186677E0C462:LeaderElection23] INFO  server.RaftServerConfigKeys (ConfUtils.java:logGet(43)) - raft.server.write.element-limit = 4096 (default)
2019-08-30 07:34:44,121 [a45a7528-2ba0-4bc3-913c-850122b1269f:group-CA76A3A1922C:LeaderElection21] INFO  server.RaftServerConfigKeys (ConfUtils.java:logGet(43)) - raft.server.write.element-limit = 4096 (default)
2019-08-30 07:34:44,121 [acc690db-1381-479d-90ad-8aa346d73f29:group-186677E0C462:LeaderElection23] INFO  server.RaftServerConfigKeys (ConfUtils.java:logGet(43)) - raft.server.watch.timeout = 10s (default)
2019-08-30 07:34:44,121 [acc690db-1381-479d-90ad-8aa346d73f29:group-F9B49111EF33:LeaderElection22] INFO  server.RaftServerConfigKeys (ConfUtils.java:logGet(43)) - raft.server.write.element-limit = 4096 (default)
2019-08-30 07:34:44,121 [acc690db-1381-479d-90ad-8aa346d73f29:group-186677E0C462:LeaderElection23] INFO  server.RaftServerConfigKeys (ConfUtils.java:logGet(43)) - raft.server.watch.timeout.denomination = 1s (default)
2019-08-30 07:34:44,121 [a45a7528-2ba0-4bc3-913c-850122b1269f:group-CA76A3A1922C:LeaderElection21] INFO  server.RaftServerConfigKeys (ConfUtils.java:logGet(43)) - raft.server.watch.timeout = 10s (default)
2019-08-30 07:34:44,122 [acc690db-1381-479d-90ad-8aa346d73f29:group-186677E0C462:LeaderElection23] INFO  server.RaftServerConfigKeys (ConfUtils.java:logGet(43)) - raft.server.watch.element-limit = 65536 (default)
2019-08-30 07:34:44,122 [acc690db-1381-479d-90ad-8aa346d73f29:group-F9B49111EF33:LeaderElection22] INFO  server.RaftServerConfigKeys (ConfUtils.java:logGet(43)) - raft.server.watch.timeout = 10s (default)
2019-08-30 07:34:44,122 [a45a7528-2ba0-4bc3-913c-850122b1269f:group-CA76A3A1922C:LeaderElection21] INFO  server.RaftServerConfigKeys (ConfUtils.java:logGet(43)) - raft.server.watch.timeout.denomination = 1s (default)
2019-08-30 07:34:44,122 [acc690db-1381-479d-90ad-8aa346d73f29:group-186677E0C462:LeaderElection23] INFO  server.RaftServerConfigKeys (ConfUtils.java:logGet(43)) - raft.server.log.appender.snapshot.chunk.size.max = 16MB (=16777216) (default)
2019-08-30 07:34:44,122 [acc690db-1381-479d-90ad-8aa346d73f29:group-F9B49111EF33:LeaderElection22] INFO  server.RaftServerConfigKeys (ConfUtils.java:logGet(43)) - raft.server.watch.timeout.denomination = 1s (default)
2019-08-30 07:34:44,122 [acc690db-1381-479d-90ad-8aa346d73f29:group-186677E0C462:LeaderElection23] INFO  server.RaftServerConfigKeys (ConfUtils.java:logGet(43)) - raft.server.log.appender.buffer.byte-limit = 33554432 (custom)
2019-08-30 07:34:44,122 [a45a7528-2ba0-4bc3-913c-850122b1269f:group-CA76A3A1922C:LeaderElection21] INFO  server.RaftServerConfigKeys (ConfUtils.java:logGet(43)) - raft.server.watch.element-limit = 65536 (default)
2019-08-30 07:34:44,123 [acc690db-1381-479d-90ad-8aa346d73f29:group-186677E0C462:LeaderElection23] INFO  server.RaftServerConfigKeys (ConfUtils.java:logGet(43)) - raft.server.log.appender.buffer.element-limit = 1 (custom)
2019-08-30 07:34:44,123 [a45a7528-2ba0-4bc3-913c-850122b1269f:group-CA76A3A1922C:LeaderElection21] INFO  server.RaftServerConfigKeys (ConfUtils.java:logGet(43)) - raft.server.log.appender.snapshot.chunk.size.max = 16MB (=16777216) (default)
2019-08-30 07:34:44,122 [acc690db-1381-479d-90ad-8aa346d73f29:group-F9B49111EF33:LeaderElection22] INFO  server.RaftServerConfigKeys (ConfUtils.java:logGet(43)) - raft.server.watch.element-limit = 65536 (default)
2019-08-30 07:34:44,123 [a45a7528-2ba0-4bc3-913c-850122b1269f:group-CA76A3A1922C:LeaderElection21] INFO  server.RaftServerConfigKeys (ConfUtils.java:logGet(43)) - raft.server.log.appender.buffer.byte-limit = 33554432 (custom)
2019-08-30 07:34:44,123 [acc690db-1381-479d-90ad-8aa346d73f29:group-186677E0C462:LeaderElection23] INFO  grpc.GrpcConfigKeys$Server (ConfUtils.java:logGet(43)) - raft.grpc.server.leader.outstanding.appends.max = 128 (default)
2019-08-30 07:34:44,123 [a45a7528-2ba0-4bc3-913c-850122b1269f:group-CA76A3A1922C:LeaderElection21] INFO  server.RaftServerConfigKeys (ConfUtils.java:logGet(43)) - raft.server.log.appender.buffer.element-limit = 1 (custom)
2019-08-30 07:34:44,123 [acc690db-1381-479d-90ad-8aa346d73f29:group-F9B49111EF33:LeaderElection22] INFO  server.RaftServerConfigKeys (ConfUtils.java:logGet(43)) - raft.server.log.appender.snapshot.chunk.size.max = 16MB (=16777216) (default)
2019-08-30 07:34:44,123 [acc690db-1381-479d-90ad-8aa346d73f29:group-186677E0C462:LeaderElection23] INFO  server.RaftServerConfigKeys (ConfUtils.java:logGet(43)) - raft.server.rpc.request.timeout = 3000ms (default)
2019-08-30 07:34:44,124 [acc690db-1381-479d-90ad-8aa346d73f29:group-F9B49111EF33:LeaderElection22] INFO  server.RaftServerConfigKeys (ConfUtils.java:logGet(43)) - raft.server.log.appender.buffer.byte-limit = 33554432 (custom)
2019-08-30 07:34:44,124 [a45a7528-2ba0-4bc3-913c-850122b1269f:group-CA76A3A1922C:LeaderElection21] INFO  grpc.GrpcConfigKeys$Server (ConfUtils.java:logGet(43)) - raft.grpc.server.leader.outstanding.appends.max = 128 (default)
2019-08-30 07:34:44,124 [acc690db-1381-479d-90ad-8aa346d73f29:group-F9B49111EF33:LeaderElection22] INFO  server.RaftServerConfigKeys (ConfUtils.java:logGet(43)) - raft.server.log.appender.buffer.element-limit = 1 (custom)
2019-08-30 07:34:44,124 [acc690db-1381-479d-90ad-8aa346d73f29:group-186677E0C462:LeaderElection23] INFO  server.RaftServerConfigKeys (ConfUtils.java:logGet(43)) - raft.server.log.appender.install.snapshot.enabled = false (custom)
2019-08-30 07:34:44,124 [acc690db-1381-479d-90ad-8aa346d73f29:group-F9B49111EF33:LeaderElection22] INFO  grpc.GrpcConfigKeys$Server (ConfUtils.java:logGet(43)) - raft.grpc.server.leader.outstanding.appends.max = 128 (default)
2019-08-30 07:34:44,124 [a45a7528-2ba0-4bc3-913c-850122b1269f:group-CA76A3A1922C:LeaderElection21] INFO  server.RaftServerConfigKeys (ConfUtils.java:logGet(43)) - raft.server.rpc.request.timeout = 3000ms (default)
2019-08-30 07:34:44,125 [acc690db-1381-479d-90ad-8aa346d73f29:group-F9B49111EF33:LeaderElection22] INFO  server.RaftServerConfigKeys (ConfUtils.java:logGet(43)) - raft.server.rpc.request.timeout = 3000ms (default)
2019-08-30 07:34:44,124 [acc690db-1381-479d-90ad-8aa346d73f29:group-186677E0C462:LeaderElection23] INFO  server.RaftServerConfigKeys (ConfUtils.java:logGet(43)) - raft.server.log.appender.snapshot.chunk.size.max = 16MB (=16777216) (default)
2019-08-30 07:34:44,125 [acc690db-1381-479d-90ad-8aa346d73f29:group-F9B49111EF33:LeaderElection22] INFO  server.RaftServerConfigKeys (ConfUtils.java:logGet(43)) - raft.server.log.appender.install.snapshot.enabled = false (custom)
2019-08-30 07:34:44,125 [a45a7528-2ba0-4bc3-913c-850122b1269f:group-CA76A3A1922C:LeaderElection21] INFO  server.RaftServerConfigKeys (ConfUtils.java:logGet(43)) - raft.server.log.appender.install.snapshot.enabled = false (custom)
2019-08-30 07:34:44,125 [acc690db-1381-479d-90ad-8aa346d73f29:group-F9B49111EF33:LeaderElection22] INFO  server.RaftServerConfigKeys (ConfUtils.java:logGet(43)) - raft.server.log.appender.snapshot.chunk.size.max = 16MB (=16777216) (default)
2019-08-30 07:34:44,125 [acc690db-1381-479d-90ad-8aa346d73f29:group-186677E0C462:LeaderElection23] INFO  server.RaftServerConfigKeys (ConfUtils.java:logGet(43)) - raft.server.log.appender.buffer.byte-limit = 33554432 (custom)
2019-08-30 07:34:44,125 [acc690db-1381-479d-90ad-8aa346d73f29:group-F9B49111EF33:LeaderElection22] INFO  server.RaftServerConfigKeys (ConfUtils.java:logGet(43)) - raft.server.log.appender.buffer.byte-limit = 33554432 (custom)
2019-08-30 07:34:44,125 [a45a7528-2ba0-4bc3-913c-850122b1269f:group-CA76A3A1922C:LeaderElection21] INFO  server.RaftServerConfigKeys (ConfUtils.java:logGet(43)) - raft.server.log.appender.snapshot.chunk.size.max = 16MB (=16777216) (default)
2019-08-30 07:34:44,126 [acc690db-1381-479d-90ad-8aa346d73f29:group-F9B49111EF33:LeaderElection22] INFO  server.RaftServerConfigKeys (ConfUtils.java:logGet(43)) - raft.server.log.appender.buffer.element-limit = 1 (custom)
2019-08-30 07:34:44,125 [acc690db-1381-479d-90ad-8aa346d73f29:group-186677E0C462:LeaderElection23] INFO  server.RaftServerConfigKeys (ConfUtils.java:logGet(43)) - raft.server.log.appender.buffer.element-limit = 1 (custom)
2019-08-30 07:34:44,126 [acc690db-1381-479d-90ad-8aa346d73f29:group-F9B49111EF33:LeaderElection22] INFO  grpc.GrpcConfigKeys$Server (ConfUtils.java:logGet(43)) - raft.grpc.server.leader.outstanding.appends.max = 128 (default)
2019-08-30 07:34:44,126 [a45a7528-2ba0-4bc3-913c-850122b1269f:group-CA76A3A1922C:LeaderElection21] INFO  server.RaftServerConfigKeys (ConfUtils.java:logGet(43)) - raft.server.log.appender.buffer.byte-limit = 33554432 (custom)
2019-08-30 07:34:44,126 [acc690db-1381-479d-90ad-8aa346d73f29:group-F9B49111EF33:LeaderElection22] INFO  server.RaftServerConfigKeys (ConfUtils.java:logGet(43)) - raft.server.rpc.request.timeout = 3000ms (default)
2019-08-30 07:34:44,126 [acc690db-1381-479d-90ad-8aa346d73f29:group-186677E0C462:LeaderElection23] INFO  grpc.GrpcConfigKeys$Server (ConfUtils.java:logGet(43)) - raft.grpc.server.leader.outstanding.appends.max = 128 (default)
2019-08-30 07:34:44,126 [acc690db-1381-479d-90ad-8aa346d73f29:group-F9B49111EF33:LeaderElection22] INFO  server.RaftServerConfigKeys (ConfUtils.java:logGet(43)) - raft.server.log.appender.install.snapshot.enabled = false (custom)
2019-08-30 07:34:44,126 [a45a7528-2ba0-4bc3-913c-850122b1269f:group-CA76A3A1922C:LeaderElection21] INFO  server.RaftServerConfigKeys (ConfUtils.java:logGet(43)) - raft.server.log.appender.buffer.element-limit = 1 (custom)
2019-08-30 07:34:44,127 [acc690db-1381-479d-90ad-8aa346d73f29:group-F9B49111EF33:LeaderElection22] INFO  impl.RoleInfo (RoleInfo.java:updateAndGet(143)) - acc690db-1381-479d-90ad-8aa346d73f29: start LeaderState
2019-08-30 07:34:44,127 [acc690db-1381-479d-90ad-8aa346d73f29:group-186677E0C462:LeaderElection23] INFO  server.RaftServerConfigKeys (ConfUtils.java:logGet(43)) - raft.server.rpc.request.timeout = 3000ms (default)
2019-08-30 07:34:44,127 [acc690db-1381-479d-90ad-8aa346d73f29:group-F9B49111EF33:LeaderElection22] INFO  segmented.SegmentedRaftLogWorker (SegmentedRaftLogWorker.java:startLogSegment(380)) - acc690db-1381-479d-90ad-8aa346d73f29-SegmentedRaftLogWorker:Storage Directory /workdir/hadoop-ozone/integration-test/target/test-dir/MiniOzoneClusterImpl-e2a0042e-8006-48d2-a527-f4f759a7d1b5/datanode-2/data/ratis/a431161b-4607-4a9c-92c2-f9b49111ef33: Starting segment from index:0
2019-08-30 07:34:44,127 [a45a7528-2ba0-4bc3-913c-850122b1269f:group-CA76A3A1922C:LeaderElection21] INFO  grpc.GrpcConfigKeys$Server (ConfUtils.java:logGet(43)) - raft.grpc.server.leader.outstanding.appends.max = 128 (default)
2019-08-30 07:34:44,127 [acc690db-1381-479d-90ad-8aa346d73f29:group-186677E0C462:LeaderElection23] INFO  server.RaftServerConfigKeys (ConfUtils.java:logGet(43)) - raft.server.log.appender.install.snapshot.enabled = false (custom)
2019-08-30 07:34:44,127 [a45a7528-2ba0-4bc3-913c-850122b1269f:group-CA76A3A1922C:LeaderElection21] INFO  server.RaftServerConfigKeys (ConfUtils.java:logGet(43)) - raft.server.rpc.request.timeout = 3000ms (default)
2019-08-30 07:34:44,127 [acc690db-1381-479d-90ad-8aa346d73f29:group-186677E0C462:LeaderElection23] INFO  impl.RoleInfo (RoleInfo.java:updateAndGet(143)) - acc690db-1381-479d-90ad-8aa346d73f29: start LeaderState
2019-08-30 07:34:44,128 [a45a7528-2ba0-4bc3-913c-850122b1269f:group-CA76A3A1922C:LeaderElection21] INFO  server.RaftServerConfigKeys (ConfUtils.java:logGet(43)) - raft.server.log.appender.install.snapshot.enabled = false (custom)
2019-08-30 07:34:44,128 [acc690db-1381-479d-90ad-8aa346d73f29:group-F9B49111EF33:LeaderElection22] INFO  impl.RaftServerImpl (ServerState.java:setRaftConf(361)) - acc690db-1381-479d-90ad-8aa346d73f29:group-F9B49111EF33 set configuration 0: [acc690db-1381-479d-90ad-8aa346d73f29:192.168.5.156:37691, c1f9b5f6-3f1a-4e58-b5c3-6c327452b89e:192.168.5.156:46765, a45a7528-2ba0-4bc3-913c-850122b1269f:192.168.5.156:32945], old=null at 0
2019-08-30 07:34:44,128 [a45a7528-2ba0-4bc3-913c-850122b1269f:group-CA76A3A1922C:LeaderElection21] INFO  impl.RoleInfo (RoleInfo.java:updateAndGet(143)) - a45a7528-2ba0-4bc3-913c-850122b1269f: start LeaderState
2019-08-30 07:34:44,128 [acc690db-1381-479d-90ad-8aa346d73f29:group-186677E0C462:LeaderElection23] INFO  segmented.SegmentedRaftLogWorker (SegmentedRaftLogWorker.java:startLogSegment(380)) - acc690db-1381-479d-90ad-8aa346d73f29-SegmentedRaftLogWorker:Storage Directory /workdir/hadoop-ozone/integration-test/target/test-dir/MiniOzoneClusterImpl-e2a0042e-8006-48d2-a527-f4f759a7d1b5/datanode-2/data/ratis/1e16680b-1ee8-4d8c-9dfc-186677e0c462: Starting segment from index:0
2019-08-30 07:34:44,128 [a45a7528-2ba0-4bc3-913c-850122b1269f:group-CA76A3A1922C:LeaderElection21] INFO  segmented.SegmentedRaftLogWorker (SegmentedRaftLogWorker.java:startLogSegment(380)) - a45a7528-2ba0-4bc3-913c-850122b1269f-SegmentedRaftLogWorker:Storage Directory /workdir/hadoop-ozone/integration-test/target/test-dir/MiniOzoneClusterImpl-e2a0042e-8006-48d2-a527-f4f759a7d1b5/datanode-1/data/ratis/08513cd7-a381-4a46-ae3e-ca76a3a1922c: Starting segment from index:0
2019-08-30 07:34:44,129 [acc690db-1381-479d-90ad-8aa346d73f29:group-186677E0C462:LeaderElection23] INFO  impl.RaftServerImpl (ServerState.java:setRaftConf(361)) - acc690db-1381-479d-90ad-8aa346d73f29:group-186677E0C462 set configuration 0: [acc690db-1381-479d-90ad-8aa346d73f29:192.168.5.156:37691, c1f9b5f6-3f1a-4e58-b5c3-6c327452b89e:192.168.5.156:46765, a45a7528-2ba0-4bc3-913c-850122b1269f:192.168.5.156:32945], old=null at 0
2019-08-30 07:34:44,130 [grpc-default-executor-4] INFO  impl.RaftServerImpl (RaftServerImpl.java:requestVote(754)) - acc690db-1381-479d-90ad-8aa346d73f29-LEADER: Withhold vote from candidate a45a7528-2ba0-4bc3-913c-850122b1269f with term 1. State: leader=acc690db-1381-479d-90ad-8aa346d73f29, term=1, lastRpcElapsed=null
2019-08-30 07:34:44,130 [grpc-default-executor-1] INFO  impl.RaftServerImpl (ServerState.java:setLeader(263)) - a45a7528-2ba0-4bc3-913c-850122b1269f:group-F9B49111EF33 change Leader from null to acc690db-1381-479d-90ad-8aa346d73f29 at term 1 for appendEntries, leader elected after 1662ms
2019-08-30 07:34:44,129 [a45a7528-2ba0-4bc3-913c-850122b1269f:group-CA76A3A1922C:LeaderElection21] INFO  impl.RaftServerImpl (ServerState.java:setRaftConf(361)) - a45a7528-2ba0-4bc3-913c-850122b1269f:group-CA76A3A1922C set configuration 0: [acc690db-1381-479d-90ad-8aa346d73f29:192.168.5.156:37691, c1f9b5f6-3f1a-4e58-b5c3-6c327452b89e:192.168.5.156:46765, a45a7528-2ba0-4bc3-913c-850122b1269f:192.168.5.156:32945], old=null at 0
2019-08-30 07:34:44,131 [grpc-default-executor-2] INFO  impl.RaftServerImpl (RaftServerImpl.java:requestVote(754)) - a45a7528-2ba0-4bc3-913c-850122b1269f-LEADER: Withhold vote from candidate acc690db-1381-479d-90ad-8aa346d73f29 with term 1. State: leader=a45a7528-2ba0-4bc3-913c-850122b1269f, term=1, lastRpcElapsed=null
2019-08-30 07:34:44,131 [grpc-default-executor-1] INFO  impl.RaftServerImpl (ServerState.java:setLeader(263)) - c1f9b5f6-3f1a-4e58-b5c3-6c327452b89e:group-F9B49111EF33 change Leader from null to acc690db-1381-479d-90ad-8aa346d73f29 at term 1 for appendEntries, leader elected after 1316ms
2019-08-30 07:34:44,132 [a45a7528-2ba0-4bc3-913c-850122b1269f:group-186677E0C462:LeaderElection26] INFO  impl.LeaderElection (LeaderElection.java:logAndReturn(56)) - a45a7528-2ba0-4bc3-913c-850122b1269f:group-186677E0C462:LeaderElection26: Election REJECTED; received 2 response(s) [a45a7528-2ba0-4bc3-913c-850122b1269f<-acc690db-1381-479d-90ad-8aa346d73f29#0:FAIL-t1, a45a7528-2ba0-4bc3-913c-850122b1269f<-c1f9b5f6-3f1a-4e58-b5c3-6c327452b89e#0:FAIL-t1] and 0 exception(s); a45a7528-2ba0-4bc3-913c-850122b1269f:t1, leader=null, voted=a45a7528-2ba0-4bc3-913c-850122b1269f, raftlog=a45a7528-2ba0-4bc3-913c-850122b1269f-SegmentedRaftLog:OPENED:c-1,f-1,i0, conf=-1: [acc690db-1381-479d-90ad-8aa346d73f29:192.168.5.156:37691, c1f9b5f6-3f1a-4e58-b5c3-6c327452b89e:192.168.5.156:46765, a45a7528-2ba0-4bc3-913c-850122b1269f:192.168.5.156:32945], old=null
2019-08-30 07:34:44,132 [a45a7528-2ba0-4bc3-913c-850122b1269f:group-186677E0C462:LeaderElection26] INFO  impl.RaftServerImpl (RaftServerImpl.java:setRole(171)) - a45a7528-2ba0-4bc3-913c-850122b1269f:group-186677E0C462 changes role from CANDIDATE to FOLLOWER at term 1 for DISCOVERED_A_NEW_TERM
2019-08-30 07:34:44,132 [a45a7528-2ba0-4bc3-913c-850122b1269f:group-186677E0C462:LeaderElection26] INFO  impl.RoleInfo (RoleInfo.java:shutdownLeaderElection(134)) - a45a7528-2ba0-4bc3-913c-850122b1269f: shutdown LeaderElection
2019-08-30 07:34:44,132 [acc690db-1381-479d-90ad-8aa346d73f29:group-CA76A3A1922C:LeaderElection25] INFO  impl.LeaderElection (LeaderElection.java:logAndReturn(56)) - acc690db-1381-479d-90ad-8aa346d73f29:group-CA76A3A1922C:LeaderElection25: Election REJECTED; received 2 response(s) [acc690db-1381-479d-90ad-8aa346d73f29<-c1f9b5f6-3f1a-4e58-b5c3-6c327452b89e#0:FAIL-t1, acc690db-1381-479d-90ad-8aa346d73f29<-a45a7528-2ba0-4bc3-913c-850122b1269f#0:FAIL-t1] and 0 exception(s); acc690db-1381-479d-90ad-8aa346d73f29:t1, leader=null, voted=acc690db-1381-479d-90ad-8aa346d73f29, raftlog=acc690db-1381-479d-90ad-8aa346d73f29-SegmentedRaftLog:OPENED:c-1,f-1,i0, conf=-1: [acc690db-1381-479d-90ad-8aa346d73f29:192.168.5.156:37691, c1f9b5f6-3f1a-4e58-b5c3-6c327452b89e:192.168.5.156:46765, a45a7528-2ba0-4bc3-913c-850122b1269f:192.168.5.156:32945], old=null
2019-08-30 07:34:44,133 [a45a7528-2ba0-4bc3-913c-850122b1269f:group-186677E0C462:LeaderElection26] INFO  impl.RoleInfo (RoleInfo.java:updateAndGet(143)) - a45a7528-2ba0-4bc3-913c-850122b1269f: start FollowerState
2019-08-30 07:34:44,133 [acc690db-1381-479d-90ad-8aa346d73f29:group-CA76A3A1922C:LeaderElection25] INFO  impl.RaftServerImpl (RaftServerImpl.java:setRole(171)) - acc690db-1381-479d-90ad-8aa346d73f29:group-CA76A3A1922C changes role from CANDIDATE to FOLLOWER at term 1 for DISCOVERED_A_NEW_TERM
2019-08-30 07:34:44,133 [acc690db-1381-479d-90ad-8aa346d73f29:group-CA76A3A1922C:LeaderElection25] INFO  impl.RoleInfo (RoleInfo.java:shutdownLeaderElection(134)) - acc690db-1381-479d-90ad-8aa346d73f29: shutdown LeaderElection
2019-08-30 07:34:44,133 [grpc-default-executor-1] INFO  impl.RaftServerImpl (ServerState.java:setLeader(263)) - a45a7528-2ba0-4bc3-913c-850122b1269f:group-186677E0C462 change Leader from null to acc690db-1381-479d-90ad-8aa346d73f29 at term 1 for appendEntries, leader elected after 1317ms
2019-08-30 07:34:44,133 [acc690db-1381-479d-90ad-8aa346d73f29:group-CA76A3A1922C:LeaderElection25] INFO  impl.RoleInfo (RoleInfo.java:updateAndGet(143)) - acc690db-1381-479d-90ad-8aa346d73f29: start FollowerState
2019-08-30 07:34:44,134 [grpc-default-executor-1] INFO  impl.RaftServerImpl (ServerState.java:setLeader(263)) - acc690db-1381-479d-90ad-8aa346d73f29:group-CA76A3A1922C change Leader from null to a45a7528-2ba0-4bc3-913c-850122b1269f at term 1 for appendEntries, leader elected after 1790ms
2019-08-30 07:34:44,134 [grpc-default-executor-2] INFO  impl.RaftServerImpl (ServerState.java:setLeader(263)) - c1f9b5f6-3f1a-4e58-b5c3-6c327452b89e:group-186677E0C462 change Leader from null to acc690db-1381-479d-90ad-8aa346d73f29 at term 1 for appendEntries, leader elected after 1154ms
2019-08-30 07:34:44,137 [grpc-default-executor-1] INFO  impl.RaftServerImpl (ServerState.java:setRaftConf(361)) - c1f9b5f6-3f1a-4e58-b5c3-6c327452b89e:group-F9B49111EF33 set configuration 0: [acc690db-1381-479d-90ad-8aa346d73f29:192.168.5.156:37691, c1f9b5f6-3f1a-4e58-b5c3-6c327452b89e:192.168.5.156:46765, a45a7528-2ba0-4bc3-913c-850122b1269f:192.168.5.156:32945], old=null at 0
2019-08-30 07:34:44,137 [grpc-default-executor-1] INFO  segmented.SegmentedRaftLogWorker (SegmentedRaftLogWorker.java:startLogSegment(380)) - c1f9b5f6-3f1a-4e58-b5c3-6c327452b89e-SegmentedRaftLogWorker:Storage Directory /workdir/hadoop-ozone/integration-test/target/test-dir/MiniOzoneClusterImpl-e2a0042e-8006-48d2-a527-f4f759a7d1b5/datanode-5/data/ratis/a431161b-4607-4a9c-92c2-f9b49111ef33: Starting segment from index:0
2019-08-30 07:34:44,159 [grpc-default-executor-2] INFO  impl.RaftServerImpl (ServerState.java:setLeader(263)) - c1f9b5f6-3f1a-4e58-b5c3-6c327452b89e:group-CA76A3A1922C change Leader from null to a45a7528-2ba0-4bc3-913c-850122b1269f at term 1 for appendEntries, leader elected after 1690ms
2019-08-30 07:34:44,159 [grpc-default-executor-4] INFO  impl.RaftServerImpl (ServerState.java:setRaftConf(361)) - a45a7528-2ba0-4bc3-913c-850122b1269f:group-F9B49111EF33 set configuration 0: [acc690db-1381-479d-90ad-8aa346d73f29:192.168.5.156:37691, c1f9b5f6-3f1a-4e58-b5c3-6c327452b89e:192.168.5.156:46765, a45a7528-2ba0-4bc3-913c-850122b1269f:192.168.5.156:32945], old=null at 0
2019-08-30 07:34:44,160 [grpc-default-executor-4] INFO  segmented.SegmentedRaftLogWorker (SegmentedRaftLogWorker.java:startLogSegment(380)) - a45a7528-2ba0-4bc3-913c-850122b1269f-SegmentedRaftLogWorker:Storage Directory /workdir/hadoop-ozone/integration-test/target/test-dir/MiniOzoneClusterImpl-e2a0042e-8006-48d2-a527-f4f759a7d1b5/datanode-1/data/ratis/a431161b-4607-4a9c-92c2-f9b49111ef33: Starting segment from index:0
2019-08-30 07:34:44,160 [grpc-default-executor-2] INFO  impl.RaftServerImpl (ServerState.java:setRaftConf(361)) - c1f9b5f6-3f1a-4e58-b5c3-6c327452b89e:group-186677E0C462 set configuration 0: [acc690db-1381-479d-90ad-8aa346d73f29:192.168.5.156:37691, c1f9b5f6-3f1a-4e58-b5c3-6c327452b89e:192.168.5.156:46765, a45a7528-2ba0-4bc3-913c-850122b1269f:192.168.5.156:32945], old=null at 0
2019-08-30 07:34:44,161 [grpc-default-executor-2] INFO  segmented.SegmentedRaftLogWorker (SegmentedRaftLogWorker.java:startLogSegment(380)) - c1f9b5f6-3f1a-4e58-b5c3-6c327452b89e-SegmentedRaftLogWorker:Storage Directory /workdir/hadoop-ozone/integration-test/target/test-dir/MiniOzoneClusterImpl-e2a0042e-8006-48d2-a527-f4f759a7d1b5/datanode-5/data/ratis/1e16680b-1ee8-4d8c-9dfc-186677e0c462: Starting segment from index:0
2019-08-30 07:34:44,161 [grpc-default-executor-4] INFO  impl.RaftServerImpl (ServerState.java:setRaftConf(361)) - acc690db-1381-479d-90ad-8aa346d73f29:group-CA76A3A1922C set configuration 0: [acc690db-1381-479d-90ad-8aa346d73f29:192.168.5.156:37691, c1f9b5f6-3f1a-4e58-b5c3-6c327452b89e:192.168.5.156:46765, a45a7528-2ba0-4bc3-913c-850122b1269f:192.168.5.156:32945], old=null at 0
2019-08-30 07:34:44,161 [grpc-default-executor-4] INFO  segmented.SegmentedRaftLogWorker (SegmentedRaftLogWorker.java:startLogSegment(380)) - acc690db-1381-479d-90ad-8aa346d73f29-SegmentedRaftLogWorker:Storage Directory /workdir/hadoop-ozone/integration-test/target/test-dir/MiniOzoneClusterImpl-e2a0042e-8006-48d2-a527-f4f759a7d1b5/datanode-2/data/ratis/08513cd7-a381-4a46-ae3e-ca76a3a1922c: Starting segment from index:0
2019-08-30 07:34:44,161 [grpc-default-executor-1] INFO  impl.RaftServerImpl (ServerState.java:setRaftConf(361)) - a45a7528-2ba0-4bc3-913c-850122b1269f:group-186677E0C462 set configuration 0: [acc690db-1381-479d-90ad-8aa346d73f29:192.168.5.156:37691, c1f9b5f6-3f1a-4e58-b5c3-6c327452b89e:192.168.5.156:46765, a45a7528-2ba0-4bc3-913c-850122b1269f:192.168.5.156:32945], old=null at 0
2019-08-30 07:34:44,162 | INFO  | SCMAudit | user=jenkins1000 | ip=192.168.5.156 | op=SEND_HEARTBEAT {datanodeUUID=cf19ac65-0b70-4753-9cfc-44acb7cd902c, command=[]} | ret=SUCCESS |  
2019-08-30 07:34:44,192 [grpc-default-executor-2] INFO  impl.RaftServerImpl (ServerState.java:setRaftConf(361)) - c1f9b5f6-3f1a-4e58-b5c3-6c327452b89e:group-CA76A3A1922C set configuration 0: [acc690db-1381-479d-90ad-8aa346d73f29:192.168.5.156:37691, c1f9b5f6-3f1a-4e58-b5c3-6c327452b89e:192.168.5.156:46765, a45a7528-2ba0-4bc3-913c-850122b1269f:192.168.5.156:32945], old=null at 0
2019-08-30 07:34:44,192 [grpc-default-executor-1] INFO  segmented.SegmentedRaftLogWorker (SegmentedRaftLogWorker.java:startLogSegment(380)) - a45a7528-2ba0-4bc3-913c-850122b1269f-SegmentedRaftLogWorker:Storage Directory /workdir/hadoop-ozone/integration-test/target/test-dir/MiniOzoneClusterImpl-e2a0042e-8006-48d2-a527-f4f759a7d1b5/datanode-1/data/ratis/1e16680b-1ee8-4d8c-9dfc-186677e0c462: Starting segment from index:0
2019-08-30 07:34:44,193 [grpc-default-executor-2] INFO  segmented.SegmentedRaftLogWorker (SegmentedRaftLogWorker.java:startLogSegment(380)) - c1f9b5f6-3f1a-4e58-b5c3-6c327452b89e-SegmentedRaftLogWorker:Storage Directory /workdir/hadoop-ozone/integration-test/target/test-dir/MiniOzoneClusterImpl-e2a0042e-8006-48d2-a527-f4f759a7d1b5/datanode-5/data/ratis/08513cd7-a381-4a46-ae3e-ca76a3a1922c: Starting segment from index:0
2019-08-30 07:34:44,193 | INFO  | SCMAudit | user=jenkins1000 | ip=192.168.5.156 | op=SEND_HEARTBEAT {datanodeUUID=f20ba990-a1ec-4251-b44f-b0954e9459c1, command=[]} | ret=SUCCESS |  
2019-08-30 07:34:44,203 | INFO  | SCMAudit | user=jenkins1000 | ip=192.168.5.156 | op=SEND_HEARTBEAT {datanodeUUID=fa47bd42-2000-4a68-b335-f6aa68ddcd76, command=[]} | ret=SUCCESS |  
2019-08-30 07:34:44,228 [acc690db-1381-479d-90ad-8aa346d73f29-SegmentedRaftLogWorker:Storage Directory /workdir/hadoop-ozone/integration-test/target/test-dir/MiniOzoneClusterImpl-e2a0042e-8006-48d2-a527-f4f759a7d1b5/datanode-2/data/ratis/a431161b-4607-4a9c-92c2-f9b49111ef33] INFO  segmented.SegmentedRaftLogWorker (SegmentedRaftLogWorker.java:execute(569)) - acc690db-1381-479d-90ad-8aa346d73f29-SegmentedRaftLogWorker:Storage Directory /workdir/hadoop-ozone/integration-test/target/test-dir/MiniOzoneClusterImpl-e2a0042e-8006-48d2-a527-f4f759a7d1b5/datanode-2/data/ratis/a431161b-4607-4a9c-92c2-f9b49111ef33: created new log segment /workdir/hadoop-ozone/integration-test/target/test-dir/MiniOzoneClusterImpl-e2a0042e-8006-48d2-a527-f4f759a7d1b5/datanode-2/data/ratis/a431161b-4607-4a9c-92c2-f9b49111ef33/current/log_inprogress_0
2019-08-30 07:34:44,289 [acc690db-1381-479d-90ad-8aa346d73f29-SegmentedRaftLogWorker:Storage Directory /workdir/hadoop-ozone/integration-test/target/test-dir/MiniOzoneClusterImpl-e2a0042e-8006-48d2-a527-f4f759a7d1b5/datanode-2/data/ratis/08513cd7-a381-4a46-ae3e-ca76a3a1922c] INFO  segmented.SegmentedRaftLogWorker (SegmentedRaftLogWorker.java:execute(569)) - acc690db-1381-479d-90ad-8aa346d73f29-SegmentedRaftLogWorker:Storage Directory /workdir/hadoop-ozone/integration-test/target/test-dir/MiniOzoneClusterImpl-e2a0042e-8006-48d2-a527-f4f759a7d1b5/datanode-2/data/ratis/08513cd7-a381-4a46-ae3e-ca76a3a1922c: created new log segment /workdir/hadoop-ozone/integration-test/target/test-dir/MiniOzoneClusterImpl-e2a0042e-8006-48d2-a527-f4f759a7d1b5/datanode-2/data/ratis/08513cd7-a381-4a46-ae3e-ca76a3a1922c/current/log_inprogress_0
2019-08-30 07:34:44,289 [c1f9b5f6-3f1a-4e58-b5c3-6c327452b89e-SegmentedRaftLogWorker:Storage Directory /workdir/hadoop-ozone/integration-test/target/test-dir/MiniOzoneClusterImpl-e2a0042e-8006-48d2-a527-f4f759a7d1b5/datanode-5/data/ratis/1e16680b-1ee8-4d8c-9dfc-186677e0c462] INFO  segmented.SegmentedRaftLogWorker (SegmentedRaftLogWorker.java:execute(569)) - c1f9b5f6-3f1a-4e58-b5c3-6c327452b89e-SegmentedRaftLogWorker:Storage Directory /workdir/hadoop-ozone/integration-test/target/test-dir/MiniOzoneClusterImpl-e2a0042e-8006-48d2-a527-f4f759a7d1b5/datanode-5/data/ratis/1e16680b-1ee8-4d8c-9dfc-186677e0c462: created new log segment /workdir/hadoop-ozone/integration-test/target/test-dir/MiniOzoneClusterImpl-e2a0042e-8006-48d2-a527-f4f759a7d1b5/datanode-5/data/ratis/1e16680b-1ee8-4d8c-9dfc-186677e0c462/current/log_inprogress_0
2019-08-30 07:34:44,289 [acc690db-1381-479d-90ad-8aa346d73f29-SegmentedRaftLogWorker:Storage Directory /workdir/hadoop-ozone/integration-test/target/test-dir/MiniOzoneClusterImpl-e2a0042e-8006-48d2-a527-f4f759a7d1b5/datanode-2/data/ratis/1e16680b-1ee8-4d8c-9dfc-186677e0c462] INFO  segmented.SegmentedRaftLogWorker (SegmentedRaftLogWorker.java:execute(569)) - acc690db-1381-479d-90ad-8aa346d73f29-SegmentedRaftLogWorker:Storage Directory /workdir/hadoop-ozone/integration-test/target/test-dir/MiniOzoneClusterImpl-e2a0042e-8006-48d2-a527-f4f759a7d1b5/datanode-2/data/ratis/1e16680b-1ee8-4d8c-9dfc-186677e0c462: created new log segment /workdir/hadoop-ozone/integration-test/target/test-dir/MiniOzoneClusterImpl-e2a0042e-8006-48d2-a527-f4f759a7d1b5/datanode-2/data/ratis/1e16680b-1ee8-4d8c-9dfc-186677e0c462/current/log_inprogress_0
2019-08-30 07:34:44,289 [a45a7528-2ba0-4bc3-913c-850122b1269f-SegmentedRaftLogWorker:Storage Directory /workdir/hadoop-ozone/integration-test/target/test-dir/MiniOzoneClusterImpl-e2a0042e-8006-48d2-a527-f4f759a7d1b5/datanode-1/data/ratis/08513cd7-a381-4a46-ae3e-ca76a3a1922c] INFO  segmented.SegmentedRaftLogWorker (SegmentedRaftLogWorker.java:execute(569)) - a45a7528-2ba0-4bc3-913c-850122b1269f-SegmentedRaftLogWorker:Storage Directory /workdir/hadoop-ozone/integration-test/target/test-dir/MiniOzoneClusterImpl-e2a0042e-8006-48d2-a527-f4f759a7d1b5/datanode-1/data/ratis/08513cd7-a381-4a46-ae3e-ca76a3a1922c: created new log segment /workdir/hadoop-ozone/integration-test/target/test-dir/MiniOzoneClusterImpl-e2a0042e-8006-48d2-a527-f4f759a7d1b5/datanode-1/data/ratis/08513cd7-a381-4a46-ae3e-ca76a3a1922c/current/log_inprogress_0
2019-08-30 07:34:44,289 [a45a7528-2ba0-4bc3-913c-850122b1269f-SegmentedRaftLogWorker:Storage Directory /workdir/hadoop-ozone/integration-test/target/test-dir/MiniOzoneClusterImpl-e2a0042e-8006-48d2-a527-f4f759a7d1b5/datanode-1/data/ratis/a431161b-4607-4a9c-92c2-f9b49111ef33] INFO  segmented.SegmentedRaftLogWorker (SegmentedRaftLogWorker.java:execute(569)) - a45a7528-2ba0-4bc3-913c-850122b1269f-SegmentedRaftLogWorker:Storage Directory /workdir/hadoop-ozone/integration-test/target/test-dir/MiniOzoneClusterImpl-e2a0042e-8006-48d2-a527-f4f759a7d1b5/datanode-1/data/ratis/a431161b-4607-4a9c-92c2-f9b49111ef33: created new log segment /workdir/hadoop-ozone/integration-test/target/test-dir/MiniOzoneClusterImpl-e2a0042e-8006-48d2-a527-f4f759a7d1b5/datanode-1/data/ratis/a431161b-4607-4a9c-92c2-f9b49111ef33/current/log_inprogress_0
2019-08-30 07:34:44,289 [c1f9b5f6-3f1a-4e58-b5c3-6c327452b89e-SegmentedRaftLogWorker:Storage Directory /workdir/hadoop-ozone/integration-test/target/test-dir/MiniOzoneClusterImpl-e2a0042e-8006-48d2-a527-f4f759a7d1b5/datanode-5/data/ratis/a431161b-4607-4a9c-92c2-f9b49111ef33] INFO  segmented.SegmentedRaftLogWorker (SegmentedRaftLogWorker.java:execute(569)) - c1f9b5f6-3f1a-4e58-b5c3-6c327452b89e-SegmentedRaftLogWorker:Storage Directory /workdir/hadoop-ozone/integration-test/target/test-dir/MiniOzoneClusterImpl-e2a0042e-8006-48d2-a527-f4f759a7d1b5/datanode-5/data/ratis/a431161b-4607-4a9c-92c2-f9b49111ef33: created new log segment /workdir/hadoop-ozone/integration-test/target/test-dir/MiniOzoneClusterImpl-e2a0042e-8006-48d2-a527-f4f759a7d1b5/datanode-5/data/ratis/a431161b-4607-4a9c-92c2-f9b49111ef33/current/log_inprogress_0
2019-08-30 07:34:44,291 [a45a7528-2ba0-4bc3-913c-850122b1269f-SegmentedRaftLogWorker:Storage Directory /workdir/hadoop-ozone/integration-test/target/test-dir/MiniOzoneClusterImpl-e2a0042e-8006-48d2-a527-f4f759a7d1b5/datanode-1/data/ratis/1e16680b-1ee8-4d8c-9dfc-186677e0c462] INFO  segmented.SegmentedRaftLogWorker (SegmentedRaftLogWorker.java:execute(569)) - a45a7528-2ba0-4bc3-913c-850122b1269f-SegmentedRaftLogWorker:Storage Directory /workdir/hadoop-ozone/integration-test/target/test-dir/MiniOzoneClusterImpl-e2a0042e-8006-48d2-a527-f4f759a7d1b5/datanode-1/data/ratis/1e16680b-1ee8-4d8c-9dfc-186677e0c462: created new log segment /workdir/hadoop-ozone/integration-test/target/test-dir/MiniOzoneClusterImpl-e2a0042e-8006-48d2-a527-f4f759a7d1b5/datanode-1/data/ratis/1e16680b-1ee8-4d8c-9dfc-186677e0c462/current/log_inprogress_0
2019-08-30 07:34:44,291 [c1f9b5f6-3f1a-4e58-b5c3-6c327452b89e-SegmentedRaftLogWorker:Storage Directory /workdir/hadoop-ozone/integration-test/target/test-dir/MiniOzoneClusterImpl-e2a0042e-8006-48d2-a527-f4f759a7d1b5/datanode-5/data/ratis/08513cd7-a381-4a46-ae3e-ca76a3a1922c] INFO  segmented.SegmentedRaftLogWorker (SegmentedRaftLogWorker.java:execute(569)) - c1f9b5f6-3f1a-4e58-b5c3-6c327452b89e-SegmentedRaftLogWorker:Storage Directory /workdir/hadoop-ozone/integration-test/target/test-dir/MiniOzoneClusterImpl-e2a0042e-8006-48d2-a527-f4f759a7d1b5/datanode-5/data/ratis/08513cd7-a381-4a46-ae3e-ca76a3a1922c: created new log segment /workdir/hadoop-ozone/integration-test/target/test-dir/MiniOzoneClusterImpl-e2a0042e-8006-48d2-a527-f4f759a7d1b5/datanode-5/data/ratis/08513cd7-a381-4a46-ae3e-ca76a3a1922c/current/log_inprogress_0
2019-08-30 07:34:44,405 | INFO  | SCMAudit | user=jenkins1000 | ip=192.168.5.156 | op=SEND_HEARTBEAT {datanodeUUID=a45a7528-2ba0-4bc3-913c-850122b1269f, command=[]} | ret=SUCCESS |  
2019-08-30 07:34:44,413 | INFO  | SCMAudit | user=jenkins1000 | ip=192.168.5.156 | op=SEND_HEARTBEAT {datanodeUUID=28af1cec-03f6-4f1e-ae7b-b0964308b7ec, command=[]} | ret=SUCCESS |  
2019-08-30 07:34:44,602 | INFO  | SCMAudit | user=jenkins1000 | ip=192.168.5.156 | op=SEND_HEARTBEAT {datanodeUUID=905b07e9-2fc0-493e-9dc2-ae90eb733c4f, command=[]} | ret=SUCCESS |  
2019-08-30 07:34:44,772 [Thread-432] INFO  impl.FollowerState (FollowerState.java:run(106)) - a45a7528-2ba0-4bc3-913c-850122b1269f:group-BC5BBD1BED6A changes to CANDIDATE, lastRpcTime:1075, electionTimeout:1074ms
2019-08-30 07:34:44,772 [Thread-432] INFO  impl.RoleInfo (RoleInfo.java:shutdownFollowerState(121)) - a45a7528-2ba0-4bc3-913c-850122b1269f: shutdown FollowerState
2019-08-30 07:34:44,772 [Thread-432] INFO  impl.RaftServerImpl (RaftServerImpl.java:setRole(171)) - a45a7528-2ba0-4bc3-913c-850122b1269f:group-BC5BBD1BED6A changes role from FOLLOWER to CANDIDATE at term 4 for changeToCandidate
2019-08-30 07:34:44,773 [Thread-432] INFO  impl.RoleInfo (RoleInfo.java:updateAndGet(143)) - a45a7528-2ba0-4bc3-913c-850122b1269f: start LeaderElection
2019-08-30 07:34:44,807 | INFO  | SCMAudit | user=jenkins1000 | ip=192.168.5.156 | op=SEND_HEARTBEAT {datanodeUUID=cb5a5d16-88a3-41b0-858f-6232e86de455, command=[]} | ret=SUCCESS |  
2019-08-30 07:34:44,838 [Thread-430] INFO  impl.FollowerState (FollowerState.java:run(106)) - f20ba990-a1ec-4251-b44f-b0954e9459c1:group-BC5BBD1BED6A changes to CANDIDATE, lastRpcTime:1148, electionTimeout:1146ms
2019-08-30 07:34:44,839 [Thread-430] INFO  impl.RoleInfo (RoleInfo.java:shutdownFollowerState(121)) - f20ba990-a1ec-4251-b44f-b0954e9459c1: shutdown FollowerState
2019-08-30 07:34:44,839 [Thread-430] INFO  impl.RaftServerImpl (RaftServerImpl.java:setRole(171)) - f20ba990-a1ec-4251-b44f-b0954e9459c1:group-BC5BBD1BED6A changes role from FOLLOWER to CANDIDATE at term 4 for changeToCandidate
2019-08-30 07:34:44,839 [Thread-430] INFO  impl.RoleInfo (RoleInfo.java:updateAndGet(143)) - f20ba990-a1ec-4251-b44f-b0954e9459c1: start LeaderElection
2019-08-30 07:34:44,882 [Thread-429] INFO  impl.FollowerState (FollowerState.java:run(106)) - acc690db-1381-479d-90ad-8aa346d73f29:group-BC5BBD1BED6A changes to CANDIDATE, lastRpcTime:1195, electionTimeout:1192ms
2019-08-30 07:34:44,883 [Thread-429] INFO  impl.RoleInfo (RoleInfo.java:shutdownFollowerState(121)) - acc690db-1381-479d-90ad-8aa346d73f29: shutdown FollowerState
2019-08-30 07:34:44,883 [Thread-429] INFO  impl.RaftServerImpl (RaftServerImpl.java:setRole(171)) - acc690db-1381-479d-90ad-8aa346d73f29:group-BC5BBD1BED6A changes role from FOLLOWER to CANDIDATE at term 4 for changeToCandidate
2019-08-30 07:34:44,883 [Thread-429] INFO  impl.RoleInfo (RoleInfo.java:updateAndGet(143)) - acc690db-1381-479d-90ad-8aa346d73f29: start LeaderElection
2019-08-30 07:34:44,981 | INFO  | SCMAudit | user=jenkins1000 | ip=192.168.5.156 | op=SEND_HEARTBEAT {datanodeUUID=4a5ae11c-f2ff-4cf6-9dca-760126bc39ff, command=[]} | ret=SUCCESS |  
2019-08-30 07:34:45,161 | INFO  | SCMAudit | user=jenkins1000 | ip=192.168.5.156 | op=SEND_HEARTBEAT {datanodeUUID=cf19ac65-0b70-4753-9cfc-44acb7cd902c, command=[]} | ret=SUCCESS |  
2019-08-30 07:34:45,194 | INFO  | SCMAudit | user=jenkins1000 | ip=192.168.5.156 | op=SEND_HEARTBEAT {datanodeUUID=f20ba990-a1ec-4251-b44f-b0954e9459c1, command=[]} | ret=SUCCESS |  
2019-08-30 07:34:45,202 | INFO  | SCMAudit | user=jenkins1000 | ip=192.168.5.156 | op=SEND_HEARTBEAT {datanodeUUID=fa47bd42-2000-4a68-b335-f6aa68ddcd76, command=[]} | ret=SUCCESS |  
2019-08-30 07:34:45,406 | INFO  | SCMAudit | user=jenkins1000 | ip=192.168.5.156 | op=SEND_HEARTBEAT {datanodeUUID=a45a7528-2ba0-4bc3-913c-850122b1269f, command=[]} | ret=SUCCESS |  
2019-08-30 07:34:45,413 | INFO  | SCMAudit | user=jenkins1000 | ip=192.168.5.156 | op=SEND_HEARTBEAT {datanodeUUID=28af1cec-03f6-4f1e-ae7b-b0964308b7ec, command=[]} | ret=SUCCESS |  
2019-08-30 07:34:45,602 | INFO  | SCMAudit | user=jenkins1000 | ip=192.168.5.156 | op=SEND_HEARTBEAT {datanodeUUID=905b07e9-2fc0-493e-9dc2-ae90eb733c4f, command=[]} | ret=SUCCESS |  
2019-08-30 07:34:45,810 | INFO  | SCMAudit | user=jenkins1000 | ip=192.168.5.156 | op=SEND_HEARTBEAT {datanodeUUID=cb5a5d16-88a3-41b0-858f-6232e86de455, command=[]} | ret=SUCCESS |  
2019-08-30 07:34:45,980 | INFO  | SCMAudit | user=jenkins1000 | ip=192.168.5.156 | op=SEND_HEARTBEAT {datanodeUUID=4a5ae11c-f2ff-4cf6-9dca-760126bc39ff, command=[]} | ret=SUCCESS |  
2019-08-30 07:34:46,162 | INFO  | SCMAudit | user=jenkins1000 | ip=192.168.5.156 | op=SEND_HEARTBEAT {datanodeUUID=cf19ac65-0b70-4753-9cfc-44acb7cd902c, command=[]} | ret=SUCCESS |  
2019-08-30 07:34:46,193 | INFO  | SCMAudit | user=jenkins1000 | ip=192.168.5.156 | op=SEND_HEARTBEAT {datanodeUUID=f20ba990-a1ec-4251-b44f-b0954e9459c1, command=[]} | ret=SUCCESS |  
2019-08-30 07:34:46,203 | INFO  | SCMAudit | user=jenkins1000 | ip=192.168.5.156 | op=SEND_HEARTBEAT {datanodeUUID=fa47bd42-2000-4a68-b335-f6aa68ddcd76, command=[]} | ret=SUCCESS |  
2019-08-30 07:34:46,406 | INFO  | SCMAudit | user=jenkins1000 | ip=192.168.5.156 | op=SEND_HEARTBEAT {datanodeUUID=a45a7528-2ba0-4bc3-913c-850122b1269f, command=[]} | ret=SUCCESS |  
2019-08-30 07:34:46,413 | INFO  | SCMAudit | user=jenkins1000 | ip=192.168.5.156 | op=SEND_HEARTBEAT {datanodeUUID=28af1cec-03f6-4f1e-ae7b-b0964308b7ec, command=[]} | ret=SUCCESS |  
2019-08-30 07:34:46,603 | INFO  | SCMAudit | user=jenkins1000 | ip=192.168.5.156 | op=SEND_HEARTBEAT {datanodeUUID=905b07e9-2fc0-493e-9dc2-ae90eb733c4f, command=[]} | ret=SUCCESS |  
2019-08-30 07:34:46,750 [acc690db-1381-479d-90ad-8aa346d73f29:group-BC5BBD1BED6A:LeaderElection29] INFO  impl.LeaderElection (LeaderElection.java:askForVotes(181)) - acc690db-1381-479d-90ad-8aa346d73f29:group-BC5BBD1BED6A:LeaderElection29: begin an election at term 5 for -1: [acc690db-1381-479d-90ad-8aa346d73f29:192.168.5.156:37691, f20ba990-a1ec-4251-b44f-b0954e9459c1:192.168.5.156:36913, a45a7528-2ba0-4bc3-913c-850122b1269f:192.168.5.156:32945], old=null
2019-08-30 07:34:46,750 [a45a7528-2ba0-4bc3-913c-850122b1269f:group-BC5BBD1BED6A:LeaderElection27] INFO  impl.LeaderElection (LeaderElection.java:askForVotes(181)) - a45a7528-2ba0-4bc3-913c-850122b1269f:group-BC5BBD1BED6A:LeaderElection27: begin an election at term 5 for -1: [acc690db-1381-479d-90ad-8aa346d73f29:192.168.5.156:37691, f20ba990-a1ec-4251-b44f-b0954e9459c1:192.168.5.156:36913, a45a7528-2ba0-4bc3-913c-850122b1269f:192.168.5.156:32945], old=null
2019-08-30 07:34:46,750 [f20ba990-a1ec-4251-b44f-b0954e9459c1:group-BC5BBD1BED6A:LeaderElection28] INFO  impl.LeaderElection (LeaderElection.java:askForVotes(181)) - f20ba990-a1ec-4251-b44f-b0954e9459c1:group-BC5BBD1BED6A:LeaderElection28: begin an election at term 5 for -1: [acc690db-1381-479d-90ad-8aa346d73f29:192.168.5.156:37691, f20ba990-a1ec-4251-b44f-b0954e9459c1:192.168.5.156:36913, a45a7528-2ba0-4bc3-913c-850122b1269f:192.168.5.156:32945], old=null
2019-08-30 07:34:46,756 [acc690db-1381-479d-90ad-8aa346d73f29:group-BC5BBD1BED6A:LeaderElection29] INFO  impl.LeaderElection (LeaderElection.java:logAndReturn(56)) - acc690db-1381-479d-90ad-8aa346d73f29:group-BC5BBD1BED6A:LeaderElection29: Election REJECTED; received 2 response(s) [acc690db-1381-479d-90ad-8aa346d73f29<-f20ba990-a1ec-4251-b44f-b0954e9459c1#0:FAIL-t5, acc690db-1381-479d-90ad-8aa346d73f29<-a45a7528-2ba0-4bc3-913c-850122b1269f#0:FAIL-t5] and 0 exception(s); acc690db-1381-479d-90ad-8aa346d73f29:t5, leader=null, voted=acc690db-1381-479d-90ad-8aa346d73f29, raftlog=acc690db-1381-479d-90ad-8aa346d73f29-SegmentedRaftLog:OPENED:c-1,f-1,i0, conf=-1: [acc690db-1381-479d-90ad-8aa346d73f29:192.168.5.156:37691, f20ba990-a1ec-4251-b44f-b0954e9459c1:192.168.5.156:36913, a45a7528-2ba0-4bc3-913c-850122b1269f:192.168.5.156:32945], old=null
2019-08-30 07:34:46,756 [acc690db-1381-479d-90ad-8aa346d73f29:group-BC5BBD1BED6A:LeaderElection29] INFO  impl.RaftServerImpl (RaftServerImpl.java:setRole(171)) - acc690db-1381-479d-90ad-8aa346d73f29:group-BC5BBD1BED6A changes role from CANDIDATE to FOLLOWER at term 5 for DISCOVERED_A_NEW_TERM
2019-08-30 07:34:46,757 [acc690db-1381-479d-90ad-8aa346d73f29:group-BC5BBD1BED6A:LeaderElection29] INFO  impl.RoleInfo (RoleInfo.java:shutdownLeaderElection(134)) - acc690db-1381-479d-90ad-8aa346d73f29: shutdown LeaderElection
2019-08-30 07:34:46,757 [acc690db-1381-479d-90ad-8aa346d73f29:group-BC5BBD1BED6A:LeaderElection29] INFO  impl.RoleInfo (RoleInfo.java:updateAndGet(143)) - acc690db-1381-479d-90ad-8aa346d73f29: start FollowerState
2019-08-30 07:34:46,757 [a45a7528-2ba0-4bc3-913c-850122b1269f:group-BC5BBD1BED6A:LeaderElection27] INFO  impl.LeaderElection (LeaderElection.java:logAndReturn(56)) - a45a7528-2ba0-4bc3-913c-850122b1269f:group-BC5BBD1BED6A:LeaderElection27: Election REJECTED; received 2 response(s) [a45a7528-2ba0-4bc3-913c-850122b1269f<-acc690db-1381-479d-90ad-8aa346d73f29#0:FAIL-t5, a45a7528-2ba0-4bc3-913c-850122b1269f<-f20ba990-a1ec-4251-b44f-b0954e9459c1#0:FAIL-t5] and 0 exception(s); a45a7528-2ba0-4bc3-913c-850122b1269f:t5, leader=null, voted=a45a7528-2ba0-4bc3-913c-850122b1269f, raftlog=a45a7528-2ba0-4bc3-913c-850122b1269f-SegmentedRaftLog:OPENED:c-1,f-1,i0, conf=-1: [acc690db-1381-479d-90ad-8aa346d73f29:192.168.5.156:37691, f20ba990-a1ec-4251-b44f-b0954e9459c1:192.168.5.156:36913, a45a7528-2ba0-4bc3-913c-850122b1269f:192.168.5.156:32945], old=null
2019-08-30 07:34:46,757 [a45a7528-2ba0-4bc3-913c-850122b1269f:group-BC5BBD1BED6A:LeaderElection27] INFO  impl.RaftServerImpl (RaftServerImpl.java:setRole(171)) - a45a7528-2ba0-4bc3-913c-850122b1269f:group-BC5BBD1BED6A changes role from CANDIDATE to FOLLOWER at term 5 for DISCOVERED_A_NEW_TERM
2019-08-30 07:34:46,758 [a45a7528-2ba0-4bc3-913c-850122b1269f:group-BC5BBD1BED6A:LeaderElection27] INFO  impl.RoleInfo (RoleInfo.java:shutdownLeaderElection(134)) - a45a7528-2ba0-4bc3-913c-850122b1269f: shutdown LeaderElection
2019-08-30 07:34:46,758 [f20ba990-a1ec-4251-b44f-b0954e9459c1:group-BC5BBD1BED6A:LeaderElection28] INFO  impl.LeaderElection (LeaderElection.java:logAndReturn(56)) - f20ba990-a1ec-4251-b44f-b0954e9459c1:group-BC5BBD1BED6A:LeaderElection28: Election REJECTED; received 2 response(s) [f20ba990-a1ec-4251-b44f-b0954e9459c1<-acc690db-1381-479d-90ad-8aa346d73f29#0:FAIL-t5, f20ba990-a1ec-4251-b44f-b0954e9459c1<-a45a7528-2ba0-4bc3-913c-850122b1269f#0:FAIL-t5] and 0 exception(s); f20ba990-a1ec-4251-b44f-b0954e9459c1:t5, leader=null, voted=f20ba990-a1ec-4251-b44f-b0954e9459c1, raftlog=f20ba990-a1ec-4251-b44f-b0954e9459c1-SegmentedRaftLog:OPENED:c-1,f-1,i0, conf=-1: [acc690db-1381-479d-90ad-8aa346d73f29:192.168.5.156:37691, f20ba990-a1ec-4251-b44f-b0954e9459c1:192.168.5.156:36913, a45a7528-2ba0-4bc3-913c-850122b1269f:192.168.5.156:32945], old=null
2019-08-30 07:34:46,758 [a45a7528-2ba0-4bc3-913c-850122b1269f:group-BC5BBD1BED6A:LeaderElection27] INFO  impl.RoleInfo (RoleInfo.java:updateAndGet(143)) - a45a7528-2ba0-4bc3-913c-850122b1269f: start FollowerState
2019-08-30 07:34:46,758 [f20ba990-a1ec-4251-b44f-b0954e9459c1:group-BC5BBD1BED6A:LeaderElection28] INFO  impl.RaftServerImpl (RaftServerImpl.java:setRole(171)) - f20ba990-a1ec-4251-b44f-b0954e9459c1:group-BC5BBD1BED6A changes role from CANDIDATE to FOLLOWER at term 5 for DISCOVERED_A_NEW_TERM
2019-08-30 07:34:46,758 [f20ba990-a1ec-4251-b44f-b0954e9459c1:group-BC5BBD1BED6A:LeaderElection28] INFO  impl.RoleInfo (RoleInfo.java:shutdownLeaderElection(134)) - f20ba990-a1ec-4251-b44f-b0954e9459c1: shutdown LeaderElection
2019-08-30 07:34:46,759 [f20ba990-a1ec-4251-b44f-b0954e9459c1:group-BC5BBD1BED6A:LeaderElection28] INFO  impl.RoleInfo (RoleInfo.java:updateAndGet(143)) - f20ba990-a1ec-4251-b44f-b0954e9459c1: start FollowerState
2019-08-30 07:34:46,811 | INFO  | SCMAudit | user=jenkins1000 | ip=192.168.5.156 | op=SEND_HEARTBEAT {datanodeUUID=cb5a5d16-88a3-41b0-858f-6232e86de455, command=[]} | ret=SUCCESS |  
2019-08-30 07:34:46,980 | INFO  | SCMAudit | user=jenkins1000 | ip=192.168.5.156 | op=SEND_HEARTBEAT {datanodeUUID=4a5ae11c-f2ff-4cf6-9dca-760126bc39ff, command=[]} | ret=SUCCESS |  
2019-08-30 07:34:47,162 | INFO  | SCMAudit | user=jenkins1000 | ip=192.168.5.156 | op=SEND_HEARTBEAT {datanodeUUID=cf19ac65-0b70-4753-9cfc-44acb7cd902c, command=[]} | ret=SUCCESS |  
2019-08-30 07:34:47,193 | INFO  | SCMAudit | user=jenkins1000 | ip=192.168.5.156 | op=SEND_HEARTBEAT {datanodeUUID=f20ba990-a1ec-4251-b44f-b0954e9459c1, command=[]} | ret=SUCCESS |  
2019-08-30 07:34:47,203 | INFO  | SCMAudit | user=jenkins1000 | ip=192.168.5.156 | op=SEND_HEARTBEAT {datanodeUUID=fa47bd42-2000-4a68-b335-f6aa68ddcd76, command=[]} | ret=SUCCESS |  
2019-08-30 07:34:47,406 | INFO  | SCMAudit | user=jenkins1000 | ip=192.168.5.156 | op=SEND_HEARTBEAT {datanodeUUID=a45a7528-2ba0-4bc3-913c-850122b1269f, command=[]} | ret=SUCCESS |  
2019-08-30 07:34:47,413 | INFO  | SCMAudit | user=jenkins1000 | ip=192.168.5.156 | op=SEND_HEARTBEAT {datanodeUUID=28af1cec-03f6-4f1e-ae7b-b0964308b7ec, command=[]} | ret=SUCCESS |  
2019-08-30 07:34:47,602 | INFO  | SCMAudit | user=jenkins1000 | ip=192.168.5.156 | op=SEND_HEARTBEAT {datanodeUUID=905b07e9-2fc0-493e-9dc2-ae90eb733c4f, command=[]} | ret=SUCCESS |  
2019-08-30 07:34:47,806 | INFO  | SCMAudit | user=jenkins1000 | ip=192.168.5.156 | op=SEND_HEARTBEAT {datanodeUUID=cb5a5d16-88a3-41b0-858f-6232e86de455, command=[]} | ret=SUCCESS |  
2019-08-30 07:34:47,821 [Thread-576] INFO  impl.FollowerState (FollowerState.java:run(106)) - acc690db-1381-479d-90ad-8aa346d73f29:group-BC5BBD1BED6A changes to CANDIDATE, lastRpcTime:1063, electionTimeout:1063ms
2019-08-30 07:34:47,821 [Thread-576] INFO  impl.RoleInfo (RoleInfo.java:shutdownFollowerState(121)) - acc690db-1381-479d-90ad-8aa346d73f29: shutdown FollowerState
2019-08-30 07:34:47,821 [Thread-576] INFO  impl.RaftServerImpl (RaftServerImpl.java:setRole(171)) - acc690db-1381-479d-90ad-8aa346d73f29:group-BC5BBD1BED6A changes role from FOLLOWER to CANDIDATE at term 5 for changeToCandidate
2019-08-30 07:34:47,821 [Thread-576] INFO  impl.RoleInfo (RoleInfo.java:updateAndGet(143)) - acc690db-1381-479d-90ad-8aa346d73f29: start LeaderElection
2019-08-30 07:34:47,843 [Thread-577] INFO  impl.FollowerState (FollowerState.java:run(106)) - a45a7528-2ba0-4bc3-913c-850122b1269f:group-BC5BBD1BED6A changes to CANDIDATE, lastRpcTime:1084, electionTimeout:1084ms
2019-08-30 07:34:47,843 [Thread-577] INFO  impl.RoleInfo (RoleInfo.java:shutdownFollowerState(121)) - a45a7528-2ba0-4bc3-913c-850122b1269f: shutdown FollowerState
2019-08-30 07:34:47,843 [Thread-577] INFO  impl.RaftServerImpl (RaftServerImpl.java:setRole(171)) - a45a7528-2ba0-4bc3-913c-850122b1269f:group-BC5BBD1BED6A changes role from FOLLOWER to CANDIDATE at term 5 for changeToCandidate
2019-08-30 07:34:47,843 [Thread-577] INFO  impl.RoleInfo (RoleInfo.java:updateAndGet(143)) - a45a7528-2ba0-4bc3-913c-850122b1269f: start LeaderElection
2019-08-30 07:34:47,847 [Thread-578] INFO  impl.FollowerState (FollowerState.java:run(106)) - f20ba990-a1ec-4251-b44f-b0954e9459c1:group-BC5BBD1BED6A changes to CANDIDATE, lastRpcTime:1088, electionTimeout:1082ms
2019-08-30 07:34:47,847 [Thread-578] INFO  impl.RoleInfo (RoleInfo.java:shutdownFollowerState(121)) - f20ba990-a1ec-4251-b44f-b0954e9459c1: shutdown FollowerState
2019-08-30 07:34:47,847 [Thread-578] INFO  impl.RaftServerImpl (RaftServerImpl.java:setRole(171)) - f20ba990-a1ec-4251-b44f-b0954e9459c1:group-BC5BBD1BED6A changes role from FOLLOWER to CANDIDATE at term 5 for changeToCandidate
2019-08-30 07:34:47,847 [Thread-578] INFO  impl.RoleInfo (RoleInfo.java:updateAndGet(143)) - f20ba990-a1ec-4251-b44f-b0954e9459c1: start LeaderElection
2019-08-30 07:34:47,981 | INFO  | SCMAudit | user=jenkins1000 | ip=192.168.5.156 | op=SEND_HEARTBEAT {datanodeUUID=4a5ae11c-f2ff-4cf6-9dca-760126bc39ff, command=[]} | ret=SUCCESS |  
2019-08-30 07:34:48,148 [ForkJoinPool.commonPool-worker-0] INFO  ozoneimpl.OzoneContainer (OzoneContainer.java:stop(199)) - Attempting to stop container services.
2019-08-30 07:34:48,148 [main] INFO  ozoneimpl.OzoneContainer (OzoneContainer.java:stop(199)) - Attempting to stop container services.
2019-08-30 07:34:48,149 [ForkJoinPool.commonPool-worker-0] INFO  impl.RaftServerProxy (RaftServerProxy.java:lambda$close$4(314)) - acc690db-1381-479d-90ad-8aa346d73f29: close
2019-08-30 07:34:48,149 [main] INFO  impl.RaftServerProxy (RaftServerProxy.java:lambda$close$4(314)) - c1f9b5f6-3f1a-4e58-b5c3-6c327452b89e: close
2019-08-30 07:34:48,152 [ForkJoinPool.commonPool-worker-0] INFO  impl.RaftServerImpl (RaftServerImpl.java:lambda$shutdown$3(245)) - acc690db-1381-479d-90ad-8aa346d73f29: shutdown group-70018C5AE2E4
2019-08-30 07:34:48,152 [main] INFO  impl.RaftServerImpl (RaftServerImpl.java:lambda$shutdown$3(245)) - c1f9b5f6-3f1a-4e58-b5c3-6c327452b89e: shutdown group-70018C5AE2E4
2019-08-30 07:34:48,152 [ForkJoinPool.commonPool-worker-0] INFO  util.JmxRegister (JmxRegister.java:unregister(73)) - Successfully un-registered JMX Bean with object name Ratis:service=RaftServer,group=group-70018C5AE2E4,id=acc690db-1381-479d-90ad-8aa346d73f29
2019-08-30 07:34:48,153 [main] INFO  util.JmxRegister (JmxRegister.java:unregister(73)) - Successfully un-registered JMX Bean with object name Ratis:service=RaftServer,group=group-70018C5AE2E4,id=c1f9b5f6-3f1a-4e58-b5c3-6c327452b89e
2019-08-30 07:34:48,153 [ForkJoinPool.commonPool-worker-0] INFO  impl.RoleInfo (RoleInfo.java:shutdownLeaderState(104)) - acc690db-1381-479d-90ad-8aa346d73f29: shutdown LeaderState
2019-08-30 07:34:48,153 [main] INFO  impl.RoleInfo (RoleInfo.java:shutdownFollowerState(121)) - c1f9b5f6-3f1a-4e58-b5c3-6c327452b89e: shutdown FollowerState
2019-08-30 07:34:48,154 [main] INFO  impl.StateMachineUpdater (StateMachineUpdater.java:stopAndJoin(115)) - StateMachineUpdater:c1f9b5f6-3f1a-4e58-b5c3-6c327452b89e:group-70018C5AE2E4: set stopIndex = 0
2019-08-30 07:34:48,162 [org.apache.ratis.server.impl.LogAppender$AppenderDaemon$$Lambda$404/492886485@5c970beb] WARN  server.GrpcLogAppender (GrpcLogAppender.java:mayWait(143)) - GrpcLogAppender(acc690db-1381-479d-90ad-8aa346d73f29->a45a7528-2ba0-4bc3-913c-850122b1269f): Wait interrupted by java.lang.InterruptedException
2019-08-30 07:34:48,162 [org.apache.ratis.server.impl.LogAppender$AppenderDaemon$$Lambda$404/492886485@4c76b1bc] WARN  server.GrpcLogAppender (GrpcLogAppender.java:mayWait(143)) - GrpcLogAppender(acc690db-1381-479d-90ad-8aa346d73f29->c1f9b5f6-3f1a-4e58-b5c3-6c327452b89e): Wait interrupted by java.lang.InterruptedException
2019-08-30 07:34:48,159 [Thread-392] INFO  impl.FollowerState (FollowerState.java:run(114)) - c1f9b5f6-3f1a-4e58-b5c3-6c327452b89e: FollowerState was interrupted: java.lang.InterruptedException: sleep interrupted
2019-08-30 07:34:48,166 | INFO  | SCMAudit | user=jenkins1000 | ip=192.168.5.156 | op=SEND_HEARTBEAT {datanodeUUID=cf19ac65-0b70-4753-9cfc-44acb7cd902c, command=[]} | ret=SUCCESS |  
2019-08-30 07:34:48,165 [main] INFO  impl.RaftServerImpl (ServerState.java:close(394)) - c1f9b5f6-3f1a-4e58-b5c3-6c327452b89e:group-70018C5AE2E4 closes. The last applied log index is 0
2019-08-30 07:34:48,166 [ForkJoinPool.commonPool-worker-0] INFO  impl.PendingRequests (PendingRequests.java:sendNotLeaderResponses(202)) - acc690db-1381-479d-90ad-8aa346d73f29-PendingRequests: sendNotLeaderResponses
2019-08-30 07:34:48,166 [grpc-default-executor-2] INFO  server.GrpcServerProtocolService (GrpcServerProtocolService.java:onCompleted(104)) - a45a7528-2ba0-4bc3-913c-850122b1269f: appendEntries completed
2019-08-30 07:34:48,166 [grpc-default-executor-3] INFO  server.GrpcServerProtocolService (GrpcServerProtocolService.java:onCompleted(104)) - c1f9b5f6-3f1a-4e58-b5c3-6c327452b89e: appendEntries completed
2019-08-30 07:34:48,170 [grpc-default-executor-3] INFO  server.GrpcLogAppender (GrpcLogAppender.java:onCompleted(292)) - acc690db-1381-479d-90ad-8aa346d73f29->c1f9b5f6-3f1a-4e58-b5c3-6c327452b89e: follower responses appendEntries COMPLETED
2019-08-30 07:34:48,170 [grpc-default-executor-2] INFO  server.GrpcLogAppender (GrpcLogAppender.java:onCompleted(292)) - acc690db-1381-479d-90ad-8aa346d73f29->a45a7528-2ba0-4bc3-913c-850122b1269f: follower responses appendEntries COMPLETED
2019-08-30 07:34:48,173 [ForkJoinPool.commonPool-worker-0] INFO  impl.StateMachineUpdater (StateMachineUpdater.java:stopAndJoin(115)) - StateMachineUpdater:acc690db-1381-479d-90ad-8aa346d73f29:group-70018C5AE2E4: set stopIndex = 0
2019-08-30 07:34:48,178 [ForkJoinPool.commonPool-worker-0] INFO  impl.RaftServerImpl (ServerState.java:close(394)) - acc690db-1381-479d-90ad-8aa346d73f29:group-70018C5AE2E4 closes. The last applied log index is 0
2019-08-30 07:34:48,178 [c1f9b5f6-3f1a-4e58-b5c3-6c327452b89e-SegmentedRaftLogWorker:Storage Directory /workdir/hadoop-ozone/integration-test/target/test-dir/MiniOzoneClusterImpl-e2a0042e-8006-48d2-a527-f4f759a7d1b5/datanode-5/data/ratis/9779bb75-e5df-4048-98d0-70018c5ae2e4] INFO  segmented.SegmentedRaftLogWorker (SegmentedRaftLogWorker.java:run(313)) - c1f9b5f6-3f1a-4e58-b5c3-6c327452b89e-SegmentedRaftLogWorker:Storage Directory /workdir/hadoop-ozone/integration-test/target/test-dir/MiniOzoneClusterImpl-e2a0042e-8006-48d2-a527-f4f759a7d1b5/datanode-5/data/ratis/9779bb75-e5df-4048-98d0-70018c5ae2e4 was interrupted, exiting. There are 0 tasks remaining in the queue.
2019-08-30 07:34:48,178 [acc690db-1381-479d-90ad-8aa346d73f29-SegmentedRaftLogWorker:Storage Directory /workdir/hadoop-ozone/integration-test/target/test-dir/MiniOzoneClusterImpl-e2a0042e-8006-48d2-a527-f4f759a7d1b5/datanode-2/data/ratis/9779bb75-e5df-4048-98d0-70018c5ae2e4] INFO  segmented.SegmentedRaftLogWorker (SegmentedRaftLogWorker.java:run(313)) - acc690db-1381-479d-90ad-8aa346d73f29-SegmentedRaftLogWorker:Storage Directory /workdir/hadoop-ozone/integration-test/target/test-dir/MiniOzoneClusterImpl-e2a0042e-8006-48d2-a527-f4f759a7d1b5/datanode-2/data/ratis/9779bb75-e5df-4048-98d0-70018c5ae2e4 was interrupted, exiting. There are 0 tasks remaining in the queue.
2019-08-30 07:34:48,182 [grpc-default-executor-2] INFO  impl.FollowerInfo (FollowerInfo.java:lambda$new$0(50)) - acc690db-1381-479d-90ad-8aa346d73f29->a45a7528-2ba0-4bc3-913c-850122b1269f: nextIndex: updateUnconditionally 1 -> 0
2019-08-30 07:34:48,182 [ForkJoinPool.commonPool-worker-0] INFO  segmented.SegmentedRaftLogWorker (SegmentedRaftLogWorker.java:close(228)) - acc690db-1381-479d-90ad-8aa346d73f29-SegmentedRaftLogWorker:Storage Directory /workdir/hadoop-ozone/integration-test/target/test-dir/MiniOzoneClusterImpl-e2a0042e-8006-48d2-a527-f4f759a7d1b5/datanode-2/data/ratis/9779bb75-e5df-4048-98d0-70018c5ae2e4 close()
2019-08-30 07:34:48,182 [grpc-default-executor-3] INFO  impl.FollowerInfo (FollowerInfo.java:lambda$new$0(50)) - acc690db-1381-479d-90ad-8aa346d73f29->c1f9b5f6-3f1a-4e58-b5c3-6c327452b89e: nextIndex: updateUnconditionally 1 -> 0
2019-08-30 07:34:48,182 [grpc-default-executor-1] WARN  server.GrpcLogAppender (LogUtils.java:warn(134)) - acc690db-1381-479d-90ad-8aa346d73f29->a45a7528-2ba0-4bc3-913c-850122b1269f: Failed appendEntries: org.apache.ratis.thirdparty.io.grpc.StatusRuntimeException: UNAVAILABLE: Channel shutdownNow invoked
2019-08-30 07:34:48,182 [main] INFO  segmented.SegmentedRaftLogWorker (SegmentedRaftLogWorker.java:close(228)) - c1f9b5f6-3f1a-4e58-b5c3-6c327452b89e-SegmentedRaftLogWorker:Storage Directory /workdir/hadoop-ozone/integration-test/target/test-dir/MiniOzoneClusterImpl-e2a0042e-8006-48d2-a527-f4f759a7d1b5/datanode-5/data/ratis/9779bb75-e5df-4048-98d0-70018c5ae2e4 close()
2019-08-30 07:34:48,182 [grpc-default-executor-0] WARN  server.GrpcLogAppender (LogUtils.java:warn(134)) - acc690db-1381-479d-90ad-8aa346d73f29->c1f9b5f6-3f1a-4e58-b5c3-6c327452b89e: Failed appendEntries: org.apache.ratis.thirdparty.io.grpc.StatusRuntimeException: UNAVAILABLE: Channel shutdownNow invoked
2019-08-30 07:34:48,193 [main] INFO  impl.RaftServerImpl (RaftServerImpl.java:lambda$shutdown$3(245)) - c1f9b5f6-3f1a-4e58-b5c3-6c327452b89e: shutdown group-CA76A3A1922C
2019-08-30 07:34:48,188 [grpc-default-executor-1] INFO  impl.FollowerInfo (FollowerInfo.java:lambda$new$0(50)) - acc690db-1381-479d-90ad-8aa346d73f29->a45a7528-2ba0-4bc3-913c-850122b1269f: nextIndex: updateUnconditionally 1 -> 0
2019-08-30 07:34:48,194 | INFO  | SCMAudit | user=jenkins1000 | ip=192.168.5.156 | op=SEND_HEARTBEAT {datanodeUUID=f20ba990-a1ec-4251-b44f-b0954e9459c1, command=[]} | ret=SUCCESS |  
2019-08-30 07:34:48,194 [grpc-default-executor-7] WARN  server.GrpcServerProtocolService (LogUtils.java:warn(134)) - a45a7528-2ba0-4bc3-913c-850122b1269f: appendEntries onError: org.apache.ratis.thirdparty.io.grpc.StatusRuntimeException: CANCELLED: cancelled before receiving half close
2019-08-30 07:34:48,188 [grpc-default-executor-6] WARN  server.GrpcLogAppender (LogUtils.java:warn(134)) - acc690db-1381-479d-90ad-8aa346d73f29->c1f9b5f6-3f1a-4e58-b5c3-6c327452b89e: Failed appendEntries: org.apache.ratis.thirdparty.io.grpc.StatusRuntimeException: UNAVAILABLE: Channel shutdownNow invoked
2019-08-30 07:34:48,188 [grpc-default-executor-2] WARN  server.GrpcLogAppender (LogUtils.java:warn(134)) - acc690db-1381-479d-90ad-8aa346d73f29->a45a7528-2ba0-4bc3-913c-850122b1269f: Failed appendEntries: org.apache.ratis.thirdparty.io.grpc.StatusRuntimeException: UNAVAILABLE: Channel shutdownNow invoked
2019-08-30 07:34:48,188 [grpc-default-executor-4] WARN  server.GrpcLogAppender (LogUtils.java:warn(134)) - acc690db-1381-479d-90ad-8aa346d73f29->c1f9b5f6-3f1a-4e58-b5c3-6c327452b89e: Failed appendEntries: org.apache.ratis.thirdparty.io.grpc.StatusRuntimeException: UNAVAILABLE: Channel shutdownNow invoked
2019-08-30 07:34:48,188 [grpc-default-executor-5] WARN  server.GrpcLogAppender (LogUtils.java:warn(134)) - acc690db-1381-479d-90ad-8aa346d73f29->a45a7528-2ba0-4bc3-913c-850122b1269f: Failed appendEntries: org.apache.ratis.thirdparty.io.grpc.StatusRuntimeException: UNAVAILABLE: Channel shutdownNow invoked
2019-08-30 07:34:48,188 [ForkJoinPool.commonPool-worker-0] INFO  impl.RaftServerImpl (RaftServerImpl.java:lambda$shutdown$3(245)) - acc690db-1381-479d-90ad-8aa346d73f29: shutdown group-CA76A3A1922C
2019-08-30 07:34:48,195 [grpc-default-executor-5] INFO  impl.FollowerInfo (FollowerInfo.java:lambda$new$0(50)) - acc690db-1381-479d-90ad-8aa346d73f29->a45a7528-2ba0-4bc3-913c-850122b1269f: nextIndex: updateUnconditionally 1 -> 0
2019-08-30 07:34:48,195 [grpc-default-executor-4] INFO  impl.FollowerInfo (FollowerInfo.java:lambda$new$0(50)) - acc690db-1381-479d-90ad-8aa346d73f29->c1f9b5f6-3f1a-4e58-b5c3-6c327452b89e: nextIndex: updateUnconditionally 1 -> 0
2019-08-30 07:34:48,195 [grpc-default-executor-2] INFO  impl.FollowerInfo (FollowerInfo.java:lambda$new$0(50)) - acc690db-1381-479d-90ad-8aa346d73f29->a45a7528-2ba0-4bc3-913c-850122b1269f: nextIndex: updateUnconditionally 1 -> 0
2019-08-30 07:34:48,195 [grpc-default-executor-6] INFO  impl.FollowerInfo (FollowerInfo.java:lambda$new$0(50)) - acc690db-1381-479d-90ad-8aa346d73f29->c1f9b5f6-3f1a-4e58-b5c3-6c327452b89e: nextIndex: updateUnconditionally 1 -> 0
2019-08-30 07:34:48,194 [grpc-default-executor-3] WARN  server.GrpcServerProtocolService (LogUtils.java:warn(134)) - c1f9b5f6-3f1a-4e58-b5c3-6c327452b89e: appendEntries onError: org.apache.ratis.thirdparty.io.grpc.StatusRuntimeException: CANCELLED: cancelled before receiving half close
2019-08-30 07:34:48,194 [grpc-default-executor-9] WARN  server.GrpcServerProtocolService (LogUtils.java:warn(134)) - c1f9b5f6-3f1a-4e58-b5c3-6c327452b89e: appendEntries onError: org.apache.ratis.thirdparty.io.grpc.StatusRuntimeException: CANCELLED: cancelled before receiving half close
2019-08-30 07:34:48,194 [grpc-default-executor-10] WARN  server.GrpcServerProtocolService (LogUtils.java:warn(134)) - a45a7528-2ba0-4bc3-913c-850122b1269f: appendEntries onError: org.apache.ratis.thirdparty.io.grpc.StatusRuntimeException: CANCELLED: cancelled before receiving half close
2019-08-30 07:34:48,194 [grpc-default-executor-1] WARN  server.GrpcServerProtocolService (LogUtils.java:warn(134)) - c1f9b5f6-3f1a-4e58-b5c3-6c327452b89e: appendEntries onError: org.apache.ratis.thirdparty.io.grpc.StatusRuntimeException: CANCELLED: cancelled before receiving half close
2019-08-30 07:34:48,194 [grpc-default-executor-8] WARN  server.GrpcServerProtocolService (LogUtils.java:warn(134)) - a45a7528-2ba0-4bc3-913c-850122b1269f: appendEntries onError: org.apache.ratis.thirdparty.io.grpc.StatusRuntimeException: CANCELLED: cancelled before receiving half close
2019-08-30 07:34:48,194 [main] INFO  util.JmxRegister (JmxRegister.java:unregister(73)) - Successfully un-registered JMX Bean with object name Ratis:service=RaftServer,group=group-CA76A3A1922C,id=c1f9b5f6-3f1a-4e58-b5c3-6c327452b89e
2019-08-30 07:34:48,197 [main] INFO  impl.RoleInfo (RoleInfo.java:shutdownFollowerState(121)) - c1f9b5f6-3f1a-4e58-b5c3-6c327452b89e: shutdown FollowerState
2019-08-30 07:34:48,193 [grpc-default-executor-0] INFO  impl.FollowerInfo (FollowerInfo.java:lambda$new$0(50)) - acc690db-1381-479d-90ad-8aa346d73f29->c1f9b5f6-3f1a-4e58-b5c3-6c327452b89e: nextIndex: updateUnconditionally 1 -> 0
2019-08-30 07:34:48,198 [Thread-477] INFO  impl.FollowerState (FollowerState.java:run(114)) - c1f9b5f6-3f1a-4e58-b5c3-6c327452b89e: FollowerState was interrupted: java.lang.InterruptedException: sleep interrupted
2019-08-30 07:34:48,198 [main] INFO  impl.StateMachineUpdater (StateMachineUpdater.java:stopAndJoin(115)) - StateMachineUpdater:c1f9b5f6-3f1a-4e58-b5c3-6c327452b89e:group-CA76A3A1922C: set stopIndex = 0
2019-08-30 07:34:48,200 [main] INFO  impl.RaftServerImpl (ServerState.java:close(394)) - c1f9b5f6-3f1a-4e58-b5c3-6c327452b89e:group-CA76A3A1922C closes. The last applied log index is 0
2019-08-30 07:34:48,195 [ForkJoinPool.commonPool-worker-0] INFO  util.JmxRegister (JmxRegister.java:unregister(73)) - Successfully un-registered JMX Bean with object name Ratis:service=RaftServer,group=group-CA76A3A1922C,id=acc690db-1381-479d-90ad-8aa346d73f29
2019-08-30 07:34:48,201 [ForkJoinPool.commonPool-worker-0] INFO  impl.RoleInfo (RoleInfo.java:shutdownFollowerState(121)) - acc690db-1381-479d-90ad-8aa346d73f29: shutdown FollowerState
2019-08-30 07:34:48,201 [ForkJoinPool.commonPool-worker-0] INFO  impl.StateMachineUpdater (StateMachineUpdater.java:stopAndJoin(115)) - StateMachineUpdater:acc690db-1381-479d-90ad-8aa346d73f29:group-CA76A3A1922C: set stopIndex = 0
2019-08-30 07:34:48,202 [c1f9b5f6-3f1a-4e58-b5c3-6c327452b89e-SegmentedRaftLogWorker:Storage Directory /workdir/hadoop-ozone/integration-test/target/test-dir/MiniOzoneClusterImpl-e2a0042e-8006-48d2-a527-f4f759a7d1b5/datanode-5/data/ratis/08513cd7-a381-4a46-ae3e-ca76a3a1922c] INFO  segmented.SegmentedRaftLogWorker (SegmentedRaftLogWorker.java:run(313)) - c1f9b5f6-3f1a-4e58-b5c3-6c327452b89e-SegmentedRaftLogWorker:Storage Directory /workdir/hadoop-ozone/integration-test/target/test-dir/MiniOzoneClusterImpl-e2a0042e-8006-48d2-a527-f4f759a7d1b5/datanode-5/data/ratis/08513cd7-a381-4a46-ae3e-ca76a3a1922c was interrupted, exiting. There are 0 tasks remaining in the queue.
2019-08-30 07:34:48,201 [Thread-500] INFO  impl.FollowerState (FollowerState.java:run(114)) - acc690db-1381-479d-90ad-8aa346d73f29: FollowerState was interrupted: java.lang.InterruptedException: sleep interrupted
2019-08-30 07:34:48,204 [main] INFO  segmented.SegmentedRaftLogWorker (SegmentedRaftLogWorker.java:close(228)) - c1f9b5f6-3f1a-4e58-b5c3-6c327452b89e-SegmentedRaftLogWorker:Storage Directory /workdir/hadoop-ozone/integration-test/target/test-dir/MiniOzoneClusterImpl-e2a0042e-8006-48d2-a527-f4f759a7d1b5/datanode-5/data/ratis/08513cd7-a381-4a46-ae3e-ca76a3a1922c close()
2019-08-30 07:34:48,202 [ForkJoinPool.commonPool-worker-0] INFO  impl.RaftServerImpl (ServerState.java:close(394)) - acc690db-1381-479d-90ad-8aa346d73f29:group-CA76A3A1922C closes. The last applied log index is 0
2019-08-30 07:34:48,211 [main] INFO  impl.RaftServerImpl (RaftServerImpl.java:lambda$shutdown$3(245)) - c1f9b5f6-3f1a-4e58-b5c3-6c327452b89e: shutdown group-F9B49111EF33
2019-08-30 07:34:48,211 [acc690db-1381-479d-90ad-8aa346d73f29-SegmentedRaftLogWorker:Storage Directory /workdir/hadoop-ozone/integration-test/target/test-dir/MiniOzoneClusterImpl-e2a0042e-8006-48d2-a527-f4f759a7d1b5/datanode-2/data/ratis/08513cd7-a381-4a46-ae3e-ca76a3a1922c] INFO  segmented.SegmentedRaftLogWorker (SegmentedRaftLogWorker.java:run(313)) - acc690db-1381-479d-90ad-8aa346d73f29-SegmentedRaftLogWorker:Storage Directory /workdir/hadoop-ozone/integration-test/target/test-dir/MiniOzoneClusterImpl-e2a0042e-8006-48d2-a527-f4f759a7d1b5/datanode-2/data/ratis/08513cd7-a381-4a46-ae3e-ca76a3a1922c was interrupted, exiting. There are 0 tasks remaining in the queue.
2019-08-30 07:34:48,212 | INFO  | SCMAudit | user=jenkins1000 | ip=192.168.5.156 | op=SEND_HEARTBEAT {datanodeUUID=fa47bd42-2000-4a68-b335-f6aa68ddcd76, command=[]} | ret=SUCCESS |  
2019-08-30 07:34:48,212 [main] INFO  util.JmxRegister (JmxRegister.java:unregister(73)) - Successfully un-registered JMX Bean with object name Ratis:service=RaftServer,group=group-F9B49111EF33,id=c1f9b5f6-3f1a-4e58-b5c3-6c327452b89e
2019-08-30 07:34:48,215 [ForkJoinPool.commonPool-worker-0] INFO  segmented.SegmentedRaftLogWorker (SegmentedRaftLogWorker.java:close(228)) - acc690db-1381-479d-90ad-8aa346d73f29-SegmentedRaftLogWorker:Storage Directory /workdir/hadoop-ozone/integration-test/target/test-dir/MiniOzoneClusterImpl-e2a0042e-8006-48d2-a527-f4f759a7d1b5/datanode-2/data/ratis/08513cd7-a381-4a46-ae3e-ca76a3a1922c close()
2019-08-30 07:34:48,215 [main] INFO  impl.RoleInfo (RoleInfo.java:shutdownFollowerState(121)) - c1f9b5f6-3f1a-4e58-b5c3-6c327452b89e: shutdown FollowerState
2019-08-30 07:34:48,219 [ForkJoinPool.commonPool-worker-0] INFO  impl.RaftServerImpl (RaftServerImpl.java:lambda$shutdown$3(245)) - acc690db-1381-479d-90ad-8aa346d73f29: shutdown group-F9B49111EF33
2019-08-30 07:34:48,220 [Thread-475] INFO  impl.FollowerState (FollowerState.java:run(114)) - c1f9b5f6-3f1a-4e58-b5c3-6c327452b89e: FollowerState was interrupted: java.lang.InterruptedException: sleep interrupted
2019-08-30 07:34:48,220 [main] INFO  impl.StateMachineUpdater (StateMachineUpdater.java:stopAndJoin(115)) - StateMachineUpdater:c1f9b5f6-3f1a-4e58-b5c3-6c327452b89e:group-F9B49111EF33: set stopIndex = 0
2019-08-30 07:34:48,220 [ForkJoinPool.commonPool-worker-0] INFO  util.JmxRegister (JmxRegister.java:unregister(73)) - Successfully un-registered JMX Bean with object name Ratis:service=RaftServer,group=group-F9B49111EF33,id=acc690db-1381-479d-90ad-8aa346d73f29
2019-08-30 07:34:48,222 [main] INFO  impl.RaftServerImpl (ServerState.java:close(394)) - c1f9b5f6-3f1a-4e58-b5c3-6c327452b89e:group-F9B49111EF33 closes. The last applied log index is 0
2019-08-30 07:34:48,222 [ForkJoinPool.commonPool-worker-0] INFO  impl.RoleInfo (RoleInfo.java:shutdownLeaderState(104)) - acc690db-1381-479d-90ad-8aa346d73f29: shutdown LeaderState
2019-08-30 07:34:48,223 [c1f9b5f6-3f1a-4e58-b5c3-6c327452b89e-SegmentedRaftLogWorker:Storage Directory /workdir/hadoop-ozone/integration-test/target/test-dir/MiniOzoneClusterImpl-e2a0042e-8006-48d2-a527-f4f759a7d1b5/datanode-5/data/ratis/a431161b-4607-4a9c-92c2-f9b49111ef33] INFO  segmented.SegmentedRaftLogWorker (SegmentedRaftLogWorker.java:run(313)) - c1f9b5f6-3f1a-4e58-b5c3-6c327452b89e-SegmentedRaftLogWorker:Storage Directory /workdir/hadoop-ozone/integration-test/target/test-dir/MiniOzoneClusterImpl-e2a0042e-8006-48d2-a527-f4f759a7d1b5/datanode-5/data/ratis/a431161b-4607-4a9c-92c2-f9b49111ef33 was interrupted, exiting. There are 0 tasks remaining in the queue.
2019-08-30 07:34:48,227 [org.apache.ratis.server.impl.LogAppender$AppenderDaemon$$Lambda$404/492886485@27e769c] WARN  server.GrpcLogAppender (GrpcLogAppender.java:mayWait(143)) - GrpcLogAppender(acc690db-1381-479d-90ad-8aa346d73f29->c1f9b5f6-3f1a-4e58-b5c3-6c327452b89e): Wait interrupted by java.lang.InterruptedException
2019-08-30 07:34:48,227 [org.apache.ratis.server.impl.LogAppender$AppenderDaemon$$Lambda$404/492886485@477ce8b7] WARN  server.GrpcLogAppender (GrpcLogAppender.java:mayWait(143)) - GrpcLogAppender(acc690db-1381-479d-90ad-8aa346d73f29->a45a7528-2ba0-4bc3-913c-850122b1269f): Wait interrupted by java.lang.InterruptedException
2019-08-30 07:34:48,227 [ForkJoinPool.commonPool-worker-0] INFO  impl.PendingRequests (PendingRequests.java:sendNotLeaderResponses(202)) - acc690db-1381-479d-90ad-8aa346d73f29-PendingRequests: sendNotLeaderResponses
2019-08-30 07:34:48,229 [main] INFO  segmented.SegmentedRaftLogWorker (SegmentedRaftLogWorker.java:close(228)) - c1f9b5f6-3f1a-4e58-b5c3-6c327452b89e-SegmentedRaftLogWorker:Storage Directory /workdir/hadoop-ozone/integration-test/target/test-dir/MiniOzoneClusterImpl-e2a0042e-8006-48d2-a527-f4f759a7d1b5/datanode-5/data/ratis/a431161b-4607-4a9c-92c2-f9b49111ef33 close()
2019-08-30 07:34:48,229 [ForkJoinPool.commonPool-worker-0] INFO  impl.StateMachineUpdater (StateMachineUpdater.java:stopAndJoin(115)) - StateMachineUpdater:acc690db-1381-479d-90ad-8aa346d73f29:group-F9B49111EF33: set stopIndex = 0
2019-08-30 07:34:48,233 [main] INFO  impl.RaftServerImpl (RaftServerImpl.java:lambda$shutdown$3(245)) - c1f9b5f6-3f1a-4e58-b5c3-6c327452b89e: shutdown group-5E72A8F0CA12
2019-08-30 07:34:48,233 [ForkJoinPool.commonPool-worker-0] INFO  impl.RaftServerImpl (ServerState.java:close(394)) - acc690db-1381-479d-90ad-8aa346d73f29:group-F9B49111EF33 closes. The last applied log index is 0
2019-08-30 07:34:48,234 [main] INFO  util.JmxRegister (JmxRegister.java:unregister(73)) - Successfully un-registered JMX Bean with object name Ratis:service=RaftServer,group=group-5E72A8F0CA12,id=c1f9b5f6-3f1a-4e58-b5c3-6c327452b89e
2019-08-30 07:34:48,234 [main] INFO  impl.RoleInfo (RoleInfo.java:shutdownLeaderState(104)) - c1f9b5f6-3f1a-4e58-b5c3-6c327452b89e: shutdown LeaderState
2019-08-30 07:34:48,234 [acc690db-1381-479d-90ad-8aa346d73f29-SegmentedRaftLogWorker:Storage Directory /workdir/hadoop-ozone/integration-test/target/test-dir/MiniOzoneClusterImpl-e2a0042e-8006-48d2-a527-f4f759a7d1b5/datanode-2/data/ratis/a431161b-4607-4a9c-92c2-f9b49111ef33] INFO  segmented.SegmentedRaftLogWorker (SegmentedRaftLogWorker.java:run(313)) - acc690db-1381-479d-90ad-8aa346d73f29-SegmentedRaftLogWorker:Storage Directory /workdir/hadoop-ozone/integration-test/target/test-dir/MiniOzoneClusterImpl-e2a0042e-8006-48d2-a527-f4f759a7d1b5/datanode-2/data/ratis/a431161b-4607-4a9c-92c2-f9b49111ef33 was interrupted, exiting. There are 0 tasks remaining in the queue.
2019-08-30 07:34:48,235 [main] INFO  impl.PendingRequests (PendingRequests.java:sendNotLeaderResponses(202)) - c1f9b5f6-3f1a-4e58-b5c3-6c327452b89e-PendingRequests: sendNotLeaderResponses
2019-08-30 07:34:48,238 [ForkJoinPool.commonPool-worker-0] INFO  segmented.SegmentedRaftLogWorker (SegmentedRaftLogWorker.java:close(228)) - acc690db-1381-479d-90ad-8aa346d73f29-SegmentedRaftLogWorker:Storage Directory /workdir/hadoop-ozone/integration-test/target/test-dir/MiniOzoneClusterImpl-e2a0042e-8006-48d2-a527-f4f759a7d1b5/datanode-2/data/ratis/a431161b-4607-4a9c-92c2-f9b49111ef33 close()
2019-08-30 07:34:48,239 [main] INFO  impl.StateMachineUpdater (StateMachineUpdater.java:stopAndJoin(115)) - StateMachineUpdater:c1f9b5f6-3f1a-4e58-b5c3-6c327452b89e:group-5E72A8F0CA12: set stopIndex = 0
2019-08-30 07:34:48,242 [ForkJoinPool.commonPool-worker-0] INFO  impl.RaftServerImpl (RaftServerImpl.java:lambda$shutdown$3(245)) - acc690db-1381-479d-90ad-8aa346d73f29: shutdown group-186677E0C462
2019-08-30 07:34:48,243 [main] INFO  impl.RaftServerImpl (ServerState.java:close(394)) - c1f9b5f6-3f1a-4e58-b5c3-6c327452b89e:group-5E72A8F0CA12 closes. The last applied log index is 0
2019-08-30 07:34:48,243 [ForkJoinPool.commonPool-worker-0] INFO  util.JmxRegister (JmxRegister.java:unregister(73)) - Successfully un-registered JMX Bean with object name Ratis:service=RaftServer,group=group-186677E0C462,id=acc690db-1381-479d-90ad-8aa346d73f29
2019-08-30 07:34:48,243 [c1f9b5f6-3f1a-4e58-b5c3-6c327452b89e-SegmentedRaftLogWorker:Storage Directory /workdir/hadoop-ozone/integration-test/target/test-dir/MiniOzoneClusterImpl-e2a0042e-8006-48d2-a527-f4f759a7d1b5/datanode-5/data/ratis/72a0fd76-bbd2-4a3b-991f-5e72a8f0ca12] INFO  segmented.SegmentedRaftLogWorker (SegmentedRaftLogWorker.java:run(313)) - c1f9b5f6-3f1a-4e58-b5c3-6c327452b89e-SegmentedRaftLogWorker:Storage Directory /workdir/hadoop-ozone/integration-test/target/test-dir/MiniOzoneClusterImpl-e2a0042e-8006-48d2-a527-f4f759a7d1b5/datanode-5/data/ratis/72a0fd76-bbd2-4a3b-991f-5e72a8f0ca12 was interrupted, exiting. There are 0 tasks remaining in the queue.
2019-08-30 07:34:48,244 [ForkJoinPool.commonPool-worker-0] INFO  impl.RoleInfo (RoleInfo.java:shutdownLeaderState(104)) - acc690db-1381-479d-90ad-8aa346d73f29: shutdown LeaderState
2019-08-30 07:34:48,247 [main] INFO  segmented.SegmentedRaftLogWorker (SegmentedRaftLogWorker.java:close(228)) - c1f9b5f6-3f1a-4e58-b5c3-6c327452b89e-SegmentedRaftLogWorker:Storage Directory /workdir/hadoop-ozone/integration-test/target/test-dir/MiniOzoneClusterImpl-e2a0042e-8006-48d2-a527-f4f759a7d1b5/datanode-5/data/ratis/72a0fd76-bbd2-4a3b-991f-5e72a8f0ca12 close()
2019-08-30 07:34:48,252 [ForkJoinPool.commonPool-worker-0] INFO  impl.PendingRequests (PendingRequests.java:sendNotLeaderResponses(202)) - acc690db-1381-479d-90ad-8aa346d73f29-PendingRequests: sendNotLeaderResponses
2019-08-30 07:34:48,252 [org.apache.ratis.server.impl.LogAppender$AppenderDaemon$$Lambda$404/492886485@4de24e73] WARN  server.GrpcLogAppender (GrpcLogAppender.java:mayWait(143)) - GrpcLogAppender(acc690db-1381-479d-90ad-8aa346d73f29->c1f9b5f6-3f1a-4e58-b5c3-6c327452b89e): Wait interrupted by java.lang.InterruptedException
2019-08-30 07:34:48,252 [org.apache.ratis.server.impl.LogAppender$AppenderDaemon$$Lambda$404/492886485@8e0d9ab] WARN  server.GrpcLogAppender (GrpcLogAppender.java:mayWait(143)) - GrpcLogAppender(acc690db-1381-479d-90ad-8aa346d73f29->a45a7528-2ba0-4bc3-913c-850122b1269f): Wait interrupted by java.lang.InterruptedException
2019-08-30 07:34:48,256 [ForkJoinPool.commonPool-worker-0] INFO  impl.StateMachineUpdater (StateMachineUpdater.java:stopAndJoin(115)) - StateMachineUpdater:acc690db-1381-479d-90ad-8aa346d73f29:group-186677E0C462: set stopIndex = 0
2019-08-30 07:34:48,257 [ForkJoinPool.commonPool-worker-0] INFO  impl.RaftServerImpl (ServerState.java:close(394)) - acc690db-1381-479d-90ad-8aa346d73f29:group-186677E0C462 closes. The last applied log index is 0
2019-08-30 07:34:48,256 [main] INFO  impl.RaftServerImpl (RaftServerImpl.java:lambda$shutdown$3(245)) - c1f9b5f6-3f1a-4e58-b5c3-6c327452b89e: shutdown group-186677E0C462
2019-08-30 07:34:48,257 [acc690db-1381-479d-90ad-8aa346d73f29-SegmentedRaftLogWorker:Storage Directory /workdir/hadoop-ozone/integration-test/target/test-dir/MiniOzoneClusterImpl-e2a0042e-8006-48d2-a527-f4f759a7d1b5/datanode-2/data/ratis/1e16680b-1ee8-4d8c-9dfc-186677e0c462] INFO  segmented.SegmentedRaftLogWorker (SegmentedRaftLogWorker.java:run(313)) - acc690db-1381-479d-90ad-8aa346d73f29-SegmentedRaftLogWorker:Storage Directory /workdir/hadoop-ozone/integration-test/target/test-dir/MiniOzoneClusterImpl-e2a0042e-8006-48d2-a527-f4f759a7d1b5/datanode-2/data/ratis/1e16680b-1ee8-4d8c-9dfc-186677e0c462 was interrupted, exiting. There are 0 tasks remaining in the queue.
2019-08-30 07:34:48,257 [main] INFO  util.JmxRegister (JmxRegister.java:unregister(73)) - Successfully un-registered JMX Bean with object name Ratis:service=RaftServer,group=group-186677E0C462,id=c1f9b5f6-3f1a-4e58-b5c3-6c327452b89e
2019-08-30 07:34:48,259 [ForkJoinPool.commonPool-worker-0] INFO  segmented.SegmentedRaftLogWorker (SegmentedRaftLogWorker.java:close(228)) - acc690db-1381-479d-90ad-8aa346d73f29-SegmentedRaftLogWorker:Storage Directory /workdir/hadoop-ozone/integration-test/target/test-dir/MiniOzoneClusterImpl-e2a0042e-8006-48d2-a527-f4f759a7d1b5/datanode-2/data/ratis/1e16680b-1ee8-4d8c-9dfc-186677e0c462 close()
2019-08-30 07:34:48,259 [main] INFO  impl.RoleInfo (RoleInfo.java:shutdownFollowerState(121)) - c1f9b5f6-3f1a-4e58-b5c3-6c327452b89e: shutdown FollowerState
2019-08-30 07:34:48,262 [ForkJoinPool.commonPool-worker-0] INFO  impl.RaftServerImpl (RaftServerImpl.java:lambda$shutdown$3(245)) - acc690db-1381-479d-90ad-8aa346d73f29: shutdown group-C640FB00525B
2019-08-30 07:34:48,262 [Thread-478] INFO  impl.FollowerState (FollowerState.java:run(114)) - c1f9b5f6-3f1a-4e58-b5c3-6c327452b89e: FollowerState was interrupted: java.lang.InterruptedException: sleep interrupted
2019-08-30 07:34:48,262 [main] INFO  impl.StateMachineUpdater (StateMachineUpdater.java:stopAndJoin(115)) - StateMachineUpdater:c1f9b5f6-3f1a-4e58-b5c3-6c327452b89e:group-186677E0C462: set stopIndex = 0
2019-08-30 07:34:48,264 [main] INFO  impl.RaftServerImpl (ServerState.java:close(394)) - c1f9b5f6-3f1a-4e58-b5c3-6c327452b89e:group-186677E0C462 closes. The last applied log index is 0
2019-08-30 07:34:48,262 [ForkJoinPool.commonPool-worker-0] INFO  util.JmxRegister (JmxRegister.java:unregister(73)) - Successfully un-registered JMX Bean with object name Ratis:service=RaftServer,group=group-C640FB00525B,id=acc690db-1381-479d-90ad-8aa346d73f29
2019-08-30 07:34:48,265 [c1f9b5f6-3f1a-4e58-b5c3-6c327452b89e-SegmentedRaftLogWorker:Storage Directory /workdir/hadoop-ozone/integration-test/target/test-dir/MiniOzoneClusterImpl-e2a0042e-8006-48d2-a527-f4f759a7d1b5/datanode-5/data/ratis/1e16680b-1ee8-4d8c-9dfc-186677e0c462] INFO  segmented.SegmentedRaftLogWorker (SegmentedRaftLogWorker.java:run(313)) - c1f9b5f6-3f1a-4e58-b5c3-6c327452b89e-SegmentedRaftLogWorker:Storage Directory /workdir/hadoop-ozone/integration-test/target/test-dir/MiniOzoneClusterImpl-e2a0042e-8006-48d2-a527-f4f759a7d1b5/datanode-5/data/ratis/1e16680b-1ee8-4d8c-9dfc-186677e0c462 was interrupted, exiting. There are 0 tasks remaining in the queue.
2019-08-30 07:34:48,265 [ForkJoinPool.commonPool-worker-0] INFO  impl.RoleInfo (RoleInfo.java:shutdownLeaderState(104)) - acc690db-1381-479d-90ad-8aa346d73f29: shutdown LeaderState
2019-08-30 07:34:48,266 [main] INFO  segmented.SegmentedRaftLogWorker (SegmentedRaftLogWorker.java:close(228)) - c1f9b5f6-3f1a-4e58-b5c3-6c327452b89e-SegmentedRaftLogWorker:Storage Directory /workdir/hadoop-ozone/integration-test/target/test-dir/MiniOzoneClusterImpl-e2a0042e-8006-48d2-a527-f4f759a7d1b5/datanode-5/data/ratis/1e16680b-1ee8-4d8c-9dfc-186677e0c462 close()
2019-08-30 07:34:48,269 [org.apache.ratis.server.impl.LogAppender$AppenderDaemon$$Lambda$404/492886485@4a0b8c2b] WARN  server.GrpcLogAppender (GrpcLogAppender.java:mayWait(143)) - GrpcLogAppender(acc690db-1381-479d-90ad-8aa346d73f29->c1f9b5f6-3f1a-4e58-b5c3-6c327452b89e): Wait interrupted by java.lang.InterruptedException
2019-08-30 07:34:48,269 [org.apache.ratis.server.impl.LogAppender$AppenderDaemon$$Lambda$404/492886485@f091b0e] WARN  server.GrpcLogAppender (GrpcLogAppender.java:mayWait(143)) - GrpcLogAppender(acc690db-1381-479d-90ad-8aa346d73f29->a45a7528-2ba0-4bc3-913c-850122b1269f): Wait interrupted by java.lang.InterruptedException
2019-08-30 07:34:48,269 [ForkJoinPool.commonPool-worker-0] INFO  impl.PendingRequests (PendingRequests.java:sendNotLeaderResponses(202)) - acc690db-1381-479d-90ad-8aa346d73f29-PendingRequests: sendNotLeaderResponses
2019-08-30 07:34:48,272 [main] INFO  impl.RaftServerImpl (RaftServerImpl.java:lambda$shutdown$3(245)) - c1f9b5f6-3f1a-4e58-b5c3-6c327452b89e: shutdown group-C640FB00525B
2019-08-30 07:34:48,273 [ForkJoinPool.commonPool-worker-0] INFO  impl.StateMachineUpdater (StateMachineUpdater.java:stopAndJoin(115)) - StateMachineUpdater:acc690db-1381-479d-90ad-8aa346d73f29:group-C640FB00525B: set stopIndex = 0
2019-08-30 07:34:48,273 [main] INFO  util.JmxRegister (JmxRegister.java:unregister(73)) - Successfully un-registered JMX Bean with object name Ratis:service=RaftServer,group=group-C640FB00525B,id=c1f9b5f6-3f1a-4e58-b5c3-6c327452b89e
2019-08-30 07:34:48,273 [ForkJoinPool.commonPool-worker-0] INFO  impl.RaftServerImpl (ServerState.java:close(394)) - acc690db-1381-479d-90ad-8aa346d73f29:group-C640FB00525B closes. The last applied log index is 0
2019-08-30 07:34:48,274 [main] INFO  impl.RoleInfo (RoleInfo.java:shutdownFollowerState(121)) - c1f9b5f6-3f1a-4e58-b5c3-6c327452b89e: shutdown FollowerState
2019-08-30 07:34:48,274 [acc690db-1381-479d-90ad-8aa346d73f29-SegmentedRaftLogWorker:Storage Directory /workdir/hadoop-ozone/integration-test/target/test-dir/MiniOzoneClusterImpl-e2a0042e-8006-48d2-a527-f4f759a7d1b5/datanode-2/data/ratis/e242280e-f197-4ae3-a579-c640fb00525b] INFO  segmented.SegmentedRaftLogWorker (SegmentedRaftLogWorker.java:run(313)) - acc690db-1381-479d-90ad-8aa346d73f29-SegmentedRaftLogWorker:Storage Directory /workdir/hadoop-ozone/integration-test/target/test-dir/MiniOzoneClusterImpl-e2a0042e-8006-48d2-a527-f4f759a7d1b5/datanode-2/data/ratis/e242280e-f197-4ae3-a579-c640fb00525b was interrupted, exiting. There are 0 tasks remaining in the queue.
2019-08-30 07:34:48,274 [main] INFO  impl.StateMachineUpdater (StateMachineUpdater.java:stopAndJoin(115)) - StateMachineUpdater:c1f9b5f6-3f1a-4e58-b5c3-6c327452b89e:group-C640FB00525B: set stopIndex = 0
2019-08-30 07:34:48,276 [ForkJoinPool.commonPool-worker-0] INFO  segmented.SegmentedRaftLogWorker (SegmentedRaftLogWorker.java:close(228)) - acc690db-1381-479d-90ad-8aa346d73f29-SegmentedRaftLogWorker:Storage Directory /workdir/hadoop-ozone/integration-test/target/test-dir/MiniOzoneClusterImpl-e2a0042e-8006-48d2-a527-f4f759a7d1b5/datanode-2/data/ratis/e242280e-f197-4ae3-a579-c640fb00525b close()
2019-08-30 07:34:48,274 [Thread-437] INFO  impl.FollowerState (FollowerState.java:run(114)) - c1f9b5f6-3f1a-4e58-b5c3-6c327452b89e: FollowerState was interrupted: java.lang.InterruptedException: sleep interrupted
2019-08-30 07:34:48,289 [ForkJoinPool.commonPool-worker-0] INFO  impl.RaftServerImpl (RaftServerImpl.java:lambda$shutdown$3(245)) - acc690db-1381-479d-90ad-8aa346d73f29: shutdown group-BC5BBD1BED6A
2019-08-30 07:34:48,276 [main] INFO  impl.RaftServerImpl (ServerState.java:close(394)) - c1f9b5f6-3f1a-4e58-b5c3-6c327452b89e:group-C640FB00525B closes. The last applied log index is 0
2019-08-30 07:34:48,291 [ForkJoinPool.commonPool-worker-0] INFO  util.JmxRegister (JmxRegister.java:unregister(73)) - Successfully un-registered JMX Bean with object name Ratis:service=RaftServer,group=group-BC5BBD1BED6A,id=acc690db-1381-479d-90ad-8aa346d73f29
2019-08-30 07:34:48,291 [c1f9b5f6-3f1a-4e58-b5c3-6c327452b89e-SegmentedRaftLogWorker:Storage Directory /workdir/hadoop-ozone/integration-test/target/test-dir/MiniOzoneClusterImpl-e2a0042e-8006-48d2-a527-f4f759a7d1b5/datanode-5/data/ratis/e242280e-f197-4ae3-a579-c640fb00525b] INFO  segmented.SegmentedRaftLogWorker (SegmentedRaftLogWorker.java:run(313)) - c1f9b5f6-3f1a-4e58-b5c3-6c327452b89e-SegmentedRaftLogWorker:Storage Directory /workdir/hadoop-ozone/integration-test/target/test-dir/MiniOzoneClusterImpl-e2a0042e-8006-48d2-a527-f4f759a7d1b5/datanode-5/data/ratis/e242280e-f197-4ae3-a579-c640fb00525b was interrupted, exiting. There are 0 tasks remaining in the queue.
2019-08-30 07:34:48,291 [ForkJoinPool.commonPool-worker-0] INFO  impl.RoleInfo (RoleInfo.java:shutdownLeaderElection(134)) - acc690db-1381-479d-90ad-8aa346d73f29: shutdown LeaderElection
2019-08-30 07:34:48,292 [main] INFO  segmented.SegmentedRaftLogWorker (SegmentedRaftLogWorker.java:close(228)) - c1f9b5f6-3f1a-4e58-b5c3-6c327452b89e-SegmentedRaftLogWorker:Storage Directory /workdir/hadoop-ozone/integration-test/target/test-dir/MiniOzoneClusterImpl-e2a0042e-8006-48d2-a527-f4f759a7d1b5/datanode-5/data/ratis/e242280e-f197-4ae3-a579-c640fb00525b close()
2019-08-30 07:34:48,292 [ForkJoinPool.commonPool-worker-0] INFO  impl.StateMachineUpdater (StateMachineUpdater.java:stopAndJoin(115)) - StateMachineUpdater:acc690db-1381-479d-90ad-8aa346d73f29:group-BC5BBD1BED6A: set stopIndex = -1
2019-08-30 07:34:48,294 [main] INFO  impl.RaftServerImpl (RaftServerImpl.java:lambda$shutdown$3(245)) - c1f9b5f6-3f1a-4e58-b5c3-6c327452b89e: shutdown group-976E926B68E9
2019-08-30 07:34:48,294 [ForkJoinPool.commonPool-worker-0] INFO  impl.RaftServerImpl (ServerState.java:close(394)) - acc690db-1381-479d-90ad-8aa346d73f29:group-BC5BBD1BED6A closes. The last applied log index is -1
2019-08-30 07:34:48,294 [main] INFO  util.JmxRegister (JmxRegister.java:unregister(73)) - Successfully un-registered JMX Bean with object name Ratis:service=RaftServer,group=group-976E926B68E9,id=c1f9b5f6-3f1a-4e58-b5c3-6c327452b89e
2019-08-30 07:34:48,294 [acc690db-1381-479d-90ad-8aa346d73f29-SegmentedRaftLogWorker:Storage Directory /workdir/hadoop-ozone/integration-test/target/test-dir/MiniOzoneClusterImpl-e2a0042e-8006-48d2-a527-f4f759a7d1b5/datanode-2/data/ratis/d9b9f0f8-1571-4c22-9895-bc5bbd1bed6a] INFO  segmented.SegmentedRaftLogWorker (SegmentedRaftLogWorker.java:run(313)) - acc690db-1381-479d-90ad-8aa346d73f29-SegmentedRaftLogWorker:Storage Directory /workdir/hadoop-ozone/integration-test/target/test-dir/MiniOzoneClusterImpl-e2a0042e-8006-48d2-a527-f4f759a7d1b5/datanode-2/data/ratis/d9b9f0f8-1571-4c22-9895-bc5bbd1bed6a was interrupted, exiting. There are 0 tasks remaining in the queue.
2019-08-30 07:34:48,294 [main] INFO  impl.RoleInfo (RoleInfo.java:shutdownFollowerState(121)) - c1f9b5f6-3f1a-4e58-b5c3-6c327452b89e: shutdown FollowerState
2019-08-30 07:34:48,295 [ForkJoinPool.commonPool-worker-0] INFO  segmented.SegmentedRaftLogWorker (SegmentedRaftLogWorker.java:close(228)) - acc690db-1381-479d-90ad-8aa346d73f29-SegmentedRaftLogWorker:Storage Directory /workdir/hadoop-ozone/integration-test/target/test-dir/MiniOzoneClusterImpl-e2a0042e-8006-48d2-a527-f4f759a7d1b5/datanode-2/data/ratis/d9b9f0f8-1571-4c22-9895-bc5bbd1bed6a close()
2019-08-30 07:34:48,295 [Thread-431] INFO  impl.FollowerState (FollowerState.java:run(114)) - c1f9b5f6-3f1a-4e58-b5c3-6c327452b89e: FollowerState was interrupted: java.lang.InterruptedException: sleep interrupted
2019-08-30 07:34:48,295 [main] INFO  impl.StateMachineUpdater (StateMachineUpdater.java:stopAndJoin(115)) - StateMachineUpdater:c1f9b5f6-3f1a-4e58-b5c3-6c327452b89e:group-976E926B68E9: set stopIndex = 0
2019-08-30 07:34:48,296 [ForkJoinPool.commonPool-worker-0] INFO  impl.RaftServerImpl (RaftServerImpl.java:lambda$shutdown$3(245)) - acc690db-1381-479d-90ad-8aa346d73f29: shutdown group-976E926B68E9
2019-08-30 07:34:48,298 [main] INFO  impl.RaftServerImpl (ServerState.java:close(394)) - c1f9b5f6-3f1a-4e58-b5c3-6c327452b89e:group-976E926B68E9 closes. The last applied log index is 0
2019-08-30 07:34:48,298 [ForkJoinPool.commonPool-worker-0] INFO  util.JmxRegister (JmxRegister.java:unregister(73)) - Successfully un-registered JMX Bean with object name Ratis:service=RaftServer,group=group-976E926B68E9,id=acc690db-1381-479d-90ad-8aa346d73f29
2019-08-30 07:34:48,299 [c1f9b5f6-3f1a-4e58-b5c3-6c327452b89e-SegmentedRaftLogWorker:Storage Directory /workdir/hadoop-ozone/integration-test/target/test-dir/MiniOzoneClusterImpl-e2a0042e-8006-48d2-a527-f4f759a7d1b5/datanode-5/data/ratis/666ef901-fd1d-4d9d-8c0c-976e926b68e9] INFO  segmented.SegmentedRaftLogWorker (SegmentedRaftLogWorker.java:run(313)) - c1f9b5f6-3f1a-4e58-b5c3-6c327452b89e-SegmentedRaftLogWorker:Storage Directory /workdir/hadoop-ozone/integration-test/target/test-dir/MiniOzoneClusterImpl-e2a0042e-8006-48d2-a527-f4f759a7d1b5/datanode-5/data/ratis/666ef901-fd1d-4d9d-8c0c-976e926b68e9 was interrupted, exiting. There are 0 tasks remaining in the queue.
2019-08-30 07:34:48,299 [ForkJoinPool.commonPool-worker-0] INFO  impl.RoleInfo (RoleInfo.java:shutdownFollowerState(121)) - acc690db-1381-479d-90ad-8aa346d73f29: shutdown FollowerState
2019-08-30 07:34:48,299 [main] INFO  segmented.SegmentedRaftLogWorker (SegmentedRaftLogWorker.java:close(228)) - c1f9b5f6-3f1a-4e58-b5c3-6c327452b89e-SegmentedRaftLogWorker:Storage Directory /workdir/hadoop-ozone/integration-test/target/test-dir/MiniOzoneClusterImpl-e2a0042e-8006-48d2-a527-f4f759a7d1b5/datanode-5/data/ratis/666ef901-fd1d-4d9d-8c0c-976e926b68e9 close()
2019-08-30 07:34:48,299 [Thread-440] INFO  impl.FollowerState (FollowerState.java:run(114)) - acc690db-1381-479d-90ad-8aa346d73f29: FollowerState was interrupted: java.lang.InterruptedException: sleep interrupted
2019-08-30 07:34:48,299 [ForkJoinPool.commonPool-worker-0] INFO  impl.StateMachineUpdater (StateMachineUpdater.java:stopAndJoin(115)) - StateMachineUpdater:acc690db-1381-479d-90ad-8aa346d73f29:group-976E926B68E9: set stopIndex = 0
2019-08-30 07:34:48,302 [ForkJoinPool.commonPool-worker-0] INFO  impl.RaftServerImpl (ServerState.java:close(394)) - acc690db-1381-479d-90ad-8aa346d73f29:group-976E926B68E9 closes. The last applied log index is 0
2019-08-30 07:34:48,303 [acc690db-1381-479d-90ad-8aa346d73f29-SegmentedRaftLogWorker:Storage Directory /workdir/hadoop-ozone/integration-test/target/test-dir/MiniOzoneClusterImpl-e2a0042e-8006-48d2-a527-f4f759a7d1b5/datanode-2/data/ratis/666ef901-fd1d-4d9d-8c0c-976e926b68e9] INFO  segmented.SegmentedRaftLogWorker (SegmentedRaftLogWorker.java:run(313)) - acc690db-1381-479d-90ad-8aa346d73f29-SegmentedRaftLogWorker:Storage Directory /workdir/hadoop-ozone/integration-test/target/test-dir/MiniOzoneClusterImpl-e2a0042e-8006-48d2-a527-f4f759a7d1b5/datanode-2/data/ratis/666ef901-fd1d-4d9d-8c0c-976e926b68e9 was interrupted, exiting. There are 0 tasks remaining in the queue.
2019-08-30 07:34:48,303 [ForkJoinPool.commonPool-worker-0] INFO  segmented.SegmentedRaftLogWorker (SegmentedRaftLogWorker.java:close(228)) - acc690db-1381-479d-90ad-8aa346d73f29-SegmentedRaftLogWorker:Storage Directory /workdir/hadoop-ozone/integration-test/target/test-dir/MiniOzoneClusterImpl-e2a0042e-8006-48d2-a527-f4f759a7d1b5/datanode-2/data/ratis/666ef901-fd1d-4d9d-8c0c-976e926b68e9 close()
2019-08-30 07:34:48,304 [ForkJoinPool.commonPool-worker-0] INFO  server.GrpcService (GrpcService.java:closeImpl(155)) - acc690db-1381-479d-90ad-8aa346d73f29: shutdown server with port 37691 now
2019-08-30 07:34:48,305 [main] INFO  server.GrpcService (GrpcService.java:closeImpl(155)) - c1f9b5f6-3f1a-4e58-b5c3-6c327452b89e: shutdown server with port 46765 now
2019-08-30 07:34:48,309 [grpc-default-executor-1] WARN  server.GrpcServerProtocolService (LogUtils.java:warn(134)) - c1f9b5f6-3f1a-4e58-b5c3-6c327452b89e: appendEntries onError: org.apache.ratis.thirdparty.io.grpc.StatusRuntimeException: CANCELLED: cancelled before receiving half close
2019-08-30 07:34:48,309 [grpc-default-executor-10] WARN  server.GrpcServerProtocolService (LogUtils.java:warn(134)) - acc690db-1381-479d-90ad-8aa346d73f29: appendEntries onError: org.apache.ratis.thirdparty.io.grpc.StatusRuntimeException: CANCELLED: cancelled before receiving half close
2019-08-30 07:34:48,309 [ForkJoinPool.commonPool-worker-0] INFO  server.GrpcService (GrpcService.java:closeImpl(163)) - acc690db-1381-479d-90ad-8aa346d73f29: shutdown server with port 37691 successfully
2019-08-30 07:34:48,309 [grpc-default-executor-9] WARN  server.GrpcServerProtocolService (LogUtils.java:warn(134)) - c1f9b5f6-3f1a-4e58-b5c3-6c327452b89e: appendEntries onError: org.apache.ratis.thirdparty.io.grpc.StatusRuntimeException: CANCELLED: cancelled before receiving half close
2019-08-30 07:34:48,309 [grpc-default-executor-8] WARN  server.GrpcServerProtocolService (LogUtils.java:warn(134)) - acc690db-1381-479d-90ad-8aa346d73f29: appendEntries onError: org.apache.ratis.thirdparty.io.grpc.StatusRuntimeException: CANCELLED: cancelled before receiving half close
2019-08-30 07:34:48,309 [main] INFO  server.GrpcService (GrpcService.java:closeImpl(163)) - c1f9b5f6-3f1a-4e58-b5c3-6c327452b89e: shutdown server with port 46765 successfully
2019-08-30 07:34:48,311 [ForkJoinPool.commonPool-worker-0] INFO  utils.BackgroundService (BackgroundService.java:shutdown(148)) - Shutting down service BlockDeletingService
2019-08-30 07:34:48,311 [grpc-default-executor-9] WARN  server.GrpcLogAppender (LogUtils.java:warn(134)) - a45a7528-2ba0-4bc3-913c-850122b1269f->c1f9b5f6-3f1a-4e58-b5c3-6c327452b89e: Failed appendEntries: org.apache.ratis.thirdparty.io.grpc.StatusRuntimeException: CANCELLED: HTTP/2 error code: CANCEL
Received Rst Stream
2019-08-30 07:34:48,312 [grpc-default-executor-8] WARN  server.GrpcLogAppender (LogUtils.java:warn(134)) - a45a7528-2ba0-4bc3-913c-850122b1269f->acc690db-1381-479d-90ad-8aa346d73f29: Failed appendEntries: org.apache.ratis.thirdparty.io.grpc.StatusRuntimeException: CANCELLED: HTTP/2 error code: CANCEL
Received Rst Stream
2019-08-30 07:34:48,311 [grpc-default-executor-0] WARN  server.GrpcLogAppender (LogUtils.java:warn(134)) - a45a7528-2ba0-4bc3-913c-850122b1269f->c1f9b5f6-3f1a-4e58-b5c3-6c327452b89e: Failed appendEntries: org.apache.ratis.thirdparty.io.grpc.StatusRuntimeException: CANCELLED: HTTP/2 error code: CANCEL
Received Rst Stream
2019-08-30 07:34:48,311 [grpc-default-executor-10] WARN  server.GrpcLogAppender (LogUtils.java:warn(134)) - a45a7528-2ba0-4bc3-913c-850122b1269f->acc690db-1381-479d-90ad-8aa346d73f29: Failed appendEntries: org.apache.ratis.thirdparty.io.grpc.StatusRuntimeException: CANCELLED: HTTP/2 error code: CANCEL
Received Rst Stream
2019-08-30 07:34:48,315 [grpc-default-executor-9] INFO  impl.FollowerInfo (FollowerInfo.java:lambda$new$0(50)) - a45a7528-2ba0-4bc3-913c-850122b1269f->c1f9b5f6-3f1a-4e58-b5c3-6c327452b89e: nextIndex: updateUnconditionally 1 -> 0
2019-08-30 07:34:48,318 [grpc-default-executor-10] INFO  impl.FollowerInfo (FollowerInfo.java:lambda$new$0(50)) - a45a7528-2ba0-4bc3-913c-850122b1269f->acc690db-1381-479d-90ad-8aa346d73f29: nextIndex: updateUnconditionally 1 -> 0
2019-08-30 07:34:48,318 [grpc-default-executor-0] INFO  impl.FollowerInfo (FollowerInfo.java:lambda$new$0(50)) - a45a7528-2ba0-4bc3-913c-850122b1269f->c1f9b5f6-3f1a-4e58-b5c3-6c327452b89e: nextIndex: updateUnconditionally 1 -> 0
2019-08-30 07:34:48,318 [refreshUsed-/workdir/hadoop-ozone/integration-test/target/test-dir/MiniOzoneClusterImpl-e2a0042e-8006-48d2-a527-f4f759a7d1b5/datanode-2/data/containers] WARN  fs.CachingGetSpaceUsed (CachingGetSpaceUsed.java:run(183)) - Thread Interrupted waiting to refresh disk information: sleep interrupted
2019-08-30 07:34:48,318 [grpc-default-executor-8] INFO  impl.FollowerInfo (FollowerInfo.java:lambda$new$0(50)) - a45a7528-2ba0-4bc3-913c-850122b1269f->acc690db-1381-479d-90ad-8aa346d73f29: nextIndex: updateUnconditionally 1 -> 0
2019-08-30 07:34:48,330 [main] INFO  utils.BackgroundService (BackgroundService.java:shutdown(148)) - Shutting down service BlockDeletingService
2019-08-30 07:34:48,330 [refreshUsed-/workdir/hadoop-ozone/integration-test/target/test-dir/MiniOzoneClusterImpl-e2a0042e-8006-48d2-a527-f4f759a7d1b5/datanode-5/data/containers] WARN  fs.CachingGetSpaceUsed (CachingGetSpaceUsed.java:run(183)) - Thread Interrupted waiting to refresh disk information: sleep interrupted
2019-08-30 07:34:48,353 [ForkJoinPool.commonPool-worker-0] INFO  statemachine.DatanodeStateMachine (DatanodeStateMachine.java:stopDaemon(395)) - Ozone container server stopped.
2019-08-30 07:34:48,353 [grpc-default-executor-9] WARN  server.GrpcLogAppender (LogUtils.java:warn(134)) - a45a7528-2ba0-4bc3-913c-850122b1269f->acc690db-1381-479d-90ad-8aa346d73f29: Failed appendEntries: org.apache.ratis.thirdparty.io.grpc.StatusRuntimeException: UNAVAILABLE: io exception
2019-08-30 07:34:48,353 [grpc-default-executor-10] WARN  server.GrpcLogAppender (LogUtils.java:warn(134)) - a45a7528-2ba0-4bc3-913c-850122b1269f->c1f9b5f6-3f1a-4e58-b5c3-6c327452b89e: Failed appendEntries: org.apache.ratis.thirdparty.io.grpc.StatusRuntimeException: UNAVAILABLE: io exception
2019-08-30 07:34:48,359 [grpc-default-executor-9] INFO  impl.FollowerInfo (FollowerInfo.java:lambda$new$0(50)) - a45a7528-2ba0-4bc3-913c-850122b1269f->acc690db-1381-479d-90ad-8aa346d73f29: nextIndex: updateUnconditionally 0 -> 0
2019-08-30 07:34:48,359 [grpc-default-executor-10] INFO  impl.FollowerInfo (FollowerInfo.java:lambda$new$0(50)) - a45a7528-2ba0-4bc3-913c-850122b1269f->c1f9b5f6-3f1a-4e58-b5c3-6c327452b89e: nextIndex: updateUnconditionally 0 -> 0
2019-08-30 07:34:48,367 [main] INFO  statemachine.DatanodeStateMachine (DatanodeStateMachine.java:stopDaemon(395)) - Ozone container server stopped.
2019-08-30 07:34:48,370 [ForkJoinPool.commonPool-worker-0] INFO  handler.ContextHandler (ContextHandler.java:doStop(910)) - Stopped o.e.j.w.WebAppContext@5b1e88f{/,null,UNAVAILABLE}{/hddsDatanode}
2019-08-30 07:34:48,370 [main] INFO  handler.ContextHandler (ContextHandler.java:doStop(910)) - Stopped o.e.j.w.WebAppContext@53d30d23{/,null,UNAVAILABLE}{/hddsDatanode}
2019-08-30 07:34:48,371 [ForkJoinPool.commonPool-worker-0] INFO  server.AbstractConnector (AbstractConnector.java:doStop(318)) - Stopped ServerConnector@340cb97f{HTTP/1.1,[http/1.1]}{0.0.0.0:0}
2019-08-30 07:34:48,371 [main] INFO  server.AbstractConnector (AbstractConnector.java:doStop(318)) - Stopped ServerConnector@44faa4f2{HTTP/1.1,[http/1.1]}{0.0.0.0:0}
2019-08-30 07:34:48,373 [ForkJoinPool.commonPool-worker-0] INFO  handler.ContextHandler (ContextHandler.java:doStop(910)) - Stopped o.e.j.s.ServletContextHandler@5a05dd30{/static,jar:file:/home/user/.m2/repository/org/apache/hadoop/hadoop-hdds-container-service/0.5.0-SNAPSHOT/hadoop-hdds-container-service-0.5.0-SNAPSHOT.jar!/webapps/static,UNAVAILABLE}
2019-08-30 07:34:48,373 [main] INFO  handler.ContextHandler (ContextHandler.java:doStop(910)) - Stopped o.e.j.s.ServletContextHandler@2eb1c615{/static,jar:file:/home/user/.m2/repository/org/apache/hadoop/hadoop-hdds-container-service/0.5.0-SNAPSHOT/hadoop-hdds-container-service-0.5.0-SNAPSHOT.jar!/webapps/static,UNAVAILABLE}
2019-08-30 07:34:48,376 [ForkJoinPool.commonPool-worker-0] INFO  handler.ContextHandler (ContextHandler.java:doStop(910)) - Stopped o.e.j.s.ServletContextHandler@17c0274c{/logs,file:///workdir/hadoop-ozone/integration-test/target/log,UNAVAILABLE}
2019-08-30 07:34:48,376 [main] INFO  handler.ContextHandler (ContextHandler.java:doStop(910)) - Stopped o.e.j.s.ServletContextHandler@38087342{/logs,file:///workdir/hadoop-ozone/integration-test/target/log,UNAVAILABLE}
2019-08-30 07:34:48,377 [ForkJoinPool.commonPool-worker-0] INFO  datanode.ObjectStoreHandler (ObjectStoreHandler.java:close(155)) - Closing ObjectStoreHandler.
2019-08-30 07:34:48,377 [main] INFO  datanode.ObjectStoreHandler (ObjectStoreHandler.java:close(155)) - Closing ObjectStoreHandler.
2019-08-30 07:34:48,377 [ForkJoinPool.commonPool-worker-0] INFO  ozone.HddsDatanodeService (HddsDatanodeService.java:stop(451)) - Stopped plug-in org.apache.hadoop.ozone.web.OzoneHddsDatanodeService@3711c71c
2019-08-30 07:34:48,378 [main] INFO  ozone.HddsDatanodeService (HddsDatanodeService.java:stop(451)) - Stopped plug-in org.apache.hadoop.ozone.web.OzoneHddsDatanodeService@47f2c722
2019-08-30 07:34:48,405 | INFO  | SCMAudit | user=jenkins1000 | ip=192.168.5.156 | op=SEND_HEARTBEAT {datanodeUUID=a45a7528-2ba0-4bc3-913c-850122b1269f, command=[]} | ret=SUCCESS |  
2019-08-30 07:34:48,413 | INFO  | SCMAudit | user=jenkins1000 | ip=192.168.5.156 | op=SEND_HEARTBEAT {datanodeUUID=28af1cec-03f6-4f1e-ae7b-b0964308b7ec, command=[]} | ret=SUCCESS |  
2019-08-30 07:34:48,583 [grpc-default-executor-9] WARN  server.GrpcLogAppender (LogUtils.java:warn(134)) - a45a7528-2ba0-4bc3-913c-850122b1269f->c1f9b5f6-3f1a-4e58-b5c3-6c327452b89e: Failed appendEntries: org.apache.ratis.thirdparty.io.grpc.StatusRuntimeException: UNAVAILABLE: io exception
2019-08-30 07:34:48,585 [grpc-default-executor-9] INFO  impl.FollowerInfo (FollowerInfo.java:lambda$new$0(50)) - a45a7528-2ba0-4bc3-913c-850122b1269f->c1f9b5f6-3f1a-4e58-b5c3-6c327452b89e: nextIndex: updateUnconditionally 0 -> 0
2019-08-30 07:34:48,585 [grpc-default-executor-0] WARN  server.GrpcLogAppender (LogUtils.java:warn(134)) - a45a7528-2ba0-4bc3-913c-850122b1269f->acc690db-1381-479d-90ad-8aa346d73f29: Failed appendEntries: org.apache.ratis.thirdparty.io.grpc.StatusRuntimeException: UNAVAILABLE: io exception
2019-08-30 07:34:48,587 [grpc-default-executor-0] INFO  impl.FollowerInfo (FollowerInfo.java:lambda$new$0(50)) - a45a7528-2ba0-4bc3-913c-850122b1269f->acc690db-1381-479d-90ad-8aa346d73f29: nextIndex: updateUnconditionally 0 -> 0
2019-08-30 07:34:48,601 [Datanode State Machine Thread - 0] INFO  statemachine.DatanodeStateMachine (DatanodeStateMachine.java:lambda$startDaemon$0(350)) - Ozone container server started.
2019-08-30 07:34:48,806 | INFO  | SCMAudit | user=jenkins1000 | ip=192.168.5.156 | op=SEND_HEARTBEAT {datanodeUUID=cb5a5d16-88a3-41b0-858f-6232e86de455, command=[]} | ret=SUCCESS |  
2019-08-30 07:34:48,845 [grpc-default-executor-10] WARN  server.GrpcLogAppender (LogUtils.java:warn(134)) - a45a7528-2ba0-4bc3-913c-850122b1269f->c1f9b5f6-3f1a-4e58-b5c3-6c327452b89e: Failed appendEntries: org.apache.ratis.thirdparty.io.grpc.StatusRuntimeException: UNAVAILABLE: io exception
2019-08-30 07:34:48,845 [grpc-default-executor-1] WARN  server.GrpcLogAppender (LogUtils.java:warn(134)) - a45a7528-2ba0-4bc3-913c-850122b1269f->acc690db-1381-479d-90ad-8aa346d73f29: Failed appendEntries: org.apache.ratis.thirdparty.io.grpc.StatusRuntimeException: UNAVAILABLE: io exception
2019-08-30 07:34:48,848 [grpc-default-executor-10] INFO  impl.FollowerInfo (FollowerInfo.java:lambda$new$0(50)) - a45a7528-2ba0-4bc3-913c-850122b1269f->c1f9b5f6-3f1a-4e58-b5c3-6c327452b89e: nextIndex: updateUnconditionally 0 -> 0
2019-08-30 07:34:48,851 [grpc-default-executor-1] INFO  impl.FollowerInfo (FollowerInfo.java:lambda$new$0(50)) - a45a7528-2ba0-4bc3-913c-850122b1269f->acc690db-1381-479d-90ad-8aa346d73f29: nextIndex: updateUnconditionally 0 -> 0
2019-08-30 07:34:48,982 | INFO  | SCMAudit | user=jenkins1000 | ip=192.168.5.156 | op=SEND_HEARTBEAT {datanodeUUID=4a5ae11c-f2ff-4cf6-9dca-760126bc39ff, command=[]} | ret=SUCCESS |  
2019-08-30 07:34:49,082 [grpc-default-executor-9] WARN  server.GrpcLogAppender (LogUtils.java:warn(134)) - a45a7528-2ba0-4bc3-913c-850122b1269f->c1f9b5f6-3f1a-4e58-b5c3-6c327452b89e: Failed appendEntries: org.apache.ratis.thirdparty.io.grpc.StatusRuntimeException: UNAVAILABLE: io exception
2019-08-30 07:34:49,087 [grpc-default-executor-9] INFO  impl.FollowerInfo (FollowerInfo.java:lambda$new$0(50)) - a45a7528-2ba0-4bc3-913c-850122b1269f->c1f9b5f6-3f1a-4e58-b5c3-6c327452b89e: nextIndex: updateUnconditionally 0 -> 0
2019-08-30 07:34:49,089 [grpc-default-executor-10] WARN  server.GrpcLogAppender (LogUtils.java:warn(134)) - a45a7528-2ba0-4bc3-913c-850122b1269f->acc690db-1381-479d-90ad-8aa346d73f29: Failed appendEntries: org.apache.ratis.thirdparty.io.grpc.StatusRuntimeException: UNAVAILABLE: io exception
2019-08-30 07:34:49,096 [grpc-default-executor-10] INFO  impl.FollowerInfo (FollowerInfo.java:lambda$new$0(50)) - a45a7528-2ba0-4bc3-913c-850122b1269f->acc690db-1381-479d-90ad-8aa346d73f29: nextIndex: updateUnconditionally 0 -> 0
2019-08-30 07:34:49,162 | INFO  | SCMAudit | user=jenkins1000 | ip=192.168.5.156 | op=SEND_HEARTBEAT {datanodeUUID=cf19ac65-0b70-4753-9cfc-44acb7cd902c, command=[]} | ret=SUCCESS |  
2019-08-30 07:34:49,195 | INFO  | SCMAudit | user=jenkins1000 | ip=192.168.5.156 | op=SEND_HEARTBEAT {datanodeUUID=f20ba990-a1ec-4251-b44f-b0954e9459c1, command=[]} | ret=SUCCESS |  
2019-08-30 07:34:49,204 [Datanode State Machine Thread - 0] INFO  statemachine.DatanodeStateMachine (DatanodeStateMachine.java:lambda$startDaemon$0(350)) - Ozone container server started.
2019-08-30 07:34:49,358 [grpc-default-executor-8] WARN  server.GrpcLogAppender (LogUtils.java:warn(134)) - a45a7528-2ba0-4bc3-913c-850122b1269f->c1f9b5f6-3f1a-4e58-b5c3-6c327452b89e: Failed appendEntries: org.apache.ratis.thirdparty.io.grpc.StatusRuntimeException: UNAVAILABLE: io exception
2019-08-30 07:34:49,358 [grpc-default-executor-3] WARN  server.GrpcLogAppender (LogUtils.java:warn(134)) - a45a7528-2ba0-4bc3-913c-850122b1269f->acc690db-1381-479d-90ad-8aa346d73f29: Failed appendEntries: org.apache.ratis.thirdparty.io.grpc.StatusRuntimeException: UNAVAILABLE: io exception
2019-08-30 07:34:49,363 [grpc-default-executor-8] INFO  impl.FollowerInfo (FollowerInfo.java:lambda$new$0(50)) - a45a7528-2ba0-4bc3-913c-850122b1269f->c1f9b5f6-3f1a-4e58-b5c3-6c327452b89e: nextIndex: updateUnconditionally 0 -> 0
2019-08-30 07:34:49,363 [grpc-default-executor-3] INFO  impl.FollowerInfo (FollowerInfo.java:lambda$new$0(50)) - a45a7528-2ba0-4bc3-913c-850122b1269f->acc690db-1381-479d-90ad-8aa346d73f29: nextIndex: updateUnconditionally 0 -> 0
2019-08-30 07:34:49,405 | INFO  | SCMAudit | user=jenkins1000 | ip=192.168.5.156 | op=SEND_HEARTBEAT {datanodeUUID=a45a7528-2ba0-4bc3-913c-850122b1269f, command=[]} | ret=SUCCESS |  
2019-08-30 07:34:49,414 | INFO  | SCMAudit | user=jenkins1000 | ip=192.168.5.156 | op=SEND_HEARTBEAT {datanodeUUID=28af1cec-03f6-4f1e-ae7b-b0964308b7ec, command=[]} | ret=SUCCESS |  
2019-08-30 07:34:49,426 [Thread-450] INFO  impl.FollowerState (FollowerState.java:run(106)) - a45a7528-2ba0-4bc3-913c-850122b1269f:group-C640FB00525B changes to CANDIDATE, lastRpcTime:1354, electionTimeout:1035ms
2019-08-30 07:34:49,426 [Thread-450] INFO  impl.RoleInfo (RoleInfo.java:shutdownFollowerState(121)) - a45a7528-2ba0-4bc3-913c-850122b1269f: shutdown FollowerState
2019-08-30 07:34:49,426 [Thread-450] INFO  impl.RaftServerImpl (RaftServerImpl.java:setRole(171)) - a45a7528-2ba0-4bc3-913c-850122b1269f:group-C640FB00525B changes role from FOLLOWER to CANDIDATE at term 1 for changeToCandidate
2019-08-30 07:34:49,427 [Thread-450] INFO  impl.RoleInfo (RoleInfo.java:updateAndGet(143)) - a45a7528-2ba0-4bc3-913c-850122b1269f: start LeaderElection
2019-08-30 07:34:49,430 [a45a7528-2ba0-4bc3-913c-850122b1269f:group-C640FB00525B:LeaderElection33] INFO  impl.RaftServerImpl (ServerState.java:setLeader(263)) - a45a7528-2ba0-4bc3-913c-850122b1269f:group-C640FB00525B change Leader from acc690db-1381-479d-90ad-8aa346d73f29 to null at term 1 for initElection
2019-08-30 07:34:49,505 [Thread-483] INFO  impl.FollowerState (FollowerState.java:run(106)) - a45a7528-2ba0-4bc3-913c-850122b1269f:group-F9B49111EF33 changes to CANDIDATE, lastRpcTime:1671, electionTimeout:1014ms
2019-08-30 07:34:49,506 [Thread-483] INFO  impl.RoleInfo (RoleInfo.java:shutdownFollowerState(121)) - a45a7528-2ba0-4bc3-913c-850122b1269f: shutdown FollowerState
2019-08-30 07:34:49,506 [Thread-483] INFO  impl.RaftServerImpl (RaftServerImpl.java:setRole(171)) - a45a7528-2ba0-4bc3-913c-850122b1269f:group-F9B49111EF33 changes role from FOLLOWER to CANDIDATE at term 1 for changeToCandidate
2019-08-30 07:34:49,506 [Thread-483] INFO  impl.RoleInfo (RoleInfo.java:updateAndGet(143)) - a45a7528-2ba0-4bc3-913c-850122b1269f: start LeaderElection
2019-08-30 07:34:49,509 [a45a7528-2ba0-4bc3-913c-850122b1269f:group-F9B49111EF33:LeaderElection34] INFO  impl.RaftServerImpl (ServerState.java:setLeader(263)) - a45a7528-2ba0-4bc3-913c-850122b1269f:group-F9B49111EF33 change Leader from acc690db-1381-479d-90ad-8aa346d73f29 to null at term 1 for initElection
2019-08-30 07:34:49,558 [Thread-395] INFO  impl.FollowerState (FollowerState.java:run(106)) - a45a7528-2ba0-4bc3-913c-850122b1269f:group-70018C5AE2E4 changes to CANDIDATE, lastRpcTime:1705, electionTimeout:1173ms
2019-08-30 07:34:49,558 [Thread-395] INFO  impl.RoleInfo (RoleInfo.java:shutdownFollowerState(121)) - a45a7528-2ba0-4bc3-913c-850122b1269f: shutdown FollowerState
2019-08-30 07:34:49,558 [Thread-395] INFO  impl.RaftServerImpl (RaftServerImpl.java:setRole(171)) - a45a7528-2ba0-4bc3-913c-850122b1269f:group-70018C5AE2E4 changes role from FOLLOWER to CANDIDATE at term 1 for changeToCandidate
2019-08-30 07:34:49,558 [Thread-395] INFO  impl.RoleInfo (RoleInfo.java:updateAndGet(143)) - a45a7528-2ba0-4bc3-913c-850122b1269f: start LeaderElection
2019-08-30 07:34:49,559 [a45a7528-2ba0-4bc3-913c-850122b1269f:group-70018C5AE2E4:LeaderElection35] INFO  impl.RaftServerImpl (ServerState.java:setLeader(263)) - a45a7528-2ba0-4bc3-913c-850122b1269f:group-70018C5AE2E4 change Leader from acc690db-1381-479d-90ad-8aa346d73f29 to null at term 1 for initElection
2019-08-30 07:34:49,584 [grpc-default-executor-10] WARN  server.GrpcLogAppender (LogUtils.java:warn(134)) - a45a7528-2ba0-4bc3-913c-850122b1269f->c1f9b5f6-3f1a-4e58-b5c3-6c327452b89e: Failed appendEntries: org.apache.ratis.thirdparty.io.grpc.StatusRuntimeException: UNAVAILABLE: io exception
2019-08-30 07:34:49,587 [grpc-default-executor-10] INFO  impl.FollowerInfo (FollowerInfo.java:lambda$new$0(50)) - a45a7528-2ba0-4bc3-913c-850122b1269f->c1f9b5f6-3f1a-4e58-b5c3-6c327452b89e: nextIndex: updateUnconditionally 0 -> 0
2019-08-30 07:34:49,591 [grpc-default-executor-8] WARN  server.GrpcLogAppender (LogUtils.java:warn(134)) - a45a7528-2ba0-4bc3-913c-850122b1269f->acc690db-1381-479d-90ad-8aa346d73f29: Failed appendEntries: org.apache.ratis.thirdparty.io.grpc.StatusRuntimeException: UNAVAILABLE: io exception
2019-08-30 07:34:49,594 [grpc-default-executor-8] INFO  impl.FollowerInfo (FollowerInfo.java:lambda$new$0(50)) - a45a7528-2ba0-4bc3-913c-850122b1269f->acc690db-1381-479d-90ad-8aa346d73f29: nextIndex: updateUnconditionally 0 -> 0
2019-08-30 07:34:49,755 [Thread-498] INFO  impl.FollowerState (FollowerState.java:run(106)) - a45a7528-2ba0-4bc3-913c-850122b1269f:group-186677E0C462 changes to CANDIDATE, lastRpcTime:1923, electionTimeout:1106ms
2019-08-30 07:34:49,755 [Thread-498] INFO  impl.RoleInfo (RoleInfo.java:shutdownFollowerState(121)) - a45a7528-2ba0-4bc3-913c-850122b1269f: shutdown FollowerState
2019-08-30 07:34:49,755 [Thread-498] INFO  impl.RaftServerImpl (RaftServerImpl.java:setRole(171)) - a45a7528-2ba0-4bc3-913c-850122b1269f:group-186677E0C462 changes role from FOLLOWER to CANDIDATE at term 1 for changeToCandidate
2019-08-30 07:34:49,756 [Thread-498] INFO  impl.RoleInfo (RoleInfo.java:updateAndGet(143)) - a45a7528-2ba0-4bc3-913c-850122b1269f: start LeaderElection
2019-08-30 07:34:49,760 [a45a7528-2ba0-4bc3-913c-850122b1269f:group-186677E0C462:LeaderElection36] INFO  impl.RaftServerImpl (ServerState.java:setLeader(263)) - a45a7528-2ba0-4bc3-913c-850122b1269f:group-186677E0C462 change Leader from acc690db-1381-479d-90ad-8aa346d73f29 to null at term 1 for initElection
2019-08-30 07:34:49,806 | INFO  | SCMAudit | user=jenkins1000 | ip=192.168.5.156 | op=SEND_HEARTBEAT {datanodeUUID=cb5a5d16-88a3-41b0-858f-6232e86de455, command=[]} | ret=SUCCESS |  
2019-08-30 07:34:49,862 [grpc-default-executor-8] WARN  server.GrpcLogAppender (LogUtils.java:warn(134)) - a45a7528-2ba0-4bc3-913c-850122b1269f->c1f9b5f6-3f1a-4e58-b5c3-6c327452b89e: Failed appendEntries: org.apache.ratis.thirdparty.io.grpc.StatusRuntimeException: UNAVAILABLE: io exception
2019-08-30 07:34:49,862 [grpc-default-executor-1] WARN  server.GrpcLogAppender (LogUtils.java:warn(134)) - a45a7528-2ba0-4bc3-913c-850122b1269f->acc690db-1381-479d-90ad-8aa346d73f29: Failed appendEntries: org.apache.ratis.thirdparty.io.grpc.StatusRuntimeException: UNAVAILABLE: io exception
2019-08-30 07:34:49,867 [grpc-default-executor-8] INFO  impl.FollowerInfo (FollowerInfo.java:lambda$new$0(50)) - a45a7528-2ba0-4bc3-913c-850122b1269f->c1f9b5f6-3f1a-4e58-b5c3-6c327452b89e: nextIndex: updateUnconditionally 0 -> 0
2019-08-30 07:34:49,869 [grpc-default-executor-1] INFO  impl.FollowerInfo (FollowerInfo.java:lambda$new$0(50)) - a45a7528-2ba0-4bc3-913c-850122b1269f->acc690db-1381-479d-90ad-8aa346d73f29: nextIndex: updateUnconditionally 0 -> 0
2019-08-30 07:34:49,982 | INFO  | SCMAudit | user=jenkins1000 | ip=192.168.5.156 | op=SEND_HEARTBEAT {datanodeUUID=4a5ae11c-f2ff-4cf6-9dca-760126bc39ff, command=[]} | ret=SUCCESS |  
2019-08-30 07:34:50,085 [grpc-default-executor-10] WARN  server.GrpcLogAppender (LogUtils.java:warn(134)) - a45a7528-2ba0-4bc3-913c-850122b1269f->c1f9b5f6-3f1a-4e58-b5c3-6c327452b89e: Failed appendEntries: org.apache.ratis.thirdparty.io.grpc.StatusRuntimeException: UNAVAILABLE: io exception
2019-08-30 07:34:50,096 [grpc-default-executor-10] INFO  impl.FollowerInfo (FollowerInfo.java:lambda$new$0(50)) - a45a7528-2ba0-4bc3-913c-850122b1269f->c1f9b5f6-3f1a-4e58-b5c3-6c327452b89e: nextIndex: updateUnconditionally 0 -> 0
2019-08-30 07:34:50,098 [grpc-default-executor-8] WARN  server.GrpcLogAppender (LogUtils.java:warn(134)) - a45a7528-2ba0-4bc3-913c-850122b1269f->acc690db-1381-479d-90ad-8aa346d73f29: Failed appendEntries: org.apache.ratis.thirdparty.io.grpc.StatusRuntimeException: UNAVAILABLE: io exception
2019-08-30 07:34:50,100 [grpc-default-executor-8] INFO  impl.FollowerInfo (FollowerInfo.java:lambda$new$0(50)) - a45a7528-2ba0-4bc3-913c-850122b1269f->acc690db-1381-479d-90ad-8aa346d73f29: nextIndex: updateUnconditionally 0 -> 0
2019-08-30 07:34:50,162 | INFO  | SCMAudit | user=jenkins1000 | ip=192.168.5.156 | op=SEND_HEARTBEAT {datanodeUUID=cf19ac65-0b70-4753-9cfc-44acb7cd902c, command=[]} | ret=SUCCESS |  
2019-08-30 07:34:50,194 | INFO  | SCMAudit | user=jenkins1000 | ip=192.168.5.156 | op=SEND_HEARTBEAT {datanodeUUID=f20ba990-a1ec-4251-b44f-b0954e9459c1, command=[]} | ret=SUCCESS |  
2019-08-30 07:34:50,363 [grpc-default-executor-3] WARN  server.GrpcLogAppender (LogUtils.java:warn(134)) - a45a7528-2ba0-4bc3-913c-850122b1269f->acc690db-1381-479d-90ad-8aa346d73f29: Failed appendEntries: org.apache.ratis.thirdparty.io.grpc.StatusRuntimeException: UNAVAILABLE: io exception
2019-08-30 07:34:50,363 [grpc-default-executor-9] WARN  server.GrpcLogAppender (LogUtils.java:warn(134)) - a45a7528-2ba0-4bc3-913c-850122b1269f->c1f9b5f6-3f1a-4e58-b5c3-6c327452b89e: Failed appendEntries: org.apache.ratis.thirdparty.io.grpc.StatusRuntimeException: UNAVAILABLE: io exception
2019-08-30 07:34:50,368 [grpc-default-executor-3] INFO  impl.FollowerInfo (FollowerInfo.java:lambda$new$0(50)) - a45a7528-2ba0-4bc3-913c-850122b1269f->acc690db-1381-479d-90ad-8aa346d73f29: nextIndex: updateUnconditionally 0 -> 0
2019-08-30 07:34:50,371 [grpc-default-executor-9] INFO  impl.FollowerInfo (FollowerInfo.java:lambda$new$0(50)) - a45a7528-2ba0-4bc3-913c-850122b1269f->c1f9b5f6-3f1a-4e58-b5c3-6c327452b89e: nextIndex: updateUnconditionally 0 -> 0
2019-08-30 07:34:50,406 | INFO  | SCMAudit | user=jenkins1000 | ip=192.168.5.156 | op=SEND_HEARTBEAT {datanodeUUID=a45a7528-2ba0-4bc3-913c-850122b1269f, command=[]} | ret=SUCCESS |  
2019-08-30 07:34:50,413 | INFO  | SCMAudit | user=jenkins1000 | ip=192.168.5.156 | op=SEND_HEARTBEAT {datanodeUUID=28af1cec-03f6-4f1e-ae7b-b0964308b7ec, command=[]} | ret=SUCCESS |  
2019-08-30 07:34:50,586 [grpc-default-executor-10] WARN  server.GrpcLogAppender (LogUtils.java:warn(134)) - a45a7528-2ba0-4bc3-913c-850122b1269f->c1f9b5f6-3f1a-4e58-b5c3-6c327452b89e: Failed appendEntries: org.apache.ratis.thirdparty.io.grpc.StatusRuntimeException: UNAVAILABLE: io exception
2019-08-30 07:34:50,590 [grpc-default-executor-10] INFO  impl.FollowerInfo (FollowerInfo.java:lambda$new$0(50)) - a45a7528-2ba0-4bc3-913c-850122b1269f->c1f9b5f6-3f1a-4e58-b5c3-6c327452b89e: nextIndex: updateUnconditionally 0 -> 0
2019-08-30 07:34:50,613 [grpc-default-executor-3] WARN  server.GrpcLogAppender (LogUtils.java:warn(134)) - a45a7528-2ba0-4bc3-913c-850122b1269f->acc690db-1381-479d-90ad-8aa346d73f29: Failed appendEntries: org.apache.ratis.thirdparty.io.grpc.StatusRuntimeException: UNAVAILABLE: io exception
2019-08-30 07:34:50,615 [grpc-default-executor-3] INFO  impl.FollowerInfo (FollowerInfo.java:lambda$new$0(50)) - a45a7528-2ba0-4bc3-913c-850122b1269f->acc690db-1381-479d-90ad-8aa346d73f29: nextIndex: updateUnconditionally 0 -> 0
2019-08-30 07:34:50,807 | INFO  | SCMAudit | user=jenkins1000 | ip=192.168.5.156 | op=SEND_HEARTBEAT {datanodeUUID=cb5a5d16-88a3-41b0-858f-6232e86de455, command=[]} | ret=SUCCESS |  
2019-08-30 07:34:50,863 [grpc-default-executor-1] WARN  server.GrpcLogAppender (LogUtils.java:warn(134)) - a45a7528-2ba0-4bc3-913c-850122b1269f->c1f9b5f6-3f1a-4e58-b5c3-6c327452b89e: Failed appendEntries: org.apache.ratis.thirdparty.io.grpc.StatusRuntimeException: UNAVAILABLE: io exception
2019-08-30 07:34:50,863 [grpc-default-executor-10] WARN  server.GrpcLogAppender (LogUtils.java:warn(134)) - a45a7528-2ba0-4bc3-913c-850122b1269f->acc690db-1381-479d-90ad-8aa346d73f29: Failed appendEntries: org.apache.ratis.thirdparty.io.grpc.StatusRuntimeException: UNAVAILABLE: io exception
2019-08-30 07:34:50,868 [grpc-default-executor-1] INFO  impl.FollowerInfo (FollowerInfo.java:lambda$new$0(50)) - a45a7528-2ba0-4bc3-913c-850122b1269f->c1f9b5f6-3f1a-4e58-b5c3-6c327452b89e: nextIndex: updateUnconditionally 0 -> 0
2019-08-30 07:34:50,868 [grpc-default-executor-10] INFO  impl.FollowerInfo (FollowerInfo.java:lambda$new$0(50)) - a45a7528-2ba0-4bc3-913c-850122b1269f->acc690db-1381-479d-90ad-8aa346d73f29: nextIndex: updateUnconditionally 0 -> 0
2019-08-30 07:34:50,982 | INFO  | SCMAudit | user=jenkins1000 | ip=192.168.5.156 | op=SEND_HEARTBEAT {datanodeUUID=4a5ae11c-f2ff-4cf6-9dca-760126bc39ff, command=[]} | ret=SUCCESS |  
2019-08-30 07:34:51,087 [grpc-default-executor-8] WARN  server.GrpcLogAppender (LogUtils.java:warn(134)) - a45a7528-2ba0-4bc3-913c-850122b1269f->c1f9b5f6-3f1a-4e58-b5c3-6c327452b89e: Failed appendEntries: org.apache.ratis.thirdparty.io.grpc.StatusRuntimeException: UNAVAILABLE: io exception
2019-08-30 07:34:51,090 [grpc-default-executor-8] INFO  impl.FollowerInfo (FollowerInfo.java:lambda$new$0(50)) - a45a7528-2ba0-4bc3-913c-850122b1269f->c1f9b5f6-3f1a-4e58-b5c3-6c327452b89e: nextIndex: updateUnconditionally 0 -> 0
2019-08-30 07:34:51,100 [grpc-default-executor-1] WARN  server.GrpcLogAppender (LogUtils.java:warn(134)) - a45a7528-2ba0-4bc3-913c-850122b1269f->acc690db-1381-479d-90ad-8aa346d73f29: Failed appendEntries: org.apache.ratis.thirdparty.io.grpc.StatusRuntimeException: UNAVAILABLE: io exception
2019-08-30 07:34:51,103 [grpc-default-executor-1] INFO  impl.FollowerInfo (FollowerInfo.java:lambda$new$0(50)) - a45a7528-2ba0-4bc3-913c-850122b1269f->acc690db-1381-479d-90ad-8aa346d73f29: nextIndex: updateUnconditionally 0 -> 0
2019-08-30 07:34:51,162 | INFO  | SCMAudit | user=jenkins1000 | ip=192.168.5.156 | op=SEND_HEARTBEAT {datanodeUUID=cf19ac65-0b70-4753-9cfc-44acb7cd902c, command=[]} | ret=SUCCESS |  
2019-08-30 07:34:51,194 | INFO  | SCMAudit | user=jenkins1000 | ip=192.168.5.156 | op=SEND_HEARTBEAT {datanodeUUID=f20ba990-a1ec-4251-b44f-b0954e9459c1, command=[]} | ret=SUCCESS |  
2019-08-30 07:34:51,364 [grpc-default-executor-10] WARN  server.GrpcLogAppender (LogUtils.java:warn(134)) - a45a7528-2ba0-4bc3-913c-850122b1269f->acc690db-1381-479d-90ad-8aa346d73f29: Failed appendEntries: org.apache.ratis.thirdparty.io.grpc.StatusRuntimeException: UNAVAILABLE: io exception
2019-08-30 07:34:51,364 [grpc-default-executor-1] WARN  server.GrpcLogAppender (LogUtils.java:warn(134)) - a45a7528-2ba0-4bc3-913c-850122b1269f->c1f9b5f6-3f1a-4e58-b5c3-6c327452b89e: Failed appendEntries: org.apache.ratis.thirdparty.io.grpc.StatusRuntimeException: UNAVAILABLE: io exception
2019-08-30 07:34:51,367 [grpc-default-executor-10] INFO  impl.FollowerInfo (FollowerInfo.java:lambda$new$0(50)) - a45a7528-2ba0-4bc3-913c-850122b1269f->acc690db-1381-479d-90ad-8aa346d73f29: nextIndex: updateUnconditionally 0 -> 0
2019-08-30 07:34:51,368 [grpc-default-executor-1] INFO  impl.FollowerInfo (FollowerInfo.java:lambda$new$0(50)) - a45a7528-2ba0-4bc3-913c-850122b1269f->c1f9b5f6-3f1a-4e58-b5c3-6c327452b89e: nextIndex: updateUnconditionally 0 -> 0
2019-08-30 07:34:51,405 | INFO  | SCMAudit | user=jenkins1000 | ip=192.168.5.156 | op=SEND_HEARTBEAT {datanodeUUID=a45a7528-2ba0-4bc3-913c-850122b1269f, command=[]} | ret=SUCCESS |  
2019-08-30 07:34:51,413 | INFO  | SCMAudit | user=jenkins1000 | ip=192.168.5.156 | op=SEND_HEARTBEAT {datanodeUUID=28af1cec-03f6-4f1e-ae7b-b0964308b7ec, command=[]} | ret=SUCCESS |  
2019-08-30 07:34:51,588 [grpc-default-executor-8] WARN  server.GrpcLogAppender (LogUtils.java:warn(134)) - a45a7528-2ba0-4bc3-913c-850122b1269f->c1f9b5f6-3f1a-4e58-b5c3-6c327452b89e: Failed appendEntries: org.apache.ratis.thirdparty.io.grpc.StatusRuntimeException: UNAVAILABLE: io exception
2019-08-30 07:34:51,592 [grpc-default-executor-8] INFO  impl.FollowerInfo (FollowerInfo.java:lambda$new$0(50)) - a45a7528-2ba0-4bc3-913c-850122b1269f->c1f9b5f6-3f1a-4e58-b5c3-6c327452b89e: nextIndex: updateUnconditionally 0 -> 0
2019-08-30 07:34:51,600 [grpc-default-executor-10] WARN  server.GrpcLogAppender (LogUtils.java:warn(134)) - a45a7528-2ba0-4bc3-913c-850122b1269f->acc690db-1381-479d-90ad-8aa346d73f29: Failed appendEntries: org.apache.ratis.thirdparty.io.grpc.StatusRuntimeException: UNAVAILABLE: io exception
2019-08-30 07:34:51,603 [grpc-default-executor-10] INFO  impl.FollowerInfo (FollowerInfo.java:lambda$new$0(50)) - a45a7528-2ba0-4bc3-913c-850122b1269f->acc690db-1381-479d-90ad-8aa346d73f29: nextIndex: updateUnconditionally 0 -> 0
2019-08-30 07:34:51,807 | INFO  | SCMAudit | user=jenkins1000 | ip=192.168.5.156 | op=SEND_HEARTBEAT {datanodeUUID=cb5a5d16-88a3-41b0-858f-6232e86de455, command=[]} | ret=SUCCESS |  
2019-08-30 07:34:51,865 [grpc-default-executor-10] WARN  server.GrpcLogAppender (LogUtils.java:warn(134)) - a45a7528-2ba0-4bc3-913c-850122b1269f->acc690db-1381-479d-90ad-8aa346d73f29: Failed appendEntries: org.apache.ratis.thirdparty.io.grpc.StatusRuntimeException: UNAVAILABLE: io exception
2019-08-30 07:34:51,865 [grpc-default-executor-9] WARN  server.GrpcLogAppender (LogUtils.java:warn(134)) - a45a7528-2ba0-4bc3-913c-850122b1269f->c1f9b5f6-3f1a-4e58-b5c3-6c327452b89e: Failed appendEntries: org.apache.ratis.thirdparty.io.grpc.StatusRuntimeException: UNAVAILABLE: io exception
2019-08-30 07:34:51,871 [grpc-default-executor-10] INFO  impl.FollowerInfo (FollowerInfo.java:lambda$new$0(50)) - a45a7528-2ba0-4bc3-913c-850122b1269f->acc690db-1381-479d-90ad-8aa346d73f29: nextIndex: updateUnconditionally 0 -> 0
2019-08-30 07:34:51,871 [grpc-default-executor-9] INFO  impl.FollowerInfo (FollowerInfo.java:lambda$new$0(50)) - a45a7528-2ba0-4bc3-913c-850122b1269f->c1f9b5f6-3f1a-4e58-b5c3-6c327452b89e: nextIndex: updateUnconditionally 0 -> 0
2019-08-30 07:34:51,982 | INFO  | SCMAudit | user=jenkins1000 | ip=192.168.5.156 | op=SEND_HEARTBEAT {datanodeUUID=4a5ae11c-f2ff-4cf6-9dca-760126bc39ff, command=[]} | ret=SUCCESS |  
2019-08-30 07:34:52,089 [grpc-default-executor-1] WARN  server.GrpcLogAppender (LogUtils.java:warn(134)) - a45a7528-2ba0-4bc3-913c-850122b1269f->c1f9b5f6-3f1a-4e58-b5c3-6c327452b89e: Failed appendEntries: org.apache.ratis.thirdparty.io.grpc.StatusRuntimeException: UNAVAILABLE: io exception
2019-08-30 07:34:52,093 [grpc-default-executor-1] INFO  impl.FollowerInfo (FollowerInfo.java:lambda$new$0(50)) - a45a7528-2ba0-4bc3-913c-850122b1269f->c1f9b5f6-3f1a-4e58-b5c3-6c327452b89e: nextIndex: updateUnconditionally 0 -> 0
2019-08-30 07:34:52,101 [grpc-default-executor-10] WARN  server.GrpcLogAppender (LogUtils.java:warn(134)) - a45a7528-2ba0-4bc3-913c-850122b1269f->acc690db-1381-479d-90ad-8aa346d73f29: Failed appendEntries: org.apache.ratis.thirdparty.io.grpc.StatusRuntimeException: UNAVAILABLE: io exception
2019-08-30 07:34:52,104 [grpc-default-executor-10] INFO  impl.FollowerInfo (FollowerInfo.java:lambda$new$0(50)) - a45a7528-2ba0-4bc3-913c-850122b1269f->acc690db-1381-479d-90ad-8aa346d73f29: nextIndex: updateUnconditionally 0 -> 0
2019-08-30 07:34:52,163 | INFO  | SCMAudit | user=jenkins1000 | ip=192.168.5.156 | op=SEND_HEARTBEAT {datanodeUUID=cf19ac65-0b70-4753-9cfc-44acb7cd902c, command=[]} | ret=SUCCESS |  
2019-08-30 07:34:52,194 | INFO  | SCMAudit | user=jenkins1000 | ip=192.168.5.156 | op=SEND_HEARTBEAT {datanodeUUID=f20ba990-a1ec-4251-b44f-b0954e9459c1, command=[]} | ret=SUCCESS |  
2019-08-30 07:34:52,367 [grpc-default-executor-3] WARN  server.GrpcLogAppender (LogUtils.java:warn(134)) - a45a7528-2ba0-4bc3-913c-850122b1269f->acc690db-1381-479d-90ad-8aa346d73f29: Failed appendEntries: org.apache.ratis.thirdparty.io.grpc.StatusRuntimeException: UNAVAILABLE: io exception
2019-08-30 07:34:52,367 [grpc-default-executor-0] WARN  server.GrpcLogAppender (LogUtils.java:warn(134)) - a45a7528-2ba0-4bc3-913c-850122b1269f->c1f9b5f6-3f1a-4e58-b5c3-6c327452b89e: Failed appendEntries: org.apache.ratis.thirdparty.io.grpc.StatusRuntimeException: UNAVAILABLE: io exception
2019-08-30 07:34:52,370 [grpc-default-executor-3] INFO  impl.FollowerInfo (FollowerInfo.java:lambda$new$0(50)) - a45a7528-2ba0-4bc3-913c-850122b1269f->acc690db-1381-479d-90ad-8aa346d73f29: nextIndex: updateUnconditionally 0 -> 0
2019-08-30 07:34:52,372 [grpc-default-executor-0] INFO  impl.FollowerInfo (FollowerInfo.java:lambda$new$0(50)) - a45a7528-2ba0-4bc3-913c-850122b1269f->c1f9b5f6-3f1a-4e58-b5c3-6c327452b89e: nextIndex: updateUnconditionally 0 -> 0
2019-08-30 07:34:52,405 | INFO  | SCMAudit | user=jenkins1000 | ip=192.168.5.156 | op=SEND_HEARTBEAT {datanodeUUID=a45a7528-2ba0-4bc3-913c-850122b1269f, command=[]} | ret=SUCCESS |  
2019-08-30 07:34:52,413 | INFO  | SCMAudit | user=jenkins1000 | ip=192.168.5.156 | op=SEND_HEARTBEAT {datanodeUUID=28af1cec-03f6-4f1e-ae7b-b0964308b7ec, command=[]} | ret=SUCCESS |  
2019-08-30 07:34:52,591 [grpc-default-executor-10] WARN  server.GrpcLogAppender (LogUtils.java:warn(134)) - a45a7528-2ba0-4bc3-913c-850122b1269f->c1f9b5f6-3f1a-4e58-b5c3-6c327452b89e: Failed appendEntries: org.apache.ratis.thirdparty.io.grpc.StatusRuntimeException: UNAVAILABLE: io exception
2019-08-30 07:34:52,602 [grpc-default-executor-10] INFO  impl.FollowerInfo (FollowerInfo.java:lambda$new$0(50)) - a45a7528-2ba0-4bc3-913c-850122b1269f->c1f9b5f6-3f1a-4e58-b5c3-6c327452b89e: nextIndex: updateUnconditionally 0 -> 0
2019-08-30 07:34:52,605 [grpc-default-executor-3] WARN  server.GrpcLogAppender (LogUtils.java:warn(134)) - a45a7528-2ba0-4bc3-913c-850122b1269f->acc690db-1381-479d-90ad-8aa346d73f29: Failed appendEntries: org.apache.ratis.thirdparty.io.grpc.StatusRuntimeException: UNAVAILABLE: io exception
2019-08-30 07:34:52,606 [grpc-default-executor-3] INFO  impl.FollowerInfo (FollowerInfo.java:lambda$new$0(50)) - a45a7528-2ba0-4bc3-913c-850122b1269f->acc690db-1381-479d-90ad-8aa346d73f29: nextIndex: updateUnconditionally 0 -> 0
2019-08-30 07:34:52,806 | INFO  | SCMAudit | user=jenkins1000 | ip=192.168.5.156 | op=SEND_HEARTBEAT {datanodeUUID=cb5a5d16-88a3-41b0-858f-6232e86de455, command=[]} | ret=SUCCESS |  
2019-08-30 07:34:52,868 [grpc-default-executor-3] WARN  server.GrpcLogAppender (LogUtils.java:warn(134)) - a45a7528-2ba0-4bc3-913c-850122b1269f->c1f9b5f6-3f1a-4e58-b5c3-6c327452b89e: Failed appendEntries: org.apache.ratis.thirdparty.io.grpc.StatusRuntimeException: UNAVAILABLE: io exception
2019-08-30 07:34:52,868 [grpc-default-executor-8] WARN  server.GrpcLogAppender (LogUtils.java:warn(134)) - a45a7528-2ba0-4bc3-913c-850122b1269f->acc690db-1381-479d-90ad-8aa346d73f29: Failed appendEntries: org.apache.ratis.thirdparty.io.grpc.StatusRuntimeException: UNAVAILABLE: io exception
2019-08-30 07:34:52,868 [grpc-default-executor-3] INFO  impl.FollowerInfo (FollowerInfo.java:lambda$new$0(50)) - a45a7528-2ba0-4bc3-913c-850122b1269f->c1f9b5f6-3f1a-4e58-b5c3-6c327452b89e: nextIndex: updateUnconditionally 0 -> 0
2019-08-30 07:34:52,868 [grpc-default-executor-8] INFO  impl.FollowerInfo (FollowerInfo.java:lambda$new$0(50)) - a45a7528-2ba0-4bc3-913c-850122b1269f->acc690db-1381-479d-90ad-8aa346d73f29: nextIndex: updateUnconditionally 0 -> 0
2019-08-30 07:34:52,982 | INFO  | SCMAudit | user=jenkins1000 | ip=192.168.5.156 | op=SEND_HEARTBEAT {datanodeUUID=4a5ae11c-f2ff-4cf6-9dca-760126bc39ff, command=[]} | ret=SUCCESS |  
2019-08-30 07:34:53,092 [grpc-default-executor-10] WARN  server.GrpcLogAppender (LogUtils.java:warn(134)) - a45a7528-2ba0-4bc3-913c-850122b1269f->c1f9b5f6-3f1a-4e58-b5c3-6c327452b89e: Failed appendEntries: org.apache.ratis.thirdparty.io.grpc.StatusRuntimeException: UNAVAILABLE: io exception
2019-08-30 07:34:53,093 [grpc-default-executor-10] INFO  impl.FollowerInfo (FollowerInfo.java:lambda$new$0(50)) - a45a7528-2ba0-4bc3-913c-850122b1269f->c1f9b5f6-3f1a-4e58-b5c3-6c327452b89e: nextIndex: updateUnconditionally 0 -> 0
2019-08-30 07:34:53,122 [grpc-default-executor-3] WARN  server.GrpcLogAppender (LogUtils.java:warn(134)) - a45a7528-2ba0-4bc3-913c-850122b1269f->acc690db-1381-479d-90ad-8aa346d73f29: Failed appendEntries: org.apache.ratis.thirdparty.io.grpc.StatusRuntimeException: UNAVAILABLE: io exception
2019-08-30 07:34:53,123 [grpc-default-executor-3] INFO  impl.FollowerInfo (FollowerInfo.java:lambda$new$0(50)) - a45a7528-2ba0-4bc3-913c-850122b1269f->acc690db-1381-479d-90ad-8aa346d73f29: nextIndex: updateUnconditionally 0 -> 0
2019-08-30 07:34:53,164 | INFO  | SCMAudit | user=jenkins1000 | ip=192.168.5.156 | op=SEND_HEARTBEAT {datanodeUUID=cf19ac65-0b70-4753-9cfc-44acb7cd902c, command=[]} | ret=SUCCESS |  
2019-08-30 07:34:53,194 | INFO  | SCMAudit | user=jenkins1000 | ip=192.168.5.156 | op=SEND_HEARTBEAT {datanodeUUID=f20ba990-a1ec-4251-b44f-b0954e9459c1, command=[]} | ret=SUCCESS |  
2019-08-30 07:34:53,369 [grpc-default-executor-1] WARN  server.GrpcLogAppender (LogUtils.java:warn(134)) - a45a7528-2ba0-4bc3-913c-850122b1269f->acc690db-1381-479d-90ad-8aa346d73f29: Failed appendEntries: org.apache.ratis.thirdparty.io.grpc.StatusRuntimeException: UNAVAILABLE: io exception
2019-08-30 07:34:53,369 [grpc-default-executor-9] WARN  server.GrpcLogAppender (LogUtils.java:warn(134)) - a45a7528-2ba0-4bc3-913c-850122b1269f->c1f9b5f6-3f1a-4e58-b5c3-6c327452b89e: Failed appendEntries: org.apache.ratis.thirdparty.io.grpc.StatusRuntimeException: UNAVAILABLE: io exception
2019-08-30 07:34:53,370 [grpc-default-executor-1] INFO  impl.FollowerInfo (FollowerInfo.java:lambda$new$0(50)) - a45a7528-2ba0-4bc3-913c-850122b1269f->acc690db-1381-479d-90ad-8aa346d73f29: nextIndex: updateUnconditionally 0 -> 0
2019-08-30 07:34:53,370 [grpc-default-executor-9] INFO  impl.FollowerInfo (FollowerInfo.java:lambda$new$0(50)) - a45a7528-2ba0-4bc3-913c-850122b1269f->c1f9b5f6-3f1a-4e58-b5c3-6c327452b89e: nextIndex: updateUnconditionally 0 -> 0
2019-08-30 07:34:53,381 [ForkJoinPool.commonPool-worker-0] INFO  ozoneimpl.OzoneContainer (OzoneContainer.java:stop(199)) - Attempting to stop container services.
2019-08-30 07:34:53,381 [main] INFO  ozoneimpl.OzoneContainer (OzoneContainer.java:stop(199)) - Attempting to stop container services.
2019-08-30 07:34:53,382 [ForkJoinPool.commonPool-worker-0] INFO  impl.RaftServerProxy (RaftServerProxy.java:lambda$close$4(314)) - fa47bd42-2000-4a68-b335-f6aa68ddcd76: close
2019-08-30 07:34:53,383 [main] INFO  impl.RaftServerProxy (RaftServerProxy.java:lambda$close$4(314)) - 905b07e9-2fc0-493e-9dc2-ae90eb733c4f: close
2019-08-30 07:34:53,388 [ForkJoinPool.commonPool-worker-0] INFO  server.GrpcService (GrpcService.java:closeImpl(155)) - fa47bd42-2000-4a68-b335-f6aa68ddcd76: shutdown server with port 41858 now
2019-08-30 07:34:53,388 [main] INFO  server.GrpcService (GrpcService.java:closeImpl(155)) - 905b07e9-2fc0-493e-9dc2-ae90eb733c4f: shutdown server with port 36850 now
2019-08-30 07:34:53,389 [ForkJoinPool.commonPool-worker-0] INFO  server.GrpcService (GrpcService.java:closeImpl(163)) - fa47bd42-2000-4a68-b335-f6aa68ddcd76: shutdown server with port 41858 successfully
2019-08-30 07:34:53,389 [main] INFO  server.GrpcService (GrpcService.java:closeImpl(163)) - 905b07e9-2fc0-493e-9dc2-ae90eb733c4f: shutdown server with port 36850 successfully
2019-08-30 07:34:53,391 [main] INFO  utils.BackgroundService (BackgroundService.java:shutdown(148)) - Shutting down service BlockDeletingService
2019-08-30 07:34:53,392 [ForkJoinPool.commonPool-worker-0] INFO  utils.BackgroundService (BackgroundService.java:shutdown(148)) - Shutting down service BlockDeletingService
2019-08-30 07:34:53,409 | INFO  | SCMAudit | user=jenkins1000 | ip=192.168.5.156 | op=SEND_HEARTBEAT {datanodeUUID=a45a7528-2ba0-4bc3-913c-850122b1269f, command=[]} | ret=SUCCESS |  
2019-08-30 07:34:53,413 | INFO  | SCMAudit | user=jenkins1000 | ip=192.168.5.156 | op=SEND_HEARTBEAT {datanodeUUID=28af1cec-03f6-4f1e-ae7b-b0964308b7ec, command=[]} | ret=SUCCESS |  
2019-08-30 07:34:53,595 [grpc-default-executor-3] WARN  server.GrpcLogAppender (LogUtils.java:warn(134)) - a45a7528-2ba0-4bc3-913c-850122b1269f->c1f9b5f6-3f1a-4e58-b5c3-6c327452b89e: Failed appendEntries: org.apache.ratis.thirdparty.io.grpc.StatusRuntimeException: UNAVAILABLE: io exception
2019-08-30 07:34:53,596 [grpc-default-executor-3] INFO  impl.FollowerInfo (FollowerInfo.java:lambda$new$0(50)) - a45a7528-2ba0-4bc3-913c-850122b1269f->c1f9b5f6-3f1a-4e58-b5c3-6c327452b89e: nextIndex: updateUnconditionally 0 -> 0
2019-08-30 07:34:53,600 [a45a7528-2ba0-4bc3-913c-850122b1269f:group-BC5BBD1BED6A:LeaderElection31] INFO  impl.LeaderElection (LeaderElection.java:askForVotes(181)) - a45a7528-2ba0-4bc3-913c-850122b1269f:group-BC5BBD1BED6A:LeaderElection31: begin an election at term 6 for -1: [acc690db-1381-479d-90ad-8aa346d73f29:192.168.5.156:37691, f20ba990-a1ec-4251-b44f-b0954e9459c1:192.168.5.156:36913, a45a7528-2ba0-4bc3-913c-850122b1269f:192.168.5.156:32945], old=null
2019-08-30 07:34:53,600 [f20ba990-a1ec-4251-b44f-b0954e9459c1:group-BC5BBD1BED6A:LeaderElection32] INFO  impl.LeaderElection (LeaderElection.java:askForVotes(181)) - f20ba990-a1ec-4251-b44f-b0954e9459c1:group-BC5BBD1BED6A:LeaderElection32: begin an election at term 6 for -1: [acc690db-1381-479d-90ad-8aa346d73f29:192.168.5.156:37691, f20ba990-a1ec-4251-b44f-b0954e9459c1:192.168.5.156:36913, a45a7528-2ba0-4bc3-913c-850122b1269f:192.168.5.156:32945], old=null
2019-08-30 07:34:53,600 [acc690db-1381-479d-90ad-8aa346d73f29:group-BC5BBD1BED6A:LeaderElection30] INFO  impl.LeaderElection (LeaderElection.java:askForVotes(181)) - acc690db-1381-479d-90ad-8aa346d73f29:group-BC5BBD1BED6A:LeaderElection30: begin an election at term 6 for -1: [acc690db-1381-479d-90ad-8aa346d73f29:192.168.5.156:37691, f20ba990-a1ec-4251-b44f-b0954e9459c1:192.168.5.156:36913, a45a7528-2ba0-4bc3-913c-850122b1269f:192.168.5.156:32945], old=null
2019-08-30 07:34:53,600 [refreshUsed-/workdir/hadoop-ozone/integration-test/target/test-dir/MiniOzoneClusterImpl-e2a0042e-8006-48d2-a527-f4f759a7d1b5/datanode-3/data/containers] WARN  fs.CachingGetSpaceUsed (CachingGetSpaceUsed.java:run(183)) - Thread Interrupted waiting to refresh disk information: sleep interrupted
2019-08-30 07:34:53,601 [refreshUsed-/workdir/hadoop-ozone/integration-test/target/test-dir/MiniOzoneClusterImpl-e2a0042e-8006-48d2-a527-f4f759a7d1b5/datanode-6/data/containers] WARN  fs.CachingGetSpaceUsed (CachingGetSpaceUsed.java:run(183)) - Thread Interrupted waiting to refresh disk information: sleep interrupted
2019-08-30 07:34:53,604 [acc690db-1381-479d-90ad-8aa346d73f29:group-BC5BBD1BED6A:LeaderElection30] INFO  impl.LeaderElection (LogUtils.java:infoOrTrace(149)) - Failed acc690db-1381-479d-90ad-8aa346d73f29:group-BC5BBD1BED6A:LeaderElection30, state=CLOSING: {}
java.lang.IllegalArgumentException: acc690db-1381-479d-90ad-8aa346d73f29-SegmentedRaftLog is expected to be opened but it is CLOSED
	at org.apache.ratis.util.OpenCloseState.assertOpen(OpenCloseState.java:63)
	at org.apache.ratis.server.raftlog.RaftLog.checkLogState(RaftLog.java:101)
	at org.apache.ratis.server.raftlog.segmented.SegmentedRaftLog.getLastEntryTermIndex(SegmentedRaftLog.java:263)
	at org.apache.ratis.server.impl.LeaderElection.askForVotes(LeaderElection.java:183)
	at org.apache.ratis.server.impl.LeaderElection.run(LeaderElection.java:130)
	at java.lang.Thread.run(Thread.java:748)
Caused by: org.apache.ratis.util.OpenCloseState$CloseTrace: Close acc690db-1381-479d-90ad-8aa346d73f29-SegmentedRaftLog
	at org.apache.ratis.util.OpenCloseState.lambda$close$1(OpenCloseState.java:109)
	at java.util.concurrent.atomic.AtomicReference.getAndUpdate(AtomicReference.java:160)
	at org.apache.ratis.util.OpenCloseState.close(OpenCloseState.java:109)
	at org.apache.ratis.server.raftlog.RaftLog.close(RaftLog.java:437)
	at org.apache.ratis.server.raftlog.segmented.SegmentedRaftLog.close(SegmentedRaftLog.java:428)
	at org.apache.ratis.server.impl.ServerState.close(ServerState.java:397)
	at org.apache.ratis.server.impl.RaftServerImpl.lambda$shutdown$3(RaftServerImpl.java:267)
	at org.apache.ratis.util.LifeCycle.lambda$checkStateAndClose$2(LifeCycle.java:231)
	at org.apache.ratis.util.LifeCycle.checkStateAndClose(LifeCycle.java:251)
	at org.apache.ratis.util.LifeCycle.checkStateAndClose(LifeCycle.java:229)
	at org.apache.ratis.server.impl.RaftServerImpl.shutdown(RaftServerImpl.java:244)
	at org.apache.ratis.server.impl.RaftServerProxy$ImplMap.lambda$close$0(RaftServerProxy.java:107)
	at java.util.stream.ForEachOps$ForEachOp$OfRef.accept(ForEachOps.java:184)
	at java.util.stream.ReferencePipeline$3$1.accept(ReferencePipeline.java:193)
	at java.util.concurrent.ConcurrentHashMap$ValueSpliterator.forEachRemaining(ConcurrentHashMap.java:3566)
	at java.util.stream.AbstractPipeline.copyInto(AbstractPipeline.java:482)
	at java.util.stream.ForEachOps$ForEachTask.compute(ForEachOps.java:291)
	at java.util.concurrent.CountedCompleter.exec(CountedCompleter.java:731)
	at java.util.concurrent.ForkJoinTask.doExec(ForkJoinTask.java:289)
	at java.util.concurrent.ForkJoinPool.helpComplete(ForkJoinPool.java:1870)
	at java.util.concurrent.ForkJoinPool.awaitJoin(ForkJoinPool.java:2045)
	at java.util.concurrent.ForkJoinTask.doInvoke(ForkJoinTask.java:404)
	at java.util.concurrent.ForkJoinTask.invoke(ForkJoinTask.java:734)
	at java.util.stream.ForEachOps$ForEachOp.evaluateParallel(ForEachOps.java:160)
	at java.util.stream.ForEachOps$ForEachOp$OfRef.evaluateParallel(ForEachOps.java:174)
	at java.util.stream.AbstractPipeline.evaluate(AbstractPipeline.java:233)
	at java.util.stream.ReferencePipeline.forEach(ReferencePipeline.java:418)
	at org.apache.ratis.server.impl.RaftServerProxy$ImplMap.close(RaftServerProxy.java:107)
	at org.apache.ratis.server.impl.RaftServerProxy.lambda$close$4(RaftServerProxy.java:315)
	at org.apache.ratis.util.LifeCycle.lambda$checkStateAndClose$2(LifeCycle.java:231)
	at org.apache.ratis.util.LifeCycle.checkStateAndClose(LifeCycle.java:251)
	at org.apache.ratis.util.LifeCycle.checkStateAndClose(LifeCycle.java:229)
	at org.apache.ratis.server.impl.RaftServerProxy.close(RaftServerProxy.java:313)
	at org.apache.hadoop.ozone.container.common.transport.server.ratis.XceiverServerRatis.stop(XceiverServerRatis.java:434)
	at org.apache.hadoop.ozone.container.ozoneimpl.OzoneContainer.stop(OzoneContainer.java:201)
	at org.apache.hadoop.ozone.container.common.statemachine.DatanodeStateMachine.close(DatanodeStateMachine.java:270)
	at org.apache.hadoop.ozone.container.common.statemachine.DatanodeStateMachine.stopDaemon(DatanodeStateMachine.java:394)
	at org.apache.hadoop.ozone.HddsDatanodeService.stop(HddsDatanodeService.java:458)
	at org.apache.hadoop.ozone.MiniOzoneClusterImpl.lambda$stop$2(MiniOzoneClusterImpl.java:347)
	at java.util.stream.ForEachOps$ForEachOp$OfRef.accept(ForEachOps.java:184)
	at java.util.ArrayList$ArrayListSpliterator.forEachRemaining(ArrayList.java:1382)
	at java.util.stream.AbstractPipeline.copyInto(AbstractPipeline.java:482)
	at java.util.stream.ForEachOps$ForEachTask.compute(ForEachOps.java:291)
	at java.util.concurrent.CountedCompleter.exec(CountedCompleter.java:731)
	at java.util.concurrent.ForkJoinTask.doExec(ForkJoinTask.java:289)
	at java.util.concurrent.ForkJoinPool$WorkQueue.runTask(ForkJoinPool.java:1056)
	at java.util.concurrent.ForkJoinPool.runWorker(ForkJoinPool.java:1692)
	at java.util.concurrent.ForkJoinWorkerThread.run(ForkJoinWorkerThread.java:157)
2019-08-30 07:34:53,609 [acc690db-1381-479d-90ad-8aa346d73f29:group-BC5BBD1BED6A:LeaderElection30] INFO  impl.LeaderElection (LeaderElection.java:run(141)) - acc690db-1381-479d-90ad-8aa346d73f29:group-BC5BBD1BED6A:LeaderElection30: IllegalArgumentException is safely ignored since this is already CLOSING
2019-08-30 07:34:53,609 [grpc-default-executor-3] WARN  server.GrpcLogAppender (LogUtils.java:warn(134)) - a45a7528-2ba0-4bc3-913c-850122b1269f->acc690db-1381-479d-90ad-8aa346d73f29: Failed appendEntries: org.apache.ratis.thirdparty.io.grpc.StatusRuntimeException: UNAVAILABLE: io exception
2019-08-30 07:34:53,610 [grpc-default-executor-3] INFO  impl.FollowerInfo (FollowerInfo.java:lambda$new$0(50)) - a45a7528-2ba0-4bc3-913c-850122b1269f->acc690db-1381-479d-90ad-8aa346d73f29: nextIndex: updateUnconditionally 0 -> 0
2019-08-30 07:34:53,610 [a45a7528-2ba0-4bc3-913c-850122b1269f:group-BC5BBD1BED6A:LeaderElection31] INFO  impl.LeaderElection (LogUtils.java:infoOrTrace(149)) - a45a7528-2ba0-4bc3-913c-850122b1269f:group-BC5BBD1BED6A:LeaderElection31 got exception when requesting votes: {}
java.util.concurrent.ExecutionException: org.apache.ratis.thirdparty.io.grpc.StatusRuntimeException: UNAVAILABLE: io exception
	at java.util.concurrent.FutureTask.report(FutureTask.java:122)
	at java.util.concurrent.FutureTask.get(FutureTask.java:192)
	at org.apache.ratis.server.impl.LeaderElection.waitForResults(LeaderElection.java:262)
	at org.apache.ratis.server.impl.LeaderElection.askForVotes(LeaderElection.java:200)
	at org.apache.ratis.server.impl.LeaderElection.run(LeaderElection.java:130)
	at java.lang.Thread.run(Thread.java:748)
Caused by: org.apache.ratis.thirdparty.io.grpc.StatusRuntimeException: UNAVAILABLE: io exception
	at org.apache.ratis.thirdparty.io.grpc.stub.ClientCalls.toStatusRuntimeException(ClientCalls.java:233)
	at org.apache.ratis.thirdparty.io.grpc.stub.ClientCalls.getUnchecked(ClientCalls.java:214)
	at org.apache.ratis.thirdparty.io.grpc.stub.ClientCalls.blockingUnaryCall(ClientCalls.java:139)
	at org.apache.ratis.proto.grpc.RaftServerProtocolServiceGrpc$RaftServerProtocolServiceBlockingStub.requestVote(RaftServerProtocolServiceGrpc.java:265)
	at org.apache.ratis.grpc.server.GrpcServerProtocolClient.requestVote(GrpcServerProtocolClient.java:83)
	at org.apache.ratis.grpc.server.GrpcService.requestVote(GrpcService.java:195)
	at org.apache.ratis.server.impl.LeaderElection.lambda$submitRequests$1(LeaderElection.java:237)
	at java.util.concurrent.FutureTask.run(FutureTask.java:266)
	at java.util.concurrent.Executors$RunnableAdapter.call(Executors.java:511)
	at java.util.concurrent.FutureTask.run(FutureTask.java:266)
	at java.util.concurrent.ThreadPoolExecutor.runWorker(ThreadPoolExecutor.java:1149)
	at java.util.concurrent.ThreadPoolExecutor$Worker.run(ThreadPoolExecutor.java:624)
	... 1 more
Caused by: org.apache.ratis.thirdparty.io.netty.channel.AbstractChannel$AnnotatedConnectException: Connection refused: /192.168.5.156:37691
	at sun.nio.ch.SocketChannelImpl.checkConnect(Native Method)
	at sun.nio.ch.SocketChannelImpl.finishConnect(SocketChannelImpl.java:717)
	at org.apache.ratis.thirdparty.io.netty.channel.socket.nio.NioSocketChannel.doFinishConnect(NioSocketChannel.java:327)
	at org.apache.ratis.thirdparty.io.netty.channel.nio.AbstractNioChannel$AbstractNioUnsafe.finishConnect(AbstractNioChannel.java:340)
	at org.apache.ratis.thirdparty.io.netty.channel.nio.NioEventLoop.processSelectedKey(NioEventLoop.java:632)
	at org.apache.ratis.thirdparty.io.netty.channel.nio.NioEventLoop.processSelectedKeysOptimized(NioEventLoop.java:579)
	at org.apache.ratis.thirdparty.io.netty.channel.nio.NioEventLoop.processSelectedKeys(NioEventLoop.java:496)
	at org.apache.ratis.thirdparty.io.netty.channel.nio.NioEventLoop.run(NioEventLoop.java:458)
	at org.apache.ratis.thirdparty.io.netty.util.concurrent.SingleThreadEventExecutor$5.run(SingleThreadEventExecutor.java:897)
	at org.apache.ratis.thirdparty.io.netty.util.concurrent.FastThreadLocalRunnable.run(FastThreadLocalRunnable.java:30)
	... 1 more
Caused by: java.net.ConnectException: Connection refused
	... 11 more
2019-08-30 07:34:53,610 [f20ba990-a1ec-4251-b44f-b0954e9459c1:group-BC5BBD1BED6A:LeaderElection32] INFO  impl.LeaderElection (LogUtils.java:infoOrTrace(149)) - f20ba990-a1ec-4251-b44f-b0954e9459c1:group-BC5BBD1BED6A:LeaderElection32 got exception when requesting votes: {}
java.util.concurrent.ExecutionException: org.apache.ratis.thirdparty.io.grpc.StatusRuntimeException: UNAVAILABLE: io exception
	at java.util.concurrent.FutureTask.report(FutureTask.java:122)
	at java.util.concurrent.FutureTask.get(FutureTask.java:192)
	at org.apache.ratis.server.impl.LeaderElection.waitForResults(LeaderElection.java:262)
	at org.apache.ratis.server.impl.LeaderElection.askForVotes(LeaderElection.java:200)
	at org.apache.ratis.server.impl.LeaderElection.run(LeaderElection.java:130)
	at java.lang.Thread.run(Thread.java:748)
Caused by: org.apache.ratis.thirdparty.io.grpc.StatusRuntimeException: UNAVAILABLE: io exception
	at org.apache.ratis.thirdparty.io.grpc.stub.ClientCalls.toStatusRuntimeException(ClientCalls.java:233)
	at org.apache.ratis.thirdparty.io.grpc.stub.ClientCalls.getUnchecked(ClientCalls.java:214)
	at org.apache.ratis.thirdparty.io.grpc.stub.ClientCalls.blockingUnaryCall(ClientCalls.java:139)
	at org.apache.ratis.proto.grpc.RaftServerProtocolServiceGrpc$RaftServerProtocolServiceBlockingStub.requestVote(RaftServerProtocolServiceGrpc.java:265)
	at org.apache.ratis.grpc.server.GrpcServerProtocolClient.requestVote(GrpcServerProtocolClient.java:83)
	at org.apache.ratis.grpc.server.GrpcService.requestVote(GrpcService.java:195)
	at org.apache.ratis.server.impl.LeaderElection.lambda$submitRequests$1(LeaderElection.java:237)
	at java.util.concurrent.FutureTask.run(FutureTask.java:266)
	at java.util.concurrent.Executors$RunnableAdapter.call(Executors.java:511)
	at java.util.concurrent.FutureTask.run(FutureTask.java:266)
	at java.util.concurrent.ThreadPoolExecutor.runWorker(ThreadPoolExecutor.java:1149)
	at java.util.concurrent.ThreadPoolExecutor$Worker.run(ThreadPoolExecutor.java:624)
	... 1 more
Caused by: org.apache.ratis.thirdparty.io.netty.channel.AbstractChannel$AnnotatedConnectException: Connection refused: /192.168.5.156:37691
	at sun.nio.ch.SocketChannelImpl.checkConnect(Native Method)
	at sun.nio.ch.SocketChannelImpl.finishConnect(SocketChannelImpl.java:717)
	at org.apache.ratis.thirdparty.io.netty.channel.socket.nio.NioSocketChannel.doFinishConnect(NioSocketChannel.java:327)
	at org.apache.ratis.thirdparty.io.netty.channel.nio.AbstractNioChannel$AbstractNioUnsafe.finishConnect(AbstractNioChannel.java:340)
	at org.apache.ratis.thirdparty.io.netty.channel.nio.NioEventLoop.processSelectedKey(NioEventLoop.java:632)
	at org.apache.ratis.thirdparty.io.netty.channel.nio.NioEventLoop.processSelectedKeysOptimized(NioEventLoop.java:579)
	at org.apache.ratis.thirdparty.io.netty.channel.nio.NioEventLoop.processSelectedKeys(NioEventLoop.java:496)
	at org.apache.ratis.thirdparty.io.netty.channel.nio.NioEventLoop.run(NioEventLoop.java:458)
	at org.apache.ratis.thirdparty.io.netty.util.concurrent.SingleThreadEventExecutor$5.run(SingleThreadEventExecutor.java:897)
	at org.apache.ratis.thirdparty.io.netty.util.concurrent.FastThreadLocalRunnable.run(FastThreadLocalRunnable.java:30)
	... 1 more
Caused by: java.net.ConnectException: Connection refused
	... 11 more
2019-08-30 07:34:53,617 [a45a7528-2ba0-4bc3-913c-850122b1269f:group-BC5BBD1BED6A:LeaderElection31] INFO  impl.LeaderElection (LeaderElection.java:logAndReturn(56)) - a45a7528-2ba0-4bc3-913c-850122b1269f:group-BC5BBD1BED6A:LeaderElection31: Election REJECTED; received 1 response(s) [a45a7528-2ba0-4bc3-913c-850122b1269f<-f20ba990-a1ec-4251-b44f-b0954e9459c1#0:FAIL-t6] and 1 exception(s); a45a7528-2ba0-4bc3-913c-850122b1269f:t6, leader=null, voted=a45a7528-2ba0-4bc3-913c-850122b1269f, raftlog=a45a7528-2ba0-4bc3-913c-850122b1269f-SegmentedRaftLog:OPENED:c-1,f-1,i0, conf=-1: [acc690db-1381-479d-90ad-8aa346d73f29:192.168.5.156:37691, f20ba990-a1ec-4251-b44f-b0954e9459c1:192.168.5.156:36913, a45a7528-2ba0-4bc3-913c-850122b1269f:192.168.5.156:32945], old=null
2019-08-30 07:34:53,618 [f20ba990-a1ec-4251-b44f-b0954e9459c1:group-BC5BBD1BED6A:LeaderElection32] INFO  impl.LeaderElection (LeaderElection.java:logAndReturn(56)) - f20ba990-a1ec-4251-b44f-b0954e9459c1:group-BC5BBD1BED6A:LeaderElection32: Election REJECTED; received 1 response(s) [f20ba990-a1ec-4251-b44f-b0954e9459c1<-a45a7528-2ba0-4bc3-913c-850122b1269f#0:FAIL-t6] and 1 exception(s); f20ba990-a1ec-4251-b44f-b0954e9459c1:t6, leader=null, voted=f20ba990-a1ec-4251-b44f-b0954e9459c1, raftlog=f20ba990-a1ec-4251-b44f-b0954e9459c1-SegmentedRaftLog:OPENED:c-1,f-1,i0, conf=-1: [acc690db-1381-479d-90ad-8aa346d73f29:192.168.5.156:37691, f20ba990-a1ec-4251-b44f-b0954e9459c1:192.168.5.156:36913, a45a7528-2ba0-4bc3-913c-850122b1269f:192.168.5.156:32945], old=null
2019-08-30 07:34:53,618 [a45a7528-2ba0-4bc3-913c-850122b1269f:group-BC5BBD1BED6A:LeaderElection31] INFO  impl.LeaderElection (LogUtils.java:infoOrTrace(149)) -   Exception 0: {}
java.util.concurrent.ExecutionException: org.apache.ratis.thirdparty.io.grpc.StatusRuntimeException: UNAVAILABLE: io exception
	at java.util.concurrent.FutureTask.report(FutureTask.java:122)
	at java.util.concurrent.FutureTask.get(FutureTask.java:192)
	at org.apache.ratis.server.impl.LeaderElection.waitForResults(LeaderElection.java:262)
	at org.apache.ratis.server.impl.LeaderElection.askForVotes(LeaderElection.java:200)
	at org.apache.ratis.server.impl.LeaderElection.run(LeaderElection.java:130)
	at java.lang.Thread.run(Thread.java:748)
Caused by: org.apache.ratis.thirdparty.io.grpc.StatusRuntimeException: UNAVAILABLE: io exception
	at org.apache.ratis.thirdparty.io.grpc.stub.ClientCalls.toStatusRuntimeException(ClientCalls.java:233)
	at org.apache.ratis.thirdparty.io.grpc.stub.ClientCalls.getUnchecked(ClientCalls.java:214)
	at org.apache.ratis.thirdparty.io.grpc.stub.ClientCalls.blockingUnaryCall(ClientCalls.java:139)
	at org.apache.ratis.proto.grpc.RaftServerProtocolServiceGrpc$RaftServerProtocolServiceBlockingStub.requestVote(RaftServerProtocolServiceGrpc.java:265)
	at org.apache.ratis.grpc.server.GrpcServerProtocolClient.requestVote(GrpcServerProtocolClient.java:83)
	at org.apache.ratis.grpc.server.GrpcService.requestVote(GrpcService.java:195)
	at org.apache.ratis.server.impl.LeaderElection.lambda$submitRequests$1(LeaderElection.java:237)
	at java.util.concurrent.FutureTask.run(FutureTask.java:266)
	at java.util.concurrent.Executors$RunnableAdapter.call(Executors.java:511)
	at java.util.concurrent.FutureTask.run(FutureTask.java:266)
	at java.util.concurrent.ThreadPoolExecutor.runWorker(ThreadPoolExecutor.java:1149)
	at java.util.concurrent.ThreadPoolExecutor$Worker.run(ThreadPoolExecutor.java:624)
	... 1 more
Caused by: org.apache.ratis.thirdparty.io.netty.channel.AbstractChannel$AnnotatedConnectException: Connection refused: /192.168.5.156:37691
	at sun.nio.ch.SocketChannelImpl.checkConnect(Native Method)
	at sun.nio.ch.SocketChannelImpl.finishConnect(SocketChannelImpl.java:717)
	at org.apache.ratis.thirdparty.io.netty.channel.socket.nio.NioSocketChannel.doFinishConnect(NioSocketChannel.java:327)
	at org.apache.ratis.thirdparty.io.netty.channel.nio.AbstractNioChannel$AbstractNioUnsafe.finishConnect(AbstractNioChannel.java:340)
	at org.apache.ratis.thirdparty.io.netty.channel.nio.NioEventLoop.processSelectedKey(NioEventLoop.java:632)
	at org.apache.ratis.thirdparty.io.netty.channel.nio.NioEventLoop.processSelectedKeysOptimized(NioEventLoop.java:579)
	at org.apache.ratis.thirdparty.io.netty.channel.nio.NioEventLoop.processSelectedKeys(NioEventLoop.java:496)
	at org.apache.ratis.thirdparty.io.netty.channel.nio.NioEventLoop.run(NioEventLoop.java:458)
	at org.apache.ratis.thirdparty.io.netty.util.concurrent.SingleThreadEventExecutor$5.run(SingleThreadEventExecutor.java:897)
	at org.apache.ratis.thirdparty.io.netty.util.concurrent.FastThreadLocalRunnable.run(FastThreadLocalRunnable.java:30)
	... 1 more
Caused by: java.net.ConnectException: Connection refused
	... 11 more
2019-08-30 07:34:53,618 [f20ba990-a1ec-4251-b44f-b0954e9459c1:group-BC5BBD1BED6A:LeaderElection32] INFO  impl.LeaderElection (LogUtils.java:infoOrTrace(149)) -   Exception 0: {}
java.util.concurrent.ExecutionException: org.apache.ratis.thirdparty.io.grpc.StatusRuntimeException: UNAVAILABLE: io exception
	at java.util.concurrent.FutureTask.report(FutureTask.java:122)
	at java.util.concurrent.FutureTask.get(FutureTask.java:192)
	at org.apache.ratis.server.impl.LeaderElection.waitForResults(LeaderElection.java:262)
	at org.apache.ratis.server.impl.LeaderElection.askForVotes(LeaderElection.java:200)
	at org.apache.ratis.server.impl.LeaderElection.run(LeaderElection.java:130)
	at java.lang.Thread.run(Thread.java:748)
Caused by: org.apache.ratis.thirdparty.io.grpc.StatusRuntimeException: UNAVAILABLE: io exception
	at org.apache.ratis.thirdparty.io.grpc.stub.ClientCalls.toStatusRuntimeException(ClientCalls.java:233)
	at org.apache.ratis.thirdparty.io.grpc.stub.ClientCalls.getUnchecked(ClientCalls.java:214)
	at org.apache.ratis.thirdparty.io.grpc.stub.ClientCalls.blockingUnaryCall(ClientCalls.java:139)
	at org.apache.ratis.proto.grpc.RaftServerProtocolServiceGrpc$RaftServerProtocolServiceBlockingStub.requestVote(RaftServerProtocolServiceGrpc.java:265)
	at org.apache.ratis.grpc.server.GrpcServerProtocolClient.requestVote(GrpcServerProtocolClient.java:83)
	at org.apache.ratis.grpc.server.GrpcService.requestVote(GrpcService.java:195)
	at org.apache.ratis.server.impl.LeaderElection.lambda$submitRequests$1(LeaderElection.java:237)
	at java.util.concurrent.FutureTask.run(FutureTask.java:266)
	at java.util.concurrent.Executors$RunnableAdapter.call(Executors.java:511)
	at java.util.concurrent.FutureTask.run(FutureTask.java:266)
	at java.util.concurrent.ThreadPoolExecutor.runWorker(ThreadPoolExecutor.java:1149)
	at java.util.concurrent.ThreadPoolExecutor$Worker.run(ThreadPoolExecutor.java:624)
	... 1 more
Caused by: org.apache.ratis.thirdparty.io.netty.channel.AbstractChannel$AnnotatedConnectException: Connection refused: /192.168.5.156:37691
	at sun.nio.ch.SocketChannelImpl.checkConnect(Native Method)
	at sun.nio.ch.SocketChannelImpl.finishConnect(SocketChannelImpl.java:717)
	at org.apache.ratis.thirdparty.io.netty.channel.socket.nio.NioSocketChannel.doFinishConnect(NioSocketChannel.java:327)
	at org.apache.ratis.thirdparty.io.netty.channel.nio.AbstractNioChannel$AbstractNioUnsafe.finishConnect(AbstractNioChannel.java:340)
	at org.apache.ratis.thirdparty.io.netty.channel.nio.NioEventLoop.processSelectedKey(NioEventLoop.java:632)
	at org.apache.ratis.thirdparty.io.netty.channel.nio.NioEventLoop.processSelectedKeysOptimized(NioEventLoop.java:579)
	at org.apache.ratis.thirdparty.io.netty.channel.nio.NioEventLoop.processSelectedKeys(NioEventLoop.java:496)
	at org.apache.ratis.thirdparty.io.netty.channel.nio.NioEventLoop.run(NioEventLoop.java:458)
	at org.apache.ratis.thirdparty.io.netty.util.concurrent.SingleThreadEventExecutor$5.run(SingleThreadEventExecutor.java:897)
	at org.apache.ratis.thirdparty.io.netty.util.concurrent.FastThreadLocalRunnable.run(FastThreadLocalRunnable.java:30)
	... 1 more
Caused by: java.net.ConnectException: Connection refused
	... 11 more
2019-08-30 07:34:53,618 [a45a7528-2ba0-4bc3-913c-850122b1269f:group-BC5BBD1BED6A:LeaderElection31] INFO  impl.RaftServerImpl (RaftServerImpl.java:setRole(171)) - a45a7528-2ba0-4bc3-913c-850122b1269f:group-BC5BBD1BED6A changes role from CANDIDATE to FOLLOWER at term 6 for DISCOVERED_A_NEW_TERM
2019-08-30 07:34:53,619 [f20ba990-a1ec-4251-b44f-b0954e9459c1:group-BC5BBD1BED6A:LeaderElection32] INFO  impl.RaftServerImpl (RaftServerImpl.java:setRole(171)) - f20ba990-a1ec-4251-b44f-b0954e9459c1:group-BC5BBD1BED6A changes role from CANDIDATE to FOLLOWER at term 6 for DISCOVERED_A_NEW_TERM
2019-08-30 07:34:53,619 [a45a7528-2ba0-4bc3-913c-850122b1269f:group-BC5BBD1BED6A:LeaderElection31] INFO  impl.RoleInfo (RoleInfo.java:shutdownLeaderElection(134)) - a45a7528-2ba0-4bc3-913c-850122b1269f: shutdown LeaderElection
2019-08-30 07:34:53,619 [f20ba990-a1ec-4251-b44f-b0954e9459c1:group-BC5BBD1BED6A:LeaderElection32] INFO  impl.RoleInfo (RoleInfo.java:shutdownLeaderElection(134)) - f20ba990-a1ec-4251-b44f-b0954e9459c1: shutdown LeaderElection
2019-08-30 07:34:53,619 [a45a7528-2ba0-4bc3-913c-850122b1269f:group-BC5BBD1BED6A:LeaderElection31] INFO  impl.RoleInfo (RoleInfo.java:updateAndGet(143)) - a45a7528-2ba0-4bc3-913c-850122b1269f: start FollowerState
2019-08-30 07:34:53,620 [f20ba990-a1ec-4251-b44f-b0954e9459c1:group-BC5BBD1BED6A:LeaderElection32] INFO  impl.RoleInfo (RoleInfo.java:updateAndGet(143)) - f20ba990-a1ec-4251-b44f-b0954e9459c1: start FollowerState
2019-08-30 07:34:53,633 [ForkJoinPool.commonPool-worker-0] INFO  statemachine.DatanodeStateMachine (DatanodeStateMachine.java:stopDaemon(395)) - Ozone container server stopped.
2019-08-30 07:34:53,637 [main] INFO  statemachine.DatanodeStateMachine (DatanodeStateMachine.java:stopDaemon(395)) - Ozone container server stopped.
2019-08-30 07:34:53,643 [ForkJoinPool.commonPool-worker-0] INFO  handler.ContextHandler (ContextHandler.java:doStop(910)) - Stopped o.e.j.w.WebAppContext@3820cfe{/,null,UNAVAILABLE}{/hddsDatanode}
2019-08-30 07:34:53,643 [main] INFO  handler.ContextHandler (ContextHandler.java:doStop(910)) - Stopped o.e.j.w.WebAppContext@13d289c7{/,null,UNAVAILABLE}{/hddsDatanode}
2019-08-30 07:34:53,644 [ForkJoinPool.commonPool-worker-0] INFO  server.AbstractConnector (AbstractConnector.java:doStop(318)) - Stopped ServerConnector@2407a36c{HTTP/1.1,[http/1.1]}{0.0.0.0:0}
2019-08-30 07:34:53,644 [main] INFO  server.AbstractConnector (AbstractConnector.java:doStop(318)) - Stopped ServerConnector@6704df84{HTTP/1.1,[http/1.1]}{0.0.0.0:0}
2019-08-30 07:34:53,646 [ForkJoinPool.commonPool-worker-0] INFO  handler.ContextHandler (ContextHandler.java:doStop(910)) - Stopped o.e.j.s.ServletContextHandler@55361f03{/static,jar:file:/home/user/.m2/repository/org/apache/hadoop/hadoop-hdds-container-service/0.5.0-SNAPSHOT/hadoop-hdds-container-service-0.5.0-SNAPSHOT.jar!/webapps/static,UNAVAILABLE}
2019-08-30 07:34:53,646 [main] INFO  handler.ContextHandler (ContextHandler.java:doStop(910)) - Stopped o.e.j.s.ServletContextHandler@5e5a8718{/static,jar:file:/home/user/.m2/repository/org/apache/hadoop/hadoop-hdds-container-service/0.5.0-SNAPSHOT/hadoop-hdds-container-service-0.5.0-SNAPSHOT.jar!/webapps/static,UNAVAILABLE}
2019-08-30 07:34:53,648 [ForkJoinPool.commonPool-worker-0] INFO  handler.ContextHandler (ContextHandler.java:doStop(910)) - Stopped o.e.j.s.ServletContextHandler@2bec068b{/logs,file:///workdir/hadoop-ozone/integration-test/target/log,UNAVAILABLE}
2019-08-30 07:34:53,648 [main] INFO  handler.ContextHandler (ContextHandler.java:doStop(910)) - Stopped o.e.j.s.ServletContextHandler@33f4c769{/logs,file:///workdir/hadoop-ozone/integration-test/target/log,UNAVAILABLE}
2019-08-30 07:34:53,649 [ForkJoinPool.commonPool-worker-0] INFO  datanode.ObjectStoreHandler (ObjectStoreHandler.java:close(155)) - Closing ObjectStoreHandler.
2019-08-30 07:34:53,650 [main] INFO  datanode.ObjectStoreHandler (ObjectStoreHandler.java:close(155)) - Closing ObjectStoreHandler.
2019-08-30 07:34:53,650 [main] INFO  ozone.HddsDatanodeService (HddsDatanodeService.java:stop(451)) - Stopped plug-in org.apache.hadoop.ozone.web.OzoneHddsDatanodeService@31b741e2
2019-08-30 07:34:53,650 [ForkJoinPool.commonPool-worker-0] INFO  ozone.HddsDatanodeService (HddsDatanodeService.java:stop(451)) - Stopped plug-in org.apache.hadoop.ozone.web.OzoneHddsDatanodeService@6befbb12
2019-08-30 07:34:53,806 | INFO  | SCMAudit | user=jenkins1000 | ip=192.168.5.156 | op=SEND_HEARTBEAT {datanodeUUID=cb5a5d16-88a3-41b0-858f-6232e86de455, command=[]} | ret=SUCCESS |  
2019-08-30 07:34:53,870 [grpc-default-executor-1] WARN  server.GrpcLogAppender (LogUtils.java:warn(134)) - a45a7528-2ba0-4bc3-913c-850122b1269f->acc690db-1381-479d-90ad-8aa346d73f29: Failed appendEntries: org.apache.ratis.thirdparty.io.grpc.StatusRuntimeException: UNAVAILABLE: io exception
2019-08-30 07:34:53,870 [grpc-default-executor-0] WARN  server.GrpcLogAppender (LogUtils.java:warn(134)) - a45a7528-2ba0-4bc3-913c-850122b1269f->c1f9b5f6-3f1a-4e58-b5c3-6c327452b89e: Failed appendEntries: org.apache.ratis.thirdparty.io.grpc.StatusRuntimeException: UNAVAILABLE: io exception
2019-08-30 07:34:53,871 [grpc-default-executor-1] INFO  impl.FollowerInfo (FollowerInfo.java:lambda$new$0(50)) - a45a7528-2ba0-4bc3-913c-850122b1269f->acc690db-1381-479d-90ad-8aa346d73f29: nextIndex: updateUnconditionally 0 -> 0
2019-08-30 07:34:53,871 [grpc-default-executor-0] INFO  impl.FollowerInfo (FollowerInfo.java:lambda$new$0(50)) - a45a7528-2ba0-4bc3-913c-850122b1269f->c1f9b5f6-3f1a-4e58-b5c3-6c327452b89e: nextIndex: updateUnconditionally 0 -> 0
2019-08-30 07:34:53,958 [a45a7528-2ba0-4bc3-913c-850122b1269f:group-C640FB00525B:LeaderElection33] INFO  impl.LeaderElection (LeaderElection.java:askForVotes(181)) - a45a7528-2ba0-4bc3-913c-850122b1269f:group-C640FB00525B:LeaderElection33: begin an election at term 2 for 0: [acc690db-1381-479d-90ad-8aa346d73f29:192.168.5.156:37691, c1f9b5f6-3f1a-4e58-b5c3-6c327452b89e:192.168.5.156:46765, a45a7528-2ba0-4bc3-913c-850122b1269f:192.168.5.156:32945], old=null
2019-08-30 07:34:53,958 [a45a7528-2ba0-4bc3-913c-850122b1269f:group-70018C5AE2E4:LeaderElection35] INFO  impl.LeaderElection (LeaderElection.java:askForVotes(181)) - a45a7528-2ba0-4bc3-913c-850122b1269f:group-70018C5AE2E4:LeaderElection35: begin an election at term 2 for 0: [acc690db-1381-479d-90ad-8aa346d73f29:192.168.5.156:37691, c1f9b5f6-3f1a-4e58-b5c3-6c327452b89e:192.168.5.156:46765, a45a7528-2ba0-4bc3-913c-850122b1269f:192.168.5.156:32945], old=null
2019-08-30 07:34:53,963 [a45a7528-2ba0-4bc3-913c-850122b1269f:group-70018C5AE2E4:LeaderElection35] INFO  impl.LeaderElection (LogUtils.java:infoOrTrace(149)) - a45a7528-2ba0-4bc3-913c-850122b1269f:group-70018C5AE2E4:LeaderElection35 got exception when requesting votes: {}
java.util.concurrent.ExecutionException: org.apache.ratis.thirdparty.io.grpc.StatusRuntimeException: UNAVAILABLE: io exception
	at java.util.concurrent.FutureTask.report(FutureTask.java:122)
	at java.util.concurrent.FutureTask.get(FutureTask.java:192)
	at org.apache.ratis.server.impl.LeaderElection.waitForResults(LeaderElection.java:262)
	at org.apache.ratis.server.impl.LeaderElection.askForVotes(LeaderElection.java:200)
	at org.apache.ratis.server.impl.LeaderElection.run(LeaderElection.java:130)
	at java.lang.Thread.run(Thread.java:748)
Caused by: org.apache.ratis.thirdparty.io.grpc.StatusRuntimeException: UNAVAILABLE: io exception
	at org.apache.ratis.thirdparty.io.grpc.stub.ClientCalls.toStatusRuntimeException(ClientCalls.java:233)
	at org.apache.ratis.thirdparty.io.grpc.stub.ClientCalls.getUnchecked(ClientCalls.java:214)
	at org.apache.ratis.thirdparty.io.grpc.stub.ClientCalls.blockingUnaryCall(ClientCalls.java:139)
	at org.apache.ratis.proto.grpc.RaftServerProtocolServiceGrpc$RaftServerProtocolServiceBlockingStub.requestVote(RaftServerProtocolServiceGrpc.java:265)
	at org.apache.ratis.grpc.server.GrpcServerProtocolClient.requestVote(GrpcServerProtocolClient.java:83)
	at org.apache.ratis.grpc.server.GrpcService.requestVote(GrpcService.java:195)
	at org.apache.ratis.server.impl.LeaderElection.lambda$submitRequests$1(LeaderElection.java:237)
	at java.util.concurrent.FutureTask.run(FutureTask.java:266)
	at java.util.concurrent.Executors$RunnableAdapter.call(Executors.java:511)
	at java.util.concurrent.FutureTask.run(FutureTask.java:266)
	at java.util.concurrent.ThreadPoolExecutor.runWorker(ThreadPoolExecutor.java:1149)
	at java.util.concurrent.ThreadPoolExecutor$Worker.run(ThreadPoolExecutor.java:624)
	... 1 more
Caused by: org.apache.ratis.thirdparty.io.netty.channel.AbstractChannel$AnnotatedConnectException: Connection refused: /192.168.5.156:37691
	at sun.nio.ch.SocketChannelImpl.checkConnect(Native Method)
	at sun.nio.ch.SocketChannelImpl.finishConnect(SocketChannelImpl.java:717)
	at org.apache.ratis.thirdparty.io.netty.channel.socket.nio.NioSocketChannel.doFinishConnect(NioSocketChannel.java:327)
	at org.apache.ratis.thirdparty.io.netty.channel.nio.AbstractNioChannel$AbstractNioUnsafe.finishConnect(AbstractNioChannel.java:340)
	at org.apache.ratis.thirdparty.io.netty.channel.nio.NioEventLoop.processSelectedKey(NioEventLoop.java:632)
	at org.apache.ratis.thirdparty.io.netty.channel.nio.NioEventLoop.processSelectedKeysOptimized(NioEventLoop.java:579)
	at org.apache.ratis.thirdparty.io.netty.channel.nio.NioEventLoop.processSelectedKeys(NioEventLoop.java:496)
	at org.apache.ratis.thirdparty.io.netty.channel.nio.NioEventLoop.run(NioEventLoop.java:458)
	at org.apache.ratis.thirdparty.io.netty.util.concurrent.SingleThreadEventExecutor$5.run(SingleThreadEventExecutor.java:897)
	at org.apache.ratis.thirdparty.io.netty.util.concurrent.FastThreadLocalRunnable.run(FastThreadLocalRunnable.java:30)
	... 1 more
Caused by: java.net.ConnectException: Connection refused
	... 11 more
2019-08-30 07:34:53,963 [a45a7528-2ba0-4bc3-913c-850122b1269f:group-C640FB00525B:LeaderElection33] INFO  impl.LeaderElection (LogUtils.java:infoOrTrace(149)) - a45a7528-2ba0-4bc3-913c-850122b1269f:group-C640FB00525B:LeaderElection33 got exception when requesting votes: {}
java.util.concurrent.ExecutionException: org.apache.ratis.thirdparty.io.grpc.StatusRuntimeException: UNAVAILABLE: io exception
	at java.util.concurrent.FutureTask.report(FutureTask.java:122)
	at java.util.concurrent.FutureTask.get(FutureTask.java:192)
	at org.apache.ratis.server.impl.LeaderElection.waitForResults(LeaderElection.java:262)
	at org.apache.ratis.server.impl.LeaderElection.askForVotes(LeaderElection.java:200)
	at org.apache.ratis.server.impl.LeaderElection.run(LeaderElection.java:130)
	at java.lang.Thread.run(Thread.java:748)
Caused by: org.apache.ratis.thirdparty.io.grpc.StatusRuntimeException: UNAVAILABLE: io exception
	at org.apache.ratis.thirdparty.io.grpc.stub.ClientCalls.toStatusRuntimeException(ClientCalls.java:233)
	at org.apache.ratis.thirdparty.io.grpc.stub.ClientCalls.getUnchecked(ClientCalls.java:214)
	at org.apache.ratis.thirdparty.io.grpc.stub.ClientCalls.blockingUnaryCall(ClientCalls.java:139)
	at org.apache.ratis.proto.grpc.RaftServerProtocolServiceGrpc$RaftServerProtocolServiceBlockingStub.requestVote(RaftServerProtocolServiceGrpc.java:265)
	at org.apache.ratis.grpc.server.GrpcServerProtocolClient.requestVote(GrpcServerProtocolClient.java:83)
	at org.apache.ratis.grpc.server.GrpcService.requestVote(GrpcService.java:195)
	at org.apache.ratis.server.impl.LeaderElection.lambda$submitRequests$1(LeaderElection.java:237)
	at java.util.concurrent.FutureTask.run(FutureTask.java:266)
	at java.util.concurrent.Executors$RunnableAdapter.call(Executors.java:511)
	at java.util.concurrent.FutureTask.run(FutureTask.java:266)
	at java.util.concurrent.ThreadPoolExecutor.runWorker(ThreadPoolExecutor.java:1149)
	at java.util.concurrent.ThreadPoolExecutor$Worker.run(ThreadPoolExecutor.java:624)
	... 1 more
Caused by: org.apache.ratis.thirdparty.io.netty.channel.AbstractChannel$AnnotatedConnectException: Connection refused: /192.168.5.156:37691
	at sun.nio.ch.SocketChannelImpl.checkConnect(Native Method)
	at sun.nio.ch.SocketChannelImpl.finishConnect(SocketChannelImpl.java:717)
	at org.apache.ratis.thirdparty.io.netty.channel.socket.nio.NioSocketChannel.doFinishConnect(NioSocketChannel.java:327)
	at org.apache.ratis.thirdparty.io.netty.channel.nio.AbstractNioChannel$AbstractNioUnsafe.finishConnect(AbstractNioChannel.java:340)
	at org.apache.ratis.thirdparty.io.netty.channel.nio.NioEventLoop.processSelectedKey(NioEventLoop.java:632)
	at org.apache.ratis.thirdparty.io.netty.channel.nio.NioEventLoop.processSelectedKeysOptimized(NioEventLoop.java:579)
	at org.apache.ratis.thirdparty.io.netty.channel.nio.NioEventLoop.processSelectedKeys(NioEventLoop.java:496)
	at org.apache.ratis.thirdparty.io.netty.channel.nio.NioEventLoop.run(NioEventLoop.java:458)
	at org.apache.ratis.thirdparty.io.netty.util.concurrent.SingleThreadEventExecutor$5.run(SingleThreadEventExecutor.java:897)
	at org.apache.ratis.thirdparty.io.netty.util.concurrent.FastThreadLocalRunnable.run(FastThreadLocalRunnable.java:30)
	... 1 more
Caused by: java.net.ConnectException: Connection refused
	... 11 more
2019-08-30 07:34:53,967 [a45a7528-2ba0-4bc3-913c-850122b1269f:group-70018C5AE2E4:LeaderElection35] INFO  impl.LeaderElection (LogUtils.java:infoOrTrace(149)) - a45a7528-2ba0-4bc3-913c-850122b1269f:group-70018C5AE2E4:LeaderElection35 got exception when requesting votes: {}
java.util.concurrent.ExecutionException: org.apache.ratis.thirdparty.io.grpc.StatusRuntimeException: UNAVAILABLE: io exception
	at java.util.concurrent.FutureTask.report(FutureTask.java:122)
	at java.util.concurrent.FutureTask.get(FutureTask.java:192)
	at org.apache.ratis.server.impl.LeaderElection.waitForResults(LeaderElection.java:262)
	at org.apache.ratis.server.impl.LeaderElection.askForVotes(LeaderElection.java:200)
	at org.apache.ratis.server.impl.LeaderElection.run(LeaderElection.java:130)
	at java.lang.Thread.run(Thread.java:748)
Caused by: org.apache.ratis.thirdparty.io.grpc.StatusRuntimeException: UNAVAILABLE: io exception
	at org.apache.ratis.thirdparty.io.grpc.stub.ClientCalls.toStatusRuntimeException(ClientCalls.java:233)
	at org.apache.ratis.thirdparty.io.grpc.stub.ClientCalls.getUnchecked(ClientCalls.java:214)
	at org.apache.ratis.thirdparty.io.grpc.stub.ClientCalls.blockingUnaryCall(ClientCalls.java:139)
	at org.apache.ratis.proto.grpc.RaftServerProtocolServiceGrpc$RaftServerProtocolServiceBlockingStub.requestVote(RaftServerProtocolServiceGrpc.java:265)
	at org.apache.ratis.grpc.server.GrpcServerProtocolClient.requestVote(GrpcServerProtocolClient.java:83)
	at org.apache.ratis.grpc.server.GrpcService.requestVote(GrpcService.java:195)
	at org.apache.ratis.server.impl.LeaderElection.lambda$submitRequests$1(LeaderElection.java:237)
	at java.util.concurrent.FutureTask.run(FutureTask.java:266)
	at java.util.concurrent.Executors$RunnableAdapter.call(Executors.java:511)
	at java.util.concurrent.FutureTask.run(FutureTask.java:266)
	at java.util.concurrent.ThreadPoolExecutor.runWorker(ThreadPoolExecutor.java:1149)
	at java.util.concurrent.ThreadPoolExecutor$Worker.run(ThreadPoolExecutor.java:624)
	... 1 more
Caused by: org.apache.ratis.thirdparty.io.netty.channel.AbstractChannel$AnnotatedConnectException: Connection refused: /192.168.5.156:46765
	at sun.nio.ch.SocketChannelImpl.checkConnect(Native Method)
	at sun.nio.ch.SocketChannelImpl.finishConnect(SocketChannelImpl.java:717)
	at org.apache.ratis.thirdparty.io.netty.channel.socket.nio.NioSocketChannel.doFinishConnect(NioSocketChannel.java:327)
	at org.apache.ratis.thirdparty.io.netty.channel.nio.AbstractNioChannel$AbstractNioUnsafe.finishConnect(AbstractNioChannel.java:340)
	at org.apache.ratis.thirdparty.io.netty.channel.nio.NioEventLoop.processSelectedKey(NioEventLoop.java:632)
	at org.apache.ratis.thirdparty.io.netty.channel.nio.NioEventLoop.processSelectedKeysOptimized(NioEventLoop.java:579)
	at org.apache.ratis.thirdparty.io.netty.channel.nio.NioEventLoop.processSelectedKeys(NioEventLoop.java:496)
	at org.apache.ratis.thirdparty.io.netty.channel.nio.NioEventLoop.run(NioEventLoop.java:458)
	at org.apache.ratis.thirdparty.io.netty.util.concurrent.SingleThreadEventExecutor$5.run(SingleThreadEventExecutor.java:897)
	at org.apache.ratis.thirdparty.io.netty.util.concurrent.FastThreadLocalRunnable.run(FastThreadLocalRunnable.java:30)
	... 1 more
Caused by: java.net.ConnectException: Connection refused
	... 11 more
2019-08-30 07:34:53,970 [a45a7528-2ba0-4bc3-913c-850122b1269f:group-C640FB00525B:LeaderElection33] INFO  impl.LeaderElection (LogUtils.java:infoOrTrace(149)) - a45a7528-2ba0-4bc3-913c-850122b1269f:group-C640FB00525B:LeaderElection33 got exception when requesting votes: {}
java.util.concurrent.ExecutionException: org.apache.ratis.thirdparty.io.grpc.StatusRuntimeException: UNAVAILABLE: io exception
	at java.util.concurrent.FutureTask.report(FutureTask.java:122)
	at java.util.concurrent.FutureTask.get(FutureTask.java:192)
	at org.apache.ratis.server.impl.LeaderElection.waitForResults(LeaderElection.java:262)
	at org.apache.ratis.server.impl.LeaderElection.askForVotes(LeaderElection.java:200)
	at org.apache.ratis.server.impl.LeaderElection.run(LeaderElection.java:130)
	at java.lang.Thread.run(Thread.java:748)
Caused by: org.apache.ratis.thirdparty.io.grpc.StatusRuntimeException: UNAVAILABLE: io exception
	at org.apache.ratis.thirdparty.io.grpc.stub.ClientCalls.toStatusRuntimeException(ClientCalls.java:233)
	at org.apache.ratis.thirdparty.io.grpc.stub.ClientCalls.getUnchecked(ClientCalls.java:214)
	at org.apache.ratis.thirdparty.io.grpc.stub.ClientCalls.blockingUnaryCall(ClientCalls.java:139)
	at org.apache.ratis.proto.grpc.RaftServerProtocolServiceGrpc$RaftServerProtocolServiceBlockingStub.requestVote(RaftServerProtocolServiceGrpc.java:265)
	at org.apache.ratis.grpc.server.GrpcServerProtocolClient.requestVote(GrpcServerProtocolClient.java:83)
	at org.apache.ratis.grpc.server.GrpcService.requestVote(GrpcService.java:195)
	at org.apache.ratis.server.impl.LeaderElection.lambda$submitRequests$1(LeaderElection.java:237)
	at java.util.concurrent.FutureTask.run(FutureTask.java:266)
	at java.util.concurrent.Executors$RunnableAdapter.call(Executors.java:511)
	at java.util.concurrent.FutureTask.run(FutureTask.java:266)
	at java.util.concurrent.ThreadPoolExecutor.runWorker(ThreadPoolExecutor.java:1149)
	at java.util.concurrent.ThreadPoolExecutor$Worker.run(ThreadPoolExecutor.java:624)
	... 1 more
Caused by: org.apache.ratis.thirdparty.io.netty.channel.AbstractChannel$AnnotatedConnectException: Connection refused: /192.168.5.156:46765
	at sun.nio.ch.SocketChannelImpl.checkConnect(Native Method)
	at sun.nio.ch.SocketChannelImpl.finishConnect(SocketChannelImpl.java:717)
	at org.apache.ratis.thirdparty.io.netty.channel.socket.nio.NioSocketChannel.doFinishConnect(NioSocketChannel.java:327)
	at org.apache.ratis.thirdparty.io.netty.channel.nio.AbstractNioChannel$AbstractNioUnsafe.finishConnect(AbstractNioChannel.java:340)
	at org.apache.ratis.thirdparty.io.netty.channel.nio.NioEventLoop.processSelectedKey(NioEventLoop.java:632)
	at org.apache.ratis.thirdparty.io.netty.channel.nio.NioEventLoop.processSelectedKeysOptimized(NioEventLoop.java:579)
	at org.apache.ratis.thirdparty.io.netty.channel.nio.NioEventLoop.processSelectedKeys(NioEventLoop.java:496)
	at org.apache.ratis.thirdparty.io.netty.channel.nio.NioEventLoop.run(NioEventLoop.java:458)
	at org.apache.ratis.thirdparty.io.netty.util.concurrent.SingleThreadEventExecutor$5.run(SingleThreadEventExecutor.java:897)
	at org.apache.ratis.thirdparty.io.netty.util.concurrent.FastThreadLocalRunnable.run(FastThreadLocalRunnable.java:30)
	... 1 more
Caused by: java.net.ConnectException: Connection refused
	... 11 more
2019-08-30 07:34:53,973 [a45a7528-2ba0-4bc3-913c-850122b1269f:group-70018C5AE2E4:LeaderElection35] INFO  impl.LeaderElection (LeaderElection.java:logAndReturn(56)) - a45a7528-2ba0-4bc3-913c-850122b1269f:group-70018C5AE2E4:LeaderElection35: Election REJECTED; received 0 response(s) [] and 2 exception(s); a45a7528-2ba0-4bc3-913c-850122b1269f:t2, leader=null, voted=a45a7528-2ba0-4bc3-913c-850122b1269f, raftlog=a45a7528-2ba0-4bc3-913c-850122b1269f-SegmentedRaftLog:OPENED:c0,f0,i0, conf=0: [acc690db-1381-479d-90ad-8aa346d73f29:192.168.5.156:37691, c1f9b5f6-3f1a-4e58-b5c3-6c327452b89e:192.168.5.156:46765, a45a7528-2ba0-4bc3-913c-850122b1269f:192.168.5.156:32945], old=null
2019-08-30 07:34:53,975 [a45a7528-2ba0-4bc3-913c-850122b1269f:group-C640FB00525B:LeaderElection33] INFO  impl.LeaderElection (LeaderElection.java:logAndReturn(56)) - a45a7528-2ba0-4bc3-913c-850122b1269f:group-C640FB00525B:LeaderElection33: Election REJECTED; received 0 response(s) [] and 2 exception(s); a45a7528-2ba0-4bc3-913c-850122b1269f:t2, leader=null, voted=a45a7528-2ba0-4bc3-913c-850122b1269f, raftlog=a45a7528-2ba0-4bc3-913c-850122b1269f-SegmentedRaftLog:OPENED:c0,f0,i0, conf=0: [acc690db-1381-479d-90ad-8aa346d73f29:192.168.5.156:37691, c1f9b5f6-3f1a-4e58-b5c3-6c327452b89e:192.168.5.156:46765, a45a7528-2ba0-4bc3-913c-850122b1269f:192.168.5.156:32945], old=null
2019-08-30 07:34:53,975 [a45a7528-2ba0-4bc3-913c-850122b1269f:group-70018C5AE2E4:LeaderElection35] INFO  impl.LeaderElection (LogUtils.java:infoOrTrace(149)) -   Exception 0: {}
java.util.concurrent.ExecutionException: org.apache.ratis.thirdparty.io.grpc.StatusRuntimeException: UNAVAILABLE: io exception
	at java.util.concurrent.FutureTask.report(FutureTask.java:122)
	at java.util.concurrent.FutureTask.get(FutureTask.java:192)
	at org.apache.ratis.server.impl.LeaderElection.waitForResults(LeaderElection.java:262)
	at org.apache.ratis.server.impl.LeaderElection.askForVotes(LeaderElection.java:200)
	at org.apache.ratis.server.impl.LeaderElection.run(LeaderElection.java:130)
	at java.lang.Thread.run(Thread.java:748)
Caused by: org.apache.ratis.thirdparty.io.grpc.StatusRuntimeException: UNAVAILABLE: io exception
	at org.apache.ratis.thirdparty.io.grpc.stub.ClientCalls.toStatusRuntimeException(ClientCalls.java:233)
	at org.apache.ratis.thirdparty.io.grpc.stub.ClientCalls.getUnchecked(ClientCalls.java:214)
	at org.apache.ratis.thirdparty.io.grpc.stub.ClientCalls.blockingUnaryCall(ClientCalls.java:139)
	at org.apache.ratis.proto.grpc.RaftServerProtocolServiceGrpc$RaftServerProtocolServiceBlockingStub.requestVote(RaftServerProtocolServiceGrpc.java:265)
	at org.apache.ratis.grpc.server.GrpcServerProtocolClient.requestVote(GrpcServerProtocolClient.java:83)
	at org.apache.ratis.grpc.server.GrpcService.requestVote(GrpcService.java:195)
	at org.apache.ratis.server.impl.LeaderElection.lambda$submitRequests$1(LeaderElection.java:237)
	at java.util.concurrent.FutureTask.run(FutureTask.java:266)
	at java.util.concurrent.Executors$RunnableAdapter.call(Executors.java:511)
	at java.util.concurrent.FutureTask.run(FutureTask.java:266)
	at java.util.concurrent.ThreadPoolExecutor.runWorker(ThreadPoolExecutor.java:1149)
	at java.util.concurrent.ThreadPoolExecutor$Worker.run(ThreadPoolExecutor.java:624)
	... 1 more
Caused by: org.apache.ratis.thirdparty.io.netty.channel.AbstractChannel$AnnotatedConnectException: Connection refused: /192.168.5.156:37691
	at sun.nio.ch.SocketChannelImpl.checkConnect(Native Method)
	at sun.nio.ch.SocketChannelImpl.finishConnect(SocketChannelImpl.java:717)
	at org.apache.ratis.thirdparty.io.netty.channel.socket.nio.NioSocketChannel.doFinishConnect(NioSocketChannel.java:327)
	at org.apache.ratis.thirdparty.io.netty.channel.nio.AbstractNioChannel$AbstractNioUnsafe.finishConnect(AbstractNioChannel.java:340)
	at org.apache.ratis.thirdparty.io.netty.channel.nio.NioEventLoop.processSelectedKey(NioEventLoop.java:632)
	at org.apache.ratis.thirdparty.io.netty.channel.nio.NioEventLoop.processSelectedKeysOptimized(NioEventLoop.java:579)
	at org.apache.ratis.thirdparty.io.netty.channel.nio.NioEventLoop.processSelectedKeys(NioEventLoop.java:496)
	at org.apache.ratis.thirdparty.io.netty.channel.nio.NioEventLoop.run(NioEventLoop.java:458)
	at org.apache.ratis.thirdparty.io.netty.util.concurrent.SingleThreadEventExecutor$5.run(SingleThreadEventExecutor.java:897)
	at org.apache.ratis.thirdparty.io.netty.util.concurrent.FastThreadLocalRunnable.run(FastThreadLocalRunnable.java:30)
	... 1 more
Caused by: java.net.ConnectException: Connection refused
	... 11 more
2019-08-30 07:34:53,975 [a45a7528-2ba0-4bc3-913c-850122b1269f:group-C640FB00525B:LeaderElection33] INFO  impl.LeaderElection (LogUtils.java:infoOrTrace(149)) -   Exception 0: {}
java.util.concurrent.ExecutionException: org.apache.ratis.thirdparty.io.grpc.StatusRuntimeException: UNAVAILABLE: io exception
	at java.util.concurrent.FutureTask.report(FutureTask.java:122)
	at java.util.concurrent.FutureTask.get(FutureTask.java:192)
	at org.apache.ratis.server.impl.LeaderElection.waitForResults(LeaderElection.java:262)
	at org.apache.ratis.server.impl.LeaderElection.askForVotes(LeaderElection.java:200)
	at org.apache.ratis.server.impl.LeaderElection.run(LeaderElection.java:130)
	at java.lang.Thread.run(Thread.java:748)
Caused by: org.apache.ratis.thirdparty.io.grpc.StatusRuntimeException: UNAVAILABLE: io exception
	at org.apache.ratis.thirdparty.io.grpc.stub.ClientCalls.toStatusRuntimeException(ClientCalls.java:233)
	at org.apache.ratis.thirdparty.io.grpc.stub.ClientCalls.getUnchecked(ClientCalls.java:214)
	at org.apache.ratis.thirdparty.io.grpc.stub.ClientCalls.blockingUnaryCall(ClientCalls.java:139)
	at org.apache.ratis.proto.grpc.RaftServerProtocolServiceGrpc$RaftServerProtocolServiceBlockingStub.requestVote(RaftServerProtocolServiceGrpc.java:265)
	at org.apache.ratis.grpc.server.GrpcServerProtocolClient.requestVote(GrpcServerProtocolClient.java:83)
	at org.apache.ratis.grpc.server.GrpcService.requestVote(GrpcService.java:195)
	at org.apache.ratis.server.impl.LeaderElection.lambda$submitRequests$1(LeaderElection.java:237)
	at java.util.concurrent.FutureTask.run(FutureTask.java:266)
	at java.util.concurrent.Executors$RunnableAdapter.call(Executors.java:511)
	at java.util.concurrent.FutureTask.run(FutureTask.java:266)
	at java.util.concurrent.ThreadPoolExecutor.runWorker(ThreadPoolExecutor.java:1149)
	at java.util.concurrent.ThreadPoolExecutor$Worker.run(ThreadPoolExecutor.java:624)
	... 1 more
Caused by: org.apache.ratis.thirdparty.io.netty.channel.AbstractChannel$AnnotatedConnectException: Connection refused: /192.168.5.156:37691
	at sun.nio.ch.SocketChannelImpl.checkConnect(Native Method)
	at sun.nio.ch.SocketChannelImpl.finishConnect(SocketChannelImpl.java:717)
	at org.apache.ratis.thirdparty.io.netty.channel.socket.nio.NioSocketChannel.doFinishConnect(NioSocketChannel.java:327)
	at org.apache.ratis.thirdparty.io.netty.channel.nio.AbstractNioChannel$AbstractNioUnsafe.finishConnect(AbstractNioChannel.java:340)
	at org.apache.ratis.thirdparty.io.netty.channel.nio.NioEventLoop.processSelectedKey(NioEventLoop.java:632)
	at org.apache.ratis.thirdparty.io.netty.channel.nio.NioEventLoop.processSelectedKeysOptimized(NioEventLoop.java:579)
	at org.apache.ratis.thirdparty.io.netty.channel.nio.NioEventLoop.processSelectedKeys(NioEventLoop.java:496)
	at org.apache.ratis.thirdparty.io.netty.channel.nio.NioEventLoop.run(NioEventLoop.java:458)
	at org.apache.ratis.thirdparty.io.netty.util.concurrent.SingleThreadEventExecutor$5.run(SingleThreadEventExecutor.java:897)
	at org.apache.ratis.thirdparty.io.netty.util.concurrent.FastThreadLocalRunnable.run(FastThreadLocalRunnable.java:30)
	... 1 more
Caused by: java.net.ConnectException: Connection refused
	... 11 more
2019-08-30 07:34:53,976 [a45a7528-2ba0-4bc3-913c-850122b1269f:group-C640FB00525B:LeaderElection33] INFO  impl.LeaderElection (LogUtils.java:infoOrTrace(149)) -   Exception 1: {}
java.util.concurrent.ExecutionException: org.apache.ratis.thirdparty.io.grpc.StatusRuntimeException: UNAVAILABLE: io exception
	at java.util.concurrent.FutureTask.report(FutureTask.java:122)
	at java.util.concurrent.FutureTask.get(FutureTask.java:192)
	at org.apache.ratis.server.impl.LeaderElection.waitForResults(LeaderElection.java:262)
	at org.apache.ratis.server.impl.LeaderElection.askForVotes(LeaderElection.java:200)
	at org.apache.ratis.server.impl.LeaderElection.run(LeaderElection.java:130)
	at java.lang.Thread.run(Thread.java:748)
Caused by: org.apache.ratis.thirdparty.io.grpc.StatusRuntimeException: UNAVAILABLE: io exception
	at org.apache.ratis.thirdparty.io.grpc.stub.ClientCalls.toStatusRuntimeException(ClientCalls.java:233)
	at org.apache.ratis.thirdparty.io.grpc.stub.ClientCalls.getUnchecked(ClientCalls.java:214)
	at org.apache.ratis.thirdparty.io.grpc.stub.ClientCalls.blockingUnaryCall(ClientCalls.java:139)
	at org.apache.ratis.proto.grpc.RaftServerProtocolServiceGrpc$RaftServerProtocolServiceBlockingStub.requestVote(RaftServerProtocolServiceGrpc.java:265)
	at org.apache.ratis.grpc.server.GrpcServerProtocolClient.requestVote(GrpcServerProtocolClient.java:83)
	at org.apache.ratis.grpc.server.GrpcService.requestVote(GrpcService.java:195)
	at org.apache.ratis.server.impl.LeaderElection.lambda$submitRequests$1(LeaderElection.java:237)
	at java.util.concurrent.FutureTask.run(FutureTask.java:266)
	at java.util.concurrent.Executors$RunnableAdapter.call(Executors.java:511)
	at java.util.concurrent.FutureTask.run(FutureTask.java:266)
	at java.util.concurrent.ThreadPoolExecutor.runWorker(ThreadPoolExecutor.java:1149)
	at java.util.concurrent.ThreadPoolExecutor$Worker.run(ThreadPoolExecutor.java:624)
	... 1 more
Caused by: org.apache.ratis.thirdparty.io.netty.channel.AbstractChannel$AnnotatedConnectException: Connection refused: /192.168.5.156:46765
	at sun.nio.ch.SocketChannelImpl.checkConnect(Native Method)
	at sun.nio.ch.SocketChannelImpl.finishConnect(SocketChannelImpl.java:717)
	at org.apache.ratis.thirdparty.io.netty.channel.socket.nio.NioSocketChannel.doFinishConnect(NioSocketChannel.java:327)
	at org.apache.ratis.thirdparty.io.netty.channel.nio.AbstractNioChannel$AbstractNioUnsafe.finishConnect(AbstractNioChannel.java:340)
	at org.apache.ratis.thirdparty.io.netty.channel.nio.NioEventLoop.processSelectedKey(NioEventLoop.java:632)
	at org.apache.ratis.thirdparty.io.netty.channel.nio.NioEventLoop.processSelectedKeysOptimized(NioEventLoop.java:579)
	at org.apache.ratis.thirdparty.io.netty.channel.nio.NioEventLoop.processSelectedKeys(NioEventLoop.java:496)
	at org.apache.ratis.thirdparty.io.netty.channel.nio.NioEventLoop.run(NioEventLoop.java:458)
	at org.apache.ratis.thirdparty.io.netty.util.concurrent.SingleThreadEventExecutor$5.run(SingleThreadEventExecutor.java:897)
	at org.apache.ratis.thirdparty.io.netty.util.concurrent.FastThreadLocalRunnable.run(FastThreadLocalRunnable.java:30)
	... 1 more
Caused by: java.net.ConnectException: Connection refused
	... 11 more
2019-08-30 07:34:53,976 [a45a7528-2ba0-4bc3-913c-850122b1269f:group-70018C5AE2E4:LeaderElection35] INFO  impl.LeaderElection (LogUtils.java:infoOrTrace(149)) -   Exception 1: {}
java.util.concurrent.ExecutionException: org.apache.ratis.thirdparty.io.grpc.StatusRuntimeException: UNAVAILABLE: io exception
	at java.util.concurrent.FutureTask.report(FutureTask.java:122)
	at java.util.concurrent.FutureTask.get(FutureTask.java:192)
	at org.apache.ratis.server.impl.LeaderElection.waitForResults(LeaderElection.java:262)
	at org.apache.ratis.server.impl.LeaderElection.askForVotes(LeaderElection.java:200)
	at org.apache.ratis.server.impl.LeaderElection.run(LeaderElection.java:130)
	at java.lang.Thread.run(Thread.java:748)
Caused by: org.apache.ratis.thirdparty.io.grpc.StatusRuntimeException: UNAVAILABLE: io exception
	at org.apache.ratis.thirdparty.io.grpc.stub.ClientCalls.toStatusRuntimeException(ClientCalls.java:233)
	at org.apache.ratis.thirdparty.io.grpc.stub.ClientCalls.getUnchecked(ClientCalls.java:214)
	at org.apache.ratis.thirdparty.io.grpc.stub.ClientCalls.blockingUnaryCall(ClientCalls.java:139)
	at org.apache.ratis.proto.grpc.RaftServerProtocolServiceGrpc$RaftServerProtocolServiceBlockingStub.requestVote(RaftServerProtocolServiceGrpc.java:265)
	at org.apache.ratis.grpc.server.GrpcServerProtocolClient.requestVote(GrpcServerProtocolClient.java:83)
	at org.apache.ratis.grpc.server.GrpcService.requestVote(GrpcService.java:195)
	at org.apache.ratis.server.impl.LeaderElection.lambda$submitRequests$1(LeaderElection.java:237)
	at java.util.concurrent.FutureTask.run(FutureTask.java:266)
	at java.util.concurrent.Executors$RunnableAdapter.call(Executors.java:511)
	at java.util.concurrent.FutureTask.run(FutureTask.java:266)
	at java.util.concurrent.ThreadPoolExecutor.runWorker(ThreadPoolExecutor.java:1149)
	at java.util.concurrent.ThreadPoolExecutor$Worker.run(ThreadPoolExecutor.java:624)
	... 1 more
Caused by: org.apache.ratis.thirdparty.io.netty.channel.AbstractChannel$AnnotatedConnectException: Connection refused: /192.168.5.156:46765
	at sun.nio.ch.SocketChannelImpl.checkConnect(Native Method)
	at sun.nio.ch.SocketChannelImpl.finishConnect(SocketChannelImpl.java:717)
	at org.apache.ratis.thirdparty.io.netty.channel.socket.nio.NioSocketChannel.doFinishConnect(NioSocketChannel.java:327)
	at org.apache.ratis.thirdparty.io.netty.channel.nio.AbstractNioChannel$AbstractNioUnsafe.finishConnect(AbstractNioChannel.java:340)
	at org.apache.ratis.thirdparty.io.netty.channel.nio.NioEventLoop.processSelectedKey(NioEventLoop.java:632)
	at org.apache.ratis.thirdparty.io.netty.channel.nio.NioEventLoop.processSelectedKeysOptimized(NioEventLoop.java:579)
	at org.apache.ratis.thirdparty.io.netty.channel.nio.NioEventLoop.processSelectedKeys(NioEventLoop.java:496)
	at org.apache.ratis.thirdparty.io.netty.channel.nio.NioEventLoop.run(NioEventLoop.java:458)
	at org.apache.ratis.thirdparty.io.netty.util.concurrent.SingleThreadEventExecutor$5.run(SingleThreadEventExecutor.java:897)
	at org.apache.ratis.thirdparty.io.netty.util.concurrent.FastThreadLocalRunnable.run(FastThreadLocalRunnable.java:30)
	... 1 more
Caused by: java.net.ConnectException: Connection refused
	... 11 more
2019-08-30 07:34:53,977 [a45a7528-2ba0-4bc3-913c-850122b1269f:group-C640FB00525B:LeaderElection33] INFO  impl.RaftServerImpl (RaftServerImpl.java:setRole(171)) - a45a7528-2ba0-4bc3-913c-850122b1269f:group-C640FB00525B changes role from CANDIDATE to FOLLOWER at term 2 for DISCOVERED_A_NEW_TERM
2019-08-30 07:34:53,977 [a45a7528-2ba0-4bc3-913c-850122b1269f:group-70018C5AE2E4:LeaderElection35] INFO  impl.RaftServerImpl (RaftServerImpl.java:setRole(171)) - a45a7528-2ba0-4bc3-913c-850122b1269f:group-70018C5AE2E4 changes role from CANDIDATE to FOLLOWER at term 2 for DISCOVERED_A_NEW_TERM
2019-08-30 07:34:53,977 [a45a7528-2ba0-4bc3-913c-850122b1269f:group-C640FB00525B:LeaderElection33] INFO  impl.RoleInfo (RoleInfo.java:shutdownLeaderElection(134)) - a45a7528-2ba0-4bc3-913c-850122b1269f: shutdown LeaderElection
2019-08-30 07:34:53,977 [a45a7528-2ba0-4bc3-913c-850122b1269f:group-70018C5AE2E4:LeaderElection35] INFO  impl.RoleInfo (RoleInfo.java:shutdownLeaderElection(134)) - a45a7528-2ba0-4bc3-913c-850122b1269f: shutdown LeaderElection
2019-08-30 07:34:53,978 [a45a7528-2ba0-4bc3-913c-850122b1269f:group-C640FB00525B:LeaderElection33] INFO  impl.RoleInfo (RoleInfo.java:updateAndGet(143)) - a45a7528-2ba0-4bc3-913c-850122b1269f: start FollowerState
2019-08-30 07:34:53,978 [a45a7528-2ba0-4bc3-913c-850122b1269f:group-70018C5AE2E4:LeaderElection35] INFO  impl.RoleInfo (RoleInfo.java:updateAndGet(143)) - a45a7528-2ba0-4bc3-913c-850122b1269f: start FollowerState
2019-08-30 07:34:53,980 [a45a7528-2ba0-4bc3-913c-850122b1269f:group-F9B49111EF33:LeaderElection34] INFO  impl.LeaderElection (LeaderElection.java:askForVotes(181)) - a45a7528-2ba0-4bc3-913c-850122b1269f:group-F9B49111EF33:LeaderElection34: begin an election at term 2 for 0: [acc690db-1381-479d-90ad-8aa346d73f29:192.168.5.156:37691, c1f9b5f6-3f1a-4e58-b5c3-6c327452b89e:192.168.5.156:46765, a45a7528-2ba0-4bc3-913c-850122b1269f:192.168.5.156:32945], old=null
2019-08-30 07:34:53,980 [a45a7528-2ba0-4bc3-913c-850122b1269f:group-186677E0C462:LeaderElection36] INFO  impl.LeaderElection (LeaderElection.java:askForVotes(181)) - a45a7528-2ba0-4bc3-913c-850122b1269f:group-186677E0C462:LeaderElection36: begin an election at term 2 for 0: [acc690db-1381-479d-90ad-8aa346d73f29:192.168.5.156:37691, c1f9b5f6-3f1a-4e58-b5c3-6c327452b89e:192.168.5.156:46765, a45a7528-2ba0-4bc3-913c-850122b1269f:192.168.5.156:32945], old=null
2019-08-30 07:34:53,981 [Datanode State Machine Thread - 0] INFO  statemachine.DatanodeStateMachine (DatanodeStateMachine.java:lambda$startDaemon$0(350)) - Ozone container server started.
2019-08-30 07:34:53,981 [a45a7528-2ba0-4bc3-913c-850122b1269f:group-F9B49111EF33:LeaderElection34] INFO  impl.LeaderElection (LogUtils.java:infoOrTrace(149)) - a45a7528-2ba0-4bc3-913c-850122b1269f:group-F9B49111EF33:LeaderElection34 got exception when requesting votes: {}
java.util.concurrent.ExecutionException: org.apache.ratis.thirdparty.io.grpc.StatusRuntimeException: UNAVAILABLE: io exception
	at java.util.concurrent.FutureTask.report(FutureTask.java:122)
	at java.util.concurrent.FutureTask.get(FutureTask.java:192)
	at org.apache.ratis.server.impl.LeaderElection.waitForResults(LeaderElection.java:262)
	at org.apache.ratis.server.impl.LeaderElection.askForVotes(LeaderElection.java:200)
	at org.apache.ratis.server.impl.LeaderElection.run(LeaderElection.java:130)
	at java.lang.Thread.run(Thread.java:748)
Caused by: org.apache.ratis.thirdparty.io.grpc.StatusRuntimeException: UNAVAILABLE: io exception
	at org.apache.ratis.thirdparty.io.grpc.stub.ClientCalls.toStatusRuntimeException(ClientCalls.java:233)
	at org.apache.ratis.thirdparty.io.grpc.stub.ClientCalls.getUnchecked(ClientCalls.java:214)
	at org.apache.ratis.thirdparty.io.grpc.stub.ClientCalls.blockingUnaryCall(ClientCalls.java:139)
	at org.apache.ratis.proto.grpc.RaftServerProtocolServiceGrpc$RaftServerProtocolServiceBlockingStub.requestVote(RaftServerProtocolServiceGrpc.java:265)
	at org.apache.ratis.grpc.server.GrpcServerProtocolClient.requestVote(GrpcServerProtocolClient.java:83)
	at org.apache.ratis.grpc.server.GrpcService.requestVote(GrpcService.java:195)
	at org.apache.ratis.server.impl.LeaderElection.lambda$submitRequests$1(LeaderElection.java:237)
	at java.util.concurrent.FutureTask.run(FutureTask.java:266)
	at java.util.concurrent.Executors$RunnableAdapter.call(Executors.java:511)
	at java.util.concurrent.FutureTask.run(FutureTask.java:266)
	at java.util.concurrent.ThreadPoolExecutor.runWorker(ThreadPoolExecutor.java:1149)
	at java.util.concurrent.ThreadPoolExecutor$Worker.run(ThreadPoolExecutor.java:624)
	... 1 more
Caused by: org.apache.ratis.thirdparty.io.netty.channel.AbstractChannel$AnnotatedConnectException: Connection refused: /192.168.5.156:37691
	at sun.nio.ch.SocketChannelImpl.checkConnect(Native Method)
	at sun.nio.ch.SocketChannelImpl.finishConnect(SocketChannelImpl.java:717)
	at org.apache.ratis.thirdparty.io.netty.channel.socket.nio.NioSocketChannel.doFinishConnect(NioSocketChannel.java:327)
	at org.apache.ratis.thirdparty.io.netty.channel.nio.AbstractNioChannel$AbstractNioUnsafe.finishConnect(AbstractNioChannel.java:340)
	at org.apache.ratis.thirdparty.io.netty.channel.nio.NioEventLoop.processSelectedKey(NioEventLoop.java:632)
	at org.apache.ratis.thirdparty.io.netty.channel.nio.NioEventLoop.processSelectedKeysOptimized(NioEventLoop.java:579)
	at org.apache.ratis.thirdparty.io.netty.channel.nio.NioEventLoop.processSelectedKeys(NioEventLoop.java:496)
	at org.apache.ratis.thirdparty.io.netty.channel.nio.NioEventLoop.run(NioEventLoop.java:458)
	at org.apache.ratis.thirdparty.io.netty.util.concurrent.SingleThreadEventExecutor$5.run(SingleThreadEventExecutor.java:897)
	at org.apache.ratis.thirdparty.io.netty.util.concurrent.FastThreadLocalRunnable.run(FastThreadLocalRunnable.java:30)
	... 1 more
Caused by: java.net.ConnectException: Connection refused
	... 11 more
2019-08-30 07:34:53,981 [a45a7528-2ba0-4bc3-913c-850122b1269f:group-186677E0C462:LeaderElection36] INFO  impl.LeaderElection (LogUtils.java:infoOrTrace(149)) - a45a7528-2ba0-4bc3-913c-850122b1269f:group-186677E0C462:LeaderElection36 got exception when requesting votes: {}
java.util.concurrent.ExecutionException: org.apache.ratis.thirdparty.io.grpc.StatusRuntimeException: UNAVAILABLE: io exception
	at java.util.concurrent.FutureTask.report(FutureTask.java:122)
	at java.util.concurrent.FutureTask.get(FutureTask.java:192)
	at org.apache.ratis.server.impl.LeaderElection.waitForResults(LeaderElection.java:262)
	at org.apache.ratis.server.impl.LeaderElection.askForVotes(LeaderElection.java:200)
	at org.apache.ratis.server.impl.LeaderElection.run(LeaderElection.java:130)
	at java.lang.Thread.run(Thread.java:748)
Caused by: org.apache.ratis.thirdparty.io.grpc.StatusRuntimeException: UNAVAILABLE: io exception
	at org.apache.ratis.thirdparty.io.grpc.stub.ClientCalls.toStatusRuntimeException(ClientCalls.java:233)
	at org.apache.ratis.thirdparty.io.grpc.stub.ClientCalls.getUnchecked(ClientCalls.java:214)
	at org.apache.ratis.thirdparty.io.grpc.stub.ClientCalls.blockingUnaryCall(ClientCalls.java:139)
	at org.apache.ratis.proto.grpc.RaftServerProtocolServiceGrpc$RaftServerProtocolServiceBlockingStub.requestVote(RaftServerProtocolServiceGrpc.java:265)
	at org.apache.ratis.grpc.server.GrpcServerProtocolClient.requestVote(GrpcServerProtocolClient.java:83)
	at org.apache.ratis.grpc.server.GrpcService.requestVote(GrpcService.java:195)
	at org.apache.ratis.server.impl.LeaderElection.lambda$submitRequests$1(LeaderElection.java:237)
	at java.util.concurrent.FutureTask.run(FutureTask.java:266)
	at java.util.concurrent.Executors$RunnableAdapter.call(Executors.java:511)
	at java.util.concurrent.FutureTask.run(FutureTask.java:266)
	at java.util.concurrent.ThreadPoolExecutor.runWorker(ThreadPoolExecutor.java:1149)
	at java.util.concurrent.ThreadPoolExecutor$Worker.run(ThreadPoolExecutor.java:624)
	... 1 more
Caused by: org.apache.ratis.thirdparty.io.netty.channel.AbstractChannel$AnnotatedConnectException: Connection refused: /192.168.5.156:37691
	at sun.nio.ch.SocketChannelImpl.checkConnect(Native Method)
	at sun.nio.ch.SocketChannelImpl.finishConnect(SocketChannelImpl.java:717)
	at org.apache.ratis.thirdparty.io.netty.channel.socket.nio.NioSocketChannel.doFinishConnect(NioSocketChannel.java:327)
	at org.apache.ratis.thirdparty.io.netty.channel.nio.AbstractNioChannel$AbstractNioUnsafe.finishConnect(AbstractNioChannel.java:340)
	at org.apache.ratis.thirdparty.io.netty.channel.nio.NioEventLoop.processSelectedKey(NioEventLoop.java:632)
	at org.apache.ratis.thirdparty.io.netty.channel.nio.NioEventLoop.processSelectedKeysOptimized(NioEventLoop.java:579)
	at org.apache.ratis.thirdparty.io.netty.channel.nio.NioEventLoop.processSelectedKeys(NioEventLoop.java:496)
	at org.apache.ratis.thirdparty.io.netty.channel.nio.NioEventLoop.run(NioEventLoop.java:458)
	at org.apache.ratis.thirdparty.io.netty.util.concurrent.SingleThreadEventExecutor$5.run(SingleThreadEventExecutor.java:897)
	at org.apache.ratis.thirdparty.io.netty.util.concurrent.FastThreadLocalRunnable.run(FastThreadLocalRunnable.java:30)
	... 1 more
Caused by: java.net.ConnectException: Connection refused
	... 11 more
2019-08-30 07:34:53,983 [a45a7528-2ba0-4bc3-913c-850122b1269f:group-F9B49111EF33:LeaderElection34] INFO  impl.LeaderElection (LogUtils.java:infoOrTrace(149)) - a45a7528-2ba0-4bc3-913c-850122b1269f:group-F9B49111EF33:LeaderElection34 got exception when requesting votes: {}
java.util.concurrent.ExecutionException: org.apache.ratis.thirdparty.io.grpc.StatusRuntimeException: UNAVAILABLE: io exception
	at java.util.concurrent.FutureTask.report(FutureTask.java:122)
	at java.util.concurrent.FutureTask.get(FutureTask.java:192)
	at org.apache.ratis.server.impl.LeaderElection.waitForResults(LeaderElection.java:262)
	at org.apache.ratis.server.impl.LeaderElection.askForVotes(LeaderElection.java:200)
	at org.apache.ratis.server.impl.LeaderElection.run(LeaderElection.java:130)
	at java.lang.Thread.run(Thread.java:748)
Caused by: org.apache.ratis.thirdparty.io.grpc.StatusRuntimeException: UNAVAILABLE: io exception
	at org.apache.ratis.thirdparty.io.grpc.stub.ClientCalls.toStatusRuntimeException(ClientCalls.java:233)
	at org.apache.ratis.thirdparty.io.grpc.stub.ClientCalls.getUnchecked(ClientCalls.java:214)
	at org.apache.ratis.thirdparty.io.grpc.stub.ClientCalls.blockingUnaryCall(ClientCalls.java:139)
	at org.apache.ratis.proto.grpc.RaftServerProtocolServiceGrpc$RaftServerProtocolServiceBlockingStub.requestVote(RaftServerProtocolServiceGrpc.java:265)
	at org.apache.ratis.grpc.server.GrpcServerProtocolClient.requestVote(GrpcServerProtocolClient.java:83)
	at org.apache.ratis.grpc.server.GrpcService.requestVote(GrpcService.java:195)
	at org.apache.ratis.server.impl.LeaderElection.lambda$submitRequests$1(LeaderElection.java:237)
	at java.util.concurrent.FutureTask.run(FutureTask.java:266)
	at java.util.concurrent.Executors$RunnableAdapter.call(Executors.java:511)
	at java.util.concurrent.FutureTask.run(FutureTask.java:266)
	at java.util.concurrent.ThreadPoolExecutor.runWorker(ThreadPoolExecutor.java:1149)
	at java.util.concurrent.ThreadPoolExecutor$Worker.run(ThreadPoolExecutor.java:624)
	... 1 more
Caused by: org.apache.ratis.thirdparty.io.netty.channel.AbstractChannel$AnnotatedConnectException: Connection refused: /192.168.5.156:46765
	at sun.nio.ch.SocketChannelImpl.checkConnect(Native Method)
	at sun.nio.ch.SocketChannelImpl.finishConnect(SocketChannelImpl.java:717)
	at org.apache.ratis.thirdparty.io.netty.channel.socket.nio.NioSocketChannel.doFinishConnect(NioSocketChannel.java:327)
	at org.apache.ratis.thirdparty.io.netty.channel.nio.AbstractNioChannel$AbstractNioUnsafe.finishConnect(AbstractNioChannel.java:340)
	at org.apache.ratis.thirdparty.io.netty.channel.nio.NioEventLoop.processSelectedKey(NioEventLoop.java:632)
	at org.apache.ratis.thirdparty.io.netty.channel.nio.NioEventLoop.processSelectedKeysOptimized(NioEventLoop.java:579)
	at org.apache.ratis.thirdparty.io.netty.channel.nio.NioEventLoop.processSelectedKeys(NioEventLoop.java:496)
	at org.apache.ratis.thirdparty.io.netty.channel.nio.NioEventLoop.run(NioEventLoop.java:458)
	at org.apache.ratis.thirdparty.io.netty.util.concurrent.SingleThreadEventExecutor$5.run(SingleThreadEventExecutor.java:897)
	at org.apache.ratis.thirdparty.io.netty.util.concurrent.FastThreadLocalRunnable.run(FastThreadLocalRunnable.java:30)
	... 1 more
Caused by: java.net.ConnectException: Connection refused
	... 11 more
2019-08-30 07:34:53,986 [a45a7528-2ba0-4bc3-913c-850122b1269f:group-186677E0C462:LeaderElection36] INFO  impl.LeaderElection (LogUtils.java:infoOrTrace(149)) - a45a7528-2ba0-4bc3-913c-850122b1269f:group-186677E0C462:LeaderElection36 got exception when requesting votes: {}
java.util.concurrent.ExecutionException: org.apache.ratis.thirdparty.io.grpc.StatusRuntimeException: UNAVAILABLE: io exception
	at java.util.concurrent.FutureTask.report(FutureTask.java:122)
	at java.util.concurrent.FutureTask.get(FutureTask.java:192)
	at org.apache.ratis.server.impl.LeaderElection.waitForResults(LeaderElection.java:262)
	at org.apache.ratis.server.impl.LeaderElection.askForVotes(LeaderElection.java:200)
	at org.apache.ratis.server.impl.LeaderElection.run(LeaderElection.java:130)
	at java.lang.Thread.run(Thread.java:748)
Caused by: org.apache.ratis.thirdparty.io.grpc.StatusRuntimeException: UNAVAILABLE: io exception
	at org.apache.ratis.thirdparty.io.grpc.stub.ClientCalls.toStatusRuntimeException(ClientCalls.java:233)
	at org.apache.ratis.thirdparty.io.grpc.stub.ClientCalls.getUnchecked(ClientCalls.java:214)
	at org.apache.ratis.thirdparty.io.grpc.stub.ClientCalls.blockingUnaryCall(ClientCalls.java:139)
	at org.apache.ratis.proto.grpc.RaftServerProtocolServiceGrpc$RaftServerProtocolServiceBlockingStub.requestVote(RaftServerProtocolServiceGrpc.java:265)
	at org.apache.ratis.grpc.server.GrpcServerProtocolClient.requestVote(GrpcServerProtocolClient.java:83)
	at org.apache.ratis.grpc.server.GrpcService.requestVote(GrpcService.java:195)
	at org.apache.ratis.server.impl.LeaderElection.lambda$submitRequests$1(LeaderElection.java:237)
	at java.util.concurrent.FutureTask.run(FutureTask.java:266)
	at java.util.concurrent.Executors$RunnableAdapter.call(Executors.java:511)
	at java.util.concurrent.FutureTask.run(FutureTask.java:266)
	at java.util.concurrent.ThreadPoolExecutor.runWorker(ThreadPoolExecutor.java:1149)
	at java.util.concurrent.ThreadPoolExecutor$Worker.run(ThreadPoolExecutor.java:624)
	... 1 more
Caused by: org.apache.ratis.thirdparty.io.netty.channel.AbstractChannel$AnnotatedConnectException: Connection refused: /192.168.5.156:46765
	at sun.nio.ch.SocketChannelImpl.checkConnect(Native Method)
	at sun.nio.ch.SocketChannelImpl.finishConnect(SocketChannelImpl.java:717)
	at org.apache.ratis.thirdparty.io.netty.channel.socket.nio.NioSocketChannel.doFinishConnect(NioSocketChannel.java:327)
	at org.apache.ratis.thirdparty.io.netty.channel.nio.AbstractNioChannel$AbstractNioUnsafe.finishConnect(AbstractNioChannel.java:340)
	at org.apache.ratis.thirdparty.io.netty.channel.nio.NioEventLoop.processSelectedKey(NioEventLoop.java:632)
	at org.apache.ratis.thirdparty.io.netty.channel.nio.NioEventLoop.processSelectedKeysOptimized(NioEventLoop.java:579)
	at org.apache.ratis.thirdparty.io.netty.channel.nio.NioEventLoop.processSelectedKeys(NioEventLoop.java:496)
	at org.apache.ratis.thirdparty.io.netty.channel.nio.NioEventLoop.run(NioEventLoop.java:458)
	at org.apache.ratis.thirdparty.io.netty.util.concurrent.SingleThreadEventExecutor$5.run(SingleThreadEventExecutor.java:897)
	at org.apache.ratis.thirdparty.io.netty.util.concurrent.FastThreadLocalRunnable.run(FastThreadLocalRunnable.java:30)
	... 1 more
Caused by: java.net.ConnectException: Connection refused
	... 11 more
2019-08-30 07:34:53,987 [a45a7528-2ba0-4bc3-913c-850122b1269f:group-F9B49111EF33:LeaderElection34] INFO  impl.LeaderElection (LeaderElection.java:logAndReturn(56)) - a45a7528-2ba0-4bc3-913c-850122b1269f:group-F9B49111EF33:LeaderElection34: Election REJECTED; received 0 response(s) [] and 2 exception(s); a45a7528-2ba0-4bc3-913c-850122b1269f:t2, leader=null, voted=a45a7528-2ba0-4bc3-913c-850122b1269f, raftlog=a45a7528-2ba0-4bc3-913c-850122b1269f-SegmentedRaftLog:OPENED:c0,f0,i0, conf=0: [acc690db-1381-479d-90ad-8aa346d73f29:192.168.5.156:37691, c1f9b5f6-3f1a-4e58-b5c3-6c327452b89e:192.168.5.156:46765, a45a7528-2ba0-4bc3-913c-850122b1269f:192.168.5.156:32945], old=null
2019-08-30 07:34:53,989 [a45a7528-2ba0-4bc3-913c-850122b1269f:group-186677E0C462:LeaderElection36] INFO  impl.LeaderElection (LeaderElection.java:logAndReturn(56)) - a45a7528-2ba0-4bc3-913c-850122b1269f:group-186677E0C462:LeaderElection36: Election REJECTED; received 0 response(s) [] and 2 exception(s); a45a7528-2ba0-4bc3-913c-850122b1269f:t2, leader=null, voted=a45a7528-2ba0-4bc3-913c-850122b1269f, raftlog=a45a7528-2ba0-4bc3-913c-850122b1269f-SegmentedRaftLog:OPENED:c0,f0,i0, conf=0: [acc690db-1381-479d-90ad-8aa346d73f29:192.168.5.156:37691, c1f9b5f6-3f1a-4e58-b5c3-6c327452b89e:192.168.5.156:46765, a45a7528-2ba0-4bc3-913c-850122b1269f:192.168.5.156:32945], old=null
2019-08-30 07:34:53,990 [a45a7528-2ba0-4bc3-913c-850122b1269f:group-F9B49111EF33:LeaderElection34] INFO  impl.LeaderElection (LogUtils.java:infoOrTrace(149)) -   Exception 0: {}
java.util.concurrent.ExecutionException: org.apache.ratis.thirdparty.io.grpc.StatusRuntimeException: UNAVAILABLE: io exception
	at java.util.concurrent.FutureTask.report(FutureTask.java:122)
	at java.util.concurrent.FutureTask.get(FutureTask.java:192)
	at org.apache.ratis.server.impl.LeaderElection.waitForResults(LeaderElection.java:262)
	at org.apache.ratis.server.impl.LeaderElection.askForVotes(LeaderElection.java:200)
	at org.apache.ratis.server.impl.LeaderElection.run(LeaderElection.java:130)
	at java.lang.Thread.run(Thread.java:748)
Caused by: org.apache.ratis.thirdparty.io.grpc.StatusRuntimeException: UNAVAILABLE: io exception
	at org.apache.ratis.thirdparty.io.grpc.stub.ClientCalls.toStatusRuntimeException(ClientCalls.java:233)
	at org.apache.ratis.thirdparty.io.grpc.stub.ClientCalls.getUnchecked(ClientCalls.java:214)
	at org.apache.ratis.thirdparty.io.grpc.stub.ClientCalls.blockingUnaryCall(ClientCalls.java:139)
	at org.apache.ratis.proto.grpc.RaftServerProtocolServiceGrpc$RaftServerProtocolServiceBlockingStub.requestVote(RaftServerProtocolServiceGrpc.java:265)
	at org.apache.ratis.grpc.server.GrpcServerProtocolClient.requestVote(GrpcServerProtocolClient.java:83)
	at org.apache.ratis.grpc.server.GrpcService.requestVote(GrpcService.java:195)
	at org.apache.ratis.server.impl.LeaderElection.lambda$submitRequests$1(LeaderElection.java:237)
	at java.util.concurrent.FutureTask.run(FutureTask.java:266)
	at java.util.concurrent.Executors$RunnableAdapter.call(Executors.java:511)
	at java.util.concurrent.FutureTask.run(FutureTask.java:266)
	at java.util.concurrent.ThreadPoolExecutor.runWorker(ThreadPoolExecutor.java:1149)
	at java.util.concurrent.ThreadPoolExecutor$Worker.run(ThreadPoolExecutor.java:624)
	... 1 more
Caused by: org.apache.ratis.thirdparty.io.netty.channel.AbstractChannel$AnnotatedConnectException: Connection refused: /192.168.5.156:37691
	at sun.nio.ch.SocketChannelImpl.checkConnect(Native Method)
	at sun.nio.ch.SocketChannelImpl.finishConnect(SocketChannelImpl.java:717)
	at org.apache.ratis.thirdparty.io.netty.channel.socket.nio.NioSocketChannel.doFinishConnect(NioSocketChannel.java:327)
	at org.apache.ratis.thirdparty.io.netty.channel.nio.AbstractNioChannel$AbstractNioUnsafe.finishConnect(AbstractNioChannel.java:340)
	at org.apache.ratis.thirdparty.io.netty.channel.nio.NioEventLoop.processSelectedKey(NioEventLoop.java:632)
	at org.apache.ratis.thirdparty.io.netty.channel.nio.NioEventLoop.processSelectedKeysOptimized(NioEventLoop.java:579)
	at org.apache.ratis.thirdparty.io.netty.channel.nio.NioEventLoop.processSelectedKeys(NioEventLoop.java:496)
	at org.apache.ratis.thirdparty.io.netty.channel.nio.NioEventLoop.run(NioEventLoop.java:458)
	at org.apache.ratis.thirdparty.io.netty.util.concurrent.SingleThreadEventExecutor$5.run(SingleThreadEventExecutor.java:897)
	at org.apache.ratis.thirdparty.io.netty.util.concurrent.FastThreadLocalRunnable.run(FastThreadLocalRunnable.java:30)
	... 1 more
Caused by: java.net.ConnectException: Connection refused
	... 11 more
2019-08-30 07:34:53,990 [a45a7528-2ba0-4bc3-913c-850122b1269f:group-186677E0C462:LeaderElection36] INFO  impl.LeaderElection (LogUtils.java:infoOrTrace(149)) -   Exception 0: {}
java.util.concurrent.ExecutionException: org.apache.ratis.thirdparty.io.grpc.StatusRuntimeException: UNAVAILABLE: io exception
	at java.util.concurrent.FutureTask.report(FutureTask.java:122)
	at java.util.concurrent.FutureTask.get(FutureTask.java:192)
	at org.apache.ratis.server.impl.LeaderElection.waitForResults(LeaderElection.java:262)
	at org.apache.ratis.server.impl.LeaderElection.askForVotes(LeaderElection.java:200)
	at org.apache.ratis.server.impl.LeaderElection.run(LeaderElection.java:130)
	at java.lang.Thread.run(Thread.java:748)
Caused by: org.apache.ratis.thirdparty.io.grpc.StatusRuntimeException: UNAVAILABLE: io exception
	at org.apache.ratis.thirdparty.io.grpc.stub.ClientCalls.toStatusRuntimeException(ClientCalls.java:233)
	at org.apache.ratis.thirdparty.io.grpc.stub.ClientCalls.getUnchecked(ClientCalls.java:214)
	at org.apache.ratis.thirdparty.io.grpc.stub.ClientCalls.blockingUnaryCall(ClientCalls.java:139)
	at org.apache.ratis.proto.grpc.RaftServerProtocolServiceGrpc$RaftServerProtocolServiceBlockingStub.requestVote(RaftServerProtocolServiceGrpc.java:265)
	at org.apache.ratis.grpc.server.GrpcServerProtocolClient.requestVote(GrpcServerProtocolClient.java:83)
	at org.apache.ratis.grpc.server.GrpcService.requestVote(GrpcService.java:195)
	at org.apache.ratis.server.impl.LeaderElection.lambda$submitRequests$1(LeaderElection.java:237)
	at java.util.concurrent.FutureTask.run(FutureTask.java:266)
	at java.util.concurrent.Executors$RunnableAdapter.call(Executors.java:511)
	at java.util.concurrent.FutureTask.run(FutureTask.java:266)
	at java.util.concurrent.ThreadPoolExecutor.runWorker(ThreadPoolExecutor.java:1149)
	at java.util.concurrent.ThreadPoolExecutor$Worker.run(ThreadPoolExecutor.java:624)
	... 1 more
Caused by: org.apache.ratis.thirdparty.io.netty.channel.AbstractChannel$AnnotatedConnectException: Connection refused: /192.168.5.156:37691
	at sun.nio.ch.SocketChannelImpl.checkConnect(Native Method)
	at sun.nio.ch.SocketChannelImpl.finishConnect(SocketChannelImpl.java:717)
	at org.apache.ratis.thirdparty.io.netty.channel.socket.nio.NioSocketChannel.doFinishConnect(NioSocketChannel.java:327)
	at org.apache.ratis.thirdparty.io.netty.channel.nio.AbstractNioChannel$AbstractNioUnsafe.finishConnect(AbstractNioChannel.java:340)
	at org.apache.ratis.thirdparty.io.netty.channel.nio.NioEventLoop.processSelectedKey(NioEventLoop.java:632)
	at org.apache.ratis.thirdparty.io.netty.channel.nio.NioEventLoop.processSelectedKeysOptimized(NioEventLoop.java:579)
	at org.apache.ratis.thirdparty.io.netty.channel.nio.NioEventLoop.processSelectedKeys(NioEventLoop.java:496)
	at org.apache.ratis.thirdparty.io.netty.channel.nio.NioEventLoop.run(NioEventLoop.java:458)
	at org.apache.ratis.thirdparty.io.netty.util.concurrent.SingleThreadEventExecutor$5.run(SingleThreadEventExecutor.java:897)
	at org.apache.ratis.thirdparty.io.netty.util.concurrent.FastThreadLocalRunnable.run(FastThreadLocalRunnable.java:30)
	... 1 more
Caused by: java.net.ConnectException: Connection refused
	... 11 more
2019-08-30 07:34:53,990 [a45a7528-2ba0-4bc3-913c-850122b1269f:group-F9B49111EF33:LeaderElection34] INFO  impl.LeaderElection (LogUtils.java:infoOrTrace(149)) -   Exception 1: {}
java.util.concurrent.ExecutionException: org.apache.ratis.thirdparty.io.grpc.StatusRuntimeException: UNAVAILABLE: io exception
	at java.util.concurrent.FutureTask.report(FutureTask.java:122)
	at java.util.concurrent.FutureTask.get(FutureTask.java:192)
	at org.apache.ratis.server.impl.LeaderElection.waitForResults(LeaderElection.java:262)
	at org.apache.ratis.server.impl.LeaderElection.askForVotes(LeaderElection.java:200)
	at org.apache.ratis.server.impl.LeaderElection.run(LeaderElection.java:130)
	at java.lang.Thread.run(Thread.java:748)
Caused by: org.apache.ratis.thirdparty.io.grpc.StatusRuntimeException: UNAVAILABLE: io exception
	at org.apache.ratis.thirdparty.io.grpc.stub.ClientCalls.toStatusRuntimeException(ClientCalls.java:233)
	at org.apache.ratis.thirdparty.io.grpc.stub.ClientCalls.getUnchecked(ClientCalls.java:214)
	at org.apache.ratis.thirdparty.io.grpc.stub.ClientCalls.blockingUnaryCall(ClientCalls.java:139)
	at org.apache.ratis.proto.grpc.RaftServerProtocolServiceGrpc$RaftServerProtocolServiceBlockingStub.requestVote(RaftServerProtocolServiceGrpc.java:265)
	at org.apache.ratis.grpc.server.GrpcServerProtocolClient.requestVote(GrpcServerProtocolClient.java:83)
	at org.apache.ratis.grpc.server.GrpcService.requestVote(GrpcService.java:195)
	at org.apache.ratis.server.impl.LeaderElection.lambda$submitRequests$1(LeaderElection.java:237)
	at java.util.concurrent.FutureTask.run(FutureTask.java:266)
	at java.util.concurrent.Executors$RunnableAdapter.call(Executors.java:511)
	at java.util.concurrent.FutureTask.run(FutureTask.java:266)
	at java.util.concurrent.ThreadPoolExecutor.runWorker(ThreadPoolExecutor.java:1149)
	at java.util.concurrent.ThreadPoolExecutor$Worker.run(ThreadPoolExecutor.java:624)
	... 1 more
Caused by: org.apache.ratis.thirdparty.io.netty.channel.AbstractChannel$AnnotatedConnectException: Connection refused: /192.168.5.156:46765
	at sun.nio.ch.SocketChannelImpl.checkConnect(Native Method)
	at sun.nio.ch.SocketChannelImpl.finishConnect(SocketChannelImpl.java:717)
	at org.apache.ratis.thirdparty.io.netty.channel.socket.nio.NioSocketChannel.doFinishConnect(NioSocketChannel.java:327)
	at org.apache.ratis.thirdparty.io.netty.channel.nio.AbstractNioChannel$AbstractNioUnsafe.finishConnect(AbstractNioChannel.java:340)
	at org.apache.ratis.thirdparty.io.netty.channel.nio.NioEventLoop.processSelectedKey(NioEventLoop.java:632)
	at org.apache.ratis.thirdparty.io.netty.channel.nio.NioEventLoop.processSelectedKeysOptimized(NioEventLoop.java:579)
	at org.apache.ratis.thirdparty.io.netty.channel.nio.NioEventLoop.processSelectedKeys(NioEventLoop.java:496)
	at org.apache.ratis.thirdparty.io.netty.channel.nio.NioEventLoop.run(NioEventLoop.java:458)
	at org.apache.ratis.thirdparty.io.netty.util.concurrent.SingleThreadEventExecutor$5.run(SingleThreadEventExecutor.java:897)
	at org.apache.ratis.thirdparty.io.netty.util.concurrent.FastThreadLocalRunnable.run(FastThreadLocalRunnable.java:30)
	... 1 more
Caused by: java.net.ConnectException: Connection refused
	... 11 more
2019-08-30 07:34:53,990 [a45a7528-2ba0-4bc3-913c-850122b1269f:group-186677E0C462:LeaderElection36] INFO  impl.LeaderElection (LogUtils.java:infoOrTrace(149)) -   Exception 1: {}
java.util.concurrent.ExecutionException: org.apache.ratis.thirdparty.io.grpc.StatusRuntimeException: UNAVAILABLE: io exception
	at java.util.concurrent.FutureTask.report(FutureTask.java:122)
	at java.util.concurrent.FutureTask.get(FutureTask.java:192)
	at org.apache.ratis.server.impl.LeaderElection.waitForResults(LeaderElection.java:262)
	at org.apache.ratis.server.impl.LeaderElection.askForVotes(LeaderElection.java:200)
	at org.apache.ratis.server.impl.LeaderElection.run(LeaderElection.java:130)
	at java.lang.Thread.run(Thread.java:748)
Caused by: org.apache.ratis.thirdparty.io.grpc.StatusRuntimeException: UNAVAILABLE: io exception
	at org.apache.ratis.thirdparty.io.grpc.stub.ClientCalls.toStatusRuntimeException(ClientCalls.java:233)
	at org.apache.ratis.thirdparty.io.grpc.stub.ClientCalls.getUnchecked(ClientCalls.java:214)
	at org.apache.ratis.thirdparty.io.grpc.stub.ClientCalls.blockingUnaryCall(ClientCalls.java:139)
	at org.apache.ratis.proto.grpc.RaftServerProtocolServiceGrpc$RaftServerProtocolServiceBlockingStub.requestVote(RaftServerProtocolServiceGrpc.java:265)
	at org.apache.ratis.grpc.server.GrpcServerProtocolClient.requestVote(GrpcServerProtocolClient.java:83)
	at org.apache.ratis.grpc.server.GrpcService.requestVote(GrpcService.java:195)
	at org.apache.ratis.server.impl.LeaderElection.lambda$submitRequests$1(LeaderElection.java:237)
	at java.util.concurrent.FutureTask.run(FutureTask.java:266)
	at java.util.concurrent.Executors$RunnableAdapter.call(Executors.java:511)
	at java.util.concurrent.FutureTask.run(FutureTask.java:266)
	at java.util.concurrent.ThreadPoolExecutor.runWorker(ThreadPoolExecutor.java:1149)
	at java.util.concurrent.ThreadPoolExecutor$Worker.run(ThreadPoolExecutor.java:624)
	... 1 more
Caused by: org.apache.ratis.thirdparty.io.netty.channel.AbstractChannel$AnnotatedConnectException: Connection refused: /192.168.5.156:46765
	at sun.nio.ch.SocketChannelImpl.checkConnect(Native Method)
	at sun.nio.ch.SocketChannelImpl.finishConnect(SocketChannelImpl.java:717)
	at org.apache.ratis.thirdparty.io.netty.channel.socket.nio.NioSocketChannel.doFinishConnect(NioSocketChannel.java:327)
	at org.apache.ratis.thirdparty.io.netty.channel.nio.AbstractNioChannel$AbstractNioUnsafe.finishConnect(AbstractNioChannel.java:340)
	at org.apache.ratis.thirdparty.io.netty.channel.nio.NioEventLoop.processSelectedKey(NioEventLoop.java:632)
	at org.apache.ratis.thirdparty.io.netty.channel.nio.NioEventLoop.processSelectedKeysOptimized(NioEventLoop.java:579)
	at org.apache.ratis.thirdparty.io.netty.channel.nio.NioEventLoop.processSelectedKeys(NioEventLoop.java:496)
	at org.apache.ratis.thirdparty.io.netty.channel.nio.NioEventLoop.run(NioEventLoop.java:458)
	at org.apache.ratis.thirdparty.io.netty.util.concurrent.SingleThreadEventExecutor$5.run(SingleThreadEventExecutor.java:897)
	at org.apache.ratis.thirdparty.io.netty.util.concurrent.FastThreadLocalRunnable.run(FastThreadLocalRunnable.java:30)
	... 1 more
Caused by: java.net.ConnectException: Connection refused
	... 11 more
2019-08-30 07:34:53,991 [a45a7528-2ba0-4bc3-913c-850122b1269f:group-F9B49111EF33:LeaderElection34] INFO  impl.RaftServerImpl (RaftServerImpl.java:setRole(171)) - a45a7528-2ba0-4bc3-913c-850122b1269f:group-F9B49111EF33 changes role from CANDIDATE to FOLLOWER at term 2 for DISCOVERED_A_NEW_TERM
2019-08-30 07:34:53,991 [a45a7528-2ba0-4bc3-913c-850122b1269f:group-186677E0C462:LeaderElection36] INFO  impl.RaftServerImpl (RaftServerImpl.java:setRole(171)) - a45a7528-2ba0-4bc3-913c-850122b1269f:group-186677E0C462 changes role from CANDIDATE to FOLLOWER at term 2 for DISCOVERED_A_NEW_TERM
2019-08-30 07:34:53,991 [a45a7528-2ba0-4bc3-913c-850122b1269f:group-F9B49111EF33:LeaderElection34] INFO  impl.RoleInfo (RoleInfo.java:shutdownLeaderElection(134)) - a45a7528-2ba0-4bc3-913c-850122b1269f: shutdown LeaderElection
2019-08-30 07:34:53,991 [a45a7528-2ba0-4bc3-913c-850122b1269f:group-186677E0C462:LeaderElection36] INFO  impl.RoleInfo (RoleInfo.java:shutdownLeaderElection(134)) - a45a7528-2ba0-4bc3-913c-850122b1269f: shutdown LeaderElection
2019-08-30 07:34:53,992 [a45a7528-2ba0-4bc3-913c-850122b1269f:group-F9B49111EF33:LeaderElection34] INFO  impl.RoleInfo (RoleInfo.java:updateAndGet(143)) - a45a7528-2ba0-4bc3-913c-850122b1269f: start FollowerState
2019-08-30 07:34:53,992 [a45a7528-2ba0-4bc3-913c-850122b1269f:group-186677E0C462:LeaderElection36] INFO  impl.RoleInfo (RoleInfo.java:updateAndGet(143)) - a45a7528-2ba0-4bc3-913c-850122b1269f: start FollowerState
2019-08-30 07:34:54,093 [grpc-default-executor-1] WARN  server.GrpcLogAppender (LogUtils.java:warn(134)) - a45a7528-2ba0-4bc3-913c-850122b1269f->c1f9b5f6-3f1a-4e58-b5c3-6c327452b89e: Failed appendEntries: org.apache.ratis.thirdparty.io.grpc.StatusRuntimeException: UNAVAILABLE: io exception
2019-08-30 07:34:54,093 [grpc-default-executor-1] INFO  impl.FollowerInfo (FollowerInfo.java:lambda$new$0(50)) - a45a7528-2ba0-4bc3-913c-850122b1269f->c1f9b5f6-3f1a-4e58-b5c3-6c327452b89e: nextIndex: updateUnconditionally 0 -> 0
2019-08-30 07:34:54,104 [grpc-default-executor-1] WARN  server.GrpcLogAppender (LogUtils.java:warn(134)) - a45a7528-2ba0-4bc3-913c-850122b1269f->acc690db-1381-479d-90ad-8aa346d73f29: Failed appendEntries: org.apache.ratis.thirdparty.io.grpc.StatusRuntimeException: UNAVAILABLE: io exception
2019-08-30 07:34:54,105 [grpc-default-executor-1] INFO  impl.FollowerInfo (FollowerInfo.java:lambda$new$0(50)) - a45a7528-2ba0-4bc3-913c-850122b1269f->acc690db-1381-479d-90ad-8aa346d73f29: nextIndex: updateUnconditionally 0 -> 0
2019-08-30 07:34:54,164 | INFO  | SCMAudit | user=jenkins1000 | ip=192.168.5.156 | op=SEND_HEARTBEAT {datanodeUUID=cf19ac65-0b70-4753-9cfc-44acb7cd902c, command=[]} | ret=SUCCESS |  
2019-08-30 07:34:54,194 | INFO  | SCMAudit | user=jenkins1000 | ip=192.168.5.156 | op=SEND_HEARTBEAT {datanodeUUID=f20ba990-a1ec-4251-b44f-b0954e9459c1, command=[]} | ret=SUCCESS |  
2019-08-30 07:34:54,371 [grpc-default-executor-3] WARN  server.GrpcLogAppender (LogUtils.java:warn(134)) - a45a7528-2ba0-4bc3-913c-850122b1269f->acc690db-1381-479d-90ad-8aa346d73f29: Failed appendEntries: org.apache.ratis.thirdparty.io.grpc.StatusRuntimeException: UNAVAILABLE: io exception
2019-08-30 07:34:54,371 [grpc-default-executor-10] WARN  server.GrpcLogAppender (LogUtils.java:warn(134)) - a45a7528-2ba0-4bc3-913c-850122b1269f->c1f9b5f6-3f1a-4e58-b5c3-6c327452b89e: Failed appendEntries: org.apache.ratis.thirdparty.io.grpc.StatusRuntimeException: UNAVAILABLE: io exception
2019-08-30 07:34:54,371 [grpc-default-executor-3] INFO  impl.FollowerInfo (FollowerInfo.java:lambda$new$0(50)) - a45a7528-2ba0-4bc3-913c-850122b1269f->acc690db-1381-479d-90ad-8aa346d73f29: nextIndex: updateUnconditionally 0 -> 0
2019-08-30 07:34:54,371 [grpc-default-executor-10] INFO  impl.FollowerInfo (FollowerInfo.java:lambda$new$0(50)) - a45a7528-2ba0-4bc3-913c-850122b1269f->c1f9b5f6-3f1a-4e58-b5c3-6c327452b89e: nextIndex: updateUnconditionally 0 -> 0
2019-08-30 07:34:54,406 | INFO  | SCMAudit | user=jenkins1000 | ip=192.168.5.156 | op=SEND_HEARTBEAT {datanodeUUID=a45a7528-2ba0-4bc3-913c-850122b1269f, command=[]} | ret=SUCCESS |  
2019-08-30 07:34:54,413 [Datanode State Machine Thread - 0] INFO  statemachine.DatanodeStateMachine (DatanodeStateMachine.java:lambda$startDaemon$0(350)) - Ozone container server started.
2019-08-30 07:34:54,596 [grpc-default-executor-1] WARN  server.GrpcLogAppender (LogUtils.java:warn(134)) - a45a7528-2ba0-4bc3-913c-850122b1269f->c1f9b5f6-3f1a-4e58-b5c3-6c327452b89e: Failed appendEntries: org.apache.ratis.thirdparty.io.grpc.StatusRuntimeException: UNAVAILABLE: io exception
2019-08-30 07:34:54,596 [grpc-default-executor-1] INFO  impl.FollowerInfo (FollowerInfo.java:lambda$new$0(50)) - a45a7528-2ba0-4bc3-913c-850122b1269f->c1f9b5f6-3f1a-4e58-b5c3-6c327452b89e: nextIndex: updateUnconditionally 0 -> 0
2019-08-30 07:34:54,607 [grpc-default-executor-3] WARN  server.GrpcLogAppender (LogUtils.java:warn(134)) - a45a7528-2ba0-4bc3-913c-850122b1269f->acc690db-1381-479d-90ad-8aa346d73f29: Failed appendEntries: org.apache.ratis.thirdparty.io.grpc.StatusRuntimeException: UNAVAILABLE: io exception
2019-08-30 07:34:54,607 [grpc-default-executor-3] INFO  impl.FollowerInfo (FollowerInfo.java:lambda$new$0(50)) - a45a7528-2ba0-4bc3-913c-850122b1269f->acc690db-1381-479d-90ad-8aa346d73f29: nextIndex: updateUnconditionally 0 -> 0
2019-08-30 07:34:54,670 [Thread-626] INFO  impl.FollowerState (FollowerState.java:run(106)) - a45a7528-2ba0-4bc3-913c-850122b1269f:group-BC5BBD1BED6A changes to CANDIDATE, lastRpcTime:1050, electionTimeout:1050ms
2019-08-30 07:34:54,670 [Thread-626] INFO  impl.RoleInfo (RoleInfo.java:shutdownFollowerState(121)) - a45a7528-2ba0-4bc3-913c-850122b1269f: shutdown FollowerState
2019-08-30 07:34:54,670 [Thread-626] INFO  impl.RaftServerImpl (RaftServerImpl.java:setRole(171)) - a45a7528-2ba0-4bc3-913c-850122b1269f:group-BC5BBD1BED6A changes role from FOLLOWER to CANDIDATE at term 6 for changeToCandidate
2019-08-30 07:34:54,671 [Thread-626] INFO  impl.RoleInfo (RoleInfo.java:updateAndGet(143)) - a45a7528-2ba0-4bc3-913c-850122b1269f: start LeaderElection
2019-08-30 07:34:54,682 [Thread-627] INFO  impl.FollowerState (FollowerState.java:run(106)) - f20ba990-a1ec-4251-b44f-b0954e9459c1:group-BC5BBD1BED6A changes to CANDIDATE, lastRpcTime:1062, electionTimeout:1062ms
2019-08-30 07:34:54,683 [Thread-627] INFO  impl.RoleInfo (RoleInfo.java:shutdownFollowerState(121)) - f20ba990-a1ec-4251-b44f-b0954e9459c1: shutdown FollowerState
2019-08-30 07:34:54,683 [Thread-627] INFO  impl.RaftServerImpl (RaftServerImpl.java:setRole(171)) - f20ba990-a1ec-4251-b44f-b0954e9459c1:group-BC5BBD1BED6A changes role from FOLLOWER to CANDIDATE at term 6 for changeToCandidate
2019-08-30 07:34:54,683 [Thread-627] INFO  impl.RoleInfo (RoleInfo.java:updateAndGet(143)) - f20ba990-a1ec-4251-b44f-b0954e9459c1: start LeaderElection
2019-08-30 07:34:54,806 | INFO  | SCMAudit | user=jenkins1000 | ip=192.168.5.156 | op=SEND_HEARTBEAT {datanodeUUID=cb5a5d16-88a3-41b0-858f-6232e86de455, command=[]} | ret=SUCCESS |  
2019-08-30 07:34:54,872 [grpc-default-executor-3] WARN  server.GrpcLogAppender (LogUtils.java:warn(134)) - a45a7528-2ba0-4bc3-913c-850122b1269f->c1f9b5f6-3f1a-4e58-b5c3-6c327452b89e: Failed appendEntries: org.apache.ratis.thirdparty.io.grpc.StatusRuntimeException: UNAVAILABLE: io exception
2019-08-30 07:34:54,872 [grpc-default-executor-9] WARN  server.GrpcLogAppender (LogUtils.java:warn(134)) - a45a7528-2ba0-4bc3-913c-850122b1269f->acc690db-1381-479d-90ad-8aa346d73f29: Failed appendEntries: org.apache.ratis.thirdparty.io.grpc.StatusRuntimeException: UNAVAILABLE: io exception
2019-08-30 07:34:54,873 [grpc-default-executor-3] INFO  impl.FollowerInfo (FollowerInfo.java:lambda$new$0(50)) - a45a7528-2ba0-4bc3-913c-850122b1269f->c1f9b5f6-3f1a-4e58-b5c3-6c327452b89e: nextIndex: updateUnconditionally 0 -> 0
2019-08-30 07:34:54,873 [grpc-default-executor-9] INFO  impl.FollowerInfo (FollowerInfo.java:lambda$new$0(50)) - a45a7528-2ba0-4bc3-913c-850122b1269f->acc690db-1381-479d-90ad-8aa346d73f29: nextIndex: updateUnconditionally 0 -> 0
2019-08-30 07:34:55,008 [Thread-633] INFO  impl.FollowerState (FollowerState.java:run(106)) - a45a7528-2ba0-4bc3-913c-850122b1269f:group-70018C5AE2E4 changes to CANDIDATE, lastRpcTime:1029, electionTimeout:1029ms
2019-08-30 07:34:55,008 [Thread-633] INFO  impl.RoleInfo (RoleInfo.java:shutdownFollowerState(121)) - a45a7528-2ba0-4bc3-913c-850122b1269f: shutdown FollowerState
2019-08-30 07:34:55,008 [Thread-633] INFO  impl.RaftServerImpl (RaftServerImpl.java:setRole(171)) - a45a7528-2ba0-4bc3-913c-850122b1269f:group-70018C5AE2E4 changes role from FOLLOWER to CANDIDATE at term 2 for changeToCandidate
2019-08-30 07:34:55,008 [Thread-633] INFO  impl.RoleInfo (RoleInfo.java:updateAndGet(143)) - a45a7528-2ba0-4bc3-913c-850122b1269f: start LeaderElection
2019-08-30 07:34:55,046 [Thread-638] INFO  impl.FollowerState (FollowerState.java:run(106)) - a45a7528-2ba0-4bc3-913c-850122b1269f:group-F9B49111EF33 changes to CANDIDATE, lastRpcTime:1054, electionTimeout:1054ms
2019-08-30 07:34:55,046 [Thread-638] INFO  impl.RoleInfo (RoleInfo.java:shutdownFollowerState(121)) - a45a7528-2ba0-4bc3-913c-850122b1269f: shutdown FollowerState
2019-08-30 07:34:55,047 [Thread-638] INFO  impl.RaftServerImpl (RaftServerImpl.java:setRole(171)) - a45a7528-2ba0-4bc3-913c-850122b1269f:group-F9B49111EF33 changes role from FOLLOWER to CANDIDATE at term 2 for changeToCandidate
2019-08-30 07:34:55,047 [Thread-632] INFO  impl.FollowerState (FollowerState.java:run(106)) - a45a7528-2ba0-4bc3-913c-850122b1269f:group-C640FB00525B changes to CANDIDATE, lastRpcTime:1068, electionTimeout:1068ms
2019-08-30 07:34:55,047 [Thread-638] INFO  impl.RoleInfo (RoleInfo.java:updateAndGet(143)) - a45a7528-2ba0-4bc3-913c-850122b1269f: start LeaderElection
2019-08-30 07:34:55,047 [Thread-632] INFO  impl.RoleInfo (RoleInfo.java:shutdownFollowerState(121)) - a45a7528-2ba0-4bc3-913c-850122b1269f: shutdown FollowerState
2019-08-30 07:34:55,047 [Thread-632] INFO  impl.RaftServerImpl (RaftServerImpl.java:setRole(171)) - a45a7528-2ba0-4bc3-913c-850122b1269f:group-C640FB00525B changes role from FOLLOWER to CANDIDATE at term 2 for changeToCandidate
2019-08-30 07:34:55,058 [Thread-632] INFO  impl.RoleInfo (RoleInfo.java:updateAndGet(143)) - a45a7528-2ba0-4bc3-913c-850122b1269f: start LeaderElection
2019-08-30 07:34:55,097 [grpc-default-executor-1] WARN  server.GrpcLogAppender (LogUtils.java:warn(134)) - a45a7528-2ba0-4bc3-913c-850122b1269f->c1f9b5f6-3f1a-4e58-b5c3-6c327452b89e: Failed appendEntries: org.apache.ratis.thirdparty.io.grpc.StatusRuntimeException: UNAVAILABLE: io exception
2019-08-30 07:34:55,097 [grpc-default-executor-1] INFO  impl.FollowerInfo (FollowerInfo.java:lambda$new$0(50)) - a45a7528-2ba0-4bc3-913c-850122b1269f->c1f9b5f6-3f1a-4e58-b5c3-6c327452b89e: nextIndex: updateUnconditionally 0 -> 0
2019-08-30 07:34:55,107 [grpc-default-executor-3] WARN  server.GrpcLogAppender (LogUtils.java:warn(134)) - a45a7528-2ba0-4bc3-913c-850122b1269f->acc690db-1381-479d-90ad-8aa346d73f29: Failed appendEntries: org.apache.ratis.thirdparty.io.grpc.StatusRuntimeException: UNAVAILABLE: io exception
2019-08-30 07:34:55,107 [grpc-default-executor-3] INFO  impl.FollowerInfo (FollowerInfo.java:lambda$new$0(50)) - a45a7528-2ba0-4bc3-913c-850122b1269f->acc690db-1381-479d-90ad-8aa346d73f29: nextIndex: updateUnconditionally 0 -> 0
2019-08-30 07:34:55,111 [Thread-639] INFO  impl.FollowerState (FollowerState.java:run(106)) - a45a7528-2ba0-4bc3-913c-850122b1269f:group-186677E0C462 changes to CANDIDATE, lastRpcTime:1119, electionTimeout:1119ms
2019-08-30 07:34:55,112 [Thread-639] INFO  impl.RoleInfo (RoleInfo.java:shutdownFollowerState(121)) - a45a7528-2ba0-4bc3-913c-850122b1269f: shutdown FollowerState
2019-08-30 07:34:55,112 [Thread-639] INFO  impl.RaftServerImpl (RaftServerImpl.java:setRole(171)) - a45a7528-2ba0-4bc3-913c-850122b1269f:group-186677E0C462 changes role from FOLLOWER to CANDIDATE at term 2 for changeToCandidate
2019-08-30 07:34:55,112 [Thread-639] INFO  impl.RoleInfo (RoleInfo.java:updateAndGet(143)) - a45a7528-2ba0-4bc3-913c-850122b1269f: start LeaderElection
2019-08-30 07:34:55,165 | INFO  | SCMAudit | user=jenkins1000 | ip=192.168.5.156 | op=SEND_HEARTBEAT {datanodeUUID=cf19ac65-0b70-4753-9cfc-44acb7cd902c, command=[]} | ret=SUCCESS |  
2019-08-30 07:34:55,194 | INFO  | SCMAudit | user=jenkins1000 | ip=192.168.5.156 | op=SEND_HEARTBEAT {datanodeUUID=f20ba990-a1ec-4251-b44f-b0954e9459c1, command=[]} | ret=SUCCESS |  
2019-08-30 07:34:55,373 [grpc-default-executor-0] WARN  server.GrpcLogAppender (LogUtils.java:warn(134)) - a45a7528-2ba0-4bc3-913c-850122b1269f->acc690db-1381-479d-90ad-8aa346d73f29: Failed appendEntries: org.apache.ratis.thirdparty.io.grpc.StatusRuntimeException: UNAVAILABLE: io exception
2019-08-30 07:34:55,373 [grpc-default-executor-8] WARN  server.GrpcLogAppender (LogUtils.java:warn(134)) - a45a7528-2ba0-4bc3-913c-850122b1269f->c1f9b5f6-3f1a-4e58-b5c3-6c327452b89e: Failed appendEntries: org.apache.ratis.thirdparty.io.grpc.StatusRuntimeException: UNAVAILABLE: io exception
2019-08-30 07:34:55,373 [grpc-default-executor-0] INFO  impl.FollowerInfo (FollowerInfo.java:lambda$new$0(50)) - a45a7528-2ba0-4bc3-913c-850122b1269f->acc690db-1381-479d-90ad-8aa346d73f29: nextIndex: updateUnconditionally 0 -> 0
2019-08-30 07:34:55,373 [grpc-default-executor-8] INFO  impl.FollowerInfo (FollowerInfo.java:lambda$new$0(50)) - a45a7528-2ba0-4bc3-913c-850122b1269f->c1f9b5f6-3f1a-4e58-b5c3-6c327452b89e: nextIndex: updateUnconditionally 0 -> 0
2019-08-30 07:34:55,406 | INFO  | SCMAudit | user=jenkins1000 | ip=192.168.5.156 | op=SEND_HEARTBEAT {datanodeUUID=a45a7528-2ba0-4bc3-913c-850122b1269f, command=[]} | ret=SUCCESS |  
2019-08-30 07:34:55,598 [grpc-default-executor-1] WARN  server.GrpcLogAppender (LogUtils.java:warn(134)) - a45a7528-2ba0-4bc3-913c-850122b1269f->c1f9b5f6-3f1a-4e58-b5c3-6c327452b89e: Failed appendEntries: org.apache.ratis.thirdparty.io.grpc.StatusRuntimeException: UNAVAILABLE: io exception
2019-08-30 07:34:55,599 [grpc-default-executor-1] INFO  impl.FollowerInfo (FollowerInfo.java:lambda$new$0(50)) - a45a7528-2ba0-4bc3-913c-850122b1269f->c1f9b5f6-3f1a-4e58-b5c3-6c327452b89e: nextIndex: updateUnconditionally 0 -> 0
2019-08-30 07:34:55,608 [grpc-default-executor-8] WARN  server.GrpcLogAppender (LogUtils.java:warn(134)) - a45a7528-2ba0-4bc3-913c-850122b1269f->acc690db-1381-479d-90ad-8aa346d73f29: Failed appendEntries: org.apache.ratis.thirdparty.io.grpc.StatusRuntimeException: UNAVAILABLE: io exception
2019-08-30 07:34:55,609 [grpc-default-executor-8] INFO  impl.FollowerInfo (FollowerInfo.java:lambda$new$0(50)) - a45a7528-2ba0-4bc3-913c-850122b1269f->acc690db-1381-479d-90ad-8aa346d73f29: nextIndex: updateUnconditionally 0 -> 0
2019-08-30 07:34:55,806 | INFO  | SCMAudit | user=jenkins1000 | ip=192.168.5.156 | op=SEND_HEARTBEAT {datanodeUUID=cb5a5d16-88a3-41b0-858f-6232e86de455, command=[]} | ret=SUCCESS |  
2019-08-30 07:34:55,873 [grpc-default-executor-0] WARN  server.GrpcLogAppender (LogUtils.java:warn(134)) - a45a7528-2ba0-4bc3-913c-850122b1269f->c1f9b5f6-3f1a-4e58-b5c3-6c327452b89e: Failed appendEntries: org.apache.ratis.thirdparty.io.grpc.StatusRuntimeException: UNAVAILABLE: io exception
2019-08-30 07:34:55,874 [grpc-default-executor-3] WARN  server.GrpcLogAppender (LogUtils.java:warn(134)) - a45a7528-2ba0-4bc3-913c-850122b1269f->acc690db-1381-479d-90ad-8aa346d73f29: Failed appendEntries: org.apache.ratis.thirdparty.io.grpc.StatusRuntimeException: UNAVAILABLE: io exception
2019-08-30 07:34:55,874 [grpc-default-executor-0] INFO  impl.FollowerInfo (FollowerInfo.java:lambda$new$0(50)) - a45a7528-2ba0-4bc3-913c-850122b1269f->c1f9b5f6-3f1a-4e58-b5c3-6c327452b89e: nextIndex: updateUnconditionally 0 -> 0
2019-08-30 07:34:55,874 [grpc-default-executor-3] INFO  impl.FollowerInfo (FollowerInfo.java:lambda$new$0(50)) - a45a7528-2ba0-4bc3-913c-850122b1269f->acc690db-1381-479d-90ad-8aa346d73f29: nextIndex: updateUnconditionally 0 -> 0
2019-08-30 07:34:56,099 [grpc-default-executor-1] WARN  server.GrpcLogAppender (LogUtils.java:warn(134)) - a45a7528-2ba0-4bc3-913c-850122b1269f->c1f9b5f6-3f1a-4e58-b5c3-6c327452b89e: Failed appendEntries: org.apache.ratis.thirdparty.io.grpc.StatusRuntimeException: UNAVAILABLE: io exception
2019-08-30 07:34:56,099 [grpc-default-executor-1] INFO  impl.FollowerInfo (FollowerInfo.java:lambda$new$0(50)) - a45a7528-2ba0-4bc3-913c-850122b1269f->c1f9b5f6-3f1a-4e58-b5c3-6c327452b89e: nextIndex: updateUnconditionally 0 -> 0
2019-08-30 07:34:56,109 [grpc-default-executor-1] WARN  server.GrpcLogAppender (LogUtils.java:warn(134)) - a45a7528-2ba0-4bc3-913c-850122b1269f->acc690db-1381-479d-90ad-8aa346d73f29: Failed appendEntries: org.apache.ratis.thirdparty.io.grpc.StatusRuntimeException: UNAVAILABLE: io exception
2019-08-30 07:34:56,109 [grpc-default-executor-1] INFO  impl.FollowerInfo (FollowerInfo.java:lambda$new$0(50)) - a45a7528-2ba0-4bc3-913c-850122b1269f->acc690db-1381-479d-90ad-8aa346d73f29: nextIndex: updateUnconditionally 0 -> 0
2019-08-30 07:34:56,165 | INFO  | SCMAudit | user=jenkins1000 | ip=192.168.5.156 | op=SEND_HEARTBEAT {datanodeUUID=cf19ac65-0b70-4753-9cfc-44acb7cd902c, command=[]} | ret=SUCCESS |  
2019-08-30 07:34:56,195 | INFO  | SCMAudit | user=jenkins1000 | ip=192.168.5.156 | op=SEND_HEARTBEAT {datanodeUUID=f20ba990-a1ec-4251-b44f-b0954e9459c1, command=[]} | ret=SUCCESS |  
2019-08-30 07:34:56,374 [grpc-default-executor-9] WARN  server.GrpcLogAppender (LogUtils.java:warn(134)) - a45a7528-2ba0-4bc3-913c-850122b1269f->c1f9b5f6-3f1a-4e58-b5c3-6c327452b89e: Failed appendEntries: org.apache.ratis.thirdparty.io.grpc.StatusRuntimeException: UNAVAILABLE: io exception
2019-08-30 07:34:56,374 [grpc-default-executor-1] WARN  server.GrpcLogAppender (LogUtils.java:warn(134)) - a45a7528-2ba0-4bc3-913c-850122b1269f->acc690db-1381-479d-90ad-8aa346d73f29: Failed appendEntries: org.apache.ratis.thirdparty.io.grpc.StatusRuntimeException: UNAVAILABLE: io exception
2019-08-30 07:34:56,375 [grpc-default-executor-9] INFO  impl.FollowerInfo (FollowerInfo.java:lambda$new$0(50)) - a45a7528-2ba0-4bc3-913c-850122b1269f->c1f9b5f6-3f1a-4e58-b5c3-6c327452b89e: nextIndex: updateUnconditionally 0 -> 0
2019-08-30 07:34:56,375 [grpc-default-executor-1] INFO  impl.FollowerInfo (FollowerInfo.java:lambda$new$0(50)) - a45a7528-2ba0-4bc3-913c-850122b1269f->acc690db-1381-479d-90ad-8aa346d73f29: nextIndex: updateUnconditionally 0 -> 0
2019-08-30 07:34:56,407 | INFO  | SCMAudit | user=jenkins1000 | ip=192.168.5.156 | op=SEND_HEARTBEAT {datanodeUUID=a45a7528-2ba0-4bc3-913c-850122b1269f, command=[]} | ret=SUCCESS |  
2019-08-30 07:34:56,599 [grpc-default-executor-1] WARN  server.GrpcLogAppender (LogUtils.java:warn(134)) - a45a7528-2ba0-4bc3-913c-850122b1269f->c1f9b5f6-3f1a-4e58-b5c3-6c327452b89e: Failed appendEntries: org.apache.ratis.thirdparty.io.grpc.StatusRuntimeException: UNAVAILABLE: io exception
2019-08-30 07:34:56,599 [grpc-default-executor-1] INFO  impl.FollowerInfo (FollowerInfo.java:lambda$new$0(50)) - a45a7528-2ba0-4bc3-913c-850122b1269f->c1f9b5f6-3f1a-4e58-b5c3-6c327452b89e: nextIndex: updateUnconditionally 0 -> 0
2019-08-30 07:34:56,609 [grpc-default-executor-8] WARN  server.GrpcLogAppender (LogUtils.java:warn(134)) - a45a7528-2ba0-4bc3-913c-850122b1269f->acc690db-1381-479d-90ad-8aa346d73f29: Failed appendEntries: org.apache.ratis.thirdparty.io.grpc.StatusRuntimeException: UNAVAILABLE: io exception
2019-08-30 07:34:56,610 [grpc-default-executor-8] INFO  impl.FollowerInfo (FollowerInfo.java:lambda$new$0(50)) - a45a7528-2ba0-4bc3-913c-850122b1269f->acc690db-1381-479d-90ad-8aa346d73f29: nextIndex: updateUnconditionally 0 -> 0
2019-08-30 07:34:56,806 | INFO  | SCMAudit | user=jenkins1000 | ip=192.168.5.156 | op=SEND_HEARTBEAT {datanodeUUID=cb5a5d16-88a3-41b0-858f-6232e86de455, command=[]} | ret=SUCCESS |  
2019-08-30 07:34:56,876 [grpc-default-executor-0] WARN  server.GrpcLogAppender (LogUtils.java:warn(134)) - a45a7528-2ba0-4bc3-913c-850122b1269f->c1f9b5f6-3f1a-4e58-b5c3-6c327452b89e: Failed appendEntries: org.apache.ratis.thirdparty.io.grpc.StatusRuntimeException: UNAVAILABLE: io exception
2019-08-30 07:34:56,876 [grpc-default-executor-10] WARN  server.GrpcLogAppender (LogUtils.java:warn(134)) - a45a7528-2ba0-4bc3-913c-850122b1269f->acc690db-1381-479d-90ad-8aa346d73f29: Failed appendEntries: org.apache.ratis.thirdparty.io.grpc.StatusRuntimeException: UNAVAILABLE: io exception
2019-08-30 07:34:56,876 [grpc-default-executor-0] INFO  impl.FollowerInfo (FollowerInfo.java:lambda$new$0(50)) - a45a7528-2ba0-4bc3-913c-850122b1269f->c1f9b5f6-3f1a-4e58-b5c3-6c327452b89e: nextIndex: updateUnconditionally 0 -> 0
2019-08-30 07:34:56,876 [grpc-default-executor-10] INFO  impl.FollowerInfo (FollowerInfo.java:lambda$new$0(50)) - a45a7528-2ba0-4bc3-913c-850122b1269f->acc690db-1381-479d-90ad-8aa346d73f29: nextIndex: updateUnconditionally 0 -> 0
2019-08-30 07:34:57,101 [grpc-default-executor-1] WARN  server.GrpcLogAppender (LogUtils.java:warn(134)) - a45a7528-2ba0-4bc3-913c-850122b1269f->c1f9b5f6-3f1a-4e58-b5c3-6c327452b89e: Failed appendEntries: org.apache.ratis.thirdparty.io.grpc.StatusRuntimeException: UNAVAILABLE: io exception
2019-08-30 07:34:57,101 [grpc-default-executor-1] INFO  impl.FollowerInfo (FollowerInfo.java:lambda$new$0(50)) - a45a7528-2ba0-4bc3-913c-850122b1269f->c1f9b5f6-3f1a-4e58-b5c3-6c327452b89e: nextIndex: updateUnconditionally 0 -> 0
2019-08-30 07:34:57,110 [grpc-default-executor-0] WARN  server.GrpcLogAppender (LogUtils.java:warn(134)) - a45a7528-2ba0-4bc3-913c-850122b1269f->acc690db-1381-479d-90ad-8aa346d73f29: Failed appendEntries: org.apache.ratis.thirdparty.io.grpc.StatusRuntimeException: UNAVAILABLE: io exception
2019-08-30 07:34:57,110 [grpc-default-executor-0] INFO  impl.FollowerInfo (FollowerInfo.java:lambda$new$0(50)) - a45a7528-2ba0-4bc3-913c-850122b1269f->acc690db-1381-479d-90ad-8aa346d73f29: nextIndex: updateUnconditionally 0 -> 0
2019-08-30 07:34:57,165 | INFO  | SCMAudit | user=jenkins1000 | ip=192.168.5.156 | op=SEND_HEARTBEAT {datanodeUUID=cf19ac65-0b70-4753-9cfc-44acb7cd902c, command=[]} | ret=SUCCESS |  
2019-08-30 07:34:57,194 | INFO  | SCMAudit | user=jenkins1000 | ip=192.168.5.156 | op=SEND_HEARTBEAT {datanodeUUID=f20ba990-a1ec-4251-b44f-b0954e9459c1, command=[]} | ret=SUCCESS |  
2019-08-30 07:34:57,376 [grpc-default-executor-1] WARN  server.GrpcLogAppender (LogUtils.java:warn(134)) - a45a7528-2ba0-4bc3-913c-850122b1269f->acc690db-1381-479d-90ad-8aa346d73f29: Failed appendEntries: org.apache.ratis.thirdparty.io.grpc.StatusRuntimeException: UNAVAILABLE: io exception
2019-08-30 07:34:57,377 [grpc-default-executor-8] WARN  server.GrpcLogAppender (LogUtils.java:warn(134)) - a45a7528-2ba0-4bc3-913c-850122b1269f->c1f9b5f6-3f1a-4e58-b5c3-6c327452b89e: Failed appendEntries: org.apache.ratis.thirdparty.io.grpc.StatusRuntimeException: UNAVAILABLE: io exception
2019-08-30 07:34:57,377 [grpc-default-executor-1] INFO  impl.FollowerInfo (FollowerInfo.java:lambda$new$0(50)) - a45a7528-2ba0-4bc3-913c-850122b1269f->acc690db-1381-479d-90ad-8aa346d73f29: nextIndex: updateUnconditionally 0 -> 0
2019-08-30 07:34:57,377 [grpc-default-executor-8] INFO  impl.FollowerInfo (FollowerInfo.java:lambda$new$0(50)) - a45a7528-2ba0-4bc3-913c-850122b1269f->c1f9b5f6-3f1a-4e58-b5c3-6c327452b89e: nextIndex: updateUnconditionally 0 -> 0
2019-08-30 07:34:57,408 | INFO  | SCMAudit | user=jenkins1000 | ip=192.168.5.156 | op=SEND_HEARTBEAT {datanodeUUID=a45a7528-2ba0-4bc3-913c-850122b1269f, command=[]} | ret=SUCCESS |  
2019-08-30 07:34:57,601 [grpc-default-executor-8] WARN  server.GrpcLogAppender (LogUtils.java:warn(134)) - a45a7528-2ba0-4bc3-913c-850122b1269f->c1f9b5f6-3f1a-4e58-b5c3-6c327452b89e: Failed appendEntries: org.apache.ratis.thirdparty.io.grpc.StatusRuntimeException: UNAVAILABLE: io exception
2019-08-30 07:34:57,602 [grpc-default-executor-8] INFO  impl.FollowerInfo (FollowerInfo.java:lambda$new$0(50)) - a45a7528-2ba0-4bc3-913c-850122b1269f->c1f9b5f6-3f1a-4e58-b5c3-6c327452b89e: nextIndex: updateUnconditionally 0 -> 0
2019-08-30 07:34:57,611 [grpc-default-executor-10] WARN  server.GrpcLogAppender (LogUtils.java:warn(134)) - a45a7528-2ba0-4bc3-913c-850122b1269f->acc690db-1381-479d-90ad-8aa346d73f29: Failed appendEntries: org.apache.ratis.thirdparty.io.grpc.StatusRuntimeException: UNAVAILABLE: io exception
2019-08-30 07:34:57,611 [grpc-default-executor-10] INFO  impl.FollowerInfo (FollowerInfo.java:lambda$new$0(50)) - a45a7528-2ba0-4bc3-913c-850122b1269f->acc690db-1381-479d-90ad-8aa346d73f29: nextIndex: updateUnconditionally 0 -> 0
2019-08-30 07:34:57,806 | INFO  | SCMAudit | user=jenkins1000 | ip=192.168.5.156 | op=SEND_HEARTBEAT {datanodeUUID=cb5a5d16-88a3-41b0-858f-6232e86de455, command=[]} | ret=SUCCESS |  
2019-08-30 07:34:57,877 [grpc-default-executor-1] WARN  server.GrpcLogAppender (LogUtils.java:warn(134)) - a45a7528-2ba0-4bc3-913c-850122b1269f->c1f9b5f6-3f1a-4e58-b5c3-6c327452b89e: Failed appendEntries: org.apache.ratis.thirdparty.io.grpc.StatusRuntimeException: UNAVAILABLE: io exception
2019-08-30 07:34:57,878 [grpc-default-executor-0] WARN  server.GrpcLogAppender (LogUtils.java:warn(134)) - a45a7528-2ba0-4bc3-913c-850122b1269f->acc690db-1381-479d-90ad-8aa346d73f29: Failed appendEntries: org.apache.ratis.thirdparty.io.grpc.StatusRuntimeException: UNAVAILABLE: io exception
2019-08-30 07:34:57,878 [grpc-default-executor-1] INFO  impl.FollowerInfo (FollowerInfo.java:lambda$new$0(50)) - a45a7528-2ba0-4bc3-913c-850122b1269f->c1f9b5f6-3f1a-4e58-b5c3-6c327452b89e: nextIndex: updateUnconditionally 0 -> 0
2019-08-30 07:34:57,878 [grpc-default-executor-0] INFO  impl.FollowerInfo (FollowerInfo.java:lambda$new$0(50)) - a45a7528-2ba0-4bc3-913c-850122b1269f->acc690db-1381-479d-90ad-8aa346d73f29: nextIndex: updateUnconditionally 0 -> 0
2019-08-30 07:34:58,102 [grpc-default-executor-10] WARN  server.GrpcLogAppender (LogUtils.java:warn(134)) - a45a7528-2ba0-4bc3-913c-850122b1269f->c1f9b5f6-3f1a-4e58-b5c3-6c327452b89e: Failed appendEntries: org.apache.ratis.thirdparty.io.grpc.StatusRuntimeException: UNAVAILABLE: io exception
2019-08-30 07:34:58,102 [grpc-default-executor-10] INFO  impl.FollowerInfo (FollowerInfo.java:lambda$new$0(50)) - a45a7528-2ba0-4bc3-913c-850122b1269f->c1f9b5f6-3f1a-4e58-b5c3-6c327452b89e: nextIndex: updateUnconditionally 0 -> 0
2019-08-30 07:34:58,111 [grpc-default-executor-1] WARN  server.GrpcLogAppender (LogUtils.java:warn(134)) - a45a7528-2ba0-4bc3-913c-850122b1269f->acc690db-1381-479d-90ad-8aa346d73f29: Failed appendEntries: org.apache.ratis.thirdparty.io.grpc.StatusRuntimeException: UNAVAILABLE: io exception
2019-08-30 07:34:58,111 [grpc-default-executor-1] INFO  impl.FollowerInfo (FollowerInfo.java:lambda$new$0(50)) - a45a7528-2ba0-4bc3-913c-850122b1269f->acc690db-1381-479d-90ad-8aa346d73f29: nextIndex: updateUnconditionally 0 -> 0
2019-08-30 07:34:58,165 | INFO  | SCMAudit | user=jenkins1000 | ip=192.168.5.156 | op=SEND_HEARTBEAT {datanodeUUID=cf19ac65-0b70-4753-9cfc-44acb7cd902c, command=[]} | ret=SUCCESS |  
2019-08-30 07:34:58,195 | INFO  | SCMAudit | user=jenkins1000 | ip=192.168.5.156 | op=SEND_HEARTBEAT {datanodeUUID=f20ba990-a1ec-4251-b44f-b0954e9459c1, command=[]} | ret=SUCCESS |  
2019-08-30 07:34:58,378 [grpc-default-executor-3] WARN  server.GrpcLogAppender (LogUtils.java:warn(134)) - a45a7528-2ba0-4bc3-913c-850122b1269f->acc690db-1381-479d-90ad-8aa346d73f29: Failed appendEntries: org.apache.ratis.thirdparty.io.grpc.StatusRuntimeException: UNAVAILABLE: io exception
2019-08-30 07:34:58,378 [grpc-default-executor-10] WARN  server.GrpcLogAppender (LogUtils.java:warn(134)) - a45a7528-2ba0-4bc3-913c-850122b1269f->c1f9b5f6-3f1a-4e58-b5c3-6c327452b89e: Failed appendEntries: org.apache.ratis.thirdparty.io.grpc.StatusRuntimeException: UNAVAILABLE: io exception
2019-08-30 07:34:58,378 [grpc-default-executor-3] INFO  impl.FollowerInfo (FollowerInfo.java:lambda$new$0(50)) - a45a7528-2ba0-4bc3-913c-850122b1269f->acc690db-1381-479d-90ad-8aa346d73f29: nextIndex: updateUnconditionally 0 -> 0
2019-08-30 07:34:58,379 [grpc-default-executor-10] INFO  impl.FollowerInfo (FollowerInfo.java:lambda$new$0(50)) - a45a7528-2ba0-4bc3-913c-850122b1269f->c1f9b5f6-3f1a-4e58-b5c3-6c327452b89e: nextIndex: updateUnconditionally 0 -> 0
2019-08-30 07:34:58,411 | INFO  | SCMAudit | user=jenkins1000 | ip=192.168.5.156 | op=SEND_HEARTBEAT {datanodeUUID=a45a7528-2ba0-4bc3-913c-850122b1269f, command=[]} | ret=SUCCESS |  
2019-08-30 07:34:58,603 [grpc-default-executor-0] WARN  server.GrpcLogAppender (LogUtils.java:warn(134)) - a45a7528-2ba0-4bc3-913c-850122b1269f->c1f9b5f6-3f1a-4e58-b5c3-6c327452b89e: Failed appendEntries: org.apache.ratis.thirdparty.io.grpc.StatusRuntimeException: UNAVAILABLE: io exception
2019-08-30 07:34:58,604 [grpc-default-executor-0] INFO  impl.FollowerInfo (FollowerInfo.java:lambda$new$0(50)) - a45a7528-2ba0-4bc3-913c-850122b1269f->c1f9b5f6-3f1a-4e58-b5c3-6c327452b89e: nextIndex: updateUnconditionally 0 -> 0
2019-08-30 07:34:58,611 [grpc-default-executor-3] WARN  server.GrpcLogAppender (LogUtils.java:warn(134)) - a45a7528-2ba0-4bc3-913c-850122b1269f->acc690db-1381-479d-90ad-8aa346d73f29: Failed appendEntries: org.apache.ratis.thirdparty.io.grpc.StatusRuntimeException: UNAVAILABLE: io exception
2019-08-30 07:34:58,611 [grpc-default-executor-3] INFO  impl.FollowerInfo (FollowerInfo.java:lambda$new$0(50)) - a45a7528-2ba0-4bc3-913c-850122b1269f->acc690db-1381-479d-90ad-8aa346d73f29: nextIndex: updateUnconditionally 0 -> 0
2019-08-30 07:34:58,651 [main] INFO  ozoneimpl.OzoneContainer (OzoneContainer.java:stop(199)) - Attempting to stop container services.
2019-08-30 07:34:58,652 [ForkJoinPool.commonPool-worker-0] INFO  ozoneimpl.OzoneContainer (OzoneContainer.java:stop(199)) - Attempting to stop container services.
2019-08-30 07:34:58,652 [main] INFO  impl.RaftServerProxy (RaftServerProxy.java:lambda$close$4(314)) - 4a5ae11c-f2ff-4cf6-9dca-760126bc39ff: close
2019-08-30 07:34:58,652 [ForkJoinPool.commonPool-worker-0] INFO  impl.RaftServerProxy (RaftServerProxy.java:lambda$close$4(314)) - 28af1cec-03f6-4f1e-ae7b-b0964308b7ec: close
2019-08-30 07:34:58,653 [main] INFO  server.GrpcService (GrpcService.java:closeImpl(155)) - 4a5ae11c-f2ff-4cf6-9dca-760126bc39ff: shutdown server with port 35689 now
2019-08-30 07:34:58,653 [ForkJoinPool.commonPool-worker-0] INFO  server.GrpcService (GrpcService.java:closeImpl(155)) - 28af1cec-03f6-4f1e-ae7b-b0964308b7ec: shutdown server with port 45260 now
2019-08-30 07:34:58,654 [main] INFO  server.GrpcService (GrpcService.java:closeImpl(163)) - 4a5ae11c-f2ff-4cf6-9dca-760126bc39ff: shutdown server with port 35689 successfully
2019-08-30 07:34:58,654 [ForkJoinPool.commonPool-worker-0] INFO  server.GrpcService (GrpcService.java:closeImpl(163)) - 28af1cec-03f6-4f1e-ae7b-b0964308b7ec: shutdown server with port 45260 successfully
2019-08-30 07:34:58,656 [ForkJoinPool.commonPool-worker-0] INFO  utils.BackgroundService (BackgroundService.java:shutdown(148)) - Shutting down service BlockDeletingService
2019-08-30 07:34:58,656 [main] INFO  utils.BackgroundService (BackgroundService.java:shutdown(148)) - Shutting down service BlockDeletingService
2019-08-30 07:34:58,659 [refreshUsed-/workdir/hadoop-ozone/integration-test/target/test-dir/MiniOzoneClusterImpl-e2a0042e-8006-48d2-a527-f4f759a7d1b5/datanode-4/data/containers] WARN  fs.CachingGetSpaceUsed (CachingGetSpaceUsed.java:run(183)) - Thread Interrupted waiting to refresh disk information: sleep interrupted
2019-08-30 07:34:58,659 [refreshUsed-/workdir/hadoop-ozone/integration-test/target/test-dir/MiniOzoneClusterImpl-e2a0042e-8006-48d2-a527-f4f759a7d1b5/datanode-8/data/containers] WARN  fs.CachingGetSpaceUsed (CachingGetSpaceUsed.java:run(183)) - Thread Interrupted waiting to refresh disk information: sleep interrupted
2019-08-30 07:34:58,677 [main] INFO  statemachine.DatanodeStateMachine (DatanodeStateMachine.java:stopDaemon(395)) - Ozone container server stopped.
2019-08-30 07:34:58,677 [main] INFO  handler.ContextHandler (ContextHandler.java:doStop(910)) - Stopped o.e.j.w.WebAppContext@39a7eca5{/,null,UNAVAILABLE}{/hddsDatanode}
2019-08-30 07:34:58,678 [main] INFO  server.AbstractConnector (AbstractConnector.java:doStop(318)) - Stopped ServerConnector@45bd4753{HTTP/1.1,[http/1.1]}{0.0.0.0:0}
2019-08-30 07:34:58,678 [main] INFO  handler.ContextHandler (ContextHandler.java:doStop(910)) - Stopped o.e.j.s.ServletContextHandler@2b936b04{/static,jar:file:/home/user/.m2/repository/org/apache/hadoop/hadoop-hdds-container-service/0.5.0-SNAPSHOT/hadoop-hdds-container-service-0.5.0-SNAPSHOT.jar!/webapps/static,UNAVAILABLE}
2019-08-30 07:34:58,679 [main] INFO  handler.ContextHandler (ContextHandler.java:doStop(910)) - Stopped o.e.j.s.ServletContextHandler@7de3206d{/logs,file:///workdir/hadoop-ozone/integration-test/target/log,UNAVAILABLE}
2019-08-30 07:34:58,679 [main] INFO  datanode.ObjectStoreHandler (ObjectStoreHandler.java:close(155)) - Closing ObjectStoreHandler.
2019-08-30 07:34:58,680 [main] INFO  ozone.HddsDatanodeService (HddsDatanodeService.java:stop(451)) - Stopped plug-in org.apache.hadoop.ozone.web.OzoneHddsDatanodeService@29c244e
2019-08-30 07:34:58,688 [ForkJoinPool.commonPool-worker-0] INFO  statemachine.DatanodeStateMachine (DatanodeStateMachine.java:stopDaemon(395)) - Ozone container server stopped.
2019-08-30 07:34:58,692 [ForkJoinPool.commonPool-worker-0] INFO  handler.ContextHandler (ContextHandler.java:doStop(910)) - Stopped o.e.j.w.WebAppContext@19fbc594{/,null,UNAVAILABLE}{/hddsDatanode}
2019-08-30 07:34:58,692 [ForkJoinPool.commonPool-worker-0] INFO  server.AbstractConnector (AbstractConnector.java:doStop(318)) - Stopped ServerConnector@2f4d32bf{HTTP/1.1,[http/1.1]}{0.0.0.0:0}
2019-08-30 07:34:58,693 [ForkJoinPool.commonPool-worker-0] INFO  handler.ContextHandler (ContextHandler.java:doStop(910)) - Stopped o.e.j.s.ServletContextHandler@57ce2898{/static,jar:file:/home/user/.m2/repository/org/apache/hadoop/hadoop-hdds-container-service/0.5.0-SNAPSHOT/hadoop-hdds-container-service-0.5.0-SNAPSHOT.jar!/webapps/static,UNAVAILABLE}
2019-08-30 07:34:58,695 [ForkJoinPool.commonPool-worker-0] INFO  handler.ContextHandler (ContextHandler.java:doStop(910)) - Stopped o.e.j.s.ServletContextHandler@7b297740{/logs,file:///workdir/hadoop-ozone/integration-test/target/log,UNAVAILABLE}
2019-08-30 07:34:58,696 [ForkJoinPool.commonPool-worker-0] INFO  datanode.ObjectStoreHandler (ObjectStoreHandler.java:close(155)) - Closing ObjectStoreHandler.
2019-08-30 07:34:58,697 [ForkJoinPool.commonPool-worker-0] INFO  ozone.HddsDatanodeService (HddsDatanodeService.java:stop(451)) - Stopped plug-in org.apache.hadoop.ozone.web.OzoneHddsDatanodeService@798cb6d9
2019-08-30 07:34:58,749 [a45a7528-2ba0-4bc3-913c-850122b1269f:group-70018C5AE2E4:LeaderElection39] INFO  impl.LeaderElection (LeaderElection.java:askForVotes(181)) - a45a7528-2ba0-4bc3-913c-850122b1269f:group-70018C5AE2E4:LeaderElection39: begin an election at term 3 for 0: [acc690db-1381-479d-90ad-8aa346d73f29:192.168.5.156:37691, c1f9b5f6-3f1a-4e58-b5c3-6c327452b89e:192.168.5.156:46765, a45a7528-2ba0-4bc3-913c-850122b1269f:192.168.5.156:32945], old=null
2019-08-30 07:34:58,750 [a45a7528-2ba0-4bc3-913c-850122b1269f:group-BC5BBD1BED6A:LeaderElection37] INFO  impl.LeaderElection (LeaderElection.java:askForVotes(181)) - a45a7528-2ba0-4bc3-913c-850122b1269f:group-BC5BBD1BED6A:LeaderElection37: begin an election at term 7 for -1: [acc690db-1381-479d-90ad-8aa346d73f29:192.168.5.156:37691, f20ba990-a1ec-4251-b44f-b0954e9459c1:192.168.5.156:36913, a45a7528-2ba0-4bc3-913c-850122b1269f:192.168.5.156:32945], old=null
2019-08-30 07:34:58,750 [f20ba990-a1ec-4251-b44f-b0954e9459c1:group-BC5BBD1BED6A:LeaderElection38] INFO  impl.LeaderElection (LeaderElection.java:askForVotes(181)) - f20ba990-a1ec-4251-b44f-b0954e9459c1:group-BC5BBD1BED6A:LeaderElection38: begin an election at term 7 for -1: [acc690db-1381-479d-90ad-8aa346d73f29:192.168.5.156:37691, f20ba990-a1ec-4251-b44f-b0954e9459c1:192.168.5.156:36913, a45a7528-2ba0-4bc3-913c-850122b1269f:192.168.5.156:32945], old=null
2019-08-30 07:34:58,750 [a45a7528-2ba0-4bc3-913c-850122b1269f:group-186677E0C462:LeaderElection42] INFO  impl.LeaderElection (LeaderElection.java:askForVotes(181)) - a45a7528-2ba0-4bc3-913c-850122b1269f:group-186677E0C462:LeaderElection42: begin an election at term 3 for 0: [acc690db-1381-479d-90ad-8aa346d73f29:192.168.5.156:37691, c1f9b5f6-3f1a-4e58-b5c3-6c327452b89e:192.168.5.156:46765, a45a7528-2ba0-4bc3-913c-850122b1269f:192.168.5.156:32945], old=null
2019-08-30 07:34:58,749 [a45a7528-2ba0-4bc3-913c-850122b1269f:group-C640FB00525B:LeaderElection41] INFO  impl.LeaderElection (LeaderElection.java:askForVotes(181)) - a45a7528-2ba0-4bc3-913c-850122b1269f:group-C640FB00525B:LeaderElection41: begin an election at term 3 for 0: [acc690db-1381-479d-90ad-8aa346d73f29:192.168.5.156:37691, c1f9b5f6-3f1a-4e58-b5c3-6c327452b89e:192.168.5.156:46765, a45a7528-2ba0-4bc3-913c-850122b1269f:192.168.5.156:32945], old=null
2019-08-30 07:34:58,749 [a45a7528-2ba0-4bc3-913c-850122b1269f:group-F9B49111EF33:LeaderElection40] INFO  impl.LeaderElection (LeaderElection.java:askForVotes(181)) - a45a7528-2ba0-4bc3-913c-850122b1269f:group-F9B49111EF33:LeaderElection40: begin an election at term 3 for 0: [acc690db-1381-479d-90ad-8aa346d73f29:192.168.5.156:37691, c1f9b5f6-3f1a-4e58-b5c3-6c327452b89e:192.168.5.156:46765, a45a7528-2ba0-4bc3-913c-850122b1269f:192.168.5.156:32945], old=null
2019-08-30 07:34:58,751 [f20ba990-a1ec-4251-b44f-b0954e9459c1:group-BC5BBD1BED6A:LeaderElection38] INFO  impl.LeaderElection (LogUtils.java:infoOrTrace(149)) - f20ba990-a1ec-4251-b44f-b0954e9459c1:group-BC5BBD1BED6A:LeaderElection38 got exception when requesting votes: {}
java.util.concurrent.ExecutionException: org.apache.ratis.thirdparty.io.grpc.StatusRuntimeException: UNAVAILABLE: io exception
	at java.util.concurrent.FutureTask.report(FutureTask.java:122)
	at java.util.concurrent.FutureTask.get(FutureTask.java:192)
	at org.apache.ratis.server.impl.LeaderElection.waitForResults(LeaderElection.java:262)
	at org.apache.ratis.server.impl.LeaderElection.askForVotes(LeaderElection.java:200)
	at org.apache.ratis.server.impl.LeaderElection.run(LeaderElection.java:130)
	at java.lang.Thread.run(Thread.java:748)
Caused by: org.apache.ratis.thirdparty.io.grpc.StatusRuntimeException: UNAVAILABLE: io exception
	at org.apache.ratis.thirdparty.io.grpc.stub.ClientCalls.toStatusRuntimeException(ClientCalls.java:233)
	at org.apache.ratis.thirdparty.io.grpc.stub.ClientCalls.getUnchecked(ClientCalls.java:214)
	at org.apache.ratis.thirdparty.io.grpc.stub.ClientCalls.blockingUnaryCall(ClientCalls.java:139)
	at org.apache.ratis.proto.grpc.RaftServerProtocolServiceGrpc$RaftServerProtocolServiceBlockingStub.requestVote(RaftServerProtocolServiceGrpc.java:265)
	at org.apache.ratis.grpc.server.GrpcServerProtocolClient.requestVote(GrpcServerProtocolClient.java:83)
	at org.apache.ratis.grpc.server.GrpcService.requestVote(GrpcService.java:195)
	at org.apache.ratis.server.impl.LeaderElection.lambda$submitRequests$1(LeaderElection.java:237)
	at java.util.concurrent.FutureTask.run(FutureTask.java:266)
	at java.util.concurrent.Executors$RunnableAdapter.call(Executors.java:511)
	at java.util.concurrent.FutureTask.run(FutureTask.java:266)
	at java.util.concurrent.ThreadPoolExecutor.runWorker(ThreadPoolExecutor.java:1149)
	at java.util.concurrent.ThreadPoolExecutor$Worker.run(ThreadPoolExecutor.java:624)
	... 1 more
Caused by: org.apache.ratis.thirdparty.io.netty.channel.AbstractChannel$AnnotatedConnectException: Connection refused: /192.168.5.156:37691
	at sun.nio.ch.SocketChannelImpl.checkConnect(Native Method)
	at sun.nio.ch.SocketChannelImpl.finishConnect(SocketChannelImpl.java:717)
	at org.apache.ratis.thirdparty.io.netty.channel.socket.nio.NioSocketChannel.doFinishConnect(NioSocketChannel.java:327)
	at org.apache.ratis.thirdparty.io.netty.channel.nio.AbstractNioChannel$AbstractNioUnsafe.finishConnect(AbstractNioChannel.java:340)
	at org.apache.ratis.thirdparty.io.netty.channel.nio.NioEventLoop.processSelectedKey(NioEventLoop.java:632)
	at org.apache.ratis.thirdparty.io.netty.channel.nio.NioEventLoop.processSelectedKeysOptimized(NioEventLoop.java:579)
	at org.apache.ratis.thirdparty.io.netty.channel.nio.NioEventLoop.processSelectedKeys(NioEventLoop.java:496)
	at org.apache.ratis.thirdparty.io.netty.channel.nio.NioEventLoop.run(NioEventLoop.java:458)
	at org.apache.ratis.thirdparty.io.netty.util.concurrent.SingleThreadEventExecutor$5.run(SingleThreadEventExecutor.java:897)
	at org.apache.ratis.thirdparty.io.netty.util.concurrent.FastThreadLocalRunnable.run(FastThreadLocalRunnable.java:30)
	... 1 more
Caused by: java.net.ConnectException: Connection refused
	... 11 more
2019-08-30 07:34:58,756 [a45a7528-2ba0-4bc3-913c-850122b1269f:group-C640FB00525B:LeaderElection41] INFO  impl.LeaderElection (LogUtils.java:infoOrTrace(149)) - a45a7528-2ba0-4bc3-913c-850122b1269f:group-C640FB00525B:LeaderElection41 got exception when requesting votes: {}
java.util.concurrent.ExecutionException: org.apache.ratis.thirdparty.io.grpc.StatusRuntimeException: UNAVAILABLE: io exception
	at java.util.concurrent.FutureTask.report(FutureTask.java:122)
	at java.util.concurrent.FutureTask.get(FutureTask.java:192)
	at org.apache.ratis.server.impl.LeaderElection.waitForResults(LeaderElection.java:262)
	at org.apache.ratis.server.impl.LeaderElection.askForVotes(LeaderElection.java:200)
	at org.apache.ratis.server.impl.LeaderElection.run(LeaderElection.java:130)
	at java.lang.Thread.run(Thread.java:748)
Caused by: org.apache.ratis.thirdparty.io.grpc.StatusRuntimeException: UNAVAILABLE: io exception
	at org.apache.ratis.thirdparty.io.grpc.stub.ClientCalls.toStatusRuntimeException(ClientCalls.java:233)
	at org.apache.ratis.thirdparty.io.grpc.stub.ClientCalls.getUnchecked(ClientCalls.java:214)
	at org.apache.ratis.thirdparty.io.grpc.stub.ClientCalls.blockingUnaryCall(ClientCalls.java:139)
	at org.apache.ratis.proto.grpc.RaftServerProtocolServiceGrpc$RaftServerProtocolServiceBlockingStub.requestVote(RaftServerProtocolServiceGrpc.java:265)
	at org.apache.ratis.grpc.server.GrpcServerProtocolClient.requestVote(GrpcServerProtocolClient.java:83)
	at org.apache.ratis.grpc.server.GrpcService.requestVote(GrpcService.java:195)
	at org.apache.ratis.server.impl.LeaderElection.lambda$submitRequests$1(LeaderElection.java:237)
	at java.util.concurrent.FutureTask.run(FutureTask.java:266)
	at java.util.concurrent.Executors$RunnableAdapter.call(Executors.java:511)
	at java.util.concurrent.FutureTask.run(FutureTask.java:266)
	at java.util.concurrent.ThreadPoolExecutor.runWorker(ThreadPoolExecutor.java:1149)
	at java.util.concurrent.ThreadPoolExecutor$Worker.run(ThreadPoolExecutor.java:624)
	... 1 more
Caused by: org.apache.ratis.thirdparty.io.netty.channel.AbstractChannel$AnnotatedConnectException: Connection refused: /192.168.5.156:46765
	at sun.nio.ch.SocketChannelImpl.checkConnect(Native Method)
	at sun.nio.ch.SocketChannelImpl.finishConnect(SocketChannelImpl.java:717)
	at org.apache.ratis.thirdparty.io.netty.channel.socket.nio.NioSocketChannel.doFinishConnect(NioSocketChannel.java:327)
	at org.apache.ratis.thirdparty.io.netty.channel.nio.AbstractNioChannel$AbstractNioUnsafe.finishConnect(AbstractNioChannel.java:340)
	at org.apache.ratis.thirdparty.io.netty.channel.nio.NioEventLoop.processSelectedKey(NioEventLoop.java:632)
	at org.apache.ratis.thirdparty.io.netty.channel.nio.NioEventLoop.processSelectedKeysOptimized(NioEventLoop.java:579)
	at org.apache.ratis.thirdparty.io.netty.channel.nio.NioEventLoop.processSelectedKeys(NioEventLoop.java:496)
	at org.apache.ratis.thirdparty.io.netty.channel.nio.NioEventLoop.run(NioEventLoop.java:458)
	at org.apache.ratis.thirdparty.io.netty.util.concurrent.SingleThreadEventExecutor$5.run(SingleThreadEventExecutor.java:897)
	at org.apache.ratis.thirdparty.io.netty.util.concurrent.FastThreadLocalRunnable.run(FastThreadLocalRunnable.java:30)
	... 1 more
Caused by: java.net.ConnectException: Connection refused
	... 11 more
2019-08-30 07:34:58,756 [a45a7528-2ba0-4bc3-913c-850122b1269f:group-70018C5AE2E4:LeaderElection39] INFO  impl.LeaderElection (LogUtils.java:infoOrTrace(149)) - a45a7528-2ba0-4bc3-913c-850122b1269f:group-70018C5AE2E4:LeaderElection39 got exception when requesting votes: {}
java.util.concurrent.ExecutionException: org.apache.ratis.thirdparty.io.grpc.StatusRuntimeException: UNAVAILABLE: io exception
	at java.util.concurrent.FutureTask.report(FutureTask.java:122)
	at java.util.concurrent.FutureTask.get(FutureTask.java:192)
	at org.apache.ratis.server.impl.LeaderElection.waitForResults(LeaderElection.java:262)
	at org.apache.ratis.server.impl.LeaderElection.askForVotes(LeaderElection.java:200)
	at org.apache.ratis.server.impl.LeaderElection.run(LeaderElection.java:130)
	at java.lang.Thread.run(Thread.java:748)
Caused by: org.apache.ratis.thirdparty.io.grpc.StatusRuntimeException: UNAVAILABLE: io exception
	at org.apache.ratis.thirdparty.io.grpc.stub.ClientCalls.toStatusRuntimeException(ClientCalls.java:233)
	at org.apache.ratis.thirdparty.io.grpc.stub.ClientCalls.getUnchecked(ClientCalls.java:214)
	at org.apache.ratis.thirdparty.io.grpc.stub.ClientCalls.blockingUnaryCall(ClientCalls.java:139)
	at org.apache.ratis.proto.grpc.RaftServerProtocolServiceGrpc$RaftServerProtocolServiceBlockingStub.requestVote(RaftServerProtocolServiceGrpc.java:265)
	at org.apache.ratis.grpc.server.GrpcServerProtocolClient.requestVote(GrpcServerProtocolClient.java:83)
	at org.apache.ratis.grpc.server.GrpcService.requestVote(GrpcService.java:195)
	at org.apache.ratis.server.impl.LeaderElection.lambda$submitRequests$1(LeaderElection.java:237)
	at java.util.concurrent.FutureTask.run(FutureTask.java:266)
	at java.util.concurrent.Executors$RunnableAdapter.call(Executors.java:511)
	at java.util.concurrent.FutureTask.run(FutureTask.java:266)
	at java.util.concurrent.ThreadPoolExecutor.runWorker(ThreadPoolExecutor.java:1149)
	at java.util.concurrent.ThreadPoolExecutor$Worker.run(ThreadPoolExecutor.java:624)
	... 1 more
Caused by: org.apache.ratis.thirdparty.io.netty.channel.AbstractChannel$AnnotatedConnectException: Connection refused: /192.168.5.156:46765
	at sun.nio.ch.SocketChannelImpl.checkConnect(Native Method)
	at sun.nio.ch.SocketChannelImpl.finishConnect(SocketChannelImpl.java:717)
	at org.apache.ratis.thirdparty.io.netty.channel.socket.nio.NioSocketChannel.doFinishConnect(NioSocketChannel.java:327)
	at org.apache.ratis.thirdparty.io.netty.channel.nio.AbstractNioChannel$AbstractNioUnsafe.finishConnect(AbstractNioChannel.java:340)
	at org.apache.ratis.thirdparty.io.netty.channel.nio.NioEventLoop.processSelectedKey(NioEventLoop.java:632)
	at org.apache.ratis.thirdparty.io.netty.channel.nio.NioEventLoop.processSelectedKeysOptimized(NioEventLoop.java:579)
	at org.apache.ratis.thirdparty.io.netty.channel.nio.NioEventLoop.processSelectedKeys(NioEventLoop.java:496)
	at org.apache.ratis.thirdparty.io.netty.channel.nio.NioEventLoop.run(NioEventLoop.java:458)
	at org.apache.ratis.thirdparty.io.netty.util.concurrent.SingleThreadEventExecutor$5.run(SingleThreadEventExecutor.java:897)
	at org.apache.ratis.thirdparty.io.netty.util.concurrent.FastThreadLocalRunnable.run(FastThreadLocalRunnable.java:30)
	... 1 more
Caused by: java.net.ConnectException: Connection refused
	... 11 more
2019-08-30 07:34:58,756 [a45a7528-2ba0-4bc3-913c-850122b1269f:group-F9B49111EF33:LeaderElection40] INFO  impl.LeaderElection (LogUtils.java:infoOrTrace(149)) - a45a7528-2ba0-4bc3-913c-850122b1269f:group-F9B49111EF33:LeaderElection40 got exception when requesting votes: {}
java.util.concurrent.ExecutionException: org.apache.ratis.thirdparty.io.grpc.StatusRuntimeException: UNAVAILABLE: io exception
	at java.util.concurrent.FutureTask.report(FutureTask.java:122)
	at java.util.concurrent.FutureTask.get(FutureTask.java:192)
	at org.apache.ratis.server.impl.LeaderElection.waitForResults(LeaderElection.java:262)
	at org.apache.ratis.server.impl.LeaderElection.askForVotes(LeaderElection.java:200)
	at org.apache.ratis.server.impl.LeaderElection.run(LeaderElection.java:130)
	at java.lang.Thread.run(Thread.java:748)
Caused by: org.apache.ratis.thirdparty.io.grpc.StatusRuntimeException: UNAVAILABLE: io exception
	at org.apache.ratis.thirdparty.io.grpc.stub.ClientCalls.toStatusRuntimeException(ClientCalls.java:233)
	at org.apache.ratis.thirdparty.io.grpc.stub.ClientCalls.getUnchecked(ClientCalls.java:214)
	at org.apache.ratis.thirdparty.io.grpc.stub.ClientCalls.blockingUnaryCall(ClientCalls.java:139)
	at org.apache.ratis.proto.grpc.RaftServerProtocolServiceGrpc$RaftServerProtocolServiceBlockingStub.requestVote(RaftServerProtocolServiceGrpc.java:265)
	at org.apache.ratis.grpc.server.GrpcServerProtocolClient.requestVote(GrpcServerProtocolClient.java:83)
	at org.apache.ratis.grpc.server.GrpcService.requestVote(GrpcService.java:195)
	at org.apache.ratis.server.impl.LeaderElection.lambda$submitRequests$1(LeaderElection.java:237)
	at java.util.concurrent.FutureTask.run(FutureTask.java:266)
	at java.util.concurrent.Executors$RunnableAdapter.call(Executors.java:511)
	at java.util.concurrent.FutureTask.run(FutureTask.java:266)
	at java.util.concurrent.ThreadPoolExecutor.runWorker(ThreadPoolExecutor.java:1149)
	at java.util.concurrent.ThreadPoolExecutor$Worker.run(ThreadPoolExecutor.java:624)
	... 1 more
Caused by: org.apache.ratis.thirdparty.io.netty.channel.AbstractChannel$AnnotatedConnectException: Connection refused: /192.168.5.156:46765
	at sun.nio.ch.SocketChannelImpl.checkConnect(Native Method)
	at sun.nio.ch.SocketChannelImpl.finishConnect(SocketChannelImpl.java:717)
	at org.apache.ratis.thirdparty.io.netty.channel.socket.nio.NioSocketChannel.doFinishConnect(NioSocketChannel.java:327)
	at org.apache.ratis.thirdparty.io.netty.channel.nio.AbstractNioChannel$AbstractNioUnsafe.finishConnect(AbstractNioChannel.java:340)
	at org.apache.ratis.thirdparty.io.netty.channel.nio.NioEventLoop.processSelectedKey(NioEventLoop.java:632)
	at org.apache.ratis.thirdparty.io.netty.channel.nio.NioEventLoop.processSelectedKeysOptimized(NioEventLoop.java:579)
	at org.apache.ratis.thirdparty.io.netty.channel.nio.NioEventLoop.processSelectedKeys(NioEventLoop.java:496)
	at org.apache.ratis.thirdparty.io.netty.channel.nio.NioEventLoop.run(NioEventLoop.java:458)
	at org.apache.ratis.thirdparty.io.netty.util.concurrent.SingleThreadEventExecutor$5.run(SingleThreadEventExecutor.java:897)
	at org.apache.ratis.thirdparty.io.netty.util.concurrent.FastThreadLocalRunnable.run(FastThreadLocalRunnable.java:30)
	... 1 more
Caused by: java.net.ConnectException: Connection refused
	... 11 more
2019-08-30 07:34:58,756 [a45a7528-2ba0-4bc3-913c-850122b1269f:group-186677E0C462:LeaderElection42] INFO  impl.LeaderElection (LogUtils.java:infoOrTrace(149)) - a45a7528-2ba0-4bc3-913c-850122b1269f:group-186677E0C462:LeaderElection42 got exception when requesting votes: {}
java.util.concurrent.ExecutionException: org.apache.ratis.thirdparty.io.grpc.StatusRuntimeException: UNAVAILABLE: io exception
	at java.util.concurrent.FutureTask.report(FutureTask.java:122)
	at java.util.concurrent.FutureTask.get(FutureTask.java:192)
	at org.apache.ratis.server.impl.LeaderElection.waitForResults(LeaderElection.java:262)
	at org.apache.ratis.server.impl.LeaderElection.askForVotes(LeaderElection.java:200)
	at org.apache.ratis.server.impl.LeaderElection.run(LeaderElection.java:130)
	at java.lang.Thread.run(Thread.java:748)
Caused by: org.apache.ratis.thirdparty.io.grpc.StatusRuntimeException: UNAVAILABLE: io exception
	at org.apache.ratis.thirdparty.io.grpc.stub.ClientCalls.toStatusRuntimeException(ClientCalls.java:233)
	at org.apache.ratis.thirdparty.io.grpc.stub.ClientCalls.getUnchecked(ClientCalls.java:214)
	at org.apache.ratis.thirdparty.io.grpc.stub.ClientCalls.blockingUnaryCall(ClientCalls.java:139)
	at org.apache.ratis.proto.grpc.RaftServerProtocolServiceGrpc$RaftServerProtocolServiceBlockingStub.requestVote(RaftServerProtocolServiceGrpc.java:265)
	at org.apache.ratis.grpc.server.GrpcServerProtocolClient.requestVote(GrpcServerProtocolClient.java:83)
	at org.apache.ratis.grpc.server.GrpcService.requestVote(GrpcService.java:195)
	at org.apache.ratis.server.impl.LeaderElection.lambda$submitRequests$1(LeaderElection.java:237)
	at java.util.concurrent.FutureTask.run(FutureTask.java:266)
	at java.util.concurrent.Executors$RunnableAdapter.call(Executors.java:511)
	at java.util.concurrent.FutureTask.run(FutureTask.java:266)
	at java.util.concurrent.ThreadPoolExecutor.runWorker(ThreadPoolExecutor.java:1149)
	at java.util.concurrent.ThreadPoolExecutor$Worker.run(ThreadPoolExecutor.java:624)
	... 1 more
Caused by: org.apache.ratis.thirdparty.io.netty.channel.AbstractChannel$AnnotatedConnectException: Connection refused: /192.168.5.156:46765
	at sun.nio.ch.SocketChannelImpl.checkConnect(Native Method)
	at sun.nio.ch.SocketChannelImpl.finishConnect(SocketChannelImpl.java:717)
	at org.apache.ratis.thirdparty.io.netty.channel.socket.nio.NioSocketChannel.doFinishConnect(NioSocketChannel.java:327)
	at org.apache.ratis.thirdparty.io.netty.channel.nio.AbstractNioChannel$AbstractNioUnsafe.finishConnect(AbstractNioChannel.java:340)
	at org.apache.ratis.thirdparty.io.netty.channel.nio.NioEventLoop.processSelectedKey(NioEventLoop.java:632)
	at org.apache.ratis.thirdparty.io.netty.channel.nio.NioEventLoop.processSelectedKeysOptimized(NioEventLoop.java:579)
	at org.apache.ratis.thirdparty.io.netty.channel.nio.NioEventLoop.processSelectedKeys(NioEventLoop.java:496)
	at org.apache.ratis.thirdparty.io.netty.channel.nio.NioEventLoop.run(NioEventLoop.java:458)
	at org.apache.ratis.thirdparty.io.netty.util.concurrent.SingleThreadEventExecutor$5.run(SingleThreadEventExecutor.java:897)
	at org.apache.ratis.thirdparty.io.netty.util.concurrent.FastThreadLocalRunnable.run(FastThreadLocalRunnable.java:30)
	... 1 more
Caused by: java.net.ConnectException: Connection refused
	... 11 more
2019-08-30 07:34:58,762 [a45a7528-2ba0-4bc3-913c-850122b1269f:group-F9B49111EF33:LeaderElection40] INFO  impl.LeaderElection (LogUtils.java:infoOrTrace(149)) - a45a7528-2ba0-4bc3-913c-850122b1269f:group-F9B49111EF33:LeaderElection40 got exception when requesting votes: {}
java.util.concurrent.ExecutionException: org.apache.ratis.thirdparty.io.grpc.StatusRuntimeException: UNAVAILABLE: io exception
	at java.util.concurrent.FutureTask.report(FutureTask.java:122)
	at java.util.concurrent.FutureTask.get(FutureTask.java:192)
	at org.apache.ratis.server.impl.LeaderElection.waitForResults(LeaderElection.java:262)
	at org.apache.ratis.server.impl.LeaderElection.askForVotes(LeaderElection.java:200)
	at org.apache.ratis.server.impl.LeaderElection.run(LeaderElection.java:130)
	at java.lang.Thread.run(Thread.java:748)
Caused by: org.apache.ratis.thirdparty.io.grpc.StatusRuntimeException: UNAVAILABLE: io exception
	at org.apache.ratis.thirdparty.io.grpc.stub.ClientCalls.toStatusRuntimeException(ClientCalls.java:233)
	at org.apache.ratis.thirdparty.io.grpc.stub.ClientCalls.getUnchecked(ClientCalls.java:214)
	at org.apache.ratis.thirdparty.io.grpc.stub.ClientCalls.blockingUnaryCall(ClientCalls.java:139)
	at org.apache.ratis.proto.grpc.RaftServerProtocolServiceGrpc$RaftServerProtocolServiceBlockingStub.requestVote(RaftServerProtocolServiceGrpc.java:265)
	at org.apache.ratis.grpc.server.GrpcServerProtocolClient.requestVote(GrpcServerProtocolClient.java:83)
	at org.apache.ratis.grpc.server.GrpcService.requestVote(GrpcService.java:195)
	at org.apache.ratis.server.impl.LeaderElection.lambda$submitRequests$1(LeaderElection.java:237)
	at java.util.concurrent.FutureTask.run(FutureTask.java:266)
	at java.util.concurrent.Executors$RunnableAdapter.call(Executors.java:511)
	at java.util.concurrent.FutureTask.run(FutureTask.java:266)
	at java.util.concurrent.ThreadPoolExecutor.runWorker(ThreadPoolExecutor.java:1149)
	at java.util.concurrent.ThreadPoolExecutor$Worker.run(ThreadPoolExecutor.java:624)
	... 1 more
Caused by: org.apache.ratis.thirdparty.io.netty.channel.AbstractChannel$AnnotatedConnectException: Connection refused: /192.168.5.156:37691
	at sun.nio.ch.SocketChannelImpl.checkConnect(Native Method)
	at sun.nio.ch.SocketChannelImpl.finishConnect(SocketChannelImpl.java:717)
	at org.apache.ratis.thirdparty.io.netty.channel.socket.nio.NioSocketChannel.doFinishConnect(NioSocketChannel.java:327)
	at org.apache.ratis.thirdparty.io.netty.channel.nio.AbstractNioChannel$AbstractNioUnsafe.finishConnect(AbstractNioChannel.java:340)
	at org.apache.ratis.thirdparty.io.netty.channel.nio.NioEventLoop.processSelectedKey(NioEventLoop.java:632)
	at org.apache.ratis.thirdparty.io.netty.channel.nio.NioEventLoop.processSelectedKeysOptimized(NioEventLoop.java:579)
	at org.apache.ratis.thirdparty.io.netty.channel.nio.NioEventLoop.processSelectedKeys(NioEventLoop.java:496)
	at org.apache.ratis.thirdparty.io.netty.channel.nio.NioEventLoop.run(NioEventLoop.java:458)
	at org.apache.ratis.thirdparty.io.netty.util.concurrent.SingleThreadEventExecutor$5.run(SingleThreadEventExecutor.java:897)
	at org.apache.ratis.thirdparty.io.netty.util.concurrent.FastThreadLocalRunnable.run(FastThreadLocalRunnable.java:30)
	... 1 more
Caused by: java.net.ConnectException: Connection refused
	... 11 more
2019-08-30 07:34:58,760 [a45a7528-2ba0-4bc3-913c-850122b1269f:group-70018C5AE2E4:LeaderElection39] INFO  impl.LeaderElection (LogUtils.java:infoOrTrace(149)) - a45a7528-2ba0-4bc3-913c-850122b1269f:group-70018C5AE2E4:LeaderElection39 got exception when requesting votes: {}
java.util.concurrent.ExecutionException: org.apache.ratis.thirdparty.io.grpc.StatusRuntimeException: UNAVAILABLE: io exception
	at java.util.concurrent.FutureTask.report(FutureTask.java:122)
	at java.util.concurrent.FutureTask.get(FutureTask.java:192)
	at org.apache.ratis.server.impl.LeaderElection.waitForResults(LeaderElection.java:262)
	at org.apache.ratis.server.impl.LeaderElection.askForVotes(LeaderElection.java:200)
	at org.apache.ratis.server.impl.LeaderElection.run(LeaderElection.java:130)
	at java.lang.Thread.run(Thread.java:748)
Caused by: org.apache.ratis.thirdparty.io.grpc.StatusRuntimeException: UNAVAILABLE: io exception
	at org.apache.ratis.thirdparty.io.grpc.stub.ClientCalls.toStatusRuntimeException(ClientCalls.java:233)
	at org.apache.ratis.thirdparty.io.grpc.stub.ClientCalls.getUnchecked(ClientCalls.java:214)
	at org.apache.ratis.thirdparty.io.grpc.stub.ClientCalls.blockingUnaryCall(ClientCalls.java:139)
	at org.apache.ratis.proto.grpc.RaftServerProtocolServiceGrpc$RaftServerProtocolServiceBlockingStub.requestVote(RaftServerProtocolServiceGrpc.java:265)
	at org.apache.ratis.grpc.server.GrpcServerProtocolClient.requestVote(GrpcServerProtocolClient.java:83)
	at org.apache.ratis.grpc.server.GrpcService.requestVote(GrpcService.java:195)
	at org.apache.ratis.server.impl.LeaderElection.lambda$submitRequests$1(LeaderElection.java:237)
	at java.util.concurrent.FutureTask.run(FutureTask.java:266)
	at java.util.concurrent.Executors$RunnableAdapter.call(Executors.java:511)
	at java.util.concurrent.FutureTask.run(FutureTask.java:266)
	at java.util.concurrent.ThreadPoolExecutor.runWorker(ThreadPoolExecutor.java:1149)
	at java.util.concurrent.ThreadPoolExecutor$Worker.run(ThreadPoolExecutor.java:624)
	... 1 more
Caused by: org.apache.ratis.thirdparty.io.netty.channel.AbstractChannel$AnnotatedConnectException: Connection refused: /192.168.5.156:37691
	at sun.nio.ch.SocketChannelImpl.checkConnect(Native Method)
	at sun.nio.ch.SocketChannelImpl.finishConnect(SocketChannelImpl.java:717)
	at org.apache.ratis.thirdparty.io.netty.channel.socket.nio.NioSocketChannel.doFinishConnect(NioSocketChannel.java:327)
	at org.apache.ratis.thirdparty.io.netty.channel.nio.AbstractNioChannel$AbstractNioUnsafe.finishConnect(AbstractNioChannel.java:340)
	at org.apache.ratis.thirdparty.io.netty.channel.nio.NioEventLoop.processSelectedKey(NioEventLoop.java:632)
	at org.apache.ratis.thirdparty.io.netty.channel.nio.NioEventLoop.processSelectedKeysOptimized(NioEventLoop.java:579)
	at org.apache.ratis.thirdparty.io.netty.channel.nio.NioEventLoop.processSelectedKeys(NioEventLoop.java:496)
	at org.apache.ratis.thirdparty.io.netty.channel.nio.NioEventLoop.run(NioEventLoop.java:458)
	at org.apache.ratis.thirdparty.io.netty.util.concurrent.SingleThreadEventExecutor$5.run(SingleThreadEventExecutor.java:897)
	at org.apache.ratis.thirdparty.io.netty.util.concurrent.FastThreadLocalRunnable.run(FastThreadLocalRunnable.java:30)
	... 1 more
Caused by: java.net.ConnectException: Connection refused
	... 11 more
2019-08-30 07:34:58,758 [a45a7528-2ba0-4bc3-913c-850122b1269f:group-C640FB00525B:LeaderElection41] INFO  impl.LeaderElection (LogUtils.java:infoOrTrace(149)) - a45a7528-2ba0-4bc3-913c-850122b1269f:group-C640FB00525B:LeaderElection41 got exception when requesting votes: {}
java.util.concurrent.ExecutionException: org.apache.ratis.thirdparty.io.grpc.StatusRuntimeException: UNAVAILABLE: io exception
	at java.util.concurrent.FutureTask.report(FutureTask.java:122)
	at java.util.concurrent.FutureTask.get(FutureTask.java:192)
	at org.apache.ratis.server.impl.LeaderElection.waitForResults(LeaderElection.java:262)
	at org.apache.ratis.server.impl.LeaderElection.askForVotes(LeaderElection.java:200)
	at org.apache.ratis.server.impl.LeaderElection.run(LeaderElection.java:130)
	at java.lang.Thread.run(Thread.java:748)
Caused by: org.apache.ratis.thirdparty.io.grpc.StatusRuntimeException: UNAVAILABLE: io exception
	at org.apache.ratis.thirdparty.io.grpc.stub.ClientCalls.toStatusRuntimeException(ClientCalls.java:233)
	at org.apache.ratis.thirdparty.io.grpc.stub.ClientCalls.getUnchecked(ClientCalls.java:214)
	at org.apache.ratis.thirdparty.io.grpc.stub.ClientCalls.blockingUnaryCall(ClientCalls.java:139)
	at org.apache.ratis.proto.grpc.RaftServerProtocolServiceGrpc$RaftServerProtocolServiceBlockingStub.requestVote(RaftServerProtocolServiceGrpc.java:265)
	at org.apache.ratis.grpc.server.GrpcServerProtocolClient.requestVote(GrpcServerProtocolClient.java:83)
	at org.apache.ratis.grpc.server.GrpcService.requestVote(GrpcService.java:195)
	at org.apache.ratis.server.impl.LeaderElection.lambda$submitRequests$1(LeaderElection.java:237)
	at java.util.concurrent.FutureTask.run(FutureTask.java:266)
	at java.util.concurrent.Executors$RunnableAdapter.call(Executors.java:511)
	at java.util.concurrent.FutureTask.run(FutureTask.java:266)
	at java.util.concurrent.ThreadPoolExecutor.runWorker(ThreadPoolExecutor.java:1149)
	at java.util.concurrent.ThreadPoolExecutor$Worker.run(ThreadPoolExecutor.java:624)
	... 1 more
Caused by: org.apache.ratis.thirdparty.io.netty.channel.AbstractChannel$AnnotatedConnectException: Connection refused: /192.168.5.156:37691
	at sun.nio.ch.SocketChannelImpl.checkConnect(Native Method)
	at sun.nio.ch.SocketChannelImpl.finishConnect(SocketChannelImpl.java:717)
	at org.apache.ratis.thirdparty.io.netty.channel.socket.nio.NioSocketChannel.doFinishConnect(NioSocketChannel.java:327)
	at org.apache.ratis.thirdparty.io.netty.channel.nio.AbstractNioChannel$AbstractNioUnsafe.finishConnect(AbstractNioChannel.java:340)
	at org.apache.ratis.thirdparty.io.netty.channel.nio.NioEventLoop.processSelectedKey(NioEventLoop.java:632)
	at org.apache.ratis.thirdparty.io.netty.channel.nio.NioEventLoop.processSelectedKeysOptimized(NioEventLoop.java:579)
	at org.apache.ratis.thirdparty.io.netty.channel.nio.NioEventLoop.processSelectedKeys(NioEventLoop.java:496)
	at org.apache.ratis.thirdparty.io.netty.channel.nio.NioEventLoop.run(NioEventLoop.java:458)
	at org.apache.ratis.thirdparty.io.netty.util.concurrent.SingleThreadEventExecutor$5.run(SingleThreadEventExecutor.java:897)
	at org.apache.ratis.thirdparty.io.netty.util.concurrent.FastThreadLocalRunnable.run(FastThreadLocalRunnable.java:30)
	... 1 more
Caused by: java.net.ConnectException: Connection refused
	... 11 more
2019-08-30 07:34:58,758 [a45a7528-2ba0-4bc3-913c-850122b1269f:group-BC5BBD1BED6A:LeaderElection37] INFO  impl.LeaderElection (LogUtils.java:infoOrTrace(149)) - a45a7528-2ba0-4bc3-913c-850122b1269f:group-BC5BBD1BED6A:LeaderElection37 got exception when requesting votes: {}
java.util.concurrent.ExecutionException: org.apache.ratis.thirdparty.io.grpc.StatusRuntimeException: UNAVAILABLE: io exception
	at java.util.concurrent.FutureTask.report(FutureTask.java:122)
	at java.util.concurrent.FutureTask.get(FutureTask.java:192)
	at org.apache.ratis.server.impl.LeaderElection.waitForResults(LeaderElection.java:262)
	at org.apache.ratis.server.impl.LeaderElection.askForVotes(LeaderElection.java:200)
	at org.apache.ratis.server.impl.LeaderElection.run(LeaderElection.java:130)
	at java.lang.Thread.run(Thread.java:748)
Caused by: org.apache.ratis.thirdparty.io.grpc.StatusRuntimeException: UNAVAILABLE: io exception
	at org.apache.ratis.thirdparty.io.grpc.stub.ClientCalls.toStatusRuntimeException(ClientCalls.java:233)
	at org.apache.ratis.thirdparty.io.grpc.stub.ClientCalls.getUnchecked(ClientCalls.java:214)
	at org.apache.ratis.thirdparty.io.grpc.stub.ClientCalls.blockingUnaryCall(ClientCalls.java:139)
	at org.apache.ratis.proto.grpc.RaftServerProtocolServiceGrpc$RaftServerProtocolServiceBlockingStub.requestVote(RaftServerProtocolServiceGrpc.java:265)
	at org.apache.ratis.grpc.server.GrpcServerProtocolClient.requestVote(GrpcServerProtocolClient.java:83)
	at org.apache.ratis.grpc.server.GrpcService.requestVote(GrpcService.java:195)
	at org.apache.ratis.server.impl.LeaderElection.lambda$submitRequests$1(LeaderElection.java:237)
	at java.util.concurrent.FutureTask.run(FutureTask.java:266)
	at java.util.concurrent.Executors$RunnableAdapter.call(Executors.java:511)
	at java.util.concurrent.FutureTask.run(FutureTask.java:266)
	at java.util.concurrent.ThreadPoolExecutor.runWorker(ThreadPoolExecutor.java:1149)
	at java.util.concurrent.ThreadPoolExecutor$Worker.run(ThreadPoolExecutor.java:624)
	... 1 more
Caused by: org.apache.ratis.thirdparty.io.netty.channel.AbstractChannel$AnnotatedConnectException: Connection refused: /192.168.5.156:37691
	at sun.nio.ch.SocketChannelImpl.checkConnect(Native Method)
	at sun.nio.ch.SocketChannelImpl.finishConnect(SocketChannelImpl.java:717)
	at org.apache.ratis.thirdparty.io.netty.channel.socket.nio.NioSocketChannel.doFinishConnect(NioSocketChannel.java:327)
	at org.apache.ratis.thirdparty.io.netty.channel.nio.AbstractNioChannel$AbstractNioUnsafe.finishConnect(AbstractNioChannel.java:340)
	at org.apache.ratis.thirdparty.io.netty.channel.nio.NioEventLoop.processSelectedKey(NioEventLoop.java:632)
	at org.apache.ratis.thirdparty.io.netty.channel.nio.NioEventLoop.processSelectedKeysOptimized(NioEventLoop.java:579)
	at org.apache.ratis.thirdparty.io.netty.channel.nio.NioEventLoop.processSelectedKeys(NioEventLoop.java:496)
	at org.apache.ratis.thirdparty.io.netty.channel.nio.NioEventLoop.run(NioEventLoop.java:458)
	at org.apache.ratis.thirdparty.io.netty.util.concurrent.SingleThreadEventExecutor$5.run(SingleThreadEventExecutor.java:897)
	at org.apache.ratis.thirdparty.io.netty.util.concurrent.FastThreadLocalRunnable.run(FastThreadLocalRunnable.java:30)
	... 1 more
Caused by: java.net.ConnectException: Connection refused
	... 11 more
2019-08-30 07:34:58,771 [a45a7528-2ba0-4bc3-913c-850122b1269f:group-C640FB00525B:LeaderElection41] INFO  impl.LeaderElection (LeaderElection.java:logAndReturn(56)) - a45a7528-2ba0-4bc3-913c-850122b1269f:group-C640FB00525B:LeaderElection41: Election REJECTED; received 0 response(s) [] and 2 exception(s); a45a7528-2ba0-4bc3-913c-850122b1269f:t3, leader=null, voted=a45a7528-2ba0-4bc3-913c-850122b1269f, raftlog=a45a7528-2ba0-4bc3-913c-850122b1269f-SegmentedRaftLog:OPENED:c0,f0,i0, conf=0: [acc690db-1381-479d-90ad-8aa346d73f29:192.168.5.156:37691, c1f9b5f6-3f1a-4e58-b5c3-6c327452b89e:192.168.5.156:46765, a45a7528-2ba0-4bc3-913c-850122b1269f:192.168.5.156:32945], old=null
2019-08-30 07:34:58,773 [a45a7528-2ba0-4bc3-913c-850122b1269f:group-C640FB00525B:LeaderElection41] INFO  impl.LeaderElection (LogUtils.java:infoOrTrace(149)) -   Exception 0: {}
java.util.concurrent.ExecutionException: org.apache.ratis.thirdparty.io.grpc.StatusRuntimeException: UNAVAILABLE: io exception
	at java.util.concurrent.FutureTask.report(FutureTask.java:122)
	at java.util.concurrent.FutureTask.get(FutureTask.java:192)
	at org.apache.ratis.server.impl.LeaderElection.waitForResults(LeaderElection.java:262)
	at org.apache.ratis.server.impl.LeaderElection.askForVotes(LeaderElection.java:200)
	at org.apache.ratis.server.impl.LeaderElection.run(LeaderElection.java:130)
	at java.lang.Thread.run(Thread.java:748)
Caused by: org.apache.ratis.thirdparty.io.grpc.StatusRuntimeException: UNAVAILABLE: io exception
	at org.apache.ratis.thirdparty.io.grpc.stub.ClientCalls.toStatusRuntimeException(ClientCalls.java:233)
	at org.apache.ratis.thirdparty.io.grpc.stub.ClientCalls.getUnchecked(ClientCalls.java:214)
	at org.apache.ratis.thirdparty.io.grpc.stub.ClientCalls.blockingUnaryCall(ClientCalls.java:139)
	at org.apache.ratis.proto.grpc.RaftServerProtocolServiceGrpc$RaftServerProtocolServiceBlockingStub.requestVote(RaftServerProtocolServiceGrpc.java:265)
	at org.apache.ratis.grpc.server.GrpcServerProtocolClient.requestVote(GrpcServerProtocolClient.java:83)
	at org.apache.ratis.grpc.server.GrpcService.requestVote(GrpcService.java:195)
	at org.apache.ratis.server.impl.LeaderElection.lambda$submitRequests$1(LeaderElection.java:237)
	at java.util.concurrent.FutureTask.run(FutureTask.java:266)
	at java.util.concurrent.Executors$RunnableAdapter.call(Executors.java:511)
	at java.util.concurrent.FutureTask.run(FutureTask.java:266)
	at java.util.concurrent.ThreadPoolExecutor.runWorker(ThreadPoolExecutor.java:1149)
	at java.util.concurrent.ThreadPoolExecutor$Worker.run(ThreadPoolExecutor.java:624)
	... 1 more
Caused by: org.apache.ratis.thirdparty.io.netty.channel.AbstractChannel$AnnotatedConnectException: Connection refused: /192.168.5.156:46765
	at sun.nio.ch.SocketChannelImpl.checkConnect(Native Method)
	at sun.nio.ch.SocketChannelImpl.finishConnect(SocketChannelImpl.java:717)
	at org.apache.ratis.thirdparty.io.netty.channel.socket.nio.NioSocketChannel.doFinishConnect(NioSocketChannel.java:327)
	at org.apache.ratis.thirdparty.io.netty.channel.nio.AbstractNioChannel$AbstractNioUnsafe.finishConnect(AbstractNioChannel.java:340)
	at org.apache.ratis.thirdparty.io.netty.channel.nio.NioEventLoop.processSelectedKey(NioEventLoop.java:632)
	at org.apache.ratis.thirdparty.io.netty.channel.nio.NioEventLoop.processSelectedKeysOptimized(NioEventLoop.java:579)
	at org.apache.ratis.thirdparty.io.netty.channel.nio.NioEventLoop.processSelectedKeys(NioEventLoop.java:496)
	at org.apache.ratis.thirdparty.io.netty.channel.nio.NioEventLoop.run(NioEventLoop.java:458)
	at org.apache.ratis.thirdparty.io.netty.util.concurrent.SingleThreadEventExecutor$5.run(SingleThreadEventExecutor.java:897)
	at org.apache.ratis.thirdparty.io.netty.util.concurrent.FastThreadLocalRunnable.run(FastThreadLocalRunnable.java:30)
	... 1 more
Caused by: java.net.ConnectException: Connection refused
	... 11 more
2019-08-30 07:34:58,769 [f20ba990-a1ec-4251-b44f-b0954e9459c1:group-BC5BBD1BED6A:LeaderElection38] INFO  impl.LeaderElection (LeaderElection.java:logAndReturn(56)) - f20ba990-a1ec-4251-b44f-b0954e9459c1:group-BC5BBD1BED6A:LeaderElection38: Election REJECTED; received 1 response(s) [f20ba990-a1ec-4251-b44f-b0954e9459c1<-a45a7528-2ba0-4bc3-913c-850122b1269f#0:FAIL-t7] and 1 exception(s); f20ba990-a1ec-4251-b44f-b0954e9459c1:t7, leader=null, voted=f20ba990-a1ec-4251-b44f-b0954e9459c1, raftlog=f20ba990-a1ec-4251-b44f-b0954e9459c1-SegmentedRaftLog:OPENED:c-1,f-1,i0, conf=-1: [acc690db-1381-479d-90ad-8aa346d73f29:192.168.5.156:37691, f20ba990-a1ec-4251-b44f-b0954e9459c1:192.168.5.156:36913, a45a7528-2ba0-4bc3-913c-850122b1269f:192.168.5.156:32945], old=null
2019-08-30 07:34:58,769 [a45a7528-2ba0-4bc3-913c-850122b1269f:group-70018C5AE2E4:LeaderElection39] INFO  impl.LeaderElection (LeaderElection.java:logAndReturn(56)) - a45a7528-2ba0-4bc3-913c-850122b1269f:group-70018C5AE2E4:LeaderElection39: Election REJECTED; received 0 response(s) [] and 2 exception(s); a45a7528-2ba0-4bc3-913c-850122b1269f:t3, leader=null, voted=a45a7528-2ba0-4bc3-913c-850122b1269f, raftlog=a45a7528-2ba0-4bc3-913c-850122b1269f-SegmentedRaftLog:OPENED:c0,f0,i0, conf=0: [acc690db-1381-479d-90ad-8aa346d73f29:192.168.5.156:37691, c1f9b5f6-3f1a-4e58-b5c3-6c327452b89e:192.168.5.156:46765, a45a7528-2ba0-4bc3-913c-850122b1269f:192.168.5.156:32945], old=null
2019-08-30 07:34:58,773 [a45a7528-2ba0-4bc3-913c-850122b1269f:group-70018C5AE2E4:LeaderElection39] INFO  impl.LeaderElection (LogUtils.java:infoOrTrace(149)) -   Exception 0: {}
java.util.concurrent.ExecutionException: org.apache.ratis.thirdparty.io.grpc.StatusRuntimeException: UNAVAILABLE: io exception
	at java.util.concurrent.FutureTask.report(FutureTask.java:122)
	at java.util.concurrent.FutureTask.get(FutureTask.java:192)
	at org.apache.ratis.server.impl.LeaderElection.waitForResults(LeaderElection.java:262)
	at org.apache.ratis.server.impl.LeaderElection.askForVotes(LeaderElection.java:200)
	at org.apache.ratis.server.impl.LeaderElection.run(LeaderElection.java:130)
	at java.lang.Thread.run(Thread.java:748)
Caused by: org.apache.ratis.thirdparty.io.grpc.StatusRuntimeException: UNAVAILABLE: io exception
	at org.apache.ratis.thirdparty.io.grpc.stub.ClientCalls.toStatusRuntimeException(ClientCalls.java:233)
	at org.apache.ratis.thirdparty.io.grpc.stub.ClientCalls.getUnchecked(ClientCalls.java:214)
	at org.apache.ratis.thirdparty.io.grpc.stub.ClientCalls.blockingUnaryCall(ClientCalls.java:139)
	at org.apache.ratis.proto.grpc.RaftServerProtocolServiceGrpc$RaftServerProtocolServiceBlockingStub.requestVote(RaftServerProtocolServiceGrpc.java:265)
	at org.apache.ratis.grpc.server.GrpcServerProtocolClient.requestVote(GrpcServerProtocolClient.java:83)
	at org.apache.ratis.grpc.server.GrpcService.requestVote(GrpcService.java:195)
	at org.apache.ratis.server.impl.LeaderElection.lambda$submitRequests$1(LeaderElection.java:237)
	at java.util.concurrent.FutureTask.run(FutureTask.java:266)
	at java.util.concurrent.Executors$RunnableAdapter.call(Executors.java:511)
	at java.util.concurrent.FutureTask.run(FutureTask.java:266)
	at java.util.concurrent.ThreadPoolExecutor.runWorker(ThreadPoolExecutor.java:1149)
	at java.util.concurrent.ThreadPoolExecutor$Worker.run(ThreadPoolExecutor.java:624)
	... 1 more
Caused by: org.apache.ratis.thirdparty.io.netty.channel.AbstractChannel$AnnotatedConnectException: Connection refused: /192.168.5.156:46765
	at sun.nio.ch.SocketChannelImpl.checkConnect(Native Method)
	at sun.nio.ch.SocketChannelImpl.finishConnect(SocketChannelImpl.java:717)
	at org.apache.ratis.thirdparty.io.netty.channel.socket.nio.NioSocketChannel.doFinishConnect(NioSocketChannel.java:327)
	at org.apache.ratis.thirdparty.io.netty.channel.nio.AbstractNioChannel$AbstractNioUnsafe.finishConnect(AbstractNioChannel.java:340)
	at org.apache.ratis.thirdparty.io.netty.channel.nio.NioEventLoop.processSelectedKey(NioEventLoop.java:632)
	at org.apache.ratis.thirdparty.io.netty.channel.nio.NioEventLoop.processSelectedKeysOptimized(NioEventLoop.java:579)
	at org.apache.ratis.thirdparty.io.netty.channel.nio.NioEventLoop.processSelectedKeys(NioEventLoop.java:496)
	at org.apache.ratis.thirdparty.io.netty.channel.nio.NioEventLoop.run(NioEventLoop.java:458)
	at org.apache.ratis.thirdparty.io.netty.util.concurrent.SingleThreadEventExecutor$5.run(SingleThreadEventExecutor.java:897)
	at org.apache.ratis.thirdparty.io.netty.util.concurrent.FastThreadLocalRunnable.run(FastThreadLocalRunnable.java:30)
	... 1 more
Caused by: java.net.ConnectException: Connection refused
	... 11 more
2019-08-30 07:34:58,767 [a45a7528-2ba0-4bc3-913c-850122b1269f:group-F9B49111EF33:LeaderElection40] INFO  impl.LeaderElection (LeaderElection.java:logAndReturn(56)) - a45a7528-2ba0-4bc3-913c-850122b1269f:group-F9B49111EF33:LeaderElection40: Election REJECTED; received 0 response(s) [] and 2 exception(s); a45a7528-2ba0-4bc3-913c-850122b1269f:t3, leader=null, voted=a45a7528-2ba0-4bc3-913c-850122b1269f, raftlog=a45a7528-2ba0-4bc3-913c-850122b1269f-SegmentedRaftLog:OPENED:c0,f0,i0, conf=0: [acc690db-1381-479d-90ad-8aa346d73f29:192.168.5.156:37691, c1f9b5f6-3f1a-4e58-b5c3-6c327452b89e:192.168.5.156:46765, a45a7528-2ba0-4bc3-913c-850122b1269f:192.168.5.156:32945], old=null
2019-08-30 07:34:58,764 [a45a7528-2ba0-4bc3-913c-850122b1269f:group-186677E0C462:LeaderElection42] INFO  impl.LeaderElection (LogUtils.java:infoOrTrace(149)) - a45a7528-2ba0-4bc3-913c-850122b1269f:group-186677E0C462:LeaderElection42 got exception when requesting votes: {}
java.util.concurrent.ExecutionException: org.apache.ratis.thirdparty.io.grpc.StatusRuntimeException: UNAVAILABLE: io exception
	at java.util.concurrent.FutureTask.report(FutureTask.java:122)
	at java.util.concurrent.FutureTask.get(FutureTask.java:192)
	at org.apache.ratis.server.impl.LeaderElection.waitForResults(LeaderElection.java:262)
	at org.apache.ratis.server.impl.LeaderElection.askForVotes(LeaderElection.java:200)
	at org.apache.ratis.server.impl.LeaderElection.run(LeaderElection.java:130)
	at java.lang.Thread.run(Thread.java:748)
Caused by: org.apache.ratis.thirdparty.io.grpc.StatusRuntimeException: UNAVAILABLE: io exception
	at org.apache.ratis.thirdparty.io.grpc.stub.ClientCalls.toStatusRuntimeException(ClientCalls.java:233)
	at org.apache.ratis.thirdparty.io.grpc.stub.ClientCalls.getUnchecked(ClientCalls.java:214)
	at org.apache.ratis.thirdparty.io.grpc.stub.ClientCalls.blockingUnaryCall(ClientCalls.java:139)
	at org.apache.ratis.proto.grpc.RaftServerProtocolServiceGrpc$RaftServerProtocolServiceBlockingStub.requestVote(RaftServerProtocolServiceGrpc.java:265)
	at org.apache.ratis.grpc.server.GrpcServerProtocolClient.requestVote(GrpcServerProtocolClient.java:83)
	at org.apache.ratis.grpc.server.GrpcService.requestVote(GrpcService.java:195)
	at org.apache.ratis.server.impl.LeaderElection.lambda$submitRequests$1(LeaderElection.java:237)
	at java.util.concurrent.FutureTask.run(FutureTask.java:266)
	at java.util.concurrent.Executors$RunnableAdapter.call(Executors.java:511)
	at java.util.concurrent.FutureTask.run(FutureTask.java:266)
	at java.util.concurrent.ThreadPoolExecutor.runWorker(ThreadPoolExecutor.java:1149)
	at java.util.concurrent.ThreadPoolExecutor$Worker.run(ThreadPoolExecutor.java:624)
	... 1 more
Caused by: org.apache.ratis.thirdparty.io.netty.channel.AbstractChannel$AnnotatedConnectException: Connection refused: /192.168.5.156:37691
	at sun.nio.ch.SocketChannelImpl.checkConnect(Native Method)
	at sun.nio.ch.SocketChannelImpl.finishConnect(SocketChannelImpl.java:717)
	at org.apache.ratis.thirdparty.io.netty.channel.socket.nio.NioSocketChannel.doFinishConnect(NioSocketChannel.java:327)
	at org.apache.ratis.thirdparty.io.netty.channel.nio.AbstractNioChannel$AbstractNioUnsafe.finishConnect(AbstractNioChannel.java:340)
	at org.apache.ratis.thirdparty.io.netty.channel.nio.NioEventLoop.processSelectedKey(NioEventLoop.java:632)
	at org.apache.ratis.thirdparty.io.netty.channel.nio.NioEventLoop.processSelectedKeysOptimized(NioEventLoop.java:579)
	at org.apache.ratis.thirdparty.io.netty.channel.nio.NioEventLoop.processSelectedKeys(NioEventLoop.java:496)
	at org.apache.ratis.thirdparty.io.netty.channel.nio.NioEventLoop.run(NioEventLoop.java:458)
	at org.apache.ratis.thirdparty.io.netty.util.concurrent.SingleThreadEventExecutor$5.run(SingleThreadEventExecutor.java:897)
	at org.apache.ratis.thirdparty.io.netty.util.concurrent.FastThreadLocalRunnable.run(FastThreadLocalRunnable.java:30)
	... 1 more
Caused by: java.net.ConnectException: Connection refused
	... 11 more
2019-08-30 07:34:58,774 [a45a7528-2ba0-4bc3-913c-850122b1269f:group-F9B49111EF33:LeaderElection40] INFO  impl.LeaderElection (LogUtils.java:infoOrTrace(149)) -   Exception 0: {}
java.util.concurrent.ExecutionException: org.apache.ratis.thirdparty.io.grpc.StatusRuntimeException: UNAVAILABLE: io exception
	at java.util.concurrent.FutureTask.report(FutureTask.java:122)
	at java.util.concurrent.FutureTask.get(FutureTask.java:192)
	at org.apache.ratis.server.impl.LeaderElection.waitForResults(LeaderElection.java:262)
	at org.apache.ratis.server.impl.LeaderElection.askForVotes(LeaderElection.java:200)
	at org.apache.ratis.server.impl.LeaderElection.run(LeaderElection.java:130)
	at java.lang.Thread.run(Thread.java:748)
Caused by: org.apache.ratis.thirdparty.io.grpc.StatusRuntimeException: UNAVAILABLE: io exception
	at org.apache.ratis.thirdparty.io.grpc.stub.ClientCalls.toStatusRuntimeException(ClientCalls.java:233)
	at org.apache.ratis.thirdparty.io.grpc.stub.ClientCalls.getUnchecked(ClientCalls.java:214)
	at org.apache.ratis.thirdparty.io.grpc.stub.ClientCalls.blockingUnaryCall(ClientCalls.java:139)
	at org.apache.ratis.proto.grpc.RaftServerProtocolServiceGrpc$RaftServerProtocolServiceBlockingStub.requestVote(RaftServerProtocolServiceGrpc.java:265)
	at org.apache.ratis.grpc.server.GrpcServerProtocolClient.requestVote(GrpcServerProtocolClient.java:83)
	at org.apache.ratis.grpc.server.GrpcService.requestVote(GrpcService.java:195)
	at org.apache.ratis.server.impl.LeaderElection.lambda$submitRequests$1(LeaderElection.java:237)
	at java.util.concurrent.FutureTask.run(FutureTask.java:266)
	at java.util.concurrent.Executors$RunnableAdapter.call(Executors.java:511)
	at java.util.concurrent.FutureTask.run(FutureTask.java:266)
	at java.util.concurrent.ThreadPoolExecutor.runWorker(ThreadPoolExecutor.java:1149)
	at java.util.concurrent.ThreadPoolExecutor$Worker.run(ThreadPoolExecutor.java:624)
	... 1 more
Caused by: org.apache.ratis.thirdparty.io.netty.channel.AbstractChannel$AnnotatedConnectException: Connection refused: /192.168.5.156:46765
	at sun.nio.ch.SocketChannelImpl.checkConnect(Native Method)
	at sun.nio.ch.SocketChannelImpl.finishConnect(SocketChannelImpl.java:717)
	at org.apache.ratis.thirdparty.io.netty.channel.socket.nio.NioSocketChannel.doFinishConnect(NioSocketChannel.java:327)
	at org.apache.ratis.thirdparty.io.netty.channel.nio.AbstractNioChannel$AbstractNioUnsafe.finishConnect(AbstractNioChannel.java:340)
	at org.apache.ratis.thirdparty.io.netty.channel.nio.NioEventLoop.processSelectedKey(NioEventLoop.java:632)
	at org.apache.ratis.thirdparty.io.netty.channel.nio.NioEventLoop.processSelectedKeysOptimized(NioEventLoop.java:579)
	at org.apache.ratis.thirdparty.io.netty.channel.nio.NioEventLoop.processSelectedKeys(NioEventLoop.java:496)
	at org.apache.ratis.thirdparty.io.netty.channel.nio.NioEventLoop.run(NioEventLoop.java:458)
	at org.apache.ratis.thirdparty.io.netty.util.concurrent.SingleThreadEventExecutor$5.run(SingleThreadEventExecutor.java:897)
	at org.apache.ratis.thirdparty.io.netty.util.concurrent.FastThreadLocalRunnable.run(FastThreadLocalRunnable.java:30)
	... 1 more
Caused by: java.net.ConnectException: Connection refused
	... 11 more
2019-08-30 07:34:58,774 [a45a7528-2ba0-4bc3-913c-850122b1269f:group-70018C5AE2E4:LeaderElection39] INFO  impl.LeaderElection (LogUtils.java:infoOrTrace(149)) -   Exception 1: {}
java.util.concurrent.ExecutionException: org.apache.ratis.thirdparty.io.grpc.StatusRuntimeException: UNAVAILABLE: io exception
	at java.util.concurrent.FutureTask.report(FutureTask.java:122)
	at java.util.concurrent.FutureTask.get(FutureTask.java:192)
	at org.apache.ratis.server.impl.LeaderElection.waitForResults(LeaderElection.java:262)
	at org.apache.ratis.server.impl.LeaderElection.askForVotes(LeaderElection.java:200)
	at org.apache.ratis.server.impl.LeaderElection.run(LeaderElection.java:130)
	at java.lang.Thread.run(Thread.java:748)
Caused by: org.apache.ratis.thirdparty.io.grpc.StatusRuntimeException: UNAVAILABLE: io exception
	at org.apache.ratis.thirdparty.io.grpc.stub.ClientCalls.toStatusRuntimeException(ClientCalls.java:233)
	at org.apache.ratis.thirdparty.io.grpc.stub.ClientCalls.getUnchecked(ClientCalls.java:214)
	at org.apache.ratis.thirdparty.io.grpc.stub.ClientCalls.blockingUnaryCall(ClientCalls.java:139)
	at org.apache.ratis.proto.grpc.RaftServerProtocolServiceGrpc$RaftServerProtocolServiceBlockingStub.requestVote(RaftServerProtocolServiceGrpc.java:265)
	at org.apache.ratis.grpc.server.GrpcServerProtocolClient.requestVote(GrpcServerProtocolClient.java:83)
	at org.apache.ratis.grpc.server.GrpcService.requestVote(GrpcService.java:195)
	at org.apache.ratis.server.impl.LeaderElection.lambda$submitRequests$1(LeaderElection.java:237)
	at java.util.concurrent.FutureTask.run(FutureTask.java:266)
	at java.util.concurrent.Executors$RunnableAdapter.call(Executors.java:511)
	at java.util.concurrent.FutureTask.run(FutureTask.java:266)
	at java.util.concurrent.ThreadPoolExecutor.runWorker(ThreadPoolExecutor.java:1149)
	at java.util.concurrent.ThreadPoolExecutor$Worker.run(ThreadPoolExecutor.java:624)
	... 1 more
Caused by: org.apache.ratis.thirdparty.io.netty.channel.AbstractChannel$AnnotatedConnectException: Connection refused: /192.168.5.156:37691
	at sun.nio.ch.SocketChannelImpl.checkConnect(Native Method)
	at sun.nio.ch.SocketChannelImpl.finishConnect(SocketChannelImpl.java:717)
	at org.apache.ratis.thirdparty.io.netty.channel.socket.nio.NioSocketChannel.doFinishConnect(NioSocketChannel.java:327)
	at org.apache.ratis.thirdparty.io.netty.channel.nio.AbstractNioChannel$AbstractNioUnsafe.finishConnect(AbstractNioChannel.java:340)
	at org.apache.ratis.thirdparty.io.netty.channel.nio.NioEventLoop.processSelectedKey(NioEventLoop.java:632)
	at org.apache.ratis.thirdparty.io.netty.channel.nio.NioEventLoop.processSelectedKeysOptimized(NioEventLoop.java:579)
	at org.apache.ratis.thirdparty.io.netty.channel.nio.NioEventLoop.processSelectedKeys(NioEventLoop.java:496)
	at org.apache.ratis.thirdparty.io.netty.channel.nio.NioEventLoop.run(NioEventLoop.java:458)
	at org.apache.ratis.thirdparty.io.netty.util.concurrent.SingleThreadEventExecutor$5.run(SingleThreadEventExecutor.java:897)
	at org.apache.ratis.thirdparty.io.netty.util.concurrent.FastThreadLocalRunnable.run(FastThreadLocalRunnable.java:30)
	... 1 more
Caused by: java.net.ConnectException: Connection refused
	... 11 more
2019-08-30 07:34:58,773 [f20ba990-a1ec-4251-b44f-b0954e9459c1:group-BC5BBD1BED6A:LeaderElection38] INFO  impl.LeaderElection (LogUtils.java:infoOrTrace(149)) -   Exception 0: {}
java.util.concurrent.ExecutionException: org.apache.ratis.thirdparty.io.grpc.StatusRuntimeException: UNAVAILABLE: io exception
	at java.util.concurrent.FutureTask.report(FutureTask.java:122)
	at java.util.concurrent.FutureTask.get(FutureTask.java:192)
	at org.apache.ratis.server.impl.LeaderElection.waitForResults(LeaderElection.java:262)
	at org.apache.ratis.server.impl.LeaderElection.askForVotes(LeaderElection.java:200)
	at org.apache.ratis.server.impl.LeaderElection.run(LeaderElection.java:130)
	at java.lang.Thread.run(Thread.java:748)
Caused by: org.apache.ratis.thirdparty.io.grpc.StatusRuntimeException: UNAVAILABLE: io exception
	at org.apache.ratis.thirdparty.io.grpc.stub.ClientCalls.toStatusRuntimeException(ClientCalls.java:233)
	at org.apache.ratis.thirdparty.io.grpc.stub.ClientCalls.getUnchecked(ClientCalls.java:214)
	at org.apache.ratis.thirdparty.io.grpc.stub.ClientCalls.blockingUnaryCall(ClientCalls.java:139)
	at org.apache.ratis.proto.grpc.RaftServerProtocolServiceGrpc$RaftServerProtocolServiceBlockingStub.requestVote(RaftServerProtocolServiceGrpc.java:265)
	at org.apache.ratis.grpc.server.GrpcServerProtocolClient.requestVote(GrpcServerProtocolClient.java:83)
	at org.apache.ratis.grpc.server.GrpcService.requestVote(GrpcService.java:195)
	at org.apache.ratis.server.impl.LeaderElection.lambda$submitRequests$1(LeaderElection.java:237)
	at java.util.concurrent.FutureTask.run(FutureTask.java:266)
	at java.util.concurrent.Executors$RunnableAdapter.call(Executors.java:511)
	at java.util.concurrent.FutureTask.run(FutureTask.java:266)
	at java.util.concurrent.ThreadPoolExecutor.runWorker(ThreadPoolExecutor.java:1149)
	at java.util.concurrent.ThreadPoolExecutor$Worker.run(ThreadPoolExecutor.java:624)
	... 1 more
Caused by: org.apache.ratis.thirdparty.io.netty.channel.AbstractChannel$AnnotatedConnectException: Connection refused: /192.168.5.156:37691
	at sun.nio.ch.SocketChannelImpl.checkConnect(Native Method)
	at sun.nio.ch.SocketChannelImpl.finishConnect(SocketChannelImpl.java:717)
	at org.apache.ratis.thirdparty.io.netty.channel.socket.nio.NioSocketChannel.doFinishConnect(NioSocketChannel.java:327)
	at org.apache.ratis.thirdparty.io.netty.channel.nio.AbstractNioChannel$AbstractNioUnsafe.finishConnect(AbstractNioChannel.java:340)
	at org.apache.ratis.thirdparty.io.netty.channel.nio.NioEventLoop.processSelectedKey(NioEventLoop.java:632)
	at org.apache.ratis.thirdparty.io.netty.channel.nio.NioEventLoop.processSelectedKeysOptimized(NioEventLoop.java:579)
	at org.apache.ratis.thirdparty.io.netty.channel.nio.NioEventLoop.processSelectedKeys(NioEventLoop.java:496)
	at org.apache.ratis.thirdparty.io.netty.channel.nio.NioEventLoop.run(NioEventLoop.java:458)
	at org.apache.ratis.thirdparty.io.netty.util.concurrent.SingleThreadEventExecutor$5.run(SingleThreadEventExecutor.java:897)
	at org.apache.ratis.thirdparty.io.netty.util.concurrent.FastThreadLocalRunnable.run(FastThreadLocalRunnable.java:30)
	... 1 more
Caused by: java.net.ConnectException: Connection refused
	... 11 more
2019-08-30 07:34:58,773 [a45a7528-2ba0-4bc3-913c-850122b1269f:group-C640FB00525B:LeaderElection41] INFO  impl.LeaderElection (LogUtils.java:infoOrTrace(149)) -   Exception 1: {}
java.util.concurrent.ExecutionException: org.apache.ratis.thirdparty.io.grpc.StatusRuntimeException: UNAVAILABLE: io exception
	at java.util.concurrent.FutureTask.report(FutureTask.java:122)
	at java.util.concurrent.FutureTask.get(FutureTask.java:192)
	at org.apache.ratis.server.impl.LeaderElection.waitForResults(LeaderElection.java:262)
	at org.apache.ratis.server.impl.LeaderElection.askForVotes(LeaderElection.java:200)
	at org.apache.ratis.server.impl.LeaderElection.run(LeaderElection.java:130)
	at java.lang.Thread.run(Thread.java:748)
Caused by: org.apache.ratis.thirdparty.io.grpc.StatusRuntimeException: UNAVAILABLE: io exception
	at org.apache.ratis.thirdparty.io.grpc.stub.ClientCalls.toStatusRuntimeException(ClientCalls.java:233)
	at org.apache.ratis.thirdparty.io.grpc.stub.ClientCalls.getUnchecked(ClientCalls.java:214)
	at org.apache.ratis.thirdparty.io.grpc.stub.ClientCalls.blockingUnaryCall(ClientCalls.java:139)
	at org.apache.ratis.proto.grpc.RaftServerProtocolServiceGrpc$RaftServerProtocolServiceBlockingStub.requestVote(RaftServerProtocolServiceGrpc.java:265)
	at org.apache.ratis.grpc.server.GrpcServerProtocolClient.requestVote(GrpcServerProtocolClient.java:83)
	at org.apache.ratis.grpc.server.GrpcService.requestVote(GrpcService.java:195)
	at org.apache.ratis.server.impl.LeaderElection.lambda$submitRequests$1(LeaderElection.java:237)
	at java.util.concurrent.FutureTask.run(FutureTask.java:266)
	at java.util.concurrent.Executors$RunnableAdapter.call(Executors.java:511)
	at java.util.concurrent.FutureTask.run(FutureTask.java:266)
	at java.util.concurrent.ThreadPoolExecutor.runWorker(ThreadPoolExecutor.java:1149)
	at java.util.concurrent.ThreadPoolExecutor$Worker.run(ThreadPoolExecutor.java:624)
	... 1 more
Caused by: org.apache.ratis.thirdparty.io.netty.channel.AbstractChannel$AnnotatedConnectException: Connection refused: /192.168.5.156:37691
	at sun.nio.ch.SocketChannelImpl.checkConnect(Native Method)
	at sun.nio.ch.SocketChannelImpl.finishConnect(SocketChannelImpl.java:717)
	at org.apache.ratis.thirdparty.io.netty.channel.socket.nio.NioSocketChannel.doFinishConnect(NioSocketChannel.java:327)
	at org.apache.ratis.thirdparty.io.netty.channel.nio.AbstractNioChannel$AbstractNioUnsafe.finishConnect(AbstractNioChannel.java:340)
	at org.apache.ratis.thirdparty.io.netty.channel.nio.NioEventLoop.processSelectedKey(NioEventLoop.java:632)
	at org.apache.ratis.thirdparty.io.netty.channel.nio.NioEventLoop.processSelectedKeysOptimized(NioEventLoop.java:579)
	at org.apache.ratis.thirdparty.io.netty.channel.nio.NioEventLoop.processSelectedKeys(NioEventLoop.java:496)
	at org.apache.ratis.thirdparty.io.netty.channel.nio.NioEventLoop.run(NioEventLoop.java:458)
	at org.apache.ratis.thirdparty.io.netty.util.concurrent.SingleThreadEventExecutor$5.run(SingleThreadEventExecutor.java:897)
	at org.apache.ratis.thirdparty.io.netty.util.concurrent.FastThreadLocalRunnable.run(FastThreadLocalRunnable.java:30)
	... 1 more
Caused by: java.net.ConnectException: Connection refused
	... 11 more
2019-08-30 07:34:58,773 [a45a7528-2ba0-4bc3-913c-850122b1269f:group-BC5BBD1BED6A:LeaderElection37] INFO  impl.LeaderElection (LeaderElection.java:logAndReturn(56)) - a45a7528-2ba0-4bc3-913c-850122b1269f:group-BC5BBD1BED6A:LeaderElection37: Election REJECTED; received 1 response(s) [a45a7528-2ba0-4bc3-913c-850122b1269f<-f20ba990-a1ec-4251-b44f-b0954e9459c1#0:FAIL-t7] and 1 exception(s); a45a7528-2ba0-4bc3-913c-850122b1269f:t7, leader=null, voted=a45a7528-2ba0-4bc3-913c-850122b1269f, raftlog=a45a7528-2ba0-4bc3-913c-850122b1269f-SegmentedRaftLog:OPENED:c-1,f-1,i0, conf=-1: [acc690db-1381-479d-90ad-8aa346d73f29:192.168.5.156:37691, f20ba990-a1ec-4251-b44f-b0954e9459c1:192.168.5.156:36913, a45a7528-2ba0-4bc3-913c-850122b1269f:192.168.5.156:32945], old=null
2019-08-30 07:34:58,787 [a45a7528-2ba0-4bc3-913c-850122b1269f:group-C640FB00525B:LeaderElection41] INFO  impl.RaftServerImpl (RaftServerImpl.java:setRole(171)) - a45a7528-2ba0-4bc3-913c-850122b1269f:group-C640FB00525B changes role from CANDIDATE to FOLLOWER at term 3 for DISCOVERED_A_NEW_TERM
2019-08-30 07:34:58,787 [f20ba990-a1ec-4251-b44f-b0954e9459c1:group-BC5BBD1BED6A:LeaderElection38] INFO  impl.RaftServerImpl (RaftServerImpl.java:setRole(171)) - f20ba990-a1ec-4251-b44f-b0954e9459c1:group-BC5BBD1BED6A changes role from CANDIDATE to FOLLOWER at term 7 for DISCOVERED_A_NEW_TERM
2019-08-30 07:34:58,786 [a45a7528-2ba0-4bc3-913c-850122b1269f:group-70018C5AE2E4:LeaderElection39] INFO  impl.RaftServerImpl (RaftServerImpl.java:setRole(171)) - a45a7528-2ba0-4bc3-913c-850122b1269f:group-70018C5AE2E4 changes role from CANDIDATE to FOLLOWER at term 3 for DISCOVERED_A_NEW_TERM
2019-08-30 07:34:58,786 [a45a7528-2ba0-4bc3-913c-850122b1269f:group-F9B49111EF33:LeaderElection40] INFO  impl.LeaderElection (LogUtils.java:infoOrTrace(149)) -   Exception 1: {}
java.util.concurrent.ExecutionException: org.apache.ratis.thirdparty.io.grpc.StatusRuntimeException: UNAVAILABLE: io exception
	at java.util.concurrent.FutureTask.report(FutureTask.java:122)
	at java.util.concurrent.FutureTask.get(FutureTask.java:192)
	at org.apache.ratis.server.impl.LeaderElection.waitForResults(LeaderElection.java:262)
	at org.apache.ratis.server.impl.LeaderElection.askForVotes(LeaderElection.java:200)
	at org.apache.ratis.server.impl.LeaderElection.run(LeaderElection.java:130)
	at java.lang.Thread.run(Thread.java:748)
Caused by: org.apache.ratis.thirdparty.io.grpc.StatusRuntimeException: UNAVAILABLE: io exception
	at org.apache.ratis.thirdparty.io.grpc.stub.ClientCalls.toStatusRuntimeException(ClientCalls.java:233)
	at org.apache.ratis.thirdparty.io.grpc.stub.ClientCalls.getUnchecked(ClientCalls.java:214)
	at org.apache.ratis.thirdparty.io.grpc.stub.ClientCalls.blockingUnaryCall(ClientCalls.java:139)
	at org.apache.ratis.proto.grpc.RaftServerProtocolServiceGrpc$RaftServerProtocolServiceBlockingStub.requestVote(RaftServerProtocolServiceGrpc.java:265)
	at org.apache.ratis.grpc.server.GrpcServerProtocolClient.requestVote(GrpcServerProtocolClient.java:83)
	at org.apache.ratis.grpc.server.GrpcService.requestVote(GrpcService.java:195)
	at org.apache.ratis.server.impl.LeaderElection.lambda$submitRequests$1(LeaderElection.java:237)
	at java.util.concurrent.FutureTask.run(FutureTask.java:266)
	at java.util.concurrent.Executors$RunnableAdapter.call(Executors.java:511)
	at java.util.concurrent.FutureTask.run(FutureTask.java:266)
	at java.util.concurrent.ThreadPoolExecutor.runWorker(ThreadPoolExecutor.java:1149)
	at java.util.concurrent.ThreadPoolExecutor$Worker.run(ThreadPoolExecutor.java:624)
	... 1 more
Caused by: org.apache.ratis.thirdparty.io.netty.channel.AbstractChannel$AnnotatedConnectException: Connection refused: /192.168.5.156:37691
	at sun.nio.ch.SocketChannelImpl.checkConnect(Native Method)
	at sun.nio.ch.SocketChannelImpl.finishConnect(SocketChannelImpl.java:717)
	at org.apache.ratis.thirdparty.io.netty.channel.socket.nio.NioSocketChannel.doFinishConnect(NioSocketChannel.java:327)
	at org.apache.ratis.thirdparty.io.netty.channel.nio.AbstractNioChannel$AbstractNioUnsafe.finishConnect(AbstractNioChannel.java:340)
	at org.apache.ratis.thirdparty.io.netty.channel.nio.NioEventLoop.processSelectedKey(NioEventLoop.java:632)
	at org.apache.ratis.thirdparty.io.netty.channel.nio.NioEventLoop.processSelectedKeysOptimized(NioEventLoop.java:579)
	at org.apache.ratis.thirdparty.io.netty.channel.nio.NioEventLoop.processSelectedKeys(NioEventLoop.java:496)
	at org.apache.ratis.thirdparty.io.netty.channel.nio.NioEventLoop.run(NioEventLoop.java:458)
	at org.apache.ratis.thirdparty.io.netty.util.concurrent.SingleThreadEventExecutor$5.run(SingleThreadEventExecutor.java:897)
	at org.apache.ratis.thirdparty.io.netty.util.concurrent.FastThreadLocalRunnable.run(FastThreadLocalRunnable.java:30)
	... 1 more
Caused by: java.net.ConnectException: Connection refused
	... 11 more
2019-08-30 07:34:58,785 [a45a7528-2ba0-4bc3-913c-850122b1269f:group-186677E0C462:LeaderElection42] INFO  impl.LeaderElection (LeaderElection.java:logAndReturn(56)) - a45a7528-2ba0-4bc3-913c-850122b1269f:group-186677E0C462:LeaderElection42: Election REJECTED; received 0 response(s) [] and 2 exception(s); a45a7528-2ba0-4bc3-913c-850122b1269f:t3, leader=null, voted=a45a7528-2ba0-4bc3-913c-850122b1269f, raftlog=a45a7528-2ba0-4bc3-913c-850122b1269f-SegmentedRaftLog:OPENED:c0,f0,i0, conf=0: [acc690db-1381-479d-90ad-8aa346d73f29:192.168.5.156:37691, c1f9b5f6-3f1a-4e58-b5c3-6c327452b89e:192.168.5.156:46765, a45a7528-2ba0-4bc3-913c-850122b1269f:192.168.5.156:32945], old=null
2019-08-30 07:34:58,789 [a45a7528-2ba0-4bc3-913c-850122b1269f:group-F9B49111EF33:LeaderElection40] INFO  impl.RaftServerImpl (RaftServerImpl.java:setRole(171)) - a45a7528-2ba0-4bc3-913c-850122b1269f:group-F9B49111EF33 changes role from CANDIDATE to FOLLOWER at term 3 for DISCOVERED_A_NEW_TERM
2019-08-30 07:34:58,788 [a45a7528-2ba0-4bc3-913c-850122b1269f:group-70018C5AE2E4:LeaderElection39] INFO  impl.RoleInfo (RoleInfo.java:shutdownLeaderElection(134)) - a45a7528-2ba0-4bc3-913c-850122b1269f: shutdown LeaderElection
2019-08-30 07:34:58,788 [f20ba990-a1ec-4251-b44f-b0954e9459c1:group-BC5BBD1BED6A:LeaderElection38] INFO  impl.RoleInfo (RoleInfo.java:shutdownLeaderElection(134)) - f20ba990-a1ec-4251-b44f-b0954e9459c1: shutdown LeaderElection
2019-08-30 07:34:58,788 [a45a7528-2ba0-4bc3-913c-850122b1269f:group-C640FB00525B:LeaderElection41] INFO  impl.RoleInfo (RoleInfo.java:shutdownLeaderElection(134)) - a45a7528-2ba0-4bc3-913c-850122b1269f: shutdown LeaderElection
2019-08-30 07:34:58,788 [a45a7528-2ba0-4bc3-913c-850122b1269f:group-BC5BBD1BED6A:LeaderElection37] INFO  impl.LeaderElection (LogUtils.java:infoOrTrace(149)) -   Exception 0: {}
java.util.concurrent.ExecutionException: org.apache.ratis.thirdparty.io.grpc.StatusRuntimeException: UNAVAILABLE: io exception
	at java.util.concurrent.FutureTask.report(FutureTask.java:122)
	at java.util.concurrent.FutureTask.get(FutureTask.java:192)
	at org.apache.ratis.server.impl.LeaderElection.waitForResults(LeaderElection.java:262)
	at org.apache.ratis.server.impl.LeaderElection.askForVotes(LeaderElection.java:200)
	at org.apache.ratis.server.impl.LeaderElection.run(LeaderElection.java:130)
	at java.lang.Thread.run(Thread.java:748)
Caused by: org.apache.ratis.thirdparty.io.grpc.StatusRuntimeException: UNAVAILABLE: io exception
	at org.apache.ratis.thirdparty.io.grpc.stub.ClientCalls.toStatusRuntimeException(ClientCalls.java:233)
	at org.apache.ratis.thirdparty.io.grpc.stub.ClientCalls.getUnchecked(ClientCalls.java:214)
	at org.apache.ratis.thirdparty.io.grpc.stub.ClientCalls.blockingUnaryCall(ClientCalls.java:139)
	at org.apache.ratis.proto.grpc.RaftServerProtocolServiceGrpc$RaftServerProtocolServiceBlockingStub.requestVote(RaftServerProtocolServiceGrpc.java:265)
	at org.apache.ratis.grpc.server.GrpcServerProtocolClient.requestVote(GrpcServerProtocolClient.java:83)
	at org.apache.ratis.grpc.server.GrpcService.requestVote(GrpcService.java:195)
	at org.apache.ratis.server.impl.LeaderElection.lambda$submitRequests$1(LeaderElection.java:237)
	at java.util.concurrent.FutureTask.run(FutureTask.java:266)
	at java.util.concurrent.Executors$RunnableAdapter.call(Executors.java:511)
	at java.util.concurrent.FutureTask.run(FutureTask.java:266)
	at java.util.concurrent.ThreadPoolExecutor.runWorker(ThreadPoolExecutor.java:1149)
	at java.util.concurrent.ThreadPoolExecutor$Worker.run(ThreadPoolExecutor.java:624)
	... 1 more
Caused by: org.apache.ratis.thirdparty.io.netty.channel.AbstractChannel$AnnotatedConnectException: Connection refused: /192.168.5.156:37691
	at sun.nio.ch.SocketChannelImpl.checkConnect(Native Method)
	at sun.nio.ch.SocketChannelImpl.finishConnect(SocketChannelImpl.java:717)
	at org.apache.ratis.thirdparty.io.netty.channel.socket.nio.NioSocketChannel.doFinishConnect(NioSocketChannel.java:327)
	at org.apache.ratis.thirdparty.io.netty.channel.nio.AbstractNioChannel$AbstractNioUnsafe.finishConnect(AbstractNioChannel.java:340)
	at org.apache.ratis.thirdparty.io.netty.channel.nio.NioEventLoop.processSelectedKey(NioEventLoop.java:632)
	at org.apache.ratis.thirdparty.io.netty.channel.nio.NioEventLoop.processSelectedKeysOptimized(NioEventLoop.java:579)
	at org.apache.ratis.thirdparty.io.netty.channel.nio.NioEventLoop.processSelectedKeys(NioEventLoop.java:496)
	at org.apache.ratis.thirdparty.io.netty.channel.nio.NioEventLoop.run(NioEventLoop.java:458)
	at org.apache.ratis.thirdparty.io.netty.util.concurrent.SingleThreadEventExecutor$5.run(SingleThreadEventExecutor.java:897)
	at org.apache.ratis.thirdparty.io.netty.util.concurrent.FastThreadLocalRunnable.run(FastThreadLocalRunnable.java:30)
	... 1 more
Caused by: java.net.ConnectException: Connection refused
	... 11 more
2019-08-30 07:34:58,789 [a45a7528-2ba0-4bc3-913c-850122b1269f:group-C640FB00525B:LeaderElection41] INFO  impl.RoleInfo (RoleInfo.java:updateAndGet(143)) - a45a7528-2ba0-4bc3-913c-850122b1269f: start FollowerState
2019-08-30 07:34:58,789 [f20ba990-a1ec-4251-b44f-b0954e9459c1:group-BC5BBD1BED6A:LeaderElection38] INFO  impl.RoleInfo (RoleInfo.java:updateAndGet(143)) - f20ba990-a1ec-4251-b44f-b0954e9459c1: start FollowerState
2019-08-30 07:34:58,789 [a45a7528-2ba0-4bc3-913c-850122b1269f:group-70018C5AE2E4:LeaderElection39] INFO  impl.RoleInfo (RoleInfo.java:updateAndGet(143)) - a45a7528-2ba0-4bc3-913c-850122b1269f: start FollowerState
2019-08-30 07:34:58,789 [a45a7528-2ba0-4bc3-913c-850122b1269f:group-F9B49111EF33:LeaderElection40] INFO  impl.RoleInfo (RoleInfo.java:shutdownLeaderElection(134)) - a45a7528-2ba0-4bc3-913c-850122b1269f: shutdown LeaderElection
2019-08-30 07:34:58,789 [a45a7528-2ba0-4bc3-913c-850122b1269f:group-186677E0C462:LeaderElection42] INFO  impl.LeaderElection (LogUtils.java:infoOrTrace(149)) -   Exception 0: {}
java.util.concurrent.ExecutionException: org.apache.ratis.thirdparty.io.grpc.StatusRuntimeException: UNAVAILABLE: io exception
	at java.util.concurrent.FutureTask.report(FutureTask.java:122)
	at java.util.concurrent.FutureTask.get(FutureTask.java:192)
	at org.apache.ratis.server.impl.LeaderElection.waitForResults(LeaderElection.java:262)
	at org.apache.ratis.server.impl.LeaderElection.askForVotes(LeaderElection.java:200)
	at org.apache.ratis.server.impl.LeaderElection.run(LeaderElection.java:130)
	at java.lang.Thread.run(Thread.java:748)
Caused by: org.apache.ratis.thirdparty.io.grpc.StatusRuntimeException: UNAVAILABLE: io exception
	at org.apache.ratis.thirdparty.io.grpc.stub.ClientCalls.toStatusRuntimeException(ClientCalls.java:233)
	at org.apache.ratis.thirdparty.io.grpc.stub.ClientCalls.getUnchecked(ClientCalls.java:214)
	at org.apache.ratis.thirdparty.io.grpc.stub.ClientCalls.blockingUnaryCall(ClientCalls.java:139)
	at org.apache.ratis.proto.grpc.RaftServerProtocolServiceGrpc$RaftServerProtocolServiceBlockingStub.requestVote(RaftServerProtocolServiceGrpc.java:265)
	at org.apache.ratis.grpc.server.GrpcServerProtocolClient.requestVote(GrpcServerProtocolClient.java:83)
	at org.apache.ratis.grpc.server.GrpcService.requestVote(GrpcService.java:195)
	at org.apache.ratis.server.impl.LeaderElection.lambda$submitRequests$1(LeaderElection.java:237)
	at java.util.concurrent.FutureTask.run(FutureTask.java:266)
	at java.util.concurrent.Executors$RunnableAdapter.call(Executors.java:511)
	at java.util.concurrent.FutureTask.run(FutureTask.java:266)
	at java.util.concurrent.ThreadPoolExecutor.runWorker(ThreadPoolExecutor.java:1149)
	at java.util.concurrent.ThreadPoolExecutor$Worker.run(ThreadPoolExecutor.java:624)
	... 1 more
Caused by: org.apache.ratis.thirdparty.io.netty.channel.AbstractChannel$AnnotatedConnectException: Connection refused: /192.168.5.156:46765
	at sun.nio.ch.SocketChannelImpl.checkConnect(Native Method)
	at sun.nio.ch.SocketChannelImpl.finishConnect(SocketChannelImpl.java:717)
	at org.apache.ratis.thirdparty.io.netty.channel.socket.nio.NioSocketChannel.doFinishConnect(NioSocketChannel.java:327)
	at org.apache.ratis.thirdparty.io.netty.channel.nio.AbstractNioChannel$AbstractNioUnsafe.finishConnect(AbstractNioChannel.java:340)
	at org.apache.ratis.thirdparty.io.netty.channel.nio.NioEventLoop.processSelectedKey(NioEventLoop.java:632)
	at org.apache.ratis.thirdparty.io.netty.channel.nio.NioEventLoop.processSelectedKeysOptimized(NioEventLoop.java:579)
	at org.apache.ratis.thirdparty.io.netty.channel.nio.NioEventLoop.processSelectedKeys(NioEventLoop.java:496)
	at org.apache.ratis.thirdparty.io.netty.channel.nio.NioEventLoop.run(NioEventLoop.java:458)
	at org.apache.ratis.thirdparty.io.netty.util.concurrent.SingleThreadEventExecutor$5.run(SingleThreadEventExecutor.java:897)
	at org.apache.ratis.thirdparty.io.netty.util.concurrent.FastThreadLocalRunnable.run(FastThreadLocalRunnable.java:30)
	... 1 more
Caused by: java.net.ConnectException: Connection refused
	... 11 more
2019-08-30 07:34:58,790 [a45a7528-2ba0-4bc3-913c-850122b1269f:group-F9B49111EF33:LeaderElection40] INFO  impl.RoleInfo (RoleInfo.java:updateAndGet(143)) - a45a7528-2ba0-4bc3-913c-850122b1269f: start FollowerState
2019-08-30 07:34:58,790 [a45a7528-2ba0-4bc3-913c-850122b1269f:group-BC5BBD1BED6A:LeaderElection37] INFO  impl.RaftServerImpl (RaftServerImpl.java:setRole(171)) - a45a7528-2ba0-4bc3-913c-850122b1269f:group-BC5BBD1BED6A changes role from CANDIDATE to FOLLOWER at term 7 for DISCOVERED_A_NEW_TERM
2019-08-30 07:34:58,791 [a45a7528-2ba0-4bc3-913c-850122b1269f:group-186677E0C462:LeaderElection42] INFO  impl.LeaderElection (LogUtils.java:infoOrTrace(149)) -   Exception 1: {}
java.util.concurrent.ExecutionException: org.apache.ratis.thirdparty.io.grpc.StatusRuntimeException: UNAVAILABLE: io exception
	at java.util.concurrent.FutureTask.report(FutureTask.java:122)
	at java.util.concurrent.FutureTask.get(FutureTask.java:192)
	at org.apache.ratis.server.impl.LeaderElection.waitForResults(LeaderElection.java:262)
	at org.apache.ratis.server.impl.LeaderElection.askForVotes(LeaderElection.java:200)
	at org.apache.ratis.server.impl.LeaderElection.run(LeaderElection.java:130)
	at java.lang.Thread.run(Thread.java:748)
Caused by: org.apache.ratis.thirdparty.io.grpc.StatusRuntimeException: UNAVAILABLE: io exception
	at org.apache.ratis.thirdparty.io.grpc.stub.ClientCalls.toStatusRuntimeException(ClientCalls.java:233)
	at org.apache.ratis.thirdparty.io.grpc.stub.ClientCalls.getUnchecked(ClientCalls.java:214)
	at org.apache.ratis.thirdparty.io.grpc.stub.ClientCalls.blockingUnaryCall(ClientCalls.java:139)
	at org.apache.ratis.proto.grpc.RaftServerProtocolServiceGrpc$RaftServerProtocolServiceBlockingStub.requestVote(RaftServerProtocolServiceGrpc.java:265)
	at org.apache.ratis.grpc.server.GrpcServerProtocolClient.requestVote(GrpcServerProtocolClient.java:83)
	at org.apache.ratis.grpc.server.GrpcService.requestVote(GrpcService.java:195)
	at org.apache.ratis.server.impl.LeaderElection.lambda$submitRequests$1(LeaderElection.java:237)
	at java.util.concurrent.FutureTask.run(FutureTask.java:266)
	at java.util.concurrent.Executors$RunnableAdapter.call(Executors.java:511)
	at java.util.concurrent.FutureTask.run(FutureTask.java:266)
	at java.util.concurrent.ThreadPoolExecutor.runWorker(ThreadPoolExecutor.java:1149)
	at java.util.concurrent.ThreadPoolExecutor$Worker.run(ThreadPoolExecutor.java:624)
	... 1 more
Caused by: org.apache.ratis.thirdparty.io.netty.channel.AbstractChannel$AnnotatedConnectException: Connection refused: /192.168.5.156:37691
	at sun.nio.ch.SocketChannelImpl.checkConnect(Native Method)
	at sun.nio.ch.SocketChannelImpl.finishConnect(SocketChannelImpl.java:717)
	at org.apache.ratis.thirdparty.io.netty.channel.socket.nio.NioSocketChannel.doFinishConnect(NioSocketChannel.java:327)
	at org.apache.ratis.thirdparty.io.netty.channel.nio.AbstractNioChannel$AbstractNioUnsafe.finishConnect(AbstractNioChannel.java:340)
	at org.apache.ratis.thirdparty.io.netty.channel.nio.NioEventLoop.processSelectedKey(NioEventLoop.java:632)
	at org.apache.ratis.thirdparty.io.netty.channel.nio.NioEventLoop.processSelectedKeysOptimized(NioEventLoop.java:579)
	at org.apache.ratis.thirdparty.io.netty.channel.nio.NioEventLoop.processSelectedKeys(NioEventLoop.java:496)
	at org.apache.ratis.thirdparty.io.netty.channel.nio.NioEventLoop.run(NioEventLoop.java:458)
	at org.apache.ratis.thirdparty.io.netty.util.concurrent.SingleThreadEventExecutor$5.run(SingleThreadEventExecutor.java:897)
	at org.apache.ratis.thirdparty.io.netty.util.concurrent.FastThreadLocalRunnable.run(FastThreadLocalRunnable.java:30)
	... 1 more
Caused by: java.net.ConnectException: Connection refused
	... 11 more
2019-08-30 07:34:58,791 [a45a7528-2ba0-4bc3-913c-850122b1269f:group-BC5BBD1BED6A:LeaderElection37] INFO  impl.RoleInfo (RoleInfo.java:shutdownLeaderElection(134)) - a45a7528-2ba0-4bc3-913c-850122b1269f: shutdown LeaderElection
2019-08-30 07:34:58,792 [a45a7528-2ba0-4bc3-913c-850122b1269f:group-186677E0C462:LeaderElection42] INFO  impl.RaftServerImpl (RaftServerImpl.java:setRole(171)) - a45a7528-2ba0-4bc3-913c-850122b1269f:group-186677E0C462 changes role from CANDIDATE to FOLLOWER at term 3 for DISCOVERED_A_NEW_TERM
2019-08-30 07:34:58,792 [a45a7528-2ba0-4bc3-913c-850122b1269f:group-BC5BBD1BED6A:LeaderElection37] INFO  impl.RoleInfo (RoleInfo.java:updateAndGet(143)) - a45a7528-2ba0-4bc3-913c-850122b1269f: start FollowerState
2019-08-30 07:34:58,792 [a45a7528-2ba0-4bc3-913c-850122b1269f:group-186677E0C462:LeaderElection42] INFO  impl.RoleInfo (RoleInfo.java:shutdownLeaderElection(134)) - a45a7528-2ba0-4bc3-913c-850122b1269f: shutdown LeaderElection
2019-08-30 07:34:58,792 [a45a7528-2ba0-4bc3-913c-850122b1269f:group-186677E0C462:LeaderElection42] INFO  impl.RoleInfo (RoleInfo.java:updateAndGet(143)) - a45a7528-2ba0-4bc3-913c-850122b1269f: start FollowerState
2019-08-30 07:34:58,806 | INFO  | SCMAudit | user=jenkins1000 | ip=192.168.5.156 | op=SEND_HEARTBEAT {datanodeUUID=cb5a5d16-88a3-41b0-858f-6232e86de455, command=[]} | ret=SUCCESS |  
2019-08-30 07:34:58,877 [grpc-default-executor-3] WARN  server.GrpcLogAppender (LogUtils.java:warn(134)) - a45a7528-2ba0-4bc3-913c-850122b1269f->acc690db-1381-479d-90ad-8aa346d73f29: Failed appendEntries: org.apache.ratis.thirdparty.io.grpc.StatusRuntimeException: UNAVAILABLE: io exception
2019-08-30 07:34:58,877 [grpc-default-executor-0] WARN  server.GrpcLogAppender (LogUtils.java:warn(134)) - a45a7528-2ba0-4bc3-913c-850122b1269f->c1f9b5f6-3f1a-4e58-b5c3-6c327452b89e: Failed appendEntries: org.apache.ratis.thirdparty.io.grpc.StatusRuntimeException: UNAVAILABLE: io exception
2019-08-30 07:34:58,878 [grpc-default-executor-3] INFO  impl.FollowerInfo (FollowerInfo.java:lambda$new$0(50)) - a45a7528-2ba0-4bc3-913c-850122b1269f->acc690db-1381-479d-90ad-8aa346d73f29: nextIndex: updateUnconditionally 0 -> 0
2019-08-30 07:34:58,878 [grpc-default-executor-0] INFO  impl.FollowerInfo (FollowerInfo.java:lambda$new$0(50)) - a45a7528-2ba0-4bc3-913c-850122b1269f->c1f9b5f6-3f1a-4e58-b5c3-6c327452b89e: nextIndex: updateUnconditionally 0 -> 0
2019-08-30 07:34:59,104 [grpc-default-executor-10] WARN  server.GrpcLogAppender (LogUtils.java:warn(134)) - a45a7528-2ba0-4bc3-913c-850122b1269f->c1f9b5f6-3f1a-4e58-b5c3-6c327452b89e: Failed appendEntries: org.apache.ratis.thirdparty.io.grpc.StatusRuntimeException: UNAVAILABLE: io exception
2019-08-30 07:34:59,105 [grpc-default-executor-10] INFO  impl.FollowerInfo (FollowerInfo.java:lambda$new$0(50)) - a45a7528-2ba0-4bc3-913c-850122b1269f->c1f9b5f6-3f1a-4e58-b5c3-6c327452b89e: nextIndex: updateUnconditionally 0 -> 0
2019-08-30 07:34:59,112 [grpc-default-executor-0] WARN  server.GrpcLogAppender (LogUtils.java:warn(134)) - a45a7528-2ba0-4bc3-913c-850122b1269f->acc690db-1381-479d-90ad-8aa346d73f29: Failed appendEntries: org.apache.ratis.thirdparty.io.grpc.StatusRuntimeException: UNAVAILABLE: io exception
2019-08-30 07:34:59,112 [grpc-default-executor-0] INFO  impl.FollowerInfo (FollowerInfo.java:lambda$new$0(50)) - a45a7528-2ba0-4bc3-913c-850122b1269f->acc690db-1381-479d-90ad-8aa346d73f29: nextIndex: updateUnconditionally 0 -> 0
2019-08-30 07:34:59,164 [Datanode State Machine Thread - 0] INFO  statemachine.DatanodeStateMachine (DatanodeStateMachine.java:lambda$startDaemon$0(350)) - Ozone container server started.
2019-08-30 07:34:59,193 [Datanode State Machine Thread - 0] INFO  statemachine.DatanodeStateMachine (DatanodeStateMachine.java:lambda$startDaemon$0(350)) - Ozone container server started.
2019-08-30 07:34:59,380 [grpc-default-executor-1] WARN  server.GrpcLogAppender (LogUtils.java:warn(134)) - a45a7528-2ba0-4bc3-913c-850122b1269f->acc690db-1381-479d-90ad-8aa346d73f29: Failed appendEntries: org.apache.ratis.thirdparty.io.grpc.StatusRuntimeException: UNAVAILABLE: io exception
2019-08-30 07:34:59,380 [grpc-default-executor-10] WARN  server.GrpcLogAppender (LogUtils.java:warn(134)) - a45a7528-2ba0-4bc3-913c-850122b1269f->c1f9b5f6-3f1a-4e58-b5c3-6c327452b89e: Failed appendEntries: org.apache.ratis.thirdparty.io.grpc.StatusRuntimeException: UNAVAILABLE: io exception
2019-08-30 07:34:59,380 [grpc-default-executor-1] INFO  impl.FollowerInfo (FollowerInfo.java:lambda$new$0(50)) - a45a7528-2ba0-4bc3-913c-850122b1269f->acc690db-1381-479d-90ad-8aa346d73f29: nextIndex: updateUnconditionally 0 -> 0
2019-08-30 07:34:59,381 [grpc-default-executor-10] INFO  impl.FollowerInfo (FollowerInfo.java:lambda$new$0(50)) - a45a7528-2ba0-4bc3-913c-850122b1269f->c1f9b5f6-3f1a-4e58-b5c3-6c327452b89e: nextIndex: updateUnconditionally 0 -> 0
2019-08-30 07:34:59,407 | INFO  | SCMAudit | user=jenkins1000 | ip=192.168.5.156 | op=SEND_HEARTBEAT {datanodeUUID=a45a7528-2ba0-4bc3-913c-850122b1269f, command=[]} | ret=SUCCESS |  
2019-08-30 07:34:59,605 [grpc-default-executor-0] WARN  server.GrpcLogAppender (LogUtils.java:warn(134)) - a45a7528-2ba0-4bc3-913c-850122b1269f->c1f9b5f6-3f1a-4e58-b5c3-6c327452b89e: Failed appendEntries: org.apache.ratis.thirdparty.io.grpc.StatusRuntimeException: UNAVAILABLE: io exception
2019-08-30 07:34:59,605 [grpc-default-executor-0] INFO  impl.FollowerInfo (FollowerInfo.java:lambda$new$0(50)) - a45a7528-2ba0-4bc3-913c-850122b1269f->c1f9b5f6-3f1a-4e58-b5c3-6c327452b89e: nextIndex: updateUnconditionally 0 -> 0
2019-08-30 07:34:59,613 [grpc-default-executor-1] WARN  server.GrpcLogAppender (LogUtils.java:warn(134)) - a45a7528-2ba0-4bc3-913c-850122b1269f->acc690db-1381-479d-90ad-8aa346d73f29: Failed appendEntries: org.apache.ratis.thirdparty.io.grpc.StatusRuntimeException: UNAVAILABLE: io exception
2019-08-30 07:34:59,613 [grpc-default-executor-1] INFO  impl.FollowerInfo (FollowerInfo.java:lambda$new$0(50)) - a45a7528-2ba0-4bc3-913c-850122b1269f->acc690db-1381-479d-90ad-8aa346d73f29: nextIndex: updateUnconditionally 0 -> 0
2019-08-30 07:34:59,799 [Thread-660] INFO  impl.FollowerState (FollowerState.java:run(106)) - a45a7528-2ba0-4bc3-913c-850122b1269f:group-C640FB00525B changes to CANDIDATE, lastRpcTime:1009, electionTimeout:1009ms
2019-08-30 07:34:59,800 [Thread-660] INFO  impl.RoleInfo (RoleInfo.java:shutdownFollowerState(121)) - a45a7528-2ba0-4bc3-913c-850122b1269f: shutdown FollowerState
2019-08-30 07:34:59,800 [Thread-660] INFO  impl.RaftServerImpl (RaftServerImpl.java:setRole(171)) - a45a7528-2ba0-4bc3-913c-850122b1269f:group-C640FB00525B changes role from FOLLOWER to CANDIDATE at term 3 for changeToCandidate
2019-08-30 07:34:59,800 [Thread-660] INFO  impl.RoleInfo (RoleInfo.java:updateAndGet(143)) - a45a7528-2ba0-4bc3-913c-850122b1269f: start LeaderElection
2019-08-30 07:34:59,807 | INFO  | SCMAudit | user=jenkins1000 | ip=192.168.5.156 | op=SEND_HEARTBEAT {datanodeUUID=cb5a5d16-88a3-41b0-858f-6232e86de455, command=[]} | ret=SUCCESS |  
2019-08-30 07:34:59,881 [grpc-default-executor-10] WARN  server.GrpcLogAppender (LogUtils.java:warn(134)) - a45a7528-2ba0-4bc3-913c-850122b1269f->acc690db-1381-479d-90ad-8aa346d73f29: Failed appendEntries: org.apache.ratis.thirdparty.io.grpc.StatusRuntimeException: UNAVAILABLE: io exception
2019-08-30 07:34:59,881 [grpc-default-executor-3] WARN  server.GrpcLogAppender (LogUtils.java:warn(134)) - a45a7528-2ba0-4bc3-913c-850122b1269f->c1f9b5f6-3f1a-4e58-b5c3-6c327452b89e: Failed appendEntries: org.apache.ratis.thirdparty.io.grpc.StatusRuntimeException: UNAVAILABLE: io exception
2019-08-30 07:34:59,882 [grpc-default-executor-10] INFO  impl.FollowerInfo (FollowerInfo.java:lambda$new$0(50)) - a45a7528-2ba0-4bc3-913c-850122b1269f->acc690db-1381-479d-90ad-8aa346d73f29: nextIndex: updateUnconditionally 0 -> 0
2019-08-30 07:34:59,882 [grpc-default-executor-3] INFO  impl.FollowerInfo (FollowerInfo.java:lambda$new$0(50)) - a45a7528-2ba0-4bc3-913c-850122b1269f->c1f9b5f6-3f1a-4e58-b5c3-6c327452b89e: nextIndex: updateUnconditionally 0 -> 0
2019-08-30 07:34:59,889 [Thread-659] INFO  impl.FollowerState (FollowerState.java:run(106)) - f20ba990-a1ec-4251-b44f-b0954e9459c1:group-BC5BBD1BED6A changes to CANDIDATE, lastRpcTime:1099, electionTimeout:1098ms
2019-08-30 07:34:59,889 [Thread-659] INFO  impl.RoleInfo (RoleInfo.java:shutdownFollowerState(121)) - f20ba990-a1ec-4251-b44f-b0954e9459c1: shutdown FollowerState
2019-08-30 07:34:59,889 [Thread-659] INFO  impl.RaftServerImpl (RaftServerImpl.java:setRole(171)) - f20ba990-a1ec-4251-b44f-b0954e9459c1:group-BC5BBD1BED6A changes role from FOLLOWER to CANDIDATE at term 7 for changeToCandidate
2019-08-30 07:34:59,889 [Thread-659] INFO  impl.RoleInfo (RoleInfo.java:updateAndGet(143)) - f20ba990-a1ec-4251-b44f-b0954e9459c1: start LeaderElection
2019-08-30 07:34:59,905 [Thread-658] INFO  impl.FollowerState (FollowerState.java:run(106)) - a45a7528-2ba0-4bc3-913c-850122b1269f:group-70018C5AE2E4 changes to CANDIDATE, lastRpcTime:1115, electionTimeout:1114ms
2019-08-30 07:34:59,905 [Thread-658] INFO  impl.RoleInfo (RoleInfo.java:shutdownFollowerState(121)) - a45a7528-2ba0-4bc3-913c-850122b1269f: shutdown FollowerState
2019-08-30 07:34:59,905 [Thread-658] INFO  impl.RaftServerImpl (RaftServerImpl.java:setRole(171)) - a45a7528-2ba0-4bc3-913c-850122b1269f:group-70018C5AE2E4 changes role from FOLLOWER to CANDIDATE at term 3 for changeToCandidate
2019-08-30 07:34:59,905 [Thread-658] INFO  impl.RoleInfo (RoleInfo.java:updateAndGet(143)) - a45a7528-2ba0-4bc3-913c-850122b1269f: start LeaderElection
2019-08-30 07:34:59,907 [Thread-662] INFO  impl.FollowerState (FollowerState.java:run(106)) - a45a7528-2ba0-4bc3-913c-850122b1269f:group-BC5BBD1BED6A changes to CANDIDATE, lastRpcTime:1115, electionTimeout:1115ms
2019-08-30 07:34:59,907 [Thread-662] INFO  impl.RoleInfo (RoleInfo.java:shutdownFollowerState(121)) - a45a7528-2ba0-4bc3-913c-850122b1269f: shutdown FollowerState
2019-08-30 07:34:59,908 [Thread-662] INFO  impl.RaftServerImpl (RaftServerImpl.java:setRole(171)) - a45a7528-2ba0-4bc3-913c-850122b1269f:group-BC5BBD1BED6A changes role from FOLLOWER to CANDIDATE at term 7 for changeToCandidate
2019-08-30 07:34:59,908 [Thread-662] INFO  impl.RoleInfo (RoleInfo.java:updateAndGet(143)) - a45a7528-2ba0-4bc3-913c-850122b1269f: start LeaderElection
2019-08-30 07:34:59,912 [Thread-661] INFO  impl.FollowerState (FollowerState.java:run(106)) - a45a7528-2ba0-4bc3-913c-850122b1269f:group-F9B49111EF33 changes to CANDIDATE, lastRpcTime:1121, electionTimeout:1121ms
2019-08-30 07:34:59,913 [Thread-661] INFO  impl.RoleInfo (RoleInfo.java:shutdownFollowerState(121)) - a45a7528-2ba0-4bc3-913c-850122b1269f: shutdown FollowerState
2019-08-30 07:34:59,913 [Thread-661] INFO  impl.RaftServerImpl (RaftServerImpl.java:setRole(171)) - a45a7528-2ba0-4bc3-913c-850122b1269f:group-F9B49111EF33 changes role from FOLLOWER to CANDIDATE at term 3 for changeToCandidate
2019-08-30 07:34:59,913 [Thread-661] INFO  impl.RoleInfo (RoleInfo.java:updateAndGet(143)) - a45a7528-2ba0-4bc3-913c-850122b1269f: start LeaderElection
2019-08-30 07:34:59,985 [Thread-663] INFO  impl.FollowerState (FollowerState.java:run(106)) - a45a7528-2ba0-4bc3-913c-850122b1269f:group-186677E0C462 changes to CANDIDATE, lastRpcTime:1192, electionTimeout:1192ms
2019-08-30 07:34:59,985 [Thread-663] INFO  impl.RoleInfo (RoleInfo.java:shutdownFollowerState(121)) - a45a7528-2ba0-4bc3-913c-850122b1269f: shutdown FollowerState
2019-08-30 07:34:59,985 [Thread-663] INFO  impl.RaftServerImpl (RaftServerImpl.java:setRole(171)) - a45a7528-2ba0-4bc3-913c-850122b1269f:group-186677E0C462 changes role from FOLLOWER to CANDIDATE at term 3 for changeToCandidate
2019-08-30 07:34:59,985 [Thread-663] INFO  impl.RoleInfo (RoleInfo.java:updateAndGet(143)) - a45a7528-2ba0-4bc3-913c-850122b1269f: start LeaderElection
2019-08-30 07:35:00,106 [grpc-default-executor-1] WARN  server.GrpcLogAppender (LogUtils.java:warn(134)) - a45a7528-2ba0-4bc3-913c-850122b1269f->c1f9b5f6-3f1a-4e58-b5c3-6c327452b89e: Failed appendEntries: org.apache.ratis.thirdparty.io.grpc.StatusRuntimeException: UNAVAILABLE: io exception
2019-08-30 07:35:00,107 [grpc-default-executor-1] INFO  impl.FollowerInfo (FollowerInfo.java:lambda$new$0(50)) - a45a7528-2ba0-4bc3-913c-850122b1269f->c1f9b5f6-3f1a-4e58-b5c3-6c327452b89e: nextIndex: updateUnconditionally 0 -> 0
2019-08-30 07:35:00,113 [grpc-default-executor-3] WARN  server.GrpcLogAppender (LogUtils.java:warn(134)) - a45a7528-2ba0-4bc3-913c-850122b1269f->acc690db-1381-479d-90ad-8aa346d73f29: Failed appendEntries: org.apache.ratis.thirdparty.io.grpc.StatusRuntimeException: UNAVAILABLE: io exception
2019-08-30 07:35:00,114 [grpc-default-executor-3] INFO  impl.FollowerInfo (FollowerInfo.java:lambda$new$0(50)) - a45a7528-2ba0-4bc3-913c-850122b1269f->acc690db-1381-479d-90ad-8aa346d73f29: nextIndex: updateUnconditionally 0 -> 0
2019-08-30 07:35:00,381 [grpc-default-executor-9] WARN  server.GrpcLogAppender (LogUtils.java:warn(134)) - a45a7528-2ba0-4bc3-913c-850122b1269f->acc690db-1381-479d-90ad-8aa346d73f29: Failed appendEntries: org.apache.ratis.thirdparty.io.grpc.StatusRuntimeException: UNAVAILABLE: io exception
2019-08-30 07:35:00,381 [grpc-default-executor-8] WARN  server.GrpcLogAppender (LogUtils.java:warn(134)) - a45a7528-2ba0-4bc3-913c-850122b1269f->c1f9b5f6-3f1a-4e58-b5c3-6c327452b89e: Failed appendEntries: org.apache.ratis.thirdparty.io.grpc.StatusRuntimeException: UNAVAILABLE: io exception
2019-08-30 07:35:00,382 [grpc-default-executor-9] INFO  impl.FollowerInfo (FollowerInfo.java:lambda$new$0(50)) - a45a7528-2ba0-4bc3-913c-850122b1269f->acc690db-1381-479d-90ad-8aa346d73f29: nextIndex: updateUnconditionally 0 -> 0
2019-08-30 07:35:00,382 [grpc-default-executor-8] INFO  impl.FollowerInfo (FollowerInfo.java:lambda$new$0(50)) - a45a7528-2ba0-4bc3-913c-850122b1269f->c1f9b5f6-3f1a-4e58-b5c3-6c327452b89e: nextIndex: updateUnconditionally 0 -> 0
2019-08-30 07:35:00,407 | INFO  | SCMAudit | user=jenkins1000 | ip=192.168.5.156 | op=SEND_HEARTBEAT {datanodeUUID=a45a7528-2ba0-4bc3-913c-850122b1269f, command=[]} | ret=SUCCESS |  
2019-08-30 07:35:00,607 [grpc-default-executor-3] WARN  server.GrpcLogAppender (LogUtils.java:warn(134)) - a45a7528-2ba0-4bc3-913c-850122b1269f->c1f9b5f6-3f1a-4e58-b5c3-6c327452b89e: Failed appendEntries: org.apache.ratis.thirdparty.io.grpc.StatusRuntimeException: UNAVAILABLE: io exception
2019-08-30 07:35:00,608 [grpc-default-executor-3] INFO  impl.FollowerInfo (FollowerInfo.java:lambda$new$0(50)) - a45a7528-2ba0-4bc3-913c-850122b1269f->c1f9b5f6-3f1a-4e58-b5c3-6c327452b89e: nextIndex: updateUnconditionally 0 -> 0
2019-08-30 07:35:00,614 [grpc-default-executor-3] WARN  server.GrpcLogAppender (LogUtils.java:warn(134)) - a45a7528-2ba0-4bc3-913c-850122b1269f->acc690db-1381-479d-90ad-8aa346d73f29: Failed appendEntries: org.apache.ratis.thirdparty.io.grpc.StatusRuntimeException: UNAVAILABLE: io exception
2019-08-30 07:35:00,615 [grpc-default-executor-3] INFO  impl.FollowerInfo (FollowerInfo.java:lambda$new$0(50)) - a45a7528-2ba0-4bc3-913c-850122b1269f->acc690db-1381-479d-90ad-8aa346d73f29: nextIndex: updateUnconditionally 0 -> 0
2019-08-30 07:35:00,808 | INFO  | SCMAudit | user=jenkins1000 | ip=192.168.5.156 | op=SEND_HEARTBEAT {datanodeUUID=cb5a5d16-88a3-41b0-858f-6232e86de455, command=[]} | ret=SUCCESS |  
2019-08-30 07:35:00,882 [grpc-default-executor-1] WARN  server.GrpcLogAppender (LogUtils.java:warn(134)) - a45a7528-2ba0-4bc3-913c-850122b1269f->c1f9b5f6-3f1a-4e58-b5c3-6c327452b89e: Failed appendEntries: org.apache.ratis.thirdparty.io.grpc.StatusRuntimeException: UNAVAILABLE: io exception
2019-08-30 07:35:00,882 [grpc-default-executor-3] WARN  server.GrpcLogAppender (LogUtils.java:warn(134)) - a45a7528-2ba0-4bc3-913c-850122b1269f->acc690db-1381-479d-90ad-8aa346d73f29: Failed appendEntries: org.apache.ratis.thirdparty.io.grpc.StatusRuntimeException: UNAVAILABLE: io exception
2019-08-30 07:35:00,883 [grpc-default-executor-1] INFO  impl.FollowerInfo (FollowerInfo.java:lambda$new$0(50)) - a45a7528-2ba0-4bc3-913c-850122b1269f->c1f9b5f6-3f1a-4e58-b5c3-6c327452b89e: nextIndex: updateUnconditionally 0 -> 0
2019-08-30 07:35:00,883 [grpc-default-executor-3] INFO  impl.FollowerInfo (FollowerInfo.java:lambda$new$0(50)) - a45a7528-2ba0-4bc3-913c-850122b1269f->acc690db-1381-479d-90ad-8aa346d73f29: nextIndex: updateUnconditionally 0 -> 0
2019-08-30 07:35:01,108 [grpc-default-executor-3] WARN  server.GrpcLogAppender (LogUtils.java:warn(134)) - a45a7528-2ba0-4bc3-913c-850122b1269f->c1f9b5f6-3f1a-4e58-b5c3-6c327452b89e: Failed appendEntries: org.apache.ratis.thirdparty.io.grpc.StatusRuntimeException: UNAVAILABLE: io exception
2019-08-30 07:35:01,109 [grpc-default-executor-3] INFO  impl.FollowerInfo (FollowerInfo.java:lambda$new$0(50)) - a45a7528-2ba0-4bc3-913c-850122b1269f->c1f9b5f6-3f1a-4e58-b5c3-6c327452b89e: nextIndex: updateUnconditionally 0 -> 0
2019-08-30 07:35:01,115 [grpc-default-executor-9] WARN  server.GrpcLogAppender (LogUtils.java:warn(134)) - a45a7528-2ba0-4bc3-913c-850122b1269f->acc690db-1381-479d-90ad-8aa346d73f29: Failed appendEntries: org.apache.ratis.thirdparty.io.grpc.StatusRuntimeException: UNAVAILABLE: io exception
2019-08-30 07:35:01,115 [grpc-default-executor-9] INFO  impl.FollowerInfo (FollowerInfo.java:lambda$new$0(50)) - a45a7528-2ba0-4bc3-913c-850122b1269f->acc690db-1381-479d-90ad-8aa346d73f29: nextIndex: updateUnconditionally 0 -> 0
2019-08-30 07:35:01,383 [grpc-default-executor-0] WARN  server.GrpcLogAppender (LogUtils.java:warn(134)) - a45a7528-2ba0-4bc3-913c-850122b1269f->c1f9b5f6-3f1a-4e58-b5c3-6c327452b89e: Failed appendEntries: org.apache.ratis.thirdparty.io.grpc.StatusRuntimeException: UNAVAILABLE: io exception
2019-08-30 07:35:01,383 [grpc-default-executor-10] WARN  server.GrpcLogAppender (LogUtils.java:warn(134)) - a45a7528-2ba0-4bc3-913c-850122b1269f->acc690db-1381-479d-90ad-8aa346d73f29: Failed appendEntries: org.apache.ratis.thirdparty.io.grpc.StatusRuntimeException: UNAVAILABLE: io exception
2019-08-30 07:35:01,384 [grpc-default-executor-0] INFO  impl.FollowerInfo (FollowerInfo.java:lambda$new$0(50)) - a45a7528-2ba0-4bc3-913c-850122b1269f->c1f9b5f6-3f1a-4e58-b5c3-6c327452b89e: nextIndex: updateUnconditionally 0 -> 0
2019-08-30 07:35:01,384 [grpc-default-executor-10] INFO  impl.FollowerInfo (FollowerInfo.java:lambda$new$0(50)) - a45a7528-2ba0-4bc3-913c-850122b1269f->acc690db-1381-479d-90ad-8aa346d73f29: nextIndex: updateUnconditionally 0 -> 0
2019-08-30 07:35:01,408 | INFO  | SCMAudit | user=jenkins1000 | ip=192.168.5.156 | op=SEND_HEARTBEAT {datanodeUUID=a45a7528-2ba0-4bc3-913c-850122b1269f, command=[]} | ret=SUCCESS |  
2019-08-30 07:35:01,609 [grpc-default-executor-9] WARN  server.GrpcLogAppender (LogUtils.java:warn(134)) - a45a7528-2ba0-4bc3-913c-850122b1269f->c1f9b5f6-3f1a-4e58-b5c3-6c327452b89e: Failed appendEntries: org.apache.ratis.thirdparty.io.grpc.StatusRuntimeException: UNAVAILABLE: io exception
2019-08-30 07:35:01,609 [grpc-default-executor-9] INFO  impl.FollowerInfo (FollowerInfo.java:lambda$new$0(50)) - a45a7528-2ba0-4bc3-913c-850122b1269f->c1f9b5f6-3f1a-4e58-b5c3-6c327452b89e: nextIndex: updateUnconditionally 0 -> 0
2019-08-30 07:35:01,615 [grpc-default-executor-10] WARN  server.GrpcLogAppender (LogUtils.java:warn(134)) - a45a7528-2ba0-4bc3-913c-850122b1269f->acc690db-1381-479d-90ad-8aa346d73f29: Failed appendEntries: org.apache.ratis.thirdparty.io.grpc.StatusRuntimeException: UNAVAILABLE: io exception
2019-08-30 07:35:01,616 [grpc-default-executor-10] INFO  impl.FollowerInfo (FollowerInfo.java:lambda$new$0(50)) - a45a7528-2ba0-4bc3-913c-850122b1269f->acc690db-1381-479d-90ad-8aa346d73f29: nextIndex: updateUnconditionally 0 -> 0
2019-08-30 07:35:01,808 | INFO  | SCMAudit | user=jenkins1000 | ip=192.168.5.156 | op=SEND_HEARTBEAT {datanodeUUID=cb5a5d16-88a3-41b0-858f-6232e86de455, command=[]} | ret=SUCCESS |  
2019-08-30 07:35:01,884 [grpc-default-executor-10] WARN  server.GrpcLogAppender (LogUtils.java:warn(134)) - a45a7528-2ba0-4bc3-913c-850122b1269f->c1f9b5f6-3f1a-4e58-b5c3-6c327452b89e: Failed appendEntries: org.apache.ratis.thirdparty.io.grpc.StatusRuntimeException: UNAVAILABLE: io exception
2019-08-30 07:35:01,884 [grpc-default-executor-1] WARN  server.GrpcLogAppender (LogUtils.java:warn(134)) - a45a7528-2ba0-4bc3-913c-850122b1269f->acc690db-1381-479d-90ad-8aa346d73f29: Failed appendEntries: org.apache.ratis.thirdparty.io.grpc.StatusRuntimeException: UNAVAILABLE: io exception
2019-08-30 07:35:01,885 [grpc-default-executor-10] INFO  impl.FollowerInfo (FollowerInfo.java:lambda$new$0(50)) - a45a7528-2ba0-4bc3-913c-850122b1269f->c1f9b5f6-3f1a-4e58-b5c3-6c327452b89e: nextIndex: updateUnconditionally 0 -> 0
2019-08-30 07:35:01,885 [grpc-default-executor-1] INFO  impl.FollowerInfo (FollowerInfo.java:lambda$new$0(50)) - a45a7528-2ba0-4bc3-913c-850122b1269f->acc690db-1381-479d-90ad-8aa346d73f29: nextIndex: updateUnconditionally 0 -> 0
2019-08-30 07:35:02,110 [grpc-default-executor-9] WARN  server.GrpcLogAppender (LogUtils.java:warn(134)) - a45a7528-2ba0-4bc3-913c-850122b1269f->c1f9b5f6-3f1a-4e58-b5c3-6c327452b89e: Failed appendEntries: org.apache.ratis.thirdparty.io.grpc.StatusRuntimeException: UNAVAILABLE: io exception
2019-08-30 07:35:02,111 [grpc-default-executor-9] INFO  impl.FollowerInfo (FollowerInfo.java:lambda$new$0(50)) - a45a7528-2ba0-4bc3-913c-850122b1269f->c1f9b5f6-3f1a-4e58-b5c3-6c327452b89e: nextIndex: updateUnconditionally 0 -> 0
2019-08-30 07:35:02,116 [grpc-default-executor-10] WARN  server.GrpcLogAppender (LogUtils.java:warn(134)) - a45a7528-2ba0-4bc3-913c-850122b1269f->acc690db-1381-479d-90ad-8aa346d73f29: Failed appendEntries: org.apache.ratis.thirdparty.io.grpc.StatusRuntimeException: UNAVAILABLE: io exception
2019-08-30 07:35:02,116 [grpc-default-executor-10] INFO  impl.FollowerInfo (FollowerInfo.java:lambda$new$0(50)) - a45a7528-2ba0-4bc3-913c-850122b1269f->acc690db-1381-479d-90ad-8aa346d73f29: nextIndex: updateUnconditionally 0 -> 0
2019-08-30 07:35:02,384 [grpc-default-executor-10] WARN  server.GrpcLogAppender (LogUtils.java:warn(134)) - a45a7528-2ba0-4bc3-913c-850122b1269f->c1f9b5f6-3f1a-4e58-b5c3-6c327452b89e: Failed appendEntries: org.apache.ratis.thirdparty.io.grpc.StatusRuntimeException: UNAVAILABLE: io exception
2019-08-30 07:35:02,384 [grpc-default-executor-0] WARN  server.GrpcLogAppender (LogUtils.java:warn(134)) - a45a7528-2ba0-4bc3-913c-850122b1269f->acc690db-1381-479d-90ad-8aa346d73f29: Failed appendEntries: org.apache.ratis.thirdparty.io.grpc.StatusRuntimeException: UNAVAILABLE: io exception
2019-08-30 07:35:02,385 [grpc-default-executor-10] INFO  impl.FollowerInfo (FollowerInfo.java:lambda$new$0(50)) - a45a7528-2ba0-4bc3-913c-850122b1269f->c1f9b5f6-3f1a-4e58-b5c3-6c327452b89e: nextIndex: updateUnconditionally 0 -> 0
2019-08-30 07:35:02,385 [grpc-default-executor-0] INFO  impl.FollowerInfo (FollowerInfo.java:lambda$new$0(50)) - a45a7528-2ba0-4bc3-913c-850122b1269f->acc690db-1381-479d-90ad-8aa346d73f29: nextIndex: updateUnconditionally 0 -> 0
2019-08-30 07:35:02,409 | INFO  | SCMAudit | user=jenkins1000 | ip=192.168.5.156 | op=SEND_HEARTBEAT {datanodeUUID=a45a7528-2ba0-4bc3-913c-850122b1269f, command=[]} | ret=SUCCESS |  
2019-08-30 07:35:02,611 [grpc-default-executor-8] WARN  server.GrpcLogAppender (LogUtils.java:warn(134)) - a45a7528-2ba0-4bc3-913c-850122b1269f->c1f9b5f6-3f1a-4e58-b5c3-6c327452b89e: Failed appendEntries: org.apache.ratis.thirdparty.io.grpc.StatusRuntimeException: UNAVAILABLE: io exception
2019-08-30 07:35:02,612 [grpc-default-executor-8] INFO  impl.FollowerInfo (FollowerInfo.java:lambda$new$0(50)) - a45a7528-2ba0-4bc3-913c-850122b1269f->c1f9b5f6-3f1a-4e58-b5c3-6c327452b89e: nextIndex: updateUnconditionally 0 -> 0
2019-08-30 07:35:02,616 [grpc-default-executor-10] WARN  server.GrpcLogAppender (LogUtils.java:warn(134)) - a45a7528-2ba0-4bc3-913c-850122b1269f->acc690db-1381-479d-90ad-8aa346d73f29: Failed appendEntries: org.apache.ratis.thirdparty.io.grpc.StatusRuntimeException: UNAVAILABLE: io exception
2019-08-30 07:35:02,617 [grpc-default-executor-10] INFO  impl.FollowerInfo (FollowerInfo.java:lambda$new$0(50)) - a45a7528-2ba0-4bc3-913c-850122b1269f->acc690db-1381-479d-90ad-8aa346d73f29: nextIndex: updateUnconditionally 0 -> 0
2019-08-30 07:35:02,808 | INFO  | SCMAudit | user=jenkins1000 | ip=192.168.5.156 | op=SEND_HEARTBEAT {datanodeUUID=cb5a5d16-88a3-41b0-858f-6232e86de455, command=[]} | ret=SUCCESS |  
2019-08-30 07:35:02,885 [grpc-default-executor-3] WARN  server.GrpcLogAppender (LogUtils.java:warn(134)) - a45a7528-2ba0-4bc3-913c-850122b1269f->c1f9b5f6-3f1a-4e58-b5c3-6c327452b89e: Failed appendEntries: org.apache.ratis.thirdparty.io.grpc.StatusRuntimeException: UNAVAILABLE: io exception
2019-08-30 07:35:02,885 [grpc-default-executor-9] WARN  server.GrpcLogAppender (LogUtils.java:warn(134)) - a45a7528-2ba0-4bc3-913c-850122b1269f->acc690db-1381-479d-90ad-8aa346d73f29: Failed appendEntries: org.apache.ratis.thirdparty.io.grpc.StatusRuntimeException: UNAVAILABLE: io exception
2019-08-30 07:35:02,886 [grpc-default-executor-3] INFO  impl.FollowerInfo (FollowerInfo.java:lambda$new$0(50)) - a45a7528-2ba0-4bc3-913c-850122b1269f->c1f9b5f6-3f1a-4e58-b5c3-6c327452b89e: nextIndex: updateUnconditionally 0 -> 0
2019-08-30 07:35:02,886 [grpc-default-executor-9] INFO  impl.FollowerInfo (FollowerInfo.java:lambda$new$0(50)) - a45a7528-2ba0-4bc3-913c-850122b1269f->acc690db-1381-479d-90ad-8aa346d73f29: nextIndex: updateUnconditionally 0 -> 0
2019-08-30 07:35:03,112 [grpc-default-executor-8] WARN  server.GrpcLogAppender (LogUtils.java:warn(134)) - a45a7528-2ba0-4bc3-913c-850122b1269f->c1f9b5f6-3f1a-4e58-b5c3-6c327452b89e: Failed appendEntries: org.apache.ratis.thirdparty.io.grpc.StatusRuntimeException: UNAVAILABLE: io exception
2019-08-30 07:35:03,113 [grpc-default-executor-8] INFO  impl.FollowerInfo (FollowerInfo.java:lambda$new$0(50)) - a45a7528-2ba0-4bc3-913c-850122b1269f->c1f9b5f6-3f1a-4e58-b5c3-6c327452b89e: nextIndex: updateUnconditionally 0 -> 0
2019-08-30 07:35:03,116 [grpc-default-executor-3] WARN  server.GrpcLogAppender (LogUtils.java:warn(134)) - a45a7528-2ba0-4bc3-913c-850122b1269f->acc690db-1381-479d-90ad-8aa346d73f29: Failed appendEntries: org.apache.ratis.thirdparty.io.grpc.StatusRuntimeException: UNAVAILABLE: io exception
2019-08-30 07:35:03,117 [grpc-default-executor-3] INFO  impl.FollowerInfo (FollowerInfo.java:lambda$new$0(50)) - a45a7528-2ba0-4bc3-913c-850122b1269f->acc690db-1381-479d-90ad-8aa346d73f29: nextIndex: updateUnconditionally 0 -> 0
2019-08-30 07:35:03,387 [grpc-default-executor-1] WARN  server.GrpcLogAppender (LogUtils.java:warn(134)) - a45a7528-2ba0-4bc3-913c-850122b1269f->acc690db-1381-479d-90ad-8aa346d73f29: Failed appendEntries: org.apache.ratis.thirdparty.io.grpc.StatusRuntimeException: UNAVAILABLE: io exception
2019-08-30 07:35:03,387 [grpc-default-executor-0] WARN  server.GrpcLogAppender (LogUtils.java:warn(134)) - a45a7528-2ba0-4bc3-913c-850122b1269f->c1f9b5f6-3f1a-4e58-b5c3-6c327452b89e: Failed appendEntries: org.apache.ratis.thirdparty.io.grpc.StatusRuntimeException: UNAVAILABLE: io exception
2019-08-30 07:35:03,387 [grpc-default-executor-1] INFO  impl.FollowerInfo (FollowerInfo.java:lambda$new$0(50)) - a45a7528-2ba0-4bc3-913c-850122b1269f->acc690db-1381-479d-90ad-8aa346d73f29: nextIndex: updateUnconditionally 0 -> 0
2019-08-30 07:35:03,388 [grpc-default-executor-0] INFO  impl.FollowerInfo (FollowerInfo.java:lambda$new$0(50)) - a45a7528-2ba0-4bc3-913c-850122b1269f->c1f9b5f6-3f1a-4e58-b5c3-6c327452b89e: nextIndex: updateUnconditionally 0 -> 0
2019-08-30 07:35:03,409 | INFO  | SCMAudit | user=jenkins1000 | ip=192.168.5.156 | op=SEND_HEARTBEAT {datanodeUUID=a45a7528-2ba0-4bc3-913c-850122b1269f, command=[]} | ret=SUCCESS |  
2019-08-30 07:35:03,613 [grpc-default-executor-0] WARN  server.GrpcLogAppender (LogUtils.java:warn(134)) - a45a7528-2ba0-4bc3-913c-850122b1269f->c1f9b5f6-3f1a-4e58-b5c3-6c327452b89e: Failed appendEntries: org.apache.ratis.thirdparty.io.grpc.StatusRuntimeException: UNAVAILABLE: io exception
2019-08-30 07:35:03,613 [grpc-default-executor-0] INFO  impl.FollowerInfo (FollowerInfo.java:lambda$new$0(50)) - a45a7528-2ba0-4bc3-913c-850122b1269f->c1f9b5f6-3f1a-4e58-b5c3-6c327452b89e: nextIndex: updateUnconditionally 0 -> 0
2019-08-30 07:35:03,617 [grpc-default-executor-8] WARN  server.GrpcLogAppender (LogUtils.java:warn(134)) - a45a7528-2ba0-4bc3-913c-850122b1269f->acc690db-1381-479d-90ad-8aa346d73f29: Failed appendEntries: org.apache.ratis.thirdparty.io.grpc.StatusRuntimeException: UNAVAILABLE: io exception
2019-08-30 07:35:03,618 [grpc-default-executor-8] INFO  impl.FollowerInfo (FollowerInfo.java:lambda$new$0(50)) - a45a7528-2ba0-4bc3-913c-850122b1269f->acc690db-1381-479d-90ad-8aa346d73f29: nextIndex: updateUnconditionally 0 -> 0
2019-08-30 07:35:03,681 [main] INFO  ozoneimpl.OzoneContainer (OzoneContainer.java:stop(199)) - Attempting to stop container services.
2019-08-30 07:35:03,681 [main] INFO  impl.RaftServerProxy (RaftServerProxy.java:lambda$close$4(314)) - cf19ac65-0b70-4753-9cfc-44acb7cd902c: close
2019-08-30 07:35:03,682 [main] INFO  server.GrpcService (GrpcService.java:closeImpl(155)) - cf19ac65-0b70-4753-9cfc-44acb7cd902c: shutdown server with port 40473 now
2019-08-30 07:35:03,682 [main] INFO  server.GrpcService (GrpcService.java:closeImpl(163)) - cf19ac65-0b70-4753-9cfc-44acb7cd902c: shutdown server with port 40473 successfully
2019-08-30 07:35:03,684 [main] INFO  utils.BackgroundService (BackgroundService.java:shutdown(148)) - Shutting down service BlockDeletingService
2019-08-30 07:35:03,685 [refreshUsed-/workdir/hadoop-ozone/integration-test/target/test-dir/MiniOzoneClusterImpl-e2a0042e-8006-48d2-a527-f4f759a7d1b5/datanode-9/data/containers] WARN  fs.CachingGetSpaceUsed (CachingGetSpaceUsed.java:run(183)) - Thread Interrupted waiting to refresh disk information: sleep interrupted
2019-08-30 07:35:03,697 [ForkJoinPool.commonPool-worker-0] INFO  ozoneimpl.OzoneContainer (OzoneContainer.java:stop(199)) - Attempting to stop container services.
2019-08-30 07:35:03,698 [ForkJoinPool.commonPool-worker-0] INFO  impl.RaftServerProxy (RaftServerProxy.java:lambda$close$4(314)) - f20ba990-a1ec-4251-b44f-b0954e9459c1: close
2019-08-30 07:35:03,698 [ForkJoinPool.commonPool-worker-0] INFO  impl.RaftServerImpl (RaftServerImpl.java:lambda$shutdown$3(245)) - f20ba990-a1ec-4251-b44f-b0954e9459c1: shutdown group-3260705896A1
2019-08-30 07:35:03,698 [ForkJoinPool.commonPool-worker-0] INFO  util.JmxRegister (JmxRegister.java:unregister(73)) - Successfully un-registered JMX Bean with object name Ratis:service=RaftServer,group=group-3260705896A1,id=f20ba990-a1ec-4251-b44f-b0954e9459c1
2019-08-30 07:35:03,698 [ForkJoinPool.commonPool-worker-0] INFO  impl.RoleInfo (RoleInfo.java:shutdownLeaderState(104)) - f20ba990-a1ec-4251-b44f-b0954e9459c1: shutdown LeaderState
2019-08-30 07:35:03,699 [ForkJoinPool.commonPool-worker-0] INFO  impl.PendingRequests (PendingRequests.java:sendNotLeaderResponses(202)) - f20ba990-a1ec-4251-b44f-b0954e9459c1-PendingRequests: sendNotLeaderResponses
2019-08-30 07:35:03,699 [ForkJoinPool.commonPool-worker-0] INFO  impl.StateMachineUpdater (StateMachineUpdater.java:stopAndJoin(115)) - StateMachineUpdater:f20ba990-a1ec-4251-b44f-b0954e9459c1:group-3260705896A1: set stopIndex = 0
2019-08-30 07:35:03,700 [ForkJoinPool.commonPool-worker-0] INFO  impl.RaftServerImpl (ServerState.java:close(394)) - f20ba990-a1ec-4251-b44f-b0954e9459c1:group-3260705896A1 closes. The last applied log index is 0
2019-08-30 07:35:03,700 [f20ba990-a1ec-4251-b44f-b0954e9459c1-SegmentedRaftLogWorker:Storage Directory /workdir/hadoop-ozone/integration-test/target/test-dir/MiniOzoneClusterImpl-e2a0042e-8006-48d2-a527-f4f759a7d1b5/datanode-0/data/ratis/a0047a84-d3f1-4b11-9455-3260705896a1] INFO  segmented.SegmentedRaftLogWorker (SegmentedRaftLogWorker.java:run(313)) - f20ba990-a1ec-4251-b44f-b0954e9459c1-SegmentedRaftLogWorker:Storage Directory /workdir/hadoop-ozone/integration-test/target/test-dir/MiniOzoneClusterImpl-e2a0042e-8006-48d2-a527-f4f759a7d1b5/datanode-0/data/ratis/a0047a84-d3f1-4b11-9455-3260705896a1 was interrupted, exiting. There are 0 tasks remaining in the queue.
2019-08-30 07:35:03,700 [ForkJoinPool.commonPool-worker-0] INFO  segmented.SegmentedRaftLogWorker (SegmentedRaftLogWorker.java:close(228)) - f20ba990-a1ec-4251-b44f-b0954e9459c1-SegmentedRaftLogWorker:Storage Directory /workdir/hadoop-ozone/integration-test/target/test-dir/MiniOzoneClusterImpl-e2a0042e-8006-48d2-a527-f4f759a7d1b5/datanode-0/data/ratis/a0047a84-d3f1-4b11-9455-3260705896a1 close()
2019-08-30 07:35:03,702 [ForkJoinPool.commonPool-worker-0] INFO  impl.RaftServerImpl (RaftServerImpl.java:lambda$shutdown$3(245)) - f20ba990-a1ec-4251-b44f-b0954e9459c1: shutdown group-BC5BBD1BED6A
2019-08-30 07:35:03,702 [ForkJoinPool.commonPool-worker-0] INFO  util.JmxRegister (JmxRegister.java:unregister(73)) - Successfully un-registered JMX Bean with object name Ratis:service=RaftServer,group=group-BC5BBD1BED6A,id=f20ba990-a1ec-4251-b44f-b0954e9459c1
2019-08-30 07:35:03,703 [ForkJoinPool.commonPool-worker-0] INFO  impl.RoleInfo (RoleInfo.java:shutdownLeaderElection(134)) - f20ba990-a1ec-4251-b44f-b0954e9459c1: shutdown LeaderElection
2019-08-30 07:35:03,703 [ForkJoinPool.commonPool-worker-0] INFO  impl.StateMachineUpdater (StateMachineUpdater.java:stopAndJoin(115)) - StateMachineUpdater:f20ba990-a1ec-4251-b44f-b0954e9459c1:group-BC5BBD1BED6A: set stopIndex = -1
2019-08-30 07:35:03,703 [ForkJoinPool.commonPool-worker-0] INFO  impl.RaftServerImpl (ServerState.java:close(394)) - f20ba990-a1ec-4251-b44f-b0954e9459c1:group-BC5BBD1BED6A closes. The last applied log index is -1
2019-08-30 07:35:03,704 [f20ba990-a1ec-4251-b44f-b0954e9459c1-SegmentedRaftLogWorker:Storage Directory /workdir/hadoop-ozone/integration-test/target/test-dir/MiniOzoneClusterImpl-e2a0042e-8006-48d2-a527-f4f759a7d1b5/datanode-0/data/ratis/d9b9f0f8-1571-4c22-9895-bc5bbd1bed6a] INFO  segmented.SegmentedRaftLogWorker (SegmentedRaftLogWorker.java:run(313)) - f20ba990-a1ec-4251-b44f-b0954e9459c1-SegmentedRaftLogWorker:Storage Directory /workdir/hadoop-ozone/integration-test/target/test-dir/MiniOzoneClusterImpl-e2a0042e-8006-48d2-a527-f4f759a7d1b5/datanode-0/data/ratis/d9b9f0f8-1571-4c22-9895-bc5bbd1bed6a was interrupted, exiting. There are 0 tasks remaining in the queue.
2019-08-30 07:35:03,704 [ForkJoinPool.commonPool-worker-0] INFO  segmented.SegmentedRaftLogWorker (SegmentedRaftLogWorker.java:close(228)) - f20ba990-a1ec-4251-b44f-b0954e9459c1-SegmentedRaftLogWorker:Storage Directory /workdir/hadoop-ozone/integration-test/target/test-dir/MiniOzoneClusterImpl-e2a0042e-8006-48d2-a527-f4f759a7d1b5/datanode-0/data/ratis/d9b9f0f8-1571-4c22-9895-bc5bbd1bed6a close()
2019-08-30 07:35:03,708 [main] INFO  statemachine.DatanodeStateMachine (DatanodeStateMachine.java:stopDaemon(395)) - Ozone container server stopped.
2019-08-30 07:35:03,708 [ForkJoinPool.commonPool-worker-0] INFO  server.GrpcService (GrpcService.java:closeImpl(155)) - f20ba990-a1ec-4251-b44f-b0954e9459c1: shutdown server with port 36913 now
2019-08-30 07:35:03,709 [ForkJoinPool.commonPool-worker-0] INFO  server.GrpcService (GrpcService.java:closeImpl(163)) - f20ba990-a1ec-4251-b44f-b0954e9459c1: shutdown server with port 36913 successfully
2019-08-30 07:35:03,710 [main] INFO  handler.ContextHandler (ContextHandler.java:doStop(910)) - Stopped o.e.j.w.WebAppContext@1e29a81a{/,null,UNAVAILABLE}{/hddsDatanode}
2019-08-30 07:35:03,711 [main] INFO  server.AbstractConnector (AbstractConnector.java:doStop(318)) - Stopped ServerConnector@7b4b8199{HTTP/1.1,[http/1.1]}{0.0.0.0:0}
2019-08-30 07:35:03,711 [main] INFO  handler.ContextHandler (ContextHandler.java:doStop(910)) - Stopped o.e.j.s.ServletContextHandler@296676c4{/static,jar:file:/home/user/.m2/repository/org/apache/hadoop/hadoop-hdds-container-service/0.5.0-SNAPSHOT/hadoop-hdds-container-service-0.5.0-SNAPSHOT.jar!/webapps/static,UNAVAILABLE}
2019-08-30 07:35:03,712 [main] INFO  handler.ContextHandler (ContextHandler.java:doStop(910)) - Stopped o.e.j.s.ServletContextHandler@5871a482{/logs,file:///workdir/hadoop-ozone/integration-test/target/log,UNAVAILABLE}
2019-08-30 07:35:03,713 [main] INFO  datanode.ObjectStoreHandler (ObjectStoreHandler.java:close(155)) - Closing ObjectStoreHandler.
2019-08-30 07:35:03,713 [main] INFO  ozone.HddsDatanodeService (HddsDatanodeService.java:stop(451)) - Stopped plug-in org.apache.hadoop.ozone.web.OzoneHddsDatanodeService@3c488b34
2019-08-30 07:35:03,714 [ForkJoinPool.commonPool-worker-0] INFO  utils.BackgroundService (BackgroundService.java:shutdown(148)) - Shutting down service BlockDeletingService
2019-08-30 07:35:03,717 [refreshUsed-/workdir/hadoop-ozone/integration-test/target/test-dir/MiniOzoneClusterImpl-e2a0042e-8006-48d2-a527-f4f759a7d1b5/datanode-0/data/containers] WARN  fs.CachingGetSpaceUsed (CachingGetSpaceUsed.java:run(183)) - Thread Interrupted waiting to refresh disk information: sleep interrupted
2019-08-30 07:35:03,731 [ForkJoinPool.commonPool-worker-0] INFO  statemachine.DatanodeStateMachine (DatanodeStateMachine.java:stopDaemon(395)) - Ozone container server stopped.
2019-08-30 07:35:03,735 [ForkJoinPool.commonPool-worker-0] INFO  handler.ContextHandler (ContextHandler.java:doStop(910)) - Stopped o.e.j.w.WebAppContext@934b52f{/,null,UNAVAILABLE}{/hddsDatanode}
2019-08-30 07:35:03,735 [ForkJoinPool.commonPool-worker-0] INFO  server.AbstractConnector (AbstractConnector.java:doStop(318)) - Stopped ServerConnector@2630dbc4{HTTP/1.1,[http/1.1]}{0.0.0.0:0}
2019-08-30 07:35:03,737 [ForkJoinPool.commonPool-worker-0] INFO  handler.ContextHandler (ContextHandler.java:doStop(910)) - Stopped o.e.j.s.ServletContextHandler@68b9834c{/static,jar:file:/home/user/.m2/repository/org/apache/hadoop/hadoop-hdds-container-service/0.5.0-SNAPSHOT/hadoop-hdds-container-service-0.5.0-SNAPSHOT.jar!/webapps/static,UNAVAILABLE}
2019-08-30 07:35:03,738 [ForkJoinPool.commonPool-worker-0] INFO  handler.ContextHandler (ContextHandler.java:doStop(910)) - Stopped o.e.j.s.ServletContextHandler@17fa1336{/logs,file:///workdir/hadoop-ozone/integration-test/target/log,UNAVAILABLE}
2019-08-30 07:35:03,739 [ForkJoinPool.commonPool-worker-0] INFO  datanode.ObjectStoreHandler (ObjectStoreHandler.java:close(155)) - Closing ObjectStoreHandler.
2019-08-30 07:35:03,740 [ForkJoinPool.commonPool-worker-0] INFO  ozone.HddsDatanodeService (HddsDatanodeService.java:stop(451)) - Stopped plug-in org.apache.hadoop.ozone.web.OzoneHddsDatanodeService@5d1d9d73
2019-08-30 07:35:03,807 [Datanode State Machine Thread - 0] INFO  statemachine.DatanodeStateMachine (DatanodeStateMachine.java:lambda$startDaemon$0(350)) - Ozone container server started.
2019-08-30 07:35:03,887 [grpc-default-executor-3] WARN  server.GrpcLogAppender (LogUtils.java:warn(134)) - a45a7528-2ba0-4bc3-913c-850122b1269f->acc690db-1381-479d-90ad-8aa346d73f29: Failed appendEntries: org.apache.ratis.thirdparty.io.grpc.StatusRuntimeException: UNAVAILABLE: io exception
2019-08-30 07:35:03,887 [grpc-default-executor-9] WARN  server.GrpcLogAppender (LogUtils.java:warn(134)) - a45a7528-2ba0-4bc3-913c-850122b1269f->c1f9b5f6-3f1a-4e58-b5c3-6c327452b89e: Failed appendEntries: org.apache.ratis.thirdparty.io.grpc.StatusRuntimeException: UNAVAILABLE: io exception
2019-08-30 07:35:03,887 [grpc-default-executor-3] INFO  impl.FollowerInfo (FollowerInfo.java:lambda$new$0(50)) - a45a7528-2ba0-4bc3-913c-850122b1269f->acc690db-1381-479d-90ad-8aa346d73f29: nextIndex: updateUnconditionally 0 -> 0
2019-08-30 07:35:03,888 [grpc-default-executor-9] INFO  impl.FollowerInfo (FollowerInfo.java:lambda$new$0(50)) - a45a7528-2ba0-4bc3-913c-850122b1269f->c1f9b5f6-3f1a-4e58-b5c3-6c327452b89e: nextIndex: updateUnconditionally 0 -> 0
2019-08-30 07:35:04,114 [grpc-default-executor-8] WARN  server.GrpcLogAppender (LogUtils.java:warn(134)) - a45a7528-2ba0-4bc3-913c-850122b1269f->c1f9b5f6-3f1a-4e58-b5c3-6c327452b89e: Failed appendEntries: org.apache.ratis.thirdparty.io.grpc.StatusRuntimeException: UNAVAILABLE: io exception
2019-08-30 07:35:04,114 [grpc-default-executor-8] INFO  impl.FollowerInfo (FollowerInfo.java:lambda$new$0(50)) - a45a7528-2ba0-4bc3-913c-850122b1269f->c1f9b5f6-3f1a-4e58-b5c3-6c327452b89e: nextIndex: updateUnconditionally 0 -> 0
2019-08-30 07:35:04,118 [grpc-default-executor-3] WARN  server.GrpcLogAppender (LogUtils.java:warn(134)) - a45a7528-2ba0-4bc3-913c-850122b1269f->acc690db-1381-479d-90ad-8aa346d73f29: Failed appendEntries: org.apache.ratis.thirdparty.io.grpc.StatusRuntimeException: UNAVAILABLE: io exception
2019-08-30 07:35:04,118 [grpc-default-executor-3] INFO  impl.FollowerInfo (FollowerInfo.java:lambda$new$0(50)) - a45a7528-2ba0-4bc3-913c-850122b1269f->acc690db-1381-479d-90ad-8aa346d73f29: nextIndex: updateUnconditionally 0 -> 0
2019-08-30 07:35:04,388 [grpc-default-executor-1] WARN  server.GrpcLogAppender (LogUtils.java:warn(134)) - a45a7528-2ba0-4bc3-913c-850122b1269f->c1f9b5f6-3f1a-4e58-b5c3-6c327452b89e: Failed appendEntries: org.apache.ratis.thirdparty.io.grpc.StatusRuntimeException: UNAVAILABLE: io exception
2019-08-30 07:35:04,388 [grpc-default-executor-8] WARN  server.GrpcLogAppender (LogUtils.java:warn(134)) - a45a7528-2ba0-4bc3-913c-850122b1269f->acc690db-1381-479d-90ad-8aa346d73f29: Failed appendEntries: org.apache.ratis.thirdparty.io.grpc.StatusRuntimeException: UNAVAILABLE: io exception
2019-08-30 07:35:04,388 [grpc-default-executor-1] INFO  impl.FollowerInfo (FollowerInfo.java:lambda$new$0(50)) - a45a7528-2ba0-4bc3-913c-850122b1269f->c1f9b5f6-3f1a-4e58-b5c3-6c327452b89e: nextIndex: updateUnconditionally 0 -> 0
2019-08-30 07:35:04,388 [grpc-default-executor-8] INFO  impl.FollowerInfo (FollowerInfo.java:lambda$new$0(50)) - a45a7528-2ba0-4bc3-913c-850122b1269f->acc690db-1381-479d-90ad-8aa346d73f29: nextIndex: updateUnconditionally 0 -> 0
2019-08-30 07:35:04,407 [Datanode State Machine Thread - 0] INFO  statemachine.DatanodeStateMachine (DatanodeStateMachine.java:lambda$startDaemon$0(350)) - Ozone container server started.
2019-08-30 07:35:04,615 [grpc-default-executor-8] WARN  server.GrpcLogAppender (LogUtils.java:warn(134)) - a45a7528-2ba0-4bc3-913c-850122b1269f->c1f9b5f6-3f1a-4e58-b5c3-6c327452b89e: Failed appendEntries: org.apache.ratis.thirdparty.io.grpc.StatusRuntimeException: UNAVAILABLE: io exception
2019-08-30 07:35:04,615 [grpc-default-executor-8] INFO  impl.FollowerInfo (FollowerInfo.java:lambda$new$0(50)) - a45a7528-2ba0-4bc3-913c-850122b1269f->c1f9b5f6-3f1a-4e58-b5c3-6c327452b89e: nextIndex: updateUnconditionally 0 -> 0
2019-08-30 07:35:04,618 [grpc-default-executor-3] WARN  server.GrpcLogAppender (LogUtils.java:warn(134)) - a45a7528-2ba0-4bc3-913c-850122b1269f->acc690db-1381-479d-90ad-8aa346d73f29: Failed appendEntries: org.apache.ratis.thirdparty.io.grpc.StatusRuntimeException: UNAVAILABLE: io exception
2019-08-30 07:35:04,619 [grpc-default-executor-3] INFO  impl.FollowerInfo (FollowerInfo.java:lambda$new$0(50)) - a45a7528-2ba0-4bc3-913c-850122b1269f->acc690db-1381-479d-90ad-8aa346d73f29: nextIndex: updateUnconditionally 0 -> 0
2019-08-30 07:35:04,889 [grpc-default-executor-9] WARN  server.GrpcLogAppender (LogUtils.java:warn(134)) - a45a7528-2ba0-4bc3-913c-850122b1269f->acc690db-1381-479d-90ad-8aa346d73f29: Failed appendEntries: org.apache.ratis.thirdparty.io.grpc.StatusRuntimeException: UNAVAILABLE: io exception
2019-08-30 07:35:04,890 [grpc-default-executor-9] INFO  impl.FollowerInfo (FollowerInfo.java:lambda$new$0(50)) - a45a7528-2ba0-4bc3-913c-850122b1269f->acc690db-1381-479d-90ad-8aa346d73f29: nextIndex: updateUnconditionally 0 -> 0
2019-08-30 07:35:04,891 [grpc-default-executor-3] WARN  server.GrpcLogAppender (LogUtils.java:warn(134)) - a45a7528-2ba0-4bc3-913c-850122b1269f->c1f9b5f6-3f1a-4e58-b5c3-6c327452b89e: Failed appendEntries: org.apache.ratis.thirdparty.io.grpc.StatusRuntimeException: UNAVAILABLE: io exception
2019-08-30 07:35:04,891 [grpc-default-executor-3] INFO  impl.FollowerInfo (FollowerInfo.java:lambda$new$0(50)) - a45a7528-2ba0-4bc3-913c-850122b1269f->c1f9b5f6-3f1a-4e58-b5c3-6c327452b89e: nextIndex: updateUnconditionally 0 -> 0
2019-08-30 07:35:05,115 [grpc-default-executor-3] WARN  server.GrpcLogAppender (LogUtils.java:warn(134)) - a45a7528-2ba0-4bc3-913c-850122b1269f->c1f9b5f6-3f1a-4e58-b5c3-6c327452b89e: Failed appendEntries: org.apache.ratis.thirdparty.io.grpc.StatusRuntimeException: UNAVAILABLE: io exception
2019-08-30 07:35:05,116 [grpc-default-executor-3] INFO  impl.FollowerInfo (FollowerInfo.java:lambda$new$0(50)) - a45a7528-2ba0-4bc3-913c-850122b1269f->c1f9b5f6-3f1a-4e58-b5c3-6c327452b89e: nextIndex: updateUnconditionally 0 -> 0
2019-08-30 07:35:05,119 [grpc-default-executor-9] WARN  server.GrpcLogAppender (LogUtils.java:warn(134)) - a45a7528-2ba0-4bc3-913c-850122b1269f->acc690db-1381-479d-90ad-8aa346d73f29: Failed appendEntries: org.apache.ratis.thirdparty.io.grpc.StatusRuntimeException: UNAVAILABLE: io exception
2019-08-30 07:35:05,119 [grpc-default-executor-9] INFO  impl.FollowerInfo (FollowerInfo.java:lambda$new$0(50)) - a45a7528-2ba0-4bc3-913c-850122b1269f->acc690db-1381-479d-90ad-8aa346d73f29: nextIndex: updateUnconditionally 0 -> 0
2019-08-30 07:35:05,172 [f20ba990-a1ec-4251-b44f-b0954e9459c1:group-BC5BBD1BED6A:LeaderElection44] INFO  impl.LeaderElection (LeaderElection.java:askForVotes(181)) - f20ba990-a1ec-4251-b44f-b0954e9459c1:group-BC5BBD1BED6A:LeaderElection44: begin an election at term 8 for -1: [acc690db-1381-479d-90ad-8aa346d73f29:192.168.5.156:37691, f20ba990-a1ec-4251-b44f-b0954e9459c1:192.168.5.156:36913, a45a7528-2ba0-4bc3-913c-850122b1269f:192.168.5.156:32945], old=null
2019-08-30 07:35:05,172 [a45a7528-2ba0-4bc3-913c-850122b1269f:group-BC5BBD1BED6A:LeaderElection46] INFO  impl.LeaderElection (LeaderElection.java:askForVotes(181)) - a45a7528-2ba0-4bc3-913c-850122b1269f:group-BC5BBD1BED6A:LeaderElection46: begin an election at term 8 for -1: [acc690db-1381-479d-90ad-8aa346d73f29:192.168.5.156:37691, f20ba990-a1ec-4251-b44f-b0954e9459c1:192.168.5.156:36913, a45a7528-2ba0-4bc3-913c-850122b1269f:192.168.5.156:32945], old=null
2019-08-30 07:35:05,172 [f20ba990-a1ec-4251-b44f-b0954e9459c1:group-BC5BBD1BED6A:LeaderElection44] INFO  impl.LeaderElection (LogUtils.java:infoOrTrace(149)) - Failed f20ba990-a1ec-4251-b44f-b0954e9459c1:group-BC5BBD1BED6A:LeaderElection44, state=CLOSING: {}
java.lang.IllegalArgumentException: f20ba990-a1ec-4251-b44f-b0954e9459c1-SegmentedRaftLog is expected to be opened but it is CLOSED
	at org.apache.ratis.util.OpenCloseState.assertOpen(OpenCloseState.java:63)
	at org.apache.ratis.server.raftlog.RaftLog.checkLogState(RaftLog.java:101)
	at org.apache.ratis.server.raftlog.segmented.SegmentedRaftLog.getLastEntryTermIndex(SegmentedRaftLog.java:263)
	at org.apache.ratis.server.impl.LeaderElection.askForVotes(LeaderElection.java:183)
	at org.apache.ratis.server.impl.LeaderElection.run(LeaderElection.java:130)
	at java.lang.Thread.run(Thread.java:748)
Caused by: org.apache.ratis.util.OpenCloseState$CloseTrace: Close f20ba990-a1ec-4251-b44f-b0954e9459c1-SegmentedRaftLog
	at org.apache.ratis.util.OpenCloseState.lambda$close$1(OpenCloseState.java:109)
	at java.util.concurrent.atomic.AtomicReference.getAndUpdate(AtomicReference.java:160)
	at org.apache.ratis.util.OpenCloseState.close(OpenCloseState.java:109)
	at org.apache.ratis.server.raftlog.RaftLog.close(RaftLog.java:437)
	at org.apache.ratis.server.raftlog.segmented.SegmentedRaftLog.close(SegmentedRaftLog.java:428)
	at org.apache.ratis.server.impl.ServerState.close(ServerState.java:397)
	at org.apache.ratis.server.impl.RaftServerImpl.lambda$shutdown$3(RaftServerImpl.java:267)
	at org.apache.ratis.util.LifeCycle.lambda$checkStateAndClose$2(LifeCycle.java:231)
	at org.apache.ratis.util.LifeCycle.checkStateAndClose(LifeCycle.java:251)
	at org.apache.ratis.util.LifeCycle.checkStateAndClose(LifeCycle.java:229)
	at org.apache.ratis.server.impl.RaftServerImpl.shutdown(RaftServerImpl.java:244)
	at org.apache.ratis.server.impl.RaftServerProxy$ImplMap.lambda$close$0(RaftServerProxy.java:107)
	at java.util.stream.ForEachOps$ForEachOp$OfRef.accept(ForEachOps.java:184)
	at java.util.stream.ReferencePipeline$3$1.accept(ReferencePipeline.java:193)
	at java.util.concurrent.ConcurrentHashMap$ValueSpliterator.forEachRemaining(ConcurrentHashMap.java:3566)
	at java.util.stream.AbstractPipeline.copyInto(AbstractPipeline.java:482)
	at java.util.stream.ForEachOps$ForEachTask.compute(ForEachOps.java:291)
	at java.util.concurrent.CountedCompleter.exec(CountedCompleter.java:731)
	at java.util.concurrent.ForkJoinTask.doExec(ForkJoinTask.java:289)
	at java.util.concurrent.ForkJoinPool.helpComplete(ForkJoinPool.java:1870)
	at java.util.concurrent.ForkJoinPool.awaitJoin(ForkJoinPool.java:2045)
	at java.util.concurrent.ForkJoinTask.doInvoke(ForkJoinTask.java:404)
	at java.util.concurrent.ForkJoinTask.invoke(ForkJoinTask.java:734)
	at java.util.stream.ForEachOps$ForEachOp.evaluateParallel(ForEachOps.java:160)
	at java.util.stream.ForEachOps$ForEachOp$OfRef.evaluateParallel(ForEachOps.java:174)
	at java.util.stream.AbstractPipeline.evaluate(AbstractPipeline.java:233)
	at java.util.stream.ReferencePipeline.forEach(ReferencePipeline.java:418)
	at org.apache.ratis.server.impl.RaftServerProxy$ImplMap.close(RaftServerProxy.java:107)
	at org.apache.ratis.server.impl.RaftServerProxy.lambda$close$4(RaftServerProxy.java:315)
	at org.apache.ratis.util.LifeCycle.lambda$checkStateAndClose$2(LifeCycle.java:231)
	at org.apache.ratis.util.LifeCycle.checkStateAndClose(LifeCycle.java:251)
	at org.apache.ratis.util.LifeCycle.checkStateAndClose(LifeCycle.java:229)
	at org.apache.ratis.server.impl.RaftServerProxy.close(RaftServerProxy.java:313)
	at org.apache.hadoop.ozone.container.common.transport.server.ratis.XceiverServerRatis.stop(XceiverServerRatis.java:434)
	at org.apache.hadoop.ozone.container.ozoneimpl.OzoneContainer.stop(OzoneContainer.java:201)
	at org.apache.hadoop.ozone.container.common.statemachine.DatanodeStateMachine.close(DatanodeStateMachine.java:270)
	at org.apache.hadoop.ozone.container.common.statemachine.DatanodeStateMachine.stopDaemon(DatanodeStateMachine.java:394)
	at org.apache.hadoop.ozone.HddsDatanodeService.stop(HddsDatanodeService.java:458)
	at org.apache.hadoop.ozone.MiniOzoneClusterImpl.lambda$stop$2(MiniOzoneClusterImpl.java:347)
	at java.util.stream.ForEachOps$ForEachOp$OfRef.accept(ForEachOps.java:184)
	at java.util.ArrayList$ArrayListSpliterator.forEachRemaining(ArrayList.java:1382)
	at java.util.stream.AbstractPipeline.copyInto(AbstractPipeline.java:482)
	at java.util.stream.ForEachOps$ForEachTask.compute(ForEachOps.java:291)
	at java.util.concurrent.CountedCompleter.exec(CountedCompleter.java:731)
	at java.util.concurrent.ForkJoinTask.doExec(ForkJoinTask.java:289)
	at java.util.concurrent.ForkJoinPool$WorkQueue.execLocalTasks(ForkJoinPool.java:1040)
	at java.util.concurrent.ForkJoinPool$WorkQueue.runTask(ForkJoinPool.java:1058)
	at java.util.concurrent.ForkJoinPool.runWorker(ForkJoinPool.java:1692)
	at java.util.concurrent.ForkJoinWorkerThread.run(ForkJoinWorkerThread.java:157)
2019-08-30 07:35:05,172 [a45a7528-2ba0-4bc3-913c-850122b1269f:group-F9B49111EF33:LeaderElection47] INFO  impl.LeaderElection (LeaderElection.java:askForVotes(181)) - a45a7528-2ba0-4bc3-913c-850122b1269f:group-F9B49111EF33:LeaderElection47: begin an election at term 4 for 0: [acc690db-1381-479d-90ad-8aa346d73f29:192.168.5.156:37691, c1f9b5f6-3f1a-4e58-b5c3-6c327452b89e:192.168.5.156:46765, a45a7528-2ba0-4bc3-913c-850122b1269f:192.168.5.156:32945], old=null
2019-08-30 07:35:05,172 [a45a7528-2ba0-4bc3-913c-850122b1269f:group-C640FB00525B:LeaderElection43] INFO  impl.LeaderElection (LeaderElection.java:askForVotes(181)) - a45a7528-2ba0-4bc3-913c-850122b1269f:group-C640FB00525B:LeaderElection43: begin an election at term 4 for 0: [acc690db-1381-479d-90ad-8aa346d73f29:192.168.5.156:37691, c1f9b5f6-3f1a-4e58-b5c3-6c327452b89e:192.168.5.156:46765, a45a7528-2ba0-4bc3-913c-850122b1269f:192.168.5.156:32945], old=null
2019-08-30 07:35:05,172 [a45a7528-2ba0-4bc3-913c-850122b1269f:group-186677E0C462:LeaderElection48] INFO  impl.LeaderElection (LeaderElection.java:askForVotes(181)) - a45a7528-2ba0-4bc3-913c-850122b1269f:group-186677E0C462:LeaderElection48: begin an election at term 4 for 0: [acc690db-1381-479d-90ad-8aa346d73f29:192.168.5.156:37691, c1f9b5f6-3f1a-4e58-b5c3-6c327452b89e:192.168.5.156:46765, a45a7528-2ba0-4bc3-913c-850122b1269f:192.168.5.156:32945], old=null
2019-08-30 07:35:05,172 [a45a7528-2ba0-4bc3-913c-850122b1269f:group-70018C5AE2E4:LeaderElection45] INFO  impl.LeaderElection (LeaderElection.java:askForVotes(181)) - a45a7528-2ba0-4bc3-913c-850122b1269f:group-70018C5AE2E4:LeaderElection45: begin an election at term 4 for 0: [acc690db-1381-479d-90ad-8aa346d73f29:192.168.5.156:37691, c1f9b5f6-3f1a-4e58-b5c3-6c327452b89e:192.168.5.156:46765, a45a7528-2ba0-4bc3-913c-850122b1269f:192.168.5.156:32945], old=null
2019-08-30 07:35:05,175 [f20ba990-a1ec-4251-b44f-b0954e9459c1:group-BC5BBD1BED6A:LeaderElection44] INFO  impl.LeaderElection (LeaderElection.java:run(141)) - f20ba990-a1ec-4251-b44f-b0954e9459c1:group-BC5BBD1BED6A:LeaderElection44: IllegalArgumentException is safely ignored since this is already CLOSING
2019-08-30 07:35:05,177 [a45a7528-2ba0-4bc3-913c-850122b1269f:group-BC5BBD1BED6A:LeaderElection46] INFO  impl.LeaderElection (LogUtils.java:infoOrTrace(149)) - a45a7528-2ba0-4bc3-913c-850122b1269f:group-BC5BBD1BED6A:LeaderElection46 got exception when requesting votes: {}
java.util.concurrent.ExecutionException: org.apache.ratis.thirdparty.io.grpc.StatusRuntimeException: UNAVAILABLE: io exception
	at java.util.concurrent.FutureTask.report(FutureTask.java:122)
	at java.util.concurrent.FutureTask.get(FutureTask.java:192)
	at org.apache.ratis.server.impl.LeaderElection.waitForResults(LeaderElection.java:262)
	at org.apache.ratis.server.impl.LeaderElection.askForVotes(LeaderElection.java:200)
	at org.apache.ratis.server.impl.LeaderElection.run(LeaderElection.java:130)
	at java.lang.Thread.run(Thread.java:748)
Caused by: org.apache.ratis.thirdparty.io.grpc.StatusRuntimeException: UNAVAILABLE: io exception
	at org.apache.ratis.thirdparty.io.grpc.stub.ClientCalls.toStatusRuntimeException(ClientCalls.java:233)
	at org.apache.ratis.thirdparty.io.grpc.stub.ClientCalls.getUnchecked(ClientCalls.java:214)
	at org.apache.ratis.thirdparty.io.grpc.stub.ClientCalls.blockingUnaryCall(ClientCalls.java:139)
	at org.apache.ratis.proto.grpc.RaftServerProtocolServiceGrpc$RaftServerProtocolServiceBlockingStub.requestVote(RaftServerProtocolServiceGrpc.java:265)
	at org.apache.ratis.grpc.server.GrpcServerProtocolClient.requestVote(GrpcServerProtocolClient.java:83)
	at org.apache.ratis.grpc.server.GrpcService.requestVote(GrpcService.java:195)
	at org.apache.ratis.server.impl.LeaderElection.lambda$submitRequests$1(LeaderElection.java:237)
	at java.util.concurrent.FutureTask.run(FutureTask.java:266)
	at java.util.concurrent.Executors$RunnableAdapter.call(Executors.java:511)
	at java.util.concurrent.FutureTask.run(FutureTask.java:266)
	at java.util.concurrent.ThreadPoolExecutor.runWorker(ThreadPoolExecutor.java:1149)
	at java.util.concurrent.ThreadPoolExecutor$Worker.run(ThreadPoolExecutor.java:624)
	... 1 more
Caused by: org.apache.ratis.thirdparty.io.netty.channel.AbstractChannel$AnnotatedConnectException: Connection refused: /192.168.5.156:36913
	at sun.nio.ch.SocketChannelImpl.checkConnect(Native Method)
	at sun.nio.ch.SocketChannelImpl.finishConnect(SocketChannelImpl.java:717)
	at org.apache.ratis.thirdparty.io.netty.channel.socket.nio.NioSocketChannel.doFinishConnect(NioSocketChannel.java:327)
	at org.apache.ratis.thirdparty.io.netty.channel.nio.AbstractNioChannel$AbstractNioUnsafe.finishConnect(AbstractNioChannel.java:340)
	at org.apache.ratis.thirdparty.io.netty.channel.nio.NioEventLoop.processSelectedKey(NioEventLoop.java:632)
	at org.apache.ratis.thirdparty.io.netty.channel.nio.NioEventLoop.processSelectedKeysOptimized(NioEventLoop.java:579)
	at org.apache.ratis.thirdparty.io.netty.channel.nio.NioEventLoop.processSelectedKeys(NioEventLoop.java:496)
	at org.apache.ratis.thirdparty.io.netty.channel.nio.NioEventLoop.run(NioEventLoop.java:458)
	at org.apache.ratis.thirdparty.io.netty.util.concurrent.SingleThreadEventExecutor$5.run(SingleThreadEventExecutor.java:897)
	at org.apache.ratis.thirdparty.io.netty.util.concurrent.FastThreadLocalRunnable.run(FastThreadLocalRunnable.java:30)
	... 1 more
Caused by: java.net.ConnectException: Connection refused
	... 11 more
2019-08-30 07:35:05,177 [a45a7528-2ba0-4bc3-913c-850122b1269f:group-F9B49111EF33:LeaderElection47] INFO  impl.LeaderElection (LogUtils.java:infoOrTrace(149)) - a45a7528-2ba0-4bc3-913c-850122b1269f:group-F9B49111EF33:LeaderElection47 got exception when requesting votes: {}
java.util.concurrent.ExecutionException: org.apache.ratis.thirdparty.io.grpc.StatusRuntimeException: UNAVAILABLE: io exception
	at java.util.concurrent.FutureTask.report(FutureTask.java:122)
	at java.util.concurrent.FutureTask.get(FutureTask.java:192)
	at org.apache.ratis.server.impl.LeaderElection.waitForResults(LeaderElection.java:262)
	at org.apache.ratis.server.impl.LeaderElection.askForVotes(LeaderElection.java:200)
	at org.apache.ratis.server.impl.LeaderElection.run(LeaderElection.java:130)
	at java.lang.Thread.run(Thread.java:748)
Caused by: org.apache.ratis.thirdparty.io.grpc.StatusRuntimeException: UNAVAILABLE: io exception
	at org.apache.ratis.thirdparty.io.grpc.stub.ClientCalls.toStatusRuntimeException(ClientCalls.java:233)
	at org.apache.ratis.thirdparty.io.grpc.stub.ClientCalls.getUnchecked(ClientCalls.java:214)
	at org.apache.ratis.thirdparty.io.grpc.stub.ClientCalls.blockingUnaryCall(ClientCalls.java:139)
	at org.apache.ratis.proto.grpc.RaftServerProtocolServiceGrpc$RaftServerProtocolServiceBlockingStub.requestVote(RaftServerProtocolServiceGrpc.java:265)
	at org.apache.ratis.grpc.server.GrpcServerProtocolClient.requestVote(GrpcServerProtocolClient.java:83)
	at org.apache.ratis.grpc.server.GrpcService.requestVote(GrpcService.java:195)
	at org.apache.ratis.server.impl.LeaderElection.lambda$submitRequests$1(LeaderElection.java:237)
	at java.util.concurrent.FutureTask.run(FutureTask.java:266)
	at java.util.concurrent.Executors$RunnableAdapter.call(Executors.java:511)
	at java.util.concurrent.FutureTask.run(FutureTask.java:266)
	at java.util.concurrent.ThreadPoolExecutor.runWorker(ThreadPoolExecutor.java:1149)
	at java.util.concurrent.ThreadPoolExecutor$Worker.run(ThreadPoolExecutor.java:624)
	... 1 more
Caused by: org.apache.ratis.thirdparty.io.netty.channel.AbstractChannel$AnnotatedConnectException: Connection refused: /192.168.5.156:37691
	at sun.nio.ch.SocketChannelImpl.checkConnect(Native Method)
	at sun.nio.ch.SocketChannelImpl.finishConnect(SocketChannelImpl.java:717)
	at org.apache.ratis.thirdparty.io.netty.channel.socket.nio.NioSocketChannel.doFinishConnect(NioSocketChannel.java:327)
	at org.apache.ratis.thirdparty.io.netty.channel.nio.AbstractNioChannel$AbstractNioUnsafe.finishConnect(AbstractNioChannel.java:340)
	at org.apache.ratis.thirdparty.io.netty.channel.nio.NioEventLoop.processSelectedKey(NioEventLoop.java:632)
	at org.apache.ratis.thirdparty.io.netty.channel.nio.NioEventLoop.processSelectedKeysOptimized(NioEventLoop.java:579)
	at org.apache.ratis.thirdparty.io.netty.channel.nio.NioEventLoop.processSelectedKeys(NioEventLoop.java:496)
	at org.apache.ratis.thirdparty.io.netty.channel.nio.NioEventLoop.run(NioEventLoop.java:458)
	at org.apache.ratis.thirdparty.io.netty.util.concurrent.SingleThreadEventExecutor$5.run(SingleThreadEventExecutor.java:897)
	at org.apache.ratis.thirdparty.io.netty.util.concurrent.FastThreadLocalRunnable.run(FastThreadLocalRunnable.java:30)
	... 1 more
Caused by: java.net.ConnectException: Connection refused
	... 11 more
2019-08-30 07:35:05,177 [a45a7528-2ba0-4bc3-913c-850122b1269f:group-C640FB00525B:LeaderElection43] INFO  impl.LeaderElection (LogUtils.java:infoOrTrace(149)) - a45a7528-2ba0-4bc3-913c-850122b1269f:group-C640FB00525B:LeaderElection43 got exception when requesting votes: {}
java.util.concurrent.ExecutionException: org.apache.ratis.thirdparty.io.grpc.StatusRuntimeException: UNAVAILABLE: io exception
	at java.util.concurrent.FutureTask.report(FutureTask.java:122)
	at java.util.concurrent.FutureTask.get(FutureTask.java:192)
	at org.apache.ratis.server.impl.LeaderElection.waitForResults(LeaderElection.java:262)
	at org.apache.ratis.server.impl.LeaderElection.askForVotes(LeaderElection.java:200)
	at org.apache.ratis.server.impl.LeaderElection.run(LeaderElection.java:130)
	at java.lang.Thread.run(Thread.java:748)
Caused by: org.apache.ratis.thirdparty.io.grpc.StatusRuntimeException: UNAVAILABLE: io exception
	at org.apache.ratis.thirdparty.io.grpc.stub.ClientCalls.toStatusRuntimeException(ClientCalls.java:233)
	at org.apache.ratis.thirdparty.io.grpc.stub.ClientCalls.getUnchecked(ClientCalls.java:214)
	at org.apache.ratis.thirdparty.io.grpc.stub.ClientCalls.blockingUnaryCall(ClientCalls.java:139)
	at org.apache.ratis.proto.grpc.RaftServerProtocolServiceGrpc$RaftServerProtocolServiceBlockingStub.requestVote(RaftServerProtocolServiceGrpc.java:265)
	at org.apache.ratis.grpc.server.GrpcServerProtocolClient.requestVote(GrpcServerProtocolClient.java:83)
	at org.apache.ratis.grpc.server.GrpcService.requestVote(GrpcService.java:195)
	at org.apache.ratis.server.impl.LeaderElection.lambda$submitRequests$1(LeaderElection.java:237)
	at java.util.concurrent.FutureTask.run(FutureTask.java:266)
	at java.util.concurrent.Executors$RunnableAdapter.call(Executors.java:511)
	at java.util.concurrent.FutureTask.run(FutureTask.java:266)
	at java.util.concurrent.ThreadPoolExecutor.runWorker(ThreadPoolExecutor.java:1149)
	at java.util.concurrent.ThreadPoolExecutor$Worker.run(ThreadPoolExecutor.java:624)
	... 1 more
Caused by: org.apache.ratis.thirdparty.io.netty.channel.AbstractChannel$AnnotatedConnectException: Connection refused: /192.168.5.156:37691
	at sun.nio.ch.SocketChannelImpl.checkConnect(Native Method)
	at sun.nio.ch.SocketChannelImpl.finishConnect(SocketChannelImpl.java:717)
	at org.apache.ratis.thirdparty.io.netty.channel.socket.nio.NioSocketChannel.doFinishConnect(NioSocketChannel.java:327)
	at org.apache.ratis.thirdparty.io.netty.channel.nio.AbstractNioChannel$AbstractNioUnsafe.finishConnect(AbstractNioChannel.java:340)
	at org.apache.ratis.thirdparty.io.netty.channel.nio.NioEventLoop.processSelectedKey(NioEventLoop.java:632)
	at org.apache.ratis.thirdparty.io.netty.channel.nio.NioEventLoop.processSelectedKeysOptimized(NioEventLoop.java:579)
	at org.apache.ratis.thirdparty.io.netty.channel.nio.NioEventLoop.processSelectedKeys(NioEventLoop.java:496)
	at org.apache.ratis.thirdparty.io.netty.channel.nio.NioEventLoop.run(NioEventLoop.java:458)
	at org.apache.ratis.thirdparty.io.netty.util.concurrent.SingleThreadEventExecutor$5.run(SingleThreadEventExecutor.java:897)
	at org.apache.ratis.thirdparty.io.netty.util.concurrent.FastThreadLocalRunnable.run(FastThreadLocalRunnable.java:30)
	... 1 more
Caused by: java.net.ConnectException: Connection refused
	... 11 more
2019-08-30 07:35:05,177 [a45a7528-2ba0-4bc3-913c-850122b1269f:group-186677E0C462:LeaderElection48] INFO  impl.LeaderElection (LogUtils.java:infoOrTrace(149)) - a45a7528-2ba0-4bc3-913c-850122b1269f:group-186677E0C462:LeaderElection48 got exception when requesting votes: {}
java.util.concurrent.ExecutionException: org.apache.ratis.thirdparty.io.grpc.StatusRuntimeException: UNAVAILABLE: io exception
	at java.util.concurrent.FutureTask.report(FutureTask.java:122)
	at java.util.concurrent.FutureTask.get(FutureTask.java:192)
	at org.apache.ratis.server.impl.LeaderElection.waitForResults(LeaderElection.java:262)
	at org.apache.ratis.server.impl.LeaderElection.askForVotes(LeaderElection.java:200)
	at org.apache.ratis.server.impl.LeaderElection.run(LeaderElection.java:130)
	at java.lang.Thread.run(Thread.java:748)
Caused by: org.apache.ratis.thirdparty.io.grpc.StatusRuntimeException: UNAVAILABLE: io exception
	at org.apache.ratis.thirdparty.io.grpc.stub.ClientCalls.toStatusRuntimeException(ClientCalls.java:233)
	at org.apache.ratis.thirdparty.io.grpc.stub.ClientCalls.getUnchecked(ClientCalls.java:214)
	at org.apache.ratis.thirdparty.io.grpc.stub.ClientCalls.blockingUnaryCall(ClientCalls.java:139)
	at org.apache.ratis.proto.grpc.RaftServerProtocolServiceGrpc$RaftServerProtocolServiceBlockingStub.requestVote(RaftServerProtocolServiceGrpc.java:265)
	at org.apache.ratis.grpc.server.GrpcServerProtocolClient.requestVote(GrpcServerProtocolClient.java:83)
	at org.apache.ratis.grpc.server.GrpcService.requestVote(GrpcService.java:195)
	at org.apache.ratis.server.impl.LeaderElection.lambda$submitRequests$1(LeaderElection.java:237)
	at java.util.concurrent.FutureTask.run(FutureTask.java:266)
	at java.util.concurrent.Executors$RunnableAdapter.call(Executors.java:511)
	at java.util.concurrent.FutureTask.run(FutureTask.java:266)
	at java.util.concurrent.ThreadPoolExecutor.runWorker(ThreadPoolExecutor.java:1149)
	at java.util.concurrent.ThreadPoolExecutor$Worker.run(ThreadPoolExecutor.java:624)
	... 1 more
Caused by: org.apache.ratis.thirdparty.io.netty.channel.AbstractChannel$AnnotatedConnectException: Connection refused: /192.168.5.156:37691
	at sun.nio.ch.SocketChannelImpl.checkConnect(Native Method)
	at sun.nio.ch.SocketChannelImpl.finishConnect(SocketChannelImpl.java:717)
	at org.apache.ratis.thirdparty.io.netty.channel.socket.nio.NioSocketChannel.doFinishConnect(NioSocketChannel.java:327)
	at org.apache.ratis.thirdparty.io.netty.channel.nio.AbstractNioChannel$AbstractNioUnsafe.finishConnect(AbstractNioChannel.java:340)
	at org.apache.ratis.thirdparty.io.netty.channel.nio.NioEventLoop.processSelectedKey(NioEventLoop.java:632)
	at org.apache.ratis.thirdparty.io.netty.channel.nio.NioEventLoop.processSelectedKeysOptimized(NioEventLoop.java:579)
	at org.apache.ratis.thirdparty.io.netty.channel.nio.NioEventLoop.processSelectedKeys(NioEventLoop.java:496)
	at org.apache.ratis.thirdparty.io.netty.channel.nio.NioEventLoop.run(NioEventLoop.java:458)
	at org.apache.ratis.thirdparty.io.netty.util.concurrent.SingleThreadEventExecutor$5.run(SingleThreadEventExecutor.java:897)
	at org.apache.ratis.thirdparty.io.netty.util.concurrent.FastThreadLocalRunnable.run(FastThreadLocalRunnable.java:30)
	... 1 more
Caused by: java.net.ConnectException: Connection refused
	... 11 more
2019-08-30 07:35:05,177 [a45a7528-2ba0-4bc3-913c-850122b1269f:group-70018C5AE2E4:LeaderElection45] INFO  impl.LeaderElection (LogUtils.java:infoOrTrace(149)) - a45a7528-2ba0-4bc3-913c-850122b1269f:group-70018C5AE2E4:LeaderElection45 got exception when requesting votes: {}
java.util.concurrent.ExecutionException: org.apache.ratis.thirdparty.io.grpc.StatusRuntimeException: UNAVAILABLE: io exception
	at java.util.concurrent.FutureTask.report(FutureTask.java:122)
	at java.util.concurrent.FutureTask.get(FutureTask.java:192)
	at org.apache.ratis.server.impl.LeaderElection.waitForResults(LeaderElection.java:262)
	at org.apache.ratis.server.impl.LeaderElection.askForVotes(LeaderElection.java:200)
	at org.apache.ratis.server.impl.LeaderElection.run(LeaderElection.java:130)
	at java.lang.Thread.run(Thread.java:748)
Caused by: org.apache.ratis.thirdparty.io.grpc.StatusRuntimeException: UNAVAILABLE: io exception
	at org.apache.ratis.thirdparty.io.grpc.stub.ClientCalls.toStatusRuntimeException(ClientCalls.java:233)
	at org.apache.ratis.thirdparty.io.grpc.stub.ClientCalls.getUnchecked(ClientCalls.java:214)
	at org.apache.ratis.thirdparty.io.grpc.stub.ClientCalls.blockingUnaryCall(ClientCalls.java:139)
	at org.apache.ratis.proto.grpc.RaftServerProtocolServiceGrpc$RaftServerProtocolServiceBlockingStub.requestVote(RaftServerProtocolServiceGrpc.java:265)
	at org.apache.ratis.grpc.server.GrpcServerProtocolClient.requestVote(GrpcServerProtocolClient.java:83)
	at org.apache.ratis.grpc.server.GrpcService.requestVote(GrpcService.java:195)
	at org.apache.ratis.server.impl.LeaderElection.lambda$submitRequests$1(LeaderElection.java:237)
	at java.util.concurrent.FutureTask.run(FutureTask.java:266)
	at java.util.concurrent.Executors$RunnableAdapter.call(Executors.java:511)
	at java.util.concurrent.FutureTask.run(FutureTask.java:266)
	at java.util.concurrent.ThreadPoolExecutor.runWorker(ThreadPoolExecutor.java:1149)
	at java.util.concurrent.ThreadPoolExecutor$Worker.run(ThreadPoolExecutor.java:624)
	... 1 more
Caused by: org.apache.ratis.thirdparty.io.netty.channel.AbstractChannel$AnnotatedConnectException: Connection refused: /192.168.5.156:37691
	at sun.nio.ch.SocketChannelImpl.checkConnect(Native Method)
	at sun.nio.ch.SocketChannelImpl.finishConnect(SocketChannelImpl.java:717)
	at org.apache.ratis.thirdparty.io.netty.channel.socket.nio.NioSocketChannel.doFinishConnect(NioSocketChannel.java:327)
	at org.apache.ratis.thirdparty.io.netty.channel.nio.AbstractNioChannel$AbstractNioUnsafe.finishConnect(AbstractNioChannel.java:340)
	at org.apache.ratis.thirdparty.io.netty.channel.nio.NioEventLoop.processSelectedKey(NioEventLoop.java:632)
	at org.apache.ratis.thirdparty.io.netty.channel.nio.NioEventLoop.processSelectedKeysOptimized(NioEventLoop.java:579)
	at org.apache.ratis.thirdparty.io.netty.channel.nio.NioEventLoop.processSelectedKeys(NioEventLoop.java:496)
	at org.apache.ratis.thirdparty.io.netty.channel.nio.NioEventLoop.run(NioEventLoop.java:458)
	at org.apache.ratis.thirdparty.io.netty.util.concurrent.SingleThreadEventExecutor$5.run(SingleThreadEventExecutor.java:897)
	at org.apache.ratis.thirdparty.io.netty.util.concurrent.FastThreadLocalRunnable.run(FastThreadLocalRunnable.java:30)
	... 1 more
Caused by: java.net.ConnectException: Connection refused
	... 11 more
2019-08-30 07:35:05,180 [a45a7528-2ba0-4bc3-913c-850122b1269f:group-186677E0C462:LeaderElection48] INFO  impl.LeaderElection (LogUtils.java:infoOrTrace(149)) - a45a7528-2ba0-4bc3-913c-850122b1269f:group-186677E0C462:LeaderElection48 got exception when requesting votes: {}
java.util.concurrent.ExecutionException: org.apache.ratis.thirdparty.io.grpc.StatusRuntimeException: UNAVAILABLE: io exception
	at java.util.concurrent.FutureTask.report(FutureTask.java:122)
	at java.util.concurrent.FutureTask.get(FutureTask.java:192)
	at org.apache.ratis.server.impl.LeaderElection.waitForResults(LeaderElection.java:262)
	at org.apache.ratis.server.impl.LeaderElection.askForVotes(LeaderElection.java:200)
	at org.apache.ratis.server.impl.LeaderElection.run(LeaderElection.java:130)
	at java.lang.Thread.run(Thread.java:748)
Caused by: org.apache.ratis.thirdparty.io.grpc.StatusRuntimeException: UNAVAILABLE: io exception
	at org.apache.ratis.thirdparty.io.grpc.stub.ClientCalls.toStatusRuntimeException(ClientCalls.java:233)
	at org.apache.ratis.thirdparty.io.grpc.stub.ClientCalls.getUnchecked(ClientCalls.java:214)
	at org.apache.ratis.thirdparty.io.grpc.stub.ClientCalls.blockingUnaryCall(ClientCalls.java:139)
	at org.apache.ratis.proto.grpc.RaftServerProtocolServiceGrpc$RaftServerProtocolServiceBlockingStub.requestVote(RaftServerProtocolServiceGrpc.java:265)
	at org.apache.ratis.grpc.server.GrpcServerProtocolClient.requestVote(GrpcServerProtocolClient.java:83)
	at org.apache.ratis.grpc.server.GrpcService.requestVote(GrpcService.java:195)
	at org.apache.ratis.server.impl.LeaderElection.lambda$submitRequests$1(LeaderElection.java:237)
	at java.util.concurrent.FutureTask.run(FutureTask.java:266)
	at java.util.concurrent.Executors$RunnableAdapter.call(Executors.java:511)
	at java.util.concurrent.FutureTask.run(FutureTask.java:266)
	at java.util.concurrent.ThreadPoolExecutor.runWorker(ThreadPoolExecutor.java:1149)
	at java.util.concurrent.ThreadPoolExecutor$Worker.run(ThreadPoolExecutor.java:624)
	... 1 more
Caused by: org.apache.ratis.thirdparty.io.netty.channel.AbstractChannel$AnnotatedConnectException: Connection refused: /192.168.5.156:46765
	at sun.nio.ch.SocketChannelImpl.checkConnect(Native Method)
	at sun.nio.ch.SocketChannelImpl.finishConnect(SocketChannelImpl.java:717)
	at org.apache.ratis.thirdparty.io.netty.channel.socket.nio.NioSocketChannel.doFinishConnect(NioSocketChannel.java:327)
	at org.apache.ratis.thirdparty.io.netty.channel.nio.AbstractNioChannel$AbstractNioUnsafe.finishConnect(AbstractNioChannel.java:340)
	at org.apache.ratis.thirdparty.io.netty.channel.nio.NioEventLoop.processSelectedKey(NioEventLoop.java:632)
	at org.apache.ratis.thirdparty.io.netty.channel.nio.NioEventLoop.processSelectedKeysOptimized(NioEventLoop.java:579)
	at org.apache.ratis.thirdparty.io.netty.channel.nio.NioEventLoop.processSelectedKeys(NioEventLoop.java:496)
	at org.apache.ratis.thirdparty.io.netty.channel.nio.NioEventLoop.run(NioEventLoop.java:458)
	at org.apache.ratis.thirdparty.io.netty.util.concurrent.SingleThreadEventExecutor$5.run(SingleThreadEventExecutor.java:897)
	at org.apache.ratis.thirdparty.io.netty.util.concurrent.FastThreadLocalRunnable.run(FastThreadLocalRunnable.java:30)
	... 1 more
Caused by: java.net.ConnectException: Connection refused
	... 11 more
2019-08-30 07:35:05,179 [a45a7528-2ba0-4bc3-913c-850122b1269f:group-C640FB00525B:LeaderElection43] INFO  impl.LeaderElection (LogUtils.java:infoOrTrace(149)) - a45a7528-2ba0-4bc3-913c-850122b1269f:group-C640FB00525B:LeaderElection43 got exception when requesting votes: {}
java.util.concurrent.ExecutionException: org.apache.ratis.thirdparty.io.grpc.StatusRuntimeException: UNAVAILABLE: io exception
	at java.util.concurrent.FutureTask.report(FutureTask.java:122)
	at java.util.concurrent.FutureTask.get(FutureTask.java:192)
	at org.apache.ratis.server.impl.LeaderElection.waitForResults(LeaderElection.java:262)
	at org.apache.ratis.server.impl.LeaderElection.askForVotes(LeaderElection.java:200)
	at org.apache.ratis.server.impl.LeaderElection.run(LeaderElection.java:130)
	at java.lang.Thread.run(Thread.java:748)
Caused by: org.apache.ratis.thirdparty.io.grpc.StatusRuntimeException: UNAVAILABLE: io exception
	at org.apache.ratis.thirdparty.io.grpc.stub.ClientCalls.toStatusRuntimeException(ClientCalls.java:233)
	at org.apache.ratis.thirdparty.io.grpc.stub.ClientCalls.getUnchecked(ClientCalls.java:214)
	at org.apache.ratis.thirdparty.io.grpc.stub.ClientCalls.blockingUnaryCall(ClientCalls.java:139)
	at org.apache.ratis.proto.grpc.RaftServerProtocolServiceGrpc$RaftServerProtocolServiceBlockingStub.requestVote(RaftServerProtocolServiceGrpc.java:265)
	at org.apache.ratis.grpc.server.GrpcServerProtocolClient.requestVote(GrpcServerProtocolClient.java:83)
	at org.apache.ratis.grpc.server.GrpcService.requestVote(GrpcService.java:195)
	at org.apache.ratis.server.impl.LeaderElection.lambda$submitRequests$1(LeaderElection.java:237)
	at java.util.concurrent.FutureTask.run(FutureTask.java:266)
	at java.util.concurrent.Executors$RunnableAdapter.call(Executors.java:511)
	at java.util.concurrent.FutureTask.run(FutureTask.java:266)
	at java.util.concurrent.ThreadPoolExecutor.runWorker(ThreadPoolExecutor.java:1149)
	at java.util.concurrent.ThreadPoolExecutor$Worker.run(ThreadPoolExecutor.java:624)
	... 1 more
Caused by: org.apache.ratis.thirdparty.io.netty.channel.AbstractChannel$AnnotatedConnectException: Connection refused: /192.168.5.156:46765
	at sun.nio.ch.SocketChannelImpl.checkConnect(Native Method)
	at sun.nio.ch.SocketChannelImpl.finishConnect(SocketChannelImpl.java:717)
	at org.apache.ratis.thirdparty.io.netty.channel.socket.nio.NioSocketChannel.doFinishConnect(NioSocketChannel.java:327)
	at org.apache.ratis.thirdparty.io.netty.channel.nio.AbstractNioChannel$AbstractNioUnsafe.finishConnect(AbstractNioChannel.java:340)
	at org.apache.ratis.thirdparty.io.netty.channel.nio.NioEventLoop.processSelectedKey(NioEventLoop.java:632)
	at org.apache.ratis.thirdparty.io.netty.channel.nio.NioEventLoop.processSelectedKeysOptimized(NioEventLoop.java:579)
	at org.apache.ratis.thirdparty.io.netty.channel.nio.NioEventLoop.processSelectedKeys(NioEventLoop.java:496)
	at org.apache.ratis.thirdparty.io.netty.channel.nio.NioEventLoop.run(NioEventLoop.java:458)
	at org.apache.ratis.thirdparty.io.netty.util.concurrent.SingleThreadEventExecutor$5.run(SingleThreadEventExecutor.java:897)
	at org.apache.ratis.thirdparty.io.netty.util.concurrent.FastThreadLocalRunnable.run(FastThreadLocalRunnable.java:30)
	... 1 more
Caused by: java.net.ConnectException: Connection refused
	... 11 more
2019-08-30 07:35:05,178 [a45a7528-2ba0-4bc3-913c-850122b1269f:group-F9B49111EF33:LeaderElection47] INFO  impl.LeaderElection (LogUtils.java:infoOrTrace(149)) - a45a7528-2ba0-4bc3-913c-850122b1269f:group-F9B49111EF33:LeaderElection47 got exception when requesting votes: {}
java.util.concurrent.ExecutionException: org.apache.ratis.thirdparty.io.grpc.StatusRuntimeException: UNAVAILABLE: io exception
	at java.util.concurrent.FutureTask.report(FutureTask.java:122)
	at java.util.concurrent.FutureTask.get(FutureTask.java:192)
	at org.apache.ratis.server.impl.LeaderElection.waitForResults(LeaderElection.java:262)
	at org.apache.ratis.server.impl.LeaderElection.askForVotes(LeaderElection.java:200)
	at org.apache.ratis.server.impl.LeaderElection.run(LeaderElection.java:130)
	at java.lang.Thread.run(Thread.java:748)
Caused by: org.apache.ratis.thirdparty.io.grpc.StatusRuntimeException: UNAVAILABLE: io exception
	at org.apache.ratis.thirdparty.io.grpc.stub.ClientCalls.toStatusRuntimeException(ClientCalls.java:233)
	at org.apache.ratis.thirdparty.io.grpc.stub.ClientCalls.getUnchecked(ClientCalls.java:214)
	at org.apache.ratis.thirdparty.io.grpc.stub.ClientCalls.blockingUnaryCall(ClientCalls.java:139)
	at org.apache.ratis.proto.grpc.RaftServerProtocolServiceGrpc$RaftServerProtocolServiceBlockingStub.requestVote(RaftServerProtocolServiceGrpc.java:265)
	at org.apache.ratis.grpc.server.GrpcServerProtocolClient.requestVote(GrpcServerProtocolClient.java:83)
	at org.apache.ratis.grpc.server.GrpcService.requestVote(GrpcService.java:195)
	at org.apache.ratis.server.impl.LeaderElection.lambda$submitRequests$1(LeaderElection.java:237)
	at java.util.concurrent.FutureTask.run(FutureTask.java:266)
	at java.util.concurrent.Executors$RunnableAdapter.call(Executors.java:511)
	at java.util.concurrent.FutureTask.run(FutureTask.java:266)
	at java.util.concurrent.ThreadPoolExecutor.runWorker(ThreadPoolExecutor.java:1149)
	at java.util.concurrent.ThreadPoolExecutor$Worker.run(ThreadPoolExecutor.java:624)
	... 1 more
Caused by: org.apache.ratis.thirdparty.io.netty.channel.AbstractChannel$AnnotatedConnectException: Connection refused: /192.168.5.156:46765
	at sun.nio.ch.SocketChannelImpl.checkConnect(Native Method)
	at sun.nio.ch.SocketChannelImpl.finishConnect(SocketChannelImpl.java:717)
	at org.apache.ratis.thirdparty.io.netty.channel.socket.nio.NioSocketChannel.doFinishConnect(NioSocketChannel.java:327)
	at org.apache.ratis.thirdparty.io.netty.channel.nio.AbstractNioChannel$AbstractNioUnsafe.finishConnect(AbstractNioChannel.java:340)
	at org.apache.ratis.thirdparty.io.netty.channel.nio.NioEventLoop.processSelectedKey(NioEventLoop.java:632)
	at org.apache.ratis.thirdparty.io.netty.channel.nio.NioEventLoop.processSelectedKeysOptimized(NioEventLoop.java:579)
	at org.apache.ratis.thirdparty.io.netty.channel.nio.NioEventLoop.processSelectedKeys(NioEventLoop.java:496)
	at org.apache.ratis.thirdparty.io.netty.channel.nio.NioEventLoop.run(NioEventLoop.java:458)
	at org.apache.ratis.thirdparty.io.netty.util.concurrent.SingleThreadEventExecutor$5.run(SingleThreadEventExecutor.java:897)
	at org.apache.ratis.thirdparty.io.netty.util.concurrent.FastThreadLocalRunnable.run(FastThreadLocalRunnable.java:30)
	... 1 more
Caused by: java.net.ConnectException: Connection refused
	... 11 more
2019-08-30 07:35:05,177 [a45a7528-2ba0-4bc3-913c-850122b1269f:group-BC5BBD1BED6A:LeaderElection46] INFO  impl.LeaderElection (LogUtils.java:infoOrTrace(149)) - a45a7528-2ba0-4bc3-913c-850122b1269f:group-BC5BBD1BED6A:LeaderElection46 got exception when requesting votes: {}
java.util.concurrent.ExecutionException: org.apache.ratis.thirdparty.io.grpc.StatusRuntimeException: UNAVAILABLE: io exception
	at java.util.concurrent.FutureTask.report(FutureTask.java:122)
	at java.util.concurrent.FutureTask.get(FutureTask.java:192)
	at org.apache.ratis.server.impl.LeaderElection.waitForResults(LeaderElection.java:262)
	at org.apache.ratis.server.impl.LeaderElection.askForVotes(LeaderElection.java:200)
	at org.apache.ratis.server.impl.LeaderElection.run(LeaderElection.java:130)
	at java.lang.Thread.run(Thread.java:748)
Caused by: org.apache.ratis.thirdparty.io.grpc.StatusRuntimeException: UNAVAILABLE: io exception
	at org.apache.ratis.thirdparty.io.grpc.stub.ClientCalls.toStatusRuntimeException(ClientCalls.java:233)
	at org.apache.ratis.thirdparty.io.grpc.stub.ClientCalls.getUnchecked(ClientCalls.java:214)
	at org.apache.ratis.thirdparty.io.grpc.stub.ClientCalls.blockingUnaryCall(ClientCalls.java:139)
	at org.apache.ratis.proto.grpc.RaftServerProtocolServiceGrpc$RaftServerProtocolServiceBlockingStub.requestVote(RaftServerProtocolServiceGrpc.java:265)
	at org.apache.ratis.grpc.server.GrpcServerProtocolClient.requestVote(GrpcServerProtocolClient.java:83)
	at org.apache.ratis.grpc.server.GrpcService.requestVote(GrpcService.java:195)
	at org.apache.ratis.server.impl.LeaderElection.lambda$submitRequests$1(LeaderElection.java:237)
	at java.util.concurrent.FutureTask.run(FutureTask.java:266)
	at java.util.concurrent.Executors$RunnableAdapter.call(Executors.java:511)
	at java.util.concurrent.FutureTask.run(FutureTask.java:266)
	at java.util.concurrent.ThreadPoolExecutor.runWorker(ThreadPoolExecutor.java:1149)
	at java.util.concurrent.ThreadPoolExecutor$Worker.run(ThreadPoolExecutor.java:624)
	... 1 more
Caused by: org.apache.ratis.thirdparty.io.netty.channel.AbstractChannel$AnnotatedConnectException: Connection refused: /192.168.5.156:37691
	at sun.nio.ch.SocketChannelImpl.checkConnect(Native Method)
	at sun.nio.ch.SocketChannelImpl.finishConnect(SocketChannelImpl.java:717)
	at org.apache.ratis.thirdparty.io.netty.channel.socket.nio.NioSocketChannel.doFinishConnect(NioSocketChannel.java:327)
	at org.apache.ratis.thirdparty.io.netty.channel.nio.AbstractNioChannel$AbstractNioUnsafe.finishConnect(AbstractNioChannel.java:340)
	at org.apache.ratis.thirdparty.io.netty.channel.nio.NioEventLoop.processSelectedKey(NioEventLoop.java:632)
	at org.apache.ratis.thirdparty.io.netty.channel.nio.NioEventLoop.processSelectedKeysOptimized(NioEventLoop.java:579)
	at org.apache.ratis.thirdparty.io.netty.channel.nio.NioEventLoop.processSelectedKeys(NioEventLoop.java:496)
	at org.apache.ratis.thirdparty.io.netty.channel.nio.NioEventLoop.run(NioEventLoop.java:458)
	at org.apache.ratis.thirdparty.io.netty.util.concurrent.SingleThreadEventExecutor$5.run(SingleThreadEventExecutor.java:897)
	at org.apache.ratis.thirdparty.io.netty.util.concurrent.FastThreadLocalRunnable.run(FastThreadLocalRunnable.java:30)
	... 1 more
Caused by: java.net.ConnectException: Connection refused
	... 11 more
2019-08-30 07:35:05,183 [a45a7528-2ba0-4bc3-913c-850122b1269f:group-F9B49111EF33:LeaderElection47] INFO  impl.LeaderElection (LeaderElection.java:logAndReturn(56)) - a45a7528-2ba0-4bc3-913c-850122b1269f:group-F9B49111EF33:LeaderElection47: Election REJECTED; received 0 response(s) [] and 2 exception(s); a45a7528-2ba0-4bc3-913c-850122b1269f:t4, leader=null, voted=a45a7528-2ba0-4bc3-913c-850122b1269f, raftlog=a45a7528-2ba0-4bc3-913c-850122b1269f-SegmentedRaftLog:OPENED:c0,f0,i0, conf=0: [acc690db-1381-479d-90ad-8aa346d73f29:192.168.5.156:37691, c1f9b5f6-3f1a-4e58-b5c3-6c327452b89e:192.168.5.156:46765, a45a7528-2ba0-4bc3-913c-850122b1269f:192.168.5.156:32945], old=null
2019-08-30 07:35:05,182 [a45a7528-2ba0-4bc3-913c-850122b1269f:group-C640FB00525B:LeaderElection43] INFO  impl.LeaderElection (LeaderElection.java:logAndReturn(56)) - a45a7528-2ba0-4bc3-913c-850122b1269f:group-C640FB00525B:LeaderElection43: Election REJECTED; received 0 response(s) [] and 2 exception(s); a45a7528-2ba0-4bc3-913c-850122b1269f:t4, leader=null, voted=a45a7528-2ba0-4bc3-913c-850122b1269f, raftlog=a45a7528-2ba0-4bc3-913c-850122b1269f-SegmentedRaftLog:OPENED:c0,f0,i0, conf=0: [acc690db-1381-479d-90ad-8aa346d73f29:192.168.5.156:37691, c1f9b5f6-3f1a-4e58-b5c3-6c327452b89e:192.168.5.156:46765, a45a7528-2ba0-4bc3-913c-850122b1269f:192.168.5.156:32945], old=null
2019-08-30 07:35:05,181 [a45a7528-2ba0-4bc3-913c-850122b1269f:group-186677E0C462:LeaderElection48] INFO  impl.LeaderElection (LeaderElection.java:logAndReturn(56)) - a45a7528-2ba0-4bc3-913c-850122b1269f:group-186677E0C462:LeaderElection48: Election REJECTED; received 0 response(s) [] and 2 exception(s); a45a7528-2ba0-4bc3-913c-850122b1269f:t4, leader=null, voted=a45a7528-2ba0-4bc3-913c-850122b1269f, raftlog=a45a7528-2ba0-4bc3-913c-850122b1269f-SegmentedRaftLog:OPENED:c0,f0,i0, conf=0: [acc690db-1381-479d-90ad-8aa346d73f29:192.168.5.156:37691, c1f9b5f6-3f1a-4e58-b5c3-6c327452b89e:192.168.5.156:46765, a45a7528-2ba0-4bc3-913c-850122b1269f:192.168.5.156:32945], old=null
2019-08-30 07:35:05,180 [a45a7528-2ba0-4bc3-913c-850122b1269f:group-70018C5AE2E4:LeaderElection45] INFO  impl.LeaderElection (LogUtils.java:infoOrTrace(149)) - a45a7528-2ba0-4bc3-913c-850122b1269f:group-70018C5AE2E4:LeaderElection45 got exception when requesting votes: {}
java.util.concurrent.ExecutionException: org.apache.ratis.thirdparty.io.grpc.StatusRuntimeException: UNAVAILABLE: io exception
	at java.util.concurrent.FutureTask.report(FutureTask.java:122)
	at java.util.concurrent.FutureTask.get(FutureTask.java:192)
	at org.apache.ratis.server.impl.LeaderElection.waitForResults(LeaderElection.java:262)
	at org.apache.ratis.server.impl.LeaderElection.askForVotes(LeaderElection.java:200)
	at org.apache.ratis.server.impl.LeaderElection.run(LeaderElection.java:130)
	at java.lang.Thread.run(Thread.java:748)
Caused by: org.apache.ratis.thirdparty.io.grpc.StatusRuntimeException: UNAVAILABLE: io exception
	at org.apache.ratis.thirdparty.io.grpc.stub.ClientCalls.toStatusRuntimeException(ClientCalls.java:233)
	at org.apache.ratis.thirdparty.io.grpc.stub.ClientCalls.getUnchecked(ClientCalls.java:214)
	at org.apache.ratis.thirdparty.io.grpc.stub.ClientCalls.blockingUnaryCall(ClientCalls.java:139)
	at org.apache.ratis.proto.grpc.RaftServerProtocolServiceGrpc$RaftServerProtocolServiceBlockingStub.requestVote(RaftServerProtocolServiceGrpc.java:265)
	at org.apache.ratis.grpc.server.GrpcServerProtocolClient.requestVote(GrpcServerProtocolClient.java:83)
	at org.apache.ratis.grpc.server.GrpcService.requestVote(GrpcService.java:195)
	at org.apache.ratis.server.impl.LeaderElection.lambda$submitRequests$1(LeaderElection.java:237)
	at java.util.concurrent.FutureTask.run(FutureTask.java:266)
	at java.util.concurrent.Executors$RunnableAdapter.call(Executors.java:511)
	at java.util.concurrent.FutureTask.run(FutureTask.java:266)
	at java.util.concurrent.ThreadPoolExecutor.runWorker(ThreadPoolExecutor.java:1149)
	at java.util.concurrent.ThreadPoolExecutor$Worker.run(ThreadPoolExecutor.java:624)
	... 1 more
Caused by: org.apache.ratis.thirdparty.io.netty.channel.AbstractChannel$AnnotatedConnectException: Connection refused: /192.168.5.156:46765
	at sun.nio.ch.SocketChannelImpl.checkConnect(Native Method)
	at sun.nio.ch.SocketChannelImpl.finishConnect(SocketChannelImpl.java:717)
	at org.apache.ratis.thirdparty.io.netty.channel.socket.nio.NioSocketChannel.doFinishConnect(NioSocketChannel.java:327)
	at org.apache.ratis.thirdparty.io.netty.channel.nio.AbstractNioChannel$AbstractNioUnsafe.finishConnect(AbstractNioChannel.java:340)
	at org.apache.ratis.thirdparty.io.netty.channel.nio.NioEventLoop.processSelectedKey(NioEventLoop.java:632)
	at org.apache.ratis.thirdparty.io.netty.channel.nio.NioEventLoop.processSelectedKeysOptimized(NioEventLoop.java:579)
	at org.apache.ratis.thirdparty.io.netty.channel.nio.NioEventLoop.processSelectedKeys(NioEventLoop.java:496)
	at org.apache.ratis.thirdparty.io.netty.channel.nio.NioEventLoop.run(NioEventLoop.java:458)
	at org.apache.ratis.thirdparty.io.netty.util.concurrent.SingleThreadEventExecutor$5.run(SingleThreadEventExecutor.java:897)
	at org.apache.ratis.thirdparty.io.netty.util.concurrent.FastThreadLocalRunnable.run(FastThreadLocalRunnable.java:30)
	... 1 more
Caused by: java.net.ConnectException: Connection refused
	... 11 more
2019-08-30 07:35:05,184 [a45a7528-2ba0-4bc3-913c-850122b1269f:group-186677E0C462:LeaderElection48] INFO  impl.LeaderElection (LogUtils.java:infoOrTrace(149)) -   Exception 0: {}
java.util.concurrent.ExecutionException: org.apache.ratis.thirdparty.io.grpc.StatusRuntimeException: UNAVAILABLE: io exception
	at java.util.concurrent.FutureTask.report(FutureTask.java:122)
	at java.util.concurrent.FutureTask.get(FutureTask.java:192)
	at org.apache.ratis.server.impl.LeaderElection.waitForResults(LeaderElection.java:262)
	at org.apache.ratis.server.impl.LeaderElection.askForVotes(LeaderElection.java:200)
	at org.apache.ratis.server.impl.LeaderElection.run(LeaderElection.java:130)
	at java.lang.Thread.run(Thread.java:748)
Caused by: org.apache.ratis.thirdparty.io.grpc.StatusRuntimeException: UNAVAILABLE: io exception
	at org.apache.ratis.thirdparty.io.grpc.stub.ClientCalls.toStatusRuntimeException(ClientCalls.java:233)
	at org.apache.ratis.thirdparty.io.grpc.stub.ClientCalls.getUnchecked(ClientCalls.java:214)
	at org.apache.ratis.thirdparty.io.grpc.stub.ClientCalls.blockingUnaryCall(ClientCalls.java:139)
	at org.apache.ratis.proto.grpc.RaftServerProtocolServiceGrpc$RaftServerProtocolServiceBlockingStub.requestVote(RaftServerProtocolServiceGrpc.java:265)
	at org.apache.ratis.grpc.server.GrpcServerProtocolClient.requestVote(GrpcServerProtocolClient.java:83)
	at org.apache.ratis.grpc.server.GrpcService.requestVote(GrpcService.java:195)
	at org.apache.ratis.server.impl.LeaderElection.lambda$submitRequests$1(LeaderElection.java:237)
	at java.util.concurrent.FutureTask.run(FutureTask.java:266)
	at java.util.concurrent.Executors$RunnableAdapter.call(Executors.java:511)
	at java.util.concurrent.FutureTask.run(FutureTask.java:266)
	at java.util.concurrent.ThreadPoolExecutor.runWorker(ThreadPoolExecutor.java:1149)
	at java.util.concurrent.ThreadPoolExecutor$Worker.run(ThreadPoolExecutor.java:624)
	... 1 more
Caused by: org.apache.ratis.thirdparty.io.netty.channel.AbstractChannel$AnnotatedConnectException: Connection refused: /192.168.5.156:37691
	at sun.nio.ch.SocketChannelImpl.checkConnect(Native Method)
	at sun.nio.ch.SocketChannelImpl.finishConnect(SocketChannelImpl.java:717)
	at org.apache.ratis.thirdparty.io.netty.channel.socket.nio.NioSocketChannel.doFinishConnect(NioSocketChannel.java:327)
	at org.apache.ratis.thirdparty.io.netty.channel.nio.AbstractNioChannel$AbstractNioUnsafe.finishConnect(AbstractNioChannel.java:340)
	at org.apache.ratis.thirdparty.io.netty.channel.nio.NioEventLoop.processSelectedKey(NioEventLoop.java:632)
	at org.apache.ratis.thirdparty.io.netty.channel.nio.NioEventLoop.processSelectedKeysOptimized(NioEventLoop.java:579)
	at org.apache.ratis.thirdparty.io.netty.channel.nio.NioEventLoop.processSelectedKeys(NioEventLoop.java:496)
	at org.apache.ratis.thirdparty.io.netty.channel.nio.NioEventLoop.run(NioEventLoop.java:458)
	at org.apache.ratis.thirdparty.io.netty.util.concurrent.SingleThreadEventExecutor$5.run(SingleThreadEventExecutor.java:897)
	at org.apache.ratis.thirdparty.io.netty.util.concurrent.FastThreadLocalRunnable.run(FastThreadLocalRunnable.java:30)
	... 1 more
Caused by: java.net.ConnectException: Connection refused
	... 11 more
2019-08-30 07:35:05,184 [a45a7528-2ba0-4bc3-913c-850122b1269f:group-186677E0C462:LeaderElection48] INFO  impl.LeaderElection (LogUtils.java:infoOrTrace(149)) -   Exception 1: {}
java.util.concurrent.ExecutionException: org.apache.ratis.thirdparty.io.grpc.StatusRuntimeException: UNAVAILABLE: io exception
	at java.util.concurrent.FutureTask.report(FutureTask.java:122)
	at java.util.concurrent.FutureTask.get(FutureTask.java:192)
	at org.apache.ratis.server.impl.LeaderElection.waitForResults(LeaderElection.java:262)
	at org.apache.ratis.server.impl.LeaderElection.askForVotes(LeaderElection.java:200)
	at org.apache.ratis.server.impl.LeaderElection.run(LeaderElection.java:130)
	at java.lang.Thread.run(Thread.java:748)
Caused by: org.apache.ratis.thirdparty.io.grpc.StatusRuntimeException: UNAVAILABLE: io exception
	at org.apache.ratis.thirdparty.io.grpc.stub.ClientCalls.toStatusRuntimeException(ClientCalls.java:233)
	at org.apache.ratis.thirdparty.io.grpc.stub.ClientCalls.getUnchecked(ClientCalls.java:214)
	at org.apache.ratis.thirdparty.io.grpc.stub.ClientCalls.blockingUnaryCall(ClientCalls.java:139)
	at org.apache.ratis.proto.grpc.RaftServerProtocolServiceGrpc$RaftServerProtocolServiceBlockingStub.requestVote(RaftServerProtocolServiceGrpc.java:265)
	at org.apache.ratis.grpc.server.GrpcServerProtocolClient.requestVote(GrpcServerProtocolClient.java:83)
	at org.apache.ratis.grpc.server.GrpcService.requestVote(GrpcService.java:195)
	at org.apache.ratis.server.impl.LeaderElection.lambda$submitRequests$1(LeaderElection.java:237)
	at java.util.concurrent.FutureTask.run(FutureTask.java:266)
	at java.util.concurrent.Executors$RunnableAdapter.call(Executors.java:511)
	at java.util.concurrent.FutureTask.run(FutureTask.java:266)
	at java.util.concurrent.ThreadPoolExecutor.runWorker(ThreadPoolExecutor.java:1149)
	at java.util.concurrent.ThreadPoolExecutor$Worker.run(ThreadPoolExecutor.java:624)
	... 1 more
Caused by: org.apache.ratis.thirdparty.io.netty.channel.AbstractChannel$AnnotatedConnectException: Connection refused: /192.168.5.156:46765
	at sun.nio.ch.SocketChannelImpl.checkConnect(Native Method)
	at sun.nio.ch.SocketChannelImpl.finishConnect(SocketChannelImpl.java:717)
	at org.apache.ratis.thirdparty.io.netty.channel.socket.nio.NioSocketChannel.doFinishConnect(NioSocketChannel.java:327)
	at org.apache.ratis.thirdparty.io.netty.channel.nio.AbstractNioChannel$AbstractNioUnsafe.finishConnect(AbstractNioChannel.java:340)
	at org.apache.ratis.thirdparty.io.netty.channel.nio.NioEventLoop.processSelectedKey(NioEventLoop.java:632)
	at org.apache.ratis.thirdparty.io.netty.channel.nio.NioEventLoop.processSelectedKeysOptimized(NioEventLoop.java:579)
	at org.apache.ratis.thirdparty.io.netty.channel.nio.NioEventLoop.processSelectedKeys(NioEventLoop.java:496)
	at org.apache.ratis.thirdparty.io.netty.channel.nio.NioEventLoop.run(NioEventLoop.java:458)
	at org.apache.ratis.thirdparty.io.netty.util.concurrent.SingleThreadEventExecutor$5.run(SingleThreadEventExecutor.java:897)
	at org.apache.ratis.thirdparty.io.netty.util.concurrent.FastThreadLocalRunnable.run(FastThreadLocalRunnable.java:30)
	... 1 more
Caused by: java.net.ConnectException: Connection refused
	... 11 more
2019-08-30 07:35:05,183 [a45a7528-2ba0-4bc3-913c-850122b1269f:group-C640FB00525B:LeaderElection43] INFO  impl.LeaderElection (LogUtils.java:infoOrTrace(149)) -   Exception 0: {}
java.util.concurrent.ExecutionException: org.apache.ratis.thirdparty.io.grpc.StatusRuntimeException: UNAVAILABLE: io exception
	at java.util.concurrent.FutureTask.report(FutureTask.java:122)
	at java.util.concurrent.FutureTask.get(FutureTask.java:192)
	at org.apache.ratis.server.impl.LeaderElection.waitForResults(LeaderElection.java:262)
	at org.apache.ratis.server.impl.LeaderElection.askForVotes(LeaderElection.java:200)
	at org.apache.ratis.server.impl.LeaderElection.run(LeaderElection.java:130)
	at java.lang.Thread.run(Thread.java:748)
Caused by: org.apache.ratis.thirdparty.io.grpc.StatusRuntimeException: UNAVAILABLE: io exception
	at org.apache.ratis.thirdparty.io.grpc.stub.ClientCalls.toStatusRuntimeException(ClientCalls.java:233)
	at org.apache.ratis.thirdparty.io.grpc.stub.ClientCalls.getUnchecked(ClientCalls.java:214)
	at org.apache.ratis.thirdparty.io.grpc.stub.ClientCalls.blockingUnaryCall(ClientCalls.java:139)
	at org.apache.ratis.proto.grpc.RaftServerProtocolServiceGrpc$RaftServerProtocolServiceBlockingStub.requestVote(RaftServerProtocolServiceGrpc.java:265)
	at org.apache.ratis.grpc.server.GrpcServerProtocolClient.requestVote(GrpcServerProtocolClient.java:83)
	at org.apache.ratis.grpc.server.GrpcService.requestVote(GrpcService.java:195)
	at org.apache.ratis.server.impl.LeaderElection.lambda$submitRequests$1(LeaderElection.java:237)
	at java.util.concurrent.FutureTask.run(FutureTask.java:266)
	at java.util.concurrent.Executors$RunnableAdapter.call(Executors.java:511)
	at java.util.concurrent.FutureTask.run(FutureTask.java:266)
	at java.util.concurrent.ThreadPoolExecutor.runWorker(ThreadPoolExecutor.java:1149)
	at java.util.concurrent.ThreadPoolExecutor$Worker.run(ThreadPoolExecutor.java:624)
	... 1 more
Caused by: org.apache.ratis.thirdparty.io.netty.channel.AbstractChannel$AnnotatedConnectException: Connection refused: /192.168.5.156:37691
	at sun.nio.ch.SocketChannelImpl.checkConnect(Native Method)
	at sun.nio.ch.SocketChannelImpl.finishConnect(SocketChannelImpl.java:717)
	at org.apache.ratis.thirdparty.io.netty.channel.socket.nio.NioSocketChannel.doFinishConnect(NioSocketChannel.java:327)
	at org.apache.ratis.thirdparty.io.netty.channel.nio.AbstractNioChannel$AbstractNioUnsafe.finishConnect(AbstractNioChannel.java:340)
	at org.apache.ratis.thirdparty.io.netty.channel.nio.NioEventLoop.processSelectedKey(NioEventLoop.java:632)
	at org.apache.ratis.thirdparty.io.netty.channel.nio.NioEventLoop.processSelectedKeysOptimized(NioEventLoop.java:579)
	at org.apache.ratis.thirdparty.io.netty.channel.nio.NioEventLoop.processSelectedKeys(NioEventLoop.java:496)
	at org.apache.ratis.thirdparty.io.netty.channel.nio.NioEventLoop.run(NioEventLoop.java:458)
	at org.apache.ratis.thirdparty.io.netty.util.concurrent.SingleThreadEventExecutor$5.run(SingleThreadEventExecutor.java:897)
	at org.apache.ratis.thirdparty.io.netty.util.concurrent.FastThreadLocalRunnable.run(FastThreadLocalRunnable.java:30)
	... 1 more
Caused by: java.net.ConnectException: Connection refused
	... 11 more
2019-08-30 07:35:05,183 [a45a7528-2ba0-4bc3-913c-850122b1269f:group-F9B49111EF33:LeaderElection47] INFO  impl.LeaderElection (LogUtils.java:infoOrTrace(149)) -   Exception 0: {}
java.util.concurrent.ExecutionException: org.apache.ratis.thirdparty.io.grpc.StatusRuntimeException: UNAVAILABLE: io exception
	at java.util.concurrent.FutureTask.report(FutureTask.java:122)
	at java.util.concurrent.FutureTask.get(FutureTask.java:192)
	at org.apache.ratis.server.impl.LeaderElection.waitForResults(LeaderElection.java:262)
	at org.apache.ratis.server.impl.LeaderElection.askForVotes(LeaderElection.java:200)
	at org.apache.ratis.server.impl.LeaderElection.run(LeaderElection.java:130)
	at java.lang.Thread.run(Thread.java:748)
Caused by: org.apache.ratis.thirdparty.io.grpc.StatusRuntimeException: UNAVAILABLE: io exception
	at org.apache.ratis.thirdparty.io.grpc.stub.ClientCalls.toStatusRuntimeException(ClientCalls.java:233)
	at org.apache.ratis.thirdparty.io.grpc.stub.ClientCalls.getUnchecked(ClientCalls.java:214)
	at org.apache.ratis.thirdparty.io.grpc.stub.ClientCalls.blockingUnaryCall(ClientCalls.java:139)
	at org.apache.ratis.proto.grpc.RaftServerProtocolServiceGrpc$RaftServerProtocolServiceBlockingStub.requestVote(RaftServerProtocolServiceGrpc.java:265)
	at org.apache.ratis.grpc.server.GrpcServerProtocolClient.requestVote(GrpcServerProtocolClient.java:83)
	at org.apache.ratis.grpc.server.GrpcService.requestVote(GrpcService.java:195)
	at org.apache.ratis.server.impl.LeaderElection.lambda$submitRequests$1(LeaderElection.java:237)
	at java.util.concurrent.FutureTask.run(FutureTask.java:266)
	at java.util.concurrent.Executors$RunnableAdapter.call(Executors.java:511)
	at java.util.concurrent.FutureTask.run(FutureTask.java:266)
	at java.util.concurrent.ThreadPoolExecutor.runWorker(ThreadPoolExecutor.java:1149)
	at java.util.concurrent.ThreadPoolExecutor$Worker.run(ThreadPoolExecutor.java:624)
	... 1 more
Caused by: org.apache.ratis.thirdparty.io.netty.channel.AbstractChannel$AnnotatedConnectException: Connection refused: /192.168.5.156:37691
	at sun.nio.ch.SocketChannelImpl.checkConnect(Native Method)
	at sun.nio.ch.SocketChannelImpl.finishConnect(SocketChannelImpl.java:717)
	at org.apache.ratis.thirdparty.io.netty.channel.socket.nio.NioSocketChannel.doFinishConnect(NioSocketChannel.java:327)
	at org.apache.ratis.thirdparty.io.netty.channel.nio.AbstractNioChannel$AbstractNioUnsafe.finishConnect(AbstractNioChannel.java:340)
	at org.apache.ratis.thirdparty.io.netty.channel.nio.NioEventLoop.processSelectedKey(NioEventLoop.java:632)
	at org.apache.ratis.thirdparty.io.netty.channel.nio.NioEventLoop.processSelectedKeysOptimized(NioEventLoop.java:579)
	at org.apache.ratis.thirdparty.io.netty.channel.nio.NioEventLoop.processSelectedKeys(NioEventLoop.java:496)
	at org.apache.ratis.thirdparty.io.netty.channel.nio.NioEventLoop.run(NioEventLoop.java:458)
	at org.apache.ratis.thirdparty.io.netty.util.concurrent.SingleThreadEventExecutor$5.run(SingleThreadEventExecutor.java:897)
	at org.apache.ratis.thirdparty.io.netty.util.concurrent.FastThreadLocalRunnable.run(FastThreadLocalRunnable.java:30)
	... 1 more
Caused by: java.net.ConnectException: Connection refused
	... 11 more
2019-08-30 07:35:05,183 [a45a7528-2ba0-4bc3-913c-850122b1269f:group-BC5BBD1BED6A:LeaderElection46] INFO  impl.LeaderElection (LeaderElection.java:logAndReturn(56)) - a45a7528-2ba0-4bc3-913c-850122b1269f:group-BC5BBD1BED6A:LeaderElection46: Election REJECTED; received 0 response(s) [] and 2 exception(s); a45a7528-2ba0-4bc3-913c-850122b1269f:t8, leader=null, voted=a45a7528-2ba0-4bc3-913c-850122b1269f, raftlog=a45a7528-2ba0-4bc3-913c-850122b1269f-SegmentedRaftLog:OPENED:c-1,f-1,i0, conf=-1: [acc690db-1381-479d-90ad-8aa346d73f29:192.168.5.156:37691, f20ba990-a1ec-4251-b44f-b0954e9459c1:192.168.5.156:36913, a45a7528-2ba0-4bc3-913c-850122b1269f:192.168.5.156:32945], old=null
2019-08-30 07:35:05,186 [a45a7528-2ba0-4bc3-913c-850122b1269f:group-F9B49111EF33:LeaderElection47] INFO  impl.LeaderElection (LogUtils.java:infoOrTrace(149)) -   Exception 1: {}
java.util.concurrent.ExecutionException: org.apache.ratis.thirdparty.io.grpc.StatusRuntimeException: UNAVAILABLE: io exception
	at java.util.concurrent.FutureTask.report(FutureTask.java:122)
	at java.util.concurrent.FutureTask.get(FutureTask.java:192)
	at org.apache.ratis.server.impl.LeaderElection.waitForResults(LeaderElection.java:262)
	at org.apache.ratis.server.impl.LeaderElection.askForVotes(LeaderElection.java:200)
	at org.apache.ratis.server.impl.LeaderElection.run(LeaderElection.java:130)
	at java.lang.Thread.run(Thread.java:748)
Caused by: org.apache.ratis.thirdparty.io.grpc.StatusRuntimeException: UNAVAILABLE: io exception
	at org.apache.ratis.thirdparty.io.grpc.stub.ClientCalls.toStatusRuntimeException(ClientCalls.java:233)
	at org.apache.ratis.thirdparty.io.grpc.stub.ClientCalls.getUnchecked(ClientCalls.java:214)
	at org.apache.ratis.thirdparty.io.grpc.stub.ClientCalls.blockingUnaryCall(ClientCalls.java:139)
	at org.apache.ratis.proto.grpc.RaftServerProtocolServiceGrpc$RaftServerProtocolServiceBlockingStub.requestVote(RaftServerProtocolServiceGrpc.java:265)
	at org.apache.ratis.grpc.server.GrpcServerProtocolClient.requestVote(GrpcServerProtocolClient.java:83)
	at org.apache.ratis.grpc.server.GrpcService.requestVote(GrpcService.java:195)
	at org.apache.ratis.server.impl.LeaderElection.lambda$submitRequests$1(LeaderElection.java:237)
	at java.util.concurrent.FutureTask.run(FutureTask.java:266)
	at java.util.concurrent.Executors$RunnableAdapter.call(Executors.java:511)
	at java.util.concurrent.FutureTask.run(FutureTask.java:266)
	at java.util.concurrent.ThreadPoolExecutor.runWorker(ThreadPoolExecutor.java:1149)
	at java.util.concurrent.ThreadPoolExecutor$Worker.run(ThreadPoolExecutor.java:624)
	... 1 more
Caused by: org.apache.ratis.thirdparty.io.netty.channel.AbstractChannel$AnnotatedConnectException: Connection refused: /192.168.5.156:46765
	at sun.nio.ch.SocketChannelImpl.checkConnect(Native Method)
	at sun.nio.ch.SocketChannelImpl.finishConnect(SocketChannelImpl.java:717)
	at org.apache.ratis.thirdparty.io.netty.channel.socket.nio.NioSocketChannel.doFinishConnect(NioSocketChannel.java:327)
	at org.apache.ratis.thirdparty.io.netty.channel.nio.AbstractNioChannel$AbstractNioUnsafe.finishConnect(AbstractNioChannel.java:340)
	at org.apache.ratis.thirdparty.io.netty.channel.nio.NioEventLoop.processSelectedKey(NioEventLoop.java:632)
	at org.apache.ratis.thirdparty.io.netty.channel.nio.NioEventLoop.processSelectedKeysOptimized(NioEventLoop.java:579)
	at org.apache.ratis.thirdparty.io.netty.channel.nio.NioEventLoop.processSelectedKeys(NioEventLoop.java:496)
	at org.apache.ratis.thirdparty.io.netty.channel.nio.NioEventLoop.run(NioEventLoop.java:458)
	at org.apache.ratis.thirdparty.io.netty.util.concurrent.SingleThreadEventExecutor$5.run(SingleThreadEventExecutor.java:897)
	at org.apache.ratis.thirdparty.io.netty.util.concurrent.FastThreadLocalRunnable.run(FastThreadLocalRunnable.java:30)
	... 1 more
Caused by: java.net.ConnectException: Connection refused
	... 11 more
2019-08-30 07:35:05,185 [a45a7528-2ba0-4bc3-913c-850122b1269f:group-C640FB00525B:LeaderElection43] INFO  impl.LeaderElection (LogUtils.java:infoOrTrace(149)) -   Exception 1: {}
java.util.concurrent.ExecutionException: org.apache.ratis.thirdparty.io.grpc.StatusRuntimeException: UNAVAILABLE: io exception
	at java.util.concurrent.FutureTask.report(FutureTask.java:122)
	at java.util.concurrent.FutureTask.get(FutureTask.java:192)
	at org.apache.ratis.server.impl.LeaderElection.waitForResults(LeaderElection.java:262)
	at org.apache.ratis.server.impl.LeaderElection.askForVotes(LeaderElection.java:200)
	at org.apache.ratis.server.impl.LeaderElection.run(LeaderElection.java:130)
	at java.lang.Thread.run(Thread.java:748)
Caused by: org.apache.ratis.thirdparty.io.grpc.StatusRuntimeException: UNAVAILABLE: io exception
	at org.apache.ratis.thirdparty.io.grpc.stub.ClientCalls.toStatusRuntimeException(ClientCalls.java:233)
	at org.apache.ratis.thirdparty.io.grpc.stub.ClientCalls.getUnchecked(ClientCalls.java:214)
	at org.apache.ratis.thirdparty.io.grpc.stub.ClientCalls.blockingUnaryCall(ClientCalls.java:139)
	at org.apache.ratis.proto.grpc.RaftServerProtocolServiceGrpc$RaftServerProtocolServiceBlockingStub.requestVote(RaftServerProtocolServiceGrpc.java:265)
	at org.apache.ratis.grpc.server.GrpcServerProtocolClient.requestVote(GrpcServerProtocolClient.java:83)
	at org.apache.ratis.grpc.server.GrpcService.requestVote(GrpcService.java:195)
	at org.apache.ratis.server.impl.LeaderElection.lambda$submitRequests$1(LeaderElection.java:237)
	at java.util.concurrent.FutureTask.run(FutureTask.java:266)
	at java.util.concurrent.Executors$RunnableAdapter.call(Executors.java:511)
	at java.util.concurrent.FutureTask.run(FutureTask.java:266)
	at java.util.concurrent.ThreadPoolExecutor.runWorker(ThreadPoolExecutor.java:1149)
	at java.util.concurrent.ThreadPoolExecutor$Worker.run(ThreadPoolExecutor.java:624)
	... 1 more
Caused by: org.apache.ratis.thirdparty.io.netty.channel.AbstractChannel$AnnotatedConnectException: Connection refused: /192.168.5.156:46765
	at sun.nio.ch.SocketChannelImpl.checkConnect(Native Method)
	at sun.nio.ch.SocketChannelImpl.finishConnect(SocketChannelImpl.java:717)
	at org.apache.ratis.thirdparty.io.netty.channel.socket.nio.NioSocketChannel.doFinishConnect(NioSocketChannel.java:327)
	at org.apache.ratis.thirdparty.io.netty.channel.nio.AbstractNioChannel$AbstractNioUnsafe.finishConnect(AbstractNioChannel.java:340)
	at org.apache.ratis.thirdparty.io.netty.channel.nio.NioEventLoop.processSelectedKey(NioEventLoop.java:632)
	at org.apache.ratis.thirdparty.io.netty.channel.nio.NioEventLoop.processSelectedKeysOptimized(NioEventLoop.java:579)
	at org.apache.ratis.thirdparty.io.netty.channel.nio.NioEventLoop.processSelectedKeys(NioEventLoop.java:496)
	at org.apache.ratis.thirdparty.io.netty.channel.nio.NioEventLoop.run(NioEventLoop.java:458)
	at org.apache.ratis.thirdparty.io.netty.util.concurrent.SingleThreadEventExecutor$5.run(SingleThreadEventExecutor.java:897)
	at org.apache.ratis.thirdparty.io.netty.util.concurrent.FastThreadLocalRunnable.run(FastThreadLocalRunnable.java:30)
	... 1 more
Caused by: java.net.ConnectException: Connection refused
	... 11 more
2019-08-30 07:35:05,185 [a45a7528-2ba0-4bc3-913c-850122b1269f:group-186677E0C462:LeaderElection48] INFO  impl.RaftServerImpl (RaftServerImpl.java:setRole(171)) - a45a7528-2ba0-4bc3-913c-850122b1269f:group-186677E0C462 changes role from CANDIDATE to FOLLOWER at term 4 for DISCOVERED_A_NEW_TERM
2019-08-30 07:35:05,184 [a45a7528-2ba0-4bc3-913c-850122b1269f:group-70018C5AE2E4:LeaderElection45] INFO  impl.LeaderElection (LeaderElection.java:logAndReturn(56)) - a45a7528-2ba0-4bc3-913c-850122b1269f:group-70018C5AE2E4:LeaderElection45: Election REJECTED; received 0 response(s) [] and 2 exception(s); a45a7528-2ba0-4bc3-913c-850122b1269f:t4, leader=null, voted=a45a7528-2ba0-4bc3-913c-850122b1269f, raftlog=a45a7528-2ba0-4bc3-913c-850122b1269f-SegmentedRaftLog:OPENED:c0,f0,i0, conf=0: [acc690db-1381-479d-90ad-8aa346d73f29:192.168.5.156:37691, c1f9b5f6-3f1a-4e58-b5c3-6c327452b89e:192.168.5.156:46765, a45a7528-2ba0-4bc3-913c-850122b1269f:192.168.5.156:32945], old=null
2019-08-30 07:35:05,188 [a45a7528-2ba0-4bc3-913c-850122b1269f:group-186677E0C462:LeaderElection48] INFO  impl.RoleInfo (RoleInfo.java:shutdownLeaderElection(134)) - a45a7528-2ba0-4bc3-913c-850122b1269f: shutdown LeaderElection
2019-08-30 07:35:05,187 [a45a7528-2ba0-4bc3-913c-850122b1269f:group-C640FB00525B:LeaderElection43] INFO  impl.RaftServerImpl (RaftServerImpl.java:setRole(171)) - a45a7528-2ba0-4bc3-913c-850122b1269f:group-C640FB00525B changes role from CANDIDATE to FOLLOWER at term 4 for DISCOVERED_A_NEW_TERM
2019-08-30 07:35:05,188 [a45a7528-2ba0-4bc3-913c-850122b1269f:group-C640FB00525B:LeaderElection43] INFO  impl.RoleInfo (RoleInfo.java:shutdownLeaderElection(134)) - a45a7528-2ba0-4bc3-913c-850122b1269f: shutdown LeaderElection
2019-08-30 07:35:05,187 [a45a7528-2ba0-4bc3-913c-850122b1269f:group-F9B49111EF33:LeaderElection47] INFO  impl.RaftServerImpl (RaftServerImpl.java:setRole(171)) - a45a7528-2ba0-4bc3-913c-850122b1269f:group-F9B49111EF33 changes role from CANDIDATE to FOLLOWER at term 4 for DISCOVERED_A_NEW_TERM
2019-08-30 07:35:05,186 [a45a7528-2ba0-4bc3-913c-850122b1269f:group-BC5BBD1BED6A:LeaderElection46] INFO  impl.LeaderElection (LogUtils.java:infoOrTrace(149)) -   Exception 0: {}
java.util.concurrent.ExecutionException: org.apache.ratis.thirdparty.io.grpc.StatusRuntimeException: UNAVAILABLE: io exception
	at java.util.concurrent.FutureTask.report(FutureTask.java:122)
	at java.util.concurrent.FutureTask.get(FutureTask.java:192)
	at org.apache.ratis.server.impl.LeaderElection.waitForResults(LeaderElection.java:262)
	at org.apache.ratis.server.impl.LeaderElection.askForVotes(LeaderElection.java:200)
	at org.apache.ratis.server.impl.LeaderElection.run(LeaderElection.java:130)
	at java.lang.Thread.run(Thread.java:748)
Caused by: org.apache.ratis.thirdparty.io.grpc.StatusRuntimeException: UNAVAILABLE: io exception
	at org.apache.ratis.thirdparty.io.grpc.stub.ClientCalls.toStatusRuntimeException(ClientCalls.java:233)
	at org.apache.ratis.thirdparty.io.grpc.stub.ClientCalls.getUnchecked(ClientCalls.java:214)
	at org.apache.ratis.thirdparty.io.grpc.stub.ClientCalls.blockingUnaryCall(ClientCalls.java:139)
	at org.apache.ratis.proto.grpc.RaftServerProtocolServiceGrpc$RaftServerProtocolServiceBlockingStub.requestVote(RaftServerProtocolServiceGrpc.java:265)
	at org.apache.ratis.grpc.server.GrpcServerProtocolClient.requestVote(GrpcServerProtocolClient.java:83)
	at org.apache.ratis.grpc.server.GrpcService.requestVote(GrpcService.java:195)
	at org.apache.ratis.server.impl.LeaderElection.lambda$submitRequests$1(LeaderElection.java:237)
	at java.util.concurrent.FutureTask.run(FutureTask.java:266)
	at java.util.concurrent.Executors$RunnableAdapter.call(Executors.java:511)
	at java.util.concurrent.FutureTask.run(FutureTask.java:266)
	at java.util.concurrent.ThreadPoolExecutor.runWorker(ThreadPoolExecutor.java:1149)
	at java.util.concurrent.ThreadPoolExecutor$Worker.run(ThreadPoolExecutor.java:624)
	... 1 more
Caused by: org.apache.ratis.thirdparty.io.netty.channel.AbstractChannel$AnnotatedConnectException: Connection refused: /192.168.5.156:36913
	at sun.nio.ch.SocketChannelImpl.checkConnect(Native Method)
	at sun.nio.ch.SocketChannelImpl.finishConnect(SocketChannelImpl.java:717)
	at org.apache.ratis.thirdparty.io.netty.channel.socket.nio.NioSocketChannel.doFinishConnect(NioSocketChannel.java:327)
	at org.apache.ratis.thirdparty.io.netty.channel.nio.AbstractNioChannel$AbstractNioUnsafe.finishConnect(AbstractNioChannel.java:340)
	at org.apache.ratis.thirdparty.io.netty.channel.nio.NioEventLoop.processSelectedKey(NioEventLoop.java:632)
	at org.apache.ratis.thirdparty.io.netty.channel.nio.NioEventLoop.processSelectedKeysOptimized(NioEventLoop.java:579)
	at org.apache.ratis.thirdparty.io.netty.channel.nio.NioEventLoop.processSelectedKeys(NioEventLoop.java:496)
	at org.apache.ratis.thirdparty.io.netty.channel.nio.NioEventLoop.run(NioEventLoop.java:458)
	at org.apache.ratis.thirdparty.io.netty.util.concurrent.SingleThreadEventExecutor$5.run(SingleThreadEventExecutor.java:897)
	at org.apache.ratis.thirdparty.io.netty.util.concurrent.FastThreadLocalRunnable.run(FastThreadLocalRunnable.java:30)
	... 1 more
Caused by: java.net.ConnectException: Connection refused
	... 11 more
2019-08-30 07:35:05,189 [a45a7528-2ba0-4bc3-913c-850122b1269f:group-BC5BBD1BED6A:LeaderElection46] INFO  impl.LeaderElection (LogUtils.java:infoOrTrace(149)) -   Exception 1: {}
java.util.concurrent.ExecutionException: org.apache.ratis.thirdparty.io.grpc.StatusRuntimeException: UNAVAILABLE: io exception
	at java.util.concurrent.FutureTask.report(FutureTask.java:122)
	at java.util.concurrent.FutureTask.get(FutureTask.java:192)
	at org.apache.ratis.server.impl.LeaderElection.waitForResults(LeaderElection.java:262)
	at org.apache.ratis.server.impl.LeaderElection.askForVotes(LeaderElection.java:200)
	at org.apache.ratis.server.impl.LeaderElection.run(LeaderElection.java:130)
	at java.lang.Thread.run(Thread.java:748)
Caused by: org.apache.ratis.thirdparty.io.grpc.StatusRuntimeException: UNAVAILABLE: io exception
	at org.apache.ratis.thirdparty.io.grpc.stub.ClientCalls.toStatusRuntimeException(ClientCalls.java:233)
	at org.apache.ratis.thirdparty.io.grpc.stub.ClientCalls.getUnchecked(ClientCalls.java:214)
	at org.apache.ratis.thirdparty.io.grpc.stub.ClientCalls.blockingUnaryCall(ClientCalls.java:139)
	at org.apache.ratis.proto.grpc.RaftServerProtocolServiceGrpc$RaftServerProtocolServiceBlockingStub.requestVote(RaftServerProtocolServiceGrpc.java:265)
	at org.apache.ratis.grpc.server.GrpcServerProtocolClient.requestVote(GrpcServerProtocolClient.java:83)
	at org.apache.ratis.grpc.server.GrpcService.requestVote(GrpcService.java:195)
	at org.apache.ratis.server.impl.LeaderElection.lambda$submitRequests$1(LeaderElection.java:237)
	at java.util.concurrent.FutureTask.run(FutureTask.java:266)
	at java.util.concurrent.Executors$RunnableAdapter.call(Executors.java:511)
	at java.util.concurrent.FutureTask.run(FutureTask.java:266)
	at java.util.concurrent.ThreadPoolExecutor.runWorker(ThreadPoolExecutor.java:1149)
	at java.util.concurrent.ThreadPoolExecutor$Worker.run(ThreadPoolExecutor.java:624)
	... 1 more
Caused by: org.apache.ratis.thirdparty.io.netty.channel.AbstractChannel$AnnotatedConnectException: Connection refused: /192.168.5.156:37691
	at sun.nio.ch.SocketChannelImpl.checkConnect(Native Method)
	at sun.nio.ch.SocketChannelImpl.finishConnect(SocketChannelImpl.java:717)
	at org.apache.ratis.thirdparty.io.netty.channel.socket.nio.NioSocketChannel.doFinishConnect(NioSocketChannel.java:327)
	at org.apache.ratis.thirdparty.io.netty.channel.nio.AbstractNioChannel$AbstractNioUnsafe.finishConnect(AbstractNioChannel.java:340)
	at org.apache.ratis.thirdparty.io.netty.channel.nio.NioEventLoop.processSelectedKey(NioEventLoop.java:632)
	at org.apache.ratis.thirdparty.io.netty.channel.nio.NioEventLoop.processSelectedKeysOptimized(NioEventLoop.java:579)
	at org.apache.ratis.thirdparty.io.netty.channel.nio.NioEventLoop.processSelectedKeys(NioEventLoop.java:496)
	at org.apache.ratis.thirdparty.io.netty.channel.nio.NioEventLoop.run(NioEventLoop.java:458)
	at org.apache.ratis.thirdparty.io.netty.util.concurrent.SingleThreadEventExecutor$5.run(SingleThreadEventExecutor.java:897)
	at org.apache.ratis.thirdparty.io.netty.util.concurrent.FastThreadLocalRunnable.run(FastThreadLocalRunnable.java:30)
	... 1 more
Caused by: java.net.ConnectException: Connection refused
	... 11 more
2019-08-30 07:35:05,188 [a45a7528-2ba0-4bc3-913c-850122b1269f:group-F9B49111EF33:LeaderElection47] INFO  impl.RoleInfo (RoleInfo.java:shutdownLeaderElection(134)) - a45a7528-2ba0-4bc3-913c-850122b1269f: shutdown LeaderElection
2019-08-30 07:35:05,188 [a45a7528-2ba0-4bc3-913c-850122b1269f:group-C640FB00525B:LeaderElection43] INFO  impl.RoleInfo (RoleInfo.java:updateAndGet(143)) - a45a7528-2ba0-4bc3-913c-850122b1269f: start FollowerState
2019-08-30 07:35:05,188 [a45a7528-2ba0-4bc3-913c-850122b1269f:group-186677E0C462:LeaderElection48] INFO  impl.RoleInfo (RoleInfo.java:updateAndGet(143)) - a45a7528-2ba0-4bc3-913c-850122b1269f: start FollowerState
2019-08-30 07:35:05,188 [a45a7528-2ba0-4bc3-913c-850122b1269f:group-70018C5AE2E4:LeaderElection45] INFO  impl.LeaderElection (LogUtils.java:infoOrTrace(149)) -   Exception 0: {}
java.util.concurrent.ExecutionException: org.apache.ratis.thirdparty.io.grpc.StatusRuntimeException: UNAVAILABLE: io exception
	at java.util.concurrent.FutureTask.report(FutureTask.java:122)
	at java.util.concurrent.FutureTask.get(FutureTask.java:192)
	at org.apache.ratis.server.impl.LeaderElection.waitForResults(LeaderElection.java:262)
	at org.apache.ratis.server.impl.LeaderElection.askForVotes(LeaderElection.java:200)
	at org.apache.ratis.server.impl.LeaderElection.run(LeaderElection.java:130)
	at java.lang.Thread.run(Thread.java:748)
Caused by: org.apache.ratis.thirdparty.io.grpc.StatusRuntimeException: UNAVAILABLE: io exception
	at org.apache.ratis.thirdparty.io.grpc.stub.ClientCalls.toStatusRuntimeException(ClientCalls.java:233)
	at org.apache.ratis.thirdparty.io.grpc.stub.ClientCalls.getUnchecked(ClientCalls.java:214)
	at org.apache.ratis.thirdparty.io.grpc.stub.ClientCalls.blockingUnaryCall(ClientCalls.java:139)
	at org.apache.ratis.proto.grpc.RaftServerProtocolServiceGrpc$RaftServerProtocolServiceBlockingStub.requestVote(RaftServerProtocolServiceGrpc.java:265)
	at org.apache.ratis.grpc.server.GrpcServerProtocolClient.requestVote(GrpcServerProtocolClient.java:83)
	at org.apache.ratis.grpc.server.GrpcService.requestVote(GrpcService.java:195)
	at org.apache.ratis.server.impl.LeaderElection.lambda$submitRequests$1(LeaderElection.java:237)
	at java.util.concurrent.FutureTask.run(FutureTask.java:266)
	at java.util.concurrent.Executors$RunnableAdapter.call(Executors.java:511)
	at java.util.concurrent.FutureTask.run(FutureTask.java:266)
	at java.util.concurrent.ThreadPoolExecutor.runWorker(ThreadPoolExecutor.java:1149)
	at java.util.concurrent.ThreadPoolExecutor$Worker.run(ThreadPoolExecutor.java:624)
	... 1 more
Caused by: org.apache.ratis.thirdparty.io.netty.channel.AbstractChannel$AnnotatedConnectException: Connection refused: /192.168.5.156:37691
	at sun.nio.ch.SocketChannelImpl.checkConnect(Native Method)
	at sun.nio.ch.SocketChannelImpl.finishConnect(SocketChannelImpl.java:717)
	at org.apache.ratis.thirdparty.io.netty.channel.socket.nio.NioSocketChannel.doFinishConnect(NioSocketChannel.java:327)
	at org.apache.ratis.thirdparty.io.netty.channel.nio.AbstractNioChannel$AbstractNioUnsafe.finishConnect(AbstractNioChannel.java:340)
	at org.apache.ratis.thirdparty.io.netty.channel.nio.NioEventLoop.processSelectedKey(NioEventLoop.java:632)
	at org.apache.ratis.thirdparty.io.netty.channel.nio.NioEventLoop.processSelectedKeysOptimized(NioEventLoop.java:579)
	at org.apache.ratis.thirdparty.io.netty.channel.nio.NioEventLoop.processSelectedKeys(NioEventLoop.java:496)
	at org.apache.ratis.thirdparty.io.netty.channel.nio.NioEventLoop.run(NioEventLoop.java:458)
	at org.apache.ratis.thirdparty.io.netty.util.concurrent.SingleThreadEventExecutor$5.run(SingleThreadEventExecutor.java:897)
	at org.apache.ratis.thirdparty.io.netty.util.concurrent.FastThreadLocalRunnable.run(FastThreadLocalRunnable.java:30)
	... 1 more
Caused by: java.net.ConnectException: Connection refused
	... 11 more
2019-08-30 07:35:05,190 [a45a7528-2ba0-4bc3-913c-850122b1269f:group-70018C5AE2E4:LeaderElection45] INFO  impl.LeaderElection (LogUtils.java:infoOrTrace(149)) -   Exception 1: {}
java.util.concurrent.ExecutionException: org.apache.ratis.thirdparty.io.grpc.StatusRuntimeException: UNAVAILABLE: io exception
	at java.util.concurrent.FutureTask.report(FutureTask.java:122)
	at java.util.concurrent.FutureTask.get(FutureTask.java:192)
	at org.apache.ratis.server.impl.LeaderElection.waitForResults(LeaderElection.java:262)
	at org.apache.ratis.server.impl.LeaderElection.askForVotes(LeaderElection.java:200)
	at org.apache.ratis.server.impl.LeaderElection.run(LeaderElection.java:130)
	at java.lang.Thread.run(Thread.java:748)
Caused by: org.apache.ratis.thirdparty.io.grpc.StatusRuntimeException: UNAVAILABLE: io exception
	at org.apache.ratis.thirdparty.io.grpc.stub.ClientCalls.toStatusRuntimeException(ClientCalls.java:233)
	at org.apache.ratis.thirdparty.io.grpc.stub.ClientCalls.getUnchecked(ClientCalls.java:214)
	at org.apache.ratis.thirdparty.io.grpc.stub.ClientCalls.blockingUnaryCall(ClientCalls.java:139)
	at org.apache.ratis.proto.grpc.RaftServerProtocolServiceGrpc$RaftServerProtocolServiceBlockingStub.requestVote(RaftServerProtocolServiceGrpc.java:265)
	at org.apache.ratis.grpc.server.GrpcServerProtocolClient.requestVote(GrpcServerProtocolClient.java:83)
	at org.apache.ratis.grpc.server.GrpcService.requestVote(GrpcService.java:195)
	at org.apache.ratis.server.impl.LeaderElection.lambda$submitRequests$1(LeaderElection.java:237)
	at java.util.concurrent.FutureTask.run(FutureTask.java:266)
	at java.util.concurrent.Executors$RunnableAdapter.call(Executors.java:511)
	at java.util.concurrent.FutureTask.run(FutureTask.java:266)
	at java.util.concurrent.ThreadPoolExecutor.runWorker(ThreadPoolExecutor.java:1149)
	at java.util.concurrent.ThreadPoolExecutor$Worker.run(ThreadPoolExecutor.java:624)
	... 1 more
Caused by: org.apache.ratis.thirdparty.io.netty.channel.AbstractChannel$AnnotatedConnectException: Connection refused: /192.168.5.156:46765
	at sun.nio.ch.SocketChannelImpl.checkConnect(Native Method)
	at sun.nio.ch.SocketChannelImpl.finishConnect(SocketChannelImpl.java:717)
	at org.apache.ratis.thirdparty.io.netty.channel.socket.nio.NioSocketChannel.doFinishConnect(NioSocketChannel.java:327)
	at org.apache.ratis.thirdparty.io.netty.channel.nio.AbstractNioChannel$AbstractNioUnsafe.finishConnect(AbstractNioChannel.java:340)
	at org.apache.ratis.thirdparty.io.netty.channel.nio.NioEventLoop.processSelectedKey(NioEventLoop.java:632)
	at org.apache.ratis.thirdparty.io.netty.channel.nio.NioEventLoop.processSelectedKeysOptimized(NioEventLoop.java:579)
	at org.apache.ratis.thirdparty.io.netty.channel.nio.NioEventLoop.processSelectedKeys(NioEventLoop.java:496)
	at org.apache.ratis.thirdparty.io.netty.channel.nio.NioEventLoop.run(NioEventLoop.java:458)
	at org.apache.ratis.thirdparty.io.netty.util.concurrent.SingleThreadEventExecutor$5.run(SingleThreadEventExecutor.java:897)
	at org.apache.ratis.thirdparty.io.netty.util.concurrent.FastThreadLocalRunnable.run(FastThreadLocalRunnable.java:30)
	... 1 more
Caused by: java.net.ConnectException: Connection refused
	... 11 more
2019-08-30 07:35:05,189 [a45a7528-2ba0-4bc3-913c-850122b1269f:group-F9B49111EF33:LeaderElection47] INFO  impl.RoleInfo (RoleInfo.java:updateAndGet(143)) - a45a7528-2ba0-4bc3-913c-850122b1269f: start FollowerState
2019-08-30 07:35:05,189 [a45a7528-2ba0-4bc3-913c-850122b1269f:group-BC5BBD1BED6A:LeaderElection46] INFO  impl.RaftServerImpl (RaftServerImpl.java:setRole(171)) - a45a7528-2ba0-4bc3-913c-850122b1269f:group-BC5BBD1BED6A changes role from CANDIDATE to FOLLOWER at term 8 for DISCOVERED_A_NEW_TERM
2019-08-30 07:35:05,190 [a45a7528-2ba0-4bc3-913c-850122b1269f:group-70018C5AE2E4:LeaderElection45] INFO  impl.RaftServerImpl (RaftServerImpl.java:setRole(171)) - a45a7528-2ba0-4bc3-913c-850122b1269f:group-70018C5AE2E4 changes role from CANDIDATE to FOLLOWER at term 4 for DISCOVERED_A_NEW_TERM
2019-08-30 07:35:05,191 [a45a7528-2ba0-4bc3-913c-850122b1269f:group-BC5BBD1BED6A:LeaderElection46] INFO  impl.RoleInfo (RoleInfo.java:shutdownLeaderElection(134)) - a45a7528-2ba0-4bc3-913c-850122b1269f: shutdown LeaderElection
2019-08-30 07:35:05,191 [a45a7528-2ba0-4bc3-913c-850122b1269f:group-70018C5AE2E4:LeaderElection45] INFO  impl.RoleInfo (RoleInfo.java:shutdownLeaderElection(134)) - a45a7528-2ba0-4bc3-913c-850122b1269f: shutdown LeaderElection
2019-08-30 07:35:05,191 [a45a7528-2ba0-4bc3-913c-850122b1269f:group-BC5BBD1BED6A:LeaderElection46] INFO  impl.RoleInfo (RoleInfo.java:updateAndGet(143)) - a45a7528-2ba0-4bc3-913c-850122b1269f: start FollowerState
2019-08-30 07:35:05,191 [a45a7528-2ba0-4bc3-913c-850122b1269f:group-70018C5AE2E4:LeaderElection45] INFO  impl.RoleInfo (RoleInfo.java:updateAndGet(143)) - a45a7528-2ba0-4bc3-913c-850122b1269f: start FollowerState
2019-08-30 07:35:05,388 [grpc-default-executor-9] WARN  server.GrpcLogAppender (LogUtils.java:warn(134)) - a45a7528-2ba0-4bc3-913c-850122b1269f->c1f9b5f6-3f1a-4e58-b5c3-6c327452b89e: Failed appendEntries: org.apache.ratis.thirdparty.io.grpc.StatusRuntimeException: UNAVAILABLE: io exception
2019-08-30 07:35:05,389 [grpc-default-executor-9] INFO  impl.FollowerInfo (FollowerInfo.java:lambda$new$0(50)) - a45a7528-2ba0-4bc3-913c-850122b1269f->c1f9b5f6-3f1a-4e58-b5c3-6c327452b89e: nextIndex: updateUnconditionally 0 -> 0
2019-08-30 07:35:05,388 [grpc-default-executor-3] WARN  server.GrpcLogAppender (LogUtils.java:warn(134)) - a45a7528-2ba0-4bc3-913c-850122b1269f->acc690db-1381-479d-90ad-8aa346d73f29: Failed appendEntries: org.apache.ratis.thirdparty.io.grpc.StatusRuntimeException: UNAVAILABLE: io exception
2019-08-30 07:35:05,389 [grpc-default-executor-3] INFO  impl.FollowerInfo (FollowerInfo.java:lambda$new$0(50)) - a45a7528-2ba0-4bc3-913c-850122b1269f->acc690db-1381-479d-90ad-8aa346d73f29: nextIndex: updateUnconditionally 0 -> 0
2019-08-30 07:35:05,616 [grpc-default-executor-3] WARN  server.GrpcLogAppender (LogUtils.java:warn(134)) - a45a7528-2ba0-4bc3-913c-850122b1269f->c1f9b5f6-3f1a-4e58-b5c3-6c327452b89e: Failed appendEntries: org.apache.ratis.thirdparty.io.grpc.StatusRuntimeException: UNAVAILABLE: io exception
2019-08-30 07:35:05,616 [grpc-default-executor-3] INFO  impl.FollowerInfo (FollowerInfo.java:lambda$new$0(50)) - a45a7528-2ba0-4bc3-913c-850122b1269f->c1f9b5f6-3f1a-4e58-b5c3-6c327452b89e: nextIndex: updateUnconditionally 0 -> 0
2019-08-30 07:35:05,619 [grpc-default-executor-8] WARN  server.GrpcLogAppender (LogUtils.java:warn(134)) - a45a7528-2ba0-4bc3-913c-850122b1269f->acc690db-1381-479d-90ad-8aa346d73f29: Failed appendEntries: org.apache.ratis.thirdparty.io.grpc.StatusRuntimeException: UNAVAILABLE: io exception
2019-08-30 07:35:05,620 [grpc-default-executor-8] INFO  impl.FollowerInfo (FollowerInfo.java:lambda$new$0(50)) - a45a7528-2ba0-4bc3-913c-850122b1269f->acc690db-1381-479d-90ad-8aa346d73f29: nextIndex: updateUnconditionally 0 -> 0
2019-08-30 07:35:05,890 [grpc-default-executor-0] WARN  server.GrpcLogAppender (LogUtils.java:warn(134)) - a45a7528-2ba0-4bc3-913c-850122b1269f->acc690db-1381-479d-90ad-8aa346d73f29: Failed appendEntries: org.apache.ratis.thirdparty.io.grpc.StatusRuntimeException: UNAVAILABLE: io exception
2019-08-30 07:35:05,890 [grpc-default-executor-10] WARN  server.GrpcLogAppender (LogUtils.java:warn(134)) - a45a7528-2ba0-4bc3-913c-850122b1269f->c1f9b5f6-3f1a-4e58-b5c3-6c327452b89e: Failed appendEntries: org.apache.ratis.thirdparty.io.grpc.StatusRuntimeException: UNAVAILABLE: io exception
2019-08-30 07:35:05,891 [grpc-default-executor-0] INFO  impl.FollowerInfo (FollowerInfo.java:lambda$new$0(50)) - a45a7528-2ba0-4bc3-913c-850122b1269f->acc690db-1381-479d-90ad-8aa346d73f29: nextIndex: updateUnconditionally 0 -> 0
2019-08-30 07:35:05,891 [grpc-default-executor-10] INFO  impl.FollowerInfo (FollowerInfo.java:lambda$new$0(50)) - a45a7528-2ba0-4bc3-913c-850122b1269f->c1f9b5f6-3f1a-4e58-b5c3-6c327452b89e: nextIndex: updateUnconditionally 0 -> 0
2019-08-30 07:35:06,117 [grpc-default-executor-1] WARN  server.GrpcLogAppender (LogUtils.java:warn(134)) - a45a7528-2ba0-4bc3-913c-850122b1269f->c1f9b5f6-3f1a-4e58-b5c3-6c327452b89e: Failed appendEntries: org.apache.ratis.thirdparty.io.grpc.StatusRuntimeException: UNAVAILABLE: io exception
2019-08-30 07:35:06,117 [grpc-default-executor-1] INFO  impl.FollowerInfo (FollowerInfo.java:lambda$new$0(50)) - a45a7528-2ba0-4bc3-913c-850122b1269f->c1f9b5f6-3f1a-4e58-b5c3-6c327452b89e: nextIndex: updateUnconditionally 0 -> 0
2019-08-30 07:35:06,120 [grpc-default-executor-10] WARN  server.GrpcLogAppender (LogUtils.java:warn(134)) - a45a7528-2ba0-4bc3-913c-850122b1269f->acc690db-1381-479d-90ad-8aa346d73f29: Failed appendEntries: org.apache.ratis.thirdparty.io.grpc.StatusRuntimeException: UNAVAILABLE: io exception
2019-08-30 07:35:06,120 [grpc-default-executor-10] INFO  impl.FollowerInfo (FollowerInfo.java:lambda$new$0(50)) - a45a7528-2ba0-4bc3-913c-850122b1269f->acc690db-1381-479d-90ad-8aa346d73f29: nextIndex: updateUnconditionally 0 -> 0
2019-08-30 07:35:06,205 [Thread-680] INFO  impl.FollowerState (FollowerState.java:run(106)) - a45a7528-2ba0-4bc3-913c-850122b1269f:group-186677E0C462 changes to CANDIDATE, lastRpcTime:1017, electionTimeout:1015ms
2019-08-30 07:35:06,205 [Thread-680] INFO  impl.RoleInfo (RoleInfo.java:shutdownFollowerState(121)) - a45a7528-2ba0-4bc3-913c-850122b1269f: shutdown FollowerState
2019-08-30 07:35:06,205 [Thread-680] INFO  impl.RaftServerImpl (RaftServerImpl.java:setRole(171)) - a45a7528-2ba0-4bc3-913c-850122b1269f:group-186677E0C462 changes role from FOLLOWER to CANDIDATE at term 4 for changeToCandidate
2019-08-30 07:35:06,206 [Thread-680] INFO  impl.RoleInfo (RoleInfo.java:updateAndGet(143)) - a45a7528-2ba0-4bc3-913c-850122b1269f: start LeaderElection
2019-08-30 07:35:06,215 [Thread-683] INFO  impl.FollowerState (FollowerState.java:run(106)) - a45a7528-2ba0-4bc3-913c-850122b1269f:group-BC5BBD1BED6A changes to CANDIDATE, lastRpcTime:1023, electionTimeout:1023ms
2019-08-30 07:35:06,215 [Thread-683] INFO  impl.RoleInfo (RoleInfo.java:shutdownFollowerState(121)) - a45a7528-2ba0-4bc3-913c-850122b1269f: shutdown FollowerState
2019-08-30 07:35:06,215 [Thread-683] INFO  impl.RaftServerImpl (RaftServerImpl.java:setRole(171)) - a45a7528-2ba0-4bc3-913c-850122b1269f:group-BC5BBD1BED6A changes role from FOLLOWER to CANDIDATE at term 8 for changeToCandidate
2019-08-30 07:35:06,215 [Thread-683] INFO  impl.RoleInfo (RoleInfo.java:updateAndGet(143)) - a45a7528-2ba0-4bc3-913c-850122b1269f: start LeaderElection
2019-08-30 07:35:06,245 [Thread-681] INFO  impl.FollowerState (FollowerState.java:run(106)) - a45a7528-2ba0-4bc3-913c-850122b1269f:group-C640FB00525B changes to CANDIDATE, lastRpcTime:1056, electionTimeout:1055ms
2019-08-30 07:35:06,245 [Thread-681] INFO  impl.RoleInfo (RoleInfo.java:shutdownFollowerState(121)) - a45a7528-2ba0-4bc3-913c-850122b1269f: shutdown FollowerState
2019-08-30 07:35:06,245 [Thread-681] INFO  impl.RaftServerImpl (RaftServerImpl.java:setRole(171)) - a45a7528-2ba0-4bc3-913c-850122b1269f:group-C640FB00525B changes role from FOLLOWER to CANDIDATE at term 4 for changeToCandidate
2019-08-30 07:35:06,245 [Thread-681] INFO  impl.RoleInfo (RoleInfo.java:updateAndGet(143)) - a45a7528-2ba0-4bc3-913c-850122b1269f: start LeaderElection
2019-08-30 07:35:06,291 [Thread-684] INFO  impl.FollowerState (FollowerState.java:run(106)) - a45a7528-2ba0-4bc3-913c-850122b1269f:group-70018C5AE2E4 changes to CANDIDATE, lastRpcTime:1099, electionTimeout:1099ms
2019-08-30 07:35:06,291 [Thread-684] INFO  impl.RoleInfo (RoleInfo.java:shutdownFollowerState(121)) - a45a7528-2ba0-4bc3-913c-850122b1269f: shutdown FollowerState
2019-08-30 07:35:06,291 [Thread-684] INFO  impl.RaftServerImpl (RaftServerImpl.java:setRole(171)) - a45a7528-2ba0-4bc3-913c-850122b1269f:group-70018C5AE2E4 changes role from FOLLOWER to CANDIDATE at term 4 for changeToCandidate
2019-08-30 07:35:06,291 [Thread-684] INFO  impl.RoleInfo (RoleInfo.java:updateAndGet(143)) - a45a7528-2ba0-4bc3-913c-850122b1269f: start LeaderElection
2019-08-30 07:35:06,390 [Thread-682] INFO  impl.FollowerState (FollowerState.java:run(106)) - a45a7528-2ba0-4bc3-913c-850122b1269f:group-F9B49111EF33 changes to CANDIDATE, lastRpcTime:1200, electionTimeout:1199ms
2019-08-30 07:35:06,390 [Thread-682] INFO  impl.RoleInfo (RoleInfo.java:shutdownFollowerState(121)) - a45a7528-2ba0-4bc3-913c-850122b1269f: shutdown FollowerState
2019-08-30 07:35:06,390 [Thread-682] INFO  impl.RaftServerImpl (RaftServerImpl.java:setRole(171)) - a45a7528-2ba0-4bc3-913c-850122b1269f:group-F9B49111EF33 changes role from FOLLOWER to CANDIDATE at term 4 for changeToCandidate
2019-08-30 07:35:06,391 [Thread-682] INFO  impl.RoleInfo (RoleInfo.java:updateAndGet(143)) - a45a7528-2ba0-4bc3-913c-850122b1269f: start LeaderElection
2019-08-30 07:35:06,392 [grpc-default-executor-1] WARN  server.GrpcLogAppender (LogUtils.java:warn(134)) - a45a7528-2ba0-4bc3-913c-850122b1269f->acc690db-1381-479d-90ad-8aa346d73f29: Failed appendEntries: org.apache.ratis.thirdparty.io.grpc.StatusRuntimeException: UNAVAILABLE: io exception
2019-08-30 07:35:06,392 [grpc-default-executor-10] WARN  server.GrpcLogAppender (LogUtils.java:warn(134)) - a45a7528-2ba0-4bc3-913c-850122b1269f->c1f9b5f6-3f1a-4e58-b5c3-6c327452b89e: Failed appendEntries: org.apache.ratis.thirdparty.io.grpc.StatusRuntimeException: UNAVAILABLE: io exception
2019-08-30 07:35:06,392 [grpc-default-executor-1] INFO  impl.FollowerInfo (FollowerInfo.java:lambda$new$0(50)) - a45a7528-2ba0-4bc3-913c-850122b1269f->acc690db-1381-479d-90ad-8aa346d73f29: nextIndex: updateUnconditionally 0 -> 0
2019-08-30 07:35:06,393 [grpc-default-executor-10] INFO  impl.FollowerInfo (FollowerInfo.java:lambda$new$0(50)) - a45a7528-2ba0-4bc3-913c-850122b1269f->c1f9b5f6-3f1a-4e58-b5c3-6c327452b89e: nextIndex: updateUnconditionally 0 -> 0
2019-08-30 07:35:06,618 [grpc-default-executor-9] WARN  server.GrpcLogAppender (LogUtils.java:warn(134)) - a45a7528-2ba0-4bc3-913c-850122b1269f->c1f9b5f6-3f1a-4e58-b5c3-6c327452b89e: Failed appendEntries: org.apache.ratis.thirdparty.io.grpc.StatusRuntimeException: UNAVAILABLE: io exception
2019-08-30 07:35:06,619 [grpc-default-executor-9] INFO  impl.FollowerInfo (FollowerInfo.java:lambda$new$0(50)) - a45a7528-2ba0-4bc3-913c-850122b1269f->c1f9b5f6-3f1a-4e58-b5c3-6c327452b89e: nextIndex: updateUnconditionally 0 -> 0
2019-08-30 07:35:06,621 [grpc-default-executor-1] WARN  server.GrpcLogAppender (LogUtils.java:warn(134)) - a45a7528-2ba0-4bc3-913c-850122b1269f->acc690db-1381-479d-90ad-8aa346d73f29: Failed appendEntries: org.apache.ratis.thirdparty.io.grpc.StatusRuntimeException: UNAVAILABLE: io exception
2019-08-30 07:35:06,622 [grpc-default-executor-1] INFO  impl.FollowerInfo (FollowerInfo.java:lambda$new$0(50)) - a45a7528-2ba0-4bc3-913c-850122b1269f->acc690db-1381-479d-90ad-8aa346d73f29: nextIndex: updateUnconditionally 0 -> 0
2019-08-30 07:35:06,894 [grpc-default-executor-8] WARN  server.GrpcLogAppender (LogUtils.java:warn(134)) - a45a7528-2ba0-4bc3-913c-850122b1269f->acc690db-1381-479d-90ad-8aa346d73f29: Failed appendEntries: org.apache.ratis.thirdparty.io.grpc.StatusRuntimeException: UNAVAILABLE: io exception
2019-08-30 07:35:06,894 [grpc-default-executor-3] WARN  server.GrpcLogAppender (LogUtils.java:warn(134)) - a45a7528-2ba0-4bc3-913c-850122b1269f->c1f9b5f6-3f1a-4e58-b5c3-6c327452b89e: Failed appendEntries: org.apache.ratis.thirdparty.io.grpc.StatusRuntimeException: UNAVAILABLE: io exception
2019-08-30 07:35:06,894 [grpc-default-executor-8] INFO  impl.FollowerInfo (FollowerInfo.java:lambda$new$0(50)) - a45a7528-2ba0-4bc3-913c-850122b1269f->acc690db-1381-479d-90ad-8aa346d73f29: nextIndex: updateUnconditionally 0 -> 0
2019-08-30 07:35:06,894 [grpc-default-executor-3] INFO  impl.FollowerInfo (FollowerInfo.java:lambda$new$0(50)) - a45a7528-2ba0-4bc3-913c-850122b1269f->c1f9b5f6-3f1a-4e58-b5c3-6c327452b89e: nextIndex: updateUnconditionally 0 -> 0
2019-08-30 07:35:07,119 [grpc-default-executor-9] WARN  server.GrpcLogAppender (LogUtils.java:warn(134)) - a45a7528-2ba0-4bc3-913c-850122b1269f->c1f9b5f6-3f1a-4e58-b5c3-6c327452b89e: Failed appendEntries: org.apache.ratis.thirdparty.io.grpc.StatusRuntimeException: UNAVAILABLE: io exception
2019-08-30 07:35:07,119 [grpc-default-executor-9] INFO  impl.FollowerInfo (FollowerInfo.java:lambda$new$0(50)) - a45a7528-2ba0-4bc3-913c-850122b1269f->c1f9b5f6-3f1a-4e58-b5c3-6c327452b89e: nextIndex: updateUnconditionally 0 -> 0
2019-08-30 07:35:07,121 [grpc-default-executor-8] WARN  server.GrpcLogAppender (LogUtils.java:warn(134)) - a45a7528-2ba0-4bc3-913c-850122b1269f->acc690db-1381-479d-90ad-8aa346d73f29: Failed appendEntries: org.apache.ratis.thirdparty.io.grpc.StatusRuntimeException: UNAVAILABLE: io exception
2019-08-30 07:35:07,122 [grpc-default-executor-8] INFO  impl.FollowerInfo (FollowerInfo.java:lambda$new$0(50)) - a45a7528-2ba0-4bc3-913c-850122b1269f->acc690db-1381-479d-90ad-8aa346d73f29: nextIndex: updateUnconditionally 0 -> 0
2019-08-30 07:35:07,394 [grpc-default-executor-8] WARN  server.GrpcLogAppender (LogUtils.java:warn(134)) - a45a7528-2ba0-4bc3-913c-850122b1269f->acc690db-1381-479d-90ad-8aa346d73f29: Failed appendEntries: org.apache.ratis.thirdparty.io.grpc.StatusRuntimeException: UNAVAILABLE: io exception
2019-08-30 07:35:07,394 [grpc-default-executor-0] WARN  server.GrpcLogAppender (LogUtils.java:warn(134)) - a45a7528-2ba0-4bc3-913c-850122b1269f->c1f9b5f6-3f1a-4e58-b5c3-6c327452b89e: Failed appendEntries: org.apache.ratis.thirdparty.io.grpc.StatusRuntimeException: UNAVAILABLE: io exception
2019-08-30 07:35:07,395 [grpc-default-executor-8] INFO  impl.FollowerInfo (FollowerInfo.java:lambda$new$0(50)) - a45a7528-2ba0-4bc3-913c-850122b1269f->acc690db-1381-479d-90ad-8aa346d73f29: nextIndex: updateUnconditionally 0 -> 0
2019-08-30 07:35:07,395 [grpc-default-executor-0] INFO  impl.FollowerInfo (FollowerInfo.java:lambda$new$0(50)) - a45a7528-2ba0-4bc3-913c-850122b1269f->c1f9b5f6-3f1a-4e58-b5c3-6c327452b89e: nextIndex: updateUnconditionally 0 -> 0
2019-08-30 07:35:07,620 [grpc-default-executor-9] WARN  server.GrpcLogAppender (LogUtils.java:warn(134)) - a45a7528-2ba0-4bc3-913c-850122b1269f->c1f9b5f6-3f1a-4e58-b5c3-6c327452b89e: Failed appendEntries: org.apache.ratis.thirdparty.io.grpc.StatusRuntimeException: UNAVAILABLE: io exception
2019-08-30 07:35:07,621 [grpc-default-executor-9] INFO  impl.FollowerInfo (FollowerInfo.java:lambda$new$0(50)) - a45a7528-2ba0-4bc3-913c-850122b1269f->c1f9b5f6-3f1a-4e58-b5c3-6c327452b89e: nextIndex: updateUnconditionally 0 -> 0
2019-08-30 07:35:07,622 [grpc-default-executor-0] WARN  server.GrpcLogAppender (LogUtils.java:warn(134)) - a45a7528-2ba0-4bc3-913c-850122b1269f->acc690db-1381-479d-90ad-8aa346d73f29: Failed appendEntries: org.apache.ratis.thirdparty.io.grpc.StatusRuntimeException: UNAVAILABLE: io exception
2019-08-30 07:35:07,623 [grpc-default-executor-0] INFO  impl.FollowerInfo (FollowerInfo.java:lambda$new$0(50)) - a45a7528-2ba0-4bc3-913c-850122b1269f->acc690db-1381-479d-90ad-8aa346d73f29: nextIndex: updateUnconditionally 0 -> 0
2019-08-30 07:35:07,895 [grpc-default-executor-10] WARN  server.GrpcLogAppender (LogUtils.java:warn(134)) - a45a7528-2ba0-4bc3-913c-850122b1269f->acc690db-1381-479d-90ad-8aa346d73f29: Failed appendEntries: org.apache.ratis.thirdparty.io.grpc.StatusRuntimeException: UNAVAILABLE: io exception
2019-08-30 07:35:07,895 [grpc-default-executor-8] WARN  server.GrpcLogAppender (LogUtils.java:warn(134)) - a45a7528-2ba0-4bc3-913c-850122b1269f->c1f9b5f6-3f1a-4e58-b5c3-6c327452b89e: Failed appendEntries: org.apache.ratis.thirdparty.io.grpc.StatusRuntimeException: UNAVAILABLE: io exception
2019-08-30 07:35:07,895 [grpc-default-executor-10] INFO  impl.FollowerInfo (FollowerInfo.java:lambda$new$0(50)) - a45a7528-2ba0-4bc3-913c-850122b1269f->acc690db-1381-479d-90ad-8aa346d73f29: nextIndex: updateUnconditionally 0 -> 0
2019-08-30 07:35:07,895 [grpc-default-executor-8] INFO  impl.FollowerInfo (FollowerInfo.java:lambda$new$0(50)) - a45a7528-2ba0-4bc3-913c-850122b1269f->c1f9b5f6-3f1a-4e58-b5c3-6c327452b89e: nextIndex: updateUnconditionally 0 -> 0
2019-08-30 07:35:08,122 [grpc-default-executor-9] WARN  server.GrpcLogAppender (LogUtils.java:warn(134)) - a45a7528-2ba0-4bc3-913c-850122b1269f->c1f9b5f6-3f1a-4e58-b5c3-6c327452b89e: Failed appendEntries: org.apache.ratis.thirdparty.io.grpc.StatusRuntimeException: UNAVAILABLE: io exception
2019-08-30 07:35:08,122 [grpc-default-executor-9] INFO  impl.FollowerInfo (FollowerInfo.java:lambda$new$0(50)) - a45a7528-2ba0-4bc3-913c-850122b1269f->c1f9b5f6-3f1a-4e58-b5c3-6c327452b89e: nextIndex: updateUnconditionally 0 -> 0
2019-08-30 07:35:08,123 [grpc-default-executor-10] WARN  server.GrpcLogAppender (LogUtils.java:warn(134)) - a45a7528-2ba0-4bc3-913c-850122b1269f->acc690db-1381-479d-90ad-8aa346d73f29: Failed appendEntries: org.apache.ratis.thirdparty.io.grpc.StatusRuntimeException: UNAVAILABLE: io exception
2019-08-30 07:35:08,123 [grpc-default-executor-10] INFO  impl.FollowerInfo (FollowerInfo.java:lambda$new$0(50)) - a45a7528-2ba0-4bc3-913c-850122b1269f->acc690db-1381-479d-90ad-8aa346d73f29: nextIndex: updateUnconditionally 0 -> 0
2019-08-30 07:35:08,396 [grpc-default-executor-0] WARN  server.GrpcLogAppender (LogUtils.java:warn(134)) - a45a7528-2ba0-4bc3-913c-850122b1269f->acc690db-1381-479d-90ad-8aa346d73f29: Failed appendEntries: org.apache.ratis.thirdparty.io.grpc.StatusRuntimeException: UNAVAILABLE: io exception
2019-08-30 07:35:08,396 [grpc-default-executor-3] WARN  server.GrpcLogAppender (LogUtils.java:warn(134)) - a45a7528-2ba0-4bc3-913c-850122b1269f->c1f9b5f6-3f1a-4e58-b5c3-6c327452b89e: Failed appendEntries: org.apache.ratis.thirdparty.io.grpc.StatusRuntimeException: UNAVAILABLE: io exception
2019-08-30 07:35:08,396 [grpc-default-executor-0] INFO  impl.FollowerInfo (FollowerInfo.java:lambda$new$0(50)) - a45a7528-2ba0-4bc3-913c-850122b1269f->acc690db-1381-479d-90ad-8aa346d73f29: nextIndex: updateUnconditionally 0 -> 0
2019-08-30 07:35:08,396 [grpc-default-executor-3] INFO  impl.FollowerInfo (FollowerInfo.java:lambda$new$0(50)) - a45a7528-2ba0-4bc3-913c-850122b1269f->c1f9b5f6-3f1a-4e58-b5c3-6c327452b89e: nextIndex: updateUnconditionally 0 -> 0
2019-08-30 07:35:08,621 [grpc-default-executor-9] WARN  server.GrpcLogAppender (LogUtils.java:warn(134)) - a45a7528-2ba0-4bc3-913c-850122b1269f->c1f9b5f6-3f1a-4e58-b5c3-6c327452b89e: Failed appendEntries: org.apache.ratis.thirdparty.io.grpc.StatusRuntimeException: UNAVAILABLE: io exception
2019-08-30 07:35:08,622 [grpc-default-executor-9] INFO  impl.FollowerInfo (FollowerInfo.java:lambda$new$0(50)) - a45a7528-2ba0-4bc3-913c-850122b1269f->c1f9b5f6-3f1a-4e58-b5c3-6c327452b89e: nextIndex: updateUnconditionally 0 -> 0
2019-08-30 07:35:08,623 [grpc-default-executor-0] WARN  server.GrpcLogAppender (LogUtils.java:warn(134)) - a45a7528-2ba0-4bc3-913c-850122b1269f->acc690db-1381-479d-90ad-8aa346d73f29: Failed appendEntries: org.apache.ratis.thirdparty.io.grpc.StatusRuntimeException: UNAVAILABLE: io exception
2019-08-30 07:35:08,623 [grpc-default-executor-0] INFO  impl.FollowerInfo (FollowerInfo.java:lambda$new$0(50)) - a45a7528-2ba0-4bc3-913c-850122b1269f->acc690db-1381-479d-90ad-8aa346d73f29: nextIndex: updateUnconditionally 0 -> 0
2019-08-30 07:35:08,715 [main] INFO  ozoneimpl.OzoneContainer (OzoneContainer.java:stop(199)) - Attempting to stop container services.
2019-08-30 07:35:08,715 [main] INFO  impl.RaftServerProxy (RaftServerProxy.java:lambda$close$4(314)) - cb5a5d16-88a3-41b0-858f-6232e86de455: close
2019-08-30 07:35:08,715 [main] INFO  server.GrpcService (GrpcService.java:closeImpl(155)) - cb5a5d16-88a3-41b0-858f-6232e86de455: shutdown server with port 39426 now
2019-08-30 07:35:08,716 [main] INFO  server.GrpcService (GrpcService.java:closeImpl(163)) - cb5a5d16-88a3-41b0-858f-6232e86de455: shutdown server with port 39426 successfully
2019-08-30 07:35:08,717 [main] INFO  utils.BackgroundService (BackgroundService.java:shutdown(148)) - Shutting down service BlockDeletingService
2019-08-30 07:35:08,719 [refreshUsed-/workdir/hadoop-ozone/integration-test/target/test-dir/MiniOzoneClusterImpl-e2a0042e-8006-48d2-a527-f4f759a7d1b5/datanode-7/data/containers] WARN  fs.CachingGetSpaceUsed (CachingGetSpaceUsed.java:run(183)) - Thread Interrupted waiting to refresh disk information: sleep interrupted
2019-08-30 07:35:08,740 [main] INFO  statemachine.DatanodeStateMachine (DatanodeStateMachine.java:stopDaemon(395)) - Ozone container server stopped.
2019-08-30 07:35:08,740 [ForkJoinPool.commonPool-worker-0] INFO  ozoneimpl.OzoneContainer (OzoneContainer.java:stop(199)) - Attempting to stop container services.
2019-08-30 07:35:08,741 [ForkJoinPool.commonPool-worker-0] INFO  impl.RaftServerProxy (RaftServerProxy.java:lambda$close$4(314)) - a45a7528-2ba0-4bc3-913c-850122b1269f: close
2019-08-30 07:35:08,741 [ForkJoinPool.commonPool-worker-0] INFO  impl.RaftServerImpl (RaftServerImpl.java:lambda$shutdown$3(245)) - a45a7528-2ba0-4bc3-913c-850122b1269f: shutdown group-70018C5AE2E4
2019-08-30 07:35:08,741 [ForkJoinPool.commonPool-worker-0] INFO  util.JmxRegister (JmxRegister.java:unregister(73)) - Successfully un-registered JMX Bean with object name Ratis:service=RaftServer,group=group-70018C5AE2E4,id=a45a7528-2ba0-4bc3-913c-850122b1269f
2019-08-30 07:35:08,742 [ForkJoinPool.commonPool-worker-0] INFO  impl.RoleInfo (RoleInfo.java:shutdownLeaderElection(134)) - a45a7528-2ba0-4bc3-913c-850122b1269f: shutdown LeaderElection
2019-08-30 07:35:08,742 [ForkJoinPool.commonPool-worker-0] INFO  impl.StateMachineUpdater (StateMachineUpdater.java:stopAndJoin(115)) - StateMachineUpdater:a45a7528-2ba0-4bc3-913c-850122b1269f:group-70018C5AE2E4: set stopIndex = 0
2019-08-30 07:35:08,742 [ForkJoinPool.commonPool-worker-0] INFO  impl.RaftServerImpl (ServerState.java:close(394)) - a45a7528-2ba0-4bc3-913c-850122b1269f:group-70018C5AE2E4 closes. The last applied log index is 0
2019-08-30 07:35:08,743 [a45a7528-2ba0-4bc3-913c-850122b1269f-SegmentedRaftLogWorker:Storage Directory /workdir/hadoop-ozone/integration-test/target/test-dir/MiniOzoneClusterImpl-e2a0042e-8006-48d2-a527-f4f759a7d1b5/datanode-1/data/ratis/9779bb75-e5df-4048-98d0-70018c5ae2e4] INFO  segmented.SegmentedRaftLogWorker (SegmentedRaftLogWorker.java:run(313)) - a45a7528-2ba0-4bc3-913c-850122b1269f-SegmentedRaftLogWorker:Storage Directory /workdir/hadoop-ozone/integration-test/target/test-dir/MiniOzoneClusterImpl-e2a0042e-8006-48d2-a527-f4f759a7d1b5/datanode-1/data/ratis/9779bb75-e5df-4048-98d0-70018c5ae2e4 was interrupted, exiting. There are 0 tasks remaining in the queue.
2019-08-30 07:35:08,743 [ForkJoinPool.commonPool-worker-0] INFO  segmented.SegmentedRaftLogWorker (SegmentedRaftLogWorker.java:close(228)) - a45a7528-2ba0-4bc3-913c-850122b1269f-SegmentedRaftLogWorker:Storage Directory /workdir/hadoop-ozone/integration-test/target/test-dir/MiniOzoneClusterImpl-e2a0042e-8006-48d2-a527-f4f759a7d1b5/datanode-1/data/ratis/9779bb75-e5df-4048-98d0-70018c5ae2e4 close()
2019-08-30 07:35:08,744 [ForkJoinPool.commonPool-worker-0] INFO  impl.RaftServerImpl (RaftServerImpl.java:lambda$shutdown$3(245)) - a45a7528-2ba0-4bc3-913c-850122b1269f: shutdown group-CA76A3A1922C
2019-08-30 07:35:08,745 [ForkJoinPool.commonPool-worker-0] INFO  util.JmxRegister (JmxRegister.java:unregister(73)) - Successfully un-registered JMX Bean with object name Ratis:service=RaftServer,group=group-CA76A3A1922C,id=a45a7528-2ba0-4bc3-913c-850122b1269f
2019-08-30 07:35:08,745 [ForkJoinPool.commonPool-worker-0] INFO  impl.RoleInfo (RoleInfo.java:shutdownLeaderState(104)) - a45a7528-2ba0-4bc3-913c-850122b1269f: shutdown LeaderState
2019-08-30 07:35:08,747 [ForkJoinPool.commonPool-worker-0] INFO  impl.PendingRequests (PendingRequests.java:sendNotLeaderResponses(202)) - a45a7528-2ba0-4bc3-913c-850122b1269f-PendingRequests: sendNotLeaderResponses
2019-08-30 07:35:08,747 [org.apache.ratis.server.impl.LogAppender$AppenderDaemon$$Lambda$404/492886485@5692783a] WARN  server.GrpcLogAppender (GrpcLogAppender.java:mayWait(143)) - GrpcLogAppender(a45a7528-2ba0-4bc3-913c-850122b1269f->acc690db-1381-479d-90ad-8aa346d73f29): Wait interrupted by java.lang.InterruptedException
2019-08-30 07:35:08,747 [org.apache.ratis.server.impl.LogAppender$AppenderDaemon$$Lambda$404/492886485@1390ec8c] WARN  server.GrpcLogAppender (GrpcLogAppender.java:mayWait(143)) - GrpcLogAppender(a45a7528-2ba0-4bc3-913c-850122b1269f->c1f9b5f6-3f1a-4e58-b5c3-6c327452b89e): Wait interrupted by java.lang.InterruptedException
2019-08-30 07:35:08,747 [ForkJoinPool.commonPool-worker-0] INFO  impl.StateMachineUpdater (StateMachineUpdater.java:stopAndJoin(115)) - StateMachineUpdater:a45a7528-2ba0-4bc3-913c-850122b1269f:group-CA76A3A1922C: set stopIndex = 0
2019-08-30 07:35:08,748 [ForkJoinPool.commonPool-worker-0] INFO  impl.RaftServerImpl (ServerState.java:close(394)) - a45a7528-2ba0-4bc3-913c-850122b1269f:group-CA76A3A1922C closes. The last applied log index is 0
2019-08-30 07:35:08,748 [a45a7528-2ba0-4bc3-913c-850122b1269f-SegmentedRaftLogWorker:Storage Directory /workdir/hadoop-ozone/integration-test/target/test-dir/MiniOzoneClusterImpl-e2a0042e-8006-48d2-a527-f4f759a7d1b5/datanode-1/data/ratis/08513cd7-a381-4a46-ae3e-ca76a3a1922c] INFO  segmented.SegmentedRaftLogWorker (SegmentedRaftLogWorker.java:run(313)) - a45a7528-2ba0-4bc3-913c-850122b1269f-SegmentedRaftLogWorker:Storage Directory /workdir/hadoop-ozone/integration-test/target/test-dir/MiniOzoneClusterImpl-e2a0042e-8006-48d2-a527-f4f759a7d1b5/datanode-1/data/ratis/08513cd7-a381-4a46-ae3e-ca76a3a1922c was interrupted, exiting. There are 0 tasks remaining in the queue.
2019-08-30 07:35:08,748 [ForkJoinPool.commonPool-worker-0] INFO  segmented.SegmentedRaftLogWorker (SegmentedRaftLogWorker.java:close(228)) - a45a7528-2ba0-4bc3-913c-850122b1269f-SegmentedRaftLogWorker:Storage Directory /workdir/hadoop-ozone/integration-test/target/test-dir/MiniOzoneClusterImpl-e2a0042e-8006-48d2-a527-f4f759a7d1b5/datanode-1/data/ratis/08513cd7-a381-4a46-ae3e-ca76a3a1922c close()
2019-08-30 07:35:08,750 [ForkJoinPool.commonPool-worker-0] INFO  impl.RaftServerImpl (RaftServerImpl.java:lambda$shutdown$3(245)) - a45a7528-2ba0-4bc3-913c-850122b1269f: shutdown group-F9B49111EF33
2019-08-30 07:35:08,750 [ForkJoinPool.commonPool-worker-0] INFO  util.JmxRegister (JmxRegister.java:unregister(73)) - Successfully un-registered JMX Bean with object name Ratis:service=RaftServer,group=group-F9B49111EF33,id=a45a7528-2ba0-4bc3-913c-850122b1269f
2019-08-30 07:35:08,750 [ForkJoinPool.commonPool-worker-0] INFO  impl.RoleInfo (RoleInfo.java:shutdownLeaderElection(134)) - a45a7528-2ba0-4bc3-913c-850122b1269f: shutdown LeaderElection
2019-08-30 07:35:08,750 [ForkJoinPool.commonPool-worker-0] INFO  impl.StateMachineUpdater (StateMachineUpdater.java:stopAndJoin(115)) - StateMachineUpdater:a45a7528-2ba0-4bc3-913c-850122b1269f:group-F9B49111EF33: set stopIndex = 0
2019-08-30 07:35:08,751 [ForkJoinPool.commonPool-worker-0] INFO  impl.RaftServerImpl (ServerState.java:close(394)) - a45a7528-2ba0-4bc3-913c-850122b1269f:group-F9B49111EF33 closes. The last applied log index is 0
2019-08-30 07:35:08,751 [a45a7528-2ba0-4bc3-913c-850122b1269f-SegmentedRaftLogWorker:Storage Directory /workdir/hadoop-ozone/integration-test/target/test-dir/MiniOzoneClusterImpl-e2a0042e-8006-48d2-a527-f4f759a7d1b5/datanode-1/data/ratis/a431161b-4607-4a9c-92c2-f9b49111ef33] INFO  segmented.SegmentedRaftLogWorker (SegmentedRaftLogWorker.java:run(313)) - a45a7528-2ba0-4bc3-913c-850122b1269f-SegmentedRaftLogWorker:Storage Directory /workdir/hadoop-ozone/integration-test/target/test-dir/MiniOzoneClusterImpl-e2a0042e-8006-48d2-a527-f4f759a7d1b5/datanode-1/data/ratis/a431161b-4607-4a9c-92c2-f9b49111ef33 was interrupted, exiting. There are 0 tasks remaining in the queue.
2019-08-30 07:35:08,752 [ForkJoinPool.commonPool-worker-0] INFO  segmented.SegmentedRaftLogWorker (SegmentedRaftLogWorker.java:close(228)) - a45a7528-2ba0-4bc3-913c-850122b1269f-SegmentedRaftLogWorker:Storage Directory /workdir/hadoop-ozone/integration-test/target/test-dir/MiniOzoneClusterImpl-e2a0042e-8006-48d2-a527-f4f759a7d1b5/datanode-1/data/ratis/a431161b-4607-4a9c-92c2-f9b49111ef33 close()
2019-08-30 07:35:08,753 [ForkJoinPool.commonPool-worker-0] INFO  impl.RaftServerImpl (RaftServerImpl.java:lambda$shutdown$3(245)) - a45a7528-2ba0-4bc3-913c-850122b1269f: shutdown group-186677E0C462
2019-08-30 07:35:08,753 [ForkJoinPool.commonPool-worker-0] INFO  util.JmxRegister (JmxRegister.java:unregister(73)) - Successfully un-registered JMX Bean with object name Ratis:service=RaftServer,group=group-186677E0C462,id=a45a7528-2ba0-4bc3-913c-850122b1269f
2019-08-30 07:35:08,753 [ForkJoinPool.commonPool-worker-0] INFO  impl.RoleInfo (RoleInfo.java:shutdownLeaderElection(134)) - a45a7528-2ba0-4bc3-913c-850122b1269f: shutdown LeaderElection
2019-08-30 07:35:08,753 [ForkJoinPool.commonPool-worker-0] INFO  impl.StateMachineUpdater (StateMachineUpdater.java:stopAndJoin(115)) - StateMachineUpdater:a45a7528-2ba0-4bc3-913c-850122b1269f:group-186677E0C462: set stopIndex = 0
2019-08-30 07:35:08,754 [ForkJoinPool.commonPool-worker-0] INFO  impl.RaftServerImpl (ServerState.java:close(394)) - a45a7528-2ba0-4bc3-913c-850122b1269f:group-186677E0C462 closes. The last applied log index is 0
2019-08-30 07:35:08,754 [a45a7528-2ba0-4bc3-913c-850122b1269f-SegmentedRaftLogWorker:Storage Directory /workdir/hadoop-ozone/integration-test/target/test-dir/MiniOzoneClusterImpl-e2a0042e-8006-48d2-a527-f4f759a7d1b5/datanode-1/data/ratis/1e16680b-1ee8-4d8c-9dfc-186677e0c462] INFO  segmented.SegmentedRaftLogWorker (SegmentedRaftLogWorker.java:run(313)) - a45a7528-2ba0-4bc3-913c-850122b1269f-SegmentedRaftLogWorker:Storage Directory /workdir/hadoop-ozone/integration-test/target/test-dir/MiniOzoneClusterImpl-e2a0042e-8006-48d2-a527-f4f759a7d1b5/datanode-1/data/ratis/1e16680b-1ee8-4d8c-9dfc-186677e0c462 was interrupted, exiting. There are 0 tasks remaining in the queue.
2019-08-30 07:35:08,754 [ForkJoinPool.commonPool-worker-0] INFO  segmented.SegmentedRaftLogWorker (SegmentedRaftLogWorker.java:close(228)) - a45a7528-2ba0-4bc3-913c-850122b1269f-SegmentedRaftLogWorker:Storage Directory /workdir/hadoop-ozone/integration-test/target/test-dir/MiniOzoneClusterImpl-e2a0042e-8006-48d2-a527-f4f759a7d1b5/datanode-1/data/ratis/1e16680b-1ee8-4d8c-9dfc-186677e0c462 close()
2019-08-30 07:35:08,758 [ForkJoinPool.commonPool-worker-0] INFO  impl.RaftServerImpl (RaftServerImpl.java:lambda$shutdown$3(245)) - a45a7528-2ba0-4bc3-913c-850122b1269f: shutdown group-C640FB00525B
2019-08-30 07:35:08,758 [ForkJoinPool.commonPool-worker-0] INFO  util.JmxRegister (JmxRegister.java:unregister(73)) - Successfully un-registered JMX Bean with object name Ratis:service=RaftServer,group=group-C640FB00525B,id=a45a7528-2ba0-4bc3-913c-850122b1269f
2019-08-30 07:35:08,759 [ForkJoinPool.commonPool-worker-0] INFO  impl.RoleInfo (RoleInfo.java:shutdownLeaderElection(134)) - a45a7528-2ba0-4bc3-913c-850122b1269f: shutdown LeaderElection
2019-08-30 07:35:08,759 [ForkJoinPool.commonPool-worker-0] INFO  impl.StateMachineUpdater (StateMachineUpdater.java:stopAndJoin(115)) - StateMachineUpdater:a45a7528-2ba0-4bc3-913c-850122b1269f:group-C640FB00525B: set stopIndex = 0
2019-08-30 07:35:08,759 [ForkJoinPool.commonPool-worker-0] INFO  impl.RaftServerImpl (ServerState.java:close(394)) - a45a7528-2ba0-4bc3-913c-850122b1269f:group-C640FB00525B closes. The last applied log index is 0
2019-08-30 07:35:08,759 [a45a7528-2ba0-4bc3-913c-850122b1269f-SegmentedRaftLogWorker:Storage Directory /workdir/hadoop-ozone/integration-test/target/test-dir/MiniOzoneClusterImpl-e2a0042e-8006-48d2-a527-f4f759a7d1b5/datanode-1/data/ratis/e242280e-f197-4ae3-a579-c640fb00525b] INFO  segmented.SegmentedRaftLogWorker (SegmentedRaftLogWorker.java:run(313)) - a45a7528-2ba0-4bc3-913c-850122b1269f-SegmentedRaftLogWorker:Storage Directory /workdir/hadoop-ozone/integration-test/target/test-dir/MiniOzoneClusterImpl-e2a0042e-8006-48d2-a527-f4f759a7d1b5/datanode-1/data/ratis/e242280e-f197-4ae3-a579-c640fb00525b was interrupted, exiting. There are 0 tasks remaining in the queue.
2019-08-30 07:35:08,760 [ForkJoinPool.commonPool-worker-0] INFO  segmented.SegmentedRaftLogWorker (SegmentedRaftLogWorker.java:close(228)) - a45a7528-2ba0-4bc3-913c-850122b1269f-SegmentedRaftLogWorker:Storage Directory /workdir/hadoop-ozone/integration-test/target/test-dir/MiniOzoneClusterImpl-e2a0042e-8006-48d2-a527-f4f759a7d1b5/datanode-1/data/ratis/e242280e-f197-4ae3-a579-c640fb00525b close()
2019-08-30 07:35:08,760 [ForkJoinPool.commonPool-worker-0] INFO  impl.RaftServerImpl (RaftServerImpl.java:lambda$shutdown$3(245)) - a45a7528-2ba0-4bc3-913c-850122b1269f: shutdown group-BC5BBD1BED6A
2019-08-30 07:35:08,760 [ForkJoinPool.commonPool-worker-0] INFO  util.JmxRegister (JmxRegister.java:unregister(73)) - Successfully un-registered JMX Bean with object name Ratis:service=RaftServer,group=group-BC5BBD1BED6A,id=a45a7528-2ba0-4bc3-913c-850122b1269f
2019-08-30 07:35:08,761 [ForkJoinPool.commonPool-worker-0] INFO  impl.RoleInfo (RoleInfo.java:shutdownLeaderElection(134)) - a45a7528-2ba0-4bc3-913c-850122b1269f: shutdown LeaderElection
2019-08-30 07:35:08,761 [ForkJoinPool.commonPool-worker-0] INFO  impl.StateMachineUpdater (StateMachineUpdater.java:stopAndJoin(115)) - StateMachineUpdater:a45a7528-2ba0-4bc3-913c-850122b1269f:group-BC5BBD1BED6A: set stopIndex = -1
2019-08-30 07:35:08,761 [ForkJoinPool.commonPool-worker-0] INFO  impl.RaftServerImpl (ServerState.java:close(394)) - a45a7528-2ba0-4bc3-913c-850122b1269f:group-BC5BBD1BED6A closes. The last applied log index is -1
2019-08-30 07:35:08,762 [a45a7528-2ba0-4bc3-913c-850122b1269f-SegmentedRaftLogWorker:Storage Directory /workdir/hadoop-ozone/integration-test/target/test-dir/MiniOzoneClusterImpl-e2a0042e-8006-48d2-a527-f4f759a7d1b5/datanode-1/data/ratis/d9b9f0f8-1571-4c22-9895-bc5bbd1bed6a] INFO  segmented.SegmentedRaftLogWorker (SegmentedRaftLogWorker.java:run(313)) - a45a7528-2ba0-4bc3-913c-850122b1269f-SegmentedRaftLogWorker:Storage Directory /workdir/hadoop-ozone/integration-test/target/test-dir/MiniOzoneClusterImpl-e2a0042e-8006-48d2-a527-f4f759a7d1b5/datanode-1/data/ratis/d9b9f0f8-1571-4c22-9895-bc5bbd1bed6a was interrupted, exiting. There are 0 tasks remaining in the queue.
2019-08-30 07:35:08,762 [ForkJoinPool.commonPool-worker-0] INFO  segmented.SegmentedRaftLogWorker (SegmentedRaftLogWorker.java:close(228)) - a45a7528-2ba0-4bc3-913c-850122b1269f-SegmentedRaftLogWorker:Storage Directory /workdir/hadoop-ozone/integration-test/target/test-dir/MiniOzoneClusterImpl-e2a0042e-8006-48d2-a527-f4f759a7d1b5/datanode-1/data/ratis/d9b9f0f8-1571-4c22-9895-bc5bbd1bed6a close()
2019-08-30 07:35:08,762 [ForkJoinPool.commonPool-worker-0] INFO  impl.RaftServerImpl (RaftServerImpl.java:lambda$shutdown$3(245)) - a45a7528-2ba0-4bc3-913c-850122b1269f: shutdown group-976E926B68E9
2019-08-30 07:35:08,762 [ForkJoinPool.commonPool-worker-0] INFO  util.JmxRegister (JmxRegister.java:unregister(73)) - Successfully un-registered JMX Bean with object name Ratis:service=RaftServer,group=group-976E926B68E9,id=a45a7528-2ba0-4bc3-913c-850122b1269f
2019-08-30 07:35:08,763 [ForkJoinPool.commonPool-worker-0] INFO  impl.RoleInfo (RoleInfo.java:shutdownLeaderState(104)) - a45a7528-2ba0-4bc3-913c-850122b1269f: shutdown LeaderState
2019-08-30 07:35:08,764 [ForkJoinPool.commonPool-worker-0] INFO  impl.PendingRequests (PendingRequests.java:sendNotLeaderResponses(202)) - a45a7528-2ba0-4bc3-913c-850122b1269f-PendingRequests: sendNotLeaderResponses
2019-08-30 07:35:08,764 [org.apache.ratis.server.impl.LogAppender$AppenderDaemon$$Lambda$404/492886485@674a4b5] WARN  server.GrpcLogAppender (GrpcLogAppender.java:mayWait(143)) - GrpcLogAppender(a45a7528-2ba0-4bc3-913c-850122b1269f->c1f9b5f6-3f1a-4e58-b5c3-6c327452b89e): Wait interrupted by java.lang.InterruptedException
2019-08-30 07:35:08,764 [org.apache.ratis.server.impl.LogAppender$AppenderDaemon$$Lambda$404/492886485@437632bf] WARN  server.GrpcLogAppender (GrpcLogAppender.java:mayWait(143)) - GrpcLogAppender(a45a7528-2ba0-4bc3-913c-850122b1269f->acc690db-1381-479d-90ad-8aa346d73f29): Wait interrupted by java.lang.InterruptedException
2019-08-30 07:35:08,765 [ForkJoinPool.commonPool-worker-0] INFO  impl.StateMachineUpdater (StateMachineUpdater.java:stopAndJoin(115)) - StateMachineUpdater:a45a7528-2ba0-4bc3-913c-850122b1269f:group-976E926B68E9: set stopIndex = 0
2019-08-30 07:35:08,765 [ForkJoinPool.commonPool-worker-0] INFO  impl.RaftServerImpl (ServerState.java:close(394)) - a45a7528-2ba0-4bc3-913c-850122b1269f:group-976E926B68E9 closes. The last applied log index is 0
2019-08-30 07:35:08,766 [a45a7528-2ba0-4bc3-913c-850122b1269f-SegmentedRaftLogWorker:Storage Directory /workdir/hadoop-ozone/integration-test/target/test-dir/MiniOzoneClusterImpl-e2a0042e-8006-48d2-a527-f4f759a7d1b5/datanode-1/data/ratis/666ef901-fd1d-4d9d-8c0c-976e926b68e9] INFO  segmented.SegmentedRaftLogWorker (SegmentedRaftLogWorker.java:run(313)) - a45a7528-2ba0-4bc3-913c-850122b1269f-SegmentedRaftLogWorker:Storage Directory /workdir/hadoop-ozone/integration-test/target/test-dir/MiniOzoneClusterImpl-e2a0042e-8006-48d2-a527-f4f759a7d1b5/datanode-1/data/ratis/666ef901-fd1d-4d9d-8c0c-976e926b68e9 was interrupted, exiting. There are 0 tasks remaining in the queue.
2019-08-30 07:35:08,766 [ForkJoinPool.commonPool-worker-0] INFO  segmented.SegmentedRaftLogWorker (SegmentedRaftLogWorker.java:close(228)) - a45a7528-2ba0-4bc3-913c-850122b1269f-SegmentedRaftLogWorker:Storage Directory /workdir/hadoop-ozone/integration-test/target/test-dir/MiniOzoneClusterImpl-e2a0042e-8006-48d2-a527-f4f759a7d1b5/datanode-1/data/ratis/666ef901-fd1d-4d9d-8c0c-976e926b68e9 close()
2019-08-30 07:35:08,766 [ForkJoinPool.commonPool-worker-0] INFO  server.GrpcService (GrpcService.java:closeImpl(155)) - a45a7528-2ba0-4bc3-913c-850122b1269f: shutdown server with port 32945 now
2019-08-30 07:35:08,767 [ForkJoinPool.commonPool-worker-0] INFO  server.GrpcService (GrpcService.java:closeImpl(163)) - a45a7528-2ba0-4bc3-913c-850122b1269f: shutdown server with port 32945 successfully
2019-08-30 07:35:08,770 [ForkJoinPool.commonPool-worker-0] INFO  utils.BackgroundService (BackgroundService.java:shutdown(148)) - Shutting down service BlockDeletingService
2019-08-30 07:35:08,771 [refreshUsed-/workdir/hadoop-ozone/integration-test/target/test-dir/MiniOzoneClusterImpl-e2a0042e-8006-48d2-a527-f4f759a7d1b5/datanode-1/data/containers] WARN  fs.CachingGetSpaceUsed (CachingGetSpaceUsed.java:run(183)) - Thread Interrupted waiting to refresh disk information: sleep interrupted
2019-08-30 07:35:08,781 [a45a7528-2ba0-4bc3-913c-850122b1269f:group-BC5BBD1BED6A:LeaderElection50] INFO  impl.LeaderElection (LeaderElection.java:askForVotes(181)) - a45a7528-2ba0-4bc3-913c-850122b1269f:group-BC5BBD1BED6A:LeaderElection50: begin an election at term 9 for -1: [acc690db-1381-479d-90ad-8aa346d73f29:192.168.5.156:37691, f20ba990-a1ec-4251-b44f-b0954e9459c1:192.168.5.156:36913, a45a7528-2ba0-4bc3-913c-850122b1269f:192.168.5.156:32945], old=null
2019-08-30 07:35:08,781 [a45a7528-2ba0-4bc3-913c-850122b1269f:group-F9B49111EF33:LeaderElection53] INFO  impl.LeaderElection (LeaderElection.java:askForVotes(181)) - a45a7528-2ba0-4bc3-913c-850122b1269f:group-F9B49111EF33:LeaderElection53: begin an election at term 5 for 0: [acc690db-1381-479d-90ad-8aa346d73f29:192.168.5.156:37691, c1f9b5f6-3f1a-4e58-b5c3-6c327452b89e:192.168.5.156:46765, a45a7528-2ba0-4bc3-913c-850122b1269f:192.168.5.156:32945], old=null
2019-08-30 07:35:08,781 [a45a7528-2ba0-4bc3-913c-850122b1269f:group-70018C5AE2E4:LeaderElection52] INFO  impl.LeaderElection (LeaderElection.java:askForVotes(181)) - a45a7528-2ba0-4bc3-913c-850122b1269f:group-70018C5AE2E4:LeaderElection52: begin an election at term 5 for 0: [acc690db-1381-479d-90ad-8aa346d73f29:192.168.5.156:37691, c1f9b5f6-3f1a-4e58-b5c3-6c327452b89e:192.168.5.156:46765, a45a7528-2ba0-4bc3-913c-850122b1269f:192.168.5.156:32945], old=null
2019-08-30 07:35:08,781 [a45a7528-2ba0-4bc3-913c-850122b1269f:group-C640FB00525B:LeaderElection51] INFO  impl.LeaderElection (LeaderElection.java:askForVotes(181)) - a45a7528-2ba0-4bc3-913c-850122b1269f:group-C640FB00525B:LeaderElection51: begin an election at term 5 for 0: [acc690db-1381-479d-90ad-8aa346d73f29:192.168.5.156:37691, c1f9b5f6-3f1a-4e58-b5c3-6c327452b89e:192.168.5.156:46765, a45a7528-2ba0-4bc3-913c-850122b1269f:192.168.5.156:32945], old=null
2019-08-30 07:35:08,781 [a45a7528-2ba0-4bc3-913c-850122b1269f:group-186677E0C462:LeaderElection49] INFO  impl.LeaderElection (LeaderElection.java:askForVotes(181)) - a45a7528-2ba0-4bc3-913c-850122b1269f:group-186677E0C462:LeaderElection49: begin an election at term 5 for 0: [acc690db-1381-479d-90ad-8aa346d73f29:192.168.5.156:37691, c1f9b5f6-3f1a-4e58-b5c3-6c327452b89e:192.168.5.156:46765, a45a7528-2ba0-4bc3-913c-850122b1269f:192.168.5.156:32945], old=null
2019-08-30 07:35:08,782 [a45a7528-2ba0-4bc3-913c-850122b1269f:group-C640FB00525B:LeaderElection51] INFO  impl.LeaderElection (LogUtils.java:infoOrTrace(149)) - Failed a45a7528-2ba0-4bc3-913c-850122b1269f:group-C640FB00525B:LeaderElection51, state=CLOSING: {}
java.lang.IllegalArgumentException: a45a7528-2ba0-4bc3-913c-850122b1269f-SegmentedRaftLog is expected to be opened but it is CLOSED
	at org.apache.ratis.util.OpenCloseState.assertOpen(OpenCloseState.java:63)
	at org.apache.ratis.server.raftlog.RaftLog.checkLogState(RaftLog.java:101)
	at org.apache.ratis.server.raftlog.segmented.SegmentedRaftLog.getLastEntryTermIndex(SegmentedRaftLog.java:263)
	at org.apache.ratis.server.impl.LeaderElection.askForVotes(LeaderElection.java:183)
	at org.apache.ratis.server.impl.LeaderElection.run(LeaderElection.java:130)
	at java.lang.Thread.run(Thread.java:748)
Caused by: org.apache.ratis.util.OpenCloseState$CloseTrace: Close a45a7528-2ba0-4bc3-913c-850122b1269f-SegmentedRaftLog
	at org.apache.ratis.util.OpenCloseState.lambda$close$1(OpenCloseState.java:109)
	at java.util.concurrent.atomic.AtomicReference.getAndUpdate(AtomicReference.java:160)
	at org.apache.ratis.util.OpenCloseState.close(OpenCloseState.java:109)
	at org.apache.ratis.server.raftlog.RaftLog.close(RaftLog.java:437)
	at org.apache.ratis.server.raftlog.segmented.SegmentedRaftLog.close(SegmentedRaftLog.java:428)
	at org.apache.ratis.server.impl.ServerState.close(ServerState.java:397)
	at org.apache.ratis.server.impl.RaftServerImpl.lambda$shutdown$3(RaftServerImpl.java:267)
	at org.apache.ratis.util.LifeCycle.lambda$checkStateAndClose$2(LifeCycle.java:231)
	at org.apache.ratis.util.LifeCycle.checkStateAndClose(LifeCycle.java:251)
	at org.apache.ratis.util.LifeCycle.checkStateAndClose(LifeCycle.java:229)
	at org.apache.ratis.server.impl.RaftServerImpl.shutdown(RaftServerImpl.java:244)
	at org.apache.ratis.server.impl.RaftServerProxy$ImplMap.lambda$close$0(RaftServerProxy.java:107)
	at java.util.stream.ForEachOps$ForEachOp$OfRef.accept(ForEachOps.java:184)
	at java.util.stream.ReferencePipeline$3$1.accept(ReferencePipeline.java:193)
	at java.util.concurrent.ConcurrentHashMap$ValueSpliterator.forEachRemaining(ConcurrentHashMap.java:3566)
	at java.util.stream.AbstractPipeline.copyInto(AbstractPipeline.java:482)
	at java.util.stream.ForEachOps$ForEachTask.compute(ForEachOps.java:291)
	at java.util.concurrent.CountedCompleter.exec(CountedCompleter.java:731)
	at java.util.concurrent.ForkJoinTask.doExec(ForkJoinTask.java:289)
	at java.util.concurrent.ForkJoinPool.helpComplete(ForkJoinPool.java:1870)
	at java.util.concurrent.ForkJoinPool.awaitJoin(ForkJoinPool.java:2045)
	at java.util.concurrent.ForkJoinTask.doInvoke(ForkJoinTask.java:404)
	at java.util.concurrent.ForkJoinTask.invoke(ForkJoinTask.java:734)
	at java.util.stream.ForEachOps$ForEachOp.evaluateParallel(ForEachOps.java:160)
	at java.util.stream.ForEachOps$ForEachOp$OfRef.evaluateParallel(ForEachOps.java:174)
	at java.util.stream.AbstractPipeline.evaluate(AbstractPipeline.java:233)
	at java.util.stream.ReferencePipeline.forEach(ReferencePipeline.java:418)
	at org.apache.ratis.server.impl.RaftServerProxy$ImplMap.close(RaftServerProxy.java:107)
	at org.apache.ratis.server.impl.RaftServerProxy.lambda$close$4(RaftServerProxy.java:315)
	at org.apache.ratis.util.LifeCycle.lambda$checkStateAndClose$2(LifeCycle.java:231)
	at org.apache.ratis.util.LifeCycle.checkStateAndClose(LifeCycle.java:251)
	at org.apache.ratis.util.LifeCycle.checkStateAndClose(LifeCycle.java:229)
	at org.apache.ratis.server.impl.RaftServerProxy.close(RaftServerProxy.java:313)
	at org.apache.hadoop.ozone.container.common.transport.server.ratis.XceiverServerRatis.stop(XceiverServerRatis.java:434)
	at org.apache.hadoop.ozone.container.ozoneimpl.OzoneContainer.stop(OzoneContainer.java:201)
	at org.apache.hadoop.ozone.container.common.statemachine.DatanodeStateMachine.close(DatanodeStateMachine.java:270)
	at org.apache.hadoop.ozone.container.common.statemachine.DatanodeStateMachine.stopDaemon(DatanodeStateMachine.java:394)
	at org.apache.hadoop.ozone.HddsDatanodeService.stop(HddsDatanodeService.java:458)
	at org.apache.hadoop.ozone.MiniOzoneClusterImpl.lambda$stop$2(MiniOzoneClusterImpl.java:347)
	at java.util.stream.ForEachOps$ForEachOp$OfRef.accept(ForEachOps.java:184)
	at java.util.ArrayList$ArrayListSpliterator.forEachRemaining(ArrayList.java:1382)
	at java.util.stream.AbstractPipeline.copyInto(AbstractPipeline.java:482)
	at java.util.stream.ForEachOps$ForEachTask.compute(ForEachOps.java:291)
	at java.util.concurrent.CountedCompleter.exec(CountedCompleter.java:731)
	at java.util.concurrent.ForkJoinTask.doExec(ForkJoinTask.java:289)
	at java.util.concurrent.ForkJoinPool$WorkQueue.execLocalTasks(ForkJoinPool.java:1040)
	at java.util.concurrent.ForkJoinPool$WorkQueue.runTask(ForkJoinPool.java:1058)
	at java.util.concurrent.ForkJoinPool.runWorker(ForkJoinPool.java:1692)
	at java.util.concurrent.ForkJoinWorkerThread.run(ForkJoinWorkerThread.java:157)
2019-08-30 07:35:08,781 [a45a7528-2ba0-4bc3-913c-850122b1269f:group-70018C5AE2E4:LeaderElection52] INFO  impl.LeaderElection (LogUtils.java:infoOrTrace(149)) - Failed a45a7528-2ba0-4bc3-913c-850122b1269f:group-70018C5AE2E4:LeaderElection52, state=CLOSING: {}
java.lang.IllegalArgumentException: a45a7528-2ba0-4bc3-913c-850122b1269f-SegmentedRaftLog is expected to be opened but it is CLOSED
	at org.apache.ratis.util.OpenCloseState.assertOpen(OpenCloseState.java:63)
	at org.apache.ratis.server.raftlog.RaftLog.checkLogState(RaftLog.java:101)
	at org.apache.ratis.server.raftlog.segmented.SegmentedRaftLog.getLastEntryTermIndex(SegmentedRaftLog.java:263)
	at org.apache.ratis.server.impl.LeaderElection.askForVotes(LeaderElection.java:183)
	at org.apache.ratis.server.impl.LeaderElection.run(LeaderElection.java:130)
	at java.lang.Thread.run(Thread.java:748)
Caused by: org.apache.ratis.util.OpenCloseState$CloseTrace: Close a45a7528-2ba0-4bc3-913c-850122b1269f-SegmentedRaftLog
	at org.apache.ratis.util.OpenCloseState.lambda$close$1(OpenCloseState.java:109)
	at java.util.concurrent.atomic.AtomicReference.getAndUpdate(AtomicReference.java:160)
	at org.apache.ratis.util.OpenCloseState.close(OpenCloseState.java:109)
	at org.apache.ratis.server.raftlog.RaftLog.close(RaftLog.java:437)
	at org.apache.ratis.server.raftlog.segmented.SegmentedRaftLog.close(SegmentedRaftLog.java:428)
	at org.apache.ratis.server.impl.ServerState.close(ServerState.java:397)
	at org.apache.ratis.server.impl.RaftServerImpl.lambda$shutdown$3(RaftServerImpl.java:267)
	at org.apache.ratis.util.LifeCycle.lambda$checkStateAndClose$2(LifeCycle.java:231)
	at org.apache.ratis.util.LifeCycle.checkStateAndClose(LifeCycle.java:251)
	at org.apache.ratis.util.LifeCycle.checkStateAndClose(LifeCycle.java:229)
	at org.apache.ratis.server.impl.RaftServerImpl.shutdown(RaftServerImpl.java:244)
	at org.apache.ratis.server.impl.RaftServerProxy$ImplMap.lambda$close$0(RaftServerProxy.java:107)
	at java.util.stream.ForEachOps$ForEachOp$OfRef.accept(ForEachOps.java:184)
	at java.util.stream.ReferencePipeline$3$1.accept(ReferencePipeline.java:193)
	at java.util.concurrent.ConcurrentHashMap$ValueSpliterator.forEachRemaining(ConcurrentHashMap.java:3566)
	at java.util.stream.AbstractPipeline.copyInto(AbstractPipeline.java:482)
	at java.util.stream.ForEachOps$ForEachTask.compute(ForEachOps.java:291)
	at java.util.concurrent.CountedCompleter.exec(CountedCompleter.java:731)
	at java.util.concurrent.ForkJoinTask.doExec(ForkJoinTask.java:289)
	at java.util.concurrent.ForkJoinTask.doInvoke(ForkJoinTask.java:401)
	at java.util.concurrent.ForkJoinTask.invoke(ForkJoinTask.java:734)
	at java.util.stream.ForEachOps$ForEachOp.evaluateParallel(ForEachOps.java:160)
	at java.util.stream.ForEachOps$ForEachOp$OfRef.evaluateParallel(ForEachOps.java:174)
	at java.util.stream.AbstractPipeline.evaluate(AbstractPipeline.java:233)
	at java.util.stream.ReferencePipeline.forEach(ReferencePipeline.java:418)
	at org.apache.ratis.server.impl.RaftServerProxy$ImplMap.close(RaftServerProxy.java:107)
	at org.apache.ratis.server.impl.RaftServerProxy.lambda$close$4(RaftServerProxy.java:315)
	at org.apache.ratis.util.LifeCycle.lambda$checkStateAndClose$2(LifeCycle.java:231)
	at org.apache.ratis.util.LifeCycle.checkStateAndClose(LifeCycle.java:251)
	at org.apache.ratis.util.LifeCycle.checkStateAndClose(LifeCycle.java:229)
	at org.apache.ratis.server.impl.RaftServerProxy.close(RaftServerProxy.java:313)
	at org.apache.hadoop.ozone.container.common.transport.server.ratis.XceiverServerRatis.stop(XceiverServerRatis.java:434)
	at org.apache.hadoop.ozone.container.ozoneimpl.OzoneContainer.stop(OzoneContainer.java:201)
	at org.apache.hadoop.ozone.container.common.statemachine.DatanodeStateMachine.close(DatanodeStateMachine.java:270)
	at org.apache.hadoop.ozone.container.common.statemachine.DatanodeStateMachine.stopDaemon(DatanodeStateMachine.java:394)
	at org.apache.hadoop.ozone.HddsDatanodeService.stop(HddsDatanodeService.java:458)
	at org.apache.hadoop.ozone.MiniOzoneClusterImpl.lambda$stop$2(MiniOzoneClusterImpl.java:347)
	at java.util.stream.ForEachOps$ForEachOp$OfRef.accept(ForEachOps.java:184)
	at java.util.ArrayList$ArrayListSpliterator.forEachRemaining(ArrayList.java:1382)
	at java.util.stream.AbstractPipeline.copyInto(AbstractPipeline.java:482)
	at java.util.stream.ForEachOps$ForEachTask.compute(ForEachOps.java:291)
	at java.util.concurrent.CountedCompleter.exec(CountedCompleter.java:731)
	at java.util.concurrent.ForkJoinTask.doExec(ForkJoinTask.java:289)
	at java.util.concurrent.ForkJoinPool$WorkQueue.execLocalTasks(ForkJoinPool.java:1040)
	at java.util.concurrent.ForkJoinPool$WorkQueue.runTask(ForkJoinPool.java:1058)
	at java.util.concurrent.ForkJoinPool.runWorker(ForkJoinPool.java:1692)
	at java.util.concurrent.ForkJoinWorkerThread.run(ForkJoinWorkerThread.java:157)
2019-08-30 07:35:08,785 [a45a7528-2ba0-4bc3-913c-850122b1269f:group-70018C5AE2E4:LeaderElection52] INFO  impl.LeaderElection (LeaderElection.java:run(141)) - a45a7528-2ba0-4bc3-913c-850122b1269f:group-70018C5AE2E4:LeaderElection52: IllegalArgumentException is safely ignored since this is already CLOSING
2019-08-30 07:35:08,781 [a45a7528-2ba0-4bc3-913c-850122b1269f:group-F9B49111EF33:LeaderElection53] INFO  impl.LeaderElection (LogUtils.java:infoOrTrace(149)) - Failed a45a7528-2ba0-4bc3-913c-850122b1269f:group-F9B49111EF33:LeaderElection53, state=CLOSING: {}
java.lang.IllegalArgumentException: a45a7528-2ba0-4bc3-913c-850122b1269f-SegmentedRaftLog is expected to be opened but it is CLOSED
	at org.apache.ratis.util.OpenCloseState.assertOpen(OpenCloseState.java:63)
	at org.apache.ratis.server.raftlog.RaftLog.checkLogState(RaftLog.java:101)
	at org.apache.ratis.server.raftlog.segmented.SegmentedRaftLog.getLastEntryTermIndex(SegmentedRaftLog.java:263)
	at org.apache.ratis.server.impl.LeaderElection.askForVotes(LeaderElection.java:183)
	at org.apache.ratis.server.impl.LeaderElection.run(LeaderElection.java:130)
	at java.lang.Thread.run(Thread.java:748)
Caused by: org.apache.ratis.util.OpenCloseState$CloseTrace: Close a45a7528-2ba0-4bc3-913c-850122b1269f-SegmentedRaftLog
	at org.apache.ratis.util.OpenCloseState.lambda$close$1(OpenCloseState.java:109)
	at java.util.concurrent.atomic.AtomicReference.getAndUpdate(AtomicReference.java:160)
	at org.apache.ratis.util.OpenCloseState.close(OpenCloseState.java:109)
	at org.apache.ratis.server.raftlog.RaftLog.close(RaftLog.java:437)
	at org.apache.ratis.server.raftlog.segmented.SegmentedRaftLog.close(SegmentedRaftLog.java:428)
	at org.apache.ratis.server.impl.ServerState.close(ServerState.java:397)
	at org.apache.ratis.server.impl.RaftServerImpl.lambda$shutdown$3(RaftServerImpl.java:267)
	at org.apache.ratis.util.LifeCycle.lambda$checkStateAndClose$2(LifeCycle.java:231)
	at org.apache.ratis.util.LifeCycle.checkStateAndClose(LifeCycle.java:251)
	at org.apache.ratis.util.LifeCycle.checkStateAndClose(LifeCycle.java:229)
	at org.apache.ratis.server.impl.RaftServerImpl.shutdown(RaftServerImpl.java:244)
	at org.apache.ratis.server.impl.RaftServerProxy$ImplMap.lambda$close$0(RaftServerProxy.java:107)
	at java.util.stream.ForEachOps$ForEachOp$OfRef.accept(ForEachOps.java:184)
	at java.util.stream.ReferencePipeline$3$1.accept(ReferencePipeline.java:193)
	at java.util.concurrent.ConcurrentHashMap$ValueSpliterator.forEachRemaining(ConcurrentHashMap.java:3566)
	at java.util.stream.AbstractPipeline.copyInto(AbstractPipeline.java:482)
	at java.util.stream.ForEachOps$ForEachTask.compute(ForEachOps.java:291)
	at java.util.concurrent.CountedCompleter.exec(CountedCompleter.java:731)
	at java.util.concurrent.ForkJoinTask.doExec(ForkJoinTask.java:289)
	at java.util.concurrent.ForkJoinTask.doInvoke(ForkJoinTask.java:401)
	at java.util.concurrent.ForkJoinTask.invoke(ForkJoinTask.java:734)
	at java.util.stream.ForEachOps$ForEachOp.evaluateParallel(ForEachOps.java:160)
	at java.util.stream.ForEachOps$ForEachOp$OfRef.evaluateParallel(ForEachOps.java:174)
	at java.util.stream.AbstractPipeline.evaluate(AbstractPipeline.java:233)
	at java.util.stream.ReferencePipeline.forEach(ReferencePipeline.java:418)
	at org.apache.ratis.server.impl.RaftServerProxy$ImplMap.close(RaftServerProxy.java:107)
	at org.apache.ratis.server.impl.RaftServerProxy.lambda$close$4(RaftServerProxy.java:315)
	at org.apache.ratis.util.LifeCycle.lambda$checkStateAndClose$2(LifeCycle.java:231)
	at org.apache.ratis.util.LifeCycle.checkStateAndClose(LifeCycle.java:251)
	at org.apache.ratis.util.LifeCycle.checkStateAndClose(LifeCycle.java:229)
	at org.apache.ratis.server.impl.RaftServerProxy.close(RaftServerProxy.java:313)
	at org.apache.hadoop.ozone.container.common.transport.server.ratis.XceiverServerRatis.stop(XceiverServerRatis.java:434)
	at org.apache.hadoop.ozone.container.ozoneimpl.OzoneContainer.stop(OzoneContainer.java:201)
	at org.apache.hadoop.ozone.container.common.statemachine.DatanodeStateMachine.close(DatanodeStateMachine.java:270)
	at org.apache.hadoop.ozone.container.common.statemachine.DatanodeStateMachine.stopDaemon(DatanodeStateMachine.java:394)
	at org.apache.hadoop.ozone.HddsDatanodeService.stop(HddsDatanodeService.java:458)
	at org.apache.hadoop.ozone.MiniOzoneClusterImpl.lambda$stop$2(MiniOzoneClusterImpl.java:347)
	at java.util.stream.ForEachOps$ForEachOp$OfRef.accept(ForEachOps.java:184)
	at java.util.ArrayList$ArrayListSpliterator.forEachRemaining(ArrayList.java:1382)
	at java.util.stream.AbstractPipeline.copyInto(AbstractPipeline.java:482)
	at java.util.stream.ForEachOps$ForEachTask.compute(ForEachOps.java:291)
	at java.util.concurrent.CountedCompleter.exec(CountedCompleter.java:731)
	at java.util.concurrent.ForkJoinTask.doExec(ForkJoinTask.java:289)
	at java.util.concurrent.ForkJoinPool$WorkQueue.execLocalTasks(ForkJoinPool.java:1040)
	at java.util.concurrent.ForkJoinPool$WorkQueue.runTask(ForkJoinPool.java:1058)
	at java.util.concurrent.ForkJoinPool.runWorker(ForkJoinPool.java:1692)
	at java.util.concurrent.ForkJoinWorkerThread.run(ForkJoinWorkerThread.java:157)
2019-08-30 07:35:08,786 [a45a7528-2ba0-4bc3-913c-850122b1269f:group-F9B49111EF33:LeaderElection53] INFO  impl.LeaderElection (LeaderElection.java:run(141)) - a45a7528-2ba0-4bc3-913c-850122b1269f:group-F9B49111EF33:LeaderElection53: IllegalArgumentException is safely ignored since this is already CLOSING
2019-08-30 07:35:08,781 [a45a7528-2ba0-4bc3-913c-850122b1269f:group-BC5BBD1BED6A:LeaderElection50] INFO  impl.LeaderElection (LogUtils.java:infoOrTrace(149)) - Failed a45a7528-2ba0-4bc3-913c-850122b1269f:group-BC5BBD1BED6A:LeaderElection50, state=CLOSING: {}
java.lang.IllegalArgumentException: a45a7528-2ba0-4bc3-913c-850122b1269f-SegmentedRaftLog is expected to be opened but it is CLOSED
	at org.apache.ratis.util.OpenCloseState.assertOpen(OpenCloseState.java:63)
	at org.apache.ratis.server.raftlog.RaftLog.checkLogState(RaftLog.java:101)
	at org.apache.ratis.server.raftlog.segmented.SegmentedRaftLog.getLastEntryTermIndex(SegmentedRaftLog.java:263)
	at org.apache.ratis.server.impl.LeaderElection.askForVotes(LeaderElection.java:183)
	at org.apache.ratis.server.impl.LeaderElection.run(LeaderElection.java:130)
	at java.lang.Thread.run(Thread.java:748)
Caused by: org.apache.ratis.util.OpenCloseState$CloseTrace: Close a45a7528-2ba0-4bc3-913c-850122b1269f-SegmentedRaftLog
	at org.apache.ratis.util.OpenCloseState.lambda$close$1(OpenCloseState.java:109)
	at java.util.concurrent.atomic.AtomicReference.getAndUpdate(AtomicReference.java:160)
	at org.apache.ratis.util.OpenCloseState.close(OpenCloseState.java:109)
	at org.apache.ratis.server.raftlog.RaftLog.close(RaftLog.java:437)
	at org.apache.ratis.server.raftlog.segmented.SegmentedRaftLog.close(SegmentedRaftLog.java:428)
	at org.apache.ratis.server.impl.ServerState.close(ServerState.java:397)
	at org.apache.ratis.server.impl.RaftServerImpl.lambda$shutdown$3(RaftServerImpl.java:267)
	at org.apache.ratis.util.LifeCycle.lambda$checkStateAndClose$2(LifeCycle.java:231)
	at org.apache.ratis.util.LifeCycle.checkStateAndClose(LifeCycle.java:251)
	at org.apache.ratis.util.LifeCycle.checkStateAndClose(LifeCycle.java:229)
	at org.apache.ratis.server.impl.RaftServerImpl.shutdown(RaftServerImpl.java:244)
	at org.apache.ratis.server.impl.RaftServerProxy$ImplMap.lambda$close$0(RaftServerProxy.java:107)
	at java.util.stream.ForEachOps$ForEachOp$OfRef.accept(ForEachOps.java:184)
	at java.util.stream.ReferencePipeline$3$1.accept(ReferencePipeline.java:193)
	at java.util.concurrent.ConcurrentHashMap$ValueSpliterator.forEachRemaining(ConcurrentHashMap.java:3566)
	at java.util.stream.AbstractPipeline.copyInto(AbstractPipeline.java:482)
	at java.util.stream.ForEachOps$ForEachTask.compute(ForEachOps.java:291)
	at java.util.concurrent.CountedCompleter.exec(CountedCompleter.java:731)
	at java.util.concurrent.ForkJoinTask.doExec(ForkJoinTask.java:289)
	at java.util.concurrent.ForkJoinPool.helpComplete(ForkJoinPool.java:1870)
	at java.util.concurrent.ForkJoinPool.awaitJoin(ForkJoinPool.java:2045)
	at java.util.concurrent.ForkJoinTask.doInvoke(ForkJoinTask.java:404)
	at java.util.concurrent.ForkJoinTask.invoke(ForkJoinTask.java:734)
	at java.util.stream.ForEachOps$ForEachOp.evaluateParallel(ForEachOps.java:160)
	at java.util.stream.ForEachOps$ForEachOp$OfRef.evaluateParallel(ForEachOps.java:174)
	at java.util.stream.AbstractPipeline.evaluate(AbstractPipeline.java:233)
	at java.util.stream.ReferencePipeline.forEach(ReferencePipeline.java:418)
	at org.apache.ratis.server.impl.RaftServerProxy$ImplMap.close(RaftServerProxy.java:107)
	at org.apache.ratis.server.impl.RaftServerProxy.lambda$close$4(RaftServerProxy.java:315)
	at org.apache.ratis.util.LifeCycle.lambda$checkStateAndClose$2(LifeCycle.java:231)
	at org.apache.ratis.util.LifeCycle.checkStateAndClose(LifeCycle.java:251)
	at org.apache.ratis.util.LifeCycle.checkStateAndClose(LifeCycle.java:229)
	at org.apache.ratis.server.impl.RaftServerProxy.close(RaftServerProxy.java:313)
	at org.apache.hadoop.ozone.container.common.transport.server.ratis.XceiverServerRatis.stop(XceiverServerRatis.java:434)
	at org.apache.hadoop.ozone.container.ozoneimpl.OzoneContainer.stop(OzoneContainer.java:201)
	at org.apache.hadoop.ozone.container.common.statemachine.DatanodeStateMachine.close(DatanodeStateMachine.java:270)
	at org.apache.hadoop.ozone.container.common.statemachine.DatanodeStateMachine.stopDaemon(DatanodeStateMachine.java:394)
	at org.apache.hadoop.ozone.HddsDatanodeService.stop(HddsDatanodeService.java:458)
	at org.apache.hadoop.ozone.MiniOzoneClusterImpl.lambda$stop$2(MiniOzoneClusterImpl.java:347)
	at java.util.stream.ForEachOps$ForEachOp$OfRef.accept(ForEachOps.java:184)
	at java.util.ArrayList$ArrayListSpliterator.forEachRemaining(ArrayList.java:1382)
	at java.util.stream.AbstractPipeline.copyInto(AbstractPipeline.java:482)
	at java.util.stream.ForEachOps$ForEachTask.compute(ForEachOps.java:291)
	at java.util.concurrent.CountedCompleter.exec(CountedCompleter.java:731)
	at java.util.concurrent.ForkJoinTask.doExec(ForkJoinTask.java:289)
	at java.util.concurrent.ForkJoinPool$WorkQueue.execLocalTasks(ForkJoinPool.java:1040)
	at java.util.concurrent.ForkJoinPool$WorkQueue.runTask(ForkJoinPool.java:1058)
	at java.util.concurrent.ForkJoinPool.runWorker(ForkJoinPool.java:1692)
	at java.util.concurrent.ForkJoinWorkerThread.run(ForkJoinWorkerThread.java:157)
2019-08-30 07:35:08,790 [ForkJoinPool.commonPool-worker-0] INFO  statemachine.DatanodeStateMachine (DatanodeStateMachine.java:stopDaemon(395)) - Ozone container server stopped.
2019-08-30 07:35:08,784 [a45a7528-2ba0-4bc3-913c-850122b1269f:group-C640FB00525B:LeaderElection51] INFO  impl.LeaderElection (LeaderElection.java:run(141)) - a45a7528-2ba0-4bc3-913c-850122b1269f:group-C640FB00525B:LeaderElection51: IllegalArgumentException is safely ignored since this is already CLOSING
2019-08-30 07:35:08,782 [a45a7528-2ba0-4bc3-913c-850122b1269f:group-186677E0C462:LeaderElection49] INFO  impl.LeaderElection (LogUtils.java:infoOrTrace(149)) - Failed a45a7528-2ba0-4bc3-913c-850122b1269f:group-186677E0C462:LeaderElection49, state=CLOSING: {}
java.lang.IllegalArgumentException: a45a7528-2ba0-4bc3-913c-850122b1269f-SegmentedRaftLog is expected to be opened but it is CLOSED
	at org.apache.ratis.util.OpenCloseState.assertOpen(OpenCloseState.java:63)
	at org.apache.ratis.server.raftlog.RaftLog.checkLogState(RaftLog.java:101)
	at org.apache.ratis.server.raftlog.segmented.SegmentedRaftLog.getLastEntryTermIndex(SegmentedRaftLog.java:263)
	at org.apache.ratis.server.impl.LeaderElection.askForVotes(LeaderElection.java:183)
	at org.apache.ratis.server.impl.LeaderElection.run(LeaderElection.java:130)
	at java.lang.Thread.run(Thread.java:748)
Caused by: org.apache.ratis.util.OpenCloseState$CloseTrace: Close a45a7528-2ba0-4bc3-913c-850122b1269f-SegmentedRaftLog
	at org.apache.ratis.util.OpenCloseState.lambda$close$1(OpenCloseState.java:109)
	at java.util.concurrent.atomic.AtomicReference.getAndUpdate(AtomicReference.java:160)
	at org.apache.ratis.util.OpenCloseState.close(OpenCloseState.java:109)
	at org.apache.ratis.server.raftlog.RaftLog.close(RaftLog.java:437)
	at org.apache.ratis.server.raftlog.segmented.SegmentedRaftLog.close(SegmentedRaftLog.java:428)
	at org.apache.ratis.server.impl.ServerState.close(ServerState.java:397)
	at org.apache.ratis.server.impl.RaftServerImpl.lambda$shutdown$3(RaftServerImpl.java:267)
	at org.apache.ratis.util.LifeCycle.lambda$checkStateAndClose$2(LifeCycle.java:231)
	at org.apache.ratis.util.LifeCycle.checkStateAndClose(LifeCycle.java:251)
	at org.apache.ratis.util.LifeCycle.checkStateAndClose(LifeCycle.java:229)
	at org.apache.ratis.server.impl.RaftServerImpl.shutdown(RaftServerImpl.java:244)
	at org.apache.ratis.server.impl.RaftServerProxy$ImplMap.lambda$close$0(RaftServerProxy.java:107)
	at java.util.stream.ForEachOps$ForEachOp$OfRef.accept(ForEachOps.java:184)
	at java.util.stream.ReferencePipeline$3$1.accept(ReferencePipeline.java:193)
	at java.util.concurrent.ConcurrentHashMap$ValueSpliterator.forEachRemaining(ConcurrentHashMap.java:3566)
	at java.util.stream.AbstractPipeline.copyInto(AbstractPipeline.java:482)
	at java.util.stream.ForEachOps$ForEachTask.compute(ForEachOps.java:291)
	at java.util.concurrent.CountedCompleter.exec(CountedCompleter.java:731)
	at java.util.concurrent.ForkJoinTask.doExec(ForkJoinTask.java:289)
	at java.util.concurrent.ForkJoinPool.helpComplete(ForkJoinPool.java:1870)
	at java.util.concurrent.ForkJoinPool.awaitJoin(ForkJoinPool.java:2045)
	at java.util.concurrent.ForkJoinTask.doInvoke(ForkJoinTask.java:404)
	at java.util.concurrent.ForkJoinTask.invoke(ForkJoinTask.java:734)
	at java.util.stream.ForEachOps$ForEachOp.evaluateParallel(ForEachOps.java:160)
	at java.util.stream.ForEachOps$ForEachOp$OfRef.evaluateParallel(ForEachOps.java:174)
	at java.util.stream.AbstractPipeline.evaluate(AbstractPipeline.java:233)
	at java.util.stream.ReferencePipeline.forEach(ReferencePipeline.java:418)
	at org.apache.ratis.server.impl.RaftServerProxy$ImplMap.close(RaftServerProxy.java:107)
	at org.apache.ratis.server.impl.RaftServerProxy.lambda$close$4(RaftServerProxy.java:315)
	at org.apache.ratis.util.LifeCycle.lambda$checkStateAndClose$2(LifeCycle.java:231)
	at org.apache.ratis.util.LifeCycle.checkStateAndClose(LifeCycle.java:251)
	at org.apache.ratis.util.LifeCycle.checkStateAndClose(LifeCycle.java:229)
	at org.apache.ratis.server.impl.RaftServerProxy.close(RaftServerProxy.java:313)
	at org.apache.hadoop.ozone.container.common.transport.server.ratis.XceiverServerRatis.stop(XceiverServerRatis.java:434)
	at org.apache.hadoop.ozone.container.ozoneimpl.OzoneContainer.stop(OzoneContainer.java:201)
	at org.apache.hadoop.ozone.container.common.statemachine.DatanodeStateMachine.close(DatanodeStateMachine.java:270)
	at org.apache.hadoop.ozone.container.common.statemachine.DatanodeStateMachine.stopDaemon(DatanodeStateMachine.java:394)
	at org.apache.hadoop.ozone.HddsDatanodeService.stop(HddsDatanodeService.java:458)
	at org.apache.hadoop.ozone.MiniOzoneClusterImpl.lambda$stop$2(MiniOzoneClusterImpl.java:347)
	at java.util.stream.ForEachOps$ForEachOp$OfRef.accept(ForEachOps.java:184)
	at java.util.ArrayList$ArrayListSpliterator.forEachRemaining(ArrayList.java:1382)
	at java.util.stream.AbstractPipeline.copyInto(AbstractPipeline.java:482)
	at java.util.stream.ForEachOps$ForEachTask.compute(ForEachOps.java:291)
	at java.util.concurrent.CountedCompleter.exec(CountedCompleter.java:731)
	at java.util.concurrent.ForkJoinTask.doExec(ForkJoinTask.java:289)
	at java.util.concurrent.ForkJoinPool$WorkQueue.execLocalTasks(ForkJoinPool.java:1040)
	at java.util.concurrent.ForkJoinPool$WorkQueue.runTask(ForkJoinPool.java:1058)
	at java.util.concurrent.ForkJoinPool.runWorker(ForkJoinPool.java:1692)
	at java.util.concurrent.ForkJoinWorkerThread.run(ForkJoinWorkerThread.java:157)
2019-08-30 07:35:08,791 [a45a7528-2ba0-4bc3-913c-850122b1269f:group-BC5BBD1BED6A:LeaderElection50] INFO  impl.LeaderElection (LeaderElection.java:run(141)) - a45a7528-2ba0-4bc3-913c-850122b1269f:group-BC5BBD1BED6A:LeaderElection50: IllegalArgumentException is safely ignored since this is already CLOSING
2019-08-30 07:35:08,794 [a45a7528-2ba0-4bc3-913c-850122b1269f:group-186677E0C462:LeaderElection49] INFO  impl.LeaderElection (LeaderElection.java:run(141)) - a45a7528-2ba0-4bc3-913c-850122b1269f:group-186677E0C462:LeaderElection49: IllegalArgumentException is safely ignored since this is already CLOSING
2019-08-30 07:35:08,816 [ForkJoinPool.commonPool-worker-0] INFO  handler.ContextHandler (ContextHandler.java:doStop(910)) - Stopped o.e.j.w.WebAppContext@5234b61a{/,null,UNAVAILABLE}{/hddsDatanode}
2019-08-30 07:35:08,816 [main] INFO  handler.ContextHandler (ContextHandler.java:doStop(910)) - Stopped o.e.j.w.WebAppContext@98637a2{/,null,UNAVAILABLE}{/hddsDatanode}
2019-08-30 07:35:08,817 [ForkJoinPool.commonPool-worker-0] INFO  server.AbstractConnector (AbstractConnector.java:doStop(318)) - Stopped ServerConnector@22a260ff{HTTP/1.1,[http/1.1]}{0.0.0.0:0}
2019-08-30 07:35:08,818 [ForkJoinPool.commonPool-worker-0] INFO  handler.ContextHandler (ContextHandler.java:doStop(910)) - Stopped o.e.j.s.ServletContextHandler@9cfc77{/static,jar:file:/home/user/.m2/repository/org/apache/hadoop/hadoop-hdds-container-service/0.5.0-SNAPSHOT/hadoop-hdds-container-service-0.5.0-SNAPSHOT.jar!/webapps/static,UNAVAILABLE}
2019-08-30 07:35:08,818 [main] INFO  server.AbstractConnector (AbstractConnector.java:doStop(318)) - Stopped ServerConnector@4afd65fd{HTTP/1.1,[http/1.1]}{0.0.0.0:0}
2019-08-30 07:35:08,818 [ForkJoinPool.commonPool-worker-0] INFO  handler.ContextHandler (ContextHandler.java:doStop(910)) - Stopped o.e.j.s.ServletContextHandler@68af87ad{/logs,file:///workdir/hadoop-ozone/integration-test/target/log,UNAVAILABLE}
2019-08-30 07:35:08,819 [main] INFO  handler.ContextHandler (ContextHandler.java:doStop(910)) - Stopped o.e.j.s.ServletContextHandler@75839695{/static,jar:file:/home/user/.m2/repository/org/apache/hadoop/hadoop-hdds-container-service/0.5.0-SNAPSHOT/hadoop-hdds-container-service-0.5.0-SNAPSHOT.jar!/webapps/static,UNAVAILABLE}
2019-08-30 07:35:08,819 [main] INFO  handler.ContextHandler (ContextHandler.java:doStop(910)) - Stopped o.e.j.s.ServletContextHandler@29b5533{/logs,file:///workdir/hadoop-ozone/integration-test/target/log,UNAVAILABLE}
2019-08-30 07:35:08,820 [main] INFO  ozone.MiniOzoneClusterImpl (MiniOzoneClusterImpl.java:stop(353)) - Stopping the StorageContainerManager
2019-08-30 07:35:08,821 [main] INFO  server.StorageContainerManager (StorageContainerManager.java:stop(797)) - Stopping Replication Manager Service.
2019-08-30 07:35:08,821 [main] INFO  container.ReplicationManager (ReplicationManager.java:stop(193)) - Stopping Replication Monitor Thread.
2019-08-30 07:35:08,821 [main] INFO  server.StorageContainerManager (StorageContainerManager.java:stop(804)) - Stopping Lease Manager of the command watchers
2019-08-30 07:35:08,821 [main] INFO  server.StorageContainerManager (StorageContainerManager.java:stop(811)) - Stopping datanode service RPC server
2019-08-30 07:35:08,822 [main] INFO  server.SCMDatanodeProtocolServer (SCMDatanodeProtocolServer.java:stop(367)) - Stopping the RPC server for DataNodes
2019-08-30 07:35:08,822 [main] INFO  ipc.Server (Server.java:stop(3082)) - Stopping server on 43657
2019-08-30 07:35:08,824 [IPC Server listener on 43657] INFO  ipc.Server (Server.java:run(1185)) - Stopping IPC Server listener on 43657
2019-08-30 07:35:08,824 [IPC Server Responder] INFO  ipc.Server (Server.java:run(1319)) - Stopping IPC Server Responder
2019-08-30 07:35:08,850 [SCM Heartbeat Processing Thread - 0] WARN  node.NodeStateManager (NodeStateManager.java:scheduleNextHealthCheck(655)) - Current Thread is interrupted, shutting down HB processing thread for Node Manager.
2019-08-30 07:35:08,851 [main] INFO  server.StorageContainerManager (StorageContainerManager.java:stop(819)) - Stopping block service RPC server
2019-08-30 07:35:08,851 [main] INFO  server.SCMBlockProtocolServer (SCMBlockProtocolServer.java:stop(148)) - Stopping the RPC server for Block Protocol
2019-08-30 07:35:08,851 [main] INFO  ipc.Server (Server.java:stop(3082)) - Stopping server on 35085
2019-08-30 07:35:08,853 [IPC Server listener on 35085] INFO  ipc.Server (Server.java:run(1185)) - Stopping IPC Server listener on 35085
2019-08-30 07:35:08,853 [main] INFO  server.StorageContainerManager (StorageContainerManager.java:stop(826)) - Stopping the StorageContainerLocationProtocol RPC server
2019-08-30 07:35:08,853 [IPC Server Responder] INFO  ipc.Server (Server.java:run(1319)) - Stopping IPC Server Responder
2019-08-30 07:35:08,853 [main] INFO  server.SCMClientProtocolServer (SCMClientProtocolServer.java:stop(159)) - Stopping the RPC server for Client Protocol
2019-08-30 07:35:08,854 [main] INFO  ipc.Server (Server.java:stop(3082)) - Stopping server on 41145
2019-08-30 07:35:08,855 [IPC Server listener on 41145] INFO  ipc.Server (Server.java:run(1185)) - Stopping IPC Server listener on 41145
2019-08-30 07:35:08,855 [IPC Server Responder] INFO  ipc.Server (Server.java:run(1319)) - Stopping IPC Server Responder
2019-08-30 07:35:08,855 [main] INFO  server.StorageContainerManager (StorageContainerManager.java:stop(833)) - Stopping Storage Container Manager HTTP server.
2019-08-30 07:35:08,856 [main] INFO  handler.ContextHandler (ContextHandler.java:doStop(910)) - Stopped o.e.j.w.WebAppContext@5489c777{/,null,UNAVAILABLE}{/scm}
2019-08-30 07:35:08,857 [main] INFO  server.AbstractConnector (AbstractConnector.java:doStop(318)) - Stopped ServerConnector@2970a5bc{HTTP/1.1,[http/1.1]}{0.0.0.0:0}
2019-08-30 07:35:08,857 [main] INFO  handler.ContextHandler (ContextHandler.java:doStop(910)) - Stopped o.e.j.s.ServletContextHandler@38f116f6{/static,file:///workdir/hadoop-ozone/integration-test/target/test-classes/webapps/static,UNAVAILABLE}
2019-08-30 07:35:08,857 [main] INFO  handler.ContextHandler (ContextHandler.java:doStop(910)) - Stopped o.e.j.s.ServletContextHandler@424fd310{/logs,file:///workdir/hadoop-ozone/integration-test/target/log,UNAVAILABLE}
2019-08-30 07:35:08,858 [main] INFO  server.StorageContainerManager (StorageContainerManager.java:stop(844)) - Stopping Block Manager Service.
2019-08-30 07:35:08,858 [main] INFO  utils.BackgroundService (BackgroundService.java:shutdown(148)) - Shutting down service SCMBlockDeletingService
2019-08-30 07:35:08,859 [main] INFO  utils.BackgroundService (BackgroundService.java:shutdown(148)) - Shutting down service SCMBlockDeletingService
2019-08-30 07:35:08,859 [main] INFO  server.StorageContainerManager (StorageContainerManager.java:stop(866)) - Stopping SCM Event Queue.
2019-08-30 07:35:10,416 [main] INFO  impl.MetricsSystemImpl (MetricsSystemImpl.java:stop(210)) - Stopping HddsDatanode metrics system...
2019-08-30 07:35:10,426 [main] INFO  impl.MetricsSystemImpl (MetricsSystemImpl.java:stop(216)) - HddsDatanode metrics system stopped.
]]></system-out>
    <system-err><![CDATA[Aug 30, 2019 7:34:12 AM com.sun.jersey.server.impl.application.WebApplicationImpl _initiate
INFO: Initiating Jersey application, version 'Jersey: 1.19 02/11/2015 03:25 AM'
Aug 30, 2019 7:34:13 AM com.sun.jersey.server.impl.application.WebApplicationImpl _initiate
INFO: Initiating Jersey application, version 'Jersey: 1.19 02/11/2015 03:25 AM'
Aug 30, 2019 7:34:13 AM com.sun.jersey.server.impl.application.WebApplicationImpl _initiate
INFO: Initiating Jersey application, version 'Jersey: 1.19 02/11/2015 03:25 AM'
Aug 30, 2019 7:34:15 AM com.sun.jersey.server.impl.application.WebApplicationImpl _initiate
INFO: Initiating Jersey application, version 'Jersey: 1.19 02/11/2015 03:25 AM'
Aug 30, 2019 7:34:15 AM com.sun.jersey.server.impl.application.WebApplicationImpl _initiate
INFO: Initiating Jersey application, version 'Jersey: 1.19 02/11/2015 03:25 AM'
Aug 30, 2019 7:34:15 AM com.sun.jersey.server.impl.application.WebApplicationImpl _initiate
INFO: Initiating Jersey application, version 'Jersey: 1.19 02/11/2015 03:25 AM'
Aug 30, 2019 7:34:16 AM com.sun.jersey.server.impl.application.WebApplicationImpl _initiate
INFO: Initiating Jersey application, version 'Jersey: 1.19 02/11/2015 03:25 AM'
Aug 30, 2019 7:34:16 AM com.sun.jersey.server.impl.application.WebApplicationImpl _initiate
INFO: Initiating Jersey application, version 'Jersey: 1.19 02/11/2015 03:25 AM'
Aug 30, 2019 7:34:16 AM com.sun.jersey.server.impl.application.WebApplicationImpl _initiate
INFO: Initiating Jersey application, version 'Jersey: 1.19 02/11/2015 03:25 AM'
Aug 30, 2019 7:34:17 AM com.sun.jersey.server.impl.application.WebApplicationImpl _initiate
INFO: Initiating Jersey application, version 'Jersey: 1.19 02/11/2015 03:25 AM'
]]></system-err>
  </testcase>
  <testcase name="testMultiBlockWritesWithDnFailures" classname="org.apache.hadoop.ozone.client.rpc.TestMultiBlockWritesWithDnFailures" time="62.755"/>
</testsuite>