<?xml version="1.0" encoding="UTF-8"?>
<testsuite xmlns:xsi="http://www.w3.org/2001/XMLSchema-instance" xsi:noNamespaceSchemaLocation="https://maven.apache.org/surefire/maven-surefire-plugin/xsd/surefire-test-report.xsd" name="org.apache.hadoop.ozone.client.rpc.TestCommitWatcher" time="49.493" tests="2" errors="0" skipped="0" failures="1">
  <properties>
    <property name="awt.toolkit" value="sun.awt.X11.XToolkit"/>
    <property name="file.encoding.pkg" value="sun.io"/>
    <property name="java.specification.version" value="1.8"/>
    <property name="sun.cpu.isalist" value=""/>
    <property name="sun.jnu.encoding" value="UTF-8"/>
    <property name="java.class.path" value="/workdir/hadoop-ozone/integration-test/target/test-classes:/workdir/hadoop-ozone/integration-test/target/classes:/home/user/.m2/repository/org/apache/hadoop/hadoop-ozone-common/0.5.0-SNAPSHOT/hadoop-ozone-common-0.5.0-SNAPSHOT.jar:/home/user/.m2/repository/org/apache/commons/commons-compress/1.4.1/commons-compress-1.4.1.jar:/home/user/.m2/repository/org/tukaani/xz/1.0/xz-1.0.jar:/home/user/.m2/repository/org/apache/hadoop/hadoop-common/3.2.0/hadoop-common-3.2.0.jar:/home/user/.m2/repository/org/apache/hadoop/hadoop-hdfs/3.2.0/hadoop-hdfs-3.2.0.jar:/home/user/.m2/repository/org/apache/hadoop/hadoop-hdfs-client/3.2.0/hadoop-hdfs-client-3.2.0.jar:/home/user/.m2/repository/com/fasterxml/jackson/core/jackson-annotations/2.9.5/jackson-annotations-2.9.5.jar:/home/user/.m2/repository/org/apache/hadoop/hadoop-hdds-common/0.5.0-SNAPSHOT/hadoop-hdds-common-0.5.0-SNAPSHOT.jar:/home/user/.m2/repository/javax/annotation/javax.annotation-api/1.2/javax.annotation-api-1.2.jar:/home/user/.m2/repository/org/apache/ratis/ratis-server/0.4.0-2337318-SNAPSHOT/ratis-server-0.4.0-2337318-SNAPSHOT.jar:/home/user/.m2/repository/org/apache/ratis/ratis-thirdparty-misc/0.2.0/ratis-thirdparty-misc-0.2.0.jar:/home/user/.m2/repository/org/apache/ratis/ratis-proto/0.4.0-2337318-SNAPSHOT/ratis-proto-0.4.0-2337318-SNAPSHOT.jar:/home/user/.m2/repository/org/apache/ratis/ratis-common/0.4.0-2337318-SNAPSHOT/ratis-common-0.4.0-2337318-SNAPSHOT.jar:/home/user/.m2/repository/org/apache/ratis/ratis-client/0.4.0-2337318-SNAPSHOT/ratis-client-0.4.0-2337318-SNAPSHOT.jar:/home/user/.m2/repository/org/apache/ratis/ratis-metrics/0.4.0-2337318-SNAPSHOT/ratis-metrics-0.4.0-2337318-SNAPSHOT.jar:/home/user/.m2/repository/org/apache/ratis/ratis-netty/0.4.0-2337318-SNAPSHOT/ratis-netty-0.4.0-2337318-SNAPSHOT.jar:/home/user/.m2/repository/org/apache/ratis/ratis-grpc/0.4.0-2337318-SNAPSHOT/ratis-grpc-0.4.0-2337318-SNAPSHOT.jar:/home/user/.m2/repository/org/rocksdb/rocksdbjni/6.0.1/rocksdbjni-6.0.1.jar:/home/user/.m2/repository/org/apache/logging/log4j/log4j-api/2.11.0/log4j-api-2.11.0.jar:/home/user/.m2/repository/org/apache/logging/log4j/log4j-core/2.11.0/log4j-core-2.11.0.jar:/home/user/.m2/repository/com/lmax/disruptor/3.4.2/disruptor-3.4.2.jar:/home/user/.m2/repository/org/apache/commons/commons-pool2/2.6.0/commons-pool2-2.6.0.jar:/home/user/.m2/repository/org/bouncycastle/bcpkix-jdk15on/1.60/bcpkix-jdk15on-1.60.jar:/home/user/.m2/repository/commons-validator/commons-validator/1.6/commons-validator-1.6.jar:/home/user/.m2/repository/commons-digester/commons-digester/1.8.1/commons-digester-1.8.1.jar:/home/user/.m2/repository/io/jaegertracing/jaeger-client/0.33.1/jaeger-client-0.33.1.jar:/home/user/.m2/repository/io/jaegertracing/jaeger-thrift/0.33.1/jaeger-thrift-0.33.1.jar:/home/user/.m2/repository/org/apache/thrift/libthrift/0.11.0/libthrift-0.11.0.jar:/home/user/.m2/repository/com/squareup/okhttp3/okhttp/3.9.0/okhttp-3.9.0.jar:/home/user/.m2/repository/com/squareup/okio/okio/1.13.0/okio-1.13.0.jar:/home/user/.m2/repository/io/jaegertracing/jaeger-core/0.33.1/jaeger-core-0.33.1.jar:/home/user/.m2/repository/io/jaegertracing/jaeger-tracerresolver/0.33.1/jaeger-tracerresolver-0.33.1.jar:/home/user/.m2/repository/io/opentracing/contrib/opentracing-tracerresolver/0.1.5/opentracing-tracerresolver-0.1.5.jar:/home/user/.m2/repository/io/opentracing/opentracing-util/0.31.0/opentracing-util-0.31.0.jar:/home/user/.m2/repository/io/opentracing/opentracing-api/0.31.0/opentracing-api-0.31.0.jar:/home/user/.m2/repository/io/opentracing/opentracing-noop/0.31.0/opentracing-noop-0.31.0.jar:/home/user/.m2/repository/org/apache/hadoop/hadoop-hdds-server-framework/0.5.0-SNAPSHOT/hadoop-hdds-server-framework-0.5.0-SNAPSHOT.jar:/home/user/.m2/repository/org/apache/hadoop/hadoop-hdds-container-service/0.5.0-SNAPSHOT/hadoop-hdds-container-service-0.5.0-SNAPSHOT.jar:/home/user/.m2/repository/org/apache/hadoop/hadoop-hdds-client/0.5.0-SNAPSHOT/hadoop-hdds-client-0.5.0-SNAPSHOT.jar:/home/user/.m2/repository/org/apache/hadoop/hadoop-hdds-tools/0.5.0-SNAPSHOT/hadoop-hdds-tools-0.5.0-SNAPSHOT.jar:/home/user/.m2/repository/org/apache/hadoop/hadoop-hdds-server-scm/0.5.0-SNAPSHOT/hadoop-hdds-server-scm-0.5.0-SNAPSHOT.jar:/home/user/.m2/repository/org/apache/hadoop/hadoop-hdds-docs/0.5.0-SNAPSHOT/hadoop-hdds-docs-0.5.0-SNAPSHOT.jar:/home/user/.m2/repository/io/dropwizard/metrics/metrics-core/3.2.4/metrics-core-3.2.4.jar:/home/user/.m2/repository/org/hamcrest/hamcrest-all/1.3/hamcrest-all-1.3.jar:/home/user/.m2/repository/org/bouncycastle/bcprov-jdk15on/1.60/bcprov-jdk15on-1.60.jar:/home/user/.m2/repository/info/picocli/picocli/3.9.6/picocli-3.9.6.jar:/home/user/.m2/repository/com/google/protobuf/protobuf-java/2.5.0/protobuf-java-2.5.0.jar:/home/user/.m2/repository/com/google/guava/guava/11.0.2/guava-11.0.2.jar:/home/user/.m2/repository/org/apache/hadoop/hadoop-ozone-ozone-manager/0.5.0-SNAPSHOT/hadoop-ozone-ozone-manager-0.5.0-SNAPSHOT.jar:/home/user/.m2/repository/org/apache/hadoop/hadoop-minikdc/3.2.0/hadoop-minikdc-3.2.0.jar:/home/user/.m2/repository/commons-io/commons-io/2.5/commons-io-2.5.jar:/home/user/.m2/repository/org/apache/kerby/kerb-simplekdc/1.0.1/kerb-simplekdc-1.0.1.jar:/home/user/.m2/repository/org/apache/kerby/kerb-client/1.0.1/kerb-client-1.0.1.jar:/home/user/.m2/repository/org/apache/kerby/kerby-config/1.0.1/kerby-config-1.0.1.jar:/home/user/.m2/repository/org/apache/kerby/kerb-core/1.0.1/kerb-core-1.0.1.jar:/home/user/.m2/repository/org/apache/kerby/kerby-pkix/1.0.1/kerby-pkix-1.0.1.jar:/home/user/.m2/repository/org/apache/kerby/kerby-asn1/1.0.1/kerby-asn1-1.0.1.jar:/home/user/.m2/repository/org/apache/kerby/kerby-util/1.0.1/kerby-util-1.0.1.jar:/home/user/.m2/repository/org/apache/kerby/kerb-common/1.0.1/kerb-common-1.0.1.jar:/home/user/.m2/repository/org/apache/kerby/kerb-crypto/1.0.1/kerb-crypto-1.0.1.jar:/home/user/.m2/repository/org/apache/kerby/kerb-util/1.0.1/kerb-util-1.0.1.jar:/home/user/.m2/repository/org/apache/kerby/token-provider/1.0.1/token-provider-1.0.1.jar:/home/user/.m2/repository/org/apache/kerby/kerb-admin/1.0.1/kerb-admin-1.0.1.jar:/home/user/.m2/repository/org/apache/kerby/kerb-server/1.0.1/kerb-server-1.0.1.jar:/home/user/.m2/repository/org/apache/kerby/kerb-identity/1.0.1/kerb-identity-1.0.1.jar:/home/user/.m2/repository/org/apache/kerby/kerby-xdr/1.0.1/kerby-xdr-1.0.1.jar:/home/user/.m2/repository/org/slf4j/slf4j-log4j12/1.7.25/slf4j-log4j12-1.7.25.jar:/home/user/.m2/repository/org/apache/hadoop/hadoop-ozone-objectstore-service/0.5.0-SNAPSHOT/hadoop-ozone-objectstore-service-0.5.0-SNAPSHOT.jar:/home/user/.m2/repository/org/apache/hadoop/hadoop-ozone-s3gateway/0.5.0-SNAPSHOT/hadoop-ozone-s3gateway-0.5.0-SNAPSHOT.jar:/home/user/.m2/repository/org/jboss/weld/servlet/weld-servlet/2.4.7.Final/weld-servlet-2.4.7.Final.jar:/home/user/.m2/repository/org/glassfish/jersey/containers/jersey-container-servlet-core/2.27/jersey-container-servlet-core-2.27.jar:/home/user/.m2/repository/org/glassfish/hk2/external/javax.inject/2.5.0-b42/javax.inject-2.5.0-b42.jar:/home/user/.m2/repository/org/glassfish/jersey/core/jersey-common/2.27/jersey-common-2.27.jar:/home/user/.m2/repository/org/glassfish/hk2/osgi-resource-locator/1.0.1/osgi-resource-locator-1.0.1.jar:/home/user/.m2/repository/javax/ws/rs/javax.ws.rs-api/2.1/javax.ws.rs-api-2.1.jar:/home/user/.m2/repository/org/glassfish/jersey/ext/cdi/jersey-cdi1x/2.27/jersey-cdi1x-2.27.jar:/home/user/.m2/repository/org/glassfish/jersey/inject/jersey-hk2/2.27/jersey-hk2-2.27.jar:/home/user/.m2/repository/org/glassfish/hk2/hk2-locator/2.5.0-b42/hk2-locator-2.5.0-b42.jar:/home/user/.m2/repository/org/javassist/javassist/3.22.0-CR2/javassist-3.22.0-CR2.jar:/home/user/.m2/repository/org/glassfish/hk2/hk2-api/2.5.0/hk2-api-2.5.0.jar:/home/user/.m2/repository/org/glassfish/hk2/external/jakarta.inject/2.5.0/jakarta.inject-2.5.0.jar:/home/user/.m2/repository/org/glassfish/hk2/hk2-utils/2.5.0/hk2-utils-2.5.0.jar:/home/user/.m2/repository/jakarta/annotation/jakarta.annotation-api/1.3.4/jakarta.annotation-api-1.3.4.jar:/home/user/.m2/repository/org/glassfish/hk2/external/aopalliance-repackaged/2.5.0/aopalliance-repackaged-2.5.0.jar:/home/user/.m2/repository/com/fasterxml/jackson/dataformat/jackson-dataformat-xml/2.9.0/jackson-dataformat-xml-2.9.0.jar:/home/user/.m2/repository/com/fasterxml/jackson/core/jackson-core/2.9.5/jackson-core-2.9.5.jar:/home/user/.m2/repository/com/fasterxml/jackson/module/jackson-module-jaxb-annotations/2.9.5/jackson-module-jaxb-annotations-2.9.5.jar:/home/user/.m2/repository/javax/enterprise/cdi-api/1.2/cdi-api-1.2.jar:/home/user/.m2/repository/javax/el/javax.el-api/3.0.0/javax.el-api-3.0.0.jar:/home/user/.m2/repository/javax/interceptor/javax.interceptor-api/1.2/javax.interceptor-api-1.2.jar:/home/user/.m2/repository/javax/inject/javax.inject/1/javax.inject-1.jar:/home/user/.m2/repository/com/sun/xml/bind/jaxb-impl/2.3.0.1/jaxb-impl-2.3.0.1.jar:/home/user/.m2/repository/com/sun/xml/bind/jaxb-core/2.3.0.1/jaxb-core-2.3.0.1.jar:/home/user/.m2/repository/javax/xml/bind/jaxb-api/2.3.0/jaxb-api-2.3.0.jar:/home/user/.m2/repository/javax/activation/activation/1.1.1/activation-1.1.1.jar:/home/user/.m2/repository/org/apache/hadoop/hadoop-ozone-csi/0.5.0-SNAPSHOT/hadoop-ozone-csi-0.5.0-SNAPSHOT.jar:/home/user/.m2/repository/com/google/protobuf/protobuf-java-util/3.5.1/protobuf-java-util-3.5.1.jar:/home/user/.m2/repository/org/apache/hadoop/hadoop-hdds-config/0.5.0-SNAPSHOT/hadoop-hdds-config-0.5.0-SNAPSHOT.jar:/home/user/.m2/repository/io/grpc/grpc-netty/1.17.1/grpc-netty-1.17.1.jar:/home/user/.m2/repository/io/grpc/grpc-core/1.17.1/grpc-core-1.17.1.jar:/home/user/.m2/repository/io/grpc/grpc-context/1.17.1/grpc-context-1.17.1.jar:/home/user/.m2/repository/com/google/errorprone/error_prone_annotations/2.2.0/error_prone_annotations-2.2.0.jar:/home/user/.m2/repository/org/codehaus/mojo/animal-sniffer-annotations/1.17/animal-sniffer-annotations-1.17.jar:/home/user/.m2/repository/io/opencensus/opencensus-api/0.17.0/opencensus-api-0.17.0.jar:/home/user/.m2/repository/io/opencensus/opencensus-contrib-grpc-metrics/0.17.0/opencensus-contrib-grpc-metrics-0.17.0.jar:/home/user/.m2/repository/io/netty/netty-codec-http2/4.1.30.Final/netty-codec-http2-4.1.30.Final.jar:/home/user/.m2/repository/io/netty/netty-codec-http/4.1.30.Final/netty-codec-http-4.1.30.Final.jar:/home/user/.m2/repository/io/netty/netty-codec/4.1.30.Final/netty-codec-4.1.30.Final.jar:/home/user/.m2/repository/io/netty/netty-handler/4.1.30.Final/netty-handler-4.1.30.Final.jar:/home/user/.m2/repository/io/netty/netty-handler-proxy/4.1.30.Final/netty-handler-proxy-4.1.30.Final.jar:/home/user/.m2/repository/io/netty/netty-codec-socks/4.1.30.Final/netty-codec-socks-4.1.30.Final.jar:/home/user/.m2/repository/io/netty/netty-transport-native-epoll/4.1.30.Final/netty-transport-native-epoll-4.1.30.Final.jar:/home/user/.m2/repository/io/netty/netty-common/4.1.30.Final/netty-common-4.1.30.Final.jar:/home/user/.m2/repository/io/netty/netty-buffer/4.1.30.Final/netty-buffer-4.1.30.Final.jar:/home/user/.m2/repository/io/netty/netty-transport/4.1.30.Final/netty-transport-4.1.30.Final.jar:/home/user/.m2/repository/io/netty/netty-resolver/4.1.30.Final/netty-resolver-4.1.30.Final.jar:/home/user/.m2/repository/io/netty/netty-transport-native-unix-common/4.1.30.Final/netty-transport-native-unix-common-4.1.30.Final.jar:/home/user/.m2/repository/io/grpc/grpc-protobuf/1.17.1/grpc-protobuf-1.17.1.jar:/home/user/.m2/repository/com/google/api/grpc/proto-google-common-protos/1.0.0/proto-google-common-protos-1.0.0.jar:/home/user/.m2/repository/io/grpc/grpc-protobuf-lite/1.17.1/grpc-protobuf-lite-1.17.1.jar:/home/user/.m2/repository/io/grpc/grpc-stub/1.17.1/grpc-stub-1.17.1.jar:/home/user/.m2/repository/org/apache/hadoop/hadoop-ozone-recon/0.5.0-SNAPSHOT/hadoop-ozone-recon-0.5.0-SNAPSHOT.jar:/home/user/.m2/repository/org/apache/hadoop/hadoop-ozone-reconcodegen/0.5.0-SNAPSHOT/hadoop-ozone-reconcodegen-0.5.0-SNAPSHOT.jar:/home/user/.m2/repository/com/google/inject/extensions/guice-multibindings/4.0/guice-multibindings-4.0.jar:/home/user/.m2/repository/com/google/inject/guice/4.0/guice-4.0.jar:/home/user/.m2/repository/aopalliance/aopalliance/1.0/aopalliance-1.0.jar:/home/user/.m2/repository/com/google/inject/extensions/guice-servlet/4.0/guice-servlet-4.0.jar:/home/user/.m2/repository/org/glassfish/jersey/containers/jersey-container-servlet/2.27/jersey-container-servlet-2.27.jar:/home/user/.m2/repository/org/glassfish/hk2/guice-bridge/2.5.0/guice-bridge-2.5.0.jar:/home/user/.m2/repository/org/glassfish/jersey/core/jersey-server/2.27/jersey-server-2.27.jar:/home/user/.m2/repository/org/glassfish/jersey/core/jersey-client/2.27/jersey-client-2.27.jar:/home/user/.m2/repository/org/glassfish/jersey/media/jersey-media-jaxb/2.27/jersey-media-jaxb-2.27.jar:/home/user/.m2/repository/javax/validation/validation-api/1.1.0.Final/validation-api-1.1.0.Final.jar:/home/user/.m2/repository/org/glassfish/jersey/media/jersey-media-json-jackson/2.27/jersey-media-json-jackson-2.27.jar:/home/user/.m2/repository/org/glassfish/jersey/ext/jersey-entity-filtering/2.27/jersey-entity-filtering-2.27.jar:/home/user/.m2/repository/com/google/inject/extensions/guice-assistedinject/4.0/guice-assistedinject-4.0.jar:/home/user/.m2/repository/org/jooq/jooq/3.11.10/jooq-3.11.10.jar:/home/user/.m2/repository/org/jooq/jooq-meta/3.11.10/jooq-meta-3.11.10.jar:/home/user/.m2/repository/org/jooq/jooq-codegen/3.11.10/jooq-codegen-3.11.10.jar:/home/user/.m2/repository/com/jolbox/bonecp/0.8.0.RELEASE/bonecp-0.8.0.RELEASE.jar:/home/user/.m2/repository/org/xerial/sqlite-jdbc/3.25.2/sqlite-jdbc-3.25.2.jar:/home/user/.m2/repository/org/springframework/spring-jdbc/5.1.3.RELEASE/spring-jdbc-5.1.3.RELEASE.jar:/home/user/.m2/repository/org/springframework/spring-beans/5.1.3.RELEASE/spring-beans-5.1.3.RELEASE.jar:/home/user/.m2/repository/org/springframework/spring-core/5.1.3.RELEASE/spring-core-5.1.3.RELEASE.jar:/home/user/.m2/repository/org/springframework/spring-jcl/5.1.3.RELEASE/spring-jcl-5.1.3.RELEASE.jar:/home/user/.m2/repository/org/springframework/spring-tx/5.1.3.RELEASE/spring-tx-5.1.3.RELEASE.jar:/home/user/.m2/repository/org/apache/hadoop/hadoop-ozone-client/0.5.0-SNAPSHOT/hadoop-ozone-client-0.5.0-SNAPSHOT.jar:/home/user/.m2/repository/commons-lang/commons-lang/2.6/commons-lang-2.6.jar:/home/user/.m2/repository/org/apache/hadoop/hadoop-ozone-ozone-manager/0.5.0-SNAPSHOT/hadoop-ozone-ozone-manager-0.5.0-SNAPSHOT-tests.jar:/home/user/.m2/repository/junit/junit/4.11/junit-4.11.jar:/home/user/.m2/repository/org/hamcrest/hamcrest-core/1.3/hamcrest-core-1.3.jar:/home/user/.m2/repository/org/openjdk/jmh/jmh-core/1.19/jmh-core-1.19.jar:/home/user/.m2/repository/net/sf/jopt-simple/jopt-simple/4.6/jopt-simple-4.6.jar:/home/user/.m2/repository/org/apache/commons/commons-math3/3.1.1/commons-math3-3.1.1.jar:/home/user/.m2/repository/org/openjdk/jmh/jmh-generator-annprocess/1.19/jmh-generator-annprocess-1.19.jar:/home/user/.m2/repository/org/mockito/mockito-all/1.8.5/mockito-all-1.8.5.jar:/home/user/.m2/repository/org/apache/hadoop/hadoop-kms/3.2.0/hadoop-kms-3.2.0.jar:/home/user/.m2/repository/org/apache/hadoop/hadoop-auth/3.2.0/hadoop-auth-3.2.0.jar:/home/user/.m2/repository/com/nimbusds/nimbus-jose-jwt/4.41.1/nimbus-jose-jwt-4.41.1.jar:/home/user/.m2/repository/com/github/stephenc/jcip/jcip-annotations/1.0-1/jcip-annotations-1.0-1.jar:/home/user/.m2/repository/net/minidev/json-smart/2.3/json-smart-2.3.jar:/home/user/.m2/repository/net/minidev/accessors-smart/1.2/accessors-smart-1.2.jar:/home/user/.m2/repository/org/ow2/asm/asm/5.0.4/asm-5.0.4.jar:/home/user/.m2/repository/org/apache/curator/curator-framework/2.12.0/curator-framework-2.12.0.jar:/home/user/.m2/repository/com/sun/jersey/jersey-core/1.19/jersey-core-1.19.jar:/home/user/.m2/repository/javax/ws/rs/jsr311-api/1.1.1/jsr311-api-1.1.1.jar:/home/user/.m2/repository/com/sun/jersey/jersey-server/1.19/jersey-server-1.19.jar:/home/user/.m2/repository/javax/servlet/javax.servlet-api/3.1.0/javax.servlet-api-3.1.0.jar:/home/user/.m2/repository/org/eclipse/jetty/jetty-server/9.3.24.v20180605/jetty-server-9.3.24.v20180605.jar:/home/user/.m2/repository/org/eclipse/jetty/jetty-http/9.3.24.v20180605/jetty-http-9.3.24.v20180605.jar:/home/user/.m2/repository/org/eclipse/jetty/jetty-io/9.3.24.v20180605/jetty-io-9.3.24.v20180605.jar:/home/user/.m2/repository/org/eclipse/jetty/jetty-webapp/9.3.24.v20180605/jetty-webapp-9.3.24.v20180605.jar:/home/user/.m2/repository/org/eclipse/jetty/jetty-xml/9.3.24.v20180605/jetty-xml-9.3.24.v20180605.jar:/home/user/.m2/repository/log4j/log4j/1.2.17/log4j-1.2.17.jar:/home/user/.m2/repository/org/slf4j/slf4j-api/1.7.25/slf4j-api-1.7.25.jar:/home/user/.m2/repository/org/slf4j/jul-to-slf4j/1.7.25/jul-to-slf4j-1.7.25.jar:/home/user/.m2/repository/org/eclipse/jetty/jetty-util/9.3.24.v20180605/jetty-util-9.3.24.v20180605.jar:/home/user/.m2/repository/com/fasterxml/jackson/core/jackson-databind/2.9.5/jackson-databind-2.9.5.jar:/home/user/.m2/repository/org/apache/hadoop/hadoop-kms/3.2.0/hadoop-kms-3.2.0-tests.jar:/home/user/.m2/repository/org/apache/hadoop/hadoop-hdds-server-scm/0.5.0-SNAPSHOT/hadoop-hdds-server-scm-0.5.0-SNAPSHOT-tests.jar:/home/user/.m2/repository/org/apache/hadoop/hadoop-hdds-container-service/0.5.0-SNAPSHOT/hadoop-hdds-container-service-0.5.0-SNAPSHOT-tests.jar:/home/user/.m2/repository/org/yaml/snakeyaml/1.16/snakeyaml-1.16.jar:/home/user/.m2/repository/org/apache/hadoop/hadoop-common/3.2.0/hadoop-common-3.2.0-tests.jar:/home/user/.m2/repository/org/apache/hadoop/hadoop-annotations/3.2.0/hadoop-annotations-3.2.0.jar:/usr/lib/jvm/java-1.8-openjdk/jre/../lib/tools.jar:/home/user/.m2/repository/commons-cli/commons-cli/1.2/commons-cli-1.2.jar:/home/user/.m2/repository/org/apache/httpcomponents/httpclient/4.5.2/httpclient-4.5.2.jar:/home/user/.m2/repository/org/apache/httpcomponents/httpcore/4.4.4/httpcore-4.4.4.jar:/home/user/.m2/repository/commons-codec/commons-codec/1.11/commons-codec-1.11.jar:/home/user/.m2/repository/commons-net/commons-net/3.6/commons-net-3.6.jar:/home/user/.m2/repository/commons-collections/commons-collections/3.2.2/commons-collections-3.2.2.jar:/home/user/.m2/repository/org/eclipse/jetty/jetty-servlet/9.3.24.v20180605/jetty-servlet-9.3.24.v20180605.jar:/home/user/.m2/repository/org/eclipse/jetty/jetty-security/9.3.24.v20180605/jetty-security-9.3.24.v20180605.jar:/home/user/.m2/repository/javax/servlet/jsp/jsp-api/2.1/jsp-api-2.1.jar:/home/user/.m2/repository/com/sun/jersey/jersey-servlet/1.19/jersey-servlet-1.19.jar:/home/user/.m2/repository/com/sun/jersey/jersey-json/1.19/jersey-json-1.19.jar:/home/user/.m2/repository/org/codehaus/jettison/jettison/1.1/jettison-1.1.jar:/home/user/.m2/repository/org/codehaus/jackson/jackson-core-asl/1.9.13/jackson-core-asl-1.9.13.jar:/home/user/.m2/repository/org/codehaus/jackson/jackson-mapper-asl/1.9.13/jackson-mapper-asl-1.9.13.jar:/home/user/.m2/repository/org/codehaus/jackson/jackson-jaxrs/1.9.13/jackson-jaxrs-1.9.13.jar:/home/user/.m2/repository/org/codehaus/jackson/jackson-xc/1.9.13/jackson-xc-1.9.13.jar:/home/user/.m2/repository/commons-logging/commons-logging/1.1.3/commons-logging-1.1.3.jar:/home/user/.m2/repository/commons-beanutils/commons-beanutils/1.9.3/commons-beanutils-1.9.3.jar:/home/user/.m2/repository/org/apache/commons/commons-configuration2/2.1.1/commons-configuration2-2.1.1.jar:/home/user/.m2/repository/org/apache/commons/commons-lang3/3.7/commons-lang3-3.7.jar:/home/user/.m2/repository/org/apache/commons/commons-text/1.4/commons-text-1.4.jar:/home/user/.m2/repository/org/apache/avro/avro/1.7.7/avro-1.7.7.jar:/home/user/.m2/repository/com/thoughtworks/paranamer/paranamer/2.3/paranamer-2.3.jar:/home/user/.m2/repository/org/xerial/snappy/snappy-java/1.0.5/snappy-java-1.0.5.jar:/home/user/.m2/repository/com/google/re2j/re2j/1.1/re2j-1.1.jar:/home/user/.m2/repository/com/google/code/gson/gson/2.2.4/gson-2.2.4.jar:/home/user/.m2/repository/com/jcraft/jsch/0.1.54/jsch-0.1.54.jar:/home/user/.m2/repository/org/apache/curator/curator-client/2.12.0/curator-client-2.12.0.jar:/home/user/.m2/repository/org/apache/curator/curator-recipes/2.12.0/curator-recipes-2.12.0.jar:/home/user/.m2/repository/com/google/code/findbugs/jsr305/3.0.0/jsr305-3.0.0.jar:/home/user/.m2/repository/org/apache/htrace/htrace-core4/4.1.0-incubating/htrace-core4-4.1.0-incubating.jar:/home/user/.m2/repository/org/apache/zookeeper/zookeeper/3.4.13/zookeeper-3.4.13.jar:/home/user/.m2/repository/org/apache/yetus/audience-annotations/0.5.0/audience-annotations-0.5.0.jar:/home/user/.m2/repository/org/codehaus/woodstox/stax2-api/3.1.4/stax2-api-3.1.4.jar:/home/user/.m2/repository/com/fasterxml/woodstox/woodstox-core/5.0.3/woodstox-core-5.0.3.jar:/home/user/.m2/repository/dnsjava/dnsjava/2.1.7/dnsjava-2.1.7.jar:/home/user/.m2/repository/org/apache/hadoop/hadoop-hdfs/3.2.0/hadoop-hdfs-3.2.0-tests.jar:/home/user/.m2/repository/org/eclipse/jetty/jetty-util-ajax/9.3.24.v20180605/jetty-util-ajax-9.3.24.v20180605.jar:/home/user/.m2/repository/commons-daemon/commons-daemon/1.0.13/commons-daemon-1.0.13.jar:/home/user/.m2/repository/io/netty/netty/3.10.5.Final/netty-3.10.5.Final.jar:/home/user/.m2/repository/io/netty/netty-all/4.0.52.Final/netty-all-4.0.52.Final.jar:/home/user/.m2/repository/org/fusesource/leveldbjni/leveldbjni-all/1.8/leveldbjni-all-1.8.jar:"/>
    <property name="java.vm.vendor" value="IcedTea"/>
    <property name="sun.arch.data.model" value="64"/>
    <property name="test.build.dir" value="/workdir/hadoop-ozone/integration-test/target/test-dir"/>
    <property name="test.cache.data" value=""/>
    <property name="java.vendor.url" value="https://icedtea.classpath.org"/>
    <property name="user.timezone" value=""/>
    <property name="java.vm.specification.version" value="1.8"/>
    <property name="os.name" value="Linux"/>
    <property name="test.build.data" value="/workdir/hadoop-ozone/integration-test/target/test-dir"/>
    <property name="user.country" value="US"/>
    <property name="sun.java.launcher" value="SUN_STANDARD"/>
    <property name="sun.boot.library.path" value="/usr/lib/jvm/java-1.8-openjdk/jre/lib/amd64"/>
    <property name="sun.java.command" value="/workdir/hadoop-ozone/integration-test/target/surefire/surefirebooter2607426668520425282.jar /workdir/hadoop-ozone/integration-test/target/surefire 2019-08-30T06-52-04_105-jvmRun1 surefire2968930314299773532tmp surefire_254917306287002326957tmp"/>
    <property name="test" value="!TestMiniChaosOzoneCluster"/>
    <property name="surefire.test.class.path" value="/workdir/hadoop-ozone/integration-test/target/test-classes:/workdir/hadoop-ozone/integration-test/target/classes:/home/user/.m2/repository/org/apache/hadoop/hadoop-ozone-common/0.5.0-SNAPSHOT/hadoop-ozone-common-0.5.0-SNAPSHOT.jar:/home/user/.m2/repository/org/apache/commons/commons-compress/1.4.1/commons-compress-1.4.1.jar:/home/user/.m2/repository/org/tukaani/xz/1.0/xz-1.0.jar:/home/user/.m2/repository/org/apache/hadoop/hadoop-common/3.2.0/hadoop-common-3.2.0.jar:/home/user/.m2/repository/org/apache/hadoop/hadoop-hdfs/3.2.0/hadoop-hdfs-3.2.0.jar:/home/user/.m2/repository/org/apache/hadoop/hadoop-hdfs-client/3.2.0/hadoop-hdfs-client-3.2.0.jar:/home/user/.m2/repository/com/fasterxml/jackson/core/jackson-annotations/2.9.5/jackson-annotations-2.9.5.jar:/home/user/.m2/repository/org/apache/hadoop/hadoop-hdds-common/0.5.0-SNAPSHOT/hadoop-hdds-common-0.5.0-SNAPSHOT.jar:/home/user/.m2/repository/javax/annotation/javax.annotation-api/1.2/javax.annotation-api-1.2.jar:/home/user/.m2/repository/org/apache/ratis/ratis-server/0.4.0-2337318-SNAPSHOT/ratis-server-0.4.0-2337318-SNAPSHOT.jar:/home/user/.m2/repository/org/apache/ratis/ratis-thirdparty-misc/0.2.0/ratis-thirdparty-misc-0.2.0.jar:/home/user/.m2/repository/org/apache/ratis/ratis-proto/0.4.0-2337318-SNAPSHOT/ratis-proto-0.4.0-2337318-SNAPSHOT.jar:/home/user/.m2/repository/org/apache/ratis/ratis-common/0.4.0-2337318-SNAPSHOT/ratis-common-0.4.0-2337318-SNAPSHOT.jar:/home/user/.m2/repository/org/apache/ratis/ratis-client/0.4.0-2337318-SNAPSHOT/ratis-client-0.4.0-2337318-SNAPSHOT.jar:/home/user/.m2/repository/org/apache/ratis/ratis-metrics/0.4.0-2337318-SNAPSHOT/ratis-metrics-0.4.0-2337318-SNAPSHOT.jar:/home/user/.m2/repository/org/apache/ratis/ratis-netty/0.4.0-2337318-SNAPSHOT/ratis-netty-0.4.0-2337318-SNAPSHOT.jar:/home/user/.m2/repository/org/apache/ratis/ratis-grpc/0.4.0-2337318-SNAPSHOT/ratis-grpc-0.4.0-2337318-SNAPSHOT.jar:/home/user/.m2/repository/org/rocksdb/rocksdbjni/6.0.1/rocksdbjni-6.0.1.jar:/home/user/.m2/repository/org/apache/logging/log4j/log4j-api/2.11.0/log4j-api-2.11.0.jar:/home/user/.m2/repository/org/apache/logging/log4j/log4j-core/2.11.0/log4j-core-2.11.0.jar:/home/user/.m2/repository/com/lmax/disruptor/3.4.2/disruptor-3.4.2.jar:/home/user/.m2/repository/org/apache/commons/commons-pool2/2.6.0/commons-pool2-2.6.0.jar:/home/user/.m2/repository/org/bouncycastle/bcpkix-jdk15on/1.60/bcpkix-jdk15on-1.60.jar:/home/user/.m2/repository/commons-validator/commons-validator/1.6/commons-validator-1.6.jar:/home/user/.m2/repository/commons-digester/commons-digester/1.8.1/commons-digester-1.8.1.jar:/home/user/.m2/repository/io/jaegertracing/jaeger-client/0.33.1/jaeger-client-0.33.1.jar:/home/user/.m2/repository/io/jaegertracing/jaeger-thrift/0.33.1/jaeger-thrift-0.33.1.jar:/home/user/.m2/repository/org/apache/thrift/libthrift/0.11.0/libthrift-0.11.0.jar:/home/user/.m2/repository/com/squareup/okhttp3/okhttp/3.9.0/okhttp-3.9.0.jar:/home/user/.m2/repository/com/squareup/okio/okio/1.13.0/okio-1.13.0.jar:/home/user/.m2/repository/io/jaegertracing/jaeger-core/0.33.1/jaeger-core-0.33.1.jar:/home/user/.m2/repository/io/jaegertracing/jaeger-tracerresolver/0.33.1/jaeger-tracerresolver-0.33.1.jar:/home/user/.m2/repository/io/opentracing/contrib/opentracing-tracerresolver/0.1.5/opentracing-tracerresolver-0.1.5.jar:/home/user/.m2/repository/io/opentracing/opentracing-util/0.31.0/opentracing-util-0.31.0.jar:/home/user/.m2/repository/io/opentracing/opentracing-api/0.31.0/opentracing-api-0.31.0.jar:/home/user/.m2/repository/io/opentracing/opentracing-noop/0.31.0/opentracing-noop-0.31.0.jar:/home/user/.m2/repository/org/apache/hadoop/hadoop-hdds-server-framework/0.5.0-SNAPSHOT/hadoop-hdds-server-framework-0.5.0-SNAPSHOT.jar:/home/user/.m2/repository/org/apache/hadoop/hadoop-hdds-container-service/0.5.0-SNAPSHOT/hadoop-hdds-container-service-0.5.0-SNAPSHOT.jar:/home/user/.m2/repository/org/apache/hadoop/hadoop-hdds-client/0.5.0-SNAPSHOT/hadoop-hdds-client-0.5.0-SNAPSHOT.jar:/home/user/.m2/repository/org/apache/hadoop/hadoop-hdds-tools/0.5.0-SNAPSHOT/hadoop-hdds-tools-0.5.0-SNAPSHOT.jar:/home/user/.m2/repository/org/apache/hadoop/hadoop-hdds-server-scm/0.5.0-SNAPSHOT/hadoop-hdds-server-scm-0.5.0-SNAPSHOT.jar:/home/user/.m2/repository/org/apache/hadoop/hadoop-hdds-docs/0.5.0-SNAPSHOT/hadoop-hdds-docs-0.5.0-SNAPSHOT.jar:/home/user/.m2/repository/io/dropwizard/metrics/metrics-core/3.2.4/metrics-core-3.2.4.jar:/home/user/.m2/repository/org/hamcrest/hamcrest-all/1.3/hamcrest-all-1.3.jar:/home/user/.m2/repository/org/bouncycastle/bcprov-jdk15on/1.60/bcprov-jdk15on-1.60.jar:/home/user/.m2/repository/info/picocli/picocli/3.9.6/picocli-3.9.6.jar:/home/user/.m2/repository/com/google/protobuf/protobuf-java/2.5.0/protobuf-java-2.5.0.jar:/home/user/.m2/repository/com/google/guava/guava/11.0.2/guava-11.0.2.jar:/home/user/.m2/repository/org/apache/hadoop/hadoop-ozone-ozone-manager/0.5.0-SNAPSHOT/hadoop-ozone-ozone-manager-0.5.0-SNAPSHOT.jar:/home/user/.m2/repository/org/apache/hadoop/hadoop-minikdc/3.2.0/hadoop-minikdc-3.2.0.jar:/home/user/.m2/repository/commons-io/commons-io/2.5/commons-io-2.5.jar:/home/user/.m2/repository/org/apache/kerby/kerb-simplekdc/1.0.1/kerb-simplekdc-1.0.1.jar:/home/user/.m2/repository/org/apache/kerby/kerb-client/1.0.1/kerb-client-1.0.1.jar:/home/user/.m2/repository/org/apache/kerby/kerby-config/1.0.1/kerby-config-1.0.1.jar:/home/user/.m2/repository/org/apache/kerby/kerb-core/1.0.1/kerb-core-1.0.1.jar:/home/user/.m2/repository/org/apache/kerby/kerby-pkix/1.0.1/kerby-pkix-1.0.1.jar:/home/user/.m2/repository/org/apache/kerby/kerby-asn1/1.0.1/kerby-asn1-1.0.1.jar:/home/user/.m2/repository/org/apache/kerby/kerby-util/1.0.1/kerby-util-1.0.1.jar:/home/user/.m2/repository/org/apache/kerby/kerb-common/1.0.1/kerb-common-1.0.1.jar:/home/user/.m2/repository/org/apache/kerby/kerb-crypto/1.0.1/kerb-crypto-1.0.1.jar:/home/user/.m2/repository/org/apache/kerby/kerb-util/1.0.1/kerb-util-1.0.1.jar:/home/user/.m2/repository/org/apache/kerby/token-provider/1.0.1/token-provider-1.0.1.jar:/home/user/.m2/repository/org/apache/kerby/kerb-admin/1.0.1/kerb-admin-1.0.1.jar:/home/user/.m2/repository/org/apache/kerby/kerb-server/1.0.1/kerb-server-1.0.1.jar:/home/user/.m2/repository/org/apache/kerby/kerb-identity/1.0.1/kerb-identity-1.0.1.jar:/home/user/.m2/repository/org/apache/kerby/kerby-xdr/1.0.1/kerby-xdr-1.0.1.jar:/home/user/.m2/repository/org/slf4j/slf4j-log4j12/1.7.25/slf4j-log4j12-1.7.25.jar:/home/user/.m2/repository/org/apache/hadoop/hadoop-ozone-objectstore-service/0.5.0-SNAPSHOT/hadoop-ozone-objectstore-service-0.5.0-SNAPSHOT.jar:/home/user/.m2/repository/org/apache/hadoop/hadoop-ozone-s3gateway/0.5.0-SNAPSHOT/hadoop-ozone-s3gateway-0.5.0-SNAPSHOT.jar:/home/user/.m2/repository/org/jboss/weld/servlet/weld-servlet/2.4.7.Final/weld-servlet-2.4.7.Final.jar:/home/user/.m2/repository/org/glassfish/jersey/containers/jersey-container-servlet-core/2.27/jersey-container-servlet-core-2.27.jar:/home/user/.m2/repository/org/glassfish/hk2/external/javax.inject/2.5.0-b42/javax.inject-2.5.0-b42.jar:/home/user/.m2/repository/org/glassfish/jersey/core/jersey-common/2.27/jersey-common-2.27.jar:/home/user/.m2/repository/org/glassfish/hk2/osgi-resource-locator/1.0.1/osgi-resource-locator-1.0.1.jar:/home/user/.m2/repository/javax/ws/rs/javax.ws.rs-api/2.1/javax.ws.rs-api-2.1.jar:/home/user/.m2/repository/org/glassfish/jersey/ext/cdi/jersey-cdi1x/2.27/jersey-cdi1x-2.27.jar:/home/user/.m2/repository/org/glassfish/jersey/inject/jersey-hk2/2.27/jersey-hk2-2.27.jar:/home/user/.m2/repository/org/glassfish/hk2/hk2-locator/2.5.0-b42/hk2-locator-2.5.0-b42.jar:/home/user/.m2/repository/org/javassist/javassist/3.22.0-CR2/javassist-3.22.0-CR2.jar:/home/user/.m2/repository/org/glassfish/hk2/hk2-api/2.5.0/hk2-api-2.5.0.jar:/home/user/.m2/repository/org/glassfish/hk2/external/jakarta.inject/2.5.0/jakarta.inject-2.5.0.jar:/home/user/.m2/repository/org/glassfish/hk2/hk2-utils/2.5.0/hk2-utils-2.5.0.jar:/home/user/.m2/repository/jakarta/annotation/jakarta.annotation-api/1.3.4/jakarta.annotation-api-1.3.4.jar:/home/user/.m2/repository/org/glassfish/hk2/external/aopalliance-repackaged/2.5.0/aopalliance-repackaged-2.5.0.jar:/home/user/.m2/repository/com/fasterxml/jackson/dataformat/jackson-dataformat-xml/2.9.0/jackson-dataformat-xml-2.9.0.jar:/home/user/.m2/repository/com/fasterxml/jackson/core/jackson-core/2.9.5/jackson-core-2.9.5.jar:/home/user/.m2/repository/com/fasterxml/jackson/module/jackson-module-jaxb-annotations/2.9.5/jackson-module-jaxb-annotations-2.9.5.jar:/home/user/.m2/repository/javax/enterprise/cdi-api/1.2/cdi-api-1.2.jar:/home/user/.m2/repository/javax/el/javax.el-api/3.0.0/javax.el-api-3.0.0.jar:/home/user/.m2/repository/javax/interceptor/javax.interceptor-api/1.2/javax.interceptor-api-1.2.jar:/home/user/.m2/repository/javax/inject/javax.inject/1/javax.inject-1.jar:/home/user/.m2/repository/com/sun/xml/bind/jaxb-impl/2.3.0.1/jaxb-impl-2.3.0.1.jar:/home/user/.m2/repository/com/sun/xml/bind/jaxb-core/2.3.0.1/jaxb-core-2.3.0.1.jar:/home/user/.m2/repository/javax/xml/bind/jaxb-api/2.3.0/jaxb-api-2.3.0.jar:/home/user/.m2/repository/javax/activation/activation/1.1.1/activation-1.1.1.jar:/home/user/.m2/repository/org/apache/hadoop/hadoop-ozone-csi/0.5.0-SNAPSHOT/hadoop-ozone-csi-0.5.0-SNAPSHOT.jar:/home/user/.m2/repository/com/google/protobuf/protobuf-java-util/3.5.1/protobuf-java-util-3.5.1.jar:/home/user/.m2/repository/org/apache/hadoop/hadoop-hdds-config/0.5.0-SNAPSHOT/hadoop-hdds-config-0.5.0-SNAPSHOT.jar:/home/user/.m2/repository/io/grpc/grpc-netty/1.17.1/grpc-netty-1.17.1.jar:/home/user/.m2/repository/io/grpc/grpc-core/1.17.1/grpc-core-1.17.1.jar:/home/user/.m2/repository/io/grpc/grpc-context/1.17.1/grpc-context-1.17.1.jar:/home/user/.m2/repository/com/google/errorprone/error_prone_annotations/2.2.0/error_prone_annotations-2.2.0.jar:/home/user/.m2/repository/org/codehaus/mojo/animal-sniffer-annotations/1.17/animal-sniffer-annotations-1.17.jar:/home/user/.m2/repository/io/opencensus/opencensus-api/0.17.0/opencensus-api-0.17.0.jar:/home/user/.m2/repository/io/opencensus/opencensus-contrib-grpc-metrics/0.17.0/opencensus-contrib-grpc-metrics-0.17.0.jar:/home/user/.m2/repository/io/netty/netty-codec-http2/4.1.30.Final/netty-codec-http2-4.1.30.Final.jar:/home/user/.m2/repository/io/netty/netty-codec-http/4.1.30.Final/netty-codec-http-4.1.30.Final.jar:/home/user/.m2/repository/io/netty/netty-codec/4.1.30.Final/netty-codec-4.1.30.Final.jar:/home/user/.m2/repository/io/netty/netty-handler/4.1.30.Final/netty-handler-4.1.30.Final.jar:/home/user/.m2/repository/io/netty/netty-handler-proxy/4.1.30.Final/netty-handler-proxy-4.1.30.Final.jar:/home/user/.m2/repository/io/netty/netty-codec-socks/4.1.30.Final/netty-codec-socks-4.1.30.Final.jar:/home/user/.m2/repository/io/netty/netty-transport-native-epoll/4.1.30.Final/netty-transport-native-epoll-4.1.30.Final.jar:/home/user/.m2/repository/io/netty/netty-common/4.1.30.Final/netty-common-4.1.30.Final.jar:/home/user/.m2/repository/io/netty/netty-buffer/4.1.30.Final/netty-buffer-4.1.30.Final.jar:/home/user/.m2/repository/io/netty/netty-transport/4.1.30.Final/netty-transport-4.1.30.Final.jar:/home/user/.m2/repository/io/netty/netty-resolver/4.1.30.Final/netty-resolver-4.1.30.Final.jar:/home/user/.m2/repository/io/netty/netty-transport-native-unix-common/4.1.30.Final/netty-transport-native-unix-common-4.1.30.Final.jar:/home/user/.m2/repository/io/grpc/grpc-protobuf/1.17.1/grpc-protobuf-1.17.1.jar:/home/user/.m2/repository/com/google/api/grpc/proto-google-common-protos/1.0.0/proto-google-common-protos-1.0.0.jar:/home/user/.m2/repository/io/grpc/grpc-protobuf-lite/1.17.1/grpc-protobuf-lite-1.17.1.jar:/home/user/.m2/repository/io/grpc/grpc-stub/1.17.1/grpc-stub-1.17.1.jar:/home/user/.m2/repository/org/apache/hadoop/hadoop-ozone-recon/0.5.0-SNAPSHOT/hadoop-ozone-recon-0.5.0-SNAPSHOT.jar:/home/user/.m2/repository/org/apache/hadoop/hadoop-ozone-reconcodegen/0.5.0-SNAPSHOT/hadoop-ozone-reconcodegen-0.5.0-SNAPSHOT.jar:/home/user/.m2/repository/com/google/inject/extensions/guice-multibindings/4.0/guice-multibindings-4.0.jar:/home/user/.m2/repository/com/google/inject/guice/4.0/guice-4.0.jar:/home/user/.m2/repository/aopalliance/aopalliance/1.0/aopalliance-1.0.jar:/home/user/.m2/repository/com/google/inject/extensions/guice-servlet/4.0/guice-servlet-4.0.jar:/home/user/.m2/repository/org/glassfish/jersey/containers/jersey-container-servlet/2.27/jersey-container-servlet-2.27.jar:/home/user/.m2/repository/org/glassfish/hk2/guice-bridge/2.5.0/guice-bridge-2.5.0.jar:/home/user/.m2/repository/org/glassfish/jersey/core/jersey-server/2.27/jersey-server-2.27.jar:/home/user/.m2/repository/org/glassfish/jersey/core/jersey-client/2.27/jersey-client-2.27.jar:/home/user/.m2/repository/org/glassfish/jersey/media/jersey-media-jaxb/2.27/jersey-media-jaxb-2.27.jar:/home/user/.m2/repository/javax/validation/validation-api/1.1.0.Final/validation-api-1.1.0.Final.jar:/home/user/.m2/repository/org/glassfish/jersey/media/jersey-media-json-jackson/2.27/jersey-media-json-jackson-2.27.jar:/home/user/.m2/repository/org/glassfish/jersey/ext/jersey-entity-filtering/2.27/jersey-entity-filtering-2.27.jar:/home/user/.m2/repository/com/google/inject/extensions/guice-assistedinject/4.0/guice-assistedinject-4.0.jar:/home/user/.m2/repository/org/jooq/jooq/3.11.10/jooq-3.11.10.jar:/home/user/.m2/repository/org/jooq/jooq-meta/3.11.10/jooq-meta-3.11.10.jar:/home/user/.m2/repository/org/jooq/jooq-codegen/3.11.10/jooq-codegen-3.11.10.jar:/home/user/.m2/repository/com/jolbox/bonecp/0.8.0.RELEASE/bonecp-0.8.0.RELEASE.jar:/home/user/.m2/repository/org/xerial/sqlite-jdbc/3.25.2/sqlite-jdbc-3.25.2.jar:/home/user/.m2/repository/org/springframework/spring-jdbc/5.1.3.RELEASE/spring-jdbc-5.1.3.RELEASE.jar:/home/user/.m2/repository/org/springframework/spring-beans/5.1.3.RELEASE/spring-beans-5.1.3.RELEASE.jar:/home/user/.m2/repository/org/springframework/spring-core/5.1.3.RELEASE/spring-core-5.1.3.RELEASE.jar:/home/user/.m2/repository/org/springframework/spring-jcl/5.1.3.RELEASE/spring-jcl-5.1.3.RELEASE.jar:/home/user/.m2/repository/org/springframework/spring-tx/5.1.3.RELEASE/spring-tx-5.1.3.RELEASE.jar:/home/user/.m2/repository/org/apache/hadoop/hadoop-ozone-client/0.5.0-SNAPSHOT/hadoop-ozone-client-0.5.0-SNAPSHOT.jar:/home/user/.m2/repository/commons-lang/commons-lang/2.6/commons-lang-2.6.jar:/home/user/.m2/repository/org/apache/hadoop/hadoop-ozone-ozone-manager/0.5.0-SNAPSHOT/hadoop-ozone-ozone-manager-0.5.0-SNAPSHOT-tests.jar:/home/user/.m2/repository/junit/junit/4.11/junit-4.11.jar:/home/user/.m2/repository/org/hamcrest/hamcrest-core/1.3/hamcrest-core-1.3.jar:/home/user/.m2/repository/org/openjdk/jmh/jmh-core/1.19/jmh-core-1.19.jar:/home/user/.m2/repository/net/sf/jopt-simple/jopt-simple/4.6/jopt-simple-4.6.jar:/home/user/.m2/repository/org/apache/commons/commons-math3/3.1.1/commons-math3-3.1.1.jar:/home/user/.m2/repository/org/openjdk/jmh/jmh-generator-annprocess/1.19/jmh-generator-annprocess-1.19.jar:/home/user/.m2/repository/org/mockito/mockito-all/1.8.5/mockito-all-1.8.5.jar:/home/user/.m2/repository/org/apache/hadoop/hadoop-kms/3.2.0/hadoop-kms-3.2.0.jar:/home/user/.m2/repository/org/apache/hadoop/hadoop-auth/3.2.0/hadoop-auth-3.2.0.jar:/home/user/.m2/repository/com/nimbusds/nimbus-jose-jwt/4.41.1/nimbus-jose-jwt-4.41.1.jar:/home/user/.m2/repository/com/github/stephenc/jcip/jcip-annotations/1.0-1/jcip-annotations-1.0-1.jar:/home/user/.m2/repository/net/minidev/json-smart/2.3/json-smart-2.3.jar:/home/user/.m2/repository/net/minidev/accessors-smart/1.2/accessors-smart-1.2.jar:/home/user/.m2/repository/org/ow2/asm/asm/5.0.4/asm-5.0.4.jar:/home/user/.m2/repository/org/apache/curator/curator-framework/2.12.0/curator-framework-2.12.0.jar:/home/user/.m2/repository/com/sun/jersey/jersey-core/1.19/jersey-core-1.19.jar:/home/user/.m2/repository/javax/ws/rs/jsr311-api/1.1.1/jsr311-api-1.1.1.jar:/home/user/.m2/repository/com/sun/jersey/jersey-server/1.19/jersey-server-1.19.jar:/home/user/.m2/repository/javax/servlet/javax.servlet-api/3.1.0/javax.servlet-api-3.1.0.jar:/home/user/.m2/repository/org/eclipse/jetty/jetty-server/9.3.24.v20180605/jetty-server-9.3.24.v20180605.jar:/home/user/.m2/repository/org/eclipse/jetty/jetty-http/9.3.24.v20180605/jetty-http-9.3.24.v20180605.jar:/home/user/.m2/repository/org/eclipse/jetty/jetty-io/9.3.24.v20180605/jetty-io-9.3.24.v20180605.jar:/home/user/.m2/repository/org/eclipse/jetty/jetty-webapp/9.3.24.v20180605/jetty-webapp-9.3.24.v20180605.jar:/home/user/.m2/repository/org/eclipse/jetty/jetty-xml/9.3.24.v20180605/jetty-xml-9.3.24.v20180605.jar:/home/user/.m2/repository/log4j/log4j/1.2.17/log4j-1.2.17.jar:/home/user/.m2/repository/org/slf4j/slf4j-api/1.7.25/slf4j-api-1.7.25.jar:/home/user/.m2/repository/org/slf4j/jul-to-slf4j/1.7.25/jul-to-slf4j-1.7.25.jar:/home/user/.m2/repository/org/eclipse/jetty/jetty-util/9.3.24.v20180605/jetty-util-9.3.24.v20180605.jar:/home/user/.m2/repository/com/fasterxml/jackson/core/jackson-databind/2.9.5/jackson-databind-2.9.5.jar:/home/user/.m2/repository/org/apache/hadoop/hadoop-kms/3.2.0/hadoop-kms-3.2.0-tests.jar:/home/user/.m2/repository/org/apache/hadoop/hadoop-hdds-server-scm/0.5.0-SNAPSHOT/hadoop-hdds-server-scm-0.5.0-SNAPSHOT-tests.jar:/home/user/.m2/repository/org/apache/hadoop/hadoop-hdds-container-service/0.5.0-SNAPSHOT/hadoop-hdds-container-service-0.5.0-SNAPSHOT-tests.jar:/home/user/.m2/repository/org/yaml/snakeyaml/1.16/snakeyaml-1.16.jar:/home/user/.m2/repository/org/apache/hadoop/hadoop-common/3.2.0/hadoop-common-3.2.0-tests.jar:/home/user/.m2/repository/org/apache/hadoop/hadoop-annotations/3.2.0/hadoop-annotations-3.2.0.jar:/usr/lib/jvm/java-1.8-openjdk/jre/../lib/tools.jar:/home/user/.m2/repository/commons-cli/commons-cli/1.2/commons-cli-1.2.jar:/home/user/.m2/repository/org/apache/httpcomponents/httpclient/4.5.2/httpclient-4.5.2.jar:/home/user/.m2/repository/org/apache/httpcomponents/httpcore/4.4.4/httpcore-4.4.4.jar:/home/user/.m2/repository/commons-codec/commons-codec/1.11/commons-codec-1.11.jar:/home/user/.m2/repository/commons-net/commons-net/3.6/commons-net-3.6.jar:/home/user/.m2/repository/commons-collections/commons-collections/3.2.2/commons-collections-3.2.2.jar:/home/user/.m2/repository/org/eclipse/jetty/jetty-servlet/9.3.24.v20180605/jetty-servlet-9.3.24.v20180605.jar:/home/user/.m2/repository/org/eclipse/jetty/jetty-security/9.3.24.v20180605/jetty-security-9.3.24.v20180605.jar:/home/user/.m2/repository/javax/servlet/jsp/jsp-api/2.1/jsp-api-2.1.jar:/home/user/.m2/repository/com/sun/jersey/jersey-servlet/1.19/jersey-servlet-1.19.jar:/home/user/.m2/repository/com/sun/jersey/jersey-json/1.19/jersey-json-1.19.jar:/home/user/.m2/repository/org/codehaus/jettison/jettison/1.1/jettison-1.1.jar:/home/user/.m2/repository/org/codehaus/jackson/jackson-core-asl/1.9.13/jackson-core-asl-1.9.13.jar:/home/user/.m2/repository/org/codehaus/jackson/jackson-mapper-asl/1.9.13/jackson-mapper-asl-1.9.13.jar:/home/user/.m2/repository/org/codehaus/jackson/jackson-jaxrs/1.9.13/jackson-jaxrs-1.9.13.jar:/home/user/.m2/repository/org/codehaus/jackson/jackson-xc/1.9.13/jackson-xc-1.9.13.jar:/home/user/.m2/repository/commons-logging/commons-logging/1.1.3/commons-logging-1.1.3.jar:/home/user/.m2/repository/commons-beanutils/commons-beanutils/1.9.3/commons-beanutils-1.9.3.jar:/home/user/.m2/repository/org/apache/commons/commons-configuration2/2.1.1/commons-configuration2-2.1.1.jar:/home/user/.m2/repository/org/apache/commons/commons-lang3/3.7/commons-lang3-3.7.jar:/home/user/.m2/repository/org/apache/commons/commons-text/1.4/commons-text-1.4.jar:/home/user/.m2/repository/org/apache/avro/avro/1.7.7/avro-1.7.7.jar:/home/user/.m2/repository/com/thoughtworks/paranamer/paranamer/2.3/paranamer-2.3.jar:/home/user/.m2/repository/org/xerial/snappy/snappy-java/1.0.5/snappy-java-1.0.5.jar:/home/user/.m2/repository/com/google/re2j/re2j/1.1/re2j-1.1.jar:/home/user/.m2/repository/com/google/code/gson/gson/2.2.4/gson-2.2.4.jar:/home/user/.m2/repository/com/jcraft/jsch/0.1.54/jsch-0.1.54.jar:/home/user/.m2/repository/org/apache/curator/curator-client/2.12.0/curator-client-2.12.0.jar:/home/user/.m2/repository/org/apache/curator/curator-recipes/2.12.0/curator-recipes-2.12.0.jar:/home/user/.m2/repository/com/google/code/findbugs/jsr305/3.0.0/jsr305-3.0.0.jar:/home/user/.m2/repository/org/apache/htrace/htrace-core4/4.1.0-incubating/htrace-core4-4.1.0-incubating.jar:/home/user/.m2/repository/org/apache/zookeeper/zookeeper/3.4.13/zookeeper-3.4.13.jar:/home/user/.m2/repository/org/apache/yetus/audience-annotations/0.5.0/audience-annotations-0.5.0.jar:/home/user/.m2/repository/org/codehaus/woodstox/stax2-api/3.1.4/stax2-api-3.1.4.jar:/home/user/.m2/repository/com/fasterxml/woodstox/woodstox-core/5.0.3/woodstox-core-5.0.3.jar:/home/user/.m2/repository/dnsjava/dnsjava/2.1.7/dnsjava-2.1.7.jar:/home/user/.m2/repository/org/apache/hadoop/hadoop-hdfs/3.2.0/hadoop-hdfs-3.2.0-tests.jar:/home/user/.m2/repository/org/eclipse/jetty/jetty-util-ajax/9.3.24.v20180605/jetty-util-ajax-9.3.24.v20180605.jar:/home/user/.m2/repository/commons-daemon/commons-daemon/1.0.13/commons-daemon-1.0.13.jar:/home/user/.m2/repository/io/netty/netty/3.10.5.Final/netty-3.10.5.Final.jar:/home/user/.m2/repository/io/netty/netty-all/4.0.52.Final/netty-all-4.0.52.Final.jar:/home/user/.m2/repository/org/fusesource/leveldbjni/leveldbjni-all/1.8/leveldbjni-all-1.8.jar:"/>
    <property name="sun.cpu.endian" value="little"/>
    <property name="user.home" value="/home/user"/>
    <property name="user.language" value="en"/>
    <property name="java.specification.vendor" value="Oracle Corporation"/>
    <property name="java.home" value="/usr/lib/jvm/java-1.8-openjdk/jre"/>
    <property name="java.security.krb5.conf" value="/workdir/hadoop-ozone/integration-test/target/test-classes/krb5.conf"/>
    <property name="basedir" value="/workdir/hadoop-ozone/integration-test"/>
    <property name="file.separator" value="/"/>
    <property name="line.separator" value="&#10;"/>
    <property name="java.vm.specification.vendor" value="Oracle Corporation"/>
    <property name="java.specification.name" value="Java Platform API Specification"/>
    <property name="java.awt.graphicsenv" value="sun.awt.X11GraphicsEnvironment"/>
    <property name="surefire.real.class.path" value="/workdir/hadoop-ozone/integration-test/target/surefire/surefirebooter2607426668520425282.jar"/>
    <property name="hadoop.log.dir" value="/workdir/hadoop-ozone/integration-test/target/log"/>
    <property name="sun.boot.class.path" value="/usr/lib/jvm/java-1.8-openjdk/jre/lib/resources.jar:/usr/lib/jvm/java-1.8-openjdk/jre/lib/rt.jar:/usr/lib/jvm/java-1.8-openjdk/jre/lib/sunrsasign.jar:/usr/lib/jvm/java-1.8-openjdk/jre/lib/jsse.jar:/usr/lib/jvm/java-1.8-openjdk/jre/lib/jce.jar:/usr/lib/jvm/java-1.8-openjdk/jre/lib/charsets.jar:/usr/lib/jvm/java-1.8-openjdk/jre/lib/jfr.jar:/usr/lib/jvm/java-1.8-openjdk/jre/classes"/>
    <property name="sun.management.compiler" value="HotSpot 64-Bit Tiered Compilers"/>
    <property name="java.runtime.version" value="1.8.0_212-b04"/>
    <property name="java.net.preferIPv4Stack" value="true"/>
    <property name="user.name" value="jenkins1000"/>
    <property name="path.separator" value=":"/>
    <property name="java.security.egd" value="file:///dev/urandom"/>
    <property name="os.version" value="3.10.0-957.12.2.el7.x86_64"/>
    <property name="java.endorsed.dirs" value="/usr/lib/jvm/java-1.8-openjdk/jre/lib/endorsed"/>
    <property name="java.runtime.name" value="OpenJDK Runtime Environment"/>
    <property name="file.encoding" value="UTF-8"/>
    <property name="java.vm.name" value="OpenJDK 64-Bit Server VM"/>
    <property name="test.build.webapps" value=""/>
    <property name="localRepository" value="/home/user/.m2/repository"/>
    <property name="java.vendor.url.bug" value="https://icedtea.classpath.org/bugzilla"/>
    <property name="java.io.tmpdir" value="/tmp"/>
    <property name="require.test.libhadoop" value=""/>
    <property name="java.version" value="1.8.0_212"/>
    <property name="user.dir" value="/workdir/hadoop-ozone/integration-test"/>
    <property name="os.arch" value="amd64"/>
    <property name="java.vm.specification.name" value="Java Virtual Machine Specification"/>
    <property name="test.build.classes" value="/workdir/hadoop-ozone/integration-test/target/test-classes"/>
    <property name="java.awt.printerjob" value="sun.print.PSPrinterJob"/>
    <property name="sun.os.patch.level" value="unknown"/>
    <property name="hadoop.tmp.dir" value="/workdir/hadoop-ozone/integration-test/target/tmp"/>
    <property name="java.library.path" value="/usr/lib/jvm/java-1.8-openjdk/jre/lib/amd64/server:/usr/lib/jvm/java-1.8-openjdk/jre/lib/amd64:/usr/lib/jvm/java-1.8-openjdk/jre/../lib/amd64:/workdir/hadoop-ozone/integration-test/target/native/target/usr/local/lib:/workdir/hadoop-ozone/integration-test/../../hadoop-common-project/hadoop-common/target/native/target/usr/local/lib:/usr/java/packages/lib/amd64:/usr/lib64:/lib64:/lib:/usr/lib"/>
    <property name="java.vm.info" value="mixed mode"/>
    <property name="java.vendor" value="IcedTea"/>
    <property name="java.vm.version" value="25.212-b04"/>
    <property name="java.ext.dirs" value="/usr/lib/jvm/java-1.8-openjdk/jre/lib/ext:/usr/java/packages/lib/ext"/>
    <property name="sun.io.unicode.encoding" value="UnicodeLittle"/>
    <property name="java.class.version" value="52.0"/>
  </properties>
  <testcase name="testReleaseBuffers" classname="org.apache.hadoop.ozone.client.rpc.TestCommitWatcher" time="9.033"/>
  <testcase name="testReleaseBuffersOnException" classname="org.apache.hadoop.ozone.client.rpc.TestCommitWatcher" time="10.73">
    <failure type="java.lang.AssertionError">java.lang.AssertionError
	at org.junit.Assert.fail(Assert.java:86)
	at org.junit.Assert.assertTrue(Assert.java:41)
	at org.junit.Assert.assertTrue(Assert.java:52)
	at org.apache.hadoop.ozone.client.rpc.TestCommitWatcher.testReleaseBuffersOnException(TestCommitWatcher.java:284)
	at sun.reflect.NativeMethodAccessorImpl.invoke0(Native Method)
	at sun.reflect.NativeMethodAccessorImpl.invoke(NativeMethodAccessorImpl.java:62)
	at sun.reflect.DelegatingMethodAccessorImpl.invoke(DelegatingMethodAccessorImpl.java:43)
	at java.lang.reflect.Method.invoke(Method.java:498)
	at org.junit.runners.model.FrameworkMethod$1.runReflectiveCall(FrameworkMethod.java:47)
	at org.junit.internal.runners.model.ReflectiveCallable.run(ReflectiveCallable.java:12)
	at org.junit.runners.model.FrameworkMethod.invokeExplosively(FrameworkMethod.java:44)
	at org.junit.internal.runners.statements.InvokeMethod.evaluate(InvokeMethod.java:17)
	at org.junit.runners.ParentRunner.runLeaf(ParentRunner.java:271)
	at org.junit.runners.BlockJUnit4ClassRunner.runChild(BlockJUnit4ClassRunner.java:70)
	at org.junit.runners.BlockJUnit4ClassRunner.runChild(BlockJUnit4ClassRunner.java:50)
	at org.junit.runners.ParentRunner$3.run(ParentRunner.java:238)
	at org.junit.runners.ParentRunner$1.schedule(ParentRunner.java:63)
	at org.junit.runners.ParentRunner.runChildren(ParentRunner.java:236)
	at org.junit.runners.ParentRunner.access$000(ParentRunner.java:53)
	at org.junit.runners.ParentRunner$2.evaluate(ParentRunner.java:229)
	at org.junit.internal.runners.statements.RunBefores.evaluate(RunBefores.java:26)
	at org.junit.internal.runners.statements.RunAfters.evaluate(RunAfters.java:27)
	at org.junit.runners.ParentRunner.run(ParentRunner.java:309)
	at org.apache.maven.surefire.junit4.JUnit4Provider.execute(JUnit4Provider.java:365)
	at org.apache.maven.surefire.junit4.JUnit4Provider.executeWithRerun(JUnit4Provider.java:273)
	at org.apache.maven.surefire.junit4.JUnit4Provider.executeTestSet(JUnit4Provider.java:238)
	at org.apache.maven.surefire.junit4.JUnit4Provider.invoke(JUnit4Provider.java:159)
	at org.apache.maven.surefire.booter.ForkedBooter.invokeProviderInSameClassLoader(ForkedBooter.java:384)
	at org.apache.maven.surefire.booter.ForkedBooter.runSuitesInProcess(ForkedBooter.java:345)
	at org.apache.maven.surefire.booter.ForkedBooter.execute(ForkedBooter.java:126)
	at org.apache.maven.surefire.booter.ForkedBooter.main(ForkedBooter.java:418)
</failure>
    <system-out><![CDATA[2019-08-30 07:28:34,473 [Thread-284] INFO  impl.FollowerState (FollowerState.java:run(106)) - 28764b8f-4be8-46fb-b57c-79b3e5557bdd:group-D38F299F6157 changes to CANDIDATE, lastRpcTime:5080, electionTimeout:5079ms
2019-08-30 07:28:34,473 [Thread-284] INFO  impl.RoleInfo (RoleInfo.java:shutdownFollowerState(121)) - 28764b8f-4be8-46fb-b57c-79b3e5557bdd: shutdown FollowerState
2019-08-30 07:28:34,473 [Thread-284] INFO  impl.RaftServerImpl (RaftServerImpl.java:setRole(171)) - 28764b8f-4be8-46fb-b57c-79b3e5557bdd:group-D38F299F6157 changes role from FOLLOWER to CANDIDATE at term 0 for changeToCandidate
2019-08-30 07:28:34,473 [Thread-284] INFO  impl.RoleInfo (RoleInfo.java:updateAndGet(143)) - 28764b8f-4be8-46fb-b57c-79b3e5557bdd: start LeaderElection
2019-08-30 07:28:34,489 [28764b8f-4be8-46fb-b57c-79b3e5557bdd:group-D38F299F6157:LeaderElection11] INFO  impl.LeaderElection (LeaderElection.java:askForVotes(181)) - 28764b8f-4be8-46fb-b57c-79b3e5557bdd:group-D38F299F6157:LeaderElection11: begin an election at term 1 for -1: [28764b8f-4be8-46fb-b57c-79b3e5557bdd:192.168.5.156:38508], old=null
2019-08-30 07:28:34,489 [28764b8f-4be8-46fb-b57c-79b3e5557bdd:group-D38F299F6157:LeaderElection11] INFO  impl.RoleInfo (RoleInfo.java:shutdownLeaderElection(134)) - 28764b8f-4be8-46fb-b57c-79b3e5557bdd: shutdown LeaderElection
2019-08-30 07:28:34,489 [28764b8f-4be8-46fb-b57c-79b3e5557bdd:group-D38F299F6157:LeaderElection11] INFO  impl.RaftServerImpl (RaftServerImpl.java:setRole(171)) - 28764b8f-4be8-46fb-b57c-79b3e5557bdd:group-D38F299F6157 changes role from CANDIDATE to LEADER at term 1 for changeToLeader
2019-08-30 07:28:34,489 [28764b8f-4be8-46fb-b57c-79b3e5557bdd:group-D38F299F6157:LeaderElection11] INFO  impl.RaftServerImpl (ServerState.java:setLeader(263)) - 28764b8f-4be8-46fb-b57c-79b3e5557bdd:group-D38F299F6157 change Leader from null to 28764b8f-4be8-46fb-b57c-79b3e5557bdd at term 1 for becomeLeader, leader elected after 5102ms
2019-08-30 07:28:34,491 [28764b8f-4be8-46fb-b57c-79b3e5557bdd:group-D38F299F6157:LeaderElection11] INFO  server.RaftServerConfigKeys (ConfUtils.java:logGet(43)) - raft.server.staging.catchup.gap = 1000 (default)
2019-08-30 07:28:34,491 [28764b8f-4be8-46fb-b57c-79b3e5557bdd:group-D38F299F6157:LeaderElection11] INFO  server.RaftServerConfigKeys (ConfUtils.java:logGet(43)) - raft.server.rpc.sleep.time = 25ms (default)
2019-08-30 07:28:34,491 [28764b8f-4be8-46fb-b57c-79b3e5557bdd:group-D38F299F6157:LeaderElection11] INFO  server.RaftServerConfigKeys (ConfUtils.java:logGet(43)) - raft.server.write.element-limit = 4096 (default)
2019-08-30 07:28:34,491 [28764b8f-4be8-46fb-b57c-79b3e5557bdd:group-D38F299F6157:LeaderElection11] INFO  server.RaftServerConfigKeys (ConfUtils.java:logGet(43)) - raft.server.watch.timeout = 10s (default)
2019-08-30 07:28:34,491 [28764b8f-4be8-46fb-b57c-79b3e5557bdd:group-D38F299F6157:LeaderElection11] INFO  server.RaftServerConfigKeys (ConfUtils.java:logGet(43)) - raft.server.watch.timeout.denomination = 1s (default)
2019-08-30 07:28:34,492 [28764b8f-4be8-46fb-b57c-79b3e5557bdd:group-D38F299F6157:LeaderElection11] INFO  server.RaftServerConfigKeys (ConfUtils.java:logGet(43)) - raft.server.watch.element-limit = 65536 (default)
2019-08-30 07:28:34,492 [28764b8f-4be8-46fb-b57c-79b3e5557bdd:group-D38F299F6157:LeaderElection11] INFO  impl.RoleInfo (RoleInfo.java:updateAndGet(143)) - 28764b8f-4be8-46fb-b57c-79b3e5557bdd: start LeaderState
2019-08-30 07:28:34,492 [28764b8f-4be8-46fb-b57c-79b3e5557bdd:group-D38F299F6157:LeaderElection11] INFO  segmented.SegmentedRaftLogWorker (SegmentedRaftLogWorker.java:startLogSegment(380)) - 28764b8f-4be8-46fb-b57c-79b3e5557bdd-SegmentedRaftLogWorker:Storage Directory /workdir/hadoop-ozone/integration-test/target/test-dir/MiniOzoneClusterImpl-ac65e4ab-d586-4f57-9dd1-629ec6ac8776/datanode-4/data/ratis/397a396b-70d4-40e2-9b7b-d38f299f6157: Starting segment from index:0
2019-08-30 07:28:34,493 [28764b8f-4be8-46fb-b57c-79b3e5557bdd:group-D38F299F6157:LeaderElection11] INFO  impl.RaftServerImpl (ServerState.java:setRaftConf(361)) - 28764b8f-4be8-46fb-b57c-79b3e5557bdd:group-D38F299F6157 set configuration 0: [28764b8f-4be8-46fb-b57c-79b3e5557bdd:192.168.5.156:38508], old=null at 0
2019-08-30 07:28:34,544 [28764b8f-4be8-46fb-b57c-79b3e5557bdd-SegmentedRaftLogWorker:Storage Directory /workdir/hadoop-ozone/integration-test/target/test-dir/MiniOzoneClusterImpl-ac65e4ab-d586-4f57-9dd1-629ec6ac8776/datanode-4/data/ratis/397a396b-70d4-40e2-9b7b-d38f299f6157] INFO  segmented.SegmentedRaftLogWorker (SegmentedRaftLogWorker.java:execute(569)) - 28764b8f-4be8-46fb-b57c-79b3e5557bdd-SegmentedRaftLogWorker:Storage Directory /workdir/hadoop-ozone/integration-test/target/test-dir/MiniOzoneClusterImpl-ac65e4ab-d586-4f57-9dd1-629ec6ac8776/datanode-4/data/ratis/397a396b-70d4-40e2-9b7b-d38f299f6157: created new log segment /workdir/hadoop-ozone/integration-test/target/test-dir/MiniOzoneClusterImpl-ac65e4ab-d586-4f57-9dd1-629ec6ac8776/datanode-4/data/ratis/397a396b-70d4-40e2-9b7b-d38f299f6157/current/log_inprogress_0
2019-08-30 07:28:34,549 [grpc-default-executor-1] INFO  client.GrpcClientProtocolClient (GrpcClientProtocolClient.java:onNext(255)) - client-05CB82F2FB3A->fff633f0-2a53-4539-943e-7012413f1d9a: receive RaftClientReply:client-05CB82F2FB3A->fff633f0-2a53-4539-943e-7012413f1d9a@group-E522E5EDA83B, cid=18, FAILED org.apache.ratis.protocol.NotLeaderException: Server fff633f0-2a53-4539-943e-7012413f1d9a is not the leader (e84e593e-632c-45fd-851e-ebf1865efdab:192.168.5.156:38920). Request must be sent to leader., logIndex=0, commits[fff633f0-2a53-4539-943e-7012413f1d9a:c-1, 5b0b2660-a83a-404d-8d63-9d24c9d33d55:c-1, e84e593e-632c-45fd-851e-ebf1865efdab:c-1]
2019-08-30 07:28:34,565 | INFO  | SCMAudit | user=jenkins1000 | ip=192.168.5.156 | op=SEND_HEARTBEAT {datanodeUUID=28764b8f-4be8-46fb-b57c-79b3e5557bdd, command=[]} | ret=SUCCESS |  
2019-08-30 07:28:34,567 | INFO  | SCMAudit | user=jenkins1000 | ip=192.168.5.156 | op=SEND_HEARTBEAT {datanodeUUID=5b0b2660-a83a-404d-8d63-9d24c9d33d55, command=[]} | ret=SUCCESS |  
2019-08-30 07:28:34,574 | INFO  | SCMAudit | user=jenkins1000 | ip=192.168.5.156 | op=SEND_HEARTBEAT {datanodeUUID=e84e593e-632c-45fd-851e-ebf1865efdab, command=[]} | ret=SUCCESS |  
2019-08-30 07:28:34,695 | INFO  | SCMAudit | user=jenkins1000 | ip=192.168.5.156 | op=SEND_HEARTBEAT {datanodeUUID=e84e593e-632c-45fd-851e-ebf1865efdab, command=[]} | ret=SUCCESS |  
2019-08-30 07:28:34,700 | INFO  | DNAudit | user=null | ip=null | op=WRITE_CHUNK {blockData=conID: 2 locID: 1567150114481 bcsId: 0} | ret=SUCCESS |  
2019-08-30 07:28:34,720 | INFO  | SCMAudit | user=jenkins1000 | ip=192.168.5.156 | op=SEND_HEARTBEAT {datanodeUUID=fff633f0-2a53-4539-943e-7012413f1d9a, command=[]} | ret=SUCCESS |  
2019-08-30 07:28:34,720 | INFO  | SCMAudit | user=jenkins1000 | ip=192.168.5.156 | op=SEND_HEARTBEAT {datanodeUUID=5b0b2660-a83a-404d-8d63-9d24c9d33d55, command=[]} | ret=SUCCESS |  
2019-08-30 07:28:34,724 | INFO  | DNAudit | user=null | ip=null | op=WRITE_CHUNK {blockData=conID: 2 locID: 1567150114481 bcsId: 0} | ret=SUCCESS |  
2019-08-30 07:28:34,724 | INFO  | DNAudit | user=null | ip=null | op=WRITE_CHUNK {blockData=conID: 2 locID: 1567150114481 bcsId: 0} | ret=SUCCESS |  
2019-08-30 07:28:34,744 | INFO  | DNAudit | user=null | ip=null | op=WRITE_CHUNK {blockData=conID: 2 locID: 1567150114481 bcsId: 0} | ret=SUCCESS |  
2019-08-30 07:28:34,752 [grpc-default-executor-1] INFO  client.GrpcClientProtocolClient (GrpcClientProtocolClient.java:onNext(255)) - client-05CB82F2FB3A->e84e593e-632c-45fd-851e-ebf1865efdab: receive RaftClientReply:client-05CB82F2FB3A->e84e593e-632c-45fd-851e-ebf1865efdab@group-E522E5EDA83B, cid=18, SUCCESS, logIndex=1, commits[e84e593e-632c-45fd-851e-ebf1865efdab:c1, 5b0b2660-a83a-404d-8d63-9d24c9d33d55:c0, fff633f0-2a53-4539-943e-7012413f1d9a:c0]
2019-08-30 07:28:34,765 [pool-59-thread-4] WARN  impl.ChunkManagerImpl (ChunkUtils.java:validateChunkForOverwrite(203)) - Duplicate write chunk request. Chunk overwrite without explicit request. ChunkInfo{chunkName='1567150114481.data.0, offset=0, len=1048576}
2019-08-30 07:28:34,767 [pool-59-thread-4] WARN  impl.ChunkManagerImpl (ChunkManagerImpl.java:writeChunk(111)) - ChunkFile already exists/workdir/hadoop-ozone/integration-test/target/test-dir/MiniOzoneClusterImpl-ac65e4ab-d586-4f57-9dd1-629ec6ac8776/datanode-3/data/containers/hdds/d385e991-02ac-45f5-9b14-52d7bf1cf44b/current/containerDir0/2/chunks/1567150114481.data.0.Deleting it.
2019-08-30 07:28:34,769 | INFO  | DNAudit | user=null | ip=null | op=WRITE_CHUNK {blockData=conID: 2 locID: 1567150114481 bcsId: 0} | ret=SUCCESS |  
2019-08-30 07:28:34,769 | INFO  | DNAudit | user=null | ip=null | op=WRITE_CHUNK {blockData=conID: 2 locID: 1567150114481 bcsId: 0} | ret=SUCCESS |  
2019-08-30 07:28:34,771 | INFO  | DNAudit | user=null | ip=null | op=WRITE_CHUNK {blockData=conID: 2 locID: 1567150114481 bcsId: 0} | ret=SUCCESS |  
2019-08-30 07:28:34,776 [pool-81-thread-1] WARN  impl.ChunkManagerImpl (ChunkUtils.java:validateChunkForOverwrite(203)) - Duplicate write chunk request. Chunk overwrite without explicit request. ChunkInfo{chunkName='1567150114481.data.0, offset=0, len=1048576}
2019-08-30 07:28:34,776 [pool-48-thread-2] WARN  impl.ChunkManagerImpl (ChunkUtils.java:validateChunkForOverwrite(203)) - Duplicate write chunk request. Chunk overwrite without explicit request. ChunkInfo{chunkName='1567150114481.data.0, offset=0, len=1048576}
2019-08-30 07:28:34,776 [pool-81-thread-1] WARN  impl.ChunkManagerImpl (ChunkManagerImpl.java:writeChunk(111)) - ChunkFile already exists/workdir/hadoop-ozone/integration-test/target/test-dir/MiniOzoneClusterImpl-ac65e4ab-d586-4f57-9dd1-629ec6ac8776/datanode-5/data/containers/hdds/d385e991-02ac-45f5-9b14-52d7bf1cf44b/current/containerDir0/2/chunks/1567150114481.data.0.Deleting it.
2019-08-30 07:28:34,777 [pool-48-thread-2] WARN  impl.ChunkManagerImpl (ChunkManagerImpl.java:writeChunk(111)) - ChunkFile already exists/workdir/hadoop-ozone/integration-test/target/test-dir/MiniOzoneClusterImpl-ac65e4ab-d586-4f57-9dd1-629ec6ac8776/datanode-2/data/containers/hdds/d385e991-02ac-45f5-9b14-52d7bf1cf44b/current/containerDir0/2/chunks/1567150114481.data.0.Deleting it.
2019-08-30 07:28:34,780 | INFO  | DNAudit | user=null | ip=null | op=WRITE_CHUNK {blockData=conID: 2 locID: 1567150114481 bcsId: 0} | ret=SUCCESS |  
2019-08-30 07:28:34,781 | INFO  | DNAudit | user=null | ip=null | op=WRITE_CHUNK {blockData=conID: 2 locID: 1567150114481 bcsId: 0} | ret=SUCCESS |  
2019-08-30 07:28:34,838 | INFO  | DNAudit | user=null | ip=null | op=PUT_BLOCK {blockData=[blockId=conID: 2 locID: 1567150114481 bcsId: 0,size=1048576]} | ret=SUCCESS |  
2019-08-30 07:28:34,848 | INFO  | DNAudit | user=null | ip=null | op=WRITE_CHUNK {blockData=conID: 2 locID: 1567150114481 bcsId: 0} | ret=SUCCESS |  
2019-08-30 07:28:34,849 [grpc-default-executor-1] INFO  client.GrpcClientProtocolClient (GrpcClientProtocolClient.java:onNext(255)) - client-05CB82F2FB3A->e84e593e-632c-45fd-851e-ebf1865efdab: receive RaftClientReply:client-05CB82F2FB3A->e84e593e-632c-45fd-851e-ebf1865efdab@group-E522E5EDA83B, cid=19, SUCCESS, logIndex=3, commits[e84e593e-632c-45fd-851e-ebf1865efdab:c8, 5b0b2660-a83a-404d-8d63-9d24c9d33d55:c6, fff633f0-2a53-4539-943e-7012413f1d9a:c6]
2019-08-30 07:28:34,850 [grpc-default-executor-1] INFO  client.GrpcClientProtocolClient (GrpcClientProtocolClient.java:onNext(255)) - client-05CB82F2FB3A->e84e593e-632c-45fd-851e-ebf1865efdab: receive RaftClientReply:client-05CB82F2FB3A->e84e593e-632c-45fd-851e-ebf1865efdab@group-E522E5EDA83B, cid=20, SUCCESS, logIndex=4, commits[e84e593e-632c-45fd-851e-ebf1865efdab:c8, 5b0b2660-a83a-404d-8d63-9d24c9d33d55:c6, fff633f0-2a53-4539-943e-7012413f1d9a:c6]
2019-08-30 07:28:34,896 | INFO  | DNAudit | user=null | ip=null | op=PUT_BLOCK {blockData=[blockId=conID: 2 locID: 1567150114481 bcsId: 0,size=1048576]} | ret=SUCCESS |  
2019-08-30 07:28:34,897 | INFO  | DNAudit | user=null | ip=null | op=WRITE_CHUNK {blockData=conID: 2 locID: 1567150114481 bcsId: 0} | ret=SUCCESS |  
2019-08-30 07:28:34,936 | INFO  | DNAudit | user=null | ip=null | op=PUT_BLOCK {blockData=[blockId=conID: 2 locID: 1567150114481 bcsId: 0,size=1048576]} | ret=SUCCESS |  
2019-08-30 07:28:34,936 | INFO  | DNAudit | user=null | ip=null | op=PUT_BLOCK {blockData=[blockId=conID: 2 locID: 1567150114481 bcsId: 0,size=1048576]} | ret=SUCCESS |  
2019-08-30 07:28:34,936 | INFO  | DNAudit | user=null | ip=null | op=PUT_BLOCK {blockData=[blockId=conID: 2 locID: 1567150114481 bcsId: 0,size=1048576]} | ret=SUCCESS |  
2019-08-30 07:28:34,937 | INFO  | DNAudit | user=null | ip=null | op=WRITE_CHUNK {blockData=conID: 2 locID: 1567150114481 bcsId: 0} | ret=SUCCESS |  
2019-08-30 07:28:34,938 | INFO  | DNAudit | user=null | ip=null | op=PUT_BLOCK {blockData=[blockId=conID: 2 locID: 1567150114481 bcsId: 0,size=1048576]} | ret=SUCCESS |  
2019-08-30 07:28:34,939 [grpc-default-executor-1] INFO  client.GrpcClientProtocolClient (GrpcClientProtocolClient.java:onNext(255)) - client-05CB82F2FB3A->e84e593e-632c-45fd-851e-ebf1865efdab: receive RaftClientReply:client-05CB82F2FB3A->e84e593e-632c-45fd-851e-ebf1865efdab@group-E522E5EDA83B, cid=21, SUCCESS, logIndex=5, commits[e84e593e-632c-45fd-851e-ebf1865efdab:c8, 5b0b2660-a83a-404d-8d63-9d24c9d33d55:c6, fff633f0-2a53-4539-943e-7012413f1d9a:c6]
2019-08-30 07:28:34,940 [main] INFO  datanode.ObjectStoreHandler (ObjectStoreHandler.java:close(155)) - Closing ObjectStoreHandler.
2019-08-30 07:28:34,941 [main] INFO  ozone.HddsDatanodeService (HddsDatanodeService.java:stop(451)) - Stopped plug-in org.apache.hadoop.ozone.web.OzoneHddsDatanodeService@32a8ca06
2019-08-30 07:28:35,126 | INFO  | SCMAudit | user=jenkins1000 | ip=192.168.5.156 | op=SEND_HEARTBEAT {datanodeUUID=8fd6315f-8080-46a3-ab3a-1ef69b4cfab8, command=[]} | ret=SUCCESS |  
2019-08-30 07:28:35,218 | INFO  | SCMAudit | user=jenkins1000 | ip=192.168.5.156 | op=SEND_HEARTBEAT {datanodeUUID=612bdedf-0707-4adc-a586-6e41bd50bf2b, command=[]} | ret=SUCCESS |  
2019-08-30 07:28:35,218 | INFO  | SCMAudit | user=jenkins1000 | ip=192.168.5.156 | op=SEND_HEARTBEAT {datanodeUUID=8f03f293-5515-4964-b18f-c6e2204e1792, command=[]} | ret=SUCCESS |  
2019-08-30 07:28:35,565 | INFO  | SCMAudit | user=jenkins1000 | ip=192.168.5.156 | op=SEND_HEARTBEAT {datanodeUUID=28764b8f-4be8-46fb-b57c-79b3e5557bdd, command=[]} | ret=SUCCESS |  
2019-08-30 07:28:35,695 | INFO  | SCMAudit | user=jenkins1000 | ip=192.168.5.156 | op=SEND_HEARTBEAT {datanodeUUID=e84e593e-632c-45fd-851e-ebf1865efdab, command=[]} | ret=SUCCESS |  
2019-08-30 07:28:35,717 [Datanode State Machine Thread - 0] INFO  statemachine.DatanodeStateMachine (DatanodeStateMachine.java:lambda$startDaemon$0(350)) - Ozone container server started.
2019-08-30 07:28:35,719 | INFO  | SCMAudit | user=jenkins1000 | ip=192.168.5.156 | op=SEND_HEARTBEAT {datanodeUUID=5b0b2660-a83a-404d-8d63-9d24c9d33d55, command=[]} | ret=SUCCESS |  
2019-08-30 07:28:36,125 | INFO  | SCMAudit | user=jenkins1000 | ip=192.168.5.156 | op=SEND_HEARTBEAT {datanodeUUID=8fd6315f-8080-46a3-ab3a-1ef69b4cfab8, command=[]} | ret=SUCCESS |  
2019-08-30 07:28:36,218 | INFO  | SCMAudit | user=jenkins1000 | ip=192.168.5.156 | op=SEND_HEARTBEAT {datanodeUUID=8f03f293-5515-4964-b18f-c6e2204e1792, command=[]} | ret=SUCCESS |  
2019-08-30 07:28:36,218 | INFO  | SCMAudit | user=jenkins1000 | ip=192.168.5.156 | op=SEND_HEARTBEAT {datanodeUUID=612bdedf-0707-4adc-a586-6e41bd50bf2b, command=[]} | ret=SUCCESS |  
2019-08-30 07:28:36,565 | INFO  | SCMAudit | user=jenkins1000 | ip=192.168.5.156 | op=SEND_HEARTBEAT {datanodeUUID=28764b8f-4be8-46fb-b57c-79b3e5557bdd, command=[]} | ret=SUCCESS |  
2019-08-30 07:28:36,695 | INFO  | SCMAudit | user=jenkins1000 | ip=192.168.5.156 | op=SEND_HEARTBEAT {datanodeUUID=e84e593e-632c-45fd-851e-ebf1865efdab, command=[]} | ret=SUCCESS |  
2019-08-30 07:28:36,718 | INFO  | SCMAudit | user=jenkins1000 | ip=192.168.5.156 | op=SEND_HEARTBEAT {datanodeUUID=5b0b2660-a83a-404d-8d63-9d24c9d33d55, command=[]} | ret=SUCCESS |  
2019-08-30 07:28:37,125 | INFO  | SCMAudit | user=jenkins1000 | ip=192.168.5.156 | op=SEND_HEARTBEAT {datanodeUUID=8fd6315f-8080-46a3-ab3a-1ef69b4cfab8, command=[]} | ret=SUCCESS |  
2019-08-30 07:28:37,217 | INFO  | SCMAudit | user=jenkins1000 | ip=192.168.5.156 | op=SEND_HEARTBEAT {datanodeUUID=8f03f293-5515-4964-b18f-c6e2204e1792, command=[]} | ret=SUCCESS |  
2019-08-30 07:28:37,217 | INFO  | SCMAudit | user=jenkins1000 | ip=192.168.5.156 | op=SEND_HEARTBEAT {datanodeUUID=612bdedf-0707-4adc-a586-6e41bd50bf2b, command=[]} | ret=SUCCESS |  
2019-08-30 07:28:37,566 | INFO  | SCMAudit | user=jenkins1000 | ip=192.168.5.156 | op=SEND_HEARTBEAT {datanodeUUID=28764b8f-4be8-46fb-b57c-79b3e5557bdd, command=[]} | ret=SUCCESS |  
2019-08-30 07:28:37,695 | INFO  | SCMAudit | user=jenkins1000 | ip=192.168.5.156 | op=SEND_HEARTBEAT {datanodeUUID=e84e593e-632c-45fd-851e-ebf1865efdab, command=[]} | ret=SUCCESS |  
2019-08-30 07:28:37,718 | INFO  | SCMAudit | user=jenkins1000 | ip=192.168.5.156 | op=SEND_HEARTBEAT {datanodeUUID=5b0b2660-a83a-404d-8d63-9d24c9d33d55, command=[]} | ret=SUCCESS |  
2019-08-30 07:28:37,779 [EventQueue-StaleNodeForStaleNodeHandler] INFO  node.StaleNodeHandler (StaleNodeHandler.java:onMessage(58)) - Datanode fff633f0-2a53-4539-943e-7012413f1d9a{ip: 192.168.5.156, host: pr-hdds-1569-5th2c-4253854396, networkLocation: /default-rack, certSerialId: null} moved to stale state. Finalizing its pipelines [PipelineID=797dadab-e346-441f-afca-e522e5eda83b, PipelineID=204eca69-c15d-4b82-a883-afad4f87dce2]
2019-08-30 07:28:37,779 [EventQueue-StaleNodeForStaleNodeHandler] INFO  pipeline.SCMPipelineManager (SCMPipelineManager.java:finalizeAndDestroyPipeline(309)) - destroying pipeline:Pipeline[ Id: 797dadab-e346-441f-afca-e522e5eda83b, Nodes: fff633f0-2a53-4539-943e-7012413f1d9a{ip: 192.168.5.156, host: pr-hdds-1569-5th2c-4253854396, networkLocation: /default-rack, certSerialId: null}e84e593e-632c-45fd-851e-ebf1865efdab{ip: 192.168.5.156, host: pr-hdds-1569-5th2c-4253854396, networkLocation: /default-rack, certSerialId: null}5b0b2660-a83a-404d-8d63-9d24c9d33d55{ip: 192.168.5.156, host: pr-hdds-1569-5th2c-4253854396, networkLocation: /default-rack, certSerialId: null}, Type:RATIS, Factor:THREE, State:OPEN]
2019-08-30 07:28:37,780 [EventQueue-StaleNodeForStaleNodeHandler] INFO  pipeline.PipelineStateManager (PipelineStateManager.java:finalizePipeline(123)) - Pipeline Pipeline[ Id: 797dadab-e346-441f-afca-e522e5eda83b, Nodes: fff633f0-2a53-4539-943e-7012413f1d9a{ip: 192.168.5.156, host: pr-hdds-1569-5th2c-4253854396, networkLocation: /default-rack, certSerialId: null}e84e593e-632c-45fd-851e-ebf1865efdab{ip: 192.168.5.156, host: pr-hdds-1569-5th2c-4253854396, networkLocation: /default-rack, certSerialId: null}5b0b2660-a83a-404d-8d63-9d24c9d33d55{ip: 192.168.5.156, host: pr-hdds-1569-5th2c-4253854396, networkLocation: /default-rack, certSerialId: null}, Type:RATIS, Factor:THREE, State:CLOSED] moved to CLOSED state
2019-08-30 07:28:37,781 [EventQueue-CloseContainerForCloseContainerEventHandler] INFO  container.CloseContainerEventHandler (CloseContainerEventHandler.java:onMessage(61)) - Close container Event triggered for container : #2
2019-08-30 07:28:37,784 [EventQueue-StaleNodeForStaleNodeHandler] INFO  pipeline.SCMPipelineManager (SCMPipelineManager.java:finalizeAndDestroyPipeline(309)) - destroying pipeline:Pipeline[ Id: 204eca69-c15d-4b82-a883-afad4f87dce2, Nodes: fff633f0-2a53-4539-943e-7012413f1d9a{ip: 192.168.5.156, host: pr-hdds-1569-5th2c-4253854396, networkLocation: /default-rack, certSerialId: null}, Type:RATIS, Factor:ONE, State:OPEN]
2019-08-30 07:28:37,786 [EventQueue-StaleNodeForStaleNodeHandler] INFO  pipeline.PipelineStateManager (PipelineStateManager.java:finalizePipeline(123)) - Pipeline Pipeline[ Id: 204eca69-c15d-4b82-a883-afad4f87dce2, Nodes: fff633f0-2a53-4539-943e-7012413f1d9a{ip: 192.168.5.156, host: pr-hdds-1569-5th2c-4253854396, networkLocation: /default-rack, certSerialId: null}, Type:RATIS, Factor:ONE, State:CLOSED] moved to CLOSED state
2019-08-30 07:28:38,126 | INFO  | SCMAudit | user=jenkins1000 | ip=192.168.5.156 | op=SEND_HEARTBEAT {datanodeUUID=8fd6315f-8080-46a3-ab3a-1ef69b4cfab8, command=[]} | ret=SUCCESS |  
2019-08-30 07:28:38,217 | INFO  | SCMAudit | user=jenkins1000 | ip=192.168.5.156 | op=SEND_HEARTBEAT {datanodeUUID=612bdedf-0707-4adc-a586-6e41bd50bf2b, command=[]} | ret=SUCCESS |  
2019-08-30 07:28:38,218 | INFO  | SCMAudit | user=jenkins1000 | ip=192.168.5.156 | op=SEND_HEARTBEAT {datanodeUUID=8f03f293-5515-4964-b18f-c6e2204e1792, command=[]} | ret=SUCCESS |  
2019-08-30 07:28:38,566 | INFO  | SCMAudit | user=jenkins1000 | ip=192.168.5.156 | op=SEND_HEARTBEAT {datanodeUUID=28764b8f-4be8-46fb-b57c-79b3e5557bdd, command=[]} | ret=SUCCESS |  
2019-08-30 07:28:38,733 | INFO  | SCMAudit | user=jenkins1000 | ip=192.168.5.156 | op=SEND_HEARTBEAT {datanodeUUID=e84e593e-632c-45fd-851e-ebf1865efdab, command=[commandType: closeContainerCommand closeContainerCommandProto { containerID: 2 pipelineID { id: "797dadab-e346-441f-afca-e522e5eda83b" } cmdId: 2 force: false } ]} | ret=SUCCESS |  
2019-08-30 07:28:38,733 | INFO  | SCMAudit | user=jenkins1000 | ip=192.168.5.156 | op=SEND_HEARTBEAT {datanodeUUID=5b0b2660-a83a-404d-8d63-9d24c9d33d55, command=[commandType: closeContainerCommand closeContainerCommandProto { containerID: 2 pipelineID { id: "797dadab-e346-441f-afca-e522e5eda83b" } cmdId: 2 force: false } ]} | ret=SUCCESS |  
2019-08-30 07:28:39,126 | INFO  | SCMAudit | user=jenkins1000 | ip=192.168.5.156 | op=SEND_HEARTBEAT {datanodeUUID=8fd6315f-8080-46a3-ab3a-1ef69b4cfab8, command=[]} | ret=SUCCESS |  
2019-08-30 07:28:39,218 | INFO  | SCMAudit | user=jenkins1000 | ip=192.168.5.156 | op=SEND_HEARTBEAT {datanodeUUID=612bdedf-0707-4adc-a586-6e41bd50bf2b, command=[]} | ret=SUCCESS |  
2019-08-30 07:28:39,219 | INFO  | SCMAudit | user=jenkins1000 | ip=192.168.5.156 | op=SEND_HEARTBEAT {datanodeUUID=8f03f293-5515-4964-b18f-c6e2204e1792, command=[]} | ret=SUCCESS |  
2019-08-30 07:28:39,566 | INFO  | SCMAudit | user=jenkins1000 | ip=192.168.5.156 | op=SEND_HEARTBEAT {datanodeUUID=28764b8f-4be8-46fb-b57c-79b3e5557bdd, command=[]} | ret=SUCCESS |  
2019-08-30 07:28:39,694 | INFO  | SCMAudit | user=jenkins1000 | ip=192.168.5.156 | op=SEND_HEARTBEAT {datanodeUUID=e84e593e-632c-45fd-851e-ebf1865efdab, command=[]} | ret=SUCCESS |  
2019-08-30 07:28:39,718 | INFO  | SCMAudit | user=jenkins1000 | ip=192.168.5.156 | op=SEND_HEARTBEAT {datanodeUUID=5b0b2660-a83a-404d-8d63-9d24c9d33d55, command=[]} | ret=SUCCESS |  
2019-08-30 07:28:39,736 | INFO  | SCMAudit | user=jenkins1000 | ip=192.168.5.156 | op=SEND_HEARTBEAT {datanodeUUID=5b0b2660-a83a-404d-8d63-9d24c9d33d55, command=[]} | ret=SUCCESS |  
2019-08-30 07:28:39,943 [main] INFO  ozoneimpl.OzoneContainer (OzoneContainer.java:stop(199)) - Attempting to stop container services.
2019-08-30 07:28:39,944 [main] INFO  impl.RaftServerProxy (RaftServerProxy.java:lambda$close$4(314)) - fff633f0-2a53-4539-943e-7012413f1d9a: close
2019-08-30 07:28:39,946 [main] INFO  impl.RaftServerImpl (RaftServerImpl.java:lambda$shutdown$3(245)) - fff633f0-2a53-4539-943e-7012413f1d9a: shutdown group-E522E5EDA83B
2019-08-30 07:28:39,947 [main] INFO  util.JmxRegister (JmxRegister.java:unregister(73)) - Successfully un-registered JMX Bean with object name Ratis:service=RaftServer,group=group-E522E5EDA83B,id=fff633f0-2a53-4539-943e-7012413f1d9a
2019-08-30 07:28:39,947 [main] INFO  impl.RoleInfo (RoleInfo.java:shutdownFollowerState(121)) - fff633f0-2a53-4539-943e-7012413f1d9a: shutdown FollowerState
2019-08-30 07:28:39,947 [main] INFO  impl.StateMachineUpdater (StateMachineUpdater.java:stopAndJoin(115)) - StateMachineUpdater:fff633f0-2a53-4539-943e-7012413f1d9a:group-E522E5EDA83B: set stopIndex = 8
2019-08-30 07:28:39,948 [StateMachineUpdater:fff633f0-2a53-4539-943e-7012413f1d9a:group-E522E5EDA83B] INFO  ratis.ContainerStateMachine (ContainerStateMachine.java:takeSnapshot(283)) - group-E522E5EDA83B: Taking a snapshot at:(t:1, i:6) file /workdir/hadoop-ozone/integration-test/target/test-dir/MiniOzoneClusterImpl-ac65e4ab-d586-4f57-9dd1-629ec6ac8776/datanode-5/data/ratis/797dadab-e346-441f-afca-e522e5eda83b/sm/snapshot.1_6
2019-08-30 07:28:39,948 [Thread-321] INFO  impl.FollowerState (FollowerState.java:run(114)) - fff633f0-2a53-4539-943e-7012413f1d9a: FollowerState was interrupted: java.lang.InterruptedException: sleep interrupted
2019-08-30 07:28:39,977 [StateMachineUpdater:fff633f0-2a53-4539-943e-7012413f1d9a:group-E522E5EDA83B] INFO  ratis.ContainerStateMachine (ContainerStateMachine.java:takeSnapshot(294)) - group-E522E5EDA83B: Finished taking a snapshot at:(t:1, i:6) file:/workdir/hadoop-ozone/integration-test/target/test-dir/MiniOzoneClusterImpl-ac65e4ab-d586-4f57-9dd1-629ec6ac8776/datanode-5/data/ratis/797dadab-e346-441f-afca-e522e5eda83b/sm/snapshot.1_6 time:29
2019-08-30 07:28:39,977 [StateMachineUpdater:fff633f0-2a53-4539-943e-7012413f1d9a:group-E522E5EDA83B] INFO  impl.StateMachineUpdater (StateMachineUpdater.java:takeSnapshot(242)) - StateMachineUpdater:fff633f0-2a53-4539-943e-7012413f1d9a:group-E522E5EDA83B: Took a snapshot at index 6
2019-08-30 07:28:39,979 [StateMachineUpdater:fff633f0-2a53-4539-943e-7012413f1d9a:group-E522E5EDA83B] INFO  impl.StateMachineUpdater (StateMachineUpdater.java:lambda$new$0(80)) - StateMachineUpdater:fff633f0-2a53-4539-943e-7012413f1d9a:group-E522E5EDA83B: snapshotIndex: updateIncreasingly -1 -> 6
2019-08-30 07:28:39,985 [main] INFO  impl.RaftServerImpl (ServerState.java:close(394)) - fff633f0-2a53-4539-943e-7012413f1d9a:group-E522E5EDA83B closes. The last applied log index is 8
2019-08-30 07:28:39,987 [fff633f0-2a53-4539-943e-7012413f1d9a-SegmentedRaftLogWorker:Storage Directory /workdir/hadoop-ozone/integration-test/target/test-dir/MiniOzoneClusterImpl-ac65e4ab-d586-4f57-9dd1-629ec6ac8776/datanode-5/data/ratis/797dadab-e346-441f-afca-e522e5eda83b] INFO  segmented.SegmentedRaftLogWorker (SegmentedRaftLogWorker.java:run(313)) - fff633f0-2a53-4539-943e-7012413f1d9a-SegmentedRaftLogWorker:Storage Directory /workdir/hadoop-ozone/integration-test/target/test-dir/MiniOzoneClusterImpl-ac65e4ab-d586-4f57-9dd1-629ec6ac8776/datanode-5/data/ratis/797dadab-e346-441f-afca-e522e5eda83b was interrupted, exiting. There are 0 tasks remaining in the queue.
2019-08-30 07:28:39,989 [main] INFO  segmented.SegmentedRaftLogWorker (SegmentedRaftLogWorker.java:close(228)) - fff633f0-2a53-4539-943e-7012413f1d9a-SegmentedRaftLogWorker:Storage Directory /workdir/hadoop-ozone/integration-test/target/test-dir/MiniOzoneClusterImpl-ac65e4ab-d586-4f57-9dd1-629ec6ac8776/datanode-5/data/ratis/797dadab-e346-441f-afca-e522e5eda83b close()
2019-08-30 07:28:39,993 [main] INFO  impl.RaftServerImpl (RaftServerImpl.java:lambda$shutdown$3(245)) - fff633f0-2a53-4539-943e-7012413f1d9a: shutdown group-AFAD4F87DCE2
2019-08-30 07:28:39,994 [main] INFO  util.JmxRegister (JmxRegister.java:unregister(73)) - Successfully un-registered JMX Bean with object name Ratis:service=RaftServer,group=group-AFAD4F87DCE2,id=fff633f0-2a53-4539-943e-7012413f1d9a
2019-08-30 07:28:39,994 [main] INFO  impl.RoleInfo (RoleInfo.java:shutdownLeaderState(104)) - fff633f0-2a53-4539-943e-7012413f1d9a: shutdown LeaderState
2019-08-30 07:28:39,995 [main] INFO  impl.PendingRequests (PendingRequests.java:sendNotLeaderResponses(202)) - fff633f0-2a53-4539-943e-7012413f1d9a-PendingRequests: sendNotLeaderResponses
2019-08-30 07:28:39,997 [main] INFO  impl.StateMachineUpdater (StateMachineUpdater.java:stopAndJoin(115)) - StateMachineUpdater:fff633f0-2a53-4539-943e-7012413f1d9a:group-AFAD4F87DCE2: set stopIndex = 0
2019-08-30 07:28:39,999 [main] INFO  impl.RaftServerImpl (ServerState.java:close(394)) - fff633f0-2a53-4539-943e-7012413f1d9a:group-AFAD4F87DCE2 closes. The last applied log index is 0
2019-08-30 07:28:40,000 [fff633f0-2a53-4539-943e-7012413f1d9a-SegmentedRaftLogWorker:Storage Directory /workdir/hadoop-ozone/integration-test/target/test-dir/MiniOzoneClusterImpl-ac65e4ab-d586-4f57-9dd1-629ec6ac8776/datanode-5/data/ratis/204eca69-c15d-4b82-a883-afad4f87dce2] INFO  segmented.SegmentedRaftLogWorker (SegmentedRaftLogWorker.java:run(313)) - fff633f0-2a53-4539-943e-7012413f1d9a-SegmentedRaftLogWorker:Storage Directory /workdir/hadoop-ozone/integration-test/target/test-dir/MiniOzoneClusterImpl-ac65e4ab-d586-4f57-9dd1-629ec6ac8776/datanode-5/data/ratis/204eca69-c15d-4b82-a883-afad4f87dce2 was interrupted, exiting. There are 0 tasks remaining in the queue.
2019-08-30 07:28:40,009 [main] INFO  segmented.SegmentedRaftLogWorker (SegmentedRaftLogWorker.java:close(228)) - fff633f0-2a53-4539-943e-7012413f1d9a-SegmentedRaftLogWorker:Storage Directory /workdir/hadoop-ozone/integration-test/target/test-dir/MiniOzoneClusterImpl-ac65e4ab-d586-4f57-9dd1-629ec6ac8776/datanode-5/data/ratis/204eca69-c15d-4b82-a883-afad4f87dce2 close()
2019-08-30 07:28:40,013 [main] INFO  server.GrpcService (GrpcService.java:closeImpl(155)) - fff633f0-2a53-4539-943e-7012413f1d9a: shutdown server with port 37885 now
2019-08-30 07:28:40,019 [main] INFO  server.GrpcService (GrpcService.java:closeImpl(163)) - fff633f0-2a53-4539-943e-7012413f1d9a: shutdown server with port 37885 successfully
2019-08-30 07:28:40,019 [grpc-default-executor-1] WARN  server.GrpcServerProtocolService (LogUtils.java:warn(134)) - fff633f0-2a53-4539-943e-7012413f1d9a: appendEntries onError: org.apache.ratis.thirdparty.io.grpc.StatusRuntimeException: CANCELLED: cancelled before receiving half close
2019-08-30 07:28:40,021 [grpc-default-executor-1] WARN  server.GrpcLogAppender (LogUtils.java:warn(134)) - e84e593e-632c-45fd-851e-ebf1865efdab->fff633f0-2a53-4539-943e-7012413f1d9a: Failed appendEntries: org.apache.ratis.thirdparty.io.grpc.StatusRuntimeException: CANCELLED: HTTP/2 error code: CANCEL
Received Rst Stream
2019-08-30 07:28:40,024 [main] INFO  utils.BackgroundService (BackgroundService.java:shutdown(148)) - Shutting down service BlockDeletingService
2019-08-30 07:28:40,025 [grpc-default-executor-1] INFO  impl.FollowerInfo (FollowerInfo.java:lambda$new$0(50)) - e84e593e-632c-45fd-851e-ebf1865efdab->fff633f0-2a53-4539-943e-7012413f1d9a: nextIndex: updateUnconditionally 9 -> 8
2019-08-30 07:28:40,026 [refreshUsed-/workdir/hadoop-ozone/integration-test/target/test-dir/MiniOzoneClusterImpl-ac65e4ab-d586-4f57-9dd1-629ec6ac8776/datanode-5/data/containers] WARN  fs.CachingGetSpaceUsed (CachingGetSpaceUsed.java:run(183)) - Thread Interrupted waiting to refresh disk information: sleep interrupted
2019-08-30 07:28:40,048 [main] INFO  statemachine.DatanodeStateMachine (DatanodeStateMachine.java:stopDaemon(395)) - Ozone container server stopped.
2019-08-30 07:28:40,053 [main] INFO  handler.ContextHandler (ContextHandler.java:doStop(910)) - Stopped o.e.j.w.WebAppContext@74c121d4{/,null,UNAVAILABLE}{/hddsDatanode}
2019-08-30 07:28:40,059 [main] INFO  server.AbstractConnector (AbstractConnector.java:doStop(318)) - Stopped ServerConnector@2a484710{HTTP/1.1,[http/1.1]}{0.0.0.0:0}
2019-08-30 07:28:40,059 [main] INFO  handler.ContextHandler (ContextHandler.java:doStop(910)) - Stopped o.e.j.s.ServletContextHandler@62e73ab6{/static,jar:file:/home/user/.m2/repository/org/apache/hadoop/hadoop-hdds-container-service/0.5.0-SNAPSHOT/hadoop-hdds-container-service-0.5.0-SNAPSHOT.jar!/webapps/static,UNAVAILABLE}
2019-08-30 07:28:40,059 [main] INFO  handler.ContextHandler (ContextHandler.java:doStop(910)) - Stopped o.e.j.s.ServletContextHandler@4e17442f{/logs,file:///workdir/hadoop-ozone/integration-test/target/log,UNAVAILABLE}
2019-08-30 07:28:40,062 [main] INFO  datanode.ObjectStoreHandler (ObjectStoreHandler.java:close(155)) - Closing ObjectStoreHandler.
2019-08-30 07:28:40,062 [main] INFO  ozone.HddsDatanodeService (HddsDatanodeService.java:stop(451)) - Stopped plug-in org.apache.hadoop.ozone.web.OzoneHddsDatanodeService@289f15e9
2019-08-30 07:28:40,126 | INFO  | SCMAudit | user=jenkins1000 | ip=192.168.5.156 | op=SEND_HEARTBEAT {datanodeUUID=8fd6315f-8080-46a3-ab3a-1ef69b4cfab8, command=[]} | ret=SUCCESS |  
2019-08-30 07:28:40,218 | INFO  | SCMAudit | user=jenkins1000 | ip=192.168.5.156 | op=SEND_HEARTBEAT {datanodeUUID=612bdedf-0707-4adc-a586-6e41bd50bf2b, command=[]} | ret=SUCCESS |  
2019-08-30 07:28:40,218 | INFO  | SCMAudit | user=jenkins1000 | ip=192.168.5.156 | op=SEND_HEARTBEAT {datanodeUUID=8f03f293-5515-4964-b18f-c6e2204e1792, command=[]} | ret=SUCCESS |  
2019-08-30 07:28:40,566 | INFO  | SCMAudit | user=jenkins1000 | ip=192.168.5.156 | op=SEND_HEARTBEAT {datanodeUUID=28764b8f-4be8-46fb-b57c-79b3e5557bdd, command=[]} | ret=SUCCESS |  
2019-08-30 07:28:40,693 [Datanode State Machine Thread - 0] INFO  statemachine.DatanodeStateMachine (DatanodeStateMachine.java:lambda$startDaemon$0(350)) - Ozone container server started.
2019-08-30 07:28:40,736 | INFO  | SCMAudit | user=jenkins1000 | ip=192.168.5.156 | op=SEND_HEARTBEAT {datanodeUUID=5b0b2660-a83a-404d-8d63-9d24c9d33d55, command=[]} | ret=SUCCESS |  
2019-08-30 07:28:41,125 | INFO  | SCMAudit | user=jenkins1000 | ip=192.168.5.156 | op=SEND_HEARTBEAT {datanodeUUID=8fd6315f-8080-46a3-ab3a-1ef69b4cfab8, command=[]} | ret=SUCCESS |  
2019-08-30 07:28:41,218 | INFO  | SCMAudit | user=jenkins1000 | ip=192.168.5.156 | op=SEND_HEARTBEAT {datanodeUUID=612bdedf-0707-4adc-a586-6e41bd50bf2b, command=[]} | ret=SUCCESS |  
2019-08-30 07:28:41,219 | INFO  | SCMAudit | user=jenkins1000 | ip=192.168.5.156 | op=SEND_HEARTBEAT {datanodeUUID=8f03f293-5515-4964-b18f-c6e2204e1792, command=[]} | ret=SUCCESS |  
2019-08-30 07:28:41,566 | INFO  | SCMAudit | user=jenkins1000 | ip=192.168.5.156 | op=SEND_HEARTBEAT {datanodeUUID=28764b8f-4be8-46fb-b57c-79b3e5557bdd, command=[]} | ret=SUCCESS |  
2019-08-30 07:28:41,736 | INFO  | SCMAudit | user=jenkins1000 | ip=192.168.5.156 | op=SEND_HEARTBEAT {datanodeUUID=5b0b2660-a83a-404d-8d63-9d24c9d33d55, command=[]} | ret=SUCCESS |  
2019-08-30 07:28:42,125 | INFO  | SCMAudit | user=jenkins1000 | ip=192.168.5.156 | op=SEND_HEARTBEAT {datanodeUUID=8fd6315f-8080-46a3-ab3a-1ef69b4cfab8, command=[]} | ret=SUCCESS |  
2019-08-30 07:28:42,218 | INFO  | SCMAudit | user=jenkins1000 | ip=192.168.5.156 | op=SEND_HEARTBEAT {datanodeUUID=612bdedf-0707-4adc-a586-6e41bd50bf2b, command=[]} | ret=SUCCESS |  
2019-08-30 07:28:42,218 | INFO  | SCMAudit | user=jenkins1000 | ip=192.168.5.156 | op=SEND_HEARTBEAT {datanodeUUID=8f03f293-5515-4964-b18f-c6e2204e1792, command=[]} | ret=SUCCESS |  
2019-08-30 07:28:42,334 [grpc-default-executor-1] WARN  server.GrpcLogAppender (LogUtils.java:warn(134)) - e84e593e-632c-45fd-851e-ebf1865efdab->fff633f0-2a53-4539-943e-7012413f1d9a: Failed appendEntries: org.apache.ratis.thirdparty.io.grpc.StatusRuntimeException: UNAVAILABLE: io exception
2019-08-30 07:28:42,336 [grpc-default-executor-1] INFO  impl.FollowerInfo (FollowerInfo.java:lambda$new$0(50)) - e84e593e-632c-45fd-851e-ebf1865efdab->fff633f0-2a53-4539-943e-7012413f1d9a: nextIndex: updateUnconditionally 8 -> 7
2019-08-30 07:28:42,566 | INFO  | SCMAudit | user=jenkins1000 | ip=192.168.5.156 | op=SEND_HEARTBEAT {datanodeUUID=28764b8f-4be8-46fb-b57c-79b3e5557bdd, command=[]} | ret=SUCCESS |  
2019-08-30 07:28:42,736 | INFO  | SCMAudit | user=jenkins1000 | ip=192.168.5.156 | op=SEND_HEARTBEAT {datanodeUUID=5b0b2660-a83a-404d-8d63-9d24c9d33d55, command=[]} | ret=SUCCESS |  
2019-08-30 07:28:42,788 [EventQueue-StaleNodeForStaleNodeHandler] INFO  node.StaleNodeHandler (StaleNodeHandler.java:onMessage(58)) - Datanode e84e593e-632c-45fd-851e-ebf1865efdab{ip: 192.168.5.156, host: pr-hdds-1569-5th2c-4253854396, networkLocation: /default-rack, certSerialId: null} moved to stale state. Finalizing its pipelines [PipelineID=797dadab-e346-441f-afca-e522e5eda83b, PipelineID=4677255e-855d-4701-8c3f-7bee51b53b8f]
2019-08-30 07:28:42,789 [EventQueue-StaleNodeForStaleNodeHandler] INFO  pipeline.SCMPipelineManager (SCMPipelineManager.java:finalizeAndDestroyPipeline(309)) - destroying pipeline:Pipeline[ Id: 797dadab-e346-441f-afca-e522e5eda83b, Nodes: fff633f0-2a53-4539-943e-7012413f1d9a{ip: 192.168.5.156, host: pr-hdds-1569-5th2c-4253854396, networkLocation: /default-rack, certSerialId: null}e84e593e-632c-45fd-851e-ebf1865efdab{ip: 192.168.5.156, host: pr-hdds-1569-5th2c-4253854396, networkLocation: /default-rack, certSerialId: null}5b0b2660-a83a-404d-8d63-9d24c9d33d55{ip: 192.168.5.156, host: pr-hdds-1569-5th2c-4253854396, networkLocation: /default-rack, certSerialId: null}, Type:RATIS, Factor:THREE, State:CLOSED]
2019-08-30 07:28:42,789 [EventQueue-StaleNodeForStaleNodeHandler] INFO  pipeline.SCMPipelineManager (SCMPipelineManager.java:finalizeAndDestroyPipeline(309)) - destroying pipeline:Pipeline[ Id: 4677255e-855d-4701-8c3f-7bee51b53b8f, Nodes: e84e593e-632c-45fd-851e-ebf1865efdab{ip: 192.168.5.156, host: pr-hdds-1569-5th2c-4253854396, networkLocation: /default-rack, certSerialId: null}, Type:RATIS, Factor:ONE, State:OPEN]
2019-08-30 07:28:42,790 [EventQueue-StaleNodeForStaleNodeHandler] INFO  pipeline.PipelineStateManager (PipelineStateManager.java:finalizePipeline(123)) - Pipeline Pipeline[ Id: 4677255e-855d-4701-8c3f-7bee51b53b8f, Nodes: e84e593e-632c-45fd-851e-ebf1865efdab{ip: 192.168.5.156, host: pr-hdds-1569-5th2c-4253854396, networkLocation: /default-rack, certSerialId: null}, Type:RATIS, Factor:ONE, State:CLOSED] moved to CLOSED state
2019-08-30 07:28:43,125 | INFO  | SCMAudit | user=jenkins1000 | ip=192.168.5.156 | op=SEND_HEARTBEAT {datanodeUUID=8fd6315f-8080-46a3-ab3a-1ef69b4cfab8, command=[]} | ret=SUCCESS |  
2019-08-30 07:28:43,219 | INFO  | SCMAudit | user=jenkins1000 | ip=192.168.5.156 | op=SEND_HEARTBEAT {datanodeUUID=8f03f293-5515-4964-b18f-c6e2204e1792, command=[]} | ret=SUCCESS |  
2019-08-30 07:28:43,219 | INFO  | SCMAudit | user=jenkins1000 | ip=192.168.5.156 | op=SEND_HEARTBEAT {datanodeUUID=612bdedf-0707-4adc-a586-6e41bd50bf2b, command=[]} | ret=SUCCESS |  
2019-08-30 07:28:43,566 | INFO  | SCMAudit | user=jenkins1000 | ip=192.168.5.156 | op=SEND_HEARTBEAT {datanodeUUID=28764b8f-4be8-46fb-b57c-79b3e5557bdd, command=[]} | ret=SUCCESS |  
2019-08-30 07:28:43,736 | INFO  | SCMAudit | user=jenkins1000 | ip=192.168.5.156 | op=SEND_HEARTBEAT {datanodeUUID=5b0b2660-a83a-404d-8d63-9d24c9d33d55, command=[]} | ret=SUCCESS |  
2019-08-30 07:28:44,125 | INFO  | SCMAudit | user=jenkins1000 | ip=192.168.5.156 | op=SEND_HEARTBEAT {datanodeUUID=8fd6315f-8080-46a3-ab3a-1ef69b4cfab8, command=[]} | ret=SUCCESS |  
2019-08-30 07:28:44,219 | INFO  | SCMAudit | user=jenkins1000 | ip=192.168.5.156 | op=SEND_HEARTBEAT {datanodeUUID=8f03f293-5515-4964-b18f-c6e2204e1792, command=[]} | ret=SUCCESS |  
2019-08-30 07:28:44,220 | INFO  | SCMAudit | user=jenkins1000 | ip=192.168.5.156 | op=SEND_HEARTBEAT {datanodeUUID=612bdedf-0707-4adc-a586-6e41bd50bf2b, command=[]} | ret=SUCCESS |  
2019-08-30 07:28:44,566 | INFO  | SCMAudit | user=jenkins1000 | ip=192.168.5.156 | op=SEND_HEARTBEAT {datanodeUUID=28764b8f-4be8-46fb-b57c-79b3e5557bdd, command=[]} | ret=SUCCESS |  
2019-08-30 07:28:44,736 | INFO  | SCMAudit | user=jenkins1000 | ip=192.168.5.156 | op=SEND_HEARTBEAT {datanodeUUID=5b0b2660-a83a-404d-8d63-9d24c9d33d55, command=[]} | ret=SUCCESS |  
2019-08-30 07:28:44,829 [grpc-default-executor-4] WARN  server.GrpcLogAppender (LogUtils.java:warn(134)) - e84e593e-632c-45fd-851e-ebf1865efdab->fff633f0-2a53-4539-943e-7012413f1d9a: Failed appendEntries: org.apache.ratis.thirdparty.io.grpc.StatusRuntimeException: UNAVAILABLE: io exception
2019-08-30 07:28:44,834 [grpc-default-executor-4] INFO  impl.FollowerInfo (FollowerInfo.java:lambda$new$0(50)) - e84e593e-632c-45fd-851e-ebf1865efdab->fff633f0-2a53-4539-943e-7012413f1d9a: nextIndex: updateUnconditionally 7 -> 6
2019-08-30 07:28:45,063 [main] INFO  ozoneimpl.OzoneContainer (OzoneContainer.java:stop(199)) - Attempting to stop container services.
2019-08-30 07:28:45,064 [main] INFO  impl.RaftServerProxy (RaftServerProxy.java:lambda$close$4(314)) - e84e593e-632c-45fd-851e-ebf1865efdab: close
2019-08-30 07:28:45,065 [main] INFO  impl.RaftServerImpl (RaftServerImpl.java:lambda$shutdown$3(245)) - e84e593e-632c-45fd-851e-ebf1865efdab: shutdown group-E522E5EDA83B
2019-08-30 07:28:45,065 [ForkJoinPool.commonPool-worker-1] INFO  impl.RaftServerImpl (RaftServerImpl.java:lambda$shutdown$3(245)) - e84e593e-632c-45fd-851e-ebf1865efdab: shutdown group-7BEE51B53B8F
2019-08-30 07:28:45,066 [main] INFO  util.JmxRegister (JmxRegister.java:unregister(73)) - Successfully un-registered JMX Bean with object name Ratis:service=RaftServer,group=group-E522E5EDA83B,id=e84e593e-632c-45fd-851e-ebf1865efdab
2019-08-30 07:28:45,066 [ForkJoinPool.commonPool-worker-1] INFO  util.JmxRegister (JmxRegister.java:unregister(73)) - Successfully un-registered JMX Bean with object name Ratis:service=RaftServer,group=group-7BEE51B53B8F,id=e84e593e-632c-45fd-851e-ebf1865efdab
2019-08-30 07:28:45,066 [main] INFO  impl.RoleInfo (RoleInfo.java:shutdownLeaderState(104)) - e84e593e-632c-45fd-851e-ebf1865efdab: shutdown LeaderState
2019-08-30 07:28:45,066 [ForkJoinPool.commonPool-worker-1] INFO  impl.RoleInfo (RoleInfo.java:shutdownLeaderState(104)) - e84e593e-632c-45fd-851e-ebf1865efdab: shutdown LeaderState
2019-08-30 07:28:45,072 [org.apache.ratis.server.impl.LogAppender$AppenderDaemon$$Lambda$443/2060971793@457acfe6] WARN  server.GrpcLogAppender (GrpcLogAppender.java:mayWait(143)) - GrpcLogAppender(e84e593e-632c-45fd-851e-ebf1865efdab->fff633f0-2a53-4539-943e-7012413f1d9a): Wait interrupted by java.lang.InterruptedException
2019-08-30 07:28:45,072 [ForkJoinPool.commonPool-worker-1] INFO  impl.PendingRequests (PendingRequests.java:sendNotLeaderResponses(202)) - e84e593e-632c-45fd-851e-ebf1865efdab-PendingRequests: sendNotLeaderResponses
2019-08-30 07:28:45,072 [main] INFO  impl.PendingRequests (PendingRequests.java:sendNotLeaderResponses(202)) - e84e593e-632c-45fd-851e-ebf1865efdab-PendingRequests: sendNotLeaderResponses
2019-08-30 07:28:45,072 [org.apache.ratis.server.impl.LogAppender$AppenderDaemon$$Lambda$443/2060971793@78418d] WARN  server.GrpcLogAppender (GrpcLogAppender.java:mayWait(143)) - GrpcLogAppender(e84e593e-632c-45fd-851e-ebf1865efdab->5b0b2660-a83a-404d-8d63-9d24c9d33d55): Wait interrupted by java.lang.InterruptedException
2019-08-30 07:28:45,074 [ForkJoinPool.commonPool-worker-1] INFO  impl.StateMachineUpdater (StateMachineUpdater.java:stopAndJoin(115)) - StateMachineUpdater:e84e593e-632c-45fd-851e-ebf1865efdab:group-7BEE51B53B8F: set stopIndex = 0
2019-08-30 07:28:45,083 [ForkJoinPool.commonPool-worker-1] INFO  impl.RaftServerImpl (ServerState.java:close(394)) - e84e593e-632c-45fd-851e-ebf1865efdab:group-7BEE51B53B8F closes. The last applied log index is 0
2019-08-30 07:28:45,084 [e84e593e-632c-45fd-851e-ebf1865efdab-SegmentedRaftLogWorker:Storage Directory /workdir/hadoop-ozone/integration-test/target/test-dir/MiniOzoneClusterImpl-ac65e4ab-d586-4f57-9dd1-629ec6ac8776/datanode-3/data/ratis/4677255e-855d-4701-8c3f-7bee51b53b8f] INFO  segmented.SegmentedRaftLogWorker (SegmentedRaftLogWorker.java:run(313)) - e84e593e-632c-45fd-851e-ebf1865efdab-SegmentedRaftLogWorker:Storage Directory /workdir/hadoop-ozone/integration-test/target/test-dir/MiniOzoneClusterImpl-ac65e4ab-d586-4f57-9dd1-629ec6ac8776/datanode-3/data/ratis/4677255e-855d-4701-8c3f-7bee51b53b8f was interrupted, exiting. There are 0 tasks remaining in the queue.
2019-08-30 07:28:45,085 [ForkJoinPool.commonPool-worker-1] INFO  segmented.SegmentedRaftLogWorker (SegmentedRaftLogWorker.java:close(228)) - e84e593e-632c-45fd-851e-ebf1865efdab-SegmentedRaftLogWorker:Storage Directory /workdir/hadoop-ozone/integration-test/target/test-dir/MiniOzoneClusterImpl-ac65e4ab-d586-4f57-9dd1-629ec6ac8776/datanode-3/data/ratis/4677255e-855d-4701-8c3f-7bee51b53b8f close()
2019-08-30 07:28:45,087 [grpc-default-executor-1] INFO  server.GrpcServerProtocolService (GrpcServerProtocolService.java:onCompleted(104)) - 5b0b2660-a83a-404d-8d63-9d24c9d33d55: appendEntries completed
2019-08-30 07:28:45,089 [grpc-default-executor-1] INFO  server.GrpcLogAppender (GrpcLogAppender.java:onCompleted(292)) - e84e593e-632c-45fd-851e-ebf1865efdab->5b0b2660-a83a-404d-8d63-9d24c9d33d55: follower responses appendEntries COMPLETED
2019-08-30 07:28:45,091 [grpc-default-executor-1] INFO  impl.FollowerInfo (FollowerInfo.java:lambda$new$0(50)) - e84e593e-632c-45fd-851e-ebf1865efdab->5b0b2660-a83a-404d-8d63-9d24c9d33d55: nextIndex: updateUnconditionally 9 -> 8
2019-08-30 07:28:45,093 [main] INFO  impl.StateMachineUpdater (StateMachineUpdater.java:stopAndJoin(115)) - StateMachineUpdater:e84e593e-632c-45fd-851e-ebf1865efdab:group-E522E5EDA83B: set stopIndex = 8
2019-08-30 07:28:45,094 [StateMachineUpdater:e84e593e-632c-45fd-851e-ebf1865efdab:group-E522E5EDA83B] INFO  ratis.ContainerStateMachine (ContainerStateMachine.java:takeSnapshot(283)) - group-E522E5EDA83B: Taking a snapshot at:(t:1, i:8) file /workdir/hadoop-ozone/integration-test/target/test-dir/MiniOzoneClusterImpl-ac65e4ab-d586-4f57-9dd1-629ec6ac8776/datanode-3/data/ratis/797dadab-e346-441f-afca-e522e5eda83b/sm/snapshot.1_8
2019-08-30 07:28:45,126 | INFO  | SCMAudit | user=jenkins1000 | ip=192.168.5.156 | op=SEND_HEARTBEAT {datanodeUUID=8fd6315f-8080-46a3-ab3a-1ef69b4cfab8, command=[]} | ret=SUCCESS |  
2019-08-30 07:28:45,149 [StateMachineUpdater:e84e593e-632c-45fd-851e-ebf1865efdab:group-E522E5EDA83B] INFO  ratis.ContainerStateMachine (ContainerStateMachine.java:takeSnapshot(294)) - group-E522E5EDA83B: Finished taking a snapshot at:(t:1, i:8) file:/workdir/hadoop-ozone/integration-test/target/test-dir/MiniOzoneClusterImpl-ac65e4ab-d586-4f57-9dd1-629ec6ac8776/datanode-3/data/ratis/797dadab-e346-441f-afca-e522e5eda83b/sm/snapshot.1_8 time:56
2019-08-30 07:28:45,149 [StateMachineUpdater:e84e593e-632c-45fd-851e-ebf1865efdab:group-E522E5EDA83B] INFO  impl.StateMachineUpdater (StateMachineUpdater.java:takeSnapshot(242)) - StateMachineUpdater:e84e593e-632c-45fd-851e-ebf1865efdab:group-E522E5EDA83B: Took a snapshot at index 8
2019-08-30 07:28:45,150 [StateMachineUpdater:e84e593e-632c-45fd-851e-ebf1865efdab:group-E522E5EDA83B] INFO  impl.StateMachineUpdater (StateMachineUpdater.java:lambda$new$0(80)) - StateMachineUpdater:e84e593e-632c-45fd-851e-ebf1865efdab:group-E522E5EDA83B: snapshotIndex: updateIncreasingly -1 -> 8
2019-08-30 07:28:45,150 [main] INFO  impl.RaftServerImpl (ServerState.java:close(394)) - e84e593e-632c-45fd-851e-ebf1865efdab:group-E522E5EDA83B closes. The last applied log index is 8
2019-08-30 07:28:45,151 [e84e593e-632c-45fd-851e-ebf1865efdab-SegmentedRaftLogWorker:Storage Directory /workdir/hadoop-ozone/integration-test/target/test-dir/MiniOzoneClusterImpl-ac65e4ab-d586-4f57-9dd1-629ec6ac8776/datanode-3/data/ratis/797dadab-e346-441f-afca-e522e5eda83b] INFO  segmented.SegmentedRaftLogWorker (SegmentedRaftLogWorker.java:run(313)) - e84e593e-632c-45fd-851e-ebf1865efdab-SegmentedRaftLogWorker:Storage Directory /workdir/hadoop-ozone/integration-test/target/test-dir/MiniOzoneClusterImpl-ac65e4ab-d586-4f57-9dd1-629ec6ac8776/datanode-3/data/ratis/797dadab-e346-441f-afca-e522e5eda83b was interrupted, exiting. There are 0 tasks remaining in the queue.
2019-08-30 07:28:45,153 [main] INFO  segmented.SegmentedRaftLogWorker (SegmentedRaftLogWorker.java:close(228)) - e84e593e-632c-45fd-851e-ebf1865efdab-SegmentedRaftLogWorker:Storage Directory /workdir/hadoop-ozone/integration-test/target/test-dir/MiniOzoneClusterImpl-ac65e4ab-d586-4f57-9dd1-629ec6ac8776/datanode-3/data/ratis/797dadab-e346-441f-afca-e522e5eda83b close()
2019-08-30 07:28:45,157 [main] INFO  server.GrpcService (GrpcService.java:closeImpl(155)) - e84e593e-632c-45fd-851e-ebf1865efdab: shutdown server with port 38920 now
2019-08-30 07:28:45,158 [main] INFO  server.GrpcService (GrpcService.java:closeImpl(163)) - e84e593e-632c-45fd-851e-ebf1865efdab: shutdown server with port 38920 successfully
2019-08-30 07:28:45,162 [main] INFO  utils.BackgroundService (BackgroundService.java:shutdown(148)) - Shutting down service BlockDeletingService
2019-08-30 07:28:45,167 [refreshUsed-/workdir/hadoop-ozone/integration-test/target/test-dir/MiniOzoneClusterImpl-ac65e4ab-d586-4f57-9dd1-629ec6ac8776/datanode-3/data/containers] WARN  fs.CachingGetSpaceUsed (CachingGetSpaceUsed.java:run(183)) - Thread Interrupted waiting to refresh disk information: sleep interrupted
2019-08-30 07:28:45,186 [main] INFO  statemachine.DatanodeStateMachine (DatanodeStateMachine.java:stopDaemon(395)) - Ozone container server stopped.
2019-08-30 07:28:45,187 [main] INFO  handler.ContextHandler (ContextHandler.java:doStop(910)) - Stopped o.e.j.w.WebAppContext@23bd0c81{/,null,UNAVAILABLE}{/hddsDatanode}
2019-08-30 07:28:45,188 [main] INFO  server.AbstractConnector (AbstractConnector.java:doStop(318)) - Stopped ServerConnector@1332dec4{HTTP/1.1,[http/1.1]}{0.0.0.0:0}
2019-08-30 07:28:45,188 [main] INFO  handler.ContextHandler (ContextHandler.java:doStop(910)) - Stopped o.e.j.s.ServletContextHandler@4eeab3e{/static,jar:file:/home/user/.m2/repository/org/apache/hadoop/hadoop-hdds-container-service/0.5.0-SNAPSHOT/hadoop-hdds-container-service-0.5.0-SNAPSHOT.jar!/webapps/static,UNAVAILABLE}
2019-08-30 07:28:45,189 [main] INFO  handler.ContextHandler (ContextHandler.java:doStop(910)) - Stopped o.e.j.s.ServletContextHandler@79df80a4{/logs,file:///workdir/hadoop-ozone/integration-test/target/log,UNAVAILABLE}
]]></system-out>
  </testcase>
</testsuite>