<?xml version="1.0" encoding="UTF-8"?>
<testsuite xmlns:xsi="http://www.w3.org/2001/XMLSchema-instance" xsi:noNamespaceSchemaLocation="https://maven.apache.org/surefire/maven-surefire-plugin/xsd/surefire-test-report.xsd" name="org.apache.hadoop.ozone.client.rpc.TestCommitWatcher" time="55.363" tests="2" errors="0" skipped="0" failures="1">
  <properties>
    <property name="awt.toolkit" value="sun.awt.X11.XToolkit"/>
    <property name="file.encoding.pkg" value="sun.io"/>
    <property name="java.specification.version" value="1.8"/>
    <property name="sun.cpu.isalist" value=""/>
    <property name="sun.jnu.encoding" value="UTF-8"/>
    <property name="java.class.path" value="/workdir/hadoop-ozone/integration-test/target/test-classes:/workdir/hadoop-ozone/integration-test/target/classes:/home/user/.m2/repository/org/apache/hadoop/hadoop-ozone-common/0.5.0-SNAPSHOT/hadoop-ozone-common-0.5.0-SNAPSHOT.jar:/home/user/.m2/repository/org/apache/commons/commons-compress/1.4.1/commons-compress-1.4.1.jar:/home/user/.m2/repository/org/tukaani/xz/1.0/xz-1.0.jar:/home/user/.m2/repository/org/apache/hadoop/hadoop-common/3.2.0/hadoop-common-3.2.0.jar:/home/user/.m2/repository/org/apache/hadoop/hadoop-hdfs/3.2.0/hadoop-hdfs-3.2.0.jar:/home/user/.m2/repository/org/apache/hadoop/hadoop-hdfs-client/3.2.0/hadoop-hdfs-client-3.2.0.jar:/home/user/.m2/repository/com/fasterxml/jackson/core/jackson-annotations/2.9.5/jackson-annotations-2.9.5.jar:/home/user/.m2/repository/org/apache/hadoop/hadoop-hdds-common/0.5.0-SNAPSHOT/hadoop-hdds-common-0.5.0-SNAPSHOT.jar:/home/user/.m2/repository/javax/annotation/javax.annotation-api/1.2/javax.annotation-api-1.2.jar:/home/user/.m2/repository/org/apache/ratis/ratis-server/0.4.0-2337318-SNAPSHOT/ratis-server-0.4.0-2337318-SNAPSHOT.jar:/home/user/.m2/repository/org/apache/ratis/ratis-thirdparty-misc/0.2.0/ratis-thirdparty-misc-0.2.0.jar:/home/user/.m2/repository/org/apache/ratis/ratis-proto/0.4.0-2337318-SNAPSHOT/ratis-proto-0.4.0-2337318-SNAPSHOT.jar:/home/user/.m2/repository/org/apache/ratis/ratis-common/0.4.0-2337318-SNAPSHOT/ratis-common-0.4.0-2337318-SNAPSHOT.jar:/home/user/.m2/repository/org/apache/ratis/ratis-client/0.4.0-2337318-SNAPSHOT/ratis-client-0.4.0-2337318-SNAPSHOT.jar:/home/user/.m2/repository/org/apache/ratis/ratis-metrics/0.4.0-2337318-SNAPSHOT/ratis-metrics-0.4.0-2337318-SNAPSHOT.jar:/home/user/.m2/repository/org/apache/ratis/ratis-netty/0.4.0-2337318-SNAPSHOT/ratis-netty-0.4.0-2337318-SNAPSHOT.jar:/home/user/.m2/repository/org/apache/ratis/ratis-grpc/0.4.0-2337318-SNAPSHOT/ratis-grpc-0.4.0-2337318-SNAPSHOT.jar:/home/user/.m2/repository/org/rocksdb/rocksdbjni/6.0.1/rocksdbjni-6.0.1.jar:/home/user/.m2/repository/org/apache/logging/log4j/log4j-api/2.11.0/log4j-api-2.11.0.jar:/home/user/.m2/repository/org/apache/logging/log4j/log4j-core/2.11.0/log4j-core-2.11.0.jar:/home/user/.m2/repository/com/lmax/disruptor/3.4.2/disruptor-3.4.2.jar:/home/user/.m2/repository/org/apache/commons/commons-pool2/2.6.0/commons-pool2-2.6.0.jar:/home/user/.m2/repository/org/bouncycastle/bcpkix-jdk15on/1.60/bcpkix-jdk15on-1.60.jar:/home/user/.m2/repository/commons-validator/commons-validator/1.6/commons-validator-1.6.jar:/home/user/.m2/repository/commons-digester/commons-digester/1.8.1/commons-digester-1.8.1.jar:/home/user/.m2/repository/io/jaegertracing/jaeger-client/0.33.1/jaeger-client-0.33.1.jar:/home/user/.m2/repository/io/jaegertracing/jaeger-thrift/0.33.1/jaeger-thrift-0.33.1.jar:/home/user/.m2/repository/org/apache/thrift/libthrift/0.11.0/libthrift-0.11.0.jar:/home/user/.m2/repository/com/squareup/okhttp3/okhttp/3.9.0/okhttp-3.9.0.jar:/home/user/.m2/repository/com/squareup/okio/okio/1.13.0/okio-1.13.0.jar:/home/user/.m2/repository/io/jaegertracing/jaeger-core/0.33.1/jaeger-core-0.33.1.jar:/home/user/.m2/repository/io/jaegertracing/jaeger-tracerresolver/0.33.1/jaeger-tracerresolver-0.33.1.jar:/home/user/.m2/repository/io/opentracing/contrib/opentracing-tracerresolver/0.1.5/opentracing-tracerresolver-0.1.5.jar:/home/user/.m2/repository/io/opentracing/opentracing-util/0.31.0/opentracing-util-0.31.0.jar:/home/user/.m2/repository/io/opentracing/opentracing-api/0.31.0/opentracing-api-0.31.0.jar:/home/user/.m2/repository/io/opentracing/opentracing-noop/0.31.0/opentracing-noop-0.31.0.jar:/home/user/.m2/repository/org/apache/hadoop/hadoop-hdds-server-framework/0.5.0-SNAPSHOT/hadoop-hdds-server-framework-0.5.0-SNAPSHOT.jar:/home/user/.m2/repository/org/apache/hadoop/hadoop-hdds-container-service/0.5.0-SNAPSHOT/hadoop-hdds-container-service-0.5.0-SNAPSHOT.jar:/home/user/.m2/repository/org/apache/hadoop/hadoop-hdds-client/0.5.0-SNAPSHOT/hadoop-hdds-client-0.5.0-SNAPSHOT.jar:/home/user/.m2/repository/org/apache/hadoop/hadoop-hdds-tools/0.5.0-SNAPSHOT/hadoop-hdds-tools-0.5.0-SNAPSHOT.jar:/home/user/.m2/repository/org/apache/hadoop/hadoop-hdds-server-scm/0.5.0-SNAPSHOT/hadoop-hdds-server-scm-0.5.0-SNAPSHOT.jar:/home/user/.m2/repository/org/apache/hadoop/hadoop-hdds-docs/0.5.0-SNAPSHOT/hadoop-hdds-docs-0.5.0-SNAPSHOT.jar:/home/user/.m2/repository/io/dropwizard/metrics/metrics-core/3.2.4/metrics-core-3.2.4.jar:/home/user/.m2/repository/org/hamcrest/hamcrest-all/1.3/hamcrest-all-1.3.jar:/home/user/.m2/repository/org/bouncycastle/bcprov-jdk15on/1.60/bcprov-jdk15on-1.60.jar:/home/user/.m2/repository/info/picocli/picocli/3.9.6/picocli-3.9.6.jar:/home/user/.m2/repository/com/google/protobuf/protobuf-java/2.5.0/protobuf-java-2.5.0.jar:/home/user/.m2/repository/com/google/guava/guava/11.0.2/guava-11.0.2.jar:/home/user/.m2/repository/org/apache/hadoop/hadoop-ozone-ozone-manager/0.5.0-SNAPSHOT/hadoop-ozone-ozone-manager-0.5.0-SNAPSHOT.jar:/home/user/.m2/repository/org/apache/hadoop/hadoop-minikdc/3.2.0/hadoop-minikdc-3.2.0.jar:/home/user/.m2/repository/commons-io/commons-io/2.5/commons-io-2.5.jar:/home/user/.m2/repository/org/apache/kerby/kerb-simplekdc/1.0.1/kerb-simplekdc-1.0.1.jar:/home/user/.m2/repository/org/apache/kerby/kerb-client/1.0.1/kerb-client-1.0.1.jar:/home/user/.m2/repository/org/apache/kerby/kerby-config/1.0.1/kerby-config-1.0.1.jar:/home/user/.m2/repository/org/apache/kerby/kerb-core/1.0.1/kerb-core-1.0.1.jar:/home/user/.m2/repository/org/apache/kerby/kerby-pkix/1.0.1/kerby-pkix-1.0.1.jar:/home/user/.m2/repository/org/apache/kerby/kerby-asn1/1.0.1/kerby-asn1-1.0.1.jar:/home/user/.m2/repository/org/apache/kerby/kerby-util/1.0.1/kerby-util-1.0.1.jar:/home/user/.m2/repository/org/apache/kerby/kerb-common/1.0.1/kerb-common-1.0.1.jar:/home/user/.m2/repository/org/apache/kerby/kerb-crypto/1.0.1/kerb-crypto-1.0.1.jar:/home/user/.m2/repository/org/apache/kerby/kerb-util/1.0.1/kerb-util-1.0.1.jar:/home/user/.m2/repository/org/apache/kerby/token-provider/1.0.1/token-provider-1.0.1.jar:/home/user/.m2/repository/org/apache/kerby/kerb-admin/1.0.1/kerb-admin-1.0.1.jar:/home/user/.m2/repository/org/apache/kerby/kerb-server/1.0.1/kerb-server-1.0.1.jar:/home/user/.m2/repository/org/apache/kerby/kerb-identity/1.0.1/kerb-identity-1.0.1.jar:/home/user/.m2/repository/org/apache/kerby/kerby-xdr/1.0.1/kerby-xdr-1.0.1.jar:/home/user/.m2/repository/org/slf4j/slf4j-log4j12/1.7.25/slf4j-log4j12-1.7.25.jar:/home/user/.m2/repository/org/apache/hadoop/hadoop-ozone-s3gateway/0.5.0-SNAPSHOT/hadoop-ozone-s3gateway-0.5.0-SNAPSHOT.jar:/home/user/.m2/repository/org/jboss/weld/servlet/weld-servlet/2.4.7.Final/weld-servlet-2.4.7.Final.jar:/home/user/.m2/repository/org/glassfish/jersey/containers/jersey-container-servlet-core/2.27/jersey-container-servlet-core-2.27.jar:/home/user/.m2/repository/org/glassfish/hk2/external/javax.inject/2.5.0-b42/javax.inject-2.5.0-b42.jar:/home/user/.m2/repository/org/glassfish/jersey/core/jersey-common/2.27/jersey-common-2.27.jar:/home/user/.m2/repository/org/glassfish/hk2/osgi-resource-locator/1.0.1/osgi-resource-locator-1.0.1.jar:/home/user/.m2/repository/javax/ws/rs/javax.ws.rs-api/2.1/javax.ws.rs-api-2.1.jar:/home/user/.m2/repository/org/glassfish/jersey/ext/cdi/jersey-cdi1x/2.27/jersey-cdi1x-2.27.jar:/home/user/.m2/repository/org/glassfish/jersey/inject/jersey-hk2/2.27/jersey-hk2-2.27.jar:/home/user/.m2/repository/org/glassfish/hk2/hk2-locator/2.5.0-b42/hk2-locator-2.5.0-b42.jar:/home/user/.m2/repository/org/javassist/javassist/3.22.0-CR2/javassist-3.22.0-CR2.jar:/home/user/.m2/repository/org/glassfish/hk2/hk2-api/2.5.0/hk2-api-2.5.0.jar:/home/user/.m2/repository/org/glassfish/hk2/external/jakarta.inject/2.5.0/jakarta.inject-2.5.0.jar:/home/user/.m2/repository/org/glassfish/hk2/hk2-utils/2.5.0/hk2-utils-2.5.0.jar:/home/user/.m2/repository/jakarta/annotation/jakarta.annotation-api/1.3.4/jakarta.annotation-api-1.3.4.jar:/home/user/.m2/repository/org/glassfish/hk2/external/aopalliance-repackaged/2.5.0/aopalliance-repackaged-2.5.0.jar:/home/user/.m2/repository/com/fasterxml/jackson/dataformat/jackson-dataformat-xml/2.9.0/jackson-dataformat-xml-2.9.0.jar:/home/user/.m2/repository/com/fasterxml/jackson/core/jackson-core/2.9.5/jackson-core-2.9.5.jar:/home/user/.m2/repository/com/fasterxml/jackson/module/jackson-module-jaxb-annotations/2.9.5/jackson-module-jaxb-annotations-2.9.5.jar:/home/user/.m2/repository/javax/enterprise/cdi-api/1.2/cdi-api-1.2.jar:/home/user/.m2/repository/javax/el/javax.el-api/3.0.0/javax.el-api-3.0.0.jar:/home/user/.m2/repository/javax/interceptor/javax.interceptor-api/1.2/javax.interceptor-api-1.2.jar:/home/user/.m2/repository/javax/inject/javax.inject/1/javax.inject-1.jar:/home/user/.m2/repository/com/sun/xml/bind/jaxb-impl/2.3.0.1/jaxb-impl-2.3.0.1.jar:/home/user/.m2/repository/com/sun/xml/bind/jaxb-core/2.3.0.1/jaxb-core-2.3.0.1.jar:/home/user/.m2/repository/javax/xml/bind/jaxb-api/2.3.0/jaxb-api-2.3.0.jar:/home/user/.m2/repository/javax/activation/activation/1.1.1/activation-1.1.1.jar:/home/user/.m2/repository/org/apache/hadoop/hadoop-ozone-csi/0.5.0-SNAPSHOT/hadoop-ozone-csi-0.5.0-SNAPSHOT.jar:/home/user/.m2/repository/com/google/protobuf/protobuf-java-util/3.5.1/protobuf-java-util-3.5.1.jar:/home/user/.m2/repository/org/apache/hadoop/hadoop-hdds-config/0.5.0-SNAPSHOT/hadoop-hdds-config-0.5.0-SNAPSHOT.jar:/home/user/.m2/repository/io/grpc/grpc-netty/1.17.1/grpc-netty-1.17.1.jar:/home/user/.m2/repository/io/grpc/grpc-core/1.17.1/grpc-core-1.17.1.jar:/home/user/.m2/repository/io/grpc/grpc-context/1.17.1/grpc-context-1.17.1.jar:/home/user/.m2/repository/com/google/errorprone/error_prone_annotations/2.2.0/error_prone_annotations-2.2.0.jar:/home/user/.m2/repository/org/codehaus/mojo/animal-sniffer-annotations/1.17/animal-sniffer-annotations-1.17.jar:/home/user/.m2/repository/io/opencensus/opencensus-api/0.17.0/opencensus-api-0.17.0.jar:/home/user/.m2/repository/io/opencensus/opencensus-contrib-grpc-metrics/0.17.0/opencensus-contrib-grpc-metrics-0.17.0.jar:/home/user/.m2/repository/io/netty/netty-codec-http2/4.1.30.Final/netty-codec-http2-4.1.30.Final.jar:/home/user/.m2/repository/io/netty/netty-codec-http/4.1.30.Final/netty-codec-http-4.1.30.Final.jar:/home/user/.m2/repository/io/netty/netty-codec/4.1.30.Final/netty-codec-4.1.30.Final.jar:/home/user/.m2/repository/io/netty/netty-handler/4.1.30.Final/netty-handler-4.1.30.Final.jar:/home/user/.m2/repository/io/netty/netty-handler-proxy/4.1.30.Final/netty-handler-proxy-4.1.30.Final.jar:/home/user/.m2/repository/io/netty/netty-codec-socks/4.1.30.Final/netty-codec-socks-4.1.30.Final.jar:/home/user/.m2/repository/io/netty/netty-transport-native-epoll/4.1.30.Final/netty-transport-native-epoll-4.1.30.Final.jar:/home/user/.m2/repository/io/netty/netty-common/4.1.30.Final/netty-common-4.1.30.Final.jar:/home/user/.m2/repository/io/netty/netty-buffer/4.1.30.Final/netty-buffer-4.1.30.Final.jar:/home/user/.m2/repository/io/netty/netty-transport/4.1.30.Final/netty-transport-4.1.30.Final.jar:/home/user/.m2/repository/io/netty/netty-resolver/4.1.30.Final/netty-resolver-4.1.30.Final.jar:/home/user/.m2/repository/io/netty/netty-transport-native-unix-common/4.1.30.Final/netty-transport-native-unix-common-4.1.30.Final.jar:/home/user/.m2/repository/io/grpc/grpc-protobuf/1.17.1/grpc-protobuf-1.17.1.jar:/home/user/.m2/repository/com/google/api/grpc/proto-google-common-protos/1.0.0/proto-google-common-protos-1.0.0.jar:/home/user/.m2/repository/io/grpc/grpc-protobuf-lite/1.17.1/grpc-protobuf-lite-1.17.1.jar:/home/user/.m2/repository/io/grpc/grpc-stub/1.17.1/grpc-stub-1.17.1.jar:/home/user/.m2/repository/org/apache/hadoop/hadoop-ozone-recon/0.5.0-SNAPSHOT/hadoop-ozone-recon-0.5.0-SNAPSHOT.jar:/home/user/.m2/repository/org/apache/hadoop/hadoop-ozone-reconcodegen/0.5.0-SNAPSHOT/hadoop-ozone-reconcodegen-0.5.0-SNAPSHOT.jar:/home/user/.m2/repository/com/google/inject/extensions/guice-multibindings/4.0/guice-multibindings-4.0.jar:/home/user/.m2/repository/com/google/inject/guice/4.0/guice-4.0.jar:/home/user/.m2/repository/aopalliance/aopalliance/1.0/aopalliance-1.0.jar:/home/user/.m2/repository/com/google/inject/extensions/guice-servlet/4.0/guice-servlet-4.0.jar:/home/user/.m2/repository/org/glassfish/jersey/containers/jersey-container-servlet/2.27/jersey-container-servlet-2.27.jar:/home/user/.m2/repository/org/glassfish/hk2/guice-bridge/2.5.0/guice-bridge-2.5.0.jar:/home/user/.m2/repository/org/glassfish/jersey/core/jersey-server/2.27/jersey-server-2.27.jar:/home/user/.m2/repository/org/glassfish/jersey/core/jersey-client/2.27/jersey-client-2.27.jar:/home/user/.m2/repository/org/glassfish/jersey/media/jersey-media-jaxb/2.27/jersey-media-jaxb-2.27.jar:/home/user/.m2/repository/javax/validation/validation-api/1.1.0.Final/validation-api-1.1.0.Final.jar:/home/user/.m2/repository/org/glassfish/jersey/media/jersey-media-json-jackson/2.27/jersey-media-json-jackson-2.27.jar:/home/user/.m2/repository/org/glassfish/jersey/ext/jersey-entity-filtering/2.27/jersey-entity-filtering-2.27.jar:/home/user/.m2/repository/com/google/inject/extensions/guice-assistedinject/4.0/guice-assistedinject-4.0.jar:/home/user/.m2/repository/org/jooq/jooq/3.11.10/jooq-3.11.10.jar:/home/user/.m2/repository/org/jooq/jooq-meta/3.11.10/jooq-meta-3.11.10.jar:/home/user/.m2/repository/org/jooq/jooq-codegen/3.11.10/jooq-codegen-3.11.10.jar:/home/user/.m2/repository/com/jolbox/bonecp/0.8.0.RELEASE/bonecp-0.8.0.RELEASE.jar:/home/user/.m2/repository/org/xerial/sqlite-jdbc/3.25.2/sqlite-jdbc-3.25.2.jar:/home/user/.m2/repository/org/springframework/spring-jdbc/5.1.3.RELEASE/spring-jdbc-5.1.3.RELEASE.jar:/home/user/.m2/repository/org/springframework/spring-beans/5.1.3.RELEASE/spring-beans-5.1.3.RELEASE.jar:/home/user/.m2/repository/org/springframework/spring-core/5.1.3.RELEASE/spring-core-5.1.3.RELEASE.jar:/home/user/.m2/repository/org/springframework/spring-jcl/5.1.3.RELEASE/spring-jcl-5.1.3.RELEASE.jar:/home/user/.m2/repository/org/springframework/spring-tx/5.1.3.RELEASE/spring-tx-5.1.3.RELEASE.jar:/home/user/.m2/repository/org/apache/hadoop/hadoop-ozone-client/0.5.0-SNAPSHOT/hadoop-ozone-client-0.5.0-SNAPSHOT.jar:/home/user/.m2/repository/commons-lang/commons-lang/2.6/commons-lang-2.6.jar:/home/user/.m2/repository/org/apache/hadoop/hadoop-ozone-ozone-manager/0.5.0-SNAPSHOT/hadoop-ozone-ozone-manager-0.5.0-SNAPSHOT-tests.jar:/home/user/.m2/repository/junit/junit/4.11/junit-4.11.jar:/home/user/.m2/repository/org/hamcrest/hamcrest-core/1.3/hamcrest-core-1.3.jar:/home/user/.m2/repository/org/openjdk/jmh/jmh-core/1.19/jmh-core-1.19.jar:/home/user/.m2/repository/net/sf/jopt-simple/jopt-simple/4.6/jopt-simple-4.6.jar:/home/user/.m2/repository/org/apache/commons/commons-math3/3.1.1/commons-math3-3.1.1.jar:/home/user/.m2/repository/org/openjdk/jmh/jmh-generator-annprocess/1.19/jmh-generator-annprocess-1.19.jar:/home/user/.m2/repository/org/mockito/mockito-all/1.8.5/mockito-all-1.8.5.jar:/home/user/.m2/repository/org/apache/hadoop/hadoop-kms/3.2.0/hadoop-kms-3.2.0.jar:/home/user/.m2/repository/org/apache/hadoop/hadoop-auth/3.2.0/hadoop-auth-3.2.0.jar:/home/user/.m2/repository/com/nimbusds/nimbus-jose-jwt/4.41.1/nimbus-jose-jwt-4.41.1.jar:/home/user/.m2/repository/com/github/stephenc/jcip/jcip-annotations/1.0-1/jcip-annotations-1.0-1.jar:/home/user/.m2/repository/net/minidev/json-smart/2.3/json-smart-2.3.jar:/home/user/.m2/repository/net/minidev/accessors-smart/1.2/accessors-smart-1.2.jar:/home/user/.m2/repository/org/ow2/asm/asm/5.0.4/asm-5.0.4.jar:/home/user/.m2/repository/org/apache/curator/curator-framework/2.12.0/curator-framework-2.12.0.jar:/home/user/.m2/repository/com/sun/jersey/jersey-core/1.19/jersey-core-1.19.jar:/home/user/.m2/repository/javax/ws/rs/jsr311-api/1.1.1/jsr311-api-1.1.1.jar:/home/user/.m2/repository/com/sun/jersey/jersey-server/1.19/jersey-server-1.19.jar:/home/user/.m2/repository/javax/servlet/javax.servlet-api/3.1.0/javax.servlet-api-3.1.0.jar:/home/user/.m2/repository/org/eclipse/jetty/jetty-server/9.3.24.v20180605/jetty-server-9.3.24.v20180605.jar:/home/user/.m2/repository/org/eclipse/jetty/jetty-http/9.3.24.v20180605/jetty-http-9.3.24.v20180605.jar:/home/user/.m2/repository/org/eclipse/jetty/jetty-io/9.3.24.v20180605/jetty-io-9.3.24.v20180605.jar:/home/user/.m2/repository/org/eclipse/jetty/jetty-webapp/9.3.24.v20180605/jetty-webapp-9.3.24.v20180605.jar:/home/user/.m2/repository/org/eclipse/jetty/jetty-xml/9.3.24.v20180605/jetty-xml-9.3.24.v20180605.jar:/home/user/.m2/repository/log4j/log4j/1.2.17/log4j-1.2.17.jar:/home/user/.m2/repository/org/slf4j/slf4j-api/1.7.25/slf4j-api-1.7.25.jar:/home/user/.m2/repository/org/slf4j/jul-to-slf4j/1.7.25/jul-to-slf4j-1.7.25.jar:/home/user/.m2/repository/org/eclipse/jetty/jetty-util/9.3.24.v20180605/jetty-util-9.3.24.v20180605.jar:/home/user/.m2/repository/com/fasterxml/jackson/core/jackson-databind/2.9.5/jackson-databind-2.9.5.jar:/home/user/.m2/repository/org/apache/hadoop/hadoop-kms/3.2.0/hadoop-kms-3.2.0-tests.jar:/home/user/.m2/repository/org/apache/hadoop/hadoop-hdds-server-scm/0.5.0-SNAPSHOT/hadoop-hdds-server-scm-0.5.0-SNAPSHOT-tests.jar:/home/user/.m2/repository/org/apache/hadoop/hadoop-hdds-container-service/0.5.0-SNAPSHOT/hadoop-hdds-container-service-0.5.0-SNAPSHOT-tests.jar:/home/user/.m2/repository/org/yaml/snakeyaml/1.16/snakeyaml-1.16.jar:/home/user/.m2/repository/org/apache/hadoop/hadoop-common/3.2.0/hadoop-common-3.2.0-tests.jar:/home/user/.m2/repository/org/apache/hadoop/hadoop-annotations/3.2.0/hadoop-annotations-3.2.0.jar:/usr/lib/jvm/java-1.8-openjdk/jre/../lib/tools.jar:/home/user/.m2/repository/commons-cli/commons-cli/1.2/commons-cli-1.2.jar:/home/user/.m2/repository/org/apache/httpcomponents/httpclient/4.5.2/httpclient-4.5.2.jar:/home/user/.m2/repository/org/apache/httpcomponents/httpcore/4.4.4/httpcore-4.4.4.jar:/home/user/.m2/repository/commons-codec/commons-codec/1.11/commons-codec-1.11.jar:/home/user/.m2/repository/commons-net/commons-net/3.6/commons-net-3.6.jar:/home/user/.m2/repository/commons-collections/commons-collections/3.2.2/commons-collections-3.2.2.jar:/home/user/.m2/repository/org/eclipse/jetty/jetty-servlet/9.3.24.v20180605/jetty-servlet-9.3.24.v20180605.jar:/home/user/.m2/repository/org/eclipse/jetty/jetty-security/9.3.24.v20180605/jetty-security-9.3.24.v20180605.jar:/home/user/.m2/repository/javax/servlet/jsp/jsp-api/2.1/jsp-api-2.1.jar:/home/user/.m2/repository/com/sun/jersey/jersey-servlet/1.19/jersey-servlet-1.19.jar:/home/user/.m2/repository/com/sun/jersey/jersey-json/1.19/jersey-json-1.19.jar:/home/user/.m2/repository/org/codehaus/jettison/jettison/1.1/jettison-1.1.jar:/home/user/.m2/repository/org/codehaus/jackson/jackson-core-asl/1.9.13/jackson-core-asl-1.9.13.jar:/home/user/.m2/repository/org/codehaus/jackson/jackson-mapper-asl/1.9.13/jackson-mapper-asl-1.9.13.jar:/home/user/.m2/repository/org/codehaus/jackson/jackson-jaxrs/1.9.13/jackson-jaxrs-1.9.13.jar:/home/user/.m2/repository/org/codehaus/jackson/jackson-xc/1.9.13/jackson-xc-1.9.13.jar:/home/user/.m2/repository/commons-logging/commons-logging/1.1.3/commons-logging-1.1.3.jar:/home/user/.m2/repository/commons-beanutils/commons-beanutils/1.9.3/commons-beanutils-1.9.3.jar:/home/user/.m2/repository/org/apache/commons/commons-configuration2/2.1.1/commons-configuration2-2.1.1.jar:/home/user/.m2/repository/org/apache/commons/commons-lang3/3.7/commons-lang3-3.7.jar:/home/user/.m2/repository/org/apache/commons/commons-text/1.4/commons-text-1.4.jar:/home/user/.m2/repository/org/apache/avro/avro/1.7.7/avro-1.7.7.jar:/home/user/.m2/repository/com/thoughtworks/paranamer/paranamer/2.3/paranamer-2.3.jar:/home/user/.m2/repository/org/xerial/snappy/snappy-java/1.0.5/snappy-java-1.0.5.jar:/home/user/.m2/repository/com/google/re2j/re2j/1.1/re2j-1.1.jar:/home/user/.m2/repository/com/google/code/gson/gson/2.2.4/gson-2.2.4.jar:/home/user/.m2/repository/com/jcraft/jsch/0.1.54/jsch-0.1.54.jar:/home/user/.m2/repository/org/apache/curator/curator-client/2.12.0/curator-client-2.12.0.jar:/home/user/.m2/repository/org/apache/curator/curator-recipes/2.12.0/curator-recipes-2.12.0.jar:/home/user/.m2/repository/com/google/code/findbugs/jsr305/3.0.0/jsr305-3.0.0.jar:/home/user/.m2/repository/org/apache/htrace/htrace-core4/4.1.0-incubating/htrace-core4-4.1.0-incubating.jar:/home/user/.m2/repository/org/apache/zookeeper/zookeeper/3.4.13/zookeeper-3.4.13.jar:/home/user/.m2/repository/org/apache/yetus/audience-annotations/0.5.0/audience-annotations-0.5.0.jar:/home/user/.m2/repository/org/codehaus/woodstox/stax2-api/3.1.4/stax2-api-3.1.4.jar:/home/user/.m2/repository/com/fasterxml/woodstox/woodstox-core/5.0.3/woodstox-core-5.0.3.jar:/home/user/.m2/repository/dnsjava/dnsjava/2.1.7/dnsjava-2.1.7.jar:/home/user/.m2/repository/org/apache/hadoop/hadoop-hdfs/3.2.0/hadoop-hdfs-3.2.0-tests.jar:/home/user/.m2/repository/org/eclipse/jetty/jetty-util-ajax/9.3.24.v20180605/jetty-util-ajax-9.3.24.v20180605.jar:/home/user/.m2/repository/commons-daemon/commons-daemon/1.0.13/commons-daemon-1.0.13.jar:/home/user/.m2/repository/io/netty/netty/3.10.5.Final/netty-3.10.5.Final.jar:/home/user/.m2/repository/io/netty/netty-all/4.0.52.Final/netty-all-4.0.52.Final.jar:/home/user/.m2/repository/org/fusesource/leveldbjni/leveldbjni-all/1.8/leveldbjni-all-1.8.jar:"/>
    <property name="java.vm.vendor" value="IcedTea"/>
    <property name="sun.arch.data.model" value="64"/>
    <property name="test.build.dir" value="/workdir/hadoop-ozone/integration-test/target/test-dir"/>
    <property name="test.cache.data" value=""/>
    <property name="java.vendor.url" value="https://icedtea.classpath.org"/>
    <property name="user.timezone" value=""/>
    <property name="java.vm.specification.version" value="1.8"/>
    <property name="os.name" value="Linux"/>
    <property name="test.build.data" value="/workdir/hadoop-ozone/integration-test/target/test-dir"/>
    <property name="user.country" value="US"/>
    <property name="sun.java.launcher" value="SUN_STANDARD"/>
    <property name="sun.boot.library.path" value="/usr/lib/jvm/java-1.8-openjdk/jre/lib/amd64"/>
    <property name="sun.java.command" value="/workdir/hadoop-ozone/integration-test/target/surefire/surefirebooter3224929166965054358.jar /workdir/hadoop-ozone/integration-test/target/surefire 2019-08-30T02-26-02_784-jvmRun1 surefire551192611802350807tmp surefire_462207729587763851822tmp"/>
    <property name="test" value="!TestMiniChaosOzoneCluster"/>
    <property name="surefire.test.class.path" value="/workdir/hadoop-ozone/integration-test/target/test-classes:/workdir/hadoop-ozone/integration-test/target/classes:/home/user/.m2/repository/org/apache/hadoop/hadoop-ozone-common/0.5.0-SNAPSHOT/hadoop-ozone-common-0.5.0-SNAPSHOT.jar:/home/user/.m2/repository/org/apache/commons/commons-compress/1.4.1/commons-compress-1.4.1.jar:/home/user/.m2/repository/org/tukaani/xz/1.0/xz-1.0.jar:/home/user/.m2/repository/org/apache/hadoop/hadoop-common/3.2.0/hadoop-common-3.2.0.jar:/home/user/.m2/repository/org/apache/hadoop/hadoop-hdfs/3.2.0/hadoop-hdfs-3.2.0.jar:/home/user/.m2/repository/org/apache/hadoop/hadoop-hdfs-client/3.2.0/hadoop-hdfs-client-3.2.0.jar:/home/user/.m2/repository/com/fasterxml/jackson/core/jackson-annotations/2.9.5/jackson-annotations-2.9.5.jar:/home/user/.m2/repository/org/apache/hadoop/hadoop-hdds-common/0.5.0-SNAPSHOT/hadoop-hdds-common-0.5.0-SNAPSHOT.jar:/home/user/.m2/repository/javax/annotation/javax.annotation-api/1.2/javax.annotation-api-1.2.jar:/home/user/.m2/repository/org/apache/ratis/ratis-server/0.4.0-2337318-SNAPSHOT/ratis-server-0.4.0-2337318-SNAPSHOT.jar:/home/user/.m2/repository/org/apache/ratis/ratis-thirdparty-misc/0.2.0/ratis-thirdparty-misc-0.2.0.jar:/home/user/.m2/repository/org/apache/ratis/ratis-proto/0.4.0-2337318-SNAPSHOT/ratis-proto-0.4.0-2337318-SNAPSHOT.jar:/home/user/.m2/repository/org/apache/ratis/ratis-common/0.4.0-2337318-SNAPSHOT/ratis-common-0.4.0-2337318-SNAPSHOT.jar:/home/user/.m2/repository/org/apache/ratis/ratis-client/0.4.0-2337318-SNAPSHOT/ratis-client-0.4.0-2337318-SNAPSHOT.jar:/home/user/.m2/repository/org/apache/ratis/ratis-metrics/0.4.0-2337318-SNAPSHOT/ratis-metrics-0.4.0-2337318-SNAPSHOT.jar:/home/user/.m2/repository/org/apache/ratis/ratis-netty/0.4.0-2337318-SNAPSHOT/ratis-netty-0.4.0-2337318-SNAPSHOT.jar:/home/user/.m2/repository/org/apache/ratis/ratis-grpc/0.4.0-2337318-SNAPSHOT/ratis-grpc-0.4.0-2337318-SNAPSHOT.jar:/home/user/.m2/repository/org/rocksdb/rocksdbjni/6.0.1/rocksdbjni-6.0.1.jar:/home/user/.m2/repository/org/apache/logging/log4j/log4j-api/2.11.0/log4j-api-2.11.0.jar:/home/user/.m2/repository/org/apache/logging/log4j/log4j-core/2.11.0/log4j-core-2.11.0.jar:/home/user/.m2/repository/com/lmax/disruptor/3.4.2/disruptor-3.4.2.jar:/home/user/.m2/repository/org/apache/commons/commons-pool2/2.6.0/commons-pool2-2.6.0.jar:/home/user/.m2/repository/org/bouncycastle/bcpkix-jdk15on/1.60/bcpkix-jdk15on-1.60.jar:/home/user/.m2/repository/commons-validator/commons-validator/1.6/commons-validator-1.6.jar:/home/user/.m2/repository/commons-digester/commons-digester/1.8.1/commons-digester-1.8.1.jar:/home/user/.m2/repository/io/jaegertracing/jaeger-client/0.33.1/jaeger-client-0.33.1.jar:/home/user/.m2/repository/io/jaegertracing/jaeger-thrift/0.33.1/jaeger-thrift-0.33.1.jar:/home/user/.m2/repository/org/apache/thrift/libthrift/0.11.0/libthrift-0.11.0.jar:/home/user/.m2/repository/com/squareup/okhttp3/okhttp/3.9.0/okhttp-3.9.0.jar:/home/user/.m2/repository/com/squareup/okio/okio/1.13.0/okio-1.13.0.jar:/home/user/.m2/repository/io/jaegertracing/jaeger-core/0.33.1/jaeger-core-0.33.1.jar:/home/user/.m2/repository/io/jaegertracing/jaeger-tracerresolver/0.33.1/jaeger-tracerresolver-0.33.1.jar:/home/user/.m2/repository/io/opentracing/contrib/opentracing-tracerresolver/0.1.5/opentracing-tracerresolver-0.1.5.jar:/home/user/.m2/repository/io/opentracing/opentracing-util/0.31.0/opentracing-util-0.31.0.jar:/home/user/.m2/repository/io/opentracing/opentracing-api/0.31.0/opentracing-api-0.31.0.jar:/home/user/.m2/repository/io/opentracing/opentracing-noop/0.31.0/opentracing-noop-0.31.0.jar:/home/user/.m2/repository/org/apache/hadoop/hadoop-hdds-server-framework/0.5.0-SNAPSHOT/hadoop-hdds-server-framework-0.5.0-SNAPSHOT.jar:/home/user/.m2/repository/org/apache/hadoop/hadoop-hdds-container-service/0.5.0-SNAPSHOT/hadoop-hdds-container-service-0.5.0-SNAPSHOT.jar:/home/user/.m2/repository/org/apache/hadoop/hadoop-hdds-client/0.5.0-SNAPSHOT/hadoop-hdds-client-0.5.0-SNAPSHOT.jar:/home/user/.m2/repository/org/apache/hadoop/hadoop-hdds-tools/0.5.0-SNAPSHOT/hadoop-hdds-tools-0.5.0-SNAPSHOT.jar:/home/user/.m2/repository/org/apache/hadoop/hadoop-hdds-server-scm/0.5.0-SNAPSHOT/hadoop-hdds-server-scm-0.5.0-SNAPSHOT.jar:/home/user/.m2/repository/org/apache/hadoop/hadoop-hdds-docs/0.5.0-SNAPSHOT/hadoop-hdds-docs-0.5.0-SNAPSHOT.jar:/home/user/.m2/repository/io/dropwizard/metrics/metrics-core/3.2.4/metrics-core-3.2.4.jar:/home/user/.m2/repository/org/hamcrest/hamcrest-all/1.3/hamcrest-all-1.3.jar:/home/user/.m2/repository/org/bouncycastle/bcprov-jdk15on/1.60/bcprov-jdk15on-1.60.jar:/home/user/.m2/repository/info/picocli/picocli/3.9.6/picocli-3.9.6.jar:/home/user/.m2/repository/com/google/protobuf/protobuf-java/2.5.0/protobuf-java-2.5.0.jar:/home/user/.m2/repository/com/google/guava/guava/11.0.2/guava-11.0.2.jar:/home/user/.m2/repository/org/apache/hadoop/hadoop-ozone-ozone-manager/0.5.0-SNAPSHOT/hadoop-ozone-ozone-manager-0.5.0-SNAPSHOT.jar:/home/user/.m2/repository/org/apache/hadoop/hadoop-minikdc/3.2.0/hadoop-minikdc-3.2.0.jar:/home/user/.m2/repository/commons-io/commons-io/2.5/commons-io-2.5.jar:/home/user/.m2/repository/org/apache/kerby/kerb-simplekdc/1.0.1/kerb-simplekdc-1.0.1.jar:/home/user/.m2/repository/org/apache/kerby/kerb-client/1.0.1/kerb-client-1.0.1.jar:/home/user/.m2/repository/org/apache/kerby/kerby-config/1.0.1/kerby-config-1.0.1.jar:/home/user/.m2/repository/org/apache/kerby/kerb-core/1.0.1/kerb-core-1.0.1.jar:/home/user/.m2/repository/org/apache/kerby/kerby-pkix/1.0.1/kerby-pkix-1.0.1.jar:/home/user/.m2/repository/org/apache/kerby/kerby-asn1/1.0.1/kerby-asn1-1.0.1.jar:/home/user/.m2/repository/org/apache/kerby/kerby-util/1.0.1/kerby-util-1.0.1.jar:/home/user/.m2/repository/org/apache/kerby/kerb-common/1.0.1/kerb-common-1.0.1.jar:/home/user/.m2/repository/org/apache/kerby/kerb-crypto/1.0.1/kerb-crypto-1.0.1.jar:/home/user/.m2/repository/org/apache/kerby/kerb-util/1.0.1/kerb-util-1.0.1.jar:/home/user/.m2/repository/org/apache/kerby/token-provider/1.0.1/token-provider-1.0.1.jar:/home/user/.m2/repository/org/apache/kerby/kerb-admin/1.0.1/kerb-admin-1.0.1.jar:/home/user/.m2/repository/org/apache/kerby/kerb-server/1.0.1/kerb-server-1.0.1.jar:/home/user/.m2/repository/org/apache/kerby/kerb-identity/1.0.1/kerb-identity-1.0.1.jar:/home/user/.m2/repository/org/apache/kerby/kerby-xdr/1.0.1/kerby-xdr-1.0.1.jar:/home/user/.m2/repository/org/slf4j/slf4j-log4j12/1.7.25/slf4j-log4j12-1.7.25.jar:/home/user/.m2/repository/org/apache/hadoop/hadoop-ozone-s3gateway/0.5.0-SNAPSHOT/hadoop-ozone-s3gateway-0.5.0-SNAPSHOT.jar:/home/user/.m2/repository/org/jboss/weld/servlet/weld-servlet/2.4.7.Final/weld-servlet-2.4.7.Final.jar:/home/user/.m2/repository/org/glassfish/jersey/containers/jersey-container-servlet-core/2.27/jersey-container-servlet-core-2.27.jar:/home/user/.m2/repository/org/glassfish/hk2/external/javax.inject/2.5.0-b42/javax.inject-2.5.0-b42.jar:/home/user/.m2/repository/org/glassfish/jersey/core/jersey-common/2.27/jersey-common-2.27.jar:/home/user/.m2/repository/org/glassfish/hk2/osgi-resource-locator/1.0.1/osgi-resource-locator-1.0.1.jar:/home/user/.m2/repository/javax/ws/rs/javax.ws.rs-api/2.1/javax.ws.rs-api-2.1.jar:/home/user/.m2/repository/org/glassfish/jersey/ext/cdi/jersey-cdi1x/2.27/jersey-cdi1x-2.27.jar:/home/user/.m2/repository/org/glassfish/jersey/inject/jersey-hk2/2.27/jersey-hk2-2.27.jar:/home/user/.m2/repository/org/glassfish/hk2/hk2-locator/2.5.0-b42/hk2-locator-2.5.0-b42.jar:/home/user/.m2/repository/org/javassist/javassist/3.22.0-CR2/javassist-3.22.0-CR2.jar:/home/user/.m2/repository/org/glassfish/hk2/hk2-api/2.5.0/hk2-api-2.5.0.jar:/home/user/.m2/repository/org/glassfish/hk2/external/jakarta.inject/2.5.0/jakarta.inject-2.5.0.jar:/home/user/.m2/repository/org/glassfish/hk2/hk2-utils/2.5.0/hk2-utils-2.5.0.jar:/home/user/.m2/repository/jakarta/annotation/jakarta.annotation-api/1.3.4/jakarta.annotation-api-1.3.4.jar:/home/user/.m2/repository/org/glassfish/hk2/external/aopalliance-repackaged/2.5.0/aopalliance-repackaged-2.5.0.jar:/home/user/.m2/repository/com/fasterxml/jackson/dataformat/jackson-dataformat-xml/2.9.0/jackson-dataformat-xml-2.9.0.jar:/home/user/.m2/repository/com/fasterxml/jackson/core/jackson-core/2.9.5/jackson-core-2.9.5.jar:/home/user/.m2/repository/com/fasterxml/jackson/module/jackson-module-jaxb-annotations/2.9.5/jackson-module-jaxb-annotations-2.9.5.jar:/home/user/.m2/repository/javax/enterprise/cdi-api/1.2/cdi-api-1.2.jar:/home/user/.m2/repository/javax/el/javax.el-api/3.0.0/javax.el-api-3.0.0.jar:/home/user/.m2/repository/javax/interceptor/javax.interceptor-api/1.2/javax.interceptor-api-1.2.jar:/home/user/.m2/repository/javax/inject/javax.inject/1/javax.inject-1.jar:/home/user/.m2/repository/com/sun/xml/bind/jaxb-impl/2.3.0.1/jaxb-impl-2.3.0.1.jar:/home/user/.m2/repository/com/sun/xml/bind/jaxb-core/2.3.0.1/jaxb-core-2.3.0.1.jar:/home/user/.m2/repository/javax/xml/bind/jaxb-api/2.3.0/jaxb-api-2.3.0.jar:/home/user/.m2/repository/javax/activation/activation/1.1.1/activation-1.1.1.jar:/home/user/.m2/repository/org/apache/hadoop/hadoop-ozone-csi/0.5.0-SNAPSHOT/hadoop-ozone-csi-0.5.0-SNAPSHOT.jar:/home/user/.m2/repository/com/google/protobuf/protobuf-java-util/3.5.1/protobuf-java-util-3.5.1.jar:/home/user/.m2/repository/org/apache/hadoop/hadoop-hdds-config/0.5.0-SNAPSHOT/hadoop-hdds-config-0.5.0-SNAPSHOT.jar:/home/user/.m2/repository/io/grpc/grpc-netty/1.17.1/grpc-netty-1.17.1.jar:/home/user/.m2/repository/io/grpc/grpc-core/1.17.1/grpc-core-1.17.1.jar:/home/user/.m2/repository/io/grpc/grpc-context/1.17.1/grpc-context-1.17.1.jar:/home/user/.m2/repository/com/google/errorprone/error_prone_annotations/2.2.0/error_prone_annotations-2.2.0.jar:/home/user/.m2/repository/org/codehaus/mojo/animal-sniffer-annotations/1.17/animal-sniffer-annotations-1.17.jar:/home/user/.m2/repository/io/opencensus/opencensus-api/0.17.0/opencensus-api-0.17.0.jar:/home/user/.m2/repository/io/opencensus/opencensus-contrib-grpc-metrics/0.17.0/opencensus-contrib-grpc-metrics-0.17.0.jar:/home/user/.m2/repository/io/netty/netty-codec-http2/4.1.30.Final/netty-codec-http2-4.1.30.Final.jar:/home/user/.m2/repository/io/netty/netty-codec-http/4.1.30.Final/netty-codec-http-4.1.30.Final.jar:/home/user/.m2/repository/io/netty/netty-codec/4.1.30.Final/netty-codec-4.1.30.Final.jar:/home/user/.m2/repository/io/netty/netty-handler/4.1.30.Final/netty-handler-4.1.30.Final.jar:/home/user/.m2/repository/io/netty/netty-handler-proxy/4.1.30.Final/netty-handler-proxy-4.1.30.Final.jar:/home/user/.m2/repository/io/netty/netty-codec-socks/4.1.30.Final/netty-codec-socks-4.1.30.Final.jar:/home/user/.m2/repository/io/netty/netty-transport-native-epoll/4.1.30.Final/netty-transport-native-epoll-4.1.30.Final.jar:/home/user/.m2/repository/io/netty/netty-common/4.1.30.Final/netty-common-4.1.30.Final.jar:/home/user/.m2/repository/io/netty/netty-buffer/4.1.30.Final/netty-buffer-4.1.30.Final.jar:/home/user/.m2/repository/io/netty/netty-transport/4.1.30.Final/netty-transport-4.1.30.Final.jar:/home/user/.m2/repository/io/netty/netty-resolver/4.1.30.Final/netty-resolver-4.1.30.Final.jar:/home/user/.m2/repository/io/netty/netty-transport-native-unix-common/4.1.30.Final/netty-transport-native-unix-common-4.1.30.Final.jar:/home/user/.m2/repository/io/grpc/grpc-protobuf/1.17.1/grpc-protobuf-1.17.1.jar:/home/user/.m2/repository/com/google/api/grpc/proto-google-common-protos/1.0.0/proto-google-common-protos-1.0.0.jar:/home/user/.m2/repository/io/grpc/grpc-protobuf-lite/1.17.1/grpc-protobuf-lite-1.17.1.jar:/home/user/.m2/repository/io/grpc/grpc-stub/1.17.1/grpc-stub-1.17.1.jar:/home/user/.m2/repository/org/apache/hadoop/hadoop-ozone-recon/0.5.0-SNAPSHOT/hadoop-ozone-recon-0.5.0-SNAPSHOT.jar:/home/user/.m2/repository/org/apache/hadoop/hadoop-ozone-reconcodegen/0.5.0-SNAPSHOT/hadoop-ozone-reconcodegen-0.5.0-SNAPSHOT.jar:/home/user/.m2/repository/com/google/inject/extensions/guice-multibindings/4.0/guice-multibindings-4.0.jar:/home/user/.m2/repository/com/google/inject/guice/4.0/guice-4.0.jar:/home/user/.m2/repository/aopalliance/aopalliance/1.0/aopalliance-1.0.jar:/home/user/.m2/repository/com/google/inject/extensions/guice-servlet/4.0/guice-servlet-4.0.jar:/home/user/.m2/repository/org/glassfish/jersey/containers/jersey-container-servlet/2.27/jersey-container-servlet-2.27.jar:/home/user/.m2/repository/org/glassfish/hk2/guice-bridge/2.5.0/guice-bridge-2.5.0.jar:/home/user/.m2/repository/org/glassfish/jersey/core/jersey-server/2.27/jersey-server-2.27.jar:/home/user/.m2/repository/org/glassfish/jersey/core/jersey-client/2.27/jersey-client-2.27.jar:/home/user/.m2/repository/org/glassfish/jersey/media/jersey-media-jaxb/2.27/jersey-media-jaxb-2.27.jar:/home/user/.m2/repository/javax/validation/validation-api/1.1.0.Final/validation-api-1.1.0.Final.jar:/home/user/.m2/repository/org/glassfish/jersey/media/jersey-media-json-jackson/2.27/jersey-media-json-jackson-2.27.jar:/home/user/.m2/repository/org/glassfish/jersey/ext/jersey-entity-filtering/2.27/jersey-entity-filtering-2.27.jar:/home/user/.m2/repository/com/google/inject/extensions/guice-assistedinject/4.0/guice-assistedinject-4.0.jar:/home/user/.m2/repository/org/jooq/jooq/3.11.10/jooq-3.11.10.jar:/home/user/.m2/repository/org/jooq/jooq-meta/3.11.10/jooq-meta-3.11.10.jar:/home/user/.m2/repository/org/jooq/jooq-codegen/3.11.10/jooq-codegen-3.11.10.jar:/home/user/.m2/repository/com/jolbox/bonecp/0.8.0.RELEASE/bonecp-0.8.0.RELEASE.jar:/home/user/.m2/repository/org/xerial/sqlite-jdbc/3.25.2/sqlite-jdbc-3.25.2.jar:/home/user/.m2/repository/org/springframework/spring-jdbc/5.1.3.RELEASE/spring-jdbc-5.1.3.RELEASE.jar:/home/user/.m2/repository/org/springframework/spring-beans/5.1.3.RELEASE/spring-beans-5.1.3.RELEASE.jar:/home/user/.m2/repository/org/springframework/spring-core/5.1.3.RELEASE/spring-core-5.1.3.RELEASE.jar:/home/user/.m2/repository/org/springframework/spring-jcl/5.1.3.RELEASE/spring-jcl-5.1.3.RELEASE.jar:/home/user/.m2/repository/org/springframework/spring-tx/5.1.3.RELEASE/spring-tx-5.1.3.RELEASE.jar:/home/user/.m2/repository/org/apache/hadoop/hadoop-ozone-client/0.5.0-SNAPSHOT/hadoop-ozone-client-0.5.0-SNAPSHOT.jar:/home/user/.m2/repository/commons-lang/commons-lang/2.6/commons-lang-2.6.jar:/home/user/.m2/repository/org/apache/hadoop/hadoop-ozone-ozone-manager/0.5.0-SNAPSHOT/hadoop-ozone-ozone-manager-0.5.0-SNAPSHOT-tests.jar:/home/user/.m2/repository/junit/junit/4.11/junit-4.11.jar:/home/user/.m2/repository/org/hamcrest/hamcrest-core/1.3/hamcrest-core-1.3.jar:/home/user/.m2/repository/org/openjdk/jmh/jmh-core/1.19/jmh-core-1.19.jar:/home/user/.m2/repository/net/sf/jopt-simple/jopt-simple/4.6/jopt-simple-4.6.jar:/home/user/.m2/repository/org/apache/commons/commons-math3/3.1.1/commons-math3-3.1.1.jar:/home/user/.m2/repository/org/openjdk/jmh/jmh-generator-annprocess/1.19/jmh-generator-annprocess-1.19.jar:/home/user/.m2/repository/org/mockito/mockito-all/1.8.5/mockito-all-1.8.5.jar:/home/user/.m2/repository/org/apache/hadoop/hadoop-kms/3.2.0/hadoop-kms-3.2.0.jar:/home/user/.m2/repository/org/apache/hadoop/hadoop-auth/3.2.0/hadoop-auth-3.2.0.jar:/home/user/.m2/repository/com/nimbusds/nimbus-jose-jwt/4.41.1/nimbus-jose-jwt-4.41.1.jar:/home/user/.m2/repository/com/github/stephenc/jcip/jcip-annotations/1.0-1/jcip-annotations-1.0-1.jar:/home/user/.m2/repository/net/minidev/json-smart/2.3/json-smart-2.3.jar:/home/user/.m2/repository/net/minidev/accessors-smart/1.2/accessors-smart-1.2.jar:/home/user/.m2/repository/org/ow2/asm/asm/5.0.4/asm-5.0.4.jar:/home/user/.m2/repository/org/apache/curator/curator-framework/2.12.0/curator-framework-2.12.0.jar:/home/user/.m2/repository/com/sun/jersey/jersey-core/1.19/jersey-core-1.19.jar:/home/user/.m2/repository/javax/ws/rs/jsr311-api/1.1.1/jsr311-api-1.1.1.jar:/home/user/.m2/repository/com/sun/jersey/jersey-server/1.19/jersey-server-1.19.jar:/home/user/.m2/repository/javax/servlet/javax.servlet-api/3.1.0/javax.servlet-api-3.1.0.jar:/home/user/.m2/repository/org/eclipse/jetty/jetty-server/9.3.24.v20180605/jetty-server-9.3.24.v20180605.jar:/home/user/.m2/repository/org/eclipse/jetty/jetty-http/9.3.24.v20180605/jetty-http-9.3.24.v20180605.jar:/home/user/.m2/repository/org/eclipse/jetty/jetty-io/9.3.24.v20180605/jetty-io-9.3.24.v20180605.jar:/home/user/.m2/repository/org/eclipse/jetty/jetty-webapp/9.3.24.v20180605/jetty-webapp-9.3.24.v20180605.jar:/home/user/.m2/repository/org/eclipse/jetty/jetty-xml/9.3.24.v20180605/jetty-xml-9.3.24.v20180605.jar:/home/user/.m2/repository/log4j/log4j/1.2.17/log4j-1.2.17.jar:/home/user/.m2/repository/org/slf4j/slf4j-api/1.7.25/slf4j-api-1.7.25.jar:/home/user/.m2/repository/org/slf4j/jul-to-slf4j/1.7.25/jul-to-slf4j-1.7.25.jar:/home/user/.m2/repository/org/eclipse/jetty/jetty-util/9.3.24.v20180605/jetty-util-9.3.24.v20180605.jar:/home/user/.m2/repository/com/fasterxml/jackson/core/jackson-databind/2.9.5/jackson-databind-2.9.5.jar:/home/user/.m2/repository/org/apache/hadoop/hadoop-kms/3.2.0/hadoop-kms-3.2.0-tests.jar:/home/user/.m2/repository/org/apache/hadoop/hadoop-hdds-server-scm/0.5.0-SNAPSHOT/hadoop-hdds-server-scm-0.5.0-SNAPSHOT-tests.jar:/home/user/.m2/repository/org/apache/hadoop/hadoop-hdds-container-service/0.5.0-SNAPSHOT/hadoop-hdds-container-service-0.5.0-SNAPSHOT-tests.jar:/home/user/.m2/repository/org/yaml/snakeyaml/1.16/snakeyaml-1.16.jar:/home/user/.m2/repository/org/apache/hadoop/hadoop-common/3.2.0/hadoop-common-3.2.0-tests.jar:/home/user/.m2/repository/org/apache/hadoop/hadoop-annotations/3.2.0/hadoop-annotations-3.2.0.jar:/usr/lib/jvm/java-1.8-openjdk/jre/../lib/tools.jar:/home/user/.m2/repository/commons-cli/commons-cli/1.2/commons-cli-1.2.jar:/home/user/.m2/repository/org/apache/httpcomponents/httpclient/4.5.2/httpclient-4.5.2.jar:/home/user/.m2/repository/org/apache/httpcomponents/httpcore/4.4.4/httpcore-4.4.4.jar:/home/user/.m2/repository/commons-codec/commons-codec/1.11/commons-codec-1.11.jar:/home/user/.m2/repository/commons-net/commons-net/3.6/commons-net-3.6.jar:/home/user/.m2/repository/commons-collections/commons-collections/3.2.2/commons-collections-3.2.2.jar:/home/user/.m2/repository/org/eclipse/jetty/jetty-servlet/9.3.24.v20180605/jetty-servlet-9.3.24.v20180605.jar:/home/user/.m2/repository/org/eclipse/jetty/jetty-security/9.3.24.v20180605/jetty-security-9.3.24.v20180605.jar:/home/user/.m2/repository/javax/servlet/jsp/jsp-api/2.1/jsp-api-2.1.jar:/home/user/.m2/repository/com/sun/jersey/jersey-servlet/1.19/jersey-servlet-1.19.jar:/home/user/.m2/repository/com/sun/jersey/jersey-json/1.19/jersey-json-1.19.jar:/home/user/.m2/repository/org/codehaus/jettison/jettison/1.1/jettison-1.1.jar:/home/user/.m2/repository/org/codehaus/jackson/jackson-core-asl/1.9.13/jackson-core-asl-1.9.13.jar:/home/user/.m2/repository/org/codehaus/jackson/jackson-mapper-asl/1.9.13/jackson-mapper-asl-1.9.13.jar:/home/user/.m2/repository/org/codehaus/jackson/jackson-jaxrs/1.9.13/jackson-jaxrs-1.9.13.jar:/home/user/.m2/repository/org/codehaus/jackson/jackson-xc/1.9.13/jackson-xc-1.9.13.jar:/home/user/.m2/repository/commons-logging/commons-logging/1.1.3/commons-logging-1.1.3.jar:/home/user/.m2/repository/commons-beanutils/commons-beanutils/1.9.3/commons-beanutils-1.9.3.jar:/home/user/.m2/repository/org/apache/commons/commons-configuration2/2.1.1/commons-configuration2-2.1.1.jar:/home/user/.m2/repository/org/apache/commons/commons-lang3/3.7/commons-lang3-3.7.jar:/home/user/.m2/repository/org/apache/commons/commons-text/1.4/commons-text-1.4.jar:/home/user/.m2/repository/org/apache/avro/avro/1.7.7/avro-1.7.7.jar:/home/user/.m2/repository/com/thoughtworks/paranamer/paranamer/2.3/paranamer-2.3.jar:/home/user/.m2/repository/org/xerial/snappy/snappy-java/1.0.5/snappy-java-1.0.5.jar:/home/user/.m2/repository/com/google/re2j/re2j/1.1/re2j-1.1.jar:/home/user/.m2/repository/com/google/code/gson/gson/2.2.4/gson-2.2.4.jar:/home/user/.m2/repository/com/jcraft/jsch/0.1.54/jsch-0.1.54.jar:/home/user/.m2/repository/org/apache/curator/curator-client/2.12.0/curator-client-2.12.0.jar:/home/user/.m2/repository/org/apache/curator/curator-recipes/2.12.0/curator-recipes-2.12.0.jar:/home/user/.m2/repository/com/google/code/findbugs/jsr305/3.0.0/jsr305-3.0.0.jar:/home/user/.m2/repository/org/apache/htrace/htrace-core4/4.1.0-incubating/htrace-core4-4.1.0-incubating.jar:/home/user/.m2/repository/org/apache/zookeeper/zookeeper/3.4.13/zookeeper-3.4.13.jar:/home/user/.m2/repository/org/apache/yetus/audience-annotations/0.5.0/audience-annotations-0.5.0.jar:/home/user/.m2/repository/org/codehaus/woodstox/stax2-api/3.1.4/stax2-api-3.1.4.jar:/home/user/.m2/repository/com/fasterxml/woodstox/woodstox-core/5.0.3/woodstox-core-5.0.3.jar:/home/user/.m2/repository/dnsjava/dnsjava/2.1.7/dnsjava-2.1.7.jar:/home/user/.m2/repository/org/apache/hadoop/hadoop-hdfs/3.2.0/hadoop-hdfs-3.2.0-tests.jar:/home/user/.m2/repository/org/eclipse/jetty/jetty-util-ajax/9.3.24.v20180605/jetty-util-ajax-9.3.24.v20180605.jar:/home/user/.m2/repository/commons-daemon/commons-daemon/1.0.13/commons-daemon-1.0.13.jar:/home/user/.m2/repository/io/netty/netty/3.10.5.Final/netty-3.10.5.Final.jar:/home/user/.m2/repository/io/netty/netty-all/4.0.52.Final/netty-all-4.0.52.Final.jar:/home/user/.m2/repository/org/fusesource/leveldbjni/leveldbjni-all/1.8/leveldbjni-all-1.8.jar:"/>
    <property name="sun.cpu.endian" value="little"/>
    <property name="user.home" value="/home/user"/>
    <property name="user.language" value="en"/>
    <property name="java.specification.vendor" value="Oracle Corporation"/>
    <property name="java.home" value="/usr/lib/jvm/java-1.8-openjdk/jre"/>
    <property name="java.security.krb5.conf" value="/workdir/hadoop-ozone/integration-test/target/test-classes/krb5.conf"/>
    <property name="basedir" value="/workdir/hadoop-ozone/integration-test"/>
    <property name="file.separator" value="/"/>
    <property name="line.separator" value="&#10;"/>
    <property name="java.vm.specification.vendor" value="Oracle Corporation"/>
    <property name="java.specification.name" value="Java Platform API Specification"/>
    <property name="java.awt.graphicsenv" value="sun.awt.X11GraphicsEnvironment"/>
    <property name="surefire.real.class.path" value="/workdir/hadoop-ozone/integration-test/target/surefire/surefirebooter3224929166965054358.jar"/>
    <property name="hadoop.log.dir" value="/workdir/hadoop-ozone/integration-test/target/log"/>
    <property name="sun.boot.class.path" value="/usr/lib/jvm/java-1.8-openjdk/jre/lib/resources.jar:/usr/lib/jvm/java-1.8-openjdk/jre/lib/rt.jar:/usr/lib/jvm/java-1.8-openjdk/jre/lib/sunrsasign.jar:/usr/lib/jvm/java-1.8-openjdk/jre/lib/jsse.jar:/usr/lib/jvm/java-1.8-openjdk/jre/lib/jce.jar:/usr/lib/jvm/java-1.8-openjdk/jre/lib/charsets.jar:/usr/lib/jvm/java-1.8-openjdk/jre/lib/jfr.jar:/usr/lib/jvm/java-1.8-openjdk/jre/classes"/>
    <property name="sun.management.compiler" value="HotSpot 64-Bit Tiered Compilers"/>
    <property name="java.runtime.version" value="1.8.0_212-b04"/>
    <property name="java.net.preferIPv4Stack" value="true"/>
    <property name="user.name" value="jenkins1000"/>
    <property name="path.separator" value=":"/>
    <property name="java.security.egd" value="file:///dev/urandom"/>
    <property name="os.version" value="3.10.0-957.12.2.el7.x86_64"/>
    <property name="java.endorsed.dirs" value="/usr/lib/jvm/java-1.8-openjdk/jre/lib/endorsed"/>
    <property name="java.runtime.name" value="OpenJDK Runtime Environment"/>
    <property name="file.encoding" value="UTF-8"/>
    <property name="java.vm.name" value="OpenJDK 64-Bit Server VM"/>
    <property name="test.build.webapps" value=""/>
    <property name="localRepository" value="/home/user/.m2/repository"/>
    <property name="java.vendor.url.bug" value="https://icedtea.classpath.org/bugzilla"/>
    <property name="java.io.tmpdir" value="/tmp"/>
    <property name="require.test.libhadoop" value=""/>
    <property name="java.version" value="1.8.0_212"/>
    <property name="user.dir" value="/workdir/hadoop-ozone/integration-test"/>
    <property name="os.arch" value="amd64"/>
    <property name="java.vm.specification.name" value="Java Virtual Machine Specification"/>
    <property name="test.build.classes" value="/workdir/hadoop-ozone/integration-test/target/test-classes"/>
    <property name="java.awt.printerjob" value="sun.print.PSPrinterJob"/>
    <property name="sun.os.patch.level" value="unknown"/>
    <property name="hadoop.tmp.dir" value="/workdir/hadoop-ozone/integration-test/target/tmp"/>
    <property name="java.library.path" value="/usr/lib/jvm/java-1.8-openjdk/jre/lib/amd64/server:/usr/lib/jvm/java-1.8-openjdk/jre/lib/amd64:/usr/lib/jvm/java-1.8-openjdk/jre/../lib/amd64:/workdir/hadoop-ozone/integration-test/target/native/target/usr/local/lib:/workdir/hadoop-ozone/integration-test/../../hadoop-common-project/hadoop-common/target/native/target/usr/local/lib:/usr/java/packages/lib/amd64:/usr/lib64:/lib64:/lib:/usr/lib"/>
    <property name="java.vm.info" value="mixed mode"/>
    <property name="java.vendor" value="IcedTea"/>
    <property name="java.vm.version" value="25.212-b04"/>
    <property name="java.ext.dirs" value="/usr/lib/jvm/java-1.8-openjdk/jre/lib/ext:/usr/java/packages/lib/ext"/>
    <property name="sun.io.unicode.encoding" value="UnicodeLittle"/>
    <property name="java.class.version" value="52.0"/>
  </properties>
  <testcase name="testReleaseBuffers" classname="org.apache.hadoop.ozone.client.rpc.TestCommitWatcher" time="11.77"/>
  <testcase name="testReleaseBuffersOnException" classname="org.apache.hadoop.ozone.client.rpc.TestCommitWatcher" time="14.639">
    <failure type="java.lang.AssertionError">java.lang.AssertionError
	at org.junit.Assert.fail(Assert.java:86)
	at org.junit.Assert.assertTrue(Assert.java:41)
	at org.junit.Assert.assertTrue(Assert.java:52)
	at org.apache.hadoop.ozone.client.rpc.TestCommitWatcher.testReleaseBuffersOnException(TestCommitWatcher.java:284)
	at sun.reflect.NativeMethodAccessorImpl.invoke0(Native Method)
	at sun.reflect.NativeMethodAccessorImpl.invoke(NativeMethodAccessorImpl.java:62)
	at sun.reflect.DelegatingMethodAccessorImpl.invoke(DelegatingMethodAccessorImpl.java:43)
	at java.lang.reflect.Method.invoke(Method.java:498)
	at org.junit.runners.model.FrameworkMethod$1.runReflectiveCall(FrameworkMethod.java:47)
	at org.junit.internal.runners.model.ReflectiveCallable.run(ReflectiveCallable.java:12)
	at org.junit.runners.model.FrameworkMethod.invokeExplosively(FrameworkMethod.java:44)
	at org.junit.internal.runners.statements.InvokeMethod.evaluate(InvokeMethod.java:17)
	at org.junit.runners.ParentRunner.runLeaf(ParentRunner.java:271)
	at org.junit.runners.BlockJUnit4ClassRunner.runChild(BlockJUnit4ClassRunner.java:70)
	at org.junit.runners.BlockJUnit4ClassRunner.runChild(BlockJUnit4ClassRunner.java:50)
	at org.junit.runners.ParentRunner$3.run(ParentRunner.java:238)
	at org.junit.runners.ParentRunner$1.schedule(ParentRunner.java:63)
	at org.junit.runners.ParentRunner.runChildren(ParentRunner.java:236)
	at org.junit.runners.ParentRunner.access$000(ParentRunner.java:53)
	at org.junit.runners.ParentRunner$2.evaluate(ParentRunner.java:229)
	at org.junit.internal.runners.statements.RunBefores.evaluate(RunBefores.java:26)
	at org.junit.internal.runners.statements.RunAfters.evaluate(RunAfters.java:27)
	at org.junit.runners.ParentRunner.run(ParentRunner.java:309)
	at org.apache.maven.surefire.junit4.JUnit4Provider.execute(JUnit4Provider.java:365)
	at org.apache.maven.surefire.junit4.JUnit4Provider.executeWithRerun(JUnit4Provider.java:273)
	at org.apache.maven.surefire.junit4.JUnit4Provider.executeTestSet(JUnit4Provider.java:238)
	at org.apache.maven.surefire.junit4.JUnit4Provider.invoke(JUnit4Provider.java:159)
	at org.apache.maven.surefire.booter.ForkedBooter.invokeProviderInSameClassLoader(ForkedBooter.java:384)
	at org.apache.maven.surefire.booter.ForkedBooter.runSuitesInProcess(ForkedBooter.java:345)
	at org.apache.maven.surefire.booter.ForkedBooter.execute(ForkedBooter.java:126)
	at org.apache.maven.surefire.booter.ForkedBooter.main(ForkedBooter.java:418)
</failure>
    <system-out><![CDATA[2019-08-30 03:05:00,127 [grpc-default-executor-3] INFO  client.GrpcClientProtocolClient (GrpcClientProtocolClient.java:onNext(255)) - client-AA43971AE6CC->9e8a2ebf-87a2-472a-b2b2-999c156b61b2: receive RaftClientReply:client-AA43971AE6CC->9e8a2ebf-87a2-472a-b2b2-999c156b61b2@group-E0664865E85A, cid=17, FAILED org.apache.ratis.protocol.NotLeaderException: Server 9e8a2ebf-87a2-472a-b2b2-999c156b61b2 is not the leader (null). Request must be sent to leader., logIndex=0, commits[9e8a2ebf-87a2-472a-b2b2-999c156b61b2:c-1]
2019-08-30 03:05:00,206 | INFO  | SCMAudit | user=jenkins1000 | ip=192.168.34.27 | op=SEND_HEARTBEAT {datanodeUUID=7e206a49-ca83-4e81-9c37-09c43fb2c605, command=[]} | ret=SUCCESS |  
2019-08-30 03:05:00,206 | INFO  | SCMAudit | user=jenkins1000 | ip=192.168.34.27 | op=SEND_HEARTBEAT {datanodeUUID=8b8faa90-8211-48ca-9661-3f5adbe9fc2d, command=[]} | ret=SUCCESS |  
2019-08-30 03:05:00,214 | INFO  | SCMAudit | user=jenkins1000 | ip=192.168.34.27 | op=SEND_HEARTBEAT {datanodeUUID=9e8a2ebf-87a2-472a-b2b2-999c156b61b2, command=[]} | ret=SUCCESS |  
2019-08-30 03:05:00,376 | INFO  | SCMAudit | user=jenkins1000 | ip=192.168.34.27 | op=SEND_HEARTBEAT {datanodeUUID=20d9100a-2f47-42d1-b79d-8236370eca2f, command=[]} | ret=SUCCESS |  
2019-08-30 03:05:00,786 | INFO  | SCMAudit | user=jenkins1000 | ip=192.168.34.27 | op=SEND_HEARTBEAT {datanodeUUID=0617945a-39a0-4bd0-97f1-f307f2e85e9a, command=[]} | ret=SUCCESS |  
2019-08-30 03:05:00,851 | INFO  | SCMAudit | user=jenkins1000 | ip=192.168.34.27 | op=SEND_HEARTBEAT {datanodeUUID=125efc08-f6c5-4a74-a021-c61000e61c91, command=[]} | ret=SUCCESS |  
2019-08-30 03:05:00,851 | INFO  | SCMAudit | user=jenkins1000 | ip=192.168.34.27 | op=SEND_HEARTBEAT {datanodeUUID=5b81c340-d798-4245-a8e6-b5191e08968e, command=[]} | ret=SUCCESS |  
2019-08-30 03:05:01,161 [grpc-default-executor-2] INFO  client.GrpcClientProtocolClient (GrpcClientProtocolClient.java:onNext(255)) - client-AA43971AE6CC->8b8faa90-8211-48ca-9661-3f5adbe9fc2d: receive RaftClientReply:client-AA43971AE6CC->8b8faa90-8211-48ca-9661-3f5adbe9fc2d@group-E0664865E85A, cid=17, FAILED org.apache.ratis.protocol.NotLeaderException: Server 8b8faa90-8211-48ca-9661-3f5adbe9fc2d is not the leader (null). Request must be sent to leader., logIndex=0, commits[8b8faa90-8211-48ca-9661-3f5adbe9fc2d:c-1]
2019-08-30 03:05:01,205 | INFO  | SCMAudit | user=jenkins1000 | ip=192.168.34.27 | op=SEND_HEARTBEAT {datanodeUUID=7e206a49-ca83-4e81-9c37-09c43fb2c605, command=[]} | ret=SUCCESS |  
2019-08-30 03:05:01,206 | INFO  | SCMAudit | user=jenkins1000 | ip=192.168.34.27 | op=SEND_HEARTBEAT {datanodeUUID=8b8faa90-8211-48ca-9661-3f5adbe9fc2d, command=[]} | ret=SUCCESS |  
2019-08-30 03:05:01,215 | INFO  | SCMAudit | user=jenkins1000 | ip=192.168.34.27 | op=SEND_HEARTBEAT {datanodeUUID=9e8a2ebf-87a2-472a-b2b2-999c156b61b2, command=[]} | ret=SUCCESS |  
2019-08-30 03:05:01,376 | INFO  | SCMAudit | user=jenkins1000 | ip=192.168.34.27 | op=SEND_HEARTBEAT {datanodeUUID=20d9100a-2f47-42d1-b79d-8236370eca2f, command=[]} | ret=SUCCESS |  
2019-08-30 03:05:01,786 | INFO  | SCMAudit | user=jenkins1000 | ip=192.168.34.27 | op=SEND_HEARTBEAT {datanodeUUID=0617945a-39a0-4bd0-97f1-f307f2e85e9a, command=[]} | ret=SUCCESS |  
2019-08-30 03:05:01,851 | INFO  | SCMAudit | user=jenkins1000 | ip=192.168.34.27 | op=SEND_HEARTBEAT {datanodeUUID=5b81c340-d798-4245-a8e6-b5191e08968e, command=[]} | ret=SUCCESS |  
2019-08-30 03:05:01,851 | INFO  | SCMAudit | user=jenkins1000 | ip=192.168.34.27 | op=SEND_HEARTBEAT {datanodeUUID=125efc08-f6c5-4a74-a021-c61000e61c91, command=[]} | ret=SUCCESS |  
2019-08-30 03:05:02,182 [grpc-default-executor-2] INFO  client.GrpcClientProtocolClient (GrpcClientProtocolClient.java:onNext(255)) - client-AA43971AE6CC->7e206a49-ca83-4e81-9c37-09c43fb2c605: receive RaftClientReply:client-AA43971AE6CC->7e206a49-ca83-4e81-9c37-09c43fb2c605@group-E0664865E85A, cid=17, FAILED org.apache.ratis.protocol.NotLeaderException: Server 7e206a49-ca83-4e81-9c37-09c43fb2c605 is not the leader (null). Request must be sent to leader., logIndex=0, commits[7e206a49-ca83-4e81-9c37-09c43fb2c605:c-1]
2019-08-30 03:05:02,205 | INFO  | SCMAudit | user=jenkins1000 | ip=192.168.34.27 | op=SEND_HEARTBEAT {datanodeUUID=7e206a49-ca83-4e81-9c37-09c43fb2c605, command=[]} | ret=SUCCESS |  
2019-08-30 03:05:02,206 | INFO  | SCMAudit | user=jenkins1000 | ip=192.168.34.27 | op=SEND_HEARTBEAT {datanodeUUID=8b8faa90-8211-48ca-9661-3f5adbe9fc2d, command=[]} | ret=SUCCESS |  
2019-08-30 03:05:02,215 | INFO  | SCMAudit | user=jenkins1000 | ip=192.168.34.27 | op=SEND_HEARTBEAT {datanodeUUID=9e8a2ebf-87a2-472a-b2b2-999c156b61b2, command=[]} | ret=SUCCESS |  
2019-08-30 03:05:02,376 | INFO  | SCMAudit | user=jenkins1000 | ip=192.168.34.27 | op=SEND_HEARTBEAT {datanodeUUID=20d9100a-2f47-42d1-b79d-8236370eca2f, command=[]} | ret=SUCCESS |  
2019-08-30 03:05:02,786 | INFO  | SCMAudit | user=jenkins1000 | ip=192.168.34.27 | op=SEND_HEARTBEAT {datanodeUUID=0617945a-39a0-4bd0-97f1-f307f2e85e9a, command=[]} | ret=SUCCESS |  
2019-08-30 03:05:02,852 | INFO  | SCMAudit | user=jenkins1000 | ip=192.168.34.27 | op=SEND_HEARTBEAT {datanodeUUID=125efc08-f6c5-4a74-a021-c61000e61c91, command=[]} | ret=SUCCESS |  
2019-08-30 03:05:02,852 | INFO  | SCMAudit | user=jenkins1000 | ip=192.168.34.27 | op=SEND_HEARTBEAT {datanodeUUID=5b81c340-d798-4245-a8e6-b5191e08968e, command=[]} | ret=SUCCESS |  
2019-08-30 03:05:03,205 | INFO  | SCMAudit | user=jenkins1000 | ip=192.168.34.27 | op=SEND_HEARTBEAT {datanodeUUID=7e206a49-ca83-4e81-9c37-09c43fb2c605, command=[]} | ret=SUCCESS |  
2019-08-30 03:05:03,207 | INFO  | SCMAudit | user=jenkins1000 | ip=192.168.34.27 | op=SEND_HEARTBEAT {datanodeUUID=8b8faa90-8211-48ca-9661-3f5adbe9fc2d, command=[]} | ret=SUCCESS |  
2019-08-30 03:05:03,215 | INFO  | SCMAudit | user=jenkins1000 | ip=192.168.34.27 | op=SEND_HEARTBEAT {datanodeUUID=9e8a2ebf-87a2-472a-b2b2-999c156b61b2, command=[]} | ret=SUCCESS |  
2019-08-30 03:05:03,224 [grpc-default-executor-3] INFO  client.GrpcClientProtocolClient (GrpcClientProtocolClient.java:onNext(255)) - client-AA43971AE6CC->8b8faa90-8211-48ca-9661-3f5adbe9fc2d: receive RaftClientReply:client-AA43971AE6CC->8b8faa90-8211-48ca-9661-3f5adbe9fc2d@group-E0664865E85A, cid=17, FAILED org.apache.ratis.protocol.NotLeaderException: Server 8b8faa90-8211-48ca-9661-3f5adbe9fc2d is not the leader (null). Request must be sent to leader., logIndex=0, commits[8b8faa90-8211-48ca-9661-3f5adbe9fc2d:c-1]
2019-08-30 03:05:03,377 | INFO  | SCMAudit | user=jenkins1000 | ip=192.168.34.27 | op=SEND_HEARTBEAT {datanodeUUID=20d9100a-2f47-42d1-b79d-8236370eca2f, command=[]} | ret=SUCCESS |  
2019-08-30 03:05:03,786 | INFO  | SCMAudit | user=jenkins1000 | ip=192.168.34.27 | op=SEND_HEARTBEAT {datanodeUUID=0617945a-39a0-4bd0-97f1-f307f2e85e9a, command=[]} | ret=SUCCESS |  
2019-08-30 03:05:03,851 | INFO  | SCMAudit | user=jenkins1000 | ip=192.168.34.27 | op=SEND_HEARTBEAT {datanodeUUID=125efc08-f6c5-4a74-a021-c61000e61c91, command=[]} | ret=SUCCESS |  
2019-08-30 03:05:03,851 | INFO  | SCMAudit | user=jenkins1000 | ip=192.168.34.27 | op=SEND_HEARTBEAT {datanodeUUID=5b81c340-d798-4245-a8e6-b5191e08968e, command=[]} | ret=SUCCESS |  
2019-08-30 03:05:03,981 [Thread-373] INFO  impl.FollowerState (FollowerState.java:run(106)) - 7e206a49-ca83-4e81-9c37-09c43fb2c605:group-E0664865E85A changes to CANDIDATE, lastRpcTime:5022, electionTimeout:5018ms
2019-08-30 03:05:03,981 [Thread-373] INFO  impl.RoleInfo (RoleInfo.java:shutdownFollowerState(121)) - 7e206a49-ca83-4e81-9c37-09c43fb2c605: shutdown FollowerState
2019-08-30 03:05:03,981 [Thread-373] INFO  impl.RaftServerImpl (RaftServerImpl.java:setRole(171)) - 7e206a49-ca83-4e81-9c37-09c43fb2c605:group-E0664865E85A changes role from FOLLOWER to CANDIDATE at term 2 for changeToCandidate
2019-08-30 03:05:03,982 [Thread-373] INFO  impl.RoleInfo (RoleInfo.java:updateAndGet(143)) - 7e206a49-ca83-4e81-9c37-09c43fb2c605: start LeaderElection
2019-08-30 03:05:04,005 [7e206a49-ca83-4e81-9c37-09c43fb2c605:group-E0664865E85A:LeaderElection19] INFO  impl.LeaderElection (LeaderElection.java:askForVotes(181)) - 7e206a49-ca83-4e81-9c37-09c43fb2c605:group-E0664865E85A:LeaderElection19: begin an election at term 3 for -1: [8b8faa90-8211-48ca-9661-3f5adbe9fc2d:192.168.34.27:39459, 9e8a2ebf-87a2-472a-b2b2-999c156b61b2:192.168.34.27:36936, 7e206a49-ca83-4e81-9c37-09c43fb2c605:192.168.34.27:38054], old=null
2019-08-30 03:05:04,007 [Thread-369] INFO  impl.FollowerState (FollowerState.java:run(106)) - 8b8faa90-8211-48ca-9661-3f5adbe9fc2d:group-E0664865E85A changes to CANDIDATE, lastRpcTime:5065, electionTimeout:5063ms
2019-08-30 03:05:04,007 [Thread-369] INFO  impl.RoleInfo (RoleInfo.java:shutdownFollowerState(121)) - 8b8faa90-8211-48ca-9661-3f5adbe9fc2d: shutdown FollowerState
2019-08-30 03:05:04,008 [Thread-369] INFO  impl.RaftServerImpl (RaftServerImpl.java:setRole(171)) - 8b8faa90-8211-48ca-9661-3f5adbe9fc2d:group-E0664865E85A changes role from FOLLOWER to CANDIDATE at term 2 for changeToCandidate
2019-08-30 03:05:04,008 [Thread-369] INFO  impl.RoleInfo (RoleInfo.java:updateAndGet(143)) - 8b8faa90-8211-48ca-9661-3f5adbe9fc2d: start LeaderElection
2019-08-30 03:05:04,009 [grpc-default-executor-3] INFO  impl.RaftServerImpl (RaftServerImpl.java:setRole(171)) - 9e8a2ebf-87a2-472a-b2b2-999c156b61b2:group-E0664865E85A changes role from FOLLOWER to FOLLOWER at term 3 for recognizeCandidate:7e206a49-ca83-4e81-9c37-09c43fb2c605
2019-08-30 03:05:04,009 [grpc-default-executor-3] INFO  impl.RoleInfo (RoleInfo.java:shutdownFollowerState(121)) - 9e8a2ebf-87a2-472a-b2b2-999c156b61b2: shutdown FollowerState
2019-08-30 03:05:04,010 [Thread-372] INFO  impl.FollowerState (FollowerState.java:run(114)) - 9e8a2ebf-87a2-472a-b2b2-999c156b61b2: FollowerState was interrupted: java.lang.InterruptedException: sleep interrupted
2019-08-30 03:05:04,010 [grpc-default-executor-3] INFO  impl.RoleInfo (RoleInfo.java:updateAndGet(143)) - 9e8a2ebf-87a2-472a-b2b2-999c156b61b2: start FollowerState
2019-08-30 03:05:04,029 [8b8faa90-8211-48ca-9661-3f5adbe9fc2d:group-E0664865E85A:LeaderElection20] INFO  impl.LeaderElection (LeaderElection.java:askForVotes(181)) - 8b8faa90-8211-48ca-9661-3f5adbe9fc2d:group-E0664865E85A:LeaderElection20: begin an election at term 3 for -1: [8b8faa90-8211-48ca-9661-3f5adbe9fc2d:192.168.34.27:39459, 9e8a2ebf-87a2-472a-b2b2-999c156b61b2:192.168.34.27:36936, 7e206a49-ca83-4e81-9c37-09c43fb2c605:192.168.34.27:38054], old=null
2019-08-30 03:05:04,032 [7e206a49-ca83-4e81-9c37-09c43fb2c605:group-E0664865E85A:LeaderElection19] INFO  impl.LeaderElection (LeaderElection.java:logAndReturn(56)) - 7e206a49-ca83-4e81-9c37-09c43fb2c605:group-E0664865E85A:LeaderElection19: Election PASSED; received 2 response(s) [7e206a49-ca83-4e81-9c37-09c43fb2c605<-8b8faa90-8211-48ca-9661-3f5adbe9fc2d#0:FAIL-t3, 7e206a49-ca83-4e81-9c37-09c43fb2c605<-9e8a2ebf-87a2-472a-b2b2-999c156b61b2#0:OK-t3] and 0 exception(s); 7e206a49-ca83-4e81-9c37-09c43fb2c605:t3, leader=null, voted=7e206a49-ca83-4e81-9c37-09c43fb2c605, raftlog=7e206a49-ca83-4e81-9c37-09c43fb2c605-SegmentedRaftLog:OPENED:c-1,f-1,i0, conf=-1: [8b8faa90-8211-48ca-9661-3f5adbe9fc2d:192.168.34.27:39459, 9e8a2ebf-87a2-472a-b2b2-999c156b61b2:192.168.34.27:36936, 7e206a49-ca83-4e81-9c37-09c43fb2c605:192.168.34.27:38054], old=null
2019-08-30 03:05:04,032 [7e206a49-ca83-4e81-9c37-09c43fb2c605:group-E0664865E85A:LeaderElection19] INFO  impl.RoleInfo (RoleInfo.java:shutdownLeaderElection(134)) - 7e206a49-ca83-4e81-9c37-09c43fb2c605: shutdown LeaderElection
2019-08-30 03:05:04,035 [7e206a49-ca83-4e81-9c37-09c43fb2c605:group-E0664865E85A:LeaderElection19] INFO  impl.RaftServerImpl (RaftServerImpl.java:setRole(171)) - 7e206a49-ca83-4e81-9c37-09c43fb2c605:group-E0664865E85A changes role from CANDIDATE to LEADER at term 3 for changeToLeader
2019-08-30 03:05:04,035 [7e206a49-ca83-4e81-9c37-09c43fb2c605:group-E0664865E85A:LeaderElection19] INFO  impl.RaftServerImpl (ServerState.java:setLeader(263)) - 7e206a49-ca83-4e81-9c37-09c43fb2c605:group-E0664865E85A change Leader from null to 7e206a49-ca83-4e81-9c37-09c43fb2c605 at term 3 for becomeLeader, leader elected after 15416ms
2019-08-30 03:05:04,035 [7e206a49-ca83-4e81-9c37-09c43fb2c605:group-E0664865E85A:LeaderElection19] INFO  server.RaftServerConfigKeys (ConfUtils.java:logGet(43)) - raft.server.staging.catchup.gap = 1000 (default)
2019-08-30 03:05:04,035 [7e206a49-ca83-4e81-9c37-09c43fb2c605:group-E0664865E85A:LeaderElection19] INFO  server.RaftServerConfigKeys (ConfUtils.java:logGet(43)) - raft.server.rpc.sleep.time = 25ms (default)
2019-08-30 03:05:04,036 [7e206a49-ca83-4e81-9c37-09c43fb2c605:group-E0664865E85A:LeaderElection19] INFO  server.RaftServerConfigKeys (ConfUtils.java:logGet(43)) - raft.server.write.element-limit = 4096 (default)
2019-08-30 03:05:04,036 [7e206a49-ca83-4e81-9c37-09c43fb2c605:group-E0664865E85A:LeaderElection19] INFO  server.RaftServerConfigKeys (ConfUtils.java:logGet(43)) - raft.server.watch.timeout = 10s (default)
2019-08-30 03:05:04,036 [7e206a49-ca83-4e81-9c37-09c43fb2c605:group-E0664865E85A:LeaderElection19] INFO  server.RaftServerConfigKeys (ConfUtils.java:logGet(43)) - raft.server.watch.timeout.denomination = 1s (default)
2019-08-30 03:05:04,036 [7e206a49-ca83-4e81-9c37-09c43fb2c605:group-E0664865E85A:LeaderElection19] INFO  server.RaftServerConfigKeys (ConfUtils.java:logGet(43)) - raft.server.watch.element-limit = 65536 (default)
2019-08-30 03:05:04,037 [7e206a49-ca83-4e81-9c37-09c43fb2c605:group-E0664865E85A:LeaderElection19] INFO  server.RaftServerConfigKeys (ConfUtils.java:logGet(43)) - raft.server.log.appender.snapshot.chunk.size.max = 16MB (=16777216) (default)
2019-08-30 03:05:04,037 [7e206a49-ca83-4e81-9c37-09c43fb2c605:group-E0664865E85A:LeaderElection19] INFO  server.RaftServerConfigKeys (ConfUtils.java:logGet(43)) - raft.server.log.appender.buffer.byte-limit = 33554432 (custom)
2019-08-30 03:05:04,037 [7e206a49-ca83-4e81-9c37-09c43fb2c605:group-E0664865E85A:LeaderElection19] INFO  server.RaftServerConfigKeys (ConfUtils.java:logGet(43)) - raft.server.log.appender.buffer.element-limit = 1 (custom)
2019-08-30 03:05:04,037 [7e206a49-ca83-4e81-9c37-09c43fb2c605:group-E0664865E85A:LeaderElection19] INFO  grpc.GrpcConfigKeys$Server (ConfUtils.java:logGet(43)) - raft.grpc.server.leader.outstanding.appends.max = 128 (default)
2019-08-30 03:05:04,037 [7e206a49-ca83-4e81-9c37-09c43fb2c605:group-E0664865E85A:LeaderElection19] INFO  server.RaftServerConfigKeys (ConfUtils.java:logGet(43)) - raft.server.rpc.request.timeout = 3000ms (default)
2019-08-30 03:05:04,038 [7e206a49-ca83-4e81-9c37-09c43fb2c605:group-E0664865E85A:LeaderElection19] INFO  server.RaftServerConfigKeys (ConfUtils.java:logGet(43)) - raft.server.log.appender.install.snapshot.enabled = false (custom)
2019-08-30 03:05:04,038 [7e206a49-ca83-4e81-9c37-09c43fb2c605:group-E0664865E85A:LeaderElection19] INFO  server.RaftServerConfigKeys (ConfUtils.java:logGet(43)) - raft.server.log.appender.snapshot.chunk.size.max = 16MB (=16777216) (default)
2019-08-30 03:05:04,038 [7e206a49-ca83-4e81-9c37-09c43fb2c605:group-E0664865E85A:LeaderElection19] INFO  server.RaftServerConfigKeys (ConfUtils.java:logGet(43)) - raft.server.log.appender.buffer.byte-limit = 33554432 (custom)
2019-08-30 03:05:04,038 [7e206a49-ca83-4e81-9c37-09c43fb2c605:group-E0664865E85A:LeaderElection19] INFO  server.RaftServerConfigKeys (ConfUtils.java:logGet(43)) - raft.server.log.appender.buffer.element-limit = 1 (custom)
2019-08-30 03:05:04,039 [7e206a49-ca83-4e81-9c37-09c43fb2c605:group-E0664865E85A:LeaderElection19] INFO  grpc.GrpcConfigKeys$Server (ConfUtils.java:logGet(43)) - raft.grpc.server.leader.outstanding.appends.max = 128 (default)
2019-08-30 03:05:04,039 [7e206a49-ca83-4e81-9c37-09c43fb2c605:group-E0664865E85A:LeaderElection19] INFO  server.RaftServerConfigKeys (ConfUtils.java:logGet(43)) - raft.server.rpc.request.timeout = 3000ms (default)
2019-08-30 03:05:04,039 [7e206a49-ca83-4e81-9c37-09c43fb2c605:group-E0664865E85A:LeaderElection19] INFO  server.RaftServerConfigKeys (ConfUtils.java:logGet(43)) - raft.server.log.appender.install.snapshot.enabled = false (custom)
2019-08-30 03:05:04,039 [7e206a49-ca83-4e81-9c37-09c43fb2c605:group-E0664865E85A:LeaderElection19] INFO  impl.RoleInfo (RoleInfo.java:updateAndGet(143)) - 7e206a49-ca83-4e81-9c37-09c43fb2c605: start LeaderState
2019-08-30 03:05:04,040 [7e206a49-ca83-4e81-9c37-09c43fb2c605:group-E0664865E85A:LeaderElection19] INFO  segmented.SegmentedRaftLogWorker (SegmentedRaftLogWorker.java:startLogSegment(380)) - 7e206a49-ca83-4e81-9c37-09c43fb2c605-SegmentedRaftLogWorker:Storage Directory /workdir/hadoop-ozone/integration-test/target/test-dir/MiniOzoneClusterImpl-cdc405a1-dfe8-4b88-8d01-af7a941726c7/datanode-0/data/ratis/3c7b5234-ea67-4c56-8562-e0664865e85a: Starting segment from index:0
2019-08-30 03:05:04,040 [7e206a49-ca83-4e81-9c37-09c43fb2c605:group-E0664865E85A:LeaderElection19] INFO  impl.RaftServerImpl (ServerState.java:setRaftConf(361)) - 7e206a49-ca83-4e81-9c37-09c43fb2c605:group-E0664865E85A set configuration 0: [8b8faa90-8211-48ca-9661-3f5adbe9fc2d:192.168.34.27:39459, 9e8a2ebf-87a2-472a-b2b2-999c156b61b2:192.168.34.27:36936, 7e206a49-ca83-4e81-9c37-09c43fb2c605:192.168.34.27:38054], old=null at 0
2019-08-30 03:05:04,069 [grpc-default-executor-2] INFO  impl.RaftServerImpl (RaftServerImpl.java:requestVote(754)) - 7e206a49-ca83-4e81-9c37-09c43fb2c605-LEADER: Withhold vote from candidate 8b8faa90-8211-48ca-9661-3f5adbe9fc2d with term 3. State: leader=7e206a49-ca83-4e81-9c37-09c43fb2c605, term=3, lastRpcElapsed=null
2019-08-30 03:05:04,070 [grpc-default-executor-2] INFO  impl.RaftServerImpl (RaftServerImpl.java:setRole(171)) - 8b8faa90-8211-48ca-9661-3f5adbe9fc2d:group-E0664865E85A changes role from CANDIDATE to FOLLOWER at term 3 for appendEntries
2019-08-30 03:05:04,070 [grpc-default-executor-2] INFO  impl.RoleInfo (RoleInfo.java:shutdownLeaderElection(134)) - 8b8faa90-8211-48ca-9661-3f5adbe9fc2d: shutdown LeaderElection
2019-08-30 03:05:04,071 [grpc-default-executor-2] INFO  impl.RoleInfo (RoleInfo.java:updateAndGet(143)) - 8b8faa90-8211-48ca-9661-3f5adbe9fc2d: start FollowerState
2019-08-30 03:05:04,071 [8b8faa90-8211-48ca-9661-3f5adbe9fc2d:group-E0664865E85A:LeaderElection20] INFO  impl.LeaderElection (LeaderElection.java:logAndReturn(56)) - 8b8faa90-8211-48ca-9661-3f5adbe9fc2d:group-E0664865E85A:LeaderElection20: Election REJECTED; received 2 response(s) [8b8faa90-8211-48ca-9661-3f5adbe9fc2d<-9e8a2ebf-87a2-472a-b2b2-999c156b61b2#0:FAIL-t3, 8b8faa90-8211-48ca-9661-3f5adbe9fc2d<-7e206a49-ca83-4e81-9c37-09c43fb2c605#0:FAIL-t3] and 0 exception(s); 8b8faa90-8211-48ca-9661-3f5adbe9fc2d:t3, leader=null, voted=8b8faa90-8211-48ca-9661-3f5adbe9fc2d, raftlog=8b8faa90-8211-48ca-9661-3f5adbe9fc2d-SegmentedRaftLog:OPENED:c-1,f-1,i0, conf=-1: [8b8faa90-8211-48ca-9661-3f5adbe9fc2d:192.168.34.27:39459, 9e8a2ebf-87a2-472a-b2b2-999c156b61b2:192.168.34.27:36936, 7e206a49-ca83-4e81-9c37-09c43fb2c605:192.168.34.27:38054], old=null
2019-08-30 03:05:04,071 [grpc-default-executor-5] INFO  impl.RaftServerImpl (ServerState.java:setLeader(263)) - 9e8a2ebf-87a2-472a-b2b2-999c156b61b2:group-E0664865E85A change Leader from null to 7e206a49-ca83-4e81-9c37-09c43fb2c605 at term 3 for appendEntries, leader elected after 15452ms
2019-08-30 03:05:04,071 [grpc-default-executor-2] INFO  impl.RaftServerImpl (ServerState.java:setLeader(263)) - 8b8faa90-8211-48ca-9661-3f5adbe9fc2d:group-E0664865E85A change Leader from null to 7e206a49-ca83-4e81-9c37-09c43fb2c605 at term 3 for appendEntries, leader elected after 15452ms
2019-08-30 03:05:04,082 [7e206a49-ca83-4e81-9c37-09c43fb2c605-SegmentedRaftLogWorker:Storage Directory /workdir/hadoop-ozone/integration-test/target/test-dir/MiniOzoneClusterImpl-cdc405a1-dfe8-4b88-8d01-af7a941726c7/datanode-0/data/ratis/3c7b5234-ea67-4c56-8562-e0664865e85a] INFO  segmented.SegmentedRaftLogWorker (SegmentedRaftLogWorker.java:execute(569)) - 7e206a49-ca83-4e81-9c37-09c43fb2c605-SegmentedRaftLogWorker:Storage Directory /workdir/hadoop-ozone/integration-test/target/test-dir/MiniOzoneClusterImpl-cdc405a1-dfe8-4b88-8d01-af7a941726c7/datanode-0/data/ratis/3c7b5234-ea67-4c56-8562-e0664865e85a: created new log segment /workdir/hadoop-ozone/integration-test/target/test-dir/MiniOzoneClusterImpl-cdc405a1-dfe8-4b88-8d01-af7a941726c7/datanode-0/data/ratis/3c7b5234-ea67-4c56-8562-e0664865e85a/current/log_inprogress_0
2019-08-30 03:05:04,082 [grpc-default-executor-2] INFO  impl.RaftServerImpl (ServerState.java:setRaftConf(361)) - 8b8faa90-8211-48ca-9661-3f5adbe9fc2d:group-E0664865E85A set configuration 0: [8b8faa90-8211-48ca-9661-3f5adbe9fc2d:192.168.34.27:39459, 9e8a2ebf-87a2-472a-b2b2-999c156b61b2:192.168.34.27:36936, 7e206a49-ca83-4e81-9c37-09c43fb2c605:192.168.34.27:38054], old=null at 0
2019-08-30 03:05:04,082 [grpc-default-executor-2] INFO  segmented.SegmentedRaftLogWorker (SegmentedRaftLogWorker.java:startLogSegment(380)) - 8b8faa90-8211-48ca-9661-3f5adbe9fc2d-SegmentedRaftLogWorker:Storage Directory /workdir/hadoop-ozone/integration-test/target/test-dir/MiniOzoneClusterImpl-cdc405a1-dfe8-4b88-8d01-af7a941726c7/datanode-1/data/ratis/3c7b5234-ea67-4c56-8562-e0664865e85a: Starting segment from index:0
2019-08-30 03:05:04,082 [grpc-default-executor-5] INFO  impl.RaftServerImpl (ServerState.java:setRaftConf(361)) - 9e8a2ebf-87a2-472a-b2b2-999c156b61b2:group-E0664865E85A set configuration 0: [8b8faa90-8211-48ca-9661-3f5adbe9fc2d:192.168.34.27:39459, 9e8a2ebf-87a2-472a-b2b2-999c156b61b2:192.168.34.27:36936, 7e206a49-ca83-4e81-9c37-09c43fb2c605:192.168.34.27:38054], old=null at 0
2019-08-30 03:05:04,083 [grpc-default-executor-5] INFO  segmented.SegmentedRaftLogWorker (SegmentedRaftLogWorker.java:startLogSegment(380)) - 9e8a2ebf-87a2-472a-b2b2-999c156b61b2-SegmentedRaftLogWorker:Storage Directory /workdir/hadoop-ozone/integration-test/target/test-dir/MiniOzoneClusterImpl-cdc405a1-dfe8-4b88-8d01-af7a941726c7/datanode-2/data/ratis/3c7b5234-ea67-4c56-8562-e0664865e85a: Starting segment from index:0
2019-08-30 03:05:04,124 [8b8faa90-8211-48ca-9661-3f5adbe9fc2d-SegmentedRaftLogWorker:Storage Directory /workdir/hadoop-ozone/integration-test/target/test-dir/MiniOzoneClusterImpl-cdc405a1-dfe8-4b88-8d01-af7a941726c7/datanode-1/data/ratis/3c7b5234-ea67-4c56-8562-e0664865e85a] INFO  segmented.SegmentedRaftLogWorker (SegmentedRaftLogWorker.java:execute(569)) - 8b8faa90-8211-48ca-9661-3f5adbe9fc2d-SegmentedRaftLogWorker:Storage Directory /workdir/hadoop-ozone/integration-test/target/test-dir/MiniOzoneClusterImpl-cdc405a1-dfe8-4b88-8d01-af7a941726c7/datanode-1/data/ratis/3c7b5234-ea67-4c56-8562-e0664865e85a: created new log segment /workdir/hadoop-ozone/integration-test/target/test-dir/MiniOzoneClusterImpl-cdc405a1-dfe8-4b88-8d01-af7a941726c7/datanode-1/data/ratis/3c7b5234-ea67-4c56-8562-e0664865e85a/current/log_inprogress_0
2019-08-30 03:05:04,124 [9e8a2ebf-87a2-472a-b2b2-999c156b61b2-SegmentedRaftLogWorker:Storage Directory /workdir/hadoop-ozone/integration-test/target/test-dir/MiniOzoneClusterImpl-cdc405a1-dfe8-4b88-8d01-af7a941726c7/datanode-2/data/ratis/3c7b5234-ea67-4c56-8562-e0664865e85a] INFO  segmented.SegmentedRaftLogWorker (SegmentedRaftLogWorker.java:execute(569)) - 9e8a2ebf-87a2-472a-b2b2-999c156b61b2-SegmentedRaftLogWorker:Storage Directory /workdir/hadoop-ozone/integration-test/target/test-dir/MiniOzoneClusterImpl-cdc405a1-dfe8-4b88-8d01-af7a941726c7/datanode-2/data/ratis/3c7b5234-ea67-4c56-8562-e0664865e85a: created new log segment /workdir/hadoop-ozone/integration-test/target/test-dir/MiniOzoneClusterImpl-cdc405a1-dfe8-4b88-8d01-af7a941726c7/datanode-2/data/ratis/3c7b5234-ea67-4c56-8562-e0664865e85a/current/log_inprogress_0
2019-08-30 03:05:04,206 | INFO  | SCMAudit | user=jenkins1000 | ip=192.168.34.27 | op=SEND_HEARTBEAT {datanodeUUID=7e206a49-ca83-4e81-9c37-09c43fb2c605, command=[]} | ret=SUCCESS |  
2019-08-30 03:05:04,207 | INFO  | SCMAudit | user=jenkins1000 | ip=192.168.34.27 | op=SEND_HEARTBEAT {datanodeUUID=8b8faa90-8211-48ca-9661-3f5adbe9fc2d, command=[]} | ret=SUCCESS |  
2019-08-30 03:05:04,214 | INFO  | SCMAudit | user=jenkins1000 | ip=192.168.34.27 | op=SEND_HEARTBEAT {datanodeUUID=9e8a2ebf-87a2-472a-b2b2-999c156b61b2, command=[]} | ret=SUCCESS |  
2019-08-30 03:05:04,345 | INFO  | SCMAudit | user=jenkins1000 | ip=192.168.34.27 | op=SEND_HEARTBEAT {datanodeUUID=8b8faa90-8211-48ca-9661-3f5adbe9fc2d, command=[]} | ret=SUCCESS |  
2019-08-30 03:05:04,345 | INFO  | SCMAudit | user=jenkins1000 | ip=192.168.34.27 | op=SEND_HEARTBEAT {datanodeUUID=9e8a2ebf-87a2-472a-b2b2-999c156b61b2, command=[]} | ret=SUCCESS |  
2019-08-30 03:05:04,345 | INFO  | SCMAudit | user=jenkins1000 | ip=192.168.34.27 | op=SEND_HEARTBEAT {datanodeUUID=7e206a49-ca83-4e81-9c37-09c43fb2c605, command=[]} | ret=SUCCESS |  
2019-08-30 03:05:04,351 | INFO  | DNAudit | user=null | ip=null | op=WRITE_CHUNK {blockData=conID: 2 locID: 1567134300091 bcsId: 0} | ret=SUCCESS |  
2019-08-30 03:05:04,351 | INFO  | DNAudit | user=null | ip=null | op=WRITE_CHUNK {blockData=conID: 2 locID: 1567134300091 bcsId: 0} | ret=SUCCESS |  
2019-08-30 03:05:04,351 | INFO  | DNAudit | user=null | ip=null | op=WRITE_CHUNK {blockData=conID: 2 locID: 1567134300091 bcsId: 0} | ret=SUCCESS |  
2019-08-30 03:05:04,371 | INFO  | DNAudit | user=null | ip=null | op=WRITE_CHUNK {blockData=conID: 2 locID: 1567134300091 bcsId: 0} | ret=SUCCESS |  
2019-08-30 03:05:04,380 | INFO  | SCMAudit | user=jenkins1000 | ip=192.168.34.27 | op=SEND_HEARTBEAT {datanodeUUID=20d9100a-2f47-42d1-b79d-8236370eca2f, command=[]} | ret=SUCCESS |  
2019-08-30 03:05:04,381 [grpc-default-executor-5] INFO  client.GrpcClientProtocolClient (GrpcClientProtocolClient.java:onNext(255)) - client-AA43971AE6CC->7e206a49-ca83-4e81-9c37-09c43fb2c605: receive RaftClientReply:client-AA43971AE6CC->7e206a49-ca83-4e81-9c37-09c43fb2c605@group-E0664865E85A, cid=17, SUCCESS, logIndex=1, commits[7e206a49-ca83-4e81-9c37-09c43fb2c605:c1, 8b8faa90-8211-48ca-9661-3f5adbe9fc2d:c0, 9e8a2ebf-87a2-472a-b2b2-999c156b61b2:c0]
2019-08-30 03:05:04,388 | INFO  | DNAudit | user=null | ip=null | op=WRITE_CHUNK {blockData=conID: 2 locID: 1567134300091 bcsId: 0} | ret=SUCCESS |  
2019-08-30 03:05:04,388 | INFO  | DNAudit | user=null | ip=null | op=WRITE_CHUNK {blockData=conID: 2 locID: 1567134300091 bcsId: 0} | ret=SUCCESS |  
2019-08-30 03:05:04,400 [pool-26-thread-4] WARN  impl.ChunkManagerImpl (ChunkUtils.java:validateChunkForOverwrite(203)) - Duplicate write chunk request. Chunk overwrite without explicit request. ChunkInfo{chunkName='1567134300091.data.0, offset=0, len=1048576}
2019-08-30 03:05:04,400 [pool-26-thread-4] WARN  impl.ChunkManagerImpl (ChunkManagerImpl.java:writeChunk(111)) - ChunkFile already exists/workdir/hadoop-ozone/integration-test/target/test-dir/MiniOzoneClusterImpl-cdc405a1-dfe8-4b88-8d01-af7a941726c7/datanode-0/data/containers/hdds/f410ce11-2e50-43e1-8999-a6bb0fe99c9d/current/containerDir0/2/chunks/1567134300091.data.0.Deleting it.
2019-08-30 03:05:04,404 | INFO  | DNAudit | user=null | ip=null | op=WRITE_CHUNK {blockData=conID: 2 locID: 1567134300091 bcsId: 0} | ret=SUCCESS |  
2019-08-30 03:05:04,412 [pool-36-thread-2] WARN  impl.ChunkManagerImpl (ChunkUtils.java:validateChunkForOverwrite(203)) - Duplicate write chunk request. Chunk overwrite without explicit request. ChunkInfo{chunkName='1567134300091.data.0, offset=0, len=1048576}
2019-08-30 03:05:04,413 [pool-36-thread-2] WARN  impl.ChunkManagerImpl (ChunkManagerImpl.java:writeChunk(111)) - ChunkFile already exists/workdir/hadoop-ozone/integration-test/target/test-dir/MiniOzoneClusterImpl-cdc405a1-dfe8-4b88-8d01-af7a941726c7/datanode-1/data/containers/hdds/f410ce11-2e50-43e1-8999-a6bb0fe99c9d/current/containerDir0/2/chunks/1567134300091.data.0.Deleting it.
2019-08-30 03:05:04,416 [pool-46-thread-2] WARN  impl.ChunkManagerImpl (ChunkUtils.java:validateChunkForOverwrite(203)) - Duplicate write chunk request. Chunk overwrite without explicit request. ChunkInfo{chunkName='1567134300091.data.0, offset=0, len=1048576}
2019-08-30 03:05:04,416 [pool-46-thread-2] WARN  impl.ChunkManagerImpl (ChunkManagerImpl.java:writeChunk(111)) - ChunkFile already exists/workdir/hadoop-ozone/integration-test/target/test-dir/MiniOzoneClusterImpl-cdc405a1-dfe8-4b88-8d01-af7a941726c7/datanode-2/data/containers/hdds/f410ce11-2e50-43e1-8999-a6bb0fe99c9d/current/containerDir0/2/chunks/1567134300091.data.0.Deleting it.
2019-08-30 03:05:04,420 | INFO  | DNAudit | user=null | ip=null | op=WRITE_CHUNK {blockData=conID: 2 locID: 1567134300091 bcsId: 0} | ret=SUCCESS |  
2019-08-30 03:05:04,420 | INFO  | DNAudit | user=null | ip=null | op=WRITE_CHUNK {blockData=conID: 2 locID: 1567134300091 bcsId: 0} | ret=SUCCESS |  
2019-08-30 03:05:04,452 | INFO  | DNAudit | user=null | ip=null | op=PUT_BLOCK {blockData=[blockId=conID: 2 locID: 1567134300091 bcsId: 0,size=1048576]} | ret=SUCCESS |  
2019-08-30 03:05:04,462 [grpc-default-executor-5] INFO  client.GrpcClientProtocolClient (GrpcClientProtocolClient.java:onNext(255)) - client-AA43971AE6CC->7e206a49-ca83-4e81-9c37-09c43fb2c605: receive RaftClientReply:client-AA43971AE6CC->7e206a49-ca83-4e81-9c37-09c43fb2c605@group-E0664865E85A, cid=18, SUCCESS, logIndex=3, commits[7e206a49-ca83-4e81-9c37-09c43fb2c605:c7, 8b8faa90-8211-48ca-9661-3f5adbe9fc2d:c6, 9e8a2ebf-87a2-472a-b2b2-999c156b61b2:c6]
2019-08-30 03:05:04,472 | INFO  | DNAudit | user=null | ip=null | op=WRITE_CHUNK {blockData=conID: 2 locID: 1567134300091 bcsId: 0} | ret=SUCCESS |  
2019-08-30 03:05:04,474 [grpc-default-executor-5] INFO  client.GrpcClientProtocolClient (GrpcClientProtocolClient.java:onNext(255)) - client-AA43971AE6CC->7e206a49-ca83-4e81-9c37-09c43fb2c605: receive RaftClientReply:client-AA43971AE6CC->7e206a49-ca83-4e81-9c37-09c43fb2c605@group-E0664865E85A, cid=19, SUCCESS, logIndex=4, commits[7e206a49-ca83-4e81-9c37-09c43fb2c605:c7, 8b8faa90-8211-48ca-9661-3f5adbe9fc2d:c6, 9e8a2ebf-87a2-472a-b2b2-999c156b61b2:c6]
2019-08-30 03:05:04,488 | INFO  | DNAudit | user=null | ip=null | op=PUT_BLOCK {blockData=[blockId=conID: 2 locID: 1567134300091 bcsId: 0,size=1048576]} | ret=SUCCESS |  
2019-08-30 03:05:04,489 | INFO  | DNAudit | user=null | ip=null | op=WRITE_CHUNK {blockData=conID: 2 locID: 1567134300091 bcsId: 0} | ret=SUCCESS |  
2019-08-30 03:05:04,517 | INFO  | DNAudit | user=null | ip=null | op=PUT_BLOCK {blockData=[blockId=conID: 2 locID: 1567134300091 bcsId: 0,size=1048576]} | ret=SUCCESS |  
2019-08-30 03:05:04,517 | INFO  | DNAudit | user=null | ip=null | op=PUT_BLOCK {blockData=[blockId=conID: 2 locID: 1567134300091 bcsId: 0,size=1048576]} | ret=SUCCESS |  
2019-08-30 03:05:04,518 | INFO  | DNAudit | user=null | ip=null | op=PUT_BLOCK {blockData=[blockId=conID: 2 locID: 1567134300091 bcsId: 0,size=1048576]} | ret=SUCCESS |  
2019-08-30 03:05:04,518 | INFO  | DNAudit | user=null | ip=null | op=WRITE_CHUNK {blockData=conID: 2 locID: 1567134300091 bcsId: 0} | ret=SUCCESS |  
2019-08-30 03:05:04,519 | INFO  | DNAudit | user=null | ip=null | op=PUT_BLOCK {blockData=[blockId=conID: 2 locID: 1567134300091 bcsId: 0,size=1048576]} | ret=SUCCESS |  
2019-08-30 03:05:04,519 [grpc-default-executor-5] INFO  client.GrpcClientProtocolClient (GrpcClientProtocolClient.java:onNext(255)) - client-AA43971AE6CC->7e206a49-ca83-4e81-9c37-09c43fb2c605: receive RaftClientReply:client-AA43971AE6CC->7e206a49-ca83-4e81-9c37-09c43fb2c605@group-E0664865E85A, cid=20, SUCCESS, logIndex=5, commits[7e206a49-ca83-4e81-9c37-09c43fb2c605:c7, 8b8faa90-8211-48ca-9661-3f5adbe9fc2d:c6, 9e8a2ebf-87a2-472a-b2b2-999c156b61b2:c6]
2019-08-30 03:05:04,787 | INFO  | SCMAudit | user=jenkins1000 | ip=192.168.34.27 | op=SEND_HEARTBEAT {datanodeUUID=0617945a-39a0-4bd0-97f1-f307f2e85e9a, command=[]} | ret=SUCCESS |  
2019-08-30 03:05:04,851 | INFO  | SCMAudit | user=jenkins1000 | ip=192.168.34.27 | op=SEND_HEARTBEAT {datanodeUUID=5b81c340-d798-4245-a8e6-b5191e08968e, command=[]} | ret=SUCCESS |  
2019-08-30 03:05:04,851 | INFO  | SCMAudit | user=jenkins1000 | ip=192.168.34.27 | op=SEND_HEARTBEAT {datanodeUUID=125efc08-f6c5-4a74-a021-c61000e61c91, command=[]} | ret=SUCCESS |  
2019-08-30 03:05:05,344 [Datanode State Machine Thread - 0] INFO  statemachine.DatanodeStateMachine (DatanodeStateMachine.java:lambda$startDaemon$0(350)) - Ozone container server started.
2019-08-30 03:05:05,345 | INFO  | SCMAudit | user=jenkins1000 | ip=192.168.34.27 | op=SEND_HEARTBEAT {datanodeUUID=8b8faa90-8211-48ca-9661-3f5adbe9fc2d, command=[]} | ret=SUCCESS |  
2019-08-30 03:05:05,345 | INFO  | SCMAudit | user=jenkins1000 | ip=192.168.34.27 | op=SEND_HEARTBEAT {datanodeUUID=7e206a49-ca83-4e81-9c37-09c43fb2c605, command=[]} | ret=SUCCESS |  
2019-08-30 03:05:05,377 | INFO  | SCMAudit | user=jenkins1000 | ip=192.168.34.27 | op=SEND_HEARTBEAT {datanodeUUID=20d9100a-2f47-42d1-b79d-8236370eca2f, command=[]} | ret=SUCCESS |  
2019-08-30 03:05:05,786 | INFO  | SCMAudit | user=jenkins1000 | ip=192.168.34.27 | op=SEND_HEARTBEAT {datanodeUUID=0617945a-39a0-4bd0-97f1-f307f2e85e9a, command=[]} | ret=SUCCESS |  
2019-08-30 03:05:05,851 | INFO  | SCMAudit | user=jenkins1000 | ip=192.168.34.27 | op=SEND_HEARTBEAT {datanodeUUID=5b81c340-d798-4245-a8e6-b5191e08968e, command=[]} | ret=SUCCESS |  
2019-08-30 03:05:05,852 | INFO  | SCMAudit | user=jenkins1000 | ip=192.168.34.27 | op=SEND_HEARTBEAT {datanodeUUID=125efc08-f6c5-4a74-a021-c61000e61c91, command=[]} | ret=SUCCESS |  
2019-08-30 03:05:06,345 | INFO  | SCMAudit | user=jenkins1000 | ip=192.168.34.27 | op=SEND_HEARTBEAT {datanodeUUID=7e206a49-ca83-4e81-9c37-09c43fb2c605, command=[]} | ret=SUCCESS |  
2019-08-30 03:05:06,345 | INFO  | SCMAudit | user=jenkins1000 | ip=192.168.34.27 | op=SEND_HEARTBEAT {datanodeUUID=8b8faa90-8211-48ca-9661-3f5adbe9fc2d, command=[]} | ret=SUCCESS |  
2019-08-30 03:05:06,377 | INFO  | SCMAudit | user=jenkins1000 | ip=192.168.34.27 | op=SEND_HEARTBEAT {datanodeUUID=20d9100a-2f47-42d1-b79d-8236370eca2f, command=[]} | ret=SUCCESS |  
2019-08-30 03:05:06,786 | INFO  | SCMAudit | user=jenkins1000 | ip=192.168.34.27 | op=SEND_HEARTBEAT {datanodeUUID=0617945a-39a0-4bd0-97f1-f307f2e85e9a, command=[]} | ret=SUCCESS |  
2019-08-30 03:05:06,851 | INFO  | SCMAudit | user=jenkins1000 | ip=192.168.34.27 | op=SEND_HEARTBEAT {datanodeUUID=125efc08-f6c5-4a74-a021-c61000e61c91, command=[]} | ret=SUCCESS |  
2019-08-30 03:05:06,851 | INFO  | SCMAudit | user=jenkins1000 | ip=192.168.34.27 | op=SEND_HEARTBEAT {datanodeUUID=5b81c340-d798-4245-a8e6-b5191e08968e, command=[]} | ret=SUCCESS |  
2019-08-30 03:05:07,345 | INFO  | SCMAudit | user=jenkins1000 | ip=192.168.34.27 | op=SEND_HEARTBEAT {datanodeUUID=7e206a49-ca83-4e81-9c37-09c43fb2c605, command=[]} | ret=SUCCESS |  
2019-08-30 03:05:07,346 | INFO  | SCMAudit | user=jenkins1000 | ip=192.168.34.27 | op=SEND_HEARTBEAT {datanodeUUID=8b8faa90-8211-48ca-9661-3f5adbe9fc2d, command=[]} | ret=SUCCESS |  
2019-08-30 03:05:07,377 | INFO  | SCMAudit | user=jenkins1000 | ip=192.168.34.27 | op=SEND_HEARTBEAT {datanodeUUID=20d9100a-2f47-42d1-b79d-8236370eca2f, command=[]} | ret=SUCCESS |  
2019-08-30 03:05:07,386 [EventQueue-StaleNodeForStaleNodeHandler] INFO  node.StaleNodeHandler (StaleNodeHandler.java:onMessage(58)) - Datanode 9e8a2ebf-87a2-472a-b2b2-999c156b61b2{ip: 192.168.34.27, host: pr-hdds-2044-bcg2k-4017068978, networkLocation: /default-rack, certSerialId: null} moved to stale state. Finalizing its pipelines [PipelineID=565a8c10-0113-49fd-8c89-8c0cfc8a3318, PipelineID=3c7b5234-ea67-4c56-8562-e0664865e85a]
2019-08-30 03:05:07,386 [EventQueue-StaleNodeForStaleNodeHandler] INFO  pipeline.SCMPipelineManager (SCMPipelineManager.java:finalizeAndDestroyPipeline(309)) - destroying pipeline:Pipeline[ Id: 565a8c10-0113-49fd-8c89-8c0cfc8a3318, Nodes: 9e8a2ebf-87a2-472a-b2b2-999c156b61b2{ip: 192.168.34.27, host: pr-hdds-2044-bcg2k-4017068978, networkLocation: /default-rack, certSerialId: null}, Type:RATIS, Factor:ONE, State:OPEN]
2019-08-30 03:05:07,387 [EventQueue-StaleNodeForStaleNodeHandler] INFO  pipeline.PipelineStateManager (PipelineStateManager.java:finalizePipeline(123)) - Pipeline Pipeline[ Id: 565a8c10-0113-49fd-8c89-8c0cfc8a3318, Nodes: 9e8a2ebf-87a2-472a-b2b2-999c156b61b2{ip: 192.168.34.27, host: pr-hdds-2044-bcg2k-4017068978, networkLocation: /default-rack, certSerialId: null}, Type:RATIS, Factor:ONE, State:CLOSED] moved to CLOSED state
2019-08-30 03:05:07,389 [EventQueue-StaleNodeForStaleNodeHandler] INFO  pipeline.SCMPipelineManager (SCMPipelineManager.java:finalizeAndDestroyPipeline(309)) - destroying pipeline:Pipeline[ Id: 3c7b5234-ea67-4c56-8562-e0664865e85a, Nodes: 9e8a2ebf-87a2-472a-b2b2-999c156b61b2{ip: 192.168.34.27, host: pr-hdds-2044-bcg2k-4017068978, networkLocation: /default-rack, certSerialId: null}8b8faa90-8211-48ca-9661-3f5adbe9fc2d{ip: 192.168.34.27, host: pr-hdds-2044-bcg2k-4017068978, networkLocation: /default-rack, certSerialId: null}7e206a49-ca83-4e81-9c37-09c43fb2c605{ip: 192.168.34.27, host: pr-hdds-2044-bcg2k-4017068978, networkLocation: /default-rack, certSerialId: null}, Type:RATIS, Factor:THREE, State:OPEN]
2019-08-30 03:05:07,389 [EventQueue-StaleNodeForStaleNodeHandler] INFO  pipeline.PipelineStateManager (PipelineStateManager.java:finalizePipeline(123)) - Pipeline Pipeline[ Id: 3c7b5234-ea67-4c56-8562-e0664865e85a, Nodes: 9e8a2ebf-87a2-472a-b2b2-999c156b61b2{ip: 192.168.34.27, host: pr-hdds-2044-bcg2k-4017068978, networkLocation: /default-rack, certSerialId: null}8b8faa90-8211-48ca-9661-3f5adbe9fc2d{ip: 192.168.34.27, host: pr-hdds-2044-bcg2k-4017068978, networkLocation: /default-rack, certSerialId: null}7e206a49-ca83-4e81-9c37-09c43fb2c605{ip: 192.168.34.27, host: pr-hdds-2044-bcg2k-4017068978, networkLocation: /default-rack, certSerialId: null}, Type:RATIS, Factor:THREE, State:CLOSED] moved to CLOSED state
2019-08-30 03:05:07,390 [EventQueue-CloseContainerForCloseContainerEventHandler] INFO  container.CloseContainerEventHandler (CloseContainerEventHandler.java:onMessage(61)) - Close container Event triggered for container : #2
2019-08-30 03:05:07,786 | INFO  | SCMAudit | user=jenkins1000 | ip=192.168.34.27 | op=SEND_HEARTBEAT {datanodeUUID=0617945a-39a0-4bd0-97f1-f307f2e85e9a, command=[]} | ret=SUCCESS |  
2019-08-30 03:05:07,851 | INFO  | SCMAudit | user=jenkins1000 | ip=192.168.34.27 | op=SEND_HEARTBEAT {datanodeUUID=125efc08-f6c5-4a74-a021-c61000e61c91, command=[]} | ret=SUCCESS |  
2019-08-30 03:05:07,851 | INFO  | SCMAudit | user=jenkins1000 | ip=192.168.34.27 | op=SEND_HEARTBEAT {datanodeUUID=5b81c340-d798-4245-a8e6-b5191e08968e, command=[]} | ret=SUCCESS |  
2019-08-30 03:05:08,376 | INFO  | SCMAudit | user=jenkins1000 | ip=192.168.34.27 | op=SEND_HEARTBEAT {datanodeUUID=20d9100a-2f47-42d1-b79d-8236370eca2f, command=[]} | ret=SUCCESS |  
2019-08-30 03:05:08,384 | INFO  | SCMAudit | user=jenkins1000 | ip=192.168.34.27 | op=SEND_HEARTBEAT {datanodeUUID=8b8faa90-8211-48ca-9661-3f5adbe9fc2d, command=[commandType: closeContainerCommand closeContainerCommandProto { containerID: 2 pipelineID { id: "3c7b5234-ea67-4c56-8562-e0664865e85a" } cmdId: 2 force: false } ]} | ret=SUCCESS |  
2019-08-30 03:05:08,384 | INFO  | SCMAudit | user=jenkins1000 | ip=192.168.34.27 | op=SEND_HEARTBEAT {datanodeUUID=7e206a49-ca83-4e81-9c37-09c43fb2c605, command=[commandType: closeContainerCommand closeContainerCommandProto { containerID: 2 pipelineID { id: "3c7b5234-ea67-4c56-8562-e0664865e85a" } cmdId: 2 force: false } ]} | ret=SUCCESS |  
2019-08-30 03:05:08,786 | INFO  | SCMAudit | user=jenkins1000 | ip=192.168.34.27 | op=SEND_HEARTBEAT {datanodeUUID=0617945a-39a0-4bd0-97f1-f307f2e85e9a, command=[]} | ret=SUCCESS |  
2019-08-30 03:05:08,851 | INFO  | SCMAudit | user=jenkins1000 | ip=192.168.34.27 | op=SEND_HEARTBEAT {datanodeUUID=125efc08-f6c5-4a74-a021-c61000e61c91, command=[]} | ret=SUCCESS |  
2019-08-30 03:05:08,851 | INFO  | SCMAudit | user=jenkins1000 | ip=192.168.34.27 | op=SEND_HEARTBEAT {datanodeUUID=5b81c340-d798-4245-a8e6-b5191e08968e, command=[]} | ret=SUCCESS |  
2019-08-30 03:05:09,345 | INFO  | SCMAudit | user=jenkins1000 | ip=192.168.34.27 | op=SEND_HEARTBEAT {datanodeUUID=7e206a49-ca83-4e81-9c37-09c43fb2c605, command=[]} | ret=SUCCESS |  
2019-08-30 03:05:09,345 | INFO  | SCMAudit | user=jenkins1000 | ip=192.168.34.27 | op=SEND_HEARTBEAT {datanodeUUID=8b8faa90-8211-48ca-9661-3f5adbe9fc2d, command=[]} | ret=SUCCESS |  
2019-08-30 03:05:09,364 | INFO  | SCMAudit | user=jenkins1000 | ip=192.168.34.27 | op=SEND_HEARTBEAT {datanodeUUID=7e206a49-ca83-4e81-9c37-09c43fb2c605, command=[]} | ret=SUCCESS |  
2019-08-30 03:05:09,364 | INFO  | SCMAudit | user=jenkins1000 | ip=192.168.34.27 | op=SEND_HEARTBEAT {datanodeUUID=8b8faa90-8211-48ca-9661-3f5adbe9fc2d, command=[]} | ret=SUCCESS |  
2019-08-30 03:05:09,376 | INFO  | SCMAudit | user=jenkins1000 | ip=192.168.34.27 | op=SEND_HEARTBEAT {datanodeUUID=20d9100a-2f47-42d1-b79d-8236370eca2f, command=[]} | ret=SUCCESS |  
2019-08-30 03:05:09,390 [RatisApplyTransactionExecutor 2] INFO  interfaces.Container (KeyValueContainer.java:flushAndSyncDB(382)) - Container 2 is synced with bcsId 5.
2019-08-30 03:05:09,391 [RatisApplyTransactionExecutor 2] INFO  interfaces.Container (KeyValueContainer.java:flushAndSyncDB(382)) - Container 2 is synced with bcsId 5.
2019-08-30 03:05:09,402 [RatisApplyTransactionExecutor 2] INFO  interfaces.Container (KeyValueContainer.java:flushAndSyncDB(382)) - Container 2 is synced with bcsId 5.
2019-08-30 03:05:09,405 [RatisApplyTransactionExecutor 2] INFO  interfaces.Container (KeyValueContainer.java:flushAndSyncDB(382)) - Container 2 is synced with bcsId 5.
2019-08-30 03:05:09,419 | INFO  | DNAudit | user=null | ip=null | op=CLOSE_CONTAINER {containerID=2} | ret=SUCCESS |  
2019-08-30 03:05:09,419 | INFO  | DNAudit | user=null | ip=null | op=CLOSE_CONTAINER {containerID=2} | ret=SUCCESS |  
2019-08-30 03:05:09,420 | INFO  | SCMAudit | user=jenkins1000 | ip=192.168.34.27 | op=SEND_HEARTBEAT {datanodeUUID=8b8faa90-8211-48ca-9661-3f5adbe9fc2d, command=[]} | ret=SUCCESS |  
2019-08-30 03:05:09,420 | INFO  | SCMAudit | user=jenkins1000 | ip=192.168.34.27 | op=SEND_HEARTBEAT {datanodeUUID=7e206a49-ca83-4e81-9c37-09c43fb2c605, command=[]} | ret=SUCCESS |  
2019-08-30 03:05:09,420 [EventQueue-IncrementalContainerReportForIncrementalContainerReportHandler] INFO  container.IncrementalContainerReportHandler (AbstractContainerReportHandler.java:updateContainerState(176)) - Moving container #2 to CLOSED state, datanode 8b8faa90-8211-48ca-9661-3f5adbe9fc2d{ip: 192.168.34.27, host: pr-hdds-2044-bcg2k-4017068978, networkLocation: /default-rack, certSerialId: null} reported CLOSED replica.
2019-08-30 03:05:09,421 [RatisApplyTransactionExecutor 2] INFO  interfaces.Container (KeyValueContainer.java:flushAndSyncDB(382)) - Container 2 is synced with bcsId 5.
2019-08-30 03:05:09,421 [RatisApplyTransactionExecutor 2] INFO  interfaces.Container (KeyValueContainer.java:flushAndSyncDB(382)) - Container 2 is synced with bcsId 5.
2019-08-30 03:05:09,437 | INFO  | DNAudit | user=null | ip=null | op=CLOSE_CONTAINER {containerID=2} | ret=SUCCESS |  
2019-08-30 03:05:09,522 [main] INFO  ozoneimpl.OzoneContainer (OzoneContainer.java:stop(215)) - Attempting to stop container services.
2019-08-30 03:05:09,523 [main] INFO  impl.RaftServerProxy (RaftServerProxy.java:lambda$close$4(314)) - 9e8a2ebf-87a2-472a-b2b2-999c156b61b2: close
2019-08-30 03:05:09,525 [main] INFO  impl.RaftServerImpl (RaftServerImpl.java:lambda$shutdown$3(245)) - 9e8a2ebf-87a2-472a-b2b2-999c156b61b2: shutdown group-8C0CFC8A3318
2019-08-30 03:05:09,526 [main] INFO  util.JmxRegister (JmxRegister.java:unregister(73)) - Successfully un-registered JMX Bean with object name Ratis:service=RaftServer,group=group-8C0CFC8A3318,id=9e8a2ebf-87a2-472a-b2b2-999c156b61b2
2019-08-30 03:05:09,526 [main] INFO  impl.RoleInfo (RoleInfo.java:shutdownLeaderState(104)) - 9e8a2ebf-87a2-472a-b2b2-999c156b61b2: shutdown LeaderState
2019-08-30 03:05:09,527 [main] INFO  impl.PendingRequests (PendingRequests.java:sendNotLeaderResponses(202)) - 9e8a2ebf-87a2-472a-b2b2-999c156b61b2-PendingRequests: sendNotLeaderResponses
2019-08-30 03:05:09,529 [main] INFO  impl.StateMachineUpdater (StateMachineUpdater.java:stopAndJoin(115)) - StateMachineUpdater:9e8a2ebf-87a2-472a-b2b2-999c156b61b2:group-8C0CFC8A3318: set stopIndex = 0
2019-08-30 03:05:09,530 [main] INFO  impl.RaftServerImpl (ServerState.java:close(394)) - 9e8a2ebf-87a2-472a-b2b2-999c156b61b2:group-8C0CFC8A3318 closes. The last applied log index is 0
2019-08-30 03:05:09,532 [9e8a2ebf-87a2-472a-b2b2-999c156b61b2-SegmentedRaftLogWorker:Storage Directory /workdir/hadoop-ozone/integration-test/target/test-dir/MiniOzoneClusterImpl-cdc405a1-dfe8-4b88-8d01-af7a941726c7/datanode-2/data/ratis/565a8c10-0113-49fd-8c89-8c0cfc8a3318] INFO  segmented.SegmentedRaftLogWorker (SegmentedRaftLogWorker.java:run(313)) - 9e8a2ebf-87a2-472a-b2b2-999c156b61b2-SegmentedRaftLogWorker:Storage Directory /workdir/hadoop-ozone/integration-test/target/test-dir/MiniOzoneClusterImpl-cdc405a1-dfe8-4b88-8d01-af7a941726c7/datanode-2/data/ratis/565a8c10-0113-49fd-8c89-8c0cfc8a3318 was interrupted, exiting. There are 0 tasks remaining in the queue.
2019-08-30 03:05:09,535 [main] INFO  segmented.SegmentedRaftLogWorker (SegmentedRaftLogWorker.java:close(228)) - 9e8a2ebf-87a2-472a-b2b2-999c156b61b2-SegmentedRaftLogWorker:Storage Directory /workdir/hadoop-ozone/integration-test/target/test-dir/MiniOzoneClusterImpl-cdc405a1-dfe8-4b88-8d01-af7a941726c7/datanode-2/data/ratis/565a8c10-0113-49fd-8c89-8c0cfc8a3318 close()
2019-08-30 03:05:09,538 [main] INFO  impl.RaftServerImpl (RaftServerImpl.java:lambda$shutdown$3(245)) - 9e8a2ebf-87a2-472a-b2b2-999c156b61b2: shutdown group-E0664865E85A
2019-08-30 03:05:09,538 [main] INFO  util.JmxRegister (JmxRegister.java:unregister(73)) - Successfully un-registered JMX Bean with object name Ratis:service=RaftServer,group=group-E0664865E85A,id=9e8a2ebf-87a2-472a-b2b2-999c156b61b2
2019-08-30 03:05:09,539 [main] INFO  impl.RoleInfo (RoleInfo.java:shutdownFollowerState(121)) - 9e8a2ebf-87a2-472a-b2b2-999c156b61b2: shutdown FollowerState
2019-08-30 03:05:09,539 [main] INFO  impl.StateMachineUpdater (StateMachineUpdater.java:stopAndJoin(115)) - StateMachineUpdater:9e8a2ebf-87a2-472a-b2b2-999c156b61b2:group-E0664865E85A: set stopIndex = 8
2019-08-30 03:05:09,539 [StateMachineUpdater:9e8a2ebf-87a2-472a-b2b2-999c156b61b2:group-E0664865E85A] INFO  ratis.ContainerStateMachine (ContainerStateMachine.java:takeSnapshot(284)) - group-E0664865E85A: Taking a snapshot at:(t:3, i:8) file /workdir/hadoop-ozone/integration-test/target/test-dir/MiniOzoneClusterImpl-cdc405a1-dfe8-4b88-8d01-af7a941726c7/datanode-2/data/ratis/3c7b5234-ea67-4c56-8562-e0664865e85a/sm/snapshot.3_8
2019-08-30 03:05:09,539 [Thread-427] INFO  impl.FollowerState (FollowerState.java:run(114)) - 9e8a2ebf-87a2-472a-b2b2-999c156b61b2: FollowerState was interrupted: java.lang.InterruptedException: sleep interrupted
2019-08-30 03:05:09,566 [StateMachineUpdater:9e8a2ebf-87a2-472a-b2b2-999c156b61b2:group-E0664865E85A] INFO  ratis.ContainerStateMachine (ContainerStateMachine.java:takeSnapshot(295)) - group-E0664865E85A: Finished taking a snapshot at:(t:3, i:8) file:/workdir/hadoop-ozone/integration-test/target/test-dir/MiniOzoneClusterImpl-cdc405a1-dfe8-4b88-8d01-af7a941726c7/datanode-2/data/ratis/3c7b5234-ea67-4c56-8562-e0664865e85a/sm/snapshot.3_8 time:27
2019-08-30 03:05:09,566 [StateMachineUpdater:9e8a2ebf-87a2-472a-b2b2-999c156b61b2:group-E0664865E85A] INFO  impl.StateMachineUpdater (StateMachineUpdater.java:takeSnapshot(242)) - StateMachineUpdater:9e8a2ebf-87a2-472a-b2b2-999c156b61b2:group-E0664865E85A: Took a snapshot at index 8
2019-08-30 03:05:09,568 [StateMachineUpdater:9e8a2ebf-87a2-472a-b2b2-999c156b61b2:group-E0664865E85A] INFO  impl.StateMachineUpdater (StateMachineUpdater.java:lambda$new$0(80)) - StateMachineUpdater:9e8a2ebf-87a2-472a-b2b2-999c156b61b2:group-E0664865E85A: snapshotIndex: updateIncreasingly -1 -> 8
2019-08-30 03:05:09,573 [main] INFO  impl.RaftServerImpl (ServerState.java:close(394)) - 9e8a2ebf-87a2-472a-b2b2-999c156b61b2:group-E0664865E85A closes. The last applied log index is 8
2019-08-30 03:05:09,573 [9e8a2ebf-87a2-472a-b2b2-999c156b61b2-SegmentedRaftLogWorker:Storage Directory /workdir/hadoop-ozone/integration-test/target/test-dir/MiniOzoneClusterImpl-cdc405a1-dfe8-4b88-8d01-af7a941726c7/datanode-2/data/ratis/3c7b5234-ea67-4c56-8562-e0664865e85a] INFO  segmented.SegmentedRaftLogWorker (SegmentedRaftLogWorker.java:run(313)) - 9e8a2ebf-87a2-472a-b2b2-999c156b61b2-SegmentedRaftLogWorker:Storage Directory /workdir/hadoop-ozone/integration-test/target/test-dir/MiniOzoneClusterImpl-cdc405a1-dfe8-4b88-8d01-af7a941726c7/datanode-2/data/ratis/3c7b5234-ea67-4c56-8562-e0664865e85a was interrupted, exiting. There are 0 tasks remaining in the queue.
2019-08-30 03:05:09,575 [main] INFO  segmented.SegmentedRaftLogWorker (SegmentedRaftLogWorker.java:close(228)) - 9e8a2ebf-87a2-472a-b2b2-999c156b61b2-SegmentedRaftLogWorker:Storage Directory /workdir/hadoop-ozone/integration-test/target/test-dir/MiniOzoneClusterImpl-cdc405a1-dfe8-4b88-8d01-af7a941726c7/datanode-2/data/ratis/3c7b5234-ea67-4c56-8562-e0664865e85a close()
2019-08-30 03:05:09,578 [main] INFO  server.GrpcService (GrpcService.java:closeImpl(155)) - 9e8a2ebf-87a2-472a-b2b2-999c156b61b2: shutdown server with port 36936 now
2019-08-30 03:05:09,585 [main] INFO  server.GrpcService (GrpcService.java:closeImpl(163)) - 9e8a2ebf-87a2-472a-b2b2-999c156b61b2: shutdown server with port 36936 successfully
2019-08-30 03:05:09,586 [grpc-default-executor-5] WARN  server.GrpcServerProtocolService (LogUtils.java:warn(134)) - 9e8a2ebf-87a2-472a-b2b2-999c156b61b2: appendEntries onError: org.apache.ratis.thirdparty.io.grpc.StatusRuntimeException: CANCELLED: cancelled before receiving half close
2019-08-30 03:05:09,589 [grpc-default-executor-4] WARN  server.GrpcLogAppender (LogUtils.java:warn(134)) - 7e206a49-ca83-4e81-9c37-09c43fb2c605->9e8a2ebf-87a2-472a-b2b2-999c156b61b2: Failed appendEntries: org.apache.ratis.thirdparty.io.grpc.StatusRuntimeException: CANCELLED: HTTP/2 error code: CANCEL
Received Rst Stream
2019-08-30 03:05:09,595 [refreshUsed-/workdir/hadoop-ozone/integration-test/target/test-dir/MiniOzoneClusterImpl-cdc405a1-dfe8-4b88-8d01-af7a941726c7/datanode-2/data/containers] WARN  fs.CachingGetSpaceUsed (CachingGetSpaceUsed.java:run(183)) - Thread Interrupted waiting to refresh disk information: sleep interrupted
2019-08-30 03:05:09,595 [grpc-default-executor-4] INFO  impl.FollowerInfo (FollowerInfo.java:lambda$new$0(50)) - 7e206a49-ca83-4e81-9c37-09c43fb2c605->9e8a2ebf-87a2-472a-b2b2-999c156b61b2: nextIndex: updateUnconditionally 10 -> 9
2019-08-30 03:05:09,614 [main] INFO  utils.BackgroundService (BackgroundService.java:shutdown(148)) - Shutting down service BlockDeletingService
2019-08-30 03:05:09,619 [main] INFO  statemachine.DatanodeStateMachine (DatanodeStateMachine.java:stopDaemon(395)) - Ozone container server stopped.
2019-08-30 03:05:09,624 [main] INFO  handler.ContextHandler (ContextHandler.java:doStop(910)) - Stopped o.e.j.w.WebAppContext@1e9469b8{/,null,UNAVAILABLE}{/hddsDatanode}
2019-08-30 03:05:09,630 [main] INFO  server.AbstractConnector (AbstractConnector.java:doStop(318)) - Stopped ServerConnector@5a08efdc{HTTP/1.1,[http/1.1]}{0.0.0.0:0}
2019-08-30 03:05:09,630 [main] INFO  handler.ContextHandler (ContextHandler.java:doStop(910)) - Stopped o.e.j.s.ServletContextHandler@66b59b7d{/static,jar:file:/home/user/.m2/repository/org/apache/hadoop/hadoop-hdds-container-service/0.5.0-SNAPSHOT/hadoop-hdds-container-service-0.5.0-SNAPSHOT.jar!/webapps/static,UNAVAILABLE}
2019-08-30 03:05:09,630 [main] INFO  handler.ContextHandler (ContextHandler.java:doStop(910)) - Stopped o.e.j.s.ServletContextHandler@6edf29c1{/logs,file:///workdir/hadoop-ozone/integration-test/target/log,UNAVAILABLE}
2019-08-30 03:05:09,787 | INFO  | SCMAudit | user=jenkins1000 | ip=192.168.34.27 | op=SEND_HEARTBEAT {datanodeUUID=0617945a-39a0-4bd0-97f1-f307f2e85e9a, command=[]} | ret=SUCCESS |  
2019-08-30 03:05:09,851 | INFO  | SCMAudit | user=jenkins1000 | ip=192.168.34.27 | op=SEND_HEARTBEAT {datanodeUUID=5b81c340-d798-4245-a8e6-b5191e08968e, command=[]} | ret=SUCCESS |  
2019-08-30 03:05:09,851 | INFO  | SCMAudit | user=jenkins1000 | ip=192.168.34.27 | op=SEND_HEARTBEAT {datanodeUUID=125efc08-f6c5-4a74-a021-c61000e61c91, command=[]} | ret=SUCCESS |  
2019-08-30 03:05:10,378 | INFO  | SCMAudit | user=jenkins1000 | ip=192.168.34.27 | op=SEND_HEARTBEAT {datanodeUUID=20d9100a-2f47-42d1-b79d-8236370eca2f, command=[]} | ret=SUCCESS |  
2019-08-30 03:05:10,420 [Datanode State Machine Thread - 0] INFO  statemachine.DatanodeStateMachine (DatanodeStateMachine.java:lambda$startDaemon$0(350)) - Ozone container server started.
2019-08-30 03:05:10,421 | INFO  | SCMAudit | user=jenkins1000 | ip=192.168.34.27 | op=SEND_HEARTBEAT {datanodeUUID=7e206a49-ca83-4e81-9c37-09c43fb2c605, command=[]} | ret=SUCCESS |  
2019-08-30 03:05:10,786 | INFO  | SCMAudit | user=jenkins1000 | ip=192.168.34.27 | op=SEND_HEARTBEAT {datanodeUUID=0617945a-39a0-4bd0-97f1-f307f2e85e9a, command=[]} | ret=SUCCESS |  
2019-08-30 03:05:10,851 | INFO  | SCMAudit | user=jenkins1000 | ip=192.168.34.27 | op=SEND_HEARTBEAT {datanodeUUID=5b81c340-d798-4245-a8e6-b5191e08968e, command=[]} | ret=SUCCESS |  
2019-08-30 03:05:10,851 | INFO  | SCMAudit | user=jenkins1000 | ip=192.168.34.27 | op=SEND_HEARTBEAT {datanodeUUID=125efc08-f6c5-4a74-a021-c61000e61c91, command=[]} | ret=SUCCESS |  
2019-08-30 03:05:11,378 | INFO  | SCMAudit | user=jenkins1000 | ip=192.168.34.27 | op=SEND_HEARTBEAT {datanodeUUID=20d9100a-2f47-42d1-b79d-8236370eca2f, command=[]} | ret=SUCCESS |  
2019-08-30 03:05:11,421 | INFO  | SCMAudit | user=jenkins1000 | ip=192.168.34.27 | op=SEND_HEARTBEAT {datanodeUUID=7e206a49-ca83-4e81-9c37-09c43fb2c605, command=[]} | ret=SUCCESS |  
2019-08-30 03:05:11,786 | INFO  | SCMAudit | user=jenkins1000 | ip=192.168.34.27 | op=SEND_HEARTBEAT {datanodeUUID=0617945a-39a0-4bd0-97f1-f307f2e85e9a, command=[]} | ret=SUCCESS |  
2019-08-30 03:05:11,851 | INFO  | SCMAudit | user=jenkins1000 | ip=192.168.34.27 | op=SEND_HEARTBEAT {datanodeUUID=125efc08-f6c5-4a74-a021-c61000e61c91, command=[]} | ret=SUCCESS |  
2019-08-30 03:05:11,851 | INFO  | SCMAudit | user=jenkins1000 | ip=192.168.34.27 | op=SEND_HEARTBEAT {datanodeUUID=5b81c340-d798-4245-a8e6-b5191e08968e, command=[]} | ret=SUCCESS |  
2019-08-30 03:05:11,903 [grpc-default-executor-2] WARN  server.GrpcLogAppender (LogUtils.java:warn(134)) - 7e206a49-ca83-4e81-9c37-09c43fb2c605->9e8a2ebf-87a2-472a-b2b2-999c156b61b2: Failed appendEntries: org.apache.ratis.thirdparty.io.grpc.StatusRuntimeException: UNAVAILABLE: io exception
2019-08-30 03:05:11,908 [grpc-default-executor-2] INFO  impl.FollowerInfo (FollowerInfo.java:lambda$new$0(50)) - 7e206a49-ca83-4e81-9c37-09c43fb2c605->9e8a2ebf-87a2-472a-b2b2-999c156b61b2: nextIndex: updateUnconditionally 9 -> 8
2019-08-30 03:05:12,379 | INFO  | SCMAudit | user=jenkins1000 | ip=192.168.34.27 | op=SEND_HEARTBEAT {datanodeUUID=20d9100a-2f47-42d1-b79d-8236370eca2f, command=[]} | ret=SUCCESS |  
2019-08-30 03:05:12,422 | INFO  | SCMAudit | user=jenkins1000 | ip=192.168.34.27 | op=SEND_HEARTBEAT {datanodeUUID=7e206a49-ca83-4e81-9c37-09c43fb2c605, command=[]} | ret=SUCCESS |  
2019-08-30 03:05:12,503 [EventQueue-StaleNodeForStaleNodeHandler] INFO  node.StaleNodeHandler (StaleNodeHandler.java:onMessage(58)) - Datanode 8b8faa90-8211-48ca-9661-3f5adbe9fc2d{ip: 192.168.34.27, host: pr-hdds-2044-bcg2k-4017068978, networkLocation: /default-rack, certSerialId: null} moved to stale state. Finalizing its pipelines [PipelineID=d7538491-0528-4610-b52f-cd73bd372392, PipelineID=3c7b5234-ea67-4c56-8562-e0664865e85a]
2019-08-30 03:05:12,504 [EventQueue-StaleNodeForStaleNodeHandler] INFO  pipeline.SCMPipelineManager (SCMPipelineManager.java:finalizeAndDestroyPipeline(309)) - destroying pipeline:Pipeline[ Id: d7538491-0528-4610-b52f-cd73bd372392, Nodes: 8b8faa90-8211-48ca-9661-3f5adbe9fc2d{ip: 192.168.34.27, host: pr-hdds-2044-bcg2k-4017068978, networkLocation: /default-rack, certSerialId: null}, Type:RATIS, Factor:ONE, State:OPEN]
2019-08-30 03:05:12,504 [EventQueue-StaleNodeForStaleNodeHandler] INFO  pipeline.PipelineStateManager (PipelineStateManager.java:finalizePipeline(123)) - Pipeline Pipeline[ Id: d7538491-0528-4610-b52f-cd73bd372392, Nodes: 8b8faa90-8211-48ca-9661-3f5adbe9fc2d{ip: 192.168.34.27, host: pr-hdds-2044-bcg2k-4017068978, networkLocation: /default-rack, certSerialId: null}, Type:RATIS, Factor:ONE, State:CLOSED] moved to CLOSED state
2019-08-30 03:05:12,504 [EventQueue-StaleNodeForStaleNodeHandler] INFO  pipeline.SCMPipelineManager (SCMPipelineManager.java:finalizeAndDestroyPipeline(309)) - destroying pipeline:Pipeline[ Id: 3c7b5234-ea67-4c56-8562-e0664865e85a, Nodes: 9e8a2ebf-87a2-472a-b2b2-999c156b61b2{ip: 192.168.34.27, host: pr-hdds-2044-bcg2k-4017068978, networkLocation: /default-rack, certSerialId: null}8b8faa90-8211-48ca-9661-3f5adbe9fc2d{ip: 192.168.34.27, host: pr-hdds-2044-bcg2k-4017068978, networkLocation: /default-rack, certSerialId: null}7e206a49-ca83-4e81-9c37-09c43fb2c605{ip: 192.168.34.27, host: pr-hdds-2044-bcg2k-4017068978, networkLocation: /default-rack, certSerialId: null}, Type:RATIS, Factor:THREE, State:CLOSED]
2019-08-30 03:05:12,786 | INFO  | SCMAudit | user=jenkins1000 | ip=192.168.34.27 | op=SEND_HEARTBEAT {datanodeUUID=0617945a-39a0-4bd0-97f1-f307f2e85e9a, command=[]} | ret=SUCCESS |  
2019-08-30 03:05:12,851 | INFO  | SCMAudit | user=jenkins1000 | ip=192.168.34.27 | op=SEND_HEARTBEAT {datanodeUUID=5b81c340-d798-4245-a8e6-b5191e08968e, command=[]} | ret=SUCCESS |  
2019-08-30 03:05:12,851 | INFO  | SCMAudit | user=jenkins1000 | ip=192.168.34.27 | op=SEND_HEARTBEAT {datanodeUUID=125efc08-f6c5-4a74-a021-c61000e61c91, command=[]} | ret=SUCCESS |  
2019-08-30 03:05:13,379 | INFO  | SCMAudit | user=jenkins1000 | ip=192.168.34.27 | op=SEND_HEARTBEAT {datanodeUUID=20d9100a-2f47-42d1-b79d-8236370eca2f, command=[]} | ret=SUCCESS |  
2019-08-30 03:05:13,421 | INFO  | SCMAudit | user=jenkins1000 | ip=192.168.34.27 | op=SEND_HEARTBEAT {datanodeUUID=7e206a49-ca83-4e81-9c37-09c43fb2c605, command=[]} | ret=SUCCESS |  
2019-08-30 03:05:13,786 | INFO  | SCMAudit | user=jenkins1000 | ip=192.168.34.27 | op=SEND_HEARTBEAT {datanodeUUID=0617945a-39a0-4bd0-97f1-f307f2e85e9a, command=[]} | ret=SUCCESS |  
2019-08-30 03:05:13,851 | INFO  | SCMAudit | user=jenkins1000 | ip=192.168.34.27 | op=SEND_HEARTBEAT {datanodeUUID=125efc08-f6c5-4a74-a021-c61000e61c91, command=[]} | ret=SUCCESS |  
2019-08-30 03:05:13,851 | INFO  | SCMAudit | user=jenkins1000 | ip=192.168.34.27 | op=SEND_HEARTBEAT {datanodeUUID=5b81c340-d798-4245-a8e6-b5191e08968e, command=[]} | ret=SUCCESS |  
2019-08-30 03:05:14,379 | INFO  | SCMAudit | user=jenkins1000 | ip=192.168.34.27 | op=SEND_HEARTBEAT {datanodeUUID=20d9100a-2f47-42d1-b79d-8236370eca2f, command=[]} | ret=SUCCESS |  
2019-08-30 03:05:14,398 [grpc-default-executor-4] WARN  server.GrpcLogAppender (LogUtils.java:warn(134)) - 7e206a49-ca83-4e81-9c37-09c43fb2c605->9e8a2ebf-87a2-472a-b2b2-999c156b61b2: Failed appendEntries: org.apache.ratis.thirdparty.io.grpc.StatusRuntimeException: UNAVAILABLE: io exception
2019-08-30 03:05:14,401 [grpc-default-executor-4] INFO  impl.FollowerInfo (FollowerInfo.java:lambda$new$0(50)) - 7e206a49-ca83-4e81-9c37-09c43fb2c605->9e8a2ebf-87a2-472a-b2b2-999c156b61b2: nextIndex: updateUnconditionally 8 -> 7
2019-08-30 03:05:14,427 | INFO  | SCMAudit | user=jenkins1000 | ip=192.168.34.27 | op=SEND_HEARTBEAT {datanodeUUID=7e206a49-ca83-4e81-9c37-09c43fb2c605, command=[]} | ret=SUCCESS |  
2019-08-30 03:05:14,634 [main] INFO  ozoneimpl.OzoneContainer (OzoneContainer.java:stop(215)) - Attempting to stop container services.
2019-08-30 03:05:14,634 [main] INFO  impl.RaftServerProxy (RaftServerProxy.java:lambda$close$4(314)) - 8b8faa90-8211-48ca-9661-3f5adbe9fc2d: close
2019-08-30 03:05:14,635 [main] INFO  impl.RaftServerImpl (RaftServerImpl.java:lambda$shutdown$3(245)) - 8b8faa90-8211-48ca-9661-3f5adbe9fc2d: shutdown group-CD73BD372392
2019-08-30 03:05:14,635 [main] INFO  util.JmxRegister (JmxRegister.java:unregister(73)) - Successfully un-registered JMX Bean with object name Ratis:service=RaftServer,group=group-CD73BD372392,id=8b8faa90-8211-48ca-9661-3f5adbe9fc2d
2019-08-30 03:05:14,636 [main] INFO  impl.RoleInfo (RoleInfo.java:shutdownLeaderState(104)) - 8b8faa90-8211-48ca-9661-3f5adbe9fc2d: shutdown LeaderState
2019-08-30 03:05:14,636 [main] INFO  impl.PendingRequests (PendingRequests.java:sendNotLeaderResponses(202)) - 8b8faa90-8211-48ca-9661-3f5adbe9fc2d-PendingRequests: sendNotLeaderResponses
2019-08-30 03:05:14,636 [main] INFO  impl.StateMachineUpdater (StateMachineUpdater.java:stopAndJoin(115)) - StateMachineUpdater:8b8faa90-8211-48ca-9661-3f5adbe9fc2d:group-CD73BD372392: set stopIndex = 0
2019-08-30 03:05:14,637 [main] INFO  impl.RaftServerImpl (ServerState.java:close(394)) - 8b8faa90-8211-48ca-9661-3f5adbe9fc2d:group-CD73BD372392 closes. The last applied log index is 0
2019-08-30 03:05:14,637 [8b8faa90-8211-48ca-9661-3f5adbe9fc2d-SegmentedRaftLogWorker:Storage Directory /workdir/hadoop-ozone/integration-test/target/test-dir/MiniOzoneClusterImpl-cdc405a1-dfe8-4b88-8d01-af7a941726c7/datanode-1/data/ratis/d7538491-0528-4610-b52f-cd73bd372392] INFO  segmented.SegmentedRaftLogWorker (SegmentedRaftLogWorker.java:run(313)) - 8b8faa90-8211-48ca-9661-3f5adbe9fc2d-SegmentedRaftLogWorker:Storage Directory /workdir/hadoop-ozone/integration-test/target/test-dir/MiniOzoneClusterImpl-cdc405a1-dfe8-4b88-8d01-af7a941726c7/datanode-1/data/ratis/d7538491-0528-4610-b52f-cd73bd372392 was interrupted, exiting. There are 0 tasks remaining in the queue.
2019-08-30 03:05:14,641 [main] INFO  segmented.SegmentedRaftLogWorker (SegmentedRaftLogWorker.java:close(228)) - 8b8faa90-8211-48ca-9661-3f5adbe9fc2d-SegmentedRaftLogWorker:Storage Directory /workdir/hadoop-ozone/integration-test/target/test-dir/MiniOzoneClusterImpl-cdc405a1-dfe8-4b88-8d01-af7a941726c7/datanode-1/data/ratis/d7538491-0528-4610-b52f-cd73bd372392 close()
2019-08-30 03:05:14,644 [main] INFO  impl.RaftServerImpl (RaftServerImpl.java:lambda$shutdown$3(245)) - 8b8faa90-8211-48ca-9661-3f5adbe9fc2d: shutdown group-E0664865E85A
2019-08-30 03:05:14,645 [main] INFO  util.JmxRegister (JmxRegister.java:unregister(73)) - Successfully un-registered JMX Bean with object name Ratis:service=RaftServer,group=group-E0664865E85A,id=8b8faa90-8211-48ca-9661-3f5adbe9fc2d
2019-08-30 03:05:14,645 [main] INFO  impl.RoleInfo (RoleInfo.java:shutdownFollowerState(121)) - 8b8faa90-8211-48ca-9661-3f5adbe9fc2d: shutdown FollowerState
2019-08-30 03:05:14,645 [main] INFO  impl.StateMachineUpdater (StateMachineUpdater.java:stopAndJoin(115)) - StateMachineUpdater:8b8faa90-8211-48ca-9661-3f5adbe9fc2d:group-E0664865E85A: set stopIndex = 9
2019-08-30 03:05:14,646 [StateMachineUpdater:8b8faa90-8211-48ca-9661-3f5adbe9fc2d:group-E0664865E85A] INFO  ratis.ContainerStateMachine (ContainerStateMachine.java:takeSnapshot(284)) - group-E0664865E85A: Taking a snapshot at:(t:3, i:8) file /workdir/hadoop-ozone/integration-test/target/test-dir/MiniOzoneClusterImpl-cdc405a1-dfe8-4b88-8d01-af7a941726c7/datanode-1/data/ratis/3c7b5234-ea67-4c56-8562-e0664865e85a/sm/snapshot.3_8
2019-08-30 03:05:14,645 [Thread-435] INFO  impl.FollowerState (FollowerState.java:run(114)) - 8b8faa90-8211-48ca-9661-3f5adbe9fc2d: FollowerState was interrupted: java.lang.InterruptedException: sleep interrupted
2019-08-30 03:05:14,655 [StateMachineUpdater:8b8faa90-8211-48ca-9661-3f5adbe9fc2d:group-E0664865E85A] INFO  ratis.ContainerStateMachine (ContainerStateMachine.java:takeSnapshot(295)) - group-E0664865E85A: Finished taking a snapshot at:(t:3, i:8) file:/workdir/hadoop-ozone/integration-test/target/test-dir/MiniOzoneClusterImpl-cdc405a1-dfe8-4b88-8d01-af7a941726c7/datanode-1/data/ratis/3c7b5234-ea67-4c56-8562-e0664865e85a/sm/snapshot.3_8 time:10
2019-08-30 03:05:14,655 [StateMachineUpdater:8b8faa90-8211-48ca-9661-3f5adbe9fc2d:group-E0664865E85A] INFO  impl.StateMachineUpdater (StateMachineUpdater.java:takeSnapshot(242)) - StateMachineUpdater:8b8faa90-8211-48ca-9661-3f5adbe9fc2d:group-E0664865E85A: Took a snapshot at index 8
2019-08-30 03:05:14,655 [StateMachineUpdater:8b8faa90-8211-48ca-9661-3f5adbe9fc2d:group-E0664865E85A] INFO  impl.StateMachineUpdater (StateMachineUpdater.java:lambda$new$0(80)) - StateMachineUpdater:8b8faa90-8211-48ca-9661-3f5adbe9fc2d:group-E0664865E85A: snapshotIndex: updateIncreasingly -1 -> 8
2019-08-30 03:05:14,656 [main] INFO  impl.RaftServerImpl (ServerState.java:close(394)) - 8b8faa90-8211-48ca-9661-3f5adbe9fc2d:group-E0664865E85A closes. The last applied log index is 9
2019-08-30 03:05:14,657 [8b8faa90-8211-48ca-9661-3f5adbe9fc2d-SegmentedRaftLogWorker:Storage Directory /workdir/hadoop-ozone/integration-test/target/test-dir/MiniOzoneClusterImpl-cdc405a1-dfe8-4b88-8d01-af7a941726c7/datanode-1/data/ratis/3c7b5234-ea67-4c56-8562-e0664865e85a] INFO  segmented.SegmentedRaftLogWorker (SegmentedRaftLogWorker.java:run(313)) - 8b8faa90-8211-48ca-9661-3f5adbe9fc2d-SegmentedRaftLogWorker:Storage Directory /workdir/hadoop-ozone/integration-test/target/test-dir/MiniOzoneClusterImpl-cdc405a1-dfe8-4b88-8d01-af7a941726c7/datanode-1/data/ratis/3c7b5234-ea67-4c56-8562-e0664865e85a was interrupted, exiting. There are 0 tasks remaining in the queue.
2019-08-30 03:05:14,658 [main] INFO  segmented.SegmentedRaftLogWorker (SegmentedRaftLogWorker.java:close(228)) - 8b8faa90-8211-48ca-9661-3f5adbe9fc2d-SegmentedRaftLogWorker:Storage Directory /workdir/hadoop-ozone/integration-test/target/test-dir/MiniOzoneClusterImpl-cdc405a1-dfe8-4b88-8d01-af7a941726c7/datanode-1/data/ratis/3c7b5234-ea67-4c56-8562-e0664865e85a close()
2019-08-30 03:05:14,662 [main] INFO  server.GrpcService (GrpcService.java:closeImpl(155)) - 8b8faa90-8211-48ca-9661-3f5adbe9fc2d: shutdown server with port 39459 now
2019-08-30 03:05:14,673 [grpc-default-executor-2] WARN  server.GrpcServerProtocolService (LogUtils.java:warn(134)) - 8b8faa90-8211-48ca-9661-3f5adbe9fc2d: appendEntries onError: org.apache.ratis.thirdparty.io.grpc.StatusRuntimeException: CANCELLED: cancelled before receiving half close
2019-08-30 03:05:14,675 [main] INFO  server.GrpcService (GrpcService.java:closeImpl(163)) - 8b8faa90-8211-48ca-9661-3f5adbe9fc2d: shutdown server with port 39459 successfully
2019-08-30 03:05:14,675 [grpc-default-executor-5] WARN  server.GrpcLogAppender (LogUtils.java:warn(134)) - 7e206a49-ca83-4e81-9c37-09c43fb2c605->8b8faa90-8211-48ca-9661-3f5adbe9fc2d: Failed appendEntries: org.apache.ratis.thirdparty.io.grpc.StatusRuntimeException: CANCELLED: HTTP/2 error code: CANCEL
Received Rst Stream
2019-08-30 03:05:14,675 [grpc-default-executor-5] INFO  impl.FollowerInfo (FollowerInfo.java:lambda$new$0(50)) - 7e206a49-ca83-4e81-9c37-09c43fb2c605->8b8faa90-8211-48ca-9661-3f5adbe9fc2d: nextIndex: updateUnconditionally 10 -> 9
2019-08-30 03:05:14,677 [refreshUsed-/workdir/hadoop-ozone/integration-test/target/test-dir/MiniOzoneClusterImpl-cdc405a1-dfe8-4b88-8d01-af7a941726c7/datanode-1/data/containers] WARN  fs.CachingGetSpaceUsed (CachingGetSpaceUsed.java:run(183)) - Thread Interrupted waiting to refresh disk information: sleep interrupted
2019-08-30 03:05:14,696 [main] INFO  utils.BackgroundService (BackgroundService.java:shutdown(148)) - Shutting down service BlockDeletingService
2019-08-30 03:05:14,701 [main] INFO  statemachine.DatanodeStateMachine (DatanodeStateMachine.java:stopDaemon(395)) - Ozone container server stopped.
2019-08-30 03:05:14,703 [main] INFO  handler.ContextHandler (ContextHandler.java:doStop(910)) - Stopped o.e.j.w.WebAppContext@100c8b75{/,null,UNAVAILABLE}{/hddsDatanode}
2019-08-30 03:05:14,703 [main] INFO  server.AbstractConnector (AbstractConnector.java:doStop(318)) - Stopped ServerConnector@2bc378f7{HTTP/1.1,[http/1.1]}{0.0.0.0:0}
2019-08-30 03:05:14,704 [main] INFO  handler.ContextHandler (ContextHandler.java:doStop(910)) - Stopped o.e.j.s.ServletContextHandler@3c3c4a71{/static,jar:file:/home/user/.m2/repository/org/apache/hadoop/hadoop-hdds-container-service/0.5.0-SNAPSHOT/hadoop-hdds-container-service-0.5.0-SNAPSHOT.jar!/webapps/static,UNAVAILABLE}
2019-08-30 03:05:14,704 [main] INFO  handler.ContextHandler (ContextHandler.java:doStop(910)) - Stopped o.e.j.s.ServletContextHandler@31ddb930{/logs,file:///workdir/hadoop-ozone/integration-test/target/log,UNAVAILABLE}
]]></system-out>
  </testcase>
</testsuite>