<?xml version="1.0" encoding="UTF-8"?>
<testsuite xmlns:xsi="http://www.w3.org/2001/XMLSchema-instance" xsi:noNamespaceSchemaLocation="https://maven.apache.org/surefire/maven-surefire-plugin/xsd/surefire-test-report.xsd" name="org.apache.hadoop.fs.ozone.contract.ITestOzoneContractSeek" time="96.919" tests="18" errors="13" skipped="0" failures="0">
  <properties>
    <property name="awt.toolkit" value="sun.awt.X11.XToolkit"/>
    <property name="file.encoding.pkg" value="sun.io"/>
    <property name="java.specification.version" value="1.8"/>
    <property name="sun.cpu.isalist" value=""/>
    <property name="sun.jnu.encoding" value="UTF-8"/>
    <property name="java.class.path" value="/workdir/hadoop-ozone/ozonefs/target/test-classes:/workdir/hadoop-ozone/ozonefs/target/classes:/home/user/.m2/repository/org/apache/hadoop/hadoop-common/3.2.0/hadoop-common-3.2.0.jar:/home/user/.m2/repository/org/apache/hadoop/hadoop-annotations/3.2.0/hadoop-annotations-3.2.0.jar:/usr/lib/jvm/java-1.8-openjdk/jre/../lib/tools.jar:/home/user/.m2/repository/com/google/guava/guava/11.0.2/guava-11.0.2.jar:/home/user/.m2/repository/commons-cli/commons-cli/1.2/commons-cli-1.2.jar:/home/user/.m2/repository/org/apache/commons/commons-math3/3.1.1/commons-math3-3.1.1.jar:/home/user/.m2/repository/org/apache/httpcomponents/httpclient/4.5.2/httpclient-4.5.2.jar:/home/user/.m2/repository/org/apache/httpcomponents/httpcore/4.4.4/httpcore-4.4.4.jar:/home/user/.m2/repository/commons-codec/commons-codec/1.11/commons-codec-1.11.jar:/home/user/.m2/repository/commons-io/commons-io/2.5/commons-io-2.5.jar:/home/user/.m2/repository/commons-net/commons-net/3.6/commons-net-3.6.jar:/home/user/.m2/repository/commons-collections/commons-collections/3.2.2/commons-collections-3.2.2.jar:/home/user/.m2/repository/javax/servlet/javax.servlet-api/3.1.0/javax.servlet-api-3.1.0.jar:/home/user/.m2/repository/org/eclipse/jetty/jetty-server/9.3.24.v20180605/jetty-server-9.3.24.v20180605.jar:/home/user/.m2/repository/org/eclipse/jetty/jetty-http/9.3.24.v20180605/jetty-http-9.3.24.v20180605.jar:/home/user/.m2/repository/org/eclipse/jetty/jetty-io/9.3.24.v20180605/jetty-io-9.3.24.v20180605.jar:/home/user/.m2/repository/org/eclipse/jetty/jetty-util/9.3.24.v20180605/jetty-util-9.3.24.v20180605.jar:/home/user/.m2/repository/org/eclipse/jetty/jetty-servlet/9.3.24.v20180605/jetty-servlet-9.3.24.v20180605.jar:/home/user/.m2/repository/org/eclipse/jetty/jetty-security/9.3.24.v20180605/jetty-security-9.3.24.v20180605.jar:/home/user/.m2/repository/org/eclipse/jetty/jetty-webapp/9.3.24.v20180605/jetty-webapp-9.3.24.v20180605.jar:/home/user/.m2/repository/org/eclipse/jetty/jetty-xml/9.3.24.v20180605/jetty-xml-9.3.24.v20180605.jar:/home/user/.m2/repository/javax/servlet/jsp/jsp-api/2.1/jsp-api-2.1.jar:/home/user/.m2/repository/com/sun/jersey/jersey-core/1.19/jersey-core-1.19.jar:/home/user/.m2/repository/javax/ws/rs/jsr311-api/1.1.1/jsr311-api-1.1.1.jar:/home/user/.m2/repository/com/sun/jersey/jersey-servlet/1.19/jersey-servlet-1.19.jar:/home/user/.m2/repository/com/sun/jersey/jersey-json/1.19/jersey-json-1.19.jar:/home/user/.m2/repository/org/codehaus/jettison/jettison/1.1/jettison-1.1.jar:/home/user/.m2/repository/com/sun/xml/bind/jaxb-impl/2.3.0.1/jaxb-impl-2.3.0.1.jar:/home/user/.m2/repository/org/codehaus/jackson/jackson-core-asl/1.9.13/jackson-core-asl-1.9.13.jar:/home/user/.m2/repository/org/codehaus/jackson/jackson-mapper-asl/1.9.13/jackson-mapper-asl-1.9.13.jar:/home/user/.m2/repository/org/codehaus/jackson/jackson-jaxrs/1.9.13/jackson-jaxrs-1.9.13.jar:/home/user/.m2/repository/org/codehaus/jackson/jackson-xc/1.9.13/jackson-xc-1.9.13.jar:/home/user/.m2/repository/com/sun/jersey/jersey-server/1.19/jersey-server-1.19.jar:/home/user/.m2/repository/commons-logging/commons-logging/1.1.3/commons-logging-1.1.3.jar:/home/user/.m2/repository/log4j/log4j/1.2.17/log4j-1.2.17.jar:/home/user/.m2/repository/commons-beanutils/commons-beanutils/1.9.3/commons-beanutils-1.9.3.jar:/home/user/.m2/repository/org/apache/commons/commons-configuration2/2.1.1/commons-configuration2-2.1.1.jar:/home/user/.m2/repository/org/apache/commons/commons-lang3/3.7/commons-lang3-3.7.jar:/home/user/.m2/repository/org/apache/commons/commons-text/1.4/commons-text-1.4.jar:/home/user/.m2/repository/org/slf4j/slf4j-api/1.7.25/slf4j-api-1.7.25.jar:/home/user/.m2/repository/org/slf4j/slf4j-log4j12/1.7.25/slf4j-log4j12-1.7.25.jar:/home/user/.m2/repository/org/apache/avro/avro/1.7.7/avro-1.7.7.jar:/home/user/.m2/repository/com/thoughtworks/paranamer/paranamer/2.3/paranamer-2.3.jar:/home/user/.m2/repository/org/xerial/snappy/snappy-java/1.0.5/snappy-java-1.0.5.jar:/home/user/.m2/repository/com/google/re2j/re2j/1.1/re2j-1.1.jar:/home/user/.m2/repository/com/google/protobuf/protobuf-java/2.5.0/protobuf-java-2.5.0.jar:/home/user/.m2/repository/com/google/code/gson/gson/2.2.4/gson-2.2.4.jar:/home/user/.m2/repository/org/apache/hadoop/hadoop-auth/3.2.0/hadoop-auth-3.2.0.jar:/home/user/.m2/repository/com/nimbusds/nimbus-jose-jwt/4.41.1/nimbus-jose-jwt-4.41.1.jar:/home/user/.m2/repository/com/github/stephenc/jcip/jcip-annotations/1.0-1/jcip-annotations-1.0-1.jar:/home/user/.m2/repository/net/minidev/json-smart/2.3/json-smart-2.3.jar:/home/user/.m2/repository/net/minidev/accessors-smart/1.2/accessors-smart-1.2.jar:/home/user/.m2/repository/org/apache/curator/curator-framework/2.12.0/curator-framework-2.12.0.jar:/home/user/.m2/repository/com/jcraft/jsch/0.1.54/jsch-0.1.54.jar:/home/user/.m2/repository/org/apache/curator/curator-client/2.12.0/curator-client-2.12.0.jar:/home/user/.m2/repository/org/apache/curator/curator-recipes/2.12.0/curator-recipes-2.12.0.jar:/home/user/.m2/repository/com/google/code/findbugs/jsr305/3.0.0/jsr305-3.0.0.jar:/home/user/.m2/repository/org/apache/htrace/htrace-core4/4.1.0-incubating/htrace-core4-4.1.0-incubating.jar:/home/user/.m2/repository/org/apache/zookeeper/zookeeper/3.4.13/zookeeper-3.4.13.jar:/home/user/.m2/repository/org/apache/yetus/audience-annotations/0.5.0/audience-annotations-0.5.0.jar:/home/user/.m2/repository/org/apache/commons/commons-compress/1.4.1/commons-compress-1.4.1.jar:/home/user/.m2/repository/org/tukaani/xz/1.0/xz-1.0.jar:/home/user/.m2/repository/org/apache/kerby/kerb-simplekdc/1.0.1/kerb-simplekdc-1.0.1.jar:/home/user/.m2/repository/org/apache/kerby/kerb-client/1.0.1/kerb-client-1.0.1.jar:/home/user/.m2/repository/org/apache/kerby/kerby-config/1.0.1/kerby-config-1.0.1.jar:/home/user/.m2/repository/org/apache/kerby/kerb-core/1.0.1/kerb-core-1.0.1.jar:/home/user/.m2/repository/org/apache/kerby/kerby-pkix/1.0.1/kerby-pkix-1.0.1.jar:/home/user/.m2/repository/org/apache/kerby/kerby-asn1/1.0.1/kerby-asn1-1.0.1.jar:/home/user/.m2/repository/org/apache/kerby/kerby-util/1.0.1/kerby-util-1.0.1.jar:/home/user/.m2/repository/org/apache/kerby/kerb-common/1.0.1/kerb-common-1.0.1.jar:/home/user/.m2/repository/org/apache/kerby/kerb-crypto/1.0.1/kerb-crypto-1.0.1.jar:/home/user/.m2/repository/org/apache/kerby/kerb-util/1.0.1/kerb-util-1.0.1.jar:/home/user/.m2/repository/org/apache/kerby/token-provider/1.0.1/token-provider-1.0.1.jar:/home/user/.m2/repository/org/apache/kerby/kerb-admin/1.0.1/kerb-admin-1.0.1.jar:/home/user/.m2/repository/org/apache/kerby/kerb-server/1.0.1/kerb-server-1.0.1.jar:/home/user/.m2/repository/org/apache/kerby/kerb-identity/1.0.1/kerb-identity-1.0.1.jar:/home/user/.m2/repository/org/apache/kerby/kerby-xdr/1.0.1/kerby-xdr-1.0.1.jar:/home/user/.m2/repository/com/fasterxml/jackson/core/jackson-databind/2.9.5/jackson-databind-2.9.5.jar:/home/user/.m2/repository/com/fasterxml/jackson/core/jackson-annotations/2.9.5/jackson-annotations-2.9.5.jar:/home/user/.m2/repository/com/fasterxml/jackson/core/jackson-core/2.9.5/jackson-core-2.9.5.jar:/home/user/.m2/repository/org/codehaus/woodstox/stax2-api/3.1.4/stax2-api-3.1.4.jar:/home/user/.m2/repository/com/fasterxml/woodstox/woodstox-core/5.0.3/woodstox-core-5.0.3.jar:/home/user/.m2/repository/dnsjava/dnsjava/2.1.7/dnsjava-2.1.7.jar:/home/user/.m2/repository/org/apache/hadoop/hadoop-hdfs/3.2.0/hadoop-hdfs-3.2.0.jar:/home/user/.m2/repository/org/eclipse/jetty/jetty-util-ajax/9.3.24.v20180605/jetty-util-ajax-9.3.24.v20180605.jar:/home/user/.m2/repository/commons-daemon/commons-daemon/1.0.13/commons-daemon-1.0.13.jar:/home/user/.m2/repository/io/netty/netty/3.10.5.Final/netty-3.10.5.Final.jar:/home/user/.m2/repository/io/netty/netty-all/4.0.52.Final/netty-all-4.0.52.Final.jar:/home/user/.m2/repository/org/fusesource/leveldbjni/leveldbjni-all/1.8/leveldbjni-all-1.8.jar:/home/user/.m2/repository/org/apache/hadoop/hadoop-hdds-common/0.5.0-SNAPSHOT/hadoop-hdds-common-0.5.0-SNAPSHOT.jar:/home/user/.m2/repository/org/apache/hadoop/hadoop-hdds-config/0.5.0-SNAPSHOT/hadoop-hdds-config-0.5.0-SNAPSHOT.jar:/home/user/.m2/repository/javax/annotation/javax.annotation-api/1.2/javax.annotation-api-1.2.jar:/home/user/.m2/repository/org/apache/ratis/ratis-server/0.4.0-2337318-SNAPSHOT/ratis-server-0.4.0-2337318-SNAPSHOT.jar:/home/user/.m2/repository/org/apache/ratis/ratis-thirdparty-misc/0.2.0/ratis-thirdparty-misc-0.2.0.jar:/home/user/.m2/repository/org/apache/ratis/ratis-proto/0.4.0-2337318-SNAPSHOT/ratis-proto-0.4.0-2337318-SNAPSHOT.jar:/home/user/.m2/repository/org/apache/ratis/ratis-common/0.4.0-2337318-SNAPSHOT/ratis-common-0.4.0-2337318-SNAPSHOT.jar:/home/user/.m2/repository/org/apache/ratis/ratis-client/0.4.0-2337318-SNAPSHOT/ratis-client-0.4.0-2337318-SNAPSHOT.jar:/home/user/.m2/repository/org/apache/ratis/ratis-metrics/0.4.0-2337318-SNAPSHOT/ratis-metrics-0.4.0-2337318-SNAPSHOT.jar:/home/user/.m2/repository/org/apache/ratis/ratis-netty/0.4.0-2337318-SNAPSHOT/ratis-netty-0.4.0-2337318-SNAPSHOT.jar:/home/user/.m2/repository/org/apache/ratis/ratis-grpc/0.4.0-2337318-SNAPSHOT/ratis-grpc-0.4.0-2337318-SNAPSHOT.jar:/home/user/.m2/repository/org/rocksdb/rocksdbjni/6.0.1/rocksdbjni-6.0.1.jar:/home/user/.m2/repository/org/apache/logging/log4j/log4j-api/2.11.0/log4j-api-2.11.0.jar:/home/user/.m2/repository/org/apache/logging/log4j/log4j-core/2.11.0/log4j-core-2.11.0.jar:/home/user/.m2/repository/com/lmax/disruptor/3.4.2/disruptor-3.4.2.jar:/home/user/.m2/repository/org/apache/commons/commons-pool2/2.6.0/commons-pool2-2.6.0.jar:/home/user/.m2/repository/org/bouncycastle/bcpkix-jdk15on/1.60/bcpkix-jdk15on-1.60.jar:/home/user/.m2/repository/commons-validator/commons-validator/1.6/commons-validator-1.6.jar:/home/user/.m2/repository/commons-digester/commons-digester/1.8.1/commons-digester-1.8.1.jar:/home/user/.m2/repository/io/jaegertracing/jaeger-client/0.33.1/jaeger-client-0.33.1.jar:/home/user/.m2/repository/io/jaegertracing/jaeger-thrift/0.33.1/jaeger-thrift-0.33.1.jar:/home/user/.m2/repository/org/apache/thrift/libthrift/0.11.0/libthrift-0.11.0.jar:/home/user/.m2/repository/com/squareup/okhttp3/okhttp/3.9.0/okhttp-3.9.0.jar:/home/user/.m2/repository/com/squareup/okio/okio/1.13.0/okio-1.13.0.jar:/home/user/.m2/repository/io/jaegertracing/jaeger-core/0.33.1/jaeger-core-0.33.1.jar:/home/user/.m2/repository/io/jaegertracing/jaeger-tracerresolver/0.33.1/jaeger-tracerresolver-0.33.1.jar:/home/user/.m2/repository/io/opentracing/contrib/opentracing-tracerresolver/0.1.5/opentracing-tracerresolver-0.1.5.jar:/home/user/.m2/repository/io/opentracing/opentracing-util/0.31.0/opentracing-util-0.31.0.jar:/home/user/.m2/repository/io/opentracing/opentracing-api/0.31.0/opentracing-api-0.31.0.jar:/home/user/.m2/repository/io/opentracing/opentracing-noop/0.31.0/opentracing-noop-0.31.0.jar:/home/user/.m2/repository/org/yaml/snakeyaml/1.16/snakeyaml-1.16.jar:/home/user/.m2/repository/org/apache/hadoop/hadoop-hdfs-client/3.2.0/hadoop-hdfs-client-3.2.0.jar:/home/user/.m2/repository/info/picocli/picocli/3.9.6/picocli-3.9.6.jar:/home/user/.m2/repository/org/apache/hadoop/hadoop-hdds-server-scm/0.5.0-SNAPSHOT/hadoop-hdds-server-scm-0.5.0-SNAPSHOT.jar:/home/user/.m2/repository/org/apache/hadoop/hadoop-hdds-docs/0.5.0-SNAPSHOT/hadoop-hdds-docs-0.5.0-SNAPSHOT.jar:/home/user/.m2/repository/io/dropwizard/metrics/metrics-core/3.2.4/metrics-core-3.2.4.jar:/home/user/.m2/repository/org/hamcrest/hamcrest-all/1.3/hamcrest-all-1.3.jar:/home/user/.m2/repository/org/bouncycastle/bcprov-jdk15on/1.60/bcprov-jdk15on-1.60.jar:/home/user/.m2/repository/org/apache/hadoop/hadoop-hdds-server-framework/0.5.0-SNAPSHOT/hadoop-hdds-server-framework-0.5.0-SNAPSHOT.jar:/home/user/.m2/repository/org/apache/hadoop/hadoop-ozone-ozone-manager/0.5.0-SNAPSHOT/hadoop-ozone-ozone-manager-0.5.0-SNAPSHOT.jar:/home/user/.m2/repository/org/apache/hadoop/hadoop-hdds-container-service/0.5.0-SNAPSHOT/hadoop-hdds-container-service-0.5.0-SNAPSHOT.jar:/home/user/.m2/repository/org/apache/hadoop/hadoop-hdds-client/0.5.0-SNAPSHOT/hadoop-hdds-client-0.5.0-SNAPSHOT.jar:/home/user/.m2/repository/org/apache/hadoop/hadoop-ozone-common/0.5.0-SNAPSHOT/hadoop-ozone-common-0.5.0-SNAPSHOT.jar:/home/user/.m2/repository/org/apache/hadoop/hadoop-hdds-tools/0.5.0-SNAPSHOT/hadoop-hdds-tools-0.5.0-SNAPSHOT.jar:/home/user/.m2/repository/org/xerial/sqlite-jdbc/3.25.2/sqlite-jdbc-3.25.2.jar:/home/user/.m2/repository/com/google/code/findbugs/findbugs/3.0.1/findbugs-3.0.1.jar:/home/user/.m2/repository/net/jcip/jcip-annotations/1.0/jcip-annotations-1.0.jar:/home/user/.m2/repository/com/google/code/findbugs/bcel-findbugs/6.0/bcel-findbugs-6.0.jar:/home/user/.m2/repository/com/google/code/findbugs/jFormatString/2.0.1/jFormatString-2.0.1.jar:/home/user/.m2/repository/dom4j/dom4j/1.6.1/dom4j-1.6.1.jar:/home/user/.m2/repository/xml-apis/xml-apis/1.0.b2/xml-apis-1.0.b2.jar:/home/user/.m2/repository/org/ow2/asm/asm-debug-all/5.0.2/asm-debug-all-5.0.2.jar:/home/user/.m2/repository/org/ow2/asm/asm-commons/5.0.2/asm-commons-5.0.2.jar:/home/user/.m2/repository/org/ow2/asm/asm-tree/5.0.2/asm-tree-5.0.2.jar:/home/user/.m2/repository/org/ow2/asm/asm/5.0.4/asm-5.0.4.jar:/home/user/.m2/repository/commons-lang/commons-lang/2.6/commons-lang-2.6.jar:/home/user/.m2/repository/com/apple/AppleJavaExtensions/1.4/AppleJavaExtensions-1.4.jar:/home/user/.m2/repository/jaxen/jaxen/1.1.6/jaxen-1.1.6.jar:/home/user/.m2/repository/org/apache/hadoop/hadoop-common/3.2.0/hadoop-common-3.2.0-tests.jar:/home/user/.m2/repository/org/apache/hadoop/hadoop-ozone-client/0.5.0-SNAPSHOT/hadoop-ozone-client-0.5.0-SNAPSHOT.jar:/home/user/.m2/repository/org/apache/hadoop/hadoop-hdfs/3.2.0/hadoop-hdfs-3.2.0-tests.jar:/workdir/hadoop-ozone/integration-test/target/test-classes:/home/user/.m2/repository/org/apache/hadoop/hadoop-ozone-s3gateway/0.5.0-SNAPSHOT/hadoop-ozone-s3gateway-0.5.0-SNAPSHOT.jar:/home/user/.m2/repository/org/jboss/weld/servlet/weld-servlet/2.4.7.Final/weld-servlet-2.4.7.Final.jar:/home/user/.m2/repository/org/glassfish/jersey/containers/jersey-container-servlet-core/2.27/jersey-container-servlet-core-2.27.jar:/home/user/.m2/repository/org/glassfish/hk2/external/javax.inject/2.5.0-b42/javax.inject-2.5.0-b42.jar:/home/user/.m2/repository/org/glassfish/jersey/core/jersey-common/2.27/jersey-common-2.27.jar:/home/user/.m2/repository/org/glassfish/hk2/osgi-resource-locator/1.0.1/osgi-resource-locator-1.0.1.jar:/home/user/.m2/repository/javax/ws/rs/javax.ws.rs-api/2.1/javax.ws.rs-api-2.1.jar:/home/user/.m2/repository/org/glassfish/jersey/ext/cdi/jersey-cdi1x/2.27/jersey-cdi1x-2.27.jar:/home/user/.m2/repository/org/glassfish/jersey/inject/jersey-hk2/2.27/jersey-hk2-2.27.jar:/home/user/.m2/repository/org/glassfish/hk2/hk2-locator/2.5.0-b42/hk2-locator-2.5.0-b42.jar:/home/user/.m2/repository/org/javassist/javassist/3.22.0-CR2/javassist-3.22.0-CR2.jar:/home/user/.m2/repository/org/glassfish/hk2/hk2-api/2.5.0/hk2-api-2.5.0.jar:/home/user/.m2/repository/org/glassfish/hk2/external/jakarta.inject/2.5.0/jakarta.inject-2.5.0.jar:/home/user/.m2/repository/org/glassfish/hk2/hk2-utils/2.5.0/hk2-utils-2.5.0.jar:/home/user/.m2/repository/jakarta/annotation/jakarta.annotation-api/1.3.4/jakarta.annotation-api-1.3.4.jar:/home/user/.m2/repository/org/glassfish/hk2/external/aopalliance-repackaged/2.5.0/aopalliance-repackaged-2.5.0.jar:/home/user/.m2/repository/com/fasterxml/jackson/dataformat/jackson-dataformat-xml/2.9.0/jackson-dataformat-xml-2.9.0.jar:/home/user/.m2/repository/com/fasterxml/jackson/module/jackson-module-jaxb-annotations/2.9.5/jackson-module-jaxb-annotations-2.9.5.jar:/home/user/.m2/repository/javax/enterprise/cdi-api/1.2/cdi-api-1.2.jar:/home/user/.m2/repository/javax/el/javax.el-api/3.0.0/javax.el-api-3.0.0.jar:/home/user/.m2/repository/javax/interceptor/javax.interceptor-api/1.2/javax.interceptor-api-1.2.jar:/home/user/.m2/repository/javax/inject/javax.inject/1/javax.inject-1.jar:/home/user/.m2/repository/com/sun/xml/bind/jaxb-core/2.3.0.1/jaxb-core-2.3.0.1.jar:/home/user/.m2/repository/javax/xml/bind/jaxb-api/2.3.0/jaxb-api-2.3.0.jar:/home/user/.m2/repository/javax/activation/activation/1.1.1/activation-1.1.1.jar:/home/user/.m2/repository/org/apache/hadoop/hadoop-ozone-csi/0.5.0-SNAPSHOT/hadoop-ozone-csi-0.5.0-SNAPSHOT.jar:/home/user/.m2/repository/com/google/protobuf/protobuf-java-util/3.5.1/protobuf-java-util-3.5.1.jar:/home/user/.m2/repository/io/grpc/grpc-netty/1.17.1/grpc-netty-1.17.1.jar:/home/user/.m2/repository/io/grpc/grpc-core/1.17.1/grpc-core-1.17.1.jar:/home/user/.m2/repository/io/grpc/grpc-context/1.17.1/grpc-context-1.17.1.jar:/home/user/.m2/repository/com/google/errorprone/error_prone_annotations/2.2.0/error_prone_annotations-2.2.0.jar:/home/user/.m2/repository/org/codehaus/mojo/animal-sniffer-annotations/1.17/animal-sniffer-annotations-1.17.jar:/home/user/.m2/repository/io/opencensus/opencensus-api/0.17.0/opencensus-api-0.17.0.jar:/home/user/.m2/repository/io/opencensus/opencensus-contrib-grpc-metrics/0.17.0/opencensus-contrib-grpc-metrics-0.17.0.jar:/home/user/.m2/repository/io/netty/netty-codec-http2/4.1.30.Final/netty-codec-http2-4.1.30.Final.jar:/home/user/.m2/repository/io/netty/netty-codec-http/4.1.30.Final/netty-codec-http-4.1.30.Final.jar:/home/user/.m2/repository/io/netty/netty-codec/4.1.30.Final/netty-codec-4.1.30.Final.jar:/home/user/.m2/repository/io/netty/netty-handler/4.1.30.Final/netty-handler-4.1.30.Final.jar:/home/user/.m2/repository/io/netty/netty-handler-proxy/4.1.30.Final/netty-handler-proxy-4.1.30.Final.jar:/home/user/.m2/repository/io/netty/netty-codec-socks/4.1.30.Final/netty-codec-socks-4.1.30.Final.jar:/home/user/.m2/repository/io/netty/netty-transport-native-epoll/4.1.30.Final/netty-transport-native-epoll-4.1.30.Final.jar:/home/user/.m2/repository/io/netty/netty-common/4.1.30.Final/netty-common-4.1.30.Final.jar:/home/user/.m2/repository/io/netty/netty-buffer/4.1.30.Final/netty-buffer-4.1.30.Final.jar:/home/user/.m2/repository/io/netty/netty-transport/4.1.30.Final/netty-transport-4.1.30.Final.jar:/home/user/.m2/repository/io/netty/netty-resolver/4.1.30.Final/netty-resolver-4.1.30.Final.jar:/home/user/.m2/repository/io/netty/netty-transport-native-unix-common/4.1.30.Final/netty-transport-native-unix-common-4.1.30.Final.jar:/home/user/.m2/repository/io/grpc/grpc-protobuf/1.17.1/grpc-protobuf-1.17.1.jar:/home/user/.m2/repository/com/google/api/grpc/proto-google-common-protos/1.0.0/proto-google-common-protos-1.0.0.jar:/home/user/.m2/repository/io/grpc/grpc-protobuf-lite/1.17.1/grpc-protobuf-lite-1.17.1.jar:/home/user/.m2/repository/io/grpc/grpc-stub/1.17.1/grpc-stub-1.17.1.jar:/home/user/.m2/repository/org/apache/hadoop/hadoop-ozone-recon/0.5.0-SNAPSHOT/hadoop-ozone-recon-0.5.0-SNAPSHOT.jar:/home/user/.m2/repository/org/apache/hadoop/hadoop-ozone-reconcodegen/0.5.0-SNAPSHOT/hadoop-ozone-reconcodegen-0.5.0-SNAPSHOT.jar:/home/user/.m2/repository/com/google/inject/extensions/guice-multibindings/4.0/guice-multibindings-4.0.jar:/home/user/.m2/repository/com/google/inject/guice/4.0/guice-4.0.jar:/home/user/.m2/repository/aopalliance/aopalliance/1.0/aopalliance-1.0.jar:/home/user/.m2/repository/org/glassfish/jersey/containers/jersey-container-servlet/2.27/jersey-container-servlet-2.27.jar:/home/user/.m2/repository/org/glassfish/hk2/guice-bridge/2.5.0/guice-bridge-2.5.0.jar:/home/user/.m2/repository/org/glassfish/jersey/core/jersey-server/2.27/jersey-server-2.27.jar:/home/user/.m2/repository/org/glassfish/jersey/core/jersey-client/2.27/jersey-client-2.27.jar:/home/user/.m2/repository/org/glassfish/jersey/media/jersey-media-jaxb/2.27/jersey-media-jaxb-2.27.jar:/home/user/.m2/repository/javax/validation/validation-api/1.1.0.Final/validation-api-1.1.0.Final.jar:/home/user/.m2/repository/org/glassfish/jersey/media/jersey-media-json-jackson/2.27/jersey-media-json-jackson-2.27.jar:/home/user/.m2/repository/org/glassfish/jersey/ext/jersey-entity-filtering/2.27/jersey-entity-filtering-2.27.jar:/home/user/.m2/repository/com/google/inject/extensions/guice-assistedinject/4.0/guice-assistedinject-4.0.jar:/home/user/.m2/repository/org/jooq/jooq/3.11.10/jooq-3.11.10.jar:/home/user/.m2/repository/org/jooq/jooq-meta/3.11.10/jooq-meta-3.11.10.jar:/home/user/.m2/repository/org/jooq/jooq-codegen/3.11.10/jooq-codegen-3.11.10.jar:/home/user/.m2/repository/com/jolbox/bonecp/0.8.0.RELEASE/bonecp-0.8.0.RELEASE.jar:/home/user/.m2/repository/org/springframework/spring-jdbc/5.1.3.RELEASE/spring-jdbc-5.1.3.RELEASE.jar:/home/user/.m2/repository/org/springframework/spring-beans/5.1.3.RELEASE/spring-beans-5.1.3.RELEASE.jar:/home/user/.m2/repository/org/springframework/spring-core/5.1.3.RELEASE/spring-core-5.1.3.RELEASE.jar:/home/user/.m2/repository/org/springframework/spring-jcl/5.1.3.RELEASE/spring-jcl-5.1.3.RELEASE.jar:/home/user/.m2/repository/org/springframework/spring-tx/5.1.3.RELEASE/spring-tx-5.1.3.RELEASE.jar:/home/user/.m2/repository/org/mockito/mockito-all/1.10.19/mockito-all-1.10.19.jar:/home/user/.m2/repository/junit/junit/4.11/junit-4.11.jar:/home/user/.m2/repository/org/hamcrest/hamcrest-core/1.3/hamcrest-core-1.3.jar:/home/user/.m2/repository/org/apache/hadoop/hadoop-distcp/3.2.0/hadoop-distcp-3.2.0.jar:/home/user/.m2/repository/org/apache/hadoop/hadoop-distcp/3.2.0/hadoop-distcp-3.2.0-tests.jar:/home/user/.m2/repository/org/apache/hadoop/hadoop-mapreduce-client-jobclient/3.2.0/hadoop-mapreduce-client-jobclient-3.2.0.jar:/home/user/.m2/repository/org/apache/hadoop/hadoop-mapreduce-client-common/3.2.0/hadoop-mapreduce-client-common-3.2.0.jar:/home/user/.m2/repository/org/apache/hadoop/hadoop-yarn-common/3.2.0/hadoop-yarn-common-3.2.0.jar:/home/user/.m2/repository/org/apache/hadoop/hadoop-yarn-api/3.2.0/hadoop-yarn-api-3.2.0.jar:/home/user/.m2/repository/com/sun/jersey/jersey-client/1.19/jersey-client-1.19.jar:/home/user/.m2/repository/com/sun/jersey/contribs/jersey-guice/1.19/jersey-guice-1.19.jar:/home/user/.m2/repository/com/fasterxml/jackson/jaxrs/jackson-jaxrs-json-provider/2.9.5/jackson-jaxrs-json-provider-2.9.5.jar:/home/user/.m2/repository/com/fasterxml/jackson/jaxrs/jackson-jaxrs-base/2.9.5/jackson-jaxrs-base-2.9.5.jar:/home/user/.m2/repository/org/apache/hadoop/hadoop-yarn-client/3.2.0/hadoop-yarn-client-3.2.0.jar:/home/user/.m2/repository/org/apache/hadoop/hadoop-mapreduce-client-core/3.2.0/hadoop-mapreduce-client-core-3.2.0.jar:/home/user/.m2/repository/com/google/inject/extensions/guice-servlet/4.0/guice-servlet-4.0.jar:/home/user/.m2/repository/org/powermock/powermock-module-junit4/1.6.5/powermock-module-junit4-1.6.5.jar:/home/user/.m2/repository/org/powermock/powermock-module-junit4-common/1.6.5/powermock-module-junit4-common-1.6.5.jar:/home/user/.m2/repository/org/powermock/powermock-core/1.6.5/powermock-core-1.6.5.jar:/home/user/.m2/repository/org/powermock/powermock-reflect/1.6.5/powermock-reflect-1.6.5.jar:/home/user/.m2/repository/org/powermock/powermock-api-mockito/1.6.5/powermock-api-mockito-1.6.5.jar:/home/user/.m2/repository/org/mockito/mockito-core/1.10.19/mockito-core-1.10.19.jar:/home/user/.m2/repository/org/objenesis/objenesis/1.0/objenesis-1.0.jar:/home/user/.m2/repository/org/powermock/powermock-api-mockito-common/1.6.5/powermock-api-mockito-common-1.6.5.jar:/home/user/.m2/repository/org/powermock/powermock-api-support/1.6.5/powermock-api-support-1.6.5.jar:"/>
    <property name="java.vm.vendor" value="IcedTea"/>
    <property name="sun.arch.data.model" value="64"/>
    <property name="test.build.dir" value="/workdir/hadoop-ozone/ozonefs/target/test-dir"/>
    <property name="test.cache.data" value=""/>
    <property name="java.vendor.url" value="https://icedtea.classpath.org"/>
    <property name="user.timezone" value=""/>
    <property name="java.vm.specification.version" value="1.8"/>
    <property name="os.name" value="Linux"/>
    <property name="test.build.data" value="/workdir/hadoop-ozone/ozonefs/target/test-dir"/>
    <property name="user.country" value="US"/>
    <property name="sun.java.launcher" value="SUN_STANDARD"/>
    <property name="sun.boot.library.path" value="/usr/lib/jvm/java-1.8-openjdk/jre/lib/amd64"/>
    <property name="sun.java.command" value="/workdir/hadoop-ozone/ozonefs/target/surefire/surefirebooter576714651115140837.jar /workdir/hadoop-ozone/ozonefs/target/surefire 2019-09-06T20-42-56_619-jvmRun1 surefire5625219656255165380tmp surefire_95585286865590380606tmp"/>
    <property name="test" value="!TestMiniChaosOzoneCluster"/>
    <property name="surefire.test.class.path" value="/workdir/hadoop-ozone/ozonefs/target/test-classes:/workdir/hadoop-ozone/ozonefs/target/classes:/home/user/.m2/repository/org/apache/hadoop/hadoop-common/3.2.0/hadoop-common-3.2.0.jar:/home/user/.m2/repository/org/apache/hadoop/hadoop-annotations/3.2.0/hadoop-annotations-3.2.0.jar:/usr/lib/jvm/java-1.8-openjdk/jre/../lib/tools.jar:/home/user/.m2/repository/com/google/guava/guava/11.0.2/guava-11.0.2.jar:/home/user/.m2/repository/commons-cli/commons-cli/1.2/commons-cli-1.2.jar:/home/user/.m2/repository/org/apache/commons/commons-math3/3.1.1/commons-math3-3.1.1.jar:/home/user/.m2/repository/org/apache/httpcomponents/httpclient/4.5.2/httpclient-4.5.2.jar:/home/user/.m2/repository/org/apache/httpcomponents/httpcore/4.4.4/httpcore-4.4.4.jar:/home/user/.m2/repository/commons-codec/commons-codec/1.11/commons-codec-1.11.jar:/home/user/.m2/repository/commons-io/commons-io/2.5/commons-io-2.5.jar:/home/user/.m2/repository/commons-net/commons-net/3.6/commons-net-3.6.jar:/home/user/.m2/repository/commons-collections/commons-collections/3.2.2/commons-collections-3.2.2.jar:/home/user/.m2/repository/javax/servlet/javax.servlet-api/3.1.0/javax.servlet-api-3.1.0.jar:/home/user/.m2/repository/org/eclipse/jetty/jetty-server/9.3.24.v20180605/jetty-server-9.3.24.v20180605.jar:/home/user/.m2/repository/org/eclipse/jetty/jetty-http/9.3.24.v20180605/jetty-http-9.3.24.v20180605.jar:/home/user/.m2/repository/org/eclipse/jetty/jetty-io/9.3.24.v20180605/jetty-io-9.3.24.v20180605.jar:/home/user/.m2/repository/org/eclipse/jetty/jetty-util/9.3.24.v20180605/jetty-util-9.3.24.v20180605.jar:/home/user/.m2/repository/org/eclipse/jetty/jetty-servlet/9.3.24.v20180605/jetty-servlet-9.3.24.v20180605.jar:/home/user/.m2/repository/org/eclipse/jetty/jetty-security/9.3.24.v20180605/jetty-security-9.3.24.v20180605.jar:/home/user/.m2/repository/org/eclipse/jetty/jetty-webapp/9.3.24.v20180605/jetty-webapp-9.3.24.v20180605.jar:/home/user/.m2/repository/org/eclipse/jetty/jetty-xml/9.3.24.v20180605/jetty-xml-9.3.24.v20180605.jar:/home/user/.m2/repository/javax/servlet/jsp/jsp-api/2.1/jsp-api-2.1.jar:/home/user/.m2/repository/com/sun/jersey/jersey-core/1.19/jersey-core-1.19.jar:/home/user/.m2/repository/javax/ws/rs/jsr311-api/1.1.1/jsr311-api-1.1.1.jar:/home/user/.m2/repository/com/sun/jersey/jersey-servlet/1.19/jersey-servlet-1.19.jar:/home/user/.m2/repository/com/sun/jersey/jersey-json/1.19/jersey-json-1.19.jar:/home/user/.m2/repository/org/codehaus/jettison/jettison/1.1/jettison-1.1.jar:/home/user/.m2/repository/com/sun/xml/bind/jaxb-impl/2.3.0.1/jaxb-impl-2.3.0.1.jar:/home/user/.m2/repository/org/codehaus/jackson/jackson-core-asl/1.9.13/jackson-core-asl-1.9.13.jar:/home/user/.m2/repository/org/codehaus/jackson/jackson-mapper-asl/1.9.13/jackson-mapper-asl-1.9.13.jar:/home/user/.m2/repository/org/codehaus/jackson/jackson-jaxrs/1.9.13/jackson-jaxrs-1.9.13.jar:/home/user/.m2/repository/org/codehaus/jackson/jackson-xc/1.9.13/jackson-xc-1.9.13.jar:/home/user/.m2/repository/com/sun/jersey/jersey-server/1.19/jersey-server-1.19.jar:/home/user/.m2/repository/commons-logging/commons-logging/1.1.3/commons-logging-1.1.3.jar:/home/user/.m2/repository/log4j/log4j/1.2.17/log4j-1.2.17.jar:/home/user/.m2/repository/commons-beanutils/commons-beanutils/1.9.3/commons-beanutils-1.9.3.jar:/home/user/.m2/repository/org/apache/commons/commons-configuration2/2.1.1/commons-configuration2-2.1.1.jar:/home/user/.m2/repository/org/apache/commons/commons-lang3/3.7/commons-lang3-3.7.jar:/home/user/.m2/repository/org/apache/commons/commons-text/1.4/commons-text-1.4.jar:/home/user/.m2/repository/org/slf4j/slf4j-api/1.7.25/slf4j-api-1.7.25.jar:/home/user/.m2/repository/org/slf4j/slf4j-log4j12/1.7.25/slf4j-log4j12-1.7.25.jar:/home/user/.m2/repository/org/apache/avro/avro/1.7.7/avro-1.7.7.jar:/home/user/.m2/repository/com/thoughtworks/paranamer/paranamer/2.3/paranamer-2.3.jar:/home/user/.m2/repository/org/xerial/snappy/snappy-java/1.0.5/snappy-java-1.0.5.jar:/home/user/.m2/repository/com/google/re2j/re2j/1.1/re2j-1.1.jar:/home/user/.m2/repository/com/google/protobuf/protobuf-java/2.5.0/protobuf-java-2.5.0.jar:/home/user/.m2/repository/com/google/code/gson/gson/2.2.4/gson-2.2.4.jar:/home/user/.m2/repository/org/apache/hadoop/hadoop-auth/3.2.0/hadoop-auth-3.2.0.jar:/home/user/.m2/repository/com/nimbusds/nimbus-jose-jwt/4.41.1/nimbus-jose-jwt-4.41.1.jar:/home/user/.m2/repository/com/github/stephenc/jcip/jcip-annotations/1.0-1/jcip-annotations-1.0-1.jar:/home/user/.m2/repository/net/minidev/json-smart/2.3/json-smart-2.3.jar:/home/user/.m2/repository/net/minidev/accessors-smart/1.2/accessors-smart-1.2.jar:/home/user/.m2/repository/org/apache/curator/curator-framework/2.12.0/curator-framework-2.12.0.jar:/home/user/.m2/repository/com/jcraft/jsch/0.1.54/jsch-0.1.54.jar:/home/user/.m2/repository/org/apache/curator/curator-client/2.12.0/curator-client-2.12.0.jar:/home/user/.m2/repository/org/apache/curator/curator-recipes/2.12.0/curator-recipes-2.12.0.jar:/home/user/.m2/repository/com/google/code/findbugs/jsr305/3.0.0/jsr305-3.0.0.jar:/home/user/.m2/repository/org/apache/htrace/htrace-core4/4.1.0-incubating/htrace-core4-4.1.0-incubating.jar:/home/user/.m2/repository/org/apache/zookeeper/zookeeper/3.4.13/zookeeper-3.4.13.jar:/home/user/.m2/repository/org/apache/yetus/audience-annotations/0.5.0/audience-annotations-0.5.0.jar:/home/user/.m2/repository/org/apache/commons/commons-compress/1.4.1/commons-compress-1.4.1.jar:/home/user/.m2/repository/org/tukaani/xz/1.0/xz-1.0.jar:/home/user/.m2/repository/org/apache/kerby/kerb-simplekdc/1.0.1/kerb-simplekdc-1.0.1.jar:/home/user/.m2/repository/org/apache/kerby/kerb-client/1.0.1/kerb-client-1.0.1.jar:/home/user/.m2/repository/org/apache/kerby/kerby-config/1.0.1/kerby-config-1.0.1.jar:/home/user/.m2/repository/org/apache/kerby/kerb-core/1.0.1/kerb-core-1.0.1.jar:/home/user/.m2/repository/org/apache/kerby/kerby-pkix/1.0.1/kerby-pkix-1.0.1.jar:/home/user/.m2/repository/org/apache/kerby/kerby-asn1/1.0.1/kerby-asn1-1.0.1.jar:/home/user/.m2/repository/org/apache/kerby/kerby-util/1.0.1/kerby-util-1.0.1.jar:/home/user/.m2/repository/org/apache/kerby/kerb-common/1.0.1/kerb-common-1.0.1.jar:/home/user/.m2/repository/org/apache/kerby/kerb-crypto/1.0.1/kerb-crypto-1.0.1.jar:/home/user/.m2/repository/org/apache/kerby/kerb-util/1.0.1/kerb-util-1.0.1.jar:/home/user/.m2/repository/org/apache/kerby/token-provider/1.0.1/token-provider-1.0.1.jar:/home/user/.m2/repository/org/apache/kerby/kerb-admin/1.0.1/kerb-admin-1.0.1.jar:/home/user/.m2/repository/org/apache/kerby/kerb-server/1.0.1/kerb-server-1.0.1.jar:/home/user/.m2/repository/org/apache/kerby/kerb-identity/1.0.1/kerb-identity-1.0.1.jar:/home/user/.m2/repository/org/apache/kerby/kerby-xdr/1.0.1/kerby-xdr-1.0.1.jar:/home/user/.m2/repository/com/fasterxml/jackson/core/jackson-databind/2.9.5/jackson-databind-2.9.5.jar:/home/user/.m2/repository/com/fasterxml/jackson/core/jackson-annotations/2.9.5/jackson-annotations-2.9.5.jar:/home/user/.m2/repository/com/fasterxml/jackson/core/jackson-core/2.9.5/jackson-core-2.9.5.jar:/home/user/.m2/repository/org/codehaus/woodstox/stax2-api/3.1.4/stax2-api-3.1.4.jar:/home/user/.m2/repository/com/fasterxml/woodstox/woodstox-core/5.0.3/woodstox-core-5.0.3.jar:/home/user/.m2/repository/dnsjava/dnsjava/2.1.7/dnsjava-2.1.7.jar:/home/user/.m2/repository/org/apache/hadoop/hadoop-hdfs/3.2.0/hadoop-hdfs-3.2.0.jar:/home/user/.m2/repository/org/eclipse/jetty/jetty-util-ajax/9.3.24.v20180605/jetty-util-ajax-9.3.24.v20180605.jar:/home/user/.m2/repository/commons-daemon/commons-daemon/1.0.13/commons-daemon-1.0.13.jar:/home/user/.m2/repository/io/netty/netty/3.10.5.Final/netty-3.10.5.Final.jar:/home/user/.m2/repository/io/netty/netty-all/4.0.52.Final/netty-all-4.0.52.Final.jar:/home/user/.m2/repository/org/fusesource/leveldbjni/leveldbjni-all/1.8/leveldbjni-all-1.8.jar:/home/user/.m2/repository/org/apache/hadoop/hadoop-hdds-common/0.5.0-SNAPSHOT/hadoop-hdds-common-0.5.0-SNAPSHOT.jar:/home/user/.m2/repository/org/apache/hadoop/hadoop-hdds-config/0.5.0-SNAPSHOT/hadoop-hdds-config-0.5.0-SNAPSHOT.jar:/home/user/.m2/repository/javax/annotation/javax.annotation-api/1.2/javax.annotation-api-1.2.jar:/home/user/.m2/repository/org/apache/ratis/ratis-server/0.4.0-2337318-SNAPSHOT/ratis-server-0.4.0-2337318-SNAPSHOT.jar:/home/user/.m2/repository/org/apache/ratis/ratis-thirdparty-misc/0.2.0/ratis-thirdparty-misc-0.2.0.jar:/home/user/.m2/repository/org/apache/ratis/ratis-proto/0.4.0-2337318-SNAPSHOT/ratis-proto-0.4.0-2337318-SNAPSHOT.jar:/home/user/.m2/repository/org/apache/ratis/ratis-common/0.4.0-2337318-SNAPSHOT/ratis-common-0.4.0-2337318-SNAPSHOT.jar:/home/user/.m2/repository/org/apache/ratis/ratis-client/0.4.0-2337318-SNAPSHOT/ratis-client-0.4.0-2337318-SNAPSHOT.jar:/home/user/.m2/repository/org/apache/ratis/ratis-metrics/0.4.0-2337318-SNAPSHOT/ratis-metrics-0.4.0-2337318-SNAPSHOT.jar:/home/user/.m2/repository/org/apache/ratis/ratis-netty/0.4.0-2337318-SNAPSHOT/ratis-netty-0.4.0-2337318-SNAPSHOT.jar:/home/user/.m2/repository/org/apache/ratis/ratis-grpc/0.4.0-2337318-SNAPSHOT/ratis-grpc-0.4.0-2337318-SNAPSHOT.jar:/home/user/.m2/repository/org/rocksdb/rocksdbjni/6.0.1/rocksdbjni-6.0.1.jar:/home/user/.m2/repository/org/apache/logging/log4j/log4j-api/2.11.0/log4j-api-2.11.0.jar:/home/user/.m2/repository/org/apache/logging/log4j/log4j-core/2.11.0/log4j-core-2.11.0.jar:/home/user/.m2/repository/com/lmax/disruptor/3.4.2/disruptor-3.4.2.jar:/home/user/.m2/repository/org/apache/commons/commons-pool2/2.6.0/commons-pool2-2.6.0.jar:/home/user/.m2/repository/org/bouncycastle/bcpkix-jdk15on/1.60/bcpkix-jdk15on-1.60.jar:/home/user/.m2/repository/commons-validator/commons-validator/1.6/commons-validator-1.6.jar:/home/user/.m2/repository/commons-digester/commons-digester/1.8.1/commons-digester-1.8.1.jar:/home/user/.m2/repository/io/jaegertracing/jaeger-client/0.33.1/jaeger-client-0.33.1.jar:/home/user/.m2/repository/io/jaegertracing/jaeger-thrift/0.33.1/jaeger-thrift-0.33.1.jar:/home/user/.m2/repository/org/apache/thrift/libthrift/0.11.0/libthrift-0.11.0.jar:/home/user/.m2/repository/com/squareup/okhttp3/okhttp/3.9.0/okhttp-3.9.0.jar:/home/user/.m2/repository/com/squareup/okio/okio/1.13.0/okio-1.13.0.jar:/home/user/.m2/repository/io/jaegertracing/jaeger-core/0.33.1/jaeger-core-0.33.1.jar:/home/user/.m2/repository/io/jaegertracing/jaeger-tracerresolver/0.33.1/jaeger-tracerresolver-0.33.1.jar:/home/user/.m2/repository/io/opentracing/contrib/opentracing-tracerresolver/0.1.5/opentracing-tracerresolver-0.1.5.jar:/home/user/.m2/repository/io/opentracing/opentracing-util/0.31.0/opentracing-util-0.31.0.jar:/home/user/.m2/repository/io/opentracing/opentracing-api/0.31.0/opentracing-api-0.31.0.jar:/home/user/.m2/repository/io/opentracing/opentracing-noop/0.31.0/opentracing-noop-0.31.0.jar:/home/user/.m2/repository/org/yaml/snakeyaml/1.16/snakeyaml-1.16.jar:/home/user/.m2/repository/org/apache/hadoop/hadoop-hdfs-client/3.2.0/hadoop-hdfs-client-3.2.0.jar:/home/user/.m2/repository/info/picocli/picocli/3.9.6/picocli-3.9.6.jar:/home/user/.m2/repository/org/apache/hadoop/hadoop-hdds-server-scm/0.5.0-SNAPSHOT/hadoop-hdds-server-scm-0.5.0-SNAPSHOT.jar:/home/user/.m2/repository/org/apache/hadoop/hadoop-hdds-docs/0.5.0-SNAPSHOT/hadoop-hdds-docs-0.5.0-SNAPSHOT.jar:/home/user/.m2/repository/io/dropwizard/metrics/metrics-core/3.2.4/metrics-core-3.2.4.jar:/home/user/.m2/repository/org/hamcrest/hamcrest-all/1.3/hamcrest-all-1.3.jar:/home/user/.m2/repository/org/bouncycastle/bcprov-jdk15on/1.60/bcprov-jdk15on-1.60.jar:/home/user/.m2/repository/org/apache/hadoop/hadoop-hdds-server-framework/0.5.0-SNAPSHOT/hadoop-hdds-server-framework-0.5.0-SNAPSHOT.jar:/home/user/.m2/repository/org/apache/hadoop/hadoop-ozone-ozone-manager/0.5.0-SNAPSHOT/hadoop-ozone-ozone-manager-0.5.0-SNAPSHOT.jar:/home/user/.m2/repository/org/apache/hadoop/hadoop-hdds-container-service/0.5.0-SNAPSHOT/hadoop-hdds-container-service-0.5.0-SNAPSHOT.jar:/home/user/.m2/repository/org/apache/hadoop/hadoop-hdds-client/0.5.0-SNAPSHOT/hadoop-hdds-client-0.5.0-SNAPSHOT.jar:/home/user/.m2/repository/org/apache/hadoop/hadoop-ozone-common/0.5.0-SNAPSHOT/hadoop-ozone-common-0.5.0-SNAPSHOT.jar:/home/user/.m2/repository/org/apache/hadoop/hadoop-hdds-tools/0.5.0-SNAPSHOT/hadoop-hdds-tools-0.5.0-SNAPSHOT.jar:/home/user/.m2/repository/org/xerial/sqlite-jdbc/3.25.2/sqlite-jdbc-3.25.2.jar:/home/user/.m2/repository/com/google/code/findbugs/findbugs/3.0.1/findbugs-3.0.1.jar:/home/user/.m2/repository/net/jcip/jcip-annotations/1.0/jcip-annotations-1.0.jar:/home/user/.m2/repository/com/google/code/findbugs/bcel-findbugs/6.0/bcel-findbugs-6.0.jar:/home/user/.m2/repository/com/google/code/findbugs/jFormatString/2.0.1/jFormatString-2.0.1.jar:/home/user/.m2/repository/dom4j/dom4j/1.6.1/dom4j-1.6.1.jar:/home/user/.m2/repository/xml-apis/xml-apis/1.0.b2/xml-apis-1.0.b2.jar:/home/user/.m2/repository/org/ow2/asm/asm-debug-all/5.0.2/asm-debug-all-5.0.2.jar:/home/user/.m2/repository/org/ow2/asm/asm-commons/5.0.2/asm-commons-5.0.2.jar:/home/user/.m2/repository/org/ow2/asm/asm-tree/5.0.2/asm-tree-5.0.2.jar:/home/user/.m2/repository/org/ow2/asm/asm/5.0.4/asm-5.0.4.jar:/home/user/.m2/repository/commons-lang/commons-lang/2.6/commons-lang-2.6.jar:/home/user/.m2/repository/com/apple/AppleJavaExtensions/1.4/AppleJavaExtensions-1.4.jar:/home/user/.m2/repository/jaxen/jaxen/1.1.6/jaxen-1.1.6.jar:/home/user/.m2/repository/org/apache/hadoop/hadoop-common/3.2.0/hadoop-common-3.2.0-tests.jar:/home/user/.m2/repository/org/apache/hadoop/hadoop-ozone-client/0.5.0-SNAPSHOT/hadoop-ozone-client-0.5.0-SNAPSHOT.jar:/home/user/.m2/repository/org/apache/hadoop/hadoop-hdfs/3.2.0/hadoop-hdfs-3.2.0-tests.jar:/workdir/hadoop-ozone/integration-test/target/test-classes:/home/user/.m2/repository/org/apache/hadoop/hadoop-ozone-s3gateway/0.5.0-SNAPSHOT/hadoop-ozone-s3gateway-0.5.0-SNAPSHOT.jar:/home/user/.m2/repository/org/jboss/weld/servlet/weld-servlet/2.4.7.Final/weld-servlet-2.4.7.Final.jar:/home/user/.m2/repository/org/glassfish/jersey/containers/jersey-container-servlet-core/2.27/jersey-container-servlet-core-2.27.jar:/home/user/.m2/repository/org/glassfish/hk2/external/javax.inject/2.5.0-b42/javax.inject-2.5.0-b42.jar:/home/user/.m2/repository/org/glassfish/jersey/core/jersey-common/2.27/jersey-common-2.27.jar:/home/user/.m2/repository/org/glassfish/hk2/osgi-resource-locator/1.0.1/osgi-resource-locator-1.0.1.jar:/home/user/.m2/repository/javax/ws/rs/javax.ws.rs-api/2.1/javax.ws.rs-api-2.1.jar:/home/user/.m2/repository/org/glassfish/jersey/ext/cdi/jersey-cdi1x/2.27/jersey-cdi1x-2.27.jar:/home/user/.m2/repository/org/glassfish/jersey/inject/jersey-hk2/2.27/jersey-hk2-2.27.jar:/home/user/.m2/repository/org/glassfish/hk2/hk2-locator/2.5.0-b42/hk2-locator-2.5.0-b42.jar:/home/user/.m2/repository/org/javassist/javassist/3.22.0-CR2/javassist-3.22.0-CR2.jar:/home/user/.m2/repository/org/glassfish/hk2/hk2-api/2.5.0/hk2-api-2.5.0.jar:/home/user/.m2/repository/org/glassfish/hk2/external/jakarta.inject/2.5.0/jakarta.inject-2.5.0.jar:/home/user/.m2/repository/org/glassfish/hk2/hk2-utils/2.5.0/hk2-utils-2.5.0.jar:/home/user/.m2/repository/jakarta/annotation/jakarta.annotation-api/1.3.4/jakarta.annotation-api-1.3.4.jar:/home/user/.m2/repository/org/glassfish/hk2/external/aopalliance-repackaged/2.5.0/aopalliance-repackaged-2.5.0.jar:/home/user/.m2/repository/com/fasterxml/jackson/dataformat/jackson-dataformat-xml/2.9.0/jackson-dataformat-xml-2.9.0.jar:/home/user/.m2/repository/com/fasterxml/jackson/module/jackson-module-jaxb-annotations/2.9.5/jackson-module-jaxb-annotations-2.9.5.jar:/home/user/.m2/repository/javax/enterprise/cdi-api/1.2/cdi-api-1.2.jar:/home/user/.m2/repository/javax/el/javax.el-api/3.0.0/javax.el-api-3.0.0.jar:/home/user/.m2/repository/javax/interceptor/javax.interceptor-api/1.2/javax.interceptor-api-1.2.jar:/home/user/.m2/repository/javax/inject/javax.inject/1/javax.inject-1.jar:/home/user/.m2/repository/com/sun/xml/bind/jaxb-core/2.3.0.1/jaxb-core-2.3.0.1.jar:/home/user/.m2/repository/javax/xml/bind/jaxb-api/2.3.0/jaxb-api-2.3.0.jar:/home/user/.m2/repository/javax/activation/activation/1.1.1/activation-1.1.1.jar:/home/user/.m2/repository/org/apache/hadoop/hadoop-ozone-csi/0.5.0-SNAPSHOT/hadoop-ozone-csi-0.5.0-SNAPSHOT.jar:/home/user/.m2/repository/com/google/protobuf/protobuf-java-util/3.5.1/protobuf-java-util-3.5.1.jar:/home/user/.m2/repository/io/grpc/grpc-netty/1.17.1/grpc-netty-1.17.1.jar:/home/user/.m2/repository/io/grpc/grpc-core/1.17.1/grpc-core-1.17.1.jar:/home/user/.m2/repository/io/grpc/grpc-context/1.17.1/grpc-context-1.17.1.jar:/home/user/.m2/repository/com/google/errorprone/error_prone_annotations/2.2.0/error_prone_annotations-2.2.0.jar:/home/user/.m2/repository/org/codehaus/mojo/animal-sniffer-annotations/1.17/animal-sniffer-annotations-1.17.jar:/home/user/.m2/repository/io/opencensus/opencensus-api/0.17.0/opencensus-api-0.17.0.jar:/home/user/.m2/repository/io/opencensus/opencensus-contrib-grpc-metrics/0.17.0/opencensus-contrib-grpc-metrics-0.17.0.jar:/home/user/.m2/repository/io/netty/netty-codec-http2/4.1.30.Final/netty-codec-http2-4.1.30.Final.jar:/home/user/.m2/repository/io/netty/netty-codec-http/4.1.30.Final/netty-codec-http-4.1.30.Final.jar:/home/user/.m2/repository/io/netty/netty-codec/4.1.30.Final/netty-codec-4.1.30.Final.jar:/home/user/.m2/repository/io/netty/netty-handler/4.1.30.Final/netty-handler-4.1.30.Final.jar:/home/user/.m2/repository/io/netty/netty-handler-proxy/4.1.30.Final/netty-handler-proxy-4.1.30.Final.jar:/home/user/.m2/repository/io/netty/netty-codec-socks/4.1.30.Final/netty-codec-socks-4.1.30.Final.jar:/home/user/.m2/repository/io/netty/netty-transport-native-epoll/4.1.30.Final/netty-transport-native-epoll-4.1.30.Final.jar:/home/user/.m2/repository/io/netty/netty-common/4.1.30.Final/netty-common-4.1.30.Final.jar:/home/user/.m2/repository/io/netty/netty-buffer/4.1.30.Final/netty-buffer-4.1.30.Final.jar:/home/user/.m2/repository/io/netty/netty-transport/4.1.30.Final/netty-transport-4.1.30.Final.jar:/home/user/.m2/repository/io/netty/netty-resolver/4.1.30.Final/netty-resolver-4.1.30.Final.jar:/home/user/.m2/repository/io/netty/netty-transport-native-unix-common/4.1.30.Final/netty-transport-native-unix-common-4.1.30.Final.jar:/home/user/.m2/repository/io/grpc/grpc-protobuf/1.17.1/grpc-protobuf-1.17.1.jar:/home/user/.m2/repository/com/google/api/grpc/proto-google-common-protos/1.0.0/proto-google-common-protos-1.0.0.jar:/home/user/.m2/repository/io/grpc/grpc-protobuf-lite/1.17.1/grpc-protobuf-lite-1.17.1.jar:/home/user/.m2/repository/io/grpc/grpc-stub/1.17.1/grpc-stub-1.17.1.jar:/home/user/.m2/repository/org/apache/hadoop/hadoop-ozone-recon/0.5.0-SNAPSHOT/hadoop-ozone-recon-0.5.0-SNAPSHOT.jar:/home/user/.m2/repository/org/apache/hadoop/hadoop-ozone-reconcodegen/0.5.0-SNAPSHOT/hadoop-ozone-reconcodegen-0.5.0-SNAPSHOT.jar:/home/user/.m2/repository/com/google/inject/extensions/guice-multibindings/4.0/guice-multibindings-4.0.jar:/home/user/.m2/repository/com/google/inject/guice/4.0/guice-4.0.jar:/home/user/.m2/repository/aopalliance/aopalliance/1.0/aopalliance-1.0.jar:/home/user/.m2/repository/org/glassfish/jersey/containers/jersey-container-servlet/2.27/jersey-container-servlet-2.27.jar:/home/user/.m2/repository/org/glassfish/hk2/guice-bridge/2.5.0/guice-bridge-2.5.0.jar:/home/user/.m2/repository/org/glassfish/jersey/core/jersey-server/2.27/jersey-server-2.27.jar:/home/user/.m2/repository/org/glassfish/jersey/core/jersey-client/2.27/jersey-client-2.27.jar:/home/user/.m2/repository/org/glassfish/jersey/media/jersey-media-jaxb/2.27/jersey-media-jaxb-2.27.jar:/home/user/.m2/repository/javax/validation/validation-api/1.1.0.Final/validation-api-1.1.0.Final.jar:/home/user/.m2/repository/org/glassfish/jersey/media/jersey-media-json-jackson/2.27/jersey-media-json-jackson-2.27.jar:/home/user/.m2/repository/org/glassfish/jersey/ext/jersey-entity-filtering/2.27/jersey-entity-filtering-2.27.jar:/home/user/.m2/repository/com/google/inject/extensions/guice-assistedinject/4.0/guice-assistedinject-4.0.jar:/home/user/.m2/repository/org/jooq/jooq/3.11.10/jooq-3.11.10.jar:/home/user/.m2/repository/org/jooq/jooq-meta/3.11.10/jooq-meta-3.11.10.jar:/home/user/.m2/repository/org/jooq/jooq-codegen/3.11.10/jooq-codegen-3.11.10.jar:/home/user/.m2/repository/com/jolbox/bonecp/0.8.0.RELEASE/bonecp-0.8.0.RELEASE.jar:/home/user/.m2/repository/org/springframework/spring-jdbc/5.1.3.RELEASE/spring-jdbc-5.1.3.RELEASE.jar:/home/user/.m2/repository/org/springframework/spring-beans/5.1.3.RELEASE/spring-beans-5.1.3.RELEASE.jar:/home/user/.m2/repository/org/springframework/spring-core/5.1.3.RELEASE/spring-core-5.1.3.RELEASE.jar:/home/user/.m2/repository/org/springframework/spring-jcl/5.1.3.RELEASE/spring-jcl-5.1.3.RELEASE.jar:/home/user/.m2/repository/org/springframework/spring-tx/5.1.3.RELEASE/spring-tx-5.1.3.RELEASE.jar:/home/user/.m2/repository/org/mockito/mockito-all/1.10.19/mockito-all-1.10.19.jar:/home/user/.m2/repository/junit/junit/4.11/junit-4.11.jar:/home/user/.m2/repository/org/hamcrest/hamcrest-core/1.3/hamcrest-core-1.3.jar:/home/user/.m2/repository/org/apache/hadoop/hadoop-distcp/3.2.0/hadoop-distcp-3.2.0.jar:/home/user/.m2/repository/org/apache/hadoop/hadoop-distcp/3.2.0/hadoop-distcp-3.2.0-tests.jar:/home/user/.m2/repository/org/apache/hadoop/hadoop-mapreduce-client-jobclient/3.2.0/hadoop-mapreduce-client-jobclient-3.2.0.jar:/home/user/.m2/repository/org/apache/hadoop/hadoop-mapreduce-client-common/3.2.0/hadoop-mapreduce-client-common-3.2.0.jar:/home/user/.m2/repository/org/apache/hadoop/hadoop-yarn-common/3.2.0/hadoop-yarn-common-3.2.0.jar:/home/user/.m2/repository/org/apache/hadoop/hadoop-yarn-api/3.2.0/hadoop-yarn-api-3.2.0.jar:/home/user/.m2/repository/com/sun/jersey/jersey-client/1.19/jersey-client-1.19.jar:/home/user/.m2/repository/com/sun/jersey/contribs/jersey-guice/1.19/jersey-guice-1.19.jar:/home/user/.m2/repository/com/fasterxml/jackson/jaxrs/jackson-jaxrs-json-provider/2.9.5/jackson-jaxrs-json-provider-2.9.5.jar:/home/user/.m2/repository/com/fasterxml/jackson/jaxrs/jackson-jaxrs-base/2.9.5/jackson-jaxrs-base-2.9.5.jar:/home/user/.m2/repository/org/apache/hadoop/hadoop-yarn-client/3.2.0/hadoop-yarn-client-3.2.0.jar:/home/user/.m2/repository/org/apache/hadoop/hadoop-mapreduce-client-core/3.2.0/hadoop-mapreduce-client-core-3.2.0.jar:/home/user/.m2/repository/com/google/inject/extensions/guice-servlet/4.0/guice-servlet-4.0.jar:/home/user/.m2/repository/org/powermock/powermock-module-junit4/1.6.5/powermock-module-junit4-1.6.5.jar:/home/user/.m2/repository/org/powermock/powermock-module-junit4-common/1.6.5/powermock-module-junit4-common-1.6.5.jar:/home/user/.m2/repository/org/powermock/powermock-core/1.6.5/powermock-core-1.6.5.jar:/home/user/.m2/repository/org/powermock/powermock-reflect/1.6.5/powermock-reflect-1.6.5.jar:/home/user/.m2/repository/org/powermock/powermock-api-mockito/1.6.5/powermock-api-mockito-1.6.5.jar:/home/user/.m2/repository/org/mockito/mockito-core/1.10.19/mockito-core-1.10.19.jar:/home/user/.m2/repository/org/objenesis/objenesis/1.0/objenesis-1.0.jar:/home/user/.m2/repository/org/powermock/powermock-api-mockito-common/1.6.5/powermock-api-mockito-common-1.6.5.jar:/home/user/.m2/repository/org/powermock/powermock-api-support/1.6.5/powermock-api-support-1.6.5.jar:"/>
    <property name="sun.cpu.endian" value="little"/>
    <property name="user.home" value="/home/user"/>
    <property name="user.language" value="en"/>
    <property name="java.specification.vendor" value="Oracle Corporation"/>
    <property name="java.home" value="/usr/lib/jvm/java-1.8-openjdk/jre"/>
    <property name="java.security.krb5.conf" value="/workdir/hadoop-ozone/ozonefs/target/test-classes/krb5.conf"/>
    <property name="basedir" value="/workdir/hadoop-ozone/ozonefs"/>
    <property name="file.separator" value="/"/>
    <property name="line.separator" value="&#10;"/>
    <property name="java.vm.specification.vendor" value="Oracle Corporation"/>
    <property name="java.specification.name" value="Java Platform API Specification"/>
    <property name="java.awt.graphicsenv" value="sun.awt.X11GraphicsEnvironment"/>
    <property name="surefire.real.class.path" value="/workdir/hadoop-ozone/ozonefs/target/surefire/surefirebooter576714651115140837.jar"/>
    <property name="hadoop.log.dir" value="/workdir/hadoop-ozone/ozonefs/target/log"/>
    <property name="sun.boot.class.path" value="/usr/lib/jvm/java-1.8-openjdk/jre/lib/resources.jar:/usr/lib/jvm/java-1.8-openjdk/jre/lib/rt.jar:/usr/lib/jvm/java-1.8-openjdk/jre/lib/sunrsasign.jar:/usr/lib/jvm/java-1.8-openjdk/jre/lib/jsse.jar:/usr/lib/jvm/java-1.8-openjdk/jre/lib/jce.jar:/usr/lib/jvm/java-1.8-openjdk/jre/lib/charsets.jar:/usr/lib/jvm/java-1.8-openjdk/jre/lib/jfr.jar:/usr/lib/jvm/java-1.8-openjdk/jre/classes"/>
    <property name="sun.management.compiler" value="HotSpot 64-Bit Tiered Compilers"/>
    <property name="java.runtime.version" value="1.8.0_212-b04"/>
    <property name="java.net.preferIPv4Stack" value="true"/>
    <property name="user.name" value="jenkins1000"/>
    <property name="path.separator" value=":"/>
    <property name="java.security.egd" value="file:///dev/urandom"/>
    <property name="os.version" value="3.10.0-957.12.2.el7.x86_64"/>
    <property name="java.endorsed.dirs" value="/usr/lib/jvm/java-1.8-openjdk/jre/lib/endorsed"/>
    <property name="java.runtime.name" value="OpenJDK Runtime Environment"/>
    <property name="file.encoding" value="UTF-8"/>
    <property name="java.vm.name" value="OpenJDK 64-Bit Server VM"/>
    <property name="test.build.webapps" value=""/>
    <property name="localRepository" value="/home/user/.m2/repository"/>
    <property name="java.vendor.url.bug" value="https://icedtea.classpath.org/bugzilla"/>
    <property name="java.io.tmpdir" value="/tmp"/>
    <property name="require.test.libhadoop" value=""/>
    <property name="java.version" value="1.8.0_212"/>
    <property name="user.dir" value="/workdir/hadoop-ozone/ozonefs"/>
    <property name="os.arch" value="amd64"/>
    <property name="java.vm.specification.name" value="Java Virtual Machine Specification"/>
    <property name="test.build.classes" value="/workdir/hadoop-ozone/ozonefs/target/test-classes"/>
    <property name="java.awt.printerjob" value="sun.print.PSPrinterJob"/>
    <property name="sun.os.patch.level" value="unknown"/>
    <property name="hadoop.tmp.dir" value="/workdir/hadoop-ozone/ozonefs/target/tmp"/>
    <property name="java.library.path" value="/usr/lib/jvm/java-1.8-openjdk/jre/lib/amd64/server:/usr/lib/jvm/java-1.8-openjdk/jre/lib/amd64:/usr/lib/jvm/java-1.8-openjdk/jre/../lib/amd64:/workdir/hadoop-ozone/ozonefs/target/native/target/usr/local/lib:/workdir/hadoop-ozone/ozonefs/../../hadoop-common-project/hadoop-common/target/native/target/usr/local/lib:/usr/java/packages/lib/amd64:/usr/lib64:/lib64:/lib:/usr/lib"/>
    <property name="java.vm.info" value="mixed mode"/>
    <property name="java.vendor" value="IcedTea"/>
    <property name="java.vm.version" value="25.212-b04"/>
    <property name="java.ext.dirs" value="/usr/lib/jvm/java-1.8-openjdk/jre/lib/ext:/usr/java/packages/lib/ext"/>
    <property name="sun.io.unicode.encoding" value="UnicodeLittle"/>
    <property name="java.class.version" value="52.0"/>
  </properties>
  <testcase name="testReadFullyZeroBytebufferPastEOF" classname="org.apache.hadoop.fs.ozone.contract.ITestOzoneContractSeek" time="19.873">
    <error message="Allocated 0 blocks. Requested 1 blocks" type="INTERNAL_ERROR org.apache.hadoop.ozone.om.exceptions.OMException">INTERNAL_ERROR org.apache.hadoop.ozone.om.exceptions.OMException: Allocated 0 blocks. Requested 1 blocks
	at org.apache.hadoop.ozone.om.protocolPB.OzoneManagerProtocolClientSideTranslatorPB.handleError(OzoneManagerProtocolClientSideTranslatorPB.java:725)
	at org.apache.hadoop.ozone.om.protocolPB.OzoneManagerProtocolClientSideTranslatorPB.createFile(OzoneManagerProtocolClientSideTranslatorPB.java:1474)
	at org.apache.hadoop.ozone.client.rpc.RpcClient.createFile(RpcClient.java:984)
	at org.apache.hadoop.ozone.client.OzoneBucket.createFile(OzoneBucket.java:537)
	at org.apache.hadoop.fs.ozone.BasicOzoneClientAdapterImpl.createFile(BasicOzoneClientAdapterImpl.java:181)
	at org.apache.hadoop.fs.ozone.BasicOzoneFileSystem.createOutputStream(BasicOzoneFileSystem.java:249)
	at org.apache.hadoop.fs.ozone.BasicOzoneFileSystem.create(BasicOzoneFileSystem.java:230)
	at org.apache.hadoop.fs.FileSystem.create(FileSystem.java:1118)
	at org.apache.hadoop.fs.FileSystem.create(FileSystem.java:1098)
	at org.apache.hadoop.fs.FileSystem.create(FileSystem.java:987)
	at org.apache.hadoop.fs.contract.ContractTestUtils.createFile(ContractTestUtils.java:633)
	at org.apache.hadoop.fs.contract.AbstractContractSeekTest.setup(AbstractContractSeekTest.java:64)
	at sun.reflect.NativeMethodAccessorImpl.invoke0(Native Method)
	at sun.reflect.NativeMethodAccessorImpl.invoke(NativeMethodAccessorImpl.java:62)
	at sun.reflect.DelegatingMethodAccessorImpl.invoke(DelegatingMethodAccessorImpl.java:43)
	at java.lang.reflect.Method.invoke(Method.java:498)
	at org.junit.runners.model.FrameworkMethod$1.runReflectiveCall(FrameworkMethod.java:47)
	at org.junit.internal.runners.model.ReflectiveCallable.run(ReflectiveCallable.java:12)
	at org.junit.runners.model.FrameworkMethod.invokeExplosively(FrameworkMethod.java:44)
	at org.junit.internal.runners.statements.RunBefores.evaluate(RunBefores.java:24)
	at org.junit.internal.runners.statements.RunAfters.evaluate(RunAfters.java:27)
	at org.junit.rules.TestWatcher$1.evaluate(TestWatcher.java:55)
	at org.junit.internal.runners.statements.FailOnTimeout$StatementThread.run(FailOnTimeout.java:74)
</error>
    <system-out><![CDATA[2019-09-06 22:00:15,182 [JUnit] WARN  server.ServerUtils (ServerUtils.java:getScmDbDir(145)) - ozone.scm.db.dirs is not configured. We recommend adding this setting. Falling back to ozone.metadata.dirs instead.
2019-09-06 22:00:15,356 [JUnit] WARN  server.ServerUtils (ServerUtils.java:getScmDbDir(145)) - ozone.scm.db.dirs is not configured. We recommend adding this setting. Falling back to ozone.metadata.dirs instead.
2019-09-06 22:00:15,361 [JUnit] WARN  server.ServerUtils (ServerUtils.java:getScmDbDir(145)) - ozone.scm.db.dirs is not configured. We recommend adding this setting. Falling back to ozone.metadata.dirs instead.
2019-09-06 22:00:15,388 [JUnit] INFO  util.log (Log.java:initialized(192)) - Logging initialized @995ms
2019-09-06 22:00:15,513 [JUnit] INFO  db.DBStoreBuilder (DBStoreBuilder.java:addTable(110)) - using custom profile for table: deletedBlocks
2019-09-06 22:00:15,514 [JUnit] INFO  db.DBStoreBuilder (DBStoreBuilder.java:processTables(161)) - Using default column profile:DBProfile.DISK for Table:deletedBlocks
2019-09-06 22:00:15,514 [JUnit] INFO  db.DBStoreBuilder (DBStoreBuilder.java:addTable(110)) - using custom profile for table: validCerts
2019-09-06 22:00:15,515 [JUnit] INFO  db.DBStoreBuilder (DBStoreBuilder.java:processTables(161)) - Using default column profile:DBProfile.DISK for Table:validCerts
2019-09-06 22:00:15,515 [JUnit] INFO  db.DBStoreBuilder (DBStoreBuilder.java:addTable(110)) - using custom profile for table: revokedCerts
2019-09-06 22:00:15,516 [JUnit] INFO  db.DBStoreBuilder (DBStoreBuilder.java:processTables(161)) - Using default column profile:DBProfile.DISK for Table:revokedCerts
2019-09-06 22:00:15,532 [JUnit] INFO  db.DBStoreBuilder (DBStoreBuilder.java:addTable(110)) - using custom profile for table: default
2019-09-06 22:00:15,532 [JUnit] INFO  db.DBStoreBuilder (DBStoreBuilder.java:processTables(167)) - Using default column profile:DBProfile.DISK for Table:default
2019-09-06 22:00:15,534 [JUnit] INFO  db.DBStoreBuilder (DBStoreBuilder.java:getDbProfile(198)) - Using default options. DBProfile.DISK
2019-09-06 22:00:15,900 [JUnit] INFO  net.NodeSchemaLoader (NodeSchemaLoader.java:loadSchemaFromFile(125)) - Loading file from sun.misc.CompoundEnumeration@1d296da
2019-09-06 22:00:15,903 [JUnit] INFO  net.NodeSchemaLoader (NodeSchemaLoader.java:loadSchema(171)) - Loading network topology layer schema file
2019-09-06 22:00:16,001 [JUnit] WARN  server.ServerUtils (ServerUtils.java:sanitizeUserArgs(70)) - ozone.scm.stale.node.interval value = 300000 is larger than max = 100000 based on the key value of ozone.scm.heartbeat.thread.interval, reset to the max value 100000.
2019-09-06 22:00:16,003 [JUnit] WARN  server.ServerUtils (ServerUtils.java:sanitizeUserArgs(70)) - ozone.scm.stale.node.interval value = 300000 is larger than max = 100000 based on the key value of ozone.scm.heartbeat.thread.interval, reset to the max value 100000.
2019-09-06 22:00:16,006 [JUnit] INFO  node.SCMNodeManager (SCMNodeManager.java:<init>(114)) - Entering startup safe mode.
2019-09-06 22:00:16,176 [JUnit] INFO  algorithms.ContainerPlacementPolicyFactory (ContainerPlacementPolicyFactory.java:getPolicy(55)) - Create container placement policy of type org.apache.hadoop.hdds.scm.container.placement.algorithms.SCMContainerPlacementRandom
2019-09-06 22:00:16,200 [JUnit] WARN  server.ServerUtils (ServerUtils.java:getScmDbDir(145)) - ozone.scm.db.dirs is not configured. We recommend adding this setting. Falling back to ozone.metadata.dirs instead.
2019-09-06 22:00:16,359 [JUnit] INFO  pipeline.SCMPipelineManager (SCMPipelineManager.java:initializePipelineState(128)) - No pipeline exists in current db
2019-09-06 22:00:16,363 [JUnit] WARN  server.ServerUtils (ServerUtils.java:getScmDbDir(145)) - ozone.scm.db.dirs is not configured. We recommend adding this setting. Falling back to ozone.metadata.dirs instead.
2019-09-06 22:00:16,492 [JUnit] WARN  events.EventQueue (EventQueue.java:fireEvent(183)) - No event handler registered for event TypedEvent{payloadType=SafeModeStatus, name='SafeModeStatus'}
2019-09-06 22:00:16,921 [JUnit] INFO  ipc.CallQueueManager (CallQueueManager.java:<init>(84)) - Using callQueue: class java.util.concurrent.LinkedBlockingQueue, queueCapacity: 2000, scheduler: class org.apache.hadoop.ipc.DefaultRpcScheduler, ipcBackoff: false.
2019-09-06 22:00:17,246 [Socket Reader #1 for port 34966] INFO  ipc.Server (Server.java:run(1074)) - Starting Socket Reader #1 for port 34966
2019-09-06 22:00:17,273 [JUnit] INFO  ipc.CallQueueManager (CallQueueManager.java:<init>(84)) - Using callQueue: class java.util.concurrent.LinkedBlockingQueue, queueCapacity: 2000, scheduler: class org.apache.hadoop.ipc.DefaultRpcScheduler, ipcBackoff: false.
2019-09-06 22:00:17,274 [Socket Reader #1 for port 34478] INFO  ipc.Server (Server.java:run(1074)) - Starting Socket Reader #1 for port 34478
2019-09-06 22:00:17,282 [JUnit] INFO  ipc.CallQueueManager (CallQueueManager.java:<init>(84)) - Using callQueue: class java.util.concurrent.LinkedBlockingQueue, queueCapacity: 2000, scheduler: class org.apache.hadoop.ipc.DefaultRpcScheduler, ipcBackoff: false.
2019-09-06 22:00:17,283 [Socket Reader #1 for port 45573] INFO  ipc.Server (Server.java:run(1074)) - Starting Socket Reader #1 for port 45573
2019-09-06 22:00:17,303 [JUnit] INFO  hdfs.DFSUtil (DFSUtil.java:httpServerTemplateForNNAndJN(1641)) - Starting Web-server for scm at: http://0.0.0.0:0
2019-09-06 22:00:17,429 [JUnit] INFO  server.AuthenticationFilter (AuthenticationFilter.java:constructSecretProvider(240)) - Unable to initialize FileSignerSecretProvider, falling back to use random secrets.
2019-09-06 22:00:17,445 [JUnit] WARN  http.HttpRequestLog (HttpRequestLog.java:getRequestLog(97)) - Jetty request log can only be enabled using Log4j
2019-09-06 22:00:17,456 [JUnit] INFO  http.HttpServer2 (HttpServer2.java:addGlobalFilter(975)) - Added global filter 'safety' (class=org.apache.hadoop.http.HttpServer2$QuotingInputFilter)
2019-09-06 22:00:17,459 [JUnit] INFO  http.HttpServer2 (HttpServer2.java:addFilter(948)) - Added filter static_user_filter (class=org.apache.hadoop.http.lib.StaticUserWebFilter$StaticUserFilter) to context scm
2019-09-06 22:00:17,460 [JUnit] INFO  http.HttpServer2 (HttpServer2.java:addFilter(958)) - Added filter static_user_filter (class=org.apache.hadoop.http.lib.StaticUserWebFilter$StaticUserFilter) to context static
2019-09-06 22:00:17,460 [JUnit] INFO  http.HttpServer2 (HttpServer2.java:addFilter(958)) - Added filter static_user_filter (class=org.apache.hadoop.http.lib.StaticUserWebFilter$StaticUserFilter) to context logs
2019-09-06 22:00:17,491 [JUnit] INFO  server.StorageContainerManager (StorageContainerManager.java:start(759)) - StorageContainerLocationProtocol RPC server is listening at /0.0.0.0:45573
2019-09-06 22:00:17,538 [JUnit] WARN  impl.MetricsConfig (MetricsConfig.java:loadFirst(134)) - Cannot locate configuration: tried hadoop-metrics2-storagecontainermanager.properties,hadoop-metrics2.properties
2019-09-06 22:00:17,549 [JUnit] INFO  impl.MetricsSystemImpl (MetricsSystemImpl.java:startTimer(374)) - Scheduled Metric snapshot period at 10 second(s).
2019-09-06 22:00:17,550 [JUnit] INFO  impl.MetricsSystemImpl (MetricsSystemImpl.java:start(191)) - StorageContainerManager metrics system started
2019-09-06 22:00:17,798 [JUnit] INFO  server.SCMClientProtocolServer (SCMClientProtocolServer.java:start(151)) - RPC server for Client  is listening at /0.0.0.0:45573
2019-09-06 22:00:17,799 [IPC Server Responder] INFO  ipc.Server (Server.java:run(1314)) - IPC Server Responder: starting
2019-09-06 22:00:17,799 [IPC Server listener on 45573] INFO  ipc.Server (Server.java:run(1153)) - IPC Server listener on 45573: starting
2019-09-06 22:00:17,802 [JUnit] INFO  server.StorageContainerManager (StorageContainerManager.java:start(769)) - ScmBlockLocationProtocol RPC server is listening at /0.0.0.0:34478
2019-09-06 22:00:17,804 [JUnit] INFO  server.SCMBlockProtocolServer (SCMBlockProtocolServer.java:start(146)) - RPC server for Block Protocol is listening at /0.0.0.0:34478
2019-09-06 22:00:17,804 [IPC Server Responder] INFO  ipc.Server (Server.java:run(1314)) - IPC Server Responder: starting
2019-09-06 22:00:17,804 [IPC Server listener on 34478] INFO  ipc.Server (Server.java:run(1153)) - IPC Server listener on 34478: starting
2019-09-06 22:00:17,807 [JUnit] INFO  server.StorageContainerManager (StorageContainerManager.java:start(773)) - ScmDatanodeProtocl RPC server is listening at /0.0.0.0:34966
2019-09-06 22:00:17,807 [JUnit] INFO  server.SCMDatanodeProtocolServer (SCMDatanodeProtocolServer.java:start(191)) - RPC server for DataNodes is listening at /0.0.0.0:34966
2019-09-06 22:00:17,807 [IPC Server Responder] INFO  ipc.Server (Server.java:run(1314)) - IPC Server Responder: starting
2019-09-06 22:00:17,807 [IPC Server listener on 34966] INFO  ipc.Server (Server.java:run(1153)) - IPC Server listener on 34966: starting
2019-09-06 22:00:17,811 [JUnit] INFO  http.HttpServer2 (HttpServer2.java:bindListener(1191)) - Jetty bound to port 41034
2019-09-06 22:00:17,813 [JUnit] INFO  server.Server (Server.java:doStart(351)) - jetty-9.3.24.v20180605, build timestamp: 2018-06-05T17:11:56Z, git hash: 84205aa28f11a4f31f2a3b86d1bba2cc8ab69827
2019-09-06 22:00:17,861 [JUnit] INFO  handler.ContextHandler (ContextHandler.java:doStart(781)) - Started o.e.j.s.ServletContextHandler@640f11a1{/logs,file:///workdir/hadoop-ozone/ozonefs/target/log,AVAILABLE}
2019-09-06 22:00:17,862 [JUnit] INFO  handler.ContextHandler (ContextHandler.java:doStart(781)) - Started o.e.j.s.ServletContextHandler@64a8c844{/static,jar:file:/home/user/.m2/repository/org/apache/hadoop/hadoop-hdds-server-scm/0.5.0-SNAPSHOT/hadoop-hdds-server-scm-0.5.0-SNAPSHOT.jar!/webapps/static,AVAILABLE}
2019-09-06 22:00:17,979 [JUnit] INFO  handler.ContextHandler (ContextHandler.java:doStart(781)) - Started o.e.j.w.WebAppContext@f31c0c6{/,file:///tmp/jetty-0.0.0.0-41034-scm-_-any-3857752893432543627.dir/webapp/,AVAILABLE}{/scm}
2019-09-06 22:00:17,984 [JUnit] INFO  server.AbstractConnector (AbstractConnector.java:doStart(278)) - Started ServerConnector@5489c777{HTTP/1.1,[http/1.1]}{0.0.0.0:41034}
2019-09-06 22:00:17,984 [JUnit] INFO  server.Server (Server.java:doStart(419)) - Started @3592ms
2019-09-06 22:00:17,987 [JUnit] INFO  impl.MetricsSinkAdapter (MetricsSinkAdapter.java:start(204)) - Sink prometheus started
2019-09-06 22:00:17,987 [JUnit] INFO  impl.MetricsSystemImpl (MetricsSystemImpl.java:registerSink(301)) - Registered sink prometheus
2019-09-06 22:00:17,988 [JUnit] INFO  server.BaseHttpServer (BaseHttpServer.java:updateConnectorAddress(215)) - HTTP server of SCM is listening at http://0.0.0.0:41034
2019-09-06 22:00:17,998 [org.apache.hadoop.util.JvmPauseMonitor$Monitor@24be2d9c] INFO  util.JvmPauseMonitor (JvmPauseMonitor.java:run(188)) - Starting JVM pause monitor
2019-09-06 22:00:18,003 [JUnit] WARN  server.ServerUtils (ServerUtils.java:getDBPath(222)) - ozone.om.db.dirs is not configured. We recommend adding this setting. Falling back to ozone.metadata.dirs instead.
2019-09-06 22:00:18,131 [JUnit] WARN  server.ServerUtils (ServerUtils.java:getDBPath(222)) - ozone.om.db.dirs is not configured. We recommend adding this setting. Falling back to ozone.metadata.dirs instead.
2019-09-06 22:00:18,132 [JUnit] WARN  server.ServerUtils (ServerUtils.java:getDBPath(222)) - ozone.om.db.dirs is not configured. We recommend adding this setting. Falling back to ozone.metadata.dirs instead.
2019-09-06 22:00:18,133 [JUnit] INFO  om.OzoneManager (OzoneManager.java:setOMNodeDetails(649)) - OM Service ID is not set. Setting it to the default ID: omServiceIdDefault
2019-09-06 22:00:18,133 [JUnit] INFO  om.OzoneManager (OzoneManager.java:setOMNodeDetails(655)) - OM Node ID is not set. Setting it to the OmStorage's OmID: ff1e80bd-c946-439a-970e-eb3ed796e690
2019-09-06 22:00:18,135 [JUnit] INFO  om.OzoneManager (OzoneManager.java:loadOMHAConfigs(606)) - Found matching OM address with OMServiceId: null, OMNodeId: null, RPC Address: localhost:0 and Ratis port: 9872
2019-09-06 22:00:18,999 [JUnit] WARN  server.ServerUtils (ServerUtils.java:getDBPath(222)) - ozone.om.db.dirs is not configured. We recommend adding this setting. Falling back to ozone.metadata.dirs instead.
2019-09-06 22:00:19,009 [JUnit] INFO  db.DBStoreBuilder (DBStoreBuilder.java:addTable(110)) - using custom profile for table: userTable
2019-09-06 22:00:19,009 [JUnit] INFO  db.DBStoreBuilder (DBStoreBuilder.java:processTables(161)) - Using default column profile:DBProfile.DISK for Table:userTable
2019-09-06 22:00:19,009 [JUnit] INFO  db.DBStoreBuilder (DBStoreBuilder.java:addTable(110)) - using custom profile for table: volumeTable
2019-09-06 22:00:19,010 [JUnit] INFO  db.DBStoreBuilder (DBStoreBuilder.java:processTables(161)) - Using default column profile:DBProfile.DISK for Table:volumeTable
2019-09-06 22:00:19,010 [JUnit] INFO  db.DBStoreBuilder (DBStoreBuilder.java:addTable(110)) - using custom profile for table: bucketTable
2019-09-06 22:00:19,010 [JUnit] INFO  db.DBStoreBuilder (DBStoreBuilder.java:processTables(161)) - Using default column profile:DBProfile.DISK for Table:bucketTable
2019-09-06 22:00:19,010 [JUnit] INFO  db.DBStoreBuilder (DBStoreBuilder.java:addTable(110)) - using custom profile for table: keyTable
2019-09-06 22:00:19,011 [JUnit] INFO  db.DBStoreBuilder (DBStoreBuilder.java:processTables(161)) - Using default column profile:DBProfile.DISK for Table:keyTable
2019-09-06 22:00:19,011 [JUnit] INFO  db.DBStoreBuilder (DBStoreBuilder.java:addTable(110)) - using custom profile for table: deletedTable
2019-09-06 22:00:19,011 [JUnit] INFO  db.DBStoreBuilder (DBStoreBuilder.java:processTables(161)) - Using default column profile:DBProfile.DISK for Table:deletedTable
2019-09-06 22:00:19,011 [JUnit] INFO  db.DBStoreBuilder (DBStoreBuilder.java:addTable(110)) - using custom profile for table: openKeyTable
2019-09-06 22:00:19,012 [JUnit] INFO  db.DBStoreBuilder (DBStoreBuilder.java:processTables(161)) - Using default column profile:DBProfile.DISK for Table:openKeyTable
2019-09-06 22:00:19,012 [JUnit] INFO  db.DBStoreBuilder (DBStoreBuilder.java:addTable(110)) - using custom profile for table: s3Table
2019-09-06 22:00:19,012 [JUnit] INFO  db.DBStoreBuilder (DBStoreBuilder.java:processTables(161)) - Using default column profile:DBProfile.DISK for Table:s3Table
2019-09-06 22:00:19,012 [JUnit] INFO  db.DBStoreBuilder (DBStoreBuilder.java:addTable(110)) - using custom profile for table: multipartInfoTable
2019-09-06 22:00:19,013 [JUnit] INFO  db.DBStoreBuilder (DBStoreBuilder.java:processTables(161)) - Using default column profile:DBProfile.DISK for Table:multipartInfoTable
2019-09-06 22:00:19,013 [JUnit] INFO  db.DBStoreBuilder (DBStoreBuilder.java:addTable(110)) - using custom profile for table: dTokenTable
2019-09-06 22:00:19,013 [JUnit] INFO  db.DBStoreBuilder (DBStoreBuilder.java:processTables(161)) - Using default column profile:DBProfile.DISK for Table:dTokenTable
2019-09-06 22:00:19,013 [JUnit] INFO  db.DBStoreBuilder (DBStoreBuilder.java:addTable(110)) - using custom profile for table: s3SecretTable
2019-09-06 22:00:19,014 [JUnit] INFO  db.DBStoreBuilder (DBStoreBuilder.java:processTables(161)) - Using default column profile:DBProfile.DISK for Table:s3SecretTable
2019-09-06 22:00:19,014 [JUnit] INFO  db.DBStoreBuilder (DBStoreBuilder.java:addTable(110)) - using custom profile for table: prefixTable
2019-09-06 22:00:19,014 [JUnit] INFO  db.DBStoreBuilder (DBStoreBuilder.java:processTables(161)) - Using default column profile:DBProfile.DISK for Table:prefixTable
2019-09-06 22:00:19,014 [JUnit] INFO  db.DBStoreBuilder (DBStoreBuilder.java:addTable(110)) - using custom profile for table: default
2019-09-06 22:00:19,015 [JUnit] INFO  db.DBStoreBuilder (DBStoreBuilder.java:processTables(167)) - Using default column profile:DBProfile.DISK for Table:default
2019-09-06 22:00:19,015 [JUnit] INFO  db.DBStoreBuilder (DBStoreBuilder.java:getDbProfile(198)) - Using default options. DBProfile.DISK
2019-09-06 22:00:19,884 [JUnit] INFO  ipc.CallQueueManager (CallQueueManager.java:<init>(84)) - Using callQueue: class java.util.concurrent.LinkedBlockingQueue, queueCapacity: 2000, scheduler: class org.apache.hadoop.ipc.DefaultRpcScheduler, ipcBackoff: false.
2019-09-06 22:00:19,885 [Socket Reader #1 for port 36227] INFO  ipc.Server (Server.java:run(1074)) - Starting Socket Reader #1 for port 36227
2019-09-06 22:00:19,913 [JUnit] INFO  om.OzoneManager (OzoneManager.java:start(1240)) - OzoneManager RPC server is listening at localhost/127.0.0.1:36227
2019-09-06 22:00:19,914 [JUnit] INFO  impl.MetricsSystemImpl (MetricsSystemImpl.java:init(158)) - OzoneManager metrics system started (again)
2019-09-06 22:00:19,954 [IPC Server Responder] INFO  ipc.Server (Server.java:run(1314)) - IPC Server Responder: starting
2019-09-06 22:00:19,954 [IPC Server listener on 36227] INFO  ipc.Server (Server.java:run(1153)) - IPC Server listener on 36227: starting
2019-09-06 22:00:19,960 [JUnit] INFO  hdfs.DFSUtil (DFSUtil.java:httpServerTemplateForNNAndJN(1641)) - Starting Web-server for ozoneManager at: http://0.0.0.0:0
2019-09-06 22:00:19,963 [JUnit] INFO  server.AuthenticationFilter (AuthenticationFilter.java:constructSecretProvider(240)) - Unable to initialize FileSignerSecretProvider, falling back to use random secrets.
2019-09-06 22:00:19,963 [JUnit] WARN  http.HttpRequestLog (HttpRequestLog.java:getRequestLog(97)) - Jetty request log can only be enabled using Log4j
2019-09-06 22:00:19,966 [JUnit] INFO  http.HttpServer2 (HttpServer2.java:addGlobalFilter(975)) - Added global filter 'safety' (class=org.apache.hadoop.http.HttpServer2$QuotingInputFilter)
2019-09-06 22:00:19,968 [JUnit] INFO  http.HttpServer2 (HttpServer2.java:addFilter(948)) - Added filter static_user_filter (class=org.apache.hadoop.http.lib.StaticUserWebFilter$StaticUserFilter) to context ozoneManager
2019-09-06 22:00:19,968 [JUnit] INFO  http.HttpServer2 (HttpServer2.java:addFilter(958)) - Added filter static_user_filter (class=org.apache.hadoop.http.lib.StaticUserWebFilter$StaticUserFilter) to context logs
2019-09-06 22:00:19,969 [JUnit] INFO  http.HttpServer2 (HttpServer2.java:addFilter(958)) - Added filter static_user_filter (class=org.apache.hadoop.http.lib.StaticUserWebFilter$StaticUserFilter) to context static
2019-09-06 22:00:19,971 [JUnit] INFO  http.HttpServer2 (HttpServer2.java:bindListener(1191)) - Jetty bound to port 38969
2019-09-06 22:00:19,971 [JUnit] INFO  server.Server (Server.java:doStart(351)) - jetty-9.3.24.v20180605, build timestamp: 2018-06-05T17:11:56Z, git hash: 84205aa28f11a4f31f2a3b86d1bba2cc8ab69827
2019-09-06 22:00:19,973 [JUnit] INFO  handler.ContextHandler (ContextHandler.java:doStart(781)) - Started o.e.j.s.ServletContextHandler@675ffd1d{/logs,file:///workdir/hadoop-ozone/ozonefs/target/log,AVAILABLE}
2019-09-06 22:00:19,974 [JUnit] INFO  handler.ContextHandler (ContextHandler.java:doStart(781)) - Started o.e.j.s.ServletContextHandler@30506c0d{/static,jar:file:/home/user/.m2/repository/org/apache/hadoop/hadoop-ozone-ozone-manager/0.5.0-SNAPSHOT/hadoop-ozone-ozone-manager-0.5.0-SNAPSHOT.jar!/webapps/static,AVAILABLE}
2019-09-06 22:00:20,043 [JUnit] INFO  handler.ContextHandler (ContextHandler.java:doStart(781)) - Started o.e.j.w.WebAppContext@6bd16207{/,file:///tmp/jetty-0.0.0.0-38969-ozoneManager-_-any-7725490430266290208.dir/webapp/,AVAILABLE}{/ozoneManager}
2019-09-06 22:00:20,044 [JUnit] INFO  server.AbstractConnector (AbstractConnector.java:doStart(278)) - Started ServerConnector@298d9a05{HTTP/1.1,[http/1.1]}{0.0.0.0:38969}
2019-09-06 22:00:20,045 [JUnit] INFO  server.Server (Server.java:doStart(419)) - Started @5652ms
2019-09-06 22:00:20,046 [JUnit] WARN  impl.MetricsSystemImpl (MetricsSystemImpl.java:register(276)) - Sink prometheus already exists!
2019-09-06 22:00:20,046 [JUnit] INFO  server.BaseHttpServer (BaseHttpServer.java:updateConnectorAddress(215)) - HTTP server of OZONEMANAGER is listening at http://0.0.0.0:38969
2019-09-06 22:00:20,373 [JUnit] INFO  impl.MetricsSystemImpl (MetricsSystemImpl.java:init(158)) - HddsDatanode metrics system started (again)
2019-09-06 22:00:20,436 [JUnit] INFO  ozone.HddsDatanodeService (HddsDatanodeService.java:start(184)) - HddsDatanodeService host:pr-hdds-2087-j7wfl-3989464410 ip:192.168.69.79
2019-09-06 22:00:20,492 [JUnit] INFO  volume.HddsVolume (HddsVolume.java:<init>(176)) - Creating Volume: /workdir/hadoop-ozone/ozonefs/target/test-dir/MiniOzoneClusterImpl-ca11de5b-e8c1-48c0-9c71-bb1a3ae6d3ec/datanode-0/data/containers/hdds of  storage type : DISK and capacity : 1482555576320
2019-09-06 22:00:20,494 [JUnit] INFO  volume.VolumeSet (VolumeSet.java:initializeVolumeSet(170)) - Added Volume : /workdir/hadoop-ozone/ozonefs/target/test-dir/MiniOzoneClusterImpl-ca11de5b-e8c1-48c0-9c71-bb1a3ae6d3ec/datanode-0/data/containers/hdds to VolumeSet
2019-09-06 22:00:20,497 [JUnit] INFO  volume.ThrottledAsyncChecker (ThrottledAsyncChecker.java:schedule(140)) - Scheduling a check for org.apache.hadoop.ozone.container.common.volume.HddsVolume@301aa982
2019-09-06 22:00:20,518 [JUnit] INFO  volume.HddsVolumeChecker (HddsVolumeChecker.java:checkAllVolumes(203)) - Scheduled health check for volume org.apache.hadoop.ozone.container.common.volume.HddsVolume@301aa982
2019-09-06 22:00:20,648 [JUnit] INFO  impl.RaftServerProxy (ConfUtils.java:logGet(43)) - raft.rpc.type = GRPC (default)
2019-09-06 22:00:20,724 [JUnit] INFO  grpc.GrpcFactory (GrpcFactory.java:checkPooledByteBufAllocatorUseCacheForAllThreads(45)) - PERFORMANCE WARNING: useCacheForAllThreads is true that may cause Netty to create a lot garbage objects and, as a result, trigger GC.
	It is recommended to disable useCacheForAllThreads by setting -Dorg.apache.ratis.thirdparty.io.netty.allocator.useCacheForAllThreads=false in command line.
2019-09-06 22:00:20,730 [JUnit] INFO  grpc.GrpcConfigKeys$Server (ConfUtils.java:logGet(43)) - raft.grpc.server.port = 0 (default)
2019-09-06 22:00:20,731 [JUnit] INFO  server.GrpcService (ConfUtils.java:logGet(43)) - raft.grpc.message.size.max = 33570816 (custom)
2019-09-06 22:00:20,732 [JUnit] INFO  server.RaftServerConfigKeys (ConfUtils.java:logGet(43)) - raft.server.log.appender.buffer.byte-limit = 33554432 (custom)
2019-09-06 22:00:20,733 [JUnit] INFO  server.GrpcService (ConfUtils.java:logGet(43)) - raft.grpc.flow.control.window = 1MB (=1048576) (default)
2019-09-06 22:00:20,734 [JUnit] INFO  server.RaftServerConfigKeys (ConfUtils.java:logGet(43)) - raft.server.rpc.request.timeout = 3000ms (default)
2019-09-06 22:00:20,956 [JUnit] INFO  server.RaftServerConfigKeys (ConfUtils.java:logGet(43)) - raft.server.storage.dir = [/workdir/hadoop-ozone/ozonefs/target/test-dir/MiniOzoneClusterImpl-ca11de5b-e8c1-48c0-9c71-bb1a3ae6d3ec/datanode-0/data/ratis] (custom)
2019-09-06 22:00:21,016 [JUnit] INFO  hdfs.DFSUtil (DFSUtil.java:httpServerTemplateForNNAndJN(1641)) - Starting Web-server for hddsDatanode at: http://0.0.0.0:0
2019-09-06 22:00:21,019 [JUnit] INFO  server.AuthenticationFilter (AuthenticationFilter.java:constructSecretProvider(240)) - Unable to initialize FileSignerSecretProvider, falling back to use random secrets.
2019-09-06 22:00:21,020 [JUnit] WARN  http.HttpRequestLog (HttpRequestLog.java:getRequestLog(97)) - Jetty request log can only be enabled using Log4j
2019-09-06 22:00:21,024 [JUnit] INFO  http.HttpServer2 (HttpServer2.java:addGlobalFilter(975)) - Added global filter 'safety' (class=org.apache.hadoop.http.HttpServer2$QuotingInputFilter)
2019-09-06 22:00:21,026 [JUnit] INFO  http.HttpServer2 (HttpServer2.java:addFilter(948)) - Added filter static_user_filter (class=org.apache.hadoop.http.lib.StaticUserWebFilter$StaticUserFilter) to context hddsDatanode
2019-09-06 22:00:21,026 [JUnit] INFO  http.HttpServer2 (HttpServer2.java:addFilter(958)) - Added filter static_user_filter (class=org.apache.hadoop.http.lib.StaticUserWebFilter$StaticUserFilter) to context static
2019-09-06 22:00:21,026 [JUnit] INFO  http.HttpServer2 (HttpServer2.java:addFilter(958)) - Added filter static_user_filter (class=org.apache.hadoop.http.lib.StaticUserWebFilter$StaticUserFilter) to context logs
2019-09-06 22:00:21,028 [JUnit] INFO  http.HttpServer2 (HttpServer2.java:bindListener(1191)) - Jetty bound to port 37943
2019-09-06 22:00:21,028 [JUnit] INFO  server.Server (Server.java:doStart(351)) - jetty-9.3.24.v20180605, build timestamp: 2018-06-05T17:11:56Z, git hash: 84205aa28f11a4f31f2a3b86d1bba2cc8ab69827
2019-09-06 22:00:21,031 [JUnit] INFO  handler.ContextHandler (ContextHandler.java:doStart(781)) - Started o.e.j.s.ServletContextHandler@75de29c0{/logs,file:///workdir/hadoop-ozone/ozonefs/target/log,AVAILABLE}
2019-09-06 22:00:21,032 [JUnit] INFO  handler.ContextHandler (ContextHandler.java:doStart(781)) - Started o.e.j.s.ServletContextHandler@296e281a{/static,jar:file:/home/user/.m2/repository/org/apache/hadoop/hadoop-hdds-container-service/0.5.0-SNAPSHOT/hadoop-hdds-container-service-0.5.0-SNAPSHOT.jar!/webapps/static,AVAILABLE}
2019-09-06 22:00:21,081 [JUnit] INFO  handler.ContextHandler (ContextHandler.java:doStart(781)) - Started o.e.j.w.WebAppContext@3cd9aa64{/,file:///tmp/jetty-0.0.0.0-37943-hddsDatanode-_-any-293095958720668997.dir/webapp/,AVAILABLE}{/hddsDatanode}
2019-09-06 22:00:21,082 [JUnit] INFO  server.AbstractConnector (AbstractConnector.java:doStart(278)) - Started ServerConnector@42b84286{HTTP/1.1,[http/1.1]}{0.0.0.0:37943}
2019-09-06 22:00:21,084 [JUnit] INFO  server.Server (Server.java:doStart(419)) - Started @6691ms
2019-09-06 22:00:21,084 [JUnit] WARN  impl.MetricsSystemImpl (MetricsSystemImpl.java:register(276)) - Sink prometheus already exists!
2019-09-06 22:00:21,085 [JUnit] INFO  server.BaseHttpServer (BaseHttpServer.java:updateConnectorAddress(215)) - HTTP server of HDDSDATANODE is listening at http://0.0.0.0:37943
2019-09-06 22:00:21,087 [JUnit] INFO  impl.MetricsSystemImpl (MetricsSystemImpl.java:init(158)) - HddsDatanode metrics system started (again)
2019-09-06 22:00:21,090 [JUnit] INFO  ozone.HddsDatanodeService (HddsDatanodeService.java:start(184)) - HddsDatanodeService host:pr-hdds-2087-j7wfl-3989464410 ip:192.168.69.79
2019-09-06 22:00:21,093 [org.apache.hadoop.util.JvmPauseMonitor$Monitor@7072eb1] INFO  util.JvmPauseMonitor (JvmPauseMonitor.java:run(188)) - Starting JVM pause monitor
2019-09-06 22:00:21,205 [Datanode State Machine Thread - 0] INFO  datanode.InitDatanodeState (InitDatanodeState.java:persistContainerDatanodeDetails(140)) - DatanodeDetails is persisted to /workdir/hadoop-ozone/ozonefs/target/test-dir/MiniOzoneClusterImpl-ca11de5b-e8c1-48c0-9c71-bb1a3ae6d3ec/datanode-0/meta/datanode.id
2019-09-06 22:00:21,357 [JUnit] INFO  volume.HddsVolume (HddsVolume.java:<init>(176)) - Creating Volume: /workdir/hadoop-ozone/ozonefs/target/test-dir/MiniOzoneClusterImpl-ca11de5b-e8c1-48c0-9c71-bb1a3ae6d3ec/datanode-1/data/containers/hdds of  storage type : DISK and capacity : 1482555576320
2019-09-06 22:00:21,357 [JUnit] INFO  volume.VolumeSet (VolumeSet.java:initializeVolumeSet(170)) - Added Volume : /workdir/hadoop-ozone/ozonefs/target/test-dir/MiniOzoneClusterImpl-ca11de5b-e8c1-48c0-9c71-bb1a3ae6d3ec/datanode-1/data/containers/hdds to VolumeSet
2019-09-06 22:00:21,358 [JUnit] INFO  volume.ThrottledAsyncChecker (ThrottledAsyncChecker.java:schedule(140)) - Scheduling a check for org.apache.hadoop.ozone.container.common.volume.HddsVolume@23f3da8b
2019-09-06 22:00:21,358 [JUnit] INFO  volume.HddsVolumeChecker (HddsVolumeChecker.java:checkAllVolumes(203)) - Scheduled health check for volume org.apache.hadoop.ozone.container.common.volume.HddsVolume@23f3da8b
2019-09-06 22:00:21,384 [JUnit] INFO  impl.RaftServerProxy (ConfUtils.java:logGet(43)) - raft.rpc.type = GRPC (default)
2019-09-06 22:00:21,385 [JUnit] INFO  grpc.GrpcFactory (GrpcFactory.java:checkPooledByteBufAllocatorUseCacheForAllThreads(45)) - PERFORMANCE WARNING: useCacheForAllThreads is true that may cause Netty to create a lot garbage objects and, as a result, trigger GC.
	It is recommended to disable useCacheForAllThreads by setting -Dorg.apache.ratis.thirdparty.io.netty.allocator.useCacheForAllThreads=false in command line.
2019-09-06 22:00:21,385 [JUnit] INFO  grpc.GrpcConfigKeys$Server (ConfUtils.java:logGet(43)) - raft.grpc.server.port = 0 (default)
2019-09-06 22:00:21,385 [JUnit] INFO  server.GrpcService (ConfUtils.java:logGet(43)) - raft.grpc.message.size.max = 33570816 (custom)
2019-09-06 22:00:21,385 [JUnit] INFO  server.RaftServerConfigKeys (ConfUtils.java:logGet(43)) - raft.server.log.appender.buffer.byte-limit = 33554432 (custom)
2019-09-06 22:00:21,386 [JUnit] INFO  server.GrpcService (ConfUtils.java:logGet(43)) - raft.grpc.flow.control.window = 1MB (=1048576) (default)
2019-09-06 22:00:21,386 [JUnit] INFO  server.RaftServerConfigKeys (ConfUtils.java:logGet(43)) - raft.server.rpc.request.timeout = 3000ms (default)
2019-09-06 22:00:21,387 [JUnit] INFO  server.RaftServerConfigKeys (ConfUtils.java:logGet(43)) - raft.server.storage.dir = [/workdir/hadoop-ozone/ozonefs/target/test-dir/MiniOzoneClusterImpl-ca11de5b-e8c1-48c0-9c71-bb1a3ae6d3ec/datanode-1/data/ratis] (custom)
2019-09-06 22:00:21,389 [JUnit] INFO  hdfs.DFSUtil (DFSUtil.java:httpServerTemplateForNNAndJN(1641)) - Starting Web-server for hddsDatanode at: http://0.0.0.0:0
2019-09-06 22:00:21,391 [JUnit] INFO  server.AuthenticationFilter (AuthenticationFilter.java:constructSecretProvider(240)) - Unable to initialize FileSignerSecretProvider, falling back to use random secrets.
2019-09-06 22:00:21,392 [JUnit] WARN  http.HttpRequestLog (HttpRequestLog.java:getRequestLog(97)) - Jetty request log can only be enabled using Log4j
2019-09-06 22:00:21,394 [JUnit] INFO  http.HttpServer2 (HttpServer2.java:addGlobalFilter(975)) - Added global filter 'safety' (class=org.apache.hadoop.http.HttpServer2$QuotingInputFilter)
2019-09-06 22:00:21,395 [JUnit] INFO  http.HttpServer2 (HttpServer2.java:addFilter(948)) - Added filter static_user_filter (class=org.apache.hadoop.http.lib.StaticUserWebFilter$StaticUserFilter) to context hddsDatanode
2019-09-06 22:00:21,396 [JUnit] INFO  http.HttpServer2 (HttpServer2.java:addFilter(958)) - Added filter static_user_filter (class=org.apache.hadoop.http.lib.StaticUserWebFilter$StaticUserFilter) to context static
2019-09-06 22:00:21,396 [JUnit] INFO  http.HttpServer2 (HttpServer2.java:addFilter(958)) - Added filter static_user_filter (class=org.apache.hadoop.http.lib.StaticUserWebFilter$StaticUserFilter) to context logs
2019-09-06 22:00:21,397 [JUnit] INFO  http.HttpServer2 (HttpServer2.java:bindListener(1191)) - Jetty bound to port 32867
2019-09-06 22:00:21,397 [JUnit] INFO  server.Server (Server.java:doStart(351)) - jetty-9.3.24.v20180605, build timestamp: 2018-06-05T17:11:56Z, git hash: 84205aa28f11a4f31f2a3b86d1bba2cc8ab69827
2019-09-06 22:00:21,401 [JUnit] INFO  handler.ContextHandler (ContextHandler.java:doStart(781)) - Started o.e.j.s.ServletContextHandler@7fb29ca9{/logs,file:///workdir/hadoop-ozone/ozonefs/target/log,AVAILABLE}
2019-09-06 22:00:21,401 [JUnit] INFO  handler.ContextHandler (ContextHandler.java:doStart(781)) - Started o.e.j.s.ServletContextHandler@350d3f4d{/static,jar:file:/home/user/.m2/repository/org/apache/hadoop/hadoop-hdds-container-service/0.5.0-SNAPSHOT/hadoop-hdds-container-service-0.5.0-SNAPSHOT.jar!/webapps/static,AVAILABLE}
2019-09-06 22:00:21,432 [JUnit] INFO  handler.ContextHandler (ContextHandler.java:doStart(781)) - Started o.e.j.w.WebAppContext@67e13bd0{/,file:///tmp/jetty-0.0.0.0-32867-hddsDatanode-_-any-6127824367893422968.dir/webapp/,AVAILABLE}{/hddsDatanode}
2019-09-06 22:00:21,433 [JUnit] INFO  server.AbstractConnector (AbstractConnector.java:doStart(278)) - Started ServerConnector@50fb33a{HTTP/1.1,[http/1.1]}{0.0.0.0:32867}
2019-09-06 22:00:21,434 [JUnit] INFO  server.Server (Server.java:doStart(419)) - Started @7041ms
2019-09-06 22:00:21,434 [JUnit] WARN  impl.MetricsSystemImpl (MetricsSystemImpl.java:register(276)) - Sink prometheus already exists!
2019-09-06 22:00:21,435 [JUnit] INFO  server.BaseHttpServer (BaseHttpServer.java:updateConnectorAddress(215)) - HTTP server of HDDSDATANODE is listening at http://0.0.0.0:32867
2019-09-06 22:00:21,435 [JUnit] INFO  impl.MetricsSystemImpl (MetricsSystemImpl.java:init(158)) - HddsDatanode metrics system started (again)
2019-09-06 22:00:21,437 [org.apache.hadoop.util.JvmPauseMonitor$Monitor@69fb0da5] INFO  util.JvmPauseMonitor (JvmPauseMonitor.java:run(188)) - Starting JVM pause monitor
2019-09-06 22:00:21,439 [JUnit] INFO  ozone.HddsDatanodeService (HddsDatanodeService.java:start(184)) - HddsDatanodeService host:pr-hdds-2087-j7wfl-3989464410 ip:192.168.69.79
2019-09-06 22:00:21,442 [Datanode State Machine Thread - 0] INFO  datanode.InitDatanodeState (InitDatanodeState.java:persistContainerDatanodeDetails(140)) - DatanodeDetails is persisted to /workdir/hadoop-ozone/ozonefs/target/test-dir/MiniOzoneClusterImpl-ca11de5b-e8c1-48c0-9c71-bb1a3ae6d3ec/datanode-1/meta/datanode.id
2019-09-06 22:00:21,449 [JUnit] INFO  volume.HddsVolume (HddsVolume.java:<init>(176)) - Creating Volume: /workdir/hadoop-ozone/ozonefs/target/test-dir/MiniOzoneClusterImpl-ca11de5b-e8c1-48c0-9c71-bb1a3ae6d3ec/datanode-2/data/containers/hdds of  storage type : DISK and capacity : 1482555576320
2019-09-06 22:00:21,450 [JUnit] INFO  volume.VolumeSet (VolumeSet.java:initializeVolumeSet(170)) - Added Volume : /workdir/hadoop-ozone/ozonefs/target/test-dir/MiniOzoneClusterImpl-ca11de5b-e8c1-48c0-9c71-bb1a3ae6d3ec/datanode-2/data/containers/hdds to VolumeSet
2019-09-06 22:00:21,450 [JUnit] INFO  volume.ThrottledAsyncChecker (ThrottledAsyncChecker.java:schedule(140)) - Scheduling a check for org.apache.hadoop.ozone.container.common.volume.HddsVolume@75d982d3
2019-09-06 22:00:21,451 [JUnit] INFO  volume.HddsVolumeChecker (HddsVolumeChecker.java:checkAllVolumes(203)) - Scheduled health check for volume org.apache.hadoop.ozone.container.common.volume.HddsVolume@75d982d3
2019-09-06 22:00:21,477 [JUnit] INFO  impl.RaftServerProxy (ConfUtils.java:logGet(43)) - raft.rpc.type = GRPC (default)
2019-09-06 22:00:21,477 [JUnit] INFO  grpc.GrpcFactory (GrpcFactory.java:checkPooledByteBufAllocatorUseCacheForAllThreads(45)) - PERFORMANCE WARNING: useCacheForAllThreads is true that may cause Netty to create a lot garbage objects and, as a result, trigger GC.
	It is recommended to disable useCacheForAllThreads by setting -Dorg.apache.ratis.thirdparty.io.netty.allocator.useCacheForAllThreads=false in command line.
2019-09-06 22:00:21,477 [JUnit] INFO  grpc.GrpcConfigKeys$Server (ConfUtils.java:logGet(43)) - raft.grpc.server.port = 0 (default)
2019-09-06 22:00:21,478 [JUnit] INFO  server.GrpcService (ConfUtils.java:logGet(43)) - raft.grpc.message.size.max = 33570816 (custom)
2019-09-06 22:00:21,478 [JUnit] INFO  server.RaftServerConfigKeys (ConfUtils.java:logGet(43)) - raft.server.log.appender.buffer.byte-limit = 33554432 (custom)
2019-09-06 22:00:21,478 [JUnit] INFO  server.GrpcService (ConfUtils.java:logGet(43)) - raft.grpc.flow.control.window = 1MB (=1048576) (default)
2019-09-06 22:00:21,478 [JUnit] INFO  server.RaftServerConfigKeys (ConfUtils.java:logGet(43)) - raft.server.rpc.request.timeout = 3000ms (default)
2019-09-06 22:00:21,479 [JUnit] INFO  server.RaftServerConfigKeys (ConfUtils.java:logGet(43)) - raft.server.storage.dir = [/workdir/hadoop-ozone/ozonefs/target/test-dir/MiniOzoneClusterImpl-ca11de5b-e8c1-48c0-9c71-bb1a3ae6d3ec/datanode-2/data/ratis] (custom)
2019-09-06 22:00:21,482 [JUnit] INFO  hdfs.DFSUtil (DFSUtil.java:httpServerTemplateForNNAndJN(1641)) - Starting Web-server for hddsDatanode at: http://0.0.0.0:0
2019-09-06 22:00:21,484 [JUnit] INFO  server.AuthenticationFilter (AuthenticationFilter.java:constructSecretProvider(240)) - Unable to initialize FileSignerSecretProvider, falling back to use random secrets.
2019-09-06 22:00:21,484 [JUnit] WARN  http.HttpRequestLog (HttpRequestLog.java:getRequestLog(97)) - Jetty request log can only be enabled using Log4j
2019-09-06 22:00:21,487 [JUnit] INFO  http.HttpServer2 (HttpServer2.java:addGlobalFilter(975)) - Added global filter 'safety' (class=org.apache.hadoop.http.HttpServer2$QuotingInputFilter)
2019-09-06 22:00:21,488 [JUnit] INFO  http.HttpServer2 (HttpServer2.java:addFilter(948)) - Added filter static_user_filter (class=org.apache.hadoop.http.lib.StaticUserWebFilter$StaticUserFilter) to context hddsDatanode
2019-09-06 22:00:21,488 [JUnit] INFO  http.HttpServer2 (HttpServer2.java:addFilter(958)) - Added filter static_user_filter (class=org.apache.hadoop.http.lib.StaticUserWebFilter$StaticUserFilter) to context logs
2019-09-06 22:00:21,489 [JUnit] INFO  http.HttpServer2 (HttpServer2.java:addFilter(958)) - Added filter static_user_filter (class=org.apache.hadoop.http.lib.StaticUserWebFilter$StaticUserFilter) to context static
2019-09-06 22:00:21,489 [JUnit] INFO  http.HttpServer2 (HttpServer2.java:bindListener(1191)) - Jetty bound to port 44432
2019-09-06 22:00:21,490 [JUnit] INFO  server.Server (Server.java:doStart(351)) - jetty-9.3.24.v20180605, build timestamp: 2018-06-05T17:11:56Z, git hash: 84205aa28f11a4f31f2a3b86d1bba2cc8ab69827
2019-09-06 22:00:21,492 [JUnit] INFO  handler.ContextHandler (ContextHandler.java:doStart(781)) - Started o.e.j.s.ServletContextHandler@ff23ae7{/logs,file:///workdir/hadoop-ozone/ozonefs/target/log,AVAILABLE}
2019-09-06 22:00:21,492 [JUnit] INFO  handler.ContextHandler (ContextHandler.java:doStart(781)) - Started o.e.j.s.ServletContextHandler@2b7962a2{/static,jar:file:/home/user/.m2/repository/org/apache/hadoop/hadoop-hdds-container-service/0.5.0-SNAPSHOT/hadoop-hdds-container-service-0.5.0-SNAPSHOT.jar!/webapps/static,AVAILABLE}
2019-09-06 22:00:21,522 [JUnit] INFO  handler.ContextHandler (ContextHandler.java:doStart(781)) - Started o.e.j.w.WebAppContext@1352434e{/,file:///tmp/jetty-0.0.0.0-44432-hddsDatanode-_-any-7386558552941666663.dir/webapp/,AVAILABLE}{/hddsDatanode}
2019-09-06 22:00:21,523 [JUnit] INFO  server.AbstractConnector (AbstractConnector.java:doStart(278)) - Started ServerConnector@4f9a6c2d{HTTP/1.1,[http/1.1]}{0.0.0.0:44432}
2019-09-06 22:00:21,526 [JUnit] INFO  server.Server (Server.java:doStart(419)) - Started @7133ms
2019-09-06 22:00:21,526 [JUnit] WARN  impl.MetricsSystemImpl (MetricsSystemImpl.java:register(276)) - Sink prometheus already exists!
2019-09-06 22:00:21,527 [JUnit] INFO  server.BaseHttpServer (BaseHttpServer.java:updateConnectorAddress(215)) - HTTP server of HDDSDATANODE is listening at http://0.0.0.0:44432
2019-09-06 22:00:21,527 [JUnit] INFO  impl.MetricsSystemImpl (MetricsSystemImpl.java:init(158)) - HddsDatanode metrics system started (again)
2019-09-06 22:00:21,530 [JUnit] INFO  ozone.HddsDatanodeService (HddsDatanodeService.java:start(184)) - HddsDatanodeService host:pr-hdds-2087-j7wfl-3989464410 ip:192.168.69.79
2019-09-06 22:00:21,531 [org.apache.hadoop.util.JvmPauseMonitor$Monitor@347f6f70] INFO  util.JvmPauseMonitor (JvmPauseMonitor.java:run(188)) - Starting JVM pause monitor
2019-09-06 22:00:21,535 [Datanode State Machine Thread - 0] INFO  datanode.InitDatanodeState (InitDatanodeState.java:persistContainerDatanodeDetails(140)) - DatanodeDetails is persisted to /workdir/hadoop-ozone/ozonefs/target/test-dir/MiniOzoneClusterImpl-ca11de5b-e8c1-48c0-9c71-bb1a3ae6d3ec/datanode-2/meta/datanode.id
2019-09-06 22:00:21,539 [JUnit] INFO  volume.HddsVolume (HddsVolume.java:<init>(176)) - Creating Volume: /workdir/hadoop-ozone/ozonefs/target/test-dir/MiniOzoneClusterImpl-ca11de5b-e8c1-48c0-9c71-bb1a3ae6d3ec/datanode-3/data/containers/hdds of  storage type : DISK and capacity : 1482555576320
2019-09-06 22:00:21,539 [JUnit] INFO  volume.VolumeSet (VolumeSet.java:initializeVolumeSet(170)) - Added Volume : /workdir/hadoop-ozone/ozonefs/target/test-dir/MiniOzoneClusterImpl-ca11de5b-e8c1-48c0-9c71-bb1a3ae6d3ec/datanode-3/data/containers/hdds to VolumeSet
2019-09-06 22:00:21,540 [JUnit] INFO  volume.ThrottledAsyncChecker (ThrottledAsyncChecker.java:schedule(140)) - Scheduling a check for org.apache.hadoop.ozone.container.common.volume.HddsVolume@3aa41da1
2019-09-06 22:00:21,540 [JUnit] INFO  volume.HddsVolumeChecker (HddsVolumeChecker.java:checkAllVolumes(203)) - Scheduled health check for volume org.apache.hadoop.ozone.container.common.volume.HddsVolume@3aa41da1
2019-09-06 22:00:21,565 [JUnit] INFO  impl.RaftServerProxy (ConfUtils.java:logGet(43)) - raft.rpc.type = GRPC (default)
2019-09-06 22:00:21,566 [JUnit] INFO  grpc.GrpcFactory (GrpcFactory.java:checkPooledByteBufAllocatorUseCacheForAllThreads(45)) - PERFORMANCE WARNING: useCacheForAllThreads is true that may cause Netty to create a lot garbage objects and, as a result, trigger GC.
	It is recommended to disable useCacheForAllThreads by setting -Dorg.apache.ratis.thirdparty.io.netty.allocator.useCacheForAllThreads=false in command line.
2019-09-06 22:00:21,566 [JUnit] INFO  grpc.GrpcConfigKeys$Server (ConfUtils.java:logGet(43)) - raft.grpc.server.port = 0 (default)
2019-09-06 22:00:21,566 [JUnit] INFO  server.GrpcService (ConfUtils.java:logGet(43)) - raft.grpc.message.size.max = 33570816 (custom)
2019-09-06 22:00:21,566 [JUnit] INFO  server.RaftServerConfigKeys (ConfUtils.java:logGet(43)) - raft.server.log.appender.buffer.byte-limit = 33554432 (custom)
2019-09-06 22:00:21,566 [JUnit] INFO  server.GrpcService (ConfUtils.java:logGet(43)) - raft.grpc.flow.control.window = 1MB (=1048576) (default)
2019-09-06 22:00:21,567 [JUnit] INFO  server.RaftServerConfigKeys (ConfUtils.java:logGet(43)) - raft.server.rpc.request.timeout = 3000ms (default)
2019-09-06 22:00:21,567 [JUnit] INFO  server.RaftServerConfigKeys (ConfUtils.java:logGet(43)) - raft.server.storage.dir = [/workdir/hadoop-ozone/ozonefs/target/test-dir/MiniOzoneClusterImpl-ca11de5b-e8c1-48c0-9c71-bb1a3ae6d3ec/datanode-3/data/ratis] (custom)
2019-09-06 22:00:21,569 [JUnit] INFO  hdfs.DFSUtil (DFSUtil.java:httpServerTemplateForNNAndJN(1641)) - Starting Web-server for hddsDatanode at: http://0.0.0.0:0
2019-09-06 22:00:21,571 [JUnit] INFO  server.AuthenticationFilter (AuthenticationFilter.java:constructSecretProvider(240)) - Unable to initialize FileSignerSecretProvider, falling back to use random secrets.
2019-09-06 22:00:21,572 [JUnit] WARN  http.HttpRequestLog (HttpRequestLog.java:getRequestLog(97)) - Jetty request log can only be enabled using Log4j
2019-09-06 22:00:21,575 [JUnit] INFO  http.HttpServer2 (HttpServer2.java:addGlobalFilter(975)) - Added global filter 'safety' (class=org.apache.hadoop.http.HttpServer2$QuotingInputFilter)
2019-09-06 22:00:21,576 [JUnit] INFO  http.HttpServer2 (HttpServer2.java:addFilter(948)) - Added filter static_user_filter (class=org.apache.hadoop.http.lib.StaticUserWebFilter$StaticUserFilter) to context hddsDatanode
2019-09-06 22:00:21,576 [JUnit] INFO  http.HttpServer2 (HttpServer2.java:addFilter(958)) - Added filter static_user_filter (class=org.apache.hadoop.http.lib.StaticUserWebFilter$StaticUserFilter) to context static
2019-09-06 22:00:21,576 [JUnit] INFO  http.HttpServer2 (HttpServer2.java:addFilter(958)) - Added filter static_user_filter (class=org.apache.hadoop.http.lib.StaticUserWebFilter$StaticUserFilter) to context logs
2019-09-06 22:00:21,577 [JUnit] INFO  http.HttpServer2 (HttpServer2.java:bindListener(1191)) - Jetty bound to port 46799
2019-09-06 22:00:21,578 [JUnit] INFO  server.Server (Server.java:doStart(351)) - jetty-9.3.24.v20180605, build timestamp: 2018-06-05T17:11:56Z, git hash: 84205aa28f11a4f31f2a3b86d1bba2cc8ab69827
2019-09-06 22:00:21,582 [JUnit] INFO  handler.ContextHandler (ContextHandler.java:doStart(781)) - Started o.e.j.s.ServletContextHandler@ae2db25{/logs,file:///workdir/hadoop-ozone/ozonefs/target/log,AVAILABLE}
2019-09-06 22:00:21,582 [JUnit] INFO  handler.ContextHandler (ContextHandler.java:doStart(781)) - Started o.e.j.s.ServletContextHandler@7afc4db9{/static,jar:file:/home/user/.m2/repository/org/apache/hadoop/hadoop-hdds-container-service/0.5.0-SNAPSHOT/hadoop-hdds-container-service-0.5.0-SNAPSHOT.jar!/webapps/static,AVAILABLE}
2019-09-06 22:00:21,612 [JUnit] INFO  handler.ContextHandler (ContextHandler.java:doStart(781)) - Started o.e.j.w.WebAppContext@1e1e9ef3{/,file:///tmp/jetty-0.0.0.0-46799-hddsDatanode-_-any-3710990272246825787.dir/webapp/,AVAILABLE}{/hddsDatanode}
2019-09-06 22:00:21,614 [JUnit] INFO  server.AbstractConnector (AbstractConnector.java:doStart(278)) - Started ServerConnector@3dd31157{HTTP/1.1,[http/1.1]}{0.0.0.0:46799}
2019-09-06 22:00:21,614 [JUnit] INFO  server.Server (Server.java:doStart(419)) - Started @7221ms
2019-09-06 22:00:21,614 [JUnit] WARN  impl.MetricsSystemImpl (MetricsSystemImpl.java:register(276)) - Sink prometheus already exists!
2019-09-06 22:00:21,615 [JUnit] INFO  server.BaseHttpServer (BaseHttpServer.java:updateConnectorAddress(215)) - HTTP server of HDDSDATANODE is listening at http://0.0.0.0:46799
2019-09-06 22:00:21,615 [JUnit] INFO  impl.MetricsSystemImpl (MetricsSystemImpl.java:init(158)) - HddsDatanode metrics system started (again)
2019-09-06 22:00:21,618 [org.apache.hadoop.util.JvmPauseMonitor$Monitor@5999b99c] INFO  util.JvmPauseMonitor (JvmPauseMonitor.java:run(188)) - Starting JVM pause monitor
2019-09-06 22:00:21,619 [JUnit] INFO  ozone.HddsDatanodeService (HddsDatanodeService.java:start(184)) - HddsDatanodeService host:pr-hdds-2087-j7wfl-3989464410 ip:192.168.69.79
2019-09-06 22:00:21,621 [Datanode State Machine Thread - 0] INFO  datanode.InitDatanodeState (InitDatanodeState.java:persistContainerDatanodeDetails(140)) - DatanodeDetails is persisted to /workdir/hadoop-ozone/ozonefs/target/test-dir/MiniOzoneClusterImpl-ca11de5b-e8c1-48c0-9c71-bb1a3ae6d3ec/datanode-3/meta/datanode.id
2019-09-06 22:00:21,626 [JUnit] INFO  volume.HddsVolume (HddsVolume.java:<init>(176)) - Creating Volume: /workdir/hadoop-ozone/ozonefs/target/test-dir/MiniOzoneClusterImpl-ca11de5b-e8c1-48c0-9c71-bb1a3ae6d3ec/datanode-4/data/containers/hdds of  storage type : DISK and capacity : 1482555576320
2019-09-06 22:00:21,626 [JUnit] INFO  volume.VolumeSet (VolumeSet.java:initializeVolumeSet(170)) - Added Volume : /workdir/hadoop-ozone/ozonefs/target/test-dir/MiniOzoneClusterImpl-ca11de5b-e8c1-48c0-9c71-bb1a3ae6d3ec/datanode-4/data/containers/hdds to VolumeSet
2019-09-06 22:00:21,626 [JUnit] INFO  volume.ThrottledAsyncChecker (ThrottledAsyncChecker.java:schedule(140)) - Scheduling a check for org.apache.hadoop.ozone.container.common.volume.HddsVolume@7a485a36
2019-09-06 22:00:21,627 [JUnit] INFO  volume.HddsVolumeChecker (HddsVolumeChecker.java:checkAllVolumes(203)) - Scheduled health check for volume org.apache.hadoop.ozone.container.common.volume.HddsVolume@7a485a36
2019-09-06 22:00:21,647 [JUnit] INFO  impl.RaftServerProxy (ConfUtils.java:logGet(43)) - raft.rpc.type = GRPC (default)
2019-09-06 22:00:21,647 [JUnit] INFO  grpc.GrpcFactory (GrpcFactory.java:checkPooledByteBufAllocatorUseCacheForAllThreads(45)) - PERFORMANCE WARNING: useCacheForAllThreads is true that may cause Netty to create a lot garbage objects and, as a result, trigger GC.
	It is recommended to disable useCacheForAllThreads by setting -Dorg.apache.ratis.thirdparty.io.netty.allocator.useCacheForAllThreads=false in command line.
2019-09-06 22:00:21,647 [JUnit] INFO  grpc.GrpcConfigKeys$Server (ConfUtils.java:logGet(43)) - raft.grpc.server.port = 0 (default)
2019-09-06 22:00:21,648 [JUnit] INFO  server.GrpcService (ConfUtils.java:logGet(43)) - raft.grpc.message.size.max = 33570816 (custom)
2019-09-06 22:00:21,648 [JUnit] INFO  server.RaftServerConfigKeys (ConfUtils.java:logGet(43)) - raft.server.log.appender.buffer.byte-limit = 33554432 (custom)
2019-09-06 22:00:21,648 [JUnit] INFO  server.GrpcService (ConfUtils.java:logGet(43)) - raft.grpc.flow.control.window = 1MB (=1048576) (default)
2019-09-06 22:00:21,648 [JUnit] INFO  server.RaftServerConfigKeys (ConfUtils.java:logGet(43)) - raft.server.rpc.request.timeout = 3000ms (default)
2019-09-06 22:00:21,649 [JUnit] INFO  server.RaftServerConfigKeys (ConfUtils.java:logGet(43)) - raft.server.storage.dir = [/workdir/hadoop-ozone/ozonefs/target/test-dir/MiniOzoneClusterImpl-ca11de5b-e8c1-48c0-9c71-bb1a3ae6d3ec/datanode-4/data/ratis] (custom)
2019-09-06 22:00:21,651 [JUnit] INFO  hdfs.DFSUtil (DFSUtil.java:httpServerTemplateForNNAndJN(1641)) - Starting Web-server for hddsDatanode at: http://0.0.0.0:0
2019-09-06 22:00:21,652 [JUnit] INFO  server.AuthenticationFilter (AuthenticationFilter.java:constructSecretProvider(240)) - Unable to initialize FileSignerSecretProvider, falling back to use random secrets.
2019-09-06 22:00:21,653 [JUnit] WARN  http.HttpRequestLog (HttpRequestLog.java:getRequestLog(97)) - Jetty request log can only be enabled using Log4j
2019-09-06 22:00:21,655 [JUnit] INFO  http.HttpServer2 (HttpServer2.java:addGlobalFilter(975)) - Added global filter 'safety' (class=org.apache.hadoop.http.HttpServer2$QuotingInputFilter)
2019-09-06 22:00:21,655 [JUnit] INFO  http.HttpServer2 (HttpServer2.java:addFilter(948)) - Added filter static_user_filter (class=org.apache.hadoop.http.lib.StaticUserWebFilter$StaticUserFilter) to context hddsDatanode
2019-09-06 22:00:21,656 [JUnit] INFO  http.HttpServer2 (HttpServer2.java:addFilter(958)) - Added filter static_user_filter (class=org.apache.hadoop.http.lib.StaticUserWebFilter$StaticUserFilter) to context static
2019-09-06 22:00:21,656 [JUnit] INFO  http.HttpServer2 (HttpServer2.java:addFilter(958)) - Added filter static_user_filter (class=org.apache.hadoop.http.lib.StaticUserWebFilter$StaticUserFilter) to context logs
2019-09-06 22:00:21,657 [JUnit] INFO  http.HttpServer2 (HttpServer2.java:bindListener(1191)) - Jetty bound to port 37736
2019-09-06 22:00:21,657 [JUnit] INFO  server.Server (Server.java:doStart(351)) - jetty-9.3.24.v20180605, build timestamp: 2018-06-05T17:11:56Z, git hash: 84205aa28f11a4f31f2a3b86d1bba2cc8ab69827
2019-09-06 22:00:21,659 [JUnit] INFO  handler.ContextHandler (ContextHandler.java:doStart(781)) - Started o.e.j.s.ServletContextHandler@d277579{/logs,file:///workdir/hadoop-ozone/ozonefs/target/log,AVAILABLE}
2019-09-06 22:00:21,659 [JUnit] INFO  handler.ContextHandler (ContextHandler.java:doStart(781)) - Started o.e.j.s.ServletContextHandler@378f002a{/static,jar:file:/home/user/.m2/repository/org/apache/hadoop/hadoop-hdds-container-service/0.5.0-SNAPSHOT/hadoop-hdds-container-service-0.5.0-SNAPSHOT.jar!/webapps/static,AVAILABLE}
2019-09-06 22:00:21,688 [JUnit] INFO  handler.ContextHandler (ContextHandler.java:doStart(781)) - Started o.e.j.w.WebAppContext@26d41711{/,file:///tmp/jetty-0.0.0.0-37736-hddsDatanode-_-any-6306361702144120532.dir/webapp/,AVAILABLE}{/hddsDatanode}
2019-09-06 22:00:21,688 [JUnit] INFO  server.AbstractConnector (AbstractConnector.java:doStart(278)) - Started ServerConnector@298f0a0b{HTTP/1.1,[http/1.1]}{0.0.0.0:37736}
2019-09-06 22:00:21,689 [JUnit] INFO  server.Server (Server.java:doStart(419)) - Started @7296ms
2019-09-06 22:00:21,689 [JUnit] WARN  impl.MetricsSystemImpl (MetricsSystemImpl.java:register(276)) - Sink prometheus already exists!
2019-09-06 22:00:21,690 [JUnit] INFO  server.BaseHttpServer (BaseHttpServer.java:updateConnectorAddress(215)) - HTTP server of HDDSDATANODE is listening at http://0.0.0.0:37736
2019-09-06 22:00:21,692 [JUnit] INFO  ozone.MiniOzoneClusterImpl (MiniOzoneClusterImpl.java:lambda$waitForClusterToBeReady$0(140)) - Waiting for cluster to be ready. Got 0 of 5 DN Heartbeats.
2019-09-06 22:00:21,693 [org.apache.hadoop.util.JvmPauseMonitor$Monitor@269e0873] INFO  util.JvmPauseMonitor (JvmPauseMonitor.java:run(188)) - Starting JVM pause monitor
2019-09-06 22:00:21,696 [Datanode State Machine Thread - 0] INFO  datanode.InitDatanodeState (InitDatanodeState.java:persistContainerDatanodeDetails(140)) - DatanodeDetails is persisted to /workdir/hadoop-ozone/ozonefs/target/test-dir/MiniOzoneClusterImpl-ca11de5b-e8c1-48c0-9c71-bb1a3ae6d3ec/datanode-4/meta/datanode.id
2019-09-06 22:00:22,692 [JUnit] INFO  ozone.MiniOzoneClusterImpl (MiniOzoneClusterImpl.java:lambda$waitForClusterToBeReady$0(140)) - Waiting for cluster to be ready. Got 0 of 5 DN Heartbeats.
2019-09-06 22:00:23,693 [JUnit] INFO  ozone.MiniOzoneClusterImpl (MiniOzoneClusterImpl.java:lambda$waitForClusterToBeReady$0(140)) - Waiting for cluster to be ready. Got 0 of 5 DN Heartbeats.
2019-09-06 22:00:24,445 [Datanode State Machine Thread - 0] INFO  ozoneimpl.OzoneContainer (OzoneContainer.java:start(216)) - Attempting to start container services.
2019-09-06 22:00:24,449 [Datanode State Machine Thread - 0] INFO  ozoneimpl.OzoneContainer (OzoneContainer.java:startContainerScrub(178)) - Background container scanner has been disabled.
2019-09-06 22:00:24,449 [Datanode State Machine Thread - 0] INFO  ratis.XceiverServerRatis (XceiverServerRatis.java:start(393)) - Starting XceiverServerRatis eb07f3c2-aa68-4c88-a2d8-cf9097c779f4 at port 0
2019-09-06 22:00:24,476 [Datanode State Machine Thread - 0] INFO  impl.RaftServerProxy (RaftServerProxy.java:lambda$start$3(299)) - eb07f3c2-aa68-4c88-a2d8-cf9097c779f4: start RPC server
2019-09-06 22:00:24,618 [Datanode State Machine Thread - 0] INFO  server.GrpcService (GrpcService.java:startImpl(149)) - eb07f3c2-aa68-4c88-a2d8-cf9097c779f4: GrpcService started, listening on 0.0.0.0/0.0.0.0:42590
2019-09-06 22:00:24,619 [Datanode State Machine Thread - 0] INFO  ratis.XceiverServerRatis (XceiverServerRatis.java:start(403)) - XceiverServerRatis eb07f3c2-aa68-4c88-a2d8-cf9097c779f4 is started using port 42590
2019-09-06 22:00:24,621 [Datanode State Machine Thread - 0] INFO  server.XceiverServerGrpc (XceiverServerGrpc.java:start(163)) - XceiverServerGrpc eb07f3c2-aa68-4c88-a2d8-cf9097c779f4 is started using port 34078
2019-09-06 22:00:24,695 [JUnit] INFO  ozone.MiniOzoneClusterImpl (MiniOzoneClusterImpl.java:lambda$waitForClusterToBeReady$0(140)) - Waiting for cluster to be ready. Got 0 of 5 DN Heartbeats.
2019-09-06 22:00:25,054 [Datanode State Machine Thread - 0] INFO  ozoneimpl.OzoneContainer (OzoneContainer.java:start(216)) - Attempting to start container services.
2019-09-06 22:00:25,054 [Datanode State Machine Thread - 0] INFO  ozoneimpl.OzoneContainer (OzoneContainer.java:start(216)) - Attempting to start container services.
2019-09-06 22:00:25,056 [Datanode State Machine Thread - 0] INFO  ozoneimpl.OzoneContainer (OzoneContainer.java:start(216)) - Attempting to start container services.
2019-09-06 22:00:25,056 [Datanode State Machine Thread - 0] INFO  ozoneimpl.OzoneContainer (OzoneContainer.java:start(216)) - Attempting to start container services.
2019-09-06 22:00:25,063 [Datanode State Machine Thread - 0] INFO  ozoneimpl.OzoneContainer (OzoneContainer.java:startContainerScrub(178)) - Background container scanner has been disabled.
2019-09-06 22:00:25,064 [Datanode State Machine Thread - 0] INFO  ozoneimpl.OzoneContainer (OzoneContainer.java:startContainerScrub(178)) - Background container scanner has been disabled.
2019-09-06 22:00:25,063 [Datanode State Machine Thread - 0] INFO  ratis.XceiverServerRatis (XceiverServerRatis.java:start(393)) - Starting XceiverServerRatis e4d22c93-acc0-432e-8ff6-ef453016530c at port 0
2019-09-06 22:00:25,068 [Datanode State Machine Thread - 0] INFO  ozoneimpl.OzoneContainer (OzoneContainer.java:startContainerScrub(178)) - Background container scanner has been disabled.
2019-09-06 22:00:25,064 [Datanode State Machine Thread - 0] INFO  ozoneimpl.OzoneContainer (OzoneContainer.java:startContainerScrub(178)) - Background container scanner has been disabled.
2019-09-06 22:00:25,068 [Datanode State Machine Thread - 0] INFO  ratis.XceiverServerRatis (XceiverServerRatis.java:start(393)) - Starting XceiverServerRatis 5a50aa92-2737-4252-bffb-c8f2124676ea at port 0
2019-09-06 22:00:25,068 [Datanode State Machine Thread - 0] INFO  ratis.XceiverServerRatis (XceiverServerRatis.java:start(393)) - Starting XceiverServerRatis a442f722-883b-42ef-86c3-1743511a8ab0 at port 0
2019-09-06 22:00:25,068 [Datanode State Machine Thread - 0] INFO  ratis.XceiverServerRatis (XceiverServerRatis.java:start(393)) - Starting XceiverServerRatis cabf754e-66c5-4603-8900-162c24b4db5c at port 0
2019-09-06 22:00:25,092 [Datanode State Machine Thread - 0] INFO  impl.RaftServerProxy (RaftServerProxy.java:lambda$start$3(299)) - e4d22c93-acc0-432e-8ff6-ef453016530c: start RPC server
2019-09-06 22:00:25,097 [Datanode State Machine Thread - 0] INFO  server.GrpcService (GrpcService.java:startImpl(149)) - e4d22c93-acc0-432e-8ff6-ef453016530c: GrpcService started, listening on 0.0.0.0/0.0.0.0:43075
2019-09-06 22:00:25,098 [Datanode State Machine Thread - 0] INFO  ratis.XceiverServerRatis (XceiverServerRatis.java:start(403)) - XceiverServerRatis e4d22c93-acc0-432e-8ff6-ef453016530c is started using port 43075
2019-09-06 22:00:25,100 [Datanode State Machine Thread - 0] INFO  server.XceiverServerGrpc (XceiverServerGrpc.java:start(163)) - XceiverServerGrpc e4d22c93-acc0-432e-8ff6-ef453016530c is started using port 35787
2019-09-06 22:00:25,102 [Datanode State Machine Thread - 0] INFO  impl.RaftServerProxy (RaftServerProxy.java:lambda$start$3(299)) - a442f722-883b-42ef-86c3-1743511a8ab0: start RPC server
2019-09-06 22:00:25,102 [Datanode State Machine Thread - 0] INFO  impl.RaftServerProxy (RaftServerProxy.java:lambda$start$3(299)) - cabf754e-66c5-4603-8900-162c24b4db5c: start RPC server
2019-09-06 22:00:25,106 [Datanode State Machine Thread - 0] INFO  impl.RaftServerProxy (RaftServerProxy.java:lambda$start$3(299)) - 5a50aa92-2737-4252-bffb-c8f2124676ea: start RPC server
2019-09-06 22:00:25,108 [Datanode State Machine Thread - 0] INFO  server.GrpcService (GrpcService.java:startImpl(149)) - a442f722-883b-42ef-86c3-1743511a8ab0: GrpcService started, listening on 0.0.0.0/0.0.0.0:43482
2019-09-06 22:00:25,110 [Datanode State Machine Thread - 0] INFO  ratis.XceiverServerRatis (XceiverServerRatis.java:start(403)) - XceiverServerRatis a442f722-883b-42ef-86c3-1743511a8ab0 is started using port 43482
2019-09-06 22:00:25,111 [Datanode State Machine Thread - 0] INFO  server.GrpcService (GrpcService.java:startImpl(149)) - cabf754e-66c5-4603-8900-162c24b4db5c: GrpcService started, listening on 0.0.0.0/0.0.0.0:46375
2019-09-06 22:00:25,113 [Datanode State Machine Thread - 0] INFO  server.GrpcService (GrpcService.java:startImpl(149)) - 5a50aa92-2737-4252-bffb-c8f2124676ea: GrpcService started, listening on 0.0.0.0/0.0.0.0:36465
2019-09-06 22:00:25,113 [Datanode State Machine Thread - 0] INFO  ratis.XceiverServerRatis (XceiverServerRatis.java:start(403)) - XceiverServerRatis cabf754e-66c5-4603-8900-162c24b4db5c is started using port 46375
2019-09-06 22:00:25,114 [Datanode State Machine Thread - 0] INFO  ratis.XceiverServerRatis (XceiverServerRatis.java:start(403)) - XceiverServerRatis 5a50aa92-2737-4252-bffb-c8f2124676ea is started using port 36465
2019-09-06 22:00:25,114 [Datanode State Machine Thread - 0] INFO  server.XceiverServerGrpc (XceiverServerGrpc.java:start(163)) - XceiverServerGrpc a442f722-883b-42ef-86c3-1743511a8ab0 is started using port 44245
2019-09-06 22:00:25,119 [Datanode State Machine Thread - 0] INFO  server.XceiverServerGrpc (XceiverServerGrpc.java:start(163)) - XceiverServerGrpc cabf754e-66c5-4603-8900-162c24b4db5c is started using port 41547
2019-09-06 22:00:25,119 [Datanode State Machine Thread - 0] INFO  server.XceiverServerGrpc (XceiverServerGrpc.java:start(163)) - XceiverServerGrpc 5a50aa92-2737-4252-bffb-c8f2124676ea is started using port 35052
2019-09-06 22:00:25,146 [IPC Server handler 1 on 34966] INFO  net.NetworkTopology (NetworkTopologyImpl.java:add(110)) - Added a new node: /default-rack/eb07f3c2-aa68-4c88-a2d8-cf9097c779f4
2019-09-06 22:00:25,147 [IPC Server handler 1 on 34966] INFO  node.SCMNodeManager (SCMNodeManager.java:register(266)) - Registered Data node : eb07f3c2-aa68-4c88-a2d8-cf9097c779f4{ip: 192.168.69.79, host: pr-hdds-2087-j7wfl-3989464410, networkLocation: /default-rack, certSerialId: null}
2019-09-06 22:00:25,153 [EventQueue-NodeRegistrationContainerReportForDataNodeSafeModeRule] INFO  safemode.SCMSafeModeManager (DataNodeSafeModeRule.java:process(71)) - SCM in safe mode. 1 DataNodes registered, 1 required.
2019-09-06 22:00:25,154 [EventQueue-NodeRegistrationContainerReportForDataNodeSafeModeRule] INFO  safemode.SCMSafeModeManager (SCMSafeModeManager.java:validateSafeModeExitRules(177)) - ScmSafeModeManager, all rules are successfully validated
2019-09-06 22:00:25,154 [EventQueue-NodeRegistrationContainerReportForDataNodeSafeModeRule] INFO  safemode.SCMSafeModeManager (SCMSafeModeManager.java:exitSafeMode(193)) - SCM exiting safe mode.
2019-09-06 22:00:25,528 [IPC Server handler 2 on 34966] INFO  net.NetworkTopology (NetworkTopologyImpl.java:add(110)) - Added a new node: /default-rack/5a50aa92-2737-4252-bffb-c8f2124676ea
2019-09-06 22:00:25,529 [IPC Server handler 2 on 34966] INFO  node.SCMNodeManager (SCMNodeManager.java:register(266)) - Registered Data node : 5a50aa92-2737-4252-bffb-c8f2124676ea{ip: 192.168.69.79, host: pr-hdds-2087-j7wfl-3989464410, networkLocation: /default-rack, certSerialId: null}
2019-09-06 22:00:25,535 [IPC Server handler 3 on 34966] INFO  net.NetworkTopology (NetworkTopologyImpl.java:add(110)) - Added a new node: /default-rack/e4d22c93-acc0-432e-8ff6-ef453016530c
2019-09-06 22:00:25,537 [IPC Server handler 3 on 34966] INFO  node.SCMNodeManager (SCMNodeManager.java:register(266)) - Registered Data node : e4d22c93-acc0-432e-8ff6-ef453016530c{ip: 192.168.69.79, host: pr-hdds-2087-j7wfl-3989464410, networkLocation: /default-rack, certSerialId: null}
2019-09-06 22:00:25,622 [IPC Server handler 4 on 34966] INFO  net.NetworkTopology (NetworkTopologyImpl.java:add(110)) - Added a new node: /default-rack/a442f722-883b-42ef-86c3-1743511a8ab0
2019-09-06 22:00:25,622 [IPC Server handler 4 on 34966] INFO  node.SCMNodeManager (SCMNodeManager.java:register(266)) - Registered Data node : a442f722-883b-42ef-86c3-1743511a8ab0{ip: 192.168.69.79, host: pr-hdds-2087-j7wfl-3989464410, networkLocation: /default-rack, certSerialId: null}
2019-09-06 22:00:25,695 [JUnit] INFO  ozone.MiniOzoneClusterImpl (MiniOzoneClusterImpl.java:lambda$waitForClusterToBeReady$0(140)) - Waiting for cluster to be ready. Got 4 of 5 DN Heartbeats.
2019-09-06 22:00:25,695 [IPC Server handler 5 on 34966] INFO  net.NetworkTopology (NetworkTopologyImpl.java:add(110)) - Added a new node: /default-rack/cabf754e-66c5-4603-8900-162c24b4db5c
2019-09-06 22:00:25,696 [IPC Server handler 5 on 34966] INFO  node.SCMNodeManager (SCMNodeManager.java:register(266)) - Registered Data node : cabf754e-66c5-4603-8900-162c24b4db5c{ip: 192.168.69.79, host: pr-hdds-2087-j7wfl-3989464410, networkLocation: /default-rack, certSerialId: null}
2019-09-06 22:00:25,886 [grpc-default-executor-0] INFO  impl.RaftServerProxy (RaftServerProxy.java:addNew(89)) - eb07f3c2-aa68-4c88-a2d8-cf9097c779f4: addNew group-506A82552E0E:[eb07f3c2-aa68-4c88-a2d8-cf9097c779f4:192.168.69.79:42590] returns group-506A82552E0E:java.util.concurrent.CompletableFuture@3b1d4712[Not completed]
2019-09-06 22:00:25,909 [pool-27-thread-1] INFO  impl.RaftServerImpl (RaftServerImpl.java:<init>(93)) - eb07f3c2-aa68-4c88-a2d8-cf9097c779f4: new RaftServerImpl for group-506A82552E0E:[eb07f3c2-aa68-4c88-a2d8-cf9097c779f4:192.168.69.79:42590] with ContainerStateMachine:uninitialized
2019-09-06 22:00:25,912 [pool-27-thread-1] INFO  server.RaftServerConfigKeys (ConfUtils.java:logGet(43)) - raft.server.rpc.timeout.min = 5s (custom)
2019-09-06 22:00:25,914 [pool-27-thread-1] INFO  server.RaftServerConfigKeys (ConfUtils.java:logGet(43)) - raft.server.rpc.timeout.max = 5200ms (custom)
2019-09-06 22:00:25,914 [pool-27-thread-1] INFO  server.RaftServerConfigKeys (ConfUtils.java:logGet(43)) - raft.server.rpcslowness.timeout = 120s (custom)
2019-09-06 22:00:25,915 [pool-27-thread-1] INFO  server.RaftServerConfigKeys (ConfUtils.java:logGet(43)) - raft.server.sleep.deviation.threshold = 300 (default)
2019-09-06 22:00:25,916 [pool-27-thread-1] INFO  server.RaftServerConfigKeys (ConfUtils.java:logGet(43)) - raft.server.log.appender.install.snapshot.enabled = false (custom)
2019-09-06 22:00:25,925 [pool-27-thread-1] INFO  impl.RaftServerImpl (ServerState.java:<init>(105)) - eb07f3c2-aa68-4c88-a2d8-cf9097c779f4:group-506A82552E0E ConfigurationManager, init=-1: [eb07f3c2-aa68-4c88-a2d8-cf9097c779f4:192.168.69.79:42590], old=null, confs=<EMPTY_MAP>
2019-09-06 22:00:25,925 [pool-27-thread-1] INFO  server.RaftServerConfigKeys (ConfUtils.java:logGet(43)) - raft.server.storage.dir = [/workdir/hadoop-ozone/ozonefs/target/test-dir/MiniOzoneClusterImpl-ca11de5b-e8c1-48c0-9c71-bb1a3ae6d3ec/datanode-0/data/ratis] (custom)
2019-09-06 22:00:25,933 [pool-27-thread-1] INFO  storage.RaftStorageDirectory (RaftStorageDirectory.java:analyzeStorage(246)) - The storage directory /workdir/hadoop-ozone/ozonefs/target/test-dir/MiniOzoneClusterImpl-ca11de5b-e8c1-48c0-9c71-bb1a3ae6d3ec/datanode-0/data/ratis/fd2b1d21-7e33-4267-9f48-506a82552e0e does not exist. Creating ...
2019-09-06 22:00:26,696 [JUnit] INFO  ozone.MiniOzoneClusterImpl (MiniOzoneClusterImpl.java:lambda$waitForClusterToBeReady$0(140)) - Cluster is ready. Got 5 of 5 DN Heartbeats.
2019-09-06 22:00:26,964 [pool-27-thread-1] INFO  storage.RaftStorageDirectory (RaftStorageDirectory.java:tryLock(328)) - Lock on /workdir/hadoop-ozone/ozonefs/target/test-dir/MiniOzoneClusterImpl-ca11de5b-e8c1-48c0-9c71-bb1a3ae6d3ec/datanode-0/data/ratis/fd2b1d21-7e33-4267-9f48-506a82552e0e/in_use.lock acquired by nodename 3576@pr-hdds-2087-j7wfl-3989464410
2019-09-06 22:00:27,527 [Thread-209] INFO  rpc.RpcClient (RpcClient.java:createVolume(293)) - Creating Volume: volume37266, with user57156 as owner.
2019-09-06 22:00:27,709 [IPC Server handler 2 on 36227] INFO  volume.OMVolumeCreateRequest (OMVolumeCreateRequest.java:validateAndUpdateCache(189)) - created volume:volume37266 for user:user57156
2019-09-06 22:00:27,912 [Thread-209] INFO  rpc.RpcClient (RpcClient.java:createBucket(432)) - Creating Bucket: volume37266/bucket55183, with Versioning false and Storage Type set to DISK and Encryption set to false 
2019-09-06 22:00:27,964 [pool-27-thread-1] INFO  storage.RaftStorage (RaftStorage.java:format(72)) - Storage directory /workdir/hadoop-ozone/ozonefs/target/test-dir/MiniOzoneClusterImpl-ca11de5b-e8c1-48c0-9c71-bb1a3ae6d3ec/datanode-0/data/ratis/fd2b1d21-7e33-4267-9f48-506a82552e0e has been successfully formatted.
2019-09-06 22:00:27,967 [pool-27-thread-1] INFO  ratis.ContainerStateMachine (ContainerStateMachine.java:loadSnapshot(227)) - group-506A82552E0E: The snapshot info is null. Setting the last applied indexto:(t:0, i:~)
2019-09-06 22:00:27,967 [pool-27-thread-1] INFO  server.RaftServerConfigKeys (ConfUtils.java:logGet(43)) - raft.server.leader.election.timeout = 120s (custom)
2019-09-06 22:00:27,970 [pool-27-thread-1] INFO  server.RaftServerConfigKeys (ConfUtils.java:logGet(43)) - raft.server.log.use.memory = false (default)
2019-09-06 22:00:27,976 [pool-27-thread-1] INFO  server.RaftServerConfigKeys (ConfUtils.java:logGet(43)) - raft.server.log.purge.gap = 1000000 (custom)
2019-09-06 22:00:27,976 [pool-27-thread-1] INFO  server.RaftServerConfigKeys (ConfUtils.java:logGet(43)) - raft.server.log.appender.buffer.byte-limit = 33554432 (custom)
2019-09-06 22:00:27,978 [pool-27-thread-1] INFO  server.RaftServerConfigKeys (ConfUtils.java:logGet(43)) - raft.server.log.segment.size.max = 1048576 (custom)
2019-09-06 22:00:27,987 [pool-27-thread-1] INFO  server.RaftServerConfigKeys (ConfUtils.java:logGet(43)) - raft.server.log.segment.cache.num.max = 2 (custom)
2019-09-06 22:00:27,994 [pool-27-thread-1] INFO  segmented.SegmentedRaftLogWorker (SegmentedRaftLogWorker.java:<init>(172)) - new eb07f3c2-aa68-4c88-a2d8-cf9097c779f4-SegmentedRaftLogWorker:Storage Directory /workdir/hadoop-ozone/ozonefs/target/test-dir/MiniOzoneClusterImpl-ca11de5b-e8c1-48c0-9c71-bb1a3ae6d3ec/datanode-0/data/ratis/fd2b1d21-7e33-4267-9f48-506a82552e0e for RaftStorage:Storage Directory /workdir/hadoop-ozone/ozonefs/target/test-dir/MiniOzoneClusterImpl-ca11de5b-e8c1-48c0-9c71-bb1a3ae6d3ec/datanode-0/data/ratis/fd2b1d21-7e33-4267-9f48-506a82552e0e
2019-09-06 22:00:28,011 [pool-27-thread-1] INFO  server.RaftServerConfigKeys (ConfUtils.java:logGet(43)) - raft.server.log.queue.byte-limit = 2147483647 (custom)
2019-09-06 22:00:28,012 [pool-27-thread-1] INFO  server.RaftServerConfigKeys (ConfUtils.java:logGet(43)) - raft.server.log.queue.element-limit = 1024 (custom)
2019-09-06 22:00:28,018 [pool-27-thread-1] INFO  server.RaftServerConfigKeys (ConfUtils.java:logGet(43)) - raft.server.log.segment.size.max = 1048576 (custom)
2019-09-06 22:00:28,019 [pool-27-thread-1] INFO  server.RaftServerConfigKeys (ConfUtils.java:logGet(43)) - raft.server.log.preallocated.size = 16384 (custom)
2019-09-06 22:00:28,019 [pool-27-thread-1] INFO  server.RaftServerConfigKeys (ConfUtils.java:logGet(43)) - raft.server.log.write.buffer.size = 33554432 (custom)
2019-09-06 22:00:28,019 [pool-27-thread-1] INFO  server.RaftServerConfigKeys (ConfUtils.java:logGet(43)) - raft.server.log.force.sync.num = 128 (default)
2019-09-06 22:00:28,021 [pool-27-thread-1] INFO  server.RaftServerConfigKeys (ConfUtils.java:logGet(43)) - raft.server.log.statemachine.data.sync = true (default)
2019-09-06 22:00:28,021 [pool-27-thread-1] INFO  server.RaftServerConfigKeys (ConfUtils.java:logGet(43)) - raft.server.log.statemachine.data.sync.timeout = 10s (default)
2019-09-06 22:00:28,021 [pool-27-thread-1] INFO  server.RaftServerConfigKeys (ConfUtils.java:logGet(43)) - raft.server.log.statemachine.data.sync.timeout.retry = -1 (default)
2019-09-06 22:00:28,034 [pool-27-thread-1] INFO  server.RaftServerConfigKeys (ConfUtils.java:logGet(43)) - raft.server.log.statemachine.data.caching.enabled = true (custom)
2019-09-06 22:00:28,039 [pool-27-thread-1] INFO  segmented.SegmentedRaftLogWorker (SegmentedRaftLogWorker.java:lambda$new$0(132)) - eb07f3c2-aa68-4c88-a2d8-cf9097c779f4-SegmentedRaftLogWorker:Storage Directory /workdir/hadoop-ozone/ozonefs/target/test-dir/MiniOzoneClusterImpl-ca11de5b-e8c1-48c0-9c71-bb1a3ae6d3ec/datanode-0/data/ratis/fd2b1d21-7e33-4267-9f48-506a82552e0e: flushIndex: setUnconditionally 0 -> -1
2019-09-06 22:00:28,043 [pool-27-thread-1] INFO  server.RaftServerConfigKeys (ConfUtils.java:logGet(43)) - raft.server.snapshot.auto.trigger.enabled = true (custom)
2019-09-06 22:00:28,044 [pool-27-thread-1] INFO  server.RaftServerConfigKeys (ConfUtils.java:logGet(43)) - raft.server.snapshot.auto.trigger.threshold = 10000 (custom)
2019-09-06 22:00:28,044 [pool-27-thread-1] INFO  server.RaftServerConfigKeys (ConfUtils.java:logGet(43)) - raft.server.retrycache.expirytime = 600000ms (custom)
2019-09-06 22:00:28,073 [pool-27-thread-1] INFO  impl.RaftServerImpl (RaftServerImpl.java:start(180)) - eb07f3c2-aa68-4c88-a2d8-cf9097c779f4: start group-506A82552E0E
2019-09-06 22:00:28,075 [pool-27-thread-1] INFO  impl.RaftServerImpl (RaftServerImpl.java:setRole(171)) - eb07f3c2-aa68-4c88-a2d8-cf9097c779f4:group-506A82552E0E changes role from null to FOLLOWER at term 0 for startAsFollower
2019-09-06 22:00:28,077 [pool-27-thread-1] INFO  impl.RoleInfo (RoleInfo.java:updateAndGet(143)) - eb07f3c2-aa68-4c88-a2d8-cf9097c779f4: start FollowerState
2019-09-06 22:00:28,079 [pool-27-thread-1] INFO  util.JmxRegister (JmxRegister.java:tryRegister(44)) - Successfully registered JMX Bean with object name Ratis:service=RaftServer,group=group-506A82552E0E,id=eb07f3c2-aa68-4c88-a2d8-cf9097c779f4
2019-09-06 22:00:28,106 [Thread-209] INFO  contract.AbstractFSContractTestBase (AbstractFSContractTestBase.java:setup(184)) - Test filesystem = o3fs://bucket55183.volume37266 implemented by OzoneFileSystem{URI=o3fs://bucket55183.volume37266, workingDir=o3fs://bucket55183.volume37266/user/jenkins1000, userName=jenkins1000, statistics=0 bytes read, 0 bytes written, 0 read ops, 0 large read ops, 0 write ops}
2019-09-06 22:00:28,398 [Thread-208] INFO  container.ReplicationManager (ReplicationManager.java:start(162)) - Starting Replication Monitor Thread.
2019-09-06 22:00:28,410 [RatisPipelineUtilsThread] INFO  pipeline.PipelineStateManager (PipelineStateManager.java:addPipeline(56)) - Created pipeline Pipeline[ Id: fd2b1d21-7e33-4267-9f48-506a82552e0e, Nodes: eb07f3c2-aa68-4c88-a2d8-cf9097c779f4{ip: 192.168.69.79, host: pr-hdds-2087-j7wfl-3989464410, networkLocation: /default-rack, certSerialId: null}, Type:RATIS, Factor:ONE, State:OPEN]
2019-09-06 22:00:28,652 [ReplicationMonitor] INFO  container.ReplicationManager (ReplicationManager.java:run(225)) - Replication Monitor Thread took 5 milliseconds for processing 0 containers.
2019-09-06 22:00:28,677 [grpc-default-executor-0] INFO  impl.RaftServerProxy (RaftServerProxy.java:addNew(89)) - 5a50aa92-2737-4252-bffb-c8f2124676ea: addNew group-B9B1008F3339:[5a50aa92-2737-4252-bffb-c8f2124676ea:192.168.69.79:36465] returns group-B9B1008F3339:java.util.concurrent.CompletableFuture@3ea7c92[Not completed]
2019-09-06 22:00:28,710 [pool-37-thread-1] INFO  impl.RaftServerImpl (RaftServerImpl.java:<init>(93)) - 5a50aa92-2737-4252-bffb-c8f2124676ea: new RaftServerImpl for group-B9B1008F3339:[5a50aa92-2737-4252-bffb-c8f2124676ea:192.168.69.79:36465] with ContainerStateMachine:uninitialized
2019-09-06 22:00:28,711 [pool-37-thread-1] INFO  server.RaftServerConfigKeys (ConfUtils.java:logGet(43)) - raft.server.rpc.timeout.min = 5s (custom)
2019-09-06 22:00:28,711 [pool-37-thread-1] INFO  server.RaftServerConfigKeys (ConfUtils.java:logGet(43)) - raft.server.rpc.timeout.max = 5200ms (custom)
2019-09-06 22:00:28,711 [pool-37-thread-1] INFO  server.RaftServerConfigKeys (ConfUtils.java:logGet(43)) - raft.server.rpcslowness.timeout = 120s (custom)
2019-09-06 22:00:28,711 [pool-37-thread-1] INFO  server.RaftServerConfigKeys (ConfUtils.java:logGet(43)) - raft.server.sleep.deviation.threshold = 300 (default)
2019-09-06 22:00:28,711 [pool-37-thread-1] INFO  server.RaftServerConfigKeys (ConfUtils.java:logGet(43)) - raft.server.log.appender.install.snapshot.enabled = false (custom)
2019-09-06 22:00:28,712 [pool-37-thread-1] INFO  impl.RaftServerImpl (ServerState.java:<init>(105)) - 5a50aa92-2737-4252-bffb-c8f2124676ea:group-B9B1008F3339 ConfigurationManager, init=-1: [5a50aa92-2737-4252-bffb-c8f2124676ea:192.168.69.79:36465], old=null, confs=<EMPTY_MAP>
2019-09-06 22:00:28,712 [pool-37-thread-1] INFO  server.RaftServerConfigKeys (ConfUtils.java:logGet(43)) - raft.server.storage.dir = [/workdir/hadoop-ozone/ozonefs/target/test-dir/MiniOzoneClusterImpl-ca11de5b-e8c1-48c0-9c71-bb1a3ae6d3ec/datanode-1/data/ratis] (custom)
2019-09-06 22:00:28,712 [pool-37-thread-1] INFO  storage.RaftStorageDirectory (RaftStorageDirectory.java:analyzeStorage(246)) - The storage directory /workdir/hadoop-ozone/ozonefs/target/test-dir/MiniOzoneClusterImpl-ca11de5b-e8c1-48c0-9c71-bb1a3ae6d3ec/datanode-1/data/ratis/d578f747-e17d-453c-b4fb-b9b1008f3339 does not exist. Creating ...
2019-09-06 22:00:29,592 [pool-37-thread-1] INFO  storage.RaftStorageDirectory (RaftStorageDirectory.java:tryLock(328)) - Lock on /workdir/hadoop-ozone/ozonefs/target/test-dir/MiniOzoneClusterImpl-ca11de5b-e8c1-48c0-9c71-bb1a3ae6d3ec/datanode-1/data/ratis/d578f747-e17d-453c-b4fb-b9b1008f3339/in_use.lock acquired by nodename 3576@pr-hdds-2087-j7wfl-3989464410
2019-09-06 22:00:30,313 [pool-37-thread-1] INFO  storage.RaftStorage (RaftStorage.java:format(72)) - Storage directory /workdir/hadoop-ozone/ozonefs/target/test-dir/MiniOzoneClusterImpl-ca11de5b-e8c1-48c0-9c71-bb1a3ae6d3ec/datanode-1/data/ratis/d578f747-e17d-453c-b4fb-b9b1008f3339 has been successfully formatted.
2019-09-06 22:00:30,316 [pool-37-thread-1] INFO  ratis.ContainerStateMachine (ContainerStateMachine.java:loadSnapshot(227)) - group-B9B1008F3339: The snapshot info is null. Setting the last applied indexto:(t:0, i:~)
2019-09-06 22:00:30,318 [pool-37-thread-1] INFO  server.RaftServerConfigKeys (ConfUtils.java:logGet(43)) - raft.server.leader.election.timeout = 120s (custom)
2019-09-06 22:00:30,318 [pool-37-thread-1] INFO  server.RaftServerConfigKeys (ConfUtils.java:logGet(43)) - raft.server.log.use.memory = false (default)
2019-09-06 22:00:30,318 [pool-37-thread-1] INFO  server.RaftServerConfigKeys (ConfUtils.java:logGet(43)) - raft.server.log.purge.gap = 1000000 (custom)
2019-09-06 22:00:30,318 [pool-37-thread-1] INFO  server.RaftServerConfigKeys (ConfUtils.java:logGet(43)) - raft.server.log.appender.buffer.byte-limit = 33554432 (custom)
2019-09-06 22:00:30,319 [pool-37-thread-1] INFO  server.RaftServerConfigKeys (ConfUtils.java:logGet(43)) - raft.server.log.segment.size.max = 1048576 (custom)
2019-09-06 22:00:30,319 [pool-37-thread-1] INFO  server.RaftServerConfigKeys (ConfUtils.java:logGet(43)) - raft.server.log.segment.cache.num.max = 2 (custom)
2019-09-06 22:00:30,319 [pool-37-thread-1] INFO  segmented.SegmentedRaftLogWorker (SegmentedRaftLogWorker.java:<init>(172)) - new 5a50aa92-2737-4252-bffb-c8f2124676ea-SegmentedRaftLogWorker:Storage Directory /workdir/hadoop-ozone/ozonefs/target/test-dir/MiniOzoneClusterImpl-ca11de5b-e8c1-48c0-9c71-bb1a3ae6d3ec/datanode-1/data/ratis/d578f747-e17d-453c-b4fb-b9b1008f3339 for RaftStorage:Storage Directory /workdir/hadoop-ozone/ozonefs/target/test-dir/MiniOzoneClusterImpl-ca11de5b-e8c1-48c0-9c71-bb1a3ae6d3ec/datanode-1/data/ratis/d578f747-e17d-453c-b4fb-b9b1008f3339
2019-09-06 22:00:30,320 [pool-37-thread-1] INFO  server.RaftServerConfigKeys (ConfUtils.java:logGet(43)) - raft.server.log.queue.byte-limit = 2147483647 (custom)
2019-09-06 22:00:30,320 [pool-37-thread-1] INFO  server.RaftServerConfigKeys (ConfUtils.java:logGet(43)) - raft.server.log.queue.element-limit = 1024 (custom)
2019-09-06 22:00:30,321 [pool-37-thread-1] INFO  server.RaftServerConfigKeys (ConfUtils.java:logGet(43)) - raft.server.log.segment.size.max = 1048576 (custom)
2019-09-06 22:00:30,321 [pool-37-thread-1] INFO  server.RaftServerConfigKeys (ConfUtils.java:logGet(43)) - raft.server.log.preallocated.size = 16384 (custom)
2019-09-06 22:00:30,321 [pool-37-thread-1] INFO  server.RaftServerConfigKeys (ConfUtils.java:logGet(43)) - raft.server.log.write.buffer.size = 33554432 (custom)
2019-09-06 22:00:30,321 [pool-37-thread-1] INFO  server.RaftServerConfigKeys (ConfUtils.java:logGet(43)) - raft.server.log.force.sync.num = 128 (default)
2019-09-06 22:00:30,322 [pool-37-thread-1] INFO  server.RaftServerConfigKeys (ConfUtils.java:logGet(43)) - raft.server.log.statemachine.data.sync = true (default)
2019-09-06 22:00:30,322 [pool-37-thread-1] INFO  server.RaftServerConfigKeys (ConfUtils.java:logGet(43)) - raft.server.log.statemachine.data.sync.timeout = 10s (default)
2019-09-06 22:00:30,322 [pool-37-thread-1] INFO  server.RaftServerConfigKeys (ConfUtils.java:logGet(43)) - raft.server.log.statemachine.data.sync.timeout.retry = -1 (default)
2019-09-06 22:00:30,322 [pool-37-thread-1] INFO  server.RaftServerConfigKeys (ConfUtils.java:logGet(43)) - raft.server.log.statemachine.data.caching.enabled = true (custom)
2019-09-06 22:00:30,323 [pool-37-thread-1] INFO  segmented.SegmentedRaftLogWorker (SegmentedRaftLogWorker.java:lambda$new$0(132)) - 5a50aa92-2737-4252-bffb-c8f2124676ea-SegmentedRaftLogWorker:Storage Directory /workdir/hadoop-ozone/ozonefs/target/test-dir/MiniOzoneClusterImpl-ca11de5b-e8c1-48c0-9c71-bb1a3ae6d3ec/datanode-1/data/ratis/d578f747-e17d-453c-b4fb-b9b1008f3339: flushIndex: setUnconditionally 0 -> -1
2019-09-06 22:00:30,323 [pool-37-thread-1] INFO  server.RaftServerConfigKeys (ConfUtils.java:logGet(43)) - raft.server.snapshot.auto.trigger.enabled = true (custom)
2019-09-06 22:00:30,323 [pool-37-thread-1] INFO  server.RaftServerConfigKeys (ConfUtils.java:logGet(43)) - raft.server.snapshot.auto.trigger.threshold = 10000 (custom)
2019-09-06 22:00:30,324 [pool-37-thread-1] INFO  server.RaftServerConfigKeys (ConfUtils.java:logGet(43)) - raft.server.retrycache.expirytime = 600000ms (custom)
2019-09-06 22:00:30,324 [pool-37-thread-1] INFO  impl.RaftServerImpl (RaftServerImpl.java:start(180)) - 5a50aa92-2737-4252-bffb-c8f2124676ea: start group-B9B1008F3339
2019-09-06 22:00:30,324 [pool-37-thread-1] INFO  impl.RaftServerImpl (RaftServerImpl.java:setRole(171)) - 5a50aa92-2737-4252-bffb-c8f2124676ea:group-B9B1008F3339 changes role from null to FOLLOWER at term 0 for startAsFollower
2019-09-06 22:00:30,324 [pool-37-thread-1] INFO  impl.RoleInfo (RoleInfo.java:updateAndGet(143)) - 5a50aa92-2737-4252-bffb-c8f2124676ea: start FollowerState
2019-09-06 22:00:30,326 [pool-37-thread-1] INFO  util.JmxRegister (JmxRegister.java:tryRegister(44)) - Successfully registered JMX Bean with object name Ratis:service=RaftServer,group=group-B9B1008F3339,id=5a50aa92-2737-4252-bffb-c8f2124676ea
2019-09-06 22:00:30,347 [RatisPipelineUtilsThread] INFO  pipeline.PipelineStateManager (PipelineStateManager.java:addPipeline(56)) - Created pipeline Pipeline[ Id: d578f747-e17d-453c-b4fb-b9b1008f3339, Nodes: 5a50aa92-2737-4252-bffb-c8f2124676ea{ip: 192.168.69.79, host: pr-hdds-2087-j7wfl-3989464410, networkLocation: /default-rack, certSerialId: null}, Type:RATIS, Factor:ONE, State:OPEN]
2019-09-06 22:00:30,367 [grpc-default-executor-0] INFO  impl.RaftServerProxy (RaftServerProxy.java:addNew(89)) - cabf754e-66c5-4603-8900-162c24b4db5c: addNew group-6F6DC56E76B7:[cabf754e-66c5-4603-8900-162c24b4db5c:192.168.69.79:46375] returns group-6F6DC56E76B7:java.util.concurrent.CompletableFuture@6fe0fd4d[Not completed]
2019-09-06 22:00:30,396 [pool-67-thread-1] INFO  impl.RaftServerImpl (RaftServerImpl.java:<init>(93)) - cabf754e-66c5-4603-8900-162c24b4db5c: new RaftServerImpl for group-6F6DC56E76B7:[cabf754e-66c5-4603-8900-162c24b4db5c:192.168.69.79:46375] with ContainerStateMachine:uninitialized
2019-09-06 22:00:30,396 [pool-67-thread-1] INFO  server.RaftServerConfigKeys (ConfUtils.java:logGet(43)) - raft.server.rpc.timeout.min = 5s (custom)
2019-09-06 22:00:30,396 [pool-67-thread-1] INFO  server.RaftServerConfigKeys (ConfUtils.java:logGet(43)) - raft.server.rpc.timeout.max = 5200ms (custom)
2019-09-06 22:00:30,397 [pool-67-thread-1] INFO  server.RaftServerConfigKeys (ConfUtils.java:logGet(43)) - raft.server.rpcslowness.timeout = 120s (custom)
2019-09-06 22:00:30,397 [pool-67-thread-1] INFO  server.RaftServerConfigKeys (ConfUtils.java:logGet(43)) - raft.server.sleep.deviation.threshold = 300 (default)
2019-09-06 22:00:30,397 [pool-67-thread-1] INFO  server.RaftServerConfigKeys (ConfUtils.java:logGet(43)) - raft.server.log.appender.install.snapshot.enabled = false (custom)
2019-09-06 22:00:30,397 [pool-67-thread-1] INFO  impl.RaftServerImpl (ServerState.java:<init>(105)) - cabf754e-66c5-4603-8900-162c24b4db5c:group-6F6DC56E76B7 ConfigurationManager, init=-1: [cabf754e-66c5-4603-8900-162c24b4db5c:192.168.69.79:46375], old=null, confs=<EMPTY_MAP>
2019-09-06 22:00:30,398 [pool-67-thread-1] INFO  server.RaftServerConfigKeys (ConfUtils.java:logGet(43)) - raft.server.storage.dir = [/workdir/hadoop-ozone/ozonefs/target/test-dir/MiniOzoneClusterImpl-ca11de5b-e8c1-48c0-9c71-bb1a3ae6d3ec/datanode-4/data/ratis] (custom)
2019-09-06 22:00:30,398 [pool-67-thread-1] INFO  storage.RaftStorageDirectory (RaftStorageDirectory.java:analyzeStorage(246)) - The storage directory /workdir/hadoop-ozone/ozonefs/target/test-dir/MiniOzoneClusterImpl-ca11de5b-e8c1-48c0-9c71-bb1a3ae6d3ec/datanode-4/data/ratis/66fcab11-ce7c-4f53-8af3-6f6dc56e76b7 does not exist. Creating ...
2019-09-06 22:00:30,846 [pool-67-thread-1] INFO  storage.RaftStorageDirectory (RaftStorageDirectory.java:tryLock(328)) - Lock on /workdir/hadoop-ozone/ozonefs/target/test-dir/MiniOzoneClusterImpl-ca11de5b-e8c1-48c0-9c71-bb1a3ae6d3ec/datanode-4/data/ratis/66fcab11-ce7c-4f53-8af3-6f6dc56e76b7/in_use.lock acquired by nodename 3576@pr-hdds-2087-j7wfl-3989464410
2019-09-06 22:00:32,277 [pool-67-thread-1] INFO  storage.RaftStorage (RaftStorage.java:format(72)) - Storage directory /workdir/hadoop-ozone/ozonefs/target/test-dir/MiniOzoneClusterImpl-ca11de5b-e8c1-48c0-9c71-bb1a3ae6d3ec/datanode-4/data/ratis/66fcab11-ce7c-4f53-8af3-6f6dc56e76b7 has been successfully formatted.
2019-09-06 22:00:32,278 [pool-67-thread-1] INFO  ratis.ContainerStateMachine (ContainerStateMachine.java:loadSnapshot(227)) - group-6F6DC56E76B7: The snapshot info is null. Setting the last applied indexto:(t:0, i:~)
2019-09-06 22:00:32,278 [pool-67-thread-1] INFO  server.RaftServerConfigKeys (ConfUtils.java:logGet(43)) - raft.server.leader.election.timeout = 120s (custom)
2019-09-06 22:00:32,279 [pool-67-thread-1] INFO  server.RaftServerConfigKeys (ConfUtils.java:logGet(43)) - raft.server.log.use.memory = false (default)
2019-09-06 22:00:32,279 [pool-67-thread-1] INFO  server.RaftServerConfigKeys (ConfUtils.java:logGet(43)) - raft.server.log.purge.gap = 1000000 (custom)
2019-09-06 22:00:32,279 [pool-67-thread-1] INFO  server.RaftServerConfigKeys (ConfUtils.java:logGet(43)) - raft.server.log.appender.buffer.byte-limit = 33554432 (custom)
2019-09-06 22:00:32,279 [pool-67-thread-1] INFO  server.RaftServerConfigKeys (ConfUtils.java:logGet(43)) - raft.server.log.segment.size.max = 1048576 (custom)
2019-09-06 22:00:32,279 [pool-67-thread-1] INFO  server.RaftServerConfigKeys (ConfUtils.java:logGet(43)) - raft.server.log.segment.cache.num.max = 2 (custom)
2019-09-06 22:00:32,279 [pool-67-thread-1] INFO  segmented.SegmentedRaftLogWorker (SegmentedRaftLogWorker.java:<init>(172)) - new cabf754e-66c5-4603-8900-162c24b4db5c-SegmentedRaftLogWorker:Storage Directory /workdir/hadoop-ozone/ozonefs/target/test-dir/MiniOzoneClusterImpl-ca11de5b-e8c1-48c0-9c71-bb1a3ae6d3ec/datanode-4/data/ratis/66fcab11-ce7c-4f53-8af3-6f6dc56e76b7 for RaftStorage:Storage Directory /workdir/hadoop-ozone/ozonefs/target/test-dir/MiniOzoneClusterImpl-ca11de5b-e8c1-48c0-9c71-bb1a3ae6d3ec/datanode-4/data/ratis/66fcab11-ce7c-4f53-8af3-6f6dc56e76b7
2019-09-06 22:00:32,280 [pool-67-thread-1] INFO  server.RaftServerConfigKeys (ConfUtils.java:logGet(43)) - raft.server.log.queue.byte-limit = 2147483647 (custom)
2019-09-06 22:00:32,280 [pool-67-thread-1] INFO  server.RaftServerConfigKeys (ConfUtils.java:logGet(43)) - raft.server.log.queue.element-limit = 1024 (custom)
2019-09-06 22:00:32,280 [pool-67-thread-1] INFO  server.RaftServerConfigKeys (ConfUtils.java:logGet(43)) - raft.server.log.segment.size.max = 1048576 (custom)
2019-09-06 22:00:32,280 [pool-67-thread-1] INFO  server.RaftServerConfigKeys (ConfUtils.java:logGet(43)) - raft.server.log.preallocated.size = 16384 (custom)
2019-09-06 22:00:32,281 [pool-67-thread-1] INFO  server.RaftServerConfigKeys (ConfUtils.java:logGet(43)) - raft.server.log.write.buffer.size = 33554432 (custom)
2019-09-06 22:00:32,281 [pool-67-thread-1] INFO  server.RaftServerConfigKeys (ConfUtils.java:logGet(43)) - raft.server.log.force.sync.num = 128 (default)
2019-09-06 22:00:32,281 [pool-67-thread-1] INFO  server.RaftServerConfigKeys (ConfUtils.java:logGet(43)) - raft.server.log.statemachine.data.sync = true (default)
2019-09-06 22:00:32,281 [pool-67-thread-1] INFO  server.RaftServerConfigKeys (ConfUtils.java:logGet(43)) - raft.server.log.statemachine.data.sync.timeout = 10s (default)
2019-09-06 22:00:32,281 [pool-67-thread-1] INFO  server.RaftServerConfigKeys (ConfUtils.java:logGet(43)) - raft.server.log.statemachine.data.sync.timeout.retry = -1 (default)
2019-09-06 22:00:32,282 [pool-67-thread-1] INFO  server.RaftServerConfigKeys (ConfUtils.java:logGet(43)) - raft.server.log.statemachine.data.caching.enabled = true (custom)
2019-09-06 22:00:32,282 [pool-67-thread-1] INFO  segmented.SegmentedRaftLogWorker (SegmentedRaftLogWorker.java:lambda$new$0(132)) - cabf754e-66c5-4603-8900-162c24b4db5c-SegmentedRaftLogWorker:Storage Directory /workdir/hadoop-ozone/ozonefs/target/test-dir/MiniOzoneClusterImpl-ca11de5b-e8c1-48c0-9c71-bb1a3ae6d3ec/datanode-4/data/ratis/66fcab11-ce7c-4f53-8af3-6f6dc56e76b7: flushIndex: setUnconditionally 0 -> -1
2019-09-06 22:00:32,282 [pool-67-thread-1] INFO  server.RaftServerConfigKeys (ConfUtils.java:logGet(43)) - raft.server.snapshot.auto.trigger.enabled = true (custom)
2019-09-06 22:00:32,283 [pool-67-thread-1] INFO  server.RaftServerConfigKeys (ConfUtils.java:logGet(43)) - raft.server.snapshot.auto.trigger.threshold = 10000 (custom)
2019-09-06 22:00:32,283 [pool-67-thread-1] INFO  server.RaftServerConfigKeys (ConfUtils.java:logGet(43)) - raft.server.retrycache.expirytime = 600000ms (custom)
2019-09-06 22:00:32,283 [pool-67-thread-1] INFO  impl.RaftServerImpl (RaftServerImpl.java:start(180)) - cabf754e-66c5-4603-8900-162c24b4db5c: start group-6F6DC56E76B7
2019-09-06 22:00:32,283 [pool-67-thread-1] INFO  impl.RaftServerImpl (RaftServerImpl.java:setRole(171)) - cabf754e-66c5-4603-8900-162c24b4db5c:group-6F6DC56E76B7 changes role from null to FOLLOWER at term 0 for startAsFollower
2019-09-06 22:00:32,283 [pool-67-thread-1] INFO  impl.RoleInfo (RoleInfo.java:updateAndGet(143)) - cabf754e-66c5-4603-8900-162c24b4db5c: start FollowerState
2019-09-06 22:00:32,284 [pool-67-thread-1] INFO  util.JmxRegister (JmxRegister.java:tryRegister(44)) - Successfully registered JMX Bean with object name Ratis:service=RaftServer,group=group-6F6DC56E76B7,id=cabf754e-66c5-4603-8900-162c24b4db5c
2019-09-06 22:00:32,297 [RatisPipelineUtilsThread] INFO  pipeline.PipelineStateManager (PipelineStateManager.java:addPipeline(56)) - Created pipeline Pipeline[ Id: 66fcab11-ce7c-4f53-8af3-6f6dc56e76b7, Nodes: cabf754e-66c5-4603-8900-162c24b4db5c{ip: 192.168.69.79, host: pr-hdds-2087-j7wfl-3989464410, networkLocation: /default-rack, certSerialId: null}, Type:RATIS, Factor:ONE, State:OPEN]
2019-09-06 22:00:32,315 [grpc-default-executor-0] INFO  impl.RaftServerProxy (RaftServerProxy.java:addNew(89)) - e4d22c93-acc0-432e-8ff6-ef453016530c: addNew group-AA723E996C53:[e4d22c93-acc0-432e-8ff6-ef453016530c:192.168.69.79:43075] returns group-AA723E996C53:java.util.concurrent.CompletableFuture@3f63bc05[Not completed]
2019-09-06 22:00:32,317 [pool-47-thread-1] INFO  impl.RaftServerImpl (RaftServerImpl.java:<init>(93)) - e4d22c93-acc0-432e-8ff6-ef453016530c: new RaftServerImpl for group-AA723E996C53:[e4d22c93-acc0-432e-8ff6-ef453016530c:192.168.69.79:43075] with ContainerStateMachine:uninitialized
2019-09-06 22:00:32,317 [pool-47-thread-1] INFO  server.RaftServerConfigKeys (ConfUtils.java:logGet(43)) - raft.server.rpc.timeout.min = 5s (custom)
2019-09-06 22:00:32,318 [pool-47-thread-1] INFO  server.RaftServerConfigKeys (ConfUtils.java:logGet(43)) - raft.server.rpc.timeout.max = 5200ms (custom)
2019-09-06 22:00:32,318 [pool-47-thread-1] INFO  server.RaftServerConfigKeys (ConfUtils.java:logGet(43)) - raft.server.rpcslowness.timeout = 120s (custom)
2019-09-06 22:00:32,318 [pool-47-thread-1] INFO  server.RaftServerConfigKeys (ConfUtils.java:logGet(43)) - raft.server.sleep.deviation.threshold = 300 (default)
2019-09-06 22:00:32,318 [pool-47-thread-1] INFO  server.RaftServerConfigKeys (ConfUtils.java:logGet(43)) - raft.server.log.appender.install.snapshot.enabled = false (custom)
2019-09-06 22:00:32,318 [pool-47-thread-1] INFO  impl.RaftServerImpl (ServerState.java:<init>(105)) - e4d22c93-acc0-432e-8ff6-ef453016530c:group-AA723E996C53 ConfigurationManager, init=-1: [e4d22c93-acc0-432e-8ff6-ef453016530c:192.168.69.79:43075], old=null, confs=<EMPTY_MAP>
2019-09-06 22:00:32,319 [pool-47-thread-1] INFO  server.RaftServerConfigKeys (ConfUtils.java:logGet(43)) - raft.server.storage.dir = [/workdir/hadoop-ozone/ozonefs/target/test-dir/MiniOzoneClusterImpl-ca11de5b-e8c1-48c0-9c71-bb1a3ae6d3ec/datanode-2/data/ratis] (custom)
2019-09-06 22:00:32,319 [pool-47-thread-1] INFO  storage.RaftStorageDirectory (RaftStorageDirectory.java:analyzeStorage(246)) - The storage directory /workdir/hadoop-ozone/ozonefs/target/test-dir/MiniOzoneClusterImpl-ca11de5b-e8c1-48c0-9c71-bb1a3ae6d3ec/datanode-2/data/ratis/5627988e-b364-419f-9417-aa723e996c53 does not exist. Creating ...
2019-09-06 22:00:33,173 [Thread-216] INFO  impl.FollowerState (FollowerState.java:run(106)) - eb07f3c2-aa68-4c88-a2d8-cf9097c779f4:group-506A82552E0E changes to CANDIDATE, lastRpcTime:5096, electionTimeout:5095ms
2019-09-06 22:00:33,173 [Thread-216] INFO  impl.RoleInfo (RoleInfo.java:shutdownFollowerState(121)) - eb07f3c2-aa68-4c88-a2d8-cf9097c779f4: shutdown FollowerState
2019-09-06 22:00:33,173 [Thread-216] INFO  impl.RaftServerImpl (RaftServerImpl.java:setRole(171)) - eb07f3c2-aa68-4c88-a2d8-cf9097c779f4:group-506A82552E0E changes role from FOLLOWER to CANDIDATE at term 0 for changeToCandidate
2019-09-06 22:00:33,176 [Thread-216] INFO  impl.RoleInfo (RoleInfo.java:updateAndGet(143)) - eb07f3c2-aa68-4c88-a2d8-cf9097c779f4: start LeaderElection
2019-09-06 22:00:33,301 [pool-47-thread-1] INFO  storage.RaftStorageDirectory (RaftStorageDirectory.java:tryLock(328)) - Lock on /workdir/hadoop-ozone/ozonefs/target/test-dir/MiniOzoneClusterImpl-ca11de5b-e8c1-48c0-9c71-bb1a3ae6d3ec/datanode-2/data/ratis/5627988e-b364-419f-9417-aa723e996c53/in_use.lock acquired by nodename 3576@pr-hdds-2087-j7wfl-3989464410
2019-09-06 22:00:34,006 [eb07f3c2-aa68-4c88-a2d8-cf9097c779f4:group-506A82552E0E:LeaderElection1] INFO  impl.LeaderElection (LeaderElection.java:askForVotes(181)) - eb07f3c2-aa68-4c88-a2d8-cf9097c779f4:group-506A82552E0E:LeaderElection1: begin an election at term 1 for -1: [eb07f3c2-aa68-4c88-a2d8-cf9097c779f4:192.168.69.79:42590], old=null
2019-09-06 22:00:34,008 [eb07f3c2-aa68-4c88-a2d8-cf9097c779f4:group-506A82552E0E:LeaderElection1] INFO  impl.RoleInfo (RoleInfo.java:shutdownLeaderElection(134)) - eb07f3c2-aa68-4c88-a2d8-cf9097c779f4: shutdown LeaderElection
2019-09-06 22:00:34,009 [eb07f3c2-aa68-4c88-a2d8-cf9097c779f4:group-506A82552E0E:LeaderElection1] INFO  impl.RaftServerImpl (RaftServerImpl.java:setRole(171)) - eb07f3c2-aa68-4c88-a2d8-cf9097c779f4:group-506A82552E0E changes role from CANDIDATE to LEADER at term 1 for changeToLeader
2019-09-06 22:00:34,009 [eb07f3c2-aa68-4c88-a2d8-cf9097c779f4:group-506A82552E0E:LeaderElection1] INFO  impl.RaftServerImpl (ServerState.java:setLeader(263)) - eb07f3c2-aa68-4c88-a2d8-cf9097c779f4:group-506A82552E0E change Leader from null to eb07f3c2-aa68-4c88-a2d8-cf9097c779f4 at term 1 for becomeLeader, leader elected after 6042ms
2019-09-06 22:00:34,016 [eb07f3c2-aa68-4c88-a2d8-cf9097c779f4:group-506A82552E0E:LeaderElection1] INFO  server.RaftServerConfigKeys (ConfUtils.java:logGet(43)) - raft.server.staging.catchup.gap = 1000 (default)
2019-09-06 22:00:34,016 [eb07f3c2-aa68-4c88-a2d8-cf9097c779f4:group-506A82552E0E:LeaderElection1] INFO  server.RaftServerConfigKeys (ConfUtils.java:logGet(43)) - raft.server.rpc.sleep.time = 25ms (default)
2019-09-06 22:00:34,019 [eb07f3c2-aa68-4c88-a2d8-cf9097c779f4:group-506A82552E0E:LeaderElection1] INFO  server.RaftServerConfigKeys (ConfUtils.java:logGet(43)) - raft.server.write.element-limit = 4096 (default)
2019-09-06 22:00:34,022 [eb07f3c2-aa68-4c88-a2d8-cf9097c779f4:group-506A82552E0E:LeaderElection1] INFO  server.RaftServerConfigKeys (ConfUtils.java:logGet(43)) - raft.server.watch.timeout = 10s (default)
2019-09-06 22:00:34,022 [eb07f3c2-aa68-4c88-a2d8-cf9097c779f4:group-506A82552E0E:LeaderElection1] INFO  server.RaftServerConfigKeys (ConfUtils.java:logGet(43)) - raft.server.watch.timeout.denomination = 1s (default)
2019-09-06 22:00:34,023 [eb07f3c2-aa68-4c88-a2d8-cf9097c779f4:group-506A82552E0E:LeaderElection1] INFO  server.RaftServerConfigKeys (ConfUtils.java:logGet(43)) - raft.server.watch.element-limit = 65536 (default)
2019-09-06 22:00:34,035 [eb07f3c2-aa68-4c88-a2d8-cf9097c779f4:group-506A82552E0E:LeaderElection1] INFO  impl.RoleInfo (RoleInfo.java:updateAndGet(143)) - eb07f3c2-aa68-4c88-a2d8-cf9097c779f4: start LeaderState
2019-09-06 22:00:34,062 [eb07f3c2-aa68-4c88-a2d8-cf9097c779f4:group-506A82552E0E:LeaderElection1] INFO  segmented.SegmentedRaftLogWorker (SegmentedRaftLogWorker.java:startLogSegment(380)) - eb07f3c2-aa68-4c88-a2d8-cf9097c779f4-SegmentedRaftLogWorker:Storage Directory /workdir/hadoop-ozone/ozonefs/target/test-dir/MiniOzoneClusterImpl-ca11de5b-e8c1-48c0-9c71-bb1a3ae6d3ec/datanode-0/data/ratis/fd2b1d21-7e33-4267-9f48-506a82552e0e: Starting segment from index:0
2019-09-06 22:00:34,073 [eb07f3c2-aa68-4c88-a2d8-cf9097c779f4:group-506A82552E0E:LeaderElection1] INFO  impl.RaftServerImpl (ServerState.java:setRaftConf(361)) - eb07f3c2-aa68-4c88-a2d8-cf9097c779f4:group-506A82552E0E set configuration 0: [eb07f3c2-aa68-4c88-a2d8-cf9097c779f4:192.168.69.79:42590], old=null at 0
2019-09-06 22:00:35,215 [pool-47-thread-1] INFO  storage.RaftStorage (RaftStorage.java:format(72)) - Storage directory /workdir/hadoop-ozone/ozonefs/target/test-dir/MiniOzoneClusterImpl-ca11de5b-e8c1-48c0-9c71-bb1a3ae6d3ec/datanode-2/data/ratis/5627988e-b364-419f-9417-aa723e996c53 has been successfully formatted.
2019-09-06 22:00:35,216 [pool-47-thread-1] INFO  ratis.ContainerStateMachine (ContainerStateMachine.java:loadSnapshot(227)) - group-AA723E996C53: The snapshot info is null. Setting the last applied indexto:(t:0, i:~)
2019-09-06 22:00:35,216 [pool-47-thread-1] INFO  server.RaftServerConfigKeys (ConfUtils.java:logGet(43)) - raft.server.leader.election.timeout = 120s (custom)
2019-09-06 22:00:35,216 [pool-47-thread-1] INFO  server.RaftServerConfigKeys (ConfUtils.java:logGet(43)) - raft.server.log.use.memory = false (default)
2019-09-06 22:00:35,216 [pool-47-thread-1] INFO  server.RaftServerConfigKeys (ConfUtils.java:logGet(43)) - raft.server.log.purge.gap = 1000000 (custom)
2019-09-06 22:00:35,216 [pool-47-thread-1] INFO  server.RaftServerConfigKeys (ConfUtils.java:logGet(43)) - raft.server.log.appender.buffer.byte-limit = 33554432 (custom)
2019-09-06 22:00:35,216 [pool-47-thread-1] INFO  server.RaftServerConfigKeys (ConfUtils.java:logGet(43)) - raft.server.log.segment.size.max = 1048576 (custom)
2019-09-06 22:00:35,217 [pool-47-thread-1] INFO  server.RaftServerConfigKeys (ConfUtils.java:logGet(43)) - raft.server.log.segment.cache.num.max = 2 (custom)
2019-09-06 22:00:35,217 [pool-47-thread-1] INFO  segmented.SegmentedRaftLogWorker (SegmentedRaftLogWorker.java:<init>(172)) - new e4d22c93-acc0-432e-8ff6-ef453016530c-SegmentedRaftLogWorker:Storage Directory /workdir/hadoop-ozone/ozonefs/target/test-dir/MiniOzoneClusterImpl-ca11de5b-e8c1-48c0-9c71-bb1a3ae6d3ec/datanode-2/data/ratis/5627988e-b364-419f-9417-aa723e996c53 for RaftStorage:Storage Directory /workdir/hadoop-ozone/ozonefs/target/test-dir/MiniOzoneClusterImpl-ca11de5b-e8c1-48c0-9c71-bb1a3ae6d3ec/datanode-2/data/ratis/5627988e-b364-419f-9417-aa723e996c53
2019-09-06 22:00:35,217 [pool-47-thread-1] INFO  server.RaftServerConfigKeys (ConfUtils.java:logGet(43)) - raft.server.log.queue.byte-limit = 2147483647 (custom)
2019-09-06 22:00:35,217 [pool-47-thread-1] INFO  server.RaftServerConfigKeys (ConfUtils.java:logGet(43)) - raft.server.log.queue.element-limit = 1024 (custom)
2019-09-06 22:00:35,217 [pool-47-thread-1] INFO  server.RaftServerConfigKeys (ConfUtils.java:logGet(43)) - raft.server.log.segment.size.max = 1048576 (custom)
2019-09-06 22:00:35,217 [pool-47-thread-1] INFO  server.RaftServerConfigKeys (ConfUtils.java:logGet(43)) - raft.server.log.preallocated.size = 16384 (custom)
2019-09-06 22:00:35,217 [pool-47-thread-1] INFO  server.RaftServerConfigKeys (ConfUtils.java:logGet(43)) - raft.server.log.write.buffer.size = 33554432 (custom)
2019-09-06 22:00:35,218 [pool-47-thread-1] INFO  server.RaftServerConfigKeys (ConfUtils.java:logGet(43)) - raft.server.log.force.sync.num = 128 (default)
2019-09-06 22:00:35,218 [pool-47-thread-1] INFO  server.RaftServerConfigKeys (ConfUtils.java:logGet(43)) - raft.server.log.statemachine.data.sync = true (default)
2019-09-06 22:00:35,218 [pool-47-thread-1] INFO  server.RaftServerConfigKeys (ConfUtils.java:logGet(43)) - raft.server.log.statemachine.data.sync.timeout = 10s (default)
2019-09-06 22:00:35,218 [pool-47-thread-1] INFO  server.RaftServerConfigKeys (ConfUtils.java:logGet(43)) - raft.server.log.statemachine.data.sync.timeout.retry = -1 (default)
2019-09-06 22:00:35,218 [pool-47-thread-1] INFO  server.RaftServerConfigKeys (ConfUtils.java:logGet(43)) - raft.server.log.statemachine.data.caching.enabled = true (custom)
2019-09-06 22:00:35,218 [pool-47-thread-1] INFO  segmented.SegmentedRaftLogWorker (SegmentedRaftLogWorker.java:lambda$new$0(132)) - e4d22c93-acc0-432e-8ff6-ef453016530c-SegmentedRaftLogWorker:Storage Directory /workdir/hadoop-ozone/ozonefs/target/test-dir/MiniOzoneClusterImpl-ca11de5b-e8c1-48c0-9c71-bb1a3ae6d3ec/datanode-2/data/ratis/5627988e-b364-419f-9417-aa723e996c53: flushIndex: setUnconditionally 0 -> -1
2019-09-06 22:00:35,219 [pool-47-thread-1] INFO  server.RaftServerConfigKeys (ConfUtils.java:logGet(43)) - raft.server.snapshot.auto.trigger.enabled = true (custom)
2019-09-06 22:00:35,219 [pool-47-thread-1] INFO  server.RaftServerConfigKeys (ConfUtils.java:logGet(43)) - raft.server.snapshot.auto.trigger.threshold = 10000 (custom)
2019-09-06 22:00:35,219 [pool-47-thread-1] INFO  server.RaftServerConfigKeys (ConfUtils.java:logGet(43)) - raft.server.retrycache.expirytime = 600000ms (custom)
2019-09-06 22:00:35,219 [pool-47-thread-1] INFO  impl.RaftServerImpl (RaftServerImpl.java:start(180)) - e4d22c93-acc0-432e-8ff6-ef453016530c: start group-AA723E996C53
2019-09-06 22:00:35,219 [pool-47-thread-1] INFO  impl.RaftServerImpl (RaftServerImpl.java:setRole(171)) - e4d22c93-acc0-432e-8ff6-ef453016530c:group-AA723E996C53 changes role from null to FOLLOWER at term 0 for startAsFollower
2019-09-06 22:00:35,219 [pool-47-thread-1] INFO  impl.RoleInfo (RoleInfo.java:updateAndGet(143)) - e4d22c93-acc0-432e-8ff6-ef453016530c: start FollowerState
2019-09-06 22:00:35,220 [pool-47-thread-1] INFO  util.JmxRegister (JmxRegister.java:tryRegister(44)) - Successfully registered JMX Bean with object name Ratis:service=RaftServer,group=group-AA723E996C53,id=e4d22c93-acc0-432e-8ff6-ef453016530c
2019-09-06 22:00:35,232 [RatisPipelineUtilsThread] INFO  pipeline.PipelineStateManager (PipelineStateManager.java:addPipeline(56)) - Created pipeline Pipeline[ Id: 5627988e-b364-419f-9417-aa723e996c53, Nodes: e4d22c93-acc0-432e-8ff6-ef453016530c{ip: 192.168.69.79, host: pr-hdds-2087-j7wfl-3989464410, networkLocation: /default-rack, certSerialId: null}, Type:RATIS, Factor:ONE, State:OPEN]
2019-09-06 22:00:35,256 [grpc-default-executor-0] INFO  impl.RaftServerProxy (RaftServerProxy.java:addNew(89)) - a442f722-883b-42ef-86c3-1743511a8ab0: addNew group-3C122E7AC96C:[a442f722-883b-42ef-86c3-1743511a8ab0:192.168.69.79:43482] returns group-3C122E7AC96C:java.util.concurrent.CompletableFuture@676e8c83[Not completed]
2019-09-06 22:00:35,259 [pool-57-thread-1] INFO  impl.RaftServerImpl (RaftServerImpl.java:<init>(93)) - a442f722-883b-42ef-86c3-1743511a8ab0: new RaftServerImpl for group-3C122E7AC96C:[a442f722-883b-42ef-86c3-1743511a8ab0:192.168.69.79:43482] with ContainerStateMachine:uninitialized
2019-09-06 22:00:35,259 [pool-57-thread-1] INFO  server.RaftServerConfigKeys (ConfUtils.java:logGet(43)) - raft.server.rpc.timeout.min = 5s (custom)
2019-09-06 22:00:35,260 [pool-57-thread-1] INFO  server.RaftServerConfigKeys (ConfUtils.java:logGet(43)) - raft.server.rpc.timeout.max = 5200ms (custom)
2019-09-06 22:00:35,260 [pool-57-thread-1] INFO  server.RaftServerConfigKeys (ConfUtils.java:logGet(43)) - raft.server.rpcslowness.timeout = 120s (custom)
2019-09-06 22:00:35,260 [pool-57-thread-1] INFO  server.RaftServerConfigKeys (ConfUtils.java:logGet(43)) - raft.server.sleep.deviation.threshold = 300 (default)
2019-09-06 22:00:35,260 [pool-57-thread-1] INFO  server.RaftServerConfigKeys (ConfUtils.java:logGet(43)) - raft.server.log.appender.install.snapshot.enabled = false (custom)
2019-09-06 22:00:35,261 [pool-57-thread-1] INFO  impl.RaftServerImpl (ServerState.java:<init>(105)) - a442f722-883b-42ef-86c3-1743511a8ab0:group-3C122E7AC96C ConfigurationManager, init=-1: [a442f722-883b-42ef-86c3-1743511a8ab0:192.168.69.79:43482], old=null, confs=<EMPTY_MAP>
2019-09-06 22:00:35,261 [pool-57-thread-1] INFO  server.RaftServerConfigKeys (ConfUtils.java:logGet(43)) - raft.server.storage.dir = [/workdir/hadoop-ozone/ozonefs/target/test-dir/MiniOzoneClusterImpl-ca11de5b-e8c1-48c0-9c71-bb1a3ae6d3ec/datanode-3/data/ratis] (custom)
2019-09-06 22:00:35,261 [pool-57-thread-1] INFO  storage.RaftStorageDirectory (RaftStorageDirectory.java:analyzeStorage(246)) - The storage directory /workdir/hadoop-ozone/ozonefs/target/test-dir/MiniOzoneClusterImpl-ca11de5b-e8c1-48c0-9c71-bb1a3ae6d3ec/datanode-3/data/ratis/cf1a3edf-6ace-4fa2-92e0-3c122e7ac96c does not exist. Creating ...
2019-09-06 22:00:35,377 [eb07f3c2-aa68-4c88-a2d8-cf9097c779f4-SegmentedRaftLogWorker:Storage Directory /workdir/hadoop-ozone/ozonefs/target/test-dir/MiniOzoneClusterImpl-ca11de5b-e8c1-48c0-9c71-bb1a3ae6d3ec/datanode-0/data/ratis/fd2b1d21-7e33-4267-9f48-506a82552e0e] INFO  segmented.SegmentedRaftLogWorker (SegmentedRaftLogWorker.java:execute(569)) - eb07f3c2-aa68-4c88-a2d8-cf9097c779f4-SegmentedRaftLogWorker:Storage Directory /workdir/hadoop-ozone/ozonefs/target/test-dir/MiniOzoneClusterImpl-ca11de5b-e8c1-48c0-9c71-bb1a3ae6d3ec/datanode-0/data/ratis/fd2b1d21-7e33-4267-9f48-506a82552e0e: created new log segment /workdir/hadoop-ozone/ozonefs/target/test-dir/MiniOzoneClusterImpl-ca11de5b-e8c1-48c0-9c71-bb1a3ae6d3ec/datanode-0/data/ratis/fd2b1d21-7e33-4267-9f48-506a82552e0e/current/log_inprogress_0
2019-09-06 22:00:35,465 [Thread-221] INFO  impl.FollowerState (FollowerState.java:run(106)) - 5a50aa92-2737-4252-bffb-c8f2124676ea:group-B9B1008F3339 changes to CANDIDATE, lastRpcTime:5140, electionTimeout:5139ms
2019-09-06 22:00:35,468 [Thread-221] INFO  impl.RoleInfo (RoleInfo.java:shutdownFollowerState(121)) - 5a50aa92-2737-4252-bffb-c8f2124676ea: shutdown FollowerState
2019-09-06 22:00:35,468 [Thread-221] INFO  impl.RaftServerImpl (RaftServerImpl.java:setRole(171)) - 5a50aa92-2737-4252-bffb-c8f2124676ea:group-B9B1008F3339 changes role from FOLLOWER to CANDIDATE at term 0 for changeToCandidate
2019-09-06 22:00:35,468 [Thread-221] INFO  impl.RoleInfo (RoleInfo.java:updateAndGet(143)) - 5a50aa92-2737-4252-bffb-c8f2124676ea: start LeaderElection
2019-09-06 22:00:36,251 [pool-57-thread-1] INFO  storage.RaftStorageDirectory (RaftStorageDirectory.java:tryLock(328)) - Lock on /workdir/hadoop-ozone/ozonefs/target/test-dir/MiniOzoneClusterImpl-ca11de5b-e8c1-48c0-9c71-bb1a3ae6d3ec/datanode-3/data/ratis/cf1a3edf-6ace-4fa2-92e0-3c122e7ac96c/in_use.lock acquired by nodename 3576@pr-hdds-2087-j7wfl-3989464410
2019-09-06 22:00:37,216 [5a50aa92-2737-4252-bffb-c8f2124676ea:group-B9B1008F3339:LeaderElection2] INFO  impl.LeaderElection (LeaderElection.java:askForVotes(181)) - 5a50aa92-2737-4252-bffb-c8f2124676ea:group-B9B1008F3339:LeaderElection2: begin an election at term 1 for -1: [5a50aa92-2737-4252-bffb-c8f2124676ea:192.168.69.79:36465], old=null
2019-09-06 22:00:37,218 [5a50aa92-2737-4252-bffb-c8f2124676ea:group-B9B1008F3339:LeaderElection2] INFO  impl.RoleInfo (RoleInfo.java:shutdownLeaderElection(134)) - 5a50aa92-2737-4252-bffb-c8f2124676ea: shutdown LeaderElection
2019-09-06 22:00:37,218 [5a50aa92-2737-4252-bffb-c8f2124676ea:group-B9B1008F3339:LeaderElection2] INFO  impl.RaftServerImpl (RaftServerImpl.java:setRole(171)) - 5a50aa92-2737-4252-bffb-c8f2124676ea:group-B9B1008F3339 changes role from CANDIDATE to LEADER at term 1 for changeToLeader
2019-09-06 22:00:37,219 [5a50aa92-2737-4252-bffb-c8f2124676ea:group-B9B1008F3339:LeaderElection2] INFO  impl.RaftServerImpl (ServerState.java:setLeader(263)) - 5a50aa92-2737-4252-bffb-c8f2124676ea:group-B9B1008F3339 change Leader from null to 5a50aa92-2737-4252-bffb-c8f2124676ea at term 1 for becomeLeader, leader elected after 6900ms
2019-09-06 22:00:37,220 [5a50aa92-2737-4252-bffb-c8f2124676ea:group-B9B1008F3339:LeaderElection2] INFO  server.RaftServerConfigKeys (ConfUtils.java:logGet(43)) - raft.server.staging.catchup.gap = 1000 (default)
2019-09-06 22:00:37,220 [5a50aa92-2737-4252-bffb-c8f2124676ea:group-B9B1008F3339:LeaderElection2] INFO  server.RaftServerConfigKeys (ConfUtils.java:logGet(43)) - raft.server.rpc.sleep.time = 25ms (default)
2019-09-06 22:00:37,220 [5a50aa92-2737-4252-bffb-c8f2124676ea:group-B9B1008F3339:LeaderElection2] INFO  server.RaftServerConfigKeys (ConfUtils.java:logGet(43)) - raft.server.write.element-limit = 4096 (default)
2019-09-06 22:00:37,221 [5a50aa92-2737-4252-bffb-c8f2124676ea:group-B9B1008F3339:LeaderElection2] INFO  server.RaftServerConfigKeys (ConfUtils.java:logGet(43)) - raft.server.watch.timeout = 10s (default)
2019-09-06 22:00:37,221 [5a50aa92-2737-4252-bffb-c8f2124676ea:group-B9B1008F3339:LeaderElection2] INFO  server.RaftServerConfigKeys (ConfUtils.java:logGet(43)) - raft.server.watch.timeout.denomination = 1s (default)
2019-09-06 22:00:37,221 [5a50aa92-2737-4252-bffb-c8f2124676ea:group-B9B1008F3339:LeaderElection2] INFO  server.RaftServerConfigKeys (ConfUtils.java:logGet(43)) - raft.server.watch.element-limit = 65536 (default)
2019-09-06 22:00:37,221 [5a50aa92-2737-4252-bffb-c8f2124676ea:group-B9B1008F3339:LeaderElection2] INFO  impl.RoleInfo (RoleInfo.java:updateAndGet(143)) - 5a50aa92-2737-4252-bffb-c8f2124676ea: start LeaderState
2019-09-06 22:00:37,222 [5a50aa92-2737-4252-bffb-c8f2124676ea:group-B9B1008F3339:LeaderElection2] INFO  segmented.SegmentedRaftLogWorker (SegmentedRaftLogWorker.java:startLogSegment(380)) - 5a50aa92-2737-4252-bffb-c8f2124676ea-SegmentedRaftLogWorker:Storage Directory /workdir/hadoop-ozone/ozonefs/target/test-dir/MiniOzoneClusterImpl-ca11de5b-e8c1-48c0-9c71-bb1a3ae6d3ec/datanode-1/data/ratis/d578f747-e17d-453c-b4fb-b9b1008f3339: Starting segment from index:0
2019-09-06 22:00:37,222 [5a50aa92-2737-4252-bffb-c8f2124676ea:group-B9B1008F3339:LeaderElection2] INFO  impl.RaftServerImpl (ServerState.java:setRaftConf(361)) - 5a50aa92-2737-4252-bffb-c8f2124676ea:group-B9B1008F3339 set configuration 0: [5a50aa92-2737-4252-bffb-c8f2124676ea:192.168.69.79:36465], old=null at 0
2019-09-06 22:00:37,290 [Thread-224] INFO  impl.FollowerState (FollowerState.java:run(106)) - cabf754e-66c5-4603-8900-162c24b4db5c:group-6F6DC56E76B7 changes to CANDIDATE, lastRpcTime:5006, electionTimeout:5006ms
2019-09-06 22:00:37,290 [Thread-224] INFO  impl.RoleInfo (RoleInfo.java:shutdownFollowerState(121)) - cabf754e-66c5-4603-8900-162c24b4db5c: shutdown FollowerState
2019-09-06 22:00:37,290 [Thread-224] INFO  impl.RaftServerImpl (RaftServerImpl.java:setRole(171)) - cabf754e-66c5-4603-8900-162c24b4db5c:group-6F6DC56E76B7 changes role from FOLLOWER to CANDIDATE at term 0 for changeToCandidate
2019-09-06 22:00:37,291 [Thread-224] INFO  impl.RoleInfo (RoleInfo.java:updateAndGet(143)) - cabf754e-66c5-4603-8900-162c24b4db5c: start LeaderElection
2019-09-06 22:00:37,391 [pool-57-thread-1] INFO  storage.RaftStorage (RaftStorage.java:format(72)) - Storage directory /workdir/hadoop-ozone/ozonefs/target/test-dir/MiniOzoneClusterImpl-ca11de5b-e8c1-48c0-9c71-bb1a3ae6d3ec/datanode-3/data/ratis/cf1a3edf-6ace-4fa2-92e0-3c122e7ac96c has been successfully formatted.
2019-09-06 22:00:37,392 [pool-57-thread-1] INFO  ratis.ContainerStateMachine (ContainerStateMachine.java:loadSnapshot(227)) - group-3C122E7AC96C: The snapshot info is null. Setting the last applied indexto:(t:0, i:~)
2019-09-06 22:00:37,392 [pool-57-thread-1] INFO  server.RaftServerConfigKeys (ConfUtils.java:logGet(43)) - raft.server.leader.election.timeout = 120s (custom)
2019-09-06 22:00:37,393 [pool-57-thread-1] INFO  server.RaftServerConfigKeys (ConfUtils.java:logGet(43)) - raft.server.log.use.memory = false (default)
2019-09-06 22:00:37,393 [pool-57-thread-1] INFO  server.RaftServerConfigKeys (ConfUtils.java:logGet(43)) - raft.server.log.purge.gap = 1000000 (custom)
2019-09-06 22:00:37,393 [pool-57-thread-1] INFO  server.RaftServerConfigKeys (ConfUtils.java:logGet(43)) - raft.server.log.appender.buffer.byte-limit = 33554432 (custom)
2019-09-06 22:00:37,393 [pool-57-thread-1] INFO  server.RaftServerConfigKeys (ConfUtils.java:logGet(43)) - raft.server.log.segment.size.max = 1048576 (custom)
2019-09-06 22:00:37,394 [pool-57-thread-1] INFO  server.RaftServerConfigKeys (ConfUtils.java:logGet(43)) - raft.server.log.segment.cache.num.max = 2 (custom)
2019-09-06 22:00:37,394 [pool-57-thread-1] INFO  segmented.SegmentedRaftLogWorker (SegmentedRaftLogWorker.java:<init>(172)) - new a442f722-883b-42ef-86c3-1743511a8ab0-SegmentedRaftLogWorker:Storage Directory /workdir/hadoop-ozone/ozonefs/target/test-dir/MiniOzoneClusterImpl-ca11de5b-e8c1-48c0-9c71-bb1a3ae6d3ec/datanode-3/data/ratis/cf1a3edf-6ace-4fa2-92e0-3c122e7ac96c for RaftStorage:Storage Directory /workdir/hadoop-ozone/ozonefs/target/test-dir/MiniOzoneClusterImpl-ca11de5b-e8c1-48c0-9c71-bb1a3ae6d3ec/datanode-3/data/ratis/cf1a3edf-6ace-4fa2-92e0-3c122e7ac96c
2019-09-06 22:00:37,394 [pool-57-thread-1] INFO  server.RaftServerConfigKeys (ConfUtils.java:logGet(43)) - raft.server.log.queue.byte-limit = 2147483647 (custom)
2019-09-06 22:00:37,394 [pool-57-thread-1] INFO  server.RaftServerConfigKeys (ConfUtils.java:logGet(43)) - raft.server.log.queue.element-limit = 1024 (custom)
2019-09-06 22:00:37,395 [pool-57-thread-1] INFO  server.RaftServerConfigKeys (ConfUtils.java:logGet(43)) - raft.server.log.segment.size.max = 1048576 (custom)
2019-09-06 22:00:37,395 [pool-57-thread-1] INFO  server.RaftServerConfigKeys (ConfUtils.java:logGet(43)) - raft.server.log.preallocated.size = 16384 (custom)
2019-09-06 22:00:37,395 [pool-57-thread-1] INFO  server.RaftServerConfigKeys (ConfUtils.java:logGet(43)) - raft.server.log.write.buffer.size = 33554432 (custom)
2019-09-06 22:00:37,395 [pool-57-thread-1] INFO  server.RaftServerConfigKeys (ConfUtils.java:logGet(43)) - raft.server.log.force.sync.num = 128 (default)
2019-09-06 22:00:37,395 [pool-57-thread-1] INFO  server.RaftServerConfigKeys (ConfUtils.java:logGet(43)) - raft.server.log.statemachine.data.sync = true (default)
2019-09-06 22:00:37,396 [pool-57-thread-1] INFO  server.RaftServerConfigKeys (ConfUtils.java:logGet(43)) - raft.server.log.statemachine.data.sync.timeout = 10s (default)
2019-09-06 22:00:37,396 [pool-57-thread-1] INFO  server.RaftServerConfigKeys (ConfUtils.java:logGet(43)) - raft.server.log.statemachine.data.sync.timeout.retry = -1 (default)
2019-09-06 22:00:37,396 [pool-57-thread-1] INFO  server.RaftServerConfigKeys (ConfUtils.java:logGet(43)) - raft.server.log.statemachine.data.caching.enabled = true (custom)
2019-09-06 22:00:37,397 [pool-57-thread-1] INFO  segmented.SegmentedRaftLogWorker (SegmentedRaftLogWorker.java:lambda$new$0(132)) - a442f722-883b-42ef-86c3-1743511a8ab0-SegmentedRaftLogWorker:Storage Directory /workdir/hadoop-ozone/ozonefs/target/test-dir/MiniOzoneClusterImpl-ca11de5b-e8c1-48c0-9c71-bb1a3ae6d3ec/datanode-3/data/ratis/cf1a3edf-6ace-4fa2-92e0-3c122e7ac96c: flushIndex: setUnconditionally 0 -> -1
2019-09-06 22:00:37,397 [pool-57-thread-1] INFO  server.RaftServerConfigKeys (ConfUtils.java:logGet(43)) - raft.server.snapshot.auto.trigger.enabled = true (custom)
2019-09-06 22:00:37,398 [pool-57-thread-1] INFO  server.RaftServerConfigKeys (ConfUtils.java:logGet(43)) - raft.server.snapshot.auto.trigger.threshold = 10000 (custom)
2019-09-06 22:00:37,398 [pool-57-thread-1] INFO  server.RaftServerConfigKeys (ConfUtils.java:logGet(43)) - raft.server.retrycache.expirytime = 600000ms (custom)
2019-09-06 22:00:37,398 [pool-57-thread-1] INFO  impl.RaftServerImpl (RaftServerImpl.java:start(180)) - a442f722-883b-42ef-86c3-1743511a8ab0: start group-3C122E7AC96C
2019-09-06 22:00:37,398 [pool-57-thread-1] INFO  impl.RaftServerImpl (RaftServerImpl.java:setRole(171)) - a442f722-883b-42ef-86c3-1743511a8ab0:group-3C122E7AC96C changes role from null to FOLLOWER at term 0 for startAsFollower
2019-09-06 22:00:37,399 [pool-57-thread-1] INFO  impl.RoleInfo (RoleInfo.java:updateAndGet(143)) - a442f722-883b-42ef-86c3-1743511a8ab0: start FollowerState
2019-09-06 22:00:37,399 [pool-57-thread-1] INFO  util.JmxRegister (JmxRegister.java:tryRegister(44)) - Successfully registered JMX Bean with object name Ratis:service=RaftServer,group=group-3C122E7AC96C,id=a442f722-883b-42ef-86c3-1743511a8ab0
2019-09-06 22:00:37,410 [RatisPipelineUtilsThread] INFO  pipeline.PipelineStateManager (PipelineStateManager.java:addPipeline(56)) - Created pipeline Pipeline[ Id: cf1a3edf-6ace-4fa2-92e0-3c122e7ac96c, Nodes: a442f722-883b-42ef-86c3-1743511a8ab0{ip: 192.168.69.79, host: pr-hdds-2087-j7wfl-3989464410, networkLocation: /default-rack, certSerialId: null}, Type:RATIS, Factor:ONE, State:OPEN]
2019-09-06 22:00:37,472 [grpc-default-executor-1] INFO  impl.RaftServerProxy (RaftServerProxy.java:addNew(89)) - cabf754e-66c5-4603-8900-162c24b4db5c: addNew group-677E93E50466:[e4d22c93-acc0-432e-8ff6-ef453016530c:192.168.69.79:43075, 5a50aa92-2737-4252-bffb-c8f2124676ea:192.168.69.79:36465, cabf754e-66c5-4603-8900-162c24b4db5c:192.168.69.79:46375] returns group-677E93E50466:java.util.concurrent.CompletableFuture@7122202c[Not completed]
2019-09-06 22:00:37,472 [grpc-default-executor-2] INFO  impl.RaftServerProxy (RaftServerProxy.java:addNew(89)) - 5a50aa92-2737-4252-bffb-c8f2124676ea: addNew group-677E93E50466:[e4d22c93-acc0-432e-8ff6-ef453016530c:192.168.69.79:43075, 5a50aa92-2737-4252-bffb-c8f2124676ea:192.168.69.79:36465, cabf754e-66c5-4603-8900-162c24b4db5c:192.168.69.79:46375] returns group-677E93E50466:java.util.concurrent.CompletableFuture@69a0b282[Not completed]
2019-09-06 22:00:37,476 [grpc-default-executor-1] INFO  impl.RaftServerProxy (RaftServerProxy.java:addNew(89)) - e4d22c93-acc0-432e-8ff6-ef453016530c: addNew group-677E93E50466:[e4d22c93-acc0-432e-8ff6-ef453016530c:192.168.69.79:43075, 5a50aa92-2737-4252-bffb-c8f2124676ea:192.168.69.79:36465, cabf754e-66c5-4603-8900-162c24b4db5c:192.168.69.79:46375] returns group-677E93E50466:java.util.concurrent.CompletableFuture@1d098d1f[Not completed]
2019-09-06 22:00:37,476 [pool-37-thread-1] INFO  impl.RaftServerImpl (RaftServerImpl.java:<init>(93)) - 5a50aa92-2737-4252-bffb-c8f2124676ea: new RaftServerImpl for group-677E93E50466:[e4d22c93-acc0-432e-8ff6-ef453016530c:192.168.69.79:43075, 5a50aa92-2737-4252-bffb-c8f2124676ea:192.168.69.79:36465, cabf754e-66c5-4603-8900-162c24b4db5c:192.168.69.79:46375] with ContainerStateMachine:uninitialized
2019-09-06 22:00:37,477 [pool-37-thread-1] INFO  server.RaftServerConfigKeys (ConfUtils.java:logGet(43)) - raft.server.rpc.timeout.min = 5s (custom)
2019-09-06 22:00:37,477 [pool-37-thread-1] INFO  server.RaftServerConfigKeys (ConfUtils.java:logGet(43)) - raft.server.rpc.timeout.max = 5200ms (custom)
2019-09-06 22:00:37,477 [pool-37-thread-1] INFO  server.RaftServerConfigKeys (ConfUtils.java:logGet(43)) - raft.server.rpcslowness.timeout = 120s (custom)
2019-09-06 22:00:37,477 [pool-37-thread-1] INFO  server.RaftServerConfigKeys (ConfUtils.java:logGet(43)) - raft.server.sleep.deviation.threshold = 300 (default)
2019-09-06 22:00:37,477 [pool-37-thread-1] INFO  server.RaftServerConfigKeys (ConfUtils.java:logGet(43)) - raft.server.log.appender.install.snapshot.enabled = false (custom)
2019-09-06 22:00:37,477 [pool-37-thread-1] INFO  impl.RaftServerImpl (ServerState.java:<init>(105)) - 5a50aa92-2737-4252-bffb-c8f2124676ea:group-677E93E50466 ConfigurationManager, init=-1: [e4d22c93-acc0-432e-8ff6-ef453016530c:192.168.69.79:43075, 5a50aa92-2737-4252-bffb-c8f2124676ea:192.168.69.79:36465, cabf754e-66c5-4603-8900-162c24b4db5c:192.168.69.79:46375], old=null, confs=<EMPTY_MAP>
2019-09-06 22:00:37,477 [pool-37-thread-1] INFO  server.RaftServerConfigKeys (ConfUtils.java:logGet(43)) - raft.server.storage.dir = [/workdir/hadoop-ozone/ozonefs/target/test-dir/MiniOzoneClusterImpl-ca11de5b-e8c1-48c0-9c71-bb1a3ae6d3ec/datanode-1/data/ratis] (custom)
2019-09-06 22:00:37,478 [pool-37-thread-1] INFO  storage.RaftStorageDirectory (RaftStorageDirectory.java:analyzeStorage(246)) - The storage directory /workdir/hadoop-ozone/ozonefs/target/test-dir/MiniOzoneClusterImpl-ca11de5b-e8c1-48c0-9c71-bb1a3ae6d3ec/datanode-1/data/ratis/725f33f3-7a83-401a-b86f-677e93e50466 does not exist. Creating ...
2019-09-06 22:00:37,478 [pool-67-thread-1] INFO  impl.RaftServerImpl (RaftServerImpl.java:<init>(93)) - cabf754e-66c5-4603-8900-162c24b4db5c: new RaftServerImpl for group-677E93E50466:[e4d22c93-acc0-432e-8ff6-ef453016530c:192.168.69.79:43075, 5a50aa92-2737-4252-bffb-c8f2124676ea:192.168.69.79:36465, cabf754e-66c5-4603-8900-162c24b4db5c:192.168.69.79:46375] with ContainerStateMachine:uninitialized
2019-09-06 22:00:37,478 [pool-67-thread-1] INFO  server.RaftServerConfigKeys (ConfUtils.java:logGet(43)) - raft.server.rpc.timeout.min = 5s (custom)
2019-09-06 22:00:37,478 [pool-67-thread-1] INFO  server.RaftServerConfigKeys (ConfUtils.java:logGet(43)) - raft.server.rpc.timeout.max = 5200ms (custom)
2019-09-06 22:00:37,478 [pool-67-thread-1] INFO  server.RaftServerConfigKeys (ConfUtils.java:logGet(43)) - raft.server.rpcslowness.timeout = 120s (custom)
2019-09-06 22:00:37,478 [pool-67-thread-1] INFO  server.RaftServerConfigKeys (ConfUtils.java:logGet(43)) - raft.server.sleep.deviation.threshold = 300 (default)
2019-09-06 22:00:37,478 [pool-67-thread-1] INFO  server.RaftServerConfigKeys (ConfUtils.java:logGet(43)) - raft.server.log.appender.install.snapshot.enabled = false (custom)
2019-09-06 22:00:37,479 [pool-67-thread-1] INFO  impl.RaftServerImpl (ServerState.java:<init>(105)) - cabf754e-66c5-4603-8900-162c24b4db5c:group-677E93E50466 ConfigurationManager, init=-1: [e4d22c93-acc0-432e-8ff6-ef453016530c:192.168.69.79:43075, 5a50aa92-2737-4252-bffb-c8f2124676ea:192.168.69.79:36465, cabf754e-66c5-4603-8900-162c24b4db5c:192.168.69.79:46375], old=null, confs=<EMPTY_MAP>
2019-09-06 22:00:37,479 [pool-47-thread-1] INFO  impl.RaftServerImpl (RaftServerImpl.java:<init>(93)) - e4d22c93-acc0-432e-8ff6-ef453016530c: new RaftServerImpl for group-677E93E50466:[e4d22c93-acc0-432e-8ff6-ef453016530c:192.168.69.79:43075, 5a50aa92-2737-4252-bffb-c8f2124676ea:192.168.69.79:36465, cabf754e-66c5-4603-8900-162c24b4db5c:192.168.69.79:46375] with ContainerStateMachine:uninitialized
2019-09-06 22:00:37,479 [pool-67-thread-1] INFO  server.RaftServerConfigKeys (ConfUtils.java:logGet(43)) - raft.server.storage.dir = [/workdir/hadoop-ozone/ozonefs/target/test-dir/MiniOzoneClusterImpl-ca11de5b-e8c1-48c0-9c71-bb1a3ae6d3ec/datanode-4/data/ratis] (custom)
2019-09-06 22:00:37,479 [pool-47-thread-1] INFO  server.RaftServerConfigKeys (ConfUtils.java:logGet(43)) - raft.server.rpc.timeout.min = 5s (custom)
2019-09-06 22:00:37,479 [pool-47-thread-1] INFO  server.RaftServerConfigKeys (ConfUtils.java:logGet(43)) - raft.server.rpc.timeout.max = 5200ms (custom)
2019-09-06 22:00:37,479 [pool-67-thread-1] INFO  storage.RaftStorageDirectory (RaftStorageDirectory.java:analyzeStorage(246)) - The storage directory /workdir/hadoop-ozone/ozonefs/target/test-dir/MiniOzoneClusterImpl-ca11de5b-e8c1-48c0-9c71-bb1a3ae6d3ec/datanode-4/data/ratis/725f33f3-7a83-401a-b86f-677e93e50466 does not exist. Creating ...
2019-09-06 22:00:37,479 [pool-47-thread-1] INFO  server.RaftServerConfigKeys (ConfUtils.java:logGet(43)) - raft.server.rpcslowness.timeout = 120s (custom)
2019-09-06 22:00:37,479 [pool-47-thread-1] INFO  server.RaftServerConfigKeys (ConfUtils.java:logGet(43)) - raft.server.sleep.deviation.threshold = 300 (default)
2019-09-06 22:00:37,480 [pool-47-thread-1] INFO  server.RaftServerConfigKeys (ConfUtils.java:logGet(43)) - raft.server.log.appender.install.snapshot.enabled = false (custom)
2019-09-06 22:00:37,480 [pool-47-thread-1] INFO  impl.RaftServerImpl (ServerState.java:<init>(105)) - e4d22c93-acc0-432e-8ff6-ef453016530c:group-677E93E50466 ConfigurationManager, init=-1: [e4d22c93-acc0-432e-8ff6-ef453016530c:192.168.69.79:43075, 5a50aa92-2737-4252-bffb-c8f2124676ea:192.168.69.79:36465, cabf754e-66c5-4603-8900-162c24b4db5c:192.168.69.79:46375], old=null, confs=<EMPTY_MAP>
2019-09-06 22:00:37,480 [pool-47-thread-1] INFO  server.RaftServerConfigKeys (ConfUtils.java:logGet(43)) - raft.server.storage.dir = [/workdir/hadoop-ozone/ozonefs/target/test-dir/MiniOzoneClusterImpl-ca11de5b-e8c1-48c0-9c71-bb1a3ae6d3ec/datanode-2/data/ratis] (custom)
2019-09-06 22:00:37,480 [pool-47-thread-1] INFO  storage.RaftStorageDirectory (RaftStorageDirectory.java:analyzeStorage(246)) - The storage directory /workdir/hadoop-ozone/ozonefs/target/test-dir/MiniOzoneClusterImpl-ca11de5b-e8c1-48c0-9c71-bb1a3ae6d3ec/datanode-2/data/ratis/725f33f3-7a83-401a-b86f-677e93e50466 does not exist. Creating ...
2019-09-06 22:00:37,747 [5a50aa92-2737-4252-bffb-c8f2124676ea-SegmentedRaftLogWorker:Storage Directory /workdir/hadoop-ozone/ozonefs/target/test-dir/MiniOzoneClusterImpl-ca11de5b-e8c1-48c0-9c71-bb1a3ae6d3ec/datanode-1/data/ratis/d578f747-e17d-453c-b4fb-b9b1008f3339] INFO  segmented.SegmentedRaftLogWorker (SegmentedRaftLogWorker.java:execute(569)) - 5a50aa92-2737-4252-bffb-c8f2124676ea-SegmentedRaftLogWorker:Storage Directory /workdir/hadoop-ozone/ozonefs/target/test-dir/MiniOzoneClusterImpl-ca11de5b-e8c1-48c0-9c71-bb1a3ae6d3ec/datanode-1/data/ratis/d578f747-e17d-453c-b4fb-b9b1008f3339: created new log segment /workdir/hadoop-ozone/ozonefs/target/test-dir/MiniOzoneClusterImpl-ca11de5b-e8c1-48c0-9c71-bb1a3ae6d3ec/datanode-1/data/ratis/d578f747-e17d-453c-b4fb-b9b1008f3339/current/log_inprogress_0
2019-09-06 22:00:38,620 [cabf754e-66c5-4603-8900-162c24b4db5c:group-6F6DC56E76B7:LeaderElection3] INFO  impl.LeaderElection (LeaderElection.java:askForVotes(181)) - cabf754e-66c5-4603-8900-162c24b4db5c:group-6F6DC56E76B7:LeaderElection3: begin an election at term 1 for -1: [cabf754e-66c5-4603-8900-162c24b4db5c:192.168.69.79:46375], old=null
2019-09-06 22:00:38,620 [cabf754e-66c5-4603-8900-162c24b4db5c:group-6F6DC56E76B7:LeaderElection3] INFO  impl.RoleInfo (RoleInfo.java:shutdownLeaderElection(134)) - cabf754e-66c5-4603-8900-162c24b4db5c: shutdown LeaderElection
2019-09-06 22:00:38,620 [cabf754e-66c5-4603-8900-162c24b4db5c:group-6F6DC56E76B7:LeaderElection3] INFO  impl.RaftServerImpl (RaftServerImpl.java:setRole(171)) - cabf754e-66c5-4603-8900-162c24b4db5c:group-6F6DC56E76B7 changes role from CANDIDATE to LEADER at term 1 for changeToLeader
2019-09-06 22:00:38,621 [cabf754e-66c5-4603-8900-162c24b4db5c:group-6F6DC56E76B7:LeaderElection3] INFO  impl.RaftServerImpl (ServerState.java:setLeader(263)) - cabf754e-66c5-4603-8900-162c24b4db5c:group-6F6DC56E76B7 change Leader from null to cabf754e-66c5-4603-8900-162c24b4db5c at term 1 for becomeLeader, leader elected after 6342ms
2019-09-06 22:00:38,623 [cabf754e-66c5-4603-8900-162c24b4db5c:group-6F6DC56E76B7:LeaderElection3] INFO  server.RaftServerConfigKeys (ConfUtils.java:logGet(43)) - raft.server.staging.catchup.gap = 1000 (default)
2019-09-06 22:00:38,623 [cabf754e-66c5-4603-8900-162c24b4db5c:group-6F6DC56E76B7:LeaderElection3] INFO  server.RaftServerConfigKeys (ConfUtils.java:logGet(43)) - raft.server.rpc.sleep.time = 25ms (default)
2019-09-06 22:00:38,623 [cabf754e-66c5-4603-8900-162c24b4db5c:group-6F6DC56E76B7:LeaderElection3] INFO  server.RaftServerConfigKeys (ConfUtils.java:logGet(43)) - raft.server.write.element-limit = 4096 (default)
2019-09-06 22:00:38,624 [cabf754e-66c5-4603-8900-162c24b4db5c:group-6F6DC56E76B7:LeaderElection3] INFO  server.RaftServerConfigKeys (ConfUtils.java:logGet(43)) - raft.server.watch.timeout = 10s (default)
2019-09-06 22:00:38,624 [cabf754e-66c5-4603-8900-162c24b4db5c:group-6F6DC56E76B7:LeaderElection3] INFO  server.RaftServerConfigKeys (ConfUtils.java:logGet(43)) - raft.server.watch.timeout.denomination = 1s (default)
2019-09-06 22:00:38,624 [cabf754e-66c5-4603-8900-162c24b4db5c:group-6F6DC56E76B7:LeaderElection3] INFO  server.RaftServerConfigKeys (ConfUtils.java:logGet(43)) - raft.server.watch.element-limit = 65536 (default)
2019-09-06 22:00:38,625 [cabf754e-66c5-4603-8900-162c24b4db5c:group-6F6DC56E76B7:LeaderElection3] INFO  impl.RoleInfo (RoleInfo.java:updateAndGet(143)) - cabf754e-66c5-4603-8900-162c24b4db5c: start LeaderState
2019-09-06 22:00:38,625 [cabf754e-66c5-4603-8900-162c24b4db5c:group-6F6DC56E76B7:LeaderElection3] INFO  segmented.SegmentedRaftLogWorker (SegmentedRaftLogWorker.java:startLogSegment(380)) - cabf754e-66c5-4603-8900-162c24b4db5c-SegmentedRaftLogWorker:Storage Directory /workdir/hadoop-ozone/ozonefs/target/test-dir/MiniOzoneClusterImpl-ca11de5b-e8c1-48c0-9c71-bb1a3ae6d3ec/datanode-4/data/ratis/66fcab11-ce7c-4f53-8af3-6f6dc56e76b7: Starting segment from index:0
2019-09-06 22:00:38,626 [cabf754e-66c5-4603-8900-162c24b4db5c:group-6F6DC56E76B7:LeaderElection3] INFO  impl.RaftServerImpl (ServerState.java:setRaftConf(361)) - cabf754e-66c5-4603-8900-162c24b4db5c:group-6F6DC56E76B7 set configuration 0: [cabf754e-66c5-4603-8900-162c24b4db5c:192.168.69.79:46375], old=null at 0
2019-09-06 22:00:38,821 [pool-37-thread-1] INFO  storage.RaftStorageDirectory (RaftStorageDirectory.java:tryLock(328)) - Lock on /workdir/hadoop-ozone/ozonefs/target/test-dir/MiniOzoneClusterImpl-ca11de5b-e8c1-48c0-9c71-bb1a3ae6d3ec/datanode-1/data/ratis/725f33f3-7a83-401a-b86f-677e93e50466/in_use.lock acquired by nodename 3576@pr-hdds-2087-j7wfl-3989464410
2019-09-06 22:00:38,821 [pool-47-thread-1] INFO  storage.RaftStorageDirectory (RaftStorageDirectory.java:tryLock(328)) - Lock on /workdir/hadoop-ozone/ozonefs/target/test-dir/MiniOzoneClusterImpl-ca11de5b-e8c1-48c0-9c71-bb1a3ae6d3ec/datanode-2/data/ratis/725f33f3-7a83-401a-b86f-677e93e50466/in_use.lock acquired by nodename 3576@pr-hdds-2087-j7wfl-3989464410
2019-09-06 22:00:38,821 [pool-67-thread-1] INFO  storage.RaftStorageDirectory (RaftStorageDirectory.java:tryLock(328)) - Lock on /workdir/hadoop-ozone/ozonefs/target/test-dir/MiniOzoneClusterImpl-ca11de5b-e8c1-48c0-9c71-bb1a3ae6d3ec/datanode-4/data/ratis/725f33f3-7a83-401a-b86f-677e93e50466/in_use.lock acquired by nodename 3576@pr-hdds-2087-j7wfl-3989464410
2019-09-06 22:00:40,326 [Thread-229] INFO  impl.FollowerState (FollowerState.java:run(106)) - e4d22c93-acc0-432e-8ff6-ef453016530c:group-AA723E996C53 changes to CANDIDATE, lastRpcTime:5106, electionTimeout:5106ms
2019-09-06 22:00:40,326 [Thread-229] INFO  impl.RoleInfo (RoleInfo.java:shutdownFollowerState(121)) - e4d22c93-acc0-432e-8ff6-ef453016530c: shutdown FollowerState
2019-09-06 22:00:40,326 [Thread-229] INFO  impl.RaftServerImpl (RaftServerImpl.java:setRole(171)) - e4d22c93-acc0-432e-8ff6-ef453016530c:group-AA723E996C53 changes role from FOLLOWER to CANDIDATE at term 0 for changeToCandidate
2019-09-06 22:00:40,326 [Thread-229] INFO  impl.RoleInfo (RoleInfo.java:updateAndGet(143)) - e4d22c93-acc0-432e-8ff6-ef453016530c: start LeaderElection
2019-09-06 22:00:40,446 [RATISCREATEPIPELINE1] ERROR pipeline.RatisPipelineProvider (RatisPipelineProvider.java:lambda$null$5(236)) - Failed invoke Ratis rpc org.apache.hadoop.hdds.scm.pipeline.RatisPipelineProvider$$Lambda$172/1300682258@53f2bd37 for cabf754e-66c5-4603-8900-162c24b4db5c
org.apache.ratis.protocol.TimeoutIOException: deadline exceeded after 2996289138ns
	at org.apache.ratis.grpc.GrpcUtil.tryUnwrapException(GrpcUtil.java:82)
	at org.apache.ratis.grpc.GrpcUtil.unwrapException(GrpcUtil.java:75)
	at org.apache.ratis.grpc.client.GrpcClientProtocolClient.blockingCall(GrpcClientProtocolClient.java:169)
	at org.apache.ratis.grpc.client.GrpcClientProtocolClient.groupAdd(GrpcClientProtocolClient.java:138)
	at org.apache.ratis.grpc.client.GrpcClientRpc.sendRequest(GrpcClientRpc.java:94)
	at org.apache.ratis.client.impl.RaftClientImpl.sendRequest(RaftClientImpl.java:279)
	at org.apache.ratis.client.impl.RaftClientImpl.groupAdd(RaftClientImpl.java:206)
	at org.apache.hadoop.hdds.scm.pipeline.RatisPipelineProvider.lambda$initializePipeline$4(RatisPipelineProvider.java:195)
	at org.apache.hadoop.hdds.scm.pipeline.RatisPipelineProvider.lambda$null$5(RatisPipelineProvider.java:232)
	at java.util.stream.ForEachOps$ForEachOp$OfRef.accept(ForEachOps.java:184)
	at java.util.ArrayList$ArrayListSpliterator.forEachRemaining(ArrayList.java:1382)
	at java.util.stream.AbstractPipeline.copyInto(AbstractPipeline.java:482)
	at java.util.stream.ForEachOps$ForEachTask.compute(ForEachOps.java:291)
	at java.util.concurrent.CountedCompleter.exec(CountedCompleter.java:731)
	at java.util.concurrent.ForkJoinTask.doExec(ForkJoinTask.java:289)
	at java.util.concurrent.ForkJoinTask.doInvoke(ForkJoinTask.java:401)
	at java.util.concurrent.ForkJoinTask.invoke(ForkJoinTask.java:734)
	at java.util.stream.ForEachOps$ForEachOp.evaluateParallel(ForEachOps.java:160)
	at java.util.stream.ForEachOps$ForEachOp$OfRef.evaluateParallel(ForEachOps.java:174)
	at java.util.stream.AbstractPipeline.evaluate(AbstractPipeline.java:233)
	at java.util.stream.ReferencePipeline.forEach(ReferencePipeline.java:418)
	at java.util.stream.ReferencePipeline$Head.forEach(ReferencePipeline.java:583)
	at org.apache.hadoop.hdds.scm.pipeline.RatisPipelineProvider.lambda$callRatisRpc$6(RatisPipelineProvider.java:226)
	at java.util.concurrent.ForkJoinTask$AdaptedRunnableAction.exec(ForkJoinTask.java:1386)
	at java.util.concurrent.ForkJoinTask.doExec(ForkJoinTask.java:289)
	at java.util.concurrent.ForkJoinPool$WorkQueue.runTask(ForkJoinPool.java:1056)
	at java.util.concurrent.ForkJoinPool.runWorker(ForkJoinPool.java:1692)
	at java.util.concurrent.ForkJoinWorkerThread.run(ForkJoinWorkerThread.java:157)
Caused by: org.apache.ratis.thirdparty.io.grpc.StatusRuntimeException: DEADLINE_EXCEEDED: deadline exceeded after 2996289138ns
	at org.apache.ratis.thirdparty.io.grpc.stub.ClientCalls.toStatusRuntimeException(ClientCalls.java:233)
	at org.apache.ratis.thirdparty.io.grpc.stub.ClientCalls.getUnchecked(ClientCalls.java:214)
	at org.apache.ratis.thirdparty.io.grpc.stub.ClientCalls.blockingUnaryCall(ClientCalls.java:139)
	at org.apache.ratis.proto.grpc.AdminProtocolServiceGrpc$AdminProtocolServiceBlockingStub.groupManagement(AdminProtocolServiceGrpc.java:274)
	at org.apache.ratis.grpc.client.GrpcClientProtocolClient.lambda$groupAdd$3(GrpcClientProtocolClient.java:140)
	at org.apache.ratis.grpc.client.GrpcClientProtocolClient.blockingCall(GrpcClientProtocolClient.java:167)
	... 25 more
2019-09-06 22:00:40,446 [RATISCREATEPIPELINE3] ERROR pipeline.RatisPipelineProvider (RatisPipelineProvider.java:lambda$null$5(236)) - Failed invoke Ratis rpc org.apache.hadoop.hdds.scm.pipeline.RatisPipelineProvider$$Lambda$172/1300682258@53f2bd37 for e4d22c93-acc0-432e-8ff6-ef453016530c
org.apache.ratis.protocol.TimeoutIOException: deadline exceeded after 2999743248ns
	at org.apache.ratis.grpc.GrpcUtil.tryUnwrapException(GrpcUtil.java:82)
	at org.apache.ratis.grpc.GrpcUtil.unwrapException(GrpcUtil.java:75)
	at org.apache.ratis.grpc.client.GrpcClientProtocolClient.blockingCall(GrpcClientProtocolClient.java:169)
	at org.apache.ratis.grpc.client.GrpcClientProtocolClient.groupAdd(GrpcClientProtocolClient.java:138)
	at org.apache.ratis.grpc.client.GrpcClientRpc.sendRequest(GrpcClientRpc.java:94)
	at org.apache.ratis.client.impl.RaftClientImpl.sendRequest(RaftClientImpl.java:279)
	at org.apache.ratis.client.impl.RaftClientImpl.groupAdd(RaftClientImpl.java:206)
	at org.apache.hadoop.hdds.scm.pipeline.RatisPipelineProvider.lambda$initializePipeline$4(RatisPipelineProvider.java:195)
	at org.apache.hadoop.hdds.scm.pipeline.RatisPipelineProvider.lambda$null$5(RatisPipelineProvider.java:232)
	at java.util.stream.ForEachOps$ForEachOp$OfRef.accept(ForEachOps.java:184)
	at java.util.ArrayList$ArrayListSpliterator.forEachRemaining(ArrayList.java:1382)
	at java.util.stream.AbstractPipeline.copyInto(AbstractPipeline.java:482)
	at java.util.stream.ForEachOps$ForEachTask.compute(ForEachOps.java:291)
	at java.util.concurrent.CountedCompleter.exec(CountedCompleter.java:731)
	at java.util.concurrent.ForkJoinTask.doExec(ForkJoinTask.java:289)
	at java.util.concurrent.ForkJoinPool$WorkQueue.runTask(ForkJoinPool.java:1056)
	at java.util.concurrent.ForkJoinPool.runWorker(ForkJoinPool.java:1692)
	at java.util.concurrent.ForkJoinWorkerThread.run(ForkJoinWorkerThread.java:157)
Caused by: org.apache.ratis.thirdparty.io.grpc.StatusRuntimeException: DEADLINE_EXCEEDED: deadline exceeded after 2999743248ns
	at org.apache.ratis.thirdparty.io.grpc.stub.ClientCalls.toStatusRuntimeException(ClientCalls.java:233)
	at org.apache.ratis.thirdparty.io.grpc.stub.ClientCalls.getUnchecked(ClientCalls.java:214)
	at org.apache.ratis.thirdparty.io.grpc.stub.ClientCalls.blockingUnaryCall(ClientCalls.java:139)
	at org.apache.ratis.proto.grpc.AdminProtocolServiceGrpc$AdminProtocolServiceBlockingStub.groupManagement(AdminProtocolServiceGrpc.java:274)
	at org.apache.ratis.grpc.client.GrpcClientProtocolClient.lambda$groupAdd$3(GrpcClientProtocolClient.java:140)
	at org.apache.ratis.grpc.client.GrpcClientProtocolClient.blockingCall(GrpcClientProtocolClient.java:167)
	... 15 more
2019-09-06 22:00:40,446 [RATISCREATEPIPELINE2] ERROR pipeline.RatisPipelineProvider (RatisPipelineProvider.java:lambda$null$5(236)) - Failed invoke Ratis rpc org.apache.hadoop.hdds.scm.pipeline.RatisPipelineProvider$$Lambda$172/1300682258@53f2bd37 for 5a50aa92-2737-4252-bffb-c8f2124676ea
org.apache.ratis.protocol.TimeoutIOException: deadline exceeded after 2997762751ns
	at org.apache.ratis.grpc.GrpcUtil.tryUnwrapException(GrpcUtil.java:82)
	at org.apache.ratis.grpc.GrpcUtil.unwrapException(GrpcUtil.java:75)
	at org.apache.ratis.grpc.client.GrpcClientProtocolClient.blockingCall(GrpcClientProtocolClient.java:169)
	at org.apache.ratis.grpc.client.GrpcClientProtocolClient.groupAdd(GrpcClientProtocolClient.java:138)
	at org.apache.ratis.grpc.client.GrpcClientRpc.sendRequest(GrpcClientRpc.java:94)
	at org.apache.ratis.client.impl.RaftClientImpl.sendRequest(RaftClientImpl.java:279)
	at org.apache.ratis.client.impl.RaftClientImpl.groupAdd(RaftClientImpl.java:206)
	at org.apache.hadoop.hdds.scm.pipeline.RatisPipelineProvider.lambda$initializePipeline$4(RatisPipelineProvider.java:195)
	at org.apache.hadoop.hdds.scm.pipeline.RatisPipelineProvider.lambda$null$5(RatisPipelineProvider.java:232)
	at java.util.stream.ForEachOps$ForEachOp$OfRef.accept(ForEachOps.java:184)
	at java.util.ArrayList$ArrayListSpliterator.forEachRemaining(ArrayList.java:1382)
	at java.util.stream.AbstractPipeline.copyInto(AbstractPipeline.java:482)
	at java.util.stream.ForEachOps$ForEachTask.compute(ForEachOps.java:291)
	at java.util.concurrent.CountedCompleter.exec(CountedCompleter.java:731)
	at java.util.concurrent.ForkJoinTask.doExec(ForkJoinTask.java:289)
	at java.util.concurrent.ForkJoinPool$WorkQueue.runTask(ForkJoinPool.java:1056)
	at java.util.concurrent.ForkJoinPool.runWorker(ForkJoinPool.java:1692)
	at java.util.concurrent.ForkJoinWorkerThread.run(ForkJoinWorkerThread.java:157)
Caused by: org.apache.ratis.thirdparty.io.grpc.StatusRuntimeException: DEADLINE_EXCEEDED: deadline exceeded after 2997762751ns
	at org.apache.ratis.thirdparty.io.grpc.stub.ClientCalls.toStatusRuntimeException(ClientCalls.java:233)
	at org.apache.ratis.thirdparty.io.grpc.stub.ClientCalls.getUnchecked(ClientCalls.java:214)
	at org.apache.ratis.thirdparty.io.grpc.stub.ClientCalls.blockingUnaryCall(ClientCalls.java:139)
	at org.apache.ratis.proto.grpc.AdminProtocolServiceGrpc$AdminProtocolServiceBlockingStub.groupManagement(AdminProtocolServiceGrpc.java:274)
	at org.apache.ratis.grpc.client.GrpcClientProtocolClient.lambda$groupAdd$3(GrpcClientProtocolClient.java:140)
	at org.apache.ratis.grpc.client.GrpcClientProtocolClient.blockingCall(GrpcClientProtocolClient.java:167)
	... 15 more
2019-09-06 22:00:40,478 [grpc-default-executor-0] INFO  impl.RaftServerProxy (RaftServerProxy.java:addNew(89)) - cabf754e-66c5-4603-8900-162c24b4db5c: addNew group-5288F7BADA5A:[e4d22c93-acc0-432e-8ff6-ef453016530c:192.168.69.79:43075, 5a50aa92-2737-4252-bffb-c8f2124676ea:192.168.69.79:36465, cabf754e-66c5-4603-8900-162c24b4db5c:192.168.69.79:46375] returns group-5288F7BADA5A:java.util.concurrent.CompletableFuture@341bd995[Not completed]
2019-09-06 22:00:40,480 [grpc-default-executor-4] INFO  impl.RaftServerProxy (RaftServerProxy.java:addNew(89)) - e4d22c93-acc0-432e-8ff6-ef453016530c: addNew group-5288F7BADA5A:[e4d22c93-acc0-432e-8ff6-ef453016530c:192.168.69.79:43075, 5a50aa92-2737-4252-bffb-c8f2124676ea:192.168.69.79:36465, cabf754e-66c5-4603-8900-162c24b4db5c:192.168.69.79:46375] returns group-5288F7BADA5A:java.util.concurrent.CompletableFuture@2266da86[Not completed]
2019-09-06 22:00:40,482 [grpc-default-executor-4] INFO  impl.RaftServerProxy (RaftServerProxy.java:addNew(89)) - 5a50aa92-2737-4252-bffb-c8f2124676ea: addNew group-5288F7BADA5A:[e4d22c93-acc0-432e-8ff6-ef453016530c:192.168.69.79:43075, 5a50aa92-2737-4252-bffb-c8f2124676ea:192.168.69.79:36465, cabf754e-66c5-4603-8900-162c24b4db5c:192.168.69.79:46375] returns group-5288F7BADA5A:java.util.concurrent.CompletableFuture@26595a12[Not completed]
2019-09-06 22:00:41,061 [cabf754e-66c5-4603-8900-162c24b4db5c-SegmentedRaftLogWorker:Storage Directory /workdir/hadoop-ozone/ozonefs/target/test-dir/MiniOzoneClusterImpl-ca11de5b-e8c1-48c0-9c71-bb1a3ae6d3ec/datanode-4/data/ratis/66fcab11-ce7c-4f53-8af3-6f6dc56e76b7] INFO  segmented.SegmentedRaftLogWorker (SegmentedRaftLogWorker.java:execute(569)) - cabf754e-66c5-4603-8900-162c24b4db5c-SegmentedRaftLogWorker:Storage Directory /workdir/hadoop-ozone/ozonefs/target/test-dir/MiniOzoneClusterImpl-ca11de5b-e8c1-48c0-9c71-bb1a3ae6d3ec/datanode-4/data/ratis/66fcab11-ce7c-4f53-8af3-6f6dc56e76b7: created new log segment /workdir/hadoop-ozone/ozonefs/target/test-dir/MiniOzoneClusterImpl-ca11de5b-e8c1-48c0-9c71-bb1a3ae6d3ec/datanode-4/data/ratis/66fcab11-ce7c-4f53-8af3-6f6dc56e76b7/current/log_inprogress_0
2019-09-06 22:00:42,493 [Thread-235] INFO  impl.FollowerState (FollowerState.java:run(106)) - a442f722-883b-42ef-86c3-1743511a8ab0:group-3C122E7AC96C changes to CANDIDATE, lastRpcTime:5094, electionTimeout:5094ms
2019-09-06 22:00:42,494 [Thread-235] INFO  impl.RoleInfo (RoleInfo.java:shutdownFollowerState(121)) - a442f722-883b-42ef-86c3-1743511a8ab0: shutdown FollowerState
2019-09-06 22:00:42,494 [Thread-235] INFO  impl.RaftServerImpl (RaftServerImpl.java:setRole(171)) - a442f722-883b-42ef-86c3-1743511a8ab0:group-3C122E7AC96C changes role from FOLLOWER to CANDIDATE at term 0 for changeToCandidate
2019-09-06 22:00:42,494 [Thread-235] INFO  impl.RoleInfo (RoleInfo.java:updateAndGet(143)) - a442f722-883b-42ef-86c3-1743511a8ab0: start LeaderElection
2019-09-06 22:00:43,465 [RATISCREATEPIPELINE3] ERROR pipeline.RatisPipelineProvider (RatisPipelineProvider.java:lambda$null$5(236)) - Failed invoke Ratis rpc org.apache.hadoop.hdds.scm.pipeline.RatisPipelineProvider$$Lambda$172/1300682258@26ac6b77 for e4d22c93-acc0-432e-8ff6-ef453016530c
org.apache.ratis.protocol.TimeoutIOException: deadline exceeded after 2999773194ns
	at org.apache.ratis.grpc.GrpcUtil.tryUnwrapException(GrpcUtil.java:82)
	at org.apache.ratis.grpc.GrpcUtil.unwrapException(GrpcUtil.java:75)
	at org.apache.ratis.grpc.client.GrpcClientProtocolClient.blockingCall(GrpcClientProtocolClient.java:169)
	at org.apache.ratis.grpc.client.GrpcClientProtocolClient.groupAdd(GrpcClientProtocolClient.java:138)
	at org.apache.ratis.grpc.client.GrpcClientRpc.sendRequest(GrpcClientRpc.java:94)
	at org.apache.ratis.client.impl.RaftClientImpl.sendRequest(RaftClientImpl.java:279)
	at org.apache.ratis.client.impl.RaftClientImpl.groupAdd(RaftClientImpl.java:206)
	at org.apache.hadoop.hdds.scm.pipeline.RatisPipelineProvider.lambda$initializePipeline$4(RatisPipelineProvider.java:195)
	at org.apache.hadoop.hdds.scm.pipeline.RatisPipelineProvider.lambda$null$5(RatisPipelineProvider.java:232)
	at java.util.stream.ForEachOps$ForEachOp$OfRef.accept(ForEachOps.java:184)
	at java.util.ArrayList$ArrayListSpliterator.forEachRemaining(ArrayList.java:1382)
	at java.util.stream.AbstractPipeline.copyInto(AbstractPipeline.java:482)
	at java.util.stream.ForEachOps$ForEachTask.compute(ForEachOps.java:291)
	at java.util.concurrent.CountedCompleter.exec(CountedCompleter.java:731)
	at java.util.concurrent.ForkJoinTask.doExec(ForkJoinTask.java:289)
	at java.util.concurrent.ForkJoinPool$WorkQueue.runTask(ForkJoinPool.java:1056)
	at java.util.concurrent.ForkJoinPool.runWorker(ForkJoinPool.java:1692)
	at java.util.concurrent.ForkJoinWorkerThread.run(ForkJoinWorkerThread.java:157)
Caused by: org.apache.ratis.thirdparty.io.grpc.StatusRuntimeException: DEADLINE_EXCEEDED: deadline exceeded after 2999773194ns
	at org.apache.ratis.thirdparty.io.grpc.stub.ClientCalls.toStatusRuntimeException(ClientCalls.java:233)
	at org.apache.ratis.thirdparty.io.grpc.stub.ClientCalls.getUnchecked(ClientCalls.java:214)
	at org.apache.ratis.thirdparty.io.grpc.stub.ClientCalls.blockingUnaryCall(ClientCalls.java:139)
	at org.apache.ratis.proto.grpc.AdminProtocolServiceGrpc$AdminProtocolServiceBlockingStub.groupManagement(AdminProtocolServiceGrpc.java:274)
	at org.apache.ratis.grpc.client.GrpcClientProtocolClient.lambda$groupAdd$3(GrpcClientProtocolClient.java:140)
	at org.apache.ratis.grpc.client.GrpcClientProtocolClient.blockingCall(GrpcClientProtocolClient.java:167)
	... 15 more
2019-09-06 22:00:43,466 [RATISCREATEPIPELINE2] ERROR pipeline.RatisPipelineProvider (RatisPipelineProvider.java:lambda$null$5(236)) - Failed invoke Ratis rpc org.apache.hadoop.hdds.scm.pipeline.RatisPipelineProvider$$Lambda$172/1300682258@26ac6b77 for 5a50aa92-2737-4252-bffb-c8f2124676ea
org.apache.ratis.protocol.TimeoutIOException: deadline exceeded after 2999799440ns
	at org.apache.ratis.grpc.GrpcUtil.tryUnwrapException(GrpcUtil.java:82)
	at org.apache.ratis.grpc.GrpcUtil.unwrapException(GrpcUtil.java:75)
	at org.apache.ratis.grpc.client.GrpcClientProtocolClient.blockingCall(GrpcClientProtocolClient.java:169)
	at org.apache.ratis.grpc.client.GrpcClientProtocolClient.groupAdd(GrpcClientProtocolClient.java:138)
	at org.apache.ratis.grpc.client.GrpcClientRpc.sendRequest(GrpcClientRpc.java:94)
	at org.apache.ratis.client.impl.RaftClientImpl.sendRequest(RaftClientImpl.java:279)
	at org.apache.ratis.client.impl.RaftClientImpl.groupAdd(RaftClientImpl.java:206)
	at org.apache.hadoop.hdds.scm.pipeline.RatisPipelineProvider.lambda$initializePipeline$4(RatisPipelineProvider.java:195)
	at org.apache.hadoop.hdds.scm.pipeline.RatisPipelineProvider.lambda$null$5(RatisPipelineProvider.java:232)
	at java.util.stream.ForEachOps$ForEachOp$OfRef.accept(ForEachOps.java:184)
	at java.util.ArrayList$ArrayListSpliterator.forEachRemaining(ArrayList.java:1382)
	at java.util.stream.AbstractPipeline.copyInto(AbstractPipeline.java:482)
	at java.util.stream.ForEachOps$ForEachTask.compute(ForEachOps.java:291)
	at java.util.concurrent.CountedCompleter.exec(CountedCompleter.java:731)
	at java.util.concurrent.ForkJoinTask.doExec(ForkJoinTask.java:289)
	at java.util.concurrent.ForkJoinPool$WorkQueue.runTask(ForkJoinPool.java:1056)
	at java.util.concurrent.ForkJoinPool.runWorker(ForkJoinPool.java:1692)
	at java.util.concurrent.ForkJoinWorkerThread.run(ForkJoinWorkerThread.java:157)
Caused by: org.apache.ratis.thirdparty.io.grpc.StatusRuntimeException: DEADLINE_EXCEEDED: deadline exceeded after 2999799440ns
	at org.apache.ratis.thirdparty.io.grpc.stub.ClientCalls.toStatusRuntimeException(ClientCalls.java:233)
	at org.apache.ratis.thirdparty.io.grpc.stub.ClientCalls.getUnchecked(ClientCalls.java:214)
	at org.apache.ratis.thirdparty.io.grpc.stub.ClientCalls.blockingUnaryCall(ClientCalls.java:139)
	at org.apache.ratis.proto.grpc.AdminProtocolServiceGrpc$AdminProtocolServiceBlockingStub.groupManagement(AdminProtocolServiceGrpc.java:274)
	at org.apache.ratis.grpc.client.GrpcClientProtocolClient.lambda$groupAdd$3(GrpcClientProtocolClient.java:140)
	at org.apache.ratis.grpc.client.GrpcClientProtocolClient.blockingCall(GrpcClientProtocolClient.java:167)
	... 15 more
2019-09-06 22:00:43,466 [RATISCREATEPIPELINE1] ERROR pipeline.RatisPipelineProvider (RatisPipelineProvider.java:lambda$null$5(236)) - Failed invoke Ratis rpc org.apache.hadoop.hdds.scm.pipeline.RatisPipelineProvider$$Lambda$172/1300682258@26ac6b77 for cabf754e-66c5-4603-8900-162c24b4db5c
org.apache.ratis.protocol.TimeoutIOException: deadline exceeded after 2999748986ns
	at org.apache.ratis.grpc.GrpcUtil.tryUnwrapException(GrpcUtil.java:82)
	at org.apache.ratis.grpc.GrpcUtil.unwrapException(GrpcUtil.java:75)
	at org.apache.ratis.grpc.client.GrpcClientProtocolClient.blockingCall(GrpcClientProtocolClient.java:169)
	at org.apache.ratis.grpc.client.GrpcClientProtocolClient.groupAdd(GrpcClientProtocolClient.java:138)
	at org.apache.ratis.grpc.client.GrpcClientRpc.sendRequest(GrpcClientRpc.java:94)
	at org.apache.ratis.client.impl.RaftClientImpl.sendRequest(RaftClientImpl.java:279)
	at org.apache.ratis.client.impl.RaftClientImpl.groupAdd(RaftClientImpl.java:206)
	at org.apache.hadoop.hdds.scm.pipeline.RatisPipelineProvider.lambda$initializePipeline$4(RatisPipelineProvider.java:195)
	at org.apache.hadoop.hdds.scm.pipeline.RatisPipelineProvider.lambda$null$5(RatisPipelineProvider.java:232)
	at java.util.stream.ForEachOps$ForEachOp$OfRef.accept(ForEachOps.java:184)
	at java.util.ArrayList$ArrayListSpliterator.forEachRemaining(ArrayList.java:1382)
	at java.util.stream.AbstractPipeline.copyInto(AbstractPipeline.java:482)
	at java.util.stream.ForEachOps$ForEachTask.compute(ForEachOps.java:291)
	at java.util.concurrent.CountedCompleter.exec(CountedCompleter.java:731)
	at java.util.concurrent.ForkJoinTask.doExec(ForkJoinTask.java:289)
	at java.util.concurrent.ForkJoinTask.doInvoke(ForkJoinTask.java:401)
	at java.util.concurrent.ForkJoinTask.invoke(ForkJoinTask.java:734)
	at java.util.stream.ForEachOps$ForEachOp.evaluateParallel(ForEachOps.java:160)
	at java.util.stream.ForEachOps$ForEachOp$OfRef.evaluateParallel(ForEachOps.java:174)
	at java.util.stream.AbstractPipeline.evaluate(AbstractPipeline.java:233)
	at java.util.stream.ReferencePipeline.forEach(ReferencePipeline.java:418)
	at java.util.stream.ReferencePipeline$Head.forEach(ReferencePipeline.java:583)
	at org.apache.hadoop.hdds.scm.pipeline.RatisPipelineProvider.lambda$callRatisRpc$6(RatisPipelineProvider.java:226)
	at java.util.concurrent.ForkJoinTask$AdaptedRunnableAction.exec(ForkJoinTask.java:1386)
	at java.util.concurrent.ForkJoinTask.doExec(ForkJoinTask.java:289)
	at java.util.concurrent.ForkJoinPool$WorkQueue.runTask(ForkJoinPool.java:1056)
	at java.util.concurrent.ForkJoinPool.runWorker(ForkJoinPool.java:1692)
	at java.util.concurrent.ForkJoinWorkerThread.run(ForkJoinWorkerThread.java:157)
Caused by: org.apache.ratis.thirdparty.io.grpc.StatusRuntimeException: DEADLINE_EXCEEDED: deadline exceeded after 2999748986ns
	at org.apache.ratis.thirdparty.io.grpc.stub.ClientCalls.toStatusRuntimeException(ClientCalls.java:233)
	at org.apache.ratis.thirdparty.io.grpc.stub.ClientCalls.getUnchecked(ClientCalls.java:214)
	at org.apache.ratis.thirdparty.io.grpc.stub.ClientCalls.blockingUnaryCall(ClientCalls.java:139)
	at org.apache.ratis.proto.grpc.AdminProtocolServiceGrpc$AdminProtocolServiceBlockingStub.groupManagement(AdminProtocolServiceGrpc.java:274)
	at org.apache.ratis.grpc.client.GrpcClientProtocolClient.lambda$groupAdd$3(GrpcClientProtocolClient.java:140)
	at org.apache.ratis.grpc.client.GrpcClientProtocolClient.blockingCall(GrpcClientProtocolClient.java:167)
	... 25 more
2019-09-06 22:00:43,497 [grpc-default-executor-4] INFO  impl.RaftServerProxy (RaftServerProxy.java:addNew(89)) - e4d22c93-acc0-432e-8ff6-ef453016530c: addNew group-EEED52C9F798:[e4d22c93-acc0-432e-8ff6-ef453016530c:192.168.69.79:43075, 5a50aa92-2737-4252-bffb-c8f2124676ea:192.168.69.79:36465, cabf754e-66c5-4603-8900-162c24b4db5c:192.168.69.79:46375] returns group-EEED52C9F798:java.util.concurrent.CompletableFuture@46d4d795[Not completed]
2019-09-06 22:00:43,497 [grpc-default-executor-3] INFO  impl.RaftServerProxy (RaftServerProxy.java:addNew(89)) - cabf754e-66c5-4603-8900-162c24b4db5c: addNew group-EEED52C9F798:[e4d22c93-acc0-432e-8ff6-ef453016530c:192.168.69.79:43075, 5a50aa92-2737-4252-bffb-c8f2124676ea:192.168.69.79:36465, cabf754e-66c5-4603-8900-162c24b4db5c:192.168.69.79:46375] returns group-EEED52C9F798:java.util.concurrent.CompletableFuture@6e415d47[Not completed]
2019-09-06 22:00:43,499 [grpc-default-executor-0] INFO  impl.RaftServerProxy (RaftServerProxy.java:addNew(89)) - 5a50aa92-2737-4252-bffb-c8f2124676ea: addNew group-EEED52C9F798:[e4d22c93-acc0-432e-8ff6-ef453016530c:192.168.69.79:43075, 5a50aa92-2737-4252-bffb-c8f2124676ea:192.168.69.79:36465, cabf754e-66c5-4603-8900-162c24b4db5c:192.168.69.79:46375] returns group-EEED52C9F798:java.util.concurrent.CompletableFuture@1e4b5a71[Not completed]
2019-09-06 22:00:44,479 [pool-47-thread-1] INFO  storage.RaftStorage (RaftStorage.java:format(72)) - Storage directory /workdir/hadoop-ozone/ozonefs/target/test-dir/MiniOzoneClusterImpl-ca11de5b-e8c1-48c0-9c71-bb1a3ae6d3ec/datanode-2/data/ratis/725f33f3-7a83-401a-b86f-677e93e50466 has been successfully formatted.
2019-09-06 22:00:44,479 [pool-37-thread-1] INFO  storage.RaftStorage (RaftStorage.java:format(72)) - Storage directory /workdir/hadoop-ozone/ozonefs/target/test-dir/MiniOzoneClusterImpl-ca11de5b-e8c1-48c0-9c71-bb1a3ae6d3ec/datanode-1/data/ratis/725f33f3-7a83-401a-b86f-677e93e50466 has been successfully formatted.
2019-09-06 22:00:44,479 [pool-67-thread-1] INFO  storage.RaftStorage (RaftStorage.java:format(72)) - Storage directory /workdir/hadoop-ozone/ozonefs/target/test-dir/MiniOzoneClusterImpl-ca11de5b-e8c1-48c0-9c71-bb1a3ae6d3ec/datanode-4/data/ratis/725f33f3-7a83-401a-b86f-677e93e50466 has been successfully formatted.
2019-09-06 22:00:44,480 [pool-47-thread-1] INFO  ratis.ContainerStateMachine (ContainerStateMachine.java:loadSnapshot(227)) - group-677E93E50466: The snapshot info is null. Setting the last applied indexto:(t:0, i:~)
2019-09-06 22:00:44,480 [pool-37-thread-1] INFO  ratis.ContainerStateMachine (ContainerStateMachine.java:loadSnapshot(227)) - group-677E93E50466: The snapshot info is null. Setting the last applied indexto:(t:0, i:~)
2019-09-06 22:00:44,480 [pool-47-thread-1] INFO  server.RaftServerConfigKeys (ConfUtils.java:logGet(43)) - raft.server.leader.election.timeout = 120s (custom)
2019-09-06 22:00:44,480 [pool-67-thread-1] INFO  ratis.ContainerStateMachine (ContainerStateMachine.java:loadSnapshot(227)) - group-677E93E50466: The snapshot info is null. Setting the last applied indexto:(t:0, i:~)
2019-09-06 22:00:44,481 [pool-47-thread-1] INFO  server.RaftServerConfigKeys (ConfUtils.java:logGet(43)) - raft.server.log.use.memory = false (default)
2019-09-06 22:00:44,480 [pool-37-thread-1] INFO  server.RaftServerConfigKeys (ConfUtils.java:logGet(43)) - raft.server.leader.election.timeout = 120s (custom)
2019-09-06 22:00:44,481 [pool-47-thread-1] INFO  server.RaftServerConfigKeys (ConfUtils.java:logGet(43)) - raft.server.log.purge.gap = 1000000 (custom)
2019-09-06 22:00:44,481 [pool-67-thread-1] INFO  server.RaftServerConfigKeys (ConfUtils.java:logGet(43)) - raft.server.leader.election.timeout = 120s (custom)
2019-09-06 22:00:44,481 [pool-47-thread-1] INFO  server.RaftServerConfigKeys (ConfUtils.java:logGet(43)) - raft.server.log.appender.buffer.byte-limit = 33554432 (custom)
2019-09-06 22:00:44,481 [pool-37-thread-1] INFO  server.RaftServerConfigKeys (ConfUtils.java:logGet(43)) - raft.server.log.use.memory = false (default)
2019-09-06 22:00:44,482 [pool-47-thread-1] INFO  server.RaftServerConfigKeys (ConfUtils.java:logGet(43)) - raft.server.log.segment.size.max = 1048576 (custom)
2019-09-06 22:00:44,481 [pool-67-thread-1] INFO  server.RaftServerConfigKeys (ConfUtils.java:logGet(43)) - raft.server.log.use.memory = false (default)
2019-09-06 22:00:44,482 [pool-47-thread-1] INFO  server.RaftServerConfigKeys (ConfUtils.java:logGet(43)) - raft.server.log.segment.cache.num.max = 2 (custom)
2019-09-06 22:00:44,482 [pool-37-thread-1] INFO  server.RaftServerConfigKeys (ConfUtils.java:logGet(43)) - raft.server.log.purge.gap = 1000000 (custom)
2019-09-06 22:00:44,482 [pool-47-thread-1] INFO  segmented.SegmentedRaftLogWorker (SegmentedRaftLogWorker.java:<init>(172)) - new e4d22c93-acc0-432e-8ff6-ef453016530c-SegmentedRaftLogWorker:Storage Directory /workdir/hadoop-ozone/ozonefs/target/test-dir/MiniOzoneClusterImpl-ca11de5b-e8c1-48c0-9c71-bb1a3ae6d3ec/datanode-2/data/ratis/725f33f3-7a83-401a-b86f-677e93e50466 for RaftStorage:Storage Directory /workdir/hadoop-ozone/ozonefs/target/test-dir/MiniOzoneClusterImpl-ca11de5b-e8c1-48c0-9c71-bb1a3ae6d3ec/datanode-2/data/ratis/725f33f3-7a83-401a-b86f-677e93e50466
2019-09-06 22:00:44,482 [pool-67-thread-1] INFO  server.RaftServerConfigKeys (ConfUtils.java:logGet(43)) - raft.server.log.purge.gap = 1000000 (custom)
2019-09-06 22:00:44,483 [pool-47-thread-1] INFO  server.RaftServerConfigKeys (ConfUtils.java:logGet(43)) - raft.server.log.queue.byte-limit = 2147483647 (custom)
2019-09-06 22:00:44,483 [pool-37-thread-1] INFO  server.RaftServerConfigKeys (ConfUtils.java:logGet(43)) - raft.server.log.appender.buffer.byte-limit = 33554432 (custom)
2019-09-06 22:00:44,486 [pool-47-thread-1] INFO  server.RaftServerConfigKeys (ConfUtils.java:logGet(43)) - raft.server.log.queue.element-limit = 1024 (custom)
2019-09-06 22:00:44,483 [pool-67-thread-1] INFO  server.RaftServerConfigKeys (ConfUtils.java:logGet(43)) - raft.server.log.appender.buffer.byte-limit = 33554432 (custom)
2019-09-06 22:00:44,487 [pool-47-thread-1] INFO  server.RaftServerConfigKeys (ConfUtils.java:logGet(43)) - raft.server.log.segment.size.max = 1048576 (custom)
2019-09-06 22:00:44,486 [pool-37-thread-1] INFO  server.RaftServerConfigKeys (ConfUtils.java:logGet(43)) - raft.server.log.segment.size.max = 1048576 (custom)
2019-09-06 22:00:44,487 [pool-47-thread-1] INFO  server.RaftServerConfigKeys (ConfUtils.java:logGet(43)) - raft.server.log.preallocated.size = 16384 (custom)
2019-09-06 22:00:44,487 [pool-67-thread-1] INFO  server.RaftServerConfigKeys (ConfUtils.java:logGet(43)) - raft.server.log.segment.size.max = 1048576 (custom)
2019-09-06 22:00:44,487 [pool-47-thread-1] INFO  server.RaftServerConfigKeys (ConfUtils.java:logGet(43)) - raft.server.log.write.buffer.size = 33554432 (custom)
2019-09-06 22:00:44,487 [pool-37-thread-1] INFO  server.RaftServerConfigKeys (ConfUtils.java:logGet(43)) - raft.server.log.segment.cache.num.max = 2 (custom)
2019-09-06 22:00:44,488 [pool-47-thread-1] INFO  server.RaftServerConfigKeys (ConfUtils.java:logGet(43)) - raft.server.log.force.sync.num = 128 (default)
2019-09-06 22:00:44,488 [pool-67-thread-1] INFO  server.RaftServerConfigKeys (ConfUtils.java:logGet(43)) - raft.server.log.segment.cache.num.max = 2 (custom)
2019-09-06 22:00:44,488 [pool-47-thread-1] INFO  server.RaftServerConfigKeys (ConfUtils.java:logGet(43)) - raft.server.log.statemachine.data.sync = true (default)
2019-09-06 22:00:44,488 [pool-37-thread-1] INFO  segmented.SegmentedRaftLogWorker (SegmentedRaftLogWorker.java:<init>(172)) - new 5a50aa92-2737-4252-bffb-c8f2124676ea-SegmentedRaftLogWorker:Storage Directory /workdir/hadoop-ozone/ozonefs/target/test-dir/MiniOzoneClusterImpl-ca11de5b-e8c1-48c0-9c71-bb1a3ae6d3ec/datanode-1/data/ratis/725f33f3-7a83-401a-b86f-677e93e50466 for RaftStorage:Storage Directory /workdir/hadoop-ozone/ozonefs/target/test-dir/MiniOzoneClusterImpl-ca11de5b-e8c1-48c0-9c71-bb1a3ae6d3ec/datanode-1/data/ratis/725f33f3-7a83-401a-b86f-677e93e50466
2019-09-06 22:00:44,489 [pool-47-thread-1] INFO  server.RaftServerConfigKeys (ConfUtils.java:logGet(43)) - raft.server.log.statemachine.data.sync.timeout = 10s (default)
2019-09-06 22:00:44,488 [pool-67-thread-1] INFO  segmented.SegmentedRaftLogWorker (SegmentedRaftLogWorker.java:<init>(172)) - new cabf754e-66c5-4603-8900-162c24b4db5c-SegmentedRaftLogWorker:Storage Directory /workdir/hadoop-ozone/ozonefs/target/test-dir/MiniOzoneClusterImpl-ca11de5b-e8c1-48c0-9c71-bb1a3ae6d3ec/datanode-4/data/ratis/725f33f3-7a83-401a-b86f-677e93e50466 for RaftStorage:Storage Directory /workdir/hadoop-ozone/ozonefs/target/test-dir/MiniOzoneClusterImpl-ca11de5b-e8c1-48c0-9c71-bb1a3ae6d3ec/datanode-4/data/ratis/725f33f3-7a83-401a-b86f-677e93e50466
2019-09-06 22:00:44,489 [pool-47-thread-1] INFO  server.RaftServerConfigKeys (ConfUtils.java:logGet(43)) - raft.server.log.statemachine.data.sync.timeout.retry = -1 (default)
2019-09-06 22:00:44,489 [pool-37-thread-1] INFO  server.RaftServerConfigKeys (ConfUtils.java:logGet(43)) - raft.server.log.queue.byte-limit = 2147483647 (custom)
2019-09-06 22:00:44,494 [pool-47-thread-1] INFO  server.RaftServerConfigKeys (ConfUtils.java:logGet(43)) - raft.server.log.statemachine.data.caching.enabled = true (custom)
2019-09-06 22:00:44,491 [pool-67-thread-1] INFO  server.RaftServerConfigKeys (ConfUtils.java:logGet(43)) - raft.server.log.queue.byte-limit = 2147483647 (custom)
2019-09-06 22:00:44,494 [pool-37-thread-1] INFO  server.RaftServerConfigKeys (ConfUtils.java:logGet(43)) - raft.server.log.queue.element-limit = 1024 (custom)
2019-09-06 22:00:44,494 [pool-47-thread-1] INFO  segmented.SegmentedRaftLogWorker (SegmentedRaftLogWorker.java:lambda$new$0(132)) - e4d22c93-acc0-432e-8ff6-ef453016530c-SegmentedRaftLogWorker:Storage Directory /workdir/hadoop-ozone/ozonefs/target/test-dir/MiniOzoneClusterImpl-ca11de5b-e8c1-48c0-9c71-bb1a3ae6d3ec/datanode-2/data/ratis/725f33f3-7a83-401a-b86f-677e93e50466: flushIndex: setUnconditionally 0 -> -1
2019-09-06 22:00:44,494 [pool-67-thread-1] INFO  server.RaftServerConfigKeys (ConfUtils.java:logGet(43)) - raft.server.log.queue.element-limit = 1024 (custom)
2019-09-06 22:00:44,495 [pool-47-thread-1] INFO  server.RaftServerConfigKeys (ConfUtils.java:logGet(43)) - raft.server.snapshot.auto.trigger.enabled = true (custom)
2019-09-06 22:00:44,495 [pool-37-thread-1] INFO  server.RaftServerConfigKeys (ConfUtils.java:logGet(43)) - raft.server.log.segment.size.max = 1048576 (custom)
2019-09-06 22:00:44,495 [pool-47-thread-1] INFO  server.RaftServerConfigKeys (ConfUtils.java:logGet(43)) - raft.server.snapshot.auto.trigger.threshold = 10000 (custom)
2019-09-06 22:00:44,495 [pool-67-thread-1] INFO  server.RaftServerConfigKeys (ConfUtils.java:logGet(43)) - raft.server.log.segment.size.max = 1048576 (custom)
2019-09-06 22:00:44,496 [pool-47-thread-1] INFO  server.RaftServerConfigKeys (ConfUtils.java:logGet(43)) - raft.server.retrycache.expirytime = 600000ms (custom)
2019-09-06 22:00:44,495 [pool-37-thread-1] INFO  server.RaftServerConfigKeys (ConfUtils.java:logGet(43)) - raft.server.log.preallocated.size = 16384 (custom)
2019-09-06 22:00:44,496 [pool-67-thread-1] INFO  server.RaftServerConfigKeys (ConfUtils.java:logGet(43)) - raft.server.log.preallocated.size = 16384 (custom)
2019-09-06 22:00:44,496 [pool-37-thread-1] INFO  server.RaftServerConfigKeys (ConfUtils.java:logGet(43)) - raft.server.log.write.buffer.size = 33554432 (custom)
2019-09-06 22:00:44,496 [pool-67-thread-1] INFO  server.RaftServerConfigKeys (ConfUtils.java:logGet(43)) - raft.server.log.write.buffer.size = 33554432 (custom)
2019-09-06 22:00:44,496 [pool-37-thread-1] INFO  server.RaftServerConfigKeys (ConfUtils.java:logGet(43)) - raft.server.log.force.sync.num = 128 (default)
2019-09-06 22:00:44,497 [pool-67-thread-1] INFO  server.RaftServerConfigKeys (ConfUtils.java:logGet(43)) - raft.server.log.force.sync.num = 128 (default)
2019-09-06 22:00:44,497 [pool-37-thread-1] INFO  server.RaftServerConfigKeys (ConfUtils.java:logGet(43)) - raft.server.log.statemachine.data.sync = true (default)
2019-09-06 22:00:44,497 [pool-67-thread-1] INFO  server.RaftServerConfigKeys (ConfUtils.java:logGet(43)) - raft.server.log.statemachine.data.sync = true (default)
2019-09-06 22:00:44,497 [pool-37-thread-1] INFO  server.RaftServerConfigKeys (ConfUtils.java:logGet(43)) - raft.server.log.statemachine.data.sync.timeout = 10s (default)
2019-09-06 22:00:44,497 [pool-67-thread-1] INFO  server.RaftServerConfigKeys (ConfUtils.java:logGet(43)) - raft.server.log.statemachine.data.sync.timeout = 10s (default)
2019-09-06 22:00:44,497 [pool-37-thread-1] INFO  server.RaftServerConfigKeys (ConfUtils.java:logGet(43)) - raft.server.log.statemachine.data.sync.timeout.retry = -1 (default)
2019-09-06 22:00:44,498 [pool-67-thread-1] INFO  server.RaftServerConfigKeys (ConfUtils.java:logGet(43)) - raft.server.log.statemachine.data.sync.timeout.retry = -1 (default)
2019-09-06 22:00:44,498 [pool-37-thread-1] INFO  server.RaftServerConfigKeys (ConfUtils.java:logGet(43)) - raft.server.log.statemachine.data.caching.enabled = true (custom)
2019-09-06 22:00:44,498 [pool-67-thread-1] INFO  server.RaftServerConfigKeys (ConfUtils.java:logGet(43)) - raft.server.log.statemachine.data.caching.enabled = true (custom)
2019-09-06 22:00:44,498 [pool-37-thread-1] INFO  segmented.SegmentedRaftLogWorker (SegmentedRaftLogWorker.java:lambda$new$0(132)) - 5a50aa92-2737-4252-bffb-c8f2124676ea-SegmentedRaftLogWorker:Storage Directory /workdir/hadoop-ozone/ozonefs/target/test-dir/MiniOzoneClusterImpl-ca11de5b-e8c1-48c0-9c71-bb1a3ae6d3ec/datanode-1/data/ratis/725f33f3-7a83-401a-b86f-677e93e50466: flushIndex: setUnconditionally 0 -> -1
2019-09-06 22:00:44,498 [pool-67-thread-1] INFO  segmented.SegmentedRaftLogWorker (SegmentedRaftLogWorker.java:lambda$new$0(132)) - cabf754e-66c5-4603-8900-162c24b4db5c-SegmentedRaftLogWorker:Storage Directory /workdir/hadoop-ozone/ozonefs/target/test-dir/MiniOzoneClusterImpl-ca11de5b-e8c1-48c0-9c71-bb1a3ae6d3ec/datanode-4/data/ratis/725f33f3-7a83-401a-b86f-677e93e50466: flushIndex: setUnconditionally 0 -> -1
2019-09-06 22:00:44,498 [pool-47-thread-1] INFO  impl.RaftServerImpl (RaftServerImpl.java:<init>(93)) - e4d22c93-acc0-432e-8ff6-ef453016530c: new RaftServerImpl for group-5288F7BADA5A:[e4d22c93-acc0-432e-8ff6-ef453016530c:192.168.69.79:43075, 5a50aa92-2737-4252-bffb-c8f2124676ea:192.168.69.79:36465, cabf754e-66c5-4603-8900-162c24b4db5c:192.168.69.79:46375] with ContainerStateMachine:uninitialized
2019-09-06 22:00:44,499 [pool-37-thread-1] INFO  server.RaftServerConfigKeys (ConfUtils.java:logGet(43)) - raft.server.snapshot.auto.trigger.enabled = true (custom)
2019-09-06 22:00:44,499 [pool-67-thread-1] INFO  server.RaftServerConfigKeys (ConfUtils.java:logGet(43)) - raft.server.snapshot.auto.trigger.enabled = true (custom)
2019-09-06 22:00:44,499 [pool-47-thread-1] INFO  server.RaftServerConfigKeys (ConfUtils.java:logGet(43)) - raft.server.rpc.timeout.min = 5s (custom)
2019-09-06 22:00:44,499 [pool-67-thread-1] INFO  server.RaftServerConfigKeys (ConfUtils.java:logGet(43)) - raft.server.snapshot.auto.trigger.threshold = 10000 (custom)
2019-09-06 22:00:44,499 [pool-37-thread-1] INFO  server.RaftServerConfigKeys (ConfUtils.java:logGet(43)) - raft.server.snapshot.auto.trigger.threshold = 10000 (custom)
2019-09-06 22:00:44,499 [pool-67-thread-1] INFO  server.RaftServerConfigKeys (ConfUtils.java:logGet(43)) - raft.server.retrycache.expirytime = 600000ms (custom)
2019-09-06 22:00:44,500 [pool-37-thread-1] INFO  server.RaftServerConfigKeys (ConfUtils.java:logGet(43)) - raft.server.retrycache.expirytime = 600000ms (custom)
2019-09-06 22:00:44,499 [pool-47-thread-1] INFO  server.RaftServerConfigKeys (ConfUtils.java:logGet(43)) - raft.server.rpc.timeout.max = 5200ms (custom)
2019-09-06 22:00:44,500 [pool-47-thread-1] INFO  server.RaftServerConfigKeys (ConfUtils.java:logGet(43)) - raft.server.rpcslowness.timeout = 120s (custom)
2019-09-06 22:00:44,500 [pool-47-thread-1] INFO  server.RaftServerConfigKeys (ConfUtils.java:logGet(43)) - raft.server.sleep.deviation.threshold = 300 (default)
2019-09-06 22:00:44,500 [pool-47-thread-1] INFO  server.RaftServerConfigKeys (ConfUtils.java:logGet(43)) - raft.server.log.appender.install.snapshot.enabled = false (custom)
2019-09-06 22:00:44,501 [pool-47-thread-1] INFO  impl.RaftServerImpl (ServerState.java:<init>(105)) - e4d22c93-acc0-432e-8ff6-ef453016530c:group-5288F7BADA5A ConfigurationManager, init=-1: [e4d22c93-acc0-432e-8ff6-ef453016530c:192.168.69.79:43075, 5a50aa92-2737-4252-bffb-c8f2124676ea:192.168.69.79:36465, cabf754e-66c5-4603-8900-162c24b4db5c:192.168.69.79:46375], old=null, confs=<EMPTY_MAP>
2019-09-06 22:00:44,501 [pool-47-thread-1] INFO  server.RaftServerConfigKeys (ConfUtils.java:logGet(43)) - raft.server.storage.dir = [/workdir/hadoop-ozone/ozonefs/target/test-dir/MiniOzoneClusterImpl-ca11de5b-e8c1-48c0-9c71-bb1a3ae6d3ec/datanode-2/data/ratis] (custom)
2019-09-06 22:00:44,501 [pool-47-thread-1] INFO  storage.RaftStorageDirectory (RaftStorageDirectory.java:analyzeStorage(246)) - The storage directory /workdir/hadoop-ozone/ozonefs/target/test-dir/MiniOzoneClusterImpl-ca11de5b-e8c1-48c0-9c71-bb1a3ae6d3ec/datanode-2/data/ratis/b021b3e9-87dd-4f7c-8fc0-5288f7bada5a does not exist. Creating ...
2019-09-06 22:00:44,502 [pool-67-thread-1] INFO  impl.RaftServerImpl (RaftServerImpl.java:<init>(93)) - cabf754e-66c5-4603-8900-162c24b4db5c: new RaftServerImpl for group-5288F7BADA5A:[e4d22c93-acc0-432e-8ff6-ef453016530c:192.168.69.79:43075, 5a50aa92-2737-4252-bffb-c8f2124676ea:192.168.69.79:36465, cabf754e-66c5-4603-8900-162c24b4db5c:192.168.69.79:46375] with ContainerStateMachine:uninitialized
2019-09-06 22:00:44,502 [pool-67-thread-1] INFO  server.RaftServerConfigKeys (ConfUtils.java:logGet(43)) - raft.server.rpc.timeout.min = 5s (custom)
2019-09-06 22:00:44,503 [pool-67-thread-1] INFO  server.RaftServerConfigKeys (ConfUtils.java:logGet(43)) - raft.server.rpc.timeout.max = 5200ms (custom)
2019-09-06 22:00:44,503 [pool-67-thread-1] INFO  server.RaftServerConfigKeys (ConfUtils.java:logGet(43)) - raft.server.rpcslowness.timeout = 120s (custom)
2019-09-06 22:00:44,503 [pool-67-thread-1] INFO  server.RaftServerConfigKeys (ConfUtils.java:logGet(43)) - raft.server.sleep.deviation.threshold = 300 (default)
2019-09-06 22:00:44,503 [pool-67-thread-1] INFO  server.RaftServerConfigKeys (ConfUtils.java:logGet(43)) - raft.server.log.appender.install.snapshot.enabled = false (custom)
2019-09-06 22:00:44,503 [pool-67-thread-1] INFO  impl.RaftServerImpl (ServerState.java:<init>(105)) - cabf754e-66c5-4603-8900-162c24b4db5c:group-5288F7BADA5A ConfigurationManager, init=-1: [e4d22c93-acc0-432e-8ff6-ef453016530c:192.168.69.79:43075, 5a50aa92-2737-4252-bffb-c8f2124676ea:192.168.69.79:36465, cabf754e-66c5-4603-8900-162c24b4db5c:192.168.69.79:46375], old=null, confs=<EMPTY_MAP>
2019-09-06 22:00:44,503 [pool-37-thread-1] INFO  impl.RaftServerImpl (RaftServerImpl.java:<init>(93)) - 5a50aa92-2737-4252-bffb-c8f2124676ea: new RaftServerImpl for group-5288F7BADA5A:[e4d22c93-acc0-432e-8ff6-ef453016530c:192.168.69.79:43075, 5a50aa92-2737-4252-bffb-c8f2124676ea:192.168.69.79:36465, cabf754e-66c5-4603-8900-162c24b4db5c:192.168.69.79:46375] with ContainerStateMachine:uninitialized
2019-09-06 22:00:44,503 [pool-67-thread-1] INFO  server.RaftServerConfigKeys (ConfUtils.java:logGet(43)) - raft.server.storage.dir = [/workdir/hadoop-ozone/ozonefs/target/test-dir/MiniOzoneClusterImpl-ca11de5b-e8c1-48c0-9c71-bb1a3ae6d3ec/datanode-4/data/ratis] (custom)
2019-09-06 22:00:44,504 [pool-37-thread-1] INFO  server.RaftServerConfigKeys (ConfUtils.java:logGet(43)) - raft.server.rpc.timeout.min = 5s (custom)
2019-09-06 22:00:44,504 [pool-37-thread-1] INFO  server.RaftServerConfigKeys (ConfUtils.java:logGet(43)) - raft.server.rpc.timeout.max = 5200ms (custom)
2019-09-06 22:00:44,504 [pool-67-thread-1] INFO  storage.RaftStorageDirectory (RaftStorageDirectory.java:analyzeStorage(246)) - The storage directory /workdir/hadoop-ozone/ozonefs/target/test-dir/MiniOzoneClusterImpl-ca11de5b-e8c1-48c0-9c71-bb1a3ae6d3ec/datanode-4/data/ratis/b021b3e9-87dd-4f7c-8fc0-5288f7bada5a does not exist. Creating ...
2019-09-06 22:00:44,504 [pool-37-thread-1] INFO  server.RaftServerConfigKeys (ConfUtils.java:logGet(43)) - raft.server.rpcslowness.timeout = 120s (custom)
2019-09-06 22:00:44,504 [pool-37-thread-1] INFO  server.RaftServerConfigKeys (ConfUtils.java:logGet(43)) - raft.server.sleep.deviation.threshold = 300 (default)
2019-09-06 22:00:44,504 [pool-37-thread-1] INFO  server.RaftServerConfigKeys (ConfUtils.java:logGet(43)) - raft.server.log.appender.install.snapshot.enabled = false (custom)
2019-09-06 22:00:44,505 [pool-37-thread-1] INFO  impl.RaftServerImpl (ServerState.java:<init>(105)) - 5a50aa92-2737-4252-bffb-c8f2124676ea:group-5288F7BADA5A ConfigurationManager, init=-1: [e4d22c93-acc0-432e-8ff6-ef453016530c:192.168.69.79:43075, 5a50aa92-2737-4252-bffb-c8f2124676ea:192.168.69.79:36465, cabf754e-66c5-4603-8900-162c24b4db5c:192.168.69.79:46375], old=null, confs=<EMPTY_MAP>
2019-09-06 22:00:44,505 [pool-37-thread-1] INFO  server.RaftServerConfigKeys (ConfUtils.java:logGet(43)) - raft.server.storage.dir = [/workdir/hadoop-ozone/ozonefs/target/test-dir/MiniOzoneClusterImpl-ca11de5b-e8c1-48c0-9c71-bb1a3ae6d3ec/datanode-1/data/ratis] (custom)
2019-09-06 22:00:44,505 [pool-37-thread-1] INFO  storage.RaftStorageDirectory (RaftStorageDirectory.java:analyzeStorage(246)) - The storage directory /workdir/hadoop-ozone/ozonefs/target/test-dir/MiniOzoneClusterImpl-ca11de5b-e8c1-48c0-9c71-bb1a3ae6d3ec/datanode-1/data/ratis/b021b3e9-87dd-4f7c-8fc0-5288f7bada5a does not exist. Creating ...
2019-09-06 22:00:45,448 [e4d22c93-acc0-432e-8ff6-ef453016530c:group-AA723E996C53:LeaderElection4] INFO  impl.LeaderElection (LeaderElection.java:askForVotes(181)) - e4d22c93-acc0-432e-8ff6-ef453016530c:group-AA723E996C53:LeaderElection4: begin an election at term 1 for -1: [e4d22c93-acc0-432e-8ff6-ef453016530c:192.168.69.79:43075], old=null
2019-09-06 22:00:45,449 [e4d22c93-acc0-432e-8ff6-ef453016530c:group-AA723E996C53:LeaderElection4] INFO  impl.RoleInfo (RoleInfo.java:shutdownLeaderElection(134)) - e4d22c93-acc0-432e-8ff6-ef453016530c: shutdown LeaderElection
2019-09-06 22:00:45,449 [e4d22c93-acc0-432e-8ff6-ef453016530c:group-AA723E996C53:LeaderElection4] INFO  impl.RaftServerImpl (RaftServerImpl.java:setRole(171)) - e4d22c93-acc0-432e-8ff6-ef453016530c:group-AA723E996C53 changes role from CANDIDATE to LEADER at term 1 for changeToLeader
2019-09-06 22:00:45,449 [e4d22c93-acc0-432e-8ff6-ef453016530c:group-AA723E996C53:LeaderElection4] INFO  impl.RaftServerImpl (ServerState.java:setLeader(263)) - e4d22c93-acc0-432e-8ff6-ef453016530c:group-AA723E996C53 change Leader from null to e4d22c93-acc0-432e-8ff6-ef453016530c at term 1 for becomeLeader, leader elected after 10233ms
2019-09-06 22:00:45,452 [e4d22c93-acc0-432e-8ff6-ef453016530c:group-AA723E996C53:LeaderElection4] INFO  server.RaftServerConfigKeys (ConfUtils.java:logGet(43)) - raft.server.staging.catchup.gap = 1000 (default)
2019-09-06 22:00:45,452 [e4d22c93-acc0-432e-8ff6-ef453016530c:group-AA723E996C53:LeaderElection4] INFO  server.RaftServerConfigKeys (ConfUtils.java:logGet(43)) - raft.server.rpc.sleep.time = 25ms (default)
2019-09-06 22:00:45,452 [e4d22c93-acc0-432e-8ff6-ef453016530c:group-AA723E996C53:LeaderElection4] INFO  server.RaftServerConfigKeys (ConfUtils.java:logGet(43)) - raft.server.write.element-limit = 4096 (default)
2019-09-06 22:00:45,452 [e4d22c93-acc0-432e-8ff6-ef453016530c:group-AA723E996C53:LeaderElection4] INFO  server.RaftServerConfigKeys (ConfUtils.java:logGet(43)) - raft.server.watch.timeout = 10s (default)
2019-09-06 22:00:45,453 [e4d22c93-acc0-432e-8ff6-ef453016530c:group-AA723E996C53:LeaderElection4] INFO  server.RaftServerConfigKeys (ConfUtils.java:logGet(43)) - raft.server.watch.timeout.denomination = 1s (default)
2019-09-06 22:00:45,453 [e4d22c93-acc0-432e-8ff6-ef453016530c:group-AA723E996C53:LeaderElection4] INFO  server.RaftServerConfigKeys (ConfUtils.java:logGet(43)) - raft.server.watch.element-limit = 65536 (default)
2019-09-06 22:00:45,454 [e4d22c93-acc0-432e-8ff6-ef453016530c:group-AA723E996C53:LeaderElection4] INFO  impl.RoleInfo (RoleInfo.java:updateAndGet(143)) - e4d22c93-acc0-432e-8ff6-ef453016530c: start LeaderState
2019-09-06 22:00:45,454 [e4d22c93-acc0-432e-8ff6-ef453016530c:group-AA723E996C53:LeaderElection4] INFO  segmented.SegmentedRaftLogWorker (SegmentedRaftLogWorker.java:startLogSegment(380)) - e4d22c93-acc0-432e-8ff6-ef453016530c-SegmentedRaftLogWorker:Storage Directory /workdir/hadoop-ozone/ozonefs/target/test-dir/MiniOzoneClusterImpl-ca11de5b-e8c1-48c0-9c71-bb1a3ae6d3ec/datanode-2/data/ratis/5627988e-b364-419f-9417-aa723e996c53: Starting segment from index:0
2019-09-06 22:00:45,455 [e4d22c93-acc0-432e-8ff6-ef453016530c:group-AA723E996C53:LeaderElection4] INFO  impl.RaftServerImpl (ServerState.java:setRaftConf(361)) - e4d22c93-acc0-432e-8ff6-ef453016530c:group-AA723E996C53 set configuration 0: [e4d22c93-acc0-432e-8ff6-ef453016530c:192.168.69.79:43075], old=null at 0
2019-09-06 22:00:46,487 [RATISCREATEPIPELINE3] ERROR pipeline.RatisPipelineProvider (RatisPipelineProvider.java:lambda$null$5(236)) - Failed invoke Ratis rpc org.apache.hadoop.hdds.scm.pipeline.RatisPipelineProvider$$Lambda$172/1300682258@4a5b4e95 for e4d22c93-acc0-432e-8ff6-ef453016530c
org.apache.ratis.protocol.TimeoutIOException: deadline exceeded after 2998769651ns
	at org.apache.ratis.grpc.GrpcUtil.tryUnwrapException(GrpcUtil.java:82)
	at org.apache.ratis.grpc.GrpcUtil.unwrapException(GrpcUtil.java:75)
	at org.apache.ratis.grpc.client.GrpcClientProtocolClient.blockingCall(GrpcClientProtocolClient.java:169)
	at org.apache.ratis.grpc.client.GrpcClientProtocolClient.groupAdd(GrpcClientProtocolClient.java:138)
	at org.apache.ratis.grpc.client.GrpcClientRpc.sendRequest(GrpcClientRpc.java:94)
	at org.apache.ratis.client.impl.RaftClientImpl.sendRequest(RaftClientImpl.java:279)
	at org.apache.ratis.client.impl.RaftClientImpl.groupAdd(RaftClientImpl.java:206)
	at org.apache.hadoop.hdds.scm.pipeline.RatisPipelineProvider.lambda$initializePipeline$4(RatisPipelineProvider.java:195)
	at org.apache.hadoop.hdds.scm.pipeline.RatisPipelineProvider.lambda$null$5(RatisPipelineProvider.java:232)
	at java.util.stream.ForEachOps$ForEachOp$OfRef.accept(ForEachOps.java:184)
	at java.util.ArrayList$ArrayListSpliterator.forEachRemaining(ArrayList.java:1382)
	at java.util.stream.AbstractPipeline.copyInto(AbstractPipeline.java:482)
	at java.util.stream.ForEachOps$ForEachTask.compute(ForEachOps.java:291)
	at java.util.concurrent.CountedCompleter.exec(CountedCompleter.java:731)
	at java.util.concurrent.ForkJoinTask.doExec(ForkJoinTask.java:289)
	at java.util.concurrent.ForkJoinPool$WorkQueue.runTask(ForkJoinPool.java:1056)
	at java.util.concurrent.ForkJoinPool.runWorker(ForkJoinPool.java:1692)
	at java.util.concurrent.ForkJoinWorkerThread.run(ForkJoinWorkerThread.java:157)
Caused by: org.apache.ratis.thirdparty.io.grpc.StatusRuntimeException: DEADLINE_EXCEEDED: deadline exceeded after 2998769651ns
	at org.apache.ratis.thirdparty.io.grpc.stub.ClientCalls.toStatusRuntimeException(ClientCalls.java:233)
	at org.apache.ratis.thirdparty.io.grpc.stub.ClientCalls.getUnchecked(ClientCalls.java:214)
	at org.apache.ratis.thirdparty.io.grpc.stub.ClientCalls.blockingUnaryCall(ClientCalls.java:139)
	at org.apache.ratis.proto.grpc.AdminProtocolServiceGrpc$AdminProtocolServiceBlockingStub.groupManagement(AdminProtocolServiceGrpc.java:274)
	at org.apache.ratis.grpc.client.GrpcClientProtocolClient.lambda$groupAdd$3(GrpcClientProtocolClient.java:140)
	at org.apache.ratis.grpc.client.GrpcClientProtocolClient.blockingCall(GrpcClientProtocolClient.java:167)
	... 15 more
2019-09-06 22:00:46,488 [RATISCREATEPIPELINE1] ERROR pipeline.RatisPipelineProvider (RatisPipelineProvider.java:lambda$null$5(236)) - Failed invoke Ratis rpc org.apache.hadoop.hdds.scm.pipeline.RatisPipelineProvider$$Lambda$172/1300682258@4a5b4e95 for cabf754e-66c5-4603-8900-162c24b4db5c
org.apache.ratis.protocol.TimeoutIOException: deadline exceeded after 2997412035ns
	at org.apache.ratis.grpc.GrpcUtil.tryUnwrapException(GrpcUtil.java:82)
	at org.apache.ratis.grpc.GrpcUtil.unwrapException(GrpcUtil.java:75)
	at org.apache.ratis.grpc.client.GrpcClientProtocolClient.blockingCall(GrpcClientProtocolClient.java:169)
	at org.apache.ratis.grpc.client.GrpcClientProtocolClient.groupAdd(GrpcClientProtocolClient.java:138)
	at org.apache.ratis.grpc.client.GrpcClientRpc.sendRequest(GrpcClientRpc.java:94)
	at org.apache.ratis.client.impl.RaftClientImpl.sendRequest(RaftClientImpl.java:279)
	at org.apache.ratis.client.impl.RaftClientImpl.groupAdd(RaftClientImpl.java:206)
	at org.apache.hadoop.hdds.scm.pipeline.RatisPipelineProvider.lambda$initializePipeline$4(RatisPipelineProvider.java:195)
	at org.apache.hadoop.hdds.scm.pipeline.RatisPipelineProvider.lambda$null$5(RatisPipelineProvider.java:232)
	at java.util.stream.ForEachOps$ForEachOp$OfRef.accept(ForEachOps.java:184)
	at java.util.ArrayList$ArrayListSpliterator.forEachRemaining(ArrayList.java:1382)
	at java.util.stream.AbstractPipeline.copyInto(AbstractPipeline.java:482)
	at java.util.stream.ForEachOps$ForEachTask.compute(ForEachOps.java:291)
	at java.util.concurrent.CountedCompleter.exec(CountedCompleter.java:731)
	at java.util.concurrent.ForkJoinTask.doExec(ForkJoinTask.java:289)
	at java.util.concurrent.ForkJoinTask.doInvoke(ForkJoinTask.java:401)
	at java.util.concurrent.ForkJoinTask.invoke(ForkJoinTask.java:734)
	at java.util.stream.ForEachOps$ForEachOp.evaluateParallel(ForEachOps.java:160)
	at java.util.stream.ForEachOps$ForEachOp$OfRef.evaluateParallel(ForEachOps.java:174)
	at java.util.stream.AbstractPipeline.evaluate(AbstractPipeline.java:233)
	at java.util.stream.ReferencePipeline.forEach(ReferencePipeline.java:418)
	at java.util.stream.ReferencePipeline$Head.forEach(ReferencePipeline.java:583)
	at org.apache.hadoop.hdds.scm.pipeline.RatisPipelineProvider.lambda$callRatisRpc$6(RatisPipelineProvider.java:226)
	at java.util.concurrent.ForkJoinTask$AdaptedRunnableAction.exec(ForkJoinTask.java:1386)
	at java.util.concurrent.ForkJoinTask.doExec(ForkJoinTask.java:289)
	at java.util.concurrent.ForkJoinPool$WorkQueue.runTask(ForkJoinPool.java:1056)
	at java.util.concurrent.ForkJoinPool.runWorker(ForkJoinPool.java:1692)
	at java.util.concurrent.ForkJoinWorkerThread.run(ForkJoinWorkerThread.java:157)
Caused by: org.apache.ratis.thirdparty.io.grpc.StatusRuntimeException: DEADLINE_EXCEEDED: deadline exceeded after 2997412035ns
	at org.apache.ratis.thirdparty.io.grpc.stub.ClientCalls.toStatusRuntimeException(ClientCalls.java:233)
	at org.apache.ratis.thirdparty.io.grpc.stub.ClientCalls.getUnchecked(ClientCalls.java:214)
	at org.apache.ratis.thirdparty.io.grpc.stub.ClientCalls.blockingUnaryCall(ClientCalls.java:139)
	at org.apache.ratis.proto.grpc.AdminProtocolServiceGrpc$AdminProtocolServiceBlockingStub.groupManagement(AdminProtocolServiceGrpc.java:274)
	at org.apache.ratis.grpc.client.GrpcClientProtocolClient.lambda$groupAdd$3(GrpcClientProtocolClient.java:140)
	at org.apache.ratis.grpc.client.GrpcClientProtocolClient.blockingCall(GrpcClientProtocolClient.java:167)
	... 25 more
2019-09-06 22:00:46,488 [RATISCREATEPIPELINE2] ERROR pipeline.RatisPipelineProvider (RatisPipelineProvider.java:lambda$null$5(236)) - Failed invoke Ratis rpc org.apache.hadoop.hdds.scm.pipeline.RatisPipelineProvider$$Lambda$172/1300682258@4a5b4e95 for 5a50aa92-2737-4252-bffb-c8f2124676ea
org.apache.ratis.protocol.TimeoutIOException: deadline exceeded after 2998837667ns
	at org.apache.ratis.grpc.GrpcUtil.tryUnwrapException(GrpcUtil.java:82)
	at org.apache.ratis.grpc.GrpcUtil.unwrapException(GrpcUtil.java:75)
	at org.apache.ratis.grpc.client.GrpcClientProtocolClient.blockingCall(GrpcClientProtocolClient.java:169)
	at org.apache.ratis.grpc.client.GrpcClientProtocolClient.groupAdd(GrpcClientProtocolClient.java:138)
	at org.apache.ratis.grpc.client.GrpcClientRpc.sendRequest(GrpcClientRpc.java:94)
	at org.apache.ratis.client.impl.RaftClientImpl.sendRequest(RaftClientImpl.java:279)
	at org.apache.ratis.client.impl.RaftClientImpl.groupAdd(RaftClientImpl.java:206)
	at org.apache.hadoop.hdds.scm.pipeline.RatisPipelineProvider.lambda$initializePipeline$4(RatisPipelineProvider.java:195)
	at org.apache.hadoop.hdds.scm.pipeline.RatisPipelineProvider.lambda$null$5(RatisPipelineProvider.java:232)
	at java.util.stream.ForEachOps$ForEachOp$OfRef.accept(ForEachOps.java:184)
	at java.util.ArrayList$ArrayListSpliterator.forEachRemaining(ArrayList.java:1382)
	at java.util.stream.AbstractPipeline.copyInto(AbstractPipeline.java:482)
	at java.util.stream.ForEachOps$ForEachTask.compute(ForEachOps.java:291)
	at java.util.concurrent.CountedCompleter.exec(CountedCompleter.java:731)
	at java.util.concurrent.ForkJoinTask.doExec(ForkJoinTask.java:289)
	at java.util.concurrent.ForkJoinPool$WorkQueue.runTask(ForkJoinPool.java:1056)
	at java.util.concurrent.ForkJoinPool.runWorker(ForkJoinPool.java:1692)
	at java.util.concurrent.ForkJoinWorkerThread.run(ForkJoinWorkerThread.java:157)
Caused by: org.apache.ratis.thirdparty.io.grpc.StatusRuntimeException: DEADLINE_EXCEEDED: deadline exceeded after 2998837667ns
	at org.apache.ratis.thirdparty.io.grpc.stub.ClientCalls.toStatusRuntimeException(ClientCalls.java:233)
	at org.apache.ratis.thirdparty.io.grpc.stub.ClientCalls.getUnchecked(ClientCalls.java:214)
	at org.apache.ratis.thirdparty.io.grpc.stub.ClientCalls.blockingUnaryCall(ClientCalls.java:139)
	at org.apache.ratis.proto.grpc.AdminProtocolServiceGrpc$AdminProtocolServiceBlockingStub.groupManagement(AdminProtocolServiceGrpc.java:274)
	at org.apache.ratis.grpc.client.GrpcClientProtocolClient.lambda$groupAdd$3(GrpcClientProtocolClient.java:140)
	at org.apache.ratis.grpc.client.GrpcClientProtocolClient.blockingCall(GrpcClientProtocolClient.java:167)
	... 15 more
2019-09-06 22:00:46,499 [IPC Server handler 2 on 34478] WARN  block.BlockManagerImpl (BlockManagerImpl.java:allocateBlock(192)) - Pipeline creation failed for type:RATIS factor:THREE. Retrying get pipelines call once.
org.apache.hadoop.io.MultipleIOException: 3 exceptions [java.io.IOException: Failed invoke Ratis rpc org.apache.hadoop.hdds.scm.pipeline.RatisPipelineProvider$$Lambda$172/1300682258@4a5b4e95 for e4d22c93-acc0-432e-8ff6-ef453016530c, java.io.IOException: Failed invoke Ratis rpc org.apache.hadoop.hdds.scm.pipeline.RatisPipelineProvider$$Lambda$172/1300682258@4a5b4e95 for cabf754e-66c5-4603-8900-162c24b4db5c, java.io.IOException: Failed invoke Ratis rpc org.apache.hadoop.hdds.scm.pipeline.RatisPipelineProvider$$Lambda$172/1300682258@4a5b4e95 for 5a50aa92-2737-4252-bffb-c8f2124676ea]
	at org.apache.hadoop.io.MultipleIOException.createIOException(MultipleIOException.java:53)
	at org.apache.hadoop.hdds.scm.pipeline.RatisPipelineProvider.callRatisRpc(RatisPipelineProvider.java:252)
	at org.apache.hadoop.hdds.scm.pipeline.RatisPipelineProvider.initializePipeline(RatisPipelineProvider.java:193)
	at org.apache.hadoop.hdds.scm.pipeline.RatisPipelineProvider.create(RatisPipelineProvider.java:162)
	at org.apache.hadoop.hdds.scm.pipeline.PipelineFactory.create(PipelineFactory.java:57)
	at org.apache.hadoop.hdds.scm.pipeline.SCMPipelineManager.createPipeline(SCMPipelineManager.java:151)
	at org.apache.hadoop.hdds.scm.block.BlockManagerImpl.allocateBlock(BlockManagerImpl.java:190)
	at org.apache.hadoop.hdds.scm.server.SCMBlockProtocolServer.allocateBlock(SCMBlockProtocolServer.java:182)
	at org.apache.hadoop.ozone.protocolPB.ScmBlockLocationProtocolServerSideTranslatorPB.allocateScmBlock(ScmBlockLocationProtocolServerSideTranslatorPB.java:183)
	at org.apache.hadoop.ozone.protocolPB.ScmBlockLocationProtocolServerSideTranslatorPB.processMessage(ScmBlockLocationProtocolServerSideTranslatorPB.java:141)
	at org.apache.hadoop.ozone.protocolPB.ScmBlockLocationProtocolServerSideTranslatorPB.send(ScmBlockLocationProtocolServerSideTranslatorPB.java:116)
	at org.apache.hadoop.hdds.protocol.proto.ScmBlockLocationProtocolProtos$ScmBlockLocationProtocolService$2.callBlockingMethod(ScmBlockLocationProtocolProtos.java:13157)
	at org.apache.hadoop.ipc.ProtobufRpcEngine$Server$ProtoBufRpcInvoker.call(ProtobufRpcEngine.java:524)
	at org.apache.hadoop.ipc.RPC$Server.call(RPC.java:1025)
	at org.apache.hadoop.ipc.Server$RpcCall.run(Server.java:876)
	at org.apache.hadoop.ipc.Server$RpcCall.run(Server.java:822)
	at java.security.AccessController.doPrivileged(Native Method)
	at javax.security.auth.Subject.doAs(Subject.java:422)
	at org.apache.hadoop.security.UserGroupInformation.doAs(UserGroupInformation.java:1730)
	at org.apache.hadoop.ipc.Server$Handler.run(Server.java:2682)
2019-09-06 22:00:46,500 [IPC Server handler 2 on 34478] INFO  block.BlockManagerImpl (BlockManagerImpl.java:allocateBlock(198)) - Could not find available pipeline of type:RATIS and factor:THREE even after retrying
2019-09-06 22:00:46,500 [IPC Server handler 2 on 34478] ERROR block.BlockManagerImpl (BlockManagerImpl.java:allocateBlock(222)) - Unable to allocate a block for the size: 4194304, type: RATIS, factor: THREE
]]></system-out>
    <system-err><![CDATA[ERROR StatusLogger No Log4j 2 configuration file found. Using default configuration (logging only errors to the console), or user programmatically provided configurations. Set system property 'log4j2.debug' to show Log4j 2 internal initialization logging. See https://logging.apache.org/log4j/2.x/manual/configuration.html for instructions on how to configure Log4j 2
]]></system-err>
  </testcase>
  <testcase name="testReadSmallFile" classname="org.apache.hadoop.fs.ozone.contract.ITestOzoneContractSeek" time="3.241">
    <error message="Allocated 0 blocks. Requested 1 blocks" type="INTERNAL_ERROR org.apache.hadoop.ozone.om.exceptions.OMException">INTERNAL_ERROR org.apache.hadoop.ozone.om.exceptions.OMException: Allocated 0 blocks. Requested 1 blocks
	at org.apache.hadoop.ozone.om.protocolPB.OzoneManagerProtocolClientSideTranslatorPB.handleError(OzoneManagerProtocolClientSideTranslatorPB.java:725)
	at org.apache.hadoop.ozone.om.protocolPB.OzoneManagerProtocolClientSideTranslatorPB.createFile(OzoneManagerProtocolClientSideTranslatorPB.java:1474)
	at org.apache.hadoop.ozone.client.rpc.RpcClient.createFile(RpcClient.java:984)
	at org.apache.hadoop.ozone.client.OzoneBucket.createFile(OzoneBucket.java:537)
	at org.apache.hadoop.fs.ozone.BasicOzoneClientAdapterImpl.createFile(BasicOzoneClientAdapterImpl.java:181)
	at org.apache.hadoop.fs.ozone.BasicOzoneFileSystem.createOutputStream(BasicOzoneFileSystem.java:249)
	at org.apache.hadoop.fs.ozone.BasicOzoneFileSystem.create(BasicOzoneFileSystem.java:230)
	at org.apache.hadoop.fs.FileSystem.create(FileSystem.java:1118)
	at org.apache.hadoop.fs.FileSystem.create(FileSystem.java:1098)
	at org.apache.hadoop.fs.FileSystem.create(FileSystem.java:987)
	at org.apache.hadoop.fs.contract.ContractTestUtils.createFile(ContractTestUtils.java:633)
	at org.apache.hadoop.fs.contract.AbstractContractSeekTest.setup(AbstractContractSeekTest.java:64)
	at sun.reflect.NativeMethodAccessorImpl.invoke0(Native Method)
	at sun.reflect.NativeMethodAccessorImpl.invoke(NativeMethodAccessorImpl.java:62)
	at sun.reflect.DelegatingMethodAccessorImpl.invoke(DelegatingMethodAccessorImpl.java:43)
	at java.lang.reflect.Method.invoke(Method.java:498)
	at org.junit.runners.model.FrameworkMethod$1.runReflectiveCall(FrameworkMethod.java:47)
	at org.junit.internal.runners.model.ReflectiveCallable.run(ReflectiveCallable.java:12)
	at org.junit.runners.model.FrameworkMethod.invokeExplosively(FrameworkMethod.java:44)
	at org.junit.internal.runners.statements.RunBefores.evaluate(RunBefores.java:24)
	at org.junit.internal.runners.statements.RunAfters.evaluate(RunAfters.java:27)
	at org.junit.rules.TestWatcher$1.evaluate(TestWatcher.java:55)
	at org.junit.internal.runners.statements.FailOnTimeout$StatementThread.run(FailOnTimeout.java:74)
</error>
    <system-out><![CDATA[2019-09-06 22:00:46,625 [Thread-245] INFO  rpc.RpcClient (RpcClient.java:createVolume(293)) - Creating Volume: volume61845, with user65898 as owner.
2019-09-06 22:00:46,628 [IPC Server handler 8 on 36227] INFO  volume.OMVolumeCreateRequest (OMVolumeCreateRequest.java:validateAndUpdateCache(189)) - created volume:volume61845 for user:user65898
2019-09-06 22:00:46,631 [Thread-245] INFO  rpc.RpcClient (RpcClient.java:createBucket(432)) - Creating Bucket: volume61845/bucket43798, with Versioning false and Storage Type set to DISK and Encryption set to false 
2019-09-06 22:00:46,719 [Thread-245] INFO  contract.AbstractFSContractTestBase (AbstractFSContractTestBase.java:setup(184)) - Test filesystem = o3fs://bucket43798.volume61845 implemented by OzoneFileSystem{URI=o3fs://bucket43798.volume61845, workingDir=o3fs://bucket43798.volume61845/user/jenkins1000, userName=jenkins1000, statistics=0 bytes read, 0 bytes written, 3 read ops, 0 large read ops, 2 write ops}
2019-09-06 22:00:46,757 [grpc-default-executor-3] INFO  impl.RaftServerProxy (RaftServerProxy.java:addNew(89)) - cabf754e-66c5-4603-8900-162c24b4db5c: addNew group-D4E0ABFCC08D:[e4d22c93-acc0-432e-8ff6-ef453016530c:192.168.69.79:43075, 5a50aa92-2737-4252-bffb-c8f2124676ea:192.168.69.79:36465, cabf754e-66c5-4603-8900-162c24b4db5c:192.168.69.79:46375] returns group-D4E0ABFCC08D:java.util.concurrent.CompletableFuture@7eed0c14[Not completed]
2019-09-06 22:00:46,758 [grpc-default-executor-0] INFO  impl.RaftServerProxy (RaftServerProxy.java:addNew(89)) - e4d22c93-acc0-432e-8ff6-ef453016530c: addNew group-D4E0ABFCC08D:[e4d22c93-acc0-432e-8ff6-ef453016530c:192.168.69.79:43075, 5a50aa92-2737-4252-bffb-c8f2124676ea:192.168.69.79:36465, cabf754e-66c5-4603-8900-162c24b4db5c:192.168.69.79:46375] returns group-D4E0ABFCC08D:java.util.concurrent.CompletableFuture@67ca0af2[Not completed]
2019-09-06 22:00:46,758 [grpc-default-executor-4] INFO  impl.RaftServerProxy (RaftServerProxy.java:addNew(89)) - 5a50aa92-2737-4252-bffb-c8f2124676ea: addNew group-D4E0ABFCC08D:[e4d22c93-acc0-432e-8ff6-ef453016530c:192.168.69.79:43075, 5a50aa92-2737-4252-bffb-c8f2124676ea:192.168.69.79:36465, cabf754e-66c5-4603-8900-162c24b4db5c:192.168.69.79:46375] returns group-D4E0ABFCC08D:java.util.concurrent.CompletableFuture@637c2876[Not completed]
2019-09-06 22:00:49,741 [RATISCREATEPIPELINE3] ERROR pipeline.RatisPipelineProvider (RatisPipelineProvider.java:lambda$null$5(236)) - Failed invoke Ratis rpc org.apache.hadoop.hdds.scm.pipeline.RatisPipelineProvider$$Lambda$172/1300682258@4399e81 for e4d22c93-acc0-432e-8ff6-ef453016530c
org.apache.ratis.protocol.TimeoutIOException: deadline exceeded after 2995332486ns
	at org.apache.ratis.grpc.GrpcUtil.tryUnwrapException(GrpcUtil.java:82)
	at org.apache.ratis.grpc.GrpcUtil.unwrapException(GrpcUtil.java:75)
	at org.apache.ratis.grpc.client.GrpcClientProtocolClient.blockingCall(GrpcClientProtocolClient.java:169)
	at org.apache.ratis.grpc.client.GrpcClientProtocolClient.groupAdd(GrpcClientProtocolClient.java:138)
	at org.apache.ratis.grpc.client.GrpcClientRpc.sendRequest(GrpcClientRpc.java:94)
	at org.apache.ratis.client.impl.RaftClientImpl.sendRequest(RaftClientImpl.java:279)
	at org.apache.ratis.client.impl.RaftClientImpl.groupAdd(RaftClientImpl.java:206)
	at org.apache.hadoop.hdds.scm.pipeline.RatisPipelineProvider.lambda$initializePipeline$4(RatisPipelineProvider.java:195)
	at org.apache.hadoop.hdds.scm.pipeline.RatisPipelineProvider.lambda$null$5(RatisPipelineProvider.java:232)
	at java.util.stream.ForEachOps$ForEachOp$OfRef.accept(ForEachOps.java:184)
	at java.util.ArrayList$ArrayListSpliterator.forEachRemaining(ArrayList.java:1382)
	at java.util.stream.AbstractPipeline.copyInto(AbstractPipeline.java:482)
	at java.util.stream.ForEachOps$ForEachTask.compute(ForEachOps.java:291)
	at java.util.concurrent.CountedCompleter.exec(CountedCompleter.java:731)
	at java.util.concurrent.ForkJoinTask.doExec(ForkJoinTask.java:289)
	at java.util.concurrent.ForkJoinPool$WorkQueue.runTask(ForkJoinPool.java:1056)
	at java.util.concurrent.ForkJoinPool.runWorker(ForkJoinPool.java:1692)
	at java.util.concurrent.ForkJoinWorkerThread.run(ForkJoinWorkerThread.java:157)
Caused by: org.apache.ratis.thirdparty.io.grpc.StatusRuntimeException: DEADLINE_EXCEEDED: deadline exceeded after 2995332486ns
	at org.apache.ratis.thirdparty.io.grpc.stub.ClientCalls.toStatusRuntimeException(ClientCalls.java:233)
	at org.apache.ratis.thirdparty.io.grpc.stub.ClientCalls.getUnchecked(ClientCalls.java:214)
	at org.apache.ratis.thirdparty.io.grpc.stub.ClientCalls.blockingUnaryCall(ClientCalls.java:139)
	at org.apache.ratis.proto.grpc.AdminProtocolServiceGrpc$AdminProtocolServiceBlockingStub.groupManagement(AdminProtocolServiceGrpc.java:274)
	at org.apache.ratis.grpc.client.GrpcClientProtocolClient.lambda$groupAdd$3(GrpcClientProtocolClient.java:140)
	at org.apache.ratis.grpc.client.GrpcClientProtocolClient.blockingCall(GrpcClientProtocolClient.java:167)
	... 15 more
2019-09-06 22:00:49,747 [RATISCREATEPIPELINE1] ERROR pipeline.RatisPipelineProvider (RatisPipelineProvider.java:lambda$null$5(236)) - Failed invoke Ratis rpc org.apache.hadoop.hdds.scm.pipeline.RatisPipelineProvider$$Lambda$172/1300682258@4399e81 for cabf754e-66c5-4603-8900-162c24b4db5c
org.apache.ratis.protocol.TimeoutIOException: deadline exceeded after 2996795507ns
	at org.apache.ratis.grpc.GrpcUtil.tryUnwrapException(GrpcUtil.java:82)
	at org.apache.ratis.grpc.GrpcUtil.unwrapException(GrpcUtil.java:75)
	at org.apache.ratis.grpc.client.GrpcClientProtocolClient.blockingCall(GrpcClientProtocolClient.java:169)
	at org.apache.ratis.grpc.client.GrpcClientProtocolClient.groupAdd(GrpcClientProtocolClient.java:138)
	at org.apache.ratis.grpc.client.GrpcClientRpc.sendRequest(GrpcClientRpc.java:94)
	at org.apache.ratis.client.impl.RaftClientImpl.sendRequest(RaftClientImpl.java:279)
	at org.apache.ratis.client.impl.RaftClientImpl.groupAdd(RaftClientImpl.java:206)
	at org.apache.hadoop.hdds.scm.pipeline.RatisPipelineProvider.lambda$initializePipeline$4(RatisPipelineProvider.java:195)
	at org.apache.hadoop.hdds.scm.pipeline.RatisPipelineProvider.lambda$null$5(RatisPipelineProvider.java:232)
	at java.util.stream.ForEachOps$ForEachOp$OfRef.accept(ForEachOps.java:184)
	at java.util.ArrayList$ArrayListSpliterator.forEachRemaining(ArrayList.java:1382)
	at java.util.stream.AbstractPipeline.copyInto(AbstractPipeline.java:482)
	at java.util.stream.ForEachOps$ForEachTask.compute(ForEachOps.java:291)
	at java.util.concurrent.CountedCompleter.exec(CountedCompleter.java:731)
	at java.util.concurrent.ForkJoinTask.doExec(ForkJoinTask.java:289)
	at java.util.concurrent.ForkJoinTask.doInvoke(ForkJoinTask.java:401)
	at java.util.concurrent.ForkJoinTask.invoke(ForkJoinTask.java:734)
	at java.util.stream.ForEachOps$ForEachOp.evaluateParallel(ForEachOps.java:160)
	at java.util.stream.ForEachOps$ForEachOp$OfRef.evaluateParallel(ForEachOps.java:174)
	at java.util.stream.AbstractPipeline.evaluate(AbstractPipeline.java:233)
	at java.util.stream.ReferencePipeline.forEach(ReferencePipeline.java:418)
	at java.util.stream.ReferencePipeline$Head.forEach(ReferencePipeline.java:583)
	at org.apache.hadoop.hdds.scm.pipeline.RatisPipelineProvider.lambda$callRatisRpc$6(RatisPipelineProvider.java:226)
	at java.util.concurrent.ForkJoinTask$AdaptedRunnableAction.exec(ForkJoinTask.java:1386)
	at java.util.concurrent.ForkJoinTask.doExec(ForkJoinTask.java:289)
	at java.util.concurrent.ForkJoinPool$WorkQueue.runTask(ForkJoinPool.java:1056)
	at java.util.concurrent.ForkJoinPool.runWorker(ForkJoinPool.java:1692)
	at java.util.concurrent.ForkJoinWorkerThread.run(ForkJoinWorkerThread.java:157)
Caused by: org.apache.ratis.thirdparty.io.grpc.StatusRuntimeException: DEADLINE_EXCEEDED: deadline exceeded after 2996795507ns
	at org.apache.ratis.thirdparty.io.grpc.stub.ClientCalls.toStatusRuntimeException(ClientCalls.java:233)
	at org.apache.ratis.thirdparty.io.grpc.stub.ClientCalls.getUnchecked(ClientCalls.java:214)
	at org.apache.ratis.thirdparty.io.grpc.stub.ClientCalls.blockingUnaryCall(ClientCalls.java:139)
	at org.apache.ratis.proto.grpc.AdminProtocolServiceGrpc$AdminProtocolServiceBlockingStub.groupManagement(AdminProtocolServiceGrpc.java:274)
	at org.apache.ratis.grpc.client.GrpcClientProtocolClient.lambda$groupAdd$3(GrpcClientProtocolClient.java:140)
	at org.apache.ratis.grpc.client.GrpcClientProtocolClient.blockingCall(GrpcClientProtocolClient.java:167)
	... 25 more
2019-09-06 22:00:49,743 [RATISCREATEPIPELINE2] ERROR pipeline.RatisPipelineProvider (RatisPipelineProvider.java:lambda$null$5(236)) - Failed invoke Ratis rpc org.apache.hadoop.hdds.scm.pipeline.RatisPipelineProvider$$Lambda$172/1300682258@4399e81 for 5a50aa92-2737-4252-bffb-c8f2124676ea
org.apache.ratis.protocol.TimeoutIOException: deadline exceeded after 2999682309ns
	at org.apache.ratis.grpc.GrpcUtil.tryUnwrapException(GrpcUtil.java:82)
	at org.apache.ratis.grpc.GrpcUtil.unwrapException(GrpcUtil.java:75)
	at org.apache.ratis.grpc.client.GrpcClientProtocolClient.blockingCall(GrpcClientProtocolClient.java:169)
	at org.apache.ratis.grpc.client.GrpcClientProtocolClient.groupAdd(GrpcClientProtocolClient.java:138)
	at org.apache.ratis.grpc.client.GrpcClientRpc.sendRequest(GrpcClientRpc.java:94)
	at org.apache.ratis.client.impl.RaftClientImpl.sendRequest(RaftClientImpl.java:279)
	at org.apache.ratis.client.impl.RaftClientImpl.groupAdd(RaftClientImpl.java:206)
	at org.apache.hadoop.hdds.scm.pipeline.RatisPipelineProvider.lambda$initializePipeline$4(RatisPipelineProvider.java:195)
	at org.apache.hadoop.hdds.scm.pipeline.RatisPipelineProvider.lambda$null$5(RatisPipelineProvider.java:232)
	at java.util.stream.ForEachOps$ForEachOp$OfRef.accept(ForEachOps.java:184)
	at java.util.ArrayList$ArrayListSpliterator.forEachRemaining(ArrayList.java:1382)
	at java.util.stream.AbstractPipeline.copyInto(AbstractPipeline.java:482)
	at java.util.stream.ForEachOps$ForEachTask.compute(ForEachOps.java:291)
	at java.util.concurrent.CountedCompleter.exec(CountedCompleter.java:731)
	at java.util.concurrent.ForkJoinTask.doExec(ForkJoinTask.java:289)
	at java.util.concurrent.ForkJoinPool$WorkQueue.runTask(ForkJoinPool.java:1056)
	at java.util.concurrent.ForkJoinPool.runWorker(ForkJoinPool.java:1692)
	at java.util.concurrent.ForkJoinWorkerThread.run(ForkJoinWorkerThread.java:157)
Caused by: org.apache.ratis.thirdparty.io.grpc.StatusRuntimeException: DEADLINE_EXCEEDED: deadline exceeded after 2999682309ns
	at org.apache.ratis.thirdparty.io.grpc.stub.ClientCalls.toStatusRuntimeException(ClientCalls.java:233)
	at org.apache.ratis.thirdparty.io.grpc.stub.ClientCalls.getUnchecked(ClientCalls.java:214)
	at org.apache.ratis.thirdparty.io.grpc.stub.ClientCalls.blockingUnaryCall(ClientCalls.java:139)
	at org.apache.ratis.proto.grpc.AdminProtocolServiceGrpc$AdminProtocolServiceBlockingStub.groupManagement(AdminProtocolServiceGrpc.java:274)
	at org.apache.ratis.grpc.client.GrpcClientProtocolClient.lambda$groupAdd$3(GrpcClientProtocolClient.java:140)
	at org.apache.ratis.grpc.client.GrpcClientProtocolClient.blockingCall(GrpcClientProtocolClient.java:167)
	... 15 more
2019-09-06 22:00:49,755 [IPC Server handler 3 on 34478] WARN  block.BlockManagerImpl (BlockManagerImpl.java:allocateBlock(192)) - Pipeline creation failed for type:RATIS factor:THREE. Retrying get pipelines call once.
org.apache.hadoop.io.MultipleIOException: 3 exceptions [java.io.IOException: Failed invoke Ratis rpc org.apache.hadoop.hdds.scm.pipeline.RatisPipelineProvider$$Lambda$172/1300682258@4399e81 for e4d22c93-acc0-432e-8ff6-ef453016530c, java.io.IOException: Failed invoke Ratis rpc org.apache.hadoop.hdds.scm.pipeline.RatisPipelineProvider$$Lambda$172/1300682258@4399e81 for cabf754e-66c5-4603-8900-162c24b4db5c, java.io.IOException: Failed invoke Ratis rpc org.apache.hadoop.hdds.scm.pipeline.RatisPipelineProvider$$Lambda$172/1300682258@4399e81 for 5a50aa92-2737-4252-bffb-c8f2124676ea]
	at org.apache.hadoop.io.MultipleIOException.createIOException(MultipleIOException.java:53)
	at org.apache.hadoop.hdds.scm.pipeline.RatisPipelineProvider.callRatisRpc(RatisPipelineProvider.java:252)
	at org.apache.hadoop.hdds.scm.pipeline.RatisPipelineProvider.initializePipeline(RatisPipelineProvider.java:193)
	at org.apache.hadoop.hdds.scm.pipeline.RatisPipelineProvider.create(RatisPipelineProvider.java:162)
	at org.apache.hadoop.hdds.scm.pipeline.PipelineFactory.create(PipelineFactory.java:57)
	at org.apache.hadoop.hdds.scm.pipeline.SCMPipelineManager.createPipeline(SCMPipelineManager.java:151)
	at org.apache.hadoop.hdds.scm.block.BlockManagerImpl.allocateBlock(BlockManagerImpl.java:190)
	at org.apache.hadoop.hdds.scm.server.SCMBlockProtocolServer.allocateBlock(SCMBlockProtocolServer.java:182)
	at org.apache.hadoop.ozone.protocolPB.ScmBlockLocationProtocolServerSideTranslatorPB.allocateScmBlock(ScmBlockLocationProtocolServerSideTranslatorPB.java:183)
	at org.apache.hadoop.ozone.protocolPB.ScmBlockLocationProtocolServerSideTranslatorPB.processMessage(ScmBlockLocationProtocolServerSideTranslatorPB.java:141)
	at org.apache.hadoop.ozone.protocolPB.ScmBlockLocationProtocolServerSideTranslatorPB.send(ScmBlockLocationProtocolServerSideTranslatorPB.java:116)
	at org.apache.hadoop.hdds.protocol.proto.ScmBlockLocationProtocolProtos$ScmBlockLocationProtocolService$2.callBlockingMethod(ScmBlockLocationProtocolProtos.java:13157)
	at org.apache.hadoop.ipc.ProtobufRpcEngine$Server$ProtoBufRpcInvoker.call(ProtobufRpcEngine.java:524)
	at org.apache.hadoop.ipc.RPC$Server.call(RPC.java:1025)
	at org.apache.hadoop.ipc.Server$RpcCall.run(Server.java:876)
	at org.apache.hadoop.ipc.Server$RpcCall.run(Server.java:822)
	at java.security.AccessController.doPrivileged(Native Method)
	at javax.security.auth.Subject.doAs(Subject.java:422)
	at org.apache.hadoop.security.UserGroupInformation.doAs(UserGroupInformation.java:1730)
	at org.apache.hadoop.ipc.Server$Handler.run(Server.java:2682)
2019-09-06 22:00:49,756 [IPC Server handler 3 on 34478] INFO  block.BlockManagerImpl (BlockManagerImpl.java:allocateBlock(198)) - Could not find available pipeline of type:RATIS and factor:THREE even after retrying
2019-09-06 22:00:49,756 [IPC Server handler 3 on 34478] ERROR block.BlockManagerImpl (BlockManagerImpl.java:allocateBlock(222)) - Unable to allocate a block for the size: 4194304, type: RATIS, factor: THREE
2019-09-06 22:00:49,761 [a442f722-883b-42ef-86c3-1743511a8ab0:group-3C122E7AC96C:LeaderElection5] INFO  impl.LeaderElection (LeaderElection.java:askForVotes(181)) - a442f722-883b-42ef-86c3-1743511a8ab0:group-3C122E7AC96C:LeaderElection5: begin an election at term 1 for -1: [a442f722-883b-42ef-86c3-1743511a8ab0:192.168.69.79:43482], old=null
2019-09-06 22:00:49,761 [a442f722-883b-42ef-86c3-1743511a8ab0:group-3C122E7AC96C:LeaderElection5] INFO  impl.RoleInfo (RoleInfo.java:shutdownLeaderElection(134)) - a442f722-883b-42ef-86c3-1743511a8ab0: shutdown LeaderElection
2019-09-06 22:00:49,762 [a442f722-883b-42ef-86c3-1743511a8ab0:group-3C122E7AC96C:LeaderElection5] INFO  impl.RaftServerImpl (RaftServerImpl.java:setRole(171)) - a442f722-883b-42ef-86c3-1743511a8ab0:group-3C122E7AC96C changes role from CANDIDATE to LEADER at term 1 for changeToLeader
2019-09-06 22:00:49,762 [a442f722-883b-42ef-86c3-1743511a8ab0:group-3C122E7AC96C:LeaderElection5] INFO  impl.RaftServerImpl (ServerState.java:setLeader(263)) - a442f722-883b-42ef-86c3-1743511a8ab0:group-3C122E7AC96C change Leader from null to a442f722-883b-42ef-86c3-1743511a8ab0 at term 1 for becomeLeader, leader elected after 12369ms
2019-09-06 22:00:49,765 [a442f722-883b-42ef-86c3-1743511a8ab0:group-3C122E7AC96C:LeaderElection5] INFO  server.RaftServerConfigKeys (ConfUtils.java:logGet(43)) - raft.server.staging.catchup.gap = 1000 (default)
2019-09-06 22:00:49,765 [a442f722-883b-42ef-86c3-1743511a8ab0:group-3C122E7AC96C:LeaderElection5] INFO  server.RaftServerConfigKeys (ConfUtils.java:logGet(43)) - raft.server.rpc.sleep.time = 25ms (default)
2019-09-06 22:00:49,765 [a442f722-883b-42ef-86c3-1743511a8ab0:group-3C122E7AC96C:LeaderElection5] INFO  server.RaftServerConfigKeys (ConfUtils.java:logGet(43)) - raft.server.write.element-limit = 4096 (default)
2019-09-06 22:00:49,766 [a442f722-883b-42ef-86c3-1743511a8ab0:group-3C122E7AC96C:LeaderElection5] INFO  server.RaftServerConfigKeys (ConfUtils.java:logGet(43)) - raft.server.watch.timeout = 10s (default)
2019-09-06 22:00:49,766 [a442f722-883b-42ef-86c3-1743511a8ab0:group-3C122E7AC96C:LeaderElection5] INFO  server.RaftServerConfigKeys (ConfUtils.java:logGet(43)) - raft.server.watch.timeout.denomination = 1s (default)
2019-09-06 22:00:49,766 [a442f722-883b-42ef-86c3-1743511a8ab0:group-3C122E7AC96C:LeaderElection5] INFO  server.RaftServerConfigKeys (ConfUtils.java:logGet(43)) - raft.server.watch.element-limit = 65536 (default)
2019-09-06 22:00:49,766 [a442f722-883b-42ef-86c3-1743511a8ab0:group-3C122E7AC96C:LeaderElection5] INFO  impl.RoleInfo (RoleInfo.java:updateAndGet(143)) - a442f722-883b-42ef-86c3-1743511a8ab0: start LeaderState
2019-09-06 22:00:49,767 [a442f722-883b-42ef-86c3-1743511a8ab0:group-3C122E7AC96C:LeaderElection5] INFO  segmented.SegmentedRaftLogWorker (SegmentedRaftLogWorker.java:startLogSegment(380)) - a442f722-883b-42ef-86c3-1743511a8ab0-SegmentedRaftLogWorker:Storage Directory /workdir/hadoop-ozone/ozonefs/target/test-dir/MiniOzoneClusterImpl-ca11de5b-e8c1-48c0-9c71-bb1a3ae6d3ec/datanode-3/data/ratis/cf1a3edf-6ace-4fa2-92e0-3c122e7ac96c: Starting segment from index:0
2019-09-06 22:00:49,768 [a442f722-883b-42ef-86c3-1743511a8ab0:group-3C122E7AC96C:LeaderElection5] INFO  impl.RaftServerImpl (ServerState.java:setRaftConf(361)) - a442f722-883b-42ef-86c3-1743511a8ab0:group-3C122E7AC96C set configuration 0: [a442f722-883b-42ef-86c3-1743511a8ab0:192.168.69.79:43482], old=null at 0
]]></system-out>
  </testcase>
  <testcase name="testRandomSeeks" classname="org.apache.hadoop.fs.ozone.contract.ITestOzoneContractSeek" time="4.225">
    <error message="Allocated 0 blocks. Requested 1 blocks" type="INTERNAL_ERROR org.apache.hadoop.ozone.om.exceptions.OMException">INTERNAL_ERROR org.apache.hadoop.ozone.om.exceptions.OMException: Allocated 0 blocks. Requested 1 blocks
	at org.apache.hadoop.ozone.om.protocolPB.OzoneManagerProtocolClientSideTranslatorPB.handleError(OzoneManagerProtocolClientSideTranslatorPB.java:725)
	at org.apache.hadoop.ozone.om.protocolPB.OzoneManagerProtocolClientSideTranslatorPB.createFile(OzoneManagerProtocolClientSideTranslatorPB.java:1474)
	at org.apache.hadoop.ozone.client.rpc.RpcClient.createFile(RpcClient.java:984)
	at org.apache.hadoop.ozone.client.OzoneBucket.createFile(OzoneBucket.java:537)
	at org.apache.hadoop.fs.ozone.BasicOzoneClientAdapterImpl.createFile(BasicOzoneClientAdapterImpl.java:181)
	at org.apache.hadoop.fs.ozone.BasicOzoneFileSystem.createOutputStream(BasicOzoneFileSystem.java:249)
	at org.apache.hadoop.fs.ozone.BasicOzoneFileSystem.create(BasicOzoneFileSystem.java:230)
	at org.apache.hadoop.fs.FileSystem.create(FileSystem.java:1118)
	at org.apache.hadoop.fs.FileSystem.create(FileSystem.java:1098)
	at org.apache.hadoop.fs.FileSystem.create(FileSystem.java:987)
	at org.apache.hadoop.fs.contract.ContractTestUtils.createFile(ContractTestUtils.java:633)
	at org.apache.hadoop.fs.contract.AbstractContractSeekTest.setup(AbstractContractSeekTest.java:64)
	at sun.reflect.NativeMethodAccessorImpl.invoke0(Native Method)
	at sun.reflect.NativeMethodAccessorImpl.invoke(NativeMethodAccessorImpl.java:62)
	at sun.reflect.DelegatingMethodAccessorImpl.invoke(DelegatingMethodAccessorImpl.java:43)
	at java.lang.reflect.Method.invoke(Method.java:498)
	at org.junit.runners.model.FrameworkMethod$1.runReflectiveCall(FrameworkMethod.java:47)
	at org.junit.internal.runners.model.ReflectiveCallable.run(ReflectiveCallable.java:12)
	at org.junit.runners.model.FrameworkMethod.invokeExplosively(FrameworkMethod.java:44)
	at org.junit.internal.runners.statements.RunBefores.evaluate(RunBefores.java:24)
	at org.junit.internal.runners.statements.RunAfters.evaluate(RunAfters.java:27)
	at org.junit.rules.TestWatcher$1.evaluate(TestWatcher.java:55)
	at org.junit.internal.runners.statements.FailOnTimeout$StatementThread.run(FailOnTimeout.java:74)
</error>
    <system-out><![CDATA[2019-09-06 22:00:49,889 [Thread-250] INFO  rpc.RpcClient (RpcClient.java:createVolume(293)) - Creating Volume: volume36680, with user43608 as owner.
2019-09-06 22:00:49,892 [IPC Server handler 6 on 36227] INFO  volume.OMVolumeCreateRequest (OMVolumeCreateRequest.java:validateAndUpdateCache(189)) - created volume:volume36680 for user:user43608
2019-09-06 22:00:49,894 [Thread-250] INFO  rpc.RpcClient (RpcClient.java:createBucket(432)) - Creating Bucket: volume36680/bucket68260, with Versioning false and Storage Type set to DISK and Encryption set to false 
2019-09-06 22:00:49,962 [Thread-250] INFO  contract.AbstractFSContractTestBase (AbstractFSContractTestBase.java:setup(184)) - Test filesystem = o3fs://bucket68260.volume36680 implemented by OzoneFileSystem{URI=o3fs://bucket68260.volume36680, workingDir=o3fs://bucket68260.volume36680/user/jenkins1000, userName=jenkins1000, statistics=0 bytes read, 0 bytes written, 6 read ops, 0 large read ops, 4 write ops}
2019-09-06 22:00:49,983 [grpc-default-executor-4] INFO  impl.RaftServerProxy (RaftServerProxy.java:addNew(89)) - 5a50aa92-2737-4252-bffb-c8f2124676ea: addNew group-2472C3280719:[e4d22c93-acc0-432e-8ff6-ef453016530c:192.168.69.79:43075, 5a50aa92-2737-4252-bffb-c8f2124676ea:192.168.69.79:36465, cabf754e-66c5-4603-8900-162c24b4db5c:192.168.69.79:46375] returns group-2472C3280719:java.util.concurrent.CompletableFuture@73ad037[Not completed]
2019-09-06 22:00:49,987 [grpc-default-executor-0] INFO  impl.RaftServerProxy (RaftServerProxy.java:addNew(89)) - e4d22c93-acc0-432e-8ff6-ef453016530c: addNew group-2472C3280719:[e4d22c93-acc0-432e-8ff6-ef453016530c:192.168.69.79:43075, 5a50aa92-2737-4252-bffb-c8f2124676ea:192.168.69.79:36465, cabf754e-66c5-4603-8900-162c24b4db5c:192.168.69.79:46375] returns group-2472C3280719:java.util.concurrent.CompletableFuture@162905be[Not completed]
2019-09-06 22:00:49,988 [grpc-default-executor-3] INFO  impl.RaftServerProxy (RaftServerProxy.java:addNew(89)) - cabf754e-66c5-4603-8900-162c24b4db5c: addNew group-2472C3280719:[e4d22c93-acc0-432e-8ff6-ef453016530c:192.168.69.79:43075, 5a50aa92-2737-4252-bffb-c8f2124676ea:192.168.69.79:36465, cabf754e-66c5-4603-8900-162c24b4db5c:192.168.69.79:46375] returns group-2472C3280719:java.util.concurrent.CompletableFuture@7fd73a7e[Not completed]
2019-09-06 22:00:51,698 [pool-37-thread-1] INFO  storage.RaftStorageDirectory (RaftStorageDirectory.java:tryLock(328)) - Lock on /workdir/hadoop-ozone/ozonefs/target/test-dir/MiniOzoneClusterImpl-ca11de5b-e8c1-48c0-9c71-bb1a3ae6d3ec/datanode-1/data/ratis/b021b3e9-87dd-4f7c-8fc0-5288f7bada5a/in_use.lock acquired by nodename 3576@pr-hdds-2087-j7wfl-3989464410
2019-09-06 22:00:51,698 [e4d22c93-acc0-432e-8ff6-ef453016530c-SegmentedRaftLogWorker:Storage Directory /workdir/hadoop-ozone/ozonefs/target/test-dir/MiniOzoneClusterImpl-ca11de5b-e8c1-48c0-9c71-bb1a3ae6d3ec/datanode-2/data/ratis/5627988e-b364-419f-9417-aa723e996c53] INFO  segmented.SegmentedRaftLogWorker (SegmentedRaftLogWorker.java:execute(569)) - e4d22c93-acc0-432e-8ff6-ef453016530c-SegmentedRaftLogWorker:Storage Directory /workdir/hadoop-ozone/ozonefs/target/test-dir/MiniOzoneClusterImpl-ca11de5b-e8c1-48c0-9c71-bb1a3ae6d3ec/datanode-2/data/ratis/5627988e-b364-419f-9417-aa723e996c53: created new log segment /workdir/hadoop-ozone/ozonefs/target/test-dir/MiniOzoneClusterImpl-ca11de5b-e8c1-48c0-9c71-bb1a3ae6d3ec/datanode-2/data/ratis/5627988e-b364-419f-9417-aa723e996c53/current/log_inprogress_0
2019-09-06 22:00:51,698 [pool-67-thread-1] INFO  storage.RaftStorageDirectory (RaftStorageDirectory.java:tryLock(328)) - Lock on /workdir/hadoop-ozone/ozonefs/target/test-dir/MiniOzoneClusterImpl-ca11de5b-e8c1-48c0-9c71-bb1a3ae6d3ec/datanode-4/data/ratis/b021b3e9-87dd-4f7c-8fc0-5288f7bada5a/in_use.lock acquired by nodename 3576@pr-hdds-2087-j7wfl-3989464410
2019-09-06 22:00:51,698 [pool-47-thread-1] INFO  storage.RaftStorageDirectory (RaftStorageDirectory.java:tryLock(328)) - Lock on /workdir/hadoop-ozone/ozonefs/target/test-dir/MiniOzoneClusterImpl-ca11de5b-e8c1-48c0-9c71-bb1a3ae6d3ec/datanode-2/data/ratis/b021b3e9-87dd-4f7c-8fc0-5288f7bada5a/in_use.lock acquired by nodename 3576@pr-hdds-2087-j7wfl-3989464410
2019-09-06 22:00:52,979 [RATISCREATEPIPELINE1] ERROR pipeline.RatisPipelineProvider (RatisPipelineProvider.java:lambda$null$5(236)) - Failed invoke Ratis rpc org.apache.hadoop.hdds.scm.pipeline.RatisPipelineProvider$$Lambda$172/1300682258@319ca019 for cabf754e-66c5-4603-8900-162c24b4db5c
org.apache.ratis.protocol.TimeoutIOException: deadline exceeded after 2999659555ns
	at org.apache.ratis.grpc.GrpcUtil.tryUnwrapException(GrpcUtil.java:82)
	at org.apache.ratis.grpc.GrpcUtil.unwrapException(GrpcUtil.java:75)
	at org.apache.ratis.grpc.client.GrpcClientProtocolClient.blockingCall(GrpcClientProtocolClient.java:169)
	at org.apache.ratis.grpc.client.GrpcClientProtocolClient.groupAdd(GrpcClientProtocolClient.java:138)
	at org.apache.ratis.grpc.client.GrpcClientRpc.sendRequest(GrpcClientRpc.java:94)
	at org.apache.ratis.client.impl.RaftClientImpl.sendRequest(RaftClientImpl.java:279)
	at org.apache.ratis.client.impl.RaftClientImpl.groupAdd(RaftClientImpl.java:206)
	at org.apache.hadoop.hdds.scm.pipeline.RatisPipelineProvider.lambda$initializePipeline$4(RatisPipelineProvider.java:195)
	at org.apache.hadoop.hdds.scm.pipeline.RatisPipelineProvider.lambda$null$5(RatisPipelineProvider.java:232)
	at java.util.stream.ForEachOps$ForEachOp$OfRef.accept(ForEachOps.java:184)
	at java.util.ArrayList$ArrayListSpliterator.forEachRemaining(ArrayList.java:1382)
	at java.util.stream.AbstractPipeline.copyInto(AbstractPipeline.java:482)
	at java.util.stream.ForEachOps$ForEachTask.compute(ForEachOps.java:291)
	at java.util.concurrent.CountedCompleter.exec(CountedCompleter.java:731)
	at java.util.concurrent.ForkJoinTask.doExec(ForkJoinTask.java:289)
	at java.util.concurrent.ForkJoinTask.doInvoke(ForkJoinTask.java:401)
	at java.util.concurrent.ForkJoinTask.invoke(ForkJoinTask.java:734)
	at java.util.stream.ForEachOps$ForEachOp.evaluateParallel(ForEachOps.java:160)
	at java.util.stream.ForEachOps$ForEachOp$OfRef.evaluateParallel(ForEachOps.java:174)
	at java.util.stream.AbstractPipeline.evaluate(AbstractPipeline.java:233)
	at java.util.stream.ReferencePipeline.forEach(ReferencePipeline.java:418)
	at java.util.stream.ReferencePipeline$Head.forEach(ReferencePipeline.java:583)
	at org.apache.hadoop.hdds.scm.pipeline.RatisPipelineProvider.lambda$callRatisRpc$6(RatisPipelineProvider.java:226)
	at java.util.concurrent.ForkJoinTask$AdaptedRunnableAction.exec(ForkJoinTask.java:1386)
	at java.util.concurrent.ForkJoinTask.doExec(ForkJoinTask.java:289)
	at java.util.concurrent.ForkJoinPool$WorkQueue.runTask(ForkJoinPool.java:1056)
	at java.util.concurrent.ForkJoinPool.runWorker(ForkJoinPool.java:1692)
	at java.util.concurrent.ForkJoinWorkerThread.run(ForkJoinWorkerThread.java:157)
Caused by: org.apache.ratis.thirdparty.io.grpc.StatusRuntimeException: DEADLINE_EXCEEDED: deadline exceeded after 2999659555ns
	at org.apache.ratis.thirdparty.io.grpc.stub.ClientCalls.toStatusRuntimeException(ClientCalls.java:233)
	at org.apache.ratis.thirdparty.io.grpc.stub.ClientCalls.getUnchecked(ClientCalls.java:214)
	at org.apache.ratis.thirdparty.io.grpc.stub.ClientCalls.blockingUnaryCall(ClientCalls.java:139)
	at org.apache.ratis.proto.grpc.AdminProtocolServiceGrpc$AdminProtocolServiceBlockingStub.groupManagement(AdminProtocolServiceGrpc.java:274)
	at org.apache.ratis.grpc.client.GrpcClientProtocolClient.lambda$groupAdd$3(GrpcClientProtocolClient.java:140)
	at org.apache.ratis.grpc.client.GrpcClientProtocolClient.blockingCall(GrpcClientProtocolClient.java:167)
	... 25 more
2019-09-06 22:00:52,991 [RATISCREATEPIPELINE3] ERROR pipeline.RatisPipelineProvider (RatisPipelineProvider.java:lambda$null$5(236)) - Failed invoke Ratis rpc org.apache.hadoop.hdds.scm.pipeline.RatisPipelineProvider$$Lambda$172/1300682258@319ca019 for e4d22c93-acc0-432e-8ff6-ef453016530c
org.apache.ratis.protocol.TimeoutIOException: deadline exceeded after 2993473546ns
	at org.apache.ratis.grpc.GrpcUtil.tryUnwrapException(GrpcUtil.java:82)
	at org.apache.ratis.grpc.GrpcUtil.unwrapException(GrpcUtil.java:75)
	at org.apache.ratis.grpc.client.GrpcClientProtocolClient.blockingCall(GrpcClientProtocolClient.java:169)
	at org.apache.ratis.grpc.client.GrpcClientProtocolClient.groupAdd(GrpcClientProtocolClient.java:138)
	at org.apache.ratis.grpc.client.GrpcClientRpc.sendRequest(GrpcClientRpc.java:94)
	at org.apache.ratis.client.impl.RaftClientImpl.sendRequest(RaftClientImpl.java:279)
	at org.apache.ratis.client.impl.RaftClientImpl.groupAdd(RaftClientImpl.java:206)
	at org.apache.hadoop.hdds.scm.pipeline.RatisPipelineProvider.lambda$initializePipeline$4(RatisPipelineProvider.java:195)
	at org.apache.hadoop.hdds.scm.pipeline.RatisPipelineProvider.lambda$null$5(RatisPipelineProvider.java:232)
	at java.util.stream.ForEachOps$ForEachOp$OfRef.accept(ForEachOps.java:184)
	at java.util.ArrayList$ArrayListSpliterator.forEachRemaining(ArrayList.java:1382)
	at java.util.stream.AbstractPipeline.copyInto(AbstractPipeline.java:482)
	at java.util.stream.ForEachOps$ForEachTask.compute(ForEachOps.java:291)
	at java.util.concurrent.CountedCompleter.exec(CountedCompleter.java:731)
	at java.util.concurrent.ForkJoinTask.doExec(ForkJoinTask.java:289)
	at java.util.concurrent.ForkJoinPool$WorkQueue.runTask(ForkJoinPool.java:1056)
	at java.util.concurrent.ForkJoinPool.runWorker(ForkJoinPool.java:1692)
	at java.util.concurrent.ForkJoinWorkerThread.run(ForkJoinWorkerThread.java:157)
Caused by: org.apache.ratis.thirdparty.io.grpc.StatusRuntimeException: DEADLINE_EXCEEDED: deadline exceeded after 2993473546ns
	at org.apache.ratis.thirdparty.io.grpc.stub.ClientCalls.toStatusRuntimeException(ClientCalls.java:233)
	at org.apache.ratis.thirdparty.io.grpc.stub.ClientCalls.getUnchecked(ClientCalls.java:214)
	at org.apache.ratis.thirdparty.io.grpc.stub.ClientCalls.blockingUnaryCall(ClientCalls.java:139)
	at org.apache.ratis.proto.grpc.AdminProtocolServiceGrpc$AdminProtocolServiceBlockingStub.groupManagement(AdminProtocolServiceGrpc.java:274)
	at org.apache.ratis.grpc.client.GrpcClientProtocolClient.lambda$groupAdd$3(GrpcClientProtocolClient.java:140)
	at org.apache.ratis.grpc.client.GrpcClientProtocolClient.blockingCall(GrpcClientProtocolClient.java:167)
	... 15 more
2019-09-06 22:00:52,980 [RATISCREATEPIPELINE2] ERROR pipeline.RatisPipelineProvider (RatisPipelineProvider.java:lambda$null$5(236)) - Failed invoke Ratis rpc org.apache.hadoop.hdds.scm.pipeline.RatisPipelineProvider$$Lambda$172/1300682258@319ca019 for 5a50aa92-2737-4252-bffb-c8f2124676ea
org.apache.ratis.protocol.TimeoutIOException: deadline exceeded after 2993448300ns
	at org.apache.ratis.grpc.GrpcUtil.tryUnwrapException(GrpcUtil.java:82)
	at org.apache.ratis.grpc.GrpcUtil.unwrapException(GrpcUtil.java:75)
	at org.apache.ratis.grpc.client.GrpcClientProtocolClient.blockingCall(GrpcClientProtocolClient.java:169)
	at org.apache.ratis.grpc.client.GrpcClientProtocolClient.groupAdd(GrpcClientProtocolClient.java:138)
	at org.apache.ratis.grpc.client.GrpcClientRpc.sendRequest(GrpcClientRpc.java:94)
	at org.apache.ratis.client.impl.RaftClientImpl.sendRequest(RaftClientImpl.java:279)
	at org.apache.ratis.client.impl.RaftClientImpl.groupAdd(RaftClientImpl.java:206)
	at org.apache.hadoop.hdds.scm.pipeline.RatisPipelineProvider.lambda$initializePipeline$4(RatisPipelineProvider.java:195)
	at org.apache.hadoop.hdds.scm.pipeline.RatisPipelineProvider.lambda$null$5(RatisPipelineProvider.java:232)
	at java.util.stream.ForEachOps$ForEachOp$OfRef.accept(ForEachOps.java:184)
	at java.util.ArrayList$ArrayListSpliterator.forEachRemaining(ArrayList.java:1382)
	at java.util.stream.AbstractPipeline.copyInto(AbstractPipeline.java:482)
	at java.util.stream.ForEachOps$ForEachTask.compute(ForEachOps.java:291)
	at java.util.concurrent.CountedCompleter.exec(CountedCompleter.java:731)
	at java.util.concurrent.ForkJoinTask.doExec(ForkJoinTask.java:289)
	at java.util.concurrent.ForkJoinPool$WorkQueue.runTask(ForkJoinPool.java:1056)
	at java.util.concurrent.ForkJoinPool.runWorker(ForkJoinPool.java:1692)
	at java.util.concurrent.ForkJoinWorkerThread.run(ForkJoinWorkerThread.java:157)
Caused by: org.apache.ratis.thirdparty.io.grpc.StatusRuntimeException: DEADLINE_EXCEEDED: deadline exceeded after 2993448300ns
	at org.apache.ratis.thirdparty.io.grpc.stub.ClientCalls.toStatusRuntimeException(ClientCalls.java:233)
	at org.apache.ratis.thirdparty.io.grpc.stub.ClientCalls.getUnchecked(ClientCalls.java:214)
	at org.apache.ratis.thirdparty.io.grpc.stub.ClientCalls.blockingUnaryCall(ClientCalls.java:139)
	at org.apache.ratis.proto.grpc.AdminProtocolServiceGrpc$AdminProtocolServiceBlockingStub.groupManagement(AdminProtocolServiceGrpc.java:274)
	at org.apache.ratis.grpc.client.GrpcClientProtocolClient.lambda$groupAdd$3(GrpcClientProtocolClient.java:140)
	at org.apache.ratis.grpc.client.GrpcClientProtocolClient.blockingCall(GrpcClientProtocolClient.java:167)
	... 15 more
2019-09-06 22:00:53,000 [IPC Server handler 0 on 34478] WARN  block.BlockManagerImpl (BlockManagerImpl.java:allocateBlock(192)) - Pipeline creation failed for type:RATIS factor:THREE. Retrying get pipelines call once.
org.apache.hadoop.io.MultipleIOException: 3 exceptions [java.io.IOException: Failed invoke Ratis rpc org.apache.hadoop.hdds.scm.pipeline.RatisPipelineProvider$$Lambda$172/1300682258@319ca019 for cabf754e-66c5-4603-8900-162c24b4db5c, java.io.IOException: Failed invoke Ratis rpc org.apache.hadoop.hdds.scm.pipeline.RatisPipelineProvider$$Lambda$172/1300682258@319ca019 for e4d22c93-acc0-432e-8ff6-ef453016530c, java.io.IOException: Failed invoke Ratis rpc org.apache.hadoop.hdds.scm.pipeline.RatisPipelineProvider$$Lambda$172/1300682258@319ca019 for 5a50aa92-2737-4252-bffb-c8f2124676ea]
	at org.apache.hadoop.io.MultipleIOException.createIOException(MultipleIOException.java:53)
	at org.apache.hadoop.hdds.scm.pipeline.RatisPipelineProvider.callRatisRpc(RatisPipelineProvider.java:252)
	at org.apache.hadoop.hdds.scm.pipeline.RatisPipelineProvider.initializePipeline(RatisPipelineProvider.java:193)
	at org.apache.hadoop.hdds.scm.pipeline.RatisPipelineProvider.create(RatisPipelineProvider.java:162)
	at org.apache.hadoop.hdds.scm.pipeline.PipelineFactory.create(PipelineFactory.java:57)
	at org.apache.hadoop.hdds.scm.pipeline.SCMPipelineManager.createPipeline(SCMPipelineManager.java:151)
	at org.apache.hadoop.hdds.scm.block.BlockManagerImpl.allocateBlock(BlockManagerImpl.java:190)
	at org.apache.hadoop.hdds.scm.server.SCMBlockProtocolServer.allocateBlock(SCMBlockProtocolServer.java:182)
	at org.apache.hadoop.ozone.protocolPB.ScmBlockLocationProtocolServerSideTranslatorPB.allocateScmBlock(ScmBlockLocationProtocolServerSideTranslatorPB.java:183)
	at org.apache.hadoop.ozone.protocolPB.ScmBlockLocationProtocolServerSideTranslatorPB.processMessage(ScmBlockLocationProtocolServerSideTranslatorPB.java:141)
	at org.apache.hadoop.ozone.protocolPB.ScmBlockLocationProtocolServerSideTranslatorPB.send(ScmBlockLocationProtocolServerSideTranslatorPB.java:116)
	at org.apache.hadoop.hdds.protocol.proto.ScmBlockLocationProtocolProtos$ScmBlockLocationProtocolService$2.callBlockingMethod(ScmBlockLocationProtocolProtos.java:13157)
	at org.apache.hadoop.ipc.ProtobufRpcEngine$Server$ProtoBufRpcInvoker.call(ProtobufRpcEngine.java:524)
	at org.apache.hadoop.ipc.RPC$Server.call(RPC.java:1025)
	at org.apache.hadoop.ipc.Server$RpcCall.run(Server.java:876)
	at org.apache.hadoop.ipc.Server$RpcCall.run(Server.java:822)
	at java.security.AccessController.doPrivileged(Native Method)
	at javax.security.auth.Subject.doAs(Subject.java:422)
	at org.apache.hadoop.security.UserGroupInformation.doAs(UserGroupInformation.java:1730)
	at org.apache.hadoop.ipc.Server$Handler.run(Server.java:2682)
2019-09-06 22:00:53,001 [IPC Server handler 0 on 34478] INFO  block.BlockManagerImpl (BlockManagerImpl.java:allocateBlock(198)) - Could not find available pipeline of type:RATIS and factor:THREE even after retrying
2019-09-06 22:00:53,002 [IPC Server handler 0 on 34478] ERROR block.BlockManagerImpl (BlockManagerImpl.java:allocateBlock(222)) - Unable to allocate a block for the size: 4194304, type: RATIS, factor: THREE
]]></system-out>
  </testcase>
  <testcase name="testSeekAndReadPastEndOfFile" classname="org.apache.hadoop.fs.ozone.contract.ITestOzoneContractSeek" time="4.264">
    <error message="Allocated 0 blocks. Requested 1 blocks" type="INTERNAL_ERROR org.apache.hadoop.ozone.om.exceptions.OMException">INTERNAL_ERROR org.apache.hadoop.ozone.om.exceptions.OMException: Allocated 0 blocks. Requested 1 blocks
	at org.apache.hadoop.ozone.om.protocolPB.OzoneManagerProtocolClientSideTranslatorPB.handleError(OzoneManagerProtocolClientSideTranslatorPB.java:725)
	at org.apache.hadoop.ozone.om.protocolPB.OzoneManagerProtocolClientSideTranslatorPB.createFile(OzoneManagerProtocolClientSideTranslatorPB.java:1474)
	at org.apache.hadoop.ozone.client.rpc.RpcClient.createFile(RpcClient.java:984)
	at org.apache.hadoop.ozone.client.OzoneBucket.createFile(OzoneBucket.java:537)
	at org.apache.hadoop.fs.ozone.BasicOzoneClientAdapterImpl.createFile(BasicOzoneClientAdapterImpl.java:181)
	at org.apache.hadoop.fs.ozone.BasicOzoneFileSystem.createOutputStream(BasicOzoneFileSystem.java:249)
	at org.apache.hadoop.fs.ozone.BasicOzoneFileSystem.create(BasicOzoneFileSystem.java:230)
	at org.apache.hadoop.fs.FileSystem.create(FileSystem.java:1118)
	at org.apache.hadoop.fs.FileSystem.create(FileSystem.java:1098)
	at org.apache.hadoop.fs.FileSystem.create(FileSystem.java:987)
	at org.apache.hadoop.fs.contract.ContractTestUtils.createFile(ContractTestUtils.java:633)
	at org.apache.hadoop.fs.contract.AbstractContractSeekTest.setup(AbstractContractSeekTest.java:64)
	at sun.reflect.NativeMethodAccessorImpl.invoke0(Native Method)
	at sun.reflect.NativeMethodAccessorImpl.invoke(NativeMethodAccessorImpl.java:62)
	at sun.reflect.DelegatingMethodAccessorImpl.invoke(DelegatingMethodAccessorImpl.java:43)
	at java.lang.reflect.Method.invoke(Method.java:498)
	at org.junit.runners.model.FrameworkMethod$1.runReflectiveCall(FrameworkMethod.java:47)
	at org.junit.internal.runners.model.ReflectiveCallable.run(ReflectiveCallable.java:12)
	at org.junit.runners.model.FrameworkMethod.invokeExplosively(FrameworkMethod.java:44)
	at org.junit.internal.runners.statements.RunBefores.evaluate(RunBefores.java:24)
	at org.junit.internal.runners.statements.RunAfters.evaluate(RunAfters.java:27)
	at org.junit.rules.TestWatcher$1.evaluate(TestWatcher.java:55)
	at org.junit.internal.runners.statements.FailOnTimeout$StatementThread.run(FailOnTimeout.java:74)
</error>
    <system-out><![CDATA[2019-09-06 22:00:54,094 [Thread-252] INFO  rpc.RpcClient (RpcClient.java:createVolume(293)) - Creating Volume: volume44980, with user71680 as owner.
2019-09-06 22:00:54,110 [IPC Server handler 7 on 36227] INFO  volume.OMVolumeCreateRequest (OMVolumeCreateRequest.java:validateAndUpdateCache(189)) - created volume:volume44980 for user:user71680
2019-09-06 22:00:54,113 [Thread-252] INFO  rpc.RpcClient (RpcClient.java:createBucket(432)) - Creating Bucket: volume44980/bucket01269, with Versioning false and Storage Type set to DISK and Encryption set to false 
2019-09-06 22:00:54,175 [Thread-252] INFO  contract.AbstractFSContractTestBase (AbstractFSContractTestBase.java:setup(184)) - Test filesystem = o3fs://bucket01269.volume44980 implemented by OzoneFileSystem{URI=o3fs://bucket01269.volume44980, workingDir=o3fs://bucket01269.volume44980/user/jenkins1000, userName=jenkins1000, statistics=0 bytes read, 0 bytes written, 9 read ops, 0 large read ops, 6 write ops}
2019-09-06 22:00:54,202 [grpc-default-executor-4] INFO  impl.RaftServerProxy (RaftServerProxy.java:addNew(89)) - 5a50aa92-2737-4252-bffb-c8f2124676ea: addNew group-2299B1DAC38B:[e4d22c93-acc0-432e-8ff6-ef453016530c:192.168.69.79:43075, 5a50aa92-2737-4252-bffb-c8f2124676ea:192.168.69.79:36465, cabf754e-66c5-4603-8900-162c24b4db5c:192.168.69.79:46375] returns group-2299B1DAC38B:java.util.concurrent.CompletableFuture@2b5ddbf3[Not completed]
2019-09-06 22:00:54,202 [grpc-default-executor-0] INFO  impl.RaftServerProxy (RaftServerProxy.java:addNew(89)) - e4d22c93-acc0-432e-8ff6-ef453016530c: addNew group-2299B1DAC38B:[e4d22c93-acc0-432e-8ff6-ef453016530c:192.168.69.79:43075, 5a50aa92-2737-4252-bffb-c8f2124676ea:192.168.69.79:36465, cabf754e-66c5-4603-8900-162c24b4db5c:192.168.69.79:46375] returns group-2299B1DAC38B:java.util.concurrent.CompletableFuture@11a9e386[Not completed]
2019-09-06 22:00:54,202 [grpc-default-executor-3] INFO  impl.RaftServerProxy (RaftServerProxy.java:addNew(89)) - cabf754e-66c5-4603-8900-162c24b4db5c: addNew group-2299B1DAC38B:[e4d22c93-acc0-432e-8ff6-ef453016530c:192.168.69.79:43075, 5a50aa92-2737-4252-bffb-c8f2124676ea:192.168.69.79:36465, cabf754e-66c5-4603-8900-162c24b4db5c:192.168.69.79:46375] returns group-2299B1DAC38B:java.util.concurrent.CompletableFuture@65e9e271[Not completed]
2019-09-06 22:00:55,736 [a442f722-883b-42ef-86c3-1743511a8ab0-SegmentedRaftLogWorker:Storage Directory /workdir/hadoop-ozone/ozonefs/target/test-dir/MiniOzoneClusterImpl-ca11de5b-e8c1-48c0-9c71-bb1a3ae6d3ec/datanode-3/data/ratis/cf1a3edf-6ace-4fa2-92e0-3c122e7ac96c] INFO  segmented.SegmentedRaftLogWorker (SegmentedRaftLogWorker.java:execute(569)) - a442f722-883b-42ef-86c3-1743511a8ab0-SegmentedRaftLogWorker:Storage Directory /workdir/hadoop-ozone/ozonefs/target/test-dir/MiniOzoneClusterImpl-ca11de5b-e8c1-48c0-9c71-bb1a3ae6d3ec/datanode-3/data/ratis/cf1a3edf-6ace-4fa2-92e0-3c122e7ac96c: created new log segment /workdir/hadoop-ozone/ozonefs/target/test-dir/MiniOzoneClusterImpl-ca11de5b-e8c1-48c0-9c71-bb1a3ae6d3ec/datanode-3/data/ratis/cf1a3edf-6ace-4fa2-92e0-3c122e7ac96c/current/log_inprogress_0
2019-09-06 22:00:57,196 [RATISCREATEPIPELINE3] ERROR pipeline.RatisPipelineProvider (RatisPipelineProvider.java:lambda$null$5(236)) - Failed invoke Ratis rpc org.apache.hadoop.hdds.scm.pipeline.RatisPipelineProvider$$Lambda$172/1300682258@3b1505c4 for 5a50aa92-2737-4252-bffb-c8f2124676ea
org.apache.ratis.protocol.TimeoutIOException: deadline exceeded after 2994698941ns
	at org.apache.ratis.grpc.GrpcUtil.tryUnwrapException(GrpcUtil.java:82)
	at org.apache.ratis.grpc.GrpcUtil.unwrapException(GrpcUtil.java:75)
	at org.apache.ratis.grpc.client.GrpcClientProtocolClient.blockingCall(GrpcClientProtocolClient.java:169)
	at org.apache.ratis.grpc.client.GrpcClientProtocolClient.groupAdd(GrpcClientProtocolClient.java:138)
	at org.apache.ratis.grpc.client.GrpcClientRpc.sendRequest(GrpcClientRpc.java:94)
	at org.apache.ratis.client.impl.RaftClientImpl.sendRequest(RaftClientImpl.java:279)
	at org.apache.ratis.client.impl.RaftClientImpl.groupAdd(RaftClientImpl.java:206)
	at org.apache.hadoop.hdds.scm.pipeline.RatisPipelineProvider.lambda$initializePipeline$4(RatisPipelineProvider.java:195)
	at org.apache.hadoop.hdds.scm.pipeline.RatisPipelineProvider.lambda$null$5(RatisPipelineProvider.java:232)
	at java.util.stream.ForEachOps$ForEachOp$OfRef.accept(ForEachOps.java:184)
	at java.util.ArrayList$ArrayListSpliterator.forEachRemaining(ArrayList.java:1382)
	at java.util.stream.AbstractPipeline.copyInto(AbstractPipeline.java:482)
	at java.util.stream.ForEachOps$ForEachTask.compute(ForEachOps.java:291)
	at java.util.concurrent.CountedCompleter.exec(CountedCompleter.java:731)
	at java.util.concurrent.ForkJoinTask.doExec(ForkJoinTask.java:289)
	at java.util.concurrent.ForkJoinPool$WorkQueue.runTask(ForkJoinPool.java:1056)
	at java.util.concurrent.ForkJoinPool.runWorker(ForkJoinPool.java:1692)
	at java.util.concurrent.ForkJoinWorkerThread.run(ForkJoinWorkerThread.java:157)
Caused by: org.apache.ratis.thirdparty.io.grpc.StatusRuntimeException: DEADLINE_EXCEEDED: deadline exceeded after 2994698941ns
	at org.apache.ratis.thirdparty.io.grpc.stub.ClientCalls.toStatusRuntimeException(ClientCalls.java:233)
	at org.apache.ratis.thirdparty.io.grpc.stub.ClientCalls.getUnchecked(ClientCalls.java:214)
	at org.apache.ratis.thirdparty.io.grpc.stub.ClientCalls.blockingUnaryCall(ClientCalls.java:139)
	at org.apache.ratis.proto.grpc.AdminProtocolServiceGrpc$AdminProtocolServiceBlockingStub.groupManagement(AdminProtocolServiceGrpc.java:274)
	at org.apache.ratis.grpc.client.GrpcClientProtocolClient.lambda$groupAdd$3(GrpcClientProtocolClient.java:140)
	at org.apache.ratis.grpc.client.GrpcClientProtocolClient.blockingCall(GrpcClientProtocolClient.java:167)
	... 15 more
2019-09-06 22:00:57,199 [RATISCREATEPIPELINE1] ERROR pipeline.RatisPipelineProvider (RatisPipelineProvider.java:lambda$null$5(236)) - Failed invoke Ratis rpc org.apache.hadoop.hdds.scm.pipeline.RatisPipelineProvider$$Lambda$172/1300682258@3b1505c4 for cabf754e-66c5-4603-8900-162c24b4db5c
org.apache.ratis.protocol.TimeoutIOException: deadline exceeded after 2999625889ns
	at org.apache.ratis.grpc.GrpcUtil.tryUnwrapException(GrpcUtil.java:82)
	at org.apache.ratis.grpc.GrpcUtil.unwrapException(GrpcUtil.java:75)
	at org.apache.ratis.grpc.client.GrpcClientProtocolClient.blockingCall(GrpcClientProtocolClient.java:169)
	at org.apache.ratis.grpc.client.GrpcClientProtocolClient.groupAdd(GrpcClientProtocolClient.java:138)
	at org.apache.ratis.grpc.client.GrpcClientRpc.sendRequest(GrpcClientRpc.java:94)
	at org.apache.ratis.client.impl.RaftClientImpl.sendRequest(RaftClientImpl.java:279)
	at org.apache.ratis.client.impl.RaftClientImpl.groupAdd(RaftClientImpl.java:206)
	at org.apache.hadoop.hdds.scm.pipeline.RatisPipelineProvider.lambda$initializePipeline$4(RatisPipelineProvider.java:195)
	at org.apache.hadoop.hdds.scm.pipeline.RatisPipelineProvider.lambda$null$5(RatisPipelineProvider.java:232)
	at java.util.stream.ForEachOps$ForEachOp$OfRef.accept(ForEachOps.java:184)
	at java.util.ArrayList$ArrayListSpliterator.forEachRemaining(ArrayList.java:1382)
	at java.util.stream.AbstractPipeline.copyInto(AbstractPipeline.java:482)
	at java.util.stream.ForEachOps$ForEachTask.compute(ForEachOps.java:291)
	at java.util.concurrent.CountedCompleter.exec(CountedCompleter.java:731)
	at java.util.concurrent.ForkJoinTask.doExec(ForkJoinTask.java:289)
	at java.util.concurrent.ForkJoinTask.doInvoke(ForkJoinTask.java:401)
	at java.util.concurrent.ForkJoinTask.invoke(ForkJoinTask.java:734)
	at java.util.stream.ForEachOps$ForEachOp.evaluateParallel(ForEachOps.java:160)
	at java.util.stream.ForEachOps$ForEachOp$OfRef.evaluateParallel(ForEachOps.java:174)
	at java.util.stream.AbstractPipeline.evaluate(AbstractPipeline.java:233)
	at java.util.stream.ReferencePipeline.forEach(ReferencePipeline.java:418)
	at java.util.stream.ReferencePipeline$Head.forEach(ReferencePipeline.java:583)
	at org.apache.hadoop.hdds.scm.pipeline.RatisPipelineProvider.lambda$callRatisRpc$6(RatisPipelineProvider.java:226)
	at java.util.concurrent.ForkJoinTask$AdaptedRunnableAction.exec(ForkJoinTask.java:1386)
	at java.util.concurrent.ForkJoinTask.doExec(ForkJoinTask.java:289)
	at java.util.concurrent.ForkJoinPool$WorkQueue.runTask(ForkJoinPool.java:1056)
	at java.util.concurrent.ForkJoinPool.runWorker(ForkJoinPool.java:1692)
	at java.util.concurrent.ForkJoinWorkerThread.run(ForkJoinWorkerThread.java:157)
Caused by: org.apache.ratis.thirdparty.io.grpc.StatusRuntimeException: DEADLINE_EXCEEDED: deadline exceeded after 2999625889ns
	at org.apache.ratis.thirdparty.io.grpc.stub.ClientCalls.toStatusRuntimeException(ClientCalls.java:233)
	at org.apache.ratis.thirdparty.io.grpc.stub.ClientCalls.getUnchecked(ClientCalls.java:214)
	at org.apache.ratis.thirdparty.io.grpc.stub.ClientCalls.blockingUnaryCall(ClientCalls.java:139)
	at org.apache.ratis.proto.grpc.AdminProtocolServiceGrpc$AdminProtocolServiceBlockingStub.groupManagement(AdminProtocolServiceGrpc.java:274)
	at org.apache.ratis.grpc.client.GrpcClientProtocolClient.lambda$groupAdd$3(GrpcClientProtocolClient.java:140)
	at org.apache.ratis.grpc.client.GrpcClientProtocolClient.blockingCall(GrpcClientProtocolClient.java:167)
	... 25 more
2019-09-06 22:00:57,196 [RATISCREATEPIPELINE2] ERROR pipeline.RatisPipelineProvider (RatisPipelineProvider.java:lambda$null$5(236)) - Failed invoke Ratis rpc org.apache.hadoop.hdds.scm.pipeline.RatisPipelineProvider$$Lambda$172/1300682258@3b1505c4 for e4d22c93-acc0-432e-8ff6-ef453016530c
org.apache.ratis.protocol.TimeoutIOException: deadline exceeded after 2997819951ns
	at org.apache.ratis.grpc.GrpcUtil.tryUnwrapException(GrpcUtil.java:82)
	at org.apache.ratis.grpc.GrpcUtil.unwrapException(GrpcUtil.java:75)
	at org.apache.ratis.grpc.client.GrpcClientProtocolClient.blockingCall(GrpcClientProtocolClient.java:169)
	at org.apache.ratis.grpc.client.GrpcClientProtocolClient.groupAdd(GrpcClientProtocolClient.java:138)
	at org.apache.ratis.grpc.client.GrpcClientRpc.sendRequest(GrpcClientRpc.java:94)
	at org.apache.ratis.client.impl.RaftClientImpl.sendRequest(RaftClientImpl.java:279)
	at org.apache.ratis.client.impl.RaftClientImpl.groupAdd(RaftClientImpl.java:206)
	at org.apache.hadoop.hdds.scm.pipeline.RatisPipelineProvider.lambda$initializePipeline$4(RatisPipelineProvider.java:195)
	at org.apache.hadoop.hdds.scm.pipeline.RatisPipelineProvider.lambda$null$5(RatisPipelineProvider.java:232)
	at java.util.stream.ForEachOps$ForEachOp$OfRef.accept(ForEachOps.java:184)
	at java.util.ArrayList$ArrayListSpliterator.forEachRemaining(ArrayList.java:1382)
	at java.util.stream.AbstractPipeline.copyInto(AbstractPipeline.java:482)
	at java.util.stream.ForEachOps$ForEachTask.compute(ForEachOps.java:291)
	at java.util.concurrent.CountedCompleter.exec(CountedCompleter.java:731)
	at java.util.concurrent.ForkJoinTask.doExec(ForkJoinTask.java:289)
	at java.util.concurrent.ForkJoinPool$WorkQueue.runTask(ForkJoinPool.java:1056)
	at java.util.concurrent.ForkJoinPool.runWorker(ForkJoinPool.java:1692)
	at java.util.concurrent.ForkJoinWorkerThread.run(ForkJoinWorkerThread.java:157)
Caused by: org.apache.ratis.thirdparty.io.grpc.StatusRuntimeException: DEADLINE_EXCEEDED: deadline exceeded after 2997819951ns
	at org.apache.ratis.thirdparty.io.grpc.stub.ClientCalls.toStatusRuntimeException(ClientCalls.java:233)
	at org.apache.ratis.thirdparty.io.grpc.stub.ClientCalls.getUnchecked(ClientCalls.java:214)
	at org.apache.ratis.thirdparty.io.grpc.stub.ClientCalls.blockingUnaryCall(ClientCalls.java:139)
	at org.apache.ratis.proto.grpc.AdminProtocolServiceGrpc$AdminProtocolServiceBlockingStub.groupManagement(AdminProtocolServiceGrpc.java:274)
	at org.apache.ratis.grpc.client.GrpcClientProtocolClient.lambda$groupAdd$3(GrpcClientProtocolClient.java:140)
	at org.apache.ratis.grpc.client.GrpcClientProtocolClient.blockingCall(GrpcClientProtocolClient.java:167)
	... 15 more
2019-09-06 22:00:57,205 [IPC Server handler 2 on 34478] WARN  block.BlockManagerImpl (BlockManagerImpl.java:allocateBlock(192)) - Pipeline creation failed for type:RATIS factor:THREE. Retrying get pipelines call once.
org.apache.hadoop.io.MultipleIOException: 3 exceptions [java.io.IOException: Failed invoke Ratis rpc org.apache.hadoop.hdds.scm.pipeline.RatisPipelineProvider$$Lambda$172/1300682258@3b1505c4 for 5a50aa92-2737-4252-bffb-c8f2124676ea, java.io.IOException: Failed invoke Ratis rpc org.apache.hadoop.hdds.scm.pipeline.RatisPipelineProvider$$Lambda$172/1300682258@3b1505c4 for cabf754e-66c5-4603-8900-162c24b4db5c, java.io.IOException: Failed invoke Ratis rpc org.apache.hadoop.hdds.scm.pipeline.RatisPipelineProvider$$Lambda$172/1300682258@3b1505c4 for e4d22c93-acc0-432e-8ff6-ef453016530c]
	at org.apache.hadoop.io.MultipleIOException.createIOException(MultipleIOException.java:53)
	at org.apache.hadoop.hdds.scm.pipeline.RatisPipelineProvider.callRatisRpc(RatisPipelineProvider.java:252)
	at org.apache.hadoop.hdds.scm.pipeline.RatisPipelineProvider.initializePipeline(RatisPipelineProvider.java:193)
	at org.apache.hadoop.hdds.scm.pipeline.RatisPipelineProvider.create(RatisPipelineProvider.java:162)
	at org.apache.hadoop.hdds.scm.pipeline.PipelineFactory.create(PipelineFactory.java:57)
	at org.apache.hadoop.hdds.scm.pipeline.SCMPipelineManager.createPipeline(SCMPipelineManager.java:151)
	at org.apache.hadoop.hdds.scm.block.BlockManagerImpl.allocateBlock(BlockManagerImpl.java:190)
	at org.apache.hadoop.hdds.scm.server.SCMBlockProtocolServer.allocateBlock(SCMBlockProtocolServer.java:182)
	at org.apache.hadoop.ozone.protocolPB.ScmBlockLocationProtocolServerSideTranslatorPB.allocateScmBlock(ScmBlockLocationProtocolServerSideTranslatorPB.java:183)
	at org.apache.hadoop.ozone.protocolPB.ScmBlockLocationProtocolServerSideTranslatorPB.processMessage(ScmBlockLocationProtocolServerSideTranslatorPB.java:141)
	at org.apache.hadoop.ozone.protocolPB.ScmBlockLocationProtocolServerSideTranslatorPB.send(ScmBlockLocationProtocolServerSideTranslatorPB.java:116)
	at org.apache.hadoop.hdds.protocol.proto.ScmBlockLocationProtocolProtos$ScmBlockLocationProtocolService$2.callBlockingMethod(ScmBlockLocationProtocolProtos.java:13157)
	at org.apache.hadoop.ipc.ProtobufRpcEngine$Server$ProtoBufRpcInvoker.call(ProtobufRpcEngine.java:524)
	at org.apache.hadoop.ipc.RPC$Server.call(RPC.java:1025)
	at org.apache.hadoop.ipc.Server$RpcCall.run(Server.java:876)
	at org.apache.hadoop.ipc.Server$RpcCall.run(Server.java:822)
	at java.security.AccessController.doPrivileged(Native Method)
	at javax.security.auth.Subject.doAs(Subject.java:422)
	at org.apache.hadoop.security.UserGroupInformation.doAs(UserGroupInformation.java:1730)
	at org.apache.hadoop.ipc.Server$Handler.run(Server.java:2682)
2019-09-06 22:00:57,206 [IPC Server handler 2 on 34478] INFO  block.BlockManagerImpl (BlockManagerImpl.java:allocateBlock(198)) - Could not find available pipeline of type:RATIS and factor:THREE even after retrying
2019-09-06 22:00:57,206 [IPC Server handler 2 on 34478] ERROR block.BlockManagerImpl (BlockManagerImpl.java:allocateBlock(222)) - Unable to allocate a block for the size: 4194304, type: RATIS, factor: THREE
]]></system-out>
  </testcase>
  <testcase name="testSeekReadClosedFile" classname="org.apache.hadoop.fs.ozone.contract.ITestOzoneContractSeek" time="3.191">
    <error message="Allocated 0 blocks. Requested 1 blocks" type="INTERNAL_ERROR org.apache.hadoop.ozone.om.exceptions.OMException">INTERNAL_ERROR org.apache.hadoop.ozone.om.exceptions.OMException: Allocated 0 blocks. Requested 1 blocks
	at org.apache.hadoop.ozone.om.protocolPB.OzoneManagerProtocolClientSideTranslatorPB.handleError(OzoneManagerProtocolClientSideTranslatorPB.java:725)
	at org.apache.hadoop.ozone.om.protocolPB.OzoneManagerProtocolClientSideTranslatorPB.createFile(OzoneManagerProtocolClientSideTranslatorPB.java:1474)
	at org.apache.hadoop.ozone.client.rpc.RpcClient.createFile(RpcClient.java:984)
	at org.apache.hadoop.ozone.client.OzoneBucket.createFile(OzoneBucket.java:537)
	at org.apache.hadoop.fs.ozone.BasicOzoneClientAdapterImpl.createFile(BasicOzoneClientAdapterImpl.java:181)
	at org.apache.hadoop.fs.ozone.BasicOzoneFileSystem.createOutputStream(BasicOzoneFileSystem.java:249)
	at org.apache.hadoop.fs.ozone.BasicOzoneFileSystem.create(BasicOzoneFileSystem.java:230)
	at org.apache.hadoop.fs.FileSystem.create(FileSystem.java:1118)
	at org.apache.hadoop.fs.FileSystem.create(FileSystem.java:1098)
	at org.apache.hadoop.fs.FileSystem.create(FileSystem.java:987)
	at org.apache.hadoop.fs.contract.ContractTestUtils.createFile(ContractTestUtils.java:633)
	at org.apache.hadoop.fs.contract.AbstractContractSeekTest.setup(AbstractContractSeekTest.java:64)
	at sun.reflect.NativeMethodAccessorImpl.invoke0(Native Method)
	at sun.reflect.NativeMethodAccessorImpl.invoke(NativeMethodAccessorImpl.java:62)
	at sun.reflect.DelegatingMethodAccessorImpl.invoke(DelegatingMethodAccessorImpl.java:43)
	at java.lang.reflect.Method.invoke(Method.java:498)
	at org.junit.runners.model.FrameworkMethod$1.runReflectiveCall(FrameworkMethod.java:47)
	at org.junit.internal.runners.model.ReflectiveCallable.run(ReflectiveCallable.java:12)
	at org.junit.runners.model.FrameworkMethod.invokeExplosively(FrameworkMethod.java:44)
	at org.junit.internal.runners.statements.RunBefores.evaluate(RunBefores.java:24)
	at org.junit.internal.runners.statements.RunAfters.evaluate(RunAfters.java:27)
	at org.junit.rules.TestWatcher$1.evaluate(TestWatcher.java:55)
	at org.junit.internal.runners.statements.FailOnTimeout$StatementThread.run(FailOnTimeout.java:74)
</error>
    <system-out><![CDATA[2019-09-06 22:00:58,367 [Thread-254] INFO  rpc.RpcClient (RpcClient.java:createVolume(293)) - Creating Volume: volume69351, with user27382 as owner.
2019-09-06 22:00:58,369 [IPC Server handler 0 on 36227] INFO  volume.OMVolumeCreateRequest (OMVolumeCreateRequest.java:validateAndUpdateCache(189)) - created volume:volume69351 for user:user27382
2019-09-06 22:00:58,372 [Thread-254] INFO  rpc.RpcClient (RpcClient.java:createBucket(432)) - Creating Bucket: volume69351/bucket24773, with Versioning false and Storage Type set to DISK and Encryption set to false 
2019-09-06 22:00:58,435 [Thread-254] INFO  contract.AbstractFSContractTestBase (AbstractFSContractTestBase.java:setup(184)) - Test filesystem = o3fs://bucket24773.volume69351 implemented by OzoneFileSystem{URI=o3fs://bucket24773.volume69351, workingDir=o3fs://bucket24773.volume69351/user/jenkins1000, userName=jenkins1000, statistics=0 bytes read, 0 bytes written, 12 read ops, 0 large read ops, 8 write ops}
2019-09-06 22:00:58,461 [grpc-default-executor-4] INFO  impl.RaftServerProxy (RaftServerProxy.java:addNew(89)) - e4d22c93-acc0-432e-8ff6-ef453016530c: addNew group-B35610DCD0B6:[e4d22c93-acc0-432e-8ff6-ef453016530c:192.168.69.79:43075, 5a50aa92-2737-4252-bffb-c8f2124676ea:192.168.69.79:36465, cabf754e-66c5-4603-8900-162c24b4db5c:192.168.69.79:46375] returns group-B35610DCD0B6:java.util.concurrent.CompletableFuture@449caa01[Not completed]
2019-09-06 22:00:58,461 [grpc-default-executor-3] INFO  impl.RaftServerProxy (RaftServerProxy.java:addNew(89)) - 5a50aa92-2737-4252-bffb-c8f2124676ea: addNew group-B35610DCD0B6:[e4d22c93-acc0-432e-8ff6-ef453016530c:192.168.69.79:43075, 5a50aa92-2737-4252-bffb-c8f2124676ea:192.168.69.79:36465, cabf754e-66c5-4603-8900-162c24b4db5c:192.168.69.79:46375] returns group-B35610DCD0B6:java.util.concurrent.CompletableFuture@9605939[Not completed]
2019-09-06 22:00:58,461 [grpc-default-executor-0] INFO  impl.RaftServerProxy (RaftServerProxy.java:addNew(89)) - cabf754e-66c5-4603-8900-162c24b4db5c: addNew group-B35610DCD0B6:[e4d22c93-acc0-432e-8ff6-ef453016530c:192.168.69.79:43075, 5a50aa92-2737-4252-bffb-c8f2124676ea:192.168.69.79:36465, cabf754e-66c5-4603-8900-162c24b4db5c:192.168.69.79:46375] returns group-B35610DCD0B6:java.util.concurrent.CompletableFuture@37d48fd7[Not completed]
2019-09-06 22:00:58,775 [pool-67-thread-1] INFO  storage.RaftStorage (RaftStorage.java:format(72)) - Storage directory /workdir/hadoop-ozone/ozonefs/target/test-dir/MiniOzoneClusterImpl-ca11de5b-e8c1-48c0-9c71-bb1a3ae6d3ec/datanode-4/data/ratis/b021b3e9-87dd-4f7c-8fc0-5288f7bada5a has been successfully formatted.
2019-09-06 22:00:58,775 [pool-47-thread-1] INFO  storage.RaftStorage (RaftStorage.java:format(72)) - Storage directory /workdir/hadoop-ozone/ozonefs/target/test-dir/MiniOzoneClusterImpl-ca11de5b-e8c1-48c0-9c71-bb1a3ae6d3ec/datanode-2/data/ratis/b021b3e9-87dd-4f7c-8fc0-5288f7bada5a has been successfully formatted.
2019-09-06 22:00:58,775 [pool-37-thread-1] INFO  storage.RaftStorage (RaftStorage.java:format(72)) - Storage directory /workdir/hadoop-ozone/ozonefs/target/test-dir/MiniOzoneClusterImpl-ca11de5b-e8c1-48c0-9c71-bb1a3ae6d3ec/datanode-1/data/ratis/b021b3e9-87dd-4f7c-8fc0-5288f7bada5a has been successfully formatted.
2019-09-06 22:00:58,775 [pool-67-thread-1] INFO  ratis.ContainerStateMachine (ContainerStateMachine.java:loadSnapshot(227)) - group-5288F7BADA5A: The snapshot info is null. Setting the last applied indexto:(t:0, i:~)
2019-09-06 22:00:58,776 [pool-37-thread-1] INFO  ratis.ContainerStateMachine (ContainerStateMachine.java:loadSnapshot(227)) - group-5288F7BADA5A: The snapshot info is null. Setting the last applied indexto:(t:0, i:~)
2019-09-06 22:00:58,775 [pool-47-thread-1] INFO  ratis.ContainerStateMachine (ContainerStateMachine.java:loadSnapshot(227)) - group-5288F7BADA5A: The snapshot info is null. Setting the last applied indexto:(t:0, i:~)
2019-09-06 22:00:58,776 [pool-37-thread-1] INFO  server.RaftServerConfigKeys (ConfUtils.java:logGet(43)) - raft.server.leader.election.timeout = 120s (custom)
2019-09-06 22:00:58,776 [pool-67-thread-1] INFO  server.RaftServerConfigKeys (ConfUtils.java:logGet(43)) - raft.server.leader.election.timeout = 120s (custom)
2019-09-06 22:00:58,776 [pool-37-thread-1] INFO  server.RaftServerConfigKeys (ConfUtils.java:logGet(43)) - raft.server.log.use.memory = false (default)
2019-09-06 22:00:58,776 [pool-47-thread-1] INFO  server.RaftServerConfigKeys (ConfUtils.java:logGet(43)) - raft.server.leader.election.timeout = 120s (custom)
2019-09-06 22:00:58,777 [pool-37-thread-1] INFO  server.RaftServerConfigKeys (ConfUtils.java:logGet(43)) - raft.server.log.purge.gap = 1000000 (custom)
2019-09-06 22:00:58,776 [pool-67-thread-1] INFO  server.RaftServerConfigKeys (ConfUtils.java:logGet(43)) - raft.server.log.use.memory = false (default)
2019-09-06 22:00:58,777 [pool-37-thread-1] INFO  server.RaftServerConfigKeys (ConfUtils.java:logGet(43)) - raft.server.log.appender.buffer.byte-limit = 33554432 (custom)
2019-09-06 22:00:58,777 [pool-47-thread-1] INFO  server.RaftServerConfigKeys (ConfUtils.java:logGet(43)) - raft.server.log.use.memory = false (default)
2019-09-06 22:00:58,777 [pool-37-thread-1] INFO  server.RaftServerConfigKeys (ConfUtils.java:logGet(43)) - raft.server.log.segment.size.max = 1048576 (custom)
2019-09-06 22:00:58,777 [pool-67-thread-1] INFO  server.RaftServerConfigKeys (ConfUtils.java:logGet(43)) - raft.server.log.purge.gap = 1000000 (custom)
2019-09-06 22:00:58,778 [pool-37-thread-1] INFO  server.RaftServerConfigKeys (ConfUtils.java:logGet(43)) - raft.server.log.segment.cache.num.max = 2 (custom)
2019-09-06 22:00:58,777 [pool-47-thread-1] INFO  server.RaftServerConfigKeys (ConfUtils.java:logGet(43)) - raft.server.log.purge.gap = 1000000 (custom)
2019-09-06 22:00:58,778 [pool-37-thread-1] INFO  segmented.SegmentedRaftLogWorker (SegmentedRaftLogWorker.java:<init>(172)) - new 5a50aa92-2737-4252-bffb-c8f2124676ea-SegmentedRaftLogWorker:Storage Directory /workdir/hadoop-ozone/ozonefs/target/test-dir/MiniOzoneClusterImpl-ca11de5b-e8c1-48c0-9c71-bb1a3ae6d3ec/datanode-1/data/ratis/b021b3e9-87dd-4f7c-8fc0-5288f7bada5a for RaftStorage:Storage Directory /workdir/hadoop-ozone/ozonefs/target/test-dir/MiniOzoneClusterImpl-ca11de5b-e8c1-48c0-9c71-bb1a3ae6d3ec/datanode-1/data/ratis/b021b3e9-87dd-4f7c-8fc0-5288f7bada5a
2019-09-06 22:00:58,778 [pool-67-thread-1] INFO  server.RaftServerConfigKeys (ConfUtils.java:logGet(43)) - raft.server.log.appender.buffer.byte-limit = 33554432 (custom)
2019-09-06 22:00:58,778 [pool-37-thread-1] INFO  server.RaftServerConfigKeys (ConfUtils.java:logGet(43)) - raft.server.log.queue.byte-limit = 2147483647 (custom)
2019-09-06 22:00:58,778 [pool-47-thread-1] INFO  server.RaftServerConfigKeys (ConfUtils.java:logGet(43)) - raft.server.log.appender.buffer.byte-limit = 33554432 (custom)
2019-09-06 22:00:58,781 [pool-37-thread-1] INFO  server.RaftServerConfigKeys (ConfUtils.java:logGet(43)) - raft.server.log.queue.element-limit = 1024 (custom)
2019-09-06 22:00:58,781 [pool-67-thread-1] INFO  server.RaftServerConfigKeys (ConfUtils.java:logGet(43)) - raft.server.log.segment.size.max = 1048576 (custom)
2019-09-06 22:00:58,782 [pool-37-thread-1] INFO  server.RaftServerConfigKeys (ConfUtils.java:logGet(43)) - raft.server.log.segment.size.max = 1048576 (custom)
2019-09-06 22:00:58,782 [pool-47-thread-1] INFO  server.RaftServerConfigKeys (ConfUtils.java:logGet(43)) - raft.server.log.segment.size.max = 1048576 (custom)
2019-09-06 22:00:58,782 [pool-37-thread-1] INFO  server.RaftServerConfigKeys (ConfUtils.java:logGet(43)) - raft.server.log.preallocated.size = 16384 (custom)
2019-09-06 22:00:58,782 [pool-67-thread-1] INFO  server.RaftServerConfigKeys (ConfUtils.java:logGet(43)) - raft.server.log.segment.cache.num.max = 2 (custom)
2019-09-06 22:00:58,782 [pool-37-thread-1] INFO  server.RaftServerConfigKeys (ConfUtils.java:logGet(43)) - raft.server.log.write.buffer.size = 33554432 (custom)
2019-09-06 22:00:58,782 [pool-47-thread-1] INFO  server.RaftServerConfigKeys (ConfUtils.java:logGet(43)) - raft.server.log.segment.cache.num.max = 2 (custom)
2019-09-06 22:00:58,783 [pool-37-thread-1] INFO  server.RaftServerConfigKeys (ConfUtils.java:logGet(43)) - raft.server.log.force.sync.num = 128 (default)
2019-09-06 22:00:58,783 [pool-67-thread-1] INFO  segmented.SegmentedRaftLogWorker (SegmentedRaftLogWorker.java:<init>(172)) - new cabf754e-66c5-4603-8900-162c24b4db5c-SegmentedRaftLogWorker:Storage Directory /workdir/hadoop-ozone/ozonefs/target/test-dir/MiniOzoneClusterImpl-ca11de5b-e8c1-48c0-9c71-bb1a3ae6d3ec/datanode-4/data/ratis/b021b3e9-87dd-4f7c-8fc0-5288f7bada5a for RaftStorage:Storage Directory /workdir/hadoop-ozone/ozonefs/target/test-dir/MiniOzoneClusterImpl-ca11de5b-e8c1-48c0-9c71-bb1a3ae6d3ec/datanode-4/data/ratis/b021b3e9-87dd-4f7c-8fc0-5288f7bada5a
2019-09-06 22:00:58,783 [pool-37-thread-1] INFO  server.RaftServerConfigKeys (ConfUtils.java:logGet(43)) - raft.server.log.statemachine.data.sync = true (default)
2019-09-06 22:00:58,783 [pool-47-thread-1] INFO  segmented.SegmentedRaftLogWorker (SegmentedRaftLogWorker.java:<init>(172)) - new e4d22c93-acc0-432e-8ff6-ef453016530c-SegmentedRaftLogWorker:Storage Directory /workdir/hadoop-ozone/ozonefs/target/test-dir/MiniOzoneClusterImpl-ca11de5b-e8c1-48c0-9c71-bb1a3ae6d3ec/datanode-2/data/ratis/b021b3e9-87dd-4f7c-8fc0-5288f7bada5a for RaftStorage:Storage Directory /workdir/hadoop-ozone/ozonefs/target/test-dir/MiniOzoneClusterImpl-ca11de5b-e8c1-48c0-9c71-bb1a3ae6d3ec/datanode-2/data/ratis/b021b3e9-87dd-4f7c-8fc0-5288f7bada5a
2019-09-06 22:00:58,793 [pool-37-thread-1] INFO  server.RaftServerConfigKeys (ConfUtils.java:logGet(43)) - raft.server.log.statemachine.data.sync.timeout = 10s (default)
2019-09-06 22:00:58,783 [pool-67-thread-1] INFO  server.RaftServerConfigKeys (ConfUtils.java:logGet(43)) - raft.server.log.queue.byte-limit = 2147483647 (custom)
2019-09-06 22:00:58,795 [pool-37-thread-1] INFO  server.RaftServerConfigKeys (ConfUtils.java:logGet(43)) - raft.server.log.statemachine.data.sync.timeout.retry = -1 (default)
2019-09-06 22:00:58,794 [pool-47-thread-1] INFO  server.RaftServerConfigKeys (ConfUtils.java:logGet(43)) - raft.server.log.queue.byte-limit = 2147483647 (custom)
2019-09-06 22:00:58,796 [pool-37-thread-1] INFO  server.RaftServerConfigKeys (ConfUtils.java:logGet(43)) - raft.server.log.statemachine.data.caching.enabled = true (custom)
2019-09-06 22:00:58,796 [pool-67-thread-1] INFO  server.RaftServerConfigKeys (ConfUtils.java:logGet(43)) - raft.server.log.queue.element-limit = 1024 (custom)
2019-09-06 22:00:58,796 [pool-47-thread-1] INFO  server.RaftServerConfigKeys (ConfUtils.java:logGet(43)) - raft.server.log.queue.element-limit = 1024 (custom)
2019-09-06 22:00:58,796 [pool-37-thread-1] INFO  segmented.SegmentedRaftLogWorker (SegmentedRaftLogWorker.java:lambda$new$0(132)) - 5a50aa92-2737-4252-bffb-c8f2124676ea-SegmentedRaftLogWorker:Storage Directory /workdir/hadoop-ozone/ozonefs/target/test-dir/MiniOzoneClusterImpl-ca11de5b-e8c1-48c0-9c71-bb1a3ae6d3ec/datanode-1/data/ratis/b021b3e9-87dd-4f7c-8fc0-5288f7bada5a: flushIndex: setUnconditionally 0 -> -1
2019-09-06 22:00:58,796 [pool-67-thread-1] INFO  server.RaftServerConfigKeys (ConfUtils.java:logGet(43)) - raft.server.log.segment.size.max = 1048576 (custom)
2019-09-06 22:00:58,797 [pool-47-thread-1] INFO  server.RaftServerConfigKeys (ConfUtils.java:logGet(43)) - raft.server.log.segment.size.max = 1048576 (custom)
2019-09-06 22:00:58,797 [pool-67-thread-1] INFO  server.RaftServerConfigKeys (ConfUtils.java:logGet(43)) - raft.server.log.preallocated.size = 16384 (custom)
2019-09-06 22:00:58,797 [pool-47-thread-1] INFO  server.RaftServerConfigKeys (ConfUtils.java:logGet(43)) - raft.server.log.preallocated.size = 16384 (custom)
2019-09-06 22:00:58,797 [pool-37-thread-1] INFO  server.RaftServerConfigKeys (ConfUtils.java:logGet(43)) - raft.server.snapshot.auto.trigger.enabled = true (custom)
2019-09-06 22:00:58,797 [pool-47-thread-1] INFO  server.RaftServerConfigKeys (ConfUtils.java:logGet(43)) - raft.server.log.write.buffer.size = 33554432 (custom)
2019-09-06 22:00:58,797 [pool-67-thread-1] INFO  server.RaftServerConfigKeys (ConfUtils.java:logGet(43)) - raft.server.log.write.buffer.size = 33554432 (custom)
2019-09-06 22:00:58,798 [pool-47-thread-1] INFO  server.RaftServerConfigKeys (ConfUtils.java:logGet(43)) - raft.server.log.force.sync.num = 128 (default)
2019-09-06 22:00:58,797 [pool-37-thread-1] INFO  server.RaftServerConfigKeys (ConfUtils.java:logGet(43)) - raft.server.snapshot.auto.trigger.threshold = 10000 (custom)
2019-09-06 22:00:58,798 [pool-47-thread-1] INFO  server.RaftServerConfigKeys (ConfUtils.java:logGet(43)) - raft.server.log.statemachine.data.sync = true (default)
2019-09-06 22:00:58,798 [pool-67-thread-1] INFO  server.RaftServerConfigKeys (ConfUtils.java:logGet(43)) - raft.server.log.force.sync.num = 128 (default)
2019-09-06 22:00:58,798 [pool-47-thread-1] INFO  server.RaftServerConfigKeys (ConfUtils.java:logGet(43)) - raft.server.log.statemachine.data.sync.timeout = 10s (default)
2019-09-06 22:00:58,798 [pool-37-thread-1] INFO  server.RaftServerConfigKeys (ConfUtils.java:logGet(43)) - raft.server.retrycache.expirytime = 600000ms (custom)
2019-09-06 22:00:58,798 [pool-47-thread-1] INFO  server.RaftServerConfigKeys (ConfUtils.java:logGet(43)) - raft.server.log.statemachine.data.sync.timeout.retry = -1 (default)
2019-09-06 22:00:58,798 [pool-67-thread-1] INFO  server.RaftServerConfigKeys (ConfUtils.java:logGet(43)) - raft.server.log.statemachine.data.sync = true (default)
2019-09-06 22:00:58,799 [pool-47-thread-1] INFO  server.RaftServerConfigKeys (ConfUtils.java:logGet(43)) - raft.server.log.statemachine.data.caching.enabled = true (custom)
2019-09-06 22:00:58,799 [pool-67-thread-1] INFO  server.RaftServerConfigKeys (ConfUtils.java:logGet(43)) - raft.server.log.statemachine.data.sync.timeout = 10s (default)
2019-09-06 22:00:58,799 [pool-67-thread-1] INFO  server.RaftServerConfigKeys (ConfUtils.java:logGet(43)) - raft.server.log.statemachine.data.sync.timeout.retry = -1 (default)
2019-09-06 22:00:58,799 [pool-47-thread-1] INFO  segmented.SegmentedRaftLogWorker (SegmentedRaftLogWorker.java:lambda$new$0(132)) - e4d22c93-acc0-432e-8ff6-ef453016530c-SegmentedRaftLogWorker:Storage Directory /workdir/hadoop-ozone/ozonefs/target/test-dir/MiniOzoneClusterImpl-ca11de5b-e8c1-48c0-9c71-bb1a3ae6d3ec/datanode-2/data/ratis/b021b3e9-87dd-4f7c-8fc0-5288f7bada5a: flushIndex: setUnconditionally 0 -> -1
2019-09-06 22:00:58,799 [pool-67-thread-1] INFO  server.RaftServerConfigKeys (ConfUtils.java:logGet(43)) - raft.server.log.statemachine.data.caching.enabled = true (custom)
2019-09-06 22:00:58,800 [pool-47-thread-1] INFO  server.RaftServerConfigKeys (ConfUtils.java:logGet(43)) - raft.server.snapshot.auto.trigger.enabled = true (custom)
2019-09-06 22:00:58,800 [pool-67-thread-1] INFO  segmented.SegmentedRaftLogWorker (SegmentedRaftLogWorker.java:lambda$new$0(132)) - cabf754e-66c5-4603-8900-162c24b4db5c-SegmentedRaftLogWorker:Storage Directory /workdir/hadoop-ozone/ozonefs/target/test-dir/MiniOzoneClusterImpl-ca11de5b-e8c1-48c0-9c71-bb1a3ae6d3ec/datanode-4/data/ratis/b021b3e9-87dd-4f7c-8fc0-5288f7bada5a: flushIndex: setUnconditionally 0 -> -1
2019-09-06 22:00:58,800 [pool-47-thread-1] INFO  server.RaftServerConfigKeys (ConfUtils.java:logGet(43)) - raft.server.snapshot.auto.trigger.threshold = 10000 (custom)
2019-09-06 22:00:58,800 [pool-67-thread-1] INFO  server.RaftServerConfigKeys (ConfUtils.java:logGet(43)) - raft.server.snapshot.auto.trigger.enabled = true (custom)
2019-09-06 22:00:58,800 [pool-47-thread-1] INFO  server.RaftServerConfigKeys (ConfUtils.java:logGet(43)) - raft.server.retrycache.expirytime = 600000ms (custom)
2019-09-06 22:00:58,800 [pool-67-thread-1] INFO  server.RaftServerConfigKeys (ConfUtils.java:logGet(43)) - raft.server.snapshot.auto.trigger.threshold = 10000 (custom)
2019-09-06 22:00:58,801 [pool-67-thread-1] INFO  server.RaftServerConfigKeys (ConfUtils.java:logGet(43)) - raft.server.retrycache.expirytime = 600000ms (custom)
2019-09-06 22:00:58,801 [pool-37-thread-1] INFO  impl.RaftServerImpl (RaftServerImpl.java:<init>(93)) - 5a50aa92-2737-4252-bffb-c8f2124676ea: new RaftServerImpl for group-EEED52C9F798:[e4d22c93-acc0-432e-8ff6-ef453016530c:192.168.69.79:43075, 5a50aa92-2737-4252-bffb-c8f2124676ea:192.168.69.79:36465, cabf754e-66c5-4603-8900-162c24b4db5c:192.168.69.79:46375] with ContainerStateMachine:uninitialized
2019-09-06 22:00:58,801 [pool-37-thread-1] INFO  server.RaftServerConfigKeys (ConfUtils.java:logGet(43)) - raft.server.rpc.timeout.min = 5s (custom)
2019-09-06 22:00:58,801 [pool-37-thread-1] INFO  server.RaftServerConfigKeys (ConfUtils.java:logGet(43)) - raft.server.rpc.timeout.max = 5200ms (custom)
2019-09-06 22:00:58,801 [pool-37-thread-1] INFO  server.RaftServerConfigKeys (ConfUtils.java:logGet(43)) - raft.server.rpcslowness.timeout = 120s (custom)
2019-09-06 22:00:58,802 [pool-37-thread-1] INFO  server.RaftServerConfigKeys (ConfUtils.java:logGet(43)) - raft.server.sleep.deviation.threshold = 300 (default)
2019-09-06 22:00:58,802 [pool-37-thread-1] INFO  server.RaftServerConfigKeys (ConfUtils.java:logGet(43)) - raft.server.log.appender.install.snapshot.enabled = false (custom)
2019-09-06 22:00:58,802 [pool-37-thread-1] INFO  impl.RaftServerImpl (ServerState.java:<init>(105)) - 5a50aa92-2737-4252-bffb-c8f2124676ea:group-EEED52C9F798 ConfigurationManager, init=-1: [e4d22c93-acc0-432e-8ff6-ef453016530c:192.168.69.79:43075, 5a50aa92-2737-4252-bffb-c8f2124676ea:192.168.69.79:36465, cabf754e-66c5-4603-8900-162c24b4db5c:192.168.69.79:46375], old=null, confs=<EMPTY_MAP>
2019-09-06 22:00:58,802 [pool-37-thread-1] INFO  server.RaftServerConfigKeys (ConfUtils.java:logGet(43)) - raft.server.storage.dir = [/workdir/hadoop-ozone/ozonefs/target/test-dir/MiniOzoneClusterImpl-ca11de5b-e8c1-48c0-9c71-bb1a3ae6d3ec/datanode-1/data/ratis] (custom)
2019-09-06 22:00:58,802 [pool-47-thread-1] INFO  impl.RaftServerImpl (RaftServerImpl.java:<init>(93)) - e4d22c93-acc0-432e-8ff6-ef453016530c: new RaftServerImpl for group-EEED52C9F798:[e4d22c93-acc0-432e-8ff6-ef453016530c:192.168.69.79:43075, 5a50aa92-2737-4252-bffb-c8f2124676ea:192.168.69.79:36465, cabf754e-66c5-4603-8900-162c24b4db5c:192.168.69.79:46375] with ContainerStateMachine:uninitialized
2019-09-06 22:00:58,802 [pool-37-thread-1] INFO  storage.RaftStorageDirectory (RaftStorageDirectory.java:analyzeStorage(246)) - The storage directory /workdir/hadoop-ozone/ozonefs/target/test-dir/MiniOzoneClusterImpl-ca11de5b-e8c1-48c0-9c71-bb1a3ae6d3ec/datanode-1/data/ratis/3c614cff-1f5d-4ac4-b311-eeed52c9f798 does not exist. Creating ...
2019-09-06 22:00:58,803 [pool-47-thread-1] INFO  server.RaftServerConfigKeys (ConfUtils.java:logGet(43)) - raft.server.rpc.timeout.min = 5s (custom)
2019-09-06 22:00:58,803 [pool-47-thread-1] INFO  server.RaftServerConfigKeys (ConfUtils.java:logGet(43)) - raft.server.rpc.timeout.max = 5200ms (custom)
2019-09-06 22:00:58,803 [pool-47-thread-1] INFO  server.RaftServerConfigKeys (ConfUtils.java:logGet(43)) - raft.server.rpcslowness.timeout = 120s (custom)
2019-09-06 22:00:58,803 [pool-47-thread-1] INFO  server.RaftServerConfigKeys (ConfUtils.java:logGet(43)) - raft.server.sleep.deviation.threshold = 300 (default)
2019-09-06 22:00:58,803 [pool-67-thread-1] INFO  impl.RaftServerImpl (RaftServerImpl.java:<init>(93)) - cabf754e-66c5-4603-8900-162c24b4db5c: new RaftServerImpl for group-EEED52C9F798:[e4d22c93-acc0-432e-8ff6-ef453016530c:192.168.69.79:43075, 5a50aa92-2737-4252-bffb-c8f2124676ea:192.168.69.79:36465, cabf754e-66c5-4603-8900-162c24b4db5c:192.168.69.79:46375] with ContainerStateMachine:uninitialized
2019-09-06 22:00:58,803 [pool-47-thread-1] INFO  server.RaftServerConfigKeys (ConfUtils.java:logGet(43)) - raft.server.log.appender.install.snapshot.enabled = false (custom)
2019-09-06 22:00:58,804 [pool-67-thread-1] INFO  server.RaftServerConfigKeys (ConfUtils.java:logGet(43)) - raft.server.rpc.timeout.min = 5s (custom)
2019-09-06 22:00:58,804 [pool-47-thread-1] INFO  impl.RaftServerImpl (ServerState.java:<init>(105)) - e4d22c93-acc0-432e-8ff6-ef453016530c:group-EEED52C9F798 ConfigurationManager, init=-1: [e4d22c93-acc0-432e-8ff6-ef453016530c:192.168.69.79:43075, 5a50aa92-2737-4252-bffb-c8f2124676ea:192.168.69.79:36465, cabf754e-66c5-4603-8900-162c24b4db5c:192.168.69.79:46375], old=null, confs=<EMPTY_MAP>
2019-09-06 22:00:58,804 [pool-67-thread-1] INFO  server.RaftServerConfigKeys (ConfUtils.java:logGet(43)) - raft.server.rpc.timeout.max = 5200ms (custom)
2019-09-06 22:00:58,804 [pool-47-thread-1] INFO  server.RaftServerConfigKeys (ConfUtils.java:logGet(43)) - raft.server.storage.dir = [/workdir/hadoop-ozone/ozonefs/target/test-dir/MiniOzoneClusterImpl-ca11de5b-e8c1-48c0-9c71-bb1a3ae6d3ec/datanode-2/data/ratis] (custom)
2019-09-06 22:00:58,804 [pool-67-thread-1] INFO  server.RaftServerConfigKeys (ConfUtils.java:logGet(43)) - raft.server.rpcslowness.timeout = 120s (custom)
2019-09-06 22:00:58,804 [pool-67-thread-1] INFO  server.RaftServerConfigKeys (ConfUtils.java:logGet(43)) - raft.server.sleep.deviation.threshold = 300 (default)
2019-09-06 22:00:58,804 [pool-67-thread-1] INFO  server.RaftServerConfigKeys (ConfUtils.java:logGet(43)) - raft.server.log.appender.install.snapshot.enabled = false (custom)
2019-09-06 22:00:58,804 [pool-47-thread-1] INFO  storage.RaftStorageDirectory (RaftStorageDirectory.java:analyzeStorage(246)) - The storage directory /workdir/hadoop-ozone/ozonefs/target/test-dir/MiniOzoneClusterImpl-ca11de5b-e8c1-48c0-9c71-bb1a3ae6d3ec/datanode-2/data/ratis/3c614cff-1f5d-4ac4-b311-eeed52c9f798 does not exist. Creating ...
2019-09-06 22:00:58,805 [pool-67-thread-1] INFO  impl.RaftServerImpl (ServerState.java:<init>(105)) - cabf754e-66c5-4603-8900-162c24b4db5c:group-EEED52C9F798 ConfigurationManager, init=-1: [e4d22c93-acc0-432e-8ff6-ef453016530c:192.168.69.79:43075, 5a50aa92-2737-4252-bffb-c8f2124676ea:192.168.69.79:36465, cabf754e-66c5-4603-8900-162c24b4db5c:192.168.69.79:46375], old=null, confs=<EMPTY_MAP>
2019-09-06 22:00:58,805 [pool-67-thread-1] INFO  server.RaftServerConfigKeys (ConfUtils.java:logGet(43)) - raft.server.storage.dir = [/workdir/hadoop-ozone/ozonefs/target/test-dir/MiniOzoneClusterImpl-ca11de5b-e8c1-48c0-9c71-bb1a3ae6d3ec/datanode-4/data/ratis] (custom)
2019-09-06 22:00:58,805 [pool-67-thread-1] INFO  storage.RaftStorageDirectory (RaftStorageDirectory.java:analyzeStorage(246)) - The storage directory /workdir/hadoop-ozone/ozonefs/target/test-dir/MiniOzoneClusterImpl-ca11de5b-e8c1-48c0-9c71-bb1a3ae6d3ec/datanode-4/data/ratis/3c614cff-1f5d-4ac4-b311-eeed52c9f798 does not exist. Creating ...
2019-09-06 22:01:01,462 [RATISCREATEPIPELINE2] ERROR pipeline.RatisPipelineProvider (RatisPipelineProvider.java:lambda$null$5(236)) - Failed invoke Ratis rpc org.apache.hadoop.hdds.scm.pipeline.RatisPipelineProvider$$Lambda$172/1300682258@3d454e0a for e4d22c93-acc0-432e-8ff6-ef453016530c
org.apache.ratis.protocol.TimeoutIOException: deadline exceeded after 2997842725ns
	at org.apache.ratis.grpc.GrpcUtil.tryUnwrapException(GrpcUtil.java:82)
	at org.apache.ratis.grpc.GrpcUtil.unwrapException(GrpcUtil.java:75)
	at org.apache.ratis.grpc.client.GrpcClientProtocolClient.blockingCall(GrpcClientProtocolClient.java:169)
	at org.apache.ratis.grpc.client.GrpcClientProtocolClient.groupAdd(GrpcClientProtocolClient.java:138)
	at org.apache.ratis.grpc.client.GrpcClientRpc.sendRequest(GrpcClientRpc.java:94)
	at org.apache.ratis.client.impl.RaftClientImpl.sendRequest(RaftClientImpl.java:279)
	at org.apache.ratis.client.impl.RaftClientImpl.groupAdd(RaftClientImpl.java:206)
	at org.apache.hadoop.hdds.scm.pipeline.RatisPipelineProvider.lambda$initializePipeline$4(RatisPipelineProvider.java:195)
	at org.apache.hadoop.hdds.scm.pipeline.RatisPipelineProvider.lambda$null$5(RatisPipelineProvider.java:232)
	at java.util.stream.ForEachOps$ForEachOp$OfRef.accept(ForEachOps.java:184)
	at java.util.ArrayList$ArrayListSpliterator.forEachRemaining(ArrayList.java:1382)
	at java.util.stream.AbstractPipeline.copyInto(AbstractPipeline.java:482)
	at java.util.stream.ForEachOps$ForEachTask.compute(ForEachOps.java:291)
	at java.util.concurrent.CountedCompleter.exec(CountedCompleter.java:731)
	at java.util.concurrent.ForkJoinTask.doExec(ForkJoinTask.java:289)
	at java.util.concurrent.ForkJoinPool$WorkQueue.runTask(ForkJoinPool.java:1056)
	at java.util.concurrent.ForkJoinPool.runWorker(ForkJoinPool.java:1692)
	at java.util.concurrent.ForkJoinWorkerThread.run(ForkJoinWorkerThread.java:157)
Caused by: org.apache.ratis.thirdparty.io.grpc.StatusRuntimeException: DEADLINE_EXCEEDED: deadline exceeded after 2997842725ns
	at org.apache.ratis.thirdparty.io.grpc.stub.ClientCalls.toStatusRuntimeException(ClientCalls.java:233)
	at org.apache.ratis.thirdparty.io.grpc.stub.ClientCalls.getUnchecked(ClientCalls.java:214)
	at org.apache.ratis.thirdparty.io.grpc.stub.ClientCalls.blockingUnaryCall(ClientCalls.java:139)
	at org.apache.ratis.proto.grpc.AdminProtocolServiceGrpc$AdminProtocolServiceBlockingStub.groupManagement(AdminProtocolServiceGrpc.java:274)
	at org.apache.ratis.grpc.client.GrpcClientProtocolClient.lambda$groupAdd$3(GrpcClientProtocolClient.java:140)
	at org.apache.ratis.grpc.client.GrpcClientProtocolClient.blockingCall(GrpcClientProtocolClient.java:167)
	... 15 more
2019-09-06 22:01:01,462 [RATISCREATEPIPELINE1] ERROR pipeline.RatisPipelineProvider (RatisPipelineProvider.java:lambda$null$5(236)) - Failed invoke Ratis rpc org.apache.hadoop.hdds.scm.pipeline.RatisPipelineProvider$$Lambda$172/1300682258@3d454e0a for cabf754e-66c5-4603-8900-162c24b4db5c
org.apache.ratis.protocol.TimeoutIOException: deadline exceeded after 2994348942ns
	at org.apache.ratis.grpc.GrpcUtil.tryUnwrapException(GrpcUtil.java:82)
	at org.apache.ratis.grpc.GrpcUtil.unwrapException(GrpcUtil.java:75)
	at org.apache.ratis.grpc.client.GrpcClientProtocolClient.blockingCall(GrpcClientProtocolClient.java:169)
	at org.apache.ratis.grpc.client.GrpcClientProtocolClient.groupAdd(GrpcClientProtocolClient.java:138)
	at org.apache.ratis.grpc.client.GrpcClientRpc.sendRequest(GrpcClientRpc.java:94)
	at org.apache.ratis.client.impl.RaftClientImpl.sendRequest(RaftClientImpl.java:279)
	at org.apache.ratis.client.impl.RaftClientImpl.groupAdd(RaftClientImpl.java:206)
	at org.apache.hadoop.hdds.scm.pipeline.RatisPipelineProvider.lambda$initializePipeline$4(RatisPipelineProvider.java:195)
	at org.apache.hadoop.hdds.scm.pipeline.RatisPipelineProvider.lambda$null$5(RatisPipelineProvider.java:232)
	at java.util.stream.ForEachOps$ForEachOp$OfRef.accept(ForEachOps.java:184)
	at java.util.ArrayList$ArrayListSpliterator.forEachRemaining(ArrayList.java:1382)
	at java.util.stream.AbstractPipeline.copyInto(AbstractPipeline.java:482)
	at java.util.stream.ForEachOps$ForEachTask.compute(ForEachOps.java:291)
	at java.util.concurrent.CountedCompleter.exec(CountedCompleter.java:731)
	at java.util.concurrent.ForkJoinTask.doExec(ForkJoinTask.java:289)
	at java.util.concurrent.ForkJoinTask.doInvoke(ForkJoinTask.java:401)
	at java.util.concurrent.ForkJoinTask.invoke(ForkJoinTask.java:734)
	at java.util.stream.ForEachOps$ForEachOp.evaluateParallel(ForEachOps.java:160)
	at java.util.stream.ForEachOps$ForEachOp$OfRef.evaluateParallel(ForEachOps.java:174)
	at java.util.stream.AbstractPipeline.evaluate(AbstractPipeline.java:233)
	at java.util.stream.ReferencePipeline.forEach(ReferencePipeline.java:418)
	at java.util.stream.ReferencePipeline$Head.forEach(ReferencePipeline.java:583)
	at org.apache.hadoop.hdds.scm.pipeline.RatisPipelineProvider.lambda$callRatisRpc$6(RatisPipelineProvider.java:226)
	at java.util.concurrent.ForkJoinTask$AdaptedRunnableAction.exec(ForkJoinTask.java:1386)
	at java.util.concurrent.ForkJoinTask.doExec(ForkJoinTask.java:289)
	at java.util.concurrent.ForkJoinPool$WorkQueue.runTask(ForkJoinPool.java:1056)
	at java.util.concurrent.ForkJoinPool.runWorker(ForkJoinPool.java:1692)
	at java.util.concurrent.ForkJoinWorkerThread.run(ForkJoinWorkerThread.java:157)
Caused by: org.apache.ratis.thirdparty.io.grpc.StatusRuntimeException: DEADLINE_EXCEEDED: deadline exceeded after 2994348942ns
	at org.apache.ratis.thirdparty.io.grpc.stub.ClientCalls.toStatusRuntimeException(ClientCalls.java:233)
	at org.apache.ratis.thirdparty.io.grpc.stub.ClientCalls.getUnchecked(ClientCalls.java:214)
	at org.apache.ratis.thirdparty.io.grpc.stub.ClientCalls.blockingUnaryCall(ClientCalls.java:139)
	at org.apache.ratis.proto.grpc.AdminProtocolServiceGrpc$AdminProtocolServiceBlockingStub.groupManagement(AdminProtocolServiceGrpc.java:274)
	at org.apache.ratis.grpc.client.GrpcClientProtocolClient.lambda$groupAdd$3(GrpcClientProtocolClient.java:140)
	at org.apache.ratis.grpc.client.GrpcClientProtocolClient.blockingCall(GrpcClientProtocolClient.java:167)
	... 25 more
2019-09-06 22:01:01,479 [RATISCREATEPIPELINE3] ERROR pipeline.RatisPipelineProvider (RatisPipelineProvider.java:lambda$null$5(236)) - Failed invoke Ratis rpc org.apache.hadoop.hdds.scm.pipeline.RatisPipelineProvider$$Lambda$172/1300682258@3d454e0a for 5a50aa92-2737-4252-bffb-c8f2124676ea
org.apache.ratis.protocol.TimeoutIOException
	at org.apache.ratis.grpc.GrpcUtil.tryUnwrapException(GrpcUtil.java:82)
	at org.apache.ratis.grpc.GrpcUtil.unwrapException(GrpcUtil.java:75)
	at org.apache.ratis.grpc.client.GrpcClientProtocolClient.blockingCall(GrpcClientProtocolClient.java:169)
	at org.apache.ratis.grpc.client.GrpcClientProtocolClient.groupAdd(GrpcClientProtocolClient.java:138)
	at org.apache.ratis.grpc.client.GrpcClientRpc.sendRequest(GrpcClientRpc.java:94)
	at org.apache.ratis.client.impl.RaftClientImpl.sendRequest(RaftClientImpl.java:279)
	at org.apache.ratis.client.impl.RaftClientImpl.groupAdd(RaftClientImpl.java:206)
	at org.apache.hadoop.hdds.scm.pipeline.RatisPipelineProvider.lambda$initializePipeline$4(RatisPipelineProvider.java:195)
	at org.apache.hadoop.hdds.scm.pipeline.RatisPipelineProvider.lambda$null$5(RatisPipelineProvider.java:232)
	at java.util.stream.ForEachOps$ForEachOp$OfRef.accept(ForEachOps.java:184)
	at java.util.ArrayList$ArrayListSpliterator.forEachRemaining(ArrayList.java:1382)
	at java.util.stream.AbstractPipeline.copyInto(AbstractPipeline.java:482)
	at java.util.stream.ForEachOps$ForEachTask.compute(ForEachOps.java:291)
	at java.util.concurrent.CountedCompleter.exec(CountedCompleter.java:731)
	at java.util.concurrent.ForkJoinTask.doExec(ForkJoinTask.java:289)
	at java.util.concurrent.ForkJoinPool$WorkQueue.runTask(ForkJoinPool.java:1056)
	at java.util.concurrent.ForkJoinPool.runWorker(ForkJoinPool.java:1692)
	at java.util.concurrent.ForkJoinWorkerThread.run(ForkJoinWorkerThread.java:157)
Caused by: org.apache.ratis.thirdparty.io.grpc.StatusRuntimeException: DEADLINE_EXCEEDED
	at org.apache.ratis.thirdparty.io.grpc.stub.ClientCalls.toStatusRuntimeException(ClientCalls.java:233)
	at org.apache.ratis.thirdparty.io.grpc.stub.ClientCalls.getUnchecked(ClientCalls.java:214)
	at org.apache.ratis.thirdparty.io.grpc.stub.ClientCalls.blockingUnaryCall(ClientCalls.java:139)
	at org.apache.ratis.proto.grpc.AdminProtocolServiceGrpc$AdminProtocolServiceBlockingStub.groupManagement(AdminProtocolServiceGrpc.java:274)
	at org.apache.ratis.grpc.client.GrpcClientProtocolClient.lambda$groupAdd$3(GrpcClientProtocolClient.java:140)
	at org.apache.ratis.grpc.client.GrpcClientProtocolClient.blockingCall(GrpcClientProtocolClient.java:167)
	... 15 more
2019-09-06 22:01:01,480 [IPC Server handler 3 on 34478] WARN  block.BlockManagerImpl (BlockManagerImpl.java:allocateBlock(192)) - Pipeline creation failed for type:RATIS factor:THREE. Retrying get pipelines call once.
org.apache.hadoop.io.MultipleIOException: 3 exceptions [java.io.IOException: Failed invoke Ratis rpc org.apache.hadoop.hdds.scm.pipeline.RatisPipelineProvider$$Lambda$172/1300682258@3d454e0a for e4d22c93-acc0-432e-8ff6-ef453016530c, java.io.IOException: Failed invoke Ratis rpc org.apache.hadoop.hdds.scm.pipeline.RatisPipelineProvider$$Lambda$172/1300682258@3d454e0a for cabf754e-66c5-4603-8900-162c24b4db5c, java.io.IOException: Failed invoke Ratis rpc org.apache.hadoop.hdds.scm.pipeline.RatisPipelineProvider$$Lambda$172/1300682258@3d454e0a for 5a50aa92-2737-4252-bffb-c8f2124676ea]
	at org.apache.hadoop.io.MultipleIOException.createIOException(MultipleIOException.java:53)
	at org.apache.hadoop.hdds.scm.pipeline.RatisPipelineProvider.callRatisRpc(RatisPipelineProvider.java:252)
	at org.apache.hadoop.hdds.scm.pipeline.RatisPipelineProvider.initializePipeline(RatisPipelineProvider.java:193)
	at org.apache.hadoop.hdds.scm.pipeline.RatisPipelineProvider.create(RatisPipelineProvider.java:162)
	at org.apache.hadoop.hdds.scm.pipeline.PipelineFactory.create(PipelineFactory.java:57)
	at org.apache.hadoop.hdds.scm.pipeline.SCMPipelineManager.createPipeline(SCMPipelineManager.java:151)
	at org.apache.hadoop.hdds.scm.block.BlockManagerImpl.allocateBlock(BlockManagerImpl.java:190)
	at org.apache.hadoop.hdds.scm.server.SCMBlockProtocolServer.allocateBlock(SCMBlockProtocolServer.java:182)
	at org.apache.hadoop.ozone.protocolPB.ScmBlockLocationProtocolServerSideTranslatorPB.allocateScmBlock(ScmBlockLocationProtocolServerSideTranslatorPB.java:183)
	at org.apache.hadoop.ozone.protocolPB.ScmBlockLocationProtocolServerSideTranslatorPB.processMessage(ScmBlockLocationProtocolServerSideTranslatorPB.java:141)
	at org.apache.hadoop.ozone.protocolPB.ScmBlockLocationProtocolServerSideTranslatorPB.send(ScmBlockLocationProtocolServerSideTranslatorPB.java:116)
	at org.apache.hadoop.hdds.protocol.proto.ScmBlockLocationProtocolProtos$ScmBlockLocationProtocolService$2.callBlockingMethod(ScmBlockLocationProtocolProtos.java:13157)
	at org.apache.hadoop.ipc.ProtobufRpcEngine$Server$ProtoBufRpcInvoker.call(ProtobufRpcEngine.java:524)
	at org.apache.hadoop.ipc.RPC$Server.call(RPC.java:1025)
	at org.apache.hadoop.ipc.Server$RpcCall.run(Server.java:876)
	at org.apache.hadoop.ipc.Server$RpcCall.run(Server.java:822)
	at java.security.AccessController.doPrivileged(Native Method)
	at javax.security.auth.Subject.doAs(Subject.java:422)
	at org.apache.hadoop.security.UserGroupInformation.doAs(UserGroupInformation.java:1730)
	at org.apache.hadoop.ipc.Server$Handler.run(Server.java:2682)
2019-09-06 22:01:01,480 [IPC Server handler 3 on 34478] INFO  block.BlockManagerImpl (BlockManagerImpl.java:allocateBlock(198)) - Could not find available pipeline of type:RATIS and factor:THREE even after retrying
2019-09-06 22:01:01,480 [IPC Server handler 3 on 34478] ERROR block.BlockManagerImpl (BlockManagerImpl.java:allocateBlock(222)) - Unable to allocate a block for the size: 4194304, type: RATIS, factor: THREE
]]></system-out>
  </testcase>
  <testcase name="testReadFullyPastEOFZeroByteFile" classname="org.apache.hadoop.fs.ozone.contract.ITestOzoneContractSeek" time="3.216">
    <error message="Allocated 0 blocks. Requested 1 blocks" type="INTERNAL_ERROR org.apache.hadoop.ozone.om.exceptions.OMException">INTERNAL_ERROR org.apache.hadoop.ozone.om.exceptions.OMException: Allocated 0 blocks. Requested 1 blocks
	at org.apache.hadoop.ozone.om.protocolPB.OzoneManagerProtocolClientSideTranslatorPB.handleError(OzoneManagerProtocolClientSideTranslatorPB.java:725)
	at org.apache.hadoop.ozone.om.protocolPB.OzoneManagerProtocolClientSideTranslatorPB.createFile(OzoneManagerProtocolClientSideTranslatorPB.java:1474)
	at org.apache.hadoop.ozone.client.rpc.RpcClient.createFile(RpcClient.java:984)
	at org.apache.hadoop.ozone.client.OzoneBucket.createFile(OzoneBucket.java:537)
	at org.apache.hadoop.fs.ozone.BasicOzoneClientAdapterImpl.createFile(BasicOzoneClientAdapterImpl.java:181)
	at org.apache.hadoop.fs.ozone.BasicOzoneFileSystem.createOutputStream(BasicOzoneFileSystem.java:249)
	at org.apache.hadoop.fs.ozone.BasicOzoneFileSystem.create(BasicOzoneFileSystem.java:230)
	at org.apache.hadoop.fs.FileSystem.create(FileSystem.java:1118)
	at org.apache.hadoop.fs.FileSystem.create(FileSystem.java:1098)
	at org.apache.hadoop.fs.FileSystem.create(FileSystem.java:987)
	at org.apache.hadoop.fs.contract.ContractTestUtils.createFile(ContractTestUtils.java:633)
	at org.apache.hadoop.fs.contract.AbstractContractSeekTest.setup(AbstractContractSeekTest.java:64)
	at sun.reflect.NativeMethodAccessorImpl.invoke0(Native Method)
	at sun.reflect.NativeMethodAccessorImpl.invoke(NativeMethodAccessorImpl.java:62)
	at sun.reflect.DelegatingMethodAccessorImpl.invoke(DelegatingMethodAccessorImpl.java:43)
	at java.lang.reflect.Method.invoke(Method.java:498)
	at org.junit.runners.model.FrameworkMethod$1.runReflectiveCall(FrameworkMethod.java:47)
	at org.junit.internal.runners.model.ReflectiveCallable.run(ReflectiveCallable.java:12)
	at org.junit.runners.model.FrameworkMethod.invokeExplosively(FrameworkMethod.java:44)
	at org.junit.internal.runners.statements.RunBefores.evaluate(RunBefores.java:24)
	at org.junit.internal.runners.statements.RunAfters.evaluate(RunAfters.java:27)
	at org.junit.rules.TestWatcher$1.evaluate(TestWatcher.java:55)
	at org.junit.internal.runners.statements.FailOnTimeout$StatementThread.run(FailOnTimeout.java:74)
</error>
    <system-out><![CDATA[2019-09-06 22:01:01,610 [Thread-259] INFO  rpc.RpcClient (RpcClient.java:createVolume(293)) - Creating Volume: volume80857, with user09411 as owner.
2019-09-06 22:01:01,613 [IPC Server handler 18 on 36227] INFO  volume.OMVolumeCreateRequest (OMVolumeCreateRequest.java:validateAndUpdateCache(189)) - created volume:volume80857 for user:user09411
2019-09-06 22:01:01,615 [Thread-259] INFO  rpc.RpcClient (RpcClient.java:createBucket(432)) - Creating Bucket: volume80857/bucket01791, with Versioning false and Storage Type set to DISK and Encryption set to false 
2019-09-06 22:01:01,667 [Thread-259] INFO  contract.AbstractFSContractTestBase (AbstractFSContractTestBase.java:setup(184)) - Test filesystem = o3fs://bucket01791.volume80857 implemented by OzoneFileSystem{URI=o3fs://bucket01791.volume80857, workingDir=o3fs://bucket01791.volume80857/user/jenkins1000, userName=jenkins1000, statistics=0 bytes read, 0 bytes written, 15 read ops, 0 large read ops, 10 write ops}
2019-09-06 22:01:01,695 [grpc-default-executor-4] INFO  impl.RaftServerProxy (RaftServerProxy.java:addNew(89)) - e4d22c93-acc0-432e-8ff6-ef453016530c: addNew group-073B012ACB57:[e4d22c93-acc0-432e-8ff6-ef453016530c:192.168.69.79:43075, 5a50aa92-2737-4252-bffb-c8f2124676ea:192.168.69.79:36465, cabf754e-66c5-4603-8900-162c24b4db5c:192.168.69.79:46375] returns group-073B012ACB57:java.util.concurrent.CompletableFuture@3f5b55d8[Not completed]
2019-09-06 22:01:01,696 [grpc-default-executor-2] INFO  impl.RaftServerProxy (RaftServerProxy.java:addNew(89)) - cabf754e-66c5-4603-8900-162c24b4db5c: addNew group-073B012ACB57:[e4d22c93-acc0-432e-8ff6-ef453016530c:192.168.69.79:43075, 5a50aa92-2737-4252-bffb-c8f2124676ea:192.168.69.79:36465, cabf754e-66c5-4603-8900-162c24b4db5c:192.168.69.79:46375] returns group-073B012ACB57:java.util.concurrent.CompletableFuture@289db8b9[Not completed]
2019-09-06 22:01:01,696 [grpc-default-executor-3] INFO  impl.RaftServerProxy (RaftServerProxy.java:addNew(89)) - 5a50aa92-2737-4252-bffb-c8f2124676ea: addNew group-073B012ACB57:[e4d22c93-acc0-432e-8ff6-ef453016530c:192.168.69.79:43075, 5a50aa92-2737-4252-bffb-c8f2124676ea:192.168.69.79:36465, cabf754e-66c5-4603-8900-162c24b4db5c:192.168.69.79:46375] returns group-073B012ACB57:java.util.concurrent.CompletableFuture@464a3f4f[Not completed]
2019-09-06 22:01:02,140 [pool-47-thread-1] INFO  storage.RaftStorageDirectory (RaftStorageDirectory.java:tryLock(328)) - Lock on /workdir/hadoop-ozone/ozonefs/target/test-dir/MiniOzoneClusterImpl-ca11de5b-e8c1-48c0-9c71-bb1a3ae6d3ec/datanode-2/data/ratis/3c614cff-1f5d-4ac4-b311-eeed52c9f798/in_use.lock acquired by nodename 3576@pr-hdds-2087-j7wfl-3989464410
2019-09-06 22:01:02,140 [pool-67-thread-1] INFO  storage.RaftStorageDirectory (RaftStorageDirectory.java:tryLock(328)) - Lock on /workdir/hadoop-ozone/ozonefs/target/test-dir/MiniOzoneClusterImpl-ca11de5b-e8c1-48c0-9c71-bb1a3ae6d3ec/datanode-4/data/ratis/3c614cff-1f5d-4ac4-b311-eeed52c9f798/in_use.lock acquired by nodename 3576@pr-hdds-2087-j7wfl-3989464410
2019-09-06 22:01:02,140 [pool-37-thread-1] INFO  storage.RaftStorageDirectory (RaftStorageDirectory.java:tryLock(328)) - Lock on /workdir/hadoop-ozone/ozonefs/target/test-dir/MiniOzoneClusterImpl-ca11de5b-e8c1-48c0-9c71-bb1a3ae6d3ec/datanode-1/data/ratis/3c614cff-1f5d-4ac4-b311-eeed52c9f798/in_use.lock acquired by nodename 3576@pr-hdds-2087-j7wfl-3989464410
2019-09-06 22:01:02,723 [pool-47-thread-1] INFO  storage.RaftStorage (RaftStorage.java:format(72)) - Storage directory /workdir/hadoop-ozone/ozonefs/target/test-dir/MiniOzoneClusterImpl-ca11de5b-e8c1-48c0-9c71-bb1a3ae6d3ec/datanode-2/data/ratis/3c614cff-1f5d-4ac4-b311-eeed52c9f798 has been successfully formatted.
2019-09-06 22:01:02,723 [pool-37-thread-1] INFO  storage.RaftStorage (RaftStorage.java:format(72)) - Storage directory /workdir/hadoop-ozone/ozonefs/target/test-dir/MiniOzoneClusterImpl-ca11de5b-e8c1-48c0-9c71-bb1a3ae6d3ec/datanode-1/data/ratis/3c614cff-1f5d-4ac4-b311-eeed52c9f798 has been successfully formatted.
2019-09-06 22:01:02,723 [pool-67-thread-1] INFO  storage.RaftStorage (RaftStorage.java:format(72)) - Storage directory /workdir/hadoop-ozone/ozonefs/target/test-dir/MiniOzoneClusterImpl-ca11de5b-e8c1-48c0-9c71-bb1a3ae6d3ec/datanode-4/data/ratis/3c614cff-1f5d-4ac4-b311-eeed52c9f798 has been successfully formatted.
2019-09-06 22:01:02,724 [pool-47-thread-1] INFO  ratis.ContainerStateMachine (ContainerStateMachine.java:loadSnapshot(227)) - group-EEED52C9F798: The snapshot info is null. Setting the last applied indexto:(t:0, i:~)
2019-09-06 22:01:02,724 [pool-67-thread-1] INFO  ratis.ContainerStateMachine (ContainerStateMachine.java:loadSnapshot(227)) - group-EEED52C9F798: The snapshot info is null. Setting the last applied indexto:(t:0, i:~)
2019-09-06 22:01:02,724 [pool-37-thread-1] INFO  ratis.ContainerStateMachine (ContainerStateMachine.java:loadSnapshot(227)) - group-EEED52C9F798: The snapshot info is null. Setting the last applied indexto:(t:0, i:~)
2019-09-06 22:01:02,724 [pool-67-thread-1] INFO  server.RaftServerConfigKeys (ConfUtils.java:logGet(43)) - raft.server.leader.election.timeout = 120s (custom)
2019-09-06 22:01:02,724 [pool-47-thread-1] INFO  server.RaftServerConfigKeys (ConfUtils.java:logGet(43)) - raft.server.leader.election.timeout = 120s (custom)
2019-09-06 22:01:02,725 [pool-67-thread-1] INFO  server.RaftServerConfigKeys (ConfUtils.java:logGet(43)) - raft.server.log.use.memory = false (default)
2019-09-06 22:01:02,724 [pool-37-thread-1] INFO  server.RaftServerConfigKeys (ConfUtils.java:logGet(43)) - raft.server.leader.election.timeout = 120s (custom)
2019-09-06 22:01:02,725 [pool-67-thread-1] INFO  server.RaftServerConfigKeys (ConfUtils.java:logGet(43)) - raft.server.log.purge.gap = 1000000 (custom)
2019-09-06 22:01:02,725 [pool-47-thread-1] INFO  server.RaftServerConfigKeys (ConfUtils.java:logGet(43)) - raft.server.log.use.memory = false (default)
2019-09-06 22:01:02,725 [pool-67-thread-1] INFO  server.RaftServerConfigKeys (ConfUtils.java:logGet(43)) - raft.server.log.appender.buffer.byte-limit = 33554432 (custom)
2019-09-06 22:01:02,725 [pool-37-thread-1] INFO  server.RaftServerConfigKeys (ConfUtils.java:logGet(43)) - raft.server.log.use.memory = false (default)
2019-09-06 22:01:02,725 [pool-67-thread-1] INFO  server.RaftServerConfigKeys (ConfUtils.java:logGet(43)) - raft.server.log.segment.size.max = 1048576 (custom)
2019-09-06 22:01:02,725 [pool-47-thread-1] INFO  server.RaftServerConfigKeys (ConfUtils.java:logGet(43)) - raft.server.log.purge.gap = 1000000 (custom)
2019-09-06 22:01:02,726 [pool-67-thread-1] INFO  server.RaftServerConfigKeys (ConfUtils.java:logGet(43)) - raft.server.log.segment.cache.num.max = 2 (custom)
2019-09-06 22:01:02,726 [pool-37-thread-1] INFO  server.RaftServerConfigKeys (ConfUtils.java:logGet(43)) - raft.server.log.purge.gap = 1000000 (custom)
2019-09-06 22:01:02,726 [pool-67-thread-1] INFO  segmented.SegmentedRaftLogWorker (SegmentedRaftLogWorker.java:<init>(172)) - new cabf754e-66c5-4603-8900-162c24b4db5c-SegmentedRaftLogWorker:Storage Directory /workdir/hadoop-ozone/ozonefs/target/test-dir/MiniOzoneClusterImpl-ca11de5b-e8c1-48c0-9c71-bb1a3ae6d3ec/datanode-4/data/ratis/3c614cff-1f5d-4ac4-b311-eeed52c9f798 for RaftStorage:Storage Directory /workdir/hadoop-ozone/ozonefs/target/test-dir/MiniOzoneClusterImpl-ca11de5b-e8c1-48c0-9c71-bb1a3ae6d3ec/datanode-4/data/ratis/3c614cff-1f5d-4ac4-b311-eeed52c9f798
2019-09-06 22:01:02,726 [pool-47-thread-1] INFO  server.RaftServerConfigKeys (ConfUtils.java:logGet(43)) - raft.server.log.appender.buffer.byte-limit = 33554432 (custom)
2019-09-06 22:01:02,726 [pool-67-thread-1] INFO  server.RaftServerConfigKeys (ConfUtils.java:logGet(43)) - raft.server.log.queue.byte-limit = 2147483647 (custom)
2019-09-06 22:01:02,726 [pool-37-thread-1] INFO  server.RaftServerConfigKeys (ConfUtils.java:logGet(43)) - raft.server.log.appender.buffer.byte-limit = 33554432 (custom)
2019-09-06 22:01:02,729 [pool-67-thread-1] INFO  server.RaftServerConfigKeys (ConfUtils.java:logGet(43)) - raft.server.log.queue.element-limit = 1024 (custom)
2019-09-06 22:01:02,729 [pool-47-thread-1] INFO  server.RaftServerConfigKeys (ConfUtils.java:logGet(43)) - raft.server.log.segment.size.max = 1048576 (custom)
2019-09-06 22:01:02,729 [pool-67-thread-1] INFO  server.RaftServerConfigKeys (ConfUtils.java:logGet(43)) - raft.server.log.segment.size.max = 1048576 (custom)
2019-09-06 22:01:02,729 [pool-37-thread-1] INFO  server.RaftServerConfigKeys (ConfUtils.java:logGet(43)) - raft.server.log.segment.size.max = 1048576 (custom)
2019-09-06 22:01:02,729 [pool-67-thread-1] INFO  server.RaftServerConfigKeys (ConfUtils.java:logGet(43)) - raft.server.log.preallocated.size = 16384 (custom)
2019-09-06 22:01:02,729 [pool-47-thread-1] INFO  server.RaftServerConfigKeys (ConfUtils.java:logGet(43)) - raft.server.log.segment.cache.num.max = 2 (custom)
2019-09-06 22:01:02,729 [pool-67-thread-1] INFO  server.RaftServerConfigKeys (ConfUtils.java:logGet(43)) - raft.server.log.write.buffer.size = 33554432 (custom)
2019-09-06 22:01:02,729 [pool-37-thread-1] INFO  server.RaftServerConfigKeys (ConfUtils.java:logGet(43)) - raft.server.log.segment.cache.num.max = 2 (custom)
2019-09-06 22:01:02,730 [pool-67-thread-1] INFO  server.RaftServerConfigKeys (ConfUtils.java:logGet(43)) - raft.server.log.force.sync.num = 128 (default)
2019-09-06 22:01:02,730 [pool-47-thread-1] INFO  segmented.SegmentedRaftLogWorker (SegmentedRaftLogWorker.java:<init>(172)) - new e4d22c93-acc0-432e-8ff6-ef453016530c-SegmentedRaftLogWorker:Storage Directory /workdir/hadoop-ozone/ozonefs/target/test-dir/MiniOzoneClusterImpl-ca11de5b-e8c1-48c0-9c71-bb1a3ae6d3ec/datanode-2/data/ratis/3c614cff-1f5d-4ac4-b311-eeed52c9f798 for RaftStorage:Storage Directory /workdir/hadoop-ozone/ozonefs/target/test-dir/MiniOzoneClusterImpl-ca11de5b-e8c1-48c0-9c71-bb1a3ae6d3ec/datanode-2/data/ratis/3c614cff-1f5d-4ac4-b311-eeed52c9f798
2019-09-06 22:01:02,730 [pool-67-thread-1] INFO  server.RaftServerConfigKeys (ConfUtils.java:logGet(43)) - raft.server.log.statemachine.data.sync = true (default)
2019-09-06 22:01:02,730 [pool-37-thread-1] INFO  segmented.SegmentedRaftLogWorker (SegmentedRaftLogWorker.java:<init>(172)) - new 5a50aa92-2737-4252-bffb-c8f2124676ea-SegmentedRaftLogWorker:Storage Directory /workdir/hadoop-ozone/ozonefs/target/test-dir/MiniOzoneClusterImpl-ca11de5b-e8c1-48c0-9c71-bb1a3ae6d3ec/datanode-1/data/ratis/3c614cff-1f5d-4ac4-b311-eeed52c9f798 for RaftStorage:Storage Directory /workdir/hadoop-ozone/ozonefs/target/test-dir/MiniOzoneClusterImpl-ca11de5b-e8c1-48c0-9c71-bb1a3ae6d3ec/datanode-1/data/ratis/3c614cff-1f5d-4ac4-b311-eeed52c9f798
2019-09-06 22:01:02,730 [pool-67-thread-1] INFO  server.RaftServerConfigKeys (ConfUtils.java:logGet(43)) - raft.server.log.statemachine.data.sync.timeout = 10s (default)
2019-09-06 22:01:02,730 [pool-47-thread-1] INFO  server.RaftServerConfigKeys (ConfUtils.java:logGet(43)) - raft.server.log.queue.byte-limit = 2147483647 (custom)
2019-09-06 22:01:02,732 [pool-67-thread-1] INFO  server.RaftServerConfigKeys (ConfUtils.java:logGet(43)) - raft.server.log.statemachine.data.sync.timeout.retry = -1 (default)
2019-09-06 22:01:02,732 [pool-37-thread-1] INFO  server.RaftServerConfigKeys (ConfUtils.java:logGet(43)) - raft.server.log.queue.byte-limit = 2147483647 (custom)
2019-09-06 22:01:02,734 [pool-67-thread-1] INFO  server.RaftServerConfigKeys (ConfUtils.java:logGet(43)) - raft.server.log.statemachine.data.caching.enabled = true (custom)
2019-09-06 22:01:02,733 [pool-47-thread-1] INFO  server.RaftServerConfigKeys (ConfUtils.java:logGet(43)) - raft.server.log.queue.element-limit = 1024 (custom)
2019-09-06 22:01:02,734 [pool-37-thread-1] INFO  server.RaftServerConfigKeys (ConfUtils.java:logGet(43)) - raft.server.log.queue.element-limit = 1024 (custom)
2019-09-06 22:01:02,734 [pool-47-thread-1] INFO  server.RaftServerConfigKeys (ConfUtils.java:logGet(43)) - raft.server.log.segment.size.max = 1048576 (custom)
2019-09-06 22:01:02,734 [pool-67-thread-1] INFO  segmented.SegmentedRaftLogWorker (SegmentedRaftLogWorker.java:lambda$new$0(132)) - cabf754e-66c5-4603-8900-162c24b4db5c-SegmentedRaftLogWorker:Storage Directory /workdir/hadoop-ozone/ozonefs/target/test-dir/MiniOzoneClusterImpl-ca11de5b-e8c1-48c0-9c71-bb1a3ae6d3ec/datanode-4/data/ratis/3c614cff-1f5d-4ac4-b311-eeed52c9f798: flushIndex: setUnconditionally 0 -> -1
2019-09-06 22:01:02,735 [pool-47-thread-1] INFO  server.RaftServerConfigKeys (ConfUtils.java:logGet(43)) - raft.server.log.preallocated.size = 16384 (custom)
2019-09-06 22:01:02,734 [pool-37-thread-1] INFO  server.RaftServerConfigKeys (ConfUtils.java:logGet(43)) - raft.server.log.segment.size.max = 1048576 (custom)
2019-09-06 22:01:02,735 [pool-47-thread-1] INFO  server.RaftServerConfigKeys (ConfUtils.java:logGet(43)) - raft.server.log.write.buffer.size = 33554432 (custom)
2019-09-06 22:01:02,735 [pool-67-thread-1] INFO  server.RaftServerConfigKeys (ConfUtils.java:logGet(43)) - raft.server.snapshot.auto.trigger.enabled = true (custom)
2019-09-06 22:01:02,735 [pool-47-thread-1] INFO  server.RaftServerConfigKeys (ConfUtils.java:logGet(43)) - raft.server.log.force.sync.num = 128 (default)
2019-09-06 22:01:02,735 [pool-37-thread-1] INFO  server.RaftServerConfigKeys (ConfUtils.java:logGet(43)) - raft.server.log.preallocated.size = 16384 (custom)
2019-09-06 22:01:02,735 [pool-47-thread-1] INFO  server.RaftServerConfigKeys (ConfUtils.java:logGet(43)) - raft.server.log.statemachine.data.sync = true (default)
2019-09-06 22:01:02,735 [pool-67-thread-1] INFO  server.RaftServerConfigKeys (ConfUtils.java:logGet(43)) - raft.server.snapshot.auto.trigger.threshold = 10000 (custom)
2019-09-06 22:01:02,736 [pool-47-thread-1] INFO  server.RaftServerConfigKeys (ConfUtils.java:logGet(43)) - raft.server.log.statemachine.data.sync.timeout = 10s (default)
2019-09-06 22:01:02,736 [pool-37-thread-1] INFO  server.RaftServerConfigKeys (ConfUtils.java:logGet(43)) - raft.server.log.write.buffer.size = 33554432 (custom)
2019-09-06 22:01:02,736 [pool-47-thread-1] INFO  server.RaftServerConfigKeys (ConfUtils.java:logGet(43)) - raft.server.log.statemachine.data.sync.timeout.retry = -1 (default)
2019-09-06 22:01:02,736 [pool-67-thread-1] INFO  server.RaftServerConfigKeys (ConfUtils.java:logGet(43)) - raft.server.retrycache.expirytime = 600000ms (custom)
2019-09-06 22:01:02,736 [pool-37-thread-1] INFO  server.RaftServerConfigKeys (ConfUtils.java:logGet(43)) - raft.server.log.force.sync.num = 128 (default)
2019-09-06 22:01:02,737 [pool-67-thread-1] INFO  impl.RaftServerImpl (RaftServerImpl.java:start(180)) - cabf754e-66c5-4603-8900-162c24b4db5c: start group-677E93E50466
2019-09-06 22:01:02,736 [pool-47-thread-1] INFO  server.RaftServerConfigKeys (ConfUtils.java:logGet(43)) - raft.server.log.statemachine.data.caching.enabled = true (custom)
2019-09-06 22:01:02,737 [pool-67-thread-1] INFO  impl.RaftServerImpl (RaftServerImpl.java:setRole(171)) - cabf754e-66c5-4603-8900-162c24b4db5c:group-677E93E50466 changes role from null to FOLLOWER at term 0 for startAsFollower
2019-09-06 22:01:02,737 [pool-37-thread-1] INFO  server.RaftServerConfigKeys (ConfUtils.java:logGet(43)) - raft.server.log.statemachine.data.sync = true (default)
2019-09-06 22:01:02,737 [pool-47-thread-1] INFO  segmented.SegmentedRaftLogWorker (SegmentedRaftLogWorker.java:lambda$new$0(132)) - e4d22c93-acc0-432e-8ff6-ef453016530c-SegmentedRaftLogWorker:Storage Directory /workdir/hadoop-ozone/ozonefs/target/test-dir/MiniOzoneClusterImpl-ca11de5b-e8c1-48c0-9c71-bb1a3ae6d3ec/datanode-2/data/ratis/3c614cff-1f5d-4ac4-b311-eeed52c9f798: flushIndex: setUnconditionally 0 -> -1
2019-09-06 22:01:02,737 [pool-67-thread-1] INFO  impl.RoleInfo (RoleInfo.java:updateAndGet(143)) - cabf754e-66c5-4603-8900-162c24b4db5c: start FollowerState
2019-09-06 22:01:02,737 [pool-37-thread-1] INFO  server.RaftServerConfigKeys (ConfUtils.java:logGet(43)) - raft.server.log.statemachine.data.sync.timeout = 10s (default)
2019-09-06 22:01:02,738 [pool-47-thread-1] INFO  server.RaftServerConfigKeys (ConfUtils.java:logGet(43)) - raft.server.snapshot.auto.trigger.enabled = true (custom)
2019-09-06 22:01:02,738 [pool-37-thread-1] INFO  server.RaftServerConfigKeys (ConfUtils.java:logGet(43)) - raft.server.log.statemachine.data.sync.timeout.retry = -1 (default)
2019-09-06 22:01:02,738 [pool-47-thread-1] INFO  server.RaftServerConfigKeys (ConfUtils.java:logGet(43)) - raft.server.snapshot.auto.trigger.threshold = 10000 (custom)
2019-09-06 22:01:02,738 [pool-67-thread-1] INFO  util.JmxRegister (JmxRegister.java:tryRegister(44)) - Successfully registered JMX Bean with object name Ratis:service=RaftServer,group=group-677E93E50466,id=cabf754e-66c5-4603-8900-162c24b4db5c
2019-09-06 22:01:02,738 [pool-47-thread-1] INFO  server.RaftServerConfigKeys (ConfUtils.java:logGet(43)) - raft.server.retrycache.expirytime = 600000ms (custom)
2019-09-06 22:01:02,738 [pool-37-thread-1] INFO  server.RaftServerConfigKeys (ConfUtils.java:logGet(43)) - raft.server.log.statemachine.data.caching.enabled = true (custom)
2019-09-06 22:01:02,739 [pool-47-thread-1] INFO  impl.RaftServerImpl (RaftServerImpl.java:start(180)) - e4d22c93-acc0-432e-8ff6-ef453016530c: start group-677E93E50466
2019-09-06 22:01:02,739 [pool-47-thread-1] INFO  impl.RaftServerImpl (RaftServerImpl.java:setRole(171)) - e4d22c93-acc0-432e-8ff6-ef453016530c:group-677E93E50466 changes role from null to FOLLOWER at term 0 for startAsFollower
2019-09-06 22:01:02,739 [pool-37-thread-1] INFO  segmented.SegmentedRaftLogWorker (SegmentedRaftLogWorker.java:lambda$new$0(132)) - 5a50aa92-2737-4252-bffb-c8f2124676ea-SegmentedRaftLogWorker:Storage Directory /workdir/hadoop-ozone/ozonefs/target/test-dir/MiniOzoneClusterImpl-ca11de5b-e8c1-48c0-9c71-bb1a3ae6d3ec/datanode-1/data/ratis/3c614cff-1f5d-4ac4-b311-eeed52c9f798: flushIndex: setUnconditionally 0 -> -1
2019-09-06 22:01:02,739 [pool-47-thread-1] INFO  impl.RoleInfo (RoleInfo.java:updateAndGet(143)) - e4d22c93-acc0-432e-8ff6-ef453016530c: start FollowerState
2019-09-06 22:01:02,741 [pool-37-thread-1] INFO  server.RaftServerConfigKeys (ConfUtils.java:logGet(43)) - raft.server.snapshot.auto.trigger.enabled = true (custom)
2019-09-06 22:01:02,741 [pool-37-thread-1] INFO  server.RaftServerConfigKeys (ConfUtils.java:logGet(43)) - raft.server.snapshot.auto.trigger.threshold = 10000 (custom)
2019-09-06 22:01:02,741 [pool-47-thread-1] INFO  util.JmxRegister (JmxRegister.java:tryRegister(44)) - Successfully registered JMX Bean with object name Ratis:service=RaftServer,group=group-677E93E50466,id=e4d22c93-acc0-432e-8ff6-ef453016530c
2019-09-06 22:01:02,741 [pool-37-thread-1] INFO  server.RaftServerConfigKeys (ConfUtils.java:logGet(43)) - raft.server.retrycache.expirytime = 600000ms (custom)
2019-09-06 22:01:02,741 [pool-37-thread-1] INFO  impl.RaftServerImpl (RaftServerImpl.java:start(180)) - 5a50aa92-2737-4252-bffb-c8f2124676ea: start group-677E93E50466
2019-09-06 22:01:02,741 [pool-37-thread-1] INFO  impl.RaftServerImpl (RaftServerImpl.java:setRole(171)) - 5a50aa92-2737-4252-bffb-c8f2124676ea:group-677E93E50466 changes role from null to FOLLOWER at term 0 for startAsFollower
2019-09-06 22:01:02,742 [pool-37-thread-1] INFO  impl.RoleInfo (RoleInfo.java:updateAndGet(143)) - 5a50aa92-2737-4252-bffb-c8f2124676ea: start FollowerState
2019-09-06 22:01:02,742 [pool-67-thread-1] INFO  impl.RaftServerImpl (RaftServerImpl.java:<init>(93)) - cabf754e-66c5-4603-8900-162c24b4db5c: new RaftServerImpl for group-D4E0ABFCC08D:[e4d22c93-acc0-432e-8ff6-ef453016530c:192.168.69.79:43075, 5a50aa92-2737-4252-bffb-c8f2124676ea:192.168.69.79:36465, cabf754e-66c5-4603-8900-162c24b4db5c:192.168.69.79:46375] with ContainerStateMachine:uninitialized
2019-09-06 22:01:02,742 [pool-37-thread-1] INFO  util.JmxRegister (JmxRegister.java:tryRegister(44)) - Successfully registered JMX Bean with object name Ratis:service=RaftServer,group=group-677E93E50466,id=5a50aa92-2737-4252-bffb-c8f2124676ea
2019-09-06 22:01:02,742 [pool-67-thread-1] INFO  server.RaftServerConfigKeys (ConfUtils.java:logGet(43)) - raft.server.rpc.timeout.min = 5s (custom)
2019-09-06 22:01:02,743 [pool-67-thread-1] INFO  server.RaftServerConfigKeys (ConfUtils.java:logGet(43)) - raft.server.rpc.timeout.max = 5200ms (custom)
2019-09-06 22:01:02,743 [pool-67-thread-1] INFO  server.RaftServerConfigKeys (ConfUtils.java:logGet(43)) - raft.server.rpcslowness.timeout = 120s (custom)
2019-09-06 22:01:02,743 [pool-67-thread-1] INFO  server.RaftServerConfigKeys (ConfUtils.java:logGet(43)) - raft.server.sleep.deviation.threshold = 300 (default)
2019-09-06 22:01:02,743 [pool-67-thread-1] INFO  server.RaftServerConfigKeys (ConfUtils.java:logGet(43)) - raft.server.log.appender.install.snapshot.enabled = false (custom)
2019-09-06 22:01:02,743 [pool-67-thread-1] INFO  impl.RaftServerImpl (ServerState.java:<init>(105)) - cabf754e-66c5-4603-8900-162c24b4db5c:group-D4E0ABFCC08D ConfigurationManager, init=-1: [e4d22c93-acc0-432e-8ff6-ef453016530c:192.168.69.79:43075, 5a50aa92-2737-4252-bffb-c8f2124676ea:192.168.69.79:36465, cabf754e-66c5-4603-8900-162c24b4db5c:192.168.69.79:46375], old=null, confs=<EMPTY_MAP>
2019-09-06 22:01:02,743 [pool-67-thread-1] INFO  server.RaftServerConfigKeys (ConfUtils.java:logGet(43)) - raft.server.storage.dir = [/workdir/hadoop-ozone/ozonefs/target/test-dir/MiniOzoneClusterImpl-ca11de5b-e8c1-48c0-9c71-bb1a3ae6d3ec/datanode-4/data/ratis] (custom)
2019-09-06 22:01:02,744 [pool-67-thread-1] INFO  storage.RaftStorageDirectory (RaftStorageDirectory.java:analyzeStorage(246)) - The storage directory /workdir/hadoop-ozone/ozonefs/target/test-dir/MiniOzoneClusterImpl-ca11de5b-e8c1-48c0-9c71-bb1a3ae6d3ec/datanode-4/data/ratis/682a3e82-a3e4-48c7-b2c8-d4e0abfcc08d does not exist. Creating ...
2019-09-06 22:01:02,744 [pool-47-thread-1] INFO  impl.RaftServerImpl (RaftServerImpl.java:<init>(93)) - e4d22c93-acc0-432e-8ff6-ef453016530c: new RaftServerImpl for group-D4E0ABFCC08D:[e4d22c93-acc0-432e-8ff6-ef453016530c:192.168.69.79:43075, 5a50aa92-2737-4252-bffb-c8f2124676ea:192.168.69.79:36465, cabf754e-66c5-4603-8900-162c24b4db5c:192.168.69.79:46375] with ContainerStateMachine:uninitialized
2019-09-06 22:01:02,744 [pool-47-thread-1] INFO  server.RaftServerConfigKeys (ConfUtils.java:logGet(43)) - raft.server.rpc.timeout.min = 5s (custom)
2019-09-06 22:01:02,744 [pool-47-thread-1] INFO  server.RaftServerConfigKeys (ConfUtils.java:logGet(43)) - raft.server.rpc.timeout.max = 5200ms (custom)
2019-09-06 22:01:02,744 [pool-47-thread-1] INFO  server.RaftServerConfigKeys (ConfUtils.java:logGet(43)) - raft.server.rpcslowness.timeout = 120s (custom)
2019-09-06 22:01:02,744 [pool-47-thread-1] INFO  server.RaftServerConfigKeys (ConfUtils.java:logGet(43)) - raft.server.sleep.deviation.threshold = 300 (default)
2019-09-06 22:01:02,745 [pool-47-thread-1] INFO  server.RaftServerConfigKeys (ConfUtils.java:logGet(43)) - raft.server.log.appender.install.snapshot.enabled = false (custom)
2019-09-06 22:01:02,745 [pool-37-thread-1] INFO  impl.RaftServerImpl (RaftServerImpl.java:<init>(93)) - 5a50aa92-2737-4252-bffb-c8f2124676ea: new RaftServerImpl for group-D4E0ABFCC08D:[e4d22c93-acc0-432e-8ff6-ef453016530c:192.168.69.79:43075, 5a50aa92-2737-4252-bffb-c8f2124676ea:192.168.69.79:36465, cabf754e-66c5-4603-8900-162c24b4db5c:192.168.69.79:46375] with ContainerStateMachine:uninitialized
2019-09-06 22:01:02,745 [pool-47-thread-1] INFO  impl.RaftServerImpl (ServerState.java:<init>(105)) - e4d22c93-acc0-432e-8ff6-ef453016530c:group-D4E0ABFCC08D ConfigurationManager, init=-1: [e4d22c93-acc0-432e-8ff6-ef453016530c:192.168.69.79:43075, 5a50aa92-2737-4252-bffb-c8f2124676ea:192.168.69.79:36465, cabf754e-66c5-4603-8900-162c24b4db5c:192.168.69.79:46375], old=null, confs=<EMPTY_MAP>
2019-09-06 22:01:02,745 [pool-37-thread-1] INFO  server.RaftServerConfigKeys (ConfUtils.java:logGet(43)) - raft.server.rpc.timeout.min = 5s (custom)
2019-09-06 22:01:02,745 [pool-47-thread-1] INFO  server.RaftServerConfigKeys (ConfUtils.java:logGet(43)) - raft.server.storage.dir = [/workdir/hadoop-ozone/ozonefs/target/test-dir/MiniOzoneClusterImpl-ca11de5b-e8c1-48c0-9c71-bb1a3ae6d3ec/datanode-2/data/ratis] (custom)
2019-09-06 22:01:02,745 [pool-37-thread-1] INFO  server.RaftServerConfigKeys (ConfUtils.java:logGet(43)) - raft.server.rpc.timeout.max = 5200ms (custom)
2019-09-06 22:01:02,745 [pool-37-thread-1] INFO  server.RaftServerConfigKeys (ConfUtils.java:logGet(43)) - raft.server.rpcslowness.timeout = 120s (custom)
2019-09-06 22:01:02,746 [pool-37-thread-1] INFO  server.RaftServerConfigKeys (ConfUtils.java:logGet(43)) - raft.server.sleep.deviation.threshold = 300 (default)
2019-09-06 22:01:02,746 [pool-47-thread-1] INFO  storage.RaftStorageDirectory (RaftStorageDirectory.java:analyzeStorage(246)) - The storage directory /workdir/hadoop-ozone/ozonefs/target/test-dir/MiniOzoneClusterImpl-ca11de5b-e8c1-48c0-9c71-bb1a3ae6d3ec/datanode-2/data/ratis/682a3e82-a3e4-48c7-b2c8-d4e0abfcc08d does not exist. Creating ...
2019-09-06 22:01:02,746 [pool-37-thread-1] INFO  server.RaftServerConfigKeys (ConfUtils.java:logGet(43)) - raft.server.log.appender.install.snapshot.enabled = false (custom)
2019-09-06 22:01:02,746 [pool-37-thread-1] INFO  impl.RaftServerImpl (ServerState.java:<init>(105)) - 5a50aa92-2737-4252-bffb-c8f2124676ea:group-D4E0ABFCC08D ConfigurationManager, init=-1: [e4d22c93-acc0-432e-8ff6-ef453016530c:192.168.69.79:43075, 5a50aa92-2737-4252-bffb-c8f2124676ea:192.168.69.79:36465, cabf754e-66c5-4603-8900-162c24b4db5c:192.168.69.79:46375], old=null, confs=<EMPTY_MAP>
2019-09-06 22:01:02,746 [pool-37-thread-1] INFO  server.RaftServerConfigKeys (ConfUtils.java:logGet(43)) - raft.server.storage.dir = [/workdir/hadoop-ozone/ozonefs/target/test-dir/MiniOzoneClusterImpl-ca11de5b-e8c1-48c0-9c71-bb1a3ae6d3ec/datanode-1/data/ratis] (custom)
2019-09-06 22:01:02,747 [pool-37-thread-1] INFO  storage.RaftStorageDirectory (RaftStorageDirectory.java:analyzeStorage(246)) - The storage directory /workdir/hadoop-ozone/ozonefs/target/test-dir/MiniOzoneClusterImpl-ca11de5b-e8c1-48c0-9c71-bb1a3ae6d3ec/datanode-1/data/ratis/682a3e82-a3e4-48c7-b2c8-d4e0abfcc08d does not exist. Creating ...
2019-09-06 22:01:03,783 [pool-67-thread-1] INFO  storage.RaftStorageDirectory (RaftStorageDirectory.java:tryLock(328)) - Lock on /workdir/hadoop-ozone/ozonefs/target/test-dir/MiniOzoneClusterImpl-ca11de5b-e8c1-48c0-9c71-bb1a3ae6d3ec/datanode-4/data/ratis/682a3e82-a3e4-48c7-b2c8-d4e0abfcc08d/in_use.lock acquired by nodename 3576@pr-hdds-2087-j7wfl-3989464410
2019-09-06 22:01:03,783 [pool-47-thread-1] INFO  storage.RaftStorageDirectory (RaftStorageDirectory.java:tryLock(328)) - Lock on /workdir/hadoop-ozone/ozonefs/target/test-dir/MiniOzoneClusterImpl-ca11de5b-e8c1-48c0-9c71-bb1a3ae6d3ec/datanode-2/data/ratis/682a3e82-a3e4-48c7-b2c8-d4e0abfcc08d/in_use.lock acquired by nodename 3576@pr-hdds-2087-j7wfl-3989464410
2019-09-06 22:01:03,783 [pool-37-thread-1] INFO  storage.RaftStorageDirectory (RaftStorageDirectory.java:tryLock(328)) - Lock on /workdir/hadoop-ozone/ozonefs/target/test-dir/MiniOzoneClusterImpl-ca11de5b-e8c1-48c0-9c71-bb1a3ae6d3ec/datanode-1/data/ratis/682a3e82-a3e4-48c7-b2c8-d4e0abfcc08d/in_use.lock acquired by nodename 3576@pr-hdds-2087-j7wfl-3989464410
2019-09-06 22:01:04,692 [RATISCREATEPIPELINE1] ERROR pipeline.RatisPipelineProvider (RatisPipelineProvider.java:lambda$null$5(236)) - Failed invoke Ratis rpc org.apache.hadoop.hdds.scm.pipeline.RatisPipelineProvider$$Lambda$172/1300682258@e868dc1 for cabf754e-66c5-4603-8900-162c24b4db5c
org.apache.ratis.protocol.TimeoutIOException: deadline exceeded after 2996954201ns
	at org.apache.ratis.grpc.GrpcUtil.tryUnwrapException(GrpcUtil.java:82)
	at org.apache.ratis.grpc.GrpcUtil.unwrapException(GrpcUtil.java:75)
	at org.apache.ratis.grpc.client.GrpcClientProtocolClient.blockingCall(GrpcClientProtocolClient.java:169)
	at org.apache.ratis.grpc.client.GrpcClientProtocolClient.groupAdd(GrpcClientProtocolClient.java:138)
	at org.apache.ratis.grpc.client.GrpcClientRpc.sendRequest(GrpcClientRpc.java:94)
	at org.apache.ratis.client.impl.RaftClientImpl.sendRequest(RaftClientImpl.java:279)
	at org.apache.ratis.client.impl.RaftClientImpl.groupAdd(RaftClientImpl.java:206)
	at org.apache.hadoop.hdds.scm.pipeline.RatisPipelineProvider.lambda$initializePipeline$4(RatisPipelineProvider.java:195)
	at org.apache.hadoop.hdds.scm.pipeline.RatisPipelineProvider.lambda$null$5(RatisPipelineProvider.java:232)
	at java.util.stream.ForEachOps$ForEachOp$OfRef.accept(ForEachOps.java:184)
	at java.util.ArrayList$ArrayListSpliterator.forEachRemaining(ArrayList.java:1382)
	at java.util.stream.AbstractPipeline.copyInto(AbstractPipeline.java:482)
	at java.util.stream.ForEachOps$ForEachTask.compute(ForEachOps.java:291)
	at java.util.concurrent.CountedCompleter.exec(CountedCompleter.java:731)
	at java.util.concurrent.ForkJoinTask.doExec(ForkJoinTask.java:289)
	at java.util.concurrent.ForkJoinTask.doInvoke(ForkJoinTask.java:401)
	at java.util.concurrent.ForkJoinTask.invoke(ForkJoinTask.java:734)
	at java.util.stream.ForEachOps$ForEachOp.evaluateParallel(ForEachOps.java:160)
	at java.util.stream.ForEachOps$ForEachOp$OfRef.evaluateParallel(ForEachOps.java:174)
	at java.util.stream.AbstractPipeline.evaluate(AbstractPipeline.java:233)
	at java.util.stream.ReferencePipeline.forEach(ReferencePipeline.java:418)
	at java.util.stream.ReferencePipeline$Head.forEach(ReferencePipeline.java:583)
	at org.apache.hadoop.hdds.scm.pipeline.RatisPipelineProvider.lambda$callRatisRpc$6(RatisPipelineProvider.java:226)
	at java.util.concurrent.ForkJoinTask$AdaptedRunnableAction.exec(ForkJoinTask.java:1386)
	at java.util.concurrent.ForkJoinTask.doExec(ForkJoinTask.java:289)
	at java.util.concurrent.ForkJoinPool$WorkQueue.runTask(ForkJoinPool.java:1056)
	at java.util.concurrent.ForkJoinPool.runWorker(ForkJoinPool.java:1692)
	at java.util.concurrent.ForkJoinWorkerThread.run(ForkJoinWorkerThread.java:157)
Caused by: org.apache.ratis.thirdparty.io.grpc.StatusRuntimeException: DEADLINE_EXCEEDED: deadline exceeded after 2996954201ns
	at org.apache.ratis.thirdparty.io.grpc.stub.ClientCalls.toStatusRuntimeException(ClientCalls.java:233)
	at org.apache.ratis.thirdparty.io.grpc.stub.ClientCalls.getUnchecked(ClientCalls.java:214)
	at org.apache.ratis.thirdparty.io.grpc.stub.ClientCalls.blockingUnaryCall(ClientCalls.java:139)
	at org.apache.ratis.proto.grpc.AdminProtocolServiceGrpc$AdminProtocolServiceBlockingStub.groupManagement(AdminProtocolServiceGrpc.java:274)
	at org.apache.ratis.grpc.client.GrpcClientProtocolClient.lambda$groupAdd$3(GrpcClientProtocolClient.java:140)
	at org.apache.ratis.grpc.client.GrpcClientProtocolClient.blockingCall(GrpcClientProtocolClient.java:167)
	... 25 more
2019-09-06 22:01:04,692 [RATISCREATEPIPELINE3] ERROR pipeline.RatisPipelineProvider (RatisPipelineProvider.java:lambda$null$5(236)) - Failed invoke Ratis rpc org.apache.hadoop.hdds.scm.pipeline.RatisPipelineProvider$$Lambda$172/1300682258@e868dc1 for e4d22c93-acc0-432e-8ff6-ef453016530c
org.apache.ratis.protocol.TimeoutIOException: deadline exceeded after 2996963017ns
	at org.apache.ratis.grpc.GrpcUtil.tryUnwrapException(GrpcUtil.java:82)
	at org.apache.ratis.grpc.GrpcUtil.unwrapException(GrpcUtil.java:75)
	at org.apache.ratis.grpc.client.GrpcClientProtocolClient.blockingCall(GrpcClientProtocolClient.java:169)
	at org.apache.ratis.grpc.client.GrpcClientProtocolClient.groupAdd(GrpcClientProtocolClient.java:138)
	at org.apache.ratis.grpc.client.GrpcClientRpc.sendRequest(GrpcClientRpc.java:94)
	at org.apache.ratis.client.impl.RaftClientImpl.sendRequest(RaftClientImpl.java:279)
	at org.apache.ratis.client.impl.RaftClientImpl.groupAdd(RaftClientImpl.java:206)
	at org.apache.hadoop.hdds.scm.pipeline.RatisPipelineProvider.lambda$initializePipeline$4(RatisPipelineProvider.java:195)
	at org.apache.hadoop.hdds.scm.pipeline.RatisPipelineProvider.lambda$null$5(RatisPipelineProvider.java:232)
	at java.util.stream.ForEachOps$ForEachOp$OfRef.accept(ForEachOps.java:184)
	at java.util.ArrayList$ArrayListSpliterator.forEachRemaining(ArrayList.java:1382)
	at java.util.stream.AbstractPipeline.copyInto(AbstractPipeline.java:482)
	at java.util.stream.ForEachOps$ForEachTask.compute(ForEachOps.java:291)
	at java.util.concurrent.CountedCompleter.exec(CountedCompleter.java:731)
	at java.util.concurrent.ForkJoinTask.doExec(ForkJoinTask.java:289)
	at java.util.concurrent.ForkJoinPool$WorkQueue.runTask(ForkJoinPool.java:1056)
	at java.util.concurrent.ForkJoinPool.runWorker(ForkJoinPool.java:1692)
	at java.util.concurrent.ForkJoinWorkerThread.run(ForkJoinWorkerThread.java:157)
Caused by: org.apache.ratis.thirdparty.io.grpc.StatusRuntimeException: DEADLINE_EXCEEDED: deadline exceeded after 2996963017ns
	at org.apache.ratis.thirdparty.io.grpc.stub.ClientCalls.toStatusRuntimeException(ClientCalls.java:233)
	at org.apache.ratis.thirdparty.io.grpc.stub.ClientCalls.getUnchecked(ClientCalls.java:214)
	at org.apache.ratis.thirdparty.io.grpc.stub.ClientCalls.blockingUnaryCall(ClientCalls.java:139)
	at org.apache.ratis.proto.grpc.AdminProtocolServiceGrpc$AdminProtocolServiceBlockingStub.groupManagement(AdminProtocolServiceGrpc.java:274)
	at org.apache.ratis.grpc.client.GrpcClientProtocolClient.lambda$groupAdd$3(GrpcClientProtocolClient.java:140)
	at org.apache.ratis.grpc.client.GrpcClientProtocolClient.blockingCall(GrpcClientProtocolClient.java:167)
	... 15 more
2019-09-06 22:01:04,692 [RATISCREATEPIPELINE2] ERROR pipeline.RatisPipelineProvider (RatisPipelineProvider.java:lambda$null$5(236)) - Failed invoke Ratis rpc org.apache.hadoop.hdds.scm.pipeline.RatisPipelineProvider$$Lambda$172/1300682258@e868dc1 for 5a50aa92-2737-4252-bffb-c8f2124676ea
org.apache.ratis.protocol.TimeoutIOException: deadline exceeded after 2998180647ns
	at org.apache.ratis.grpc.GrpcUtil.tryUnwrapException(GrpcUtil.java:82)
	at org.apache.ratis.grpc.GrpcUtil.unwrapException(GrpcUtil.java:75)
	at org.apache.ratis.grpc.client.GrpcClientProtocolClient.blockingCall(GrpcClientProtocolClient.java:169)
	at org.apache.ratis.grpc.client.GrpcClientProtocolClient.groupAdd(GrpcClientProtocolClient.java:138)
	at org.apache.ratis.grpc.client.GrpcClientRpc.sendRequest(GrpcClientRpc.java:94)
	at org.apache.ratis.client.impl.RaftClientImpl.sendRequest(RaftClientImpl.java:279)
	at org.apache.ratis.client.impl.RaftClientImpl.groupAdd(RaftClientImpl.java:206)
	at org.apache.hadoop.hdds.scm.pipeline.RatisPipelineProvider.lambda$initializePipeline$4(RatisPipelineProvider.java:195)
	at org.apache.hadoop.hdds.scm.pipeline.RatisPipelineProvider.lambda$null$5(RatisPipelineProvider.java:232)
	at java.util.stream.ForEachOps$ForEachOp$OfRef.accept(ForEachOps.java:184)
	at java.util.ArrayList$ArrayListSpliterator.forEachRemaining(ArrayList.java:1382)
	at java.util.stream.AbstractPipeline.copyInto(AbstractPipeline.java:482)
	at java.util.stream.ForEachOps$ForEachTask.compute(ForEachOps.java:291)
	at java.util.concurrent.CountedCompleter.exec(CountedCompleter.java:731)
	at java.util.concurrent.ForkJoinTask.doExec(ForkJoinTask.java:289)
	at java.util.concurrent.ForkJoinPool$WorkQueue.runTask(ForkJoinPool.java:1056)
	at java.util.concurrent.ForkJoinPool.runWorker(ForkJoinPool.java:1692)
	at java.util.concurrent.ForkJoinWorkerThread.run(ForkJoinWorkerThread.java:157)
Caused by: org.apache.ratis.thirdparty.io.grpc.StatusRuntimeException: DEADLINE_EXCEEDED: deadline exceeded after 2998180647ns
	at org.apache.ratis.thirdparty.io.grpc.stub.ClientCalls.toStatusRuntimeException(ClientCalls.java:233)
	at org.apache.ratis.thirdparty.io.grpc.stub.ClientCalls.getUnchecked(ClientCalls.java:214)
	at org.apache.ratis.thirdparty.io.grpc.stub.ClientCalls.blockingUnaryCall(ClientCalls.java:139)
	at org.apache.ratis.proto.grpc.AdminProtocolServiceGrpc$AdminProtocolServiceBlockingStub.groupManagement(AdminProtocolServiceGrpc.java:274)
	at org.apache.ratis.grpc.client.GrpcClientProtocolClient.lambda$groupAdd$3(GrpcClientProtocolClient.java:140)
	at org.apache.ratis.grpc.client.GrpcClientProtocolClient.blockingCall(GrpcClientProtocolClient.java:167)
	... 15 more
2019-09-06 22:01:04,697 [IPC Server handler 1 on 34478] WARN  block.BlockManagerImpl (BlockManagerImpl.java:allocateBlock(192)) - Pipeline creation failed for type:RATIS factor:THREE. Retrying get pipelines call once.
org.apache.hadoop.io.MultipleIOException: 3 exceptions [java.io.IOException: Failed invoke Ratis rpc org.apache.hadoop.hdds.scm.pipeline.RatisPipelineProvider$$Lambda$172/1300682258@e868dc1 for cabf754e-66c5-4603-8900-162c24b4db5c, java.io.IOException: Failed invoke Ratis rpc org.apache.hadoop.hdds.scm.pipeline.RatisPipelineProvider$$Lambda$172/1300682258@e868dc1 for e4d22c93-acc0-432e-8ff6-ef453016530c, java.io.IOException: Failed invoke Ratis rpc org.apache.hadoop.hdds.scm.pipeline.RatisPipelineProvider$$Lambda$172/1300682258@e868dc1 for 5a50aa92-2737-4252-bffb-c8f2124676ea]
	at org.apache.hadoop.io.MultipleIOException.createIOException(MultipleIOException.java:53)
	at org.apache.hadoop.hdds.scm.pipeline.RatisPipelineProvider.callRatisRpc(RatisPipelineProvider.java:252)
	at org.apache.hadoop.hdds.scm.pipeline.RatisPipelineProvider.initializePipeline(RatisPipelineProvider.java:193)
	at org.apache.hadoop.hdds.scm.pipeline.RatisPipelineProvider.create(RatisPipelineProvider.java:162)
	at org.apache.hadoop.hdds.scm.pipeline.PipelineFactory.create(PipelineFactory.java:57)
	at org.apache.hadoop.hdds.scm.pipeline.SCMPipelineManager.createPipeline(SCMPipelineManager.java:151)
	at org.apache.hadoop.hdds.scm.block.BlockManagerImpl.allocateBlock(BlockManagerImpl.java:190)
	at org.apache.hadoop.hdds.scm.server.SCMBlockProtocolServer.allocateBlock(SCMBlockProtocolServer.java:182)
	at org.apache.hadoop.ozone.protocolPB.ScmBlockLocationProtocolServerSideTranslatorPB.allocateScmBlock(ScmBlockLocationProtocolServerSideTranslatorPB.java:183)
	at org.apache.hadoop.ozone.protocolPB.ScmBlockLocationProtocolServerSideTranslatorPB.processMessage(ScmBlockLocationProtocolServerSideTranslatorPB.java:141)
	at org.apache.hadoop.ozone.protocolPB.ScmBlockLocationProtocolServerSideTranslatorPB.send(ScmBlockLocationProtocolServerSideTranslatorPB.java:116)
	at org.apache.hadoop.hdds.protocol.proto.ScmBlockLocationProtocolProtos$ScmBlockLocationProtocolService$2.callBlockingMethod(ScmBlockLocationProtocolProtos.java:13157)
	at org.apache.hadoop.ipc.ProtobufRpcEngine$Server$ProtoBufRpcInvoker.call(ProtobufRpcEngine.java:524)
	at org.apache.hadoop.ipc.RPC$Server.call(RPC.java:1025)
	at org.apache.hadoop.ipc.Server$RpcCall.run(Server.java:876)
	at org.apache.hadoop.ipc.Server$RpcCall.run(Server.java:822)
	at java.security.AccessController.doPrivileged(Native Method)
	at javax.security.auth.Subject.doAs(Subject.java:422)
	at org.apache.hadoop.security.UserGroupInformation.doAs(UserGroupInformation.java:1730)
	at org.apache.hadoop.ipc.Server$Handler.run(Server.java:2682)
2019-09-06 22:01:04,697 [IPC Server handler 1 on 34478] INFO  block.BlockManagerImpl (BlockManagerImpl.java:allocateBlock(198)) - Could not find available pipeline of type:RATIS and factor:THREE even after retrying
2019-09-06 22:01:04,698 [IPC Server handler 1 on 34478] ERROR block.BlockManagerImpl (BlockManagerImpl.java:allocateBlock(222)) - Unable to allocate a block for the size: 4194304, type: RATIS, factor: THREE
]]></system-out>
  </testcase>
  <testcase name="testReadFullySmallFile" classname="org.apache.hadoop.fs.ozone.contract.ITestOzoneContractSeek" time="3.166">
    <error message="Allocated 0 blocks. Requested 1 blocks" type="INTERNAL_ERROR org.apache.hadoop.ozone.om.exceptions.OMException">INTERNAL_ERROR org.apache.hadoop.ozone.om.exceptions.OMException: Allocated 0 blocks. Requested 1 blocks
	at org.apache.hadoop.ozone.om.protocolPB.OzoneManagerProtocolClientSideTranslatorPB.handleError(OzoneManagerProtocolClientSideTranslatorPB.java:725)
	at org.apache.hadoop.ozone.om.protocolPB.OzoneManagerProtocolClientSideTranslatorPB.createFile(OzoneManagerProtocolClientSideTranslatorPB.java:1474)
	at org.apache.hadoop.ozone.client.rpc.RpcClient.createFile(RpcClient.java:984)
	at org.apache.hadoop.ozone.client.OzoneBucket.createFile(OzoneBucket.java:537)
	at org.apache.hadoop.fs.ozone.BasicOzoneClientAdapterImpl.createFile(BasicOzoneClientAdapterImpl.java:181)
	at org.apache.hadoop.fs.ozone.BasicOzoneFileSystem.createOutputStream(BasicOzoneFileSystem.java:249)
	at org.apache.hadoop.fs.ozone.BasicOzoneFileSystem.create(BasicOzoneFileSystem.java:230)
	at org.apache.hadoop.fs.FileSystem.create(FileSystem.java:1118)
	at org.apache.hadoop.fs.FileSystem.create(FileSystem.java:1098)
	at org.apache.hadoop.fs.FileSystem.create(FileSystem.java:987)
	at org.apache.hadoop.fs.contract.ContractTestUtils.createFile(ContractTestUtils.java:633)
	at org.apache.hadoop.fs.contract.AbstractContractSeekTest.setup(AbstractContractSeekTest.java:64)
	at sun.reflect.NativeMethodAccessorImpl.invoke0(Native Method)
	at sun.reflect.NativeMethodAccessorImpl.invoke(NativeMethodAccessorImpl.java:62)
	at sun.reflect.DelegatingMethodAccessorImpl.invoke(DelegatingMethodAccessorImpl.java:43)
	at java.lang.reflect.Method.invoke(Method.java:498)
	at org.junit.runners.model.FrameworkMethod$1.runReflectiveCall(FrameworkMethod.java:47)
	at org.junit.internal.runners.model.ReflectiveCallable.run(ReflectiveCallable.java:12)
	at org.junit.runners.model.FrameworkMethod.invokeExplosively(FrameworkMethod.java:44)
	at org.junit.internal.runners.statements.RunBefores.evaluate(RunBefores.java:24)
	at org.junit.internal.runners.statements.RunAfters.evaluate(RunAfters.java:27)
	at org.junit.rules.TestWatcher$1.evaluate(TestWatcher.java:55)
	at org.junit.internal.runners.statements.FailOnTimeout$StatementThread.run(FailOnTimeout.java:74)
</error>
    <system-out><![CDATA[2019-09-06 22:01:04,770 [Thread-270] INFO  rpc.RpcClient (RpcClient.java:createVolume(293)) - Creating Volume: volume20377, with user92226 as owner.
2019-09-06 22:01:04,772 [IPC Server handler 8 on 36227] INFO  volume.OMVolumeCreateRequest (OMVolumeCreateRequest.java:validateAndUpdateCache(189)) - created volume:volume20377 for user:user92226
2019-09-06 22:01:04,775 [Thread-270] INFO  rpc.RpcClient (RpcClient.java:createBucket(432)) - Creating Bucket: volume20377/bucket10762, with Versioning false and Storage Type set to DISK and Encryption set to false 
2019-09-06 22:01:04,836 [Thread-270] INFO  contract.AbstractFSContractTestBase (AbstractFSContractTestBase.java:setup(184)) - Test filesystem = o3fs://bucket10762.volume20377 implemented by OzoneFileSystem{URI=o3fs://bucket10762.volume20377, workingDir=o3fs://bucket10762.volume20377/user/jenkins1000, userName=jenkins1000, statistics=0 bytes read, 0 bytes written, 18 read ops, 0 large read ops, 12 write ops}
2019-09-06 22:01:04,867 [grpc-default-executor-3] INFO  impl.RaftServerProxy (RaftServerProxy.java:addNew(89)) - 5a50aa92-2737-4252-bffb-c8f2124676ea: addNew group-0C61244178E5:[e4d22c93-acc0-432e-8ff6-ef453016530c:192.168.69.79:43075, 5a50aa92-2737-4252-bffb-c8f2124676ea:192.168.69.79:36465, cabf754e-66c5-4603-8900-162c24b4db5c:192.168.69.79:46375] returns group-0C61244178E5:java.util.concurrent.CompletableFuture@16620b29[Not completed]
2019-09-06 22:01:04,867 [grpc-default-executor-4] INFO  impl.RaftServerProxy (RaftServerProxy.java:addNew(89)) - cabf754e-66c5-4603-8900-162c24b4db5c: addNew group-0C61244178E5:[e4d22c93-acc0-432e-8ff6-ef453016530c:192.168.69.79:43075, 5a50aa92-2737-4252-bffb-c8f2124676ea:192.168.69.79:36465, cabf754e-66c5-4603-8900-162c24b4db5c:192.168.69.79:46375] returns group-0C61244178E5:java.util.concurrent.CompletableFuture@38b9fd21[Not completed]
2019-09-06 22:01:04,867 [grpc-default-executor-2] INFO  impl.RaftServerProxy (RaftServerProxy.java:addNew(89)) - e4d22c93-acc0-432e-8ff6-ef453016530c: addNew group-0C61244178E5:[e4d22c93-acc0-432e-8ff6-ef453016530c:192.168.69.79:43075, 5a50aa92-2737-4252-bffb-c8f2124676ea:192.168.69.79:36465, cabf754e-66c5-4603-8900-162c24b4db5c:192.168.69.79:46375] returns group-0C61244178E5:java.util.concurrent.CompletableFuture@19ff7280[Not completed]
2019-09-06 22:01:04,963 [pool-47-thread-1] INFO  storage.RaftStorage (RaftStorage.java:format(72)) - Storage directory /workdir/hadoop-ozone/ozonefs/target/test-dir/MiniOzoneClusterImpl-ca11de5b-e8c1-48c0-9c71-bb1a3ae6d3ec/datanode-2/data/ratis/682a3e82-a3e4-48c7-b2c8-d4e0abfcc08d has been successfully formatted.
2019-09-06 22:01:04,963 [pool-37-thread-1] INFO  storage.RaftStorage (RaftStorage.java:format(72)) - Storage directory /workdir/hadoop-ozone/ozonefs/target/test-dir/MiniOzoneClusterImpl-ca11de5b-e8c1-48c0-9c71-bb1a3ae6d3ec/datanode-1/data/ratis/682a3e82-a3e4-48c7-b2c8-d4e0abfcc08d has been successfully formatted.
2019-09-06 22:01:04,963 [pool-67-thread-1] INFO  storage.RaftStorage (RaftStorage.java:format(72)) - Storage directory /workdir/hadoop-ozone/ozonefs/target/test-dir/MiniOzoneClusterImpl-ca11de5b-e8c1-48c0-9c71-bb1a3ae6d3ec/datanode-4/data/ratis/682a3e82-a3e4-48c7-b2c8-d4e0abfcc08d has been successfully formatted.
2019-09-06 22:01:04,964 [pool-47-thread-1] INFO  ratis.ContainerStateMachine (ContainerStateMachine.java:loadSnapshot(227)) - group-D4E0ABFCC08D: The snapshot info is null. Setting the last applied indexto:(t:0, i:~)
2019-09-06 22:01:04,964 [pool-67-thread-1] INFO  ratis.ContainerStateMachine (ContainerStateMachine.java:loadSnapshot(227)) - group-D4E0ABFCC08D: The snapshot info is null. Setting the last applied indexto:(t:0, i:~)
2019-09-06 22:01:04,964 [pool-37-thread-1] INFO  ratis.ContainerStateMachine (ContainerStateMachine.java:loadSnapshot(227)) - group-D4E0ABFCC08D: The snapshot info is null. Setting the last applied indexto:(t:0, i:~)
2019-09-06 22:01:04,964 [pool-67-thread-1] INFO  server.RaftServerConfigKeys (ConfUtils.java:logGet(43)) - raft.server.leader.election.timeout = 120s (custom)
2019-09-06 22:01:04,964 [pool-47-thread-1] INFO  server.RaftServerConfigKeys (ConfUtils.java:logGet(43)) - raft.server.leader.election.timeout = 120s (custom)
2019-09-06 22:01:04,965 [pool-67-thread-1] INFO  server.RaftServerConfigKeys (ConfUtils.java:logGet(43)) - raft.server.log.use.memory = false (default)
2019-09-06 22:01:04,964 [pool-37-thread-1] INFO  server.RaftServerConfigKeys (ConfUtils.java:logGet(43)) - raft.server.leader.election.timeout = 120s (custom)
2019-09-06 22:01:04,965 [pool-67-thread-1] INFO  server.RaftServerConfigKeys (ConfUtils.java:logGet(43)) - raft.server.log.purge.gap = 1000000 (custom)
2019-09-06 22:01:04,965 [pool-47-thread-1] INFO  server.RaftServerConfigKeys (ConfUtils.java:logGet(43)) - raft.server.log.use.memory = false (default)
2019-09-06 22:01:04,965 [pool-67-thread-1] INFO  server.RaftServerConfigKeys (ConfUtils.java:logGet(43)) - raft.server.log.appender.buffer.byte-limit = 33554432 (custom)
2019-09-06 22:01:04,965 [pool-37-thread-1] INFO  server.RaftServerConfigKeys (ConfUtils.java:logGet(43)) - raft.server.log.use.memory = false (default)
2019-09-06 22:01:04,966 [pool-67-thread-1] INFO  server.RaftServerConfigKeys (ConfUtils.java:logGet(43)) - raft.server.log.segment.size.max = 1048576 (custom)
2019-09-06 22:01:04,965 [pool-47-thread-1] INFO  server.RaftServerConfigKeys (ConfUtils.java:logGet(43)) - raft.server.log.purge.gap = 1000000 (custom)
2019-09-06 22:01:04,966 [pool-67-thread-1] INFO  server.RaftServerConfigKeys (ConfUtils.java:logGet(43)) - raft.server.log.segment.cache.num.max = 2 (custom)
2019-09-06 22:01:04,966 [pool-37-thread-1] INFO  server.RaftServerConfigKeys (ConfUtils.java:logGet(43)) - raft.server.log.purge.gap = 1000000 (custom)
2019-09-06 22:01:04,966 [pool-67-thread-1] INFO  segmented.SegmentedRaftLogWorker (SegmentedRaftLogWorker.java:<init>(172)) - new cabf754e-66c5-4603-8900-162c24b4db5c-SegmentedRaftLogWorker:Storage Directory /workdir/hadoop-ozone/ozonefs/target/test-dir/MiniOzoneClusterImpl-ca11de5b-e8c1-48c0-9c71-bb1a3ae6d3ec/datanode-4/data/ratis/682a3e82-a3e4-48c7-b2c8-d4e0abfcc08d for RaftStorage:Storage Directory /workdir/hadoop-ozone/ozonefs/target/test-dir/MiniOzoneClusterImpl-ca11de5b-e8c1-48c0-9c71-bb1a3ae6d3ec/datanode-4/data/ratis/682a3e82-a3e4-48c7-b2c8-d4e0abfcc08d
2019-09-06 22:01:04,966 [pool-47-thread-1] INFO  server.RaftServerConfigKeys (ConfUtils.java:logGet(43)) - raft.server.log.appender.buffer.byte-limit = 33554432 (custom)
2019-09-06 22:01:04,967 [pool-67-thread-1] INFO  server.RaftServerConfigKeys (ConfUtils.java:logGet(43)) - raft.server.log.queue.byte-limit = 2147483647 (custom)
2019-09-06 22:01:04,967 [pool-37-thread-1] INFO  server.RaftServerConfigKeys (ConfUtils.java:logGet(43)) - raft.server.log.appender.buffer.byte-limit = 33554432 (custom)
2019-09-06 22:01:04,970 [pool-67-thread-1] INFO  server.RaftServerConfigKeys (ConfUtils.java:logGet(43)) - raft.server.log.queue.element-limit = 1024 (custom)
2019-09-06 22:01:04,967 [pool-47-thread-1] INFO  server.RaftServerConfigKeys (ConfUtils.java:logGet(43)) - raft.server.log.segment.size.max = 1048576 (custom)
2019-09-06 22:01:04,970 [pool-67-thread-1] INFO  server.RaftServerConfigKeys (ConfUtils.java:logGet(43)) - raft.server.log.segment.size.max = 1048576 (custom)
2019-09-06 22:01:04,970 [pool-37-thread-1] INFO  server.RaftServerConfigKeys (ConfUtils.java:logGet(43)) - raft.server.log.segment.size.max = 1048576 (custom)
2019-09-06 22:01:04,971 [pool-67-thread-1] INFO  server.RaftServerConfigKeys (ConfUtils.java:logGet(43)) - raft.server.log.preallocated.size = 16384 (custom)
2019-09-06 22:01:04,970 [pool-47-thread-1] INFO  server.RaftServerConfigKeys (ConfUtils.java:logGet(43)) - raft.server.log.segment.cache.num.max = 2 (custom)
2019-09-06 22:01:04,971 [pool-67-thread-1] INFO  server.RaftServerConfigKeys (ConfUtils.java:logGet(43)) - raft.server.log.write.buffer.size = 33554432 (custom)
2019-09-06 22:01:04,971 [pool-67-thread-1] INFO  server.RaftServerConfigKeys (ConfUtils.java:logGet(43)) - raft.server.log.force.sync.num = 128 (default)
2019-09-06 22:01:04,971 [pool-37-thread-1] INFO  server.RaftServerConfigKeys (ConfUtils.java:logGet(43)) - raft.server.log.segment.cache.num.max = 2 (custom)
2019-09-06 22:01:04,971 [pool-67-thread-1] INFO  server.RaftServerConfigKeys (ConfUtils.java:logGet(43)) - raft.server.log.statemachine.data.sync = true (default)
2019-09-06 22:01:04,971 [pool-47-thread-1] INFO  segmented.SegmentedRaftLogWorker (SegmentedRaftLogWorker.java:<init>(172)) - new e4d22c93-acc0-432e-8ff6-ef453016530c-SegmentedRaftLogWorker:Storage Directory /workdir/hadoop-ozone/ozonefs/target/test-dir/MiniOzoneClusterImpl-ca11de5b-e8c1-48c0-9c71-bb1a3ae6d3ec/datanode-2/data/ratis/682a3e82-a3e4-48c7-b2c8-d4e0abfcc08d for RaftStorage:Storage Directory /workdir/hadoop-ozone/ozonefs/target/test-dir/MiniOzoneClusterImpl-ca11de5b-e8c1-48c0-9c71-bb1a3ae6d3ec/datanode-2/data/ratis/682a3e82-a3e4-48c7-b2c8-d4e0abfcc08d
2019-09-06 22:01:04,972 [pool-37-thread-1] INFO  segmented.SegmentedRaftLogWorker (SegmentedRaftLogWorker.java:<init>(172)) - new 5a50aa92-2737-4252-bffb-c8f2124676ea-SegmentedRaftLogWorker:Storage Directory /workdir/hadoop-ozone/ozonefs/target/test-dir/MiniOzoneClusterImpl-ca11de5b-e8c1-48c0-9c71-bb1a3ae6d3ec/datanode-1/data/ratis/682a3e82-a3e4-48c7-b2c8-d4e0abfcc08d for RaftStorage:Storage Directory /workdir/hadoop-ozone/ozonefs/target/test-dir/MiniOzoneClusterImpl-ca11de5b-e8c1-48c0-9c71-bb1a3ae6d3ec/datanode-1/data/ratis/682a3e82-a3e4-48c7-b2c8-d4e0abfcc08d
2019-09-06 22:01:04,972 [pool-47-thread-1] INFO  server.RaftServerConfigKeys (ConfUtils.java:logGet(43)) - raft.server.log.queue.byte-limit = 2147483647 (custom)
2019-09-06 22:01:04,972 [pool-67-thread-1] INFO  server.RaftServerConfigKeys (ConfUtils.java:logGet(43)) - raft.server.log.statemachine.data.sync.timeout = 10s (default)
2019-09-06 22:01:04,974 [pool-47-thread-1] INFO  server.RaftServerConfigKeys (ConfUtils.java:logGet(43)) - raft.server.log.queue.element-limit = 1024 (custom)
2019-09-06 22:01:04,972 [pool-37-thread-1] INFO  server.RaftServerConfigKeys (ConfUtils.java:logGet(43)) - raft.server.log.queue.byte-limit = 2147483647 (custom)
2019-09-06 22:01:04,976 [pool-47-thread-1] INFO  server.RaftServerConfigKeys (ConfUtils.java:logGet(43)) - raft.server.log.segment.size.max = 1048576 (custom)
2019-09-06 22:01:04,975 [pool-67-thread-1] INFO  server.RaftServerConfigKeys (ConfUtils.java:logGet(43)) - raft.server.log.statemachine.data.sync.timeout.retry = -1 (default)
2019-09-06 22:01:04,976 [pool-47-thread-1] INFO  server.RaftServerConfigKeys (ConfUtils.java:logGet(43)) - raft.server.log.preallocated.size = 16384 (custom)
2019-09-06 22:01:04,976 [pool-37-thread-1] INFO  server.RaftServerConfigKeys (ConfUtils.java:logGet(43)) - raft.server.log.queue.element-limit = 1024 (custom)
2019-09-06 22:01:04,977 [pool-67-thread-1] INFO  server.RaftServerConfigKeys (ConfUtils.java:logGet(43)) - raft.server.log.statemachine.data.caching.enabled = true (custom)
2019-09-06 22:01:04,976 [pool-47-thread-1] INFO  server.RaftServerConfigKeys (ConfUtils.java:logGet(43)) - raft.server.log.write.buffer.size = 33554432 (custom)
2019-09-06 22:01:04,977 [pool-37-thread-1] INFO  server.RaftServerConfigKeys (ConfUtils.java:logGet(43)) - raft.server.log.segment.size.max = 1048576 (custom)
2019-09-06 22:01:04,977 [pool-47-thread-1] INFO  server.RaftServerConfigKeys (ConfUtils.java:logGet(43)) - raft.server.log.force.sync.num = 128 (default)
2019-09-06 22:01:04,977 [pool-37-thread-1] INFO  server.RaftServerConfigKeys (ConfUtils.java:logGet(43)) - raft.server.log.preallocated.size = 16384 (custom)
2019-09-06 22:01:04,977 [pool-67-thread-1] INFO  segmented.SegmentedRaftLogWorker (SegmentedRaftLogWorker.java:lambda$new$0(132)) - cabf754e-66c5-4603-8900-162c24b4db5c-SegmentedRaftLogWorker:Storage Directory /workdir/hadoop-ozone/ozonefs/target/test-dir/MiniOzoneClusterImpl-ca11de5b-e8c1-48c0-9c71-bb1a3ae6d3ec/datanode-4/data/ratis/682a3e82-a3e4-48c7-b2c8-d4e0abfcc08d: flushIndex: setUnconditionally 0 -> -1
2019-09-06 22:01:04,978 [pool-37-thread-1] INFO  server.RaftServerConfigKeys (ConfUtils.java:logGet(43)) - raft.server.log.write.buffer.size = 33554432 (custom)
2019-09-06 22:01:04,977 [pool-47-thread-1] INFO  server.RaftServerConfigKeys (ConfUtils.java:logGet(43)) - raft.server.log.statemachine.data.sync = true (default)
2019-09-06 22:01:04,978 [pool-67-thread-1] INFO  server.RaftServerConfigKeys (ConfUtils.java:logGet(43)) - raft.server.snapshot.auto.trigger.enabled = true (custom)
2019-09-06 22:01:04,978 [pool-37-thread-1] INFO  server.RaftServerConfigKeys (ConfUtils.java:logGet(43)) - raft.server.log.force.sync.num = 128 (default)
2019-09-06 22:01:04,978 [pool-67-thread-1] INFO  server.RaftServerConfigKeys (ConfUtils.java:logGet(43)) - raft.server.snapshot.auto.trigger.threshold = 10000 (custom)
2019-09-06 22:01:04,978 [pool-47-thread-1] INFO  server.RaftServerConfigKeys (ConfUtils.java:logGet(43)) - raft.server.log.statemachine.data.sync.timeout = 10s (default)
2019-09-06 22:01:04,979 [pool-67-thread-1] INFO  server.RaftServerConfigKeys (ConfUtils.java:logGet(43)) - raft.server.retrycache.expirytime = 600000ms (custom)
2019-09-06 22:01:04,978 [pool-37-thread-1] INFO  server.RaftServerConfigKeys (ConfUtils.java:logGet(43)) - raft.server.log.statemachine.data.sync = true (default)
2019-09-06 22:01:04,979 [pool-47-thread-1] INFO  server.RaftServerConfigKeys (ConfUtils.java:logGet(43)) - raft.server.log.statemachine.data.sync.timeout.retry = -1 (default)
2019-09-06 22:01:04,979 [pool-37-thread-1] INFO  server.RaftServerConfigKeys (ConfUtils.java:logGet(43)) - raft.server.log.statemachine.data.sync.timeout = 10s (default)
2019-09-06 22:01:04,979 [pool-47-thread-1] INFO  server.RaftServerConfigKeys (ConfUtils.java:logGet(43)) - raft.server.log.statemachine.data.caching.enabled = true (custom)
2019-09-06 22:01:04,980 [pool-37-thread-1] INFO  server.RaftServerConfigKeys (ConfUtils.java:logGet(43)) - raft.server.log.statemachine.data.sync.timeout.retry = -1 (default)
2019-09-06 22:01:04,980 [pool-47-thread-1] INFO  segmented.SegmentedRaftLogWorker (SegmentedRaftLogWorker.java:lambda$new$0(132)) - e4d22c93-acc0-432e-8ff6-ef453016530c-SegmentedRaftLogWorker:Storage Directory /workdir/hadoop-ozone/ozonefs/target/test-dir/MiniOzoneClusterImpl-ca11de5b-e8c1-48c0-9c71-bb1a3ae6d3ec/datanode-2/data/ratis/682a3e82-a3e4-48c7-b2c8-d4e0abfcc08d: flushIndex: setUnconditionally 0 -> -1
2019-09-06 22:01:04,980 [pool-37-thread-1] INFO  server.RaftServerConfigKeys (ConfUtils.java:logGet(43)) - raft.server.log.statemachine.data.caching.enabled = true (custom)
2019-09-06 22:01:04,980 [pool-47-thread-1] INFO  server.RaftServerConfigKeys (ConfUtils.java:logGet(43)) - raft.server.snapshot.auto.trigger.enabled = true (custom)
2019-09-06 22:01:04,980 [pool-47-thread-1] INFO  server.RaftServerConfigKeys (ConfUtils.java:logGet(43)) - raft.server.snapshot.auto.trigger.threshold = 10000 (custom)
2019-09-06 22:01:04,981 [pool-37-thread-1] INFO  segmented.SegmentedRaftLogWorker (SegmentedRaftLogWorker.java:lambda$new$0(132)) - 5a50aa92-2737-4252-bffb-c8f2124676ea-SegmentedRaftLogWorker:Storage Directory /workdir/hadoop-ozone/ozonefs/target/test-dir/MiniOzoneClusterImpl-ca11de5b-e8c1-48c0-9c71-bb1a3ae6d3ec/datanode-1/data/ratis/682a3e82-a3e4-48c7-b2c8-d4e0abfcc08d: flushIndex: setUnconditionally 0 -> -1
2019-09-06 22:01:04,981 [pool-47-thread-1] INFO  server.RaftServerConfigKeys (ConfUtils.java:logGet(43)) - raft.server.retrycache.expirytime = 600000ms (custom)
2019-09-06 22:01:04,981 [pool-37-thread-1] INFO  server.RaftServerConfigKeys (ConfUtils.java:logGet(43)) - raft.server.snapshot.auto.trigger.enabled = true (custom)
2019-09-06 22:01:04,981 [pool-37-thread-1] INFO  server.RaftServerConfigKeys (ConfUtils.java:logGet(43)) - raft.server.snapshot.auto.trigger.threshold = 10000 (custom)
2019-09-06 22:01:04,982 [pool-37-thread-1] INFO  server.RaftServerConfigKeys (ConfUtils.java:logGet(43)) - raft.server.retrycache.expirytime = 600000ms (custom)
2019-09-06 22:01:04,982 [pool-67-thread-1] INFO  impl.RaftServerImpl (RaftServerImpl.java:<init>(93)) - cabf754e-66c5-4603-8900-162c24b4db5c: new RaftServerImpl for group-2472C3280719:[e4d22c93-acc0-432e-8ff6-ef453016530c:192.168.69.79:43075, 5a50aa92-2737-4252-bffb-c8f2124676ea:192.168.69.79:36465, cabf754e-66c5-4603-8900-162c24b4db5c:192.168.69.79:46375] with ContainerStateMachine:uninitialized
2019-09-06 22:01:04,982 [pool-67-thread-1] INFO  server.RaftServerConfigKeys (ConfUtils.java:logGet(43)) - raft.server.rpc.timeout.min = 5s (custom)
2019-09-06 22:01:04,983 [pool-67-thread-1] INFO  server.RaftServerConfigKeys (ConfUtils.java:logGet(43)) - raft.server.rpc.timeout.max = 5200ms (custom)
2019-09-06 22:01:04,983 [pool-67-thread-1] INFO  server.RaftServerConfigKeys (ConfUtils.java:logGet(43)) - raft.server.rpcslowness.timeout = 120s (custom)
2019-09-06 22:01:04,983 [pool-67-thread-1] INFO  server.RaftServerConfigKeys (ConfUtils.java:logGet(43)) - raft.server.sleep.deviation.threshold = 300 (default)
2019-09-06 22:01:04,983 [pool-47-thread-1] INFO  impl.RaftServerImpl (RaftServerImpl.java:<init>(93)) - e4d22c93-acc0-432e-8ff6-ef453016530c: new RaftServerImpl for group-2472C3280719:[e4d22c93-acc0-432e-8ff6-ef453016530c:192.168.69.79:43075, 5a50aa92-2737-4252-bffb-c8f2124676ea:192.168.69.79:36465, cabf754e-66c5-4603-8900-162c24b4db5c:192.168.69.79:46375] with ContainerStateMachine:uninitialized
2019-09-06 22:01:04,983 [pool-67-thread-1] INFO  server.RaftServerConfigKeys (ConfUtils.java:logGet(43)) - raft.server.log.appender.install.snapshot.enabled = false (custom)
2019-09-06 22:01:04,983 [pool-47-thread-1] INFO  server.RaftServerConfigKeys (ConfUtils.java:logGet(43)) - raft.server.rpc.timeout.min = 5s (custom)
2019-09-06 22:01:04,984 [pool-67-thread-1] INFO  impl.RaftServerImpl (ServerState.java:<init>(105)) - cabf754e-66c5-4603-8900-162c24b4db5c:group-2472C3280719 ConfigurationManager, init=-1: [e4d22c93-acc0-432e-8ff6-ef453016530c:192.168.69.79:43075, 5a50aa92-2737-4252-bffb-c8f2124676ea:192.168.69.79:36465, cabf754e-66c5-4603-8900-162c24b4db5c:192.168.69.79:46375], old=null, confs=<EMPTY_MAP>
2019-09-06 22:01:04,984 [pool-47-thread-1] INFO  server.RaftServerConfigKeys (ConfUtils.java:logGet(43)) - raft.server.rpc.timeout.max = 5200ms (custom)
2019-09-06 22:01:04,984 [pool-47-thread-1] INFO  server.RaftServerConfigKeys (ConfUtils.java:logGet(43)) - raft.server.rpcslowness.timeout = 120s (custom)
2019-09-06 22:01:04,984 [pool-67-thread-1] INFO  server.RaftServerConfigKeys (ConfUtils.java:logGet(43)) - raft.server.storage.dir = [/workdir/hadoop-ozone/ozonefs/target/test-dir/MiniOzoneClusterImpl-ca11de5b-e8c1-48c0-9c71-bb1a3ae6d3ec/datanode-4/data/ratis] (custom)
2019-09-06 22:01:04,984 [pool-47-thread-1] INFO  server.RaftServerConfigKeys (ConfUtils.java:logGet(43)) - raft.server.sleep.deviation.threshold = 300 (default)
2019-09-06 22:01:04,984 [pool-47-thread-1] INFO  server.RaftServerConfigKeys (ConfUtils.java:logGet(43)) - raft.server.log.appender.install.snapshot.enabled = false (custom)
2019-09-06 22:01:04,985 [pool-47-thread-1] INFO  impl.RaftServerImpl (ServerState.java:<init>(105)) - e4d22c93-acc0-432e-8ff6-ef453016530c:group-2472C3280719 ConfigurationManager, init=-1: [e4d22c93-acc0-432e-8ff6-ef453016530c:192.168.69.79:43075, 5a50aa92-2737-4252-bffb-c8f2124676ea:192.168.69.79:36465, cabf754e-66c5-4603-8900-162c24b4db5c:192.168.69.79:46375], old=null, confs=<EMPTY_MAP>
2019-09-06 22:01:04,985 [pool-37-thread-1] INFO  impl.RaftServerImpl (RaftServerImpl.java:<init>(93)) - 5a50aa92-2737-4252-bffb-c8f2124676ea: new RaftServerImpl for group-2472C3280719:[e4d22c93-acc0-432e-8ff6-ef453016530c:192.168.69.79:43075, 5a50aa92-2737-4252-bffb-c8f2124676ea:192.168.69.79:36465, cabf754e-66c5-4603-8900-162c24b4db5c:192.168.69.79:46375] with ContainerStateMachine:uninitialized
2019-09-06 22:01:04,985 [pool-67-thread-1] INFO  storage.RaftStorageDirectory (RaftStorageDirectory.java:analyzeStorage(246)) - The storage directory /workdir/hadoop-ozone/ozonefs/target/test-dir/MiniOzoneClusterImpl-ca11de5b-e8c1-48c0-9c71-bb1a3ae6d3ec/datanode-4/data/ratis/f7605bd6-4edb-4031-be09-2472c3280719 does not exist. Creating ...
2019-09-06 22:01:04,985 [pool-37-thread-1] INFO  server.RaftServerConfigKeys (ConfUtils.java:logGet(43)) - raft.server.rpc.timeout.min = 5s (custom)
2019-09-06 22:01:04,985 [pool-47-thread-1] INFO  server.RaftServerConfigKeys (ConfUtils.java:logGet(43)) - raft.server.storage.dir = [/workdir/hadoop-ozone/ozonefs/target/test-dir/MiniOzoneClusterImpl-ca11de5b-e8c1-48c0-9c71-bb1a3ae6d3ec/datanode-2/data/ratis] (custom)
2019-09-06 22:01:04,985 [pool-37-thread-1] INFO  server.RaftServerConfigKeys (ConfUtils.java:logGet(43)) - raft.server.rpc.timeout.max = 5200ms (custom)
2019-09-06 22:01:04,986 [pool-37-thread-1] INFO  server.RaftServerConfigKeys (ConfUtils.java:logGet(43)) - raft.server.rpcslowness.timeout = 120s (custom)
2019-09-06 22:01:04,986 [pool-47-thread-1] INFO  storage.RaftStorageDirectory (RaftStorageDirectory.java:analyzeStorage(246)) - The storage directory /workdir/hadoop-ozone/ozonefs/target/test-dir/MiniOzoneClusterImpl-ca11de5b-e8c1-48c0-9c71-bb1a3ae6d3ec/datanode-2/data/ratis/f7605bd6-4edb-4031-be09-2472c3280719 does not exist. Creating ...
2019-09-06 22:01:04,986 [pool-37-thread-1] INFO  server.RaftServerConfigKeys (ConfUtils.java:logGet(43)) - raft.server.sleep.deviation.threshold = 300 (default)
2019-09-06 22:01:04,986 [pool-37-thread-1] INFO  server.RaftServerConfigKeys (ConfUtils.java:logGet(43)) - raft.server.log.appender.install.snapshot.enabled = false (custom)
2019-09-06 22:01:04,986 [pool-37-thread-1] INFO  impl.RaftServerImpl (ServerState.java:<init>(105)) - 5a50aa92-2737-4252-bffb-c8f2124676ea:group-2472C3280719 ConfigurationManager, init=-1: [e4d22c93-acc0-432e-8ff6-ef453016530c:192.168.69.79:43075, 5a50aa92-2737-4252-bffb-c8f2124676ea:192.168.69.79:36465, cabf754e-66c5-4603-8900-162c24b4db5c:192.168.69.79:46375], old=null, confs=<EMPTY_MAP>
2019-09-06 22:01:04,986 [pool-37-thread-1] INFO  server.RaftServerConfigKeys (ConfUtils.java:logGet(43)) - raft.server.storage.dir = [/workdir/hadoop-ozone/ozonefs/target/test-dir/MiniOzoneClusterImpl-ca11de5b-e8c1-48c0-9c71-bb1a3ae6d3ec/datanode-1/data/ratis] (custom)
2019-09-06 22:01:04,987 [pool-37-thread-1] INFO  storage.RaftStorageDirectory (RaftStorageDirectory.java:analyzeStorage(246)) - The storage directory /workdir/hadoop-ozone/ozonefs/target/test-dir/MiniOzoneClusterImpl-ca11de5b-e8c1-48c0-9c71-bb1a3ae6d3ec/datanode-1/data/ratis/f7605bd6-4edb-4031-be09-2472c3280719 does not exist. Creating ...
2019-09-06 22:01:06,546 [pool-37-thread-1] INFO  storage.RaftStorageDirectory (RaftStorageDirectory.java:tryLock(328)) - Lock on /workdir/hadoop-ozone/ozonefs/target/test-dir/MiniOzoneClusterImpl-ca11de5b-e8c1-48c0-9c71-bb1a3ae6d3ec/datanode-1/data/ratis/f7605bd6-4edb-4031-be09-2472c3280719/in_use.lock acquired by nodename 3576@pr-hdds-2087-j7wfl-3989464410
2019-09-06 22:01:06,546 [pool-47-thread-1] INFO  storage.RaftStorageDirectory (RaftStorageDirectory.java:tryLock(328)) - Lock on /workdir/hadoop-ozone/ozonefs/target/test-dir/MiniOzoneClusterImpl-ca11de5b-e8c1-48c0-9c71-bb1a3ae6d3ec/datanode-2/data/ratis/f7605bd6-4edb-4031-be09-2472c3280719/in_use.lock acquired by nodename 3576@pr-hdds-2087-j7wfl-3989464410
2019-09-06 22:01:06,546 [pool-67-thread-1] INFO  storage.RaftStorageDirectory (RaftStorageDirectory.java:tryLock(328)) - Lock on /workdir/hadoop-ozone/ozonefs/target/test-dir/MiniOzoneClusterImpl-ca11de5b-e8c1-48c0-9c71-bb1a3ae6d3ec/datanode-4/data/ratis/f7605bd6-4edb-4031-be09-2472c3280719/in_use.lock acquired by nodename 3576@pr-hdds-2087-j7wfl-3989464410
2019-09-06 22:01:07,164 [pool-47-thread-1] INFO  storage.RaftStorage (RaftStorage.java:format(72)) - Storage directory /workdir/hadoop-ozone/ozonefs/target/test-dir/MiniOzoneClusterImpl-ca11de5b-e8c1-48c0-9c71-bb1a3ae6d3ec/datanode-2/data/ratis/f7605bd6-4edb-4031-be09-2472c3280719 has been successfully formatted.
2019-09-06 22:01:07,164 [pool-37-thread-1] INFO  storage.RaftStorage (RaftStorage.java:format(72)) - Storage directory /workdir/hadoop-ozone/ozonefs/target/test-dir/MiniOzoneClusterImpl-ca11de5b-e8c1-48c0-9c71-bb1a3ae6d3ec/datanode-1/data/ratis/f7605bd6-4edb-4031-be09-2472c3280719 has been successfully formatted.
2019-09-06 22:01:07,164 [pool-67-thread-1] INFO  storage.RaftStorage (RaftStorage.java:format(72)) - Storage directory /workdir/hadoop-ozone/ozonefs/target/test-dir/MiniOzoneClusterImpl-ca11de5b-e8c1-48c0-9c71-bb1a3ae6d3ec/datanode-4/data/ratis/f7605bd6-4edb-4031-be09-2472c3280719 has been successfully formatted.
2019-09-06 22:01:07,164 [pool-47-thread-1] INFO  ratis.ContainerStateMachine (ContainerStateMachine.java:loadSnapshot(227)) - group-2472C3280719: The snapshot info is null. Setting the last applied indexto:(t:0, i:~)
2019-09-06 22:01:07,165 [pool-67-thread-1] INFO  ratis.ContainerStateMachine (ContainerStateMachine.java:loadSnapshot(227)) - group-2472C3280719: The snapshot info is null. Setting the last applied indexto:(t:0, i:~)
2019-09-06 22:01:07,165 [pool-47-thread-1] INFO  server.RaftServerConfigKeys (ConfUtils.java:logGet(43)) - raft.server.leader.election.timeout = 120s (custom)
2019-09-06 22:01:07,165 [pool-67-thread-1] INFO  server.RaftServerConfigKeys (ConfUtils.java:logGet(43)) - raft.server.leader.election.timeout = 120s (custom)
2019-09-06 22:01:07,165 [pool-37-thread-1] INFO  ratis.ContainerStateMachine (ContainerStateMachine.java:loadSnapshot(227)) - group-2472C3280719: The snapshot info is null. Setting the last applied indexto:(t:0, i:~)
2019-09-06 22:01:07,165 [pool-67-thread-1] INFO  server.RaftServerConfigKeys (ConfUtils.java:logGet(43)) - raft.server.log.use.memory = false (default)
2019-09-06 22:01:07,165 [pool-47-thread-1] INFO  server.RaftServerConfigKeys (ConfUtils.java:logGet(43)) - raft.server.log.use.memory = false (default)
2019-09-06 22:01:07,165 [pool-67-thread-1] INFO  server.RaftServerConfigKeys (ConfUtils.java:logGet(43)) - raft.server.log.purge.gap = 1000000 (custom)
2019-09-06 22:01:07,165 [pool-37-thread-1] INFO  server.RaftServerConfigKeys (ConfUtils.java:logGet(43)) - raft.server.leader.election.timeout = 120s (custom)
2019-09-06 22:01:07,166 [pool-67-thread-1] INFO  server.RaftServerConfigKeys (ConfUtils.java:logGet(43)) - raft.server.log.appender.buffer.byte-limit = 33554432 (custom)
2019-09-06 22:01:07,166 [pool-47-thread-1] INFO  server.RaftServerConfigKeys (ConfUtils.java:logGet(43)) - raft.server.log.purge.gap = 1000000 (custom)
2019-09-06 22:01:07,166 [pool-67-thread-1] INFO  server.RaftServerConfigKeys (ConfUtils.java:logGet(43)) - raft.server.log.segment.size.max = 1048576 (custom)
2019-09-06 22:01:07,166 [pool-37-thread-1] INFO  server.RaftServerConfigKeys (ConfUtils.java:logGet(43)) - raft.server.log.use.memory = false (default)
2019-09-06 22:01:07,166 [pool-67-thread-1] INFO  server.RaftServerConfigKeys (ConfUtils.java:logGet(43)) - raft.server.log.segment.cache.num.max = 2 (custom)
2019-09-06 22:01:07,166 [pool-47-thread-1] INFO  server.RaftServerConfigKeys (ConfUtils.java:logGet(43)) - raft.server.log.appender.buffer.byte-limit = 33554432 (custom)
2019-09-06 22:01:07,167 [pool-67-thread-1] INFO  segmented.SegmentedRaftLogWorker (SegmentedRaftLogWorker.java:<init>(172)) - new cabf754e-66c5-4603-8900-162c24b4db5c-SegmentedRaftLogWorker:Storage Directory /workdir/hadoop-ozone/ozonefs/target/test-dir/MiniOzoneClusterImpl-ca11de5b-e8c1-48c0-9c71-bb1a3ae6d3ec/datanode-4/data/ratis/f7605bd6-4edb-4031-be09-2472c3280719 for RaftStorage:Storage Directory /workdir/hadoop-ozone/ozonefs/target/test-dir/MiniOzoneClusterImpl-ca11de5b-e8c1-48c0-9c71-bb1a3ae6d3ec/datanode-4/data/ratis/f7605bd6-4edb-4031-be09-2472c3280719
2019-09-06 22:01:07,167 [pool-37-thread-1] INFO  server.RaftServerConfigKeys (ConfUtils.java:logGet(43)) - raft.server.log.purge.gap = 1000000 (custom)
2019-09-06 22:01:07,167 [pool-67-thread-1] INFO  server.RaftServerConfigKeys (ConfUtils.java:logGet(43)) - raft.server.log.queue.byte-limit = 2147483647 (custom)
2019-09-06 22:01:07,167 [pool-47-thread-1] INFO  server.RaftServerConfigKeys (ConfUtils.java:logGet(43)) - raft.server.log.segment.size.max = 1048576 (custom)
2019-09-06 22:01:07,170 [pool-67-thread-1] INFO  server.RaftServerConfigKeys (ConfUtils.java:logGet(43)) - raft.server.log.queue.element-limit = 1024 (custom)
2019-09-06 22:01:07,167 [pool-37-thread-1] INFO  server.RaftServerConfigKeys (ConfUtils.java:logGet(43)) - raft.server.log.appender.buffer.byte-limit = 33554432 (custom)
2019-09-06 22:01:07,170 [pool-67-thread-1] INFO  server.RaftServerConfigKeys (ConfUtils.java:logGet(43)) - raft.server.log.segment.size.max = 1048576 (custom)
2019-09-06 22:01:07,170 [pool-67-thread-1] INFO  server.RaftServerConfigKeys (ConfUtils.java:logGet(43)) - raft.server.log.preallocated.size = 16384 (custom)
2019-09-06 22:01:07,170 [pool-47-thread-1] INFO  server.RaftServerConfigKeys (ConfUtils.java:logGet(43)) - raft.server.log.segment.cache.num.max = 2 (custom)
2019-09-06 22:01:07,170 [pool-67-thread-1] INFO  server.RaftServerConfigKeys (ConfUtils.java:logGet(43)) - raft.server.log.write.buffer.size = 33554432 (custom)
2019-09-06 22:01:07,170 [pool-37-thread-1] INFO  server.RaftServerConfigKeys (ConfUtils.java:logGet(43)) - raft.server.log.segment.size.max = 1048576 (custom)
2019-09-06 22:01:07,171 [pool-67-thread-1] INFO  server.RaftServerConfigKeys (ConfUtils.java:logGet(43)) - raft.server.log.force.sync.num = 128 (default)
2019-09-06 22:01:07,171 [pool-47-thread-1] INFO  segmented.SegmentedRaftLogWorker (SegmentedRaftLogWorker.java:<init>(172)) - new e4d22c93-acc0-432e-8ff6-ef453016530c-SegmentedRaftLogWorker:Storage Directory /workdir/hadoop-ozone/ozonefs/target/test-dir/MiniOzoneClusterImpl-ca11de5b-e8c1-48c0-9c71-bb1a3ae6d3ec/datanode-2/data/ratis/f7605bd6-4edb-4031-be09-2472c3280719 for RaftStorage:Storage Directory /workdir/hadoop-ozone/ozonefs/target/test-dir/MiniOzoneClusterImpl-ca11de5b-e8c1-48c0-9c71-bb1a3ae6d3ec/datanode-2/data/ratis/f7605bd6-4edb-4031-be09-2472c3280719
2019-09-06 22:01:07,171 [pool-67-thread-1] INFO  server.RaftServerConfigKeys (ConfUtils.java:logGet(43)) - raft.server.log.statemachine.data.sync = true (default)
2019-09-06 22:01:07,171 [pool-37-thread-1] INFO  server.RaftServerConfigKeys (ConfUtils.java:logGet(43)) - raft.server.log.segment.cache.num.max = 2 (custom)
2019-09-06 22:01:07,171 [pool-67-thread-1] INFO  server.RaftServerConfigKeys (ConfUtils.java:logGet(43)) - raft.server.log.statemachine.data.sync.timeout = 10s (default)
2019-09-06 22:01:07,171 [pool-47-thread-1] INFO  server.RaftServerConfigKeys (ConfUtils.java:logGet(43)) - raft.server.log.queue.byte-limit = 2147483647 (custom)
2019-09-06 22:01:07,173 [pool-67-thread-1] INFO  server.RaftServerConfigKeys (ConfUtils.java:logGet(43)) - raft.server.log.statemachine.data.sync.timeout.retry = -1 (default)
2019-09-06 22:01:07,173 [pool-37-thread-1] INFO  segmented.SegmentedRaftLogWorker (SegmentedRaftLogWorker.java:<init>(172)) - new 5a50aa92-2737-4252-bffb-c8f2124676ea-SegmentedRaftLogWorker:Storage Directory /workdir/hadoop-ozone/ozonefs/target/test-dir/MiniOzoneClusterImpl-ca11de5b-e8c1-48c0-9c71-bb1a3ae6d3ec/datanode-1/data/ratis/f7605bd6-4edb-4031-be09-2472c3280719 for RaftStorage:Storage Directory /workdir/hadoop-ozone/ozonefs/target/test-dir/MiniOzoneClusterImpl-ca11de5b-e8c1-48c0-9c71-bb1a3ae6d3ec/datanode-1/data/ratis/f7605bd6-4edb-4031-be09-2472c3280719
2019-09-06 22:01:07,173 [pool-67-thread-1] INFO  server.RaftServerConfigKeys (ConfUtils.java:logGet(43)) - raft.server.log.statemachine.data.caching.enabled = true (custom)
2019-09-06 22:01:07,173 [pool-47-thread-1] INFO  server.RaftServerConfigKeys (ConfUtils.java:logGet(43)) - raft.server.log.queue.element-limit = 1024 (custom)
2019-09-06 22:01:07,175 [pool-67-thread-1] INFO  segmented.SegmentedRaftLogWorker (SegmentedRaftLogWorker.java:lambda$new$0(132)) - cabf754e-66c5-4603-8900-162c24b4db5c-SegmentedRaftLogWorker:Storage Directory /workdir/hadoop-ozone/ozonefs/target/test-dir/MiniOzoneClusterImpl-ca11de5b-e8c1-48c0-9c71-bb1a3ae6d3ec/datanode-4/data/ratis/f7605bd6-4edb-4031-be09-2472c3280719: flushIndex: setUnconditionally 0 -> -1
2019-09-06 22:01:07,174 [pool-37-thread-1] INFO  server.RaftServerConfigKeys (ConfUtils.java:logGet(43)) - raft.server.log.queue.byte-limit = 2147483647 (custom)
2019-09-06 22:01:07,175 [pool-47-thread-1] INFO  server.RaftServerConfigKeys (ConfUtils.java:logGet(43)) - raft.server.log.segment.size.max = 1048576 (custom)
2019-09-06 22:01:07,176 [pool-67-thread-1] INFO  server.RaftServerConfigKeys (ConfUtils.java:logGet(43)) - raft.server.snapshot.auto.trigger.enabled = true (custom)
2019-09-06 22:01:07,175 [pool-37-thread-1] INFO  server.RaftServerConfigKeys (ConfUtils.java:logGet(43)) - raft.server.log.queue.element-limit = 1024 (custom)
2019-09-06 22:01:07,176 [pool-67-thread-1] INFO  server.RaftServerConfigKeys (ConfUtils.java:logGet(43)) - raft.server.snapshot.auto.trigger.threshold = 10000 (custom)
2019-09-06 22:01:07,176 [pool-47-thread-1] INFO  server.RaftServerConfigKeys (ConfUtils.java:logGet(43)) - raft.server.log.preallocated.size = 16384 (custom)
2019-09-06 22:01:07,176 [pool-37-thread-1] INFO  server.RaftServerConfigKeys (ConfUtils.java:logGet(43)) - raft.server.log.segment.size.max = 1048576 (custom)
2019-09-06 22:01:07,176 [pool-47-thread-1] INFO  server.RaftServerConfigKeys (ConfUtils.java:logGet(43)) - raft.server.log.write.buffer.size = 33554432 (custom)
2019-09-06 22:01:07,176 [pool-67-thread-1] INFO  server.RaftServerConfigKeys (ConfUtils.java:logGet(43)) - raft.server.retrycache.expirytime = 600000ms (custom)
2019-09-06 22:01:07,176 [pool-47-thread-1] INFO  server.RaftServerConfigKeys (ConfUtils.java:logGet(43)) - raft.server.log.force.sync.num = 128 (default)
2019-09-06 22:01:07,176 [pool-37-thread-1] INFO  server.RaftServerConfigKeys (ConfUtils.java:logGet(43)) - raft.server.log.preallocated.size = 16384 (custom)
2019-09-06 22:01:07,177 [pool-47-thread-1] INFO  server.RaftServerConfigKeys (ConfUtils.java:logGet(43)) - raft.server.log.statemachine.data.sync = true (default)
2019-09-06 22:01:07,177 [pool-37-thread-1] INFO  server.RaftServerConfigKeys (ConfUtils.java:logGet(43)) - raft.server.log.write.buffer.size = 33554432 (custom)
2019-09-06 22:01:07,177 [pool-47-thread-1] INFO  server.RaftServerConfigKeys (ConfUtils.java:logGet(43)) - raft.server.log.statemachine.data.sync.timeout = 10s (default)
2019-09-06 22:01:07,177 [pool-37-thread-1] INFO  server.RaftServerConfigKeys (ConfUtils.java:logGet(43)) - raft.server.log.force.sync.num = 128 (default)
2019-09-06 22:01:07,177 [pool-47-thread-1] INFO  server.RaftServerConfigKeys (ConfUtils.java:logGet(43)) - raft.server.log.statemachine.data.sync.timeout.retry = -1 (default)
2019-09-06 22:01:07,177 [pool-37-thread-1] INFO  server.RaftServerConfigKeys (ConfUtils.java:logGet(43)) - raft.server.log.statemachine.data.sync = true (default)
2019-09-06 22:01:07,178 [pool-47-thread-1] INFO  server.RaftServerConfigKeys (ConfUtils.java:logGet(43)) - raft.server.log.statemachine.data.caching.enabled = true (custom)
2019-09-06 22:01:07,178 [pool-37-thread-1] INFO  server.RaftServerConfigKeys (ConfUtils.java:logGet(43)) - raft.server.log.statemachine.data.sync.timeout = 10s (default)
2019-09-06 22:01:07,178 [pool-37-thread-1] INFO  server.RaftServerConfigKeys (ConfUtils.java:logGet(43)) - raft.server.log.statemachine.data.sync.timeout.retry = -1 (default)
2019-09-06 22:01:07,178 [pool-47-thread-1] INFO  segmented.SegmentedRaftLogWorker (SegmentedRaftLogWorker.java:lambda$new$0(132)) - e4d22c93-acc0-432e-8ff6-ef453016530c-SegmentedRaftLogWorker:Storage Directory /workdir/hadoop-ozone/ozonefs/target/test-dir/MiniOzoneClusterImpl-ca11de5b-e8c1-48c0-9c71-bb1a3ae6d3ec/datanode-2/data/ratis/f7605bd6-4edb-4031-be09-2472c3280719: flushIndex: setUnconditionally 0 -> -1
2019-09-06 22:01:07,178 [pool-37-thread-1] INFO  server.RaftServerConfigKeys (ConfUtils.java:logGet(43)) - raft.server.log.statemachine.data.caching.enabled = true (custom)
2019-09-06 22:01:07,178 [pool-67-thread-1] INFO  impl.RaftServerImpl (RaftServerImpl.java:<init>(93)) - cabf754e-66c5-4603-8900-162c24b4db5c: new RaftServerImpl for group-2299B1DAC38B:[e4d22c93-acc0-432e-8ff6-ef453016530c:192.168.69.79:43075, 5a50aa92-2737-4252-bffb-c8f2124676ea:192.168.69.79:36465, cabf754e-66c5-4603-8900-162c24b4db5c:192.168.69.79:46375] with ContainerStateMachine:uninitialized
2019-09-06 22:01:07,178 [pool-47-thread-1] INFO  server.RaftServerConfigKeys (ConfUtils.java:logGet(43)) - raft.server.snapshot.auto.trigger.enabled = true (custom)
2019-09-06 22:01:07,179 [pool-37-thread-1] INFO  segmented.SegmentedRaftLogWorker (SegmentedRaftLogWorker.java:lambda$new$0(132)) - 5a50aa92-2737-4252-bffb-c8f2124676ea-SegmentedRaftLogWorker:Storage Directory /workdir/hadoop-ozone/ozonefs/target/test-dir/MiniOzoneClusterImpl-ca11de5b-e8c1-48c0-9c71-bb1a3ae6d3ec/datanode-1/data/ratis/f7605bd6-4edb-4031-be09-2472c3280719: flushIndex: setUnconditionally 0 -> -1
2019-09-06 22:01:07,179 [pool-67-thread-1] INFO  server.RaftServerConfigKeys (ConfUtils.java:logGet(43)) - raft.server.rpc.timeout.min = 5s (custom)
2019-09-06 22:01:07,179 [pool-47-thread-1] INFO  server.RaftServerConfigKeys (ConfUtils.java:logGet(43)) - raft.server.snapshot.auto.trigger.threshold = 10000 (custom)
2019-09-06 22:01:07,179 [pool-37-thread-1] INFO  server.RaftServerConfigKeys (ConfUtils.java:logGet(43)) - raft.server.snapshot.auto.trigger.enabled = true (custom)
2019-09-06 22:01:07,179 [pool-67-thread-1] INFO  server.RaftServerConfigKeys (ConfUtils.java:logGet(43)) - raft.server.rpc.timeout.max = 5200ms (custom)
2019-09-06 22:01:07,179 [pool-37-thread-1] INFO  server.RaftServerConfigKeys (ConfUtils.java:logGet(43)) - raft.server.snapshot.auto.trigger.threshold = 10000 (custom)
2019-09-06 22:01:07,179 [pool-47-thread-1] INFO  server.RaftServerConfigKeys (ConfUtils.java:logGet(43)) - raft.server.retrycache.expirytime = 600000ms (custom)
2019-09-06 22:01:07,180 [pool-37-thread-1] INFO  server.RaftServerConfigKeys (ConfUtils.java:logGet(43)) - raft.server.retrycache.expirytime = 600000ms (custom)
2019-09-06 22:01:07,179 [pool-67-thread-1] INFO  server.RaftServerConfigKeys (ConfUtils.java:logGet(43)) - raft.server.rpcslowness.timeout = 120s (custom)
2019-09-06 22:01:07,180 [pool-67-thread-1] INFO  server.RaftServerConfigKeys (ConfUtils.java:logGet(43)) - raft.server.sleep.deviation.threshold = 300 (default)
2019-09-06 22:01:07,180 [pool-67-thread-1] INFO  server.RaftServerConfigKeys (ConfUtils.java:logGet(43)) - raft.server.log.appender.install.snapshot.enabled = false (custom)
2019-09-06 22:01:07,180 [pool-67-thread-1] INFO  impl.RaftServerImpl (ServerState.java:<init>(105)) - cabf754e-66c5-4603-8900-162c24b4db5c:group-2299B1DAC38B ConfigurationManager, init=-1: [e4d22c93-acc0-432e-8ff6-ef453016530c:192.168.69.79:43075, 5a50aa92-2737-4252-bffb-c8f2124676ea:192.168.69.79:36465, cabf754e-66c5-4603-8900-162c24b4db5c:192.168.69.79:46375], old=null, confs=<EMPTY_MAP>
2019-09-06 22:01:07,180 [pool-67-thread-1] INFO  server.RaftServerConfigKeys (ConfUtils.java:logGet(43)) - raft.server.storage.dir = [/workdir/hadoop-ozone/ozonefs/target/test-dir/MiniOzoneClusterImpl-ca11de5b-e8c1-48c0-9c71-bb1a3ae6d3ec/datanode-4/data/ratis] (custom)
2019-09-06 22:01:07,181 [pool-67-thread-1] INFO  storage.RaftStorageDirectory (RaftStorageDirectory.java:analyzeStorage(246)) - The storage directory /workdir/hadoop-ozone/ozonefs/target/test-dir/MiniOzoneClusterImpl-ca11de5b-e8c1-48c0-9c71-bb1a3ae6d3ec/datanode-4/data/ratis/6d79c3de-d503-41a3-968f-2299b1dac38b does not exist. Creating ...
2019-09-06 22:01:07,181 [pool-47-thread-1] INFO  impl.RaftServerImpl (RaftServerImpl.java:<init>(93)) - e4d22c93-acc0-432e-8ff6-ef453016530c: new RaftServerImpl for group-2299B1DAC38B:[e4d22c93-acc0-432e-8ff6-ef453016530c:192.168.69.79:43075, 5a50aa92-2737-4252-bffb-c8f2124676ea:192.168.69.79:36465, cabf754e-66c5-4603-8900-162c24b4db5c:192.168.69.79:46375] with ContainerStateMachine:uninitialized
2019-09-06 22:01:07,182 [pool-47-thread-1] INFO  server.RaftServerConfigKeys (ConfUtils.java:logGet(43)) - raft.server.rpc.timeout.min = 5s (custom)
2019-09-06 22:01:07,182 [pool-47-thread-1] INFO  server.RaftServerConfigKeys (ConfUtils.java:logGet(43)) - raft.server.rpc.timeout.max = 5200ms (custom)
2019-09-06 22:01:07,182 [pool-47-thread-1] INFO  server.RaftServerConfigKeys (ConfUtils.java:logGet(43)) - raft.server.rpcslowness.timeout = 120s (custom)
2019-09-06 22:01:07,182 [pool-47-thread-1] INFO  server.RaftServerConfigKeys (ConfUtils.java:logGet(43)) - raft.server.sleep.deviation.threshold = 300 (default)
2019-09-06 22:01:07,182 [pool-37-thread-1] INFO  impl.RaftServerImpl (RaftServerImpl.java:<init>(93)) - 5a50aa92-2737-4252-bffb-c8f2124676ea: new RaftServerImpl for group-2299B1DAC38B:[e4d22c93-acc0-432e-8ff6-ef453016530c:192.168.69.79:43075, 5a50aa92-2737-4252-bffb-c8f2124676ea:192.168.69.79:36465, cabf754e-66c5-4603-8900-162c24b4db5c:192.168.69.79:46375] with ContainerStateMachine:uninitialized
2019-09-06 22:01:07,182 [pool-47-thread-1] INFO  server.RaftServerConfigKeys (ConfUtils.java:logGet(43)) - raft.server.log.appender.install.snapshot.enabled = false (custom)
2019-09-06 22:01:07,182 [pool-37-thread-1] INFO  server.RaftServerConfigKeys (ConfUtils.java:logGet(43)) - raft.server.rpc.timeout.min = 5s (custom)
2019-09-06 22:01:07,183 [pool-47-thread-1] INFO  impl.RaftServerImpl (ServerState.java:<init>(105)) - e4d22c93-acc0-432e-8ff6-ef453016530c:group-2299B1DAC38B ConfigurationManager, init=-1: [e4d22c93-acc0-432e-8ff6-ef453016530c:192.168.69.79:43075, 5a50aa92-2737-4252-bffb-c8f2124676ea:192.168.69.79:36465, cabf754e-66c5-4603-8900-162c24b4db5c:192.168.69.79:46375], old=null, confs=<EMPTY_MAP>
2019-09-06 22:01:07,183 [pool-37-thread-1] INFO  server.RaftServerConfigKeys (ConfUtils.java:logGet(43)) - raft.server.rpc.timeout.max = 5200ms (custom)
2019-09-06 22:01:07,183 [pool-47-thread-1] INFO  server.RaftServerConfigKeys (ConfUtils.java:logGet(43)) - raft.server.storage.dir = [/workdir/hadoop-ozone/ozonefs/target/test-dir/MiniOzoneClusterImpl-ca11de5b-e8c1-48c0-9c71-bb1a3ae6d3ec/datanode-2/data/ratis] (custom)
2019-09-06 22:01:07,183 [pool-37-thread-1] INFO  server.RaftServerConfigKeys (ConfUtils.java:logGet(43)) - raft.server.rpcslowness.timeout = 120s (custom)
2019-09-06 22:01:07,183 [pool-37-thread-1] INFO  server.RaftServerConfigKeys (ConfUtils.java:logGet(43)) - raft.server.sleep.deviation.threshold = 300 (default)
2019-09-06 22:01:07,183 [pool-37-thread-1] INFO  server.RaftServerConfigKeys (ConfUtils.java:logGet(43)) - raft.server.log.appender.install.snapshot.enabled = false (custom)
2019-09-06 22:01:07,183 [pool-47-thread-1] INFO  storage.RaftStorageDirectory (RaftStorageDirectory.java:analyzeStorage(246)) - The storage directory /workdir/hadoop-ozone/ozonefs/target/test-dir/MiniOzoneClusterImpl-ca11de5b-e8c1-48c0-9c71-bb1a3ae6d3ec/datanode-2/data/ratis/6d79c3de-d503-41a3-968f-2299b1dac38b does not exist. Creating ...
2019-09-06 22:01:07,183 [pool-37-thread-1] INFO  impl.RaftServerImpl (ServerState.java:<init>(105)) - 5a50aa92-2737-4252-bffb-c8f2124676ea:group-2299B1DAC38B ConfigurationManager, init=-1: [e4d22c93-acc0-432e-8ff6-ef453016530c:192.168.69.79:43075, 5a50aa92-2737-4252-bffb-c8f2124676ea:192.168.69.79:36465, cabf754e-66c5-4603-8900-162c24b4db5c:192.168.69.79:46375], old=null, confs=<EMPTY_MAP>
2019-09-06 22:01:07,184 [pool-37-thread-1] INFO  server.RaftServerConfigKeys (ConfUtils.java:logGet(43)) - raft.server.storage.dir = [/workdir/hadoop-ozone/ozonefs/target/test-dir/MiniOzoneClusterImpl-ca11de5b-e8c1-48c0-9c71-bb1a3ae6d3ec/datanode-1/data/ratis] (custom)
2019-09-06 22:01:07,184 [pool-37-thread-1] INFO  storage.RaftStorageDirectory (RaftStorageDirectory.java:analyzeStorage(246)) - The storage directory /workdir/hadoop-ozone/ozonefs/target/test-dir/MiniOzoneClusterImpl-ca11de5b-e8c1-48c0-9c71-bb1a3ae6d3ec/datanode-1/data/ratis/6d79c3de-d503-41a3-968f-2299b1dac38b does not exist. Creating ...
2019-09-06 22:01:07,784 [Thread-268] INFO  impl.FollowerState (FollowerState.java:run(106)) - 5a50aa92-2737-4252-bffb-c8f2124676ea:group-677E93E50466 changes to CANDIDATE, lastRpcTime:5042, electionTimeout:5042ms
2019-09-06 22:01:07,785 [Thread-268] INFO  impl.RoleInfo (RoleInfo.java:shutdownFollowerState(121)) - 5a50aa92-2737-4252-bffb-c8f2124676ea: shutdown FollowerState
2019-09-06 22:01:07,785 [Thread-268] INFO  impl.RaftServerImpl (RaftServerImpl.java:setRole(171)) - 5a50aa92-2737-4252-bffb-c8f2124676ea:group-677E93E50466 changes role from FOLLOWER to CANDIDATE at term 0 for changeToCandidate
2019-09-06 22:01:07,785 [Thread-268] INFO  impl.RoleInfo (RoleInfo.java:updateAndGet(143)) - 5a50aa92-2737-4252-bffb-c8f2124676ea: start LeaderElection
2019-09-06 22:01:07,856 [RATISCREATEPIPELINE1] ERROR pipeline.RatisPipelineProvider (RatisPipelineProvider.java:lambda$null$5(236)) - Failed invoke Ratis rpc org.apache.hadoop.hdds.scm.pipeline.RatisPipelineProvider$$Lambda$172/1300682258@37eb1f61 for cabf754e-66c5-4603-8900-162c24b4db5c
org.apache.ratis.protocol.TimeoutIOException: deadline exceeded after 2999584543ns
	at org.apache.ratis.grpc.GrpcUtil.tryUnwrapException(GrpcUtil.java:82)
	at org.apache.ratis.grpc.GrpcUtil.unwrapException(GrpcUtil.java:75)
	at org.apache.ratis.grpc.client.GrpcClientProtocolClient.blockingCall(GrpcClientProtocolClient.java:169)
	at org.apache.ratis.grpc.client.GrpcClientProtocolClient.groupAdd(GrpcClientProtocolClient.java:138)
	at org.apache.ratis.grpc.client.GrpcClientRpc.sendRequest(GrpcClientRpc.java:94)
	at org.apache.ratis.client.impl.RaftClientImpl.sendRequest(RaftClientImpl.java:279)
	at org.apache.ratis.client.impl.RaftClientImpl.groupAdd(RaftClientImpl.java:206)
	at org.apache.hadoop.hdds.scm.pipeline.RatisPipelineProvider.lambda$initializePipeline$4(RatisPipelineProvider.java:195)
	at org.apache.hadoop.hdds.scm.pipeline.RatisPipelineProvider.lambda$null$5(RatisPipelineProvider.java:232)
	at java.util.stream.ForEachOps$ForEachOp$OfRef.accept(ForEachOps.java:184)
	at java.util.ArrayList$ArrayListSpliterator.forEachRemaining(ArrayList.java:1382)
	at java.util.stream.AbstractPipeline.copyInto(AbstractPipeline.java:482)
	at java.util.stream.ForEachOps$ForEachTask.compute(ForEachOps.java:291)
	at java.util.concurrent.CountedCompleter.exec(CountedCompleter.java:731)
	at java.util.concurrent.ForkJoinTask.doExec(ForkJoinTask.java:289)
	at java.util.concurrent.ForkJoinTask.doInvoke(ForkJoinTask.java:401)
	at java.util.concurrent.ForkJoinTask.invoke(ForkJoinTask.java:734)
	at java.util.stream.ForEachOps$ForEachOp.evaluateParallel(ForEachOps.java:160)
	at java.util.stream.ForEachOps$ForEachOp$OfRef.evaluateParallel(ForEachOps.java:174)
	at java.util.stream.AbstractPipeline.evaluate(AbstractPipeline.java:233)
	at java.util.stream.ReferencePipeline.forEach(ReferencePipeline.java:418)
	at java.util.stream.ReferencePipeline$Head.forEach(ReferencePipeline.java:583)
	at org.apache.hadoop.hdds.scm.pipeline.RatisPipelineProvider.lambda$callRatisRpc$6(RatisPipelineProvider.java:226)
	at java.util.concurrent.ForkJoinTask$AdaptedRunnableAction.exec(ForkJoinTask.java:1386)
	at java.util.concurrent.ForkJoinTask.doExec(ForkJoinTask.java:289)
	at java.util.concurrent.ForkJoinPool$WorkQueue.runTask(ForkJoinPool.java:1056)
	at java.util.concurrent.ForkJoinPool.runWorker(ForkJoinPool.java:1692)
	at java.util.concurrent.ForkJoinWorkerThread.run(ForkJoinWorkerThread.java:157)
Caused by: org.apache.ratis.thirdparty.io.grpc.StatusRuntimeException: DEADLINE_EXCEEDED: deadline exceeded after 2999584543ns
	at org.apache.ratis.thirdparty.io.grpc.stub.ClientCalls.toStatusRuntimeException(ClientCalls.java:233)
	at org.apache.ratis.thirdparty.io.grpc.stub.ClientCalls.getUnchecked(ClientCalls.java:214)
	at org.apache.ratis.thirdparty.io.grpc.stub.ClientCalls.blockingUnaryCall(ClientCalls.java:139)
	at org.apache.ratis.proto.grpc.AdminProtocolServiceGrpc$AdminProtocolServiceBlockingStub.groupManagement(AdminProtocolServiceGrpc.java:274)
	at org.apache.ratis.grpc.client.GrpcClientProtocolClient.lambda$groupAdd$3(GrpcClientProtocolClient.java:140)
	at org.apache.ratis.grpc.client.GrpcClientProtocolClient.blockingCall(GrpcClientProtocolClient.java:167)
	... 25 more
2019-09-06 22:01:07,856 [RATISCREATEPIPELINE2] ERROR pipeline.RatisPipelineProvider (RatisPipelineProvider.java:lambda$null$5(236)) - Failed invoke Ratis rpc org.apache.hadoop.hdds.scm.pipeline.RatisPipelineProvider$$Lambda$172/1300682258@37eb1f61 for 5a50aa92-2737-4252-bffb-c8f2124676ea
org.apache.ratis.protocol.TimeoutIOException: deadline exceeded after 2999563142ns
	at org.apache.ratis.grpc.GrpcUtil.tryUnwrapException(GrpcUtil.java:82)
	at org.apache.ratis.grpc.GrpcUtil.unwrapException(GrpcUtil.java:75)
	at org.apache.ratis.grpc.client.GrpcClientProtocolClient.blockingCall(GrpcClientProtocolClient.java:169)
	at org.apache.ratis.grpc.client.GrpcClientProtocolClient.groupAdd(GrpcClientProtocolClient.java:138)
	at org.apache.ratis.grpc.client.GrpcClientRpc.sendRequest(GrpcClientRpc.java:94)
	at org.apache.ratis.client.impl.RaftClientImpl.sendRequest(RaftClientImpl.java:279)
	at org.apache.ratis.client.impl.RaftClientImpl.groupAdd(RaftClientImpl.java:206)
	at org.apache.hadoop.hdds.scm.pipeline.RatisPipelineProvider.lambda$initializePipeline$4(RatisPipelineProvider.java:195)
	at org.apache.hadoop.hdds.scm.pipeline.RatisPipelineProvider.lambda$null$5(RatisPipelineProvider.java:232)
	at java.util.stream.ForEachOps$ForEachOp$OfRef.accept(ForEachOps.java:184)
	at java.util.ArrayList$ArrayListSpliterator.forEachRemaining(ArrayList.java:1382)
	at java.util.stream.AbstractPipeline.copyInto(AbstractPipeline.java:482)
	at java.util.stream.ForEachOps$ForEachTask.compute(ForEachOps.java:291)
	at java.util.concurrent.CountedCompleter.exec(CountedCompleter.java:731)
	at java.util.concurrent.ForkJoinTask.doExec(ForkJoinTask.java:289)
	at java.util.concurrent.ForkJoinPool$WorkQueue.runTask(ForkJoinPool.java:1056)
	at java.util.concurrent.ForkJoinPool.runWorker(ForkJoinPool.java:1692)
	at java.util.concurrent.ForkJoinWorkerThread.run(ForkJoinWorkerThread.java:157)
Caused by: org.apache.ratis.thirdparty.io.grpc.StatusRuntimeException: DEADLINE_EXCEEDED: deadline exceeded after 2999563142ns
	at org.apache.ratis.thirdparty.io.grpc.stub.ClientCalls.toStatusRuntimeException(ClientCalls.java:233)
	at org.apache.ratis.thirdparty.io.grpc.stub.ClientCalls.getUnchecked(ClientCalls.java:214)
	at org.apache.ratis.thirdparty.io.grpc.stub.ClientCalls.blockingUnaryCall(ClientCalls.java:139)
	at org.apache.ratis.proto.grpc.AdminProtocolServiceGrpc$AdminProtocolServiceBlockingStub.groupManagement(AdminProtocolServiceGrpc.java:274)
	at org.apache.ratis.grpc.client.GrpcClientProtocolClient.lambda$groupAdd$3(GrpcClientProtocolClient.java:140)
	at org.apache.ratis.grpc.client.GrpcClientProtocolClient.blockingCall(GrpcClientProtocolClient.java:167)
	... 15 more
2019-09-06 22:01:07,856 [RATISCREATEPIPELINE3] ERROR pipeline.RatisPipelineProvider (RatisPipelineProvider.java:lambda$null$5(236)) - Failed invoke Ratis rpc org.apache.hadoop.hdds.scm.pipeline.RatisPipelineProvider$$Lambda$172/1300682258@37eb1f61 for e4d22c93-acc0-432e-8ff6-ef453016530c
org.apache.ratis.protocol.TimeoutIOException: deadline exceeded after 2999563010ns
	at org.apache.ratis.grpc.GrpcUtil.tryUnwrapException(GrpcUtil.java:82)
	at org.apache.ratis.grpc.GrpcUtil.unwrapException(GrpcUtil.java:75)
	at org.apache.ratis.grpc.client.GrpcClientProtocolClient.blockingCall(GrpcClientProtocolClient.java:169)
	at org.apache.ratis.grpc.client.GrpcClientProtocolClient.groupAdd(GrpcClientProtocolClient.java:138)
	at org.apache.ratis.grpc.client.GrpcClientRpc.sendRequest(GrpcClientRpc.java:94)
	at org.apache.ratis.client.impl.RaftClientImpl.sendRequest(RaftClientImpl.java:279)
	at org.apache.ratis.client.impl.RaftClientImpl.groupAdd(RaftClientImpl.java:206)
	at org.apache.hadoop.hdds.scm.pipeline.RatisPipelineProvider.lambda$initializePipeline$4(RatisPipelineProvider.java:195)
	at org.apache.hadoop.hdds.scm.pipeline.RatisPipelineProvider.lambda$null$5(RatisPipelineProvider.java:232)
	at java.util.stream.ForEachOps$ForEachOp$OfRef.accept(ForEachOps.java:184)
	at java.util.ArrayList$ArrayListSpliterator.forEachRemaining(ArrayList.java:1382)
	at java.util.stream.AbstractPipeline.copyInto(AbstractPipeline.java:482)
	at java.util.stream.ForEachOps$ForEachTask.compute(ForEachOps.java:291)
	at java.util.concurrent.CountedCompleter.exec(CountedCompleter.java:731)
	at java.util.concurrent.ForkJoinTask.doExec(ForkJoinTask.java:289)
	at java.util.concurrent.ForkJoinPool$WorkQueue.runTask(ForkJoinPool.java:1056)
	at java.util.concurrent.ForkJoinPool.runWorker(ForkJoinPool.java:1692)
	at java.util.concurrent.ForkJoinWorkerThread.run(ForkJoinWorkerThread.java:157)
Caused by: org.apache.ratis.thirdparty.io.grpc.StatusRuntimeException: DEADLINE_EXCEEDED: deadline exceeded after 2999563010ns
	at org.apache.ratis.thirdparty.io.grpc.stub.ClientCalls.toStatusRuntimeException(ClientCalls.java:233)
	at org.apache.ratis.thirdparty.io.grpc.stub.ClientCalls.getUnchecked(ClientCalls.java:214)
	at org.apache.ratis.thirdparty.io.grpc.stub.ClientCalls.blockingUnaryCall(ClientCalls.java:139)
	at org.apache.ratis.proto.grpc.AdminProtocolServiceGrpc$AdminProtocolServiceBlockingStub.groupManagement(AdminProtocolServiceGrpc.java:274)
	at org.apache.ratis.grpc.client.GrpcClientProtocolClient.lambda$groupAdd$3(GrpcClientProtocolClient.java:140)
	at org.apache.ratis.grpc.client.GrpcClientProtocolClient.blockingCall(GrpcClientProtocolClient.java:167)
	... 15 more
2019-09-06 22:01:07,860 [IPC Server handler 0 on 34478] WARN  block.BlockManagerImpl (BlockManagerImpl.java:allocateBlock(192)) - Pipeline creation failed for type:RATIS factor:THREE. Retrying get pipelines call once.
org.apache.hadoop.io.MultipleIOException: 3 exceptions [java.io.IOException: Failed invoke Ratis rpc org.apache.hadoop.hdds.scm.pipeline.RatisPipelineProvider$$Lambda$172/1300682258@37eb1f61 for cabf754e-66c5-4603-8900-162c24b4db5c, java.io.IOException: Failed invoke Ratis rpc org.apache.hadoop.hdds.scm.pipeline.RatisPipelineProvider$$Lambda$172/1300682258@37eb1f61 for 5a50aa92-2737-4252-bffb-c8f2124676ea, java.io.IOException: Failed invoke Ratis rpc org.apache.hadoop.hdds.scm.pipeline.RatisPipelineProvider$$Lambda$172/1300682258@37eb1f61 for e4d22c93-acc0-432e-8ff6-ef453016530c]
	at org.apache.hadoop.io.MultipleIOException.createIOException(MultipleIOException.java:53)
	at org.apache.hadoop.hdds.scm.pipeline.RatisPipelineProvider.callRatisRpc(RatisPipelineProvider.java:252)
	at org.apache.hadoop.hdds.scm.pipeline.RatisPipelineProvider.initializePipeline(RatisPipelineProvider.java:193)
	at org.apache.hadoop.hdds.scm.pipeline.RatisPipelineProvider.create(RatisPipelineProvider.java:162)
	at org.apache.hadoop.hdds.scm.pipeline.PipelineFactory.create(PipelineFactory.java:57)
	at org.apache.hadoop.hdds.scm.pipeline.SCMPipelineManager.createPipeline(SCMPipelineManager.java:151)
	at org.apache.hadoop.hdds.scm.block.BlockManagerImpl.allocateBlock(BlockManagerImpl.java:190)
	at org.apache.hadoop.hdds.scm.server.SCMBlockProtocolServer.allocateBlock(SCMBlockProtocolServer.java:182)
	at org.apache.hadoop.ozone.protocolPB.ScmBlockLocationProtocolServerSideTranslatorPB.allocateScmBlock(ScmBlockLocationProtocolServerSideTranslatorPB.java:183)
	at org.apache.hadoop.ozone.protocolPB.ScmBlockLocationProtocolServerSideTranslatorPB.processMessage(ScmBlockLocationProtocolServerSideTranslatorPB.java:141)
	at org.apache.hadoop.ozone.protocolPB.ScmBlockLocationProtocolServerSideTranslatorPB.send(ScmBlockLocationProtocolServerSideTranslatorPB.java:116)
	at org.apache.hadoop.hdds.protocol.proto.ScmBlockLocationProtocolProtos$ScmBlockLocationProtocolService$2.callBlockingMethod(ScmBlockLocationProtocolProtos.java:13157)
	at org.apache.hadoop.ipc.ProtobufRpcEngine$Server$ProtoBufRpcInvoker.call(ProtobufRpcEngine.java:524)
	at org.apache.hadoop.ipc.RPC$Server.call(RPC.java:1025)
	at org.apache.hadoop.ipc.Server$RpcCall.run(Server.java:876)
	at org.apache.hadoop.ipc.Server$RpcCall.run(Server.java:822)
	at java.security.AccessController.doPrivileged(Native Method)
	at javax.security.auth.Subject.doAs(Subject.java:422)
	at org.apache.hadoop.security.UserGroupInformation.doAs(UserGroupInformation.java:1730)
	at org.apache.hadoop.ipc.Server$Handler.run(Server.java:2682)
2019-09-06 22:01:07,861 [IPC Server handler 0 on 34478] INFO  block.BlockManagerImpl (BlockManagerImpl.java:allocateBlock(198)) - Could not find available pipeline of type:RATIS and factor:THREE even after retrying
2019-09-06 22:01:07,862 [IPC Server handler 0 on 34478] ERROR block.BlockManagerImpl (BlockManagerImpl.java:allocateBlock(222)) - Unable to allocate a block for the size: 4194304, type: RATIS, factor: THREE
2019-09-06 22:01:07,873 [Thread-265] INFO  impl.FollowerState (FollowerState.java:run(106)) - e4d22c93-acc0-432e-8ff6-ef453016530c:group-677E93E50466 changes to CANDIDATE, lastRpcTime:5133, electionTimeout:5132ms
2019-09-06 22:01:07,873 [Thread-265] INFO  impl.RoleInfo (RoleInfo.java:shutdownFollowerState(121)) - e4d22c93-acc0-432e-8ff6-ef453016530c: shutdown FollowerState
2019-09-06 22:01:07,873 [Thread-265] INFO  impl.RaftServerImpl (RaftServerImpl.java:setRole(171)) - e4d22c93-acc0-432e-8ff6-ef453016530c:group-677E93E50466 changes role from FOLLOWER to CANDIDATE at term 0 for changeToCandidate
2019-09-06 22:01:07,873 [Thread-265] INFO  impl.RoleInfo (RoleInfo.java:updateAndGet(143)) - e4d22c93-acc0-432e-8ff6-ef453016530c: start LeaderElection
]]></system-out>
  </testcase>
  <testcase name="testReadFullyZeroByteFile" classname="org.apache.hadoop.fs.ozone.contract.ITestOzoneContractSeek" time="3.383">
    <error message="Allocated 0 blocks. Requested 1 blocks" type="INTERNAL_ERROR org.apache.hadoop.ozone.om.exceptions.OMException">INTERNAL_ERROR org.apache.hadoop.ozone.om.exceptions.OMException: Allocated 0 blocks. Requested 1 blocks
	at org.apache.hadoop.ozone.om.protocolPB.OzoneManagerProtocolClientSideTranslatorPB.handleError(OzoneManagerProtocolClientSideTranslatorPB.java:725)
	at org.apache.hadoop.ozone.om.protocolPB.OzoneManagerProtocolClientSideTranslatorPB.createFile(OzoneManagerProtocolClientSideTranslatorPB.java:1474)
	at org.apache.hadoop.ozone.client.rpc.RpcClient.createFile(RpcClient.java:984)
	at org.apache.hadoop.ozone.client.OzoneBucket.createFile(OzoneBucket.java:537)
	at org.apache.hadoop.fs.ozone.BasicOzoneClientAdapterImpl.createFile(BasicOzoneClientAdapterImpl.java:181)
	at org.apache.hadoop.fs.ozone.BasicOzoneFileSystem.createOutputStream(BasicOzoneFileSystem.java:249)
	at org.apache.hadoop.fs.ozone.BasicOzoneFileSystem.create(BasicOzoneFileSystem.java:230)
	at org.apache.hadoop.fs.FileSystem.create(FileSystem.java:1118)
	at org.apache.hadoop.fs.FileSystem.create(FileSystem.java:1098)
	at org.apache.hadoop.fs.FileSystem.create(FileSystem.java:987)
	at org.apache.hadoop.fs.contract.ContractTestUtils.createFile(ContractTestUtils.java:633)
	at org.apache.hadoop.fs.contract.AbstractContractSeekTest.setup(AbstractContractSeekTest.java:64)
	at sun.reflect.NativeMethodAccessorImpl.invoke0(Native Method)
	at sun.reflect.NativeMethodAccessorImpl.invoke(NativeMethodAccessorImpl.java:62)
	at sun.reflect.DelegatingMethodAccessorImpl.invoke(DelegatingMethodAccessorImpl.java:43)
	at java.lang.reflect.Method.invoke(Method.java:498)
	at org.junit.runners.model.FrameworkMethod$1.runReflectiveCall(FrameworkMethod.java:47)
	at org.junit.internal.runners.model.ReflectiveCallable.run(ReflectiveCallable.java:12)
	at org.junit.runners.model.FrameworkMethod.invokeExplosively(FrameworkMethod.java:44)
	at org.junit.internal.runners.statements.RunBefores.evaluate(RunBefores.java:24)
	at org.junit.internal.runners.statements.RunAfters.evaluate(RunAfters.java:27)
	at org.junit.rules.TestWatcher$1.evaluate(TestWatcher.java:55)
	at org.junit.internal.runners.statements.FailOnTimeout$StatementThread.run(FailOnTimeout.java:74)
</error>
    <system-out><![CDATA[2019-09-06 22:01:07,917 [Thread-262] INFO  impl.FollowerState (FollowerState.java:run(106)) - cabf754e-66c5-4603-8900-162c24b4db5c:group-677E93E50466 changes to CANDIDATE, lastRpcTime:5179, electionTimeout:5179ms
2019-09-06 22:01:07,917 [Thread-262] INFO  impl.RoleInfo (RoleInfo.java:shutdownFollowerState(121)) - cabf754e-66c5-4603-8900-162c24b4db5c: shutdown FollowerState
2019-09-06 22:01:07,917 [Thread-262] INFO  impl.RaftServerImpl (RaftServerImpl.java:setRole(171)) - cabf754e-66c5-4603-8900-162c24b4db5c:group-677E93E50466 changes role from FOLLOWER to CANDIDATE at term 0 for changeToCandidate
2019-09-06 22:01:07,917 [Thread-262] INFO  impl.RoleInfo (RoleInfo.java:updateAndGet(143)) - cabf754e-66c5-4603-8900-162c24b4db5c: start LeaderElection
2019-09-06 22:01:07,937 [Thread-280] INFO  rpc.RpcClient (RpcClient.java:createVolume(293)) - Creating Volume: volume40550, with user29982 as owner.
2019-09-06 22:01:07,940 [IPC Server handler 13 on 36227] INFO  volume.OMVolumeCreateRequest (OMVolumeCreateRequest.java:validateAndUpdateCache(189)) - created volume:volume40550 for user:user29982
2019-09-06 22:01:07,942 [Thread-280] INFO  rpc.RpcClient (RpcClient.java:createBucket(432)) - Creating Bucket: volume40550/bucket90012, with Versioning false and Storage Type set to DISK and Encryption set to false 
2019-09-06 22:01:08,011 [Thread-280] INFO  contract.AbstractFSContractTestBase (AbstractFSContractTestBase.java:setup(184)) - Test filesystem = o3fs://bucket90012.volume40550 implemented by OzoneFileSystem{URI=o3fs://bucket90012.volume40550, workingDir=o3fs://bucket90012.volume40550/user/jenkins1000, userName=jenkins1000, statistics=0 bytes read, 0 bytes written, 21 read ops, 0 large read ops, 14 write ops}
2019-09-06 22:01:08,035 [grpc-default-executor-2] INFO  impl.RaftServerProxy (RaftServerProxy.java:addNew(89)) - cabf754e-66c5-4603-8900-162c24b4db5c: addNew group-2478A3A84478:[e4d22c93-acc0-432e-8ff6-ef453016530c:192.168.69.79:43075, 5a50aa92-2737-4252-bffb-c8f2124676ea:192.168.69.79:36465, cabf754e-66c5-4603-8900-162c24b4db5c:192.168.69.79:46375] returns group-2478A3A84478:java.util.concurrent.CompletableFuture@48b247f6[Not completed]
2019-09-06 22:01:08,035 [grpc-default-executor-3] INFO  impl.RaftServerProxy (RaftServerProxy.java:addNew(89)) - e4d22c93-acc0-432e-8ff6-ef453016530c: addNew group-2478A3A84478:[e4d22c93-acc0-432e-8ff6-ef453016530c:192.168.69.79:43075, 5a50aa92-2737-4252-bffb-c8f2124676ea:192.168.69.79:36465, cabf754e-66c5-4603-8900-162c24b4db5c:192.168.69.79:46375] returns group-2478A3A84478:java.util.concurrent.CompletableFuture@38707dca[Not completed]
2019-09-06 22:01:08,035 [grpc-default-executor-4] INFO  impl.RaftServerProxy (RaftServerProxy.java:addNew(89)) - 5a50aa92-2737-4252-bffb-c8f2124676ea: addNew group-2478A3A84478:[e4d22c93-acc0-432e-8ff6-ef453016530c:192.168.69.79:43075, 5a50aa92-2737-4252-bffb-c8f2124676ea:192.168.69.79:36465, cabf754e-66c5-4603-8900-162c24b4db5c:192.168.69.79:46375] returns group-2478A3A84478:java.util.concurrent.CompletableFuture@4372884f[Not completed]
2019-09-06 22:01:08,260 [pool-67-thread-1] INFO  storage.RaftStorageDirectory (RaftStorageDirectory.java:tryLock(328)) - Lock on /workdir/hadoop-ozone/ozonefs/target/test-dir/MiniOzoneClusterImpl-ca11de5b-e8c1-48c0-9c71-bb1a3ae6d3ec/datanode-4/data/ratis/6d79c3de-d503-41a3-968f-2299b1dac38b/in_use.lock acquired by nodename 3576@pr-hdds-2087-j7wfl-3989464410
2019-09-06 22:01:08,260 [pool-47-thread-1] INFO  storage.RaftStorageDirectory (RaftStorageDirectory.java:tryLock(328)) - Lock on /workdir/hadoop-ozone/ozonefs/target/test-dir/MiniOzoneClusterImpl-ca11de5b-e8c1-48c0-9c71-bb1a3ae6d3ec/datanode-2/data/ratis/6d79c3de-d503-41a3-968f-2299b1dac38b/in_use.lock acquired by nodename 3576@pr-hdds-2087-j7wfl-3989464410
2019-09-06 22:01:08,260 [pool-37-thread-1] INFO  storage.RaftStorageDirectory (RaftStorageDirectory.java:tryLock(328)) - Lock on /workdir/hadoop-ozone/ozonefs/target/test-dir/MiniOzoneClusterImpl-ca11de5b-e8c1-48c0-9c71-bb1a3ae6d3ec/datanode-1/data/ratis/6d79c3de-d503-41a3-968f-2299b1dac38b/in_use.lock acquired by nodename 3576@pr-hdds-2087-j7wfl-3989464410
2019-09-06 22:01:09,204 [e4d22c93-acc0-432e-8ff6-ef453016530c:group-677E93E50466:LeaderElection7] INFO  impl.LeaderElection (LeaderElection.java:askForVotes(181)) - e4d22c93-acc0-432e-8ff6-ef453016530c:group-677E93E50466:LeaderElection7: begin an election at term 1 for -1: [e4d22c93-acc0-432e-8ff6-ef453016530c:192.168.69.79:43075, 5a50aa92-2737-4252-bffb-c8f2124676ea:192.168.69.79:36465, cabf754e-66c5-4603-8900-162c24b4db5c:192.168.69.79:46375], old=null
2019-09-06 22:01:09,204 [cabf754e-66c5-4603-8900-162c24b4db5c:group-677E93E50466:LeaderElection8] INFO  impl.LeaderElection (LeaderElection.java:askForVotes(181)) - cabf754e-66c5-4603-8900-162c24b4db5c:group-677E93E50466:LeaderElection8: begin an election at term 1 for -1: [e4d22c93-acc0-432e-8ff6-ef453016530c:192.168.69.79:43075, 5a50aa92-2737-4252-bffb-c8f2124676ea:192.168.69.79:36465, cabf754e-66c5-4603-8900-162c24b4db5c:192.168.69.79:46375], old=null
2019-09-06 22:01:09,204 [5a50aa92-2737-4252-bffb-c8f2124676ea:group-677E93E50466:LeaderElection6] INFO  impl.LeaderElection (LeaderElection.java:askForVotes(181)) - 5a50aa92-2737-4252-bffb-c8f2124676ea:group-677E93E50466:LeaderElection6: begin an election at term 1 for -1: [e4d22c93-acc0-432e-8ff6-ef453016530c:192.168.69.79:43075, 5a50aa92-2737-4252-bffb-c8f2124676ea:192.168.69.79:36465, cabf754e-66c5-4603-8900-162c24b4db5c:192.168.69.79:46375], old=null
2019-09-06 22:01:09,264 [cabf754e-66c5-4603-8900-162c24b4db5c:group-677E93E50466:LeaderElection8] INFO  impl.LeaderElection (LeaderElection.java:logAndReturn(56)) - cabf754e-66c5-4603-8900-162c24b4db5c:group-677E93E50466:LeaderElection8: Election REJECTED; received 2 response(s) [cabf754e-66c5-4603-8900-162c24b4db5c<-e4d22c93-acc0-432e-8ff6-ef453016530c#0:FAIL-t1, cabf754e-66c5-4603-8900-162c24b4db5c<-5a50aa92-2737-4252-bffb-c8f2124676ea#0:FAIL-t1] and 0 exception(s); cabf754e-66c5-4603-8900-162c24b4db5c:t1, leader=null, voted=cabf754e-66c5-4603-8900-162c24b4db5c, raftlog=cabf754e-66c5-4603-8900-162c24b4db5c-SegmentedRaftLog:OPENED:c-1,f-1,i0, conf=-1: [e4d22c93-acc0-432e-8ff6-ef453016530c:192.168.69.79:43075, 5a50aa92-2737-4252-bffb-c8f2124676ea:192.168.69.79:36465, cabf754e-66c5-4603-8900-162c24b4db5c:192.168.69.79:46375], old=null
2019-09-06 22:01:09,264 [5a50aa92-2737-4252-bffb-c8f2124676ea:group-677E93E50466:LeaderElection6] INFO  impl.LeaderElection (LeaderElection.java:logAndReturn(56)) - 5a50aa92-2737-4252-bffb-c8f2124676ea:group-677E93E50466:LeaderElection6: Election REJECTED; received 2 response(s) [5a50aa92-2737-4252-bffb-c8f2124676ea<-e4d22c93-acc0-432e-8ff6-ef453016530c#0:FAIL-t1, 5a50aa92-2737-4252-bffb-c8f2124676ea<-cabf754e-66c5-4603-8900-162c24b4db5c#0:FAIL-t1] and 0 exception(s); 5a50aa92-2737-4252-bffb-c8f2124676ea:t1, leader=null, voted=5a50aa92-2737-4252-bffb-c8f2124676ea, raftlog=5a50aa92-2737-4252-bffb-c8f2124676ea-SegmentedRaftLog:OPENED:c-1,f-1,i0, conf=-1: [e4d22c93-acc0-432e-8ff6-ef453016530c:192.168.69.79:43075, 5a50aa92-2737-4252-bffb-c8f2124676ea:192.168.69.79:36465, cabf754e-66c5-4603-8900-162c24b4db5c:192.168.69.79:46375], old=null
2019-09-06 22:01:09,264 [e4d22c93-acc0-432e-8ff6-ef453016530c:group-677E93E50466:LeaderElection7] INFO  impl.LeaderElection (LeaderElection.java:logAndReturn(56)) - e4d22c93-acc0-432e-8ff6-ef453016530c:group-677E93E50466:LeaderElection7: Election REJECTED; received 2 response(s) [e4d22c93-acc0-432e-8ff6-ef453016530c<-5a50aa92-2737-4252-bffb-c8f2124676ea#0:FAIL-t1, e4d22c93-acc0-432e-8ff6-ef453016530c<-cabf754e-66c5-4603-8900-162c24b4db5c#0:FAIL-t1] and 0 exception(s); e4d22c93-acc0-432e-8ff6-ef453016530c:t1, leader=null, voted=e4d22c93-acc0-432e-8ff6-ef453016530c, raftlog=e4d22c93-acc0-432e-8ff6-ef453016530c-SegmentedRaftLog:OPENED:c-1,f-1,i0, conf=-1: [e4d22c93-acc0-432e-8ff6-ef453016530c:192.168.69.79:43075, 5a50aa92-2737-4252-bffb-c8f2124676ea:192.168.69.79:36465, cabf754e-66c5-4603-8900-162c24b4db5c:192.168.69.79:46375], old=null
2019-09-06 22:01:09,270 [e4d22c93-acc0-432e-8ff6-ef453016530c:group-677E93E50466:LeaderElection7] INFO  impl.RaftServerImpl (RaftServerImpl.java:setRole(171)) - e4d22c93-acc0-432e-8ff6-ef453016530c:group-677E93E50466 changes role from CANDIDATE to FOLLOWER at term 1 for DISCOVERED_A_NEW_TERM
2019-09-06 22:01:09,270 [5a50aa92-2737-4252-bffb-c8f2124676ea:group-677E93E50466:LeaderElection6] INFO  impl.RaftServerImpl (RaftServerImpl.java:setRole(171)) - 5a50aa92-2737-4252-bffb-c8f2124676ea:group-677E93E50466 changes role from CANDIDATE to FOLLOWER at term 1 for DISCOVERED_A_NEW_TERM
2019-09-06 22:01:09,272 [e4d22c93-acc0-432e-8ff6-ef453016530c:group-677E93E50466:LeaderElection7] INFO  impl.RoleInfo (RoleInfo.java:shutdownLeaderElection(134)) - e4d22c93-acc0-432e-8ff6-ef453016530c: shutdown LeaderElection
2019-09-06 22:01:09,270 [cabf754e-66c5-4603-8900-162c24b4db5c:group-677E93E50466:LeaderElection8] INFO  impl.RaftServerImpl (RaftServerImpl.java:setRole(171)) - cabf754e-66c5-4603-8900-162c24b4db5c:group-677E93E50466 changes role from CANDIDATE to FOLLOWER at term 1 for DISCOVERED_A_NEW_TERM
2019-09-06 22:01:09,274 [e4d22c93-acc0-432e-8ff6-ef453016530c:group-677E93E50466:LeaderElection7] INFO  impl.RoleInfo (RoleInfo.java:updateAndGet(143)) - e4d22c93-acc0-432e-8ff6-ef453016530c: start FollowerState
2019-09-06 22:01:09,274 [5a50aa92-2737-4252-bffb-c8f2124676ea:group-677E93E50466:LeaderElection6] INFO  impl.RoleInfo (RoleInfo.java:shutdownLeaderElection(134)) - 5a50aa92-2737-4252-bffb-c8f2124676ea: shutdown LeaderElection
2019-09-06 22:01:09,274 [cabf754e-66c5-4603-8900-162c24b4db5c:group-677E93E50466:LeaderElection8] INFO  impl.RoleInfo (RoleInfo.java:shutdownLeaderElection(134)) - cabf754e-66c5-4603-8900-162c24b4db5c: shutdown LeaderElection
2019-09-06 22:01:09,275 [5a50aa92-2737-4252-bffb-c8f2124676ea:group-677E93E50466:LeaderElection6] INFO  impl.RoleInfo (RoleInfo.java:updateAndGet(143)) - 5a50aa92-2737-4252-bffb-c8f2124676ea: start FollowerState
2019-09-06 22:01:09,276 [cabf754e-66c5-4603-8900-162c24b4db5c:group-677E93E50466:LeaderElection8] INFO  impl.RoleInfo (RoleInfo.java:updateAndGet(143)) - cabf754e-66c5-4603-8900-162c24b4db5c: start FollowerState
2019-09-06 22:01:09,590 [pool-67-thread-1] INFO  storage.RaftStorage (RaftStorage.java:format(72)) - Storage directory /workdir/hadoop-ozone/ozonefs/target/test-dir/MiniOzoneClusterImpl-ca11de5b-e8c1-48c0-9c71-bb1a3ae6d3ec/datanode-4/data/ratis/6d79c3de-d503-41a3-968f-2299b1dac38b has been successfully formatted.
2019-09-06 22:01:09,590 [pool-47-thread-1] INFO  storage.RaftStorage (RaftStorage.java:format(72)) - Storage directory /workdir/hadoop-ozone/ozonefs/target/test-dir/MiniOzoneClusterImpl-ca11de5b-e8c1-48c0-9c71-bb1a3ae6d3ec/datanode-2/data/ratis/6d79c3de-d503-41a3-968f-2299b1dac38b has been successfully formatted.
2019-09-06 22:01:09,590 [pool-37-thread-1] INFO  storage.RaftStorage (RaftStorage.java:format(72)) - Storage directory /workdir/hadoop-ozone/ozonefs/target/test-dir/MiniOzoneClusterImpl-ca11de5b-e8c1-48c0-9c71-bb1a3ae6d3ec/datanode-1/data/ratis/6d79c3de-d503-41a3-968f-2299b1dac38b has been successfully formatted.
2019-09-06 22:01:09,590 [pool-67-thread-1] INFO  ratis.ContainerStateMachine (ContainerStateMachine.java:loadSnapshot(227)) - group-2299B1DAC38B: The snapshot info is null. Setting the last applied indexto:(t:0, i:~)
2019-09-06 22:01:09,591 [pool-47-thread-1] INFO  ratis.ContainerStateMachine (ContainerStateMachine.java:loadSnapshot(227)) - group-2299B1DAC38B: The snapshot info is null. Setting the last applied indexto:(t:0, i:~)
2019-09-06 22:01:09,591 [pool-67-thread-1] INFO  server.RaftServerConfigKeys (ConfUtils.java:logGet(43)) - raft.server.leader.election.timeout = 120s (custom)
2019-09-06 22:01:09,591 [pool-37-thread-1] INFO  ratis.ContainerStateMachine (ContainerStateMachine.java:loadSnapshot(227)) - group-2299B1DAC38B: The snapshot info is null. Setting the last applied indexto:(t:0, i:~)
2019-09-06 22:01:09,591 [pool-67-thread-1] INFO  server.RaftServerConfigKeys (ConfUtils.java:logGet(43)) - raft.server.log.use.memory = false (default)
2019-09-06 22:01:09,591 [pool-47-thread-1] INFO  server.RaftServerConfigKeys (ConfUtils.java:logGet(43)) - raft.server.leader.election.timeout = 120s (custom)
2019-09-06 22:01:09,591 [pool-67-thread-1] INFO  server.RaftServerConfigKeys (ConfUtils.java:logGet(43)) - raft.server.log.purge.gap = 1000000 (custom)
2019-09-06 22:01:09,591 [pool-37-thread-1] INFO  server.RaftServerConfigKeys (ConfUtils.java:logGet(43)) - raft.server.leader.election.timeout = 120s (custom)
2019-09-06 22:01:09,591 [pool-67-thread-1] INFO  server.RaftServerConfigKeys (ConfUtils.java:logGet(43)) - raft.server.log.appender.buffer.byte-limit = 33554432 (custom)
2019-09-06 22:01:09,591 [pool-47-thread-1] INFO  server.RaftServerConfigKeys (ConfUtils.java:logGet(43)) - raft.server.log.use.memory = false (default)
2019-09-06 22:01:09,592 [pool-67-thread-1] INFO  server.RaftServerConfigKeys (ConfUtils.java:logGet(43)) - raft.server.log.segment.size.max = 1048576 (custom)
2019-09-06 22:01:09,592 [pool-37-thread-1] INFO  server.RaftServerConfigKeys (ConfUtils.java:logGet(43)) - raft.server.log.use.memory = false (default)
2019-09-06 22:01:09,592 [pool-67-thread-1] INFO  server.RaftServerConfigKeys (ConfUtils.java:logGet(43)) - raft.server.log.segment.cache.num.max = 2 (custom)
2019-09-06 22:01:09,592 [pool-47-thread-1] INFO  server.RaftServerConfigKeys (ConfUtils.java:logGet(43)) - raft.server.log.purge.gap = 1000000 (custom)
2019-09-06 22:01:09,592 [pool-67-thread-1] INFO  segmented.SegmentedRaftLogWorker (SegmentedRaftLogWorker.java:<init>(172)) - new cabf754e-66c5-4603-8900-162c24b4db5c-SegmentedRaftLogWorker:Storage Directory /workdir/hadoop-ozone/ozonefs/target/test-dir/MiniOzoneClusterImpl-ca11de5b-e8c1-48c0-9c71-bb1a3ae6d3ec/datanode-4/data/ratis/6d79c3de-d503-41a3-968f-2299b1dac38b for RaftStorage:Storage Directory /workdir/hadoop-ozone/ozonefs/target/test-dir/MiniOzoneClusterImpl-ca11de5b-e8c1-48c0-9c71-bb1a3ae6d3ec/datanode-4/data/ratis/6d79c3de-d503-41a3-968f-2299b1dac38b
2019-09-06 22:01:09,592 [pool-37-thread-1] INFO  server.RaftServerConfigKeys (ConfUtils.java:logGet(43)) - raft.server.log.purge.gap = 1000000 (custom)
2019-09-06 22:01:09,593 [pool-67-thread-1] INFO  server.RaftServerConfigKeys (ConfUtils.java:logGet(43)) - raft.server.log.queue.byte-limit = 2147483647 (custom)
2019-09-06 22:01:09,592 [pool-47-thread-1] INFO  server.RaftServerConfigKeys (ConfUtils.java:logGet(43)) - raft.server.log.appender.buffer.byte-limit = 33554432 (custom)
2019-09-06 22:01:09,594 [pool-67-thread-1] INFO  server.RaftServerConfigKeys (ConfUtils.java:logGet(43)) - raft.server.log.queue.element-limit = 1024 (custom)
2019-09-06 22:01:09,593 [pool-37-thread-1] INFO  server.RaftServerConfigKeys (ConfUtils.java:logGet(43)) - raft.server.log.appender.buffer.byte-limit = 33554432 (custom)
2019-09-06 22:01:09,595 [pool-67-thread-1] INFO  server.RaftServerConfigKeys (ConfUtils.java:logGet(43)) - raft.server.log.segment.size.max = 1048576 (custom)
2019-09-06 22:01:09,595 [pool-47-thread-1] INFO  server.RaftServerConfigKeys (ConfUtils.java:logGet(43)) - raft.server.log.segment.size.max = 1048576 (custom)
2019-09-06 22:01:09,595 [pool-67-thread-1] INFO  server.RaftServerConfigKeys (ConfUtils.java:logGet(43)) - raft.server.log.preallocated.size = 16384 (custom)
2019-09-06 22:01:09,595 [pool-37-thread-1] INFO  server.RaftServerConfigKeys (ConfUtils.java:logGet(43)) - raft.server.log.segment.size.max = 1048576 (custom)
2019-09-06 22:01:09,595 [pool-67-thread-1] INFO  server.RaftServerConfigKeys (ConfUtils.java:logGet(43)) - raft.server.log.write.buffer.size = 33554432 (custom)
2019-09-06 22:01:09,595 [pool-47-thread-1] INFO  server.RaftServerConfigKeys (ConfUtils.java:logGet(43)) - raft.server.log.segment.cache.num.max = 2 (custom)
2019-09-06 22:01:09,596 [pool-67-thread-1] INFO  server.RaftServerConfigKeys (ConfUtils.java:logGet(43)) - raft.server.log.force.sync.num = 128 (default)
2019-09-06 22:01:09,595 [pool-37-thread-1] INFO  server.RaftServerConfigKeys (ConfUtils.java:logGet(43)) - raft.server.log.segment.cache.num.max = 2 (custom)
2019-09-06 22:01:09,596 [pool-67-thread-1] INFO  server.RaftServerConfigKeys (ConfUtils.java:logGet(43)) - raft.server.log.statemachine.data.sync = true (default)
2019-09-06 22:01:09,596 [pool-47-thread-1] INFO  segmented.SegmentedRaftLogWorker (SegmentedRaftLogWorker.java:<init>(172)) - new e4d22c93-acc0-432e-8ff6-ef453016530c-SegmentedRaftLogWorker:Storage Directory /workdir/hadoop-ozone/ozonefs/target/test-dir/MiniOzoneClusterImpl-ca11de5b-e8c1-48c0-9c71-bb1a3ae6d3ec/datanode-2/data/ratis/6d79c3de-d503-41a3-968f-2299b1dac38b for RaftStorage:Storage Directory /workdir/hadoop-ozone/ozonefs/target/test-dir/MiniOzoneClusterImpl-ca11de5b-e8c1-48c0-9c71-bb1a3ae6d3ec/datanode-2/data/ratis/6d79c3de-d503-41a3-968f-2299b1dac38b
2019-09-06 22:01:09,596 [pool-67-thread-1] INFO  server.RaftServerConfigKeys (ConfUtils.java:logGet(43)) - raft.server.log.statemachine.data.sync.timeout = 10s (default)
2019-09-06 22:01:09,596 [pool-37-thread-1] INFO  segmented.SegmentedRaftLogWorker (SegmentedRaftLogWorker.java:<init>(172)) - new 5a50aa92-2737-4252-bffb-c8f2124676ea-SegmentedRaftLogWorker:Storage Directory /workdir/hadoop-ozone/ozonefs/target/test-dir/MiniOzoneClusterImpl-ca11de5b-e8c1-48c0-9c71-bb1a3ae6d3ec/datanode-1/data/ratis/6d79c3de-d503-41a3-968f-2299b1dac38b for RaftStorage:Storage Directory /workdir/hadoop-ozone/ozonefs/target/test-dir/MiniOzoneClusterImpl-ca11de5b-e8c1-48c0-9c71-bb1a3ae6d3ec/datanode-1/data/ratis/6d79c3de-d503-41a3-968f-2299b1dac38b
2019-09-06 22:01:09,597 [pool-67-thread-1] INFO  server.RaftServerConfigKeys (ConfUtils.java:logGet(43)) - raft.server.log.statemachine.data.sync.timeout.retry = -1 (default)
2019-09-06 22:01:09,596 [pool-47-thread-1] INFO  server.RaftServerConfigKeys (ConfUtils.java:logGet(43)) - raft.server.log.queue.byte-limit = 2147483647 (custom)
2019-09-06 22:01:09,599 [pool-67-thread-1] INFO  server.RaftServerConfigKeys (ConfUtils.java:logGet(43)) - raft.server.log.statemachine.data.caching.enabled = true (custom)
2019-09-06 22:01:09,598 [pool-37-thread-1] INFO  server.RaftServerConfigKeys (ConfUtils.java:logGet(43)) - raft.server.log.queue.byte-limit = 2147483647 (custom)
2019-09-06 22:01:09,599 [pool-47-thread-1] INFO  server.RaftServerConfigKeys (ConfUtils.java:logGet(43)) - raft.server.log.queue.element-limit = 1024 (custom)
2019-09-06 22:01:09,600 [pool-67-thread-1] INFO  segmented.SegmentedRaftLogWorker (SegmentedRaftLogWorker.java:lambda$new$0(132)) - cabf754e-66c5-4603-8900-162c24b4db5c-SegmentedRaftLogWorker:Storage Directory /workdir/hadoop-ozone/ozonefs/target/test-dir/MiniOzoneClusterImpl-ca11de5b-e8c1-48c0-9c71-bb1a3ae6d3ec/datanode-4/data/ratis/6d79c3de-d503-41a3-968f-2299b1dac38b: flushIndex: setUnconditionally 0 -> -1
2019-09-06 22:01:09,599 [pool-37-thread-1] INFO  server.RaftServerConfigKeys (ConfUtils.java:logGet(43)) - raft.server.log.queue.element-limit = 1024 (custom)
2019-09-06 22:01:09,600 [pool-47-thread-1] INFO  server.RaftServerConfigKeys (ConfUtils.java:logGet(43)) - raft.server.log.segment.size.max = 1048576 (custom)
2019-09-06 22:01:09,600 [pool-37-thread-1] INFO  server.RaftServerConfigKeys (ConfUtils.java:logGet(43)) - raft.server.log.segment.size.max = 1048576 (custom)
2019-09-06 22:01:09,600 [pool-67-thread-1] INFO  server.RaftServerConfigKeys (ConfUtils.java:logGet(43)) - raft.server.snapshot.auto.trigger.enabled = true (custom)
2019-09-06 22:01:09,600 [pool-37-thread-1] INFO  server.RaftServerConfigKeys (ConfUtils.java:logGet(43)) - raft.server.log.preallocated.size = 16384 (custom)
2019-09-06 22:01:09,600 [pool-47-thread-1] INFO  server.RaftServerConfigKeys (ConfUtils.java:logGet(43)) - raft.server.log.preallocated.size = 16384 (custom)
2019-09-06 22:01:09,601 [pool-37-thread-1] INFO  server.RaftServerConfigKeys (ConfUtils.java:logGet(43)) - raft.server.log.write.buffer.size = 33554432 (custom)
2019-09-06 22:01:09,600 [pool-67-thread-1] INFO  server.RaftServerConfigKeys (ConfUtils.java:logGet(43)) - raft.server.snapshot.auto.trigger.threshold = 10000 (custom)
2019-09-06 22:01:09,601 [pool-37-thread-1] INFO  server.RaftServerConfigKeys (ConfUtils.java:logGet(43)) - raft.server.log.force.sync.num = 128 (default)
2019-09-06 22:01:09,601 [pool-47-thread-1] INFO  server.RaftServerConfigKeys (ConfUtils.java:logGet(43)) - raft.server.log.write.buffer.size = 33554432 (custom)
2019-09-06 22:01:09,601 [pool-67-thread-1] INFO  server.RaftServerConfigKeys (ConfUtils.java:logGet(43)) - raft.server.retrycache.expirytime = 600000ms (custom)
2019-09-06 22:01:09,601 [pool-37-thread-1] INFO  server.RaftServerConfigKeys (ConfUtils.java:logGet(43)) - raft.server.log.statemachine.data.sync = true (default)
2019-09-06 22:01:09,601 [pool-47-thread-1] INFO  server.RaftServerConfigKeys (ConfUtils.java:logGet(43)) - raft.server.log.force.sync.num = 128 (default)
2019-09-06 22:01:09,602 [pool-37-thread-1] INFO  server.RaftServerConfigKeys (ConfUtils.java:logGet(43)) - raft.server.log.statemachine.data.sync.timeout = 10s (default)
2019-09-06 22:01:09,602 [pool-47-thread-1] INFO  server.RaftServerConfigKeys (ConfUtils.java:logGet(43)) - raft.server.log.statemachine.data.sync = true (default)
2019-09-06 22:01:09,602 [pool-37-thread-1] INFO  server.RaftServerConfigKeys (ConfUtils.java:logGet(43)) - raft.server.log.statemachine.data.sync.timeout.retry = -1 (default)
2019-09-06 22:01:09,602 [pool-47-thread-1] INFO  server.RaftServerConfigKeys (ConfUtils.java:logGet(43)) - raft.server.log.statemachine.data.sync.timeout = 10s (default)
2019-09-06 22:01:09,602 [pool-37-thread-1] INFO  server.RaftServerConfigKeys (ConfUtils.java:logGet(43)) - raft.server.log.statemachine.data.caching.enabled = true (custom)
2019-09-06 22:01:09,602 [pool-47-thread-1] INFO  server.RaftServerConfigKeys (ConfUtils.java:logGet(43)) - raft.server.log.statemachine.data.sync.timeout.retry = -1 (default)
2019-09-06 22:01:09,602 [pool-37-thread-1] INFO  segmented.SegmentedRaftLogWorker (SegmentedRaftLogWorker.java:lambda$new$0(132)) - 5a50aa92-2737-4252-bffb-c8f2124676ea-SegmentedRaftLogWorker:Storage Directory /workdir/hadoop-ozone/ozonefs/target/test-dir/MiniOzoneClusterImpl-ca11de5b-e8c1-48c0-9c71-bb1a3ae6d3ec/datanode-1/data/ratis/6d79c3de-d503-41a3-968f-2299b1dac38b: flushIndex: setUnconditionally 0 -> -1
2019-09-06 22:01:09,603 [pool-47-thread-1] INFO  server.RaftServerConfigKeys (ConfUtils.java:logGet(43)) - raft.server.log.statemachine.data.caching.enabled = true (custom)
2019-09-06 22:01:09,603 [pool-37-thread-1] INFO  server.RaftServerConfigKeys (ConfUtils.java:logGet(43)) - raft.server.snapshot.auto.trigger.enabled = true (custom)
2019-09-06 22:01:09,603 [pool-37-thread-1] INFO  server.RaftServerConfigKeys (ConfUtils.java:logGet(43)) - raft.server.snapshot.auto.trigger.threshold = 10000 (custom)
2019-09-06 22:01:09,603 [pool-47-thread-1] INFO  segmented.SegmentedRaftLogWorker (SegmentedRaftLogWorker.java:lambda$new$0(132)) - e4d22c93-acc0-432e-8ff6-ef453016530c-SegmentedRaftLogWorker:Storage Directory /workdir/hadoop-ozone/ozonefs/target/test-dir/MiniOzoneClusterImpl-ca11de5b-e8c1-48c0-9c71-bb1a3ae6d3ec/datanode-2/data/ratis/6d79c3de-d503-41a3-968f-2299b1dac38b: flushIndex: setUnconditionally 0 -> -1
2019-09-06 22:01:09,603 [pool-37-thread-1] INFO  server.RaftServerConfigKeys (ConfUtils.java:logGet(43)) - raft.server.retrycache.expirytime = 600000ms (custom)
2019-09-06 22:01:09,603 [pool-47-thread-1] INFO  server.RaftServerConfigKeys (ConfUtils.java:logGet(43)) - raft.server.snapshot.auto.trigger.enabled = true (custom)
2019-09-06 22:01:09,603 [pool-67-thread-1] INFO  impl.RaftServerImpl (RaftServerImpl.java:<init>(93)) - cabf754e-66c5-4603-8900-162c24b4db5c: new RaftServerImpl for group-B35610DCD0B6:[e4d22c93-acc0-432e-8ff6-ef453016530c:192.168.69.79:43075, 5a50aa92-2737-4252-bffb-c8f2124676ea:192.168.69.79:36465, cabf754e-66c5-4603-8900-162c24b4db5c:192.168.69.79:46375] with ContainerStateMachine:uninitialized
2019-09-06 22:01:09,604 [pool-47-thread-1] INFO  server.RaftServerConfigKeys (ConfUtils.java:logGet(43)) - raft.server.snapshot.auto.trigger.threshold = 10000 (custom)
2019-09-06 22:01:09,604 [pool-67-thread-1] INFO  server.RaftServerConfigKeys (ConfUtils.java:logGet(43)) - raft.server.rpc.timeout.min = 5s (custom)
2019-09-06 22:01:09,604 [pool-47-thread-1] INFO  server.RaftServerConfigKeys (ConfUtils.java:logGet(43)) - raft.server.retrycache.expirytime = 600000ms (custom)
2019-09-06 22:01:09,604 [pool-67-thread-1] INFO  server.RaftServerConfigKeys (ConfUtils.java:logGet(43)) - raft.server.rpc.timeout.max = 5200ms (custom)
2019-09-06 22:01:09,604 [pool-67-thread-1] INFO  server.RaftServerConfigKeys (ConfUtils.java:logGet(43)) - raft.server.rpcslowness.timeout = 120s (custom)
2019-09-06 22:01:09,604 [pool-67-thread-1] INFO  server.RaftServerConfigKeys (ConfUtils.java:logGet(43)) - raft.server.sleep.deviation.threshold = 300 (default)
2019-09-06 22:01:09,605 [pool-67-thread-1] INFO  server.RaftServerConfigKeys (ConfUtils.java:logGet(43)) - raft.server.log.appender.install.snapshot.enabled = false (custom)
2019-09-06 22:01:09,605 [pool-37-thread-1] INFO  impl.RaftServerImpl (RaftServerImpl.java:<init>(93)) - 5a50aa92-2737-4252-bffb-c8f2124676ea: new RaftServerImpl for group-B35610DCD0B6:[e4d22c93-acc0-432e-8ff6-ef453016530c:192.168.69.79:43075, 5a50aa92-2737-4252-bffb-c8f2124676ea:192.168.69.79:36465, cabf754e-66c5-4603-8900-162c24b4db5c:192.168.69.79:46375] with ContainerStateMachine:uninitialized
2019-09-06 22:01:09,605 [pool-67-thread-1] INFO  impl.RaftServerImpl (ServerState.java:<init>(105)) - cabf754e-66c5-4603-8900-162c24b4db5c:group-B35610DCD0B6 ConfigurationManager, init=-1: [e4d22c93-acc0-432e-8ff6-ef453016530c:192.168.69.79:43075, 5a50aa92-2737-4252-bffb-c8f2124676ea:192.168.69.79:36465, cabf754e-66c5-4603-8900-162c24b4db5c:192.168.69.79:46375], old=null, confs=<EMPTY_MAP>
2019-09-06 22:01:09,605 [pool-37-thread-1] INFO  server.RaftServerConfigKeys (ConfUtils.java:logGet(43)) - raft.server.rpc.timeout.min = 5s (custom)
2019-09-06 22:01:09,605 [pool-37-thread-1] INFO  server.RaftServerConfigKeys (ConfUtils.java:logGet(43)) - raft.server.rpc.timeout.max = 5200ms (custom)
2019-09-06 22:01:09,605 [pool-67-thread-1] INFO  server.RaftServerConfigKeys (ConfUtils.java:logGet(43)) - raft.server.storage.dir = [/workdir/hadoop-ozone/ozonefs/target/test-dir/MiniOzoneClusterImpl-ca11de5b-e8c1-48c0-9c71-bb1a3ae6d3ec/datanode-4/data/ratis] (custom)
2019-09-06 22:01:09,605 [pool-37-thread-1] INFO  server.RaftServerConfigKeys (ConfUtils.java:logGet(43)) - raft.server.rpcslowness.timeout = 120s (custom)
2019-09-06 22:01:09,605 [pool-37-thread-1] INFO  server.RaftServerConfigKeys (ConfUtils.java:logGet(43)) - raft.server.sleep.deviation.threshold = 300 (default)
2019-09-06 22:01:09,605 [pool-37-thread-1] INFO  server.RaftServerConfigKeys (ConfUtils.java:logGet(43)) - raft.server.log.appender.install.snapshot.enabled = false (custom)
2019-09-06 22:01:09,605 [pool-37-thread-1] INFO  impl.RaftServerImpl (ServerState.java:<init>(105)) - 5a50aa92-2737-4252-bffb-c8f2124676ea:group-B35610DCD0B6 ConfigurationManager, init=-1: [e4d22c93-acc0-432e-8ff6-ef453016530c:192.168.69.79:43075, 5a50aa92-2737-4252-bffb-c8f2124676ea:192.168.69.79:36465, cabf754e-66c5-4603-8900-162c24b4db5c:192.168.69.79:46375], old=null, confs=<EMPTY_MAP>
2019-09-06 22:01:09,605 [pool-67-thread-1] INFO  storage.RaftStorageDirectory (RaftStorageDirectory.java:analyzeStorage(246)) - The storage directory /workdir/hadoop-ozone/ozonefs/target/test-dir/MiniOzoneClusterImpl-ca11de5b-e8c1-48c0-9c71-bb1a3ae6d3ec/datanode-4/data/ratis/383c49ba-625f-4a40-bfb0-b35610dcd0b6 does not exist. Creating ...
2019-09-06 22:01:09,606 [pool-37-thread-1] INFO  server.RaftServerConfigKeys (ConfUtils.java:logGet(43)) - raft.server.storage.dir = [/workdir/hadoop-ozone/ozonefs/target/test-dir/MiniOzoneClusterImpl-ca11de5b-e8c1-48c0-9c71-bb1a3ae6d3ec/datanode-1/data/ratis] (custom)
2019-09-06 22:01:09,606 [pool-47-thread-1] INFO  impl.RaftServerImpl (RaftServerImpl.java:<init>(93)) - e4d22c93-acc0-432e-8ff6-ef453016530c: new RaftServerImpl for group-B35610DCD0B6:[e4d22c93-acc0-432e-8ff6-ef453016530c:192.168.69.79:43075, 5a50aa92-2737-4252-bffb-c8f2124676ea:192.168.69.79:36465, cabf754e-66c5-4603-8900-162c24b4db5c:192.168.69.79:46375] with ContainerStateMachine:uninitialized
2019-09-06 22:01:09,606 [pool-37-thread-1] INFO  storage.RaftStorageDirectory (RaftStorageDirectory.java:analyzeStorage(246)) - The storage directory /workdir/hadoop-ozone/ozonefs/target/test-dir/MiniOzoneClusterImpl-ca11de5b-e8c1-48c0-9c71-bb1a3ae6d3ec/datanode-1/data/ratis/383c49ba-625f-4a40-bfb0-b35610dcd0b6 does not exist. Creating ...
2019-09-06 22:01:09,606 [pool-47-thread-1] INFO  server.RaftServerConfigKeys (ConfUtils.java:logGet(43)) - raft.server.rpc.timeout.min = 5s (custom)
2019-09-06 22:01:09,606 [pool-47-thread-1] INFO  server.RaftServerConfigKeys (ConfUtils.java:logGet(43)) - raft.server.rpc.timeout.max = 5200ms (custom)
2019-09-06 22:01:09,606 [pool-47-thread-1] INFO  server.RaftServerConfigKeys (ConfUtils.java:logGet(43)) - raft.server.rpcslowness.timeout = 120s (custom)
2019-09-06 22:01:09,607 [pool-47-thread-1] INFO  server.RaftServerConfigKeys (ConfUtils.java:logGet(43)) - raft.server.sleep.deviation.threshold = 300 (default)
2019-09-06 22:01:09,607 [pool-47-thread-1] INFO  server.RaftServerConfigKeys (ConfUtils.java:logGet(43)) - raft.server.log.appender.install.snapshot.enabled = false (custom)
2019-09-06 22:01:09,607 [pool-47-thread-1] INFO  impl.RaftServerImpl (ServerState.java:<init>(105)) - e4d22c93-acc0-432e-8ff6-ef453016530c:group-B35610DCD0B6 ConfigurationManager, init=-1: [e4d22c93-acc0-432e-8ff6-ef453016530c:192.168.69.79:43075, 5a50aa92-2737-4252-bffb-c8f2124676ea:192.168.69.79:36465, cabf754e-66c5-4603-8900-162c24b4db5c:192.168.69.79:46375], old=null, confs=<EMPTY_MAP>
2019-09-06 22:01:09,607 [pool-47-thread-1] INFO  server.RaftServerConfigKeys (ConfUtils.java:logGet(43)) - raft.server.storage.dir = [/workdir/hadoop-ozone/ozonefs/target/test-dir/MiniOzoneClusterImpl-ca11de5b-e8c1-48c0-9c71-bb1a3ae6d3ec/datanode-2/data/ratis] (custom)
2019-09-06 22:01:09,608 [pool-47-thread-1] INFO  storage.RaftStorageDirectory (RaftStorageDirectory.java:analyzeStorage(246)) - The storage directory /workdir/hadoop-ozone/ozonefs/target/test-dir/MiniOzoneClusterImpl-ca11de5b-e8c1-48c0-9c71-bb1a3ae6d3ec/datanode-2/data/ratis/383c49ba-625f-4a40-bfb0-b35610dcd0b6 does not exist. Creating ...
2019-09-06 22:01:10,195 [pool-67-thread-1] INFO  storage.RaftStorageDirectory (RaftStorageDirectory.java:tryLock(328)) - Lock on /workdir/hadoop-ozone/ozonefs/target/test-dir/MiniOzoneClusterImpl-ca11de5b-e8c1-48c0-9c71-bb1a3ae6d3ec/datanode-4/data/ratis/383c49ba-625f-4a40-bfb0-b35610dcd0b6/in_use.lock acquired by nodename 3576@pr-hdds-2087-j7wfl-3989464410
2019-09-06 22:01:10,195 [pool-37-thread-1] INFO  storage.RaftStorageDirectory (RaftStorageDirectory.java:tryLock(328)) - Lock on /workdir/hadoop-ozone/ozonefs/target/test-dir/MiniOzoneClusterImpl-ca11de5b-e8c1-48c0-9c71-bb1a3ae6d3ec/datanode-1/data/ratis/383c49ba-625f-4a40-bfb0-b35610dcd0b6/in_use.lock acquired by nodename 3576@pr-hdds-2087-j7wfl-3989464410
2019-09-06 22:01:10,195 [pool-47-thread-1] INFO  storage.RaftStorageDirectory (RaftStorageDirectory.java:tryLock(328)) - Lock on /workdir/hadoop-ozone/ozonefs/target/test-dir/MiniOzoneClusterImpl-ca11de5b-e8c1-48c0-9c71-bb1a3ae6d3ec/datanode-2/data/ratis/383c49ba-625f-4a40-bfb0-b35610dcd0b6/in_use.lock acquired by nodename 3576@pr-hdds-2087-j7wfl-3989464410
2019-09-06 22:01:10,963 [pool-67-thread-1] INFO  storage.RaftStorage (RaftStorage.java:format(72)) - Storage directory /workdir/hadoop-ozone/ozonefs/target/test-dir/MiniOzoneClusterImpl-ca11de5b-e8c1-48c0-9c71-bb1a3ae6d3ec/datanode-4/data/ratis/383c49ba-625f-4a40-bfb0-b35610dcd0b6 has been successfully formatted.
2019-09-06 22:01:10,963 [pool-37-thread-1] INFO  storage.RaftStorage (RaftStorage.java:format(72)) - Storage directory /workdir/hadoop-ozone/ozonefs/target/test-dir/MiniOzoneClusterImpl-ca11de5b-e8c1-48c0-9c71-bb1a3ae6d3ec/datanode-1/data/ratis/383c49ba-625f-4a40-bfb0-b35610dcd0b6 has been successfully formatted.
2019-09-06 22:01:10,963 [pool-47-thread-1] INFO  storage.RaftStorage (RaftStorage.java:format(72)) - Storage directory /workdir/hadoop-ozone/ozonefs/target/test-dir/MiniOzoneClusterImpl-ca11de5b-e8c1-48c0-9c71-bb1a3ae6d3ec/datanode-2/data/ratis/383c49ba-625f-4a40-bfb0-b35610dcd0b6 has been successfully formatted.
2019-09-06 22:01:10,963 [pool-37-thread-1] INFO  ratis.ContainerStateMachine (ContainerStateMachine.java:loadSnapshot(227)) - group-B35610DCD0B6: The snapshot info is null. Setting the last applied indexto:(t:0, i:~)
2019-09-06 22:01:10,963 [pool-67-thread-1] INFO  ratis.ContainerStateMachine (ContainerStateMachine.java:loadSnapshot(227)) - group-B35610DCD0B6: The snapshot info is null. Setting the last applied indexto:(t:0, i:~)
2019-09-06 22:01:10,964 [pool-37-thread-1] INFO  server.RaftServerConfigKeys (ConfUtils.java:logGet(43)) - raft.server.leader.election.timeout = 120s (custom)
2019-09-06 22:01:10,964 [pool-47-thread-1] INFO  ratis.ContainerStateMachine (ContainerStateMachine.java:loadSnapshot(227)) - group-B35610DCD0B6: The snapshot info is null. Setting the last applied indexto:(t:0, i:~)
2019-09-06 22:01:10,964 [pool-37-thread-1] INFO  server.RaftServerConfigKeys (ConfUtils.java:logGet(43)) - raft.server.log.use.memory = false (default)
2019-09-06 22:01:10,964 [pool-67-thread-1] INFO  server.RaftServerConfigKeys (ConfUtils.java:logGet(43)) - raft.server.leader.election.timeout = 120s (custom)
2019-09-06 22:01:10,964 [pool-37-thread-1] INFO  server.RaftServerConfigKeys (ConfUtils.java:logGet(43)) - raft.server.log.purge.gap = 1000000 (custom)
2019-09-06 22:01:10,964 [pool-47-thread-1] INFO  server.RaftServerConfigKeys (ConfUtils.java:logGet(43)) - raft.server.leader.election.timeout = 120s (custom)
2019-09-06 22:01:10,964 [pool-37-thread-1] INFO  server.RaftServerConfigKeys (ConfUtils.java:logGet(43)) - raft.server.log.appender.buffer.byte-limit = 33554432 (custom)
2019-09-06 22:01:10,964 [pool-67-thread-1] INFO  server.RaftServerConfigKeys (ConfUtils.java:logGet(43)) - raft.server.log.use.memory = false (default)
2019-09-06 22:01:10,965 [pool-37-thread-1] INFO  server.RaftServerConfigKeys (ConfUtils.java:logGet(43)) - raft.server.log.segment.size.max = 1048576 (custom)
2019-09-06 22:01:10,964 [pool-47-thread-1] INFO  server.RaftServerConfigKeys (ConfUtils.java:logGet(43)) - raft.server.log.use.memory = false (default)
2019-09-06 22:01:10,965 [pool-37-thread-1] INFO  server.RaftServerConfigKeys (ConfUtils.java:logGet(43)) - raft.server.log.segment.cache.num.max = 2 (custom)
2019-09-06 22:01:10,965 [pool-67-thread-1] INFO  server.RaftServerConfigKeys (ConfUtils.java:logGet(43)) - raft.server.log.purge.gap = 1000000 (custom)
2019-09-06 22:01:10,965 [pool-37-thread-1] INFO  segmented.SegmentedRaftLogWorker (SegmentedRaftLogWorker.java:<init>(172)) - new 5a50aa92-2737-4252-bffb-c8f2124676ea-SegmentedRaftLogWorker:Storage Directory /workdir/hadoop-ozone/ozonefs/target/test-dir/MiniOzoneClusterImpl-ca11de5b-e8c1-48c0-9c71-bb1a3ae6d3ec/datanode-1/data/ratis/383c49ba-625f-4a40-bfb0-b35610dcd0b6 for RaftStorage:Storage Directory /workdir/hadoop-ozone/ozonefs/target/test-dir/MiniOzoneClusterImpl-ca11de5b-e8c1-48c0-9c71-bb1a3ae6d3ec/datanode-1/data/ratis/383c49ba-625f-4a40-bfb0-b35610dcd0b6
2019-09-06 22:01:10,965 [pool-47-thread-1] INFO  server.RaftServerConfigKeys (ConfUtils.java:logGet(43)) - raft.server.log.purge.gap = 1000000 (custom)
2019-09-06 22:01:10,965 [pool-37-thread-1] INFO  server.RaftServerConfigKeys (ConfUtils.java:logGet(43)) - raft.server.log.queue.byte-limit = 2147483647 (custom)
2019-09-06 22:01:10,965 [pool-67-thread-1] INFO  server.RaftServerConfigKeys (ConfUtils.java:logGet(43)) - raft.server.log.appender.buffer.byte-limit = 33554432 (custom)
2019-09-06 22:01:10,972 [pool-37-thread-1] INFO  server.RaftServerConfigKeys (ConfUtils.java:logGet(43)) - raft.server.log.queue.element-limit = 1024 (custom)
2019-09-06 22:01:10,966 [pool-47-thread-1] INFO  server.RaftServerConfigKeys (ConfUtils.java:logGet(43)) - raft.server.log.appender.buffer.byte-limit = 33554432 (custom)
2019-09-06 22:01:10,972 [pool-37-thread-1] INFO  server.RaftServerConfigKeys (ConfUtils.java:logGet(43)) - raft.server.log.segment.size.max = 1048576 (custom)
2019-09-06 22:01:10,972 [pool-67-thread-1] INFO  server.RaftServerConfigKeys (ConfUtils.java:logGet(43)) - raft.server.log.segment.size.max = 1048576 (custom)
2019-09-06 22:01:10,973 [pool-37-thread-1] INFO  server.RaftServerConfigKeys (ConfUtils.java:logGet(43)) - raft.server.log.preallocated.size = 16384 (custom)
2019-09-06 22:01:10,973 [pool-47-thread-1] INFO  server.RaftServerConfigKeys (ConfUtils.java:logGet(43)) - raft.server.log.segment.size.max = 1048576 (custom)
2019-09-06 22:01:10,973 [pool-37-thread-1] INFO  server.RaftServerConfigKeys (ConfUtils.java:logGet(43)) - raft.server.log.write.buffer.size = 33554432 (custom)
2019-09-06 22:01:10,973 [pool-67-thread-1] INFO  server.RaftServerConfigKeys (ConfUtils.java:logGet(43)) - raft.server.log.segment.cache.num.max = 2 (custom)
2019-09-06 22:01:10,973 [pool-37-thread-1] INFO  server.RaftServerConfigKeys (ConfUtils.java:logGet(43)) - raft.server.log.force.sync.num = 128 (default)
2019-09-06 22:01:10,973 [pool-47-thread-1] INFO  server.RaftServerConfigKeys (ConfUtils.java:logGet(43)) - raft.server.log.segment.cache.num.max = 2 (custom)
2019-09-06 22:01:10,974 [pool-37-thread-1] INFO  server.RaftServerConfigKeys (ConfUtils.java:logGet(43)) - raft.server.log.statemachine.data.sync = true (default)
2019-09-06 22:01:10,973 [pool-67-thread-1] INFO  segmented.SegmentedRaftLogWorker (SegmentedRaftLogWorker.java:<init>(172)) - new cabf754e-66c5-4603-8900-162c24b4db5c-SegmentedRaftLogWorker:Storage Directory /workdir/hadoop-ozone/ozonefs/target/test-dir/MiniOzoneClusterImpl-ca11de5b-e8c1-48c0-9c71-bb1a3ae6d3ec/datanode-4/data/ratis/383c49ba-625f-4a40-bfb0-b35610dcd0b6 for RaftStorage:Storage Directory /workdir/hadoop-ozone/ozonefs/target/test-dir/MiniOzoneClusterImpl-ca11de5b-e8c1-48c0-9c71-bb1a3ae6d3ec/datanode-4/data/ratis/383c49ba-625f-4a40-bfb0-b35610dcd0b6
2019-09-06 22:01:10,974 [pool-37-thread-1] INFO  server.RaftServerConfigKeys (ConfUtils.java:logGet(43)) - raft.server.log.statemachine.data.sync.timeout = 10s (default)
2019-09-06 22:01:10,974 [pool-47-thread-1] INFO  segmented.SegmentedRaftLogWorker (SegmentedRaftLogWorker.java:<init>(172)) - new e4d22c93-acc0-432e-8ff6-ef453016530c-SegmentedRaftLogWorker:Storage Directory /workdir/hadoop-ozone/ozonefs/target/test-dir/MiniOzoneClusterImpl-ca11de5b-e8c1-48c0-9c71-bb1a3ae6d3ec/datanode-2/data/ratis/383c49ba-625f-4a40-bfb0-b35610dcd0b6 for RaftStorage:Storage Directory /workdir/hadoop-ozone/ozonefs/target/test-dir/MiniOzoneClusterImpl-ca11de5b-e8c1-48c0-9c71-bb1a3ae6d3ec/datanode-2/data/ratis/383c49ba-625f-4a40-bfb0-b35610dcd0b6
2019-09-06 22:01:10,974 [pool-37-thread-1] INFO  server.RaftServerConfigKeys (ConfUtils.java:logGet(43)) - raft.server.log.statemachine.data.sync.timeout.retry = -1 (default)
2019-09-06 22:01:10,974 [pool-67-thread-1] INFO  server.RaftServerConfigKeys (ConfUtils.java:logGet(43)) - raft.server.log.queue.byte-limit = 2147483647 (custom)
2019-09-06 22:01:10,974 [pool-47-thread-1] INFO  server.RaftServerConfigKeys (ConfUtils.java:logGet(43)) - raft.server.log.queue.byte-limit = 2147483647 (custom)
2019-09-06 22:01:10,974 [pool-37-thread-1] INFO  server.RaftServerConfigKeys (ConfUtils.java:logGet(43)) - raft.server.log.statemachine.data.caching.enabled = true (custom)
2019-09-06 22:01:10,974 [pool-67-thread-1] INFO  server.RaftServerConfigKeys (ConfUtils.java:logGet(43)) - raft.server.log.queue.element-limit = 1024 (custom)
2019-09-06 22:01:10,974 [pool-47-thread-1] INFO  server.RaftServerConfigKeys (ConfUtils.java:logGet(43)) - raft.server.log.queue.element-limit = 1024 (custom)
2019-09-06 22:01:10,975 [pool-67-thread-1] INFO  server.RaftServerConfigKeys (ConfUtils.java:logGet(43)) - raft.server.log.segment.size.max = 1048576 (custom)
2019-09-06 22:01:10,975 [pool-47-thread-1] INFO  server.RaftServerConfigKeys (ConfUtils.java:logGet(43)) - raft.server.log.segment.size.max = 1048576 (custom)
2019-09-06 22:01:10,975 [pool-37-thread-1] INFO  segmented.SegmentedRaftLogWorker (SegmentedRaftLogWorker.java:lambda$new$0(132)) - 5a50aa92-2737-4252-bffb-c8f2124676ea-SegmentedRaftLogWorker:Storage Directory /workdir/hadoop-ozone/ozonefs/target/test-dir/MiniOzoneClusterImpl-ca11de5b-e8c1-48c0-9c71-bb1a3ae6d3ec/datanode-1/data/ratis/383c49ba-625f-4a40-bfb0-b35610dcd0b6: flushIndex: setUnconditionally 0 -> -1
2019-09-06 22:01:10,975 [pool-47-thread-1] INFO  server.RaftServerConfigKeys (ConfUtils.java:logGet(43)) - raft.server.log.preallocated.size = 16384 (custom)
2019-09-06 22:01:10,975 [pool-67-thread-1] INFO  server.RaftServerConfigKeys (ConfUtils.java:logGet(43)) - raft.server.log.preallocated.size = 16384 (custom)
2019-09-06 22:01:10,975 [pool-37-thread-1] INFO  server.RaftServerConfigKeys (ConfUtils.java:logGet(43)) - raft.server.snapshot.auto.trigger.enabled = true (custom)
2019-09-06 22:01:10,975 [pool-47-thread-1] INFO  server.RaftServerConfigKeys (ConfUtils.java:logGet(43)) - raft.server.log.write.buffer.size = 33554432 (custom)
2019-09-06 22:01:10,976 [pool-37-thread-1] INFO  server.RaftServerConfigKeys (ConfUtils.java:logGet(43)) - raft.server.snapshot.auto.trigger.threshold = 10000 (custom)
2019-09-06 22:01:10,975 [pool-67-thread-1] INFO  server.RaftServerConfigKeys (ConfUtils.java:logGet(43)) - raft.server.log.write.buffer.size = 33554432 (custom)
2019-09-06 22:01:10,976 [pool-37-thread-1] INFO  server.RaftServerConfigKeys (ConfUtils.java:logGet(43)) - raft.server.retrycache.expirytime = 600000ms (custom)
2019-09-06 22:01:10,976 [pool-47-thread-1] INFO  server.RaftServerConfigKeys (ConfUtils.java:logGet(43)) - raft.server.log.force.sync.num = 128 (default)
2019-09-06 22:01:10,976 [pool-67-thread-1] INFO  server.RaftServerConfigKeys (ConfUtils.java:logGet(43)) - raft.server.log.force.sync.num = 128 (default)
2019-09-06 22:01:10,976 [pool-47-thread-1] INFO  server.RaftServerConfigKeys (ConfUtils.java:logGet(43)) - raft.server.log.statemachine.data.sync = true (default)
2019-09-06 22:01:10,976 [pool-37-thread-1] INFO  impl.RaftServerImpl (RaftServerImpl.java:start(180)) - 5a50aa92-2737-4252-bffb-c8f2124676ea: start group-5288F7BADA5A
2019-09-06 22:01:10,976 [pool-47-thread-1] INFO  server.RaftServerConfigKeys (ConfUtils.java:logGet(43)) - raft.server.log.statemachine.data.sync.timeout = 10s (default)
2019-09-06 22:01:10,976 [pool-67-thread-1] INFO  server.RaftServerConfigKeys (ConfUtils.java:logGet(43)) - raft.server.log.statemachine.data.sync = true (default)
2019-09-06 22:01:10,977 [pool-47-thread-1] INFO  server.RaftServerConfigKeys (ConfUtils.java:logGet(43)) - raft.server.log.statemachine.data.sync.timeout.retry = -1 (default)
2019-09-06 22:01:10,976 [pool-37-thread-1] INFO  impl.RaftServerImpl (RaftServerImpl.java:setRole(171)) - 5a50aa92-2737-4252-bffb-c8f2124676ea:group-5288F7BADA5A changes role from null to FOLLOWER at term 0 for startAsFollower
2019-09-06 22:01:10,977 [pool-47-thread-1] INFO  server.RaftServerConfigKeys (ConfUtils.java:logGet(43)) - raft.server.log.statemachine.data.caching.enabled = true (custom)
2019-09-06 22:01:10,977 [pool-67-thread-1] INFO  server.RaftServerConfigKeys (ConfUtils.java:logGet(43)) - raft.server.log.statemachine.data.sync.timeout = 10s (default)
2019-09-06 22:01:10,977 [pool-37-thread-1] INFO  impl.RoleInfo (RoleInfo.java:updateAndGet(143)) - 5a50aa92-2737-4252-bffb-c8f2124676ea: start FollowerState
2019-09-06 22:01:10,977 [pool-67-thread-1] INFO  server.RaftServerConfigKeys (ConfUtils.java:logGet(43)) - raft.server.log.statemachine.data.sync.timeout.retry = -1 (default)
2019-09-06 22:01:10,977 [pool-47-thread-1] INFO  segmented.SegmentedRaftLogWorker (SegmentedRaftLogWorker.java:lambda$new$0(132)) - e4d22c93-acc0-432e-8ff6-ef453016530c-SegmentedRaftLogWorker:Storage Directory /workdir/hadoop-ozone/ozonefs/target/test-dir/MiniOzoneClusterImpl-ca11de5b-e8c1-48c0-9c71-bb1a3ae6d3ec/datanode-2/data/ratis/383c49ba-625f-4a40-bfb0-b35610dcd0b6: flushIndex: setUnconditionally 0 -> -1
2019-09-06 22:01:10,977 [pool-67-thread-1] INFO  server.RaftServerConfigKeys (ConfUtils.java:logGet(43)) - raft.server.log.statemachine.data.caching.enabled = true (custom)
2019-09-06 22:01:10,978 [pool-47-thread-1] INFO  server.RaftServerConfigKeys (ConfUtils.java:logGet(43)) - raft.server.snapshot.auto.trigger.enabled = true (custom)
2019-09-06 22:01:10,978 [pool-67-thread-1] INFO  segmented.SegmentedRaftLogWorker (SegmentedRaftLogWorker.java:lambda$new$0(132)) - cabf754e-66c5-4603-8900-162c24b4db5c-SegmentedRaftLogWorker:Storage Directory /workdir/hadoop-ozone/ozonefs/target/test-dir/MiniOzoneClusterImpl-ca11de5b-e8c1-48c0-9c71-bb1a3ae6d3ec/datanode-4/data/ratis/383c49ba-625f-4a40-bfb0-b35610dcd0b6: flushIndex: setUnconditionally 0 -> -1
2019-09-06 22:01:10,978 [pool-37-thread-1] INFO  util.JmxRegister (JmxRegister.java:tryRegister(44)) - Successfully registered JMX Bean with object name Ratis:service=RaftServer,group=group-5288F7BADA5A,id=5a50aa92-2737-4252-bffb-c8f2124676ea
2019-09-06 22:01:10,978 [pool-47-thread-1] INFO  server.RaftServerConfigKeys (ConfUtils.java:logGet(43)) - raft.server.snapshot.auto.trigger.threshold = 10000 (custom)
2019-09-06 22:01:10,978 [pool-67-thread-1] INFO  server.RaftServerConfigKeys (ConfUtils.java:logGet(43)) - raft.server.snapshot.auto.trigger.enabled = true (custom)
2019-09-06 22:01:10,978 [pool-47-thread-1] INFO  server.RaftServerConfigKeys (ConfUtils.java:logGet(43)) - raft.server.retrycache.expirytime = 600000ms (custom)
2019-09-06 22:01:10,978 [pool-67-thread-1] INFO  server.RaftServerConfigKeys (ConfUtils.java:logGet(43)) - raft.server.snapshot.auto.trigger.threshold = 10000 (custom)
2019-09-06 22:01:10,978 [pool-47-thread-1] INFO  impl.RaftServerImpl (RaftServerImpl.java:start(180)) - e4d22c93-acc0-432e-8ff6-ef453016530c: start group-5288F7BADA5A
2019-09-06 22:01:10,978 [pool-67-thread-1] INFO  server.RaftServerConfigKeys (ConfUtils.java:logGet(43)) - raft.server.retrycache.expirytime = 600000ms (custom)
2019-09-06 22:01:10,979 [pool-47-thread-1] INFO  impl.RaftServerImpl (RaftServerImpl.java:setRole(171)) - e4d22c93-acc0-432e-8ff6-ef453016530c:group-5288F7BADA5A changes role from null to FOLLOWER at term 0 for startAsFollower
2019-09-06 22:01:10,979 [pool-67-thread-1] INFO  impl.RaftServerImpl (RaftServerImpl.java:start(180)) - cabf754e-66c5-4603-8900-162c24b4db5c: start group-5288F7BADA5A
2019-09-06 22:01:10,979 [pool-47-thread-1] INFO  impl.RoleInfo (RoleInfo.java:updateAndGet(143)) - e4d22c93-acc0-432e-8ff6-ef453016530c: start FollowerState
2019-09-06 22:01:10,979 [pool-67-thread-1] INFO  impl.RaftServerImpl (RaftServerImpl.java:setRole(171)) - cabf754e-66c5-4603-8900-162c24b4db5c:group-5288F7BADA5A changes role from null to FOLLOWER at term 0 for startAsFollower
2019-09-06 22:01:10,979 [pool-67-thread-1] INFO  impl.RoleInfo (RoleInfo.java:updateAndGet(143)) - cabf754e-66c5-4603-8900-162c24b4db5c: start FollowerState
2019-09-06 22:01:10,979 [pool-47-thread-1] INFO  util.JmxRegister (JmxRegister.java:tryRegister(44)) - Successfully registered JMX Bean with object name Ratis:service=RaftServer,group=group-5288F7BADA5A,id=e4d22c93-acc0-432e-8ff6-ef453016530c
2019-09-06 22:01:10,979 [pool-67-thread-1] INFO  util.JmxRegister (JmxRegister.java:tryRegister(44)) - Successfully registered JMX Bean with object name Ratis:service=RaftServer,group=group-5288F7BADA5A,id=cabf754e-66c5-4603-8900-162c24b4db5c
2019-09-06 22:01:10,980 [pool-37-thread-1] INFO  impl.RaftServerImpl (RaftServerImpl.java:<init>(93)) - 5a50aa92-2737-4252-bffb-c8f2124676ea: new RaftServerImpl for group-073B012ACB57:[e4d22c93-acc0-432e-8ff6-ef453016530c:192.168.69.79:43075, 5a50aa92-2737-4252-bffb-c8f2124676ea:192.168.69.79:36465, cabf754e-66c5-4603-8900-162c24b4db5c:192.168.69.79:46375] with ContainerStateMachine:uninitialized
2019-09-06 22:01:10,980 [pool-37-thread-1] INFO  server.RaftServerConfigKeys (ConfUtils.java:logGet(43)) - raft.server.rpc.timeout.min = 5s (custom)
2019-09-06 22:01:10,981 [pool-37-thread-1] INFO  server.RaftServerConfigKeys (ConfUtils.java:logGet(43)) - raft.server.rpc.timeout.max = 5200ms (custom)
2019-09-06 22:01:10,981 [pool-37-thread-1] INFO  server.RaftServerConfigKeys (ConfUtils.java:logGet(43)) - raft.server.rpcslowness.timeout = 120s (custom)
2019-09-06 22:01:10,981 [pool-37-thread-1] INFO  server.RaftServerConfigKeys (ConfUtils.java:logGet(43)) - raft.server.sleep.deviation.threshold = 300 (default)
2019-09-06 22:01:10,981 [pool-37-thread-1] INFO  server.RaftServerConfigKeys (ConfUtils.java:logGet(43)) - raft.server.log.appender.install.snapshot.enabled = false (custom)
2019-09-06 22:01:10,981 [pool-37-thread-1] INFO  impl.RaftServerImpl (ServerState.java:<init>(105)) - 5a50aa92-2737-4252-bffb-c8f2124676ea:group-073B012ACB57 ConfigurationManager, init=-1: [e4d22c93-acc0-432e-8ff6-ef453016530c:192.168.69.79:43075, 5a50aa92-2737-4252-bffb-c8f2124676ea:192.168.69.79:36465, cabf754e-66c5-4603-8900-162c24b4db5c:192.168.69.79:46375], old=null, confs=<EMPTY_MAP>
2019-09-06 22:01:10,981 [pool-67-thread-1] INFO  impl.RaftServerImpl (RaftServerImpl.java:<init>(93)) - cabf754e-66c5-4603-8900-162c24b4db5c: new RaftServerImpl for group-073B012ACB57:[e4d22c93-acc0-432e-8ff6-ef453016530c:192.168.69.79:43075, 5a50aa92-2737-4252-bffb-c8f2124676ea:192.168.69.79:36465, cabf754e-66c5-4603-8900-162c24b4db5c:192.168.69.79:46375] with ContainerStateMachine:uninitialized
2019-09-06 22:01:10,981 [pool-37-thread-1] INFO  server.RaftServerConfigKeys (ConfUtils.java:logGet(43)) - raft.server.storage.dir = [/workdir/hadoop-ozone/ozonefs/target/test-dir/MiniOzoneClusterImpl-ca11de5b-e8c1-48c0-9c71-bb1a3ae6d3ec/datanode-1/data/ratis] (custom)
2019-09-06 22:01:10,981 [pool-67-thread-1] INFO  server.RaftServerConfigKeys (ConfUtils.java:logGet(43)) - raft.server.rpc.timeout.min = 5s (custom)
2019-09-06 22:01:10,982 [pool-67-thread-1] INFO  server.RaftServerConfigKeys (ConfUtils.java:logGet(43)) - raft.server.rpc.timeout.max = 5200ms (custom)
2019-09-06 22:01:10,982 [pool-67-thread-1] INFO  server.RaftServerConfigKeys (ConfUtils.java:logGet(43)) - raft.server.rpcslowness.timeout = 120s (custom)
2019-09-06 22:01:10,982 [pool-37-thread-1] INFO  storage.RaftStorageDirectory (RaftStorageDirectory.java:analyzeStorage(246)) - The storage directory /workdir/hadoop-ozone/ozonefs/target/test-dir/MiniOzoneClusterImpl-ca11de5b-e8c1-48c0-9c71-bb1a3ae6d3ec/datanode-1/data/ratis/e529f180-b086-4209-9a63-073b012acb57 does not exist. Creating ...
2019-09-06 22:01:10,982 [pool-67-thread-1] INFO  server.RaftServerConfigKeys (ConfUtils.java:logGet(43)) - raft.server.sleep.deviation.threshold = 300 (default)
2019-09-06 22:01:10,982 [pool-67-thread-1] INFO  server.RaftServerConfigKeys (ConfUtils.java:logGet(43)) - raft.server.log.appender.install.snapshot.enabled = false (custom)
2019-09-06 22:01:10,982 [pool-67-thread-1] INFO  impl.RaftServerImpl (ServerState.java:<init>(105)) - cabf754e-66c5-4603-8900-162c24b4db5c:group-073B012ACB57 ConfigurationManager, init=-1: [e4d22c93-acc0-432e-8ff6-ef453016530c:192.168.69.79:43075, 5a50aa92-2737-4252-bffb-c8f2124676ea:192.168.69.79:36465, cabf754e-66c5-4603-8900-162c24b4db5c:192.168.69.79:46375], old=null, confs=<EMPTY_MAP>
2019-09-06 22:01:10,982 [pool-67-thread-1] INFO  server.RaftServerConfigKeys (ConfUtils.java:logGet(43)) - raft.server.storage.dir = [/workdir/hadoop-ozone/ozonefs/target/test-dir/MiniOzoneClusterImpl-ca11de5b-e8c1-48c0-9c71-bb1a3ae6d3ec/datanode-4/data/ratis] (custom)
2019-09-06 22:01:10,982 [pool-47-thread-1] INFO  impl.RaftServerImpl (RaftServerImpl.java:<init>(93)) - e4d22c93-acc0-432e-8ff6-ef453016530c: new RaftServerImpl for group-073B012ACB57:[e4d22c93-acc0-432e-8ff6-ef453016530c:192.168.69.79:43075, 5a50aa92-2737-4252-bffb-c8f2124676ea:192.168.69.79:36465, cabf754e-66c5-4603-8900-162c24b4db5c:192.168.69.79:46375] with ContainerStateMachine:uninitialized
2019-09-06 22:01:10,982 [pool-67-thread-1] INFO  storage.RaftStorageDirectory (RaftStorageDirectory.java:analyzeStorage(246)) - The storage directory /workdir/hadoop-ozone/ozonefs/target/test-dir/MiniOzoneClusterImpl-ca11de5b-e8c1-48c0-9c71-bb1a3ae6d3ec/datanode-4/data/ratis/e529f180-b086-4209-9a63-073b012acb57 does not exist. Creating ...
2019-09-06 22:01:10,982 [pool-47-thread-1] INFO  server.RaftServerConfigKeys (ConfUtils.java:logGet(43)) - raft.server.rpc.timeout.min = 5s (custom)
2019-09-06 22:01:10,983 [pool-47-thread-1] INFO  server.RaftServerConfigKeys (ConfUtils.java:logGet(43)) - raft.server.rpc.timeout.max = 5200ms (custom)
2019-09-06 22:01:10,983 [pool-47-thread-1] INFO  server.RaftServerConfigKeys (ConfUtils.java:logGet(43)) - raft.server.rpcslowness.timeout = 120s (custom)
2019-09-06 22:01:10,983 [pool-47-thread-1] INFO  server.RaftServerConfigKeys (ConfUtils.java:logGet(43)) - raft.server.sleep.deviation.threshold = 300 (default)
2019-09-06 22:01:10,983 [pool-47-thread-1] INFO  server.RaftServerConfigKeys (ConfUtils.java:logGet(43)) - raft.server.log.appender.install.snapshot.enabled = false (custom)
2019-09-06 22:01:10,983 [pool-47-thread-1] INFO  impl.RaftServerImpl (ServerState.java:<init>(105)) - e4d22c93-acc0-432e-8ff6-ef453016530c:group-073B012ACB57 ConfigurationManager, init=-1: [e4d22c93-acc0-432e-8ff6-ef453016530c:192.168.69.79:43075, 5a50aa92-2737-4252-bffb-c8f2124676ea:192.168.69.79:36465, cabf754e-66c5-4603-8900-162c24b4db5c:192.168.69.79:46375], old=null, confs=<EMPTY_MAP>
2019-09-06 22:01:10,984 [pool-47-thread-1] INFO  server.RaftServerConfigKeys (ConfUtils.java:logGet(43)) - raft.server.storage.dir = [/workdir/hadoop-ozone/ozonefs/target/test-dir/MiniOzoneClusterImpl-ca11de5b-e8c1-48c0-9c71-bb1a3ae6d3ec/datanode-2/data/ratis] (custom)
2019-09-06 22:01:10,984 [pool-47-thread-1] INFO  storage.RaftStorageDirectory (RaftStorageDirectory.java:analyzeStorage(246)) - The storage directory /workdir/hadoop-ozone/ozonefs/target/test-dir/MiniOzoneClusterImpl-ca11de5b-e8c1-48c0-9c71-bb1a3ae6d3ec/datanode-2/data/ratis/e529f180-b086-4209-9a63-073b012acb57 does not exist. Creating ...
2019-09-06 22:01:11,031 [RATISCREATEPIPELINE1] ERROR pipeline.RatisPipelineProvider (RatisPipelineProvider.java:lambda$null$5(236)) - Failed invoke Ratis rpc org.apache.hadoop.hdds.scm.pipeline.RatisPipelineProvider$$Lambda$172/1300682258@14931516 for cabf754e-66c5-4603-8900-162c24b4db5c
org.apache.ratis.protocol.TimeoutIOException: deadline exceeded after 2999643316ns
	at org.apache.ratis.grpc.GrpcUtil.tryUnwrapException(GrpcUtil.java:82)
	at org.apache.ratis.grpc.GrpcUtil.unwrapException(GrpcUtil.java:75)
	at org.apache.ratis.grpc.client.GrpcClientProtocolClient.blockingCall(GrpcClientProtocolClient.java:169)
	at org.apache.ratis.grpc.client.GrpcClientProtocolClient.groupAdd(GrpcClientProtocolClient.java:138)
	at org.apache.ratis.grpc.client.GrpcClientRpc.sendRequest(GrpcClientRpc.java:94)
	at org.apache.ratis.client.impl.RaftClientImpl.sendRequest(RaftClientImpl.java:279)
	at org.apache.ratis.client.impl.RaftClientImpl.groupAdd(RaftClientImpl.java:206)
	at org.apache.hadoop.hdds.scm.pipeline.RatisPipelineProvider.lambda$initializePipeline$4(RatisPipelineProvider.java:195)
	at org.apache.hadoop.hdds.scm.pipeline.RatisPipelineProvider.lambda$null$5(RatisPipelineProvider.java:232)
	at java.util.stream.ForEachOps$ForEachOp$OfRef.accept(ForEachOps.java:184)
	at java.util.ArrayList$ArrayListSpliterator.forEachRemaining(ArrayList.java:1382)
	at java.util.stream.AbstractPipeline.copyInto(AbstractPipeline.java:482)
	at java.util.stream.ForEachOps$ForEachTask.compute(ForEachOps.java:291)
	at java.util.concurrent.CountedCompleter.exec(CountedCompleter.java:731)
	at java.util.concurrent.ForkJoinTask.doExec(ForkJoinTask.java:289)
	at java.util.concurrent.ForkJoinTask.doInvoke(ForkJoinTask.java:401)
	at java.util.concurrent.ForkJoinTask.invoke(ForkJoinTask.java:734)
	at java.util.stream.ForEachOps$ForEachOp.evaluateParallel(ForEachOps.java:160)
	at java.util.stream.ForEachOps$ForEachOp$OfRef.evaluateParallel(ForEachOps.java:174)
	at java.util.stream.AbstractPipeline.evaluate(AbstractPipeline.java:233)
	at java.util.stream.ReferencePipeline.forEach(ReferencePipeline.java:418)
	at java.util.stream.ReferencePipeline$Head.forEach(ReferencePipeline.java:583)
	at org.apache.hadoop.hdds.scm.pipeline.RatisPipelineProvider.lambda$callRatisRpc$6(RatisPipelineProvider.java:226)
	at java.util.concurrent.ForkJoinTask$AdaptedRunnableAction.exec(ForkJoinTask.java:1386)
	at java.util.concurrent.ForkJoinTask.doExec(ForkJoinTask.java:289)
	at java.util.concurrent.ForkJoinPool$WorkQueue.runTask(ForkJoinPool.java:1056)
	at java.util.concurrent.ForkJoinPool.runWorker(ForkJoinPool.java:1692)
	at java.util.concurrent.ForkJoinWorkerThread.run(ForkJoinWorkerThread.java:157)
Caused by: org.apache.ratis.thirdparty.io.grpc.StatusRuntimeException: DEADLINE_EXCEEDED: deadline exceeded after 2999643316ns
	at org.apache.ratis.thirdparty.io.grpc.stub.ClientCalls.toStatusRuntimeException(ClientCalls.java:233)
	at org.apache.ratis.thirdparty.io.grpc.stub.ClientCalls.getUnchecked(ClientCalls.java:214)
	at org.apache.ratis.thirdparty.io.grpc.stub.ClientCalls.blockingUnaryCall(ClientCalls.java:139)
	at org.apache.ratis.proto.grpc.AdminProtocolServiceGrpc$AdminProtocolServiceBlockingStub.groupManagement(AdminProtocolServiceGrpc.java:274)
	at org.apache.ratis.grpc.client.GrpcClientProtocolClient.lambda$groupAdd$3(GrpcClientProtocolClient.java:140)
	at org.apache.ratis.grpc.client.GrpcClientProtocolClient.blockingCall(GrpcClientProtocolClient.java:167)
	... 25 more
2019-09-06 22:01:11,031 [RATISCREATEPIPELINE2] ERROR pipeline.RatisPipelineProvider (RatisPipelineProvider.java:lambda$null$5(236)) - Failed invoke Ratis rpc org.apache.hadoop.hdds.scm.pipeline.RatisPipelineProvider$$Lambda$172/1300682258@14931516 for e4d22c93-acc0-432e-8ff6-ef453016530c
org.apache.ratis.protocol.TimeoutIOException: deadline exceeded after 2999621621ns
	at org.apache.ratis.grpc.GrpcUtil.tryUnwrapException(GrpcUtil.java:82)
	at org.apache.ratis.grpc.GrpcUtil.unwrapException(GrpcUtil.java:75)
	at org.apache.ratis.grpc.client.GrpcClientProtocolClient.blockingCall(GrpcClientProtocolClient.java:169)
	at org.apache.ratis.grpc.client.GrpcClientProtocolClient.groupAdd(GrpcClientProtocolClient.java:138)
	at org.apache.ratis.grpc.client.GrpcClientRpc.sendRequest(GrpcClientRpc.java:94)
	at org.apache.ratis.client.impl.RaftClientImpl.sendRequest(RaftClientImpl.java:279)
	at org.apache.ratis.client.impl.RaftClientImpl.groupAdd(RaftClientImpl.java:206)
	at org.apache.hadoop.hdds.scm.pipeline.RatisPipelineProvider.lambda$initializePipeline$4(RatisPipelineProvider.java:195)
	at org.apache.hadoop.hdds.scm.pipeline.RatisPipelineProvider.lambda$null$5(RatisPipelineProvider.java:232)
	at java.util.stream.ForEachOps$ForEachOp$OfRef.accept(ForEachOps.java:184)
	at java.util.ArrayList$ArrayListSpliterator.forEachRemaining(ArrayList.java:1382)
	at java.util.stream.AbstractPipeline.copyInto(AbstractPipeline.java:482)
	at java.util.stream.ForEachOps$ForEachTask.compute(ForEachOps.java:291)
	at java.util.concurrent.CountedCompleter.exec(CountedCompleter.java:731)
	at java.util.concurrent.ForkJoinTask.doExec(ForkJoinTask.java:289)
	at java.util.concurrent.ForkJoinPool$WorkQueue.runTask(ForkJoinPool.java:1056)
	at java.util.concurrent.ForkJoinPool.runWorker(ForkJoinPool.java:1692)
	at java.util.concurrent.ForkJoinWorkerThread.run(ForkJoinWorkerThread.java:157)
Caused by: org.apache.ratis.thirdparty.io.grpc.StatusRuntimeException: DEADLINE_EXCEEDED: deadline exceeded after 2999621621ns
	at org.apache.ratis.thirdparty.io.grpc.stub.ClientCalls.toStatusRuntimeException(ClientCalls.java:233)
	at org.apache.ratis.thirdparty.io.grpc.stub.ClientCalls.getUnchecked(ClientCalls.java:214)
	at org.apache.ratis.thirdparty.io.grpc.stub.ClientCalls.blockingUnaryCall(ClientCalls.java:139)
	at org.apache.ratis.proto.grpc.AdminProtocolServiceGrpc$AdminProtocolServiceBlockingStub.groupManagement(AdminProtocolServiceGrpc.java:274)
	at org.apache.ratis.grpc.client.GrpcClientProtocolClient.lambda$groupAdd$3(GrpcClientProtocolClient.java:140)
	at org.apache.ratis.grpc.client.GrpcClientProtocolClient.blockingCall(GrpcClientProtocolClient.java:167)
	... 15 more
2019-09-06 22:01:11,031 [RATISCREATEPIPELINE3] ERROR pipeline.RatisPipelineProvider (RatisPipelineProvider.java:lambda$null$5(236)) - Failed invoke Ratis rpc org.apache.hadoop.hdds.scm.pipeline.RatisPipelineProvider$$Lambda$172/1300682258@14931516 for 5a50aa92-2737-4252-bffb-c8f2124676ea
org.apache.ratis.protocol.TimeoutIOException: deadline exceeded after 2999619794ns
	at org.apache.ratis.grpc.GrpcUtil.tryUnwrapException(GrpcUtil.java:82)
	at org.apache.ratis.grpc.GrpcUtil.unwrapException(GrpcUtil.java:75)
	at org.apache.ratis.grpc.client.GrpcClientProtocolClient.blockingCall(GrpcClientProtocolClient.java:169)
	at org.apache.ratis.grpc.client.GrpcClientProtocolClient.groupAdd(GrpcClientProtocolClient.java:138)
	at org.apache.ratis.grpc.client.GrpcClientRpc.sendRequest(GrpcClientRpc.java:94)
	at org.apache.ratis.client.impl.RaftClientImpl.sendRequest(RaftClientImpl.java:279)
	at org.apache.ratis.client.impl.RaftClientImpl.groupAdd(RaftClientImpl.java:206)
	at org.apache.hadoop.hdds.scm.pipeline.RatisPipelineProvider.lambda$initializePipeline$4(RatisPipelineProvider.java:195)
	at org.apache.hadoop.hdds.scm.pipeline.RatisPipelineProvider.lambda$null$5(RatisPipelineProvider.java:232)
	at java.util.stream.ForEachOps$ForEachOp$OfRef.accept(ForEachOps.java:184)
	at java.util.ArrayList$ArrayListSpliterator.forEachRemaining(ArrayList.java:1382)
	at java.util.stream.AbstractPipeline.copyInto(AbstractPipeline.java:482)
	at java.util.stream.ForEachOps$ForEachTask.compute(ForEachOps.java:291)
	at java.util.concurrent.CountedCompleter.exec(CountedCompleter.java:731)
	at java.util.concurrent.ForkJoinTask.doExec(ForkJoinTask.java:289)
	at java.util.concurrent.ForkJoinPool$WorkQueue.runTask(ForkJoinPool.java:1056)
	at java.util.concurrent.ForkJoinPool.runWorker(ForkJoinPool.java:1692)
	at java.util.concurrent.ForkJoinWorkerThread.run(ForkJoinWorkerThread.java:157)
Caused by: org.apache.ratis.thirdparty.io.grpc.StatusRuntimeException: DEADLINE_EXCEEDED: deadline exceeded after 2999619794ns
	at org.apache.ratis.thirdparty.io.grpc.stub.ClientCalls.toStatusRuntimeException(ClientCalls.java:233)
	at org.apache.ratis.thirdparty.io.grpc.stub.ClientCalls.getUnchecked(ClientCalls.java:214)
	at org.apache.ratis.thirdparty.io.grpc.stub.ClientCalls.blockingUnaryCall(ClientCalls.java:139)
	at org.apache.ratis.proto.grpc.AdminProtocolServiceGrpc$AdminProtocolServiceBlockingStub.groupManagement(AdminProtocolServiceGrpc.java:274)
	at org.apache.ratis.grpc.client.GrpcClientProtocolClient.lambda$groupAdd$3(GrpcClientProtocolClient.java:140)
	at org.apache.ratis.grpc.client.GrpcClientProtocolClient.blockingCall(GrpcClientProtocolClient.java:167)
	... 15 more
2019-09-06 22:01:11,035 [IPC Server handler 2 on 34478] WARN  block.BlockManagerImpl (BlockManagerImpl.java:allocateBlock(192)) - Pipeline creation failed for type:RATIS factor:THREE. Retrying get pipelines call once.
org.apache.hadoop.io.MultipleIOException: 3 exceptions [java.io.IOException: Failed invoke Ratis rpc org.apache.hadoop.hdds.scm.pipeline.RatisPipelineProvider$$Lambda$172/1300682258@14931516 for cabf754e-66c5-4603-8900-162c24b4db5c, java.io.IOException: Failed invoke Ratis rpc org.apache.hadoop.hdds.scm.pipeline.RatisPipelineProvider$$Lambda$172/1300682258@14931516 for e4d22c93-acc0-432e-8ff6-ef453016530c, java.io.IOException: Failed invoke Ratis rpc org.apache.hadoop.hdds.scm.pipeline.RatisPipelineProvider$$Lambda$172/1300682258@14931516 for 5a50aa92-2737-4252-bffb-c8f2124676ea]
	at org.apache.hadoop.io.MultipleIOException.createIOException(MultipleIOException.java:53)
	at org.apache.hadoop.hdds.scm.pipeline.RatisPipelineProvider.callRatisRpc(RatisPipelineProvider.java:252)
	at org.apache.hadoop.hdds.scm.pipeline.RatisPipelineProvider.initializePipeline(RatisPipelineProvider.java:193)
	at org.apache.hadoop.hdds.scm.pipeline.RatisPipelineProvider.create(RatisPipelineProvider.java:162)
	at org.apache.hadoop.hdds.scm.pipeline.PipelineFactory.create(PipelineFactory.java:57)
	at org.apache.hadoop.hdds.scm.pipeline.SCMPipelineManager.createPipeline(SCMPipelineManager.java:151)
	at org.apache.hadoop.hdds.scm.block.BlockManagerImpl.allocateBlock(BlockManagerImpl.java:190)
	at org.apache.hadoop.hdds.scm.server.SCMBlockProtocolServer.allocateBlock(SCMBlockProtocolServer.java:182)
	at org.apache.hadoop.ozone.protocolPB.ScmBlockLocationProtocolServerSideTranslatorPB.allocateScmBlock(ScmBlockLocationProtocolServerSideTranslatorPB.java:183)
	at org.apache.hadoop.ozone.protocolPB.ScmBlockLocationProtocolServerSideTranslatorPB.processMessage(ScmBlockLocationProtocolServerSideTranslatorPB.java:141)
	at org.apache.hadoop.ozone.protocolPB.ScmBlockLocationProtocolServerSideTranslatorPB.send(ScmBlockLocationProtocolServerSideTranslatorPB.java:116)
	at org.apache.hadoop.hdds.protocol.proto.ScmBlockLocationProtocolProtos$ScmBlockLocationProtocolService$2.callBlockingMethod(ScmBlockLocationProtocolProtos.java:13157)
	at org.apache.hadoop.ipc.ProtobufRpcEngine$Server$ProtoBufRpcInvoker.call(ProtobufRpcEngine.java:524)
	at org.apache.hadoop.ipc.RPC$Server.call(RPC.java:1025)
	at org.apache.hadoop.ipc.Server$RpcCall.run(Server.java:876)
	at org.apache.hadoop.ipc.Server$RpcCall.run(Server.java:822)
	at java.security.AccessController.doPrivileged(Native Method)
	at javax.security.auth.Subject.doAs(Subject.java:422)
	at org.apache.hadoop.security.UserGroupInformation.doAs(UserGroupInformation.java:1730)
	at org.apache.hadoop.ipc.Server$Handler.run(Server.java:2682)
2019-09-06 22:01:11,036 [IPC Server handler 2 on 34478] INFO  block.BlockManagerImpl (BlockManagerImpl.java:allocateBlock(198)) - Could not find available pipeline of type:RATIS and factor:THREE even after retrying
2019-09-06 22:01:11,036 [IPC Server handler 2 on 34478] ERROR block.BlockManagerImpl (BlockManagerImpl.java:allocateBlock(222)) - Unable to allocate a block for the size: 4194304, type: RATIS, factor: THREE
]]></system-out>
  </testcase>
  <testcase name="testBlockReadZeroByteFile" classname="org.apache.hadoop.fs.ozone.contract.ITestOzoneContractSeek" time="2.91">
    <error message="Allocated 0 blocks. Requested 1 blocks" type="INTERNAL_ERROR org.apache.hadoop.ozone.om.exceptions.OMException">INTERNAL_ERROR org.apache.hadoop.ozone.om.exceptions.OMException: Allocated 0 blocks. Requested 1 blocks
	at org.apache.hadoop.ozone.om.protocolPB.OzoneManagerProtocolClientSideTranslatorPB.handleError(OzoneManagerProtocolClientSideTranslatorPB.java:725)
	at org.apache.hadoop.ozone.om.protocolPB.OzoneManagerProtocolClientSideTranslatorPB.createFile(OzoneManagerProtocolClientSideTranslatorPB.java:1474)
	at org.apache.hadoop.ozone.client.rpc.RpcClient.createFile(RpcClient.java:984)
	at org.apache.hadoop.ozone.client.OzoneBucket.createFile(OzoneBucket.java:537)
	at org.apache.hadoop.fs.ozone.BasicOzoneClientAdapterImpl.createFile(BasicOzoneClientAdapterImpl.java:181)
	at org.apache.hadoop.fs.ozone.BasicOzoneFileSystem.createOutputStream(BasicOzoneFileSystem.java:249)
	at org.apache.hadoop.fs.ozone.BasicOzoneFileSystem.create(BasicOzoneFileSystem.java:230)
	at org.apache.hadoop.fs.FileSystem.create(FileSystem.java:1118)
	at org.apache.hadoop.fs.FileSystem.create(FileSystem.java:1098)
	at org.apache.hadoop.fs.FileSystem.create(FileSystem.java:987)
	at org.apache.hadoop.fs.contract.ContractTestUtils.createFile(ContractTestUtils.java:633)
	at org.apache.hadoop.fs.contract.AbstractContractSeekTest.setup(AbstractContractSeekTest.java:64)
	at sun.reflect.NativeMethodAccessorImpl.invoke0(Native Method)
	at sun.reflect.NativeMethodAccessorImpl.invoke(NativeMethodAccessorImpl.java:62)
	at sun.reflect.DelegatingMethodAccessorImpl.invoke(DelegatingMethodAccessorImpl.java:43)
	at java.lang.reflect.Method.invoke(Method.java:498)
	at org.junit.runners.model.FrameworkMethod$1.runReflectiveCall(FrameworkMethod.java:47)
	at org.junit.internal.runners.model.ReflectiveCallable.run(ReflectiveCallable.java:12)
	at org.junit.runners.model.FrameworkMethod.invokeExplosively(FrameworkMethod.java:44)
	at org.junit.internal.runners.statements.RunBefores.evaluate(RunBefores.java:24)
	at org.junit.internal.runners.statements.RunAfters.evaluate(RunAfters.java:27)
	at org.junit.rules.TestWatcher$1.evaluate(TestWatcher.java:55)
	at org.junit.internal.runners.statements.FailOnTimeout$StatementThread.run(FailOnTimeout.java:74)
</error>
    <system-out><![CDATA[2019-09-06 22:01:11,099 [Thread-304] INFO  rpc.RpcClient (RpcClient.java:createVolume(293)) - Creating Volume: volume32168, with user68549 as owner.
2019-09-06 22:01:11,101 [IPC Server handler 7 on 36227] INFO  volume.OMVolumeCreateRequest (OMVolumeCreateRequest.java:validateAndUpdateCache(189)) - created volume:volume32168 for user:user68549
2019-09-06 22:01:11,103 [Thread-304] INFO  rpc.RpcClient (RpcClient.java:createBucket(432)) - Creating Bucket: volume32168/bucket43798, with Versioning false and Storage Type set to DISK and Encryption set to false 
2019-09-06 22:01:11,147 [Thread-304] INFO  contract.AbstractFSContractTestBase (AbstractFSContractTestBase.java:setup(184)) - Test filesystem = o3fs://bucket43798.volume32168 implemented by OzoneFileSystem{URI=o3fs://bucket43798.volume32168, workingDir=o3fs://bucket43798.volume32168/user/jenkins1000, userName=jenkins1000, statistics=0 bytes read, 0 bytes written, 24 read ops, 0 large read ops, 16 write ops}
2019-09-06 22:01:11,159 [grpc-default-executor-4] INFO  impl.RaftServerProxy (RaftServerProxy.java:addNew(89)) - 5a50aa92-2737-4252-bffb-c8f2124676ea: addNew group-CEE8014A79C1:[e4d22c93-acc0-432e-8ff6-ef453016530c:192.168.69.79:43075, 5a50aa92-2737-4252-bffb-c8f2124676ea:192.168.69.79:36465, cabf754e-66c5-4603-8900-162c24b4db5c:192.168.69.79:46375] returns group-CEE8014A79C1:java.util.concurrent.CompletableFuture@255691d3[Not completed]
2019-09-06 22:01:11,159 [grpc-default-executor-2] INFO  impl.RaftServerProxy (RaftServerProxy.java:addNew(89)) - e4d22c93-acc0-432e-8ff6-ef453016530c: addNew group-CEE8014A79C1:[e4d22c93-acc0-432e-8ff6-ef453016530c:192.168.69.79:43075, 5a50aa92-2737-4252-bffb-c8f2124676ea:192.168.69.79:36465, cabf754e-66c5-4603-8900-162c24b4db5c:192.168.69.79:46375] returns group-CEE8014A79C1:java.util.concurrent.CompletableFuture@6612b1f2[Not completed]
2019-09-06 22:01:11,160 [grpc-default-executor-5] INFO  impl.RaftServerProxy (RaftServerProxy.java:addNew(89)) - cabf754e-66c5-4603-8900-162c24b4db5c: addNew group-CEE8014A79C1:[e4d22c93-acc0-432e-8ff6-ef453016530c:192.168.69.79:43075, 5a50aa92-2737-4252-bffb-c8f2124676ea:192.168.69.79:36465, cabf754e-66c5-4603-8900-162c24b4db5c:192.168.69.79:46375] returns group-CEE8014A79C1:java.util.concurrent.CompletableFuture@6a3b3a9c[Not completed]
2019-09-06 22:01:12,009 [pool-37-thread-1] INFO  storage.RaftStorageDirectory (RaftStorageDirectory.java:tryLock(328)) - Lock on /workdir/hadoop-ozone/ozonefs/target/test-dir/MiniOzoneClusterImpl-ca11de5b-e8c1-48c0-9c71-bb1a3ae6d3ec/datanode-1/data/ratis/e529f180-b086-4209-9a63-073b012acb57/in_use.lock acquired by nodename 3576@pr-hdds-2087-j7wfl-3989464410
2019-09-06 22:01:12,009 [pool-47-thread-1] INFO  storage.RaftStorageDirectory (RaftStorageDirectory.java:tryLock(328)) - Lock on /workdir/hadoop-ozone/ozonefs/target/test-dir/MiniOzoneClusterImpl-ca11de5b-e8c1-48c0-9c71-bb1a3ae6d3ec/datanode-2/data/ratis/e529f180-b086-4209-9a63-073b012acb57/in_use.lock acquired by nodename 3576@pr-hdds-2087-j7wfl-3989464410
2019-09-06 22:01:12,009 [pool-67-thread-1] INFO  storage.RaftStorageDirectory (RaftStorageDirectory.java:tryLock(328)) - Lock on /workdir/hadoop-ozone/ozonefs/target/test-dir/MiniOzoneClusterImpl-ca11de5b-e8c1-48c0-9c71-bb1a3ae6d3ec/datanode-4/data/ratis/e529f180-b086-4209-9a63-073b012acb57/in_use.lock acquired by nodename 3576@pr-hdds-2087-j7wfl-3989464410
2019-09-06 22:01:13,423 [pool-67-thread-1] INFO  storage.RaftStorage (RaftStorage.java:format(72)) - Storage directory /workdir/hadoop-ozone/ozonefs/target/test-dir/MiniOzoneClusterImpl-ca11de5b-e8c1-48c0-9c71-bb1a3ae6d3ec/datanode-4/data/ratis/e529f180-b086-4209-9a63-073b012acb57 has been successfully formatted.
2019-09-06 22:01:13,424 [pool-67-thread-1] INFO  ratis.ContainerStateMachine (ContainerStateMachine.java:loadSnapshot(227)) - group-073B012ACB57: The snapshot info is null. Setting the last applied indexto:(t:0, i:~)
2019-09-06 22:01:13,424 [pool-67-thread-1] INFO  server.RaftServerConfigKeys (ConfUtils.java:logGet(43)) - raft.server.leader.election.timeout = 120s (custom)
2019-09-06 22:01:13,424 [pool-67-thread-1] INFO  server.RaftServerConfigKeys (ConfUtils.java:logGet(43)) - raft.server.log.use.memory = false (default)
2019-09-06 22:01:13,424 [pool-67-thread-1] INFO  server.RaftServerConfigKeys (ConfUtils.java:logGet(43)) - raft.server.log.purge.gap = 1000000 (custom)
2019-09-06 22:01:13,424 [pool-67-thread-1] INFO  server.RaftServerConfigKeys (ConfUtils.java:logGet(43)) - raft.server.log.appender.buffer.byte-limit = 33554432 (custom)
2019-09-06 22:01:13,425 [pool-67-thread-1] INFO  server.RaftServerConfigKeys (ConfUtils.java:logGet(43)) - raft.server.log.segment.size.max = 1048576 (custom)
2019-09-06 22:01:13,425 [pool-67-thread-1] INFO  server.RaftServerConfigKeys (ConfUtils.java:logGet(43)) - raft.server.log.segment.cache.num.max = 2 (custom)
2019-09-06 22:01:13,425 [pool-67-thread-1] INFO  segmented.SegmentedRaftLogWorker (SegmentedRaftLogWorker.java:<init>(172)) - new cabf754e-66c5-4603-8900-162c24b4db5c-SegmentedRaftLogWorker:Storage Directory /workdir/hadoop-ozone/ozonefs/target/test-dir/MiniOzoneClusterImpl-ca11de5b-e8c1-48c0-9c71-bb1a3ae6d3ec/datanode-4/data/ratis/e529f180-b086-4209-9a63-073b012acb57 for RaftStorage:Storage Directory /workdir/hadoop-ozone/ozonefs/target/test-dir/MiniOzoneClusterImpl-ca11de5b-e8c1-48c0-9c71-bb1a3ae6d3ec/datanode-4/data/ratis/e529f180-b086-4209-9a63-073b012acb57
2019-09-06 22:01:13,425 [pool-67-thread-1] INFO  server.RaftServerConfigKeys (ConfUtils.java:logGet(43)) - raft.server.log.queue.byte-limit = 2147483647 (custom)
2019-09-06 22:01:13,423 [pool-47-thread-1] INFO  storage.RaftStorage (RaftStorage.java:format(72)) - Storage directory /workdir/hadoop-ozone/ozonefs/target/test-dir/MiniOzoneClusterImpl-ca11de5b-e8c1-48c0-9c71-bb1a3ae6d3ec/datanode-2/data/ratis/e529f180-b086-4209-9a63-073b012acb57 has been successfully formatted.
2019-09-06 22:01:13,426 [pool-37-thread-1] INFO  storage.RaftStorage (RaftStorage.java:format(72)) - Storage directory /workdir/hadoop-ozone/ozonefs/target/test-dir/MiniOzoneClusterImpl-ca11de5b-e8c1-48c0-9c71-bb1a3ae6d3ec/datanode-1/data/ratis/e529f180-b086-4209-9a63-073b012acb57 has been successfully formatted.
2019-09-06 22:01:13,426 [pool-47-thread-1] INFO  ratis.ContainerStateMachine (ContainerStateMachine.java:loadSnapshot(227)) - group-073B012ACB57: The snapshot info is null. Setting the last applied indexto:(t:0, i:~)
2019-09-06 22:01:13,425 [pool-67-thread-1] INFO  server.RaftServerConfigKeys (ConfUtils.java:logGet(43)) - raft.server.log.queue.element-limit = 1024 (custom)
2019-09-06 22:01:13,426 [pool-47-thread-1] INFO  server.RaftServerConfigKeys (ConfUtils.java:logGet(43)) - raft.server.leader.election.timeout = 120s (custom)
2019-09-06 22:01:13,426 [pool-37-thread-1] INFO  ratis.ContainerStateMachine (ContainerStateMachine.java:loadSnapshot(227)) - group-073B012ACB57: The snapshot info is null. Setting the last applied indexto:(t:0, i:~)
2019-09-06 22:01:13,426 [pool-47-thread-1] INFO  server.RaftServerConfigKeys (ConfUtils.java:logGet(43)) - raft.server.log.use.memory = false (default)
2019-09-06 22:01:13,426 [pool-67-thread-1] INFO  server.RaftServerConfigKeys (ConfUtils.java:logGet(43)) - raft.server.log.segment.size.max = 1048576 (custom)
2019-09-06 22:01:13,427 [pool-67-thread-1] INFO  server.RaftServerConfigKeys (ConfUtils.java:logGet(43)) - raft.server.log.preallocated.size = 16384 (custom)
2019-09-06 22:01:13,427 [pool-67-thread-1] INFO  server.RaftServerConfigKeys (ConfUtils.java:logGet(43)) - raft.server.log.write.buffer.size = 33554432 (custom)
2019-09-06 22:01:13,427 [pool-67-thread-1] INFO  server.RaftServerConfigKeys (ConfUtils.java:logGet(43)) - raft.server.log.force.sync.num = 128 (default)
2019-09-06 22:01:13,428 [pool-67-thread-1] INFO  server.RaftServerConfigKeys (ConfUtils.java:logGet(43)) - raft.server.log.statemachine.data.sync = true (default)
2019-09-06 22:01:13,428 [pool-67-thread-1] INFO  server.RaftServerConfigKeys (ConfUtils.java:logGet(43)) - raft.server.log.statemachine.data.sync.timeout = 10s (default)
2019-09-06 22:01:13,428 [pool-67-thread-1] INFO  server.RaftServerConfigKeys (ConfUtils.java:logGet(43)) - raft.server.log.statemachine.data.sync.timeout.retry = -1 (default)
2019-09-06 22:01:13,428 [pool-67-thread-1] INFO  server.RaftServerConfigKeys (ConfUtils.java:logGet(43)) - raft.server.log.statemachine.data.caching.enabled = true (custom)
2019-09-06 22:01:13,429 [pool-67-thread-1] INFO  segmented.SegmentedRaftLogWorker (SegmentedRaftLogWorker.java:lambda$new$0(132)) - cabf754e-66c5-4603-8900-162c24b4db5c-SegmentedRaftLogWorker:Storage Directory /workdir/hadoop-ozone/ozonefs/target/test-dir/MiniOzoneClusterImpl-ca11de5b-e8c1-48c0-9c71-bb1a3ae6d3ec/datanode-4/data/ratis/e529f180-b086-4209-9a63-073b012acb57: flushIndex: setUnconditionally 0 -> -1
2019-09-06 22:01:13,427 [pool-47-thread-1] INFO  server.RaftServerConfigKeys (ConfUtils.java:logGet(43)) - raft.server.log.purge.gap = 1000000 (custom)
2019-09-06 22:01:13,429 [pool-47-thread-1] INFO  server.RaftServerConfigKeys (ConfUtils.java:logGet(43)) - raft.server.log.appender.buffer.byte-limit = 33554432 (custom)
2019-09-06 22:01:13,427 [pool-37-thread-1] INFO  server.RaftServerConfigKeys (ConfUtils.java:logGet(43)) - raft.server.leader.election.timeout = 120s (custom)
2019-09-06 22:01:13,429 [pool-47-thread-1] INFO  server.RaftServerConfigKeys (ConfUtils.java:logGet(43)) - raft.server.log.segment.size.max = 1048576 (custom)
2019-09-06 22:01:13,429 [pool-67-thread-1] INFO  server.RaftServerConfigKeys (ConfUtils.java:logGet(43)) - raft.server.snapshot.auto.trigger.enabled = true (custom)
2019-09-06 22:01:13,430 [pool-47-thread-1] INFO  server.RaftServerConfigKeys (ConfUtils.java:logGet(43)) - raft.server.log.segment.cache.num.max = 2 (custom)
2019-09-06 22:01:13,430 [pool-37-thread-1] INFO  server.RaftServerConfigKeys (ConfUtils.java:logGet(43)) - raft.server.log.use.memory = false (default)
2019-09-06 22:01:13,430 [pool-47-thread-1] INFO  segmented.SegmentedRaftLogWorker (SegmentedRaftLogWorker.java:<init>(172)) - new e4d22c93-acc0-432e-8ff6-ef453016530c-SegmentedRaftLogWorker:Storage Directory /workdir/hadoop-ozone/ozonefs/target/test-dir/MiniOzoneClusterImpl-ca11de5b-e8c1-48c0-9c71-bb1a3ae6d3ec/datanode-2/data/ratis/e529f180-b086-4209-9a63-073b012acb57 for RaftStorage:Storage Directory /workdir/hadoop-ozone/ozonefs/target/test-dir/MiniOzoneClusterImpl-ca11de5b-e8c1-48c0-9c71-bb1a3ae6d3ec/datanode-2/data/ratis/e529f180-b086-4209-9a63-073b012acb57
2019-09-06 22:01:13,430 [pool-67-thread-1] INFO  server.RaftServerConfigKeys (ConfUtils.java:logGet(43)) - raft.server.snapshot.auto.trigger.threshold = 10000 (custom)
2019-09-06 22:01:13,430 [pool-47-thread-1] INFO  server.RaftServerConfigKeys (ConfUtils.java:logGet(43)) - raft.server.log.queue.byte-limit = 2147483647 (custom)
2019-09-06 22:01:13,430 [pool-37-thread-1] INFO  server.RaftServerConfigKeys (ConfUtils.java:logGet(43)) - raft.server.log.purge.gap = 1000000 (custom)
2019-09-06 22:01:13,431 [pool-47-thread-1] INFO  server.RaftServerConfigKeys (ConfUtils.java:logGet(43)) - raft.server.log.queue.element-limit = 1024 (custom)
2019-09-06 22:01:13,431 [pool-67-thread-1] INFO  server.RaftServerConfigKeys (ConfUtils.java:logGet(43)) - raft.server.retrycache.expirytime = 600000ms (custom)
2019-09-06 22:01:13,431 [pool-47-thread-1] INFO  server.RaftServerConfigKeys (ConfUtils.java:logGet(43)) - raft.server.log.segment.size.max = 1048576 (custom)
2019-09-06 22:01:13,431 [pool-37-thread-1] INFO  server.RaftServerConfigKeys (ConfUtils.java:logGet(43)) - raft.server.log.appender.buffer.byte-limit = 33554432 (custom)
2019-09-06 22:01:13,431 [pool-47-thread-1] INFO  server.RaftServerConfigKeys (ConfUtils.java:logGet(43)) - raft.server.log.preallocated.size = 16384 (custom)
2019-09-06 22:01:13,431 [pool-67-thread-1] INFO  impl.RaftServerImpl (RaftServerImpl.java:start(180)) - cabf754e-66c5-4603-8900-162c24b4db5c: start group-EEED52C9F798
2019-09-06 22:01:13,432 [pool-47-thread-1] INFO  server.RaftServerConfigKeys (ConfUtils.java:logGet(43)) - raft.server.log.write.buffer.size = 33554432 (custom)
2019-09-06 22:01:13,432 [pool-37-thread-1] INFO  server.RaftServerConfigKeys (ConfUtils.java:logGet(43)) - raft.server.log.segment.size.max = 1048576 (custom)
2019-09-06 22:01:13,432 [pool-47-thread-1] INFO  server.RaftServerConfigKeys (ConfUtils.java:logGet(43)) - raft.server.log.force.sync.num = 128 (default)
2019-09-06 22:01:13,432 [pool-67-thread-1] INFO  impl.RaftServerImpl (RaftServerImpl.java:setRole(171)) - cabf754e-66c5-4603-8900-162c24b4db5c:group-EEED52C9F798 changes role from null to FOLLOWER at term 0 for startAsFollower
2019-09-06 22:01:13,432 [pool-47-thread-1] INFO  server.RaftServerConfigKeys (ConfUtils.java:logGet(43)) - raft.server.log.statemachine.data.sync = true (default)
2019-09-06 22:01:13,432 [pool-37-thread-1] INFO  server.RaftServerConfigKeys (ConfUtils.java:logGet(43)) - raft.server.log.segment.cache.num.max = 2 (custom)
2019-09-06 22:01:13,433 [pool-47-thread-1] INFO  server.RaftServerConfigKeys (ConfUtils.java:logGet(43)) - raft.server.log.statemachine.data.sync.timeout = 10s (default)
2019-09-06 22:01:13,433 [pool-67-thread-1] INFO  impl.RoleInfo (RoleInfo.java:updateAndGet(143)) - cabf754e-66c5-4603-8900-162c24b4db5c: start FollowerState
2019-09-06 22:01:13,433 [pool-47-thread-1] INFO  server.RaftServerConfigKeys (ConfUtils.java:logGet(43)) - raft.server.log.statemachine.data.sync.timeout.retry = -1 (default)
2019-09-06 22:01:13,434 [pool-47-thread-1] INFO  server.RaftServerConfigKeys (ConfUtils.java:logGet(43)) - raft.server.log.statemachine.data.caching.enabled = true (custom)
2019-09-06 22:01:13,434 [pool-67-thread-1] INFO  util.JmxRegister (JmxRegister.java:tryRegister(44)) - Successfully registered JMX Bean with object name Ratis:service=RaftServer,group=group-EEED52C9F798,id=cabf754e-66c5-4603-8900-162c24b4db5c
2019-09-06 22:01:13,433 [pool-37-thread-1] INFO  segmented.SegmentedRaftLogWorker (SegmentedRaftLogWorker.java:<init>(172)) - new 5a50aa92-2737-4252-bffb-c8f2124676ea-SegmentedRaftLogWorker:Storage Directory /workdir/hadoop-ozone/ozonefs/target/test-dir/MiniOzoneClusterImpl-ca11de5b-e8c1-48c0-9c71-bb1a3ae6d3ec/datanode-1/data/ratis/e529f180-b086-4209-9a63-073b012acb57 for RaftStorage:Storage Directory /workdir/hadoop-ozone/ozonefs/target/test-dir/MiniOzoneClusterImpl-ca11de5b-e8c1-48c0-9c71-bb1a3ae6d3ec/datanode-1/data/ratis/e529f180-b086-4209-9a63-073b012acb57
2019-09-06 22:01:13,434 [pool-47-thread-1] INFO  segmented.SegmentedRaftLogWorker (SegmentedRaftLogWorker.java:lambda$new$0(132)) - e4d22c93-acc0-432e-8ff6-ef453016530c-SegmentedRaftLogWorker:Storage Directory /workdir/hadoop-ozone/ozonefs/target/test-dir/MiniOzoneClusterImpl-ca11de5b-e8c1-48c0-9c71-bb1a3ae6d3ec/datanode-2/data/ratis/e529f180-b086-4209-9a63-073b012acb57: flushIndex: setUnconditionally 0 -> -1
2019-09-06 22:01:13,434 [pool-37-thread-1] INFO  server.RaftServerConfigKeys (ConfUtils.java:logGet(43)) - raft.server.log.queue.byte-limit = 2147483647 (custom)
2019-09-06 22:01:13,435 [pool-47-thread-1] INFO  server.RaftServerConfigKeys (ConfUtils.java:logGet(43)) - raft.server.snapshot.auto.trigger.enabled = true (custom)
2019-09-06 22:01:13,435 [pool-47-thread-1] INFO  server.RaftServerConfigKeys (ConfUtils.java:logGet(43)) - raft.server.snapshot.auto.trigger.threshold = 10000 (custom)
2019-09-06 22:01:13,435 [pool-47-thread-1] INFO  server.RaftServerConfigKeys (ConfUtils.java:logGet(43)) - raft.server.retrycache.expirytime = 600000ms (custom)
2019-09-06 22:01:13,436 [pool-47-thread-1] INFO  impl.RaftServerImpl (RaftServerImpl.java:start(180)) - e4d22c93-acc0-432e-8ff6-ef453016530c: start group-EEED52C9F798
2019-09-06 22:01:13,436 [pool-47-thread-1] INFO  impl.RaftServerImpl (RaftServerImpl.java:setRole(171)) - e4d22c93-acc0-432e-8ff6-ef453016530c:group-EEED52C9F798 changes role from null to FOLLOWER at term 0 for startAsFollower
2019-09-06 22:01:13,436 [pool-47-thread-1] INFO  impl.RoleInfo (RoleInfo.java:updateAndGet(143)) - e4d22c93-acc0-432e-8ff6-ef453016530c: start FollowerState
2019-09-06 22:01:13,436 [pool-47-thread-1] INFO  util.JmxRegister (JmxRegister.java:tryRegister(44)) - Successfully registered JMX Bean with object name Ratis:service=RaftServer,group=group-EEED52C9F798,id=e4d22c93-acc0-432e-8ff6-ef453016530c
2019-09-06 22:01:13,437 [pool-67-thread-1] INFO  impl.RaftServerImpl (RaftServerImpl.java:<init>(93)) - cabf754e-66c5-4603-8900-162c24b4db5c: new RaftServerImpl for group-0C61244178E5:[e4d22c93-acc0-432e-8ff6-ef453016530c:192.168.69.79:43075, 5a50aa92-2737-4252-bffb-c8f2124676ea:192.168.69.79:36465, cabf754e-66c5-4603-8900-162c24b4db5c:192.168.69.79:46375] with ContainerStateMachine:uninitialized
2019-09-06 22:01:13,437 [pool-67-thread-1] INFO  server.RaftServerConfigKeys (ConfUtils.java:logGet(43)) - raft.server.rpc.timeout.min = 5s (custom)
2019-09-06 22:01:13,437 [pool-67-thread-1] INFO  server.RaftServerConfigKeys (ConfUtils.java:logGet(43)) - raft.server.rpc.timeout.max = 5200ms (custom)
2019-09-06 22:01:13,437 [pool-67-thread-1] INFO  server.RaftServerConfigKeys (ConfUtils.java:logGet(43)) - raft.server.rpcslowness.timeout = 120s (custom)
2019-09-06 22:01:13,438 [pool-67-thread-1] INFO  server.RaftServerConfigKeys (ConfUtils.java:logGet(43)) - raft.server.sleep.deviation.threshold = 300 (default)
2019-09-06 22:01:13,438 [pool-67-thread-1] INFO  server.RaftServerConfigKeys (ConfUtils.java:logGet(43)) - raft.server.log.appender.install.snapshot.enabled = false (custom)
2019-09-06 22:01:13,438 [pool-67-thread-1] INFO  impl.RaftServerImpl (ServerState.java:<init>(105)) - cabf754e-66c5-4603-8900-162c24b4db5c:group-0C61244178E5 ConfigurationManager, init=-1: [e4d22c93-acc0-432e-8ff6-ef453016530c:192.168.69.79:43075, 5a50aa92-2737-4252-bffb-c8f2124676ea:192.168.69.79:36465, cabf754e-66c5-4603-8900-162c24b4db5c:192.168.69.79:46375], old=null, confs=<EMPTY_MAP>
2019-09-06 22:01:13,438 [pool-67-thread-1] INFO  server.RaftServerConfigKeys (ConfUtils.java:logGet(43)) - raft.server.storage.dir = [/workdir/hadoop-ozone/ozonefs/target/test-dir/MiniOzoneClusterImpl-ca11de5b-e8c1-48c0-9c71-bb1a3ae6d3ec/datanode-4/data/ratis] (custom)
2019-09-06 22:01:13,435 [pool-37-thread-1] INFO  server.RaftServerConfigKeys (ConfUtils.java:logGet(43)) - raft.server.log.queue.element-limit = 1024 (custom)
2019-09-06 22:01:13,438 [pool-47-thread-1] INFO  impl.RaftServerImpl (RaftServerImpl.java:<init>(93)) - e4d22c93-acc0-432e-8ff6-ef453016530c: new RaftServerImpl for group-0C61244178E5:[e4d22c93-acc0-432e-8ff6-ef453016530c:192.168.69.79:43075, 5a50aa92-2737-4252-bffb-c8f2124676ea:192.168.69.79:36465, cabf754e-66c5-4603-8900-162c24b4db5c:192.168.69.79:46375] with ContainerStateMachine:uninitialized
2019-09-06 22:01:13,439 [pool-47-thread-1] INFO  server.RaftServerConfigKeys (ConfUtils.java:logGet(43)) - raft.server.rpc.timeout.min = 5s (custom)
2019-09-06 22:01:13,439 [pool-47-thread-1] INFO  server.RaftServerConfigKeys (ConfUtils.java:logGet(43)) - raft.server.rpc.timeout.max = 5200ms (custom)
2019-09-06 22:01:13,439 [pool-37-thread-1] INFO  server.RaftServerConfigKeys (ConfUtils.java:logGet(43)) - raft.server.log.segment.size.max = 1048576 (custom)
2019-09-06 22:01:13,439 [pool-47-thread-1] INFO  server.RaftServerConfigKeys (ConfUtils.java:logGet(43)) - raft.server.rpcslowness.timeout = 120s (custom)
2019-09-06 22:01:13,439 [pool-67-thread-1] INFO  storage.RaftStorageDirectory (RaftStorageDirectory.java:analyzeStorage(246)) - The storage directory /workdir/hadoop-ozone/ozonefs/target/test-dir/MiniOzoneClusterImpl-ca11de5b-e8c1-48c0-9c71-bb1a3ae6d3ec/datanode-4/data/ratis/57ce3994-ad62-4e2e-a8c9-0c61244178e5 does not exist. Creating ...
2019-09-06 22:01:13,440 [pool-47-thread-1] INFO  server.RaftServerConfigKeys (ConfUtils.java:logGet(43)) - raft.server.sleep.deviation.threshold = 300 (default)
2019-09-06 22:01:13,440 [pool-47-thread-1] INFO  server.RaftServerConfigKeys (ConfUtils.java:logGet(43)) - raft.server.log.appender.install.snapshot.enabled = false (custom)
2019-09-06 22:01:13,439 [pool-37-thread-1] INFO  server.RaftServerConfigKeys (ConfUtils.java:logGet(43)) - raft.server.log.preallocated.size = 16384 (custom)
2019-09-06 22:01:13,440 [pool-47-thread-1] INFO  impl.RaftServerImpl (ServerState.java:<init>(105)) - e4d22c93-acc0-432e-8ff6-ef453016530c:group-0C61244178E5 ConfigurationManager, init=-1: [e4d22c93-acc0-432e-8ff6-ef453016530c:192.168.69.79:43075, 5a50aa92-2737-4252-bffb-c8f2124676ea:192.168.69.79:36465, cabf754e-66c5-4603-8900-162c24b4db5c:192.168.69.79:46375], old=null, confs=<EMPTY_MAP>
2019-09-06 22:01:13,440 [pool-37-thread-1] INFO  server.RaftServerConfigKeys (ConfUtils.java:logGet(43)) - raft.server.log.write.buffer.size = 33554432 (custom)
2019-09-06 22:01:13,440 [pool-47-thread-1] INFO  server.RaftServerConfigKeys (ConfUtils.java:logGet(43)) - raft.server.storage.dir = [/workdir/hadoop-ozone/ozonefs/target/test-dir/MiniOzoneClusterImpl-ca11de5b-e8c1-48c0-9c71-bb1a3ae6d3ec/datanode-2/data/ratis] (custom)
2019-09-06 22:01:13,440 [pool-37-thread-1] INFO  server.RaftServerConfigKeys (ConfUtils.java:logGet(43)) - raft.server.log.force.sync.num = 128 (default)
2019-09-06 22:01:13,441 [pool-37-thread-1] INFO  server.RaftServerConfigKeys (ConfUtils.java:logGet(43)) - raft.server.log.statemachine.data.sync = true (default)
2019-09-06 22:01:13,441 [pool-47-thread-1] INFO  storage.RaftStorageDirectory (RaftStorageDirectory.java:analyzeStorage(246)) - The storage directory /workdir/hadoop-ozone/ozonefs/target/test-dir/MiniOzoneClusterImpl-ca11de5b-e8c1-48c0-9c71-bb1a3ae6d3ec/datanode-2/data/ratis/57ce3994-ad62-4e2e-a8c9-0c61244178e5 does not exist. Creating ...
2019-09-06 22:01:13,441 [pool-37-thread-1] INFO  server.RaftServerConfigKeys (ConfUtils.java:logGet(43)) - raft.server.log.statemachine.data.sync.timeout = 10s (default)
2019-09-06 22:01:13,441 [pool-37-thread-1] INFO  server.RaftServerConfigKeys (ConfUtils.java:logGet(43)) - raft.server.log.statemachine.data.sync.timeout.retry = -1 (default)
2019-09-06 22:01:13,441 [pool-37-thread-1] INFO  server.RaftServerConfigKeys (ConfUtils.java:logGet(43)) - raft.server.log.statemachine.data.caching.enabled = true (custom)
2019-09-06 22:01:13,442 [pool-37-thread-1] INFO  segmented.SegmentedRaftLogWorker (SegmentedRaftLogWorker.java:lambda$new$0(132)) - 5a50aa92-2737-4252-bffb-c8f2124676ea-SegmentedRaftLogWorker:Storage Directory /workdir/hadoop-ozone/ozonefs/target/test-dir/MiniOzoneClusterImpl-ca11de5b-e8c1-48c0-9c71-bb1a3ae6d3ec/datanode-1/data/ratis/e529f180-b086-4209-9a63-073b012acb57: flushIndex: setUnconditionally 0 -> -1
2019-09-06 22:01:13,442 [pool-37-thread-1] INFO  server.RaftServerConfigKeys (ConfUtils.java:logGet(43)) - raft.server.snapshot.auto.trigger.enabled = true (custom)
2019-09-06 22:01:13,442 [pool-37-thread-1] INFO  server.RaftServerConfigKeys (ConfUtils.java:logGet(43)) - raft.server.snapshot.auto.trigger.threshold = 10000 (custom)
2019-09-06 22:01:13,442 [pool-37-thread-1] INFO  server.RaftServerConfigKeys (ConfUtils.java:logGet(43)) - raft.server.retrycache.expirytime = 600000ms (custom)
2019-09-06 22:01:13,443 [pool-37-thread-1] INFO  impl.RaftServerImpl (RaftServerImpl.java:start(180)) - 5a50aa92-2737-4252-bffb-c8f2124676ea: start group-EEED52C9F798
2019-09-06 22:01:13,443 [pool-37-thread-1] INFO  impl.RaftServerImpl (RaftServerImpl.java:setRole(171)) - 5a50aa92-2737-4252-bffb-c8f2124676ea:group-EEED52C9F798 changes role from null to FOLLOWER at term 0 for startAsFollower
2019-09-06 22:01:13,443 [pool-37-thread-1] INFO  impl.RoleInfo (RoleInfo.java:updateAndGet(143)) - 5a50aa92-2737-4252-bffb-c8f2124676ea: start FollowerState
2019-09-06 22:01:13,443 [pool-37-thread-1] INFO  util.JmxRegister (JmxRegister.java:tryRegister(44)) - Successfully registered JMX Bean with object name Ratis:service=RaftServer,group=group-EEED52C9F798,id=5a50aa92-2737-4252-bffb-c8f2124676ea
2019-09-06 22:01:13,445 [pool-37-thread-1] INFO  impl.RaftServerImpl (RaftServerImpl.java:<init>(93)) - 5a50aa92-2737-4252-bffb-c8f2124676ea: new RaftServerImpl for group-0C61244178E5:[e4d22c93-acc0-432e-8ff6-ef453016530c:192.168.69.79:43075, 5a50aa92-2737-4252-bffb-c8f2124676ea:192.168.69.79:36465, cabf754e-66c5-4603-8900-162c24b4db5c:192.168.69.79:46375] with ContainerStateMachine:uninitialized
2019-09-06 22:01:13,445 [pool-37-thread-1] INFO  server.RaftServerConfigKeys (ConfUtils.java:logGet(43)) - raft.server.rpc.timeout.min = 5s (custom)
2019-09-06 22:01:13,445 [pool-37-thread-1] INFO  server.RaftServerConfigKeys (ConfUtils.java:logGet(43)) - raft.server.rpc.timeout.max = 5200ms (custom)
2019-09-06 22:01:13,446 [pool-37-thread-1] INFO  server.RaftServerConfigKeys (ConfUtils.java:logGet(43)) - raft.server.rpcslowness.timeout = 120s (custom)
2019-09-06 22:01:13,446 [pool-37-thread-1] INFO  server.RaftServerConfigKeys (ConfUtils.java:logGet(43)) - raft.server.sleep.deviation.threshold = 300 (default)
2019-09-06 22:01:13,446 [pool-37-thread-1] INFO  server.RaftServerConfigKeys (ConfUtils.java:logGet(43)) - raft.server.log.appender.install.snapshot.enabled = false (custom)
2019-09-06 22:01:13,446 [pool-37-thread-1] INFO  impl.RaftServerImpl (ServerState.java:<init>(105)) - 5a50aa92-2737-4252-bffb-c8f2124676ea:group-0C61244178E5 ConfigurationManager, init=-1: [e4d22c93-acc0-432e-8ff6-ef453016530c:192.168.69.79:43075, 5a50aa92-2737-4252-bffb-c8f2124676ea:192.168.69.79:36465, cabf754e-66c5-4603-8900-162c24b4db5c:192.168.69.79:46375], old=null, confs=<EMPTY_MAP>
2019-09-06 22:01:13,446 [pool-37-thread-1] INFO  server.RaftServerConfigKeys (ConfUtils.java:logGet(43)) - raft.server.storage.dir = [/workdir/hadoop-ozone/ozonefs/target/test-dir/MiniOzoneClusterImpl-ca11de5b-e8c1-48c0-9c71-bb1a3ae6d3ec/datanode-1/data/ratis] (custom)
2019-09-06 22:01:13,447 [pool-37-thread-1] INFO  storage.RaftStorageDirectory (RaftStorageDirectory.java:analyzeStorage(246)) - The storage directory /workdir/hadoop-ozone/ozonefs/target/test-dir/MiniOzoneClusterImpl-ca11de5b-e8c1-48c0-9c71-bb1a3ae6d3ec/datanode-1/data/ratis/57ce3994-ad62-4e2e-a8c9-0c61244178e5 does not exist. Creating ...
2019-09-06 22:01:14,158 [RATISCREATEPIPELINE1] ERROR pipeline.RatisPipelineProvider (RatisPipelineProvider.java:lambda$null$5(236)) - Failed invoke Ratis rpc org.apache.hadoop.hdds.scm.pipeline.RatisPipelineProvider$$Lambda$172/1300682258@7cf8f6cd for cabf754e-66c5-4603-8900-162c24b4db5c
org.apache.ratis.protocol.TimeoutIOException: deadline exceeded after 2999706720ns
	at org.apache.ratis.grpc.GrpcUtil.tryUnwrapException(GrpcUtil.java:82)
	at org.apache.ratis.grpc.GrpcUtil.unwrapException(GrpcUtil.java:75)
	at org.apache.ratis.grpc.client.GrpcClientProtocolClient.blockingCall(GrpcClientProtocolClient.java:169)
	at org.apache.ratis.grpc.client.GrpcClientProtocolClient.groupAdd(GrpcClientProtocolClient.java:138)
	at org.apache.ratis.grpc.client.GrpcClientRpc.sendRequest(GrpcClientRpc.java:94)
	at org.apache.ratis.client.impl.RaftClientImpl.sendRequest(RaftClientImpl.java:279)
	at org.apache.ratis.client.impl.RaftClientImpl.groupAdd(RaftClientImpl.java:206)
	at org.apache.hadoop.hdds.scm.pipeline.RatisPipelineProvider.lambda$initializePipeline$4(RatisPipelineProvider.java:195)
	at org.apache.hadoop.hdds.scm.pipeline.RatisPipelineProvider.lambda$null$5(RatisPipelineProvider.java:232)
	at java.util.stream.ForEachOps$ForEachOp$OfRef.accept(ForEachOps.java:184)
	at java.util.ArrayList$ArrayListSpliterator.forEachRemaining(ArrayList.java:1382)
	at java.util.stream.AbstractPipeline.copyInto(AbstractPipeline.java:482)
	at java.util.stream.ForEachOps$ForEachTask.compute(ForEachOps.java:291)
	at java.util.concurrent.CountedCompleter.exec(CountedCompleter.java:731)
	at java.util.concurrent.ForkJoinTask.doExec(ForkJoinTask.java:289)
	at java.util.concurrent.ForkJoinTask.doInvoke(ForkJoinTask.java:401)
	at java.util.concurrent.ForkJoinTask.invoke(ForkJoinTask.java:734)
	at java.util.stream.ForEachOps$ForEachOp.evaluateParallel(ForEachOps.java:160)
	at java.util.stream.ForEachOps$ForEachOp$OfRef.evaluateParallel(ForEachOps.java:174)
	at java.util.stream.AbstractPipeline.evaluate(AbstractPipeline.java:233)
	at java.util.stream.ReferencePipeline.forEach(ReferencePipeline.java:418)
	at java.util.stream.ReferencePipeline$Head.forEach(ReferencePipeline.java:583)
	at org.apache.hadoop.hdds.scm.pipeline.RatisPipelineProvider.lambda$callRatisRpc$6(RatisPipelineProvider.java:226)
	at java.util.concurrent.ForkJoinTask$AdaptedRunnableAction.exec(ForkJoinTask.java:1386)
	at java.util.concurrent.ForkJoinTask.doExec(ForkJoinTask.java:289)
	at java.util.concurrent.ForkJoinPool$WorkQueue.runTask(ForkJoinPool.java:1056)
	at java.util.concurrent.ForkJoinPool.runWorker(ForkJoinPool.java:1692)
	at java.util.concurrent.ForkJoinWorkerThread.run(ForkJoinWorkerThread.java:157)
Caused by: org.apache.ratis.thirdparty.io.grpc.StatusRuntimeException: DEADLINE_EXCEEDED: deadline exceeded after 2999706720ns
	at org.apache.ratis.thirdparty.io.grpc.stub.ClientCalls.toStatusRuntimeException(ClientCalls.java:233)
	at org.apache.ratis.thirdparty.io.grpc.stub.ClientCalls.getUnchecked(ClientCalls.java:214)
	at org.apache.ratis.thirdparty.io.grpc.stub.ClientCalls.blockingUnaryCall(ClientCalls.java:139)
	at org.apache.ratis.proto.grpc.AdminProtocolServiceGrpc$AdminProtocolServiceBlockingStub.groupManagement(AdminProtocolServiceGrpc.java:274)
	at org.apache.ratis.grpc.client.GrpcClientProtocolClient.lambda$groupAdd$3(GrpcClientProtocolClient.java:140)
	at org.apache.ratis.grpc.client.GrpcClientProtocolClient.blockingCall(GrpcClientProtocolClient.java:167)
	... 25 more
2019-09-06 22:01:14,158 [RATISCREATEPIPELINE3] ERROR pipeline.RatisPipelineProvider (RatisPipelineProvider.java:lambda$null$5(236)) - Failed invoke Ratis rpc org.apache.hadoop.hdds.scm.pipeline.RatisPipelineProvider$$Lambda$172/1300682258@7cf8f6cd for e4d22c93-acc0-432e-8ff6-ef453016530c
org.apache.ratis.protocol.TimeoutIOException
	at org.apache.ratis.grpc.GrpcUtil.tryUnwrapException(GrpcUtil.java:82)
	at org.apache.ratis.grpc.GrpcUtil.unwrapException(GrpcUtil.java:75)
	at org.apache.ratis.grpc.client.GrpcClientProtocolClient.blockingCall(GrpcClientProtocolClient.java:169)
	at org.apache.ratis.grpc.client.GrpcClientProtocolClient.groupAdd(GrpcClientProtocolClient.java:138)
	at org.apache.ratis.grpc.client.GrpcClientRpc.sendRequest(GrpcClientRpc.java:94)
	at org.apache.ratis.client.impl.RaftClientImpl.sendRequest(RaftClientImpl.java:279)
	at org.apache.ratis.client.impl.RaftClientImpl.groupAdd(RaftClientImpl.java:206)
	at org.apache.hadoop.hdds.scm.pipeline.RatisPipelineProvider.lambda$initializePipeline$4(RatisPipelineProvider.java:195)
	at org.apache.hadoop.hdds.scm.pipeline.RatisPipelineProvider.lambda$null$5(RatisPipelineProvider.java:232)
	at java.util.stream.ForEachOps$ForEachOp$OfRef.accept(ForEachOps.java:184)
	at java.util.ArrayList$ArrayListSpliterator.forEachRemaining(ArrayList.java:1382)
	at java.util.stream.AbstractPipeline.copyInto(AbstractPipeline.java:482)
	at java.util.stream.ForEachOps$ForEachTask.compute(ForEachOps.java:291)
	at java.util.concurrent.CountedCompleter.exec(CountedCompleter.java:731)
	at java.util.concurrent.ForkJoinTask.doExec(ForkJoinTask.java:289)
	at java.util.concurrent.ForkJoinPool$WorkQueue.runTask(ForkJoinPool.java:1056)
	at java.util.concurrent.ForkJoinPool.runWorker(ForkJoinPool.java:1692)
	at java.util.concurrent.ForkJoinWorkerThread.run(ForkJoinWorkerThread.java:157)
Caused by: org.apache.ratis.thirdparty.io.grpc.StatusRuntimeException: DEADLINE_EXCEEDED
	at org.apache.ratis.thirdparty.io.grpc.stub.ClientCalls.toStatusRuntimeException(ClientCalls.java:233)
	at org.apache.ratis.thirdparty.io.grpc.stub.ClientCalls.getUnchecked(ClientCalls.java:214)
	at org.apache.ratis.thirdparty.io.grpc.stub.ClientCalls.blockingUnaryCall(ClientCalls.java:139)
	at org.apache.ratis.proto.grpc.AdminProtocolServiceGrpc$AdminProtocolServiceBlockingStub.groupManagement(AdminProtocolServiceGrpc.java:274)
	at org.apache.ratis.grpc.client.GrpcClientProtocolClient.lambda$groupAdd$3(GrpcClientProtocolClient.java:140)
	at org.apache.ratis.grpc.client.GrpcClientProtocolClient.blockingCall(GrpcClientProtocolClient.java:167)
	... 15 more
2019-09-06 22:01:14,158 [RATISCREATEPIPELINE2] ERROR pipeline.RatisPipelineProvider (RatisPipelineProvider.java:lambda$null$5(236)) - Failed invoke Ratis rpc org.apache.hadoop.hdds.scm.pipeline.RatisPipelineProvider$$Lambda$172/1300682258@7cf8f6cd for 5a50aa92-2737-4252-bffb-c8f2124676ea
org.apache.ratis.protocol.TimeoutIOException: deadline exceeded after 2999734935ns
	at org.apache.ratis.grpc.GrpcUtil.tryUnwrapException(GrpcUtil.java:82)
	at org.apache.ratis.grpc.GrpcUtil.unwrapException(GrpcUtil.java:75)
	at org.apache.ratis.grpc.client.GrpcClientProtocolClient.blockingCall(GrpcClientProtocolClient.java:169)
	at org.apache.ratis.grpc.client.GrpcClientProtocolClient.groupAdd(GrpcClientProtocolClient.java:138)
	at org.apache.ratis.grpc.client.GrpcClientRpc.sendRequest(GrpcClientRpc.java:94)
	at org.apache.ratis.client.impl.RaftClientImpl.sendRequest(RaftClientImpl.java:279)
	at org.apache.ratis.client.impl.RaftClientImpl.groupAdd(RaftClientImpl.java:206)
	at org.apache.hadoop.hdds.scm.pipeline.RatisPipelineProvider.lambda$initializePipeline$4(RatisPipelineProvider.java:195)
	at org.apache.hadoop.hdds.scm.pipeline.RatisPipelineProvider.lambda$null$5(RatisPipelineProvider.java:232)
	at java.util.stream.ForEachOps$ForEachOp$OfRef.accept(ForEachOps.java:184)
	at java.util.ArrayList$ArrayListSpliterator.forEachRemaining(ArrayList.java:1382)
	at java.util.stream.AbstractPipeline.copyInto(AbstractPipeline.java:482)
	at java.util.stream.ForEachOps$ForEachTask.compute(ForEachOps.java:291)
	at java.util.concurrent.CountedCompleter.exec(CountedCompleter.java:731)
	at java.util.concurrent.ForkJoinTask.doExec(ForkJoinTask.java:289)
	at java.util.concurrent.ForkJoinPool$WorkQueue.runTask(ForkJoinPool.java:1056)
	at java.util.concurrent.ForkJoinPool.runWorker(ForkJoinPool.java:1692)
	at java.util.concurrent.ForkJoinWorkerThread.run(ForkJoinWorkerThread.java:157)
Caused by: org.apache.ratis.thirdparty.io.grpc.StatusRuntimeException: DEADLINE_EXCEEDED: deadline exceeded after 2999734935ns
	at org.apache.ratis.thirdparty.io.grpc.stub.ClientCalls.toStatusRuntimeException(ClientCalls.java:233)
	at org.apache.ratis.thirdparty.io.grpc.stub.ClientCalls.getUnchecked(ClientCalls.java:214)
	at org.apache.ratis.thirdparty.io.grpc.stub.ClientCalls.blockingUnaryCall(ClientCalls.java:139)
	at org.apache.ratis.proto.grpc.AdminProtocolServiceGrpc$AdminProtocolServiceBlockingStub.groupManagement(AdminProtocolServiceGrpc.java:274)
	at org.apache.ratis.grpc.client.GrpcClientProtocolClient.lambda$groupAdd$3(GrpcClientProtocolClient.java:140)
	at org.apache.ratis.grpc.client.GrpcClientProtocolClient.blockingCall(GrpcClientProtocolClient.java:167)
	... 15 more
2019-09-06 22:01:14,161 [IPC Server handler 3 on 34478] WARN  block.BlockManagerImpl (BlockManagerImpl.java:allocateBlock(192)) - Pipeline creation failed for type:RATIS factor:THREE. Retrying get pipelines call once.
org.apache.hadoop.io.MultipleIOException: 3 exceptions [java.io.IOException: Failed invoke Ratis rpc org.apache.hadoop.hdds.scm.pipeline.RatisPipelineProvider$$Lambda$172/1300682258@7cf8f6cd for cabf754e-66c5-4603-8900-162c24b4db5c, java.io.IOException: Failed invoke Ratis rpc org.apache.hadoop.hdds.scm.pipeline.RatisPipelineProvider$$Lambda$172/1300682258@7cf8f6cd for e4d22c93-acc0-432e-8ff6-ef453016530c, java.io.IOException: Failed invoke Ratis rpc org.apache.hadoop.hdds.scm.pipeline.RatisPipelineProvider$$Lambda$172/1300682258@7cf8f6cd for 5a50aa92-2737-4252-bffb-c8f2124676ea]
	at org.apache.hadoop.io.MultipleIOException.createIOException(MultipleIOException.java:53)
	at org.apache.hadoop.hdds.scm.pipeline.RatisPipelineProvider.callRatisRpc(RatisPipelineProvider.java:252)
	at org.apache.hadoop.hdds.scm.pipeline.RatisPipelineProvider.initializePipeline(RatisPipelineProvider.java:193)
	at org.apache.hadoop.hdds.scm.pipeline.RatisPipelineProvider.create(RatisPipelineProvider.java:162)
	at org.apache.hadoop.hdds.scm.pipeline.PipelineFactory.create(PipelineFactory.java:57)
	at org.apache.hadoop.hdds.scm.pipeline.SCMPipelineManager.createPipeline(SCMPipelineManager.java:151)
	at org.apache.hadoop.hdds.scm.block.BlockManagerImpl.allocateBlock(BlockManagerImpl.java:190)
	at org.apache.hadoop.hdds.scm.server.SCMBlockProtocolServer.allocateBlock(SCMBlockProtocolServer.java:182)
	at org.apache.hadoop.ozone.protocolPB.ScmBlockLocationProtocolServerSideTranslatorPB.allocateScmBlock(ScmBlockLocationProtocolServerSideTranslatorPB.java:183)
	at org.apache.hadoop.ozone.protocolPB.ScmBlockLocationProtocolServerSideTranslatorPB.processMessage(ScmBlockLocationProtocolServerSideTranslatorPB.java:141)
	at org.apache.hadoop.ozone.protocolPB.ScmBlockLocationProtocolServerSideTranslatorPB.send(ScmBlockLocationProtocolServerSideTranslatorPB.java:116)
	at org.apache.hadoop.hdds.protocol.proto.ScmBlockLocationProtocolProtos$ScmBlockLocationProtocolService$2.callBlockingMethod(ScmBlockLocationProtocolProtos.java:13157)
	at org.apache.hadoop.ipc.ProtobufRpcEngine$Server$ProtoBufRpcInvoker.call(ProtobufRpcEngine.java:524)
	at org.apache.hadoop.ipc.RPC$Server.call(RPC.java:1025)
	at org.apache.hadoop.ipc.Server$RpcCall.run(Server.java:876)
	at org.apache.hadoop.ipc.Server$RpcCall.run(Server.java:822)
	at java.security.AccessController.doPrivileged(Native Method)
	at javax.security.auth.Subject.doAs(Subject.java:422)
	at org.apache.hadoop.security.UserGroupInformation.doAs(UserGroupInformation.java:1730)
	at org.apache.hadoop.ipc.Server$Handler.run(Server.java:2682)
2019-09-06 22:01:14,162 [IPC Server handler 3 on 34478] INFO  block.BlockManagerImpl (BlockManagerImpl.java:allocateBlock(198)) - Could not find available pipeline of type:RATIS and factor:THREE even after retrying
2019-09-06 22:01:14,162 [IPC Server handler 3 on 34478] ERROR block.BlockManagerImpl (BlockManagerImpl.java:allocateBlock(222)) - Unable to allocate a block for the size: 4194304, type: RATIS, factor: THREE
]]></system-out>
  </testcase>
  <testcase name="testSeekPastEndOfFileThenReseekAndRead" classname="org.apache.hadoop.fs.ozone.contract.ITestOzoneContractSeek" time="3.15">
    <error message="Allocated 0 blocks. Requested 1 blocks" type="INTERNAL_ERROR org.apache.hadoop.ozone.om.exceptions.OMException">INTERNAL_ERROR org.apache.hadoop.ozone.om.exceptions.OMException: Allocated 0 blocks. Requested 1 blocks
	at org.apache.hadoop.ozone.om.protocolPB.OzoneManagerProtocolClientSideTranslatorPB.handleError(OzoneManagerProtocolClientSideTranslatorPB.java:725)
	at org.apache.hadoop.ozone.om.protocolPB.OzoneManagerProtocolClientSideTranslatorPB.createFile(OzoneManagerProtocolClientSideTranslatorPB.java:1474)
	at org.apache.hadoop.ozone.client.rpc.RpcClient.createFile(RpcClient.java:984)
	at org.apache.hadoop.ozone.client.OzoneBucket.createFile(OzoneBucket.java:537)
	at org.apache.hadoop.fs.ozone.BasicOzoneClientAdapterImpl.createFile(BasicOzoneClientAdapterImpl.java:181)
	at org.apache.hadoop.fs.ozone.BasicOzoneFileSystem.createOutputStream(BasicOzoneFileSystem.java:249)
	at org.apache.hadoop.fs.ozone.BasicOzoneFileSystem.create(BasicOzoneFileSystem.java:230)
	at org.apache.hadoop.fs.FileSystem.create(FileSystem.java:1118)
	at org.apache.hadoop.fs.FileSystem.create(FileSystem.java:1098)
	at org.apache.hadoop.fs.FileSystem.create(FileSystem.java:987)
	at org.apache.hadoop.fs.contract.ContractTestUtils.createFile(ContractTestUtils.java:633)
	at org.apache.hadoop.fs.contract.AbstractContractSeekTest.setup(AbstractContractSeekTest.java:64)
	at sun.reflect.NativeMethodAccessorImpl.invoke0(Native Method)
	at sun.reflect.NativeMethodAccessorImpl.invoke(NativeMethodAccessorImpl.java:62)
	at sun.reflect.DelegatingMethodAccessorImpl.invoke(DelegatingMethodAccessorImpl.java:43)
	at java.lang.reflect.Method.invoke(Method.java:498)
	at org.junit.runners.model.FrameworkMethod$1.runReflectiveCall(FrameworkMethod.java:47)
	at org.junit.internal.runners.model.ReflectiveCallable.run(ReflectiveCallable.java:12)
	at org.junit.runners.model.FrameworkMethod.invokeExplosively(FrameworkMethod.java:44)
	at org.junit.internal.runners.statements.RunBefores.evaluate(RunBefores.java:24)
	at org.junit.internal.runners.statements.RunAfters.evaluate(RunAfters.java:27)
	at org.junit.rules.TestWatcher$1.evaluate(TestWatcher.java:55)
	at org.junit.internal.runners.statements.FailOnTimeout$StatementThread.run(FailOnTimeout.java:74)
</error>
    <system-out><![CDATA[2019-09-06 22:01:14,222 [Thread-315] INFO  rpc.RpcClient (RpcClient.java:createVolume(293)) - Creating Volume: volume47238, with user21840 as owner.
2019-09-06 22:01:14,224 [IPC Server handler 0 on 36227] INFO  volume.OMVolumeCreateRequest (OMVolumeCreateRequest.java:validateAndUpdateCache(189)) - created volume:volume47238 for user:user21840
2019-09-06 22:01:14,225 [Thread-315] INFO  rpc.RpcClient (RpcClient.java:createBucket(432)) - Creating Bucket: volume47238/bucket69741, with Versioning false and Storage Type set to DISK and Encryption set to false 
2019-09-06 22:01:14,296 [Thread-315] INFO  contract.AbstractFSContractTestBase (AbstractFSContractTestBase.java:setup(184)) - Test filesystem = o3fs://bucket69741.volume47238 implemented by OzoneFileSystem{URI=o3fs://bucket69741.volume47238, workingDir=o3fs://bucket69741.volume47238/user/jenkins1000, userName=jenkins1000, statistics=0 bytes read, 0 bytes written, 27 read ops, 0 large read ops, 18 write ops}
2019-09-06 22:01:14,309 [grpc-default-executor-5] INFO  impl.RaftServerProxy (RaftServerProxy.java:addNew(89)) - cabf754e-66c5-4603-8900-162c24b4db5c: addNew group-F5608F7BB032:[e4d22c93-acc0-432e-8ff6-ef453016530c:192.168.69.79:43075, 5a50aa92-2737-4252-bffb-c8f2124676ea:192.168.69.79:36465, cabf754e-66c5-4603-8900-162c24b4db5c:192.168.69.79:46375] returns group-F5608F7BB032:java.util.concurrent.CompletableFuture@2964b110[Not completed]
2019-09-06 22:01:14,309 [grpc-default-executor-2] INFO  impl.RaftServerProxy (RaftServerProxy.java:addNew(89)) - 5a50aa92-2737-4252-bffb-c8f2124676ea: addNew group-F5608F7BB032:[e4d22c93-acc0-432e-8ff6-ef453016530c:192.168.69.79:43075, 5a50aa92-2737-4252-bffb-c8f2124676ea:192.168.69.79:36465, cabf754e-66c5-4603-8900-162c24b4db5c:192.168.69.79:46375] returns group-F5608F7BB032:java.util.concurrent.CompletableFuture@7e2f121[Not completed]
2019-09-06 22:01:14,309 [grpc-default-executor-4] INFO  impl.RaftServerProxy (RaftServerProxy.java:addNew(89)) - e4d22c93-acc0-432e-8ff6-ef453016530c: addNew group-F5608F7BB032:[e4d22c93-acc0-432e-8ff6-ef453016530c:192.168.69.79:43075, 5a50aa92-2737-4252-bffb-c8f2124676ea:192.168.69.79:36465, cabf754e-66c5-4603-8900-162c24b4db5c:192.168.69.79:46375] returns group-F5608F7BB032:java.util.concurrent.CompletableFuture@4ce5f762[Not completed]
2019-09-06 22:01:14,368 [Thread-289] INFO  impl.FollowerState (FollowerState.java:run(106)) - e4d22c93-acc0-432e-8ff6-ef453016530c:group-677E93E50466 changes to CANDIDATE, lastRpcTime:5093, electionTimeout:5092ms
2019-09-06 22:01:14,368 [Thread-289] INFO  impl.RoleInfo (RoleInfo.java:shutdownFollowerState(121)) - e4d22c93-acc0-432e-8ff6-ef453016530c: shutdown FollowerState
2019-09-06 22:01:14,368 [Thread-289] INFO  impl.RaftServerImpl (RaftServerImpl.java:setRole(171)) - e4d22c93-acc0-432e-8ff6-ef453016530c:group-677E93E50466 changes role from FOLLOWER to CANDIDATE at term 1 for changeToCandidate
2019-09-06 22:01:14,368 [Thread-289] INFO  impl.RoleInfo (RoleInfo.java:updateAndGet(143)) - e4d22c93-acc0-432e-8ff6-ef453016530c: start LeaderElection
2019-09-06 22:01:14,397 [Thread-290] INFO  impl.FollowerState (FollowerState.java:run(106)) - 5a50aa92-2737-4252-bffb-c8f2124676ea:group-677E93E50466 changes to CANDIDATE, lastRpcTime:5123, electionTimeout:5119ms
2019-09-06 22:01:14,397 [Thread-290] INFO  impl.RoleInfo (RoleInfo.java:shutdownFollowerState(121)) - 5a50aa92-2737-4252-bffb-c8f2124676ea: shutdown FollowerState
2019-09-06 22:01:14,398 [Thread-290] INFO  impl.RaftServerImpl (RaftServerImpl.java:setRole(171)) - 5a50aa92-2737-4252-bffb-c8f2124676ea:group-677E93E50466 changes role from FOLLOWER to CANDIDATE at term 1 for changeToCandidate
2019-09-06 22:01:14,398 [Thread-290] INFO  impl.RoleInfo (RoleInfo.java:updateAndGet(143)) - 5a50aa92-2737-4252-bffb-c8f2124676ea: start LeaderElection
2019-09-06 22:01:14,438 [Thread-291] INFO  impl.FollowerState (FollowerState.java:run(106)) - cabf754e-66c5-4603-8900-162c24b4db5c:group-677E93E50466 changes to CANDIDATE, lastRpcTime:5162, electionTimeout:5160ms
2019-09-06 22:01:14,439 [Thread-291] INFO  impl.RoleInfo (RoleInfo.java:shutdownFollowerState(121)) - cabf754e-66c5-4603-8900-162c24b4db5c: shutdown FollowerState
2019-09-06 22:01:14,439 [Thread-291] INFO  impl.RaftServerImpl (RaftServerImpl.java:setRole(171)) - cabf754e-66c5-4603-8900-162c24b4db5c:group-677E93E50466 changes role from FOLLOWER to CANDIDATE at term 1 for changeToCandidate
2019-09-06 22:01:14,439 [Thread-291] INFO  impl.RoleInfo (RoleInfo.java:updateAndGet(143)) - cabf754e-66c5-4603-8900-162c24b4db5c: start LeaderElection
2019-09-06 22:01:15,188 [pool-67-thread-1] INFO  storage.RaftStorageDirectory (RaftStorageDirectory.java:tryLock(328)) - Lock on /workdir/hadoop-ozone/ozonefs/target/test-dir/MiniOzoneClusterImpl-ca11de5b-e8c1-48c0-9c71-bb1a3ae6d3ec/datanode-4/data/ratis/57ce3994-ad62-4e2e-a8c9-0c61244178e5/in_use.lock acquired by nodename 3576@pr-hdds-2087-j7wfl-3989464410
2019-09-06 22:01:15,188 [pool-47-thread-1] INFO  storage.RaftStorageDirectory (RaftStorageDirectory.java:tryLock(328)) - Lock on /workdir/hadoop-ozone/ozonefs/target/test-dir/MiniOzoneClusterImpl-ca11de5b-e8c1-48c0-9c71-bb1a3ae6d3ec/datanode-2/data/ratis/57ce3994-ad62-4e2e-a8c9-0c61244178e5/in_use.lock acquired by nodename 3576@pr-hdds-2087-j7wfl-3989464410
2019-09-06 22:01:15,188 [pool-37-thread-1] INFO  storage.RaftStorageDirectory (RaftStorageDirectory.java:tryLock(328)) - Lock on /workdir/hadoop-ozone/ozonefs/target/test-dir/MiniOzoneClusterImpl-ca11de5b-e8c1-48c0-9c71-bb1a3ae6d3ec/datanode-1/data/ratis/57ce3994-ad62-4e2e-a8c9-0c61244178e5/in_use.lock acquired by nodename 3576@pr-hdds-2087-j7wfl-3989464410
2019-09-06 22:01:16,039 [Thread-301] INFO  impl.FollowerState (FollowerState.java:run(106)) - cabf754e-66c5-4603-8900-162c24b4db5c:group-5288F7BADA5A changes to CANDIDATE, lastRpcTime:5059, electionTimeout:5059ms
2019-09-06 22:01:16,039 [Thread-301] INFO  impl.RoleInfo (RoleInfo.java:shutdownFollowerState(121)) - cabf754e-66c5-4603-8900-162c24b4db5c: shutdown FollowerState
2019-09-06 22:01:16,039 [Thread-301] INFO  impl.RaftServerImpl (RaftServerImpl.java:setRole(171)) - cabf754e-66c5-4603-8900-162c24b4db5c:group-5288F7BADA5A changes role from FOLLOWER to CANDIDATE at term 0 for changeToCandidate
2019-09-06 22:01:16,039 [Thread-301] INFO  impl.RoleInfo (RoleInfo.java:updateAndGet(143)) - cabf754e-66c5-4603-8900-162c24b4db5c: start LeaderElection
2019-09-06 22:01:16,138 [Thread-300] INFO  impl.FollowerState (FollowerState.java:run(106)) - e4d22c93-acc0-432e-8ff6-ef453016530c:group-5288F7BADA5A changes to CANDIDATE, lastRpcTime:5158, electionTimeout:5158ms
2019-09-06 22:01:16,138 [Thread-300] INFO  impl.RoleInfo (RoleInfo.java:shutdownFollowerState(121)) - e4d22c93-acc0-432e-8ff6-ef453016530c: shutdown FollowerState
2019-09-06 22:01:16,138 [Thread-300] INFO  impl.RaftServerImpl (RaftServerImpl.java:setRole(171)) - e4d22c93-acc0-432e-8ff6-ef453016530c:group-5288F7BADA5A changes role from FOLLOWER to CANDIDATE at term 0 for changeToCandidate
2019-09-06 22:01:16,138 [Thread-300] INFO  impl.RoleInfo (RoleInfo.java:updateAndGet(143)) - e4d22c93-acc0-432e-8ff6-ef453016530c: start LeaderElection
2019-09-06 22:01:16,146 [Thread-296] INFO  impl.FollowerState (FollowerState.java:run(106)) - 5a50aa92-2737-4252-bffb-c8f2124676ea:group-5288F7BADA5A changes to CANDIDATE, lastRpcTime:5168, electionTimeout:5168ms
2019-09-06 22:01:16,146 [Thread-296] INFO  impl.RoleInfo (RoleInfo.java:shutdownFollowerState(121)) - 5a50aa92-2737-4252-bffb-c8f2124676ea: shutdown FollowerState
2019-09-06 22:01:16,146 [Thread-296] INFO  impl.RaftServerImpl (RaftServerImpl.java:setRole(171)) - 5a50aa92-2737-4252-bffb-c8f2124676ea:group-5288F7BADA5A changes role from FOLLOWER to CANDIDATE at term 0 for changeToCandidate
2019-09-06 22:01:16,146 [Thread-296] INFO  impl.RoleInfo (RoleInfo.java:updateAndGet(143)) - 5a50aa92-2737-4252-bffb-c8f2124676ea: start LeaderElection
2019-09-06 22:01:17,307 [RATISCREATEPIPELINE1] ERROR pipeline.RatisPipelineProvider (RatisPipelineProvider.java:lambda$null$5(236)) - Failed invoke Ratis rpc org.apache.hadoop.hdds.scm.pipeline.RatisPipelineProvider$$Lambda$172/1300682258@36280543 for cabf754e-66c5-4603-8900-162c24b4db5c
org.apache.ratis.protocol.TimeoutIOException: deadline exceeded after 2999760744ns
	at org.apache.ratis.grpc.GrpcUtil.tryUnwrapException(GrpcUtil.java:82)
	at org.apache.ratis.grpc.GrpcUtil.unwrapException(GrpcUtil.java:75)
	at org.apache.ratis.grpc.client.GrpcClientProtocolClient.blockingCall(GrpcClientProtocolClient.java:169)
	at org.apache.ratis.grpc.client.GrpcClientProtocolClient.groupAdd(GrpcClientProtocolClient.java:138)
	at org.apache.ratis.grpc.client.GrpcClientRpc.sendRequest(GrpcClientRpc.java:94)
	at org.apache.ratis.client.impl.RaftClientImpl.sendRequest(RaftClientImpl.java:279)
	at org.apache.ratis.client.impl.RaftClientImpl.groupAdd(RaftClientImpl.java:206)
	at org.apache.hadoop.hdds.scm.pipeline.RatisPipelineProvider.lambda$initializePipeline$4(RatisPipelineProvider.java:195)
	at org.apache.hadoop.hdds.scm.pipeline.RatisPipelineProvider.lambda$null$5(RatisPipelineProvider.java:232)
	at java.util.stream.ForEachOps$ForEachOp$OfRef.accept(ForEachOps.java:184)
	at java.util.ArrayList$ArrayListSpliterator.forEachRemaining(ArrayList.java:1382)
	at java.util.stream.AbstractPipeline.copyInto(AbstractPipeline.java:482)
	at java.util.stream.ForEachOps$ForEachTask.compute(ForEachOps.java:291)
	at java.util.concurrent.CountedCompleter.exec(CountedCompleter.java:731)
	at java.util.concurrent.ForkJoinTask.doExec(ForkJoinTask.java:289)
	at java.util.concurrent.ForkJoinTask.doInvoke(ForkJoinTask.java:401)
	at java.util.concurrent.ForkJoinTask.invoke(ForkJoinTask.java:734)
	at java.util.stream.ForEachOps$ForEachOp.evaluateParallel(ForEachOps.java:160)
	at java.util.stream.ForEachOps$ForEachOp$OfRef.evaluateParallel(ForEachOps.java:174)
	at java.util.stream.AbstractPipeline.evaluate(AbstractPipeline.java:233)
	at java.util.stream.ReferencePipeline.forEach(ReferencePipeline.java:418)
	at java.util.stream.ReferencePipeline$Head.forEach(ReferencePipeline.java:583)
	at org.apache.hadoop.hdds.scm.pipeline.RatisPipelineProvider.lambda$callRatisRpc$6(RatisPipelineProvider.java:226)
	at java.util.concurrent.ForkJoinTask$AdaptedRunnableAction.exec(ForkJoinTask.java:1386)
	at java.util.concurrent.ForkJoinTask.doExec(ForkJoinTask.java:289)
	at java.util.concurrent.ForkJoinPool$WorkQueue.runTask(ForkJoinPool.java:1056)
	at java.util.concurrent.ForkJoinPool.runWorker(ForkJoinPool.java:1692)
	at java.util.concurrent.ForkJoinWorkerThread.run(ForkJoinWorkerThread.java:157)
Caused by: org.apache.ratis.thirdparty.io.grpc.StatusRuntimeException: DEADLINE_EXCEEDED: deadline exceeded after 2999760744ns
	at org.apache.ratis.thirdparty.io.grpc.stub.ClientCalls.toStatusRuntimeException(ClientCalls.java:233)
	at org.apache.ratis.thirdparty.io.grpc.stub.ClientCalls.getUnchecked(ClientCalls.java:214)
	at org.apache.ratis.thirdparty.io.grpc.stub.ClientCalls.blockingUnaryCall(ClientCalls.java:139)
	at org.apache.ratis.proto.grpc.AdminProtocolServiceGrpc$AdminProtocolServiceBlockingStub.groupManagement(AdminProtocolServiceGrpc.java:274)
	at org.apache.ratis.grpc.client.GrpcClientProtocolClient.lambda$groupAdd$3(GrpcClientProtocolClient.java:140)
	at org.apache.ratis.grpc.client.GrpcClientProtocolClient.blockingCall(GrpcClientProtocolClient.java:167)
	... 25 more
2019-09-06 22:01:17,308 [RATISCREATEPIPELINE3] ERROR pipeline.RatisPipelineProvider (RatisPipelineProvider.java:lambda$null$5(236)) - Failed invoke Ratis rpc org.apache.hadoop.hdds.scm.pipeline.RatisPipelineProvider$$Lambda$172/1300682258@36280543 for e4d22c93-acc0-432e-8ff6-ef453016530c
org.apache.ratis.protocol.TimeoutIOException: deadline exceeded after 2999801443ns
	at org.apache.ratis.grpc.GrpcUtil.tryUnwrapException(GrpcUtil.java:82)
	at org.apache.ratis.grpc.GrpcUtil.unwrapException(GrpcUtil.java:75)
	at org.apache.ratis.grpc.client.GrpcClientProtocolClient.blockingCall(GrpcClientProtocolClient.java:169)
	at org.apache.ratis.grpc.client.GrpcClientProtocolClient.groupAdd(GrpcClientProtocolClient.java:138)
	at org.apache.ratis.grpc.client.GrpcClientRpc.sendRequest(GrpcClientRpc.java:94)
	at org.apache.ratis.client.impl.RaftClientImpl.sendRequest(RaftClientImpl.java:279)
	at org.apache.ratis.client.impl.RaftClientImpl.groupAdd(RaftClientImpl.java:206)
	at org.apache.hadoop.hdds.scm.pipeline.RatisPipelineProvider.lambda$initializePipeline$4(RatisPipelineProvider.java:195)
	at org.apache.hadoop.hdds.scm.pipeline.RatisPipelineProvider.lambda$null$5(RatisPipelineProvider.java:232)
	at java.util.stream.ForEachOps$ForEachOp$OfRef.accept(ForEachOps.java:184)
	at java.util.ArrayList$ArrayListSpliterator.forEachRemaining(ArrayList.java:1382)
	at java.util.stream.AbstractPipeline.copyInto(AbstractPipeline.java:482)
	at java.util.stream.ForEachOps$ForEachTask.compute(ForEachOps.java:291)
	at java.util.concurrent.CountedCompleter.exec(CountedCompleter.java:731)
	at java.util.concurrent.ForkJoinTask.doExec(ForkJoinTask.java:289)
	at java.util.concurrent.ForkJoinPool$WorkQueue.runTask(ForkJoinPool.java:1056)
	at java.util.concurrent.ForkJoinPool.runWorker(ForkJoinPool.java:1692)
	at java.util.concurrent.ForkJoinWorkerThread.run(ForkJoinWorkerThread.java:157)
Caused by: org.apache.ratis.thirdparty.io.grpc.StatusRuntimeException: DEADLINE_EXCEEDED: deadline exceeded after 2999801443ns
	at org.apache.ratis.thirdparty.io.grpc.stub.ClientCalls.toStatusRuntimeException(ClientCalls.java:233)
	at org.apache.ratis.thirdparty.io.grpc.stub.ClientCalls.getUnchecked(ClientCalls.java:214)
	at org.apache.ratis.thirdparty.io.grpc.stub.ClientCalls.blockingUnaryCall(ClientCalls.java:139)
	at org.apache.ratis.proto.grpc.AdminProtocolServiceGrpc$AdminProtocolServiceBlockingStub.groupManagement(AdminProtocolServiceGrpc.java:274)
	at org.apache.ratis.grpc.client.GrpcClientProtocolClient.lambda$groupAdd$3(GrpcClientProtocolClient.java:140)
	at org.apache.ratis.grpc.client.GrpcClientProtocolClient.blockingCall(GrpcClientProtocolClient.java:167)
	... 15 more
2019-09-06 22:01:17,308 [RATISCREATEPIPELINE2] ERROR pipeline.RatisPipelineProvider (RatisPipelineProvider.java:lambda$null$5(236)) - Failed invoke Ratis rpc org.apache.hadoop.hdds.scm.pipeline.RatisPipelineProvider$$Lambda$172/1300682258@36280543 for 5a50aa92-2737-4252-bffb-c8f2124676ea
org.apache.ratis.protocol.TimeoutIOException: deadline exceeded after 2999798345ns
	at org.apache.ratis.grpc.GrpcUtil.tryUnwrapException(GrpcUtil.java:82)
	at org.apache.ratis.grpc.GrpcUtil.unwrapException(GrpcUtil.java:75)
	at org.apache.ratis.grpc.client.GrpcClientProtocolClient.blockingCall(GrpcClientProtocolClient.java:169)
	at org.apache.ratis.grpc.client.GrpcClientProtocolClient.groupAdd(GrpcClientProtocolClient.java:138)
	at org.apache.ratis.grpc.client.GrpcClientRpc.sendRequest(GrpcClientRpc.java:94)
	at org.apache.ratis.client.impl.RaftClientImpl.sendRequest(RaftClientImpl.java:279)
	at org.apache.ratis.client.impl.RaftClientImpl.groupAdd(RaftClientImpl.java:206)
	at org.apache.hadoop.hdds.scm.pipeline.RatisPipelineProvider.lambda$initializePipeline$4(RatisPipelineProvider.java:195)
	at org.apache.hadoop.hdds.scm.pipeline.RatisPipelineProvider.lambda$null$5(RatisPipelineProvider.java:232)
	at java.util.stream.ForEachOps$ForEachOp$OfRef.accept(ForEachOps.java:184)
	at java.util.ArrayList$ArrayListSpliterator.forEachRemaining(ArrayList.java:1382)
	at java.util.stream.AbstractPipeline.copyInto(AbstractPipeline.java:482)
	at java.util.stream.ForEachOps$ForEachTask.compute(ForEachOps.java:291)
	at java.util.concurrent.CountedCompleter.exec(CountedCompleter.java:731)
	at java.util.concurrent.ForkJoinTask.doExec(ForkJoinTask.java:289)
	at java.util.concurrent.ForkJoinPool$WorkQueue.runTask(ForkJoinPool.java:1056)
	at java.util.concurrent.ForkJoinPool.runWorker(ForkJoinPool.java:1692)
	at java.util.concurrent.ForkJoinWorkerThread.run(ForkJoinWorkerThread.java:157)
Caused by: org.apache.ratis.thirdparty.io.grpc.StatusRuntimeException: DEADLINE_EXCEEDED: deadline exceeded after 2999798345ns
	at org.apache.ratis.thirdparty.io.grpc.stub.ClientCalls.toStatusRuntimeException(ClientCalls.java:233)
	at org.apache.ratis.thirdparty.io.grpc.stub.ClientCalls.getUnchecked(ClientCalls.java:214)
	at org.apache.ratis.thirdparty.io.grpc.stub.ClientCalls.blockingUnaryCall(ClientCalls.java:139)
	at org.apache.ratis.proto.grpc.AdminProtocolServiceGrpc$AdminProtocolServiceBlockingStub.groupManagement(AdminProtocolServiceGrpc.java:274)
	at org.apache.ratis.grpc.client.GrpcClientProtocolClient.lambda$groupAdd$3(GrpcClientProtocolClient.java:140)
	at org.apache.ratis.grpc.client.GrpcClientProtocolClient.blockingCall(GrpcClientProtocolClient.java:167)
	... 15 more
2019-09-06 22:01:17,311 [IPC Server handler 1 on 34478] WARN  block.BlockManagerImpl (BlockManagerImpl.java:allocateBlock(192)) - Pipeline creation failed for type:RATIS factor:THREE. Retrying get pipelines call once.
org.apache.hadoop.io.MultipleIOException: 3 exceptions [java.io.IOException: Failed invoke Ratis rpc org.apache.hadoop.hdds.scm.pipeline.RatisPipelineProvider$$Lambda$172/1300682258@36280543 for cabf754e-66c5-4603-8900-162c24b4db5c, java.io.IOException: Failed invoke Ratis rpc org.apache.hadoop.hdds.scm.pipeline.RatisPipelineProvider$$Lambda$172/1300682258@36280543 for e4d22c93-acc0-432e-8ff6-ef453016530c, java.io.IOException: Failed invoke Ratis rpc org.apache.hadoop.hdds.scm.pipeline.RatisPipelineProvider$$Lambda$172/1300682258@36280543 for 5a50aa92-2737-4252-bffb-c8f2124676ea]
	at org.apache.hadoop.io.MultipleIOException.createIOException(MultipleIOException.java:53)
	at org.apache.hadoop.hdds.scm.pipeline.RatisPipelineProvider.callRatisRpc(RatisPipelineProvider.java:252)
	at org.apache.hadoop.hdds.scm.pipeline.RatisPipelineProvider.initializePipeline(RatisPipelineProvider.java:193)
	at org.apache.hadoop.hdds.scm.pipeline.RatisPipelineProvider.create(RatisPipelineProvider.java:162)
	at org.apache.hadoop.hdds.scm.pipeline.PipelineFactory.create(PipelineFactory.java:57)
	at org.apache.hadoop.hdds.scm.pipeline.SCMPipelineManager.createPipeline(SCMPipelineManager.java:151)
	at org.apache.hadoop.hdds.scm.block.BlockManagerImpl.allocateBlock(BlockManagerImpl.java:190)
	at org.apache.hadoop.hdds.scm.server.SCMBlockProtocolServer.allocateBlock(SCMBlockProtocolServer.java:182)
	at org.apache.hadoop.ozone.protocolPB.ScmBlockLocationProtocolServerSideTranslatorPB.allocateScmBlock(ScmBlockLocationProtocolServerSideTranslatorPB.java:183)
	at org.apache.hadoop.ozone.protocolPB.ScmBlockLocationProtocolServerSideTranslatorPB.processMessage(ScmBlockLocationProtocolServerSideTranslatorPB.java:141)
	at org.apache.hadoop.ozone.protocolPB.ScmBlockLocationProtocolServerSideTranslatorPB.send(ScmBlockLocationProtocolServerSideTranslatorPB.java:116)
	at org.apache.hadoop.hdds.protocol.proto.ScmBlockLocationProtocolProtos$ScmBlockLocationProtocolService$2.callBlockingMethod(ScmBlockLocationProtocolProtos.java:13157)
	at org.apache.hadoop.ipc.ProtobufRpcEngine$Server$ProtoBufRpcInvoker.call(ProtobufRpcEngine.java:524)
	at org.apache.hadoop.ipc.RPC$Server.call(RPC.java:1025)
	at org.apache.hadoop.ipc.Server$RpcCall.run(Server.java:876)
	at org.apache.hadoop.ipc.Server$RpcCall.run(Server.java:822)
	at java.security.AccessController.doPrivileged(Native Method)
	at javax.security.auth.Subject.doAs(Subject.java:422)
	at org.apache.hadoop.security.UserGroupInformation.doAs(UserGroupInformation.java:1730)
	at org.apache.hadoop.ipc.Server$Handler.run(Server.java:2682)
2019-09-06 22:01:17,312 [IPC Server handler 1 on 34478] INFO  block.BlockManagerImpl (BlockManagerImpl.java:allocateBlock(198)) - Could not find available pipeline of type:RATIS and factor:THREE even after retrying
2019-09-06 22:01:17,312 [IPC Server handler 1 on 34478] ERROR block.BlockManagerImpl (BlockManagerImpl.java:allocateBlock(222)) - Unable to allocate a block for the size: 4194304, type: RATIS, factor: THREE
]]></system-out>
  </testcase>
  <testcase name="testReadAtExactEOF" classname="org.apache.hadoop.fs.ozone.contract.ITestOzoneContractSeek" time="3.136">
    <error message="Allocated 0 blocks. Requested 1 blocks" type="INTERNAL_ERROR org.apache.hadoop.ozone.om.exceptions.OMException">INTERNAL_ERROR org.apache.hadoop.ozone.om.exceptions.OMException: Allocated 0 blocks. Requested 1 blocks
	at org.apache.hadoop.ozone.om.protocolPB.OzoneManagerProtocolClientSideTranslatorPB.handleError(OzoneManagerProtocolClientSideTranslatorPB.java:725)
	at org.apache.hadoop.ozone.om.protocolPB.OzoneManagerProtocolClientSideTranslatorPB.createFile(OzoneManagerProtocolClientSideTranslatorPB.java:1474)
	at org.apache.hadoop.ozone.client.rpc.RpcClient.createFile(RpcClient.java:984)
	at org.apache.hadoop.ozone.client.OzoneBucket.createFile(OzoneBucket.java:537)
	at org.apache.hadoop.fs.ozone.BasicOzoneClientAdapterImpl.createFile(BasicOzoneClientAdapterImpl.java:181)
	at org.apache.hadoop.fs.ozone.BasicOzoneFileSystem.createOutputStream(BasicOzoneFileSystem.java:249)
	at org.apache.hadoop.fs.ozone.BasicOzoneFileSystem.create(BasicOzoneFileSystem.java:230)
	at org.apache.hadoop.fs.FileSystem.create(FileSystem.java:1118)
	at org.apache.hadoop.fs.FileSystem.create(FileSystem.java:1098)
	at org.apache.hadoop.fs.FileSystem.create(FileSystem.java:987)
	at org.apache.hadoop.fs.contract.ContractTestUtils.createFile(ContractTestUtils.java:633)
	at org.apache.hadoop.fs.contract.AbstractContractSeekTest.setup(AbstractContractSeekTest.java:64)
	at sun.reflect.NativeMethodAccessorImpl.invoke0(Native Method)
	at sun.reflect.NativeMethodAccessorImpl.invoke(NativeMethodAccessorImpl.java:62)
	at sun.reflect.DelegatingMethodAccessorImpl.invoke(DelegatingMethodAccessorImpl.java:43)
	at java.lang.reflect.Method.invoke(Method.java:498)
	at org.junit.runners.model.FrameworkMethod$1.runReflectiveCall(FrameworkMethod.java:47)
	at org.junit.internal.runners.model.ReflectiveCallable.run(ReflectiveCallable.java:12)
	at org.junit.runners.model.FrameworkMethod.invokeExplosively(FrameworkMethod.java:44)
	at org.junit.internal.runners.statements.RunBefores.evaluate(RunBefores.java:24)
	at org.junit.internal.runners.statements.RunAfters.evaluate(RunAfters.java:27)
	at org.junit.rules.TestWatcher$1.evaluate(TestWatcher.java:55)
	at org.junit.internal.runners.statements.FailOnTimeout$StatementThread.run(FailOnTimeout.java:74)
</error>
    <system-out><![CDATA[2019-09-06 22:01:17,361 [Thread-323] INFO  rpc.RpcClient (RpcClient.java:createVolume(293)) - Creating Volume: volume26201, with user79252 as owner.
2019-09-06 22:01:17,363 [IPC Server handler 18 on 36227] INFO  volume.OMVolumeCreateRequest (OMVolumeCreateRequest.java:validateAndUpdateCache(189)) - created volume:volume26201 for user:user79252
2019-09-06 22:01:17,365 [Thread-323] INFO  rpc.RpcClient (RpcClient.java:createBucket(432)) - Creating Bucket: volume26201/bucket62177, with Versioning false and Storage Type set to DISK and Encryption set to false 
2019-09-06 22:01:17,383 [e4d22c93-acc0-432e-8ff6-ef453016530c:group-677E93E50466:LeaderElection9] INFO  impl.LeaderElection (LeaderElection.java:askForVotes(181)) - e4d22c93-acc0-432e-8ff6-ef453016530c:group-677E93E50466:LeaderElection9: begin an election at term 2 for -1: [e4d22c93-acc0-432e-8ff6-ef453016530c:192.168.69.79:43075, 5a50aa92-2737-4252-bffb-c8f2124676ea:192.168.69.79:36465, cabf754e-66c5-4603-8900-162c24b4db5c:192.168.69.79:46375], old=null
2019-09-06 22:01:17,383 [cabf754e-66c5-4603-8900-162c24b4db5c:group-677E93E50466:LeaderElection11] INFO  impl.LeaderElection (LeaderElection.java:askForVotes(181)) - cabf754e-66c5-4603-8900-162c24b4db5c:group-677E93E50466:LeaderElection11: begin an election at term 2 for -1: [e4d22c93-acc0-432e-8ff6-ef453016530c:192.168.69.79:43075, 5a50aa92-2737-4252-bffb-c8f2124676ea:192.168.69.79:36465, cabf754e-66c5-4603-8900-162c24b4db5c:192.168.69.79:46375], old=null
2019-09-06 22:01:17,383 [5a50aa92-2737-4252-bffb-c8f2124676ea:group-677E93E50466:LeaderElection10] INFO  impl.LeaderElection (LeaderElection.java:askForVotes(181)) - 5a50aa92-2737-4252-bffb-c8f2124676ea:group-677E93E50466:LeaderElection10: begin an election at term 2 for -1: [e4d22c93-acc0-432e-8ff6-ef453016530c:192.168.69.79:43075, 5a50aa92-2737-4252-bffb-c8f2124676ea:192.168.69.79:36465, cabf754e-66c5-4603-8900-162c24b4db5c:192.168.69.79:46375], old=null
2019-09-06 22:01:17,390 [5a50aa92-2737-4252-bffb-c8f2124676ea:group-677E93E50466:LeaderElection10] INFO  impl.LeaderElection (LeaderElection.java:logAndReturn(56)) - 5a50aa92-2737-4252-bffb-c8f2124676ea:group-677E93E50466:LeaderElection10: Election REJECTED; received 2 response(s) [5a50aa92-2737-4252-bffb-c8f2124676ea<-e4d22c93-acc0-432e-8ff6-ef453016530c#0:FAIL-t2, 5a50aa92-2737-4252-bffb-c8f2124676ea<-cabf754e-66c5-4603-8900-162c24b4db5c#0:FAIL-t2] and 0 exception(s); 5a50aa92-2737-4252-bffb-c8f2124676ea:t2, leader=null, voted=5a50aa92-2737-4252-bffb-c8f2124676ea, raftlog=5a50aa92-2737-4252-bffb-c8f2124676ea-SegmentedRaftLog:OPENED:c-1,f-1,i0, conf=-1: [e4d22c93-acc0-432e-8ff6-ef453016530c:192.168.69.79:43075, 5a50aa92-2737-4252-bffb-c8f2124676ea:192.168.69.79:36465, cabf754e-66c5-4603-8900-162c24b4db5c:192.168.69.79:46375], old=null
2019-09-06 22:01:17,391 [5a50aa92-2737-4252-bffb-c8f2124676ea:group-677E93E50466:LeaderElection10] INFO  impl.RaftServerImpl (RaftServerImpl.java:setRole(171)) - 5a50aa92-2737-4252-bffb-c8f2124676ea:group-677E93E50466 changes role from CANDIDATE to FOLLOWER at term 2 for DISCOVERED_A_NEW_TERM
2019-09-06 22:01:17,402 [5a50aa92-2737-4252-bffb-c8f2124676ea:group-677E93E50466:LeaderElection10] INFO  impl.RoleInfo (RoleInfo.java:shutdownLeaderElection(134)) - 5a50aa92-2737-4252-bffb-c8f2124676ea: shutdown LeaderElection
2019-09-06 22:01:17,402 [5a50aa92-2737-4252-bffb-c8f2124676ea:group-677E93E50466:LeaderElection10] INFO  impl.RoleInfo (RoleInfo.java:updateAndGet(143)) - 5a50aa92-2737-4252-bffb-c8f2124676ea: start FollowerState
2019-09-06 22:01:17,404 [cabf754e-66c5-4603-8900-162c24b4db5c:group-677E93E50466:LeaderElection11] INFO  impl.LeaderElection (LeaderElection.java:logAndReturn(56)) - cabf754e-66c5-4603-8900-162c24b4db5c:group-677E93E50466:LeaderElection11: Election REJECTED; received 2 response(s) [cabf754e-66c5-4603-8900-162c24b4db5c<-e4d22c93-acc0-432e-8ff6-ef453016530c#0:FAIL-t2, cabf754e-66c5-4603-8900-162c24b4db5c<-5a50aa92-2737-4252-bffb-c8f2124676ea#0:FAIL-t2] and 0 exception(s); cabf754e-66c5-4603-8900-162c24b4db5c:t2, leader=null, voted=cabf754e-66c5-4603-8900-162c24b4db5c, raftlog=cabf754e-66c5-4603-8900-162c24b4db5c-SegmentedRaftLog:OPENED:c-1,f-1,i0, conf=-1: [e4d22c93-acc0-432e-8ff6-ef453016530c:192.168.69.79:43075, 5a50aa92-2737-4252-bffb-c8f2124676ea:192.168.69.79:36465, cabf754e-66c5-4603-8900-162c24b4db5c:192.168.69.79:46375], old=null
2019-09-06 22:01:17,404 [e4d22c93-acc0-432e-8ff6-ef453016530c:group-677E93E50466:LeaderElection9] INFO  impl.LeaderElection (LeaderElection.java:logAndReturn(56)) - e4d22c93-acc0-432e-8ff6-ef453016530c:group-677E93E50466:LeaderElection9: Election REJECTED; received 2 response(s) [e4d22c93-acc0-432e-8ff6-ef453016530c<-5a50aa92-2737-4252-bffb-c8f2124676ea#0:FAIL-t2, e4d22c93-acc0-432e-8ff6-ef453016530c<-cabf754e-66c5-4603-8900-162c24b4db5c#0:FAIL-t2] and 0 exception(s); e4d22c93-acc0-432e-8ff6-ef453016530c:t2, leader=null, voted=e4d22c93-acc0-432e-8ff6-ef453016530c, raftlog=e4d22c93-acc0-432e-8ff6-ef453016530c-SegmentedRaftLog:OPENED:c-1,f-1,i0, conf=-1: [e4d22c93-acc0-432e-8ff6-ef453016530c:192.168.69.79:43075, 5a50aa92-2737-4252-bffb-c8f2124676ea:192.168.69.79:36465, cabf754e-66c5-4603-8900-162c24b4db5c:192.168.69.79:46375], old=null
2019-09-06 22:01:17,404 [cabf754e-66c5-4603-8900-162c24b4db5c:group-677E93E50466:LeaderElection11] INFO  impl.RaftServerImpl (RaftServerImpl.java:setRole(171)) - cabf754e-66c5-4603-8900-162c24b4db5c:group-677E93E50466 changes role from CANDIDATE to FOLLOWER at term 2 for DISCOVERED_A_NEW_TERM
2019-09-06 22:01:17,409 [cabf754e-66c5-4603-8900-162c24b4db5c:group-677E93E50466:LeaderElection11] INFO  impl.RoleInfo (RoleInfo.java:shutdownLeaderElection(134)) - cabf754e-66c5-4603-8900-162c24b4db5c: shutdown LeaderElection
2019-09-06 22:01:17,405 [e4d22c93-acc0-432e-8ff6-ef453016530c:group-677E93E50466:LeaderElection9] INFO  impl.RaftServerImpl (RaftServerImpl.java:setRole(171)) - e4d22c93-acc0-432e-8ff6-ef453016530c:group-677E93E50466 changes role from CANDIDATE to FOLLOWER at term 2 for DISCOVERED_A_NEW_TERM
2019-09-06 22:01:17,410 [e4d22c93-acc0-432e-8ff6-ef453016530c:group-677E93E50466:LeaderElection9] INFO  impl.RoleInfo (RoleInfo.java:shutdownLeaderElection(134)) - e4d22c93-acc0-432e-8ff6-ef453016530c: shutdown LeaderElection
2019-09-06 22:01:17,410 [cabf754e-66c5-4603-8900-162c24b4db5c:group-677E93E50466:LeaderElection11] INFO  impl.RoleInfo (RoleInfo.java:updateAndGet(143)) - cabf754e-66c5-4603-8900-162c24b4db5c: start FollowerState
2019-09-06 22:01:17,410 [e4d22c93-acc0-432e-8ff6-ef453016530c:group-677E93E50466:LeaderElection9] INFO  impl.RoleInfo (RoleInfo.java:updateAndGet(143)) - e4d22c93-acc0-432e-8ff6-ef453016530c: start FollowerState
2019-09-06 22:01:17,431 [Thread-323] INFO  contract.AbstractFSContractTestBase (AbstractFSContractTestBase.java:setup(184)) - Test filesystem = o3fs://bucket62177.volume26201 implemented by OzoneFileSystem{URI=o3fs://bucket62177.volume26201, workingDir=o3fs://bucket62177.volume26201/user/jenkins1000, userName=jenkins1000, statistics=0 bytes read, 0 bytes written, 30 read ops, 0 large read ops, 20 write ops}
2019-09-06 22:01:17,448 [grpc-default-executor-4] INFO  impl.RaftServerProxy (RaftServerProxy.java:addNew(89)) - 5a50aa92-2737-4252-bffb-c8f2124676ea: addNew group-B1CF010301FE:[e4d22c93-acc0-432e-8ff6-ef453016530c:192.168.69.79:43075, 5a50aa92-2737-4252-bffb-c8f2124676ea:192.168.69.79:36465, cabf754e-66c5-4603-8900-162c24b4db5c:192.168.69.79:46375] returns group-B1CF010301FE:java.util.concurrent.CompletableFuture@159a30b7[Not completed]
2019-09-06 22:01:17,448 [grpc-default-executor-5] INFO  impl.RaftServerProxy (RaftServerProxy.java:addNew(89)) - e4d22c93-acc0-432e-8ff6-ef453016530c: addNew group-B1CF010301FE:[e4d22c93-acc0-432e-8ff6-ef453016530c:192.168.69.79:43075, 5a50aa92-2737-4252-bffb-c8f2124676ea:192.168.69.79:36465, cabf754e-66c5-4603-8900-162c24b4db5c:192.168.69.79:46375] returns group-B1CF010301FE:java.util.concurrent.CompletableFuture@713f10cb[Not completed]
2019-09-06 22:01:17,448 [grpc-default-executor-2] INFO  impl.RaftServerProxy (RaftServerProxy.java:addNew(89)) - cabf754e-66c5-4603-8900-162c24b4db5c: addNew group-B1CF010301FE:[e4d22c93-acc0-432e-8ff6-ef453016530c:192.168.69.79:43075, 5a50aa92-2737-4252-bffb-c8f2124676ea:192.168.69.79:36465, cabf754e-66c5-4603-8900-162c24b4db5c:192.168.69.79:46375] returns group-B1CF010301FE:java.util.concurrent.CompletableFuture@7a0b4ef6[Not completed]
2019-09-06 22:01:17,720 [pool-37-thread-1] INFO  storage.RaftStorage (RaftStorage.java:format(72)) - Storage directory /workdir/hadoop-ozone/ozonefs/target/test-dir/MiniOzoneClusterImpl-ca11de5b-e8c1-48c0-9c71-bb1a3ae6d3ec/datanode-1/data/ratis/57ce3994-ad62-4e2e-a8c9-0c61244178e5 has been successfully formatted.
2019-09-06 22:01:17,720 [cabf754e-66c5-4603-8900-162c24b4db5c:group-5288F7BADA5A:LeaderElection12] INFO  impl.LeaderElection (LeaderElection.java:askForVotes(181)) - cabf754e-66c5-4603-8900-162c24b4db5c:group-5288F7BADA5A:LeaderElection12: begin an election at term 1 for -1: [e4d22c93-acc0-432e-8ff6-ef453016530c:192.168.69.79:43075, 5a50aa92-2737-4252-bffb-c8f2124676ea:192.168.69.79:36465, cabf754e-66c5-4603-8900-162c24b4db5c:192.168.69.79:46375], old=null
2019-09-06 22:01:17,720 [5a50aa92-2737-4252-bffb-c8f2124676ea:group-5288F7BADA5A:LeaderElection14] INFO  impl.LeaderElection (LeaderElection.java:askForVotes(181)) - 5a50aa92-2737-4252-bffb-c8f2124676ea:group-5288F7BADA5A:LeaderElection14: begin an election at term 1 for -1: [e4d22c93-acc0-432e-8ff6-ef453016530c:192.168.69.79:43075, 5a50aa92-2737-4252-bffb-c8f2124676ea:192.168.69.79:36465, cabf754e-66c5-4603-8900-162c24b4db5c:192.168.69.79:46375], old=null
2019-09-06 22:01:17,720 [e4d22c93-acc0-432e-8ff6-ef453016530c:group-5288F7BADA5A:LeaderElection13] INFO  impl.LeaderElection (LeaderElection.java:askForVotes(181)) - e4d22c93-acc0-432e-8ff6-ef453016530c:group-5288F7BADA5A:LeaderElection13: begin an election at term 1 for -1: [e4d22c93-acc0-432e-8ff6-ef453016530c:192.168.69.79:43075, 5a50aa92-2737-4252-bffb-c8f2124676ea:192.168.69.79:36465, cabf754e-66c5-4603-8900-162c24b4db5c:192.168.69.79:46375], old=null
2019-09-06 22:01:17,720 [pool-47-thread-1] INFO  storage.RaftStorage (RaftStorage.java:format(72)) - Storage directory /workdir/hadoop-ozone/ozonefs/target/test-dir/MiniOzoneClusterImpl-ca11de5b-e8c1-48c0-9c71-bb1a3ae6d3ec/datanode-2/data/ratis/57ce3994-ad62-4e2e-a8c9-0c61244178e5 has been successfully formatted.
2019-09-06 22:01:17,720 [pool-67-thread-1] INFO  storage.RaftStorage (RaftStorage.java:format(72)) - Storage directory /workdir/hadoop-ozone/ozonefs/target/test-dir/MiniOzoneClusterImpl-ca11de5b-e8c1-48c0-9c71-bb1a3ae6d3ec/datanode-4/data/ratis/57ce3994-ad62-4e2e-a8c9-0c61244178e5 has been successfully formatted.
2019-09-06 22:01:17,721 [pool-47-thread-1] INFO  ratis.ContainerStateMachine (ContainerStateMachine.java:loadSnapshot(227)) - group-0C61244178E5: The snapshot info is null. Setting the last applied indexto:(t:0, i:~)
2019-09-06 22:01:17,720 [pool-37-thread-1] INFO  ratis.ContainerStateMachine (ContainerStateMachine.java:loadSnapshot(227)) - group-0C61244178E5: The snapshot info is null. Setting the last applied indexto:(t:0, i:~)
2019-09-06 22:01:17,721 [pool-67-thread-1] INFO  ratis.ContainerStateMachine (ContainerStateMachine.java:loadSnapshot(227)) - group-0C61244178E5: The snapshot info is null. Setting the last applied indexto:(t:0, i:~)
2019-09-06 22:01:17,721 [pool-47-thread-1] INFO  server.RaftServerConfigKeys (ConfUtils.java:logGet(43)) - raft.server.leader.election.timeout = 120s (custom)
2019-09-06 22:01:17,722 [pool-67-thread-1] INFO  server.RaftServerConfigKeys (ConfUtils.java:logGet(43)) - raft.server.leader.election.timeout = 120s (custom)
2019-09-06 22:01:17,721 [pool-37-thread-1] INFO  server.RaftServerConfigKeys (ConfUtils.java:logGet(43)) - raft.server.leader.election.timeout = 120s (custom)
2019-09-06 22:01:17,722 [pool-67-thread-1] INFO  server.RaftServerConfigKeys (ConfUtils.java:logGet(43)) - raft.server.log.use.memory = false (default)
2019-09-06 22:01:17,722 [pool-47-thread-1] INFO  server.RaftServerConfigKeys (ConfUtils.java:logGet(43)) - raft.server.log.use.memory = false (default)
2019-09-06 22:01:17,722 [pool-67-thread-1] INFO  server.RaftServerConfigKeys (ConfUtils.java:logGet(43)) - raft.server.log.purge.gap = 1000000 (custom)
2019-09-06 22:01:17,722 [pool-37-thread-1] INFO  server.RaftServerConfigKeys (ConfUtils.java:logGet(43)) - raft.server.log.use.memory = false (default)
2019-09-06 22:01:17,723 [pool-67-thread-1] INFO  server.RaftServerConfigKeys (ConfUtils.java:logGet(43)) - raft.server.log.appender.buffer.byte-limit = 33554432 (custom)
2019-09-06 22:01:17,722 [pool-47-thread-1] INFO  server.RaftServerConfigKeys (ConfUtils.java:logGet(43)) - raft.server.log.purge.gap = 1000000 (custom)
2019-09-06 22:01:17,723 [pool-67-thread-1] INFO  server.RaftServerConfigKeys (ConfUtils.java:logGet(43)) - raft.server.log.segment.size.max = 1048576 (custom)
2019-09-06 22:01:17,723 [pool-37-thread-1] INFO  server.RaftServerConfigKeys (ConfUtils.java:logGet(43)) - raft.server.log.purge.gap = 1000000 (custom)
2019-09-06 22:01:17,723 [pool-67-thread-1] INFO  server.RaftServerConfigKeys (ConfUtils.java:logGet(43)) - raft.server.log.segment.cache.num.max = 2 (custom)
2019-09-06 22:01:17,723 [pool-47-thread-1] INFO  server.RaftServerConfigKeys (ConfUtils.java:logGet(43)) - raft.server.log.appender.buffer.byte-limit = 33554432 (custom)
2019-09-06 22:01:17,724 [pool-67-thread-1] INFO  segmented.SegmentedRaftLogWorker (SegmentedRaftLogWorker.java:<init>(172)) - new cabf754e-66c5-4603-8900-162c24b4db5c-SegmentedRaftLogWorker:Storage Directory /workdir/hadoop-ozone/ozonefs/target/test-dir/MiniOzoneClusterImpl-ca11de5b-e8c1-48c0-9c71-bb1a3ae6d3ec/datanode-4/data/ratis/57ce3994-ad62-4e2e-a8c9-0c61244178e5 for RaftStorage:Storage Directory /workdir/hadoop-ozone/ozonefs/target/test-dir/MiniOzoneClusterImpl-ca11de5b-e8c1-48c0-9c71-bb1a3ae6d3ec/datanode-4/data/ratis/57ce3994-ad62-4e2e-a8c9-0c61244178e5
2019-09-06 22:01:17,724 [pool-37-thread-1] INFO  server.RaftServerConfigKeys (ConfUtils.java:logGet(43)) - raft.server.log.appender.buffer.byte-limit = 33554432 (custom)
2019-09-06 22:01:17,724 [pool-67-thread-1] INFO  server.RaftServerConfigKeys (ConfUtils.java:logGet(43)) - raft.server.log.queue.byte-limit = 2147483647 (custom)
2019-09-06 22:01:17,724 [pool-47-thread-1] INFO  server.RaftServerConfigKeys (ConfUtils.java:logGet(43)) - raft.server.log.segment.size.max = 1048576 (custom)
2019-09-06 22:01:17,725 [pool-67-thread-1] INFO  server.RaftServerConfigKeys (ConfUtils.java:logGet(43)) - raft.server.log.queue.element-limit = 1024 (custom)
2019-09-06 22:01:17,724 [pool-37-thread-1] INFO  server.RaftServerConfigKeys (ConfUtils.java:logGet(43)) - raft.server.log.segment.size.max = 1048576 (custom)
2019-09-06 22:01:17,725 [pool-67-thread-1] INFO  server.RaftServerConfigKeys (ConfUtils.java:logGet(43)) - raft.server.log.segment.size.max = 1048576 (custom)
2019-09-06 22:01:17,725 [pool-47-thread-1] INFO  server.RaftServerConfigKeys (ConfUtils.java:logGet(43)) - raft.server.log.segment.cache.num.max = 2 (custom)
2019-09-06 22:01:17,725 [pool-67-thread-1] INFO  server.RaftServerConfigKeys (ConfUtils.java:logGet(43)) - raft.server.log.preallocated.size = 16384 (custom)
2019-09-06 22:01:17,725 [pool-37-thread-1] INFO  server.RaftServerConfigKeys (ConfUtils.java:logGet(43)) - raft.server.log.segment.cache.num.max = 2 (custom)
2019-09-06 22:01:17,726 [pool-67-thread-1] INFO  server.RaftServerConfigKeys (ConfUtils.java:logGet(43)) - raft.server.log.write.buffer.size = 33554432 (custom)
2019-09-06 22:01:17,726 [pool-47-thread-1] INFO  segmented.SegmentedRaftLogWorker (SegmentedRaftLogWorker.java:<init>(172)) - new e4d22c93-acc0-432e-8ff6-ef453016530c-SegmentedRaftLogWorker:Storage Directory /workdir/hadoop-ozone/ozonefs/target/test-dir/MiniOzoneClusterImpl-ca11de5b-e8c1-48c0-9c71-bb1a3ae6d3ec/datanode-2/data/ratis/57ce3994-ad62-4e2e-a8c9-0c61244178e5 for RaftStorage:Storage Directory /workdir/hadoop-ozone/ozonefs/target/test-dir/MiniOzoneClusterImpl-ca11de5b-e8c1-48c0-9c71-bb1a3ae6d3ec/datanode-2/data/ratis/57ce3994-ad62-4e2e-a8c9-0c61244178e5
2019-09-06 22:01:17,726 [pool-67-thread-1] INFO  server.RaftServerConfigKeys (ConfUtils.java:logGet(43)) - raft.server.log.force.sync.num = 128 (default)
2019-09-06 22:01:17,726 [pool-37-thread-1] INFO  segmented.SegmentedRaftLogWorker (SegmentedRaftLogWorker.java:<init>(172)) - new 5a50aa92-2737-4252-bffb-c8f2124676ea-SegmentedRaftLogWorker:Storage Directory /workdir/hadoop-ozone/ozonefs/target/test-dir/MiniOzoneClusterImpl-ca11de5b-e8c1-48c0-9c71-bb1a3ae6d3ec/datanode-1/data/ratis/57ce3994-ad62-4e2e-a8c9-0c61244178e5 for RaftStorage:Storage Directory /workdir/hadoop-ozone/ozonefs/target/test-dir/MiniOzoneClusterImpl-ca11de5b-e8c1-48c0-9c71-bb1a3ae6d3ec/datanode-1/data/ratis/57ce3994-ad62-4e2e-a8c9-0c61244178e5
2019-09-06 22:01:17,726 [pool-67-thread-1] INFO  server.RaftServerConfigKeys (ConfUtils.java:logGet(43)) - raft.server.log.statemachine.data.sync = true (default)
2019-09-06 22:01:17,726 [pool-47-thread-1] INFO  server.RaftServerConfigKeys (ConfUtils.java:logGet(43)) - raft.server.log.queue.byte-limit = 2147483647 (custom)
2019-09-06 22:01:17,727 [pool-67-thread-1] INFO  server.RaftServerConfigKeys (ConfUtils.java:logGet(43)) - raft.server.log.statemachine.data.sync.timeout = 10s (default)
2019-09-06 22:01:17,727 [pool-37-thread-1] INFO  server.RaftServerConfigKeys (ConfUtils.java:logGet(43)) - raft.server.log.queue.byte-limit = 2147483647 (custom)
2019-09-06 22:01:17,727 [cabf754e-66c5-4603-8900-162c24b4db5c:group-5288F7BADA5A:LeaderElection12] INFO  impl.LeaderElection (LeaderElection.java:logAndReturn(56)) - cabf754e-66c5-4603-8900-162c24b4db5c:group-5288F7BADA5A:LeaderElection12: Election REJECTED; received 2 response(s) [cabf754e-66c5-4603-8900-162c24b4db5c<-e4d22c93-acc0-432e-8ff6-ef453016530c#0:FAIL-t1, cabf754e-66c5-4603-8900-162c24b4db5c<-5a50aa92-2737-4252-bffb-c8f2124676ea#0:FAIL-t1] and 0 exception(s); cabf754e-66c5-4603-8900-162c24b4db5c:t1, leader=null, voted=cabf754e-66c5-4603-8900-162c24b4db5c, raftlog=cabf754e-66c5-4603-8900-162c24b4db5c-SegmentedRaftLog:OPENED:c-1,f-1,i0, conf=-1: [e4d22c93-acc0-432e-8ff6-ef453016530c:192.168.69.79:43075, 5a50aa92-2737-4252-bffb-c8f2124676ea:192.168.69.79:36465, cabf754e-66c5-4603-8900-162c24b4db5c:192.168.69.79:46375], old=null
2019-09-06 22:01:17,727 [pool-67-thread-1] INFO  server.RaftServerConfigKeys (ConfUtils.java:logGet(43)) - raft.server.log.statemachine.data.sync.timeout.retry = -1 (default)
2019-09-06 22:01:17,727 [cabf754e-66c5-4603-8900-162c24b4db5c:group-5288F7BADA5A:LeaderElection12] INFO  impl.RaftServerImpl (RaftServerImpl.java:setRole(171)) - cabf754e-66c5-4603-8900-162c24b4db5c:group-5288F7BADA5A changes role from CANDIDATE to FOLLOWER at term 1 for DISCOVERED_A_NEW_TERM
2019-09-06 22:01:17,727 [pool-47-thread-1] INFO  server.RaftServerConfigKeys (ConfUtils.java:logGet(43)) - raft.server.log.queue.element-limit = 1024 (custom)
2019-09-06 22:01:17,730 [cabf754e-66c5-4603-8900-162c24b4db5c:group-5288F7BADA5A:LeaderElection12] INFO  impl.RoleInfo (RoleInfo.java:shutdownLeaderElection(134)) - cabf754e-66c5-4603-8900-162c24b4db5c: shutdown LeaderElection
2019-09-06 22:01:17,730 [pool-67-thread-1] INFO  server.RaftServerConfigKeys (ConfUtils.java:logGet(43)) - raft.server.log.statemachine.data.caching.enabled = true (custom)
2019-09-06 22:01:17,727 [pool-37-thread-1] INFO  server.RaftServerConfigKeys (ConfUtils.java:logGet(43)) - raft.server.log.queue.element-limit = 1024 (custom)
2019-09-06 22:01:17,730 [5a50aa92-2737-4252-bffb-c8f2124676ea:group-5288F7BADA5A:LeaderElection14] INFO  impl.LeaderElection (LeaderElection.java:logAndReturn(56)) - 5a50aa92-2737-4252-bffb-c8f2124676ea:group-5288F7BADA5A:LeaderElection14: Election REJECTED; received 2 response(s) [5a50aa92-2737-4252-bffb-c8f2124676ea<-e4d22c93-acc0-432e-8ff6-ef453016530c#0:FAIL-t1, 5a50aa92-2737-4252-bffb-c8f2124676ea<-cabf754e-66c5-4603-8900-162c24b4db5c#0:FAIL-t1] and 0 exception(s); 5a50aa92-2737-4252-bffb-c8f2124676ea:t1, leader=null, voted=5a50aa92-2737-4252-bffb-c8f2124676ea, raftlog=5a50aa92-2737-4252-bffb-c8f2124676ea-SegmentedRaftLog:OPENED:c-1,f-1,i0, conf=-1: [e4d22c93-acc0-432e-8ff6-ef453016530c:192.168.69.79:43075, 5a50aa92-2737-4252-bffb-c8f2124676ea:192.168.69.79:36465, cabf754e-66c5-4603-8900-162c24b4db5c:192.168.69.79:46375], old=null
2019-09-06 22:01:17,730 [cabf754e-66c5-4603-8900-162c24b4db5c:group-5288F7BADA5A:LeaderElection12] INFO  impl.RoleInfo (RoleInfo.java:updateAndGet(143)) - cabf754e-66c5-4603-8900-162c24b4db5c: start FollowerState
2019-09-06 22:01:17,730 [pool-47-thread-1] INFO  server.RaftServerConfigKeys (ConfUtils.java:logGet(43)) - raft.server.log.segment.size.max = 1048576 (custom)
2019-09-06 22:01:17,731 [5a50aa92-2737-4252-bffb-c8f2124676ea:group-5288F7BADA5A:LeaderElection14] INFO  impl.RaftServerImpl (RaftServerImpl.java:setRole(171)) - 5a50aa92-2737-4252-bffb-c8f2124676ea:group-5288F7BADA5A changes role from CANDIDATE to FOLLOWER at term 1 for DISCOVERED_A_NEW_TERM
2019-09-06 22:01:17,734 [5a50aa92-2737-4252-bffb-c8f2124676ea:group-5288F7BADA5A:LeaderElection14] INFO  impl.RoleInfo (RoleInfo.java:shutdownLeaderElection(134)) - 5a50aa92-2737-4252-bffb-c8f2124676ea: shutdown LeaderElection
2019-09-06 22:01:17,731 [pool-67-thread-1] INFO  segmented.SegmentedRaftLogWorker (SegmentedRaftLogWorker.java:lambda$new$0(132)) - cabf754e-66c5-4603-8900-162c24b4db5c-SegmentedRaftLogWorker:Storage Directory /workdir/hadoop-ozone/ozonefs/target/test-dir/MiniOzoneClusterImpl-ca11de5b-e8c1-48c0-9c71-bb1a3ae6d3ec/datanode-4/data/ratis/57ce3994-ad62-4e2e-a8c9-0c61244178e5: flushIndex: setUnconditionally 0 -> -1
2019-09-06 22:01:17,731 [pool-37-thread-1] INFO  server.RaftServerConfigKeys (ConfUtils.java:logGet(43)) - raft.server.log.segment.size.max = 1048576 (custom)
2019-09-06 22:01:17,735 [pool-67-thread-1] INFO  server.RaftServerConfigKeys (ConfUtils.java:logGet(43)) - raft.server.snapshot.auto.trigger.enabled = true (custom)
2019-09-06 22:01:17,735 [5a50aa92-2737-4252-bffb-c8f2124676ea:group-5288F7BADA5A:LeaderElection14] INFO  impl.RoleInfo (RoleInfo.java:updateAndGet(143)) - 5a50aa92-2737-4252-bffb-c8f2124676ea: start FollowerState
2019-09-06 22:01:17,733 [pool-47-thread-1] INFO  server.RaftServerConfigKeys (ConfUtils.java:logGet(43)) - raft.server.log.preallocated.size = 16384 (custom)
2019-09-06 22:01:17,735 [pool-67-thread-1] INFO  server.RaftServerConfigKeys (ConfUtils.java:logGet(43)) - raft.server.snapshot.auto.trigger.threshold = 10000 (custom)
2019-09-06 22:01:17,735 [pool-37-thread-1] INFO  server.RaftServerConfigKeys (ConfUtils.java:logGet(43)) - raft.server.log.preallocated.size = 16384 (custom)
2019-09-06 22:01:17,736 [pool-67-thread-1] INFO  server.RaftServerConfigKeys (ConfUtils.java:logGet(43)) - raft.server.retrycache.expirytime = 600000ms (custom)
2019-09-06 22:01:17,736 [e4d22c93-acc0-432e-8ff6-ef453016530c:group-5288F7BADA5A:LeaderElection13] INFO  impl.LeaderElection (LeaderElection.java:logAndReturn(56)) - e4d22c93-acc0-432e-8ff6-ef453016530c:group-5288F7BADA5A:LeaderElection13: Election REJECTED; received 2 response(s) [e4d22c93-acc0-432e-8ff6-ef453016530c<-5a50aa92-2737-4252-bffb-c8f2124676ea#0:FAIL-t1, e4d22c93-acc0-432e-8ff6-ef453016530c<-cabf754e-66c5-4603-8900-162c24b4db5c#0:FAIL-t1] and 0 exception(s); e4d22c93-acc0-432e-8ff6-ef453016530c:t1, leader=null, voted=e4d22c93-acc0-432e-8ff6-ef453016530c, raftlog=e4d22c93-acc0-432e-8ff6-ef453016530c-SegmentedRaftLog:OPENED:c-1,f-1,i0, conf=-1: [e4d22c93-acc0-432e-8ff6-ef453016530c:192.168.69.79:43075, 5a50aa92-2737-4252-bffb-c8f2124676ea:192.168.69.79:36465, cabf754e-66c5-4603-8900-162c24b4db5c:192.168.69.79:46375], old=null
2019-09-06 22:01:17,735 [pool-47-thread-1] INFO  server.RaftServerConfigKeys (ConfUtils.java:logGet(43)) - raft.server.log.write.buffer.size = 33554432 (custom)
2019-09-06 22:01:17,736 [e4d22c93-acc0-432e-8ff6-ef453016530c:group-5288F7BADA5A:LeaderElection13] INFO  impl.RaftServerImpl (RaftServerImpl.java:setRole(171)) - e4d22c93-acc0-432e-8ff6-ef453016530c:group-5288F7BADA5A changes role from CANDIDATE to FOLLOWER at term 1 for DISCOVERED_A_NEW_TERM
2019-09-06 22:01:17,736 [pool-67-thread-1] INFO  impl.RaftServerImpl (RaftServerImpl.java:start(180)) - cabf754e-66c5-4603-8900-162c24b4db5c: start group-D4E0ABFCC08D
2019-09-06 22:01:17,736 [pool-37-thread-1] INFO  server.RaftServerConfigKeys (ConfUtils.java:logGet(43)) - raft.server.log.write.buffer.size = 33554432 (custom)
2019-09-06 22:01:17,739 [pool-67-thread-1] INFO  impl.RaftServerImpl (RaftServerImpl.java:setRole(171)) - cabf754e-66c5-4603-8900-162c24b4db5c:group-D4E0ABFCC08D changes role from null to FOLLOWER at term 0 for startAsFollower
2019-09-06 22:01:17,739 [e4d22c93-acc0-432e-8ff6-ef453016530c:group-5288F7BADA5A:LeaderElection13] INFO  impl.RoleInfo (RoleInfo.java:shutdownLeaderElection(134)) - e4d22c93-acc0-432e-8ff6-ef453016530c: shutdown LeaderElection
2019-09-06 22:01:17,739 [pool-47-thread-1] INFO  server.RaftServerConfigKeys (ConfUtils.java:logGet(43)) - raft.server.log.force.sync.num = 128 (default)
2019-09-06 22:01:17,739 [e4d22c93-acc0-432e-8ff6-ef453016530c:group-5288F7BADA5A:LeaderElection13] INFO  impl.RoleInfo (RoleInfo.java:updateAndGet(143)) - e4d22c93-acc0-432e-8ff6-ef453016530c: start FollowerState
2019-09-06 22:01:17,739 [pool-67-thread-1] INFO  impl.RoleInfo (RoleInfo.java:updateAndGet(143)) - cabf754e-66c5-4603-8900-162c24b4db5c: start FollowerState
2019-09-06 22:01:17,739 [pool-37-thread-1] INFO  server.RaftServerConfigKeys (ConfUtils.java:logGet(43)) - raft.server.log.force.sync.num = 128 (default)
2019-09-06 22:01:17,739 [pool-47-thread-1] INFO  server.RaftServerConfigKeys (ConfUtils.java:logGet(43)) - raft.server.log.statemachine.data.sync = true (default)
2019-09-06 22:01:17,740 [pool-37-thread-1] INFO  server.RaftServerConfigKeys (ConfUtils.java:logGet(43)) - raft.server.log.statemachine.data.sync = true (default)
2019-09-06 22:01:17,740 [pool-67-thread-1] INFO  util.JmxRegister (JmxRegister.java:tryRegister(44)) - Successfully registered JMX Bean with object name Ratis:service=RaftServer,group=group-D4E0ABFCC08D,id=cabf754e-66c5-4603-8900-162c24b4db5c
2019-09-06 22:01:17,740 [pool-47-thread-1] INFO  server.RaftServerConfigKeys (ConfUtils.java:logGet(43)) - raft.server.log.statemachine.data.sync.timeout = 10s (default)
2019-09-06 22:01:17,740 [pool-37-thread-1] INFO  server.RaftServerConfigKeys (ConfUtils.java:logGet(43)) - raft.server.log.statemachine.data.sync.timeout = 10s (default)
2019-09-06 22:01:17,740 [pool-47-thread-1] INFO  server.RaftServerConfigKeys (ConfUtils.java:logGet(43)) - raft.server.log.statemachine.data.sync.timeout.retry = -1 (default)
2019-09-06 22:01:17,741 [pool-67-thread-1] INFO  impl.RaftServerImpl (RaftServerImpl.java:start(180)) - cabf754e-66c5-4603-8900-162c24b4db5c: start group-2472C3280719
2019-09-06 22:01:17,741 [pool-37-thread-1] INFO  server.RaftServerConfigKeys (ConfUtils.java:logGet(43)) - raft.server.log.statemachine.data.sync.timeout.retry = -1 (default)
2019-09-06 22:01:17,741 [pool-67-thread-1] INFO  impl.RaftServerImpl (RaftServerImpl.java:setRole(171)) - cabf754e-66c5-4603-8900-162c24b4db5c:group-2472C3280719 changes role from null to FOLLOWER at term 0 for startAsFollower
2019-09-06 22:01:17,741 [pool-37-thread-1] INFO  server.RaftServerConfigKeys (ConfUtils.java:logGet(43)) - raft.server.log.statemachine.data.caching.enabled = true (custom)
2019-09-06 22:01:17,741 [pool-47-thread-1] INFO  server.RaftServerConfigKeys (ConfUtils.java:logGet(43)) - raft.server.log.statemachine.data.caching.enabled = true (custom)
2019-09-06 22:01:17,741 [pool-67-thread-1] INFO  impl.RoleInfo (RoleInfo.java:updateAndGet(143)) - cabf754e-66c5-4603-8900-162c24b4db5c: start FollowerState
2019-09-06 22:01:17,741 [pool-47-thread-1] INFO  segmented.SegmentedRaftLogWorker (SegmentedRaftLogWorker.java:lambda$new$0(132)) - e4d22c93-acc0-432e-8ff6-ef453016530c-SegmentedRaftLogWorker:Storage Directory /workdir/hadoop-ozone/ozonefs/target/test-dir/MiniOzoneClusterImpl-ca11de5b-e8c1-48c0-9c71-bb1a3ae6d3ec/datanode-2/data/ratis/57ce3994-ad62-4e2e-a8c9-0c61244178e5: flushIndex: setUnconditionally 0 -> -1
2019-09-06 22:01:17,741 [pool-37-thread-1] INFO  segmented.SegmentedRaftLogWorker (SegmentedRaftLogWorker.java:lambda$new$0(132)) - 5a50aa92-2737-4252-bffb-c8f2124676ea-SegmentedRaftLogWorker:Storage Directory /workdir/hadoop-ozone/ozonefs/target/test-dir/MiniOzoneClusterImpl-ca11de5b-e8c1-48c0-9c71-bb1a3ae6d3ec/datanode-1/data/ratis/57ce3994-ad62-4e2e-a8c9-0c61244178e5: flushIndex: setUnconditionally 0 -> -1
2019-09-06 22:01:17,742 [pool-47-thread-1] INFO  server.RaftServerConfigKeys (ConfUtils.java:logGet(43)) - raft.server.snapshot.auto.trigger.enabled = true (custom)
2019-09-06 22:01:17,742 [pool-67-thread-1] INFO  util.JmxRegister (JmxRegister.java:tryRegister(44)) - Successfully registered JMX Bean with object name Ratis:service=RaftServer,group=group-2472C3280719,id=cabf754e-66c5-4603-8900-162c24b4db5c
2019-09-06 22:01:17,742 [pool-37-thread-1] INFO  server.RaftServerConfigKeys (ConfUtils.java:logGet(43)) - raft.server.snapshot.auto.trigger.enabled = true (custom)
2019-09-06 22:01:17,742 [pool-47-thread-1] INFO  server.RaftServerConfigKeys (ConfUtils.java:logGet(43)) - raft.server.snapshot.auto.trigger.threshold = 10000 (custom)
2019-09-06 22:01:17,742 [pool-37-thread-1] INFO  server.RaftServerConfigKeys (ConfUtils.java:logGet(43)) - raft.server.snapshot.auto.trigger.threshold = 10000 (custom)
2019-09-06 22:01:17,742 [pool-47-thread-1] INFO  server.RaftServerConfigKeys (ConfUtils.java:logGet(43)) - raft.server.retrycache.expirytime = 600000ms (custom)
2019-09-06 22:01:17,742 [pool-37-thread-1] INFO  server.RaftServerConfigKeys (ConfUtils.java:logGet(43)) - raft.server.retrycache.expirytime = 600000ms (custom)
2019-09-06 22:01:17,742 [pool-47-thread-1] INFO  impl.RaftServerImpl (RaftServerImpl.java:start(180)) - e4d22c93-acc0-432e-8ff6-ef453016530c: start group-D4E0ABFCC08D
2019-09-06 22:01:17,743 [pool-47-thread-1] INFO  impl.RaftServerImpl (RaftServerImpl.java:setRole(171)) - e4d22c93-acc0-432e-8ff6-ef453016530c:group-D4E0ABFCC08D changes role from null to FOLLOWER at term 0 for startAsFollower
2019-09-06 22:01:17,743 [pool-37-thread-1] INFO  impl.RaftServerImpl (RaftServerImpl.java:start(180)) - 5a50aa92-2737-4252-bffb-c8f2124676ea: start group-D4E0ABFCC08D
2019-09-06 22:01:17,743 [pool-47-thread-1] INFO  impl.RoleInfo (RoleInfo.java:updateAndGet(143)) - e4d22c93-acc0-432e-8ff6-ef453016530c: start FollowerState
2019-09-06 22:01:17,743 [pool-37-thread-1] INFO  impl.RaftServerImpl (RaftServerImpl.java:setRole(171)) - 5a50aa92-2737-4252-bffb-c8f2124676ea:group-D4E0ABFCC08D changes role from null to FOLLOWER at term 0 for startAsFollower
2019-09-06 22:01:17,743 [pool-37-thread-1] INFO  impl.RoleInfo (RoleInfo.java:updateAndGet(143)) - 5a50aa92-2737-4252-bffb-c8f2124676ea: start FollowerState
2019-09-06 22:01:17,743 [pool-47-thread-1] INFO  util.JmxRegister (JmxRegister.java:tryRegister(44)) - Successfully registered JMX Bean with object name Ratis:service=RaftServer,group=group-D4E0ABFCC08D,id=e4d22c93-acc0-432e-8ff6-ef453016530c
2019-09-06 22:01:17,744 [pool-37-thread-1] INFO  util.JmxRegister (JmxRegister.java:tryRegister(44)) - Successfully registered JMX Bean with object name Ratis:service=RaftServer,group=group-D4E0ABFCC08D,id=5a50aa92-2737-4252-bffb-c8f2124676ea
2019-09-06 22:01:17,744 [pool-47-thread-1] INFO  impl.RaftServerImpl (RaftServerImpl.java:start(180)) - e4d22c93-acc0-432e-8ff6-ef453016530c: start group-2472C3280719
2019-09-06 22:01:17,744 [pool-47-thread-1] INFO  impl.RaftServerImpl (RaftServerImpl.java:setRole(171)) - e4d22c93-acc0-432e-8ff6-ef453016530c:group-2472C3280719 changes role from null to FOLLOWER at term 0 for startAsFollower
2019-09-06 22:01:17,744 [pool-67-thread-1] INFO  impl.RaftServerImpl (RaftServerImpl.java:<init>(93)) - cabf754e-66c5-4603-8900-162c24b4db5c: new RaftServerImpl for group-2478A3A84478:[e4d22c93-acc0-432e-8ff6-ef453016530c:192.168.69.79:43075, 5a50aa92-2737-4252-bffb-c8f2124676ea:192.168.69.79:36465, cabf754e-66c5-4603-8900-162c24b4db5c:192.168.69.79:46375] with ContainerStateMachine:uninitialized
2019-09-06 22:01:17,744 [pool-47-thread-1] INFO  impl.RoleInfo (RoleInfo.java:updateAndGet(143)) - e4d22c93-acc0-432e-8ff6-ef453016530c: start FollowerState
2019-09-06 22:01:17,744 [pool-67-thread-1] INFO  server.RaftServerConfigKeys (ConfUtils.java:logGet(43)) - raft.server.rpc.timeout.min = 5s (custom)
2019-09-06 22:01:17,744 [pool-37-thread-1] INFO  impl.RaftServerImpl (RaftServerImpl.java:start(180)) - 5a50aa92-2737-4252-bffb-c8f2124676ea: start group-2472C3280719
2019-09-06 22:01:17,744 [pool-47-thread-1] INFO  util.JmxRegister (JmxRegister.java:tryRegister(44)) - Successfully registered JMX Bean with object name Ratis:service=RaftServer,group=group-2472C3280719,id=e4d22c93-acc0-432e-8ff6-ef453016530c
2019-09-06 22:01:17,744 [pool-67-thread-1] INFO  server.RaftServerConfigKeys (ConfUtils.java:logGet(43)) - raft.server.rpc.timeout.max = 5200ms (custom)
2019-09-06 22:01:17,744 [pool-37-thread-1] INFO  impl.RaftServerImpl (RaftServerImpl.java:setRole(171)) - 5a50aa92-2737-4252-bffb-c8f2124676ea:group-2472C3280719 changes role from null to FOLLOWER at term 0 for startAsFollower
2019-09-06 22:01:17,745 [pool-67-thread-1] INFO  server.RaftServerConfigKeys (ConfUtils.java:logGet(43)) - raft.server.rpcslowness.timeout = 120s (custom)
2019-09-06 22:01:17,745 [pool-37-thread-1] INFO  impl.RoleInfo (RoleInfo.java:updateAndGet(143)) - 5a50aa92-2737-4252-bffb-c8f2124676ea: start FollowerState
2019-09-06 22:01:17,745 [pool-67-thread-1] INFO  server.RaftServerConfigKeys (ConfUtils.java:logGet(43)) - raft.server.sleep.deviation.threshold = 300 (default)
2019-09-06 22:01:17,745 [pool-67-thread-1] INFO  server.RaftServerConfigKeys (ConfUtils.java:logGet(43)) - raft.server.log.appender.install.snapshot.enabled = false (custom)
2019-09-06 22:01:17,745 [pool-67-thread-1] INFO  impl.RaftServerImpl (ServerState.java:<init>(105)) - cabf754e-66c5-4603-8900-162c24b4db5c:group-2478A3A84478 ConfigurationManager, init=-1: [e4d22c93-acc0-432e-8ff6-ef453016530c:192.168.69.79:43075, 5a50aa92-2737-4252-bffb-c8f2124676ea:192.168.69.79:36465, cabf754e-66c5-4603-8900-162c24b4db5c:192.168.69.79:46375], old=null, confs=<EMPTY_MAP>
2019-09-06 22:01:17,751 [pool-37-thread-1] INFO  util.JmxRegister (JmxRegister.java:tryRegister(44)) - Successfully registered JMX Bean with object name Ratis:service=RaftServer,group=group-2472C3280719,id=5a50aa92-2737-4252-bffb-c8f2124676ea
2019-09-06 22:01:17,751 [pool-67-thread-1] INFO  server.RaftServerConfigKeys (ConfUtils.java:logGet(43)) - raft.server.storage.dir = [/workdir/hadoop-ozone/ozonefs/target/test-dir/MiniOzoneClusterImpl-ca11de5b-e8c1-48c0-9c71-bb1a3ae6d3ec/datanode-4/data/ratis] (custom)
2019-09-06 22:01:17,751 [pool-47-thread-1] INFO  impl.RaftServerImpl (RaftServerImpl.java:<init>(93)) - e4d22c93-acc0-432e-8ff6-ef453016530c: new RaftServerImpl for group-2478A3A84478:[e4d22c93-acc0-432e-8ff6-ef453016530c:192.168.69.79:43075, 5a50aa92-2737-4252-bffb-c8f2124676ea:192.168.69.79:36465, cabf754e-66c5-4603-8900-162c24b4db5c:192.168.69.79:46375] with ContainerStateMachine:uninitialized
2019-09-06 22:01:17,756 [pool-47-thread-1] INFO  server.RaftServerConfigKeys (ConfUtils.java:logGet(43)) - raft.server.rpc.timeout.min = 5s (custom)
2019-09-06 22:01:17,756 [pool-67-thread-1] INFO  storage.RaftStorageDirectory (RaftStorageDirectory.java:analyzeStorage(246)) - The storage directory /workdir/hadoop-ozone/ozonefs/target/test-dir/MiniOzoneClusterImpl-ca11de5b-e8c1-48c0-9c71-bb1a3ae6d3ec/datanode-4/data/ratis/13d5a7b6-898b-4e9e-bd68-2478a3a84478 does not exist. Creating ...
2019-09-06 22:01:17,756 [pool-47-thread-1] INFO  server.RaftServerConfigKeys (ConfUtils.java:logGet(43)) - raft.server.rpc.timeout.max = 5200ms (custom)
2019-09-06 22:01:17,756 [pool-47-thread-1] INFO  server.RaftServerConfigKeys (ConfUtils.java:logGet(43)) - raft.server.rpcslowness.timeout = 120s (custom)
2019-09-06 22:01:17,756 [pool-47-thread-1] INFO  server.RaftServerConfigKeys (ConfUtils.java:logGet(43)) - raft.server.sleep.deviation.threshold = 300 (default)
2019-09-06 22:01:17,756 [pool-47-thread-1] INFO  server.RaftServerConfigKeys (ConfUtils.java:logGet(43)) - raft.server.log.appender.install.snapshot.enabled = false (custom)
2019-09-06 22:01:17,756 [pool-47-thread-1] INFO  impl.RaftServerImpl (ServerState.java:<init>(105)) - e4d22c93-acc0-432e-8ff6-ef453016530c:group-2478A3A84478 ConfigurationManager, init=-1: [e4d22c93-acc0-432e-8ff6-ef453016530c:192.168.69.79:43075, 5a50aa92-2737-4252-bffb-c8f2124676ea:192.168.69.79:36465, cabf754e-66c5-4603-8900-162c24b4db5c:192.168.69.79:46375], old=null, confs=<EMPTY_MAP>
2019-09-06 22:01:17,756 [pool-47-thread-1] INFO  server.RaftServerConfigKeys (ConfUtils.java:logGet(43)) - raft.server.storage.dir = [/workdir/hadoop-ozone/ozonefs/target/test-dir/MiniOzoneClusterImpl-ca11de5b-e8c1-48c0-9c71-bb1a3ae6d3ec/datanode-2/data/ratis] (custom)
2019-09-06 22:01:17,757 [pool-47-thread-1] INFO  storage.RaftStorageDirectory (RaftStorageDirectory.java:analyzeStorage(246)) - The storage directory /workdir/hadoop-ozone/ozonefs/target/test-dir/MiniOzoneClusterImpl-ca11de5b-e8c1-48c0-9c71-bb1a3ae6d3ec/datanode-2/data/ratis/13d5a7b6-898b-4e9e-bd68-2478a3a84478 does not exist. Creating ...
2019-09-06 22:01:17,757 [pool-37-thread-1] INFO  impl.RaftServerImpl (RaftServerImpl.java:<init>(93)) - 5a50aa92-2737-4252-bffb-c8f2124676ea: new RaftServerImpl for group-2478A3A84478:[e4d22c93-acc0-432e-8ff6-ef453016530c:192.168.69.79:43075, 5a50aa92-2737-4252-bffb-c8f2124676ea:192.168.69.79:36465, cabf754e-66c5-4603-8900-162c24b4db5c:192.168.69.79:46375] with ContainerStateMachine:uninitialized
2019-09-06 22:01:17,757 [pool-37-thread-1] INFO  server.RaftServerConfigKeys (ConfUtils.java:logGet(43)) - raft.server.rpc.timeout.min = 5s (custom)
2019-09-06 22:01:17,757 [pool-37-thread-1] INFO  server.RaftServerConfigKeys (ConfUtils.java:logGet(43)) - raft.server.rpc.timeout.max = 5200ms (custom)
2019-09-06 22:01:17,758 [pool-37-thread-1] INFO  server.RaftServerConfigKeys (ConfUtils.java:logGet(43)) - raft.server.rpcslowness.timeout = 120s (custom)
2019-09-06 22:01:17,758 [pool-37-thread-1] INFO  server.RaftServerConfigKeys (ConfUtils.java:logGet(43)) - raft.server.sleep.deviation.threshold = 300 (default)
2019-09-06 22:01:17,758 [pool-37-thread-1] INFO  server.RaftServerConfigKeys (ConfUtils.java:logGet(43)) - raft.server.log.appender.install.snapshot.enabled = false (custom)
2019-09-06 22:01:17,758 [pool-37-thread-1] INFO  impl.RaftServerImpl (ServerState.java:<init>(105)) - 5a50aa92-2737-4252-bffb-c8f2124676ea:group-2478A3A84478 ConfigurationManager, init=-1: [e4d22c93-acc0-432e-8ff6-ef453016530c:192.168.69.79:43075, 5a50aa92-2737-4252-bffb-c8f2124676ea:192.168.69.79:36465, cabf754e-66c5-4603-8900-162c24b4db5c:192.168.69.79:46375], old=null, confs=<EMPTY_MAP>
2019-09-06 22:01:17,758 [pool-37-thread-1] INFO  server.RaftServerConfigKeys (ConfUtils.java:logGet(43)) - raft.server.storage.dir = [/workdir/hadoop-ozone/ozonefs/target/test-dir/MiniOzoneClusterImpl-ca11de5b-e8c1-48c0-9c71-bb1a3ae6d3ec/datanode-1/data/ratis] (custom)
2019-09-06 22:01:17,758 [pool-37-thread-1] INFO  storage.RaftStorageDirectory (RaftStorageDirectory.java:analyzeStorage(246)) - The storage directory /workdir/hadoop-ozone/ozonefs/target/test-dir/MiniOzoneClusterImpl-ca11de5b-e8c1-48c0-9c71-bb1a3ae6d3ec/datanode-1/data/ratis/13d5a7b6-898b-4e9e-bd68-2478a3a84478 does not exist. Creating ...
2019-09-06 22:01:18,460 [Thread-310] INFO  impl.FollowerState (FollowerState.java:run(106)) - e4d22c93-acc0-432e-8ff6-ef453016530c:group-EEED52C9F798 changes to CANDIDATE, lastRpcTime:5024, electionTimeout:5024ms
2019-09-06 22:01:18,461 [Thread-310] INFO  impl.RoleInfo (RoleInfo.java:shutdownFollowerState(121)) - e4d22c93-acc0-432e-8ff6-ef453016530c: shutdown FollowerState
2019-09-06 22:01:18,461 [Thread-310] INFO  impl.RaftServerImpl (RaftServerImpl.java:setRole(171)) - e4d22c93-acc0-432e-8ff6-ef453016530c:group-EEED52C9F798 changes role from FOLLOWER to CANDIDATE at term 0 for changeToCandidate
2019-09-06 22:01:18,461 [Thread-310] INFO  impl.RoleInfo (RoleInfo.java:updateAndGet(143)) - e4d22c93-acc0-432e-8ff6-ef453016530c: start LeaderElection
2019-09-06 22:01:18,611 [Thread-307] INFO  impl.FollowerState (FollowerState.java:run(106)) - cabf754e-66c5-4603-8900-162c24b4db5c:group-EEED52C9F798 changes to CANDIDATE, lastRpcTime:5178, electionTimeout:5177ms
2019-09-06 22:01:18,611 [Thread-307] INFO  impl.RoleInfo (RoleInfo.java:shutdownFollowerState(121)) - cabf754e-66c5-4603-8900-162c24b4db5c: shutdown FollowerState
2019-09-06 22:01:18,611 [Thread-307] INFO  impl.RaftServerImpl (RaftServerImpl.java:setRole(171)) - cabf754e-66c5-4603-8900-162c24b4db5c:group-EEED52C9F798 changes role from FOLLOWER to CANDIDATE at term 0 for changeToCandidate
2019-09-06 22:01:18,611 [Thread-307] INFO  impl.RoleInfo (RoleInfo.java:updateAndGet(143)) - cabf754e-66c5-4603-8900-162c24b4db5c: start LeaderElection
2019-09-06 22:01:18,639 [Thread-313] INFO  impl.FollowerState (FollowerState.java:run(106)) - 5a50aa92-2737-4252-bffb-c8f2124676ea:group-EEED52C9F798 changes to CANDIDATE, lastRpcTime:5196, electionTimeout:5196ms
2019-09-06 22:01:18,639 [Thread-313] INFO  impl.RoleInfo (RoleInfo.java:shutdownFollowerState(121)) - 5a50aa92-2737-4252-bffb-c8f2124676ea: shutdown FollowerState
2019-09-06 22:01:18,640 [Thread-313] INFO  impl.RaftServerImpl (RaftServerImpl.java:setRole(171)) - 5a50aa92-2737-4252-bffb-c8f2124676ea:group-EEED52C9F798 changes role from FOLLOWER to CANDIDATE at term 0 for changeToCandidate
2019-09-06 22:01:18,640 [Thread-313] INFO  impl.RoleInfo (RoleInfo.java:updateAndGet(143)) - 5a50aa92-2737-4252-bffb-c8f2124676ea: start LeaderElection
2019-09-06 22:01:18,986 [pool-67-thread-1] INFO  storage.RaftStorageDirectory (RaftStorageDirectory.java:tryLock(328)) - Lock on /workdir/hadoop-ozone/ozonefs/target/test-dir/MiniOzoneClusterImpl-ca11de5b-e8c1-48c0-9c71-bb1a3ae6d3ec/datanode-4/data/ratis/13d5a7b6-898b-4e9e-bd68-2478a3a84478/in_use.lock acquired by nodename 3576@pr-hdds-2087-j7wfl-3989464410
2019-09-06 22:01:18,986 [pool-37-thread-1] INFO  storage.RaftStorageDirectory (RaftStorageDirectory.java:tryLock(328)) - Lock on /workdir/hadoop-ozone/ozonefs/target/test-dir/MiniOzoneClusterImpl-ca11de5b-e8c1-48c0-9c71-bb1a3ae6d3ec/datanode-1/data/ratis/13d5a7b6-898b-4e9e-bd68-2478a3a84478/in_use.lock acquired by nodename 3576@pr-hdds-2087-j7wfl-3989464410
2019-09-06 22:01:18,986 [pool-47-thread-1] INFO  storage.RaftStorageDirectory (RaftStorageDirectory.java:tryLock(328)) - Lock on /workdir/hadoop-ozone/ozonefs/target/test-dir/MiniOzoneClusterImpl-ca11de5b-e8c1-48c0-9c71-bb1a3ae6d3ec/datanode-2/data/ratis/13d5a7b6-898b-4e9e-bd68-2478a3a84478/in_use.lock acquired by nodename 3576@pr-hdds-2087-j7wfl-3989464410
2019-09-06 22:01:20,000 [e4d22c93-acc0-432e-8ff6-ef453016530c:group-EEED52C9F798:LeaderElection15] INFO  impl.LeaderElection (LeaderElection.java:askForVotes(181)) - e4d22c93-acc0-432e-8ff6-ef453016530c:group-EEED52C9F798:LeaderElection15: begin an election at term 1 for -1: [e4d22c93-acc0-432e-8ff6-ef453016530c:192.168.69.79:43075, 5a50aa92-2737-4252-bffb-c8f2124676ea:192.168.69.79:36465, cabf754e-66c5-4603-8900-162c24b4db5c:192.168.69.79:46375], old=null
2019-09-06 22:01:20,000 [cabf754e-66c5-4603-8900-162c24b4db5c:group-EEED52C9F798:LeaderElection16] INFO  impl.LeaderElection (LeaderElection.java:askForVotes(181)) - cabf754e-66c5-4603-8900-162c24b4db5c:group-EEED52C9F798:LeaderElection16: begin an election at term 1 for -1: [e4d22c93-acc0-432e-8ff6-ef453016530c:192.168.69.79:43075, 5a50aa92-2737-4252-bffb-c8f2124676ea:192.168.69.79:36465, cabf754e-66c5-4603-8900-162c24b4db5c:192.168.69.79:46375], old=null
2019-09-06 22:01:20,001 [5a50aa92-2737-4252-bffb-c8f2124676ea:group-EEED52C9F798:LeaderElection17] INFO  impl.LeaderElection (LeaderElection.java:askForVotes(181)) - 5a50aa92-2737-4252-bffb-c8f2124676ea:group-EEED52C9F798:LeaderElection17: begin an election at term 1 for -1: [e4d22c93-acc0-432e-8ff6-ef453016530c:192.168.69.79:43075, 5a50aa92-2737-4252-bffb-c8f2124676ea:192.168.69.79:36465, cabf754e-66c5-4603-8900-162c24b4db5c:192.168.69.79:46375], old=null
2019-09-06 22:01:20,010 [e4d22c93-acc0-432e-8ff6-ef453016530c:group-EEED52C9F798:LeaderElection15] INFO  impl.LeaderElection (LeaderElection.java:logAndReturn(56)) - e4d22c93-acc0-432e-8ff6-ef453016530c:group-EEED52C9F798:LeaderElection15: Election REJECTED; received 2 response(s) [e4d22c93-acc0-432e-8ff6-ef453016530c<-5a50aa92-2737-4252-bffb-c8f2124676ea#0:FAIL-t1, e4d22c93-acc0-432e-8ff6-ef453016530c<-cabf754e-66c5-4603-8900-162c24b4db5c#0:FAIL-t1] and 0 exception(s); e4d22c93-acc0-432e-8ff6-ef453016530c:t1, leader=null, voted=e4d22c93-acc0-432e-8ff6-ef453016530c, raftlog=e4d22c93-acc0-432e-8ff6-ef453016530c-SegmentedRaftLog:OPENED:c-1,f-1,i0, conf=-1: [e4d22c93-acc0-432e-8ff6-ef453016530c:192.168.69.79:43075, 5a50aa92-2737-4252-bffb-c8f2124676ea:192.168.69.79:36465, cabf754e-66c5-4603-8900-162c24b4db5c:192.168.69.79:46375], old=null
2019-09-06 22:01:20,010 [cabf754e-66c5-4603-8900-162c24b4db5c:group-EEED52C9F798:LeaderElection16] INFO  impl.LeaderElection (LeaderElection.java:logAndReturn(56)) - cabf754e-66c5-4603-8900-162c24b4db5c:group-EEED52C9F798:LeaderElection16: Election REJECTED; received 2 response(s) [cabf754e-66c5-4603-8900-162c24b4db5c<-e4d22c93-acc0-432e-8ff6-ef453016530c#0:FAIL-t1, cabf754e-66c5-4603-8900-162c24b4db5c<-5a50aa92-2737-4252-bffb-c8f2124676ea#0:FAIL-t1] and 0 exception(s); cabf754e-66c5-4603-8900-162c24b4db5c:t1, leader=null, voted=cabf754e-66c5-4603-8900-162c24b4db5c, raftlog=cabf754e-66c5-4603-8900-162c24b4db5c-SegmentedRaftLog:OPENED:c-1,f-1,i0, conf=-1: [e4d22c93-acc0-432e-8ff6-ef453016530c:192.168.69.79:43075, 5a50aa92-2737-4252-bffb-c8f2124676ea:192.168.69.79:36465, cabf754e-66c5-4603-8900-162c24b4db5c:192.168.69.79:46375], old=null
2019-09-06 22:01:20,010 [e4d22c93-acc0-432e-8ff6-ef453016530c:group-EEED52C9F798:LeaderElection15] INFO  impl.RaftServerImpl (RaftServerImpl.java:setRole(171)) - e4d22c93-acc0-432e-8ff6-ef453016530c:group-EEED52C9F798 changes role from CANDIDATE to FOLLOWER at term 1 for DISCOVERED_A_NEW_TERM
2019-09-06 22:01:20,010 [5a50aa92-2737-4252-bffb-c8f2124676ea:group-EEED52C9F798:LeaderElection17] INFO  impl.LeaderElection (LeaderElection.java:logAndReturn(56)) - 5a50aa92-2737-4252-bffb-c8f2124676ea:group-EEED52C9F798:LeaderElection17: Election REJECTED; received 2 response(s) [5a50aa92-2737-4252-bffb-c8f2124676ea<-e4d22c93-acc0-432e-8ff6-ef453016530c#0:FAIL-t1, 5a50aa92-2737-4252-bffb-c8f2124676ea<-cabf754e-66c5-4603-8900-162c24b4db5c#0:FAIL-t1] and 0 exception(s); 5a50aa92-2737-4252-bffb-c8f2124676ea:t1, leader=null, voted=5a50aa92-2737-4252-bffb-c8f2124676ea, raftlog=5a50aa92-2737-4252-bffb-c8f2124676ea-SegmentedRaftLog:OPENED:c-1,f-1,i0, conf=-1: [e4d22c93-acc0-432e-8ff6-ef453016530c:192.168.69.79:43075, 5a50aa92-2737-4252-bffb-c8f2124676ea:192.168.69.79:36465, cabf754e-66c5-4603-8900-162c24b4db5c:192.168.69.79:46375], old=null
2019-09-06 22:01:20,016 [e4d22c93-acc0-432e-8ff6-ef453016530c:group-EEED52C9F798:LeaderElection15] INFO  impl.RoleInfo (RoleInfo.java:shutdownLeaderElection(134)) - e4d22c93-acc0-432e-8ff6-ef453016530c: shutdown LeaderElection
2019-09-06 22:01:20,013 [cabf754e-66c5-4603-8900-162c24b4db5c:group-EEED52C9F798:LeaderElection16] INFO  impl.RaftServerImpl (RaftServerImpl.java:setRole(171)) - cabf754e-66c5-4603-8900-162c24b4db5c:group-EEED52C9F798 changes role from CANDIDATE to FOLLOWER at term 1 for DISCOVERED_A_NEW_TERM
2019-09-06 22:01:20,019 [e4d22c93-acc0-432e-8ff6-ef453016530c:group-EEED52C9F798:LeaderElection15] INFO  impl.RoleInfo (RoleInfo.java:updateAndGet(143)) - e4d22c93-acc0-432e-8ff6-ef453016530c: start FollowerState
2019-09-06 22:01:20,019 [cabf754e-66c5-4603-8900-162c24b4db5c:group-EEED52C9F798:LeaderElection16] INFO  impl.RoleInfo (RoleInfo.java:shutdownLeaderElection(134)) - cabf754e-66c5-4603-8900-162c24b4db5c: shutdown LeaderElection
2019-09-06 22:01:20,016 [5a50aa92-2737-4252-bffb-c8f2124676ea:group-EEED52C9F798:LeaderElection17] INFO  impl.RaftServerImpl (RaftServerImpl.java:setRole(171)) - 5a50aa92-2737-4252-bffb-c8f2124676ea:group-EEED52C9F798 changes role from CANDIDATE to FOLLOWER at term 1 for DISCOVERED_A_NEW_TERM
2019-09-06 22:01:20,021 [cabf754e-66c5-4603-8900-162c24b4db5c:group-EEED52C9F798:LeaderElection16] INFO  impl.RoleInfo (RoleInfo.java:updateAndGet(143)) - cabf754e-66c5-4603-8900-162c24b4db5c: start FollowerState
2019-09-06 22:01:20,021 [5a50aa92-2737-4252-bffb-c8f2124676ea:group-EEED52C9F798:LeaderElection17] INFO  impl.RoleInfo (RoleInfo.java:shutdownLeaderElection(134)) - 5a50aa92-2737-4252-bffb-c8f2124676ea: shutdown LeaderElection
2019-09-06 22:01:20,023 [5a50aa92-2737-4252-bffb-c8f2124676ea:group-EEED52C9F798:LeaderElection17] INFO  impl.RoleInfo (RoleInfo.java:updateAndGet(143)) - 5a50aa92-2737-4252-bffb-c8f2124676ea: start FollowerState
2019-09-06 22:01:20,205 [pool-67-thread-1] INFO  storage.RaftStorage (RaftStorage.java:format(72)) - Storage directory /workdir/hadoop-ozone/ozonefs/target/test-dir/MiniOzoneClusterImpl-ca11de5b-e8c1-48c0-9c71-bb1a3ae6d3ec/datanode-4/data/ratis/13d5a7b6-898b-4e9e-bd68-2478a3a84478 has been successfully formatted.
2019-09-06 22:01:20,206 [pool-37-thread-1] INFO  storage.RaftStorage (RaftStorage.java:format(72)) - Storage directory /workdir/hadoop-ozone/ozonefs/target/test-dir/MiniOzoneClusterImpl-ca11de5b-e8c1-48c0-9c71-bb1a3ae6d3ec/datanode-1/data/ratis/13d5a7b6-898b-4e9e-bd68-2478a3a84478 has been successfully formatted.
2019-09-06 22:01:20,205 [pool-47-thread-1] INFO  storage.RaftStorage (RaftStorage.java:format(72)) - Storage directory /workdir/hadoop-ozone/ozonefs/target/test-dir/MiniOzoneClusterImpl-ca11de5b-e8c1-48c0-9c71-bb1a3ae6d3ec/datanode-2/data/ratis/13d5a7b6-898b-4e9e-bd68-2478a3a84478 has been successfully formatted.
2019-09-06 22:01:20,206 [pool-67-thread-1] INFO  ratis.ContainerStateMachine (ContainerStateMachine.java:loadSnapshot(227)) - group-2478A3A84478: The snapshot info is null. Setting the last applied indexto:(t:0, i:~)
2019-09-06 22:01:20,206 [pool-47-thread-1] INFO  ratis.ContainerStateMachine (ContainerStateMachine.java:loadSnapshot(227)) - group-2478A3A84478: The snapshot info is null. Setting the last applied indexto:(t:0, i:~)
2019-09-06 22:01:20,206 [pool-37-thread-1] INFO  ratis.ContainerStateMachine (ContainerStateMachine.java:loadSnapshot(227)) - group-2478A3A84478: The snapshot info is null. Setting the last applied indexto:(t:0, i:~)
2019-09-06 22:01:20,207 [pool-47-thread-1] INFO  server.RaftServerConfigKeys (ConfUtils.java:logGet(43)) - raft.server.leader.election.timeout = 120s (custom)
2019-09-06 22:01:20,206 [pool-67-thread-1] INFO  server.RaftServerConfigKeys (ConfUtils.java:logGet(43)) - raft.server.leader.election.timeout = 120s (custom)
2019-09-06 22:01:20,207 [pool-47-thread-1] INFO  server.RaftServerConfigKeys (ConfUtils.java:logGet(43)) - raft.server.log.use.memory = false (default)
2019-09-06 22:01:20,207 [pool-37-thread-1] INFO  server.RaftServerConfigKeys (ConfUtils.java:logGet(43)) - raft.server.leader.election.timeout = 120s (custom)
2019-09-06 22:01:20,207 [pool-47-thread-1] INFO  server.RaftServerConfigKeys (ConfUtils.java:logGet(43)) - raft.server.log.purge.gap = 1000000 (custom)
2019-09-06 22:01:20,207 [pool-67-thread-1] INFO  server.RaftServerConfigKeys (ConfUtils.java:logGet(43)) - raft.server.log.use.memory = false (default)
2019-09-06 22:01:20,208 [pool-47-thread-1] INFO  server.RaftServerConfigKeys (ConfUtils.java:logGet(43)) - raft.server.log.appender.buffer.byte-limit = 33554432 (custom)
2019-09-06 22:01:20,208 [pool-37-thread-1] INFO  server.RaftServerConfigKeys (ConfUtils.java:logGet(43)) - raft.server.log.use.memory = false (default)
2019-09-06 22:01:20,208 [pool-47-thread-1] INFO  server.RaftServerConfigKeys (ConfUtils.java:logGet(43)) - raft.server.log.segment.size.max = 1048576 (custom)
2019-09-06 22:01:20,208 [pool-67-thread-1] INFO  server.RaftServerConfigKeys (ConfUtils.java:logGet(43)) - raft.server.log.purge.gap = 1000000 (custom)
2019-09-06 22:01:20,208 [pool-47-thread-1] INFO  server.RaftServerConfigKeys (ConfUtils.java:logGet(43)) - raft.server.log.segment.cache.num.max = 2 (custom)
2019-09-06 22:01:20,208 [pool-37-thread-1] INFO  server.RaftServerConfigKeys (ConfUtils.java:logGet(43)) - raft.server.log.purge.gap = 1000000 (custom)
2019-09-06 22:01:20,209 [pool-47-thread-1] INFO  segmented.SegmentedRaftLogWorker (SegmentedRaftLogWorker.java:<init>(172)) - new e4d22c93-acc0-432e-8ff6-ef453016530c-SegmentedRaftLogWorker:Storage Directory /workdir/hadoop-ozone/ozonefs/target/test-dir/MiniOzoneClusterImpl-ca11de5b-e8c1-48c0-9c71-bb1a3ae6d3ec/datanode-2/data/ratis/13d5a7b6-898b-4e9e-bd68-2478a3a84478 for RaftStorage:Storage Directory /workdir/hadoop-ozone/ozonefs/target/test-dir/MiniOzoneClusterImpl-ca11de5b-e8c1-48c0-9c71-bb1a3ae6d3ec/datanode-2/data/ratis/13d5a7b6-898b-4e9e-bd68-2478a3a84478
2019-09-06 22:01:20,208 [pool-67-thread-1] INFO  server.RaftServerConfigKeys (ConfUtils.java:logGet(43)) - raft.server.log.appender.buffer.byte-limit = 33554432 (custom)
2019-09-06 22:01:20,209 [pool-47-thread-1] INFO  server.RaftServerConfigKeys (ConfUtils.java:logGet(43)) - raft.server.log.queue.byte-limit = 2147483647 (custom)
2019-09-06 22:01:20,209 [pool-37-thread-1] INFO  server.RaftServerConfigKeys (ConfUtils.java:logGet(43)) - raft.server.log.appender.buffer.byte-limit = 33554432 (custom)
2019-09-06 22:01:20,209 [pool-47-thread-1] INFO  server.RaftServerConfigKeys (ConfUtils.java:logGet(43)) - raft.server.log.queue.element-limit = 1024 (custom)
2019-09-06 22:01:20,209 [pool-67-thread-1] INFO  server.RaftServerConfigKeys (ConfUtils.java:logGet(43)) - raft.server.log.segment.size.max = 1048576 (custom)
2019-09-06 22:01:20,210 [pool-47-thread-1] INFO  server.RaftServerConfigKeys (ConfUtils.java:logGet(43)) - raft.server.log.segment.size.max = 1048576 (custom)
2019-09-06 22:01:20,210 [pool-37-thread-1] INFO  server.RaftServerConfigKeys (ConfUtils.java:logGet(43)) - raft.server.log.segment.size.max = 1048576 (custom)
2019-09-06 22:01:20,210 [pool-47-thread-1] INFO  server.RaftServerConfigKeys (ConfUtils.java:logGet(43)) - raft.server.log.preallocated.size = 16384 (custom)
2019-09-06 22:01:20,210 [pool-67-thread-1] INFO  server.RaftServerConfigKeys (ConfUtils.java:logGet(43)) - raft.server.log.segment.cache.num.max = 2 (custom)
2019-09-06 22:01:20,210 [pool-47-thread-1] INFO  server.RaftServerConfigKeys (ConfUtils.java:logGet(43)) - raft.server.log.write.buffer.size = 33554432 (custom)
2019-09-06 22:01:20,210 [pool-37-thread-1] INFO  server.RaftServerConfigKeys (ConfUtils.java:logGet(43)) - raft.server.log.segment.cache.num.max = 2 (custom)
2019-09-06 22:01:20,211 [pool-47-thread-1] INFO  server.RaftServerConfigKeys (ConfUtils.java:logGet(43)) - raft.server.log.force.sync.num = 128 (default)
2019-09-06 22:01:20,211 [pool-67-thread-1] INFO  segmented.SegmentedRaftLogWorker (SegmentedRaftLogWorker.java:<init>(172)) - new cabf754e-66c5-4603-8900-162c24b4db5c-SegmentedRaftLogWorker:Storage Directory /workdir/hadoop-ozone/ozonefs/target/test-dir/MiniOzoneClusterImpl-ca11de5b-e8c1-48c0-9c71-bb1a3ae6d3ec/datanode-4/data/ratis/13d5a7b6-898b-4e9e-bd68-2478a3a84478 for RaftStorage:Storage Directory /workdir/hadoop-ozone/ozonefs/target/test-dir/MiniOzoneClusterImpl-ca11de5b-e8c1-48c0-9c71-bb1a3ae6d3ec/datanode-4/data/ratis/13d5a7b6-898b-4e9e-bd68-2478a3a84478
2019-09-06 22:01:20,211 [pool-47-thread-1] INFO  server.RaftServerConfigKeys (ConfUtils.java:logGet(43)) - raft.server.log.statemachine.data.sync = true (default)
2019-09-06 22:01:20,211 [pool-37-thread-1] INFO  segmented.SegmentedRaftLogWorker (SegmentedRaftLogWorker.java:<init>(172)) - new 5a50aa92-2737-4252-bffb-c8f2124676ea-SegmentedRaftLogWorker:Storage Directory /workdir/hadoop-ozone/ozonefs/target/test-dir/MiniOzoneClusterImpl-ca11de5b-e8c1-48c0-9c71-bb1a3ae6d3ec/datanode-1/data/ratis/13d5a7b6-898b-4e9e-bd68-2478a3a84478 for RaftStorage:Storage Directory /workdir/hadoop-ozone/ozonefs/target/test-dir/MiniOzoneClusterImpl-ca11de5b-e8c1-48c0-9c71-bb1a3ae6d3ec/datanode-1/data/ratis/13d5a7b6-898b-4e9e-bd68-2478a3a84478
2019-09-06 22:01:20,211 [pool-47-thread-1] INFO  server.RaftServerConfigKeys (ConfUtils.java:logGet(43)) - raft.server.log.statemachine.data.sync.timeout = 10s (default)
2019-09-06 22:01:20,211 [pool-67-thread-1] INFO  server.RaftServerConfigKeys (ConfUtils.java:logGet(43)) - raft.server.log.queue.byte-limit = 2147483647 (custom)
2019-09-06 22:01:20,212 [pool-47-thread-1] INFO  server.RaftServerConfigKeys (ConfUtils.java:logGet(43)) - raft.server.log.statemachine.data.sync.timeout.retry = -1 (default)
2019-09-06 22:01:20,212 [pool-37-thread-1] INFO  server.RaftServerConfigKeys (ConfUtils.java:logGet(43)) - raft.server.log.queue.byte-limit = 2147483647 (custom)
2019-09-06 22:01:20,212 [pool-47-thread-1] INFO  server.RaftServerConfigKeys (ConfUtils.java:logGet(43)) - raft.server.log.statemachine.data.caching.enabled = true (custom)
2019-09-06 22:01:20,212 [pool-67-thread-1] INFO  server.RaftServerConfigKeys (ConfUtils.java:logGet(43)) - raft.server.log.queue.element-limit = 1024 (custom)
2019-09-06 22:01:20,212 [pool-37-thread-1] INFO  server.RaftServerConfigKeys (ConfUtils.java:logGet(43)) - raft.server.log.queue.element-limit = 1024 (custom)
2019-09-06 22:01:20,213 [pool-67-thread-1] INFO  server.RaftServerConfigKeys (ConfUtils.java:logGet(43)) - raft.server.log.segment.size.max = 1048576 (custom)
2019-09-06 22:01:20,213 [pool-47-thread-1] INFO  segmented.SegmentedRaftLogWorker (SegmentedRaftLogWorker.java:lambda$new$0(132)) - e4d22c93-acc0-432e-8ff6-ef453016530c-SegmentedRaftLogWorker:Storage Directory /workdir/hadoop-ozone/ozonefs/target/test-dir/MiniOzoneClusterImpl-ca11de5b-e8c1-48c0-9c71-bb1a3ae6d3ec/datanode-2/data/ratis/13d5a7b6-898b-4e9e-bd68-2478a3a84478: flushIndex: setUnconditionally 0 -> -1
2019-09-06 22:01:20,213 [pool-67-thread-1] INFO  server.RaftServerConfigKeys (ConfUtils.java:logGet(43)) - raft.server.log.preallocated.size = 16384 (custom)
2019-09-06 22:01:20,213 [pool-37-thread-1] INFO  server.RaftServerConfigKeys (ConfUtils.java:logGet(43)) - raft.server.log.segment.size.max = 1048576 (custom)
2019-09-06 22:01:20,214 [pool-67-thread-1] INFO  server.RaftServerConfigKeys (ConfUtils.java:logGet(43)) - raft.server.log.write.buffer.size = 33554432 (custom)
2019-09-06 22:01:20,214 [pool-47-thread-1] INFO  server.RaftServerConfigKeys (ConfUtils.java:logGet(43)) - raft.server.snapshot.auto.trigger.enabled = true (custom)
2019-09-06 22:01:20,214 [pool-67-thread-1] INFO  server.RaftServerConfigKeys (ConfUtils.java:logGet(43)) - raft.server.log.force.sync.num = 128 (default)
2019-09-06 22:01:20,214 [pool-37-thread-1] INFO  server.RaftServerConfigKeys (ConfUtils.java:logGet(43)) - raft.server.log.preallocated.size = 16384 (custom)
2019-09-06 22:01:20,215 [pool-67-thread-1] INFO  server.RaftServerConfigKeys (ConfUtils.java:logGet(43)) - raft.server.log.statemachine.data.sync = true (default)
2019-09-06 22:01:20,214 [pool-47-thread-1] INFO  server.RaftServerConfigKeys (ConfUtils.java:logGet(43)) - raft.server.snapshot.auto.trigger.threshold = 10000 (custom)
2019-09-06 22:01:20,215 [pool-67-thread-1] INFO  server.RaftServerConfigKeys (ConfUtils.java:logGet(43)) - raft.server.log.statemachine.data.sync.timeout = 10s (default)
2019-09-06 22:01:20,215 [pool-37-thread-1] INFO  server.RaftServerConfigKeys (ConfUtils.java:logGet(43)) - raft.server.log.write.buffer.size = 33554432 (custom)
2019-09-06 22:01:20,215 [pool-67-thread-1] INFO  server.RaftServerConfigKeys (ConfUtils.java:logGet(43)) - raft.server.log.statemachine.data.sync.timeout.retry = -1 (default)
2019-09-06 22:01:20,215 [pool-47-thread-1] INFO  server.RaftServerConfigKeys (ConfUtils.java:logGet(43)) - raft.server.retrycache.expirytime = 600000ms (custom)
2019-09-06 22:01:20,216 [pool-67-thread-1] INFO  server.RaftServerConfigKeys (ConfUtils.java:logGet(43)) - raft.server.log.statemachine.data.caching.enabled = true (custom)
2019-09-06 22:01:20,215 [pool-37-thread-1] INFO  server.RaftServerConfigKeys (ConfUtils.java:logGet(43)) - raft.server.log.force.sync.num = 128 (default)
2019-09-06 22:01:20,216 [pool-47-thread-1] INFO  impl.RaftServerImpl (RaftServerImpl.java:start(180)) - e4d22c93-acc0-432e-8ff6-ef453016530c: start group-2299B1DAC38B
2019-09-06 22:01:20,216 [pool-67-thread-1] INFO  segmented.SegmentedRaftLogWorker (SegmentedRaftLogWorker.java:lambda$new$0(132)) - cabf754e-66c5-4603-8900-162c24b4db5c-SegmentedRaftLogWorker:Storage Directory /workdir/hadoop-ozone/ozonefs/target/test-dir/MiniOzoneClusterImpl-ca11de5b-e8c1-48c0-9c71-bb1a3ae6d3ec/datanode-4/data/ratis/13d5a7b6-898b-4e9e-bd68-2478a3a84478: flushIndex: setUnconditionally 0 -> -1
2019-09-06 22:01:20,216 [pool-37-thread-1] INFO  server.RaftServerConfigKeys (ConfUtils.java:logGet(43)) - raft.server.log.statemachine.data.sync = true (default)
2019-09-06 22:01:20,216 [pool-47-thread-1] INFO  impl.RaftServerImpl (RaftServerImpl.java:setRole(171)) - e4d22c93-acc0-432e-8ff6-ef453016530c:group-2299B1DAC38B changes role from null to FOLLOWER at term 0 for startAsFollower
2019-09-06 22:01:20,217 [pool-37-thread-1] INFO  server.RaftServerConfigKeys (ConfUtils.java:logGet(43)) - raft.server.log.statemachine.data.sync.timeout = 10s (default)
2019-09-06 22:01:20,217 [pool-67-thread-1] INFO  server.RaftServerConfigKeys (ConfUtils.java:logGet(43)) - raft.server.snapshot.auto.trigger.enabled = true (custom)
2019-09-06 22:01:20,217 [pool-37-thread-1] INFO  server.RaftServerConfigKeys (ConfUtils.java:logGet(43)) - raft.server.log.statemachine.data.sync.timeout.retry = -1 (default)
2019-09-06 22:01:20,217 [pool-47-thread-1] INFO  impl.RoleInfo (RoleInfo.java:updateAndGet(143)) - e4d22c93-acc0-432e-8ff6-ef453016530c: start FollowerState
2019-09-06 22:01:20,217 [pool-37-thread-1] INFO  server.RaftServerConfigKeys (ConfUtils.java:logGet(43)) - raft.server.log.statemachine.data.caching.enabled = true (custom)
2019-09-06 22:01:20,217 [pool-67-thread-1] INFO  server.RaftServerConfigKeys (ConfUtils.java:logGet(43)) - raft.server.snapshot.auto.trigger.threshold = 10000 (custom)
2019-09-06 22:01:20,218 [pool-37-thread-1] INFO  segmented.SegmentedRaftLogWorker (SegmentedRaftLogWorker.java:lambda$new$0(132)) - 5a50aa92-2737-4252-bffb-c8f2124676ea-SegmentedRaftLogWorker:Storage Directory /workdir/hadoop-ozone/ozonefs/target/test-dir/MiniOzoneClusterImpl-ca11de5b-e8c1-48c0-9c71-bb1a3ae6d3ec/datanode-1/data/ratis/13d5a7b6-898b-4e9e-bd68-2478a3a84478: flushIndex: setUnconditionally 0 -> -1
2019-09-06 22:01:20,218 [pool-67-thread-1] INFO  server.RaftServerConfigKeys (ConfUtils.java:logGet(43)) - raft.server.retrycache.expirytime = 600000ms (custom)
2019-09-06 22:01:20,218 [pool-37-thread-1] INFO  server.RaftServerConfigKeys (ConfUtils.java:logGet(43)) - raft.server.snapshot.auto.trigger.enabled = true (custom)
2019-09-06 22:01:20,218 [pool-67-thread-1] INFO  impl.RaftServerImpl (RaftServerImpl.java:start(180)) - cabf754e-66c5-4603-8900-162c24b4db5c: start group-2299B1DAC38B
2019-09-06 22:01:20,218 [pool-47-thread-1] INFO  util.JmxRegister (JmxRegister.java:tryRegister(44)) - Successfully registered JMX Bean with object name Ratis:service=RaftServer,group=group-2299B1DAC38B,id=e4d22c93-acc0-432e-8ff6-ef453016530c
2019-09-06 22:01:20,218 [pool-67-thread-1] INFO  impl.RaftServerImpl (RaftServerImpl.java:setRole(171)) - cabf754e-66c5-4603-8900-162c24b4db5c:group-2299B1DAC38B changes role from null to FOLLOWER at term 0 for startAsFollower
2019-09-06 22:01:20,218 [pool-37-thread-1] INFO  server.RaftServerConfigKeys (ConfUtils.java:logGet(43)) - raft.server.snapshot.auto.trigger.threshold = 10000 (custom)
2019-09-06 22:01:20,219 [pool-67-thread-1] INFO  impl.RoleInfo (RoleInfo.java:updateAndGet(143)) - cabf754e-66c5-4603-8900-162c24b4db5c: start FollowerState
2019-09-06 22:01:20,219 [pool-47-thread-1] INFO  impl.RaftServerImpl (RaftServerImpl.java:start(180)) - e4d22c93-acc0-432e-8ff6-ef453016530c: start group-B35610DCD0B6
2019-09-06 22:01:20,219 [pool-37-thread-1] INFO  server.RaftServerConfigKeys (ConfUtils.java:logGet(43)) - raft.server.retrycache.expirytime = 600000ms (custom)
2019-09-06 22:01:20,219 [pool-47-thread-1] INFO  impl.RaftServerImpl (RaftServerImpl.java:setRole(171)) - e4d22c93-acc0-432e-8ff6-ef453016530c:group-B35610DCD0B6 changes role from null to FOLLOWER at term 0 for startAsFollower
2019-09-06 22:01:20,219 [pool-37-thread-1] INFO  impl.RaftServerImpl (RaftServerImpl.java:start(180)) - 5a50aa92-2737-4252-bffb-c8f2124676ea: start group-2299B1DAC38B
2019-09-06 22:01:20,219 [pool-47-thread-1] INFO  impl.RoleInfo (RoleInfo.java:updateAndGet(143)) - e4d22c93-acc0-432e-8ff6-ef453016530c: start FollowerState
2019-09-06 22:01:20,219 [pool-67-thread-1] INFO  util.JmxRegister (JmxRegister.java:tryRegister(44)) - Successfully registered JMX Bean with object name Ratis:service=RaftServer,group=group-2299B1DAC38B,id=cabf754e-66c5-4603-8900-162c24b4db5c
2019-09-06 22:01:20,219 [pool-37-thread-1] INFO  impl.RaftServerImpl (RaftServerImpl.java:setRole(171)) - 5a50aa92-2737-4252-bffb-c8f2124676ea:group-2299B1DAC38B changes role from null to FOLLOWER at term 0 for startAsFollower
2019-09-06 22:01:20,220 [pool-37-thread-1] INFO  impl.RoleInfo (RoleInfo.java:updateAndGet(143)) - 5a50aa92-2737-4252-bffb-c8f2124676ea: start FollowerState
2019-09-06 22:01:20,220 [pool-47-thread-1] INFO  util.JmxRegister (JmxRegister.java:tryRegister(44)) - Successfully registered JMX Bean with object name Ratis:service=RaftServer,group=group-B35610DCD0B6,id=e4d22c93-acc0-432e-8ff6-ef453016530c
2019-09-06 22:01:20,220 [pool-67-thread-1] INFO  impl.RaftServerImpl (RaftServerImpl.java:start(180)) - cabf754e-66c5-4603-8900-162c24b4db5c: start group-B35610DCD0B6
2019-09-06 22:01:20,220 [pool-37-thread-1] INFO  util.JmxRegister (JmxRegister.java:tryRegister(44)) - Successfully registered JMX Bean with object name Ratis:service=RaftServer,group=group-2299B1DAC38B,id=5a50aa92-2737-4252-bffb-c8f2124676ea
2019-09-06 22:01:20,221 [pool-67-thread-1] INFO  impl.RaftServerImpl (RaftServerImpl.java:setRole(171)) - cabf754e-66c5-4603-8900-162c24b4db5c:group-B35610DCD0B6 changes role from null to FOLLOWER at term 0 for startAsFollower
2019-09-06 22:01:20,221 [pool-67-thread-1] INFO  impl.RoleInfo (RoleInfo.java:updateAndGet(143)) - cabf754e-66c5-4603-8900-162c24b4db5c: start FollowerState
2019-09-06 22:01:20,221 [pool-37-thread-1] INFO  impl.RaftServerImpl (RaftServerImpl.java:start(180)) - 5a50aa92-2737-4252-bffb-c8f2124676ea: start group-B35610DCD0B6
2019-09-06 22:01:20,221 [pool-37-thread-1] INFO  impl.RaftServerImpl (RaftServerImpl.java:setRole(171)) - 5a50aa92-2737-4252-bffb-c8f2124676ea:group-B35610DCD0B6 changes role from null to FOLLOWER at term 0 for startAsFollower
2019-09-06 22:01:20,222 [pool-37-thread-1] INFO  impl.RoleInfo (RoleInfo.java:updateAndGet(143)) - 5a50aa92-2737-4252-bffb-c8f2124676ea: start FollowerState
2019-09-06 22:01:20,222 [pool-67-thread-1] INFO  util.JmxRegister (JmxRegister.java:tryRegister(44)) - Successfully registered JMX Bean with object name Ratis:service=RaftServer,group=group-B35610DCD0B6,id=cabf754e-66c5-4603-8900-162c24b4db5c
2019-09-06 22:01:20,222 [pool-37-thread-1] INFO  util.JmxRegister (JmxRegister.java:tryRegister(44)) - Successfully registered JMX Bean with object name Ratis:service=RaftServer,group=group-B35610DCD0B6,id=5a50aa92-2737-4252-bffb-c8f2124676ea
2019-09-06 22:01:20,223 [pool-47-thread-1] INFO  impl.RaftServerImpl (RaftServerImpl.java:<init>(93)) - e4d22c93-acc0-432e-8ff6-ef453016530c: new RaftServerImpl for group-CEE8014A79C1:[e4d22c93-acc0-432e-8ff6-ef453016530c:192.168.69.79:43075, 5a50aa92-2737-4252-bffb-c8f2124676ea:192.168.69.79:36465, cabf754e-66c5-4603-8900-162c24b4db5c:192.168.69.79:46375] with ContainerStateMachine:uninitialized
2019-09-06 22:01:20,223 [pool-47-thread-1] INFO  server.RaftServerConfigKeys (ConfUtils.java:logGet(43)) - raft.server.rpc.timeout.min = 5s (custom)
2019-09-06 22:01:20,223 [pool-47-thread-1] INFO  server.RaftServerConfigKeys (ConfUtils.java:logGet(43)) - raft.server.rpc.timeout.max = 5200ms (custom)
2019-09-06 22:01:20,223 [pool-47-thread-1] INFO  server.RaftServerConfigKeys (ConfUtils.java:logGet(43)) - raft.server.rpcslowness.timeout = 120s (custom)
2019-09-06 22:01:20,224 [pool-47-thread-1] INFO  server.RaftServerConfigKeys (ConfUtils.java:logGet(43)) - raft.server.sleep.deviation.threshold = 300 (default)
2019-09-06 22:01:20,224 [pool-47-thread-1] INFO  server.RaftServerConfigKeys (ConfUtils.java:logGet(43)) - raft.server.log.appender.install.snapshot.enabled = false (custom)
2019-09-06 22:01:20,224 [pool-47-thread-1] INFO  impl.RaftServerImpl (ServerState.java:<init>(105)) - e4d22c93-acc0-432e-8ff6-ef453016530c:group-CEE8014A79C1 ConfigurationManager, init=-1: [e4d22c93-acc0-432e-8ff6-ef453016530c:192.168.69.79:43075, 5a50aa92-2737-4252-bffb-c8f2124676ea:192.168.69.79:36465, cabf754e-66c5-4603-8900-162c24b4db5c:192.168.69.79:46375], old=null, confs=<EMPTY_MAP>
2019-09-06 22:01:20,224 [pool-47-thread-1] INFO  server.RaftServerConfigKeys (ConfUtils.java:logGet(43)) - raft.server.storage.dir = [/workdir/hadoop-ozone/ozonefs/target/test-dir/MiniOzoneClusterImpl-ca11de5b-e8c1-48c0-9c71-bb1a3ae6d3ec/datanode-2/data/ratis] (custom)
2019-09-06 22:01:20,224 [pool-37-thread-1] INFO  impl.RaftServerImpl (RaftServerImpl.java:<init>(93)) - 5a50aa92-2737-4252-bffb-c8f2124676ea: new RaftServerImpl for group-CEE8014A79C1:[e4d22c93-acc0-432e-8ff6-ef453016530c:192.168.69.79:43075, 5a50aa92-2737-4252-bffb-c8f2124676ea:192.168.69.79:36465, cabf754e-66c5-4603-8900-162c24b4db5c:192.168.69.79:46375] with ContainerStateMachine:uninitialized
2019-09-06 22:01:20,225 [pool-37-thread-1] INFO  server.RaftServerConfigKeys (ConfUtils.java:logGet(43)) - raft.server.rpc.timeout.min = 5s (custom)
2019-09-06 22:01:20,225 [pool-47-thread-1] INFO  storage.RaftStorageDirectory (RaftStorageDirectory.java:analyzeStorage(246)) - The storage directory /workdir/hadoop-ozone/ozonefs/target/test-dir/MiniOzoneClusterImpl-ca11de5b-e8c1-48c0-9c71-bb1a3ae6d3ec/datanode-2/data/ratis/e337988f-3529-4eb5-8bce-cee8014a79c1 does not exist. Creating ...
2019-09-06 22:01:20,225 [pool-37-thread-1] INFO  server.RaftServerConfigKeys (ConfUtils.java:logGet(43)) - raft.server.rpc.timeout.max = 5200ms (custom)
2019-09-06 22:01:20,225 [pool-37-thread-1] INFO  server.RaftServerConfigKeys (ConfUtils.java:logGet(43)) - raft.server.rpcslowness.timeout = 120s (custom)
2019-09-06 22:01:20,225 [pool-37-thread-1] INFO  server.RaftServerConfigKeys (ConfUtils.java:logGet(43)) - raft.server.sleep.deviation.threshold = 300 (default)
2019-09-06 22:01:20,225 [pool-37-thread-1] INFO  server.RaftServerConfigKeys (ConfUtils.java:logGet(43)) - raft.server.log.appender.install.snapshot.enabled = false (custom)
2019-09-06 22:01:20,225 [pool-37-thread-1] INFO  impl.RaftServerImpl (ServerState.java:<init>(105)) - 5a50aa92-2737-4252-bffb-c8f2124676ea:group-CEE8014A79C1 ConfigurationManager, init=-1: [e4d22c93-acc0-432e-8ff6-ef453016530c:192.168.69.79:43075, 5a50aa92-2737-4252-bffb-c8f2124676ea:192.168.69.79:36465, cabf754e-66c5-4603-8900-162c24b4db5c:192.168.69.79:46375], old=null, confs=<EMPTY_MAP>
2019-09-06 22:01:20,226 [pool-37-thread-1] INFO  server.RaftServerConfigKeys (ConfUtils.java:logGet(43)) - raft.server.storage.dir = [/workdir/hadoop-ozone/ozonefs/target/test-dir/MiniOzoneClusterImpl-ca11de5b-e8c1-48c0-9c71-bb1a3ae6d3ec/datanode-1/data/ratis] (custom)
2019-09-06 22:01:20,226 [pool-67-thread-1] INFO  impl.RaftServerImpl (RaftServerImpl.java:<init>(93)) - cabf754e-66c5-4603-8900-162c24b4db5c: new RaftServerImpl for group-CEE8014A79C1:[e4d22c93-acc0-432e-8ff6-ef453016530c:192.168.69.79:43075, 5a50aa92-2737-4252-bffb-c8f2124676ea:192.168.69.79:36465, cabf754e-66c5-4603-8900-162c24b4db5c:192.168.69.79:46375] with ContainerStateMachine:uninitialized
2019-09-06 22:01:20,226 [pool-67-thread-1] INFO  server.RaftServerConfigKeys (ConfUtils.java:logGet(43)) - raft.server.rpc.timeout.min = 5s (custom)
2019-09-06 22:01:20,226 [pool-37-thread-1] INFO  storage.RaftStorageDirectory (RaftStorageDirectory.java:analyzeStorage(246)) - The storage directory /workdir/hadoop-ozone/ozonefs/target/test-dir/MiniOzoneClusterImpl-ca11de5b-e8c1-48c0-9c71-bb1a3ae6d3ec/datanode-1/data/ratis/e337988f-3529-4eb5-8bce-cee8014a79c1 does not exist. Creating ...
2019-09-06 22:01:20,226 [pool-67-thread-1] INFO  server.RaftServerConfigKeys (ConfUtils.java:logGet(43)) - raft.server.rpc.timeout.max = 5200ms (custom)
2019-09-06 22:01:20,226 [pool-67-thread-1] INFO  server.RaftServerConfigKeys (ConfUtils.java:logGet(43)) - raft.server.rpcslowness.timeout = 120s (custom)
2019-09-06 22:01:20,227 [pool-67-thread-1] INFO  server.RaftServerConfigKeys (ConfUtils.java:logGet(43)) - raft.server.sleep.deviation.threshold = 300 (default)
2019-09-06 22:01:20,227 [pool-67-thread-1] INFO  server.RaftServerConfigKeys (ConfUtils.java:logGet(43)) - raft.server.log.appender.install.snapshot.enabled = false (custom)
2019-09-06 22:01:20,227 [pool-67-thread-1] INFO  impl.RaftServerImpl (ServerState.java:<init>(105)) - cabf754e-66c5-4603-8900-162c24b4db5c:group-CEE8014A79C1 ConfigurationManager, init=-1: [e4d22c93-acc0-432e-8ff6-ef453016530c:192.168.69.79:43075, 5a50aa92-2737-4252-bffb-c8f2124676ea:192.168.69.79:36465, cabf754e-66c5-4603-8900-162c24b4db5c:192.168.69.79:46375], old=null, confs=<EMPTY_MAP>
2019-09-06 22:01:20,227 [pool-67-thread-1] INFO  server.RaftServerConfigKeys (ConfUtils.java:logGet(43)) - raft.server.storage.dir = [/workdir/hadoop-ozone/ozonefs/target/test-dir/MiniOzoneClusterImpl-ca11de5b-e8c1-48c0-9c71-bb1a3ae6d3ec/datanode-4/data/ratis] (custom)
2019-09-06 22:01:20,228 [pool-67-thread-1] INFO  storage.RaftStorageDirectory (RaftStorageDirectory.java:analyzeStorage(246)) - The storage directory /workdir/hadoop-ozone/ozonefs/target/test-dir/MiniOzoneClusterImpl-ca11de5b-e8c1-48c0-9c71-bb1a3ae6d3ec/datanode-4/data/ratis/e337988f-3529-4eb5-8bce-cee8014a79c1 does not exist. Creating ...
2019-09-06 22:01:20,440 [RATISCREATEPIPELINE1] ERROR pipeline.RatisPipelineProvider (RatisPipelineProvider.java:lambda$null$5(236)) - Failed invoke Ratis rpc org.apache.hadoop.hdds.scm.pipeline.RatisPipelineProvider$$Lambda$172/1300682258@5507b814 for cabf754e-66c5-4603-8900-162c24b4db5c
org.apache.ratis.protocol.TimeoutIOException: deadline exceeded after 2996478698ns
	at org.apache.ratis.grpc.GrpcUtil.tryUnwrapException(GrpcUtil.java:82)
	at org.apache.ratis.grpc.GrpcUtil.unwrapException(GrpcUtil.java:75)
	at org.apache.ratis.grpc.client.GrpcClientProtocolClient.blockingCall(GrpcClientProtocolClient.java:169)
	at org.apache.ratis.grpc.client.GrpcClientProtocolClient.groupAdd(GrpcClientProtocolClient.java:138)
	at org.apache.ratis.grpc.client.GrpcClientRpc.sendRequest(GrpcClientRpc.java:94)
	at org.apache.ratis.client.impl.RaftClientImpl.sendRequest(RaftClientImpl.java:279)
	at org.apache.ratis.client.impl.RaftClientImpl.groupAdd(RaftClientImpl.java:206)
	at org.apache.hadoop.hdds.scm.pipeline.RatisPipelineProvider.lambda$initializePipeline$4(RatisPipelineProvider.java:195)
	at org.apache.hadoop.hdds.scm.pipeline.RatisPipelineProvider.lambda$null$5(RatisPipelineProvider.java:232)
	at java.util.stream.ForEachOps$ForEachOp$OfRef.accept(ForEachOps.java:184)
	at java.util.ArrayList$ArrayListSpliterator.forEachRemaining(ArrayList.java:1382)
	at java.util.stream.AbstractPipeline.copyInto(AbstractPipeline.java:482)
	at java.util.stream.ForEachOps$ForEachTask.compute(ForEachOps.java:291)
	at java.util.concurrent.CountedCompleter.exec(CountedCompleter.java:731)
	at java.util.concurrent.ForkJoinTask.doExec(ForkJoinTask.java:289)
	at java.util.concurrent.ForkJoinTask.doInvoke(ForkJoinTask.java:401)
	at java.util.concurrent.ForkJoinTask.invoke(ForkJoinTask.java:734)
	at java.util.stream.ForEachOps$ForEachOp.evaluateParallel(ForEachOps.java:160)
	at java.util.stream.ForEachOps$ForEachOp$OfRef.evaluateParallel(ForEachOps.java:174)
	at java.util.stream.AbstractPipeline.evaluate(AbstractPipeline.java:233)
	at java.util.stream.ReferencePipeline.forEach(ReferencePipeline.java:418)
	at java.util.stream.ReferencePipeline$Head.forEach(ReferencePipeline.java:583)
	at org.apache.hadoop.hdds.scm.pipeline.RatisPipelineProvider.lambda$callRatisRpc$6(RatisPipelineProvider.java:226)
	at java.util.concurrent.ForkJoinTask$AdaptedRunnableAction.exec(ForkJoinTask.java:1386)
	at java.util.concurrent.ForkJoinTask.doExec(ForkJoinTask.java:289)
	at java.util.concurrent.ForkJoinPool$WorkQueue.runTask(ForkJoinPool.java:1056)
	at java.util.concurrent.ForkJoinPool.runWorker(ForkJoinPool.java:1692)
	at java.util.concurrent.ForkJoinWorkerThread.run(ForkJoinWorkerThread.java:157)
Caused by: org.apache.ratis.thirdparty.io.grpc.StatusRuntimeException: DEADLINE_EXCEEDED: deadline exceeded after 2996478698ns
	at org.apache.ratis.thirdparty.io.grpc.stub.ClientCalls.toStatusRuntimeException(ClientCalls.java:233)
	at org.apache.ratis.thirdparty.io.grpc.stub.ClientCalls.getUnchecked(ClientCalls.java:214)
	at org.apache.ratis.thirdparty.io.grpc.stub.ClientCalls.blockingUnaryCall(ClientCalls.java:139)
	at org.apache.ratis.proto.grpc.AdminProtocolServiceGrpc$AdminProtocolServiceBlockingStub.groupManagement(AdminProtocolServiceGrpc.java:274)
	at org.apache.ratis.grpc.client.GrpcClientProtocolClient.lambda$groupAdd$3(GrpcClientProtocolClient.java:140)
	at org.apache.ratis.grpc.client.GrpcClientProtocolClient.blockingCall(GrpcClientProtocolClient.java:167)
	... 25 more
2019-09-06 22:01:20,440 [RATISCREATEPIPELINE3] ERROR pipeline.RatisPipelineProvider (RatisPipelineProvider.java:lambda$null$5(236)) - Failed invoke Ratis rpc org.apache.hadoop.hdds.scm.pipeline.RatisPipelineProvider$$Lambda$172/1300682258@5507b814 for e4d22c93-acc0-432e-8ff6-ef453016530c
org.apache.ratis.protocol.TimeoutIOException: deadline exceeded after 2996505757ns
	at org.apache.ratis.grpc.GrpcUtil.tryUnwrapException(GrpcUtil.java:82)
	at org.apache.ratis.grpc.GrpcUtil.unwrapException(GrpcUtil.java:75)
	at org.apache.ratis.grpc.client.GrpcClientProtocolClient.blockingCall(GrpcClientProtocolClient.java:169)
	at org.apache.ratis.grpc.client.GrpcClientProtocolClient.groupAdd(GrpcClientProtocolClient.java:138)
	at org.apache.ratis.grpc.client.GrpcClientRpc.sendRequest(GrpcClientRpc.java:94)
	at org.apache.ratis.client.impl.RaftClientImpl.sendRequest(RaftClientImpl.java:279)
	at org.apache.ratis.client.impl.RaftClientImpl.groupAdd(RaftClientImpl.java:206)
	at org.apache.hadoop.hdds.scm.pipeline.RatisPipelineProvider.lambda$initializePipeline$4(RatisPipelineProvider.java:195)
	at org.apache.hadoop.hdds.scm.pipeline.RatisPipelineProvider.lambda$null$5(RatisPipelineProvider.java:232)
	at java.util.stream.ForEachOps$ForEachOp$OfRef.accept(ForEachOps.java:184)
	at java.util.ArrayList$ArrayListSpliterator.forEachRemaining(ArrayList.java:1382)
	at java.util.stream.AbstractPipeline.copyInto(AbstractPipeline.java:482)
	at java.util.stream.ForEachOps$ForEachTask.compute(ForEachOps.java:291)
	at java.util.concurrent.CountedCompleter.exec(CountedCompleter.java:731)
	at java.util.concurrent.ForkJoinTask.doExec(ForkJoinTask.java:289)
	at java.util.concurrent.ForkJoinPool$WorkQueue.runTask(ForkJoinPool.java:1056)
	at java.util.concurrent.ForkJoinPool.runWorker(ForkJoinPool.java:1692)
	at java.util.concurrent.ForkJoinWorkerThread.run(ForkJoinWorkerThread.java:157)
Caused by: org.apache.ratis.thirdparty.io.grpc.StatusRuntimeException: DEADLINE_EXCEEDED: deadline exceeded after 2996505757ns
	at org.apache.ratis.thirdparty.io.grpc.stub.ClientCalls.toStatusRuntimeException(ClientCalls.java:233)
	at org.apache.ratis.thirdparty.io.grpc.stub.ClientCalls.getUnchecked(ClientCalls.java:214)
	at org.apache.ratis.thirdparty.io.grpc.stub.ClientCalls.blockingUnaryCall(ClientCalls.java:139)
	at org.apache.ratis.proto.grpc.AdminProtocolServiceGrpc$AdminProtocolServiceBlockingStub.groupManagement(AdminProtocolServiceGrpc.java:274)
	at org.apache.ratis.grpc.client.GrpcClientProtocolClient.lambda$groupAdd$3(GrpcClientProtocolClient.java:140)
	at org.apache.ratis.grpc.client.GrpcClientProtocolClient.blockingCall(GrpcClientProtocolClient.java:167)
	... 15 more
2019-09-06 22:01:20,441 [RATISCREATEPIPELINE2] ERROR pipeline.RatisPipelineProvider (RatisPipelineProvider.java:lambda$null$5(236)) - Failed invoke Ratis rpc org.apache.hadoop.hdds.scm.pipeline.RatisPipelineProvider$$Lambda$172/1300682258@5507b814 for 5a50aa92-2737-4252-bffb-c8f2124676ea
org.apache.ratis.protocol.TimeoutIOException: deadline exceeded after 2999745059ns
	at org.apache.ratis.grpc.GrpcUtil.tryUnwrapException(GrpcUtil.java:82)
	at org.apache.ratis.grpc.GrpcUtil.unwrapException(GrpcUtil.java:75)
	at org.apache.ratis.grpc.client.GrpcClientProtocolClient.blockingCall(GrpcClientProtocolClient.java:169)
	at org.apache.ratis.grpc.client.GrpcClientProtocolClient.groupAdd(GrpcClientProtocolClient.java:138)
	at org.apache.ratis.grpc.client.GrpcClientRpc.sendRequest(GrpcClientRpc.java:94)
	at org.apache.ratis.client.impl.RaftClientImpl.sendRequest(RaftClientImpl.java:279)
	at org.apache.ratis.client.impl.RaftClientImpl.groupAdd(RaftClientImpl.java:206)
	at org.apache.hadoop.hdds.scm.pipeline.RatisPipelineProvider.lambda$initializePipeline$4(RatisPipelineProvider.java:195)
	at org.apache.hadoop.hdds.scm.pipeline.RatisPipelineProvider.lambda$null$5(RatisPipelineProvider.java:232)
	at java.util.stream.ForEachOps$ForEachOp$OfRef.accept(ForEachOps.java:184)
	at java.util.ArrayList$ArrayListSpliterator.forEachRemaining(ArrayList.java:1382)
	at java.util.stream.AbstractPipeline.copyInto(AbstractPipeline.java:482)
	at java.util.stream.ForEachOps$ForEachTask.compute(ForEachOps.java:291)
	at java.util.concurrent.CountedCompleter.exec(CountedCompleter.java:731)
	at java.util.concurrent.ForkJoinTask.doExec(ForkJoinTask.java:289)
	at java.util.concurrent.ForkJoinPool$WorkQueue.runTask(ForkJoinPool.java:1056)
	at java.util.concurrent.ForkJoinPool.runWorker(ForkJoinPool.java:1692)
	at java.util.concurrent.ForkJoinWorkerThread.run(ForkJoinWorkerThread.java:157)
Caused by: org.apache.ratis.thirdparty.io.grpc.StatusRuntimeException: DEADLINE_EXCEEDED: deadline exceeded after 2999745059ns
	at org.apache.ratis.thirdparty.io.grpc.stub.ClientCalls.toStatusRuntimeException(ClientCalls.java:233)
	at org.apache.ratis.thirdparty.io.grpc.stub.ClientCalls.getUnchecked(ClientCalls.java:214)
	at org.apache.ratis.thirdparty.io.grpc.stub.ClientCalls.blockingUnaryCall(ClientCalls.java:139)
	at org.apache.ratis.proto.grpc.AdminProtocolServiceGrpc$AdminProtocolServiceBlockingStub.groupManagement(AdminProtocolServiceGrpc.java:274)
	at org.apache.ratis.grpc.client.GrpcClientProtocolClient.lambda$groupAdd$3(GrpcClientProtocolClient.java:140)
	at org.apache.ratis.grpc.client.GrpcClientProtocolClient.blockingCall(GrpcClientProtocolClient.java:167)
	... 15 more
2019-09-06 22:01:20,445 [IPC Server handler 10 on 34478] WARN  block.BlockManagerImpl (BlockManagerImpl.java:allocateBlock(192)) - Pipeline creation failed for type:RATIS factor:THREE. Retrying get pipelines call once.
org.apache.hadoop.io.MultipleIOException: 3 exceptions [java.io.IOException: Failed invoke Ratis rpc org.apache.hadoop.hdds.scm.pipeline.RatisPipelineProvider$$Lambda$172/1300682258@5507b814 for cabf754e-66c5-4603-8900-162c24b4db5c, java.io.IOException: Failed invoke Ratis rpc org.apache.hadoop.hdds.scm.pipeline.RatisPipelineProvider$$Lambda$172/1300682258@5507b814 for e4d22c93-acc0-432e-8ff6-ef453016530c, java.io.IOException: Failed invoke Ratis rpc org.apache.hadoop.hdds.scm.pipeline.RatisPipelineProvider$$Lambda$172/1300682258@5507b814 for 5a50aa92-2737-4252-bffb-c8f2124676ea]
	at org.apache.hadoop.io.MultipleIOException.createIOException(MultipleIOException.java:53)
	at org.apache.hadoop.hdds.scm.pipeline.RatisPipelineProvider.callRatisRpc(RatisPipelineProvider.java:252)
	at org.apache.hadoop.hdds.scm.pipeline.RatisPipelineProvider.initializePipeline(RatisPipelineProvider.java:193)
	at org.apache.hadoop.hdds.scm.pipeline.RatisPipelineProvider.create(RatisPipelineProvider.java:162)
	at org.apache.hadoop.hdds.scm.pipeline.PipelineFactory.create(PipelineFactory.java:57)
	at org.apache.hadoop.hdds.scm.pipeline.SCMPipelineManager.createPipeline(SCMPipelineManager.java:151)
	at org.apache.hadoop.hdds.scm.block.BlockManagerImpl.allocateBlock(BlockManagerImpl.java:190)
	at org.apache.hadoop.hdds.scm.server.SCMBlockProtocolServer.allocateBlock(SCMBlockProtocolServer.java:182)
	at org.apache.hadoop.ozone.protocolPB.ScmBlockLocationProtocolServerSideTranslatorPB.allocateScmBlock(ScmBlockLocationProtocolServerSideTranslatorPB.java:183)
	at org.apache.hadoop.ozone.protocolPB.ScmBlockLocationProtocolServerSideTranslatorPB.processMessage(ScmBlockLocationProtocolServerSideTranslatorPB.java:141)
	at org.apache.hadoop.ozone.protocolPB.ScmBlockLocationProtocolServerSideTranslatorPB.send(ScmBlockLocationProtocolServerSideTranslatorPB.java:116)
	at org.apache.hadoop.hdds.protocol.proto.ScmBlockLocationProtocolProtos$ScmBlockLocationProtocolService$2.callBlockingMethod(ScmBlockLocationProtocolProtos.java:13157)
	at org.apache.hadoop.ipc.ProtobufRpcEngine$Server$ProtoBufRpcInvoker.call(ProtobufRpcEngine.java:524)
	at org.apache.hadoop.ipc.RPC$Server.call(RPC.java:1025)
	at org.apache.hadoop.ipc.Server$RpcCall.run(Server.java:876)
	at org.apache.hadoop.ipc.Server$RpcCall.run(Server.java:822)
	at java.security.AccessController.doPrivileged(Native Method)
	at javax.security.auth.Subject.doAs(Subject.java:422)
	at org.apache.hadoop.security.UserGroupInformation.doAs(UserGroupInformation.java:1730)
	at org.apache.hadoop.ipc.Server$Handler.run(Server.java:2682)
2019-09-06 22:01:20,445 [IPC Server handler 10 on 34478] INFO  block.BlockManagerImpl (BlockManagerImpl.java:allocateBlock(198)) - Could not find available pipeline of type:RATIS and factor:THREE even after retrying
2019-09-06 22:01:20,446 [IPC Server handler 10 on 34478] ERROR block.BlockManagerImpl (BlockManagerImpl.java:allocateBlock(222)) - Unable to allocate a block for the size: 4194304, type: RATIS, factor: THREE
]]></system-out>
  </testcase>
  <testcase name="testReadNullBuffer" classname="org.apache.hadoop.fs.ozone.contract.ITestOzoneContractSeek" time="3.878">
    <error message="Allocated 0 blocks. Requested 1 blocks" type="INTERNAL_ERROR org.apache.hadoop.ozone.om.exceptions.OMException">INTERNAL_ERROR org.apache.hadoop.ozone.om.exceptions.OMException: Allocated 0 blocks. Requested 1 blocks
	at org.apache.hadoop.ozone.om.protocolPB.OzoneManagerProtocolClientSideTranslatorPB.handleError(OzoneManagerProtocolClientSideTranslatorPB.java:725)
	at org.apache.hadoop.ozone.om.protocolPB.OzoneManagerProtocolClientSideTranslatorPB.createFile(OzoneManagerProtocolClientSideTranslatorPB.java:1474)
	at org.apache.hadoop.ozone.client.rpc.RpcClient.createFile(RpcClient.java:984)
	at org.apache.hadoop.ozone.client.OzoneBucket.createFile(OzoneBucket.java:537)
	at org.apache.hadoop.fs.ozone.BasicOzoneClientAdapterImpl.createFile(BasicOzoneClientAdapterImpl.java:181)
	at org.apache.hadoop.fs.ozone.BasicOzoneFileSystem.createOutputStream(BasicOzoneFileSystem.java:249)
	at org.apache.hadoop.fs.ozone.BasicOzoneFileSystem.create(BasicOzoneFileSystem.java:230)
	at org.apache.hadoop.fs.FileSystem.create(FileSystem.java:1118)
	at org.apache.hadoop.fs.FileSystem.create(FileSystem.java:1098)
	at org.apache.hadoop.fs.FileSystem.create(FileSystem.java:987)
	at org.apache.hadoop.fs.contract.ContractTestUtils.createFile(ContractTestUtils.java:633)
	at org.apache.hadoop.fs.contract.AbstractContractSeekTest.setup(AbstractContractSeekTest.java:64)
	at sun.reflect.NativeMethodAccessorImpl.invoke0(Native Method)
	at sun.reflect.NativeMethodAccessorImpl.invoke(NativeMethodAccessorImpl.java:62)
	at sun.reflect.DelegatingMethodAccessorImpl.invoke(DelegatingMethodAccessorImpl.java:43)
	at java.lang.reflect.Method.invoke(Method.java:498)
	at org.junit.runners.model.FrameworkMethod$1.runReflectiveCall(FrameworkMethod.java:47)
	at org.junit.internal.runners.model.ReflectiveCallable.run(ReflectiveCallable.java:12)
	at org.junit.runners.model.FrameworkMethod.invokeExplosively(FrameworkMethod.java:44)
	at org.junit.internal.runners.statements.RunBefores.evaluate(RunBefores.java:24)
	at org.junit.internal.runners.statements.RunAfters.evaluate(RunAfters.java:27)
	at org.junit.rules.TestWatcher$1.evaluate(TestWatcher.java:55)
	at org.junit.internal.runners.statements.FailOnTimeout$StatementThread.run(FailOnTimeout.java:74)
</error>
    <system-out><![CDATA[2019-09-06 22:01:20,514 [Thread-385] INFO  rpc.RpcClient (RpcClient.java:createVolume(293)) - Creating Volume: volume90666, with user20182 as owner.
2019-09-06 22:01:20,516 [IPC Server handler 8 on 36227] INFO  volume.OMVolumeCreateRequest (OMVolumeCreateRequest.java:validateAndUpdateCache(189)) - created volume:volume90666 for user:user20182
2019-09-06 22:01:20,519 [Thread-385] INFO  rpc.RpcClient (RpcClient.java:createBucket(432)) - Creating Bucket: volume90666/bucket49789, with Versioning false and Storage Type set to DISK and Encryption set to false 
2019-09-06 22:01:20,573 [Thread-385] INFO  contract.AbstractFSContractTestBase (AbstractFSContractTestBase.java:setup(184)) - Test filesystem = o3fs://bucket49789.volume90666 implemented by OzoneFileSystem{URI=o3fs://bucket49789.volume90666, workingDir=o3fs://bucket49789.volume90666/user/jenkins1000, userName=jenkins1000, statistics=0 bytes read, 0 bytes written, 33 read ops, 0 large read ops, 22 write ops}
2019-09-06 22:01:20,594 [grpc-default-executor-0] INFO  impl.RaftServerProxy (RaftServerProxy.java:addNew(89)) - cabf754e-66c5-4603-8900-162c24b4db5c: addNew group-ECC777A1BB17:[e4d22c93-acc0-432e-8ff6-ef453016530c:192.168.69.79:43075, 5a50aa92-2737-4252-bffb-c8f2124676ea:192.168.69.79:36465, cabf754e-66c5-4603-8900-162c24b4db5c:192.168.69.79:46375] returns group-ECC777A1BB17:java.util.concurrent.CompletableFuture@2ff1412a[Not completed]
2019-09-06 22:01:20,594 [grpc-default-executor-5] INFO  impl.RaftServerProxy (RaftServerProxy.java:addNew(89)) - e4d22c93-acc0-432e-8ff6-ef453016530c: addNew group-ECC777A1BB17:[e4d22c93-acc0-432e-8ff6-ef453016530c:192.168.69.79:43075, 5a50aa92-2737-4252-bffb-c8f2124676ea:192.168.69.79:36465, cabf754e-66c5-4603-8900-162c24b4db5c:192.168.69.79:46375] returns group-ECC777A1BB17:java.util.concurrent.CompletableFuture@177006c8[Not completed]
2019-09-06 22:01:20,594 [grpc-default-executor-4] INFO  impl.RaftServerProxy (RaftServerProxy.java:addNew(89)) - 5a50aa92-2737-4252-bffb-c8f2124676ea: addNew group-ECC777A1BB17:[e4d22c93-acc0-432e-8ff6-ef453016530c:192.168.69.79:43075, 5a50aa92-2737-4252-bffb-c8f2124676ea:192.168.69.79:36465, cabf754e-66c5-4603-8900-162c24b4db5c:192.168.69.79:46375] returns group-ECC777A1BB17:java.util.concurrent.CompletableFuture@3d6fa151[Not completed]
2019-09-06 22:01:20,981 [pool-37-thread-1] INFO  storage.RaftStorageDirectory (RaftStorageDirectory.java:tryLock(328)) - Lock on /workdir/hadoop-ozone/ozonefs/target/test-dir/MiniOzoneClusterImpl-ca11de5b-e8c1-48c0-9c71-bb1a3ae6d3ec/datanode-1/data/ratis/e337988f-3529-4eb5-8bce-cee8014a79c1/in_use.lock acquired by nodename 3576@pr-hdds-2087-j7wfl-3989464410
2019-09-06 22:01:20,981 [pool-67-thread-1] INFO  storage.RaftStorageDirectory (RaftStorageDirectory.java:tryLock(328)) - Lock on /workdir/hadoop-ozone/ozonefs/target/test-dir/MiniOzoneClusterImpl-ca11de5b-e8c1-48c0-9c71-bb1a3ae6d3ec/datanode-4/data/ratis/e337988f-3529-4eb5-8bce-cee8014a79c1/in_use.lock acquired by nodename 3576@pr-hdds-2087-j7wfl-3989464410
2019-09-06 22:01:20,981 [pool-47-thread-1] INFO  storage.RaftStorageDirectory (RaftStorageDirectory.java:tryLock(328)) - Lock on /workdir/hadoop-ozone/ozonefs/target/test-dir/MiniOzoneClusterImpl-ca11de5b-e8c1-48c0-9c71-bb1a3ae6d3ec/datanode-2/data/ratis/e337988f-3529-4eb5-8bce-cee8014a79c1/in_use.lock acquired by nodename 3576@pr-hdds-2087-j7wfl-3989464410
2019-09-06 22:01:22,452 [Thread-332] INFO  impl.FollowerState (FollowerState.java:run(106)) - cabf754e-66c5-4603-8900-162c24b4db5c:group-677E93E50466 changes to CANDIDATE, lastRpcTime:5042, electionTimeout:5042ms
2019-09-06 22:01:22,453 [Thread-332] INFO  impl.RoleInfo (RoleInfo.java:shutdownFollowerState(121)) - cabf754e-66c5-4603-8900-162c24b4db5c: shutdown FollowerState
2019-09-06 22:01:22,453 [Thread-332] INFO  impl.RaftServerImpl (RaftServerImpl.java:setRole(171)) - cabf754e-66c5-4603-8900-162c24b4db5c:group-677E93E50466 changes role from FOLLOWER to CANDIDATE at term 2 for changeToCandidate
2019-09-06 22:01:22,453 [Thread-332] INFO  impl.RoleInfo (RoleInfo.java:updateAndGet(143)) - cabf754e-66c5-4603-8900-162c24b4db5c: start LeaderElection
2019-09-06 22:01:22,526 [Thread-333] INFO  impl.FollowerState (FollowerState.java:run(106)) - e4d22c93-acc0-432e-8ff6-ef453016530c:group-677E93E50466 changes to CANDIDATE, lastRpcTime:5116, electionTimeout:5116ms
2019-09-06 22:01:22,527 [Thread-333] INFO  impl.RoleInfo (RoleInfo.java:shutdownFollowerState(121)) - e4d22c93-acc0-432e-8ff6-ef453016530c: shutdown FollowerState
2019-09-06 22:01:22,527 [Thread-333] INFO  impl.RaftServerImpl (RaftServerImpl.java:setRole(171)) - e4d22c93-acc0-432e-8ff6-ef453016530c:group-677E93E50466 changes role from FOLLOWER to CANDIDATE at term 2 for changeToCandidate
2019-09-06 22:01:22,527 [Thread-333] INFO  impl.RoleInfo (RoleInfo.java:updateAndGet(143)) - e4d22c93-acc0-432e-8ff6-ef453016530c: start LeaderElection
2019-09-06 22:01:22,534 [Thread-331] INFO  impl.FollowerState (FollowerState.java:run(106)) - 5a50aa92-2737-4252-bffb-c8f2124676ea:group-677E93E50466 changes to CANDIDATE, lastRpcTime:5131, electionTimeout:5130ms
2019-09-06 22:01:22,534 [Thread-331] INFO  impl.RoleInfo (RoleInfo.java:shutdownFollowerState(121)) - 5a50aa92-2737-4252-bffb-c8f2124676ea: shutdown FollowerState
2019-09-06 22:01:22,534 [Thread-331] INFO  impl.RaftServerImpl (RaftServerImpl.java:setRole(171)) - 5a50aa92-2737-4252-bffb-c8f2124676ea:group-677E93E50466 changes role from FOLLOWER to CANDIDATE at term 2 for changeToCandidate
2019-09-06 22:01:22,534 [Thread-331] INFO  impl.RoleInfo (RoleInfo.java:updateAndGet(143)) - 5a50aa92-2737-4252-bffb-c8f2124676ea: start LeaderElection
2019-09-06 22:01:22,742 [Thread-343] INFO  impl.FollowerState (FollowerState.java:run(106)) - cabf754e-66c5-4603-8900-162c24b4db5c:group-D4E0ABFCC08D changes to CANDIDATE, lastRpcTime:5002, electionTimeout:5002ms
2019-09-06 22:01:22,742 [Thread-343] INFO  impl.RoleInfo (RoleInfo.java:shutdownFollowerState(121)) - cabf754e-66c5-4603-8900-162c24b4db5c: shutdown FollowerState
2019-09-06 22:01:22,742 [Thread-343] INFO  impl.RaftServerImpl (RaftServerImpl.java:setRole(171)) - cabf754e-66c5-4603-8900-162c24b4db5c:group-D4E0ABFCC08D changes role from FOLLOWER to CANDIDATE at term 0 for changeToCandidate
2019-09-06 22:01:22,743 [Thread-343] INFO  impl.RoleInfo (RoleInfo.java:updateAndGet(143)) - cabf754e-66c5-4603-8900-162c24b4db5c: start LeaderElection
2019-09-06 22:01:22,756 [Thread-341] INFO  impl.FollowerState (FollowerState.java:run(106)) - 5a50aa92-2737-4252-bffb-c8f2124676ea:group-5288F7BADA5A changes to CANDIDATE, lastRpcTime:5020, electionTimeout:5020ms
2019-09-06 22:01:22,756 [Thread-341] INFO  impl.RoleInfo (RoleInfo.java:shutdownFollowerState(121)) - 5a50aa92-2737-4252-bffb-c8f2124676ea: shutdown FollowerState
2019-09-06 22:01:22,756 [Thread-341] INFO  impl.RaftServerImpl (RaftServerImpl.java:setRole(171)) - 5a50aa92-2737-4252-bffb-c8f2124676ea:group-5288F7BADA5A changes role from FOLLOWER to CANDIDATE at term 1 for changeToCandidate
2019-09-06 22:01:22,756 [Thread-341] INFO  impl.RoleInfo (RoleInfo.java:updateAndGet(143)) - 5a50aa92-2737-4252-bffb-c8f2124676ea: start LeaderElection
2019-09-06 22:01:22,782 [Thread-356] INFO  impl.FollowerState (FollowerState.java:run(106)) - 5a50aa92-2737-4252-bffb-c8f2124676ea:group-2472C3280719 changes to CANDIDATE, lastRpcTime:5037, electionTimeout:5037ms
2019-09-06 22:01:22,783 [Thread-353] INFO  impl.FollowerState (FollowerState.java:run(106)) - e4d22c93-acc0-432e-8ff6-ef453016530c:group-2472C3280719 changes to CANDIDATE, lastRpcTime:5038, electionTimeout:5038ms
2019-09-06 22:01:22,783 [Thread-356] INFO  impl.RoleInfo (RoleInfo.java:shutdownFollowerState(121)) - 5a50aa92-2737-4252-bffb-c8f2124676ea: shutdown FollowerState
2019-09-06 22:01:22,783 [Thread-353] INFO  impl.RoleInfo (RoleInfo.java:shutdownFollowerState(121)) - e4d22c93-acc0-432e-8ff6-ef453016530c: shutdown FollowerState
2019-09-06 22:01:22,783 [Thread-356] INFO  impl.RaftServerImpl (RaftServerImpl.java:setRole(171)) - 5a50aa92-2737-4252-bffb-c8f2124676ea:group-2472C3280719 changes role from FOLLOWER to CANDIDATE at term 0 for changeToCandidate
2019-09-06 22:01:22,783 [Thread-353] INFO  impl.RaftServerImpl (RaftServerImpl.java:setRole(171)) - e4d22c93-acc0-432e-8ff6-ef453016530c:group-2472C3280719 changes role from FOLLOWER to CANDIDATE at term 0 for changeToCandidate
2019-09-06 22:01:22,783 [Thread-356] INFO  impl.RoleInfo (RoleInfo.java:updateAndGet(143)) - 5a50aa92-2737-4252-bffb-c8f2124676ea: start LeaderElection
2019-09-06 22:01:22,783 [Thread-353] INFO  impl.RoleInfo (RoleInfo.java:updateAndGet(143)) - e4d22c93-acc0-432e-8ff6-ef453016530c: start LeaderElection
2019-09-06 22:01:22,827 [Thread-346] INFO  impl.FollowerState (FollowerState.java:run(106)) - cabf754e-66c5-4603-8900-162c24b4db5c:group-2472C3280719 changes to CANDIDATE, lastRpcTime:5085, electionTimeout:5085ms
2019-09-06 22:01:22,827 [Thread-346] INFO  impl.RoleInfo (RoleInfo.java:shutdownFollowerState(121)) - cabf754e-66c5-4603-8900-162c24b4db5c: shutdown FollowerState
2019-09-06 22:01:22,827 [Thread-346] INFO  impl.RaftServerImpl (RaftServerImpl.java:setRole(171)) - cabf754e-66c5-4603-8900-162c24b4db5c:group-2472C3280719 changes role from FOLLOWER to CANDIDATE at term 0 for changeToCandidate
2019-09-06 22:01:22,827 [Thread-346] INFO  impl.RoleInfo (RoleInfo.java:updateAndGet(143)) - cabf754e-66c5-4603-8900-162c24b4db5c: start LeaderElection
2019-09-06 22:01:22,849 [Thread-350] INFO  impl.FollowerState (FollowerState.java:run(106)) - e4d22c93-acc0-432e-8ff6-ef453016530c:group-D4E0ABFCC08D changes to CANDIDATE, lastRpcTime:5106, electionTimeout:5106ms
2019-09-06 22:01:22,849 [Thread-350] INFO  impl.RoleInfo (RoleInfo.java:shutdownFollowerState(121)) - e4d22c93-acc0-432e-8ff6-ef453016530c: shutdown FollowerState
2019-09-06 22:01:22,849 [Thread-350] INFO  impl.RaftServerImpl (RaftServerImpl.java:setRole(171)) - e4d22c93-acc0-432e-8ff6-ef453016530c:group-D4E0ABFCC08D changes role from FOLLOWER to CANDIDATE at term 0 for changeToCandidate
2019-09-06 22:01:22,850 [Thread-350] INFO  impl.RoleInfo (RoleInfo.java:updateAndGet(143)) - e4d22c93-acc0-432e-8ff6-ef453016530c: start LeaderElection
2019-09-06 22:01:22,861 [Thread-344] INFO  impl.FollowerState (FollowerState.java:run(106)) - e4d22c93-acc0-432e-8ff6-ef453016530c:group-5288F7BADA5A changes to CANDIDATE, lastRpcTime:5121, electionTimeout:5121ms
2019-09-06 22:01:22,861 [Thread-344] INFO  impl.RoleInfo (RoleInfo.java:shutdownFollowerState(121)) - e4d22c93-acc0-432e-8ff6-ef453016530c: shutdown FollowerState
2019-09-06 22:01:22,861 [Thread-344] INFO  impl.RaftServerImpl (RaftServerImpl.java:setRole(171)) - e4d22c93-acc0-432e-8ff6-ef453016530c:group-5288F7BADA5A changes role from FOLLOWER to CANDIDATE at term 1 for changeToCandidate
2019-09-06 22:01:22,861 [Thread-344] INFO  impl.RoleInfo (RoleInfo.java:updateAndGet(143)) - e4d22c93-acc0-432e-8ff6-ef453016530c: start LeaderElection
2019-09-06 22:01:22,913 [Thread-351] INFO  impl.FollowerState (FollowerState.java:run(106)) - 5a50aa92-2737-4252-bffb-c8f2124676ea:group-D4E0ABFCC08D changes to CANDIDATE, lastRpcTime:5169, electionTimeout:5169ms
2019-09-06 22:01:22,913 [Thread-351] INFO  impl.RoleInfo (RoleInfo.java:shutdownFollowerState(121)) - 5a50aa92-2737-4252-bffb-c8f2124676ea: shutdown FollowerState
2019-09-06 22:01:22,913 [Thread-351] INFO  impl.RaftServerImpl (RaftServerImpl.java:setRole(171)) - 5a50aa92-2737-4252-bffb-c8f2124676ea:group-D4E0ABFCC08D changes role from FOLLOWER to CANDIDATE at term 0 for changeToCandidate
2019-09-06 22:01:22,913 [Thread-351] INFO  impl.RoleInfo (RoleInfo.java:updateAndGet(143)) - 5a50aa92-2737-4252-bffb-c8f2124676ea: start LeaderElection
2019-09-06 22:01:22,927 [Thread-340] INFO  impl.FollowerState (FollowerState.java:run(106)) - cabf754e-66c5-4603-8900-162c24b4db5c:group-5288F7BADA5A changes to CANDIDATE, lastRpcTime:5196, electionTimeout:5181ms
2019-09-06 22:01:22,928 [Thread-340] INFO  impl.RoleInfo (RoleInfo.java:shutdownFollowerState(121)) - cabf754e-66c5-4603-8900-162c24b4db5c: shutdown FollowerState
2019-09-06 22:01:22,928 [Thread-340] INFO  impl.RaftServerImpl (RaftServerImpl.java:setRole(171)) - cabf754e-66c5-4603-8900-162c24b4db5c:group-5288F7BADA5A changes role from FOLLOWER to CANDIDATE at term 1 for changeToCandidate
2019-09-06 22:01:22,928 [Thread-340] INFO  impl.RoleInfo (RoleInfo.java:updateAndGet(143)) - cabf754e-66c5-4603-8900-162c24b4db5c: start LeaderElection
2019-09-06 22:01:23,110 [pool-37-thread-1] INFO  storage.RaftStorage (RaftStorage.java:format(72)) - Storage directory /workdir/hadoop-ozone/ozonefs/target/test-dir/MiniOzoneClusterImpl-ca11de5b-e8c1-48c0-9c71-bb1a3ae6d3ec/datanode-1/data/ratis/e337988f-3529-4eb5-8bce-cee8014a79c1 has been successfully formatted.
2019-09-06 22:01:23,110 [pool-67-thread-1] INFO  storage.RaftStorage (RaftStorage.java:format(72)) - Storage directory /workdir/hadoop-ozone/ozonefs/target/test-dir/MiniOzoneClusterImpl-ca11de5b-e8c1-48c0-9c71-bb1a3ae6d3ec/datanode-4/data/ratis/e337988f-3529-4eb5-8bce-cee8014a79c1 has been successfully formatted.
2019-09-06 22:01:23,110 [pool-47-thread-1] INFO  storage.RaftStorage (RaftStorage.java:format(72)) - Storage directory /workdir/hadoop-ozone/ozonefs/target/test-dir/MiniOzoneClusterImpl-ca11de5b-e8c1-48c0-9c71-bb1a3ae6d3ec/datanode-2/data/ratis/e337988f-3529-4eb5-8bce-cee8014a79c1 has been successfully formatted.
2019-09-06 22:01:23,110 [pool-37-thread-1] INFO  ratis.ContainerStateMachine (ContainerStateMachine.java:loadSnapshot(227)) - group-CEE8014A79C1: The snapshot info is null. Setting the last applied indexto:(t:0, i:~)
2019-09-06 22:01:23,110 [pool-47-thread-1] INFO  ratis.ContainerStateMachine (ContainerStateMachine.java:loadSnapshot(227)) - group-CEE8014A79C1: The snapshot info is null. Setting the last applied indexto:(t:0, i:~)
2019-09-06 22:01:23,110 [pool-67-thread-1] INFO  ratis.ContainerStateMachine (ContainerStateMachine.java:loadSnapshot(227)) - group-CEE8014A79C1: The snapshot info is null. Setting the last applied indexto:(t:0, i:~)
2019-09-06 22:01:23,111 [pool-47-thread-1] INFO  server.RaftServerConfigKeys (ConfUtils.java:logGet(43)) - raft.server.leader.election.timeout = 120s (custom)
2019-09-06 22:01:23,111 [pool-37-thread-1] INFO  server.RaftServerConfigKeys (ConfUtils.java:logGet(43)) - raft.server.leader.election.timeout = 120s (custom)
2019-09-06 22:01:23,111 [pool-47-thread-1] INFO  server.RaftServerConfigKeys (ConfUtils.java:logGet(43)) - raft.server.log.use.memory = false (default)
2019-09-06 22:01:23,111 [pool-67-thread-1] INFO  server.RaftServerConfigKeys (ConfUtils.java:logGet(43)) - raft.server.leader.election.timeout = 120s (custom)
2019-09-06 22:01:23,111 [pool-47-thread-1] INFO  server.RaftServerConfigKeys (ConfUtils.java:logGet(43)) - raft.server.log.purge.gap = 1000000 (custom)
2019-09-06 22:01:23,111 [pool-37-thread-1] INFO  server.RaftServerConfigKeys (ConfUtils.java:logGet(43)) - raft.server.log.use.memory = false (default)
2019-09-06 22:01:23,112 [pool-47-thread-1] INFO  server.RaftServerConfigKeys (ConfUtils.java:logGet(43)) - raft.server.log.appender.buffer.byte-limit = 33554432 (custom)
2019-09-06 22:01:23,112 [pool-67-thread-1] INFO  server.RaftServerConfigKeys (ConfUtils.java:logGet(43)) - raft.server.log.use.memory = false (default)
2019-09-06 22:01:23,112 [pool-47-thread-1] INFO  server.RaftServerConfigKeys (ConfUtils.java:logGet(43)) - raft.server.log.segment.size.max = 1048576 (custom)
2019-09-06 22:01:23,112 [pool-37-thread-1] INFO  server.RaftServerConfigKeys (ConfUtils.java:logGet(43)) - raft.server.log.purge.gap = 1000000 (custom)
2019-09-06 22:01:23,112 [pool-47-thread-1] INFO  server.RaftServerConfigKeys (ConfUtils.java:logGet(43)) - raft.server.log.segment.cache.num.max = 2 (custom)
2019-09-06 22:01:23,112 [pool-67-thread-1] INFO  server.RaftServerConfigKeys (ConfUtils.java:logGet(43)) - raft.server.log.purge.gap = 1000000 (custom)
2019-09-06 22:01:23,113 [pool-47-thread-1] INFO  segmented.SegmentedRaftLogWorker (SegmentedRaftLogWorker.java:<init>(172)) - new e4d22c93-acc0-432e-8ff6-ef453016530c-SegmentedRaftLogWorker:Storage Directory /workdir/hadoop-ozone/ozonefs/target/test-dir/MiniOzoneClusterImpl-ca11de5b-e8c1-48c0-9c71-bb1a3ae6d3ec/datanode-2/data/ratis/e337988f-3529-4eb5-8bce-cee8014a79c1 for RaftStorage:Storage Directory /workdir/hadoop-ozone/ozonefs/target/test-dir/MiniOzoneClusterImpl-ca11de5b-e8c1-48c0-9c71-bb1a3ae6d3ec/datanode-2/data/ratis/e337988f-3529-4eb5-8bce-cee8014a79c1
2019-09-06 22:01:23,113 [pool-37-thread-1] INFO  server.RaftServerConfigKeys (ConfUtils.java:logGet(43)) - raft.server.log.appender.buffer.byte-limit = 33554432 (custom)
2019-09-06 22:01:23,113 [pool-47-thread-1] INFO  server.RaftServerConfigKeys (ConfUtils.java:logGet(43)) - raft.server.log.queue.byte-limit = 2147483647 (custom)
2019-09-06 22:01:23,113 [pool-67-thread-1] INFO  server.RaftServerConfigKeys (ConfUtils.java:logGet(43)) - raft.server.log.appender.buffer.byte-limit = 33554432 (custom)
2019-09-06 22:01:23,113 [pool-47-thread-1] INFO  server.RaftServerConfigKeys (ConfUtils.java:logGet(43)) - raft.server.log.queue.element-limit = 1024 (custom)
2019-09-06 22:01:23,113 [pool-37-thread-1] INFO  server.RaftServerConfigKeys (ConfUtils.java:logGet(43)) - raft.server.log.segment.size.max = 1048576 (custom)
2019-09-06 22:01:23,114 [pool-47-thread-1] INFO  server.RaftServerConfigKeys (ConfUtils.java:logGet(43)) - raft.server.log.segment.size.max = 1048576 (custom)
2019-09-06 22:01:23,114 [pool-67-thread-1] INFO  server.RaftServerConfigKeys (ConfUtils.java:logGet(43)) - raft.server.log.segment.size.max = 1048576 (custom)
2019-09-06 22:01:23,114 [pool-47-thread-1] INFO  server.RaftServerConfigKeys (ConfUtils.java:logGet(43)) - raft.server.log.preallocated.size = 16384 (custom)
2019-09-06 22:01:23,114 [pool-37-thread-1] INFO  server.RaftServerConfigKeys (ConfUtils.java:logGet(43)) - raft.server.log.segment.cache.num.max = 2 (custom)
2019-09-06 22:01:23,114 [pool-47-thread-1] INFO  server.RaftServerConfigKeys (ConfUtils.java:logGet(43)) - raft.server.log.write.buffer.size = 33554432 (custom)
2019-09-06 22:01:23,115 [pool-47-thread-1] INFO  server.RaftServerConfigKeys (ConfUtils.java:logGet(43)) - raft.server.log.force.sync.num = 128 (default)
2019-09-06 22:01:23,114 [pool-67-thread-1] INFO  server.RaftServerConfigKeys (ConfUtils.java:logGet(43)) - raft.server.log.segment.cache.num.max = 2 (custom)
2019-09-06 22:01:23,115 [pool-47-thread-1] INFO  server.RaftServerConfigKeys (ConfUtils.java:logGet(43)) - raft.server.log.statemachine.data.sync = true (default)
2019-09-06 22:01:23,115 [pool-37-thread-1] INFO  segmented.SegmentedRaftLogWorker (SegmentedRaftLogWorker.java:<init>(172)) - new 5a50aa92-2737-4252-bffb-c8f2124676ea-SegmentedRaftLogWorker:Storage Directory /workdir/hadoop-ozone/ozonefs/target/test-dir/MiniOzoneClusterImpl-ca11de5b-e8c1-48c0-9c71-bb1a3ae6d3ec/datanode-1/data/ratis/e337988f-3529-4eb5-8bce-cee8014a79c1 for RaftStorage:Storage Directory /workdir/hadoop-ozone/ozonefs/target/test-dir/MiniOzoneClusterImpl-ca11de5b-e8c1-48c0-9c71-bb1a3ae6d3ec/datanode-1/data/ratis/e337988f-3529-4eb5-8bce-cee8014a79c1
2019-09-06 22:01:23,115 [pool-47-thread-1] INFO  server.RaftServerConfigKeys (ConfUtils.java:logGet(43)) - raft.server.log.statemachine.data.sync.timeout = 10s (default)
2019-09-06 22:01:23,115 [pool-67-thread-1] INFO  segmented.SegmentedRaftLogWorker (SegmentedRaftLogWorker.java:<init>(172)) - new cabf754e-66c5-4603-8900-162c24b4db5c-SegmentedRaftLogWorker:Storage Directory /workdir/hadoop-ozone/ozonefs/target/test-dir/MiniOzoneClusterImpl-ca11de5b-e8c1-48c0-9c71-bb1a3ae6d3ec/datanode-4/data/ratis/e337988f-3529-4eb5-8bce-cee8014a79c1 for RaftStorage:Storage Directory /workdir/hadoop-ozone/ozonefs/target/test-dir/MiniOzoneClusterImpl-ca11de5b-e8c1-48c0-9c71-bb1a3ae6d3ec/datanode-4/data/ratis/e337988f-3529-4eb5-8bce-cee8014a79c1
2019-09-06 22:01:23,115 [pool-47-thread-1] INFO  server.RaftServerConfigKeys (ConfUtils.java:logGet(43)) - raft.server.log.statemachine.data.sync.timeout.retry = -1 (default)
2019-09-06 22:01:23,115 [pool-37-thread-1] INFO  server.RaftServerConfigKeys (ConfUtils.java:logGet(43)) - raft.server.log.queue.byte-limit = 2147483647 (custom)
2019-09-06 22:01:23,116 [pool-47-thread-1] INFO  server.RaftServerConfigKeys (ConfUtils.java:logGet(43)) - raft.server.log.statemachine.data.caching.enabled = true (custom)
2019-09-06 22:01:23,116 [pool-67-thread-1] INFO  server.RaftServerConfigKeys (ConfUtils.java:logGet(43)) - raft.server.log.queue.byte-limit = 2147483647 (custom)
2019-09-06 22:01:23,116 [pool-37-thread-1] INFO  server.RaftServerConfigKeys (ConfUtils.java:logGet(43)) - raft.server.log.queue.element-limit = 1024 (custom)
2019-09-06 22:01:23,116 [pool-67-thread-1] INFO  server.RaftServerConfigKeys (ConfUtils.java:logGet(43)) - raft.server.log.queue.element-limit = 1024 (custom)
2019-09-06 22:01:23,116 [pool-47-thread-1] INFO  segmented.SegmentedRaftLogWorker (SegmentedRaftLogWorker.java:lambda$new$0(132)) - e4d22c93-acc0-432e-8ff6-ef453016530c-SegmentedRaftLogWorker:Storage Directory /workdir/hadoop-ozone/ozonefs/target/test-dir/MiniOzoneClusterImpl-ca11de5b-e8c1-48c0-9c71-bb1a3ae6d3ec/datanode-2/data/ratis/e337988f-3529-4eb5-8bce-cee8014a79c1: flushIndex: setUnconditionally 0 -> -1
2019-09-06 22:01:23,117 [pool-67-thread-1] INFO  server.RaftServerConfigKeys (ConfUtils.java:logGet(43)) - raft.server.log.segment.size.max = 1048576 (custom)
2019-09-06 22:01:23,117 [pool-37-thread-1] INFO  server.RaftServerConfigKeys (ConfUtils.java:logGet(43)) - raft.server.log.segment.size.max = 1048576 (custom)
2019-09-06 22:01:23,117 [pool-67-thread-1] INFO  server.RaftServerConfigKeys (ConfUtils.java:logGet(43)) - raft.server.log.preallocated.size = 16384 (custom)
2019-09-06 22:01:23,117 [pool-47-thread-1] INFO  server.RaftServerConfigKeys (ConfUtils.java:logGet(43)) - raft.server.snapshot.auto.trigger.enabled = true (custom)
2019-09-06 22:01:23,117 [pool-67-thread-1] INFO  server.RaftServerConfigKeys (ConfUtils.java:logGet(43)) - raft.server.log.write.buffer.size = 33554432 (custom)
2019-09-06 22:01:23,117 [pool-37-thread-1] INFO  server.RaftServerConfigKeys (ConfUtils.java:logGet(43)) - raft.server.log.preallocated.size = 16384 (custom)
2019-09-06 22:01:23,118 [pool-67-thread-1] INFO  server.RaftServerConfigKeys (ConfUtils.java:logGet(43)) - raft.server.log.force.sync.num = 128 (default)
2019-09-06 22:01:23,118 [pool-47-thread-1] INFO  server.RaftServerConfigKeys (ConfUtils.java:logGet(43)) - raft.server.snapshot.auto.trigger.threshold = 10000 (custom)
2019-09-06 22:01:23,118 [pool-67-thread-1] INFO  server.RaftServerConfigKeys (ConfUtils.java:logGet(43)) - raft.server.log.statemachine.data.sync = true (default)
2019-09-06 22:01:23,118 [pool-37-thread-1] INFO  server.RaftServerConfigKeys (ConfUtils.java:logGet(43)) - raft.server.log.write.buffer.size = 33554432 (custom)
2019-09-06 22:01:23,118 [pool-67-thread-1] INFO  server.RaftServerConfigKeys (ConfUtils.java:logGet(43)) - raft.server.log.statemachine.data.sync.timeout = 10s (default)
2019-09-06 22:01:23,118 [pool-47-thread-1] INFO  server.RaftServerConfigKeys (ConfUtils.java:logGet(43)) - raft.server.retrycache.expirytime = 600000ms (custom)
2019-09-06 22:01:23,119 [pool-67-thread-1] INFO  server.RaftServerConfigKeys (ConfUtils.java:logGet(43)) - raft.server.log.statemachine.data.sync.timeout.retry = -1 (default)
2019-09-06 22:01:23,119 [pool-37-thread-1] INFO  server.RaftServerConfigKeys (ConfUtils.java:logGet(43)) - raft.server.log.force.sync.num = 128 (default)
2019-09-06 22:01:23,119 [pool-67-thread-1] INFO  server.RaftServerConfigKeys (ConfUtils.java:logGet(43)) - raft.server.log.statemachine.data.caching.enabled = true (custom)
2019-09-06 22:01:23,119 [pool-47-thread-1] INFO  impl.RaftServerImpl (RaftServerImpl.java:start(180)) - e4d22c93-acc0-432e-8ff6-ef453016530c: start group-073B012ACB57
2019-09-06 22:01:23,119 [pool-37-thread-1] INFO  server.RaftServerConfigKeys (ConfUtils.java:logGet(43)) - raft.server.log.statemachine.data.sync = true (default)
2019-09-06 22:01:23,120 [pool-67-thread-1] INFO  segmented.SegmentedRaftLogWorker (SegmentedRaftLogWorker.java:lambda$new$0(132)) - cabf754e-66c5-4603-8900-162c24b4db5c-SegmentedRaftLogWorker:Storage Directory /workdir/hadoop-ozone/ozonefs/target/test-dir/MiniOzoneClusterImpl-ca11de5b-e8c1-48c0-9c71-bb1a3ae6d3ec/datanode-4/data/ratis/e337988f-3529-4eb5-8bce-cee8014a79c1: flushIndex: setUnconditionally 0 -> -1
2019-09-06 22:01:23,120 [pool-47-thread-1] INFO  impl.RaftServerImpl (RaftServerImpl.java:setRole(171)) - e4d22c93-acc0-432e-8ff6-ef453016530c:group-073B012ACB57 changes role from null to FOLLOWER at term 0 for startAsFollower
2019-09-06 22:01:23,120 [pool-37-thread-1] INFO  server.RaftServerConfigKeys (ConfUtils.java:logGet(43)) - raft.server.log.statemachine.data.sync.timeout = 10s (default)
2019-09-06 22:01:23,120 [pool-67-thread-1] INFO  server.RaftServerConfigKeys (ConfUtils.java:logGet(43)) - raft.server.snapshot.auto.trigger.enabled = true (custom)
2019-09-06 22:01:23,120 [pool-47-thread-1] INFO  impl.RoleInfo (RoleInfo.java:updateAndGet(143)) - e4d22c93-acc0-432e-8ff6-ef453016530c: start FollowerState
2019-09-06 22:01:23,120 [pool-67-thread-1] INFO  server.RaftServerConfigKeys (ConfUtils.java:logGet(43)) - raft.server.snapshot.auto.trigger.threshold = 10000 (custom)
2019-09-06 22:01:23,120 [pool-37-thread-1] INFO  server.RaftServerConfigKeys (ConfUtils.java:logGet(43)) - raft.server.log.statemachine.data.sync.timeout.retry = -1 (default)
2019-09-06 22:01:23,121 [pool-67-thread-1] INFO  server.RaftServerConfigKeys (ConfUtils.java:logGet(43)) - raft.server.retrycache.expirytime = 600000ms (custom)
2019-09-06 22:01:23,121 [pool-37-thread-1] INFO  server.RaftServerConfigKeys (ConfUtils.java:logGet(43)) - raft.server.log.statemachine.data.caching.enabled = true (custom)
2019-09-06 22:01:23,121 [pool-47-thread-1] INFO  util.JmxRegister (JmxRegister.java:tryRegister(44)) - Successfully registered JMX Bean with object name Ratis:service=RaftServer,group=group-073B012ACB57,id=e4d22c93-acc0-432e-8ff6-ef453016530c
2019-09-06 22:01:23,121 [pool-67-thread-1] INFO  impl.RaftServerImpl (RaftServerImpl.java:start(180)) - cabf754e-66c5-4603-8900-162c24b4db5c: start group-073B012ACB57
2019-09-06 22:01:23,121 [pool-37-thread-1] INFO  segmented.SegmentedRaftLogWorker (SegmentedRaftLogWorker.java:lambda$new$0(132)) - 5a50aa92-2737-4252-bffb-c8f2124676ea-SegmentedRaftLogWorker:Storage Directory /workdir/hadoop-ozone/ozonefs/target/test-dir/MiniOzoneClusterImpl-ca11de5b-e8c1-48c0-9c71-bb1a3ae6d3ec/datanode-1/data/ratis/e337988f-3529-4eb5-8bce-cee8014a79c1: flushIndex: setUnconditionally 0 -> -1
2019-09-06 22:01:23,121 [pool-67-thread-1] INFO  impl.RaftServerImpl (RaftServerImpl.java:setRole(171)) - cabf754e-66c5-4603-8900-162c24b4db5c:group-073B012ACB57 changes role from null to FOLLOWER at term 0 for startAsFollower
2019-09-06 22:01:23,122 [pool-67-thread-1] INFO  impl.RoleInfo (RoleInfo.java:updateAndGet(143)) - cabf754e-66c5-4603-8900-162c24b4db5c: start FollowerState
2019-09-06 22:01:23,122 [pool-37-thread-1] INFO  server.RaftServerConfigKeys (ConfUtils.java:logGet(43)) - raft.server.snapshot.auto.trigger.enabled = true (custom)
2019-09-06 22:01:23,122 [pool-37-thread-1] INFO  server.RaftServerConfigKeys (ConfUtils.java:logGet(43)) - raft.server.snapshot.auto.trigger.threshold = 10000 (custom)
2019-09-06 22:01:23,123 [pool-67-thread-1] INFO  util.JmxRegister (JmxRegister.java:tryRegister(44)) - Successfully registered JMX Bean with object name Ratis:service=RaftServer,group=group-073B012ACB57,id=cabf754e-66c5-4603-8900-162c24b4db5c
2019-09-06 22:01:23,123 [pool-37-thread-1] INFO  server.RaftServerConfigKeys (ConfUtils.java:logGet(43)) - raft.server.retrycache.expirytime = 600000ms (custom)
2019-09-06 22:01:23,123 [pool-37-thread-1] INFO  impl.RaftServerImpl (RaftServerImpl.java:start(180)) - 5a50aa92-2737-4252-bffb-c8f2124676ea: start group-073B012ACB57
2019-09-06 22:01:23,123 [pool-37-thread-1] INFO  impl.RaftServerImpl (RaftServerImpl.java:setRole(171)) - 5a50aa92-2737-4252-bffb-c8f2124676ea:group-073B012ACB57 changes role from null to FOLLOWER at term 0 for startAsFollower
2019-09-06 22:01:23,124 [pool-37-thread-1] INFO  impl.RoleInfo (RoleInfo.java:updateAndGet(143)) - 5a50aa92-2737-4252-bffb-c8f2124676ea: start FollowerState
2019-09-06 22:01:23,124 [pool-47-thread-1] INFO  impl.RaftServerImpl (RaftServerImpl.java:<init>(93)) - e4d22c93-acc0-432e-8ff6-ef453016530c: new RaftServerImpl for group-F5608F7BB032:[e4d22c93-acc0-432e-8ff6-ef453016530c:192.168.69.79:43075, 5a50aa92-2737-4252-bffb-c8f2124676ea:192.168.69.79:36465, cabf754e-66c5-4603-8900-162c24b4db5c:192.168.69.79:46375] with ContainerStateMachine:uninitialized
2019-09-06 22:01:23,124 [pool-47-thread-1] INFO  server.RaftServerConfigKeys (ConfUtils.java:logGet(43)) - raft.server.rpc.timeout.min = 5s (custom)
2019-09-06 22:01:23,124 [pool-47-thread-1] INFO  server.RaftServerConfigKeys (ConfUtils.java:logGet(43)) - raft.server.rpc.timeout.max = 5200ms (custom)
2019-09-06 22:01:23,124 [pool-37-thread-1] INFO  util.JmxRegister (JmxRegister.java:tryRegister(44)) - Successfully registered JMX Bean with object name Ratis:service=RaftServer,group=group-073B012ACB57,id=5a50aa92-2737-4252-bffb-c8f2124676ea
2019-09-06 22:01:23,124 [pool-47-thread-1] INFO  server.RaftServerConfigKeys (ConfUtils.java:logGet(43)) - raft.server.rpcslowness.timeout = 120s (custom)
2019-09-06 22:01:23,125 [pool-47-thread-1] INFO  server.RaftServerConfigKeys (ConfUtils.java:logGet(43)) - raft.server.sleep.deviation.threshold = 300 (default)
2019-09-06 22:01:23,125 [pool-47-thread-1] INFO  server.RaftServerConfigKeys (ConfUtils.java:logGet(43)) - raft.server.log.appender.install.snapshot.enabled = false (custom)
2019-09-06 22:01:23,125 [pool-47-thread-1] INFO  impl.RaftServerImpl (ServerState.java:<init>(105)) - e4d22c93-acc0-432e-8ff6-ef453016530c:group-F5608F7BB032 ConfigurationManager, init=-1: [e4d22c93-acc0-432e-8ff6-ef453016530c:192.168.69.79:43075, 5a50aa92-2737-4252-bffb-c8f2124676ea:192.168.69.79:36465, cabf754e-66c5-4603-8900-162c24b4db5c:192.168.69.79:46375], old=null, confs=<EMPTY_MAP>
2019-09-06 22:01:23,125 [pool-47-thread-1] INFO  server.RaftServerConfigKeys (ConfUtils.java:logGet(43)) - raft.server.storage.dir = [/workdir/hadoop-ozone/ozonefs/target/test-dir/MiniOzoneClusterImpl-ca11de5b-e8c1-48c0-9c71-bb1a3ae6d3ec/datanode-2/data/ratis] (custom)
2019-09-06 22:01:23,125 [pool-47-thread-1] INFO  storage.RaftStorageDirectory (RaftStorageDirectory.java:analyzeStorage(246)) - The storage directory /workdir/hadoop-ozone/ozonefs/target/test-dir/MiniOzoneClusterImpl-ca11de5b-e8c1-48c0-9c71-bb1a3ae6d3ec/datanode-2/data/ratis/a73adcee-ec65-49a7-a914-f5608f7bb032 does not exist. Creating ...
2019-09-06 22:01:23,126 [pool-67-thread-1] INFO  impl.RaftServerImpl (RaftServerImpl.java:<init>(93)) - cabf754e-66c5-4603-8900-162c24b4db5c: new RaftServerImpl for group-F5608F7BB032:[e4d22c93-acc0-432e-8ff6-ef453016530c:192.168.69.79:43075, 5a50aa92-2737-4252-bffb-c8f2124676ea:192.168.69.79:36465, cabf754e-66c5-4603-8900-162c24b4db5c:192.168.69.79:46375] with ContainerStateMachine:uninitialized
2019-09-06 22:01:23,126 [pool-67-thread-1] INFO  server.RaftServerConfigKeys (ConfUtils.java:logGet(43)) - raft.server.rpc.timeout.min = 5s (custom)
2019-09-06 22:01:23,126 [pool-67-thread-1] INFO  server.RaftServerConfigKeys (ConfUtils.java:logGet(43)) - raft.server.rpc.timeout.max = 5200ms (custom)
2019-09-06 22:01:23,127 [pool-67-thread-1] INFO  server.RaftServerConfigKeys (ConfUtils.java:logGet(43)) - raft.server.rpcslowness.timeout = 120s (custom)
2019-09-06 22:01:23,127 [pool-67-thread-1] INFO  server.RaftServerConfigKeys (ConfUtils.java:logGet(43)) - raft.server.sleep.deviation.threshold = 300 (default)
2019-09-06 22:01:23,127 [pool-67-thread-1] INFO  server.RaftServerConfigKeys (ConfUtils.java:logGet(43)) - raft.server.log.appender.install.snapshot.enabled = false (custom)
2019-09-06 22:01:23,127 [pool-37-thread-1] INFO  impl.RaftServerImpl (RaftServerImpl.java:<init>(93)) - 5a50aa92-2737-4252-bffb-c8f2124676ea: new RaftServerImpl for group-F5608F7BB032:[e4d22c93-acc0-432e-8ff6-ef453016530c:192.168.69.79:43075, 5a50aa92-2737-4252-bffb-c8f2124676ea:192.168.69.79:36465, cabf754e-66c5-4603-8900-162c24b4db5c:192.168.69.79:46375] with ContainerStateMachine:uninitialized
2019-09-06 22:01:23,127 [pool-67-thread-1] INFO  impl.RaftServerImpl (ServerState.java:<init>(105)) - cabf754e-66c5-4603-8900-162c24b4db5c:group-F5608F7BB032 ConfigurationManager, init=-1: [e4d22c93-acc0-432e-8ff6-ef453016530c:192.168.69.79:43075, 5a50aa92-2737-4252-bffb-c8f2124676ea:192.168.69.79:36465, cabf754e-66c5-4603-8900-162c24b4db5c:192.168.69.79:46375], old=null, confs=<EMPTY_MAP>
2019-09-06 22:01:23,127 [pool-37-thread-1] INFO  server.RaftServerConfigKeys (ConfUtils.java:logGet(43)) - raft.server.rpc.timeout.min = 5s (custom)
2019-09-06 22:01:23,127 [pool-67-thread-1] INFO  server.RaftServerConfigKeys (ConfUtils.java:logGet(43)) - raft.server.storage.dir = [/workdir/hadoop-ozone/ozonefs/target/test-dir/MiniOzoneClusterImpl-ca11de5b-e8c1-48c0-9c71-bb1a3ae6d3ec/datanode-4/data/ratis] (custom)
2019-09-06 22:01:23,128 [pool-37-thread-1] INFO  server.RaftServerConfigKeys (ConfUtils.java:logGet(43)) - raft.server.rpc.timeout.max = 5200ms (custom)
2019-09-06 22:01:23,128 [pool-37-thread-1] INFO  server.RaftServerConfigKeys (ConfUtils.java:logGet(43)) - raft.server.rpcslowness.timeout = 120s (custom)
2019-09-06 22:01:23,128 [pool-37-thread-1] INFO  server.RaftServerConfigKeys (ConfUtils.java:logGet(43)) - raft.server.sleep.deviation.threshold = 300 (default)
2019-09-06 22:01:23,128 [pool-67-thread-1] INFO  storage.RaftStorageDirectory (RaftStorageDirectory.java:analyzeStorage(246)) - The storage directory /workdir/hadoop-ozone/ozonefs/target/test-dir/MiniOzoneClusterImpl-ca11de5b-e8c1-48c0-9c71-bb1a3ae6d3ec/datanode-4/data/ratis/a73adcee-ec65-49a7-a914-f5608f7bb032 does not exist. Creating ...
2019-09-06 22:01:23,128 [pool-37-thread-1] INFO  server.RaftServerConfigKeys (ConfUtils.java:logGet(43)) - raft.server.log.appender.install.snapshot.enabled = false (custom)
2019-09-06 22:01:23,129 [pool-37-thread-1] INFO  impl.RaftServerImpl (ServerState.java:<init>(105)) - 5a50aa92-2737-4252-bffb-c8f2124676ea:group-F5608F7BB032 ConfigurationManager, init=-1: [e4d22c93-acc0-432e-8ff6-ef453016530c:192.168.69.79:43075, 5a50aa92-2737-4252-bffb-c8f2124676ea:192.168.69.79:36465, cabf754e-66c5-4603-8900-162c24b4db5c:192.168.69.79:46375], old=null, confs=<EMPTY_MAP>
2019-09-06 22:01:23,129 [pool-37-thread-1] INFO  server.RaftServerConfigKeys (ConfUtils.java:logGet(43)) - raft.server.storage.dir = [/workdir/hadoop-ozone/ozonefs/target/test-dir/MiniOzoneClusterImpl-ca11de5b-e8c1-48c0-9c71-bb1a3ae6d3ec/datanode-1/data/ratis] (custom)
2019-09-06 22:01:23,129 [pool-37-thread-1] INFO  storage.RaftStorageDirectory (RaftStorageDirectory.java:analyzeStorage(246)) - The storage directory /workdir/hadoop-ozone/ozonefs/target/test-dir/MiniOzoneClusterImpl-ca11de5b-e8c1-48c0-9c71-bb1a3ae6d3ec/datanode-1/data/ratis/a73adcee-ec65-49a7-a914-f5608f7bb032 does not exist. Creating ...
2019-09-06 22:01:23,592 [RATISCREATEPIPELINE3] ERROR pipeline.RatisPipelineProvider (RatisPipelineProvider.java:lambda$null$5(236)) - Failed invoke Ratis rpc org.apache.hadoop.hdds.scm.pipeline.RatisPipelineProvider$$Lambda$172/1300682258@4b3d0b17 for e4d22c93-acc0-432e-8ff6-ef453016530c
org.apache.ratis.protocol.TimeoutIOException: deadline exceeded after 2999700227ns
	at org.apache.ratis.grpc.GrpcUtil.tryUnwrapException(GrpcUtil.java:82)
	at org.apache.ratis.grpc.GrpcUtil.unwrapException(GrpcUtil.java:75)
	at org.apache.ratis.grpc.client.GrpcClientProtocolClient.blockingCall(GrpcClientProtocolClient.java:169)
	at org.apache.ratis.grpc.client.GrpcClientProtocolClient.groupAdd(GrpcClientProtocolClient.java:138)
	at org.apache.ratis.grpc.client.GrpcClientRpc.sendRequest(GrpcClientRpc.java:94)
	at org.apache.ratis.client.impl.RaftClientImpl.sendRequest(RaftClientImpl.java:279)
	at org.apache.ratis.client.impl.RaftClientImpl.groupAdd(RaftClientImpl.java:206)
	at org.apache.hadoop.hdds.scm.pipeline.RatisPipelineProvider.lambda$initializePipeline$4(RatisPipelineProvider.java:195)
	at org.apache.hadoop.hdds.scm.pipeline.RatisPipelineProvider.lambda$null$5(RatisPipelineProvider.java:232)
	at java.util.stream.ForEachOps$ForEachOp$OfRef.accept(ForEachOps.java:184)
	at java.util.ArrayList$ArrayListSpliterator.forEachRemaining(ArrayList.java:1382)
	at java.util.stream.AbstractPipeline.copyInto(AbstractPipeline.java:482)
	at java.util.stream.ForEachOps$ForEachTask.compute(ForEachOps.java:291)
	at java.util.concurrent.CountedCompleter.exec(CountedCompleter.java:731)
	at java.util.concurrent.ForkJoinTask.doExec(ForkJoinTask.java:289)
	at java.util.concurrent.ForkJoinPool$WorkQueue.runTask(ForkJoinPool.java:1056)
	at java.util.concurrent.ForkJoinPool.runWorker(ForkJoinPool.java:1692)
	at java.util.concurrent.ForkJoinWorkerThread.run(ForkJoinWorkerThread.java:157)
Caused by: org.apache.ratis.thirdparty.io.grpc.StatusRuntimeException: DEADLINE_EXCEEDED: deadline exceeded after 2999700227ns
	at org.apache.ratis.thirdparty.io.grpc.stub.ClientCalls.toStatusRuntimeException(ClientCalls.java:233)
	at org.apache.ratis.thirdparty.io.grpc.stub.ClientCalls.getUnchecked(ClientCalls.java:214)
	at org.apache.ratis.thirdparty.io.grpc.stub.ClientCalls.blockingUnaryCall(ClientCalls.java:139)
	at org.apache.ratis.proto.grpc.AdminProtocolServiceGrpc$AdminProtocolServiceBlockingStub.groupManagement(AdminProtocolServiceGrpc.java:274)
	at org.apache.ratis.grpc.client.GrpcClientProtocolClient.lambda$groupAdd$3(GrpcClientProtocolClient.java:140)
	at org.apache.ratis.grpc.client.GrpcClientProtocolClient.blockingCall(GrpcClientProtocolClient.java:167)
	... 15 more
2019-09-06 22:01:23,605 [RATISCREATEPIPELINE1] ERROR pipeline.RatisPipelineProvider (RatisPipelineProvider.java:lambda$null$5(236)) - Failed invoke Ratis rpc org.apache.hadoop.hdds.scm.pipeline.RatisPipelineProvider$$Lambda$172/1300682258@4b3d0b17 for cabf754e-66c5-4603-8900-162c24b4db5c
org.apache.ratis.protocol.TimeoutIOException
	at org.apache.ratis.grpc.GrpcUtil.tryUnwrapException(GrpcUtil.java:82)
	at org.apache.ratis.grpc.GrpcUtil.unwrapException(GrpcUtil.java:75)
	at org.apache.ratis.grpc.client.GrpcClientProtocolClient.blockingCall(GrpcClientProtocolClient.java:169)
	at org.apache.ratis.grpc.client.GrpcClientProtocolClient.groupAdd(GrpcClientProtocolClient.java:138)
	at org.apache.ratis.grpc.client.GrpcClientRpc.sendRequest(GrpcClientRpc.java:94)
	at org.apache.ratis.client.impl.RaftClientImpl.sendRequest(RaftClientImpl.java:279)
	at org.apache.ratis.client.impl.RaftClientImpl.groupAdd(RaftClientImpl.java:206)
	at org.apache.hadoop.hdds.scm.pipeline.RatisPipelineProvider.lambda$initializePipeline$4(RatisPipelineProvider.java:195)
	at org.apache.hadoop.hdds.scm.pipeline.RatisPipelineProvider.lambda$null$5(RatisPipelineProvider.java:232)
	at java.util.stream.ForEachOps$ForEachOp$OfRef.accept(ForEachOps.java:184)
	at java.util.ArrayList$ArrayListSpliterator.forEachRemaining(ArrayList.java:1382)
	at java.util.stream.AbstractPipeline.copyInto(AbstractPipeline.java:482)
	at java.util.stream.ForEachOps$ForEachTask.compute(ForEachOps.java:291)
	at java.util.concurrent.CountedCompleter.exec(CountedCompleter.java:731)
	at java.util.concurrent.ForkJoinTask.doExec(ForkJoinTask.java:289)
	at java.util.concurrent.ForkJoinTask.doInvoke(ForkJoinTask.java:401)
	at java.util.concurrent.ForkJoinTask.invoke(ForkJoinTask.java:734)
	at java.util.stream.ForEachOps$ForEachOp.evaluateParallel(ForEachOps.java:160)
	at java.util.stream.ForEachOps$ForEachOp$OfRef.evaluateParallel(ForEachOps.java:174)
	at java.util.stream.AbstractPipeline.evaluate(AbstractPipeline.java:233)
	at java.util.stream.ReferencePipeline.forEach(ReferencePipeline.java:418)
	at java.util.stream.ReferencePipeline$Head.forEach(ReferencePipeline.java:583)
	at org.apache.hadoop.hdds.scm.pipeline.RatisPipelineProvider.lambda$callRatisRpc$6(RatisPipelineProvider.java:226)
	at java.util.concurrent.ForkJoinTask$AdaptedRunnableAction.exec(ForkJoinTask.java:1386)
	at java.util.concurrent.ForkJoinTask.doExec(ForkJoinTask.java:289)
	at java.util.concurrent.ForkJoinPool$WorkQueue.runTask(ForkJoinPool.java:1056)
	at java.util.concurrent.ForkJoinPool.runWorker(ForkJoinPool.java:1692)
	at java.util.concurrent.ForkJoinWorkerThread.run(ForkJoinWorkerThread.java:157)
Caused by: org.apache.ratis.thirdparty.io.grpc.StatusRuntimeException: DEADLINE_EXCEEDED
	at org.apache.ratis.thirdparty.io.grpc.stub.ClientCalls.toStatusRuntimeException(ClientCalls.java:233)
	at org.apache.ratis.thirdparty.io.grpc.stub.ClientCalls.getUnchecked(ClientCalls.java:214)
	at org.apache.ratis.thirdparty.io.grpc.stub.ClientCalls.blockingUnaryCall(ClientCalls.java:139)
	at org.apache.ratis.proto.grpc.AdminProtocolServiceGrpc$AdminProtocolServiceBlockingStub.groupManagement(AdminProtocolServiceGrpc.java:274)
	at org.apache.ratis.grpc.client.GrpcClientProtocolClient.lambda$groupAdd$3(GrpcClientProtocolClient.java:140)
	at org.apache.ratis.grpc.client.GrpcClientProtocolClient.blockingCall(GrpcClientProtocolClient.java:167)
	... 25 more
2019-09-06 22:01:23,592 [RATISCREATEPIPELINE2] ERROR pipeline.RatisPipelineProvider (RatisPipelineProvider.java:lambda$null$5(236)) - Failed invoke Ratis rpc org.apache.hadoop.hdds.scm.pipeline.RatisPipelineProvider$$Lambda$172/1300682258@4b3d0b17 for 5a50aa92-2737-4252-bffb-c8f2124676ea
org.apache.ratis.protocol.TimeoutIOException: deadline exceeded after 2999695436ns
	at org.apache.ratis.grpc.GrpcUtil.tryUnwrapException(GrpcUtil.java:82)
	at org.apache.ratis.grpc.GrpcUtil.unwrapException(GrpcUtil.java:75)
	at org.apache.ratis.grpc.client.GrpcClientProtocolClient.blockingCall(GrpcClientProtocolClient.java:169)
	at org.apache.ratis.grpc.client.GrpcClientProtocolClient.groupAdd(GrpcClientProtocolClient.java:138)
	at org.apache.ratis.grpc.client.GrpcClientRpc.sendRequest(GrpcClientRpc.java:94)
	at org.apache.ratis.client.impl.RaftClientImpl.sendRequest(RaftClientImpl.java:279)
	at org.apache.ratis.client.impl.RaftClientImpl.groupAdd(RaftClientImpl.java:206)
	at org.apache.hadoop.hdds.scm.pipeline.RatisPipelineProvider.lambda$initializePipeline$4(RatisPipelineProvider.java:195)
	at org.apache.hadoop.hdds.scm.pipeline.RatisPipelineProvider.lambda$null$5(RatisPipelineProvider.java:232)
	at java.util.stream.ForEachOps$ForEachOp$OfRef.accept(ForEachOps.java:184)
	at java.util.ArrayList$ArrayListSpliterator.forEachRemaining(ArrayList.java:1382)
	at java.util.stream.AbstractPipeline.copyInto(AbstractPipeline.java:482)
	at java.util.stream.ForEachOps$ForEachTask.compute(ForEachOps.java:291)
	at java.util.concurrent.CountedCompleter.exec(CountedCompleter.java:731)
	at java.util.concurrent.ForkJoinTask.doExec(ForkJoinTask.java:289)
	at java.util.concurrent.ForkJoinPool$WorkQueue.runTask(ForkJoinPool.java:1056)
	at java.util.concurrent.ForkJoinPool.runWorker(ForkJoinPool.java:1692)
	at java.util.concurrent.ForkJoinWorkerThread.run(ForkJoinWorkerThread.java:157)
Caused by: org.apache.ratis.thirdparty.io.grpc.StatusRuntimeException: DEADLINE_EXCEEDED: deadline exceeded after 2999695436ns
	at org.apache.ratis.thirdparty.io.grpc.stub.ClientCalls.toStatusRuntimeException(ClientCalls.java:233)
	at org.apache.ratis.thirdparty.io.grpc.stub.ClientCalls.getUnchecked(ClientCalls.java:214)
	at org.apache.ratis.thirdparty.io.grpc.stub.ClientCalls.blockingUnaryCall(ClientCalls.java:139)
	at org.apache.ratis.proto.grpc.AdminProtocolServiceGrpc$AdminProtocolServiceBlockingStub.groupManagement(AdminProtocolServiceGrpc.java:274)
	at org.apache.ratis.grpc.client.GrpcClientProtocolClient.lambda$groupAdd$3(GrpcClientProtocolClient.java:140)
	at org.apache.ratis.grpc.client.GrpcClientProtocolClient.blockingCall(GrpcClientProtocolClient.java:167)
	... 15 more
2019-09-06 22:01:23,608 [IPC Server handler 9 on 34478] WARN  block.BlockManagerImpl (BlockManagerImpl.java:allocateBlock(192)) - Pipeline creation failed for type:RATIS factor:THREE. Retrying get pipelines call once.
org.apache.hadoop.io.MultipleIOException: 3 exceptions [java.io.IOException: Failed invoke Ratis rpc org.apache.hadoop.hdds.scm.pipeline.RatisPipelineProvider$$Lambda$172/1300682258@4b3d0b17 for e4d22c93-acc0-432e-8ff6-ef453016530c, java.io.IOException: Failed invoke Ratis rpc org.apache.hadoop.hdds.scm.pipeline.RatisPipelineProvider$$Lambda$172/1300682258@4b3d0b17 for cabf754e-66c5-4603-8900-162c24b4db5c, java.io.IOException: Failed invoke Ratis rpc org.apache.hadoop.hdds.scm.pipeline.RatisPipelineProvider$$Lambda$172/1300682258@4b3d0b17 for 5a50aa92-2737-4252-bffb-c8f2124676ea]
	at org.apache.hadoop.io.MultipleIOException.createIOException(MultipleIOException.java:53)
	at org.apache.hadoop.hdds.scm.pipeline.RatisPipelineProvider.callRatisRpc(RatisPipelineProvider.java:252)
	at org.apache.hadoop.hdds.scm.pipeline.RatisPipelineProvider.initializePipeline(RatisPipelineProvider.java:193)
	at org.apache.hadoop.hdds.scm.pipeline.RatisPipelineProvider.create(RatisPipelineProvider.java:162)
	at org.apache.hadoop.hdds.scm.pipeline.PipelineFactory.create(PipelineFactory.java:57)
	at org.apache.hadoop.hdds.scm.pipeline.SCMPipelineManager.createPipeline(SCMPipelineManager.java:151)
	at org.apache.hadoop.hdds.scm.block.BlockManagerImpl.allocateBlock(BlockManagerImpl.java:190)
	at org.apache.hadoop.hdds.scm.server.SCMBlockProtocolServer.allocateBlock(SCMBlockProtocolServer.java:182)
	at org.apache.hadoop.ozone.protocolPB.ScmBlockLocationProtocolServerSideTranslatorPB.allocateScmBlock(ScmBlockLocationProtocolServerSideTranslatorPB.java:183)
	at org.apache.hadoop.ozone.protocolPB.ScmBlockLocationProtocolServerSideTranslatorPB.processMessage(ScmBlockLocationProtocolServerSideTranslatorPB.java:141)
	at org.apache.hadoop.ozone.protocolPB.ScmBlockLocationProtocolServerSideTranslatorPB.send(ScmBlockLocationProtocolServerSideTranslatorPB.java:116)
	at org.apache.hadoop.hdds.protocol.proto.ScmBlockLocationProtocolProtos$ScmBlockLocationProtocolService$2.callBlockingMethod(ScmBlockLocationProtocolProtos.java:13157)
	at org.apache.hadoop.ipc.ProtobufRpcEngine$Server$ProtoBufRpcInvoker.call(ProtobufRpcEngine.java:524)
	at org.apache.hadoop.ipc.RPC$Server.call(RPC.java:1025)
	at org.apache.hadoop.ipc.Server$RpcCall.run(Server.java:876)
	at org.apache.hadoop.ipc.Server$RpcCall.run(Server.java:822)
	at java.security.AccessController.doPrivileged(Native Method)
	at javax.security.auth.Subject.doAs(Subject.java:422)
	at org.apache.hadoop.security.UserGroupInformation.doAs(UserGroupInformation.java:1730)
	at org.apache.hadoop.ipc.Server$Handler.run(Server.java:2682)
2019-09-06 22:01:23,609 [IPC Server handler 9 on 34478] INFO  block.BlockManagerImpl (BlockManagerImpl.java:allocateBlock(198)) - Could not find available pipeline of type:RATIS and factor:THREE even after retrying
2019-09-06 22:01:23,609 [IPC Server handler 9 on 34478] ERROR block.BlockManagerImpl (BlockManagerImpl.java:allocateBlock(222)) - Unable to allocate a block for the size: 4194304, type: RATIS, factor: THREE
]]></system-out>
  </testcase>
  <testcase name="testNegativeSeek" classname="org.apache.hadoop.fs.ozone.contract.ITestOzoneContractSeek" time="2.748">
    <error message="Allocated 0 blocks. Requested 1 blocks" type="INTERNAL_ERROR org.apache.hadoop.ozone.om.exceptions.OMException">INTERNAL_ERROR org.apache.hadoop.ozone.om.exceptions.OMException: Allocated 0 blocks. Requested 1 blocks
	at org.apache.hadoop.ozone.om.protocolPB.OzoneManagerProtocolClientSideTranslatorPB.handleError(OzoneManagerProtocolClientSideTranslatorPB.java:725)
	at org.apache.hadoop.ozone.om.protocolPB.OzoneManagerProtocolClientSideTranslatorPB.createFile(OzoneManagerProtocolClientSideTranslatorPB.java:1474)
	at org.apache.hadoop.ozone.client.rpc.RpcClient.createFile(RpcClient.java:984)
	at org.apache.hadoop.ozone.client.OzoneBucket.createFile(OzoneBucket.java:537)
	at org.apache.hadoop.fs.ozone.BasicOzoneClientAdapterImpl.createFile(BasicOzoneClientAdapterImpl.java:181)
	at org.apache.hadoop.fs.ozone.BasicOzoneFileSystem.createOutputStream(BasicOzoneFileSystem.java:249)
	at org.apache.hadoop.fs.ozone.BasicOzoneFileSystem.create(BasicOzoneFileSystem.java:230)
	at org.apache.hadoop.fs.FileSystem.create(FileSystem.java:1118)
	at org.apache.hadoop.fs.FileSystem.create(FileSystem.java:1098)
	at org.apache.hadoop.fs.FileSystem.create(FileSystem.java:987)
	at org.apache.hadoop.fs.contract.ContractTestUtils.createFile(ContractTestUtils.java:633)
	at org.apache.hadoop.fs.contract.AbstractContractSeekTest.setup(AbstractContractSeekTest.java:64)
	at sun.reflect.NativeMethodAccessorImpl.invoke0(Native Method)
	at sun.reflect.NativeMethodAccessorImpl.invoke(NativeMethodAccessorImpl.java:62)
	at sun.reflect.DelegatingMethodAccessorImpl.invoke(DelegatingMethodAccessorImpl.java:43)
	at java.lang.reflect.Method.invoke(Method.java:498)
	at org.junit.runners.model.FrameworkMethod$1.runReflectiveCall(FrameworkMethod.java:47)
	at org.junit.internal.runners.model.ReflectiveCallable.run(ReflectiveCallable.java:12)
	at org.junit.runners.model.FrameworkMethod.invokeExplosively(FrameworkMethod.java:44)
	at org.junit.internal.runners.statements.RunBefores.evaluate(RunBefores.java:24)
	at org.junit.internal.runners.statements.RunAfters.evaluate(RunAfters.java:27)
	at org.junit.rules.TestWatcher$1.evaluate(TestWatcher.java:55)
	at org.junit.internal.runners.statements.FailOnTimeout$StatementThread.run(FailOnTimeout.java:74)
</error>
    <system-out><![CDATA[2019-09-06 22:01:23,672 [Thread-409] INFO  rpc.RpcClient (RpcClient.java:createVolume(293)) - Creating Volume: volume61071, with user86030 as owner.
2019-09-06 22:01:23,674 [IPC Server handler 6 on 36227] INFO  volume.OMVolumeCreateRequest (OMVolumeCreateRequest.java:validateAndUpdateCache(189)) - created volume:volume61071 for user:user86030
2019-09-06 22:01:23,676 [Thread-409] INFO  rpc.RpcClient (RpcClient.java:createBucket(432)) - Creating Bucket: volume61071/bucket61011, with Versioning false and Storage Type set to DISK and Encryption set to false 
2019-09-06 22:01:23,744 [Thread-409] INFO  contract.AbstractFSContractTestBase (AbstractFSContractTestBase.java:setup(184)) - Test filesystem = o3fs://bucket61011.volume61071 implemented by OzoneFileSystem{URI=o3fs://bucket61011.volume61071, workingDir=o3fs://bucket61011.volume61071/user/jenkins1000, userName=jenkins1000, statistics=0 bytes read, 0 bytes written, 36 read ops, 0 large read ops, 24 write ops}
2019-09-06 22:01:23,765 [grpc-default-executor-4] INFO  impl.RaftServerProxy (RaftServerProxy.java:addNew(89)) - cabf754e-66c5-4603-8900-162c24b4db5c: addNew group-8BA101B4F278:[e4d22c93-acc0-432e-8ff6-ef453016530c:192.168.69.79:43075, 5a50aa92-2737-4252-bffb-c8f2124676ea:192.168.69.79:36465, cabf754e-66c5-4603-8900-162c24b4db5c:192.168.69.79:46375] returns group-8BA101B4F278:java.util.concurrent.CompletableFuture@6273a0a8[Not completed]
2019-09-06 22:01:23,765 [grpc-default-executor-5] INFO  impl.RaftServerProxy (RaftServerProxy.java:addNew(89)) - e4d22c93-acc0-432e-8ff6-ef453016530c: addNew group-8BA101B4F278:[e4d22c93-acc0-432e-8ff6-ef453016530c:192.168.69.79:43075, 5a50aa92-2737-4252-bffb-c8f2124676ea:192.168.69.79:36465, cabf754e-66c5-4603-8900-162c24b4db5c:192.168.69.79:46375] returns group-8BA101B4F278:java.util.concurrent.CompletableFuture@451654d5[Not completed]
2019-09-06 22:01:23,765 [grpc-default-executor-0] INFO  impl.RaftServerProxy (RaftServerProxy.java:addNew(89)) - 5a50aa92-2737-4252-bffb-c8f2124676ea: addNew group-8BA101B4F278:[e4d22c93-acc0-432e-8ff6-ef453016530c:192.168.69.79:43075, 5a50aa92-2737-4252-bffb-c8f2124676ea:192.168.69.79:36465, cabf754e-66c5-4603-8900-162c24b4db5c:192.168.69.79:46375] returns group-8BA101B4F278:java.util.concurrent.CompletableFuture@793bf15c[Not completed]
2019-09-06 22:01:25,030 [Thread-367] INFO  impl.FollowerState (FollowerState.java:run(106)) - e4d22c93-acc0-432e-8ff6-ef453016530c:group-EEED52C9F798 changes to CANDIDATE, lastRpcTime:5011, electionTimeout:5009ms
2019-09-06 22:01:25,031 [Thread-367] INFO  impl.RoleInfo (RoleInfo.java:shutdownFollowerState(121)) - e4d22c93-acc0-432e-8ff6-ef453016530c: shutdown FollowerState
2019-09-06 22:01:25,031 [Thread-367] INFO  impl.RaftServerImpl (RaftServerImpl.java:setRole(171)) - e4d22c93-acc0-432e-8ff6-ef453016530c:group-EEED52C9F798 changes role from FOLLOWER to CANDIDATE at term 1 for changeToCandidate
2019-09-06 22:01:25,031 [Thread-367] INFO  impl.RoleInfo (RoleInfo.java:updateAndGet(143)) - e4d22c93-acc0-432e-8ff6-ef453016530c: start LeaderElection
2019-09-06 22:01:25,053 [e4d22c93-acc0-432e-8ff6-ef453016530c:group-5288F7BADA5A:LeaderElection27] INFO  impl.LeaderElection (LeaderElection.java:askForVotes(181)) - e4d22c93-acc0-432e-8ff6-ef453016530c:group-5288F7BADA5A:LeaderElection27: begin an election at term 2 for -1: [e4d22c93-acc0-432e-8ff6-ef453016530c:192.168.69.79:43075, 5a50aa92-2737-4252-bffb-c8f2124676ea:192.168.69.79:36465, cabf754e-66c5-4603-8900-162c24b4db5c:192.168.69.79:46375], old=null
2019-09-06 22:01:25,053 [cabf754e-66c5-4603-8900-162c24b4db5c:group-2472C3280719:LeaderElection25] INFO  impl.LeaderElection (LeaderElection.java:askForVotes(181)) - cabf754e-66c5-4603-8900-162c24b4db5c:group-2472C3280719:LeaderElection25: begin an election at term 1 for -1: [e4d22c93-acc0-432e-8ff6-ef453016530c:192.168.69.79:43075, 5a50aa92-2737-4252-bffb-c8f2124676ea:192.168.69.79:36465, cabf754e-66c5-4603-8900-162c24b4db5c:192.168.69.79:46375], old=null
2019-09-06 22:01:25,053 [cabf754e-66c5-4603-8900-162c24b4db5c:group-D4E0ABFCC08D:LeaderElection21] INFO  impl.LeaderElection (LeaderElection.java:askForVotes(181)) - cabf754e-66c5-4603-8900-162c24b4db5c:group-D4E0ABFCC08D:LeaderElection21: begin an election at term 1 for -1: [e4d22c93-acc0-432e-8ff6-ef453016530c:192.168.69.79:43075, 5a50aa92-2737-4252-bffb-c8f2124676ea:192.168.69.79:36465, cabf754e-66c5-4603-8900-162c24b4db5c:192.168.69.79:46375], old=null
2019-09-06 22:01:25,053 [5a50aa92-2737-4252-bffb-c8f2124676ea:group-5288F7BADA5A:LeaderElection22] INFO  impl.LeaderElection (LeaderElection.java:askForVotes(181)) - 5a50aa92-2737-4252-bffb-c8f2124676ea:group-5288F7BADA5A:LeaderElection22: begin an election at term 2 for -1: [e4d22c93-acc0-432e-8ff6-ef453016530c:192.168.69.79:43075, 5a50aa92-2737-4252-bffb-c8f2124676ea:192.168.69.79:36465, cabf754e-66c5-4603-8900-162c24b4db5c:192.168.69.79:46375], old=null
2019-09-06 22:01:25,053 [5a50aa92-2737-4252-bffb-c8f2124676ea:group-D4E0ABFCC08D:LeaderElection28] INFO  impl.LeaderElection (LeaderElection.java:askForVotes(181)) - 5a50aa92-2737-4252-bffb-c8f2124676ea:group-D4E0ABFCC08D:LeaderElection28: begin an election at term 1 for -1: [e4d22c93-acc0-432e-8ff6-ef453016530c:192.168.69.79:43075, 5a50aa92-2737-4252-bffb-c8f2124676ea:192.168.69.79:36465, cabf754e-66c5-4603-8900-162c24b4db5c:192.168.69.79:46375], old=null
2019-09-06 22:01:25,053 [cabf754e-66c5-4603-8900-162c24b4db5c:group-677E93E50466:LeaderElection18] INFO  impl.LeaderElection (LeaderElection.java:askForVotes(181)) - cabf754e-66c5-4603-8900-162c24b4db5c:group-677E93E50466:LeaderElection18: begin an election at term 3 for -1: [e4d22c93-acc0-432e-8ff6-ef453016530c:192.168.69.79:43075, 5a50aa92-2737-4252-bffb-c8f2124676ea:192.168.69.79:36465, cabf754e-66c5-4603-8900-162c24b4db5c:192.168.69.79:46375], old=null
2019-09-06 22:01:25,053 [5a50aa92-2737-4252-bffb-c8f2124676ea:group-2472C3280719:LeaderElection23] INFO  impl.LeaderElection (LeaderElection.java:askForVotes(181)) - 5a50aa92-2737-4252-bffb-c8f2124676ea:group-2472C3280719:LeaderElection23: begin an election at term 1 for -1: [e4d22c93-acc0-432e-8ff6-ef453016530c:192.168.69.79:43075, 5a50aa92-2737-4252-bffb-c8f2124676ea:192.168.69.79:36465, cabf754e-66c5-4603-8900-162c24b4db5c:192.168.69.79:46375], old=null
2019-09-06 22:01:25,053 [e4d22c93-acc0-432e-8ff6-ef453016530c:group-D4E0ABFCC08D:LeaderElection26] INFO  impl.LeaderElection (LeaderElection.java:askForVotes(181)) - e4d22c93-acc0-432e-8ff6-ef453016530c:group-D4E0ABFCC08D:LeaderElection26: begin an election at term 1 for -1: [e4d22c93-acc0-432e-8ff6-ef453016530c:192.168.69.79:43075, 5a50aa92-2737-4252-bffb-c8f2124676ea:192.168.69.79:36465, cabf754e-66c5-4603-8900-162c24b4db5c:192.168.69.79:46375], old=null
2019-09-06 22:01:25,053 [5a50aa92-2737-4252-bffb-c8f2124676ea:group-677E93E50466:LeaderElection20] INFO  impl.LeaderElection (LeaderElection.java:askForVotes(181)) - 5a50aa92-2737-4252-bffb-c8f2124676ea:group-677E93E50466:LeaderElection20: begin an election at term 3 for -1: [e4d22c93-acc0-432e-8ff6-ef453016530c:192.168.69.79:43075, 5a50aa92-2737-4252-bffb-c8f2124676ea:192.168.69.79:36465, cabf754e-66c5-4603-8900-162c24b4db5c:192.168.69.79:46375], old=null
2019-09-06 22:01:25,053 [cabf754e-66c5-4603-8900-162c24b4db5c:group-5288F7BADA5A:LeaderElection29] INFO  impl.LeaderElection (LeaderElection.java:askForVotes(181)) - cabf754e-66c5-4603-8900-162c24b4db5c:group-5288F7BADA5A:LeaderElection29: begin an election at term 2 for -1: [e4d22c93-acc0-432e-8ff6-ef453016530c:192.168.69.79:43075, 5a50aa92-2737-4252-bffb-c8f2124676ea:192.168.69.79:36465, cabf754e-66c5-4603-8900-162c24b4db5c:192.168.69.79:46375], old=null
2019-09-06 22:01:25,053 [e4d22c93-acc0-432e-8ff6-ef453016530c:group-2472C3280719:LeaderElection24] INFO  impl.LeaderElection (LeaderElection.java:askForVotes(181)) - e4d22c93-acc0-432e-8ff6-ef453016530c:group-2472C3280719:LeaderElection24: begin an election at term 1 for -1: [e4d22c93-acc0-432e-8ff6-ef453016530c:192.168.69.79:43075, 5a50aa92-2737-4252-bffb-c8f2124676ea:192.168.69.79:36465, cabf754e-66c5-4603-8900-162c24b4db5c:192.168.69.79:46375], old=null
2019-09-06 22:01:25,053 [e4d22c93-acc0-432e-8ff6-ef453016530c:group-677E93E50466:LeaderElection19] INFO  impl.LeaderElection (LeaderElection.java:askForVotes(181)) - e4d22c93-acc0-432e-8ff6-ef453016530c:group-677E93E50466:LeaderElection19: begin an election at term 3 for -1: [e4d22c93-acc0-432e-8ff6-ef453016530c:192.168.69.79:43075, 5a50aa92-2737-4252-bffb-c8f2124676ea:192.168.69.79:36465, cabf754e-66c5-4603-8900-162c24b4db5c:192.168.69.79:46375], old=null
2019-09-06 22:01:25,076 [cabf754e-66c5-4603-8900-162c24b4db5c:group-D4E0ABFCC08D:LeaderElection21] INFO  impl.LeaderElection (LeaderElection.java:logAndReturn(56)) - cabf754e-66c5-4603-8900-162c24b4db5c:group-D4E0ABFCC08D:LeaderElection21: Election REJECTED; received 2 response(s) [cabf754e-66c5-4603-8900-162c24b4db5c<-e4d22c93-acc0-432e-8ff6-ef453016530c#0:FAIL-t1, cabf754e-66c5-4603-8900-162c24b4db5c<-5a50aa92-2737-4252-bffb-c8f2124676ea#0:FAIL-t1] and 0 exception(s); cabf754e-66c5-4603-8900-162c24b4db5c:t1, leader=null, voted=cabf754e-66c5-4603-8900-162c24b4db5c, raftlog=cabf754e-66c5-4603-8900-162c24b4db5c-SegmentedRaftLog:OPENED:c-1,f-1,i0, conf=-1: [e4d22c93-acc0-432e-8ff6-ef453016530c:192.168.69.79:43075, 5a50aa92-2737-4252-bffb-c8f2124676ea:192.168.69.79:36465, cabf754e-66c5-4603-8900-162c24b4db5c:192.168.69.79:46375], old=null
2019-09-06 22:01:25,076 [5a50aa92-2737-4252-bffb-c8f2124676ea:group-D4E0ABFCC08D:LeaderElection28] INFO  impl.LeaderElection (LeaderElection.java:logAndReturn(56)) - 5a50aa92-2737-4252-bffb-c8f2124676ea:group-D4E0ABFCC08D:LeaderElection28: Election REJECTED; received 2 response(s) [5a50aa92-2737-4252-bffb-c8f2124676ea<-e4d22c93-acc0-432e-8ff6-ef453016530c#0:FAIL-t1, 5a50aa92-2737-4252-bffb-c8f2124676ea<-cabf754e-66c5-4603-8900-162c24b4db5c#0:FAIL-t1] and 0 exception(s); 5a50aa92-2737-4252-bffb-c8f2124676ea:t1, leader=null, voted=5a50aa92-2737-4252-bffb-c8f2124676ea, raftlog=5a50aa92-2737-4252-bffb-c8f2124676ea-SegmentedRaftLog:OPENED:c-1,f-1,i0, conf=-1: [e4d22c93-acc0-432e-8ff6-ef453016530c:192.168.69.79:43075, 5a50aa92-2737-4252-bffb-c8f2124676ea:192.168.69.79:36465, cabf754e-66c5-4603-8900-162c24b4db5c:192.168.69.79:46375], old=null
2019-09-06 22:01:25,076 [cabf754e-66c5-4603-8900-162c24b4db5c:group-D4E0ABFCC08D:LeaderElection21] INFO  impl.RaftServerImpl (RaftServerImpl.java:setRole(171)) - cabf754e-66c5-4603-8900-162c24b4db5c:group-D4E0ABFCC08D changes role from CANDIDATE to FOLLOWER at term 1 for DISCOVERED_A_NEW_TERM
2019-09-06 22:01:25,079 [5a50aa92-2737-4252-bffb-c8f2124676ea:group-D4E0ABFCC08D:LeaderElection28] INFO  impl.RaftServerImpl (RaftServerImpl.java:setRole(171)) - 5a50aa92-2737-4252-bffb-c8f2124676ea:group-D4E0ABFCC08D changes role from CANDIDATE to FOLLOWER at term 1 for DISCOVERED_A_NEW_TERM
2019-09-06 22:01:25,082 [5a50aa92-2737-4252-bffb-c8f2124676ea:group-D4E0ABFCC08D:LeaderElection28] INFO  impl.RoleInfo (RoleInfo.java:shutdownLeaderElection(134)) - 5a50aa92-2737-4252-bffb-c8f2124676ea: shutdown LeaderElection
2019-09-06 22:01:25,080 [cabf754e-66c5-4603-8900-162c24b4db5c:group-2472C3280719:LeaderElection25] INFO  impl.LeaderElection (LeaderElection.java:logAndReturn(56)) - cabf754e-66c5-4603-8900-162c24b4db5c:group-2472C3280719:LeaderElection25: Election REJECTED; received 2 response(s) [cabf754e-66c5-4603-8900-162c24b4db5c<-e4d22c93-acc0-432e-8ff6-ef453016530c#0:FAIL-t1, cabf754e-66c5-4603-8900-162c24b4db5c<-5a50aa92-2737-4252-bffb-c8f2124676ea#0:FAIL-t1] and 0 exception(s); cabf754e-66c5-4603-8900-162c24b4db5c:t1, leader=null, voted=cabf754e-66c5-4603-8900-162c24b4db5c, raftlog=cabf754e-66c5-4603-8900-162c24b4db5c-SegmentedRaftLog:OPENED:c-1,f-1,i0, conf=-1: [e4d22c93-acc0-432e-8ff6-ef453016530c:192.168.69.79:43075, 5a50aa92-2737-4252-bffb-c8f2124676ea:192.168.69.79:36465, cabf754e-66c5-4603-8900-162c24b4db5c:192.168.69.79:46375], old=null
2019-09-06 22:01:25,080 [5a50aa92-2737-4252-bffb-c8f2124676ea:group-677E93E50466:LeaderElection20] INFO  impl.LeaderElection (LeaderElection.java:logAndReturn(56)) - 5a50aa92-2737-4252-bffb-c8f2124676ea:group-677E93E50466:LeaderElection20: Election REJECTED; received 2 response(s) [5a50aa92-2737-4252-bffb-c8f2124676ea<-e4d22c93-acc0-432e-8ff6-ef453016530c#0:FAIL-t3, 5a50aa92-2737-4252-bffb-c8f2124676ea<-cabf754e-66c5-4603-8900-162c24b4db5c#0:FAIL-t3] and 0 exception(s); 5a50aa92-2737-4252-bffb-c8f2124676ea:t3, leader=null, voted=5a50aa92-2737-4252-bffb-c8f2124676ea, raftlog=5a50aa92-2737-4252-bffb-c8f2124676ea-SegmentedRaftLog:OPENED:c-1,f-1,i0, conf=-1: [e4d22c93-acc0-432e-8ff6-ef453016530c:192.168.69.79:43075, 5a50aa92-2737-4252-bffb-c8f2124676ea:192.168.69.79:36465, cabf754e-66c5-4603-8900-162c24b4db5c:192.168.69.79:46375], old=null
2019-09-06 22:01:25,080 [cabf754e-66c5-4603-8900-162c24b4db5c:group-D4E0ABFCC08D:LeaderElection21] INFO  impl.RoleInfo (RoleInfo.java:shutdownLeaderElection(134)) - cabf754e-66c5-4603-8900-162c24b4db5c: shutdown LeaderElection
2019-09-06 22:01:25,082 [5a50aa92-2737-4252-bffb-c8f2124676ea:group-2472C3280719:LeaderElection23] INFO  impl.LeaderElection (LeaderElection.java:logAndReturn(56)) - 5a50aa92-2737-4252-bffb-c8f2124676ea:group-2472C3280719:LeaderElection23: Election REJECTED; received 2 response(s) [5a50aa92-2737-4252-bffb-c8f2124676ea<-e4d22c93-acc0-432e-8ff6-ef453016530c#0:FAIL-t1, 5a50aa92-2737-4252-bffb-c8f2124676ea<-cabf754e-66c5-4603-8900-162c24b4db5c#0:FAIL-t1] and 0 exception(s); 5a50aa92-2737-4252-bffb-c8f2124676ea:t1, leader=null, voted=5a50aa92-2737-4252-bffb-c8f2124676ea, raftlog=5a50aa92-2737-4252-bffb-c8f2124676ea-SegmentedRaftLog:OPENED:c-1,f-1,i0, conf=-1: [e4d22c93-acc0-432e-8ff6-ef453016530c:192.168.69.79:43075, 5a50aa92-2737-4252-bffb-c8f2124676ea:192.168.69.79:36465, cabf754e-66c5-4603-8900-162c24b4db5c:192.168.69.79:46375], old=null
2019-09-06 22:01:25,082 [cabf754e-66c5-4603-8900-162c24b4db5c:group-5288F7BADA5A:LeaderElection29] INFO  impl.LeaderElection (LeaderElection.java:logAndReturn(56)) - cabf754e-66c5-4603-8900-162c24b4db5c:group-5288F7BADA5A:LeaderElection29: Election REJECTED; received 2 response(s) [cabf754e-66c5-4603-8900-162c24b4db5c<-e4d22c93-acc0-432e-8ff6-ef453016530c#0:FAIL-t2, cabf754e-66c5-4603-8900-162c24b4db5c<-5a50aa92-2737-4252-bffb-c8f2124676ea#0:FAIL-t2] and 0 exception(s); cabf754e-66c5-4603-8900-162c24b4db5c:t2, leader=null, voted=cabf754e-66c5-4603-8900-162c24b4db5c, raftlog=cabf754e-66c5-4603-8900-162c24b4db5c-SegmentedRaftLog:OPENED:c-1,f-1,i0, conf=-1: [e4d22c93-acc0-432e-8ff6-ef453016530c:192.168.69.79:43075, 5a50aa92-2737-4252-bffb-c8f2124676ea:192.168.69.79:36465, cabf754e-66c5-4603-8900-162c24b4db5c:192.168.69.79:46375], old=null
2019-09-06 22:01:25,082 [5a50aa92-2737-4252-bffb-c8f2124676ea:group-677E93E50466:LeaderElection20] INFO  impl.RaftServerImpl (RaftServerImpl.java:setRole(171)) - 5a50aa92-2737-4252-bffb-c8f2124676ea:group-677E93E50466 changes role from CANDIDATE to FOLLOWER at term 3 for DISCOVERED_A_NEW_TERM
2019-09-06 22:01:25,082 [cabf754e-66c5-4603-8900-162c24b4db5c:group-2472C3280719:LeaderElection25] INFO  impl.RaftServerImpl (RaftServerImpl.java:setRole(171)) - cabf754e-66c5-4603-8900-162c24b4db5c:group-2472C3280719 changes role from CANDIDATE to FOLLOWER at term 1 for DISCOVERED_A_NEW_TERM
2019-09-06 22:01:25,090 [cabf754e-66c5-4603-8900-162c24b4db5c:group-2472C3280719:LeaderElection25] INFO  impl.RoleInfo (RoleInfo.java:shutdownLeaderElection(134)) - cabf754e-66c5-4603-8900-162c24b4db5c: shutdown LeaderElection
2019-09-06 22:01:25,082 [5a50aa92-2737-4252-bffb-c8f2124676ea:group-D4E0ABFCC08D:LeaderElection28] INFO  impl.RoleInfo (RoleInfo.java:updateAndGet(143)) - 5a50aa92-2737-4252-bffb-c8f2124676ea: start FollowerState
2019-09-06 22:01:25,082 [cabf754e-66c5-4603-8900-162c24b4db5c:group-677E93E50466:LeaderElection18] INFO  impl.LeaderElection (LeaderElection.java:logAndReturn(56)) - cabf754e-66c5-4603-8900-162c24b4db5c:group-677E93E50466:LeaderElection18: Election REJECTED; received 2 response(s) [cabf754e-66c5-4603-8900-162c24b4db5c<-e4d22c93-acc0-432e-8ff6-ef453016530c#0:FAIL-t3, cabf754e-66c5-4603-8900-162c24b4db5c<-5a50aa92-2737-4252-bffb-c8f2124676ea#0:FAIL-t3] and 0 exception(s); cabf754e-66c5-4603-8900-162c24b4db5c:t3, leader=null, voted=cabf754e-66c5-4603-8900-162c24b4db5c, raftlog=cabf754e-66c5-4603-8900-162c24b4db5c-SegmentedRaftLog:OPENED:c-1,f-1,i0, conf=-1: [e4d22c93-acc0-432e-8ff6-ef453016530c:192.168.69.79:43075, 5a50aa92-2737-4252-bffb-c8f2124676ea:192.168.69.79:36465, cabf754e-66c5-4603-8900-162c24b4db5c:192.168.69.79:46375], old=null
2019-09-06 22:01:25,090 [cabf754e-66c5-4603-8900-162c24b4db5c:group-2472C3280719:LeaderElection25] INFO  impl.RoleInfo (RoleInfo.java:updateAndGet(143)) - cabf754e-66c5-4603-8900-162c24b4db5c: start FollowerState
2019-09-06 22:01:25,090 [5a50aa92-2737-4252-bffb-c8f2124676ea:group-677E93E50466:LeaderElection20] INFO  impl.RoleInfo (RoleInfo.java:shutdownLeaderElection(134)) - 5a50aa92-2737-4252-bffb-c8f2124676ea: shutdown LeaderElection
2019-09-06 22:01:25,090 [cabf754e-66c5-4603-8900-162c24b4db5c:group-5288F7BADA5A:LeaderElection29] INFO  impl.RaftServerImpl (RaftServerImpl.java:setRole(171)) - cabf754e-66c5-4603-8900-162c24b4db5c:group-5288F7BADA5A changes role from CANDIDATE to FOLLOWER at term 2 for DISCOVERED_A_NEW_TERM
2019-09-06 22:01:25,090 [5a50aa92-2737-4252-bffb-c8f2124676ea:group-2472C3280719:LeaderElection23] INFO  impl.RaftServerImpl (RaftServerImpl.java:setRole(171)) - 5a50aa92-2737-4252-bffb-c8f2124676ea:group-2472C3280719 changes role from CANDIDATE to FOLLOWER at term 1 for DISCOVERED_A_NEW_TERM
2019-09-06 22:01:25,090 [cabf754e-66c5-4603-8900-162c24b4db5c:group-D4E0ABFCC08D:LeaderElection21] INFO  impl.RoleInfo (RoleInfo.java:updateAndGet(143)) - cabf754e-66c5-4603-8900-162c24b4db5c: start FollowerState
2019-09-06 22:01:25,091 [5a50aa92-2737-4252-bffb-c8f2124676ea:group-2472C3280719:LeaderElection23] INFO  impl.RoleInfo (RoleInfo.java:shutdownLeaderElection(134)) - 5a50aa92-2737-4252-bffb-c8f2124676ea: shutdown LeaderElection
2019-09-06 22:01:25,091 [cabf754e-66c5-4603-8900-162c24b4db5c:group-5288F7BADA5A:LeaderElection29] INFO  impl.RoleInfo (RoleInfo.java:shutdownLeaderElection(134)) - cabf754e-66c5-4603-8900-162c24b4db5c: shutdown LeaderElection
2019-09-06 22:01:25,091 [5a50aa92-2737-4252-bffb-c8f2124676ea:group-677E93E50466:LeaderElection20] INFO  impl.RoleInfo (RoleInfo.java:updateAndGet(143)) - 5a50aa92-2737-4252-bffb-c8f2124676ea: start FollowerState
2019-09-06 22:01:25,091 [cabf754e-66c5-4603-8900-162c24b4db5c:group-677E93E50466:LeaderElection18] INFO  impl.RaftServerImpl (RaftServerImpl.java:setRole(171)) - cabf754e-66c5-4603-8900-162c24b4db5c:group-677E93E50466 changes role from CANDIDATE to FOLLOWER at term 3 for DISCOVERED_A_NEW_TERM
2019-09-06 22:01:25,091 [cabf754e-66c5-4603-8900-162c24b4db5c:group-5288F7BADA5A:LeaderElection29] INFO  impl.RoleInfo (RoleInfo.java:updateAndGet(143)) - cabf754e-66c5-4603-8900-162c24b4db5c: start FollowerState
2019-09-06 22:01:25,091 [5a50aa92-2737-4252-bffb-c8f2124676ea:group-2472C3280719:LeaderElection23] INFO  impl.RoleInfo (RoleInfo.java:updateAndGet(143)) - 5a50aa92-2737-4252-bffb-c8f2124676ea: start FollowerState
2019-09-06 22:01:25,092 [e4d22c93-acc0-432e-8ff6-ef453016530c:group-D4E0ABFCC08D:LeaderElection26] INFO  impl.LeaderElection (LeaderElection.java:logAndReturn(56)) - e4d22c93-acc0-432e-8ff6-ef453016530c:group-D4E0ABFCC08D:LeaderElection26: Election REJECTED; received 2 response(s) [e4d22c93-acc0-432e-8ff6-ef453016530c<-5a50aa92-2737-4252-bffb-c8f2124676ea#0:FAIL-t1, e4d22c93-acc0-432e-8ff6-ef453016530c<-cabf754e-66c5-4603-8900-162c24b4db5c#0:FAIL-t1] and 0 exception(s); e4d22c93-acc0-432e-8ff6-ef453016530c:t1, leader=null, voted=e4d22c93-acc0-432e-8ff6-ef453016530c, raftlog=e4d22c93-acc0-432e-8ff6-ef453016530c-SegmentedRaftLog:OPENED:c-1,f-1,i0, conf=-1: [e4d22c93-acc0-432e-8ff6-ef453016530c:192.168.69.79:43075, 5a50aa92-2737-4252-bffb-c8f2124676ea:192.168.69.79:36465, cabf754e-66c5-4603-8900-162c24b4db5c:192.168.69.79:46375], old=null
2019-09-06 22:01:25,092 [cabf754e-66c5-4603-8900-162c24b4db5c:group-677E93E50466:LeaderElection18] INFO  impl.RoleInfo (RoleInfo.java:shutdownLeaderElection(134)) - cabf754e-66c5-4603-8900-162c24b4db5c: shutdown LeaderElection
2019-09-06 22:01:25,092 [e4d22c93-acc0-432e-8ff6-ef453016530c:group-677E93E50466:LeaderElection19] INFO  impl.LeaderElection (LeaderElection.java:logAndReturn(56)) - e4d22c93-acc0-432e-8ff6-ef453016530c:group-677E93E50466:LeaderElection19: Election REJECTED; received 2 response(s) [e4d22c93-acc0-432e-8ff6-ef453016530c<-5a50aa92-2737-4252-bffb-c8f2124676ea#0:FAIL-t3, e4d22c93-acc0-432e-8ff6-ef453016530c<-cabf754e-66c5-4603-8900-162c24b4db5c#0:FAIL-t3] and 0 exception(s); e4d22c93-acc0-432e-8ff6-ef453016530c:t3, leader=null, voted=e4d22c93-acc0-432e-8ff6-ef453016530c, raftlog=e4d22c93-acc0-432e-8ff6-ef453016530c-SegmentedRaftLog:OPENED:c-1,f-1,i0, conf=-1: [e4d22c93-acc0-432e-8ff6-ef453016530c:192.168.69.79:43075, 5a50aa92-2737-4252-bffb-c8f2124676ea:192.168.69.79:36465, cabf754e-66c5-4603-8900-162c24b4db5c:192.168.69.79:46375], old=null
2019-09-06 22:01:25,092 [cabf754e-66c5-4603-8900-162c24b4db5c:group-677E93E50466:LeaderElection18] INFO  impl.RoleInfo (RoleInfo.java:updateAndGet(143)) - cabf754e-66c5-4603-8900-162c24b4db5c: start FollowerState
2019-09-06 22:01:25,092 [e4d22c93-acc0-432e-8ff6-ef453016530c:group-D4E0ABFCC08D:LeaderElection26] INFO  impl.RaftServerImpl (RaftServerImpl.java:setRole(171)) - e4d22c93-acc0-432e-8ff6-ef453016530c:group-D4E0ABFCC08D changes role from CANDIDATE to FOLLOWER at term 1 for DISCOVERED_A_NEW_TERM
2019-09-06 22:01:25,092 [e4d22c93-acc0-432e-8ff6-ef453016530c:group-677E93E50466:LeaderElection19] INFO  impl.RaftServerImpl (RaftServerImpl.java:setRole(171)) - e4d22c93-acc0-432e-8ff6-ef453016530c:group-677E93E50466 changes role from CANDIDATE to FOLLOWER at term 3 for DISCOVERED_A_NEW_TERM
2019-09-06 22:01:25,093 [e4d22c93-acc0-432e-8ff6-ef453016530c:group-D4E0ABFCC08D:LeaderElection26] INFO  impl.RoleInfo (RoleInfo.java:shutdownLeaderElection(134)) - e4d22c93-acc0-432e-8ff6-ef453016530c: shutdown LeaderElection
2019-09-06 22:01:25,093 [e4d22c93-acc0-432e-8ff6-ef453016530c:group-677E93E50466:LeaderElection19] INFO  impl.RoleInfo (RoleInfo.java:shutdownLeaderElection(134)) - e4d22c93-acc0-432e-8ff6-ef453016530c: shutdown LeaderElection
2019-09-06 22:01:25,093 [e4d22c93-acc0-432e-8ff6-ef453016530c:group-D4E0ABFCC08D:LeaderElection26] INFO  impl.RoleInfo (RoleInfo.java:updateAndGet(143)) - e4d22c93-acc0-432e-8ff6-ef453016530c: start FollowerState
2019-09-06 22:01:25,093 [e4d22c93-acc0-432e-8ff6-ef453016530c:group-677E93E50466:LeaderElection19] INFO  impl.RoleInfo (RoleInfo.java:updateAndGet(143)) - e4d22c93-acc0-432e-8ff6-ef453016530c: start FollowerState
2019-09-06 22:01:25,093 [5a50aa92-2737-4252-bffb-c8f2124676ea:group-5288F7BADA5A:LeaderElection22] INFO  impl.LeaderElection (LeaderElection.java:logAndReturn(56)) - 5a50aa92-2737-4252-bffb-c8f2124676ea:group-5288F7BADA5A:LeaderElection22: Election REJECTED; received 2 response(s) [5a50aa92-2737-4252-bffb-c8f2124676ea<-e4d22c93-acc0-432e-8ff6-ef453016530c#0:FAIL-t2, 5a50aa92-2737-4252-bffb-c8f2124676ea<-cabf754e-66c5-4603-8900-162c24b4db5c#0:FAIL-t2] and 0 exception(s); 5a50aa92-2737-4252-bffb-c8f2124676ea:t2, leader=null, voted=5a50aa92-2737-4252-bffb-c8f2124676ea, raftlog=5a50aa92-2737-4252-bffb-c8f2124676ea-SegmentedRaftLog:OPENED:c-1,f-1,i0, conf=-1: [e4d22c93-acc0-432e-8ff6-ef453016530c:192.168.69.79:43075, 5a50aa92-2737-4252-bffb-c8f2124676ea:192.168.69.79:36465, cabf754e-66c5-4603-8900-162c24b4db5c:192.168.69.79:46375], old=null
2019-09-06 22:01:25,093 [e4d22c93-acc0-432e-8ff6-ef453016530c:group-5288F7BADA5A:LeaderElection27] INFO  impl.LeaderElection (LeaderElection.java:logAndReturn(56)) - e4d22c93-acc0-432e-8ff6-ef453016530c:group-5288F7BADA5A:LeaderElection27: Election REJECTED; received 2 response(s) [e4d22c93-acc0-432e-8ff6-ef453016530c<-5a50aa92-2737-4252-bffb-c8f2124676ea#0:FAIL-t2, e4d22c93-acc0-432e-8ff6-ef453016530c<-cabf754e-66c5-4603-8900-162c24b4db5c#0:FAIL-t2] and 0 exception(s); e4d22c93-acc0-432e-8ff6-ef453016530c:t2, leader=null, voted=e4d22c93-acc0-432e-8ff6-ef453016530c, raftlog=e4d22c93-acc0-432e-8ff6-ef453016530c-SegmentedRaftLog:OPENED:c-1,f-1,i0, conf=-1: [e4d22c93-acc0-432e-8ff6-ef453016530c:192.168.69.79:43075, 5a50aa92-2737-4252-bffb-c8f2124676ea:192.168.69.79:36465, cabf754e-66c5-4603-8900-162c24b4db5c:192.168.69.79:46375], old=null
2019-09-06 22:01:25,093 [e4d22c93-acc0-432e-8ff6-ef453016530c:group-5288F7BADA5A:LeaderElection27] INFO  impl.RaftServerImpl (RaftServerImpl.java:setRole(171)) - e4d22c93-acc0-432e-8ff6-ef453016530c:group-5288F7BADA5A changes role from CANDIDATE to FOLLOWER at term 2 for DISCOVERED_A_NEW_TERM
2019-09-06 22:01:25,093 [e4d22c93-acc0-432e-8ff6-ef453016530c:group-5288F7BADA5A:LeaderElection27] INFO  impl.RoleInfo (RoleInfo.java:shutdownLeaderElection(134)) - e4d22c93-acc0-432e-8ff6-ef453016530c: shutdown LeaderElection
2019-09-06 22:01:25,093 [5a50aa92-2737-4252-bffb-c8f2124676ea:group-5288F7BADA5A:LeaderElection22] INFO  impl.RaftServerImpl (RaftServerImpl.java:setRole(171)) - 5a50aa92-2737-4252-bffb-c8f2124676ea:group-5288F7BADA5A changes role from CANDIDATE to FOLLOWER at term 2 for DISCOVERED_A_NEW_TERM
2019-09-06 22:01:25,094 [e4d22c93-acc0-432e-8ff6-ef453016530c:group-5288F7BADA5A:LeaderElection27] INFO  impl.RoleInfo (RoleInfo.java:updateAndGet(143)) - e4d22c93-acc0-432e-8ff6-ef453016530c: start FollowerState
2019-09-06 22:01:25,094 [e4d22c93-acc0-432e-8ff6-ef453016530c:group-2472C3280719:LeaderElection24] INFO  impl.LeaderElection (LeaderElection.java:logAndReturn(56)) - e4d22c93-acc0-432e-8ff6-ef453016530c:group-2472C3280719:LeaderElection24: Election REJECTED; received 2 response(s) [e4d22c93-acc0-432e-8ff6-ef453016530c<-5a50aa92-2737-4252-bffb-c8f2124676ea#0:FAIL-t1, e4d22c93-acc0-432e-8ff6-ef453016530c<-cabf754e-66c5-4603-8900-162c24b4db5c#0:FAIL-t1] and 0 exception(s); e4d22c93-acc0-432e-8ff6-ef453016530c:t1, leader=null, voted=e4d22c93-acc0-432e-8ff6-ef453016530c, raftlog=e4d22c93-acc0-432e-8ff6-ef453016530c-SegmentedRaftLog:OPENED:c-1,f-1,i0, conf=-1: [e4d22c93-acc0-432e-8ff6-ef453016530c:192.168.69.79:43075, 5a50aa92-2737-4252-bffb-c8f2124676ea:192.168.69.79:36465, cabf754e-66c5-4603-8900-162c24b4db5c:192.168.69.79:46375], old=null
2019-09-06 22:01:25,094 [5a50aa92-2737-4252-bffb-c8f2124676ea:group-5288F7BADA5A:LeaderElection22] INFO  impl.RoleInfo (RoleInfo.java:shutdownLeaderElection(134)) - 5a50aa92-2737-4252-bffb-c8f2124676ea: shutdown LeaderElection
2019-09-06 22:01:25,094 [e4d22c93-acc0-432e-8ff6-ef453016530c:group-2472C3280719:LeaderElection24] INFO  impl.RaftServerImpl (RaftServerImpl.java:setRole(171)) - e4d22c93-acc0-432e-8ff6-ef453016530c:group-2472C3280719 changes role from CANDIDATE to FOLLOWER at term 1 for DISCOVERED_A_NEW_TERM
2019-09-06 22:01:25,094 [e4d22c93-acc0-432e-8ff6-ef453016530c:group-2472C3280719:LeaderElection24] INFO  impl.RoleInfo (RoleInfo.java:shutdownLeaderElection(134)) - e4d22c93-acc0-432e-8ff6-ef453016530c: shutdown LeaderElection
2019-09-06 22:01:25,094 [5a50aa92-2737-4252-bffb-c8f2124676ea:group-5288F7BADA5A:LeaderElection22] INFO  impl.RoleInfo (RoleInfo.java:updateAndGet(143)) - 5a50aa92-2737-4252-bffb-c8f2124676ea: start FollowerState
2019-09-06 22:01:25,094 [e4d22c93-acc0-432e-8ff6-ef453016530c:group-2472C3280719:LeaderElection24] INFO  impl.RoleInfo (RoleInfo.java:updateAndGet(143)) - e4d22c93-acc0-432e-8ff6-ef453016530c: start FollowerState
2019-09-06 22:01:25,143 [Thread-368] INFO  impl.FollowerState (FollowerState.java:run(106)) - cabf754e-66c5-4603-8900-162c24b4db5c:group-EEED52C9F798 changes to CANDIDATE, lastRpcTime:5122, electionTimeout:5120ms
2019-09-06 22:01:25,143 [Thread-368] INFO  impl.RoleInfo (RoleInfo.java:shutdownFollowerState(121)) - cabf754e-66c5-4603-8900-162c24b4db5c: shutdown FollowerState
2019-09-06 22:01:25,143 [Thread-368] INFO  impl.RaftServerImpl (RaftServerImpl.java:setRole(171)) - cabf754e-66c5-4603-8900-162c24b4db5c:group-EEED52C9F798 changes role from FOLLOWER to CANDIDATE at term 1 for changeToCandidate
2019-09-06 22:01:25,143 [Thread-368] INFO  impl.RoleInfo (RoleInfo.java:updateAndGet(143)) - cabf754e-66c5-4603-8900-162c24b4db5c: start LeaderElection
2019-09-06 22:01:25,148 [Thread-369] INFO  impl.FollowerState (FollowerState.java:run(106)) - 5a50aa92-2737-4252-bffb-c8f2124676ea:group-EEED52C9F798 changes to CANDIDATE, lastRpcTime:5124, electionTimeout:5123ms
2019-09-06 22:01:25,148 [Thread-369] INFO  impl.RoleInfo (RoleInfo.java:shutdownFollowerState(121)) - 5a50aa92-2737-4252-bffb-c8f2124676ea: shutdown FollowerState
2019-09-06 22:01:25,148 [Thread-369] INFO  impl.RaftServerImpl (RaftServerImpl.java:setRole(171)) - 5a50aa92-2737-4252-bffb-c8f2124676ea:group-EEED52C9F798 changes role from FOLLOWER to CANDIDATE at term 1 for changeToCandidate
2019-09-06 22:01:25,148 [Thread-369] INFO  impl.RoleInfo (RoleInfo.java:updateAndGet(143)) - 5a50aa92-2737-4252-bffb-c8f2124676ea: start LeaderElection
2019-09-06 22:01:25,269 [Thread-376] INFO  impl.FollowerState (FollowerState.java:run(106)) - e4d22c93-acc0-432e-8ff6-ef453016530c:group-B35610DCD0B6 changes to CANDIDATE, lastRpcTime:5049, electionTimeout:5049ms
2019-09-06 22:01:25,269 [Thread-376] INFO  impl.RoleInfo (RoleInfo.java:shutdownFollowerState(121)) - e4d22c93-acc0-432e-8ff6-ef453016530c: shutdown FollowerState
2019-09-06 22:01:25,269 [Thread-376] INFO  impl.RaftServerImpl (RaftServerImpl.java:setRole(171)) - e4d22c93-acc0-432e-8ff6-ef453016530c:group-B35610DCD0B6 changes role from FOLLOWER to CANDIDATE at term 0 for changeToCandidate
2019-09-06 22:01:25,270 [Thread-376] INFO  impl.RoleInfo (RoleInfo.java:updateAndGet(143)) - e4d22c93-acc0-432e-8ff6-ef453016530c: start LeaderElection
2019-09-06 22:01:25,339 [Thread-380] INFO  impl.FollowerState (FollowerState.java:run(106)) - cabf754e-66c5-4603-8900-162c24b4db5c:group-B35610DCD0B6 changes to CANDIDATE, lastRpcTime:5117, electionTimeout:5117ms
2019-09-06 22:01:25,339 [Thread-380] INFO  impl.RoleInfo (RoleInfo.java:shutdownFollowerState(121)) - cabf754e-66c5-4603-8900-162c24b4db5c: shutdown FollowerState
2019-09-06 22:01:25,339 [Thread-380] INFO  impl.RaftServerImpl (RaftServerImpl.java:setRole(171)) - cabf754e-66c5-4603-8900-162c24b4db5c:group-B35610DCD0B6 changes role from FOLLOWER to CANDIDATE at term 0 for changeToCandidate
2019-09-06 22:01:25,339 [Thread-380] INFO  impl.RoleInfo (RoleInfo.java:updateAndGet(143)) - cabf754e-66c5-4603-8900-162c24b4db5c: start LeaderElection
2019-09-06 22:01:25,353 [Thread-382] INFO  impl.FollowerState (FollowerState.java:run(106)) - 5a50aa92-2737-4252-bffb-c8f2124676ea:group-B35610DCD0B6 changes to CANDIDATE, lastRpcTime:5131, electionTimeout:5131ms
2019-09-06 22:01:25,353 [Thread-382] INFO  impl.RoleInfo (RoleInfo.java:shutdownFollowerState(121)) - 5a50aa92-2737-4252-bffb-c8f2124676ea: shutdown FollowerState
2019-09-06 22:01:25,354 [Thread-382] INFO  impl.RaftServerImpl (RaftServerImpl.java:setRole(171)) - 5a50aa92-2737-4252-bffb-c8f2124676ea:group-B35610DCD0B6 changes role from FOLLOWER to CANDIDATE at term 0 for changeToCandidate
2019-09-06 22:01:25,354 [Thread-382] INFO  impl.RoleInfo (RoleInfo.java:updateAndGet(143)) - 5a50aa92-2737-4252-bffb-c8f2124676ea: start LeaderElection
2019-09-06 22:01:25,372 [Thread-377] INFO  impl.FollowerState (FollowerState.java:run(106)) - 5a50aa92-2737-4252-bffb-c8f2124676ea:group-2299B1DAC38B changes to CANDIDATE, lastRpcTime:5151, electionTimeout:5151ms
2019-09-06 22:01:25,372 [Thread-377] INFO  impl.RoleInfo (RoleInfo.java:shutdownFollowerState(121)) - 5a50aa92-2737-4252-bffb-c8f2124676ea: shutdown FollowerState
2019-09-06 22:01:25,372 [Thread-377] INFO  impl.RaftServerImpl (RaftServerImpl.java:setRole(171)) - 5a50aa92-2737-4252-bffb-c8f2124676ea:group-2299B1DAC38B changes role from FOLLOWER to CANDIDATE at term 0 for changeToCandidate
2019-09-06 22:01:25,372 [Thread-377] INFO  impl.RoleInfo (RoleInfo.java:updateAndGet(143)) - 5a50aa92-2737-4252-bffb-c8f2124676ea: start LeaderElection
2019-09-06 22:01:25,393 [Thread-371] INFO  impl.FollowerState (FollowerState.java:run(106)) - e4d22c93-acc0-432e-8ff6-ef453016530c:group-2299B1DAC38B changes to CANDIDATE, lastRpcTime:5175, electionTimeout:5171ms
2019-09-06 22:01:25,393 [Thread-371] INFO  impl.RoleInfo (RoleInfo.java:shutdownFollowerState(121)) - e4d22c93-acc0-432e-8ff6-ef453016530c: shutdown FollowerState
2019-09-06 22:01:25,393 [Thread-371] INFO  impl.RaftServerImpl (RaftServerImpl.java:setRole(171)) - e4d22c93-acc0-432e-8ff6-ef453016530c:group-2299B1DAC38B changes role from FOLLOWER to CANDIDATE at term 0 for changeToCandidate
2019-09-06 22:01:25,393 [Thread-371] INFO  impl.RoleInfo (RoleInfo.java:updateAndGet(143)) - e4d22c93-acc0-432e-8ff6-ef453016530c: start LeaderElection
2019-09-06 22:01:25,395 [Thread-373] INFO  impl.FollowerState (FollowerState.java:run(106)) - cabf754e-66c5-4603-8900-162c24b4db5c:group-2299B1DAC38B changes to CANDIDATE, lastRpcTime:5176, electionTimeout:5176ms
2019-09-06 22:01:25,396 [Thread-373] INFO  impl.RoleInfo (RoleInfo.java:shutdownFollowerState(121)) - cabf754e-66c5-4603-8900-162c24b4db5c: shutdown FollowerState
2019-09-06 22:01:25,396 [Thread-373] INFO  impl.RaftServerImpl (RaftServerImpl.java:setRole(171)) - cabf754e-66c5-4603-8900-162c24b4db5c:group-2299B1DAC38B changes role from FOLLOWER to CANDIDATE at term 0 for changeToCandidate
2019-09-06 22:01:25,396 [Thread-373] INFO  impl.RoleInfo (RoleInfo.java:updateAndGet(143)) - cabf754e-66c5-4603-8900-162c24b4db5c: start LeaderElection
2019-09-06 22:01:26,273 [pool-67-thread-1] INFO  storage.RaftStorageDirectory (RaftStorageDirectory.java:tryLock(328)) - Lock on /workdir/hadoop-ozone/ozonefs/target/test-dir/MiniOzoneClusterImpl-ca11de5b-e8c1-48c0-9c71-bb1a3ae6d3ec/datanode-4/data/ratis/a73adcee-ec65-49a7-a914-f5608f7bb032/in_use.lock acquired by nodename 3576@pr-hdds-2087-j7wfl-3989464410
2019-09-06 22:01:26,273 [pool-47-thread-1] INFO  storage.RaftStorageDirectory (RaftStorageDirectory.java:tryLock(328)) - Lock on /workdir/hadoop-ozone/ozonefs/target/test-dir/MiniOzoneClusterImpl-ca11de5b-e8c1-48c0-9c71-bb1a3ae6d3ec/datanode-2/data/ratis/a73adcee-ec65-49a7-a914-f5608f7bb032/in_use.lock acquired by nodename 3576@pr-hdds-2087-j7wfl-3989464410
2019-09-06 22:01:26,273 [pool-37-thread-1] INFO  storage.RaftStorageDirectory (RaftStorageDirectory.java:tryLock(328)) - Lock on /workdir/hadoop-ozone/ozonefs/target/test-dir/MiniOzoneClusterImpl-ca11de5b-e8c1-48c0-9c71-bb1a3ae6d3ec/datanode-1/data/ratis/a73adcee-ec65-49a7-a914-f5608f7bb032/in_use.lock acquired by nodename 3576@pr-hdds-2087-j7wfl-3989464410
2019-09-06 22:01:26,762 [RATISCREATEPIPELINE1] ERROR pipeline.RatisPipelineProvider (RatisPipelineProvider.java:lambda$null$5(236)) - Failed invoke Ratis rpc org.apache.hadoop.hdds.scm.pipeline.RatisPipelineProvider$$Lambda$172/1300682258@4334520f for cabf754e-66c5-4603-8900-162c24b4db5c
org.apache.ratis.protocol.TimeoutIOException: deadline exceeded after 2999691727ns
	at org.apache.ratis.grpc.GrpcUtil.tryUnwrapException(GrpcUtil.java:82)
	at org.apache.ratis.grpc.GrpcUtil.unwrapException(GrpcUtil.java:75)
	at org.apache.ratis.grpc.client.GrpcClientProtocolClient.blockingCall(GrpcClientProtocolClient.java:169)
	at org.apache.ratis.grpc.client.GrpcClientProtocolClient.groupAdd(GrpcClientProtocolClient.java:138)
	at org.apache.ratis.grpc.client.GrpcClientRpc.sendRequest(GrpcClientRpc.java:94)
	at org.apache.ratis.client.impl.RaftClientImpl.sendRequest(RaftClientImpl.java:279)
	at org.apache.ratis.client.impl.RaftClientImpl.groupAdd(RaftClientImpl.java:206)
	at org.apache.hadoop.hdds.scm.pipeline.RatisPipelineProvider.lambda$initializePipeline$4(RatisPipelineProvider.java:195)
	at org.apache.hadoop.hdds.scm.pipeline.RatisPipelineProvider.lambda$null$5(RatisPipelineProvider.java:232)
	at java.util.stream.ForEachOps$ForEachOp$OfRef.accept(ForEachOps.java:184)
	at java.util.ArrayList$ArrayListSpliterator.forEachRemaining(ArrayList.java:1382)
	at java.util.stream.AbstractPipeline.copyInto(AbstractPipeline.java:482)
	at java.util.stream.ForEachOps$ForEachTask.compute(ForEachOps.java:291)
	at java.util.concurrent.CountedCompleter.exec(CountedCompleter.java:731)
	at java.util.concurrent.ForkJoinTask.doExec(ForkJoinTask.java:289)
	at java.util.concurrent.ForkJoinTask.doInvoke(ForkJoinTask.java:401)
	at java.util.concurrent.ForkJoinTask.invoke(ForkJoinTask.java:734)
	at java.util.stream.ForEachOps$ForEachOp.evaluateParallel(ForEachOps.java:160)
	at java.util.stream.ForEachOps$ForEachOp$OfRef.evaluateParallel(ForEachOps.java:174)
	at java.util.stream.AbstractPipeline.evaluate(AbstractPipeline.java:233)
	at java.util.stream.ReferencePipeline.forEach(ReferencePipeline.java:418)
	at java.util.stream.ReferencePipeline$Head.forEach(ReferencePipeline.java:583)
	at org.apache.hadoop.hdds.scm.pipeline.RatisPipelineProvider.lambda$callRatisRpc$6(RatisPipelineProvider.java:226)
	at java.util.concurrent.ForkJoinTask$AdaptedRunnableAction.exec(ForkJoinTask.java:1386)
	at java.util.concurrent.ForkJoinTask.doExec(ForkJoinTask.java:289)
	at java.util.concurrent.ForkJoinPool$WorkQueue.runTask(ForkJoinPool.java:1056)
	at java.util.concurrent.ForkJoinPool.runWorker(ForkJoinPool.java:1692)
	at java.util.concurrent.ForkJoinWorkerThread.run(ForkJoinWorkerThread.java:157)
Caused by: org.apache.ratis.thirdparty.io.grpc.StatusRuntimeException: DEADLINE_EXCEEDED: deadline exceeded after 2999691727ns
	at org.apache.ratis.thirdparty.io.grpc.stub.ClientCalls.toStatusRuntimeException(ClientCalls.java:233)
	at org.apache.ratis.thirdparty.io.grpc.stub.ClientCalls.getUnchecked(ClientCalls.java:214)
	at org.apache.ratis.thirdparty.io.grpc.stub.ClientCalls.blockingUnaryCall(ClientCalls.java:139)
	at org.apache.ratis.proto.grpc.AdminProtocolServiceGrpc$AdminProtocolServiceBlockingStub.groupManagement(AdminProtocolServiceGrpc.java:274)
	at org.apache.ratis.grpc.client.GrpcClientProtocolClient.lambda$groupAdd$3(GrpcClientProtocolClient.java:140)
	at org.apache.ratis.grpc.client.GrpcClientProtocolClient.blockingCall(GrpcClientProtocolClient.java:167)
	... 25 more
2019-09-06 22:01:26,762 [RATISCREATEPIPELINE2] ERROR pipeline.RatisPipelineProvider (RatisPipelineProvider.java:lambda$null$5(236)) - Failed invoke Ratis rpc org.apache.hadoop.hdds.scm.pipeline.RatisPipelineProvider$$Lambda$172/1300682258@4334520f for e4d22c93-acc0-432e-8ff6-ef453016530c
org.apache.ratis.protocol.TimeoutIOException: deadline exceeded after 2999691747ns
	at org.apache.ratis.grpc.GrpcUtil.tryUnwrapException(GrpcUtil.java:82)
	at org.apache.ratis.grpc.GrpcUtil.unwrapException(GrpcUtil.java:75)
	at org.apache.ratis.grpc.client.GrpcClientProtocolClient.blockingCall(GrpcClientProtocolClient.java:169)
	at org.apache.ratis.grpc.client.GrpcClientProtocolClient.groupAdd(GrpcClientProtocolClient.java:138)
	at org.apache.ratis.grpc.client.GrpcClientRpc.sendRequest(GrpcClientRpc.java:94)
	at org.apache.ratis.client.impl.RaftClientImpl.sendRequest(RaftClientImpl.java:279)
	at org.apache.ratis.client.impl.RaftClientImpl.groupAdd(RaftClientImpl.java:206)
	at org.apache.hadoop.hdds.scm.pipeline.RatisPipelineProvider.lambda$initializePipeline$4(RatisPipelineProvider.java:195)
	at org.apache.hadoop.hdds.scm.pipeline.RatisPipelineProvider.lambda$null$5(RatisPipelineProvider.java:232)
	at java.util.stream.ForEachOps$ForEachOp$OfRef.accept(ForEachOps.java:184)
	at java.util.ArrayList$ArrayListSpliterator.forEachRemaining(ArrayList.java:1382)
	at java.util.stream.AbstractPipeline.copyInto(AbstractPipeline.java:482)
	at java.util.stream.ForEachOps$ForEachTask.compute(ForEachOps.java:291)
	at java.util.concurrent.CountedCompleter.exec(CountedCompleter.java:731)
	at java.util.concurrent.ForkJoinTask.doExec(ForkJoinTask.java:289)
	at java.util.concurrent.ForkJoinPool$WorkQueue.runTask(ForkJoinPool.java:1056)
	at java.util.concurrent.ForkJoinPool.runWorker(ForkJoinPool.java:1692)
	at java.util.concurrent.ForkJoinWorkerThread.run(ForkJoinWorkerThread.java:157)
Caused by: org.apache.ratis.thirdparty.io.grpc.StatusRuntimeException: DEADLINE_EXCEEDED: deadline exceeded after 2999691747ns
	at org.apache.ratis.thirdparty.io.grpc.stub.ClientCalls.toStatusRuntimeException(ClientCalls.java:233)
	at org.apache.ratis.thirdparty.io.grpc.stub.ClientCalls.getUnchecked(ClientCalls.java:214)
	at org.apache.ratis.thirdparty.io.grpc.stub.ClientCalls.blockingUnaryCall(ClientCalls.java:139)
	at org.apache.ratis.proto.grpc.AdminProtocolServiceGrpc$AdminProtocolServiceBlockingStub.groupManagement(AdminProtocolServiceGrpc.java:274)
	at org.apache.ratis.grpc.client.GrpcClientProtocolClient.lambda$groupAdd$3(GrpcClientProtocolClient.java:140)
	at org.apache.ratis.grpc.client.GrpcClientProtocolClient.blockingCall(GrpcClientProtocolClient.java:167)
	... 15 more
2019-09-06 22:01:26,762 [RATISCREATEPIPELINE3] ERROR pipeline.RatisPipelineProvider (RatisPipelineProvider.java:lambda$null$5(236)) - Failed invoke Ratis rpc org.apache.hadoop.hdds.scm.pipeline.RatisPipelineProvider$$Lambda$172/1300682258@4334520f for 5a50aa92-2737-4252-bffb-c8f2124676ea
org.apache.ratis.protocol.TimeoutIOException: deadline exceeded after 2999691483ns
	at org.apache.ratis.grpc.GrpcUtil.tryUnwrapException(GrpcUtil.java:82)
	at org.apache.ratis.grpc.GrpcUtil.unwrapException(GrpcUtil.java:75)
	at org.apache.ratis.grpc.client.GrpcClientProtocolClient.blockingCall(GrpcClientProtocolClient.java:169)
	at org.apache.ratis.grpc.client.GrpcClientProtocolClient.groupAdd(GrpcClientProtocolClient.java:138)
	at org.apache.ratis.grpc.client.GrpcClientRpc.sendRequest(GrpcClientRpc.java:94)
	at org.apache.ratis.client.impl.RaftClientImpl.sendRequest(RaftClientImpl.java:279)
	at org.apache.ratis.client.impl.RaftClientImpl.groupAdd(RaftClientImpl.java:206)
	at org.apache.hadoop.hdds.scm.pipeline.RatisPipelineProvider.lambda$initializePipeline$4(RatisPipelineProvider.java:195)
	at org.apache.hadoop.hdds.scm.pipeline.RatisPipelineProvider.lambda$null$5(RatisPipelineProvider.java:232)
	at java.util.stream.ForEachOps$ForEachOp$OfRef.accept(ForEachOps.java:184)
	at java.util.ArrayList$ArrayListSpliterator.forEachRemaining(ArrayList.java:1382)
	at java.util.stream.AbstractPipeline.copyInto(AbstractPipeline.java:482)
	at java.util.stream.ForEachOps$ForEachTask.compute(ForEachOps.java:291)
	at java.util.concurrent.CountedCompleter.exec(CountedCompleter.java:731)
	at java.util.concurrent.ForkJoinTask.doExec(ForkJoinTask.java:289)
	at java.util.concurrent.ForkJoinPool$WorkQueue.runTask(ForkJoinPool.java:1056)
	at java.util.concurrent.ForkJoinPool.runWorker(ForkJoinPool.java:1692)
	at java.util.concurrent.ForkJoinWorkerThread.run(ForkJoinWorkerThread.java:157)
Caused by: org.apache.ratis.thirdparty.io.grpc.StatusRuntimeException: DEADLINE_EXCEEDED: deadline exceeded after 2999691483ns
	at org.apache.ratis.thirdparty.io.grpc.stub.ClientCalls.toStatusRuntimeException(ClientCalls.java:233)
	at org.apache.ratis.thirdparty.io.grpc.stub.ClientCalls.getUnchecked(ClientCalls.java:214)
	at org.apache.ratis.thirdparty.io.grpc.stub.ClientCalls.blockingUnaryCall(ClientCalls.java:139)
	at org.apache.ratis.proto.grpc.AdminProtocolServiceGrpc$AdminProtocolServiceBlockingStub.groupManagement(AdminProtocolServiceGrpc.java:274)
	at org.apache.ratis.grpc.client.GrpcClientProtocolClient.lambda$groupAdd$3(GrpcClientProtocolClient.java:140)
	at org.apache.ratis.grpc.client.GrpcClientProtocolClient.blockingCall(GrpcClientProtocolClient.java:167)
	... 15 more
2019-09-06 22:01:26,768 [IPC Server handler 12 on 34478] WARN  block.BlockManagerImpl (BlockManagerImpl.java:allocateBlock(192)) - Pipeline creation failed for type:RATIS factor:THREE. Retrying get pipelines call once.
org.apache.hadoop.io.MultipleIOException: 3 exceptions [java.io.IOException: Failed invoke Ratis rpc org.apache.hadoop.hdds.scm.pipeline.RatisPipelineProvider$$Lambda$172/1300682258@4334520f for cabf754e-66c5-4603-8900-162c24b4db5c, java.io.IOException: Failed invoke Ratis rpc org.apache.hadoop.hdds.scm.pipeline.RatisPipelineProvider$$Lambda$172/1300682258@4334520f for e4d22c93-acc0-432e-8ff6-ef453016530c, java.io.IOException: Failed invoke Ratis rpc org.apache.hadoop.hdds.scm.pipeline.RatisPipelineProvider$$Lambda$172/1300682258@4334520f for 5a50aa92-2737-4252-bffb-c8f2124676ea]
	at org.apache.hadoop.io.MultipleIOException.createIOException(MultipleIOException.java:53)
	at org.apache.hadoop.hdds.scm.pipeline.RatisPipelineProvider.callRatisRpc(RatisPipelineProvider.java:252)
	at org.apache.hadoop.hdds.scm.pipeline.RatisPipelineProvider.initializePipeline(RatisPipelineProvider.java:193)
	at org.apache.hadoop.hdds.scm.pipeline.RatisPipelineProvider.create(RatisPipelineProvider.java:162)
	at org.apache.hadoop.hdds.scm.pipeline.PipelineFactory.create(PipelineFactory.java:57)
	at org.apache.hadoop.hdds.scm.pipeline.SCMPipelineManager.createPipeline(SCMPipelineManager.java:151)
	at org.apache.hadoop.hdds.scm.block.BlockManagerImpl.allocateBlock(BlockManagerImpl.java:190)
	at org.apache.hadoop.hdds.scm.server.SCMBlockProtocolServer.allocateBlock(SCMBlockProtocolServer.java:182)
	at org.apache.hadoop.ozone.protocolPB.ScmBlockLocationProtocolServerSideTranslatorPB.allocateScmBlock(ScmBlockLocationProtocolServerSideTranslatorPB.java:183)
	at org.apache.hadoop.ozone.protocolPB.ScmBlockLocationProtocolServerSideTranslatorPB.processMessage(ScmBlockLocationProtocolServerSideTranslatorPB.java:141)
	at org.apache.hadoop.ozone.protocolPB.ScmBlockLocationProtocolServerSideTranslatorPB.send(ScmBlockLocationProtocolServerSideTranslatorPB.java:116)
	at org.apache.hadoop.hdds.protocol.proto.ScmBlockLocationProtocolProtos$ScmBlockLocationProtocolService$2.callBlockingMethod(ScmBlockLocationProtocolProtos.java:13157)
	at org.apache.hadoop.ipc.ProtobufRpcEngine$Server$ProtoBufRpcInvoker.call(ProtobufRpcEngine.java:524)
	at org.apache.hadoop.ipc.RPC$Server.call(RPC.java:1025)
	at org.apache.hadoop.ipc.Server$RpcCall.run(Server.java:876)
	at org.apache.hadoop.ipc.Server$RpcCall.run(Server.java:822)
	at java.security.AccessController.doPrivileged(Native Method)
	at javax.security.auth.Subject.doAs(Subject.java:422)
	at org.apache.hadoop.security.UserGroupInformation.doAs(UserGroupInformation.java:1730)
	at org.apache.hadoop.ipc.Server$Handler.run(Server.java:2682)
2019-09-06 22:01:26,769 [IPC Server handler 12 on 34478] INFO  block.BlockManagerImpl (BlockManagerImpl.java:allocateBlock(198)) - Could not find available pipeline of type:RATIS and factor:THREE even after retrying
2019-09-06 22:01:26,769 [IPC Server handler 12 on 34478] ERROR block.BlockManagerImpl (BlockManagerImpl.java:allocateBlock(222)) - Unable to allocate a block for the size: 4194304, type: RATIS, factor: THREE
]]></system-out>
  </testcase>
  <testcase name="testPositionedBulkReadDoesntChangePosition" classname="org.apache.hadoop.fs.ozone.contract.ITestOzoneContractSeek" time="7.903"/>
  <testcase name="testSeekBigFile" classname="org.apache.hadoop.fs.ozone.contract.ITestOzoneContractSeek" time="0.316"/>
  <testcase name="testSeekFile" classname="org.apache.hadoop.fs.ozone.contract.ITestOzoneContractSeek" time="0.23"/>
  <testcase name="testSeekZeroByteFile" classname="org.apache.hadoop.fs.ozone.contract.ITestOzoneContractSeek" time="0.177"/>
  <testcase name="testReadFullyPastEOF" classname="org.apache.hadoop.fs.ozone.contract.ITestOzoneContractSeek" time="0.42"/>
</testsuite>