<?xml version="1.0" encoding="UTF-8"?>
<testsuite xmlns:xsi="http://www.w3.org/2001/XMLSchema-instance" xsi:noNamespaceSchemaLocation="https://maven.apache.org/surefire/maven-surefire-plugin/xsd/surefire-test-report.xsd" name="org.apache.hadoop.ozone.client.rpc.TestWatchForCommit" time="252.838" tests="5" errors="1" skipped="0" failures="0">
  <properties>
    <property name="awt.toolkit" value="sun.awt.X11.XToolkit"/>
    <property name="file.encoding.pkg" value="sun.io"/>
    <property name="java.specification.version" value="1.8"/>
    <property name="sun.cpu.isalist" value=""/>
    <property name="sun.jnu.encoding" value="UTF-8"/>
    <property name="java.class.path" value="/workdir/hadoop-ozone/integration-test/target/test-classes:/workdir/hadoop-ozone/integration-test/target/classes:/home/user/.m2/repository/org/apache/hadoop/hadoop-ozone-common/0.5.0-SNAPSHOT/hadoop-ozone-common-0.5.0-SNAPSHOT.jar:/home/user/.m2/repository/org/apache/commons/commons-compress/1.4.1/commons-compress-1.4.1.jar:/home/user/.m2/repository/org/tukaani/xz/1.0/xz-1.0.jar:/home/user/.m2/repository/org/apache/hadoop/hadoop-common/3.2.0/hadoop-common-3.2.0.jar:/home/user/.m2/repository/org/apache/hadoop/hadoop-hdfs/3.2.0/hadoop-hdfs-3.2.0.jar:/home/user/.m2/repository/org/apache/hadoop/hadoop-hdfs-client/3.2.0/hadoop-hdfs-client-3.2.0.jar:/home/user/.m2/repository/com/fasterxml/jackson/core/jackson-annotations/2.9.5/jackson-annotations-2.9.5.jar:/home/user/.m2/repository/org/apache/hadoop/hadoop-hdds-common/0.5.0-SNAPSHOT/hadoop-hdds-common-0.5.0-SNAPSHOT.jar:/home/user/.m2/repository/javax/annotation/javax.annotation-api/1.2/javax.annotation-api-1.2.jar:/home/user/.m2/repository/org/apache/ratis/ratis-server/0.4.0-2337318-SNAPSHOT/ratis-server-0.4.0-2337318-SNAPSHOT.jar:/home/user/.m2/repository/org/apache/ratis/ratis-thirdparty-misc/0.2.0/ratis-thirdparty-misc-0.2.0.jar:/home/user/.m2/repository/org/apache/ratis/ratis-proto/0.4.0-2337318-SNAPSHOT/ratis-proto-0.4.0-2337318-SNAPSHOT.jar:/home/user/.m2/repository/org/apache/ratis/ratis-common/0.4.0-2337318-SNAPSHOT/ratis-common-0.4.0-2337318-SNAPSHOT.jar:/home/user/.m2/repository/org/apache/ratis/ratis-client/0.4.0-2337318-SNAPSHOT/ratis-client-0.4.0-2337318-SNAPSHOT.jar:/home/user/.m2/repository/org/apache/ratis/ratis-metrics/0.4.0-2337318-SNAPSHOT/ratis-metrics-0.4.0-2337318-SNAPSHOT.jar:/home/user/.m2/repository/org/apache/ratis/ratis-netty/0.4.0-2337318-SNAPSHOT/ratis-netty-0.4.0-2337318-SNAPSHOT.jar:/home/user/.m2/repository/org/apache/ratis/ratis-grpc/0.4.0-2337318-SNAPSHOT/ratis-grpc-0.4.0-2337318-SNAPSHOT.jar:/home/user/.m2/repository/org/rocksdb/rocksdbjni/6.0.1/rocksdbjni-6.0.1.jar:/home/user/.m2/repository/org/apache/logging/log4j/log4j-api/2.11.0/log4j-api-2.11.0.jar:/home/user/.m2/repository/org/apache/logging/log4j/log4j-core/2.11.0/log4j-core-2.11.0.jar:/home/user/.m2/repository/com/lmax/disruptor/3.4.2/disruptor-3.4.2.jar:/home/user/.m2/repository/org/apache/commons/commons-pool2/2.6.0/commons-pool2-2.6.0.jar:/home/user/.m2/repository/org/bouncycastle/bcpkix-jdk15on/1.60/bcpkix-jdk15on-1.60.jar:/home/user/.m2/repository/commons-validator/commons-validator/1.6/commons-validator-1.6.jar:/home/user/.m2/repository/commons-digester/commons-digester/1.8.1/commons-digester-1.8.1.jar:/home/user/.m2/repository/io/jaegertracing/jaeger-client/0.33.1/jaeger-client-0.33.1.jar:/home/user/.m2/repository/io/jaegertracing/jaeger-thrift/0.33.1/jaeger-thrift-0.33.1.jar:/home/user/.m2/repository/org/apache/thrift/libthrift/0.11.0/libthrift-0.11.0.jar:/home/user/.m2/repository/com/squareup/okhttp3/okhttp/3.9.0/okhttp-3.9.0.jar:/home/user/.m2/repository/com/squareup/okio/okio/1.13.0/okio-1.13.0.jar:/home/user/.m2/repository/io/jaegertracing/jaeger-core/0.33.1/jaeger-core-0.33.1.jar:/home/user/.m2/repository/io/jaegertracing/jaeger-tracerresolver/0.33.1/jaeger-tracerresolver-0.33.1.jar:/home/user/.m2/repository/io/opentracing/contrib/opentracing-tracerresolver/0.1.5/opentracing-tracerresolver-0.1.5.jar:/home/user/.m2/repository/io/opentracing/opentracing-util/0.31.0/opentracing-util-0.31.0.jar:/home/user/.m2/repository/io/opentracing/opentracing-api/0.31.0/opentracing-api-0.31.0.jar:/home/user/.m2/repository/io/opentracing/opentracing-noop/0.31.0/opentracing-noop-0.31.0.jar:/home/user/.m2/repository/org/apache/hadoop/hadoop-hdds-server-framework/0.5.0-SNAPSHOT/hadoop-hdds-server-framework-0.5.0-SNAPSHOT.jar:/home/user/.m2/repository/org/apache/hadoop/hadoop-hdds-container-service/0.5.0-SNAPSHOT/hadoop-hdds-container-service-0.5.0-SNAPSHOT.jar:/home/user/.m2/repository/org/apache/hadoop/hadoop-hdds-client/0.5.0-SNAPSHOT/hadoop-hdds-client-0.5.0-SNAPSHOT.jar:/home/user/.m2/repository/org/apache/hadoop/hadoop-hdds-tools/0.5.0-SNAPSHOT/hadoop-hdds-tools-0.5.0-SNAPSHOT.jar:/home/user/.m2/repository/org/apache/hadoop/hadoop-hdds-server-scm/0.5.0-SNAPSHOT/hadoop-hdds-server-scm-0.5.0-SNAPSHOT.jar:/home/user/.m2/repository/org/apache/hadoop/hadoop-hdds-docs/0.5.0-SNAPSHOT/hadoop-hdds-docs-0.5.0-SNAPSHOT.jar:/home/user/.m2/repository/io/dropwizard/metrics/metrics-core/3.2.4/metrics-core-3.2.4.jar:/home/user/.m2/repository/org/hamcrest/hamcrest-all/1.3/hamcrest-all-1.3.jar:/home/user/.m2/repository/org/bouncycastle/bcprov-jdk15on/1.60/bcprov-jdk15on-1.60.jar:/home/user/.m2/repository/info/picocli/picocli/3.9.6/picocli-3.9.6.jar:/home/user/.m2/repository/com/google/protobuf/protobuf-java/2.5.0/protobuf-java-2.5.0.jar:/home/user/.m2/repository/com/google/guava/guava/11.0.2/guava-11.0.2.jar:/home/user/.m2/repository/org/apache/hadoop/hadoop-ozone-ozone-manager/0.5.0-SNAPSHOT/hadoop-ozone-ozone-manager-0.5.0-SNAPSHOT.jar:/home/user/.m2/repository/org/apache/hadoop/hadoop-minikdc/3.2.0/hadoop-minikdc-3.2.0.jar:/home/user/.m2/repository/commons-io/commons-io/2.5/commons-io-2.5.jar:/home/user/.m2/repository/org/apache/kerby/kerb-simplekdc/1.0.1/kerb-simplekdc-1.0.1.jar:/home/user/.m2/repository/org/apache/kerby/kerb-client/1.0.1/kerb-client-1.0.1.jar:/home/user/.m2/repository/org/apache/kerby/kerby-config/1.0.1/kerby-config-1.0.1.jar:/home/user/.m2/repository/org/apache/kerby/kerb-core/1.0.1/kerb-core-1.0.1.jar:/home/user/.m2/repository/org/apache/kerby/kerby-pkix/1.0.1/kerby-pkix-1.0.1.jar:/home/user/.m2/repository/org/apache/kerby/kerby-asn1/1.0.1/kerby-asn1-1.0.1.jar:/home/user/.m2/repository/org/apache/kerby/kerby-util/1.0.1/kerby-util-1.0.1.jar:/home/user/.m2/repository/org/apache/kerby/kerb-common/1.0.1/kerb-common-1.0.1.jar:/home/user/.m2/repository/org/apache/kerby/kerb-crypto/1.0.1/kerb-crypto-1.0.1.jar:/home/user/.m2/repository/org/apache/kerby/kerb-util/1.0.1/kerb-util-1.0.1.jar:/home/user/.m2/repository/org/apache/kerby/token-provider/1.0.1/token-provider-1.0.1.jar:/home/user/.m2/repository/org/apache/kerby/kerb-admin/1.0.1/kerb-admin-1.0.1.jar:/home/user/.m2/repository/org/apache/kerby/kerb-server/1.0.1/kerb-server-1.0.1.jar:/home/user/.m2/repository/org/apache/kerby/kerb-identity/1.0.1/kerb-identity-1.0.1.jar:/home/user/.m2/repository/org/apache/kerby/kerby-xdr/1.0.1/kerby-xdr-1.0.1.jar:/home/user/.m2/repository/org/slf4j/slf4j-log4j12/1.7.25/slf4j-log4j12-1.7.25.jar:/home/user/.m2/repository/org/apache/hadoop/hadoop-ozone-objectstore-service/0.5.0-SNAPSHOT/hadoop-ozone-objectstore-service-0.5.0-SNAPSHOT.jar:/home/user/.m2/repository/org/apache/hadoop/hadoop-ozone-s3gateway/0.5.0-SNAPSHOT/hadoop-ozone-s3gateway-0.5.0-SNAPSHOT.jar:/home/user/.m2/repository/org/jboss/weld/servlet/weld-servlet/2.4.7.Final/weld-servlet-2.4.7.Final.jar:/home/user/.m2/repository/org/glassfish/jersey/containers/jersey-container-servlet-core/2.27/jersey-container-servlet-core-2.27.jar:/home/user/.m2/repository/org/glassfish/hk2/external/javax.inject/2.5.0-b42/javax.inject-2.5.0-b42.jar:/home/user/.m2/repository/org/glassfish/jersey/core/jersey-common/2.27/jersey-common-2.27.jar:/home/user/.m2/repository/org/glassfish/hk2/osgi-resource-locator/1.0.1/osgi-resource-locator-1.0.1.jar:/home/user/.m2/repository/javax/ws/rs/javax.ws.rs-api/2.1/javax.ws.rs-api-2.1.jar:/home/user/.m2/repository/org/glassfish/jersey/ext/cdi/jersey-cdi1x/2.27/jersey-cdi1x-2.27.jar:/home/user/.m2/repository/org/glassfish/jersey/inject/jersey-hk2/2.27/jersey-hk2-2.27.jar:/home/user/.m2/repository/org/glassfish/hk2/hk2-locator/2.5.0-b42/hk2-locator-2.5.0-b42.jar:/home/user/.m2/repository/org/javassist/javassist/3.22.0-CR2/javassist-3.22.0-CR2.jar:/home/user/.m2/repository/org/glassfish/hk2/hk2-api/2.5.0/hk2-api-2.5.0.jar:/home/user/.m2/repository/org/glassfish/hk2/external/jakarta.inject/2.5.0/jakarta.inject-2.5.0.jar:/home/user/.m2/repository/org/glassfish/hk2/hk2-utils/2.5.0/hk2-utils-2.5.0.jar:/home/user/.m2/repository/jakarta/annotation/jakarta.annotation-api/1.3.4/jakarta.annotation-api-1.3.4.jar:/home/user/.m2/repository/org/glassfish/hk2/external/aopalliance-repackaged/2.5.0/aopalliance-repackaged-2.5.0.jar:/home/user/.m2/repository/com/fasterxml/jackson/dataformat/jackson-dataformat-xml/2.9.0/jackson-dataformat-xml-2.9.0.jar:/home/user/.m2/repository/com/fasterxml/jackson/core/jackson-core/2.9.5/jackson-core-2.9.5.jar:/home/user/.m2/repository/com/fasterxml/jackson/module/jackson-module-jaxb-annotations/2.9.5/jackson-module-jaxb-annotations-2.9.5.jar:/home/user/.m2/repository/javax/enterprise/cdi-api/1.2/cdi-api-1.2.jar:/home/user/.m2/repository/javax/el/javax.el-api/3.0.0/javax.el-api-3.0.0.jar:/home/user/.m2/repository/javax/interceptor/javax.interceptor-api/1.2/javax.interceptor-api-1.2.jar:/home/user/.m2/repository/javax/inject/javax.inject/1/javax.inject-1.jar:/home/user/.m2/repository/com/sun/xml/bind/jaxb-impl/2.3.0.1/jaxb-impl-2.3.0.1.jar:/home/user/.m2/repository/com/sun/xml/bind/jaxb-core/2.3.0.1/jaxb-core-2.3.0.1.jar:/home/user/.m2/repository/javax/xml/bind/jaxb-api/2.3.0/jaxb-api-2.3.0.jar:/home/user/.m2/repository/javax/activation/activation/1.1.1/activation-1.1.1.jar:/home/user/.m2/repository/org/apache/hadoop/hadoop-ozone-csi/0.5.0-SNAPSHOT/hadoop-ozone-csi-0.5.0-SNAPSHOT.jar:/home/user/.m2/repository/com/google/protobuf/protobuf-java-util/3.5.1/protobuf-java-util-3.5.1.jar:/home/user/.m2/repository/org/apache/hadoop/hadoop-hdds-config/0.5.0-SNAPSHOT/hadoop-hdds-config-0.5.0-SNAPSHOT.jar:/home/user/.m2/repository/io/grpc/grpc-netty/1.17.1/grpc-netty-1.17.1.jar:/home/user/.m2/repository/io/grpc/grpc-core/1.17.1/grpc-core-1.17.1.jar:/home/user/.m2/repository/io/grpc/grpc-context/1.17.1/grpc-context-1.17.1.jar:/home/user/.m2/repository/com/google/errorprone/error_prone_annotations/2.2.0/error_prone_annotations-2.2.0.jar:/home/user/.m2/repository/org/codehaus/mojo/animal-sniffer-annotations/1.17/animal-sniffer-annotations-1.17.jar:/home/user/.m2/repository/io/opencensus/opencensus-api/0.17.0/opencensus-api-0.17.0.jar:/home/user/.m2/repository/io/opencensus/opencensus-contrib-grpc-metrics/0.17.0/opencensus-contrib-grpc-metrics-0.17.0.jar:/home/user/.m2/repository/io/netty/netty-codec-http2/4.1.30.Final/netty-codec-http2-4.1.30.Final.jar:/home/user/.m2/repository/io/netty/netty-codec-http/4.1.30.Final/netty-codec-http-4.1.30.Final.jar:/home/user/.m2/repository/io/netty/netty-codec/4.1.30.Final/netty-codec-4.1.30.Final.jar:/home/user/.m2/repository/io/netty/netty-handler/4.1.30.Final/netty-handler-4.1.30.Final.jar:/home/user/.m2/repository/io/netty/netty-handler-proxy/4.1.30.Final/netty-handler-proxy-4.1.30.Final.jar:/home/user/.m2/repository/io/netty/netty-codec-socks/4.1.30.Final/netty-codec-socks-4.1.30.Final.jar:/home/user/.m2/repository/io/netty/netty-transport-native-epoll/4.1.30.Final/netty-transport-native-epoll-4.1.30.Final.jar:/home/user/.m2/repository/io/netty/netty-common/4.1.30.Final/netty-common-4.1.30.Final.jar:/home/user/.m2/repository/io/netty/netty-buffer/4.1.30.Final/netty-buffer-4.1.30.Final.jar:/home/user/.m2/repository/io/netty/netty-transport/4.1.30.Final/netty-transport-4.1.30.Final.jar:/home/user/.m2/repository/io/netty/netty-resolver/4.1.30.Final/netty-resolver-4.1.30.Final.jar:/home/user/.m2/repository/io/netty/netty-transport-native-unix-common/4.1.30.Final/netty-transport-native-unix-common-4.1.30.Final.jar:/home/user/.m2/repository/io/grpc/grpc-protobuf/1.17.1/grpc-protobuf-1.17.1.jar:/home/user/.m2/repository/com/google/api/grpc/proto-google-common-protos/1.0.0/proto-google-common-protos-1.0.0.jar:/home/user/.m2/repository/io/grpc/grpc-protobuf-lite/1.17.1/grpc-protobuf-lite-1.17.1.jar:/home/user/.m2/repository/io/grpc/grpc-stub/1.17.1/grpc-stub-1.17.1.jar:/home/user/.m2/repository/org/apache/hadoop/hadoop-ozone-recon/0.5.0-SNAPSHOT/hadoop-ozone-recon-0.5.0-SNAPSHOT.jar:/home/user/.m2/repository/org/apache/hadoop/hadoop-ozone-reconcodegen/0.5.0-SNAPSHOT/hadoop-ozone-reconcodegen-0.5.0-SNAPSHOT.jar:/home/user/.m2/repository/com/google/inject/extensions/guice-multibindings/4.0/guice-multibindings-4.0.jar:/home/user/.m2/repository/com/google/inject/guice/4.0/guice-4.0.jar:/home/user/.m2/repository/aopalliance/aopalliance/1.0/aopalliance-1.0.jar:/home/user/.m2/repository/com/google/inject/extensions/guice-servlet/4.0/guice-servlet-4.0.jar:/home/user/.m2/repository/org/glassfish/jersey/containers/jersey-container-servlet/2.27/jersey-container-servlet-2.27.jar:/home/user/.m2/repository/org/glassfish/hk2/guice-bridge/2.5.0/guice-bridge-2.5.0.jar:/home/user/.m2/repository/org/glassfish/jersey/core/jersey-server/2.27/jersey-server-2.27.jar:/home/user/.m2/repository/org/glassfish/jersey/core/jersey-client/2.27/jersey-client-2.27.jar:/home/user/.m2/repository/org/glassfish/jersey/media/jersey-media-jaxb/2.27/jersey-media-jaxb-2.27.jar:/home/user/.m2/repository/javax/validation/validation-api/1.1.0.Final/validation-api-1.1.0.Final.jar:/home/user/.m2/repository/org/glassfish/jersey/media/jersey-media-json-jackson/2.27/jersey-media-json-jackson-2.27.jar:/home/user/.m2/repository/org/glassfish/jersey/ext/jersey-entity-filtering/2.27/jersey-entity-filtering-2.27.jar:/home/user/.m2/repository/com/google/inject/extensions/guice-assistedinject/4.0/guice-assistedinject-4.0.jar:/home/user/.m2/repository/org/jooq/jooq/3.11.10/jooq-3.11.10.jar:/home/user/.m2/repository/org/jooq/jooq-meta/3.11.10/jooq-meta-3.11.10.jar:/home/user/.m2/repository/org/jooq/jooq-codegen/3.11.10/jooq-codegen-3.11.10.jar:/home/user/.m2/repository/com/jolbox/bonecp/0.8.0.RELEASE/bonecp-0.8.0.RELEASE.jar:/home/user/.m2/repository/org/xerial/sqlite-jdbc/3.25.2/sqlite-jdbc-3.25.2.jar:/home/user/.m2/repository/org/springframework/spring-jdbc/5.1.3.RELEASE/spring-jdbc-5.1.3.RELEASE.jar:/home/user/.m2/repository/org/springframework/spring-beans/5.1.3.RELEASE/spring-beans-5.1.3.RELEASE.jar:/home/user/.m2/repository/org/springframework/spring-core/5.1.3.RELEASE/spring-core-5.1.3.RELEASE.jar:/home/user/.m2/repository/org/springframework/spring-jcl/5.1.3.RELEASE/spring-jcl-5.1.3.RELEASE.jar:/home/user/.m2/repository/org/springframework/spring-tx/5.1.3.RELEASE/spring-tx-5.1.3.RELEASE.jar:/home/user/.m2/repository/org/apache/hadoop/hadoop-ozone-client/0.5.0-SNAPSHOT/hadoop-ozone-client-0.5.0-SNAPSHOT.jar:/home/user/.m2/repository/commons-lang/commons-lang/2.6/commons-lang-2.6.jar:/home/user/.m2/repository/org/apache/hadoop/hadoop-ozone-ozone-manager/0.5.0-SNAPSHOT/hadoop-ozone-ozone-manager-0.5.0-SNAPSHOT-tests.jar:/home/user/.m2/repository/junit/junit/4.11/junit-4.11.jar:/home/user/.m2/repository/org/hamcrest/hamcrest-core/1.3/hamcrest-core-1.3.jar:/home/user/.m2/repository/org/openjdk/jmh/jmh-core/1.19/jmh-core-1.19.jar:/home/user/.m2/repository/net/sf/jopt-simple/jopt-simple/4.6/jopt-simple-4.6.jar:/home/user/.m2/repository/org/apache/commons/commons-math3/3.1.1/commons-math3-3.1.1.jar:/home/user/.m2/repository/org/openjdk/jmh/jmh-generator-annprocess/1.19/jmh-generator-annprocess-1.19.jar:/home/user/.m2/repository/org/mockito/mockito-all/1.8.5/mockito-all-1.8.5.jar:/home/user/.m2/repository/org/apache/hadoop/hadoop-kms/3.2.0/hadoop-kms-3.2.0.jar:/home/user/.m2/repository/org/apache/hadoop/hadoop-auth/3.2.0/hadoop-auth-3.2.0.jar:/home/user/.m2/repository/com/nimbusds/nimbus-jose-jwt/4.41.1/nimbus-jose-jwt-4.41.1.jar:/home/user/.m2/repository/com/github/stephenc/jcip/jcip-annotations/1.0-1/jcip-annotations-1.0-1.jar:/home/user/.m2/repository/net/minidev/json-smart/2.3/json-smart-2.3.jar:/home/user/.m2/repository/net/minidev/accessors-smart/1.2/accessors-smart-1.2.jar:/home/user/.m2/repository/org/ow2/asm/asm/5.0.4/asm-5.0.4.jar:/home/user/.m2/repository/org/apache/curator/curator-framework/2.12.0/curator-framework-2.12.0.jar:/home/user/.m2/repository/com/sun/jersey/jersey-core/1.19/jersey-core-1.19.jar:/home/user/.m2/repository/javax/ws/rs/jsr311-api/1.1.1/jsr311-api-1.1.1.jar:/home/user/.m2/repository/com/sun/jersey/jersey-server/1.19/jersey-server-1.19.jar:/home/user/.m2/repository/javax/servlet/javax.servlet-api/3.1.0/javax.servlet-api-3.1.0.jar:/home/user/.m2/repository/org/eclipse/jetty/jetty-server/9.3.24.v20180605/jetty-server-9.3.24.v20180605.jar:/home/user/.m2/repository/org/eclipse/jetty/jetty-http/9.3.24.v20180605/jetty-http-9.3.24.v20180605.jar:/home/user/.m2/repository/org/eclipse/jetty/jetty-io/9.3.24.v20180605/jetty-io-9.3.24.v20180605.jar:/home/user/.m2/repository/org/eclipse/jetty/jetty-webapp/9.3.24.v20180605/jetty-webapp-9.3.24.v20180605.jar:/home/user/.m2/repository/org/eclipse/jetty/jetty-xml/9.3.24.v20180605/jetty-xml-9.3.24.v20180605.jar:/home/user/.m2/repository/log4j/log4j/1.2.17/log4j-1.2.17.jar:/home/user/.m2/repository/org/slf4j/slf4j-api/1.7.25/slf4j-api-1.7.25.jar:/home/user/.m2/repository/org/slf4j/jul-to-slf4j/1.7.25/jul-to-slf4j-1.7.25.jar:/home/user/.m2/repository/org/eclipse/jetty/jetty-util/9.3.24.v20180605/jetty-util-9.3.24.v20180605.jar:/home/user/.m2/repository/com/fasterxml/jackson/core/jackson-databind/2.9.5/jackson-databind-2.9.5.jar:/home/user/.m2/repository/org/apache/hadoop/hadoop-kms/3.2.0/hadoop-kms-3.2.0-tests.jar:/home/user/.m2/repository/org/apache/hadoop/hadoop-hdds-server-scm/0.5.0-SNAPSHOT/hadoop-hdds-server-scm-0.5.0-SNAPSHOT-tests.jar:/home/user/.m2/repository/org/apache/hadoop/hadoop-hdds-container-service/0.5.0-SNAPSHOT/hadoop-hdds-container-service-0.5.0-SNAPSHOT-tests.jar:/home/user/.m2/repository/org/yaml/snakeyaml/1.16/snakeyaml-1.16.jar:/home/user/.m2/repository/org/apache/hadoop/hadoop-common/3.2.0/hadoop-common-3.2.0-tests.jar:/home/user/.m2/repository/org/apache/hadoop/hadoop-annotations/3.2.0/hadoop-annotations-3.2.0.jar:/usr/lib/jvm/java-1.8-openjdk/jre/../lib/tools.jar:/home/user/.m2/repository/commons-cli/commons-cli/1.2/commons-cli-1.2.jar:/home/user/.m2/repository/org/apache/httpcomponents/httpclient/4.5.2/httpclient-4.5.2.jar:/home/user/.m2/repository/org/apache/httpcomponents/httpcore/4.4.4/httpcore-4.4.4.jar:/home/user/.m2/repository/commons-codec/commons-codec/1.11/commons-codec-1.11.jar:/home/user/.m2/repository/commons-net/commons-net/3.6/commons-net-3.6.jar:/home/user/.m2/repository/commons-collections/commons-collections/3.2.2/commons-collections-3.2.2.jar:/home/user/.m2/repository/org/eclipse/jetty/jetty-servlet/9.3.24.v20180605/jetty-servlet-9.3.24.v20180605.jar:/home/user/.m2/repository/org/eclipse/jetty/jetty-security/9.3.24.v20180605/jetty-security-9.3.24.v20180605.jar:/home/user/.m2/repository/javax/servlet/jsp/jsp-api/2.1/jsp-api-2.1.jar:/home/user/.m2/repository/com/sun/jersey/jersey-servlet/1.19/jersey-servlet-1.19.jar:/home/user/.m2/repository/com/sun/jersey/jersey-json/1.19/jersey-json-1.19.jar:/home/user/.m2/repository/org/codehaus/jettison/jettison/1.1/jettison-1.1.jar:/home/user/.m2/repository/org/codehaus/jackson/jackson-core-asl/1.9.13/jackson-core-asl-1.9.13.jar:/home/user/.m2/repository/org/codehaus/jackson/jackson-mapper-asl/1.9.13/jackson-mapper-asl-1.9.13.jar:/home/user/.m2/repository/org/codehaus/jackson/jackson-jaxrs/1.9.13/jackson-jaxrs-1.9.13.jar:/home/user/.m2/repository/org/codehaus/jackson/jackson-xc/1.9.13/jackson-xc-1.9.13.jar:/home/user/.m2/repository/commons-logging/commons-logging/1.1.3/commons-logging-1.1.3.jar:/home/user/.m2/repository/commons-beanutils/commons-beanutils/1.9.3/commons-beanutils-1.9.3.jar:/home/user/.m2/repository/org/apache/commons/commons-configuration2/2.1.1/commons-configuration2-2.1.1.jar:/home/user/.m2/repository/org/apache/commons/commons-lang3/3.7/commons-lang3-3.7.jar:/home/user/.m2/repository/org/apache/commons/commons-text/1.4/commons-text-1.4.jar:/home/user/.m2/repository/org/apache/avro/avro/1.7.7/avro-1.7.7.jar:/home/user/.m2/repository/com/thoughtworks/paranamer/paranamer/2.3/paranamer-2.3.jar:/home/user/.m2/repository/org/xerial/snappy/snappy-java/1.0.5/snappy-java-1.0.5.jar:/home/user/.m2/repository/com/google/re2j/re2j/1.1/re2j-1.1.jar:/home/user/.m2/repository/com/google/code/gson/gson/2.2.4/gson-2.2.4.jar:/home/user/.m2/repository/com/jcraft/jsch/0.1.54/jsch-0.1.54.jar:/home/user/.m2/repository/org/apache/curator/curator-client/2.12.0/curator-client-2.12.0.jar:/home/user/.m2/repository/org/apache/curator/curator-recipes/2.12.0/curator-recipes-2.12.0.jar:/home/user/.m2/repository/com/google/code/findbugs/jsr305/3.0.0/jsr305-3.0.0.jar:/home/user/.m2/repository/org/apache/htrace/htrace-core4/4.1.0-incubating/htrace-core4-4.1.0-incubating.jar:/home/user/.m2/repository/org/apache/zookeeper/zookeeper/3.4.13/zookeeper-3.4.13.jar:/home/user/.m2/repository/org/apache/yetus/audience-annotations/0.5.0/audience-annotations-0.5.0.jar:/home/user/.m2/repository/org/codehaus/woodstox/stax2-api/3.1.4/stax2-api-3.1.4.jar:/home/user/.m2/repository/com/fasterxml/woodstox/woodstox-core/5.0.3/woodstox-core-5.0.3.jar:/home/user/.m2/repository/dnsjava/dnsjava/2.1.7/dnsjava-2.1.7.jar:/home/user/.m2/repository/org/apache/hadoop/hadoop-hdfs/3.2.0/hadoop-hdfs-3.2.0-tests.jar:/home/user/.m2/repository/org/eclipse/jetty/jetty-util-ajax/9.3.24.v20180605/jetty-util-ajax-9.3.24.v20180605.jar:/home/user/.m2/repository/commons-daemon/commons-daemon/1.0.13/commons-daemon-1.0.13.jar:/home/user/.m2/repository/io/netty/netty/3.10.5.Final/netty-3.10.5.Final.jar:/home/user/.m2/repository/io/netty/netty-all/4.0.52.Final/netty-all-4.0.52.Final.jar:/home/user/.m2/repository/org/fusesource/leveldbjni/leveldbjni-all/1.8/leveldbjni-all-1.8.jar:"/>
    <property name="java.vm.vendor" value="IcedTea"/>
    <property name="sun.arch.data.model" value="64"/>
    <property name="test.build.dir" value="/workdir/hadoop-ozone/integration-test/target/test-dir"/>
    <property name="test.cache.data" value=""/>
    <property name="java.vendor.url" value="https://icedtea.classpath.org"/>
    <property name="user.timezone" value=""/>
    <property name="java.vm.specification.version" value="1.8"/>
    <property name="os.name" value="Linux"/>
    <property name="test.build.data" value="/workdir/hadoop-ozone/integration-test/target/test-dir"/>
    <property name="user.country" value="US"/>
    <property name="sun.java.launcher" value="SUN_STANDARD"/>
    <property name="sun.boot.library.path" value="/usr/lib/jvm/java-1.8-openjdk/jre/lib/amd64"/>
    <property name="sun.java.command" value="/workdir/hadoop-ozone/integration-test/target/surefire/surefirebooter3068411282072034033.jar /workdir/hadoop-ozone/integration-test/target/surefire 2019-08-29T07-52-22_703-jvmRun1 surefire4529748657865720905tmp surefire_232884741156096753259tmp"/>
    <property name="test" value="!TestMiniChaosOzoneCluster"/>
    <property name="surefire.test.class.path" value="/workdir/hadoop-ozone/integration-test/target/test-classes:/workdir/hadoop-ozone/integration-test/target/classes:/home/user/.m2/repository/org/apache/hadoop/hadoop-ozone-common/0.5.0-SNAPSHOT/hadoop-ozone-common-0.5.0-SNAPSHOT.jar:/home/user/.m2/repository/org/apache/commons/commons-compress/1.4.1/commons-compress-1.4.1.jar:/home/user/.m2/repository/org/tukaani/xz/1.0/xz-1.0.jar:/home/user/.m2/repository/org/apache/hadoop/hadoop-common/3.2.0/hadoop-common-3.2.0.jar:/home/user/.m2/repository/org/apache/hadoop/hadoop-hdfs/3.2.0/hadoop-hdfs-3.2.0.jar:/home/user/.m2/repository/org/apache/hadoop/hadoop-hdfs-client/3.2.0/hadoop-hdfs-client-3.2.0.jar:/home/user/.m2/repository/com/fasterxml/jackson/core/jackson-annotations/2.9.5/jackson-annotations-2.9.5.jar:/home/user/.m2/repository/org/apache/hadoop/hadoop-hdds-common/0.5.0-SNAPSHOT/hadoop-hdds-common-0.5.0-SNAPSHOT.jar:/home/user/.m2/repository/javax/annotation/javax.annotation-api/1.2/javax.annotation-api-1.2.jar:/home/user/.m2/repository/org/apache/ratis/ratis-server/0.4.0-2337318-SNAPSHOT/ratis-server-0.4.0-2337318-SNAPSHOT.jar:/home/user/.m2/repository/org/apache/ratis/ratis-thirdparty-misc/0.2.0/ratis-thirdparty-misc-0.2.0.jar:/home/user/.m2/repository/org/apache/ratis/ratis-proto/0.4.0-2337318-SNAPSHOT/ratis-proto-0.4.0-2337318-SNAPSHOT.jar:/home/user/.m2/repository/org/apache/ratis/ratis-common/0.4.0-2337318-SNAPSHOT/ratis-common-0.4.0-2337318-SNAPSHOT.jar:/home/user/.m2/repository/org/apache/ratis/ratis-client/0.4.0-2337318-SNAPSHOT/ratis-client-0.4.0-2337318-SNAPSHOT.jar:/home/user/.m2/repository/org/apache/ratis/ratis-metrics/0.4.0-2337318-SNAPSHOT/ratis-metrics-0.4.0-2337318-SNAPSHOT.jar:/home/user/.m2/repository/org/apache/ratis/ratis-netty/0.4.0-2337318-SNAPSHOT/ratis-netty-0.4.0-2337318-SNAPSHOT.jar:/home/user/.m2/repository/org/apache/ratis/ratis-grpc/0.4.0-2337318-SNAPSHOT/ratis-grpc-0.4.0-2337318-SNAPSHOT.jar:/home/user/.m2/repository/org/rocksdb/rocksdbjni/6.0.1/rocksdbjni-6.0.1.jar:/home/user/.m2/repository/org/apache/logging/log4j/log4j-api/2.11.0/log4j-api-2.11.0.jar:/home/user/.m2/repository/org/apache/logging/log4j/log4j-core/2.11.0/log4j-core-2.11.0.jar:/home/user/.m2/repository/com/lmax/disruptor/3.4.2/disruptor-3.4.2.jar:/home/user/.m2/repository/org/apache/commons/commons-pool2/2.6.0/commons-pool2-2.6.0.jar:/home/user/.m2/repository/org/bouncycastle/bcpkix-jdk15on/1.60/bcpkix-jdk15on-1.60.jar:/home/user/.m2/repository/commons-validator/commons-validator/1.6/commons-validator-1.6.jar:/home/user/.m2/repository/commons-digester/commons-digester/1.8.1/commons-digester-1.8.1.jar:/home/user/.m2/repository/io/jaegertracing/jaeger-client/0.33.1/jaeger-client-0.33.1.jar:/home/user/.m2/repository/io/jaegertracing/jaeger-thrift/0.33.1/jaeger-thrift-0.33.1.jar:/home/user/.m2/repository/org/apache/thrift/libthrift/0.11.0/libthrift-0.11.0.jar:/home/user/.m2/repository/com/squareup/okhttp3/okhttp/3.9.0/okhttp-3.9.0.jar:/home/user/.m2/repository/com/squareup/okio/okio/1.13.0/okio-1.13.0.jar:/home/user/.m2/repository/io/jaegertracing/jaeger-core/0.33.1/jaeger-core-0.33.1.jar:/home/user/.m2/repository/io/jaegertracing/jaeger-tracerresolver/0.33.1/jaeger-tracerresolver-0.33.1.jar:/home/user/.m2/repository/io/opentracing/contrib/opentracing-tracerresolver/0.1.5/opentracing-tracerresolver-0.1.5.jar:/home/user/.m2/repository/io/opentracing/opentracing-util/0.31.0/opentracing-util-0.31.0.jar:/home/user/.m2/repository/io/opentracing/opentracing-api/0.31.0/opentracing-api-0.31.0.jar:/home/user/.m2/repository/io/opentracing/opentracing-noop/0.31.0/opentracing-noop-0.31.0.jar:/home/user/.m2/repository/org/apache/hadoop/hadoop-hdds-server-framework/0.5.0-SNAPSHOT/hadoop-hdds-server-framework-0.5.0-SNAPSHOT.jar:/home/user/.m2/repository/org/apache/hadoop/hadoop-hdds-container-service/0.5.0-SNAPSHOT/hadoop-hdds-container-service-0.5.0-SNAPSHOT.jar:/home/user/.m2/repository/org/apache/hadoop/hadoop-hdds-client/0.5.0-SNAPSHOT/hadoop-hdds-client-0.5.0-SNAPSHOT.jar:/home/user/.m2/repository/org/apache/hadoop/hadoop-hdds-tools/0.5.0-SNAPSHOT/hadoop-hdds-tools-0.5.0-SNAPSHOT.jar:/home/user/.m2/repository/org/apache/hadoop/hadoop-hdds-server-scm/0.5.0-SNAPSHOT/hadoop-hdds-server-scm-0.5.0-SNAPSHOT.jar:/home/user/.m2/repository/org/apache/hadoop/hadoop-hdds-docs/0.5.0-SNAPSHOT/hadoop-hdds-docs-0.5.0-SNAPSHOT.jar:/home/user/.m2/repository/io/dropwizard/metrics/metrics-core/3.2.4/metrics-core-3.2.4.jar:/home/user/.m2/repository/org/hamcrest/hamcrest-all/1.3/hamcrest-all-1.3.jar:/home/user/.m2/repository/org/bouncycastle/bcprov-jdk15on/1.60/bcprov-jdk15on-1.60.jar:/home/user/.m2/repository/info/picocli/picocli/3.9.6/picocli-3.9.6.jar:/home/user/.m2/repository/com/google/protobuf/protobuf-java/2.5.0/protobuf-java-2.5.0.jar:/home/user/.m2/repository/com/google/guava/guava/11.0.2/guava-11.0.2.jar:/home/user/.m2/repository/org/apache/hadoop/hadoop-ozone-ozone-manager/0.5.0-SNAPSHOT/hadoop-ozone-ozone-manager-0.5.0-SNAPSHOT.jar:/home/user/.m2/repository/org/apache/hadoop/hadoop-minikdc/3.2.0/hadoop-minikdc-3.2.0.jar:/home/user/.m2/repository/commons-io/commons-io/2.5/commons-io-2.5.jar:/home/user/.m2/repository/org/apache/kerby/kerb-simplekdc/1.0.1/kerb-simplekdc-1.0.1.jar:/home/user/.m2/repository/org/apache/kerby/kerb-client/1.0.1/kerb-client-1.0.1.jar:/home/user/.m2/repository/org/apache/kerby/kerby-config/1.0.1/kerby-config-1.0.1.jar:/home/user/.m2/repository/org/apache/kerby/kerb-core/1.0.1/kerb-core-1.0.1.jar:/home/user/.m2/repository/org/apache/kerby/kerby-pkix/1.0.1/kerby-pkix-1.0.1.jar:/home/user/.m2/repository/org/apache/kerby/kerby-asn1/1.0.1/kerby-asn1-1.0.1.jar:/home/user/.m2/repository/org/apache/kerby/kerby-util/1.0.1/kerby-util-1.0.1.jar:/home/user/.m2/repository/org/apache/kerby/kerb-common/1.0.1/kerb-common-1.0.1.jar:/home/user/.m2/repository/org/apache/kerby/kerb-crypto/1.0.1/kerb-crypto-1.0.1.jar:/home/user/.m2/repository/org/apache/kerby/kerb-util/1.0.1/kerb-util-1.0.1.jar:/home/user/.m2/repository/org/apache/kerby/token-provider/1.0.1/token-provider-1.0.1.jar:/home/user/.m2/repository/org/apache/kerby/kerb-admin/1.0.1/kerb-admin-1.0.1.jar:/home/user/.m2/repository/org/apache/kerby/kerb-server/1.0.1/kerb-server-1.0.1.jar:/home/user/.m2/repository/org/apache/kerby/kerb-identity/1.0.1/kerb-identity-1.0.1.jar:/home/user/.m2/repository/org/apache/kerby/kerby-xdr/1.0.1/kerby-xdr-1.0.1.jar:/home/user/.m2/repository/org/slf4j/slf4j-log4j12/1.7.25/slf4j-log4j12-1.7.25.jar:/home/user/.m2/repository/org/apache/hadoop/hadoop-ozone-objectstore-service/0.5.0-SNAPSHOT/hadoop-ozone-objectstore-service-0.5.0-SNAPSHOT.jar:/home/user/.m2/repository/org/apache/hadoop/hadoop-ozone-s3gateway/0.5.0-SNAPSHOT/hadoop-ozone-s3gateway-0.5.0-SNAPSHOT.jar:/home/user/.m2/repository/org/jboss/weld/servlet/weld-servlet/2.4.7.Final/weld-servlet-2.4.7.Final.jar:/home/user/.m2/repository/org/glassfish/jersey/containers/jersey-container-servlet-core/2.27/jersey-container-servlet-core-2.27.jar:/home/user/.m2/repository/org/glassfish/hk2/external/javax.inject/2.5.0-b42/javax.inject-2.5.0-b42.jar:/home/user/.m2/repository/org/glassfish/jersey/core/jersey-common/2.27/jersey-common-2.27.jar:/home/user/.m2/repository/org/glassfish/hk2/osgi-resource-locator/1.0.1/osgi-resource-locator-1.0.1.jar:/home/user/.m2/repository/javax/ws/rs/javax.ws.rs-api/2.1/javax.ws.rs-api-2.1.jar:/home/user/.m2/repository/org/glassfish/jersey/ext/cdi/jersey-cdi1x/2.27/jersey-cdi1x-2.27.jar:/home/user/.m2/repository/org/glassfish/jersey/inject/jersey-hk2/2.27/jersey-hk2-2.27.jar:/home/user/.m2/repository/org/glassfish/hk2/hk2-locator/2.5.0-b42/hk2-locator-2.5.0-b42.jar:/home/user/.m2/repository/org/javassist/javassist/3.22.0-CR2/javassist-3.22.0-CR2.jar:/home/user/.m2/repository/org/glassfish/hk2/hk2-api/2.5.0/hk2-api-2.5.0.jar:/home/user/.m2/repository/org/glassfish/hk2/external/jakarta.inject/2.5.0/jakarta.inject-2.5.0.jar:/home/user/.m2/repository/org/glassfish/hk2/hk2-utils/2.5.0/hk2-utils-2.5.0.jar:/home/user/.m2/repository/jakarta/annotation/jakarta.annotation-api/1.3.4/jakarta.annotation-api-1.3.4.jar:/home/user/.m2/repository/org/glassfish/hk2/external/aopalliance-repackaged/2.5.0/aopalliance-repackaged-2.5.0.jar:/home/user/.m2/repository/com/fasterxml/jackson/dataformat/jackson-dataformat-xml/2.9.0/jackson-dataformat-xml-2.9.0.jar:/home/user/.m2/repository/com/fasterxml/jackson/core/jackson-core/2.9.5/jackson-core-2.9.5.jar:/home/user/.m2/repository/com/fasterxml/jackson/module/jackson-module-jaxb-annotations/2.9.5/jackson-module-jaxb-annotations-2.9.5.jar:/home/user/.m2/repository/javax/enterprise/cdi-api/1.2/cdi-api-1.2.jar:/home/user/.m2/repository/javax/el/javax.el-api/3.0.0/javax.el-api-3.0.0.jar:/home/user/.m2/repository/javax/interceptor/javax.interceptor-api/1.2/javax.interceptor-api-1.2.jar:/home/user/.m2/repository/javax/inject/javax.inject/1/javax.inject-1.jar:/home/user/.m2/repository/com/sun/xml/bind/jaxb-impl/2.3.0.1/jaxb-impl-2.3.0.1.jar:/home/user/.m2/repository/com/sun/xml/bind/jaxb-core/2.3.0.1/jaxb-core-2.3.0.1.jar:/home/user/.m2/repository/javax/xml/bind/jaxb-api/2.3.0/jaxb-api-2.3.0.jar:/home/user/.m2/repository/javax/activation/activation/1.1.1/activation-1.1.1.jar:/home/user/.m2/repository/org/apache/hadoop/hadoop-ozone-csi/0.5.0-SNAPSHOT/hadoop-ozone-csi-0.5.0-SNAPSHOT.jar:/home/user/.m2/repository/com/google/protobuf/protobuf-java-util/3.5.1/protobuf-java-util-3.5.1.jar:/home/user/.m2/repository/org/apache/hadoop/hadoop-hdds-config/0.5.0-SNAPSHOT/hadoop-hdds-config-0.5.0-SNAPSHOT.jar:/home/user/.m2/repository/io/grpc/grpc-netty/1.17.1/grpc-netty-1.17.1.jar:/home/user/.m2/repository/io/grpc/grpc-core/1.17.1/grpc-core-1.17.1.jar:/home/user/.m2/repository/io/grpc/grpc-context/1.17.1/grpc-context-1.17.1.jar:/home/user/.m2/repository/com/google/errorprone/error_prone_annotations/2.2.0/error_prone_annotations-2.2.0.jar:/home/user/.m2/repository/org/codehaus/mojo/animal-sniffer-annotations/1.17/animal-sniffer-annotations-1.17.jar:/home/user/.m2/repository/io/opencensus/opencensus-api/0.17.0/opencensus-api-0.17.0.jar:/home/user/.m2/repository/io/opencensus/opencensus-contrib-grpc-metrics/0.17.0/opencensus-contrib-grpc-metrics-0.17.0.jar:/home/user/.m2/repository/io/netty/netty-codec-http2/4.1.30.Final/netty-codec-http2-4.1.30.Final.jar:/home/user/.m2/repository/io/netty/netty-codec-http/4.1.30.Final/netty-codec-http-4.1.30.Final.jar:/home/user/.m2/repository/io/netty/netty-codec/4.1.30.Final/netty-codec-4.1.30.Final.jar:/home/user/.m2/repository/io/netty/netty-handler/4.1.30.Final/netty-handler-4.1.30.Final.jar:/home/user/.m2/repository/io/netty/netty-handler-proxy/4.1.30.Final/netty-handler-proxy-4.1.30.Final.jar:/home/user/.m2/repository/io/netty/netty-codec-socks/4.1.30.Final/netty-codec-socks-4.1.30.Final.jar:/home/user/.m2/repository/io/netty/netty-transport-native-epoll/4.1.30.Final/netty-transport-native-epoll-4.1.30.Final.jar:/home/user/.m2/repository/io/netty/netty-common/4.1.30.Final/netty-common-4.1.30.Final.jar:/home/user/.m2/repository/io/netty/netty-buffer/4.1.30.Final/netty-buffer-4.1.30.Final.jar:/home/user/.m2/repository/io/netty/netty-transport/4.1.30.Final/netty-transport-4.1.30.Final.jar:/home/user/.m2/repository/io/netty/netty-resolver/4.1.30.Final/netty-resolver-4.1.30.Final.jar:/home/user/.m2/repository/io/netty/netty-transport-native-unix-common/4.1.30.Final/netty-transport-native-unix-common-4.1.30.Final.jar:/home/user/.m2/repository/io/grpc/grpc-protobuf/1.17.1/grpc-protobuf-1.17.1.jar:/home/user/.m2/repository/com/google/api/grpc/proto-google-common-protos/1.0.0/proto-google-common-protos-1.0.0.jar:/home/user/.m2/repository/io/grpc/grpc-protobuf-lite/1.17.1/grpc-protobuf-lite-1.17.1.jar:/home/user/.m2/repository/io/grpc/grpc-stub/1.17.1/grpc-stub-1.17.1.jar:/home/user/.m2/repository/org/apache/hadoop/hadoop-ozone-recon/0.5.0-SNAPSHOT/hadoop-ozone-recon-0.5.0-SNAPSHOT.jar:/home/user/.m2/repository/org/apache/hadoop/hadoop-ozone-reconcodegen/0.5.0-SNAPSHOT/hadoop-ozone-reconcodegen-0.5.0-SNAPSHOT.jar:/home/user/.m2/repository/com/google/inject/extensions/guice-multibindings/4.0/guice-multibindings-4.0.jar:/home/user/.m2/repository/com/google/inject/guice/4.0/guice-4.0.jar:/home/user/.m2/repository/aopalliance/aopalliance/1.0/aopalliance-1.0.jar:/home/user/.m2/repository/com/google/inject/extensions/guice-servlet/4.0/guice-servlet-4.0.jar:/home/user/.m2/repository/org/glassfish/jersey/containers/jersey-container-servlet/2.27/jersey-container-servlet-2.27.jar:/home/user/.m2/repository/org/glassfish/hk2/guice-bridge/2.5.0/guice-bridge-2.5.0.jar:/home/user/.m2/repository/org/glassfish/jersey/core/jersey-server/2.27/jersey-server-2.27.jar:/home/user/.m2/repository/org/glassfish/jersey/core/jersey-client/2.27/jersey-client-2.27.jar:/home/user/.m2/repository/org/glassfish/jersey/media/jersey-media-jaxb/2.27/jersey-media-jaxb-2.27.jar:/home/user/.m2/repository/javax/validation/validation-api/1.1.0.Final/validation-api-1.1.0.Final.jar:/home/user/.m2/repository/org/glassfish/jersey/media/jersey-media-json-jackson/2.27/jersey-media-json-jackson-2.27.jar:/home/user/.m2/repository/org/glassfish/jersey/ext/jersey-entity-filtering/2.27/jersey-entity-filtering-2.27.jar:/home/user/.m2/repository/com/google/inject/extensions/guice-assistedinject/4.0/guice-assistedinject-4.0.jar:/home/user/.m2/repository/org/jooq/jooq/3.11.10/jooq-3.11.10.jar:/home/user/.m2/repository/org/jooq/jooq-meta/3.11.10/jooq-meta-3.11.10.jar:/home/user/.m2/repository/org/jooq/jooq-codegen/3.11.10/jooq-codegen-3.11.10.jar:/home/user/.m2/repository/com/jolbox/bonecp/0.8.0.RELEASE/bonecp-0.8.0.RELEASE.jar:/home/user/.m2/repository/org/xerial/sqlite-jdbc/3.25.2/sqlite-jdbc-3.25.2.jar:/home/user/.m2/repository/org/springframework/spring-jdbc/5.1.3.RELEASE/spring-jdbc-5.1.3.RELEASE.jar:/home/user/.m2/repository/org/springframework/spring-beans/5.1.3.RELEASE/spring-beans-5.1.3.RELEASE.jar:/home/user/.m2/repository/org/springframework/spring-core/5.1.3.RELEASE/spring-core-5.1.3.RELEASE.jar:/home/user/.m2/repository/org/springframework/spring-jcl/5.1.3.RELEASE/spring-jcl-5.1.3.RELEASE.jar:/home/user/.m2/repository/org/springframework/spring-tx/5.1.3.RELEASE/spring-tx-5.1.3.RELEASE.jar:/home/user/.m2/repository/org/apache/hadoop/hadoop-ozone-client/0.5.0-SNAPSHOT/hadoop-ozone-client-0.5.0-SNAPSHOT.jar:/home/user/.m2/repository/commons-lang/commons-lang/2.6/commons-lang-2.6.jar:/home/user/.m2/repository/org/apache/hadoop/hadoop-ozone-ozone-manager/0.5.0-SNAPSHOT/hadoop-ozone-ozone-manager-0.5.0-SNAPSHOT-tests.jar:/home/user/.m2/repository/junit/junit/4.11/junit-4.11.jar:/home/user/.m2/repository/org/hamcrest/hamcrest-core/1.3/hamcrest-core-1.3.jar:/home/user/.m2/repository/org/openjdk/jmh/jmh-core/1.19/jmh-core-1.19.jar:/home/user/.m2/repository/net/sf/jopt-simple/jopt-simple/4.6/jopt-simple-4.6.jar:/home/user/.m2/repository/org/apache/commons/commons-math3/3.1.1/commons-math3-3.1.1.jar:/home/user/.m2/repository/org/openjdk/jmh/jmh-generator-annprocess/1.19/jmh-generator-annprocess-1.19.jar:/home/user/.m2/repository/org/mockito/mockito-all/1.8.5/mockito-all-1.8.5.jar:/home/user/.m2/repository/org/apache/hadoop/hadoop-kms/3.2.0/hadoop-kms-3.2.0.jar:/home/user/.m2/repository/org/apache/hadoop/hadoop-auth/3.2.0/hadoop-auth-3.2.0.jar:/home/user/.m2/repository/com/nimbusds/nimbus-jose-jwt/4.41.1/nimbus-jose-jwt-4.41.1.jar:/home/user/.m2/repository/com/github/stephenc/jcip/jcip-annotations/1.0-1/jcip-annotations-1.0-1.jar:/home/user/.m2/repository/net/minidev/json-smart/2.3/json-smart-2.3.jar:/home/user/.m2/repository/net/minidev/accessors-smart/1.2/accessors-smart-1.2.jar:/home/user/.m2/repository/org/ow2/asm/asm/5.0.4/asm-5.0.4.jar:/home/user/.m2/repository/org/apache/curator/curator-framework/2.12.0/curator-framework-2.12.0.jar:/home/user/.m2/repository/com/sun/jersey/jersey-core/1.19/jersey-core-1.19.jar:/home/user/.m2/repository/javax/ws/rs/jsr311-api/1.1.1/jsr311-api-1.1.1.jar:/home/user/.m2/repository/com/sun/jersey/jersey-server/1.19/jersey-server-1.19.jar:/home/user/.m2/repository/javax/servlet/javax.servlet-api/3.1.0/javax.servlet-api-3.1.0.jar:/home/user/.m2/repository/org/eclipse/jetty/jetty-server/9.3.24.v20180605/jetty-server-9.3.24.v20180605.jar:/home/user/.m2/repository/org/eclipse/jetty/jetty-http/9.3.24.v20180605/jetty-http-9.3.24.v20180605.jar:/home/user/.m2/repository/org/eclipse/jetty/jetty-io/9.3.24.v20180605/jetty-io-9.3.24.v20180605.jar:/home/user/.m2/repository/org/eclipse/jetty/jetty-webapp/9.3.24.v20180605/jetty-webapp-9.3.24.v20180605.jar:/home/user/.m2/repository/org/eclipse/jetty/jetty-xml/9.3.24.v20180605/jetty-xml-9.3.24.v20180605.jar:/home/user/.m2/repository/log4j/log4j/1.2.17/log4j-1.2.17.jar:/home/user/.m2/repository/org/slf4j/slf4j-api/1.7.25/slf4j-api-1.7.25.jar:/home/user/.m2/repository/org/slf4j/jul-to-slf4j/1.7.25/jul-to-slf4j-1.7.25.jar:/home/user/.m2/repository/org/eclipse/jetty/jetty-util/9.3.24.v20180605/jetty-util-9.3.24.v20180605.jar:/home/user/.m2/repository/com/fasterxml/jackson/core/jackson-databind/2.9.5/jackson-databind-2.9.5.jar:/home/user/.m2/repository/org/apache/hadoop/hadoop-kms/3.2.0/hadoop-kms-3.2.0-tests.jar:/home/user/.m2/repository/org/apache/hadoop/hadoop-hdds-server-scm/0.5.0-SNAPSHOT/hadoop-hdds-server-scm-0.5.0-SNAPSHOT-tests.jar:/home/user/.m2/repository/org/apache/hadoop/hadoop-hdds-container-service/0.5.0-SNAPSHOT/hadoop-hdds-container-service-0.5.0-SNAPSHOT-tests.jar:/home/user/.m2/repository/org/yaml/snakeyaml/1.16/snakeyaml-1.16.jar:/home/user/.m2/repository/org/apache/hadoop/hadoop-common/3.2.0/hadoop-common-3.2.0-tests.jar:/home/user/.m2/repository/org/apache/hadoop/hadoop-annotations/3.2.0/hadoop-annotations-3.2.0.jar:/usr/lib/jvm/java-1.8-openjdk/jre/../lib/tools.jar:/home/user/.m2/repository/commons-cli/commons-cli/1.2/commons-cli-1.2.jar:/home/user/.m2/repository/org/apache/httpcomponents/httpclient/4.5.2/httpclient-4.5.2.jar:/home/user/.m2/repository/org/apache/httpcomponents/httpcore/4.4.4/httpcore-4.4.4.jar:/home/user/.m2/repository/commons-codec/commons-codec/1.11/commons-codec-1.11.jar:/home/user/.m2/repository/commons-net/commons-net/3.6/commons-net-3.6.jar:/home/user/.m2/repository/commons-collections/commons-collections/3.2.2/commons-collections-3.2.2.jar:/home/user/.m2/repository/org/eclipse/jetty/jetty-servlet/9.3.24.v20180605/jetty-servlet-9.3.24.v20180605.jar:/home/user/.m2/repository/org/eclipse/jetty/jetty-security/9.3.24.v20180605/jetty-security-9.3.24.v20180605.jar:/home/user/.m2/repository/javax/servlet/jsp/jsp-api/2.1/jsp-api-2.1.jar:/home/user/.m2/repository/com/sun/jersey/jersey-servlet/1.19/jersey-servlet-1.19.jar:/home/user/.m2/repository/com/sun/jersey/jersey-json/1.19/jersey-json-1.19.jar:/home/user/.m2/repository/org/codehaus/jettison/jettison/1.1/jettison-1.1.jar:/home/user/.m2/repository/org/codehaus/jackson/jackson-core-asl/1.9.13/jackson-core-asl-1.9.13.jar:/home/user/.m2/repository/org/codehaus/jackson/jackson-mapper-asl/1.9.13/jackson-mapper-asl-1.9.13.jar:/home/user/.m2/repository/org/codehaus/jackson/jackson-jaxrs/1.9.13/jackson-jaxrs-1.9.13.jar:/home/user/.m2/repository/org/codehaus/jackson/jackson-xc/1.9.13/jackson-xc-1.9.13.jar:/home/user/.m2/repository/commons-logging/commons-logging/1.1.3/commons-logging-1.1.3.jar:/home/user/.m2/repository/commons-beanutils/commons-beanutils/1.9.3/commons-beanutils-1.9.3.jar:/home/user/.m2/repository/org/apache/commons/commons-configuration2/2.1.1/commons-configuration2-2.1.1.jar:/home/user/.m2/repository/org/apache/commons/commons-lang3/3.7/commons-lang3-3.7.jar:/home/user/.m2/repository/org/apache/commons/commons-text/1.4/commons-text-1.4.jar:/home/user/.m2/repository/org/apache/avro/avro/1.7.7/avro-1.7.7.jar:/home/user/.m2/repository/com/thoughtworks/paranamer/paranamer/2.3/paranamer-2.3.jar:/home/user/.m2/repository/org/xerial/snappy/snappy-java/1.0.5/snappy-java-1.0.5.jar:/home/user/.m2/repository/com/google/re2j/re2j/1.1/re2j-1.1.jar:/home/user/.m2/repository/com/google/code/gson/gson/2.2.4/gson-2.2.4.jar:/home/user/.m2/repository/com/jcraft/jsch/0.1.54/jsch-0.1.54.jar:/home/user/.m2/repository/org/apache/curator/curator-client/2.12.0/curator-client-2.12.0.jar:/home/user/.m2/repository/org/apache/curator/curator-recipes/2.12.0/curator-recipes-2.12.0.jar:/home/user/.m2/repository/com/google/code/findbugs/jsr305/3.0.0/jsr305-3.0.0.jar:/home/user/.m2/repository/org/apache/htrace/htrace-core4/4.1.0-incubating/htrace-core4-4.1.0-incubating.jar:/home/user/.m2/repository/org/apache/zookeeper/zookeeper/3.4.13/zookeeper-3.4.13.jar:/home/user/.m2/repository/org/apache/yetus/audience-annotations/0.5.0/audience-annotations-0.5.0.jar:/home/user/.m2/repository/org/codehaus/woodstox/stax2-api/3.1.4/stax2-api-3.1.4.jar:/home/user/.m2/repository/com/fasterxml/woodstox/woodstox-core/5.0.3/woodstox-core-5.0.3.jar:/home/user/.m2/repository/dnsjava/dnsjava/2.1.7/dnsjava-2.1.7.jar:/home/user/.m2/repository/org/apache/hadoop/hadoop-hdfs/3.2.0/hadoop-hdfs-3.2.0-tests.jar:/home/user/.m2/repository/org/eclipse/jetty/jetty-util-ajax/9.3.24.v20180605/jetty-util-ajax-9.3.24.v20180605.jar:/home/user/.m2/repository/commons-daemon/commons-daemon/1.0.13/commons-daemon-1.0.13.jar:/home/user/.m2/repository/io/netty/netty/3.10.5.Final/netty-3.10.5.Final.jar:/home/user/.m2/repository/io/netty/netty-all/4.0.52.Final/netty-all-4.0.52.Final.jar:/home/user/.m2/repository/org/fusesource/leveldbjni/leveldbjni-all/1.8/leveldbjni-all-1.8.jar:"/>
    <property name="sun.cpu.endian" value="little"/>
    <property name="user.home" value="/home/user"/>
    <property name="user.language" value="en"/>
    <property name="java.specification.vendor" value="Oracle Corporation"/>
    <property name="java.home" value="/usr/lib/jvm/java-1.8-openjdk/jre"/>
    <property name="java.security.krb5.conf" value="/workdir/hadoop-ozone/integration-test/target/test-classes/krb5.conf"/>
    <property name="basedir" value="/workdir/hadoop-ozone/integration-test"/>
    <property name="file.separator" value="/"/>
    <property name="line.separator" value="&#10;"/>
    <property name="java.vm.specification.vendor" value="Oracle Corporation"/>
    <property name="java.specification.name" value="Java Platform API Specification"/>
    <property name="java.awt.graphicsenv" value="sun.awt.X11GraphicsEnvironment"/>
    <property name="surefire.real.class.path" value="/workdir/hadoop-ozone/integration-test/target/surefire/surefirebooter3068411282072034033.jar"/>
    <property name="hadoop.log.dir" value="/workdir/hadoop-ozone/integration-test/target/log"/>
    <property name="sun.boot.class.path" value="/usr/lib/jvm/java-1.8-openjdk/jre/lib/resources.jar:/usr/lib/jvm/java-1.8-openjdk/jre/lib/rt.jar:/usr/lib/jvm/java-1.8-openjdk/jre/lib/sunrsasign.jar:/usr/lib/jvm/java-1.8-openjdk/jre/lib/jsse.jar:/usr/lib/jvm/java-1.8-openjdk/jre/lib/jce.jar:/usr/lib/jvm/java-1.8-openjdk/jre/lib/charsets.jar:/usr/lib/jvm/java-1.8-openjdk/jre/lib/jfr.jar:/usr/lib/jvm/java-1.8-openjdk/jre/classes"/>
    <property name="sun.management.compiler" value="HotSpot 64-Bit Tiered Compilers"/>
    <property name="java.runtime.version" value="1.8.0_212-b04"/>
    <property name="java.net.preferIPv4Stack" value="true"/>
    <property name="user.name" value="jenkins1000"/>
    <property name="path.separator" value=":"/>
    <property name="java.security.egd" value="file:///dev/urandom"/>
    <property name="os.version" value="3.10.0-957.12.2.el7.x86_64"/>
    <property name="java.endorsed.dirs" value="/usr/lib/jvm/java-1.8-openjdk/jre/lib/endorsed"/>
    <property name="java.runtime.name" value="OpenJDK Runtime Environment"/>
    <property name="file.encoding" value="UTF-8"/>
    <property name="java.vm.name" value="OpenJDK 64-Bit Server VM"/>
    <property name="test.build.webapps" value=""/>
    <property name="localRepository" value="/home/user/.m2/repository"/>
    <property name="java.vendor.url.bug" value="https://icedtea.classpath.org/bugzilla"/>
    <property name="java.io.tmpdir" value="/tmp"/>
    <property name="require.test.libhadoop" value=""/>
    <property name="java.version" value="1.8.0_212"/>
    <property name="user.dir" value="/workdir/hadoop-ozone/integration-test"/>
    <property name="os.arch" value="amd64"/>
    <property name="java.vm.specification.name" value="Java Virtual Machine Specification"/>
    <property name="test.build.classes" value="/workdir/hadoop-ozone/integration-test/target/test-classes"/>
    <property name="java.awt.printerjob" value="sun.print.PSPrinterJob"/>
    <property name="sun.os.patch.level" value="unknown"/>
    <property name="hadoop.tmp.dir" value="/workdir/hadoop-ozone/integration-test/target/tmp"/>
    <property name="java.library.path" value="/usr/lib/jvm/java-1.8-openjdk/jre/lib/amd64/server:/usr/lib/jvm/java-1.8-openjdk/jre/lib/amd64:/usr/lib/jvm/java-1.8-openjdk/jre/../lib/amd64:/workdir/hadoop-ozone/integration-test/target/native/target/usr/local/lib:/workdir/hadoop-ozone/integration-test/../../hadoop-common-project/hadoop-common/target/native/target/usr/local/lib:/usr/java/packages/lib/amd64:/usr/lib64:/lib64:/lib:/usr/lib"/>
    <property name="java.vm.info" value="mixed mode"/>
    <property name="java.vendor" value="IcedTea"/>
    <property name="java.vm.version" value="25.212-b04"/>
    <property name="java.ext.dirs" value="/usr/lib/jvm/java-1.8-openjdk/jre/lib/ext:/usr/java/packages/lib/ext"/>
    <property name="sun.io.unicode.encoding" value="UnicodeLittle"/>
    <property name="java.class.version" value="52.0"/>
  </properties>
  <testcase name="testWatchForCommitWithKeyWrite" classname="org.apache.hadoop.ozone.client.rpc.TestWatchForCommit" time="69.579"/>
  <testcase name="testWatchForCommitWithSmallerTimeoutValue" classname="org.apache.hadoop.ozone.client.rpc.TestWatchForCommit" time="44.886"/>
  <testcase name="testWatchForCommitForRetryfailure" classname="org.apache.hadoop.ozone.client.rpc.TestWatchForCommit" time="74.571"/>
  <testcase name="testWatchForCommitForGroupMismatchException" classname="org.apache.hadoop.ozone.client.rpc.TestWatchForCommit" time="33.193"/>
  <testcase name="test2WayCommitForTimeoutException" classname="org.apache.hadoop.ozone.client.rpc.TestWatchForCommit" time="30.49">
    <error message="org.apache.ratis.protocol.RaftRetryFailureException: Failed RaftClientRequest:client-6A8ADCA173F2-&gt;bb544b94-2c29-446f-b248-ddf7606e91f4@group-6E86CE23022E, cid=103, seq=2*, RW, org.apache.hadoop.hdds.scm.XceiverClientRatis$$Lambda$380/1549733596@471dae60 for 20 attempts with RetryLimited(maxAttempts=20, sleepTime=1000ms)" type="java.util.concurrent.ExecutionException">java.util.concurrent.ExecutionException: org.apache.ratis.protocol.RaftRetryFailureException: Failed RaftClientRequest:client-6A8ADCA173F2->bb544b94-2c29-446f-b248-ddf7606e91f4@group-6E86CE23022E, cid=103, seq=2*, RW, org.apache.hadoop.hdds.scm.XceiverClientRatis$$Lambda$380/1549733596@471dae60 for 20 attempts with RetryLimited(maxAttempts=20, sleepTime=1000ms)
	at java.util.concurrent.CompletableFuture.reportGet(CompletableFuture.java:357)
	at java.util.concurrent.CompletableFuture.get(CompletableFuture.java:1895)
	at org.apache.hadoop.ozone.client.rpc.TestWatchForCommit.test2WayCommitForTimeoutException(TestWatchForCommit.java:390)
	at sun.reflect.NativeMethodAccessorImpl.invoke0(Native Method)
	at sun.reflect.NativeMethodAccessorImpl.invoke(NativeMethodAccessorImpl.java:62)
	at sun.reflect.DelegatingMethodAccessorImpl.invoke(DelegatingMethodAccessorImpl.java:43)
	at java.lang.reflect.Method.invoke(Method.java:498)
	at org.junit.runners.model.FrameworkMethod$1.runReflectiveCall(FrameworkMethod.java:47)
	at org.junit.internal.runners.model.ReflectiveCallable.run(ReflectiveCallable.java:12)
	at org.junit.runners.model.FrameworkMethod.invokeExplosively(FrameworkMethod.java:44)
	at org.junit.internal.runners.statements.InvokeMethod.evaluate(InvokeMethod.java:17)
	at org.junit.runners.ParentRunner.runLeaf(ParentRunner.java:271)
	at org.junit.runners.BlockJUnit4ClassRunner.runChild(BlockJUnit4ClassRunner.java:70)
	at org.junit.runners.BlockJUnit4ClassRunner.runChild(BlockJUnit4ClassRunner.java:50)
	at org.junit.runners.ParentRunner$3.run(ParentRunner.java:238)
	at org.junit.runners.ParentRunner$1.schedule(ParentRunner.java:63)
	at org.junit.runners.ParentRunner.runChildren(ParentRunner.java:236)
	at org.junit.runners.ParentRunner.access$000(ParentRunner.java:53)
	at org.junit.runners.ParentRunner$2.evaluate(ParentRunner.java:229)
	at org.junit.runners.ParentRunner.run(ParentRunner.java:309)
	at org.apache.maven.surefire.junit4.JUnit4Provider.execute(JUnit4Provider.java:365)
	at org.apache.maven.surefire.junit4.JUnit4Provider.executeWithRerun(JUnit4Provider.java:273)
	at org.apache.maven.surefire.junit4.JUnit4Provider.executeTestSet(JUnit4Provider.java:238)
	at org.apache.maven.surefire.junit4.JUnit4Provider.invoke(JUnit4Provider.java:159)
	at org.apache.maven.surefire.booter.ForkedBooter.invokeProviderInSameClassLoader(ForkedBooter.java:384)
	at org.apache.maven.surefire.booter.ForkedBooter.runSuitesInProcess(ForkedBooter.java:345)
	at org.apache.maven.surefire.booter.ForkedBooter.execute(ForkedBooter.java:126)
	at org.apache.maven.surefire.booter.ForkedBooter.main(ForkedBooter.java:418)
Caused by: org.apache.ratis.protocol.RaftRetryFailureException: Failed RaftClientRequest:client-6A8ADCA173F2->bb544b94-2c29-446f-b248-ddf7606e91f4@group-6E86CE23022E, cid=103, seq=2*, RW, org.apache.hadoop.hdds.scm.XceiverClientRatis$$Lambda$380/1549733596@471dae60 for 20 attempts with RetryLimited(maxAttempts=20, sleepTime=1000ms)
	at org.apache.ratis.client.impl.RaftClientImpl.noMoreRetries(RaftClientImpl.java:272)
	at org.apache.ratis.client.impl.OrderedAsync.handleAsyncRetryFailure(OrderedAsync.java:138)
	at org.apache.ratis.client.impl.OrderedAsync.lambda$sendRequest$10(OrderedAsync.java:230)
	at java.util.concurrent.CompletableFuture.uniExceptionally(CompletableFuture.java:870)
	at java.util.concurrent.CompletableFuture$UniExceptionally.tryFire(CompletableFuture.java:852)
	at java.util.concurrent.CompletableFuture.postComplete(CompletableFuture.java:474)
	at java.util.concurrent.CompletableFuture.completeExceptionally(CompletableFuture.java:1977)
	at org.apache.ratis.grpc.client.GrpcClientProtocolClient$AsyncStreamObservers.completeReplyExceptionally(GrpcClientProtocolClient.java:330)
	at org.apache.ratis.grpc.client.GrpcClientProtocolClient$AsyncStreamObservers.access$000(GrpcClientProtocolClient.java:246)
	at org.apache.ratis.grpc.client.GrpcClientProtocolClient$AsyncStreamObservers$1.onNext(GrpcClientProtocolClient.java:258)
	at org.apache.ratis.grpc.client.GrpcClientProtocolClient$AsyncStreamObservers$1.onNext(GrpcClientProtocolClient.java:249)
	at org.apache.ratis.thirdparty.io.grpc.stub.ClientCalls$StreamObserverToCallListenerAdapter.onMessage(ClientCalls.java:421)
	at org.apache.ratis.thirdparty.io.grpc.ForwardingClientCallListener.onMessage(ForwardingClientCallListener.java:33)
	at org.apache.ratis.thirdparty.io.grpc.ForwardingClientCallListener.onMessage(ForwardingClientCallListener.java:33)
	at org.apache.ratis.thirdparty.io.grpc.internal.ClientCallImpl$ClientStreamListenerImpl$1MessagesAvailable.runInContext(ClientCallImpl.java:519)
	at org.apache.ratis.thirdparty.io.grpc.internal.ContextRunnable.run(ContextRunnable.java:37)
	at org.apache.ratis.thirdparty.io.grpc.internal.SerializingExecutor.run(SerializingExecutor.java:123)
	at java.util.concurrent.ThreadPoolExecutor.runWorker(ThreadPoolExecutor.java:1149)
	at java.util.concurrent.ThreadPoolExecutor$Worker.run(ThreadPoolExecutor.java:624)
	at java.lang.Thread.run(Thread.java:748)
Caused by: org.apache.ratis.protocol.NotLeaderException: Server bb544b94-2c29-446f-b248-ddf7606e91f4 is not the leader (null). Request must be sent to leader.
	at org.apache.ratis.client.impl.ClientProtoUtils.toRaftClientReply(ClientProtoUtils.java:242)
	at org.apache.ratis.grpc.client.GrpcClientProtocolClient$AsyncStreamObservers$1.onNext(GrpcClientProtocolClient.java:254)
	... 10 more
</error>
    <system-out><![CDATA[2019-08-29 08:22:00,136 [main] WARN  server.ServerUtils (ServerUtils.java:getScmDbDir(145)) - ozone.scm.db.dirs is not configured. We recommend adding this setting. Falling back to ozone.metadata.dirs instead.
2019-08-29 08:22:00,171 [main] WARN  server.ServerUtils (ServerUtils.java:getScmDbDir(145)) - ozone.scm.db.dirs is not configured. We recommend adding this setting. Falling back to ozone.metadata.dirs instead.
2019-08-29 08:22:00,172 [main] WARN  server.ServerUtils (ServerUtils.java:getScmDbDir(145)) - ozone.scm.db.dirs is not configured. We recommend adding this setting. Falling back to ozone.metadata.dirs instead.
2019-08-29 08:22:00,172 [main] INFO  db.DBStoreBuilder (DBStoreBuilder.java:addTable(110)) - using custom profile for table: deletedBlocks
2019-08-29 08:22:00,173 [main] INFO  db.DBStoreBuilder (DBStoreBuilder.java:processTables(161)) - Using default column profile:DBProfile.DISK for Table:deletedBlocks
2019-08-29 08:22:00,173 [main] INFO  db.DBStoreBuilder (DBStoreBuilder.java:addTable(110)) - using custom profile for table: validCerts
2019-08-29 08:22:00,173 [main] INFO  db.DBStoreBuilder (DBStoreBuilder.java:processTables(161)) - Using default column profile:DBProfile.DISK for Table:validCerts
2019-08-29 08:22:00,173 [main] INFO  db.DBStoreBuilder (DBStoreBuilder.java:addTable(110)) - using custom profile for table: revokedCerts
2019-08-29 08:22:00,174 [main] INFO  db.DBStoreBuilder (DBStoreBuilder.java:processTables(161)) - Using default column profile:DBProfile.DISK for Table:revokedCerts
2019-08-29 08:22:00,174 [main] INFO  db.DBStoreBuilder (DBStoreBuilder.java:addTable(110)) - using custom profile for table: default
2019-08-29 08:22:00,174 [main] INFO  db.DBStoreBuilder (DBStoreBuilder.java:processTables(167)) - Using default column profile:DBProfile.DISK for Table:default
2019-08-29 08:22:00,174 [main] INFO  db.DBStoreBuilder (DBStoreBuilder.java:getDbProfile(198)) - Using default options. DBProfile.DISK
2019-08-29 08:22:00,652 [main] INFO  net.NodeSchemaLoader (NodeSchemaLoader.java:loadSchemaFromFile(125)) - Loading file from sun.misc.CompoundEnumeration@62ad5f35
2019-08-29 08:22:00,652 [main] INFO  net.NodeSchemaLoader (NodeSchemaLoader.java:loadSchema(171)) - Loading network topology layer schema file
2019-08-29 08:22:00,656 [main] WARN  server.ServerUtils (ServerUtils.java:sanitizeUserArgs(70)) - ozone.scm.stale.node.interval value = 300000 is larger than max = 100000 based on the key value of ozone.scm.heartbeat.thread.interval, reset to the max value 100000.
2019-08-29 08:22:00,657 [main] WARN  server.ServerUtils (ServerUtils.java:sanitizeUserArgs(70)) - ozone.scm.stale.node.interval value = 300000 is larger than max = 100000 based on the key value of ozone.scm.heartbeat.thread.interval, reset to the max value 100000.
2019-08-29 08:22:00,657 [main] INFO  node.SCMNodeManager (SCMNodeManager.java:<init>(121)) - Entering startup safe mode.
2019-08-29 08:22:00,658 [main] INFO  algorithms.ContainerPlacementPolicyFactory (ContainerPlacementPolicyFactory.java:getPolicy(55)) - Create container placement policy of type org.apache.hadoop.hdds.scm.container.placement.algorithms.SCMContainerPlacementRandom
2019-08-29 08:22:00,658 [main] WARN  server.ServerUtils (ServerUtils.java:getScmDbDir(145)) - ozone.scm.db.dirs is not configured. We recommend adding this setting. Falling back to ozone.metadata.dirs instead.
2019-08-29 08:22:00,789 [main] INFO  pipeline.SCMPipelineManager (SCMPipelineManager.java:initializePipelineState(126)) - No pipeline exists in current db
2019-08-29 08:22:00,789 [main] WARN  server.ServerUtils (ServerUtils.java:getScmDbDir(145)) - ozone.scm.db.dirs is not configured. We recommend adding this setting. Falling back to ozone.metadata.dirs instead.
2019-08-29 08:22:00,857 [main] WARN  events.EventQueue (EventQueue.java:fireEvent(175)) - No event handler registered for event TypedEvent{payloadType=SafeModeStatus, name='SafeModeStatus'}
2019-08-29 08:22:00,858 [main] INFO  ipc.CallQueueManager (CallQueueManager.java:<init>(84)) - Using callQueue: class java.util.concurrent.LinkedBlockingQueue, queueCapacity: 2000, scheduler: class org.apache.hadoop.ipc.DefaultRpcScheduler, ipcBackoff: false.
2019-08-29 08:22:00,859 [Socket Reader #1 for port 39363] INFO  ipc.Server (Server.java:run(1074)) - Starting Socket Reader #1 for port 39363
2019-08-29 08:22:00,861 [main] INFO  ipc.CallQueueManager (CallQueueManager.java:<init>(84)) - Using callQueue: class java.util.concurrent.LinkedBlockingQueue, queueCapacity: 2000, scheduler: class org.apache.hadoop.ipc.DefaultRpcScheduler, ipcBackoff: false.
2019-08-29 08:22:00,861 [Socket Reader #1 for port 35719] INFO  ipc.Server (Server.java:run(1074)) - Starting Socket Reader #1 for port 35719
2019-08-29 08:22:00,863 [main] INFO  ipc.CallQueueManager (CallQueueManager.java:<init>(84)) - Using callQueue: class java.util.concurrent.LinkedBlockingQueue, queueCapacity: 2000, scheduler: class org.apache.hadoop.ipc.DefaultRpcScheduler, ipcBackoff: false.
2019-08-29 08:22:00,864 [Socket Reader #1 for port 46733] INFO  ipc.Server (Server.java:run(1074)) - Starting Socket Reader #1 for port 46733
2019-08-29 08:22:00,866 [main] INFO  hdfs.DFSUtil (DFSUtil.java:httpServerTemplateForNNAndJN(1641)) - Starting Web-server for scm at: http://0.0.0.0:0
2019-08-29 08:22:00,868 [main] INFO  server.AuthenticationFilter (AuthenticationFilter.java:constructSecretProvider(240)) - Unable to initialize FileSignerSecretProvider, falling back to use random secrets.
2019-08-29 08:22:00,869 [main] WARN  http.HttpRequestLog (HttpRequestLog.java:getRequestLog(97)) - Jetty request log can only be enabled using Log4j
2019-08-29 08:22:00,871 [main] INFO  http.HttpServer2 (HttpServer2.java:addGlobalFilter(975)) - Added global filter 'safety' (class=org.apache.hadoop.http.HttpServer2$QuotingInputFilter)
2019-08-29 08:22:00,872 [main] INFO  http.HttpServer2 (HttpServer2.java:addFilter(948)) - Added filter static_user_filter (class=org.apache.hadoop.http.lib.StaticUserWebFilter$StaticUserFilter) to context scm
2019-08-29 08:22:00,872 [main] INFO  http.HttpServer2 (HttpServer2.java:addFilter(958)) - Added filter static_user_filter (class=org.apache.hadoop.http.lib.StaticUserWebFilter$StaticUserFilter) to context logs
2019-08-29 08:22:00,873 [main] INFO  http.HttpServer2 (HttpServer2.java:addFilter(958)) - Added filter static_user_filter (class=org.apache.hadoop.http.lib.StaticUserWebFilter$StaticUserFilter) to context static
2019-08-29 08:22:00,875 [main] INFO  server.StorageContainerManager (StorageContainerManager.java:start(759)) - StorageContainerLocationProtocol RPC server is listening at /0.0.0.0:46733
2019-08-29 08:22:00,878 [main] WARN  impl.MetricsConfig (MetricsConfig.java:loadFirst(134)) - Cannot locate configuration: tried hadoop-metrics2-storagecontainermanager.properties,hadoop-metrics2.properties
2019-08-29 08:22:00,879 [main] INFO  impl.MetricsSystemImpl (MetricsSystemImpl.java:startTimer(374)) - Scheduled Metric snapshot period at 10 second(s).
2019-08-29 08:22:00,879 [main] INFO  impl.MetricsSystemImpl (MetricsSystemImpl.java:start(191)) - StorageContainerManager metrics system started
2019-08-29 08:22:01,274 [main] INFO  server.SCMClientProtocolServer (SCMClientProtocolServer.java:start(151)) - RPC server for Client  is listening at /0.0.0.0:46733
2019-08-29 08:22:01,275 [IPC Server Responder] INFO  ipc.Server (Server.java:run(1314)) - IPC Server Responder: starting
2019-08-29 08:22:01,275 [IPC Server listener on 46733] INFO  ipc.Server (Server.java:run(1153)) - IPC Server listener on 46733: starting
2019-08-29 08:22:01,280 [main] INFO  server.StorageContainerManager (StorageContainerManager.java:start(769)) - ScmBlockLocationProtocol RPC server is listening at /0.0.0.0:35719
2019-08-29 08:22:01,280 [main] INFO  server.SCMBlockProtocolServer (SCMBlockProtocolServer.java:start(140)) - RPC server for Block Protocol is listening at /0.0.0.0:35719
2019-08-29 08:22:01,280 [IPC Server Responder] INFO  ipc.Server (Server.java:run(1314)) - IPC Server Responder: starting
2019-08-29 08:22:01,281 [IPC Server listener on 35719] INFO  ipc.Server (Server.java:run(1153)) - IPC Server listener on 35719: starting
2019-08-29 08:22:01,284 [main] INFO  server.StorageContainerManager (StorageContainerManager.java:start(773)) - ScmDatanodeProtocl RPC server is listening at /0.0.0.0:39363
2019-08-29 08:22:01,285 [main] INFO  server.SCMDatanodeProtocolServer (SCMDatanodeProtocolServer.java:start(191)) - RPC server for DataNodes is listening at /0.0.0.0:39363
2019-08-29 08:22:01,285 [IPC Server Responder] INFO  ipc.Server (Server.java:run(1314)) - IPC Server Responder: starting
2019-08-29 08:22:01,285 [IPC Server listener on 39363] INFO  ipc.Server (Server.java:run(1153)) - IPC Server listener on 39363: starting
2019-08-29 08:22:01,289 [main] INFO  http.HttpServer2 (HttpServer2.java:bindListener(1191)) - Jetty bound to port 33302
2019-08-29 08:22:01,289 [main] INFO  server.Server (Server.java:doStart(351)) - jetty-9.3.24.v20180605, build timestamp: 2018-06-05T17:11:56Z, git hash: 84205aa28f11a4f31f2a3b86d1bba2cc8ab69827
2019-08-29 08:22:01,291 [main] INFO  handler.ContextHandler (ContextHandler.java:doStart(781)) - Started o.e.j.s.ServletContextHandler@7fda84cf{/logs,file:///workdir/hadoop-ozone/integration-test/target/log,AVAILABLE}
2019-08-29 08:22:01,291 [main] INFO  handler.ContextHandler (ContextHandler.java:doStart(781)) - Started o.e.j.s.ServletContextHandler@19240b9{/static,file:///workdir/hadoop-ozone/integration-test/target/test-classes/webapps/static,AVAILABLE}
2019-08-29 08:22:01,295 [main] INFO  handler.ContextHandler (ContextHandler.java:doStart(781)) - Started o.e.j.w.WebAppContext@5d3f583d{/,file:///workdir/hadoop-ozone/integration-test/target/test-classes/webapps/scm/,AVAILABLE}{/scm}
2019-08-29 08:22:01,296 [main] INFO  server.AbstractConnector (AbstractConnector.java:doStart(278)) - Started ServerConnector@765e5a55{HTTP/1.1,[http/1.1]}{0.0.0.0:33302}
2019-08-29 08:22:01,297 [main] INFO  server.Server (Server.java:doStart(419)) - Started @223992ms
2019-08-29 08:22:01,298 [main] INFO  server.BaseHttpServer (BaseHttpServer.java:updateConnectorAddress(213)) - HTTP server of SCM is listening at http://0.0.0.0:33302
2019-08-29 08:22:01,298 [main] WARN  server.ServerUtils (ServerUtils.java:getDBPath(222)) - ozone.om.db.dirs is not configured. We recommend adding this setting. Falling back to ozone.metadata.dirs instead.
2019-08-29 08:22:01,299 [org.apache.hadoop.util.JvmPauseMonitor$Monitor@1722ede1] INFO  util.JvmPauseMonitor (JvmPauseMonitor.java:run(188)) - Starting JVM pause monitor
2019-08-29 08:22:01,326 [main] WARN  server.ServerUtils (ServerUtils.java:getDBPath(222)) - ozone.om.db.dirs is not configured. We recommend adding this setting. Falling back to ozone.metadata.dirs instead.
2019-08-29 08:22:01,326 [main] WARN  server.ServerUtils (ServerUtils.java:getDBPath(222)) - ozone.om.db.dirs is not configured. We recommend adding this setting. Falling back to ozone.metadata.dirs instead.
2019-08-29 08:22:01,327 [main] INFO  om.OzoneManager (OzoneManager.java:setOMNodeDetails(645)) - OM Service ID is not set. Setting it to the default ID: omServiceIdDefault
2019-08-29 08:22:01,327 [main] INFO  om.OzoneManager (OzoneManager.java:setOMNodeDetails(651)) - OM Node ID is not set. Setting it to the OmStorage's OmID: 4cefe0da-48b5-4bb9-83a2-4f6e46e1d080
2019-08-29 08:22:01,327 [main] INFO  om.OzoneManager (OzoneManager.java:loadOMHAConfigs(602)) - Found matching OM address with OMServiceId: null, OMNodeId: null, RPC Address: localhost:0 and Ratis port: 9872
2019-08-29 08:22:01,332 | INFO  | SCMAudit | user=jenkins1000 | ip=192.168.69.111 | op=GET_SCM_INFO null | ret=SUCCESS |  
2019-08-29 08:22:01,334 [main] WARN  server.ServerUtils (ServerUtils.java:getDBPath(222)) - ozone.om.db.dirs is not configured. We recommend adding this setting. Falling back to ozone.metadata.dirs instead.
2019-08-29 08:22:01,335 [main] INFO  db.DBStoreBuilder (DBStoreBuilder.java:addTable(110)) - using custom profile for table: userTable
2019-08-29 08:22:01,335 [main] INFO  db.DBStoreBuilder (DBStoreBuilder.java:processTables(161)) - Using default column profile:DBProfile.DISK for Table:userTable
2019-08-29 08:22:01,335 [main] INFO  db.DBStoreBuilder (DBStoreBuilder.java:addTable(110)) - using custom profile for table: volumeTable
2019-08-29 08:22:01,335 [main] INFO  db.DBStoreBuilder (DBStoreBuilder.java:processTables(161)) - Using default column profile:DBProfile.DISK for Table:volumeTable
2019-08-29 08:22:01,335 [main] INFO  db.DBStoreBuilder (DBStoreBuilder.java:addTable(110)) - using custom profile for table: bucketTable
2019-08-29 08:22:01,336 [main] INFO  db.DBStoreBuilder (DBStoreBuilder.java:processTables(161)) - Using default column profile:DBProfile.DISK for Table:bucketTable
2019-08-29 08:22:01,336 [main] INFO  db.DBStoreBuilder (DBStoreBuilder.java:addTable(110)) - using custom profile for table: keyTable
2019-08-29 08:22:01,336 [main] INFO  db.DBStoreBuilder (DBStoreBuilder.java:processTables(161)) - Using default column profile:DBProfile.DISK for Table:keyTable
2019-08-29 08:22:01,336 [main] INFO  db.DBStoreBuilder (DBStoreBuilder.java:addTable(110)) - using custom profile for table: deletedTable
2019-08-29 08:22:01,336 [main] INFO  db.DBStoreBuilder (DBStoreBuilder.java:processTables(161)) - Using default column profile:DBProfile.DISK for Table:deletedTable
2019-08-29 08:22:01,336 [main] INFO  db.DBStoreBuilder (DBStoreBuilder.java:addTable(110)) - using custom profile for table: openKeyTable
2019-08-29 08:22:01,337 [main] INFO  db.DBStoreBuilder (DBStoreBuilder.java:processTables(161)) - Using default column profile:DBProfile.DISK for Table:openKeyTable
2019-08-29 08:22:01,337 [main] INFO  db.DBStoreBuilder (DBStoreBuilder.java:addTable(110)) - using custom profile for table: s3Table
2019-08-29 08:22:01,337 [main] INFO  db.DBStoreBuilder (DBStoreBuilder.java:processTables(161)) - Using default column profile:DBProfile.DISK for Table:s3Table
2019-08-29 08:22:01,337 [main] INFO  db.DBStoreBuilder (DBStoreBuilder.java:addTable(110)) - using custom profile for table: multipartInfoTable
2019-08-29 08:22:01,337 [main] INFO  db.DBStoreBuilder (DBStoreBuilder.java:processTables(161)) - Using default column profile:DBProfile.DISK for Table:multipartInfoTable
2019-08-29 08:22:01,337 [main] INFO  db.DBStoreBuilder (DBStoreBuilder.java:addTable(110)) - using custom profile for table: dTokenTable
2019-08-29 08:22:01,338 [main] INFO  db.DBStoreBuilder (DBStoreBuilder.java:processTables(161)) - Using default column profile:DBProfile.DISK for Table:dTokenTable
2019-08-29 08:22:01,338 [main] INFO  db.DBStoreBuilder (DBStoreBuilder.java:addTable(110)) - using custom profile for table: s3SecretTable
2019-08-29 08:22:01,338 [main] INFO  db.DBStoreBuilder (DBStoreBuilder.java:processTables(161)) - Using default column profile:DBProfile.DISK for Table:s3SecretTable
2019-08-29 08:22:01,338 [main] INFO  db.DBStoreBuilder (DBStoreBuilder.java:addTable(110)) - using custom profile for table: prefixTable
2019-08-29 08:22:01,338 [main] INFO  db.DBStoreBuilder (DBStoreBuilder.java:processTables(161)) - Using default column profile:DBProfile.DISK for Table:prefixTable
2019-08-29 08:22:01,338 [main] INFO  db.DBStoreBuilder (DBStoreBuilder.java:addTable(110)) - using custom profile for table: default
2019-08-29 08:22:01,338 [main] INFO  db.DBStoreBuilder (DBStoreBuilder.java:processTables(167)) - Using default column profile:DBProfile.DISK for Table:default
2019-08-29 08:22:01,339 [main] INFO  db.DBStoreBuilder (DBStoreBuilder.java:getDbProfile(198)) - Using default options. DBProfile.DISK
2019-08-29 08:22:02,402 [main] INFO  ipc.CallQueueManager (CallQueueManager.java:<init>(84)) - Using callQueue: class java.util.concurrent.LinkedBlockingQueue, queueCapacity: 2000, scheduler: class org.apache.hadoop.ipc.DefaultRpcScheduler, ipcBackoff: false.
2019-08-29 08:22:02,404 [Socket Reader #1 for port 37030] INFO  ipc.Server (Server.java:run(1074)) - Starting Socket Reader #1 for port 37030
2019-08-29 08:22:02,421 [main] INFO  om.OzoneManager (OzoneManager.java:start(1256)) - OzoneManager RPC server is listening at localhost/127.0.0.1:37030
2019-08-29 08:22:02,421 [main] INFO  impl.MetricsSystemImpl (MetricsSystemImpl.java:init(158)) - OzoneManager metrics system started (again)
2019-08-29 08:22:02,422 [IPC Server Responder] INFO  ipc.Server (Server.java:run(1314)) - IPC Server Responder: starting
2019-08-29 08:22:02,422 [IPC Server listener on 37030] INFO  ipc.Server (Server.java:run(1153)) - IPC Server listener on 37030: starting
2019-08-29 08:22:02,427 [main] INFO  hdfs.DFSUtil (DFSUtil.java:httpServerTemplateForNNAndJN(1641)) - Starting Web-server for ozoneManager at: http://0.0.0.0:0
2019-08-29 08:22:02,428 [main] INFO  server.AuthenticationFilter (AuthenticationFilter.java:constructSecretProvider(240)) - Unable to initialize FileSignerSecretProvider, falling back to use random secrets.
2019-08-29 08:22:02,428 [main] WARN  http.HttpRequestLog (HttpRequestLog.java:getRequestLog(97)) - Jetty request log can only be enabled using Log4j
2019-08-29 08:22:02,430 [main] INFO  http.HttpServer2 (HttpServer2.java:addGlobalFilter(975)) - Added global filter 'safety' (class=org.apache.hadoop.http.HttpServer2$QuotingInputFilter)
2019-08-29 08:22:02,431 [main] INFO  http.HttpServer2 (HttpServer2.java:addFilter(948)) - Added filter static_user_filter (class=org.apache.hadoop.http.lib.StaticUserWebFilter$StaticUserFilter) to context ozoneManager
2019-08-29 08:22:02,431 [main] INFO  http.HttpServer2 (HttpServer2.java:addFilter(958)) - Added filter static_user_filter (class=org.apache.hadoop.http.lib.StaticUserWebFilter$StaticUserFilter) to context static
2019-08-29 08:22:02,431 [main] INFO  http.HttpServer2 (HttpServer2.java:addFilter(958)) - Added filter static_user_filter (class=org.apache.hadoop.http.lib.StaticUserWebFilter$StaticUserFilter) to context logs
2019-08-29 08:22:02,432 [main] INFO  http.HttpServer2 (HttpServer2.java:bindListener(1191)) - Jetty bound to port 43080
2019-08-29 08:22:02,432 [main] INFO  server.Server (Server.java:doStart(351)) - jetty-9.3.24.v20180605, build timestamp: 2018-06-05T17:11:56Z, git hash: 84205aa28f11a4f31f2a3b86d1bba2cc8ab69827
2019-08-29 08:22:02,433 [main] INFO  handler.ContextHandler (ContextHandler.java:doStart(781)) - Started o.e.j.s.ServletContextHandler@752e50c6{/logs,file:///workdir/hadoop-ozone/integration-test/target/log,AVAILABLE}
2019-08-29 08:22:02,434 [main] INFO  handler.ContextHandler (ContextHandler.java:doStart(781)) - Started o.e.j.s.ServletContextHandler@5bd191c2{/static,file:///workdir/hadoop-ozone/integration-test/target/test-classes/webapps/static,AVAILABLE}
2019-08-29 08:22:02,438 [main] INFO  handler.ContextHandler (ContextHandler.java:doStart(781)) - Started o.e.j.w.WebAppContext@73796ae5{/,file:///workdir/hadoop-ozone/integration-test/target/test-classes/webapps/ozoneManager/,AVAILABLE}{/ozoneManager}
2019-08-29 08:22:02,438 [main] INFO  server.AbstractConnector (AbstractConnector.java:doStart(278)) - Started ServerConnector@3956e933{HTTP/1.1,[http/1.1]}{0.0.0.0:43080}
2019-08-29 08:22:02,439 [main] INFO  server.Server (Server.java:doStart(419)) - Started @225134ms
2019-08-29 08:22:02,440 [main] INFO  server.BaseHttpServer (BaseHttpServer.java:updateConnectorAddress(213)) - HTTP server of OZONEMANAGER is listening at http://0.0.0.0:43080
2019-08-29 08:22:02,454 [main] INFO  impl.MetricsSystemImpl (MetricsSystemImpl.java:init(158)) - HddsDatanode metrics system started (again)
2019-08-29 08:22:02,456 [main] INFO  ozone.HddsDatanodeService (HddsDatanodeService.java:start(184)) - HddsDatanodeService host:pr-hdds-1569-g9zr9-4145101663 ip:192.168.69.111
2019-08-29 08:22:02,464 [main] INFO  volume.HddsVolume (HddsVolume.java:<init>(176)) - Creating Volume: /workdir/hadoop-ozone/integration-test/target/test-dir/MiniOzoneClusterImpl-019c98e8-05ee-4a70-81cf-496e8301b746/datanode-0/data/containers/hdds of  storage type : DISK and capacity : 1482555576320
2019-08-29 08:22:02,464 [main] INFO  volume.VolumeSet (VolumeSet.java:initializeVolumeSet(170)) - Added Volume : /workdir/hadoop-ozone/integration-test/target/test-dir/MiniOzoneClusterImpl-019c98e8-05ee-4a70-81cf-496e8301b746/datanode-0/data/containers/hdds to VolumeSet
2019-08-29 08:22:02,464 [main] INFO  volume.ThrottledAsyncChecker (ThrottledAsyncChecker.java:schedule(140)) - Scheduling a check for org.apache.hadoop.ozone.container.common.volume.HddsVolume@5dcec8e9
2019-08-29 08:22:02,465 [main] INFO  volume.HddsVolumeChecker (HddsVolumeChecker.java:checkAllVolumes(203)) - Scheduled health check for volume org.apache.hadoop.ozone.container.common.volume.HddsVolume@5dcec8e9
2019-08-29 08:22:02,478 [main] INFO  impl.RaftServerProxy (ConfUtils.java:logGet(43)) - raft.rpc.type = GRPC (default)
2019-08-29 08:22:02,479 [main] INFO  grpc.GrpcFactory (GrpcFactory.java:checkPooledByteBufAllocatorUseCacheForAllThreads(45)) - PERFORMANCE WARNING: useCacheForAllThreads is true that may cause Netty to create a lot garbage objects and, as a result, trigger GC.
	It is recommended to disable useCacheForAllThreads by setting -Dorg.apache.ratis.thirdparty.io.netty.allocator.useCacheForAllThreads=false in command line.
2019-08-29 08:22:02,479 [main] INFO  grpc.GrpcConfigKeys$Server (ConfUtils.java:logGet(43)) - raft.grpc.server.port = 0 (default)
2019-08-29 08:22:02,479 [main] INFO  server.GrpcService (ConfUtils.java:logGet(43)) - raft.grpc.message.size.max = 33570816 (custom)
2019-08-29 08:22:02,479 [main] INFO  server.RaftServerConfigKeys (ConfUtils.java:logGet(43)) - raft.server.log.appender.buffer.byte-limit = 33554432 (custom)
2019-08-29 08:22:02,479 [main] INFO  server.GrpcService (ConfUtils.java:logGet(43)) - raft.grpc.flow.control.window = 1MB (=1048576) (default)
2019-08-29 08:22:02,480 [main] INFO  server.RaftServerConfigKeys (ConfUtils.java:logGet(43)) - raft.server.rpc.request.timeout = 3000ms (default)
2019-08-29 08:22:02,480 [main] INFO  server.RaftServerConfigKeys (ConfUtils.java:logGet(43)) - raft.server.storage.dir = [/workdir/hadoop-ozone/integration-test/target/test-dir/MiniOzoneClusterImpl-019c98e8-05ee-4a70-81cf-496e8301b746/datanode-0/data/ratis] (custom)
2019-08-29 08:22:02,481 [main] INFO  replication.SimpleContainerDownloader (SimpleContainerDownloader.java:<init>(72)) - Starting container downloader service to copy containers to replicate.
2019-08-29 08:22:02,482 [main] INFO  hdfs.DFSUtil (DFSUtil.java:httpServerTemplateForNNAndJN(1641)) - Starting Web-server for hddsDatanode at: http://0.0.0.0:0
2019-08-29 08:22:02,483 [main] INFO  server.AuthenticationFilter (AuthenticationFilter.java:constructSecretProvider(240)) - Unable to initialize FileSignerSecretProvider, falling back to use random secrets.
2019-08-29 08:22:02,483 [main] WARN  http.HttpRequestLog (HttpRequestLog.java:getRequestLog(97)) - Jetty request log can only be enabled using Log4j
2019-08-29 08:22:02,485 [main] INFO  http.HttpServer2 (HttpServer2.java:addGlobalFilter(975)) - Added global filter 'safety' (class=org.apache.hadoop.http.HttpServer2$QuotingInputFilter)
2019-08-29 08:22:02,485 [main] INFO  http.HttpServer2 (HttpServer2.java:addFilter(948)) - Added filter static_user_filter (class=org.apache.hadoop.http.lib.StaticUserWebFilter$StaticUserFilter) to context hddsDatanode
2019-08-29 08:22:02,485 [main] INFO  http.HttpServer2 (HttpServer2.java:addFilter(958)) - Added filter static_user_filter (class=org.apache.hadoop.http.lib.StaticUserWebFilter$StaticUserFilter) to context static
2019-08-29 08:22:02,485 [main] INFO  http.HttpServer2 (HttpServer2.java:addFilter(958)) - Added filter static_user_filter (class=org.apache.hadoop.http.lib.StaticUserWebFilter$StaticUserFilter) to context logs
2019-08-29 08:22:02,486 [main] INFO  http.HttpServer2 (HttpServer2.java:bindListener(1191)) - Jetty bound to port 46750
2019-08-29 08:22:02,486 [main] INFO  server.Server (Server.java:doStart(351)) - jetty-9.3.24.v20180605, build timestamp: 2018-06-05T17:11:56Z, git hash: 84205aa28f11a4f31f2a3b86d1bba2cc8ab69827
2019-08-29 08:22:02,487 [main] INFO  handler.ContextHandler (ContextHandler.java:doStart(781)) - Started o.e.j.s.ServletContextHandler@159a32a4{/logs,file:///workdir/hadoop-ozone/integration-test/target/log,AVAILABLE}
2019-08-29 08:22:02,488 [main] INFO  handler.ContextHandler (ContextHandler.java:doStart(781)) - Started o.e.j.s.ServletContextHandler@1ddc5857{/static,jar:file:/home/user/.m2/repository/org/apache/hadoop/hadoop-hdds-container-service/0.5.0-SNAPSHOT/hadoop-hdds-container-service-0.5.0-SNAPSHOT.jar!/webapps/static,AVAILABLE}
2019-08-29 08:22:02,515 [main] INFO  handler.ContextHandler (ContextHandler.java:doStart(781)) - Started o.e.j.w.WebAppContext@58fbecde{/,file:///tmp/jetty-0.0.0.0-46750-hddsDatanode-_-any-2886032511585476642.dir/webapp/,AVAILABLE}{/hddsDatanode}
2019-08-29 08:22:02,516 [main] INFO  server.AbstractConnector (AbstractConnector.java:doStart(278)) - Started ServerConnector@299615a5{HTTP/1.1,[http/1.1]}{0.0.0.0:46750}
2019-08-29 08:22:02,517 [main] INFO  server.Server (Server.java:doStart(419)) - Started @225212ms
2019-08-29 08:22:02,517 [main] INFO  server.BaseHttpServer (BaseHttpServer.java:updateConnectorAddress(213)) - HTTP server of HDDSDATANODE is listening at http://0.0.0.0:46750
2019-08-29 08:22:02,663 | INFO  | ObjectStoreRestHttpServer | Listening HDDS REST traffic on /0.0.0.0:36459 |  
2019-08-29 08:22:02,663 [main] INFO  ozone.HddsDatanodeService (HddsDatanodeService.java:startPlugins(395)) - Started plug-in org.apache.hadoop.ozone.web.OzoneHddsDatanodeService@4c897417
2019-08-29 08:22:02,664 [main] INFO  impl.MetricsSystemImpl (MetricsSystemImpl.java:init(158)) - HddsDatanode metrics system started (again)
2019-08-29 08:22:02,666 [org.apache.hadoop.util.JvmPauseMonitor$Monitor@753c42ad] INFO  util.JvmPauseMonitor (JvmPauseMonitor.java:run(188)) - Starting JVM pause monitor
2019-08-29 08:22:02,666 [main] INFO  ozone.HddsDatanodeService (HddsDatanodeService.java:start(184)) - HddsDatanodeService host:pr-hdds-1569-g9zr9-4145101663 ip:192.168.69.111
2019-08-29 08:22:02,668 [Datanode State Machine Thread - 0] INFO  datanode.InitDatanodeState (InitDatanodeState.java:persistContainerDatanodeDetails(140)) - DatanodeDetails is persisted to /workdir/hadoop-ozone/integration-test/target/test-dir/MiniOzoneClusterImpl-019c98e8-05ee-4a70-81cf-496e8301b746/datanode-0/meta/datanode.id
2019-08-29 08:22:02,676 [main] INFO  volume.HddsVolume (HddsVolume.java:<init>(176)) - Creating Volume: /workdir/hadoop-ozone/integration-test/target/test-dir/MiniOzoneClusterImpl-019c98e8-05ee-4a70-81cf-496e8301b746/datanode-1/data/containers/hdds of  storage type : DISK and capacity : 1482555576320
2019-08-29 08:22:02,676 [main] INFO  volume.VolumeSet (VolumeSet.java:initializeVolumeSet(170)) - Added Volume : /workdir/hadoop-ozone/integration-test/target/test-dir/MiniOzoneClusterImpl-019c98e8-05ee-4a70-81cf-496e8301b746/datanode-1/data/containers/hdds to VolumeSet
2019-08-29 08:22:02,676 [main] INFO  volume.ThrottledAsyncChecker (ThrottledAsyncChecker.java:schedule(140)) - Scheduling a check for org.apache.hadoop.ozone.container.common.volume.HddsVolume@628e0403
2019-08-29 08:22:02,676 [main] INFO  volume.HddsVolumeChecker (HddsVolumeChecker.java:checkAllVolumes(203)) - Scheduled health check for volume org.apache.hadoop.ozone.container.common.volume.HddsVolume@628e0403
2019-08-29 08:22:02,690 [main] INFO  impl.RaftServerProxy (ConfUtils.java:logGet(43)) - raft.rpc.type = GRPC (default)
2019-08-29 08:22:02,690 [main] INFO  grpc.GrpcFactory (GrpcFactory.java:checkPooledByteBufAllocatorUseCacheForAllThreads(45)) - PERFORMANCE WARNING: useCacheForAllThreads is true that may cause Netty to create a lot garbage objects and, as a result, trigger GC.
	It is recommended to disable useCacheForAllThreads by setting -Dorg.apache.ratis.thirdparty.io.netty.allocator.useCacheForAllThreads=false in command line.
2019-08-29 08:22:02,690 [main] INFO  grpc.GrpcConfigKeys$Server (ConfUtils.java:logGet(43)) - raft.grpc.server.port = 0 (default)
2019-08-29 08:22:02,691 [main] INFO  server.GrpcService (ConfUtils.java:logGet(43)) - raft.grpc.message.size.max = 33570816 (custom)
2019-08-29 08:22:02,691 [main] INFO  server.RaftServerConfigKeys (ConfUtils.java:logGet(43)) - raft.server.log.appender.buffer.byte-limit = 33554432 (custom)
2019-08-29 08:22:02,691 [main] INFO  server.GrpcService (ConfUtils.java:logGet(43)) - raft.grpc.flow.control.window = 1MB (=1048576) (default)
2019-08-29 08:22:02,691 [main] INFO  server.RaftServerConfigKeys (ConfUtils.java:logGet(43)) - raft.server.rpc.request.timeout = 3000ms (default)
2019-08-29 08:22:02,692 [main] INFO  server.RaftServerConfigKeys (ConfUtils.java:logGet(43)) - raft.server.storage.dir = [/workdir/hadoop-ozone/integration-test/target/test-dir/MiniOzoneClusterImpl-019c98e8-05ee-4a70-81cf-496e8301b746/datanode-1/data/ratis] (custom)
2019-08-29 08:22:02,692 [main] INFO  replication.SimpleContainerDownloader (SimpleContainerDownloader.java:<init>(72)) - Starting container downloader service to copy containers to replicate.
2019-08-29 08:22:02,693 [main] INFO  hdfs.DFSUtil (DFSUtil.java:httpServerTemplateForNNAndJN(1641)) - Starting Web-server for hddsDatanode at: http://0.0.0.0:0
2019-08-29 08:22:02,694 [main] INFO  server.AuthenticationFilter (AuthenticationFilter.java:constructSecretProvider(240)) - Unable to initialize FileSignerSecretProvider, falling back to use random secrets.
2019-08-29 08:22:02,694 [main] WARN  http.HttpRequestLog (HttpRequestLog.java:getRequestLog(97)) - Jetty request log can only be enabled using Log4j
2019-08-29 08:22:02,696 [main] INFO  http.HttpServer2 (HttpServer2.java:addGlobalFilter(975)) - Added global filter 'safety' (class=org.apache.hadoop.http.HttpServer2$QuotingInputFilter)
2019-08-29 08:22:02,696 [main] INFO  http.HttpServer2 (HttpServer2.java:addFilter(948)) - Added filter static_user_filter (class=org.apache.hadoop.http.lib.StaticUserWebFilter$StaticUserFilter) to context hddsDatanode
2019-08-29 08:22:02,696 [main] INFO  http.HttpServer2 (HttpServer2.java:addFilter(958)) - Added filter static_user_filter (class=org.apache.hadoop.http.lib.StaticUserWebFilter$StaticUserFilter) to context logs
2019-08-29 08:22:02,696 [main] INFO  http.HttpServer2 (HttpServer2.java:addFilter(958)) - Added filter static_user_filter (class=org.apache.hadoop.http.lib.StaticUserWebFilter$StaticUserFilter) to context static
2019-08-29 08:22:02,697 [main] INFO  http.HttpServer2 (HttpServer2.java:bindListener(1191)) - Jetty bound to port 40161
2019-08-29 08:22:02,697 [main] INFO  server.Server (Server.java:doStart(351)) - jetty-9.3.24.v20180605, build timestamp: 2018-06-05T17:11:56Z, git hash: 84205aa28f11a4f31f2a3b86d1bba2cc8ab69827
2019-08-29 08:22:02,698 [main] INFO  handler.ContextHandler (ContextHandler.java:doStart(781)) - Started o.e.j.s.ServletContextHandler@5562f297{/logs,file:///workdir/hadoop-ozone/integration-test/target/log,AVAILABLE}
2019-08-29 08:22:02,699 [main] INFO  handler.ContextHandler (ContextHandler.java:doStart(781)) - Started o.e.j.s.ServletContextHandler@2f143ea{/static,jar:file:/home/user/.m2/repository/org/apache/hadoop/hadoop-hdds-container-service/0.5.0-SNAPSHOT/hadoop-hdds-container-service-0.5.0-SNAPSHOT.jar!/webapps/static,AVAILABLE}
2019-08-29 08:22:02,725 [main] INFO  handler.ContextHandler (ContextHandler.java:doStart(781)) - Started o.e.j.w.WebAppContext@1aade3c{/,file:///tmp/jetty-0.0.0.0-40161-hddsDatanode-_-any-5175588921807612671.dir/webapp/,AVAILABLE}{/hddsDatanode}
2019-08-29 08:22:02,726 [main] INFO  server.AbstractConnector (AbstractConnector.java:doStart(278)) - Started ServerConnector@7d8a5ec7{HTTP/1.1,[http/1.1]}{0.0.0.0:40161}
2019-08-29 08:22:02,727 [main] INFO  server.Server (Server.java:doStart(419)) - Started @225422ms
2019-08-29 08:22:02,728 [main] INFO  server.BaseHttpServer (BaseHttpServer.java:updateConnectorAddress(213)) - HTTP server of HDDSDATANODE is listening at http://0.0.0.0:40161
2019-08-29 08:22:02,836 | INFO  | ObjectStoreRestHttpServer | Listening HDDS REST traffic on /0.0.0.0:43624 |  
2019-08-29 08:22:02,836 [main] INFO  ozone.HddsDatanodeService (HddsDatanodeService.java:startPlugins(395)) - Started plug-in org.apache.hadoop.ozone.web.OzoneHddsDatanodeService@2edc6690
2019-08-29 08:22:02,836 [main] INFO  impl.MetricsSystemImpl (MetricsSystemImpl.java:init(158)) - HddsDatanode metrics system started (again)
2019-08-29 08:22:02,839 [main] INFO  ozone.HddsDatanodeService (HddsDatanodeService.java:start(184)) - HddsDatanodeService host:pr-hdds-1569-g9zr9-4145101663 ip:192.168.69.111
2019-08-29 08:22:02,839 [org.apache.hadoop.util.JvmPauseMonitor$Monitor@56b62f0e] INFO  util.JvmPauseMonitor (JvmPauseMonitor.java:run(188)) - Starting JVM pause monitor
2019-08-29 08:22:02,841 [Datanode State Machine Thread - 0] INFO  datanode.InitDatanodeState (InitDatanodeState.java:persistContainerDatanodeDetails(140)) - DatanodeDetails is persisted to /workdir/hadoop-ozone/integration-test/target/test-dir/MiniOzoneClusterImpl-019c98e8-05ee-4a70-81cf-496e8301b746/datanode-1/meta/datanode.id
2019-08-29 08:22:02,849 [main] INFO  volume.HddsVolume (HddsVolume.java:<init>(176)) - Creating Volume: /workdir/hadoop-ozone/integration-test/target/test-dir/MiniOzoneClusterImpl-019c98e8-05ee-4a70-81cf-496e8301b746/datanode-2/data/containers/hdds of  storage type : DISK and capacity : 1482555576320
2019-08-29 08:22:02,849 [main] INFO  volume.VolumeSet (VolumeSet.java:initializeVolumeSet(170)) - Added Volume : /workdir/hadoop-ozone/integration-test/target/test-dir/MiniOzoneClusterImpl-019c98e8-05ee-4a70-81cf-496e8301b746/datanode-2/data/containers/hdds to VolumeSet
2019-08-29 08:22:02,849 [main] INFO  volume.ThrottledAsyncChecker (ThrottledAsyncChecker.java:schedule(140)) - Scheduling a check for org.apache.hadoop.ozone.container.common.volume.HddsVolume@661d49d1
2019-08-29 08:22:02,850 [main] INFO  volume.HddsVolumeChecker (HddsVolumeChecker.java:checkAllVolumes(203)) - Scheduled health check for volume org.apache.hadoop.ozone.container.common.volume.HddsVolume@661d49d1
2019-08-29 08:22:02,868 [main] INFO  impl.RaftServerProxy (ConfUtils.java:logGet(43)) - raft.rpc.type = GRPC (default)
2019-08-29 08:22:02,868 [main] INFO  grpc.GrpcFactory (GrpcFactory.java:checkPooledByteBufAllocatorUseCacheForAllThreads(45)) - PERFORMANCE WARNING: useCacheForAllThreads is true that may cause Netty to create a lot garbage objects and, as a result, trigger GC.
	It is recommended to disable useCacheForAllThreads by setting -Dorg.apache.ratis.thirdparty.io.netty.allocator.useCacheForAllThreads=false in command line.
2019-08-29 08:22:02,869 [main] INFO  grpc.GrpcConfigKeys$Server (ConfUtils.java:logGet(43)) - raft.grpc.server.port = 0 (default)
2019-08-29 08:22:02,869 [main] INFO  server.GrpcService (ConfUtils.java:logGet(43)) - raft.grpc.message.size.max = 33570816 (custom)
2019-08-29 08:22:02,869 [main] INFO  server.RaftServerConfigKeys (ConfUtils.java:logGet(43)) - raft.server.log.appender.buffer.byte-limit = 33554432 (custom)
2019-08-29 08:22:02,869 [main] INFO  server.GrpcService (ConfUtils.java:logGet(43)) - raft.grpc.flow.control.window = 1MB (=1048576) (default)
2019-08-29 08:22:02,870 [main] INFO  server.RaftServerConfigKeys (ConfUtils.java:logGet(43)) - raft.server.rpc.request.timeout = 3000ms (default)
2019-08-29 08:22:02,870 [main] INFO  server.RaftServerConfigKeys (ConfUtils.java:logGet(43)) - raft.server.storage.dir = [/workdir/hadoop-ozone/integration-test/target/test-dir/MiniOzoneClusterImpl-019c98e8-05ee-4a70-81cf-496e8301b746/datanode-2/data/ratis] (custom)
2019-08-29 08:22:02,871 [main] INFO  replication.SimpleContainerDownloader (SimpleContainerDownloader.java:<init>(72)) - Starting container downloader service to copy containers to replicate.
2019-08-29 08:22:02,872 [main] INFO  hdfs.DFSUtil (DFSUtil.java:httpServerTemplateForNNAndJN(1641)) - Starting Web-server for hddsDatanode at: http://0.0.0.0:0
2019-08-29 08:22:02,873 [main] INFO  server.AuthenticationFilter (AuthenticationFilter.java:constructSecretProvider(240)) - Unable to initialize FileSignerSecretProvider, falling back to use random secrets.
2019-08-29 08:22:02,874 [main] WARN  http.HttpRequestLog (HttpRequestLog.java:getRequestLog(97)) - Jetty request log can only be enabled using Log4j
2019-08-29 08:22:02,875 [main] INFO  http.HttpServer2 (HttpServer2.java:addGlobalFilter(975)) - Added global filter 'safety' (class=org.apache.hadoop.http.HttpServer2$QuotingInputFilter)
2019-08-29 08:22:02,875 [main] INFO  http.HttpServer2 (HttpServer2.java:addFilter(948)) - Added filter static_user_filter (class=org.apache.hadoop.http.lib.StaticUserWebFilter$StaticUserFilter) to context hddsDatanode
2019-08-29 08:22:02,875 [main] INFO  http.HttpServer2 (HttpServer2.java:addFilter(958)) - Added filter static_user_filter (class=org.apache.hadoop.http.lib.StaticUserWebFilter$StaticUserFilter) to context logs
2019-08-29 08:22:02,876 [main] INFO  http.HttpServer2 (HttpServer2.java:addFilter(958)) - Added filter static_user_filter (class=org.apache.hadoop.http.lib.StaticUserWebFilter$StaticUserFilter) to context static
2019-08-29 08:22:02,876 [main] INFO  http.HttpServer2 (HttpServer2.java:bindListener(1191)) - Jetty bound to port 34166
2019-08-29 08:22:02,876 [main] INFO  server.Server (Server.java:doStart(351)) - jetty-9.3.24.v20180605, build timestamp: 2018-06-05T17:11:56Z, git hash: 84205aa28f11a4f31f2a3b86d1bba2cc8ab69827
2019-08-29 08:22:02,878 [main] INFO  handler.ContextHandler (ContextHandler.java:doStart(781)) - Started o.e.j.s.ServletContextHandler@5ace902e{/logs,file:///workdir/hadoop-ozone/integration-test/target/log,AVAILABLE}
2019-08-29 08:22:02,878 [main] INFO  handler.ContextHandler (ContextHandler.java:doStart(781)) - Started o.e.j.s.ServletContextHandler@76ac8c3d{/static,jar:file:/home/user/.m2/repository/org/apache/hadoop/hadoop-hdds-container-service/0.5.0-SNAPSHOT/hadoop-hdds-container-service-0.5.0-SNAPSHOT.jar!/webapps/static,AVAILABLE}
2019-08-29 08:22:02,906 [main] INFO  handler.ContextHandler (ContextHandler.java:doStart(781)) - Started o.e.j.w.WebAppContext@45398bb0{/,file:///tmp/jetty-0.0.0.0-34166-hddsDatanode-_-any-5720256739281025378.dir/webapp/,AVAILABLE}{/hddsDatanode}
2019-08-29 08:22:02,906 [main] INFO  server.AbstractConnector (AbstractConnector.java:doStart(278)) - Started ServerConnector@35ffe3ac{HTTP/1.1,[http/1.1]}{0.0.0.0:34166}
2019-08-29 08:22:02,907 [main] INFO  server.Server (Server.java:doStart(419)) - Started @225602ms
2019-08-29 08:22:02,908 [main] INFO  server.BaseHttpServer (BaseHttpServer.java:updateConnectorAddress(213)) - HTTP server of HDDSDATANODE is listening at http://0.0.0.0:34166
2019-08-29 08:22:03,012 | INFO  | ObjectStoreRestHttpServer | Listening HDDS REST traffic on /0.0.0.0:37631 |  
2019-08-29 08:22:03,012 [main] INFO  ozone.HddsDatanodeService (HddsDatanodeService.java:startPlugins(395)) - Started plug-in org.apache.hadoop.ozone.web.OzoneHddsDatanodeService@475753dd
2019-08-29 08:22:03,012 [main] INFO  impl.MetricsSystemImpl (MetricsSystemImpl.java:init(158)) - HddsDatanode metrics system started (again)
2019-08-29 08:22:03,015 [main] INFO  ozone.HddsDatanodeService (HddsDatanodeService.java:start(184)) - HddsDatanodeService host:pr-hdds-1569-g9zr9-4145101663 ip:192.168.69.111
2019-08-29 08:22:03,015 [org.apache.hadoop.util.JvmPauseMonitor$Monitor@4eae8121] INFO  util.JvmPauseMonitor (JvmPauseMonitor.java:run(188)) - Starting JVM pause monitor
2019-08-29 08:22:03,016 [Datanode State Machine Thread - 0] INFO  datanode.InitDatanodeState (InitDatanodeState.java:persistContainerDatanodeDetails(140)) - DatanodeDetails is persisted to /workdir/hadoop-ozone/integration-test/target/test-dir/MiniOzoneClusterImpl-019c98e8-05ee-4a70-81cf-496e8301b746/datanode-2/meta/datanode.id
2019-08-29 08:22:03,025 [main] INFO  volume.HddsVolume (HddsVolume.java:<init>(176)) - Creating Volume: /workdir/hadoop-ozone/integration-test/target/test-dir/MiniOzoneClusterImpl-019c98e8-05ee-4a70-81cf-496e8301b746/datanode-3/data/containers/hdds of  storage type : DISK and capacity : 1482555576320
2019-08-29 08:22:03,025 [main] INFO  volume.VolumeSet (VolumeSet.java:initializeVolumeSet(170)) - Added Volume : /workdir/hadoop-ozone/integration-test/target/test-dir/MiniOzoneClusterImpl-019c98e8-05ee-4a70-81cf-496e8301b746/datanode-3/data/containers/hdds to VolumeSet
2019-08-29 08:22:03,025 [main] INFO  volume.ThrottledAsyncChecker (ThrottledAsyncChecker.java:schedule(140)) - Scheduling a check for org.apache.hadoop.ozone.container.common.volume.HddsVolume@152bb4cc
2019-08-29 08:22:03,026 [main] INFO  volume.HddsVolumeChecker (HddsVolumeChecker.java:checkAllVolumes(203)) - Scheduled health check for volume org.apache.hadoop.ozone.container.common.volume.HddsVolume@152bb4cc
2019-08-29 08:22:03,038 [main] INFO  impl.RaftServerProxy (ConfUtils.java:logGet(43)) - raft.rpc.type = GRPC (default)
2019-08-29 08:22:03,039 [main] INFO  grpc.GrpcFactory (GrpcFactory.java:checkPooledByteBufAllocatorUseCacheForAllThreads(45)) - PERFORMANCE WARNING: useCacheForAllThreads is true that may cause Netty to create a lot garbage objects and, as a result, trigger GC.
	It is recommended to disable useCacheForAllThreads by setting -Dorg.apache.ratis.thirdparty.io.netty.allocator.useCacheForAllThreads=false in command line.
2019-08-29 08:22:03,039 [main] INFO  grpc.GrpcConfigKeys$Server (ConfUtils.java:logGet(43)) - raft.grpc.server.port = 0 (default)
2019-08-29 08:22:03,039 [main] INFO  server.GrpcService (ConfUtils.java:logGet(43)) - raft.grpc.message.size.max = 33570816 (custom)
2019-08-29 08:22:03,039 [main] INFO  server.RaftServerConfigKeys (ConfUtils.java:logGet(43)) - raft.server.log.appender.buffer.byte-limit = 33554432 (custom)
2019-08-29 08:22:03,039 [main] INFO  server.GrpcService (ConfUtils.java:logGet(43)) - raft.grpc.flow.control.window = 1MB (=1048576) (default)
2019-08-29 08:22:03,039 [main] INFO  server.RaftServerConfigKeys (ConfUtils.java:logGet(43)) - raft.server.rpc.request.timeout = 3000ms (default)
2019-08-29 08:22:03,040 [main] INFO  server.RaftServerConfigKeys (ConfUtils.java:logGet(43)) - raft.server.storage.dir = [/workdir/hadoop-ozone/integration-test/target/test-dir/MiniOzoneClusterImpl-019c98e8-05ee-4a70-81cf-496e8301b746/datanode-3/data/ratis] (custom)
2019-08-29 08:22:03,040 [main] INFO  replication.SimpleContainerDownloader (SimpleContainerDownloader.java:<init>(72)) - Starting container downloader service to copy containers to replicate.
2019-08-29 08:22:03,041 [main] INFO  hdfs.DFSUtil (DFSUtil.java:httpServerTemplateForNNAndJN(1641)) - Starting Web-server for hddsDatanode at: http://0.0.0.0:0
2019-08-29 08:22:03,042 [main] INFO  server.AuthenticationFilter (AuthenticationFilter.java:constructSecretProvider(240)) - Unable to initialize FileSignerSecretProvider, falling back to use random secrets.
2019-08-29 08:22:03,043 [main] WARN  http.HttpRequestLog (HttpRequestLog.java:getRequestLog(97)) - Jetty request log can only be enabled using Log4j
2019-08-29 08:22:03,044 [main] INFO  http.HttpServer2 (HttpServer2.java:addGlobalFilter(975)) - Added global filter 'safety' (class=org.apache.hadoop.http.HttpServer2$QuotingInputFilter)
2019-08-29 08:22:03,044 [main] INFO  http.HttpServer2 (HttpServer2.java:addFilter(948)) - Added filter static_user_filter (class=org.apache.hadoop.http.lib.StaticUserWebFilter$StaticUserFilter) to context hddsDatanode
2019-08-29 08:22:03,045 [main] INFO  http.HttpServer2 (HttpServer2.java:addFilter(958)) - Added filter static_user_filter (class=org.apache.hadoop.http.lib.StaticUserWebFilter$StaticUserFilter) to context static
2019-08-29 08:22:03,045 [main] INFO  http.HttpServer2 (HttpServer2.java:addFilter(958)) - Added filter static_user_filter (class=org.apache.hadoop.http.lib.StaticUserWebFilter$StaticUserFilter) to context logs
2019-08-29 08:22:03,045 [main] INFO  http.HttpServer2 (HttpServer2.java:bindListener(1191)) - Jetty bound to port 37998
2019-08-29 08:22:03,045 [main] INFO  server.Server (Server.java:doStart(351)) - jetty-9.3.24.v20180605, build timestamp: 2018-06-05T17:11:56Z, git hash: 84205aa28f11a4f31f2a3b86d1bba2cc8ab69827
2019-08-29 08:22:03,047 [main] INFO  handler.ContextHandler (ContextHandler.java:doStart(781)) - Started o.e.j.s.ServletContextHandler@3ce4b0a8{/logs,file:///workdir/hadoop-ozone/integration-test/target/log,AVAILABLE}
2019-08-29 08:22:03,047 [main] INFO  handler.ContextHandler (ContextHandler.java:doStart(781)) - Started o.e.j.s.ServletContextHandler@624baf71{/static,jar:file:/home/user/.m2/repository/org/apache/hadoop/hadoop-hdds-container-service/0.5.0-SNAPSHOT/hadoop-hdds-container-service-0.5.0-SNAPSHOT.jar!/webapps/static,AVAILABLE}
2019-08-29 08:22:03,074 [main] INFO  handler.ContextHandler (ContextHandler.java:doStart(781)) - Started o.e.j.w.WebAppContext@21bf1b1f{/,file:///tmp/jetty-0.0.0.0-37998-hddsDatanode-_-any-3677536501124241219.dir/webapp/,AVAILABLE}{/hddsDatanode}
2019-08-29 08:22:03,074 [main] INFO  server.AbstractConnector (AbstractConnector.java:doStart(278)) - Started ServerConnector@2b33e616{HTTP/1.1,[http/1.1]}{0.0.0.0:37998}
2019-08-29 08:22:03,075 [main] INFO  server.Server (Server.java:doStart(419)) - Started @225770ms
2019-08-29 08:22:03,076 [main] INFO  server.BaseHttpServer (BaseHttpServer.java:updateConnectorAddress(213)) - HTTP server of HDDSDATANODE is listening at http://0.0.0.0:37998
2019-08-29 08:22:03,176 | INFO  | ObjectStoreRestHttpServer | Listening HDDS REST traffic on /0.0.0.0:36872 |  
2019-08-29 08:22:03,177 [main] INFO  ozone.HddsDatanodeService (HddsDatanodeService.java:startPlugins(395)) - Started plug-in org.apache.hadoop.ozone.web.OzoneHddsDatanodeService@2165b170
2019-08-29 08:22:03,177 [main] INFO  impl.MetricsSystemImpl (MetricsSystemImpl.java:init(158)) - HddsDatanode metrics system started (again)
2019-08-29 08:22:03,180 [org.apache.hadoop.util.JvmPauseMonitor$Monitor@344d8e17] INFO  util.JvmPauseMonitor (JvmPauseMonitor.java:run(188)) - Starting JVM pause monitor
2019-08-29 08:22:03,180 [main] INFO  ozone.HddsDatanodeService (HddsDatanodeService.java:start(184)) - HddsDatanodeService host:pr-hdds-1569-g9zr9-4145101663 ip:192.168.69.111
2019-08-29 08:22:03,181 [Datanode State Machine Thread - 0] INFO  datanode.InitDatanodeState (InitDatanodeState.java:persistContainerDatanodeDetails(140)) - DatanodeDetails is persisted to /workdir/hadoop-ozone/integration-test/target/test-dir/MiniOzoneClusterImpl-019c98e8-05ee-4a70-81cf-496e8301b746/datanode-3/meta/datanode.id
2019-08-29 08:22:03,187 [main] INFO  volume.HddsVolume (HddsVolume.java:<init>(176)) - Creating Volume: /workdir/hadoop-ozone/integration-test/target/test-dir/MiniOzoneClusterImpl-019c98e8-05ee-4a70-81cf-496e8301b746/datanode-4/data/containers/hdds of  storage type : DISK and capacity : 1482555576320
2019-08-29 08:22:03,187 [main] INFO  volume.VolumeSet (VolumeSet.java:initializeVolumeSet(170)) - Added Volume : /workdir/hadoop-ozone/integration-test/target/test-dir/MiniOzoneClusterImpl-019c98e8-05ee-4a70-81cf-496e8301b746/datanode-4/data/containers/hdds to VolumeSet
2019-08-29 08:22:03,188 [main] INFO  volume.ThrottledAsyncChecker (ThrottledAsyncChecker.java:schedule(140)) - Scheduling a check for org.apache.hadoop.ozone.container.common.volume.HddsVolume@6d2413e
2019-08-29 08:22:03,188 [main] INFO  volume.HddsVolumeChecker (HddsVolumeChecker.java:checkAllVolumes(203)) - Scheduled health check for volume org.apache.hadoop.ozone.container.common.volume.HddsVolume@6d2413e
2019-08-29 08:22:03,202 [main] INFO  impl.RaftServerProxy (ConfUtils.java:logGet(43)) - raft.rpc.type = GRPC (default)
2019-08-29 08:22:03,202 [main] INFO  grpc.GrpcFactory (GrpcFactory.java:checkPooledByteBufAllocatorUseCacheForAllThreads(45)) - PERFORMANCE WARNING: useCacheForAllThreads is true that may cause Netty to create a lot garbage objects and, as a result, trigger GC.
	It is recommended to disable useCacheForAllThreads by setting -Dorg.apache.ratis.thirdparty.io.netty.allocator.useCacheForAllThreads=false in command line.
2019-08-29 08:22:03,202 [main] INFO  grpc.GrpcConfigKeys$Server (ConfUtils.java:logGet(43)) - raft.grpc.server.port = 0 (default)
2019-08-29 08:22:03,203 [main] INFO  server.GrpcService (ConfUtils.java:logGet(43)) - raft.grpc.message.size.max = 33570816 (custom)
2019-08-29 08:22:03,203 [main] INFO  server.RaftServerConfigKeys (ConfUtils.java:logGet(43)) - raft.server.log.appender.buffer.byte-limit = 33554432 (custom)
2019-08-29 08:22:03,203 [main] INFO  server.GrpcService (ConfUtils.java:logGet(43)) - raft.grpc.flow.control.window = 1MB (=1048576) (default)
2019-08-29 08:22:03,203 [main] INFO  server.RaftServerConfigKeys (ConfUtils.java:logGet(43)) - raft.server.rpc.request.timeout = 3000ms (default)
2019-08-29 08:22:03,204 [main] INFO  server.RaftServerConfigKeys (ConfUtils.java:logGet(43)) - raft.server.storage.dir = [/workdir/hadoop-ozone/integration-test/target/test-dir/MiniOzoneClusterImpl-019c98e8-05ee-4a70-81cf-496e8301b746/datanode-4/data/ratis] (custom)
2019-08-29 08:22:03,204 [main] INFO  replication.SimpleContainerDownloader (SimpleContainerDownloader.java:<init>(72)) - Starting container downloader service to copy containers to replicate.
2019-08-29 08:22:03,205 [main] INFO  hdfs.DFSUtil (DFSUtil.java:httpServerTemplateForNNAndJN(1641)) - Starting Web-server for hddsDatanode at: http://0.0.0.0:0
2019-08-29 08:22:03,206 [main] INFO  server.AuthenticationFilter (AuthenticationFilter.java:constructSecretProvider(240)) - Unable to initialize FileSignerSecretProvider, falling back to use random secrets.
2019-08-29 08:22:03,207 [main] WARN  http.HttpRequestLog (HttpRequestLog.java:getRequestLog(97)) - Jetty request log can only be enabled using Log4j
2019-08-29 08:22:03,208 [main] INFO  http.HttpServer2 (HttpServer2.java:addGlobalFilter(975)) - Added global filter 'safety' (class=org.apache.hadoop.http.HttpServer2$QuotingInputFilter)
2019-08-29 08:22:03,208 [main] INFO  http.HttpServer2 (HttpServer2.java:addFilter(948)) - Added filter static_user_filter (class=org.apache.hadoop.http.lib.StaticUserWebFilter$StaticUserFilter) to context hddsDatanode
2019-08-29 08:22:03,209 [main] INFO  http.HttpServer2 (HttpServer2.java:addFilter(958)) - Added filter static_user_filter (class=org.apache.hadoop.http.lib.StaticUserWebFilter$StaticUserFilter) to context logs
2019-08-29 08:22:03,209 [main] INFO  http.HttpServer2 (HttpServer2.java:addFilter(958)) - Added filter static_user_filter (class=org.apache.hadoop.http.lib.StaticUserWebFilter$StaticUserFilter) to context static
2019-08-29 08:22:03,209 [main] INFO  http.HttpServer2 (HttpServer2.java:bindListener(1191)) - Jetty bound to port 35835
2019-08-29 08:22:03,209 [main] INFO  server.Server (Server.java:doStart(351)) - jetty-9.3.24.v20180605, build timestamp: 2018-06-05T17:11:56Z, git hash: 84205aa28f11a4f31f2a3b86d1bba2cc8ab69827
2019-08-29 08:22:03,211 [main] INFO  handler.ContextHandler (ContextHandler.java:doStart(781)) - Started o.e.j.s.ServletContextHandler@6f5df147{/logs,file:///workdir/hadoop-ozone/integration-test/target/log,AVAILABLE}
2019-08-29 08:22:03,211 [main] INFO  handler.ContextHandler (ContextHandler.java:doStart(781)) - Started o.e.j.s.ServletContextHandler@8947a4b{/static,jar:file:/home/user/.m2/repository/org/apache/hadoop/hadoop-hdds-container-service/0.5.0-SNAPSHOT/hadoop-hdds-container-service-0.5.0-SNAPSHOT.jar!/webapps/static,AVAILABLE}
2019-08-29 08:22:03,238 [main] INFO  handler.ContextHandler (ContextHandler.java:doStart(781)) - Started o.e.j.w.WebAppContext@77c41838{/,file:///tmp/jetty-0.0.0.0-35835-hddsDatanode-_-any-667528030384949529.dir/webapp/,AVAILABLE}{/hddsDatanode}
2019-08-29 08:22:03,238 [main] INFO  server.AbstractConnector (AbstractConnector.java:doStart(278)) - Started ServerConnector@1872a7fe{HTTP/1.1,[http/1.1]}{0.0.0.0:35835}
2019-08-29 08:22:03,238 [main] INFO  server.Server (Server.java:doStart(419)) - Started @225933ms
2019-08-29 08:22:03,240 [main] INFO  server.BaseHttpServer (BaseHttpServer.java:updateConnectorAddress(213)) - HTTP server of HDDSDATANODE is listening at http://0.0.0.0:35835
2019-08-29 08:22:03,358 | INFO  | ObjectStoreRestHttpServer | Listening HDDS REST traffic on /0.0.0.0:43672 |  
2019-08-29 08:22:03,359 [main] INFO  ozone.HddsDatanodeService (HddsDatanodeService.java:startPlugins(395)) - Started plug-in org.apache.hadoop.ozone.web.OzoneHddsDatanodeService@326320bb
2019-08-29 08:22:03,359 [main] INFO  impl.MetricsSystemImpl (MetricsSystemImpl.java:init(158)) - HddsDatanode metrics system started (again)
2019-08-29 08:22:03,362 [org.apache.hadoop.util.JvmPauseMonitor$Monitor@6eb5a8d7] INFO  util.JvmPauseMonitor (JvmPauseMonitor.java:run(188)) - Starting JVM pause monitor
2019-08-29 08:22:03,362 [main] INFO  ozone.HddsDatanodeService (HddsDatanodeService.java:start(184)) - HddsDatanodeService host:pr-hdds-1569-g9zr9-4145101663 ip:192.168.69.111
2019-08-29 08:22:03,363 [Datanode State Machine Thread - 0] INFO  datanode.InitDatanodeState (InitDatanodeState.java:persistContainerDatanodeDetails(140)) - DatanodeDetails is persisted to /workdir/hadoop-ozone/integration-test/target/test-dir/MiniOzoneClusterImpl-019c98e8-05ee-4a70-81cf-496e8301b746/datanode-4/meta/datanode.id
2019-08-29 08:22:03,373 [main] INFO  volume.HddsVolume (HddsVolume.java:<init>(176)) - Creating Volume: /workdir/hadoop-ozone/integration-test/target/test-dir/MiniOzoneClusterImpl-019c98e8-05ee-4a70-81cf-496e8301b746/datanode-5/data/containers/hdds of  storage type : DISK and capacity : 1482555576320
2019-08-29 08:22:03,373 [main] INFO  volume.VolumeSet (VolumeSet.java:initializeVolumeSet(170)) - Added Volume : /workdir/hadoop-ozone/integration-test/target/test-dir/MiniOzoneClusterImpl-019c98e8-05ee-4a70-81cf-496e8301b746/datanode-5/data/containers/hdds to VolumeSet
2019-08-29 08:22:03,373 [main] INFO  volume.ThrottledAsyncChecker (ThrottledAsyncChecker.java:schedule(140)) - Scheduling a check for org.apache.hadoop.ozone.container.common.volume.HddsVolume@42d65ffc
2019-08-29 08:22:03,374 [main] INFO  volume.HddsVolumeChecker (HddsVolumeChecker.java:checkAllVolumes(203)) - Scheduled health check for volume org.apache.hadoop.ozone.container.common.volume.HddsVolume@42d65ffc
2019-08-29 08:22:03,390 [main] INFO  impl.RaftServerProxy (ConfUtils.java:logGet(43)) - raft.rpc.type = GRPC (default)
2019-08-29 08:22:03,390 [main] INFO  grpc.GrpcFactory (GrpcFactory.java:checkPooledByteBufAllocatorUseCacheForAllThreads(45)) - PERFORMANCE WARNING: useCacheForAllThreads is true that may cause Netty to create a lot garbage objects and, as a result, trigger GC.
	It is recommended to disable useCacheForAllThreads by setting -Dorg.apache.ratis.thirdparty.io.netty.allocator.useCacheForAllThreads=false in command line.
2019-08-29 08:22:03,390 [main] INFO  grpc.GrpcConfigKeys$Server (ConfUtils.java:logGet(43)) - raft.grpc.server.port = 0 (default)
2019-08-29 08:22:03,391 [main] INFO  server.GrpcService (ConfUtils.java:logGet(43)) - raft.grpc.message.size.max = 33570816 (custom)
2019-08-29 08:22:03,391 [main] INFO  server.RaftServerConfigKeys (ConfUtils.java:logGet(43)) - raft.server.log.appender.buffer.byte-limit = 33554432 (custom)
2019-08-29 08:22:03,391 [main] INFO  server.GrpcService (ConfUtils.java:logGet(43)) - raft.grpc.flow.control.window = 1MB (=1048576) (default)
2019-08-29 08:22:03,391 [main] INFO  server.RaftServerConfigKeys (ConfUtils.java:logGet(43)) - raft.server.rpc.request.timeout = 3000ms (default)
2019-08-29 08:22:03,391 [main] INFO  server.RaftServerConfigKeys (ConfUtils.java:logGet(43)) - raft.server.storage.dir = [/workdir/hadoop-ozone/integration-test/target/test-dir/MiniOzoneClusterImpl-019c98e8-05ee-4a70-81cf-496e8301b746/datanode-5/data/ratis] (custom)
2019-08-29 08:22:03,392 [main] INFO  replication.SimpleContainerDownloader (SimpleContainerDownloader.java:<init>(72)) - Starting container downloader service to copy containers to replicate.
2019-08-29 08:22:03,393 [main] INFO  hdfs.DFSUtil (DFSUtil.java:httpServerTemplateForNNAndJN(1641)) - Starting Web-server for hddsDatanode at: http://0.0.0.0:0
2019-08-29 08:22:03,394 [main] INFO  server.AuthenticationFilter (AuthenticationFilter.java:constructSecretProvider(240)) - Unable to initialize FileSignerSecretProvider, falling back to use random secrets.
2019-08-29 08:22:03,395 [main] WARN  http.HttpRequestLog (HttpRequestLog.java:getRequestLog(97)) - Jetty request log can only be enabled using Log4j
2019-08-29 08:22:03,397 [main] INFO  http.HttpServer2 (HttpServer2.java:addGlobalFilter(975)) - Added global filter 'safety' (class=org.apache.hadoop.http.HttpServer2$QuotingInputFilter)
2019-08-29 08:22:03,397 [main] INFO  http.HttpServer2 (HttpServer2.java:addFilter(948)) - Added filter static_user_filter (class=org.apache.hadoop.http.lib.StaticUserWebFilter$StaticUserFilter) to context hddsDatanode
2019-08-29 08:22:03,397 [main] INFO  http.HttpServer2 (HttpServer2.java:addFilter(958)) - Added filter static_user_filter (class=org.apache.hadoop.http.lib.StaticUserWebFilter$StaticUserFilter) to context static
2019-08-29 08:22:03,398 [main] INFO  http.HttpServer2 (HttpServer2.java:addFilter(958)) - Added filter static_user_filter (class=org.apache.hadoop.http.lib.StaticUserWebFilter$StaticUserFilter) to context logs
2019-08-29 08:22:03,398 [main] INFO  http.HttpServer2 (HttpServer2.java:bindListener(1191)) - Jetty bound to port 44852
2019-08-29 08:22:03,398 [main] INFO  server.Server (Server.java:doStart(351)) - jetty-9.3.24.v20180605, build timestamp: 2018-06-05T17:11:56Z, git hash: 84205aa28f11a4f31f2a3b86d1bba2cc8ab69827
2019-08-29 08:22:03,400 [main] INFO  handler.ContextHandler (ContextHandler.java:doStart(781)) - Started o.e.j.s.ServletContextHandler@7d364bce{/logs,file:///workdir/hadoop-ozone/integration-test/target/log,AVAILABLE}
2019-08-29 08:22:03,400 [main] INFO  handler.ContextHandler (ContextHandler.java:doStart(781)) - Started o.e.j.s.ServletContextHandler@5cc85ffc{/static,jar:file:/home/user/.m2/repository/org/apache/hadoop/hadoop-hdds-container-service/0.5.0-SNAPSHOT/hadoop-hdds-container-service-0.5.0-SNAPSHOT.jar!/webapps/static,AVAILABLE}
2019-08-29 08:22:03,432 [main] INFO  handler.ContextHandler (ContextHandler.java:doStart(781)) - Started o.e.j.w.WebAppContext@f1e8753{/,file:///tmp/jetty-0.0.0.0-44852-hddsDatanode-_-any-1638810350943284076.dir/webapp/,AVAILABLE}{/hddsDatanode}
2019-08-29 08:22:03,433 [main] INFO  server.AbstractConnector (AbstractConnector.java:doStart(278)) - Started ServerConnector@1676e501{HTTP/1.1,[http/1.1]}{0.0.0.0:44852}
2019-08-29 08:22:03,435 [main] INFO  server.Server (Server.java:doStart(419)) - Started @226130ms
2019-08-29 08:22:03,436 [main] INFO  server.BaseHttpServer (BaseHttpServer.java:updateConnectorAddress(213)) - HTTP server of HDDSDATANODE is listening at http://0.0.0.0:44852
2019-08-29 08:22:03,589 | INFO  | ObjectStoreRestHttpServer | Listening HDDS REST traffic on /0.0.0.0:34076 |  
2019-08-29 08:22:03,589 [main] INFO  ozone.HddsDatanodeService (HddsDatanodeService.java:startPlugins(395)) - Started plug-in org.apache.hadoop.ozone.web.OzoneHddsDatanodeService@643947d1
2019-08-29 08:22:03,589 [main] INFO  impl.MetricsSystemImpl (MetricsSystemImpl.java:init(158)) - HddsDatanode metrics system started (again)
2019-08-29 08:22:03,593 [main] INFO  ozone.HddsDatanodeService (HddsDatanodeService.java:start(184)) - HddsDatanodeService host:pr-hdds-1569-g9zr9-4145101663 ip:192.168.69.111
2019-08-29 08:22:03,593 [org.apache.hadoop.util.JvmPauseMonitor$Monitor@5928242a] INFO  util.JvmPauseMonitor (JvmPauseMonitor.java:run(188)) - Starting JVM pause monitor
2019-08-29 08:22:03,595 [Datanode State Machine Thread - 0] INFO  datanode.InitDatanodeState (InitDatanodeState.java:persistContainerDatanodeDetails(140)) - DatanodeDetails is persisted to /workdir/hadoop-ozone/integration-test/target/test-dir/MiniOzoneClusterImpl-019c98e8-05ee-4a70-81cf-496e8301b746/datanode-5/meta/datanode.id
2019-08-29 08:22:03,603 [main] INFO  volume.HddsVolume (HddsVolume.java:<init>(176)) - Creating Volume: /workdir/hadoop-ozone/integration-test/target/test-dir/MiniOzoneClusterImpl-019c98e8-05ee-4a70-81cf-496e8301b746/datanode-6/data/containers/hdds of  storage type : DISK and capacity : 1482555576320
2019-08-29 08:22:03,603 [main] INFO  volume.VolumeSet (VolumeSet.java:initializeVolumeSet(170)) - Added Volume : /workdir/hadoop-ozone/integration-test/target/test-dir/MiniOzoneClusterImpl-019c98e8-05ee-4a70-81cf-496e8301b746/datanode-6/data/containers/hdds to VolumeSet
2019-08-29 08:22:03,604 [main] INFO  volume.ThrottledAsyncChecker (ThrottledAsyncChecker.java:schedule(140)) - Scheduling a check for org.apache.hadoop.ozone.container.common.volume.HddsVolume@34438b38
2019-08-29 08:22:03,604 [main] INFO  volume.HddsVolumeChecker (HddsVolumeChecker.java:checkAllVolumes(203)) - Scheduled health check for volume org.apache.hadoop.ozone.container.common.volume.HddsVolume@34438b38
2019-08-29 08:22:03,617 [main] INFO  impl.RaftServerProxy (ConfUtils.java:logGet(43)) - raft.rpc.type = GRPC (default)
2019-08-29 08:22:03,617 [main] INFO  grpc.GrpcFactory (GrpcFactory.java:checkPooledByteBufAllocatorUseCacheForAllThreads(45)) - PERFORMANCE WARNING: useCacheForAllThreads is true that may cause Netty to create a lot garbage objects and, as a result, trigger GC.
	It is recommended to disable useCacheForAllThreads by setting -Dorg.apache.ratis.thirdparty.io.netty.allocator.useCacheForAllThreads=false in command line.
2019-08-29 08:22:03,617 [main] INFO  grpc.GrpcConfigKeys$Server (ConfUtils.java:logGet(43)) - raft.grpc.server.port = 0 (default)
2019-08-29 08:22:03,618 [main] INFO  server.GrpcService (ConfUtils.java:logGet(43)) - raft.grpc.message.size.max = 33570816 (custom)
2019-08-29 08:22:03,618 [main] INFO  server.RaftServerConfigKeys (ConfUtils.java:logGet(43)) - raft.server.log.appender.buffer.byte-limit = 33554432 (custom)
2019-08-29 08:22:03,618 [main] INFO  server.GrpcService (ConfUtils.java:logGet(43)) - raft.grpc.flow.control.window = 1MB (=1048576) (default)
2019-08-29 08:22:03,618 [main] INFO  server.RaftServerConfigKeys (ConfUtils.java:logGet(43)) - raft.server.rpc.request.timeout = 3000ms (default)
2019-08-29 08:22:03,618 [main] INFO  server.RaftServerConfigKeys (ConfUtils.java:logGet(43)) - raft.server.storage.dir = [/workdir/hadoop-ozone/integration-test/target/test-dir/MiniOzoneClusterImpl-019c98e8-05ee-4a70-81cf-496e8301b746/datanode-6/data/ratis] (custom)
2019-08-29 08:22:03,619 [main] INFO  replication.SimpleContainerDownloader (SimpleContainerDownloader.java:<init>(72)) - Starting container downloader service to copy containers to replicate.
2019-08-29 08:22:03,620 [main] INFO  hdfs.DFSUtil (DFSUtil.java:httpServerTemplateForNNAndJN(1641)) - Starting Web-server for hddsDatanode at: http://0.0.0.0:0
2019-08-29 08:22:03,621 [main] INFO  server.AuthenticationFilter (AuthenticationFilter.java:constructSecretProvider(240)) - Unable to initialize FileSignerSecretProvider, falling back to use random secrets.
2019-08-29 08:22:03,622 [main] WARN  http.HttpRequestLog (HttpRequestLog.java:getRequestLog(97)) - Jetty request log can only be enabled using Log4j
2019-08-29 08:22:03,623 [main] INFO  http.HttpServer2 (HttpServer2.java:addGlobalFilter(975)) - Added global filter 'safety' (class=org.apache.hadoop.http.HttpServer2$QuotingInputFilter)
2019-08-29 08:22:03,623 [main] INFO  http.HttpServer2 (HttpServer2.java:addFilter(948)) - Added filter static_user_filter (class=org.apache.hadoop.http.lib.StaticUserWebFilter$StaticUserFilter) to context hddsDatanode
2019-08-29 08:22:03,624 [main] INFO  http.HttpServer2 (HttpServer2.java:addFilter(958)) - Added filter static_user_filter (class=org.apache.hadoop.http.lib.StaticUserWebFilter$StaticUserFilter) to context logs
2019-08-29 08:22:03,624 [main] INFO  http.HttpServer2 (HttpServer2.java:addFilter(958)) - Added filter static_user_filter (class=org.apache.hadoop.http.lib.StaticUserWebFilter$StaticUserFilter) to context static
2019-08-29 08:22:03,624 [main] INFO  http.HttpServer2 (HttpServer2.java:bindListener(1191)) - Jetty bound to port 45286
2019-08-29 08:22:03,625 [main] INFO  server.Server (Server.java:doStart(351)) - jetty-9.3.24.v20180605, build timestamp: 2018-06-05T17:11:56Z, git hash: 84205aa28f11a4f31f2a3b86d1bba2cc8ab69827
2019-08-29 08:22:03,626 [main] INFO  handler.ContextHandler (ContextHandler.java:doStart(781)) - Started o.e.j.s.ServletContextHandler@1d0590bc{/logs,file:///workdir/hadoop-ozone/integration-test/target/log,AVAILABLE}
2019-08-29 08:22:03,626 [main] INFO  handler.ContextHandler (ContextHandler.java:doStart(781)) - Started o.e.j.s.ServletContextHandler@2ce7d43{/static,jar:file:/home/user/.m2/repository/org/apache/hadoop/hadoop-hdds-container-service/0.5.0-SNAPSHOT/hadoop-hdds-container-service-0.5.0-SNAPSHOT.jar!/webapps/static,AVAILABLE}
2019-08-29 08:22:03,658 [main] INFO  handler.ContextHandler (ContextHandler.java:doStart(781)) - Started o.e.j.w.WebAppContext@4e0a5606{/,file:///tmp/jetty-0.0.0.0-45286-hddsDatanode-_-any-3760032650512840526.dir/webapp/,AVAILABLE}{/hddsDatanode}
2019-08-29 08:22:03,659 [main] INFO  server.AbstractConnector (AbstractConnector.java:doStart(278)) - Started ServerConnector@361a1e86{HTTP/1.1,[http/1.1]}{0.0.0.0:45286}
2019-08-29 08:22:03,660 [main] INFO  server.Server (Server.java:doStart(419)) - Started @226355ms
2019-08-29 08:22:03,661 [main] INFO  server.BaseHttpServer (BaseHttpServer.java:updateConnectorAddress(213)) - HTTP server of HDDSDATANODE is listening at http://0.0.0.0:45286
2019-08-29 08:22:03,758 | INFO  | ObjectStoreRestHttpServer | Listening HDDS REST traffic on /0.0.0.0:32866 |  
2019-08-29 08:22:03,759 [main] INFO  ozone.HddsDatanodeService (HddsDatanodeService.java:startPlugins(395)) - Started plug-in org.apache.hadoop.ozone.web.OzoneHddsDatanodeService@54a1a6a8
2019-08-29 08:22:03,759 [main] INFO  ozone.MiniOzoneClusterImpl (MiniOzoneClusterImpl.java:lambda$waitForClusterToBeReady$0(142)) - Waiting for cluster to be ready. Got 0 of 7 DN Heartbeats.
2019-08-29 08:22:03,760 [org.apache.hadoop.util.JvmPauseMonitor$Monitor@6f752056] INFO  util.JvmPauseMonitor (JvmPauseMonitor.java:run(188)) - Starting JVM pause monitor
2019-08-29 08:22:03,761 [Datanode State Machine Thread - 0] INFO  datanode.InitDatanodeState (InitDatanodeState.java:persistContainerDatanodeDetails(140)) - DatanodeDetails is persisted to /workdir/hadoop-ozone/integration-test/target/test-dir/MiniOzoneClusterImpl-019c98e8-05ee-4a70-81cf-496e8301b746/datanode-6/meta/datanode.id
2019-08-29 08:22:04,671 | INFO  | SCMAudit | user=jenkins1000 | ip=192.168.69.111 | op=GET_VERSION null | ret=SUCCESS |  
2019-08-29 08:22:04,709 [Datanode State Machine Thread - 0] INFO  ozoneimpl.OzoneContainer (OzoneContainer.java:start(186)) - Attempting to start container services.
2019-08-29 08:22:04,709 [Datanode State Machine Thread - 0] INFO  ozoneimpl.OzoneContainer (OzoneContainer.java:startContainerScrub(160)) - Background container scrubber has been disabled by hdds.containerscrub.enabled
2019-08-29 08:22:04,709 [Datanode State Machine Thread - 0] INFO  ratis.XceiverServerRatis (XceiverServerRatis.java:start(404)) - Starting XceiverServerRatis bb544b94-2c29-446f-b248-ddf7606e91f4 at port 0
2019-08-29 08:22:04,715 [Datanode State Machine Thread - 0] INFO  impl.RaftServerProxy (RaftServerProxy.java:lambda$start$3(299)) - bb544b94-2c29-446f-b248-ddf7606e91f4: start RPC server
2019-08-29 08:22:04,717 [Datanode State Machine Thread - 0] INFO  server.GrpcService (GrpcService.java:startImpl(149)) - bb544b94-2c29-446f-b248-ddf7606e91f4: GrpcService started, listening on 0.0.0.0/0.0.0.0:40659
2019-08-29 08:22:04,717 [Datanode State Machine Thread - 0] INFO  ratis.XceiverServerRatis (XceiverServerRatis.java:start(414)) - XceiverServerRatis bb544b94-2c29-446f-b248-ddf7606e91f4 is started using port 40659
2019-08-29 08:22:04,717 [Datanode State Machine Thread - 0] INFO  server.XceiverServerGrpc (XceiverServerGrpc.java:start(163)) - XceiverServerGrpc bb544b94-2c29-446f-b248-ddf7606e91f4 is started using port 43204
2019-08-29 08:22:04,759 [main] INFO  ozone.MiniOzoneClusterImpl (MiniOzoneClusterImpl.java:lambda$waitForClusterToBeReady$0(142)) - Waiting for cluster to be ready. Got 0 of 7 DN Heartbeats.
2019-08-29 08:22:04,840 | INFO  | SCMAudit | user=jenkins1000 | ip=192.168.69.111 | op=GET_VERSION null | ret=SUCCESS |  
2019-08-29 08:22:04,860 [Datanode State Machine Thread - 0] INFO  ozoneimpl.OzoneContainer (OzoneContainer.java:start(186)) - Attempting to start container services.
2019-08-29 08:22:04,860 [Datanode State Machine Thread - 0] INFO  ozoneimpl.OzoneContainer (OzoneContainer.java:startContainerScrub(160)) - Background container scrubber has been disabled by hdds.containerscrub.enabled
2019-08-29 08:22:04,860 [Datanode State Machine Thread - 0] INFO  ratis.XceiverServerRatis (XceiverServerRatis.java:start(404)) - Starting XceiverServerRatis f860cc41-417e-4931-b71d-d109f40332d6 at port 0
2019-08-29 08:22:04,865 [Datanode State Machine Thread - 0] INFO  impl.RaftServerProxy (RaftServerProxy.java:lambda$start$3(299)) - f860cc41-417e-4931-b71d-d109f40332d6: start RPC server
2019-08-29 08:22:04,868 [Datanode State Machine Thread - 0] INFO  server.GrpcService (GrpcService.java:startImpl(149)) - f860cc41-417e-4931-b71d-d109f40332d6: GrpcService started, listening on 0.0.0.0/0.0.0.0:33978
2019-08-29 08:22:04,868 [Datanode State Machine Thread - 0] INFO  ratis.XceiverServerRatis (XceiverServerRatis.java:start(414)) - XceiverServerRatis f860cc41-417e-4931-b71d-d109f40332d6 is started using port 33978
2019-08-29 08:22:04,868 [Datanode State Machine Thread - 0] INFO  server.XceiverServerGrpc (XceiverServerGrpc.java:start(163)) - XceiverServerGrpc f860cc41-417e-4931-b71d-d109f40332d6 is started using port 38476
2019-08-29 08:22:05,017 | INFO  | SCMAudit | user=jenkins1000 | ip=192.168.69.111 | op=GET_VERSION null | ret=SUCCESS |  
2019-08-29 08:22:05,036 [Datanode State Machine Thread - 0] INFO  ozoneimpl.OzoneContainer (OzoneContainer.java:start(186)) - Attempting to start container services.
2019-08-29 08:22:05,037 [Datanode State Machine Thread - 0] INFO  ozoneimpl.OzoneContainer (OzoneContainer.java:startContainerScrub(160)) - Background container scrubber has been disabled by hdds.containerscrub.enabled
2019-08-29 08:22:05,037 [Datanode State Machine Thread - 0] INFO  ratis.XceiverServerRatis (XceiverServerRatis.java:start(404)) - Starting XceiverServerRatis e9d0e0d0-c191-4593-8ede-e5f8bbf008c6 at port 0
2019-08-29 08:22:05,043 [Datanode State Machine Thread - 0] INFO  impl.RaftServerProxy (RaftServerProxy.java:lambda$start$3(299)) - e9d0e0d0-c191-4593-8ede-e5f8bbf008c6: start RPC server
2019-08-29 08:22:05,044 [Datanode State Machine Thread - 0] INFO  server.GrpcService (GrpcService.java:startImpl(149)) - e9d0e0d0-c191-4593-8ede-e5f8bbf008c6: GrpcService started, listening on 0.0.0.0/0.0.0.0:46169
2019-08-29 08:22:05,044 [Datanode State Machine Thread - 0] INFO  ratis.XceiverServerRatis (XceiverServerRatis.java:start(414)) - XceiverServerRatis e9d0e0d0-c191-4593-8ede-e5f8bbf008c6 is started using port 46169
2019-08-29 08:22:05,044 [Datanode State Machine Thread - 0] INFO  server.XceiverServerGrpc (XceiverServerGrpc.java:start(163)) - XceiverServerGrpc e9d0e0d0-c191-4593-8ede-e5f8bbf008c6 is started using port 40150
2019-08-29 08:22:05,180 | INFO  | SCMAudit | user=jenkins1000 | ip=192.168.69.111 | op=GET_VERSION null | ret=SUCCESS |  
2019-08-29 08:22:05,201 [Datanode State Machine Thread - 0] INFO  ozoneimpl.OzoneContainer (OzoneContainer.java:start(186)) - Attempting to start container services.
2019-08-29 08:22:05,201 [Datanode State Machine Thread - 0] INFO  ozoneimpl.OzoneContainer (OzoneContainer.java:startContainerScrub(160)) - Background container scrubber has been disabled by hdds.containerscrub.enabled
2019-08-29 08:22:05,201 [Datanode State Machine Thread - 0] INFO  ratis.XceiverServerRatis (XceiverServerRatis.java:start(404)) - Starting XceiverServerRatis 71ce2075-8fc0-4ce0-bdf6-c2c365f6371a at port 0
2019-08-29 08:22:05,207 [Datanode State Machine Thread - 0] INFO  impl.RaftServerProxy (RaftServerProxy.java:lambda$start$3(299)) - 71ce2075-8fc0-4ce0-bdf6-c2c365f6371a: start RPC server
2019-08-29 08:22:05,208 [Datanode State Machine Thread - 0] INFO  server.GrpcService (GrpcService.java:startImpl(149)) - 71ce2075-8fc0-4ce0-bdf6-c2c365f6371a: GrpcService started, listening on 0.0.0.0/0.0.0.0:43546
2019-08-29 08:22:05,208 [Datanode State Machine Thread - 0] INFO  ratis.XceiverServerRatis (XceiverServerRatis.java:start(414)) - XceiverServerRatis 71ce2075-8fc0-4ce0-bdf6-c2c365f6371a is started using port 43546
2019-08-29 08:22:05,211 [Datanode State Machine Thread - 0] INFO  server.XceiverServerGrpc (XceiverServerGrpc.java:start(163)) - XceiverServerGrpc 71ce2075-8fc0-4ce0-bdf6-c2c365f6371a is started using port 44232
2019-08-29 08:22:05,363 | INFO  | SCMAudit | user=jenkins1000 | ip=192.168.69.111 | op=GET_VERSION null | ret=SUCCESS |  
2019-08-29 08:22:05,513 [Datanode State Machine Thread - 0] INFO  ozoneimpl.OzoneContainer (OzoneContainer.java:start(186)) - Attempting to start container services.
2019-08-29 08:22:05,513 [Datanode State Machine Thread - 0] INFO  ozoneimpl.OzoneContainer (OzoneContainer.java:startContainerScrub(160)) - Background container scrubber has been disabled by hdds.containerscrub.enabled
2019-08-29 08:22:05,513 [Datanode State Machine Thread - 0] INFO  ratis.XceiverServerRatis (XceiverServerRatis.java:start(404)) - Starting XceiverServerRatis b160e95c-e176-445b-9898-2ea637c3111e at port 0
2019-08-29 08:22:05,520 [Datanode State Machine Thread - 0] INFO  impl.RaftServerProxy (RaftServerProxy.java:lambda$start$3(299)) - b160e95c-e176-445b-9898-2ea637c3111e: start RPC server
2019-08-29 08:22:05,521 [Datanode State Machine Thread - 0] INFO  server.GrpcService (GrpcService.java:startImpl(149)) - b160e95c-e176-445b-9898-2ea637c3111e: GrpcService started, listening on 0.0.0.0/0.0.0.0:45193
2019-08-29 08:22:05,521 [Datanode State Machine Thread - 0] INFO  ratis.XceiverServerRatis (XceiverServerRatis.java:start(414)) - XceiverServerRatis b160e95c-e176-445b-9898-2ea637c3111e is started using port 45193
2019-08-29 08:22:05,521 [Datanode State Machine Thread - 0] INFO  server.XceiverServerGrpc (XceiverServerGrpc.java:start(163)) - XceiverServerGrpc b160e95c-e176-445b-9898-2ea637c3111e is started using port 34583
2019-08-29 08:22:05,595 | INFO  | SCMAudit | user=jenkins1000 | ip=192.168.69.111 | op=GET_VERSION null | ret=SUCCESS |  
2019-08-29 08:22:05,627 [Datanode State Machine Thread - 0] INFO  ozoneimpl.OzoneContainer (OzoneContainer.java:start(186)) - Attempting to start container services.
2019-08-29 08:22:05,627 [Datanode State Machine Thread - 0] INFO  ozoneimpl.OzoneContainer (OzoneContainer.java:startContainerScrub(160)) - Background container scrubber has been disabled by hdds.containerscrub.enabled
2019-08-29 08:22:05,627 [Datanode State Machine Thread - 0] INFO  ratis.XceiverServerRatis (XceiverServerRatis.java:start(404)) - Starting XceiverServerRatis 75b5c139-66d5-483f-a402-babe56ab3281 at port 0
2019-08-29 08:22:05,633 [Datanode State Machine Thread - 0] INFO  impl.RaftServerProxy (RaftServerProxy.java:lambda$start$3(299)) - 75b5c139-66d5-483f-a402-babe56ab3281: start RPC server
2019-08-29 08:22:05,634 [Datanode State Machine Thread - 0] INFO  server.GrpcService (GrpcService.java:startImpl(149)) - 75b5c139-66d5-483f-a402-babe56ab3281: GrpcService started, listening on 0.0.0.0/0.0.0.0:46501
2019-08-29 08:22:05,634 [Datanode State Machine Thread - 0] INFO  ratis.XceiverServerRatis (XceiverServerRatis.java:start(414)) - XceiverServerRatis 75b5c139-66d5-483f-a402-babe56ab3281 is started using port 46501
2019-08-29 08:22:05,635 [Datanode State Machine Thread - 0] INFO  server.XceiverServerGrpc (XceiverServerGrpc.java:start(163)) - XceiverServerGrpc 75b5c139-66d5-483f-a402-babe56ab3281 is started using port 37390
2019-08-29 08:22:05,760 [main] INFO  ozone.MiniOzoneClusterImpl (MiniOzoneClusterImpl.java:lambda$waitForClusterToBeReady$0(142)) - Waiting for cluster to be ready. Got 0 of 7 DN Heartbeats.
2019-08-29 08:22:05,761 | INFO  | SCMAudit | user=jenkins1000 | ip=192.168.69.111 | op=GET_VERSION null | ret=SUCCESS |  
2019-08-29 08:22:05,776 [Datanode State Machine Thread - 0] INFO  ozoneimpl.OzoneContainer (OzoneContainer.java:start(186)) - Attempting to start container services.
2019-08-29 08:22:05,776 [Datanode State Machine Thread - 0] INFO  ozoneimpl.OzoneContainer (OzoneContainer.java:startContainerScrub(160)) - Background container scrubber has been disabled by hdds.containerscrub.enabled
2019-08-29 08:22:05,776 [Datanode State Machine Thread - 0] INFO  ratis.XceiverServerRatis (XceiverServerRatis.java:start(404)) - Starting XceiverServerRatis 40f4479c-b2c4-4dae-88b0-602b993ef735 at port 0
2019-08-29 08:22:05,781 [Datanode State Machine Thread - 0] INFO  impl.RaftServerProxy (RaftServerProxy.java:lambda$start$3(299)) - 40f4479c-b2c4-4dae-88b0-602b993ef735: start RPC server
2019-08-29 08:22:05,782 [Datanode State Machine Thread - 0] INFO  server.GrpcService (GrpcService.java:startImpl(149)) - 40f4479c-b2c4-4dae-88b0-602b993ef735: GrpcService started, listening on 0.0.0.0/0.0.0.0:43164
2019-08-29 08:22:05,782 [Datanode State Machine Thread - 0] INFO  ratis.XceiverServerRatis (XceiverServerRatis.java:start(414)) - XceiverServerRatis 40f4479c-b2c4-4dae-88b0-602b993ef735 is started using port 43164
2019-08-29 08:22:05,786 [Datanode State Machine Thread - 0] INFO  server.XceiverServerGrpc (XceiverServerGrpc.java:start(163)) - XceiverServerGrpc 40f4479c-b2c4-4dae-88b0-602b993ef735 is started using port 36741
2019-08-29 08:22:06,671 [IPC Server handler 1 on 39363] INFO  net.NetworkTopology (NetworkTopologyImpl.java:add(110)) - Added a new node: /default-rack/bb544b94-2c29-446f-b248-ddf7606e91f4
2019-08-29 08:22:06,673 [IPC Server handler 1 on 39363] INFO  node.SCMNodeManager (SCMNodeManager.java:register(273)) - Registered Data node : bb544b94-2c29-446f-b248-ddf7606e91f4{ip: 192.168.69.111, host: pr-hdds-1569-g9zr9-4145101663, networkLocation: /default-rack, certSerialId: null}
2019-08-29 08:22:06,674 [EventQueue-NodeRegistrationContainerReportForDataNodeSafeModeRule] INFO  safemode.SCMSafeModeManager (DataNodeSafeModeRule.java:process(71)) - SCM in safe mode. 1 DataNodes registered, 1 required.
2019-08-29 08:22:06,676 | INFO  | SCMAudit | user=jenkins1000 | ip=192.168.69.111 | op=REGISTER {datanodeDetails=bb544b94-2c29-446f-b248-ddf7606e91f4{ip: 192.168.69.111, host: pr-hdds-1569-g9zr9-4145101663, networkLocation: /default-rack, certSerialId: null}} | ret=SUCCESS |  
2019-08-29 08:22:06,676 [EventQueue-NodeRegistrationContainerReportForContainerSafeModeRule] INFO  safemode.SCMSafeModeManager (SCMSafeModeManager.java:validateSafeModeExitRules(177)) - ScmSafeModeManager, all rules are successfully validated
2019-08-29 08:22:06,676 [EventQueue-NodeRegistrationContainerReportForContainerSafeModeRule] INFO  safemode.SCMSafeModeManager (SCMSafeModeManager.java:exitSafeMode(193)) - SCM exiting safe mode.
2019-08-29 08:22:06,697 [grpc-default-executor-8] INFO  impl.RaftServerProxy (RaftServerProxy.java:addNew(89)) - bb544b94-2c29-446f-b248-ddf7606e91f4: addNew group-5C590FEDE532:[bb544b94-2c29-446f-b248-ddf7606e91f4:192.168.69.111:40659] returns group-5C590FEDE532:java.util.concurrent.CompletableFuture@237ab8e2[Not completed]
2019-08-29 08:22:06,698 [pool-411-thread-1] INFO  impl.RaftServerImpl (RaftServerImpl.java:<init>(93)) - bb544b94-2c29-446f-b248-ddf7606e91f4: new RaftServerImpl for group-5C590FEDE532:[bb544b94-2c29-446f-b248-ddf7606e91f4:192.168.69.111:40659] with ContainerStateMachine:uninitialized
2019-08-29 08:22:06,698 [pool-411-thread-1] INFO  server.RaftServerConfigKeys (ConfUtils.java:logGet(43)) - raft.server.rpc.timeout.min = 5s (custom)
2019-08-29 08:22:06,698 [pool-411-thread-1] INFO  server.RaftServerConfigKeys (ConfUtils.java:logGet(43)) - raft.server.rpc.timeout.max = 5200ms (custom)
2019-08-29 08:22:06,698 [pool-411-thread-1] INFO  server.RaftServerConfigKeys (ConfUtils.java:logGet(43)) - raft.server.rpcslowness.timeout = 120s (custom)
2019-08-29 08:22:06,698 [pool-411-thread-1] INFO  server.RaftServerConfigKeys (ConfUtils.java:logGet(43)) - raft.server.sleep.deviation.threshold = 300 (default)
2019-08-29 08:22:06,699 [pool-411-thread-1] INFO  server.RaftServerConfigKeys (ConfUtils.java:logGet(43)) - raft.server.log.appender.install.snapshot.enabled = false (custom)
2019-08-29 08:22:06,699 [pool-411-thread-1] INFO  impl.RaftServerImpl (ServerState.java:<init>(105)) - bb544b94-2c29-446f-b248-ddf7606e91f4:group-5C590FEDE532 ConfigurationManager, init=-1: [bb544b94-2c29-446f-b248-ddf7606e91f4:192.168.69.111:40659], old=null, confs=<EMPTY_MAP>
2019-08-29 08:22:06,699 [pool-411-thread-1] INFO  server.RaftServerConfigKeys (ConfUtils.java:logGet(43)) - raft.server.storage.dir = [/workdir/hadoop-ozone/integration-test/target/test-dir/MiniOzoneClusterImpl-019c98e8-05ee-4a70-81cf-496e8301b746/datanode-0/data/ratis] (custom)
2019-08-29 08:22:06,699 [pool-411-thread-1] INFO  storage.RaftStorageDirectory (RaftStorageDirectory.java:analyzeStorage(246)) - The storage directory /workdir/hadoop-ozone/integration-test/target/test-dir/MiniOzoneClusterImpl-019c98e8-05ee-4a70-81cf-496e8301b746/datanode-0/data/ratis/654dbf1c-8ab5-42c9-8e4e-5c590fede532 does not exist. Creating ...
2019-08-29 08:22:06,718 [pool-411-thread-1] INFO  storage.RaftStorageDirectory (RaftStorageDirectory.java:tryLock(328)) - Lock on /workdir/hadoop-ozone/integration-test/target/test-dir/MiniOzoneClusterImpl-019c98e8-05ee-4a70-81cf-496e8301b746/datanode-0/data/ratis/654dbf1c-8ab5-42c9-8e4e-5c590fede532/in_use.lock acquired by nodename 30949@pr-hdds-1569-g9zr9-4145101663
2019-08-29 08:22:06,738 [pool-411-thread-1] INFO  storage.RaftStorage (RaftStorage.java:format(72)) - Storage directory /workdir/hadoop-ozone/integration-test/target/test-dir/MiniOzoneClusterImpl-019c98e8-05ee-4a70-81cf-496e8301b746/datanode-0/data/ratis/654dbf1c-8ab5-42c9-8e4e-5c590fede532 has been successfully formatted.
2019-08-29 08:22:06,738 [pool-411-thread-1] INFO  ratis.ContainerStateMachine (ContainerStateMachine.java:loadSnapshot(226)) - group-5C590FEDE532: The snapshot info is null. Setting the last applied indexto:(t:0, i:~)
2019-08-29 08:22:06,738 [pool-411-thread-1] INFO  server.RaftServerConfigKeys (ConfUtils.java:logGet(43)) - raft.server.leader.election.timeout = 120s (custom)
2019-08-29 08:22:06,738 [pool-411-thread-1] INFO  server.RaftServerConfigKeys (ConfUtils.java:logGet(43)) - raft.server.log.use.memory = false (default)
2019-08-29 08:22:06,738 [pool-411-thread-1] INFO  server.RaftServerConfigKeys (ConfUtils.java:logGet(43)) - raft.server.log.purge.gap = 1000000 (custom)
2019-08-29 08:22:06,738 [pool-411-thread-1] INFO  server.RaftServerConfigKeys (ConfUtils.java:logGet(43)) - raft.server.log.appender.buffer.byte-limit = 33554432 (custom)
2019-08-29 08:22:06,739 [pool-411-thread-1] INFO  server.RaftServerConfigKeys (ConfUtils.java:logGet(43)) - raft.server.log.segment.size.max = 1048576 (custom)
2019-08-29 08:22:06,739 [pool-411-thread-1] INFO  server.RaftServerConfigKeys (ConfUtils.java:logGet(43)) - raft.server.log.segment.cache.num.max = 2 (custom)
2019-08-29 08:22:06,739 [pool-411-thread-1] INFO  segmented.SegmentedRaftLogWorker (SegmentedRaftLogWorker.java:<init>(172)) - new bb544b94-2c29-446f-b248-ddf7606e91f4-SegmentedRaftLogWorker:Storage Directory /workdir/hadoop-ozone/integration-test/target/test-dir/MiniOzoneClusterImpl-019c98e8-05ee-4a70-81cf-496e8301b746/datanode-0/data/ratis/654dbf1c-8ab5-42c9-8e4e-5c590fede532 for RaftStorage:Storage Directory /workdir/hadoop-ozone/integration-test/target/test-dir/MiniOzoneClusterImpl-019c98e8-05ee-4a70-81cf-496e8301b746/datanode-0/data/ratis/654dbf1c-8ab5-42c9-8e4e-5c590fede532
2019-08-29 08:22:06,739 [pool-411-thread-1] INFO  server.RaftServerConfigKeys (ConfUtils.java:logGet(43)) - raft.server.log.queue.byte-limit = 2147483647 (custom)
2019-08-29 08:22:06,739 [pool-411-thread-1] INFO  server.RaftServerConfigKeys (ConfUtils.java:logGet(43)) - raft.server.log.queue.element-limit = 1024 (custom)
2019-08-29 08:22:06,739 [pool-411-thread-1] INFO  server.RaftServerConfigKeys (ConfUtils.java:logGet(43)) - raft.server.log.segment.size.max = 1048576 (custom)
2019-08-29 08:22:06,739 [pool-411-thread-1] INFO  server.RaftServerConfigKeys (ConfUtils.java:logGet(43)) - raft.server.log.preallocated.size = 16384 (custom)
2019-08-29 08:22:06,739 [pool-411-thread-1] INFO  server.RaftServerConfigKeys (ConfUtils.java:logGet(43)) - raft.server.log.write.buffer.size = 33554432 (custom)
2019-08-29 08:22:06,739 [pool-411-thread-1] INFO  server.RaftServerConfigKeys (ConfUtils.java:logGet(43)) - raft.server.log.force.sync.num = 128 (default)
2019-08-29 08:22:06,739 [pool-411-thread-1] INFO  server.RaftServerConfigKeys (ConfUtils.java:logGet(43)) - raft.server.log.statemachine.data.sync = true (default)
2019-08-29 08:22:06,740 [pool-411-thread-1] INFO  server.RaftServerConfigKeys (ConfUtils.java:logGet(43)) - raft.server.log.statemachine.data.sync.timeout = 10s (default)
2019-08-29 08:22:06,740 [pool-411-thread-1] INFO  server.RaftServerConfigKeys (ConfUtils.java:logGet(43)) - raft.server.log.statemachine.data.sync.timeout.retry = -1 (default)
2019-08-29 08:22:06,740 [pool-411-thread-1] INFO  server.RaftServerConfigKeys (ConfUtils.java:logGet(43)) - raft.server.log.statemachine.data.caching.enabled = true (custom)
2019-08-29 08:22:06,740 [pool-411-thread-1] INFO  segmented.SegmentedRaftLogWorker (SegmentedRaftLogWorker.java:lambda$new$0(132)) - bb544b94-2c29-446f-b248-ddf7606e91f4-SegmentedRaftLogWorker:Storage Directory /workdir/hadoop-ozone/integration-test/target/test-dir/MiniOzoneClusterImpl-019c98e8-05ee-4a70-81cf-496e8301b746/datanode-0/data/ratis/654dbf1c-8ab5-42c9-8e4e-5c590fede532: flushIndex: setUnconditionally 0 -> -1
2019-08-29 08:22:06,740 [pool-411-thread-1] INFO  server.RaftServerConfigKeys (ConfUtils.java:logGet(43)) - raft.server.snapshot.auto.trigger.enabled = true (custom)
2019-08-29 08:22:06,740 [pool-411-thread-1] INFO  server.RaftServerConfigKeys (ConfUtils.java:logGet(43)) - raft.server.snapshot.auto.trigger.threshold = 10000 (custom)
2019-08-29 08:22:06,740 [pool-411-thread-1] INFO  server.RaftServerConfigKeys (ConfUtils.java:logGet(43)) - raft.server.retrycache.expirytime = 600000ms (custom)
2019-08-29 08:22:06,741 [pool-411-thread-1] INFO  impl.RaftServerImpl (RaftServerImpl.java:start(180)) - bb544b94-2c29-446f-b248-ddf7606e91f4: start group-5C590FEDE532
2019-08-29 08:22:06,741 [pool-411-thread-1] INFO  impl.RaftServerImpl (RaftServerImpl.java:setRole(171)) - bb544b94-2c29-446f-b248-ddf7606e91f4:group-5C590FEDE532 changes role from null to FOLLOWER at term 0 for startAsFollower
2019-08-29 08:22:06,741 [pool-411-thread-1] INFO  impl.RoleInfo (RoleInfo.java:updateAndGet(143)) - bb544b94-2c29-446f-b248-ddf7606e91f4: start FollowerState
2019-08-29 08:22:06,741 [pool-411-thread-1] INFO  util.JmxRegister (JmxRegister.java:tryRegister(44)) - Successfully registered JMX Bean with object name Ratis:service=RaftServer,group=group-5C590FEDE532,id=bb544b94-2c29-446f-b248-ddf7606e91f4
2019-08-29 08:22:06,743 [RatisPipelineUtilsThread] INFO  pipeline.PipelineStateManager (PipelineStateManager.java:addPipeline(56)) - Created pipeline Pipeline[ Id: 654dbf1c-8ab5-42c9-8e4e-5c590fede532, Nodes: bb544b94-2c29-446f-b248-ddf7606e91f4{ip: 192.168.69.111, host: pr-hdds-1569-g9zr9-4145101663, networkLocation: /default-rack, certSerialId: null}, Type:RATIS, Factor:ONE, State:OPEN]
2019-08-29 08:22:06,760 [main] INFO  ozone.MiniOzoneClusterImpl (MiniOzoneClusterImpl.java:lambda$waitForClusterToBeReady$0(142)) - Waiting for cluster to be ready. Got 1 of 7 DN Heartbeats.
2019-08-29 08:22:06,841 [IPC Server handler 3 on 39363] INFO  net.NetworkTopology (NetworkTopologyImpl.java:add(110)) - Added a new node: /default-rack/f860cc41-417e-4931-b71d-d109f40332d6
2019-08-29 08:22:06,841 [IPC Server handler 3 on 39363] INFO  node.SCMNodeManager (SCMNodeManager.java:register(273)) - Registered Data node : f860cc41-417e-4931-b71d-d109f40332d6{ip: 192.168.69.111, host: pr-hdds-1569-g9zr9-4145101663, networkLocation: /default-rack, certSerialId: null}
2019-08-29 08:22:06,841 | INFO  | SCMAudit | user=jenkins1000 | ip=192.168.69.111 | op=REGISTER {datanodeDetails=f860cc41-417e-4931-b71d-d109f40332d6{ip: 192.168.69.111, host: pr-hdds-1569-g9zr9-4145101663, networkLocation: /default-rack, certSerialId: null}} | ret=SUCCESS |  
2019-08-29 08:22:06,849 [grpc-default-executor-8] INFO  impl.RaftServerProxy (RaftServerProxy.java:addNew(89)) - f860cc41-417e-4931-b71d-d109f40332d6: addNew group-04341517355F:[f860cc41-417e-4931-b71d-d109f40332d6:192.168.69.111:33978] returns group-04341517355F:java.util.concurrent.CompletableFuture@cb8b74a[Not completed]
2019-08-29 08:22:06,850 [pool-422-thread-1] INFO  impl.RaftServerImpl (RaftServerImpl.java:<init>(93)) - f860cc41-417e-4931-b71d-d109f40332d6: new RaftServerImpl for group-04341517355F:[f860cc41-417e-4931-b71d-d109f40332d6:192.168.69.111:33978] with ContainerStateMachine:uninitialized
2019-08-29 08:22:06,850 [pool-422-thread-1] INFO  server.RaftServerConfigKeys (ConfUtils.java:logGet(43)) - raft.server.rpc.timeout.min = 5s (custom)
2019-08-29 08:22:06,850 [pool-422-thread-1] INFO  server.RaftServerConfigKeys (ConfUtils.java:logGet(43)) - raft.server.rpc.timeout.max = 5200ms (custom)
2019-08-29 08:22:06,850 [pool-422-thread-1] INFO  server.RaftServerConfigKeys (ConfUtils.java:logGet(43)) - raft.server.rpcslowness.timeout = 120s (custom)
2019-08-29 08:22:06,850 [pool-422-thread-1] INFO  server.RaftServerConfigKeys (ConfUtils.java:logGet(43)) - raft.server.sleep.deviation.threshold = 300 (default)
2019-08-29 08:22:06,851 [pool-422-thread-1] INFO  server.RaftServerConfigKeys (ConfUtils.java:logGet(43)) - raft.server.log.appender.install.snapshot.enabled = false (custom)
2019-08-29 08:22:06,851 [pool-422-thread-1] INFO  impl.RaftServerImpl (ServerState.java:<init>(105)) - f860cc41-417e-4931-b71d-d109f40332d6:group-04341517355F ConfigurationManager, init=-1: [f860cc41-417e-4931-b71d-d109f40332d6:192.168.69.111:33978], old=null, confs=<EMPTY_MAP>
2019-08-29 08:22:06,851 [pool-422-thread-1] INFO  server.RaftServerConfigKeys (ConfUtils.java:logGet(43)) - raft.server.storage.dir = [/workdir/hadoop-ozone/integration-test/target/test-dir/MiniOzoneClusterImpl-019c98e8-05ee-4a70-81cf-496e8301b746/datanode-1/data/ratis] (custom)
2019-08-29 08:22:06,851 [pool-422-thread-1] INFO  storage.RaftStorageDirectory (RaftStorageDirectory.java:analyzeStorage(246)) - The storage directory /workdir/hadoop-ozone/integration-test/target/test-dir/MiniOzoneClusterImpl-019c98e8-05ee-4a70-81cf-496e8301b746/datanode-1/data/ratis/4d6397a4-5d68-4642-bf92-04341517355f does not exist. Creating ...
2019-08-29 08:22:06,880 [pool-422-thread-1] INFO  storage.RaftStorageDirectory (RaftStorageDirectory.java:tryLock(328)) - Lock on /workdir/hadoop-ozone/integration-test/target/test-dir/MiniOzoneClusterImpl-019c98e8-05ee-4a70-81cf-496e8301b746/datanode-1/data/ratis/4d6397a4-5d68-4642-bf92-04341517355f/in_use.lock acquired by nodename 30949@pr-hdds-1569-g9zr9-4145101663
2019-08-29 08:22:06,902 [pool-422-thread-1] INFO  storage.RaftStorage (RaftStorage.java:format(72)) - Storage directory /workdir/hadoop-ozone/integration-test/target/test-dir/MiniOzoneClusterImpl-019c98e8-05ee-4a70-81cf-496e8301b746/datanode-1/data/ratis/4d6397a4-5d68-4642-bf92-04341517355f has been successfully formatted.
2019-08-29 08:22:06,902 [pool-422-thread-1] INFO  ratis.ContainerStateMachine (ContainerStateMachine.java:loadSnapshot(226)) - group-04341517355F: The snapshot info is null. Setting the last applied indexto:(t:0, i:~)
2019-08-29 08:22:06,902 [pool-422-thread-1] INFO  server.RaftServerConfigKeys (ConfUtils.java:logGet(43)) - raft.server.leader.election.timeout = 120s (custom)
2019-08-29 08:22:06,902 [pool-422-thread-1] INFO  server.RaftServerConfigKeys (ConfUtils.java:logGet(43)) - raft.server.log.use.memory = false (default)
2019-08-29 08:22:06,902 [pool-422-thread-1] INFO  server.RaftServerConfigKeys (ConfUtils.java:logGet(43)) - raft.server.log.purge.gap = 1000000 (custom)
2019-08-29 08:22:06,903 [pool-422-thread-1] INFO  server.RaftServerConfigKeys (ConfUtils.java:logGet(43)) - raft.server.log.appender.buffer.byte-limit = 33554432 (custom)
2019-08-29 08:22:06,903 [pool-422-thread-1] INFO  server.RaftServerConfigKeys (ConfUtils.java:logGet(43)) - raft.server.log.segment.size.max = 1048576 (custom)
2019-08-29 08:22:06,903 [pool-422-thread-1] INFO  server.RaftServerConfigKeys (ConfUtils.java:logGet(43)) - raft.server.log.segment.cache.num.max = 2 (custom)
2019-08-29 08:22:06,903 [pool-422-thread-1] INFO  segmented.SegmentedRaftLogWorker (SegmentedRaftLogWorker.java:<init>(172)) - new f860cc41-417e-4931-b71d-d109f40332d6-SegmentedRaftLogWorker:Storage Directory /workdir/hadoop-ozone/integration-test/target/test-dir/MiniOzoneClusterImpl-019c98e8-05ee-4a70-81cf-496e8301b746/datanode-1/data/ratis/4d6397a4-5d68-4642-bf92-04341517355f for RaftStorage:Storage Directory /workdir/hadoop-ozone/integration-test/target/test-dir/MiniOzoneClusterImpl-019c98e8-05ee-4a70-81cf-496e8301b746/datanode-1/data/ratis/4d6397a4-5d68-4642-bf92-04341517355f
2019-08-29 08:22:06,903 [pool-422-thread-1] INFO  server.RaftServerConfigKeys (ConfUtils.java:logGet(43)) - raft.server.log.queue.byte-limit = 2147483647 (custom)
2019-08-29 08:22:06,903 [pool-422-thread-1] INFO  server.RaftServerConfigKeys (ConfUtils.java:logGet(43)) - raft.server.log.queue.element-limit = 1024 (custom)
2019-08-29 08:22:06,904 [pool-422-thread-1] INFO  server.RaftServerConfigKeys (ConfUtils.java:logGet(43)) - raft.server.log.segment.size.max = 1048576 (custom)
2019-08-29 08:22:06,904 [pool-422-thread-1] INFO  server.RaftServerConfigKeys (ConfUtils.java:logGet(43)) - raft.server.log.preallocated.size = 16384 (custom)
2019-08-29 08:22:06,904 [pool-422-thread-1] INFO  server.RaftServerConfigKeys (ConfUtils.java:logGet(43)) - raft.server.log.write.buffer.size = 33554432 (custom)
2019-08-29 08:22:06,904 [pool-422-thread-1] INFO  server.RaftServerConfigKeys (ConfUtils.java:logGet(43)) - raft.server.log.force.sync.num = 128 (default)
2019-08-29 08:22:06,904 [pool-422-thread-1] INFO  server.RaftServerConfigKeys (ConfUtils.java:logGet(43)) - raft.server.log.statemachine.data.sync = true (default)
2019-08-29 08:22:06,904 [pool-422-thread-1] INFO  server.RaftServerConfigKeys (ConfUtils.java:logGet(43)) - raft.server.log.statemachine.data.sync.timeout = 10s (default)
2019-08-29 08:22:06,905 [pool-422-thread-1] INFO  server.RaftServerConfigKeys (ConfUtils.java:logGet(43)) - raft.server.log.statemachine.data.sync.timeout.retry = -1 (default)
2019-08-29 08:22:06,905 [pool-422-thread-1] INFO  server.RaftServerConfigKeys (ConfUtils.java:logGet(43)) - raft.server.log.statemachine.data.caching.enabled = true (custom)
2019-08-29 08:22:06,905 [pool-422-thread-1] INFO  segmented.SegmentedRaftLogWorker (SegmentedRaftLogWorker.java:lambda$new$0(132)) - f860cc41-417e-4931-b71d-d109f40332d6-SegmentedRaftLogWorker:Storage Directory /workdir/hadoop-ozone/integration-test/target/test-dir/MiniOzoneClusterImpl-019c98e8-05ee-4a70-81cf-496e8301b746/datanode-1/data/ratis/4d6397a4-5d68-4642-bf92-04341517355f: flushIndex: setUnconditionally 0 -> -1
2019-08-29 08:22:06,905 [pool-422-thread-1] INFO  server.RaftServerConfigKeys (ConfUtils.java:logGet(43)) - raft.server.snapshot.auto.trigger.enabled = true (custom)
2019-08-29 08:22:06,906 [pool-422-thread-1] INFO  server.RaftServerConfigKeys (ConfUtils.java:logGet(43)) - raft.server.snapshot.auto.trigger.threshold = 10000 (custom)
2019-08-29 08:22:06,906 [pool-422-thread-1] INFO  server.RaftServerConfigKeys (ConfUtils.java:logGet(43)) - raft.server.retrycache.expirytime = 600000ms (custom)
2019-08-29 08:22:06,906 [pool-422-thread-1] INFO  impl.RaftServerImpl (RaftServerImpl.java:start(180)) - f860cc41-417e-4931-b71d-d109f40332d6: start group-04341517355F
2019-08-29 08:22:06,906 [pool-422-thread-1] INFO  impl.RaftServerImpl (RaftServerImpl.java:setRole(171)) - f860cc41-417e-4931-b71d-d109f40332d6:group-04341517355F changes role from null to FOLLOWER at term 0 for startAsFollower
2019-08-29 08:22:06,906 [pool-422-thread-1] INFO  impl.RoleInfo (RoleInfo.java:updateAndGet(143)) - f860cc41-417e-4931-b71d-d109f40332d6: start FollowerState
2019-08-29 08:22:06,907 [pool-422-thread-1] INFO  util.JmxRegister (JmxRegister.java:tryRegister(44)) - Successfully registered JMX Bean with object name Ratis:service=RaftServer,group=group-04341517355F,id=f860cc41-417e-4931-b71d-d109f40332d6
2019-08-29 08:22:06,909 [RatisPipelineUtilsThread] INFO  pipeline.PipelineStateManager (PipelineStateManager.java:addPipeline(56)) - Created pipeline Pipeline[ Id: 4d6397a4-5d68-4642-bf92-04341517355f, Nodes: f860cc41-417e-4931-b71d-d109f40332d6{ip: 192.168.69.111, host: pr-hdds-1569-g9zr9-4145101663, networkLocation: /default-rack, certSerialId: null}, Type:RATIS, Factor:ONE, State:OPEN]
2019-08-29 08:22:07,017 [IPC Server handler 4 on 39363] INFO  net.NetworkTopology (NetworkTopologyImpl.java:add(110)) - Added a new node: /default-rack/e9d0e0d0-c191-4593-8ede-e5f8bbf008c6
2019-08-29 08:22:07,017 [IPC Server handler 4 on 39363] INFO  node.SCMNodeManager (SCMNodeManager.java:register(273)) - Registered Data node : e9d0e0d0-c191-4593-8ede-e5f8bbf008c6{ip: 192.168.69.111, host: pr-hdds-1569-g9zr9-4145101663, networkLocation: /default-rack, certSerialId: null}
2019-08-29 08:22:07,018 | INFO  | SCMAudit | user=jenkins1000 | ip=192.168.69.111 | op=REGISTER {datanodeDetails=e9d0e0d0-c191-4593-8ede-e5f8bbf008c6{ip: 192.168.69.111, host: pr-hdds-1569-g9zr9-4145101663, networkLocation: /default-rack, certSerialId: null}} | ret=SUCCESS |  
2019-08-29 08:22:07,025 [grpc-default-executor-8] INFO  impl.RaftServerProxy (RaftServerProxy.java:addNew(89)) - e9d0e0d0-c191-4593-8ede-e5f8bbf008c6: addNew group-60E9B6CE19EC:[e9d0e0d0-c191-4593-8ede-e5f8bbf008c6:192.168.69.111:46169] returns group-60E9B6CE19EC:java.util.concurrent.CompletableFuture@263d5024[Not completed]
2019-08-29 08:22:07,026 [pool-433-thread-1] INFO  impl.RaftServerImpl (RaftServerImpl.java:<init>(93)) - e9d0e0d0-c191-4593-8ede-e5f8bbf008c6: new RaftServerImpl for group-60E9B6CE19EC:[e9d0e0d0-c191-4593-8ede-e5f8bbf008c6:192.168.69.111:46169] with ContainerStateMachine:uninitialized
2019-08-29 08:22:07,026 [pool-433-thread-1] INFO  server.RaftServerConfigKeys (ConfUtils.java:logGet(43)) - raft.server.rpc.timeout.min = 5s (custom)
2019-08-29 08:22:07,026 [pool-433-thread-1] INFO  server.RaftServerConfigKeys (ConfUtils.java:logGet(43)) - raft.server.rpc.timeout.max = 5200ms (custom)
2019-08-29 08:22:07,026 [pool-433-thread-1] INFO  server.RaftServerConfigKeys (ConfUtils.java:logGet(43)) - raft.server.rpcslowness.timeout = 120s (custom)
2019-08-29 08:22:07,026 [pool-433-thread-1] INFO  server.RaftServerConfigKeys (ConfUtils.java:logGet(43)) - raft.server.sleep.deviation.threshold = 300 (default)
2019-08-29 08:22:07,027 [pool-433-thread-1] INFO  server.RaftServerConfigKeys (ConfUtils.java:logGet(43)) - raft.server.log.appender.install.snapshot.enabled = false (custom)
2019-08-29 08:22:07,027 [pool-433-thread-1] INFO  impl.RaftServerImpl (ServerState.java:<init>(105)) - e9d0e0d0-c191-4593-8ede-e5f8bbf008c6:group-60E9B6CE19EC ConfigurationManager, init=-1: [e9d0e0d0-c191-4593-8ede-e5f8bbf008c6:192.168.69.111:46169], old=null, confs=<EMPTY_MAP>
2019-08-29 08:22:07,027 [pool-433-thread-1] INFO  server.RaftServerConfigKeys (ConfUtils.java:logGet(43)) - raft.server.storage.dir = [/workdir/hadoop-ozone/integration-test/target/test-dir/MiniOzoneClusterImpl-019c98e8-05ee-4a70-81cf-496e8301b746/datanode-2/data/ratis] (custom)
2019-08-29 08:22:07,027 [pool-433-thread-1] INFO  storage.RaftStorageDirectory (RaftStorageDirectory.java:analyzeStorage(246)) - The storage directory /workdir/hadoop-ozone/integration-test/target/test-dir/MiniOzoneClusterImpl-019c98e8-05ee-4a70-81cf-496e8301b746/datanode-2/data/ratis/251fa44a-4632-4d7a-a947-60e9b6ce19ec does not exist. Creating ...
2019-08-29 08:22:07,113 [pool-433-thread-1] INFO  storage.RaftStorageDirectory (RaftStorageDirectory.java:tryLock(328)) - Lock on /workdir/hadoop-ozone/integration-test/target/test-dir/MiniOzoneClusterImpl-019c98e8-05ee-4a70-81cf-496e8301b746/datanode-2/data/ratis/251fa44a-4632-4d7a-a947-60e9b6ce19ec/in_use.lock acquired by nodename 30949@pr-hdds-1569-g9zr9-4145101663
2019-08-29 08:22:07,130 [pool-433-thread-1] INFO  storage.RaftStorage (RaftStorage.java:format(72)) - Storage directory /workdir/hadoop-ozone/integration-test/target/test-dir/MiniOzoneClusterImpl-019c98e8-05ee-4a70-81cf-496e8301b746/datanode-2/data/ratis/251fa44a-4632-4d7a-a947-60e9b6ce19ec has been successfully formatted.
2019-08-29 08:22:07,131 [pool-433-thread-1] INFO  ratis.ContainerStateMachine (ContainerStateMachine.java:loadSnapshot(226)) - group-60E9B6CE19EC: The snapshot info is null. Setting the last applied indexto:(t:0, i:~)
2019-08-29 08:22:07,131 [pool-433-thread-1] INFO  server.RaftServerConfigKeys (ConfUtils.java:logGet(43)) - raft.server.leader.election.timeout = 120s (custom)
2019-08-29 08:22:07,131 [pool-433-thread-1] INFO  server.RaftServerConfigKeys (ConfUtils.java:logGet(43)) - raft.server.log.use.memory = false (default)
2019-08-29 08:22:07,131 [pool-433-thread-1] INFO  server.RaftServerConfigKeys (ConfUtils.java:logGet(43)) - raft.server.log.purge.gap = 1000000 (custom)
2019-08-29 08:22:07,131 [pool-433-thread-1] INFO  server.RaftServerConfigKeys (ConfUtils.java:logGet(43)) - raft.server.log.appender.buffer.byte-limit = 33554432 (custom)
2019-08-29 08:22:07,132 [pool-433-thread-1] INFO  server.RaftServerConfigKeys (ConfUtils.java:logGet(43)) - raft.server.log.segment.size.max = 1048576 (custom)
2019-08-29 08:22:07,132 [pool-433-thread-1] INFO  server.RaftServerConfigKeys (ConfUtils.java:logGet(43)) - raft.server.log.segment.cache.num.max = 2 (custom)
2019-08-29 08:22:07,132 [pool-433-thread-1] INFO  segmented.SegmentedRaftLogWorker (SegmentedRaftLogWorker.java:<init>(172)) - new e9d0e0d0-c191-4593-8ede-e5f8bbf008c6-SegmentedRaftLogWorker:Storage Directory /workdir/hadoop-ozone/integration-test/target/test-dir/MiniOzoneClusterImpl-019c98e8-05ee-4a70-81cf-496e8301b746/datanode-2/data/ratis/251fa44a-4632-4d7a-a947-60e9b6ce19ec for RaftStorage:Storage Directory /workdir/hadoop-ozone/integration-test/target/test-dir/MiniOzoneClusterImpl-019c98e8-05ee-4a70-81cf-496e8301b746/datanode-2/data/ratis/251fa44a-4632-4d7a-a947-60e9b6ce19ec
2019-08-29 08:22:07,132 [pool-433-thread-1] INFO  server.RaftServerConfigKeys (ConfUtils.java:logGet(43)) - raft.server.log.queue.byte-limit = 2147483647 (custom)
2019-08-29 08:22:07,132 [pool-433-thread-1] INFO  server.RaftServerConfigKeys (ConfUtils.java:logGet(43)) - raft.server.log.queue.element-limit = 1024 (custom)
2019-08-29 08:22:07,133 [pool-433-thread-1] INFO  server.RaftServerConfigKeys (ConfUtils.java:logGet(43)) - raft.server.log.segment.size.max = 1048576 (custom)
2019-08-29 08:22:07,133 [pool-433-thread-1] INFO  server.RaftServerConfigKeys (ConfUtils.java:logGet(43)) - raft.server.log.preallocated.size = 16384 (custom)
2019-08-29 08:22:07,133 [pool-433-thread-1] INFO  server.RaftServerConfigKeys (ConfUtils.java:logGet(43)) - raft.server.log.write.buffer.size = 33554432 (custom)
2019-08-29 08:22:07,133 [pool-433-thread-1] INFO  server.RaftServerConfigKeys (ConfUtils.java:logGet(43)) - raft.server.log.force.sync.num = 128 (default)
2019-08-29 08:22:07,133 [pool-433-thread-1] INFO  server.RaftServerConfigKeys (ConfUtils.java:logGet(43)) - raft.server.log.statemachine.data.sync = true (default)
2019-08-29 08:22:07,133 [pool-433-thread-1] INFO  server.RaftServerConfigKeys (ConfUtils.java:logGet(43)) - raft.server.log.statemachine.data.sync.timeout = 10s (default)
2019-08-29 08:22:07,133 [pool-433-thread-1] INFO  server.RaftServerConfigKeys (ConfUtils.java:logGet(43)) - raft.server.log.statemachine.data.sync.timeout.retry = -1 (default)
2019-08-29 08:22:07,134 [pool-433-thread-1] INFO  server.RaftServerConfigKeys (ConfUtils.java:logGet(43)) - raft.server.log.statemachine.data.caching.enabled = true (custom)
2019-08-29 08:22:07,134 [pool-433-thread-1] INFO  segmented.SegmentedRaftLogWorker (SegmentedRaftLogWorker.java:lambda$new$0(132)) - e9d0e0d0-c191-4593-8ede-e5f8bbf008c6-SegmentedRaftLogWorker:Storage Directory /workdir/hadoop-ozone/integration-test/target/test-dir/MiniOzoneClusterImpl-019c98e8-05ee-4a70-81cf-496e8301b746/datanode-2/data/ratis/251fa44a-4632-4d7a-a947-60e9b6ce19ec: flushIndex: setUnconditionally 0 -> -1
2019-08-29 08:22:07,135 [pool-433-thread-1] INFO  server.RaftServerConfigKeys (ConfUtils.java:logGet(43)) - raft.server.snapshot.auto.trigger.enabled = true (custom)
2019-08-29 08:22:07,135 [pool-433-thread-1] INFO  server.RaftServerConfigKeys (ConfUtils.java:logGet(43)) - raft.server.snapshot.auto.trigger.threshold = 10000 (custom)
2019-08-29 08:22:07,135 [pool-433-thread-1] INFO  server.RaftServerConfigKeys (ConfUtils.java:logGet(43)) - raft.server.retrycache.expirytime = 600000ms (custom)
2019-08-29 08:22:07,135 [pool-433-thread-1] INFO  impl.RaftServerImpl (RaftServerImpl.java:start(180)) - e9d0e0d0-c191-4593-8ede-e5f8bbf008c6: start group-60E9B6CE19EC
2019-08-29 08:22:07,135 [pool-433-thread-1] INFO  impl.RaftServerImpl (RaftServerImpl.java:setRole(171)) - e9d0e0d0-c191-4593-8ede-e5f8bbf008c6:group-60E9B6CE19EC changes role from null to FOLLOWER at term 0 for startAsFollower
2019-08-29 08:22:07,135 [pool-433-thread-1] INFO  impl.RoleInfo (RoleInfo.java:updateAndGet(143)) - e9d0e0d0-c191-4593-8ede-e5f8bbf008c6: start FollowerState
2019-08-29 08:22:07,136 [pool-433-thread-1] INFO  util.JmxRegister (JmxRegister.java:tryRegister(44)) - Successfully registered JMX Bean with object name Ratis:service=RaftServer,group=group-60E9B6CE19EC,id=e9d0e0d0-c191-4593-8ede-e5f8bbf008c6
2019-08-29 08:22:07,138 [RatisPipelineUtilsThread] INFO  pipeline.PipelineStateManager (PipelineStateManager.java:addPipeline(56)) - Created pipeline Pipeline[ Id: 251fa44a-4632-4d7a-a947-60e9b6ce19ec, Nodes: e9d0e0d0-c191-4593-8ede-e5f8bbf008c6{ip: 192.168.69.111, host: pr-hdds-1569-g9zr9-4145101663, networkLocation: /default-rack, certSerialId: null}, Type:RATIS, Factor:ONE, State:OPEN]
2019-08-29 08:22:07,157 [grpc-default-executor-4] INFO  impl.RaftServerProxy (RaftServerProxy.java:addNew(89)) - e9d0e0d0-c191-4593-8ede-e5f8bbf008c6: addNew group-6E86CE23022E:[e9d0e0d0-c191-4593-8ede-e5f8bbf008c6:192.168.69.111:46169, bb544b94-2c29-446f-b248-ddf7606e91f4:192.168.69.111:40659, f860cc41-417e-4931-b71d-d109f40332d6:192.168.69.111:33978] returns group-6E86CE23022E:java.util.concurrent.CompletableFuture@2709787f[Not completed]
2019-08-29 08:22:07,157 [grpc-default-executor-8] INFO  impl.RaftServerProxy (RaftServerProxy.java:addNew(89)) - bb544b94-2c29-446f-b248-ddf7606e91f4: addNew group-6E86CE23022E:[e9d0e0d0-c191-4593-8ede-e5f8bbf008c6:192.168.69.111:46169, bb544b94-2c29-446f-b248-ddf7606e91f4:192.168.69.111:40659, f860cc41-417e-4931-b71d-d109f40332d6:192.168.69.111:33978] returns group-6E86CE23022E:java.util.concurrent.CompletableFuture@8fed83c[Not completed]
2019-08-29 08:22:07,157 [grpc-default-executor-4] INFO  impl.RaftServerProxy (RaftServerProxy.java:addNew(89)) - f860cc41-417e-4931-b71d-d109f40332d6: addNew group-6E86CE23022E:[e9d0e0d0-c191-4593-8ede-e5f8bbf008c6:192.168.69.111:46169, bb544b94-2c29-446f-b248-ddf7606e91f4:192.168.69.111:40659, f860cc41-417e-4931-b71d-d109f40332d6:192.168.69.111:33978] returns group-6E86CE23022E:java.util.concurrent.CompletableFuture@1fc63f39[Not completed]
2019-08-29 08:22:07,158 [pool-433-thread-1] INFO  impl.RaftServerImpl (RaftServerImpl.java:<init>(93)) - e9d0e0d0-c191-4593-8ede-e5f8bbf008c6: new RaftServerImpl for group-6E86CE23022E:[e9d0e0d0-c191-4593-8ede-e5f8bbf008c6:192.168.69.111:46169, bb544b94-2c29-446f-b248-ddf7606e91f4:192.168.69.111:40659, f860cc41-417e-4931-b71d-d109f40332d6:192.168.69.111:33978] with ContainerStateMachine:uninitialized
2019-08-29 08:22:07,158 [pool-433-thread-1] INFO  server.RaftServerConfigKeys (ConfUtils.java:logGet(43)) - raft.server.rpc.timeout.min = 5s (custom)
2019-08-29 08:22:07,158 [pool-433-thread-1] INFO  server.RaftServerConfigKeys (ConfUtils.java:logGet(43)) - raft.server.rpc.timeout.max = 5200ms (custom)
2019-08-29 08:22:07,158 [pool-433-thread-1] INFO  server.RaftServerConfigKeys (ConfUtils.java:logGet(43)) - raft.server.rpcslowness.timeout = 120s (custom)
2019-08-29 08:22:07,158 [pool-422-thread-1] INFO  impl.RaftServerImpl (RaftServerImpl.java:<init>(93)) - f860cc41-417e-4931-b71d-d109f40332d6: new RaftServerImpl for group-6E86CE23022E:[e9d0e0d0-c191-4593-8ede-e5f8bbf008c6:192.168.69.111:46169, bb544b94-2c29-446f-b248-ddf7606e91f4:192.168.69.111:40659, f860cc41-417e-4931-b71d-d109f40332d6:192.168.69.111:33978] with ContainerStateMachine:uninitialized
2019-08-29 08:22:07,158 [pool-433-thread-1] INFO  server.RaftServerConfigKeys (ConfUtils.java:logGet(43)) - raft.server.sleep.deviation.threshold = 300 (default)
2019-08-29 08:22:07,159 [pool-422-thread-1] INFO  server.RaftServerConfigKeys (ConfUtils.java:logGet(43)) - raft.server.rpc.timeout.min = 5s (custom)
2019-08-29 08:22:07,159 [pool-411-thread-1] INFO  impl.RaftServerImpl (RaftServerImpl.java:<init>(93)) - bb544b94-2c29-446f-b248-ddf7606e91f4: new RaftServerImpl for group-6E86CE23022E:[e9d0e0d0-c191-4593-8ede-e5f8bbf008c6:192.168.69.111:46169, bb544b94-2c29-446f-b248-ddf7606e91f4:192.168.69.111:40659, f860cc41-417e-4931-b71d-d109f40332d6:192.168.69.111:33978] with ContainerStateMachine:uninitialized
2019-08-29 08:22:07,159 [pool-433-thread-1] INFO  server.RaftServerConfigKeys (ConfUtils.java:logGet(43)) - raft.server.log.appender.install.snapshot.enabled = false (custom)
2019-08-29 08:22:07,159 [pool-411-thread-1] INFO  server.RaftServerConfigKeys (ConfUtils.java:logGet(43)) - raft.server.rpc.timeout.min = 5s (custom)
2019-08-29 08:22:07,159 [pool-411-thread-1] INFO  server.RaftServerConfigKeys (ConfUtils.java:logGet(43)) - raft.server.rpc.timeout.max = 5200ms (custom)
2019-08-29 08:22:07,159 [pool-422-thread-1] INFO  server.RaftServerConfigKeys (ConfUtils.java:logGet(43)) - raft.server.rpc.timeout.max = 5200ms (custom)
2019-08-29 08:22:07,159 [pool-411-thread-1] INFO  server.RaftServerConfigKeys (ConfUtils.java:logGet(43)) - raft.server.rpcslowness.timeout = 120s (custom)
2019-08-29 08:22:07,159 [pool-433-thread-1] INFO  impl.RaftServerImpl (ServerState.java:<init>(105)) - e9d0e0d0-c191-4593-8ede-e5f8bbf008c6:group-6E86CE23022E ConfigurationManager, init=-1: [e9d0e0d0-c191-4593-8ede-e5f8bbf008c6:192.168.69.111:46169, bb544b94-2c29-446f-b248-ddf7606e91f4:192.168.69.111:40659, f860cc41-417e-4931-b71d-d109f40332d6:192.168.69.111:33978], old=null, confs=<EMPTY_MAP>
2019-08-29 08:22:07,160 [pool-411-thread-1] INFO  server.RaftServerConfigKeys (ConfUtils.java:logGet(43)) - raft.server.sleep.deviation.threshold = 300 (default)
2019-08-29 08:22:07,159 [pool-422-thread-1] INFO  server.RaftServerConfigKeys (ConfUtils.java:logGet(43)) - raft.server.rpcslowness.timeout = 120s (custom)
2019-08-29 08:22:07,160 [pool-433-thread-1] INFO  server.RaftServerConfigKeys (ConfUtils.java:logGet(43)) - raft.server.storage.dir = [/workdir/hadoop-ozone/integration-test/target/test-dir/MiniOzoneClusterImpl-019c98e8-05ee-4a70-81cf-496e8301b746/datanode-2/data/ratis] (custom)
2019-08-29 08:22:07,160 [pool-411-thread-1] INFO  server.RaftServerConfigKeys (ConfUtils.java:logGet(43)) - raft.server.log.appender.install.snapshot.enabled = false (custom)
2019-08-29 08:22:07,160 [pool-422-thread-1] INFO  server.RaftServerConfigKeys (ConfUtils.java:logGet(43)) - raft.server.sleep.deviation.threshold = 300 (default)
2019-08-29 08:22:07,160 [pool-411-thread-1] INFO  impl.RaftServerImpl (ServerState.java:<init>(105)) - bb544b94-2c29-446f-b248-ddf7606e91f4:group-6E86CE23022E ConfigurationManager, init=-1: [e9d0e0d0-c191-4593-8ede-e5f8bbf008c6:192.168.69.111:46169, bb544b94-2c29-446f-b248-ddf7606e91f4:192.168.69.111:40659, f860cc41-417e-4931-b71d-d109f40332d6:192.168.69.111:33978], old=null, confs=<EMPTY_MAP>
2019-08-29 08:22:07,160 [pool-422-thread-1] INFO  server.RaftServerConfigKeys (ConfUtils.java:logGet(43)) - raft.server.log.appender.install.snapshot.enabled = false (custom)
2019-08-29 08:22:07,160 [pool-411-thread-1] INFO  server.RaftServerConfigKeys (ConfUtils.java:logGet(43)) - raft.server.storage.dir = [/workdir/hadoop-ozone/integration-test/target/test-dir/MiniOzoneClusterImpl-019c98e8-05ee-4a70-81cf-496e8301b746/datanode-0/data/ratis] (custom)
2019-08-29 08:22:07,160 [pool-433-thread-1] INFO  storage.RaftStorageDirectory (RaftStorageDirectory.java:analyzeStorage(246)) - The storage directory /workdir/hadoop-ozone/integration-test/target/test-dir/MiniOzoneClusterImpl-019c98e8-05ee-4a70-81cf-496e8301b746/datanode-2/data/ratis/206e9bac-fb41-4f74-bc25-6e86ce23022e does not exist. Creating ...
2019-08-29 08:22:07,160 [pool-422-thread-1] INFO  impl.RaftServerImpl (ServerState.java:<init>(105)) - f860cc41-417e-4931-b71d-d109f40332d6:group-6E86CE23022E ConfigurationManager, init=-1: [e9d0e0d0-c191-4593-8ede-e5f8bbf008c6:192.168.69.111:46169, bb544b94-2c29-446f-b248-ddf7606e91f4:192.168.69.111:40659, f860cc41-417e-4931-b71d-d109f40332d6:192.168.69.111:33978], old=null, confs=<EMPTY_MAP>
2019-08-29 08:22:07,161 [pool-411-thread-1] INFO  storage.RaftStorageDirectory (RaftStorageDirectory.java:analyzeStorage(246)) - The storage directory /workdir/hadoop-ozone/integration-test/target/test-dir/MiniOzoneClusterImpl-019c98e8-05ee-4a70-81cf-496e8301b746/datanode-0/data/ratis/206e9bac-fb41-4f74-bc25-6e86ce23022e does not exist. Creating ...
2019-08-29 08:22:07,161 [pool-422-thread-1] INFO  server.RaftServerConfigKeys (ConfUtils.java:logGet(43)) - raft.server.storage.dir = [/workdir/hadoop-ozone/integration-test/target/test-dir/MiniOzoneClusterImpl-019c98e8-05ee-4a70-81cf-496e8301b746/datanode-1/data/ratis] (custom)
2019-08-29 08:22:07,161 [pool-422-thread-1] INFO  storage.RaftStorageDirectory (RaftStorageDirectory.java:analyzeStorage(246)) - The storage directory /workdir/hadoop-ozone/integration-test/target/test-dir/MiniOzoneClusterImpl-019c98e8-05ee-4a70-81cf-496e8301b746/datanode-1/data/ratis/206e9bac-fb41-4f74-bc25-6e86ce23022e does not exist. Creating ...
2019-08-29 08:22:07,171 [pool-411-thread-1] INFO  storage.RaftStorageDirectory (RaftStorageDirectory.java:tryLock(328)) - Lock on /workdir/hadoop-ozone/integration-test/target/test-dir/MiniOzoneClusterImpl-019c98e8-05ee-4a70-81cf-496e8301b746/datanode-0/data/ratis/206e9bac-fb41-4f74-bc25-6e86ce23022e/in_use.lock acquired by nodename 30949@pr-hdds-1569-g9zr9-4145101663
2019-08-29 08:22:07,171 [pool-433-thread-1] INFO  storage.RaftStorageDirectory (RaftStorageDirectory.java:tryLock(328)) - Lock on /workdir/hadoop-ozone/integration-test/target/test-dir/MiniOzoneClusterImpl-019c98e8-05ee-4a70-81cf-496e8301b746/datanode-2/data/ratis/206e9bac-fb41-4f74-bc25-6e86ce23022e/in_use.lock acquired by nodename 30949@pr-hdds-1569-g9zr9-4145101663
2019-08-29 08:22:07,171 [pool-422-thread-1] INFO  storage.RaftStorageDirectory (RaftStorageDirectory.java:tryLock(328)) - Lock on /workdir/hadoop-ozone/integration-test/target/test-dir/MiniOzoneClusterImpl-019c98e8-05ee-4a70-81cf-496e8301b746/datanode-1/data/ratis/206e9bac-fb41-4f74-bc25-6e86ce23022e/in_use.lock acquired by nodename 30949@pr-hdds-1569-g9zr9-4145101663
2019-08-29 08:22:07,181 [IPC Server handler 5 on 39363] INFO  net.NetworkTopology (NetworkTopologyImpl.java:add(110)) - Added a new node: /default-rack/71ce2075-8fc0-4ce0-bdf6-c2c365f6371a
2019-08-29 08:22:07,181 [IPC Server handler 5 on 39363] INFO  node.SCMNodeManager (SCMNodeManager.java:register(273)) - Registered Data node : 71ce2075-8fc0-4ce0-bdf6-c2c365f6371a{ip: 192.168.69.111, host: pr-hdds-1569-g9zr9-4145101663, networkLocation: /default-rack, certSerialId: null}
2019-08-29 08:22:07,181 | INFO  | SCMAudit | user=jenkins1000 | ip=192.168.69.111 | op=REGISTER {datanodeDetails=71ce2075-8fc0-4ce0-bdf6-c2c365f6371a{ip: 192.168.69.111, host: pr-hdds-1569-g9zr9-4145101663, networkLocation: /default-rack, certSerialId: null}} | ret=SUCCESS |  
2019-08-29 08:22:07,212 [pool-433-thread-1] INFO  storage.RaftStorage (RaftStorage.java:format(72)) - Storage directory /workdir/hadoop-ozone/integration-test/target/test-dir/MiniOzoneClusterImpl-019c98e8-05ee-4a70-81cf-496e8301b746/datanode-2/data/ratis/206e9bac-fb41-4f74-bc25-6e86ce23022e has been successfully formatted.
2019-08-29 08:22:07,212 [pool-422-thread-1] INFO  storage.RaftStorage (RaftStorage.java:format(72)) - Storage directory /workdir/hadoop-ozone/integration-test/target/test-dir/MiniOzoneClusterImpl-019c98e8-05ee-4a70-81cf-496e8301b746/datanode-1/data/ratis/206e9bac-fb41-4f74-bc25-6e86ce23022e has been successfully formatted.
2019-08-29 08:22:07,212 [pool-433-thread-1] INFO  ratis.ContainerStateMachine (ContainerStateMachine.java:loadSnapshot(226)) - group-6E86CE23022E: The snapshot info is null. Setting the last applied indexto:(t:0, i:~)
2019-08-29 08:22:07,212 [pool-411-thread-1] INFO  storage.RaftStorage (RaftStorage.java:format(72)) - Storage directory /workdir/hadoop-ozone/integration-test/target/test-dir/MiniOzoneClusterImpl-019c98e8-05ee-4a70-81cf-496e8301b746/datanode-0/data/ratis/206e9bac-fb41-4f74-bc25-6e86ce23022e has been successfully formatted.
2019-08-29 08:22:07,213 [pool-422-thread-1] INFO  ratis.ContainerStateMachine (ContainerStateMachine.java:loadSnapshot(226)) - group-6E86CE23022E: The snapshot info is null. Setting the last applied indexto:(t:0, i:~)
2019-08-29 08:22:07,213 [pool-433-thread-1] INFO  server.RaftServerConfigKeys (ConfUtils.java:logGet(43)) - raft.server.leader.election.timeout = 120s (custom)
2019-08-29 08:22:07,213 [pool-422-thread-1] INFO  server.RaftServerConfigKeys (ConfUtils.java:logGet(43)) - raft.server.leader.election.timeout = 120s (custom)
2019-08-29 08:22:07,213 [pool-411-thread-1] INFO  ratis.ContainerStateMachine (ContainerStateMachine.java:loadSnapshot(226)) - group-6E86CE23022E: The snapshot info is null. Setting the last applied indexto:(t:0, i:~)
2019-08-29 08:22:07,213 [pool-422-thread-1] INFO  server.RaftServerConfigKeys (ConfUtils.java:logGet(43)) - raft.server.log.use.memory = false (default)
2019-08-29 08:22:07,213 [pool-433-thread-1] INFO  server.RaftServerConfigKeys (ConfUtils.java:logGet(43)) - raft.server.log.use.memory = false (default)
2019-08-29 08:22:07,213 [pool-422-thread-1] INFO  server.RaftServerConfigKeys (ConfUtils.java:logGet(43)) - raft.server.log.purge.gap = 1000000 (custom)
2019-08-29 08:22:07,213 [pool-411-thread-1] INFO  server.RaftServerConfigKeys (ConfUtils.java:logGet(43)) - raft.server.leader.election.timeout = 120s (custom)
2019-08-29 08:22:07,214 [pool-422-thread-1] INFO  server.RaftServerConfigKeys (ConfUtils.java:logGet(43)) - raft.server.log.appender.buffer.byte-limit = 33554432 (custom)
2019-08-29 08:22:07,214 [pool-433-thread-1] INFO  server.RaftServerConfigKeys (ConfUtils.java:logGet(43)) - raft.server.log.purge.gap = 1000000 (custom)
2019-08-29 08:22:07,214 [pool-422-thread-1] INFO  server.RaftServerConfigKeys (ConfUtils.java:logGet(43)) - raft.server.log.segment.size.max = 1048576 (custom)
2019-08-29 08:22:07,214 [pool-411-thread-1] INFO  server.RaftServerConfigKeys (ConfUtils.java:logGet(43)) - raft.server.log.use.memory = false (default)
2019-08-29 08:22:07,214 [pool-422-thread-1] INFO  server.RaftServerConfigKeys (ConfUtils.java:logGet(43)) - raft.server.log.segment.cache.num.max = 2 (custom)
2019-08-29 08:22:07,214 [pool-433-thread-1] INFO  server.RaftServerConfigKeys (ConfUtils.java:logGet(43)) - raft.server.log.appender.buffer.byte-limit = 33554432 (custom)
2019-08-29 08:22:07,215 [pool-422-thread-1] INFO  segmented.SegmentedRaftLogWorker (SegmentedRaftLogWorker.java:<init>(172)) - new f860cc41-417e-4931-b71d-d109f40332d6-SegmentedRaftLogWorker:Storage Directory /workdir/hadoop-ozone/integration-test/target/test-dir/MiniOzoneClusterImpl-019c98e8-05ee-4a70-81cf-496e8301b746/datanode-1/data/ratis/206e9bac-fb41-4f74-bc25-6e86ce23022e for RaftStorage:Storage Directory /workdir/hadoop-ozone/integration-test/target/test-dir/MiniOzoneClusterImpl-019c98e8-05ee-4a70-81cf-496e8301b746/datanode-1/data/ratis/206e9bac-fb41-4f74-bc25-6e86ce23022e
2019-08-29 08:22:07,215 [pool-411-thread-1] INFO  server.RaftServerConfigKeys (ConfUtils.java:logGet(43)) - raft.server.log.purge.gap = 1000000 (custom)
2019-08-29 08:22:07,215 [pool-422-thread-1] INFO  server.RaftServerConfigKeys (ConfUtils.java:logGet(43)) - raft.server.log.queue.byte-limit = 2147483647 (custom)
2019-08-29 08:22:07,215 [pool-433-thread-1] INFO  server.RaftServerConfigKeys (ConfUtils.java:logGet(43)) - raft.server.log.segment.size.max = 1048576 (custom)
2019-08-29 08:22:07,216 [pool-422-thread-1] INFO  server.RaftServerConfigKeys (ConfUtils.java:logGet(43)) - raft.server.log.queue.element-limit = 1024 (custom)
2019-08-29 08:22:07,215 [pool-411-thread-1] INFO  server.RaftServerConfigKeys (ConfUtils.java:logGet(43)) - raft.server.log.appender.buffer.byte-limit = 33554432 (custom)
2019-08-29 08:22:07,216 [pool-422-thread-1] INFO  server.RaftServerConfigKeys (ConfUtils.java:logGet(43)) - raft.server.log.segment.size.max = 1048576 (custom)
2019-08-29 08:22:07,216 [pool-433-thread-1] INFO  server.RaftServerConfigKeys (ConfUtils.java:logGet(43)) - raft.server.log.segment.cache.num.max = 2 (custom)
2019-08-29 08:22:07,216 [pool-422-thread-1] INFO  server.RaftServerConfigKeys (ConfUtils.java:logGet(43)) - raft.server.log.preallocated.size = 16384 (custom)
2019-08-29 08:22:07,216 [pool-411-thread-1] INFO  server.RaftServerConfigKeys (ConfUtils.java:logGet(43)) - raft.server.log.segment.size.max = 1048576 (custom)
2019-08-29 08:22:07,217 [pool-422-thread-1] INFO  server.RaftServerConfigKeys (ConfUtils.java:logGet(43)) - raft.server.log.write.buffer.size = 33554432 (custom)
2019-08-29 08:22:07,217 [pool-433-thread-1] INFO  segmented.SegmentedRaftLogWorker (SegmentedRaftLogWorker.java:<init>(172)) - new e9d0e0d0-c191-4593-8ede-e5f8bbf008c6-SegmentedRaftLogWorker:Storage Directory /workdir/hadoop-ozone/integration-test/target/test-dir/MiniOzoneClusterImpl-019c98e8-05ee-4a70-81cf-496e8301b746/datanode-2/data/ratis/206e9bac-fb41-4f74-bc25-6e86ce23022e for RaftStorage:Storage Directory /workdir/hadoop-ozone/integration-test/target/test-dir/MiniOzoneClusterImpl-019c98e8-05ee-4a70-81cf-496e8301b746/datanode-2/data/ratis/206e9bac-fb41-4f74-bc25-6e86ce23022e
2019-08-29 08:22:07,217 [pool-422-thread-1] INFO  server.RaftServerConfigKeys (ConfUtils.java:logGet(43)) - raft.server.log.force.sync.num = 128 (default)
2019-08-29 08:22:07,217 [pool-411-thread-1] INFO  server.RaftServerConfigKeys (ConfUtils.java:logGet(43)) - raft.server.log.segment.cache.num.max = 2 (custom)
2019-08-29 08:22:07,217 [pool-422-thread-1] INFO  server.RaftServerConfigKeys (ConfUtils.java:logGet(43)) - raft.server.log.statemachine.data.sync = true (default)
2019-08-29 08:22:07,217 [pool-433-thread-1] INFO  server.RaftServerConfigKeys (ConfUtils.java:logGet(43)) - raft.server.log.queue.byte-limit = 2147483647 (custom)
2019-08-29 08:22:07,218 [pool-422-thread-1] INFO  server.RaftServerConfigKeys (ConfUtils.java:logGet(43)) - raft.server.log.statemachine.data.sync.timeout = 10s (default)
2019-08-29 08:22:07,218 [pool-411-thread-1] INFO  segmented.SegmentedRaftLogWorker (SegmentedRaftLogWorker.java:<init>(172)) - new bb544b94-2c29-446f-b248-ddf7606e91f4-SegmentedRaftLogWorker:Storage Directory /workdir/hadoop-ozone/integration-test/target/test-dir/MiniOzoneClusterImpl-019c98e8-05ee-4a70-81cf-496e8301b746/datanode-0/data/ratis/206e9bac-fb41-4f74-bc25-6e86ce23022e for RaftStorage:Storage Directory /workdir/hadoop-ozone/integration-test/target/test-dir/MiniOzoneClusterImpl-019c98e8-05ee-4a70-81cf-496e8301b746/datanode-0/data/ratis/206e9bac-fb41-4f74-bc25-6e86ce23022e
2019-08-29 08:22:07,218 [pool-422-thread-1] INFO  server.RaftServerConfigKeys (ConfUtils.java:logGet(43)) - raft.server.log.statemachine.data.sync.timeout.retry = -1 (default)
2019-08-29 08:22:07,218 [pool-433-thread-1] INFO  server.RaftServerConfigKeys (ConfUtils.java:logGet(43)) - raft.server.log.queue.element-limit = 1024 (custom)
2019-08-29 08:22:07,219 [pool-422-thread-1] INFO  server.RaftServerConfigKeys (ConfUtils.java:logGet(43)) - raft.server.log.statemachine.data.caching.enabled = true (custom)
2019-08-29 08:22:07,218 [pool-411-thread-1] INFO  server.RaftServerConfigKeys (ConfUtils.java:logGet(43)) - raft.server.log.queue.byte-limit = 2147483647 (custom)
2019-08-29 08:22:07,219 [pool-433-thread-1] INFO  server.RaftServerConfigKeys (ConfUtils.java:logGet(43)) - raft.server.log.segment.size.max = 1048576 (custom)
2019-08-29 08:22:07,219 [pool-422-thread-1] INFO  segmented.SegmentedRaftLogWorker (SegmentedRaftLogWorker.java:lambda$new$0(132)) - f860cc41-417e-4931-b71d-d109f40332d6-SegmentedRaftLogWorker:Storage Directory /workdir/hadoop-ozone/integration-test/target/test-dir/MiniOzoneClusterImpl-019c98e8-05ee-4a70-81cf-496e8301b746/datanode-1/data/ratis/206e9bac-fb41-4f74-bc25-6e86ce23022e: flushIndex: setUnconditionally 0 -> -1
2019-08-29 08:22:07,219 [pool-411-thread-1] INFO  server.RaftServerConfigKeys (ConfUtils.java:logGet(43)) - raft.server.log.queue.element-limit = 1024 (custom)
2019-08-29 08:22:07,219 [pool-433-thread-1] INFO  server.RaftServerConfigKeys (ConfUtils.java:logGet(43)) - raft.server.log.preallocated.size = 16384 (custom)
2019-08-29 08:22:07,220 [pool-411-thread-1] INFO  server.RaftServerConfigKeys (ConfUtils.java:logGet(43)) - raft.server.log.segment.size.max = 1048576 (custom)
2019-08-29 08:22:07,220 [pool-422-thread-1] INFO  server.RaftServerConfigKeys (ConfUtils.java:logGet(43)) - raft.server.snapshot.auto.trigger.enabled = true (custom)
2019-08-29 08:22:07,220 [pool-411-thread-1] INFO  server.RaftServerConfigKeys (ConfUtils.java:logGet(43)) - raft.server.log.preallocated.size = 16384 (custom)
2019-08-29 08:22:07,220 [pool-433-thread-1] INFO  server.RaftServerConfigKeys (ConfUtils.java:logGet(43)) - raft.server.log.write.buffer.size = 33554432 (custom)
2019-08-29 08:22:07,220 [pool-411-thread-1] INFO  server.RaftServerConfigKeys (ConfUtils.java:logGet(43)) - raft.server.log.write.buffer.size = 33554432 (custom)
2019-08-29 08:22:07,221 [pool-411-thread-1] INFO  server.RaftServerConfigKeys (ConfUtils.java:logGet(43)) - raft.server.log.force.sync.num = 128 (default)
2019-08-29 08:22:07,220 [pool-422-thread-1] INFO  server.RaftServerConfigKeys (ConfUtils.java:logGet(43)) - raft.server.snapshot.auto.trigger.threshold = 10000 (custom)
2019-08-29 08:22:07,221 [pool-411-thread-1] INFO  server.RaftServerConfigKeys (ConfUtils.java:logGet(43)) - raft.server.log.statemachine.data.sync = true (default)
2019-08-29 08:22:07,220 [pool-433-thread-1] INFO  server.RaftServerConfigKeys (ConfUtils.java:logGet(43)) - raft.server.log.force.sync.num = 128 (default)
2019-08-29 08:22:07,221 [pool-411-thread-1] INFO  server.RaftServerConfigKeys (ConfUtils.java:logGet(43)) - raft.server.log.statemachine.data.sync.timeout = 10s (default)
2019-08-29 08:22:07,221 [pool-422-thread-1] INFO  server.RaftServerConfigKeys (ConfUtils.java:logGet(43)) - raft.server.retrycache.expirytime = 600000ms (custom)
2019-08-29 08:22:07,221 [pool-411-thread-1] INFO  server.RaftServerConfigKeys (ConfUtils.java:logGet(43)) - raft.server.log.statemachine.data.sync.timeout.retry = -1 (default)
2019-08-29 08:22:07,221 [pool-433-thread-1] INFO  server.RaftServerConfigKeys (ConfUtils.java:logGet(43)) - raft.server.log.statemachine.data.sync = true (default)
2019-08-29 08:22:07,222 [pool-411-thread-1] INFO  server.RaftServerConfigKeys (ConfUtils.java:logGet(43)) - raft.server.log.statemachine.data.caching.enabled = true (custom)
2019-08-29 08:22:07,222 [pool-422-thread-1] INFO  impl.RaftServerImpl (RaftServerImpl.java:start(180)) - f860cc41-417e-4931-b71d-d109f40332d6: start group-6E86CE23022E
2019-08-29 08:22:07,222 [pool-433-thread-1] INFO  server.RaftServerConfigKeys (ConfUtils.java:logGet(43)) - raft.server.log.statemachine.data.sync.timeout = 10s (default)
2019-08-29 08:22:07,222 [pool-411-thread-1] INFO  segmented.SegmentedRaftLogWorker (SegmentedRaftLogWorker.java:lambda$new$0(132)) - bb544b94-2c29-446f-b248-ddf7606e91f4-SegmentedRaftLogWorker:Storage Directory /workdir/hadoop-ozone/integration-test/target/test-dir/MiniOzoneClusterImpl-019c98e8-05ee-4a70-81cf-496e8301b746/datanode-0/data/ratis/206e9bac-fb41-4f74-bc25-6e86ce23022e: flushIndex: setUnconditionally 0 -> -1
2019-08-29 08:22:07,222 [pool-422-thread-1] INFO  impl.RaftServerImpl (RaftServerImpl.java:setRole(171)) - f860cc41-417e-4931-b71d-d109f40332d6:group-6E86CE23022E changes role from null to FOLLOWER at term 0 for startAsFollower
2019-08-29 08:22:07,222 [pool-433-thread-1] INFO  server.RaftServerConfigKeys (ConfUtils.java:logGet(43)) - raft.server.log.statemachine.data.sync.timeout.retry = -1 (default)
2019-08-29 08:22:07,223 [pool-422-thread-1] INFO  impl.RoleInfo (RoleInfo.java:updateAndGet(143)) - f860cc41-417e-4931-b71d-d109f40332d6: start FollowerState
2019-08-29 08:22:07,223 [pool-411-thread-1] INFO  server.RaftServerConfigKeys (ConfUtils.java:logGet(43)) - raft.server.snapshot.auto.trigger.enabled = true (custom)
2019-08-29 08:22:07,223 [pool-433-thread-1] INFO  server.RaftServerConfigKeys (ConfUtils.java:logGet(43)) - raft.server.log.statemachine.data.caching.enabled = true (custom)
2019-08-29 08:22:07,223 [pool-411-thread-1] INFO  server.RaftServerConfigKeys (ConfUtils.java:logGet(43)) - raft.server.snapshot.auto.trigger.threshold = 10000 (custom)
2019-08-29 08:22:07,223 [pool-422-thread-1] INFO  util.JmxRegister (JmxRegister.java:tryRegister(44)) - Successfully registered JMX Bean with object name Ratis:service=RaftServer,group=group-6E86CE23022E,id=f860cc41-417e-4931-b71d-d109f40332d6
2019-08-29 08:22:07,223 [pool-433-thread-1] INFO  segmented.SegmentedRaftLogWorker (SegmentedRaftLogWorker.java:lambda$new$0(132)) - e9d0e0d0-c191-4593-8ede-e5f8bbf008c6-SegmentedRaftLogWorker:Storage Directory /workdir/hadoop-ozone/integration-test/target/test-dir/MiniOzoneClusterImpl-019c98e8-05ee-4a70-81cf-496e8301b746/datanode-2/data/ratis/206e9bac-fb41-4f74-bc25-6e86ce23022e: flushIndex: setUnconditionally 0 -> -1
2019-08-29 08:22:07,223 [pool-411-thread-1] INFO  server.RaftServerConfigKeys (ConfUtils.java:logGet(43)) - raft.server.retrycache.expirytime = 600000ms (custom)
2019-08-29 08:22:07,224 [pool-411-thread-1] INFO  impl.RaftServerImpl (RaftServerImpl.java:start(180)) - bb544b94-2c29-446f-b248-ddf7606e91f4: start group-6E86CE23022E
2019-08-29 08:22:07,224 [pool-433-thread-1] INFO  server.RaftServerConfigKeys (ConfUtils.java:logGet(43)) - raft.server.snapshot.auto.trigger.enabled = true (custom)
2019-08-29 08:22:07,224 [pool-411-thread-1] INFO  impl.RaftServerImpl (RaftServerImpl.java:setRole(171)) - bb544b94-2c29-446f-b248-ddf7606e91f4:group-6E86CE23022E changes role from null to FOLLOWER at term 0 for startAsFollower
2019-08-29 08:22:07,224 [pool-433-thread-1] INFO  server.RaftServerConfigKeys (ConfUtils.java:logGet(43)) - raft.server.snapshot.auto.trigger.threshold = 10000 (custom)
2019-08-29 08:22:07,224 [pool-411-thread-1] INFO  impl.RoleInfo (RoleInfo.java:updateAndGet(143)) - bb544b94-2c29-446f-b248-ddf7606e91f4: start FollowerState
2019-08-29 08:22:07,224 [pool-433-thread-1] INFO  server.RaftServerConfigKeys (ConfUtils.java:logGet(43)) - raft.server.retrycache.expirytime = 600000ms (custom)
2019-08-29 08:22:07,225 [pool-433-thread-1] INFO  impl.RaftServerImpl (RaftServerImpl.java:start(180)) - e9d0e0d0-c191-4593-8ede-e5f8bbf008c6: start group-6E86CE23022E
2019-08-29 08:22:07,225 [pool-411-thread-1] INFO  util.JmxRegister (JmxRegister.java:tryRegister(44)) - Successfully registered JMX Bean with object name Ratis:service=RaftServer,group=group-6E86CE23022E,id=bb544b94-2c29-446f-b248-ddf7606e91f4
2019-08-29 08:22:07,225 [pool-433-thread-1] INFO  impl.RaftServerImpl (RaftServerImpl.java:setRole(171)) - e9d0e0d0-c191-4593-8ede-e5f8bbf008c6:group-6E86CE23022E changes role from null to FOLLOWER at term 0 for startAsFollower
2019-08-29 08:22:07,225 [pool-433-thread-1] INFO  impl.RoleInfo (RoleInfo.java:updateAndGet(143)) - e9d0e0d0-c191-4593-8ede-e5f8bbf008c6: start FollowerState
2019-08-29 08:22:07,226 [pool-433-thread-1] INFO  util.JmxRegister (JmxRegister.java:tryRegister(44)) - Successfully registered JMX Bean with object name Ratis:service=RaftServer,group=group-6E86CE23022E,id=e9d0e0d0-c191-4593-8ede-e5f8bbf008c6
2019-08-29 08:22:07,228 [RatisPipelineUtilsThread] INFO  pipeline.PipelineStateManager (PipelineStateManager.java:addPipeline(56)) - Created pipeline Pipeline[ Id: 206e9bac-fb41-4f74-bc25-6e86ce23022e, Nodes: e9d0e0d0-c191-4593-8ede-e5f8bbf008c6{ip: 192.168.69.111, host: pr-hdds-1569-g9zr9-4145101663, networkLocation: /default-rack, certSerialId: null}bb544b94-2c29-446f-b248-ddf7606e91f4{ip: 192.168.69.111, host: pr-hdds-1569-g9zr9-4145101663, networkLocation: /default-rack, certSerialId: null}f860cc41-417e-4931-b71d-d109f40332d6{ip: 192.168.69.111, host: pr-hdds-1569-g9zr9-4145101663, networkLocation: /default-rack, certSerialId: null}, Type:RATIS, Factor:THREE, State:OPEN]
2019-08-29 08:22:07,363 [IPC Server handler 0 on 39363] INFO  net.NetworkTopology (NetworkTopologyImpl.java:add(110)) - Added a new node: /default-rack/b160e95c-e176-445b-9898-2ea637c3111e
2019-08-29 08:22:07,364 [IPC Server handler 0 on 39363] INFO  node.SCMNodeManager (SCMNodeManager.java:register(273)) - Registered Data node : b160e95c-e176-445b-9898-2ea637c3111e{ip: 192.168.69.111, host: pr-hdds-1569-g9zr9-4145101663, networkLocation: /default-rack, certSerialId: null}
2019-08-29 08:22:07,364 | INFO  | SCMAudit | user=jenkins1000 | ip=192.168.69.111 | op=REGISTER {datanodeDetails=b160e95c-e176-445b-9898-2ea637c3111e{ip: 192.168.69.111, host: pr-hdds-1569-g9zr9-4145101663, networkLocation: /default-rack, certSerialId: null}} | ret=SUCCESS |  
2019-08-29 08:22:07,370 [grpc-default-executor-4] INFO  impl.RaftServerProxy (RaftServerProxy.java:addNew(89)) - 71ce2075-8fc0-4ce0-bdf6-c2c365f6371a: addNew group-FE6BBCEC7F20:[71ce2075-8fc0-4ce0-bdf6-c2c365f6371a:192.168.69.111:43546] returns group-FE6BBCEC7F20:java.util.concurrent.CompletableFuture@5ffbd2a[Not completed]
2019-08-29 08:22:07,371 [pool-444-thread-1] INFO  impl.RaftServerImpl (RaftServerImpl.java:<init>(93)) - 71ce2075-8fc0-4ce0-bdf6-c2c365f6371a: new RaftServerImpl for group-FE6BBCEC7F20:[71ce2075-8fc0-4ce0-bdf6-c2c365f6371a:192.168.69.111:43546] with ContainerStateMachine:uninitialized
2019-08-29 08:22:07,371 [pool-444-thread-1] INFO  server.RaftServerConfigKeys (ConfUtils.java:logGet(43)) - raft.server.rpc.timeout.min = 5s (custom)
2019-08-29 08:22:07,371 [pool-444-thread-1] INFO  server.RaftServerConfigKeys (ConfUtils.java:logGet(43)) - raft.server.rpc.timeout.max = 5200ms (custom)
2019-08-29 08:22:07,371 [pool-444-thread-1] INFO  server.RaftServerConfigKeys (ConfUtils.java:logGet(43)) - raft.server.rpcslowness.timeout = 120s (custom)
2019-08-29 08:22:07,371 [pool-444-thread-1] INFO  server.RaftServerConfigKeys (ConfUtils.java:logGet(43)) - raft.server.sleep.deviation.threshold = 300 (default)
2019-08-29 08:22:07,371 [pool-444-thread-1] INFO  server.RaftServerConfigKeys (ConfUtils.java:logGet(43)) - raft.server.log.appender.install.snapshot.enabled = false (custom)
2019-08-29 08:22:07,371 [pool-444-thread-1] INFO  impl.RaftServerImpl (ServerState.java:<init>(105)) - 71ce2075-8fc0-4ce0-bdf6-c2c365f6371a:group-FE6BBCEC7F20 ConfigurationManager, init=-1: [71ce2075-8fc0-4ce0-bdf6-c2c365f6371a:192.168.69.111:43546], old=null, confs=<EMPTY_MAP>
2019-08-29 08:22:07,372 [pool-444-thread-1] INFO  server.RaftServerConfigKeys (ConfUtils.java:logGet(43)) - raft.server.storage.dir = [/workdir/hadoop-ozone/integration-test/target/test-dir/MiniOzoneClusterImpl-019c98e8-05ee-4a70-81cf-496e8301b746/datanode-3/data/ratis] (custom)
2019-08-29 08:22:07,372 [pool-444-thread-1] INFO  storage.RaftStorageDirectory (RaftStorageDirectory.java:analyzeStorage(246)) - The storage directory /workdir/hadoop-ozone/integration-test/target/test-dir/MiniOzoneClusterImpl-019c98e8-05ee-4a70-81cf-496e8301b746/datanode-3/data/ratis/55269900-a1ac-4250-b26b-fe6bbcec7f20 does not exist. Creating ...
2019-08-29 08:22:07,396 [pool-444-thread-1] INFO  storage.RaftStorageDirectory (RaftStorageDirectory.java:tryLock(328)) - Lock on /workdir/hadoop-ozone/integration-test/target/test-dir/MiniOzoneClusterImpl-019c98e8-05ee-4a70-81cf-496e8301b746/datanode-3/data/ratis/55269900-a1ac-4250-b26b-fe6bbcec7f20/in_use.lock acquired by nodename 30949@pr-hdds-1569-g9zr9-4145101663
2019-08-29 08:22:07,421 [pool-444-thread-1] INFO  storage.RaftStorage (RaftStorage.java:format(72)) - Storage directory /workdir/hadoop-ozone/integration-test/target/test-dir/MiniOzoneClusterImpl-019c98e8-05ee-4a70-81cf-496e8301b746/datanode-3/data/ratis/55269900-a1ac-4250-b26b-fe6bbcec7f20 has been successfully formatted.
2019-08-29 08:22:07,422 [pool-444-thread-1] INFO  ratis.ContainerStateMachine (ContainerStateMachine.java:loadSnapshot(226)) - group-FE6BBCEC7F20: The snapshot info is null. Setting the last applied indexto:(t:0, i:~)
2019-08-29 08:22:07,422 [pool-444-thread-1] INFO  server.RaftServerConfigKeys (ConfUtils.java:logGet(43)) - raft.server.leader.election.timeout = 120s (custom)
2019-08-29 08:22:07,422 [pool-444-thread-1] INFO  server.RaftServerConfigKeys (ConfUtils.java:logGet(43)) - raft.server.log.use.memory = false (default)
2019-08-29 08:22:07,422 [pool-444-thread-1] INFO  server.RaftServerConfigKeys (ConfUtils.java:logGet(43)) - raft.server.log.purge.gap = 1000000 (custom)
2019-08-29 08:22:07,422 [pool-444-thread-1] INFO  server.RaftServerConfigKeys (ConfUtils.java:logGet(43)) - raft.server.log.appender.buffer.byte-limit = 33554432 (custom)
2019-08-29 08:22:07,422 [pool-444-thread-1] INFO  server.RaftServerConfigKeys (ConfUtils.java:logGet(43)) - raft.server.log.segment.size.max = 1048576 (custom)
2019-08-29 08:22:07,422 [pool-444-thread-1] INFO  server.RaftServerConfigKeys (ConfUtils.java:logGet(43)) - raft.server.log.segment.cache.num.max = 2 (custom)
2019-08-29 08:22:07,422 [pool-444-thread-1] INFO  segmented.SegmentedRaftLogWorker (SegmentedRaftLogWorker.java:<init>(172)) - new 71ce2075-8fc0-4ce0-bdf6-c2c365f6371a-SegmentedRaftLogWorker:Storage Directory /workdir/hadoop-ozone/integration-test/target/test-dir/MiniOzoneClusterImpl-019c98e8-05ee-4a70-81cf-496e8301b746/datanode-3/data/ratis/55269900-a1ac-4250-b26b-fe6bbcec7f20 for RaftStorage:Storage Directory /workdir/hadoop-ozone/integration-test/target/test-dir/MiniOzoneClusterImpl-019c98e8-05ee-4a70-81cf-496e8301b746/datanode-3/data/ratis/55269900-a1ac-4250-b26b-fe6bbcec7f20
2019-08-29 08:22:07,422 [pool-444-thread-1] INFO  server.RaftServerConfigKeys (ConfUtils.java:logGet(43)) - raft.server.log.queue.byte-limit = 2147483647 (custom)
2019-08-29 08:22:07,423 [pool-444-thread-1] INFO  server.RaftServerConfigKeys (ConfUtils.java:logGet(43)) - raft.server.log.queue.element-limit = 1024 (custom)
2019-08-29 08:22:07,423 [pool-444-thread-1] INFO  server.RaftServerConfigKeys (ConfUtils.java:logGet(43)) - raft.server.log.segment.size.max = 1048576 (custom)
2019-08-29 08:22:07,423 [pool-444-thread-1] INFO  server.RaftServerConfigKeys (ConfUtils.java:logGet(43)) - raft.server.log.preallocated.size = 16384 (custom)
2019-08-29 08:22:07,423 [pool-444-thread-1] INFO  server.RaftServerConfigKeys (ConfUtils.java:logGet(43)) - raft.server.log.write.buffer.size = 33554432 (custom)
2019-08-29 08:22:07,423 [pool-444-thread-1] INFO  server.RaftServerConfigKeys (ConfUtils.java:logGet(43)) - raft.server.log.force.sync.num = 128 (default)
2019-08-29 08:22:07,423 [pool-444-thread-1] INFO  server.RaftServerConfigKeys (ConfUtils.java:logGet(43)) - raft.server.log.statemachine.data.sync = true (default)
2019-08-29 08:22:07,423 [pool-444-thread-1] INFO  server.RaftServerConfigKeys (ConfUtils.java:logGet(43)) - raft.server.log.statemachine.data.sync.timeout = 10s (default)
2019-08-29 08:22:07,423 [pool-444-thread-1] INFO  server.RaftServerConfigKeys (ConfUtils.java:logGet(43)) - raft.server.log.statemachine.data.sync.timeout.retry = -1 (default)
2019-08-29 08:22:07,424 [pool-444-thread-1] INFO  server.RaftServerConfigKeys (ConfUtils.java:logGet(43)) - raft.server.log.statemachine.data.caching.enabled = true (custom)
2019-08-29 08:22:07,424 [pool-444-thread-1] INFO  segmented.SegmentedRaftLogWorker (SegmentedRaftLogWorker.java:lambda$new$0(132)) - 71ce2075-8fc0-4ce0-bdf6-c2c365f6371a-SegmentedRaftLogWorker:Storage Directory /workdir/hadoop-ozone/integration-test/target/test-dir/MiniOzoneClusterImpl-019c98e8-05ee-4a70-81cf-496e8301b746/datanode-3/data/ratis/55269900-a1ac-4250-b26b-fe6bbcec7f20: flushIndex: setUnconditionally 0 -> -1
2019-08-29 08:22:07,424 [pool-444-thread-1] INFO  server.RaftServerConfigKeys (ConfUtils.java:logGet(43)) - raft.server.snapshot.auto.trigger.enabled = true (custom)
2019-08-29 08:22:07,424 [pool-444-thread-1] INFO  server.RaftServerConfigKeys (ConfUtils.java:logGet(43)) - raft.server.snapshot.auto.trigger.threshold = 10000 (custom)
2019-08-29 08:22:07,424 [pool-444-thread-1] INFO  server.RaftServerConfigKeys (ConfUtils.java:logGet(43)) - raft.server.retrycache.expirytime = 600000ms (custom)
2019-08-29 08:22:07,424 [pool-444-thread-1] INFO  impl.RaftServerImpl (RaftServerImpl.java:start(180)) - 71ce2075-8fc0-4ce0-bdf6-c2c365f6371a: start group-FE6BBCEC7F20
2019-08-29 08:22:07,425 [pool-444-thread-1] INFO  impl.RaftServerImpl (RaftServerImpl.java:setRole(171)) - 71ce2075-8fc0-4ce0-bdf6-c2c365f6371a:group-FE6BBCEC7F20 changes role from null to FOLLOWER at term 0 for startAsFollower
2019-08-29 08:22:07,425 [pool-444-thread-1] INFO  impl.RoleInfo (RoleInfo.java:updateAndGet(143)) - 71ce2075-8fc0-4ce0-bdf6-c2c365f6371a: start FollowerState
2019-08-29 08:22:07,425 [pool-444-thread-1] INFO  util.JmxRegister (JmxRegister.java:tryRegister(44)) - Successfully registered JMX Bean with object name Ratis:service=RaftServer,group=group-FE6BBCEC7F20,id=71ce2075-8fc0-4ce0-bdf6-c2c365f6371a
2019-08-29 08:22:07,427 [RatisPipelineUtilsThread] INFO  pipeline.PipelineStateManager (PipelineStateManager.java:addPipeline(56)) - Created pipeline Pipeline[ Id: 55269900-a1ac-4250-b26b-fe6bbcec7f20, Nodes: 71ce2075-8fc0-4ce0-bdf6-c2c365f6371a{ip: 192.168.69.111, host: pr-hdds-1569-g9zr9-4145101663, networkLocation: /default-rack, certSerialId: null}, Type:RATIS, Factor:ONE, State:OPEN]
2019-08-29 08:22:07,441 [grpc-default-executor-4] INFO  impl.RaftServerProxy (RaftServerProxy.java:addNew(89)) - b160e95c-e176-445b-9898-2ea637c3111e: addNew group-BBAD912C9F33:[b160e95c-e176-445b-9898-2ea637c3111e:192.168.69.111:45193] returns group-BBAD912C9F33:java.util.concurrent.CompletableFuture@42209e7[Not completed]
2019-08-29 08:22:07,442 [pool-455-thread-1] INFO  impl.RaftServerImpl (RaftServerImpl.java:<init>(93)) - b160e95c-e176-445b-9898-2ea637c3111e: new RaftServerImpl for group-BBAD912C9F33:[b160e95c-e176-445b-9898-2ea637c3111e:192.168.69.111:45193] with ContainerStateMachine:uninitialized
2019-08-29 08:22:07,442 [pool-455-thread-1] INFO  server.RaftServerConfigKeys (ConfUtils.java:logGet(43)) - raft.server.rpc.timeout.min = 5s (custom)
2019-08-29 08:22:07,442 [pool-455-thread-1] INFO  server.RaftServerConfigKeys (ConfUtils.java:logGet(43)) - raft.server.rpc.timeout.max = 5200ms (custom)
2019-08-29 08:22:07,442 [pool-455-thread-1] INFO  server.RaftServerConfigKeys (ConfUtils.java:logGet(43)) - raft.server.rpcslowness.timeout = 120s (custom)
2019-08-29 08:22:07,442 [pool-455-thread-1] INFO  server.RaftServerConfigKeys (ConfUtils.java:logGet(43)) - raft.server.sleep.deviation.threshold = 300 (default)
2019-08-29 08:22:07,442 [pool-455-thread-1] INFO  server.RaftServerConfigKeys (ConfUtils.java:logGet(43)) - raft.server.log.appender.install.snapshot.enabled = false (custom)
2019-08-29 08:22:07,443 [pool-455-thread-1] INFO  impl.RaftServerImpl (ServerState.java:<init>(105)) - b160e95c-e176-445b-9898-2ea637c3111e:group-BBAD912C9F33 ConfigurationManager, init=-1: [b160e95c-e176-445b-9898-2ea637c3111e:192.168.69.111:45193], old=null, confs=<EMPTY_MAP>
2019-08-29 08:22:07,443 [pool-455-thread-1] INFO  server.RaftServerConfigKeys (ConfUtils.java:logGet(43)) - raft.server.storage.dir = [/workdir/hadoop-ozone/integration-test/target/test-dir/MiniOzoneClusterImpl-019c98e8-05ee-4a70-81cf-496e8301b746/datanode-4/data/ratis] (custom)
2019-08-29 08:22:07,443 [pool-455-thread-1] INFO  storage.RaftStorageDirectory (RaftStorageDirectory.java:analyzeStorage(246)) - The storage directory /workdir/hadoop-ozone/integration-test/target/test-dir/MiniOzoneClusterImpl-019c98e8-05ee-4a70-81cf-496e8301b746/datanode-4/data/ratis/4b61d3bf-e6d9-4429-909a-bbad912c9f33 does not exist. Creating ...
2019-08-29 08:22:07,463 [pool-455-thread-1] INFO  storage.RaftStorageDirectory (RaftStorageDirectory.java:tryLock(328)) - Lock on /workdir/hadoop-ozone/integration-test/target/test-dir/MiniOzoneClusterImpl-019c98e8-05ee-4a70-81cf-496e8301b746/datanode-4/data/ratis/4b61d3bf-e6d9-4429-909a-bbad912c9f33/in_use.lock acquired by nodename 30949@pr-hdds-1569-g9zr9-4145101663
2019-08-29 08:22:07,489 [pool-455-thread-1] INFO  storage.RaftStorage (RaftStorage.java:format(72)) - Storage directory /workdir/hadoop-ozone/integration-test/target/test-dir/MiniOzoneClusterImpl-019c98e8-05ee-4a70-81cf-496e8301b746/datanode-4/data/ratis/4b61d3bf-e6d9-4429-909a-bbad912c9f33 has been successfully formatted.
2019-08-29 08:22:07,489 [pool-455-thread-1] INFO  ratis.ContainerStateMachine (ContainerStateMachine.java:loadSnapshot(226)) - group-BBAD912C9F33: The snapshot info is null. Setting the last applied indexto:(t:0, i:~)
2019-08-29 08:22:07,490 [pool-455-thread-1] INFO  server.RaftServerConfigKeys (ConfUtils.java:logGet(43)) - raft.server.leader.election.timeout = 120s (custom)
2019-08-29 08:22:07,490 [pool-455-thread-1] INFO  server.RaftServerConfigKeys (ConfUtils.java:logGet(43)) - raft.server.log.use.memory = false (default)
2019-08-29 08:22:07,490 [pool-455-thread-1] INFO  server.RaftServerConfigKeys (ConfUtils.java:logGet(43)) - raft.server.log.purge.gap = 1000000 (custom)
2019-08-29 08:22:07,490 [pool-455-thread-1] INFO  server.RaftServerConfigKeys (ConfUtils.java:logGet(43)) - raft.server.log.appender.buffer.byte-limit = 33554432 (custom)
2019-08-29 08:22:07,490 [pool-455-thread-1] INFO  server.RaftServerConfigKeys (ConfUtils.java:logGet(43)) - raft.server.log.segment.size.max = 1048576 (custom)
2019-08-29 08:22:07,490 [pool-455-thread-1] INFO  server.RaftServerConfigKeys (ConfUtils.java:logGet(43)) - raft.server.log.segment.cache.num.max = 2 (custom)
2019-08-29 08:22:07,490 [pool-455-thread-1] INFO  segmented.SegmentedRaftLogWorker (SegmentedRaftLogWorker.java:<init>(172)) - new b160e95c-e176-445b-9898-2ea637c3111e-SegmentedRaftLogWorker:Storage Directory /workdir/hadoop-ozone/integration-test/target/test-dir/MiniOzoneClusterImpl-019c98e8-05ee-4a70-81cf-496e8301b746/datanode-4/data/ratis/4b61d3bf-e6d9-4429-909a-bbad912c9f33 for RaftStorage:Storage Directory /workdir/hadoop-ozone/integration-test/target/test-dir/MiniOzoneClusterImpl-019c98e8-05ee-4a70-81cf-496e8301b746/datanode-4/data/ratis/4b61d3bf-e6d9-4429-909a-bbad912c9f33
2019-08-29 08:22:07,490 [pool-455-thread-1] INFO  server.RaftServerConfigKeys (ConfUtils.java:logGet(43)) - raft.server.log.queue.byte-limit = 2147483647 (custom)
2019-08-29 08:22:07,491 [pool-455-thread-1] INFO  server.RaftServerConfigKeys (ConfUtils.java:logGet(43)) - raft.server.log.queue.element-limit = 1024 (custom)
2019-08-29 08:22:07,491 [pool-455-thread-1] INFO  server.RaftServerConfigKeys (ConfUtils.java:logGet(43)) - raft.server.log.segment.size.max = 1048576 (custom)
2019-08-29 08:22:07,491 [pool-455-thread-1] INFO  server.RaftServerConfigKeys (ConfUtils.java:logGet(43)) - raft.server.log.preallocated.size = 16384 (custom)
2019-08-29 08:22:07,491 [pool-455-thread-1] INFO  server.RaftServerConfigKeys (ConfUtils.java:logGet(43)) - raft.server.log.write.buffer.size = 33554432 (custom)
2019-08-29 08:22:07,491 [pool-455-thread-1] INFO  server.RaftServerConfigKeys (ConfUtils.java:logGet(43)) - raft.server.log.force.sync.num = 128 (default)
2019-08-29 08:22:07,491 [pool-455-thread-1] INFO  server.RaftServerConfigKeys (ConfUtils.java:logGet(43)) - raft.server.log.statemachine.data.sync = true (default)
2019-08-29 08:22:07,491 [pool-455-thread-1] INFO  server.RaftServerConfigKeys (ConfUtils.java:logGet(43)) - raft.server.log.statemachine.data.sync.timeout = 10s (default)
2019-08-29 08:22:07,491 [pool-455-thread-1] INFO  server.RaftServerConfigKeys (ConfUtils.java:logGet(43)) - raft.server.log.statemachine.data.sync.timeout.retry = -1 (default)
2019-08-29 08:22:07,492 [pool-455-thread-1] INFO  server.RaftServerConfigKeys (ConfUtils.java:logGet(43)) - raft.server.log.statemachine.data.caching.enabled = true (custom)
2019-08-29 08:22:07,492 [pool-455-thread-1] INFO  segmented.SegmentedRaftLogWorker (SegmentedRaftLogWorker.java:lambda$new$0(132)) - b160e95c-e176-445b-9898-2ea637c3111e-SegmentedRaftLogWorker:Storage Directory /workdir/hadoop-ozone/integration-test/target/test-dir/MiniOzoneClusterImpl-019c98e8-05ee-4a70-81cf-496e8301b746/datanode-4/data/ratis/4b61d3bf-e6d9-4429-909a-bbad912c9f33: flushIndex: setUnconditionally 0 -> -1
2019-08-29 08:22:07,492 [pool-455-thread-1] INFO  server.RaftServerConfigKeys (ConfUtils.java:logGet(43)) - raft.server.snapshot.auto.trigger.enabled = true (custom)
2019-08-29 08:22:07,492 [pool-455-thread-1] INFO  server.RaftServerConfigKeys (ConfUtils.java:logGet(43)) - raft.server.snapshot.auto.trigger.threshold = 10000 (custom)
2019-08-29 08:22:07,492 [pool-455-thread-1] INFO  server.RaftServerConfigKeys (ConfUtils.java:logGet(43)) - raft.server.retrycache.expirytime = 600000ms (custom)
2019-08-29 08:22:07,493 [pool-455-thread-1] INFO  impl.RaftServerImpl (RaftServerImpl.java:start(180)) - b160e95c-e176-445b-9898-2ea637c3111e: start group-BBAD912C9F33
2019-08-29 08:22:07,493 [pool-455-thread-1] INFO  impl.RaftServerImpl (RaftServerImpl.java:setRole(171)) - b160e95c-e176-445b-9898-2ea637c3111e:group-BBAD912C9F33 changes role from null to FOLLOWER at term 0 for startAsFollower
2019-08-29 08:22:07,493 [pool-455-thread-1] INFO  impl.RoleInfo (RoleInfo.java:updateAndGet(143)) - b160e95c-e176-445b-9898-2ea637c3111e: start FollowerState
2019-08-29 08:22:07,493 [pool-455-thread-1] INFO  util.JmxRegister (JmxRegister.java:tryRegister(44)) - Successfully registered JMX Bean with object name Ratis:service=RaftServer,group=group-BBAD912C9F33,id=b160e95c-e176-445b-9898-2ea637c3111e
2019-08-29 08:22:07,495 [RatisPipelineUtilsThread] INFO  pipeline.PipelineStateManager (PipelineStateManager.java:addPipeline(56)) - Created pipeline Pipeline[ Id: 4b61d3bf-e6d9-4429-909a-bbad912c9f33, Nodes: b160e95c-e176-445b-9898-2ea637c3111e{ip: 192.168.69.111, host: pr-hdds-1569-g9zr9-4145101663, networkLocation: /default-rack, certSerialId: null}, Type:RATIS, Factor:ONE, State:OPEN]
2019-08-29 08:22:07,595 [IPC Server handler 2 on 39363] INFO  net.NetworkTopology (NetworkTopologyImpl.java:add(110)) - Added a new node: /default-rack/75b5c139-66d5-483f-a402-babe56ab3281
2019-08-29 08:22:07,595 [IPC Server handler 2 on 39363] INFO  node.SCMNodeManager (SCMNodeManager.java:register(273)) - Registered Data node : 75b5c139-66d5-483f-a402-babe56ab3281{ip: 192.168.69.111, host: pr-hdds-1569-g9zr9-4145101663, networkLocation: /default-rack, certSerialId: null}
2019-08-29 08:22:07,599 | INFO  | SCMAudit | user=jenkins1000 | ip=192.168.69.111 | op=REGISTER {datanodeDetails=75b5c139-66d5-483f-a402-babe56ab3281{ip: 192.168.69.111, host: pr-hdds-1569-g9zr9-4145101663, networkLocation: /default-rack, certSerialId: null}} | ret=SUCCESS |  
2019-08-29 08:22:07,606 [grpc-default-executor-4] INFO  impl.RaftServerProxy (RaftServerProxy.java:addNew(89)) - 75b5c139-66d5-483f-a402-babe56ab3281: addNew group-9F87CAC88CD8:[75b5c139-66d5-483f-a402-babe56ab3281:192.168.69.111:46501] returns group-9F87CAC88CD8:java.util.concurrent.CompletableFuture@56e6dd8a[Not completed]
2019-08-29 08:22:07,607 [pool-466-thread-1] INFO  impl.RaftServerImpl (RaftServerImpl.java:<init>(93)) - 75b5c139-66d5-483f-a402-babe56ab3281: new RaftServerImpl for group-9F87CAC88CD8:[75b5c139-66d5-483f-a402-babe56ab3281:192.168.69.111:46501] with ContainerStateMachine:uninitialized
2019-08-29 08:22:07,608 [pool-466-thread-1] INFO  server.RaftServerConfigKeys (ConfUtils.java:logGet(43)) - raft.server.rpc.timeout.min = 5s (custom)
2019-08-29 08:22:07,608 [pool-466-thread-1] INFO  server.RaftServerConfigKeys (ConfUtils.java:logGet(43)) - raft.server.rpc.timeout.max = 5200ms (custom)
2019-08-29 08:22:07,608 [pool-466-thread-1] INFO  server.RaftServerConfigKeys (ConfUtils.java:logGet(43)) - raft.server.rpcslowness.timeout = 120s (custom)
2019-08-29 08:22:07,608 [pool-466-thread-1] INFO  server.RaftServerConfigKeys (ConfUtils.java:logGet(43)) - raft.server.sleep.deviation.threshold = 300 (default)
2019-08-29 08:22:07,608 [pool-466-thread-1] INFO  server.RaftServerConfigKeys (ConfUtils.java:logGet(43)) - raft.server.log.appender.install.snapshot.enabled = false (custom)
2019-08-29 08:22:07,608 [pool-466-thread-1] INFO  impl.RaftServerImpl (ServerState.java:<init>(105)) - 75b5c139-66d5-483f-a402-babe56ab3281:group-9F87CAC88CD8 ConfigurationManager, init=-1: [75b5c139-66d5-483f-a402-babe56ab3281:192.168.69.111:46501], old=null, confs=<EMPTY_MAP>
2019-08-29 08:22:07,608 [pool-466-thread-1] INFO  server.RaftServerConfigKeys (ConfUtils.java:logGet(43)) - raft.server.storage.dir = [/workdir/hadoop-ozone/integration-test/target/test-dir/MiniOzoneClusterImpl-019c98e8-05ee-4a70-81cf-496e8301b746/datanode-5/data/ratis] (custom)
2019-08-29 08:22:07,609 [pool-466-thread-1] INFO  storage.RaftStorageDirectory (RaftStorageDirectory.java:analyzeStorage(246)) - The storage directory /workdir/hadoop-ozone/integration-test/target/test-dir/MiniOzoneClusterImpl-019c98e8-05ee-4a70-81cf-496e8301b746/datanode-5/data/ratis/9ba60c01-df0b-4d99-b71b-9f87cac88cd8 does not exist. Creating ...
2019-08-29 08:22:07,640 [pool-466-thread-1] INFO  storage.RaftStorageDirectory (RaftStorageDirectory.java:tryLock(328)) - Lock on /workdir/hadoop-ozone/integration-test/target/test-dir/MiniOzoneClusterImpl-019c98e8-05ee-4a70-81cf-496e8301b746/datanode-5/data/ratis/9ba60c01-df0b-4d99-b71b-9f87cac88cd8/in_use.lock acquired by nodename 30949@pr-hdds-1569-g9zr9-4145101663
2019-08-29 08:22:07,657 [pool-466-thread-1] INFO  storage.RaftStorage (RaftStorage.java:format(72)) - Storage directory /workdir/hadoop-ozone/integration-test/target/test-dir/MiniOzoneClusterImpl-019c98e8-05ee-4a70-81cf-496e8301b746/datanode-5/data/ratis/9ba60c01-df0b-4d99-b71b-9f87cac88cd8 has been successfully formatted.
2019-08-29 08:22:07,657 [pool-466-thread-1] INFO  ratis.ContainerStateMachine (ContainerStateMachine.java:loadSnapshot(226)) - group-9F87CAC88CD8: The snapshot info is null. Setting the last applied indexto:(t:0, i:~)
2019-08-29 08:22:07,657 [pool-466-thread-1] INFO  server.RaftServerConfigKeys (ConfUtils.java:logGet(43)) - raft.server.leader.election.timeout = 120s (custom)
2019-08-29 08:22:07,657 [pool-466-thread-1] INFO  server.RaftServerConfigKeys (ConfUtils.java:logGet(43)) - raft.server.log.use.memory = false (default)
2019-08-29 08:22:07,657 [pool-466-thread-1] INFO  server.RaftServerConfigKeys (ConfUtils.java:logGet(43)) - raft.server.log.purge.gap = 1000000 (custom)
2019-08-29 08:22:07,658 [pool-466-thread-1] INFO  server.RaftServerConfigKeys (ConfUtils.java:logGet(43)) - raft.server.log.appender.buffer.byte-limit = 33554432 (custom)
2019-08-29 08:22:07,658 [pool-466-thread-1] INFO  server.RaftServerConfigKeys (ConfUtils.java:logGet(43)) - raft.server.log.segment.size.max = 1048576 (custom)
2019-08-29 08:22:07,658 [pool-466-thread-1] INFO  server.RaftServerConfigKeys (ConfUtils.java:logGet(43)) - raft.server.log.segment.cache.num.max = 2 (custom)
2019-08-29 08:22:07,658 [pool-466-thread-1] INFO  segmented.SegmentedRaftLogWorker (SegmentedRaftLogWorker.java:<init>(172)) - new 75b5c139-66d5-483f-a402-babe56ab3281-SegmentedRaftLogWorker:Storage Directory /workdir/hadoop-ozone/integration-test/target/test-dir/MiniOzoneClusterImpl-019c98e8-05ee-4a70-81cf-496e8301b746/datanode-5/data/ratis/9ba60c01-df0b-4d99-b71b-9f87cac88cd8 for RaftStorage:Storage Directory /workdir/hadoop-ozone/integration-test/target/test-dir/MiniOzoneClusterImpl-019c98e8-05ee-4a70-81cf-496e8301b746/datanode-5/data/ratis/9ba60c01-df0b-4d99-b71b-9f87cac88cd8
2019-08-29 08:22:07,658 [pool-466-thread-1] INFO  server.RaftServerConfigKeys (ConfUtils.java:logGet(43)) - raft.server.log.queue.byte-limit = 2147483647 (custom)
2019-08-29 08:22:07,658 [pool-466-thread-1] INFO  server.RaftServerConfigKeys (ConfUtils.java:logGet(43)) - raft.server.log.queue.element-limit = 1024 (custom)
2019-08-29 08:22:07,659 [pool-466-thread-1] INFO  server.RaftServerConfigKeys (ConfUtils.java:logGet(43)) - raft.server.log.segment.size.max = 1048576 (custom)
2019-08-29 08:22:07,659 [pool-466-thread-1] INFO  server.RaftServerConfigKeys (ConfUtils.java:logGet(43)) - raft.server.log.preallocated.size = 16384 (custom)
2019-08-29 08:22:07,659 [pool-466-thread-1] INFO  server.RaftServerConfigKeys (ConfUtils.java:logGet(43)) - raft.server.log.write.buffer.size = 33554432 (custom)
2019-08-29 08:22:07,659 [pool-466-thread-1] INFO  server.RaftServerConfigKeys (ConfUtils.java:logGet(43)) - raft.server.log.force.sync.num = 128 (default)
2019-08-29 08:22:07,659 [pool-466-thread-1] INFO  server.RaftServerConfigKeys (ConfUtils.java:logGet(43)) - raft.server.log.statemachine.data.sync = true (default)
2019-08-29 08:22:07,659 [pool-466-thread-1] INFO  server.RaftServerConfigKeys (ConfUtils.java:logGet(43)) - raft.server.log.statemachine.data.sync.timeout = 10s (default)
2019-08-29 08:22:07,659 [pool-466-thread-1] INFO  server.RaftServerConfigKeys (ConfUtils.java:logGet(43)) - raft.server.log.statemachine.data.sync.timeout.retry = -1 (default)
2019-08-29 08:22:07,660 [pool-466-thread-1] INFO  server.RaftServerConfigKeys (ConfUtils.java:logGet(43)) - raft.server.log.statemachine.data.caching.enabled = true (custom)
2019-08-29 08:22:07,660 [pool-466-thread-1] INFO  segmented.SegmentedRaftLogWorker (SegmentedRaftLogWorker.java:lambda$new$0(132)) - 75b5c139-66d5-483f-a402-babe56ab3281-SegmentedRaftLogWorker:Storage Directory /workdir/hadoop-ozone/integration-test/target/test-dir/MiniOzoneClusterImpl-019c98e8-05ee-4a70-81cf-496e8301b746/datanode-5/data/ratis/9ba60c01-df0b-4d99-b71b-9f87cac88cd8: flushIndex: setUnconditionally 0 -> -1
2019-08-29 08:22:07,660 [pool-466-thread-1] INFO  server.RaftServerConfigKeys (ConfUtils.java:logGet(43)) - raft.server.snapshot.auto.trigger.enabled = true (custom)
2019-08-29 08:22:07,661 [pool-466-thread-1] INFO  server.RaftServerConfigKeys (ConfUtils.java:logGet(43)) - raft.server.snapshot.auto.trigger.threshold = 10000 (custom)
2019-08-29 08:22:07,661 [pool-466-thread-1] INFO  server.RaftServerConfigKeys (ConfUtils.java:logGet(43)) - raft.server.retrycache.expirytime = 600000ms (custom)
2019-08-29 08:22:07,661 [pool-466-thread-1] INFO  impl.RaftServerImpl (RaftServerImpl.java:start(180)) - 75b5c139-66d5-483f-a402-babe56ab3281: start group-9F87CAC88CD8
2019-08-29 08:22:07,661 [pool-466-thread-1] INFO  impl.RaftServerImpl (RaftServerImpl.java:setRole(171)) - 75b5c139-66d5-483f-a402-babe56ab3281:group-9F87CAC88CD8 changes role from null to FOLLOWER at term 0 for startAsFollower
2019-08-29 08:22:07,661 [pool-466-thread-1] INFO  impl.RoleInfo (RoleInfo.java:updateAndGet(143)) - 75b5c139-66d5-483f-a402-babe56ab3281: start FollowerState
2019-08-29 08:22:07,661 [pool-466-thread-1] INFO  util.JmxRegister (JmxRegister.java:tryRegister(44)) - Successfully registered JMX Bean with object name Ratis:service=RaftServer,group=group-9F87CAC88CD8,id=75b5c139-66d5-483f-a402-babe56ab3281
2019-08-29 08:22:07,664 [RatisPipelineUtilsThread] INFO  pipeline.PipelineStateManager (PipelineStateManager.java:addPipeline(56)) - Created pipeline Pipeline[ Id: 9ba60c01-df0b-4d99-b71b-9f87cac88cd8, Nodes: 75b5c139-66d5-483f-a402-babe56ab3281{ip: 192.168.69.111, host: pr-hdds-1569-g9zr9-4145101663, networkLocation: /default-rack, certSerialId: null}, Type:RATIS, Factor:ONE, State:OPEN]
2019-08-29 08:22:07,685 [grpc-default-executor-8] INFO  impl.RaftServerProxy (RaftServerProxy.java:addNew(89)) - b160e95c-e176-445b-9898-2ea637c3111e: addNew group-2D57D90FE4A0:[b160e95c-e176-445b-9898-2ea637c3111e:192.168.69.111:45193, 71ce2075-8fc0-4ce0-bdf6-c2c365f6371a:192.168.69.111:43546, 75b5c139-66d5-483f-a402-babe56ab3281:192.168.69.111:46501] returns group-2D57D90FE4A0:java.util.concurrent.CompletableFuture@1aa8119a[Not completed]
2019-08-29 08:22:07,685 [grpc-default-executor-9] INFO  impl.RaftServerProxy (RaftServerProxy.java:addNew(89)) - 71ce2075-8fc0-4ce0-bdf6-c2c365f6371a: addNew group-2D57D90FE4A0:[b160e95c-e176-445b-9898-2ea637c3111e:192.168.69.111:45193, 71ce2075-8fc0-4ce0-bdf6-c2c365f6371a:192.168.69.111:43546, 75b5c139-66d5-483f-a402-babe56ab3281:192.168.69.111:46501] returns group-2D57D90FE4A0:java.util.concurrent.CompletableFuture@17198fff[Not completed]
2019-08-29 08:22:07,685 [grpc-default-executor-4] INFO  impl.RaftServerProxy (RaftServerProxy.java:addNew(89)) - 75b5c139-66d5-483f-a402-babe56ab3281: addNew group-2D57D90FE4A0:[b160e95c-e176-445b-9898-2ea637c3111e:192.168.69.111:45193, 71ce2075-8fc0-4ce0-bdf6-c2c365f6371a:192.168.69.111:43546, 75b5c139-66d5-483f-a402-babe56ab3281:192.168.69.111:46501] returns group-2D57D90FE4A0:java.util.concurrent.CompletableFuture@59dd88a5[Not completed]
2019-08-29 08:22:07,686 [pool-455-thread-1] INFO  impl.RaftServerImpl (RaftServerImpl.java:<init>(93)) - b160e95c-e176-445b-9898-2ea637c3111e: new RaftServerImpl for group-2D57D90FE4A0:[b160e95c-e176-445b-9898-2ea637c3111e:192.168.69.111:45193, 71ce2075-8fc0-4ce0-bdf6-c2c365f6371a:192.168.69.111:43546, 75b5c139-66d5-483f-a402-babe56ab3281:192.168.69.111:46501] with ContainerStateMachine:uninitialized
2019-08-29 08:22:07,686 [pool-455-thread-1] INFO  server.RaftServerConfigKeys (ConfUtils.java:logGet(43)) - raft.server.rpc.timeout.min = 5s (custom)
2019-08-29 08:22:07,686 [pool-455-thread-1] INFO  server.RaftServerConfigKeys (ConfUtils.java:logGet(43)) - raft.server.rpc.timeout.max = 5200ms (custom)
2019-08-29 08:22:07,686 [pool-455-thread-1] INFO  server.RaftServerConfigKeys (ConfUtils.java:logGet(43)) - raft.server.rpcslowness.timeout = 120s (custom)
2019-08-29 08:22:07,686 [pool-466-thread-1] INFO  impl.RaftServerImpl (RaftServerImpl.java:<init>(93)) - 75b5c139-66d5-483f-a402-babe56ab3281: new RaftServerImpl for group-2D57D90FE4A0:[b160e95c-e176-445b-9898-2ea637c3111e:192.168.69.111:45193, 71ce2075-8fc0-4ce0-bdf6-c2c365f6371a:192.168.69.111:43546, 75b5c139-66d5-483f-a402-babe56ab3281:192.168.69.111:46501] with ContainerStateMachine:uninitialized
2019-08-29 08:22:07,686 [pool-455-thread-1] INFO  server.RaftServerConfigKeys (ConfUtils.java:logGet(43)) - raft.server.sleep.deviation.threshold = 300 (default)
2019-08-29 08:22:07,686 [pool-466-thread-1] INFO  server.RaftServerConfigKeys (ConfUtils.java:logGet(43)) - raft.server.rpc.timeout.min = 5s (custom)
2019-08-29 08:22:07,687 [pool-444-thread-1] INFO  impl.RaftServerImpl (RaftServerImpl.java:<init>(93)) - 71ce2075-8fc0-4ce0-bdf6-c2c365f6371a: new RaftServerImpl for group-2D57D90FE4A0:[b160e95c-e176-445b-9898-2ea637c3111e:192.168.69.111:45193, 71ce2075-8fc0-4ce0-bdf6-c2c365f6371a:192.168.69.111:43546, 75b5c139-66d5-483f-a402-babe56ab3281:192.168.69.111:46501] with ContainerStateMachine:uninitialized
2019-08-29 08:22:07,687 [pool-455-thread-1] INFO  server.RaftServerConfigKeys (ConfUtils.java:logGet(43)) - raft.server.log.appender.install.snapshot.enabled = false (custom)
2019-08-29 08:22:07,687 [pool-444-thread-1] INFO  server.RaftServerConfigKeys (ConfUtils.java:logGet(43)) - raft.server.rpc.timeout.min = 5s (custom)
2019-08-29 08:22:07,687 [pool-466-thread-1] INFO  server.RaftServerConfigKeys (ConfUtils.java:logGet(43)) - raft.server.rpc.timeout.max = 5200ms (custom)
2019-08-29 08:22:07,687 [pool-444-thread-1] INFO  server.RaftServerConfigKeys (ConfUtils.java:logGet(43)) - raft.server.rpc.timeout.max = 5200ms (custom)
2019-08-29 08:22:07,687 [pool-444-thread-1] INFO  server.RaftServerConfigKeys (ConfUtils.java:logGet(43)) - raft.server.rpcslowness.timeout = 120s (custom)
2019-08-29 08:22:07,687 [pool-455-thread-1] INFO  impl.RaftServerImpl (ServerState.java:<init>(105)) - b160e95c-e176-445b-9898-2ea637c3111e:group-2D57D90FE4A0 ConfigurationManager, init=-1: [b160e95c-e176-445b-9898-2ea637c3111e:192.168.69.111:45193, 71ce2075-8fc0-4ce0-bdf6-c2c365f6371a:192.168.69.111:43546, 75b5c139-66d5-483f-a402-babe56ab3281:192.168.69.111:46501], old=null, confs=<EMPTY_MAP>
2019-08-29 08:22:07,687 [pool-444-thread-1] INFO  server.RaftServerConfigKeys (ConfUtils.java:logGet(43)) - raft.server.sleep.deviation.threshold = 300 (default)
2019-08-29 08:22:07,688 [pool-444-thread-1] INFO  server.RaftServerConfigKeys (ConfUtils.java:logGet(43)) - raft.server.log.appender.install.snapshot.enabled = false (custom)
2019-08-29 08:22:07,687 [pool-466-thread-1] INFO  server.RaftServerConfigKeys (ConfUtils.java:logGet(43)) - raft.server.rpcslowness.timeout = 120s (custom)
2019-08-29 08:22:07,688 [pool-444-thread-1] INFO  impl.RaftServerImpl (ServerState.java:<init>(105)) - 71ce2075-8fc0-4ce0-bdf6-c2c365f6371a:group-2D57D90FE4A0 ConfigurationManager, init=-1: [b160e95c-e176-445b-9898-2ea637c3111e:192.168.69.111:45193, 71ce2075-8fc0-4ce0-bdf6-c2c365f6371a:192.168.69.111:43546, 75b5c139-66d5-483f-a402-babe56ab3281:192.168.69.111:46501], old=null, confs=<EMPTY_MAP>
2019-08-29 08:22:07,688 [pool-455-thread-1] INFO  server.RaftServerConfigKeys (ConfUtils.java:logGet(43)) - raft.server.storage.dir = [/workdir/hadoop-ozone/integration-test/target/test-dir/MiniOzoneClusterImpl-019c98e8-05ee-4a70-81cf-496e8301b746/datanode-4/data/ratis] (custom)
2019-08-29 08:22:07,688 [pool-444-thread-1] INFO  server.RaftServerConfigKeys (ConfUtils.java:logGet(43)) - raft.server.storage.dir = [/workdir/hadoop-ozone/integration-test/target/test-dir/MiniOzoneClusterImpl-019c98e8-05ee-4a70-81cf-496e8301b746/datanode-3/data/ratis] (custom)
2019-08-29 08:22:07,688 [pool-466-thread-1] INFO  server.RaftServerConfigKeys (ConfUtils.java:logGet(43)) - raft.server.sleep.deviation.threshold = 300 (default)
2019-08-29 08:22:07,688 [pool-455-thread-1] INFO  storage.RaftStorageDirectory (RaftStorageDirectory.java:analyzeStorage(246)) - The storage directory /workdir/hadoop-ozone/integration-test/target/test-dir/MiniOzoneClusterImpl-019c98e8-05ee-4a70-81cf-496e8301b746/datanode-4/data/ratis/6c85eb7b-2cec-42f8-935d-2d57d90fe4a0 does not exist. Creating ...
2019-08-29 08:22:07,689 [pool-444-thread-1] INFO  storage.RaftStorageDirectory (RaftStorageDirectory.java:analyzeStorage(246)) - The storage directory /workdir/hadoop-ozone/integration-test/target/test-dir/MiniOzoneClusterImpl-019c98e8-05ee-4a70-81cf-496e8301b746/datanode-3/data/ratis/6c85eb7b-2cec-42f8-935d-2d57d90fe4a0 does not exist. Creating ...
2019-08-29 08:22:07,688 [pool-466-thread-1] INFO  server.RaftServerConfigKeys (ConfUtils.java:logGet(43)) - raft.server.log.appender.install.snapshot.enabled = false (custom)
2019-08-29 08:22:07,689 [pool-466-thread-1] INFO  impl.RaftServerImpl (ServerState.java:<init>(105)) - 75b5c139-66d5-483f-a402-babe56ab3281:group-2D57D90FE4A0 ConfigurationManager, init=-1: [b160e95c-e176-445b-9898-2ea637c3111e:192.168.69.111:45193, 71ce2075-8fc0-4ce0-bdf6-c2c365f6371a:192.168.69.111:43546, 75b5c139-66d5-483f-a402-babe56ab3281:192.168.69.111:46501], old=null, confs=<EMPTY_MAP>
2019-08-29 08:22:07,689 [pool-466-thread-1] INFO  server.RaftServerConfigKeys (ConfUtils.java:logGet(43)) - raft.server.storage.dir = [/workdir/hadoop-ozone/integration-test/target/test-dir/MiniOzoneClusterImpl-019c98e8-05ee-4a70-81cf-496e8301b746/datanode-5/data/ratis] (custom)
2019-08-29 08:22:07,689 [pool-466-thread-1] INFO  storage.RaftStorageDirectory (RaftStorageDirectory.java:analyzeStorage(246)) - The storage directory /workdir/hadoop-ozone/integration-test/target/test-dir/MiniOzoneClusterImpl-019c98e8-05ee-4a70-81cf-496e8301b746/datanode-5/data/ratis/6c85eb7b-2cec-42f8-935d-2d57d90fe4a0 does not exist. Creating ...
2019-08-29 08:22:07,716 [pool-444-thread-1] INFO  storage.RaftStorageDirectory (RaftStorageDirectory.java:tryLock(328)) - Lock on /workdir/hadoop-ozone/integration-test/target/test-dir/MiniOzoneClusterImpl-019c98e8-05ee-4a70-81cf-496e8301b746/datanode-3/data/ratis/6c85eb7b-2cec-42f8-935d-2d57d90fe4a0/in_use.lock acquired by nodename 30949@pr-hdds-1569-g9zr9-4145101663
2019-08-29 08:22:07,716 [pool-466-thread-1] INFO  storage.RaftStorageDirectory (RaftStorageDirectory.java:tryLock(328)) - Lock on /workdir/hadoop-ozone/integration-test/target/test-dir/MiniOzoneClusterImpl-019c98e8-05ee-4a70-81cf-496e8301b746/datanode-5/data/ratis/6c85eb7b-2cec-42f8-935d-2d57d90fe4a0/in_use.lock acquired by nodename 30949@pr-hdds-1569-g9zr9-4145101663
2019-08-29 08:22:07,716 [pool-455-thread-1] INFO  storage.RaftStorageDirectory (RaftStorageDirectory.java:tryLock(328)) - Lock on /workdir/hadoop-ozone/integration-test/target/test-dir/MiniOzoneClusterImpl-019c98e8-05ee-4a70-81cf-496e8301b746/datanode-4/data/ratis/6c85eb7b-2cec-42f8-935d-2d57d90fe4a0/in_use.lock acquired by nodename 30949@pr-hdds-1569-g9zr9-4145101663
2019-08-29 08:22:07,733 [pool-455-thread-1] INFO  storage.RaftStorage (RaftStorage.java:format(72)) - Storage directory /workdir/hadoop-ozone/integration-test/target/test-dir/MiniOzoneClusterImpl-019c98e8-05ee-4a70-81cf-496e8301b746/datanode-4/data/ratis/6c85eb7b-2cec-42f8-935d-2d57d90fe4a0 has been successfully formatted.
2019-08-29 08:22:07,733 [pool-466-thread-1] INFO  storage.RaftStorage (RaftStorage.java:format(72)) - Storage directory /workdir/hadoop-ozone/integration-test/target/test-dir/MiniOzoneClusterImpl-019c98e8-05ee-4a70-81cf-496e8301b746/datanode-5/data/ratis/6c85eb7b-2cec-42f8-935d-2d57d90fe4a0 has been successfully formatted.
2019-08-29 08:22:07,733 [pool-444-thread-1] INFO  storage.RaftStorage (RaftStorage.java:format(72)) - Storage directory /workdir/hadoop-ozone/integration-test/target/test-dir/MiniOzoneClusterImpl-019c98e8-05ee-4a70-81cf-496e8301b746/datanode-3/data/ratis/6c85eb7b-2cec-42f8-935d-2d57d90fe4a0 has been successfully formatted.
2019-08-29 08:22:07,734 [pool-466-thread-1] INFO  ratis.ContainerStateMachine (ContainerStateMachine.java:loadSnapshot(226)) - group-2D57D90FE4A0: The snapshot info is null. Setting the last applied indexto:(t:0, i:~)
2019-08-29 08:22:07,733 [pool-455-thread-1] INFO  ratis.ContainerStateMachine (ContainerStateMachine.java:loadSnapshot(226)) - group-2D57D90FE4A0: The snapshot info is null. Setting the last applied indexto:(t:0, i:~)
2019-08-29 08:22:07,734 [pool-466-thread-1] INFO  server.RaftServerConfigKeys (ConfUtils.java:logGet(43)) - raft.server.leader.election.timeout = 120s (custom)
2019-08-29 08:22:07,734 [pool-444-thread-1] INFO  ratis.ContainerStateMachine (ContainerStateMachine.java:loadSnapshot(226)) - group-2D57D90FE4A0: The snapshot info is null. Setting the last applied indexto:(t:0, i:~)
2019-08-29 08:22:07,734 [pool-466-thread-1] INFO  server.RaftServerConfigKeys (ConfUtils.java:logGet(43)) - raft.server.log.use.memory = false (default)
2019-08-29 08:22:07,734 [pool-455-thread-1] INFO  server.RaftServerConfigKeys (ConfUtils.java:logGet(43)) - raft.server.leader.election.timeout = 120s (custom)
2019-08-29 08:22:07,734 [pool-466-thread-1] INFO  server.RaftServerConfigKeys (ConfUtils.java:logGet(43)) - raft.server.log.purge.gap = 1000000 (custom)
2019-08-29 08:22:07,734 [pool-444-thread-1] INFO  server.RaftServerConfigKeys (ConfUtils.java:logGet(43)) - raft.server.leader.election.timeout = 120s (custom)
2019-08-29 08:22:07,734 [pool-466-thread-1] INFO  server.RaftServerConfigKeys (ConfUtils.java:logGet(43)) - raft.server.log.appender.buffer.byte-limit = 33554432 (custom)
2019-08-29 08:22:07,734 [pool-455-thread-1] INFO  server.RaftServerConfigKeys (ConfUtils.java:logGet(43)) - raft.server.log.use.memory = false (default)
2019-08-29 08:22:07,735 [pool-466-thread-1] INFO  server.RaftServerConfigKeys (ConfUtils.java:logGet(43)) - raft.server.log.segment.size.max = 1048576 (custom)
2019-08-29 08:22:07,735 [pool-444-thread-1] INFO  server.RaftServerConfigKeys (ConfUtils.java:logGet(43)) - raft.server.log.use.memory = false (default)
2019-08-29 08:22:07,735 [pool-466-thread-1] INFO  server.RaftServerConfigKeys (ConfUtils.java:logGet(43)) - raft.server.log.segment.cache.num.max = 2 (custom)
2019-08-29 08:22:07,735 [pool-455-thread-1] INFO  server.RaftServerConfigKeys (ConfUtils.java:logGet(43)) - raft.server.log.purge.gap = 1000000 (custom)
2019-08-29 08:22:07,735 [pool-466-thread-1] INFO  segmented.SegmentedRaftLogWorker (SegmentedRaftLogWorker.java:<init>(172)) - new 75b5c139-66d5-483f-a402-babe56ab3281-SegmentedRaftLogWorker:Storage Directory /workdir/hadoop-ozone/integration-test/target/test-dir/MiniOzoneClusterImpl-019c98e8-05ee-4a70-81cf-496e8301b746/datanode-5/data/ratis/6c85eb7b-2cec-42f8-935d-2d57d90fe4a0 for RaftStorage:Storage Directory /workdir/hadoop-ozone/integration-test/target/test-dir/MiniOzoneClusterImpl-019c98e8-05ee-4a70-81cf-496e8301b746/datanode-5/data/ratis/6c85eb7b-2cec-42f8-935d-2d57d90fe4a0
2019-08-29 08:22:07,735 [pool-444-thread-1] INFO  server.RaftServerConfigKeys (ConfUtils.java:logGet(43)) - raft.server.log.purge.gap = 1000000 (custom)
2019-08-29 08:22:07,736 [pool-466-thread-1] INFO  server.RaftServerConfigKeys (ConfUtils.java:logGet(43)) - raft.server.log.queue.byte-limit = 2147483647 (custom)
2019-08-29 08:22:07,735 [pool-455-thread-1] INFO  server.RaftServerConfigKeys (ConfUtils.java:logGet(43)) - raft.server.log.appender.buffer.byte-limit = 33554432 (custom)
2019-08-29 08:22:07,736 [pool-466-thread-1] INFO  server.RaftServerConfigKeys (ConfUtils.java:logGet(43)) - raft.server.log.queue.element-limit = 1024 (custom)
2019-08-29 08:22:07,736 [pool-444-thread-1] INFO  server.RaftServerConfigKeys (ConfUtils.java:logGet(43)) - raft.server.log.appender.buffer.byte-limit = 33554432 (custom)
2019-08-29 08:22:07,736 [pool-466-thread-1] INFO  server.RaftServerConfigKeys (ConfUtils.java:logGet(43)) - raft.server.log.segment.size.max = 1048576 (custom)
2019-08-29 08:22:07,736 [pool-455-thread-1] INFO  server.RaftServerConfigKeys (ConfUtils.java:logGet(43)) - raft.server.log.segment.size.max = 1048576 (custom)
2019-08-29 08:22:07,736 [pool-466-thread-1] INFO  server.RaftServerConfigKeys (ConfUtils.java:logGet(43)) - raft.server.log.preallocated.size = 16384 (custom)
2019-08-29 08:22:07,737 [pool-466-thread-1] INFO  server.RaftServerConfigKeys (ConfUtils.java:logGet(43)) - raft.server.log.write.buffer.size = 33554432 (custom)
2019-08-29 08:22:07,737 [pool-466-thread-1] INFO  server.RaftServerConfigKeys (ConfUtils.java:logGet(43)) - raft.server.log.force.sync.num = 128 (default)
2019-08-29 08:22:07,736 [pool-444-thread-1] INFO  server.RaftServerConfigKeys (ConfUtils.java:logGet(43)) - raft.server.log.segment.size.max = 1048576 (custom)
2019-08-29 08:22:07,737 [pool-466-thread-1] INFO  server.RaftServerConfigKeys (ConfUtils.java:logGet(43)) - raft.server.log.statemachine.data.sync = true (default)
2019-08-29 08:22:07,736 [pool-455-thread-1] INFO  server.RaftServerConfigKeys (ConfUtils.java:logGet(43)) - raft.server.log.segment.cache.num.max = 2 (custom)
2019-08-29 08:22:07,737 [pool-466-thread-1] INFO  server.RaftServerConfigKeys (ConfUtils.java:logGet(43)) - raft.server.log.statemachine.data.sync.timeout = 10s (default)
2019-08-29 08:22:07,737 [pool-444-thread-1] INFO  server.RaftServerConfigKeys (ConfUtils.java:logGet(43)) - raft.server.log.segment.cache.num.max = 2 (custom)
2019-08-29 08:22:07,737 [pool-466-thread-1] INFO  server.RaftServerConfigKeys (ConfUtils.java:logGet(43)) - raft.server.log.statemachine.data.sync.timeout.retry = -1 (default)
2019-08-29 08:22:07,737 [pool-455-thread-1] INFO  segmented.SegmentedRaftLogWorker (SegmentedRaftLogWorker.java:<init>(172)) - new b160e95c-e176-445b-9898-2ea637c3111e-SegmentedRaftLogWorker:Storage Directory /workdir/hadoop-ozone/integration-test/target/test-dir/MiniOzoneClusterImpl-019c98e8-05ee-4a70-81cf-496e8301b746/datanode-4/data/ratis/6c85eb7b-2cec-42f8-935d-2d57d90fe4a0 for RaftStorage:Storage Directory /workdir/hadoop-ozone/integration-test/target/test-dir/MiniOzoneClusterImpl-019c98e8-05ee-4a70-81cf-496e8301b746/datanode-4/data/ratis/6c85eb7b-2cec-42f8-935d-2d57d90fe4a0
2019-08-29 08:22:07,738 [pool-444-thread-1] INFO  segmented.SegmentedRaftLogWorker (SegmentedRaftLogWorker.java:<init>(172)) - new 71ce2075-8fc0-4ce0-bdf6-c2c365f6371a-SegmentedRaftLogWorker:Storage Directory /workdir/hadoop-ozone/integration-test/target/test-dir/MiniOzoneClusterImpl-019c98e8-05ee-4a70-81cf-496e8301b746/datanode-3/data/ratis/6c85eb7b-2cec-42f8-935d-2d57d90fe4a0 for RaftStorage:Storage Directory /workdir/hadoop-ozone/integration-test/target/test-dir/MiniOzoneClusterImpl-019c98e8-05ee-4a70-81cf-496e8301b746/datanode-3/data/ratis/6c85eb7b-2cec-42f8-935d-2d57d90fe4a0
2019-08-29 08:22:07,738 [pool-455-thread-1] INFO  server.RaftServerConfigKeys (ConfUtils.java:logGet(43)) - raft.server.log.queue.byte-limit = 2147483647 (custom)
2019-08-29 08:22:07,738 [pool-466-thread-1] INFO  server.RaftServerConfigKeys (ConfUtils.java:logGet(43)) - raft.server.log.statemachine.data.caching.enabled = true (custom)
2019-08-29 08:22:07,738 [pool-455-thread-1] INFO  server.RaftServerConfigKeys (ConfUtils.java:logGet(43)) - raft.server.log.queue.element-limit = 1024 (custom)
2019-08-29 08:22:07,738 [pool-444-thread-1] INFO  server.RaftServerConfigKeys (ConfUtils.java:logGet(43)) - raft.server.log.queue.byte-limit = 2147483647 (custom)
2019-08-29 08:22:07,738 [pool-466-thread-1] INFO  segmented.SegmentedRaftLogWorker (SegmentedRaftLogWorker.java:lambda$new$0(132)) - 75b5c139-66d5-483f-a402-babe56ab3281-SegmentedRaftLogWorker:Storage Directory /workdir/hadoop-ozone/integration-test/target/test-dir/MiniOzoneClusterImpl-019c98e8-05ee-4a70-81cf-496e8301b746/datanode-5/data/ratis/6c85eb7b-2cec-42f8-935d-2d57d90fe4a0: flushIndex: setUnconditionally 0 -> -1
2019-08-29 08:22:07,738 [pool-455-thread-1] INFO  server.RaftServerConfigKeys (ConfUtils.java:logGet(43)) - raft.server.log.segment.size.max = 1048576 (custom)
2019-08-29 08:22:07,738 [pool-444-thread-1] INFO  server.RaftServerConfigKeys (ConfUtils.java:logGet(43)) - raft.server.log.queue.element-limit = 1024 (custom)
2019-08-29 08:22:07,739 [pool-466-thread-1] INFO  server.RaftServerConfigKeys (ConfUtils.java:logGet(43)) - raft.server.snapshot.auto.trigger.enabled = true (custom)
2019-08-29 08:22:07,739 [pool-455-thread-1] INFO  server.RaftServerConfigKeys (ConfUtils.java:logGet(43)) - raft.server.log.preallocated.size = 16384 (custom)
2019-08-29 08:22:07,739 [pool-466-thread-1] INFO  server.RaftServerConfigKeys (ConfUtils.java:logGet(43)) - raft.server.snapshot.auto.trigger.threshold = 10000 (custom)
2019-08-29 08:22:07,739 [pool-444-thread-1] INFO  server.RaftServerConfigKeys (ConfUtils.java:logGet(43)) - raft.server.log.segment.size.max = 1048576 (custom)
2019-08-29 08:22:07,739 [pool-466-thread-1] INFO  server.RaftServerConfigKeys (ConfUtils.java:logGet(43)) - raft.server.retrycache.expirytime = 600000ms (custom)
2019-08-29 08:22:07,739 [pool-455-thread-1] INFO  server.RaftServerConfigKeys (ConfUtils.java:logGet(43)) - raft.server.log.write.buffer.size = 33554432 (custom)
2019-08-29 08:22:07,739 [pool-444-thread-1] INFO  server.RaftServerConfigKeys (ConfUtils.java:logGet(43)) - raft.server.log.preallocated.size = 16384 (custom)
2019-08-29 08:22:07,740 [pool-466-thread-1] INFO  impl.RaftServerImpl (RaftServerImpl.java:start(180)) - 75b5c139-66d5-483f-a402-babe56ab3281: start group-2D57D90FE4A0
2019-08-29 08:22:07,740 [pool-455-thread-1] INFO  server.RaftServerConfigKeys (ConfUtils.java:logGet(43)) - raft.server.log.force.sync.num = 128 (default)
2019-08-29 08:22:07,740 [pool-466-thread-1] INFO  impl.RaftServerImpl (RaftServerImpl.java:setRole(171)) - 75b5c139-66d5-483f-a402-babe56ab3281:group-2D57D90FE4A0 changes role from null to FOLLOWER at term 0 for startAsFollower
2019-08-29 08:22:07,740 [pool-444-thread-1] INFO  server.RaftServerConfigKeys (ConfUtils.java:logGet(43)) - raft.server.log.write.buffer.size = 33554432 (custom)
2019-08-29 08:22:07,740 [pool-466-thread-1] INFO  impl.RoleInfo (RoleInfo.java:updateAndGet(143)) - 75b5c139-66d5-483f-a402-babe56ab3281: start FollowerState
2019-08-29 08:22:07,740 [pool-455-thread-1] INFO  server.RaftServerConfigKeys (ConfUtils.java:logGet(43)) - raft.server.log.statemachine.data.sync = true (default)
2019-08-29 08:22:07,740 [pool-444-thread-1] INFO  server.RaftServerConfigKeys (ConfUtils.java:logGet(43)) - raft.server.log.force.sync.num = 128 (default)
2019-08-29 08:22:07,740 [pool-455-thread-1] INFO  server.RaftServerConfigKeys (ConfUtils.java:logGet(43)) - raft.server.log.statemachine.data.sync.timeout = 10s (default)
2019-08-29 08:22:07,740 [pool-444-thread-1] INFO  server.RaftServerConfigKeys (ConfUtils.java:logGet(43)) - raft.server.log.statemachine.data.sync = true (default)
2019-08-29 08:22:07,741 [pool-466-thread-1] INFO  util.JmxRegister (JmxRegister.java:tryRegister(44)) - Successfully registered JMX Bean with object name Ratis:service=RaftServer,group=group-2D57D90FE4A0,id=75b5c139-66d5-483f-a402-babe56ab3281
2019-08-29 08:22:07,741 [pool-455-thread-1] INFO  server.RaftServerConfigKeys (ConfUtils.java:logGet(43)) - raft.server.log.statemachine.data.sync.timeout.retry = -1 (default)
2019-08-29 08:22:07,741 [pool-444-thread-1] INFO  server.RaftServerConfigKeys (ConfUtils.java:logGet(43)) - raft.server.log.statemachine.data.sync.timeout = 10s (default)
2019-08-29 08:22:07,741 [pool-455-thread-1] INFO  server.RaftServerConfigKeys (ConfUtils.java:logGet(43)) - raft.server.log.statemachine.data.caching.enabled = true (custom)
2019-08-29 08:22:07,741 [pool-444-thread-1] INFO  server.RaftServerConfigKeys (ConfUtils.java:logGet(43)) - raft.server.log.statemachine.data.sync.timeout.retry = -1 (default)
2019-08-29 08:22:07,741 [pool-455-thread-1] INFO  segmented.SegmentedRaftLogWorker (SegmentedRaftLogWorker.java:lambda$new$0(132)) - b160e95c-e176-445b-9898-2ea637c3111e-SegmentedRaftLogWorker:Storage Directory /workdir/hadoop-ozone/integration-test/target/test-dir/MiniOzoneClusterImpl-019c98e8-05ee-4a70-81cf-496e8301b746/datanode-4/data/ratis/6c85eb7b-2cec-42f8-935d-2d57d90fe4a0: flushIndex: setUnconditionally 0 -> -1
2019-08-29 08:22:07,741 [pool-444-thread-1] INFO  server.RaftServerConfigKeys (ConfUtils.java:logGet(43)) - raft.server.log.statemachine.data.caching.enabled = true (custom)
2019-08-29 08:22:07,741 [pool-455-thread-1] INFO  server.RaftServerConfigKeys (ConfUtils.java:logGet(43)) - raft.server.snapshot.auto.trigger.enabled = true (custom)
2019-08-29 08:22:07,742 [pool-455-thread-1] INFO  server.RaftServerConfigKeys (ConfUtils.java:logGet(43)) - raft.server.snapshot.auto.trigger.threshold = 10000 (custom)
2019-08-29 08:22:07,742 [pool-444-thread-1] INFO  segmented.SegmentedRaftLogWorker (SegmentedRaftLogWorker.java:lambda$new$0(132)) - 71ce2075-8fc0-4ce0-bdf6-c2c365f6371a-SegmentedRaftLogWorker:Storage Directory /workdir/hadoop-ozone/integration-test/target/test-dir/MiniOzoneClusterImpl-019c98e8-05ee-4a70-81cf-496e8301b746/datanode-3/data/ratis/6c85eb7b-2cec-42f8-935d-2d57d90fe4a0: flushIndex: setUnconditionally 0 -> -1
2019-08-29 08:22:07,742 [pool-455-thread-1] INFO  server.RaftServerConfigKeys (ConfUtils.java:logGet(43)) - raft.server.retrycache.expirytime = 600000ms (custom)
2019-08-29 08:22:07,742 [pool-455-thread-1] INFO  impl.RaftServerImpl (RaftServerImpl.java:start(180)) - b160e95c-e176-445b-9898-2ea637c3111e: start group-2D57D90FE4A0
2019-08-29 08:22:07,742 [pool-444-thread-1] INFO  server.RaftServerConfigKeys (ConfUtils.java:logGet(43)) - raft.server.snapshot.auto.trigger.enabled = true (custom)
2019-08-29 08:22:07,742 [pool-455-thread-1] INFO  impl.RaftServerImpl (RaftServerImpl.java:setRole(171)) - b160e95c-e176-445b-9898-2ea637c3111e:group-2D57D90FE4A0 changes role from null to FOLLOWER at term 0 for startAsFollower
2019-08-29 08:22:07,742 [pool-444-thread-1] INFO  server.RaftServerConfigKeys (ConfUtils.java:logGet(43)) - raft.server.snapshot.auto.trigger.threshold = 10000 (custom)
2019-08-29 08:22:07,742 [pool-455-thread-1] INFO  impl.RoleInfo (RoleInfo.java:updateAndGet(143)) - b160e95c-e176-445b-9898-2ea637c3111e: start FollowerState
2019-08-29 08:22:07,742 [pool-444-thread-1] INFO  server.RaftServerConfigKeys (ConfUtils.java:logGet(43)) - raft.server.retrycache.expirytime = 600000ms (custom)
2019-08-29 08:22:07,743 [pool-455-thread-1] INFO  util.JmxRegister (JmxRegister.java:tryRegister(44)) - Successfully registered JMX Bean with object name Ratis:service=RaftServer,group=group-2D57D90FE4A0,id=b160e95c-e176-445b-9898-2ea637c3111e
2019-08-29 08:22:07,743 [pool-444-thread-1] INFO  impl.RaftServerImpl (RaftServerImpl.java:start(180)) - 71ce2075-8fc0-4ce0-bdf6-c2c365f6371a: start group-2D57D90FE4A0
2019-08-29 08:22:07,743 [pool-444-thread-1] INFO  impl.RaftServerImpl (RaftServerImpl.java:setRole(171)) - 71ce2075-8fc0-4ce0-bdf6-c2c365f6371a:group-2D57D90FE4A0 changes role from null to FOLLOWER at term 0 for startAsFollower
2019-08-29 08:22:07,743 [pool-444-thread-1] INFO  impl.RoleInfo (RoleInfo.java:updateAndGet(143)) - 71ce2075-8fc0-4ce0-bdf6-c2c365f6371a: start FollowerState
2019-08-29 08:22:07,743 [pool-444-thread-1] INFO  util.JmxRegister (JmxRegister.java:tryRegister(44)) - Successfully registered JMX Bean with object name Ratis:service=RaftServer,group=group-2D57D90FE4A0,id=71ce2075-8fc0-4ce0-bdf6-c2c365f6371a
2019-08-29 08:22:07,745 [RatisPipelineUtilsThread] INFO  pipeline.PipelineStateManager (PipelineStateManager.java:addPipeline(56)) - Created pipeline Pipeline[ Id: 6c85eb7b-2cec-42f8-935d-2d57d90fe4a0, Nodes: 75b5c139-66d5-483f-a402-babe56ab3281{ip: 192.168.69.111, host: pr-hdds-1569-g9zr9-4145101663, networkLocation: /default-rack, certSerialId: null}71ce2075-8fc0-4ce0-bdf6-c2c365f6371a{ip: 192.168.69.111, host: pr-hdds-1569-g9zr9-4145101663, networkLocation: /default-rack, certSerialId: null}b160e95c-e176-445b-9898-2ea637c3111e{ip: 192.168.69.111, host: pr-hdds-1569-g9zr9-4145101663, networkLocation: /default-rack, certSerialId: null}, Type:RATIS, Factor:THREE, State:OPEN]
2019-08-29 08:22:07,760 [main] INFO  ozone.MiniOzoneClusterImpl (MiniOzoneClusterImpl.java:lambda$waitForClusterToBeReady$0(142)) - Waiting for cluster to be ready. Got 6 of 7 DN Heartbeats.
2019-08-29 08:22:07,761 [IPC Server handler 3 on 39363] INFO  net.NetworkTopology (NetworkTopologyImpl.java:add(110)) - Added a new node: /default-rack/40f4479c-b2c4-4dae-88b0-602b993ef735
2019-08-29 08:22:07,762 [IPC Server handler 3 on 39363] INFO  node.SCMNodeManager (SCMNodeManager.java:register(273)) - Registered Data node : 40f4479c-b2c4-4dae-88b0-602b993ef735{ip: 192.168.69.111, host: pr-hdds-1569-g9zr9-4145101663, networkLocation: /default-rack, certSerialId: null}
2019-08-29 08:22:07,765 | INFO  | SCMAudit | user=jenkins1000 | ip=192.168.69.111 | op=REGISTER {datanodeDetails=40f4479c-b2c4-4dae-88b0-602b993ef735{ip: 192.168.69.111, host: pr-hdds-1569-g9zr9-4145101663, networkLocation: /default-rack, certSerialId: null}} | ret=SUCCESS |  
2019-08-29 08:22:07,772 [grpc-default-executor-4] INFO  impl.RaftServerProxy (RaftServerProxy.java:addNew(89)) - 40f4479c-b2c4-4dae-88b0-602b993ef735: addNew group-B7E590E5AD6A:[40f4479c-b2c4-4dae-88b0-602b993ef735:192.168.69.111:43164] returns group-B7E590E5AD6A:java.util.concurrent.CompletableFuture@2318ea08[Not completed]
2019-08-29 08:22:07,773 [pool-477-thread-1] INFO  impl.RaftServerImpl (RaftServerImpl.java:<init>(93)) - 40f4479c-b2c4-4dae-88b0-602b993ef735: new RaftServerImpl for group-B7E590E5AD6A:[40f4479c-b2c4-4dae-88b0-602b993ef735:192.168.69.111:43164] with ContainerStateMachine:uninitialized
2019-08-29 08:22:07,773 [pool-477-thread-1] INFO  server.RaftServerConfigKeys (ConfUtils.java:logGet(43)) - raft.server.rpc.timeout.min = 5s (custom)
2019-08-29 08:22:07,773 [pool-477-thread-1] INFO  server.RaftServerConfigKeys (ConfUtils.java:logGet(43)) - raft.server.rpc.timeout.max = 5200ms (custom)
2019-08-29 08:22:07,773 [pool-477-thread-1] INFO  server.RaftServerConfigKeys (ConfUtils.java:logGet(43)) - raft.server.rpcslowness.timeout = 120s (custom)
2019-08-29 08:22:07,773 [pool-477-thread-1] INFO  server.RaftServerConfigKeys (ConfUtils.java:logGet(43)) - raft.server.sleep.deviation.threshold = 300 (default)
2019-08-29 08:22:07,773 [pool-477-thread-1] INFO  server.RaftServerConfigKeys (ConfUtils.java:logGet(43)) - raft.server.log.appender.install.snapshot.enabled = false (custom)
2019-08-29 08:22:07,773 [pool-477-thread-1] INFO  impl.RaftServerImpl (ServerState.java:<init>(105)) - 40f4479c-b2c4-4dae-88b0-602b993ef735:group-B7E590E5AD6A ConfigurationManager, init=-1: [40f4479c-b2c4-4dae-88b0-602b993ef735:192.168.69.111:43164], old=null, confs=<EMPTY_MAP>
2019-08-29 08:22:07,774 [pool-477-thread-1] INFO  server.RaftServerConfigKeys (ConfUtils.java:logGet(43)) - raft.server.storage.dir = [/workdir/hadoop-ozone/integration-test/target/test-dir/MiniOzoneClusterImpl-019c98e8-05ee-4a70-81cf-496e8301b746/datanode-6/data/ratis] (custom)
2019-08-29 08:22:07,774 [pool-477-thread-1] INFO  storage.RaftStorageDirectory (RaftStorageDirectory.java:analyzeStorage(246)) - The storage directory /workdir/hadoop-ozone/integration-test/target/test-dir/MiniOzoneClusterImpl-019c98e8-05ee-4a70-81cf-496e8301b746/datanode-6/data/ratis/de247348-fccc-4b41-bc09-b7e590e5ad6a does not exist. Creating ...
2019-08-29 08:22:07,792 [pool-477-thread-1] INFO  storage.RaftStorageDirectory (RaftStorageDirectory.java:tryLock(328)) - Lock on /workdir/hadoop-ozone/integration-test/target/test-dir/MiniOzoneClusterImpl-019c98e8-05ee-4a70-81cf-496e8301b746/datanode-6/data/ratis/de247348-fccc-4b41-bc09-b7e590e5ad6a/in_use.lock acquired by nodename 30949@pr-hdds-1569-g9zr9-4145101663
2019-08-29 08:22:07,818 [pool-477-thread-1] INFO  storage.RaftStorage (RaftStorage.java:format(72)) - Storage directory /workdir/hadoop-ozone/integration-test/target/test-dir/MiniOzoneClusterImpl-019c98e8-05ee-4a70-81cf-496e8301b746/datanode-6/data/ratis/de247348-fccc-4b41-bc09-b7e590e5ad6a has been successfully formatted.
2019-08-29 08:22:07,818 [pool-477-thread-1] INFO  ratis.ContainerStateMachine (ContainerStateMachine.java:loadSnapshot(226)) - group-B7E590E5AD6A: The snapshot info is null. Setting the last applied indexto:(t:0, i:~)
2019-08-29 08:22:07,818 [pool-477-thread-1] INFO  server.RaftServerConfigKeys (ConfUtils.java:logGet(43)) - raft.server.leader.election.timeout = 120s (custom)
2019-08-29 08:22:07,818 [pool-477-thread-1] INFO  server.RaftServerConfigKeys (ConfUtils.java:logGet(43)) - raft.server.log.use.memory = false (default)
2019-08-29 08:22:07,818 [pool-477-thread-1] INFO  server.RaftServerConfigKeys (ConfUtils.java:logGet(43)) - raft.server.log.purge.gap = 1000000 (custom)
2019-08-29 08:22:07,818 [pool-477-thread-1] INFO  server.RaftServerConfigKeys (ConfUtils.java:logGet(43)) - raft.server.log.appender.buffer.byte-limit = 33554432 (custom)
2019-08-29 08:22:07,819 [pool-477-thread-1] INFO  server.RaftServerConfigKeys (ConfUtils.java:logGet(43)) - raft.server.log.segment.size.max = 1048576 (custom)
2019-08-29 08:22:07,819 [pool-477-thread-1] INFO  server.RaftServerConfigKeys (ConfUtils.java:logGet(43)) - raft.server.log.segment.cache.num.max = 2 (custom)
2019-08-29 08:22:07,819 [pool-477-thread-1] INFO  segmented.SegmentedRaftLogWorker (SegmentedRaftLogWorker.java:<init>(172)) - new 40f4479c-b2c4-4dae-88b0-602b993ef735-SegmentedRaftLogWorker:Storage Directory /workdir/hadoop-ozone/integration-test/target/test-dir/MiniOzoneClusterImpl-019c98e8-05ee-4a70-81cf-496e8301b746/datanode-6/data/ratis/de247348-fccc-4b41-bc09-b7e590e5ad6a for RaftStorage:Storage Directory /workdir/hadoop-ozone/integration-test/target/test-dir/MiniOzoneClusterImpl-019c98e8-05ee-4a70-81cf-496e8301b746/datanode-6/data/ratis/de247348-fccc-4b41-bc09-b7e590e5ad6a
2019-08-29 08:22:07,819 [pool-477-thread-1] INFO  server.RaftServerConfigKeys (ConfUtils.java:logGet(43)) - raft.server.log.queue.byte-limit = 2147483647 (custom)
2019-08-29 08:22:07,819 [pool-477-thread-1] INFO  server.RaftServerConfigKeys (ConfUtils.java:logGet(43)) - raft.server.log.queue.element-limit = 1024 (custom)
2019-08-29 08:22:07,819 [pool-477-thread-1] INFO  server.RaftServerConfigKeys (ConfUtils.java:logGet(43)) - raft.server.log.segment.size.max = 1048576 (custom)
2019-08-29 08:22:07,819 [pool-477-thread-1] INFO  server.RaftServerConfigKeys (ConfUtils.java:logGet(43)) - raft.server.log.preallocated.size = 16384 (custom)
2019-08-29 08:22:07,820 [pool-477-thread-1] INFO  server.RaftServerConfigKeys (ConfUtils.java:logGet(43)) - raft.server.log.write.buffer.size = 33554432 (custom)
2019-08-29 08:22:07,820 [pool-477-thread-1] INFO  server.RaftServerConfigKeys (ConfUtils.java:logGet(43)) - raft.server.log.force.sync.num = 128 (default)
2019-08-29 08:22:07,820 [pool-477-thread-1] INFO  server.RaftServerConfigKeys (ConfUtils.java:logGet(43)) - raft.server.log.statemachine.data.sync = true (default)
2019-08-29 08:22:07,820 [pool-477-thread-1] INFO  server.RaftServerConfigKeys (ConfUtils.java:logGet(43)) - raft.server.log.statemachine.data.sync.timeout = 10s (default)
2019-08-29 08:22:07,820 [pool-477-thread-1] INFO  server.RaftServerConfigKeys (ConfUtils.java:logGet(43)) - raft.server.log.statemachine.data.sync.timeout.retry = -1 (default)
2019-08-29 08:22:07,820 [pool-477-thread-1] INFO  server.RaftServerConfigKeys (ConfUtils.java:logGet(43)) - raft.server.log.statemachine.data.caching.enabled = true (custom)
2019-08-29 08:22:07,821 [pool-477-thread-1] INFO  segmented.SegmentedRaftLogWorker (SegmentedRaftLogWorker.java:lambda$new$0(132)) - 40f4479c-b2c4-4dae-88b0-602b993ef735-SegmentedRaftLogWorker:Storage Directory /workdir/hadoop-ozone/integration-test/target/test-dir/MiniOzoneClusterImpl-019c98e8-05ee-4a70-81cf-496e8301b746/datanode-6/data/ratis/de247348-fccc-4b41-bc09-b7e590e5ad6a: flushIndex: setUnconditionally 0 -> -1
2019-08-29 08:22:07,821 [pool-477-thread-1] INFO  server.RaftServerConfigKeys (ConfUtils.java:logGet(43)) - raft.server.snapshot.auto.trigger.enabled = true (custom)
2019-08-29 08:22:07,821 [pool-477-thread-1] INFO  server.RaftServerConfigKeys (ConfUtils.java:logGet(43)) - raft.server.snapshot.auto.trigger.threshold = 10000 (custom)
2019-08-29 08:22:07,821 [pool-477-thread-1] INFO  server.RaftServerConfigKeys (ConfUtils.java:logGet(43)) - raft.server.retrycache.expirytime = 600000ms (custom)
2019-08-29 08:22:07,821 [pool-477-thread-1] INFO  impl.RaftServerImpl (RaftServerImpl.java:start(180)) - 40f4479c-b2c4-4dae-88b0-602b993ef735: start group-B7E590E5AD6A
2019-08-29 08:22:07,822 [pool-477-thread-1] INFO  impl.RaftServerImpl (RaftServerImpl.java:setRole(171)) - 40f4479c-b2c4-4dae-88b0-602b993ef735:group-B7E590E5AD6A changes role from null to FOLLOWER at term 0 for startAsFollower
2019-08-29 08:22:07,822 [pool-477-thread-1] INFO  impl.RoleInfo (RoleInfo.java:updateAndGet(143)) - 40f4479c-b2c4-4dae-88b0-602b993ef735: start FollowerState
2019-08-29 08:22:07,822 [pool-477-thread-1] INFO  util.JmxRegister (JmxRegister.java:tryRegister(44)) - Successfully registered JMX Bean with object name Ratis:service=RaftServer,group=group-B7E590E5AD6A,id=40f4479c-b2c4-4dae-88b0-602b993ef735
2019-08-29 08:22:07,824 [RatisPipelineUtilsThread] INFO  pipeline.PipelineStateManager (PipelineStateManager.java:addPipeline(56)) - Created pipeline Pipeline[ Id: de247348-fccc-4b41-bc09-b7e590e5ad6a, Nodes: 40f4479c-b2c4-4dae-88b0-602b993ef735{ip: 192.168.69.111, host: pr-hdds-1569-g9zr9-4145101663, networkLocation: /default-rack, certSerialId: null}, Type:RATIS, Factor:ONE, State:OPEN]
2019-08-29 08:22:08,668 | INFO  | SCMAudit | user=jenkins1000 | ip=192.168.69.111 | op=SEND_HEARTBEAT {datanodeUUID=bb544b94-2c29-446f-b248-ddf7606e91f4, command=[]} | ret=SUCCESS |  
2019-08-29 08:22:08,761 [main] INFO  ozone.MiniOzoneClusterImpl (MiniOzoneClusterImpl.java:lambda$waitForClusterToBeReady$0(142)) - Cluster is ready. Got 7 of 7 DN Heartbeats.
2019-08-29 08:22:08,810 [main] INFO  rpc.RpcClient (RpcClient.java:createVolume(293)) - Creating Volume: watchforcommithandlingtest, with jenkins1000 as owner.
2019-08-29 08:22:08,812 | INFO  | OMAudit | user=jenkins1000 | ip=127.0.0.1 | op=CREATE_VOLUME {admin=jenkins1000, owner=jenkins1000, volume=watchforcommithandlingtest, creationTime=1567066928812, quotaInBytes=1152921504606846976} | ret=SUCCESS |  
2019-08-29 08:22:08,822 | INFO  | OMAudit | user=jenkins1000 | ip=127.0.0.1 | op=READ_VOLUME {volume=watchforcommithandlingtest} | ret=SUCCESS |  
2019-08-29 08:22:08,823 [main] INFO  rpc.RpcClient (RpcClient.java:createBucket(432)) - Creating Bucket: watchforcommithandlingtest/watchforcommithandlingtest, with Versioning false and Storage Type set to DISK and Encryption set to false 
2019-08-29 08:22:08,827 | INFO  | OMAudit | user=jenkins1000 | ip=127.0.0.1 | op=CREATE_BUCKET {volume=watchforcommithandlingtest, bucket=watchforcommithandlingtest, acls=[user:jenkins1000:a[ACCESS], group:default:a[ACCESS]], isVersionEnabled=false, storageType=DISK, creationTime=0} | ret=SUCCESS |  
2019-08-29 08:22:08,827 [main] INFO  ozone.MiniOzoneClusterImpl (MiniOzoneClusterImpl.java:getStorageContainerLocationClient(241)) - Creating StorageContainerLocationProtocol RPC client with address /0.0.0.0:46733
2019-08-29 08:22:08,840 [grpc-default-executor-4] INFO  client.GrpcClientProtocolClient (GrpcClientProtocolClient.java:onNext(255)) - client-6A8ADCA173F2->e9d0e0d0-c191-4593-8ede-e5f8bbf008c6: receive RaftClientReply:client-6A8ADCA173F2->e9d0e0d0-c191-4593-8ede-e5f8bbf008c6@group-6E86CE23022E, cid=102, FAILED org.apache.ratis.protocol.NotLeaderException: Server e9d0e0d0-c191-4593-8ede-e5f8bbf008c6 is not the leader (null). Request must be sent to leader., logIndex=0, commits[e9d0e0d0-c191-4593-8ede-e5f8bbf008c6:c-1]
2019-08-29 08:22:08,850 | INFO  | SCMAudit | user=jenkins1000 | ip=192.168.69.111 | op=SEND_HEARTBEAT {datanodeUUID=f860cc41-417e-4931-b71d-d109f40332d6, command=[]} | ret=SUCCESS |  
2019-08-29 08:22:09,016 | INFO  | SCMAudit | user=jenkins1000 | ip=192.168.69.111 | op=SEND_HEARTBEAT {datanodeUUID=e9d0e0d0-c191-4593-8ede-e5f8bbf008c6, command=[]} | ret=SUCCESS |  
2019-08-29 08:22:09,181 | INFO  | SCMAudit | user=jenkins1000 | ip=192.168.69.111 | op=SEND_HEARTBEAT {datanodeUUID=71ce2075-8fc0-4ce0-bdf6-c2c365f6371a, command=[]} | ret=SUCCESS |  
2019-08-29 08:22:09,363 | INFO  | SCMAudit | user=jenkins1000 | ip=192.168.69.111 | op=SEND_HEARTBEAT {datanodeUUID=b160e95c-e176-445b-9898-2ea637c3111e, command=[]} | ret=SUCCESS |  
2019-08-29 08:22:09,594 | INFO  | SCMAudit | user=jenkins1000 | ip=192.168.69.111 | op=SEND_HEARTBEAT {datanodeUUID=75b5c139-66d5-483f-a402-babe56ab3281, command=[]} | ret=SUCCESS |  
2019-08-29 08:22:09,667 | INFO  | SCMAudit | user=jenkins1000 | ip=192.168.69.111 | op=SEND_HEARTBEAT {datanodeUUID=bb544b94-2c29-446f-b248-ddf7606e91f4, command=[]} | ret=SUCCESS |  
2019-08-29 08:22:09,677 [Thread-2460] INFO  container.ReplicationManager (ReplicationManager.java:start(152)) - Starting Replication Monitor Thread.
2019-08-29 08:22:09,681 [ReplicationMonitor] INFO  container.ReplicationManager (ReplicationManager.java:run(215)) - Replication Monitor Thread took 0 milliseconds for processing 1 containers.
2019-08-29 08:22:09,762 | INFO  | SCMAudit | user=jenkins1000 | ip=192.168.69.111 | op=SEND_HEARTBEAT {datanodeUUID=40f4479c-b2c4-4dae-88b0-602b993ef735, command=[]} | ret=SUCCESS |  
2019-08-29 08:22:09,841 | INFO  | SCMAudit | user=jenkins1000 | ip=192.168.69.111 | op=SEND_HEARTBEAT {datanodeUUID=f860cc41-417e-4931-b71d-d109f40332d6, command=[]} | ret=SUCCESS |  
2019-08-29 08:22:09,861 [grpc-default-executor-9] INFO  client.GrpcClientProtocolClient (GrpcClientProtocolClient.java:onNext(255)) - client-6A8ADCA173F2->f860cc41-417e-4931-b71d-d109f40332d6: receive RaftClientReply:client-6A8ADCA173F2->f860cc41-417e-4931-b71d-d109f40332d6@group-6E86CE23022E, cid=102, FAILED org.apache.ratis.protocol.NotLeaderException: Server f860cc41-417e-4931-b71d-d109f40332d6 is not the leader (null). Request must be sent to leader., logIndex=0, commits[f860cc41-417e-4931-b71d-d109f40332d6:c-1]
2019-08-29 08:22:10,016 | INFO  | SCMAudit | user=jenkins1000 | ip=192.168.69.111 | op=SEND_HEARTBEAT {datanodeUUID=e9d0e0d0-c191-4593-8ede-e5f8bbf008c6, command=[]} | ret=SUCCESS |  
2019-08-29 08:22:10,180 | INFO  | SCMAudit | user=jenkins1000 | ip=192.168.69.111 | op=SEND_HEARTBEAT {datanodeUUID=71ce2075-8fc0-4ce0-bdf6-c2c365f6371a, command=[]} | ret=SUCCESS |  
2019-08-29 08:22:10,363 | INFO  | SCMAudit | user=jenkins1000 | ip=192.168.69.111 | op=SEND_HEARTBEAT {datanodeUUID=b160e95c-e176-445b-9898-2ea637c3111e, command=[]} | ret=SUCCESS |  
2019-08-29 08:22:10,594 | INFO  | SCMAudit | user=jenkins1000 | ip=192.168.69.111 | op=SEND_HEARTBEAT {datanodeUUID=75b5c139-66d5-483f-a402-babe56ab3281, command=[]} | ret=SUCCESS |  
2019-08-29 08:22:10,667 | INFO  | SCMAudit | user=jenkins1000 | ip=192.168.69.111 | op=SEND_HEARTBEAT {datanodeUUID=bb544b94-2c29-446f-b248-ddf7606e91f4, command=[]} | ret=SUCCESS |  
2019-08-29 08:22:10,762 | INFO  | SCMAudit | user=jenkins1000 | ip=192.168.69.111 | op=SEND_HEARTBEAT {datanodeUUID=40f4479c-b2c4-4dae-88b0-602b993ef735, command=[]} | ret=SUCCESS |  
2019-08-29 08:22:10,841 | INFO  | SCMAudit | user=jenkins1000 | ip=192.168.69.111 | op=SEND_HEARTBEAT {datanodeUUID=f860cc41-417e-4931-b71d-d109f40332d6, command=[]} | ret=SUCCESS |  
2019-08-29 08:22:10,874 [grpc-default-executor-4] INFO  client.GrpcClientProtocolClient (GrpcClientProtocolClient.java:onNext(255)) - client-6A8ADCA173F2->bb544b94-2c29-446f-b248-ddf7606e91f4: receive RaftClientReply:client-6A8ADCA173F2->bb544b94-2c29-446f-b248-ddf7606e91f4@group-6E86CE23022E, cid=102, FAILED org.apache.ratis.protocol.NotLeaderException: Server bb544b94-2c29-446f-b248-ddf7606e91f4 is not the leader (null). Request must be sent to leader., logIndex=0, commits[bb544b94-2c29-446f-b248-ddf7606e91f4:c-1]
2019-08-29 08:22:11,017 | INFO  | SCMAudit | user=jenkins1000 | ip=192.168.69.111 | op=SEND_HEARTBEAT {datanodeUUID=e9d0e0d0-c191-4593-8ede-e5f8bbf008c6, command=[]} | ret=SUCCESS |  
2019-08-29 08:22:11,180 | INFO  | SCMAudit | user=jenkins1000 | ip=192.168.69.111 | op=SEND_HEARTBEAT {datanodeUUID=71ce2075-8fc0-4ce0-bdf6-c2c365f6371a, command=[]} | ret=SUCCESS |  
2019-08-29 08:22:11,363 | INFO  | SCMAudit | user=jenkins1000 | ip=192.168.69.111 | op=SEND_HEARTBEAT {datanodeUUID=b160e95c-e176-445b-9898-2ea637c3111e, command=[]} | ret=SUCCESS |  
2019-08-29 08:22:11,594 | INFO  | SCMAudit | user=jenkins1000 | ip=192.168.69.111 | op=SEND_HEARTBEAT {datanodeUUID=75b5c139-66d5-483f-a402-babe56ab3281, command=[]} | ret=SUCCESS |  
2019-08-29 08:22:11,667 | INFO  | SCMAudit | user=jenkins1000 | ip=192.168.69.111 | op=SEND_HEARTBEAT {datanodeUUID=bb544b94-2c29-446f-b248-ddf7606e91f4, command=[]} | ret=SUCCESS |  
2019-08-29 08:22:11,762 | INFO  | SCMAudit | user=jenkins1000 | ip=192.168.69.111 | op=SEND_HEARTBEAT {datanodeUUID=40f4479c-b2c4-4dae-88b0-602b993ef735, command=[]} | ret=SUCCESS |  
2019-08-29 08:22:11,841 | INFO  | SCMAudit | user=jenkins1000 | ip=192.168.69.111 | op=SEND_HEARTBEAT {datanodeUUID=f860cc41-417e-4931-b71d-d109f40332d6, command=[]} | ret=SUCCESS |  
2019-08-29 08:22:11,845 [Thread-2462] INFO  impl.FollowerState (FollowerState.java:run(106)) - bb544b94-2c29-446f-b248-ddf7606e91f4:group-5C590FEDE532 changes to CANDIDATE, lastRpcTime:5104, electionTimeout:5104ms
2019-08-29 08:22:11,845 [Thread-2462] INFO  impl.RoleInfo (RoleInfo.java:shutdownFollowerState(121)) - bb544b94-2c29-446f-b248-ddf7606e91f4: shutdown FollowerState
2019-08-29 08:22:11,846 [Thread-2462] INFO  impl.RaftServerImpl (RaftServerImpl.java:setRole(171)) - bb544b94-2c29-446f-b248-ddf7606e91f4:group-5C590FEDE532 changes role from FOLLOWER to CANDIDATE at term 0 for changeToCandidate
2019-08-29 08:22:11,846 [Thread-2462] INFO  impl.RoleInfo (RoleInfo.java:updateAndGet(143)) - bb544b94-2c29-446f-b248-ddf7606e91f4: start LeaderElection
2019-08-29 08:22:11,886 [grpc-default-executor-9] INFO  client.GrpcClientProtocolClient (GrpcClientProtocolClient.java:onNext(255)) - client-6A8ADCA173F2->f860cc41-417e-4931-b71d-d109f40332d6: receive RaftClientReply:client-6A8ADCA173F2->f860cc41-417e-4931-b71d-d109f40332d6@group-6E86CE23022E, cid=102, FAILED org.apache.ratis.protocol.NotLeaderException: Server f860cc41-417e-4931-b71d-d109f40332d6 is not the leader (null). Request must be sent to leader., logIndex=0, commits[f860cc41-417e-4931-b71d-d109f40332d6:c-1]
2019-08-29 08:22:11,932 [Thread-2465] INFO  impl.FollowerState (FollowerState.java:run(106)) - f860cc41-417e-4931-b71d-d109f40332d6:group-04341517355F changes to CANDIDATE, lastRpcTime:5025, electionTimeout:5025ms
2019-08-29 08:22:11,932 [Thread-2465] INFO  impl.RoleInfo (RoleInfo.java:shutdownFollowerState(121)) - f860cc41-417e-4931-b71d-d109f40332d6: shutdown FollowerState
2019-08-29 08:22:11,932 [Thread-2465] INFO  impl.RaftServerImpl (RaftServerImpl.java:setRole(171)) - f860cc41-417e-4931-b71d-d109f40332d6:group-04341517355F changes role from FOLLOWER to CANDIDATE at term 0 for changeToCandidate
2019-08-29 08:22:11,932 [Thread-2465] INFO  impl.RoleInfo (RoleInfo.java:updateAndGet(143)) - f860cc41-417e-4931-b71d-d109f40332d6: start LeaderElection
2019-08-29 08:22:11,996 [bb544b94-2c29-446f-b248-ddf7606e91f4:group-5C590FEDE532:LeaderElection86] INFO  impl.LeaderElection (LeaderElection.java:askForVotes(181)) - bb544b94-2c29-446f-b248-ddf7606e91f4:group-5C590FEDE532:LeaderElection86: begin an election at term 1 for -1: [bb544b94-2c29-446f-b248-ddf7606e91f4:192.168.69.111:40659], old=null
2019-08-29 08:22:11,996 [bb544b94-2c29-446f-b248-ddf7606e91f4:group-5C590FEDE532:LeaderElection86] INFO  impl.RoleInfo (RoleInfo.java:shutdownLeaderElection(134)) - bb544b94-2c29-446f-b248-ddf7606e91f4: shutdown LeaderElection
2019-08-29 08:22:11,996 [bb544b94-2c29-446f-b248-ddf7606e91f4:group-5C590FEDE532:LeaderElection86] INFO  impl.RaftServerImpl (RaftServerImpl.java:setRole(171)) - bb544b94-2c29-446f-b248-ddf7606e91f4:group-5C590FEDE532 changes role from CANDIDATE to LEADER at term 1 for changeToLeader
2019-08-29 08:22:11,996 [bb544b94-2c29-446f-b248-ddf7606e91f4:group-5C590FEDE532:LeaderElection86] INFO  impl.RaftServerImpl (ServerState.java:setLeader(263)) - bb544b94-2c29-446f-b248-ddf7606e91f4:group-5C590FEDE532 change Leader from null to bb544b94-2c29-446f-b248-ddf7606e91f4 at term 1 for becomeLeader, leader elected after 5257ms
2019-08-29 08:22:11,996 [bb544b94-2c29-446f-b248-ddf7606e91f4:group-5C590FEDE532:LeaderElection86] INFO  server.RaftServerConfigKeys (ConfUtils.java:logGet(43)) - raft.server.staging.catchup.gap = 1000 (default)
2019-08-29 08:22:11,996 [bb544b94-2c29-446f-b248-ddf7606e91f4:group-5C590FEDE532:LeaderElection86] INFO  server.RaftServerConfigKeys (ConfUtils.java:logGet(43)) - raft.server.rpc.sleep.time = 25ms (default)
2019-08-29 08:22:11,997 [bb544b94-2c29-446f-b248-ddf7606e91f4:group-5C590FEDE532:LeaderElection86] INFO  server.RaftServerConfigKeys (ConfUtils.java:logGet(43)) - raft.server.write.element-limit = 4096 (default)
2019-08-29 08:22:11,997 [bb544b94-2c29-446f-b248-ddf7606e91f4:group-5C590FEDE532:LeaderElection86] INFO  server.RaftServerConfigKeys (ConfUtils.java:logGet(43)) - raft.server.watch.timeout = 10s (default)
2019-08-29 08:22:11,997 [bb544b94-2c29-446f-b248-ddf7606e91f4:group-5C590FEDE532:LeaderElection86] INFO  server.RaftServerConfigKeys (ConfUtils.java:logGet(43)) - raft.server.watch.timeout.denomination = 1s (default)
2019-08-29 08:22:11,997 [bb544b94-2c29-446f-b248-ddf7606e91f4:group-5C590FEDE532:LeaderElection86] INFO  server.RaftServerConfigKeys (ConfUtils.java:logGet(43)) - raft.server.watch.element-limit = 65536 (default)
2019-08-29 08:22:11,997 [bb544b94-2c29-446f-b248-ddf7606e91f4:group-5C590FEDE532:LeaderElection86] INFO  impl.RoleInfo (RoleInfo.java:updateAndGet(143)) - bb544b94-2c29-446f-b248-ddf7606e91f4: start LeaderState
2019-08-29 08:22:11,998 [bb544b94-2c29-446f-b248-ddf7606e91f4:group-5C590FEDE532:LeaderElection86] INFO  segmented.SegmentedRaftLogWorker (SegmentedRaftLogWorker.java:startLogSegment(380)) - bb544b94-2c29-446f-b248-ddf7606e91f4-SegmentedRaftLogWorker:Storage Directory /workdir/hadoop-ozone/integration-test/target/test-dir/MiniOzoneClusterImpl-019c98e8-05ee-4a70-81cf-496e8301b746/datanode-0/data/ratis/654dbf1c-8ab5-42c9-8e4e-5c590fede532: Starting segment from index:0
2019-08-29 08:22:11,998 [bb544b94-2c29-446f-b248-ddf7606e91f4:group-5C590FEDE532:LeaderElection86] INFO  impl.RaftServerImpl (ServerState.java:setRaftConf(361)) - bb544b94-2c29-446f-b248-ddf7606e91f4:group-5C590FEDE532 set configuration 0: [bb544b94-2c29-446f-b248-ddf7606e91f4:192.168.69.111:40659], old=null at 0
2019-08-29 08:22:12,016 | INFO  | SCMAudit | user=jenkins1000 | ip=192.168.69.111 | op=SEND_HEARTBEAT {datanodeUUID=e9d0e0d0-c191-4593-8ede-e5f8bbf008c6, command=[]} | ret=SUCCESS |  
2019-08-29 08:22:12,039 [bb544b94-2c29-446f-b248-ddf7606e91f4-SegmentedRaftLogWorker:Storage Directory /workdir/hadoop-ozone/integration-test/target/test-dir/MiniOzoneClusterImpl-019c98e8-05ee-4a70-81cf-496e8301b746/datanode-0/data/ratis/654dbf1c-8ab5-42c9-8e4e-5c590fede532] INFO  segmented.SegmentedRaftLogWorker (SegmentedRaftLogWorker.java:execute(569)) - bb544b94-2c29-446f-b248-ddf7606e91f4-SegmentedRaftLogWorker:Storage Directory /workdir/hadoop-ozone/integration-test/target/test-dir/MiniOzoneClusterImpl-019c98e8-05ee-4a70-81cf-496e8301b746/datanode-0/data/ratis/654dbf1c-8ab5-42c9-8e4e-5c590fede532: created new log segment /workdir/hadoop-ozone/integration-test/target/test-dir/MiniOzoneClusterImpl-019c98e8-05ee-4a70-81cf-496e8301b746/datanode-0/data/ratis/654dbf1c-8ab5-42c9-8e4e-5c590fede532/current/log_inprogress_0
2019-08-29 08:22:12,039 [f860cc41-417e-4931-b71d-d109f40332d6:group-04341517355F:LeaderElection87] INFO  impl.LeaderElection (LeaderElection.java:askForVotes(181)) - f860cc41-417e-4931-b71d-d109f40332d6:group-04341517355F:LeaderElection87: begin an election at term 1 for -1: [f860cc41-417e-4931-b71d-d109f40332d6:192.168.69.111:33978], old=null
2019-08-29 08:22:12,039 [f860cc41-417e-4931-b71d-d109f40332d6:group-04341517355F:LeaderElection87] INFO  impl.RoleInfo (RoleInfo.java:shutdownLeaderElection(134)) - f860cc41-417e-4931-b71d-d109f40332d6: shutdown LeaderElection
2019-08-29 08:22:12,039 [f860cc41-417e-4931-b71d-d109f40332d6:group-04341517355F:LeaderElection87] INFO  impl.RaftServerImpl (RaftServerImpl.java:setRole(171)) - f860cc41-417e-4931-b71d-d109f40332d6:group-04341517355F changes role from CANDIDATE to LEADER at term 1 for changeToLeader
2019-08-29 08:22:12,039 [f860cc41-417e-4931-b71d-d109f40332d6:group-04341517355F:LeaderElection87] INFO  impl.RaftServerImpl (ServerState.java:setLeader(263)) - f860cc41-417e-4931-b71d-d109f40332d6:group-04341517355F change Leader from null to f860cc41-417e-4931-b71d-d109f40332d6 at term 1 for becomeLeader, leader elected after 5137ms
2019-08-29 08:22:12,040 [f860cc41-417e-4931-b71d-d109f40332d6:group-04341517355F:LeaderElection87] INFO  server.RaftServerConfigKeys (ConfUtils.java:logGet(43)) - raft.server.staging.catchup.gap = 1000 (default)
2019-08-29 08:22:12,040 [f860cc41-417e-4931-b71d-d109f40332d6:group-04341517355F:LeaderElection87] INFO  server.RaftServerConfigKeys (ConfUtils.java:logGet(43)) - raft.server.rpc.sleep.time = 25ms (default)
2019-08-29 08:22:12,040 [f860cc41-417e-4931-b71d-d109f40332d6:group-04341517355F:LeaderElection87] INFO  server.RaftServerConfigKeys (ConfUtils.java:logGet(43)) - raft.server.write.element-limit = 4096 (default)
2019-08-29 08:22:12,040 [f860cc41-417e-4931-b71d-d109f40332d6:group-04341517355F:LeaderElection87] INFO  server.RaftServerConfigKeys (ConfUtils.java:logGet(43)) - raft.server.watch.timeout = 10s (default)
2019-08-29 08:22:12,040 [f860cc41-417e-4931-b71d-d109f40332d6:group-04341517355F:LeaderElection87] INFO  server.RaftServerConfigKeys (ConfUtils.java:logGet(43)) - raft.server.watch.timeout.denomination = 1s (default)
2019-08-29 08:22:12,040 [f860cc41-417e-4931-b71d-d109f40332d6:group-04341517355F:LeaderElection87] INFO  server.RaftServerConfigKeys (ConfUtils.java:logGet(43)) - raft.server.watch.element-limit = 65536 (default)
2019-08-29 08:22:12,040 [f860cc41-417e-4931-b71d-d109f40332d6:group-04341517355F:LeaderElection87] INFO  impl.RoleInfo (RoleInfo.java:updateAndGet(143)) - f860cc41-417e-4931-b71d-d109f40332d6: start LeaderState
2019-08-29 08:22:12,041 [f860cc41-417e-4931-b71d-d109f40332d6:group-04341517355F:LeaderElection87] INFO  segmented.SegmentedRaftLogWorker (SegmentedRaftLogWorker.java:startLogSegment(380)) - f860cc41-417e-4931-b71d-d109f40332d6-SegmentedRaftLogWorker:Storage Directory /workdir/hadoop-ozone/integration-test/target/test-dir/MiniOzoneClusterImpl-019c98e8-05ee-4a70-81cf-496e8301b746/datanode-1/data/ratis/4d6397a4-5d68-4642-bf92-04341517355f: Starting segment from index:0
2019-08-29 08:22:12,041 [f860cc41-417e-4931-b71d-d109f40332d6:group-04341517355F:LeaderElection87] INFO  impl.RaftServerImpl (ServerState.java:setRaftConf(361)) - f860cc41-417e-4931-b71d-d109f40332d6:group-04341517355F set configuration 0: [f860cc41-417e-4931-b71d-d109f40332d6:192.168.69.111:33978], old=null at 0
2019-08-29 08:22:12,086 [f860cc41-417e-4931-b71d-d109f40332d6-SegmentedRaftLogWorker:Storage Directory /workdir/hadoop-ozone/integration-test/target/test-dir/MiniOzoneClusterImpl-019c98e8-05ee-4a70-81cf-496e8301b746/datanode-1/data/ratis/4d6397a4-5d68-4642-bf92-04341517355f] INFO  segmented.SegmentedRaftLogWorker (SegmentedRaftLogWorker.java:execute(569)) - f860cc41-417e-4931-b71d-d109f40332d6-SegmentedRaftLogWorker:Storage Directory /workdir/hadoop-ozone/integration-test/target/test-dir/MiniOzoneClusterImpl-019c98e8-05ee-4a70-81cf-496e8301b746/datanode-1/data/ratis/4d6397a4-5d68-4642-bf92-04341517355f: created new log segment /workdir/hadoop-ozone/integration-test/target/test-dir/MiniOzoneClusterImpl-019c98e8-05ee-4a70-81cf-496e8301b746/datanode-1/data/ratis/4d6397a4-5d68-4642-bf92-04341517355f/current/log_inprogress_0
2019-08-29 08:22:12,180 | INFO  | SCMAudit | user=jenkins1000 | ip=192.168.69.111 | op=SEND_HEARTBEAT {datanodeUUID=71ce2075-8fc0-4ce0-bdf6-c2c365f6371a, command=[]} | ret=SUCCESS |  
2019-08-29 08:22:12,230 [Thread-2476] INFO  impl.FollowerState (FollowerState.java:run(106)) - e9d0e0d0-c191-4593-8ede-e5f8bbf008c6:group-6E86CE23022E changes to CANDIDATE, lastRpcTime:5004, electionTimeout:5004ms
2019-08-29 08:22:12,230 [Thread-2476] INFO  impl.RoleInfo (RoleInfo.java:shutdownFollowerState(121)) - e9d0e0d0-c191-4593-8ede-e5f8bbf008c6: shutdown FollowerState
2019-08-29 08:22:12,230 [Thread-2476] INFO  impl.RaftServerImpl (RaftServerImpl.java:setRole(171)) - e9d0e0d0-c191-4593-8ede-e5f8bbf008c6:group-6E86CE23022E changes role from FOLLOWER to CANDIDATE at term 0 for changeToCandidate
2019-08-29 08:22:12,230 [Thread-2476] INFO  impl.RoleInfo (RoleInfo.java:updateAndGet(143)) - e9d0e0d0-c191-4593-8ede-e5f8bbf008c6: start LeaderElection
2019-08-29 08:22:12,315 [Thread-2468] INFO  impl.FollowerState (FollowerState.java:run(106)) - e9d0e0d0-c191-4593-8ede-e5f8bbf008c6:group-60E9B6CE19EC changes to CANDIDATE, lastRpcTime:5179, electionTimeout:5179ms
2019-08-29 08:22:12,315 [Thread-2468] INFO  impl.RoleInfo (RoleInfo.java:shutdownFollowerState(121)) - e9d0e0d0-c191-4593-8ede-e5f8bbf008c6: shutdown FollowerState
2019-08-29 08:22:12,315 [Thread-2468] INFO  impl.RaftServerImpl (RaftServerImpl.java:setRole(171)) - e9d0e0d0-c191-4593-8ede-e5f8bbf008c6:group-60E9B6CE19EC changes role from FOLLOWER to CANDIDATE at term 0 for changeToCandidate
2019-08-29 08:22:12,315 [Thread-2468] INFO  impl.RoleInfo (RoleInfo.java:updateAndGet(143)) - e9d0e0d0-c191-4593-8ede-e5f8bbf008c6: start LeaderElection
2019-08-29 08:22:12,323 [e9d0e0d0-c191-4593-8ede-e5f8bbf008c6:group-6E86CE23022E:LeaderElection88] INFO  impl.LeaderElection (LeaderElection.java:askForVotes(181)) - e9d0e0d0-c191-4593-8ede-e5f8bbf008c6:group-6E86CE23022E:LeaderElection88: begin an election at term 1 for -1: [e9d0e0d0-c191-4593-8ede-e5f8bbf008c6:192.168.69.111:46169, bb544b94-2c29-446f-b248-ddf7606e91f4:192.168.69.111:40659, f860cc41-417e-4931-b71d-d109f40332d6:192.168.69.111:33978], old=null
2019-08-29 08:22:12,327 [grpc-default-executor-9] INFO  impl.RaftServerImpl (RaftServerImpl.java:setRole(171)) - bb544b94-2c29-446f-b248-ddf7606e91f4:group-6E86CE23022E changes role from FOLLOWER to FOLLOWER at term 1 for recognizeCandidate:e9d0e0d0-c191-4593-8ede-e5f8bbf008c6
2019-08-29 08:22:12,327 [grpc-default-executor-4] INFO  impl.RaftServerImpl (RaftServerImpl.java:setRole(171)) - f860cc41-417e-4931-b71d-d109f40332d6:group-6E86CE23022E changes role from FOLLOWER to FOLLOWER at term 1 for recognizeCandidate:e9d0e0d0-c191-4593-8ede-e5f8bbf008c6
2019-08-29 08:22:12,327 [grpc-default-executor-9] INFO  impl.RoleInfo (RoleInfo.java:shutdownFollowerState(121)) - bb544b94-2c29-446f-b248-ddf7606e91f4: shutdown FollowerState
2019-08-29 08:22:12,327 [grpc-default-executor-4] INFO  impl.RoleInfo (RoleInfo.java:shutdownFollowerState(121)) - f860cc41-417e-4931-b71d-d109f40332d6: shutdown FollowerState
2019-08-29 08:22:12,327 [Thread-2474] INFO  impl.FollowerState (FollowerState.java:run(114)) - bb544b94-2c29-446f-b248-ddf7606e91f4: FollowerState was interrupted: java.lang.InterruptedException: sleep interrupted
2019-08-29 08:22:12,327 [grpc-default-executor-9] INFO  impl.RoleInfo (RoleInfo.java:updateAndGet(143)) - bb544b94-2c29-446f-b248-ddf7606e91f4: start FollowerState
2019-08-29 08:22:12,328 [Thread-2471] INFO  impl.FollowerState (FollowerState.java:run(114)) - f860cc41-417e-4931-b71d-d109f40332d6: FollowerState was interrupted: java.lang.InterruptedException: sleep interrupted
2019-08-29 08:22:12,328 [grpc-default-executor-4] INFO  impl.RoleInfo (RoleInfo.java:updateAndGet(143)) - f860cc41-417e-4931-b71d-d109f40332d6: start FollowerState
2019-08-29 08:22:12,363 | INFO  | SCMAudit | user=jenkins1000 | ip=192.168.69.111 | op=SEND_HEARTBEAT {datanodeUUID=b160e95c-e176-445b-9898-2ea637c3111e, command=[]} | ret=SUCCESS |  
2019-08-29 08:22:12,385 [e9d0e0d0-c191-4593-8ede-e5f8bbf008c6:group-60E9B6CE19EC:LeaderElection89] INFO  impl.LeaderElection (LeaderElection.java:askForVotes(181)) - e9d0e0d0-c191-4593-8ede-e5f8bbf008c6:group-60E9B6CE19EC:LeaderElection89: begin an election at term 1 for -1: [e9d0e0d0-c191-4593-8ede-e5f8bbf008c6:192.168.69.111:46169], old=null
2019-08-29 08:22:12,385 [e9d0e0d0-c191-4593-8ede-e5f8bbf008c6:group-60E9B6CE19EC:LeaderElection89] INFO  impl.RoleInfo (RoleInfo.java:shutdownLeaderElection(134)) - e9d0e0d0-c191-4593-8ede-e5f8bbf008c6: shutdown LeaderElection
2019-08-29 08:22:12,386 [e9d0e0d0-c191-4593-8ede-e5f8bbf008c6:group-60E9B6CE19EC:LeaderElection89] INFO  impl.RaftServerImpl (RaftServerImpl.java:setRole(171)) - e9d0e0d0-c191-4593-8ede-e5f8bbf008c6:group-60E9B6CE19EC changes role from CANDIDATE to LEADER at term 1 for changeToLeader
2019-08-29 08:22:12,386 [e9d0e0d0-c191-4593-8ede-e5f8bbf008c6:group-60E9B6CE19EC:LeaderElection89] INFO  impl.RaftServerImpl (ServerState.java:setLeader(263)) - e9d0e0d0-c191-4593-8ede-e5f8bbf008c6:group-60E9B6CE19EC change Leader from null to e9d0e0d0-c191-4593-8ede-e5f8bbf008c6 at term 1 for becomeLeader, leader elected after 5254ms
2019-08-29 08:22:12,386 [e9d0e0d0-c191-4593-8ede-e5f8bbf008c6:group-60E9B6CE19EC:LeaderElection89] INFO  server.RaftServerConfigKeys (ConfUtils.java:logGet(43)) - raft.server.staging.catchup.gap = 1000 (default)
2019-08-29 08:22:12,386 [e9d0e0d0-c191-4593-8ede-e5f8bbf008c6:group-60E9B6CE19EC:LeaderElection89] INFO  server.RaftServerConfigKeys (ConfUtils.java:logGet(43)) - raft.server.rpc.sleep.time = 25ms (default)
2019-08-29 08:22:12,386 [e9d0e0d0-c191-4593-8ede-e5f8bbf008c6:group-6E86CE23022E:LeaderElection88] INFO  impl.LeaderElection (LeaderElection.java:logAndReturn(56)) - e9d0e0d0-c191-4593-8ede-e5f8bbf008c6:group-6E86CE23022E:LeaderElection88: Election PASSED; received 1 response(s) [e9d0e0d0-c191-4593-8ede-e5f8bbf008c6<-f860cc41-417e-4931-b71d-d109f40332d6#0:OK-t1] and 0 exception(s); e9d0e0d0-c191-4593-8ede-e5f8bbf008c6:t1, leader=null, voted=e9d0e0d0-c191-4593-8ede-e5f8bbf008c6, raftlog=e9d0e0d0-c191-4593-8ede-e5f8bbf008c6-SegmentedRaftLog:OPENED:c-1,f-1,i0, conf=-1: [e9d0e0d0-c191-4593-8ede-e5f8bbf008c6:192.168.69.111:46169, bb544b94-2c29-446f-b248-ddf7606e91f4:192.168.69.111:40659, f860cc41-417e-4931-b71d-d109f40332d6:192.168.69.111:33978], old=null
2019-08-29 08:22:12,386 [e9d0e0d0-c191-4593-8ede-e5f8bbf008c6:group-60E9B6CE19EC:LeaderElection89] INFO  server.RaftServerConfigKeys (ConfUtils.java:logGet(43)) - raft.server.write.element-limit = 4096 (default)
2019-08-29 08:22:12,386 [e9d0e0d0-c191-4593-8ede-e5f8bbf008c6:group-6E86CE23022E:LeaderElection88] INFO  impl.RoleInfo (RoleInfo.java:shutdownLeaderElection(134)) - e9d0e0d0-c191-4593-8ede-e5f8bbf008c6: shutdown LeaderElection
2019-08-29 08:22:12,386 [e9d0e0d0-c191-4593-8ede-e5f8bbf008c6:group-60E9B6CE19EC:LeaderElection89] INFO  server.RaftServerConfigKeys (ConfUtils.java:logGet(43)) - raft.server.watch.timeout = 10s (default)
2019-08-29 08:22:12,386 [e9d0e0d0-c191-4593-8ede-e5f8bbf008c6:group-6E86CE23022E:LeaderElection88] INFO  impl.RaftServerImpl (RaftServerImpl.java:setRole(171)) - e9d0e0d0-c191-4593-8ede-e5f8bbf008c6:group-6E86CE23022E changes role from CANDIDATE to LEADER at term 1 for changeToLeader
2019-08-29 08:22:12,387 [e9d0e0d0-c191-4593-8ede-e5f8bbf008c6:group-60E9B6CE19EC:LeaderElection89] INFO  server.RaftServerConfigKeys (ConfUtils.java:logGet(43)) - raft.server.watch.timeout.denomination = 1s (default)
2019-08-29 08:22:12,387 [e9d0e0d0-c191-4593-8ede-e5f8bbf008c6:group-6E86CE23022E:LeaderElection88] INFO  impl.RaftServerImpl (ServerState.java:setLeader(263)) - e9d0e0d0-c191-4593-8ede-e5f8bbf008c6:group-6E86CE23022E change Leader from null to e9d0e0d0-c191-4593-8ede-e5f8bbf008c6 at term 1 for becomeLeader, leader elected after 5174ms
2019-08-29 08:22:12,387 [e9d0e0d0-c191-4593-8ede-e5f8bbf008c6:group-60E9B6CE19EC:LeaderElection89] INFO  server.RaftServerConfigKeys (ConfUtils.java:logGet(43)) - raft.server.watch.element-limit = 65536 (default)
2019-08-29 08:22:12,387 [e9d0e0d0-c191-4593-8ede-e5f8bbf008c6:group-6E86CE23022E:LeaderElection88] INFO  server.RaftServerConfigKeys (ConfUtils.java:logGet(43)) - raft.server.staging.catchup.gap = 1000 (default)
2019-08-29 08:22:12,387 [e9d0e0d0-c191-4593-8ede-e5f8bbf008c6:group-6E86CE23022E:LeaderElection88] INFO  server.RaftServerConfigKeys (ConfUtils.java:logGet(43)) - raft.server.rpc.sleep.time = 25ms (default)
2019-08-29 08:22:12,387 [e9d0e0d0-c191-4593-8ede-e5f8bbf008c6:group-60E9B6CE19EC:LeaderElection89] INFO  impl.RoleInfo (RoleInfo.java:updateAndGet(143)) - e9d0e0d0-c191-4593-8ede-e5f8bbf008c6: start LeaderState
2019-08-29 08:22:12,387 [e9d0e0d0-c191-4593-8ede-e5f8bbf008c6:group-6E86CE23022E:LeaderElection88] INFO  server.RaftServerConfigKeys (ConfUtils.java:logGet(43)) - raft.server.write.element-limit = 4096 (default)
2019-08-29 08:22:12,387 [e9d0e0d0-c191-4593-8ede-e5f8bbf008c6:group-6E86CE23022E:LeaderElection88] INFO  server.RaftServerConfigKeys (ConfUtils.java:logGet(43)) - raft.server.watch.timeout = 10s (default)
2019-08-29 08:22:12,387 [e9d0e0d0-c191-4593-8ede-e5f8bbf008c6:group-60E9B6CE19EC:LeaderElection89] INFO  segmented.SegmentedRaftLogWorker (SegmentedRaftLogWorker.java:startLogSegment(380)) - e9d0e0d0-c191-4593-8ede-e5f8bbf008c6-SegmentedRaftLogWorker:Storage Directory /workdir/hadoop-ozone/integration-test/target/test-dir/MiniOzoneClusterImpl-019c98e8-05ee-4a70-81cf-496e8301b746/datanode-2/data/ratis/251fa44a-4632-4d7a-a947-60e9b6ce19ec: Starting segment from index:0
2019-08-29 08:22:12,387 [e9d0e0d0-c191-4593-8ede-e5f8bbf008c6:group-6E86CE23022E:LeaderElection88] INFO  server.RaftServerConfigKeys (ConfUtils.java:logGet(43)) - raft.server.watch.timeout.denomination = 1s (default)
2019-08-29 08:22:12,388 [e9d0e0d0-c191-4593-8ede-e5f8bbf008c6:group-6E86CE23022E:LeaderElection88] INFO  server.RaftServerConfigKeys (ConfUtils.java:logGet(43)) - raft.server.watch.element-limit = 65536 (default)
2019-08-29 08:22:12,388 [e9d0e0d0-c191-4593-8ede-e5f8bbf008c6:group-6E86CE23022E:LeaderElection88] INFO  server.RaftServerConfigKeys (ConfUtils.java:logGet(43)) - raft.server.log.appender.snapshot.chunk.size.max = 16MB (=16777216) (default)
2019-08-29 08:22:12,388 [e9d0e0d0-c191-4593-8ede-e5f8bbf008c6:group-60E9B6CE19EC:LeaderElection89] INFO  impl.RaftServerImpl (ServerState.java:setRaftConf(361)) - e9d0e0d0-c191-4593-8ede-e5f8bbf008c6:group-60E9B6CE19EC set configuration 0: [e9d0e0d0-c191-4593-8ede-e5f8bbf008c6:192.168.69.111:46169], old=null at 0
2019-08-29 08:22:12,388 [e9d0e0d0-c191-4593-8ede-e5f8bbf008c6:group-6E86CE23022E:LeaderElection88] INFO  server.RaftServerConfigKeys (ConfUtils.java:logGet(43)) - raft.server.log.appender.buffer.byte-limit = 33554432 (custom)
2019-08-29 08:22:12,388 [e9d0e0d0-c191-4593-8ede-e5f8bbf008c6:group-6E86CE23022E:LeaderElection88] INFO  server.RaftServerConfigKeys (ConfUtils.java:logGet(43)) - raft.server.log.appender.buffer.element-limit = 1 (custom)
2019-08-29 08:22:12,388 [e9d0e0d0-c191-4593-8ede-e5f8bbf008c6:group-6E86CE23022E:LeaderElection88] INFO  grpc.GrpcConfigKeys$Server (ConfUtils.java:logGet(43)) - raft.grpc.server.leader.outstanding.appends.max = 128 (default)
2019-08-29 08:22:12,388 [e9d0e0d0-c191-4593-8ede-e5f8bbf008c6:group-6E86CE23022E:LeaderElection88] INFO  server.RaftServerConfigKeys (ConfUtils.java:logGet(43)) - raft.server.rpc.request.timeout = 3000ms (default)
2019-08-29 08:22:12,388 [e9d0e0d0-c191-4593-8ede-e5f8bbf008c6:group-6E86CE23022E:LeaderElection88] INFO  server.RaftServerConfigKeys (ConfUtils.java:logGet(43)) - raft.server.log.appender.install.snapshot.enabled = false (custom)
2019-08-29 08:22:12,389 [e9d0e0d0-c191-4593-8ede-e5f8bbf008c6:group-6E86CE23022E:LeaderElection88] INFO  server.RaftServerConfigKeys (ConfUtils.java:logGet(43)) - raft.server.log.appender.snapshot.chunk.size.max = 16MB (=16777216) (default)
2019-08-29 08:22:12,389 [e9d0e0d0-c191-4593-8ede-e5f8bbf008c6:group-6E86CE23022E:LeaderElection88] INFO  server.RaftServerConfigKeys (ConfUtils.java:logGet(43)) - raft.server.log.appender.buffer.byte-limit = 33554432 (custom)
2019-08-29 08:22:12,389 [e9d0e0d0-c191-4593-8ede-e5f8bbf008c6:group-6E86CE23022E:LeaderElection88] INFO  server.RaftServerConfigKeys (ConfUtils.java:logGet(43)) - raft.server.log.appender.buffer.element-limit = 1 (custom)
2019-08-29 08:22:12,389 [e9d0e0d0-c191-4593-8ede-e5f8bbf008c6:group-6E86CE23022E:LeaderElection88] INFO  grpc.GrpcConfigKeys$Server (ConfUtils.java:logGet(43)) - raft.grpc.server.leader.outstanding.appends.max = 128 (default)
2019-08-29 08:22:12,389 [e9d0e0d0-c191-4593-8ede-e5f8bbf008c6:group-6E86CE23022E:LeaderElection88] INFO  server.RaftServerConfigKeys (ConfUtils.java:logGet(43)) - raft.server.rpc.request.timeout = 3000ms (default)
2019-08-29 08:22:12,389 [e9d0e0d0-c191-4593-8ede-e5f8bbf008c6:group-6E86CE23022E:LeaderElection88] INFO  server.RaftServerConfigKeys (ConfUtils.java:logGet(43)) - raft.server.log.appender.install.snapshot.enabled = false (custom)
2019-08-29 08:22:12,389 [e9d0e0d0-c191-4593-8ede-e5f8bbf008c6:group-6E86CE23022E:LeaderElection88] INFO  impl.RoleInfo (RoleInfo.java:updateAndGet(143)) - e9d0e0d0-c191-4593-8ede-e5f8bbf008c6: start LeaderState
2019-08-29 08:22:12,389 [e9d0e0d0-c191-4593-8ede-e5f8bbf008c6:group-6E86CE23022E:LeaderElection88] INFO  segmented.SegmentedRaftLogWorker (SegmentedRaftLogWorker.java:startLogSegment(380)) - e9d0e0d0-c191-4593-8ede-e5f8bbf008c6-SegmentedRaftLogWorker:Storage Directory /workdir/hadoop-ozone/integration-test/target/test-dir/MiniOzoneClusterImpl-019c98e8-05ee-4a70-81cf-496e8301b746/datanode-2/data/ratis/206e9bac-fb41-4f74-bc25-6e86ce23022e: Starting segment from index:0
2019-08-29 08:22:12,390 [e9d0e0d0-c191-4593-8ede-e5f8bbf008c6:group-6E86CE23022E:LeaderElection88] INFO  impl.RaftServerImpl (ServerState.java:setRaftConf(361)) - e9d0e0d0-c191-4593-8ede-e5f8bbf008c6:group-6E86CE23022E set configuration 0: [e9d0e0d0-c191-4593-8ede-e5f8bbf008c6:192.168.69.111:46169, bb544b94-2c29-446f-b248-ddf7606e91f4:192.168.69.111:40659, f860cc41-417e-4931-b71d-d109f40332d6:192.168.69.111:33978], old=null at 0
2019-08-29 08:22:12,392 [grpc-default-executor-4] INFO  impl.RaftServerImpl (ServerState.java:setLeader(263)) - f860cc41-417e-4931-b71d-d109f40332d6:group-6E86CE23022E change Leader from null to e9d0e0d0-c191-4593-8ede-e5f8bbf008c6 at term 1 for appendEntries, leader elected after 5179ms
2019-08-29 08:22:12,393 [grpc-default-executor-9] INFO  impl.RaftServerImpl (ServerState.java:setLeader(263)) - bb544b94-2c29-446f-b248-ddf7606e91f4:group-6E86CE23022E change Leader from null to e9d0e0d0-c191-4593-8ede-e5f8bbf008c6 at term 1 for appendEntries, leader elected after 5179ms
2019-08-29 08:22:12,413 [grpc-default-executor-9] INFO  impl.RaftServerImpl (ServerState.java:setRaftConf(361)) - bb544b94-2c29-446f-b248-ddf7606e91f4:group-6E86CE23022E set configuration 0: [e9d0e0d0-c191-4593-8ede-e5f8bbf008c6:192.168.69.111:46169, bb544b94-2c29-446f-b248-ddf7606e91f4:192.168.69.111:40659, f860cc41-417e-4931-b71d-d109f40332d6:192.168.69.111:33978], old=null at 0
2019-08-29 08:22:12,413 [grpc-default-executor-4] INFO  impl.RaftServerImpl (ServerState.java:setRaftConf(361)) - f860cc41-417e-4931-b71d-d109f40332d6:group-6E86CE23022E set configuration 0: [e9d0e0d0-c191-4593-8ede-e5f8bbf008c6:192.168.69.111:46169, bb544b94-2c29-446f-b248-ddf7606e91f4:192.168.69.111:40659, f860cc41-417e-4931-b71d-d109f40332d6:192.168.69.111:33978], old=null at 0
2019-08-29 08:22:12,413 [grpc-default-executor-9] INFO  segmented.SegmentedRaftLogWorker (SegmentedRaftLogWorker.java:startLogSegment(380)) - bb544b94-2c29-446f-b248-ddf7606e91f4-SegmentedRaftLogWorker:Storage Directory /workdir/hadoop-ozone/integration-test/target/test-dir/MiniOzoneClusterImpl-019c98e8-05ee-4a70-81cf-496e8301b746/datanode-0/data/ratis/206e9bac-fb41-4f74-bc25-6e86ce23022e: Starting segment from index:0
2019-08-29 08:22:12,413 [grpc-default-executor-4] INFO  segmented.SegmentedRaftLogWorker (SegmentedRaftLogWorker.java:startLogSegment(380)) - f860cc41-417e-4931-b71d-d109f40332d6-SegmentedRaftLogWorker:Storage Directory /workdir/hadoop-ozone/integration-test/target/test-dir/MiniOzoneClusterImpl-019c98e8-05ee-4a70-81cf-496e8301b746/datanode-1/data/ratis/206e9bac-fb41-4f74-bc25-6e86ce23022e: Starting segment from index:0
2019-08-29 08:22:12,471 [bb544b94-2c29-446f-b248-ddf7606e91f4-SegmentedRaftLogWorker:Storage Directory /workdir/hadoop-ozone/integration-test/target/test-dir/MiniOzoneClusterImpl-019c98e8-05ee-4a70-81cf-496e8301b746/datanode-0/data/ratis/206e9bac-fb41-4f74-bc25-6e86ce23022e] INFO  segmented.SegmentedRaftLogWorker (SegmentedRaftLogWorker.java:execute(569)) - bb544b94-2c29-446f-b248-ddf7606e91f4-SegmentedRaftLogWorker:Storage Directory /workdir/hadoop-ozone/integration-test/target/test-dir/MiniOzoneClusterImpl-019c98e8-05ee-4a70-81cf-496e8301b746/datanode-0/data/ratis/206e9bac-fb41-4f74-bc25-6e86ce23022e: created new log segment /workdir/hadoop-ozone/integration-test/target/test-dir/MiniOzoneClusterImpl-019c98e8-05ee-4a70-81cf-496e8301b746/datanode-0/data/ratis/206e9bac-fb41-4f74-bc25-6e86ce23022e/current/log_inprogress_0
2019-08-29 08:22:12,471 [f860cc41-417e-4931-b71d-d109f40332d6-SegmentedRaftLogWorker:Storage Directory /workdir/hadoop-ozone/integration-test/target/test-dir/MiniOzoneClusterImpl-019c98e8-05ee-4a70-81cf-496e8301b746/datanode-1/data/ratis/206e9bac-fb41-4f74-bc25-6e86ce23022e] INFO  segmented.SegmentedRaftLogWorker (SegmentedRaftLogWorker.java:execute(569)) - f860cc41-417e-4931-b71d-d109f40332d6-SegmentedRaftLogWorker:Storage Directory /workdir/hadoop-ozone/integration-test/target/test-dir/MiniOzoneClusterImpl-019c98e8-05ee-4a70-81cf-496e8301b746/datanode-1/data/ratis/206e9bac-fb41-4f74-bc25-6e86ce23022e: created new log segment /workdir/hadoop-ozone/integration-test/target/test-dir/MiniOzoneClusterImpl-019c98e8-05ee-4a70-81cf-496e8301b746/datanode-1/data/ratis/206e9bac-fb41-4f74-bc25-6e86ce23022e/current/log_inprogress_0
2019-08-29 08:22:12,471 [e9d0e0d0-c191-4593-8ede-e5f8bbf008c6-SegmentedRaftLogWorker:Storage Directory /workdir/hadoop-ozone/integration-test/target/test-dir/MiniOzoneClusterImpl-019c98e8-05ee-4a70-81cf-496e8301b746/datanode-2/data/ratis/251fa44a-4632-4d7a-a947-60e9b6ce19ec] INFO  segmented.SegmentedRaftLogWorker (SegmentedRaftLogWorker.java:execute(569)) - e9d0e0d0-c191-4593-8ede-e5f8bbf008c6-SegmentedRaftLogWorker:Storage Directory /workdir/hadoop-ozone/integration-test/target/test-dir/MiniOzoneClusterImpl-019c98e8-05ee-4a70-81cf-496e8301b746/datanode-2/data/ratis/251fa44a-4632-4d7a-a947-60e9b6ce19ec: created new log segment /workdir/hadoop-ozone/integration-test/target/test-dir/MiniOzoneClusterImpl-019c98e8-05ee-4a70-81cf-496e8301b746/datanode-2/data/ratis/251fa44a-4632-4d7a-a947-60e9b6ce19ec/current/log_inprogress_0
2019-08-29 08:22:12,471 [e9d0e0d0-c191-4593-8ede-e5f8bbf008c6-SegmentedRaftLogWorker:Storage Directory /workdir/hadoop-ozone/integration-test/target/test-dir/MiniOzoneClusterImpl-019c98e8-05ee-4a70-81cf-496e8301b746/datanode-2/data/ratis/206e9bac-fb41-4f74-bc25-6e86ce23022e] INFO  segmented.SegmentedRaftLogWorker (SegmentedRaftLogWorker.java:execute(569)) - e9d0e0d0-c191-4593-8ede-e5f8bbf008c6-SegmentedRaftLogWorker:Storage Directory /workdir/hadoop-ozone/integration-test/target/test-dir/MiniOzoneClusterImpl-019c98e8-05ee-4a70-81cf-496e8301b746/datanode-2/data/ratis/206e9bac-fb41-4f74-bc25-6e86ce23022e: created new log segment /workdir/hadoop-ozone/integration-test/target/test-dir/MiniOzoneClusterImpl-019c98e8-05ee-4a70-81cf-496e8301b746/datanode-2/data/ratis/206e9bac-fb41-4f74-bc25-6e86ce23022e/current/log_inprogress_0
2019-08-29 08:22:12,575 [Thread-2483] INFO  impl.FollowerState (FollowerState.java:run(106)) - b160e95c-e176-445b-9898-2ea637c3111e:group-BBAD912C9F33 changes to CANDIDATE, lastRpcTime:5082, electionTimeout:5082ms
2019-08-29 08:22:12,576 [Thread-2483] INFO  impl.RoleInfo (RoleInfo.java:shutdownFollowerState(121)) - b160e95c-e176-445b-9898-2ea637c3111e: shutdown FollowerState
2019-08-29 08:22:12,576 [Thread-2483] INFO  impl.RaftServerImpl (RaftServerImpl.java:setRole(171)) - b160e95c-e176-445b-9898-2ea637c3111e:group-BBAD912C9F33 changes role from FOLLOWER to CANDIDATE at term 0 for changeToCandidate
2019-08-29 08:22:12,576 [Thread-2483] INFO  impl.RoleInfo (RoleInfo.java:updateAndGet(143)) - b160e95c-e176-445b-9898-2ea637c3111e: start LeaderElection
2019-08-29 08:22:12,594 | INFO  | SCMAudit | user=jenkins1000 | ip=192.168.69.111 | op=SEND_HEARTBEAT {datanodeUUID=75b5c139-66d5-483f-a402-babe56ab3281, command=[]} | ret=SUCCESS |  
2019-08-29 08:22:12,615 [Thread-2480] INFO  impl.FollowerState (FollowerState.java:run(106)) - 71ce2075-8fc0-4ce0-bdf6-c2c365f6371a:group-FE6BBCEC7F20 changes to CANDIDATE, lastRpcTime:5190, electionTimeout:5190ms
2019-08-29 08:22:12,615 [Thread-2480] INFO  impl.RoleInfo (RoleInfo.java:shutdownFollowerState(121)) - 71ce2075-8fc0-4ce0-bdf6-c2c365f6371a: shutdown FollowerState
2019-08-29 08:22:12,615 [Thread-2480] INFO  impl.RaftServerImpl (RaftServerImpl.java:setRole(171)) - 71ce2075-8fc0-4ce0-bdf6-c2c365f6371a:group-FE6BBCEC7F20 changes role from FOLLOWER to CANDIDATE at term 0 for changeToCandidate
2019-08-29 08:22:12,615 [Thread-2480] INFO  impl.RoleInfo (RoleInfo.java:updateAndGet(143)) - 71ce2075-8fc0-4ce0-bdf6-c2c365f6371a: start LeaderElection
2019-08-29 08:22:12,637 [b160e95c-e176-445b-9898-2ea637c3111e:group-BBAD912C9F33:LeaderElection90] INFO  impl.LeaderElection (LeaderElection.java:askForVotes(181)) - b160e95c-e176-445b-9898-2ea637c3111e:group-BBAD912C9F33:LeaderElection90: begin an election at term 1 for -1: [b160e95c-e176-445b-9898-2ea637c3111e:192.168.69.111:45193], old=null
2019-08-29 08:22:12,637 [b160e95c-e176-445b-9898-2ea637c3111e:group-BBAD912C9F33:LeaderElection90] INFO  impl.RoleInfo (RoleInfo.java:shutdownLeaderElection(134)) - b160e95c-e176-445b-9898-2ea637c3111e: shutdown LeaderElection
2019-08-29 08:22:12,637 [b160e95c-e176-445b-9898-2ea637c3111e:group-BBAD912C9F33:LeaderElection90] INFO  impl.RaftServerImpl (RaftServerImpl.java:setRole(171)) - b160e95c-e176-445b-9898-2ea637c3111e:group-BBAD912C9F33 changes role from CANDIDATE to LEADER at term 1 for changeToLeader
2019-08-29 08:22:12,637 [b160e95c-e176-445b-9898-2ea637c3111e:group-BBAD912C9F33:LeaderElection90] INFO  impl.RaftServerImpl (ServerState.java:setLeader(263)) - b160e95c-e176-445b-9898-2ea637c3111e:group-BBAD912C9F33 change Leader from null to b160e95c-e176-445b-9898-2ea637c3111e at term 1 for becomeLeader, leader elected after 5147ms
2019-08-29 08:22:12,637 [b160e95c-e176-445b-9898-2ea637c3111e:group-BBAD912C9F33:LeaderElection90] INFO  server.RaftServerConfigKeys (ConfUtils.java:logGet(43)) - raft.server.staging.catchup.gap = 1000 (default)
2019-08-29 08:22:12,637 [b160e95c-e176-445b-9898-2ea637c3111e:group-BBAD912C9F33:LeaderElection90] INFO  server.RaftServerConfigKeys (ConfUtils.java:logGet(43)) - raft.server.rpc.sleep.time = 25ms (default)
2019-08-29 08:22:12,637 [b160e95c-e176-445b-9898-2ea637c3111e:group-BBAD912C9F33:LeaderElection90] INFO  server.RaftServerConfigKeys (ConfUtils.java:logGet(43)) - raft.server.write.element-limit = 4096 (default)
2019-08-29 08:22:12,637 [b160e95c-e176-445b-9898-2ea637c3111e:group-BBAD912C9F33:LeaderElection90] INFO  server.RaftServerConfigKeys (ConfUtils.java:logGet(43)) - raft.server.watch.timeout = 10s (default)
2019-08-29 08:22:12,638 [b160e95c-e176-445b-9898-2ea637c3111e:group-BBAD912C9F33:LeaderElection90] INFO  server.RaftServerConfigKeys (ConfUtils.java:logGet(43)) - raft.server.watch.timeout.denomination = 1s (default)
2019-08-29 08:22:12,638 [b160e95c-e176-445b-9898-2ea637c3111e:group-BBAD912C9F33:LeaderElection90] INFO  server.RaftServerConfigKeys (ConfUtils.java:logGet(43)) - raft.server.watch.element-limit = 65536 (default)
2019-08-29 08:22:12,638 [b160e95c-e176-445b-9898-2ea637c3111e:group-BBAD912C9F33:LeaderElection90] INFO  impl.RoleInfo (RoleInfo.java:updateAndGet(143)) - b160e95c-e176-445b-9898-2ea637c3111e: start LeaderState
2019-08-29 08:22:12,638 [b160e95c-e176-445b-9898-2ea637c3111e:group-BBAD912C9F33:LeaderElection90] INFO  segmented.SegmentedRaftLogWorker (SegmentedRaftLogWorker.java:startLogSegment(380)) - b160e95c-e176-445b-9898-2ea637c3111e-SegmentedRaftLogWorker:Storage Directory /workdir/hadoop-ozone/integration-test/target/test-dir/MiniOzoneClusterImpl-019c98e8-05ee-4a70-81cf-496e8301b746/datanode-4/data/ratis/4b61d3bf-e6d9-4429-909a-bbad912c9f33: Starting segment from index:0
2019-08-29 08:22:12,639 [b160e95c-e176-445b-9898-2ea637c3111e:group-BBAD912C9F33:LeaderElection90] INFO  impl.RaftServerImpl (ServerState.java:setRaftConf(361)) - b160e95c-e176-445b-9898-2ea637c3111e:group-BBAD912C9F33 set configuration 0: [b160e95c-e176-445b-9898-2ea637c3111e:192.168.69.111:45193], old=null at 0
2019-08-29 08:22:12,665 [71ce2075-8fc0-4ce0-bdf6-c2c365f6371a:group-FE6BBCEC7F20:LeaderElection91] INFO  impl.LeaderElection (LeaderElection.java:askForVotes(181)) - 71ce2075-8fc0-4ce0-bdf6-c2c365f6371a:group-FE6BBCEC7F20:LeaderElection91: begin an election at term 1 for -1: [71ce2075-8fc0-4ce0-bdf6-c2c365f6371a:192.168.69.111:43546], old=null
2019-08-29 08:22:12,666 [71ce2075-8fc0-4ce0-bdf6-c2c365f6371a:group-FE6BBCEC7F20:LeaderElection91] INFO  impl.RoleInfo (RoleInfo.java:shutdownLeaderElection(134)) - 71ce2075-8fc0-4ce0-bdf6-c2c365f6371a: shutdown LeaderElection
2019-08-29 08:22:12,666 [71ce2075-8fc0-4ce0-bdf6-c2c365f6371a:group-FE6BBCEC7F20:LeaderElection91] INFO  impl.RaftServerImpl (RaftServerImpl.java:setRole(171)) - 71ce2075-8fc0-4ce0-bdf6-c2c365f6371a:group-FE6BBCEC7F20 changes role from CANDIDATE to LEADER at term 1 for changeToLeader
2019-08-29 08:22:12,666 [71ce2075-8fc0-4ce0-bdf6-c2c365f6371a:group-FE6BBCEC7F20:LeaderElection91] INFO  impl.RaftServerImpl (ServerState.java:setLeader(263)) - 71ce2075-8fc0-4ce0-bdf6-c2c365f6371a:group-FE6BBCEC7F20 change Leader from null to 71ce2075-8fc0-4ce0-bdf6-c2c365f6371a at term 1 for becomeLeader, leader elected after 5244ms
2019-08-29 08:22:12,666 [71ce2075-8fc0-4ce0-bdf6-c2c365f6371a:group-FE6BBCEC7F20:LeaderElection91] INFO  server.RaftServerConfigKeys (ConfUtils.java:logGet(43)) - raft.server.staging.catchup.gap = 1000 (default)
2019-08-29 08:22:12,666 [71ce2075-8fc0-4ce0-bdf6-c2c365f6371a:group-FE6BBCEC7F20:LeaderElection91] INFO  server.RaftServerConfigKeys (ConfUtils.java:logGet(43)) - raft.server.rpc.sleep.time = 25ms (default)
2019-08-29 08:22:12,666 [71ce2075-8fc0-4ce0-bdf6-c2c365f6371a:group-FE6BBCEC7F20:LeaderElection91] INFO  server.RaftServerConfigKeys (ConfUtils.java:logGet(43)) - raft.server.write.element-limit = 4096 (default)
2019-08-29 08:22:12,666 [71ce2075-8fc0-4ce0-bdf6-c2c365f6371a:group-FE6BBCEC7F20:LeaderElection91] INFO  server.RaftServerConfigKeys (ConfUtils.java:logGet(43)) - raft.server.watch.timeout = 10s (default)
2019-08-29 08:22:12,666 [71ce2075-8fc0-4ce0-bdf6-c2c365f6371a:group-FE6BBCEC7F20:LeaderElection91] INFO  server.RaftServerConfigKeys (ConfUtils.java:logGet(43)) - raft.server.watch.timeout.denomination = 1s (default)
2019-08-29 08:22:12,666 [71ce2075-8fc0-4ce0-bdf6-c2c365f6371a:group-FE6BBCEC7F20:LeaderElection91] INFO  server.RaftServerConfigKeys (ConfUtils.java:logGet(43)) - raft.server.watch.element-limit = 65536 (default)
2019-08-29 08:22:12,667 [71ce2075-8fc0-4ce0-bdf6-c2c365f6371a:group-FE6BBCEC7F20:LeaderElection91] INFO  impl.RoleInfo (RoleInfo.java:updateAndGet(143)) - 71ce2075-8fc0-4ce0-bdf6-c2c365f6371a: start LeaderState
2019-08-29 08:22:12,667 [71ce2075-8fc0-4ce0-bdf6-c2c365f6371a:group-FE6BBCEC7F20:LeaderElection91] INFO  segmented.SegmentedRaftLogWorker (SegmentedRaftLogWorker.java:startLogSegment(380)) - 71ce2075-8fc0-4ce0-bdf6-c2c365f6371a-SegmentedRaftLogWorker:Storage Directory /workdir/hadoop-ozone/integration-test/target/test-dir/MiniOzoneClusterImpl-019c98e8-05ee-4a70-81cf-496e8301b746/datanode-3/data/ratis/55269900-a1ac-4250-b26b-fe6bbcec7f20: Starting segment from index:0
2019-08-29 08:22:12,667 | INFO  | SCMAudit | user=jenkins1000 | ip=192.168.69.111 | op=SEND_HEARTBEAT {datanodeUUID=bb544b94-2c29-446f-b248-ddf7606e91f4, command=[]} | ret=SUCCESS |  
2019-08-29 08:22:12,667 [71ce2075-8fc0-4ce0-bdf6-c2c365f6371a:group-FE6BBCEC7F20:LeaderElection91] INFO  impl.RaftServerImpl (ServerState.java:setRaftConf(361)) - 71ce2075-8fc0-4ce0-bdf6-c2c365f6371a:group-FE6BBCEC7F20 set configuration 0: [71ce2075-8fc0-4ce0-bdf6-c2c365f6371a:192.168.69.111:43546], old=null at 0
2019-08-29 08:22:12,692 [Thread-2486] INFO  impl.FollowerState (FollowerState.java:run(106)) - 75b5c139-66d5-483f-a402-babe56ab3281:group-9F87CAC88CD8 changes to CANDIDATE, lastRpcTime:5030, electionTimeout:5030ms
2019-08-29 08:22:12,692 [Thread-2486] INFO  impl.RoleInfo (RoleInfo.java:shutdownFollowerState(121)) - 75b5c139-66d5-483f-a402-babe56ab3281: shutdown FollowerState
2019-08-29 08:22:12,692 [Thread-2486] INFO  impl.RaftServerImpl (RaftServerImpl.java:setRole(171)) - 75b5c139-66d5-483f-a402-babe56ab3281:group-9F87CAC88CD8 changes role from FOLLOWER to CANDIDATE at term 0 for changeToCandidate
2019-08-29 08:22:12,692 [Thread-2486] INFO  impl.RoleInfo (RoleInfo.java:updateAndGet(143)) - 75b5c139-66d5-483f-a402-babe56ab3281: start LeaderElection
2019-08-29 08:22:12,703 [b160e95c-e176-445b-9898-2ea637c3111e-SegmentedRaftLogWorker:Storage Directory /workdir/hadoop-ozone/integration-test/target/test-dir/MiniOzoneClusterImpl-019c98e8-05ee-4a70-81cf-496e8301b746/datanode-4/data/ratis/4b61d3bf-e6d9-4429-909a-bbad912c9f33] INFO  segmented.SegmentedRaftLogWorker (SegmentedRaftLogWorker.java:execute(569)) - b160e95c-e176-445b-9898-2ea637c3111e-SegmentedRaftLogWorker:Storage Directory /workdir/hadoop-ozone/integration-test/target/test-dir/MiniOzoneClusterImpl-019c98e8-05ee-4a70-81cf-496e8301b746/datanode-4/data/ratis/4b61d3bf-e6d9-4429-909a-bbad912c9f33: created new log segment /workdir/hadoop-ozone/integration-test/target/test-dir/MiniOzoneClusterImpl-019c98e8-05ee-4a70-81cf-496e8301b746/datanode-4/data/ratis/4b61d3bf-e6d9-4429-909a-bbad912c9f33/current/log_inprogress_0
2019-08-29 08:22:12,738 [71ce2075-8fc0-4ce0-bdf6-c2c365f6371a-SegmentedRaftLogWorker:Storage Directory /workdir/hadoop-ozone/integration-test/target/test-dir/MiniOzoneClusterImpl-019c98e8-05ee-4a70-81cf-496e8301b746/datanode-3/data/ratis/55269900-a1ac-4250-b26b-fe6bbcec7f20] INFO  segmented.SegmentedRaftLogWorker (SegmentedRaftLogWorker.java:execute(569)) - 71ce2075-8fc0-4ce0-bdf6-c2c365f6371a-SegmentedRaftLogWorker:Storage Directory /workdir/hadoop-ozone/integration-test/target/test-dir/MiniOzoneClusterImpl-019c98e8-05ee-4a70-81cf-496e8301b746/datanode-3/data/ratis/55269900-a1ac-4250-b26b-fe6bbcec7f20: created new log segment /workdir/hadoop-ozone/integration-test/target/test-dir/MiniOzoneClusterImpl-019c98e8-05ee-4a70-81cf-496e8301b746/datanode-3/data/ratis/55269900-a1ac-4250-b26b-fe6bbcec7f20/current/log_inprogress_0
2019-08-29 08:22:12,738 [75b5c139-66d5-483f-a402-babe56ab3281:group-9F87CAC88CD8:LeaderElection92] INFO  impl.LeaderElection (LeaderElection.java:askForVotes(181)) - 75b5c139-66d5-483f-a402-babe56ab3281:group-9F87CAC88CD8:LeaderElection92: begin an election at term 1 for -1: [75b5c139-66d5-483f-a402-babe56ab3281:192.168.69.111:46501], old=null
2019-08-29 08:22:12,738 [75b5c139-66d5-483f-a402-babe56ab3281:group-9F87CAC88CD8:LeaderElection92] INFO  impl.RoleInfo (RoleInfo.java:shutdownLeaderElection(134)) - 75b5c139-66d5-483f-a402-babe56ab3281: shutdown LeaderElection
2019-08-29 08:22:12,738 [75b5c139-66d5-483f-a402-babe56ab3281:group-9F87CAC88CD8:LeaderElection92] INFO  impl.RaftServerImpl (RaftServerImpl.java:setRole(171)) - 75b5c139-66d5-483f-a402-babe56ab3281:group-9F87CAC88CD8 changes role from CANDIDATE to LEADER at term 1 for changeToLeader
2019-08-29 08:22:12,738 [75b5c139-66d5-483f-a402-babe56ab3281:group-9F87CAC88CD8:LeaderElection92] INFO  impl.RaftServerImpl (ServerState.java:setLeader(263)) - 75b5c139-66d5-483f-a402-babe56ab3281:group-9F87CAC88CD8 change Leader from null to 75b5c139-66d5-483f-a402-babe56ab3281 at term 1 for becomeLeader, leader elected after 5080ms
2019-08-29 08:22:12,738 [75b5c139-66d5-483f-a402-babe56ab3281:group-9F87CAC88CD8:LeaderElection92] INFO  server.RaftServerConfigKeys (ConfUtils.java:logGet(43)) - raft.server.staging.catchup.gap = 1000 (default)
2019-08-29 08:22:12,738 [75b5c139-66d5-483f-a402-babe56ab3281:group-9F87CAC88CD8:LeaderElection92] INFO  server.RaftServerConfigKeys (ConfUtils.java:logGet(43)) - raft.server.rpc.sleep.time = 25ms (default)
2019-08-29 08:22:12,738 [75b5c139-66d5-483f-a402-babe56ab3281:group-9F87CAC88CD8:LeaderElection92] INFO  server.RaftServerConfigKeys (ConfUtils.java:logGet(43)) - raft.server.write.element-limit = 4096 (default)
2019-08-29 08:22:12,739 [75b5c139-66d5-483f-a402-babe56ab3281:group-9F87CAC88CD8:LeaderElection92] INFO  server.RaftServerConfigKeys (ConfUtils.java:logGet(43)) - raft.server.watch.timeout = 10s (default)
2019-08-29 08:22:12,739 [75b5c139-66d5-483f-a402-babe56ab3281:group-9F87CAC88CD8:LeaderElection92] INFO  server.RaftServerConfigKeys (ConfUtils.java:logGet(43)) - raft.server.watch.timeout.denomination = 1s (default)
2019-08-29 08:22:12,739 [75b5c139-66d5-483f-a402-babe56ab3281:group-9F87CAC88CD8:LeaderElection92] INFO  server.RaftServerConfigKeys (ConfUtils.java:logGet(43)) - raft.server.watch.element-limit = 65536 (default)
2019-08-29 08:22:12,739 [75b5c139-66d5-483f-a402-babe56ab3281:group-9F87CAC88CD8:LeaderElection92] INFO  impl.RoleInfo (RoleInfo.java:updateAndGet(143)) - 75b5c139-66d5-483f-a402-babe56ab3281: start LeaderState
2019-08-29 08:22:12,739 [75b5c139-66d5-483f-a402-babe56ab3281:group-9F87CAC88CD8:LeaderElection92] INFO  segmented.SegmentedRaftLogWorker (SegmentedRaftLogWorker.java:startLogSegment(380)) - 75b5c139-66d5-483f-a402-babe56ab3281-SegmentedRaftLogWorker:Storage Directory /workdir/hadoop-ozone/integration-test/target/test-dir/MiniOzoneClusterImpl-019c98e8-05ee-4a70-81cf-496e8301b746/datanode-5/data/ratis/9ba60c01-df0b-4d99-b71b-9f87cac88cd8: Starting segment from index:0
2019-08-29 08:22:12,740 [75b5c139-66d5-483f-a402-babe56ab3281:group-9F87CAC88CD8:LeaderElection92] INFO  impl.RaftServerImpl (ServerState.java:setRaftConf(361)) - 75b5c139-66d5-483f-a402-babe56ab3281:group-9F87CAC88CD8 set configuration 0: [75b5c139-66d5-483f-a402-babe56ab3281:192.168.69.111:46501], old=null at 0
2019-08-29 08:22:12,743 [Thread-2492] INFO  impl.FollowerState (FollowerState.java:run(106)) - b160e95c-e176-445b-9898-2ea637c3111e:group-2D57D90FE4A0 changes to CANDIDATE, lastRpcTime:5000, electionTimeout:5000ms
2019-08-29 08:22:12,743 [Thread-2492] INFO  impl.RoleInfo (RoleInfo.java:shutdownFollowerState(121)) - b160e95c-e176-445b-9898-2ea637c3111e: shutdown FollowerState
2019-08-29 08:22:12,743 [Thread-2492] INFO  impl.RaftServerImpl (RaftServerImpl.java:setRole(171)) - b160e95c-e176-445b-9898-2ea637c3111e:group-2D57D90FE4A0 changes role from FOLLOWER to CANDIDATE at term 0 for changeToCandidate
2019-08-29 08:22:12,743 [Thread-2492] INFO  impl.RoleInfo (RoleInfo.java:updateAndGet(143)) - b160e95c-e176-445b-9898-2ea637c3111e: start LeaderElection
2019-08-29 08:22:12,777 | INFO  | SCMAudit | user=jenkins1000 | ip=192.168.69.111 | op=SEND_HEARTBEAT {datanodeUUID=40f4479c-b2c4-4dae-88b0-602b993ef735, command=[]} | ret=SUCCESS |  
2019-08-29 08:22:12,822 [75b5c139-66d5-483f-a402-babe56ab3281-SegmentedRaftLogWorker:Storage Directory /workdir/hadoop-ozone/integration-test/target/test-dir/MiniOzoneClusterImpl-019c98e8-05ee-4a70-81cf-496e8301b746/datanode-5/data/ratis/9ba60c01-df0b-4d99-b71b-9f87cac88cd8] INFO  segmented.SegmentedRaftLogWorker (SegmentedRaftLogWorker.java:execute(569)) - 75b5c139-66d5-483f-a402-babe56ab3281-SegmentedRaftLogWorker:Storage Directory /workdir/hadoop-ozone/integration-test/target/test-dir/MiniOzoneClusterImpl-019c98e8-05ee-4a70-81cf-496e8301b746/datanode-5/data/ratis/9ba60c01-df0b-4d99-b71b-9f87cac88cd8: created new log segment /workdir/hadoop-ozone/integration-test/target/test-dir/MiniOzoneClusterImpl-019c98e8-05ee-4a70-81cf-496e8301b746/datanode-5/data/ratis/9ba60c01-df0b-4d99-b71b-9f87cac88cd8/current/log_inprogress_0
2019-08-29 08:22:12,822 [b160e95c-e176-445b-9898-2ea637c3111e:group-2D57D90FE4A0:LeaderElection93] INFO  impl.LeaderElection (LeaderElection.java:askForVotes(181)) - b160e95c-e176-445b-9898-2ea637c3111e:group-2D57D90FE4A0:LeaderElection93: begin an election at term 1 for -1: [b160e95c-e176-445b-9898-2ea637c3111e:192.168.69.111:45193, 71ce2075-8fc0-4ce0-bdf6-c2c365f6371a:192.168.69.111:43546, 75b5c139-66d5-483f-a402-babe56ab3281:192.168.69.111:46501], old=null
2019-08-29 08:22:12,832 [grpc-default-executor-9] INFO  impl.RaftServerImpl (RaftServerImpl.java:setRole(171)) - 75b5c139-66d5-483f-a402-babe56ab3281:group-2D57D90FE4A0 changes role from FOLLOWER to FOLLOWER at term 1 for recognizeCandidate:b160e95c-e176-445b-9898-2ea637c3111e
2019-08-29 08:22:12,834 [grpc-default-executor-4] INFO  impl.RaftServerImpl (RaftServerImpl.java:setRole(171)) - 71ce2075-8fc0-4ce0-bdf6-c2c365f6371a:group-2D57D90FE4A0 changes role from FOLLOWER to FOLLOWER at term 1 for recognizeCandidate:b160e95c-e176-445b-9898-2ea637c3111e
2019-08-29 08:22:12,834 [grpc-default-executor-9] INFO  impl.RoleInfo (RoleInfo.java:shutdownFollowerState(121)) - 75b5c139-66d5-483f-a402-babe56ab3281: shutdown FollowerState
2019-08-29 08:22:12,834 [grpc-default-executor-4] INFO  impl.RoleInfo (RoleInfo.java:shutdownFollowerState(121)) - 71ce2075-8fc0-4ce0-bdf6-c2c365f6371a: shutdown FollowerState
2019-08-29 08:22:12,834 [grpc-default-executor-9] INFO  impl.RoleInfo (RoleInfo.java:updateAndGet(143)) - 75b5c139-66d5-483f-a402-babe56ab3281: start FollowerState
2019-08-29 08:22:12,834 [Thread-2489] INFO  impl.FollowerState (FollowerState.java:run(114)) - 75b5c139-66d5-483f-a402-babe56ab3281: FollowerState was interrupted: java.lang.InterruptedException: sleep interrupted
2019-08-29 08:22:12,834 [Thread-2495] INFO  impl.FollowerState (FollowerState.java:run(114)) - 71ce2075-8fc0-4ce0-bdf6-c2c365f6371a: FollowerState was interrupted: java.lang.InterruptedException: sleep interrupted
2019-08-29 08:22:12,834 [grpc-default-executor-4] INFO  impl.RoleInfo (RoleInfo.java:updateAndGet(143)) - 71ce2075-8fc0-4ce0-bdf6-c2c365f6371a: start FollowerState
2019-08-29 08:22:12,841 | INFO  | SCMAudit | user=jenkins1000 | ip=192.168.69.111 | op=SEND_HEARTBEAT {datanodeUUID=f860cc41-417e-4931-b71d-d109f40332d6, command=[]} | ret=SUCCESS |  
2019-08-29 08:22:12,849 [Thread-2498] INFO  impl.FollowerState (FollowerState.java:run(106)) - 40f4479c-b2c4-4dae-88b0-602b993ef735:group-B7E590E5AD6A changes to CANDIDATE, lastRpcTime:5027, electionTimeout:5027ms
2019-08-29 08:22:12,849 [Thread-2498] INFO  impl.RoleInfo (RoleInfo.java:shutdownFollowerState(121)) - 40f4479c-b2c4-4dae-88b0-602b993ef735: shutdown FollowerState
2019-08-29 08:22:12,849 [Thread-2498] INFO  impl.RaftServerImpl (RaftServerImpl.java:setRole(171)) - 40f4479c-b2c4-4dae-88b0-602b993ef735:group-B7E590E5AD6A changes role from FOLLOWER to CANDIDATE at term 0 for changeToCandidate
2019-08-29 08:22:12,850 [Thread-2498] INFO  impl.RoleInfo (RoleInfo.java:updateAndGet(143)) - 40f4479c-b2c4-4dae-88b0-602b993ef735: start LeaderElection
2019-08-29 08:22:12,869 [b160e95c-e176-445b-9898-2ea637c3111e:group-2D57D90FE4A0:LeaderElection93] INFO  impl.LeaderElection (LeaderElection.java:logAndReturn(56)) - b160e95c-e176-445b-9898-2ea637c3111e:group-2D57D90FE4A0:LeaderElection93: Election PASSED; received 1 response(s) [b160e95c-e176-445b-9898-2ea637c3111e<-71ce2075-8fc0-4ce0-bdf6-c2c365f6371a#0:OK-t1] and 0 exception(s); b160e95c-e176-445b-9898-2ea637c3111e:t1, leader=null, voted=b160e95c-e176-445b-9898-2ea637c3111e, raftlog=b160e95c-e176-445b-9898-2ea637c3111e-SegmentedRaftLog:OPENED:c-1,f-1,i0, conf=-1: [b160e95c-e176-445b-9898-2ea637c3111e:192.168.69.111:45193, 71ce2075-8fc0-4ce0-bdf6-c2c365f6371a:192.168.69.111:43546, 75b5c139-66d5-483f-a402-babe56ab3281:192.168.69.111:46501], old=null
2019-08-29 08:22:12,870 [b160e95c-e176-445b-9898-2ea637c3111e:group-2D57D90FE4A0:LeaderElection93] INFO  impl.RoleInfo (RoleInfo.java:shutdownLeaderElection(134)) - b160e95c-e176-445b-9898-2ea637c3111e: shutdown LeaderElection
2019-08-29 08:22:12,870 [b160e95c-e176-445b-9898-2ea637c3111e:group-2D57D90FE4A0:LeaderElection93] INFO  impl.RaftServerImpl (RaftServerImpl.java:setRole(171)) - b160e95c-e176-445b-9898-2ea637c3111e:group-2D57D90FE4A0 changes role from CANDIDATE to LEADER at term 1 for changeToLeader
2019-08-29 08:22:12,870 [b160e95c-e176-445b-9898-2ea637c3111e:group-2D57D90FE4A0:LeaderElection93] INFO  impl.RaftServerImpl (ServerState.java:setLeader(263)) - b160e95c-e176-445b-9898-2ea637c3111e:group-2D57D90FE4A0 change Leader from null to b160e95c-e176-445b-9898-2ea637c3111e at term 1 for becomeLeader, leader elected after 5135ms
2019-08-29 08:22:12,870 [b160e95c-e176-445b-9898-2ea637c3111e:group-2D57D90FE4A0:LeaderElection93] INFO  server.RaftServerConfigKeys (ConfUtils.java:logGet(43)) - raft.server.staging.catchup.gap = 1000 (default)
2019-08-29 08:22:12,870 [b160e95c-e176-445b-9898-2ea637c3111e:group-2D57D90FE4A0:LeaderElection93] INFO  server.RaftServerConfigKeys (ConfUtils.java:logGet(43)) - raft.server.rpc.sleep.time = 25ms (default)
2019-08-29 08:22:12,870 [b160e95c-e176-445b-9898-2ea637c3111e:group-2D57D90FE4A0:LeaderElection93] INFO  server.RaftServerConfigKeys (ConfUtils.java:logGet(43)) - raft.server.write.element-limit = 4096 (default)
2019-08-29 08:22:12,870 [b160e95c-e176-445b-9898-2ea637c3111e:group-2D57D90FE4A0:LeaderElection93] INFO  server.RaftServerConfigKeys (ConfUtils.java:logGet(43)) - raft.server.watch.timeout = 10s (default)
2019-08-29 08:22:12,870 [b160e95c-e176-445b-9898-2ea637c3111e:group-2D57D90FE4A0:LeaderElection93] INFO  server.RaftServerConfigKeys (ConfUtils.java:logGet(43)) - raft.server.watch.timeout.denomination = 1s (default)
2019-08-29 08:22:12,871 [b160e95c-e176-445b-9898-2ea637c3111e:group-2D57D90FE4A0:LeaderElection93] INFO  server.RaftServerConfigKeys (ConfUtils.java:logGet(43)) - raft.server.watch.element-limit = 65536 (default)
2019-08-29 08:22:12,871 [b160e95c-e176-445b-9898-2ea637c3111e:group-2D57D90FE4A0:LeaderElection93] INFO  server.RaftServerConfigKeys (ConfUtils.java:logGet(43)) - raft.server.log.appender.snapshot.chunk.size.max = 16MB (=16777216) (default)
2019-08-29 08:22:12,871 [b160e95c-e176-445b-9898-2ea637c3111e:group-2D57D90FE4A0:LeaderElection93] INFO  server.RaftServerConfigKeys (ConfUtils.java:logGet(43)) - raft.server.log.appender.buffer.byte-limit = 33554432 (custom)
2019-08-29 08:22:12,871 [b160e95c-e176-445b-9898-2ea637c3111e:group-2D57D90FE4A0:LeaderElection93] INFO  server.RaftServerConfigKeys (ConfUtils.java:logGet(43)) - raft.server.log.appender.buffer.element-limit = 1 (custom)
2019-08-29 08:22:12,871 [b160e95c-e176-445b-9898-2ea637c3111e:group-2D57D90FE4A0:LeaderElection93] INFO  grpc.GrpcConfigKeys$Server (ConfUtils.java:logGet(43)) - raft.grpc.server.leader.outstanding.appends.max = 128 (default)
2019-08-29 08:22:12,871 [b160e95c-e176-445b-9898-2ea637c3111e:group-2D57D90FE4A0:LeaderElection93] INFO  server.RaftServerConfigKeys (ConfUtils.java:logGet(43)) - raft.server.rpc.request.timeout = 3000ms (default)
2019-08-29 08:22:12,872 [b160e95c-e176-445b-9898-2ea637c3111e:group-2D57D90FE4A0:LeaderElection93] INFO  server.RaftServerConfigKeys (ConfUtils.java:logGet(43)) - raft.server.log.appender.install.snapshot.enabled = false (custom)
2019-08-29 08:22:12,872 [b160e95c-e176-445b-9898-2ea637c3111e:group-2D57D90FE4A0:LeaderElection93] INFO  server.RaftServerConfigKeys (ConfUtils.java:logGet(43)) - raft.server.log.appender.snapshot.chunk.size.max = 16MB (=16777216) (default)
2019-08-29 08:22:12,872 [b160e95c-e176-445b-9898-2ea637c3111e:group-2D57D90FE4A0:LeaderElection93] INFO  server.RaftServerConfigKeys (ConfUtils.java:logGet(43)) - raft.server.log.appender.buffer.byte-limit = 33554432 (custom)
2019-08-29 08:22:12,872 [b160e95c-e176-445b-9898-2ea637c3111e:group-2D57D90FE4A0:LeaderElection93] INFO  server.RaftServerConfigKeys (ConfUtils.java:logGet(43)) - raft.server.log.appender.buffer.element-limit = 1 (custom)
2019-08-29 08:22:12,872 [b160e95c-e176-445b-9898-2ea637c3111e:group-2D57D90FE4A0:LeaderElection93] INFO  grpc.GrpcConfigKeys$Server (ConfUtils.java:logGet(43)) - raft.grpc.server.leader.outstanding.appends.max = 128 (default)
2019-08-29 08:22:12,872 [b160e95c-e176-445b-9898-2ea637c3111e:group-2D57D90FE4A0:LeaderElection93] INFO  server.RaftServerConfigKeys (ConfUtils.java:logGet(43)) - raft.server.rpc.request.timeout = 3000ms (default)
2019-08-29 08:22:12,872 [b160e95c-e176-445b-9898-2ea637c3111e:group-2D57D90FE4A0:LeaderElection93] INFO  server.RaftServerConfigKeys (ConfUtils.java:logGet(43)) - raft.server.log.appender.install.snapshot.enabled = false (custom)
2019-08-29 08:22:12,873 [b160e95c-e176-445b-9898-2ea637c3111e:group-2D57D90FE4A0:LeaderElection93] INFO  impl.RoleInfo (RoleInfo.java:updateAndGet(143)) - b160e95c-e176-445b-9898-2ea637c3111e: start LeaderState
2019-08-29 08:22:12,873 [b160e95c-e176-445b-9898-2ea637c3111e:group-2D57D90FE4A0:LeaderElection93] INFO  segmented.SegmentedRaftLogWorker (SegmentedRaftLogWorker.java:startLogSegment(380)) - b160e95c-e176-445b-9898-2ea637c3111e-SegmentedRaftLogWorker:Storage Directory /workdir/hadoop-ozone/integration-test/target/test-dir/MiniOzoneClusterImpl-019c98e8-05ee-4a70-81cf-496e8301b746/datanode-4/data/ratis/6c85eb7b-2cec-42f8-935d-2d57d90fe4a0: Starting segment from index:0
2019-08-29 08:22:12,873 [b160e95c-e176-445b-9898-2ea637c3111e:group-2D57D90FE4A0:LeaderElection93] INFO  impl.RaftServerImpl (ServerState.java:setRaftConf(361)) - b160e95c-e176-445b-9898-2ea637c3111e:group-2D57D90FE4A0 set configuration 0: [b160e95c-e176-445b-9898-2ea637c3111e:192.168.69.111:45193, 71ce2075-8fc0-4ce0-bdf6-c2c365f6371a:192.168.69.111:43546, 75b5c139-66d5-483f-a402-babe56ab3281:192.168.69.111:46501], old=null at 0
2019-08-29 08:22:12,874 [grpc-default-executor-4] INFO  impl.RaftServerImpl (ServerState.java:setLeader(263)) - 71ce2075-8fc0-4ce0-bdf6-c2c365f6371a:group-2D57D90FE4A0 change Leader from null to b160e95c-e176-445b-9898-2ea637c3111e at term 1 for appendEntries, leader elected after 5140ms
2019-08-29 08:22:12,875 [grpc-default-executor-9] INFO  impl.RaftServerImpl (ServerState.java:setLeader(263)) - 75b5c139-66d5-483f-a402-babe56ab3281:group-2D57D90FE4A0 change Leader from null to b160e95c-e176-445b-9898-2ea637c3111e at term 1 for appendEntries, leader elected after 5140ms
2019-08-29 08:22:12,909 [40f4479c-b2c4-4dae-88b0-602b993ef735:group-B7E590E5AD6A:LeaderElection94] INFO  impl.LeaderElection (LeaderElection.java:askForVotes(181)) - 40f4479c-b2c4-4dae-88b0-602b993ef735:group-B7E590E5AD6A:LeaderElection94: begin an election at term 1 for -1: [40f4479c-b2c4-4dae-88b0-602b993ef735:192.168.69.111:43164], old=null
2019-08-29 08:22:12,910 [40f4479c-b2c4-4dae-88b0-602b993ef735:group-B7E590E5AD6A:LeaderElection94] INFO  impl.RoleInfo (RoleInfo.java:shutdownLeaderElection(134)) - 40f4479c-b2c4-4dae-88b0-602b993ef735: shutdown LeaderElection
2019-08-29 08:22:12,910 [40f4479c-b2c4-4dae-88b0-602b993ef735:group-B7E590E5AD6A:LeaderElection94] INFO  impl.RaftServerImpl (RaftServerImpl.java:setRole(171)) - 40f4479c-b2c4-4dae-88b0-602b993ef735:group-B7E590E5AD6A changes role from CANDIDATE to LEADER at term 1 for changeToLeader
2019-08-29 08:22:12,910 [40f4479c-b2c4-4dae-88b0-602b993ef735:group-B7E590E5AD6A:LeaderElection94] INFO  impl.RaftServerImpl (ServerState.java:setLeader(263)) - 40f4479c-b2c4-4dae-88b0-602b993ef735:group-B7E590E5AD6A change Leader from null to 40f4479c-b2c4-4dae-88b0-602b993ef735 at term 1 for becomeLeader, leader elected after 5091ms
2019-08-29 08:22:12,910 [40f4479c-b2c4-4dae-88b0-602b993ef735:group-B7E590E5AD6A:LeaderElection94] INFO  server.RaftServerConfigKeys (ConfUtils.java:logGet(43)) - raft.server.staging.catchup.gap = 1000 (default)
2019-08-29 08:22:12,910 [40f4479c-b2c4-4dae-88b0-602b993ef735:group-B7E590E5AD6A:LeaderElection94] INFO  server.RaftServerConfigKeys (ConfUtils.java:logGet(43)) - raft.server.rpc.sleep.time = 25ms (default)
2019-08-29 08:22:12,910 [40f4479c-b2c4-4dae-88b0-602b993ef735:group-B7E590E5AD6A:LeaderElection94] INFO  server.RaftServerConfigKeys (ConfUtils.java:logGet(43)) - raft.server.write.element-limit = 4096 (default)
2019-08-29 08:22:12,910 [40f4479c-b2c4-4dae-88b0-602b993ef735:group-B7E590E5AD6A:LeaderElection94] INFO  server.RaftServerConfigKeys (ConfUtils.java:logGet(43)) - raft.server.watch.timeout = 10s (default)
2019-08-29 08:22:12,910 [40f4479c-b2c4-4dae-88b0-602b993ef735:group-B7E590E5AD6A:LeaderElection94] INFO  server.RaftServerConfigKeys (ConfUtils.java:logGet(43)) - raft.server.watch.timeout.denomination = 1s (default)
2019-08-29 08:22:12,910 [40f4479c-b2c4-4dae-88b0-602b993ef735:group-B7E590E5AD6A:LeaderElection94] INFO  server.RaftServerConfigKeys (ConfUtils.java:logGet(43)) - raft.server.watch.element-limit = 65536 (default)
2019-08-29 08:22:12,910 [40f4479c-b2c4-4dae-88b0-602b993ef735:group-B7E590E5AD6A:LeaderElection94] INFO  impl.RoleInfo (RoleInfo.java:updateAndGet(143)) - 40f4479c-b2c4-4dae-88b0-602b993ef735: start LeaderState
2019-08-29 08:22:12,911 [40f4479c-b2c4-4dae-88b0-602b993ef735:group-B7E590E5AD6A:LeaderElection94] INFO  segmented.SegmentedRaftLogWorker (SegmentedRaftLogWorker.java:startLogSegment(380)) - 40f4479c-b2c4-4dae-88b0-602b993ef735-SegmentedRaftLogWorker:Storage Directory /workdir/hadoop-ozone/integration-test/target/test-dir/MiniOzoneClusterImpl-019c98e8-05ee-4a70-81cf-496e8301b746/datanode-6/data/ratis/de247348-fccc-4b41-bc09-b7e590e5ad6a: Starting segment from index:0
2019-08-29 08:22:12,911 [grpc-default-executor-4] INFO  impl.RaftServerImpl (ServerState.java:setRaftConf(361)) - 71ce2075-8fc0-4ce0-bdf6-c2c365f6371a:group-2D57D90FE4A0 set configuration 0: [b160e95c-e176-445b-9898-2ea637c3111e:192.168.69.111:45193, 71ce2075-8fc0-4ce0-bdf6-c2c365f6371a:192.168.69.111:43546, 75b5c139-66d5-483f-a402-babe56ab3281:192.168.69.111:46501], old=null at 0
2019-08-29 08:22:12,911 [40f4479c-b2c4-4dae-88b0-602b993ef735:group-B7E590E5AD6A:LeaderElection94] INFO  impl.RaftServerImpl (ServerState.java:setRaftConf(361)) - 40f4479c-b2c4-4dae-88b0-602b993ef735:group-B7E590E5AD6A set configuration 0: [40f4479c-b2c4-4dae-88b0-602b993ef735:192.168.69.111:43164], old=null at 0
2019-08-29 08:22:12,911 [grpc-default-executor-4] INFO  segmented.SegmentedRaftLogWorker (SegmentedRaftLogWorker.java:startLogSegment(380)) - 71ce2075-8fc0-4ce0-bdf6-c2c365f6371a-SegmentedRaftLogWorker:Storage Directory /workdir/hadoop-ozone/integration-test/target/test-dir/MiniOzoneClusterImpl-019c98e8-05ee-4a70-81cf-496e8301b746/datanode-3/data/ratis/6c85eb7b-2cec-42f8-935d-2d57d90fe4a0: Starting segment from index:0
2019-08-29 08:22:12,911 [grpc-default-executor-8] INFO  impl.RaftServerImpl (ServerState.java:setRaftConf(361)) - 75b5c139-66d5-483f-a402-babe56ab3281:group-2D57D90FE4A0 set configuration 0: [b160e95c-e176-445b-9898-2ea637c3111e:192.168.69.111:45193, 71ce2075-8fc0-4ce0-bdf6-c2c365f6371a:192.168.69.111:43546, 75b5c139-66d5-483f-a402-babe56ab3281:192.168.69.111:46501], old=null at 0
2019-08-29 08:22:12,912 [grpc-default-executor-8] INFO  segmented.SegmentedRaftLogWorker (SegmentedRaftLogWorker.java:startLogSegment(380)) - 75b5c139-66d5-483f-a402-babe56ab3281-SegmentedRaftLogWorker:Storage Directory /workdir/hadoop-ozone/integration-test/target/test-dir/MiniOzoneClusterImpl-019c98e8-05ee-4a70-81cf-496e8301b746/datanode-5/data/ratis/6c85eb7b-2cec-42f8-935d-2d57d90fe4a0: Starting segment from index:0
2019-08-29 08:22:12,915 [grpc-default-executor-8] INFO  client.GrpcClientProtocolClient (GrpcClientProtocolClient.java:onNext(255)) - client-6A8ADCA173F2->bb544b94-2c29-446f-b248-ddf7606e91f4: receive RaftClientReply:client-6A8ADCA173F2->bb544b94-2c29-446f-b248-ddf7606e91f4@group-6E86CE23022E, cid=102, FAILED org.apache.ratis.protocol.NotLeaderException: Server bb544b94-2c29-446f-b248-ddf7606e91f4 is not the leader (e9d0e0d0-c191-4593-8ede-e5f8bbf008c6:192.168.69.111:46169). Request must be sent to leader., logIndex=0, commits[bb544b94-2c29-446f-b248-ddf7606e91f4:c-1, e9d0e0d0-c191-4593-8ede-e5f8bbf008c6:c-1, f860cc41-417e-4931-b71d-d109f40332d6:c-1]
2019-08-29 08:22:12,930 [b160e95c-e176-445b-9898-2ea637c3111e-SegmentedRaftLogWorker:Storage Directory /workdir/hadoop-ozone/integration-test/target/test-dir/MiniOzoneClusterImpl-019c98e8-05ee-4a70-81cf-496e8301b746/datanode-4/data/ratis/6c85eb7b-2cec-42f8-935d-2d57d90fe4a0] INFO  segmented.SegmentedRaftLogWorker (SegmentedRaftLogWorker.java:execute(569)) - b160e95c-e176-445b-9898-2ea637c3111e-SegmentedRaftLogWorker:Storage Directory /workdir/hadoop-ozone/integration-test/target/test-dir/MiniOzoneClusterImpl-019c98e8-05ee-4a70-81cf-496e8301b746/datanode-4/data/ratis/6c85eb7b-2cec-42f8-935d-2d57d90fe4a0: created new log segment /workdir/hadoop-ozone/integration-test/target/test-dir/MiniOzoneClusterImpl-019c98e8-05ee-4a70-81cf-496e8301b746/datanode-4/data/ratis/6c85eb7b-2cec-42f8-935d-2d57d90fe4a0/current/log_inprogress_0
2019-08-29 08:22:12,978 [71ce2075-8fc0-4ce0-bdf6-c2c365f6371a-SegmentedRaftLogWorker:Storage Directory /workdir/hadoop-ozone/integration-test/target/test-dir/MiniOzoneClusterImpl-019c98e8-05ee-4a70-81cf-496e8301b746/datanode-3/data/ratis/6c85eb7b-2cec-42f8-935d-2d57d90fe4a0] INFO  segmented.SegmentedRaftLogWorker (SegmentedRaftLogWorker.java:execute(569)) - 71ce2075-8fc0-4ce0-bdf6-c2c365f6371a-SegmentedRaftLogWorker:Storage Directory /workdir/hadoop-ozone/integration-test/target/test-dir/MiniOzoneClusterImpl-019c98e8-05ee-4a70-81cf-496e8301b746/datanode-3/data/ratis/6c85eb7b-2cec-42f8-935d-2d57d90fe4a0: created new log segment /workdir/hadoop-ozone/integration-test/target/test-dir/MiniOzoneClusterImpl-019c98e8-05ee-4a70-81cf-496e8301b746/datanode-3/data/ratis/6c85eb7b-2cec-42f8-935d-2d57d90fe4a0/current/log_inprogress_0
2019-08-29 08:22:12,978 [40f4479c-b2c4-4dae-88b0-602b993ef735-SegmentedRaftLogWorker:Storage Directory /workdir/hadoop-ozone/integration-test/target/test-dir/MiniOzoneClusterImpl-019c98e8-05ee-4a70-81cf-496e8301b746/datanode-6/data/ratis/de247348-fccc-4b41-bc09-b7e590e5ad6a] INFO  segmented.SegmentedRaftLogWorker (SegmentedRaftLogWorker.java:execute(569)) - 40f4479c-b2c4-4dae-88b0-602b993ef735-SegmentedRaftLogWorker:Storage Directory /workdir/hadoop-ozone/integration-test/target/test-dir/MiniOzoneClusterImpl-019c98e8-05ee-4a70-81cf-496e8301b746/datanode-6/data/ratis/de247348-fccc-4b41-bc09-b7e590e5ad6a: created new log segment /workdir/hadoop-ozone/integration-test/target/test-dir/MiniOzoneClusterImpl-019c98e8-05ee-4a70-81cf-496e8301b746/datanode-6/data/ratis/de247348-fccc-4b41-bc09-b7e590e5ad6a/current/log_inprogress_0
2019-08-29 08:22:12,978 [75b5c139-66d5-483f-a402-babe56ab3281-SegmentedRaftLogWorker:Storage Directory /workdir/hadoop-ozone/integration-test/target/test-dir/MiniOzoneClusterImpl-019c98e8-05ee-4a70-81cf-496e8301b746/datanode-5/data/ratis/6c85eb7b-2cec-42f8-935d-2d57d90fe4a0] INFO  segmented.SegmentedRaftLogWorker (SegmentedRaftLogWorker.java:execute(569)) - 75b5c139-66d5-483f-a402-babe56ab3281-SegmentedRaftLogWorker:Storage Directory /workdir/hadoop-ozone/integration-test/target/test-dir/MiniOzoneClusterImpl-019c98e8-05ee-4a70-81cf-496e8301b746/datanode-5/data/ratis/6c85eb7b-2cec-42f8-935d-2d57d90fe4a0: created new log segment /workdir/hadoop-ozone/integration-test/target/test-dir/MiniOzoneClusterImpl-019c98e8-05ee-4a70-81cf-496e8301b746/datanode-5/data/ratis/6c85eb7b-2cec-42f8-935d-2d57d90fe4a0/current/log_inprogress_0
2019-08-29 08:22:13,016 | INFO  | SCMAudit | user=jenkins1000 | ip=192.168.69.111 | op=SEND_HEARTBEAT {datanodeUUID=e9d0e0d0-c191-4593-8ede-e5f8bbf008c6, command=[]} | ret=SUCCESS |  
2019-08-29 08:22:13,142 | INFO  | DNAudit | user=null | ip=null | op=CREATE_CONTAINER {containerID=1, containerType=KeyValueContainer} | ret=SUCCESS |  
2019-08-29 08:22:13,143 | INFO  | SCMAudit | user=jenkins1000 | ip=192.168.69.111 | op=SEND_HEARTBEAT {datanodeUUID=f860cc41-417e-4931-b71d-d109f40332d6, command=[]} | ret=SUCCESS |  
2019-08-29 08:22:13,163 | INFO  | DNAudit | user=null | ip=null | op=CREATE_CONTAINER {containerID=1, containerType=KeyValueContainer} | ret=SUCCESS |  
2019-08-29 08:22:13,168 | INFO  | SCMAudit | user=jenkins1000 | ip=192.168.69.111 | op=SEND_HEARTBEAT {datanodeUUID=e9d0e0d0-c191-4593-8ede-e5f8bbf008c6, command=[]} | ret=SUCCESS |  
2019-08-29 08:22:13,169 [grpc-default-executor-4] INFO  client.GrpcClientProtocolClient (GrpcClientProtocolClient.java:onNext(255)) - client-6A8ADCA173F2->e9d0e0d0-c191-4593-8ede-e5f8bbf008c6: receive RaftClientReply:client-6A8ADCA173F2->e9d0e0d0-c191-4593-8ede-e5f8bbf008c6@group-6E86CE23022E, cid=102, SUCCESS, logIndex=1, commits[e9d0e0d0-c191-4593-8ede-e5f8bbf008c6:c2, bb544b94-2c29-446f-b248-ddf7606e91f4:c1, f860cc41-417e-4931-b71d-d109f40332d6:c1]
2019-08-29 08:22:13,169 [main] INFO  datanode.ObjectStoreHandler (ObjectStoreHandler.java:close(155)) - Closing ObjectStoreHandler.
2019-08-29 08:22:13,170 [main] INFO  ozone.HddsDatanodeService (HddsDatanodeService.java:stop(451)) - Stopped plug-in org.apache.hadoop.ozone.web.OzoneHddsDatanodeService@475753dd
2019-08-29 08:22:13,180 | INFO  | SCMAudit | user=jenkins1000 | ip=192.168.69.111 | op=SEND_HEARTBEAT {datanodeUUID=71ce2075-8fc0-4ce0-bdf6-c2c365f6371a, command=[]} | ret=SUCCESS |  
2019-08-29 08:22:13,193 | INFO  | DNAudit | user=null | ip=null | op=CREATE_CONTAINER {containerID=1, containerType=KeyValueContainer} | ret=SUCCESS |  
2019-08-29 08:22:13,194 | INFO  | SCMAudit | user=jenkins1000 | ip=192.168.69.111 | op=SEND_HEARTBEAT {datanodeUUID=bb544b94-2c29-446f-b248-ddf7606e91f4, command=[]} | ret=SUCCESS |  
2019-08-29 08:22:13,363 | INFO  | SCMAudit | user=jenkins1000 | ip=192.168.69.111 | op=SEND_HEARTBEAT {datanodeUUID=b160e95c-e176-445b-9898-2ea637c3111e, command=[]} | ret=SUCCESS |  
2019-08-29 08:22:13,594 | INFO  | SCMAudit | user=jenkins1000 | ip=192.168.69.111 | op=SEND_HEARTBEAT {datanodeUUID=75b5c139-66d5-483f-a402-babe56ab3281, command=[]} | ret=SUCCESS |  
2019-08-29 08:22:13,773 | INFO  | SCMAudit | user=jenkins1000 | ip=192.168.69.111 | op=SEND_HEARTBEAT {datanodeUUID=40f4479c-b2c4-4dae-88b0-602b993ef735, command=[]} | ret=SUCCESS |  
2019-08-29 08:22:14,143 | INFO  | SCMAudit | user=jenkins1000 | ip=192.168.69.111 | op=SEND_HEARTBEAT {datanodeUUID=f860cc41-417e-4931-b71d-d109f40332d6, command=[]} | ret=SUCCESS |  
2019-08-29 08:22:14,163 [Datanode State Machine Thread - 0] INFO  statemachine.DatanodeStateMachine (DatanodeStateMachine.java:lambda$startDaemon$0(350)) - Ozone container server started.
2019-08-29 08:22:14,180 | INFO  | SCMAudit | user=jenkins1000 | ip=192.168.69.111 | op=SEND_HEARTBEAT {datanodeUUID=71ce2075-8fc0-4ce0-bdf6-c2c365f6371a, command=[]} | ret=SUCCESS |  
2019-08-29 08:22:14,194 | INFO  | SCMAudit | user=jenkins1000 | ip=192.168.69.111 | op=SEND_HEARTBEAT {datanodeUUID=bb544b94-2c29-446f-b248-ddf7606e91f4, command=[]} | ret=SUCCESS |  
2019-08-29 08:22:14,363 | INFO  | SCMAudit | user=jenkins1000 | ip=192.168.69.111 | op=SEND_HEARTBEAT {datanodeUUID=b160e95c-e176-445b-9898-2ea637c3111e, command=[]} | ret=SUCCESS |  
2019-08-29 08:22:14,594 | INFO  | SCMAudit | user=jenkins1000 | ip=192.168.69.111 | op=SEND_HEARTBEAT {datanodeUUID=75b5c139-66d5-483f-a402-babe56ab3281, command=[]} | ret=SUCCESS |  
2019-08-29 08:22:14,773 | INFO  | SCMAudit | user=jenkins1000 | ip=192.168.69.111 | op=SEND_HEARTBEAT {datanodeUUID=40f4479c-b2c4-4dae-88b0-602b993ef735, command=[]} | ret=SUCCESS |  
2019-08-29 08:22:15,143 | INFO  | SCMAudit | user=jenkins1000 | ip=192.168.69.111 | op=SEND_HEARTBEAT {datanodeUUID=f860cc41-417e-4931-b71d-d109f40332d6, command=[]} | ret=SUCCESS |  
2019-08-29 08:22:15,180 | INFO  | SCMAudit | user=jenkins1000 | ip=192.168.69.111 | op=SEND_HEARTBEAT {datanodeUUID=71ce2075-8fc0-4ce0-bdf6-c2c365f6371a, command=[]} | ret=SUCCESS |  
2019-08-29 08:22:15,193 | INFO  | SCMAudit | user=jenkins1000 | ip=192.168.69.111 | op=SEND_HEARTBEAT {datanodeUUID=bb544b94-2c29-446f-b248-ddf7606e91f4, command=[]} | ret=SUCCESS |  
2019-08-29 08:22:15,363 | INFO  | SCMAudit | user=jenkins1000 | ip=192.168.69.111 | op=SEND_HEARTBEAT {datanodeUUID=b160e95c-e176-445b-9898-2ea637c3111e, command=[]} | ret=SUCCESS |  
2019-08-29 08:22:15,594 | INFO  | SCMAudit | user=jenkins1000 | ip=192.168.69.111 | op=SEND_HEARTBEAT {datanodeUUID=75b5c139-66d5-483f-a402-babe56ab3281, command=[]} | ret=SUCCESS |  
2019-08-29 08:22:15,773 | INFO  | SCMAudit | user=jenkins1000 | ip=192.168.69.111 | op=SEND_HEARTBEAT {datanodeUUID=40f4479c-b2c4-4dae-88b0-602b993ef735, command=[]} | ret=SUCCESS |  
2019-08-29 08:22:16,143 | INFO  | SCMAudit | user=jenkins1000 | ip=192.168.69.111 | op=SEND_HEARTBEAT {datanodeUUID=f860cc41-417e-4931-b71d-d109f40332d6, command=[]} | ret=SUCCESS |  
2019-08-29 08:22:16,180 | INFO  | SCMAudit | user=jenkins1000 | ip=192.168.69.111 | op=SEND_HEARTBEAT {datanodeUUID=71ce2075-8fc0-4ce0-bdf6-c2c365f6371a, command=[]} | ret=SUCCESS |  
2019-08-29 08:22:16,194 | INFO  | SCMAudit | user=jenkins1000 | ip=192.168.69.111 | op=SEND_HEARTBEAT {datanodeUUID=bb544b94-2c29-446f-b248-ddf7606e91f4, command=[]} | ret=SUCCESS |  
2019-08-29 08:22:16,363 | INFO  | SCMAudit | user=jenkins1000 | ip=192.168.69.111 | op=SEND_HEARTBEAT {datanodeUUID=b160e95c-e176-445b-9898-2ea637c3111e, command=[]} | ret=SUCCESS |  
2019-08-29 08:22:16,594 | INFO  | SCMAudit | user=jenkins1000 | ip=192.168.69.111 | op=SEND_HEARTBEAT {datanodeUUID=75b5c139-66d5-483f-a402-babe56ab3281, command=[]} | ret=SUCCESS |  
2019-08-29 08:22:16,773 | INFO  | SCMAudit | user=jenkins1000 | ip=192.168.69.111 | op=SEND_HEARTBEAT {datanodeUUID=40f4479c-b2c4-4dae-88b0-602b993ef735, command=[]} | ret=SUCCESS |  
2019-08-29 08:22:17,144 | INFO  | SCMAudit | user=jenkins1000 | ip=192.168.69.111 | op=SEND_HEARTBEAT {datanodeUUID=f860cc41-417e-4931-b71d-d109f40332d6, command=[]} | ret=SUCCESS |  
2019-08-29 08:22:17,180 | INFO  | SCMAudit | user=jenkins1000 | ip=192.168.69.111 | op=SEND_HEARTBEAT {datanodeUUID=71ce2075-8fc0-4ce0-bdf6-c2c365f6371a, command=[]} | ret=SUCCESS |  
2019-08-29 08:22:17,195 | INFO  | SCMAudit | user=jenkins1000 | ip=192.168.69.111 | op=SEND_HEARTBEAT {datanodeUUID=bb544b94-2c29-446f-b248-ddf7606e91f4, command=[]} | ret=SUCCESS |  
2019-08-29 08:22:17,363 | INFO  | SCMAudit | user=jenkins1000 | ip=192.168.69.111 | op=SEND_HEARTBEAT {datanodeUUID=b160e95c-e176-445b-9898-2ea637c3111e, command=[]} | ret=SUCCESS |  
2019-08-29 08:22:17,595 | INFO  | SCMAudit | user=jenkins1000 | ip=192.168.69.111 | op=SEND_HEARTBEAT {datanodeUUID=75b5c139-66d5-483f-a402-babe56ab3281, command=[]} | ret=SUCCESS |  
2019-08-29 08:22:17,774 | INFO  | SCMAudit | user=jenkins1000 | ip=192.168.69.111 | op=SEND_HEARTBEAT {datanodeUUID=40f4479c-b2c4-4dae-88b0-602b993ef735, command=[]} | ret=SUCCESS |  
2019-08-29 08:22:18,143 | INFO  | SCMAudit | user=jenkins1000 | ip=192.168.69.111 | op=SEND_HEARTBEAT {datanodeUUID=f860cc41-417e-4931-b71d-d109f40332d6, command=[]} | ret=SUCCESS |  
2019-08-29 08:22:18,170 [main] INFO  ozoneimpl.OzoneContainer (OzoneContainer.java:stop(199)) - Attempting to stop container services.
2019-08-29 08:22:18,171 [main] INFO  impl.RaftServerProxy (RaftServerProxy.java:lambda$close$4(314)) - e9d0e0d0-c191-4593-8ede-e5f8bbf008c6: close
2019-08-29 08:22:18,172 [main] INFO  impl.RaftServerImpl (RaftServerImpl.java:lambda$shutdown$3(245)) - e9d0e0d0-c191-4593-8ede-e5f8bbf008c6: shutdown group-60E9B6CE19EC
2019-08-29 08:22:18,172 [ForkJoinPool.commonPool-worker-0] INFO  impl.RaftServerImpl (RaftServerImpl.java:lambda$shutdown$3(245)) - e9d0e0d0-c191-4593-8ede-e5f8bbf008c6: shutdown group-6E86CE23022E
2019-08-29 08:22:18,172 [main] INFO  util.JmxRegister (JmxRegister.java:unregister(73)) - Successfully un-registered JMX Bean with object name Ratis:service=RaftServer,group=group-60E9B6CE19EC,id=e9d0e0d0-c191-4593-8ede-e5f8bbf008c6
2019-08-29 08:22:18,172 [ForkJoinPool.commonPool-worker-0] INFO  util.JmxRegister (JmxRegister.java:unregister(73)) - Successfully un-registered JMX Bean with object name Ratis:service=RaftServer,group=group-6E86CE23022E,id=e9d0e0d0-c191-4593-8ede-e5f8bbf008c6
2019-08-29 08:22:18,173 [main] INFO  impl.RoleInfo (RoleInfo.java:shutdownLeaderState(104)) - e9d0e0d0-c191-4593-8ede-e5f8bbf008c6: shutdown LeaderState
2019-08-29 08:22:18,173 [ForkJoinPool.commonPool-worker-0] INFO  impl.RoleInfo (RoleInfo.java:shutdownLeaderState(104)) - e9d0e0d0-c191-4593-8ede-e5f8bbf008c6: shutdown LeaderState
2019-08-29 08:22:18,173 [main] INFO  impl.PendingRequests (PendingRequests.java:sendNotLeaderResponses(202)) - e9d0e0d0-c191-4593-8ede-e5f8bbf008c6-PendingRequests: sendNotLeaderResponses
2019-08-29 08:22:18,179 [org.apache.ratis.server.impl.LogAppender$AppenderDaemon$$Lambda$474/917565454@22e9b60] WARN  server.GrpcLogAppender (GrpcLogAppender.java:mayWait(143)) - GrpcLogAppender(e9d0e0d0-c191-4593-8ede-e5f8bbf008c6->bb544b94-2c29-446f-b248-ddf7606e91f4): Wait interrupted by java.lang.InterruptedException
2019-08-29 08:22:18,179 [ForkJoinPool.commonPool-worker-0] INFO  impl.PendingRequests (PendingRequests.java:sendNotLeaderResponses(202)) - e9d0e0d0-c191-4593-8ede-e5f8bbf008c6-PendingRequests: sendNotLeaderResponses
2019-08-29 08:22:18,179 [main] INFO  impl.StateMachineUpdater (StateMachineUpdater.java:stopAndJoin(115)) - StateMachineUpdater:e9d0e0d0-c191-4593-8ede-e5f8bbf008c6:group-60E9B6CE19EC: set stopIndex = 0
2019-08-29 08:22:18,179 [org.apache.ratis.server.impl.LogAppender$AppenderDaemon$$Lambda$474/917565454@472c1541] WARN  server.GrpcLogAppender (GrpcLogAppender.java:mayWait(143)) - GrpcLogAppender(e9d0e0d0-c191-4593-8ede-e5f8bbf008c6->f860cc41-417e-4931-b71d-d109f40332d6): Wait interrupted by java.lang.InterruptedException
2019-08-29 08:22:18,187 | INFO  | SCMAudit | user=jenkins1000 | ip=192.168.69.111 | op=SEND_HEARTBEAT {datanodeUUID=71ce2075-8fc0-4ce0-bdf6-c2c365f6371a, command=[]} | ret=SUCCESS |  
2019-08-29 08:22:18,184 [main] INFO  impl.RaftServerImpl (ServerState.java:close(394)) - e9d0e0d0-c191-4593-8ede-e5f8bbf008c6:group-60E9B6CE19EC closes. The last applied log index is 0
2019-08-29 08:22:18,187 [grpc-default-executor-4] INFO  server.GrpcServerProtocolService (GrpcServerProtocolService.java:onCompleted(104)) - f860cc41-417e-4931-b71d-d109f40332d6: appendEntries completed
2019-08-29 08:22:18,187 [e9d0e0d0-c191-4593-8ede-e5f8bbf008c6-SegmentedRaftLogWorker:Storage Directory /workdir/hadoop-ozone/integration-test/target/test-dir/MiniOzoneClusterImpl-019c98e8-05ee-4a70-81cf-496e8301b746/datanode-2/data/ratis/251fa44a-4632-4d7a-a947-60e9b6ce19ec] INFO  segmented.SegmentedRaftLogWorker (SegmentedRaftLogWorker.java:run(313)) - e9d0e0d0-c191-4593-8ede-e5f8bbf008c6-SegmentedRaftLogWorker:Storage Directory /workdir/hadoop-ozone/integration-test/target/test-dir/MiniOzoneClusterImpl-019c98e8-05ee-4a70-81cf-496e8301b746/datanode-2/data/ratis/251fa44a-4632-4d7a-a947-60e9b6ce19ec was interrupted, exiting. There are 0 tasks remaining in the queue.
2019-08-29 08:22:18,184 [grpc-default-executor-8] INFO  server.GrpcServerProtocolService (GrpcServerProtocolService.java:onCompleted(104)) - bb544b94-2c29-446f-b248-ddf7606e91f4: appendEntries completed
2019-08-29 08:22:18,184 [StateMachineUpdater:e9d0e0d0-c191-4593-8ede-e5f8bbf008c6:group-6E86CE23022E] INFO  ratis.ContainerStateMachine (ContainerStateMachine.java:takeSnapshot(283)) - group-6E86CE23022E: Taking a snapshot at:(t:1, i:2) file /workdir/hadoop-ozone/integration-test/target/test-dir/MiniOzoneClusterImpl-019c98e8-05ee-4a70-81cf-496e8301b746/datanode-2/data/ratis/206e9bac-fb41-4f74-bc25-6e86ce23022e/sm/snapshot.1_2
2019-08-29 08:22:18,184 [ForkJoinPool.commonPool-worker-0] INFO  impl.StateMachineUpdater (StateMachineUpdater.java:stopAndJoin(115)) - StateMachineUpdater:e9d0e0d0-c191-4593-8ede-e5f8bbf008c6:group-6E86CE23022E: set stopIndex = 2
2019-08-29 08:22:18,189 [grpc-default-executor-4] INFO  server.GrpcLogAppender (GrpcLogAppender.java:onCompleted(292)) - e9d0e0d0-c191-4593-8ede-e5f8bbf008c6->bb544b94-2c29-446f-b248-ddf7606e91f4: follower responses appendEntries COMPLETED
2019-08-29 08:22:18,189 [grpc-default-executor-8] INFO  server.GrpcLogAppender (GrpcLogAppender.java:onCompleted(292)) - e9d0e0d0-c191-4593-8ede-e5f8bbf008c6->f860cc41-417e-4931-b71d-d109f40332d6: follower responses appendEntries COMPLETED
2019-08-29 08:22:18,189 [main] INFO  segmented.SegmentedRaftLogWorker (SegmentedRaftLogWorker.java:close(228)) - e9d0e0d0-c191-4593-8ede-e5f8bbf008c6-SegmentedRaftLogWorker:Storage Directory /workdir/hadoop-ozone/integration-test/target/test-dir/MiniOzoneClusterImpl-019c98e8-05ee-4a70-81cf-496e8301b746/datanode-2/data/ratis/251fa44a-4632-4d7a-a947-60e9b6ce19ec close()
2019-08-29 08:22:18,190 [grpc-default-executor-8] INFO  impl.FollowerInfo (FollowerInfo.java:lambda$new$0(50)) - e9d0e0d0-c191-4593-8ede-e5f8bbf008c6->f860cc41-417e-4931-b71d-d109f40332d6: nextIndex: updateUnconditionally 3 -> 2
2019-08-29 08:22:18,190 [grpc-default-executor-4] INFO  impl.FollowerInfo (FollowerInfo.java:lambda$new$0(50)) - e9d0e0d0-c191-4593-8ede-e5f8bbf008c6->bb544b94-2c29-446f-b248-ddf7606e91f4: nextIndex: updateUnconditionally 3 -> 2
2019-08-29 08:22:18,194 | INFO  | SCMAudit | user=jenkins1000 | ip=192.168.69.111 | op=SEND_HEARTBEAT {datanodeUUID=bb544b94-2c29-446f-b248-ddf7606e91f4, command=[]} | ret=SUCCESS |  
2019-08-29 08:22:18,241 [StateMachineUpdater:e9d0e0d0-c191-4593-8ede-e5f8bbf008c6:group-6E86CE23022E] INFO  ratis.ContainerStateMachine (ContainerStateMachine.java:takeSnapshot(294)) - group-6E86CE23022E: Finished taking a snapshot at:(t:1, i:2) file:/workdir/hadoop-ozone/integration-test/target/test-dir/MiniOzoneClusterImpl-019c98e8-05ee-4a70-81cf-496e8301b746/datanode-2/data/ratis/206e9bac-fb41-4f74-bc25-6e86ce23022e/sm/snapshot.1_2 time:57
2019-08-29 08:22:18,241 [StateMachineUpdater:e9d0e0d0-c191-4593-8ede-e5f8bbf008c6:group-6E86CE23022E] INFO  impl.StateMachineUpdater (StateMachineUpdater.java:takeSnapshot(242)) - StateMachineUpdater:e9d0e0d0-c191-4593-8ede-e5f8bbf008c6:group-6E86CE23022E: Took a snapshot at index 2
2019-08-29 08:22:18,241 [StateMachineUpdater:e9d0e0d0-c191-4593-8ede-e5f8bbf008c6:group-6E86CE23022E] INFO  impl.StateMachineUpdater (StateMachineUpdater.java:lambda$new$0(80)) - StateMachineUpdater:e9d0e0d0-c191-4593-8ede-e5f8bbf008c6:group-6E86CE23022E: snapshotIndex: updateIncreasingly -1 -> 2
2019-08-29 08:22:18,242 [ForkJoinPool.commonPool-worker-0] INFO  impl.RaftServerImpl (ServerState.java:close(394)) - e9d0e0d0-c191-4593-8ede-e5f8bbf008c6:group-6E86CE23022E closes. The last applied log index is 2
2019-08-29 08:22:18,242 [e9d0e0d0-c191-4593-8ede-e5f8bbf008c6-SegmentedRaftLogWorker:Storage Directory /workdir/hadoop-ozone/integration-test/target/test-dir/MiniOzoneClusterImpl-019c98e8-05ee-4a70-81cf-496e8301b746/datanode-2/data/ratis/206e9bac-fb41-4f74-bc25-6e86ce23022e] INFO  segmented.SegmentedRaftLogWorker (SegmentedRaftLogWorker.java:run(313)) - e9d0e0d0-c191-4593-8ede-e5f8bbf008c6-SegmentedRaftLogWorker:Storage Directory /workdir/hadoop-ozone/integration-test/target/test-dir/MiniOzoneClusterImpl-019c98e8-05ee-4a70-81cf-496e8301b746/datanode-2/data/ratis/206e9bac-fb41-4f74-bc25-6e86ce23022e was interrupted, exiting. There are 0 tasks remaining in the queue.
2019-08-29 08:22:18,245 [ForkJoinPool.commonPool-worker-0] INFO  segmented.SegmentedRaftLogWorker (SegmentedRaftLogWorker.java:close(228)) - e9d0e0d0-c191-4593-8ede-e5f8bbf008c6-SegmentedRaftLogWorker:Storage Directory /workdir/hadoop-ozone/integration-test/target/test-dir/MiniOzoneClusterImpl-019c98e8-05ee-4a70-81cf-496e8301b746/datanode-2/data/ratis/206e9bac-fb41-4f74-bc25-6e86ce23022e close()
2019-08-29 08:22:18,249 [main] INFO  server.GrpcService (GrpcService.java:closeImpl(155)) - e9d0e0d0-c191-4593-8ede-e5f8bbf008c6: shutdown server with port 46169 now
2019-08-29 08:22:18,250 [main] INFO  server.GrpcService (GrpcService.java:closeImpl(163)) - e9d0e0d0-c191-4593-8ede-e5f8bbf008c6: shutdown server with port 46169 successfully
2019-08-29 08:22:18,251 [main] INFO  utils.BackgroundService (BackgroundService.java:shutdown(148)) - Shutting down service BlockDeletingService
2019-08-29 08:22:18,253 [refreshUsed-/workdir/hadoop-ozone/integration-test/target/test-dir/MiniOzoneClusterImpl-019c98e8-05ee-4a70-81cf-496e8301b746/datanode-2/data/containers] WARN  fs.CachingGetSpaceUsed (CachingGetSpaceUsed.java:run(183)) - Thread Interrupted waiting to refresh disk information: sleep interrupted
2019-08-29 08:22:18,276 [main] INFO  statemachine.DatanodeStateMachine (DatanodeStateMachine.java:stopDaemon(395)) - Ozone container server stopped.
2019-08-29 08:22:18,278 [main] INFO  handler.ContextHandler (ContextHandler.java:doStop(910)) - Stopped o.e.j.w.WebAppContext@45398bb0{/,null,UNAVAILABLE}{/hddsDatanode}
2019-08-29 08:22:18,278 [main] INFO  server.AbstractConnector (AbstractConnector.java:doStop(318)) - Stopped ServerConnector@35ffe3ac{HTTP/1.1,[http/1.1]}{0.0.0.0:0}
2019-08-29 08:22:18,279 [main] INFO  handler.ContextHandler (ContextHandler.java:doStop(910)) - Stopped o.e.j.s.ServletContextHandler@76ac8c3d{/static,jar:file:/home/user/.m2/repository/org/apache/hadoop/hadoop-hdds-container-service/0.5.0-SNAPSHOT/hadoop-hdds-container-service-0.5.0-SNAPSHOT.jar!/webapps/static,UNAVAILABLE}
2019-08-29 08:22:18,279 [main] INFO  handler.ContextHandler (ContextHandler.java:doStop(910)) - Stopped o.e.j.s.ServletContextHandler@5ace902e{/logs,file:///workdir/hadoop-ozone/integration-test/target/log,UNAVAILABLE}
2019-08-29 08:22:18,364 | INFO  | SCMAudit | user=jenkins1000 | ip=192.168.69.111 | op=SEND_HEARTBEAT {datanodeUUID=b160e95c-e176-445b-9898-2ea637c3111e, command=[]} | ret=SUCCESS |  
2019-08-29 08:22:18,595 | INFO  | SCMAudit | user=jenkins1000 | ip=192.168.69.111 | op=SEND_HEARTBEAT {datanodeUUID=75b5c139-66d5-483f-a402-babe56ab3281, command=[]} | ret=SUCCESS |  
2019-08-29 08:22:18,773 | INFO  | SCMAudit | user=jenkins1000 | ip=192.168.69.111 | op=SEND_HEARTBEAT {datanodeUUID=40f4479c-b2c4-4dae-88b0-602b993ef735, command=[]} | ret=SUCCESS |  
2019-08-29 08:22:19,143 | INFO  | SCMAudit | user=jenkins1000 | ip=192.168.69.111 | op=SEND_HEARTBEAT {datanodeUUID=f860cc41-417e-4931-b71d-d109f40332d6, command=[]} | ret=SUCCESS |  
2019-08-29 08:22:19,182 | INFO  | SCMAudit | user=jenkins1000 | ip=192.168.69.111 | op=SEND_HEARTBEAT {datanodeUUID=71ce2075-8fc0-4ce0-bdf6-c2c365f6371a, command=[]} | ret=SUCCESS |  
2019-08-29 08:22:19,195 | INFO  | SCMAudit | user=jenkins1000 | ip=192.168.69.111 | op=SEND_HEARTBEAT {datanodeUUID=bb544b94-2c29-446f-b248-ddf7606e91f4, command=[]} | ret=SUCCESS |  
2019-08-29 08:22:19,363 | INFO  | SCMAudit | user=jenkins1000 | ip=192.168.69.111 | op=SEND_HEARTBEAT {datanodeUUID=b160e95c-e176-445b-9898-2ea637c3111e, command=[]} | ret=SUCCESS |  
2019-08-29 08:22:19,594 | INFO  | SCMAudit | user=jenkins1000 | ip=192.168.69.111 | op=SEND_HEARTBEAT {datanodeUUID=75b5c139-66d5-483f-a402-babe56ab3281, command=[]} | ret=SUCCESS |  
2019-08-29 08:22:19,773 | INFO  | SCMAudit | user=jenkins1000 | ip=192.168.69.111 | op=SEND_HEARTBEAT {datanodeUUID=40f4479c-b2c4-4dae-88b0-602b993ef735, command=[]} | ret=SUCCESS |  
2019-08-29 08:22:20,143 | INFO  | SCMAudit | user=jenkins1000 | ip=192.168.69.111 | op=SEND_HEARTBEAT {datanodeUUID=f860cc41-417e-4931-b71d-d109f40332d6, command=[]} | ret=SUCCESS |  
2019-08-29 08:22:20,182 | INFO  | SCMAudit | user=jenkins1000 | ip=192.168.69.111 | op=SEND_HEARTBEAT {datanodeUUID=71ce2075-8fc0-4ce0-bdf6-c2c365f6371a, command=[]} | ret=SUCCESS |  
2019-08-29 08:22:20,196 | INFO  | SCMAudit | user=jenkins1000 | ip=192.168.69.111 | op=SEND_HEARTBEAT {datanodeUUID=bb544b94-2c29-446f-b248-ddf7606e91f4, command=[]} | ret=SUCCESS |  
2019-08-29 08:22:20,299 [grpc-default-executor-9] INFO  client.GrpcClientProtocolClient (GrpcClientProtocolClient.java:onNext(255)) - client-6A8ADCA173F2->bb544b94-2c29-446f-b248-ddf7606e91f4: receive RaftClientReply:client-6A8ADCA173F2->bb544b94-2c29-446f-b248-ddf7606e91f4@group-6E86CE23022E, cid=103, FAILED org.apache.ratis.protocol.NotLeaderException: Server bb544b94-2c29-446f-b248-ddf7606e91f4 is not the leader (e9d0e0d0-c191-4593-8ede-e5f8bbf008c6:192.168.69.111:46169). Request must be sent to leader., logIndex=0, commits[bb544b94-2c29-446f-b248-ddf7606e91f4:c2, e9d0e0d0-c191-4593-8ede-e5f8bbf008c6:c2, f860cc41-417e-4931-b71d-d109f40332d6:c2]
2019-08-29 08:22:20,371 | INFO  | SCMAudit | user=jenkins1000 | ip=192.168.69.111 | op=SEND_HEARTBEAT {datanodeUUID=b160e95c-e176-445b-9898-2ea637c3111e, command=[]} | ret=SUCCESS |  
2019-08-29 08:22:20,594 | INFO  | SCMAudit | user=jenkins1000 | ip=192.168.69.111 | op=SEND_HEARTBEAT {datanodeUUID=75b5c139-66d5-483f-a402-babe56ab3281, command=[]} | ret=SUCCESS |  
2019-08-29 08:22:20,773 | INFO  | SCMAudit | user=jenkins1000 | ip=192.168.69.111 | op=SEND_HEARTBEAT {datanodeUUID=40f4479c-b2c4-4dae-88b0-602b993ef735, command=[]} | ret=SUCCESS |  
2019-08-29 08:22:21,143 | INFO  | SCMAudit | user=jenkins1000 | ip=192.168.69.111 | op=SEND_HEARTBEAT {datanodeUUID=f860cc41-417e-4931-b71d-d109f40332d6, command=[]} | ret=SUCCESS |  
2019-08-29 08:22:21,182 | INFO  | SCMAudit | user=jenkins1000 | ip=192.168.69.111 | op=SEND_HEARTBEAT {datanodeUUID=71ce2075-8fc0-4ce0-bdf6-c2c365f6371a, command=[]} | ret=SUCCESS |  
2019-08-29 08:22:21,196 | INFO  | SCMAudit | user=jenkins1000 | ip=192.168.69.111 | op=SEND_HEARTBEAT {datanodeUUID=bb544b94-2c29-446f-b248-ddf7606e91f4, command=[]} | ret=SUCCESS |  
2019-08-29 08:22:21,370 | INFO  | SCMAudit | user=jenkins1000 | ip=192.168.69.111 | op=SEND_HEARTBEAT {datanodeUUID=b160e95c-e176-445b-9898-2ea637c3111e, command=[]} | ret=SUCCESS |  
2019-08-29 08:22:21,378 [grpc-default-executor-9] INFO  client.GrpcClientProtocolClient (GrpcClientProtocolClient.java:onNext(255)) - client-6A8ADCA173F2->bb544b94-2c29-446f-b248-ddf7606e91f4: receive RaftClientReply:client-6A8ADCA173F2->bb544b94-2c29-446f-b248-ddf7606e91f4@group-6E86CE23022E, cid=103, FAILED org.apache.ratis.protocol.NotLeaderException: Server bb544b94-2c29-446f-b248-ddf7606e91f4 is not the leader (e9d0e0d0-c191-4593-8ede-e5f8bbf008c6:192.168.69.111:46169). Request must be sent to leader., logIndex=0, commits[bb544b94-2c29-446f-b248-ddf7606e91f4:c2, e9d0e0d0-c191-4593-8ede-e5f8bbf008c6:c2, f860cc41-417e-4931-b71d-d109f40332d6:c2]
2019-08-29 08:22:21,594 | INFO  | SCMAudit | user=jenkins1000 | ip=192.168.69.111 | op=SEND_HEARTBEAT {datanodeUUID=75b5c139-66d5-483f-a402-babe56ab3281, command=[]} | ret=SUCCESS |  
2019-08-29 08:22:21,773 | INFO  | SCMAudit | user=jenkins1000 | ip=192.168.69.111 | op=SEND_HEARTBEAT {datanodeUUID=40f4479c-b2c4-4dae-88b0-602b993ef735, command=[]} | ret=SUCCESS |  
2019-08-29 08:22:22,143 | INFO  | SCMAudit | user=jenkins1000 | ip=192.168.69.111 | op=SEND_HEARTBEAT {datanodeUUID=f860cc41-417e-4931-b71d-d109f40332d6, command=[]} | ret=SUCCESS |  
2019-08-29 08:22:22,183 | INFO  | SCMAudit | user=jenkins1000 | ip=192.168.69.111 | op=SEND_HEARTBEAT {datanodeUUID=71ce2075-8fc0-4ce0-bdf6-c2c365f6371a, command=[]} | ret=SUCCESS |  
2019-08-29 08:22:22,196 | INFO  | SCMAudit | user=jenkins1000 | ip=192.168.69.111 | op=SEND_HEARTBEAT {datanodeUUID=bb544b94-2c29-446f-b248-ddf7606e91f4, command=[]} | ret=SUCCESS |  
2019-08-29 08:22:22,370 | INFO  | SCMAudit | user=jenkins1000 | ip=192.168.69.111 | op=SEND_HEARTBEAT {datanodeUUID=b160e95c-e176-445b-9898-2ea637c3111e, command=[]} | ret=SUCCESS |  
2019-08-29 08:22:22,403 [grpc-default-executor-8] INFO  client.GrpcClientProtocolClient (GrpcClientProtocolClient.java:onNext(255)) - client-6A8ADCA173F2->bb544b94-2c29-446f-b248-ddf7606e91f4: receive RaftClientReply:client-6A8ADCA173F2->bb544b94-2c29-446f-b248-ddf7606e91f4@group-6E86CE23022E, cid=103, FAILED org.apache.ratis.protocol.NotLeaderException: Server bb544b94-2c29-446f-b248-ddf7606e91f4 is not the leader (e9d0e0d0-c191-4593-8ede-e5f8bbf008c6:192.168.69.111:46169). Request must be sent to leader., logIndex=0, commits[bb544b94-2c29-446f-b248-ddf7606e91f4:c2, e9d0e0d0-c191-4593-8ede-e5f8bbf008c6:c2, f860cc41-417e-4931-b71d-d109f40332d6:c2]
2019-08-29 08:22:22,594 | INFO  | SCMAudit | user=jenkins1000 | ip=192.168.69.111 | op=SEND_HEARTBEAT {datanodeUUID=75b5c139-66d5-483f-a402-babe56ab3281, command=[]} | ret=SUCCESS |  
2019-08-29 08:22:22,773 | INFO  | SCMAudit | user=jenkins1000 | ip=192.168.69.111 | op=SEND_HEARTBEAT {datanodeUUID=40f4479c-b2c4-4dae-88b0-602b993ef735, command=[]} | ret=SUCCESS |  
2019-08-29 08:22:23,143 | INFO  | SCMAudit | user=jenkins1000 | ip=192.168.69.111 | op=SEND_HEARTBEAT {datanodeUUID=f860cc41-417e-4931-b71d-d109f40332d6, command=[]} | ret=SUCCESS |  
2019-08-29 08:22:23,183 | INFO  | SCMAudit | user=jenkins1000 | ip=192.168.69.111 | op=SEND_HEARTBEAT {datanodeUUID=71ce2075-8fc0-4ce0-bdf6-c2c365f6371a, command=[]} | ret=SUCCESS |  
2019-08-29 08:22:23,196 | INFO  | SCMAudit | user=jenkins1000 | ip=192.168.69.111 | op=SEND_HEARTBEAT {datanodeUUID=bb544b94-2c29-446f-b248-ddf7606e91f4, command=[]} | ret=SUCCESS |  
2019-08-29 08:22:23,371 | INFO  | SCMAudit | user=jenkins1000 | ip=192.168.69.111 | op=SEND_HEARTBEAT {datanodeUUID=b160e95c-e176-445b-9898-2ea637c3111e, command=[]} | ret=SUCCESS |  
2019-08-29 08:22:23,428 [grpc-default-executor-9] INFO  client.GrpcClientProtocolClient (GrpcClientProtocolClient.java:onNext(255)) - client-6A8ADCA173F2->bb544b94-2c29-446f-b248-ddf7606e91f4: receive RaftClientReply:client-6A8ADCA173F2->bb544b94-2c29-446f-b248-ddf7606e91f4@group-6E86CE23022E, cid=103, FAILED org.apache.ratis.protocol.NotLeaderException: Server bb544b94-2c29-446f-b248-ddf7606e91f4 is not the leader (e9d0e0d0-c191-4593-8ede-e5f8bbf008c6:192.168.69.111:46169). Request must be sent to leader., logIndex=0, commits[bb544b94-2c29-446f-b248-ddf7606e91f4:c2, e9d0e0d0-c191-4593-8ede-e5f8bbf008c6:c2, f860cc41-417e-4931-b71d-d109f40332d6:c2]
2019-08-29 08:22:23,594 | INFO  | SCMAudit | user=jenkins1000 | ip=192.168.69.111 | op=SEND_HEARTBEAT {datanodeUUID=75b5c139-66d5-483f-a402-babe56ab3281, command=[]} | ret=SUCCESS |  
2019-08-29 08:22:23,774 | INFO  | SCMAudit | user=jenkins1000 | ip=192.168.69.111 | op=SEND_HEARTBEAT {datanodeUUID=40f4479c-b2c4-4dae-88b0-602b993ef735, command=[]} | ret=SUCCESS |  
2019-08-29 08:22:24,144 | INFO  | SCMAudit | user=jenkins1000 | ip=192.168.69.111 | op=SEND_HEARTBEAT {datanodeUUID=f860cc41-417e-4931-b71d-d109f40332d6, command=[]} | ret=SUCCESS |  
2019-08-29 08:22:24,183 | INFO  | SCMAudit | user=jenkins1000 | ip=192.168.69.111 | op=SEND_HEARTBEAT {datanodeUUID=71ce2075-8fc0-4ce0-bdf6-c2c365f6371a, command=[]} | ret=SUCCESS |  
2019-08-29 08:22:24,197 | INFO  | SCMAudit | user=jenkins1000 | ip=192.168.69.111 | op=SEND_HEARTBEAT {datanodeUUID=bb544b94-2c29-446f-b248-ddf7606e91f4, command=[]} | ret=SUCCESS |  
2019-08-29 08:22:24,372 | INFO  | SCMAudit | user=jenkins1000 | ip=192.168.69.111 | op=SEND_HEARTBEAT {datanodeUUID=b160e95c-e176-445b-9898-2ea637c3111e, command=[]} | ret=SUCCESS |  
2019-08-29 08:22:24,457 [grpc-default-executor-9] INFO  client.GrpcClientProtocolClient (GrpcClientProtocolClient.java:onNext(255)) - client-6A8ADCA173F2->bb544b94-2c29-446f-b248-ddf7606e91f4: receive RaftClientReply:client-6A8ADCA173F2->bb544b94-2c29-446f-b248-ddf7606e91f4@group-6E86CE23022E, cid=103, FAILED org.apache.ratis.protocol.NotLeaderException: Server bb544b94-2c29-446f-b248-ddf7606e91f4 is not the leader (e9d0e0d0-c191-4593-8ede-e5f8bbf008c6:192.168.69.111:46169). Request must be sent to leader., logIndex=0, commits[bb544b94-2c29-446f-b248-ddf7606e91f4:c2, e9d0e0d0-c191-4593-8ede-e5f8bbf008c6:c2, f860cc41-417e-4931-b71d-d109f40332d6:c2]
2019-08-29 08:22:24,594 | INFO  | SCMAudit | user=jenkins1000 | ip=192.168.69.111 | op=SEND_HEARTBEAT {datanodeUUID=75b5c139-66d5-483f-a402-babe56ab3281, command=[]} | ret=SUCCESS |  
2019-08-29 08:22:24,773 | INFO  | SCMAudit | user=jenkins1000 | ip=192.168.69.111 | op=SEND_HEARTBEAT {datanodeUUID=40f4479c-b2c4-4dae-88b0-602b993ef735, command=[]} | ret=SUCCESS |  
2019-08-29 08:22:25,143 | INFO  | SCMAudit | user=jenkins1000 | ip=192.168.69.111 | op=SEND_HEARTBEAT {datanodeUUID=f860cc41-417e-4931-b71d-d109f40332d6, command=[]} | ret=SUCCESS |  
2019-08-29 08:22:25,183 | INFO  | SCMAudit | user=jenkins1000 | ip=192.168.69.111 | op=SEND_HEARTBEAT {datanodeUUID=71ce2075-8fc0-4ce0-bdf6-c2c365f6371a, command=[]} | ret=SUCCESS |  
2019-08-29 08:22:25,196 | INFO  | SCMAudit | user=jenkins1000 | ip=192.168.69.111 | op=SEND_HEARTBEAT {datanodeUUID=bb544b94-2c29-446f-b248-ddf7606e91f4, command=[]} | ret=SUCCESS |  
2019-08-29 08:22:25,372 | INFO  | SCMAudit | user=jenkins1000 | ip=192.168.69.111 | op=SEND_HEARTBEAT {datanodeUUID=b160e95c-e176-445b-9898-2ea637c3111e, command=[]} | ret=SUCCESS |  
2019-08-29 08:22:25,480 [grpc-default-executor-9] INFO  client.GrpcClientProtocolClient (GrpcClientProtocolClient.java:onNext(255)) - client-6A8ADCA173F2->f860cc41-417e-4931-b71d-d109f40332d6: receive RaftClientReply:client-6A8ADCA173F2->f860cc41-417e-4931-b71d-d109f40332d6@group-6E86CE23022E, cid=103, FAILED org.apache.ratis.protocol.NotLeaderException: Server f860cc41-417e-4931-b71d-d109f40332d6 is not the leader (e9d0e0d0-c191-4593-8ede-e5f8bbf008c6:192.168.69.111:46169). Request must be sent to leader., logIndex=0, commits[f860cc41-417e-4931-b71d-d109f40332d6:c2, e9d0e0d0-c191-4593-8ede-e5f8bbf008c6:c2, bb544b94-2c29-446f-b248-ddf7606e91f4:c2]
2019-08-29 08:22:25,594 | INFO  | SCMAudit | user=jenkins1000 | ip=192.168.69.111 | op=SEND_HEARTBEAT {datanodeUUID=75b5c139-66d5-483f-a402-babe56ab3281, command=[]} | ret=SUCCESS |  
2019-08-29 08:22:25,773 | INFO  | SCMAudit | user=jenkins1000 | ip=192.168.69.111 | op=SEND_HEARTBEAT {datanodeUUID=40f4479c-b2c4-4dae-88b0-602b993ef735, command=[]} | ret=SUCCESS |  
2019-08-29 08:22:26,144 | INFO  | SCMAudit | user=jenkins1000 | ip=192.168.69.111 | op=SEND_HEARTBEAT {datanodeUUID=f860cc41-417e-4931-b71d-d109f40332d6, command=[]} | ret=SUCCESS |  
2019-08-29 08:22:26,183 | INFO  | SCMAudit | user=jenkins1000 | ip=192.168.69.111 | op=SEND_HEARTBEAT {datanodeUUID=71ce2075-8fc0-4ce0-bdf6-c2c365f6371a, command=[]} | ret=SUCCESS |  
2019-08-29 08:22:26,196 | INFO  | SCMAudit | user=jenkins1000 | ip=192.168.69.111 | op=SEND_HEARTBEAT {datanodeUUID=bb544b94-2c29-446f-b248-ddf7606e91f4, command=[]} | ret=SUCCESS |  
2019-08-29 08:22:26,373 | INFO  | SCMAudit | user=jenkins1000 | ip=192.168.69.111 | op=SEND_HEARTBEAT {datanodeUUID=b160e95c-e176-445b-9898-2ea637c3111e, command=[]} | ret=SUCCESS |  
2019-08-29 08:22:26,511 [grpc-default-executor-9] INFO  client.GrpcClientProtocolClient (GrpcClientProtocolClient.java:onNext(255)) - client-6A8ADCA173F2->bb544b94-2c29-446f-b248-ddf7606e91f4: receive RaftClientReply:client-6A8ADCA173F2->bb544b94-2c29-446f-b248-ddf7606e91f4@group-6E86CE23022E, cid=103, FAILED org.apache.ratis.protocol.NotLeaderException: Server bb544b94-2c29-446f-b248-ddf7606e91f4 is not the leader (e9d0e0d0-c191-4593-8ede-e5f8bbf008c6:192.168.69.111:46169). Request must be sent to leader., logIndex=0, commits[bb544b94-2c29-446f-b248-ddf7606e91f4:c2, e9d0e0d0-c191-4593-8ede-e5f8bbf008c6:c2, f860cc41-417e-4931-b71d-d109f40332d6:c2]
2019-08-29 08:22:26,594 | INFO  | SCMAudit | user=jenkins1000 | ip=192.168.69.111 | op=SEND_HEARTBEAT {datanodeUUID=75b5c139-66d5-483f-a402-babe56ab3281, command=[]} | ret=SUCCESS |  
2019-08-29 08:22:26,773 | INFO  | SCMAudit | user=jenkins1000 | ip=192.168.69.111 | op=SEND_HEARTBEAT {datanodeUUID=40f4479c-b2c4-4dae-88b0-602b993ef735, command=[]} | ret=SUCCESS |  
2019-08-29 08:22:27,145 | INFO  | SCMAudit | user=jenkins1000 | ip=192.168.69.111 | op=SEND_HEARTBEAT {datanodeUUID=f860cc41-417e-4931-b71d-d109f40332d6, command=[]} | ret=SUCCESS |  
2019-08-29 08:22:27,184 | INFO  | SCMAudit | user=jenkins1000 | ip=192.168.69.111 | op=SEND_HEARTBEAT {datanodeUUID=71ce2075-8fc0-4ce0-bdf6-c2c365f6371a, command=[]} | ret=SUCCESS |  
2019-08-29 08:22:27,196 | INFO  | SCMAudit | user=jenkins1000 | ip=192.168.69.111 | op=SEND_HEARTBEAT {datanodeUUID=bb544b94-2c29-446f-b248-ddf7606e91f4, command=[]} | ret=SUCCESS |  
2019-08-29 08:22:27,373 | INFO  | SCMAudit | user=jenkins1000 | ip=192.168.69.111 | op=SEND_HEARTBEAT {datanodeUUID=b160e95c-e176-445b-9898-2ea637c3111e, command=[]} | ret=SUCCESS |  
2019-08-29 08:22:27,494 [Thread-2524] INFO  impl.FollowerState (FollowerState.java:run(106)) - f860cc41-417e-4931-b71d-d109f40332d6:group-6E86CE23022E changes to CANDIDATE, lastRpcTime:9557, electionTimeout:5070ms
2019-08-29 08:22:27,494 [Thread-2524] INFO  impl.RoleInfo (RoleInfo.java:shutdownFollowerState(121)) - f860cc41-417e-4931-b71d-d109f40332d6: shutdown FollowerState
2019-08-29 08:22:27,494 [Thread-2524] INFO  impl.RaftServerImpl (RaftServerImpl.java:setRole(171)) - f860cc41-417e-4931-b71d-d109f40332d6:group-6E86CE23022E changes role from FOLLOWER to CANDIDATE at term 1 for changeToCandidate
2019-08-29 08:22:27,495 [Thread-2524] INFO  impl.RoleInfo (RoleInfo.java:updateAndGet(143)) - f860cc41-417e-4931-b71d-d109f40332d6: start LeaderElection
2019-08-29 08:22:27,498 [f860cc41-417e-4931-b71d-d109f40332d6:group-6E86CE23022E:LeaderElection95] INFO  impl.RaftServerImpl (ServerState.java:setLeader(263)) - f860cc41-417e-4931-b71d-d109f40332d6:group-6E86CE23022E change Leader from e9d0e0d0-c191-4593-8ede-e5f8bbf008c6 to null at term 1 for initElection
2019-08-29 08:22:27,547 [grpc-default-executor-8] INFO  client.GrpcClientProtocolClient (GrpcClientProtocolClient.java:onNext(255)) - client-6A8ADCA173F2->f860cc41-417e-4931-b71d-d109f40332d6: receive RaftClientReply:client-6A8ADCA173F2->f860cc41-417e-4931-b71d-d109f40332d6@group-6E86CE23022E, cid=103, FAILED org.apache.ratis.protocol.NotLeaderException: Server f860cc41-417e-4931-b71d-d109f40332d6 is not the leader (null). Request must be sent to leader., logIndex=0, commits[f860cc41-417e-4931-b71d-d109f40332d6:c2, e9d0e0d0-c191-4593-8ede-e5f8bbf008c6:c2, bb544b94-2c29-446f-b248-ddf7606e91f4:c2]
2019-08-29 08:22:27,557 [grpc-default-executor-8] WARN  client.GrpcClientProtocolService (LogUtils.java:warn(134)) - 3-OrderedRequestStreamObserver3: onError: org.apache.ratis.thirdparty.io.grpc.StatusRuntimeException: CANCELLED: cancelled before receiving half close
2019-08-29 08:22:27,595 | INFO  | SCMAudit | user=jenkins1000 | ip=192.168.69.111 | op=SEND_HEARTBEAT {datanodeUUID=75b5c139-66d5-483f-a402-babe56ab3281, command=[]} | ret=SUCCESS |  
2019-08-29 08:22:27,713 [Thread-2523] INFO  impl.FollowerState (FollowerState.java:run(106)) - bb544b94-2c29-446f-b248-ddf7606e91f4:group-6E86CE23022E changes to CANDIDATE, lastRpcTime:9776, electionTimeout:5193ms
2019-08-29 08:22:27,713 [Thread-2523] INFO  impl.RoleInfo (RoleInfo.java:shutdownFollowerState(121)) - bb544b94-2c29-446f-b248-ddf7606e91f4: shutdown FollowerState
2019-08-29 08:22:27,713 [Thread-2523] INFO  impl.RaftServerImpl (RaftServerImpl.java:setRole(171)) - bb544b94-2c29-446f-b248-ddf7606e91f4:group-6E86CE23022E changes role from FOLLOWER to CANDIDATE at term 1 for changeToCandidate
2019-08-29 08:22:27,713 [Thread-2523] INFO  impl.RoleInfo (RoleInfo.java:updateAndGet(143)) - bb544b94-2c29-446f-b248-ddf7606e91f4: start LeaderElection
2019-08-29 08:22:27,714 [bb544b94-2c29-446f-b248-ddf7606e91f4:group-6E86CE23022E:LeaderElection96] INFO  impl.RaftServerImpl (ServerState.java:setLeader(263)) - bb544b94-2c29-446f-b248-ddf7606e91f4:group-6E86CE23022E change Leader from e9d0e0d0-c191-4593-8ede-e5f8bbf008c6 to null at term 1 for initElection
2019-08-29 08:22:27,773 | INFO  | SCMAudit | user=jenkins1000 | ip=192.168.69.111 | op=SEND_HEARTBEAT {datanodeUUID=40f4479c-b2c4-4dae-88b0-602b993ef735, command=[]} | ret=SUCCESS |  
2019-08-29 08:22:28,144 | INFO  | SCMAudit | user=jenkins1000 | ip=192.168.69.111 | op=SEND_HEARTBEAT {datanodeUUID=f860cc41-417e-4931-b71d-d109f40332d6, command=[]} | ret=SUCCESS |  
2019-08-29 08:22:28,183 | INFO  | SCMAudit | user=jenkins1000 | ip=192.168.69.111 | op=SEND_HEARTBEAT {datanodeUUID=71ce2075-8fc0-4ce0-bdf6-c2c365f6371a, command=[]} | ret=SUCCESS |  
2019-08-29 08:22:28,196 | INFO  | SCMAudit | user=jenkins1000 | ip=192.168.69.111 | op=SEND_HEARTBEAT {datanodeUUID=bb544b94-2c29-446f-b248-ddf7606e91f4, command=[]} | ret=SUCCESS |  
2019-08-29 08:22:28,373 | INFO  | SCMAudit | user=jenkins1000 | ip=192.168.69.111 | op=SEND_HEARTBEAT {datanodeUUID=b160e95c-e176-445b-9898-2ea637c3111e, command=[]} | ret=SUCCESS |  
2019-08-29 08:22:28,419 [f860cc41-417e-4931-b71d-d109f40332d6:group-6E86CE23022E:LeaderElection95] INFO  impl.LeaderElection (LeaderElection.java:askForVotes(181)) - f860cc41-417e-4931-b71d-d109f40332d6:group-6E86CE23022E:LeaderElection95: begin an election at term 2 for 0: [e9d0e0d0-c191-4593-8ede-e5f8bbf008c6:192.168.69.111:46169, bb544b94-2c29-446f-b248-ddf7606e91f4:192.168.69.111:40659, f860cc41-417e-4931-b71d-d109f40332d6:192.168.69.111:33978], old=null
2019-08-29 08:22:28,419 [bb544b94-2c29-446f-b248-ddf7606e91f4:group-6E86CE23022E:LeaderElection96] INFO  impl.LeaderElection (LeaderElection.java:askForVotes(181)) - bb544b94-2c29-446f-b248-ddf7606e91f4:group-6E86CE23022E:LeaderElection96: begin an election at term 2 for 0: [e9d0e0d0-c191-4593-8ede-e5f8bbf008c6:192.168.69.111:46169, bb544b94-2c29-446f-b248-ddf7606e91f4:192.168.69.111:40659, f860cc41-417e-4931-b71d-d109f40332d6:192.168.69.111:33978], old=null
2019-08-29 08:22:28,423 [f860cc41-417e-4931-b71d-d109f40332d6:group-6E86CE23022E:LeaderElection95] INFO  impl.LeaderElection (LogUtils.java:infoOrTrace(149)) - f860cc41-417e-4931-b71d-d109f40332d6:group-6E86CE23022E:LeaderElection95 got exception when requesting votes: {}
java.util.concurrent.ExecutionException: org.apache.ratis.thirdparty.io.grpc.StatusRuntimeException: UNAVAILABLE: io exception
	at java.util.concurrent.FutureTask.report(FutureTask.java:122)
	at java.util.concurrent.FutureTask.get(FutureTask.java:192)
	at org.apache.ratis.server.impl.LeaderElection.waitForResults(LeaderElection.java:262)
	at org.apache.ratis.server.impl.LeaderElection.askForVotes(LeaderElection.java:200)
	at org.apache.ratis.server.impl.LeaderElection.run(LeaderElection.java:130)
	at java.lang.Thread.run(Thread.java:748)
Caused by: org.apache.ratis.thirdparty.io.grpc.StatusRuntimeException: UNAVAILABLE: io exception
	at org.apache.ratis.thirdparty.io.grpc.stub.ClientCalls.toStatusRuntimeException(ClientCalls.java:233)
	at org.apache.ratis.thirdparty.io.grpc.stub.ClientCalls.getUnchecked(ClientCalls.java:214)
	at org.apache.ratis.thirdparty.io.grpc.stub.ClientCalls.blockingUnaryCall(ClientCalls.java:139)
	at org.apache.ratis.proto.grpc.RaftServerProtocolServiceGrpc$RaftServerProtocolServiceBlockingStub.requestVote(RaftServerProtocolServiceGrpc.java:265)
	at org.apache.ratis.grpc.server.GrpcServerProtocolClient.requestVote(GrpcServerProtocolClient.java:83)
	at org.apache.ratis.grpc.server.GrpcService.requestVote(GrpcService.java:195)
	at org.apache.ratis.server.impl.LeaderElection.lambda$submitRequests$1(LeaderElection.java:237)
	at java.util.concurrent.FutureTask.run(FutureTask.java:266)
	at java.util.concurrent.Executors$RunnableAdapter.call(Executors.java:511)
	at java.util.concurrent.FutureTask.run(FutureTask.java:266)
	at java.util.concurrent.ThreadPoolExecutor.runWorker(ThreadPoolExecutor.java:1149)
	at java.util.concurrent.ThreadPoolExecutor$Worker.run(ThreadPoolExecutor.java:624)
	... 1 more
Caused by: org.apache.ratis.thirdparty.io.netty.channel.AbstractChannel$AnnotatedConnectException: Connection refused: /192.168.69.111:46169
	at sun.nio.ch.SocketChannelImpl.checkConnect(Native Method)
	at sun.nio.ch.SocketChannelImpl.finishConnect(SocketChannelImpl.java:717)
	at org.apache.ratis.thirdparty.io.netty.channel.socket.nio.NioSocketChannel.doFinishConnect(NioSocketChannel.java:327)
	at org.apache.ratis.thirdparty.io.netty.channel.nio.AbstractNioChannel$AbstractNioUnsafe.finishConnect(AbstractNioChannel.java:340)
	at org.apache.ratis.thirdparty.io.netty.channel.nio.NioEventLoop.processSelectedKey(NioEventLoop.java:632)
	at org.apache.ratis.thirdparty.io.netty.channel.nio.NioEventLoop.processSelectedKeysOptimized(NioEventLoop.java:579)
	at org.apache.ratis.thirdparty.io.netty.channel.nio.NioEventLoop.processSelectedKeys(NioEventLoop.java:496)
	at org.apache.ratis.thirdparty.io.netty.channel.nio.NioEventLoop.run(NioEventLoop.java:458)
	at org.apache.ratis.thirdparty.io.netty.util.concurrent.SingleThreadEventExecutor$5.run(SingleThreadEventExecutor.java:897)
	at org.apache.ratis.thirdparty.io.netty.util.concurrent.FastThreadLocalRunnable.run(FastThreadLocalRunnable.java:30)
	... 1 more
Caused by: java.net.ConnectException: Connection refused
	... 11 more
2019-08-29 08:22:28,423 [bb544b94-2c29-446f-b248-ddf7606e91f4:group-6E86CE23022E:LeaderElection96] INFO  impl.LeaderElection (LogUtils.java:infoOrTrace(149)) - bb544b94-2c29-446f-b248-ddf7606e91f4:group-6E86CE23022E:LeaderElection96 got exception when requesting votes: {}
java.util.concurrent.ExecutionException: org.apache.ratis.thirdparty.io.grpc.StatusRuntimeException: UNAVAILABLE: io exception
	at java.util.concurrent.FutureTask.report(FutureTask.java:122)
	at java.util.concurrent.FutureTask.get(FutureTask.java:192)
	at org.apache.ratis.server.impl.LeaderElection.waitForResults(LeaderElection.java:262)
	at org.apache.ratis.server.impl.LeaderElection.askForVotes(LeaderElection.java:200)
	at org.apache.ratis.server.impl.LeaderElection.run(LeaderElection.java:130)
	at java.lang.Thread.run(Thread.java:748)
Caused by: org.apache.ratis.thirdparty.io.grpc.StatusRuntimeException: UNAVAILABLE: io exception
	at org.apache.ratis.thirdparty.io.grpc.stub.ClientCalls.toStatusRuntimeException(ClientCalls.java:233)
	at org.apache.ratis.thirdparty.io.grpc.stub.ClientCalls.getUnchecked(ClientCalls.java:214)
	at org.apache.ratis.thirdparty.io.grpc.stub.ClientCalls.blockingUnaryCall(ClientCalls.java:139)
	at org.apache.ratis.proto.grpc.RaftServerProtocolServiceGrpc$RaftServerProtocolServiceBlockingStub.requestVote(RaftServerProtocolServiceGrpc.java:265)
	at org.apache.ratis.grpc.server.GrpcServerProtocolClient.requestVote(GrpcServerProtocolClient.java:83)
	at org.apache.ratis.grpc.server.GrpcService.requestVote(GrpcService.java:195)
	at org.apache.ratis.server.impl.LeaderElection.lambda$submitRequests$1(LeaderElection.java:237)
	at java.util.concurrent.FutureTask.run(FutureTask.java:266)
	at java.util.concurrent.Executors$RunnableAdapter.call(Executors.java:511)
	at java.util.concurrent.FutureTask.run(FutureTask.java:266)
	at java.util.concurrent.ThreadPoolExecutor.runWorker(ThreadPoolExecutor.java:1149)
	at java.util.concurrent.ThreadPoolExecutor$Worker.run(ThreadPoolExecutor.java:624)
	... 1 more
Caused by: org.apache.ratis.thirdparty.io.netty.channel.AbstractChannel$AnnotatedConnectException: Connection refused: /192.168.69.111:46169
	at sun.nio.ch.SocketChannelImpl.checkConnect(Native Method)
	at sun.nio.ch.SocketChannelImpl.finishConnect(SocketChannelImpl.java:717)
	at org.apache.ratis.thirdparty.io.netty.channel.socket.nio.NioSocketChannel.doFinishConnect(NioSocketChannel.java:327)
	at org.apache.ratis.thirdparty.io.netty.channel.nio.AbstractNioChannel$AbstractNioUnsafe.finishConnect(AbstractNioChannel.java:340)
	at org.apache.ratis.thirdparty.io.netty.channel.nio.NioEventLoop.processSelectedKey(NioEventLoop.java:632)
	at org.apache.ratis.thirdparty.io.netty.channel.nio.NioEventLoop.processSelectedKeysOptimized(NioEventLoop.java:579)
	at org.apache.ratis.thirdparty.io.netty.channel.nio.NioEventLoop.processSelectedKeys(NioEventLoop.java:496)
	at org.apache.ratis.thirdparty.io.netty.channel.nio.NioEventLoop.run(NioEventLoop.java:458)
	at org.apache.ratis.thirdparty.io.netty.util.concurrent.SingleThreadEventExecutor$5.run(SingleThreadEventExecutor.java:897)
	at org.apache.ratis.thirdparty.io.netty.util.concurrent.FastThreadLocalRunnable.run(FastThreadLocalRunnable.java:30)
	... 1 more
Caused by: java.net.ConnectException: Connection refused
	... 11 more
2019-08-29 08:22:28,426 [bb544b94-2c29-446f-b248-ddf7606e91f4:group-6E86CE23022E:LeaderElection96] INFO  impl.LeaderElection (LeaderElection.java:logAndReturn(56)) - bb544b94-2c29-446f-b248-ddf7606e91f4:group-6E86CE23022E:LeaderElection96: Election REJECTED; received 1 response(s) [bb544b94-2c29-446f-b248-ddf7606e91f4<-f860cc41-417e-4931-b71d-d109f40332d6#0:FAIL-t2] and 1 exception(s); bb544b94-2c29-446f-b248-ddf7606e91f4:t2, leader=null, voted=bb544b94-2c29-446f-b248-ddf7606e91f4, raftlog=bb544b94-2c29-446f-b248-ddf7606e91f4-SegmentedRaftLog:OPENED:c2,f2,i2, conf=0: [e9d0e0d0-c191-4593-8ede-e5f8bbf008c6:192.168.69.111:46169, bb544b94-2c29-446f-b248-ddf7606e91f4:192.168.69.111:40659, f860cc41-417e-4931-b71d-d109f40332d6:192.168.69.111:33978], old=null
2019-08-29 08:22:28,427 [bb544b94-2c29-446f-b248-ddf7606e91f4:group-6E86CE23022E:LeaderElection96] INFO  impl.LeaderElection (LogUtils.java:infoOrTrace(149)) -   Exception 0: {}
java.util.concurrent.ExecutionException: org.apache.ratis.thirdparty.io.grpc.StatusRuntimeException: UNAVAILABLE: io exception
	at java.util.concurrent.FutureTask.report(FutureTask.java:122)
	at java.util.concurrent.FutureTask.get(FutureTask.java:192)
	at org.apache.ratis.server.impl.LeaderElection.waitForResults(LeaderElection.java:262)
	at org.apache.ratis.server.impl.LeaderElection.askForVotes(LeaderElection.java:200)
	at org.apache.ratis.server.impl.LeaderElection.run(LeaderElection.java:130)
	at java.lang.Thread.run(Thread.java:748)
Caused by: org.apache.ratis.thirdparty.io.grpc.StatusRuntimeException: UNAVAILABLE: io exception
	at org.apache.ratis.thirdparty.io.grpc.stub.ClientCalls.toStatusRuntimeException(ClientCalls.java:233)
	at org.apache.ratis.thirdparty.io.grpc.stub.ClientCalls.getUnchecked(ClientCalls.java:214)
	at org.apache.ratis.thirdparty.io.grpc.stub.ClientCalls.blockingUnaryCall(ClientCalls.java:139)
	at org.apache.ratis.proto.grpc.RaftServerProtocolServiceGrpc$RaftServerProtocolServiceBlockingStub.requestVote(RaftServerProtocolServiceGrpc.java:265)
	at org.apache.ratis.grpc.server.GrpcServerProtocolClient.requestVote(GrpcServerProtocolClient.java:83)
	at org.apache.ratis.grpc.server.GrpcService.requestVote(GrpcService.java:195)
	at org.apache.ratis.server.impl.LeaderElection.lambda$submitRequests$1(LeaderElection.java:237)
	at java.util.concurrent.FutureTask.run(FutureTask.java:266)
	at java.util.concurrent.Executors$RunnableAdapter.call(Executors.java:511)
	at java.util.concurrent.FutureTask.run(FutureTask.java:266)
	at java.util.concurrent.ThreadPoolExecutor.runWorker(ThreadPoolExecutor.java:1149)
	at java.util.concurrent.ThreadPoolExecutor$Worker.run(ThreadPoolExecutor.java:624)
	... 1 more
Caused by: org.apache.ratis.thirdparty.io.netty.channel.AbstractChannel$AnnotatedConnectException: Connection refused: /192.168.69.111:46169
	at sun.nio.ch.SocketChannelImpl.checkConnect(Native Method)
	at sun.nio.ch.SocketChannelImpl.finishConnect(SocketChannelImpl.java:717)
	at org.apache.ratis.thirdparty.io.netty.channel.socket.nio.NioSocketChannel.doFinishConnect(NioSocketChannel.java:327)
	at org.apache.ratis.thirdparty.io.netty.channel.nio.AbstractNioChannel$AbstractNioUnsafe.finishConnect(AbstractNioChannel.java:340)
	at org.apache.ratis.thirdparty.io.netty.channel.nio.NioEventLoop.processSelectedKey(NioEventLoop.java:632)
	at org.apache.ratis.thirdparty.io.netty.channel.nio.NioEventLoop.processSelectedKeysOptimized(NioEventLoop.java:579)
	at org.apache.ratis.thirdparty.io.netty.channel.nio.NioEventLoop.processSelectedKeys(NioEventLoop.java:496)
	at org.apache.ratis.thirdparty.io.netty.channel.nio.NioEventLoop.run(NioEventLoop.java:458)
	at org.apache.ratis.thirdparty.io.netty.util.concurrent.SingleThreadEventExecutor$5.run(SingleThreadEventExecutor.java:897)
	at org.apache.ratis.thirdparty.io.netty.util.concurrent.FastThreadLocalRunnable.run(FastThreadLocalRunnable.java:30)
	... 1 more
Caused by: java.net.ConnectException: Connection refused
	... 11 more
2019-08-29 08:22:28,427 [bb544b94-2c29-446f-b248-ddf7606e91f4:group-6E86CE23022E:LeaderElection96] INFO  impl.RaftServerImpl (RaftServerImpl.java:setRole(171)) - bb544b94-2c29-446f-b248-ddf7606e91f4:group-6E86CE23022E changes role from CANDIDATE to FOLLOWER at term 2 for DISCOVERED_A_NEW_TERM
2019-08-29 08:22:28,427 [bb544b94-2c29-446f-b248-ddf7606e91f4:group-6E86CE23022E:LeaderElection96] INFO  impl.RoleInfo (RoleInfo.java:shutdownLeaderElection(134)) - bb544b94-2c29-446f-b248-ddf7606e91f4: shutdown LeaderElection
2019-08-29 08:22:28,427 [f860cc41-417e-4931-b71d-d109f40332d6:group-6E86CE23022E:LeaderElection95] INFO  impl.LeaderElection (LeaderElection.java:logAndReturn(56)) - f860cc41-417e-4931-b71d-d109f40332d6:group-6E86CE23022E:LeaderElection95: Election REJECTED; received 1 response(s) [f860cc41-417e-4931-b71d-d109f40332d6<-bb544b94-2c29-446f-b248-ddf7606e91f4#0:FAIL-t2] and 1 exception(s); f860cc41-417e-4931-b71d-d109f40332d6:t2, leader=null, voted=f860cc41-417e-4931-b71d-d109f40332d6, raftlog=f860cc41-417e-4931-b71d-d109f40332d6-SegmentedRaftLog:OPENED:c2,f2,i2, conf=0: [e9d0e0d0-c191-4593-8ede-e5f8bbf008c6:192.168.69.111:46169, bb544b94-2c29-446f-b248-ddf7606e91f4:192.168.69.111:40659, f860cc41-417e-4931-b71d-d109f40332d6:192.168.69.111:33978], old=null
2019-08-29 08:22:28,427 [bb544b94-2c29-446f-b248-ddf7606e91f4:group-6E86CE23022E:LeaderElection96] INFO  impl.RoleInfo (RoleInfo.java:updateAndGet(143)) - bb544b94-2c29-446f-b248-ddf7606e91f4: start FollowerState
2019-08-29 08:22:28,427 [f860cc41-417e-4931-b71d-d109f40332d6:group-6E86CE23022E:LeaderElection95] INFO  impl.LeaderElection (LogUtils.java:infoOrTrace(149)) -   Exception 0: {}
java.util.concurrent.ExecutionException: org.apache.ratis.thirdparty.io.grpc.StatusRuntimeException: UNAVAILABLE: io exception
	at java.util.concurrent.FutureTask.report(FutureTask.java:122)
	at java.util.concurrent.FutureTask.get(FutureTask.java:192)
	at org.apache.ratis.server.impl.LeaderElection.waitForResults(LeaderElection.java:262)
	at org.apache.ratis.server.impl.LeaderElection.askForVotes(LeaderElection.java:200)
	at org.apache.ratis.server.impl.LeaderElection.run(LeaderElection.java:130)
	at java.lang.Thread.run(Thread.java:748)
Caused by: org.apache.ratis.thirdparty.io.grpc.StatusRuntimeException: UNAVAILABLE: io exception
	at org.apache.ratis.thirdparty.io.grpc.stub.ClientCalls.toStatusRuntimeException(ClientCalls.java:233)
	at org.apache.ratis.thirdparty.io.grpc.stub.ClientCalls.getUnchecked(ClientCalls.java:214)
	at org.apache.ratis.thirdparty.io.grpc.stub.ClientCalls.blockingUnaryCall(ClientCalls.java:139)
	at org.apache.ratis.proto.grpc.RaftServerProtocolServiceGrpc$RaftServerProtocolServiceBlockingStub.requestVote(RaftServerProtocolServiceGrpc.java:265)
	at org.apache.ratis.grpc.server.GrpcServerProtocolClient.requestVote(GrpcServerProtocolClient.java:83)
	at org.apache.ratis.grpc.server.GrpcService.requestVote(GrpcService.java:195)
	at org.apache.ratis.server.impl.LeaderElection.lambda$submitRequests$1(LeaderElection.java:237)
	at java.util.concurrent.FutureTask.run(FutureTask.java:266)
	at java.util.concurrent.Executors$RunnableAdapter.call(Executors.java:511)
	at java.util.concurrent.FutureTask.run(FutureTask.java:266)
	at java.util.concurrent.ThreadPoolExecutor.runWorker(ThreadPoolExecutor.java:1149)
	at java.util.concurrent.ThreadPoolExecutor$Worker.run(ThreadPoolExecutor.java:624)
	... 1 more
Caused by: org.apache.ratis.thirdparty.io.netty.channel.AbstractChannel$AnnotatedConnectException: Connection refused: /192.168.69.111:46169
	at sun.nio.ch.SocketChannelImpl.checkConnect(Native Method)
	at sun.nio.ch.SocketChannelImpl.finishConnect(SocketChannelImpl.java:717)
	at org.apache.ratis.thirdparty.io.netty.channel.socket.nio.NioSocketChannel.doFinishConnect(NioSocketChannel.java:327)
	at org.apache.ratis.thirdparty.io.netty.channel.nio.AbstractNioChannel$AbstractNioUnsafe.finishConnect(AbstractNioChannel.java:340)
	at org.apache.ratis.thirdparty.io.netty.channel.nio.NioEventLoop.processSelectedKey(NioEventLoop.java:632)
	at org.apache.ratis.thirdparty.io.netty.channel.nio.NioEventLoop.processSelectedKeysOptimized(NioEventLoop.java:579)
	at org.apache.ratis.thirdparty.io.netty.channel.nio.NioEventLoop.processSelectedKeys(NioEventLoop.java:496)
	at org.apache.ratis.thirdparty.io.netty.channel.nio.NioEventLoop.run(NioEventLoop.java:458)
	at org.apache.ratis.thirdparty.io.netty.util.concurrent.SingleThreadEventExecutor$5.run(SingleThreadEventExecutor.java:897)
	at org.apache.ratis.thirdparty.io.netty.util.concurrent.FastThreadLocalRunnable.run(FastThreadLocalRunnable.java:30)
	... 1 more
Caused by: java.net.ConnectException: Connection refused
	... 11 more
2019-08-29 08:22:28,428 [f860cc41-417e-4931-b71d-d109f40332d6:group-6E86CE23022E:LeaderElection95] INFO  impl.RaftServerImpl (RaftServerImpl.java:setRole(171)) - f860cc41-417e-4931-b71d-d109f40332d6:group-6E86CE23022E changes role from CANDIDATE to FOLLOWER at term 2 for DISCOVERED_A_NEW_TERM
2019-08-29 08:22:28,428 [f860cc41-417e-4931-b71d-d109f40332d6:group-6E86CE23022E:LeaderElection95] INFO  impl.RoleInfo (RoleInfo.java:shutdownLeaderElection(134)) - f860cc41-417e-4931-b71d-d109f40332d6: shutdown LeaderElection
2019-08-29 08:22:28,428 [f860cc41-417e-4931-b71d-d109f40332d6:group-6E86CE23022E:LeaderElection95] INFO  impl.RoleInfo (RoleInfo.java:updateAndGet(143)) - f860cc41-417e-4931-b71d-d109f40332d6: start FollowerState
2019-08-29 08:22:28,564 [grpc-default-executor-8] INFO  client.GrpcClientProtocolClient (GrpcClientProtocolClient.java:onNext(255)) - client-6A8ADCA173F2->bb544b94-2c29-446f-b248-ddf7606e91f4: receive RaftClientReply:client-6A8ADCA173F2->bb544b94-2c29-446f-b248-ddf7606e91f4@group-6E86CE23022E, cid=103, FAILED org.apache.ratis.protocol.NotLeaderException: Server bb544b94-2c29-446f-b248-ddf7606e91f4 is not the leader (null). Request must be sent to leader., logIndex=0, commits[bb544b94-2c29-446f-b248-ddf7606e91f4:c2, e9d0e0d0-c191-4593-8ede-e5f8bbf008c6:c2, f860cc41-417e-4931-b71d-d109f40332d6:c2]
2019-08-29 08:22:28,594 | INFO  | SCMAudit | user=jenkins1000 | ip=192.168.69.111 | op=SEND_HEARTBEAT {datanodeUUID=75b5c139-66d5-483f-a402-babe56ab3281, command=[]} | ret=SUCCESS |  
2019-08-29 08:22:28,773 | INFO  | SCMAudit | user=jenkins1000 | ip=192.168.69.111 | op=SEND_HEARTBEAT {datanodeUUID=40f4479c-b2c4-4dae-88b0-602b993ef735, command=[]} | ret=SUCCESS |  
2019-08-29 08:22:29,144 | INFO  | SCMAudit | user=jenkins1000 | ip=192.168.69.111 | op=SEND_HEARTBEAT {datanodeUUID=f860cc41-417e-4931-b71d-d109f40332d6, command=[]} | ret=SUCCESS |  
2019-08-29 08:22:29,183 | INFO  | SCMAudit | user=jenkins1000 | ip=192.168.69.111 | op=SEND_HEARTBEAT {datanodeUUID=71ce2075-8fc0-4ce0-bdf6-c2c365f6371a, command=[]} | ret=SUCCESS |  
2019-08-29 08:22:29,196 | INFO  | SCMAudit | user=jenkins1000 | ip=192.168.69.111 | op=SEND_HEARTBEAT {datanodeUUID=bb544b94-2c29-446f-b248-ddf7606e91f4, command=[]} | ret=SUCCESS |  
2019-08-29 08:22:29,373 | INFO  | SCMAudit | user=jenkins1000 | ip=192.168.69.111 | op=SEND_HEARTBEAT {datanodeUUID=b160e95c-e176-445b-9898-2ea637c3111e, command=[]} | ret=SUCCESS |  
2019-08-29 08:22:29,595 | INFO  | SCMAudit | user=jenkins1000 | ip=192.168.69.111 | op=SEND_HEARTBEAT {datanodeUUID=75b5c139-66d5-483f-a402-babe56ab3281, command=[]} | ret=SUCCESS |  
2019-08-29 08:22:29,773 | INFO  | SCMAudit | user=jenkins1000 | ip=192.168.69.111 | op=SEND_HEARTBEAT {datanodeUUID=40f4479c-b2c4-4dae-88b0-602b993ef735, command=[]} | ret=SUCCESS |  
2019-08-29 08:22:30,144 | INFO  | SCMAudit | user=jenkins1000 | ip=192.168.69.111 | op=SEND_HEARTBEAT {datanodeUUID=f860cc41-417e-4931-b71d-d109f40332d6, command=[]} | ret=SUCCESS |  
2019-08-29 08:22:30,183 | INFO  | SCMAudit | user=jenkins1000 | ip=192.168.69.111 | op=SEND_HEARTBEAT {datanodeUUID=71ce2075-8fc0-4ce0-bdf6-c2c365f6371a, command=[]} | ret=SUCCESS |  
2019-08-29 08:22:30,196 | INFO  | SCMAudit | user=jenkins1000 | ip=192.168.69.111 | op=SEND_HEARTBEAT {datanodeUUID=bb544b94-2c29-446f-b248-ddf7606e91f4, command=[]} | ret=SUCCESS |  
2019-08-29 08:22:30,374 | INFO  | SCMAudit | user=jenkins1000 | ip=192.168.69.111 | op=SEND_HEARTBEAT {datanodeUUID=b160e95c-e176-445b-9898-2ea637c3111e, command=[]} | ret=SUCCESS |  
2019-08-29 08:22:30,584 [grpc-default-executor-9] INFO  client.GrpcClientProtocolClient (GrpcClientProtocolClient.java:onNext(255)) - client-6A8ADCA173F2->bb544b94-2c29-446f-b248-ddf7606e91f4: receive RaftClientReply:client-6A8ADCA173F2->bb544b94-2c29-446f-b248-ddf7606e91f4@group-6E86CE23022E, cid=103, FAILED org.apache.ratis.protocol.NotLeaderException: Server bb544b94-2c29-446f-b248-ddf7606e91f4 is not the leader (null). Request must be sent to leader., logIndex=0, commits[bb544b94-2c29-446f-b248-ddf7606e91f4:c2, e9d0e0d0-c191-4593-8ede-e5f8bbf008c6:c2, f860cc41-417e-4931-b71d-d109f40332d6:c2]
2019-08-29 08:22:30,595 | INFO  | SCMAudit | user=jenkins1000 | ip=192.168.69.111 | op=SEND_HEARTBEAT {datanodeUUID=75b5c139-66d5-483f-a402-babe56ab3281, command=[]} | ret=SUCCESS |  
]]></system-out>
    <system-err><![CDATA[Aug 29, 2019 8:22:02 AM com.sun.jersey.server.impl.application.WebApplicationImpl _initiate
INFO: Initiating Jersey application, version 'Jersey: 1.19 02/11/2015 03:25 AM'
Aug 29, 2019 8:22:02 AM com.sun.jersey.server.impl.application.WebApplicationImpl _initiate
INFO: Initiating Jersey application, version 'Jersey: 1.19 02/11/2015 03:25 AM'
Aug 29, 2019 8:22:02 AM com.sun.jersey.server.impl.application.WebApplicationImpl _initiate
INFO: Initiating Jersey application, version 'Jersey: 1.19 02/11/2015 03:25 AM'
Aug 29, 2019 8:22:03 AM com.sun.jersey.server.impl.application.WebApplicationImpl _initiate
INFO: Initiating Jersey application, version 'Jersey: 1.19 02/11/2015 03:25 AM'
Aug 29, 2019 8:22:03 AM com.sun.jersey.server.impl.application.WebApplicationImpl _initiate
INFO: Initiating Jersey application, version 'Jersey: 1.19 02/11/2015 03:25 AM'
Aug 29, 2019 8:22:03 AM com.sun.jersey.server.impl.application.WebApplicationImpl _initiate
INFO: Initiating Jersey application, version 'Jersey: 1.19 02/11/2015 03:25 AM'
Aug 29, 2019 8:22:03 AM com.sun.jersey.server.impl.application.WebApplicationImpl _initiate
INFO: Initiating Jersey application, version 'Jersey: 1.19 02/11/2015 03:25 AM'
Aug 29, 2019 8:22:06 AM org.apache.ratis.thirdparty.io.grpc.internal.ManagedChannelOrphanWrapper$ManagedChannelReference cleanQueue
SEVERE: *~*~*~ Channel ManagedChannelImpl{logId=774, target=192.168.69.111:45620} was not shutdown properly!!! ~*~*~*
    Make sure to call shutdown()/shutdownNow() and wait until awaitTermination() returns true.
java.lang.RuntimeException: ManagedChannel allocation site
	at org.apache.ratis.thirdparty.io.grpc.internal.ManagedChannelOrphanWrapper$ManagedChannelReference.<init>(ManagedChannelOrphanWrapper.java:103)
	at org.apache.ratis.thirdparty.io.grpc.internal.ManagedChannelOrphanWrapper.<init>(ManagedChannelOrphanWrapper.java:53)
	at org.apache.ratis.thirdparty.io.grpc.internal.ManagedChannelOrphanWrapper.<init>(ManagedChannelOrphanWrapper.java:44)
	at org.apache.ratis.thirdparty.io.grpc.internal.AbstractManagedChannelImplBuilder.build(AbstractManagedChannelImplBuilder.java:411)
	at org.apache.ratis.grpc.client.GrpcClientProtocolClient.<init>(GrpcClientProtocolClient.java:119)
	at org.apache.ratis.grpc.client.GrpcClientRpc.lambda$new$0(GrpcClientRpc.java:55)
	at org.apache.ratis.util.PeerProxyMap$PeerAndProxy.lambda$getProxy$0(PeerProxyMap.java:61)
	at org.apache.ratis.util.LifeCycle.startAndTransition(LifeCycle.java:202)
	at org.apache.ratis.util.PeerProxyMap$PeerAndProxy.getProxy(PeerProxyMap.java:60)
	at org.apache.ratis.util.PeerProxyMap.getProxy(PeerProxyMap.java:107)
	at org.apache.ratis.grpc.client.GrpcClientRpc.sendRequestAsyncUnordered(GrpcClientRpc.java:78)
	at org.apache.ratis.client.impl.UnorderedAsync.sendRequestWithRetry(UnorderedAsync.java:75)
	at org.apache.ratis.client.impl.UnorderedAsync.lambda$null$2(UnorderedAsync.java:120)
	at org.apache.ratis.util.TimeoutScheduler.lambda$onTimeout$0(TimeoutScheduler.java:85)
	at org.apache.ratis.util.TimeoutScheduler.lambda$onTimeout$1(TimeoutScheduler.java:104)
	at org.apache.ratis.util.LogUtils.runAndLog(LogUtils.java:50)
	at org.apache.ratis.util.LogUtils$1.run(LogUtils.java:91)
	at java.util.concurrent.Executors$RunnableAdapter.call(Executors.java:511)
	at java.util.concurrent.FutureTask.run(FutureTask.java:266)
	at java.util.concurrent.ScheduledThreadPoolExecutor$ScheduledFutureTask.access$201(ScheduledThreadPoolExecutor.java:180)
	at java.util.concurrent.ScheduledThreadPoolExecutor$ScheduledFutureTask.run(ScheduledThreadPoolExecutor.java:293)
	at java.util.concurrent.ThreadPoolExecutor.runWorker(ThreadPoolExecutor.java:1149)
	at java.util.concurrent.ThreadPoolExecutor$Worker.run(ThreadPoolExecutor.java:624)
	at java.lang.Thread.run(Thread.java:748)

Aug 29, 2019 8:22:06 AM org.apache.ratis.thirdparty.io.grpc.internal.ManagedChannelOrphanWrapper$ManagedChannelReference cleanQueue
SEVERE: *~*~*~ Channel ManagedChannelImpl{logId=1248, target=192.168.69.111:45058} was not shutdown properly!!! ~*~*~*
    Make sure to call shutdown()/shutdownNow() and wait until awaitTermination() returns true.
java.lang.RuntimeException: ManagedChannel allocation site
	at org.apache.ratis.thirdparty.io.grpc.internal.ManagedChannelOrphanWrapper$ManagedChannelReference.<init>(ManagedChannelOrphanWrapper.java:103)
	at org.apache.ratis.thirdparty.io.grpc.internal.ManagedChannelOrphanWrapper.<init>(ManagedChannelOrphanWrapper.java:53)
	at org.apache.ratis.thirdparty.io.grpc.internal.ManagedChannelOrphanWrapper.<init>(ManagedChannelOrphanWrapper.java:44)
	at org.apache.ratis.thirdparty.io.grpc.internal.AbstractManagedChannelImplBuilder.build(AbstractManagedChannelImplBuilder.java:411)
	at org.apache.ratis.grpc.client.GrpcClientProtocolClient.<init>(GrpcClientProtocolClient.java:119)
	at org.apache.ratis.grpc.client.GrpcClientRpc.lambda$new$0(GrpcClientRpc.java:55)
	at org.apache.ratis.util.PeerProxyMap$PeerAndProxy.lambda$getProxy$0(PeerProxyMap.java:61)
	at org.apache.ratis.util.LifeCycle.startAndTransition(LifeCycle.java:202)
	at org.apache.ratis.util.PeerProxyMap$PeerAndProxy.getProxy(PeerProxyMap.java:60)
	at org.apache.ratis.util.PeerProxyMap.getProxy(PeerProxyMap.java:107)
	at org.apache.ratis.grpc.client.GrpcClientRpc.sendRequestAsync(GrpcClientRpc.java:66)
	at org.apache.ratis.client.impl.OrderedAsync.sendRequest(OrderedAsync.java:208)
	at org.apache.ratis.client.impl.OrderedAsync.sendRequestWithRetry(OrderedAsync.java:169)
	at org.apache.ratis.util.SlidingWindow$Client.sendOrDelayRequest(SlidingWindow.java:278)
	at org.apache.ratis.util.SlidingWindow$Client.retry(SlidingWindow.java:294)
	at org.apache.ratis.client.impl.OrderedAsync.lambda$scheduleWithTimeout$7(OrderedAsync.java:195)
	at org.apache.ratis.util.TimeoutScheduler.lambda$onTimeout$0(TimeoutScheduler.java:85)
	at org.apache.ratis.util.TimeoutScheduler.lambda$onTimeout$1(TimeoutScheduler.java:104)
	at org.apache.ratis.util.LogUtils.runAndLog(LogUtils.java:50)
	at org.apache.ratis.util.LogUtils$1.run(LogUtils.java:91)
	at java.util.concurrent.Executors$RunnableAdapter.call(Executors.java:511)
	at java.util.concurrent.FutureTask.run(FutureTask.java:266)
	at java.util.concurrent.ScheduledThreadPoolExecutor$ScheduledFutureTask.access$201(ScheduledThreadPoolExecutor.java:180)
	at java.util.concurrent.ScheduledThreadPoolExecutor$ScheduledFutureTask.run(ScheduledThreadPoolExecutor.java:293)
	at java.util.concurrent.ThreadPoolExecutor.runWorker(ThreadPoolExecutor.java:1149)
	at java.util.concurrent.ThreadPoolExecutor$Worker.run(ThreadPoolExecutor.java:624)
	at java.lang.Thread.run(Thread.java:748)

Aug 29, 2019 8:22:06 AM org.apache.ratis.thirdparty.io.grpc.internal.ManagedChannelOrphanWrapper$ManagedChannelReference cleanQueue
SEVERE: *~*~*~ Channel ManagedChannelImpl{logId=1058, target=192.168.69.111:41131} was not shutdown properly!!! ~*~*~*
    Make sure to call shutdown()/shutdownNow() and wait until awaitTermination() returns true.
java.lang.RuntimeException: ManagedChannel allocation site
	at org.apache.ratis.thirdparty.io.grpc.internal.ManagedChannelOrphanWrapper$ManagedChannelReference.<init>(ManagedChannelOrphanWrapper.java:103)
	at org.apache.ratis.thirdparty.io.grpc.internal.ManagedChannelOrphanWrapper.<init>(ManagedChannelOrphanWrapper.java:53)
	at org.apache.ratis.thirdparty.io.grpc.internal.ManagedChannelOrphanWrapper.<init>(ManagedChannelOrphanWrapper.java:44)
	at org.apache.ratis.thirdparty.io.grpc.internal.AbstractManagedChannelImplBuilder.build(AbstractManagedChannelImplBuilder.java:411)
	at org.apache.ratis.grpc.client.GrpcClientProtocolClient.<init>(GrpcClientProtocolClient.java:119)
	at org.apache.ratis.grpc.client.GrpcClientRpc.lambda$new$0(GrpcClientRpc.java:55)
	at org.apache.ratis.util.PeerProxyMap$PeerAndProxy.lambda$getProxy$0(PeerProxyMap.java:61)
	at org.apache.ratis.util.LifeCycle.startAndTransition(LifeCycle.java:202)
	at org.apache.ratis.util.PeerProxyMap$PeerAndProxy.getProxy(PeerProxyMap.java:60)
	at org.apache.ratis.util.PeerProxyMap.getProxy(PeerProxyMap.java:107)
	at org.apache.ratis.grpc.client.GrpcClientRpc.sendRequestAsyncUnordered(GrpcClientRpc.java:78)
	at org.apache.ratis.client.impl.UnorderedAsync.sendRequestWithRetry(UnorderedAsync.java:75)
	at org.apache.ratis.client.impl.UnorderedAsync.lambda$null$2(UnorderedAsync.java:120)
	at org.apache.ratis.util.TimeoutScheduler.lambda$onTimeout$0(TimeoutScheduler.java:85)
	at org.apache.ratis.util.TimeoutScheduler.lambda$onTimeout$1(TimeoutScheduler.java:104)
	at org.apache.ratis.util.LogUtils.runAndLog(LogUtils.java:50)
	at org.apache.ratis.util.LogUtils$1.run(LogUtils.java:91)
	at java.util.concurrent.Executors$RunnableAdapter.call(Executors.java:511)
	at java.util.concurrent.FutureTask.run(FutureTask.java:266)
	at java.util.concurrent.ScheduledThreadPoolExecutor$ScheduledFutureTask.access$201(ScheduledThreadPoolExecutor.java:180)
	at java.util.concurrent.ScheduledThreadPoolExecutor$ScheduledFutureTask.run(ScheduledThreadPoolExecutor.java:293)
	at java.util.concurrent.ThreadPoolExecutor.runWorker(ThreadPoolExecutor.java:1149)
	at java.util.concurrent.ThreadPoolExecutor$Worker.run(ThreadPoolExecutor.java:624)
	at java.lang.Thread.run(Thread.java:748)

]]></system-err>
  </testcase>
</testsuite>