<?xml version="1.0" encoding="UTF-8"?>
<testsuite xmlns:xsi="http://www.w3.org/2001/XMLSchema-instance" xsi:noNamespaceSchemaLocation="https://maven.apache.org/surefire/maven-surefire-plugin/xsd/surefire-test-report.xsd" name="org.apache.hadoop.ozone.client.rpc.TestBlockOutputStreamWithFailures" time="756.181" tests="8" errors="0" skipped="0" failures="3">
  <properties>
    <property name="awt.toolkit" value="sun.awt.X11.XToolkit"/>
    <property name="file.encoding.pkg" value="sun.io"/>
    <property name="java.specification.version" value="1.8"/>
    <property name="sun.cpu.isalist" value=""/>
    <property name="sun.jnu.encoding" value="UTF-8"/>
    <property name="java.class.path" value="/workdir/hadoop-ozone/integration-test/target/test-classes:/workdir/hadoop-ozone/integration-test/target/classes:/home/user/.m2/repository/org/apache/hadoop/hadoop-ozone-common/0.5.0-SNAPSHOT/hadoop-ozone-common-0.5.0-SNAPSHOT.jar:/home/user/.m2/repository/org/apache/commons/commons-compress/1.4.1/commons-compress-1.4.1.jar:/home/user/.m2/repository/org/tukaani/xz/1.0/xz-1.0.jar:/home/user/.m2/repository/org/apache/hadoop/hadoop-common/3.2.0/hadoop-common-3.2.0.jar:/home/user/.m2/repository/org/apache/hadoop/hadoop-hdfs/3.2.0/hadoop-hdfs-3.2.0.jar:/home/user/.m2/repository/org/apache/hadoop/hadoop-hdfs-client/3.2.0/hadoop-hdfs-client-3.2.0.jar:/home/user/.m2/repository/com/fasterxml/jackson/core/jackson-annotations/2.9.5/jackson-annotations-2.9.5.jar:/home/user/.m2/repository/org/apache/hadoop/hadoop-hdds-common/0.5.0-SNAPSHOT/hadoop-hdds-common-0.5.0-SNAPSHOT.jar:/home/user/.m2/repository/javax/annotation/javax.annotation-api/1.2/javax.annotation-api-1.2.jar:/home/user/.m2/repository/org/apache/ratis/ratis-server/0.4.0-2337318-SNAPSHOT/ratis-server-0.4.0-2337318-SNAPSHOT.jar:/home/user/.m2/repository/org/apache/ratis/ratis-thirdparty-misc/0.2.0/ratis-thirdparty-misc-0.2.0.jar:/home/user/.m2/repository/org/apache/ratis/ratis-proto/0.4.0-2337318-SNAPSHOT/ratis-proto-0.4.0-2337318-SNAPSHOT.jar:/home/user/.m2/repository/org/apache/ratis/ratis-common/0.4.0-2337318-SNAPSHOT/ratis-common-0.4.0-2337318-SNAPSHOT.jar:/home/user/.m2/repository/org/apache/ratis/ratis-client/0.4.0-2337318-SNAPSHOT/ratis-client-0.4.0-2337318-SNAPSHOT.jar:/home/user/.m2/repository/org/apache/ratis/ratis-metrics/0.4.0-2337318-SNAPSHOT/ratis-metrics-0.4.0-2337318-SNAPSHOT.jar:/home/user/.m2/repository/org/apache/ratis/ratis-netty/0.4.0-2337318-SNAPSHOT/ratis-netty-0.4.0-2337318-SNAPSHOT.jar:/home/user/.m2/repository/org/apache/ratis/ratis-grpc/0.4.0-2337318-SNAPSHOT/ratis-grpc-0.4.0-2337318-SNAPSHOT.jar:/home/user/.m2/repository/org/rocksdb/rocksdbjni/6.0.1/rocksdbjni-6.0.1.jar:/home/user/.m2/repository/org/apache/logging/log4j/log4j-api/2.11.0/log4j-api-2.11.0.jar:/home/user/.m2/repository/org/apache/logging/log4j/log4j-core/2.11.0/log4j-core-2.11.0.jar:/home/user/.m2/repository/com/lmax/disruptor/3.4.2/disruptor-3.4.2.jar:/home/user/.m2/repository/org/apache/commons/commons-pool2/2.6.0/commons-pool2-2.6.0.jar:/home/user/.m2/repository/org/bouncycastle/bcpkix-jdk15on/1.60/bcpkix-jdk15on-1.60.jar:/home/user/.m2/repository/commons-validator/commons-validator/1.6/commons-validator-1.6.jar:/home/user/.m2/repository/commons-digester/commons-digester/1.8.1/commons-digester-1.8.1.jar:/home/user/.m2/repository/io/jaegertracing/jaeger-client/0.33.1/jaeger-client-0.33.1.jar:/home/user/.m2/repository/io/jaegertracing/jaeger-thrift/0.33.1/jaeger-thrift-0.33.1.jar:/home/user/.m2/repository/org/apache/thrift/libthrift/0.11.0/libthrift-0.11.0.jar:/home/user/.m2/repository/com/squareup/okhttp3/okhttp/3.9.0/okhttp-3.9.0.jar:/home/user/.m2/repository/com/squareup/okio/okio/1.13.0/okio-1.13.0.jar:/home/user/.m2/repository/io/jaegertracing/jaeger-core/0.33.1/jaeger-core-0.33.1.jar:/home/user/.m2/repository/io/jaegertracing/jaeger-tracerresolver/0.33.1/jaeger-tracerresolver-0.33.1.jar:/home/user/.m2/repository/io/opentracing/contrib/opentracing-tracerresolver/0.1.5/opentracing-tracerresolver-0.1.5.jar:/home/user/.m2/repository/io/opentracing/opentracing-util/0.31.0/opentracing-util-0.31.0.jar:/home/user/.m2/repository/io/opentracing/opentracing-api/0.31.0/opentracing-api-0.31.0.jar:/home/user/.m2/repository/io/opentracing/opentracing-noop/0.31.0/opentracing-noop-0.31.0.jar:/home/user/.m2/repository/org/apache/hadoop/hadoop-hdds-server-framework/0.5.0-SNAPSHOT/hadoop-hdds-server-framework-0.5.0-SNAPSHOT.jar:/home/user/.m2/repository/org/apache/hadoop/hadoop-hdds-container-service/0.5.0-SNAPSHOT/hadoop-hdds-container-service-0.5.0-SNAPSHOT.jar:/home/user/.m2/repository/org/apache/hadoop/hadoop-hdds-client/0.5.0-SNAPSHOT/hadoop-hdds-client-0.5.0-SNAPSHOT.jar:/home/user/.m2/repository/org/apache/hadoop/hadoop-hdds-tools/0.5.0-SNAPSHOT/hadoop-hdds-tools-0.5.0-SNAPSHOT.jar:/home/user/.m2/repository/org/apache/hadoop/hadoop-hdds-server-scm/0.5.0-SNAPSHOT/hadoop-hdds-server-scm-0.5.0-SNAPSHOT.jar:/home/user/.m2/repository/org/apache/hadoop/hadoop-hdds-docs/0.5.0-SNAPSHOT/hadoop-hdds-docs-0.5.0-SNAPSHOT.jar:/home/user/.m2/repository/io/dropwizard/metrics/metrics-core/3.2.4/metrics-core-3.2.4.jar:/home/user/.m2/repository/org/hamcrest/hamcrest-all/1.3/hamcrest-all-1.3.jar:/home/user/.m2/repository/org/bouncycastle/bcprov-jdk15on/1.60/bcprov-jdk15on-1.60.jar:/home/user/.m2/repository/info/picocli/picocli/3.9.6/picocli-3.9.6.jar:/home/user/.m2/repository/com/google/protobuf/protobuf-java/2.5.0/protobuf-java-2.5.0.jar:/home/user/.m2/repository/com/google/guava/guava/11.0.2/guava-11.0.2.jar:/home/user/.m2/repository/org/apache/hadoop/hadoop-ozone-ozone-manager/0.5.0-SNAPSHOT/hadoop-ozone-ozone-manager-0.5.0-SNAPSHOT.jar:/home/user/.m2/repository/org/apache/hadoop/hadoop-minikdc/3.2.0/hadoop-minikdc-3.2.0.jar:/home/user/.m2/repository/commons-io/commons-io/2.5/commons-io-2.5.jar:/home/user/.m2/repository/org/apache/kerby/kerb-simplekdc/1.0.1/kerb-simplekdc-1.0.1.jar:/home/user/.m2/repository/org/apache/kerby/kerb-client/1.0.1/kerb-client-1.0.1.jar:/home/user/.m2/repository/org/apache/kerby/kerby-config/1.0.1/kerby-config-1.0.1.jar:/home/user/.m2/repository/org/apache/kerby/kerb-core/1.0.1/kerb-core-1.0.1.jar:/home/user/.m2/repository/org/apache/kerby/kerby-pkix/1.0.1/kerby-pkix-1.0.1.jar:/home/user/.m2/repository/org/apache/kerby/kerby-asn1/1.0.1/kerby-asn1-1.0.1.jar:/home/user/.m2/repository/org/apache/kerby/kerby-util/1.0.1/kerby-util-1.0.1.jar:/home/user/.m2/repository/org/apache/kerby/kerb-common/1.0.1/kerb-common-1.0.1.jar:/home/user/.m2/repository/org/apache/kerby/kerb-crypto/1.0.1/kerb-crypto-1.0.1.jar:/home/user/.m2/repository/org/apache/kerby/kerb-util/1.0.1/kerb-util-1.0.1.jar:/home/user/.m2/repository/org/apache/kerby/token-provider/1.0.1/token-provider-1.0.1.jar:/home/user/.m2/repository/org/apache/kerby/kerb-admin/1.0.1/kerb-admin-1.0.1.jar:/home/user/.m2/repository/org/apache/kerby/kerb-server/1.0.1/kerb-server-1.0.1.jar:/home/user/.m2/repository/org/apache/kerby/kerb-identity/1.0.1/kerb-identity-1.0.1.jar:/home/user/.m2/repository/org/apache/kerby/kerby-xdr/1.0.1/kerby-xdr-1.0.1.jar:/home/user/.m2/repository/org/slf4j/slf4j-log4j12/1.7.25/slf4j-log4j12-1.7.25.jar:/home/user/.m2/repository/org/apache/hadoop/hadoop-ozone-objectstore-service/0.5.0-SNAPSHOT/hadoop-ozone-objectstore-service-0.5.0-SNAPSHOT.jar:/home/user/.m2/repository/org/apache/hadoop/hadoop-ozone-s3gateway/0.5.0-SNAPSHOT/hadoop-ozone-s3gateway-0.5.0-SNAPSHOT.jar:/home/user/.m2/repository/org/jboss/weld/servlet/weld-servlet/2.4.7.Final/weld-servlet-2.4.7.Final.jar:/home/user/.m2/repository/org/glassfish/jersey/containers/jersey-container-servlet-core/2.27/jersey-container-servlet-core-2.27.jar:/home/user/.m2/repository/org/glassfish/hk2/external/javax.inject/2.5.0-b42/javax.inject-2.5.0-b42.jar:/home/user/.m2/repository/org/glassfish/jersey/core/jersey-common/2.27/jersey-common-2.27.jar:/home/user/.m2/repository/org/glassfish/hk2/osgi-resource-locator/1.0.1/osgi-resource-locator-1.0.1.jar:/home/user/.m2/repository/javax/ws/rs/javax.ws.rs-api/2.1/javax.ws.rs-api-2.1.jar:/home/user/.m2/repository/org/glassfish/jersey/ext/cdi/jersey-cdi1x/2.27/jersey-cdi1x-2.27.jar:/home/user/.m2/repository/org/glassfish/jersey/inject/jersey-hk2/2.27/jersey-hk2-2.27.jar:/home/user/.m2/repository/org/glassfish/hk2/hk2-locator/2.5.0-b42/hk2-locator-2.5.0-b42.jar:/home/user/.m2/repository/org/javassist/javassist/3.22.0-CR2/javassist-3.22.0-CR2.jar:/home/user/.m2/repository/org/glassfish/hk2/hk2-api/2.5.0/hk2-api-2.5.0.jar:/home/user/.m2/repository/org/glassfish/hk2/external/jakarta.inject/2.5.0/jakarta.inject-2.5.0.jar:/home/user/.m2/repository/org/glassfish/hk2/hk2-utils/2.5.0/hk2-utils-2.5.0.jar:/home/user/.m2/repository/jakarta/annotation/jakarta.annotation-api/1.3.4/jakarta.annotation-api-1.3.4.jar:/home/user/.m2/repository/org/glassfish/hk2/external/aopalliance-repackaged/2.5.0/aopalliance-repackaged-2.5.0.jar:/home/user/.m2/repository/com/fasterxml/jackson/dataformat/jackson-dataformat-xml/2.9.0/jackson-dataformat-xml-2.9.0.jar:/home/user/.m2/repository/com/fasterxml/jackson/core/jackson-core/2.9.5/jackson-core-2.9.5.jar:/home/user/.m2/repository/com/fasterxml/jackson/module/jackson-module-jaxb-annotations/2.9.5/jackson-module-jaxb-annotations-2.9.5.jar:/home/user/.m2/repository/javax/enterprise/cdi-api/1.2/cdi-api-1.2.jar:/home/user/.m2/repository/javax/el/javax.el-api/3.0.0/javax.el-api-3.0.0.jar:/home/user/.m2/repository/javax/interceptor/javax.interceptor-api/1.2/javax.interceptor-api-1.2.jar:/home/user/.m2/repository/javax/inject/javax.inject/1/javax.inject-1.jar:/home/user/.m2/repository/com/sun/xml/bind/jaxb-impl/2.3.0.1/jaxb-impl-2.3.0.1.jar:/home/user/.m2/repository/com/sun/xml/bind/jaxb-core/2.3.0.1/jaxb-core-2.3.0.1.jar:/home/user/.m2/repository/javax/xml/bind/jaxb-api/2.3.0/jaxb-api-2.3.0.jar:/home/user/.m2/repository/javax/activation/activation/1.1.1/activation-1.1.1.jar:/home/user/.m2/repository/org/apache/hadoop/hadoop-ozone-csi/0.5.0-SNAPSHOT/hadoop-ozone-csi-0.5.0-SNAPSHOT.jar:/home/user/.m2/repository/com/google/protobuf/protobuf-java-util/3.5.1/protobuf-java-util-3.5.1.jar:/home/user/.m2/repository/org/apache/hadoop/hadoop-hdds-config/0.5.0-SNAPSHOT/hadoop-hdds-config-0.5.0-SNAPSHOT.jar:/home/user/.m2/repository/io/grpc/grpc-netty/1.17.1/grpc-netty-1.17.1.jar:/home/user/.m2/repository/io/grpc/grpc-core/1.17.1/grpc-core-1.17.1.jar:/home/user/.m2/repository/io/grpc/grpc-context/1.17.1/grpc-context-1.17.1.jar:/home/user/.m2/repository/com/google/errorprone/error_prone_annotations/2.2.0/error_prone_annotations-2.2.0.jar:/home/user/.m2/repository/org/codehaus/mojo/animal-sniffer-annotations/1.17/animal-sniffer-annotations-1.17.jar:/home/user/.m2/repository/io/opencensus/opencensus-api/0.17.0/opencensus-api-0.17.0.jar:/home/user/.m2/repository/io/opencensus/opencensus-contrib-grpc-metrics/0.17.0/opencensus-contrib-grpc-metrics-0.17.0.jar:/home/user/.m2/repository/io/netty/netty-codec-http2/4.1.30.Final/netty-codec-http2-4.1.30.Final.jar:/home/user/.m2/repository/io/netty/netty-codec-http/4.1.30.Final/netty-codec-http-4.1.30.Final.jar:/home/user/.m2/repository/io/netty/netty-codec/4.1.30.Final/netty-codec-4.1.30.Final.jar:/home/user/.m2/repository/io/netty/netty-handler/4.1.30.Final/netty-handler-4.1.30.Final.jar:/home/user/.m2/repository/io/netty/netty-handler-proxy/4.1.30.Final/netty-handler-proxy-4.1.30.Final.jar:/home/user/.m2/repository/io/netty/netty-codec-socks/4.1.30.Final/netty-codec-socks-4.1.30.Final.jar:/home/user/.m2/repository/io/netty/netty-transport-native-epoll/4.1.30.Final/netty-transport-native-epoll-4.1.30.Final.jar:/home/user/.m2/repository/io/netty/netty-common/4.1.30.Final/netty-common-4.1.30.Final.jar:/home/user/.m2/repository/io/netty/netty-buffer/4.1.30.Final/netty-buffer-4.1.30.Final.jar:/home/user/.m2/repository/io/netty/netty-transport/4.1.30.Final/netty-transport-4.1.30.Final.jar:/home/user/.m2/repository/io/netty/netty-resolver/4.1.30.Final/netty-resolver-4.1.30.Final.jar:/home/user/.m2/repository/io/netty/netty-transport-native-unix-common/4.1.30.Final/netty-transport-native-unix-common-4.1.30.Final.jar:/home/user/.m2/repository/io/grpc/grpc-protobuf/1.17.1/grpc-protobuf-1.17.1.jar:/home/user/.m2/repository/com/google/api/grpc/proto-google-common-protos/1.0.0/proto-google-common-protos-1.0.0.jar:/home/user/.m2/repository/io/grpc/grpc-protobuf-lite/1.17.1/grpc-protobuf-lite-1.17.1.jar:/home/user/.m2/repository/io/grpc/grpc-stub/1.17.1/grpc-stub-1.17.1.jar:/home/user/.m2/repository/org/apache/hadoop/hadoop-ozone-recon/0.5.0-SNAPSHOT/hadoop-ozone-recon-0.5.0-SNAPSHOT.jar:/home/user/.m2/repository/org/apache/hadoop/hadoop-ozone-reconcodegen/0.5.0-SNAPSHOT/hadoop-ozone-reconcodegen-0.5.0-SNAPSHOT.jar:/home/user/.m2/repository/com/google/inject/extensions/guice-multibindings/4.0/guice-multibindings-4.0.jar:/home/user/.m2/repository/com/google/inject/guice/4.0/guice-4.0.jar:/home/user/.m2/repository/aopalliance/aopalliance/1.0/aopalliance-1.0.jar:/home/user/.m2/repository/com/google/inject/extensions/guice-servlet/4.0/guice-servlet-4.0.jar:/home/user/.m2/repository/org/glassfish/jersey/containers/jersey-container-servlet/2.27/jersey-container-servlet-2.27.jar:/home/user/.m2/repository/org/glassfish/hk2/guice-bridge/2.5.0/guice-bridge-2.5.0.jar:/home/user/.m2/repository/org/glassfish/jersey/core/jersey-server/2.27/jersey-server-2.27.jar:/home/user/.m2/repository/org/glassfish/jersey/core/jersey-client/2.27/jersey-client-2.27.jar:/home/user/.m2/repository/org/glassfish/jersey/media/jersey-media-jaxb/2.27/jersey-media-jaxb-2.27.jar:/home/user/.m2/repository/javax/validation/validation-api/1.1.0.Final/validation-api-1.1.0.Final.jar:/home/user/.m2/repository/org/glassfish/jersey/media/jersey-media-json-jackson/2.27/jersey-media-json-jackson-2.27.jar:/home/user/.m2/repository/org/glassfish/jersey/ext/jersey-entity-filtering/2.27/jersey-entity-filtering-2.27.jar:/home/user/.m2/repository/com/google/inject/extensions/guice-assistedinject/4.0/guice-assistedinject-4.0.jar:/home/user/.m2/repository/org/jooq/jooq/3.11.10/jooq-3.11.10.jar:/home/user/.m2/repository/org/jooq/jooq-meta/3.11.10/jooq-meta-3.11.10.jar:/home/user/.m2/repository/org/jooq/jooq-codegen/3.11.10/jooq-codegen-3.11.10.jar:/home/user/.m2/repository/com/jolbox/bonecp/0.8.0.RELEASE/bonecp-0.8.0.RELEASE.jar:/home/user/.m2/repository/org/xerial/sqlite-jdbc/3.25.2/sqlite-jdbc-3.25.2.jar:/home/user/.m2/repository/org/springframework/spring-jdbc/5.1.3.RELEASE/spring-jdbc-5.1.3.RELEASE.jar:/home/user/.m2/repository/org/springframework/spring-beans/5.1.3.RELEASE/spring-beans-5.1.3.RELEASE.jar:/home/user/.m2/repository/org/springframework/spring-core/5.1.3.RELEASE/spring-core-5.1.3.RELEASE.jar:/home/user/.m2/repository/org/springframework/spring-jcl/5.1.3.RELEASE/spring-jcl-5.1.3.RELEASE.jar:/home/user/.m2/repository/org/springframework/spring-tx/5.1.3.RELEASE/spring-tx-5.1.3.RELEASE.jar:/home/user/.m2/repository/org/apache/hadoop/hadoop-ozone-client/0.5.0-SNAPSHOT/hadoop-ozone-client-0.5.0-SNAPSHOT.jar:/home/user/.m2/repository/commons-lang/commons-lang/2.6/commons-lang-2.6.jar:/home/user/.m2/repository/org/apache/hadoop/hadoop-ozone-ozone-manager/0.5.0-SNAPSHOT/hadoop-ozone-ozone-manager-0.5.0-SNAPSHOT-tests.jar:/home/user/.m2/repository/junit/junit/4.11/junit-4.11.jar:/home/user/.m2/repository/org/hamcrest/hamcrest-core/1.3/hamcrest-core-1.3.jar:/home/user/.m2/repository/org/openjdk/jmh/jmh-core/1.19/jmh-core-1.19.jar:/home/user/.m2/repository/net/sf/jopt-simple/jopt-simple/4.6/jopt-simple-4.6.jar:/home/user/.m2/repository/org/apache/commons/commons-math3/3.1.1/commons-math3-3.1.1.jar:/home/user/.m2/repository/org/openjdk/jmh/jmh-generator-annprocess/1.19/jmh-generator-annprocess-1.19.jar:/home/user/.m2/repository/org/mockito/mockito-all/1.8.5/mockito-all-1.8.5.jar:/home/user/.m2/repository/org/apache/hadoop/hadoop-kms/3.2.0/hadoop-kms-3.2.0.jar:/home/user/.m2/repository/org/apache/hadoop/hadoop-auth/3.2.0/hadoop-auth-3.2.0.jar:/home/user/.m2/repository/com/nimbusds/nimbus-jose-jwt/4.41.1/nimbus-jose-jwt-4.41.1.jar:/home/user/.m2/repository/com/github/stephenc/jcip/jcip-annotations/1.0-1/jcip-annotations-1.0-1.jar:/home/user/.m2/repository/net/minidev/json-smart/2.3/json-smart-2.3.jar:/home/user/.m2/repository/net/minidev/accessors-smart/1.2/accessors-smart-1.2.jar:/home/user/.m2/repository/org/ow2/asm/asm/5.0.4/asm-5.0.4.jar:/home/user/.m2/repository/org/apache/curator/curator-framework/2.12.0/curator-framework-2.12.0.jar:/home/user/.m2/repository/com/sun/jersey/jersey-core/1.19/jersey-core-1.19.jar:/home/user/.m2/repository/javax/ws/rs/jsr311-api/1.1.1/jsr311-api-1.1.1.jar:/home/user/.m2/repository/com/sun/jersey/jersey-server/1.19/jersey-server-1.19.jar:/home/user/.m2/repository/javax/servlet/javax.servlet-api/3.1.0/javax.servlet-api-3.1.0.jar:/home/user/.m2/repository/org/eclipse/jetty/jetty-server/9.3.24.v20180605/jetty-server-9.3.24.v20180605.jar:/home/user/.m2/repository/org/eclipse/jetty/jetty-http/9.3.24.v20180605/jetty-http-9.3.24.v20180605.jar:/home/user/.m2/repository/org/eclipse/jetty/jetty-io/9.3.24.v20180605/jetty-io-9.3.24.v20180605.jar:/home/user/.m2/repository/org/eclipse/jetty/jetty-webapp/9.3.24.v20180605/jetty-webapp-9.3.24.v20180605.jar:/home/user/.m2/repository/org/eclipse/jetty/jetty-xml/9.3.24.v20180605/jetty-xml-9.3.24.v20180605.jar:/home/user/.m2/repository/log4j/log4j/1.2.17/log4j-1.2.17.jar:/home/user/.m2/repository/org/slf4j/slf4j-api/1.7.25/slf4j-api-1.7.25.jar:/home/user/.m2/repository/org/slf4j/jul-to-slf4j/1.7.25/jul-to-slf4j-1.7.25.jar:/home/user/.m2/repository/org/eclipse/jetty/jetty-util/9.3.24.v20180605/jetty-util-9.3.24.v20180605.jar:/home/user/.m2/repository/com/fasterxml/jackson/core/jackson-databind/2.9.5/jackson-databind-2.9.5.jar:/home/user/.m2/repository/org/apache/hadoop/hadoop-kms/3.2.0/hadoop-kms-3.2.0-tests.jar:/home/user/.m2/repository/org/apache/hadoop/hadoop-hdds-server-scm/0.5.0-SNAPSHOT/hadoop-hdds-server-scm-0.5.0-SNAPSHOT-tests.jar:/home/user/.m2/repository/org/apache/hadoop/hadoop-hdds-container-service/0.5.0-SNAPSHOT/hadoop-hdds-container-service-0.5.0-SNAPSHOT-tests.jar:/home/user/.m2/repository/org/yaml/snakeyaml/1.16/snakeyaml-1.16.jar:/home/user/.m2/repository/org/apache/hadoop/hadoop-common/3.2.0/hadoop-common-3.2.0-tests.jar:/home/user/.m2/repository/org/apache/hadoop/hadoop-annotations/3.2.0/hadoop-annotations-3.2.0.jar:/usr/lib/jvm/java-1.8-openjdk/jre/../lib/tools.jar:/home/user/.m2/repository/commons-cli/commons-cli/1.2/commons-cli-1.2.jar:/home/user/.m2/repository/org/apache/httpcomponents/httpclient/4.5.2/httpclient-4.5.2.jar:/home/user/.m2/repository/org/apache/httpcomponents/httpcore/4.4.4/httpcore-4.4.4.jar:/home/user/.m2/repository/commons-codec/commons-codec/1.11/commons-codec-1.11.jar:/home/user/.m2/repository/commons-net/commons-net/3.6/commons-net-3.6.jar:/home/user/.m2/repository/commons-collections/commons-collections/3.2.2/commons-collections-3.2.2.jar:/home/user/.m2/repository/org/eclipse/jetty/jetty-servlet/9.3.24.v20180605/jetty-servlet-9.3.24.v20180605.jar:/home/user/.m2/repository/org/eclipse/jetty/jetty-security/9.3.24.v20180605/jetty-security-9.3.24.v20180605.jar:/home/user/.m2/repository/javax/servlet/jsp/jsp-api/2.1/jsp-api-2.1.jar:/home/user/.m2/repository/com/sun/jersey/jersey-servlet/1.19/jersey-servlet-1.19.jar:/home/user/.m2/repository/com/sun/jersey/jersey-json/1.19/jersey-json-1.19.jar:/home/user/.m2/repository/org/codehaus/jettison/jettison/1.1/jettison-1.1.jar:/home/user/.m2/repository/org/codehaus/jackson/jackson-core-asl/1.9.13/jackson-core-asl-1.9.13.jar:/home/user/.m2/repository/org/codehaus/jackson/jackson-mapper-asl/1.9.13/jackson-mapper-asl-1.9.13.jar:/home/user/.m2/repository/org/codehaus/jackson/jackson-jaxrs/1.9.13/jackson-jaxrs-1.9.13.jar:/home/user/.m2/repository/org/codehaus/jackson/jackson-xc/1.9.13/jackson-xc-1.9.13.jar:/home/user/.m2/repository/commons-logging/commons-logging/1.1.3/commons-logging-1.1.3.jar:/home/user/.m2/repository/commons-beanutils/commons-beanutils/1.9.3/commons-beanutils-1.9.3.jar:/home/user/.m2/repository/org/apache/commons/commons-configuration2/2.1.1/commons-configuration2-2.1.1.jar:/home/user/.m2/repository/org/apache/commons/commons-lang3/3.7/commons-lang3-3.7.jar:/home/user/.m2/repository/org/apache/commons/commons-text/1.4/commons-text-1.4.jar:/home/user/.m2/repository/org/apache/avro/avro/1.7.7/avro-1.7.7.jar:/home/user/.m2/repository/com/thoughtworks/paranamer/paranamer/2.3/paranamer-2.3.jar:/home/user/.m2/repository/org/xerial/snappy/snappy-java/1.0.5/snappy-java-1.0.5.jar:/home/user/.m2/repository/com/google/re2j/re2j/1.1/re2j-1.1.jar:/home/user/.m2/repository/com/google/code/gson/gson/2.2.4/gson-2.2.4.jar:/home/user/.m2/repository/com/jcraft/jsch/0.1.54/jsch-0.1.54.jar:/home/user/.m2/repository/org/apache/curator/curator-client/2.12.0/curator-client-2.12.0.jar:/home/user/.m2/repository/org/apache/curator/curator-recipes/2.12.0/curator-recipes-2.12.0.jar:/home/user/.m2/repository/com/google/code/findbugs/jsr305/3.0.0/jsr305-3.0.0.jar:/home/user/.m2/repository/org/apache/htrace/htrace-core4/4.1.0-incubating/htrace-core4-4.1.0-incubating.jar:/home/user/.m2/repository/org/apache/zookeeper/zookeeper/3.4.13/zookeeper-3.4.13.jar:/home/user/.m2/repository/org/apache/yetus/audience-annotations/0.5.0/audience-annotations-0.5.0.jar:/home/user/.m2/repository/org/codehaus/woodstox/stax2-api/3.1.4/stax2-api-3.1.4.jar:/home/user/.m2/repository/com/fasterxml/woodstox/woodstox-core/5.0.3/woodstox-core-5.0.3.jar:/home/user/.m2/repository/dnsjava/dnsjava/2.1.7/dnsjava-2.1.7.jar:/home/user/.m2/repository/org/apache/hadoop/hadoop-hdfs/3.2.0/hadoop-hdfs-3.2.0-tests.jar:/home/user/.m2/repository/org/eclipse/jetty/jetty-util-ajax/9.3.24.v20180605/jetty-util-ajax-9.3.24.v20180605.jar:/home/user/.m2/repository/commons-daemon/commons-daemon/1.0.13/commons-daemon-1.0.13.jar:/home/user/.m2/repository/io/netty/netty/3.10.5.Final/netty-3.10.5.Final.jar:/home/user/.m2/repository/io/netty/netty-all/4.0.52.Final/netty-all-4.0.52.Final.jar:/home/user/.m2/repository/org/fusesource/leveldbjni/leveldbjni-all/1.8/leveldbjni-all-1.8.jar:"/>
    <property name="java.vm.vendor" value="IcedTea"/>
    <property name="sun.arch.data.model" value="64"/>
    <property name="test.build.dir" value="/workdir/hadoop-ozone/integration-test/target/test-dir"/>
    <property name="test.cache.data" value=""/>
    <property name="java.vendor.url" value="https://icedtea.classpath.org"/>
    <property name="user.timezone" value=""/>
    <property name="java.vm.specification.version" value="1.8"/>
    <property name="os.name" value="Linux"/>
    <property name="test.build.data" value="/workdir/hadoop-ozone/integration-test/target/test-dir"/>
    <property name="user.country" value="US"/>
    <property name="sun.java.launcher" value="SUN_STANDARD"/>
    <property name="sun.boot.library.path" value="/usr/lib/jvm/java-1.8-openjdk/jre/lib/amd64"/>
    <property name="sun.java.command" value="/workdir/hadoop-ozone/integration-test/target/surefire/surefirebooter8297244681897421870.jar /workdir/hadoop-ozone/integration-test/target/surefire 2019-08-29T07-52-22_703-jvmRun1 surefire7177769847888529919tmp surefire_208626365703154900847tmp"/>
    <property name="test" value="!TestMiniChaosOzoneCluster"/>
    <property name="surefire.test.class.path" value="/workdir/hadoop-ozone/integration-test/target/test-classes:/workdir/hadoop-ozone/integration-test/target/classes:/home/user/.m2/repository/org/apache/hadoop/hadoop-ozone-common/0.5.0-SNAPSHOT/hadoop-ozone-common-0.5.0-SNAPSHOT.jar:/home/user/.m2/repository/org/apache/commons/commons-compress/1.4.1/commons-compress-1.4.1.jar:/home/user/.m2/repository/org/tukaani/xz/1.0/xz-1.0.jar:/home/user/.m2/repository/org/apache/hadoop/hadoop-common/3.2.0/hadoop-common-3.2.0.jar:/home/user/.m2/repository/org/apache/hadoop/hadoop-hdfs/3.2.0/hadoop-hdfs-3.2.0.jar:/home/user/.m2/repository/org/apache/hadoop/hadoop-hdfs-client/3.2.0/hadoop-hdfs-client-3.2.0.jar:/home/user/.m2/repository/com/fasterxml/jackson/core/jackson-annotations/2.9.5/jackson-annotations-2.9.5.jar:/home/user/.m2/repository/org/apache/hadoop/hadoop-hdds-common/0.5.0-SNAPSHOT/hadoop-hdds-common-0.5.0-SNAPSHOT.jar:/home/user/.m2/repository/javax/annotation/javax.annotation-api/1.2/javax.annotation-api-1.2.jar:/home/user/.m2/repository/org/apache/ratis/ratis-server/0.4.0-2337318-SNAPSHOT/ratis-server-0.4.0-2337318-SNAPSHOT.jar:/home/user/.m2/repository/org/apache/ratis/ratis-thirdparty-misc/0.2.0/ratis-thirdparty-misc-0.2.0.jar:/home/user/.m2/repository/org/apache/ratis/ratis-proto/0.4.0-2337318-SNAPSHOT/ratis-proto-0.4.0-2337318-SNAPSHOT.jar:/home/user/.m2/repository/org/apache/ratis/ratis-common/0.4.0-2337318-SNAPSHOT/ratis-common-0.4.0-2337318-SNAPSHOT.jar:/home/user/.m2/repository/org/apache/ratis/ratis-client/0.4.0-2337318-SNAPSHOT/ratis-client-0.4.0-2337318-SNAPSHOT.jar:/home/user/.m2/repository/org/apache/ratis/ratis-metrics/0.4.0-2337318-SNAPSHOT/ratis-metrics-0.4.0-2337318-SNAPSHOT.jar:/home/user/.m2/repository/org/apache/ratis/ratis-netty/0.4.0-2337318-SNAPSHOT/ratis-netty-0.4.0-2337318-SNAPSHOT.jar:/home/user/.m2/repository/org/apache/ratis/ratis-grpc/0.4.0-2337318-SNAPSHOT/ratis-grpc-0.4.0-2337318-SNAPSHOT.jar:/home/user/.m2/repository/org/rocksdb/rocksdbjni/6.0.1/rocksdbjni-6.0.1.jar:/home/user/.m2/repository/org/apache/logging/log4j/log4j-api/2.11.0/log4j-api-2.11.0.jar:/home/user/.m2/repository/org/apache/logging/log4j/log4j-core/2.11.0/log4j-core-2.11.0.jar:/home/user/.m2/repository/com/lmax/disruptor/3.4.2/disruptor-3.4.2.jar:/home/user/.m2/repository/org/apache/commons/commons-pool2/2.6.0/commons-pool2-2.6.0.jar:/home/user/.m2/repository/org/bouncycastle/bcpkix-jdk15on/1.60/bcpkix-jdk15on-1.60.jar:/home/user/.m2/repository/commons-validator/commons-validator/1.6/commons-validator-1.6.jar:/home/user/.m2/repository/commons-digester/commons-digester/1.8.1/commons-digester-1.8.1.jar:/home/user/.m2/repository/io/jaegertracing/jaeger-client/0.33.1/jaeger-client-0.33.1.jar:/home/user/.m2/repository/io/jaegertracing/jaeger-thrift/0.33.1/jaeger-thrift-0.33.1.jar:/home/user/.m2/repository/org/apache/thrift/libthrift/0.11.0/libthrift-0.11.0.jar:/home/user/.m2/repository/com/squareup/okhttp3/okhttp/3.9.0/okhttp-3.9.0.jar:/home/user/.m2/repository/com/squareup/okio/okio/1.13.0/okio-1.13.0.jar:/home/user/.m2/repository/io/jaegertracing/jaeger-core/0.33.1/jaeger-core-0.33.1.jar:/home/user/.m2/repository/io/jaegertracing/jaeger-tracerresolver/0.33.1/jaeger-tracerresolver-0.33.1.jar:/home/user/.m2/repository/io/opentracing/contrib/opentracing-tracerresolver/0.1.5/opentracing-tracerresolver-0.1.5.jar:/home/user/.m2/repository/io/opentracing/opentracing-util/0.31.0/opentracing-util-0.31.0.jar:/home/user/.m2/repository/io/opentracing/opentracing-api/0.31.0/opentracing-api-0.31.0.jar:/home/user/.m2/repository/io/opentracing/opentracing-noop/0.31.0/opentracing-noop-0.31.0.jar:/home/user/.m2/repository/org/apache/hadoop/hadoop-hdds-server-framework/0.5.0-SNAPSHOT/hadoop-hdds-server-framework-0.5.0-SNAPSHOT.jar:/home/user/.m2/repository/org/apache/hadoop/hadoop-hdds-container-service/0.5.0-SNAPSHOT/hadoop-hdds-container-service-0.5.0-SNAPSHOT.jar:/home/user/.m2/repository/org/apache/hadoop/hadoop-hdds-client/0.5.0-SNAPSHOT/hadoop-hdds-client-0.5.0-SNAPSHOT.jar:/home/user/.m2/repository/org/apache/hadoop/hadoop-hdds-tools/0.5.0-SNAPSHOT/hadoop-hdds-tools-0.5.0-SNAPSHOT.jar:/home/user/.m2/repository/org/apache/hadoop/hadoop-hdds-server-scm/0.5.0-SNAPSHOT/hadoop-hdds-server-scm-0.5.0-SNAPSHOT.jar:/home/user/.m2/repository/org/apache/hadoop/hadoop-hdds-docs/0.5.0-SNAPSHOT/hadoop-hdds-docs-0.5.0-SNAPSHOT.jar:/home/user/.m2/repository/io/dropwizard/metrics/metrics-core/3.2.4/metrics-core-3.2.4.jar:/home/user/.m2/repository/org/hamcrest/hamcrest-all/1.3/hamcrest-all-1.3.jar:/home/user/.m2/repository/org/bouncycastle/bcprov-jdk15on/1.60/bcprov-jdk15on-1.60.jar:/home/user/.m2/repository/info/picocli/picocli/3.9.6/picocli-3.9.6.jar:/home/user/.m2/repository/com/google/protobuf/protobuf-java/2.5.0/protobuf-java-2.5.0.jar:/home/user/.m2/repository/com/google/guava/guava/11.0.2/guava-11.0.2.jar:/home/user/.m2/repository/org/apache/hadoop/hadoop-ozone-ozone-manager/0.5.0-SNAPSHOT/hadoop-ozone-ozone-manager-0.5.0-SNAPSHOT.jar:/home/user/.m2/repository/org/apache/hadoop/hadoop-minikdc/3.2.0/hadoop-minikdc-3.2.0.jar:/home/user/.m2/repository/commons-io/commons-io/2.5/commons-io-2.5.jar:/home/user/.m2/repository/org/apache/kerby/kerb-simplekdc/1.0.1/kerb-simplekdc-1.0.1.jar:/home/user/.m2/repository/org/apache/kerby/kerb-client/1.0.1/kerb-client-1.0.1.jar:/home/user/.m2/repository/org/apache/kerby/kerby-config/1.0.1/kerby-config-1.0.1.jar:/home/user/.m2/repository/org/apache/kerby/kerb-core/1.0.1/kerb-core-1.0.1.jar:/home/user/.m2/repository/org/apache/kerby/kerby-pkix/1.0.1/kerby-pkix-1.0.1.jar:/home/user/.m2/repository/org/apache/kerby/kerby-asn1/1.0.1/kerby-asn1-1.0.1.jar:/home/user/.m2/repository/org/apache/kerby/kerby-util/1.0.1/kerby-util-1.0.1.jar:/home/user/.m2/repository/org/apache/kerby/kerb-common/1.0.1/kerb-common-1.0.1.jar:/home/user/.m2/repository/org/apache/kerby/kerb-crypto/1.0.1/kerb-crypto-1.0.1.jar:/home/user/.m2/repository/org/apache/kerby/kerb-util/1.0.1/kerb-util-1.0.1.jar:/home/user/.m2/repository/org/apache/kerby/token-provider/1.0.1/token-provider-1.0.1.jar:/home/user/.m2/repository/org/apache/kerby/kerb-admin/1.0.1/kerb-admin-1.0.1.jar:/home/user/.m2/repository/org/apache/kerby/kerb-server/1.0.1/kerb-server-1.0.1.jar:/home/user/.m2/repository/org/apache/kerby/kerb-identity/1.0.1/kerb-identity-1.0.1.jar:/home/user/.m2/repository/org/apache/kerby/kerby-xdr/1.0.1/kerby-xdr-1.0.1.jar:/home/user/.m2/repository/org/slf4j/slf4j-log4j12/1.7.25/slf4j-log4j12-1.7.25.jar:/home/user/.m2/repository/org/apache/hadoop/hadoop-ozone-objectstore-service/0.5.0-SNAPSHOT/hadoop-ozone-objectstore-service-0.5.0-SNAPSHOT.jar:/home/user/.m2/repository/org/apache/hadoop/hadoop-ozone-s3gateway/0.5.0-SNAPSHOT/hadoop-ozone-s3gateway-0.5.0-SNAPSHOT.jar:/home/user/.m2/repository/org/jboss/weld/servlet/weld-servlet/2.4.7.Final/weld-servlet-2.4.7.Final.jar:/home/user/.m2/repository/org/glassfish/jersey/containers/jersey-container-servlet-core/2.27/jersey-container-servlet-core-2.27.jar:/home/user/.m2/repository/org/glassfish/hk2/external/javax.inject/2.5.0-b42/javax.inject-2.5.0-b42.jar:/home/user/.m2/repository/org/glassfish/jersey/core/jersey-common/2.27/jersey-common-2.27.jar:/home/user/.m2/repository/org/glassfish/hk2/osgi-resource-locator/1.0.1/osgi-resource-locator-1.0.1.jar:/home/user/.m2/repository/javax/ws/rs/javax.ws.rs-api/2.1/javax.ws.rs-api-2.1.jar:/home/user/.m2/repository/org/glassfish/jersey/ext/cdi/jersey-cdi1x/2.27/jersey-cdi1x-2.27.jar:/home/user/.m2/repository/org/glassfish/jersey/inject/jersey-hk2/2.27/jersey-hk2-2.27.jar:/home/user/.m2/repository/org/glassfish/hk2/hk2-locator/2.5.0-b42/hk2-locator-2.5.0-b42.jar:/home/user/.m2/repository/org/javassist/javassist/3.22.0-CR2/javassist-3.22.0-CR2.jar:/home/user/.m2/repository/org/glassfish/hk2/hk2-api/2.5.0/hk2-api-2.5.0.jar:/home/user/.m2/repository/org/glassfish/hk2/external/jakarta.inject/2.5.0/jakarta.inject-2.5.0.jar:/home/user/.m2/repository/org/glassfish/hk2/hk2-utils/2.5.0/hk2-utils-2.5.0.jar:/home/user/.m2/repository/jakarta/annotation/jakarta.annotation-api/1.3.4/jakarta.annotation-api-1.3.4.jar:/home/user/.m2/repository/org/glassfish/hk2/external/aopalliance-repackaged/2.5.0/aopalliance-repackaged-2.5.0.jar:/home/user/.m2/repository/com/fasterxml/jackson/dataformat/jackson-dataformat-xml/2.9.0/jackson-dataformat-xml-2.9.0.jar:/home/user/.m2/repository/com/fasterxml/jackson/core/jackson-core/2.9.5/jackson-core-2.9.5.jar:/home/user/.m2/repository/com/fasterxml/jackson/module/jackson-module-jaxb-annotations/2.9.5/jackson-module-jaxb-annotations-2.9.5.jar:/home/user/.m2/repository/javax/enterprise/cdi-api/1.2/cdi-api-1.2.jar:/home/user/.m2/repository/javax/el/javax.el-api/3.0.0/javax.el-api-3.0.0.jar:/home/user/.m2/repository/javax/interceptor/javax.interceptor-api/1.2/javax.interceptor-api-1.2.jar:/home/user/.m2/repository/javax/inject/javax.inject/1/javax.inject-1.jar:/home/user/.m2/repository/com/sun/xml/bind/jaxb-impl/2.3.0.1/jaxb-impl-2.3.0.1.jar:/home/user/.m2/repository/com/sun/xml/bind/jaxb-core/2.3.0.1/jaxb-core-2.3.0.1.jar:/home/user/.m2/repository/javax/xml/bind/jaxb-api/2.3.0/jaxb-api-2.3.0.jar:/home/user/.m2/repository/javax/activation/activation/1.1.1/activation-1.1.1.jar:/home/user/.m2/repository/org/apache/hadoop/hadoop-ozone-csi/0.5.0-SNAPSHOT/hadoop-ozone-csi-0.5.0-SNAPSHOT.jar:/home/user/.m2/repository/com/google/protobuf/protobuf-java-util/3.5.1/protobuf-java-util-3.5.1.jar:/home/user/.m2/repository/org/apache/hadoop/hadoop-hdds-config/0.5.0-SNAPSHOT/hadoop-hdds-config-0.5.0-SNAPSHOT.jar:/home/user/.m2/repository/io/grpc/grpc-netty/1.17.1/grpc-netty-1.17.1.jar:/home/user/.m2/repository/io/grpc/grpc-core/1.17.1/grpc-core-1.17.1.jar:/home/user/.m2/repository/io/grpc/grpc-context/1.17.1/grpc-context-1.17.1.jar:/home/user/.m2/repository/com/google/errorprone/error_prone_annotations/2.2.0/error_prone_annotations-2.2.0.jar:/home/user/.m2/repository/org/codehaus/mojo/animal-sniffer-annotations/1.17/animal-sniffer-annotations-1.17.jar:/home/user/.m2/repository/io/opencensus/opencensus-api/0.17.0/opencensus-api-0.17.0.jar:/home/user/.m2/repository/io/opencensus/opencensus-contrib-grpc-metrics/0.17.0/opencensus-contrib-grpc-metrics-0.17.0.jar:/home/user/.m2/repository/io/netty/netty-codec-http2/4.1.30.Final/netty-codec-http2-4.1.30.Final.jar:/home/user/.m2/repository/io/netty/netty-codec-http/4.1.30.Final/netty-codec-http-4.1.30.Final.jar:/home/user/.m2/repository/io/netty/netty-codec/4.1.30.Final/netty-codec-4.1.30.Final.jar:/home/user/.m2/repository/io/netty/netty-handler/4.1.30.Final/netty-handler-4.1.30.Final.jar:/home/user/.m2/repository/io/netty/netty-handler-proxy/4.1.30.Final/netty-handler-proxy-4.1.30.Final.jar:/home/user/.m2/repository/io/netty/netty-codec-socks/4.1.30.Final/netty-codec-socks-4.1.30.Final.jar:/home/user/.m2/repository/io/netty/netty-transport-native-epoll/4.1.30.Final/netty-transport-native-epoll-4.1.30.Final.jar:/home/user/.m2/repository/io/netty/netty-common/4.1.30.Final/netty-common-4.1.30.Final.jar:/home/user/.m2/repository/io/netty/netty-buffer/4.1.30.Final/netty-buffer-4.1.30.Final.jar:/home/user/.m2/repository/io/netty/netty-transport/4.1.30.Final/netty-transport-4.1.30.Final.jar:/home/user/.m2/repository/io/netty/netty-resolver/4.1.30.Final/netty-resolver-4.1.30.Final.jar:/home/user/.m2/repository/io/netty/netty-transport-native-unix-common/4.1.30.Final/netty-transport-native-unix-common-4.1.30.Final.jar:/home/user/.m2/repository/io/grpc/grpc-protobuf/1.17.1/grpc-protobuf-1.17.1.jar:/home/user/.m2/repository/com/google/api/grpc/proto-google-common-protos/1.0.0/proto-google-common-protos-1.0.0.jar:/home/user/.m2/repository/io/grpc/grpc-protobuf-lite/1.17.1/grpc-protobuf-lite-1.17.1.jar:/home/user/.m2/repository/io/grpc/grpc-stub/1.17.1/grpc-stub-1.17.1.jar:/home/user/.m2/repository/org/apache/hadoop/hadoop-ozone-recon/0.5.0-SNAPSHOT/hadoop-ozone-recon-0.5.0-SNAPSHOT.jar:/home/user/.m2/repository/org/apache/hadoop/hadoop-ozone-reconcodegen/0.5.0-SNAPSHOT/hadoop-ozone-reconcodegen-0.5.0-SNAPSHOT.jar:/home/user/.m2/repository/com/google/inject/extensions/guice-multibindings/4.0/guice-multibindings-4.0.jar:/home/user/.m2/repository/com/google/inject/guice/4.0/guice-4.0.jar:/home/user/.m2/repository/aopalliance/aopalliance/1.0/aopalliance-1.0.jar:/home/user/.m2/repository/com/google/inject/extensions/guice-servlet/4.0/guice-servlet-4.0.jar:/home/user/.m2/repository/org/glassfish/jersey/containers/jersey-container-servlet/2.27/jersey-container-servlet-2.27.jar:/home/user/.m2/repository/org/glassfish/hk2/guice-bridge/2.5.0/guice-bridge-2.5.0.jar:/home/user/.m2/repository/org/glassfish/jersey/core/jersey-server/2.27/jersey-server-2.27.jar:/home/user/.m2/repository/org/glassfish/jersey/core/jersey-client/2.27/jersey-client-2.27.jar:/home/user/.m2/repository/org/glassfish/jersey/media/jersey-media-jaxb/2.27/jersey-media-jaxb-2.27.jar:/home/user/.m2/repository/javax/validation/validation-api/1.1.0.Final/validation-api-1.1.0.Final.jar:/home/user/.m2/repository/org/glassfish/jersey/media/jersey-media-json-jackson/2.27/jersey-media-json-jackson-2.27.jar:/home/user/.m2/repository/org/glassfish/jersey/ext/jersey-entity-filtering/2.27/jersey-entity-filtering-2.27.jar:/home/user/.m2/repository/com/google/inject/extensions/guice-assistedinject/4.0/guice-assistedinject-4.0.jar:/home/user/.m2/repository/org/jooq/jooq/3.11.10/jooq-3.11.10.jar:/home/user/.m2/repository/org/jooq/jooq-meta/3.11.10/jooq-meta-3.11.10.jar:/home/user/.m2/repository/org/jooq/jooq-codegen/3.11.10/jooq-codegen-3.11.10.jar:/home/user/.m2/repository/com/jolbox/bonecp/0.8.0.RELEASE/bonecp-0.8.0.RELEASE.jar:/home/user/.m2/repository/org/xerial/sqlite-jdbc/3.25.2/sqlite-jdbc-3.25.2.jar:/home/user/.m2/repository/org/springframework/spring-jdbc/5.1.3.RELEASE/spring-jdbc-5.1.3.RELEASE.jar:/home/user/.m2/repository/org/springframework/spring-beans/5.1.3.RELEASE/spring-beans-5.1.3.RELEASE.jar:/home/user/.m2/repository/org/springframework/spring-core/5.1.3.RELEASE/spring-core-5.1.3.RELEASE.jar:/home/user/.m2/repository/org/springframework/spring-jcl/5.1.3.RELEASE/spring-jcl-5.1.3.RELEASE.jar:/home/user/.m2/repository/org/springframework/spring-tx/5.1.3.RELEASE/spring-tx-5.1.3.RELEASE.jar:/home/user/.m2/repository/org/apache/hadoop/hadoop-ozone-client/0.5.0-SNAPSHOT/hadoop-ozone-client-0.5.0-SNAPSHOT.jar:/home/user/.m2/repository/commons-lang/commons-lang/2.6/commons-lang-2.6.jar:/home/user/.m2/repository/org/apache/hadoop/hadoop-ozone-ozone-manager/0.5.0-SNAPSHOT/hadoop-ozone-ozone-manager-0.5.0-SNAPSHOT-tests.jar:/home/user/.m2/repository/junit/junit/4.11/junit-4.11.jar:/home/user/.m2/repository/org/hamcrest/hamcrest-core/1.3/hamcrest-core-1.3.jar:/home/user/.m2/repository/org/openjdk/jmh/jmh-core/1.19/jmh-core-1.19.jar:/home/user/.m2/repository/net/sf/jopt-simple/jopt-simple/4.6/jopt-simple-4.6.jar:/home/user/.m2/repository/org/apache/commons/commons-math3/3.1.1/commons-math3-3.1.1.jar:/home/user/.m2/repository/org/openjdk/jmh/jmh-generator-annprocess/1.19/jmh-generator-annprocess-1.19.jar:/home/user/.m2/repository/org/mockito/mockito-all/1.8.5/mockito-all-1.8.5.jar:/home/user/.m2/repository/org/apache/hadoop/hadoop-kms/3.2.0/hadoop-kms-3.2.0.jar:/home/user/.m2/repository/org/apache/hadoop/hadoop-auth/3.2.0/hadoop-auth-3.2.0.jar:/home/user/.m2/repository/com/nimbusds/nimbus-jose-jwt/4.41.1/nimbus-jose-jwt-4.41.1.jar:/home/user/.m2/repository/com/github/stephenc/jcip/jcip-annotations/1.0-1/jcip-annotations-1.0-1.jar:/home/user/.m2/repository/net/minidev/json-smart/2.3/json-smart-2.3.jar:/home/user/.m2/repository/net/minidev/accessors-smart/1.2/accessors-smart-1.2.jar:/home/user/.m2/repository/org/ow2/asm/asm/5.0.4/asm-5.0.4.jar:/home/user/.m2/repository/org/apache/curator/curator-framework/2.12.0/curator-framework-2.12.0.jar:/home/user/.m2/repository/com/sun/jersey/jersey-core/1.19/jersey-core-1.19.jar:/home/user/.m2/repository/javax/ws/rs/jsr311-api/1.1.1/jsr311-api-1.1.1.jar:/home/user/.m2/repository/com/sun/jersey/jersey-server/1.19/jersey-server-1.19.jar:/home/user/.m2/repository/javax/servlet/javax.servlet-api/3.1.0/javax.servlet-api-3.1.0.jar:/home/user/.m2/repository/org/eclipse/jetty/jetty-server/9.3.24.v20180605/jetty-server-9.3.24.v20180605.jar:/home/user/.m2/repository/org/eclipse/jetty/jetty-http/9.3.24.v20180605/jetty-http-9.3.24.v20180605.jar:/home/user/.m2/repository/org/eclipse/jetty/jetty-io/9.3.24.v20180605/jetty-io-9.3.24.v20180605.jar:/home/user/.m2/repository/org/eclipse/jetty/jetty-webapp/9.3.24.v20180605/jetty-webapp-9.3.24.v20180605.jar:/home/user/.m2/repository/org/eclipse/jetty/jetty-xml/9.3.24.v20180605/jetty-xml-9.3.24.v20180605.jar:/home/user/.m2/repository/log4j/log4j/1.2.17/log4j-1.2.17.jar:/home/user/.m2/repository/org/slf4j/slf4j-api/1.7.25/slf4j-api-1.7.25.jar:/home/user/.m2/repository/org/slf4j/jul-to-slf4j/1.7.25/jul-to-slf4j-1.7.25.jar:/home/user/.m2/repository/org/eclipse/jetty/jetty-util/9.3.24.v20180605/jetty-util-9.3.24.v20180605.jar:/home/user/.m2/repository/com/fasterxml/jackson/core/jackson-databind/2.9.5/jackson-databind-2.9.5.jar:/home/user/.m2/repository/org/apache/hadoop/hadoop-kms/3.2.0/hadoop-kms-3.2.0-tests.jar:/home/user/.m2/repository/org/apache/hadoop/hadoop-hdds-server-scm/0.5.0-SNAPSHOT/hadoop-hdds-server-scm-0.5.0-SNAPSHOT-tests.jar:/home/user/.m2/repository/org/apache/hadoop/hadoop-hdds-container-service/0.5.0-SNAPSHOT/hadoop-hdds-container-service-0.5.0-SNAPSHOT-tests.jar:/home/user/.m2/repository/org/yaml/snakeyaml/1.16/snakeyaml-1.16.jar:/home/user/.m2/repository/org/apache/hadoop/hadoop-common/3.2.0/hadoop-common-3.2.0-tests.jar:/home/user/.m2/repository/org/apache/hadoop/hadoop-annotations/3.2.0/hadoop-annotations-3.2.0.jar:/usr/lib/jvm/java-1.8-openjdk/jre/../lib/tools.jar:/home/user/.m2/repository/commons-cli/commons-cli/1.2/commons-cli-1.2.jar:/home/user/.m2/repository/org/apache/httpcomponents/httpclient/4.5.2/httpclient-4.5.2.jar:/home/user/.m2/repository/org/apache/httpcomponents/httpcore/4.4.4/httpcore-4.4.4.jar:/home/user/.m2/repository/commons-codec/commons-codec/1.11/commons-codec-1.11.jar:/home/user/.m2/repository/commons-net/commons-net/3.6/commons-net-3.6.jar:/home/user/.m2/repository/commons-collections/commons-collections/3.2.2/commons-collections-3.2.2.jar:/home/user/.m2/repository/org/eclipse/jetty/jetty-servlet/9.3.24.v20180605/jetty-servlet-9.3.24.v20180605.jar:/home/user/.m2/repository/org/eclipse/jetty/jetty-security/9.3.24.v20180605/jetty-security-9.3.24.v20180605.jar:/home/user/.m2/repository/javax/servlet/jsp/jsp-api/2.1/jsp-api-2.1.jar:/home/user/.m2/repository/com/sun/jersey/jersey-servlet/1.19/jersey-servlet-1.19.jar:/home/user/.m2/repository/com/sun/jersey/jersey-json/1.19/jersey-json-1.19.jar:/home/user/.m2/repository/org/codehaus/jettison/jettison/1.1/jettison-1.1.jar:/home/user/.m2/repository/org/codehaus/jackson/jackson-core-asl/1.9.13/jackson-core-asl-1.9.13.jar:/home/user/.m2/repository/org/codehaus/jackson/jackson-mapper-asl/1.9.13/jackson-mapper-asl-1.9.13.jar:/home/user/.m2/repository/org/codehaus/jackson/jackson-jaxrs/1.9.13/jackson-jaxrs-1.9.13.jar:/home/user/.m2/repository/org/codehaus/jackson/jackson-xc/1.9.13/jackson-xc-1.9.13.jar:/home/user/.m2/repository/commons-logging/commons-logging/1.1.3/commons-logging-1.1.3.jar:/home/user/.m2/repository/commons-beanutils/commons-beanutils/1.9.3/commons-beanutils-1.9.3.jar:/home/user/.m2/repository/org/apache/commons/commons-configuration2/2.1.1/commons-configuration2-2.1.1.jar:/home/user/.m2/repository/org/apache/commons/commons-lang3/3.7/commons-lang3-3.7.jar:/home/user/.m2/repository/org/apache/commons/commons-text/1.4/commons-text-1.4.jar:/home/user/.m2/repository/org/apache/avro/avro/1.7.7/avro-1.7.7.jar:/home/user/.m2/repository/com/thoughtworks/paranamer/paranamer/2.3/paranamer-2.3.jar:/home/user/.m2/repository/org/xerial/snappy/snappy-java/1.0.5/snappy-java-1.0.5.jar:/home/user/.m2/repository/com/google/re2j/re2j/1.1/re2j-1.1.jar:/home/user/.m2/repository/com/google/code/gson/gson/2.2.4/gson-2.2.4.jar:/home/user/.m2/repository/com/jcraft/jsch/0.1.54/jsch-0.1.54.jar:/home/user/.m2/repository/org/apache/curator/curator-client/2.12.0/curator-client-2.12.0.jar:/home/user/.m2/repository/org/apache/curator/curator-recipes/2.12.0/curator-recipes-2.12.0.jar:/home/user/.m2/repository/com/google/code/findbugs/jsr305/3.0.0/jsr305-3.0.0.jar:/home/user/.m2/repository/org/apache/htrace/htrace-core4/4.1.0-incubating/htrace-core4-4.1.0-incubating.jar:/home/user/.m2/repository/org/apache/zookeeper/zookeeper/3.4.13/zookeeper-3.4.13.jar:/home/user/.m2/repository/org/apache/yetus/audience-annotations/0.5.0/audience-annotations-0.5.0.jar:/home/user/.m2/repository/org/codehaus/woodstox/stax2-api/3.1.4/stax2-api-3.1.4.jar:/home/user/.m2/repository/com/fasterxml/woodstox/woodstox-core/5.0.3/woodstox-core-5.0.3.jar:/home/user/.m2/repository/dnsjava/dnsjava/2.1.7/dnsjava-2.1.7.jar:/home/user/.m2/repository/org/apache/hadoop/hadoop-hdfs/3.2.0/hadoop-hdfs-3.2.0-tests.jar:/home/user/.m2/repository/org/eclipse/jetty/jetty-util-ajax/9.3.24.v20180605/jetty-util-ajax-9.3.24.v20180605.jar:/home/user/.m2/repository/commons-daemon/commons-daemon/1.0.13/commons-daemon-1.0.13.jar:/home/user/.m2/repository/io/netty/netty/3.10.5.Final/netty-3.10.5.Final.jar:/home/user/.m2/repository/io/netty/netty-all/4.0.52.Final/netty-all-4.0.52.Final.jar:/home/user/.m2/repository/org/fusesource/leveldbjni/leveldbjni-all/1.8/leveldbjni-all-1.8.jar:"/>
    <property name="sun.cpu.endian" value="little"/>
    <property name="user.home" value="/home/user"/>
    <property name="user.language" value="en"/>
    <property name="java.specification.vendor" value="Oracle Corporation"/>
    <property name="java.home" value="/usr/lib/jvm/java-1.8-openjdk/jre"/>
    <property name="java.security.krb5.conf" value="/workdir/hadoop-ozone/integration-test/target/test-classes/krb5.conf"/>
    <property name="basedir" value="/workdir/hadoop-ozone/integration-test"/>
    <property name="file.separator" value="/"/>
    <property name="line.separator" value="&#10;"/>
    <property name="java.vm.specification.vendor" value="Oracle Corporation"/>
    <property name="java.specification.name" value="Java Platform API Specification"/>
    <property name="java.awt.graphicsenv" value="sun.awt.X11GraphicsEnvironment"/>
    <property name="surefire.real.class.path" value="/workdir/hadoop-ozone/integration-test/target/surefire/surefirebooter8297244681897421870.jar"/>
    <property name="hadoop.log.dir" value="/workdir/hadoop-ozone/integration-test/target/log"/>
    <property name="sun.boot.class.path" value="/usr/lib/jvm/java-1.8-openjdk/jre/lib/resources.jar:/usr/lib/jvm/java-1.8-openjdk/jre/lib/rt.jar:/usr/lib/jvm/java-1.8-openjdk/jre/lib/sunrsasign.jar:/usr/lib/jvm/java-1.8-openjdk/jre/lib/jsse.jar:/usr/lib/jvm/java-1.8-openjdk/jre/lib/jce.jar:/usr/lib/jvm/java-1.8-openjdk/jre/lib/charsets.jar:/usr/lib/jvm/java-1.8-openjdk/jre/lib/jfr.jar:/usr/lib/jvm/java-1.8-openjdk/jre/classes"/>
    <property name="sun.management.compiler" value="HotSpot 64-Bit Tiered Compilers"/>
    <property name="java.runtime.version" value="1.8.0_212-b04"/>
    <property name="java.net.preferIPv4Stack" value="true"/>
    <property name="user.name" value="jenkins1000"/>
    <property name="path.separator" value=":"/>
    <property name="java.security.egd" value="file:///dev/urandom"/>
    <property name="os.version" value="3.10.0-957.12.2.el7.x86_64"/>
    <property name="java.endorsed.dirs" value="/usr/lib/jvm/java-1.8-openjdk/jre/lib/endorsed"/>
    <property name="java.runtime.name" value="OpenJDK Runtime Environment"/>
    <property name="file.encoding" value="UTF-8"/>
    <property name="java.vm.name" value="OpenJDK 64-Bit Server VM"/>
    <property name="test.build.webapps" value=""/>
    <property name="localRepository" value="/home/user/.m2/repository"/>
    <property name="java.vendor.url.bug" value="https://icedtea.classpath.org/bugzilla"/>
    <property name="java.io.tmpdir" value="/tmp"/>
    <property name="require.test.libhadoop" value=""/>
    <property name="java.version" value="1.8.0_212"/>
    <property name="user.dir" value="/workdir/hadoop-ozone/integration-test"/>
    <property name="os.arch" value="amd64"/>
    <property name="java.vm.specification.name" value="Java Virtual Machine Specification"/>
    <property name="test.build.classes" value="/workdir/hadoop-ozone/integration-test/target/test-classes"/>
    <property name="java.awt.printerjob" value="sun.print.PSPrinterJob"/>
    <property name="sun.os.patch.level" value="unknown"/>
    <property name="hadoop.tmp.dir" value="/workdir/hadoop-ozone/integration-test/target/tmp"/>
    <property name="java.library.path" value="/usr/lib/jvm/java-1.8-openjdk/jre/lib/amd64/server:/usr/lib/jvm/java-1.8-openjdk/jre/lib/amd64:/usr/lib/jvm/java-1.8-openjdk/jre/../lib/amd64:/workdir/hadoop-ozone/integration-test/target/native/target/usr/local/lib:/workdir/hadoop-ozone/integration-test/../../hadoop-common-project/hadoop-common/target/native/target/usr/local/lib:/usr/java/packages/lib/amd64:/usr/lib64:/lib64:/lib:/usr/lib"/>
    <property name="java.vm.info" value="mixed mode"/>
    <property name="java.vendor" value="IcedTea"/>
    <property name="java.vm.version" value="25.212-b04"/>
    <property name="java.ext.dirs" value="/usr/lib/jvm/java-1.8-openjdk/jre/lib/ext:/usr/java/packages/lib/ext"/>
    <property name="sun.io.unicode.encoding" value="UnicodeLittle"/>
    <property name="java.class.version" value="52.0"/>
  </properties>
  <testcase name="test2DatanodesFailure" classname="org.apache.hadoop.ozone.client.rpc.TestBlockOutputStreamWithFailures" time="107.374"/>
  <testcase name="testDatanodeFailureWithPreAllocation" classname="org.apache.hadoop.ozone.client.rpc.TestBlockOutputStreamWithFailures" time="225.296"/>
  <testcase name="testDatanodeFailureWithSingleNodeRatis" classname="org.apache.hadoop.ozone.client.rpc.TestBlockOutputStreamWithFailures" time="226.241"/>
  <testcase name="testWatchForCommitWithSingleNodeRatis" classname="org.apache.hadoop.ozone.client.rpc.TestBlockOutputStreamWithFailures" time="36.24"/>
  <testcase name="testWatchForCommitDatanodeFailure" classname="org.apache.hadoop.ozone.client.rpc.TestBlockOutputStreamWithFailures" time="44.142">
    <failure message="expected:&lt;2&gt; but was:&lt;3&gt;" type="java.lang.AssertionError"><![CDATA[java.lang.AssertionError: expected:<2> but was:<3>
	at org.junit.Assert.fail(Assert.java:88)
	at org.junit.Assert.failNotEquals(Assert.java:743)
	at org.junit.Assert.assertEquals(Assert.java:118)
	at org.junit.Assert.assertEquals(Assert.java:555)
	at org.junit.Assert.assertEquals(Assert.java:542)
	at org.apache.hadoop.ozone.client.rpc.TestBlockOutputStreamWithFailures.testWatchForCommitDatanodeFailure(TestBlockOutputStreamWithFailures.java:366)
	at sun.reflect.NativeMethodAccessorImpl.invoke0(Native Method)
	at sun.reflect.NativeMethodAccessorImpl.invoke(NativeMethodAccessorImpl.java:62)
	at sun.reflect.DelegatingMethodAccessorImpl.invoke(DelegatingMethodAccessorImpl.java:43)
	at java.lang.reflect.Method.invoke(Method.java:498)
	at org.junit.runners.model.FrameworkMethod$1.runReflectiveCall(FrameworkMethod.java:47)
	at org.junit.internal.runners.model.ReflectiveCallable.run(ReflectiveCallable.java:12)
	at org.junit.runners.model.FrameworkMethod.invokeExplosively(FrameworkMethod.java:44)
	at org.junit.internal.runners.statements.InvokeMethod.evaluate(InvokeMethod.java:17)
	at org.junit.internal.runners.statements.RunBefores.evaluate(RunBefores.java:26)
	at org.junit.internal.runners.statements.RunAfters.evaluate(RunAfters.java:27)
	at org.junit.runners.ParentRunner.runLeaf(ParentRunner.java:271)
	at org.junit.runners.BlockJUnit4ClassRunner.runChild(BlockJUnit4ClassRunner.java:70)
	at org.junit.runners.BlockJUnit4ClassRunner.runChild(BlockJUnit4ClassRunner.java:50)
	at org.junit.runners.ParentRunner$3.run(ParentRunner.java:238)
	at org.junit.runners.ParentRunner$1.schedule(ParentRunner.java:63)
	at org.junit.runners.ParentRunner.runChildren(ParentRunner.java:236)
	at org.junit.runners.ParentRunner.access$000(ParentRunner.java:53)
	at org.junit.runners.ParentRunner$2.evaluate(ParentRunner.java:229)
	at org.junit.runners.ParentRunner.run(ParentRunner.java:309)
	at org.apache.maven.surefire.junit4.JUnit4Provider.execute(JUnit4Provider.java:365)
	at org.apache.maven.surefire.junit4.JUnit4Provider.executeWithRerun(JUnit4Provider.java:273)
	at org.apache.maven.surefire.junit4.JUnit4Provider.executeTestSet(JUnit4Provider.java:238)
	at org.apache.maven.surefire.junit4.JUnit4Provider.invoke(JUnit4Provider.java:159)
	at org.apache.maven.surefire.booter.ForkedBooter.invokeProviderInSameClassLoader(ForkedBooter.java:384)
	at org.apache.maven.surefire.booter.ForkedBooter.runSuitesInProcess(ForkedBooter.java:345)
	at org.apache.maven.surefire.booter.ForkedBooter.execute(ForkedBooter.java:126)
	at org.apache.maven.surefire.booter.ForkedBooter.main(ForkedBooter.java:418)
]]></failure>
    <system-out><![CDATA[2019-08-29 08:13:40,501 [main] WARN  server.ServerUtils (ServerUtils.java:getScmDbDir(145)) - ozone.scm.db.dirs is not configured. We recommend adding this setting. Falling back to ozone.metadata.dirs instead.
2019-08-29 08:13:40,531 [main] WARN  server.ServerUtils (ServerUtils.java:getScmDbDir(145)) - ozone.scm.db.dirs is not configured. We recommend adding this setting. Falling back to ozone.metadata.dirs instead.
2019-08-29 08:13:40,531 [main] WARN  server.ServerUtils (ServerUtils.java:getScmDbDir(145)) - ozone.scm.db.dirs is not configured. We recommend adding this setting. Falling back to ozone.metadata.dirs instead.
2019-08-29 08:13:40,532 [main] INFO  db.DBStoreBuilder (DBStoreBuilder.java:addTable(110)) - using custom profile for table: deletedBlocks
2019-08-29 08:13:40,532 [main] INFO  db.DBStoreBuilder (DBStoreBuilder.java:processTables(161)) - Using default column profile:DBProfile.DISK for Table:deletedBlocks
2019-08-29 08:13:40,532 [main] INFO  db.DBStoreBuilder (DBStoreBuilder.java:addTable(110)) - using custom profile for table: validCerts
2019-08-29 08:13:40,532 [main] INFO  db.DBStoreBuilder (DBStoreBuilder.java:processTables(161)) - Using default column profile:DBProfile.DISK for Table:validCerts
2019-08-29 08:13:40,533 [main] INFO  db.DBStoreBuilder (DBStoreBuilder.java:addTable(110)) - using custom profile for table: revokedCerts
2019-08-29 08:13:40,533 [main] INFO  db.DBStoreBuilder (DBStoreBuilder.java:processTables(161)) - Using default column profile:DBProfile.DISK for Table:revokedCerts
2019-08-29 08:13:40,533 [main] INFO  db.DBStoreBuilder (DBStoreBuilder.java:addTable(110)) - using custom profile for table: default
2019-08-29 08:13:40,533 [main] INFO  db.DBStoreBuilder (DBStoreBuilder.java:processTables(167)) - Using default column profile:DBProfile.DISK for Table:default
2019-08-29 08:13:40,533 [main] INFO  db.DBStoreBuilder (DBStoreBuilder.java:getDbProfile(198)) - Using default options. DBProfile.DISK
2019-08-29 08:13:40,852 [main] INFO  net.NodeSchemaLoader (NodeSchemaLoader.java:loadSchemaFromFile(125)) - Loading file from sun.misc.CompoundEnumeration@2db0dd19
2019-08-29 08:13:40,852 [main] INFO  net.NodeSchemaLoader (NodeSchemaLoader.java:loadSchema(171)) - Loading network topology layer schema file
2019-08-29 08:13:40,857 [main] INFO  node.SCMNodeManager (SCMNodeManager.java:<init>(121)) - Entering startup safe mode.
2019-08-29 08:13:40,858 [main] INFO  algorithms.ContainerPlacementPolicyFactory (ContainerPlacementPolicyFactory.java:getPolicy(55)) - Create container placement policy of type org.apache.hadoop.hdds.scm.container.placement.algorithms.SCMContainerPlacementRandom
2019-08-29 08:13:40,858 [main] WARN  server.ServerUtils (ServerUtils.java:getScmDbDir(145)) - ozone.scm.db.dirs is not configured. We recommend adding this setting. Falling back to ozone.metadata.dirs instead.
2019-08-29 08:13:40,969 [main] INFO  pipeline.SCMPipelineManager (SCMPipelineManager.java:initializePipelineState(126)) - No pipeline exists in current db
2019-08-29 08:13:40,969 [main] WARN  server.ServerUtils (ServerUtils.java:getScmDbDir(145)) - ozone.scm.db.dirs is not configured. We recommend adding this setting. Falling back to ozone.metadata.dirs instead.
2019-08-29 08:13:41,116 [main] WARN  events.EventQueue (EventQueue.java:fireEvent(175)) - No event handler registered for event TypedEvent{payloadType=SafeModeStatus, name='SafeModeStatus'}
2019-08-29 08:13:41,117 [main] INFO  ipc.CallQueueManager (CallQueueManager.java:<init>(84)) - Using callQueue: class java.util.concurrent.LinkedBlockingQueue, queueCapacity: 2000, scheduler: class org.apache.hadoop.ipc.DefaultRpcScheduler, ipcBackoff: false.
2019-08-29 08:13:41,118 [Socket Reader #1 for port 42754] INFO  ipc.Server (Server.java:run(1074)) - Starting Socket Reader #1 for port 42754
2019-08-29 08:13:41,119 [main] INFO  ipc.CallQueueManager (CallQueueManager.java:<init>(84)) - Using callQueue: class java.util.concurrent.LinkedBlockingQueue, queueCapacity: 2000, scheduler: class org.apache.hadoop.ipc.DefaultRpcScheduler, ipcBackoff: false.
2019-08-29 08:13:41,120 [Socket Reader #1 for port 43245] INFO  ipc.Server (Server.java:run(1074)) - Starting Socket Reader #1 for port 43245
2019-08-29 08:13:41,121 [main] INFO  ipc.CallQueueManager (CallQueueManager.java:<init>(84)) - Using callQueue: class java.util.concurrent.LinkedBlockingQueue, queueCapacity: 2000, scheduler: class org.apache.hadoop.ipc.DefaultRpcScheduler, ipcBackoff: false.
2019-08-29 08:13:41,122 [Socket Reader #1 for port 44906] INFO  ipc.Server (Server.java:run(1074)) - Starting Socket Reader #1 for port 44906
2019-08-29 08:13:41,124 [main] INFO  hdfs.DFSUtil (DFSUtil.java:httpServerTemplateForNNAndJN(1641)) - Starting Web-server for scm at: http://0.0.0.0:0
2019-08-29 08:13:41,127 [main] INFO  server.AuthenticationFilter (AuthenticationFilter.java:constructSecretProvider(240)) - Unable to initialize FileSignerSecretProvider, falling back to use random secrets.
2019-08-29 08:13:41,128 [main] WARN  http.HttpRequestLog (HttpRequestLog.java:getRequestLog(97)) - Jetty request log can only be enabled using Log4j
2019-08-29 08:13:41,130 [main] INFO  http.HttpServer2 (HttpServer2.java:addGlobalFilter(975)) - Added global filter 'safety' (class=org.apache.hadoop.http.HttpServer2$QuotingInputFilter)
2019-08-29 08:13:41,131 [main] INFO  http.HttpServer2 (HttpServer2.java:addFilter(948)) - Added filter static_user_filter (class=org.apache.hadoop.http.lib.StaticUserWebFilter$StaticUserFilter) to context scm
2019-08-29 08:13:41,131 [main] INFO  http.HttpServer2 (HttpServer2.java:addFilter(958)) - Added filter static_user_filter (class=org.apache.hadoop.http.lib.StaticUserWebFilter$StaticUserFilter) to context static
2019-08-29 08:13:41,131 [main] INFO  http.HttpServer2 (HttpServer2.java:addFilter(958)) - Added filter static_user_filter (class=org.apache.hadoop.http.lib.StaticUserWebFilter$StaticUserFilter) to context logs
2019-08-29 08:13:41,133 [main] INFO  server.StorageContainerManager (StorageContainerManager.java:start(759)) - StorageContainerLocationProtocol RPC server is listening at /0.0.0.0:44906
2019-08-29 08:13:41,136 [main] WARN  impl.MetricsConfig (MetricsConfig.java:loadFirst(134)) - Cannot locate configuration: tried hadoop-metrics2-storagecontainermanager.properties,hadoop-metrics2.properties
2019-08-29 08:13:41,137 [main] INFO  impl.MetricsSystemImpl (MetricsSystemImpl.java:startTimer(374)) - Scheduled Metric snapshot period at 10 second(s).
2019-08-29 08:13:41,137 [main] INFO  impl.MetricsSystemImpl (MetricsSystemImpl.java:start(191)) - StorageContainerManager metrics system started
2019-08-29 08:13:41,218 [main] INFO  server.SCMClientProtocolServer (SCMClientProtocolServer.java:start(151)) - RPC server for Client  is listening at /0.0.0.0:44906
2019-08-29 08:13:41,219 [IPC Server Responder] INFO  ipc.Server (Server.java:run(1314)) - IPC Server Responder: starting
2019-08-29 08:13:41,219 [IPC Server listener on 44906] INFO  ipc.Server (Server.java:run(1153)) - IPC Server listener on 44906: starting
2019-08-29 08:13:41,222 [main] INFO  server.StorageContainerManager (StorageContainerManager.java:start(769)) - ScmBlockLocationProtocol RPC server is listening at /0.0.0.0:43245
2019-08-29 08:13:41,222 [main] INFO  server.SCMBlockProtocolServer (SCMBlockProtocolServer.java:start(140)) - RPC server for Block Protocol is listening at /0.0.0.0:43245
2019-08-29 08:13:41,223 [IPC Server Responder] INFO  ipc.Server (Server.java:run(1314)) - IPC Server Responder: starting
2019-08-29 08:13:41,223 [IPC Server listener on 43245] INFO  ipc.Server (Server.java:run(1153)) - IPC Server listener on 43245: starting
2019-08-29 08:13:41,226 [main] INFO  server.StorageContainerManager (StorageContainerManager.java:start(773)) - ScmDatanodeProtocl RPC server is listening at /0.0.0.0:42754
2019-08-29 08:13:41,226 [main] INFO  server.SCMDatanodeProtocolServer (SCMDatanodeProtocolServer.java:start(191)) - RPC server for DataNodes is listening at /0.0.0.0:42754
2019-08-29 08:13:41,227 [IPC Server Responder] INFO  ipc.Server (Server.java:run(1314)) - IPC Server Responder: starting
2019-08-29 08:13:41,227 [IPC Server listener on 42754] INFO  ipc.Server (Server.java:run(1153)) - IPC Server listener on 42754: starting
2019-08-29 08:13:41,230 [main] INFO  http.HttpServer2 (HttpServer2.java:bindListener(1191)) - Jetty bound to port 33343
2019-08-29 08:13:41,230 [main] INFO  server.Server (Server.java:doStart(351)) - jetty-9.3.24.v20180605, build timestamp: 2018-06-05T17:11:56Z, git hash: 84205aa28f11a4f31f2a3b86d1bba2cc8ab69827
2019-08-29 08:13:41,232 [main] INFO  handler.ContextHandler (ContextHandler.java:doStart(781)) - Started o.e.j.s.ServletContextHandler@12dd3501{/logs,file:///workdir/hadoop-ozone/integration-test/target/log,AVAILABLE}
2019-08-29 08:13:41,233 [main] INFO  handler.ContextHandler (ContextHandler.java:doStart(781)) - Started o.e.j.s.ServletContextHandler@650e6569{/static,file:///workdir/hadoop-ozone/integration-test/target/test-classes/webapps/static,AVAILABLE}
2019-08-29 08:13:41,240 [main] INFO  handler.ContextHandler (ContextHandler.java:doStart(781)) - Started o.e.j.w.WebAppContext@2be83e7e{/,file:///workdir/hadoop-ozone/integration-test/target/test-classes/webapps/scm/,AVAILABLE}{/scm}
2019-08-29 08:13:41,241 [main] INFO  server.AbstractConnector (AbstractConnector.java:doStart(278)) - Started ServerConnector@df0b348{HTTP/1.1,[http/1.1]}{0.0.0.0:33343}
2019-08-29 08:13:41,242 [main] INFO  server.Server (Server.java:doStart(419)) - Started @596515ms
2019-08-29 08:13:41,243 [main] INFO  server.BaseHttpServer (BaseHttpServer.java:updateConnectorAddress(213)) - HTTP server of SCM is listening at http://0.0.0.0:33343
2019-08-29 08:13:41,243 [main] WARN  server.ServerUtils (ServerUtils.java:getDBPath(222)) - ozone.om.db.dirs is not configured. We recommend adding this setting. Falling back to ozone.metadata.dirs instead.
2019-08-29 08:13:41,244 [org.apache.hadoop.util.JvmPauseMonitor$Monitor@72dc7f0a] INFO  util.JvmPauseMonitor (JvmPauseMonitor.java:run(188)) - Starting JVM pause monitor
2019-08-29 08:13:41,287 [main] WARN  server.ServerUtils (ServerUtils.java:getDBPath(222)) - ozone.om.db.dirs is not configured. We recommend adding this setting. Falling back to ozone.metadata.dirs instead.
2019-08-29 08:13:41,287 [main] WARN  server.ServerUtils (ServerUtils.java:getDBPath(222)) - ozone.om.db.dirs is not configured. We recommend adding this setting. Falling back to ozone.metadata.dirs instead.
2019-08-29 08:13:41,288 [main] INFO  om.OzoneManager (OzoneManager.java:setOMNodeDetails(645)) - OM Service ID is not set. Setting it to the default ID: omServiceIdDefault
2019-08-29 08:13:41,288 [main] INFO  om.OzoneManager (OzoneManager.java:setOMNodeDetails(651)) - OM Node ID is not set. Setting it to the OmStorage's OmID: aa62d859-6845-4994-97d2-66ab70c1987a
2019-08-29 08:13:41,288 [main] INFO  om.OzoneManager (OzoneManager.java:loadOMHAConfigs(602)) - Found matching OM address with OMServiceId: null, OMNodeId: null, RPC Address: localhost:0 and Ratis port: 9872
2019-08-29 08:13:41,292 | INFO  | SCMAudit | user=jenkins1000 | ip=192.168.69.111 | op=GET_SCM_INFO null | ret=SUCCESS |  
2019-08-29 08:13:41,294 [main] WARN  server.ServerUtils (ServerUtils.java:getDBPath(222)) - ozone.om.db.dirs is not configured. We recommend adding this setting. Falling back to ozone.metadata.dirs instead.
2019-08-29 08:13:41,295 [main] INFO  db.DBStoreBuilder (DBStoreBuilder.java:addTable(110)) - using custom profile for table: userTable
2019-08-29 08:13:41,295 [main] INFO  db.DBStoreBuilder (DBStoreBuilder.java:processTables(161)) - Using default column profile:DBProfile.DISK for Table:userTable
2019-08-29 08:13:41,295 [main] INFO  db.DBStoreBuilder (DBStoreBuilder.java:addTable(110)) - using custom profile for table: volumeTable
2019-08-29 08:13:41,295 [main] INFO  db.DBStoreBuilder (DBStoreBuilder.java:processTables(161)) - Using default column profile:DBProfile.DISK for Table:volumeTable
2019-08-29 08:13:41,296 [main] INFO  db.DBStoreBuilder (DBStoreBuilder.java:addTable(110)) - using custom profile for table: bucketTable
2019-08-29 08:13:41,296 [main] INFO  db.DBStoreBuilder (DBStoreBuilder.java:processTables(161)) - Using default column profile:DBProfile.DISK for Table:bucketTable
2019-08-29 08:13:41,296 [main] INFO  db.DBStoreBuilder (DBStoreBuilder.java:addTable(110)) - using custom profile for table: keyTable
2019-08-29 08:13:41,296 [main] INFO  db.DBStoreBuilder (DBStoreBuilder.java:processTables(161)) - Using default column profile:DBProfile.DISK for Table:keyTable
2019-08-29 08:13:41,296 [main] INFO  db.DBStoreBuilder (DBStoreBuilder.java:addTable(110)) - using custom profile for table: deletedTable
2019-08-29 08:13:41,297 [main] INFO  db.DBStoreBuilder (DBStoreBuilder.java:processTables(161)) - Using default column profile:DBProfile.DISK for Table:deletedTable
2019-08-29 08:13:41,297 [main] INFO  db.DBStoreBuilder (DBStoreBuilder.java:addTable(110)) - using custom profile for table: openKeyTable
2019-08-29 08:13:41,297 [main] INFO  db.DBStoreBuilder (DBStoreBuilder.java:processTables(161)) - Using default column profile:DBProfile.DISK for Table:openKeyTable
2019-08-29 08:13:41,297 [main] INFO  db.DBStoreBuilder (DBStoreBuilder.java:addTable(110)) - using custom profile for table: s3Table
2019-08-29 08:13:41,297 [main] INFO  db.DBStoreBuilder (DBStoreBuilder.java:processTables(161)) - Using default column profile:DBProfile.DISK for Table:s3Table
2019-08-29 08:13:41,298 [main] INFO  db.DBStoreBuilder (DBStoreBuilder.java:addTable(110)) - using custom profile for table: multipartInfoTable
2019-08-29 08:13:41,298 [main] INFO  db.DBStoreBuilder (DBStoreBuilder.java:processTables(161)) - Using default column profile:DBProfile.DISK for Table:multipartInfoTable
2019-08-29 08:13:41,298 [main] INFO  db.DBStoreBuilder (DBStoreBuilder.java:addTable(110)) - using custom profile for table: dTokenTable
2019-08-29 08:13:41,298 [main] INFO  db.DBStoreBuilder (DBStoreBuilder.java:processTables(161)) - Using default column profile:DBProfile.DISK for Table:dTokenTable
2019-08-29 08:13:41,299 [main] INFO  db.DBStoreBuilder (DBStoreBuilder.java:addTable(110)) - using custom profile for table: s3SecretTable
2019-08-29 08:13:41,299 [main] INFO  db.DBStoreBuilder (DBStoreBuilder.java:processTables(161)) - Using default column profile:DBProfile.DISK for Table:s3SecretTable
2019-08-29 08:13:41,299 [main] INFO  db.DBStoreBuilder (DBStoreBuilder.java:addTable(110)) - using custom profile for table: prefixTable
2019-08-29 08:13:41,299 [main] INFO  db.DBStoreBuilder (DBStoreBuilder.java:processTables(161)) - Using default column profile:DBProfile.DISK for Table:prefixTable
2019-08-29 08:13:41,300 [main] INFO  db.DBStoreBuilder (DBStoreBuilder.java:addTable(110)) - using custom profile for table: default
2019-08-29 08:13:41,300 [main] INFO  db.DBStoreBuilder (DBStoreBuilder.java:processTables(167)) - Using default column profile:DBProfile.DISK for Table:default
2019-08-29 08:13:41,300 [main] INFO  db.DBStoreBuilder (DBStoreBuilder.java:getDbProfile(198)) - Using default options. DBProfile.DISK
2019-08-29 08:13:42,220 [main] INFO  ipc.CallQueueManager (CallQueueManager.java:<init>(84)) - Using callQueue: class java.util.concurrent.LinkedBlockingQueue, queueCapacity: 2000, scheduler: class org.apache.hadoop.ipc.DefaultRpcScheduler, ipcBackoff: false.
2019-08-29 08:13:42,221 [Socket Reader #1 for port 40633] INFO  ipc.Server (Server.java:run(1074)) - Starting Socket Reader #1 for port 40633
2019-08-29 08:13:42,239 [main] INFO  om.OzoneManager (OzoneManager.java:start(1256)) - OzoneManager RPC server is listening at localhost/127.0.0.1:40633
2019-08-29 08:13:42,240 [main] INFO  impl.MetricsSystemImpl (MetricsSystemImpl.java:init(158)) - OzoneManager metrics system started (again)
2019-08-29 08:13:42,240 [IPC Server Responder] INFO  ipc.Server (Server.java:run(1314)) - IPC Server Responder: starting
2019-08-29 08:13:42,241 [IPC Server listener on 40633] INFO  ipc.Server (Server.java:run(1153)) - IPC Server listener on 40633: starting
2019-08-29 08:13:42,246 [main] INFO  hdfs.DFSUtil (DFSUtil.java:httpServerTemplateForNNAndJN(1641)) - Starting Web-server for ozoneManager at: http://0.0.0.0:0
2019-08-29 08:13:42,248 [main] INFO  server.AuthenticationFilter (AuthenticationFilter.java:constructSecretProvider(240)) - Unable to initialize FileSignerSecretProvider, falling back to use random secrets.
2019-08-29 08:13:42,249 [main] WARN  http.HttpRequestLog (HttpRequestLog.java:getRequestLog(97)) - Jetty request log can only be enabled using Log4j
2019-08-29 08:13:42,250 [main] INFO  http.HttpServer2 (HttpServer2.java:addGlobalFilter(975)) - Added global filter 'safety' (class=org.apache.hadoop.http.HttpServer2$QuotingInputFilter)
2019-08-29 08:13:42,251 [main] INFO  http.HttpServer2 (HttpServer2.java:addFilter(948)) - Added filter static_user_filter (class=org.apache.hadoop.http.lib.StaticUserWebFilter$StaticUserFilter) to context ozoneManager
2019-08-29 08:13:42,251 [main] INFO  http.HttpServer2 (HttpServer2.java:addFilter(958)) - Added filter static_user_filter (class=org.apache.hadoop.http.lib.StaticUserWebFilter$StaticUserFilter) to context logs
2019-08-29 08:13:42,251 [main] INFO  http.HttpServer2 (HttpServer2.java:addFilter(958)) - Added filter static_user_filter (class=org.apache.hadoop.http.lib.StaticUserWebFilter$StaticUserFilter) to context static
2019-08-29 08:13:42,252 [main] INFO  http.HttpServer2 (HttpServer2.java:bindListener(1191)) - Jetty bound to port 37540
2019-08-29 08:13:42,252 [main] INFO  server.Server (Server.java:doStart(351)) - jetty-9.3.24.v20180605, build timestamp: 2018-06-05T17:11:56Z, git hash: 84205aa28f11a4f31f2a3b86d1bba2cc8ab69827
2019-08-29 08:13:42,254 [main] INFO  handler.ContextHandler (ContextHandler.java:doStart(781)) - Started o.e.j.s.ServletContextHandler@2b3e2039{/logs,file:///workdir/hadoop-ozone/integration-test/target/log,AVAILABLE}
2019-08-29 08:13:42,254 [main] INFO  handler.ContextHandler (ContextHandler.java:doStart(781)) - Started o.e.j.s.ServletContextHandler@7ef570be{/static,file:///workdir/hadoop-ozone/integration-test/target/test-classes/webapps/static,AVAILABLE}
2019-08-29 08:13:42,259 [main] INFO  handler.ContextHandler (ContextHandler.java:doStart(781)) - Started o.e.j.w.WebAppContext@3dbcde0b{/,file:///workdir/hadoop-ozone/integration-test/target/test-classes/webapps/ozoneManager/,AVAILABLE}{/ozoneManager}
2019-08-29 08:13:42,259 [main] INFO  server.AbstractConnector (AbstractConnector.java:doStart(278)) - Started ServerConnector@5c168f98{HTTP/1.1,[http/1.1]}{0.0.0.0:37540}
2019-08-29 08:13:42,261 [main] INFO  server.Server (Server.java:doStart(419)) - Started @597534ms
2019-08-29 08:13:42,262 [main] INFO  server.BaseHttpServer (BaseHttpServer.java:updateConnectorAddress(213)) - HTTP server of OZONEMANAGER is listening at http://0.0.0.0:37540
2019-08-29 08:13:42,277 [main] INFO  impl.MetricsSystemImpl (MetricsSystemImpl.java:init(158)) - HddsDatanode metrics system started (again)
2019-08-29 08:13:42,279 [main] INFO  ozone.HddsDatanodeService (HddsDatanodeService.java:start(184)) - HddsDatanodeService host:pr-hdds-1569-g9zr9-4145101663 ip:192.168.69.111
2019-08-29 08:13:42,287 [main] INFO  volume.HddsVolume (HddsVolume.java:<init>(176)) - Creating Volume: /workdir/hadoop-ozone/integration-test/target/test-dir/MiniOzoneClusterImpl-8a7297db-6aa6-4f06-8934-9a0bed7f2088/datanode-0/data/containers/hdds of  storage type : DISK and capacity : 1482555576320
2019-08-29 08:13:42,288 [main] INFO  volume.VolumeSet (VolumeSet.java:initializeVolumeSet(170)) - Added Volume : /workdir/hadoop-ozone/integration-test/target/test-dir/MiniOzoneClusterImpl-8a7297db-6aa6-4f06-8934-9a0bed7f2088/datanode-0/data/containers/hdds to VolumeSet
2019-08-29 08:13:42,288 [main] INFO  volume.ThrottledAsyncChecker (ThrottledAsyncChecker.java:schedule(140)) - Scheduling a check for org.apache.hadoop.ozone.container.common.volume.HddsVolume@6345dc06
2019-08-29 08:13:42,290 [main] INFO  volume.HddsVolumeChecker (HddsVolumeChecker.java:checkAllVolumes(203)) - Scheduled health check for volume org.apache.hadoop.ozone.container.common.volume.HddsVolume@6345dc06
2019-08-29 08:13:42,308 [main] INFO  impl.RaftServerProxy (ConfUtils.java:logGet(43)) - raft.rpc.type = GRPC (default)
2019-08-29 08:13:42,308 [main] INFO  grpc.GrpcFactory (GrpcFactory.java:checkPooledByteBufAllocatorUseCacheForAllThreads(45)) - PERFORMANCE WARNING: useCacheForAllThreads is true that may cause Netty to create a lot garbage objects and, as a result, trigger GC.
	It is recommended to disable useCacheForAllThreads by setting -Dorg.apache.ratis.thirdparty.io.netty.allocator.useCacheForAllThreads=false in command line.
2019-08-29 08:13:42,308 [main] INFO  grpc.GrpcConfigKeys$Server (ConfUtils.java:logGet(43)) - raft.grpc.server.port = 0 (default)
2019-08-29 08:13:42,309 [main] INFO  server.GrpcService (ConfUtils.java:logGet(43)) - raft.grpc.message.size.max = 33570816 (custom)
2019-08-29 08:13:42,309 [main] INFO  server.RaftServerConfigKeys (ConfUtils.java:logGet(43)) - raft.server.log.appender.buffer.byte-limit = 33554432 (custom)
2019-08-29 08:13:42,309 [main] INFO  server.GrpcService (ConfUtils.java:logGet(43)) - raft.grpc.flow.control.window = 1MB (=1048576) (default)
2019-08-29 08:13:42,309 [main] INFO  server.RaftServerConfigKeys (ConfUtils.java:logGet(43)) - raft.server.rpc.request.timeout = 3000ms (default)
2019-08-29 08:13:42,310 [main] INFO  server.RaftServerConfigKeys (ConfUtils.java:logGet(43)) - raft.server.storage.dir = [/workdir/hadoop-ozone/integration-test/target/test-dir/MiniOzoneClusterImpl-8a7297db-6aa6-4f06-8934-9a0bed7f2088/datanode-0/data/ratis] (custom)
2019-08-29 08:13:42,310 [main] INFO  replication.SimpleContainerDownloader (SimpleContainerDownloader.java:<init>(72)) - Starting container downloader service to copy containers to replicate.
2019-08-29 08:13:42,311 [main] INFO  hdfs.DFSUtil (DFSUtil.java:httpServerTemplateForNNAndJN(1641)) - Starting Web-server for hddsDatanode at: http://0.0.0.0:0
2019-08-29 08:13:42,313 [main] INFO  server.AuthenticationFilter (AuthenticationFilter.java:constructSecretProvider(240)) - Unable to initialize FileSignerSecretProvider, falling back to use random secrets.
2019-08-29 08:13:42,313 [main] WARN  http.HttpRequestLog (HttpRequestLog.java:getRequestLog(97)) - Jetty request log can only be enabled using Log4j
2019-08-29 08:13:42,315 [main] INFO  http.HttpServer2 (HttpServer2.java:addGlobalFilter(975)) - Added global filter 'safety' (class=org.apache.hadoop.http.HttpServer2$QuotingInputFilter)
2019-08-29 08:13:42,315 [main] INFO  http.HttpServer2 (HttpServer2.java:addFilter(948)) - Added filter static_user_filter (class=org.apache.hadoop.http.lib.StaticUserWebFilter$StaticUserFilter) to context hddsDatanode
2019-08-29 08:13:42,315 [main] INFO  http.HttpServer2 (HttpServer2.java:addFilter(958)) - Added filter static_user_filter (class=org.apache.hadoop.http.lib.StaticUserWebFilter$StaticUserFilter) to context logs
2019-08-29 08:13:42,316 [main] INFO  http.HttpServer2 (HttpServer2.java:addFilter(958)) - Added filter static_user_filter (class=org.apache.hadoop.http.lib.StaticUserWebFilter$StaticUserFilter) to context static
2019-08-29 08:13:42,316 [main] INFO  http.HttpServer2 (HttpServer2.java:bindListener(1191)) - Jetty bound to port 42841
2019-08-29 08:13:42,316 [main] INFO  server.Server (Server.java:doStart(351)) - jetty-9.3.24.v20180605, build timestamp: 2018-06-05T17:11:56Z, git hash: 84205aa28f11a4f31f2a3b86d1bba2cc8ab69827
2019-08-29 08:13:42,318 [main] INFO  handler.ContextHandler (ContextHandler.java:doStart(781)) - Started o.e.j.s.ServletContextHandler@a703934{/logs,file:///workdir/hadoop-ozone/integration-test/target/log,AVAILABLE}
2019-08-29 08:13:42,318 [main] INFO  handler.ContextHandler (ContextHandler.java:doStart(781)) - Started o.e.j.s.ServletContextHandler@1c8da7e8{/static,jar:file:/home/user/.m2/repository/org/apache/hadoop/hadoop-hdds-container-service/0.5.0-SNAPSHOT/hadoop-hdds-container-service-0.5.0-SNAPSHOT.jar!/webapps/static,AVAILABLE}
2019-08-29 08:13:42,348 [main] INFO  handler.ContextHandler (ContextHandler.java:doStart(781)) - Started o.e.j.w.WebAppContext@6f959640{/,file:///tmp/jetty-0.0.0.0-42841-hddsDatanode-_-any-3515991805100228434.dir/webapp/,AVAILABLE}{/hddsDatanode}
2019-08-29 08:13:42,348 [main] INFO  server.AbstractConnector (AbstractConnector.java:doStart(278)) - Started ServerConnector@5fdebe73{HTTP/1.1,[http/1.1]}{0.0.0.0:42841}
2019-08-29 08:13:42,349 [main] INFO  server.Server (Server.java:doStart(419)) - Started @597623ms
2019-08-29 08:13:42,350 [main] INFO  server.BaseHttpServer (BaseHttpServer.java:updateConnectorAddress(213)) - HTTP server of HDDSDATANODE is listening at http://0.0.0.0:42841
2019-08-29 08:13:42,488 | INFO  | ObjectStoreRestHttpServer | Listening HDDS REST traffic on /0.0.0.0:42808 |  
2019-08-29 08:13:42,488 [main] INFO  ozone.HddsDatanodeService (HddsDatanodeService.java:startPlugins(395)) - Started plug-in org.apache.hadoop.ozone.web.OzoneHddsDatanodeService@bedebe9
2019-08-29 08:13:42,489 [main] INFO  impl.MetricsSystemImpl (MetricsSystemImpl.java:init(158)) - HddsDatanode metrics system started (again)
2019-08-29 08:13:42,491 [main] INFO  ozone.HddsDatanodeService (HddsDatanodeService.java:start(184)) - HddsDatanodeService host:pr-hdds-1569-g9zr9-4145101663 ip:192.168.69.111
2019-08-29 08:13:42,491 [org.apache.hadoop.util.JvmPauseMonitor$Monitor@7b05f1be] INFO  util.JvmPauseMonitor (JvmPauseMonitor.java:run(188)) - Starting JVM pause monitor
2019-08-29 08:13:42,492 [Datanode State Machine Thread - 0] INFO  datanode.InitDatanodeState (InitDatanodeState.java:persistContainerDatanodeDetails(140)) - DatanodeDetails is persisted to /workdir/hadoop-ozone/integration-test/target/test-dir/MiniOzoneClusterImpl-8a7297db-6aa6-4f06-8934-9a0bed7f2088/datanode-0/meta/datanode.id
2019-08-29 08:13:42,499 [main] INFO  volume.HddsVolume (HddsVolume.java:<init>(176)) - Creating Volume: /workdir/hadoop-ozone/integration-test/target/test-dir/MiniOzoneClusterImpl-8a7297db-6aa6-4f06-8934-9a0bed7f2088/datanode-1/data/containers/hdds of  storage type : DISK and capacity : 1482555576320
2019-08-29 08:13:42,499 [main] INFO  volume.VolumeSet (VolumeSet.java:initializeVolumeSet(170)) - Added Volume : /workdir/hadoop-ozone/integration-test/target/test-dir/MiniOzoneClusterImpl-8a7297db-6aa6-4f06-8934-9a0bed7f2088/datanode-1/data/containers/hdds to VolumeSet
2019-08-29 08:13:42,499 [main] INFO  volume.ThrottledAsyncChecker (ThrottledAsyncChecker.java:schedule(140)) - Scheduling a check for org.apache.hadoop.ozone.container.common.volume.HddsVolume@699fe19f
2019-08-29 08:13:42,499 [main] INFO  volume.HddsVolumeChecker (HddsVolumeChecker.java:checkAllVolumes(203)) - Scheduled health check for volume org.apache.hadoop.ozone.container.common.volume.HddsVolume@699fe19f
2019-08-29 08:13:42,512 [main] INFO  impl.RaftServerProxy (ConfUtils.java:logGet(43)) - raft.rpc.type = GRPC (default)
2019-08-29 08:13:42,513 [main] INFO  grpc.GrpcFactory (GrpcFactory.java:checkPooledByteBufAllocatorUseCacheForAllThreads(45)) - PERFORMANCE WARNING: useCacheForAllThreads is true that may cause Netty to create a lot garbage objects and, as a result, trigger GC.
	It is recommended to disable useCacheForAllThreads by setting -Dorg.apache.ratis.thirdparty.io.netty.allocator.useCacheForAllThreads=false in command line.
2019-08-29 08:13:42,513 [main] INFO  grpc.GrpcConfigKeys$Server (ConfUtils.java:logGet(43)) - raft.grpc.server.port = 0 (default)
2019-08-29 08:13:42,513 [main] INFO  server.GrpcService (ConfUtils.java:logGet(43)) - raft.grpc.message.size.max = 33570816 (custom)
2019-08-29 08:13:42,513 [main] INFO  server.RaftServerConfigKeys (ConfUtils.java:logGet(43)) - raft.server.log.appender.buffer.byte-limit = 33554432 (custom)
2019-08-29 08:13:42,513 [main] INFO  server.GrpcService (ConfUtils.java:logGet(43)) - raft.grpc.flow.control.window = 1MB (=1048576) (default)
2019-08-29 08:13:42,513 [main] INFO  server.RaftServerConfigKeys (ConfUtils.java:logGet(43)) - raft.server.rpc.request.timeout = 3000ms (default)
2019-08-29 08:13:42,514 [main] INFO  server.RaftServerConfigKeys (ConfUtils.java:logGet(43)) - raft.server.storage.dir = [/workdir/hadoop-ozone/integration-test/target/test-dir/MiniOzoneClusterImpl-8a7297db-6aa6-4f06-8934-9a0bed7f2088/datanode-1/data/ratis] (custom)
2019-08-29 08:13:42,514 [main] INFO  replication.SimpleContainerDownloader (SimpleContainerDownloader.java:<init>(72)) - Starting container downloader service to copy containers to replicate.
2019-08-29 08:13:42,515 [main] INFO  hdfs.DFSUtil (DFSUtil.java:httpServerTemplateForNNAndJN(1641)) - Starting Web-server for hddsDatanode at: http://0.0.0.0:0
2019-08-29 08:13:42,517 [main] INFO  server.AuthenticationFilter (AuthenticationFilter.java:constructSecretProvider(240)) - Unable to initialize FileSignerSecretProvider, falling back to use random secrets.
2019-08-29 08:13:42,518 [main] WARN  http.HttpRequestLog (HttpRequestLog.java:getRequestLog(97)) - Jetty request log can only be enabled using Log4j
2019-08-29 08:13:42,520 [main] INFO  http.HttpServer2 (HttpServer2.java:addGlobalFilter(975)) - Added global filter 'safety' (class=org.apache.hadoop.http.HttpServer2$QuotingInputFilter)
2019-08-29 08:13:42,521 [main] INFO  http.HttpServer2 (HttpServer2.java:addFilter(948)) - Added filter static_user_filter (class=org.apache.hadoop.http.lib.StaticUserWebFilter$StaticUserFilter) to context hddsDatanode
2019-08-29 08:13:42,521 [main] INFO  http.HttpServer2 (HttpServer2.java:addFilter(958)) - Added filter static_user_filter (class=org.apache.hadoop.http.lib.StaticUserWebFilter$StaticUserFilter) to context static
2019-08-29 08:13:42,521 [main] INFO  http.HttpServer2 (HttpServer2.java:addFilter(958)) - Added filter static_user_filter (class=org.apache.hadoop.http.lib.StaticUserWebFilter$StaticUserFilter) to context logs
2019-08-29 08:13:42,522 [main] INFO  http.HttpServer2 (HttpServer2.java:bindListener(1191)) - Jetty bound to port 42142
2019-08-29 08:13:42,523 [main] INFO  server.Server (Server.java:doStart(351)) - jetty-9.3.24.v20180605, build timestamp: 2018-06-05T17:11:56Z, git hash: 84205aa28f11a4f31f2a3b86d1bba2cc8ab69827
2019-08-29 08:13:42,525 [main] INFO  handler.ContextHandler (ContextHandler.java:doStart(781)) - Started o.e.j.s.ServletContextHandler@14d7a962{/logs,file:///workdir/hadoop-ozone/integration-test/target/log,AVAILABLE}
2019-08-29 08:13:42,525 [main] INFO  handler.ContextHandler (ContextHandler.java:doStart(781)) - Started o.e.j.s.ServletContextHandler@106e6dfe{/static,jar:file:/home/user/.m2/repository/org/apache/hadoop/hadoop-hdds-container-service/0.5.0-SNAPSHOT/hadoop-hdds-container-service-0.5.0-SNAPSHOT.jar!/webapps/static,AVAILABLE}
2019-08-29 08:13:42,562 [main] INFO  handler.ContextHandler (ContextHandler.java:doStart(781)) - Started o.e.j.w.WebAppContext@29f72685{/,file:///tmp/jetty-0.0.0.0-42142-hddsDatanode-_-any-7929072275148611496.dir/webapp/,AVAILABLE}{/hddsDatanode}
2019-08-29 08:13:42,563 [main] INFO  server.AbstractConnector (AbstractConnector.java:doStart(278)) - Started ServerConnector@4f8488ef{HTTP/1.1,[http/1.1]}{0.0.0.0:42142}
2019-08-29 08:13:42,564 [main] INFO  server.Server (Server.java:doStart(419)) - Started @597838ms
2019-08-29 08:13:42,565 [main] INFO  server.BaseHttpServer (BaseHttpServer.java:updateConnectorAddress(213)) - HTTP server of HDDSDATANODE is listening at http://0.0.0.0:42142
2019-08-29 08:13:43,032 | INFO  | ObjectStoreRestHttpServer | Listening HDDS REST traffic on /0.0.0.0:34864 |  
2019-08-29 08:13:43,033 [main] INFO  ozone.HddsDatanodeService (HddsDatanodeService.java:startPlugins(395)) - Started plug-in org.apache.hadoop.ozone.web.OzoneHddsDatanodeService@2c69ea30
2019-08-29 08:13:43,033 [main] INFO  impl.MetricsSystemImpl (MetricsSystemImpl.java:init(158)) - HddsDatanode metrics system started (again)
2019-08-29 08:13:43,036 [org.apache.hadoop.util.JvmPauseMonitor$Monitor@7960806c] INFO  util.JvmPauseMonitor (JvmPauseMonitor.java:run(188)) - Starting JVM pause monitor
2019-08-29 08:13:43,037 [main] INFO  ozone.HddsDatanodeService (HddsDatanodeService.java:start(184)) - HddsDatanodeService host:pr-hdds-1569-g9zr9-4145101663 ip:192.168.69.111
2019-08-29 08:13:43,039 [Datanode State Machine Thread - 0] INFO  datanode.InitDatanodeState (InitDatanodeState.java:persistContainerDatanodeDetails(140)) - DatanodeDetails is persisted to /workdir/hadoop-ozone/integration-test/target/test-dir/MiniOzoneClusterImpl-8a7297db-6aa6-4f06-8934-9a0bed7f2088/datanode-1/meta/datanode.id
2019-08-29 08:13:43,048 [main] INFO  volume.HddsVolume (HddsVolume.java:<init>(176)) - Creating Volume: /workdir/hadoop-ozone/integration-test/target/test-dir/MiniOzoneClusterImpl-8a7297db-6aa6-4f06-8934-9a0bed7f2088/datanode-2/data/containers/hdds of  storage type : DISK and capacity : 1482555576320
2019-08-29 08:13:43,048 [main] INFO  volume.VolumeSet (VolumeSet.java:initializeVolumeSet(170)) - Added Volume : /workdir/hadoop-ozone/integration-test/target/test-dir/MiniOzoneClusterImpl-8a7297db-6aa6-4f06-8934-9a0bed7f2088/datanode-2/data/containers/hdds to VolumeSet
2019-08-29 08:13:43,048 [main] INFO  volume.ThrottledAsyncChecker (ThrottledAsyncChecker.java:schedule(140)) - Scheduling a check for org.apache.hadoop.ozone.container.common.volume.HddsVolume@d9ff1cd
2019-08-29 08:13:43,049 [main] INFO  volume.HddsVolumeChecker (HddsVolumeChecker.java:checkAllVolumes(203)) - Scheduled health check for volume org.apache.hadoop.ozone.container.common.volume.HddsVolume@d9ff1cd
2019-08-29 08:13:43,065 [main] INFO  impl.RaftServerProxy (ConfUtils.java:logGet(43)) - raft.rpc.type = GRPC (default)
2019-08-29 08:13:43,065 [main] INFO  grpc.GrpcFactory (GrpcFactory.java:checkPooledByteBufAllocatorUseCacheForAllThreads(45)) - PERFORMANCE WARNING: useCacheForAllThreads is true that may cause Netty to create a lot garbage objects and, as a result, trigger GC.
	It is recommended to disable useCacheForAllThreads by setting -Dorg.apache.ratis.thirdparty.io.netty.allocator.useCacheForAllThreads=false in command line.
2019-08-29 08:13:43,066 [main] INFO  grpc.GrpcConfigKeys$Server (ConfUtils.java:logGet(43)) - raft.grpc.server.port = 0 (default)
2019-08-29 08:13:43,066 [main] INFO  server.GrpcService (ConfUtils.java:logGet(43)) - raft.grpc.message.size.max = 33570816 (custom)
2019-08-29 08:13:43,066 [main] INFO  server.RaftServerConfigKeys (ConfUtils.java:logGet(43)) - raft.server.log.appender.buffer.byte-limit = 33554432 (custom)
2019-08-29 08:13:43,066 [main] INFO  server.GrpcService (ConfUtils.java:logGet(43)) - raft.grpc.flow.control.window = 1MB (=1048576) (default)
2019-08-29 08:13:43,067 [main] INFO  server.RaftServerConfigKeys (ConfUtils.java:logGet(43)) - raft.server.rpc.request.timeout = 3000ms (default)
2019-08-29 08:13:43,067 [main] INFO  server.RaftServerConfigKeys (ConfUtils.java:logGet(43)) - raft.server.storage.dir = [/workdir/hadoop-ozone/integration-test/target/test-dir/MiniOzoneClusterImpl-8a7297db-6aa6-4f06-8934-9a0bed7f2088/datanode-2/data/ratis] (custom)
2019-08-29 08:13:43,068 [main] INFO  replication.SimpleContainerDownloader (SimpleContainerDownloader.java:<init>(72)) - Starting container downloader service to copy containers to replicate.
2019-08-29 08:13:43,070 [main] INFO  hdfs.DFSUtil (DFSUtil.java:httpServerTemplateForNNAndJN(1641)) - Starting Web-server for hddsDatanode at: http://0.0.0.0:0
2019-08-29 08:13:43,072 [main] INFO  server.AuthenticationFilter (AuthenticationFilter.java:constructSecretProvider(240)) - Unable to initialize FileSignerSecretProvider, falling back to use random secrets.
2019-08-29 08:13:43,073 [main] WARN  http.HttpRequestLog (HttpRequestLog.java:getRequestLog(97)) - Jetty request log can only be enabled using Log4j
2019-08-29 08:13:43,074 [main] INFO  http.HttpServer2 (HttpServer2.java:addGlobalFilter(975)) - Added global filter 'safety' (class=org.apache.hadoop.http.HttpServer2$QuotingInputFilter)
2019-08-29 08:13:43,075 [main] INFO  http.HttpServer2 (HttpServer2.java:addFilter(948)) - Added filter static_user_filter (class=org.apache.hadoop.http.lib.StaticUserWebFilter$StaticUserFilter) to context hddsDatanode
2019-08-29 08:13:43,075 [main] INFO  http.HttpServer2 (HttpServer2.java:addFilter(958)) - Added filter static_user_filter (class=org.apache.hadoop.http.lib.StaticUserWebFilter$StaticUserFilter) to context logs
2019-08-29 08:13:43,075 [main] INFO  http.HttpServer2 (HttpServer2.java:addFilter(958)) - Added filter static_user_filter (class=org.apache.hadoop.http.lib.StaticUserWebFilter$StaticUserFilter) to context static
2019-08-29 08:13:43,076 [main] INFO  http.HttpServer2 (HttpServer2.java:bindListener(1191)) - Jetty bound to port 44954
2019-08-29 08:13:43,076 [main] INFO  server.Server (Server.java:doStart(351)) - jetty-9.3.24.v20180605, build timestamp: 2018-06-05T17:11:56Z, git hash: 84205aa28f11a4f31f2a3b86d1bba2cc8ab69827
2019-08-29 08:13:43,078 [main] INFO  handler.ContextHandler (ContextHandler.java:doStart(781)) - Started o.e.j.s.ServletContextHandler@6d398b6c{/logs,file:///workdir/hadoop-ozone/integration-test/target/log,AVAILABLE}
2019-08-29 08:13:43,078 [main] INFO  handler.ContextHandler (ContextHandler.java:doStart(781)) - Started o.e.j.s.ServletContextHandler@46c5747f{/static,jar:file:/home/user/.m2/repository/org/apache/hadoop/hadoop-hdds-container-service/0.5.0-SNAPSHOT/hadoop-hdds-container-service-0.5.0-SNAPSHOT.jar!/webapps/static,AVAILABLE}
2019-08-29 08:13:43,113 [main] INFO  handler.ContextHandler (ContextHandler.java:doStart(781)) - Started o.e.j.w.WebAppContext@642693c2{/,file:///tmp/jetty-0.0.0.0-44954-hddsDatanode-_-any-6291535191117399394.dir/webapp/,AVAILABLE}{/hddsDatanode}
2019-08-29 08:13:43,114 [main] INFO  server.AbstractConnector (AbstractConnector.java:doStart(278)) - Started ServerConnector@63cff421{HTTP/1.1,[http/1.1]}{0.0.0.0:44954}
2019-08-29 08:13:43,116 [main] INFO  server.Server (Server.java:doStart(419)) - Started @598389ms
2019-08-29 08:13:43,117 [main] INFO  server.BaseHttpServer (BaseHttpServer.java:updateConnectorAddress(213)) - HTTP server of HDDSDATANODE is listening at http://0.0.0.0:44954
2019-08-29 08:13:43,260 | INFO  | ObjectStoreRestHttpServer | Listening HDDS REST traffic on /0.0.0.0:40717 |  
2019-08-29 08:13:43,260 [main] INFO  ozone.HddsDatanodeService (HddsDatanodeService.java:startPlugins(395)) - Started plug-in org.apache.hadoop.ozone.web.OzoneHddsDatanodeService@58b03882
2019-08-29 08:13:43,260 [main] INFO  impl.MetricsSystemImpl (MetricsSystemImpl.java:init(158)) - HddsDatanode metrics system started (again)
2019-08-29 08:13:43,261 [org.apache.hadoop.util.JvmPauseMonitor$Monitor@2470366d] INFO  util.JvmPauseMonitor (JvmPauseMonitor.java:run(188)) - Starting JVM pause monitor
2019-08-29 08:13:43,264 [main] INFO  ozone.HddsDatanodeService (HddsDatanodeService.java:start(184)) - HddsDatanodeService host:pr-hdds-1569-g9zr9-4145101663 ip:192.168.69.111
2019-08-29 08:13:43,265 [Datanode State Machine Thread - 0] INFO  datanode.InitDatanodeState (InitDatanodeState.java:persistContainerDatanodeDetails(140)) - DatanodeDetails is persisted to /workdir/hadoop-ozone/integration-test/target/test-dir/MiniOzoneClusterImpl-8a7297db-6aa6-4f06-8934-9a0bed7f2088/datanode-2/meta/datanode.id
2019-08-29 08:13:43,274 [main] INFO  volume.HddsVolume (HddsVolume.java:<init>(176)) - Creating Volume: /workdir/hadoop-ozone/integration-test/target/test-dir/MiniOzoneClusterImpl-8a7297db-6aa6-4f06-8934-9a0bed7f2088/datanode-3/data/containers/hdds of  storage type : DISK and capacity : 1482555576320
2019-08-29 08:13:43,275 [main] INFO  volume.VolumeSet (VolumeSet.java:initializeVolumeSet(170)) - Added Volume : /workdir/hadoop-ozone/integration-test/target/test-dir/MiniOzoneClusterImpl-8a7297db-6aa6-4f06-8934-9a0bed7f2088/datanode-3/data/containers/hdds to VolumeSet
2019-08-29 08:13:43,275 [main] INFO  volume.ThrottledAsyncChecker (ThrottledAsyncChecker.java:schedule(140)) - Scheduling a check for org.apache.hadoop.ozone.container.common.volume.HddsVolume@33e80a27
2019-08-29 08:13:43,275 [main] INFO  volume.HddsVolumeChecker (HddsVolumeChecker.java:checkAllVolumes(203)) - Scheduled health check for volume org.apache.hadoop.ozone.container.common.volume.HddsVolume@33e80a27
2019-08-29 08:13:43,293 [main] INFO  impl.RaftServerProxy (ConfUtils.java:logGet(43)) - raft.rpc.type = GRPC (default)
2019-08-29 08:13:43,293 [main] INFO  grpc.GrpcFactory (GrpcFactory.java:checkPooledByteBufAllocatorUseCacheForAllThreads(45)) - PERFORMANCE WARNING: useCacheForAllThreads is true that may cause Netty to create a lot garbage objects and, as a result, trigger GC.
	It is recommended to disable useCacheForAllThreads by setting -Dorg.apache.ratis.thirdparty.io.netty.allocator.useCacheForAllThreads=false in command line.
2019-08-29 08:13:43,293 [main] INFO  grpc.GrpcConfigKeys$Server (ConfUtils.java:logGet(43)) - raft.grpc.server.port = 0 (default)
2019-08-29 08:13:43,294 [main] INFO  server.GrpcService (ConfUtils.java:logGet(43)) - raft.grpc.message.size.max = 33570816 (custom)
2019-08-29 08:13:43,294 [main] INFO  server.RaftServerConfigKeys (ConfUtils.java:logGet(43)) - raft.server.log.appender.buffer.byte-limit = 33554432 (custom)
2019-08-29 08:13:43,294 [main] INFO  server.GrpcService (ConfUtils.java:logGet(43)) - raft.grpc.flow.control.window = 1MB (=1048576) (default)
2019-08-29 08:13:43,294 [main] INFO  server.RaftServerConfigKeys (ConfUtils.java:logGet(43)) - raft.server.rpc.request.timeout = 3000ms (default)
2019-08-29 08:13:43,295 [main] INFO  server.RaftServerConfigKeys (ConfUtils.java:logGet(43)) - raft.server.storage.dir = [/workdir/hadoop-ozone/integration-test/target/test-dir/MiniOzoneClusterImpl-8a7297db-6aa6-4f06-8934-9a0bed7f2088/datanode-3/data/ratis] (custom)
2019-08-29 08:13:43,295 [main] INFO  replication.SimpleContainerDownloader (SimpleContainerDownloader.java:<init>(72)) - Starting container downloader service to copy containers to replicate.
2019-08-29 08:13:43,296 [main] INFO  hdfs.DFSUtil (DFSUtil.java:httpServerTemplateForNNAndJN(1641)) - Starting Web-server for hddsDatanode at: http://0.0.0.0:0
2019-08-29 08:13:43,298 [main] INFO  server.AuthenticationFilter (AuthenticationFilter.java:constructSecretProvider(240)) - Unable to initialize FileSignerSecretProvider, falling back to use random secrets.
2019-08-29 08:13:43,299 [main] WARN  http.HttpRequestLog (HttpRequestLog.java:getRequestLog(97)) - Jetty request log can only be enabled using Log4j
2019-08-29 08:13:43,301 [main] INFO  http.HttpServer2 (HttpServer2.java:addGlobalFilter(975)) - Added global filter 'safety' (class=org.apache.hadoop.http.HttpServer2$QuotingInputFilter)
2019-08-29 08:13:43,302 [main] INFO  http.HttpServer2 (HttpServer2.java:addFilter(948)) - Added filter static_user_filter (class=org.apache.hadoop.http.lib.StaticUserWebFilter$StaticUserFilter) to context hddsDatanode
2019-08-29 08:13:43,302 [main] INFO  http.HttpServer2 (HttpServer2.java:addFilter(958)) - Added filter static_user_filter (class=org.apache.hadoop.http.lib.StaticUserWebFilter$StaticUserFilter) to context logs
2019-08-29 08:13:43,302 [main] INFO  http.HttpServer2 (HttpServer2.java:addFilter(958)) - Added filter static_user_filter (class=org.apache.hadoop.http.lib.StaticUserWebFilter$StaticUserFilter) to context static
2019-08-29 08:13:43,303 [main] INFO  http.HttpServer2 (HttpServer2.java:bindListener(1191)) - Jetty bound to port 41203
2019-08-29 08:13:43,303 [main] INFO  server.Server (Server.java:doStart(351)) - jetty-9.3.24.v20180605, build timestamp: 2018-06-05T17:11:56Z, git hash: 84205aa28f11a4f31f2a3b86d1bba2cc8ab69827
2019-08-29 08:13:43,305 [main] INFO  handler.ContextHandler (ContextHandler.java:doStart(781)) - Started o.e.j.s.ServletContextHandler@7e3b101b{/logs,file:///workdir/hadoop-ozone/integration-test/target/log,AVAILABLE}
2019-08-29 08:13:43,306 [main] INFO  handler.ContextHandler (ContextHandler.java:doStart(781)) - Started o.e.j.s.ServletContextHandler@4ca50bb9{/static,jar:file:/home/user/.m2/repository/org/apache/hadoop/hadoop-hdds-container-service/0.5.0-SNAPSHOT/hadoop-hdds-container-service-0.5.0-SNAPSHOT.jar!/webapps/static,AVAILABLE}
2019-08-29 08:13:43,354 [main] INFO  handler.ContextHandler (ContextHandler.java:doStart(781)) - Started o.e.j.w.WebAppContext@2c6ed95a{/,file:///tmp/jetty-0.0.0.0-41203-hddsDatanode-_-any-4024132938637629963.dir/webapp/,AVAILABLE}{/hddsDatanode}
2019-08-29 08:13:43,354 [main] INFO  server.AbstractConnector (AbstractConnector.java:doStart(278)) - Started ServerConnector@62b72289{HTTP/1.1,[http/1.1]}{0.0.0.0:41203}
2019-08-29 08:13:43,356 [main] INFO  server.Server (Server.java:doStart(419)) - Started @598630ms
2019-08-29 08:13:43,357 [main] INFO  server.BaseHttpServer (BaseHttpServer.java:updateConnectorAddress(213)) - HTTP server of HDDSDATANODE is listening at http://0.0.0.0:41203
2019-08-29 08:13:43,483 | INFO  | ObjectStoreRestHttpServer | Listening HDDS REST traffic on /0.0.0.0:43033 |  
2019-08-29 08:13:43,483 [main] INFO  ozone.HddsDatanodeService (HddsDatanodeService.java:startPlugins(395)) - Started plug-in org.apache.hadoop.ozone.web.OzoneHddsDatanodeService@29471e3e
2019-08-29 08:13:43,483 [main] INFO  impl.MetricsSystemImpl (MetricsSystemImpl.java:init(158)) - HddsDatanode metrics system started (again)
2019-08-29 08:13:43,486 [org.apache.hadoop.util.JvmPauseMonitor$Monitor@492fff92] INFO  util.JvmPauseMonitor (JvmPauseMonitor.java:run(188)) - Starting JVM pause monitor
2019-08-29 08:13:43,486 [main] INFO  ozone.HddsDatanodeService (HddsDatanodeService.java:start(184)) - HddsDatanodeService host:pr-hdds-1569-g9zr9-4145101663 ip:192.168.69.111
2019-08-29 08:13:43,487 [Datanode State Machine Thread - 0] INFO  datanode.InitDatanodeState (InitDatanodeState.java:persistContainerDatanodeDetails(140)) - DatanodeDetails is persisted to /workdir/hadoop-ozone/integration-test/target/test-dir/MiniOzoneClusterImpl-8a7297db-6aa6-4f06-8934-9a0bed7f2088/datanode-3/meta/datanode.id
2019-08-29 08:13:43,496 [main] INFO  volume.HddsVolume (HddsVolume.java:<init>(176)) - Creating Volume: /workdir/hadoop-ozone/integration-test/target/test-dir/MiniOzoneClusterImpl-8a7297db-6aa6-4f06-8934-9a0bed7f2088/datanode-4/data/containers/hdds of  storage type : DISK and capacity : 1482555576320
2019-08-29 08:13:43,496 [main] INFO  volume.VolumeSet (VolumeSet.java:initializeVolumeSet(170)) - Added Volume : /workdir/hadoop-ozone/integration-test/target/test-dir/MiniOzoneClusterImpl-8a7297db-6aa6-4f06-8934-9a0bed7f2088/datanode-4/data/containers/hdds to VolumeSet
2019-08-29 08:13:43,496 [main] INFO  volume.ThrottledAsyncChecker (ThrottledAsyncChecker.java:schedule(140)) - Scheduling a check for org.apache.hadoop.ozone.container.common.volume.HddsVolume@2940eec0
2019-08-29 08:13:43,497 [main] INFO  volume.HddsVolumeChecker (HddsVolumeChecker.java:checkAllVolumes(203)) - Scheduled health check for volume org.apache.hadoop.ozone.container.common.volume.HddsVolume@2940eec0
2019-08-29 08:13:43,515 [main] INFO  impl.RaftServerProxy (ConfUtils.java:logGet(43)) - raft.rpc.type = GRPC (default)
2019-08-29 08:13:43,515 [main] INFO  grpc.GrpcFactory (GrpcFactory.java:checkPooledByteBufAllocatorUseCacheForAllThreads(45)) - PERFORMANCE WARNING: useCacheForAllThreads is true that may cause Netty to create a lot garbage objects and, as a result, trigger GC.
	It is recommended to disable useCacheForAllThreads by setting -Dorg.apache.ratis.thirdparty.io.netty.allocator.useCacheForAllThreads=false in command line.
2019-08-29 08:13:43,516 [main] INFO  grpc.GrpcConfigKeys$Server (ConfUtils.java:logGet(43)) - raft.grpc.server.port = 0 (default)
2019-08-29 08:13:43,516 [main] INFO  server.GrpcService (ConfUtils.java:logGet(43)) - raft.grpc.message.size.max = 33570816 (custom)
2019-08-29 08:13:43,516 [main] INFO  server.RaftServerConfigKeys (ConfUtils.java:logGet(43)) - raft.server.log.appender.buffer.byte-limit = 33554432 (custom)
2019-08-29 08:13:43,516 [main] INFO  server.GrpcService (ConfUtils.java:logGet(43)) - raft.grpc.flow.control.window = 1MB (=1048576) (default)
2019-08-29 08:13:43,516 [main] INFO  server.RaftServerConfigKeys (ConfUtils.java:logGet(43)) - raft.server.rpc.request.timeout = 3000ms (default)
2019-08-29 08:13:43,517 [main] INFO  server.RaftServerConfigKeys (ConfUtils.java:logGet(43)) - raft.server.storage.dir = [/workdir/hadoop-ozone/integration-test/target/test-dir/MiniOzoneClusterImpl-8a7297db-6aa6-4f06-8934-9a0bed7f2088/datanode-4/data/ratis] (custom)
2019-08-29 08:13:43,517 [main] INFO  replication.SimpleContainerDownloader (SimpleContainerDownloader.java:<init>(72)) - Starting container downloader service to copy containers to replicate.
2019-08-29 08:13:43,518 [main] INFO  hdfs.DFSUtil (DFSUtil.java:httpServerTemplateForNNAndJN(1641)) - Starting Web-server for hddsDatanode at: http://0.0.0.0:0
2019-08-29 08:13:43,520 [main] INFO  server.AuthenticationFilter (AuthenticationFilter.java:constructSecretProvider(240)) - Unable to initialize FileSignerSecretProvider, falling back to use random secrets.
2019-08-29 08:13:43,520 [main] WARN  http.HttpRequestLog (HttpRequestLog.java:getRequestLog(97)) - Jetty request log can only be enabled using Log4j
2019-08-29 08:13:43,521 [main] INFO  http.HttpServer2 (HttpServer2.java:addGlobalFilter(975)) - Added global filter 'safety' (class=org.apache.hadoop.http.HttpServer2$QuotingInputFilter)
2019-08-29 08:13:43,522 [main] INFO  http.HttpServer2 (HttpServer2.java:addFilter(948)) - Added filter static_user_filter (class=org.apache.hadoop.http.lib.StaticUserWebFilter$StaticUserFilter) to context hddsDatanode
2019-08-29 08:13:43,522 [main] INFO  http.HttpServer2 (HttpServer2.java:addFilter(958)) - Added filter static_user_filter (class=org.apache.hadoop.http.lib.StaticUserWebFilter$StaticUserFilter) to context logs
2019-08-29 08:13:43,522 [main] INFO  http.HttpServer2 (HttpServer2.java:addFilter(958)) - Added filter static_user_filter (class=org.apache.hadoop.http.lib.StaticUserWebFilter$StaticUserFilter) to context static
2019-08-29 08:13:43,523 [main] INFO  http.HttpServer2 (HttpServer2.java:bindListener(1191)) - Jetty bound to port 38755
2019-08-29 08:13:43,523 [main] INFO  server.Server (Server.java:doStart(351)) - jetty-9.3.24.v20180605, build timestamp: 2018-06-05T17:11:56Z, git hash: 84205aa28f11a4f31f2a3b86d1bba2cc8ab69827
2019-08-29 08:13:43,524 [main] INFO  handler.ContextHandler (ContextHandler.java:doStart(781)) - Started o.e.j.s.ServletContextHandler@6789b471{/logs,file:///workdir/hadoop-ozone/integration-test/target/log,AVAILABLE}
2019-08-29 08:13:43,525 [main] INFO  handler.ContextHandler (ContextHandler.java:doStart(781)) - Started o.e.j.s.ServletContextHandler@30f0b75{/static,jar:file:/home/user/.m2/repository/org/apache/hadoop/hadoop-hdds-container-service/0.5.0-SNAPSHOT/hadoop-hdds-container-service-0.5.0-SNAPSHOT.jar!/webapps/static,AVAILABLE}
2019-08-29 08:13:43,552 [main] INFO  handler.ContextHandler (ContextHandler.java:doStart(781)) - Started o.e.j.w.WebAppContext@3d7d920b{/,file:///tmp/jetty-0.0.0.0-38755-hddsDatanode-_-any-1120552772598941305.dir/webapp/,AVAILABLE}{/hddsDatanode}
2019-08-29 08:13:43,553 [main] INFO  server.AbstractConnector (AbstractConnector.java:doStart(278)) - Started ServerConnector@628190ec{HTTP/1.1,[http/1.1]}{0.0.0.0:38755}
2019-08-29 08:13:43,554 [main] INFO  server.Server (Server.java:doStart(419)) - Started @598828ms
2019-08-29 08:13:43,555 [main] INFO  server.BaseHttpServer (BaseHttpServer.java:updateConnectorAddress(213)) - HTTP server of HDDSDATANODE is listening at http://0.0.0.0:38755
2019-08-29 08:13:43,676 | INFO  | ObjectStoreRestHttpServer | Listening HDDS REST traffic on /0.0.0.0:40020 |  
2019-08-29 08:13:43,676 [main] INFO  ozone.HddsDatanodeService (HddsDatanodeService.java:startPlugins(395)) - Started plug-in org.apache.hadoop.ozone.web.OzoneHddsDatanodeService@6dabad5c
2019-08-29 08:13:43,676 [main] INFO  impl.MetricsSystemImpl (MetricsSystemImpl.java:init(158)) - HddsDatanode metrics system started (again)
2019-08-29 08:13:43,679 [org.apache.hadoop.util.JvmPauseMonitor$Monitor@5fbf1b14] INFO  util.JvmPauseMonitor (JvmPauseMonitor.java:run(188)) - Starting JVM pause monitor
2019-08-29 08:13:43,679 [main] INFO  ozone.HddsDatanodeService (HddsDatanodeService.java:start(184)) - HddsDatanodeService host:pr-hdds-1569-g9zr9-4145101663 ip:192.168.69.111
2019-08-29 08:13:43,680 [Datanode State Machine Thread - 0] INFO  datanode.InitDatanodeState (InitDatanodeState.java:persistContainerDatanodeDetails(140)) - DatanodeDetails is persisted to /workdir/hadoop-ozone/integration-test/target/test-dir/MiniOzoneClusterImpl-8a7297db-6aa6-4f06-8934-9a0bed7f2088/datanode-4/meta/datanode.id
2019-08-29 08:13:43,687 [main] INFO  volume.HddsVolume (HddsVolume.java:<init>(176)) - Creating Volume: /workdir/hadoop-ozone/integration-test/target/test-dir/MiniOzoneClusterImpl-8a7297db-6aa6-4f06-8934-9a0bed7f2088/datanode-5/data/containers/hdds of  storage type : DISK and capacity : 1482555576320
2019-08-29 08:13:43,688 [main] INFO  volume.VolumeSet (VolumeSet.java:initializeVolumeSet(170)) - Added Volume : /workdir/hadoop-ozone/integration-test/target/test-dir/MiniOzoneClusterImpl-8a7297db-6aa6-4f06-8934-9a0bed7f2088/datanode-5/data/containers/hdds to VolumeSet
2019-08-29 08:13:43,688 [main] INFO  volume.ThrottledAsyncChecker (ThrottledAsyncChecker.java:schedule(140)) - Scheduling a check for org.apache.hadoop.ozone.container.common.volume.HddsVolume@353ac1ef
2019-08-29 08:13:43,688 [main] INFO  volume.HddsVolumeChecker (HddsVolumeChecker.java:checkAllVolumes(203)) - Scheduled health check for volume org.apache.hadoop.ozone.container.common.volume.HddsVolume@353ac1ef
2019-08-29 08:13:43,704 [main] INFO  impl.RaftServerProxy (ConfUtils.java:logGet(43)) - raft.rpc.type = GRPC (default)
2019-08-29 08:13:43,705 [main] INFO  grpc.GrpcFactory (GrpcFactory.java:checkPooledByteBufAllocatorUseCacheForAllThreads(45)) - PERFORMANCE WARNING: useCacheForAllThreads is true that may cause Netty to create a lot garbage objects and, as a result, trigger GC.
	It is recommended to disable useCacheForAllThreads by setting -Dorg.apache.ratis.thirdparty.io.netty.allocator.useCacheForAllThreads=false in command line.
2019-08-29 08:13:43,705 [main] INFO  grpc.GrpcConfigKeys$Server (ConfUtils.java:logGet(43)) - raft.grpc.server.port = 0 (default)
2019-08-29 08:13:43,705 [main] INFO  server.GrpcService (ConfUtils.java:logGet(43)) - raft.grpc.message.size.max = 33570816 (custom)
2019-08-29 08:13:43,706 [main] INFO  server.RaftServerConfigKeys (ConfUtils.java:logGet(43)) - raft.server.log.appender.buffer.byte-limit = 33554432 (custom)
2019-08-29 08:13:43,706 [main] INFO  server.GrpcService (ConfUtils.java:logGet(43)) - raft.grpc.flow.control.window = 1MB (=1048576) (default)
2019-08-29 08:13:43,706 [main] INFO  server.RaftServerConfigKeys (ConfUtils.java:logGet(43)) - raft.server.rpc.request.timeout = 3000ms (default)
2019-08-29 08:13:43,706 [main] INFO  server.RaftServerConfigKeys (ConfUtils.java:logGet(43)) - raft.server.storage.dir = [/workdir/hadoop-ozone/integration-test/target/test-dir/MiniOzoneClusterImpl-8a7297db-6aa6-4f06-8934-9a0bed7f2088/datanode-5/data/ratis] (custom)
2019-08-29 08:13:43,707 [main] INFO  replication.SimpleContainerDownloader (SimpleContainerDownloader.java:<init>(72)) - Starting container downloader service to copy containers to replicate.
2019-08-29 08:13:43,708 [main] INFO  hdfs.DFSUtil (DFSUtil.java:httpServerTemplateForNNAndJN(1641)) - Starting Web-server for hddsDatanode at: http://0.0.0.0:0
2019-08-29 08:13:43,709 [main] INFO  server.AuthenticationFilter (AuthenticationFilter.java:constructSecretProvider(240)) - Unable to initialize FileSignerSecretProvider, falling back to use random secrets.
2019-08-29 08:13:43,710 [main] WARN  http.HttpRequestLog (HttpRequestLog.java:getRequestLog(97)) - Jetty request log can only be enabled using Log4j
2019-08-29 08:13:43,711 [main] INFO  http.HttpServer2 (HttpServer2.java:addGlobalFilter(975)) - Added global filter 'safety' (class=org.apache.hadoop.http.HttpServer2$QuotingInputFilter)
2019-08-29 08:13:43,711 [main] INFO  http.HttpServer2 (HttpServer2.java:addFilter(948)) - Added filter static_user_filter (class=org.apache.hadoop.http.lib.StaticUserWebFilter$StaticUserFilter) to context hddsDatanode
2019-08-29 08:13:43,711 [main] INFO  http.HttpServer2 (HttpServer2.java:addFilter(958)) - Added filter static_user_filter (class=org.apache.hadoop.http.lib.StaticUserWebFilter$StaticUserFilter) to context static
2019-08-29 08:13:43,712 [main] INFO  http.HttpServer2 (HttpServer2.java:addFilter(958)) - Added filter static_user_filter (class=org.apache.hadoop.http.lib.StaticUserWebFilter$StaticUserFilter) to context logs
2019-08-29 08:13:43,712 [main] INFO  http.HttpServer2 (HttpServer2.java:bindListener(1191)) - Jetty bound to port 39439
2019-08-29 08:13:43,712 [main] INFO  server.Server (Server.java:doStart(351)) - jetty-9.3.24.v20180605, build timestamp: 2018-06-05T17:11:56Z, git hash: 84205aa28f11a4f31f2a3b86d1bba2cc8ab69827
2019-08-29 08:13:43,714 [main] INFO  handler.ContextHandler (ContextHandler.java:doStart(781)) - Started o.e.j.s.ServletContextHandler@2083bcfd{/logs,file:///workdir/hadoop-ozone/integration-test/target/log,AVAILABLE}
2019-08-29 08:13:43,714 [main] INFO  handler.ContextHandler (ContextHandler.java:doStart(781)) - Started o.e.j.s.ServletContextHandler@58885a2e{/static,jar:file:/home/user/.m2/repository/org/apache/hadoop/hadoop-hdds-container-service/0.5.0-SNAPSHOT/hadoop-hdds-container-service-0.5.0-SNAPSHOT.jar!/webapps/static,AVAILABLE}
2019-08-29 08:13:43,742 [main] INFO  handler.ContextHandler (ContextHandler.java:doStart(781)) - Started o.e.j.w.WebAppContext@4ceac22d{/,file:///tmp/jetty-0.0.0.0-39439-hddsDatanode-_-any-8014973118717210830.dir/webapp/,AVAILABLE}{/hddsDatanode}
2019-08-29 08:13:43,743 [main] INFO  server.AbstractConnector (AbstractConnector.java:doStart(278)) - Started ServerConnector@598f065f{HTTP/1.1,[http/1.1]}{0.0.0.0:39439}
2019-08-29 08:13:43,745 [main] INFO  server.Server (Server.java:doStart(419)) - Started @599018ms
2019-08-29 08:13:43,745 [main] INFO  server.BaseHttpServer (BaseHttpServer.java:updateConnectorAddress(213)) - HTTP server of HDDSDATANODE is listening at http://0.0.0.0:39439
2019-08-29 08:13:43,888 | INFO  | ObjectStoreRestHttpServer | Listening HDDS REST traffic on /0.0.0.0:33988 |  
2019-08-29 08:13:43,888 [main] INFO  ozone.HddsDatanodeService (HddsDatanodeService.java:startPlugins(395)) - Started plug-in org.apache.hadoop.ozone.web.OzoneHddsDatanodeService@5c452e69
2019-08-29 08:13:43,888 [main] INFO  impl.MetricsSystemImpl (MetricsSystemImpl.java:init(158)) - HddsDatanode metrics system started (again)
2019-08-29 08:13:43,892 [org.apache.hadoop.util.JvmPauseMonitor$Monitor@56bf7b17] INFO  util.JvmPauseMonitor (JvmPauseMonitor.java:run(188)) - Starting JVM pause monitor
2019-08-29 08:13:43,892 [main] INFO  ozone.HddsDatanodeService (HddsDatanodeService.java:start(184)) - HddsDatanodeService host:pr-hdds-1569-g9zr9-4145101663 ip:192.168.69.111
2019-08-29 08:13:43,893 [Datanode State Machine Thread - 0] INFO  datanode.InitDatanodeState (InitDatanodeState.java:persistContainerDatanodeDetails(140)) - DatanodeDetails is persisted to /workdir/hadoop-ozone/integration-test/target/test-dir/MiniOzoneClusterImpl-8a7297db-6aa6-4f06-8934-9a0bed7f2088/datanode-5/meta/datanode.id
2019-08-29 08:13:43,900 [main] INFO  volume.HddsVolume (HddsVolume.java:<init>(176)) - Creating Volume: /workdir/hadoop-ozone/integration-test/target/test-dir/MiniOzoneClusterImpl-8a7297db-6aa6-4f06-8934-9a0bed7f2088/datanode-6/data/containers/hdds of  storage type : DISK and capacity : 1482555576320
2019-08-29 08:13:43,900 [main] INFO  volume.VolumeSet (VolumeSet.java:initializeVolumeSet(170)) - Added Volume : /workdir/hadoop-ozone/integration-test/target/test-dir/MiniOzoneClusterImpl-8a7297db-6aa6-4f06-8934-9a0bed7f2088/datanode-6/data/containers/hdds to VolumeSet
2019-08-29 08:13:43,901 [main] INFO  volume.ThrottledAsyncChecker (ThrottledAsyncChecker.java:schedule(140)) - Scheduling a check for org.apache.hadoop.ozone.container.common.volume.HddsVolume@2380e8d4
2019-08-29 08:13:43,901 [main] INFO  volume.HddsVolumeChecker (HddsVolumeChecker.java:checkAllVolumes(203)) - Scheduled health check for volume org.apache.hadoop.ozone.container.common.volume.HddsVolume@2380e8d4
2019-08-29 08:13:43,920 [main] INFO  impl.RaftServerProxy (ConfUtils.java:logGet(43)) - raft.rpc.type = GRPC (default)
2019-08-29 08:13:43,920 [main] INFO  grpc.GrpcFactory (GrpcFactory.java:checkPooledByteBufAllocatorUseCacheForAllThreads(45)) - PERFORMANCE WARNING: useCacheForAllThreads is true that may cause Netty to create a lot garbage objects and, as a result, trigger GC.
	It is recommended to disable useCacheForAllThreads by setting -Dorg.apache.ratis.thirdparty.io.netty.allocator.useCacheForAllThreads=false in command line.
2019-08-29 08:13:43,920 [main] INFO  grpc.GrpcConfigKeys$Server (ConfUtils.java:logGet(43)) - raft.grpc.server.port = 0 (default)
2019-08-29 08:13:43,921 [main] INFO  server.GrpcService (ConfUtils.java:logGet(43)) - raft.grpc.message.size.max = 33570816 (custom)
2019-08-29 08:13:43,921 [main] INFO  server.RaftServerConfigKeys (ConfUtils.java:logGet(43)) - raft.server.log.appender.buffer.byte-limit = 33554432 (custom)
2019-08-29 08:13:43,921 [main] INFO  server.GrpcService (ConfUtils.java:logGet(43)) - raft.grpc.flow.control.window = 1MB (=1048576) (default)
2019-08-29 08:13:43,921 [main] INFO  server.RaftServerConfigKeys (ConfUtils.java:logGet(43)) - raft.server.rpc.request.timeout = 3000ms (default)
2019-08-29 08:13:43,922 [main] INFO  server.RaftServerConfigKeys (ConfUtils.java:logGet(43)) - raft.server.storage.dir = [/workdir/hadoop-ozone/integration-test/target/test-dir/MiniOzoneClusterImpl-8a7297db-6aa6-4f06-8934-9a0bed7f2088/datanode-6/data/ratis] (custom)
2019-08-29 08:13:43,922 [main] INFO  replication.SimpleContainerDownloader (SimpleContainerDownloader.java:<init>(72)) - Starting container downloader service to copy containers to replicate.
2019-08-29 08:13:43,923 [main] INFO  hdfs.DFSUtil (DFSUtil.java:httpServerTemplateForNNAndJN(1641)) - Starting Web-server for hddsDatanode at: http://0.0.0.0:0
2019-08-29 08:13:43,925 [main] INFO  server.AuthenticationFilter (AuthenticationFilter.java:constructSecretProvider(240)) - Unable to initialize FileSignerSecretProvider, falling back to use random secrets.
2019-08-29 08:13:43,925 [main] WARN  http.HttpRequestLog (HttpRequestLog.java:getRequestLog(97)) - Jetty request log can only be enabled using Log4j
2019-08-29 08:13:43,927 [main] INFO  http.HttpServer2 (HttpServer2.java:addGlobalFilter(975)) - Added global filter 'safety' (class=org.apache.hadoop.http.HttpServer2$QuotingInputFilter)
2019-08-29 08:13:43,927 [main] INFO  http.HttpServer2 (HttpServer2.java:addFilter(948)) - Added filter static_user_filter (class=org.apache.hadoop.http.lib.StaticUserWebFilter$StaticUserFilter) to context hddsDatanode
2019-08-29 08:13:43,928 [main] INFO  http.HttpServer2 (HttpServer2.java:addFilter(958)) - Added filter static_user_filter (class=org.apache.hadoop.http.lib.StaticUserWebFilter$StaticUserFilter) to context static
2019-08-29 08:13:43,928 [main] INFO  http.HttpServer2 (HttpServer2.java:addFilter(958)) - Added filter static_user_filter (class=org.apache.hadoop.http.lib.StaticUserWebFilter$StaticUserFilter) to context logs
2019-08-29 08:13:43,929 [main] INFO  http.HttpServer2 (HttpServer2.java:bindListener(1191)) - Jetty bound to port 35526
2019-08-29 08:13:43,929 [main] INFO  server.Server (Server.java:doStart(351)) - jetty-9.3.24.v20180605, build timestamp: 2018-06-05T17:11:56Z, git hash: 84205aa28f11a4f31f2a3b86d1bba2cc8ab69827
2019-08-29 08:13:43,930 [main] INFO  handler.ContextHandler (ContextHandler.java:doStart(781)) - Started o.e.j.s.ServletContextHandler@122bfaac{/logs,file:///workdir/hadoop-ozone/integration-test/target/log,AVAILABLE}
2019-08-29 08:13:43,931 [main] INFO  handler.ContextHandler (ContextHandler.java:doStart(781)) - Started o.e.j.s.ServletContextHandler@67954d71{/static,jar:file:/home/user/.m2/repository/org/apache/hadoop/hadoop-hdds-container-service/0.5.0-SNAPSHOT/hadoop-hdds-container-service-0.5.0-SNAPSHOT.jar!/webapps/static,AVAILABLE}
2019-08-29 08:13:43,967 [main] INFO  handler.ContextHandler (ContextHandler.java:doStart(781)) - Started o.e.j.w.WebAppContext@4ed7fb78{/,file:///tmp/jetty-0.0.0.0-35526-hddsDatanode-_-any-7527430212028846032.dir/webapp/,AVAILABLE}{/hddsDatanode}
2019-08-29 08:13:43,967 [main] INFO  server.AbstractConnector (AbstractConnector.java:doStart(278)) - Started ServerConnector@393b99d{HTTP/1.1,[http/1.1]}{0.0.0.0:35526}
2019-08-29 08:13:43,971 [main] INFO  server.Server (Server.java:doStart(419)) - Started @599245ms
2019-08-29 08:13:43,972 [main] INFO  server.BaseHttpServer (BaseHttpServer.java:updateConnectorAddress(213)) - HTTP server of HDDSDATANODE is listening at http://0.0.0.0:35526
2019-08-29 08:13:44,089 | INFO  | ObjectStoreRestHttpServer | Listening HDDS REST traffic on /0.0.0.0:34867 |  
2019-08-29 08:13:44,089 [main] INFO  ozone.HddsDatanodeService (HddsDatanodeService.java:startPlugins(395)) - Started plug-in org.apache.hadoop.ozone.web.OzoneHddsDatanodeService@5113ab26
2019-08-29 08:13:44,089 [main] INFO  ozone.MiniOzoneClusterImpl (MiniOzoneClusterImpl.java:lambda$waitForClusterToBeReady$0(142)) - Waiting for cluster to be ready. Got 0 of 7 DN Heartbeats.
2019-08-29 08:13:44,091 [org.apache.hadoop.util.JvmPauseMonitor$Monitor@2ff2c562] INFO  util.JvmPauseMonitor (JvmPauseMonitor.java:run(188)) - Starting JVM pause monitor
2019-08-29 08:13:44,092 [Datanode State Machine Thread - 0] INFO  datanode.InitDatanodeState (InitDatanodeState.java:persistContainerDatanodeDetails(140)) - DatanodeDetails is persisted to /workdir/hadoop-ozone/integration-test/target/test-dir/MiniOzoneClusterImpl-8a7297db-6aa6-4f06-8934-9a0bed7f2088/datanode-6/meta/datanode.id
2019-08-29 08:13:44,495 | INFO  | SCMAudit | user=jenkins1000 | ip=192.168.69.111 | op=GET_VERSION null | ret=SUCCESS |  
2019-08-29 08:13:44,522 [Datanode State Machine Thread - 0] INFO  ozoneimpl.OzoneContainer (OzoneContainer.java:start(186)) - Attempting to start container services.
2019-08-29 08:13:44,522 [Datanode State Machine Thread - 0] INFO  ozoneimpl.OzoneContainer (OzoneContainer.java:startContainerScrub(160)) - Background container scrubber has been disabled by hdds.containerscrub.enabled
2019-08-29 08:13:44,523 [Datanode State Machine Thread - 0] INFO  ratis.XceiverServerRatis (XceiverServerRatis.java:start(404)) - Starting XceiverServerRatis d29b9d15-d66c-42ad-b472-380f28d40a83 at port 0
2019-08-29 08:13:44,529 [Datanode State Machine Thread - 0] INFO  impl.RaftServerProxy (RaftServerProxy.java:lambda$start$3(299)) - d29b9d15-d66c-42ad-b472-380f28d40a83: start RPC server
2019-08-29 08:13:44,530 [Datanode State Machine Thread - 0] INFO  server.GrpcService (GrpcService.java:startImpl(149)) - d29b9d15-d66c-42ad-b472-380f28d40a83: GrpcService started, listening on 0.0.0.0/0.0.0.0:36178
2019-08-29 08:13:44,531 [Datanode State Machine Thread - 0] INFO  ratis.XceiverServerRatis (XceiverServerRatis.java:start(414)) - XceiverServerRatis d29b9d15-d66c-42ad-b472-380f28d40a83 is started using port 36178
2019-08-29 08:13:44,531 [Datanode State Machine Thread - 0] INFO  server.XceiverServerGrpc (XceiverServerGrpc.java:start(163)) - XceiverServerGrpc d29b9d15-d66c-42ad-b472-380f28d40a83 is started using port 38978
2019-08-29 08:13:45,038 | INFO  | SCMAudit | user=jenkins1000 | ip=192.168.69.111 | op=GET_VERSION null | ret=SUCCESS |  
2019-08-29 08:13:45,055 [Datanode State Machine Thread - 0] INFO  ozoneimpl.OzoneContainer (OzoneContainer.java:start(186)) - Attempting to start container services.
2019-08-29 08:13:45,055 [Datanode State Machine Thread - 0] INFO  ozoneimpl.OzoneContainer (OzoneContainer.java:startContainerScrub(160)) - Background container scrubber has been disabled by hdds.containerscrub.enabled
2019-08-29 08:13:45,055 [Datanode State Machine Thread - 0] INFO  ratis.XceiverServerRatis (XceiverServerRatis.java:start(404)) - Starting XceiverServerRatis db2abc53-6362-4b3f-b45e-27839c8be9d9 at port 0
2019-08-29 08:13:45,062 [Datanode State Machine Thread - 0] INFO  impl.RaftServerProxy (RaftServerProxy.java:lambda$start$3(299)) - db2abc53-6362-4b3f-b45e-27839c8be9d9: start RPC server
2019-08-29 08:13:45,063 [Datanode State Machine Thread - 0] INFO  server.GrpcService (GrpcService.java:startImpl(149)) - db2abc53-6362-4b3f-b45e-27839c8be9d9: GrpcService started, listening on 0.0.0.0/0.0.0.0:36711
2019-08-29 08:13:45,063 [Datanode State Machine Thread - 0] INFO  ratis.XceiverServerRatis (XceiverServerRatis.java:start(414)) - XceiverServerRatis db2abc53-6362-4b3f-b45e-27839c8be9d9 is started using port 36711
2019-08-29 08:13:45,063 [Datanode State Machine Thread - 0] INFO  server.XceiverServerGrpc (XceiverServerGrpc.java:start(163)) - XceiverServerGrpc db2abc53-6362-4b3f-b45e-27839c8be9d9 is started using port 42195
2019-08-29 08:13:45,090 [main] INFO  ozone.MiniOzoneClusterImpl (MiniOzoneClusterImpl.java:lambda$waitForClusterToBeReady$0(142)) - Waiting for cluster to be ready. Got 0 of 7 DN Heartbeats.
2019-08-29 08:13:45,262 | INFO  | SCMAudit | user=jenkins1000 | ip=192.168.69.111 | op=GET_VERSION null | ret=SUCCESS |  
2019-08-29 08:13:45,291 [Datanode State Machine Thread - 0] INFO  ozoneimpl.OzoneContainer (OzoneContainer.java:start(186)) - Attempting to start container services.
2019-08-29 08:13:45,291 [Datanode State Machine Thread - 0] INFO  ozoneimpl.OzoneContainer (OzoneContainer.java:startContainerScrub(160)) - Background container scrubber has been disabled by hdds.containerscrub.enabled
2019-08-29 08:13:45,291 [Datanode State Machine Thread - 0] INFO  ratis.XceiverServerRatis (XceiverServerRatis.java:start(404)) - Starting XceiverServerRatis 9528c11a-fb93-4137-9963-bf3b5733d594 at port 0
2019-08-29 08:13:45,297 [Datanode State Machine Thread - 0] INFO  impl.RaftServerProxy (RaftServerProxy.java:lambda$start$3(299)) - 9528c11a-fb93-4137-9963-bf3b5733d594: start RPC server
2019-08-29 08:13:45,298 [Datanode State Machine Thread - 0] INFO  server.GrpcService (GrpcService.java:startImpl(149)) - 9528c11a-fb93-4137-9963-bf3b5733d594: GrpcService started, listening on 0.0.0.0/0.0.0.0:41746
2019-08-29 08:13:45,298 [Datanode State Machine Thread - 0] INFO  ratis.XceiverServerRatis (XceiverServerRatis.java:start(414)) - XceiverServerRatis 9528c11a-fb93-4137-9963-bf3b5733d594 is started using port 41746
2019-08-29 08:13:45,300 [Datanode State Machine Thread - 0] INFO  server.XceiverServerGrpc (XceiverServerGrpc.java:start(163)) - XceiverServerGrpc 9528c11a-fb93-4137-9963-bf3b5733d594 is started using port 44762
2019-08-29 08:13:45,486 | INFO  | SCMAudit | user=jenkins1000 | ip=192.168.69.111 | op=GET_VERSION null | ret=SUCCESS |  
2019-08-29 08:13:45,495 [Datanode State Machine Thread - 0] INFO  ozoneimpl.OzoneContainer (OzoneContainer.java:start(186)) - Attempting to start container services.
2019-08-29 08:13:45,496 [Datanode State Machine Thread - 0] INFO  ozoneimpl.OzoneContainer (OzoneContainer.java:startContainerScrub(160)) - Background container scrubber has been disabled by hdds.containerscrub.enabled
2019-08-29 08:13:45,496 [Datanode State Machine Thread - 0] INFO  ratis.XceiverServerRatis (XceiverServerRatis.java:start(404)) - Starting XceiverServerRatis 885df2e3-7d4b-41eb-82f7-ec9d233e01be at port 0
2019-08-29 08:13:45,502 [Datanode State Machine Thread - 0] INFO  impl.RaftServerProxy (RaftServerProxy.java:lambda$start$3(299)) - 885df2e3-7d4b-41eb-82f7-ec9d233e01be: start RPC server
2019-08-29 08:13:45,505 [Datanode State Machine Thread - 0] INFO  server.GrpcService (GrpcService.java:startImpl(149)) - 885df2e3-7d4b-41eb-82f7-ec9d233e01be: GrpcService started, listening on 0.0.0.0/0.0.0.0:42951
2019-08-29 08:13:45,505 [Datanode State Machine Thread - 0] INFO  ratis.XceiverServerRatis (XceiverServerRatis.java:start(414)) - XceiverServerRatis 885df2e3-7d4b-41eb-82f7-ec9d233e01be is started using port 42951
2019-08-29 08:13:45,506 [Datanode State Machine Thread - 0] INFO  server.XceiverServerGrpc (XceiverServerGrpc.java:start(163)) - XceiverServerGrpc 885df2e3-7d4b-41eb-82f7-ec9d233e01be is started using port 39690
2019-08-29 08:13:45,680 | INFO  | SCMAudit | user=jenkins1000 | ip=192.168.69.111 | op=GET_VERSION null | ret=SUCCESS |  
2019-08-29 08:13:45,710 [Datanode State Machine Thread - 0] INFO  ozoneimpl.OzoneContainer (OzoneContainer.java:start(186)) - Attempting to start container services.
2019-08-29 08:13:45,710 [Datanode State Machine Thread - 0] INFO  ozoneimpl.OzoneContainer (OzoneContainer.java:startContainerScrub(160)) - Background container scrubber has been disabled by hdds.containerscrub.enabled
2019-08-29 08:13:45,710 [Datanode State Machine Thread - 0] INFO  ratis.XceiverServerRatis (XceiverServerRatis.java:start(404)) - Starting XceiverServerRatis 50e47a8f-6a67-4a96-b3a3-baa2829f3e12 at port 0
2019-08-29 08:13:45,717 [Datanode State Machine Thread - 0] INFO  impl.RaftServerProxy (RaftServerProxy.java:lambda$start$3(299)) - 50e47a8f-6a67-4a96-b3a3-baa2829f3e12: start RPC server
2019-08-29 08:13:45,718 [Datanode State Machine Thread - 0] INFO  server.GrpcService (GrpcService.java:startImpl(149)) - 50e47a8f-6a67-4a96-b3a3-baa2829f3e12: GrpcService started, listening on 0.0.0.0/0.0.0.0:41454
2019-08-29 08:13:45,718 [Datanode State Machine Thread - 0] INFO  ratis.XceiverServerRatis (XceiverServerRatis.java:start(414)) - XceiverServerRatis 50e47a8f-6a67-4a96-b3a3-baa2829f3e12 is started using port 41454
2019-08-29 08:13:45,718 [Datanode State Machine Thread - 0] INFO  server.XceiverServerGrpc (XceiverServerGrpc.java:start(163)) - XceiverServerGrpc 50e47a8f-6a67-4a96-b3a3-baa2829f3e12 is started using port 34854
2019-08-29 08:13:45,893 | INFO  | SCMAudit | user=jenkins1000 | ip=192.168.69.111 | op=GET_VERSION null | ret=SUCCESS |  
2019-08-29 08:13:45,986 [Datanode State Machine Thread - 0] INFO  ozoneimpl.OzoneContainer (OzoneContainer.java:start(186)) - Attempting to start container services.
2019-08-29 08:13:45,986 [Datanode State Machine Thread - 0] INFO  ozoneimpl.OzoneContainer (OzoneContainer.java:startContainerScrub(160)) - Background container scrubber has been disabled by hdds.containerscrub.enabled
2019-08-29 08:13:45,986 [Datanode State Machine Thread - 0] INFO  ratis.XceiverServerRatis (XceiverServerRatis.java:start(404)) - Starting XceiverServerRatis 0a184b28-38b7-485b-be3e-3bc3142c01b2 at port 0
2019-08-29 08:13:45,993 [Datanode State Machine Thread - 0] INFO  impl.RaftServerProxy (RaftServerProxy.java:lambda$start$3(299)) - 0a184b28-38b7-485b-be3e-3bc3142c01b2: start RPC server
2019-08-29 08:13:45,997 [Datanode State Machine Thread - 0] INFO  server.GrpcService (GrpcService.java:startImpl(149)) - 0a184b28-38b7-485b-be3e-3bc3142c01b2: GrpcService started, listening on 0.0.0.0/0.0.0.0:35743
2019-08-29 08:13:45,997 [Datanode State Machine Thread - 0] INFO  ratis.XceiverServerRatis (XceiverServerRatis.java:start(414)) - XceiverServerRatis 0a184b28-38b7-485b-be3e-3bc3142c01b2 is started using port 35743
2019-08-29 08:13:46,006 [Datanode State Machine Thread - 0] INFO  server.XceiverServerGrpc (XceiverServerGrpc.java:start(163)) - XceiverServerGrpc 0a184b28-38b7-485b-be3e-3bc3142c01b2 is started using port 37211
2019-08-29 08:13:46,090 [main] INFO  ozone.MiniOzoneClusterImpl (MiniOzoneClusterImpl.java:lambda$waitForClusterToBeReady$0(142)) - Waiting for cluster to be ready. Got 0 of 7 DN Heartbeats.
2019-08-29 08:13:46,092 | INFO  | SCMAudit | user=jenkins1000 | ip=192.168.69.111 | op=GET_VERSION null | ret=SUCCESS |  
2019-08-29 08:13:46,106 [Datanode State Machine Thread - 0] INFO  ozoneimpl.OzoneContainer (OzoneContainer.java:start(186)) - Attempting to start container services.
2019-08-29 08:13:46,106 [Datanode State Machine Thread - 0] INFO  ozoneimpl.OzoneContainer (OzoneContainer.java:startContainerScrub(160)) - Background container scrubber has been disabled by hdds.containerscrub.enabled
2019-08-29 08:13:46,106 [Datanode State Machine Thread - 0] INFO  ratis.XceiverServerRatis (XceiverServerRatis.java:start(404)) - Starting XceiverServerRatis 28014f33-45df-43bf-aab4-c9d4fbf6cd3a at port 0
2019-08-29 08:13:46,112 [Datanode State Machine Thread - 0] INFO  impl.RaftServerProxy (RaftServerProxy.java:lambda$start$3(299)) - 28014f33-45df-43bf-aab4-c9d4fbf6cd3a: start RPC server
2019-08-29 08:13:46,116 [Datanode State Machine Thread - 0] INFO  server.GrpcService (GrpcService.java:startImpl(149)) - 28014f33-45df-43bf-aab4-c9d4fbf6cd3a: GrpcService started, listening on 0.0.0.0/0.0.0.0:37870
2019-08-29 08:13:46,116 [Datanode State Machine Thread - 0] INFO  ratis.XceiverServerRatis (XceiverServerRatis.java:start(414)) - XceiverServerRatis 28014f33-45df-43bf-aab4-c9d4fbf6cd3a is started using port 37870
2019-08-29 08:13:46,117 [Datanode State Machine Thread - 0] INFO  server.XceiverServerGrpc (XceiverServerGrpc.java:start(163)) - XceiverServerGrpc 28014f33-45df-43bf-aab4-c9d4fbf6cd3a is started using port 33799
2019-08-29 08:13:46,495 [IPC Server handler 2 on 42754] INFO  net.NetworkTopology (NetworkTopologyImpl.java:add(110)) - Added a new node: /default-rack/d29b9d15-d66c-42ad-b472-380f28d40a83
2019-08-29 08:13:46,498 [IPC Server handler 2 on 42754] INFO  node.SCMNodeManager (SCMNodeManager.java:register(273)) - Registered Data node : d29b9d15-d66c-42ad-b472-380f28d40a83{ip: 192.168.69.111, host: pr-hdds-1569-g9zr9-4145101663, networkLocation: /default-rack, certSerialId: null}
2019-08-29 08:13:46,499 [EventQueue-NodeRegistrationContainerReportForDataNodeSafeModeRule] INFO  safemode.SCMSafeModeManager (DataNodeSafeModeRule.java:process(71)) - SCM in safe mode. 1 DataNodes registered, 1 required.
2019-08-29 08:13:46,499 | INFO  | SCMAudit | user=jenkins1000 | ip=192.168.69.111 | op=REGISTER {datanodeDetails=d29b9d15-d66c-42ad-b472-380f28d40a83{ip: 192.168.69.111, host: pr-hdds-1569-g9zr9-4145101663, networkLocation: /default-rack, certSerialId: null}} | ret=SUCCESS |  
2019-08-29 08:13:46,501 [EventQueue-NodeRegistrationContainerReportForDataNodeSafeModeRule] INFO  safemode.SCMSafeModeManager (SCMSafeModeManager.java:validateSafeModeExitRules(177)) - ScmSafeModeManager, all rules are successfully validated
2019-08-29 08:13:46,501 [EventQueue-NodeRegistrationContainerReportForDataNodeSafeModeRule] INFO  safemode.SCMSafeModeManager (SCMSafeModeManager.java:exitSafeMode(193)) - SCM exiting safe mode.
2019-08-29 08:13:46,529 [grpc-default-executor-8] INFO  impl.RaftServerProxy (RaftServerProxy.java:addNew(89)) - d29b9d15-d66c-42ad-b472-380f28d40a83: addNew group-F791AEDFBA6B:[d29b9d15-d66c-42ad-b472-380f28d40a83:192.168.69.111:36178] returns group-F791AEDFBA6B:java.util.concurrent.CompletableFuture@678d1105[Not completed]
2019-08-29 08:13:46,530 [pool-439-thread-1] INFO  impl.RaftServerImpl (RaftServerImpl.java:<init>(93)) - d29b9d15-d66c-42ad-b472-380f28d40a83: new RaftServerImpl for group-F791AEDFBA6B:[d29b9d15-d66c-42ad-b472-380f28d40a83:192.168.69.111:36178] with ContainerStateMachine:uninitialized
2019-08-29 08:13:46,530 [pool-439-thread-1] INFO  server.RaftServerConfigKeys (ConfUtils.java:logGet(43)) - raft.server.rpc.timeout.min = 5s (custom)
2019-08-29 08:13:46,530 [pool-439-thread-1] INFO  server.RaftServerConfigKeys (ConfUtils.java:logGet(43)) - raft.server.rpc.timeout.max = 5200ms (custom)
2019-08-29 08:13:46,531 [pool-439-thread-1] INFO  server.RaftServerConfigKeys (ConfUtils.java:logGet(43)) - raft.server.rpcslowness.timeout = 120s (custom)
2019-08-29 08:13:46,531 [pool-439-thread-1] INFO  server.RaftServerConfigKeys (ConfUtils.java:logGet(43)) - raft.server.sleep.deviation.threshold = 300 (default)
2019-08-29 08:13:46,531 [pool-439-thread-1] INFO  server.RaftServerConfigKeys (ConfUtils.java:logGet(43)) - raft.server.log.appender.install.snapshot.enabled = false (custom)
2019-08-29 08:13:46,531 [pool-439-thread-1] INFO  impl.RaftServerImpl (ServerState.java:<init>(105)) - d29b9d15-d66c-42ad-b472-380f28d40a83:group-F791AEDFBA6B ConfigurationManager, init=-1: [d29b9d15-d66c-42ad-b472-380f28d40a83:192.168.69.111:36178], old=null, confs=<EMPTY_MAP>
2019-08-29 08:13:46,531 [pool-439-thread-1] INFO  server.RaftServerConfigKeys (ConfUtils.java:logGet(43)) - raft.server.storage.dir = [/workdir/hadoop-ozone/integration-test/target/test-dir/MiniOzoneClusterImpl-8a7297db-6aa6-4f06-8934-9a0bed7f2088/datanode-0/data/ratis] (custom)
2019-08-29 08:13:46,532 [pool-439-thread-1] INFO  storage.RaftStorageDirectory (RaftStorageDirectory.java:analyzeStorage(246)) - The storage directory /workdir/hadoop-ozone/integration-test/target/test-dir/MiniOzoneClusterImpl-8a7297db-6aa6-4f06-8934-9a0bed7f2088/datanode-0/data/ratis/a1102810-f8f2-4d25-9c73-f791aedfba6b does not exist. Creating ...
2019-08-29 08:13:46,547 [pool-439-thread-1] INFO  storage.RaftStorageDirectory (RaftStorageDirectory.java:tryLock(328)) - Lock on /workdir/hadoop-ozone/integration-test/target/test-dir/MiniOzoneClusterImpl-8a7297db-6aa6-4f06-8934-9a0bed7f2088/datanode-0/data/ratis/a1102810-f8f2-4d25-9c73-f791aedfba6b/in_use.lock acquired by nodename 17172@pr-hdds-1569-g9zr9-4145101663
2019-08-29 08:13:46,602 [pool-439-thread-1] INFO  storage.RaftStorage (RaftStorage.java:format(72)) - Storage directory /workdir/hadoop-ozone/integration-test/target/test-dir/MiniOzoneClusterImpl-8a7297db-6aa6-4f06-8934-9a0bed7f2088/datanode-0/data/ratis/a1102810-f8f2-4d25-9c73-f791aedfba6b has been successfully formatted.
2019-08-29 08:13:46,602 [pool-439-thread-1] INFO  ratis.ContainerStateMachine (ContainerStateMachine.java:loadSnapshot(226)) - group-F791AEDFBA6B: The snapshot info is null. Setting the last applied indexto:(t:0, i:~)
2019-08-29 08:13:46,602 [pool-439-thread-1] INFO  server.RaftServerConfigKeys (ConfUtils.java:logGet(43)) - raft.server.leader.election.timeout = 120s (custom)
2019-08-29 08:13:46,602 [pool-439-thread-1] INFO  server.RaftServerConfigKeys (ConfUtils.java:logGet(43)) - raft.server.log.use.memory = false (default)
2019-08-29 08:13:46,602 [pool-439-thread-1] INFO  server.RaftServerConfigKeys (ConfUtils.java:logGet(43)) - raft.server.log.purge.gap = 1000000 (custom)
2019-08-29 08:13:46,602 [pool-439-thread-1] INFO  server.RaftServerConfigKeys (ConfUtils.java:logGet(43)) - raft.server.log.appender.buffer.byte-limit = 33554432 (custom)
2019-08-29 08:13:46,603 [pool-439-thread-1] INFO  server.RaftServerConfigKeys (ConfUtils.java:logGet(43)) - raft.server.log.segment.size.max = 1048576 (custom)
2019-08-29 08:13:46,603 [pool-439-thread-1] INFO  server.RaftServerConfigKeys (ConfUtils.java:logGet(43)) - raft.server.log.segment.cache.num.max = 2 (custom)
2019-08-29 08:13:46,603 [pool-439-thread-1] INFO  segmented.SegmentedRaftLogWorker (SegmentedRaftLogWorker.java:<init>(172)) - new d29b9d15-d66c-42ad-b472-380f28d40a83-SegmentedRaftLogWorker:Storage Directory /workdir/hadoop-ozone/integration-test/target/test-dir/MiniOzoneClusterImpl-8a7297db-6aa6-4f06-8934-9a0bed7f2088/datanode-0/data/ratis/a1102810-f8f2-4d25-9c73-f791aedfba6b for RaftStorage:Storage Directory /workdir/hadoop-ozone/integration-test/target/test-dir/MiniOzoneClusterImpl-8a7297db-6aa6-4f06-8934-9a0bed7f2088/datanode-0/data/ratis/a1102810-f8f2-4d25-9c73-f791aedfba6b
2019-08-29 08:13:46,603 [pool-439-thread-1] INFO  server.RaftServerConfigKeys (ConfUtils.java:logGet(43)) - raft.server.log.queue.byte-limit = 2147483647 (custom)
2019-08-29 08:13:46,603 [pool-439-thread-1] INFO  server.RaftServerConfigKeys (ConfUtils.java:logGet(43)) - raft.server.log.queue.element-limit = 1024 (custom)
2019-08-29 08:13:46,603 [pool-439-thread-1] INFO  server.RaftServerConfigKeys (ConfUtils.java:logGet(43)) - raft.server.log.segment.size.max = 1048576 (custom)
2019-08-29 08:13:46,604 [pool-439-thread-1] INFO  server.RaftServerConfigKeys (ConfUtils.java:logGet(43)) - raft.server.log.preallocated.size = 16384 (custom)
2019-08-29 08:13:46,604 [pool-439-thread-1] INFO  server.RaftServerConfigKeys (ConfUtils.java:logGet(43)) - raft.server.log.write.buffer.size = 33554432 (custom)
2019-08-29 08:13:46,604 [pool-439-thread-1] INFO  server.RaftServerConfigKeys (ConfUtils.java:logGet(43)) - raft.server.log.force.sync.num = 128 (default)
2019-08-29 08:13:46,604 [pool-439-thread-1] INFO  server.RaftServerConfigKeys (ConfUtils.java:logGet(43)) - raft.server.log.statemachine.data.sync = true (default)
2019-08-29 08:13:46,604 [pool-439-thread-1] INFO  server.RaftServerConfigKeys (ConfUtils.java:logGet(43)) - raft.server.log.statemachine.data.sync.timeout = 10s (default)
2019-08-29 08:13:46,604 [pool-439-thread-1] INFO  server.RaftServerConfigKeys (ConfUtils.java:logGet(43)) - raft.server.log.statemachine.data.sync.timeout.retry = -1 (default)
2019-08-29 08:13:46,605 [pool-439-thread-1] INFO  server.RaftServerConfigKeys (ConfUtils.java:logGet(43)) - raft.server.log.statemachine.data.caching.enabled = true (custom)
2019-08-29 08:13:46,605 [pool-439-thread-1] INFO  segmented.SegmentedRaftLogWorker (SegmentedRaftLogWorker.java:lambda$new$0(132)) - d29b9d15-d66c-42ad-b472-380f28d40a83-SegmentedRaftLogWorker:Storage Directory /workdir/hadoop-ozone/integration-test/target/test-dir/MiniOzoneClusterImpl-8a7297db-6aa6-4f06-8934-9a0bed7f2088/datanode-0/data/ratis/a1102810-f8f2-4d25-9c73-f791aedfba6b: flushIndex: setUnconditionally 0 -> -1
2019-08-29 08:13:46,605 [pool-439-thread-1] INFO  server.RaftServerConfigKeys (ConfUtils.java:logGet(43)) - raft.server.snapshot.auto.trigger.enabled = true (custom)
2019-08-29 08:13:46,605 [pool-439-thread-1] INFO  server.RaftServerConfigKeys (ConfUtils.java:logGet(43)) - raft.server.snapshot.auto.trigger.threshold = 10000 (custom)
2019-08-29 08:13:46,605 [pool-439-thread-1] INFO  server.RaftServerConfigKeys (ConfUtils.java:logGet(43)) - raft.server.retrycache.expirytime = 600000ms (custom)
2019-08-29 08:13:46,606 [pool-439-thread-1] INFO  impl.RaftServerImpl (RaftServerImpl.java:start(180)) - d29b9d15-d66c-42ad-b472-380f28d40a83: start group-F791AEDFBA6B
2019-08-29 08:13:46,606 [pool-439-thread-1] INFO  impl.RaftServerImpl (RaftServerImpl.java:setRole(171)) - d29b9d15-d66c-42ad-b472-380f28d40a83:group-F791AEDFBA6B changes role from null to FOLLOWER at term 0 for startAsFollower
2019-08-29 08:13:46,606 [pool-439-thread-1] INFO  impl.RoleInfo (RoleInfo.java:updateAndGet(143)) - d29b9d15-d66c-42ad-b472-380f28d40a83: start FollowerState
2019-08-29 08:13:46,618 [pool-439-thread-1] INFO  util.JmxRegister (JmxRegister.java:tryRegister(44)) - Successfully registered JMX Bean with object name Ratis:service=RaftServer,group=group-F791AEDFBA6B,id=d29b9d15-d66c-42ad-b472-380f28d40a83
2019-08-29 08:13:46,628 [RatisPipelineUtilsThread] INFO  pipeline.PipelineStateManager (PipelineStateManager.java:addPipeline(56)) - Created pipeline Pipeline[ Id: a1102810-f8f2-4d25-9c73-f791aedfba6b, Nodes: d29b9d15-d66c-42ad-b472-380f28d40a83{ip: 192.168.69.111, host: pr-hdds-1569-g9zr9-4145101663, networkLocation: /default-rack, certSerialId: null}, Type:RATIS, Factor:ONE, State:OPEN]
2019-08-29 08:13:47,038 [IPC Server handler 3 on 42754] INFO  net.NetworkTopology (NetworkTopologyImpl.java:add(110)) - Added a new node: /default-rack/db2abc53-6362-4b3f-b45e-27839c8be9d9
2019-08-29 08:13:47,038 [IPC Server handler 3 on 42754] INFO  node.SCMNodeManager (SCMNodeManager.java:register(273)) - Registered Data node : db2abc53-6362-4b3f-b45e-27839c8be9d9{ip: 192.168.69.111, host: pr-hdds-1569-g9zr9-4145101663, networkLocation: /default-rack, certSerialId: null}
2019-08-29 08:13:47,039 | INFO  | SCMAudit | user=jenkins1000 | ip=192.168.69.111 | op=REGISTER {datanodeDetails=db2abc53-6362-4b3f-b45e-27839c8be9d9{ip: 192.168.69.111, host: pr-hdds-1569-g9zr9-4145101663, networkLocation: /default-rack, certSerialId: null}} | ret=SUCCESS |  
2019-08-29 08:13:47,045 [grpc-default-executor-8] INFO  impl.RaftServerProxy (RaftServerProxy.java:addNew(89)) - db2abc53-6362-4b3f-b45e-27839c8be9d9: addNew group-A677CCAB334E:[db2abc53-6362-4b3f-b45e-27839c8be9d9:192.168.69.111:36711] returns group-A677CCAB334E:java.util.concurrent.CompletableFuture@156b91df[Not completed]
2019-08-29 08:13:47,046 [pool-450-thread-1] INFO  impl.RaftServerImpl (RaftServerImpl.java:<init>(93)) - db2abc53-6362-4b3f-b45e-27839c8be9d9: new RaftServerImpl for group-A677CCAB334E:[db2abc53-6362-4b3f-b45e-27839c8be9d9:192.168.69.111:36711] with ContainerStateMachine:uninitialized
2019-08-29 08:13:47,047 [pool-450-thread-1] INFO  server.RaftServerConfigKeys (ConfUtils.java:logGet(43)) - raft.server.rpc.timeout.min = 5s (custom)
2019-08-29 08:13:47,047 [pool-450-thread-1] INFO  server.RaftServerConfigKeys (ConfUtils.java:logGet(43)) - raft.server.rpc.timeout.max = 5200ms (custom)
2019-08-29 08:13:47,047 [pool-450-thread-1] INFO  server.RaftServerConfigKeys (ConfUtils.java:logGet(43)) - raft.server.rpcslowness.timeout = 120s (custom)
2019-08-29 08:13:47,047 [pool-450-thread-1] INFO  server.RaftServerConfigKeys (ConfUtils.java:logGet(43)) - raft.server.sleep.deviation.threshold = 300 (default)
2019-08-29 08:13:47,047 [pool-450-thread-1] INFO  server.RaftServerConfigKeys (ConfUtils.java:logGet(43)) - raft.server.log.appender.install.snapshot.enabled = false (custom)
2019-08-29 08:13:47,047 [pool-450-thread-1] INFO  impl.RaftServerImpl (ServerState.java:<init>(105)) - db2abc53-6362-4b3f-b45e-27839c8be9d9:group-A677CCAB334E ConfigurationManager, init=-1: [db2abc53-6362-4b3f-b45e-27839c8be9d9:192.168.69.111:36711], old=null, confs=<EMPTY_MAP>
2019-08-29 08:13:47,047 [pool-450-thread-1] INFO  server.RaftServerConfigKeys (ConfUtils.java:logGet(43)) - raft.server.storage.dir = [/workdir/hadoop-ozone/integration-test/target/test-dir/MiniOzoneClusterImpl-8a7297db-6aa6-4f06-8934-9a0bed7f2088/datanode-1/data/ratis] (custom)
2019-08-29 08:13:47,047 [pool-450-thread-1] INFO  storage.RaftStorageDirectory (RaftStorageDirectory.java:analyzeStorage(246)) - The storage directory /workdir/hadoop-ozone/integration-test/target/test-dir/MiniOzoneClusterImpl-8a7297db-6aa6-4f06-8934-9a0bed7f2088/datanode-1/data/ratis/19a6a520-6b19-41f8-90bd-a677ccab334e does not exist. Creating ...
2019-08-29 08:13:47,091 [main] INFO  ozone.MiniOzoneClusterImpl (MiniOzoneClusterImpl.java:lambda$waitForClusterToBeReady$0(142)) - Waiting for cluster to be ready. Got 2 of 7 DN Heartbeats.
2019-08-29 08:13:47,112 [pool-450-thread-1] INFO  storage.RaftStorageDirectory (RaftStorageDirectory.java:tryLock(328)) - Lock on /workdir/hadoop-ozone/integration-test/target/test-dir/MiniOzoneClusterImpl-8a7297db-6aa6-4f06-8934-9a0bed7f2088/datanode-1/data/ratis/19a6a520-6b19-41f8-90bd-a677ccab334e/in_use.lock acquired by nodename 17172@pr-hdds-1569-g9zr9-4145101663
2019-08-29 08:13:47,173 [pool-450-thread-1] INFO  storage.RaftStorage (RaftStorage.java:format(72)) - Storage directory /workdir/hadoop-ozone/integration-test/target/test-dir/MiniOzoneClusterImpl-8a7297db-6aa6-4f06-8934-9a0bed7f2088/datanode-1/data/ratis/19a6a520-6b19-41f8-90bd-a677ccab334e has been successfully formatted.
2019-08-29 08:13:47,173 [pool-450-thread-1] INFO  ratis.ContainerStateMachine (ContainerStateMachine.java:loadSnapshot(226)) - group-A677CCAB334E: The snapshot info is null. Setting the last applied indexto:(t:0, i:~)
2019-08-29 08:13:47,173 [pool-450-thread-1] INFO  server.RaftServerConfigKeys (ConfUtils.java:logGet(43)) - raft.server.leader.election.timeout = 120s (custom)
2019-08-29 08:13:47,173 [pool-450-thread-1] INFO  server.RaftServerConfigKeys (ConfUtils.java:logGet(43)) - raft.server.log.use.memory = false (default)
2019-08-29 08:13:47,174 [pool-450-thread-1] INFO  server.RaftServerConfigKeys (ConfUtils.java:logGet(43)) - raft.server.log.purge.gap = 1000000 (custom)
2019-08-29 08:13:47,174 [pool-450-thread-1] INFO  server.RaftServerConfigKeys (ConfUtils.java:logGet(43)) - raft.server.log.appender.buffer.byte-limit = 33554432 (custom)
2019-08-29 08:13:47,174 [pool-450-thread-1] INFO  server.RaftServerConfigKeys (ConfUtils.java:logGet(43)) - raft.server.log.segment.size.max = 1048576 (custom)
2019-08-29 08:13:47,174 [pool-450-thread-1] INFO  server.RaftServerConfigKeys (ConfUtils.java:logGet(43)) - raft.server.log.segment.cache.num.max = 2 (custom)
2019-08-29 08:13:47,174 [pool-450-thread-1] INFO  segmented.SegmentedRaftLogWorker (SegmentedRaftLogWorker.java:<init>(172)) - new db2abc53-6362-4b3f-b45e-27839c8be9d9-SegmentedRaftLogWorker:Storage Directory /workdir/hadoop-ozone/integration-test/target/test-dir/MiniOzoneClusterImpl-8a7297db-6aa6-4f06-8934-9a0bed7f2088/datanode-1/data/ratis/19a6a520-6b19-41f8-90bd-a677ccab334e for RaftStorage:Storage Directory /workdir/hadoop-ozone/integration-test/target/test-dir/MiniOzoneClusterImpl-8a7297db-6aa6-4f06-8934-9a0bed7f2088/datanode-1/data/ratis/19a6a520-6b19-41f8-90bd-a677ccab334e
2019-08-29 08:13:47,174 [pool-450-thread-1] INFO  server.RaftServerConfigKeys (ConfUtils.java:logGet(43)) - raft.server.log.queue.byte-limit = 2147483647 (custom)
2019-08-29 08:13:47,175 [pool-450-thread-1] INFO  server.RaftServerConfigKeys (ConfUtils.java:logGet(43)) - raft.server.log.queue.element-limit = 1024 (custom)
2019-08-29 08:13:47,175 [pool-450-thread-1] INFO  server.RaftServerConfigKeys (ConfUtils.java:logGet(43)) - raft.server.log.segment.size.max = 1048576 (custom)
2019-08-29 08:13:47,175 [pool-450-thread-1] INFO  server.RaftServerConfigKeys (ConfUtils.java:logGet(43)) - raft.server.log.preallocated.size = 16384 (custom)
2019-08-29 08:13:47,175 [pool-450-thread-1] INFO  server.RaftServerConfigKeys (ConfUtils.java:logGet(43)) - raft.server.log.write.buffer.size = 33554432 (custom)
2019-08-29 08:13:47,175 [pool-450-thread-1] INFO  server.RaftServerConfigKeys (ConfUtils.java:logGet(43)) - raft.server.log.force.sync.num = 128 (default)
2019-08-29 08:13:47,176 [pool-450-thread-1] INFO  server.RaftServerConfigKeys (ConfUtils.java:logGet(43)) - raft.server.log.statemachine.data.sync = true (default)
2019-08-29 08:13:47,176 [pool-450-thread-1] INFO  server.RaftServerConfigKeys (ConfUtils.java:logGet(43)) - raft.server.log.statemachine.data.sync.timeout = 10s (default)
2019-08-29 08:13:47,176 [pool-450-thread-1] INFO  server.RaftServerConfigKeys (ConfUtils.java:logGet(43)) - raft.server.log.statemachine.data.sync.timeout.retry = -1 (default)
2019-08-29 08:13:47,176 [pool-450-thread-1] INFO  server.RaftServerConfigKeys (ConfUtils.java:logGet(43)) - raft.server.log.statemachine.data.caching.enabled = true (custom)
2019-08-29 08:13:47,177 [pool-450-thread-1] INFO  segmented.SegmentedRaftLogWorker (SegmentedRaftLogWorker.java:lambda$new$0(132)) - db2abc53-6362-4b3f-b45e-27839c8be9d9-SegmentedRaftLogWorker:Storage Directory /workdir/hadoop-ozone/integration-test/target/test-dir/MiniOzoneClusterImpl-8a7297db-6aa6-4f06-8934-9a0bed7f2088/datanode-1/data/ratis/19a6a520-6b19-41f8-90bd-a677ccab334e: flushIndex: setUnconditionally 0 -> -1
2019-08-29 08:13:47,177 [pool-450-thread-1] INFO  server.RaftServerConfigKeys (ConfUtils.java:logGet(43)) - raft.server.snapshot.auto.trigger.enabled = true (custom)
2019-08-29 08:13:47,177 [pool-450-thread-1] INFO  server.RaftServerConfigKeys (ConfUtils.java:logGet(43)) - raft.server.snapshot.auto.trigger.threshold = 10000 (custom)
2019-08-29 08:13:47,177 [pool-450-thread-1] INFO  server.RaftServerConfigKeys (ConfUtils.java:logGet(43)) - raft.server.retrycache.expirytime = 600000ms (custom)
2019-08-29 08:13:47,177 [pool-450-thread-1] INFO  impl.RaftServerImpl (RaftServerImpl.java:start(180)) - db2abc53-6362-4b3f-b45e-27839c8be9d9: start group-A677CCAB334E
2019-08-29 08:13:47,178 [pool-450-thread-1] INFO  impl.RaftServerImpl (RaftServerImpl.java:setRole(171)) - db2abc53-6362-4b3f-b45e-27839c8be9d9:group-A677CCAB334E changes role from null to FOLLOWER at term 0 for startAsFollower
2019-08-29 08:13:47,178 [pool-450-thread-1] INFO  impl.RoleInfo (RoleInfo.java:updateAndGet(143)) - db2abc53-6362-4b3f-b45e-27839c8be9d9: start FollowerState
2019-08-29 08:13:47,178 [pool-450-thread-1] INFO  util.JmxRegister (JmxRegister.java:tryRegister(44)) - Successfully registered JMX Bean with object name Ratis:service=RaftServer,group=group-A677CCAB334E,id=db2abc53-6362-4b3f-b45e-27839c8be9d9
2019-08-29 08:13:47,182 [RatisPipelineUtilsThread] INFO  pipeline.PipelineStateManager (PipelineStateManager.java:addPipeline(56)) - Created pipeline Pipeline[ Id: 19a6a520-6b19-41f8-90bd-a677ccab334e, Nodes: db2abc53-6362-4b3f-b45e-27839c8be9d9{ip: 192.168.69.111, host: pr-hdds-1569-g9zr9-4145101663, networkLocation: /default-rack, certSerialId: null}, Type:RATIS, Factor:ONE, State:OPEN]
2019-08-29 08:13:47,262 [IPC Server handler 0 on 42754] INFO  net.NetworkTopology (NetworkTopologyImpl.java:add(110)) - Added a new node: /default-rack/9528c11a-fb93-4137-9963-bf3b5733d594
2019-08-29 08:13:47,263 [IPC Server handler 0 on 42754] INFO  node.SCMNodeManager (SCMNodeManager.java:register(273)) - Registered Data node : 9528c11a-fb93-4137-9963-bf3b5733d594{ip: 192.168.69.111, host: pr-hdds-1569-g9zr9-4145101663, networkLocation: /default-rack, certSerialId: null}
2019-08-29 08:13:47,265 | INFO  | SCMAudit | user=jenkins1000 | ip=192.168.69.111 | op=REGISTER {datanodeDetails=9528c11a-fb93-4137-9963-bf3b5733d594{ip: 192.168.69.111, host: pr-hdds-1569-g9zr9-4145101663, networkLocation: /default-rack, certSerialId: null}} | ret=SUCCESS |  
2019-08-29 08:13:47,271 [grpc-default-executor-8] INFO  impl.RaftServerProxy (RaftServerProxy.java:addNew(89)) - 9528c11a-fb93-4137-9963-bf3b5733d594: addNew group-E9CE868D3628:[9528c11a-fb93-4137-9963-bf3b5733d594:192.168.69.111:41746] returns group-E9CE868D3628:java.util.concurrent.CompletableFuture@4c9cf2e3[Not completed]
2019-08-29 08:13:47,272 [pool-461-thread-1] INFO  impl.RaftServerImpl (RaftServerImpl.java:<init>(93)) - 9528c11a-fb93-4137-9963-bf3b5733d594: new RaftServerImpl for group-E9CE868D3628:[9528c11a-fb93-4137-9963-bf3b5733d594:192.168.69.111:41746] with ContainerStateMachine:uninitialized
2019-08-29 08:13:47,272 [pool-461-thread-1] INFO  server.RaftServerConfigKeys (ConfUtils.java:logGet(43)) - raft.server.rpc.timeout.min = 5s (custom)
2019-08-29 08:13:47,272 [pool-461-thread-1] INFO  server.RaftServerConfigKeys (ConfUtils.java:logGet(43)) - raft.server.rpc.timeout.max = 5200ms (custom)
2019-08-29 08:13:47,272 [pool-461-thread-1] INFO  server.RaftServerConfigKeys (ConfUtils.java:logGet(43)) - raft.server.rpcslowness.timeout = 120s (custom)
2019-08-29 08:13:47,273 [pool-461-thread-1] INFO  server.RaftServerConfigKeys (ConfUtils.java:logGet(43)) - raft.server.sleep.deviation.threshold = 300 (default)
2019-08-29 08:13:47,273 [pool-461-thread-1] INFO  server.RaftServerConfigKeys (ConfUtils.java:logGet(43)) - raft.server.log.appender.install.snapshot.enabled = false (custom)
2019-08-29 08:13:47,273 [pool-461-thread-1] INFO  impl.RaftServerImpl (ServerState.java:<init>(105)) - 9528c11a-fb93-4137-9963-bf3b5733d594:group-E9CE868D3628 ConfigurationManager, init=-1: [9528c11a-fb93-4137-9963-bf3b5733d594:192.168.69.111:41746], old=null, confs=<EMPTY_MAP>
2019-08-29 08:13:47,273 [pool-461-thread-1] INFO  server.RaftServerConfigKeys (ConfUtils.java:logGet(43)) - raft.server.storage.dir = [/workdir/hadoop-ozone/integration-test/target/test-dir/MiniOzoneClusterImpl-8a7297db-6aa6-4f06-8934-9a0bed7f2088/datanode-2/data/ratis] (custom)
2019-08-29 08:13:47,273 [pool-461-thread-1] INFO  storage.RaftStorageDirectory (RaftStorageDirectory.java:analyzeStorage(246)) - The storage directory /workdir/hadoop-ozone/integration-test/target/test-dir/MiniOzoneClusterImpl-8a7297db-6aa6-4f06-8934-9a0bed7f2088/datanode-2/data/ratis/5af8efc3-4566-4dda-80f5-e9ce868d3628 does not exist. Creating ...
2019-08-29 08:13:47,330 [pool-461-thread-1] INFO  storage.RaftStorageDirectory (RaftStorageDirectory.java:tryLock(328)) - Lock on /workdir/hadoop-ozone/integration-test/target/test-dir/MiniOzoneClusterImpl-8a7297db-6aa6-4f06-8934-9a0bed7f2088/datanode-2/data/ratis/5af8efc3-4566-4dda-80f5-e9ce868d3628/in_use.lock acquired by nodename 17172@pr-hdds-1569-g9zr9-4145101663
2019-08-29 08:13:47,409 [pool-461-thread-1] INFO  storage.RaftStorage (RaftStorage.java:format(72)) - Storage directory /workdir/hadoop-ozone/integration-test/target/test-dir/MiniOzoneClusterImpl-8a7297db-6aa6-4f06-8934-9a0bed7f2088/datanode-2/data/ratis/5af8efc3-4566-4dda-80f5-e9ce868d3628 has been successfully formatted.
2019-08-29 08:13:47,409 [pool-461-thread-1] INFO  ratis.ContainerStateMachine (ContainerStateMachine.java:loadSnapshot(226)) - group-E9CE868D3628: The snapshot info is null. Setting the last applied indexto:(t:0, i:~)
2019-08-29 08:13:47,409 [pool-461-thread-1] INFO  server.RaftServerConfigKeys (ConfUtils.java:logGet(43)) - raft.server.leader.election.timeout = 120s (custom)
2019-08-29 08:13:47,410 [pool-461-thread-1] INFO  server.RaftServerConfigKeys (ConfUtils.java:logGet(43)) - raft.server.log.use.memory = false (default)
2019-08-29 08:13:47,410 [pool-461-thread-1] INFO  server.RaftServerConfigKeys (ConfUtils.java:logGet(43)) - raft.server.log.purge.gap = 1000000 (custom)
2019-08-29 08:13:47,410 [pool-461-thread-1] INFO  server.RaftServerConfigKeys (ConfUtils.java:logGet(43)) - raft.server.log.appender.buffer.byte-limit = 33554432 (custom)
2019-08-29 08:13:47,410 [pool-461-thread-1] INFO  server.RaftServerConfigKeys (ConfUtils.java:logGet(43)) - raft.server.log.segment.size.max = 1048576 (custom)
2019-08-29 08:13:47,410 [pool-461-thread-1] INFO  server.RaftServerConfigKeys (ConfUtils.java:logGet(43)) - raft.server.log.segment.cache.num.max = 2 (custom)
2019-08-29 08:13:47,410 [pool-461-thread-1] INFO  segmented.SegmentedRaftLogWorker (SegmentedRaftLogWorker.java:<init>(172)) - new 9528c11a-fb93-4137-9963-bf3b5733d594-SegmentedRaftLogWorker:Storage Directory /workdir/hadoop-ozone/integration-test/target/test-dir/MiniOzoneClusterImpl-8a7297db-6aa6-4f06-8934-9a0bed7f2088/datanode-2/data/ratis/5af8efc3-4566-4dda-80f5-e9ce868d3628 for RaftStorage:Storage Directory /workdir/hadoop-ozone/integration-test/target/test-dir/MiniOzoneClusterImpl-8a7297db-6aa6-4f06-8934-9a0bed7f2088/datanode-2/data/ratis/5af8efc3-4566-4dda-80f5-e9ce868d3628
2019-08-29 08:13:47,410 [pool-461-thread-1] INFO  server.RaftServerConfigKeys (ConfUtils.java:logGet(43)) - raft.server.log.queue.byte-limit = 2147483647 (custom)
2019-08-29 08:13:47,411 [pool-461-thread-1] INFO  server.RaftServerConfigKeys (ConfUtils.java:logGet(43)) - raft.server.log.queue.element-limit = 1024 (custom)
2019-08-29 08:13:47,411 [pool-461-thread-1] INFO  server.RaftServerConfigKeys (ConfUtils.java:logGet(43)) - raft.server.log.segment.size.max = 1048576 (custom)
2019-08-29 08:13:47,411 [pool-461-thread-1] INFO  server.RaftServerConfigKeys (ConfUtils.java:logGet(43)) - raft.server.log.preallocated.size = 16384 (custom)
2019-08-29 08:13:47,411 [pool-461-thread-1] INFO  server.RaftServerConfigKeys (ConfUtils.java:logGet(43)) - raft.server.log.write.buffer.size = 33554432 (custom)
2019-08-29 08:13:47,411 [pool-461-thread-1] INFO  server.RaftServerConfigKeys (ConfUtils.java:logGet(43)) - raft.server.log.force.sync.num = 128 (default)
2019-08-29 08:13:47,411 [pool-461-thread-1] INFO  server.RaftServerConfigKeys (ConfUtils.java:logGet(43)) - raft.server.log.statemachine.data.sync = true (default)
2019-08-29 08:13:47,411 [pool-461-thread-1] INFO  server.RaftServerConfigKeys (ConfUtils.java:logGet(43)) - raft.server.log.statemachine.data.sync.timeout = 10s (default)
2019-08-29 08:13:47,411 [pool-461-thread-1] INFO  server.RaftServerConfigKeys (ConfUtils.java:logGet(43)) - raft.server.log.statemachine.data.sync.timeout.retry = -1 (default)
2019-08-29 08:13:47,412 [pool-461-thread-1] INFO  server.RaftServerConfigKeys (ConfUtils.java:logGet(43)) - raft.server.log.statemachine.data.caching.enabled = true (custom)
2019-08-29 08:13:47,412 [pool-461-thread-1] INFO  segmented.SegmentedRaftLogWorker (SegmentedRaftLogWorker.java:lambda$new$0(132)) - 9528c11a-fb93-4137-9963-bf3b5733d594-SegmentedRaftLogWorker:Storage Directory /workdir/hadoop-ozone/integration-test/target/test-dir/MiniOzoneClusterImpl-8a7297db-6aa6-4f06-8934-9a0bed7f2088/datanode-2/data/ratis/5af8efc3-4566-4dda-80f5-e9ce868d3628: flushIndex: setUnconditionally 0 -> -1
2019-08-29 08:13:47,412 [pool-461-thread-1] INFO  server.RaftServerConfigKeys (ConfUtils.java:logGet(43)) - raft.server.snapshot.auto.trigger.enabled = true (custom)
2019-08-29 08:13:47,412 [pool-461-thread-1] INFO  server.RaftServerConfigKeys (ConfUtils.java:logGet(43)) - raft.server.snapshot.auto.trigger.threshold = 10000 (custom)
2019-08-29 08:13:47,413 [pool-461-thread-1] INFO  server.RaftServerConfigKeys (ConfUtils.java:logGet(43)) - raft.server.retrycache.expirytime = 600000ms (custom)
2019-08-29 08:13:47,413 [pool-461-thread-1] INFO  impl.RaftServerImpl (RaftServerImpl.java:start(180)) - 9528c11a-fb93-4137-9963-bf3b5733d594: start group-E9CE868D3628
2019-08-29 08:13:47,413 [pool-461-thread-1] INFO  impl.RaftServerImpl (RaftServerImpl.java:setRole(171)) - 9528c11a-fb93-4137-9963-bf3b5733d594:group-E9CE868D3628 changes role from null to FOLLOWER at term 0 for startAsFollower
2019-08-29 08:13:47,413 [pool-461-thread-1] INFO  impl.RoleInfo (RoleInfo.java:updateAndGet(143)) - 9528c11a-fb93-4137-9963-bf3b5733d594: start FollowerState
2019-08-29 08:13:47,413 [pool-461-thread-1] INFO  util.JmxRegister (JmxRegister.java:tryRegister(44)) - Successfully registered JMX Bean with object name Ratis:service=RaftServer,group=group-E9CE868D3628,id=9528c11a-fb93-4137-9963-bf3b5733d594
2019-08-29 08:13:47,418 [RatisPipelineUtilsThread] INFO  pipeline.PipelineStateManager (PipelineStateManager.java:addPipeline(56)) - Created pipeline Pipeline[ Id: 5af8efc3-4566-4dda-80f5-e9ce868d3628, Nodes: 9528c11a-fb93-4137-9963-bf3b5733d594{ip: 192.168.69.111, host: pr-hdds-1569-g9zr9-4145101663, networkLocation: /default-rack, certSerialId: null}, Type:RATIS, Factor:ONE, State:OPEN]
2019-08-29 08:13:47,428 [grpc-default-executor-4] INFO  impl.RaftServerProxy (RaftServerProxy.java:addNew(89)) - 9528c11a-fb93-4137-9963-bf3b5733d594: addNew group-F4061F937CC6:[d29b9d15-d66c-42ad-b472-380f28d40a83:192.168.69.111:36178, db2abc53-6362-4b3f-b45e-27839c8be9d9:192.168.69.111:36711, 9528c11a-fb93-4137-9963-bf3b5733d594:192.168.69.111:41746] returns group-F4061F937CC6:java.util.concurrent.CompletableFuture@7ac3021a[Not completed]
2019-08-29 08:13:47,428 [grpc-default-executor-8] INFO  impl.RaftServerProxy (RaftServerProxy.java:addNew(89)) - d29b9d15-d66c-42ad-b472-380f28d40a83: addNew group-F4061F937CC6:[d29b9d15-d66c-42ad-b472-380f28d40a83:192.168.69.111:36178, db2abc53-6362-4b3f-b45e-27839c8be9d9:192.168.69.111:36711, 9528c11a-fb93-4137-9963-bf3b5733d594:192.168.69.111:41746] returns group-F4061F937CC6:java.util.concurrent.CompletableFuture@123c33f1[Not completed]
2019-08-29 08:13:47,428 [grpc-default-executor-5] INFO  impl.RaftServerProxy (RaftServerProxy.java:addNew(89)) - db2abc53-6362-4b3f-b45e-27839c8be9d9: addNew group-F4061F937CC6:[d29b9d15-d66c-42ad-b472-380f28d40a83:192.168.69.111:36178, db2abc53-6362-4b3f-b45e-27839c8be9d9:192.168.69.111:36711, 9528c11a-fb93-4137-9963-bf3b5733d594:192.168.69.111:41746] returns group-F4061F937CC6:java.util.concurrent.CompletableFuture@49036c1b[Not completed]
2019-08-29 08:13:47,429 [pool-461-thread-1] INFO  impl.RaftServerImpl (RaftServerImpl.java:<init>(93)) - 9528c11a-fb93-4137-9963-bf3b5733d594: new RaftServerImpl for group-F4061F937CC6:[d29b9d15-d66c-42ad-b472-380f28d40a83:192.168.69.111:36178, db2abc53-6362-4b3f-b45e-27839c8be9d9:192.168.69.111:36711, 9528c11a-fb93-4137-9963-bf3b5733d594:192.168.69.111:41746] with ContainerStateMachine:uninitialized
2019-08-29 08:13:47,429 [pool-461-thread-1] INFO  server.RaftServerConfigKeys (ConfUtils.java:logGet(43)) - raft.server.rpc.timeout.min = 5s (custom)
2019-08-29 08:13:47,429 [pool-461-thread-1] INFO  server.RaftServerConfigKeys (ConfUtils.java:logGet(43)) - raft.server.rpc.timeout.max = 5200ms (custom)
2019-08-29 08:13:47,430 [pool-461-thread-1] INFO  server.RaftServerConfigKeys (ConfUtils.java:logGet(43)) - raft.server.rpcslowness.timeout = 120s (custom)
2019-08-29 08:13:47,430 [pool-461-thread-1] INFO  server.RaftServerConfigKeys (ConfUtils.java:logGet(43)) - raft.server.sleep.deviation.threshold = 300 (default)
2019-08-29 08:13:47,430 [pool-439-thread-1] INFO  impl.RaftServerImpl (RaftServerImpl.java:<init>(93)) - d29b9d15-d66c-42ad-b472-380f28d40a83: new RaftServerImpl for group-F4061F937CC6:[d29b9d15-d66c-42ad-b472-380f28d40a83:192.168.69.111:36178, db2abc53-6362-4b3f-b45e-27839c8be9d9:192.168.69.111:36711, 9528c11a-fb93-4137-9963-bf3b5733d594:192.168.69.111:41746] with ContainerStateMachine:uninitialized
2019-08-29 08:13:47,430 [pool-461-thread-1] INFO  server.RaftServerConfigKeys (ConfUtils.java:logGet(43)) - raft.server.log.appender.install.snapshot.enabled = false (custom)
2019-08-29 08:13:47,430 [pool-439-thread-1] INFO  server.RaftServerConfigKeys (ConfUtils.java:logGet(43)) - raft.server.rpc.timeout.min = 5s (custom)
2019-08-29 08:13:47,430 [pool-461-thread-1] INFO  impl.RaftServerImpl (ServerState.java:<init>(105)) - 9528c11a-fb93-4137-9963-bf3b5733d594:group-F4061F937CC6 ConfigurationManager, init=-1: [d29b9d15-d66c-42ad-b472-380f28d40a83:192.168.69.111:36178, db2abc53-6362-4b3f-b45e-27839c8be9d9:192.168.69.111:36711, 9528c11a-fb93-4137-9963-bf3b5733d594:192.168.69.111:41746], old=null, confs=<EMPTY_MAP>
2019-08-29 08:13:47,430 [pool-439-thread-1] INFO  server.RaftServerConfigKeys (ConfUtils.java:logGet(43)) - raft.server.rpc.timeout.max = 5200ms (custom)
2019-08-29 08:13:47,430 [pool-450-thread-1] INFO  impl.RaftServerImpl (RaftServerImpl.java:<init>(93)) - db2abc53-6362-4b3f-b45e-27839c8be9d9: new RaftServerImpl for group-F4061F937CC6:[d29b9d15-d66c-42ad-b472-380f28d40a83:192.168.69.111:36178, db2abc53-6362-4b3f-b45e-27839c8be9d9:192.168.69.111:36711, 9528c11a-fb93-4137-9963-bf3b5733d594:192.168.69.111:41746] with ContainerStateMachine:uninitialized
2019-08-29 08:13:47,430 [pool-439-thread-1] INFO  server.RaftServerConfigKeys (ConfUtils.java:logGet(43)) - raft.server.rpcslowness.timeout = 120s (custom)
2019-08-29 08:13:47,431 [pool-439-thread-1] INFO  server.RaftServerConfigKeys (ConfUtils.java:logGet(43)) - raft.server.sleep.deviation.threshold = 300 (default)
2019-08-29 08:13:47,430 [pool-461-thread-1] INFO  server.RaftServerConfigKeys (ConfUtils.java:logGet(43)) - raft.server.storage.dir = [/workdir/hadoop-ozone/integration-test/target/test-dir/MiniOzoneClusterImpl-8a7297db-6aa6-4f06-8934-9a0bed7f2088/datanode-2/data/ratis] (custom)
2019-08-29 08:13:47,431 [pool-439-thread-1] INFO  server.RaftServerConfigKeys (ConfUtils.java:logGet(43)) - raft.server.log.appender.install.snapshot.enabled = false (custom)
2019-08-29 08:13:47,430 [pool-450-thread-1] INFO  server.RaftServerConfigKeys (ConfUtils.java:logGet(43)) - raft.server.rpc.timeout.min = 5s (custom)
2019-08-29 08:13:47,431 [pool-461-thread-1] INFO  storage.RaftStorageDirectory (RaftStorageDirectory.java:analyzeStorage(246)) - The storage directory /workdir/hadoop-ozone/integration-test/target/test-dir/MiniOzoneClusterImpl-8a7297db-6aa6-4f06-8934-9a0bed7f2088/datanode-2/data/ratis/15b2e2b0-221b-4216-b4e5-f4061f937cc6 does not exist. Creating ...
2019-08-29 08:13:47,431 [pool-439-thread-1] INFO  impl.RaftServerImpl (ServerState.java:<init>(105)) - d29b9d15-d66c-42ad-b472-380f28d40a83:group-F4061F937CC6 ConfigurationManager, init=-1: [d29b9d15-d66c-42ad-b472-380f28d40a83:192.168.69.111:36178, db2abc53-6362-4b3f-b45e-27839c8be9d9:192.168.69.111:36711, 9528c11a-fb93-4137-9963-bf3b5733d594:192.168.69.111:41746], old=null, confs=<EMPTY_MAP>
2019-08-29 08:13:47,431 [pool-450-thread-1] INFO  server.RaftServerConfigKeys (ConfUtils.java:logGet(43)) - raft.server.rpc.timeout.max = 5200ms (custom)
2019-08-29 08:13:47,431 [pool-439-thread-1] INFO  server.RaftServerConfigKeys (ConfUtils.java:logGet(43)) - raft.server.storage.dir = [/workdir/hadoop-ozone/integration-test/target/test-dir/MiniOzoneClusterImpl-8a7297db-6aa6-4f06-8934-9a0bed7f2088/datanode-0/data/ratis] (custom)
2019-08-29 08:13:47,431 [pool-450-thread-1] INFO  server.RaftServerConfigKeys (ConfUtils.java:logGet(43)) - raft.server.rpcslowness.timeout = 120s (custom)
2019-08-29 08:13:47,432 [pool-450-thread-1] INFO  server.RaftServerConfigKeys (ConfUtils.java:logGet(43)) - raft.server.sleep.deviation.threshold = 300 (default)
2019-08-29 08:13:47,432 [pool-439-thread-1] INFO  storage.RaftStorageDirectory (RaftStorageDirectory.java:analyzeStorage(246)) - The storage directory /workdir/hadoop-ozone/integration-test/target/test-dir/MiniOzoneClusterImpl-8a7297db-6aa6-4f06-8934-9a0bed7f2088/datanode-0/data/ratis/15b2e2b0-221b-4216-b4e5-f4061f937cc6 does not exist. Creating ...
2019-08-29 08:13:47,432 [pool-450-thread-1] INFO  server.RaftServerConfigKeys (ConfUtils.java:logGet(43)) - raft.server.log.appender.install.snapshot.enabled = false (custom)
2019-08-29 08:13:47,432 [pool-450-thread-1] INFO  impl.RaftServerImpl (ServerState.java:<init>(105)) - db2abc53-6362-4b3f-b45e-27839c8be9d9:group-F4061F937CC6 ConfigurationManager, init=-1: [d29b9d15-d66c-42ad-b472-380f28d40a83:192.168.69.111:36178, db2abc53-6362-4b3f-b45e-27839c8be9d9:192.168.69.111:36711, 9528c11a-fb93-4137-9963-bf3b5733d594:192.168.69.111:41746], old=null, confs=<EMPTY_MAP>
2019-08-29 08:13:47,432 [pool-450-thread-1] INFO  server.RaftServerConfigKeys (ConfUtils.java:logGet(43)) - raft.server.storage.dir = [/workdir/hadoop-ozone/integration-test/target/test-dir/MiniOzoneClusterImpl-8a7297db-6aa6-4f06-8934-9a0bed7f2088/datanode-1/data/ratis] (custom)
2019-08-29 08:13:47,433 [pool-450-thread-1] INFO  storage.RaftStorageDirectory (RaftStorageDirectory.java:analyzeStorage(246)) - The storage directory /workdir/hadoop-ozone/integration-test/target/test-dir/MiniOzoneClusterImpl-8a7297db-6aa6-4f06-8934-9a0bed7f2088/datanode-1/data/ratis/15b2e2b0-221b-4216-b4e5-f4061f937cc6 does not exist. Creating ...
2019-08-29 08:13:47,454 [pool-461-thread-1] INFO  storage.RaftStorageDirectory (RaftStorageDirectory.java:tryLock(328)) - Lock on /workdir/hadoop-ozone/integration-test/target/test-dir/MiniOzoneClusterImpl-8a7297db-6aa6-4f06-8934-9a0bed7f2088/datanode-2/data/ratis/15b2e2b0-221b-4216-b4e5-f4061f937cc6/in_use.lock acquired by nodename 17172@pr-hdds-1569-g9zr9-4145101663
2019-08-29 08:13:47,454 [pool-450-thread-1] INFO  storage.RaftStorageDirectory (RaftStorageDirectory.java:tryLock(328)) - Lock on /workdir/hadoop-ozone/integration-test/target/test-dir/MiniOzoneClusterImpl-8a7297db-6aa6-4f06-8934-9a0bed7f2088/datanode-1/data/ratis/15b2e2b0-221b-4216-b4e5-f4061f937cc6/in_use.lock acquired by nodename 17172@pr-hdds-1569-g9zr9-4145101663
2019-08-29 08:13:47,454 [pool-439-thread-1] INFO  storage.RaftStorageDirectory (RaftStorageDirectory.java:tryLock(328)) - Lock on /workdir/hadoop-ozone/integration-test/target/test-dir/MiniOzoneClusterImpl-8a7297db-6aa6-4f06-8934-9a0bed7f2088/datanode-0/data/ratis/15b2e2b0-221b-4216-b4e5-f4061f937cc6/in_use.lock acquired by nodename 17172@pr-hdds-1569-g9zr9-4145101663
2019-08-29 08:13:47,486 [pool-461-thread-1] INFO  storage.RaftStorage (RaftStorage.java:format(72)) - Storage directory /workdir/hadoop-ozone/integration-test/target/test-dir/MiniOzoneClusterImpl-8a7297db-6aa6-4f06-8934-9a0bed7f2088/datanode-2/data/ratis/15b2e2b0-221b-4216-b4e5-f4061f937cc6 has been successfully formatted.
2019-08-29 08:13:47,486 [pool-450-thread-1] INFO  storage.RaftStorage (RaftStorage.java:format(72)) - Storage directory /workdir/hadoop-ozone/integration-test/target/test-dir/MiniOzoneClusterImpl-8a7297db-6aa6-4f06-8934-9a0bed7f2088/datanode-1/data/ratis/15b2e2b0-221b-4216-b4e5-f4061f937cc6 has been successfully formatted.
2019-08-29 08:13:47,486 [pool-439-thread-1] INFO  storage.RaftStorage (RaftStorage.java:format(72)) - Storage directory /workdir/hadoop-ozone/integration-test/target/test-dir/MiniOzoneClusterImpl-8a7297db-6aa6-4f06-8934-9a0bed7f2088/datanode-0/data/ratis/15b2e2b0-221b-4216-b4e5-f4061f937cc6 has been successfully formatted.
2019-08-29 08:13:47,486 [pool-450-thread-1] INFO  ratis.ContainerStateMachine (ContainerStateMachine.java:loadSnapshot(226)) - group-F4061F937CC6: The snapshot info is null. Setting the last applied indexto:(t:0, i:~)
2019-08-29 08:13:47,486 [pool-461-thread-1] INFO  ratis.ContainerStateMachine (ContainerStateMachine.java:loadSnapshot(226)) - group-F4061F937CC6: The snapshot info is null. Setting the last applied indexto:(t:0, i:~)
2019-08-29 08:13:47,486 [pool-450-thread-1] INFO  server.RaftServerConfigKeys (ConfUtils.java:logGet(43)) - raft.server.leader.election.timeout = 120s (custom)
2019-08-29 08:13:47,486 [pool-439-thread-1] INFO  ratis.ContainerStateMachine (ContainerStateMachine.java:loadSnapshot(226)) - group-F4061F937CC6: The snapshot info is null. Setting the last applied indexto:(t:0, i:~)
2019-08-29 08:13:47,486 [IPC Server handler 2 on 42754] INFO  net.NetworkTopology (NetworkTopologyImpl.java:add(110)) - Added a new node: /default-rack/885df2e3-7d4b-41eb-82f7-ec9d233e01be
2019-08-29 08:13:47,487 [pool-439-thread-1] INFO  server.RaftServerConfigKeys (ConfUtils.java:logGet(43)) - raft.server.leader.election.timeout = 120s (custom)
2019-08-29 08:13:47,487 [pool-450-thread-1] INFO  server.RaftServerConfigKeys (ConfUtils.java:logGet(43)) - raft.server.log.use.memory = false (default)
2019-08-29 08:13:47,487 [pool-461-thread-1] INFO  server.RaftServerConfigKeys (ConfUtils.java:logGet(43)) - raft.server.leader.election.timeout = 120s (custom)
2019-08-29 08:13:47,487 [pool-450-thread-1] INFO  server.RaftServerConfigKeys (ConfUtils.java:logGet(43)) - raft.server.log.purge.gap = 1000000 (custom)
2019-08-29 08:13:47,487 [pool-439-thread-1] INFO  server.RaftServerConfigKeys (ConfUtils.java:logGet(43)) - raft.server.log.use.memory = false (default)
2019-08-29 08:13:47,487 [IPC Server handler 2 on 42754] INFO  node.SCMNodeManager (SCMNodeManager.java:register(273)) - Registered Data node : 885df2e3-7d4b-41eb-82f7-ec9d233e01be{ip: 192.168.69.111, host: pr-hdds-1569-g9zr9-4145101663, networkLocation: /default-rack, certSerialId: null}
2019-08-29 08:13:47,488 [pool-439-thread-1] INFO  server.RaftServerConfigKeys (ConfUtils.java:logGet(43)) - raft.server.log.purge.gap = 1000000 (custom)
2019-08-29 08:13:47,488 | INFO  | SCMAudit | user=jenkins1000 | ip=192.168.69.111 | op=REGISTER {datanodeDetails=885df2e3-7d4b-41eb-82f7-ec9d233e01be{ip: 192.168.69.111, host: pr-hdds-1569-g9zr9-4145101663, networkLocation: /default-rack, certSerialId: null}} | ret=SUCCESS |  
2019-08-29 08:13:47,488 [pool-450-thread-1] INFO  server.RaftServerConfigKeys (ConfUtils.java:logGet(43)) - raft.server.log.appender.buffer.byte-limit = 33554432 (custom)
2019-08-29 08:13:47,487 [pool-461-thread-1] INFO  server.RaftServerConfigKeys (ConfUtils.java:logGet(43)) - raft.server.log.use.memory = false (default)
2019-08-29 08:13:47,488 [pool-450-thread-1] INFO  server.RaftServerConfigKeys (ConfUtils.java:logGet(43)) - raft.server.log.segment.size.max = 1048576 (custom)
2019-08-29 08:13:47,488 [pool-439-thread-1] INFO  server.RaftServerConfigKeys (ConfUtils.java:logGet(43)) - raft.server.log.appender.buffer.byte-limit = 33554432 (custom)
2019-08-29 08:13:47,488 [pool-450-thread-1] INFO  server.RaftServerConfigKeys (ConfUtils.java:logGet(43)) - raft.server.log.segment.cache.num.max = 2 (custom)
2019-08-29 08:13:47,488 [pool-461-thread-1] INFO  server.RaftServerConfigKeys (ConfUtils.java:logGet(43)) - raft.server.log.purge.gap = 1000000 (custom)
2019-08-29 08:13:47,489 [pool-450-thread-1] INFO  segmented.SegmentedRaftLogWorker (SegmentedRaftLogWorker.java:<init>(172)) - new db2abc53-6362-4b3f-b45e-27839c8be9d9-SegmentedRaftLogWorker:Storage Directory /workdir/hadoop-ozone/integration-test/target/test-dir/MiniOzoneClusterImpl-8a7297db-6aa6-4f06-8934-9a0bed7f2088/datanode-1/data/ratis/15b2e2b0-221b-4216-b4e5-f4061f937cc6 for RaftStorage:Storage Directory /workdir/hadoop-ozone/integration-test/target/test-dir/MiniOzoneClusterImpl-8a7297db-6aa6-4f06-8934-9a0bed7f2088/datanode-1/data/ratis/15b2e2b0-221b-4216-b4e5-f4061f937cc6
2019-08-29 08:13:47,489 [pool-439-thread-1] INFO  server.RaftServerConfigKeys (ConfUtils.java:logGet(43)) - raft.server.log.segment.size.max = 1048576 (custom)
2019-08-29 08:13:47,489 [pool-450-thread-1] INFO  server.RaftServerConfigKeys (ConfUtils.java:logGet(43)) - raft.server.log.queue.byte-limit = 2147483647 (custom)
2019-08-29 08:13:47,489 [pool-461-thread-1] INFO  server.RaftServerConfigKeys (ConfUtils.java:logGet(43)) - raft.server.log.appender.buffer.byte-limit = 33554432 (custom)
2019-08-29 08:13:47,489 [pool-450-thread-1] INFO  server.RaftServerConfigKeys (ConfUtils.java:logGet(43)) - raft.server.log.queue.element-limit = 1024 (custom)
2019-08-29 08:13:47,489 [pool-439-thread-1] INFO  server.RaftServerConfigKeys (ConfUtils.java:logGet(43)) - raft.server.log.segment.cache.num.max = 2 (custom)
2019-08-29 08:13:47,490 [pool-450-thread-1] INFO  server.RaftServerConfigKeys (ConfUtils.java:logGet(43)) - raft.server.log.segment.size.max = 1048576 (custom)
2019-08-29 08:13:47,490 [pool-461-thread-1] INFO  server.RaftServerConfigKeys (ConfUtils.java:logGet(43)) - raft.server.log.segment.size.max = 1048576 (custom)
2019-08-29 08:13:47,490 [pool-450-thread-1] INFO  server.RaftServerConfigKeys (ConfUtils.java:logGet(43)) - raft.server.log.preallocated.size = 16384 (custom)
2019-08-29 08:13:47,490 [pool-450-thread-1] INFO  server.RaftServerConfigKeys (ConfUtils.java:logGet(43)) - raft.server.log.write.buffer.size = 33554432 (custom)
2019-08-29 08:13:47,490 [pool-439-thread-1] INFO  segmented.SegmentedRaftLogWorker (SegmentedRaftLogWorker.java:<init>(172)) - new d29b9d15-d66c-42ad-b472-380f28d40a83-SegmentedRaftLogWorker:Storage Directory /workdir/hadoop-ozone/integration-test/target/test-dir/MiniOzoneClusterImpl-8a7297db-6aa6-4f06-8934-9a0bed7f2088/datanode-0/data/ratis/15b2e2b0-221b-4216-b4e5-f4061f937cc6 for RaftStorage:Storage Directory /workdir/hadoop-ozone/integration-test/target/test-dir/MiniOzoneClusterImpl-8a7297db-6aa6-4f06-8934-9a0bed7f2088/datanode-0/data/ratis/15b2e2b0-221b-4216-b4e5-f4061f937cc6
2019-08-29 08:13:47,490 [pool-450-thread-1] INFO  server.RaftServerConfigKeys (ConfUtils.java:logGet(43)) - raft.server.log.force.sync.num = 128 (default)
2019-08-29 08:13:47,490 [pool-461-thread-1] INFO  server.RaftServerConfigKeys (ConfUtils.java:logGet(43)) - raft.server.log.segment.cache.num.max = 2 (custom)
2019-08-29 08:13:47,491 [pool-450-thread-1] INFO  server.RaftServerConfigKeys (ConfUtils.java:logGet(43)) - raft.server.log.statemachine.data.sync = true (default)
2019-08-29 08:13:47,491 [pool-439-thread-1] INFO  server.RaftServerConfigKeys (ConfUtils.java:logGet(43)) - raft.server.log.queue.byte-limit = 2147483647 (custom)
2019-08-29 08:13:47,491 [pool-450-thread-1] INFO  server.RaftServerConfigKeys (ConfUtils.java:logGet(43)) - raft.server.log.statemachine.data.sync.timeout = 10s (default)
2019-08-29 08:13:47,491 [pool-461-thread-1] INFO  segmented.SegmentedRaftLogWorker (SegmentedRaftLogWorker.java:<init>(172)) - new 9528c11a-fb93-4137-9963-bf3b5733d594-SegmentedRaftLogWorker:Storage Directory /workdir/hadoop-ozone/integration-test/target/test-dir/MiniOzoneClusterImpl-8a7297db-6aa6-4f06-8934-9a0bed7f2088/datanode-2/data/ratis/15b2e2b0-221b-4216-b4e5-f4061f937cc6 for RaftStorage:Storage Directory /workdir/hadoop-ozone/integration-test/target/test-dir/MiniOzoneClusterImpl-8a7297db-6aa6-4f06-8934-9a0bed7f2088/datanode-2/data/ratis/15b2e2b0-221b-4216-b4e5-f4061f937cc6
2019-08-29 08:13:47,491 [pool-450-thread-1] INFO  server.RaftServerConfigKeys (ConfUtils.java:logGet(43)) - raft.server.log.statemachine.data.sync.timeout.retry = -1 (default)
2019-08-29 08:13:47,491 [pool-439-thread-1] INFO  server.RaftServerConfigKeys (ConfUtils.java:logGet(43)) - raft.server.log.queue.element-limit = 1024 (custom)
2019-08-29 08:13:47,492 [pool-450-thread-1] INFO  server.RaftServerConfigKeys (ConfUtils.java:logGet(43)) - raft.server.log.statemachine.data.caching.enabled = true (custom)
2019-08-29 08:13:47,491 [pool-461-thread-1] INFO  server.RaftServerConfigKeys (ConfUtils.java:logGet(43)) - raft.server.log.queue.byte-limit = 2147483647 (custom)
2019-08-29 08:13:47,492 [pool-439-thread-1] INFO  server.RaftServerConfigKeys (ConfUtils.java:logGet(43)) - raft.server.log.segment.size.max = 1048576 (custom)
2019-08-29 08:13:47,492 [pool-450-thread-1] INFO  segmented.SegmentedRaftLogWorker (SegmentedRaftLogWorker.java:lambda$new$0(132)) - db2abc53-6362-4b3f-b45e-27839c8be9d9-SegmentedRaftLogWorker:Storage Directory /workdir/hadoop-ozone/integration-test/target/test-dir/MiniOzoneClusterImpl-8a7297db-6aa6-4f06-8934-9a0bed7f2088/datanode-1/data/ratis/15b2e2b0-221b-4216-b4e5-f4061f937cc6: flushIndex: setUnconditionally 0 -> -1
2019-08-29 08:13:47,492 [pool-461-thread-1] INFO  server.RaftServerConfigKeys (ConfUtils.java:logGet(43)) - raft.server.log.queue.element-limit = 1024 (custom)
2019-08-29 08:13:47,492 [pool-439-thread-1] INFO  server.RaftServerConfigKeys (ConfUtils.java:logGet(43)) - raft.server.log.preallocated.size = 16384 (custom)
2019-08-29 08:13:47,493 [pool-450-thread-1] INFO  server.RaftServerConfigKeys (ConfUtils.java:logGet(43)) - raft.server.snapshot.auto.trigger.enabled = true (custom)
2019-08-29 08:13:47,492 [pool-461-thread-1] INFO  server.RaftServerConfigKeys (ConfUtils.java:logGet(43)) - raft.server.log.segment.size.max = 1048576 (custom)
2019-08-29 08:13:47,493 [pool-450-thread-1] INFO  server.RaftServerConfigKeys (ConfUtils.java:logGet(43)) - raft.server.snapshot.auto.trigger.threshold = 10000 (custom)
2019-08-29 08:13:47,493 [pool-439-thread-1] INFO  server.RaftServerConfigKeys (ConfUtils.java:logGet(43)) - raft.server.log.write.buffer.size = 33554432 (custom)
2019-08-29 08:13:47,493 [pool-450-thread-1] INFO  server.RaftServerConfigKeys (ConfUtils.java:logGet(43)) - raft.server.retrycache.expirytime = 600000ms (custom)
2019-08-29 08:13:47,493 [pool-461-thread-1] INFO  server.RaftServerConfigKeys (ConfUtils.java:logGet(43)) - raft.server.log.preallocated.size = 16384 (custom)
2019-08-29 08:13:47,493 [pool-450-thread-1] INFO  impl.RaftServerImpl (RaftServerImpl.java:start(180)) - db2abc53-6362-4b3f-b45e-27839c8be9d9: start group-F4061F937CC6
2019-08-29 08:13:47,493 [pool-439-thread-1] INFO  server.RaftServerConfigKeys (ConfUtils.java:logGet(43)) - raft.server.log.force.sync.num = 128 (default)
2019-08-29 08:13:47,494 [pool-450-thread-1] INFO  impl.RaftServerImpl (RaftServerImpl.java:setRole(171)) - db2abc53-6362-4b3f-b45e-27839c8be9d9:group-F4061F937CC6 changes role from null to FOLLOWER at term 0 for startAsFollower
2019-08-29 08:13:47,493 [pool-461-thread-1] INFO  server.RaftServerConfigKeys (ConfUtils.java:logGet(43)) - raft.server.log.write.buffer.size = 33554432 (custom)
2019-08-29 08:13:47,494 [pool-450-thread-1] INFO  impl.RoleInfo (RoleInfo.java:updateAndGet(143)) - db2abc53-6362-4b3f-b45e-27839c8be9d9: start FollowerState
2019-08-29 08:13:47,494 [pool-439-thread-1] INFO  server.RaftServerConfigKeys (ConfUtils.java:logGet(43)) - raft.server.log.statemachine.data.sync = true (default)
2019-08-29 08:13:47,494 [pool-461-thread-1] INFO  server.RaftServerConfigKeys (ConfUtils.java:logGet(43)) - raft.server.log.force.sync.num = 128 (default)
2019-08-29 08:13:47,494 [pool-439-thread-1] INFO  server.RaftServerConfigKeys (ConfUtils.java:logGet(43)) - raft.server.log.statemachine.data.sync.timeout = 10s (default)
2019-08-29 08:13:47,494 [pool-450-thread-1] INFO  util.JmxRegister (JmxRegister.java:tryRegister(44)) - Successfully registered JMX Bean with object name Ratis:service=RaftServer,group=group-F4061F937CC6,id=db2abc53-6362-4b3f-b45e-27839c8be9d9
2019-08-29 08:13:47,494 [pool-461-thread-1] INFO  server.RaftServerConfigKeys (ConfUtils.java:logGet(43)) - raft.server.log.statemachine.data.sync = true (default)
2019-08-29 08:13:47,494 [pool-439-thread-1] INFO  server.RaftServerConfigKeys (ConfUtils.java:logGet(43)) - raft.server.log.statemachine.data.sync.timeout.retry = -1 (default)
2019-08-29 08:13:47,495 [pool-461-thread-1] INFO  server.RaftServerConfigKeys (ConfUtils.java:logGet(43)) - raft.server.log.statemachine.data.sync.timeout = 10s (default)
2019-08-29 08:13:47,495 [pool-439-thread-1] INFO  server.RaftServerConfigKeys (ConfUtils.java:logGet(43)) - raft.server.log.statemachine.data.caching.enabled = true (custom)
2019-08-29 08:13:47,495 [pool-461-thread-1] INFO  server.RaftServerConfigKeys (ConfUtils.java:logGet(43)) - raft.server.log.statemachine.data.sync.timeout.retry = -1 (default)
2019-08-29 08:13:47,495 [pool-439-thread-1] INFO  segmented.SegmentedRaftLogWorker (SegmentedRaftLogWorker.java:lambda$new$0(132)) - d29b9d15-d66c-42ad-b472-380f28d40a83-SegmentedRaftLogWorker:Storage Directory /workdir/hadoop-ozone/integration-test/target/test-dir/MiniOzoneClusterImpl-8a7297db-6aa6-4f06-8934-9a0bed7f2088/datanode-0/data/ratis/15b2e2b0-221b-4216-b4e5-f4061f937cc6: flushIndex: setUnconditionally 0 -> -1
2019-08-29 08:13:47,495 [pool-461-thread-1] INFO  server.RaftServerConfigKeys (ConfUtils.java:logGet(43)) - raft.server.log.statemachine.data.caching.enabled = true (custom)
2019-08-29 08:13:47,498 [pool-439-thread-1] INFO  server.RaftServerConfigKeys (ConfUtils.java:logGet(43)) - raft.server.snapshot.auto.trigger.enabled = true (custom)
2019-08-29 08:13:47,498 [pool-461-thread-1] INFO  segmented.SegmentedRaftLogWorker (SegmentedRaftLogWorker.java:lambda$new$0(132)) - 9528c11a-fb93-4137-9963-bf3b5733d594-SegmentedRaftLogWorker:Storage Directory /workdir/hadoop-ozone/integration-test/target/test-dir/MiniOzoneClusterImpl-8a7297db-6aa6-4f06-8934-9a0bed7f2088/datanode-2/data/ratis/15b2e2b0-221b-4216-b4e5-f4061f937cc6: flushIndex: setUnconditionally 0 -> -1
2019-08-29 08:13:47,498 [pool-439-thread-1] INFO  server.RaftServerConfigKeys (ConfUtils.java:logGet(43)) - raft.server.snapshot.auto.trigger.threshold = 10000 (custom)
2019-08-29 08:13:47,499 [pool-461-thread-1] INFO  server.RaftServerConfigKeys (ConfUtils.java:logGet(43)) - raft.server.snapshot.auto.trigger.enabled = true (custom)
2019-08-29 08:13:47,499 [pool-439-thread-1] INFO  server.RaftServerConfigKeys (ConfUtils.java:logGet(43)) - raft.server.retrycache.expirytime = 600000ms (custom)
2019-08-29 08:13:47,499 [pool-461-thread-1] INFO  server.RaftServerConfigKeys (ConfUtils.java:logGet(43)) - raft.server.snapshot.auto.trigger.threshold = 10000 (custom)
2019-08-29 08:13:47,499 [pool-439-thread-1] INFO  impl.RaftServerImpl (RaftServerImpl.java:start(180)) - d29b9d15-d66c-42ad-b472-380f28d40a83: start group-F4061F937CC6
2019-08-29 08:13:47,499 [pool-461-thread-1] INFO  server.RaftServerConfigKeys (ConfUtils.java:logGet(43)) - raft.server.retrycache.expirytime = 600000ms (custom)
2019-08-29 08:13:47,499 [pool-439-thread-1] INFO  impl.RaftServerImpl (RaftServerImpl.java:setRole(171)) - d29b9d15-d66c-42ad-b472-380f28d40a83:group-F4061F937CC6 changes role from null to FOLLOWER at term 0 for startAsFollower
2019-08-29 08:13:47,499 [pool-461-thread-1] INFO  impl.RaftServerImpl (RaftServerImpl.java:start(180)) - 9528c11a-fb93-4137-9963-bf3b5733d594: start group-F4061F937CC6
2019-08-29 08:13:47,499 [pool-439-thread-1] INFO  impl.RoleInfo (RoleInfo.java:updateAndGet(143)) - d29b9d15-d66c-42ad-b472-380f28d40a83: start FollowerState
2019-08-29 08:13:47,499 [pool-461-thread-1] INFO  impl.RaftServerImpl (RaftServerImpl.java:setRole(171)) - 9528c11a-fb93-4137-9963-bf3b5733d594:group-F4061F937CC6 changes role from null to FOLLOWER at term 0 for startAsFollower
2019-08-29 08:13:47,499 [pool-461-thread-1] INFO  impl.RoleInfo (RoleInfo.java:updateAndGet(143)) - 9528c11a-fb93-4137-9963-bf3b5733d594: start FollowerState
2019-08-29 08:13:47,499 [pool-439-thread-1] INFO  util.JmxRegister (JmxRegister.java:tryRegister(44)) - Successfully registered JMX Bean with object name Ratis:service=RaftServer,group=group-F4061F937CC6,id=d29b9d15-d66c-42ad-b472-380f28d40a83
2019-08-29 08:13:47,500 [pool-461-thread-1] INFO  util.JmxRegister (JmxRegister.java:tryRegister(44)) - Successfully registered JMX Bean with object name Ratis:service=RaftServer,group=group-F4061F937CC6,id=9528c11a-fb93-4137-9963-bf3b5733d594
2019-08-29 08:13:47,504 [RatisPipelineUtilsThread] INFO  pipeline.PipelineStateManager (PipelineStateManager.java:addPipeline(56)) - Created pipeline Pipeline[ Id: 15b2e2b0-221b-4216-b4e5-f4061f937cc6, Nodes: d29b9d15-d66c-42ad-b472-380f28d40a83{ip: 192.168.69.111, host: pr-hdds-1569-g9zr9-4145101663, networkLocation: /default-rack, certSerialId: null}9528c11a-fb93-4137-9963-bf3b5733d594{ip: 192.168.69.111, host: pr-hdds-1569-g9zr9-4145101663, networkLocation: /default-rack, certSerialId: null}db2abc53-6362-4b3f-b45e-27839c8be9d9{ip: 192.168.69.111, host: pr-hdds-1569-g9zr9-4145101663, networkLocation: /default-rack, certSerialId: null}, Type:RATIS, Factor:THREE, State:OPEN]
2019-08-29 08:13:47,681 [IPC Server handler 4 on 42754] INFO  net.NetworkTopology (NetworkTopologyImpl.java:add(110)) - Added a new node: /default-rack/50e47a8f-6a67-4a96-b3a3-baa2829f3e12
2019-08-29 08:13:47,681 [IPC Server handler 4 on 42754] INFO  node.SCMNodeManager (SCMNodeManager.java:register(273)) - Registered Data node : 50e47a8f-6a67-4a96-b3a3-baa2829f3e12{ip: 192.168.69.111, host: pr-hdds-1569-g9zr9-4145101663, networkLocation: /default-rack, certSerialId: null}
2019-08-29 08:13:47,684 | INFO  | SCMAudit | user=jenkins1000 | ip=192.168.69.111 | op=REGISTER {datanodeDetails=50e47a8f-6a67-4a96-b3a3-baa2829f3e12{ip: 192.168.69.111, host: pr-hdds-1569-g9zr9-4145101663, networkLocation: /default-rack, certSerialId: null}} | ret=SUCCESS |  
2019-08-29 08:13:47,690 [grpc-default-executor-5] INFO  impl.RaftServerProxy (RaftServerProxy.java:addNew(89)) - 885df2e3-7d4b-41eb-82f7-ec9d233e01be: addNew group-389F32D4F73D:[885df2e3-7d4b-41eb-82f7-ec9d233e01be:192.168.69.111:42951] returns group-389F32D4F73D:java.util.concurrent.CompletableFuture@275b3677[Not completed]
2019-08-29 08:13:47,692 [pool-472-thread-1] INFO  impl.RaftServerImpl (RaftServerImpl.java:<init>(93)) - 885df2e3-7d4b-41eb-82f7-ec9d233e01be: new RaftServerImpl for group-389F32D4F73D:[885df2e3-7d4b-41eb-82f7-ec9d233e01be:192.168.69.111:42951] with ContainerStateMachine:uninitialized
2019-08-29 08:13:47,692 [pool-472-thread-1] INFO  server.RaftServerConfigKeys (ConfUtils.java:logGet(43)) - raft.server.rpc.timeout.min = 5s (custom)
2019-08-29 08:13:47,692 [pool-472-thread-1] INFO  server.RaftServerConfigKeys (ConfUtils.java:logGet(43)) - raft.server.rpc.timeout.max = 5200ms (custom)
2019-08-29 08:13:47,692 [pool-472-thread-1] INFO  server.RaftServerConfigKeys (ConfUtils.java:logGet(43)) - raft.server.rpcslowness.timeout = 120s (custom)
2019-08-29 08:13:47,693 [pool-472-thread-1] INFO  server.RaftServerConfigKeys (ConfUtils.java:logGet(43)) - raft.server.sleep.deviation.threshold = 300 (default)
2019-08-29 08:13:47,693 [pool-472-thread-1] INFO  server.RaftServerConfigKeys (ConfUtils.java:logGet(43)) - raft.server.log.appender.install.snapshot.enabled = false (custom)
2019-08-29 08:13:47,693 [pool-472-thread-1] INFO  impl.RaftServerImpl (ServerState.java:<init>(105)) - 885df2e3-7d4b-41eb-82f7-ec9d233e01be:group-389F32D4F73D ConfigurationManager, init=-1: [885df2e3-7d4b-41eb-82f7-ec9d233e01be:192.168.69.111:42951], old=null, confs=<EMPTY_MAP>
2019-08-29 08:13:47,693 [pool-472-thread-1] INFO  server.RaftServerConfigKeys (ConfUtils.java:logGet(43)) - raft.server.storage.dir = [/workdir/hadoop-ozone/integration-test/target/test-dir/MiniOzoneClusterImpl-8a7297db-6aa6-4f06-8934-9a0bed7f2088/datanode-3/data/ratis] (custom)
2019-08-29 08:13:47,694 [pool-472-thread-1] INFO  storage.RaftStorageDirectory (RaftStorageDirectory.java:analyzeStorage(246)) - The storage directory /workdir/hadoop-ozone/integration-test/target/test-dir/MiniOzoneClusterImpl-8a7297db-6aa6-4f06-8934-9a0bed7f2088/datanode-3/data/ratis/95023631-8daf-415c-a2c4-389f32d4f73d does not exist. Creating ...
2019-08-29 08:13:47,725 [pool-472-thread-1] INFO  storage.RaftStorageDirectory (RaftStorageDirectory.java:tryLock(328)) - Lock on /workdir/hadoop-ozone/integration-test/target/test-dir/MiniOzoneClusterImpl-8a7297db-6aa6-4f06-8934-9a0bed7f2088/datanode-3/data/ratis/95023631-8daf-415c-a2c4-389f32d4f73d/in_use.lock acquired by nodename 17172@pr-hdds-1569-g9zr9-4145101663
2019-08-29 08:13:47,751 [pool-472-thread-1] INFO  storage.RaftStorage (RaftStorage.java:format(72)) - Storage directory /workdir/hadoop-ozone/integration-test/target/test-dir/MiniOzoneClusterImpl-8a7297db-6aa6-4f06-8934-9a0bed7f2088/datanode-3/data/ratis/95023631-8daf-415c-a2c4-389f32d4f73d has been successfully formatted.
2019-08-29 08:13:47,751 [pool-472-thread-1] INFO  ratis.ContainerStateMachine (ContainerStateMachine.java:loadSnapshot(226)) - group-389F32D4F73D: The snapshot info is null. Setting the last applied indexto:(t:0, i:~)
2019-08-29 08:13:47,752 [pool-472-thread-1] INFO  server.RaftServerConfigKeys (ConfUtils.java:logGet(43)) - raft.server.leader.election.timeout = 120s (custom)
2019-08-29 08:13:47,752 [pool-472-thread-1] INFO  server.RaftServerConfigKeys (ConfUtils.java:logGet(43)) - raft.server.log.use.memory = false (default)
2019-08-29 08:13:47,752 [pool-472-thread-1] INFO  server.RaftServerConfigKeys (ConfUtils.java:logGet(43)) - raft.server.log.purge.gap = 1000000 (custom)
2019-08-29 08:13:47,752 [pool-472-thread-1] INFO  server.RaftServerConfigKeys (ConfUtils.java:logGet(43)) - raft.server.log.appender.buffer.byte-limit = 33554432 (custom)
2019-08-29 08:13:47,752 [pool-472-thread-1] INFO  server.RaftServerConfigKeys (ConfUtils.java:logGet(43)) - raft.server.log.segment.size.max = 1048576 (custom)
2019-08-29 08:13:47,752 [pool-472-thread-1] INFO  server.RaftServerConfigKeys (ConfUtils.java:logGet(43)) - raft.server.log.segment.cache.num.max = 2 (custom)
2019-08-29 08:13:47,753 [pool-472-thread-1] INFO  segmented.SegmentedRaftLogWorker (SegmentedRaftLogWorker.java:<init>(172)) - new 885df2e3-7d4b-41eb-82f7-ec9d233e01be-SegmentedRaftLogWorker:Storage Directory /workdir/hadoop-ozone/integration-test/target/test-dir/MiniOzoneClusterImpl-8a7297db-6aa6-4f06-8934-9a0bed7f2088/datanode-3/data/ratis/95023631-8daf-415c-a2c4-389f32d4f73d for RaftStorage:Storage Directory /workdir/hadoop-ozone/integration-test/target/test-dir/MiniOzoneClusterImpl-8a7297db-6aa6-4f06-8934-9a0bed7f2088/datanode-3/data/ratis/95023631-8daf-415c-a2c4-389f32d4f73d
2019-08-29 08:13:47,753 [pool-472-thread-1] INFO  server.RaftServerConfigKeys (ConfUtils.java:logGet(43)) - raft.server.log.queue.byte-limit = 2147483647 (custom)
2019-08-29 08:13:47,753 [pool-472-thread-1] INFO  server.RaftServerConfigKeys (ConfUtils.java:logGet(43)) - raft.server.log.queue.element-limit = 1024 (custom)
2019-08-29 08:13:47,753 [pool-472-thread-1] INFO  server.RaftServerConfigKeys (ConfUtils.java:logGet(43)) - raft.server.log.segment.size.max = 1048576 (custom)
2019-08-29 08:13:47,753 [pool-472-thread-1] INFO  server.RaftServerConfigKeys (ConfUtils.java:logGet(43)) - raft.server.log.preallocated.size = 16384 (custom)
2019-08-29 08:13:47,754 [pool-472-thread-1] INFO  server.RaftServerConfigKeys (ConfUtils.java:logGet(43)) - raft.server.log.write.buffer.size = 33554432 (custom)
2019-08-29 08:13:47,754 [pool-472-thread-1] INFO  server.RaftServerConfigKeys (ConfUtils.java:logGet(43)) - raft.server.log.force.sync.num = 128 (default)
2019-08-29 08:13:47,754 [pool-472-thread-1] INFO  server.RaftServerConfigKeys (ConfUtils.java:logGet(43)) - raft.server.log.statemachine.data.sync = true (default)
2019-08-29 08:13:47,754 [pool-472-thread-1] INFO  server.RaftServerConfigKeys (ConfUtils.java:logGet(43)) - raft.server.log.statemachine.data.sync.timeout = 10s (default)
2019-08-29 08:13:47,754 [pool-472-thread-1] INFO  server.RaftServerConfigKeys (ConfUtils.java:logGet(43)) - raft.server.log.statemachine.data.sync.timeout.retry = -1 (default)
2019-08-29 08:13:47,754 [pool-472-thread-1] INFO  server.RaftServerConfigKeys (ConfUtils.java:logGet(43)) - raft.server.log.statemachine.data.caching.enabled = true (custom)
2019-08-29 08:13:47,755 [pool-472-thread-1] INFO  segmented.SegmentedRaftLogWorker (SegmentedRaftLogWorker.java:lambda$new$0(132)) - 885df2e3-7d4b-41eb-82f7-ec9d233e01be-SegmentedRaftLogWorker:Storage Directory /workdir/hadoop-ozone/integration-test/target/test-dir/MiniOzoneClusterImpl-8a7297db-6aa6-4f06-8934-9a0bed7f2088/datanode-3/data/ratis/95023631-8daf-415c-a2c4-389f32d4f73d: flushIndex: setUnconditionally 0 -> -1
2019-08-29 08:13:47,755 [pool-472-thread-1] INFO  server.RaftServerConfigKeys (ConfUtils.java:logGet(43)) - raft.server.snapshot.auto.trigger.enabled = true (custom)
2019-08-29 08:13:47,755 [pool-472-thread-1] INFO  server.RaftServerConfigKeys (ConfUtils.java:logGet(43)) - raft.server.snapshot.auto.trigger.threshold = 10000 (custom)
2019-08-29 08:13:47,756 [pool-472-thread-1] INFO  server.RaftServerConfigKeys (ConfUtils.java:logGet(43)) - raft.server.retrycache.expirytime = 600000ms (custom)
2019-08-29 08:13:47,756 [pool-472-thread-1] INFO  impl.RaftServerImpl (RaftServerImpl.java:start(180)) - 885df2e3-7d4b-41eb-82f7-ec9d233e01be: start group-389F32D4F73D
2019-08-29 08:13:47,756 [pool-472-thread-1] INFO  impl.RaftServerImpl (RaftServerImpl.java:setRole(171)) - 885df2e3-7d4b-41eb-82f7-ec9d233e01be:group-389F32D4F73D changes role from null to FOLLOWER at term 0 for startAsFollower
2019-08-29 08:13:47,756 [pool-472-thread-1] INFO  impl.RoleInfo (RoleInfo.java:updateAndGet(143)) - 885df2e3-7d4b-41eb-82f7-ec9d233e01be: start FollowerState
2019-08-29 08:13:47,757 [pool-472-thread-1] INFO  util.JmxRegister (JmxRegister.java:tryRegister(44)) - Successfully registered JMX Bean with object name Ratis:service=RaftServer,group=group-389F32D4F73D,id=885df2e3-7d4b-41eb-82f7-ec9d233e01be
2019-08-29 08:13:47,762 [RatisPipelineUtilsThread] INFO  pipeline.PipelineStateManager (PipelineStateManager.java:addPipeline(56)) - Created pipeline Pipeline[ Id: 95023631-8daf-415c-a2c4-389f32d4f73d, Nodes: 885df2e3-7d4b-41eb-82f7-ec9d233e01be{ip: 192.168.69.111, host: pr-hdds-1569-g9zr9-4145101663, networkLocation: /default-rack, certSerialId: null}, Type:RATIS, Factor:ONE, State:OPEN]
2019-08-29 08:13:47,770 [grpc-default-executor-5] INFO  impl.RaftServerProxy (RaftServerProxy.java:addNew(89)) - 50e47a8f-6a67-4a96-b3a3-baa2829f3e12: addNew group-BE6457AE15CC:[50e47a8f-6a67-4a96-b3a3-baa2829f3e12:192.168.69.111:41454] returns group-BE6457AE15CC:java.util.concurrent.CompletableFuture@3eee0e68[Not completed]
2019-08-29 08:13:47,773 [pool-483-thread-1] INFO  impl.RaftServerImpl (RaftServerImpl.java:<init>(93)) - 50e47a8f-6a67-4a96-b3a3-baa2829f3e12: new RaftServerImpl for group-BE6457AE15CC:[50e47a8f-6a67-4a96-b3a3-baa2829f3e12:192.168.69.111:41454] with ContainerStateMachine:uninitialized
2019-08-29 08:13:47,773 [pool-483-thread-1] INFO  server.RaftServerConfigKeys (ConfUtils.java:logGet(43)) - raft.server.rpc.timeout.min = 5s (custom)
2019-08-29 08:13:47,773 [pool-483-thread-1] INFO  server.RaftServerConfigKeys (ConfUtils.java:logGet(43)) - raft.server.rpc.timeout.max = 5200ms (custom)
2019-08-29 08:13:47,773 [pool-483-thread-1] INFO  server.RaftServerConfigKeys (ConfUtils.java:logGet(43)) - raft.server.rpcslowness.timeout = 120s (custom)
2019-08-29 08:13:47,774 [pool-483-thread-1] INFO  server.RaftServerConfigKeys (ConfUtils.java:logGet(43)) - raft.server.sleep.deviation.threshold = 300 (default)
2019-08-29 08:13:47,774 [pool-483-thread-1] INFO  server.RaftServerConfigKeys (ConfUtils.java:logGet(43)) - raft.server.log.appender.install.snapshot.enabled = false (custom)
2019-08-29 08:13:47,774 [pool-483-thread-1] INFO  impl.RaftServerImpl (ServerState.java:<init>(105)) - 50e47a8f-6a67-4a96-b3a3-baa2829f3e12:group-BE6457AE15CC ConfigurationManager, init=-1: [50e47a8f-6a67-4a96-b3a3-baa2829f3e12:192.168.69.111:41454], old=null, confs=<EMPTY_MAP>
2019-08-29 08:13:47,774 [pool-483-thread-1] INFO  server.RaftServerConfigKeys (ConfUtils.java:logGet(43)) - raft.server.storage.dir = [/workdir/hadoop-ozone/integration-test/target/test-dir/MiniOzoneClusterImpl-8a7297db-6aa6-4f06-8934-9a0bed7f2088/datanode-4/data/ratis] (custom)
2019-08-29 08:13:47,775 [pool-483-thread-1] INFO  storage.RaftStorageDirectory (RaftStorageDirectory.java:analyzeStorage(246)) - The storage directory /workdir/hadoop-ozone/integration-test/target/test-dir/MiniOzoneClusterImpl-8a7297db-6aa6-4f06-8934-9a0bed7f2088/datanode-4/data/ratis/1e2e58a9-5e9a-4d17-b9d6-be6457ae15cc does not exist. Creating ...
2019-08-29 08:13:47,795 [pool-483-thread-1] INFO  storage.RaftStorageDirectory (RaftStorageDirectory.java:tryLock(328)) - Lock on /workdir/hadoop-ozone/integration-test/target/test-dir/MiniOzoneClusterImpl-8a7297db-6aa6-4f06-8934-9a0bed7f2088/datanode-4/data/ratis/1e2e58a9-5e9a-4d17-b9d6-be6457ae15cc/in_use.lock acquired by nodename 17172@pr-hdds-1569-g9zr9-4145101663
2019-08-29 08:13:47,814 [pool-483-thread-1] INFO  storage.RaftStorage (RaftStorage.java:format(72)) - Storage directory /workdir/hadoop-ozone/integration-test/target/test-dir/MiniOzoneClusterImpl-8a7297db-6aa6-4f06-8934-9a0bed7f2088/datanode-4/data/ratis/1e2e58a9-5e9a-4d17-b9d6-be6457ae15cc has been successfully formatted.
2019-08-29 08:13:47,814 [pool-483-thread-1] INFO  ratis.ContainerStateMachine (ContainerStateMachine.java:loadSnapshot(226)) - group-BE6457AE15CC: The snapshot info is null. Setting the last applied indexto:(t:0, i:~)
2019-08-29 08:13:47,814 [pool-483-thread-1] INFO  server.RaftServerConfigKeys (ConfUtils.java:logGet(43)) - raft.server.leader.election.timeout = 120s (custom)
2019-08-29 08:13:47,814 [pool-483-thread-1] INFO  server.RaftServerConfigKeys (ConfUtils.java:logGet(43)) - raft.server.log.use.memory = false (default)
2019-08-29 08:13:47,815 [pool-483-thread-1] INFO  server.RaftServerConfigKeys (ConfUtils.java:logGet(43)) - raft.server.log.purge.gap = 1000000 (custom)
2019-08-29 08:13:47,815 [pool-483-thread-1] INFO  server.RaftServerConfigKeys (ConfUtils.java:logGet(43)) - raft.server.log.appender.buffer.byte-limit = 33554432 (custom)
2019-08-29 08:13:47,815 [pool-483-thread-1] INFO  server.RaftServerConfigKeys (ConfUtils.java:logGet(43)) - raft.server.log.segment.size.max = 1048576 (custom)
2019-08-29 08:13:47,815 [pool-483-thread-1] INFO  server.RaftServerConfigKeys (ConfUtils.java:logGet(43)) - raft.server.log.segment.cache.num.max = 2 (custom)
2019-08-29 08:13:47,815 [pool-483-thread-1] INFO  segmented.SegmentedRaftLogWorker (SegmentedRaftLogWorker.java:<init>(172)) - new 50e47a8f-6a67-4a96-b3a3-baa2829f3e12-SegmentedRaftLogWorker:Storage Directory /workdir/hadoop-ozone/integration-test/target/test-dir/MiniOzoneClusterImpl-8a7297db-6aa6-4f06-8934-9a0bed7f2088/datanode-4/data/ratis/1e2e58a9-5e9a-4d17-b9d6-be6457ae15cc for RaftStorage:Storage Directory /workdir/hadoop-ozone/integration-test/target/test-dir/MiniOzoneClusterImpl-8a7297db-6aa6-4f06-8934-9a0bed7f2088/datanode-4/data/ratis/1e2e58a9-5e9a-4d17-b9d6-be6457ae15cc
2019-08-29 08:13:47,816 [pool-483-thread-1] INFO  server.RaftServerConfigKeys (ConfUtils.java:logGet(43)) - raft.server.log.queue.byte-limit = 2147483647 (custom)
2019-08-29 08:13:47,816 [pool-483-thread-1] INFO  server.RaftServerConfigKeys (ConfUtils.java:logGet(43)) - raft.server.log.queue.element-limit = 1024 (custom)
2019-08-29 08:13:47,816 [pool-483-thread-1] INFO  server.RaftServerConfigKeys (ConfUtils.java:logGet(43)) - raft.server.log.segment.size.max = 1048576 (custom)
2019-08-29 08:13:47,816 [pool-483-thread-1] INFO  server.RaftServerConfigKeys (ConfUtils.java:logGet(43)) - raft.server.log.preallocated.size = 16384 (custom)
2019-08-29 08:13:47,816 [pool-483-thread-1] INFO  server.RaftServerConfigKeys (ConfUtils.java:logGet(43)) - raft.server.log.write.buffer.size = 33554432 (custom)
2019-08-29 08:13:47,817 [pool-483-thread-1] INFO  server.RaftServerConfigKeys (ConfUtils.java:logGet(43)) - raft.server.log.force.sync.num = 128 (default)
2019-08-29 08:13:47,817 [pool-483-thread-1] INFO  server.RaftServerConfigKeys (ConfUtils.java:logGet(43)) - raft.server.log.statemachine.data.sync = true (default)
2019-08-29 08:13:47,817 [pool-483-thread-1] INFO  server.RaftServerConfigKeys (ConfUtils.java:logGet(43)) - raft.server.log.statemachine.data.sync.timeout = 10s (default)
2019-08-29 08:13:47,817 [pool-483-thread-1] INFO  server.RaftServerConfigKeys (ConfUtils.java:logGet(43)) - raft.server.log.statemachine.data.sync.timeout.retry = -1 (default)
2019-08-29 08:13:47,817 [pool-483-thread-1] INFO  server.RaftServerConfigKeys (ConfUtils.java:logGet(43)) - raft.server.log.statemachine.data.caching.enabled = true (custom)
2019-08-29 08:13:47,818 [pool-483-thread-1] INFO  segmented.SegmentedRaftLogWorker (SegmentedRaftLogWorker.java:lambda$new$0(132)) - 50e47a8f-6a67-4a96-b3a3-baa2829f3e12-SegmentedRaftLogWorker:Storage Directory /workdir/hadoop-ozone/integration-test/target/test-dir/MiniOzoneClusterImpl-8a7297db-6aa6-4f06-8934-9a0bed7f2088/datanode-4/data/ratis/1e2e58a9-5e9a-4d17-b9d6-be6457ae15cc: flushIndex: setUnconditionally 0 -> -1
2019-08-29 08:13:47,818 [pool-483-thread-1] INFO  server.RaftServerConfigKeys (ConfUtils.java:logGet(43)) - raft.server.snapshot.auto.trigger.enabled = true (custom)
2019-08-29 08:13:47,818 [pool-483-thread-1] INFO  server.RaftServerConfigKeys (ConfUtils.java:logGet(43)) - raft.server.snapshot.auto.trigger.threshold = 10000 (custom)
2019-08-29 08:13:47,818 [pool-483-thread-1] INFO  server.RaftServerConfigKeys (ConfUtils.java:logGet(43)) - raft.server.retrycache.expirytime = 600000ms (custom)
2019-08-29 08:13:47,819 [pool-483-thread-1] INFO  impl.RaftServerImpl (RaftServerImpl.java:start(180)) - 50e47a8f-6a67-4a96-b3a3-baa2829f3e12: start group-BE6457AE15CC
2019-08-29 08:13:47,819 [pool-483-thread-1] INFO  impl.RaftServerImpl (RaftServerImpl.java:setRole(171)) - 50e47a8f-6a67-4a96-b3a3-baa2829f3e12:group-BE6457AE15CC changes role from null to FOLLOWER at term 0 for startAsFollower
2019-08-29 08:13:47,819 [pool-483-thread-1] INFO  impl.RoleInfo (RoleInfo.java:updateAndGet(143)) - 50e47a8f-6a67-4a96-b3a3-baa2829f3e12: start FollowerState
2019-08-29 08:13:47,819 [pool-483-thread-1] INFO  util.JmxRegister (JmxRegister.java:tryRegister(44)) - Successfully registered JMX Bean with object name Ratis:service=RaftServer,group=group-BE6457AE15CC,id=50e47a8f-6a67-4a96-b3a3-baa2829f3e12
2019-08-29 08:13:47,825 [RatisPipelineUtilsThread] INFO  pipeline.PipelineStateManager (PipelineStateManager.java:addPipeline(56)) - Created pipeline Pipeline[ Id: 1e2e58a9-5e9a-4d17-b9d6-be6457ae15cc, Nodes: 50e47a8f-6a67-4a96-b3a3-baa2829f3e12{ip: 192.168.69.111, host: pr-hdds-1569-g9zr9-4145101663, networkLocation: /default-rack, certSerialId: null}, Type:RATIS, Factor:ONE, State:OPEN]
2019-08-29 08:13:47,893 [IPC Server handler 3 on 42754] INFO  net.NetworkTopology (NetworkTopologyImpl.java:add(110)) - Added a new node: /default-rack/0a184b28-38b7-485b-be3e-3bc3142c01b2
2019-08-29 08:13:47,894 [IPC Server handler 3 on 42754] INFO  node.SCMNodeManager (SCMNodeManager.java:register(273)) - Registered Data node : 0a184b28-38b7-485b-be3e-3bc3142c01b2{ip: 192.168.69.111, host: pr-hdds-1569-g9zr9-4145101663, networkLocation: /default-rack, certSerialId: null}
2019-08-29 08:13:47,894 | INFO  | SCMAudit | user=jenkins1000 | ip=192.168.69.111 | op=REGISTER {datanodeDetails=0a184b28-38b7-485b-be3e-3bc3142c01b2{ip: 192.168.69.111, host: pr-hdds-1569-g9zr9-4145101663, networkLocation: /default-rack, certSerialId: null}} | ret=SUCCESS |  
2019-08-29 08:13:47,900 [grpc-default-executor-5] INFO  impl.RaftServerProxy (RaftServerProxy.java:addNew(89)) - 0a184b28-38b7-485b-be3e-3bc3142c01b2: addNew group-7627C9D583B4:[0a184b28-38b7-485b-be3e-3bc3142c01b2:192.168.69.111:35743] returns group-7627C9D583B4:java.util.concurrent.CompletableFuture@40f435b1[Not completed]
2019-08-29 08:13:47,902 [pool-494-thread-1] INFO  impl.RaftServerImpl (RaftServerImpl.java:<init>(93)) - 0a184b28-38b7-485b-be3e-3bc3142c01b2: new RaftServerImpl for group-7627C9D583B4:[0a184b28-38b7-485b-be3e-3bc3142c01b2:192.168.69.111:35743] with ContainerStateMachine:uninitialized
2019-08-29 08:13:47,902 [pool-494-thread-1] INFO  server.RaftServerConfigKeys (ConfUtils.java:logGet(43)) - raft.server.rpc.timeout.min = 5s (custom)
2019-08-29 08:13:47,902 [pool-494-thread-1] INFO  server.RaftServerConfigKeys (ConfUtils.java:logGet(43)) - raft.server.rpc.timeout.max = 5200ms (custom)
2019-08-29 08:13:47,902 [pool-494-thread-1] INFO  server.RaftServerConfigKeys (ConfUtils.java:logGet(43)) - raft.server.rpcslowness.timeout = 120s (custom)
2019-08-29 08:13:47,902 [pool-494-thread-1] INFO  server.RaftServerConfigKeys (ConfUtils.java:logGet(43)) - raft.server.sleep.deviation.threshold = 300 (default)
2019-08-29 08:13:47,903 [pool-494-thread-1] INFO  server.RaftServerConfigKeys (ConfUtils.java:logGet(43)) - raft.server.log.appender.install.snapshot.enabled = false (custom)
2019-08-29 08:13:47,903 [pool-494-thread-1] INFO  impl.RaftServerImpl (ServerState.java:<init>(105)) - 0a184b28-38b7-485b-be3e-3bc3142c01b2:group-7627C9D583B4 ConfigurationManager, init=-1: [0a184b28-38b7-485b-be3e-3bc3142c01b2:192.168.69.111:35743], old=null, confs=<EMPTY_MAP>
2019-08-29 08:13:47,903 [pool-494-thread-1] INFO  server.RaftServerConfigKeys (ConfUtils.java:logGet(43)) - raft.server.storage.dir = [/workdir/hadoop-ozone/integration-test/target/test-dir/MiniOzoneClusterImpl-8a7297db-6aa6-4f06-8934-9a0bed7f2088/datanode-5/data/ratis] (custom)
2019-08-29 08:13:47,904 [pool-494-thread-1] INFO  storage.RaftStorageDirectory (RaftStorageDirectory.java:analyzeStorage(246)) - The storage directory /workdir/hadoop-ozone/integration-test/target/test-dir/MiniOzoneClusterImpl-8a7297db-6aa6-4f06-8934-9a0bed7f2088/datanode-5/data/ratis/29485111-29f9-4951-9e26-7627c9d583b4 does not exist. Creating ...
2019-08-29 08:13:47,925 [pool-494-thread-1] INFO  storage.RaftStorageDirectory (RaftStorageDirectory.java:tryLock(328)) - Lock on /workdir/hadoop-ozone/integration-test/target/test-dir/MiniOzoneClusterImpl-8a7297db-6aa6-4f06-8934-9a0bed7f2088/datanode-5/data/ratis/29485111-29f9-4951-9e26-7627c9d583b4/in_use.lock acquired by nodename 17172@pr-hdds-1569-g9zr9-4145101663
2019-08-29 08:13:47,954 [pool-494-thread-1] INFO  storage.RaftStorage (RaftStorage.java:format(72)) - Storage directory /workdir/hadoop-ozone/integration-test/target/test-dir/MiniOzoneClusterImpl-8a7297db-6aa6-4f06-8934-9a0bed7f2088/datanode-5/data/ratis/29485111-29f9-4951-9e26-7627c9d583b4 has been successfully formatted.
2019-08-29 08:13:47,954 [pool-494-thread-1] INFO  ratis.ContainerStateMachine (ContainerStateMachine.java:loadSnapshot(226)) - group-7627C9D583B4: The snapshot info is null. Setting the last applied indexto:(t:0, i:~)
2019-08-29 08:13:47,954 [pool-494-thread-1] INFO  server.RaftServerConfigKeys (ConfUtils.java:logGet(43)) - raft.server.leader.election.timeout = 120s (custom)
2019-08-29 08:13:47,955 [pool-494-thread-1] INFO  server.RaftServerConfigKeys (ConfUtils.java:logGet(43)) - raft.server.log.use.memory = false (default)
2019-08-29 08:13:47,955 [pool-494-thread-1] INFO  server.RaftServerConfigKeys (ConfUtils.java:logGet(43)) - raft.server.log.purge.gap = 1000000 (custom)
2019-08-29 08:13:47,955 [pool-494-thread-1] INFO  server.RaftServerConfigKeys (ConfUtils.java:logGet(43)) - raft.server.log.appender.buffer.byte-limit = 33554432 (custom)
2019-08-29 08:13:47,955 [pool-494-thread-1] INFO  server.RaftServerConfigKeys (ConfUtils.java:logGet(43)) - raft.server.log.segment.size.max = 1048576 (custom)
2019-08-29 08:13:47,955 [pool-494-thread-1] INFO  server.RaftServerConfigKeys (ConfUtils.java:logGet(43)) - raft.server.log.segment.cache.num.max = 2 (custom)
2019-08-29 08:13:47,955 [pool-494-thread-1] INFO  segmented.SegmentedRaftLogWorker (SegmentedRaftLogWorker.java:<init>(172)) - new 0a184b28-38b7-485b-be3e-3bc3142c01b2-SegmentedRaftLogWorker:Storage Directory /workdir/hadoop-ozone/integration-test/target/test-dir/MiniOzoneClusterImpl-8a7297db-6aa6-4f06-8934-9a0bed7f2088/datanode-5/data/ratis/29485111-29f9-4951-9e26-7627c9d583b4 for RaftStorage:Storage Directory /workdir/hadoop-ozone/integration-test/target/test-dir/MiniOzoneClusterImpl-8a7297db-6aa6-4f06-8934-9a0bed7f2088/datanode-5/data/ratis/29485111-29f9-4951-9e26-7627c9d583b4
2019-08-29 08:13:47,955 [pool-494-thread-1] INFO  server.RaftServerConfigKeys (ConfUtils.java:logGet(43)) - raft.server.log.queue.byte-limit = 2147483647 (custom)
2019-08-29 08:13:47,956 [pool-494-thread-1] INFO  server.RaftServerConfigKeys (ConfUtils.java:logGet(43)) - raft.server.log.queue.element-limit = 1024 (custom)
2019-08-29 08:13:47,956 [pool-494-thread-1] INFO  server.RaftServerConfigKeys (ConfUtils.java:logGet(43)) - raft.server.log.segment.size.max = 1048576 (custom)
2019-08-29 08:13:47,956 [pool-494-thread-1] INFO  server.RaftServerConfigKeys (ConfUtils.java:logGet(43)) - raft.server.log.preallocated.size = 16384 (custom)
2019-08-29 08:13:47,956 [pool-494-thread-1] INFO  server.RaftServerConfigKeys (ConfUtils.java:logGet(43)) - raft.server.log.write.buffer.size = 33554432 (custom)
2019-08-29 08:13:47,956 [pool-494-thread-1] INFO  server.RaftServerConfigKeys (ConfUtils.java:logGet(43)) - raft.server.log.force.sync.num = 128 (default)
2019-08-29 08:13:47,956 [pool-494-thread-1] INFO  server.RaftServerConfigKeys (ConfUtils.java:logGet(43)) - raft.server.log.statemachine.data.sync = true (default)
2019-08-29 08:13:47,956 [pool-494-thread-1] INFO  server.RaftServerConfigKeys (ConfUtils.java:logGet(43)) - raft.server.log.statemachine.data.sync.timeout = 10s (default)
2019-08-29 08:13:47,957 [pool-494-thread-1] INFO  server.RaftServerConfigKeys (ConfUtils.java:logGet(43)) - raft.server.log.statemachine.data.sync.timeout.retry = -1 (default)
2019-08-29 08:13:47,957 [pool-494-thread-1] INFO  server.RaftServerConfigKeys (ConfUtils.java:logGet(43)) - raft.server.log.statemachine.data.caching.enabled = true (custom)
2019-08-29 08:13:47,957 [pool-494-thread-1] INFO  segmented.SegmentedRaftLogWorker (SegmentedRaftLogWorker.java:lambda$new$0(132)) - 0a184b28-38b7-485b-be3e-3bc3142c01b2-SegmentedRaftLogWorker:Storage Directory /workdir/hadoop-ozone/integration-test/target/test-dir/MiniOzoneClusterImpl-8a7297db-6aa6-4f06-8934-9a0bed7f2088/datanode-5/data/ratis/29485111-29f9-4951-9e26-7627c9d583b4: flushIndex: setUnconditionally 0 -> -1
2019-08-29 08:13:47,957 [pool-494-thread-1] INFO  server.RaftServerConfigKeys (ConfUtils.java:logGet(43)) - raft.server.snapshot.auto.trigger.enabled = true (custom)
2019-08-29 08:13:47,957 [pool-494-thread-1] INFO  server.RaftServerConfigKeys (ConfUtils.java:logGet(43)) - raft.server.snapshot.auto.trigger.threshold = 10000 (custom)
2019-08-29 08:13:47,958 [pool-494-thread-1] INFO  server.RaftServerConfigKeys (ConfUtils.java:logGet(43)) - raft.server.retrycache.expirytime = 600000ms (custom)
2019-08-29 08:13:47,958 [pool-494-thread-1] INFO  impl.RaftServerImpl (RaftServerImpl.java:start(180)) - 0a184b28-38b7-485b-be3e-3bc3142c01b2: start group-7627C9D583B4
2019-08-29 08:13:47,958 [pool-494-thread-1] INFO  impl.RaftServerImpl (RaftServerImpl.java:setRole(171)) - 0a184b28-38b7-485b-be3e-3bc3142c01b2:group-7627C9D583B4 changes role from null to FOLLOWER at term 0 for startAsFollower
2019-08-29 08:13:47,958 [pool-494-thread-1] INFO  impl.RoleInfo (RoleInfo.java:updateAndGet(143)) - 0a184b28-38b7-485b-be3e-3bc3142c01b2: start FollowerState
2019-08-29 08:13:47,958 [pool-494-thread-1] INFO  util.JmxRegister (JmxRegister.java:tryRegister(44)) - Successfully registered JMX Bean with object name Ratis:service=RaftServer,group=group-7627C9D583B4,id=0a184b28-38b7-485b-be3e-3bc3142c01b2
2019-08-29 08:13:47,963 [RatisPipelineUtilsThread] INFO  pipeline.PipelineStateManager (PipelineStateManager.java:addPipeline(56)) - Created pipeline Pipeline[ Id: 29485111-29f9-4951-9e26-7627c9d583b4, Nodes: 0a184b28-38b7-485b-be3e-3bc3142c01b2{ip: 192.168.69.111, host: pr-hdds-1569-g9zr9-4145101663, networkLocation: /default-rack, certSerialId: null}, Type:RATIS, Factor:ONE, State:OPEN]
2019-08-29 08:13:47,984 [grpc-default-executor-4] INFO  impl.RaftServerProxy (RaftServerProxy.java:addNew(89)) - 50e47a8f-6a67-4a96-b3a3-baa2829f3e12: addNew group-04C7077352C4:[885df2e3-7d4b-41eb-82f7-ec9d233e01be:192.168.69.111:42951, 50e47a8f-6a67-4a96-b3a3-baa2829f3e12:192.168.69.111:41454, 0a184b28-38b7-485b-be3e-3bc3142c01b2:192.168.69.111:35743] returns group-04C7077352C4:java.util.concurrent.CompletableFuture@3cce360a[Not completed]
2019-08-29 08:13:47,984 [grpc-default-executor-5] INFO  impl.RaftServerProxy (RaftServerProxy.java:addNew(89)) - 885df2e3-7d4b-41eb-82f7-ec9d233e01be: addNew group-04C7077352C4:[885df2e3-7d4b-41eb-82f7-ec9d233e01be:192.168.69.111:42951, 50e47a8f-6a67-4a96-b3a3-baa2829f3e12:192.168.69.111:41454, 0a184b28-38b7-485b-be3e-3bc3142c01b2:192.168.69.111:35743] returns group-04C7077352C4:java.util.concurrent.CompletableFuture@d26e20e[Not completed]
2019-08-29 08:13:47,984 [grpc-default-executor-8] INFO  impl.RaftServerProxy (RaftServerProxy.java:addNew(89)) - 0a184b28-38b7-485b-be3e-3bc3142c01b2: addNew group-04C7077352C4:[885df2e3-7d4b-41eb-82f7-ec9d233e01be:192.168.69.111:42951, 50e47a8f-6a67-4a96-b3a3-baa2829f3e12:192.168.69.111:41454, 0a184b28-38b7-485b-be3e-3bc3142c01b2:192.168.69.111:35743] returns group-04C7077352C4:java.util.concurrent.CompletableFuture@23e64f9c[Not completed]
2019-08-29 08:13:47,985 [pool-494-thread-1] INFO  impl.RaftServerImpl (RaftServerImpl.java:<init>(93)) - 0a184b28-38b7-485b-be3e-3bc3142c01b2: new RaftServerImpl for group-04C7077352C4:[885df2e3-7d4b-41eb-82f7-ec9d233e01be:192.168.69.111:42951, 50e47a8f-6a67-4a96-b3a3-baa2829f3e12:192.168.69.111:41454, 0a184b28-38b7-485b-be3e-3bc3142c01b2:192.168.69.111:35743] with ContainerStateMachine:uninitialized
2019-08-29 08:13:47,985 [pool-494-thread-1] INFO  server.RaftServerConfigKeys (ConfUtils.java:logGet(43)) - raft.server.rpc.timeout.min = 5s (custom)
2019-08-29 08:13:47,985 [pool-494-thread-1] INFO  server.RaftServerConfigKeys (ConfUtils.java:logGet(43)) - raft.server.rpc.timeout.max = 5200ms (custom)
2019-08-29 08:13:47,985 [pool-494-thread-1] INFO  server.RaftServerConfigKeys (ConfUtils.java:logGet(43)) - raft.server.rpcslowness.timeout = 120s (custom)
2019-08-29 08:13:47,986 [pool-494-thread-1] INFO  server.RaftServerConfigKeys (ConfUtils.java:logGet(43)) - raft.server.sleep.deviation.threshold = 300 (default)
2019-08-29 08:13:47,986 [pool-494-thread-1] INFO  server.RaftServerConfigKeys (ConfUtils.java:logGet(43)) - raft.server.log.appender.install.snapshot.enabled = false (custom)
2019-08-29 08:13:47,986 [pool-494-thread-1] INFO  impl.RaftServerImpl (ServerState.java:<init>(105)) - 0a184b28-38b7-485b-be3e-3bc3142c01b2:group-04C7077352C4 ConfigurationManager, init=-1: [885df2e3-7d4b-41eb-82f7-ec9d233e01be:192.168.69.111:42951, 50e47a8f-6a67-4a96-b3a3-baa2829f3e12:192.168.69.111:41454, 0a184b28-38b7-485b-be3e-3bc3142c01b2:192.168.69.111:35743], old=null, confs=<EMPTY_MAP>
2019-08-29 08:13:47,986 [pool-494-thread-1] INFO  server.RaftServerConfigKeys (ConfUtils.java:logGet(43)) - raft.server.storage.dir = [/workdir/hadoop-ozone/integration-test/target/test-dir/MiniOzoneClusterImpl-8a7297db-6aa6-4f06-8934-9a0bed7f2088/datanode-5/data/ratis] (custom)
2019-08-29 08:13:47,986 [pool-483-thread-1] INFO  impl.RaftServerImpl (RaftServerImpl.java:<init>(93)) - 50e47a8f-6a67-4a96-b3a3-baa2829f3e12: new RaftServerImpl for group-04C7077352C4:[885df2e3-7d4b-41eb-82f7-ec9d233e01be:192.168.69.111:42951, 50e47a8f-6a67-4a96-b3a3-baa2829f3e12:192.168.69.111:41454, 0a184b28-38b7-485b-be3e-3bc3142c01b2:192.168.69.111:35743] with ContainerStateMachine:uninitialized
2019-08-29 08:13:47,986 [pool-494-thread-1] INFO  storage.RaftStorageDirectory (RaftStorageDirectory.java:analyzeStorage(246)) - The storage directory /workdir/hadoop-ozone/integration-test/target/test-dir/MiniOzoneClusterImpl-8a7297db-6aa6-4f06-8934-9a0bed7f2088/datanode-5/data/ratis/5f304ed1-8d9a-4c7b-a813-04c7077352c4 does not exist. Creating ...
2019-08-29 08:13:47,986 [pool-483-thread-1] INFO  server.RaftServerConfigKeys (ConfUtils.java:logGet(43)) - raft.server.rpc.timeout.min = 5s (custom)
2019-08-29 08:13:47,987 [pool-472-thread-1] INFO  impl.RaftServerImpl (RaftServerImpl.java:<init>(93)) - 885df2e3-7d4b-41eb-82f7-ec9d233e01be: new RaftServerImpl for group-04C7077352C4:[885df2e3-7d4b-41eb-82f7-ec9d233e01be:192.168.69.111:42951, 50e47a8f-6a67-4a96-b3a3-baa2829f3e12:192.168.69.111:41454, 0a184b28-38b7-485b-be3e-3bc3142c01b2:192.168.69.111:35743] with ContainerStateMachine:uninitialized
2019-08-29 08:13:47,987 [pool-483-thread-1] INFO  server.RaftServerConfigKeys (ConfUtils.java:logGet(43)) - raft.server.rpc.timeout.max = 5200ms (custom)
2019-08-29 08:13:47,987 [pool-472-thread-1] INFO  server.RaftServerConfigKeys (ConfUtils.java:logGet(43)) - raft.server.rpc.timeout.min = 5s (custom)
2019-08-29 08:13:47,987 [pool-483-thread-1] INFO  server.RaftServerConfigKeys (ConfUtils.java:logGet(43)) - raft.server.rpcslowness.timeout = 120s (custom)
2019-08-29 08:13:47,987 [pool-472-thread-1] INFO  server.RaftServerConfigKeys (ConfUtils.java:logGet(43)) - raft.server.rpc.timeout.max = 5200ms (custom)
2019-08-29 08:13:47,987 [pool-483-thread-1] INFO  server.RaftServerConfigKeys (ConfUtils.java:logGet(43)) - raft.server.sleep.deviation.threshold = 300 (default)
2019-08-29 08:13:47,987 [pool-472-thread-1] INFO  server.RaftServerConfigKeys (ConfUtils.java:logGet(43)) - raft.server.rpcslowness.timeout = 120s (custom)
2019-08-29 08:13:47,987 [pool-483-thread-1] INFO  server.RaftServerConfigKeys (ConfUtils.java:logGet(43)) - raft.server.log.appender.install.snapshot.enabled = false (custom)
2019-08-29 08:13:47,987 [pool-472-thread-1] INFO  server.RaftServerConfigKeys (ConfUtils.java:logGet(43)) - raft.server.sleep.deviation.threshold = 300 (default)
2019-08-29 08:13:47,988 [pool-483-thread-1] INFO  impl.RaftServerImpl (ServerState.java:<init>(105)) - 50e47a8f-6a67-4a96-b3a3-baa2829f3e12:group-04C7077352C4 ConfigurationManager, init=-1: [885df2e3-7d4b-41eb-82f7-ec9d233e01be:192.168.69.111:42951, 50e47a8f-6a67-4a96-b3a3-baa2829f3e12:192.168.69.111:41454, 0a184b28-38b7-485b-be3e-3bc3142c01b2:192.168.69.111:35743], old=null, confs=<EMPTY_MAP>
2019-08-29 08:13:47,988 [pool-472-thread-1] INFO  server.RaftServerConfigKeys (ConfUtils.java:logGet(43)) - raft.server.log.appender.install.snapshot.enabled = false (custom)
2019-08-29 08:13:47,988 [pool-472-thread-1] INFO  impl.RaftServerImpl (ServerState.java:<init>(105)) - 885df2e3-7d4b-41eb-82f7-ec9d233e01be:group-04C7077352C4 ConfigurationManager, init=-1: [885df2e3-7d4b-41eb-82f7-ec9d233e01be:192.168.69.111:42951, 50e47a8f-6a67-4a96-b3a3-baa2829f3e12:192.168.69.111:41454, 0a184b28-38b7-485b-be3e-3bc3142c01b2:192.168.69.111:35743], old=null, confs=<EMPTY_MAP>
2019-08-29 08:13:47,988 [pool-483-thread-1] INFO  server.RaftServerConfigKeys (ConfUtils.java:logGet(43)) - raft.server.storage.dir = [/workdir/hadoop-ozone/integration-test/target/test-dir/MiniOzoneClusterImpl-8a7297db-6aa6-4f06-8934-9a0bed7f2088/datanode-4/data/ratis] (custom)
2019-08-29 08:13:47,988 [pool-472-thread-1] INFO  server.RaftServerConfigKeys (ConfUtils.java:logGet(43)) - raft.server.storage.dir = [/workdir/hadoop-ozone/integration-test/target/test-dir/MiniOzoneClusterImpl-8a7297db-6aa6-4f06-8934-9a0bed7f2088/datanode-3/data/ratis] (custom)
2019-08-29 08:13:47,988 [pool-472-thread-1] INFO  storage.RaftStorageDirectory (RaftStorageDirectory.java:analyzeStorage(246)) - The storage directory /workdir/hadoop-ozone/integration-test/target/test-dir/MiniOzoneClusterImpl-8a7297db-6aa6-4f06-8934-9a0bed7f2088/datanode-3/data/ratis/5f304ed1-8d9a-4c7b-a813-04c7077352c4 does not exist. Creating ...
2019-08-29 08:13:47,988 [pool-483-thread-1] INFO  storage.RaftStorageDirectory (RaftStorageDirectory.java:analyzeStorage(246)) - The storage directory /workdir/hadoop-ozone/integration-test/target/test-dir/MiniOzoneClusterImpl-8a7297db-6aa6-4f06-8934-9a0bed7f2088/datanode-4/data/ratis/5f304ed1-8d9a-4c7b-a813-04c7077352c4 does not exist. Creating ...
2019-08-29 08:13:48,004 [pool-494-thread-1] INFO  storage.RaftStorageDirectory (RaftStorageDirectory.java:tryLock(328)) - Lock on /workdir/hadoop-ozone/integration-test/target/test-dir/MiniOzoneClusterImpl-8a7297db-6aa6-4f06-8934-9a0bed7f2088/datanode-5/data/ratis/5f304ed1-8d9a-4c7b-a813-04c7077352c4/in_use.lock acquired by nodename 17172@pr-hdds-1569-g9zr9-4145101663
2019-08-29 08:13:48,004 [pool-472-thread-1] INFO  storage.RaftStorageDirectory (RaftStorageDirectory.java:tryLock(328)) - Lock on /workdir/hadoop-ozone/integration-test/target/test-dir/MiniOzoneClusterImpl-8a7297db-6aa6-4f06-8934-9a0bed7f2088/datanode-3/data/ratis/5f304ed1-8d9a-4c7b-a813-04c7077352c4/in_use.lock acquired by nodename 17172@pr-hdds-1569-g9zr9-4145101663
2019-08-29 08:13:48,004 [pool-483-thread-1] INFO  storage.RaftStorageDirectory (RaftStorageDirectory.java:tryLock(328)) - Lock on /workdir/hadoop-ozone/integration-test/target/test-dir/MiniOzoneClusterImpl-8a7297db-6aa6-4f06-8934-9a0bed7f2088/datanode-4/data/ratis/5f304ed1-8d9a-4c7b-a813-04c7077352c4/in_use.lock acquired by nodename 17172@pr-hdds-1569-g9zr9-4145101663
2019-08-29 08:13:48,025 [pool-472-thread-1] INFO  storage.RaftStorage (RaftStorage.java:format(72)) - Storage directory /workdir/hadoop-ozone/integration-test/target/test-dir/MiniOzoneClusterImpl-8a7297db-6aa6-4f06-8934-9a0bed7f2088/datanode-3/data/ratis/5f304ed1-8d9a-4c7b-a813-04c7077352c4 has been successfully formatted.
2019-08-29 08:13:48,025 [pool-494-thread-1] INFO  storage.RaftStorage (RaftStorage.java:format(72)) - Storage directory /workdir/hadoop-ozone/integration-test/target/test-dir/MiniOzoneClusterImpl-8a7297db-6aa6-4f06-8934-9a0bed7f2088/datanode-5/data/ratis/5f304ed1-8d9a-4c7b-a813-04c7077352c4 has been successfully formatted.
2019-08-29 08:13:48,025 [pool-483-thread-1] INFO  storage.RaftStorage (RaftStorage.java:format(72)) - Storage directory /workdir/hadoop-ozone/integration-test/target/test-dir/MiniOzoneClusterImpl-8a7297db-6aa6-4f06-8934-9a0bed7f2088/datanode-4/data/ratis/5f304ed1-8d9a-4c7b-a813-04c7077352c4 has been successfully formatted.
2019-08-29 08:13:48,026 [pool-494-thread-1] INFO  ratis.ContainerStateMachine (ContainerStateMachine.java:loadSnapshot(226)) - group-04C7077352C4: The snapshot info is null. Setting the last applied indexto:(t:0, i:~)
2019-08-29 08:13:48,026 [pool-472-thread-1] INFO  ratis.ContainerStateMachine (ContainerStateMachine.java:loadSnapshot(226)) - group-04C7077352C4: The snapshot info is null. Setting the last applied indexto:(t:0, i:~)
2019-08-29 08:13:48,026 [pool-494-thread-1] INFO  server.RaftServerConfigKeys (ConfUtils.java:logGet(43)) - raft.server.leader.election.timeout = 120s (custom)
2019-08-29 08:13:48,026 [pool-483-thread-1] INFO  ratis.ContainerStateMachine (ContainerStateMachine.java:loadSnapshot(226)) - group-04C7077352C4: The snapshot info is null. Setting the last applied indexto:(t:0, i:~)
2019-08-29 08:13:48,026 [pool-494-thread-1] INFO  server.RaftServerConfigKeys (ConfUtils.java:logGet(43)) - raft.server.log.use.memory = false (default)
2019-08-29 08:13:48,026 [pool-472-thread-1] INFO  server.RaftServerConfigKeys (ConfUtils.java:logGet(43)) - raft.server.leader.election.timeout = 120s (custom)
2019-08-29 08:13:48,027 [pool-494-thread-1] INFO  server.RaftServerConfigKeys (ConfUtils.java:logGet(43)) - raft.server.log.purge.gap = 1000000 (custom)
2019-08-29 08:13:48,026 [pool-483-thread-1] INFO  server.RaftServerConfigKeys (ConfUtils.java:logGet(43)) - raft.server.leader.election.timeout = 120s (custom)
2019-08-29 08:13:48,027 [pool-494-thread-1] INFO  server.RaftServerConfigKeys (ConfUtils.java:logGet(43)) - raft.server.log.appender.buffer.byte-limit = 33554432 (custom)
2019-08-29 08:13:48,027 [pool-472-thread-1] INFO  server.RaftServerConfigKeys (ConfUtils.java:logGet(43)) - raft.server.log.use.memory = false (default)
2019-08-29 08:13:48,027 [pool-494-thread-1] INFO  server.RaftServerConfigKeys (ConfUtils.java:logGet(43)) - raft.server.log.segment.size.max = 1048576 (custom)
2019-08-29 08:13:48,027 [pool-483-thread-1] INFO  server.RaftServerConfigKeys (ConfUtils.java:logGet(43)) - raft.server.log.use.memory = false (default)
2019-08-29 08:13:48,027 [pool-494-thread-1] INFO  server.RaftServerConfigKeys (ConfUtils.java:logGet(43)) - raft.server.log.segment.cache.num.max = 2 (custom)
2019-08-29 08:13:48,027 [pool-472-thread-1] INFO  server.RaftServerConfigKeys (ConfUtils.java:logGet(43)) - raft.server.log.purge.gap = 1000000 (custom)
2019-08-29 08:13:48,028 [pool-494-thread-1] INFO  segmented.SegmentedRaftLogWorker (SegmentedRaftLogWorker.java:<init>(172)) - new 0a184b28-38b7-485b-be3e-3bc3142c01b2-SegmentedRaftLogWorker:Storage Directory /workdir/hadoop-ozone/integration-test/target/test-dir/MiniOzoneClusterImpl-8a7297db-6aa6-4f06-8934-9a0bed7f2088/datanode-5/data/ratis/5f304ed1-8d9a-4c7b-a813-04c7077352c4 for RaftStorage:Storage Directory /workdir/hadoop-ozone/integration-test/target/test-dir/MiniOzoneClusterImpl-8a7297db-6aa6-4f06-8934-9a0bed7f2088/datanode-5/data/ratis/5f304ed1-8d9a-4c7b-a813-04c7077352c4
2019-08-29 08:13:48,028 [pool-483-thread-1] INFO  server.RaftServerConfigKeys (ConfUtils.java:logGet(43)) - raft.server.log.purge.gap = 1000000 (custom)
2019-08-29 08:13:48,028 [pool-494-thread-1] INFO  server.RaftServerConfigKeys (ConfUtils.java:logGet(43)) - raft.server.log.queue.byte-limit = 2147483647 (custom)
2019-08-29 08:13:48,028 [pool-472-thread-1] INFO  server.RaftServerConfigKeys (ConfUtils.java:logGet(43)) - raft.server.log.appender.buffer.byte-limit = 33554432 (custom)
2019-08-29 08:13:48,028 [pool-494-thread-1] INFO  server.RaftServerConfigKeys (ConfUtils.java:logGet(43)) - raft.server.log.queue.element-limit = 1024 (custom)
2019-08-29 08:13:48,028 [pool-483-thread-1] INFO  server.RaftServerConfigKeys (ConfUtils.java:logGet(43)) - raft.server.log.appender.buffer.byte-limit = 33554432 (custom)
2019-08-29 08:13:48,028 [pool-494-thread-1] INFO  server.RaftServerConfigKeys (ConfUtils.java:logGet(43)) - raft.server.log.segment.size.max = 1048576 (custom)
2019-08-29 08:13:48,028 [pool-472-thread-1] INFO  server.RaftServerConfigKeys (ConfUtils.java:logGet(43)) - raft.server.log.segment.size.max = 1048576 (custom)
2019-08-29 08:13:48,029 [pool-494-thread-1] INFO  server.RaftServerConfigKeys (ConfUtils.java:logGet(43)) - raft.server.log.preallocated.size = 16384 (custom)
2019-08-29 08:13:48,029 [pool-483-thread-1] INFO  server.RaftServerConfigKeys (ConfUtils.java:logGet(43)) - raft.server.log.segment.size.max = 1048576 (custom)
2019-08-29 08:13:48,029 [pool-494-thread-1] INFO  server.RaftServerConfigKeys (ConfUtils.java:logGet(43)) - raft.server.log.write.buffer.size = 33554432 (custom)
2019-08-29 08:13:48,029 [pool-472-thread-1] INFO  server.RaftServerConfigKeys (ConfUtils.java:logGet(43)) - raft.server.log.segment.cache.num.max = 2 (custom)
2019-08-29 08:13:48,029 [pool-494-thread-1] INFO  server.RaftServerConfigKeys (ConfUtils.java:logGet(43)) - raft.server.log.force.sync.num = 128 (default)
2019-08-29 08:13:48,029 [pool-483-thread-1] INFO  server.RaftServerConfigKeys (ConfUtils.java:logGet(43)) - raft.server.log.segment.cache.num.max = 2 (custom)
2019-08-29 08:13:48,030 [pool-494-thread-1] INFO  server.RaftServerConfigKeys (ConfUtils.java:logGet(43)) - raft.server.log.statemachine.data.sync = true (default)
2019-08-29 08:13:48,029 [pool-472-thread-1] INFO  segmented.SegmentedRaftLogWorker (SegmentedRaftLogWorker.java:<init>(172)) - new 885df2e3-7d4b-41eb-82f7-ec9d233e01be-SegmentedRaftLogWorker:Storage Directory /workdir/hadoop-ozone/integration-test/target/test-dir/MiniOzoneClusterImpl-8a7297db-6aa6-4f06-8934-9a0bed7f2088/datanode-3/data/ratis/5f304ed1-8d9a-4c7b-a813-04c7077352c4 for RaftStorage:Storage Directory /workdir/hadoop-ozone/integration-test/target/test-dir/MiniOzoneClusterImpl-8a7297db-6aa6-4f06-8934-9a0bed7f2088/datanode-3/data/ratis/5f304ed1-8d9a-4c7b-a813-04c7077352c4
2019-08-29 08:13:48,030 [pool-494-thread-1] INFO  server.RaftServerConfigKeys (ConfUtils.java:logGet(43)) - raft.server.log.statemachine.data.sync.timeout = 10s (default)
2019-08-29 08:13:48,030 [pool-483-thread-1] INFO  segmented.SegmentedRaftLogWorker (SegmentedRaftLogWorker.java:<init>(172)) - new 50e47a8f-6a67-4a96-b3a3-baa2829f3e12-SegmentedRaftLogWorker:Storage Directory /workdir/hadoop-ozone/integration-test/target/test-dir/MiniOzoneClusterImpl-8a7297db-6aa6-4f06-8934-9a0bed7f2088/datanode-4/data/ratis/5f304ed1-8d9a-4c7b-a813-04c7077352c4 for RaftStorage:Storage Directory /workdir/hadoop-ozone/integration-test/target/test-dir/MiniOzoneClusterImpl-8a7297db-6aa6-4f06-8934-9a0bed7f2088/datanode-4/data/ratis/5f304ed1-8d9a-4c7b-a813-04c7077352c4
2019-08-29 08:13:48,030 [pool-494-thread-1] INFO  server.RaftServerConfigKeys (ConfUtils.java:logGet(43)) - raft.server.log.statemachine.data.sync.timeout.retry = -1 (default)
2019-08-29 08:13:48,030 [pool-472-thread-1] INFO  server.RaftServerConfigKeys (ConfUtils.java:logGet(43)) - raft.server.log.queue.byte-limit = 2147483647 (custom)
2019-08-29 08:13:48,030 [pool-494-thread-1] INFO  server.RaftServerConfigKeys (ConfUtils.java:logGet(43)) - raft.server.log.statemachine.data.caching.enabled = true (custom)
2019-08-29 08:13:48,030 [pool-483-thread-1] INFO  server.RaftServerConfigKeys (ConfUtils.java:logGet(43)) - raft.server.log.queue.byte-limit = 2147483647 (custom)
2019-08-29 08:13:48,031 [pool-472-thread-1] INFO  server.RaftServerConfigKeys (ConfUtils.java:logGet(43)) - raft.server.log.queue.element-limit = 1024 (custom)
2019-08-29 08:13:48,031 [pool-494-thread-1] INFO  segmented.SegmentedRaftLogWorker (SegmentedRaftLogWorker.java:lambda$new$0(132)) - 0a184b28-38b7-485b-be3e-3bc3142c01b2-SegmentedRaftLogWorker:Storage Directory /workdir/hadoop-ozone/integration-test/target/test-dir/MiniOzoneClusterImpl-8a7297db-6aa6-4f06-8934-9a0bed7f2088/datanode-5/data/ratis/5f304ed1-8d9a-4c7b-a813-04c7077352c4: flushIndex: setUnconditionally 0 -> -1
2019-08-29 08:13:48,031 [pool-483-thread-1] INFO  server.RaftServerConfigKeys (ConfUtils.java:logGet(43)) - raft.server.log.queue.element-limit = 1024 (custom)
2019-08-29 08:13:48,031 [pool-472-thread-1] INFO  server.RaftServerConfigKeys (ConfUtils.java:logGet(43)) - raft.server.log.segment.size.max = 1048576 (custom)
2019-08-29 08:13:48,031 [pool-483-thread-1] INFO  server.RaftServerConfigKeys (ConfUtils.java:logGet(43)) - raft.server.log.segment.size.max = 1048576 (custom)
2019-08-29 08:13:48,031 [pool-494-thread-1] INFO  server.RaftServerConfigKeys (ConfUtils.java:logGet(43)) - raft.server.snapshot.auto.trigger.enabled = true (custom)
2019-08-29 08:13:48,032 [pool-483-thread-1] INFO  server.RaftServerConfigKeys (ConfUtils.java:logGet(43)) - raft.server.log.preallocated.size = 16384 (custom)
2019-08-29 08:13:48,031 [pool-472-thread-1] INFO  server.RaftServerConfigKeys (ConfUtils.java:logGet(43)) - raft.server.log.preallocated.size = 16384 (custom)
2019-08-29 08:13:48,032 [pool-483-thread-1] INFO  server.RaftServerConfigKeys (ConfUtils.java:logGet(43)) - raft.server.log.write.buffer.size = 33554432 (custom)
2019-08-29 08:13:48,032 [pool-494-thread-1] INFO  server.RaftServerConfigKeys (ConfUtils.java:logGet(43)) - raft.server.snapshot.auto.trigger.threshold = 10000 (custom)
2019-08-29 08:13:48,032 [pool-483-thread-1] INFO  server.RaftServerConfigKeys (ConfUtils.java:logGet(43)) - raft.server.log.force.sync.num = 128 (default)
2019-08-29 08:13:48,032 [pool-472-thread-1] INFO  server.RaftServerConfigKeys (ConfUtils.java:logGet(43)) - raft.server.log.write.buffer.size = 33554432 (custom)
2019-08-29 08:13:48,032 [pool-483-thread-1] INFO  server.RaftServerConfigKeys (ConfUtils.java:logGet(43)) - raft.server.log.statemachine.data.sync = true (default)
2019-08-29 08:13:48,032 [pool-494-thread-1] INFO  server.RaftServerConfigKeys (ConfUtils.java:logGet(43)) - raft.server.retrycache.expirytime = 600000ms (custom)
2019-08-29 08:13:48,033 [pool-483-thread-1] INFO  server.RaftServerConfigKeys (ConfUtils.java:logGet(43)) - raft.server.log.statemachine.data.sync.timeout = 10s (default)
2019-08-29 08:13:48,033 [pool-472-thread-1] INFO  server.RaftServerConfigKeys (ConfUtils.java:logGet(43)) - raft.server.log.force.sync.num = 128 (default)
2019-08-29 08:13:48,033 [pool-483-thread-1] INFO  server.RaftServerConfigKeys (ConfUtils.java:logGet(43)) - raft.server.log.statemachine.data.sync.timeout.retry = -1 (default)
2019-08-29 08:13:48,033 [pool-494-thread-1] INFO  impl.RaftServerImpl (RaftServerImpl.java:start(180)) - 0a184b28-38b7-485b-be3e-3bc3142c01b2: start group-04C7077352C4
2019-08-29 08:13:48,033 [pool-483-thread-1] INFO  server.RaftServerConfigKeys (ConfUtils.java:logGet(43)) - raft.server.log.statemachine.data.caching.enabled = true (custom)
2019-08-29 08:13:48,033 [pool-472-thread-1] INFO  server.RaftServerConfigKeys (ConfUtils.java:logGet(43)) - raft.server.log.statemachine.data.sync = true (default)
2019-08-29 08:13:48,033 [pool-494-thread-1] INFO  impl.RaftServerImpl (RaftServerImpl.java:setRole(171)) - 0a184b28-38b7-485b-be3e-3bc3142c01b2:group-04C7077352C4 changes role from null to FOLLOWER at term 0 for startAsFollower
2019-08-29 08:13:48,034 [pool-483-thread-1] INFO  segmented.SegmentedRaftLogWorker (SegmentedRaftLogWorker.java:lambda$new$0(132)) - 50e47a8f-6a67-4a96-b3a3-baa2829f3e12-SegmentedRaftLogWorker:Storage Directory /workdir/hadoop-ozone/integration-test/target/test-dir/MiniOzoneClusterImpl-8a7297db-6aa6-4f06-8934-9a0bed7f2088/datanode-4/data/ratis/5f304ed1-8d9a-4c7b-a813-04c7077352c4: flushIndex: setUnconditionally 0 -> -1
2019-08-29 08:13:48,034 [pool-472-thread-1] INFO  server.RaftServerConfigKeys (ConfUtils.java:logGet(43)) - raft.server.log.statemachine.data.sync.timeout = 10s (default)
2019-08-29 08:13:48,034 [pool-494-thread-1] INFO  impl.RoleInfo (RoleInfo.java:updateAndGet(143)) - 0a184b28-38b7-485b-be3e-3bc3142c01b2: start FollowerState
2019-08-29 08:13:48,034 [pool-483-thread-1] INFO  server.RaftServerConfigKeys (ConfUtils.java:logGet(43)) - raft.server.snapshot.auto.trigger.enabled = true (custom)
2019-08-29 08:13:48,034 [pool-472-thread-1] INFO  server.RaftServerConfigKeys (ConfUtils.java:logGet(43)) - raft.server.log.statemachine.data.sync.timeout.retry = -1 (default)
2019-08-29 08:13:48,035 [pool-483-thread-1] INFO  server.RaftServerConfigKeys (ConfUtils.java:logGet(43)) - raft.server.snapshot.auto.trigger.threshold = 10000 (custom)
2019-08-29 08:13:48,035 [pool-472-thread-1] INFO  server.RaftServerConfigKeys (ConfUtils.java:logGet(43)) - raft.server.log.statemachine.data.caching.enabled = true (custom)
2019-08-29 08:13:48,035 [pool-494-thread-1] INFO  util.JmxRegister (JmxRegister.java:tryRegister(44)) - Successfully registered JMX Bean with object name Ratis:service=RaftServer,group=group-04C7077352C4,id=0a184b28-38b7-485b-be3e-3bc3142c01b2
2019-08-29 08:13:48,035 [pool-472-thread-1] INFO  segmented.SegmentedRaftLogWorker (SegmentedRaftLogWorker.java:lambda$new$0(132)) - 885df2e3-7d4b-41eb-82f7-ec9d233e01be-SegmentedRaftLogWorker:Storage Directory /workdir/hadoop-ozone/integration-test/target/test-dir/MiniOzoneClusterImpl-8a7297db-6aa6-4f06-8934-9a0bed7f2088/datanode-3/data/ratis/5f304ed1-8d9a-4c7b-a813-04c7077352c4: flushIndex: setUnconditionally 0 -> -1
2019-08-29 08:13:48,035 [pool-483-thread-1] INFO  server.RaftServerConfigKeys (ConfUtils.java:logGet(43)) - raft.server.retrycache.expirytime = 600000ms (custom)
2019-08-29 08:13:48,035 [pool-472-thread-1] INFO  server.RaftServerConfigKeys (ConfUtils.java:logGet(43)) - raft.server.snapshot.auto.trigger.enabled = true (custom)
2019-08-29 08:13:48,036 [pool-483-thread-1] INFO  impl.RaftServerImpl (RaftServerImpl.java:start(180)) - 50e47a8f-6a67-4a96-b3a3-baa2829f3e12: start group-04C7077352C4
2019-08-29 08:13:48,036 [pool-472-thread-1] INFO  server.RaftServerConfigKeys (ConfUtils.java:logGet(43)) - raft.server.snapshot.auto.trigger.threshold = 10000 (custom)
2019-08-29 08:13:48,036 [pool-483-thread-1] INFO  impl.RaftServerImpl (RaftServerImpl.java:setRole(171)) - 50e47a8f-6a67-4a96-b3a3-baa2829f3e12:group-04C7077352C4 changes role from null to FOLLOWER at term 0 for startAsFollower
2019-08-29 08:13:48,036 [pool-472-thread-1] INFO  server.RaftServerConfigKeys (ConfUtils.java:logGet(43)) - raft.server.retrycache.expirytime = 600000ms (custom)
2019-08-29 08:13:48,036 [pool-483-thread-1] INFO  impl.RoleInfo (RoleInfo.java:updateAndGet(143)) - 50e47a8f-6a67-4a96-b3a3-baa2829f3e12: start FollowerState
2019-08-29 08:13:48,036 [pool-472-thread-1] INFO  impl.RaftServerImpl (RaftServerImpl.java:start(180)) - 885df2e3-7d4b-41eb-82f7-ec9d233e01be: start group-04C7077352C4
2019-08-29 08:13:48,036 [pool-472-thread-1] INFO  impl.RaftServerImpl (RaftServerImpl.java:setRole(171)) - 885df2e3-7d4b-41eb-82f7-ec9d233e01be:group-04C7077352C4 changes role from null to FOLLOWER at term 0 for startAsFollower
2019-08-29 08:13:48,039 [pool-472-thread-1] INFO  impl.RoleInfo (RoleInfo.java:updateAndGet(143)) - 885df2e3-7d4b-41eb-82f7-ec9d233e01be: start FollowerState
2019-08-29 08:13:48,039 [pool-483-thread-1] INFO  util.JmxRegister (JmxRegister.java:tryRegister(44)) - Successfully registered JMX Bean with object name Ratis:service=RaftServer,group=group-04C7077352C4,id=50e47a8f-6a67-4a96-b3a3-baa2829f3e12
2019-08-29 08:13:48,040 [pool-472-thread-1] INFO  util.JmxRegister (JmxRegister.java:tryRegister(44)) - Successfully registered JMX Bean with object name Ratis:service=RaftServer,group=group-04C7077352C4,id=885df2e3-7d4b-41eb-82f7-ec9d233e01be
2019-08-29 08:13:48,046 [RatisPipelineUtilsThread] INFO  pipeline.PipelineStateManager (PipelineStateManager.java:addPipeline(56)) - Created pipeline Pipeline[ Id: 5f304ed1-8d9a-4c7b-a813-04c7077352c4, Nodes: 885df2e3-7d4b-41eb-82f7-ec9d233e01be{ip: 192.168.69.111, host: pr-hdds-1569-g9zr9-4145101663, networkLocation: /default-rack, certSerialId: null}50e47a8f-6a67-4a96-b3a3-baa2829f3e12{ip: 192.168.69.111, host: pr-hdds-1569-g9zr9-4145101663, networkLocation: /default-rack, certSerialId: null}0a184b28-38b7-485b-be3e-3bc3142c01b2{ip: 192.168.69.111, host: pr-hdds-1569-g9zr9-4145101663, networkLocation: /default-rack, certSerialId: null}, Type:RATIS, Factor:THREE, State:OPEN]
2019-08-29 08:13:48,091 [main] INFO  ozone.MiniOzoneClusterImpl (MiniOzoneClusterImpl.java:lambda$waitForClusterToBeReady$0(142)) - Waiting for cluster to be ready. Got 6 of 7 DN Heartbeats.
2019-08-29 08:13:48,093 [IPC Server handler 6 on 42754] INFO  net.NetworkTopology (NetworkTopologyImpl.java:add(110)) - Added a new node: /default-rack/28014f33-45df-43bf-aab4-c9d4fbf6cd3a
2019-08-29 08:13:48,093 [IPC Server handler 6 on 42754] INFO  node.SCMNodeManager (SCMNodeManager.java:register(273)) - Registered Data node : 28014f33-45df-43bf-aab4-c9d4fbf6cd3a{ip: 192.168.69.111, host: pr-hdds-1569-g9zr9-4145101663, networkLocation: /default-rack, certSerialId: null}
2019-08-29 08:13:48,096 | INFO  | SCMAudit | user=jenkins1000 | ip=192.168.69.111 | op=REGISTER {datanodeDetails=28014f33-45df-43bf-aab4-c9d4fbf6cd3a{ip: 192.168.69.111, host: pr-hdds-1569-g9zr9-4145101663, networkLocation: /default-rack, certSerialId: null}} | ret=SUCCESS |  
2019-08-29 08:13:48,101 [grpc-default-executor-8] INFO  impl.RaftServerProxy (RaftServerProxy.java:addNew(89)) - 28014f33-45df-43bf-aab4-c9d4fbf6cd3a: addNew group-01DD303D30AA:[28014f33-45df-43bf-aab4-c9d4fbf6cd3a:192.168.69.111:37870] returns group-01DD303D30AA:java.util.concurrent.CompletableFuture@6b39e90b[Not completed]
2019-08-29 08:13:48,102 [pool-505-thread-1] INFO  impl.RaftServerImpl (RaftServerImpl.java:<init>(93)) - 28014f33-45df-43bf-aab4-c9d4fbf6cd3a: new RaftServerImpl for group-01DD303D30AA:[28014f33-45df-43bf-aab4-c9d4fbf6cd3a:192.168.69.111:37870] with ContainerStateMachine:uninitialized
2019-08-29 08:13:48,102 [pool-505-thread-1] INFO  server.RaftServerConfigKeys (ConfUtils.java:logGet(43)) - raft.server.rpc.timeout.min = 5s (custom)
2019-08-29 08:13:48,102 [pool-505-thread-1] INFO  server.RaftServerConfigKeys (ConfUtils.java:logGet(43)) - raft.server.rpc.timeout.max = 5200ms (custom)
2019-08-29 08:13:48,102 [pool-505-thread-1] INFO  server.RaftServerConfigKeys (ConfUtils.java:logGet(43)) - raft.server.rpcslowness.timeout = 120s (custom)
2019-08-29 08:13:48,102 [pool-505-thread-1] INFO  server.RaftServerConfigKeys (ConfUtils.java:logGet(43)) - raft.server.sleep.deviation.threshold = 300 (default)
2019-08-29 08:13:48,102 [pool-505-thread-1] INFO  server.RaftServerConfigKeys (ConfUtils.java:logGet(43)) - raft.server.log.appender.install.snapshot.enabled = false (custom)
2019-08-29 08:13:48,103 [pool-505-thread-1] INFO  impl.RaftServerImpl (ServerState.java:<init>(105)) - 28014f33-45df-43bf-aab4-c9d4fbf6cd3a:group-01DD303D30AA ConfigurationManager, init=-1: [28014f33-45df-43bf-aab4-c9d4fbf6cd3a:192.168.69.111:37870], old=null, confs=<EMPTY_MAP>
2019-08-29 08:13:48,103 [pool-505-thread-1] INFO  server.RaftServerConfigKeys (ConfUtils.java:logGet(43)) - raft.server.storage.dir = [/workdir/hadoop-ozone/integration-test/target/test-dir/MiniOzoneClusterImpl-8a7297db-6aa6-4f06-8934-9a0bed7f2088/datanode-6/data/ratis] (custom)
2019-08-29 08:13:48,103 [pool-505-thread-1] INFO  storage.RaftStorageDirectory (RaftStorageDirectory.java:analyzeStorage(246)) - The storage directory /workdir/hadoop-ozone/integration-test/target/test-dir/MiniOzoneClusterImpl-8a7297db-6aa6-4f06-8934-9a0bed7f2088/datanode-6/data/ratis/8dd7a23c-b8c7-43c3-9b8c-01dd303d30aa does not exist. Creating ...
2019-08-29 08:13:48,130 [pool-505-thread-1] INFO  storage.RaftStorageDirectory (RaftStorageDirectory.java:tryLock(328)) - Lock on /workdir/hadoop-ozone/integration-test/target/test-dir/MiniOzoneClusterImpl-8a7297db-6aa6-4f06-8934-9a0bed7f2088/datanode-6/data/ratis/8dd7a23c-b8c7-43c3-9b8c-01dd303d30aa/in_use.lock acquired by nodename 17172@pr-hdds-1569-g9zr9-4145101663
2019-08-29 08:13:48,158 [pool-505-thread-1] INFO  storage.RaftStorage (RaftStorage.java:format(72)) - Storage directory /workdir/hadoop-ozone/integration-test/target/test-dir/MiniOzoneClusterImpl-8a7297db-6aa6-4f06-8934-9a0bed7f2088/datanode-6/data/ratis/8dd7a23c-b8c7-43c3-9b8c-01dd303d30aa has been successfully formatted.
2019-08-29 08:13:48,158 [pool-505-thread-1] INFO  ratis.ContainerStateMachine (ContainerStateMachine.java:loadSnapshot(226)) - group-01DD303D30AA: The snapshot info is null. Setting the last applied indexto:(t:0, i:~)
2019-08-29 08:13:48,158 [pool-505-thread-1] INFO  server.RaftServerConfigKeys (ConfUtils.java:logGet(43)) - raft.server.leader.election.timeout = 120s (custom)
2019-08-29 08:13:48,158 [pool-505-thread-1] INFO  server.RaftServerConfigKeys (ConfUtils.java:logGet(43)) - raft.server.log.use.memory = false (default)
2019-08-29 08:13:48,159 [pool-505-thread-1] INFO  server.RaftServerConfigKeys (ConfUtils.java:logGet(43)) - raft.server.log.purge.gap = 1000000 (custom)
2019-08-29 08:13:48,159 [pool-505-thread-1] INFO  server.RaftServerConfigKeys (ConfUtils.java:logGet(43)) - raft.server.log.appender.buffer.byte-limit = 33554432 (custom)
2019-08-29 08:13:48,159 [pool-505-thread-1] INFO  server.RaftServerConfigKeys (ConfUtils.java:logGet(43)) - raft.server.log.segment.size.max = 1048576 (custom)
2019-08-29 08:13:48,159 [pool-505-thread-1] INFO  server.RaftServerConfigKeys (ConfUtils.java:logGet(43)) - raft.server.log.segment.cache.num.max = 2 (custom)
2019-08-29 08:13:48,159 [pool-505-thread-1] INFO  segmented.SegmentedRaftLogWorker (SegmentedRaftLogWorker.java:<init>(172)) - new 28014f33-45df-43bf-aab4-c9d4fbf6cd3a-SegmentedRaftLogWorker:Storage Directory /workdir/hadoop-ozone/integration-test/target/test-dir/MiniOzoneClusterImpl-8a7297db-6aa6-4f06-8934-9a0bed7f2088/datanode-6/data/ratis/8dd7a23c-b8c7-43c3-9b8c-01dd303d30aa for RaftStorage:Storage Directory /workdir/hadoop-ozone/integration-test/target/test-dir/MiniOzoneClusterImpl-8a7297db-6aa6-4f06-8934-9a0bed7f2088/datanode-6/data/ratis/8dd7a23c-b8c7-43c3-9b8c-01dd303d30aa
2019-08-29 08:13:48,159 [pool-505-thread-1] INFO  server.RaftServerConfigKeys (ConfUtils.java:logGet(43)) - raft.server.log.queue.byte-limit = 2147483647 (custom)
2019-08-29 08:13:48,159 [pool-505-thread-1] INFO  server.RaftServerConfigKeys (ConfUtils.java:logGet(43)) - raft.server.log.queue.element-limit = 1024 (custom)
2019-08-29 08:13:48,160 [pool-505-thread-1] INFO  server.RaftServerConfigKeys (ConfUtils.java:logGet(43)) - raft.server.log.segment.size.max = 1048576 (custom)
2019-08-29 08:13:48,160 [pool-505-thread-1] INFO  server.RaftServerConfigKeys (ConfUtils.java:logGet(43)) - raft.server.log.preallocated.size = 16384 (custom)
2019-08-29 08:13:48,160 [pool-505-thread-1] INFO  server.RaftServerConfigKeys (ConfUtils.java:logGet(43)) - raft.server.log.write.buffer.size = 33554432 (custom)
2019-08-29 08:13:48,160 [pool-505-thread-1] INFO  server.RaftServerConfigKeys (ConfUtils.java:logGet(43)) - raft.server.log.force.sync.num = 128 (default)
2019-08-29 08:13:48,160 [pool-505-thread-1] INFO  server.RaftServerConfigKeys (ConfUtils.java:logGet(43)) - raft.server.log.statemachine.data.sync = true (default)
2019-08-29 08:13:48,160 [pool-505-thread-1] INFO  server.RaftServerConfigKeys (ConfUtils.java:logGet(43)) - raft.server.log.statemachine.data.sync.timeout = 10s (default)
2019-08-29 08:13:48,160 [pool-505-thread-1] INFO  server.RaftServerConfigKeys (ConfUtils.java:logGet(43)) - raft.server.log.statemachine.data.sync.timeout.retry = -1 (default)
2019-08-29 08:13:48,160 [pool-505-thread-1] INFO  server.RaftServerConfigKeys (ConfUtils.java:logGet(43)) - raft.server.log.statemachine.data.caching.enabled = true (custom)
2019-08-29 08:13:48,161 [pool-505-thread-1] INFO  segmented.SegmentedRaftLogWorker (SegmentedRaftLogWorker.java:lambda$new$0(132)) - 28014f33-45df-43bf-aab4-c9d4fbf6cd3a-SegmentedRaftLogWorker:Storage Directory /workdir/hadoop-ozone/integration-test/target/test-dir/MiniOzoneClusterImpl-8a7297db-6aa6-4f06-8934-9a0bed7f2088/datanode-6/data/ratis/8dd7a23c-b8c7-43c3-9b8c-01dd303d30aa: flushIndex: setUnconditionally 0 -> -1
2019-08-29 08:13:48,161 [pool-505-thread-1] INFO  server.RaftServerConfigKeys (ConfUtils.java:logGet(43)) - raft.server.snapshot.auto.trigger.enabled = true (custom)
2019-08-29 08:13:48,161 [pool-505-thread-1] INFO  server.RaftServerConfigKeys (ConfUtils.java:logGet(43)) - raft.server.snapshot.auto.trigger.threshold = 10000 (custom)
2019-08-29 08:13:48,161 [pool-505-thread-1] INFO  server.RaftServerConfigKeys (ConfUtils.java:logGet(43)) - raft.server.retrycache.expirytime = 600000ms (custom)
2019-08-29 08:13:48,161 [pool-505-thread-1] INFO  impl.RaftServerImpl (RaftServerImpl.java:start(180)) - 28014f33-45df-43bf-aab4-c9d4fbf6cd3a: start group-01DD303D30AA
2019-08-29 08:13:48,162 [pool-505-thread-1] INFO  impl.RaftServerImpl (RaftServerImpl.java:setRole(171)) - 28014f33-45df-43bf-aab4-c9d4fbf6cd3a:group-01DD303D30AA changes role from null to FOLLOWER at term 0 for startAsFollower
2019-08-29 08:13:48,162 [pool-505-thread-1] INFO  impl.RoleInfo (RoleInfo.java:updateAndGet(143)) - 28014f33-45df-43bf-aab4-c9d4fbf6cd3a: start FollowerState
2019-08-29 08:13:48,162 [pool-505-thread-1] INFO  util.JmxRegister (JmxRegister.java:tryRegister(44)) - Successfully registered JMX Bean with object name Ratis:service=RaftServer,group=group-01DD303D30AA,id=28014f33-45df-43bf-aab4-c9d4fbf6cd3a
2019-08-29 08:13:48,239 [RatisPipelineUtilsThread] INFO  pipeline.PipelineStateManager (PipelineStateManager.java:addPipeline(56)) - Created pipeline Pipeline[ Id: 8dd7a23c-b8c7-43c3-9b8c-01dd303d30aa, Nodes: 28014f33-45df-43bf-aab4-c9d4fbf6cd3a{ip: 192.168.69.111, host: pr-hdds-1569-g9zr9-4145101663, networkLocation: /default-rack, certSerialId: null}, Type:RATIS, Factor:ONE, State:OPEN]
2019-08-29 08:13:48,491 | INFO  | SCMAudit | user=jenkins1000 | ip=192.168.69.111 | op=SEND_HEARTBEAT {datanodeUUID=d29b9d15-d66c-42ad-b472-380f28d40a83, command=[]} | ret=SUCCESS |  
2019-08-29 08:13:49,037 | INFO  | SCMAudit | user=jenkins1000 | ip=192.168.69.111 | op=SEND_HEARTBEAT {datanodeUUID=db2abc53-6362-4b3f-b45e-27839c8be9d9, command=[]} | ret=SUCCESS |  
2019-08-29 08:13:49,091 [main] INFO  ozone.MiniOzoneClusterImpl (MiniOzoneClusterImpl.java:lambda$waitForClusterToBeReady$0(142)) - Cluster is ready. Got 7 of 7 DN Heartbeats.
2019-08-29 08:13:49,123 [main] INFO  rpc.RpcClient (RpcClient.java:createVolume(293)) - Creating Volume: testblockoutputstream, with jenkins1000 as owner.
2019-08-29 08:13:49,126 | INFO  | OMAudit | user=jenkins1000 | ip=127.0.0.1 | op=CREATE_VOLUME {admin=jenkins1000, owner=jenkins1000, volume=testblockoutputstream, creationTime=1567066429125, quotaInBytes=1152921504606846976} | ret=SUCCESS |  
2019-08-29 08:13:49,148 | INFO  | OMAudit | user=jenkins1000 | ip=127.0.0.1 | op=READ_VOLUME {volume=testblockoutputstream} | ret=SUCCESS |  
2019-08-29 08:13:49,149 [main] INFO  rpc.RpcClient (RpcClient.java:createBucket(432)) - Creating Bucket: testblockoutputstream/testblockoutputstream, with Versioning false and Storage Type set to DISK and Encryption set to false 
2019-08-29 08:13:49,155 | INFO  | OMAudit | user=jenkins1000 | ip=127.0.0.1 | op=CREATE_BUCKET {volume=testblockoutputstream, bucket=testblockoutputstream, acls=[user:jenkins1000:a[ACCESS], group:default:a[ACCESS]], isVersionEnabled=false, storageType=DISK, creationTime=0} | ret=SUCCESS |  
2019-08-29 08:13:49,156 | INFO  | OMAudit | user=jenkins1000 | ip=127.0.0.1 | op=READ_VOLUME {volume=testblockoutputstream} | ret=SUCCESS |  
2019-08-29 08:13:49,158 | INFO  | OMAudit | user=jenkins1000 | ip=127.0.0.1 | op=READ_BUCKET {volume=testblockoutputstream, bucket=testblockoutputstream} | ret=SUCCESS |  
2019-08-29 08:13:49,162 | INFO  | SCMAudit | user=jenkins1000 | ip=192.168.69.111 | op=ALLOCATE_BLOCK {owner=aa62d859-6845-4994-97d2-66ab70c1987a, size=800, type=RATIS, factor=THREE} | ret=SUCCESS |  
2019-08-29 08:13:49,167 | INFO  | OMAudit | user=jenkins1000 | ip=127.0.0.1 | op=ALLOCATE_KEY {volume=testblockoutputstream, bucket=testblockoutputstream, key=8bf5e499-a43b-44c7-ba6c-9664769b6d31, dataSize=0, replicationType=RATIS, replicationFactor=THREE, keyLocationInfo=null} | ret=SUCCESS |  
2019-08-29 08:13:49,186 [grpc-default-executor-8] INFO  client.GrpcClientProtocolClient (GrpcClientProtocolClient.java:onNext(255)) - client-6C6910D607CD->d29b9d15-d66c-42ad-b472-380f28d40a83: receive RaftClientReply:client-6C6910D607CD->d29b9d15-d66c-42ad-b472-380f28d40a83@group-F4061F937CC6, cid=186, FAILED org.apache.ratis.protocol.NotLeaderException: Server d29b9d15-d66c-42ad-b472-380f28d40a83 is not the leader (null). Request must be sent to leader., logIndex=0, commits[d29b9d15-d66c-42ad-b472-380f28d40a83:c-1]
2019-08-29 08:13:49,262 | INFO  | SCMAudit | user=jenkins1000 | ip=192.168.69.111 | op=SEND_HEARTBEAT {datanodeUUID=9528c11a-fb93-4137-9963-bf3b5733d594, command=[]} | ret=SUCCESS |  
2019-08-29 08:13:49,486 | INFO  | SCMAudit | user=jenkins1000 | ip=192.168.69.111 | op=SEND_HEARTBEAT {datanodeUUID=885df2e3-7d4b-41eb-82f7-ec9d233e01be, command=[]} | ret=SUCCESS |  
2019-08-29 08:13:49,491 | INFO  | SCMAudit | user=jenkins1000 | ip=192.168.69.111 | op=SEND_HEARTBEAT {datanodeUUID=d29b9d15-d66c-42ad-b472-380f28d40a83, command=[]} | ret=SUCCESS |  
2019-08-29 08:13:49,502 [Thread-3562] INFO  container.ReplicationManager (ReplicationManager.java:start(152)) - Starting Replication Monitor Thread.
2019-08-29 08:13:49,505 [ReplicationMonitor] INFO  container.ReplicationManager (ReplicationManager.java:run(215)) - Replication Monitor Thread took 0 milliseconds for processing 1 containers.
2019-08-29 08:13:49,680 | INFO  | SCMAudit | user=jenkins1000 | ip=192.168.69.111 | op=SEND_HEARTBEAT {datanodeUUID=50e47a8f-6a67-4a96-b3a3-baa2829f3e12, command=[]} | ret=SUCCESS |  
2019-08-29 08:13:49,893 | INFO  | SCMAudit | user=jenkins1000 | ip=192.168.69.111 | op=SEND_HEARTBEAT {datanodeUUID=0a184b28-38b7-485b-be3e-3bc3142c01b2, command=[]} | ret=SUCCESS |  
2019-08-29 08:13:50,037 | INFO  | SCMAudit | user=jenkins1000 | ip=192.168.69.111 | op=SEND_HEARTBEAT {datanodeUUID=db2abc53-6362-4b3f-b45e-27839c8be9d9, command=[]} | ret=SUCCESS |  
2019-08-29 08:13:50,092 | INFO  | SCMAudit | user=jenkins1000 | ip=192.168.69.111 | op=SEND_HEARTBEAT {datanodeUUID=28014f33-45df-43bf-aab4-c9d4fbf6cd3a, command=[]} | ret=SUCCESS |  
2019-08-29 08:13:50,200 [grpc-default-executor-5] INFO  client.GrpcClientProtocolClient (GrpcClientProtocolClient.java:onNext(255)) - client-6C6910D607CD->db2abc53-6362-4b3f-b45e-27839c8be9d9: receive RaftClientReply:client-6C6910D607CD->db2abc53-6362-4b3f-b45e-27839c8be9d9@group-F4061F937CC6, cid=186, FAILED org.apache.ratis.protocol.NotLeaderException: Server db2abc53-6362-4b3f-b45e-27839c8be9d9 is not the leader (null). Request must be sent to leader., logIndex=0, commits[db2abc53-6362-4b3f-b45e-27839c8be9d9:c-1]
2019-08-29 08:13:50,262 | INFO  | SCMAudit | user=jenkins1000 | ip=192.168.69.111 | op=SEND_HEARTBEAT {datanodeUUID=9528c11a-fb93-4137-9963-bf3b5733d594, command=[]} | ret=SUCCESS |  
2019-08-29 08:13:50,486 | INFO  | SCMAudit | user=jenkins1000 | ip=192.168.69.111 | op=SEND_HEARTBEAT {datanodeUUID=885df2e3-7d4b-41eb-82f7-ec9d233e01be, command=[]} | ret=SUCCESS |  
2019-08-29 08:13:50,491 | INFO  | SCMAudit | user=jenkins1000 | ip=192.168.69.111 | op=SEND_HEARTBEAT {datanodeUUID=d29b9d15-d66c-42ad-b472-380f28d40a83, command=[]} | ret=SUCCESS |  
2019-08-29 08:13:50,681 | INFO  | SCMAudit | user=jenkins1000 | ip=192.168.69.111 | op=SEND_HEARTBEAT {datanodeUUID=50e47a8f-6a67-4a96-b3a3-baa2829f3e12, command=[]} | ret=SUCCESS |  
2019-08-29 08:13:50,893 | INFO  | SCMAudit | user=jenkins1000 | ip=192.168.69.111 | op=SEND_HEARTBEAT {datanodeUUID=0a184b28-38b7-485b-be3e-3bc3142c01b2, command=[]} | ret=SUCCESS |  
2019-08-29 08:13:51,038 | INFO  | SCMAudit | user=jenkins1000 | ip=192.168.69.111 | op=SEND_HEARTBEAT {datanodeUUID=db2abc53-6362-4b3f-b45e-27839c8be9d9, command=[]} | ret=SUCCESS |  
2019-08-29 08:13:51,092 | INFO  | SCMAudit | user=jenkins1000 | ip=192.168.69.111 | op=SEND_HEARTBEAT {datanodeUUID=28014f33-45df-43bf-aab4-c9d4fbf6cd3a, command=[]} | ret=SUCCESS |  
2019-08-29 08:13:51,221 [grpc-default-executor-5] INFO  client.GrpcClientProtocolClient (GrpcClientProtocolClient.java:onNext(255)) - client-6C6910D607CD->9528c11a-fb93-4137-9963-bf3b5733d594: receive RaftClientReply:client-6C6910D607CD->9528c11a-fb93-4137-9963-bf3b5733d594@group-F4061F937CC6, cid=186, FAILED org.apache.ratis.protocol.NotLeaderException: Server 9528c11a-fb93-4137-9963-bf3b5733d594 is not the leader (null). Request must be sent to leader., logIndex=0, commits[9528c11a-fb93-4137-9963-bf3b5733d594:c-1]
2019-08-29 08:13:51,262 | INFO  | SCMAudit | user=jenkins1000 | ip=192.168.69.111 | op=SEND_HEARTBEAT {datanodeUUID=9528c11a-fb93-4137-9963-bf3b5733d594, command=[]} | ret=SUCCESS |  
2019-08-29 08:13:51,486 | INFO  | SCMAudit | user=jenkins1000 | ip=192.168.69.111 | op=SEND_HEARTBEAT {datanodeUUID=885df2e3-7d4b-41eb-82f7-ec9d233e01be, command=[]} | ret=SUCCESS |  
2019-08-29 08:13:51,491 | INFO  | SCMAudit | user=jenkins1000 | ip=192.168.69.111 | op=SEND_HEARTBEAT {datanodeUUID=d29b9d15-d66c-42ad-b472-380f28d40a83, command=[]} | ret=SUCCESS |  
2019-08-29 08:13:51,633 [Thread-3564] INFO  impl.FollowerState (FollowerState.java:run(106)) - d29b9d15-d66c-42ad-b472-380f28d40a83:group-F791AEDFBA6B changes to CANDIDATE, lastRpcTime:5027, electionTimeout:5027ms
2019-08-29 08:13:51,634 [Thread-3564] INFO  impl.RoleInfo (RoleInfo.java:shutdownFollowerState(121)) - d29b9d15-d66c-42ad-b472-380f28d40a83: shutdown FollowerState
2019-08-29 08:13:51,634 [Thread-3564] INFO  impl.RaftServerImpl (RaftServerImpl.java:setRole(171)) - d29b9d15-d66c-42ad-b472-380f28d40a83:group-F791AEDFBA6B changes role from FOLLOWER to CANDIDATE at term 0 for changeToCandidate
2019-08-29 08:13:51,634 [Thread-3564] INFO  impl.RoleInfo (RoleInfo.java:updateAndGet(143)) - d29b9d15-d66c-42ad-b472-380f28d40a83: start LeaderElection
2019-08-29 08:13:51,669 [d29b9d15-d66c-42ad-b472-380f28d40a83:group-F791AEDFBA6B:LeaderElection80] INFO  impl.LeaderElection (LeaderElection.java:askForVotes(181)) - d29b9d15-d66c-42ad-b472-380f28d40a83:group-F791AEDFBA6B:LeaderElection80: begin an election at term 1 for -1: [d29b9d15-d66c-42ad-b472-380f28d40a83:192.168.69.111:36178], old=null
2019-08-29 08:13:51,669 [d29b9d15-d66c-42ad-b472-380f28d40a83:group-F791AEDFBA6B:LeaderElection80] INFO  impl.RoleInfo (RoleInfo.java:shutdownLeaderElection(134)) - d29b9d15-d66c-42ad-b472-380f28d40a83: shutdown LeaderElection
2019-08-29 08:13:51,669 [d29b9d15-d66c-42ad-b472-380f28d40a83:group-F791AEDFBA6B:LeaderElection80] INFO  impl.RaftServerImpl (RaftServerImpl.java:setRole(171)) - d29b9d15-d66c-42ad-b472-380f28d40a83:group-F791AEDFBA6B changes role from CANDIDATE to LEADER at term 1 for changeToLeader
2019-08-29 08:13:51,669 [d29b9d15-d66c-42ad-b472-380f28d40a83:group-F791AEDFBA6B:LeaderElection80] INFO  impl.RaftServerImpl (ServerState.java:setLeader(263)) - d29b9d15-d66c-42ad-b472-380f28d40a83:group-F791AEDFBA6B change Leader from null to d29b9d15-d66c-42ad-b472-380f28d40a83 at term 1 for becomeLeader, leader elected after 5067ms
2019-08-29 08:13:51,670 [d29b9d15-d66c-42ad-b472-380f28d40a83:group-F791AEDFBA6B:LeaderElection80] INFO  server.RaftServerConfigKeys (ConfUtils.java:logGet(43)) - raft.server.staging.catchup.gap = 1000 (default)
2019-08-29 08:13:51,670 [d29b9d15-d66c-42ad-b472-380f28d40a83:group-F791AEDFBA6B:LeaderElection80] INFO  server.RaftServerConfigKeys (ConfUtils.java:logGet(43)) - raft.server.rpc.sleep.time = 25ms (default)
2019-08-29 08:13:51,670 [d29b9d15-d66c-42ad-b472-380f28d40a83:group-F791AEDFBA6B:LeaderElection80] INFO  server.RaftServerConfigKeys (ConfUtils.java:logGet(43)) - raft.server.write.element-limit = 4096 (default)
2019-08-29 08:13:51,670 [d29b9d15-d66c-42ad-b472-380f28d40a83:group-F791AEDFBA6B:LeaderElection80] INFO  server.RaftServerConfigKeys (ConfUtils.java:logGet(43)) - raft.server.watch.timeout = 10s (default)
2019-08-29 08:13:51,670 [d29b9d15-d66c-42ad-b472-380f28d40a83:group-F791AEDFBA6B:LeaderElection80] INFO  server.RaftServerConfigKeys (ConfUtils.java:logGet(43)) - raft.server.watch.timeout.denomination = 1s (default)
2019-08-29 08:13:51,670 [d29b9d15-d66c-42ad-b472-380f28d40a83:group-F791AEDFBA6B:LeaderElection80] INFO  server.RaftServerConfigKeys (ConfUtils.java:logGet(43)) - raft.server.watch.element-limit = 65536 (default)
2019-08-29 08:13:51,670 [d29b9d15-d66c-42ad-b472-380f28d40a83:group-F791AEDFBA6B:LeaderElection80] INFO  impl.RoleInfo (RoleInfo.java:updateAndGet(143)) - d29b9d15-d66c-42ad-b472-380f28d40a83: start LeaderState
2019-08-29 08:13:51,671 [d29b9d15-d66c-42ad-b472-380f28d40a83:group-F791AEDFBA6B:LeaderElection80] INFO  segmented.SegmentedRaftLogWorker (SegmentedRaftLogWorker.java:startLogSegment(380)) - d29b9d15-d66c-42ad-b472-380f28d40a83-SegmentedRaftLogWorker:Storage Directory /workdir/hadoop-ozone/integration-test/target/test-dir/MiniOzoneClusterImpl-8a7297db-6aa6-4f06-8934-9a0bed7f2088/datanode-0/data/ratis/a1102810-f8f2-4d25-9c73-f791aedfba6b: Starting segment from index:0
2019-08-29 08:13:51,671 [d29b9d15-d66c-42ad-b472-380f28d40a83:group-F791AEDFBA6B:LeaderElection80] INFO  impl.RaftServerImpl (ServerState.java:setRaftConf(361)) - d29b9d15-d66c-42ad-b472-380f28d40a83:group-F791AEDFBA6B set configuration 0: [d29b9d15-d66c-42ad-b472-380f28d40a83:192.168.69.111:36178], old=null at 0
2019-08-29 08:13:51,700 | INFO  | SCMAudit | user=jenkins1000 | ip=192.168.69.111 | op=SEND_HEARTBEAT {datanodeUUID=50e47a8f-6a67-4a96-b3a3-baa2829f3e12, command=[]} | ret=SUCCESS |  
2019-08-29 08:13:51,717 [d29b9d15-d66c-42ad-b472-380f28d40a83-SegmentedRaftLogWorker:Storage Directory /workdir/hadoop-ozone/integration-test/target/test-dir/MiniOzoneClusterImpl-8a7297db-6aa6-4f06-8934-9a0bed7f2088/datanode-0/data/ratis/a1102810-f8f2-4d25-9c73-f791aedfba6b] INFO  segmented.SegmentedRaftLogWorker (SegmentedRaftLogWorker.java:execute(569)) - d29b9d15-d66c-42ad-b472-380f28d40a83-SegmentedRaftLogWorker:Storage Directory /workdir/hadoop-ozone/integration-test/target/test-dir/MiniOzoneClusterImpl-8a7297db-6aa6-4f06-8934-9a0bed7f2088/datanode-0/data/ratis/a1102810-f8f2-4d25-9c73-f791aedfba6b: created new log segment /workdir/hadoop-ozone/integration-test/target/test-dir/MiniOzoneClusterImpl-8a7297db-6aa6-4f06-8934-9a0bed7f2088/datanode-0/data/ratis/a1102810-f8f2-4d25-9c73-f791aedfba6b/current/log_inprogress_0
2019-08-29 08:13:51,893 | INFO  | SCMAudit | user=jenkins1000 | ip=192.168.69.111 | op=SEND_HEARTBEAT {datanodeUUID=0a184b28-38b7-485b-be3e-3bc3142c01b2, command=[]} | ret=SUCCESS |  
2019-08-29 08:13:52,038 | INFO  | SCMAudit | user=jenkins1000 | ip=192.168.69.111 | op=SEND_HEARTBEAT {datanodeUUID=db2abc53-6362-4b3f-b45e-27839c8be9d9, command=[]} | ret=SUCCESS |  
2019-08-29 08:13:52,092 | INFO  | SCMAudit | user=jenkins1000 | ip=192.168.69.111 | op=SEND_HEARTBEAT {datanodeUUID=28014f33-45df-43bf-aab4-c9d4fbf6cd3a, command=[]} | ret=SUCCESS |  
2019-08-29 08:13:52,230 [grpc-default-executor-8] INFO  client.GrpcClientProtocolClient (GrpcClientProtocolClient.java:onNext(255)) - client-6C6910D607CD->d29b9d15-d66c-42ad-b472-380f28d40a83: receive RaftClientReply:client-6C6910D607CD->d29b9d15-d66c-42ad-b472-380f28d40a83@group-F4061F937CC6, cid=186, FAILED org.apache.ratis.protocol.NotLeaderException: Server d29b9d15-d66c-42ad-b472-380f28d40a83 is not the leader (null). Request must be sent to leader., logIndex=0, commits[d29b9d15-d66c-42ad-b472-380f28d40a83:c-1]
2019-08-29 08:13:52,263 | INFO  | SCMAudit | user=jenkins1000 | ip=192.168.69.111 | op=SEND_HEARTBEAT {datanodeUUID=9528c11a-fb93-4137-9963-bf3b5733d594, command=[]} | ret=SUCCESS |  
2019-08-29 08:13:52,326 [Thread-3567] INFO  impl.FollowerState (FollowerState.java:run(106)) - db2abc53-6362-4b3f-b45e-27839c8be9d9:group-A677CCAB334E changes to CANDIDATE, lastRpcTime:5148, electionTimeout:5148ms
2019-08-29 08:13:52,326 [Thread-3567] INFO  impl.RoleInfo (RoleInfo.java:shutdownFollowerState(121)) - db2abc53-6362-4b3f-b45e-27839c8be9d9: shutdown FollowerState
2019-08-29 08:13:52,327 [Thread-3567] INFO  impl.RaftServerImpl (RaftServerImpl.java:setRole(171)) - db2abc53-6362-4b3f-b45e-27839c8be9d9:group-A677CCAB334E changes role from FOLLOWER to CANDIDATE at term 0 for changeToCandidate
2019-08-29 08:13:52,327 [Thread-3567] INFO  impl.RoleInfo (RoleInfo.java:updateAndGet(143)) - db2abc53-6362-4b3f-b45e-27839c8be9d9: start LeaderElection
2019-08-29 08:13:52,360 [db2abc53-6362-4b3f-b45e-27839c8be9d9:group-A677CCAB334E:LeaderElection81] INFO  impl.LeaderElection (LeaderElection.java:askForVotes(181)) - db2abc53-6362-4b3f-b45e-27839c8be9d9:group-A677CCAB334E:LeaderElection81: begin an election at term 1 for -1: [db2abc53-6362-4b3f-b45e-27839c8be9d9:192.168.69.111:36711], old=null
2019-08-29 08:13:52,360 [db2abc53-6362-4b3f-b45e-27839c8be9d9:group-A677CCAB334E:LeaderElection81] INFO  impl.RoleInfo (RoleInfo.java:shutdownLeaderElection(134)) - db2abc53-6362-4b3f-b45e-27839c8be9d9: shutdown LeaderElection
2019-08-29 08:13:52,360 [db2abc53-6362-4b3f-b45e-27839c8be9d9:group-A677CCAB334E:LeaderElection81] INFO  impl.RaftServerImpl (RaftServerImpl.java:setRole(171)) - db2abc53-6362-4b3f-b45e-27839c8be9d9:group-A677CCAB334E changes role from CANDIDATE to LEADER at term 1 for changeToLeader
2019-08-29 08:13:52,361 [db2abc53-6362-4b3f-b45e-27839c8be9d9:group-A677CCAB334E:LeaderElection81] INFO  impl.RaftServerImpl (ServerState.java:setLeader(263)) - db2abc53-6362-4b3f-b45e-27839c8be9d9:group-A677CCAB334E change Leader from null to db2abc53-6362-4b3f-b45e-27839c8be9d9 at term 1 for becomeLeader, leader elected after 5187ms
2019-08-29 08:13:52,361 [db2abc53-6362-4b3f-b45e-27839c8be9d9:group-A677CCAB334E:LeaderElection81] INFO  server.RaftServerConfigKeys (ConfUtils.java:logGet(43)) - raft.server.staging.catchup.gap = 1000 (default)
2019-08-29 08:13:52,361 [db2abc53-6362-4b3f-b45e-27839c8be9d9:group-A677CCAB334E:LeaderElection81] INFO  server.RaftServerConfigKeys (ConfUtils.java:logGet(43)) - raft.server.rpc.sleep.time = 25ms (default)
2019-08-29 08:13:52,361 [db2abc53-6362-4b3f-b45e-27839c8be9d9:group-A677CCAB334E:LeaderElection81] INFO  server.RaftServerConfigKeys (ConfUtils.java:logGet(43)) - raft.server.write.element-limit = 4096 (default)
2019-08-29 08:13:52,361 [db2abc53-6362-4b3f-b45e-27839c8be9d9:group-A677CCAB334E:LeaderElection81] INFO  server.RaftServerConfigKeys (ConfUtils.java:logGet(43)) - raft.server.watch.timeout = 10s (default)
2019-08-29 08:13:52,361 [db2abc53-6362-4b3f-b45e-27839c8be9d9:group-A677CCAB334E:LeaderElection81] INFO  server.RaftServerConfigKeys (ConfUtils.java:logGet(43)) - raft.server.watch.timeout.denomination = 1s (default)
2019-08-29 08:13:52,361 [db2abc53-6362-4b3f-b45e-27839c8be9d9:group-A677CCAB334E:LeaderElection81] INFO  server.RaftServerConfigKeys (ConfUtils.java:logGet(43)) - raft.server.watch.element-limit = 65536 (default)
2019-08-29 08:13:52,362 [db2abc53-6362-4b3f-b45e-27839c8be9d9:group-A677CCAB334E:LeaderElection81] INFO  impl.RoleInfo (RoleInfo.java:updateAndGet(143)) - db2abc53-6362-4b3f-b45e-27839c8be9d9: start LeaderState
2019-08-29 08:13:52,362 [db2abc53-6362-4b3f-b45e-27839c8be9d9:group-A677CCAB334E:LeaderElection81] INFO  segmented.SegmentedRaftLogWorker (SegmentedRaftLogWorker.java:startLogSegment(380)) - db2abc53-6362-4b3f-b45e-27839c8be9d9-SegmentedRaftLogWorker:Storage Directory /workdir/hadoop-ozone/integration-test/target/test-dir/MiniOzoneClusterImpl-8a7297db-6aa6-4f06-8934-9a0bed7f2088/datanode-1/data/ratis/19a6a520-6b19-41f8-90bd-a677ccab334e: Starting segment from index:0
2019-08-29 08:13:52,362 [db2abc53-6362-4b3f-b45e-27839c8be9d9:group-A677CCAB334E:LeaderElection81] INFO  impl.RaftServerImpl (ServerState.java:setRaftConf(361)) - db2abc53-6362-4b3f-b45e-27839c8be9d9:group-A677CCAB334E set configuration 0: [db2abc53-6362-4b3f-b45e-27839c8be9d9:192.168.69.111:36711], old=null at 0
2019-08-29 08:13:52,416 [db2abc53-6362-4b3f-b45e-27839c8be9d9-SegmentedRaftLogWorker:Storage Directory /workdir/hadoop-ozone/integration-test/target/test-dir/MiniOzoneClusterImpl-8a7297db-6aa6-4f06-8934-9a0bed7f2088/datanode-1/data/ratis/19a6a520-6b19-41f8-90bd-a677ccab334e] INFO  segmented.SegmentedRaftLogWorker (SegmentedRaftLogWorker.java:execute(569)) - db2abc53-6362-4b3f-b45e-27839c8be9d9-SegmentedRaftLogWorker:Storage Directory /workdir/hadoop-ozone/integration-test/target/test-dir/MiniOzoneClusterImpl-8a7297db-6aa6-4f06-8934-9a0bed7f2088/datanode-1/data/ratis/19a6a520-6b19-41f8-90bd-a677ccab334e: created new log segment /workdir/hadoop-ozone/integration-test/target/test-dir/MiniOzoneClusterImpl-8a7297db-6aa6-4f06-8934-9a0bed7f2088/datanode-1/data/ratis/19a6a520-6b19-41f8-90bd-a677ccab334e/current/log_inprogress_0
2019-08-29 08:13:52,486 | INFO  | SCMAudit | user=jenkins1000 | ip=192.168.69.111 | op=SEND_HEARTBEAT {datanodeUUID=885df2e3-7d4b-41eb-82f7-ec9d233e01be, command=[]} | ret=SUCCESS |  
2019-08-29 08:13:52,490 | INFO  | SCMAudit | user=jenkins1000 | ip=192.168.69.111 | op=SEND_HEARTBEAT {datanodeUUID=d29b9d15-d66c-42ad-b472-380f28d40a83, command=[]} | ret=SUCCESS |  
2019-08-29 08:13:52,520 [Thread-3570] INFO  impl.FollowerState (FollowerState.java:run(106)) - 9528c11a-fb93-4137-9963-bf3b5733d594:group-E9CE868D3628 changes to CANDIDATE, lastRpcTime:5107, electionTimeout:5107ms
2019-08-29 08:13:52,521 [Thread-3570] INFO  impl.RoleInfo (RoleInfo.java:shutdownFollowerState(121)) - 9528c11a-fb93-4137-9963-bf3b5733d594: shutdown FollowerState
2019-08-29 08:13:52,521 [Thread-3570] INFO  impl.RaftServerImpl (RaftServerImpl.java:setRole(171)) - 9528c11a-fb93-4137-9963-bf3b5733d594:group-E9CE868D3628 changes role from FOLLOWER to CANDIDATE at term 0 for changeToCandidate
2019-08-29 08:13:52,521 [Thread-3570] INFO  impl.RoleInfo (RoleInfo.java:updateAndGet(143)) - 9528c11a-fb93-4137-9963-bf3b5733d594: start LeaderElection
2019-08-29 08:13:52,552 [9528c11a-fb93-4137-9963-bf3b5733d594:group-E9CE868D3628:LeaderElection82] INFO  impl.LeaderElection (LeaderElection.java:askForVotes(181)) - 9528c11a-fb93-4137-9963-bf3b5733d594:group-E9CE868D3628:LeaderElection82: begin an election at term 1 for -1: [9528c11a-fb93-4137-9963-bf3b5733d594:192.168.69.111:41746], old=null
2019-08-29 08:13:52,552 [9528c11a-fb93-4137-9963-bf3b5733d594:group-E9CE868D3628:LeaderElection82] INFO  impl.RoleInfo (RoleInfo.java:shutdownLeaderElection(134)) - 9528c11a-fb93-4137-9963-bf3b5733d594: shutdown LeaderElection
2019-08-29 08:13:52,552 [9528c11a-fb93-4137-9963-bf3b5733d594:group-E9CE868D3628:LeaderElection82] INFO  impl.RaftServerImpl (RaftServerImpl.java:setRole(171)) - 9528c11a-fb93-4137-9963-bf3b5733d594:group-E9CE868D3628 changes role from CANDIDATE to LEADER at term 1 for changeToLeader
2019-08-29 08:13:52,552 [9528c11a-fb93-4137-9963-bf3b5733d594:group-E9CE868D3628:LeaderElection82] INFO  impl.RaftServerImpl (ServerState.java:setLeader(263)) - 9528c11a-fb93-4137-9963-bf3b5733d594:group-E9CE868D3628 change Leader from null to 9528c11a-fb93-4137-9963-bf3b5733d594 at term 1 for becomeLeader, leader elected after 5143ms
2019-08-29 08:13:52,553 [9528c11a-fb93-4137-9963-bf3b5733d594:group-E9CE868D3628:LeaderElection82] INFO  server.RaftServerConfigKeys (ConfUtils.java:logGet(43)) - raft.server.staging.catchup.gap = 1000 (default)
2019-08-29 08:13:52,553 [9528c11a-fb93-4137-9963-bf3b5733d594:group-E9CE868D3628:LeaderElection82] INFO  server.RaftServerConfigKeys (ConfUtils.java:logGet(43)) - raft.server.rpc.sleep.time = 25ms (default)
2019-08-29 08:13:52,553 [9528c11a-fb93-4137-9963-bf3b5733d594:group-E9CE868D3628:LeaderElection82] INFO  server.RaftServerConfigKeys (ConfUtils.java:logGet(43)) - raft.server.write.element-limit = 4096 (default)
2019-08-29 08:13:52,553 [9528c11a-fb93-4137-9963-bf3b5733d594:group-E9CE868D3628:LeaderElection82] INFO  server.RaftServerConfigKeys (ConfUtils.java:logGet(43)) - raft.server.watch.timeout = 10s (default)
2019-08-29 08:13:52,553 [9528c11a-fb93-4137-9963-bf3b5733d594:group-E9CE868D3628:LeaderElection82] INFO  server.RaftServerConfigKeys (ConfUtils.java:logGet(43)) - raft.server.watch.timeout.denomination = 1s (default)
2019-08-29 08:13:52,553 [9528c11a-fb93-4137-9963-bf3b5733d594:group-E9CE868D3628:LeaderElection82] INFO  server.RaftServerConfigKeys (ConfUtils.java:logGet(43)) - raft.server.watch.element-limit = 65536 (default)
2019-08-29 08:13:52,554 [9528c11a-fb93-4137-9963-bf3b5733d594:group-E9CE868D3628:LeaderElection82] INFO  impl.RoleInfo (RoleInfo.java:updateAndGet(143)) - 9528c11a-fb93-4137-9963-bf3b5733d594: start LeaderState
2019-08-29 08:13:52,554 [9528c11a-fb93-4137-9963-bf3b5733d594:group-E9CE868D3628:LeaderElection82] INFO  segmented.SegmentedRaftLogWorker (SegmentedRaftLogWorker.java:startLogSegment(380)) - 9528c11a-fb93-4137-9963-bf3b5733d594-SegmentedRaftLogWorker:Storage Directory /workdir/hadoop-ozone/integration-test/target/test-dir/MiniOzoneClusterImpl-8a7297db-6aa6-4f06-8934-9a0bed7f2088/datanode-2/data/ratis/5af8efc3-4566-4dda-80f5-e9ce868d3628: Starting segment from index:0
2019-08-29 08:13:52,554 [9528c11a-fb93-4137-9963-bf3b5733d594:group-E9CE868D3628:LeaderElection82] INFO  impl.RaftServerImpl (ServerState.java:setRaftConf(361)) - 9528c11a-fb93-4137-9963-bf3b5733d594:group-E9CE868D3628 set configuration 0: [9528c11a-fb93-4137-9963-bf3b5733d594:192.168.69.111:41746], old=null at 0
2019-08-29 08:13:52,605 [Thread-3577] INFO  impl.FollowerState (FollowerState.java:run(106)) - d29b9d15-d66c-42ad-b472-380f28d40a83:group-F4061F937CC6 changes to CANDIDATE, lastRpcTime:5105, electionTimeout:5105ms
2019-08-29 08:13:52,605 [Thread-3577] INFO  impl.RoleInfo (RoleInfo.java:shutdownFollowerState(121)) - d29b9d15-d66c-42ad-b472-380f28d40a83: shutdown FollowerState
2019-08-29 08:13:52,605 [Thread-3577] INFO  impl.RaftServerImpl (RaftServerImpl.java:setRole(171)) - d29b9d15-d66c-42ad-b472-380f28d40a83:group-F4061F937CC6 changes role from FOLLOWER to CANDIDATE at term 0 for changeToCandidate
2019-08-29 08:13:52,605 [Thread-3577] INFO  impl.RoleInfo (RoleInfo.java:updateAndGet(143)) - d29b9d15-d66c-42ad-b472-380f28d40a83: start LeaderElection
2019-08-29 08:13:52,611 [Thread-3578] INFO  impl.FollowerState (FollowerState.java:run(106)) - 9528c11a-fb93-4137-9963-bf3b5733d594:group-F4061F937CC6 changes to CANDIDATE, lastRpcTime:5111, electionTimeout:5110ms
2019-08-29 08:13:52,611 [9528c11a-fb93-4137-9963-bf3b5733d594-SegmentedRaftLogWorker:Storage Directory /workdir/hadoop-ozone/integration-test/target/test-dir/MiniOzoneClusterImpl-8a7297db-6aa6-4f06-8934-9a0bed7f2088/datanode-2/data/ratis/5af8efc3-4566-4dda-80f5-e9ce868d3628] INFO  segmented.SegmentedRaftLogWorker (SegmentedRaftLogWorker.java:execute(569)) - 9528c11a-fb93-4137-9963-bf3b5733d594-SegmentedRaftLogWorker:Storage Directory /workdir/hadoop-ozone/integration-test/target/test-dir/MiniOzoneClusterImpl-8a7297db-6aa6-4f06-8934-9a0bed7f2088/datanode-2/data/ratis/5af8efc3-4566-4dda-80f5-e9ce868d3628: created new log segment /workdir/hadoop-ozone/integration-test/target/test-dir/MiniOzoneClusterImpl-8a7297db-6aa6-4f06-8934-9a0bed7f2088/datanode-2/data/ratis/5af8efc3-4566-4dda-80f5-e9ce868d3628/current/log_inprogress_0
2019-08-29 08:13:52,611 [Thread-3578] INFO  impl.RoleInfo (RoleInfo.java:shutdownFollowerState(121)) - 9528c11a-fb93-4137-9963-bf3b5733d594: shutdown FollowerState
2019-08-29 08:13:52,612 [Thread-3578] INFO  impl.RaftServerImpl (RaftServerImpl.java:setRole(171)) - 9528c11a-fb93-4137-9963-bf3b5733d594:group-F4061F937CC6 changes role from FOLLOWER to CANDIDATE at term 0 for changeToCandidate
2019-08-29 08:13:52,612 [Thread-3578] INFO  impl.RoleInfo (RoleInfo.java:updateAndGet(143)) - 9528c11a-fb93-4137-9963-bf3b5733d594: start LeaderElection
2019-08-29 08:13:52,619 [d29b9d15-d66c-42ad-b472-380f28d40a83:group-F4061F937CC6:LeaderElection83] INFO  impl.LeaderElection (LeaderElection.java:askForVotes(181)) - d29b9d15-d66c-42ad-b472-380f28d40a83:group-F4061F937CC6:LeaderElection83: begin an election at term 1 for -1: [d29b9d15-d66c-42ad-b472-380f28d40a83:192.168.69.111:36178, db2abc53-6362-4b3f-b45e-27839c8be9d9:192.168.69.111:36711, 9528c11a-fb93-4137-9963-bf3b5733d594:192.168.69.111:41746], old=null
2019-08-29 08:13:52,626 [grpc-default-executor-5] INFO  impl.RaftServerImpl (RaftServerImpl.java:setRole(171)) - db2abc53-6362-4b3f-b45e-27839c8be9d9:group-F4061F937CC6 changes role from FOLLOWER to FOLLOWER at term 1 for recognizeCandidate:d29b9d15-d66c-42ad-b472-380f28d40a83
2019-08-29 08:13:52,626 [grpc-default-executor-5] INFO  impl.RoleInfo (RoleInfo.java:shutdownFollowerState(121)) - db2abc53-6362-4b3f-b45e-27839c8be9d9: shutdown FollowerState
2019-08-29 08:13:52,626 [grpc-default-executor-5] INFO  impl.RoleInfo (RoleInfo.java:updateAndGet(143)) - db2abc53-6362-4b3f-b45e-27839c8be9d9: start FollowerState
2019-08-29 08:13:52,626 [Thread-3573] INFO  impl.FollowerState (FollowerState.java:run(114)) - db2abc53-6362-4b3f-b45e-27839c8be9d9: FollowerState was interrupted: java.lang.InterruptedException: sleep interrupted
2019-08-29 08:13:52,645 [9528c11a-fb93-4137-9963-bf3b5733d594:group-F4061F937CC6:LeaderElection84] INFO  impl.LeaderElection (LeaderElection.java:askForVotes(181)) - 9528c11a-fb93-4137-9963-bf3b5733d594:group-F4061F937CC6:LeaderElection84: begin an election at term 1 for -1: [d29b9d15-d66c-42ad-b472-380f28d40a83:192.168.69.111:36178, db2abc53-6362-4b3f-b45e-27839c8be9d9:192.168.69.111:36711, 9528c11a-fb93-4137-9963-bf3b5733d594:192.168.69.111:41746], old=null
2019-08-29 08:13:52,649 [d29b9d15-d66c-42ad-b472-380f28d40a83:group-F4061F937CC6:LeaderElection83] INFO  impl.LeaderElection (LeaderElection.java:logAndReturn(56)) - d29b9d15-d66c-42ad-b472-380f28d40a83:group-F4061F937CC6:LeaderElection83: Election PASSED; received 1 response(s) [d29b9d15-d66c-42ad-b472-380f28d40a83<-db2abc53-6362-4b3f-b45e-27839c8be9d9#0:OK-t1] and 0 exception(s); d29b9d15-d66c-42ad-b472-380f28d40a83:t1, leader=null, voted=d29b9d15-d66c-42ad-b472-380f28d40a83, raftlog=d29b9d15-d66c-42ad-b472-380f28d40a83-SegmentedRaftLog:OPENED:c-1,f-1,i0, conf=-1: [d29b9d15-d66c-42ad-b472-380f28d40a83:192.168.69.111:36178, db2abc53-6362-4b3f-b45e-27839c8be9d9:192.168.69.111:36711, 9528c11a-fb93-4137-9963-bf3b5733d594:192.168.69.111:41746], old=null
2019-08-29 08:13:52,649 [d29b9d15-d66c-42ad-b472-380f28d40a83:group-F4061F937CC6:LeaderElection83] INFO  impl.RoleInfo (RoleInfo.java:shutdownLeaderElection(134)) - d29b9d15-d66c-42ad-b472-380f28d40a83: shutdown LeaderElection
2019-08-29 08:13:52,649 [d29b9d15-d66c-42ad-b472-380f28d40a83:group-F4061F937CC6:LeaderElection83] INFO  impl.RaftServerImpl (RaftServerImpl.java:setRole(171)) - d29b9d15-d66c-42ad-b472-380f28d40a83:group-F4061F937CC6 changes role from CANDIDATE to LEADER at term 1 for changeToLeader
2019-08-29 08:13:52,649 [d29b9d15-d66c-42ad-b472-380f28d40a83:group-F4061F937CC6:LeaderElection83] INFO  impl.RaftServerImpl (ServerState.java:setLeader(263)) - d29b9d15-d66c-42ad-b472-380f28d40a83:group-F4061F937CC6 change Leader from null to d29b9d15-d66c-42ad-b472-380f28d40a83 at term 1 for becomeLeader, leader elected after 5162ms
2019-08-29 08:13:52,649 [d29b9d15-d66c-42ad-b472-380f28d40a83:group-F4061F937CC6:LeaderElection83] INFO  server.RaftServerConfigKeys (ConfUtils.java:logGet(43)) - raft.server.staging.catchup.gap = 1000 (default)
2019-08-29 08:13:52,649 [d29b9d15-d66c-42ad-b472-380f28d40a83:group-F4061F937CC6:LeaderElection83] INFO  server.RaftServerConfigKeys (ConfUtils.java:logGet(43)) - raft.server.rpc.sleep.time = 25ms (default)
2019-08-29 08:13:52,649 [d29b9d15-d66c-42ad-b472-380f28d40a83:group-F4061F937CC6:LeaderElection83] INFO  server.RaftServerConfigKeys (ConfUtils.java:logGet(43)) - raft.server.write.element-limit = 4096 (default)
2019-08-29 08:13:52,650 [d29b9d15-d66c-42ad-b472-380f28d40a83:group-F4061F937CC6:LeaderElection83] INFO  server.RaftServerConfigKeys (ConfUtils.java:logGet(43)) - raft.server.watch.timeout = 10s (default)
2019-08-29 08:13:52,650 [d29b9d15-d66c-42ad-b472-380f28d40a83:group-F4061F937CC6:LeaderElection83] INFO  server.RaftServerConfigKeys (ConfUtils.java:logGet(43)) - raft.server.watch.timeout.denomination = 1s (default)
2019-08-29 08:13:52,650 [d29b9d15-d66c-42ad-b472-380f28d40a83:group-F4061F937CC6:LeaderElection83] INFO  server.RaftServerConfigKeys (ConfUtils.java:logGet(43)) - raft.server.watch.element-limit = 65536 (default)
2019-08-29 08:13:52,650 [d29b9d15-d66c-42ad-b472-380f28d40a83:group-F4061F937CC6:LeaderElection83] INFO  server.RaftServerConfigKeys (ConfUtils.java:logGet(43)) - raft.server.log.appender.snapshot.chunk.size.max = 16MB (=16777216) (default)
2019-08-29 08:13:52,650 [d29b9d15-d66c-42ad-b472-380f28d40a83:group-F4061F937CC6:LeaderElection83] INFO  server.RaftServerConfigKeys (ConfUtils.java:logGet(43)) - raft.server.log.appender.buffer.byte-limit = 33554432 (custom)
2019-08-29 08:13:52,650 [d29b9d15-d66c-42ad-b472-380f28d40a83:group-F4061F937CC6:LeaderElection83] INFO  server.RaftServerConfigKeys (ConfUtils.java:logGet(43)) - raft.server.log.appender.buffer.element-limit = 1 (custom)
2019-08-29 08:13:52,651 [d29b9d15-d66c-42ad-b472-380f28d40a83:group-F4061F937CC6:LeaderElection83] INFO  grpc.GrpcConfigKeys$Server (ConfUtils.java:logGet(43)) - raft.grpc.server.leader.outstanding.appends.max = 128 (default)
2019-08-29 08:13:52,651 [d29b9d15-d66c-42ad-b472-380f28d40a83:group-F4061F937CC6:LeaderElection83] INFO  server.RaftServerConfigKeys (ConfUtils.java:logGet(43)) - raft.server.rpc.request.timeout = 3000ms (default)
2019-08-29 08:13:52,666 [d29b9d15-d66c-42ad-b472-380f28d40a83:group-F4061F937CC6:LeaderElection83] INFO  server.RaftServerConfigKeys (ConfUtils.java:logGet(43)) - raft.server.log.appender.install.snapshot.enabled = false (custom)
2019-08-29 08:13:52,666 [d29b9d15-d66c-42ad-b472-380f28d40a83:group-F4061F937CC6:LeaderElection83] INFO  server.RaftServerConfigKeys (ConfUtils.java:logGet(43)) - raft.server.log.appender.snapshot.chunk.size.max = 16MB (=16777216) (default)
2019-08-29 08:13:52,667 [d29b9d15-d66c-42ad-b472-380f28d40a83:group-F4061F937CC6:LeaderElection83] INFO  server.RaftServerConfigKeys (ConfUtils.java:logGet(43)) - raft.server.log.appender.buffer.byte-limit = 33554432 (custom)
2019-08-29 08:13:52,674 [d29b9d15-d66c-42ad-b472-380f28d40a83:group-F4061F937CC6:LeaderElection83] INFO  server.RaftServerConfigKeys (ConfUtils.java:logGet(43)) - raft.server.log.appender.buffer.element-limit = 1 (custom)
2019-08-29 08:13:52,675 [d29b9d15-d66c-42ad-b472-380f28d40a83:group-F4061F937CC6:LeaderElection83] INFO  grpc.GrpcConfigKeys$Server (ConfUtils.java:logGet(43)) - raft.grpc.server.leader.outstanding.appends.max = 128 (default)
2019-08-29 08:13:52,675 [d29b9d15-d66c-42ad-b472-380f28d40a83:group-F4061F937CC6:LeaderElection83] INFO  server.RaftServerConfigKeys (ConfUtils.java:logGet(43)) - raft.server.rpc.request.timeout = 3000ms (default)
2019-08-29 08:13:52,675 [d29b9d15-d66c-42ad-b472-380f28d40a83:group-F4061F937CC6:LeaderElection83] INFO  server.RaftServerConfigKeys (ConfUtils.java:logGet(43)) - raft.server.log.appender.install.snapshot.enabled = false (custom)
2019-08-29 08:13:52,675 [d29b9d15-d66c-42ad-b472-380f28d40a83:group-F4061F937CC6:LeaderElection83] INFO  impl.RoleInfo (RoleInfo.java:updateAndGet(143)) - d29b9d15-d66c-42ad-b472-380f28d40a83: start LeaderState
2019-08-29 08:13:52,675 [d29b9d15-d66c-42ad-b472-380f28d40a83:group-F4061F937CC6:LeaderElection83] INFO  segmented.SegmentedRaftLogWorker (SegmentedRaftLogWorker.java:startLogSegment(380)) - d29b9d15-d66c-42ad-b472-380f28d40a83-SegmentedRaftLogWorker:Storage Directory /workdir/hadoop-ozone/integration-test/target/test-dir/MiniOzoneClusterImpl-8a7297db-6aa6-4f06-8934-9a0bed7f2088/datanode-0/data/ratis/15b2e2b0-221b-4216-b4e5-f4061f937cc6: Starting segment from index:0
2019-08-29 08:13:52,676 [d29b9d15-d66c-42ad-b472-380f28d40a83:group-F4061F937CC6:LeaderElection83] INFO  impl.RaftServerImpl (ServerState.java:setRaftConf(361)) - d29b9d15-d66c-42ad-b472-380f28d40a83:group-F4061F937CC6 set configuration 0: [d29b9d15-d66c-42ad-b472-380f28d40a83:192.168.69.111:36178, db2abc53-6362-4b3f-b45e-27839c8be9d9:192.168.69.111:36711, 9528c11a-fb93-4137-9963-bf3b5733d594:192.168.69.111:41746], old=null at 0
2019-08-29 08:13:52,676 [grpc-default-executor-5] INFO  impl.RaftServerImpl (RaftServerImpl.java:requestVote(754)) - d29b9d15-d66c-42ad-b472-380f28d40a83-LEADER: Withhold vote from candidate 9528c11a-fb93-4137-9963-bf3b5733d594 with term 1. State: leader=d29b9d15-d66c-42ad-b472-380f28d40a83, term=1, lastRpcElapsed=null
2019-08-29 08:13:52,677 [grpc-default-executor-5] INFO  impl.RaftServerImpl (RaftServerImpl.java:setRole(171)) - 9528c11a-fb93-4137-9963-bf3b5733d594:group-F4061F937CC6 changes role from CANDIDATE to FOLLOWER at term 1 for appendEntries
2019-08-29 08:13:52,677 [9528c11a-fb93-4137-9963-bf3b5733d594:group-F4061F937CC6:LeaderElection84] INFO  impl.LeaderElection (LeaderElection.java:logAndReturn(56)) - 9528c11a-fb93-4137-9963-bf3b5733d594:group-F4061F937CC6:LeaderElection84: Election REJECTED; received 2 response(s) [9528c11a-fb93-4137-9963-bf3b5733d594<-d29b9d15-d66c-42ad-b472-380f28d40a83#0:FAIL-t1, 9528c11a-fb93-4137-9963-bf3b5733d594<-db2abc53-6362-4b3f-b45e-27839c8be9d9#0:FAIL-t1] and 0 exception(s); 9528c11a-fb93-4137-9963-bf3b5733d594:t1, leader=null, voted=9528c11a-fb93-4137-9963-bf3b5733d594, raftlog=9528c11a-fb93-4137-9963-bf3b5733d594-SegmentedRaftLog:OPENED:c-1,f-1,i0, conf=-1: [d29b9d15-d66c-42ad-b472-380f28d40a83:192.168.69.111:36178, db2abc53-6362-4b3f-b45e-27839c8be9d9:192.168.69.111:36711, 9528c11a-fb93-4137-9963-bf3b5733d594:192.168.69.111:41746], old=null
2019-08-29 08:13:52,677 [grpc-default-executor-8] INFO  impl.RaftServerImpl (ServerState.java:setLeader(263)) - db2abc53-6362-4b3f-b45e-27839c8be9d9:group-F4061F937CC6 change Leader from null to d29b9d15-d66c-42ad-b472-380f28d40a83 at term 1 for appendEntries, leader elected after 5191ms
2019-08-29 08:13:52,678 [grpc-default-executor-5] INFO  impl.RoleInfo (RoleInfo.java:shutdownLeaderElection(134)) - 9528c11a-fb93-4137-9963-bf3b5733d594: shutdown LeaderElection
2019-08-29 08:13:52,679 [grpc-default-executor-5] INFO  impl.RoleInfo (RoleInfo.java:updateAndGet(143)) - 9528c11a-fb93-4137-9963-bf3b5733d594: start FollowerState
2019-08-29 08:13:52,709 | INFO  | SCMAudit | user=jenkins1000 | ip=192.168.69.111 | op=SEND_HEARTBEAT {datanodeUUID=50e47a8f-6a67-4a96-b3a3-baa2829f3e12, command=[]} | ret=SUCCESS |  
2019-08-29 08:13:52,709 [grpc-default-executor-5] INFO  impl.RaftServerImpl (ServerState.java:setLeader(263)) - 9528c11a-fb93-4137-9963-bf3b5733d594:group-F4061F937CC6 change Leader from null to d29b9d15-d66c-42ad-b472-380f28d40a83 at term 1 for appendEntries, leader elected after 5222ms
2019-08-29 08:13:52,710 [grpc-default-executor-5] INFO  impl.RaftServerImpl (ServerState.java:setRaftConf(361)) - db2abc53-6362-4b3f-b45e-27839c8be9d9:group-F4061F937CC6 set configuration 0: [d29b9d15-d66c-42ad-b472-380f28d40a83:192.168.69.111:36178, db2abc53-6362-4b3f-b45e-27839c8be9d9:192.168.69.111:36711, 9528c11a-fb93-4137-9963-bf3b5733d594:192.168.69.111:41746], old=null at 0
2019-08-29 08:13:52,711 [grpc-default-executor-5] INFO  segmented.SegmentedRaftLogWorker (SegmentedRaftLogWorker.java:startLogSegment(380)) - db2abc53-6362-4b3f-b45e-27839c8be9d9-SegmentedRaftLogWorker:Storage Directory /workdir/hadoop-ozone/integration-test/target/test-dir/MiniOzoneClusterImpl-8a7297db-6aa6-4f06-8934-9a0bed7f2088/datanode-1/data/ratis/15b2e2b0-221b-4216-b4e5-f4061f937cc6: Starting segment from index:0
2019-08-29 08:13:52,711 [grpc-default-executor-8] INFO  impl.RaftServerImpl (ServerState.java:setRaftConf(361)) - 9528c11a-fb93-4137-9963-bf3b5733d594:group-F4061F937CC6 set configuration 0: [d29b9d15-d66c-42ad-b472-380f28d40a83:192.168.69.111:36178, db2abc53-6362-4b3f-b45e-27839c8be9d9:192.168.69.111:36711, 9528c11a-fb93-4137-9963-bf3b5733d594:192.168.69.111:41746], old=null at 0
2019-08-29 08:13:52,711 [grpc-default-executor-8] INFO  segmented.SegmentedRaftLogWorker (SegmentedRaftLogWorker.java:startLogSegment(380)) - 9528c11a-fb93-4137-9963-bf3b5733d594-SegmentedRaftLogWorker:Storage Directory /workdir/hadoop-ozone/integration-test/target/test-dir/MiniOzoneClusterImpl-8a7297db-6aa6-4f06-8934-9a0bed7f2088/datanode-2/data/ratis/15b2e2b0-221b-4216-b4e5-f4061f937cc6: Starting segment from index:0
2019-08-29 08:13:52,720 [d29b9d15-d66c-42ad-b472-380f28d40a83-SegmentedRaftLogWorker:Storage Directory /workdir/hadoop-ozone/integration-test/target/test-dir/MiniOzoneClusterImpl-8a7297db-6aa6-4f06-8934-9a0bed7f2088/datanode-0/data/ratis/15b2e2b0-221b-4216-b4e5-f4061f937cc6] INFO  segmented.SegmentedRaftLogWorker (SegmentedRaftLogWorker.java:execute(569)) - d29b9d15-d66c-42ad-b472-380f28d40a83-SegmentedRaftLogWorker:Storage Directory /workdir/hadoop-ozone/integration-test/target/test-dir/MiniOzoneClusterImpl-8a7297db-6aa6-4f06-8934-9a0bed7f2088/datanode-0/data/ratis/15b2e2b0-221b-4216-b4e5-f4061f937cc6: created new log segment /workdir/hadoop-ozone/integration-test/target/test-dir/MiniOzoneClusterImpl-8a7297db-6aa6-4f06-8934-9a0bed7f2088/datanode-0/data/ratis/15b2e2b0-221b-4216-b4e5-f4061f937cc6/current/log_inprogress_0
2019-08-29 08:13:52,749 [db2abc53-6362-4b3f-b45e-27839c8be9d9-SegmentedRaftLogWorker:Storage Directory /workdir/hadoop-ozone/integration-test/target/test-dir/MiniOzoneClusterImpl-8a7297db-6aa6-4f06-8934-9a0bed7f2088/datanode-1/data/ratis/15b2e2b0-221b-4216-b4e5-f4061f937cc6] INFO  segmented.SegmentedRaftLogWorker (SegmentedRaftLogWorker.java:execute(569)) - db2abc53-6362-4b3f-b45e-27839c8be9d9-SegmentedRaftLogWorker:Storage Directory /workdir/hadoop-ozone/integration-test/target/test-dir/MiniOzoneClusterImpl-8a7297db-6aa6-4f06-8934-9a0bed7f2088/datanode-1/data/ratis/15b2e2b0-221b-4216-b4e5-f4061f937cc6: created new log segment /workdir/hadoop-ozone/integration-test/target/test-dir/MiniOzoneClusterImpl-8a7297db-6aa6-4f06-8934-9a0bed7f2088/datanode-1/data/ratis/15b2e2b0-221b-4216-b4e5-f4061f937cc6/current/log_inprogress_0
2019-08-29 08:13:52,779 [9528c11a-fb93-4137-9963-bf3b5733d594-SegmentedRaftLogWorker:Storage Directory /workdir/hadoop-ozone/integration-test/target/test-dir/MiniOzoneClusterImpl-8a7297db-6aa6-4f06-8934-9a0bed7f2088/datanode-2/data/ratis/15b2e2b0-221b-4216-b4e5-f4061f937cc6] INFO  segmented.SegmentedRaftLogWorker (SegmentedRaftLogWorker.java:execute(569)) - 9528c11a-fb93-4137-9963-bf3b5733d594-SegmentedRaftLogWorker:Storage Directory /workdir/hadoop-ozone/integration-test/target/test-dir/MiniOzoneClusterImpl-8a7297db-6aa6-4f06-8934-9a0bed7f2088/datanode-2/data/ratis/15b2e2b0-221b-4216-b4e5-f4061f937cc6: created new log segment /workdir/hadoop-ozone/integration-test/target/test-dir/MiniOzoneClusterImpl-8a7297db-6aa6-4f06-8934-9a0bed7f2088/datanode-2/data/ratis/15b2e2b0-221b-4216-b4e5-f4061f937cc6/current/log_inprogress_0
2019-08-29 08:13:52,893 | INFO  | SCMAudit | user=jenkins1000 | ip=192.168.69.111 | op=SEND_HEARTBEAT {datanodeUUID=0a184b28-38b7-485b-be3e-3bc3142c01b2, command=[]} | ret=SUCCESS |  
2019-08-29 08:13:52,918 [Thread-3582] INFO  impl.FollowerState (FollowerState.java:run(106)) - 885df2e3-7d4b-41eb-82f7-ec9d233e01be:group-389F32D4F73D changes to CANDIDATE, lastRpcTime:5161, electionTimeout:5161ms
2019-08-29 08:13:52,918 [Thread-3582] INFO  impl.RoleInfo (RoleInfo.java:shutdownFollowerState(121)) - 885df2e3-7d4b-41eb-82f7-ec9d233e01be: shutdown FollowerState
2019-08-29 08:13:52,918 [Thread-3582] INFO  impl.RaftServerImpl (RaftServerImpl.java:setRole(171)) - 885df2e3-7d4b-41eb-82f7-ec9d233e01be:group-389F32D4F73D changes role from FOLLOWER to CANDIDATE at term 0 for changeToCandidate
2019-08-29 08:13:52,918 [Thread-3582] INFO  impl.RoleInfo (RoleInfo.java:updateAndGet(143)) - 885df2e3-7d4b-41eb-82f7-ec9d233e01be: start LeaderElection
2019-08-29 08:13:52,932 [885df2e3-7d4b-41eb-82f7-ec9d233e01be:group-389F32D4F73D:LeaderElection85] INFO  impl.LeaderElection (LeaderElection.java:askForVotes(181)) - 885df2e3-7d4b-41eb-82f7-ec9d233e01be:group-389F32D4F73D:LeaderElection85: begin an election at term 1 for -1: [885df2e3-7d4b-41eb-82f7-ec9d233e01be:192.168.69.111:42951], old=null
2019-08-29 08:13:52,932 [885df2e3-7d4b-41eb-82f7-ec9d233e01be:group-389F32D4F73D:LeaderElection85] INFO  impl.RoleInfo (RoleInfo.java:shutdownLeaderElection(134)) - 885df2e3-7d4b-41eb-82f7-ec9d233e01be: shutdown LeaderElection
2019-08-29 08:13:52,932 [885df2e3-7d4b-41eb-82f7-ec9d233e01be:group-389F32D4F73D:LeaderElection85] INFO  impl.RaftServerImpl (RaftServerImpl.java:setRole(171)) - 885df2e3-7d4b-41eb-82f7-ec9d233e01be:group-389F32D4F73D changes role from CANDIDATE to LEADER at term 1 for changeToLeader
2019-08-29 08:13:52,932 [885df2e3-7d4b-41eb-82f7-ec9d233e01be:group-389F32D4F73D:LeaderElection85] INFO  impl.RaftServerImpl (ServerState.java:setLeader(263)) - 885df2e3-7d4b-41eb-82f7-ec9d233e01be:group-389F32D4F73D change Leader from null to 885df2e3-7d4b-41eb-82f7-ec9d233e01be at term 1 for becomeLeader, leader elected after 5180ms
2019-08-29 08:13:52,932 [885df2e3-7d4b-41eb-82f7-ec9d233e01be:group-389F32D4F73D:LeaderElection85] INFO  server.RaftServerConfigKeys (ConfUtils.java:logGet(43)) - raft.server.staging.catchup.gap = 1000 (default)
2019-08-29 08:13:52,932 [885df2e3-7d4b-41eb-82f7-ec9d233e01be:group-389F32D4F73D:LeaderElection85] INFO  server.RaftServerConfigKeys (ConfUtils.java:logGet(43)) - raft.server.rpc.sleep.time = 25ms (default)
2019-08-29 08:13:52,933 [885df2e3-7d4b-41eb-82f7-ec9d233e01be:group-389F32D4F73D:LeaderElection85] INFO  server.RaftServerConfigKeys (ConfUtils.java:logGet(43)) - raft.server.write.element-limit = 4096 (default)
2019-08-29 08:13:52,933 [885df2e3-7d4b-41eb-82f7-ec9d233e01be:group-389F32D4F73D:LeaderElection85] INFO  server.RaftServerConfigKeys (ConfUtils.java:logGet(43)) - raft.server.watch.timeout = 10s (default)
2019-08-29 08:13:52,933 [885df2e3-7d4b-41eb-82f7-ec9d233e01be:group-389F32D4F73D:LeaderElection85] INFO  server.RaftServerConfigKeys (ConfUtils.java:logGet(43)) - raft.server.watch.timeout.denomination = 1s (default)
2019-08-29 08:13:52,933 [885df2e3-7d4b-41eb-82f7-ec9d233e01be:group-389F32D4F73D:LeaderElection85] INFO  server.RaftServerConfigKeys (ConfUtils.java:logGet(43)) - raft.server.watch.element-limit = 65536 (default)
2019-08-29 08:13:52,933 [885df2e3-7d4b-41eb-82f7-ec9d233e01be:group-389F32D4F73D:LeaderElection85] INFO  impl.RoleInfo (RoleInfo.java:updateAndGet(143)) - 885df2e3-7d4b-41eb-82f7-ec9d233e01be: start LeaderState
2019-08-29 08:13:52,933 [885df2e3-7d4b-41eb-82f7-ec9d233e01be:group-389F32D4F73D:LeaderElection85] INFO  segmented.SegmentedRaftLogWorker (SegmentedRaftLogWorker.java:startLogSegment(380)) - 885df2e3-7d4b-41eb-82f7-ec9d233e01be-SegmentedRaftLogWorker:Storage Directory /workdir/hadoop-ozone/integration-test/target/test-dir/MiniOzoneClusterImpl-8a7297db-6aa6-4f06-8934-9a0bed7f2088/datanode-3/data/ratis/95023631-8daf-415c-a2c4-389f32d4f73d: Starting segment from index:0
2019-08-29 08:13:52,934 [885df2e3-7d4b-41eb-82f7-ec9d233e01be:group-389F32D4F73D:LeaderElection85] INFO  impl.RaftServerImpl (ServerState.java:setRaftConf(361)) - 885df2e3-7d4b-41eb-82f7-ec9d233e01be:group-389F32D4F73D set configuration 0: [885df2e3-7d4b-41eb-82f7-ec9d233e01be:192.168.69.111:42951], old=null at 0
2019-08-29 08:13:52,970 [885df2e3-7d4b-41eb-82f7-ec9d233e01be-SegmentedRaftLogWorker:Storage Directory /workdir/hadoop-ozone/integration-test/target/test-dir/MiniOzoneClusterImpl-8a7297db-6aa6-4f06-8934-9a0bed7f2088/datanode-3/data/ratis/95023631-8daf-415c-a2c4-389f32d4f73d] INFO  segmented.SegmentedRaftLogWorker (SegmentedRaftLogWorker.java:execute(569)) - 885df2e3-7d4b-41eb-82f7-ec9d233e01be-SegmentedRaftLogWorker:Storage Directory /workdir/hadoop-ozone/integration-test/target/test-dir/MiniOzoneClusterImpl-8a7297db-6aa6-4f06-8934-9a0bed7f2088/datanode-3/data/ratis/95023631-8daf-415c-a2c4-389f32d4f73d: created new log segment /workdir/hadoop-ozone/integration-test/target/test-dir/MiniOzoneClusterImpl-8a7297db-6aa6-4f06-8934-9a0bed7f2088/datanode-3/data/ratis/95023631-8daf-415c-a2c4-389f32d4f73d/current/log_inprogress_0
2019-08-29 08:13:52,984 [Thread-3585] INFO  impl.FollowerState (FollowerState.java:run(106)) - 50e47a8f-6a67-4a96-b3a3-baa2829f3e12:group-BE6457AE15CC changes to CANDIDATE, lastRpcTime:5165, electionTimeout:5165ms
2019-08-29 08:13:52,985 [Thread-3585] INFO  impl.RoleInfo (RoleInfo.java:shutdownFollowerState(121)) - 50e47a8f-6a67-4a96-b3a3-baa2829f3e12: shutdown FollowerState
2019-08-29 08:13:52,985 [Thread-3585] INFO  impl.RaftServerImpl (RaftServerImpl.java:setRole(171)) - 50e47a8f-6a67-4a96-b3a3-baa2829f3e12:group-BE6457AE15CC changes role from FOLLOWER to CANDIDATE at term 0 for changeToCandidate
2019-08-29 08:13:52,985 [Thread-3585] INFO  impl.RoleInfo (RoleInfo.java:updateAndGet(143)) - 50e47a8f-6a67-4a96-b3a3-baa2829f3e12: start LeaderElection
2019-08-29 08:13:53,007 [50e47a8f-6a67-4a96-b3a3-baa2829f3e12:group-BE6457AE15CC:LeaderElection86] INFO  impl.LeaderElection (LeaderElection.java:askForVotes(181)) - 50e47a8f-6a67-4a96-b3a3-baa2829f3e12:group-BE6457AE15CC:LeaderElection86: begin an election at term 1 for -1: [50e47a8f-6a67-4a96-b3a3-baa2829f3e12:192.168.69.111:41454], old=null
2019-08-29 08:13:53,007 [50e47a8f-6a67-4a96-b3a3-baa2829f3e12:group-BE6457AE15CC:LeaderElection86] INFO  impl.RoleInfo (RoleInfo.java:shutdownLeaderElection(134)) - 50e47a8f-6a67-4a96-b3a3-baa2829f3e12: shutdown LeaderElection
2019-08-29 08:13:53,007 [50e47a8f-6a67-4a96-b3a3-baa2829f3e12:group-BE6457AE15CC:LeaderElection86] INFO  impl.RaftServerImpl (RaftServerImpl.java:setRole(171)) - 50e47a8f-6a67-4a96-b3a3-baa2829f3e12:group-BE6457AE15CC changes role from CANDIDATE to LEADER at term 1 for changeToLeader
2019-08-29 08:13:53,007 [50e47a8f-6a67-4a96-b3a3-baa2829f3e12:group-BE6457AE15CC:LeaderElection86] INFO  impl.RaftServerImpl (ServerState.java:setLeader(263)) - 50e47a8f-6a67-4a96-b3a3-baa2829f3e12:group-BE6457AE15CC change Leader from null to 50e47a8f-6a67-4a96-b3a3-baa2829f3e12 at term 1 for becomeLeader, leader elected after 5192ms
2019-08-29 08:13:53,007 [50e47a8f-6a67-4a96-b3a3-baa2829f3e12:group-BE6457AE15CC:LeaderElection86] INFO  server.RaftServerConfigKeys (ConfUtils.java:logGet(43)) - raft.server.staging.catchup.gap = 1000 (default)
2019-08-29 08:13:53,008 [50e47a8f-6a67-4a96-b3a3-baa2829f3e12:group-BE6457AE15CC:LeaderElection86] INFO  server.RaftServerConfigKeys (ConfUtils.java:logGet(43)) - raft.server.rpc.sleep.time = 25ms (default)
2019-08-29 08:13:53,008 [50e47a8f-6a67-4a96-b3a3-baa2829f3e12:group-BE6457AE15CC:LeaderElection86] INFO  server.RaftServerConfigKeys (ConfUtils.java:logGet(43)) - raft.server.write.element-limit = 4096 (default)
2019-08-29 08:13:53,008 [50e47a8f-6a67-4a96-b3a3-baa2829f3e12:group-BE6457AE15CC:LeaderElection86] INFO  server.RaftServerConfigKeys (ConfUtils.java:logGet(43)) - raft.server.watch.timeout = 10s (default)
2019-08-29 08:13:53,008 [50e47a8f-6a67-4a96-b3a3-baa2829f3e12:group-BE6457AE15CC:LeaderElection86] INFO  server.RaftServerConfigKeys (ConfUtils.java:logGet(43)) - raft.server.watch.timeout.denomination = 1s (default)
2019-08-29 08:13:53,008 [50e47a8f-6a67-4a96-b3a3-baa2829f3e12:group-BE6457AE15CC:LeaderElection86] INFO  server.RaftServerConfigKeys (ConfUtils.java:logGet(43)) - raft.server.watch.element-limit = 65536 (default)
2019-08-29 08:13:53,008 [50e47a8f-6a67-4a96-b3a3-baa2829f3e12:group-BE6457AE15CC:LeaderElection86] INFO  impl.RoleInfo (RoleInfo.java:updateAndGet(143)) - 50e47a8f-6a67-4a96-b3a3-baa2829f3e12: start LeaderState
2019-08-29 08:13:53,009 [50e47a8f-6a67-4a96-b3a3-baa2829f3e12:group-BE6457AE15CC:LeaderElection86] INFO  segmented.SegmentedRaftLogWorker (SegmentedRaftLogWorker.java:startLogSegment(380)) - 50e47a8f-6a67-4a96-b3a3-baa2829f3e12-SegmentedRaftLogWorker:Storage Directory /workdir/hadoop-ozone/integration-test/target/test-dir/MiniOzoneClusterImpl-8a7297db-6aa6-4f06-8934-9a0bed7f2088/datanode-4/data/ratis/1e2e58a9-5e9a-4d17-b9d6-be6457ae15cc: Starting segment from index:0
2019-08-29 08:13:53,009 [50e47a8f-6a67-4a96-b3a3-baa2829f3e12:group-BE6457AE15CC:LeaderElection86] INFO  impl.RaftServerImpl (ServerState.java:setRaftConf(361)) - 50e47a8f-6a67-4a96-b3a3-baa2829f3e12:group-BE6457AE15CC set configuration 0: [50e47a8f-6a67-4a96-b3a3-baa2829f3e12:192.168.69.111:41454], old=null at 0
2019-08-29 08:13:53,038 | INFO  | SCMAudit | user=jenkins1000 | ip=192.168.69.111 | op=SEND_HEARTBEAT {datanodeUUID=db2abc53-6362-4b3f-b45e-27839c8be9d9, command=[]} | ret=SUCCESS |  
2019-08-29 08:13:53,061 [50e47a8f-6a67-4a96-b3a3-baa2829f3e12-SegmentedRaftLogWorker:Storage Directory /workdir/hadoop-ozone/integration-test/target/test-dir/MiniOzoneClusterImpl-8a7297db-6aa6-4f06-8934-9a0bed7f2088/datanode-4/data/ratis/1e2e58a9-5e9a-4d17-b9d6-be6457ae15cc] INFO  segmented.SegmentedRaftLogWorker (SegmentedRaftLogWorker.java:execute(569)) - 50e47a8f-6a67-4a96-b3a3-baa2829f3e12-SegmentedRaftLogWorker:Storage Directory /workdir/hadoop-ozone/integration-test/target/test-dir/MiniOzoneClusterImpl-8a7297db-6aa6-4f06-8934-9a0bed7f2088/datanode-4/data/ratis/1e2e58a9-5e9a-4d17-b9d6-be6457ae15cc: created new log segment /workdir/hadoop-ozone/integration-test/target/test-dir/MiniOzoneClusterImpl-8a7297db-6aa6-4f06-8934-9a0bed7f2088/datanode-4/data/ratis/1e2e58a9-5e9a-4d17-b9d6-be6457ae15cc/current/log_inprogress_0
2019-08-29 08:13:53,092 | INFO  | SCMAudit | user=jenkins1000 | ip=192.168.69.111 | op=SEND_HEARTBEAT {datanodeUUID=28014f33-45df-43bf-aab4-c9d4fbf6cd3a, command=[]} | ret=SUCCESS |  
2019-08-29 08:13:53,133 [Thread-3596] INFO  impl.FollowerState (FollowerState.java:run(106)) - 885df2e3-7d4b-41eb-82f7-ec9d233e01be:group-04C7077352C4 changes to CANDIDATE, lastRpcTime:5093, electionTimeout:5093ms
2019-08-29 08:13:53,133 [Thread-3596] INFO  impl.RoleInfo (RoleInfo.java:shutdownFollowerState(121)) - 885df2e3-7d4b-41eb-82f7-ec9d233e01be: shutdown FollowerState
2019-08-29 08:13:53,133 [Thread-3596] INFO  impl.RaftServerImpl (RaftServerImpl.java:setRole(171)) - 885df2e3-7d4b-41eb-82f7-ec9d233e01be:group-04C7077352C4 changes role from FOLLOWER to CANDIDATE at term 0 for changeToCandidate
2019-08-29 08:13:53,133 [Thread-3596] INFO  impl.RoleInfo (RoleInfo.java:updateAndGet(143)) - 885df2e3-7d4b-41eb-82f7-ec9d233e01be: start LeaderElection
2019-08-29 08:13:53,139 [Thread-3588] INFO  impl.FollowerState (FollowerState.java:run(106)) - 0a184b28-38b7-485b-be3e-3bc3142c01b2:group-7627C9D583B4 changes to CANDIDATE, lastRpcTime:5181, electionTimeout:5177ms
2019-08-29 08:13:53,139 [Thread-3588] INFO  impl.RoleInfo (RoleInfo.java:shutdownFollowerState(121)) - 0a184b28-38b7-485b-be3e-3bc3142c01b2: shutdown FollowerState
2019-08-29 08:13:53,139 [Thread-3588] INFO  impl.RaftServerImpl (RaftServerImpl.java:setRole(171)) - 0a184b28-38b7-485b-be3e-3bc3142c01b2:group-7627C9D583B4 changes role from FOLLOWER to CANDIDATE at term 0 for changeToCandidate
2019-08-29 08:13:53,139 [Thread-3588] INFO  impl.RoleInfo (RoleInfo.java:updateAndGet(143)) - 0a184b28-38b7-485b-be3e-3bc3142c01b2: start LeaderElection
2019-08-29 08:13:53,149 [0a184b28-38b7-485b-be3e-3bc3142c01b2:group-7627C9D583B4:LeaderElection88] INFO  impl.LeaderElection (LeaderElection.java:askForVotes(181)) - 0a184b28-38b7-485b-be3e-3bc3142c01b2:group-7627C9D583B4:LeaderElection88: begin an election at term 1 for -1: [0a184b28-38b7-485b-be3e-3bc3142c01b2:192.168.69.111:35743], old=null
2019-08-29 08:13:53,149 [885df2e3-7d4b-41eb-82f7-ec9d233e01be:group-04C7077352C4:LeaderElection87] INFO  impl.LeaderElection (LeaderElection.java:askForVotes(181)) - 885df2e3-7d4b-41eb-82f7-ec9d233e01be:group-04C7077352C4:LeaderElection87: begin an election at term 1 for -1: [885df2e3-7d4b-41eb-82f7-ec9d233e01be:192.168.69.111:42951, 50e47a8f-6a67-4a96-b3a3-baa2829f3e12:192.168.69.111:41454, 0a184b28-38b7-485b-be3e-3bc3142c01b2:192.168.69.111:35743], old=null
2019-08-29 08:13:53,149 [0a184b28-38b7-485b-be3e-3bc3142c01b2:group-7627C9D583B4:LeaderElection88] INFO  impl.RoleInfo (RoleInfo.java:shutdownLeaderElection(134)) - 0a184b28-38b7-485b-be3e-3bc3142c01b2: shutdown LeaderElection
2019-08-29 08:13:53,150 [0a184b28-38b7-485b-be3e-3bc3142c01b2:group-7627C9D583B4:LeaderElection88] INFO  impl.RaftServerImpl (RaftServerImpl.java:setRole(171)) - 0a184b28-38b7-485b-be3e-3bc3142c01b2:group-7627C9D583B4 changes role from CANDIDATE to LEADER at term 1 for changeToLeader
2019-08-29 08:13:53,150 [0a184b28-38b7-485b-be3e-3bc3142c01b2:group-7627C9D583B4:LeaderElection88] INFO  impl.RaftServerImpl (ServerState.java:setLeader(263)) - 0a184b28-38b7-485b-be3e-3bc3142c01b2:group-7627C9D583B4 change Leader from null to 0a184b28-38b7-485b-be3e-3bc3142c01b2 at term 1 for becomeLeader, leader elected after 5195ms
2019-08-29 08:13:53,150 [0a184b28-38b7-485b-be3e-3bc3142c01b2:group-7627C9D583B4:LeaderElection88] INFO  server.RaftServerConfigKeys (ConfUtils.java:logGet(43)) - raft.server.staging.catchup.gap = 1000 (default)
2019-08-29 08:13:53,150 [0a184b28-38b7-485b-be3e-3bc3142c01b2:group-7627C9D583B4:LeaderElection88] INFO  server.RaftServerConfigKeys (ConfUtils.java:logGet(43)) - raft.server.rpc.sleep.time = 25ms (default)
2019-08-29 08:13:53,150 [0a184b28-38b7-485b-be3e-3bc3142c01b2:group-7627C9D583B4:LeaderElection88] INFO  server.RaftServerConfigKeys (ConfUtils.java:logGet(43)) - raft.server.write.element-limit = 4096 (default)
2019-08-29 08:13:53,150 [0a184b28-38b7-485b-be3e-3bc3142c01b2:group-7627C9D583B4:LeaderElection88] INFO  server.RaftServerConfigKeys (ConfUtils.java:logGet(43)) - raft.server.watch.timeout = 10s (default)
2019-08-29 08:13:53,151 [0a184b28-38b7-485b-be3e-3bc3142c01b2:group-7627C9D583B4:LeaderElection88] INFO  server.RaftServerConfigKeys (ConfUtils.java:logGet(43)) - raft.server.watch.timeout.denomination = 1s (default)
2019-08-29 08:13:53,151 [0a184b28-38b7-485b-be3e-3bc3142c01b2:group-7627C9D583B4:LeaderElection88] INFO  server.RaftServerConfigKeys (ConfUtils.java:logGet(43)) - raft.server.watch.element-limit = 65536 (default)
2019-08-29 08:13:53,151 [0a184b28-38b7-485b-be3e-3bc3142c01b2:group-7627C9D583B4:LeaderElection88] INFO  impl.RoleInfo (RoleInfo.java:updateAndGet(143)) - 0a184b28-38b7-485b-be3e-3bc3142c01b2: start LeaderState
2019-08-29 08:13:53,151 [0a184b28-38b7-485b-be3e-3bc3142c01b2:group-7627C9D583B4:LeaderElection88] INFO  segmented.SegmentedRaftLogWorker (SegmentedRaftLogWorker.java:startLogSegment(380)) - 0a184b28-38b7-485b-be3e-3bc3142c01b2-SegmentedRaftLogWorker:Storage Directory /workdir/hadoop-ozone/integration-test/target/test-dir/MiniOzoneClusterImpl-8a7297db-6aa6-4f06-8934-9a0bed7f2088/datanode-5/data/ratis/29485111-29f9-4951-9e26-7627c9d583b4: Starting segment from index:0
2019-08-29 08:13:53,152 [0a184b28-38b7-485b-be3e-3bc3142c01b2:group-7627C9D583B4:LeaderElection88] INFO  impl.RaftServerImpl (ServerState.java:setRaftConf(361)) - 0a184b28-38b7-485b-be3e-3bc3142c01b2:group-7627C9D583B4 set configuration 0: [0a184b28-38b7-485b-be3e-3bc3142c01b2:192.168.69.111:35743], old=null at 0
2019-08-29 08:13:53,193 [grpc-default-executor-8] INFO  impl.RaftServerImpl (RaftServerImpl.java:setRole(171)) - 0a184b28-38b7-485b-be3e-3bc3142c01b2:group-04C7077352C4 changes role from FOLLOWER to FOLLOWER at term 1 for recognizeCandidate:885df2e3-7d4b-41eb-82f7-ec9d233e01be
2019-08-29 08:13:53,193 [grpc-default-executor-5] INFO  impl.RaftServerImpl (RaftServerImpl.java:setRole(171)) - 50e47a8f-6a67-4a96-b3a3-baa2829f3e12:group-04C7077352C4 changes role from FOLLOWER to FOLLOWER at term 1 for recognizeCandidate:885df2e3-7d4b-41eb-82f7-ec9d233e01be
2019-08-29 08:13:53,193 [grpc-default-executor-8] INFO  impl.RoleInfo (RoleInfo.java:shutdownFollowerState(121)) - 0a184b28-38b7-485b-be3e-3bc3142c01b2: shutdown FollowerState
2019-08-29 08:13:53,193 [grpc-default-executor-5] INFO  impl.RoleInfo (RoleInfo.java:shutdownFollowerState(121)) - 50e47a8f-6a67-4a96-b3a3-baa2829f3e12: shutdown FollowerState
2019-08-29 08:13:53,193 [Thread-3591] INFO  impl.FollowerState (FollowerState.java:run(114)) - 0a184b28-38b7-485b-be3e-3bc3142c01b2: FollowerState was interrupted: java.lang.InterruptedException: sleep interrupted
2019-08-29 08:13:53,193 [Thread-3595] INFO  impl.FollowerState (FollowerState.java:run(114)) - 50e47a8f-6a67-4a96-b3a3-baa2829f3e12: FollowerState was interrupted: java.lang.InterruptedException: sleep interrupted
2019-08-29 08:13:53,193 [grpc-default-executor-8] INFO  impl.RoleInfo (RoleInfo.java:updateAndGet(143)) - 0a184b28-38b7-485b-be3e-3bc3142c01b2: start FollowerState
2019-08-29 08:13:53,193 [grpc-default-executor-5] INFO  impl.RoleInfo (RoleInfo.java:updateAndGet(143)) - 50e47a8f-6a67-4a96-b3a3-baa2829f3e12: start FollowerState
2019-08-29 08:13:53,211 [0a184b28-38b7-485b-be3e-3bc3142c01b2-SegmentedRaftLogWorker:Storage Directory /workdir/hadoop-ozone/integration-test/target/test-dir/MiniOzoneClusterImpl-8a7297db-6aa6-4f06-8934-9a0bed7f2088/datanode-5/data/ratis/29485111-29f9-4951-9e26-7627c9d583b4] INFO  segmented.SegmentedRaftLogWorker (SegmentedRaftLogWorker.java:execute(569)) - 0a184b28-38b7-485b-be3e-3bc3142c01b2-SegmentedRaftLogWorker:Storage Directory /workdir/hadoop-ozone/integration-test/target/test-dir/MiniOzoneClusterImpl-8a7297db-6aa6-4f06-8934-9a0bed7f2088/datanode-5/data/ratis/29485111-29f9-4951-9e26-7627c9d583b4: created new log segment /workdir/hadoop-ozone/integration-test/target/test-dir/MiniOzoneClusterImpl-8a7297db-6aa6-4f06-8934-9a0bed7f2088/datanode-5/data/ratis/29485111-29f9-4951-9e26-7627c9d583b4/current/log_inprogress_0
2019-08-29 08:13:53,217 [885df2e3-7d4b-41eb-82f7-ec9d233e01be:group-04C7077352C4:LeaderElection87] INFO  impl.LeaderElection (LeaderElection.java:logAndReturn(56)) - 885df2e3-7d4b-41eb-82f7-ec9d233e01be:group-04C7077352C4:LeaderElection87: Election PASSED; received 1 response(s) [885df2e3-7d4b-41eb-82f7-ec9d233e01be<-50e47a8f-6a67-4a96-b3a3-baa2829f3e12#0:OK-t1] and 0 exception(s); 885df2e3-7d4b-41eb-82f7-ec9d233e01be:t1, leader=null, voted=885df2e3-7d4b-41eb-82f7-ec9d233e01be, raftlog=885df2e3-7d4b-41eb-82f7-ec9d233e01be-SegmentedRaftLog:OPENED:c-1,f-1,i0, conf=-1: [885df2e3-7d4b-41eb-82f7-ec9d233e01be:192.168.69.111:42951, 50e47a8f-6a67-4a96-b3a3-baa2829f3e12:192.168.69.111:41454, 0a184b28-38b7-485b-be3e-3bc3142c01b2:192.168.69.111:35743], old=null
2019-08-29 08:13:53,217 [885df2e3-7d4b-41eb-82f7-ec9d233e01be:group-04C7077352C4:LeaderElection87] INFO  impl.RoleInfo (RoleInfo.java:shutdownLeaderElection(134)) - 885df2e3-7d4b-41eb-82f7-ec9d233e01be: shutdown LeaderElection
2019-08-29 08:13:53,217 [885df2e3-7d4b-41eb-82f7-ec9d233e01be:group-04C7077352C4:LeaderElection87] INFO  impl.RaftServerImpl (RaftServerImpl.java:setRole(171)) - 885df2e3-7d4b-41eb-82f7-ec9d233e01be:group-04C7077352C4 changes role from CANDIDATE to LEADER at term 1 for changeToLeader
2019-08-29 08:13:53,217 [885df2e3-7d4b-41eb-82f7-ec9d233e01be:group-04C7077352C4:LeaderElection87] INFO  impl.RaftServerImpl (ServerState.java:setLeader(263)) - 885df2e3-7d4b-41eb-82f7-ec9d233e01be:group-04C7077352C4 change Leader from null to 885df2e3-7d4b-41eb-82f7-ec9d233e01be at term 1 for becomeLeader, leader elected after 5190ms
2019-08-29 08:13:53,217 [885df2e3-7d4b-41eb-82f7-ec9d233e01be:group-04C7077352C4:LeaderElection87] INFO  server.RaftServerConfigKeys (ConfUtils.java:logGet(43)) - raft.server.staging.catchup.gap = 1000 (default)
2019-08-29 08:13:53,217 [885df2e3-7d4b-41eb-82f7-ec9d233e01be:group-04C7077352C4:LeaderElection87] INFO  server.RaftServerConfigKeys (ConfUtils.java:logGet(43)) - raft.server.rpc.sleep.time = 25ms (default)
2019-08-29 08:13:53,217 [885df2e3-7d4b-41eb-82f7-ec9d233e01be:group-04C7077352C4:LeaderElection87] INFO  server.RaftServerConfigKeys (ConfUtils.java:logGet(43)) - raft.server.write.element-limit = 4096 (default)
2019-08-29 08:13:53,217 [885df2e3-7d4b-41eb-82f7-ec9d233e01be:group-04C7077352C4:LeaderElection87] INFO  server.RaftServerConfigKeys (ConfUtils.java:logGet(43)) - raft.server.watch.timeout = 10s (default)
2019-08-29 08:13:53,218 [885df2e3-7d4b-41eb-82f7-ec9d233e01be:group-04C7077352C4:LeaderElection87] INFO  server.RaftServerConfigKeys (ConfUtils.java:logGet(43)) - raft.server.watch.timeout.denomination = 1s (default)
2019-08-29 08:13:53,218 [885df2e3-7d4b-41eb-82f7-ec9d233e01be:group-04C7077352C4:LeaderElection87] INFO  server.RaftServerConfigKeys (ConfUtils.java:logGet(43)) - raft.server.watch.element-limit = 65536 (default)
2019-08-29 08:13:53,218 [885df2e3-7d4b-41eb-82f7-ec9d233e01be:group-04C7077352C4:LeaderElection87] INFO  server.RaftServerConfigKeys (ConfUtils.java:logGet(43)) - raft.server.log.appender.snapshot.chunk.size.max = 16MB (=16777216) (default)
2019-08-29 08:13:53,218 [885df2e3-7d4b-41eb-82f7-ec9d233e01be:group-04C7077352C4:LeaderElection87] INFO  server.RaftServerConfigKeys (ConfUtils.java:logGet(43)) - raft.server.log.appender.buffer.byte-limit = 33554432 (custom)
2019-08-29 08:13:53,218 [885df2e3-7d4b-41eb-82f7-ec9d233e01be:group-04C7077352C4:LeaderElection87] INFO  server.RaftServerConfigKeys (ConfUtils.java:logGet(43)) - raft.server.log.appender.buffer.element-limit = 1 (custom)
2019-08-29 08:13:53,218 [885df2e3-7d4b-41eb-82f7-ec9d233e01be:group-04C7077352C4:LeaderElection87] INFO  grpc.GrpcConfigKeys$Server (ConfUtils.java:logGet(43)) - raft.grpc.server.leader.outstanding.appends.max = 128 (default)
2019-08-29 08:13:53,218 [885df2e3-7d4b-41eb-82f7-ec9d233e01be:group-04C7077352C4:LeaderElection87] INFO  server.RaftServerConfigKeys (ConfUtils.java:logGet(43)) - raft.server.rpc.request.timeout = 3000ms (default)
2019-08-29 08:13:53,218 [885df2e3-7d4b-41eb-82f7-ec9d233e01be:group-04C7077352C4:LeaderElection87] INFO  server.RaftServerConfigKeys (ConfUtils.java:logGet(43)) - raft.server.log.appender.install.snapshot.enabled = false (custom)
2019-08-29 08:13:53,219 [885df2e3-7d4b-41eb-82f7-ec9d233e01be:group-04C7077352C4:LeaderElection87] INFO  server.RaftServerConfigKeys (ConfUtils.java:logGet(43)) - raft.server.log.appender.snapshot.chunk.size.max = 16MB (=16777216) (default)
2019-08-29 08:13:53,219 [885df2e3-7d4b-41eb-82f7-ec9d233e01be:group-04C7077352C4:LeaderElection87] INFO  server.RaftServerConfigKeys (ConfUtils.java:logGet(43)) - raft.server.log.appender.buffer.byte-limit = 33554432 (custom)
2019-08-29 08:13:53,219 [885df2e3-7d4b-41eb-82f7-ec9d233e01be:group-04C7077352C4:LeaderElection87] INFO  server.RaftServerConfigKeys (ConfUtils.java:logGet(43)) - raft.server.log.appender.buffer.element-limit = 1 (custom)
2019-08-29 08:13:53,219 [885df2e3-7d4b-41eb-82f7-ec9d233e01be:group-04C7077352C4:LeaderElection87] INFO  grpc.GrpcConfigKeys$Server (ConfUtils.java:logGet(43)) - raft.grpc.server.leader.outstanding.appends.max = 128 (default)
2019-08-29 08:13:53,219 [885df2e3-7d4b-41eb-82f7-ec9d233e01be:group-04C7077352C4:LeaderElection87] INFO  server.RaftServerConfigKeys (ConfUtils.java:logGet(43)) - raft.server.rpc.request.timeout = 3000ms (default)
2019-08-29 08:13:53,219 [885df2e3-7d4b-41eb-82f7-ec9d233e01be:group-04C7077352C4:LeaderElection87] INFO  server.RaftServerConfigKeys (ConfUtils.java:logGet(43)) - raft.server.log.appender.install.snapshot.enabled = false (custom)
2019-08-29 08:13:53,219 [885df2e3-7d4b-41eb-82f7-ec9d233e01be:group-04C7077352C4:LeaderElection87] INFO  impl.RoleInfo (RoleInfo.java:updateAndGet(143)) - 885df2e3-7d4b-41eb-82f7-ec9d233e01be: start LeaderState
2019-08-29 08:13:53,219 [885df2e3-7d4b-41eb-82f7-ec9d233e01be:group-04C7077352C4:LeaderElection87] INFO  segmented.SegmentedRaftLogWorker (SegmentedRaftLogWorker.java:startLogSegment(380)) - 885df2e3-7d4b-41eb-82f7-ec9d233e01be-SegmentedRaftLogWorker:Storage Directory /workdir/hadoop-ozone/integration-test/target/test-dir/MiniOzoneClusterImpl-8a7297db-6aa6-4f06-8934-9a0bed7f2088/datanode-3/data/ratis/5f304ed1-8d9a-4c7b-a813-04c7077352c4: Starting segment from index:0
2019-08-29 08:13:53,220 [885df2e3-7d4b-41eb-82f7-ec9d233e01be:group-04C7077352C4:LeaderElection87] INFO  impl.RaftServerImpl (ServerState.java:setRaftConf(361)) - 885df2e3-7d4b-41eb-82f7-ec9d233e01be:group-04C7077352C4 set configuration 0: [885df2e3-7d4b-41eb-82f7-ec9d233e01be:192.168.69.111:42951, 50e47a8f-6a67-4a96-b3a3-baa2829f3e12:192.168.69.111:41454, 0a184b28-38b7-485b-be3e-3bc3142c01b2:192.168.69.111:35743], old=null at 0
2019-08-29 08:13:53,246 [Thread-3600] INFO  impl.FollowerState (FollowerState.java:run(106)) - 28014f33-45df-43bf-aab4-c9d4fbf6cd3a:group-01DD303D30AA changes to CANDIDATE, lastRpcTime:5084, electionTimeout:5083ms
2019-08-29 08:13:53,246 [Thread-3600] INFO  impl.RoleInfo (RoleInfo.java:shutdownFollowerState(121)) - 28014f33-45df-43bf-aab4-c9d4fbf6cd3a: shutdown FollowerState
2019-08-29 08:13:53,246 [Thread-3600] INFO  impl.RaftServerImpl (RaftServerImpl.java:setRole(171)) - 28014f33-45df-43bf-aab4-c9d4fbf6cd3a:group-01DD303D30AA changes role from FOLLOWER to CANDIDATE at term 0 for changeToCandidate
2019-08-29 08:13:53,246 [Thread-3600] INFO  impl.RoleInfo (RoleInfo.java:updateAndGet(143)) - 28014f33-45df-43bf-aab4-c9d4fbf6cd3a: start LeaderElection
2019-08-29 08:13:53,263 [grpc-default-executor-4] INFO  impl.RaftServerImpl (ServerState.java:setLeader(263)) - 50e47a8f-6a67-4a96-b3a3-baa2829f3e12:group-04C7077352C4 change Leader from null to 885df2e3-7d4b-41eb-82f7-ec9d233e01be at term 1 for appendEntries, leader elected after 5236ms
2019-08-29 08:13:53,264 [grpc-default-executor-8] INFO  impl.RaftServerImpl (ServerState.java:setLeader(263)) - 0a184b28-38b7-485b-be3e-3bc3142c01b2:group-04C7077352C4 change Leader from null to 885df2e3-7d4b-41eb-82f7-ec9d233e01be at term 1 for appendEntries, leader elected after 5237ms
2019-08-29 08:13:53,264 | INFO  | SCMAudit | user=jenkins1000 | ip=192.168.69.111 | op=SEND_HEARTBEAT {datanodeUUID=9528c11a-fb93-4137-9963-bf3b5733d594, command=[]} | ret=SUCCESS |  
2019-08-29 08:13:53,270 [885df2e3-7d4b-41eb-82f7-ec9d233e01be-SegmentedRaftLogWorker:Storage Directory /workdir/hadoop-ozone/integration-test/target/test-dir/MiniOzoneClusterImpl-8a7297db-6aa6-4f06-8934-9a0bed7f2088/datanode-3/data/ratis/5f304ed1-8d9a-4c7b-a813-04c7077352c4] INFO  segmented.SegmentedRaftLogWorker (SegmentedRaftLogWorker.java:execute(569)) - 885df2e3-7d4b-41eb-82f7-ec9d233e01be-SegmentedRaftLogWorker:Storage Directory /workdir/hadoop-ozone/integration-test/target/test-dir/MiniOzoneClusterImpl-8a7297db-6aa6-4f06-8934-9a0bed7f2088/datanode-3/data/ratis/5f304ed1-8d9a-4c7b-a813-04c7077352c4: created new log segment /workdir/hadoop-ozone/integration-test/target/test-dir/MiniOzoneClusterImpl-8a7297db-6aa6-4f06-8934-9a0bed7f2088/datanode-3/data/ratis/5f304ed1-8d9a-4c7b-a813-04c7077352c4/current/log_inprogress_0
2019-08-29 08:13:53,270 [grpc-default-executor-8] INFO  impl.RaftServerImpl (ServerState.java:setRaftConf(361)) - 50e47a8f-6a67-4a96-b3a3-baa2829f3e12:group-04C7077352C4 set configuration 0: [885df2e3-7d4b-41eb-82f7-ec9d233e01be:192.168.69.111:42951, 50e47a8f-6a67-4a96-b3a3-baa2829f3e12:192.168.69.111:41454, 0a184b28-38b7-485b-be3e-3bc3142c01b2:192.168.69.111:35743], old=null at 0
2019-08-29 08:13:53,280 [grpc-default-executor-5] INFO  impl.RaftServerImpl (ServerState.java:setRaftConf(361)) - 0a184b28-38b7-485b-be3e-3bc3142c01b2:group-04C7077352C4 set configuration 0: [885df2e3-7d4b-41eb-82f7-ec9d233e01be:192.168.69.111:42951, 50e47a8f-6a67-4a96-b3a3-baa2829f3e12:192.168.69.111:41454, 0a184b28-38b7-485b-be3e-3bc3142c01b2:192.168.69.111:35743], old=null at 0
2019-08-29 08:13:53,280 [grpc-default-executor-8] INFO  segmented.SegmentedRaftLogWorker (SegmentedRaftLogWorker.java:startLogSegment(380)) - 50e47a8f-6a67-4a96-b3a3-baa2829f3e12-SegmentedRaftLogWorker:Storage Directory /workdir/hadoop-ozone/integration-test/target/test-dir/MiniOzoneClusterImpl-8a7297db-6aa6-4f06-8934-9a0bed7f2088/datanode-4/data/ratis/5f304ed1-8d9a-4c7b-a813-04c7077352c4: Starting segment from index:0
2019-08-29 08:13:53,280 [grpc-default-executor-5] INFO  segmented.SegmentedRaftLogWorker (SegmentedRaftLogWorker.java:startLogSegment(380)) - 0a184b28-38b7-485b-be3e-3bc3142c01b2-SegmentedRaftLogWorker:Storage Directory /workdir/hadoop-ozone/integration-test/target/test-dir/MiniOzoneClusterImpl-8a7297db-6aa6-4f06-8934-9a0bed7f2088/datanode-5/data/ratis/5f304ed1-8d9a-4c7b-a813-04c7077352c4: Starting segment from index:0
2019-08-29 08:13:53,283 [grpc-default-executor-8] INFO  client.GrpcClientProtocolClient (GrpcClientProtocolClient.java:onNext(255)) - client-6C6910D607CD->db2abc53-6362-4b3f-b45e-27839c8be9d9: receive RaftClientReply:client-6C6910D607CD->db2abc53-6362-4b3f-b45e-27839c8be9d9@group-F4061F937CC6, cid=186, FAILED org.apache.ratis.protocol.NotLeaderException: Server db2abc53-6362-4b3f-b45e-27839c8be9d9 is not the leader (d29b9d15-d66c-42ad-b472-380f28d40a83:192.168.69.111:36178). Request must be sent to leader., logIndex=0, commits[db2abc53-6362-4b3f-b45e-27839c8be9d9:c-1, d29b9d15-d66c-42ad-b472-380f28d40a83:c-1, 9528c11a-fb93-4137-9963-bf3b5733d594:c-1]
2019-08-29 08:13:53,294 [28014f33-45df-43bf-aab4-c9d4fbf6cd3a:group-01DD303D30AA:LeaderElection89] INFO  impl.LeaderElection (LeaderElection.java:askForVotes(181)) - 28014f33-45df-43bf-aab4-c9d4fbf6cd3a:group-01DD303D30AA:LeaderElection89: begin an election at term 1 for -1: [28014f33-45df-43bf-aab4-c9d4fbf6cd3a:192.168.69.111:37870], old=null
2019-08-29 08:13:53,294 [28014f33-45df-43bf-aab4-c9d4fbf6cd3a:group-01DD303D30AA:LeaderElection89] INFO  impl.RoleInfo (RoleInfo.java:shutdownLeaderElection(134)) - 28014f33-45df-43bf-aab4-c9d4fbf6cd3a: shutdown LeaderElection
2019-08-29 08:13:53,294 [28014f33-45df-43bf-aab4-c9d4fbf6cd3a:group-01DD303D30AA:LeaderElection89] INFO  impl.RaftServerImpl (RaftServerImpl.java:setRole(171)) - 28014f33-45df-43bf-aab4-c9d4fbf6cd3a:group-01DD303D30AA changes role from CANDIDATE to LEADER at term 1 for changeToLeader
2019-08-29 08:13:53,294 [28014f33-45df-43bf-aab4-c9d4fbf6cd3a:group-01DD303D30AA:LeaderElection89] INFO  impl.RaftServerImpl (ServerState.java:setLeader(263)) - 28014f33-45df-43bf-aab4-c9d4fbf6cd3a:group-01DD303D30AA change Leader from null to 28014f33-45df-43bf-aab4-c9d4fbf6cd3a at term 1 for becomeLeader, leader elected after 5136ms
2019-08-29 08:13:53,295 [28014f33-45df-43bf-aab4-c9d4fbf6cd3a:group-01DD303D30AA:LeaderElection89] INFO  server.RaftServerConfigKeys (ConfUtils.java:logGet(43)) - raft.server.staging.catchup.gap = 1000 (default)
2019-08-29 08:13:53,295 [28014f33-45df-43bf-aab4-c9d4fbf6cd3a:group-01DD303D30AA:LeaderElection89] INFO  server.RaftServerConfigKeys (ConfUtils.java:logGet(43)) - raft.server.rpc.sleep.time = 25ms (default)
2019-08-29 08:13:53,295 [28014f33-45df-43bf-aab4-c9d4fbf6cd3a:group-01DD303D30AA:LeaderElection89] INFO  server.RaftServerConfigKeys (ConfUtils.java:logGet(43)) - raft.server.write.element-limit = 4096 (default)
2019-08-29 08:13:53,295 [28014f33-45df-43bf-aab4-c9d4fbf6cd3a:group-01DD303D30AA:LeaderElection89] INFO  server.RaftServerConfigKeys (ConfUtils.java:logGet(43)) - raft.server.watch.timeout = 10s (default)
2019-08-29 08:13:53,295 [28014f33-45df-43bf-aab4-c9d4fbf6cd3a:group-01DD303D30AA:LeaderElection89] INFO  server.RaftServerConfigKeys (ConfUtils.java:logGet(43)) - raft.server.watch.timeout.denomination = 1s (default)
2019-08-29 08:13:53,295 [28014f33-45df-43bf-aab4-c9d4fbf6cd3a:group-01DD303D30AA:LeaderElection89] INFO  server.RaftServerConfigKeys (ConfUtils.java:logGet(43)) - raft.server.watch.element-limit = 65536 (default)
2019-08-29 08:13:53,295 [28014f33-45df-43bf-aab4-c9d4fbf6cd3a:group-01DD303D30AA:LeaderElection89] INFO  impl.RoleInfo (RoleInfo.java:updateAndGet(143)) - 28014f33-45df-43bf-aab4-c9d4fbf6cd3a: start LeaderState
2019-08-29 08:13:53,296 [28014f33-45df-43bf-aab4-c9d4fbf6cd3a:group-01DD303D30AA:LeaderElection89] INFO  segmented.SegmentedRaftLogWorker (SegmentedRaftLogWorker.java:startLogSegment(380)) - 28014f33-45df-43bf-aab4-c9d4fbf6cd3a-SegmentedRaftLogWorker:Storage Directory /workdir/hadoop-ozone/integration-test/target/test-dir/MiniOzoneClusterImpl-8a7297db-6aa6-4f06-8934-9a0bed7f2088/datanode-6/data/ratis/8dd7a23c-b8c7-43c3-9b8c-01dd303d30aa: Starting segment from index:0
2019-08-29 08:13:53,296 [28014f33-45df-43bf-aab4-c9d4fbf6cd3a:group-01DD303D30AA:LeaderElection89] INFO  impl.RaftServerImpl (ServerState.java:setRaftConf(361)) - 28014f33-45df-43bf-aab4-c9d4fbf6cd3a:group-01DD303D30AA set configuration 0: [28014f33-45df-43bf-aab4-c9d4fbf6cd3a:192.168.69.111:37870], old=null at 0
2019-08-29 08:13:53,341 [28014f33-45df-43bf-aab4-c9d4fbf6cd3a-SegmentedRaftLogWorker:Storage Directory /workdir/hadoop-ozone/integration-test/target/test-dir/MiniOzoneClusterImpl-8a7297db-6aa6-4f06-8934-9a0bed7f2088/datanode-6/data/ratis/8dd7a23c-b8c7-43c3-9b8c-01dd303d30aa] INFO  segmented.SegmentedRaftLogWorker (SegmentedRaftLogWorker.java:execute(569)) - 28014f33-45df-43bf-aab4-c9d4fbf6cd3a-SegmentedRaftLogWorker:Storage Directory /workdir/hadoop-ozone/integration-test/target/test-dir/MiniOzoneClusterImpl-8a7297db-6aa6-4f06-8934-9a0bed7f2088/datanode-6/data/ratis/8dd7a23c-b8c7-43c3-9b8c-01dd303d30aa: created new log segment /workdir/hadoop-ozone/integration-test/target/test-dir/MiniOzoneClusterImpl-8a7297db-6aa6-4f06-8934-9a0bed7f2088/datanode-6/data/ratis/8dd7a23c-b8c7-43c3-9b8c-01dd303d30aa/current/log_inprogress_0
2019-08-29 08:13:53,341 [50e47a8f-6a67-4a96-b3a3-baa2829f3e12-SegmentedRaftLogWorker:Storage Directory /workdir/hadoop-ozone/integration-test/target/test-dir/MiniOzoneClusterImpl-8a7297db-6aa6-4f06-8934-9a0bed7f2088/datanode-4/data/ratis/5f304ed1-8d9a-4c7b-a813-04c7077352c4] INFO  segmented.SegmentedRaftLogWorker (SegmentedRaftLogWorker.java:execute(569)) - 50e47a8f-6a67-4a96-b3a3-baa2829f3e12-SegmentedRaftLogWorker:Storage Directory /workdir/hadoop-ozone/integration-test/target/test-dir/MiniOzoneClusterImpl-8a7297db-6aa6-4f06-8934-9a0bed7f2088/datanode-4/data/ratis/5f304ed1-8d9a-4c7b-a813-04c7077352c4: created new log segment /workdir/hadoop-ozone/integration-test/target/test-dir/MiniOzoneClusterImpl-8a7297db-6aa6-4f06-8934-9a0bed7f2088/datanode-4/data/ratis/5f304ed1-8d9a-4c7b-a813-04c7077352c4/current/log_inprogress_0
2019-08-29 08:13:53,341 [0a184b28-38b7-485b-be3e-3bc3142c01b2-SegmentedRaftLogWorker:Storage Directory /workdir/hadoop-ozone/integration-test/target/test-dir/MiniOzoneClusterImpl-8a7297db-6aa6-4f06-8934-9a0bed7f2088/datanode-5/data/ratis/5f304ed1-8d9a-4c7b-a813-04c7077352c4] INFO  segmented.SegmentedRaftLogWorker (SegmentedRaftLogWorker.java:execute(569)) - 0a184b28-38b7-485b-be3e-3bc3142c01b2-SegmentedRaftLogWorker:Storage Directory /workdir/hadoop-ozone/integration-test/target/test-dir/MiniOzoneClusterImpl-8a7297db-6aa6-4f06-8934-9a0bed7f2088/datanode-5/data/ratis/5f304ed1-8d9a-4c7b-a813-04c7077352c4: created new log segment /workdir/hadoop-ozone/integration-test/target/test-dir/MiniOzoneClusterImpl-8a7297db-6aa6-4f06-8934-9a0bed7f2088/datanode-5/data/ratis/5f304ed1-8d9a-4c7b-a813-04c7077352c4/current/log_inprogress_0
2019-08-29 08:13:53,486 | INFO  | SCMAudit | user=jenkins1000 | ip=192.168.69.111 | op=SEND_HEARTBEAT {datanodeUUID=885df2e3-7d4b-41eb-82f7-ec9d233e01be, command=[]} | ret=SUCCESS |  
2019-08-29 08:13:53,491 | INFO  | SCMAudit | user=jenkins1000 | ip=192.168.69.111 | op=SEND_HEARTBEAT {datanodeUUID=d29b9d15-d66c-42ad-b472-380f28d40a83, command=[]} | ret=SUCCESS |  
2019-08-29 08:13:53,709 | INFO  | SCMAudit | user=jenkins1000 | ip=192.168.69.111 | op=SEND_HEARTBEAT {datanodeUUID=50e47a8f-6a67-4a96-b3a3-baa2829f3e12, command=[]} | ret=SUCCESS |  
2019-08-29 08:13:53,788 | INFO  | DNAudit | user=null | ip=null | op=WRITE_CHUNK {blockData=conID: 1 locID: 102699265501560846 bcsId: 0} | ret=SUCCESS |  
2019-08-29 08:13:53,788 | INFO  | SCMAudit | user=jenkins1000 | ip=192.168.69.111 | op=SEND_HEARTBEAT {datanodeUUID=db2abc53-6362-4b3f-b45e-27839c8be9d9, command=[]} | ret=SUCCESS |  
2019-08-29 08:13:53,788 | INFO  | DNAudit | user=null | ip=null | op=WRITE_CHUNK {blockData=conID: 1 locID: 102699265501560846 bcsId: 0} | ret=SUCCESS |  
2019-08-29 08:13:53,788 | INFO  | SCMAudit | user=jenkins1000 | ip=192.168.69.111 | op=SEND_HEARTBEAT {datanodeUUID=d29b9d15-d66c-42ad-b472-380f28d40a83, command=[]} | ret=SUCCESS |  
2019-08-29 08:13:53,788 | INFO  | DNAudit | user=null | ip=null | op=WRITE_CHUNK {blockData=conID: 1 locID: 102699265501560846 bcsId: 0} | ret=SUCCESS |  
2019-08-29 08:13:53,788 | INFO  | SCMAudit | user=jenkins1000 | ip=192.168.69.111 | op=SEND_HEARTBEAT {datanodeUUID=9528c11a-fb93-4137-9963-bf3b5733d594, command=[]} | ret=SUCCESS |  
2019-08-29 08:13:53,803 | INFO  | DNAudit | user=null | ip=null | op=WRITE_CHUNK {blockData=conID: 1 locID: 102699265501560846 bcsId: 0} | ret=SUCCESS |  
2019-08-29 08:13:53,810 [grpc-default-executor-5] INFO  client.GrpcClientProtocolClient (GrpcClientProtocolClient.java:onNext(255)) - client-6C6910D607CD->d29b9d15-d66c-42ad-b472-380f28d40a83: receive RaftClientReply:client-6C6910D607CD->d29b9d15-d66c-42ad-b472-380f28d40a83@group-F4061F937CC6, cid=186, SUCCESS, logIndex=1, commits[d29b9d15-d66c-42ad-b472-380f28d40a83:c1, db2abc53-6362-4b3f-b45e-27839c8be9d9:c0, 9528c11a-fb93-4137-9963-bf3b5733d594:c0]
2019-08-29 08:13:53,815 | INFO  | DNAudit | user=null | ip=null | op=WRITE_CHUNK {blockData=conID: 1 locID: 102699265501560846 bcsId: 0} | ret=SUCCESS |  
2019-08-29 08:13:53,816 | INFO  | DNAudit | user=null | ip=null | op=WRITE_CHUNK {blockData=conID: 1 locID: 102699265501560846 bcsId: 0} | ret=SUCCESS |  
2019-08-29 08:13:53,816 | INFO  | DNAudit | user=null | ip=null | op=WRITE_CHUNK {blockData=conID: 1 locID: 102699265501560846 bcsId: 0} | ret=SUCCESS |  
2019-08-29 08:13:53,816 | INFO  | DNAudit | user=null | ip=null | op=WRITE_CHUNK {blockData=conID: 1 locID: 102699265501560846 bcsId: 0} | ret=SUCCESS |  
2019-08-29 08:13:53,817 | INFO  | DNAudit | user=null | ip=null | op=WRITE_CHUNK {blockData=conID: 1 locID: 102699265501560846 bcsId: 0} | ret=SUCCESS |  
2019-08-29 08:13:53,817 | INFO  | DNAudit | user=null | ip=null | op=WRITE_CHUNK {blockData=conID: 1 locID: 102699265501560846 bcsId: 0} | ret=SUCCESS |  
2019-08-29 08:13:53,818 | INFO  | DNAudit | user=null | ip=null | op=WRITE_CHUNK {blockData=conID: 1 locID: 102699265501560846 bcsId: 0} | ret=SUCCESS |  
2019-08-29 08:13:53,818 | INFO  | DNAudit | user=null | ip=null | op=WRITE_CHUNK {blockData=conID: 1 locID: 102699265501560846 bcsId: 0} | ret=SUCCESS |  
2019-08-29 08:13:53,818 | INFO  | DNAudit | user=null | ip=null | op=WRITE_CHUNK {blockData=conID: 1 locID: 102699265501560846 bcsId: 0} | ret=SUCCESS |  
2019-08-29 08:13:53,819 | INFO  | DNAudit | user=null | ip=null | op=WRITE_CHUNK {blockData=conID: 1 locID: 102699265501560846 bcsId: 0} | ret=SUCCESS |  
2019-08-29 08:13:53,819 | INFO  | DNAudit | user=null | ip=null | op=WRITE_CHUNK {blockData=conID: 1 locID: 102699265501560846 bcsId: 0} | ret=SUCCESS |  
2019-08-29 08:13:53,835 | INFO  | DNAudit | user=null | ip=null | op=WRITE_CHUNK {blockData=conID: 1 locID: 102699265501560846 bcsId: 0} | ret=SUCCESS |  
2019-08-29 08:13:53,840 [grpc-default-executor-5] INFO  client.GrpcClientProtocolClient (GrpcClientProtocolClient.java:onNext(255)) - client-6C6910D607CD->d29b9d15-d66c-42ad-b472-380f28d40a83: receive RaftClientReply:client-6C6910D607CD->d29b9d15-d66c-42ad-b472-380f28d40a83@group-F4061F937CC6, cid=187, SUCCESS, logIndex=3, commits[d29b9d15-d66c-42ad-b472-380f28d40a83:c3, db2abc53-6362-4b3f-b45e-27839c8be9d9:c2, 9528c11a-fb93-4137-9963-bf3b5733d594:c2]
2019-08-29 08:13:53,864 | INFO  | DNAudit | user=null | ip=null | op=WRITE_CHUNK {blockData=conID: 1 locID: 102699265501560846 bcsId: 0} | ret=SUCCESS |  
2019-08-29 08:13:53,864 | INFO  | DNAudit | user=null | ip=null | op=WRITE_CHUNK {blockData=conID: 1 locID: 102699265501560846 bcsId: 0} | ret=SUCCESS |  
2019-08-29 08:13:53,893 | INFO  | SCMAudit | user=jenkins1000 | ip=192.168.69.111 | op=SEND_HEARTBEAT {datanodeUUID=0a184b28-38b7-485b-be3e-3bc3142c01b2, command=[]} | ret=SUCCESS |  
2019-08-29 08:13:54,020 | INFO  | DNAudit | user=null | ip=null | op=PUT_BLOCK {blockData=[blockId=conID: 1 locID: 102699265501560846 bcsId: 0,size=200]} | ret=SUCCESS |  
2019-08-29 08:13:54,020 | INFO  | DNAudit | user=null | ip=null | op=WRITE_CHUNK {blockData=conID: 1 locID: 102699265501560846 bcsId: 0} | ret=SUCCESS |  
2019-08-29 08:13:54,021 | INFO  | DNAudit | user=null | ip=null | op=WRITE_CHUNK {blockData=conID: 1 locID: 102699265501560846 bcsId: 0} | ret=SUCCESS |  
2019-08-29 08:13:54,021 [grpc-default-executor-4] INFO  client.GrpcClientProtocolClient (GrpcClientProtocolClient.java:onNext(255)) - client-6C6910D607CD->d29b9d15-d66c-42ad-b472-380f28d40a83: receive RaftClientReply:client-6C6910D607CD->d29b9d15-d66c-42ad-b472-380f28d40a83@group-F4061F937CC6, cid=188, SUCCESS, logIndex=4, commits[d29b9d15-d66c-42ad-b472-380f28d40a83:c11, db2abc53-6362-4b3f-b45e-27839c8be9d9:c7, 9528c11a-fb93-4137-9963-bf3b5733d594:c7]
2019-08-29 08:13:54,022 [grpc-default-executor-4] INFO  client.GrpcClientProtocolClient (GrpcClientProtocolClient.java:onNext(255)) - client-6C6910D607CD->d29b9d15-d66c-42ad-b472-380f28d40a83: receive RaftClientReply:client-6C6910D607CD->d29b9d15-d66c-42ad-b472-380f28d40a83@group-F4061F937CC6, cid=189, SUCCESS, logIndex=5, commits[d29b9d15-d66c-42ad-b472-380f28d40a83:c11, db2abc53-6362-4b3f-b45e-27839c8be9d9:c7, 9528c11a-fb93-4137-9963-bf3b5733d594:c7]
2019-08-29 08:13:54,022 [grpc-default-executor-4] INFO  client.GrpcClientProtocolClient (GrpcClientProtocolClient.java:onNext(255)) - client-6C6910D607CD->d29b9d15-d66c-42ad-b472-380f28d40a83: receive RaftClientReply:client-6C6910D607CD->d29b9d15-d66c-42ad-b472-380f28d40a83@group-F4061F937CC6, cid=190, SUCCESS, logIndex=6, commits[d29b9d15-d66c-42ad-b472-380f28d40a83:c11, db2abc53-6362-4b3f-b45e-27839c8be9d9:c7, 9528c11a-fb93-4137-9963-bf3b5733d594:c7]
2019-08-29 08:13:54,092 | INFO  | SCMAudit | user=jenkins1000 | ip=192.168.69.111 | op=SEND_HEARTBEAT {datanodeUUID=28014f33-45df-43bf-aab4-c9d4fbf6cd3a, command=[]} | ret=SUCCESS |  
2019-08-29 08:13:54,133 | INFO  | DNAudit | user=null | ip=null | op=PUT_BLOCK {blockData=[blockId=conID: 1 locID: 102699265501560846 bcsId: 0,size=200]} | ret=SUCCESS |  
2019-08-29 08:13:54,134 | INFO  | DNAudit | user=null | ip=null | op=WRITE_CHUNK {blockData=conID: 1 locID: 102699265501560846 bcsId: 0} | ret=SUCCESS |  
2019-08-29 08:13:54,134 | INFO  | DNAudit | user=null | ip=null | op=WRITE_CHUNK {blockData=conID: 1 locID: 102699265501560846 bcsId: 0} | ret=SUCCESS |  
2019-08-29 08:13:54,244 | INFO  | DNAudit | user=null | ip=null | op=PUT_BLOCK {blockData=[blockId=conID: 1 locID: 102699265501560846 bcsId: 0,size=200]} | ret=SUCCESS |  
2019-08-29 08:13:54,244 | INFO  | DNAudit | user=null | ip=null | op=PUT_BLOCK {blockData=[blockId=conID: 1 locID: 102699265501560846 bcsId: 0,size=400]} | ret=SUCCESS |  
2019-08-29 08:13:54,244 | INFO  | DNAudit | user=null | ip=null | op=PUT_BLOCK {blockData=[blockId=conID: 1 locID: 102699265501560846 bcsId: 0,size=400]} | ret=SUCCESS |  
2019-08-29 08:13:54,245 | INFO  | DNAudit | user=null | ip=null | op=WRITE_CHUNK {blockData=conID: 1 locID: 102699265501560846 bcsId: 0} | ret=SUCCESS |  
2019-08-29 08:13:54,245 | INFO  | DNAudit | user=null | ip=null | op=WRITE_CHUNK {blockData=conID: 1 locID: 102699265501560846 bcsId: 0} | ret=SUCCESS |  
2019-08-29 08:13:54,245 | INFO  | DNAudit | user=null | ip=null | op=PUT_BLOCK {blockData=[blockId=conID: 1 locID: 102699265501560846 bcsId: 0,size=400]} | ret=SUCCESS |  
2019-08-29 08:13:54,246 [grpc-default-executor-4] INFO  client.GrpcClientProtocolClient (GrpcClientProtocolClient.java:onNext(255)) - client-6C6910D607CD->d29b9d15-d66c-42ad-b472-380f28d40a83: receive RaftClientReply:client-6C6910D607CD->d29b9d15-d66c-42ad-b472-380f28d40a83@group-F4061F937CC6, cid=191, SUCCESS, logIndex=7, commits[d29b9d15-d66c-42ad-b472-380f28d40a83:c11, db2abc53-6362-4b3f-b45e-27839c8be9d9:c7, 9528c11a-fb93-4137-9963-bf3b5733d594:c7]
2019-08-29 08:13:54,249 | INFO  | DNAudit | user=null | ip=null | op=WRITE_CHUNK {blockData=conID: 1 locID: 102699265501560846 bcsId: 7} | ret=SUCCESS |  
2019-08-29 08:13:54,250 | INFO  | DNAudit | user=null | ip=null | op=WRITE_CHUNK {blockData=conID: 1 locID: 102699265501560846 bcsId: 7} | ret=SUCCESS |  
2019-08-29 08:13:54,250 | INFO  | DNAudit | user=null | ip=null | op=WRITE_CHUNK {blockData=conID: 1 locID: 102699265501560846 bcsId: 7} | ret=SUCCESS |  
2019-08-29 08:13:54,257 | INFO  | DNAudit | user=null | ip=null | op=WRITE_CHUNK {blockData=conID: 1 locID: 102699265501560846 bcsId: 7} | ret=SUCCESS |  
2019-08-29 08:13:54,258 | INFO  | DNAudit | user=null | ip=null | op=PUT_BLOCK {blockData=[blockId=conID: 1 locID: 102699265501560846 bcsId: 0,size=450]} | ret=SUCCESS |  
2019-08-29 08:13:54,258 [grpc-default-executor-5] INFO  client.GrpcClientProtocolClient (GrpcClientProtocolClient.java:onNext(255)) - client-6C6910D607CD->d29b9d15-d66c-42ad-b472-380f28d40a83: receive RaftClientReply:client-6C6910D607CD->d29b9d15-d66c-42ad-b472-380f28d40a83@group-F4061F937CC6, cid=192, SUCCESS, logIndex=12, commits[d29b9d15-d66c-42ad-b472-380f28d40a83:c13, db2abc53-6362-4b3f-b45e-27839c8be9d9:c11, 9528c11a-fb93-4137-9963-bf3b5733d594:c11]
2019-08-29 08:13:54,259 [grpc-default-executor-5] INFO  client.GrpcClientProtocolClient (GrpcClientProtocolClient.java:onNext(255)) - client-6C6910D607CD->d29b9d15-d66c-42ad-b472-380f28d40a83: receive RaftClientReply:client-6C6910D607CD->d29b9d15-d66c-42ad-b472-380f28d40a83@group-F4061F937CC6, cid=193, SUCCESS, logIndex=13, commits[d29b9d15-d66c-42ad-b472-380f28d40a83:c13, db2abc53-6362-4b3f-b45e-27839c8be9d9:c11, 9528c11a-fb93-4137-9963-bf3b5733d594:c11]
2019-08-29 08:13:54,272 | INFO  | DNAudit | user=null | ip=null | op=WRITE_CHUNK {blockData=conID: 1 locID: 102699265501560846 bcsId: 7} | ret=SUCCESS |  
2019-08-29 08:13:54,272 | INFO  | DNAudit | user=null | ip=null | op=WRITE_CHUNK {blockData=conID: 1 locID: 102699265501560846 bcsId: 7} | ret=SUCCESS |  
2019-08-29 08:13:54,272 | INFO  | DNAudit | user=null | ip=null | op=PUT_BLOCK {blockData=[blockId=conID: 1 locID: 102699265501560846 bcsId: 0,size=450]} | ret=SUCCESS |  
2019-08-29 08:13:54,274 | INFO  | DNAudit | user=null | ip=null | op=PUT_BLOCK {blockData=[blockId=conID: 1 locID: 102699265501560846 bcsId: 0,size=450]} | ret=SUCCESS |  
2019-08-29 08:13:54,278 [grpc-default-executor-5] INFO  client.GrpcClientProtocolClient (GrpcClientProtocolClient.java:onNext(255)) - client-6C6910D607CD->d29b9d15-d66c-42ad-b472-380f28d40a83: receive RaftClientReply:client-6C6910D607CD->d29b9d15-d66c-42ad-b472-380f28d40a83@group-F4061F937CC6, cid=194, SUCCESS, logIndex=0, commits[d29b9d15-d66c-42ad-b472-380f28d40a83:c15, db2abc53-6362-4b3f-b45e-27839c8be9d9:c13, 9528c11a-fb93-4137-9963-bf3b5733d594:c13]
2019-08-29 08:13:54,279 [main] INFO  datanode.ObjectStoreHandler (ObjectStoreHandler.java:close(155)) - Closing ObjectStoreHandler.
2019-08-29 08:13:54,279 [main] INFO  ozone.HddsDatanodeService (HddsDatanodeService.java:stop(451)) - Stopped plug-in org.apache.hadoop.ozone.web.OzoneHddsDatanodeService@bedebe9
2019-08-29 08:13:54,487 | INFO  | SCMAudit | user=jenkins1000 | ip=192.168.69.111 | op=SEND_HEARTBEAT {datanodeUUID=885df2e3-7d4b-41eb-82f7-ec9d233e01be, command=[]} | ret=SUCCESS |  
2019-08-29 08:13:54,710 | INFO  | SCMAudit | user=jenkins1000 | ip=192.168.69.111 | op=SEND_HEARTBEAT {datanodeUUID=50e47a8f-6a67-4a96-b3a3-baa2829f3e12, command=[]} | ret=SUCCESS |  
2019-08-29 08:13:54,788 [Datanode State Machine Thread - 0] INFO  statemachine.DatanodeStateMachine (DatanodeStateMachine.java:lambda$startDaemon$0(350)) - Ozone container server started.
2019-08-29 08:13:54,788 | INFO  | SCMAudit | user=jenkins1000 | ip=192.168.69.111 | op=SEND_HEARTBEAT {datanodeUUID=db2abc53-6362-4b3f-b45e-27839c8be9d9, command=[]} | ret=SUCCESS |  
2019-08-29 08:13:54,788 | INFO  | SCMAudit | user=jenkins1000 | ip=192.168.69.111 | op=SEND_HEARTBEAT {datanodeUUID=9528c11a-fb93-4137-9963-bf3b5733d594, command=[]} | ret=SUCCESS |  
2019-08-29 08:13:54,893 | INFO  | SCMAudit | user=jenkins1000 | ip=192.168.69.111 | op=SEND_HEARTBEAT {datanodeUUID=0a184b28-38b7-485b-be3e-3bc3142c01b2, command=[]} | ret=SUCCESS |  
2019-08-29 08:13:55,094 | INFO  | SCMAudit | user=jenkins1000 | ip=192.168.69.111 | op=SEND_HEARTBEAT {datanodeUUID=28014f33-45df-43bf-aab4-c9d4fbf6cd3a, command=[]} | ret=SUCCESS |  
2019-08-29 08:13:55,486 | INFO  | SCMAudit | user=jenkins1000 | ip=192.168.69.111 | op=SEND_HEARTBEAT {datanodeUUID=885df2e3-7d4b-41eb-82f7-ec9d233e01be, command=[]} | ret=SUCCESS |  
2019-08-29 08:13:55,709 | INFO  | SCMAudit | user=jenkins1000 | ip=192.168.69.111 | op=SEND_HEARTBEAT {datanodeUUID=50e47a8f-6a67-4a96-b3a3-baa2829f3e12, command=[]} | ret=SUCCESS |  
2019-08-29 08:13:55,788 | INFO  | SCMAudit | user=jenkins1000 | ip=192.168.69.111 | op=SEND_HEARTBEAT {datanodeUUID=db2abc53-6362-4b3f-b45e-27839c8be9d9, command=[]} | ret=SUCCESS |  
2019-08-29 08:13:55,788 | INFO  | SCMAudit | user=jenkins1000 | ip=192.168.69.111 | op=SEND_HEARTBEAT {datanodeUUID=9528c11a-fb93-4137-9963-bf3b5733d594, command=[]} | ret=SUCCESS |  
2019-08-29 08:13:55,894 | INFO  | SCMAudit | user=jenkins1000 | ip=192.168.69.111 | op=SEND_HEARTBEAT {datanodeUUID=0a184b28-38b7-485b-be3e-3bc3142c01b2, command=[]} | ret=SUCCESS |  
2019-08-29 08:13:56,094 | INFO  | SCMAudit | user=jenkins1000 | ip=192.168.69.111 | op=SEND_HEARTBEAT {datanodeUUID=28014f33-45df-43bf-aab4-c9d4fbf6cd3a, command=[]} | ret=SUCCESS |  
2019-08-29 08:13:56,486 | INFO  | SCMAudit | user=jenkins1000 | ip=192.168.69.111 | op=SEND_HEARTBEAT {datanodeUUID=885df2e3-7d4b-41eb-82f7-ec9d233e01be, command=[]} | ret=SUCCESS |  
2019-08-29 08:13:56,709 | INFO  | SCMAudit | user=jenkins1000 | ip=192.168.69.111 | op=SEND_HEARTBEAT {datanodeUUID=50e47a8f-6a67-4a96-b3a3-baa2829f3e12, command=[]} | ret=SUCCESS |  
2019-08-29 08:13:56,788 | INFO  | SCMAudit | user=jenkins1000 | ip=192.168.69.111 | op=SEND_HEARTBEAT {datanodeUUID=db2abc53-6362-4b3f-b45e-27839c8be9d9, command=[]} | ret=SUCCESS |  
2019-08-29 08:13:56,788 | INFO  | SCMAudit | user=jenkins1000 | ip=192.168.69.111 | op=SEND_HEARTBEAT {datanodeUUID=9528c11a-fb93-4137-9963-bf3b5733d594, command=[]} | ret=SUCCESS |  
2019-08-29 08:13:56,893 | INFO  | SCMAudit | user=jenkins1000 | ip=192.168.69.111 | op=SEND_HEARTBEAT {datanodeUUID=0a184b28-38b7-485b-be3e-3bc3142c01b2, command=[]} | ret=SUCCESS |  
2019-08-29 08:13:57,094 | INFO  | SCMAudit | user=jenkins1000 | ip=192.168.69.111 | op=SEND_HEARTBEAT {datanodeUUID=28014f33-45df-43bf-aab4-c9d4fbf6cd3a, command=[]} | ret=SUCCESS |  
2019-08-29 08:13:57,486 | INFO  | SCMAudit | user=jenkins1000 | ip=192.168.69.111 | op=SEND_HEARTBEAT {datanodeUUID=885df2e3-7d4b-41eb-82f7-ec9d233e01be, command=[]} | ret=SUCCESS |  
2019-08-29 08:13:57,709 | INFO  | SCMAudit | user=jenkins1000 | ip=192.168.69.111 | op=SEND_HEARTBEAT {datanodeUUID=50e47a8f-6a67-4a96-b3a3-baa2829f3e12, command=[]} | ret=SUCCESS |  
2019-08-29 08:13:57,788 | INFO  | SCMAudit | user=jenkins1000 | ip=192.168.69.111 | op=SEND_HEARTBEAT {datanodeUUID=9528c11a-fb93-4137-9963-bf3b5733d594, command=[]} | ret=SUCCESS |  
2019-08-29 08:13:57,788 | INFO  | SCMAudit | user=jenkins1000 | ip=192.168.69.111 | op=SEND_HEARTBEAT {datanodeUUID=db2abc53-6362-4b3f-b45e-27839c8be9d9, command=[]} | ret=SUCCESS |  
2019-08-29 08:13:57,893 | INFO  | SCMAudit | user=jenkins1000 | ip=192.168.69.111 | op=SEND_HEARTBEAT {datanodeUUID=0a184b28-38b7-485b-be3e-3bc3142c01b2, command=[]} | ret=SUCCESS |  
2019-08-29 08:13:58,095 | INFO  | SCMAudit | user=jenkins1000 | ip=192.168.69.111 | op=SEND_HEARTBEAT {datanodeUUID=28014f33-45df-43bf-aab4-c9d4fbf6cd3a, command=[]} | ret=SUCCESS |  
2019-08-29 08:13:58,486 | INFO  | SCMAudit | user=jenkins1000 | ip=192.168.69.111 | op=SEND_HEARTBEAT {datanodeUUID=885df2e3-7d4b-41eb-82f7-ec9d233e01be, command=[]} | ret=SUCCESS |  
2019-08-29 08:13:58,709 | INFO  | SCMAudit | user=jenkins1000 | ip=192.168.69.111 | op=SEND_HEARTBEAT {datanodeUUID=50e47a8f-6a67-4a96-b3a3-baa2829f3e12, command=[]} | ret=SUCCESS |  
2019-08-29 08:13:58,788 | INFO  | SCMAudit | user=jenkins1000 | ip=192.168.69.111 | op=SEND_HEARTBEAT {datanodeUUID=db2abc53-6362-4b3f-b45e-27839c8be9d9, command=[]} | ret=SUCCESS |  
2019-08-29 08:13:58,788 | INFO  | SCMAudit | user=jenkins1000 | ip=192.168.69.111 | op=SEND_HEARTBEAT {datanodeUUID=9528c11a-fb93-4137-9963-bf3b5733d594, command=[]} | ret=SUCCESS |  
2019-08-29 08:13:58,832 [EventQueue-StaleNodeForStaleNodeHandler] INFO  node.StaleNodeHandler (StaleNodeHandler.java:onMessage(58)) - Datanode d29b9d15-d66c-42ad-b472-380f28d40a83{ip: 192.168.69.111, host: pr-hdds-1569-g9zr9-4145101663, networkLocation: /default-rack, certSerialId: null} moved to stale state. Finalizing its pipelines [PipelineID=a1102810-f8f2-4d25-9c73-f791aedfba6b, PipelineID=15b2e2b0-221b-4216-b4e5-f4061f937cc6]
2019-08-29 08:13:58,833 [EventQueue-StaleNodeForStaleNodeHandler] INFO  pipeline.SCMPipelineManager (SCMPipelineManager.java:finalizeAndDestroyPipeline(309)) - destroying pipeline:Pipeline[ Id: a1102810-f8f2-4d25-9c73-f791aedfba6b, Nodes: d29b9d15-d66c-42ad-b472-380f28d40a83{ip: 192.168.69.111, host: pr-hdds-1569-g9zr9-4145101663, networkLocation: /default-rack, certSerialId: null}, Type:RATIS, Factor:ONE, State:OPEN]
2019-08-29 08:13:58,833 [EventQueue-StaleNodeForStaleNodeHandler] INFO  pipeline.PipelineStateManager (PipelineStateManager.java:finalizePipeline(123)) - Pipeline Pipeline[ Id: a1102810-f8f2-4d25-9c73-f791aedfba6b, Nodes: d29b9d15-d66c-42ad-b472-380f28d40a83{ip: 192.168.69.111, host: pr-hdds-1569-g9zr9-4145101663, networkLocation: /default-rack, certSerialId: null}, Type:RATIS, Factor:ONE, State:CLOSED] moved to CLOSED state
2019-08-29 08:13:58,833 [EventQueue-StaleNodeForStaleNodeHandler] INFO  pipeline.SCMPipelineManager (SCMPipelineManager.java:finalizeAndDestroyPipeline(309)) - destroying pipeline:Pipeline[ Id: 15b2e2b0-221b-4216-b4e5-f4061f937cc6, Nodes: d29b9d15-d66c-42ad-b472-380f28d40a83{ip: 192.168.69.111, host: pr-hdds-1569-g9zr9-4145101663, networkLocation: /default-rack, certSerialId: null}9528c11a-fb93-4137-9963-bf3b5733d594{ip: 192.168.69.111, host: pr-hdds-1569-g9zr9-4145101663, networkLocation: /default-rack, certSerialId: null}db2abc53-6362-4b3f-b45e-27839c8be9d9{ip: 192.168.69.111, host: pr-hdds-1569-g9zr9-4145101663, networkLocation: /default-rack, certSerialId: null}, Type:RATIS, Factor:THREE, State:OPEN]
2019-08-29 08:13:58,833 [EventQueue-StaleNodeForStaleNodeHandler] INFO  pipeline.PipelineStateManager (PipelineStateManager.java:finalizePipeline(123)) - Pipeline Pipeline[ Id: 15b2e2b0-221b-4216-b4e5-f4061f937cc6, Nodes: d29b9d15-d66c-42ad-b472-380f28d40a83{ip: 192.168.69.111, host: pr-hdds-1569-g9zr9-4145101663, networkLocation: /default-rack, certSerialId: null}9528c11a-fb93-4137-9963-bf3b5733d594{ip: 192.168.69.111, host: pr-hdds-1569-g9zr9-4145101663, networkLocation: /default-rack, certSerialId: null}db2abc53-6362-4b3f-b45e-27839c8be9d9{ip: 192.168.69.111, host: pr-hdds-1569-g9zr9-4145101663, networkLocation: /default-rack, certSerialId: null}, Type:RATIS, Factor:THREE, State:CLOSED] moved to CLOSED state
2019-08-29 08:13:58,834 [EventQueue-CloseContainerForCloseContainerEventHandler] INFO  container.CloseContainerEventHandler (CloseContainerEventHandler.java:onMessage(61)) - Close container Event triggered for container : #1
2019-08-29 08:13:58,893 | INFO  | SCMAudit | user=jenkins1000 | ip=192.168.69.111 | op=SEND_HEARTBEAT {datanodeUUID=0a184b28-38b7-485b-be3e-3bc3142c01b2, command=[]} | ret=SUCCESS |  
2019-08-29 08:13:59,094 | INFO  | SCMAudit | user=jenkins1000 | ip=192.168.69.111 | op=SEND_HEARTBEAT {datanodeUUID=28014f33-45df-43bf-aab4-c9d4fbf6cd3a, command=[]} | ret=SUCCESS |  
2019-08-29 08:13:59,281 [main] INFO  ozoneimpl.OzoneContainer (OzoneContainer.java:stop(199)) - Attempting to stop container services.
2019-08-29 08:13:59,281 [main] INFO  impl.RaftServerProxy (RaftServerProxy.java:lambda$close$4(314)) - d29b9d15-d66c-42ad-b472-380f28d40a83: close
2019-08-29 08:13:59,282 [main] INFO  impl.RaftServerImpl (RaftServerImpl.java:lambda$shutdown$3(245)) - d29b9d15-d66c-42ad-b472-380f28d40a83: shutdown group-F791AEDFBA6B
2019-08-29 08:13:59,282 [ForkJoinPool.commonPool-worker-1] INFO  impl.RaftServerImpl (RaftServerImpl.java:lambda$shutdown$3(245)) - d29b9d15-d66c-42ad-b472-380f28d40a83: shutdown group-F4061F937CC6
2019-08-29 08:13:59,283 [main] INFO  util.JmxRegister (JmxRegister.java:unregister(73)) - Successfully un-registered JMX Bean with object name Ratis:service=RaftServer,group=group-F791AEDFBA6B,id=d29b9d15-d66c-42ad-b472-380f28d40a83
2019-08-29 08:13:59,283 [ForkJoinPool.commonPool-worker-1] INFO  util.JmxRegister (JmxRegister.java:unregister(73)) - Successfully un-registered JMX Bean with object name Ratis:service=RaftServer,group=group-F4061F937CC6,id=d29b9d15-d66c-42ad-b472-380f28d40a83
2019-08-29 08:13:59,283 [main] INFO  impl.RoleInfo (RoleInfo.java:shutdownLeaderState(104)) - d29b9d15-d66c-42ad-b472-380f28d40a83: shutdown LeaderState
2019-08-29 08:13:59,283 [ForkJoinPool.commonPool-worker-1] INFO  impl.RoleInfo (RoleInfo.java:shutdownLeaderState(104)) - d29b9d15-d66c-42ad-b472-380f28d40a83: shutdown LeaderState
2019-08-29 08:13:59,284 [main] INFO  impl.PendingRequests (PendingRequests.java:sendNotLeaderResponses(202)) - d29b9d15-d66c-42ad-b472-380f28d40a83-PendingRequests: sendNotLeaderResponses
2019-08-29 08:13:59,290 [org.apache.ratis.server.impl.LogAppender$AppenderDaemon$$Lambda$482/1869465170@6c8b86a1] WARN  server.GrpcLogAppender (GrpcLogAppender.java:mayWait(143)) - GrpcLogAppender(d29b9d15-d66c-42ad-b472-380f28d40a83->9528c11a-fb93-4137-9963-bf3b5733d594): Wait interrupted by java.lang.InterruptedException
2019-08-29 08:13:59,290 [ForkJoinPool.commonPool-worker-1] INFO  impl.PendingRequests (PendingRequests.java:sendNotLeaderResponses(202)) - d29b9d15-d66c-42ad-b472-380f28d40a83-PendingRequests: sendNotLeaderResponses
2019-08-29 08:13:59,290 [org.apache.ratis.server.impl.LogAppender$AppenderDaemon$$Lambda$482/1869465170@29891df4] WARN  server.GrpcLogAppender (GrpcLogAppender.java:mayWait(143)) - GrpcLogAppender(d29b9d15-d66c-42ad-b472-380f28d40a83->db2abc53-6362-4b3f-b45e-27839c8be9d9): Wait interrupted by java.lang.InterruptedException
2019-08-29 08:13:59,291 [main] INFO  impl.StateMachineUpdater (StateMachineUpdater.java:stopAndJoin(115)) - StateMachineUpdater:d29b9d15-d66c-42ad-b472-380f28d40a83:group-F791AEDFBA6B: set stopIndex = 0
2019-08-29 08:13:59,295 [main] INFO  impl.RaftServerImpl (ServerState.java:close(394)) - d29b9d15-d66c-42ad-b472-380f28d40a83:group-F791AEDFBA6B closes. The last applied log index is 0
2019-08-29 08:13:59,295 [d29b9d15-d66c-42ad-b472-380f28d40a83-SegmentedRaftLogWorker:Storage Directory /workdir/hadoop-ozone/integration-test/target/test-dir/MiniOzoneClusterImpl-8a7297db-6aa6-4f06-8934-9a0bed7f2088/datanode-0/data/ratis/a1102810-f8f2-4d25-9c73-f791aedfba6b] INFO  segmented.SegmentedRaftLogWorker (SegmentedRaftLogWorker.java:run(313)) - d29b9d15-d66c-42ad-b472-380f28d40a83-SegmentedRaftLogWorker:Storage Directory /workdir/hadoop-ozone/integration-test/target/test-dir/MiniOzoneClusterImpl-8a7297db-6aa6-4f06-8934-9a0bed7f2088/datanode-0/data/ratis/a1102810-f8f2-4d25-9c73-f791aedfba6b was interrupted, exiting. There are 0 tasks remaining in the queue.
2019-08-29 08:13:59,295 [ForkJoinPool.commonPool-worker-1] INFO  impl.StateMachineUpdater (StateMachineUpdater.java:stopAndJoin(115)) - StateMachineUpdater:d29b9d15-d66c-42ad-b472-380f28d40a83:group-F4061F937CC6: set stopIndex = 15
2019-08-29 08:13:59,295 [grpc-default-executor-5] INFO  server.GrpcServerProtocolService (GrpcServerProtocolService.java:onCompleted(104)) - 9528c11a-fb93-4137-9963-bf3b5733d594: appendEntries completed
2019-08-29 08:13:59,301 [main] INFO  segmented.SegmentedRaftLogWorker (SegmentedRaftLogWorker.java:close(228)) - d29b9d15-d66c-42ad-b472-380f28d40a83-SegmentedRaftLogWorker:Storage Directory /workdir/hadoop-ozone/integration-test/target/test-dir/MiniOzoneClusterImpl-8a7297db-6aa6-4f06-8934-9a0bed7f2088/datanode-0/data/ratis/a1102810-f8f2-4d25-9c73-f791aedfba6b close()
2019-08-29 08:13:59,295 [StateMachineUpdater:d29b9d15-d66c-42ad-b472-380f28d40a83:group-F4061F937CC6] INFO  ratis.ContainerStateMachine (ContainerStateMachine.java:takeSnapshot(283)) - group-F4061F937CC6: Taking a snapshot at:(t:1, i:13) file /workdir/hadoop-ozone/integration-test/target/test-dir/MiniOzoneClusterImpl-8a7297db-6aa6-4f06-8934-9a0bed7f2088/datanode-0/data/ratis/15b2e2b0-221b-4216-b4e5-f4061f937cc6/sm/snapshot.1_13
2019-08-29 08:13:59,301 [grpc-default-executor-5] INFO  server.GrpcLogAppender (GrpcLogAppender.java:onCompleted(292)) - d29b9d15-d66c-42ad-b472-380f28d40a83->9528c11a-fb93-4137-9963-bf3b5733d594: follower responses appendEntries COMPLETED
2019-08-29 08:13:59,301 [grpc-default-executor-4] INFO  server.GrpcServerProtocolService (GrpcServerProtocolService.java:onCompleted(104)) - db2abc53-6362-4b3f-b45e-27839c8be9d9: appendEntries completed
2019-08-29 08:13:59,305 [grpc-default-executor-5] INFO  impl.FollowerInfo (FollowerInfo.java:lambda$new$0(50)) - d29b9d15-d66c-42ad-b472-380f28d40a83->9528c11a-fb93-4137-9963-bf3b5733d594: nextIndex: updateUnconditionally 16 -> 15
2019-08-29 08:13:59,305 [grpc-default-executor-5] INFO  server.GrpcLogAppender (GrpcLogAppender.java:onCompleted(292)) - d29b9d15-d66c-42ad-b472-380f28d40a83->db2abc53-6362-4b3f-b45e-27839c8be9d9: follower responses appendEntries COMPLETED
2019-08-29 08:13:59,305 [grpc-default-executor-5] INFO  impl.FollowerInfo (FollowerInfo.java:lambda$new$0(50)) - d29b9d15-d66c-42ad-b472-380f28d40a83->db2abc53-6362-4b3f-b45e-27839c8be9d9: nextIndex: updateUnconditionally 16 -> 15
2019-08-29 08:13:59,351 [StateMachineUpdater:d29b9d15-d66c-42ad-b472-380f28d40a83:group-F4061F937CC6] INFO  ratis.ContainerStateMachine (ContainerStateMachine.java:takeSnapshot(294)) - group-F4061F937CC6: Finished taking a snapshot at:(t:1, i:13) file:/workdir/hadoop-ozone/integration-test/target/test-dir/MiniOzoneClusterImpl-8a7297db-6aa6-4f06-8934-9a0bed7f2088/datanode-0/data/ratis/15b2e2b0-221b-4216-b4e5-f4061f937cc6/sm/snapshot.1_13 time:55
2019-08-29 08:13:59,351 [StateMachineUpdater:d29b9d15-d66c-42ad-b472-380f28d40a83:group-F4061F937CC6] INFO  impl.StateMachineUpdater (StateMachineUpdater.java:takeSnapshot(242)) - StateMachineUpdater:d29b9d15-d66c-42ad-b472-380f28d40a83:group-F4061F937CC6: Took a snapshot at index 13
2019-08-29 08:13:59,351 [StateMachineUpdater:d29b9d15-d66c-42ad-b472-380f28d40a83:group-F4061F937CC6] INFO  impl.StateMachineUpdater (StateMachineUpdater.java:lambda$new$0(80)) - StateMachineUpdater:d29b9d15-d66c-42ad-b472-380f28d40a83:group-F4061F937CC6: snapshotIndex: updateIncreasingly -1 -> 13
2019-08-29 08:13:59,351 [ForkJoinPool.commonPool-worker-1] INFO  impl.RaftServerImpl (ServerState.java:close(394)) - d29b9d15-d66c-42ad-b472-380f28d40a83:group-F4061F937CC6 closes. The last applied log index is 15
2019-08-29 08:13:59,352 [d29b9d15-d66c-42ad-b472-380f28d40a83-SegmentedRaftLogWorker:Storage Directory /workdir/hadoop-ozone/integration-test/target/test-dir/MiniOzoneClusterImpl-8a7297db-6aa6-4f06-8934-9a0bed7f2088/datanode-0/data/ratis/15b2e2b0-221b-4216-b4e5-f4061f937cc6] INFO  segmented.SegmentedRaftLogWorker (SegmentedRaftLogWorker.java:run(313)) - d29b9d15-d66c-42ad-b472-380f28d40a83-SegmentedRaftLogWorker:Storage Directory /workdir/hadoop-ozone/integration-test/target/test-dir/MiniOzoneClusterImpl-8a7297db-6aa6-4f06-8934-9a0bed7f2088/datanode-0/data/ratis/15b2e2b0-221b-4216-b4e5-f4061f937cc6 was interrupted, exiting. There are 0 tasks remaining in the queue.
2019-08-29 08:13:59,355 [ForkJoinPool.commonPool-worker-1] INFO  segmented.SegmentedRaftLogWorker (SegmentedRaftLogWorker.java:close(228)) - d29b9d15-d66c-42ad-b472-380f28d40a83-SegmentedRaftLogWorker:Storage Directory /workdir/hadoop-ozone/integration-test/target/test-dir/MiniOzoneClusterImpl-8a7297db-6aa6-4f06-8934-9a0bed7f2088/datanode-0/data/ratis/15b2e2b0-221b-4216-b4e5-f4061f937cc6 close()
2019-08-29 08:13:59,358 [main] INFO  server.GrpcService (GrpcService.java:closeImpl(155)) - d29b9d15-d66c-42ad-b472-380f28d40a83: shutdown server with port 36178 now
2019-08-29 08:13:59,359 [grpc-default-executor-4] WARN  client.GrpcClientProtocolService (LogUtils.java:warn(134)) - 3-UnorderedRequestStreamObserver3: onError: org.apache.ratis.thirdparty.io.grpc.StatusRuntimeException: CANCELLED: cancelled before receiving half close
2019-08-29 08:13:59,359 [main] INFO  server.GrpcService (GrpcService.java:closeImpl(163)) - d29b9d15-d66c-42ad-b472-380f28d40a83: shutdown server with port 36178 successfully
2019-08-29 08:13:59,360 [main] INFO  utils.BackgroundService (BackgroundService.java:shutdown(148)) - Shutting down service BlockDeletingService
2019-08-29 08:13:59,362 [refreshUsed-/workdir/hadoop-ozone/integration-test/target/test-dir/MiniOzoneClusterImpl-8a7297db-6aa6-4f06-8934-9a0bed7f2088/datanode-0/data/containers] WARN  fs.CachingGetSpaceUsed (CachingGetSpaceUsed.java:run(183)) - Thread Interrupted waiting to refresh disk information: sleep interrupted
2019-08-29 08:13:59,384 [main] INFO  statemachine.DatanodeStateMachine (DatanodeStateMachine.java:stopDaemon(395)) - Ozone container server stopped.
2019-08-29 08:13:59,385 [main] INFO  handler.ContextHandler (ContextHandler.java:doStop(910)) - Stopped o.e.j.w.WebAppContext@6f959640{/,null,UNAVAILABLE}{/hddsDatanode}
2019-08-29 08:13:59,386 [main] INFO  server.AbstractConnector (AbstractConnector.java:doStop(318)) - Stopped ServerConnector@5fdebe73{HTTP/1.1,[http/1.1]}{0.0.0.0:0}
2019-08-29 08:13:59,387 [main] INFO  handler.ContextHandler (ContextHandler.java:doStop(910)) - Stopped o.e.j.s.ServletContextHandler@1c8da7e8{/static,jar:file:/home/user/.m2/repository/org/apache/hadoop/hadoop-hdds-container-service/0.5.0-SNAPSHOT/hadoop-hdds-container-service-0.5.0-SNAPSHOT.jar!/webapps/static,UNAVAILABLE}
2019-08-29 08:13:59,387 [main] INFO  handler.ContextHandler (ContextHandler.java:doStop(910)) - Stopped o.e.j.s.ServletContextHandler@a703934{/logs,file:///workdir/hadoop-ozone/integration-test/target/log,UNAVAILABLE}
2019-08-29 08:13:59,493 | INFO  | SCMAudit | user=jenkins1000 | ip=192.168.69.111 | op=SEND_HEARTBEAT {datanodeUUID=885df2e3-7d4b-41eb-82f7-ec9d233e01be, command=[]} | ret=SUCCESS |  
2019-08-29 08:13:59,710 | INFO  | SCMAudit | user=jenkins1000 | ip=192.168.69.111 | op=SEND_HEARTBEAT {datanodeUUID=50e47a8f-6a67-4a96-b3a3-baa2829f3e12, command=[]} | ret=SUCCESS |  
2019-08-29 08:13:59,790 | INFO  | SCMAudit | user=jenkins1000 | ip=192.168.69.111 | op=SEND_HEARTBEAT {datanodeUUID=db2abc53-6362-4b3f-b45e-27839c8be9d9, command=[commandType: closeContainerCommand closeContainerCommandProto { containerID: 1 pipelineID { id: "15b2e2b0-221b-4216-b4e5-f4061f937cc6" } cmdId: 1 force: false } ]} | ret=SUCCESS |  
2019-08-29 08:13:59,790 | INFO  | SCMAudit | user=jenkins1000 | ip=192.168.69.111 | op=SEND_HEARTBEAT {datanodeUUID=9528c11a-fb93-4137-9963-bf3b5733d594, command=[commandType: closeContainerCommand closeContainerCommandProto { containerID: 1 pipelineID { id: "15b2e2b0-221b-4216-b4e5-f4061f937cc6" } cmdId: 1 force: false } ]} | ret=SUCCESS |  
2019-08-29 08:13:59,893 | INFO  | SCMAudit | user=jenkins1000 | ip=192.168.69.111 | op=SEND_HEARTBEAT {datanodeUUID=0a184b28-38b7-485b-be3e-3bc3142c01b2, command=[]} | ret=SUCCESS |  
2019-08-29 08:14:00,094 | INFO  | SCMAudit | user=jenkins1000 | ip=192.168.69.111 | op=SEND_HEARTBEAT {datanodeUUID=28014f33-45df-43bf-aab4-c9d4fbf6cd3a, command=[]} | ret=SUCCESS |  
2019-08-29 08:14:00,493 | INFO  | SCMAudit | user=jenkins1000 | ip=192.168.69.111 | op=SEND_HEARTBEAT {datanodeUUID=885df2e3-7d4b-41eb-82f7-ec9d233e01be, command=[]} | ret=SUCCESS |  
2019-08-29 08:14:00,710 | INFO  | SCMAudit | user=jenkins1000 | ip=192.168.69.111 | op=SEND_HEARTBEAT {datanodeUUID=50e47a8f-6a67-4a96-b3a3-baa2829f3e12, command=[]} | ret=SUCCESS |  
2019-08-29 08:14:00,789 | INFO  | SCMAudit | user=jenkins1000 | ip=192.168.69.111 | op=SEND_HEARTBEAT {datanodeUUID=9528c11a-fb93-4137-9963-bf3b5733d594, command=[]} | ret=SUCCESS |  
2019-08-29 08:14:00,789 | INFO  | SCMAudit | user=jenkins1000 | ip=192.168.69.111 | op=SEND_HEARTBEAT {datanodeUUID=db2abc53-6362-4b3f-b45e-27839c8be9d9, command=[]} | ret=SUCCESS |  
2019-08-29 08:14:00,827 | INFO  | SCMAudit | user=jenkins1000 | ip=192.168.69.111 | op=SEND_HEARTBEAT {datanodeUUID=9528c11a-fb93-4137-9963-bf3b5733d594, command=[]} | ret=SUCCESS |  
2019-08-29 08:14:00,827 | INFO  | SCMAudit | user=jenkins1000 | ip=192.168.69.111 | op=SEND_HEARTBEAT {datanodeUUID=db2abc53-6362-4b3f-b45e-27839c8be9d9, command=[]} | ret=SUCCESS |  
2019-08-29 08:14:00,893 | INFO  | SCMAudit | user=jenkins1000 | ip=192.168.69.111 | op=SEND_HEARTBEAT {datanodeUUID=0a184b28-38b7-485b-be3e-3bc3142c01b2, command=[]} | ret=SUCCESS |  
2019-08-29 08:14:01,095 | INFO  | SCMAudit | user=jenkins1000 | ip=192.168.69.111 | op=SEND_HEARTBEAT {datanodeUUID=28014f33-45df-43bf-aab4-c9d4fbf6cd3a, command=[]} | ret=SUCCESS |  
2019-08-29 08:14:01,401 [grpc-default-executor-5] INFO  client.GrpcClientProtocolClient (GrpcClientProtocolClient.java:onNext(255)) - client-6C6910D607CD->9528c11a-fb93-4137-9963-bf3b5733d594: receive RaftClientReply:client-6C6910D607CD->9528c11a-fb93-4137-9963-bf3b5733d594@group-F4061F937CC6, cid=195, FAILED org.apache.ratis.protocol.NotLeaderException: Server 9528c11a-fb93-4137-9963-bf3b5733d594 is not the leader (d29b9d15-d66c-42ad-b472-380f28d40a83:192.168.69.111:36178). Request must be sent to leader., logIndex=0, commits[9528c11a-fb93-4137-9963-bf3b5733d594:c15, d29b9d15-d66c-42ad-b472-380f28d40a83:c15, db2abc53-6362-4b3f-b45e-27839c8be9d9:c15]
2019-08-29 08:14:01,493 | INFO  | SCMAudit | user=jenkins1000 | ip=192.168.69.111 | op=SEND_HEARTBEAT {datanodeUUID=885df2e3-7d4b-41eb-82f7-ec9d233e01be, command=[]} | ret=SUCCESS |  
2019-08-29 08:14:01,710 | INFO  | SCMAudit | user=jenkins1000 | ip=192.168.69.111 | op=SEND_HEARTBEAT {datanodeUUID=50e47a8f-6a67-4a96-b3a3-baa2829f3e12, command=[]} | ret=SUCCESS |  
2019-08-29 08:14:01,827 | INFO  | SCMAudit | user=jenkins1000 | ip=192.168.69.111 | op=SEND_HEARTBEAT {datanodeUUID=9528c11a-fb93-4137-9963-bf3b5733d594, command=[]} | ret=SUCCESS |  
2019-08-29 08:14:01,827 | INFO  | SCMAudit | user=jenkins1000 | ip=192.168.69.111 | op=SEND_HEARTBEAT {datanodeUUID=db2abc53-6362-4b3f-b45e-27839c8be9d9, command=[]} | ret=SUCCESS |  
2019-08-29 08:14:01,893 | INFO  | SCMAudit | user=jenkins1000 | ip=192.168.69.111 | op=SEND_HEARTBEAT {datanodeUUID=0a184b28-38b7-485b-be3e-3bc3142c01b2, command=[]} | ret=SUCCESS |  
2019-08-29 08:14:02,094 | INFO  | SCMAudit | user=jenkins1000 | ip=192.168.69.111 | op=SEND_HEARTBEAT {datanodeUUID=28014f33-45df-43bf-aab4-c9d4fbf6cd3a, command=[]} | ret=SUCCESS |  
2019-08-29 08:14:02,415 [grpc-default-executor-4] INFO  client.GrpcClientProtocolClient (GrpcClientProtocolClient.java:onNext(255)) - client-6C6910D607CD->9528c11a-fb93-4137-9963-bf3b5733d594: receive RaftClientReply:client-6C6910D607CD->9528c11a-fb93-4137-9963-bf3b5733d594@group-F4061F937CC6, cid=195, FAILED org.apache.ratis.protocol.NotLeaderException: Server 9528c11a-fb93-4137-9963-bf3b5733d594 is not the leader (d29b9d15-d66c-42ad-b472-380f28d40a83:192.168.69.111:36178). Request must be sent to leader., logIndex=0, commits[9528c11a-fb93-4137-9963-bf3b5733d594:c15, d29b9d15-d66c-42ad-b472-380f28d40a83:c15, db2abc53-6362-4b3f-b45e-27839c8be9d9:c15]
2019-08-29 08:14:02,493 | INFO  | SCMAudit | user=jenkins1000 | ip=192.168.69.111 | op=SEND_HEARTBEAT {datanodeUUID=885df2e3-7d4b-41eb-82f7-ec9d233e01be, command=[]} | ret=SUCCESS |  
2019-08-29 08:14:02,710 | INFO  | SCMAudit | user=jenkins1000 | ip=192.168.69.111 | op=SEND_HEARTBEAT {datanodeUUID=50e47a8f-6a67-4a96-b3a3-baa2829f3e12, command=[]} | ret=SUCCESS |  
2019-08-29 08:14:02,827 | INFO  | SCMAudit | user=jenkins1000 | ip=192.168.69.111 | op=SEND_HEARTBEAT {datanodeUUID=9528c11a-fb93-4137-9963-bf3b5733d594, command=[]} | ret=SUCCESS |  
2019-08-29 08:14:02,827 | INFO  | SCMAudit | user=jenkins1000 | ip=192.168.69.111 | op=SEND_HEARTBEAT {datanodeUUID=db2abc53-6362-4b3f-b45e-27839c8be9d9, command=[]} | ret=SUCCESS |  
2019-08-29 08:14:02,893 | INFO  | SCMAudit | user=jenkins1000 | ip=192.168.69.111 | op=SEND_HEARTBEAT {datanodeUUID=0a184b28-38b7-485b-be3e-3bc3142c01b2, command=[]} | ret=SUCCESS |  
2019-08-29 08:14:03,094 | INFO  | SCMAudit | user=jenkins1000 | ip=192.168.69.111 | op=SEND_HEARTBEAT {datanodeUUID=28014f33-45df-43bf-aab4-c9d4fbf6cd3a, command=[]} | ret=SUCCESS |  
2019-08-29 08:14:03,433 [grpc-default-executor-7] INFO  client.GrpcClientProtocolClient (GrpcClientProtocolClient.java:onNext(255)) - client-6C6910D607CD->db2abc53-6362-4b3f-b45e-27839c8be9d9: receive RaftClientReply:client-6C6910D607CD->db2abc53-6362-4b3f-b45e-27839c8be9d9@group-F4061F937CC6, cid=195, FAILED org.apache.ratis.protocol.NotLeaderException: Server db2abc53-6362-4b3f-b45e-27839c8be9d9 is not the leader (d29b9d15-d66c-42ad-b472-380f28d40a83:192.168.69.111:36178). Request must be sent to leader., logIndex=0, commits[db2abc53-6362-4b3f-b45e-27839c8be9d9:c15, d29b9d15-d66c-42ad-b472-380f28d40a83:c15, 9528c11a-fb93-4137-9963-bf3b5733d594:c15]
2019-08-29 08:14:03,493 | INFO  | SCMAudit | user=jenkins1000 | ip=192.168.69.111 | op=SEND_HEARTBEAT {datanodeUUID=885df2e3-7d4b-41eb-82f7-ec9d233e01be, command=[]} | ret=SUCCESS |  
2019-08-29 08:14:03,710 | INFO  | SCMAudit | user=jenkins1000 | ip=192.168.69.111 | op=SEND_HEARTBEAT {datanodeUUID=50e47a8f-6a67-4a96-b3a3-baa2829f3e12, command=[]} | ret=SUCCESS |  
2019-08-29 08:14:03,827 | INFO  | SCMAudit | user=jenkins1000 | ip=192.168.69.111 | op=SEND_HEARTBEAT {datanodeUUID=9528c11a-fb93-4137-9963-bf3b5733d594, command=[]} | ret=SUCCESS |  
2019-08-29 08:14:03,827 | INFO  | SCMAudit | user=jenkins1000 | ip=192.168.69.111 | op=SEND_HEARTBEAT {datanodeUUID=db2abc53-6362-4b3f-b45e-27839c8be9d9, command=[]} | ret=SUCCESS |  
2019-08-29 08:14:03,893 | INFO  | SCMAudit | user=jenkins1000 | ip=192.168.69.111 | op=SEND_HEARTBEAT {datanodeUUID=0a184b28-38b7-485b-be3e-3bc3142c01b2, command=[]} | ret=SUCCESS |  
2019-08-29 08:14:04,094 | INFO  | SCMAudit | user=jenkins1000 | ip=192.168.69.111 | op=SEND_HEARTBEAT {datanodeUUID=28014f33-45df-43bf-aab4-c9d4fbf6cd3a, command=[]} | ret=SUCCESS |  
2019-08-29 08:14:04,446 [grpc-default-executor-4] INFO  client.GrpcClientProtocolClient (GrpcClientProtocolClient.java:onNext(255)) - client-6C6910D607CD->9528c11a-fb93-4137-9963-bf3b5733d594: receive RaftClientReply:client-6C6910D607CD->9528c11a-fb93-4137-9963-bf3b5733d594@group-F4061F937CC6, cid=195, FAILED org.apache.ratis.protocol.NotLeaderException: Server 9528c11a-fb93-4137-9963-bf3b5733d594 is not the leader (d29b9d15-d66c-42ad-b472-380f28d40a83:192.168.69.111:36178). Request must be sent to leader., logIndex=0, commits[9528c11a-fb93-4137-9963-bf3b5733d594:c15, d29b9d15-d66c-42ad-b472-380f28d40a83:c15, db2abc53-6362-4b3f-b45e-27839c8be9d9:c15]
2019-08-29 08:14:04,493 | INFO  | SCMAudit | user=jenkins1000 | ip=192.168.69.111 | op=SEND_HEARTBEAT {datanodeUUID=885df2e3-7d4b-41eb-82f7-ec9d233e01be, command=[]} | ret=SUCCESS |  
2019-08-29 08:14:04,710 | INFO  | SCMAudit | user=jenkins1000 | ip=192.168.69.111 | op=SEND_HEARTBEAT {datanodeUUID=50e47a8f-6a67-4a96-b3a3-baa2829f3e12, command=[]} | ret=SUCCESS |  
2019-08-29 08:14:04,827 | INFO  | SCMAudit | user=jenkins1000 | ip=192.168.69.111 | op=SEND_HEARTBEAT {datanodeUUID=9528c11a-fb93-4137-9963-bf3b5733d594, command=[]} | ret=SUCCESS |  
2019-08-29 08:14:04,827 | INFO  | SCMAudit | user=jenkins1000 | ip=192.168.69.111 | op=SEND_HEARTBEAT {datanodeUUID=db2abc53-6362-4b3f-b45e-27839c8be9d9, command=[]} | ret=SUCCESS |  
2019-08-29 08:14:04,893 | INFO  | SCMAudit | user=jenkins1000 | ip=192.168.69.111 | op=SEND_HEARTBEAT {datanodeUUID=0a184b28-38b7-485b-be3e-3bc3142c01b2, command=[]} | ret=SUCCESS |  
2019-08-29 08:14:05,095 | INFO  | SCMAudit | user=jenkins1000 | ip=192.168.69.111 | op=SEND_HEARTBEAT {datanodeUUID=28014f33-45df-43bf-aab4-c9d4fbf6cd3a, command=[]} | ret=SUCCESS |  
2019-08-29 08:14:05,462 [grpc-default-executor-5] INFO  client.GrpcClientProtocolClient (GrpcClientProtocolClient.java:onNext(255)) - client-6C6910D607CD->9528c11a-fb93-4137-9963-bf3b5733d594: receive RaftClientReply:client-6C6910D607CD->9528c11a-fb93-4137-9963-bf3b5733d594@group-F4061F937CC6, cid=195, FAILED org.apache.ratis.protocol.NotLeaderException: Server 9528c11a-fb93-4137-9963-bf3b5733d594 is not the leader (d29b9d15-d66c-42ad-b472-380f28d40a83:192.168.69.111:36178). Request must be sent to leader., logIndex=0, commits[9528c11a-fb93-4137-9963-bf3b5733d594:c15, d29b9d15-d66c-42ad-b472-380f28d40a83:c15, db2abc53-6362-4b3f-b45e-27839c8be9d9:c15]
2019-08-29 08:14:05,464 [grpc-default-executor-5] WARN  client.GrpcClientProtocolService (LogUtils.java:warn(134)) - 4-OrderedRequestStreamObserver4: onError: org.apache.ratis.thirdparty.io.grpc.StatusRuntimeException: CANCELLED: cancelled before receiving half close
2019-08-29 08:14:05,493 | INFO  | SCMAudit | user=jenkins1000 | ip=192.168.69.111 | op=SEND_HEARTBEAT {datanodeUUID=885df2e3-7d4b-41eb-82f7-ec9d233e01be, command=[]} | ret=SUCCESS |  
2019-08-29 08:14:05,710 | INFO  | SCMAudit | user=jenkins1000 | ip=192.168.69.111 | op=SEND_HEARTBEAT {datanodeUUID=50e47a8f-6a67-4a96-b3a3-baa2829f3e12, command=[]} | ret=SUCCESS |  
2019-08-29 08:14:05,827 | INFO  | SCMAudit | user=jenkins1000 | ip=192.168.69.111 | op=SEND_HEARTBEAT {datanodeUUID=9528c11a-fb93-4137-9963-bf3b5733d594, command=[]} | ret=SUCCESS |  
2019-08-29 08:14:05,827 | INFO  | SCMAudit | user=jenkins1000 | ip=192.168.69.111 | op=SEND_HEARTBEAT {datanodeUUID=db2abc53-6362-4b3f-b45e-27839c8be9d9, command=[]} | ret=SUCCESS |  
2019-08-29 08:14:05,893 | INFO  | SCMAudit | user=jenkins1000 | ip=192.168.69.111 | op=SEND_HEARTBEAT {datanodeUUID=0a184b28-38b7-485b-be3e-3bc3142c01b2, command=[]} | ret=SUCCESS |  
2019-08-29 08:14:06,094 | INFO  | SCMAudit | user=jenkins1000 | ip=192.168.69.111 | op=SEND_HEARTBEAT {datanodeUUID=28014f33-45df-43bf-aab4-c9d4fbf6cd3a, command=[]} | ret=SUCCESS |  
2019-08-29 08:14:06,475 [grpc-default-executor-8] INFO  client.GrpcClientProtocolClient (GrpcClientProtocolClient.java:onNext(255)) - client-6C6910D607CD->db2abc53-6362-4b3f-b45e-27839c8be9d9: receive RaftClientReply:client-6C6910D607CD->db2abc53-6362-4b3f-b45e-27839c8be9d9@group-F4061F937CC6, cid=195, FAILED org.apache.ratis.protocol.NotLeaderException: Server db2abc53-6362-4b3f-b45e-27839c8be9d9 is not the leader (d29b9d15-d66c-42ad-b472-380f28d40a83:192.168.69.111:36178). Request must be sent to leader., logIndex=0, commits[db2abc53-6362-4b3f-b45e-27839c8be9d9:c15, d29b9d15-d66c-42ad-b472-380f28d40a83:c15, 9528c11a-fb93-4137-9963-bf3b5733d594:c15]
2019-08-29 08:14:06,493 | INFO  | SCMAudit | user=jenkins1000 | ip=192.168.69.111 | op=SEND_HEARTBEAT {datanodeUUID=885df2e3-7d4b-41eb-82f7-ec9d233e01be, command=[]} | ret=SUCCESS |  
2019-08-29 08:14:06,710 | INFO  | SCMAudit | user=jenkins1000 | ip=192.168.69.111 | op=SEND_HEARTBEAT {datanodeUUID=50e47a8f-6a67-4a96-b3a3-baa2829f3e12, command=[]} | ret=SUCCESS |  
2019-08-29 08:14:06,827 | INFO  | SCMAudit | user=jenkins1000 | ip=192.168.69.111 | op=SEND_HEARTBEAT {datanodeUUID=9528c11a-fb93-4137-9963-bf3b5733d594, command=[]} | ret=SUCCESS |  
2019-08-29 08:14:06,827 | INFO  | SCMAudit | user=jenkins1000 | ip=192.168.69.111 | op=SEND_HEARTBEAT {datanodeUUID=db2abc53-6362-4b3f-b45e-27839c8be9d9, command=[]} | ret=SUCCESS |  
2019-08-29 08:14:06,893 | INFO  | SCMAudit | user=jenkins1000 | ip=192.168.69.111 | op=SEND_HEARTBEAT {datanodeUUID=0a184b28-38b7-485b-be3e-3bc3142c01b2, command=[]} | ret=SUCCESS |  
2019-08-29 08:14:07,094 | INFO  | SCMAudit | user=jenkins1000 | ip=192.168.69.111 | op=SEND_HEARTBEAT {datanodeUUID=28014f33-45df-43bf-aab4-c9d4fbf6cd3a, command=[]} | ret=SUCCESS |  
2019-08-29 08:14:07,488 [grpc-default-executor-7] INFO  client.GrpcClientProtocolClient (GrpcClientProtocolClient.java:onNext(255)) - client-6C6910D607CD->db2abc53-6362-4b3f-b45e-27839c8be9d9: receive RaftClientReply:client-6C6910D607CD->db2abc53-6362-4b3f-b45e-27839c8be9d9@group-F4061F937CC6, cid=195, FAILED org.apache.ratis.protocol.NotLeaderException: Server db2abc53-6362-4b3f-b45e-27839c8be9d9 is not the leader (d29b9d15-d66c-42ad-b472-380f28d40a83:192.168.69.111:36178). Request must be sent to leader., logIndex=0, commits[db2abc53-6362-4b3f-b45e-27839c8be9d9:c15, d29b9d15-d66c-42ad-b472-380f28d40a83:c15, 9528c11a-fb93-4137-9963-bf3b5733d594:c15]
2019-08-29 08:14:07,493 | INFO  | SCMAudit | user=jenkins1000 | ip=192.168.69.111 | op=SEND_HEARTBEAT {datanodeUUID=885df2e3-7d4b-41eb-82f7-ec9d233e01be, command=[]} | ret=SUCCESS |  
2019-08-29 08:14:07,710 | INFO  | SCMAudit | user=jenkins1000 | ip=192.168.69.111 | op=SEND_HEARTBEAT {datanodeUUID=50e47a8f-6a67-4a96-b3a3-baa2829f3e12, command=[]} | ret=SUCCESS |  
2019-08-29 08:14:07,827 | INFO  | SCMAudit | user=jenkins1000 | ip=192.168.69.111 | op=SEND_HEARTBEAT {datanodeUUID=9528c11a-fb93-4137-9963-bf3b5733d594, command=[]} | ret=SUCCESS |  
2019-08-29 08:14:07,827 | INFO  | SCMAudit | user=jenkins1000 | ip=192.168.69.111 | op=SEND_HEARTBEAT {datanodeUUID=db2abc53-6362-4b3f-b45e-27839c8be9d9, command=[]} | ret=SUCCESS |  
2019-08-29 08:14:07,829 [Thread-3627] INFO  impl.FollowerState (FollowerState.java:run(106)) - db2abc53-6362-4b3f-b45e-27839c8be9d9:group-F4061F937CC6 changes to CANDIDATE, lastRpcTime:8551, electionTimeout:5029ms
2019-08-29 08:14:07,830 [Thread-3627] INFO  impl.RoleInfo (RoleInfo.java:shutdownFollowerState(121)) - db2abc53-6362-4b3f-b45e-27839c8be9d9: shutdown FollowerState
2019-08-29 08:14:07,830 [Thread-3627] INFO  impl.RaftServerImpl (RaftServerImpl.java:setRole(171)) - db2abc53-6362-4b3f-b45e-27839c8be9d9:group-F4061F937CC6 changes role from FOLLOWER to CANDIDATE at term 1 for changeToCandidate
2019-08-29 08:14:07,830 [Thread-3627] INFO  impl.RoleInfo (RoleInfo.java:updateAndGet(143)) - db2abc53-6362-4b3f-b45e-27839c8be9d9: start LeaderElection
2019-08-29 08:14:07,830 [db2abc53-6362-4b3f-b45e-27839c8be9d9:group-F4061F937CC6:LeaderElection90] INFO  impl.RaftServerImpl (ServerState.java:setLeader(263)) - db2abc53-6362-4b3f-b45e-27839c8be9d9:group-F4061F937CC6 change Leader from d29b9d15-d66c-42ad-b472-380f28d40a83 to null at term 1 for initElection
2019-08-29 08:14:07,854 [db2abc53-6362-4b3f-b45e-27839c8be9d9:group-F4061F937CC6:LeaderElection90] INFO  impl.LeaderElection (LeaderElection.java:askForVotes(181)) - db2abc53-6362-4b3f-b45e-27839c8be9d9:group-F4061F937CC6:LeaderElection90: begin an election at term 2 for 0: [d29b9d15-d66c-42ad-b472-380f28d40a83:192.168.69.111:36178, db2abc53-6362-4b3f-b45e-27839c8be9d9:192.168.69.111:36711, 9528c11a-fb93-4137-9963-bf3b5733d594:192.168.69.111:41746], old=null
2019-08-29 08:14:07,857 [db2abc53-6362-4b3f-b45e-27839c8be9d9:group-F4061F937CC6:LeaderElection90] INFO  impl.LeaderElection (LogUtils.java:infoOrTrace(149)) - db2abc53-6362-4b3f-b45e-27839c8be9d9:group-F4061F937CC6:LeaderElection90 got exception when requesting votes: {}
java.util.concurrent.ExecutionException: org.apache.ratis.thirdparty.io.grpc.StatusRuntimeException: UNAVAILABLE: io exception
	at java.util.concurrent.FutureTask.report(FutureTask.java:122)
	at java.util.concurrent.FutureTask.get(FutureTask.java:192)
	at org.apache.ratis.server.impl.LeaderElection.waitForResults(LeaderElection.java:262)
	at org.apache.ratis.server.impl.LeaderElection.askForVotes(LeaderElection.java:200)
	at org.apache.ratis.server.impl.LeaderElection.run(LeaderElection.java:130)
	at java.lang.Thread.run(Thread.java:748)
Caused by: org.apache.ratis.thirdparty.io.grpc.StatusRuntimeException: UNAVAILABLE: io exception
	at org.apache.ratis.thirdparty.io.grpc.stub.ClientCalls.toStatusRuntimeException(ClientCalls.java:233)
	at org.apache.ratis.thirdparty.io.grpc.stub.ClientCalls.getUnchecked(ClientCalls.java:214)
	at org.apache.ratis.thirdparty.io.grpc.stub.ClientCalls.blockingUnaryCall(ClientCalls.java:139)
	at org.apache.ratis.proto.grpc.RaftServerProtocolServiceGrpc$RaftServerProtocolServiceBlockingStub.requestVote(RaftServerProtocolServiceGrpc.java:265)
	at org.apache.ratis.grpc.server.GrpcServerProtocolClient.requestVote(GrpcServerProtocolClient.java:83)
	at org.apache.ratis.grpc.server.GrpcService.requestVote(GrpcService.java:195)
	at org.apache.ratis.server.impl.LeaderElection.lambda$submitRequests$1(LeaderElection.java:237)
	at java.util.concurrent.FutureTask.run(FutureTask.java:266)
	at java.util.concurrent.Executors$RunnableAdapter.call(Executors.java:511)
	at java.util.concurrent.FutureTask.run(FutureTask.java:266)
	at java.util.concurrent.ThreadPoolExecutor.runWorker(ThreadPoolExecutor.java:1149)
	at java.util.concurrent.ThreadPoolExecutor$Worker.run(ThreadPoolExecutor.java:624)
	... 1 more
Caused by: org.apache.ratis.thirdparty.io.netty.channel.AbstractChannel$AnnotatedConnectException: Connection refused: /192.168.69.111:36178
	at sun.nio.ch.SocketChannelImpl.checkConnect(Native Method)
	at sun.nio.ch.SocketChannelImpl.finishConnect(SocketChannelImpl.java:717)
	at org.apache.ratis.thirdparty.io.netty.channel.socket.nio.NioSocketChannel.doFinishConnect(NioSocketChannel.java:327)
	at org.apache.ratis.thirdparty.io.netty.channel.nio.AbstractNioChannel$AbstractNioUnsafe.finishConnect(AbstractNioChannel.java:340)
	at org.apache.ratis.thirdparty.io.netty.channel.nio.NioEventLoop.processSelectedKey(NioEventLoop.java:632)
	at org.apache.ratis.thirdparty.io.netty.channel.nio.NioEventLoop.processSelectedKeysOptimized(NioEventLoop.java:579)
	at org.apache.ratis.thirdparty.io.netty.channel.nio.NioEventLoop.processSelectedKeys(NioEventLoop.java:496)
	at org.apache.ratis.thirdparty.io.netty.channel.nio.NioEventLoop.run(NioEventLoop.java:458)
	at org.apache.ratis.thirdparty.io.netty.util.concurrent.SingleThreadEventExecutor$5.run(SingleThreadEventExecutor.java:897)
	at org.apache.ratis.thirdparty.io.netty.util.concurrent.FastThreadLocalRunnable.run(FastThreadLocalRunnable.java:30)
	... 1 more
Caused by: java.net.ConnectException: Connection refused
	... 11 more
2019-08-29 08:14:07,860 [grpc-default-executor-8] INFO  impl.RaftServerImpl (ServerState.java:setLeader(263)) - 9528c11a-fb93-4137-9963-bf3b5733d594:group-F4061F937CC6 change Leader from d29b9d15-d66c-42ad-b472-380f28d40a83 to null at term 2 for updateCurrentTerm
2019-08-29 08:14:07,861 [grpc-default-executor-8] INFO  impl.RaftServerImpl (RaftServerImpl.java:setRole(171)) - 9528c11a-fb93-4137-9963-bf3b5733d594:group-F4061F937CC6 changes role from FOLLOWER to FOLLOWER at term 2 for recognizeCandidate:db2abc53-6362-4b3f-b45e-27839c8be9d9
2019-08-29 08:14:07,861 [grpc-default-executor-8] INFO  impl.RoleInfo (RoleInfo.java:shutdownFollowerState(121)) - 9528c11a-fb93-4137-9963-bf3b5733d594: shutdown FollowerState
2019-08-29 08:14:07,861 [grpc-default-executor-8] INFO  impl.RoleInfo (RoleInfo.java:updateAndGet(143)) - 9528c11a-fb93-4137-9963-bf3b5733d594: start FollowerState
2019-08-29 08:14:07,861 [Thread-3636] INFO  impl.FollowerState (FollowerState.java:run(114)) - 9528c11a-fb93-4137-9963-bf3b5733d594: FollowerState was interrupted: java.lang.InterruptedException: sleep interrupted
2019-08-29 08:14:07,880 [db2abc53-6362-4b3f-b45e-27839c8be9d9:group-F4061F937CC6:LeaderElection90] INFO  impl.LeaderElection (LeaderElection.java:logAndReturn(56)) - db2abc53-6362-4b3f-b45e-27839c8be9d9:group-F4061F937CC6:LeaderElection90: Election PASSED; received 1 response(s) [db2abc53-6362-4b3f-b45e-27839c8be9d9<-9528c11a-fb93-4137-9963-bf3b5733d594#0:OK-t2] and 1 exception(s); db2abc53-6362-4b3f-b45e-27839c8be9d9:t2, leader=null, voted=db2abc53-6362-4b3f-b45e-27839c8be9d9, raftlog=db2abc53-6362-4b3f-b45e-27839c8be9d9-SegmentedRaftLog:OPENED:c15,f15,i15, conf=0: [d29b9d15-d66c-42ad-b472-380f28d40a83:192.168.69.111:36178, db2abc53-6362-4b3f-b45e-27839c8be9d9:192.168.69.111:36711, 9528c11a-fb93-4137-9963-bf3b5733d594:192.168.69.111:41746], old=null
2019-08-29 08:14:07,880 [db2abc53-6362-4b3f-b45e-27839c8be9d9:group-F4061F937CC6:LeaderElection90] INFO  impl.LeaderElection (LogUtils.java:infoOrTrace(149)) -   Exception 0: {}
java.util.concurrent.ExecutionException: org.apache.ratis.thirdparty.io.grpc.StatusRuntimeException: UNAVAILABLE: io exception
	at java.util.concurrent.FutureTask.report(FutureTask.java:122)
	at java.util.concurrent.FutureTask.get(FutureTask.java:192)
	at org.apache.ratis.server.impl.LeaderElection.waitForResults(LeaderElection.java:262)
	at org.apache.ratis.server.impl.LeaderElection.askForVotes(LeaderElection.java:200)
	at org.apache.ratis.server.impl.LeaderElection.run(LeaderElection.java:130)
	at java.lang.Thread.run(Thread.java:748)
Caused by: org.apache.ratis.thirdparty.io.grpc.StatusRuntimeException: UNAVAILABLE: io exception
	at org.apache.ratis.thirdparty.io.grpc.stub.ClientCalls.toStatusRuntimeException(ClientCalls.java:233)
	at org.apache.ratis.thirdparty.io.grpc.stub.ClientCalls.getUnchecked(ClientCalls.java:214)
	at org.apache.ratis.thirdparty.io.grpc.stub.ClientCalls.blockingUnaryCall(ClientCalls.java:139)
	at org.apache.ratis.proto.grpc.RaftServerProtocolServiceGrpc$RaftServerProtocolServiceBlockingStub.requestVote(RaftServerProtocolServiceGrpc.java:265)
	at org.apache.ratis.grpc.server.GrpcServerProtocolClient.requestVote(GrpcServerProtocolClient.java:83)
	at org.apache.ratis.grpc.server.GrpcService.requestVote(GrpcService.java:195)
	at org.apache.ratis.server.impl.LeaderElection.lambda$submitRequests$1(LeaderElection.java:237)
	at java.util.concurrent.FutureTask.run(FutureTask.java:266)
	at java.util.concurrent.Executors$RunnableAdapter.call(Executors.java:511)
	at java.util.concurrent.FutureTask.run(FutureTask.java:266)
	at java.util.concurrent.ThreadPoolExecutor.runWorker(ThreadPoolExecutor.java:1149)
	at java.util.concurrent.ThreadPoolExecutor$Worker.run(ThreadPoolExecutor.java:624)
	... 1 more
Caused by: org.apache.ratis.thirdparty.io.netty.channel.AbstractChannel$AnnotatedConnectException: Connection refused: /192.168.69.111:36178
	at sun.nio.ch.SocketChannelImpl.checkConnect(Native Method)
	at sun.nio.ch.SocketChannelImpl.finishConnect(SocketChannelImpl.java:717)
	at org.apache.ratis.thirdparty.io.netty.channel.socket.nio.NioSocketChannel.doFinishConnect(NioSocketChannel.java:327)
	at org.apache.ratis.thirdparty.io.netty.channel.nio.AbstractNioChannel$AbstractNioUnsafe.finishConnect(AbstractNioChannel.java:340)
	at org.apache.ratis.thirdparty.io.netty.channel.nio.NioEventLoop.processSelectedKey(NioEventLoop.java:632)
	at org.apache.ratis.thirdparty.io.netty.channel.nio.NioEventLoop.processSelectedKeysOptimized(NioEventLoop.java:579)
	at org.apache.ratis.thirdparty.io.netty.channel.nio.NioEventLoop.processSelectedKeys(NioEventLoop.java:496)
	at org.apache.ratis.thirdparty.io.netty.channel.nio.NioEventLoop.run(NioEventLoop.java:458)
	at org.apache.ratis.thirdparty.io.netty.util.concurrent.SingleThreadEventExecutor$5.run(SingleThreadEventExecutor.java:897)
	at org.apache.ratis.thirdparty.io.netty.util.concurrent.FastThreadLocalRunnable.run(FastThreadLocalRunnable.java:30)
	... 1 more
Caused by: java.net.ConnectException: Connection refused
	... 11 more
2019-08-29 08:14:07,881 [db2abc53-6362-4b3f-b45e-27839c8be9d9:group-F4061F937CC6:LeaderElection90] INFO  impl.RoleInfo (RoleInfo.java:shutdownLeaderElection(134)) - db2abc53-6362-4b3f-b45e-27839c8be9d9: shutdown LeaderElection
2019-08-29 08:14:07,881 [db2abc53-6362-4b3f-b45e-27839c8be9d9:group-F4061F937CC6:LeaderElection90] INFO  impl.RaftServerImpl (RaftServerImpl.java:setRole(171)) - db2abc53-6362-4b3f-b45e-27839c8be9d9:group-F4061F937CC6 changes role from CANDIDATE to LEADER at term 2 for changeToLeader
2019-08-29 08:14:07,881 [db2abc53-6362-4b3f-b45e-27839c8be9d9:group-F4061F937CC6:LeaderElection90] INFO  impl.RaftServerImpl (ServerState.java:setLeader(263)) - db2abc53-6362-4b3f-b45e-27839c8be9d9:group-F4061F937CC6 change Leader from null to db2abc53-6362-4b3f-b45e-27839c8be9d9 at term 2 for becomeLeader, leader elected after 50ms
2019-08-29 08:14:07,881 [db2abc53-6362-4b3f-b45e-27839c8be9d9:group-F4061F937CC6:LeaderElection90] INFO  server.RaftServerConfigKeys (ConfUtils.java:logGet(43)) - raft.server.staging.catchup.gap = 1000 (default)
2019-08-29 08:14:07,881 [db2abc53-6362-4b3f-b45e-27839c8be9d9:group-F4061F937CC6:LeaderElection90] INFO  server.RaftServerConfigKeys (ConfUtils.java:logGet(43)) - raft.server.rpc.sleep.time = 25ms (default)
2019-08-29 08:14:07,881 [db2abc53-6362-4b3f-b45e-27839c8be9d9:group-F4061F937CC6:LeaderElection90] INFO  server.RaftServerConfigKeys (ConfUtils.java:logGet(43)) - raft.server.write.element-limit = 4096 (default)
2019-08-29 08:14:07,882 [db2abc53-6362-4b3f-b45e-27839c8be9d9:group-F4061F937CC6:LeaderElection90] INFO  server.RaftServerConfigKeys (ConfUtils.java:logGet(43)) - raft.server.watch.timeout = 10s (default)
2019-08-29 08:14:07,882 [db2abc53-6362-4b3f-b45e-27839c8be9d9:group-F4061F937CC6:LeaderElection90] INFO  server.RaftServerConfigKeys (ConfUtils.java:logGet(43)) - raft.server.watch.timeout.denomination = 1s (default)
2019-08-29 08:14:07,882 [db2abc53-6362-4b3f-b45e-27839c8be9d9:group-F4061F937CC6:LeaderElection90] INFO  server.RaftServerConfigKeys (ConfUtils.java:logGet(43)) - raft.server.watch.element-limit = 65536 (default)
2019-08-29 08:14:07,882 [db2abc53-6362-4b3f-b45e-27839c8be9d9:group-F4061F937CC6:LeaderElection90] INFO  server.RaftServerConfigKeys (ConfUtils.java:logGet(43)) - raft.server.log.appender.snapshot.chunk.size.max = 16MB (=16777216) (default)
2019-08-29 08:14:07,882 [db2abc53-6362-4b3f-b45e-27839c8be9d9:group-F4061F937CC6:LeaderElection90] INFO  server.RaftServerConfigKeys (ConfUtils.java:logGet(43)) - raft.server.log.appender.buffer.byte-limit = 33554432 (custom)
2019-08-29 08:14:07,882 [db2abc53-6362-4b3f-b45e-27839c8be9d9:group-F4061F937CC6:LeaderElection90] INFO  server.RaftServerConfigKeys (ConfUtils.java:logGet(43)) - raft.server.log.appender.buffer.element-limit = 1 (custom)
2019-08-29 08:14:07,882 [db2abc53-6362-4b3f-b45e-27839c8be9d9:group-F4061F937CC6:LeaderElection90] INFO  grpc.GrpcConfigKeys$Server (ConfUtils.java:logGet(43)) - raft.grpc.server.leader.outstanding.appends.max = 128 (default)
2019-08-29 08:14:07,883 [db2abc53-6362-4b3f-b45e-27839c8be9d9:group-F4061F937CC6:LeaderElection90] INFO  server.RaftServerConfigKeys (ConfUtils.java:logGet(43)) - raft.server.rpc.request.timeout = 3000ms (default)
2019-08-29 08:14:07,883 [db2abc53-6362-4b3f-b45e-27839c8be9d9:group-F4061F937CC6:LeaderElection90] INFO  server.RaftServerConfigKeys (ConfUtils.java:logGet(43)) - raft.server.log.appender.install.snapshot.enabled = false (custom)
2019-08-29 08:14:07,883 [db2abc53-6362-4b3f-b45e-27839c8be9d9:group-F4061F937CC6:LeaderElection90] INFO  server.RaftServerConfigKeys (ConfUtils.java:logGet(43)) - raft.server.log.appender.snapshot.chunk.size.max = 16MB (=16777216) (default)
2019-08-29 08:14:07,883 [db2abc53-6362-4b3f-b45e-27839c8be9d9:group-F4061F937CC6:LeaderElection90] INFO  server.RaftServerConfigKeys (ConfUtils.java:logGet(43)) - raft.server.log.appender.buffer.byte-limit = 33554432 (custom)
2019-08-29 08:14:07,883 [db2abc53-6362-4b3f-b45e-27839c8be9d9:group-F4061F937CC6:LeaderElection90] INFO  server.RaftServerConfigKeys (ConfUtils.java:logGet(43)) - raft.server.log.appender.buffer.element-limit = 1 (custom)
2019-08-29 08:14:07,883 [db2abc53-6362-4b3f-b45e-27839c8be9d9:group-F4061F937CC6:LeaderElection90] INFO  grpc.GrpcConfigKeys$Server (ConfUtils.java:logGet(43)) - raft.grpc.server.leader.outstanding.appends.max = 128 (default)
2019-08-29 08:14:07,883 [db2abc53-6362-4b3f-b45e-27839c8be9d9:group-F4061F937CC6:LeaderElection90] INFO  server.RaftServerConfigKeys (ConfUtils.java:logGet(43)) - raft.server.rpc.request.timeout = 3000ms (default)
2019-08-29 08:14:07,883 [db2abc53-6362-4b3f-b45e-27839c8be9d9:group-F4061F937CC6:LeaderElection90] INFO  server.RaftServerConfigKeys (ConfUtils.java:logGet(43)) - raft.server.log.appender.install.snapshot.enabled = false (custom)
2019-08-29 08:14:07,884 [db2abc53-6362-4b3f-b45e-27839c8be9d9:group-F4061F937CC6:LeaderElection90] INFO  impl.RoleInfo (RoleInfo.java:updateAndGet(143)) - db2abc53-6362-4b3f-b45e-27839c8be9d9: start LeaderState
2019-08-29 08:14:07,884 [db2abc53-6362-4b3f-b45e-27839c8be9d9:group-F4061F937CC6:LeaderElection90] INFO  segmented.SegmentedRaftLogWorker (SegmentedRaftLogWorker.java:rollLogSegment(385)) - db2abc53-6362-4b3f-b45e-27839c8be9d9-SegmentedRaftLogWorker:Storage Directory /workdir/hadoop-ozone/integration-test/target/test-dir/MiniOzoneClusterImpl-8a7297db-6aa6-4f06-8934-9a0bed7f2088/datanode-1/data/ratis/15b2e2b0-221b-4216-b4e5-f4061f937cc6: Rolling segment log-0_15 to index:15
2019-08-29 08:14:07,886 [db2abc53-6362-4b3f-b45e-27839c8be9d9:group-F4061F937CC6:LeaderElection90] INFO  impl.RaftServerImpl (ServerState.java:setRaftConf(361)) - db2abc53-6362-4b3f-b45e-27839c8be9d9:group-F4061F937CC6 set configuration 16: [d29b9d15-d66c-42ad-b472-380f28d40a83:192.168.69.111:36178, db2abc53-6362-4b3f-b45e-27839c8be9d9:192.168.69.111:36711, 9528c11a-fb93-4137-9963-bf3b5733d594:192.168.69.111:41746], old=null at 16
2019-08-29 08:14:07,886 [grpc-default-executor-8] WARN  server.GrpcLogAppender (LogUtils.java:warn(134)) - db2abc53-6362-4b3f-b45e-27839c8be9d9->d29b9d15-d66c-42ad-b472-380f28d40a83: Failed appendEntries: org.apache.ratis.thirdparty.io.grpc.StatusRuntimeException: UNAVAILABLE: io exception
2019-08-29 08:14:07,887 [grpc-default-executor-8] INFO  impl.FollowerInfo (FollowerInfo.java:lambda$new$0(50)) - db2abc53-6362-4b3f-b45e-27839c8be9d9->d29b9d15-d66c-42ad-b472-380f28d40a83: nextIndex: updateUnconditionally 16 -> 1
2019-08-29 08:14:07,887 [db2abc53-6362-4b3f-b45e-27839c8be9d9-SegmentedRaftLogWorker:Storage Directory /workdir/hadoop-ozone/integration-test/target/test-dir/MiniOzoneClusterImpl-8a7297db-6aa6-4f06-8934-9a0bed7f2088/datanode-1/data/ratis/15b2e2b0-221b-4216-b4e5-f4061f937cc6] INFO  segmented.SegmentedRaftLogWorker (SegmentedRaftLogWorker.java:execute(526)) - db2abc53-6362-4b3f-b45e-27839c8be9d9-SegmentedRaftLogWorker:Storage Directory /workdir/hadoop-ozone/integration-test/target/test-dir/MiniOzoneClusterImpl-8a7297db-6aa6-4f06-8934-9a0bed7f2088/datanode-1/data/ratis/15b2e2b0-221b-4216-b4e5-f4061f937cc6: Rolled log segment from /workdir/hadoop-ozone/integration-test/target/test-dir/MiniOzoneClusterImpl-8a7297db-6aa6-4f06-8934-9a0bed7f2088/datanode-1/data/ratis/15b2e2b0-221b-4216-b4e5-f4061f937cc6/current/log_inprogress_0 to /workdir/hadoop-ozone/integration-test/target/test-dir/MiniOzoneClusterImpl-8a7297db-6aa6-4f06-8934-9a0bed7f2088/datanode-1/data/ratis/15b2e2b0-221b-4216-b4e5-f4061f937cc6/current/log_0-15
2019-08-29 08:14:07,888 [grpc-default-executor-8] INFO  impl.RaftServerImpl (ServerState.java:setLeader(263)) - 9528c11a-fb93-4137-9963-bf3b5733d594:group-F4061F937CC6 change Leader from null to db2abc53-6362-4b3f-b45e-27839c8be9d9 at term 2 for appendEntries, leader elected after 27ms
2019-08-29 08:14:07,889 [grpc-default-executor-8] INFO  impl.RaftServerImpl (ServerState.java:setRaftConf(361)) - 9528c11a-fb93-4137-9963-bf3b5733d594:group-F4061F937CC6 set configuration 16: [d29b9d15-d66c-42ad-b472-380f28d40a83:192.168.69.111:36178, db2abc53-6362-4b3f-b45e-27839c8be9d9:192.168.69.111:36711, 9528c11a-fb93-4137-9963-bf3b5733d594:192.168.69.111:41746], old=null at 16
2019-08-29 08:14:07,890 [grpc-default-executor-8] INFO  segmented.SegmentedRaftLogWorker (SegmentedRaftLogWorker.java:rollLogSegment(385)) - 9528c11a-fb93-4137-9963-bf3b5733d594-SegmentedRaftLogWorker:Storage Directory /workdir/hadoop-ozone/integration-test/target/test-dir/MiniOzoneClusterImpl-8a7297db-6aa6-4f06-8934-9a0bed7f2088/datanode-2/data/ratis/15b2e2b0-221b-4216-b4e5-f4061f937cc6: Rolling segment log-0_15 to index:15
2019-08-29 08:14:07,890 [9528c11a-fb93-4137-9963-bf3b5733d594-SegmentedRaftLogWorker:Storage Directory /workdir/hadoop-ozone/integration-test/target/test-dir/MiniOzoneClusterImpl-8a7297db-6aa6-4f06-8934-9a0bed7f2088/datanode-2/data/ratis/15b2e2b0-221b-4216-b4e5-f4061f937cc6] INFO  segmented.SegmentedRaftLogWorker (SegmentedRaftLogWorker.java:execute(526)) - 9528c11a-fb93-4137-9963-bf3b5733d594-SegmentedRaftLogWorker:Storage Directory /workdir/hadoop-ozone/integration-test/target/test-dir/MiniOzoneClusterImpl-8a7297db-6aa6-4f06-8934-9a0bed7f2088/datanode-2/data/ratis/15b2e2b0-221b-4216-b4e5-f4061f937cc6: Rolled log segment from /workdir/hadoop-ozone/integration-test/target/test-dir/MiniOzoneClusterImpl-8a7297db-6aa6-4f06-8934-9a0bed7f2088/datanode-2/data/ratis/15b2e2b0-221b-4216-b4e5-f4061f937cc6/current/log_inprogress_0 to /workdir/hadoop-ozone/integration-test/target/test-dir/MiniOzoneClusterImpl-8a7297db-6aa6-4f06-8934-9a0bed7f2088/datanode-2/data/ratis/15b2e2b0-221b-4216-b4e5-f4061f937cc6/current/log_0-15
2019-08-29 08:14:07,893 | INFO  | SCMAudit | user=jenkins1000 | ip=192.168.69.111 | op=SEND_HEARTBEAT {datanodeUUID=0a184b28-38b7-485b-be3e-3bc3142c01b2, command=[]} | ret=SUCCESS |  
2019-08-29 08:14:07,933 [9528c11a-fb93-4137-9963-bf3b5733d594-SegmentedRaftLogWorker:Storage Directory /workdir/hadoop-ozone/integration-test/target/test-dir/MiniOzoneClusterImpl-8a7297db-6aa6-4f06-8934-9a0bed7f2088/datanode-2/data/ratis/15b2e2b0-221b-4216-b4e5-f4061f937cc6] INFO  segmented.SegmentedRaftLogWorker (SegmentedRaftLogWorker.java:execute(569)) - 9528c11a-fb93-4137-9963-bf3b5733d594-SegmentedRaftLogWorker:Storage Directory /workdir/hadoop-ozone/integration-test/target/test-dir/MiniOzoneClusterImpl-8a7297db-6aa6-4f06-8934-9a0bed7f2088/datanode-2/data/ratis/15b2e2b0-221b-4216-b4e5-f4061f937cc6: created new log segment /workdir/hadoop-ozone/integration-test/target/test-dir/MiniOzoneClusterImpl-8a7297db-6aa6-4f06-8934-9a0bed7f2088/datanode-2/data/ratis/15b2e2b0-221b-4216-b4e5-f4061f937cc6/current/log_inprogress_16
2019-08-29 08:14:07,933 [db2abc53-6362-4b3f-b45e-27839c8be9d9-SegmentedRaftLogWorker:Storage Directory /workdir/hadoop-ozone/integration-test/target/test-dir/MiniOzoneClusterImpl-8a7297db-6aa6-4f06-8934-9a0bed7f2088/datanode-1/data/ratis/15b2e2b0-221b-4216-b4e5-f4061f937cc6] INFO  segmented.SegmentedRaftLogWorker (SegmentedRaftLogWorker.java:execute(569)) - db2abc53-6362-4b3f-b45e-27839c8be9d9-SegmentedRaftLogWorker:Storage Directory /workdir/hadoop-ozone/integration-test/target/test-dir/MiniOzoneClusterImpl-8a7297db-6aa6-4f06-8934-9a0bed7f2088/datanode-1/data/ratis/15b2e2b0-221b-4216-b4e5-f4061f937cc6: created new log segment /workdir/hadoop-ozone/integration-test/target/test-dir/MiniOzoneClusterImpl-8a7297db-6aa6-4f06-8934-9a0bed7f2088/datanode-1/data/ratis/15b2e2b0-221b-4216-b4e5-f4061f937cc6/current/log_inprogress_16
2019-08-29 08:14:07,944 | INFO  | DNAudit | user=null | ip=null | op=READ_CHUNK {blockData=conID: 1 locID: 102699265501560846 bcsId: 0} | ret=SUCCESS |  
2019-08-29 08:14:07,946 [grpc-default-executor-8] WARN  server.GrpcLogAppender (LogUtils.java:warn(134)) - db2abc53-6362-4b3f-b45e-27839c8be9d9->d29b9d15-d66c-42ad-b472-380f28d40a83: Failed appendEntries: org.apache.ratis.thirdparty.io.grpc.StatusRuntimeException: UNAVAILABLE: io exception
2019-08-29 08:14:07,946 [grpc-default-executor-8] INFO  impl.FollowerInfo (FollowerInfo.java:lambda$new$0(50)) - db2abc53-6362-4b3f-b45e-27839c8be9d9->d29b9d15-d66c-42ad-b472-380f28d40a83: nextIndex: updateUnconditionally 2 -> 1
2019-08-29 08:14:07,958 [grpc-default-executor-8] WARN  server.GrpcLogAppender (LogUtils.java:warn(134)) - db2abc53-6362-4b3f-b45e-27839c8be9d9->d29b9d15-d66c-42ad-b472-380f28d40a83: Failed appendEntries: org.apache.ratis.thirdparty.io.grpc.StatusRuntimeException: UNAVAILABLE: io exception
2019-08-29 08:14:07,959 [grpc-default-executor-8] INFO  impl.FollowerInfo (FollowerInfo.java:lambda$new$0(50)) - db2abc53-6362-4b3f-b45e-27839c8be9d9->d29b9d15-d66c-42ad-b472-380f28d40a83: nextIndex: updateUnconditionally 2 -> 1
2019-08-29 08:14:08,094 | INFO  | SCMAudit | user=jenkins1000 | ip=192.168.69.111 | op=SEND_HEARTBEAT {datanodeUUID=28014f33-45df-43bf-aab4-c9d4fbf6cd3a, command=[]} | ret=SUCCESS |  
2019-08-29 08:14:08,493 | INFO  | SCMAudit | user=jenkins1000 | ip=192.168.69.111 | op=SEND_HEARTBEAT {datanodeUUID=885df2e3-7d4b-41eb-82f7-ec9d233e01be, command=[]} | ret=SUCCESS |  
2019-08-29 08:14:08,501 [grpc-default-executor-5] INFO  client.GrpcClientProtocolClient (GrpcClientProtocolClient.java:onNext(255)) - client-6C6910D607CD->9528c11a-fb93-4137-9963-bf3b5733d594: receive RaftClientReply:client-6C6910D607CD->9528c11a-fb93-4137-9963-bf3b5733d594@group-F4061F937CC6, cid=195, FAILED org.apache.ratis.protocol.NotLeaderException: Server 9528c11a-fb93-4137-9963-bf3b5733d594 is not the leader (db2abc53-6362-4b3f-b45e-27839c8be9d9:192.168.69.111:36711). Request must be sent to leader., logIndex=0, commits[9528c11a-fb93-4137-9963-bf3b5733d594:c16, d29b9d15-d66c-42ad-b472-380f28d40a83:c15, db2abc53-6362-4b3f-b45e-27839c8be9d9:c16]
2019-08-29 08:14:08,507 | ERROR | DNAudit | user=null | ip=null | op=WRITE_CHUNK {blockData=conID: 1 locID: 102699265501560846 bcsId: 13} | ret=FAILURE | org.apache.hadoop.hdds.scm.container.common.helpers.ContainerNotOpenException: Container 1 in CLOSING state
	at org.apache.hadoop.ozone.container.common.impl.HddsDispatcher.validateContainerCommand(HddsDispatcher.java:408)
	at org.apache.hadoop.ozone.container.common.transport.server.ratis.ContainerStateMachine.startTransaction(ContainerStateMachine.java:309) 
2019-08-29 08:14:08,518 [grpc-default-executor-5] INFO  client.GrpcClientProtocolClient (GrpcClientProtocolClient.java:onNext(255)) - client-6C6910D607CD->db2abc53-6362-4b3f-b45e-27839c8be9d9: receive RaftClientReply:client-6C6910D607CD->db2abc53-6362-4b3f-b45e-27839c8be9d9@group-F4061F937CC6, cid=195, FAILED org.apache.ratis.protocol.StateMachineException: org.apache.hadoop.hdds.scm.container.common.helpers.ContainerNotOpenException from Server db2abc53-6362-4b3f-b45e-27839c8be9d9: Container 1 in CLOSING state, logIndex=0, commits[db2abc53-6362-4b3f-b45e-27839c8be9d9:c17, d29b9d15-d66c-42ad-b472-380f28d40a83:c15, 9528c11a-fb93-4137-9963-bf3b5733d594:c16]
2019-08-29 08:14:08,519 | ERROR | DNAudit | user=null | ip=null | op=WRITE_CHUNK {blockData=conID: 1 locID: 102699265501560846 bcsId: 13} | ret=FAILURE | org.apache.hadoop.hdds.scm.container.common.helpers.ContainerNotOpenException: Container 1 in CLOSING state
	at org.apache.hadoop.ozone.container.common.impl.HddsDispatcher.validateContainerCommand(HddsDispatcher.java:408)
	at org.apache.hadoop.ozone.container.common.transport.server.ratis.ContainerStateMachine.startTransaction(ContainerStateMachine.java:309) 
2019-08-29 08:14:08,521 | ERROR | DNAudit | user=null | ip=null | op=PUT_BLOCK {blockData=[blockId=conID: 1 locID: 102699265501560846 bcsId: 0,size=650]} | ret=FAILURE | org.apache.hadoop.hdds.scm.container.common.helpers.ContainerNotOpenException: Container 1 in CLOSING state
	at org.apache.hadoop.ozone.container.common.impl.HddsDispatcher.validateContainerCommand(HddsDispatcher.java:408)
	at org.apache.hadoop.ozone.container.common.transport.server.ratis.ContainerStateMachine.startTransaction(ContainerStateMachine.java:309) 
2019-08-29 08:14:08,528 [grpc-default-executor-5] INFO  client.GrpcClientProtocolClient (GrpcClientProtocolClient.java:onNext(255)) - client-6C6910D607CD->db2abc53-6362-4b3f-b45e-27839c8be9d9: receive RaftClientReply:client-6C6910D607CD->db2abc53-6362-4b3f-b45e-27839c8be9d9@group-F4061F937CC6, cid=196, FAILED org.apache.ratis.protocol.StateMachineException: org.apache.hadoop.hdds.scm.container.common.helpers.ContainerNotOpenException from Server db2abc53-6362-4b3f-b45e-27839c8be9d9: Container 1 in CLOSING state, logIndex=0, commits[db2abc53-6362-4b3f-b45e-27839c8be9d9:c17, d29b9d15-d66c-42ad-b472-380f28d40a83:c15, 9528c11a-fb93-4137-9963-bf3b5733d594:c16]
2019-08-29 08:14:08,529 | ERROR | DNAudit | user=null | ip=null | op=WRITE_CHUNK {blockData=conID: 1 locID: 102699265501560846 bcsId: 13} | ret=FAILURE | org.apache.hadoop.hdds.scm.container.common.helpers.ContainerNotOpenException: Container 1 in CLOSING state
	at org.apache.hadoop.ozone.container.common.impl.HddsDispatcher.validateContainerCommand(HddsDispatcher.java:408)
	at org.apache.hadoop.ozone.container.common.transport.server.ratis.ContainerStateMachine.startTransaction(ContainerStateMachine.java:309) 
2019-08-29 08:14:08,530 [grpc-default-executor-5] INFO  client.GrpcClientProtocolClient (GrpcClientProtocolClient.java:onNext(255)) - client-6C6910D607CD->db2abc53-6362-4b3f-b45e-27839c8be9d9: receive RaftClientReply:client-6C6910D607CD->db2abc53-6362-4b3f-b45e-27839c8be9d9@group-F4061F937CC6, cid=197, FAILED org.apache.ratis.protocol.StateMachineException: org.apache.hadoop.hdds.scm.container.common.helpers.ContainerNotOpenException from Server db2abc53-6362-4b3f-b45e-27839c8be9d9: Container 1 in CLOSING state, logIndex=0, commits[db2abc53-6362-4b3f-b45e-27839c8be9d9:c17, d29b9d15-d66c-42ad-b472-380f28d40a83:c15, 9528c11a-fb93-4137-9963-bf3b5733d594:c16]
2019-08-29 08:14:08,530 | ERROR | DNAudit | user=null | ip=null | op=WRITE_CHUNK {blockData=conID: 1 locID: 102699265501560846 bcsId: 13} | ret=FAILURE | org.apache.hadoop.hdds.scm.container.common.helpers.ContainerNotOpenException: Container 1 in CLOSING state
	at org.apache.hadoop.ozone.container.common.impl.HddsDispatcher.validateContainerCommand(HddsDispatcher.java:408)
	at org.apache.hadoop.ozone.container.common.transport.server.ratis.ContainerStateMachine.startTransaction(ContainerStateMachine.java:309) 
2019-08-29 08:14:08,535 [grpc-default-executor-5] INFO  client.GrpcClientProtocolClient (GrpcClientProtocolClient.java:onNext(255)) - client-6C6910D607CD->db2abc53-6362-4b3f-b45e-27839c8be9d9: receive RaftClientReply:client-6C6910D607CD->db2abc53-6362-4b3f-b45e-27839c8be9d9@group-F4061F937CC6, cid=198, FAILED org.apache.ratis.protocol.StateMachineException: org.apache.hadoop.hdds.scm.container.common.helpers.ContainerNotOpenException from Server db2abc53-6362-4b3f-b45e-27839c8be9d9: Container 1 in CLOSING state, logIndex=0, commits[db2abc53-6362-4b3f-b45e-27839c8be9d9:c17, d29b9d15-d66c-42ad-b472-380f28d40a83:c15, 9528c11a-fb93-4137-9963-bf3b5733d594:c16]
2019-08-29 08:14:08,536 | ERROR | DNAudit | user=null | ip=null | op=PUT_BLOCK {blockData=[blockId=conID: 1 locID: 102699265501560846 bcsId: 0,size=800]} | ret=FAILURE | org.apache.hadoop.hdds.scm.container.common.helpers.ContainerNotOpenException: Container 1 in CLOSING state
	at org.apache.hadoop.ozone.container.common.impl.HddsDispatcher.validateContainerCommand(HddsDispatcher.java:408)
	at org.apache.hadoop.ozone.container.common.transport.server.ratis.ContainerStateMachine.startTransaction(ContainerStateMachine.java:309) 
2019-08-29 08:14:08,538 [grpc-default-executor-5] INFO  client.GrpcClientProtocolClient (GrpcClientProtocolClient.java:onNext(255)) - client-6C6910D607CD->db2abc53-6362-4b3f-b45e-27839c8be9d9: receive RaftClientReply:client-6C6910D607CD->db2abc53-6362-4b3f-b45e-27839c8be9d9@group-F4061F937CC6, cid=199, FAILED org.apache.ratis.protocol.StateMachineException: org.apache.hadoop.hdds.scm.container.common.helpers.ContainerNotOpenException from Server db2abc53-6362-4b3f-b45e-27839c8be9d9: Container 1 in CLOSING state, logIndex=0, commits[db2abc53-6362-4b3f-b45e-27839c8be9d9:c17, d29b9d15-d66c-42ad-b472-380f28d40a83:c15, 9528c11a-fb93-4137-9963-bf3b5733d594:c16]
2019-08-29 08:14:08,540 [grpc-default-executor-5] INFO  client.GrpcClientProtocolClient (GrpcClientProtocolClient.java:onNext(255)) - client-6C6910D607CD->db2abc53-6362-4b3f-b45e-27839c8be9d9: receive RaftClientReply:client-6C6910D607CD->db2abc53-6362-4b3f-b45e-27839c8be9d9@group-F4061F937CC6, cid=200, FAILED org.apache.ratis.protocol.StateMachineException: org.apache.hadoop.hdds.scm.container.common.helpers.ContainerNotOpenException from Server db2abc53-6362-4b3f-b45e-27839c8be9d9: Container 1 in CLOSING state, logIndex=0, commits[db2abc53-6362-4b3f-b45e-27839c8be9d9:c17, d29b9d15-d66c-42ad-b472-380f28d40a83:c15, 9528c11a-fb93-4137-9963-bf3b5733d594:c16]
2019-08-29 08:14:08,569 | INFO  | SCMAudit | user=jenkins1000 | ip=192.168.69.111 | op=ALLOCATE_BLOCK {owner=aa62d859-6845-4994-97d2-66ab70c1987a, size=800, type=RATIS, factor=THREE} | ret=SUCCESS |  
2019-08-29 08:14:08,571 | INFO  | OMAudit | user=jenkins1000 | ip=127.0.0.1 | op=ALLOCATE_BLOCK {volume=testblockoutputstream, bucket=testblockoutputstream, key=8bf5e499-a43b-44c7-ba6c-9664769b6d31, dataSize=0, replicationType=null, replicationFactor=null, keyLocationInfo=null, clientID=102699265501364237} | ret=SUCCESS |  
2019-08-29 08:14:08,710 | INFO  | SCMAudit | user=jenkins1000 | ip=192.168.69.111 | op=SEND_HEARTBEAT {datanodeUUID=50e47a8f-6a67-4a96-b3a3-baa2829f3e12, command=[]} | ret=SUCCESS |  
2019-08-29 08:14:08,802 | INFO  | DNAudit | user=null | ip=null | op=WRITE_CHUNK {blockData=conID: 2 locID: 102699266773417999 bcsId: 0} | ret=SUCCESS |  
2019-08-29 08:14:08,802 | INFO  | DNAudit | user=null | ip=null | op=WRITE_CHUNK {blockData=conID: 2 locID: 102699266773417999 bcsId: 0} | ret=SUCCESS |  
2019-08-29 08:14:08,802 | INFO  | SCMAudit | user=jenkins1000 | ip=192.168.69.111 | op=SEND_HEARTBEAT {datanodeUUID=885df2e3-7d4b-41eb-82f7-ec9d233e01be, command=[]} | ret=SUCCESS |  
2019-08-29 08:14:08,802 | INFO  | SCMAudit | user=jenkins1000 | ip=192.168.69.111 | op=SEND_HEARTBEAT {datanodeUUID=50e47a8f-6a67-4a96-b3a3-baa2829f3e12, command=[]} | ret=SUCCESS |  
2019-08-29 08:14:08,802 | INFO  | DNAudit | user=null | ip=null | op=WRITE_CHUNK {blockData=conID: 2 locID: 102699266773417999 bcsId: 0} | ret=SUCCESS |  
2019-08-29 08:14:08,802 | INFO  | SCMAudit | user=jenkins1000 | ip=192.168.69.111 | op=SEND_HEARTBEAT {datanodeUUID=0a184b28-38b7-485b-be3e-3bc3142c01b2, command=[]} | ret=SUCCESS |  
2019-08-29 08:14:08,815 | INFO  | DNAudit | user=null | ip=null | op=WRITE_CHUNK {blockData=conID: 2 locID: 102699266773417999 bcsId: 0} | ret=SUCCESS |  
2019-08-29 08:14:08,820 [grpc-default-executor-5] INFO  client.GrpcClientProtocolClient (GrpcClientProtocolClient.java:onNext(255)) - client-DA5E6D61DE95->885df2e3-7d4b-41eb-82f7-ec9d233e01be: receive RaftClientReply:client-DA5E6D61DE95->885df2e3-7d4b-41eb-82f7-ec9d233e01be@group-04C7077352C4, cid=201, SUCCESS, logIndex=1, commits[885df2e3-7d4b-41eb-82f7-ec9d233e01be:c1, 50e47a8f-6a67-4a96-b3a3-baa2829f3e12:c0, 0a184b28-38b7-485b-be3e-3bc3142c01b2:c0]
2019-08-29 08:14:08,826 | INFO  | DNAudit | user=null | ip=null | op=WRITE_CHUNK {blockData=conID: 2 locID: 102699266773417999 bcsId: 0} | ret=SUCCESS |  
2019-08-29 08:14:08,826 | INFO  | DNAudit | user=null | ip=null | op=WRITE_CHUNK {blockData=conID: 2 locID: 102699266773417999 bcsId: 0} | ret=SUCCESS |  
2019-08-29 08:14:08,826 | INFO  | DNAudit | user=null | ip=null | op=WRITE_CHUNK {blockData=conID: 2 locID: 102699266773417999 bcsId: 0} | ret=SUCCESS |  
2019-08-29 08:14:08,827 | INFO  | DNAudit | user=null | ip=null | op=WRITE_CHUNK {blockData=conID: 2 locID: 102699266773417999 bcsId: 0} | ret=SUCCESS |  
2019-08-29 08:14:08,827 | INFO  | DNAudit | user=null | ip=null | op=WRITE_CHUNK {blockData=conID: 2 locID: 102699266773417999 bcsId: 0} | ret=SUCCESS |  
2019-08-29 08:14:08,827 | INFO  | DNAudit | user=null | ip=null | op=WRITE_CHUNK {blockData=conID: 2 locID: 102699266773417999 bcsId: 0} | ret=SUCCESS |  
2019-08-29 08:14:08,827 | INFO  | SCMAudit | user=jenkins1000 | ip=192.168.69.111 | op=SEND_HEARTBEAT {datanodeUUID=db2abc53-6362-4b3f-b45e-27839c8be9d9, command=[]} | ret=SUCCESS |  
2019-08-29 08:14:08,828 | INFO  | DNAudit | user=null | ip=null | op=WRITE_CHUNK {blockData=conID: 2 locID: 102699266773417999 bcsId: 0} | ret=SUCCESS |  
2019-08-29 08:14:08,828 | INFO  | DNAudit | user=null | ip=null | op=WRITE_CHUNK {blockData=conID: 2 locID: 102699266773417999 bcsId: 0} | ret=SUCCESS |  
2019-08-29 08:14:08,828 | INFO  | SCMAudit | user=jenkins1000 | ip=192.168.69.111 | op=SEND_HEARTBEAT {datanodeUUID=9528c11a-fb93-4137-9963-bf3b5733d594, command=[]} | ret=SUCCESS |  
2019-08-29 08:14:08,828 | INFO  | DNAudit | user=null | ip=null | op=WRITE_CHUNK {blockData=conID: 2 locID: 102699266773417999 bcsId: 0} | ret=SUCCESS |  
2019-08-29 08:14:08,829 | INFO  | DNAudit | user=null | ip=null | op=WRITE_CHUNK {blockData=conID: 2 locID: 102699266773417999 bcsId: 0} | ret=SUCCESS |  
2019-08-29 08:14:08,829 | INFO  | DNAudit | user=null | ip=null | op=WRITE_CHUNK {blockData=conID: 2 locID: 102699266773417999 bcsId: 0} | ret=SUCCESS |  
2019-08-29 08:14:08,847 | INFO  | DNAudit | user=null | ip=null | op=WRITE_CHUNK {blockData=conID: 2 locID: 102699266773417999 bcsId: 0} | ret=SUCCESS |  
2019-08-29 08:14:08,848 [grpc-default-executor-7] INFO  client.GrpcClientProtocolClient (GrpcClientProtocolClient.java:onNext(255)) - client-DA5E6D61DE95->885df2e3-7d4b-41eb-82f7-ec9d233e01be: receive RaftClientReply:client-DA5E6D61DE95->885df2e3-7d4b-41eb-82f7-ec9d233e01be@group-04C7077352C4, cid=202, SUCCESS, logIndex=3, commits[885df2e3-7d4b-41eb-82f7-ec9d233e01be:c4, 50e47a8f-6a67-4a96-b3a3-baa2829f3e12:c1, 0a184b28-38b7-485b-be3e-3bc3142c01b2:c1]
2019-08-29 08:14:08,888 | INFO  | DNAudit | user=null | ip=null | op=WRITE_CHUNK {blockData=conID: 2 locID: 102699266773417999 bcsId: 0} | ret=SUCCESS |  
2019-08-29 08:14:08,888 | INFO  | DNAudit | user=null | ip=null | op=WRITE_CHUNK {blockData=conID: 2 locID: 102699266773417999 bcsId: 0} | ret=SUCCESS |  
2019-08-29 08:14:08,951 | INFO  | DNAudit | user=null | ip=null | op=PUT_BLOCK {blockData=[blockId=conID: 2 locID: 102699266773417999 bcsId: 0,size=200]} | ret=SUCCESS |  
2019-08-29 08:14:08,954 | INFO  | DNAudit | user=null | ip=null | op=WRITE_CHUNK {blockData=conID: 2 locID: 102699266773417999 bcsId: 0} | ret=SUCCESS |  
2019-08-29 08:14:08,954 | INFO  | DNAudit | user=null | ip=null | op=WRITE_CHUNK {blockData=conID: 2 locID: 102699266773417999 bcsId: 0} | ret=SUCCESS |  
2019-08-29 08:14:08,954 [grpc-default-executor-7] INFO  client.GrpcClientProtocolClient (GrpcClientProtocolClient.java:onNext(255)) - client-DA5E6D61DE95->885df2e3-7d4b-41eb-82f7-ec9d233e01be: receive RaftClientReply:client-DA5E6D61DE95->885df2e3-7d4b-41eb-82f7-ec9d233e01be@group-04C7077352C4, cid=203, SUCCESS, logIndex=4, commits[885df2e3-7d4b-41eb-82f7-ec9d233e01be:c11, 50e47a8f-6a67-4a96-b3a3-baa2829f3e12:c7, 0a184b28-38b7-485b-be3e-3bc3142c01b2:c7]
2019-08-29 08:14:08,956 [grpc-default-executor-7] INFO  client.GrpcClientProtocolClient (GrpcClientProtocolClient.java:onNext(255)) - client-DA5E6D61DE95->885df2e3-7d4b-41eb-82f7-ec9d233e01be: receive RaftClientReply:client-DA5E6D61DE95->885df2e3-7d4b-41eb-82f7-ec9d233e01be@group-04C7077352C4, cid=204, SUCCESS, logIndex=5, commits[885df2e3-7d4b-41eb-82f7-ec9d233e01be:c11, 50e47a8f-6a67-4a96-b3a3-baa2829f3e12:c7, 0a184b28-38b7-485b-be3e-3bc3142c01b2:c7]
2019-08-29 08:14:08,957 [grpc-default-executor-7] INFO  client.GrpcClientProtocolClient (GrpcClientProtocolClient.java:onNext(255)) - client-DA5E6D61DE95->885df2e3-7d4b-41eb-82f7-ec9d233e01be: receive RaftClientReply:client-DA5E6D61DE95->885df2e3-7d4b-41eb-82f7-ec9d233e01be@group-04C7077352C4, cid=205, SUCCESS, logIndex=6, commits[885df2e3-7d4b-41eb-82f7-ec9d233e01be:c11, 50e47a8f-6a67-4a96-b3a3-baa2829f3e12:c7, 0a184b28-38b7-485b-be3e-3bc3142c01b2:c7]
2019-08-29 08:14:09,036 | INFO  | DNAudit | user=null | ip=null | op=PUT_BLOCK {blockData=[blockId=conID: 2 locID: 102699266773417999 bcsId: 0,size=200]} | ret=SUCCESS |  
2019-08-29 08:14:09,037 | INFO  | DNAudit | user=null | ip=null | op=WRITE_CHUNK {blockData=conID: 2 locID: 102699266773417999 bcsId: 0} | ret=SUCCESS |  
2019-08-29 08:14:09,037 | INFO  | DNAudit | user=null | ip=null | op=WRITE_CHUNK {blockData=conID: 2 locID: 102699266773417999 bcsId: 0} | ret=SUCCESS |  
2019-08-29 08:14:09,094 | INFO  | SCMAudit | user=jenkins1000 | ip=192.168.69.111 | op=SEND_HEARTBEAT {datanodeUUID=28014f33-45df-43bf-aab4-c9d4fbf6cd3a, command=[]} | ret=SUCCESS |  
2019-08-29 08:14:09,137 | INFO  | DNAudit | user=null | ip=null | op=PUT_BLOCK {blockData=[blockId=conID: 2 locID: 102699266773417999 bcsId: 0,size=400]} | ret=SUCCESS |  
2019-08-29 08:14:09,137 | INFO  | DNAudit | user=null | ip=null | op=PUT_BLOCK {blockData=[blockId=conID: 2 locID: 102699266773417999 bcsId: 0,size=400]} | ret=SUCCESS |  
2019-08-29 08:14:09,139 [grpc-default-executor-7] INFO  client.GrpcClientProtocolClient (GrpcClientProtocolClient.java:onNext(255)) - client-DA5E6D61DE95->885df2e3-7d4b-41eb-82f7-ec9d233e01be: receive RaftClientReply:client-DA5E6D61DE95->885df2e3-7d4b-41eb-82f7-ec9d233e01be@group-04C7077352C4, cid=206, SUCCESS, logIndex=7, commits[885df2e3-7d4b-41eb-82f7-ec9d233e01be:c11, 50e47a8f-6a67-4a96-b3a3-baa2829f3e12:c7, 0a184b28-38b7-485b-be3e-3bc3142c01b2:c7]
2019-08-29 08:14:09,147 | INFO  | DNAudit | user=null | ip=null | op=WRITE_CHUNK {blockData=conID: 2 locID: 102699266773417999 bcsId: 7} | ret=SUCCESS |  
2019-08-29 08:14:09,148 | INFO  | DNAudit | user=null | ip=null | op=WRITE_CHUNK {blockData=conID: 2 locID: 102699266773417999 bcsId: 7} | ret=SUCCESS |  
2019-08-29 08:14:09,148 | INFO  | DNAudit | user=null | ip=null | op=WRITE_CHUNK {blockData=conID: 2 locID: 102699266773417999 bcsId: 7} | ret=SUCCESS |  
2019-08-29 08:14:09,189 | INFO  | DNAudit | user=null | ip=null | op=PUT_BLOCK {blockData=[blockId=conID: 2 locID: 102699266773417999 bcsId: 0,size=200]} | ret=SUCCESS |  
2019-08-29 08:14:09,190 | INFO  | DNAudit | user=null | ip=null | op=WRITE_CHUNK {blockData=conID: 2 locID: 102699266773417999 bcsId: 0} | ret=SUCCESS |  
2019-08-29 08:14:09,190 | INFO  | DNAudit | user=null | ip=null | op=WRITE_CHUNK {blockData=conID: 2 locID: 102699266773417999 bcsId: 0} | ret=SUCCESS |  
2019-08-29 08:14:09,191 | INFO  | DNAudit | user=null | ip=null | op=PUT_BLOCK {blockData=[blockId=conID: 2 locID: 102699266773417999 bcsId: 0,size=400]} | ret=SUCCESS |  
2019-08-29 08:14:09,204 | INFO  | DNAudit | user=null | ip=null | op=WRITE_CHUNK {blockData=conID: 2 locID: 102699266773417999 bcsId: 7} | ret=SUCCESS |  
2019-08-29 08:14:09,208 | INFO  | DNAudit | user=null | ip=null | op=PUT_BLOCK {blockData=[blockId=conID: 2 locID: 102699266773417999 bcsId: 0,size=450]} | ret=SUCCESS |  
2019-08-29 08:14:09,209 [grpc-default-executor-4] INFO  client.GrpcClientProtocolClient (GrpcClientProtocolClient.java:onNext(255)) - client-DA5E6D61DE95->885df2e3-7d4b-41eb-82f7-ec9d233e01be: receive RaftClientReply:client-DA5E6D61DE95->885df2e3-7d4b-41eb-82f7-ec9d233e01be@group-04C7077352C4, cid=207, SUCCESS, logIndex=12, commits[885df2e3-7d4b-41eb-82f7-ec9d233e01be:c13, 50e47a8f-6a67-4a96-b3a3-baa2829f3e12:c11, 0a184b28-38b7-485b-be3e-3bc3142c01b2:c11]
2019-08-29 08:14:09,209 [grpc-default-executor-4] INFO  client.GrpcClientProtocolClient (GrpcClientProtocolClient.java:onNext(255)) - client-DA5E6D61DE95->885df2e3-7d4b-41eb-82f7-ec9d233e01be: receive RaftClientReply:client-DA5E6D61DE95->885df2e3-7d4b-41eb-82f7-ec9d233e01be@group-04C7077352C4, cid=208, SUCCESS, logIndex=13, commits[885df2e3-7d4b-41eb-82f7-ec9d233e01be:c13, 50e47a8f-6a67-4a96-b3a3-baa2829f3e12:c11, 0a184b28-38b7-485b-be3e-3bc3142c01b2:c11]
2019-08-29 08:14:09,226 | INFO  | DNAudit | user=null | ip=null | op=WRITE_CHUNK {blockData=conID: 2 locID: 102699266773417999 bcsId: 7} | ret=SUCCESS |  
2019-08-29 08:14:09,226 | INFO  | DNAudit | user=null | ip=null | op=WRITE_CHUNK {blockData=conID: 2 locID: 102699266773417999 bcsId: 7} | ret=SUCCESS |  
2019-08-29 08:14:09,226 | INFO  | DNAudit | user=null | ip=null | op=PUT_BLOCK {blockData=[blockId=conID: 2 locID: 102699266773417999 bcsId: 0,size=450]} | ret=SUCCESS |  
2019-08-29 08:14:09,229 | INFO  | DNAudit | user=null | ip=null | op=PUT_BLOCK {blockData=[blockId=conID: 2 locID: 102699266773417999 bcsId: 0,size=450]} | ret=SUCCESS |  
2019-08-29 08:14:09,230 [grpc-default-executor-4] INFO  client.GrpcClientProtocolClient (GrpcClientProtocolClient.java:onNext(255)) - client-DA5E6D61DE95->885df2e3-7d4b-41eb-82f7-ec9d233e01be: receive RaftClientReply:client-DA5E6D61DE95->885df2e3-7d4b-41eb-82f7-ec9d233e01be@group-04C7077352C4, cid=209, SUCCESS, logIndex=0, commits[885df2e3-7d4b-41eb-82f7-ec9d233e01be:c14, 50e47a8f-6a67-4a96-b3a3-baa2829f3e12:c13, 0a184b28-38b7-485b-be3e-3bc3142c01b2:c13]
2019-08-29 08:14:09,231 [main] INFO  ozone.MiniOzoneClusterImpl (MiniOzoneClusterImpl.java:shutdown(321)) - Shutting down the Mini Ozone Cluster
2019-08-29 08:14:09,231 | INFO  | SCMAudit | user=null | ip=null | op=GET_SCM_INFO null | ret=SUCCESS |  
2019-08-29 08:14:09,231 [main] INFO  ozone.MiniOzoneClusterImpl (MiniOzoneClusterImpl.java:stop(336)) - Stopping the Mini Ozone Cluster
2019-08-29 08:14:09,231 [main] INFO  ozone.MiniOzoneClusterImpl (MiniOzoneClusterImpl.java:stop(338)) - Stopping the OzoneManager
2019-08-29 08:14:09,231 [main] INFO  ipc.Server (Server.java:stop(3082)) - Stopping server on 40633
2019-08-29 08:14:09,242 [IPC Server listener on 40633] INFO  ipc.Server (Server.java:run(1185)) - Stopping IPC Server listener on 40633
2019-08-29 08:14:09,244 [IPC Server Responder] INFO  ipc.Server (Server.java:run(1319)) - Stopping IPC Server Responder
2019-08-29 08:14:09,244 [main] INFO  ratis.OzoneManagerDoubleBuffer (OzoneManagerDoubleBuffer.java:stop(248)) - Stopping OMDoubleBuffer flush thread
2019-08-29 08:14:09,249 [OMDoubleBufferFlushThread] INFO  ratis.OzoneManagerDoubleBuffer (OzoneManagerDoubleBuffer.java:flushTransactions(191)) - OMDoubleBuffer flush thread OMDoubleBufferFlushThread is interrupted and will exit. OMDoubleBufferFlushThread
2019-08-29 08:14:09,258 [main] INFO  utils.BackgroundService (BackgroundService.java:shutdown(148)) - Shutting down service KeyDeletingService
2019-08-29 08:14:09,259 [main] INFO  handler.ContextHandler (ContextHandler.java:doStop(910)) - Stopped o.e.j.w.WebAppContext@3dbcde0b{/,null,UNAVAILABLE}{/ozoneManager}
2019-08-29 08:14:09,259 [main] INFO  server.AbstractConnector (AbstractConnector.java:doStop(318)) - Stopped ServerConnector@5c168f98{HTTP/1.1,[http/1.1]}{0.0.0.0:0}
2019-08-29 08:14:09,260 [main] INFO  handler.ContextHandler (ContextHandler.java:doStop(910)) - Stopped o.e.j.s.ServletContextHandler@7ef570be{/static,file:///workdir/hadoop-ozone/integration-test/target/test-classes/webapps/static,UNAVAILABLE}
2019-08-29 08:14:09,260 [main] INFO  handler.ContextHandler (ContextHandler.java:doStop(910)) - Stopped o.e.j.s.ServletContextHandler@2b3e2039{/logs,file:///workdir/hadoop-ozone/integration-test/target/log,UNAVAILABLE}
2019-08-29 08:14:09,276 [main] INFO  ozone.MiniOzoneClusterImpl (MiniOzoneClusterImpl.java:stop(344)) - Shutting the HddsDatanodes
2019-08-29 08:14:09,276 [main] INFO  datanode.ObjectStoreHandler (ObjectStoreHandler.java:close(155)) - Closing ObjectStoreHandler.
2019-08-29 08:14:09,276 [ForkJoinPool.commonPool-worker-0] INFO  datanode.ObjectStoreHandler (ObjectStoreHandler.java:close(155)) - Closing ObjectStoreHandler.
2019-08-29 08:14:09,277 [main] INFO  ozone.HddsDatanodeService (HddsDatanodeService.java:stop(451)) - Stopped plug-in org.apache.hadoop.ozone.web.OzoneHddsDatanodeService@6dabad5c
2019-08-29 08:14:09,277 [ForkJoinPool.commonPool-worker-0] INFO  ozone.HddsDatanodeService (HddsDatanodeService.java:stop(451)) - Stopped plug-in org.apache.hadoop.ozone.web.OzoneHddsDatanodeService@2c69ea30
2019-08-29 08:14:09,798 | INFO  | SCMAudit | user=jenkins1000 | ip=192.168.69.111 | op=SEND_HEARTBEAT {datanodeUUID=885df2e3-7d4b-41eb-82f7-ec9d233e01be, command=[]} | ret=SUCCESS |  
2019-08-29 08:14:09,798 | INFO  | SCMAudit | user=jenkins1000 | ip=192.168.69.111 | op=SEND_HEARTBEAT {datanodeUUID=0a184b28-38b7-485b-be3e-3bc3142c01b2, command=[]} | ret=SUCCESS |  
2019-08-29 08:14:09,801 [Datanode State Machine Thread - 0] INFO  statemachine.DatanodeStateMachine (DatanodeStateMachine.java:lambda$startDaemon$0(350)) - Ozone container server started.
2019-08-29 08:14:09,827 | INFO  | SCMAudit | user=jenkins1000 | ip=192.168.69.111 | op=SEND_HEARTBEAT {datanodeUUID=9528c11a-fb93-4137-9963-bf3b5733d594, command=[]} | ret=SUCCESS |  
2019-08-29 08:14:09,827 [Datanode State Machine Thread - 0] INFO  statemachine.DatanodeStateMachine (DatanodeStateMachine.java:lambda$startDaemon$0(350)) - Ozone container server started.
2019-08-29 08:14:10,095 | INFO  | SCMAudit | user=jenkins1000 | ip=192.168.69.111 | op=SEND_HEARTBEAT {datanodeUUID=28014f33-45df-43bf-aab4-c9d4fbf6cd3a, command=[]} | ret=SUCCESS |  
2019-08-29 08:14:10,468 [grpc-default-executor-4] WARN  server.GrpcLogAppender (LogUtils.java:warn(134)) - db2abc53-6362-4b3f-b45e-27839c8be9d9->d29b9d15-d66c-42ad-b472-380f28d40a83: Failed appendEntries: org.apache.ratis.thirdparty.io.grpc.StatusRuntimeException: UNAVAILABLE: io exception
2019-08-29 08:14:10,468 [grpc-default-executor-4] INFO  impl.FollowerInfo (FollowerInfo.java:lambda$new$0(50)) - db2abc53-6362-4b3f-b45e-27839c8be9d9->d29b9d15-d66c-42ad-b472-380f28d40a83: nextIndex: updateUnconditionally 1 -> 0
2019-08-29 08:14:10,798 | INFO  | SCMAudit | user=jenkins1000 | ip=192.168.69.111 | op=SEND_HEARTBEAT {datanodeUUID=0a184b28-38b7-485b-be3e-3bc3142c01b2, command=[]} | ret=SUCCESS |  
2019-08-29 08:14:10,798 | INFO  | SCMAudit | user=jenkins1000 | ip=192.168.69.111 | op=SEND_HEARTBEAT {datanodeUUID=885df2e3-7d4b-41eb-82f7-ec9d233e01be, command=[]} | ret=SUCCESS |  
2019-08-29 08:14:10,827 | INFO  | SCMAudit | user=jenkins1000 | ip=192.168.69.111 | op=SEND_HEARTBEAT {datanodeUUID=9528c11a-fb93-4137-9963-bf3b5733d594, command=[]} | ret=SUCCESS |  
2019-08-29 08:14:11,095 | INFO  | SCMAudit | user=jenkins1000 | ip=192.168.69.111 | op=SEND_HEARTBEAT {datanodeUUID=28014f33-45df-43bf-aab4-c9d4fbf6cd3a, command=[]} | ret=SUCCESS |  
2019-08-29 08:14:11,799 | INFO  | SCMAudit | user=jenkins1000 | ip=192.168.69.111 | op=SEND_HEARTBEAT {datanodeUUID=885df2e3-7d4b-41eb-82f7-ec9d233e01be, command=[]} | ret=SUCCESS |  
2019-08-29 08:14:11,799 | INFO  | SCMAudit | user=jenkins1000 | ip=192.168.69.111 | op=SEND_HEARTBEAT {datanodeUUID=0a184b28-38b7-485b-be3e-3bc3142c01b2, command=[]} | ret=SUCCESS |  
2019-08-29 08:14:11,827 | INFO  | SCMAudit | user=jenkins1000 | ip=192.168.69.111 | op=SEND_HEARTBEAT {datanodeUUID=9528c11a-fb93-4137-9963-bf3b5733d594, command=[]} | ret=SUCCESS |  
2019-08-29 08:14:12,095 | INFO  | SCMAudit | user=jenkins1000 | ip=192.168.69.111 | op=SEND_HEARTBEAT {datanodeUUID=28014f33-45df-43bf-aab4-c9d4fbf6cd3a, command=[]} | ret=SUCCESS |  
2019-08-29 08:14:12,799 | INFO  | SCMAudit | user=jenkins1000 | ip=192.168.69.111 | op=SEND_HEARTBEAT {datanodeUUID=885df2e3-7d4b-41eb-82f7-ec9d233e01be, command=[]} | ret=SUCCESS |  
2019-08-29 08:14:12,799 | INFO  | SCMAudit | user=jenkins1000 | ip=192.168.69.111 | op=SEND_HEARTBEAT {datanodeUUID=0a184b28-38b7-485b-be3e-3bc3142c01b2, command=[]} | ret=SUCCESS |  
2019-08-29 08:14:12,827 | INFO  | SCMAudit | user=jenkins1000 | ip=192.168.69.111 | op=SEND_HEARTBEAT {datanodeUUID=9528c11a-fb93-4137-9963-bf3b5733d594, command=[]} | ret=SUCCESS |  
2019-08-29 08:14:12,969 [grpc-default-executor-8] WARN  server.GrpcLogAppender (LogUtils.java:warn(134)) - db2abc53-6362-4b3f-b45e-27839c8be9d9->d29b9d15-d66c-42ad-b472-380f28d40a83: Failed appendEntries: org.apache.ratis.thirdparty.io.grpc.StatusRuntimeException: UNAVAILABLE: io exception
2019-08-29 08:14:12,969 [grpc-default-executor-8] INFO  impl.FollowerInfo (FollowerInfo.java:lambda$new$0(50)) - db2abc53-6362-4b3f-b45e-27839c8be9d9->d29b9d15-d66c-42ad-b472-380f28d40a83: nextIndex: updateUnconditionally 0 -> 0
2019-08-29 08:14:13,095 | INFO  | SCMAudit | user=jenkins1000 | ip=192.168.69.111 | op=SEND_HEARTBEAT {datanodeUUID=28014f33-45df-43bf-aab4-c9d4fbf6cd3a, command=[]} | ret=SUCCESS |  
2019-08-29 08:14:13,799 | INFO  | SCMAudit | user=jenkins1000 | ip=192.168.69.111 | op=SEND_HEARTBEAT {datanodeUUID=0a184b28-38b7-485b-be3e-3bc3142c01b2, command=[]} | ret=SUCCESS |  
2019-08-29 08:14:13,799 | INFO  | SCMAudit | user=jenkins1000 | ip=192.168.69.111 | op=SEND_HEARTBEAT {datanodeUUID=885df2e3-7d4b-41eb-82f7-ec9d233e01be, command=[]} | ret=SUCCESS |  
2019-08-29 08:14:13,827 | INFO  | SCMAudit | user=jenkins1000 | ip=192.168.69.111 | op=SEND_HEARTBEAT {datanodeUUID=9528c11a-fb93-4137-9963-bf3b5733d594, command=[]} | ret=SUCCESS |  
2019-08-29 08:14:13,855 [EventQueue-StaleNodeForStaleNodeHandler] INFO  node.StaleNodeHandler (StaleNodeHandler.java:onMessage(58)) - Datanode 50e47a8f-6a67-4a96-b3a3-baa2829f3e12{ip: 192.168.69.111, host: pr-hdds-1569-g9zr9-4145101663, networkLocation: /default-rack, certSerialId: null} moved to stale state. Finalizing its pipelines [PipelineID=5f304ed1-8d9a-4c7b-a813-04c7077352c4, PipelineID=1e2e58a9-5e9a-4d17-b9d6-be6457ae15cc]
2019-08-29 08:14:13,855 [EventQueue-StaleNodeForStaleNodeHandler] INFO  pipeline.SCMPipelineManager (SCMPipelineManager.java:finalizeAndDestroyPipeline(309)) - destroying pipeline:Pipeline[ Id: 5f304ed1-8d9a-4c7b-a813-04c7077352c4, Nodes: 885df2e3-7d4b-41eb-82f7-ec9d233e01be{ip: 192.168.69.111, host: pr-hdds-1569-g9zr9-4145101663, networkLocation: /default-rack, certSerialId: null}50e47a8f-6a67-4a96-b3a3-baa2829f3e12{ip: 192.168.69.111, host: pr-hdds-1569-g9zr9-4145101663, networkLocation: /default-rack, certSerialId: null}0a184b28-38b7-485b-be3e-3bc3142c01b2{ip: 192.168.69.111, host: pr-hdds-1569-g9zr9-4145101663, networkLocation: /default-rack, certSerialId: null}, Type:RATIS, Factor:THREE, State:OPEN]
2019-08-29 08:14:13,855 [EventQueue-StaleNodeForStaleNodeHandler] INFO  pipeline.PipelineStateManager (PipelineStateManager.java:finalizePipeline(123)) - Pipeline Pipeline[ Id: 5f304ed1-8d9a-4c7b-a813-04c7077352c4, Nodes: 885df2e3-7d4b-41eb-82f7-ec9d233e01be{ip: 192.168.69.111, host: pr-hdds-1569-g9zr9-4145101663, networkLocation: /default-rack, certSerialId: null}50e47a8f-6a67-4a96-b3a3-baa2829f3e12{ip: 192.168.69.111, host: pr-hdds-1569-g9zr9-4145101663, networkLocation: /default-rack, certSerialId: null}0a184b28-38b7-485b-be3e-3bc3142c01b2{ip: 192.168.69.111, host: pr-hdds-1569-g9zr9-4145101663, networkLocation: /default-rack, certSerialId: null}, Type:RATIS, Factor:THREE, State:CLOSED] moved to CLOSED state
2019-08-29 08:14:13,856 [EventQueue-CloseContainerForCloseContainerEventHandler] INFO  container.CloseContainerEventHandler (CloseContainerEventHandler.java:onMessage(61)) - Close container Event triggered for container : #2
2019-08-29 08:14:13,856 [EventQueue-StaleNodeForStaleNodeHandler] INFO  pipeline.SCMPipelineManager (SCMPipelineManager.java:finalizeAndDestroyPipeline(309)) - destroying pipeline:Pipeline[ Id: 1e2e58a9-5e9a-4d17-b9d6-be6457ae15cc, Nodes: 50e47a8f-6a67-4a96-b3a3-baa2829f3e12{ip: 192.168.69.111, host: pr-hdds-1569-g9zr9-4145101663, networkLocation: /default-rack, certSerialId: null}, Type:RATIS, Factor:ONE, State:OPEN]
2019-08-29 08:14:13,856 [EventQueue-StaleNodeForStaleNodeHandler] INFO  pipeline.PipelineStateManager (PipelineStateManager.java:finalizePipeline(123)) - Pipeline Pipeline[ Id: 1e2e58a9-5e9a-4d17-b9d6-be6457ae15cc, Nodes: 50e47a8f-6a67-4a96-b3a3-baa2829f3e12{ip: 192.168.69.111, host: pr-hdds-1569-g9zr9-4145101663, networkLocation: /default-rack, certSerialId: null}, Type:RATIS, Factor:ONE, State:CLOSED] moved to CLOSED state
2019-08-29 08:14:13,856 [EventQueue-StaleNodeForStaleNodeHandler] INFO  node.StaleNodeHandler (StaleNodeHandler.java:onMessage(58)) - Datanode db2abc53-6362-4b3f-b45e-27839c8be9d9{ip: 192.168.69.111, host: pr-hdds-1569-g9zr9-4145101663, networkLocation: /default-rack, certSerialId: null} moved to stale state. Finalizing its pipelines [PipelineID=19a6a520-6b19-41f8-90bd-a677ccab334e, PipelineID=15b2e2b0-221b-4216-b4e5-f4061f937cc6]
2019-08-29 08:14:13,856 [EventQueue-StaleNodeForStaleNodeHandler] INFO  pipeline.SCMPipelineManager (SCMPipelineManager.java:finalizeAndDestroyPipeline(309)) - destroying pipeline:Pipeline[ Id: 19a6a520-6b19-41f8-90bd-a677ccab334e, Nodes: db2abc53-6362-4b3f-b45e-27839c8be9d9{ip: 192.168.69.111, host: pr-hdds-1569-g9zr9-4145101663, networkLocation: /default-rack, certSerialId: null}, Type:RATIS, Factor:ONE, State:OPEN]
2019-08-29 08:14:13,856 [EventQueue-StaleNodeForStaleNodeHandler] INFO  pipeline.PipelineStateManager (PipelineStateManager.java:finalizePipeline(123)) - Pipeline Pipeline[ Id: 19a6a520-6b19-41f8-90bd-a677ccab334e, Nodes: db2abc53-6362-4b3f-b45e-27839c8be9d9{ip: 192.168.69.111, host: pr-hdds-1569-g9zr9-4145101663, networkLocation: /default-rack, certSerialId: null}, Type:RATIS, Factor:ONE, State:CLOSED] moved to CLOSED state
2019-08-29 08:14:13,857 [EventQueue-StaleNodeForStaleNodeHandler] INFO  pipeline.SCMPipelineManager (SCMPipelineManager.java:finalizeAndDestroyPipeline(309)) - destroying pipeline:Pipeline[ Id: 15b2e2b0-221b-4216-b4e5-f4061f937cc6, Nodes: d29b9d15-d66c-42ad-b472-380f28d40a83{ip: 192.168.69.111, host: pr-hdds-1569-g9zr9-4145101663, networkLocation: /default-rack, certSerialId: null}9528c11a-fb93-4137-9963-bf3b5733d594{ip: 192.168.69.111, host: pr-hdds-1569-g9zr9-4145101663, networkLocation: /default-rack, certSerialId: null}db2abc53-6362-4b3f-b45e-27839c8be9d9{ip: 192.168.69.111, host: pr-hdds-1569-g9zr9-4145101663, networkLocation: /default-rack, certSerialId: null}, Type:RATIS, Factor:THREE, State:CLOSED]
2019-08-29 08:14:14,095 | INFO  | SCMAudit | user=jenkins1000 | ip=192.168.69.111 | op=SEND_HEARTBEAT {datanodeUUID=28014f33-45df-43bf-aab4-c9d4fbf6cd3a, command=[]} | ret=SUCCESS |  
2019-08-29 08:14:14,277 [main] INFO  ozoneimpl.OzoneContainer (OzoneContainer.java:stop(199)) - Attempting to stop container services.
2019-08-29 08:14:14,277 [ForkJoinPool.commonPool-worker-0] INFO  ozoneimpl.OzoneContainer (OzoneContainer.java:stop(199)) - Attempting to stop container services.
2019-08-29 08:14:14,278 [main] INFO  impl.RaftServerProxy (RaftServerProxy.java:lambda$close$4(314)) - 50e47a8f-6a67-4a96-b3a3-baa2829f3e12: close
2019-08-29 08:14:14,278 [ForkJoinPool.commonPool-worker-0] INFO  impl.RaftServerProxy (RaftServerProxy.java:lambda$close$4(314)) - db2abc53-6362-4b3f-b45e-27839c8be9d9: close
2019-08-29 08:14:14,279 [main] INFO  impl.RaftServerImpl (RaftServerImpl.java:lambda$shutdown$3(245)) - 50e47a8f-6a67-4a96-b3a3-baa2829f3e12: shutdown group-04C7077352C4
2019-08-29 08:14:14,279 [ForkJoinPool.commonPool-worker-0] INFO  impl.RaftServerImpl (RaftServerImpl.java:lambda$shutdown$3(245)) - db2abc53-6362-4b3f-b45e-27839c8be9d9: shutdown group-A677CCAB334E
2019-08-29 08:14:14,279 [main] INFO  util.JmxRegister (JmxRegister.java:unregister(73)) - Successfully un-registered JMX Bean with object name Ratis:service=RaftServer,group=group-04C7077352C4,id=50e47a8f-6a67-4a96-b3a3-baa2829f3e12
2019-08-29 08:14:14,280 [ForkJoinPool.commonPool-worker-0] INFO  util.JmxRegister (JmxRegister.java:unregister(73)) - Successfully un-registered JMX Bean with object name Ratis:service=RaftServer,group=group-A677CCAB334E,id=db2abc53-6362-4b3f-b45e-27839c8be9d9
2019-08-29 08:14:14,280 [main] INFO  impl.RoleInfo (RoleInfo.java:shutdownFollowerState(121)) - 50e47a8f-6a67-4a96-b3a3-baa2829f3e12: shutdown FollowerState
2019-08-29 08:14:14,280 [ForkJoinPool.commonPool-worker-0] INFO  impl.RoleInfo (RoleInfo.java:shutdownLeaderState(104)) - db2abc53-6362-4b3f-b45e-27839c8be9d9: shutdown LeaderState
2019-08-29 08:14:14,281 [StateMachineUpdater:50e47a8f-6a67-4a96-b3a3-baa2829f3e12:group-04C7077352C4] INFO  ratis.ContainerStateMachine (ContainerStateMachine.java:takeSnapshot(283)) - group-04C7077352C4: Taking a snapshot at:(t:1, i:13) file /workdir/hadoop-ozone/integration-test/target/test-dir/MiniOzoneClusterImpl-8a7297db-6aa6-4f06-8934-9a0bed7f2088/datanode-4/data/ratis/5f304ed1-8d9a-4c7b-a813-04c7077352c4/sm/snapshot.1_13
2019-08-29 08:14:14,281 [main] INFO  impl.StateMachineUpdater (StateMachineUpdater.java:stopAndJoin(115)) - StateMachineUpdater:50e47a8f-6a67-4a96-b3a3-baa2829f3e12:group-04C7077352C4: set stopIndex = 15
2019-08-29 08:14:14,281 [ForkJoinPool.commonPool-worker-0] INFO  impl.PendingRequests (PendingRequests.java:sendNotLeaderResponses(202)) - db2abc53-6362-4b3f-b45e-27839c8be9d9-PendingRequests: sendNotLeaderResponses
2019-08-29 08:14:14,282 [Thread-3651] INFO  impl.FollowerState (FollowerState.java:run(114)) - 50e47a8f-6a67-4a96-b3a3-baa2829f3e12: FollowerState was interrupted: java.lang.InterruptedException: sleep interrupted
2019-08-29 08:14:14,282 [ForkJoinPool.commonPool-worker-0] INFO  impl.StateMachineUpdater (StateMachineUpdater.java:stopAndJoin(115)) - StateMachineUpdater:db2abc53-6362-4b3f-b45e-27839c8be9d9:group-A677CCAB334E: set stopIndex = 0
2019-08-29 08:14:14,283 [ForkJoinPool.commonPool-worker-0] INFO  impl.RaftServerImpl (ServerState.java:close(394)) - db2abc53-6362-4b3f-b45e-27839c8be9d9:group-A677CCAB334E closes. The last applied log index is 0
2019-08-29 08:14:14,284 [db2abc53-6362-4b3f-b45e-27839c8be9d9-SegmentedRaftLogWorker:Storage Directory /workdir/hadoop-ozone/integration-test/target/test-dir/MiniOzoneClusterImpl-8a7297db-6aa6-4f06-8934-9a0bed7f2088/datanode-1/data/ratis/19a6a520-6b19-41f8-90bd-a677ccab334e] INFO  segmented.SegmentedRaftLogWorker (SegmentedRaftLogWorker.java:run(313)) - db2abc53-6362-4b3f-b45e-27839c8be9d9-SegmentedRaftLogWorker:Storage Directory /workdir/hadoop-ozone/integration-test/target/test-dir/MiniOzoneClusterImpl-8a7297db-6aa6-4f06-8934-9a0bed7f2088/datanode-1/data/ratis/19a6a520-6b19-41f8-90bd-a677ccab334e was interrupted, exiting. There are 0 tasks remaining in the queue.
2019-08-29 08:14:14,288 [ForkJoinPool.commonPool-worker-0] INFO  segmented.SegmentedRaftLogWorker (SegmentedRaftLogWorker.java:close(228)) - db2abc53-6362-4b3f-b45e-27839c8be9d9-SegmentedRaftLogWorker:Storage Directory /workdir/hadoop-ozone/integration-test/target/test-dir/MiniOzoneClusterImpl-8a7297db-6aa6-4f06-8934-9a0bed7f2088/datanode-1/data/ratis/19a6a520-6b19-41f8-90bd-a677ccab334e close()
2019-08-29 08:14:14,293 [ForkJoinPool.commonPool-worker-0] INFO  impl.RaftServerImpl (RaftServerImpl.java:lambda$shutdown$3(245)) - db2abc53-6362-4b3f-b45e-27839c8be9d9: shutdown group-F4061F937CC6
2019-08-29 08:14:14,293 [ForkJoinPool.commonPool-worker-0] INFO  util.JmxRegister (JmxRegister.java:unregister(73)) - Successfully un-registered JMX Bean with object name Ratis:service=RaftServer,group=group-F4061F937CC6,id=db2abc53-6362-4b3f-b45e-27839c8be9d9
2019-08-29 08:14:14,294 [ForkJoinPool.commonPool-worker-0] INFO  impl.RoleInfo (RoleInfo.java:shutdownLeaderState(104)) - db2abc53-6362-4b3f-b45e-27839c8be9d9: shutdown LeaderState
2019-08-29 08:14:14,297 [org.apache.ratis.server.impl.LogAppender$AppenderDaemon$$Lambda$482/1869465170@2dbadc67] WARN  server.GrpcLogAppender (GrpcLogAppender.java:mayWait(143)) - GrpcLogAppender(db2abc53-6362-4b3f-b45e-27839c8be9d9->d29b9d15-d66c-42ad-b472-380f28d40a83): Wait interrupted by java.lang.InterruptedException
2019-08-29 08:14:14,297 [ForkJoinPool.commonPool-worker-0] INFO  impl.PendingRequests (PendingRequests.java:sendNotLeaderResponses(202)) - db2abc53-6362-4b3f-b45e-27839c8be9d9-PendingRequests: sendNotLeaderResponses
2019-08-29 08:14:14,298 [org.apache.ratis.server.impl.LogAppender$AppenderDaemon$$Lambda$482/1869465170@417cf1e7] WARN  server.GrpcLogAppender (GrpcLogAppender.java:mayWait(143)) - GrpcLogAppender(db2abc53-6362-4b3f-b45e-27839c8be9d9->9528c11a-fb93-4137-9963-bf3b5733d594): Wait interrupted by java.lang.InterruptedException
2019-08-29 08:14:14,300 [ForkJoinPool.commonPool-worker-0] INFO  impl.StateMachineUpdater (StateMachineUpdater.java:stopAndJoin(115)) - StateMachineUpdater:db2abc53-6362-4b3f-b45e-27839c8be9d9:group-F4061F937CC6: set stopIndex = 17
2019-08-29 08:14:14,301 [StateMachineUpdater:db2abc53-6362-4b3f-b45e-27839c8be9d9:group-F4061F937CC6] INFO  ratis.ContainerStateMachine (ContainerStateMachine.java:takeSnapshot(283)) - group-F4061F937CC6: Taking a snapshot at:(t:1, i:13) file /workdir/hadoop-ozone/integration-test/target/test-dir/MiniOzoneClusterImpl-8a7297db-6aa6-4f06-8934-9a0bed7f2088/datanode-1/data/ratis/15b2e2b0-221b-4216-b4e5-f4061f937cc6/sm/snapshot.1_13
2019-08-29 08:14:14,301 [grpc-default-executor-8] INFO  server.GrpcServerProtocolService (GrpcServerProtocolService.java:onCompleted(104)) - 9528c11a-fb93-4137-9963-bf3b5733d594: appendEntries completed
2019-08-29 08:14:14,302 [grpc-default-executor-8] INFO  server.GrpcLogAppender (GrpcLogAppender.java:onCompleted(292)) - db2abc53-6362-4b3f-b45e-27839c8be9d9->9528c11a-fb93-4137-9963-bf3b5733d594: follower responses appendEntries COMPLETED
2019-08-29 08:14:14,302 [grpc-default-executor-8] INFO  impl.FollowerInfo (FollowerInfo.java:lambda$new$0(50)) - db2abc53-6362-4b3f-b45e-27839c8be9d9->9528c11a-fb93-4137-9963-bf3b5733d594: nextIndex: updateUnconditionally 18 -> 17
2019-08-29 08:14:14,306 [StateMachineUpdater:50e47a8f-6a67-4a96-b3a3-baa2829f3e12:group-04C7077352C4] INFO  ratis.ContainerStateMachine (ContainerStateMachine.java:takeSnapshot(294)) - group-04C7077352C4: Finished taking a snapshot at:(t:1, i:13) file:/workdir/hadoop-ozone/integration-test/target/test-dir/MiniOzoneClusterImpl-8a7297db-6aa6-4f06-8934-9a0bed7f2088/datanode-4/data/ratis/5f304ed1-8d9a-4c7b-a813-04c7077352c4/sm/snapshot.1_13 time:26
2019-08-29 08:14:14,307 [StateMachineUpdater:50e47a8f-6a67-4a96-b3a3-baa2829f3e12:group-04C7077352C4] INFO  impl.StateMachineUpdater (StateMachineUpdater.java:takeSnapshot(242)) - StateMachineUpdater:50e47a8f-6a67-4a96-b3a3-baa2829f3e12:group-04C7077352C4: Took a snapshot at index 13
2019-08-29 08:14:14,307 [StateMachineUpdater:50e47a8f-6a67-4a96-b3a3-baa2829f3e12:group-04C7077352C4] INFO  impl.StateMachineUpdater (StateMachineUpdater.java:lambda$new$0(80)) - StateMachineUpdater:50e47a8f-6a67-4a96-b3a3-baa2829f3e12:group-04C7077352C4: snapshotIndex: updateIncreasingly -1 -> 13
2019-08-29 08:14:14,307 [main] INFO  impl.RaftServerImpl (ServerState.java:close(394)) - 50e47a8f-6a67-4a96-b3a3-baa2829f3e12:group-04C7077352C4 closes. The last applied log index is 15
2019-08-29 08:14:14,308 [50e47a8f-6a67-4a96-b3a3-baa2829f3e12-SegmentedRaftLogWorker:Storage Directory /workdir/hadoop-ozone/integration-test/target/test-dir/MiniOzoneClusterImpl-8a7297db-6aa6-4f06-8934-9a0bed7f2088/datanode-4/data/ratis/5f304ed1-8d9a-4c7b-a813-04c7077352c4] INFO  segmented.SegmentedRaftLogWorker (SegmentedRaftLogWorker.java:run(313)) - 50e47a8f-6a67-4a96-b3a3-baa2829f3e12-SegmentedRaftLogWorker:Storage Directory /workdir/hadoop-ozone/integration-test/target/test-dir/MiniOzoneClusterImpl-8a7297db-6aa6-4f06-8934-9a0bed7f2088/datanode-4/data/ratis/5f304ed1-8d9a-4c7b-a813-04c7077352c4 was interrupted, exiting. There are 0 tasks remaining in the queue.
2019-08-29 08:14:14,309 [main] INFO  segmented.SegmentedRaftLogWorker (SegmentedRaftLogWorker.java:close(228)) - 50e47a8f-6a67-4a96-b3a3-baa2829f3e12-SegmentedRaftLogWorker:Storage Directory /workdir/hadoop-ozone/integration-test/target/test-dir/MiniOzoneClusterImpl-8a7297db-6aa6-4f06-8934-9a0bed7f2088/datanode-4/data/ratis/5f304ed1-8d9a-4c7b-a813-04c7077352c4 close()
2019-08-29 08:14:14,313 [main] INFO  impl.RaftServerImpl (RaftServerImpl.java:lambda$shutdown$3(245)) - 50e47a8f-6a67-4a96-b3a3-baa2829f3e12: shutdown group-BE6457AE15CC
2019-08-29 08:14:14,313 [main] INFO  util.JmxRegister (JmxRegister.java:unregister(73)) - Successfully un-registered JMX Bean with object name Ratis:service=RaftServer,group=group-BE6457AE15CC,id=50e47a8f-6a67-4a96-b3a3-baa2829f3e12
2019-08-29 08:14:14,314 [main] INFO  impl.RoleInfo (RoleInfo.java:shutdownLeaderState(104)) - 50e47a8f-6a67-4a96-b3a3-baa2829f3e12: shutdown LeaderState
2019-08-29 08:14:14,314 [main] INFO  impl.PendingRequests (PendingRequests.java:sendNotLeaderResponses(202)) - 50e47a8f-6a67-4a96-b3a3-baa2829f3e12-PendingRequests: sendNotLeaderResponses
2019-08-29 08:14:14,315 [main] INFO  impl.StateMachineUpdater (StateMachineUpdater.java:stopAndJoin(115)) - StateMachineUpdater:50e47a8f-6a67-4a96-b3a3-baa2829f3e12:group-BE6457AE15CC: set stopIndex = 0
2019-08-29 08:14:14,315 [main] INFO  impl.RaftServerImpl (ServerState.java:close(394)) - 50e47a8f-6a67-4a96-b3a3-baa2829f3e12:group-BE6457AE15CC closes. The last applied log index is 0
2019-08-29 08:14:14,315 [50e47a8f-6a67-4a96-b3a3-baa2829f3e12-SegmentedRaftLogWorker:Storage Directory /workdir/hadoop-ozone/integration-test/target/test-dir/MiniOzoneClusterImpl-8a7297db-6aa6-4f06-8934-9a0bed7f2088/datanode-4/data/ratis/1e2e58a9-5e9a-4d17-b9d6-be6457ae15cc] INFO  segmented.SegmentedRaftLogWorker (SegmentedRaftLogWorker.java:run(313)) - 50e47a8f-6a67-4a96-b3a3-baa2829f3e12-SegmentedRaftLogWorker:Storage Directory /workdir/hadoop-ozone/integration-test/target/test-dir/MiniOzoneClusterImpl-8a7297db-6aa6-4f06-8934-9a0bed7f2088/datanode-4/data/ratis/1e2e58a9-5e9a-4d17-b9d6-be6457ae15cc was interrupted, exiting. There are 0 tasks remaining in the queue.
2019-08-29 08:14:14,317 [main] INFO  segmented.SegmentedRaftLogWorker (SegmentedRaftLogWorker.java:close(228)) - 50e47a8f-6a67-4a96-b3a3-baa2829f3e12-SegmentedRaftLogWorker:Storage Directory /workdir/hadoop-ozone/integration-test/target/test-dir/MiniOzoneClusterImpl-8a7297db-6aa6-4f06-8934-9a0bed7f2088/datanode-4/data/ratis/1e2e58a9-5e9a-4d17-b9d6-be6457ae15cc close()
2019-08-29 08:14:14,321 [main] INFO  server.GrpcService (GrpcService.java:closeImpl(155)) - 50e47a8f-6a67-4a96-b3a3-baa2829f3e12: shutdown server with port 41454 now
2019-08-29 08:14:14,322 [grpc-default-executor-7] WARN  server.GrpcServerProtocolService (LogUtils.java:warn(134)) - 50e47a8f-6a67-4a96-b3a3-baa2829f3e12: appendEntries onError: org.apache.ratis.thirdparty.io.grpc.StatusRuntimeException: CANCELLED: cancelled before receiving half close
2019-08-29 08:14:14,322 [main] INFO  server.GrpcService (GrpcService.java:closeImpl(163)) - 50e47a8f-6a67-4a96-b3a3-baa2829f3e12: shutdown server with port 41454 successfully
2019-08-29 08:14:14,322 [grpc-default-executor-4] WARN  server.GrpcLogAppender (LogUtils.java:warn(134)) - 885df2e3-7d4b-41eb-82f7-ec9d233e01be->50e47a8f-6a67-4a96-b3a3-baa2829f3e12: Failed appendEntries: org.apache.ratis.thirdparty.io.grpc.StatusRuntimeException: CANCELLED: HTTP/2 error code: CANCEL
Received Rst Stream
2019-08-29 08:14:14,322 [grpc-default-executor-4] INFO  impl.FollowerInfo (FollowerInfo.java:lambda$new$0(50)) - 885df2e3-7d4b-41eb-82f7-ec9d233e01be->50e47a8f-6a67-4a96-b3a3-baa2829f3e12: nextIndex: updateUnconditionally 16 -> 15
2019-08-29 08:14:14,323 [main] INFO  utils.BackgroundService (BackgroundService.java:shutdown(148)) - Shutting down service BlockDeletingService
2019-08-29 08:14:14,333 [refreshUsed-/workdir/hadoop-ozone/integration-test/target/test-dir/MiniOzoneClusterImpl-8a7297db-6aa6-4f06-8934-9a0bed7f2088/datanode-4/data/containers] WARN  fs.CachingGetSpaceUsed (CachingGetSpaceUsed.java:run(183)) - Thread Interrupted waiting to refresh disk information: sleep interrupted
2019-08-29 08:14:14,333 [StateMachineUpdater:db2abc53-6362-4b3f-b45e-27839c8be9d9:group-F4061F937CC6] INFO  ratis.ContainerStateMachine (ContainerStateMachine.java:takeSnapshot(294)) - group-F4061F937CC6: Finished taking a snapshot at:(t:1, i:13) file:/workdir/hadoop-ozone/integration-test/target/test-dir/MiniOzoneClusterImpl-8a7297db-6aa6-4f06-8934-9a0bed7f2088/datanode-1/data/ratis/15b2e2b0-221b-4216-b4e5-f4061f937cc6/sm/snapshot.1_13 time:33
2019-08-29 08:14:14,333 [StateMachineUpdater:db2abc53-6362-4b3f-b45e-27839c8be9d9:group-F4061F937CC6] INFO  impl.StateMachineUpdater (StateMachineUpdater.java:takeSnapshot(242)) - StateMachineUpdater:db2abc53-6362-4b3f-b45e-27839c8be9d9:group-F4061F937CC6: Took a snapshot at index 13
2019-08-29 08:14:14,333 [StateMachineUpdater:db2abc53-6362-4b3f-b45e-27839c8be9d9:group-F4061F937CC6] INFO  impl.StateMachineUpdater (StateMachineUpdater.java:lambda$new$0(80)) - StateMachineUpdater:db2abc53-6362-4b3f-b45e-27839c8be9d9:group-F4061F937CC6: snapshotIndex: updateIncreasingly -1 -> 13
2019-08-29 08:14:14,334 [ForkJoinPool.commonPool-worker-0] INFO  impl.RaftServerImpl (ServerState.java:close(394)) - db2abc53-6362-4b3f-b45e-27839c8be9d9:group-F4061F937CC6 closes. The last applied log index is 17
2019-08-29 08:14:14,334 [db2abc53-6362-4b3f-b45e-27839c8be9d9-SegmentedRaftLogWorker:Storage Directory /workdir/hadoop-ozone/integration-test/target/test-dir/MiniOzoneClusterImpl-8a7297db-6aa6-4f06-8934-9a0bed7f2088/datanode-1/data/ratis/15b2e2b0-221b-4216-b4e5-f4061f937cc6] INFO  segmented.SegmentedRaftLogWorker (SegmentedRaftLogWorker.java:run(313)) - db2abc53-6362-4b3f-b45e-27839c8be9d9-SegmentedRaftLogWorker:Storage Directory /workdir/hadoop-ozone/integration-test/target/test-dir/MiniOzoneClusterImpl-8a7297db-6aa6-4f06-8934-9a0bed7f2088/datanode-1/data/ratis/15b2e2b0-221b-4216-b4e5-f4061f937cc6 was interrupted, exiting. There are 0 tasks remaining in the queue.
2019-08-29 08:14:14,336 [ForkJoinPool.commonPool-worker-0] INFO  segmented.SegmentedRaftLogWorker (SegmentedRaftLogWorker.java:close(228)) - db2abc53-6362-4b3f-b45e-27839c8be9d9-SegmentedRaftLogWorker:Storage Directory /workdir/hadoop-ozone/integration-test/target/test-dir/MiniOzoneClusterImpl-8a7297db-6aa6-4f06-8934-9a0bed7f2088/datanode-1/data/ratis/15b2e2b0-221b-4216-b4e5-f4061f937cc6 close()
2019-08-29 08:14:14,339 [ForkJoinPool.commonPool-worker-0] INFO  server.GrpcService (GrpcService.java:closeImpl(155)) - db2abc53-6362-4b3f-b45e-27839c8be9d9: shutdown server with port 36711 now
2019-08-29 08:14:14,340 [ForkJoinPool.commonPool-worker-0] INFO  server.GrpcService (GrpcService.java:closeImpl(163)) - db2abc53-6362-4b3f-b45e-27839c8be9d9: shutdown server with port 36711 successfully
2019-08-29 08:14:14,341 [ForkJoinPool.commonPool-worker-0] INFO  utils.BackgroundService (BackgroundService.java:shutdown(148)) - Shutting down service BlockDeletingService
2019-08-29 08:14:14,342 [refreshUsed-/workdir/hadoop-ozone/integration-test/target/test-dir/MiniOzoneClusterImpl-8a7297db-6aa6-4f06-8934-9a0bed7f2088/datanode-1/data/containers] WARN  fs.CachingGetSpaceUsed (CachingGetSpaceUsed.java:run(183)) - Thread Interrupted waiting to refresh disk information: sleep interrupted
2019-08-29 08:14:14,358 [main] INFO  statemachine.DatanodeStateMachine (DatanodeStateMachine.java:stopDaemon(395)) - Ozone container server stopped.
2019-08-29 08:14:14,359 [main] INFO  handler.ContextHandler (ContextHandler.java:doStop(910)) - Stopped o.e.j.w.WebAppContext@3d7d920b{/,null,UNAVAILABLE}{/hddsDatanode}
2019-08-29 08:14:14,359 [main] INFO  server.AbstractConnector (AbstractConnector.java:doStop(318)) - Stopped ServerConnector@628190ec{HTTP/1.1,[http/1.1]}{0.0.0.0:0}
2019-08-29 08:14:14,360 [main] INFO  handler.ContextHandler (ContextHandler.java:doStop(910)) - Stopped o.e.j.s.ServletContextHandler@30f0b75{/static,jar:file:/home/user/.m2/repository/org/apache/hadoop/hadoop-hdds-container-service/0.5.0-SNAPSHOT/hadoop-hdds-container-service-0.5.0-SNAPSHOT.jar!/webapps/static,UNAVAILABLE}
2019-08-29 08:14:14,364 [ForkJoinPool.commonPool-worker-0] INFO  statemachine.DatanodeStateMachine (DatanodeStateMachine.java:stopDaemon(395)) - Ozone container server stopped.
2019-08-29 08:14:14,364 [main] INFO  handler.ContextHandler (ContextHandler.java:doStop(910)) - Stopped o.e.j.s.ServletContextHandler@6789b471{/logs,file:///workdir/hadoop-ozone/integration-test/target/log,UNAVAILABLE}
2019-08-29 08:14:14,368 [ForkJoinPool.commonPool-worker-0] INFO  handler.ContextHandler (ContextHandler.java:doStop(910)) - Stopped o.e.j.w.WebAppContext@29f72685{/,null,UNAVAILABLE}{/hddsDatanode}
2019-08-29 08:14:14,368 [main] INFO  datanode.ObjectStoreHandler (ObjectStoreHandler.java:close(155)) - Closing ObjectStoreHandler.
2019-08-29 08:14:14,369 [ForkJoinPool.commonPool-worker-0] INFO  server.AbstractConnector (AbstractConnector.java:doStop(318)) - Stopped ServerConnector@4f8488ef{HTTP/1.1,[http/1.1]}{0.0.0.0:0}
2019-08-29 08:14:14,370 [ForkJoinPool.commonPool-worker-0] INFO  handler.ContextHandler (ContextHandler.java:doStop(910)) - Stopped o.e.j.s.ServletContextHandler@106e6dfe{/static,jar:file:/home/user/.m2/repository/org/apache/hadoop/hadoop-hdds-container-service/0.5.0-SNAPSHOT/hadoop-hdds-container-service-0.5.0-SNAPSHOT.jar!/webapps/static,UNAVAILABLE}
2019-08-29 08:14:14,370 [main] INFO  ozone.HddsDatanodeService (HddsDatanodeService.java:stop(451)) - Stopped plug-in org.apache.hadoop.ozone.web.OzoneHddsDatanodeService@29471e3e
2019-08-29 08:14:14,372 [ForkJoinPool.commonPool-worker-0] INFO  handler.ContextHandler (ContextHandler.java:doStop(910)) - Stopped o.e.j.s.ServletContextHandler@14d7a962{/logs,file:///workdir/hadoop-ozone/integration-test/target/log,UNAVAILABLE}
2019-08-29 08:14:14,372 [ForkJoinPool.commonPool-worker-0] INFO  datanode.ObjectStoreHandler (ObjectStoreHandler.java:close(155)) - Closing ObjectStoreHandler.
2019-08-29 08:14:14,372 [ForkJoinPool.commonPool-worker-0] INFO  ozone.HddsDatanodeService (HddsDatanodeService.java:stop(451)) - Stopped plug-in org.apache.hadoop.ozone.web.OzoneHddsDatanodeService@58b03882
2019-08-29 08:14:14,800 | INFO  | SCMAudit | user=jenkins1000 | ip=192.168.69.111 | op=SEND_HEARTBEAT {datanodeUUID=0a184b28-38b7-485b-be3e-3bc3142c01b2, command=[commandType: closeContainerCommand closeContainerCommandProto { containerID: 2 pipelineID { id: "5f304ed1-8d9a-4c7b-a813-04c7077352c4" } cmdId: 2 force: false } ]} | ret=SUCCESS |  
2019-08-29 08:14:14,800 [Datanode State Machine Thread - 0] INFO  statemachine.DatanodeStateMachine (DatanodeStateMachine.java:lambda$startDaemon$0(350)) - Ozone container server started.
2019-08-29 08:14:14,827 [Datanode State Machine Thread - 0] INFO  statemachine.DatanodeStateMachine (DatanodeStateMachine.java:lambda$startDaemon$0(350)) - Ozone container server started.
2019-08-29 08:14:15,095 | INFO  | SCMAudit | user=jenkins1000 | ip=192.168.69.111 | op=SEND_HEARTBEAT {datanodeUUID=28014f33-45df-43bf-aab4-c9d4fbf6cd3a, command=[]} | ret=SUCCESS |  
2019-08-29 08:14:15,799 | INFO  | SCMAudit | user=jenkins1000 | ip=192.168.69.111 | op=SEND_HEARTBEAT {datanodeUUID=0a184b28-38b7-485b-be3e-3bc3142c01b2, command=[]} | ret=SUCCESS |  
2019-08-29 08:14:16,095 | INFO  | SCMAudit | user=jenkins1000 | ip=192.168.69.111 | op=SEND_HEARTBEAT {datanodeUUID=28014f33-45df-43bf-aab4-c9d4fbf6cd3a, command=[]} | ret=SUCCESS |  
2019-08-29 08:14:16,735 [grpc-default-executor-4] WARN  server.GrpcLogAppender (LogUtils.java:warn(134)) - 885df2e3-7d4b-41eb-82f7-ec9d233e01be->50e47a8f-6a67-4a96-b3a3-baa2829f3e12: Failed appendEntries: org.apache.ratis.thirdparty.io.grpc.StatusRuntimeException: UNAVAILABLE: io exception
2019-08-29 08:14:16,735 [grpc-default-executor-4] INFO  impl.FollowerInfo (FollowerInfo.java:lambda$new$0(50)) - 885df2e3-7d4b-41eb-82f7-ec9d233e01be->50e47a8f-6a67-4a96-b3a3-baa2829f3e12: nextIndex: updateUnconditionally 15 -> 14
2019-08-29 08:14:16,799 | INFO  | SCMAudit | user=jenkins1000 | ip=192.168.69.111 | op=SEND_HEARTBEAT {datanodeUUID=0a184b28-38b7-485b-be3e-3bc3142c01b2, command=[]} | ret=SUCCESS |  
2019-08-29 08:14:16,829 | INFO  | SCMAudit | user=jenkins1000 | ip=192.168.69.111 | op=SEND_HEARTBEAT {datanodeUUID=0a184b28-38b7-485b-be3e-3bc3142c01b2, command=[]} | ret=SUCCESS |  
2019-08-29 08:14:17,095 | INFO  | SCMAudit | user=jenkins1000 | ip=192.168.69.111 | op=SEND_HEARTBEAT {datanodeUUID=28014f33-45df-43bf-aab4-c9d4fbf6cd3a, command=[]} | ret=SUCCESS |  
2019-08-29 08:14:17,829 | INFO  | SCMAudit | user=jenkins1000 | ip=192.168.69.111 | op=SEND_HEARTBEAT {datanodeUUID=0a184b28-38b7-485b-be3e-3bc3142c01b2, command=[]} | ret=SUCCESS |  
2019-08-29 08:14:18,095 | INFO  | SCMAudit | user=jenkins1000 | ip=192.168.69.111 | op=SEND_HEARTBEAT {datanodeUUID=28014f33-45df-43bf-aab4-c9d4fbf6cd3a, command=[]} | ret=SUCCESS |  
2019-08-29 08:14:18,829 | INFO  | SCMAudit | user=jenkins1000 | ip=192.168.69.111 | op=SEND_HEARTBEAT {datanodeUUID=0a184b28-38b7-485b-be3e-3bc3142c01b2, command=[]} | ret=SUCCESS |  
2019-08-29 08:14:18,861 [EventQueue-StaleNodeForStaleNodeHandler] INFO  node.StaleNodeHandler (StaleNodeHandler.java:onMessage(58)) - Datanode 885df2e3-7d4b-41eb-82f7-ec9d233e01be{ip: 192.168.69.111, host: pr-hdds-1569-g9zr9-4145101663, networkLocation: /default-rack, certSerialId: null} moved to stale state. Finalizing its pipelines [PipelineID=95023631-8daf-415c-a2c4-389f32d4f73d, PipelineID=5f304ed1-8d9a-4c7b-a813-04c7077352c4]
2019-08-29 08:14:18,861 [EventQueue-StaleNodeForStaleNodeHandler] INFO  pipeline.SCMPipelineManager (SCMPipelineManager.java:finalizeAndDestroyPipeline(309)) - destroying pipeline:Pipeline[ Id: 95023631-8daf-415c-a2c4-389f32d4f73d, Nodes: 885df2e3-7d4b-41eb-82f7-ec9d233e01be{ip: 192.168.69.111, host: pr-hdds-1569-g9zr9-4145101663, networkLocation: /default-rack, certSerialId: null}, Type:RATIS, Factor:ONE, State:OPEN]
2019-08-29 08:14:18,861 [EventQueue-StaleNodeForStaleNodeHandler] INFO  pipeline.PipelineStateManager (PipelineStateManager.java:finalizePipeline(123)) - Pipeline Pipeline[ Id: 95023631-8daf-415c-a2c4-389f32d4f73d, Nodes: 885df2e3-7d4b-41eb-82f7-ec9d233e01be{ip: 192.168.69.111, host: pr-hdds-1569-g9zr9-4145101663, networkLocation: /default-rack, certSerialId: null}, Type:RATIS, Factor:ONE, State:CLOSED] moved to CLOSED state
2019-08-29 08:14:18,862 [EventQueue-StaleNodeForStaleNodeHandler] INFO  pipeline.SCMPipelineManager (SCMPipelineManager.java:finalizeAndDestroyPipeline(309)) - destroying pipeline:Pipeline[ Id: 5f304ed1-8d9a-4c7b-a813-04c7077352c4, Nodes: 885df2e3-7d4b-41eb-82f7-ec9d233e01be{ip: 192.168.69.111, host: pr-hdds-1569-g9zr9-4145101663, networkLocation: /default-rack, certSerialId: null}50e47a8f-6a67-4a96-b3a3-baa2829f3e12{ip: 192.168.69.111, host: pr-hdds-1569-g9zr9-4145101663, networkLocation: /default-rack, certSerialId: null}0a184b28-38b7-485b-be3e-3bc3142c01b2{ip: 192.168.69.111, host: pr-hdds-1569-g9zr9-4145101663, networkLocation: /default-rack, certSerialId: null}, Type:RATIS, Factor:THREE, State:CLOSED]
2019-08-29 08:14:18,862 [EventQueue-StaleNodeForStaleNodeHandler] INFO  node.StaleNodeHandler (StaleNodeHandler.java:onMessage(58)) - Datanode 9528c11a-fb93-4137-9963-bf3b5733d594{ip: 192.168.69.111, host: pr-hdds-1569-g9zr9-4145101663, networkLocation: /default-rack, certSerialId: null} moved to stale state. Finalizing its pipelines [PipelineID=5af8efc3-4566-4dda-80f5-e9ce868d3628, PipelineID=15b2e2b0-221b-4216-b4e5-f4061f937cc6]
2019-08-29 08:14:18,862 [EventQueue-StaleNodeForStaleNodeHandler] INFO  pipeline.SCMPipelineManager (SCMPipelineManager.java:finalizeAndDestroyPipeline(309)) - destroying pipeline:Pipeline[ Id: 5af8efc3-4566-4dda-80f5-e9ce868d3628, Nodes: 9528c11a-fb93-4137-9963-bf3b5733d594{ip: 192.168.69.111, host: pr-hdds-1569-g9zr9-4145101663, networkLocation: /default-rack, certSerialId: null}, Type:RATIS, Factor:ONE, State:OPEN]
2019-08-29 08:14:18,862 [EventQueue-StaleNodeForStaleNodeHandler] INFO  pipeline.PipelineStateManager (PipelineStateManager.java:finalizePipeline(123)) - Pipeline Pipeline[ Id: 5af8efc3-4566-4dda-80f5-e9ce868d3628, Nodes: 9528c11a-fb93-4137-9963-bf3b5733d594{ip: 192.168.69.111, host: pr-hdds-1569-g9zr9-4145101663, networkLocation: /default-rack, certSerialId: null}, Type:RATIS, Factor:ONE, State:CLOSED] moved to CLOSED state
2019-08-29 08:14:18,862 [EventQueue-StaleNodeForStaleNodeHandler] INFO  pipeline.SCMPipelineManager (SCMPipelineManager.java:finalizeAndDestroyPipeline(309)) - destroying pipeline:Pipeline[ Id: 15b2e2b0-221b-4216-b4e5-f4061f937cc6, Nodes: d29b9d15-d66c-42ad-b472-380f28d40a83{ip: 192.168.69.111, host: pr-hdds-1569-g9zr9-4145101663, networkLocation: /default-rack, certSerialId: null}9528c11a-fb93-4137-9963-bf3b5733d594{ip: 192.168.69.111, host: pr-hdds-1569-g9zr9-4145101663, networkLocation: /default-rack, certSerialId: null}db2abc53-6362-4b3f-b45e-27839c8be9d9{ip: 192.168.69.111, host: pr-hdds-1569-g9zr9-4145101663, networkLocation: /default-rack, certSerialId: null}, Type:RATIS, Factor:THREE, State:CLOSED]
2019-08-29 08:14:19,096 | INFO  | SCMAudit | user=jenkins1000 | ip=192.168.69.111 | op=SEND_HEARTBEAT {datanodeUUID=28014f33-45df-43bf-aab4-c9d4fbf6cd3a, command=[]} | ret=SUCCESS |  
2019-08-29 08:14:19,236 [grpc-default-executor-4] WARN  server.GrpcLogAppender (LogUtils.java:warn(134)) - 885df2e3-7d4b-41eb-82f7-ec9d233e01be->50e47a8f-6a67-4a96-b3a3-baa2829f3e12: Failed appendEntries: org.apache.ratis.thirdparty.io.grpc.StatusRuntimeException: UNAVAILABLE: io exception
2019-08-29 08:14:19,237 [grpc-default-executor-4] INFO  impl.FollowerInfo (FollowerInfo.java:lambda$new$0(50)) - 885df2e3-7d4b-41eb-82f7-ec9d233e01be->50e47a8f-6a67-4a96-b3a3-baa2829f3e12: nextIndex: updateUnconditionally 14 -> 13
2019-08-29 08:14:19,372 [main] INFO  ozoneimpl.OzoneContainer (OzoneContainer.java:stop(199)) - Attempting to stop container services.
2019-08-29 08:14:19,373 [main] INFO  impl.RaftServerProxy (RaftServerProxy.java:lambda$close$4(314)) - 885df2e3-7d4b-41eb-82f7-ec9d233e01be: close
2019-08-29 08:14:19,373 [ForkJoinPool.commonPool-worker-0] INFO  ozoneimpl.OzoneContainer (OzoneContainer.java:stop(199)) - Attempting to stop container services.
2019-08-29 08:14:19,373 [main] INFO  impl.RaftServerImpl (RaftServerImpl.java:lambda$shutdown$3(245)) - 885df2e3-7d4b-41eb-82f7-ec9d233e01be: shutdown group-389F32D4F73D
2019-08-29 08:14:19,374 [ForkJoinPool.commonPool-worker-0] INFO  impl.RaftServerProxy (RaftServerProxy.java:lambda$close$4(314)) - 9528c11a-fb93-4137-9963-bf3b5733d594: close
2019-08-29 08:14:19,374 [main] INFO  util.JmxRegister (JmxRegister.java:unregister(73)) - Successfully un-registered JMX Bean with object name Ratis:service=RaftServer,group=group-389F32D4F73D,id=885df2e3-7d4b-41eb-82f7-ec9d233e01be
2019-08-29 08:14:19,374 [ForkJoinPool.commonPool-worker-0] INFO  impl.RaftServerImpl (RaftServerImpl.java:lambda$shutdown$3(245)) - 9528c11a-fb93-4137-9963-bf3b5733d594: shutdown group-E9CE868D3628
2019-08-29 08:14:19,375 [main] INFO  impl.RoleInfo (RoleInfo.java:shutdownLeaderState(104)) - 885df2e3-7d4b-41eb-82f7-ec9d233e01be: shutdown LeaderState
2019-08-29 08:14:19,375 [ForkJoinPool.commonPool-worker-0] INFO  util.JmxRegister (JmxRegister.java:unregister(73)) - Successfully un-registered JMX Bean with object name Ratis:service=RaftServer,group=group-E9CE868D3628,id=9528c11a-fb93-4137-9963-bf3b5733d594
2019-08-29 08:14:19,375 [main] INFO  impl.PendingRequests (PendingRequests.java:sendNotLeaderResponses(202)) - 885df2e3-7d4b-41eb-82f7-ec9d233e01be-PendingRequests: sendNotLeaderResponses
2019-08-29 08:14:19,376 [ForkJoinPool.commonPool-worker-0] INFO  impl.RoleInfo (RoleInfo.java:shutdownLeaderState(104)) - 9528c11a-fb93-4137-9963-bf3b5733d594: shutdown LeaderState
2019-08-29 08:14:19,376 [main] INFO  impl.StateMachineUpdater (StateMachineUpdater.java:stopAndJoin(115)) - StateMachineUpdater:885df2e3-7d4b-41eb-82f7-ec9d233e01be:group-389F32D4F73D: set stopIndex = 0
2019-08-29 08:14:19,376 [ForkJoinPool.commonPool-worker-0] INFO  impl.PendingRequests (PendingRequests.java:sendNotLeaderResponses(202)) - 9528c11a-fb93-4137-9963-bf3b5733d594-PendingRequests: sendNotLeaderResponses
2019-08-29 08:14:19,377 [main] INFO  impl.RaftServerImpl (ServerState.java:close(394)) - 885df2e3-7d4b-41eb-82f7-ec9d233e01be:group-389F32D4F73D closes. The last applied log index is 0
2019-08-29 08:14:19,377 [ForkJoinPool.commonPool-worker-0] INFO  impl.StateMachineUpdater (StateMachineUpdater.java:stopAndJoin(115)) - StateMachineUpdater:9528c11a-fb93-4137-9963-bf3b5733d594:group-E9CE868D3628: set stopIndex = 0
2019-08-29 08:14:19,377 [885df2e3-7d4b-41eb-82f7-ec9d233e01be-SegmentedRaftLogWorker:Storage Directory /workdir/hadoop-ozone/integration-test/target/test-dir/MiniOzoneClusterImpl-8a7297db-6aa6-4f06-8934-9a0bed7f2088/datanode-3/data/ratis/95023631-8daf-415c-a2c4-389f32d4f73d] INFO  segmented.SegmentedRaftLogWorker (SegmentedRaftLogWorker.java:run(313)) - 885df2e3-7d4b-41eb-82f7-ec9d233e01be-SegmentedRaftLogWorker:Storage Directory /workdir/hadoop-ozone/integration-test/target/test-dir/MiniOzoneClusterImpl-8a7297db-6aa6-4f06-8934-9a0bed7f2088/datanode-3/data/ratis/95023631-8daf-415c-a2c4-389f32d4f73d was interrupted, exiting. There are 0 tasks remaining in the queue.
2019-08-29 08:14:19,378 [ForkJoinPool.commonPool-worker-0] INFO  impl.RaftServerImpl (ServerState.java:close(394)) - 9528c11a-fb93-4137-9963-bf3b5733d594:group-E9CE868D3628 closes. The last applied log index is 0
2019-08-29 08:14:19,380 [main] INFO  segmented.SegmentedRaftLogWorker (SegmentedRaftLogWorker.java:close(228)) - 885df2e3-7d4b-41eb-82f7-ec9d233e01be-SegmentedRaftLogWorker:Storage Directory /workdir/hadoop-ozone/integration-test/target/test-dir/MiniOzoneClusterImpl-8a7297db-6aa6-4f06-8934-9a0bed7f2088/datanode-3/data/ratis/95023631-8daf-415c-a2c4-389f32d4f73d close()
2019-08-29 08:14:19,380 [9528c11a-fb93-4137-9963-bf3b5733d594-SegmentedRaftLogWorker:Storage Directory /workdir/hadoop-ozone/integration-test/target/test-dir/MiniOzoneClusterImpl-8a7297db-6aa6-4f06-8934-9a0bed7f2088/datanode-2/data/ratis/5af8efc3-4566-4dda-80f5-e9ce868d3628] INFO  segmented.SegmentedRaftLogWorker (SegmentedRaftLogWorker.java:run(313)) - 9528c11a-fb93-4137-9963-bf3b5733d594-SegmentedRaftLogWorker:Storage Directory /workdir/hadoop-ozone/integration-test/target/test-dir/MiniOzoneClusterImpl-8a7297db-6aa6-4f06-8934-9a0bed7f2088/datanode-2/data/ratis/5af8efc3-4566-4dda-80f5-e9ce868d3628 was interrupted, exiting. There are 0 tasks remaining in the queue.
2019-08-29 08:14:19,389 [main] INFO  impl.RaftServerImpl (RaftServerImpl.java:lambda$shutdown$3(245)) - 885df2e3-7d4b-41eb-82f7-ec9d233e01be: shutdown group-04C7077352C4
2019-08-29 08:14:19,391 [ForkJoinPool.commonPool-worker-0] INFO  segmented.SegmentedRaftLogWorker (SegmentedRaftLogWorker.java:close(228)) - 9528c11a-fb93-4137-9963-bf3b5733d594-SegmentedRaftLogWorker:Storage Directory /workdir/hadoop-ozone/integration-test/target/test-dir/MiniOzoneClusterImpl-8a7297db-6aa6-4f06-8934-9a0bed7f2088/datanode-2/data/ratis/5af8efc3-4566-4dda-80f5-e9ce868d3628 close()
2019-08-29 08:14:19,391 [main] INFO  util.JmxRegister (JmxRegister.java:unregister(73)) - Successfully un-registered JMX Bean with object name Ratis:service=RaftServer,group=group-04C7077352C4,id=885df2e3-7d4b-41eb-82f7-ec9d233e01be
2019-08-29 08:14:19,393 [ForkJoinPool.commonPool-worker-0] INFO  impl.RaftServerImpl (RaftServerImpl.java:lambda$shutdown$3(245)) - 9528c11a-fb93-4137-9963-bf3b5733d594: shutdown group-F4061F937CC6
2019-08-29 08:14:19,393 [main] INFO  impl.RoleInfo (RoleInfo.java:shutdownLeaderState(104)) - 885df2e3-7d4b-41eb-82f7-ec9d233e01be: shutdown LeaderState
2019-08-29 08:14:19,393 [ForkJoinPool.commonPool-worker-0] INFO  util.JmxRegister (JmxRegister.java:unregister(73)) - Successfully un-registered JMX Bean with object name Ratis:service=RaftServer,group=group-F4061F937CC6,id=9528c11a-fb93-4137-9963-bf3b5733d594
2019-08-29 08:14:19,396 [main] INFO  impl.PendingRequests (PendingRequests.java:sendNotLeaderResponses(202)) - 885df2e3-7d4b-41eb-82f7-ec9d233e01be-PendingRequests: sendNotLeaderResponses
2019-08-29 08:14:19,396 [org.apache.ratis.server.impl.LogAppender$AppenderDaemon$$Lambda$482/1869465170@6e083240] WARN  server.GrpcLogAppender (GrpcLogAppender.java:mayWait(143)) - GrpcLogAppender(885df2e3-7d4b-41eb-82f7-ec9d233e01be->0a184b28-38b7-485b-be3e-3bc3142c01b2): Wait interrupted by java.lang.InterruptedException
2019-08-29 08:14:19,396 [org.apache.ratis.server.impl.LogAppender$AppenderDaemon$$Lambda$482/1869465170@2b0aa945] WARN  server.GrpcLogAppender (GrpcLogAppender.java:mayWait(143)) - GrpcLogAppender(885df2e3-7d4b-41eb-82f7-ec9d233e01be->50e47a8f-6a67-4a96-b3a3-baa2829f3e12): Wait interrupted by java.lang.InterruptedException
2019-08-29 08:14:19,397 [main] INFO  impl.StateMachineUpdater (StateMachineUpdater.java:stopAndJoin(115)) - StateMachineUpdater:885df2e3-7d4b-41eb-82f7-ec9d233e01be:group-04C7077352C4: set stopIndex = 15
2019-08-29 08:14:19,397 [ForkJoinPool.commonPool-worker-0] INFO  impl.RoleInfo (RoleInfo.java:shutdownFollowerState(121)) - 9528c11a-fb93-4137-9963-bf3b5733d594: shutdown FollowerState
2019-08-29 08:14:19,398 [grpc-default-executor-4] INFO  server.GrpcServerProtocolService (GrpcServerProtocolService.java:onCompleted(104)) - 0a184b28-38b7-485b-be3e-3bc3142c01b2: appendEntries completed
2019-08-29 08:14:19,397 [StateMachineUpdater:885df2e3-7d4b-41eb-82f7-ec9d233e01be:group-04C7077352C4] INFO  ratis.ContainerStateMachine (ContainerStateMachine.java:takeSnapshot(283)) - group-04C7077352C4: Taking a snapshot at:(t:1, i:13) file /workdir/hadoop-ozone/integration-test/target/test-dir/MiniOzoneClusterImpl-8a7297db-6aa6-4f06-8934-9a0bed7f2088/datanode-3/data/ratis/5f304ed1-8d9a-4c7b-a813-04c7077352c4/sm/snapshot.1_13
2019-08-29 08:14:19,398 [Thread-3768] INFO  impl.FollowerState (FollowerState.java:run(114)) - 9528c11a-fb93-4137-9963-bf3b5733d594: FollowerState was interrupted: java.lang.InterruptedException: sleep interrupted
2019-08-29 08:14:19,398 [StateMachineUpdater:9528c11a-fb93-4137-9963-bf3b5733d594:group-F4061F937CC6] INFO  ratis.ContainerStateMachine (ContainerStateMachine.java:takeSnapshot(283)) - group-F4061F937CC6: Taking a snapshot at:(t:1, i:13) file /workdir/hadoop-ozone/integration-test/target/test-dir/MiniOzoneClusterImpl-8a7297db-6aa6-4f06-8934-9a0bed7f2088/datanode-2/data/ratis/15b2e2b0-221b-4216-b4e5-f4061f937cc6/sm/snapshot.1_13
2019-08-29 08:14:19,398 [ForkJoinPool.commonPool-worker-0] INFO  impl.StateMachineUpdater (StateMachineUpdater.java:stopAndJoin(115)) - StateMachineUpdater:9528c11a-fb93-4137-9963-bf3b5733d594:group-F4061F937CC6: set stopIndex = 17
2019-08-29 08:14:19,398 [grpc-default-executor-4] INFO  server.GrpcLogAppender (GrpcLogAppender.java:onCompleted(292)) - 885df2e3-7d4b-41eb-82f7-ec9d233e01be->0a184b28-38b7-485b-be3e-3bc3142c01b2: follower responses appendEntries COMPLETED
2019-08-29 08:14:19,400 [grpc-default-executor-4] INFO  impl.FollowerInfo (FollowerInfo.java:lambda$new$0(50)) - 885df2e3-7d4b-41eb-82f7-ec9d233e01be->0a184b28-38b7-485b-be3e-3bc3142c01b2: nextIndex: updateUnconditionally 16 -> 15
2019-08-29 08:14:19,412 [StateMachineUpdater:885df2e3-7d4b-41eb-82f7-ec9d233e01be:group-04C7077352C4] INFO  ratis.ContainerStateMachine (ContainerStateMachine.java:takeSnapshot(294)) - group-04C7077352C4: Finished taking a snapshot at:(t:1, i:13) file:/workdir/hadoop-ozone/integration-test/target/test-dir/MiniOzoneClusterImpl-8a7297db-6aa6-4f06-8934-9a0bed7f2088/datanode-3/data/ratis/5f304ed1-8d9a-4c7b-a813-04c7077352c4/sm/snapshot.1_13 time:14
2019-08-29 08:14:19,412 [StateMachineUpdater:885df2e3-7d4b-41eb-82f7-ec9d233e01be:group-04C7077352C4] INFO  impl.StateMachineUpdater (StateMachineUpdater.java:takeSnapshot(242)) - StateMachineUpdater:885df2e3-7d4b-41eb-82f7-ec9d233e01be:group-04C7077352C4: Took a snapshot at index 13
2019-08-29 08:14:19,412 [StateMachineUpdater:9528c11a-fb93-4137-9963-bf3b5733d594:group-F4061F937CC6] INFO  ratis.ContainerStateMachine (ContainerStateMachine.java:takeSnapshot(294)) - group-F4061F937CC6: Finished taking a snapshot at:(t:1, i:13) file:/workdir/hadoop-ozone/integration-test/target/test-dir/MiniOzoneClusterImpl-8a7297db-6aa6-4f06-8934-9a0bed7f2088/datanode-2/data/ratis/15b2e2b0-221b-4216-b4e5-f4061f937cc6/sm/snapshot.1_13 time:14
2019-08-29 08:14:19,412 [StateMachineUpdater:885df2e3-7d4b-41eb-82f7-ec9d233e01be:group-04C7077352C4] INFO  impl.StateMachineUpdater (StateMachineUpdater.java:lambda$new$0(80)) - StateMachineUpdater:885df2e3-7d4b-41eb-82f7-ec9d233e01be:group-04C7077352C4: snapshotIndex: updateIncreasingly -1 -> 13
2019-08-29 08:14:19,412 [StateMachineUpdater:9528c11a-fb93-4137-9963-bf3b5733d594:group-F4061F937CC6] INFO  impl.StateMachineUpdater (StateMachineUpdater.java:takeSnapshot(242)) - StateMachineUpdater:9528c11a-fb93-4137-9963-bf3b5733d594:group-F4061F937CC6: Took a snapshot at index 13
2019-08-29 08:14:19,412 [StateMachineUpdater:9528c11a-fb93-4137-9963-bf3b5733d594:group-F4061F937CC6] INFO  impl.StateMachineUpdater (StateMachineUpdater.java:lambda$new$0(80)) - StateMachineUpdater:9528c11a-fb93-4137-9963-bf3b5733d594:group-F4061F937CC6: snapshotIndex: updateIncreasingly -1 -> 13
2019-08-29 08:14:19,413 [main] INFO  impl.RaftServerImpl (ServerState.java:close(394)) - 885df2e3-7d4b-41eb-82f7-ec9d233e01be:group-04C7077352C4 closes. The last applied log index is 15
2019-08-29 08:14:19,413 [ForkJoinPool.commonPool-worker-0] INFO  impl.RaftServerImpl (ServerState.java:close(394)) - 9528c11a-fb93-4137-9963-bf3b5733d594:group-F4061F937CC6 closes. The last applied log index is 17
2019-08-29 08:14:19,413 [885df2e3-7d4b-41eb-82f7-ec9d233e01be-SegmentedRaftLogWorker:Storage Directory /workdir/hadoop-ozone/integration-test/target/test-dir/MiniOzoneClusterImpl-8a7297db-6aa6-4f06-8934-9a0bed7f2088/datanode-3/data/ratis/5f304ed1-8d9a-4c7b-a813-04c7077352c4] INFO  segmented.SegmentedRaftLogWorker (SegmentedRaftLogWorker.java:run(313)) - 885df2e3-7d4b-41eb-82f7-ec9d233e01be-SegmentedRaftLogWorker:Storage Directory /workdir/hadoop-ozone/integration-test/target/test-dir/MiniOzoneClusterImpl-8a7297db-6aa6-4f06-8934-9a0bed7f2088/datanode-3/data/ratis/5f304ed1-8d9a-4c7b-a813-04c7077352c4 was interrupted, exiting. There are 0 tasks remaining in the queue.
2019-08-29 08:14:19,413 [9528c11a-fb93-4137-9963-bf3b5733d594-SegmentedRaftLogWorker:Storage Directory /workdir/hadoop-ozone/integration-test/target/test-dir/MiniOzoneClusterImpl-8a7297db-6aa6-4f06-8934-9a0bed7f2088/datanode-2/data/ratis/15b2e2b0-221b-4216-b4e5-f4061f937cc6] INFO  segmented.SegmentedRaftLogWorker (SegmentedRaftLogWorker.java:run(313)) - 9528c11a-fb93-4137-9963-bf3b5733d594-SegmentedRaftLogWorker:Storage Directory /workdir/hadoop-ozone/integration-test/target/test-dir/MiniOzoneClusterImpl-8a7297db-6aa6-4f06-8934-9a0bed7f2088/datanode-2/data/ratis/15b2e2b0-221b-4216-b4e5-f4061f937cc6 was interrupted, exiting. There are 0 tasks remaining in the queue.
2019-08-29 08:14:19,419 [main] INFO  segmented.SegmentedRaftLogWorker (SegmentedRaftLogWorker.java:close(228)) - 885df2e3-7d4b-41eb-82f7-ec9d233e01be-SegmentedRaftLogWorker:Storage Directory /workdir/hadoop-ozone/integration-test/target/test-dir/MiniOzoneClusterImpl-8a7297db-6aa6-4f06-8934-9a0bed7f2088/datanode-3/data/ratis/5f304ed1-8d9a-4c7b-a813-04c7077352c4 close()
2019-08-29 08:14:19,424 [ForkJoinPool.commonPool-worker-0] INFO  segmented.SegmentedRaftLogWorker (SegmentedRaftLogWorker.java:close(228)) - 9528c11a-fb93-4137-9963-bf3b5733d594-SegmentedRaftLogWorker:Storage Directory /workdir/hadoop-ozone/integration-test/target/test-dir/MiniOzoneClusterImpl-8a7297db-6aa6-4f06-8934-9a0bed7f2088/datanode-2/data/ratis/15b2e2b0-221b-4216-b4e5-f4061f937cc6 close()
2019-08-29 08:14:19,427 [main] INFO  server.GrpcService (GrpcService.java:closeImpl(155)) - 885df2e3-7d4b-41eb-82f7-ec9d233e01be: shutdown server with port 42951 now
2019-08-29 08:14:19,429 [ForkJoinPool.commonPool-worker-0] INFO  server.GrpcService (GrpcService.java:closeImpl(155)) - 9528c11a-fb93-4137-9963-bf3b5733d594: shutdown server with port 41746 now
2019-08-29 08:14:19,431 [ForkJoinPool.commonPool-worker-0] INFO  server.GrpcService (GrpcService.java:closeImpl(163)) - 9528c11a-fb93-4137-9963-bf3b5733d594: shutdown server with port 41746 successfully
2019-08-29 08:14:19,431 [grpc-default-executor-7] WARN  client.GrpcClientProtocolService (LogUtils.java:warn(134)) - 1-UnorderedRequestStreamObserver1: onError: org.apache.ratis.thirdparty.io.grpc.StatusRuntimeException: CANCELLED: cancelled before receiving half close
2019-08-29 08:14:19,431 [main] INFO  server.GrpcService (GrpcService.java:closeImpl(163)) - 885df2e3-7d4b-41eb-82f7-ec9d233e01be: shutdown server with port 42951 successfully
2019-08-29 08:14:19,432 [ForkJoinPool.commonPool-worker-0] INFO  utils.BackgroundService (BackgroundService.java:shutdown(148)) - Shutting down service BlockDeletingService
2019-08-29 08:14:19,433 [main] INFO  utils.BackgroundService (BackgroundService.java:shutdown(148)) - Shutting down service BlockDeletingService
2019-08-29 08:14:19,434 [refreshUsed-/workdir/hadoop-ozone/integration-test/target/test-dir/MiniOzoneClusterImpl-8a7297db-6aa6-4f06-8934-9a0bed7f2088/datanode-2/data/containers] WARN  fs.CachingGetSpaceUsed (CachingGetSpaceUsed.java:run(183)) - Thread Interrupted waiting to refresh disk information: sleep interrupted
2019-08-29 08:14:19,438 [refreshUsed-/workdir/hadoop-ozone/integration-test/target/test-dir/MiniOzoneClusterImpl-8a7297db-6aa6-4f06-8934-9a0bed7f2088/datanode-3/data/containers] WARN  fs.CachingGetSpaceUsed (CachingGetSpaceUsed.java:run(183)) - Thread Interrupted waiting to refresh disk information: sleep interrupted
2019-08-29 08:14:19,452 [main] INFO  statemachine.DatanodeStateMachine (DatanodeStateMachine.java:stopDaemon(395)) - Ozone container server stopped.
2019-08-29 08:14:19,453 [main] INFO  handler.ContextHandler (ContextHandler.java:doStop(910)) - Stopped o.e.j.w.WebAppContext@2c6ed95a{/,null,UNAVAILABLE}{/hddsDatanode}
2019-08-29 08:14:19,453 [main] INFO  server.AbstractConnector (AbstractConnector.java:doStop(318)) - Stopped ServerConnector@62b72289{HTTP/1.1,[http/1.1]}{0.0.0.0:0}
2019-08-29 08:14:19,454 [main] INFO  handler.ContextHandler (ContextHandler.java:doStop(910)) - Stopped o.e.j.s.ServletContextHandler@4ca50bb9{/static,jar:file:/home/user/.m2/repository/org/apache/hadoop/hadoop-hdds-container-service/0.5.0-SNAPSHOT/hadoop-hdds-container-service-0.5.0-SNAPSHOT.jar!/webapps/static,UNAVAILABLE}
2019-08-29 08:14:19,454 [main] INFO  handler.ContextHandler (ContextHandler.java:doStop(910)) - Stopped o.e.j.s.ServletContextHandler@7e3b101b{/logs,file:///workdir/hadoop-ozone/integration-test/target/log,UNAVAILABLE}
2019-08-29 08:14:19,455 [main] INFO  datanode.ObjectStoreHandler (ObjectStoreHandler.java:close(155)) - Closing ObjectStoreHandler.
2019-08-29 08:14:19,455 [main] INFO  ozone.HddsDatanodeService (HddsDatanodeService.java:stop(451)) - Stopped plug-in org.apache.hadoop.ozone.web.OzoneHddsDatanodeService@5113ab26
2019-08-29 08:14:19,458 [ForkJoinPool.commonPool-worker-0] INFO  statemachine.DatanodeStateMachine (DatanodeStateMachine.java:stopDaemon(395)) - Ozone container server stopped.
2019-08-29 08:14:19,461 [ForkJoinPool.commonPool-worker-0] INFO  handler.ContextHandler (ContextHandler.java:doStop(910)) - Stopped o.e.j.w.WebAppContext@642693c2{/,null,UNAVAILABLE}{/hddsDatanode}
2019-08-29 08:14:19,461 [ForkJoinPool.commonPool-worker-0] INFO  server.AbstractConnector (AbstractConnector.java:doStop(318)) - Stopped ServerConnector@63cff421{HTTP/1.1,[http/1.1]}{0.0.0.0:0}
2019-08-29 08:14:19,462 [ForkJoinPool.commonPool-worker-0] INFO  handler.ContextHandler (ContextHandler.java:doStop(910)) - Stopped o.e.j.s.ServletContextHandler@46c5747f{/static,jar:file:/home/user/.m2/repository/org/apache/hadoop/hadoop-hdds-container-service/0.5.0-SNAPSHOT/hadoop-hdds-container-service-0.5.0-SNAPSHOT.jar!/webapps/static,UNAVAILABLE}
2019-08-29 08:14:19,463 [ForkJoinPool.commonPool-worker-0] INFO  handler.ContextHandler (ContextHandler.java:doStop(910)) - Stopped o.e.j.s.ServletContextHandler@6d398b6c{/logs,file:///workdir/hadoop-ozone/integration-test/target/log,UNAVAILABLE}
2019-08-29 08:14:19,464 [ForkJoinPool.commonPool-worker-0] INFO  datanode.ObjectStoreHandler (ObjectStoreHandler.java:close(155)) - Closing ObjectStoreHandler.
2019-08-29 08:14:19,464 [ForkJoinPool.commonPool-worker-0] INFO  ozone.HddsDatanodeService (HddsDatanodeService.java:stop(451)) - Stopped plug-in org.apache.hadoop.ozone.web.OzoneHddsDatanodeService@5c452e69
2019-08-29 08:14:19,829 [Datanode State Machine Thread - 0] INFO  statemachine.DatanodeStateMachine (DatanodeStateMachine.java:lambda$startDaemon$0(350)) - Ozone container server started.
2019-08-29 08:14:20,095 [Datanode State Machine Thread - 0] INFO  statemachine.DatanodeStateMachine (DatanodeStateMachine.java:lambda$startDaemon$0(350)) - Ozone container server started.
2019-08-29 08:14:23,868 [EventQueue-StaleNodeForStaleNodeHandler] INFO  node.StaleNodeHandler (StaleNodeHandler.java:onMessage(58)) - Datanode 0a184b28-38b7-485b-be3e-3bc3142c01b2{ip: 192.168.69.111, host: pr-hdds-1569-g9zr9-4145101663, networkLocation: /default-rack, certSerialId: null} moved to stale state. Finalizing its pipelines [PipelineID=29485111-29f9-4951-9e26-7627c9d583b4, PipelineID=5f304ed1-8d9a-4c7b-a813-04c7077352c4]
2019-08-29 08:14:23,868 [EventQueue-StaleNodeForStaleNodeHandler] INFO  pipeline.SCMPipelineManager (SCMPipelineManager.java:finalizeAndDestroyPipeline(309)) - destroying pipeline:Pipeline[ Id: 29485111-29f9-4951-9e26-7627c9d583b4, Nodes: 0a184b28-38b7-485b-be3e-3bc3142c01b2{ip: 192.168.69.111, host: pr-hdds-1569-g9zr9-4145101663, networkLocation: /default-rack, certSerialId: null}, Type:RATIS, Factor:ONE, State:OPEN]
2019-08-29 08:14:23,869 [EventQueue-StaleNodeForStaleNodeHandler] INFO  pipeline.PipelineStateManager (PipelineStateManager.java:finalizePipeline(123)) - Pipeline Pipeline[ Id: 29485111-29f9-4951-9e26-7627c9d583b4, Nodes: 0a184b28-38b7-485b-be3e-3bc3142c01b2{ip: 192.168.69.111, host: pr-hdds-1569-g9zr9-4145101663, networkLocation: /default-rack, certSerialId: null}, Type:RATIS, Factor:ONE, State:CLOSED] moved to CLOSED state
2019-08-29 08:14:23,869 [EventQueue-StaleNodeForStaleNodeHandler] INFO  pipeline.SCMPipelineManager (SCMPipelineManager.java:finalizeAndDestroyPipeline(309)) - destroying pipeline:Pipeline[ Id: 5f304ed1-8d9a-4c7b-a813-04c7077352c4, Nodes: 885df2e3-7d4b-41eb-82f7-ec9d233e01be{ip: 192.168.69.111, host: pr-hdds-1569-g9zr9-4145101663, networkLocation: /default-rack, certSerialId: null}50e47a8f-6a67-4a96-b3a3-baa2829f3e12{ip: 192.168.69.111, host: pr-hdds-1569-g9zr9-4145101663, networkLocation: /default-rack, certSerialId: null}0a184b28-38b7-485b-be3e-3bc3142c01b2{ip: 192.168.69.111, host: pr-hdds-1569-g9zr9-4145101663, networkLocation: /default-rack, certSerialId: null}, Type:RATIS, Factor:THREE, State:CLOSED]
2019-08-29 08:14:24,168 [EventQueue-StaleNodeForStaleNodeHandler] INFO  node.StaleNodeHandler (StaleNodeHandler.java:onMessage(58)) - Datanode 28014f33-45df-43bf-aab4-c9d4fbf6cd3a{ip: 192.168.69.111, host: pr-hdds-1569-g9zr9-4145101663, networkLocation: /default-rack, certSerialId: null} moved to stale state. Finalizing its pipelines [PipelineID=8dd7a23c-b8c7-43c3-9b8c-01dd303d30aa]
2019-08-29 08:14:24,169 [EventQueue-StaleNodeForStaleNodeHandler] INFO  pipeline.SCMPipelineManager (SCMPipelineManager.java:finalizeAndDestroyPipeline(309)) - destroying pipeline:Pipeline[ Id: 8dd7a23c-b8c7-43c3-9b8c-01dd303d30aa, Nodes: 28014f33-45df-43bf-aab4-c9d4fbf6cd3a{ip: 192.168.69.111, host: pr-hdds-1569-g9zr9-4145101663, networkLocation: /default-rack, certSerialId: null}, Type:RATIS, Factor:ONE, State:OPEN]
2019-08-29 08:14:24,169 [EventQueue-StaleNodeForStaleNodeHandler] INFO  pipeline.PipelineStateManager (PipelineStateManager.java:finalizePipeline(123)) - Pipeline Pipeline[ Id: 8dd7a23c-b8c7-43c3-9b8c-01dd303d30aa, Nodes: 28014f33-45df-43bf-aab4-c9d4fbf6cd3a{ip: 192.168.69.111, host: pr-hdds-1569-g9zr9-4145101663, networkLocation: /default-rack, certSerialId: null}, Type:RATIS, Factor:ONE, State:CLOSED] moved to CLOSED state
2019-08-29 08:14:24,458 [main] INFO  ozoneimpl.OzoneContainer (OzoneContainer.java:stop(199)) - Attempting to stop container services.
2019-08-29 08:14:24,459 [main] INFO  impl.RaftServerProxy (RaftServerProxy.java:lambda$close$4(314)) - 28014f33-45df-43bf-aab4-c9d4fbf6cd3a: close
2019-08-29 08:14:24,459 [main] INFO  impl.RaftServerImpl (RaftServerImpl.java:lambda$shutdown$3(245)) - 28014f33-45df-43bf-aab4-c9d4fbf6cd3a: shutdown group-01DD303D30AA
2019-08-29 08:14:24,459 [main] INFO  util.JmxRegister (JmxRegister.java:unregister(73)) - Successfully un-registered JMX Bean with object name Ratis:service=RaftServer,group=group-01DD303D30AA,id=28014f33-45df-43bf-aab4-c9d4fbf6cd3a
2019-08-29 08:14:24,460 [main] INFO  impl.RoleInfo (RoleInfo.java:shutdownLeaderState(104)) - 28014f33-45df-43bf-aab4-c9d4fbf6cd3a: shutdown LeaderState
2019-08-29 08:14:24,460 [main] INFO  impl.PendingRequests (PendingRequests.java:sendNotLeaderResponses(202)) - 28014f33-45df-43bf-aab4-c9d4fbf6cd3a-PendingRequests: sendNotLeaderResponses
2019-08-29 08:14:24,461 [main] INFO  impl.StateMachineUpdater (StateMachineUpdater.java:stopAndJoin(115)) - StateMachineUpdater:28014f33-45df-43bf-aab4-c9d4fbf6cd3a:group-01DD303D30AA: set stopIndex = 0
2019-08-29 08:14:24,461 [main] INFO  impl.RaftServerImpl (ServerState.java:close(394)) - 28014f33-45df-43bf-aab4-c9d4fbf6cd3a:group-01DD303D30AA closes. The last applied log index is 0
2019-08-29 08:14:24,461 [28014f33-45df-43bf-aab4-c9d4fbf6cd3a-SegmentedRaftLogWorker:Storage Directory /workdir/hadoop-ozone/integration-test/target/test-dir/MiniOzoneClusterImpl-8a7297db-6aa6-4f06-8934-9a0bed7f2088/datanode-6/data/ratis/8dd7a23c-b8c7-43c3-9b8c-01dd303d30aa] INFO  segmented.SegmentedRaftLogWorker (SegmentedRaftLogWorker.java:run(313)) - 28014f33-45df-43bf-aab4-c9d4fbf6cd3a-SegmentedRaftLogWorker:Storage Directory /workdir/hadoop-ozone/integration-test/target/test-dir/MiniOzoneClusterImpl-8a7297db-6aa6-4f06-8934-9a0bed7f2088/datanode-6/data/ratis/8dd7a23c-b8c7-43c3-9b8c-01dd303d30aa was interrupted, exiting. There are 0 tasks remaining in the queue.
2019-08-29 08:14:24,463 [main] INFO  segmented.SegmentedRaftLogWorker (SegmentedRaftLogWorker.java:close(228)) - 28014f33-45df-43bf-aab4-c9d4fbf6cd3a-SegmentedRaftLogWorker:Storage Directory /workdir/hadoop-ozone/integration-test/target/test-dir/MiniOzoneClusterImpl-8a7297db-6aa6-4f06-8934-9a0bed7f2088/datanode-6/data/ratis/8dd7a23c-b8c7-43c3-9b8c-01dd303d30aa close()
2019-08-29 08:14:24,464 [main] INFO  server.GrpcService (GrpcService.java:closeImpl(155)) - 28014f33-45df-43bf-aab4-c9d4fbf6cd3a: shutdown server with port 37870 now
2019-08-29 08:14:24,464 [main] INFO  server.GrpcService (GrpcService.java:closeImpl(163)) - 28014f33-45df-43bf-aab4-c9d4fbf6cd3a: shutdown server with port 37870 successfully
2019-08-29 08:14:24,465 [ForkJoinPool.commonPool-worker-0] INFO  ozoneimpl.OzoneContainer (OzoneContainer.java:stop(199)) - Attempting to stop container services.
2019-08-29 08:14:24,465 [ForkJoinPool.commonPool-worker-0] INFO  impl.RaftServerProxy (RaftServerProxy.java:lambda$close$4(314)) - 0a184b28-38b7-485b-be3e-3bc3142c01b2: close
2019-08-29 08:14:24,465 [ForkJoinPool.commonPool-worker-0] INFO  impl.RaftServerImpl (RaftServerImpl.java:lambda$shutdown$3(245)) - 0a184b28-38b7-485b-be3e-3bc3142c01b2: shutdown group-7627C9D583B4
2019-08-29 08:14:24,465 [ForkJoinPool.commonPool-worker-0] INFO  util.JmxRegister (JmxRegister.java:unregister(73)) - Successfully un-registered JMX Bean with object name Ratis:service=RaftServer,group=group-7627C9D583B4,id=0a184b28-38b7-485b-be3e-3bc3142c01b2
2019-08-29 08:14:24,466 [ForkJoinPool.commonPool-worker-0] INFO  impl.RoleInfo (RoleInfo.java:shutdownLeaderState(104)) - 0a184b28-38b7-485b-be3e-3bc3142c01b2: shutdown LeaderState
2019-08-29 08:14:24,466 [ForkJoinPool.commonPool-worker-0] INFO  impl.PendingRequests (PendingRequests.java:sendNotLeaderResponses(202)) - 0a184b28-38b7-485b-be3e-3bc3142c01b2-PendingRequests: sendNotLeaderResponses
2019-08-29 08:14:24,466 [ForkJoinPool.commonPool-worker-0] INFO  impl.StateMachineUpdater (StateMachineUpdater.java:stopAndJoin(115)) - StateMachineUpdater:0a184b28-38b7-485b-be3e-3bc3142c01b2:group-7627C9D583B4: set stopIndex = 0
2019-08-29 08:14:24,466 [ForkJoinPool.commonPool-worker-0] INFO  impl.RaftServerImpl (ServerState.java:close(394)) - 0a184b28-38b7-485b-be3e-3bc3142c01b2:group-7627C9D583B4 closes. The last applied log index is 0
2019-08-29 08:14:24,467 [0a184b28-38b7-485b-be3e-3bc3142c01b2-SegmentedRaftLogWorker:Storage Directory /workdir/hadoop-ozone/integration-test/target/test-dir/MiniOzoneClusterImpl-8a7297db-6aa6-4f06-8934-9a0bed7f2088/datanode-5/data/ratis/29485111-29f9-4951-9e26-7627c9d583b4] INFO  segmented.SegmentedRaftLogWorker (SegmentedRaftLogWorker.java:run(313)) - 0a184b28-38b7-485b-be3e-3bc3142c01b2-SegmentedRaftLogWorker:Storage Directory /workdir/hadoop-ozone/integration-test/target/test-dir/MiniOzoneClusterImpl-8a7297db-6aa6-4f06-8934-9a0bed7f2088/datanode-5/data/ratis/29485111-29f9-4951-9e26-7627c9d583b4 was interrupted, exiting. There are 0 tasks remaining in the queue.
2019-08-29 08:14:24,467 [main] INFO  utils.BackgroundService (BackgroundService.java:shutdown(148)) - Shutting down service BlockDeletingService
2019-08-29 08:14:24,468 [ForkJoinPool.commonPool-worker-0] INFO  segmented.SegmentedRaftLogWorker (SegmentedRaftLogWorker.java:close(228)) - 0a184b28-38b7-485b-be3e-3bc3142c01b2-SegmentedRaftLogWorker:Storage Directory /workdir/hadoop-ozone/integration-test/target/test-dir/MiniOzoneClusterImpl-8a7297db-6aa6-4f06-8934-9a0bed7f2088/datanode-5/data/ratis/29485111-29f9-4951-9e26-7627c9d583b4 close()
2019-08-29 08:14:24,472 [ForkJoinPool.commonPool-worker-0] INFO  impl.RaftServerImpl (RaftServerImpl.java:lambda$shutdown$3(245)) - 0a184b28-38b7-485b-be3e-3bc3142c01b2: shutdown group-04C7077352C4
2019-08-29 08:14:24,472 [ForkJoinPool.commonPool-worker-0] INFO  util.JmxRegister (JmxRegister.java:unregister(73)) - Successfully un-registered JMX Bean with object name Ratis:service=RaftServer,group=group-04C7077352C4,id=0a184b28-38b7-485b-be3e-3bc3142c01b2
2019-08-29 08:14:24,473 [ForkJoinPool.commonPool-worker-0] INFO  impl.RoleInfo (RoleInfo.java:shutdownFollowerState(121)) - 0a184b28-38b7-485b-be3e-3bc3142c01b2: shutdown FollowerState
2019-08-29 08:14:24,473 [refreshUsed-/workdir/hadoop-ozone/integration-test/target/test-dir/MiniOzoneClusterImpl-8a7297db-6aa6-4f06-8934-9a0bed7f2088/datanode-6/data/containers] WARN  fs.CachingGetSpaceUsed (CachingGetSpaceUsed.java:run(183)) - Thread Interrupted waiting to refresh disk information: sleep interrupted
2019-08-29 08:14:24,474 [StateMachineUpdater:0a184b28-38b7-485b-be3e-3bc3142c01b2:group-04C7077352C4] INFO  ratis.ContainerStateMachine (ContainerStateMachine.java:takeSnapshot(283)) - group-04C7077352C4: Taking a snapshot at:(t:1, i:13) file /workdir/hadoop-ozone/integration-test/target/test-dir/MiniOzoneClusterImpl-8a7297db-6aa6-4f06-8934-9a0bed7f2088/datanode-5/data/ratis/5f304ed1-8d9a-4c7b-a813-04c7077352c4/sm/snapshot.1_13
2019-08-29 08:14:24,473 [ForkJoinPool.commonPool-worker-0] INFO  impl.StateMachineUpdater (StateMachineUpdater.java:stopAndJoin(115)) - StateMachineUpdater:0a184b28-38b7-485b-be3e-3bc3142c01b2:group-04C7077352C4: set stopIndex = 15
2019-08-29 08:14:24,474 [Thread-3650] INFO  impl.FollowerState (FollowerState.java:run(114)) - 0a184b28-38b7-485b-be3e-3bc3142c01b2: FollowerState was interrupted: java.lang.InterruptedException: sleep interrupted
2019-08-29 08:14:24,488 [main] INFO  statemachine.DatanodeStateMachine (DatanodeStateMachine.java:stopDaemon(395)) - Ozone container server stopped.
2019-08-29 08:14:24,489 [main] INFO  handler.ContextHandler (ContextHandler.java:doStop(910)) - Stopped o.e.j.w.WebAppContext@4ed7fb78{/,null,UNAVAILABLE}{/hddsDatanode}
2019-08-29 08:14:24,490 [main] INFO  server.AbstractConnector (AbstractConnector.java:doStop(318)) - Stopped ServerConnector@393b99d{HTTP/1.1,[http/1.1]}{0.0.0.0:0}
2019-08-29 08:14:24,490 [main] INFO  handler.ContextHandler (ContextHandler.java:doStop(910)) - Stopped o.e.j.s.ServletContextHandler@67954d71{/static,jar:file:/home/user/.m2/repository/org/apache/hadoop/hadoop-hdds-container-service/0.5.0-SNAPSHOT/hadoop-hdds-container-service-0.5.0-SNAPSHOT.jar!/webapps/static,UNAVAILABLE}
2019-08-29 08:14:24,490 [main] INFO  handler.ContextHandler (ContextHandler.java:doStop(910)) - Stopped o.e.j.s.ServletContextHandler@122bfaac{/logs,file:///workdir/hadoop-ozone/integration-test/target/log,UNAVAILABLE}
2019-08-29 08:14:24,505 [StateMachineUpdater:0a184b28-38b7-485b-be3e-3bc3142c01b2:group-04C7077352C4] INFO  ratis.ContainerStateMachine (ContainerStateMachine.java:takeSnapshot(294)) - group-04C7077352C4: Finished taking a snapshot at:(t:1, i:13) file:/workdir/hadoop-ozone/integration-test/target/test-dir/MiniOzoneClusterImpl-8a7297db-6aa6-4f06-8934-9a0bed7f2088/datanode-5/data/ratis/5f304ed1-8d9a-4c7b-a813-04c7077352c4/sm/snapshot.1_13 time:32
2019-08-29 08:14:24,506 [StateMachineUpdater:0a184b28-38b7-485b-be3e-3bc3142c01b2:group-04C7077352C4] INFO  impl.StateMachineUpdater (StateMachineUpdater.java:takeSnapshot(242)) - StateMachineUpdater:0a184b28-38b7-485b-be3e-3bc3142c01b2:group-04C7077352C4: Took a snapshot at index 13
2019-08-29 08:14:24,506 [StateMachineUpdater:0a184b28-38b7-485b-be3e-3bc3142c01b2:group-04C7077352C4] INFO  impl.StateMachineUpdater (StateMachineUpdater.java:lambda$new$0(80)) - StateMachineUpdater:0a184b28-38b7-485b-be3e-3bc3142c01b2:group-04C7077352C4: snapshotIndex: updateIncreasingly -1 -> 13
2019-08-29 08:14:24,506 [ForkJoinPool.commonPool-worker-0] INFO  impl.RaftServerImpl (ServerState.java:close(394)) - 0a184b28-38b7-485b-be3e-3bc3142c01b2:group-04C7077352C4 closes. The last applied log index is 15
2019-08-29 08:14:24,506 [0a184b28-38b7-485b-be3e-3bc3142c01b2-SegmentedRaftLogWorker:Storage Directory /workdir/hadoop-ozone/integration-test/target/test-dir/MiniOzoneClusterImpl-8a7297db-6aa6-4f06-8934-9a0bed7f2088/datanode-5/data/ratis/5f304ed1-8d9a-4c7b-a813-04c7077352c4] INFO  segmented.SegmentedRaftLogWorker (SegmentedRaftLogWorker.java:run(313)) - 0a184b28-38b7-485b-be3e-3bc3142c01b2-SegmentedRaftLogWorker:Storage Directory /workdir/hadoop-ozone/integration-test/target/test-dir/MiniOzoneClusterImpl-8a7297db-6aa6-4f06-8934-9a0bed7f2088/datanode-5/data/ratis/5f304ed1-8d9a-4c7b-a813-04c7077352c4 was interrupted, exiting. There are 0 tasks remaining in the queue.
2019-08-29 08:14:24,507 [ForkJoinPool.commonPool-worker-0] INFO  segmented.SegmentedRaftLogWorker (SegmentedRaftLogWorker.java:close(228)) - 0a184b28-38b7-485b-be3e-3bc3142c01b2-SegmentedRaftLogWorker:Storage Directory /workdir/hadoop-ozone/integration-test/target/test-dir/MiniOzoneClusterImpl-8a7297db-6aa6-4f06-8934-9a0bed7f2088/datanode-5/data/ratis/5f304ed1-8d9a-4c7b-a813-04c7077352c4 close()
2019-08-29 08:14:24,507 [ForkJoinPool.commonPool-worker-0] INFO  server.GrpcService (GrpcService.java:closeImpl(155)) - 0a184b28-38b7-485b-be3e-3bc3142c01b2: shutdown server with port 35743 now
2019-08-29 08:14:24,507 [ForkJoinPool.commonPool-worker-0] INFO  server.GrpcService (GrpcService.java:closeImpl(163)) - 0a184b28-38b7-485b-be3e-3bc3142c01b2: shutdown server with port 35743 successfully
2019-08-29 08:14:24,508 [ForkJoinPool.commonPool-worker-0] INFO  utils.BackgroundService (BackgroundService.java:shutdown(148)) - Shutting down service BlockDeletingService
2019-08-29 08:14:24,510 [refreshUsed-/workdir/hadoop-ozone/integration-test/target/test-dir/MiniOzoneClusterImpl-8a7297db-6aa6-4f06-8934-9a0bed7f2088/datanode-5/data/containers] WARN  fs.CachingGetSpaceUsed (CachingGetSpaceUsed.java:run(183)) - Thread Interrupted waiting to refresh disk information: sleep interrupted
2019-08-29 08:14:24,524 [ForkJoinPool.commonPool-worker-0] INFO  statemachine.DatanodeStateMachine (DatanodeStateMachine.java:stopDaemon(395)) - Ozone container server stopped.
2019-08-29 08:14:24,527 [ForkJoinPool.commonPool-worker-0] INFO  handler.ContextHandler (ContextHandler.java:doStop(910)) - Stopped o.e.j.w.WebAppContext@4ceac22d{/,null,UNAVAILABLE}{/hddsDatanode}
2019-08-29 08:14:24,528 [ForkJoinPool.commonPool-worker-0] INFO  server.AbstractConnector (AbstractConnector.java:doStop(318)) - Stopped ServerConnector@598f065f{HTTP/1.1,[http/1.1]}{0.0.0.0:0}
2019-08-29 08:14:24,528 [ForkJoinPool.commonPool-worker-0] INFO  handler.ContextHandler (ContextHandler.java:doStop(910)) - Stopped o.e.j.s.ServletContextHandler@58885a2e{/static,jar:file:/home/user/.m2/repository/org/apache/hadoop/hadoop-hdds-container-service/0.5.0-SNAPSHOT/hadoop-hdds-container-service-0.5.0-SNAPSHOT.jar!/webapps/static,UNAVAILABLE}
2019-08-29 08:14:24,529 [ForkJoinPool.commonPool-worker-0] INFO  handler.ContextHandler (ContextHandler.java:doStop(910)) - Stopped o.e.j.s.ServletContextHandler@2083bcfd{/logs,file:///workdir/hadoop-ozone/integration-test/target/log,UNAVAILABLE}
2019-08-29 08:14:24,530 [main] INFO  ozone.MiniOzoneClusterImpl (MiniOzoneClusterImpl.java:stop(353)) - Stopping the StorageContainerManager
2019-08-29 08:14:24,530 [main] INFO  server.StorageContainerManager (StorageContainerManager.java:stop(797)) - Stopping Replication Manager Service.
2019-08-29 08:14:24,530 [main] INFO  container.ReplicationManager (ReplicationManager.java:stop(193)) - Stopping Replication Monitor Thread.
2019-08-29 08:14:24,530 [main] INFO  server.StorageContainerManager (StorageContainerManager.java:stop(804)) - Stopping Lease Manager of the command watchers
2019-08-29 08:14:24,530 [main] INFO  server.StorageContainerManager (StorageContainerManager.java:stop(811)) - Stopping datanode service RPC server
2019-08-29 08:14:24,530 [main] INFO  server.SCMDatanodeProtocolServer (SCMDatanodeProtocolServer.java:stop(367)) - Stopping the RPC server for DataNodes
2019-08-29 08:14:24,530 [main] INFO  ipc.Server (Server.java:stop(3082)) - Stopping server on 42754
2019-08-29 08:14:24,532 [IPC Server listener on 42754] INFO  ipc.Server (Server.java:run(1185)) - Stopping IPC Server listener on 42754
2019-08-29 08:14:24,532 [IPC Server Responder] INFO  ipc.Server (Server.java:run(1319)) - Stopping IPC Server Responder
2019-08-29 08:14:24,572 [SCM Heartbeat Processing Thread - 0] WARN  node.NodeStateManager (NodeStateManager.java:scheduleNextHealthCheck(655)) - Current Thread is interrupted, shutting down HB processing thread for Node Manager.
2019-08-29 08:14:24,572 [main] INFO  server.StorageContainerManager (StorageContainerManager.java:stop(819)) - Stopping block service RPC server
2019-08-29 08:14:24,572 [main] INFO  server.SCMBlockProtocolServer (SCMBlockProtocolServer.java:stop(148)) - Stopping the RPC server for Block Protocol
2019-08-29 08:14:24,572 [main] INFO  ipc.Server (Server.java:stop(3082)) - Stopping server on 43245
2019-08-29 08:14:24,574 [IPC Server listener on 43245] INFO  ipc.Server (Server.java:run(1185)) - Stopping IPC Server listener on 43245
2019-08-29 08:14:24,574 [main] INFO  server.StorageContainerManager (StorageContainerManager.java:stop(826)) - Stopping the StorageContainerLocationProtocol RPC server
2019-08-29 08:14:24,574 [main] INFO  server.SCMClientProtocolServer (SCMClientProtocolServer.java:stop(159)) - Stopping the RPC server for Client Protocol
2019-08-29 08:14:24,575 [main] INFO  ipc.Server (Server.java:stop(3082)) - Stopping server on 44906
2019-08-29 08:14:24,575 [IPC Server Responder] INFO  ipc.Server (Server.java:run(1319)) - Stopping IPC Server Responder
2019-08-29 08:14:24,577 [IPC Server listener on 44906] INFO  ipc.Server (Server.java:run(1185)) - Stopping IPC Server listener on 44906
2019-08-29 08:14:24,577 [main] INFO  server.StorageContainerManager (StorageContainerManager.java:stop(833)) - Stopping Storage Container Manager HTTP server.
2019-08-29 08:14:24,577 [IPC Server Responder] INFO  ipc.Server (Server.java:run(1319)) - Stopping IPC Server Responder
2019-08-29 08:14:24,579 [main] INFO  handler.ContextHandler (ContextHandler.java:doStop(910)) - Stopped o.e.j.w.WebAppContext@2be83e7e{/,null,UNAVAILABLE}{/scm}
2019-08-29 08:14:24,579 [main] INFO  server.AbstractConnector (AbstractConnector.java:doStop(318)) - Stopped ServerConnector@df0b348{HTTP/1.1,[http/1.1]}{0.0.0.0:0}
2019-08-29 08:14:24,579 [main] INFO  handler.ContextHandler (ContextHandler.java:doStop(910)) - Stopped o.e.j.s.ServletContextHandler@650e6569{/static,file:///workdir/hadoop-ozone/integration-test/target/test-classes/webapps/static,UNAVAILABLE}
2019-08-29 08:14:24,579 [main] INFO  handler.ContextHandler (ContextHandler.java:doStop(910)) - Stopped o.e.j.s.ServletContextHandler@12dd3501{/logs,file:///workdir/hadoop-ozone/integration-test/target/log,UNAVAILABLE}
2019-08-29 08:14:24,580 [main] INFO  server.StorageContainerManager (StorageContainerManager.java:stop(844)) - Stopping Block Manager Service.
2019-08-29 08:14:24,580 [main] INFO  utils.BackgroundService (BackgroundService.java:shutdown(148)) - Shutting down service SCMBlockDeletingService
2019-08-29 08:14:24,581 [main] INFO  utils.BackgroundService (BackgroundService.java:shutdown(148)) - Shutting down service SCMBlockDeletingService
2019-08-29 08:14:24,581 [main] INFO  server.StorageContainerManager (StorageContainerManager.java:stop(866)) - Stopping SCM Event Queue.
2019-08-29 08:14:24,584 [main] INFO  impl.MetricsSystemImpl (MetricsSystemImpl.java:stop(210)) - Stopping HddsDatanode metrics system...
2019-08-29 08:14:24,594 [main] INFO  impl.MetricsSystemImpl (MetricsSystemImpl.java:stop(216)) - HddsDatanode metrics system stopped.
]]></system-out>
    <system-err><![CDATA[Aug 29, 2019 8:13:42 AM com.sun.jersey.server.impl.application.WebApplicationImpl _initiate
INFO: Initiating Jersey application, version 'Jersey: 1.19 02/11/2015 03:25 AM'
Aug 29, 2019 8:13:42 AM com.sun.jersey.server.impl.application.WebApplicationImpl _initiate
INFO: Initiating Jersey application, version 'Jersey: 1.19 02/11/2015 03:25 AM'
Aug 29, 2019 8:13:43 AM com.sun.jersey.server.impl.application.WebApplicationImpl _initiate
INFO: Initiating Jersey application, version 'Jersey: 1.19 02/11/2015 03:25 AM'
Aug 29, 2019 8:13:43 AM com.sun.jersey.server.impl.application.WebApplicationImpl _initiate
INFO: Initiating Jersey application, version 'Jersey: 1.19 02/11/2015 03:25 AM'
Aug 29, 2019 8:13:43 AM com.sun.jersey.server.impl.application.WebApplicationImpl _initiate
INFO: Initiating Jersey application, version 'Jersey: 1.19 02/11/2015 03:25 AM'
Aug 29, 2019 8:13:43 AM com.sun.jersey.server.impl.application.WebApplicationImpl _initiate
INFO: Initiating Jersey application, version 'Jersey: 1.19 02/11/2015 03:25 AM'
Aug 29, 2019 8:13:43 AM com.sun.jersey.server.impl.application.WebApplicationImpl _initiate
INFO: Initiating Jersey application, version 'Jersey: 1.19 02/11/2015 03:25 AM'
Aug 29, 2019 8:13:46 AM org.apache.ratis.thirdparty.io.grpc.internal.ManagedChannelOrphanWrapper$ManagedChannelReference cleanQueue
SEVERE: *~*~*~ Channel ManagedChannelImpl{logId=2954, target=192.168.69.111:41327} was not shutdown properly!!! ~*~*~*
    Make sure to call shutdown()/shutdownNow() and wait until awaitTermination() returns true.
java.lang.RuntimeException: ManagedChannel allocation site
	at org.apache.ratis.thirdparty.io.grpc.internal.ManagedChannelOrphanWrapper$ManagedChannelReference.<init>(ManagedChannelOrphanWrapper.java:103)
	at org.apache.ratis.thirdparty.io.grpc.internal.ManagedChannelOrphanWrapper.<init>(ManagedChannelOrphanWrapper.java:53)
	at org.apache.ratis.thirdparty.io.grpc.internal.ManagedChannelOrphanWrapper.<init>(ManagedChannelOrphanWrapper.java:44)
	at org.apache.ratis.thirdparty.io.grpc.internal.AbstractManagedChannelImplBuilder.build(AbstractManagedChannelImplBuilder.java:411)
	at org.apache.hadoop.hdds.scm.XceiverClientGrpc.connectToDatanode(XceiverClientGrpc.java:175)
	at org.apache.hadoop.hdds.scm.XceiverClientGrpc.reconnect(XceiverClientGrpc.java:423)
	at org.apache.hadoop.hdds.scm.XceiverClientGrpc.sendCommandAsync(XceiverClientGrpc.java:372)
	at org.apache.hadoop.hdds.scm.XceiverClientGrpc.sendCommandWithRetry(XceiverClientGrpc.java:285)
	at org.apache.hadoop.hdds.scm.XceiverClientGrpc.sendCommandWithTraceIDAndRetry(XceiverClientGrpc.java:251)
	at org.apache.hadoop.hdds.scm.XceiverClientGrpc.sendCommand(XceiverClientGrpc.java:234)
	at org.apache.hadoop.hdds.scm.storage.ContainerProtocolCalls.getBlock(ContainerProtocolCalls.java:118)
	at org.apache.hadoop.hdds.scm.storage.BlockInputStream.getChunkInfos(BlockInputStream.java:167)
	at org.apache.hadoop.hdds.scm.storage.BlockInputStream.initialize(BlockInputStream.java:118)
	at org.apache.hadoop.hdds.scm.storage.BlockInputStream.read(BlockInputStream.java:222)
	at org.apache.hadoop.ozone.client.io.KeyInputStream.read(KeyInputStream.java:171)
	at org.apache.hadoop.ozone.client.io.OzoneInputStream.read(OzoneInputStream.java:47)
	at java.io.InputStream.read(InputStream.java:101)
	at org.apache.hadoop.ozone.container.ContainerTestHelper.validateData(ContainerTestHelper.java:713)
	at org.apache.hadoop.ozone.client.rpc.TestBlockOutputStreamWithFailures.validateData(TestBlockOutputStreamWithFailures.java:1216)
	at org.apache.hadoop.ozone.client.rpc.TestBlockOutputStreamWithFailures.testWatchForCommitWithSingleNodeRatis(TestBlockOutputStreamWithFailures.java:918)
	at sun.reflect.NativeMethodAccessorImpl.invoke0(Native Method)
	at sun.reflect.NativeMethodAccessorImpl.invoke(NativeMethodAccessorImpl.java:62)
	at sun.reflect.DelegatingMethodAccessorImpl.invoke(DelegatingMethodAccessorImpl.java:43)
	at java.lang.reflect.Method.invoke(Method.java:498)
	at org.junit.runners.model.FrameworkMethod$1.runReflectiveCall(FrameworkMethod.java:47)
	at org.junit.internal.runners.model.ReflectiveCallable.run(ReflectiveCallable.java:12)
	at org.junit.runners.model.FrameworkMethod.invokeExplosively(FrameworkMethod.java:44)
	at org.junit.internal.runners.statements.InvokeMethod.evaluate(InvokeMethod.java:17)
	at org.junit.internal.runners.statements.RunBefores.evaluate(RunBefores.java:26)
	at org.junit.internal.runners.statements.RunAfters.evaluate(RunAfters.java:27)
	at org.junit.runners.ParentRunner.runLeaf(ParentRunner.java:271)
	at org.junit.runners.BlockJUnit4ClassRunner.runChild(BlockJUnit4ClassRunner.java:70)
	at org.junit.runners.BlockJUnit4ClassRunner.runChild(BlockJUnit4ClassRunner.java:50)
	at org.junit.runners.ParentRunner$3.run(ParentRunner.java:238)
	at org.junit.runners.ParentRunner$1.schedule(ParentRunner.java:63)
	at org.junit.runners.ParentRunner.runChildren(ParentRunner.java:236)
	at org.junit.runners.ParentRunner.access$000(ParentRunner.java:53)
	at org.junit.runners.ParentRunner$2.evaluate(ParentRunner.java:229)
	at org.junit.runners.ParentRunner.run(ParentRunner.java:309)
	at org.apache.maven.surefire.junit4.JUnit4Provider.execute(JUnit4Provider.java:365)
	at org.apache.maven.surefire.junit4.JUnit4Provider.executeWithRerun(JUnit4Provider.java:273)
	at org.apache.maven.surefire.junit4.JUnit4Provider.executeTestSet(JUnit4Provider.java:238)
	at org.apache.maven.surefire.junit4.JUnit4Provider.invoke(JUnit4Provider.java:159)
	at org.apache.maven.surefire.booter.ForkedBooter.invokeProviderInSameClassLoader(ForkedBooter.java:384)
	at org.apache.maven.surefire.booter.ForkedBooter.runSuitesInProcess(ForkedBooter.java:345)
	at org.apache.maven.surefire.booter.ForkedBooter.execute(ForkedBooter.java:126)
	at org.apache.maven.surefire.booter.ForkedBooter.main(ForkedBooter.java:418)

Aug 29, 2019 8:13:46 AM org.apache.ratis.thirdparty.io.grpc.internal.ManagedChannelOrphanWrapper$ManagedChannelReference cleanQueue
SEVERE: *~*~*~ Channel ManagedChannelImpl{logId=2765, target=192.168.69.111:44176} was not shutdown properly!!! ~*~*~*
    Make sure to call shutdown()/shutdownNow() and wait until awaitTermination() returns true.
java.lang.RuntimeException: ManagedChannel allocation site
	at org.apache.ratis.thirdparty.io.grpc.internal.ManagedChannelOrphanWrapper$ManagedChannelReference.<init>(ManagedChannelOrphanWrapper.java:103)
	at org.apache.ratis.thirdparty.io.grpc.internal.ManagedChannelOrphanWrapper.<init>(ManagedChannelOrphanWrapper.java:53)
	at org.apache.ratis.thirdparty.io.grpc.internal.ManagedChannelOrphanWrapper.<init>(ManagedChannelOrphanWrapper.java:44)
	at org.apache.ratis.thirdparty.io.grpc.internal.AbstractManagedChannelImplBuilder.build(AbstractManagedChannelImplBuilder.java:411)
	at org.apache.hadoop.hdds.scm.XceiverClientGrpc.connectToDatanode(XceiverClientGrpc.java:175)
	at org.apache.hadoop.hdds.scm.XceiverClientGrpc.reconnect(XceiverClientGrpc.java:423)
	at org.apache.hadoop.hdds.scm.XceiverClientGrpc.sendCommandAsync(XceiverClientGrpc.java:372)
	at org.apache.hadoop.hdds.scm.XceiverClientGrpc.sendCommandWithRetry(XceiverClientGrpc.java:285)
	at org.apache.hadoop.hdds.scm.XceiverClientGrpc.sendCommandWithTraceIDAndRetry(XceiverClientGrpc.java:251)
	at org.apache.hadoop.hdds.scm.XceiverClientGrpc.sendCommand(XceiverClientGrpc.java:234)
	at org.apache.hadoop.hdds.scm.storage.ContainerProtocolCalls.getBlock(ContainerProtocolCalls.java:118)
	at org.apache.hadoop.hdds.scm.storage.BlockInputStream.getChunkInfos(BlockInputStream.java:167)
	at org.apache.hadoop.hdds.scm.storage.BlockInputStream.initialize(BlockInputStream.java:118)
	at org.apache.hadoop.hdds.scm.storage.BlockInputStream.read(BlockInputStream.java:222)
	at org.apache.hadoop.ozone.client.io.KeyInputStream.read(KeyInputStream.java:171)
	at org.apache.hadoop.ozone.client.io.OzoneInputStream.read(OzoneInputStream.java:47)
	at java.io.InputStream.read(InputStream.java:101)
	at org.apache.hadoop.ozone.container.ContainerTestHelper.validateData(ContainerTestHelper.java:713)
	at org.apache.hadoop.ozone.client.rpc.TestBlockOutputStreamWithFailures.validateData(TestBlockOutputStreamWithFailures.java:1216)
	at org.apache.hadoop.ozone.client.rpc.TestBlockOutputStreamWithFailures.testDatanodeFailureWithSingleNodeRatis(TestBlockOutputStreamWithFailures.java:1058)
	at sun.reflect.NativeMethodAccessorImpl.invoke0(Native Method)
	at sun.reflect.NativeMethodAccessorImpl.invoke(NativeMethodAccessorImpl.java:62)
	at sun.reflect.DelegatingMethodAccessorImpl.invoke(DelegatingMethodAccessorImpl.java:43)
	at java.lang.reflect.Method.invoke(Method.java:498)
	at org.junit.runners.model.FrameworkMethod$1.runReflectiveCall(FrameworkMethod.java:47)
	at org.junit.internal.runners.model.ReflectiveCallable.run(ReflectiveCallable.java:12)
	at org.junit.runners.model.FrameworkMethod.invokeExplosively(FrameworkMethod.java:44)
	at org.junit.internal.runners.statements.InvokeMethod.evaluate(InvokeMethod.java:17)
	at org.junit.internal.runners.statements.RunBefores.evaluate(RunBefores.java:26)
	at org.junit.internal.runners.statements.RunAfters.evaluate(RunAfters.java:27)
	at org.junit.runners.ParentRunner.runLeaf(ParentRunner.java:271)
	at org.junit.runners.BlockJUnit4ClassRunner.runChild(BlockJUnit4ClassRunner.java:70)
	at org.junit.runners.BlockJUnit4ClassRunner.runChild(BlockJUnit4ClassRunner.java:50)
	at org.junit.runners.ParentRunner$3.run(ParentRunner.java:238)
	at org.junit.runners.ParentRunner$1.schedule(ParentRunner.java:63)
	at org.junit.runners.ParentRunner.runChildren(ParentRunner.java:236)
	at org.junit.runners.ParentRunner.access$000(ParentRunner.java:53)
	at org.junit.runners.ParentRunner$2.evaluate(ParentRunner.java:229)
	at org.junit.runners.ParentRunner.run(ParentRunner.java:309)
	at org.apache.maven.surefire.junit4.JUnit4Provider.execute(JUnit4Provider.java:365)
	at org.apache.maven.surefire.junit4.JUnit4Provider.executeWithRerun(JUnit4Provider.java:273)
	at org.apache.maven.surefire.junit4.JUnit4Provider.executeTestSet(JUnit4Provider.java:238)
	at org.apache.maven.surefire.junit4.JUnit4Provider.invoke(JUnit4Provider.java:159)
	at org.apache.maven.surefire.booter.ForkedBooter.invokeProviderInSameClassLoader(ForkedBooter.java:384)
	at org.apache.maven.surefire.booter.ForkedBooter.runSuitesInProcess(ForkedBooter.java:345)
	at org.apache.maven.surefire.booter.ForkedBooter.execute(ForkedBooter.java:126)
	at org.apache.maven.surefire.booter.ForkedBooter.main(ForkedBooter.java:418)

Aug 29, 2019 8:13:46 AM org.apache.ratis.thirdparty.io.grpc.internal.ManagedChannelOrphanWrapper$ManagedChannelReference cleanQueue
SEVERE: *~*~*~ Channel ManagedChannelImpl{logId=2760, target=192.168.69.111:40712} was not shutdown properly!!! ~*~*~*
    Make sure to call shutdown()/shutdownNow() and wait until awaitTermination() returns true.
java.lang.RuntimeException: ManagedChannel allocation site
	at org.apache.ratis.thirdparty.io.grpc.internal.ManagedChannelOrphanWrapper$ManagedChannelReference.<init>(ManagedChannelOrphanWrapper.java:103)
	at org.apache.ratis.thirdparty.io.grpc.internal.ManagedChannelOrphanWrapper.<init>(ManagedChannelOrphanWrapper.java:53)
	at org.apache.ratis.thirdparty.io.grpc.internal.ManagedChannelOrphanWrapper.<init>(ManagedChannelOrphanWrapper.java:44)
	at org.apache.ratis.thirdparty.io.grpc.internal.AbstractManagedChannelImplBuilder.build(AbstractManagedChannelImplBuilder.java:411)
	at org.apache.hadoop.hdds.scm.XceiverClientGrpc.connectToDatanode(XceiverClientGrpc.java:175)
	at org.apache.hadoop.hdds.scm.XceiverClientGrpc.reconnect(XceiverClientGrpc.java:423)
	at org.apache.hadoop.hdds.scm.XceiverClientGrpc.sendCommandAsync(XceiverClientGrpc.java:372)
	at org.apache.hadoop.hdds.scm.XceiverClientGrpc.sendCommandWithRetry(XceiverClientGrpc.java:285)
	at org.apache.hadoop.hdds.scm.XceiverClientGrpc.sendCommandWithTraceIDAndRetry(XceiverClientGrpc.java:251)
	at org.apache.hadoop.hdds.scm.XceiverClientGrpc.sendCommand(XceiverClientGrpc.java:234)
	at org.apache.hadoop.hdds.scm.storage.ContainerProtocolCalls.getBlock(ContainerProtocolCalls.java:118)
	at org.apache.hadoop.hdds.scm.storage.BlockInputStream.getChunkInfos(BlockInputStream.java:167)
	at org.apache.hadoop.hdds.scm.storage.BlockInputStream.initialize(BlockInputStream.java:118)
	at org.apache.hadoop.hdds.scm.storage.BlockInputStream.read(BlockInputStream.java:222)
	at org.apache.hadoop.ozone.client.io.KeyInputStream.read(KeyInputStream.java:171)
	at org.apache.hadoop.ozone.client.io.OzoneInputStream.read(OzoneInputStream.java:47)
	at java.io.InputStream.read(InputStream.java:101)
	at org.apache.hadoop.ozone.container.ContainerTestHelper.validateData(ContainerTestHelper.java:713)
	at org.apache.hadoop.ozone.client.rpc.TestBlockOutputStreamWithFailures.validateData(TestBlockOutputStreamWithFailures.java:1216)
	at org.apache.hadoop.ozone.client.rpc.TestBlockOutputStreamWithFailures.testDatanodeFailureWithSingleNodeRatis(TestBlockOutputStreamWithFailures.java:1058)
	at sun.reflect.NativeMethodAccessorImpl.invoke0(Native Method)
	at sun.reflect.NativeMethodAccessorImpl.invoke(NativeMethodAccessorImpl.java:62)
	at sun.reflect.DelegatingMethodAccessorImpl.invoke(DelegatingMethodAccessorImpl.java:43)
	at java.lang.reflect.Method.invoke(Method.java:498)
	at org.junit.runners.model.FrameworkMethod$1.runReflectiveCall(FrameworkMethod.java:47)
	at org.junit.internal.runners.model.ReflectiveCallable.run(ReflectiveCallable.java:12)
	at org.junit.runners.model.FrameworkMethod.invokeExplosively(FrameworkMethod.java:44)
	at org.junit.internal.runners.statements.InvokeMethod.evaluate(InvokeMethod.java:17)
	at org.junit.internal.runners.statements.RunBefores.evaluate(RunBefores.java:26)
	at org.junit.internal.runners.statements.RunAfters.evaluate(RunAfters.java:27)
	at org.junit.runners.ParentRunner.runLeaf(ParentRunner.java:271)
	at org.junit.runners.BlockJUnit4ClassRunner.runChild(BlockJUnit4ClassRunner.java:70)
	at org.junit.runners.BlockJUnit4ClassRunner.runChild(BlockJUnit4ClassRunner.java:50)
	at org.junit.runners.ParentRunner$3.run(ParentRunner.java:238)
	at org.junit.runners.ParentRunner$1.schedule(ParentRunner.java:63)
	at org.junit.runners.ParentRunner.runChildren(ParentRunner.java:236)
	at org.junit.runners.ParentRunner.access$000(ParentRunner.java:53)
	at org.junit.runners.ParentRunner$2.evaluate(ParentRunner.java:229)
	at org.junit.runners.ParentRunner.run(ParentRunner.java:309)
	at org.apache.maven.surefire.junit4.JUnit4Provider.execute(JUnit4Provider.java:365)
	at org.apache.maven.surefire.junit4.JUnit4Provider.executeWithRerun(JUnit4Provider.java:273)
	at org.apache.maven.surefire.junit4.JUnit4Provider.executeTestSet(JUnit4Provider.java:238)
	at org.apache.maven.surefire.junit4.JUnit4Provider.invoke(JUnit4Provider.java:159)
	at org.apache.maven.surefire.booter.ForkedBooter.invokeProviderInSameClassLoader(ForkedBooter.java:384)
	at org.apache.maven.surefire.booter.ForkedBooter.runSuitesInProcess(ForkedBooter.java:345)
	at org.apache.maven.surefire.booter.ForkedBooter.execute(ForkedBooter.java:126)
	at org.apache.maven.surefire.booter.ForkedBooter.main(ForkedBooter.java:418)

Aug 29, 2019 8:13:46 AM org.apache.ratis.thirdparty.io.grpc.internal.ManagedChannelOrphanWrapper$ManagedChannelReference cleanQueue
SEVERE: *~*~*~ Channel ManagedChannelImpl{logId=2730, target=192.168.69.111:37868} was not shutdown properly!!! ~*~*~*
    Make sure to call shutdown()/shutdownNow() and wait until awaitTermination() returns true.
java.lang.RuntimeException: ManagedChannel allocation site
	at org.apache.ratis.thirdparty.io.grpc.internal.ManagedChannelOrphanWrapper$ManagedChannelReference.<init>(ManagedChannelOrphanWrapper.java:103)
	at org.apache.ratis.thirdparty.io.grpc.internal.ManagedChannelOrphanWrapper.<init>(ManagedChannelOrphanWrapper.java:53)
	at org.apache.ratis.thirdparty.io.grpc.internal.ManagedChannelOrphanWrapper.<init>(ManagedChannelOrphanWrapper.java:44)
	at org.apache.ratis.thirdparty.io.grpc.internal.AbstractManagedChannelImplBuilder.build(AbstractManagedChannelImplBuilder.java:411)
	at org.apache.ratis.grpc.client.GrpcClientProtocolClient.<init>(GrpcClientProtocolClient.java:119)
	at org.apache.ratis.grpc.client.GrpcClientRpc.lambda$new$0(GrpcClientRpc.java:55)
	at org.apache.ratis.util.PeerProxyMap$PeerAndProxy.lambda$getProxy$0(PeerProxyMap.java:61)
	at org.apache.ratis.util.LifeCycle.startAndTransition(LifeCycle.java:202)
	at org.apache.ratis.util.PeerProxyMap$PeerAndProxy.getProxy(PeerProxyMap.java:60)
	at org.apache.ratis.util.PeerProxyMap.getProxy(PeerProxyMap.java:107)
	at org.apache.ratis.grpc.client.GrpcClientRpc.sendRequestAsync(GrpcClientRpc.java:66)
	at org.apache.ratis.client.impl.OrderedAsync.sendRequest(OrderedAsync.java:208)
	at org.apache.ratis.client.impl.OrderedAsync.sendRequestWithRetry(OrderedAsync.java:169)
	at org.apache.ratis.util.SlidingWindow$Client.sendOrDelayRequest(SlidingWindow.java:278)
	at org.apache.ratis.util.SlidingWindow$Client.submitNewRequest(SlidingWindow.java:257)
	at org.apache.ratis.client.impl.OrderedAsync.send(OrderedAsync.java:155)
	at org.apache.ratis.client.impl.RaftClientImpl.sendAsync(RaftClientImpl.java:145)
	at org.apache.ratis.client.impl.RaftClientImpl.sendAsync(RaftClientImpl.java:125)
	at org.apache.hadoop.hdds.scm.XceiverClientRatis.sendRequestAsync(XceiverClientRatis.java:224)
	at org.apache.hadoop.hdds.scm.XceiverClientRatis.sendCommandAsync(XceiverClientRatis.java:302)
	at org.apache.hadoop.hdds.scm.storage.ContainerProtocolCalls.writeChunkAsync(ContainerProtocolCalls.java:310)
	at org.apache.hadoop.hdds.scm.storage.BlockOutputStream.writeChunkToContainer(BlockOutputStream.java:601)
	at org.apache.hadoop.hdds.scm.storage.BlockOutputStream.writeChunk(BlockOutputStream.java:459)
	at org.apache.hadoop.hdds.scm.storage.BlockOutputStream.writeOnRetry(BlockOutputStream.java:285)
	at org.apache.hadoop.ozone.client.io.BlockOutputStreamEntry.writeOnRetry(BlockOutputStreamEntry.java:200)
	at org.apache.hadoop.ozone.client.io.KeyOutputStream.handleWrite(KeyOutputStream.java:209)
	at org.apache.hadoop.ozone.client.io.KeyOutputStream.handleRetry(KeyOutputStream.java:376)
	at org.apache.hadoop.ozone.client.io.KeyOutputStream.handleException(KeyOutputStream.java:325)
	at org.apache.hadoop.ozone.client.io.KeyOutputStream.handleFlushOrClose(KeyOutputStream.java:448)
	at org.apache.hadoop.ozone.client.io.KeyOutputStream.handleWrite(KeyOutputStream.java:235)
	at org.apache.hadoop.ozone.client.io.KeyOutputStream.write(KeyOutputStream.java:193)
	at org.apache.hadoop.ozone.client.io.OzoneOutputStream.write(OzoneOutputStream.java:49)
	at java.io.OutputStream.write(OutputStream.java:75)
	at org.apache.hadoop.ozone.client.rpc.TestBlockOutputStreamWithFailures.testDatanodeFailureWithSingleNodeRatis(TestBlockOutputStreamWithFailures.java:1021)
	at sun.reflect.NativeMethodAccessorImpl.invoke0(Native Method)
	at sun.reflect.NativeMethodAccessorImpl.invoke(NativeMethodAccessorImpl.java:62)
	at sun.reflect.DelegatingMethodAccessorImpl.invoke(DelegatingMethodAccessorImpl.java:43)
	at java.lang.reflect.Method.invoke(Method.java:498)
	at org.junit.runners.model.FrameworkMethod$1.runReflectiveCall(FrameworkMethod.java:47)
	at org.junit.internal.runners.model.ReflectiveCallable.run(ReflectiveCallable.java:12)
	at org.junit.runners.model.FrameworkMethod.invokeExplosively(FrameworkMethod.java:44)
	at org.junit.internal.runners.statements.InvokeMethod.evaluate(InvokeMethod.java:17)
	at org.junit.internal.runners.statements.RunBefores.evaluate(RunBefores.java:26)
	at org.junit.internal.runners.statements.RunAfters.evaluate(RunAfters.java:27)
	at org.junit.runners.ParentRunner.runLeaf(ParentRunner.java:271)
	at org.junit.runners.BlockJUnit4ClassRunner.runChild(BlockJUnit4ClassRunner.java:70)
	at org.junit.runners.BlockJUnit4ClassRunner.runChild(BlockJUnit4ClassRunner.java:50)
	at org.junit.runners.ParentRunner$3.run(ParentRunner.java:238)
	at org.junit.runners.ParentRunner$1.schedule(ParentRunner.java:63)
	at org.junit.runners.ParentRunner.runChildren(ParentRunner.java:236)
	at org.junit.runners.ParentRunner.access$000(ParentRunner.java:53)
	at org.junit.runners.ParentRunner$2.evaluate(ParentRunner.java:229)
	at org.junit.runners.ParentRunner.run(ParentRunner.java:309)
	at org.apache.maven.surefire.junit4.JUnit4Provider.execute(JUnit4Provider.java:365)
	at org.apache.maven.surefire.junit4.JUnit4Provider.executeWithRerun(JUnit4Provider.java:273)
	at org.apache.maven.surefire.junit4.JUnit4Provider.executeTestSet(JUnit4Provider.java:238)
	at org.apache.maven.surefire.junit4.JUnit4Provider.invoke(JUnit4Provider.java:159)
	at org.apache.maven.surefire.booter.ForkedBooter.invokeProviderInSameClassLoader(ForkedBooter.java:384)
	at org.apache.maven.surefire.booter.ForkedBooter.runSuitesInProcess(ForkedBooter.java:345)
	at org.apache.maven.surefire.booter.ForkedBooter.execute(ForkedBooter.java:126)
	at org.apache.maven.surefire.booter.ForkedBooter.main(ForkedBooter.java:418)

Aug 29, 2019 8:13:46 AM org.apache.ratis.thirdparty.io.grpc.internal.ManagedChannelOrphanWrapper$ManagedChannelReference cleanQueue
SEVERE: *~*~*~ Channel ManagedChannelImpl{logId=2944, target=192.168.69.111:44002} was not shutdown properly!!! ~*~*~*
    Make sure to call shutdown()/shutdownNow() and wait until awaitTermination() returns true.
java.lang.RuntimeException: ManagedChannel allocation site
	at org.apache.ratis.thirdparty.io.grpc.internal.ManagedChannelOrphanWrapper$ManagedChannelReference.<init>(ManagedChannelOrphanWrapper.java:103)
	at org.apache.ratis.thirdparty.io.grpc.internal.ManagedChannelOrphanWrapper.<init>(ManagedChannelOrphanWrapper.java:53)
	at org.apache.ratis.thirdparty.io.grpc.internal.ManagedChannelOrphanWrapper.<init>(ManagedChannelOrphanWrapper.java:44)
	at org.apache.ratis.thirdparty.io.grpc.internal.AbstractManagedChannelImplBuilder.build(AbstractManagedChannelImplBuilder.java:411)
	at org.apache.ratis.grpc.client.GrpcClientProtocolClient.<init>(GrpcClientProtocolClient.java:119)
	at org.apache.ratis.grpc.client.GrpcClientRpc.lambda$new$0(GrpcClientRpc.java:55)
	at org.apache.ratis.util.PeerProxyMap$PeerAndProxy.lambda$getProxy$0(PeerProxyMap.java:61)
	at org.apache.ratis.util.LifeCycle.startAndTransition(LifeCycle.java:202)
	at org.apache.ratis.util.PeerProxyMap$PeerAndProxy.getProxy(PeerProxyMap.java:60)
	at org.apache.ratis.util.PeerProxyMap.getProxy(PeerProxyMap.java:107)
	at org.apache.ratis.grpc.client.GrpcClientRpc.sendRequestAsync(GrpcClientRpc.java:66)
	at org.apache.ratis.client.impl.OrderedAsync.sendRequest(OrderedAsync.java:208)
	at org.apache.ratis.client.impl.OrderedAsync.sendRequestWithRetry(OrderedAsync.java:169)
	at org.apache.ratis.util.SlidingWindow$Client.sendOrDelayRequest(SlidingWindow.java:278)
	at org.apache.ratis.util.SlidingWindow$Client.submitNewRequest(SlidingWindow.java:257)
	at org.apache.ratis.client.impl.OrderedAsync.send(OrderedAsync.java:155)
	at org.apache.ratis.client.impl.RaftClientImpl.sendAsync(RaftClientImpl.java:145)
	at org.apache.ratis.client.impl.RaftClientImpl.sendAsync(RaftClientImpl.java:125)
	at org.apache.hadoop.hdds.scm.XceiverClientRatis.sendRequestAsync(XceiverClientRatis.java:224)
	at org.apache.hadoop.hdds.scm.XceiverClientRatis.sendCommandAsync(XceiverClientRatis.java:302)
	at org.apache.hadoop.hdds.scm.storage.ContainerProtocolCalls.writeChunkAsync(ContainerProtocolCalls.java:310)
	at org.apache.hadoop.hdds.scm.storage.BlockOutputStream.writeChunkToContainer(BlockOutputStream.java:601)
	at org.apache.hadoop.hdds.scm.storage.BlockOutputStream.writeChunk(BlockOutputStream.java:459)
	at org.apache.hadoop.hdds.scm.storage.BlockOutputStream.writeOnRetry(BlockOutputStream.java:285)
	at org.apache.hadoop.ozone.client.io.BlockOutputStreamEntry.writeOnRetry(BlockOutputStreamEntry.java:200)
	at org.apache.hadoop.ozone.client.io.KeyOutputStream.handleWrite(KeyOutputStream.java:209)
	at org.apache.hadoop.ozone.client.io.KeyOutputStream.handleRetry(KeyOutputStream.java:376)
	at org.apache.hadoop.ozone.client.io.KeyOutputStream.handleException(KeyOutputStream.java:325)
	at org.apache.hadoop.ozone.client.io.KeyOutputStream.handleFlushOrClose(KeyOutputStream.java:448)
	at org.apache.hadoop.ozone.client.io.KeyOutputStream.handleWrite(KeyOutputStream.java:235)
	at org.apache.hadoop.ozone.client.io.KeyOutputStream.write(KeyOutputStream.java:193)
	at org.apache.hadoop.ozone.client.io.OzoneOutputStream.write(OzoneOutputStream.java:49)
	at java.io.OutputStream.write(OutputStream.java:75)
	at org.apache.hadoop.ozone.client.rpc.TestBlockOutputStreamWithFailures.testWatchForCommitWithSingleNodeRatis(TestBlockOutputStreamWithFailures.java:885)
	at sun.reflect.NativeMethodAccessorImpl.invoke0(Native Method)
	at sun.reflect.NativeMethodAccessorImpl.invoke(NativeMethodAccessorImpl.java:62)
	at sun.reflect.DelegatingMethodAccessorImpl.invoke(DelegatingMethodAccessorImpl.java:43)
	at java.lang.reflect.Method.invoke(Method.java:498)
	at org.junit.runners.model.FrameworkMethod$1.runReflectiveCall(FrameworkMethod.java:47)
	at org.junit.internal.runners.model.ReflectiveCallable.run(ReflectiveCallable.java:12)
	at org.junit.runners.model.FrameworkMethod.invokeExplosively(FrameworkMethod.java:44)
	at org.junit.internal.runners.statements.InvokeMethod.evaluate(InvokeMethod.java:17)
	at org.junit.internal.runners.statements.RunBefores.evaluate(RunBefores.java:26)
	at org.junit.internal.runners.statements.RunAfters.evaluate(RunAfters.java:27)
	at org.junit.runners.ParentRunner.runLeaf(ParentRunner.java:271)
	at org.junit.runners.BlockJUnit4ClassRunner.runChild(BlockJUnit4ClassRunner.java:70)
	at org.junit.runners.BlockJUnit4ClassRunner.runChild(BlockJUnit4ClassRunner.java:50)
	at org.junit.runners.ParentRunner$3.run(ParentRunner.java:238)
	at org.junit.runners.ParentRunner$1.schedule(ParentRunner.java:63)
	at org.junit.runners.ParentRunner.runChildren(ParentRunner.java:236)
	at org.junit.runners.ParentRunner.access$000(ParentRunner.java:53)
	at org.junit.runners.ParentRunner$2.evaluate(ParentRunner.java:229)
	at org.junit.runners.ParentRunner.run(ParentRunner.java:309)
	at org.apache.maven.surefire.junit4.JUnit4Provider.execute(JUnit4Provider.java:365)
	at org.apache.maven.surefire.junit4.JUnit4Provider.executeWithRerun(JUnit4Provider.java:273)
	at org.apache.maven.surefire.junit4.JUnit4Provider.executeTestSet(JUnit4Provider.java:238)
	at org.apache.maven.surefire.junit4.JUnit4Provider.invoke(JUnit4Provider.java:159)
	at org.apache.maven.surefire.booter.ForkedBooter.invokeProviderInSameClassLoader(ForkedBooter.java:384)
	at org.apache.maven.surefire.booter.ForkedBooter.runSuitesInProcess(ForkedBooter.java:345)
	at org.apache.maven.surefire.booter.ForkedBooter.execute(ForkedBooter.java:126)
	at org.apache.maven.surefire.booter.ForkedBooter.main(ForkedBooter.java:418)

Aug 29, 2019 8:13:46 AM org.apache.ratis.thirdparty.io.grpc.internal.ManagedChannelOrphanWrapper$ManagedChannelReference cleanQueue
SEVERE: *~*~*~ Channel ManagedChannelImpl{logId=2726, target=192.168.69.111:43570} was not shutdown properly!!! ~*~*~*
    Make sure to call shutdown()/shutdownNow() and wait until awaitTermination() returns true.
java.lang.RuntimeException: ManagedChannel allocation site
	at org.apache.ratis.thirdparty.io.grpc.internal.ManagedChannelOrphanWrapper$ManagedChannelReference.<init>(ManagedChannelOrphanWrapper.java:103)
	at org.apache.ratis.thirdparty.io.grpc.internal.ManagedChannelOrphanWrapper.<init>(ManagedChannelOrphanWrapper.java:53)
	at org.apache.ratis.thirdparty.io.grpc.internal.ManagedChannelOrphanWrapper.<init>(ManagedChannelOrphanWrapper.java:44)
	at org.apache.ratis.thirdparty.io.grpc.internal.AbstractManagedChannelImplBuilder.build(AbstractManagedChannelImplBuilder.java:411)
	at org.apache.ratis.grpc.client.GrpcClientProtocolClient.<init>(GrpcClientProtocolClient.java:119)
	at org.apache.ratis.grpc.client.GrpcClientRpc.lambda$new$0(GrpcClientRpc.java:55)
	at org.apache.ratis.util.PeerProxyMap$PeerAndProxy.lambda$getProxy$0(PeerProxyMap.java:61)
	at org.apache.ratis.util.LifeCycle.startAndTransition(LifeCycle.java:202)
	at org.apache.ratis.util.PeerProxyMap$PeerAndProxy.getProxy(PeerProxyMap.java:60)
	at org.apache.ratis.util.PeerProxyMap.getProxy(PeerProxyMap.java:107)
	at org.apache.ratis.grpc.client.GrpcClientRpc.sendRequestAsync(GrpcClientRpc.java:66)
	at org.apache.ratis.client.impl.OrderedAsync.sendRequest(OrderedAsync.java:208)
	at org.apache.ratis.client.impl.OrderedAsync.sendRequestWithRetry(OrderedAsync.java:169)
	at org.apache.ratis.util.SlidingWindow$Client.sendOrDelayRequest(SlidingWindow.java:278)
	at org.apache.ratis.util.SlidingWindow$Client.retry(SlidingWindow.java:294)
	at org.apache.ratis.client.impl.OrderedAsync.lambda$scheduleWithTimeout$7(OrderedAsync.java:195)
	at org.apache.ratis.util.TimeoutScheduler.lambda$onTimeout$0(TimeoutScheduler.java:85)
	at org.apache.ratis.util.TimeoutScheduler.lambda$onTimeout$1(TimeoutScheduler.java:104)
	at org.apache.ratis.util.LogUtils.runAndLog(LogUtils.java:50)
	at org.apache.ratis.util.LogUtils$1.run(LogUtils.java:91)
	at java.util.concurrent.Executors$RunnableAdapter.call(Executors.java:511)
	at java.util.concurrent.FutureTask.run(FutureTask.java:266)
	at java.util.concurrent.ScheduledThreadPoolExecutor$ScheduledFutureTask.access$201(ScheduledThreadPoolExecutor.java:180)
	at java.util.concurrent.ScheduledThreadPoolExecutor$ScheduledFutureTask.run(ScheduledThreadPoolExecutor.java:293)
	at java.util.concurrent.ThreadPoolExecutor.runWorker(ThreadPoolExecutor.java:1149)
	at java.util.concurrent.ThreadPoolExecutor$Worker.run(ThreadPoolExecutor.java:624)
	at java.lang.Thread.run(Thread.java:748)

Aug 29, 2019 8:13:46 AM org.apache.ratis.thirdparty.io.grpc.internal.ManagedChannelOrphanWrapper$ManagedChannelReference cleanQueue
SEVERE: *~*~*~ Channel ManagedChannelImpl{logId=2939, target=192.168.69.111:32883} was not shutdown properly!!! ~*~*~*
    Make sure to call shutdown()/shutdownNow() and wait until awaitTermination() returns true.
java.lang.RuntimeException: ManagedChannel allocation site
	at org.apache.ratis.thirdparty.io.grpc.internal.ManagedChannelOrphanWrapper$ManagedChannelReference.<init>(ManagedChannelOrphanWrapper.java:103)
	at org.apache.ratis.thirdparty.io.grpc.internal.ManagedChannelOrphanWrapper.<init>(ManagedChannelOrphanWrapper.java:53)
	at org.apache.ratis.thirdparty.io.grpc.internal.ManagedChannelOrphanWrapper.<init>(ManagedChannelOrphanWrapper.java:44)
	at org.apache.ratis.thirdparty.io.grpc.internal.AbstractManagedChannelImplBuilder.build(AbstractManagedChannelImplBuilder.java:411)
	at org.apache.ratis.grpc.client.GrpcClientProtocolClient.<init>(GrpcClientProtocolClient.java:119)
	at org.apache.ratis.grpc.client.GrpcClientRpc.lambda$new$0(GrpcClientRpc.java:55)
	at org.apache.ratis.util.PeerProxyMap$PeerAndProxy.lambda$getProxy$0(PeerProxyMap.java:61)
	at org.apache.ratis.util.LifeCycle.startAndTransition(LifeCycle.java:202)
	at org.apache.ratis.util.PeerProxyMap$PeerAndProxy.getProxy(PeerProxyMap.java:60)
	at org.apache.ratis.util.PeerProxyMap.getProxy(PeerProxyMap.java:107)
	at org.apache.ratis.grpc.client.GrpcClientRpc.sendRequestAsync(GrpcClientRpc.java:66)
	at org.apache.ratis.client.impl.OrderedAsync.sendRequest(OrderedAsync.java:208)
	at org.apache.ratis.client.impl.OrderedAsync.sendRequestWithRetry(OrderedAsync.java:169)
	at org.apache.ratis.util.SlidingWindow$Client.sendOrDelayRequest(SlidingWindow.java:278)
	at org.apache.ratis.util.SlidingWindow$Client.retry(SlidingWindow.java:294)
	at org.apache.ratis.client.impl.OrderedAsync.lambda$scheduleWithTimeout$7(OrderedAsync.java:195)
	at org.apache.ratis.util.TimeoutScheduler.lambda$onTimeout$0(TimeoutScheduler.java:85)
	at org.apache.ratis.util.TimeoutScheduler.lambda$onTimeout$1(TimeoutScheduler.java:104)
	at org.apache.ratis.util.LogUtils.runAndLog(LogUtils.java:50)
	at org.apache.ratis.util.LogUtils$1.run(LogUtils.java:91)
	at java.util.concurrent.Executors$RunnableAdapter.call(Executors.java:511)
	at java.util.concurrent.FutureTask.run(FutureTask.java:266)
	at java.util.concurrent.ScheduledThreadPoolExecutor$ScheduledFutureTask.access$201(ScheduledThreadPoolExecutor.java:180)
	at java.util.concurrent.ScheduledThreadPoolExecutor$ScheduledFutureTask.run(ScheduledThreadPoolExecutor.java:293)
	at java.util.concurrent.ThreadPoolExecutor.runWorker(ThreadPoolExecutor.java:1149)
	at java.util.concurrent.ThreadPoolExecutor$Worker.run(ThreadPoolExecutor.java:624)
	at java.lang.Thread.run(Thread.java:748)

Aug 29, 2019 8:13:46 AM org.apache.ratis.thirdparty.io.grpc.internal.ManagedChannelOrphanWrapper$ManagedChannelReference cleanQueue
SEVERE: *~*~*~ Channel ManagedChannelImpl{logId=2949, target=192.168.69.111:43644} was not shutdown properly!!! ~*~*~*
    Make sure to call shutdown()/shutdownNow() and wait until awaitTermination() returns true.
java.lang.RuntimeException: ManagedChannel allocation site
	at org.apache.ratis.thirdparty.io.grpc.internal.ManagedChannelOrphanWrapper$ManagedChannelReference.<init>(ManagedChannelOrphanWrapper.java:103)
	at org.apache.ratis.thirdparty.io.grpc.internal.ManagedChannelOrphanWrapper.<init>(ManagedChannelOrphanWrapper.java:53)
	at org.apache.ratis.thirdparty.io.grpc.internal.ManagedChannelOrphanWrapper.<init>(ManagedChannelOrphanWrapper.java:44)
	at org.apache.ratis.thirdparty.io.grpc.internal.AbstractManagedChannelImplBuilder.build(AbstractManagedChannelImplBuilder.java:411)
	at org.apache.hadoop.hdds.scm.XceiverClientGrpc.connectToDatanode(XceiverClientGrpc.java:175)
	at org.apache.hadoop.hdds.scm.XceiverClientGrpc.reconnect(XceiverClientGrpc.java:423)
	at org.apache.hadoop.hdds.scm.XceiverClientGrpc.sendCommandAsync(XceiverClientGrpc.java:372)
	at org.apache.hadoop.hdds.scm.XceiverClientGrpc.sendCommandWithRetry(XceiverClientGrpc.java:285)
	at org.apache.hadoop.hdds.scm.XceiverClientGrpc.sendCommandWithTraceIDAndRetry(XceiverClientGrpc.java:251)
	at org.apache.hadoop.hdds.scm.XceiverClientGrpc.sendCommand(XceiverClientGrpc.java:234)
	at org.apache.hadoop.hdds.scm.storage.ContainerProtocolCalls.getBlock(ContainerProtocolCalls.java:118)
	at org.apache.hadoop.hdds.scm.storage.BlockInputStream.getChunkInfos(BlockInputStream.java:167)
	at org.apache.hadoop.hdds.scm.storage.BlockInputStream.initialize(BlockInputStream.java:118)
	at org.apache.hadoop.hdds.scm.storage.BlockInputStream.read(BlockInputStream.java:222)
	at org.apache.hadoop.ozone.client.io.KeyInputStream.read(KeyInputStream.java:171)
	at org.apache.hadoop.ozone.client.io.OzoneInputStream.read(OzoneInputStream.java:47)
	at java.io.InputStream.read(InputStream.java:101)
	at org.apache.hadoop.ozone.container.ContainerTestHelper.validateData(ContainerTestHelper.java:713)
	at org.apache.hadoop.ozone.client.rpc.TestBlockOutputStreamWithFailures.validateData(TestBlockOutputStreamWithFailures.java:1216)
	at org.apache.hadoop.ozone.client.rpc.TestBlockOutputStreamWithFailures.testWatchForCommitWithSingleNodeRatis(TestBlockOutputStreamWithFailures.java:918)
	at sun.reflect.NativeMethodAccessorImpl.invoke0(Native Method)
	at sun.reflect.NativeMethodAccessorImpl.invoke(NativeMethodAccessorImpl.java:62)
	at sun.reflect.DelegatingMethodAccessorImpl.invoke(DelegatingMethodAccessorImpl.java:43)
	at java.lang.reflect.Method.invoke(Method.java:498)
	at org.junit.runners.model.FrameworkMethod$1.runReflectiveCall(FrameworkMethod.java:47)
	at org.junit.internal.runners.model.ReflectiveCallable.run(ReflectiveCallable.java:12)
	at org.junit.runners.model.FrameworkMethod.invokeExplosively(FrameworkMethod.java:44)
	at org.junit.internal.runners.statements.InvokeMethod.evaluate(InvokeMethod.java:17)
	at org.junit.internal.runners.statements.RunBefores.evaluate(RunBefores.java:26)
	at org.junit.internal.runners.statements.RunAfters.evaluate(RunAfters.java:27)
	at org.junit.runners.ParentRunner.runLeaf(ParentRunner.java:271)
	at org.junit.runners.BlockJUnit4ClassRunner.runChild(BlockJUnit4ClassRunner.java:70)
	at org.junit.runners.BlockJUnit4ClassRunner.runChild(BlockJUnit4ClassRunner.java:50)
	at org.junit.runners.ParentRunner$3.run(ParentRunner.java:238)
	at org.junit.runners.ParentRunner$1.schedule(ParentRunner.java:63)
	at org.junit.runners.ParentRunner.runChildren(ParentRunner.java:236)
	at org.junit.runners.ParentRunner.access$000(ParentRunner.java:53)
	at org.junit.runners.ParentRunner$2.evaluate(ParentRunner.java:229)
	at org.junit.runners.ParentRunner.run(ParentRunner.java:309)
	at org.apache.maven.surefire.junit4.JUnit4Provider.execute(JUnit4Provider.java:365)
	at org.apache.maven.surefire.junit4.JUnit4Provider.executeWithRerun(JUnit4Provider.java:273)
	at org.apache.maven.surefire.junit4.JUnit4Provider.executeTestSet(JUnit4Provider.java:238)
	at org.apache.maven.surefire.junit4.JUnit4Provider.invoke(JUnit4Provider.java:159)
	at org.apache.maven.surefire.booter.ForkedBooter.invokeProviderInSameClassLoader(ForkedBooter.java:384)
	at org.apache.maven.surefire.booter.ForkedBooter.runSuitesInProcess(ForkedBooter.java:345)
	at org.apache.maven.surefire.booter.ForkedBooter.execute(ForkedBooter.java:126)
	at org.apache.maven.surefire.booter.ForkedBooter.main(ForkedBooter.java:418)

]]></system-err>
  </testcase>
  <testcase name="testFailureWithPrimeSizedData" classname="org.apache.hadoop.ozone.client.rpc.TestBlockOutputStreamWithFailures" time="36.409"/>
  <testcase name="testWatchForCommitWithCloseContainerException" classname="org.apache.hadoop.ozone.client.rpc.TestBlockOutputStreamWithFailures" time="36.865">
    <failure message="expected:&lt;81&gt; but was:&lt;82&gt;" type="java.lang.AssertionError"><![CDATA[java.lang.AssertionError: expected:<81> but was:<82>
	at org.junit.Assert.fail(Assert.java:88)
	at org.junit.Assert.failNotEquals(Assert.java:743)
	at org.junit.Assert.assertEquals(Assert.java:118)
	at org.junit.Assert.assertEquals(Assert.java:555)
	at org.junit.Assert.assertEquals(Assert.java:542)
	at org.apache.hadoop.ozone.client.rpc.TestBlockOutputStreamWithFailures.testWatchForCommitWithCloseContainerException(TestBlockOutputStreamWithFailures.java:196)
	at sun.reflect.NativeMethodAccessorImpl.invoke0(Native Method)
	at sun.reflect.NativeMethodAccessorImpl.invoke(NativeMethodAccessorImpl.java:62)
	at sun.reflect.DelegatingMethodAccessorImpl.invoke(DelegatingMethodAccessorImpl.java:43)
	at java.lang.reflect.Method.invoke(Method.java:498)
	at org.junit.runners.model.FrameworkMethod$1.runReflectiveCall(FrameworkMethod.java:47)
	at org.junit.internal.runners.model.ReflectiveCallable.run(ReflectiveCallable.java:12)
	at org.junit.runners.model.FrameworkMethod.invokeExplosively(FrameworkMethod.java:44)
	at org.junit.internal.runners.statements.InvokeMethod.evaluate(InvokeMethod.java:17)
	at org.junit.internal.runners.statements.RunBefores.evaluate(RunBefores.java:26)
	at org.junit.internal.runners.statements.RunAfters.evaluate(RunAfters.java:27)
	at org.junit.runners.ParentRunner.runLeaf(ParentRunner.java:271)
	at org.junit.runners.BlockJUnit4ClassRunner.runChild(BlockJUnit4ClassRunner.java:70)
	at org.junit.runners.BlockJUnit4ClassRunner.runChild(BlockJUnit4ClassRunner.java:50)
	at org.junit.runners.ParentRunner$3.run(ParentRunner.java:238)
	at org.junit.runners.ParentRunner$1.schedule(ParentRunner.java:63)
	at org.junit.runners.ParentRunner.runChildren(ParentRunner.java:236)
	at org.junit.runners.ParentRunner.access$000(ParentRunner.java:53)
	at org.junit.runners.ParentRunner$2.evaluate(ParentRunner.java:229)
	at org.junit.runners.ParentRunner.run(ParentRunner.java:309)
	at org.apache.maven.surefire.junit4.JUnit4Provider.execute(JUnit4Provider.java:365)
	at org.apache.maven.surefire.junit4.JUnit4Provider.executeWithRerun(JUnit4Provider.java:273)
	at org.apache.maven.surefire.junit4.JUnit4Provider.executeTestSet(JUnit4Provider.java:238)
	at org.apache.maven.surefire.junit4.JUnit4Provider.invoke(JUnit4Provider.java:159)
	at org.apache.maven.surefire.booter.ForkedBooter.invokeProviderInSameClassLoader(ForkedBooter.java:384)
	at org.apache.maven.surefire.booter.ForkedBooter.runSuitesInProcess(ForkedBooter.java:345)
	at org.apache.maven.surefire.booter.ForkedBooter.execute(ForkedBooter.java:126)
	at org.apache.maven.surefire.booter.ForkedBooter.main(ForkedBooter.java:418)
]]></failure>
    <system-out><![CDATA[2019-08-29 08:15:01,048 [main] WARN  server.ServerUtils (ServerUtils.java:getScmDbDir(145)) - ozone.scm.db.dirs is not configured. We recommend adding this setting. Falling back to ozone.metadata.dirs instead.
2019-08-29 08:15:01,107 [main] WARN  server.ServerUtils (ServerUtils.java:getScmDbDir(145)) - ozone.scm.db.dirs is not configured. We recommend adding this setting. Falling back to ozone.metadata.dirs instead.
2019-08-29 08:15:01,108 [main] WARN  server.ServerUtils (ServerUtils.java:getScmDbDir(145)) - ozone.scm.db.dirs is not configured. We recommend adding this setting. Falling back to ozone.metadata.dirs instead.
2019-08-29 08:15:01,108 [main] INFO  db.DBStoreBuilder (DBStoreBuilder.java:addTable(110)) - using custom profile for table: deletedBlocks
2019-08-29 08:15:01,108 [main] INFO  db.DBStoreBuilder (DBStoreBuilder.java:processTables(161)) - Using default column profile:DBProfile.DISK for Table:deletedBlocks
2019-08-29 08:15:01,109 [main] INFO  db.DBStoreBuilder (DBStoreBuilder.java:addTable(110)) - using custom profile for table: validCerts
2019-08-29 08:15:01,109 [main] INFO  db.DBStoreBuilder (DBStoreBuilder.java:processTables(161)) - Using default column profile:DBProfile.DISK for Table:validCerts
2019-08-29 08:15:01,109 [main] INFO  db.DBStoreBuilder (DBStoreBuilder.java:addTable(110)) - using custom profile for table: revokedCerts
2019-08-29 08:15:01,109 [main] INFO  db.DBStoreBuilder (DBStoreBuilder.java:processTables(161)) - Using default column profile:DBProfile.DISK for Table:revokedCerts
2019-08-29 08:15:01,109 [main] INFO  db.DBStoreBuilder (DBStoreBuilder.java:addTable(110)) - using custom profile for table: default
2019-08-29 08:15:01,109 [main] INFO  db.DBStoreBuilder (DBStoreBuilder.java:processTables(167)) - Using default column profile:DBProfile.DISK for Table:default
2019-08-29 08:15:01,109 [main] INFO  db.DBStoreBuilder (DBStoreBuilder.java:getDbProfile(198)) - Using default options. DBProfile.DISK
2019-08-29 08:15:01,493 [main] INFO  net.NodeSchemaLoader (NodeSchemaLoader.java:loadSchemaFromFile(125)) - Loading file from sun.misc.CompoundEnumeration@1a48f55b
2019-08-29 08:15:01,493 [main] INFO  net.NodeSchemaLoader (NodeSchemaLoader.java:loadSchema(171)) - Loading network topology layer schema file
2019-08-29 08:15:01,497 [main] INFO  node.SCMNodeManager (SCMNodeManager.java:<init>(121)) - Entering startup safe mode.
2019-08-29 08:15:01,498 [main] INFO  algorithms.ContainerPlacementPolicyFactory (ContainerPlacementPolicyFactory.java:getPolicy(55)) - Create container placement policy of type org.apache.hadoop.hdds.scm.container.placement.algorithms.SCMContainerPlacementRandom
2019-08-29 08:15:01,498 [main] WARN  server.ServerUtils (ServerUtils.java:getScmDbDir(145)) - ozone.scm.db.dirs is not configured. We recommend adding this setting. Falling back to ozone.metadata.dirs instead.
2019-08-29 08:15:01,627 [main] INFO  pipeline.SCMPipelineManager (SCMPipelineManager.java:initializePipelineState(126)) - No pipeline exists in current db
2019-08-29 08:15:01,627 [main] WARN  server.ServerUtils (ServerUtils.java:getScmDbDir(145)) - ozone.scm.db.dirs is not configured. We recommend adding this setting. Falling back to ozone.metadata.dirs instead.
2019-08-29 08:15:01,852 [main] WARN  events.EventQueue (EventQueue.java:fireEvent(175)) - No event handler registered for event TypedEvent{payloadType=SafeModeStatus, name='SafeModeStatus'}
2019-08-29 08:15:01,852 [main] INFO  ipc.CallQueueManager (CallQueueManager.java:<init>(84)) - Using callQueue: class java.util.concurrent.LinkedBlockingQueue, queueCapacity: 2000, scheduler: class org.apache.hadoop.ipc.DefaultRpcScheduler, ipcBackoff: false.
2019-08-29 08:15:01,853 [Socket Reader #1 for port 45358] INFO  ipc.Server (Server.java:run(1074)) - Starting Socket Reader #1 for port 45358
2019-08-29 08:15:01,854 [main] INFO  ipc.CallQueueManager (CallQueueManager.java:<init>(84)) - Using callQueue: class java.util.concurrent.LinkedBlockingQueue, queueCapacity: 2000, scheduler: class org.apache.hadoop.ipc.DefaultRpcScheduler, ipcBackoff: false.
2019-08-29 08:15:01,855 [Socket Reader #1 for port 46838] INFO  ipc.Server (Server.java:run(1074)) - Starting Socket Reader #1 for port 46838
2019-08-29 08:15:01,856 [main] INFO  ipc.CallQueueManager (CallQueueManager.java:<init>(84)) - Using callQueue: class java.util.concurrent.LinkedBlockingQueue, queueCapacity: 2000, scheduler: class org.apache.hadoop.ipc.DefaultRpcScheduler, ipcBackoff: false.
2019-08-29 08:15:01,857 [Socket Reader #1 for port 42899] INFO  ipc.Server (Server.java:run(1074)) - Starting Socket Reader #1 for port 42899
2019-08-29 08:15:01,858 [main] INFO  hdfs.DFSUtil (DFSUtil.java:httpServerTemplateForNNAndJN(1641)) - Starting Web-server for scm at: http://0.0.0.0:0
2019-08-29 08:15:01,860 [main] INFO  server.AuthenticationFilter (AuthenticationFilter.java:constructSecretProvider(240)) - Unable to initialize FileSignerSecretProvider, falling back to use random secrets.
2019-08-29 08:15:01,860 [main] WARN  http.HttpRequestLog (HttpRequestLog.java:getRequestLog(97)) - Jetty request log can only be enabled using Log4j
2019-08-29 08:15:01,862 [main] INFO  http.HttpServer2 (HttpServer2.java:addGlobalFilter(975)) - Added global filter 'safety' (class=org.apache.hadoop.http.HttpServer2$QuotingInputFilter)
2019-08-29 08:15:01,862 [main] INFO  http.HttpServer2 (HttpServer2.java:addFilter(948)) - Added filter static_user_filter (class=org.apache.hadoop.http.lib.StaticUserWebFilter$StaticUserFilter) to context scm
2019-08-29 08:15:01,863 [main] INFO  http.HttpServer2 (HttpServer2.java:addFilter(958)) - Added filter static_user_filter (class=org.apache.hadoop.http.lib.StaticUserWebFilter$StaticUserFilter) to context static
2019-08-29 08:15:01,863 [main] INFO  http.HttpServer2 (HttpServer2.java:addFilter(958)) - Added filter static_user_filter (class=org.apache.hadoop.http.lib.StaticUserWebFilter$StaticUserFilter) to context logs
2019-08-29 08:15:01,864 [main] INFO  server.StorageContainerManager (StorageContainerManager.java:start(759)) - StorageContainerLocationProtocol RPC server is listening at /0.0.0.0:42899
2019-08-29 08:15:01,866 [main] WARN  impl.MetricsConfig (MetricsConfig.java:loadFirst(134)) - Cannot locate configuration: tried hadoop-metrics2-storagecontainermanager.properties,hadoop-metrics2.properties
2019-08-29 08:15:01,867 [main] INFO  impl.MetricsSystemImpl (MetricsSystemImpl.java:startTimer(374)) - Scheduled Metric snapshot period at 10 second(s).
2019-08-29 08:15:01,867 [main] INFO  impl.MetricsSystemImpl (MetricsSystemImpl.java:start(191)) - StorageContainerManager metrics system started
2019-08-29 08:15:01,964 [main] INFO  server.SCMClientProtocolServer (SCMClientProtocolServer.java:start(151)) - RPC server for Client  is listening at /0.0.0.0:42899
2019-08-29 08:15:01,964 [IPC Server Responder] INFO  ipc.Server (Server.java:run(1314)) - IPC Server Responder: starting
2019-08-29 08:15:01,964 [IPC Server listener on 42899] INFO  ipc.Server (Server.java:run(1153)) - IPC Server listener on 42899: starting
2019-08-29 08:15:01,967 [main] INFO  server.StorageContainerManager (StorageContainerManager.java:start(769)) - ScmBlockLocationProtocol RPC server is listening at /0.0.0.0:46838
2019-08-29 08:15:01,967 [main] INFO  server.SCMBlockProtocolServer (SCMBlockProtocolServer.java:start(140)) - RPC server for Block Protocol is listening at /0.0.0.0:46838
2019-08-29 08:15:01,968 [IPC Server Responder] INFO  ipc.Server (Server.java:run(1314)) - IPC Server Responder: starting
2019-08-29 08:15:01,968 [IPC Server listener on 46838] INFO  ipc.Server (Server.java:run(1153)) - IPC Server listener on 46838: starting
2019-08-29 08:15:01,970 [main] INFO  server.StorageContainerManager (StorageContainerManager.java:start(773)) - ScmDatanodeProtocl RPC server is listening at /0.0.0.0:45358
2019-08-29 08:15:01,970 [main] INFO  server.SCMDatanodeProtocolServer (SCMDatanodeProtocolServer.java:start(191)) - RPC server for DataNodes is listening at /0.0.0.0:45358
2019-08-29 08:15:01,970 [IPC Server Responder] INFO  ipc.Server (Server.java:run(1314)) - IPC Server Responder: starting
2019-08-29 08:15:01,971 [IPC Server listener on 45358] INFO  ipc.Server (Server.java:run(1153)) - IPC Server listener on 45358: starting
2019-08-29 08:15:01,973 [main] INFO  http.HttpServer2 (HttpServer2.java:bindListener(1191)) - Jetty bound to port 38075
2019-08-29 08:15:01,973 [main] INFO  server.Server (Server.java:doStart(351)) - jetty-9.3.24.v20180605, build timestamp: 2018-06-05T17:11:56Z, git hash: 84205aa28f11a4f31f2a3b86d1bba2cc8ab69827
2019-08-29 08:15:01,975 [main] INFO  handler.ContextHandler (ContextHandler.java:doStart(781)) - Started o.e.j.s.ServletContextHandler@60af08b2{/logs,file:///workdir/hadoop-ozone/integration-test/target/log,AVAILABLE}
2019-08-29 08:15:01,975 [main] INFO  handler.ContextHandler (ContextHandler.java:doStart(781)) - Started o.e.j.s.ServletContextHandler@5b1b5daf{/static,file:///workdir/hadoop-ozone/integration-test/target/test-classes/webapps/static,AVAILABLE}
2019-08-29 08:15:01,979 [main] INFO  handler.ContextHandler (ContextHandler.java:doStart(781)) - Started o.e.j.w.WebAppContext@5c71329f{/,file:///workdir/hadoop-ozone/integration-test/target/test-classes/webapps/scm/,AVAILABLE}{/scm}
2019-08-29 08:15:01,979 [main] INFO  server.AbstractConnector (AbstractConnector.java:doStart(278)) - Started ServerConnector@225fc6a2{HTTP/1.1,[http/1.1]}{0.0.0.0:38075}
2019-08-29 08:15:01,980 [main] INFO  server.Server (Server.java:doStart(419)) - Started @677254ms
2019-08-29 08:15:01,981 [main] INFO  server.BaseHttpServer (BaseHttpServer.java:updateConnectorAddress(213)) - HTTP server of SCM is listening at http://0.0.0.0:38075
2019-08-29 08:15:01,982 [main] WARN  server.ServerUtils (ServerUtils.java:getDBPath(222)) - ozone.om.db.dirs is not configured. We recommend adding this setting. Falling back to ozone.metadata.dirs instead.
2019-08-29 08:15:01,982 [org.apache.hadoop.util.JvmPauseMonitor$Monitor@19e3ce9a] INFO  util.JvmPauseMonitor (JvmPauseMonitor.java:run(188)) - Starting JVM pause monitor
2019-08-29 08:15:02,017 [main] WARN  server.ServerUtils (ServerUtils.java:getDBPath(222)) - ozone.om.db.dirs is not configured. We recommend adding this setting. Falling back to ozone.metadata.dirs instead.
2019-08-29 08:15:02,018 [main] WARN  server.ServerUtils (ServerUtils.java:getDBPath(222)) - ozone.om.db.dirs is not configured. We recommend adding this setting. Falling back to ozone.metadata.dirs instead.
2019-08-29 08:15:02,018 [main] INFO  om.OzoneManager (OzoneManager.java:setOMNodeDetails(645)) - OM Service ID is not set. Setting it to the default ID: omServiceIdDefault
2019-08-29 08:15:02,018 [main] INFO  om.OzoneManager (OzoneManager.java:setOMNodeDetails(651)) - OM Node ID is not set. Setting it to the OmStorage's OmID: ed6333f6-3490-4814-9a64-28146578e39a
2019-08-29 08:15:02,019 [main] INFO  om.OzoneManager (OzoneManager.java:loadOMHAConfigs(602)) - Found matching OM address with OMServiceId: null, OMNodeId: null, RPC Address: localhost:0 and Ratis port: 9872
2019-08-29 08:15:02,023 | INFO  | SCMAudit | user=jenkins1000 | ip=192.168.69.111 | op=GET_SCM_INFO null | ret=SUCCESS |  
2019-08-29 08:15:02,025 [main] WARN  server.ServerUtils (ServerUtils.java:getDBPath(222)) - ozone.om.db.dirs is not configured. We recommend adding this setting. Falling back to ozone.metadata.dirs instead.
2019-08-29 08:15:02,025 [main] INFO  db.DBStoreBuilder (DBStoreBuilder.java:addTable(110)) - using custom profile for table: userTable
2019-08-29 08:15:02,025 [main] INFO  db.DBStoreBuilder (DBStoreBuilder.java:processTables(161)) - Using default column profile:DBProfile.DISK for Table:userTable
2019-08-29 08:15:02,025 [main] INFO  db.DBStoreBuilder (DBStoreBuilder.java:addTable(110)) - using custom profile for table: volumeTable
2019-08-29 08:15:02,026 [main] INFO  db.DBStoreBuilder (DBStoreBuilder.java:processTables(161)) - Using default column profile:DBProfile.DISK for Table:volumeTable
2019-08-29 08:15:02,026 [main] INFO  db.DBStoreBuilder (DBStoreBuilder.java:addTable(110)) - using custom profile for table: bucketTable
2019-08-29 08:15:02,026 [main] INFO  db.DBStoreBuilder (DBStoreBuilder.java:processTables(161)) - Using default column profile:DBProfile.DISK for Table:bucketTable
2019-08-29 08:15:02,026 [main] INFO  db.DBStoreBuilder (DBStoreBuilder.java:addTable(110)) - using custom profile for table: keyTable
2019-08-29 08:15:02,026 [main] INFO  db.DBStoreBuilder (DBStoreBuilder.java:processTables(161)) - Using default column profile:DBProfile.DISK for Table:keyTable
2019-08-29 08:15:02,026 [main] INFO  db.DBStoreBuilder (DBStoreBuilder.java:addTable(110)) - using custom profile for table: deletedTable
2019-08-29 08:15:02,027 [main] INFO  db.DBStoreBuilder (DBStoreBuilder.java:processTables(161)) - Using default column profile:DBProfile.DISK for Table:deletedTable
2019-08-29 08:15:02,027 [main] INFO  db.DBStoreBuilder (DBStoreBuilder.java:addTable(110)) - using custom profile for table: openKeyTable
2019-08-29 08:15:02,027 [main] INFO  db.DBStoreBuilder (DBStoreBuilder.java:processTables(161)) - Using default column profile:DBProfile.DISK for Table:openKeyTable
2019-08-29 08:15:02,027 [main] INFO  db.DBStoreBuilder (DBStoreBuilder.java:addTable(110)) - using custom profile for table: s3Table
2019-08-29 08:15:02,027 [main] INFO  db.DBStoreBuilder (DBStoreBuilder.java:processTables(161)) - Using default column profile:DBProfile.DISK for Table:s3Table
2019-08-29 08:15:02,027 [main] INFO  db.DBStoreBuilder (DBStoreBuilder.java:addTable(110)) - using custom profile for table: multipartInfoTable
2019-08-29 08:15:02,027 [main] INFO  db.DBStoreBuilder (DBStoreBuilder.java:processTables(161)) - Using default column profile:DBProfile.DISK for Table:multipartInfoTable
2019-08-29 08:15:02,028 [main] INFO  db.DBStoreBuilder (DBStoreBuilder.java:addTable(110)) - using custom profile for table: dTokenTable
2019-08-29 08:15:02,028 [main] INFO  db.DBStoreBuilder (DBStoreBuilder.java:processTables(161)) - Using default column profile:DBProfile.DISK for Table:dTokenTable
2019-08-29 08:15:02,028 [main] INFO  db.DBStoreBuilder (DBStoreBuilder.java:addTable(110)) - using custom profile for table: s3SecretTable
2019-08-29 08:15:02,028 [main] INFO  db.DBStoreBuilder (DBStoreBuilder.java:processTables(161)) - Using default column profile:DBProfile.DISK for Table:s3SecretTable
2019-08-29 08:15:02,028 [main] INFO  db.DBStoreBuilder (DBStoreBuilder.java:addTable(110)) - using custom profile for table: prefixTable
2019-08-29 08:15:02,028 [main] INFO  db.DBStoreBuilder (DBStoreBuilder.java:processTables(161)) - Using default column profile:DBProfile.DISK for Table:prefixTable
2019-08-29 08:15:02,029 [main] INFO  db.DBStoreBuilder (DBStoreBuilder.java:addTable(110)) - using custom profile for table: default
2019-08-29 08:15:02,029 [main] INFO  db.DBStoreBuilder (DBStoreBuilder.java:processTables(167)) - Using default column profile:DBProfile.DISK for Table:default
2019-08-29 08:15:02,029 [main] INFO  db.DBStoreBuilder (DBStoreBuilder.java:getDbProfile(198)) - Using default options. DBProfile.DISK
2019-08-29 08:15:03,105 [main] INFO  ipc.CallQueueManager (CallQueueManager.java:<init>(84)) - Using callQueue: class java.util.concurrent.LinkedBlockingQueue, queueCapacity: 2000, scheduler: class org.apache.hadoop.ipc.DefaultRpcScheduler, ipcBackoff: false.
2019-08-29 08:15:03,106 [Socket Reader #1 for port 41959] INFO  ipc.Server (Server.java:run(1074)) - Starting Socket Reader #1 for port 41959
2019-08-29 08:15:03,125 [main] INFO  om.OzoneManager (OzoneManager.java:start(1256)) - OzoneManager RPC server is listening at localhost/127.0.0.1:41959
2019-08-29 08:15:03,125 [main] INFO  impl.MetricsSystemImpl (MetricsSystemImpl.java:init(158)) - OzoneManager metrics system started (again)
2019-08-29 08:15:03,126 [IPC Server Responder] INFO  ipc.Server (Server.java:run(1314)) - IPC Server Responder: starting
2019-08-29 08:15:03,126 [IPC Server listener on 41959] INFO  ipc.Server (Server.java:run(1153)) - IPC Server listener on 41959: starting
2019-08-29 08:15:03,132 [main] INFO  hdfs.DFSUtil (DFSUtil.java:httpServerTemplateForNNAndJN(1641)) - Starting Web-server for ozoneManager at: http://0.0.0.0:0
2019-08-29 08:15:03,134 [main] INFO  server.AuthenticationFilter (AuthenticationFilter.java:constructSecretProvider(240)) - Unable to initialize FileSignerSecretProvider, falling back to use random secrets.
2019-08-29 08:15:03,134 [main] WARN  http.HttpRequestLog (HttpRequestLog.java:getRequestLog(97)) - Jetty request log can only be enabled using Log4j
2019-08-29 08:15:03,136 [main] INFO  http.HttpServer2 (HttpServer2.java:addGlobalFilter(975)) - Added global filter 'safety' (class=org.apache.hadoop.http.HttpServer2$QuotingInputFilter)
2019-08-29 08:15:03,137 [main] INFO  http.HttpServer2 (HttpServer2.java:addFilter(948)) - Added filter static_user_filter (class=org.apache.hadoop.http.lib.StaticUserWebFilter$StaticUserFilter) to context ozoneManager
2019-08-29 08:15:03,137 [main] INFO  http.HttpServer2 (HttpServer2.java:addFilter(958)) - Added filter static_user_filter (class=org.apache.hadoop.http.lib.StaticUserWebFilter$StaticUserFilter) to context logs
2019-08-29 08:15:03,138 [main] INFO  http.HttpServer2 (HttpServer2.java:addFilter(958)) - Added filter static_user_filter (class=org.apache.hadoop.http.lib.StaticUserWebFilter$StaticUserFilter) to context static
2019-08-29 08:15:03,138 [main] INFO  http.HttpServer2 (HttpServer2.java:bindListener(1191)) - Jetty bound to port 37816
2019-08-29 08:15:03,139 [main] INFO  server.Server (Server.java:doStart(351)) - jetty-9.3.24.v20180605, build timestamp: 2018-06-05T17:11:56Z, git hash: 84205aa28f11a4f31f2a3b86d1bba2cc8ab69827
2019-08-29 08:15:03,141 [main] INFO  handler.ContextHandler (ContextHandler.java:doStart(781)) - Started o.e.j.s.ServletContextHandler@6c31ed81{/logs,file:///workdir/hadoop-ozone/integration-test/target/log,AVAILABLE}
2019-08-29 08:15:03,141 [main] INFO  handler.ContextHandler (ContextHandler.java:doStart(781)) - Started o.e.j.s.ServletContextHandler@d7b20d9{/static,file:///workdir/hadoop-ozone/integration-test/target/test-classes/webapps/static,AVAILABLE}
2019-08-29 08:15:03,146 [main] INFO  handler.ContextHandler (ContextHandler.java:doStart(781)) - Started o.e.j.w.WebAppContext@46d8d38{/,file:///workdir/hadoop-ozone/integration-test/target/test-classes/webapps/ozoneManager/,AVAILABLE}{/ozoneManager}
2019-08-29 08:15:03,147 [main] INFO  server.AbstractConnector (AbstractConnector.java:doStart(278)) - Started ServerConnector@49de4263{HTTP/1.1,[http/1.1]}{0.0.0.0:37816}
2019-08-29 08:15:03,148 [main] INFO  server.Server (Server.java:doStart(419)) - Started @678422ms
2019-08-29 08:15:03,149 [main] INFO  server.BaseHttpServer (BaseHttpServer.java:updateConnectorAddress(213)) - HTTP server of OZONEMANAGER is listening at http://0.0.0.0:37816
2019-08-29 08:15:03,162 [main] INFO  impl.MetricsSystemImpl (MetricsSystemImpl.java:init(158)) - HddsDatanode metrics system started (again)
2019-08-29 08:15:03,165 [main] INFO  ozone.HddsDatanodeService (HddsDatanodeService.java:start(184)) - HddsDatanodeService host:pr-hdds-1569-g9zr9-4145101663 ip:192.168.69.111
2019-08-29 08:15:03,177 [main] INFO  volume.HddsVolume (HddsVolume.java:<init>(176)) - Creating Volume: /workdir/hadoop-ozone/integration-test/target/test-dir/MiniOzoneClusterImpl-96c7e6f6-22fe-4395-a836-98ece8aa1bde/datanode-0/data/containers/hdds of  storage type : DISK and capacity : 1482555576320
2019-08-29 08:15:03,177 [main] INFO  volume.VolumeSet (VolumeSet.java:initializeVolumeSet(170)) - Added Volume : /workdir/hadoop-ozone/integration-test/target/test-dir/MiniOzoneClusterImpl-96c7e6f6-22fe-4395-a836-98ece8aa1bde/datanode-0/data/containers/hdds to VolumeSet
2019-08-29 08:15:03,178 [main] INFO  volume.ThrottledAsyncChecker (ThrottledAsyncChecker.java:schedule(140)) - Scheduling a check for org.apache.hadoop.ozone.container.common.volume.HddsVolume@5137526a
2019-08-29 08:15:03,178 [main] INFO  volume.HddsVolumeChecker (HddsVolumeChecker.java:checkAllVolumes(203)) - Scheduled health check for volume org.apache.hadoop.ozone.container.common.volume.HddsVolume@5137526a
2019-08-29 08:15:03,201 [main] INFO  impl.RaftServerProxy (ConfUtils.java:logGet(43)) - raft.rpc.type = GRPC (default)
2019-08-29 08:15:03,202 [main] INFO  grpc.GrpcFactory (GrpcFactory.java:checkPooledByteBufAllocatorUseCacheForAllThreads(45)) - PERFORMANCE WARNING: useCacheForAllThreads is true that may cause Netty to create a lot garbage objects and, as a result, trigger GC.
	It is recommended to disable useCacheForAllThreads by setting -Dorg.apache.ratis.thirdparty.io.netty.allocator.useCacheForAllThreads=false in command line.
2019-08-29 08:15:03,202 [main] INFO  grpc.GrpcConfigKeys$Server (ConfUtils.java:logGet(43)) - raft.grpc.server.port = 0 (default)
2019-08-29 08:15:03,202 [main] INFO  server.GrpcService (ConfUtils.java:logGet(43)) - raft.grpc.message.size.max = 33570816 (custom)
2019-08-29 08:15:03,203 [main] INFO  server.RaftServerConfigKeys (ConfUtils.java:logGet(43)) - raft.server.log.appender.buffer.byte-limit = 33554432 (custom)
2019-08-29 08:15:03,203 [main] INFO  server.GrpcService (ConfUtils.java:logGet(43)) - raft.grpc.flow.control.window = 1MB (=1048576) (default)
2019-08-29 08:15:03,203 [main] INFO  server.RaftServerConfigKeys (ConfUtils.java:logGet(43)) - raft.server.rpc.request.timeout = 3000ms (default)
2019-08-29 08:15:03,204 [main] INFO  server.RaftServerConfigKeys (ConfUtils.java:logGet(43)) - raft.server.storage.dir = [/workdir/hadoop-ozone/integration-test/target/test-dir/MiniOzoneClusterImpl-96c7e6f6-22fe-4395-a836-98ece8aa1bde/datanode-0/data/ratis] (custom)
2019-08-29 08:15:03,204 [main] INFO  replication.SimpleContainerDownloader (SimpleContainerDownloader.java:<init>(72)) - Starting container downloader service to copy containers to replicate.
2019-08-29 08:15:03,206 [main] INFO  hdfs.DFSUtil (DFSUtil.java:httpServerTemplateForNNAndJN(1641)) - Starting Web-server for hddsDatanode at: http://0.0.0.0:0
2019-08-29 08:15:03,207 [main] INFO  server.AuthenticationFilter (AuthenticationFilter.java:constructSecretProvider(240)) - Unable to initialize FileSignerSecretProvider, falling back to use random secrets.
2019-08-29 08:15:03,208 [main] WARN  http.HttpRequestLog (HttpRequestLog.java:getRequestLog(97)) - Jetty request log can only be enabled using Log4j
2019-08-29 08:15:03,210 [main] INFO  http.HttpServer2 (HttpServer2.java:addGlobalFilter(975)) - Added global filter 'safety' (class=org.apache.hadoop.http.HttpServer2$QuotingInputFilter)
2019-08-29 08:15:03,210 [main] INFO  http.HttpServer2 (HttpServer2.java:addFilter(948)) - Added filter static_user_filter (class=org.apache.hadoop.http.lib.StaticUserWebFilter$StaticUserFilter) to context hddsDatanode
2019-08-29 08:15:03,210 [main] INFO  http.HttpServer2 (HttpServer2.java:addFilter(958)) - Added filter static_user_filter (class=org.apache.hadoop.http.lib.StaticUserWebFilter$StaticUserFilter) to context static
2019-08-29 08:15:03,211 [main] INFO  http.HttpServer2 (HttpServer2.java:addFilter(958)) - Added filter static_user_filter (class=org.apache.hadoop.http.lib.StaticUserWebFilter$StaticUserFilter) to context logs
2019-08-29 08:15:03,211 [main] INFO  http.HttpServer2 (HttpServer2.java:bindListener(1191)) - Jetty bound to port 34085
2019-08-29 08:15:03,212 [main] INFO  server.Server (Server.java:doStart(351)) - jetty-9.3.24.v20180605, build timestamp: 2018-06-05T17:11:56Z, git hash: 84205aa28f11a4f31f2a3b86d1bba2cc8ab69827
2019-08-29 08:15:03,213 [main] INFO  handler.ContextHandler (ContextHandler.java:doStart(781)) - Started o.e.j.s.ServletContextHandler@2936f48a{/logs,file:///workdir/hadoop-ozone/integration-test/target/log,AVAILABLE}
2019-08-29 08:15:03,214 [main] INFO  handler.ContextHandler (ContextHandler.java:doStart(781)) - Started o.e.j.s.ServletContextHandler@23001753{/static,jar:file:/home/user/.m2/repository/org/apache/hadoop/hadoop-hdds-container-service/0.5.0-SNAPSHOT/hadoop-hdds-container-service-0.5.0-SNAPSHOT.jar!/webapps/static,AVAILABLE}
2019-08-29 08:15:03,250 [main] INFO  handler.ContextHandler (ContextHandler.java:doStart(781)) - Started o.e.j.w.WebAppContext@297840d7{/,file:///tmp/jetty-0.0.0.0-34085-hddsDatanode-_-any-4310223416901598285.dir/webapp/,AVAILABLE}{/hddsDatanode}
2019-08-29 08:15:03,250 [main] INFO  server.AbstractConnector (AbstractConnector.java:doStart(278)) - Started ServerConnector@6f64c40c{HTTP/1.1,[http/1.1]}{0.0.0.0:34085}
2019-08-29 08:15:03,251 [main] INFO  server.Server (Server.java:doStart(419)) - Started @678525ms
2019-08-29 08:15:03,252 [main] INFO  server.BaseHttpServer (BaseHttpServer.java:updateConnectorAddress(213)) - HTTP server of HDDSDATANODE is listening at http://0.0.0.0:34085
2019-08-29 08:15:03,365 | INFO  | ObjectStoreRestHttpServer | Listening HDDS REST traffic on /0.0.0.0:38390 |  
2019-08-29 08:15:03,365 [main] INFO  ozone.HddsDatanodeService (HddsDatanodeService.java:startPlugins(395)) - Started plug-in org.apache.hadoop.ozone.web.OzoneHddsDatanodeService@1e2c701
2019-08-29 08:15:03,366 [main] INFO  impl.MetricsSystemImpl (MetricsSystemImpl.java:init(158)) - HddsDatanode metrics system started (again)
2019-08-29 08:15:03,368 [org.apache.hadoop.util.JvmPauseMonitor$Monitor@636c4258] INFO  util.JvmPauseMonitor (JvmPauseMonitor.java:run(188)) - Starting JVM pause monitor
2019-08-29 08:15:03,369 [main] INFO  ozone.HddsDatanodeService (HddsDatanodeService.java:start(184)) - HddsDatanodeService host:pr-hdds-1569-g9zr9-4145101663 ip:192.168.69.111
2019-08-29 08:15:03,369 [Datanode State Machine Thread - 0] INFO  datanode.InitDatanodeState (InitDatanodeState.java:persistContainerDatanodeDetails(140)) - DatanodeDetails is persisted to /workdir/hadoop-ozone/integration-test/target/test-dir/MiniOzoneClusterImpl-96c7e6f6-22fe-4395-a836-98ece8aa1bde/datanode-0/meta/datanode.id
2019-08-29 08:15:03,379 [main] INFO  volume.HddsVolume (HddsVolume.java:<init>(176)) - Creating Volume: /workdir/hadoop-ozone/integration-test/target/test-dir/MiniOzoneClusterImpl-96c7e6f6-22fe-4395-a836-98ece8aa1bde/datanode-1/data/containers/hdds of  storage type : DISK and capacity : 1482555576320
2019-08-29 08:15:03,380 [main] INFO  volume.VolumeSet (VolumeSet.java:initializeVolumeSet(170)) - Added Volume : /workdir/hadoop-ozone/integration-test/target/test-dir/MiniOzoneClusterImpl-96c7e6f6-22fe-4395-a836-98ece8aa1bde/datanode-1/data/containers/hdds to VolumeSet
2019-08-29 08:15:03,380 [main] INFO  volume.ThrottledAsyncChecker (ThrottledAsyncChecker.java:schedule(140)) - Scheduling a check for org.apache.hadoop.ozone.container.common.volume.HddsVolume@3e43fb40
2019-08-29 08:15:03,380 [main] INFO  volume.HddsVolumeChecker (HddsVolumeChecker.java:checkAllVolumes(203)) - Scheduled health check for volume org.apache.hadoop.ozone.container.common.volume.HddsVolume@3e43fb40
2019-08-29 08:15:03,400 [main] INFO  impl.RaftServerProxy (ConfUtils.java:logGet(43)) - raft.rpc.type = GRPC (default)
2019-08-29 08:15:03,401 [main] INFO  grpc.GrpcFactory (GrpcFactory.java:checkPooledByteBufAllocatorUseCacheForAllThreads(45)) - PERFORMANCE WARNING: useCacheForAllThreads is true that may cause Netty to create a lot garbage objects and, as a result, trigger GC.
	It is recommended to disable useCacheForAllThreads by setting -Dorg.apache.ratis.thirdparty.io.netty.allocator.useCacheForAllThreads=false in command line.
2019-08-29 08:15:03,401 [main] INFO  grpc.GrpcConfigKeys$Server (ConfUtils.java:logGet(43)) - raft.grpc.server.port = 0 (default)
2019-08-29 08:15:03,401 [main] INFO  server.GrpcService (ConfUtils.java:logGet(43)) - raft.grpc.message.size.max = 33570816 (custom)
2019-08-29 08:15:03,401 [main] INFO  server.RaftServerConfigKeys (ConfUtils.java:logGet(43)) - raft.server.log.appender.buffer.byte-limit = 33554432 (custom)
2019-08-29 08:15:03,402 [main] INFO  server.GrpcService (ConfUtils.java:logGet(43)) - raft.grpc.flow.control.window = 1MB (=1048576) (default)
2019-08-29 08:15:03,402 [main] INFO  server.RaftServerConfigKeys (ConfUtils.java:logGet(43)) - raft.server.rpc.request.timeout = 3000ms (default)
2019-08-29 08:15:03,402 [main] INFO  server.RaftServerConfigKeys (ConfUtils.java:logGet(43)) - raft.server.storage.dir = [/workdir/hadoop-ozone/integration-test/target/test-dir/MiniOzoneClusterImpl-96c7e6f6-22fe-4395-a836-98ece8aa1bde/datanode-1/data/ratis] (custom)
2019-08-29 08:15:03,403 [main] INFO  replication.SimpleContainerDownloader (SimpleContainerDownloader.java:<init>(72)) - Starting container downloader service to copy containers to replicate.
2019-08-29 08:15:03,404 [main] INFO  hdfs.DFSUtil (DFSUtil.java:httpServerTemplateForNNAndJN(1641)) - Starting Web-server for hddsDatanode at: http://0.0.0.0:0
2019-08-29 08:15:03,406 [main] INFO  server.AuthenticationFilter (AuthenticationFilter.java:constructSecretProvider(240)) - Unable to initialize FileSignerSecretProvider, falling back to use random secrets.
2019-08-29 08:15:03,407 [main] WARN  http.HttpRequestLog (HttpRequestLog.java:getRequestLog(97)) - Jetty request log can only be enabled using Log4j
2019-08-29 08:15:03,408 [main] INFO  http.HttpServer2 (HttpServer2.java:addGlobalFilter(975)) - Added global filter 'safety' (class=org.apache.hadoop.http.HttpServer2$QuotingInputFilter)
2019-08-29 08:15:03,409 [main] INFO  http.HttpServer2 (HttpServer2.java:addFilter(948)) - Added filter static_user_filter (class=org.apache.hadoop.http.lib.StaticUserWebFilter$StaticUserFilter) to context hddsDatanode
2019-08-29 08:15:03,409 [main] INFO  http.HttpServer2 (HttpServer2.java:addFilter(958)) - Added filter static_user_filter (class=org.apache.hadoop.http.lib.StaticUserWebFilter$StaticUserFilter) to context static
2019-08-29 08:15:03,410 [main] INFO  http.HttpServer2 (HttpServer2.java:addFilter(958)) - Added filter static_user_filter (class=org.apache.hadoop.http.lib.StaticUserWebFilter$StaticUserFilter) to context logs
2019-08-29 08:15:03,410 [main] INFO  http.HttpServer2 (HttpServer2.java:bindListener(1191)) - Jetty bound to port 40084
2019-08-29 08:15:03,411 [main] INFO  server.Server (Server.java:doStart(351)) - jetty-9.3.24.v20180605, build timestamp: 2018-06-05T17:11:56Z, git hash: 84205aa28f11a4f31f2a3b86d1bba2cc8ab69827
2019-08-29 08:15:03,412 [main] INFO  handler.ContextHandler (ContextHandler.java:doStart(781)) - Started o.e.j.s.ServletContextHandler@6b4d0be2{/logs,file:///workdir/hadoop-ozone/integration-test/target/log,AVAILABLE}
2019-08-29 08:15:03,413 [main] INFO  handler.ContextHandler (ContextHandler.java:doStart(781)) - Started o.e.j.s.ServletContextHandler@5e324000{/static,jar:file:/home/user/.m2/repository/org/apache/hadoop/hadoop-hdds-container-service/0.5.0-SNAPSHOT/hadoop-hdds-container-service-0.5.0-SNAPSHOT.jar!/webapps/static,AVAILABLE}
2019-08-29 08:15:03,456 [main] INFO  handler.ContextHandler (ContextHandler.java:doStart(781)) - Started o.e.j.w.WebAppContext@6c8590f4{/,file:///tmp/jetty-0.0.0.0-40084-hddsDatanode-_-any-2336526383869674654.dir/webapp/,AVAILABLE}{/hddsDatanode}
2019-08-29 08:15:03,457 [main] INFO  server.AbstractConnector (AbstractConnector.java:doStart(278)) - Started ServerConnector@1945b6db{HTTP/1.1,[http/1.1]}{0.0.0.0:40084}
2019-08-29 08:15:03,458 [main] INFO  server.Server (Server.java:doStart(419)) - Started @678732ms
2019-08-29 08:15:03,459 [main] INFO  server.BaseHttpServer (BaseHttpServer.java:updateConnectorAddress(213)) - HTTP server of HDDSDATANODE is listening at http://0.0.0.0:40084
2019-08-29 08:15:03,582 | INFO  | ObjectStoreRestHttpServer | Listening HDDS REST traffic on /0.0.0.0:46651 |  
2019-08-29 08:15:03,582 [main] INFO  ozone.HddsDatanodeService (HddsDatanodeService.java:startPlugins(395)) - Started plug-in org.apache.hadoop.ozone.web.OzoneHddsDatanodeService@4f34f451
2019-08-29 08:15:03,583 [main] INFO  impl.MetricsSystemImpl (MetricsSystemImpl.java:init(158)) - HddsDatanode metrics system started (again)
2019-08-29 08:15:03,585 [org.apache.hadoop.util.JvmPauseMonitor$Monitor@59e55a49] INFO  util.JvmPauseMonitor (JvmPauseMonitor.java:run(188)) - Starting JVM pause monitor
2019-08-29 08:15:03,586 [main] INFO  ozone.HddsDatanodeService (HddsDatanodeService.java:start(184)) - HddsDatanodeService host:pr-hdds-1569-g9zr9-4145101663 ip:192.168.69.111
2019-08-29 08:15:03,586 [Datanode State Machine Thread - 0] INFO  datanode.InitDatanodeState (InitDatanodeState.java:persistContainerDatanodeDetails(140)) - DatanodeDetails is persisted to /workdir/hadoop-ozone/integration-test/target/test-dir/MiniOzoneClusterImpl-96c7e6f6-22fe-4395-a836-98ece8aa1bde/datanode-1/meta/datanode.id
2019-08-29 08:15:03,597 [main] INFO  volume.HddsVolume (HddsVolume.java:<init>(176)) - Creating Volume: /workdir/hadoop-ozone/integration-test/target/test-dir/MiniOzoneClusterImpl-96c7e6f6-22fe-4395-a836-98ece8aa1bde/datanode-2/data/containers/hdds of  storage type : DISK and capacity : 1482555576320
2019-08-29 08:15:03,597 [main] INFO  volume.VolumeSet (VolumeSet.java:initializeVolumeSet(170)) - Added Volume : /workdir/hadoop-ozone/integration-test/target/test-dir/MiniOzoneClusterImpl-96c7e6f6-22fe-4395-a836-98ece8aa1bde/datanode-2/data/containers/hdds to VolumeSet
2019-08-29 08:15:03,597 [main] INFO  volume.ThrottledAsyncChecker (ThrottledAsyncChecker.java:schedule(140)) - Scheduling a check for org.apache.hadoop.ozone.container.common.volume.HddsVolume@1be598c
2019-08-29 08:15:03,598 [main] INFO  volume.HddsVolumeChecker (HddsVolumeChecker.java:checkAllVolumes(203)) - Scheduled health check for volume org.apache.hadoop.ozone.container.common.volume.HddsVolume@1be598c
2019-08-29 08:15:03,617 [main] INFO  impl.RaftServerProxy (ConfUtils.java:logGet(43)) - raft.rpc.type = GRPC (default)
2019-08-29 08:15:03,617 [main] INFO  grpc.GrpcFactory (GrpcFactory.java:checkPooledByteBufAllocatorUseCacheForAllThreads(45)) - PERFORMANCE WARNING: useCacheForAllThreads is true that may cause Netty to create a lot garbage objects and, as a result, trigger GC.
	It is recommended to disable useCacheForAllThreads by setting -Dorg.apache.ratis.thirdparty.io.netty.allocator.useCacheForAllThreads=false in command line.
2019-08-29 08:15:03,617 [main] INFO  grpc.GrpcConfigKeys$Server (ConfUtils.java:logGet(43)) - raft.grpc.server.port = 0 (default)
2019-08-29 08:15:03,617 [main] INFO  server.GrpcService (ConfUtils.java:logGet(43)) - raft.grpc.message.size.max = 33570816 (custom)
2019-08-29 08:15:03,618 [main] INFO  server.RaftServerConfigKeys (ConfUtils.java:logGet(43)) - raft.server.log.appender.buffer.byte-limit = 33554432 (custom)
2019-08-29 08:15:03,618 [main] INFO  server.GrpcService (ConfUtils.java:logGet(43)) - raft.grpc.flow.control.window = 1MB (=1048576) (default)
2019-08-29 08:15:03,618 [main] INFO  server.RaftServerConfigKeys (ConfUtils.java:logGet(43)) - raft.server.rpc.request.timeout = 3000ms (default)
2019-08-29 08:15:03,619 [main] INFO  server.RaftServerConfigKeys (ConfUtils.java:logGet(43)) - raft.server.storage.dir = [/workdir/hadoop-ozone/integration-test/target/test-dir/MiniOzoneClusterImpl-96c7e6f6-22fe-4395-a836-98ece8aa1bde/datanode-2/data/ratis] (custom)
2019-08-29 08:15:03,619 [main] INFO  replication.SimpleContainerDownloader (SimpleContainerDownloader.java:<init>(72)) - Starting container downloader service to copy containers to replicate.
2019-08-29 08:15:03,620 [main] INFO  hdfs.DFSUtil (DFSUtil.java:httpServerTemplateForNNAndJN(1641)) - Starting Web-server for hddsDatanode at: http://0.0.0.0:0
2019-08-29 08:15:03,622 [main] INFO  server.AuthenticationFilter (AuthenticationFilter.java:constructSecretProvider(240)) - Unable to initialize FileSignerSecretProvider, falling back to use random secrets.
2019-08-29 08:15:03,622 [main] WARN  http.HttpRequestLog (HttpRequestLog.java:getRequestLog(97)) - Jetty request log can only be enabled using Log4j
2019-08-29 08:15:03,624 [main] INFO  http.HttpServer2 (HttpServer2.java:addGlobalFilter(975)) - Added global filter 'safety' (class=org.apache.hadoop.http.HttpServer2$QuotingInputFilter)
2019-08-29 08:15:03,624 [main] INFO  http.HttpServer2 (HttpServer2.java:addFilter(948)) - Added filter static_user_filter (class=org.apache.hadoop.http.lib.StaticUserWebFilter$StaticUserFilter) to context hddsDatanode
2019-08-29 08:15:03,624 [main] INFO  http.HttpServer2 (HttpServer2.java:addFilter(958)) - Added filter static_user_filter (class=org.apache.hadoop.http.lib.StaticUserWebFilter$StaticUserFilter) to context static
2019-08-29 08:15:03,625 [main] INFO  http.HttpServer2 (HttpServer2.java:addFilter(958)) - Added filter static_user_filter (class=org.apache.hadoop.http.lib.StaticUserWebFilter$StaticUserFilter) to context logs
2019-08-29 08:15:03,625 [main] INFO  http.HttpServer2 (HttpServer2.java:bindListener(1191)) - Jetty bound to port 40560
2019-08-29 08:15:03,625 [main] INFO  server.Server (Server.java:doStart(351)) - jetty-9.3.24.v20180605, build timestamp: 2018-06-05T17:11:56Z, git hash: 84205aa28f11a4f31f2a3b86d1bba2cc8ab69827
2019-08-29 08:15:03,626 [main] INFO  handler.ContextHandler (ContextHandler.java:doStart(781)) - Started o.e.j.s.ServletContextHandler@7fd4682{/logs,file:///workdir/hadoop-ozone/integration-test/target/log,AVAILABLE}
2019-08-29 08:15:03,627 [main] INFO  handler.ContextHandler (ContextHandler.java:doStart(781)) - Started o.e.j.s.ServletContextHandler@681f5a1e{/static,jar:file:/home/user/.m2/repository/org/apache/hadoop/hadoop-hdds-container-service/0.5.0-SNAPSHOT/hadoop-hdds-container-service-0.5.0-SNAPSHOT.jar!/webapps/static,AVAILABLE}
2019-08-29 08:15:03,653 [main] INFO  handler.ContextHandler (ContextHandler.java:doStart(781)) - Started o.e.j.w.WebAppContext@462f1d85{/,file:///tmp/jetty-0.0.0.0-40560-hddsDatanode-_-any-1303313222133695129.dir/webapp/,AVAILABLE}{/hddsDatanode}
2019-08-29 08:15:03,654 [main] INFO  server.AbstractConnector (AbstractConnector.java:doStart(278)) - Started ServerConnector@40c31127{HTTP/1.1,[http/1.1]}{0.0.0.0:40560}
2019-08-29 08:15:03,655 [main] INFO  server.Server (Server.java:doStart(419)) - Started @678929ms
2019-08-29 08:15:03,656 [main] INFO  server.BaseHttpServer (BaseHttpServer.java:updateConnectorAddress(213)) - HTTP server of HDDSDATANODE is listening at http://0.0.0.0:40560
2019-08-29 08:15:03,807 | INFO  | ObjectStoreRestHttpServer | Listening HDDS REST traffic on /0.0.0.0:39338 |  
2019-08-29 08:15:03,807 [main] INFO  ozone.HddsDatanodeService (HddsDatanodeService.java:startPlugins(395)) - Started plug-in org.apache.hadoop.ozone.web.OzoneHddsDatanodeService@67d361fa
2019-08-29 08:15:03,807 [main] INFO  impl.MetricsSystemImpl (MetricsSystemImpl.java:init(158)) - HddsDatanode metrics system started (again)
2019-08-29 08:15:03,810 [org.apache.hadoop.util.JvmPauseMonitor$Monitor@661b65ee] INFO  util.JvmPauseMonitor (JvmPauseMonitor.java:run(188)) - Starting JVM pause monitor
2019-08-29 08:15:03,811 [main] INFO  ozone.HddsDatanodeService (HddsDatanodeService.java:start(184)) - HddsDatanodeService host:pr-hdds-1569-g9zr9-4145101663 ip:192.168.69.111
2019-08-29 08:15:03,812 [Datanode State Machine Thread - 0] INFO  datanode.InitDatanodeState (InitDatanodeState.java:persistContainerDatanodeDetails(140)) - DatanodeDetails is persisted to /workdir/hadoop-ozone/integration-test/target/test-dir/MiniOzoneClusterImpl-96c7e6f6-22fe-4395-a836-98ece8aa1bde/datanode-2/meta/datanode.id
2019-08-29 08:15:03,821 [main] INFO  volume.HddsVolume (HddsVolume.java:<init>(176)) - Creating Volume: /workdir/hadoop-ozone/integration-test/target/test-dir/MiniOzoneClusterImpl-96c7e6f6-22fe-4395-a836-98ece8aa1bde/datanode-3/data/containers/hdds of  storage type : DISK and capacity : 1482555576320
2019-08-29 08:15:03,822 [main] INFO  volume.VolumeSet (VolumeSet.java:initializeVolumeSet(170)) - Added Volume : /workdir/hadoop-ozone/integration-test/target/test-dir/MiniOzoneClusterImpl-96c7e6f6-22fe-4395-a836-98ece8aa1bde/datanode-3/data/containers/hdds to VolumeSet
2019-08-29 08:15:03,822 [main] INFO  volume.ThrottledAsyncChecker (ThrottledAsyncChecker.java:schedule(140)) - Scheduling a check for org.apache.hadoop.ozone.container.common.volume.HddsVolume@7f6cf9b2
2019-08-29 08:15:03,824 [main] INFO  volume.HddsVolumeChecker (HddsVolumeChecker.java:checkAllVolumes(203)) - Scheduled health check for volume org.apache.hadoop.ozone.container.common.volume.HddsVolume@7f6cf9b2
2019-08-29 08:15:03,838 [main] INFO  impl.RaftServerProxy (ConfUtils.java:logGet(43)) - raft.rpc.type = GRPC (default)
2019-08-29 08:15:03,839 [main] INFO  grpc.GrpcFactory (GrpcFactory.java:checkPooledByteBufAllocatorUseCacheForAllThreads(45)) - PERFORMANCE WARNING: useCacheForAllThreads is true that may cause Netty to create a lot garbage objects and, as a result, trigger GC.
	It is recommended to disable useCacheForAllThreads by setting -Dorg.apache.ratis.thirdparty.io.netty.allocator.useCacheForAllThreads=false in command line.
2019-08-29 08:15:03,839 [main] INFO  grpc.GrpcConfigKeys$Server (ConfUtils.java:logGet(43)) - raft.grpc.server.port = 0 (default)
2019-08-29 08:15:03,839 [main] INFO  server.GrpcService (ConfUtils.java:logGet(43)) - raft.grpc.message.size.max = 33570816 (custom)
2019-08-29 08:15:03,839 [main] INFO  server.RaftServerConfigKeys (ConfUtils.java:logGet(43)) - raft.server.log.appender.buffer.byte-limit = 33554432 (custom)
2019-08-29 08:15:03,839 [main] INFO  server.GrpcService (ConfUtils.java:logGet(43)) - raft.grpc.flow.control.window = 1MB (=1048576) (default)
2019-08-29 08:15:03,840 [main] INFO  server.RaftServerConfigKeys (ConfUtils.java:logGet(43)) - raft.server.rpc.request.timeout = 3000ms (default)
2019-08-29 08:15:03,840 [main] INFO  server.RaftServerConfigKeys (ConfUtils.java:logGet(43)) - raft.server.storage.dir = [/workdir/hadoop-ozone/integration-test/target/test-dir/MiniOzoneClusterImpl-96c7e6f6-22fe-4395-a836-98ece8aa1bde/datanode-3/data/ratis] (custom)
2019-08-29 08:15:03,847 [main] INFO  replication.SimpleContainerDownloader (SimpleContainerDownloader.java:<init>(72)) - Starting container downloader service to copy containers to replicate.
2019-08-29 08:15:03,848 [main] INFO  hdfs.DFSUtil (DFSUtil.java:httpServerTemplateForNNAndJN(1641)) - Starting Web-server for hddsDatanode at: http://0.0.0.0:0
2019-08-29 08:15:03,849 [main] INFO  server.AuthenticationFilter (AuthenticationFilter.java:constructSecretProvider(240)) - Unable to initialize FileSignerSecretProvider, falling back to use random secrets.
2019-08-29 08:15:03,850 [main] WARN  http.HttpRequestLog (HttpRequestLog.java:getRequestLog(97)) - Jetty request log can only be enabled using Log4j
2019-08-29 08:15:03,851 [main] INFO  http.HttpServer2 (HttpServer2.java:addGlobalFilter(975)) - Added global filter 'safety' (class=org.apache.hadoop.http.HttpServer2$QuotingInputFilter)
2019-08-29 08:15:03,852 [main] INFO  http.HttpServer2 (HttpServer2.java:addFilter(948)) - Added filter static_user_filter (class=org.apache.hadoop.http.lib.StaticUserWebFilter$StaticUserFilter) to context hddsDatanode
2019-08-29 08:15:03,852 [main] INFO  http.HttpServer2 (HttpServer2.java:addFilter(958)) - Added filter static_user_filter (class=org.apache.hadoop.http.lib.StaticUserWebFilter$StaticUserFilter) to context static
2019-08-29 08:15:03,852 [main] INFO  http.HttpServer2 (HttpServer2.java:addFilter(958)) - Added filter static_user_filter (class=org.apache.hadoop.http.lib.StaticUserWebFilter$StaticUserFilter) to context logs
2019-08-29 08:15:03,852 [main] INFO  http.HttpServer2 (HttpServer2.java:bindListener(1191)) - Jetty bound to port 35220
2019-08-29 08:15:03,853 [main] INFO  server.Server (Server.java:doStart(351)) - jetty-9.3.24.v20180605, build timestamp: 2018-06-05T17:11:56Z, git hash: 84205aa28f11a4f31f2a3b86d1bba2cc8ab69827
2019-08-29 08:15:03,854 [main] INFO  handler.ContextHandler (ContextHandler.java:doStart(781)) - Started o.e.j.s.ServletContextHandler@3c9163df{/logs,file:///workdir/hadoop-ozone/integration-test/target/log,AVAILABLE}
2019-08-29 08:15:03,854 [main] INFO  handler.ContextHandler (ContextHandler.java:doStart(781)) - Started o.e.j.s.ServletContextHandler@68a4129d{/static,jar:file:/home/user/.m2/repository/org/apache/hadoop/hadoop-hdds-container-service/0.5.0-SNAPSHOT/hadoop-hdds-container-service-0.5.0-SNAPSHOT.jar!/webapps/static,AVAILABLE}
2019-08-29 08:15:03,891 [main] INFO  handler.ContextHandler (ContextHandler.java:doStart(781)) - Started o.e.j.w.WebAppContext@46ce6678{/,file:///tmp/jetty-0.0.0.0-35220-hddsDatanode-_-any-7805078075967494457.dir/webapp/,AVAILABLE}{/hddsDatanode}
2019-08-29 08:15:03,891 [main] INFO  server.AbstractConnector (AbstractConnector.java:doStart(278)) - Started ServerConnector@38f2c97e{HTTP/1.1,[http/1.1]}{0.0.0.0:35220}
2019-08-29 08:15:03,892 [main] INFO  server.Server (Server.java:doStart(419)) - Started @679166ms
2019-08-29 08:15:03,893 [main] INFO  server.BaseHttpServer (BaseHttpServer.java:updateConnectorAddress(213)) - HTTP server of HDDSDATANODE is listening at http://0.0.0.0:35220
2019-08-29 08:15:04,018 | INFO  | ObjectStoreRestHttpServer | Listening HDDS REST traffic on /0.0.0.0:42365 |  
2019-08-29 08:15:04,018 [main] INFO  ozone.HddsDatanodeService (HddsDatanodeService.java:startPlugins(395)) - Started plug-in org.apache.hadoop.ozone.web.OzoneHddsDatanodeService@61cbd0c0
2019-08-29 08:15:04,019 [main] INFO  impl.MetricsSystemImpl (MetricsSystemImpl.java:init(158)) - HddsDatanode metrics system started (again)
2019-08-29 08:15:04,022 [org.apache.hadoop.util.JvmPauseMonitor$Monitor@5aea77fe] INFO  util.JvmPauseMonitor (JvmPauseMonitor.java:run(188)) - Starting JVM pause monitor
2019-08-29 08:15:04,023 [main] INFO  ozone.HddsDatanodeService (HddsDatanodeService.java:start(184)) - HddsDatanodeService host:pr-hdds-1569-g9zr9-4145101663 ip:192.168.69.111
2019-08-29 08:15:04,023 [Datanode State Machine Thread - 0] INFO  datanode.InitDatanodeState (InitDatanodeState.java:persistContainerDatanodeDetails(140)) - DatanodeDetails is persisted to /workdir/hadoop-ozone/integration-test/target/test-dir/MiniOzoneClusterImpl-96c7e6f6-22fe-4395-a836-98ece8aa1bde/datanode-3/meta/datanode.id
2019-08-29 08:15:04,033 [main] INFO  volume.HddsVolume (HddsVolume.java:<init>(176)) - Creating Volume: /workdir/hadoop-ozone/integration-test/target/test-dir/MiniOzoneClusterImpl-96c7e6f6-22fe-4395-a836-98ece8aa1bde/datanode-4/data/containers/hdds of  storage type : DISK and capacity : 1482555576320
2019-08-29 08:15:04,033 [main] INFO  volume.VolumeSet (VolumeSet.java:initializeVolumeSet(170)) - Added Volume : /workdir/hadoop-ozone/integration-test/target/test-dir/MiniOzoneClusterImpl-96c7e6f6-22fe-4395-a836-98ece8aa1bde/datanode-4/data/containers/hdds to VolumeSet
2019-08-29 08:15:04,033 [main] INFO  volume.ThrottledAsyncChecker (ThrottledAsyncChecker.java:schedule(140)) - Scheduling a check for org.apache.hadoop.ozone.container.common.volume.HddsVolume@4568ef38
2019-08-29 08:15:04,033 [main] INFO  volume.HddsVolumeChecker (HddsVolumeChecker.java:checkAllVolumes(203)) - Scheduled health check for volume org.apache.hadoop.ozone.container.common.volume.HddsVolume@4568ef38
2019-08-29 08:15:04,049 [main] INFO  impl.RaftServerProxy (ConfUtils.java:logGet(43)) - raft.rpc.type = GRPC (default)
2019-08-29 08:15:04,049 [main] INFO  grpc.GrpcFactory (GrpcFactory.java:checkPooledByteBufAllocatorUseCacheForAllThreads(45)) - PERFORMANCE WARNING: useCacheForAllThreads is true that may cause Netty to create a lot garbage objects and, as a result, trigger GC.
	It is recommended to disable useCacheForAllThreads by setting -Dorg.apache.ratis.thirdparty.io.netty.allocator.useCacheForAllThreads=false in command line.
2019-08-29 08:15:04,049 [main] INFO  grpc.GrpcConfigKeys$Server (ConfUtils.java:logGet(43)) - raft.grpc.server.port = 0 (default)
2019-08-29 08:15:04,049 [main] INFO  server.GrpcService (ConfUtils.java:logGet(43)) - raft.grpc.message.size.max = 33570816 (custom)
2019-08-29 08:15:04,049 [main] INFO  server.RaftServerConfigKeys (ConfUtils.java:logGet(43)) - raft.server.log.appender.buffer.byte-limit = 33554432 (custom)
2019-08-29 08:15:04,050 [main] INFO  server.GrpcService (ConfUtils.java:logGet(43)) - raft.grpc.flow.control.window = 1MB (=1048576) (default)
2019-08-29 08:15:04,050 [main] INFO  server.RaftServerConfigKeys (ConfUtils.java:logGet(43)) - raft.server.rpc.request.timeout = 3000ms (default)
2019-08-29 08:15:04,050 [main] INFO  server.RaftServerConfigKeys (ConfUtils.java:logGet(43)) - raft.server.storage.dir = [/workdir/hadoop-ozone/integration-test/target/test-dir/MiniOzoneClusterImpl-96c7e6f6-22fe-4395-a836-98ece8aa1bde/datanode-4/data/ratis] (custom)
2019-08-29 08:15:04,050 [main] INFO  replication.SimpleContainerDownloader (SimpleContainerDownloader.java:<init>(72)) - Starting container downloader service to copy containers to replicate.
2019-08-29 08:15:04,052 [main] INFO  hdfs.DFSUtil (DFSUtil.java:httpServerTemplateForNNAndJN(1641)) - Starting Web-server for hddsDatanode at: http://0.0.0.0:0
2019-08-29 08:15:04,053 [main] INFO  server.AuthenticationFilter (AuthenticationFilter.java:constructSecretProvider(240)) - Unable to initialize FileSignerSecretProvider, falling back to use random secrets.
2019-08-29 08:15:04,053 [main] WARN  http.HttpRequestLog (HttpRequestLog.java:getRequestLog(97)) - Jetty request log can only be enabled using Log4j
2019-08-29 08:15:04,055 [main] INFO  http.HttpServer2 (HttpServer2.java:addGlobalFilter(975)) - Added global filter 'safety' (class=org.apache.hadoop.http.HttpServer2$QuotingInputFilter)
2019-08-29 08:15:04,056 [main] INFO  http.HttpServer2 (HttpServer2.java:addFilter(948)) - Added filter static_user_filter (class=org.apache.hadoop.http.lib.StaticUserWebFilter$StaticUserFilter) to context hddsDatanode
2019-08-29 08:15:04,056 [main] INFO  http.HttpServer2 (HttpServer2.java:addFilter(958)) - Added filter static_user_filter (class=org.apache.hadoop.http.lib.StaticUserWebFilter$StaticUserFilter) to context static
2019-08-29 08:15:04,056 [main] INFO  http.HttpServer2 (HttpServer2.java:addFilter(958)) - Added filter static_user_filter (class=org.apache.hadoop.http.lib.StaticUserWebFilter$StaticUserFilter) to context logs
2019-08-29 08:15:04,057 [main] INFO  http.HttpServer2 (HttpServer2.java:bindListener(1191)) - Jetty bound to port 33330
2019-08-29 08:15:04,057 [main] INFO  server.Server (Server.java:doStart(351)) - jetty-9.3.24.v20180605, build timestamp: 2018-06-05T17:11:56Z, git hash: 84205aa28f11a4f31f2a3b86d1bba2cc8ab69827
2019-08-29 08:15:04,058 [main] INFO  handler.ContextHandler (ContextHandler.java:doStart(781)) - Started o.e.j.s.ServletContextHandler@64176780{/logs,file:///workdir/hadoop-ozone/integration-test/target/log,AVAILABLE}
2019-08-29 08:15:04,059 [main] INFO  handler.ContextHandler (ContextHandler.java:doStart(781)) - Started o.e.j.s.ServletContextHandler@6573b345{/static,jar:file:/home/user/.m2/repository/org/apache/hadoop/hadoop-hdds-container-service/0.5.0-SNAPSHOT/hadoop-hdds-container-service-0.5.0-SNAPSHOT.jar!/webapps/static,AVAILABLE}
2019-08-29 08:15:04,087 [main] INFO  handler.ContextHandler (ContextHandler.java:doStart(781)) - Started o.e.j.w.WebAppContext@7d7be366{/,file:///tmp/jetty-0.0.0.0-33330-hddsDatanode-_-any-1040650793050211405.dir/webapp/,AVAILABLE}{/hddsDatanode}
2019-08-29 08:15:04,088 [main] INFO  server.AbstractConnector (AbstractConnector.java:doStart(278)) - Started ServerConnector@2095e085{HTTP/1.1,[http/1.1]}{0.0.0.0:33330}
2019-08-29 08:15:04,089 [main] INFO  server.Server (Server.java:doStart(419)) - Started @679363ms
2019-08-29 08:15:04,090 [main] INFO  server.BaseHttpServer (BaseHttpServer.java:updateConnectorAddress(213)) - HTTP server of HDDSDATANODE is listening at http://0.0.0.0:33330
2019-08-29 08:15:04,446 | INFO  | ObjectStoreRestHttpServer | Listening HDDS REST traffic on /0.0.0.0:34033 |  
2019-08-29 08:15:04,446 [main] INFO  ozone.HddsDatanodeService (HddsDatanodeService.java:startPlugins(395)) - Started plug-in org.apache.hadoop.ozone.web.OzoneHddsDatanodeService@5bdde886
2019-08-29 08:15:04,446 [main] INFO  impl.MetricsSystemImpl (MetricsSystemImpl.java:init(158)) - HddsDatanode metrics system started (again)
2019-08-29 08:15:04,449 [org.apache.hadoop.util.JvmPauseMonitor$Monitor@1b65b3b7] INFO  util.JvmPauseMonitor (JvmPauseMonitor.java:run(188)) - Starting JVM pause monitor
2019-08-29 08:15:04,450 [main] INFO  ozone.HddsDatanodeService (HddsDatanodeService.java:start(184)) - HddsDatanodeService host:pr-hdds-1569-g9zr9-4145101663 ip:192.168.69.111
2019-08-29 08:15:04,451 [Datanode State Machine Thread - 0] INFO  datanode.InitDatanodeState (InitDatanodeState.java:persistContainerDatanodeDetails(140)) - DatanodeDetails is persisted to /workdir/hadoop-ozone/integration-test/target/test-dir/MiniOzoneClusterImpl-96c7e6f6-22fe-4395-a836-98ece8aa1bde/datanode-4/meta/datanode.id
2019-08-29 08:15:04,459 [main] INFO  volume.HddsVolume (HddsVolume.java:<init>(176)) - Creating Volume: /workdir/hadoop-ozone/integration-test/target/test-dir/MiniOzoneClusterImpl-96c7e6f6-22fe-4395-a836-98ece8aa1bde/datanode-5/data/containers/hdds of  storage type : DISK and capacity : 1482555576320
2019-08-29 08:15:04,459 [main] INFO  volume.VolumeSet (VolumeSet.java:initializeVolumeSet(170)) - Added Volume : /workdir/hadoop-ozone/integration-test/target/test-dir/MiniOzoneClusterImpl-96c7e6f6-22fe-4395-a836-98ece8aa1bde/datanode-5/data/containers/hdds to VolumeSet
2019-08-29 08:15:04,460 [main] INFO  volume.ThrottledAsyncChecker (ThrottledAsyncChecker.java:schedule(140)) - Scheduling a check for org.apache.hadoop.ozone.container.common.volume.HddsVolume@550244cb
2019-08-29 08:15:04,460 [main] INFO  volume.HddsVolumeChecker (HddsVolumeChecker.java:checkAllVolumes(203)) - Scheduled health check for volume org.apache.hadoop.ozone.container.common.volume.HddsVolume@550244cb
2019-08-29 08:15:04,471 [main] INFO  impl.RaftServerProxy (ConfUtils.java:logGet(43)) - raft.rpc.type = GRPC (default)
2019-08-29 08:15:04,471 [main] INFO  grpc.GrpcFactory (GrpcFactory.java:checkPooledByteBufAllocatorUseCacheForAllThreads(45)) - PERFORMANCE WARNING: useCacheForAllThreads is true that may cause Netty to create a lot garbage objects and, as a result, trigger GC.
	It is recommended to disable useCacheForAllThreads by setting -Dorg.apache.ratis.thirdparty.io.netty.allocator.useCacheForAllThreads=false in command line.
2019-08-29 08:15:04,471 [main] INFO  grpc.GrpcConfigKeys$Server (ConfUtils.java:logGet(43)) - raft.grpc.server.port = 0 (default)
2019-08-29 08:15:04,471 [main] INFO  server.GrpcService (ConfUtils.java:logGet(43)) - raft.grpc.message.size.max = 33570816 (custom)
2019-08-29 08:15:04,471 [main] INFO  server.RaftServerConfigKeys (ConfUtils.java:logGet(43)) - raft.server.log.appender.buffer.byte-limit = 33554432 (custom)
2019-08-29 08:15:04,472 [main] INFO  server.GrpcService (ConfUtils.java:logGet(43)) - raft.grpc.flow.control.window = 1MB (=1048576) (default)
2019-08-29 08:15:04,472 [main] INFO  server.RaftServerConfigKeys (ConfUtils.java:logGet(43)) - raft.server.rpc.request.timeout = 3000ms (default)
2019-08-29 08:15:04,472 [main] INFO  server.RaftServerConfigKeys (ConfUtils.java:logGet(43)) - raft.server.storage.dir = [/workdir/hadoop-ozone/integration-test/target/test-dir/MiniOzoneClusterImpl-96c7e6f6-22fe-4395-a836-98ece8aa1bde/datanode-5/data/ratis] (custom)
2019-08-29 08:15:04,472 [main] INFO  replication.SimpleContainerDownloader (SimpleContainerDownloader.java:<init>(72)) - Starting container downloader service to copy containers to replicate.
2019-08-29 08:15:04,474 [main] INFO  hdfs.DFSUtil (DFSUtil.java:httpServerTemplateForNNAndJN(1641)) - Starting Web-server for hddsDatanode at: http://0.0.0.0:0
2019-08-29 08:15:04,475 [main] INFO  server.AuthenticationFilter (AuthenticationFilter.java:constructSecretProvider(240)) - Unable to initialize FileSignerSecretProvider, falling back to use random secrets.
2019-08-29 08:15:04,476 [main] WARN  http.HttpRequestLog (HttpRequestLog.java:getRequestLog(97)) - Jetty request log can only be enabled using Log4j
2019-08-29 08:15:04,477 [main] INFO  http.HttpServer2 (HttpServer2.java:addGlobalFilter(975)) - Added global filter 'safety' (class=org.apache.hadoop.http.HttpServer2$QuotingInputFilter)
2019-08-29 08:15:04,478 [main] INFO  http.HttpServer2 (HttpServer2.java:addFilter(948)) - Added filter static_user_filter (class=org.apache.hadoop.http.lib.StaticUserWebFilter$StaticUserFilter) to context hddsDatanode
2019-08-29 08:15:04,478 [main] INFO  http.HttpServer2 (HttpServer2.java:addFilter(958)) - Added filter static_user_filter (class=org.apache.hadoop.http.lib.StaticUserWebFilter$StaticUserFilter) to context static
2019-08-29 08:15:04,478 [main] INFO  http.HttpServer2 (HttpServer2.java:addFilter(958)) - Added filter static_user_filter (class=org.apache.hadoop.http.lib.StaticUserWebFilter$StaticUserFilter) to context logs
2019-08-29 08:15:04,479 [main] INFO  http.HttpServer2 (HttpServer2.java:bindListener(1191)) - Jetty bound to port 34511
2019-08-29 08:15:04,479 [main] INFO  server.Server (Server.java:doStart(351)) - jetty-9.3.24.v20180605, build timestamp: 2018-06-05T17:11:56Z, git hash: 84205aa28f11a4f31f2a3b86d1bba2cc8ab69827
2019-08-29 08:15:04,480 [main] INFO  handler.ContextHandler (ContextHandler.java:doStart(781)) - Started o.e.j.s.ServletContextHandler@3695e28a{/logs,file:///workdir/hadoop-ozone/integration-test/target/log,AVAILABLE}
2019-08-29 08:15:04,481 [main] INFO  handler.ContextHandler (ContextHandler.java:doStart(781)) - Started o.e.j.s.ServletContextHandler@3f13c9a2{/static,jar:file:/home/user/.m2/repository/org/apache/hadoop/hadoop-hdds-container-service/0.5.0-SNAPSHOT/hadoop-hdds-container-service-0.5.0-SNAPSHOT.jar!/webapps/static,AVAILABLE}
2019-08-29 08:15:04,519 [main] INFO  handler.ContextHandler (ContextHandler.java:doStart(781)) - Started o.e.j.w.WebAppContext@62d59d60{/,file:///tmp/jetty-0.0.0.0-34511-hddsDatanode-_-any-6881791691645248743.dir/webapp/,AVAILABLE}{/hddsDatanode}
2019-08-29 08:15:04,520 [main] INFO  server.AbstractConnector (AbstractConnector.java:doStart(278)) - Started ServerConnector@3c532b97{HTTP/1.1,[http/1.1]}{0.0.0.0:34511}
2019-08-29 08:15:04,522 [main] INFO  server.Server (Server.java:doStart(419)) - Started @679795ms
2019-08-29 08:15:04,522 [main] INFO  server.BaseHttpServer (BaseHttpServer.java:updateConnectorAddress(213)) - HTTP server of HDDSDATANODE is listening at http://0.0.0.0:34511
2019-08-29 08:15:04,635 | INFO  | ObjectStoreRestHttpServer | Listening HDDS REST traffic on /0.0.0.0:43310 |  
2019-08-29 08:15:04,635 [main] INFO  ozone.HddsDatanodeService (HddsDatanodeService.java:startPlugins(395)) - Started plug-in org.apache.hadoop.ozone.web.OzoneHddsDatanodeService@7ff61924
2019-08-29 08:15:04,635 [main] INFO  impl.MetricsSystemImpl (MetricsSystemImpl.java:init(158)) - HddsDatanode metrics system started (again)
2019-08-29 08:15:04,638 [org.apache.hadoop.util.JvmPauseMonitor$Monitor@29687aca] INFO  util.JvmPauseMonitor (JvmPauseMonitor.java:run(188)) - Starting JVM pause monitor
2019-08-29 08:15:04,639 [main] INFO  ozone.HddsDatanodeService (HddsDatanodeService.java:start(184)) - HddsDatanodeService host:pr-hdds-1569-g9zr9-4145101663 ip:192.168.69.111
2019-08-29 08:15:04,640 [Datanode State Machine Thread - 0] INFO  datanode.InitDatanodeState (InitDatanodeState.java:persistContainerDatanodeDetails(140)) - DatanodeDetails is persisted to /workdir/hadoop-ozone/integration-test/target/test-dir/MiniOzoneClusterImpl-96c7e6f6-22fe-4395-a836-98ece8aa1bde/datanode-5/meta/datanode.id
2019-08-29 08:15:04,649 [main] INFO  volume.HddsVolume (HddsVolume.java:<init>(176)) - Creating Volume: /workdir/hadoop-ozone/integration-test/target/test-dir/MiniOzoneClusterImpl-96c7e6f6-22fe-4395-a836-98ece8aa1bde/datanode-6/data/containers/hdds of  storage type : DISK and capacity : 1482555576320
2019-08-29 08:15:04,649 [main] INFO  volume.VolumeSet (VolumeSet.java:initializeVolumeSet(170)) - Added Volume : /workdir/hadoop-ozone/integration-test/target/test-dir/MiniOzoneClusterImpl-96c7e6f6-22fe-4395-a836-98ece8aa1bde/datanode-6/data/containers/hdds to VolumeSet
2019-08-29 08:15:04,649 [main] INFO  volume.ThrottledAsyncChecker (ThrottledAsyncChecker.java:schedule(140)) - Scheduling a check for org.apache.hadoop.ozone.container.common.volume.HddsVolume@46dc6087
2019-08-29 08:15:04,650 [main] INFO  volume.HddsVolumeChecker (HddsVolumeChecker.java:checkAllVolumes(203)) - Scheduled health check for volume org.apache.hadoop.ozone.container.common.volume.HddsVolume@46dc6087
2019-08-29 08:15:04,666 [main] INFO  impl.RaftServerProxy (ConfUtils.java:logGet(43)) - raft.rpc.type = GRPC (default)
2019-08-29 08:15:04,666 [main] INFO  grpc.GrpcFactory (GrpcFactory.java:checkPooledByteBufAllocatorUseCacheForAllThreads(45)) - PERFORMANCE WARNING: useCacheForAllThreads is true that may cause Netty to create a lot garbage objects and, as a result, trigger GC.
	It is recommended to disable useCacheForAllThreads by setting -Dorg.apache.ratis.thirdparty.io.netty.allocator.useCacheForAllThreads=false in command line.
2019-08-29 08:15:04,666 [main] INFO  grpc.GrpcConfigKeys$Server (ConfUtils.java:logGet(43)) - raft.grpc.server.port = 0 (default)
2019-08-29 08:15:04,666 [main] INFO  server.GrpcService (ConfUtils.java:logGet(43)) - raft.grpc.message.size.max = 33570816 (custom)
2019-08-29 08:15:04,667 [main] INFO  server.RaftServerConfigKeys (ConfUtils.java:logGet(43)) - raft.server.log.appender.buffer.byte-limit = 33554432 (custom)
2019-08-29 08:15:04,667 [main] INFO  server.GrpcService (ConfUtils.java:logGet(43)) - raft.grpc.flow.control.window = 1MB (=1048576) (default)
2019-08-29 08:15:04,667 [main] INFO  server.RaftServerConfigKeys (ConfUtils.java:logGet(43)) - raft.server.rpc.request.timeout = 3000ms (default)
2019-08-29 08:15:04,667 [main] INFO  server.RaftServerConfigKeys (ConfUtils.java:logGet(43)) - raft.server.storage.dir = [/workdir/hadoop-ozone/integration-test/target/test-dir/MiniOzoneClusterImpl-96c7e6f6-22fe-4395-a836-98ece8aa1bde/datanode-6/data/ratis] (custom)
2019-08-29 08:15:04,668 [main] INFO  replication.SimpleContainerDownloader (SimpleContainerDownloader.java:<init>(72)) - Starting container downloader service to copy containers to replicate.
2019-08-29 08:15:04,669 [main] INFO  hdfs.DFSUtil (DFSUtil.java:httpServerTemplateForNNAndJN(1641)) - Starting Web-server for hddsDatanode at: http://0.0.0.0:0
2019-08-29 08:15:04,670 [main] INFO  server.AuthenticationFilter (AuthenticationFilter.java:constructSecretProvider(240)) - Unable to initialize FileSignerSecretProvider, falling back to use random secrets.
2019-08-29 08:15:04,670 [main] WARN  http.HttpRequestLog (HttpRequestLog.java:getRequestLog(97)) - Jetty request log can only be enabled using Log4j
2019-08-29 08:15:04,672 [main] INFO  http.HttpServer2 (HttpServer2.java:addGlobalFilter(975)) - Added global filter 'safety' (class=org.apache.hadoop.http.HttpServer2$QuotingInputFilter)
2019-08-29 08:15:04,672 [main] INFO  http.HttpServer2 (HttpServer2.java:addFilter(948)) - Added filter static_user_filter (class=org.apache.hadoop.http.lib.StaticUserWebFilter$StaticUserFilter) to context hddsDatanode
2019-08-29 08:15:04,672 [main] INFO  http.HttpServer2 (HttpServer2.java:addFilter(958)) - Added filter static_user_filter (class=org.apache.hadoop.http.lib.StaticUserWebFilter$StaticUserFilter) to context static
2019-08-29 08:15:04,672 [main] INFO  http.HttpServer2 (HttpServer2.java:addFilter(958)) - Added filter static_user_filter (class=org.apache.hadoop.http.lib.StaticUserWebFilter$StaticUserFilter) to context logs
2019-08-29 08:15:04,673 [main] INFO  http.HttpServer2 (HttpServer2.java:bindListener(1191)) - Jetty bound to port 37989
2019-08-29 08:15:04,673 [main] INFO  server.Server (Server.java:doStart(351)) - jetty-9.3.24.v20180605, build timestamp: 2018-06-05T17:11:56Z, git hash: 84205aa28f11a4f31f2a3b86d1bba2cc8ab69827
2019-08-29 08:15:04,674 [main] INFO  handler.ContextHandler (ContextHandler.java:doStart(781)) - Started o.e.j.s.ServletContextHandler@3ea95c22{/logs,file:///workdir/hadoop-ozone/integration-test/target/log,AVAILABLE}
2019-08-29 08:15:04,675 [main] INFO  handler.ContextHandler (ContextHandler.java:doStart(781)) - Started o.e.j.s.ServletContextHandler@200eaca{/static,jar:file:/home/user/.m2/repository/org/apache/hadoop/hadoop-hdds-container-service/0.5.0-SNAPSHOT/hadoop-hdds-container-service-0.5.0-SNAPSHOT.jar!/webapps/static,AVAILABLE}
2019-08-29 08:15:04,704 [main] INFO  handler.ContextHandler (ContextHandler.java:doStart(781)) - Started o.e.j.w.WebAppContext@722af653{/,file:///tmp/jetty-0.0.0.0-37989-hddsDatanode-_-any-3767997739752614274.dir/webapp/,AVAILABLE}{/hddsDatanode}
2019-08-29 08:15:04,704 [main] INFO  server.AbstractConnector (AbstractConnector.java:doStart(278)) - Started ServerConnector@71fff0b{HTTP/1.1,[http/1.1]}{0.0.0.0:37989}
2019-08-29 08:15:04,705 [main] INFO  server.Server (Server.java:doStart(419)) - Started @679978ms
2019-08-29 08:15:04,707 [main] INFO  server.BaseHttpServer (BaseHttpServer.java:updateConnectorAddress(213)) - HTTP server of HDDSDATANODE is listening at http://0.0.0.0:37989
2019-08-29 08:15:04,813 | INFO  | ObjectStoreRestHttpServer | Listening HDDS REST traffic on /0.0.0.0:44425 |  
2019-08-29 08:15:04,813 [main] INFO  ozone.HddsDatanodeService (HddsDatanodeService.java:startPlugins(395)) - Started plug-in org.apache.hadoop.ozone.web.OzoneHddsDatanodeService@e0f22c3
2019-08-29 08:15:04,813 [main] INFO  ozone.MiniOzoneClusterImpl (MiniOzoneClusterImpl.java:lambda$waitForClusterToBeReady$0(142)) - Waiting for cluster to be ready. Got 0 of 7 DN Heartbeats.
2019-08-29 08:15:04,814 [org.apache.hadoop.util.JvmPauseMonitor$Monitor@5ee1f195] INFO  util.JvmPauseMonitor (JvmPauseMonitor.java:run(188)) - Starting JVM pause monitor
2019-08-29 08:15:04,816 [Datanode State Machine Thread - 0] INFO  datanode.InitDatanodeState (InitDatanodeState.java:persistContainerDatanodeDetails(140)) - DatanodeDetails is persisted to /workdir/hadoop-ozone/integration-test/target/test-dir/MiniOzoneClusterImpl-96c7e6f6-22fe-4395-a836-98ece8aa1bde/datanode-6/meta/datanode.id
2019-08-29 08:15:05,374 | INFO  | SCMAudit | user=jenkins1000 | ip=192.168.69.111 | op=GET_VERSION null | ret=SUCCESS |  
2019-08-29 08:15:05,587 | INFO  | SCMAudit | user=jenkins1000 | ip=192.168.69.111 | op=GET_VERSION null | ret=SUCCESS |  
2019-08-29 08:15:05,812 | INFO  | SCMAudit | user=jenkins1000 | ip=192.168.69.111 | op=GET_VERSION null | ret=SUCCESS |  
2019-08-29 08:15:05,814 [main] INFO  ozone.MiniOzoneClusterImpl (MiniOzoneClusterImpl.java:lambda$waitForClusterToBeReady$0(142)) - Waiting for cluster to be ready. Got 0 of 7 DN Heartbeats.
2019-08-29 08:15:06,022 | INFO  | SCMAudit | user=jenkins1000 | ip=192.168.69.111 | op=GET_VERSION null | ret=SUCCESS |  
2019-08-29 08:15:06,451 | INFO  | SCMAudit | user=jenkins1000 | ip=192.168.69.111 | op=GET_VERSION null | ret=SUCCESS |  
2019-08-29 08:15:06,617 [Datanode State Machine Thread - 0] INFO  ozoneimpl.OzoneContainer (OzoneContainer.java:start(186)) - Attempting to start container services.
2019-08-29 08:15:06,617 [Datanode State Machine Thread - 0] INFO  ozoneimpl.OzoneContainer (OzoneContainer.java:start(186)) - Attempting to start container services.
2019-08-29 08:15:06,617 [Datanode State Machine Thread - 0] INFO  ozoneimpl.OzoneContainer (OzoneContainer.java:start(186)) - Attempting to start container services.
2019-08-29 08:15:06,617 [Datanode State Machine Thread - 0] INFO  ozoneimpl.OzoneContainer (OzoneContainer.java:start(186)) - Attempting to start container services.
2019-08-29 08:15:06,618 [Datanode State Machine Thread - 0] INFO  ozoneimpl.OzoneContainer (OzoneContainer.java:startContainerScrub(160)) - Background container scrubber has been disabled by hdds.containerscrub.enabled
2019-08-29 08:15:06,617 [Datanode State Machine Thread - 0] INFO  ozoneimpl.OzoneContainer (OzoneContainer.java:startContainerScrub(160)) - Background container scrubber has been disabled by hdds.containerscrub.enabled
2019-08-29 08:15:06,617 [Datanode State Machine Thread - 0] INFO  ozoneimpl.OzoneContainer (OzoneContainer.java:startContainerScrub(160)) - Background container scrubber has been disabled by hdds.containerscrub.enabled
2019-08-29 08:15:06,618 [Datanode State Machine Thread - 0] INFO  ratis.XceiverServerRatis (XceiverServerRatis.java:start(404)) - Starting XceiverServerRatis 816deff1-51bb-41e0-81da-cb008c3f276b at port 0
2019-08-29 08:15:06,618 [Datanode State Machine Thread - 0] INFO  ozoneimpl.OzoneContainer (OzoneContainer.java:start(186)) - Attempting to start container services.
2019-08-29 08:15:06,618 [Datanode State Machine Thread - 0] INFO  ratis.XceiverServerRatis (XceiverServerRatis.java:start(404)) - Starting XceiverServerRatis 87fe3654-6652-4f59-8ff1-d7298e00de43 at port 0
2019-08-29 08:15:06,618 [Datanode State Machine Thread - 0] INFO  ozoneimpl.OzoneContainer (OzoneContainer.java:startContainerScrub(160)) - Background container scrubber has been disabled by hdds.containerscrub.enabled
2019-08-29 08:15:06,618 [Datanode State Machine Thread - 0] INFO  ozoneimpl.OzoneContainer (OzoneContainer.java:startContainerScrub(160)) - Background container scrubber has been disabled by hdds.containerscrub.enabled
2019-08-29 08:15:06,618 [Datanode State Machine Thread - 0] INFO  ratis.XceiverServerRatis (XceiverServerRatis.java:start(404)) - Starting XceiverServerRatis da6a9e9a-35dc-4ac4-b4cf-445d85f2fed3 at port 0
2019-08-29 08:15:06,619 [Datanode State Machine Thread - 0] INFO  ratis.XceiverServerRatis (XceiverServerRatis.java:start(404)) - Starting XceiverServerRatis 05afa806-2860-409e-9f8b-b58becb1998f at port 0
2019-08-29 08:15:06,619 [Datanode State Machine Thread - 0] INFO  ratis.XceiverServerRatis (XceiverServerRatis.java:start(404)) - Starting XceiverServerRatis 41d88688-584e-4810-bfc2-66fe460cc9ab at port 0
2019-08-29 08:15:06,639 | INFO  | SCMAudit | user=jenkins1000 | ip=192.168.69.111 | op=GET_VERSION null | ret=SUCCESS |  
2019-08-29 08:15:06,648 [Datanode State Machine Thread - 0] INFO  impl.RaftServerProxy (RaftServerProxy.java:lambda$start$3(299)) - 41d88688-584e-4810-bfc2-66fe460cc9ab: start RPC server
2019-08-29 08:15:06,649 [Datanode State Machine Thread - 0] INFO  impl.RaftServerProxy (RaftServerProxy.java:lambda$start$3(299)) - 816deff1-51bb-41e0-81da-cb008c3f276b: start RPC server
2019-08-29 08:15:06,650 [Datanode State Machine Thread - 0] INFO  server.GrpcService (GrpcService.java:startImpl(149)) - 816deff1-51bb-41e0-81da-cb008c3f276b: GrpcService started, listening on 0.0.0.0/0.0.0.0:43317
2019-08-29 08:15:06,650 [Datanode State Machine Thread - 0] INFO  server.GrpcService (GrpcService.java:startImpl(149)) - 41d88688-584e-4810-bfc2-66fe460cc9ab: GrpcService started, listening on 0.0.0.0/0.0.0.0:41360
2019-08-29 08:15:06,650 [Datanode State Machine Thread - 0] INFO  ratis.XceiverServerRatis (XceiverServerRatis.java:start(414)) - XceiverServerRatis 816deff1-51bb-41e0-81da-cb008c3f276b is started using port 43317
2019-08-29 08:15:06,651 [Datanode State Machine Thread - 0] INFO  ratis.XceiverServerRatis (XceiverServerRatis.java:start(414)) - XceiverServerRatis 41d88688-584e-4810-bfc2-66fe460cc9ab is started using port 41360
2019-08-29 08:15:06,651 [Datanode State Machine Thread - 0] INFO  impl.RaftServerProxy (RaftServerProxy.java:lambda$start$3(299)) - 87fe3654-6652-4f59-8ff1-d7298e00de43: start RPC server
2019-08-29 08:15:06,654 [Datanode State Machine Thread - 0] INFO  impl.RaftServerProxy (RaftServerProxy.java:lambda$start$3(299)) - 05afa806-2860-409e-9f8b-b58becb1998f: start RPC server
2019-08-29 08:15:06,653 [Datanode State Machine Thread - 0] INFO  server.XceiverServerGrpc (XceiverServerGrpc.java:start(163)) - XceiverServerGrpc 816deff1-51bb-41e0-81da-cb008c3f276b is started using port 38303
2019-08-29 08:15:06,654 [Datanode State Machine Thread - 0] INFO  server.XceiverServerGrpc (XceiverServerGrpc.java:start(163)) - XceiverServerGrpc 41d88688-584e-4810-bfc2-66fe460cc9ab is started using port 42183
2019-08-29 08:15:06,656 [Datanode State Machine Thread - 0] INFO  server.GrpcService (GrpcService.java:startImpl(149)) - 87fe3654-6652-4f59-8ff1-d7298e00de43: GrpcService started, listening on 0.0.0.0/0.0.0.0:41259
2019-08-29 08:15:06,658 [Datanode State Machine Thread - 0] INFO  server.GrpcService (GrpcService.java:startImpl(149)) - 05afa806-2860-409e-9f8b-b58becb1998f: GrpcService started, listening on 0.0.0.0/0.0.0.0:43872
2019-08-29 08:15:06,658 [Datanode State Machine Thread - 0] INFO  ratis.XceiverServerRatis (XceiverServerRatis.java:start(414)) - XceiverServerRatis 87fe3654-6652-4f59-8ff1-d7298e00de43 is started using port 41259
2019-08-29 08:15:06,658 [Datanode State Machine Thread - 0] INFO  ratis.XceiverServerRatis (XceiverServerRatis.java:start(414)) - XceiverServerRatis 05afa806-2860-409e-9f8b-b58becb1998f is started using port 43872
2019-08-29 08:15:06,659 [Datanode State Machine Thread - 0] INFO  impl.RaftServerProxy (RaftServerProxy.java:lambda$start$3(299)) - da6a9e9a-35dc-4ac4-b4cf-445d85f2fed3: start RPC server
2019-08-29 08:15:06,659 [Datanode State Machine Thread - 0] INFO  server.XceiverServerGrpc (XceiverServerGrpc.java:start(163)) - XceiverServerGrpc 87fe3654-6652-4f59-8ff1-d7298e00de43 is started using port 36309
2019-08-29 08:15:06,660 [Datanode State Machine Thread - 0] INFO  server.XceiverServerGrpc (XceiverServerGrpc.java:start(163)) - XceiverServerGrpc 05afa806-2860-409e-9f8b-b58becb1998f is started using port 46300
2019-08-29 08:15:06,661 [Datanode State Machine Thread - 0] INFO  server.GrpcService (GrpcService.java:startImpl(149)) - da6a9e9a-35dc-4ac4-b4cf-445d85f2fed3: GrpcService started, listening on 0.0.0.0/0.0.0.0:39023
2019-08-29 08:15:06,661 [Datanode State Machine Thread - 0] INFO  ratis.XceiverServerRatis (XceiverServerRatis.java:start(414)) - XceiverServerRatis da6a9e9a-35dc-4ac4-b4cf-445d85f2fed3 is started using port 39023
2019-08-29 08:15:06,661 [Datanode State Machine Thread - 0] INFO  server.XceiverServerGrpc (XceiverServerGrpc.java:start(163)) - XceiverServerGrpc da6a9e9a-35dc-4ac4-b4cf-445d85f2fed3 is started using port 38660
2019-08-29 08:15:06,740 [Datanode State Machine Thread - 0] INFO  ozoneimpl.OzoneContainer (OzoneContainer.java:start(186)) - Attempting to start container services.
2019-08-29 08:15:06,740 [Datanode State Machine Thread - 0] INFO  ozoneimpl.OzoneContainer (OzoneContainer.java:startContainerScrub(160)) - Background container scrubber has been disabled by hdds.containerscrub.enabled
2019-08-29 08:15:06,740 [Datanode State Machine Thread - 0] INFO  ratis.XceiverServerRatis (XceiverServerRatis.java:start(404)) - Starting XceiverServerRatis d7d16497-a2ba-406b-855b-2487a72c7d49 at port 0
2019-08-29 08:15:06,747 [Datanode State Machine Thread - 0] INFO  impl.RaftServerProxy (RaftServerProxy.java:lambda$start$3(299)) - d7d16497-a2ba-406b-855b-2487a72c7d49: start RPC server
2019-08-29 08:15:06,761 [Datanode State Machine Thread - 0] INFO  server.GrpcService (GrpcService.java:startImpl(149)) - d7d16497-a2ba-406b-855b-2487a72c7d49: GrpcService started, listening on 0.0.0.0/0.0.0.0:37160
2019-08-29 08:15:06,762 [Datanode State Machine Thread - 0] INFO  ratis.XceiverServerRatis (XceiverServerRatis.java:start(414)) - XceiverServerRatis d7d16497-a2ba-406b-855b-2487a72c7d49 is started using port 37160
2019-08-29 08:15:06,762 [Datanode State Machine Thread - 0] INFO  server.XceiverServerGrpc (XceiverServerGrpc.java:start(163)) - XceiverServerGrpc d7d16497-a2ba-406b-855b-2487a72c7d49 is started using port 46070
2019-08-29 08:15:06,814 [main] INFO  ozone.MiniOzoneClusterImpl (MiniOzoneClusterImpl.java:lambda$waitForClusterToBeReady$0(142)) - Waiting for cluster to be ready. Got 0 of 7 DN Heartbeats.
2019-08-29 08:15:06,816 | INFO  | SCMAudit | user=jenkins1000 | ip=192.168.69.111 | op=GET_VERSION null | ret=SUCCESS |  
2019-08-29 08:15:06,918 [Datanode State Machine Thread - 0] INFO  ozoneimpl.OzoneContainer (OzoneContainer.java:start(186)) - Attempting to start container services.
2019-08-29 08:15:06,918 [Datanode State Machine Thread - 0] INFO  ozoneimpl.OzoneContainer (OzoneContainer.java:startContainerScrub(160)) - Background container scrubber has been disabled by hdds.containerscrub.enabled
2019-08-29 08:15:06,918 [Datanode State Machine Thread - 0] INFO  ratis.XceiverServerRatis (XceiverServerRatis.java:start(404)) - Starting XceiverServerRatis b26f7447-c8e5-423c-a9c9-ce802d0a7050 at port 0
2019-08-29 08:15:06,923 [Datanode State Machine Thread - 0] INFO  impl.RaftServerProxy (RaftServerProxy.java:lambda$start$3(299)) - b26f7447-c8e5-423c-a9c9-ce802d0a7050: start RPC server
2019-08-29 08:15:06,924 [Datanode State Machine Thread - 0] INFO  server.GrpcService (GrpcService.java:startImpl(149)) - b26f7447-c8e5-423c-a9c9-ce802d0a7050: GrpcService started, listening on 0.0.0.0/0.0.0.0:46432
2019-08-29 08:15:06,924 [Datanode State Machine Thread - 0] INFO  ratis.XceiverServerRatis (XceiverServerRatis.java:start(414)) - XceiverServerRatis b26f7447-c8e5-423c-a9c9-ce802d0a7050 is started using port 46432
2019-08-29 08:15:06,925 [Datanode State Machine Thread - 0] INFO  server.XceiverServerGrpc (XceiverServerGrpc.java:start(163)) - XceiverServerGrpc b26f7447-c8e5-423c-a9c9-ce802d0a7050 is started using port 33692
2019-08-29 08:15:07,373 [IPC Server handler 1 on 45358] INFO  net.NetworkTopology (NetworkTopologyImpl.java:add(110)) - Added a new node: /default-rack/87fe3654-6652-4f59-8ff1-d7298e00de43
2019-08-29 08:15:07,375 [IPC Server handler 1 on 45358] INFO  node.SCMNodeManager (SCMNodeManager.java:register(273)) - Registered Data node : 87fe3654-6652-4f59-8ff1-d7298e00de43{ip: 192.168.69.111, host: pr-hdds-1569-g9zr9-4145101663, networkLocation: /default-rack, certSerialId: null}
2019-08-29 08:15:07,376 [EventQueue-NodeRegistrationContainerReportForDataNodeSafeModeRule] INFO  safemode.SCMSafeModeManager (DataNodeSafeModeRule.java:process(71)) - SCM in safe mode. 1 DataNodes registered, 1 required.
2019-08-29 08:15:07,376 | INFO  | SCMAudit | user=jenkins1000 | ip=192.168.69.111 | op=REGISTER {datanodeDetails=87fe3654-6652-4f59-8ff1-d7298e00de43{ip: 192.168.69.111, host: pr-hdds-1569-g9zr9-4145101663, networkLocation: /default-rack, certSerialId: null}} | ret=SUCCESS |  
2019-08-29 08:15:07,377 [EventQueue-NodeRegistrationContainerReportForDataNodeSafeModeRule] INFO  safemode.SCMSafeModeManager (SCMSafeModeManager.java:validateSafeModeExitRules(177)) - ScmSafeModeManager, all rules are successfully validated
2019-08-29 08:15:07,378 [EventQueue-NodeRegistrationContainerReportForDataNodeSafeModeRule] INFO  safemode.SCMSafeModeManager (SCMSafeModeManager.java:exitSafeMode(193)) - SCM exiting safe mode.
2019-08-29 08:15:07,395 [grpc-default-executor-4] INFO  impl.RaftServerProxy (RaftServerProxy.java:addNew(89)) - 87fe3654-6652-4f59-8ff1-d7298e00de43: addNew group-5D341AC9D250:[87fe3654-6652-4f59-8ff1-d7298e00de43:192.168.69.111:41259] returns group-5D341AC9D250:java.util.concurrent.CompletableFuture@251dc5b9[Not completed]
2019-08-29 08:15:07,396 [pool-633-thread-1] INFO  impl.RaftServerImpl (RaftServerImpl.java:<init>(93)) - 87fe3654-6652-4f59-8ff1-d7298e00de43: new RaftServerImpl for group-5D341AC9D250:[87fe3654-6652-4f59-8ff1-d7298e00de43:192.168.69.111:41259] with ContainerStateMachine:uninitialized
2019-08-29 08:15:07,397 [pool-633-thread-1] INFO  server.RaftServerConfigKeys (ConfUtils.java:logGet(43)) - raft.server.rpc.timeout.min = 5s (custom)
2019-08-29 08:15:07,397 [pool-633-thread-1] INFO  server.RaftServerConfigKeys (ConfUtils.java:logGet(43)) - raft.server.rpc.timeout.max = 5200ms (custom)
2019-08-29 08:15:07,397 [pool-633-thread-1] INFO  server.RaftServerConfigKeys (ConfUtils.java:logGet(43)) - raft.server.rpcslowness.timeout = 120s (custom)
2019-08-29 08:15:07,397 [pool-633-thread-1] INFO  server.RaftServerConfigKeys (ConfUtils.java:logGet(43)) - raft.server.sleep.deviation.threshold = 300 (default)
2019-08-29 08:15:07,397 [pool-633-thread-1] INFO  server.RaftServerConfigKeys (ConfUtils.java:logGet(43)) - raft.server.log.appender.install.snapshot.enabled = false (custom)
2019-08-29 08:15:07,397 [pool-633-thread-1] INFO  impl.RaftServerImpl (ServerState.java:<init>(105)) - 87fe3654-6652-4f59-8ff1-d7298e00de43:group-5D341AC9D250 ConfigurationManager, init=-1: [87fe3654-6652-4f59-8ff1-d7298e00de43:192.168.69.111:41259], old=null, confs=<EMPTY_MAP>
2019-08-29 08:15:07,397 [pool-633-thread-1] INFO  server.RaftServerConfigKeys (ConfUtils.java:logGet(43)) - raft.server.storage.dir = [/workdir/hadoop-ozone/integration-test/target/test-dir/MiniOzoneClusterImpl-96c7e6f6-22fe-4395-a836-98ece8aa1bde/datanode-0/data/ratis] (custom)
2019-08-29 08:15:07,398 [pool-633-thread-1] INFO  storage.RaftStorageDirectory (RaftStorageDirectory.java:analyzeStorage(246)) - The storage directory /workdir/hadoop-ozone/integration-test/target/test-dir/MiniOzoneClusterImpl-96c7e6f6-22fe-4395-a836-98ece8aa1bde/datanode-0/data/ratis/7fcfa0ac-c7bb-4fdd-b25e-5d341ac9d250 does not exist. Creating ...
2019-08-29 08:15:07,430 [pool-633-thread-1] INFO  storage.RaftStorageDirectory (RaftStorageDirectory.java:tryLock(328)) - Lock on /workdir/hadoop-ozone/integration-test/target/test-dir/MiniOzoneClusterImpl-96c7e6f6-22fe-4395-a836-98ece8aa1bde/datanode-0/data/ratis/7fcfa0ac-c7bb-4fdd-b25e-5d341ac9d250/in_use.lock acquired by nodename 17172@pr-hdds-1569-g9zr9-4145101663
2019-08-29 08:15:07,457 [pool-633-thread-1] INFO  storage.RaftStorage (RaftStorage.java:format(72)) - Storage directory /workdir/hadoop-ozone/integration-test/target/test-dir/MiniOzoneClusterImpl-96c7e6f6-22fe-4395-a836-98ece8aa1bde/datanode-0/data/ratis/7fcfa0ac-c7bb-4fdd-b25e-5d341ac9d250 has been successfully formatted.
2019-08-29 08:15:07,457 [pool-633-thread-1] INFO  ratis.ContainerStateMachine (ContainerStateMachine.java:loadSnapshot(226)) - group-5D341AC9D250: The snapshot info is null. Setting the last applied indexto:(t:0, i:~)
2019-08-29 08:15:07,457 [pool-633-thread-1] INFO  server.RaftServerConfigKeys (ConfUtils.java:logGet(43)) - raft.server.leader.election.timeout = 120s (custom)
2019-08-29 08:15:07,457 [pool-633-thread-1] INFO  server.RaftServerConfigKeys (ConfUtils.java:logGet(43)) - raft.server.log.use.memory = false (default)
2019-08-29 08:15:07,458 [pool-633-thread-1] INFO  server.RaftServerConfigKeys (ConfUtils.java:logGet(43)) - raft.server.log.purge.gap = 1000000 (custom)
2019-08-29 08:15:07,458 [pool-633-thread-1] INFO  server.RaftServerConfigKeys (ConfUtils.java:logGet(43)) - raft.server.log.appender.buffer.byte-limit = 33554432 (custom)
2019-08-29 08:15:07,458 [pool-633-thread-1] INFO  server.RaftServerConfigKeys (ConfUtils.java:logGet(43)) - raft.server.log.segment.size.max = 1048576 (custom)
2019-08-29 08:15:07,458 [pool-633-thread-1] INFO  server.RaftServerConfigKeys (ConfUtils.java:logGet(43)) - raft.server.log.segment.cache.num.max = 2 (custom)
2019-08-29 08:15:07,458 [pool-633-thread-1] INFO  segmented.SegmentedRaftLogWorker (SegmentedRaftLogWorker.java:<init>(172)) - new 87fe3654-6652-4f59-8ff1-d7298e00de43-SegmentedRaftLogWorker:Storage Directory /workdir/hadoop-ozone/integration-test/target/test-dir/MiniOzoneClusterImpl-96c7e6f6-22fe-4395-a836-98ece8aa1bde/datanode-0/data/ratis/7fcfa0ac-c7bb-4fdd-b25e-5d341ac9d250 for RaftStorage:Storage Directory /workdir/hadoop-ozone/integration-test/target/test-dir/MiniOzoneClusterImpl-96c7e6f6-22fe-4395-a836-98ece8aa1bde/datanode-0/data/ratis/7fcfa0ac-c7bb-4fdd-b25e-5d341ac9d250
2019-08-29 08:15:07,458 [pool-633-thread-1] INFO  server.RaftServerConfigKeys (ConfUtils.java:logGet(43)) - raft.server.log.queue.byte-limit = 2147483647 (custom)
2019-08-29 08:15:07,459 [pool-633-thread-1] INFO  server.RaftServerConfigKeys (ConfUtils.java:logGet(43)) - raft.server.log.queue.element-limit = 1024 (custom)
2019-08-29 08:15:07,459 [pool-633-thread-1] INFO  server.RaftServerConfigKeys (ConfUtils.java:logGet(43)) - raft.server.log.segment.size.max = 1048576 (custom)
2019-08-29 08:15:07,459 [pool-633-thread-1] INFO  server.RaftServerConfigKeys (ConfUtils.java:logGet(43)) - raft.server.log.preallocated.size = 16384 (custom)
2019-08-29 08:15:07,459 [pool-633-thread-1] INFO  server.RaftServerConfigKeys (ConfUtils.java:logGet(43)) - raft.server.log.write.buffer.size = 33554432 (custom)
2019-08-29 08:15:07,459 [pool-633-thread-1] INFO  server.RaftServerConfigKeys (ConfUtils.java:logGet(43)) - raft.server.log.force.sync.num = 128 (default)
2019-08-29 08:15:07,459 [pool-633-thread-1] INFO  server.RaftServerConfigKeys (ConfUtils.java:logGet(43)) - raft.server.log.statemachine.data.sync = true (default)
2019-08-29 08:15:07,460 [pool-633-thread-1] INFO  server.RaftServerConfigKeys (ConfUtils.java:logGet(43)) - raft.server.log.statemachine.data.sync.timeout = 10s (default)
2019-08-29 08:15:07,460 [pool-633-thread-1] INFO  server.RaftServerConfigKeys (ConfUtils.java:logGet(43)) - raft.server.log.statemachine.data.sync.timeout.retry = -1 (default)
2019-08-29 08:15:07,460 [pool-633-thread-1] INFO  server.RaftServerConfigKeys (ConfUtils.java:logGet(43)) - raft.server.log.statemachine.data.caching.enabled = true (custom)
2019-08-29 08:15:07,460 [pool-633-thread-1] INFO  segmented.SegmentedRaftLogWorker (SegmentedRaftLogWorker.java:lambda$new$0(132)) - 87fe3654-6652-4f59-8ff1-d7298e00de43-SegmentedRaftLogWorker:Storage Directory /workdir/hadoop-ozone/integration-test/target/test-dir/MiniOzoneClusterImpl-96c7e6f6-22fe-4395-a836-98ece8aa1bde/datanode-0/data/ratis/7fcfa0ac-c7bb-4fdd-b25e-5d341ac9d250: flushIndex: setUnconditionally 0 -> -1
2019-08-29 08:15:07,461 [pool-633-thread-1] INFO  server.RaftServerConfigKeys (ConfUtils.java:logGet(43)) - raft.server.snapshot.auto.trigger.enabled = true (custom)
2019-08-29 08:15:07,461 [pool-633-thread-1] INFO  server.RaftServerConfigKeys (ConfUtils.java:logGet(43)) - raft.server.snapshot.auto.trigger.threshold = 10000 (custom)
2019-08-29 08:15:07,461 [pool-633-thread-1] INFO  server.RaftServerConfigKeys (ConfUtils.java:logGet(43)) - raft.server.retrycache.expirytime = 600000ms (custom)
2019-08-29 08:15:07,461 [pool-633-thread-1] INFO  impl.RaftServerImpl (RaftServerImpl.java:start(180)) - 87fe3654-6652-4f59-8ff1-d7298e00de43: start group-5D341AC9D250
2019-08-29 08:15:07,461 [pool-633-thread-1] INFO  impl.RaftServerImpl (RaftServerImpl.java:setRole(171)) - 87fe3654-6652-4f59-8ff1-d7298e00de43:group-5D341AC9D250 changes role from null to FOLLOWER at term 0 for startAsFollower
2019-08-29 08:15:07,462 [pool-633-thread-1] INFO  impl.RoleInfo (RoleInfo.java:updateAndGet(143)) - 87fe3654-6652-4f59-8ff1-d7298e00de43: start FollowerState
2019-08-29 08:15:07,462 [pool-633-thread-1] INFO  util.JmxRegister (JmxRegister.java:tryRegister(44)) - Successfully registered JMX Bean with object name Ratis:service=RaftServer,group=group-5D341AC9D250,id=87fe3654-6652-4f59-8ff1-d7298e00de43
2019-08-29 08:15:07,467 [RatisPipelineUtilsThread] INFO  pipeline.PipelineStateManager (PipelineStateManager.java:addPipeline(56)) - Created pipeline Pipeline[ Id: 7fcfa0ac-c7bb-4fdd-b25e-5d341ac9d250, Nodes: 87fe3654-6652-4f59-8ff1-d7298e00de43{ip: 192.168.69.111, host: pr-hdds-1569-g9zr9-4145101663, networkLocation: /default-rack, certSerialId: null}, Type:RATIS, Factor:ONE, State:OPEN]
2019-08-29 08:15:07,587 [IPC Server handler 2 on 45358] INFO  net.NetworkTopology (NetworkTopologyImpl.java:add(110)) - Added a new node: /default-rack/816deff1-51bb-41e0-81da-cb008c3f276b
2019-08-29 08:15:07,587 [IPC Server handler 2 on 45358] INFO  node.SCMNodeManager (SCMNodeManager.java:register(273)) - Registered Data node : 816deff1-51bb-41e0-81da-cb008c3f276b{ip: 192.168.69.111, host: pr-hdds-1569-g9zr9-4145101663, networkLocation: /default-rack, certSerialId: null}
2019-08-29 08:15:07,588 | INFO  | SCMAudit | user=jenkins1000 | ip=192.168.69.111 | op=REGISTER {datanodeDetails=816deff1-51bb-41e0-81da-cb008c3f276b{ip: 192.168.69.111, host: pr-hdds-1569-g9zr9-4145101663, networkLocation: /default-rack, certSerialId: null}} | ret=SUCCESS |  
2019-08-29 08:15:07,606 [grpc-default-executor-4] INFO  impl.RaftServerProxy (RaftServerProxy.java:addNew(89)) - 816deff1-51bb-41e0-81da-cb008c3f276b: addNew group-254192544944:[816deff1-51bb-41e0-81da-cb008c3f276b:192.168.69.111:43317] returns group-254192544944:java.util.concurrent.CompletableFuture@758fe249[Not completed]
2019-08-29 08:15:07,607 [pool-644-thread-1] INFO  impl.RaftServerImpl (RaftServerImpl.java:<init>(93)) - 816deff1-51bb-41e0-81da-cb008c3f276b: new RaftServerImpl for group-254192544944:[816deff1-51bb-41e0-81da-cb008c3f276b:192.168.69.111:43317] with ContainerStateMachine:uninitialized
2019-08-29 08:15:07,607 [pool-644-thread-1] INFO  server.RaftServerConfigKeys (ConfUtils.java:logGet(43)) - raft.server.rpc.timeout.min = 5s (custom)
2019-08-29 08:15:07,608 [pool-644-thread-1] INFO  server.RaftServerConfigKeys (ConfUtils.java:logGet(43)) - raft.server.rpc.timeout.max = 5200ms (custom)
2019-08-29 08:15:07,608 [pool-644-thread-1] INFO  server.RaftServerConfigKeys (ConfUtils.java:logGet(43)) - raft.server.rpcslowness.timeout = 120s (custom)
2019-08-29 08:15:07,608 [pool-644-thread-1] INFO  server.RaftServerConfigKeys (ConfUtils.java:logGet(43)) - raft.server.sleep.deviation.threshold = 300 (default)
2019-08-29 08:15:07,608 [pool-644-thread-1] INFO  server.RaftServerConfigKeys (ConfUtils.java:logGet(43)) - raft.server.log.appender.install.snapshot.enabled = false (custom)
2019-08-29 08:15:07,608 [pool-644-thread-1] INFO  impl.RaftServerImpl (ServerState.java:<init>(105)) - 816deff1-51bb-41e0-81da-cb008c3f276b:group-254192544944 ConfigurationManager, init=-1: [816deff1-51bb-41e0-81da-cb008c3f276b:192.168.69.111:43317], old=null, confs=<EMPTY_MAP>
2019-08-29 08:15:07,608 [pool-644-thread-1] INFO  server.RaftServerConfigKeys (ConfUtils.java:logGet(43)) - raft.server.storage.dir = [/workdir/hadoop-ozone/integration-test/target/test-dir/MiniOzoneClusterImpl-96c7e6f6-22fe-4395-a836-98ece8aa1bde/datanode-1/data/ratis] (custom)
2019-08-29 08:15:07,609 [pool-644-thread-1] INFO  storage.RaftStorageDirectory (RaftStorageDirectory.java:analyzeStorage(246)) - The storage directory /workdir/hadoop-ozone/integration-test/target/test-dir/MiniOzoneClusterImpl-96c7e6f6-22fe-4395-a836-98ece8aa1bde/datanode-1/data/ratis/4196f8eb-996f-489d-b4d2-254192544944 does not exist. Creating ...
2019-08-29 08:15:07,624 [pool-644-thread-1] INFO  storage.RaftStorageDirectory (RaftStorageDirectory.java:tryLock(328)) - Lock on /workdir/hadoop-ozone/integration-test/target/test-dir/MiniOzoneClusterImpl-96c7e6f6-22fe-4395-a836-98ece8aa1bde/datanode-1/data/ratis/4196f8eb-996f-489d-b4d2-254192544944/in_use.lock acquired by nodename 17172@pr-hdds-1569-g9zr9-4145101663
2019-08-29 08:15:07,677 [pool-644-thread-1] INFO  storage.RaftStorage (RaftStorage.java:format(72)) - Storage directory /workdir/hadoop-ozone/integration-test/target/test-dir/MiniOzoneClusterImpl-96c7e6f6-22fe-4395-a836-98ece8aa1bde/datanode-1/data/ratis/4196f8eb-996f-489d-b4d2-254192544944 has been successfully formatted.
2019-08-29 08:15:07,677 [pool-644-thread-1] INFO  ratis.ContainerStateMachine (ContainerStateMachine.java:loadSnapshot(226)) - group-254192544944: The snapshot info is null. Setting the last applied indexto:(t:0, i:~)
2019-08-29 08:15:07,678 [pool-644-thread-1] INFO  server.RaftServerConfigKeys (ConfUtils.java:logGet(43)) - raft.server.leader.election.timeout = 120s (custom)
2019-08-29 08:15:07,678 [pool-644-thread-1] INFO  server.RaftServerConfigKeys (ConfUtils.java:logGet(43)) - raft.server.log.use.memory = false (default)
2019-08-29 08:15:07,678 [pool-644-thread-1] INFO  server.RaftServerConfigKeys (ConfUtils.java:logGet(43)) - raft.server.log.purge.gap = 1000000 (custom)
2019-08-29 08:15:07,679 [pool-644-thread-1] INFO  server.RaftServerConfigKeys (ConfUtils.java:logGet(43)) - raft.server.log.appender.buffer.byte-limit = 33554432 (custom)
2019-08-29 08:15:07,679 [pool-644-thread-1] INFO  server.RaftServerConfigKeys (ConfUtils.java:logGet(43)) - raft.server.log.segment.size.max = 1048576 (custom)
2019-08-29 08:15:07,679 [pool-644-thread-1] INFO  server.RaftServerConfigKeys (ConfUtils.java:logGet(43)) - raft.server.log.segment.cache.num.max = 2 (custom)
2019-08-29 08:15:07,680 [pool-644-thread-1] INFO  segmented.SegmentedRaftLogWorker (SegmentedRaftLogWorker.java:<init>(172)) - new 816deff1-51bb-41e0-81da-cb008c3f276b-SegmentedRaftLogWorker:Storage Directory /workdir/hadoop-ozone/integration-test/target/test-dir/MiniOzoneClusterImpl-96c7e6f6-22fe-4395-a836-98ece8aa1bde/datanode-1/data/ratis/4196f8eb-996f-489d-b4d2-254192544944 for RaftStorage:Storage Directory /workdir/hadoop-ozone/integration-test/target/test-dir/MiniOzoneClusterImpl-96c7e6f6-22fe-4395-a836-98ece8aa1bde/datanode-1/data/ratis/4196f8eb-996f-489d-b4d2-254192544944
2019-08-29 08:15:07,680 [pool-644-thread-1] INFO  server.RaftServerConfigKeys (ConfUtils.java:logGet(43)) - raft.server.log.queue.byte-limit = 2147483647 (custom)
2019-08-29 08:15:07,681 [pool-644-thread-1] INFO  server.RaftServerConfigKeys (ConfUtils.java:logGet(43)) - raft.server.log.queue.element-limit = 1024 (custom)
2019-08-29 08:15:07,681 [pool-644-thread-1] INFO  server.RaftServerConfigKeys (ConfUtils.java:logGet(43)) - raft.server.log.segment.size.max = 1048576 (custom)
2019-08-29 08:15:07,681 [pool-644-thread-1] INFO  server.RaftServerConfigKeys (ConfUtils.java:logGet(43)) - raft.server.log.preallocated.size = 16384 (custom)
2019-08-29 08:15:07,682 [pool-644-thread-1] INFO  server.RaftServerConfigKeys (ConfUtils.java:logGet(43)) - raft.server.log.write.buffer.size = 33554432 (custom)
2019-08-29 08:15:07,682 [pool-644-thread-1] INFO  server.RaftServerConfigKeys (ConfUtils.java:logGet(43)) - raft.server.log.force.sync.num = 128 (default)
2019-08-29 08:15:07,683 [pool-644-thread-1] INFO  server.RaftServerConfigKeys (ConfUtils.java:logGet(43)) - raft.server.log.statemachine.data.sync = true (default)
2019-08-29 08:15:07,683 [pool-644-thread-1] INFO  server.RaftServerConfigKeys (ConfUtils.java:logGet(43)) - raft.server.log.statemachine.data.sync.timeout = 10s (default)
2019-08-29 08:15:07,683 [pool-644-thread-1] INFO  server.RaftServerConfigKeys (ConfUtils.java:logGet(43)) - raft.server.log.statemachine.data.sync.timeout.retry = -1 (default)
2019-08-29 08:15:07,684 [pool-644-thread-1] INFO  server.RaftServerConfigKeys (ConfUtils.java:logGet(43)) - raft.server.log.statemachine.data.caching.enabled = true (custom)
2019-08-29 08:15:07,684 [pool-644-thread-1] INFO  segmented.SegmentedRaftLogWorker (SegmentedRaftLogWorker.java:lambda$new$0(132)) - 816deff1-51bb-41e0-81da-cb008c3f276b-SegmentedRaftLogWorker:Storage Directory /workdir/hadoop-ozone/integration-test/target/test-dir/MiniOzoneClusterImpl-96c7e6f6-22fe-4395-a836-98ece8aa1bde/datanode-1/data/ratis/4196f8eb-996f-489d-b4d2-254192544944: flushIndex: setUnconditionally 0 -> -1
2019-08-29 08:15:07,685 [pool-644-thread-1] INFO  server.RaftServerConfigKeys (ConfUtils.java:logGet(43)) - raft.server.snapshot.auto.trigger.enabled = true (custom)
2019-08-29 08:15:07,685 [pool-644-thread-1] INFO  server.RaftServerConfigKeys (ConfUtils.java:logGet(43)) - raft.server.snapshot.auto.trigger.threshold = 10000 (custom)
2019-08-29 08:15:07,686 [pool-644-thread-1] INFO  server.RaftServerConfigKeys (ConfUtils.java:logGet(43)) - raft.server.retrycache.expirytime = 600000ms (custom)
2019-08-29 08:15:07,686 [pool-644-thread-1] INFO  impl.RaftServerImpl (RaftServerImpl.java:start(180)) - 816deff1-51bb-41e0-81da-cb008c3f276b: start group-254192544944
2019-08-29 08:15:07,686 [pool-644-thread-1] INFO  impl.RaftServerImpl (RaftServerImpl.java:setRole(171)) - 816deff1-51bb-41e0-81da-cb008c3f276b:group-254192544944 changes role from null to FOLLOWER at term 0 for startAsFollower
2019-08-29 08:15:07,687 [pool-644-thread-1] INFO  impl.RoleInfo (RoleInfo.java:updateAndGet(143)) - 816deff1-51bb-41e0-81da-cb008c3f276b: start FollowerState
2019-08-29 08:15:07,688 [pool-644-thread-1] INFO  util.JmxRegister (JmxRegister.java:tryRegister(44)) - Successfully registered JMX Bean with object name Ratis:service=RaftServer,group=group-254192544944,id=816deff1-51bb-41e0-81da-cb008c3f276b
2019-08-29 08:15:07,693 [RatisPipelineUtilsThread] INFO  pipeline.PipelineStateManager (PipelineStateManager.java:addPipeline(56)) - Created pipeline Pipeline[ Id: 4196f8eb-996f-489d-b4d2-254192544944, Nodes: 816deff1-51bb-41e0-81da-cb008c3f276b{ip: 192.168.69.111, host: pr-hdds-1569-g9zr9-4145101663, networkLocation: /default-rack, certSerialId: null}, Type:RATIS, Factor:ONE, State:OPEN]
2019-08-29 08:15:07,811 [IPC Server handler 3 on 45358] INFO  net.NetworkTopology (NetworkTopologyImpl.java:add(110)) - Added a new node: /default-rack/da6a9e9a-35dc-4ac4-b4cf-445d85f2fed3
2019-08-29 08:15:07,812 [IPC Server handler 3 on 45358] INFO  node.SCMNodeManager (SCMNodeManager.java:register(273)) - Registered Data node : da6a9e9a-35dc-4ac4-b4cf-445d85f2fed3{ip: 192.168.69.111, host: pr-hdds-1569-g9zr9-4145101663, networkLocation: /default-rack, certSerialId: null}
2019-08-29 08:15:07,812 | INFO  | SCMAudit | user=jenkins1000 | ip=192.168.69.111 | op=REGISTER {datanodeDetails=da6a9e9a-35dc-4ac4-b4cf-445d85f2fed3{ip: 192.168.69.111, host: pr-hdds-1569-g9zr9-4145101663, networkLocation: /default-rack, certSerialId: null}} | ret=SUCCESS |  
2019-08-29 08:15:07,815 [main] INFO  ozone.MiniOzoneClusterImpl (MiniOzoneClusterImpl.java:lambda$waitForClusterToBeReady$0(142)) - Waiting for cluster to be ready. Got 3 of 7 DN Heartbeats.
2019-08-29 08:15:07,819 [grpc-default-executor-4] INFO  impl.RaftServerProxy (RaftServerProxy.java:addNew(89)) - da6a9e9a-35dc-4ac4-b4cf-445d85f2fed3: addNew group-67A33F45194A:[da6a9e9a-35dc-4ac4-b4cf-445d85f2fed3:192.168.69.111:39023] returns group-67A33F45194A:java.util.concurrent.CompletableFuture@d768a4d[Not completed]
2019-08-29 08:15:07,820 [pool-655-thread-1] INFO  impl.RaftServerImpl (RaftServerImpl.java:<init>(93)) - da6a9e9a-35dc-4ac4-b4cf-445d85f2fed3: new RaftServerImpl for group-67A33F45194A:[da6a9e9a-35dc-4ac4-b4cf-445d85f2fed3:192.168.69.111:39023] with ContainerStateMachine:uninitialized
2019-08-29 08:15:07,820 [pool-655-thread-1] INFO  server.RaftServerConfigKeys (ConfUtils.java:logGet(43)) - raft.server.rpc.timeout.min = 5s (custom)
2019-08-29 08:15:07,820 [pool-655-thread-1] INFO  server.RaftServerConfigKeys (ConfUtils.java:logGet(43)) - raft.server.rpc.timeout.max = 5200ms (custom)
2019-08-29 08:15:07,820 [pool-655-thread-1] INFO  server.RaftServerConfigKeys (ConfUtils.java:logGet(43)) - raft.server.rpcslowness.timeout = 120s (custom)
2019-08-29 08:15:07,820 [pool-655-thread-1] INFO  server.RaftServerConfigKeys (ConfUtils.java:logGet(43)) - raft.server.sleep.deviation.threshold = 300 (default)
2019-08-29 08:15:07,820 [pool-655-thread-1] INFO  server.RaftServerConfigKeys (ConfUtils.java:logGet(43)) - raft.server.log.appender.install.snapshot.enabled = false (custom)
2019-08-29 08:15:07,821 [pool-655-thread-1] INFO  impl.RaftServerImpl (ServerState.java:<init>(105)) - da6a9e9a-35dc-4ac4-b4cf-445d85f2fed3:group-67A33F45194A ConfigurationManager, init=-1: [da6a9e9a-35dc-4ac4-b4cf-445d85f2fed3:192.168.69.111:39023], old=null, confs=<EMPTY_MAP>
2019-08-29 08:15:07,821 [pool-655-thread-1] INFO  server.RaftServerConfigKeys (ConfUtils.java:logGet(43)) - raft.server.storage.dir = [/workdir/hadoop-ozone/integration-test/target/test-dir/MiniOzoneClusterImpl-96c7e6f6-22fe-4395-a836-98ece8aa1bde/datanode-2/data/ratis] (custom)
2019-08-29 08:15:07,821 [pool-655-thread-1] INFO  storage.RaftStorageDirectory (RaftStorageDirectory.java:analyzeStorage(246)) - The storage directory /workdir/hadoop-ozone/integration-test/target/test-dir/MiniOzoneClusterImpl-96c7e6f6-22fe-4395-a836-98ece8aa1bde/datanode-2/data/ratis/a6e5001b-b349-429f-8ae8-67a33f45194a does not exist. Creating ...
2019-08-29 08:15:07,838 [pool-655-thread-1] INFO  storage.RaftStorageDirectory (RaftStorageDirectory.java:tryLock(328)) - Lock on /workdir/hadoop-ozone/integration-test/target/test-dir/MiniOzoneClusterImpl-96c7e6f6-22fe-4395-a836-98ece8aa1bde/datanode-2/data/ratis/a6e5001b-b349-429f-8ae8-67a33f45194a/in_use.lock acquired by nodename 17172@pr-hdds-1569-g9zr9-4145101663
2019-08-29 08:15:07,857 [pool-655-thread-1] INFO  storage.RaftStorage (RaftStorage.java:format(72)) - Storage directory /workdir/hadoop-ozone/integration-test/target/test-dir/MiniOzoneClusterImpl-96c7e6f6-22fe-4395-a836-98ece8aa1bde/datanode-2/data/ratis/a6e5001b-b349-429f-8ae8-67a33f45194a has been successfully formatted.
2019-08-29 08:15:07,858 [pool-655-thread-1] INFO  ratis.ContainerStateMachine (ContainerStateMachine.java:loadSnapshot(226)) - group-67A33F45194A: The snapshot info is null. Setting the last applied indexto:(t:0, i:~)
2019-08-29 08:15:07,858 [pool-655-thread-1] INFO  server.RaftServerConfigKeys (ConfUtils.java:logGet(43)) - raft.server.leader.election.timeout = 120s (custom)
2019-08-29 08:15:07,858 [pool-655-thread-1] INFO  server.RaftServerConfigKeys (ConfUtils.java:logGet(43)) - raft.server.log.use.memory = false (default)
2019-08-29 08:15:07,858 [pool-655-thread-1] INFO  server.RaftServerConfigKeys (ConfUtils.java:logGet(43)) - raft.server.log.purge.gap = 1000000 (custom)
2019-08-29 08:15:07,858 [pool-655-thread-1] INFO  server.RaftServerConfigKeys (ConfUtils.java:logGet(43)) - raft.server.log.appender.buffer.byte-limit = 33554432 (custom)
2019-08-29 08:15:07,858 [pool-655-thread-1] INFO  server.RaftServerConfigKeys (ConfUtils.java:logGet(43)) - raft.server.log.segment.size.max = 1048576 (custom)
2019-08-29 08:15:07,859 [pool-655-thread-1] INFO  server.RaftServerConfigKeys (ConfUtils.java:logGet(43)) - raft.server.log.segment.cache.num.max = 2 (custom)
2019-08-29 08:15:07,859 [pool-655-thread-1] INFO  segmented.SegmentedRaftLogWorker (SegmentedRaftLogWorker.java:<init>(172)) - new da6a9e9a-35dc-4ac4-b4cf-445d85f2fed3-SegmentedRaftLogWorker:Storage Directory /workdir/hadoop-ozone/integration-test/target/test-dir/MiniOzoneClusterImpl-96c7e6f6-22fe-4395-a836-98ece8aa1bde/datanode-2/data/ratis/a6e5001b-b349-429f-8ae8-67a33f45194a for RaftStorage:Storage Directory /workdir/hadoop-ozone/integration-test/target/test-dir/MiniOzoneClusterImpl-96c7e6f6-22fe-4395-a836-98ece8aa1bde/datanode-2/data/ratis/a6e5001b-b349-429f-8ae8-67a33f45194a
2019-08-29 08:15:07,859 [pool-655-thread-1] INFO  server.RaftServerConfigKeys (ConfUtils.java:logGet(43)) - raft.server.log.queue.byte-limit = 2147483647 (custom)
2019-08-29 08:15:07,859 [pool-655-thread-1] INFO  server.RaftServerConfigKeys (ConfUtils.java:logGet(43)) - raft.server.log.queue.element-limit = 1024 (custom)
2019-08-29 08:15:07,859 [pool-655-thread-1] INFO  server.RaftServerConfigKeys (ConfUtils.java:logGet(43)) - raft.server.log.segment.size.max = 1048576 (custom)
2019-08-29 08:15:07,860 [pool-655-thread-1] INFO  server.RaftServerConfigKeys (ConfUtils.java:logGet(43)) - raft.server.log.preallocated.size = 16384 (custom)
2019-08-29 08:15:07,860 [pool-655-thread-1] INFO  server.RaftServerConfigKeys (ConfUtils.java:logGet(43)) - raft.server.log.write.buffer.size = 33554432 (custom)
2019-08-29 08:15:07,860 [pool-655-thread-1] INFO  server.RaftServerConfigKeys (ConfUtils.java:logGet(43)) - raft.server.log.force.sync.num = 128 (default)
2019-08-29 08:15:07,860 [pool-655-thread-1] INFO  server.RaftServerConfigKeys (ConfUtils.java:logGet(43)) - raft.server.log.statemachine.data.sync = true (default)
2019-08-29 08:15:07,860 [pool-655-thread-1] INFO  server.RaftServerConfigKeys (ConfUtils.java:logGet(43)) - raft.server.log.statemachine.data.sync.timeout = 10s (default)
2019-08-29 08:15:07,860 [pool-655-thread-1] INFO  server.RaftServerConfigKeys (ConfUtils.java:logGet(43)) - raft.server.log.statemachine.data.sync.timeout.retry = -1 (default)
2019-08-29 08:15:07,861 [pool-655-thread-1] INFO  server.RaftServerConfigKeys (ConfUtils.java:logGet(43)) - raft.server.log.statemachine.data.caching.enabled = true (custom)
2019-08-29 08:15:07,861 [pool-655-thread-1] INFO  segmented.SegmentedRaftLogWorker (SegmentedRaftLogWorker.java:lambda$new$0(132)) - da6a9e9a-35dc-4ac4-b4cf-445d85f2fed3-SegmentedRaftLogWorker:Storage Directory /workdir/hadoop-ozone/integration-test/target/test-dir/MiniOzoneClusterImpl-96c7e6f6-22fe-4395-a836-98ece8aa1bde/datanode-2/data/ratis/a6e5001b-b349-429f-8ae8-67a33f45194a: flushIndex: setUnconditionally 0 -> -1
2019-08-29 08:15:07,862 [pool-655-thread-1] INFO  server.RaftServerConfigKeys (ConfUtils.java:logGet(43)) - raft.server.snapshot.auto.trigger.enabled = true (custom)
2019-08-29 08:15:07,862 [pool-655-thread-1] INFO  server.RaftServerConfigKeys (ConfUtils.java:logGet(43)) - raft.server.snapshot.auto.trigger.threshold = 10000 (custom)
2019-08-29 08:15:07,862 [pool-655-thread-1] INFO  server.RaftServerConfigKeys (ConfUtils.java:logGet(43)) - raft.server.retrycache.expirytime = 600000ms (custom)
2019-08-29 08:15:07,862 [pool-655-thread-1] INFO  impl.RaftServerImpl (RaftServerImpl.java:start(180)) - da6a9e9a-35dc-4ac4-b4cf-445d85f2fed3: start group-67A33F45194A
2019-08-29 08:15:07,862 [pool-655-thread-1] INFO  impl.RaftServerImpl (RaftServerImpl.java:setRole(171)) - da6a9e9a-35dc-4ac4-b4cf-445d85f2fed3:group-67A33F45194A changes role from null to FOLLOWER at term 0 for startAsFollower
2019-08-29 08:15:07,862 [pool-655-thread-1] INFO  impl.RoleInfo (RoleInfo.java:updateAndGet(143)) - da6a9e9a-35dc-4ac4-b4cf-445d85f2fed3: start FollowerState
2019-08-29 08:15:07,863 [pool-655-thread-1] INFO  util.JmxRegister (JmxRegister.java:tryRegister(44)) - Successfully registered JMX Bean with object name Ratis:service=RaftServer,group=group-67A33F45194A,id=da6a9e9a-35dc-4ac4-b4cf-445d85f2fed3
2019-08-29 08:15:07,868 [RatisPipelineUtilsThread] INFO  pipeline.PipelineStateManager (PipelineStateManager.java:addPipeline(56)) - Created pipeline Pipeline[ Id: a6e5001b-b349-429f-8ae8-67a33f45194a, Nodes: da6a9e9a-35dc-4ac4-b4cf-445d85f2fed3{ip: 192.168.69.111, host: pr-hdds-1569-g9zr9-4145101663, networkLocation: /default-rack, certSerialId: null}, Type:RATIS, Factor:ONE, State:OPEN]
2019-08-29 08:15:07,878 [grpc-default-executor-7] INFO  impl.RaftServerProxy (RaftServerProxy.java:addNew(89)) - 87fe3654-6652-4f59-8ff1-d7298e00de43: addNew group-B6F78C66E0B0:[816deff1-51bb-41e0-81da-cb008c3f276b:192.168.69.111:43317, 87fe3654-6652-4f59-8ff1-d7298e00de43:192.168.69.111:41259, da6a9e9a-35dc-4ac4-b4cf-445d85f2fed3:192.168.69.111:39023] returns group-B6F78C66E0B0:java.util.concurrent.CompletableFuture@5644ba87[Not completed]
2019-08-29 08:15:07,878 [grpc-default-executor-8] INFO  impl.RaftServerProxy (RaftServerProxy.java:addNew(89)) - da6a9e9a-35dc-4ac4-b4cf-445d85f2fed3: addNew group-B6F78C66E0B0:[816deff1-51bb-41e0-81da-cb008c3f276b:192.168.69.111:43317, 87fe3654-6652-4f59-8ff1-d7298e00de43:192.168.69.111:41259, da6a9e9a-35dc-4ac4-b4cf-445d85f2fed3:192.168.69.111:39023] returns group-B6F78C66E0B0:java.util.concurrent.CompletableFuture@56d99591[Not completed]
2019-08-29 08:15:07,878 [grpc-default-executor-4] INFO  impl.RaftServerProxy (RaftServerProxy.java:addNew(89)) - 816deff1-51bb-41e0-81da-cb008c3f276b: addNew group-B6F78C66E0B0:[816deff1-51bb-41e0-81da-cb008c3f276b:192.168.69.111:43317, 87fe3654-6652-4f59-8ff1-d7298e00de43:192.168.69.111:41259, da6a9e9a-35dc-4ac4-b4cf-445d85f2fed3:192.168.69.111:39023] returns group-B6F78C66E0B0:java.util.concurrent.CompletableFuture@1f07f301[Not completed]
2019-08-29 08:15:07,880 [pool-655-thread-1] INFO  impl.RaftServerImpl (RaftServerImpl.java:<init>(93)) - da6a9e9a-35dc-4ac4-b4cf-445d85f2fed3: new RaftServerImpl for group-B6F78C66E0B0:[816deff1-51bb-41e0-81da-cb008c3f276b:192.168.69.111:43317, 87fe3654-6652-4f59-8ff1-d7298e00de43:192.168.69.111:41259, da6a9e9a-35dc-4ac4-b4cf-445d85f2fed3:192.168.69.111:39023] with ContainerStateMachine:uninitialized
2019-08-29 08:15:07,880 [pool-655-thread-1] INFO  server.RaftServerConfigKeys (ConfUtils.java:logGet(43)) - raft.server.rpc.timeout.min = 5s (custom)
2019-08-29 08:15:07,880 [pool-655-thread-1] INFO  server.RaftServerConfigKeys (ConfUtils.java:logGet(43)) - raft.server.rpc.timeout.max = 5200ms (custom)
2019-08-29 08:15:07,880 [pool-655-thread-1] INFO  server.RaftServerConfigKeys (ConfUtils.java:logGet(43)) - raft.server.rpcslowness.timeout = 120s (custom)
2019-08-29 08:15:07,880 [pool-655-thread-1] INFO  server.RaftServerConfigKeys (ConfUtils.java:logGet(43)) - raft.server.sleep.deviation.threshold = 300 (default)
2019-08-29 08:15:07,880 [pool-655-thread-1] INFO  server.RaftServerConfigKeys (ConfUtils.java:logGet(43)) - raft.server.log.appender.install.snapshot.enabled = false (custom)
2019-08-29 08:15:07,880 [pool-633-thread-1] INFO  impl.RaftServerImpl (RaftServerImpl.java:<init>(93)) - 87fe3654-6652-4f59-8ff1-d7298e00de43: new RaftServerImpl for group-B6F78C66E0B0:[816deff1-51bb-41e0-81da-cb008c3f276b:192.168.69.111:43317, 87fe3654-6652-4f59-8ff1-d7298e00de43:192.168.69.111:41259, da6a9e9a-35dc-4ac4-b4cf-445d85f2fed3:192.168.69.111:39023] with ContainerStateMachine:uninitialized
2019-08-29 08:15:07,880 [pool-655-thread-1] INFO  impl.RaftServerImpl (ServerState.java:<init>(105)) - da6a9e9a-35dc-4ac4-b4cf-445d85f2fed3:group-B6F78C66E0B0 ConfigurationManager, init=-1: [816deff1-51bb-41e0-81da-cb008c3f276b:192.168.69.111:43317, 87fe3654-6652-4f59-8ff1-d7298e00de43:192.168.69.111:41259, da6a9e9a-35dc-4ac4-b4cf-445d85f2fed3:192.168.69.111:39023], old=null, confs=<EMPTY_MAP>
2019-08-29 08:15:07,881 [pool-633-thread-1] INFO  server.RaftServerConfigKeys (ConfUtils.java:logGet(43)) - raft.server.rpc.timeout.min = 5s (custom)
2019-08-29 08:15:07,881 [pool-655-thread-1] INFO  server.RaftServerConfigKeys (ConfUtils.java:logGet(43)) - raft.server.storage.dir = [/workdir/hadoop-ozone/integration-test/target/test-dir/MiniOzoneClusterImpl-96c7e6f6-22fe-4395-a836-98ece8aa1bde/datanode-2/data/ratis] (custom)
2019-08-29 08:15:07,881 [pool-633-thread-1] INFO  server.RaftServerConfigKeys (ConfUtils.java:logGet(43)) - raft.server.rpc.timeout.max = 5200ms (custom)
2019-08-29 08:15:07,881 [pool-633-thread-1] INFO  server.RaftServerConfigKeys (ConfUtils.java:logGet(43)) - raft.server.rpcslowness.timeout = 120s (custom)
2019-08-29 08:15:07,881 [pool-655-thread-1] INFO  storage.RaftStorageDirectory (RaftStorageDirectory.java:analyzeStorage(246)) - The storage directory /workdir/hadoop-ozone/integration-test/target/test-dir/MiniOzoneClusterImpl-96c7e6f6-22fe-4395-a836-98ece8aa1bde/datanode-2/data/ratis/f222ff4b-adf9-43b9-abea-b6f78c66e0b0 does not exist. Creating ...
2019-08-29 08:15:07,881 [pool-644-thread-1] INFO  impl.RaftServerImpl (RaftServerImpl.java:<init>(93)) - 816deff1-51bb-41e0-81da-cb008c3f276b: new RaftServerImpl for group-B6F78C66E0B0:[816deff1-51bb-41e0-81da-cb008c3f276b:192.168.69.111:43317, 87fe3654-6652-4f59-8ff1-d7298e00de43:192.168.69.111:41259, da6a9e9a-35dc-4ac4-b4cf-445d85f2fed3:192.168.69.111:39023] with ContainerStateMachine:uninitialized
2019-08-29 08:15:07,881 [pool-633-thread-1] INFO  server.RaftServerConfigKeys (ConfUtils.java:logGet(43)) - raft.server.sleep.deviation.threshold = 300 (default)
2019-08-29 08:15:07,881 [pool-644-thread-1] INFO  server.RaftServerConfigKeys (ConfUtils.java:logGet(43)) - raft.server.rpc.timeout.min = 5s (custom)
2019-08-29 08:15:07,882 [pool-633-thread-1] INFO  server.RaftServerConfigKeys (ConfUtils.java:logGet(43)) - raft.server.log.appender.install.snapshot.enabled = false (custom)
2019-08-29 08:15:07,882 [pool-644-thread-1] INFO  server.RaftServerConfigKeys (ConfUtils.java:logGet(43)) - raft.server.rpc.timeout.max = 5200ms (custom)
2019-08-29 08:15:07,882 [pool-633-thread-1] INFO  impl.RaftServerImpl (ServerState.java:<init>(105)) - 87fe3654-6652-4f59-8ff1-d7298e00de43:group-B6F78C66E0B0 ConfigurationManager, init=-1: [816deff1-51bb-41e0-81da-cb008c3f276b:192.168.69.111:43317, 87fe3654-6652-4f59-8ff1-d7298e00de43:192.168.69.111:41259, da6a9e9a-35dc-4ac4-b4cf-445d85f2fed3:192.168.69.111:39023], old=null, confs=<EMPTY_MAP>
2019-08-29 08:15:07,882 [pool-644-thread-1] INFO  server.RaftServerConfigKeys (ConfUtils.java:logGet(43)) - raft.server.rpcslowness.timeout = 120s (custom)
2019-08-29 08:15:07,882 [pool-633-thread-1] INFO  server.RaftServerConfigKeys (ConfUtils.java:logGet(43)) - raft.server.storage.dir = [/workdir/hadoop-ozone/integration-test/target/test-dir/MiniOzoneClusterImpl-96c7e6f6-22fe-4395-a836-98ece8aa1bde/datanode-0/data/ratis] (custom)
2019-08-29 08:15:07,882 [pool-644-thread-1] INFO  server.RaftServerConfigKeys (ConfUtils.java:logGet(43)) - raft.server.sleep.deviation.threshold = 300 (default)
2019-08-29 08:15:07,882 [pool-644-thread-1] INFO  server.RaftServerConfigKeys (ConfUtils.java:logGet(43)) - raft.server.log.appender.install.snapshot.enabled = false (custom)
2019-08-29 08:15:07,882 [pool-633-thread-1] INFO  storage.RaftStorageDirectory (RaftStorageDirectory.java:analyzeStorage(246)) - The storage directory /workdir/hadoop-ozone/integration-test/target/test-dir/MiniOzoneClusterImpl-96c7e6f6-22fe-4395-a836-98ece8aa1bde/datanode-0/data/ratis/f222ff4b-adf9-43b9-abea-b6f78c66e0b0 does not exist. Creating ...
2019-08-29 08:15:07,882 [pool-644-thread-1] INFO  impl.RaftServerImpl (ServerState.java:<init>(105)) - 816deff1-51bb-41e0-81da-cb008c3f276b:group-B6F78C66E0B0 ConfigurationManager, init=-1: [816deff1-51bb-41e0-81da-cb008c3f276b:192.168.69.111:43317, 87fe3654-6652-4f59-8ff1-d7298e00de43:192.168.69.111:41259, da6a9e9a-35dc-4ac4-b4cf-445d85f2fed3:192.168.69.111:39023], old=null, confs=<EMPTY_MAP>
2019-08-29 08:15:07,883 [pool-644-thread-1] INFO  server.RaftServerConfigKeys (ConfUtils.java:logGet(43)) - raft.server.storage.dir = [/workdir/hadoop-ozone/integration-test/target/test-dir/MiniOzoneClusterImpl-96c7e6f6-22fe-4395-a836-98ece8aa1bde/datanode-1/data/ratis] (custom)
2019-08-29 08:15:07,883 [pool-644-thread-1] INFO  storage.RaftStorageDirectory (RaftStorageDirectory.java:analyzeStorage(246)) - The storage directory /workdir/hadoop-ozone/integration-test/target/test-dir/MiniOzoneClusterImpl-96c7e6f6-22fe-4395-a836-98ece8aa1bde/datanode-1/data/ratis/f222ff4b-adf9-43b9-abea-b6f78c66e0b0 does not exist. Creating ...
2019-08-29 08:15:07,903 [pool-655-thread-1] INFO  storage.RaftStorageDirectory (RaftStorageDirectory.java:tryLock(328)) - Lock on /workdir/hadoop-ozone/integration-test/target/test-dir/MiniOzoneClusterImpl-96c7e6f6-22fe-4395-a836-98ece8aa1bde/datanode-2/data/ratis/f222ff4b-adf9-43b9-abea-b6f78c66e0b0/in_use.lock acquired by nodename 17172@pr-hdds-1569-g9zr9-4145101663
2019-08-29 08:15:07,903 [pool-633-thread-1] INFO  storage.RaftStorageDirectory (RaftStorageDirectory.java:tryLock(328)) - Lock on /workdir/hadoop-ozone/integration-test/target/test-dir/MiniOzoneClusterImpl-96c7e6f6-22fe-4395-a836-98ece8aa1bde/datanode-0/data/ratis/f222ff4b-adf9-43b9-abea-b6f78c66e0b0/in_use.lock acquired by nodename 17172@pr-hdds-1569-g9zr9-4145101663
2019-08-29 08:15:07,903 [pool-644-thread-1] INFO  storage.RaftStorageDirectory (RaftStorageDirectory.java:tryLock(328)) - Lock on /workdir/hadoop-ozone/integration-test/target/test-dir/MiniOzoneClusterImpl-96c7e6f6-22fe-4395-a836-98ece8aa1bde/datanode-1/data/ratis/f222ff4b-adf9-43b9-abea-b6f78c66e0b0/in_use.lock acquired by nodename 17172@pr-hdds-1569-g9zr9-4145101663
2019-08-29 08:15:07,916 [pool-644-thread-1] INFO  storage.RaftStorage (RaftStorage.java:format(72)) - Storage directory /workdir/hadoop-ozone/integration-test/target/test-dir/MiniOzoneClusterImpl-96c7e6f6-22fe-4395-a836-98ece8aa1bde/datanode-1/data/ratis/f222ff4b-adf9-43b9-abea-b6f78c66e0b0 has been successfully formatted.
2019-08-29 08:15:07,916 [pool-655-thread-1] INFO  storage.RaftStorage (RaftStorage.java:format(72)) - Storage directory /workdir/hadoop-ozone/integration-test/target/test-dir/MiniOzoneClusterImpl-96c7e6f6-22fe-4395-a836-98ece8aa1bde/datanode-2/data/ratis/f222ff4b-adf9-43b9-abea-b6f78c66e0b0 has been successfully formatted.
2019-08-29 08:15:07,916 [pool-633-thread-1] INFO  storage.RaftStorage (RaftStorage.java:format(72)) - Storage directory /workdir/hadoop-ozone/integration-test/target/test-dir/MiniOzoneClusterImpl-96c7e6f6-22fe-4395-a836-98ece8aa1bde/datanode-0/data/ratis/f222ff4b-adf9-43b9-abea-b6f78c66e0b0 has been successfully formatted.
2019-08-29 08:15:07,917 [pool-655-thread-1] INFO  ratis.ContainerStateMachine (ContainerStateMachine.java:loadSnapshot(226)) - group-B6F78C66E0B0: The snapshot info is null. Setting the last applied indexto:(t:0, i:~)
2019-08-29 08:15:07,917 [pool-644-thread-1] INFO  ratis.ContainerStateMachine (ContainerStateMachine.java:loadSnapshot(226)) - group-B6F78C66E0B0: The snapshot info is null. Setting the last applied indexto:(t:0, i:~)
2019-08-29 08:15:07,917 [pool-655-thread-1] INFO  server.RaftServerConfigKeys (ConfUtils.java:logGet(43)) - raft.server.leader.election.timeout = 120s (custom)
2019-08-29 08:15:07,917 [pool-633-thread-1] INFO  ratis.ContainerStateMachine (ContainerStateMachine.java:loadSnapshot(226)) - group-B6F78C66E0B0: The snapshot info is null. Setting the last applied indexto:(t:0, i:~)
2019-08-29 08:15:07,917 [pool-655-thread-1] INFO  server.RaftServerConfigKeys (ConfUtils.java:logGet(43)) - raft.server.log.use.memory = false (default)
2019-08-29 08:15:07,917 [pool-644-thread-1] INFO  server.RaftServerConfigKeys (ConfUtils.java:logGet(43)) - raft.server.leader.election.timeout = 120s (custom)
2019-08-29 08:15:07,917 [pool-655-thread-1] INFO  server.RaftServerConfigKeys (ConfUtils.java:logGet(43)) - raft.server.log.purge.gap = 1000000 (custom)
2019-08-29 08:15:07,917 [pool-633-thread-1] INFO  server.RaftServerConfigKeys (ConfUtils.java:logGet(43)) - raft.server.leader.election.timeout = 120s (custom)
2019-08-29 08:15:07,918 [pool-655-thread-1] INFO  server.RaftServerConfigKeys (ConfUtils.java:logGet(43)) - raft.server.log.appender.buffer.byte-limit = 33554432 (custom)
2019-08-29 08:15:07,918 [pool-644-thread-1] INFO  server.RaftServerConfigKeys (ConfUtils.java:logGet(43)) - raft.server.log.use.memory = false (default)
2019-08-29 08:15:07,918 [pool-655-thread-1] INFO  server.RaftServerConfigKeys (ConfUtils.java:logGet(43)) - raft.server.log.segment.size.max = 1048576 (custom)
2019-08-29 08:15:07,918 [pool-633-thread-1] INFO  server.RaftServerConfigKeys (ConfUtils.java:logGet(43)) - raft.server.log.use.memory = false (default)
2019-08-29 08:15:07,918 [pool-655-thread-1] INFO  server.RaftServerConfigKeys (ConfUtils.java:logGet(43)) - raft.server.log.segment.cache.num.max = 2 (custom)
2019-08-29 08:15:07,918 [pool-644-thread-1] INFO  server.RaftServerConfigKeys (ConfUtils.java:logGet(43)) - raft.server.log.purge.gap = 1000000 (custom)
2019-08-29 08:15:07,918 [pool-655-thread-1] INFO  segmented.SegmentedRaftLogWorker (SegmentedRaftLogWorker.java:<init>(172)) - new da6a9e9a-35dc-4ac4-b4cf-445d85f2fed3-SegmentedRaftLogWorker:Storage Directory /workdir/hadoop-ozone/integration-test/target/test-dir/MiniOzoneClusterImpl-96c7e6f6-22fe-4395-a836-98ece8aa1bde/datanode-2/data/ratis/f222ff4b-adf9-43b9-abea-b6f78c66e0b0 for RaftStorage:Storage Directory /workdir/hadoop-ozone/integration-test/target/test-dir/MiniOzoneClusterImpl-96c7e6f6-22fe-4395-a836-98ece8aa1bde/datanode-2/data/ratis/f222ff4b-adf9-43b9-abea-b6f78c66e0b0
2019-08-29 08:15:07,918 [pool-633-thread-1] INFO  server.RaftServerConfigKeys (ConfUtils.java:logGet(43)) - raft.server.log.purge.gap = 1000000 (custom)
2019-08-29 08:15:07,919 [pool-655-thread-1] INFO  server.RaftServerConfigKeys (ConfUtils.java:logGet(43)) - raft.server.log.queue.byte-limit = 2147483647 (custom)
2019-08-29 08:15:07,918 [pool-644-thread-1] INFO  server.RaftServerConfigKeys (ConfUtils.java:logGet(43)) - raft.server.log.appender.buffer.byte-limit = 33554432 (custom)
2019-08-29 08:15:07,919 [pool-655-thread-1] INFO  server.RaftServerConfigKeys (ConfUtils.java:logGet(43)) - raft.server.log.queue.element-limit = 1024 (custom)
2019-08-29 08:15:07,919 [pool-633-thread-1] INFO  server.RaftServerConfigKeys (ConfUtils.java:logGet(43)) - raft.server.log.appender.buffer.byte-limit = 33554432 (custom)
2019-08-29 08:15:07,919 [pool-655-thread-1] INFO  server.RaftServerConfigKeys (ConfUtils.java:logGet(43)) - raft.server.log.segment.size.max = 1048576 (custom)
2019-08-29 08:15:07,919 [pool-655-thread-1] INFO  server.RaftServerConfigKeys (ConfUtils.java:logGet(43)) - raft.server.log.preallocated.size = 16384 (custom)
2019-08-29 08:15:07,919 [pool-644-thread-1] INFO  server.RaftServerConfigKeys (ConfUtils.java:logGet(43)) - raft.server.log.segment.size.max = 1048576 (custom)
2019-08-29 08:15:07,919 [pool-655-thread-1] INFO  server.RaftServerConfigKeys (ConfUtils.java:logGet(43)) - raft.server.log.write.buffer.size = 33554432 (custom)
2019-08-29 08:15:07,919 [pool-655-thread-1] INFO  server.RaftServerConfigKeys (ConfUtils.java:logGet(43)) - raft.server.log.force.sync.num = 128 (default)
2019-08-29 08:15:07,919 [pool-633-thread-1] INFO  server.RaftServerConfigKeys (ConfUtils.java:logGet(43)) - raft.server.log.segment.size.max = 1048576 (custom)
2019-08-29 08:15:07,920 [pool-655-thread-1] INFO  server.RaftServerConfigKeys (ConfUtils.java:logGet(43)) - raft.server.log.statemachine.data.sync = true (default)
2019-08-29 08:15:07,920 [pool-655-thread-1] INFO  server.RaftServerConfigKeys (ConfUtils.java:logGet(43)) - raft.server.log.statemachine.data.sync.timeout = 10s (default)
2019-08-29 08:15:07,919 [pool-644-thread-1] INFO  server.RaftServerConfigKeys (ConfUtils.java:logGet(43)) - raft.server.log.segment.cache.num.max = 2 (custom)
2019-08-29 08:15:07,920 [pool-655-thread-1] INFO  server.RaftServerConfigKeys (ConfUtils.java:logGet(43)) - raft.server.log.statemachine.data.sync.timeout.retry = -1 (default)
2019-08-29 08:15:07,920 [pool-633-thread-1] INFO  server.RaftServerConfigKeys (ConfUtils.java:logGet(43)) - raft.server.log.segment.cache.num.max = 2 (custom)
2019-08-29 08:15:07,920 [pool-655-thread-1] INFO  server.RaftServerConfigKeys (ConfUtils.java:logGet(43)) - raft.server.log.statemachine.data.caching.enabled = true (custom)
2019-08-29 08:15:07,920 [pool-644-thread-1] INFO  segmented.SegmentedRaftLogWorker (SegmentedRaftLogWorker.java:<init>(172)) - new 816deff1-51bb-41e0-81da-cb008c3f276b-SegmentedRaftLogWorker:Storage Directory /workdir/hadoop-ozone/integration-test/target/test-dir/MiniOzoneClusterImpl-96c7e6f6-22fe-4395-a836-98ece8aa1bde/datanode-1/data/ratis/f222ff4b-adf9-43b9-abea-b6f78c66e0b0 for RaftStorage:Storage Directory /workdir/hadoop-ozone/integration-test/target/test-dir/MiniOzoneClusterImpl-96c7e6f6-22fe-4395-a836-98ece8aa1bde/datanode-1/data/ratis/f222ff4b-adf9-43b9-abea-b6f78c66e0b0
2019-08-29 08:15:07,920 [pool-633-thread-1] INFO  segmented.SegmentedRaftLogWorker (SegmentedRaftLogWorker.java:<init>(172)) - new 87fe3654-6652-4f59-8ff1-d7298e00de43-SegmentedRaftLogWorker:Storage Directory /workdir/hadoop-ozone/integration-test/target/test-dir/MiniOzoneClusterImpl-96c7e6f6-22fe-4395-a836-98ece8aa1bde/datanode-0/data/ratis/f222ff4b-adf9-43b9-abea-b6f78c66e0b0 for RaftStorage:Storage Directory /workdir/hadoop-ozone/integration-test/target/test-dir/MiniOzoneClusterImpl-96c7e6f6-22fe-4395-a836-98ece8aa1bde/datanode-0/data/ratis/f222ff4b-adf9-43b9-abea-b6f78c66e0b0
2019-08-29 08:15:07,920 [pool-655-thread-1] INFO  segmented.SegmentedRaftLogWorker (SegmentedRaftLogWorker.java:lambda$new$0(132)) - da6a9e9a-35dc-4ac4-b4cf-445d85f2fed3-SegmentedRaftLogWorker:Storage Directory /workdir/hadoop-ozone/integration-test/target/test-dir/MiniOzoneClusterImpl-96c7e6f6-22fe-4395-a836-98ece8aa1bde/datanode-2/data/ratis/f222ff4b-adf9-43b9-abea-b6f78c66e0b0: flushIndex: setUnconditionally 0 -> -1
2019-08-29 08:15:07,920 [pool-644-thread-1] INFO  server.RaftServerConfigKeys (ConfUtils.java:logGet(43)) - raft.server.log.queue.byte-limit = 2147483647 (custom)
2019-08-29 08:15:07,920 [pool-633-thread-1] INFO  server.RaftServerConfigKeys (ConfUtils.java:logGet(43)) - raft.server.log.queue.byte-limit = 2147483647 (custom)
2019-08-29 08:15:07,921 [pool-655-thread-1] INFO  server.RaftServerConfigKeys (ConfUtils.java:logGet(43)) - raft.server.snapshot.auto.trigger.enabled = true (custom)
2019-08-29 08:15:07,921 [pool-644-thread-1] INFO  server.RaftServerConfigKeys (ConfUtils.java:logGet(43)) - raft.server.log.queue.element-limit = 1024 (custom)
2019-08-29 08:15:07,921 [pool-655-thread-1] INFO  server.RaftServerConfigKeys (ConfUtils.java:logGet(43)) - raft.server.snapshot.auto.trigger.threshold = 10000 (custom)
2019-08-29 08:15:07,921 [pool-633-thread-1] INFO  server.RaftServerConfigKeys (ConfUtils.java:logGet(43)) - raft.server.log.queue.element-limit = 1024 (custom)
2019-08-29 08:15:07,921 [pool-655-thread-1] INFO  server.RaftServerConfigKeys (ConfUtils.java:logGet(43)) - raft.server.retrycache.expirytime = 600000ms (custom)
2019-08-29 08:15:07,921 [pool-644-thread-1] INFO  server.RaftServerConfigKeys (ConfUtils.java:logGet(43)) - raft.server.log.segment.size.max = 1048576 (custom)
2019-08-29 08:15:07,921 [pool-655-thread-1] INFO  impl.RaftServerImpl (RaftServerImpl.java:start(180)) - da6a9e9a-35dc-4ac4-b4cf-445d85f2fed3: start group-B6F78C66E0B0
2019-08-29 08:15:07,921 [pool-655-thread-1] INFO  impl.RaftServerImpl (RaftServerImpl.java:setRole(171)) - da6a9e9a-35dc-4ac4-b4cf-445d85f2fed3:group-B6F78C66E0B0 changes role from null to FOLLOWER at term 0 for startAsFollower
2019-08-29 08:15:07,921 [pool-633-thread-1] INFO  server.RaftServerConfigKeys (ConfUtils.java:logGet(43)) - raft.server.log.segment.size.max = 1048576 (custom)
2019-08-29 08:15:07,921 [pool-655-thread-1] INFO  impl.RoleInfo (RoleInfo.java:updateAndGet(143)) - da6a9e9a-35dc-4ac4-b4cf-445d85f2fed3: start FollowerState
2019-08-29 08:15:07,921 [pool-644-thread-1] INFO  server.RaftServerConfigKeys (ConfUtils.java:logGet(43)) - raft.server.log.preallocated.size = 16384 (custom)
2019-08-29 08:15:07,921 [pool-633-thread-1] INFO  server.RaftServerConfigKeys (ConfUtils.java:logGet(43)) - raft.server.log.preallocated.size = 16384 (custom)
2019-08-29 08:15:07,922 [pool-644-thread-1] INFO  server.RaftServerConfigKeys (ConfUtils.java:logGet(43)) - raft.server.log.write.buffer.size = 33554432 (custom)
2019-08-29 08:15:07,922 [pool-655-thread-1] INFO  util.JmxRegister (JmxRegister.java:tryRegister(44)) - Successfully registered JMX Bean with object name Ratis:service=RaftServer,group=group-B6F78C66E0B0,id=da6a9e9a-35dc-4ac4-b4cf-445d85f2fed3
2019-08-29 08:15:07,922 [pool-633-thread-1] INFO  server.RaftServerConfigKeys (ConfUtils.java:logGet(43)) - raft.server.log.write.buffer.size = 33554432 (custom)
2019-08-29 08:15:07,922 [pool-644-thread-1] INFO  server.RaftServerConfigKeys (ConfUtils.java:logGet(43)) - raft.server.log.force.sync.num = 128 (default)
2019-08-29 08:15:07,922 [pool-633-thread-1] INFO  server.RaftServerConfigKeys (ConfUtils.java:logGet(43)) - raft.server.log.force.sync.num = 128 (default)
2019-08-29 08:15:07,922 [pool-644-thread-1] INFO  server.RaftServerConfigKeys (ConfUtils.java:logGet(43)) - raft.server.log.statemachine.data.sync = true (default)
2019-08-29 08:15:07,922 [pool-633-thread-1] INFO  server.RaftServerConfigKeys (ConfUtils.java:logGet(43)) - raft.server.log.statemachine.data.sync = true (default)
2019-08-29 08:15:07,922 [pool-644-thread-1] INFO  server.RaftServerConfigKeys (ConfUtils.java:logGet(43)) - raft.server.log.statemachine.data.sync.timeout = 10s (default)
2019-08-29 08:15:07,922 [pool-633-thread-1] INFO  server.RaftServerConfigKeys (ConfUtils.java:logGet(43)) - raft.server.log.statemachine.data.sync.timeout = 10s (default)
2019-08-29 08:15:07,922 [pool-644-thread-1] INFO  server.RaftServerConfigKeys (ConfUtils.java:logGet(43)) - raft.server.log.statemachine.data.sync.timeout.retry = -1 (default)
2019-08-29 08:15:07,923 [pool-633-thread-1] INFO  server.RaftServerConfigKeys (ConfUtils.java:logGet(43)) - raft.server.log.statemachine.data.sync.timeout.retry = -1 (default)
2019-08-29 08:15:07,923 [pool-644-thread-1] INFO  server.RaftServerConfigKeys (ConfUtils.java:logGet(43)) - raft.server.log.statemachine.data.caching.enabled = true (custom)
2019-08-29 08:15:07,923 [pool-633-thread-1] INFO  server.RaftServerConfigKeys (ConfUtils.java:logGet(43)) - raft.server.log.statemachine.data.caching.enabled = true (custom)
2019-08-29 08:15:07,926 [pool-644-thread-1] INFO  segmented.SegmentedRaftLogWorker (SegmentedRaftLogWorker.java:lambda$new$0(132)) - 816deff1-51bb-41e0-81da-cb008c3f276b-SegmentedRaftLogWorker:Storage Directory /workdir/hadoop-ozone/integration-test/target/test-dir/MiniOzoneClusterImpl-96c7e6f6-22fe-4395-a836-98ece8aa1bde/datanode-1/data/ratis/f222ff4b-adf9-43b9-abea-b6f78c66e0b0: flushIndex: setUnconditionally 0 -> -1
2019-08-29 08:15:07,926 [pool-633-thread-1] INFO  segmented.SegmentedRaftLogWorker (SegmentedRaftLogWorker.java:lambda$new$0(132)) - 87fe3654-6652-4f59-8ff1-d7298e00de43-SegmentedRaftLogWorker:Storage Directory /workdir/hadoop-ozone/integration-test/target/test-dir/MiniOzoneClusterImpl-96c7e6f6-22fe-4395-a836-98ece8aa1bde/datanode-0/data/ratis/f222ff4b-adf9-43b9-abea-b6f78c66e0b0: flushIndex: setUnconditionally 0 -> -1
2019-08-29 08:15:07,926 [pool-644-thread-1] INFO  server.RaftServerConfigKeys (ConfUtils.java:logGet(43)) - raft.server.snapshot.auto.trigger.enabled = true (custom)
2019-08-29 08:15:07,926 [pool-644-thread-1] INFO  server.RaftServerConfigKeys (ConfUtils.java:logGet(43)) - raft.server.snapshot.auto.trigger.threshold = 10000 (custom)
2019-08-29 08:15:07,926 [pool-633-thread-1] INFO  server.RaftServerConfigKeys (ConfUtils.java:logGet(43)) - raft.server.snapshot.auto.trigger.enabled = true (custom)
2019-08-29 08:15:07,926 [pool-644-thread-1] INFO  server.RaftServerConfigKeys (ConfUtils.java:logGet(43)) - raft.server.retrycache.expirytime = 600000ms (custom)
2019-08-29 08:15:07,926 [pool-633-thread-1] INFO  server.RaftServerConfigKeys (ConfUtils.java:logGet(43)) - raft.server.snapshot.auto.trigger.threshold = 10000 (custom)
2019-08-29 08:15:07,926 [pool-644-thread-1] INFO  impl.RaftServerImpl (RaftServerImpl.java:start(180)) - 816deff1-51bb-41e0-81da-cb008c3f276b: start group-B6F78C66E0B0
2019-08-29 08:15:07,926 [pool-633-thread-1] INFO  server.RaftServerConfigKeys (ConfUtils.java:logGet(43)) - raft.server.retrycache.expirytime = 600000ms (custom)
2019-08-29 08:15:07,926 [pool-644-thread-1] INFO  impl.RaftServerImpl (RaftServerImpl.java:setRole(171)) - 816deff1-51bb-41e0-81da-cb008c3f276b:group-B6F78C66E0B0 changes role from null to FOLLOWER at term 0 for startAsFollower
2019-08-29 08:15:07,926 [pool-633-thread-1] INFO  impl.RaftServerImpl (RaftServerImpl.java:start(180)) - 87fe3654-6652-4f59-8ff1-d7298e00de43: start group-B6F78C66E0B0
2019-08-29 08:15:07,927 [pool-644-thread-1] INFO  impl.RoleInfo (RoleInfo.java:updateAndGet(143)) - 816deff1-51bb-41e0-81da-cb008c3f276b: start FollowerState
2019-08-29 08:15:07,927 [pool-633-thread-1] INFO  impl.RaftServerImpl (RaftServerImpl.java:setRole(171)) - 87fe3654-6652-4f59-8ff1-d7298e00de43:group-B6F78C66E0B0 changes role from null to FOLLOWER at term 0 for startAsFollower
2019-08-29 08:15:07,927 [pool-633-thread-1] INFO  impl.RoleInfo (RoleInfo.java:updateAndGet(143)) - 87fe3654-6652-4f59-8ff1-d7298e00de43: start FollowerState
2019-08-29 08:15:07,927 [pool-644-thread-1] INFO  util.JmxRegister (JmxRegister.java:tryRegister(44)) - Successfully registered JMX Bean with object name Ratis:service=RaftServer,group=group-B6F78C66E0B0,id=816deff1-51bb-41e0-81da-cb008c3f276b
2019-08-29 08:15:07,927 [pool-633-thread-1] INFO  util.JmxRegister (JmxRegister.java:tryRegister(44)) - Successfully registered JMX Bean with object name Ratis:service=RaftServer,group=group-B6F78C66E0B0,id=87fe3654-6652-4f59-8ff1-d7298e00de43
2019-08-29 08:15:07,932 [RatisPipelineUtilsThread] INFO  pipeline.PipelineStateManager (PipelineStateManager.java:addPipeline(56)) - Created pipeline Pipeline[ Id: f222ff4b-adf9-43b9-abea-b6f78c66e0b0, Nodes: 816deff1-51bb-41e0-81da-cb008c3f276b{ip: 192.168.69.111, host: pr-hdds-1569-g9zr9-4145101663, networkLocation: /default-rack, certSerialId: null}87fe3654-6652-4f59-8ff1-d7298e00de43{ip: 192.168.69.111, host: pr-hdds-1569-g9zr9-4145101663, networkLocation: /default-rack, certSerialId: null}da6a9e9a-35dc-4ac4-b4cf-445d85f2fed3{ip: 192.168.69.111, host: pr-hdds-1569-g9zr9-4145101663, networkLocation: /default-rack, certSerialId: null}, Type:RATIS, Factor:THREE, State:OPEN]
2019-08-29 08:15:08,023 [IPC Server handler 0 on 45358] INFO  net.NetworkTopology (NetworkTopologyImpl.java:add(110)) - Added a new node: /default-rack/41d88688-584e-4810-bfc2-66fe460cc9ab
2019-08-29 08:15:08,023 [IPC Server handler 0 on 45358] INFO  node.SCMNodeManager (SCMNodeManager.java:register(273)) - Registered Data node : 41d88688-584e-4810-bfc2-66fe460cc9ab{ip: 192.168.69.111, host: pr-hdds-1569-g9zr9-4145101663, networkLocation: /default-rack, certSerialId: null}
2019-08-29 08:15:08,023 | INFO  | SCMAudit | user=jenkins1000 | ip=192.168.69.111 | op=REGISTER {datanodeDetails=41d88688-584e-4810-bfc2-66fe460cc9ab{ip: 192.168.69.111, host: pr-hdds-1569-g9zr9-4145101663, networkLocation: /default-rack, certSerialId: null}} | ret=SUCCESS |  
2019-08-29 08:15:08,030 [grpc-default-executor-4] INFO  impl.RaftServerProxy (RaftServerProxy.java:addNew(89)) - 41d88688-584e-4810-bfc2-66fe460cc9ab: addNew group-E41C0A231384:[41d88688-584e-4810-bfc2-66fe460cc9ab:192.168.69.111:41360] returns group-E41C0A231384:java.util.concurrent.CompletableFuture@776479f7[Not completed]
2019-08-29 08:15:08,031 [pool-666-thread-1] INFO  impl.RaftServerImpl (RaftServerImpl.java:<init>(93)) - 41d88688-584e-4810-bfc2-66fe460cc9ab: new RaftServerImpl for group-E41C0A231384:[41d88688-584e-4810-bfc2-66fe460cc9ab:192.168.69.111:41360] with ContainerStateMachine:uninitialized
2019-08-29 08:15:08,031 [pool-666-thread-1] INFO  server.RaftServerConfigKeys (ConfUtils.java:logGet(43)) - raft.server.rpc.timeout.min = 5s (custom)
2019-08-29 08:15:08,031 [pool-666-thread-1] INFO  server.RaftServerConfigKeys (ConfUtils.java:logGet(43)) - raft.server.rpc.timeout.max = 5200ms (custom)
2019-08-29 08:15:08,031 [pool-666-thread-1] INFO  server.RaftServerConfigKeys (ConfUtils.java:logGet(43)) - raft.server.rpcslowness.timeout = 120s (custom)
2019-08-29 08:15:08,031 [pool-666-thread-1] INFO  server.RaftServerConfigKeys (ConfUtils.java:logGet(43)) - raft.server.sleep.deviation.threshold = 300 (default)
2019-08-29 08:15:08,032 [pool-666-thread-1] INFO  server.RaftServerConfigKeys (ConfUtils.java:logGet(43)) - raft.server.log.appender.install.snapshot.enabled = false (custom)
2019-08-29 08:15:08,032 [pool-666-thread-1] INFO  impl.RaftServerImpl (ServerState.java:<init>(105)) - 41d88688-584e-4810-bfc2-66fe460cc9ab:group-E41C0A231384 ConfigurationManager, init=-1: [41d88688-584e-4810-bfc2-66fe460cc9ab:192.168.69.111:41360], old=null, confs=<EMPTY_MAP>
2019-08-29 08:15:08,032 [pool-666-thread-1] INFO  server.RaftServerConfigKeys (ConfUtils.java:logGet(43)) - raft.server.storage.dir = [/workdir/hadoop-ozone/integration-test/target/test-dir/MiniOzoneClusterImpl-96c7e6f6-22fe-4395-a836-98ece8aa1bde/datanode-3/data/ratis] (custom)
2019-08-29 08:15:08,032 [pool-666-thread-1] INFO  storage.RaftStorageDirectory (RaftStorageDirectory.java:analyzeStorage(246)) - The storage directory /workdir/hadoop-ozone/integration-test/target/test-dir/MiniOzoneClusterImpl-96c7e6f6-22fe-4395-a836-98ece8aa1bde/datanode-3/data/ratis/c474a7ff-f101-4874-a4d2-e41c0a231384 does not exist. Creating ...
2019-08-29 08:15:08,047 [pool-666-thread-1] INFO  storage.RaftStorageDirectory (RaftStorageDirectory.java:tryLock(328)) - Lock on /workdir/hadoop-ozone/integration-test/target/test-dir/MiniOzoneClusterImpl-96c7e6f6-22fe-4395-a836-98ece8aa1bde/datanode-3/data/ratis/c474a7ff-f101-4874-a4d2-e41c0a231384/in_use.lock acquired by nodename 17172@pr-hdds-1569-g9zr9-4145101663
2019-08-29 08:15:08,073 [pool-666-thread-1] INFO  storage.RaftStorage (RaftStorage.java:format(72)) - Storage directory /workdir/hadoop-ozone/integration-test/target/test-dir/MiniOzoneClusterImpl-96c7e6f6-22fe-4395-a836-98ece8aa1bde/datanode-3/data/ratis/c474a7ff-f101-4874-a4d2-e41c0a231384 has been successfully formatted.
2019-08-29 08:15:08,073 [pool-666-thread-1] INFO  ratis.ContainerStateMachine (ContainerStateMachine.java:loadSnapshot(226)) - group-E41C0A231384: The snapshot info is null. Setting the last applied indexto:(t:0, i:~)
2019-08-29 08:15:08,074 [pool-666-thread-1] INFO  server.RaftServerConfigKeys (ConfUtils.java:logGet(43)) - raft.server.leader.election.timeout = 120s (custom)
2019-08-29 08:15:08,074 [pool-666-thread-1] INFO  server.RaftServerConfigKeys (ConfUtils.java:logGet(43)) - raft.server.log.use.memory = false (default)
2019-08-29 08:15:08,074 [pool-666-thread-1] INFO  server.RaftServerConfigKeys (ConfUtils.java:logGet(43)) - raft.server.log.purge.gap = 1000000 (custom)
2019-08-29 08:15:08,074 [pool-666-thread-1] INFO  server.RaftServerConfigKeys (ConfUtils.java:logGet(43)) - raft.server.log.appender.buffer.byte-limit = 33554432 (custom)
2019-08-29 08:15:08,074 [pool-666-thread-1] INFO  server.RaftServerConfigKeys (ConfUtils.java:logGet(43)) - raft.server.log.segment.size.max = 1048576 (custom)
2019-08-29 08:15:08,074 [pool-666-thread-1] INFO  server.RaftServerConfigKeys (ConfUtils.java:logGet(43)) - raft.server.log.segment.cache.num.max = 2 (custom)
2019-08-29 08:15:08,074 [pool-666-thread-1] INFO  segmented.SegmentedRaftLogWorker (SegmentedRaftLogWorker.java:<init>(172)) - new 41d88688-584e-4810-bfc2-66fe460cc9ab-SegmentedRaftLogWorker:Storage Directory /workdir/hadoop-ozone/integration-test/target/test-dir/MiniOzoneClusterImpl-96c7e6f6-22fe-4395-a836-98ece8aa1bde/datanode-3/data/ratis/c474a7ff-f101-4874-a4d2-e41c0a231384 for RaftStorage:Storage Directory /workdir/hadoop-ozone/integration-test/target/test-dir/MiniOzoneClusterImpl-96c7e6f6-22fe-4395-a836-98ece8aa1bde/datanode-3/data/ratis/c474a7ff-f101-4874-a4d2-e41c0a231384
2019-08-29 08:15:08,075 [pool-666-thread-1] INFO  server.RaftServerConfigKeys (ConfUtils.java:logGet(43)) - raft.server.log.queue.byte-limit = 2147483647 (custom)
2019-08-29 08:15:08,075 [pool-666-thread-1] INFO  server.RaftServerConfigKeys (ConfUtils.java:logGet(43)) - raft.server.log.queue.element-limit = 1024 (custom)
2019-08-29 08:15:08,075 [pool-666-thread-1] INFO  server.RaftServerConfigKeys (ConfUtils.java:logGet(43)) - raft.server.log.segment.size.max = 1048576 (custom)
2019-08-29 08:15:08,075 [pool-666-thread-1] INFO  server.RaftServerConfigKeys (ConfUtils.java:logGet(43)) - raft.server.log.preallocated.size = 16384 (custom)
2019-08-29 08:15:08,075 [pool-666-thread-1] INFO  server.RaftServerConfigKeys (ConfUtils.java:logGet(43)) - raft.server.log.write.buffer.size = 33554432 (custom)
2019-08-29 08:15:08,075 [pool-666-thread-1] INFO  server.RaftServerConfigKeys (ConfUtils.java:logGet(43)) - raft.server.log.force.sync.num = 128 (default)
2019-08-29 08:15:08,075 [pool-666-thread-1] INFO  server.RaftServerConfigKeys (ConfUtils.java:logGet(43)) - raft.server.log.statemachine.data.sync = true (default)
2019-08-29 08:15:08,076 [pool-666-thread-1] INFO  server.RaftServerConfigKeys (ConfUtils.java:logGet(43)) - raft.server.log.statemachine.data.sync.timeout = 10s (default)
2019-08-29 08:15:08,076 [pool-666-thread-1] INFO  server.RaftServerConfigKeys (ConfUtils.java:logGet(43)) - raft.server.log.statemachine.data.sync.timeout.retry = -1 (default)
2019-08-29 08:15:08,076 [pool-666-thread-1] INFO  server.RaftServerConfigKeys (ConfUtils.java:logGet(43)) - raft.server.log.statemachine.data.caching.enabled = true (custom)
2019-08-29 08:15:08,076 [pool-666-thread-1] INFO  segmented.SegmentedRaftLogWorker (SegmentedRaftLogWorker.java:lambda$new$0(132)) - 41d88688-584e-4810-bfc2-66fe460cc9ab-SegmentedRaftLogWorker:Storage Directory /workdir/hadoop-ozone/integration-test/target/test-dir/MiniOzoneClusterImpl-96c7e6f6-22fe-4395-a836-98ece8aa1bde/datanode-3/data/ratis/c474a7ff-f101-4874-a4d2-e41c0a231384: flushIndex: setUnconditionally 0 -> -1
2019-08-29 08:15:08,076 [pool-666-thread-1] INFO  server.RaftServerConfigKeys (ConfUtils.java:logGet(43)) - raft.server.snapshot.auto.trigger.enabled = true (custom)
2019-08-29 08:15:08,076 [pool-666-thread-1] INFO  server.RaftServerConfigKeys (ConfUtils.java:logGet(43)) - raft.server.snapshot.auto.trigger.threshold = 10000 (custom)
2019-08-29 08:15:08,077 [pool-666-thread-1] INFO  server.RaftServerConfigKeys (ConfUtils.java:logGet(43)) - raft.server.retrycache.expirytime = 600000ms (custom)
2019-08-29 08:15:08,077 [pool-666-thread-1] INFO  impl.RaftServerImpl (RaftServerImpl.java:start(180)) - 41d88688-584e-4810-bfc2-66fe460cc9ab: start group-E41C0A231384
2019-08-29 08:15:08,077 [pool-666-thread-1] INFO  impl.RaftServerImpl (RaftServerImpl.java:setRole(171)) - 41d88688-584e-4810-bfc2-66fe460cc9ab:group-E41C0A231384 changes role from null to FOLLOWER at term 0 for startAsFollower
2019-08-29 08:15:08,077 [pool-666-thread-1] INFO  impl.RoleInfo (RoleInfo.java:updateAndGet(143)) - 41d88688-584e-4810-bfc2-66fe460cc9ab: start FollowerState
2019-08-29 08:15:08,087 [pool-666-thread-1] INFO  util.JmxRegister (JmxRegister.java:tryRegister(44)) - Successfully registered JMX Bean with object name Ratis:service=RaftServer,group=group-E41C0A231384,id=41d88688-584e-4810-bfc2-66fe460cc9ab
2019-08-29 08:15:08,100 [RatisPipelineUtilsThread] INFO  pipeline.PipelineStateManager (PipelineStateManager.java:addPipeline(56)) - Created pipeline Pipeline[ Id: c474a7ff-f101-4874-a4d2-e41c0a231384, Nodes: 41d88688-584e-4810-bfc2-66fe460cc9ab{ip: 192.168.69.111, host: pr-hdds-1569-g9zr9-4145101663, networkLocation: /default-rack, certSerialId: null}, Type:RATIS, Factor:ONE, State:OPEN]
2019-08-29 08:15:08,451 [IPC Server handler 2 on 45358] INFO  net.NetworkTopology (NetworkTopologyImpl.java:add(110)) - Added a new node: /default-rack/05afa806-2860-409e-9f8b-b58becb1998f
2019-08-29 08:15:08,454 [IPC Server handler 2 on 45358] INFO  node.SCMNodeManager (SCMNodeManager.java:register(273)) - Registered Data node : 05afa806-2860-409e-9f8b-b58becb1998f{ip: 192.168.69.111, host: pr-hdds-1569-g9zr9-4145101663, networkLocation: /default-rack, certSerialId: null}
2019-08-29 08:15:08,455 | INFO  | SCMAudit | user=jenkins1000 | ip=192.168.69.111 | op=REGISTER {datanodeDetails=05afa806-2860-409e-9f8b-b58becb1998f{ip: 192.168.69.111, host: pr-hdds-1569-g9zr9-4145101663, networkLocation: /default-rack, certSerialId: null}} | ret=SUCCESS |  
2019-08-29 08:15:08,461 [grpc-default-executor-4] INFO  impl.RaftServerProxy (RaftServerProxy.java:addNew(89)) - 05afa806-2860-409e-9f8b-b58becb1998f: addNew group-AE9C3AF807B1:[05afa806-2860-409e-9f8b-b58becb1998f:192.168.69.111:43872] returns group-AE9C3AF807B1:java.util.concurrent.CompletableFuture@e0b307[Not completed]
2019-08-29 08:15:08,462 [pool-677-thread-1] INFO  impl.RaftServerImpl (RaftServerImpl.java:<init>(93)) - 05afa806-2860-409e-9f8b-b58becb1998f: new RaftServerImpl for group-AE9C3AF807B1:[05afa806-2860-409e-9f8b-b58becb1998f:192.168.69.111:43872] with ContainerStateMachine:uninitialized
2019-08-29 08:15:08,463 [pool-677-thread-1] INFO  server.RaftServerConfigKeys (ConfUtils.java:logGet(43)) - raft.server.rpc.timeout.min = 5s (custom)
2019-08-29 08:15:08,463 [pool-677-thread-1] INFO  server.RaftServerConfigKeys (ConfUtils.java:logGet(43)) - raft.server.rpc.timeout.max = 5200ms (custom)
2019-08-29 08:15:08,463 [pool-677-thread-1] INFO  server.RaftServerConfigKeys (ConfUtils.java:logGet(43)) - raft.server.rpcslowness.timeout = 120s (custom)
2019-08-29 08:15:08,463 [pool-677-thread-1] INFO  server.RaftServerConfigKeys (ConfUtils.java:logGet(43)) - raft.server.sleep.deviation.threshold = 300 (default)
2019-08-29 08:15:08,463 [pool-677-thread-1] INFO  server.RaftServerConfigKeys (ConfUtils.java:logGet(43)) - raft.server.log.appender.install.snapshot.enabled = false (custom)
2019-08-29 08:15:08,463 [pool-677-thread-1] INFO  impl.RaftServerImpl (ServerState.java:<init>(105)) - 05afa806-2860-409e-9f8b-b58becb1998f:group-AE9C3AF807B1 ConfigurationManager, init=-1: [05afa806-2860-409e-9f8b-b58becb1998f:192.168.69.111:43872], old=null, confs=<EMPTY_MAP>
2019-08-29 08:15:08,463 [pool-677-thread-1] INFO  server.RaftServerConfigKeys (ConfUtils.java:logGet(43)) - raft.server.storage.dir = [/workdir/hadoop-ozone/integration-test/target/test-dir/MiniOzoneClusterImpl-96c7e6f6-22fe-4395-a836-98ece8aa1bde/datanode-4/data/ratis] (custom)
2019-08-29 08:15:08,463 [pool-677-thread-1] INFO  storage.RaftStorageDirectory (RaftStorageDirectory.java:analyzeStorage(246)) - The storage directory /workdir/hadoop-ozone/integration-test/target/test-dir/MiniOzoneClusterImpl-96c7e6f6-22fe-4395-a836-98ece8aa1bde/datanode-4/data/ratis/f80794ce-09fc-47f1-a897-ae9c3af807b1 does not exist. Creating ...
2019-08-29 08:15:08,476 [pool-677-thread-1] INFO  storage.RaftStorageDirectory (RaftStorageDirectory.java:tryLock(328)) - Lock on /workdir/hadoop-ozone/integration-test/target/test-dir/MiniOzoneClusterImpl-96c7e6f6-22fe-4395-a836-98ece8aa1bde/datanode-4/data/ratis/f80794ce-09fc-47f1-a897-ae9c3af807b1/in_use.lock acquired by nodename 17172@pr-hdds-1569-g9zr9-4145101663
2019-08-29 08:15:08,492 [pool-677-thread-1] INFO  storage.RaftStorage (RaftStorage.java:format(72)) - Storage directory /workdir/hadoop-ozone/integration-test/target/test-dir/MiniOzoneClusterImpl-96c7e6f6-22fe-4395-a836-98ece8aa1bde/datanode-4/data/ratis/f80794ce-09fc-47f1-a897-ae9c3af807b1 has been successfully formatted.
2019-08-29 08:15:08,493 [pool-677-thread-1] INFO  ratis.ContainerStateMachine (ContainerStateMachine.java:loadSnapshot(226)) - group-AE9C3AF807B1: The snapshot info is null. Setting the last applied indexto:(t:0, i:~)
2019-08-29 08:15:08,493 [pool-677-thread-1] INFO  server.RaftServerConfigKeys (ConfUtils.java:logGet(43)) - raft.server.leader.election.timeout = 120s (custom)
2019-08-29 08:15:08,493 [pool-677-thread-1] INFO  server.RaftServerConfigKeys (ConfUtils.java:logGet(43)) - raft.server.log.use.memory = false (default)
2019-08-29 08:15:08,493 [pool-677-thread-1] INFO  server.RaftServerConfigKeys (ConfUtils.java:logGet(43)) - raft.server.log.purge.gap = 1000000 (custom)
2019-08-29 08:15:08,493 [pool-677-thread-1] INFO  server.RaftServerConfigKeys (ConfUtils.java:logGet(43)) - raft.server.log.appender.buffer.byte-limit = 33554432 (custom)
2019-08-29 08:15:08,493 [pool-677-thread-1] INFO  server.RaftServerConfigKeys (ConfUtils.java:logGet(43)) - raft.server.log.segment.size.max = 1048576 (custom)
2019-08-29 08:15:08,493 [pool-677-thread-1] INFO  server.RaftServerConfigKeys (ConfUtils.java:logGet(43)) - raft.server.log.segment.cache.num.max = 2 (custom)
2019-08-29 08:15:08,493 [pool-677-thread-1] INFO  segmented.SegmentedRaftLogWorker (SegmentedRaftLogWorker.java:<init>(172)) - new 05afa806-2860-409e-9f8b-b58becb1998f-SegmentedRaftLogWorker:Storage Directory /workdir/hadoop-ozone/integration-test/target/test-dir/MiniOzoneClusterImpl-96c7e6f6-22fe-4395-a836-98ece8aa1bde/datanode-4/data/ratis/f80794ce-09fc-47f1-a897-ae9c3af807b1 for RaftStorage:Storage Directory /workdir/hadoop-ozone/integration-test/target/test-dir/MiniOzoneClusterImpl-96c7e6f6-22fe-4395-a836-98ece8aa1bde/datanode-4/data/ratis/f80794ce-09fc-47f1-a897-ae9c3af807b1
2019-08-29 08:15:08,493 [pool-677-thread-1] INFO  server.RaftServerConfigKeys (ConfUtils.java:logGet(43)) - raft.server.log.queue.byte-limit = 2147483647 (custom)
2019-08-29 08:15:08,494 [pool-677-thread-1] INFO  server.RaftServerConfigKeys (ConfUtils.java:logGet(43)) - raft.server.log.queue.element-limit = 1024 (custom)
2019-08-29 08:15:08,494 [pool-677-thread-1] INFO  server.RaftServerConfigKeys (ConfUtils.java:logGet(43)) - raft.server.log.segment.size.max = 1048576 (custom)
2019-08-29 08:15:08,494 [pool-677-thread-1] INFO  server.RaftServerConfigKeys (ConfUtils.java:logGet(43)) - raft.server.log.preallocated.size = 16384 (custom)
2019-08-29 08:15:08,494 [pool-677-thread-1] INFO  server.RaftServerConfigKeys (ConfUtils.java:logGet(43)) - raft.server.log.write.buffer.size = 33554432 (custom)
2019-08-29 08:15:08,494 [pool-677-thread-1] INFO  server.RaftServerConfigKeys (ConfUtils.java:logGet(43)) - raft.server.log.force.sync.num = 128 (default)
2019-08-29 08:15:08,494 [pool-677-thread-1] INFO  server.RaftServerConfigKeys (ConfUtils.java:logGet(43)) - raft.server.log.statemachine.data.sync = true (default)
2019-08-29 08:15:08,494 [pool-677-thread-1] INFO  server.RaftServerConfigKeys (ConfUtils.java:logGet(43)) - raft.server.log.statemachine.data.sync.timeout = 10s (default)
2019-08-29 08:15:08,494 [pool-677-thread-1] INFO  server.RaftServerConfigKeys (ConfUtils.java:logGet(43)) - raft.server.log.statemachine.data.sync.timeout.retry = -1 (default)
2019-08-29 08:15:08,495 [pool-677-thread-1] INFO  server.RaftServerConfigKeys (ConfUtils.java:logGet(43)) - raft.server.log.statemachine.data.caching.enabled = true (custom)
2019-08-29 08:15:08,495 [pool-677-thread-1] INFO  segmented.SegmentedRaftLogWorker (SegmentedRaftLogWorker.java:lambda$new$0(132)) - 05afa806-2860-409e-9f8b-b58becb1998f-SegmentedRaftLogWorker:Storage Directory /workdir/hadoop-ozone/integration-test/target/test-dir/MiniOzoneClusterImpl-96c7e6f6-22fe-4395-a836-98ece8aa1bde/datanode-4/data/ratis/f80794ce-09fc-47f1-a897-ae9c3af807b1: flushIndex: setUnconditionally 0 -> -1
2019-08-29 08:15:08,495 [pool-677-thread-1] INFO  server.RaftServerConfigKeys (ConfUtils.java:logGet(43)) - raft.server.snapshot.auto.trigger.enabled = true (custom)
2019-08-29 08:15:08,495 [pool-677-thread-1] INFO  server.RaftServerConfigKeys (ConfUtils.java:logGet(43)) - raft.server.snapshot.auto.trigger.threshold = 10000 (custom)
2019-08-29 08:15:08,495 [pool-677-thread-1] INFO  server.RaftServerConfigKeys (ConfUtils.java:logGet(43)) - raft.server.retrycache.expirytime = 600000ms (custom)
2019-08-29 08:15:08,495 [pool-677-thread-1] INFO  impl.RaftServerImpl (RaftServerImpl.java:start(180)) - 05afa806-2860-409e-9f8b-b58becb1998f: start group-AE9C3AF807B1
2019-08-29 08:15:08,495 [pool-677-thread-1] INFO  impl.RaftServerImpl (RaftServerImpl.java:setRole(171)) - 05afa806-2860-409e-9f8b-b58becb1998f:group-AE9C3AF807B1 changes role from null to FOLLOWER at term 0 for startAsFollower
2019-08-29 08:15:08,496 [pool-677-thread-1] INFO  impl.RoleInfo (RoleInfo.java:updateAndGet(143)) - 05afa806-2860-409e-9f8b-b58becb1998f: start FollowerState
2019-08-29 08:15:08,496 [pool-677-thread-1] INFO  util.JmxRegister (JmxRegister.java:tryRegister(44)) - Successfully registered JMX Bean with object name Ratis:service=RaftServer,group=group-AE9C3AF807B1,id=05afa806-2860-409e-9f8b-b58becb1998f
2019-08-29 08:15:08,501 [RatisPipelineUtilsThread] INFO  pipeline.PipelineStateManager (PipelineStateManager.java:addPipeline(56)) - Created pipeline Pipeline[ Id: f80794ce-09fc-47f1-a897-ae9c3af807b1, Nodes: 05afa806-2860-409e-9f8b-b58becb1998f{ip: 192.168.69.111, host: pr-hdds-1569-g9zr9-4145101663, networkLocation: /default-rack, certSerialId: null}, Type:RATIS, Factor:ONE, State:OPEN]
2019-08-29 08:15:08,639 [IPC Server handler 3 on 45358] INFO  net.NetworkTopology (NetworkTopologyImpl.java:add(110)) - Added a new node: /default-rack/d7d16497-a2ba-406b-855b-2487a72c7d49
2019-08-29 08:15:08,640 [IPC Server handler 3 on 45358] INFO  node.SCMNodeManager (SCMNodeManager.java:register(273)) - Registered Data node : d7d16497-a2ba-406b-855b-2487a72c7d49{ip: 192.168.69.111, host: pr-hdds-1569-g9zr9-4145101663, networkLocation: /default-rack, certSerialId: null}
2019-08-29 08:15:08,640 | INFO  | SCMAudit | user=jenkins1000 | ip=192.168.69.111 | op=REGISTER {datanodeDetails=d7d16497-a2ba-406b-855b-2487a72c7d49{ip: 192.168.69.111, host: pr-hdds-1569-g9zr9-4145101663, networkLocation: /default-rack, certSerialId: null}} | ret=SUCCESS |  
2019-08-29 08:15:08,647 [grpc-default-executor-4] INFO  impl.RaftServerProxy (RaftServerProxy.java:addNew(89)) - d7d16497-a2ba-406b-855b-2487a72c7d49: addNew group-7AFA96D24533:[d7d16497-a2ba-406b-855b-2487a72c7d49:192.168.69.111:37160] returns group-7AFA96D24533:java.util.concurrent.CompletableFuture@63fc7fb6[Not completed]
2019-08-29 08:15:08,648 [pool-688-thread-1] INFO  impl.RaftServerImpl (RaftServerImpl.java:<init>(93)) - d7d16497-a2ba-406b-855b-2487a72c7d49: new RaftServerImpl for group-7AFA96D24533:[d7d16497-a2ba-406b-855b-2487a72c7d49:192.168.69.111:37160] with ContainerStateMachine:uninitialized
2019-08-29 08:15:08,648 [pool-688-thread-1] INFO  server.RaftServerConfigKeys (ConfUtils.java:logGet(43)) - raft.server.rpc.timeout.min = 5s (custom)
2019-08-29 08:15:08,649 [pool-688-thread-1] INFO  server.RaftServerConfigKeys (ConfUtils.java:logGet(43)) - raft.server.rpc.timeout.max = 5200ms (custom)
2019-08-29 08:15:08,649 [pool-688-thread-1] INFO  server.RaftServerConfigKeys (ConfUtils.java:logGet(43)) - raft.server.rpcslowness.timeout = 120s (custom)
2019-08-29 08:15:08,649 [pool-688-thread-1] INFO  server.RaftServerConfigKeys (ConfUtils.java:logGet(43)) - raft.server.sleep.deviation.threshold = 300 (default)
2019-08-29 08:15:08,649 [pool-688-thread-1] INFO  server.RaftServerConfigKeys (ConfUtils.java:logGet(43)) - raft.server.log.appender.install.snapshot.enabled = false (custom)
2019-08-29 08:15:08,649 [pool-688-thread-1] INFO  impl.RaftServerImpl (ServerState.java:<init>(105)) - d7d16497-a2ba-406b-855b-2487a72c7d49:group-7AFA96D24533 ConfigurationManager, init=-1: [d7d16497-a2ba-406b-855b-2487a72c7d49:192.168.69.111:37160], old=null, confs=<EMPTY_MAP>
2019-08-29 08:15:08,649 [pool-688-thread-1] INFO  server.RaftServerConfigKeys (ConfUtils.java:logGet(43)) - raft.server.storage.dir = [/workdir/hadoop-ozone/integration-test/target/test-dir/MiniOzoneClusterImpl-96c7e6f6-22fe-4395-a836-98ece8aa1bde/datanode-5/data/ratis] (custom)
2019-08-29 08:15:08,650 [pool-688-thread-1] INFO  storage.RaftStorageDirectory (RaftStorageDirectory.java:analyzeStorage(246)) - The storage directory /workdir/hadoop-ozone/integration-test/target/test-dir/MiniOzoneClusterImpl-96c7e6f6-22fe-4395-a836-98ece8aa1bde/datanode-5/data/ratis/336a0709-a331-41ed-8ca9-7afa96d24533 does not exist. Creating ...
2019-08-29 08:15:08,674 [pool-688-thread-1] INFO  storage.RaftStorageDirectory (RaftStorageDirectory.java:tryLock(328)) - Lock on /workdir/hadoop-ozone/integration-test/target/test-dir/MiniOzoneClusterImpl-96c7e6f6-22fe-4395-a836-98ece8aa1bde/datanode-5/data/ratis/336a0709-a331-41ed-8ca9-7afa96d24533/in_use.lock acquired by nodename 17172@pr-hdds-1569-g9zr9-4145101663
2019-08-29 08:15:08,687 [pool-688-thread-1] INFO  storage.RaftStorage (RaftStorage.java:format(72)) - Storage directory /workdir/hadoop-ozone/integration-test/target/test-dir/MiniOzoneClusterImpl-96c7e6f6-22fe-4395-a836-98ece8aa1bde/datanode-5/data/ratis/336a0709-a331-41ed-8ca9-7afa96d24533 has been successfully formatted.
2019-08-29 08:15:08,687 [pool-688-thread-1] INFO  ratis.ContainerStateMachine (ContainerStateMachine.java:loadSnapshot(226)) - group-7AFA96D24533: The snapshot info is null. Setting the last applied indexto:(t:0, i:~)
2019-08-29 08:15:08,687 [pool-688-thread-1] INFO  server.RaftServerConfigKeys (ConfUtils.java:logGet(43)) - raft.server.leader.election.timeout = 120s (custom)
2019-08-29 08:15:08,688 [pool-688-thread-1] INFO  server.RaftServerConfigKeys (ConfUtils.java:logGet(43)) - raft.server.log.use.memory = false (default)
2019-08-29 08:15:08,688 [pool-688-thread-1] INFO  server.RaftServerConfigKeys (ConfUtils.java:logGet(43)) - raft.server.log.purge.gap = 1000000 (custom)
2019-08-29 08:15:08,688 [pool-688-thread-1] INFO  server.RaftServerConfigKeys (ConfUtils.java:logGet(43)) - raft.server.log.appender.buffer.byte-limit = 33554432 (custom)
2019-08-29 08:15:08,688 [pool-688-thread-1] INFO  server.RaftServerConfigKeys (ConfUtils.java:logGet(43)) - raft.server.log.segment.size.max = 1048576 (custom)
2019-08-29 08:15:08,688 [pool-688-thread-1] INFO  server.RaftServerConfigKeys (ConfUtils.java:logGet(43)) - raft.server.log.segment.cache.num.max = 2 (custom)
2019-08-29 08:15:08,688 [pool-688-thread-1] INFO  segmented.SegmentedRaftLogWorker (SegmentedRaftLogWorker.java:<init>(172)) - new d7d16497-a2ba-406b-855b-2487a72c7d49-SegmentedRaftLogWorker:Storage Directory /workdir/hadoop-ozone/integration-test/target/test-dir/MiniOzoneClusterImpl-96c7e6f6-22fe-4395-a836-98ece8aa1bde/datanode-5/data/ratis/336a0709-a331-41ed-8ca9-7afa96d24533 for RaftStorage:Storage Directory /workdir/hadoop-ozone/integration-test/target/test-dir/MiniOzoneClusterImpl-96c7e6f6-22fe-4395-a836-98ece8aa1bde/datanode-5/data/ratis/336a0709-a331-41ed-8ca9-7afa96d24533
2019-08-29 08:15:08,688 [pool-688-thread-1] INFO  server.RaftServerConfigKeys (ConfUtils.java:logGet(43)) - raft.server.log.queue.byte-limit = 2147483647 (custom)
2019-08-29 08:15:08,689 [pool-688-thread-1] INFO  server.RaftServerConfigKeys (ConfUtils.java:logGet(43)) - raft.server.log.queue.element-limit = 1024 (custom)
2019-08-29 08:15:08,689 [pool-688-thread-1] INFO  server.RaftServerConfigKeys (ConfUtils.java:logGet(43)) - raft.server.log.segment.size.max = 1048576 (custom)
2019-08-29 08:15:08,689 [pool-688-thread-1] INFO  server.RaftServerConfigKeys (ConfUtils.java:logGet(43)) - raft.server.log.preallocated.size = 16384 (custom)
2019-08-29 08:15:08,689 [pool-688-thread-1] INFO  server.RaftServerConfigKeys (ConfUtils.java:logGet(43)) - raft.server.log.write.buffer.size = 33554432 (custom)
2019-08-29 08:15:08,689 [pool-688-thread-1] INFO  server.RaftServerConfigKeys (ConfUtils.java:logGet(43)) - raft.server.log.force.sync.num = 128 (default)
2019-08-29 08:15:08,689 [pool-688-thread-1] INFO  server.RaftServerConfigKeys (ConfUtils.java:logGet(43)) - raft.server.log.statemachine.data.sync = true (default)
2019-08-29 08:15:08,689 [pool-688-thread-1] INFO  server.RaftServerConfigKeys (ConfUtils.java:logGet(43)) - raft.server.log.statemachine.data.sync.timeout = 10s (default)
2019-08-29 08:15:08,689 [pool-688-thread-1] INFO  server.RaftServerConfigKeys (ConfUtils.java:logGet(43)) - raft.server.log.statemachine.data.sync.timeout.retry = -1 (default)
2019-08-29 08:15:08,690 [pool-688-thread-1] INFO  server.RaftServerConfigKeys (ConfUtils.java:logGet(43)) - raft.server.log.statemachine.data.caching.enabled = true (custom)
2019-08-29 08:15:08,690 [pool-688-thread-1] INFO  segmented.SegmentedRaftLogWorker (SegmentedRaftLogWorker.java:lambda$new$0(132)) - d7d16497-a2ba-406b-855b-2487a72c7d49-SegmentedRaftLogWorker:Storage Directory /workdir/hadoop-ozone/integration-test/target/test-dir/MiniOzoneClusterImpl-96c7e6f6-22fe-4395-a836-98ece8aa1bde/datanode-5/data/ratis/336a0709-a331-41ed-8ca9-7afa96d24533: flushIndex: setUnconditionally 0 -> -1
2019-08-29 08:15:08,690 [pool-688-thread-1] INFO  server.RaftServerConfigKeys (ConfUtils.java:logGet(43)) - raft.server.snapshot.auto.trigger.enabled = true (custom)
2019-08-29 08:15:08,690 [pool-688-thread-1] INFO  server.RaftServerConfigKeys (ConfUtils.java:logGet(43)) - raft.server.snapshot.auto.trigger.threshold = 10000 (custom)
2019-08-29 08:15:08,691 [pool-688-thread-1] INFO  server.RaftServerConfigKeys (ConfUtils.java:logGet(43)) - raft.server.retrycache.expirytime = 600000ms (custom)
2019-08-29 08:15:08,691 [pool-688-thread-1] INFO  impl.RaftServerImpl (RaftServerImpl.java:start(180)) - d7d16497-a2ba-406b-855b-2487a72c7d49: start group-7AFA96D24533
2019-08-29 08:15:08,691 [pool-688-thread-1] INFO  impl.RaftServerImpl (RaftServerImpl.java:setRole(171)) - d7d16497-a2ba-406b-855b-2487a72c7d49:group-7AFA96D24533 changes role from null to FOLLOWER at term 0 for startAsFollower
2019-08-29 08:15:08,691 [pool-688-thread-1] INFO  impl.RoleInfo (RoleInfo.java:updateAndGet(143)) - d7d16497-a2ba-406b-855b-2487a72c7d49: start FollowerState
2019-08-29 08:15:08,691 [pool-688-thread-1] INFO  util.JmxRegister (JmxRegister.java:tryRegister(44)) - Successfully registered JMX Bean with object name Ratis:service=RaftServer,group=group-7AFA96D24533,id=d7d16497-a2ba-406b-855b-2487a72c7d49
2019-08-29 08:15:08,696 [RatisPipelineUtilsThread] INFO  pipeline.PipelineStateManager (PipelineStateManager.java:addPipeline(56)) - Created pipeline Pipeline[ Id: 336a0709-a331-41ed-8ca9-7afa96d24533, Nodes: d7d16497-a2ba-406b-855b-2487a72c7d49{ip: 192.168.69.111, host: pr-hdds-1569-g9zr9-4145101663, networkLocation: /default-rack, certSerialId: null}, Type:RATIS, Factor:ONE, State:OPEN]
2019-08-29 08:15:08,718 [grpc-default-executor-4] INFO  impl.RaftServerProxy (RaftServerProxy.java:addNew(89)) - 41d88688-584e-4810-bfc2-66fe460cc9ab: addNew group-705F9EC88CD7:[41d88688-584e-4810-bfc2-66fe460cc9ab:192.168.69.111:41360, d7d16497-a2ba-406b-855b-2487a72c7d49:192.168.69.111:37160, 05afa806-2860-409e-9f8b-b58becb1998f:192.168.69.111:43872] returns group-705F9EC88CD7:java.util.concurrent.CompletableFuture@4c7deb09[Not completed]
2019-08-29 08:15:08,718 [grpc-default-executor-7] INFO  impl.RaftServerProxy (RaftServerProxy.java:addNew(89)) - 05afa806-2860-409e-9f8b-b58becb1998f: addNew group-705F9EC88CD7:[41d88688-584e-4810-bfc2-66fe460cc9ab:192.168.69.111:41360, d7d16497-a2ba-406b-855b-2487a72c7d49:192.168.69.111:37160, 05afa806-2860-409e-9f8b-b58becb1998f:192.168.69.111:43872] returns group-705F9EC88CD7:java.util.concurrent.CompletableFuture@893c680[Not completed]
2019-08-29 08:15:08,718 [grpc-default-executor-8] INFO  impl.RaftServerProxy (RaftServerProxy.java:addNew(89)) - d7d16497-a2ba-406b-855b-2487a72c7d49: addNew group-705F9EC88CD7:[41d88688-584e-4810-bfc2-66fe460cc9ab:192.168.69.111:41360, d7d16497-a2ba-406b-855b-2487a72c7d49:192.168.69.111:37160, 05afa806-2860-409e-9f8b-b58becb1998f:192.168.69.111:43872] returns group-705F9EC88CD7:java.util.concurrent.CompletableFuture@1c307387[Not completed]
2019-08-29 08:15:08,719 [pool-677-thread-1] INFO  impl.RaftServerImpl (RaftServerImpl.java:<init>(93)) - 05afa806-2860-409e-9f8b-b58becb1998f: new RaftServerImpl for group-705F9EC88CD7:[41d88688-584e-4810-bfc2-66fe460cc9ab:192.168.69.111:41360, d7d16497-a2ba-406b-855b-2487a72c7d49:192.168.69.111:37160, 05afa806-2860-409e-9f8b-b58becb1998f:192.168.69.111:43872] with ContainerStateMachine:uninitialized
2019-08-29 08:15:08,719 [pool-677-thread-1] INFO  server.RaftServerConfigKeys (ConfUtils.java:logGet(43)) - raft.server.rpc.timeout.min = 5s (custom)
2019-08-29 08:15:08,719 [pool-677-thread-1] INFO  server.RaftServerConfigKeys (ConfUtils.java:logGet(43)) - raft.server.rpc.timeout.max = 5200ms (custom)
2019-08-29 08:15:08,719 [pool-677-thread-1] INFO  server.RaftServerConfigKeys (ConfUtils.java:logGet(43)) - raft.server.rpcslowness.timeout = 120s (custom)
2019-08-29 08:15:08,720 [pool-677-thread-1] INFO  server.RaftServerConfigKeys (ConfUtils.java:logGet(43)) - raft.server.sleep.deviation.threshold = 300 (default)
2019-08-29 08:15:08,720 [pool-677-thread-1] INFO  server.RaftServerConfigKeys (ConfUtils.java:logGet(43)) - raft.server.log.appender.install.snapshot.enabled = false (custom)
2019-08-29 08:15:08,720 [pool-677-thread-1] INFO  impl.RaftServerImpl (ServerState.java:<init>(105)) - 05afa806-2860-409e-9f8b-b58becb1998f:group-705F9EC88CD7 ConfigurationManager, init=-1: [41d88688-584e-4810-bfc2-66fe460cc9ab:192.168.69.111:41360, d7d16497-a2ba-406b-855b-2487a72c7d49:192.168.69.111:37160, 05afa806-2860-409e-9f8b-b58becb1998f:192.168.69.111:43872], old=null, confs=<EMPTY_MAP>
2019-08-29 08:15:08,720 [pool-688-thread-1] INFO  impl.RaftServerImpl (RaftServerImpl.java:<init>(93)) - d7d16497-a2ba-406b-855b-2487a72c7d49: new RaftServerImpl for group-705F9EC88CD7:[41d88688-584e-4810-bfc2-66fe460cc9ab:192.168.69.111:41360, d7d16497-a2ba-406b-855b-2487a72c7d49:192.168.69.111:37160, 05afa806-2860-409e-9f8b-b58becb1998f:192.168.69.111:43872] with ContainerStateMachine:uninitialized
2019-08-29 08:15:08,720 [pool-677-thread-1] INFO  server.RaftServerConfigKeys (ConfUtils.java:logGet(43)) - raft.server.storage.dir = [/workdir/hadoop-ozone/integration-test/target/test-dir/MiniOzoneClusterImpl-96c7e6f6-22fe-4395-a836-98ece8aa1bde/datanode-4/data/ratis] (custom)
2019-08-29 08:15:08,720 [pool-688-thread-1] INFO  server.RaftServerConfigKeys (ConfUtils.java:logGet(43)) - raft.server.rpc.timeout.min = 5s (custom)
2019-08-29 08:15:08,720 [pool-688-thread-1] INFO  server.RaftServerConfigKeys (ConfUtils.java:logGet(43)) - raft.server.rpc.timeout.max = 5200ms (custom)
2019-08-29 08:15:08,720 [pool-666-thread-1] INFO  impl.RaftServerImpl (RaftServerImpl.java:<init>(93)) - 41d88688-584e-4810-bfc2-66fe460cc9ab: new RaftServerImpl for group-705F9EC88CD7:[41d88688-584e-4810-bfc2-66fe460cc9ab:192.168.69.111:41360, d7d16497-a2ba-406b-855b-2487a72c7d49:192.168.69.111:37160, 05afa806-2860-409e-9f8b-b58becb1998f:192.168.69.111:43872] with ContainerStateMachine:uninitialized
2019-08-29 08:15:08,720 [pool-677-thread-1] INFO  storage.RaftStorageDirectory (RaftStorageDirectory.java:analyzeStorage(246)) - The storage directory /workdir/hadoop-ozone/integration-test/target/test-dir/MiniOzoneClusterImpl-96c7e6f6-22fe-4395-a836-98ece8aa1bde/datanode-4/data/ratis/ecd29f1d-72cc-4de6-b758-705f9ec88cd7 does not exist. Creating ...
2019-08-29 08:15:08,720 [pool-688-thread-1] INFO  server.RaftServerConfigKeys (ConfUtils.java:logGet(43)) - raft.server.rpcslowness.timeout = 120s (custom)
2019-08-29 08:15:08,720 [pool-666-thread-1] INFO  server.RaftServerConfigKeys (ConfUtils.java:logGet(43)) - raft.server.rpc.timeout.min = 5s (custom)
2019-08-29 08:15:08,721 [pool-688-thread-1] INFO  server.RaftServerConfigKeys (ConfUtils.java:logGet(43)) - raft.server.sleep.deviation.threshold = 300 (default)
2019-08-29 08:15:08,721 [pool-666-thread-1] INFO  server.RaftServerConfigKeys (ConfUtils.java:logGet(43)) - raft.server.rpc.timeout.max = 5200ms (custom)
2019-08-29 08:15:08,721 [pool-688-thread-1] INFO  server.RaftServerConfigKeys (ConfUtils.java:logGet(43)) - raft.server.log.appender.install.snapshot.enabled = false (custom)
2019-08-29 08:15:08,721 [pool-666-thread-1] INFO  server.RaftServerConfigKeys (ConfUtils.java:logGet(43)) - raft.server.rpcslowness.timeout = 120s (custom)
2019-08-29 08:15:08,721 [pool-688-thread-1] INFO  impl.RaftServerImpl (ServerState.java:<init>(105)) - d7d16497-a2ba-406b-855b-2487a72c7d49:group-705F9EC88CD7 ConfigurationManager, init=-1: [41d88688-584e-4810-bfc2-66fe460cc9ab:192.168.69.111:41360, d7d16497-a2ba-406b-855b-2487a72c7d49:192.168.69.111:37160, 05afa806-2860-409e-9f8b-b58becb1998f:192.168.69.111:43872], old=null, confs=<EMPTY_MAP>
2019-08-29 08:15:08,721 [pool-666-thread-1] INFO  server.RaftServerConfigKeys (ConfUtils.java:logGet(43)) - raft.server.sleep.deviation.threshold = 300 (default)
2019-08-29 08:15:08,721 [pool-688-thread-1] INFO  server.RaftServerConfigKeys (ConfUtils.java:logGet(43)) - raft.server.storage.dir = [/workdir/hadoop-ozone/integration-test/target/test-dir/MiniOzoneClusterImpl-96c7e6f6-22fe-4395-a836-98ece8aa1bde/datanode-5/data/ratis] (custom)
2019-08-29 08:15:08,721 [pool-666-thread-1] INFO  server.RaftServerConfigKeys (ConfUtils.java:logGet(43)) - raft.server.log.appender.install.snapshot.enabled = false (custom)
2019-08-29 08:15:08,721 [pool-666-thread-1] INFO  impl.RaftServerImpl (ServerState.java:<init>(105)) - 41d88688-584e-4810-bfc2-66fe460cc9ab:group-705F9EC88CD7 ConfigurationManager, init=-1: [41d88688-584e-4810-bfc2-66fe460cc9ab:192.168.69.111:41360, d7d16497-a2ba-406b-855b-2487a72c7d49:192.168.69.111:37160, 05afa806-2860-409e-9f8b-b58becb1998f:192.168.69.111:43872], old=null, confs=<EMPTY_MAP>
2019-08-29 08:15:08,722 [pool-688-thread-1] INFO  storage.RaftStorageDirectory (RaftStorageDirectory.java:analyzeStorage(246)) - The storage directory /workdir/hadoop-ozone/integration-test/target/test-dir/MiniOzoneClusterImpl-96c7e6f6-22fe-4395-a836-98ece8aa1bde/datanode-5/data/ratis/ecd29f1d-72cc-4de6-b758-705f9ec88cd7 does not exist. Creating ...
2019-08-29 08:15:08,722 [pool-666-thread-1] INFO  server.RaftServerConfigKeys (ConfUtils.java:logGet(43)) - raft.server.storage.dir = [/workdir/hadoop-ozone/integration-test/target/test-dir/MiniOzoneClusterImpl-96c7e6f6-22fe-4395-a836-98ece8aa1bde/datanode-3/data/ratis] (custom)
2019-08-29 08:15:08,722 [pool-666-thread-1] INFO  storage.RaftStorageDirectory (RaftStorageDirectory.java:analyzeStorage(246)) - The storage directory /workdir/hadoop-ozone/integration-test/target/test-dir/MiniOzoneClusterImpl-96c7e6f6-22fe-4395-a836-98ece8aa1bde/datanode-3/data/ratis/ecd29f1d-72cc-4de6-b758-705f9ec88cd7 does not exist. Creating ...
2019-08-29 08:15:08,728 [pool-688-thread-1] INFO  storage.RaftStorageDirectory (RaftStorageDirectory.java:tryLock(328)) - Lock on /workdir/hadoop-ozone/integration-test/target/test-dir/MiniOzoneClusterImpl-96c7e6f6-22fe-4395-a836-98ece8aa1bde/datanode-5/data/ratis/ecd29f1d-72cc-4de6-b758-705f9ec88cd7/in_use.lock acquired by nodename 17172@pr-hdds-1569-g9zr9-4145101663
2019-08-29 08:15:08,729 [pool-677-thread-1] INFO  storage.RaftStorageDirectory (RaftStorageDirectory.java:tryLock(328)) - Lock on /workdir/hadoop-ozone/integration-test/target/test-dir/MiniOzoneClusterImpl-96c7e6f6-22fe-4395-a836-98ece8aa1bde/datanode-4/data/ratis/ecd29f1d-72cc-4de6-b758-705f9ec88cd7/in_use.lock acquired by nodename 17172@pr-hdds-1569-g9zr9-4145101663
2019-08-29 08:15:08,728 [pool-666-thread-1] INFO  storage.RaftStorageDirectory (RaftStorageDirectory.java:tryLock(328)) - Lock on /workdir/hadoop-ozone/integration-test/target/test-dir/MiniOzoneClusterImpl-96c7e6f6-22fe-4395-a836-98ece8aa1bde/datanode-3/data/ratis/ecd29f1d-72cc-4de6-b758-705f9ec88cd7/in_use.lock acquired by nodename 17172@pr-hdds-1569-g9zr9-4145101663
2019-08-29 08:15:08,739 [pool-677-thread-1] INFO  storage.RaftStorage (RaftStorage.java:format(72)) - Storage directory /workdir/hadoop-ozone/integration-test/target/test-dir/MiniOzoneClusterImpl-96c7e6f6-22fe-4395-a836-98ece8aa1bde/datanode-4/data/ratis/ecd29f1d-72cc-4de6-b758-705f9ec88cd7 has been successfully formatted.
2019-08-29 08:15:08,739 [pool-666-thread-1] INFO  storage.RaftStorage (RaftStorage.java:format(72)) - Storage directory /workdir/hadoop-ozone/integration-test/target/test-dir/MiniOzoneClusterImpl-96c7e6f6-22fe-4395-a836-98ece8aa1bde/datanode-3/data/ratis/ecd29f1d-72cc-4de6-b758-705f9ec88cd7 has been successfully formatted.
2019-08-29 08:15:08,739 [pool-677-thread-1] INFO  ratis.ContainerStateMachine (ContainerStateMachine.java:loadSnapshot(226)) - group-705F9EC88CD7: The snapshot info is null. Setting the last applied indexto:(t:0, i:~)
2019-08-29 08:15:08,739 [pool-688-thread-1] INFO  storage.RaftStorage (RaftStorage.java:format(72)) - Storage directory /workdir/hadoop-ozone/integration-test/target/test-dir/MiniOzoneClusterImpl-96c7e6f6-22fe-4395-a836-98ece8aa1bde/datanode-5/data/ratis/ecd29f1d-72cc-4de6-b758-705f9ec88cd7 has been successfully formatted.
2019-08-29 08:15:08,739 [pool-666-thread-1] INFO  ratis.ContainerStateMachine (ContainerStateMachine.java:loadSnapshot(226)) - group-705F9EC88CD7: The snapshot info is null. Setting the last applied indexto:(t:0, i:~)
2019-08-29 08:15:08,739 [pool-677-thread-1] INFO  server.RaftServerConfigKeys (ConfUtils.java:logGet(43)) - raft.server.leader.election.timeout = 120s (custom)
2019-08-29 08:15:08,739 [pool-666-thread-1] INFO  server.RaftServerConfigKeys (ConfUtils.java:logGet(43)) - raft.server.leader.election.timeout = 120s (custom)
2019-08-29 08:15:08,739 [pool-688-thread-1] INFO  ratis.ContainerStateMachine (ContainerStateMachine.java:loadSnapshot(226)) - group-705F9EC88CD7: The snapshot info is null. Setting the last applied indexto:(t:0, i:~)
2019-08-29 08:15:08,740 [pool-666-thread-1] INFO  server.RaftServerConfigKeys (ConfUtils.java:logGet(43)) - raft.server.log.use.memory = false (default)
2019-08-29 08:15:08,739 [pool-677-thread-1] INFO  server.RaftServerConfigKeys (ConfUtils.java:logGet(43)) - raft.server.log.use.memory = false (default)
2019-08-29 08:15:08,740 [pool-666-thread-1] INFO  server.RaftServerConfigKeys (ConfUtils.java:logGet(43)) - raft.server.log.purge.gap = 1000000 (custom)
2019-08-29 08:15:08,740 [pool-688-thread-1] INFO  server.RaftServerConfigKeys (ConfUtils.java:logGet(43)) - raft.server.leader.election.timeout = 120s (custom)
2019-08-29 08:15:08,740 [pool-666-thread-1] INFO  server.RaftServerConfigKeys (ConfUtils.java:logGet(43)) - raft.server.log.appender.buffer.byte-limit = 33554432 (custom)
2019-08-29 08:15:08,740 [pool-677-thread-1] INFO  server.RaftServerConfigKeys (ConfUtils.java:logGet(43)) - raft.server.log.purge.gap = 1000000 (custom)
2019-08-29 08:15:08,740 [pool-666-thread-1] INFO  server.RaftServerConfigKeys (ConfUtils.java:logGet(43)) - raft.server.log.segment.size.max = 1048576 (custom)
2019-08-29 08:15:08,740 [pool-688-thread-1] INFO  server.RaftServerConfigKeys (ConfUtils.java:logGet(43)) - raft.server.log.use.memory = false (default)
2019-08-29 08:15:08,741 [pool-666-thread-1] INFO  server.RaftServerConfigKeys (ConfUtils.java:logGet(43)) - raft.server.log.segment.cache.num.max = 2 (custom)
2019-08-29 08:15:08,740 [pool-677-thread-1] INFO  server.RaftServerConfigKeys (ConfUtils.java:logGet(43)) - raft.server.log.appender.buffer.byte-limit = 33554432 (custom)
2019-08-29 08:15:08,741 [pool-666-thread-1] INFO  segmented.SegmentedRaftLogWorker (SegmentedRaftLogWorker.java:<init>(172)) - new 41d88688-584e-4810-bfc2-66fe460cc9ab-SegmentedRaftLogWorker:Storage Directory /workdir/hadoop-ozone/integration-test/target/test-dir/MiniOzoneClusterImpl-96c7e6f6-22fe-4395-a836-98ece8aa1bde/datanode-3/data/ratis/ecd29f1d-72cc-4de6-b758-705f9ec88cd7 for RaftStorage:Storage Directory /workdir/hadoop-ozone/integration-test/target/test-dir/MiniOzoneClusterImpl-96c7e6f6-22fe-4395-a836-98ece8aa1bde/datanode-3/data/ratis/ecd29f1d-72cc-4de6-b758-705f9ec88cd7
2019-08-29 08:15:08,741 [pool-688-thread-1] INFO  server.RaftServerConfigKeys (ConfUtils.java:logGet(43)) - raft.server.log.purge.gap = 1000000 (custom)
2019-08-29 08:15:08,741 [pool-666-thread-1] INFO  server.RaftServerConfigKeys (ConfUtils.java:logGet(43)) - raft.server.log.queue.byte-limit = 2147483647 (custom)
2019-08-29 08:15:08,741 [pool-677-thread-1] INFO  server.RaftServerConfigKeys (ConfUtils.java:logGet(43)) - raft.server.log.segment.size.max = 1048576 (custom)
2019-08-29 08:15:08,741 [pool-666-thread-1] INFO  server.RaftServerConfigKeys (ConfUtils.java:logGet(43)) - raft.server.log.queue.element-limit = 1024 (custom)
2019-08-29 08:15:08,741 [pool-688-thread-1] INFO  server.RaftServerConfigKeys (ConfUtils.java:logGet(43)) - raft.server.log.appender.buffer.byte-limit = 33554432 (custom)
2019-08-29 08:15:08,741 [pool-666-thread-1] INFO  server.RaftServerConfigKeys (ConfUtils.java:logGet(43)) - raft.server.log.segment.size.max = 1048576 (custom)
2019-08-29 08:15:08,741 [pool-677-thread-1] INFO  server.RaftServerConfigKeys (ConfUtils.java:logGet(43)) - raft.server.log.segment.cache.num.max = 2 (custom)
2019-08-29 08:15:08,742 [pool-666-thread-1] INFO  server.RaftServerConfigKeys (ConfUtils.java:logGet(43)) - raft.server.log.preallocated.size = 16384 (custom)
2019-08-29 08:15:08,742 [pool-688-thread-1] INFO  server.RaftServerConfigKeys (ConfUtils.java:logGet(43)) - raft.server.log.segment.size.max = 1048576 (custom)
2019-08-29 08:15:08,742 [pool-666-thread-1] INFO  server.RaftServerConfigKeys (ConfUtils.java:logGet(43)) - raft.server.log.write.buffer.size = 33554432 (custom)
2019-08-29 08:15:08,742 [pool-677-thread-1] INFO  segmented.SegmentedRaftLogWorker (SegmentedRaftLogWorker.java:<init>(172)) - new 05afa806-2860-409e-9f8b-b58becb1998f-SegmentedRaftLogWorker:Storage Directory /workdir/hadoop-ozone/integration-test/target/test-dir/MiniOzoneClusterImpl-96c7e6f6-22fe-4395-a836-98ece8aa1bde/datanode-4/data/ratis/ecd29f1d-72cc-4de6-b758-705f9ec88cd7 for RaftStorage:Storage Directory /workdir/hadoop-ozone/integration-test/target/test-dir/MiniOzoneClusterImpl-96c7e6f6-22fe-4395-a836-98ece8aa1bde/datanode-4/data/ratis/ecd29f1d-72cc-4de6-b758-705f9ec88cd7
2019-08-29 08:15:08,742 [pool-666-thread-1] INFO  server.RaftServerConfigKeys (ConfUtils.java:logGet(43)) - raft.server.log.force.sync.num = 128 (default)
2019-08-29 08:15:08,742 [pool-666-thread-1] INFO  server.RaftServerConfigKeys (ConfUtils.java:logGet(43)) - raft.server.log.statemachine.data.sync = true (default)
2019-08-29 08:15:08,742 [pool-688-thread-1] INFO  server.RaftServerConfigKeys (ConfUtils.java:logGet(43)) - raft.server.log.segment.cache.num.max = 2 (custom)
2019-08-29 08:15:08,743 [pool-666-thread-1] INFO  server.RaftServerConfigKeys (ConfUtils.java:logGet(43)) - raft.server.log.statemachine.data.sync.timeout = 10s (default)
2019-08-29 08:15:08,742 [pool-677-thread-1] INFO  server.RaftServerConfigKeys (ConfUtils.java:logGet(43)) - raft.server.log.queue.byte-limit = 2147483647 (custom)
2019-08-29 08:15:08,743 [pool-666-thread-1] INFO  server.RaftServerConfigKeys (ConfUtils.java:logGet(43)) - raft.server.log.statemachine.data.sync.timeout.retry = -1 (default)
2019-08-29 08:15:08,743 [pool-688-thread-1] INFO  segmented.SegmentedRaftLogWorker (SegmentedRaftLogWorker.java:<init>(172)) - new d7d16497-a2ba-406b-855b-2487a72c7d49-SegmentedRaftLogWorker:Storage Directory /workdir/hadoop-ozone/integration-test/target/test-dir/MiniOzoneClusterImpl-96c7e6f6-22fe-4395-a836-98ece8aa1bde/datanode-5/data/ratis/ecd29f1d-72cc-4de6-b758-705f9ec88cd7 for RaftStorage:Storage Directory /workdir/hadoop-ozone/integration-test/target/test-dir/MiniOzoneClusterImpl-96c7e6f6-22fe-4395-a836-98ece8aa1bde/datanode-5/data/ratis/ecd29f1d-72cc-4de6-b758-705f9ec88cd7
2019-08-29 08:15:08,743 [pool-666-thread-1] INFO  server.RaftServerConfigKeys (ConfUtils.java:logGet(43)) - raft.server.log.statemachine.data.caching.enabled = true (custom)
2019-08-29 08:15:08,743 [pool-677-thread-1] INFO  server.RaftServerConfigKeys (ConfUtils.java:logGet(43)) - raft.server.log.queue.element-limit = 1024 (custom)
2019-08-29 08:15:08,743 [pool-688-thread-1] INFO  server.RaftServerConfigKeys (ConfUtils.java:logGet(43)) - raft.server.log.queue.byte-limit = 2147483647 (custom)
2019-08-29 08:15:08,743 [pool-666-thread-1] INFO  segmented.SegmentedRaftLogWorker (SegmentedRaftLogWorker.java:lambda$new$0(132)) - 41d88688-584e-4810-bfc2-66fe460cc9ab-SegmentedRaftLogWorker:Storage Directory /workdir/hadoop-ozone/integration-test/target/test-dir/MiniOzoneClusterImpl-96c7e6f6-22fe-4395-a836-98ece8aa1bde/datanode-3/data/ratis/ecd29f1d-72cc-4de6-b758-705f9ec88cd7: flushIndex: setUnconditionally 0 -> -1
2019-08-29 08:15:08,743 [pool-677-thread-1] INFO  server.RaftServerConfigKeys (ConfUtils.java:logGet(43)) - raft.server.log.segment.size.max = 1048576 (custom)
2019-08-29 08:15:08,743 [pool-688-thread-1] INFO  server.RaftServerConfigKeys (ConfUtils.java:logGet(43)) - raft.server.log.queue.element-limit = 1024 (custom)
2019-08-29 08:15:08,744 [pool-666-thread-1] INFO  server.RaftServerConfigKeys (ConfUtils.java:logGet(43)) - raft.server.snapshot.auto.trigger.enabled = true (custom)
2019-08-29 08:15:08,744 [pool-677-thread-1] INFO  server.RaftServerConfigKeys (ConfUtils.java:logGet(43)) - raft.server.log.preallocated.size = 16384 (custom)
2019-08-29 08:15:08,744 [pool-666-thread-1] INFO  server.RaftServerConfigKeys (ConfUtils.java:logGet(43)) - raft.server.snapshot.auto.trigger.threshold = 10000 (custom)
2019-08-29 08:15:08,744 [pool-688-thread-1] INFO  server.RaftServerConfigKeys (ConfUtils.java:logGet(43)) - raft.server.log.segment.size.max = 1048576 (custom)
2019-08-29 08:15:08,744 [pool-666-thread-1] INFO  server.RaftServerConfigKeys (ConfUtils.java:logGet(43)) - raft.server.retrycache.expirytime = 600000ms (custom)
2019-08-29 08:15:08,744 [pool-677-thread-1] INFO  server.RaftServerConfigKeys (ConfUtils.java:logGet(43)) - raft.server.log.write.buffer.size = 33554432 (custom)
2019-08-29 08:15:08,744 [pool-666-thread-1] INFO  impl.RaftServerImpl (RaftServerImpl.java:start(180)) - 41d88688-584e-4810-bfc2-66fe460cc9ab: start group-705F9EC88CD7
2019-08-29 08:15:08,744 [pool-688-thread-1] INFO  server.RaftServerConfigKeys (ConfUtils.java:logGet(43)) - raft.server.log.preallocated.size = 16384 (custom)
2019-08-29 08:15:08,745 [pool-666-thread-1] INFO  impl.RaftServerImpl (RaftServerImpl.java:setRole(171)) - 41d88688-584e-4810-bfc2-66fe460cc9ab:group-705F9EC88CD7 changes role from null to FOLLOWER at term 0 for startAsFollower
2019-08-29 08:15:08,744 [pool-677-thread-1] INFO  server.RaftServerConfigKeys (ConfUtils.java:logGet(43)) - raft.server.log.force.sync.num = 128 (default)
2019-08-29 08:15:08,745 [pool-666-thread-1] INFO  impl.RoleInfo (RoleInfo.java:updateAndGet(143)) - 41d88688-584e-4810-bfc2-66fe460cc9ab: start FollowerState
2019-08-29 08:15:08,745 [pool-688-thread-1] INFO  server.RaftServerConfigKeys (ConfUtils.java:logGet(43)) - raft.server.log.write.buffer.size = 33554432 (custom)
2019-08-29 08:15:08,745 [pool-677-thread-1] INFO  server.RaftServerConfigKeys (ConfUtils.java:logGet(43)) - raft.server.log.statemachine.data.sync = true (default)
2019-08-29 08:15:08,745 [pool-688-thread-1] INFO  server.RaftServerConfigKeys (ConfUtils.java:logGet(43)) - raft.server.log.force.sync.num = 128 (default)
2019-08-29 08:15:08,745 [pool-666-thread-1] INFO  util.JmxRegister (JmxRegister.java:tryRegister(44)) - Successfully registered JMX Bean with object name Ratis:service=RaftServer,group=group-705F9EC88CD7,id=41d88688-584e-4810-bfc2-66fe460cc9ab
2019-08-29 08:15:08,745 [pool-677-thread-1] INFO  server.RaftServerConfigKeys (ConfUtils.java:logGet(43)) - raft.server.log.statemachine.data.sync.timeout = 10s (default)
2019-08-29 08:15:08,745 [pool-688-thread-1] INFO  server.RaftServerConfigKeys (ConfUtils.java:logGet(43)) - raft.server.log.statemachine.data.sync = true (default)
2019-08-29 08:15:08,745 [pool-677-thread-1] INFO  server.RaftServerConfigKeys (ConfUtils.java:logGet(43)) - raft.server.log.statemachine.data.sync.timeout.retry = -1 (default)
2019-08-29 08:15:08,746 [pool-688-thread-1] INFO  server.RaftServerConfigKeys (ConfUtils.java:logGet(43)) - raft.server.log.statemachine.data.sync.timeout = 10s (default)
2019-08-29 08:15:08,746 [pool-677-thread-1] INFO  server.RaftServerConfigKeys (ConfUtils.java:logGet(43)) - raft.server.log.statemachine.data.caching.enabled = true (custom)
2019-08-29 08:15:08,746 [pool-688-thread-1] INFO  server.RaftServerConfigKeys (ConfUtils.java:logGet(43)) - raft.server.log.statemachine.data.sync.timeout.retry = -1 (default)
2019-08-29 08:15:08,746 [pool-688-thread-1] INFO  server.RaftServerConfigKeys (ConfUtils.java:logGet(43)) - raft.server.log.statemachine.data.caching.enabled = true (custom)
2019-08-29 08:15:08,746 [pool-677-thread-1] INFO  segmented.SegmentedRaftLogWorker (SegmentedRaftLogWorker.java:lambda$new$0(132)) - 05afa806-2860-409e-9f8b-b58becb1998f-SegmentedRaftLogWorker:Storage Directory /workdir/hadoop-ozone/integration-test/target/test-dir/MiniOzoneClusterImpl-96c7e6f6-22fe-4395-a836-98ece8aa1bde/datanode-4/data/ratis/ecd29f1d-72cc-4de6-b758-705f9ec88cd7: flushIndex: setUnconditionally 0 -> -1
2019-08-29 08:15:08,746 [pool-688-thread-1] INFO  segmented.SegmentedRaftLogWorker (SegmentedRaftLogWorker.java:lambda$new$0(132)) - d7d16497-a2ba-406b-855b-2487a72c7d49-SegmentedRaftLogWorker:Storage Directory /workdir/hadoop-ozone/integration-test/target/test-dir/MiniOzoneClusterImpl-96c7e6f6-22fe-4395-a836-98ece8aa1bde/datanode-5/data/ratis/ecd29f1d-72cc-4de6-b758-705f9ec88cd7: flushIndex: setUnconditionally 0 -> -1
2019-08-29 08:15:08,749 [pool-677-thread-1] INFO  server.RaftServerConfigKeys (ConfUtils.java:logGet(43)) - raft.server.snapshot.auto.trigger.enabled = true (custom)
2019-08-29 08:15:08,749 [pool-677-thread-1] INFO  server.RaftServerConfigKeys (ConfUtils.java:logGet(43)) - raft.server.snapshot.auto.trigger.threshold = 10000 (custom)
2019-08-29 08:15:08,749 [pool-688-thread-1] INFO  server.RaftServerConfigKeys (ConfUtils.java:logGet(43)) - raft.server.snapshot.auto.trigger.enabled = true (custom)
2019-08-29 08:15:08,749 [pool-677-thread-1] INFO  server.RaftServerConfigKeys (ConfUtils.java:logGet(43)) - raft.server.retrycache.expirytime = 600000ms (custom)
2019-08-29 08:15:08,750 [pool-688-thread-1] INFO  server.RaftServerConfigKeys (ConfUtils.java:logGet(43)) - raft.server.snapshot.auto.trigger.threshold = 10000 (custom)
2019-08-29 08:15:08,750 [pool-677-thread-1] INFO  impl.RaftServerImpl (RaftServerImpl.java:start(180)) - 05afa806-2860-409e-9f8b-b58becb1998f: start group-705F9EC88CD7
2019-08-29 08:15:08,750 [pool-688-thread-1] INFO  server.RaftServerConfigKeys (ConfUtils.java:logGet(43)) - raft.server.retrycache.expirytime = 600000ms (custom)
2019-08-29 08:15:08,750 [pool-677-thread-1] INFO  impl.RaftServerImpl (RaftServerImpl.java:setRole(171)) - 05afa806-2860-409e-9f8b-b58becb1998f:group-705F9EC88CD7 changes role from null to FOLLOWER at term 0 for startAsFollower
2019-08-29 08:15:08,750 [pool-688-thread-1] INFO  impl.RaftServerImpl (RaftServerImpl.java:start(180)) - d7d16497-a2ba-406b-855b-2487a72c7d49: start group-705F9EC88CD7
2019-08-29 08:15:08,750 [pool-688-thread-1] INFO  impl.RaftServerImpl (RaftServerImpl.java:setRole(171)) - d7d16497-a2ba-406b-855b-2487a72c7d49:group-705F9EC88CD7 changes role from null to FOLLOWER at term 0 for startAsFollower
2019-08-29 08:15:08,750 [pool-677-thread-1] INFO  impl.RoleInfo (RoleInfo.java:updateAndGet(143)) - 05afa806-2860-409e-9f8b-b58becb1998f: start FollowerState
2019-08-29 08:15:08,750 [pool-688-thread-1] INFO  impl.RoleInfo (RoleInfo.java:updateAndGet(143)) - d7d16497-a2ba-406b-855b-2487a72c7d49: start FollowerState
2019-08-29 08:15:08,751 [pool-677-thread-1] INFO  util.JmxRegister (JmxRegister.java:tryRegister(44)) - Successfully registered JMX Bean with object name Ratis:service=RaftServer,group=group-705F9EC88CD7,id=05afa806-2860-409e-9f8b-b58becb1998f
2019-08-29 08:15:08,751 [pool-688-thread-1] INFO  util.JmxRegister (JmxRegister.java:tryRegister(44)) - Successfully registered JMX Bean with object name Ratis:service=RaftServer,group=group-705F9EC88CD7,id=d7d16497-a2ba-406b-855b-2487a72c7d49
2019-08-29 08:15:08,757 [RatisPipelineUtilsThread] INFO  pipeline.PipelineStateManager (PipelineStateManager.java:addPipeline(56)) - Created pipeline Pipeline[ Id: ecd29f1d-72cc-4de6-b758-705f9ec88cd7, Nodes: 41d88688-584e-4810-bfc2-66fe460cc9ab{ip: 192.168.69.111, host: pr-hdds-1569-g9zr9-4145101663, networkLocation: /default-rack, certSerialId: null}05afa806-2860-409e-9f8b-b58becb1998f{ip: 192.168.69.111, host: pr-hdds-1569-g9zr9-4145101663, networkLocation: /default-rack, certSerialId: null}d7d16497-a2ba-406b-855b-2487a72c7d49{ip: 192.168.69.111, host: pr-hdds-1569-g9zr9-4145101663, networkLocation: /default-rack, certSerialId: null}, Type:RATIS, Factor:THREE, State:OPEN]
2019-08-29 08:15:08,815 [main] INFO  ozone.MiniOzoneClusterImpl (MiniOzoneClusterImpl.java:lambda$waitForClusterToBeReady$0(142)) - Waiting for cluster to be ready. Got 6 of 7 DN Heartbeats.
2019-08-29 08:15:08,817 [IPC Server handler 5 on 45358] INFO  net.NetworkTopology (NetworkTopologyImpl.java:add(110)) - Added a new node: /default-rack/b26f7447-c8e5-423c-a9c9-ce802d0a7050
2019-08-29 08:15:08,817 [IPC Server handler 5 on 45358] INFO  node.SCMNodeManager (SCMNodeManager.java:register(273)) - Registered Data node : b26f7447-c8e5-423c-a9c9-ce802d0a7050{ip: 192.168.69.111, host: pr-hdds-1569-g9zr9-4145101663, networkLocation: /default-rack, certSerialId: null}
2019-08-29 08:15:08,817 | INFO  | SCMAudit | user=jenkins1000 | ip=192.168.69.111 | op=REGISTER {datanodeDetails=b26f7447-c8e5-423c-a9c9-ce802d0a7050{ip: 192.168.69.111, host: pr-hdds-1569-g9zr9-4145101663, networkLocation: /default-rack, certSerialId: null}} | ret=SUCCESS |  
2019-08-29 08:15:08,824 [grpc-default-executor-8] INFO  impl.RaftServerProxy (RaftServerProxy.java:addNew(89)) - b26f7447-c8e5-423c-a9c9-ce802d0a7050: addNew group-B4EB4BB1732A:[b26f7447-c8e5-423c-a9c9-ce802d0a7050:192.168.69.111:46432] returns group-B4EB4BB1732A:java.util.concurrent.CompletableFuture@7db32ac1[Not completed]
2019-08-29 08:15:08,825 [pool-699-thread-1] INFO  impl.RaftServerImpl (RaftServerImpl.java:<init>(93)) - b26f7447-c8e5-423c-a9c9-ce802d0a7050: new RaftServerImpl for group-B4EB4BB1732A:[b26f7447-c8e5-423c-a9c9-ce802d0a7050:192.168.69.111:46432] with ContainerStateMachine:uninitialized
2019-08-29 08:15:08,826 [pool-699-thread-1] INFO  server.RaftServerConfigKeys (ConfUtils.java:logGet(43)) - raft.server.rpc.timeout.min = 5s (custom)
2019-08-29 08:15:08,826 [pool-699-thread-1] INFO  server.RaftServerConfigKeys (ConfUtils.java:logGet(43)) - raft.server.rpc.timeout.max = 5200ms (custom)
2019-08-29 08:15:08,826 [pool-699-thread-1] INFO  server.RaftServerConfigKeys (ConfUtils.java:logGet(43)) - raft.server.rpcslowness.timeout = 120s (custom)
2019-08-29 08:15:08,826 [pool-699-thread-1] INFO  server.RaftServerConfigKeys (ConfUtils.java:logGet(43)) - raft.server.sleep.deviation.threshold = 300 (default)
2019-08-29 08:15:08,826 [pool-699-thread-1] INFO  server.RaftServerConfigKeys (ConfUtils.java:logGet(43)) - raft.server.log.appender.install.snapshot.enabled = false (custom)
2019-08-29 08:15:08,826 [pool-699-thread-1] INFO  impl.RaftServerImpl (ServerState.java:<init>(105)) - b26f7447-c8e5-423c-a9c9-ce802d0a7050:group-B4EB4BB1732A ConfigurationManager, init=-1: [b26f7447-c8e5-423c-a9c9-ce802d0a7050:192.168.69.111:46432], old=null, confs=<EMPTY_MAP>
2019-08-29 08:15:08,826 [pool-699-thread-1] INFO  server.RaftServerConfigKeys (ConfUtils.java:logGet(43)) - raft.server.storage.dir = [/workdir/hadoop-ozone/integration-test/target/test-dir/MiniOzoneClusterImpl-96c7e6f6-22fe-4395-a836-98ece8aa1bde/datanode-6/data/ratis] (custom)
2019-08-29 08:15:08,827 [pool-699-thread-1] INFO  storage.RaftStorageDirectory (RaftStorageDirectory.java:analyzeStorage(246)) - The storage directory /workdir/hadoop-ozone/integration-test/target/test-dir/MiniOzoneClusterImpl-96c7e6f6-22fe-4395-a836-98ece8aa1bde/datanode-6/data/ratis/0b3253fb-07d3-4461-b00e-b4eb4bb1732a does not exist. Creating ...
2019-08-29 08:15:08,841 [pool-699-thread-1] INFO  storage.RaftStorageDirectory (RaftStorageDirectory.java:tryLock(328)) - Lock on /workdir/hadoop-ozone/integration-test/target/test-dir/MiniOzoneClusterImpl-96c7e6f6-22fe-4395-a836-98ece8aa1bde/datanode-6/data/ratis/0b3253fb-07d3-4461-b00e-b4eb4bb1732a/in_use.lock acquired by nodename 17172@pr-hdds-1569-g9zr9-4145101663
2019-08-29 08:15:08,857 [pool-699-thread-1] INFO  storage.RaftStorage (RaftStorage.java:format(72)) - Storage directory /workdir/hadoop-ozone/integration-test/target/test-dir/MiniOzoneClusterImpl-96c7e6f6-22fe-4395-a836-98ece8aa1bde/datanode-6/data/ratis/0b3253fb-07d3-4461-b00e-b4eb4bb1732a has been successfully formatted.
2019-08-29 08:15:08,857 [pool-699-thread-1] INFO  ratis.ContainerStateMachine (ContainerStateMachine.java:loadSnapshot(226)) - group-B4EB4BB1732A: The snapshot info is null. Setting the last applied indexto:(t:0, i:~)
2019-08-29 08:15:08,857 [pool-699-thread-1] INFO  server.RaftServerConfigKeys (ConfUtils.java:logGet(43)) - raft.server.leader.election.timeout = 120s (custom)
2019-08-29 08:15:08,857 [pool-699-thread-1] INFO  server.RaftServerConfigKeys (ConfUtils.java:logGet(43)) - raft.server.log.use.memory = false (default)
2019-08-29 08:15:08,858 [pool-699-thread-1] INFO  server.RaftServerConfigKeys (ConfUtils.java:logGet(43)) - raft.server.log.purge.gap = 1000000 (custom)
2019-08-29 08:15:08,858 [pool-699-thread-1] INFO  server.RaftServerConfigKeys (ConfUtils.java:logGet(43)) - raft.server.log.appender.buffer.byte-limit = 33554432 (custom)
2019-08-29 08:15:08,858 [pool-699-thread-1] INFO  server.RaftServerConfigKeys (ConfUtils.java:logGet(43)) - raft.server.log.segment.size.max = 1048576 (custom)
2019-08-29 08:15:08,858 [pool-699-thread-1] INFO  server.RaftServerConfigKeys (ConfUtils.java:logGet(43)) - raft.server.log.segment.cache.num.max = 2 (custom)
2019-08-29 08:15:08,858 [pool-699-thread-1] INFO  segmented.SegmentedRaftLogWorker (SegmentedRaftLogWorker.java:<init>(172)) - new b26f7447-c8e5-423c-a9c9-ce802d0a7050-SegmentedRaftLogWorker:Storage Directory /workdir/hadoop-ozone/integration-test/target/test-dir/MiniOzoneClusterImpl-96c7e6f6-22fe-4395-a836-98ece8aa1bde/datanode-6/data/ratis/0b3253fb-07d3-4461-b00e-b4eb4bb1732a for RaftStorage:Storage Directory /workdir/hadoop-ozone/integration-test/target/test-dir/MiniOzoneClusterImpl-96c7e6f6-22fe-4395-a836-98ece8aa1bde/datanode-6/data/ratis/0b3253fb-07d3-4461-b00e-b4eb4bb1732a
2019-08-29 08:15:08,858 [pool-699-thread-1] INFO  server.RaftServerConfigKeys (ConfUtils.java:logGet(43)) - raft.server.log.queue.byte-limit = 2147483647 (custom)
2019-08-29 08:15:08,859 [pool-699-thread-1] INFO  server.RaftServerConfigKeys (ConfUtils.java:logGet(43)) - raft.server.log.queue.element-limit = 1024 (custom)
2019-08-29 08:15:08,859 [pool-699-thread-1] INFO  server.RaftServerConfigKeys (ConfUtils.java:logGet(43)) - raft.server.log.segment.size.max = 1048576 (custom)
2019-08-29 08:15:08,859 [pool-699-thread-1] INFO  server.RaftServerConfigKeys (ConfUtils.java:logGet(43)) - raft.server.log.preallocated.size = 16384 (custom)
2019-08-29 08:15:08,859 [pool-699-thread-1] INFO  server.RaftServerConfigKeys (ConfUtils.java:logGet(43)) - raft.server.log.write.buffer.size = 33554432 (custom)
2019-08-29 08:15:08,859 [pool-699-thread-1] INFO  server.RaftServerConfigKeys (ConfUtils.java:logGet(43)) - raft.server.log.force.sync.num = 128 (default)
2019-08-29 08:15:08,859 [pool-699-thread-1] INFO  server.RaftServerConfigKeys (ConfUtils.java:logGet(43)) - raft.server.log.statemachine.data.sync = true (default)
2019-08-29 08:15:08,860 [pool-699-thread-1] INFO  server.RaftServerConfigKeys (ConfUtils.java:logGet(43)) - raft.server.log.statemachine.data.sync.timeout = 10s (default)
2019-08-29 08:15:08,860 [pool-699-thread-1] INFO  server.RaftServerConfigKeys (ConfUtils.java:logGet(43)) - raft.server.log.statemachine.data.sync.timeout.retry = -1 (default)
2019-08-29 08:15:08,860 [pool-699-thread-1] INFO  server.RaftServerConfigKeys (ConfUtils.java:logGet(43)) - raft.server.log.statemachine.data.caching.enabled = true (custom)
2019-08-29 08:15:08,860 [pool-699-thread-1] INFO  segmented.SegmentedRaftLogWorker (SegmentedRaftLogWorker.java:lambda$new$0(132)) - b26f7447-c8e5-423c-a9c9-ce802d0a7050-SegmentedRaftLogWorker:Storage Directory /workdir/hadoop-ozone/integration-test/target/test-dir/MiniOzoneClusterImpl-96c7e6f6-22fe-4395-a836-98ece8aa1bde/datanode-6/data/ratis/0b3253fb-07d3-4461-b00e-b4eb4bb1732a: flushIndex: setUnconditionally 0 -> -1
2019-08-29 08:15:08,861 [pool-699-thread-1] INFO  server.RaftServerConfigKeys (ConfUtils.java:logGet(43)) - raft.server.snapshot.auto.trigger.enabled = true (custom)
2019-08-29 08:15:08,861 [pool-699-thread-1] INFO  server.RaftServerConfigKeys (ConfUtils.java:logGet(43)) - raft.server.snapshot.auto.trigger.threshold = 10000 (custom)
2019-08-29 08:15:08,861 [pool-699-thread-1] INFO  server.RaftServerConfigKeys (ConfUtils.java:logGet(43)) - raft.server.retrycache.expirytime = 600000ms (custom)
2019-08-29 08:15:08,861 [pool-699-thread-1] INFO  impl.RaftServerImpl (RaftServerImpl.java:start(180)) - b26f7447-c8e5-423c-a9c9-ce802d0a7050: start group-B4EB4BB1732A
2019-08-29 08:15:08,861 [pool-699-thread-1] INFO  impl.RaftServerImpl (RaftServerImpl.java:setRole(171)) - b26f7447-c8e5-423c-a9c9-ce802d0a7050:group-B4EB4BB1732A changes role from null to FOLLOWER at term 0 for startAsFollower
2019-08-29 08:15:08,861 [pool-699-thread-1] INFO  impl.RoleInfo (RoleInfo.java:updateAndGet(143)) - b26f7447-c8e5-423c-a9c9-ce802d0a7050: start FollowerState
2019-08-29 08:15:08,862 [pool-699-thread-1] INFO  util.JmxRegister (JmxRegister.java:tryRegister(44)) - Successfully registered JMX Bean with object name Ratis:service=RaftServer,group=group-B4EB4BB1732A,id=b26f7447-c8e5-423c-a9c9-ce802d0a7050
2019-08-29 08:15:08,872 [RatisPipelineUtilsThread] INFO  pipeline.PipelineStateManager (PipelineStateManager.java:addPipeline(56)) - Created pipeline Pipeline[ Id: 0b3253fb-07d3-4461-b00e-b4eb4bb1732a, Nodes: b26f7447-c8e5-423c-a9c9-ce802d0a7050{ip: 192.168.69.111, host: pr-hdds-1569-g9zr9-4145101663, networkLocation: /default-rack, certSerialId: null}, Type:RATIS, Factor:ONE, State:OPEN]
2019-08-29 08:15:09,369 | INFO  | SCMAudit | user=jenkins1000 | ip=192.168.69.111 | op=SEND_HEARTBEAT {datanodeUUID=87fe3654-6652-4f59-8ff1-d7298e00de43, command=[]} | ret=SUCCESS |  
2019-08-29 08:15:09,587 | INFO  | SCMAudit | user=jenkins1000 | ip=192.168.69.111 | op=SEND_HEARTBEAT {datanodeUUID=816deff1-51bb-41e0-81da-cb008c3f276b, command=[]} | ret=SUCCESS |  
2019-08-29 08:15:09,811 | INFO  | SCMAudit | user=jenkins1000 | ip=192.168.69.111 | op=SEND_HEARTBEAT {datanodeUUID=da6a9e9a-35dc-4ac4-b4cf-445d85f2fed3, command=[]} | ret=SUCCESS |  
2019-08-29 08:15:09,815 [main] INFO  ozone.MiniOzoneClusterImpl (MiniOzoneClusterImpl.java:lambda$waitForClusterToBeReady$0(142)) - Cluster is ready. Got 7 of 7 DN Heartbeats.
2019-08-29 08:15:09,843 [main] INFO  rpc.RpcClient (RpcClient.java:createVolume(293)) - Creating Volume: testblockoutputstream, with jenkins1000 as owner.
2019-08-29 08:15:09,845 | INFO  | OMAudit | user=jenkins1000 | ip=127.0.0.1 | op=CREATE_VOLUME {admin=jenkins1000, owner=jenkins1000, volume=testblockoutputstream, creationTime=1567066509844, quotaInBytes=1152921504606846976} | ret=SUCCESS |  
2019-08-29 08:15:09,853 | INFO  | OMAudit | user=jenkins1000 | ip=127.0.0.1 | op=READ_VOLUME {volume=testblockoutputstream} | ret=SUCCESS |  
2019-08-29 08:15:09,854 [main] INFO  rpc.RpcClient (RpcClient.java:createBucket(432)) - Creating Bucket: testblockoutputstream/testblockoutputstream, with Versioning false and Storage Type set to DISK and Encryption set to false 
2019-08-29 08:15:09,857 | INFO  | OMAudit | user=jenkins1000 | ip=127.0.0.1 | op=CREATE_BUCKET {volume=testblockoutputstream, bucket=testblockoutputstream, acls=[user:jenkins1000:a[ACCESS], group:default:a[ACCESS]], isVersionEnabled=false, storageType=DISK, creationTime=0} | ret=SUCCESS |  
2019-08-29 08:15:09,859 | INFO  | OMAudit | user=jenkins1000 | ip=127.0.0.1 | op=READ_VOLUME {volume=testblockoutputstream} | ret=SUCCESS |  
2019-08-29 08:15:09,860 | INFO  | OMAudit | user=jenkins1000 | ip=127.0.0.1 | op=READ_BUCKET {volume=testblockoutputstream, bucket=testblockoutputstream} | ret=SUCCESS |  
2019-08-29 08:15:09,862 | INFO  | SCMAudit | user=jenkins1000 | ip=192.168.69.111 | op=ALLOCATE_BLOCK {owner=ed6333f6-3490-4814-9a64-28146578e39a, size=800, type=RATIS, factor=THREE} | ret=SUCCESS |  
2019-08-29 08:15:09,865 | INFO  | OMAudit | user=jenkins1000 | ip=127.0.0.1 | op=ALLOCATE_KEY {volume=testblockoutputstream, bucket=testblockoutputstream, key=1245677e-ef8a-49ef-a727-21c070090490, dataSize=0, replicationType=RATIS, replicationFactor=THREE, keyLocationInfo=null} | ret=SUCCESS |  
2019-08-29 08:15:09,876 [grpc-default-executor-8] INFO  client.GrpcClientProtocolClient (GrpcClientProtocolClient.java:onNext(255)) - client-4780AD1A3A95->816deff1-51bb-41e0-81da-cb008c3f276b: receive RaftClientReply:client-4780AD1A3A95->816deff1-51bb-41e0-81da-cb008c3f276b@group-B6F78C66E0B0, cid=245, FAILED org.apache.ratis.protocol.NotLeaderException: Server 816deff1-51bb-41e0-81da-cb008c3f276b is not the leader (null). Request must be sent to leader., logIndex=0, commits[816deff1-51bb-41e0-81da-cb008c3f276b:c-1]
2019-08-29 08:15:10,022 | INFO  | SCMAudit | user=jenkins1000 | ip=192.168.69.111 | op=SEND_HEARTBEAT {datanodeUUID=41d88688-584e-4810-bfc2-66fe460cc9ab, command=[]} | ret=SUCCESS |  
2019-08-29 08:15:10,371 | INFO  | SCMAudit | user=jenkins1000 | ip=192.168.69.111 | op=SEND_HEARTBEAT {datanodeUUID=87fe3654-6652-4f59-8ff1-d7298e00de43, command=[]} | ret=SUCCESS |  
2019-08-29 08:15:10,378 [Thread-4487] INFO  container.ReplicationManager (ReplicationManager.java:start(152)) - Starting Replication Monitor Thread.
2019-08-29 08:15:10,383 [ReplicationMonitor] INFO  container.ReplicationManager (ReplicationManager.java:run(215)) - Replication Monitor Thread took 0 milliseconds for processing 1 containers.
2019-08-29 08:15:10,450 | INFO  | SCMAudit | user=jenkins1000 | ip=192.168.69.111 | op=SEND_HEARTBEAT {datanodeUUID=05afa806-2860-409e-9f8b-b58becb1998f, command=[]} | ret=SUCCESS |  
2019-08-29 08:15:10,587 | INFO  | SCMAudit | user=jenkins1000 | ip=192.168.69.111 | op=SEND_HEARTBEAT {datanodeUUID=816deff1-51bb-41e0-81da-cb008c3f276b, command=[]} | ret=SUCCESS |  
2019-08-29 08:15:10,639 | INFO  | SCMAudit | user=jenkins1000 | ip=192.168.69.111 | op=SEND_HEARTBEAT {datanodeUUID=d7d16497-a2ba-406b-855b-2487a72c7d49, command=[]} | ret=SUCCESS |  
2019-08-29 08:15:10,811 | INFO  | SCMAudit | user=jenkins1000 | ip=192.168.69.111 | op=SEND_HEARTBEAT {datanodeUUID=da6a9e9a-35dc-4ac4-b4cf-445d85f2fed3, command=[]} | ret=SUCCESS |  
2019-08-29 08:15:10,817 | INFO  | SCMAudit | user=jenkins1000 | ip=192.168.69.111 | op=SEND_HEARTBEAT {datanodeUUID=b26f7447-c8e5-423c-a9c9-ce802d0a7050, command=[]} | ret=SUCCESS |  
2019-08-29 08:15:10,891 [grpc-default-executor-7] INFO  client.GrpcClientProtocolClient (GrpcClientProtocolClient.java:onNext(255)) - client-4780AD1A3A95->da6a9e9a-35dc-4ac4-b4cf-445d85f2fed3: receive RaftClientReply:client-4780AD1A3A95->da6a9e9a-35dc-4ac4-b4cf-445d85f2fed3@group-B6F78C66E0B0, cid=245, FAILED org.apache.ratis.protocol.NotLeaderException: Server da6a9e9a-35dc-4ac4-b4cf-445d85f2fed3 is not the leader (null). Request must be sent to leader., logIndex=0, commits[da6a9e9a-35dc-4ac4-b4cf-445d85f2fed3:c-1]
2019-08-29 08:15:11,023 | INFO  | SCMAudit | user=jenkins1000 | ip=192.168.69.111 | op=SEND_HEARTBEAT {datanodeUUID=41d88688-584e-4810-bfc2-66fe460cc9ab, command=[]} | ret=SUCCESS |  
2019-08-29 08:15:11,371 | INFO  | SCMAudit | user=jenkins1000 | ip=192.168.69.111 | op=SEND_HEARTBEAT {datanodeUUID=87fe3654-6652-4f59-8ff1-d7298e00de43, command=[]} | ret=SUCCESS |  
2019-08-29 08:15:11,450 | INFO  | SCMAudit | user=jenkins1000 | ip=192.168.69.111 | op=SEND_HEARTBEAT {datanodeUUID=05afa806-2860-409e-9f8b-b58becb1998f, command=[]} | ret=SUCCESS |  
2019-08-29 08:15:11,587 | INFO  | SCMAudit | user=jenkins1000 | ip=192.168.69.111 | op=SEND_HEARTBEAT {datanodeUUID=816deff1-51bb-41e0-81da-cb008c3f276b, command=[]} | ret=SUCCESS |  
2019-08-29 08:15:11,639 | INFO  | SCMAudit | user=jenkins1000 | ip=192.168.69.111 | op=SEND_HEARTBEAT {datanodeUUID=d7d16497-a2ba-406b-855b-2487a72c7d49, command=[]} | ret=SUCCESS |  
2019-08-29 08:15:11,811 | INFO  | SCMAudit | user=jenkins1000 | ip=192.168.69.111 | op=SEND_HEARTBEAT {datanodeUUID=da6a9e9a-35dc-4ac4-b4cf-445d85f2fed3, command=[]} | ret=SUCCESS |  
2019-08-29 08:15:11,816 | INFO  | SCMAudit | user=jenkins1000 | ip=192.168.69.111 | op=SEND_HEARTBEAT {datanodeUUID=b26f7447-c8e5-423c-a9c9-ce802d0a7050, command=[]} | ret=SUCCESS |  
2019-08-29 08:15:11,906 [grpc-default-executor-7] INFO  client.GrpcClientProtocolClient (GrpcClientProtocolClient.java:onNext(255)) - client-4780AD1A3A95->816deff1-51bb-41e0-81da-cb008c3f276b: receive RaftClientReply:client-4780AD1A3A95->816deff1-51bb-41e0-81da-cb008c3f276b@group-B6F78C66E0B0, cid=245, FAILED org.apache.ratis.protocol.NotLeaderException: Server 816deff1-51bb-41e0-81da-cb008c3f276b is not the leader (null). Request must be sent to leader., logIndex=0, commits[816deff1-51bb-41e0-81da-cb008c3f276b:c-1]
2019-08-29 08:15:12,022 | INFO  | SCMAudit | user=jenkins1000 | ip=192.168.69.111 | op=SEND_HEARTBEAT {datanodeUUID=41d88688-584e-4810-bfc2-66fe460cc9ab, command=[]} | ret=SUCCESS |  
2019-08-29 08:15:12,371 | INFO  | SCMAudit | user=jenkins1000 | ip=192.168.69.111 | op=SEND_HEARTBEAT {datanodeUUID=87fe3654-6652-4f59-8ff1-d7298e00de43, command=[]} | ret=SUCCESS |  
2019-08-29 08:15:12,450 | INFO  | SCMAudit | user=jenkins1000 | ip=192.168.69.111 | op=SEND_HEARTBEAT {datanodeUUID=05afa806-2860-409e-9f8b-b58becb1998f, command=[]} | ret=SUCCESS |  
2019-08-29 08:15:12,546 [Thread-4489] INFO  impl.FollowerState (FollowerState.java:run(106)) - 87fe3654-6652-4f59-8ff1-d7298e00de43:group-5D341AC9D250 changes to CANDIDATE, lastRpcTime:5084, electionTimeout:5084ms
2019-08-29 08:15:12,546 [Thread-4489] INFO  impl.RoleInfo (RoleInfo.java:shutdownFollowerState(121)) - 87fe3654-6652-4f59-8ff1-d7298e00de43: shutdown FollowerState
2019-08-29 08:15:12,546 [Thread-4489] INFO  impl.RaftServerImpl (RaftServerImpl.java:setRole(171)) - 87fe3654-6652-4f59-8ff1-d7298e00de43:group-5D341AC9D250 changes role from FOLLOWER to CANDIDATE at term 0 for changeToCandidate
2019-08-29 08:15:12,546 [Thread-4489] INFO  impl.RoleInfo (RoleInfo.java:updateAndGet(143)) - 87fe3654-6652-4f59-8ff1-d7298e00de43: start LeaderElection
2019-08-29 08:15:12,587 | INFO  | SCMAudit | user=jenkins1000 | ip=192.168.69.111 | op=SEND_HEARTBEAT {datanodeUUID=816deff1-51bb-41e0-81da-cb008c3f276b, command=[]} | ret=SUCCESS |  
2019-08-29 08:15:12,606 [87fe3654-6652-4f59-8ff1-d7298e00de43:group-5D341AC9D250:LeaderElection102] INFO  impl.LeaderElection (LeaderElection.java:askForVotes(181)) - 87fe3654-6652-4f59-8ff1-d7298e00de43:group-5D341AC9D250:LeaderElection102: begin an election at term 1 for -1: [87fe3654-6652-4f59-8ff1-d7298e00de43:192.168.69.111:41259], old=null
2019-08-29 08:15:12,606 [87fe3654-6652-4f59-8ff1-d7298e00de43:group-5D341AC9D250:LeaderElection102] INFO  impl.RoleInfo (RoleInfo.java:shutdownLeaderElection(134)) - 87fe3654-6652-4f59-8ff1-d7298e00de43: shutdown LeaderElection
2019-08-29 08:15:12,607 [87fe3654-6652-4f59-8ff1-d7298e00de43:group-5D341AC9D250:LeaderElection102] INFO  impl.RaftServerImpl (RaftServerImpl.java:setRole(171)) - 87fe3654-6652-4f59-8ff1-d7298e00de43:group-5D341AC9D250 changes role from CANDIDATE to LEADER at term 1 for changeToLeader
2019-08-29 08:15:12,607 [87fe3654-6652-4f59-8ff1-d7298e00de43:group-5D341AC9D250:LeaderElection102] INFO  impl.RaftServerImpl (ServerState.java:setLeader(263)) - 87fe3654-6652-4f59-8ff1-d7298e00de43:group-5D341AC9D250 change Leader from null to 87fe3654-6652-4f59-8ff1-d7298e00de43 at term 1 for becomeLeader, leader elected after 5149ms
2019-08-29 08:15:12,607 [87fe3654-6652-4f59-8ff1-d7298e00de43:group-5D341AC9D250:LeaderElection102] INFO  server.RaftServerConfigKeys (ConfUtils.java:logGet(43)) - raft.server.staging.catchup.gap = 1000 (default)
2019-08-29 08:15:12,607 [87fe3654-6652-4f59-8ff1-d7298e00de43:group-5D341AC9D250:LeaderElection102] INFO  server.RaftServerConfigKeys (ConfUtils.java:logGet(43)) - raft.server.rpc.sleep.time = 25ms (default)
2019-08-29 08:15:12,608 [87fe3654-6652-4f59-8ff1-d7298e00de43:group-5D341AC9D250:LeaderElection102] INFO  server.RaftServerConfigKeys (ConfUtils.java:logGet(43)) - raft.server.write.element-limit = 4096 (default)
2019-08-29 08:15:12,608 [87fe3654-6652-4f59-8ff1-d7298e00de43:group-5D341AC9D250:LeaderElection102] INFO  server.RaftServerConfigKeys (ConfUtils.java:logGet(43)) - raft.server.watch.timeout = 10s (default)
2019-08-29 08:15:12,608 [87fe3654-6652-4f59-8ff1-d7298e00de43:group-5D341AC9D250:LeaderElection102] INFO  server.RaftServerConfigKeys (ConfUtils.java:logGet(43)) - raft.server.watch.timeout.denomination = 1s (default)
2019-08-29 08:15:12,608 [87fe3654-6652-4f59-8ff1-d7298e00de43:group-5D341AC9D250:LeaderElection102] INFO  server.RaftServerConfigKeys (ConfUtils.java:logGet(43)) - raft.server.watch.element-limit = 65536 (default)
2019-08-29 08:15:12,609 [87fe3654-6652-4f59-8ff1-d7298e00de43:group-5D341AC9D250:LeaderElection102] INFO  impl.RoleInfo (RoleInfo.java:updateAndGet(143)) - 87fe3654-6652-4f59-8ff1-d7298e00de43: start LeaderState
2019-08-29 08:15:12,609 [87fe3654-6652-4f59-8ff1-d7298e00de43:group-5D341AC9D250:LeaderElection102] INFO  segmented.SegmentedRaftLogWorker (SegmentedRaftLogWorker.java:startLogSegment(380)) - 87fe3654-6652-4f59-8ff1-d7298e00de43-SegmentedRaftLogWorker:Storage Directory /workdir/hadoop-ozone/integration-test/target/test-dir/MiniOzoneClusterImpl-96c7e6f6-22fe-4395-a836-98ece8aa1bde/datanode-0/data/ratis/7fcfa0ac-c7bb-4fdd-b25e-5d341ac9d250: Starting segment from index:0
2019-08-29 08:15:12,611 [87fe3654-6652-4f59-8ff1-d7298e00de43:group-5D341AC9D250:LeaderElection102] INFO  impl.RaftServerImpl (ServerState.java:setRaftConf(361)) - 87fe3654-6652-4f59-8ff1-d7298e00de43:group-5D341AC9D250 set configuration 0: [87fe3654-6652-4f59-8ff1-d7298e00de43:192.168.69.111:41259], old=null at 0
2019-08-29 08:15:12,639 | INFO  | SCMAudit | user=jenkins1000 | ip=192.168.69.111 | op=SEND_HEARTBEAT {datanodeUUID=d7d16497-a2ba-406b-855b-2487a72c7d49, command=[]} | ret=SUCCESS |  
2019-08-29 08:15:12,658 [87fe3654-6652-4f59-8ff1-d7298e00de43-SegmentedRaftLogWorker:Storage Directory /workdir/hadoop-ozone/integration-test/target/test-dir/MiniOzoneClusterImpl-96c7e6f6-22fe-4395-a836-98ece8aa1bde/datanode-0/data/ratis/7fcfa0ac-c7bb-4fdd-b25e-5d341ac9d250] INFO  segmented.SegmentedRaftLogWorker (SegmentedRaftLogWorker.java:execute(569)) - 87fe3654-6652-4f59-8ff1-d7298e00de43-SegmentedRaftLogWorker:Storage Directory /workdir/hadoop-ozone/integration-test/target/test-dir/MiniOzoneClusterImpl-96c7e6f6-22fe-4395-a836-98ece8aa1bde/datanode-0/data/ratis/7fcfa0ac-c7bb-4fdd-b25e-5d341ac9d250: created new log segment /workdir/hadoop-ozone/integration-test/target/test-dir/MiniOzoneClusterImpl-96c7e6f6-22fe-4395-a836-98ece8aa1bde/datanode-0/data/ratis/7fcfa0ac-c7bb-4fdd-b25e-5d341ac9d250/current/log_inprogress_0
2019-08-29 08:15:12,773 [Thread-4492] INFO  impl.FollowerState (FollowerState.java:run(106)) - 816deff1-51bb-41e0-81da-cb008c3f276b:group-254192544944 changes to CANDIDATE, lastRpcTime:5085, electionTimeout:5085ms
2019-08-29 08:15:12,773 [Thread-4492] INFO  impl.RoleInfo (RoleInfo.java:shutdownFollowerState(121)) - 816deff1-51bb-41e0-81da-cb008c3f276b: shutdown FollowerState
2019-08-29 08:15:12,773 [Thread-4492] INFO  impl.RaftServerImpl (RaftServerImpl.java:setRole(171)) - 816deff1-51bb-41e0-81da-cb008c3f276b:group-254192544944 changes role from FOLLOWER to CANDIDATE at term 0 for changeToCandidate
2019-08-29 08:15:12,773 [Thread-4492] INFO  impl.RoleInfo (RoleInfo.java:updateAndGet(143)) - 816deff1-51bb-41e0-81da-cb008c3f276b: start LeaderElection
2019-08-29 08:15:12,811 | INFO  | SCMAudit | user=jenkins1000 | ip=192.168.69.111 | op=SEND_HEARTBEAT {datanodeUUID=da6a9e9a-35dc-4ac4-b4cf-445d85f2fed3, command=[]} | ret=SUCCESS |  
2019-08-29 08:15:12,816 | INFO  | SCMAudit | user=jenkins1000 | ip=192.168.69.111 | op=SEND_HEARTBEAT {datanodeUUID=b26f7447-c8e5-423c-a9c9-ce802d0a7050, command=[]} | ret=SUCCESS |  
2019-08-29 08:15:12,833 [816deff1-51bb-41e0-81da-cb008c3f276b:group-254192544944:LeaderElection103] INFO  impl.LeaderElection (LeaderElection.java:askForVotes(181)) - 816deff1-51bb-41e0-81da-cb008c3f276b:group-254192544944:LeaderElection103: begin an election at term 1 for -1: [816deff1-51bb-41e0-81da-cb008c3f276b:192.168.69.111:43317], old=null
2019-08-29 08:15:12,834 [816deff1-51bb-41e0-81da-cb008c3f276b:group-254192544944:LeaderElection103] INFO  impl.RoleInfo (RoleInfo.java:shutdownLeaderElection(134)) - 816deff1-51bb-41e0-81da-cb008c3f276b: shutdown LeaderElection
2019-08-29 08:15:12,834 [816deff1-51bb-41e0-81da-cb008c3f276b:group-254192544944:LeaderElection103] INFO  impl.RaftServerImpl (RaftServerImpl.java:setRole(171)) - 816deff1-51bb-41e0-81da-cb008c3f276b:group-254192544944 changes role from CANDIDATE to LEADER at term 1 for changeToLeader
2019-08-29 08:15:12,834 [816deff1-51bb-41e0-81da-cb008c3f276b:group-254192544944:LeaderElection103] INFO  impl.RaftServerImpl (ServerState.java:setLeader(263)) - 816deff1-51bb-41e0-81da-cb008c3f276b:group-254192544944 change Leader from null to 816deff1-51bb-41e0-81da-cb008c3f276b at term 1 for becomeLeader, leader elected after 5156ms
2019-08-29 08:15:12,834 [816deff1-51bb-41e0-81da-cb008c3f276b:group-254192544944:LeaderElection103] INFO  server.RaftServerConfigKeys (ConfUtils.java:logGet(43)) - raft.server.staging.catchup.gap = 1000 (default)
2019-08-29 08:15:12,834 [816deff1-51bb-41e0-81da-cb008c3f276b:group-254192544944:LeaderElection103] INFO  server.RaftServerConfigKeys (ConfUtils.java:logGet(43)) - raft.server.rpc.sleep.time = 25ms (default)
2019-08-29 08:15:12,834 [816deff1-51bb-41e0-81da-cb008c3f276b:group-254192544944:LeaderElection103] INFO  server.RaftServerConfigKeys (ConfUtils.java:logGet(43)) - raft.server.write.element-limit = 4096 (default)
2019-08-29 08:15:12,834 [816deff1-51bb-41e0-81da-cb008c3f276b:group-254192544944:LeaderElection103] INFO  server.RaftServerConfigKeys (ConfUtils.java:logGet(43)) - raft.server.watch.timeout = 10s (default)
2019-08-29 08:15:12,834 [816deff1-51bb-41e0-81da-cb008c3f276b:group-254192544944:LeaderElection103] INFO  server.RaftServerConfigKeys (ConfUtils.java:logGet(43)) - raft.server.watch.timeout.denomination = 1s (default)
2019-08-29 08:15:12,834 [816deff1-51bb-41e0-81da-cb008c3f276b:group-254192544944:LeaderElection103] INFO  server.RaftServerConfigKeys (ConfUtils.java:logGet(43)) - raft.server.watch.element-limit = 65536 (default)
2019-08-29 08:15:12,835 [816deff1-51bb-41e0-81da-cb008c3f276b:group-254192544944:LeaderElection103] INFO  impl.RoleInfo (RoleInfo.java:updateAndGet(143)) - 816deff1-51bb-41e0-81da-cb008c3f276b: start LeaderState
2019-08-29 08:15:12,835 [816deff1-51bb-41e0-81da-cb008c3f276b:group-254192544944:LeaderElection103] INFO  segmented.SegmentedRaftLogWorker (SegmentedRaftLogWorker.java:startLogSegment(380)) - 816deff1-51bb-41e0-81da-cb008c3f276b-SegmentedRaftLogWorker:Storage Directory /workdir/hadoop-ozone/integration-test/target/test-dir/MiniOzoneClusterImpl-96c7e6f6-22fe-4395-a836-98ece8aa1bde/datanode-1/data/ratis/4196f8eb-996f-489d-b4d2-254192544944: Starting segment from index:0
2019-08-29 08:15:12,835 [816deff1-51bb-41e0-81da-cb008c3f276b:group-254192544944:LeaderElection103] INFO  impl.RaftServerImpl (ServerState.java:setRaftConf(361)) - 816deff1-51bb-41e0-81da-cb008c3f276b:group-254192544944 set configuration 0: [816deff1-51bb-41e0-81da-cb008c3f276b:192.168.69.111:43317], old=null at 0
2019-08-29 08:15:12,874 [816deff1-51bb-41e0-81da-cb008c3f276b-SegmentedRaftLogWorker:Storage Directory /workdir/hadoop-ozone/integration-test/target/test-dir/MiniOzoneClusterImpl-96c7e6f6-22fe-4395-a836-98ece8aa1bde/datanode-1/data/ratis/4196f8eb-996f-489d-b4d2-254192544944] INFO  segmented.SegmentedRaftLogWorker (SegmentedRaftLogWorker.java:execute(569)) - 816deff1-51bb-41e0-81da-cb008c3f276b-SegmentedRaftLogWorker:Storage Directory /workdir/hadoop-ozone/integration-test/target/test-dir/MiniOzoneClusterImpl-96c7e6f6-22fe-4395-a836-98ece8aa1bde/datanode-1/data/ratis/4196f8eb-996f-489d-b4d2-254192544944: created new log segment /workdir/hadoop-ozone/integration-test/target/test-dir/MiniOzoneClusterImpl-96c7e6f6-22fe-4395-a836-98ece8aa1bde/datanode-1/data/ratis/4196f8eb-996f-489d-b4d2-254192544944/current/log_inprogress_0
2019-08-29 08:15:12,918 [grpc-default-executor-8] INFO  client.GrpcClientProtocolClient (GrpcClientProtocolClient.java:onNext(255)) - client-4780AD1A3A95->da6a9e9a-35dc-4ac4-b4cf-445d85f2fed3: receive RaftClientReply:client-4780AD1A3A95->da6a9e9a-35dc-4ac4-b4cf-445d85f2fed3@group-B6F78C66E0B0, cid=245, FAILED org.apache.ratis.protocol.NotLeaderException: Server da6a9e9a-35dc-4ac4-b4cf-445d85f2fed3 is not the leader (null). Request must be sent to leader., logIndex=0, commits[da6a9e9a-35dc-4ac4-b4cf-445d85f2fed3:c-1]
2019-08-29 08:15:13,002 [Thread-4502] INFO  impl.FollowerState (FollowerState.java:run(106)) - 816deff1-51bb-41e0-81da-cb008c3f276b:group-B6F78C66E0B0 changes to CANDIDATE, lastRpcTime:5075, electionTimeout:5075ms
2019-08-29 08:15:13,002 [Thread-4498] INFO  impl.FollowerState (FollowerState.java:run(106)) - da6a9e9a-35dc-4ac4-b4cf-445d85f2fed3:group-B6F78C66E0B0 changes to CANDIDATE, lastRpcTime:5080, electionTimeout:5080ms
2019-08-29 08:15:13,002 [Thread-4502] INFO  impl.RoleInfo (RoleInfo.java:shutdownFollowerState(121)) - 816deff1-51bb-41e0-81da-cb008c3f276b: shutdown FollowerState
2019-08-29 08:15:13,002 [Thread-4498] INFO  impl.RoleInfo (RoleInfo.java:shutdownFollowerState(121)) - da6a9e9a-35dc-4ac4-b4cf-445d85f2fed3: shutdown FollowerState
2019-08-29 08:15:13,003 [Thread-4502] INFO  impl.RaftServerImpl (RaftServerImpl.java:setRole(171)) - 816deff1-51bb-41e0-81da-cb008c3f276b:group-B6F78C66E0B0 changes role from FOLLOWER to CANDIDATE at term 0 for changeToCandidate
2019-08-29 08:15:13,003 [Thread-4498] INFO  impl.RaftServerImpl (RaftServerImpl.java:setRole(171)) - da6a9e9a-35dc-4ac4-b4cf-445d85f2fed3:group-B6F78C66E0B0 changes role from FOLLOWER to CANDIDATE at term 0 for changeToCandidate
2019-08-29 08:15:13,003 [Thread-4502] INFO  impl.RoleInfo (RoleInfo.java:updateAndGet(143)) - 816deff1-51bb-41e0-81da-cb008c3f276b: start LeaderElection
2019-08-29 08:15:13,003 [Thread-4498] INFO  impl.RoleInfo (RoleInfo.java:updateAndGet(143)) - da6a9e9a-35dc-4ac4-b4cf-445d85f2fed3: start LeaderElection
2019-08-29 08:15:13,018 [Thread-4495] INFO  impl.FollowerState (FollowerState.java:run(106)) - da6a9e9a-35dc-4ac4-b4cf-445d85f2fed3:group-67A33F45194A changes to CANDIDATE, lastRpcTime:5155, electionTimeout:5155ms
2019-08-29 08:15:13,018 [Thread-4495] INFO  impl.RoleInfo (RoleInfo.java:shutdownFollowerState(121)) - da6a9e9a-35dc-4ac4-b4cf-445d85f2fed3: shutdown FollowerState
2019-08-29 08:15:13,018 [Thread-4495] INFO  impl.RaftServerImpl (RaftServerImpl.java:setRole(171)) - da6a9e9a-35dc-4ac4-b4cf-445d85f2fed3:group-67A33F45194A changes role from FOLLOWER to CANDIDATE at term 0 for changeToCandidate
2019-08-29 08:15:13,018 [Thread-4495] INFO  impl.RoleInfo (RoleInfo.java:updateAndGet(143)) - da6a9e9a-35dc-4ac4-b4cf-445d85f2fed3: start LeaderElection
2019-08-29 08:15:13,024 | INFO  | SCMAudit | user=jenkins1000 | ip=192.168.69.111 | op=SEND_HEARTBEAT {datanodeUUID=41d88688-584e-4810-bfc2-66fe460cc9ab, command=[]} | ret=SUCCESS |  
2019-08-29 08:15:13,031 [da6a9e9a-35dc-4ac4-b4cf-445d85f2fed3:group-B6F78C66E0B0:LeaderElection105] INFO  impl.LeaderElection (LeaderElection.java:askForVotes(181)) - da6a9e9a-35dc-4ac4-b4cf-445d85f2fed3:group-B6F78C66E0B0:LeaderElection105: begin an election at term 1 for -1: [816deff1-51bb-41e0-81da-cb008c3f276b:192.168.69.111:43317, 87fe3654-6652-4f59-8ff1-d7298e00de43:192.168.69.111:41259, da6a9e9a-35dc-4ac4-b4cf-445d85f2fed3:192.168.69.111:39023], old=null
2019-08-29 08:15:13,031 [816deff1-51bb-41e0-81da-cb008c3f276b:group-B6F78C66E0B0:LeaderElection104] INFO  impl.LeaderElection (LeaderElection.java:askForVotes(181)) - 816deff1-51bb-41e0-81da-cb008c3f276b:group-B6F78C66E0B0:LeaderElection104: begin an election at term 1 for -1: [816deff1-51bb-41e0-81da-cb008c3f276b:192.168.69.111:43317, 87fe3654-6652-4f59-8ff1-d7298e00de43:192.168.69.111:41259, da6a9e9a-35dc-4ac4-b4cf-445d85f2fed3:192.168.69.111:39023], old=null
2019-08-29 08:15:13,039 [grpc-default-executor-8] INFO  impl.RaftServerImpl (RaftServerImpl.java:setRole(171)) - 87fe3654-6652-4f59-8ff1-d7298e00de43:group-B6F78C66E0B0 changes role from FOLLOWER to FOLLOWER at term 1 for recognizeCandidate:da6a9e9a-35dc-4ac4-b4cf-445d85f2fed3
2019-08-29 08:15:13,042 [grpc-default-executor-8] INFO  impl.RoleInfo (RoleInfo.java:shutdownFollowerState(121)) - 87fe3654-6652-4f59-8ff1-d7298e00de43: shutdown FollowerState
2019-08-29 08:15:13,042 [grpc-default-executor-8] INFO  impl.RoleInfo (RoleInfo.java:updateAndGet(143)) - 87fe3654-6652-4f59-8ff1-d7298e00de43: start FollowerState
2019-08-29 08:15:13,042 [Thread-4503] INFO  impl.FollowerState (FollowerState.java:run(114)) - 87fe3654-6652-4f59-8ff1-d7298e00de43: FollowerState was interrupted: java.lang.InterruptedException: sleep interrupted
2019-08-29 08:15:13,044 [da6a9e9a-35dc-4ac4-b4cf-445d85f2fed3:group-67A33F45194A:LeaderElection106] INFO  impl.LeaderElection (LeaderElection.java:askForVotes(181)) - da6a9e9a-35dc-4ac4-b4cf-445d85f2fed3:group-67A33F45194A:LeaderElection106: begin an election at term 1 for -1: [da6a9e9a-35dc-4ac4-b4cf-445d85f2fed3:192.168.69.111:39023], old=null
2019-08-29 08:15:13,046 [da6a9e9a-35dc-4ac4-b4cf-445d85f2fed3:group-67A33F45194A:LeaderElection106] INFO  impl.RoleInfo (RoleInfo.java:shutdownLeaderElection(134)) - da6a9e9a-35dc-4ac4-b4cf-445d85f2fed3: shutdown LeaderElection
2019-08-29 08:15:13,046 [da6a9e9a-35dc-4ac4-b4cf-445d85f2fed3:group-67A33F45194A:LeaderElection106] INFO  impl.RaftServerImpl (RaftServerImpl.java:setRole(171)) - da6a9e9a-35dc-4ac4-b4cf-445d85f2fed3:group-67A33F45194A changes role from CANDIDATE to LEADER at term 1 for changeToLeader
2019-08-29 08:15:13,046 [da6a9e9a-35dc-4ac4-b4cf-445d85f2fed3:group-67A33F45194A:LeaderElection106] INFO  impl.RaftServerImpl (ServerState.java:setLeader(263)) - da6a9e9a-35dc-4ac4-b4cf-445d85f2fed3:group-67A33F45194A change Leader from null to da6a9e9a-35dc-4ac4-b4cf-445d85f2fed3 at term 1 for becomeLeader, leader elected after 5188ms
2019-08-29 08:15:13,047 [da6a9e9a-35dc-4ac4-b4cf-445d85f2fed3:group-67A33F45194A:LeaderElection106] INFO  server.RaftServerConfigKeys (ConfUtils.java:logGet(43)) - raft.server.staging.catchup.gap = 1000 (default)
2019-08-29 08:15:13,047 [da6a9e9a-35dc-4ac4-b4cf-445d85f2fed3:group-67A33F45194A:LeaderElection106] INFO  server.RaftServerConfigKeys (ConfUtils.java:logGet(43)) - raft.server.rpc.sleep.time = 25ms (default)
2019-08-29 08:15:13,048 [da6a9e9a-35dc-4ac4-b4cf-445d85f2fed3:group-67A33F45194A:LeaderElection106] INFO  server.RaftServerConfigKeys (ConfUtils.java:logGet(43)) - raft.server.write.element-limit = 4096 (default)
2019-08-29 08:15:13,048 [da6a9e9a-35dc-4ac4-b4cf-445d85f2fed3:group-67A33F45194A:LeaderElection106] INFO  server.RaftServerConfigKeys (ConfUtils.java:logGet(43)) - raft.server.watch.timeout = 10s (default)
2019-08-29 08:15:13,048 [da6a9e9a-35dc-4ac4-b4cf-445d85f2fed3:group-67A33F45194A:LeaderElection106] INFO  server.RaftServerConfigKeys (ConfUtils.java:logGet(43)) - raft.server.watch.timeout.denomination = 1s (default)
2019-08-29 08:15:13,048 [da6a9e9a-35dc-4ac4-b4cf-445d85f2fed3:group-67A33F45194A:LeaderElection106] INFO  server.RaftServerConfigKeys (ConfUtils.java:logGet(43)) - raft.server.watch.element-limit = 65536 (default)
2019-08-29 08:15:13,048 [da6a9e9a-35dc-4ac4-b4cf-445d85f2fed3:group-67A33F45194A:LeaderElection106] INFO  impl.RoleInfo (RoleInfo.java:updateAndGet(143)) - da6a9e9a-35dc-4ac4-b4cf-445d85f2fed3: start LeaderState
2019-08-29 08:15:13,048 [da6a9e9a-35dc-4ac4-b4cf-445d85f2fed3:group-67A33F45194A:LeaderElection106] INFO  segmented.SegmentedRaftLogWorker (SegmentedRaftLogWorker.java:startLogSegment(380)) - da6a9e9a-35dc-4ac4-b4cf-445d85f2fed3-SegmentedRaftLogWorker:Storage Directory /workdir/hadoop-ozone/integration-test/target/test-dir/MiniOzoneClusterImpl-96c7e6f6-22fe-4395-a836-98ece8aa1bde/datanode-2/data/ratis/a6e5001b-b349-429f-8ae8-67a33f45194a: Starting segment from index:0
2019-08-29 08:15:13,049 [da6a9e9a-35dc-4ac4-b4cf-445d85f2fed3:group-67A33F45194A:LeaderElection106] INFO  impl.RaftServerImpl (ServerState.java:setRaftConf(361)) - da6a9e9a-35dc-4ac4-b4cf-445d85f2fed3:group-67A33F45194A set configuration 0: [da6a9e9a-35dc-4ac4-b4cf-445d85f2fed3:192.168.69.111:39023], old=null at 0
2019-08-29 08:15:13,077 [da6a9e9a-35dc-4ac4-b4cf-445d85f2fed3:group-B6F78C66E0B0:LeaderElection105] INFO  impl.LeaderElection (LeaderElection.java:logAndReturn(56)) - da6a9e9a-35dc-4ac4-b4cf-445d85f2fed3:group-B6F78C66E0B0:LeaderElection105: Election PASSED; received 2 response(s) [da6a9e9a-35dc-4ac4-b4cf-445d85f2fed3<-816deff1-51bb-41e0-81da-cb008c3f276b#0:FAIL-t1, da6a9e9a-35dc-4ac4-b4cf-445d85f2fed3<-87fe3654-6652-4f59-8ff1-d7298e00de43#0:OK-t1] and 0 exception(s); da6a9e9a-35dc-4ac4-b4cf-445d85f2fed3:t1, leader=null, voted=da6a9e9a-35dc-4ac4-b4cf-445d85f2fed3, raftlog=da6a9e9a-35dc-4ac4-b4cf-445d85f2fed3-SegmentedRaftLog:OPENED:c-1,f-1,i0, conf=-1: [816deff1-51bb-41e0-81da-cb008c3f276b:192.168.69.111:43317, 87fe3654-6652-4f59-8ff1-d7298e00de43:192.168.69.111:41259, da6a9e9a-35dc-4ac4-b4cf-445d85f2fed3:192.168.69.111:39023], old=null
2019-08-29 08:15:13,077 [816deff1-51bb-41e0-81da-cb008c3f276b:group-B6F78C66E0B0:LeaderElection104] INFO  impl.LeaderElection (LeaderElection.java:logAndReturn(56)) - 816deff1-51bb-41e0-81da-cb008c3f276b:group-B6F78C66E0B0:LeaderElection104: Election REJECTED; received 2 response(s) [816deff1-51bb-41e0-81da-cb008c3f276b<-87fe3654-6652-4f59-8ff1-d7298e00de43#0:FAIL-t1, 816deff1-51bb-41e0-81da-cb008c3f276b<-da6a9e9a-35dc-4ac4-b4cf-445d85f2fed3#0:FAIL-t1] and 0 exception(s); 816deff1-51bb-41e0-81da-cb008c3f276b:t1, leader=null, voted=816deff1-51bb-41e0-81da-cb008c3f276b, raftlog=816deff1-51bb-41e0-81da-cb008c3f276b-SegmentedRaftLog:OPENED:c-1,f-1,i0, conf=-1: [816deff1-51bb-41e0-81da-cb008c3f276b:192.168.69.111:43317, 87fe3654-6652-4f59-8ff1-d7298e00de43:192.168.69.111:41259, da6a9e9a-35dc-4ac4-b4cf-445d85f2fed3:192.168.69.111:39023], old=null
2019-08-29 08:15:13,077 [da6a9e9a-35dc-4ac4-b4cf-445d85f2fed3:group-B6F78C66E0B0:LeaderElection105] INFO  impl.RoleInfo (RoleInfo.java:shutdownLeaderElection(134)) - da6a9e9a-35dc-4ac4-b4cf-445d85f2fed3: shutdown LeaderElection
2019-08-29 08:15:13,077 [816deff1-51bb-41e0-81da-cb008c3f276b:group-B6F78C66E0B0:LeaderElection104] INFO  impl.RaftServerImpl (RaftServerImpl.java:setRole(171)) - 816deff1-51bb-41e0-81da-cb008c3f276b:group-B6F78C66E0B0 changes role from CANDIDATE to FOLLOWER at term 1 for DISCOVERED_A_NEW_TERM
2019-08-29 08:15:13,078 [da6a9e9a-35dc-4ac4-b4cf-445d85f2fed3:group-B6F78C66E0B0:LeaderElection105] INFO  impl.RaftServerImpl (RaftServerImpl.java:setRole(171)) - da6a9e9a-35dc-4ac4-b4cf-445d85f2fed3:group-B6F78C66E0B0 changes role from CANDIDATE to LEADER at term 1 for changeToLeader
2019-08-29 08:15:13,078 [816deff1-51bb-41e0-81da-cb008c3f276b:group-B6F78C66E0B0:LeaderElection104] INFO  impl.RoleInfo (RoleInfo.java:shutdownLeaderElection(134)) - 816deff1-51bb-41e0-81da-cb008c3f276b: shutdown LeaderElection
2019-08-29 08:15:13,078 [da6a9e9a-35dc-4ac4-b4cf-445d85f2fed3:group-B6F78C66E0B0:LeaderElection105] INFO  impl.RaftServerImpl (ServerState.java:setLeader(263)) - da6a9e9a-35dc-4ac4-b4cf-445d85f2fed3:group-B6F78C66E0B0 change Leader from null to da6a9e9a-35dc-4ac4-b4cf-445d85f2fed3 at term 1 for becomeLeader, leader elected after 5160ms
2019-08-29 08:15:13,078 [816deff1-51bb-41e0-81da-cb008c3f276b:group-B6F78C66E0B0:LeaderElection104] INFO  impl.RoleInfo (RoleInfo.java:updateAndGet(143)) - 816deff1-51bb-41e0-81da-cb008c3f276b: start FollowerState
2019-08-29 08:15:13,078 [da6a9e9a-35dc-4ac4-b4cf-445d85f2fed3:group-B6F78C66E0B0:LeaderElection105] INFO  server.RaftServerConfigKeys (ConfUtils.java:logGet(43)) - raft.server.staging.catchup.gap = 1000 (default)
2019-08-29 08:15:13,078 [da6a9e9a-35dc-4ac4-b4cf-445d85f2fed3:group-B6F78C66E0B0:LeaderElection105] INFO  server.RaftServerConfigKeys (ConfUtils.java:logGet(43)) - raft.server.rpc.sleep.time = 25ms (default)
2019-08-29 08:15:13,078 [da6a9e9a-35dc-4ac4-b4cf-445d85f2fed3:group-B6F78C66E0B0:LeaderElection105] INFO  server.RaftServerConfigKeys (ConfUtils.java:logGet(43)) - raft.server.write.element-limit = 4096 (default)
2019-08-29 08:15:13,078 [da6a9e9a-35dc-4ac4-b4cf-445d85f2fed3:group-B6F78C66E0B0:LeaderElection105] INFO  server.RaftServerConfigKeys (ConfUtils.java:logGet(43)) - raft.server.watch.timeout = 10s (default)
2019-08-29 08:15:13,078 [da6a9e9a-35dc-4ac4-b4cf-445d85f2fed3:group-B6F78C66E0B0:LeaderElection105] INFO  server.RaftServerConfigKeys (ConfUtils.java:logGet(43)) - raft.server.watch.timeout.denomination = 1s (default)
2019-08-29 08:15:13,079 [da6a9e9a-35dc-4ac4-b4cf-445d85f2fed3:group-B6F78C66E0B0:LeaderElection105] INFO  server.RaftServerConfigKeys (ConfUtils.java:logGet(43)) - raft.server.watch.element-limit = 65536 (default)
2019-08-29 08:15:13,079 [da6a9e9a-35dc-4ac4-b4cf-445d85f2fed3:group-B6F78C66E0B0:LeaderElection105] INFO  server.RaftServerConfigKeys (ConfUtils.java:logGet(43)) - raft.server.log.appender.snapshot.chunk.size.max = 16MB (=16777216) (default)
2019-08-29 08:15:13,079 [da6a9e9a-35dc-4ac4-b4cf-445d85f2fed3:group-B6F78C66E0B0:LeaderElection105] INFO  server.RaftServerConfigKeys (ConfUtils.java:logGet(43)) - raft.server.log.appender.buffer.byte-limit = 33554432 (custom)
2019-08-29 08:15:13,079 [da6a9e9a-35dc-4ac4-b4cf-445d85f2fed3:group-B6F78C66E0B0:LeaderElection105] INFO  server.RaftServerConfigKeys (ConfUtils.java:logGet(43)) - raft.server.log.appender.buffer.element-limit = 1 (custom)
2019-08-29 08:15:13,079 [da6a9e9a-35dc-4ac4-b4cf-445d85f2fed3:group-B6F78C66E0B0:LeaderElection105] INFO  grpc.GrpcConfigKeys$Server (ConfUtils.java:logGet(43)) - raft.grpc.server.leader.outstanding.appends.max = 128 (default)
2019-08-29 08:15:13,079 [da6a9e9a-35dc-4ac4-b4cf-445d85f2fed3:group-B6F78C66E0B0:LeaderElection105] INFO  server.RaftServerConfigKeys (ConfUtils.java:logGet(43)) - raft.server.rpc.request.timeout = 3000ms (default)
2019-08-29 08:15:13,079 [da6a9e9a-35dc-4ac4-b4cf-445d85f2fed3:group-B6F78C66E0B0:LeaderElection105] INFO  server.RaftServerConfigKeys (ConfUtils.java:logGet(43)) - raft.server.log.appender.install.snapshot.enabled = false (custom)
2019-08-29 08:15:13,080 [da6a9e9a-35dc-4ac4-b4cf-445d85f2fed3:group-B6F78C66E0B0:LeaderElection105] INFO  server.RaftServerConfigKeys (ConfUtils.java:logGet(43)) - raft.server.log.appender.snapshot.chunk.size.max = 16MB (=16777216) (default)
2019-08-29 08:15:13,080 [da6a9e9a-35dc-4ac4-b4cf-445d85f2fed3:group-B6F78C66E0B0:LeaderElection105] INFO  server.RaftServerConfigKeys (ConfUtils.java:logGet(43)) - raft.server.log.appender.buffer.byte-limit = 33554432 (custom)
2019-08-29 08:15:13,080 [da6a9e9a-35dc-4ac4-b4cf-445d85f2fed3:group-B6F78C66E0B0:LeaderElection105] INFO  server.RaftServerConfigKeys (ConfUtils.java:logGet(43)) - raft.server.log.appender.buffer.element-limit = 1 (custom)
2019-08-29 08:15:13,080 [da6a9e9a-35dc-4ac4-b4cf-445d85f2fed3:group-B6F78C66E0B0:LeaderElection105] INFO  grpc.GrpcConfigKeys$Server (ConfUtils.java:logGet(43)) - raft.grpc.server.leader.outstanding.appends.max = 128 (default)
2019-08-29 08:15:13,080 [da6a9e9a-35dc-4ac4-b4cf-445d85f2fed3:group-B6F78C66E0B0:LeaderElection105] INFO  server.RaftServerConfigKeys (ConfUtils.java:logGet(43)) - raft.server.rpc.request.timeout = 3000ms (default)
2019-08-29 08:15:13,080 [da6a9e9a-35dc-4ac4-b4cf-445d85f2fed3:group-B6F78C66E0B0:LeaderElection105] INFO  server.RaftServerConfigKeys (ConfUtils.java:logGet(43)) - raft.server.log.appender.install.snapshot.enabled = false (custom)
2019-08-29 08:15:13,080 [da6a9e9a-35dc-4ac4-b4cf-445d85f2fed3:group-B6F78C66E0B0:LeaderElection105] INFO  impl.RoleInfo (RoleInfo.java:updateAndGet(143)) - da6a9e9a-35dc-4ac4-b4cf-445d85f2fed3: start LeaderState
2019-08-29 08:15:13,080 [da6a9e9a-35dc-4ac4-b4cf-445d85f2fed3:group-B6F78C66E0B0:LeaderElection105] INFO  segmented.SegmentedRaftLogWorker (SegmentedRaftLogWorker.java:startLogSegment(380)) - da6a9e9a-35dc-4ac4-b4cf-445d85f2fed3-SegmentedRaftLogWorker:Storage Directory /workdir/hadoop-ozone/integration-test/target/test-dir/MiniOzoneClusterImpl-96c7e6f6-22fe-4395-a836-98ece8aa1bde/datanode-2/data/ratis/f222ff4b-adf9-43b9-abea-b6f78c66e0b0: Starting segment from index:0
2019-08-29 08:15:13,081 [da6a9e9a-35dc-4ac4-b4cf-445d85f2fed3:group-B6F78C66E0B0:LeaderElection105] INFO  impl.RaftServerImpl (ServerState.java:setRaftConf(361)) - da6a9e9a-35dc-4ac4-b4cf-445d85f2fed3:group-B6F78C66E0B0 set configuration 0: [816deff1-51bb-41e0-81da-cb008c3f276b:192.168.69.111:43317, 87fe3654-6652-4f59-8ff1-d7298e00de43:192.168.69.111:41259, da6a9e9a-35dc-4ac4-b4cf-445d85f2fed3:192.168.69.111:39023], old=null at 0
2019-08-29 08:15:13,082 [grpc-default-executor-8] INFO  impl.RaftServerImpl (ServerState.java:setLeader(263)) - 816deff1-51bb-41e0-81da-cb008c3f276b:group-B6F78C66E0B0 change Leader from null to da6a9e9a-35dc-4ac4-b4cf-445d85f2fed3 at term 1 for appendEntries, leader elected after 5164ms
2019-08-29 08:15:13,082 [grpc-default-executor-9] INFO  impl.RaftServerImpl (ServerState.java:setLeader(263)) - 87fe3654-6652-4f59-8ff1-d7298e00de43:group-B6F78C66E0B0 change Leader from null to da6a9e9a-35dc-4ac4-b4cf-445d85f2fed3 at term 1 for appendEntries, leader elected after 5164ms
2019-08-29 08:15:13,083 [grpc-default-executor-9] INFO  impl.RaftServerImpl (ServerState.java:setRaftConf(361)) - 816deff1-51bb-41e0-81da-cb008c3f276b:group-B6F78C66E0B0 set configuration 0: [816deff1-51bb-41e0-81da-cb008c3f276b:192.168.69.111:43317, 87fe3654-6652-4f59-8ff1-d7298e00de43:192.168.69.111:41259, da6a9e9a-35dc-4ac4-b4cf-445d85f2fed3:192.168.69.111:39023], old=null at 0
2019-08-29 08:15:13,084 [grpc-default-executor-8] INFO  impl.RaftServerImpl (ServerState.java:setRaftConf(361)) - 87fe3654-6652-4f59-8ff1-d7298e00de43:group-B6F78C66E0B0 set configuration 0: [816deff1-51bb-41e0-81da-cb008c3f276b:192.168.69.111:43317, 87fe3654-6652-4f59-8ff1-d7298e00de43:192.168.69.111:41259, da6a9e9a-35dc-4ac4-b4cf-445d85f2fed3:192.168.69.111:39023], old=null at 0
2019-08-29 08:15:13,084 [grpc-default-executor-9] INFO  segmented.SegmentedRaftLogWorker (SegmentedRaftLogWorker.java:startLogSegment(380)) - 816deff1-51bb-41e0-81da-cb008c3f276b-SegmentedRaftLogWorker:Storage Directory /workdir/hadoop-ozone/integration-test/target/test-dir/MiniOzoneClusterImpl-96c7e6f6-22fe-4395-a836-98ece8aa1bde/datanode-1/data/ratis/f222ff4b-adf9-43b9-abea-b6f78c66e0b0: Starting segment from index:0
2019-08-29 08:15:13,084 [grpc-default-executor-8] INFO  segmented.SegmentedRaftLogWorker (SegmentedRaftLogWorker.java:startLogSegment(380)) - 87fe3654-6652-4f59-8ff1-d7298e00de43-SegmentedRaftLogWorker:Storage Directory /workdir/hadoop-ozone/integration-test/target/test-dir/MiniOzoneClusterImpl-96c7e6f6-22fe-4395-a836-98ece8aa1bde/datanode-0/data/ratis/f222ff4b-adf9-43b9-abea-b6f78c66e0b0: Starting segment from index:0
2019-08-29 08:15:13,091 [da6a9e9a-35dc-4ac4-b4cf-445d85f2fed3-SegmentedRaftLogWorker:Storage Directory /workdir/hadoop-ozone/integration-test/target/test-dir/MiniOzoneClusterImpl-96c7e6f6-22fe-4395-a836-98ece8aa1bde/datanode-2/data/ratis/a6e5001b-b349-429f-8ae8-67a33f45194a] INFO  segmented.SegmentedRaftLogWorker (SegmentedRaftLogWorker.java:execute(569)) - da6a9e9a-35dc-4ac4-b4cf-445d85f2fed3-SegmentedRaftLogWorker:Storage Directory /workdir/hadoop-ozone/integration-test/target/test-dir/MiniOzoneClusterImpl-96c7e6f6-22fe-4395-a836-98ece8aa1bde/datanode-2/data/ratis/a6e5001b-b349-429f-8ae8-67a33f45194a: created new log segment /workdir/hadoop-ozone/integration-test/target/test-dir/MiniOzoneClusterImpl-96c7e6f6-22fe-4395-a836-98ece8aa1bde/datanode-2/data/ratis/a6e5001b-b349-429f-8ae8-67a33f45194a/current/log_inprogress_0
2019-08-29 08:15:13,130 [87fe3654-6652-4f59-8ff1-d7298e00de43-SegmentedRaftLogWorker:Storage Directory /workdir/hadoop-ozone/integration-test/target/test-dir/MiniOzoneClusterImpl-96c7e6f6-22fe-4395-a836-98ece8aa1bde/datanode-0/data/ratis/f222ff4b-adf9-43b9-abea-b6f78c66e0b0] INFO  segmented.SegmentedRaftLogWorker (SegmentedRaftLogWorker.java:execute(569)) - 87fe3654-6652-4f59-8ff1-d7298e00de43-SegmentedRaftLogWorker:Storage Directory /workdir/hadoop-ozone/integration-test/target/test-dir/MiniOzoneClusterImpl-96c7e6f6-22fe-4395-a836-98ece8aa1bde/datanode-0/data/ratis/f222ff4b-adf9-43b9-abea-b6f78c66e0b0: created new log segment /workdir/hadoop-ozone/integration-test/target/test-dir/MiniOzoneClusterImpl-96c7e6f6-22fe-4395-a836-98ece8aa1bde/datanode-0/data/ratis/f222ff4b-adf9-43b9-abea-b6f78c66e0b0/current/log_inprogress_0
2019-08-29 08:15:13,130 [816deff1-51bb-41e0-81da-cb008c3f276b-SegmentedRaftLogWorker:Storage Directory /workdir/hadoop-ozone/integration-test/target/test-dir/MiniOzoneClusterImpl-96c7e6f6-22fe-4395-a836-98ece8aa1bde/datanode-1/data/ratis/f222ff4b-adf9-43b9-abea-b6f78c66e0b0] INFO  segmented.SegmentedRaftLogWorker (SegmentedRaftLogWorker.java:execute(569)) - 816deff1-51bb-41e0-81da-cb008c3f276b-SegmentedRaftLogWorker:Storage Directory /workdir/hadoop-ozone/integration-test/target/test-dir/MiniOzoneClusterImpl-96c7e6f6-22fe-4395-a836-98ece8aa1bde/datanode-1/data/ratis/f222ff4b-adf9-43b9-abea-b6f78c66e0b0: created new log segment /workdir/hadoop-ozone/integration-test/target/test-dir/MiniOzoneClusterImpl-96c7e6f6-22fe-4395-a836-98ece8aa1bde/datanode-1/data/ratis/f222ff4b-adf9-43b9-abea-b6f78c66e0b0/current/log_inprogress_0
2019-08-29 08:15:13,130 [da6a9e9a-35dc-4ac4-b4cf-445d85f2fed3-SegmentedRaftLogWorker:Storage Directory /workdir/hadoop-ozone/integration-test/target/test-dir/MiniOzoneClusterImpl-96c7e6f6-22fe-4395-a836-98ece8aa1bde/datanode-2/data/ratis/f222ff4b-adf9-43b9-abea-b6f78c66e0b0] INFO  segmented.SegmentedRaftLogWorker (SegmentedRaftLogWorker.java:execute(569)) - da6a9e9a-35dc-4ac4-b4cf-445d85f2fed3-SegmentedRaftLogWorker:Storage Directory /workdir/hadoop-ozone/integration-test/target/test-dir/MiniOzoneClusterImpl-96c7e6f6-22fe-4395-a836-98ece8aa1bde/datanode-2/data/ratis/f222ff4b-adf9-43b9-abea-b6f78c66e0b0: created new log segment /workdir/hadoop-ozone/integration-test/target/test-dir/MiniOzoneClusterImpl-96c7e6f6-22fe-4395-a836-98ece8aa1bde/datanode-2/data/ratis/f222ff4b-adf9-43b9-abea-b6f78c66e0b0/current/log_inprogress_0
2019-08-29 08:15:13,193 [Thread-4507] INFO  impl.FollowerState (FollowerState.java:run(106)) - 41d88688-584e-4810-bfc2-66fe460cc9ab:group-E41C0A231384 changes to CANDIDATE, lastRpcTime:5116, electionTimeout:5116ms
2019-08-29 08:15:13,194 [Thread-4507] INFO  impl.RoleInfo (RoleInfo.java:shutdownFollowerState(121)) - 41d88688-584e-4810-bfc2-66fe460cc9ab: shutdown FollowerState
2019-08-29 08:15:13,194 [Thread-4507] INFO  impl.RaftServerImpl (RaftServerImpl.java:setRole(171)) - 41d88688-584e-4810-bfc2-66fe460cc9ab:group-E41C0A231384 changes role from FOLLOWER to CANDIDATE at term 0 for changeToCandidate
2019-08-29 08:15:13,194 [Thread-4507] INFO  impl.RoleInfo (RoleInfo.java:updateAndGet(143)) - 41d88688-584e-4810-bfc2-66fe460cc9ab: start LeaderElection
2019-08-29 08:15:13,234 [41d88688-584e-4810-bfc2-66fe460cc9ab:group-E41C0A231384:LeaderElection107] INFO  impl.LeaderElection (LeaderElection.java:askForVotes(181)) - 41d88688-584e-4810-bfc2-66fe460cc9ab:group-E41C0A231384:LeaderElection107: begin an election at term 1 for -1: [41d88688-584e-4810-bfc2-66fe460cc9ab:192.168.69.111:41360], old=null
2019-08-29 08:15:13,234 [41d88688-584e-4810-bfc2-66fe460cc9ab:group-E41C0A231384:LeaderElection107] INFO  impl.RoleInfo (RoleInfo.java:shutdownLeaderElection(134)) - 41d88688-584e-4810-bfc2-66fe460cc9ab: shutdown LeaderElection
2019-08-29 08:15:13,234 [41d88688-584e-4810-bfc2-66fe460cc9ab:group-E41C0A231384:LeaderElection107] INFO  impl.RaftServerImpl (RaftServerImpl.java:setRole(171)) - 41d88688-584e-4810-bfc2-66fe460cc9ab:group-E41C0A231384 changes role from CANDIDATE to LEADER at term 1 for changeToLeader
2019-08-29 08:15:13,234 [41d88688-584e-4810-bfc2-66fe460cc9ab:group-E41C0A231384:LeaderElection107] INFO  impl.RaftServerImpl (ServerState.java:setLeader(263)) - 41d88688-584e-4810-bfc2-66fe460cc9ab:group-E41C0A231384 change Leader from null to 41d88688-584e-4810-bfc2-66fe460cc9ab at term 1 for becomeLeader, leader elected after 5160ms
2019-08-29 08:15:13,234 [41d88688-584e-4810-bfc2-66fe460cc9ab:group-E41C0A231384:LeaderElection107] INFO  server.RaftServerConfigKeys (ConfUtils.java:logGet(43)) - raft.server.staging.catchup.gap = 1000 (default)
2019-08-29 08:15:13,234 [41d88688-584e-4810-bfc2-66fe460cc9ab:group-E41C0A231384:LeaderElection107] INFO  server.RaftServerConfigKeys (ConfUtils.java:logGet(43)) - raft.server.rpc.sleep.time = 25ms (default)
2019-08-29 08:15:13,235 [41d88688-584e-4810-bfc2-66fe460cc9ab:group-E41C0A231384:LeaderElection107] INFO  server.RaftServerConfigKeys (ConfUtils.java:logGet(43)) - raft.server.write.element-limit = 4096 (default)
2019-08-29 08:15:13,235 [41d88688-584e-4810-bfc2-66fe460cc9ab:group-E41C0A231384:LeaderElection107] INFO  server.RaftServerConfigKeys (ConfUtils.java:logGet(43)) - raft.server.watch.timeout = 10s (default)
2019-08-29 08:15:13,235 [41d88688-584e-4810-bfc2-66fe460cc9ab:group-E41C0A231384:LeaderElection107] INFO  server.RaftServerConfigKeys (ConfUtils.java:logGet(43)) - raft.server.watch.timeout.denomination = 1s (default)
2019-08-29 08:15:13,235 [41d88688-584e-4810-bfc2-66fe460cc9ab:group-E41C0A231384:LeaderElection107] INFO  server.RaftServerConfigKeys (ConfUtils.java:logGet(43)) - raft.server.watch.element-limit = 65536 (default)
2019-08-29 08:15:13,235 [41d88688-584e-4810-bfc2-66fe460cc9ab:group-E41C0A231384:LeaderElection107] INFO  impl.RoleInfo (RoleInfo.java:updateAndGet(143)) - 41d88688-584e-4810-bfc2-66fe460cc9ab: start LeaderState
2019-08-29 08:15:13,236 [41d88688-584e-4810-bfc2-66fe460cc9ab:group-E41C0A231384:LeaderElection107] INFO  segmented.SegmentedRaftLogWorker (SegmentedRaftLogWorker.java:startLogSegment(380)) - 41d88688-584e-4810-bfc2-66fe460cc9ab-SegmentedRaftLogWorker:Storage Directory /workdir/hadoop-ozone/integration-test/target/test-dir/MiniOzoneClusterImpl-96c7e6f6-22fe-4395-a836-98ece8aa1bde/datanode-3/data/ratis/c474a7ff-f101-4874-a4d2-e41c0a231384: Starting segment from index:0
2019-08-29 08:15:13,269 [41d88688-584e-4810-bfc2-66fe460cc9ab:group-E41C0A231384:LeaderElection107] INFO  impl.RaftServerImpl (ServerState.java:setRaftConf(361)) - 41d88688-584e-4810-bfc2-66fe460cc9ab:group-E41C0A231384 set configuration 0: [41d88688-584e-4810-bfc2-66fe460cc9ab:192.168.69.111:41360], old=null at 0
2019-08-29 08:15:13,308 [41d88688-584e-4810-bfc2-66fe460cc9ab-SegmentedRaftLogWorker:Storage Directory /workdir/hadoop-ozone/integration-test/target/test-dir/MiniOzoneClusterImpl-96c7e6f6-22fe-4395-a836-98ece8aa1bde/datanode-3/data/ratis/c474a7ff-f101-4874-a4d2-e41c0a231384] INFO  segmented.SegmentedRaftLogWorker (SegmentedRaftLogWorker.java:execute(569)) - 41d88688-584e-4810-bfc2-66fe460cc9ab-SegmentedRaftLogWorker:Storage Directory /workdir/hadoop-ozone/integration-test/target/test-dir/MiniOzoneClusterImpl-96c7e6f6-22fe-4395-a836-98ece8aa1bde/datanode-3/data/ratis/c474a7ff-f101-4874-a4d2-e41c0a231384: created new log segment /workdir/hadoop-ozone/integration-test/target/test-dir/MiniOzoneClusterImpl-96c7e6f6-22fe-4395-a836-98ece8aa1bde/datanode-3/data/ratis/c474a7ff-f101-4874-a4d2-e41c0a231384/current/log_inprogress_0
2019-08-29 08:15:13,371 | INFO  | SCMAudit | user=jenkins1000 | ip=192.168.69.111 | op=SEND_HEARTBEAT {datanodeUUID=87fe3654-6652-4f59-8ff1-d7298e00de43, command=[]} | ret=SUCCESS |  
2019-08-29 08:15:13,450 | INFO  | SCMAudit | user=jenkins1000 | ip=192.168.69.111 | op=SEND_HEARTBEAT {datanodeUUID=05afa806-2860-409e-9f8b-b58becb1998f, command=[]} | ret=SUCCESS |  
2019-08-29 08:15:13,573 [Thread-4510] INFO  impl.FollowerState (FollowerState.java:run(106)) - 05afa806-2860-409e-9f8b-b58becb1998f:group-AE9C3AF807B1 changes to CANDIDATE, lastRpcTime:5077, electionTimeout:5077ms
2019-08-29 08:15:13,573 [Thread-4510] INFO  impl.RoleInfo (RoleInfo.java:shutdownFollowerState(121)) - 05afa806-2860-409e-9f8b-b58becb1998f: shutdown FollowerState
2019-08-29 08:15:13,573 [Thread-4510] INFO  impl.RaftServerImpl (RaftServerImpl.java:setRole(171)) - 05afa806-2860-409e-9f8b-b58becb1998f:group-AE9C3AF807B1 changes role from FOLLOWER to CANDIDATE at term 0 for changeToCandidate
2019-08-29 08:15:13,574 [Thread-4510] INFO  impl.RoleInfo (RoleInfo.java:updateAndGet(143)) - 05afa806-2860-409e-9f8b-b58becb1998f: start LeaderElection
2019-08-29 08:15:13,587 | INFO  | SCMAudit | user=jenkins1000 | ip=192.168.69.111 | op=SEND_HEARTBEAT {datanodeUUID=816deff1-51bb-41e0-81da-cb008c3f276b, command=[]} | ret=SUCCESS |  
2019-08-29 08:15:13,627 [05afa806-2860-409e-9f8b-b58becb1998f:group-AE9C3AF807B1:LeaderElection108] INFO  impl.LeaderElection (LeaderElection.java:askForVotes(181)) - 05afa806-2860-409e-9f8b-b58becb1998f:group-AE9C3AF807B1:LeaderElection108: begin an election at term 1 for -1: [05afa806-2860-409e-9f8b-b58becb1998f:192.168.69.111:43872], old=null
2019-08-29 08:15:13,627 [05afa806-2860-409e-9f8b-b58becb1998f:group-AE9C3AF807B1:LeaderElection108] INFO  impl.RoleInfo (RoleInfo.java:shutdownLeaderElection(134)) - 05afa806-2860-409e-9f8b-b58becb1998f: shutdown LeaderElection
2019-08-29 08:15:13,627 [05afa806-2860-409e-9f8b-b58becb1998f:group-AE9C3AF807B1:LeaderElection108] INFO  impl.RaftServerImpl (RaftServerImpl.java:setRole(171)) - 05afa806-2860-409e-9f8b-b58becb1998f:group-AE9C3AF807B1 changes role from CANDIDATE to LEADER at term 1 for changeToLeader
2019-08-29 08:15:13,627 [05afa806-2860-409e-9f8b-b58becb1998f:group-AE9C3AF807B1:LeaderElection108] INFO  impl.RaftServerImpl (ServerState.java:setLeader(263)) - 05afa806-2860-409e-9f8b-b58becb1998f:group-AE9C3AF807B1 change Leader from null to 05afa806-2860-409e-9f8b-b58becb1998f at term 1 for becomeLeader, leader elected after 5134ms
2019-08-29 08:15:13,627 [05afa806-2860-409e-9f8b-b58becb1998f:group-AE9C3AF807B1:LeaderElection108] INFO  server.RaftServerConfigKeys (ConfUtils.java:logGet(43)) - raft.server.staging.catchup.gap = 1000 (default)
2019-08-29 08:15:13,628 [05afa806-2860-409e-9f8b-b58becb1998f:group-AE9C3AF807B1:LeaderElection108] INFO  server.RaftServerConfigKeys (ConfUtils.java:logGet(43)) - raft.server.rpc.sleep.time = 25ms (default)
2019-08-29 08:15:13,628 [05afa806-2860-409e-9f8b-b58becb1998f:group-AE9C3AF807B1:LeaderElection108] INFO  server.RaftServerConfigKeys (ConfUtils.java:logGet(43)) - raft.server.write.element-limit = 4096 (default)
2019-08-29 08:15:13,628 [05afa806-2860-409e-9f8b-b58becb1998f:group-AE9C3AF807B1:LeaderElection108] INFO  server.RaftServerConfigKeys (ConfUtils.java:logGet(43)) - raft.server.watch.timeout = 10s (default)
2019-08-29 08:15:13,628 [05afa806-2860-409e-9f8b-b58becb1998f:group-AE9C3AF807B1:LeaderElection108] INFO  server.RaftServerConfigKeys (ConfUtils.java:logGet(43)) - raft.server.watch.timeout.denomination = 1s (default)
2019-08-29 08:15:13,628 [05afa806-2860-409e-9f8b-b58becb1998f:group-AE9C3AF807B1:LeaderElection108] INFO  server.RaftServerConfigKeys (ConfUtils.java:logGet(43)) - raft.server.watch.element-limit = 65536 (default)
2019-08-29 08:15:13,628 [05afa806-2860-409e-9f8b-b58becb1998f:group-AE9C3AF807B1:LeaderElection108] INFO  impl.RoleInfo (RoleInfo.java:updateAndGet(143)) - 05afa806-2860-409e-9f8b-b58becb1998f: start LeaderState
2019-08-29 08:15:13,628 [05afa806-2860-409e-9f8b-b58becb1998f:group-AE9C3AF807B1:LeaderElection108] INFO  segmented.SegmentedRaftLogWorker (SegmentedRaftLogWorker.java:startLogSegment(380)) - 05afa806-2860-409e-9f8b-b58becb1998f-SegmentedRaftLogWorker:Storage Directory /workdir/hadoop-ozone/integration-test/target/test-dir/MiniOzoneClusterImpl-96c7e6f6-22fe-4395-a836-98ece8aa1bde/datanode-4/data/ratis/f80794ce-09fc-47f1-a897-ae9c3af807b1: Starting segment from index:0
2019-08-29 08:15:13,629 [05afa806-2860-409e-9f8b-b58becb1998f:group-AE9C3AF807B1:LeaderElection108] INFO  impl.RaftServerImpl (ServerState.java:setRaftConf(361)) - 05afa806-2860-409e-9f8b-b58becb1998f:group-AE9C3AF807B1 set configuration 0: [05afa806-2860-409e-9f8b-b58becb1998f:192.168.69.111:43872], old=null at 0
2019-08-29 08:15:13,666 | INFO  | SCMAudit | user=jenkins1000 | ip=192.168.69.111 | op=SEND_HEARTBEAT {datanodeUUID=d7d16497-a2ba-406b-855b-2487a72c7d49, command=[]} | ret=SUCCESS |  
2019-08-29 08:15:13,694 [05afa806-2860-409e-9f8b-b58becb1998f-SegmentedRaftLogWorker:Storage Directory /workdir/hadoop-ozone/integration-test/target/test-dir/MiniOzoneClusterImpl-96c7e6f6-22fe-4395-a836-98ece8aa1bde/datanode-4/data/ratis/f80794ce-09fc-47f1-a897-ae9c3af807b1] INFO  segmented.SegmentedRaftLogWorker (SegmentedRaftLogWorker.java:execute(569)) - 05afa806-2860-409e-9f8b-b58becb1998f-SegmentedRaftLogWorker:Storage Directory /workdir/hadoop-ozone/integration-test/target/test-dir/MiniOzoneClusterImpl-96c7e6f6-22fe-4395-a836-98ece8aa1bde/datanode-4/data/ratis/f80794ce-09fc-47f1-a897-ae9c3af807b1: created new log segment /workdir/hadoop-ozone/integration-test/target/test-dir/MiniOzoneClusterImpl-96c7e6f6-22fe-4395-a836-98ece8aa1bde/datanode-4/data/ratis/f80794ce-09fc-47f1-a897-ae9c3af807b1/current/log_inprogress_0
2019-08-29 08:15:13,743 [Thread-4513] INFO  impl.FollowerState (FollowerState.java:run(106)) - d7d16497-a2ba-406b-855b-2487a72c7d49:group-7AFA96D24533 changes to CANDIDATE, lastRpcTime:5052, electionTimeout:5052ms
2019-08-29 08:15:13,744 [Thread-4513] INFO  impl.RoleInfo (RoleInfo.java:shutdownFollowerState(121)) - d7d16497-a2ba-406b-855b-2487a72c7d49: shutdown FollowerState
2019-08-29 08:15:13,744 [Thread-4513] INFO  impl.RaftServerImpl (RaftServerImpl.java:setRole(171)) - d7d16497-a2ba-406b-855b-2487a72c7d49:group-7AFA96D24533 changes role from FOLLOWER to CANDIDATE at term 0 for changeToCandidate
2019-08-29 08:15:13,744 [Thread-4513] INFO  impl.RoleInfo (RoleInfo.java:updateAndGet(143)) - d7d16497-a2ba-406b-855b-2487a72c7d49: start LeaderElection
2019-08-29 08:15:13,782 [d7d16497-a2ba-406b-855b-2487a72c7d49:group-7AFA96D24533:LeaderElection109] INFO  impl.LeaderElection (LeaderElection.java:askForVotes(181)) - d7d16497-a2ba-406b-855b-2487a72c7d49:group-7AFA96D24533:LeaderElection109: begin an election at term 1 for -1: [d7d16497-a2ba-406b-855b-2487a72c7d49:192.168.69.111:37160], old=null
2019-08-29 08:15:13,782 [d7d16497-a2ba-406b-855b-2487a72c7d49:group-7AFA96D24533:LeaderElection109] INFO  impl.RoleInfo (RoleInfo.java:shutdownLeaderElection(134)) - d7d16497-a2ba-406b-855b-2487a72c7d49: shutdown LeaderElection
2019-08-29 08:15:13,783 [d7d16497-a2ba-406b-855b-2487a72c7d49:group-7AFA96D24533:LeaderElection109] INFO  impl.RaftServerImpl (RaftServerImpl.java:setRole(171)) - d7d16497-a2ba-406b-855b-2487a72c7d49:group-7AFA96D24533 changes role from CANDIDATE to LEADER at term 1 for changeToLeader
2019-08-29 08:15:13,783 [d7d16497-a2ba-406b-855b-2487a72c7d49:group-7AFA96D24533:LeaderElection109] INFO  impl.RaftServerImpl (ServerState.java:setLeader(263)) - d7d16497-a2ba-406b-855b-2487a72c7d49:group-7AFA96D24533 change Leader from null to d7d16497-a2ba-406b-855b-2487a72c7d49 at term 1 for becomeLeader, leader elected after 5095ms
2019-08-29 08:15:13,783 [d7d16497-a2ba-406b-855b-2487a72c7d49:group-7AFA96D24533:LeaderElection109] INFO  server.RaftServerConfigKeys (ConfUtils.java:logGet(43)) - raft.server.staging.catchup.gap = 1000 (default)
2019-08-29 08:15:13,783 [d7d16497-a2ba-406b-855b-2487a72c7d49:group-7AFA96D24533:LeaderElection109] INFO  server.RaftServerConfigKeys (ConfUtils.java:logGet(43)) - raft.server.rpc.sleep.time = 25ms (default)
2019-08-29 08:15:13,783 [d7d16497-a2ba-406b-855b-2487a72c7d49:group-7AFA96D24533:LeaderElection109] INFO  server.RaftServerConfigKeys (ConfUtils.java:logGet(43)) - raft.server.write.element-limit = 4096 (default)
2019-08-29 08:15:13,783 [d7d16497-a2ba-406b-855b-2487a72c7d49:group-7AFA96D24533:LeaderElection109] INFO  server.RaftServerConfigKeys (ConfUtils.java:logGet(43)) - raft.server.watch.timeout = 10s (default)
2019-08-29 08:15:13,783 [d7d16497-a2ba-406b-855b-2487a72c7d49:group-7AFA96D24533:LeaderElection109] INFO  server.RaftServerConfigKeys (ConfUtils.java:logGet(43)) - raft.server.watch.timeout.denomination = 1s (default)
2019-08-29 08:15:13,784 [d7d16497-a2ba-406b-855b-2487a72c7d49:group-7AFA96D24533:LeaderElection109] INFO  server.RaftServerConfigKeys (ConfUtils.java:logGet(43)) - raft.server.watch.element-limit = 65536 (default)
2019-08-29 08:15:13,784 [d7d16497-a2ba-406b-855b-2487a72c7d49:group-7AFA96D24533:LeaderElection109] INFO  impl.RoleInfo (RoleInfo.java:updateAndGet(143)) - d7d16497-a2ba-406b-855b-2487a72c7d49: start LeaderState
2019-08-29 08:15:13,784 [d7d16497-a2ba-406b-855b-2487a72c7d49:group-7AFA96D24533:LeaderElection109] INFO  segmented.SegmentedRaftLogWorker (SegmentedRaftLogWorker.java:startLogSegment(380)) - d7d16497-a2ba-406b-855b-2487a72c7d49-SegmentedRaftLogWorker:Storage Directory /workdir/hadoop-ozone/integration-test/target/test-dir/MiniOzoneClusterImpl-96c7e6f6-22fe-4395-a836-98ece8aa1bde/datanode-5/data/ratis/336a0709-a331-41ed-8ca9-7afa96d24533: Starting segment from index:0
2019-08-29 08:15:13,784 [d7d16497-a2ba-406b-855b-2487a72c7d49:group-7AFA96D24533:LeaderElection109] INFO  impl.RaftServerImpl (ServerState.java:setRaftConf(361)) - d7d16497-a2ba-406b-855b-2487a72c7d49:group-7AFA96D24533 set configuration 0: [d7d16497-a2ba-406b-855b-2487a72c7d49:192.168.69.111:37160], old=null at 0
2019-08-29 08:15:13,824 | INFO  | SCMAudit | user=jenkins1000 | ip=192.168.69.111 | op=SEND_HEARTBEAT {datanodeUUID=da6a9e9a-35dc-4ac4-b4cf-445d85f2fed3, command=[]} | ret=SUCCESS |  
2019-08-29 08:15:13,824 | INFO  | SCMAudit | user=jenkins1000 | ip=192.168.69.111 | op=SEND_HEARTBEAT {datanodeUUID=b26f7447-c8e5-423c-a9c9-ce802d0a7050, command=[]} | ret=SUCCESS |  
2019-08-29 08:15:13,844 [d7d16497-a2ba-406b-855b-2487a72c7d49-SegmentedRaftLogWorker:Storage Directory /workdir/hadoop-ozone/integration-test/target/test-dir/MiniOzoneClusterImpl-96c7e6f6-22fe-4395-a836-98ece8aa1bde/datanode-5/data/ratis/336a0709-a331-41ed-8ca9-7afa96d24533] INFO  segmented.SegmentedRaftLogWorker (SegmentedRaftLogWorker.java:execute(569)) - d7d16497-a2ba-406b-855b-2487a72c7d49-SegmentedRaftLogWorker:Storage Directory /workdir/hadoop-ozone/integration-test/target/test-dir/MiniOzoneClusterImpl-96c7e6f6-22fe-4395-a836-98ece8aa1bde/datanode-5/data/ratis/336a0709-a331-41ed-8ca9-7afa96d24533: created new log segment /workdir/hadoop-ozone/integration-test/target/test-dir/MiniOzoneClusterImpl-96c7e6f6-22fe-4395-a836-98ece8aa1bde/datanode-5/data/ratis/336a0709-a331-41ed-8ca9-7afa96d24533/current/log_inprogress_0
2019-08-29 08:15:13,862 [Thread-4525] INFO  impl.FollowerState (FollowerState.java:run(106)) - b26f7447-c8e5-423c-a9c9-ce802d0a7050:group-B4EB4BB1732A changes to CANDIDATE, lastRpcTime:5000, electionTimeout:5000ms
2019-08-29 08:15:13,862 [Thread-4525] INFO  impl.RoleInfo (RoleInfo.java:shutdownFollowerState(121)) - b26f7447-c8e5-423c-a9c9-ce802d0a7050: shutdown FollowerState
2019-08-29 08:15:13,862 [Thread-4525] INFO  impl.RaftServerImpl (RaftServerImpl.java:setRole(171)) - b26f7447-c8e5-423c-a9c9-ce802d0a7050:group-B4EB4BB1732A changes role from FOLLOWER to CANDIDATE at term 0 for changeToCandidate
2019-08-29 08:15:13,862 [Thread-4525] INFO  impl.RoleInfo (RoleInfo.java:updateAndGet(143)) - b26f7447-c8e5-423c-a9c9-ce802d0a7050: start LeaderElection
2019-08-29 08:15:13,867 [Thread-4521] INFO  impl.FollowerState (FollowerState.java:run(106)) - d7d16497-a2ba-406b-855b-2487a72c7d49:group-705F9EC88CD7 changes to CANDIDATE, lastRpcTime:5117, electionTimeout:5115ms
2019-08-29 08:15:13,868 [Thread-4521] INFO  impl.RoleInfo (RoleInfo.java:shutdownFollowerState(121)) - d7d16497-a2ba-406b-855b-2487a72c7d49: shutdown FollowerState
2019-08-29 08:15:13,868 [Thread-4521] INFO  impl.RaftServerImpl (RaftServerImpl.java:setRole(171)) - d7d16497-a2ba-406b-855b-2487a72c7d49:group-705F9EC88CD7 changes role from FOLLOWER to CANDIDATE at term 0 for changeToCandidate
2019-08-29 08:15:13,868 [Thread-4521] INFO  impl.RoleInfo (RoleInfo.java:updateAndGet(143)) - d7d16497-a2ba-406b-855b-2487a72c7d49: start LeaderElection
2019-08-29 08:15:13,894 [b26f7447-c8e5-423c-a9c9-ce802d0a7050:group-B4EB4BB1732A:LeaderElection110] INFO  impl.LeaderElection (LeaderElection.java:askForVotes(181)) - b26f7447-c8e5-423c-a9c9-ce802d0a7050:group-B4EB4BB1732A:LeaderElection110: begin an election at term 1 for -1: [b26f7447-c8e5-423c-a9c9-ce802d0a7050:192.168.69.111:46432], old=null
2019-08-29 08:15:13,894 [d7d16497-a2ba-406b-855b-2487a72c7d49:group-705F9EC88CD7:LeaderElection111] INFO  impl.LeaderElection (LeaderElection.java:askForVotes(181)) - d7d16497-a2ba-406b-855b-2487a72c7d49:group-705F9EC88CD7:LeaderElection111: begin an election at term 1 for -1: [41d88688-584e-4810-bfc2-66fe460cc9ab:192.168.69.111:41360, d7d16497-a2ba-406b-855b-2487a72c7d49:192.168.69.111:37160, 05afa806-2860-409e-9f8b-b58becb1998f:192.168.69.111:43872], old=null
2019-08-29 08:15:13,895 [b26f7447-c8e5-423c-a9c9-ce802d0a7050:group-B4EB4BB1732A:LeaderElection110] INFO  impl.RoleInfo (RoleInfo.java:shutdownLeaderElection(134)) - b26f7447-c8e5-423c-a9c9-ce802d0a7050: shutdown LeaderElection
2019-08-29 08:15:13,895 [b26f7447-c8e5-423c-a9c9-ce802d0a7050:group-B4EB4BB1732A:LeaderElection110] INFO  impl.RaftServerImpl (RaftServerImpl.java:setRole(171)) - b26f7447-c8e5-423c-a9c9-ce802d0a7050:group-B4EB4BB1732A changes role from CANDIDATE to LEADER at term 1 for changeToLeader
2019-08-29 08:15:13,895 [b26f7447-c8e5-423c-a9c9-ce802d0a7050:group-B4EB4BB1732A:LeaderElection110] INFO  impl.RaftServerImpl (ServerState.java:setLeader(263)) - b26f7447-c8e5-423c-a9c9-ce802d0a7050:group-B4EB4BB1732A change Leader from null to b26f7447-c8e5-423c-a9c9-ce802d0a7050 at term 1 for becomeLeader, leader elected after 5037ms
2019-08-29 08:15:13,895 [b26f7447-c8e5-423c-a9c9-ce802d0a7050:group-B4EB4BB1732A:LeaderElection110] INFO  server.RaftServerConfigKeys (ConfUtils.java:logGet(43)) - raft.server.staging.catchup.gap = 1000 (default)
2019-08-29 08:15:13,895 [b26f7447-c8e5-423c-a9c9-ce802d0a7050:group-B4EB4BB1732A:LeaderElection110] INFO  server.RaftServerConfigKeys (ConfUtils.java:logGet(43)) - raft.server.rpc.sleep.time = 25ms (default)
2019-08-29 08:15:13,896 [b26f7447-c8e5-423c-a9c9-ce802d0a7050:group-B4EB4BB1732A:LeaderElection110] INFO  server.RaftServerConfigKeys (ConfUtils.java:logGet(43)) - raft.server.write.element-limit = 4096 (default)
2019-08-29 08:15:13,896 [b26f7447-c8e5-423c-a9c9-ce802d0a7050:group-B4EB4BB1732A:LeaderElection110] INFO  server.RaftServerConfigKeys (ConfUtils.java:logGet(43)) - raft.server.watch.timeout = 10s (default)
2019-08-29 08:15:13,896 [b26f7447-c8e5-423c-a9c9-ce802d0a7050:group-B4EB4BB1732A:LeaderElection110] INFO  server.RaftServerConfigKeys (ConfUtils.java:logGet(43)) - raft.server.watch.timeout.denomination = 1s (default)
2019-08-29 08:15:13,896 [b26f7447-c8e5-423c-a9c9-ce802d0a7050:group-B4EB4BB1732A:LeaderElection110] INFO  server.RaftServerConfigKeys (ConfUtils.java:logGet(43)) - raft.server.watch.element-limit = 65536 (default)
2019-08-29 08:15:13,896 [b26f7447-c8e5-423c-a9c9-ce802d0a7050:group-B4EB4BB1732A:LeaderElection110] INFO  impl.RoleInfo (RoleInfo.java:updateAndGet(143)) - b26f7447-c8e5-423c-a9c9-ce802d0a7050: start LeaderState
2019-08-29 08:15:13,896 [b26f7447-c8e5-423c-a9c9-ce802d0a7050:group-B4EB4BB1732A:LeaderElection110] INFO  segmented.SegmentedRaftLogWorker (SegmentedRaftLogWorker.java:startLogSegment(380)) - b26f7447-c8e5-423c-a9c9-ce802d0a7050-SegmentedRaftLogWorker:Storage Directory /workdir/hadoop-ozone/integration-test/target/test-dir/MiniOzoneClusterImpl-96c7e6f6-22fe-4395-a836-98ece8aa1bde/datanode-6/data/ratis/0b3253fb-07d3-4461-b00e-b4eb4bb1732a: Starting segment from index:0
2019-08-29 08:15:13,897 [b26f7447-c8e5-423c-a9c9-ce802d0a7050:group-B4EB4BB1732A:LeaderElection110] INFO  impl.RaftServerImpl (ServerState.java:setRaftConf(361)) - b26f7447-c8e5-423c-a9c9-ce802d0a7050:group-B4EB4BB1732A set configuration 0: [b26f7447-c8e5-423c-a9c9-ce802d0a7050:192.168.69.111:46432], old=null at 0
2019-08-29 08:15:13,929 [Thread-4516] INFO  impl.FollowerState (FollowerState.java:run(106)) - 41d88688-584e-4810-bfc2-66fe460cc9ab:group-705F9EC88CD7 changes to CANDIDATE, lastRpcTime:5183, electionTimeout:5163ms
2019-08-29 08:15:13,929 [Thread-4516] INFO  impl.RoleInfo (RoleInfo.java:shutdownFollowerState(121)) - 41d88688-584e-4810-bfc2-66fe460cc9ab: shutdown FollowerState
2019-08-29 08:15:13,929 [Thread-4516] INFO  impl.RaftServerImpl (RaftServerImpl.java:setRole(171)) - 41d88688-584e-4810-bfc2-66fe460cc9ab:group-705F9EC88CD7 changes role from FOLLOWER to CANDIDATE at term 0 for changeToCandidate
2019-08-29 08:15:13,929 [Thread-4516] INFO  impl.RoleInfo (RoleInfo.java:updateAndGet(143)) - 41d88688-584e-4810-bfc2-66fe460cc9ab: start LeaderElection
2019-08-29 08:15:13,934 [grpc-default-executor-7] INFO  impl.RaftServerImpl (RaftServerImpl.java:setRole(171)) - 05afa806-2860-409e-9f8b-b58becb1998f:group-705F9EC88CD7 changes role from FOLLOWER to FOLLOWER at term 1 for recognizeCandidate:d7d16497-a2ba-406b-855b-2487a72c7d49
2019-08-29 08:15:13,934 [grpc-default-executor-7] INFO  impl.RoleInfo (RoleInfo.java:shutdownFollowerState(121)) - 05afa806-2860-409e-9f8b-b58becb1998f: shutdown FollowerState
2019-08-29 08:15:13,935 [grpc-default-executor-7] INFO  impl.RoleInfo (RoleInfo.java:updateAndGet(143)) - 05afa806-2860-409e-9f8b-b58becb1998f: start FollowerState
2019-08-29 08:15:13,935 [Thread-4520] INFO  impl.FollowerState (FollowerState.java:run(114)) - 05afa806-2860-409e-9f8b-b58becb1998f: FollowerState was interrupted: java.lang.InterruptedException: sleep interrupted
2019-08-29 08:15:13,942 [grpc-default-executor-8] INFO  client.GrpcClientProtocolClient (GrpcClientProtocolClient.java:onNext(255)) - client-4780AD1A3A95->87fe3654-6652-4f59-8ff1-d7298e00de43: receive RaftClientReply:client-4780AD1A3A95->87fe3654-6652-4f59-8ff1-d7298e00de43@group-B6F78C66E0B0, cid=245, FAILED org.apache.ratis.protocol.NotLeaderException: Server 87fe3654-6652-4f59-8ff1-d7298e00de43 is not the leader (da6a9e9a-35dc-4ac4-b4cf-445d85f2fed3:192.168.69.111:39023). Request must be sent to leader., logIndex=0, commits[87fe3654-6652-4f59-8ff1-d7298e00de43:c-1, 816deff1-51bb-41e0-81da-cb008c3f276b:c-1, da6a9e9a-35dc-4ac4-b4cf-445d85f2fed3:c-1]
2019-08-29 08:15:13,961 [b26f7447-c8e5-423c-a9c9-ce802d0a7050-SegmentedRaftLogWorker:Storage Directory /workdir/hadoop-ozone/integration-test/target/test-dir/MiniOzoneClusterImpl-96c7e6f6-22fe-4395-a836-98ece8aa1bde/datanode-6/data/ratis/0b3253fb-07d3-4461-b00e-b4eb4bb1732a] INFO  segmented.SegmentedRaftLogWorker (SegmentedRaftLogWorker.java:execute(569)) - b26f7447-c8e5-423c-a9c9-ce802d0a7050-SegmentedRaftLogWorker:Storage Directory /workdir/hadoop-ozone/integration-test/target/test-dir/MiniOzoneClusterImpl-96c7e6f6-22fe-4395-a836-98ece8aa1bde/datanode-6/data/ratis/0b3253fb-07d3-4461-b00e-b4eb4bb1732a: created new log segment /workdir/hadoop-ozone/integration-test/target/test-dir/MiniOzoneClusterImpl-96c7e6f6-22fe-4395-a836-98ece8aa1bde/datanode-6/data/ratis/0b3253fb-07d3-4461-b00e-b4eb4bb1732a/current/log_inprogress_0
2019-08-29 08:15:13,961 [41d88688-584e-4810-bfc2-66fe460cc9ab:group-705F9EC88CD7:LeaderElection112] INFO  impl.LeaderElection (LeaderElection.java:askForVotes(181)) - 41d88688-584e-4810-bfc2-66fe460cc9ab:group-705F9EC88CD7:LeaderElection112: begin an election at term 1 for -1: [41d88688-584e-4810-bfc2-66fe460cc9ab:192.168.69.111:41360, d7d16497-a2ba-406b-855b-2487a72c7d49:192.168.69.111:37160, 05afa806-2860-409e-9f8b-b58becb1998f:192.168.69.111:43872], old=null
2019-08-29 08:15:13,967 [d7d16497-a2ba-406b-855b-2487a72c7d49:group-705F9EC88CD7:LeaderElection111] INFO  impl.LeaderElection (LeaderElection.java:logAndReturn(56)) - d7d16497-a2ba-406b-855b-2487a72c7d49:group-705F9EC88CD7:LeaderElection111: Election PASSED; received 2 response(s) [d7d16497-a2ba-406b-855b-2487a72c7d49<-41d88688-584e-4810-bfc2-66fe460cc9ab#0:FAIL-t1, d7d16497-a2ba-406b-855b-2487a72c7d49<-05afa806-2860-409e-9f8b-b58becb1998f#0:OK-t1] and 0 exception(s); d7d16497-a2ba-406b-855b-2487a72c7d49:t1, leader=null, voted=d7d16497-a2ba-406b-855b-2487a72c7d49, raftlog=d7d16497-a2ba-406b-855b-2487a72c7d49-SegmentedRaftLog:OPENED:c-1,f-1,i0, conf=-1: [41d88688-584e-4810-bfc2-66fe460cc9ab:192.168.69.111:41360, d7d16497-a2ba-406b-855b-2487a72c7d49:192.168.69.111:37160, 05afa806-2860-409e-9f8b-b58becb1998f:192.168.69.111:43872], old=null
2019-08-29 08:15:13,967 [d7d16497-a2ba-406b-855b-2487a72c7d49:group-705F9EC88CD7:LeaderElection111] INFO  impl.RoleInfo (RoleInfo.java:shutdownLeaderElection(134)) - d7d16497-a2ba-406b-855b-2487a72c7d49: shutdown LeaderElection
2019-08-29 08:15:13,968 [d7d16497-a2ba-406b-855b-2487a72c7d49:group-705F9EC88CD7:LeaderElection111] INFO  impl.RaftServerImpl (RaftServerImpl.java:setRole(171)) - d7d16497-a2ba-406b-855b-2487a72c7d49:group-705F9EC88CD7 changes role from CANDIDATE to LEADER at term 1 for changeToLeader
2019-08-29 08:15:13,970 [d7d16497-a2ba-406b-855b-2487a72c7d49:group-705F9EC88CD7:LeaderElection111] INFO  impl.RaftServerImpl (ServerState.java:setLeader(263)) - d7d16497-a2ba-406b-855b-2487a72c7d49:group-705F9EC88CD7 change Leader from null to d7d16497-a2ba-406b-855b-2487a72c7d49 at term 1 for becomeLeader, leader elected after 5230ms
2019-08-29 08:15:13,970 [d7d16497-a2ba-406b-855b-2487a72c7d49:group-705F9EC88CD7:LeaderElection111] INFO  server.RaftServerConfigKeys (ConfUtils.java:logGet(43)) - raft.server.staging.catchup.gap = 1000 (default)
2019-08-29 08:15:13,970 [d7d16497-a2ba-406b-855b-2487a72c7d49:group-705F9EC88CD7:LeaderElection111] INFO  server.RaftServerConfigKeys (ConfUtils.java:logGet(43)) - raft.server.rpc.sleep.time = 25ms (default)
2019-08-29 08:15:13,971 [d7d16497-a2ba-406b-855b-2487a72c7d49:group-705F9EC88CD7:LeaderElection111] INFO  server.RaftServerConfigKeys (ConfUtils.java:logGet(43)) - raft.server.write.element-limit = 4096 (default)
2019-08-29 08:15:13,971 [d7d16497-a2ba-406b-855b-2487a72c7d49:group-705F9EC88CD7:LeaderElection111] INFO  server.RaftServerConfigKeys (ConfUtils.java:logGet(43)) - raft.server.watch.timeout = 10s (default)
2019-08-29 08:15:13,971 [d7d16497-a2ba-406b-855b-2487a72c7d49:group-705F9EC88CD7:LeaderElection111] INFO  server.RaftServerConfigKeys (ConfUtils.java:logGet(43)) - raft.server.watch.timeout.denomination = 1s (default)
2019-08-29 08:15:13,971 [d7d16497-a2ba-406b-855b-2487a72c7d49:group-705F9EC88CD7:LeaderElection111] INFO  server.RaftServerConfigKeys (ConfUtils.java:logGet(43)) - raft.server.watch.element-limit = 65536 (default)
2019-08-29 08:15:13,971 [d7d16497-a2ba-406b-855b-2487a72c7d49:group-705F9EC88CD7:LeaderElection111] INFO  server.RaftServerConfigKeys (ConfUtils.java:logGet(43)) - raft.server.log.appender.snapshot.chunk.size.max = 16MB (=16777216) (default)
2019-08-29 08:15:13,975 [d7d16497-a2ba-406b-855b-2487a72c7d49:group-705F9EC88CD7:LeaderElection111] INFO  server.RaftServerConfigKeys (ConfUtils.java:logGet(43)) - raft.server.log.appender.buffer.byte-limit = 33554432 (custom)
2019-08-29 08:15:13,975 [d7d16497-a2ba-406b-855b-2487a72c7d49:group-705F9EC88CD7:LeaderElection111] INFO  server.RaftServerConfigKeys (ConfUtils.java:logGet(43)) - raft.server.log.appender.buffer.element-limit = 1 (custom)
2019-08-29 08:15:13,978 [d7d16497-a2ba-406b-855b-2487a72c7d49:group-705F9EC88CD7:LeaderElection111] INFO  grpc.GrpcConfigKeys$Server (ConfUtils.java:logGet(43)) - raft.grpc.server.leader.outstanding.appends.max = 128 (default)
2019-08-29 08:15:13,978 [d7d16497-a2ba-406b-855b-2487a72c7d49:group-705F9EC88CD7:LeaderElection111] INFO  server.RaftServerConfigKeys (ConfUtils.java:logGet(43)) - raft.server.rpc.request.timeout = 3000ms (default)
2019-08-29 08:15:13,978 [d7d16497-a2ba-406b-855b-2487a72c7d49:group-705F9EC88CD7:LeaderElection111] INFO  server.RaftServerConfigKeys (ConfUtils.java:logGet(43)) - raft.server.log.appender.install.snapshot.enabled = false (custom)
2019-08-29 08:15:13,978 [d7d16497-a2ba-406b-855b-2487a72c7d49:group-705F9EC88CD7:LeaderElection111] INFO  server.RaftServerConfigKeys (ConfUtils.java:logGet(43)) - raft.server.log.appender.snapshot.chunk.size.max = 16MB (=16777216) (default)
2019-08-29 08:15:13,978 [d7d16497-a2ba-406b-855b-2487a72c7d49:group-705F9EC88CD7:LeaderElection111] INFO  server.RaftServerConfigKeys (ConfUtils.java:logGet(43)) - raft.server.log.appender.buffer.byte-limit = 33554432 (custom)
2019-08-29 08:15:13,978 [d7d16497-a2ba-406b-855b-2487a72c7d49:group-705F9EC88CD7:LeaderElection111] INFO  server.RaftServerConfigKeys (ConfUtils.java:logGet(43)) - raft.server.log.appender.buffer.element-limit = 1 (custom)
2019-08-29 08:15:13,978 [d7d16497-a2ba-406b-855b-2487a72c7d49:group-705F9EC88CD7:LeaderElection111] INFO  grpc.GrpcConfigKeys$Server (ConfUtils.java:logGet(43)) - raft.grpc.server.leader.outstanding.appends.max = 128 (default)
2019-08-29 08:15:13,979 [d7d16497-a2ba-406b-855b-2487a72c7d49:group-705F9EC88CD7:LeaderElection111] INFO  server.RaftServerConfigKeys (ConfUtils.java:logGet(43)) - raft.server.rpc.request.timeout = 3000ms (default)
2019-08-29 08:15:13,979 [d7d16497-a2ba-406b-855b-2487a72c7d49:group-705F9EC88CD7:LeaderElection111] INFO  server.RaftServerConfigKeys (ConfUtils.java:logGet(43)) - raft.server.log.appender.install.snapshot.enabled = false (custom)
2019-08-29 08:15:13,979 [d7d16497-a2ba-406b-855b-2487a72c7d49:group-705F9EC88CD7:LeaderElection111] INFO  impl.RoleInfo (RoleInfo.java:updateAndGet(143)) - d7d16497-a2ba-406b-855b-2487a72c7d49: start LeaderState
2019-08-29 08:15:13,979 [d7d16497-a2ba-406b-855b-2487a72c7d49:group-705F9EC88CD7:LeaderElection111] INFO  segmented.SegmentedRaftLogWorker (SegmentedRaftLogWorker.java:startLogSegment(380)) - d7d16497-a2ba-406b-855b-2487a72c7d49-SegmentedRaftLogWorker:Storage Directory /workdir/hadoop-ozone/integration-test/target/test-dir/MiniOzoneClusterImpl-96c7e6f6-22fe-4395-a836-98ece8aa1bde/datanode-5/data/ratis/ecd29f1d-72cc-4de6-b758-705f9ec88cd7: Starting segment from index:0
2019-08-29 08:15:13,980 [d7d16497-a2ba-406b-855b-2487a72c7d49:group-705F9EC88CD7:LeaderElection111] INFO  impl.RaftServerImpl (ServerState.java:setRaftConf(361)) - d7d16497-a2ba-406b-855b-2487a72c7d49:group-705F9EC88CD7 set configuration 0: [41d88688-584e-4810-bfc2-66fe460cc9ab:192.168.69.111:41360, d7d16497-a2ba-406b-855b-2487a72c7d49:192.168.69.111:37160, 05afa806-2860-409e-9f8b-b58becb1998f:192.168.69.111:43872], old=null at 0
2019-08-29 08:15:14,013 [grpc-default-executor-7] INFO  impl.RaftServerImpl (RaftServerImpl.java:requestVote(754)) - d7d16497-a2ba-406b-855b-2487a72c7d49-LEADER: Withhold vote from candidate 41d88688-584e-4810-bfc2-66fe460cc9ab with term 1. State: leader=d7d16497-a2ba-406b-855b-2487a72c7d49, term=1, lastRpcElapsed=null
2019-08-29 08:15:14,016 [grpc-default-executor-8] INFO  impl.RaftServerImpl (RaftServerImpl.java:setRole(171)) - 41d88688-584e-4810-bfc2-66fe460cc9ab:group-705F9EC88CD7 changes role from CANDIDATE to FOLLOWER at term 1 for appendEntries
2019-08-29 08:15:14,016 [grpc-default-executor-9] INFO  impl.RaftServerImpl (ServerState.java:setLeader(263)) - 05afa806-2860-409e-9f8b-b58becb1998f:group-705F9EC88CD7 change Leader from null to d7d16497-a2ba-406b-855b-2487a72c7d49 at term 1 for appendEntries, leader elected after 5276ms
2019-08-29 08:15:14,016 [grpc-default-executor-8] INFO  impl.RoleInfo (RoleInfo.java:shutdownLeaderElection(134)) - 41d88688-584e-4810-bfc2-66fe460cc9ab: shutdown LeaderElection
2019-08-29 08:15:14,016 [41d88688-584e-4810-bfc2-66fe460cc9ab:group-705F9EC88CD7:LeaderElection112] INFO  impl.LeaderElection (LeaderElection.java:logAndReturn(56)) - 41d88688-584e-4810-bfc2-66fe460cc9ab:group-705F9EC88CD7:LeaderElection112: Election REJECTED; received 2 response(s) [41d88688-584e-4810-bfc2-66fe460cc9ab<-d7d16497-a2ba-406b-855b-2487a72c7d49#0:FAIL-t1, 41d88688-584e-4810-bfc2-66fe460cc9ab<-05afa806-2860-409e-9f8b-b58becb1998f#0:FAIL-t1] and 0 exception(s); 41d88688-584e-4810-bfc2-66fe460cc9ab:t1, leader=null, voted=41d88688-584e-4810-bfc2-66fe460cc9ab, raftlog=41d88688-584e-4810-bfc2-66fe460cc9ab-SegmentedRaftLog:OPENED:c-1,f-1,i0, conf=-1: [41d88688-584e-4810-bfc2-66fe460cc9ab:192.168.69.111:41360, d7d16497-a2ba-406b-855b-2487a72c7d49:192.168.69.111:37160, 05afa806-2860-409e-9f8b-b58becb1998f:192.168.69.111:43872], old=null
2019-08-29 08:15:14,016 [grpc-default-executor-8] INFO  impl.RoleInfo (RoleInfo.java:updateAndGet(143)) - 41d88688-584e-4810-bfc2-66fe460cc9ab: start FollowerState
2019-08-29 08:15:14,017 [grpc-default-executor-8] INFO  impl.RaftServerImpl (ServerState.java:setLeader(263)) - 41d88688-584e-4810-bfc2-66fe460cc9ab:group-705F9EC88CD7 change Leader from null to d7d16497-a2ba-406b-855b-2487a72c7d49 at term 1 for appendEntries, leader elected after 5277ms
2019-08-29 08:15:14,018 [grpc-default-executor-8] INFO  impl.RaftServerImpl (ServerState.java:setRaftConf(361)) - 05afa806-2860-409e-9f8b-b58becb1998f:group-705F9EC88CD7 set configuration 0: [41d88688-584e-4810-bfc2-66fe460cc9ab:192.168.69.111:41360, d7d16497-a2ba-406b-855b-2487a72c7d49:192.168.69.111:37160, 05afa806-2860-409e-9f8b-b58becb1998f:192.168.69.111:43872], old=null at 0
2019-08-29 08:15:14,018 [grpc-default-executor-8] INFO  segmented.SegmentedRaftLogWorker (SegmentedRaftLogWorker.java:startLogSegment(380)) - 05afa806-2860-409e-9f8b-b58becb1998f-SegmentedRaftLogWorker:Storage Directory /workdir/hadoop-ozone/integration-test/target/test-dir/MiniOzoneClusterImpl-96c7e6f6-22fe-4395-a836-98ece8aa1bde/datanode-4/data/ratis/ecd29f1d-72cc-4de6-b758-705f9ec88cd7: Starting segment from index:0
2019-08-29 08:15:14,018 [grpc-default-executor-9] INFO  impl.RaftServerImpl (ServerState.java:setRaftConf(361)) - 41d88688-584e-4810-bfc2-66fe460cc9ab:group-705F9EC88CD7 set configuration 0: [41d88688-584e-4810-bfc2-66fe460cc9ab:192.168.69.111:41360, d7d16497-a2ba-406b-855b-2487a72c7d49:192.168.69.111:37160, 05afa806-2860-409e-9f8b-b58becb1998f:192.168.69.111:43872], old=null at 0
2019-08-29 08:15:14,018 [grpc-default-executor-9] INFO  segmented.SegmentedRaftLogWorker (SegmentedRaftLogWorker.java:startLogSegment(380)) - 41d88688-584e-4810-bfc2-66fe460cc9ab-SegmentedRaftLogWorker:Storage Directory /workdir/hadoop-ozone/integration-test/target/test-dir/MiniOzoneClusterImpl-96c7e6f6-22fe-4395-a836-98ece8aa1bde/datanode-3/data/ratis/ecd29f1d-72cc-4de6-b758-705f9ec88cd7: Starting segment from index:0
2019-08-29 08:15:14,023 | INFO  | SCMAudit | user=jenkins1000 | ip=192.168.69.111 | op=SEND_HEARTBEAT {datanodeUUID=41d88688-584e-4810-bfc2-66fe460cc9ab, command=[]} | ret=SUCCESS |  
2019-08-29 08:15:14,039 [d7d16497-a2ba-406b-855b-2487a72c7d49-SegmentedRaftLogWorker:Storage Directory /workdir/hadoop-ozone/integration-test/target/test-dir/MiniOzoneClusterImpl-96c7e6f6-22fe-4395-a836-98ece8aa1bde/datanode-5/data/ratis/ecd29f1d-72cc-4de6-b758-705f9ec88cd7] INFO  segmented.SegmentedRaftLogWorker (SegmentedRaftLogWorker.java:execute(569)) - d7d16497-a2ba-406b-855b-2487a72c7d49-SegmentedRaftLogWorker:Storage Directory /workdir/hadoop-ozone/integration-test/target/test-dir/MiniOzoneClusterImpl-96c7e6f6-22fe-4395-a836-98ece8aa1bde/datanode-5/data/ratis/ecd29f1d-72cc-4de6-b758-705f9ec88cd7: created new log segment /workdir/hadoop-ozone/integration-test/target/test-dir/MiniOzoneClusterImpl-96c7e6f6-22fe-4395-a836-98ece8aa1bde/datanode-5/data/ratis/ecd29f1d-72cc-4de6-b758-705f9ec88cd7/current/log_inprogress_0
2019-08-29 08:15:14,073 [05afa806-2860-409e-9f8b-b58becb1998f-SegmentedRaftLogWorker:Storage Directory /workdir/hadoop-ozone/integration-test/target/test-dir/MiniOzoneClusterImpl-96c7e6f6-22fe-4395-a836-98ece8aa1bde/datanode-4/data/ratis/ecd29f1d-72cc-4de6-b758-705f9ec88cd7] INFO  segmented.SegmentedRaftLogWorker (SegmentedRaftLogWorker.java:execute(569)) - 05afa806-2860-409e-9f8b-b58becb1998f-SegmentedRaftLogWorker:Storage Directory /workdir/hadoop-ozone/integration-test/target/test-dir/MiniOzoneClusterImpl-96c7e6f6-22fe-4395-a836-98ece8aa1bde/datanode-4/data/ratis/ecd29f1d-72cc-4de6-b758-705f9ec88cd7: created new log segment /workdir/hadoop-ozone/integration-test/target/test-dir/MiniOzoneClusterImpl-96c7e6f6-22fe-4395-a836-98ece8aa1bde/datanode-4/data/ratis/ecd29f1d-72cc-4de6-b758-705f9ec88cd7/current/log_inprogress_0
2019-08-29 08:15:14,073 [41d88688-584e-4810-bfc2-66fe460cc9ab-SegmentedRaftLogWorker:Storage Directory /workdir/hadoop-ozone/integration-test/target/test-dir/MiniOzoneClusterImpl-96c7e6f6-22fe-4395-a836-98ece8aa1bde/datanode-3/data/ratis/ecd29f1d-72cc-4de6-b758-705f9ec88cd7] INFO  segmented.SegmentedRaftLogWorker (SegmentedRaftLogWorker.java:execute(569)) - 41d88688-584e-4810-bfc2-66fe460cc9ab-SegmentedRaftLogWorker:Storage Directory /workdir/hadoop-ozone/integration-test/target/test-dir/MiniOzoneClusterImpl-96c7e6f6-22fe-4395-a836-98ece8aa1bde/datanode-3/data/ratis/ecd29f1d-72cc-4de6-b758-705f9ec88cd7: created new log segment /workdir/hadoop-ozone/integration-test/target/test-dir/MiniOzoneClusterImpl-96c7e6f6-22fe-4395-a836-98ece8aa1bde/datanode-3/data/ratis/ecd29f1d-72cc-4de6-b758-705f9ec88cd7/current/log_inprogress_0
2019-08-29 08:15:14,098 | INFO  | DNAudit | user=null | ip=null | op=WRITE_CHUNK {blockData=conID: 1 locID: 102699270790316052 bcsId: 0} | ret=SUCCESS |  
2019-08-29 08:15:14,098 | INFO  | DNAudit | user=null | ip=null | op=WRITE_CHUNK {blockData=conID: 1 locID: 102699270790316052 bcsId: 0} | ret=SUCCESS |  
2019-08-29 08:15:14,098 | INFO  | DNAudit | user=null | ip=null | op=WRITE_CHUNK {blockData=conID: 1 locID: 102699270790316052 bcsId: 0} | ret=SUCCESS |  
2019-08-29 08:15:14,098 | INFO  | SCMAudit | user=jenkins1000 | ip=192.168.69.111 | op=SEND_HEARTBEAT {datanodeUUID=da6a9e9a-35dc-4ac4-b4cf-445d85f2fed3, command=[]} | ret=SUCCESS |  
2019-08-29 08:15:14,098 | INFO  | SCMAudit | user=jenkins1000 | ip=192.168.69.111 | op=SEND_HEARTBEAT {datanodeUUID=87fe3654-6652-4f59-8ff1-d7298e00de43, command=[]} | ret=SUCCESS |  
2019-08-29 08:15:14,098 | INFO  | SCMAudit | user=jenkins1000 | ip=192.168.69.111 | op=SEND_HEARTBEAT {datanodeUUID=816deff1-51bb-41e0-81da-cb008c3f276b, command=[]} | ret=SUCCESS |  
2019-08-29 08:15:14,111 | INFO  | DNAudit | user=null | ip=null | op=WRITE_CHUNK {blockData=conID: 1 locID: 102699270790316052 bcsId: 0} | ret=SUCCESS |  
2019-08-29 08:15:14,116 [grpc-default-executor-9] INFO  client.GrpcClientProtocolClient (GrpcClientProtocolClient.java:onNext(255)) - client-4780AD1A3A95->da6a9e9a-35dc-4ac4-b4cf-445d85f2fed3: receive RaftClientReply:client-4780AD1A3A95->da6a9e9a-35dc-4ac4-b4cf-445d85f2fed3@group-B6F78C66E0B0, cid=245, SUCCESS, logIndex=1, commits[da6a9e9a-35dc-4ac4-b4cf-445d85f2fed3:c1, 816deff1-51bb-41e0-81da-cb008c3f276b:c0, 87fe3654-6652-4f59-8ff1-d7298e00de43:c0]
2019-08-29 08:15:14,120 | INFO  | DNAudit | user=null | ip=null | op=WRITE_CHUNK {blockData=conID: 1 locID: 102699270790316052 bcsId: 0} | ret=SUCCESS |  
2019-08-29 08:15:14,121 | INFO  | DNAudit | user=null | ip=null | op=WRITE_CHUNK {blockData=conID: 1 locID: 102699270790316052 bcsId: 0} | ret=SUCCESS |  
2019-08-29 08:15:14,121 | INFO  | DNAudit | user=null | ip=null | op=WRITE_CHUNK {blockData=conID: 1 locID: 102699270790316052 bcsId: 0} | ret=SUCCESS |  
2019-08-29 08:15:14,122 | INFO  | DNAudit | user=null | ip=null | op=WRITE_CHUNK {blockData=conID: 1 locID: 102699270790316052 bcsId: 0} | ret=SUCCESS |  
2019-08-29 08:15:14,122 | INFO  | DNAudit | user=null | ip=null | op=WRITE_CHUNK {blockData=conID: 1 locID: 102699270790316052 bcsId: 0} | ret=SUCCESS |  
2019-08-29 08:15:14,122 | INFO  | DNAudit | user=null | ip=null | op=WRITE_CHUNK {blockData=conID: 1 locID: 102699270790316052 bcsId: 0} | ret=SUCCESS |  
2019-08-29 08:15:14,122 | INFO  | DNAudit | user=null | ip=null | op=WRITE_CHUNK {blockData=conID: 1 locID: 102699270790316052 bcsId: 0} | ret=SUCCESS |  
2019-08-29 08:15:14,123 | INFO  | DNAudit | user=null | ip=null | op=WRITE_CHUNK {blockData=conID: 1 locID: 102699270790316052 bcsId: 0} | ret=SUCCESS |  
2019-08-29 08:15:14,123 | INFO  | DNAudit | user=null | ip=null | op=WRITE_CHUNK {blockData=conID: 1 locID: 102699270790316052 bcsId: 0} | ret=SUCCESS |  
2019-08-29 08:15:14,128 | INFO  | DNAudit | user=null | ip=null | op=WRITE_CHUNK {blockData=conID: 1 locID: 102699270790316052 bcsId: 0} | ret=SUCCESS |  
2019-08-29 08:15:14,128 | INFO  | DNAudit | user=null | ip=null | op=WRITE_CHUNK {blockData=conID: 1 locID: 102699270790316052 bcsId: 0} | ret=SUCCESS |  
2019-08-29 08:15:14,140 | INFO  | DNAudit | user=null | ip=null | op=WRITE_CHUNK {blockData=conID: 1 locID: 102699270790316052 bcsId: 0} | ret=SUCCESS |  
2019-08-29 08:15:14,144 [grpc-default-executor-9] INFO  client.GrpcClientProtocolClient (GrpcClientProtocolClient.java:onNext(255)) - client-4780AD1A3A95->da6a9e9a-35dc-4ac4-b4cf-445d85f2fed3: receive RaftClientReply:client-4780AD1A3A95->da6a9e9a-35dc-4ac4-b4cf-445d85f2fed3@group-B6F78C66E0B0, cid=246, SUCCESS, logIndex=3, commits[da6a9e9a-35dc-4ac4-b4cf-445d85f2fed3:c6, 816deff1-51bb-41e0-81da-cb008c3f276b:c1, 87fe3654-6652-4f59-8ff1-d7298e00de43:c1]
2019-08-29 08:15:14,151 | INFO  | DNAudit | user=null | ip=null | op=WRITE_CHUNK {blockData=conID: 1 locID: 102699270790316052 bcsId: 0} | ret=SUCCESS |  
2019-08-29 08:15:14,151 | INFO  | DNAudit | user=null | ip=null | op=WRITE_CHUNK {blockData=conID: 1 locID: 102699270790316052 bcsId: 0} | ret=SUCCESS |  
2019-08-29 08:15:14,177 | INFO  | DNAudit | user=null | ip=null | op=PUT_BLOCK {blockData=[blockId=conID: 1 locID: 102699270790316052 bcsId: 0,size=200]} | ret=SUCCESS |  
2019-08-29 08:15:14,178 | INFO  | DNAudit | user=null | ip=null | op=WRITE_CHUNK {blockData=conID: 1 locID: 102699270790316052 bcsId: 0} | ret=SUCCESS |  
2019-08-29 08:15:14,178 [grpc-default-executor-9] INFO  client.GrpcClientProtocolClient (GrpcClientProtocolClient.java:onNext(255)) - client-4780AD1A3A95->da6a9e9a-35dc-4ac4-b4cf-445d85f2fed3: receive RaftClientReply:client-4780AD1A3A95->da6a9e9a-35dc-4ac4-b4cf-445d85f2fed3@group-B6F78C66E0B0, cid=247, SUCCESS, logIndex=4, commits[da6a9e9a-35dc-4ac4-b4cf-445d85f2fed3:c11, 816deff1-51bb-41e0-81da-cb008c3f276b:c7, 87fe3654-6652-4f59-8ff1-d7298e00de43:c7]
2019-08-29 08:15:14,178 | INFO  | DNAudit | user=null | ip=null | op=WRITE_CHUNK {blockData=conID: 1 locID: 102699270790316052 bcsId: 0} | ret=SUCCESS |  
2019-08-29 08:15:14,178 [grpc-default-executor-9] INFO  client.GrpcClientProtocolClient (GrpcClientProtocolClient.java:onNext(255)) - client-4780AD1A3A95->da6a9e9a-35dc-4ac4-b4cf-445d85f2fed3: receive RaftClientReply:client-4780AD1A3A95->da6a9e9a-35dc-4ac4-b4cf-445d85f2fed3@group-B6F78C66E0B0, cid=248, SUCCESS, logIndex=5, commits[da6a9e9a-35dc-4ac4-b4cf-445d85f2fed3:c11, 816deff1-51bb-41e0-81da-cb008c3f276b:c7, 87fe3654-6652-4f59-8ff1-d7298e00de43:c7]
2019-08-29 08:15:14,179 [grpc-default-executor-9] INFO  client.GrpcClientProtocolClient (GrpcClientProtocolClient.java:onNext(255)) - client-4780AD1A3A95->da6a9e9a-35dc-4ac4-b4cf-445d85f2fed3: receive RaftClientReply:client-4780AD1A3A95->da6a9e9a-35dc-4ac4-b4cf-445d85f2fed3@group-B6F78C66E0B0, cid=249, SUCCESS, logIndex=6, commits[da6a9e9a-35dc-4ac4-b4cf-445d85f2fed3:c11, 816deff1-51bb-41e0-81da-cb008c3f276b:c7, 87fe3654-6652-4f59-8ff1-d7298e00de43:c7]
2019-08-29 08:15:14,270 | INFO  | DNAudit | user=null | ip=null | op=PUT_BLOCK {blockData=[blockId=conID: 1 locID: 102699270790316052 bcsId: 0,size=200]} | ret=SUCCESS |  
2019-08-29 08:15:14,271 | INFO  | DNAudit | user=null | ip=null | op=WRITE_CHUNK {blockData=conID: 1 locID: 102699270790316052 bcsId: 0} | ret=SUCCESS |  
2019-08-29 08:15:14,271 | INFO  | DNAudit | user=null | ip=null | op=WRITE_CHUNK {blockData=conID: 1 locID: 102699270790316052 bcsId: 0} | ret=SUCCESS |  
2019-08-29 08:15:14,376 | INFO  | DNAudit | user=null | ip=null | op=PUT_BLOCK {blockData=[blockId=conID: 1 locID: 102699270790316052 bcsId: 0,size=200]} | ret=SUCCESS |  
2019-08-29 08:15:14,376 | INFO  | DNAudit | user=null | ip=null | op=PUT_BLOCK {blockData=[blockId=conID: 1 locID: 102699270790316052 bcsId: 0,size=400]} | ret=SUCCESS |  
2019-08-29 08:15:14,376 | INFO  | DNAudit | user=null | ip=null | op=PUT_BLOCK {blockData=[blockId=conID: 1 locID: 102699270790316052 bcsId: 0,size=400]} | ret=SUCCESS |  
2019-08-29 08:15:14,377 | INFO  | DNAudit | user=null | ip=null | op=WRITE_CHUNK {blockData=conID: 1 locID: 102699270790316052 bcsId: 0} | ret=SUCCESS |  
2019-08-29 08:15:14,377 | INFO  | DNAudit | user=null | ip=null | op=WRITE_CHUNK {blockData=conID: 1 locID: 102699270790316052 bcsId: 0} | ret=SUCCESS |  
2019-08-29 08:15:14,383 [grpc-default-executor-9] INFO  client.GrpcClientProtocolClient (GrpcClientProtocolClient.java:onNext(255)) - client-4780AD1A3A95->da6a9e9a-35dc-4ac4-b4cf-445d85f2fed3: receive RaftClientReply:client-4780AD1A3A95->da6a9e9a-35dc-4ac4-b4cf-445d85f2fed3@group-B6F78C66E0B0, cid=250, SUCCESS, logIndex=7, commits[da6a9e9a-35dc-4ac4-b4cf-445d85f2fed3:c11, 816deff1-51bb-41e0-81da-cb008c3f276b:c7, 87fe3654-6652-4f59-8ff1-d7298e00de43:c7]
2019-08-29 08:15:14,383 | INFO  | DNAudit | user=null | ip=null | op=PUT_BLOCK {blockData=[blockId=conID: 1 locID: 102699270790316052 bcsId: 0,size=400]} | ret=SUCCESS |  
2019-08-29 08:15:14,386 | INFO  | DNAudit | user=null | ip=null | op=WRITE_CHUNK {blockData=conID: 1 locID: 102699270790316052 bcsId: 7} | ret=SUCCESS |  
2019-08-29 08:15:14,387 | INFO  | DNAudit | user=null | ip=null | op=WRITE_CHUNK {blockData=conID: 1 locID: 102699270790316052 bcsId: 7} | ret=SUCCESS |  
2019-08-29 08:15:14,387 | INFO  | DNAudit | user=null | ip=null | op=WRITE_CHUNK {blockData=conID: 1 locID: 102699270790316052 bcsId: 7} | ret=SUCCESS |  
2019-08-29 08:15:14,398 | INFO  | DNAudit | user=null | ip=null | op=WRITE_CHUNK {blockData=conID: 1 locID: 102699270790316052 bcsId: 7} | ret=SUCCESS |  
2019-08-29 08:15:14,399 [grpc-default-executor-7] INFO  client.GrpcClientProtocolClient (GrpcClientProtocolClient.java:onNext(255)) - client-4780AD1A3A95->da6a9e9a-35dc-4ac4-b4cf-445d85f2fed3: receive RaftClientReply:client-4780AD1A3A95->da6a9e9a-35dc-4ac4-b4cf-445d85f2fed3@group-B6F78C66E0B0, cid=251, SUCCESS, logIndex=12, commits[da6a9e9a-35dc-4ac4-b4cf-445d85f2fed3:c12, 816deff1-51bb-41e0-81da-cb008c3f276b:c11, 87fe3654-6652-4f59-8ff1-d7298e00de43:c11]
2019-08-29 08:15:14,402 | INFO  | DNAudit | user=null | ip=null | op=PUT_BLOCK {blockData=[blockId=conID: 1 locID: 102699270790316052 bcsId: 0,size=450]} | ret=SUCCESS |  
2019-08-29 08:15:14,404 [grpc-default-executor-7] INFO  client.GrpcClientProtocolClient (GrpcClientProtocolClient.java:onNext(255)) - client-4780AD1A3A95->da6a9e9a-35dc-4ac4-b4cf-445d85f2fed3: receive RaftClientReply:client-4780AD1A3A95->da6a9e9a-35dc-4ac4-b4cf-445d85f2fed3@group-B6F78C66E0B0, cid=252, SUCCESS, logIndex=13, commits[da6a9e9a-35dc-4ac4-b4cf-445d85f2fed3:c13, 816deff1-51bb-41e0-81da-cb008c3f276b:c11, 87fe3654-6652-4f59-8ff1-d7298e00de43:c11]
2019-08-29 08:15:14,407 | INFO  | DNAudit | user=null | ip=null | op=WRITE_CHUNK {blockData=conID: 1 locID: 102699270790316052 bcsId: 7} | ret=SUCCESS |  
2019-08-29 08:15:14,407 | INFO  | DNAudit | user=null | ip=null | op=WRITE_CHUNK {blockData=conID: 1 locID: 102699270790316052 bcsId: 7} | ret=SUCCESS |  
2019-08-29 08:15:14,450 | INFO  | SCMAudit | user=jenkins1000 | ip=192.168.69.111 | op=SEND_HEARTBEAT {datanodeUUID=05afa806-2860-409e-9f8b-b58becb1998f, command=[]} | ret=SUCCESS |  
2019-08-29 08:15:14,666 | INFO  | SCMAudit | user=jenkins1000 | ip=192.168.69.111 | op=SEND_HEARTBEAT {datanodeUUID=d7d16497-a2ba-406b-855b-2487a72c7d49, command=[]} | ret=SUCCESS |  
2019-08-29 08:15:14,824 | INFO  | SCMAudit | user=jenkins1000 | ip=192.168.69.111 | op=SEND_HEARTBEAT {datanodeUUID=b26f7447-c8e5-423c-a9c9-ce802d0a7050, command=[]} | ret=SUCCESS |  
2019-08-29 08:15:15,023 | INFO  | SCMAudit | user=jenkins1000 | ip=192.168.69.111 | op=SEND_HEARTBEAT {datanodeUUID=41d88688-584e-4810-bfc2-66fe460cc9ab, command=[]} | ret=SUCCESS |  
2019-08-29 08:15:15,098 | INFO  | SCMAudit | user=jenkins1000 | ip=192.168.69.111 | op=SEND_HEARTBEAT {datanodeUUID=da6a9e9a-35dc-4ac4-b4cf-445d85f2fed3, command=[]} | ret=SUCCESS |  
2019-08-29 08:15:15,098 | INFO  | SCMAudit | user=jenkins1000 | ip=192.168.69.111 | op=SEND_HEARTBEAT {datanodeUUID=816deff1-51bb-41e0-81da-cb008c3f276b, command=[]} | ret=SUCCESS |  
2019-08-29 08:15:15,099 | INFO  | SCMAudit | user=jenkins1000 | ip=192.168.69.111 | op=SEND_HEARTBEAT {datanodeUUID=87fe3654-6652-4f59-8ff1-d7298e00de43, command=[]} | ret=SUCCESS |  
2019-08-29 08:15:15,405 [main] WARN  scm.XceiverClientRatis (XceiverClientRatis.java:watchForCommit(262)) - 3 way commit failed on pipeline Pipeline[ Id: f222ff4b-adf9-43b9-abea-b6f78c66e0b0, Nodes: 816deff1-51bb-41e0-81da-cb008c3f276b{ip: 192.168.69.111, host: pr-hdds-1569-g9zr9-4145101663, networkLocation: /default-rack, certSerialId: null}87fe3654-6652-4f59-8ff1-d7298e00de43{ip: 192.168.69.111, host: pr-hdds-1569-g9zr9-4145101663, networkLocation: /default-rack, certSerialId: null}da6a9e9a-35dc-4ac4-b4cf-445d85f2fed3{ip: 192.168.69.111, host: pr-hdds-1569-g9zr9-4145101663, networkLocation: /default-rack, certSerialId: null}, Type:RATIS, Factor:THREE, State:OPEN]
java.util.concurrent.TimeoutException
	at java.util.concurrent.CompletableFuture.timedGet(CompletableFuture.java:1771)
	at java.util.concurrent.CompletableFuture.get(CompletableFuture.java:1915)
	at org.apache.hadoop.hdds.scm.XceiverClientRatis.watchForCommit(XceiverClientRatis.java:259)
	at org.apache.hadoop.hdds.scm.storage.CommitWatcher.watchForCommit(CommitWatcher.java:194)
	at org.apache.hadoop.hdds.scm.storage.CommitWatcher.watchOnLastIndex(CommitWatcher.java:157)
	at org.apache.hadoop.hdds.scm.storage.BlockOutputStream.watchForCommit(BlockOutputStream.java:347)
	at org.apache.hadoop.hdds.scm.storage.BlockOutputStream.handleFlush(BlockOutputStream.java:479)
	at org.apache.hadoop.hdds.scm.storage.BlockOutputStream.flush(BlockOutputStream.java:428)
	at org.apache.hadoop.ozone.client.io.BlockOutputStreamEntry.flush(BlockOutputStreamEntry.java:136)
	at org.apache.hadoop.ozone.client.io.KeyOutputStream.handleFlushOrClose(KeyOutputStream.java:442)
	at org.apache.hadoop.ozone.client.io.KeyOutputStream.flush(KeyOutputStream.java:396)
	at org.apache.hadoop.ozone.client.io.OzoneOutputStream.flush(OzoneOutputStream.java:54)
	at org.apache.hadoop.ozone.client.rpc.TestBlockOutputStreamWithFailures.testWatchForCommitWithCloseContainerException(TestBlockOutputStreamWithFailures.java:190)
	at sun.reflect.NativeMethodAccessorImpl.invoke0(Native Method)
	at sun.reflect.NativeMethodAccessorImpl.invoke(NativeMethodAccessorImpl.java:62)
	at sun.reflect.DelegatingMethodAccessorImpl.invoke(DelegatingMethodAccessorImpl.java:43)
	at java.lang.reflect.Method.invoke(Method.java:498)
	at org.junit.runners.model.FrameworkMethod$1.runReflectiveCall(FrameworkMethod.java:47)
	at org.junit.internal.runners.model.ReflectiveCallable.run(ReflectiveCallable.java:12)
	at org.junit.runners.model.FrameworkMethod.invokeExplosively(FrameworkMethod.java:44)
	at org.junit.internal.runners.statements.InvokeMethod.evaluate(InvokeMethod.java:17)
	at org.junit.internal.runners.statements.RunBefores.evaluate(RunBefores.java:26)
	at org.junit.internal.runners.statements.RunAfters.evaluate(RunAfters.java:27)
	at org.junit.runners.ParentRunner.runLeaf(ParentRunner.java:271)
	at org.junit.runners.BlockJUnit4ClassRunner.runChild(BlockJUnit4ClassRunner.java:70)
	at org.junit.runners.BlockJUnit4ClassRunner.runChild(BlockJUnit4ClassRunner.java:50)
	at org.junit.runners.ParentRunner$3.run(ParentRunner.java:238)
	at org.junit.runners.ParentRunner$1.schedule(ParentRunner.java:63)
	at org.junit.runners.ParentRunner.runChildren(ParentRunner.java:236)
	at org.junit.runners.ParentRunner.access$000(ParentRunner.java:53)
	at org.junit.runners.ParentRunner$2.evaluate(ParentRunner.java:229)
	at org.junit.runners.ParentRunner.run(ParentRunner.java:309)
	at org.apache.maven.surefire.junit4.JUnit4Provider.execute(JUnit4Provider.java:365)
	at org.apache.maven.surefire.junit4.JUnit4Provider.executeWithRerun(JUnit4Provider.java:273)
	at org.apache.maven.surefire.junit4.JUnit4Provider.executeTestSet(JUnit4Provider.java:238)
	at org.apache.maven.surefire.junit4.JUnit4Provider.invoke(JUnit4Provider.java:159)
	at org.apache.maven.surefire.booter.ForkedBooter.invokeProviderInSameClassLoader(ForkedBooter.java:384)
	at org.apache.maven.surefire.booter.ForkedBooter.runSuitesInProcess(ForkedBooter.java:345)
	at org.apache.maven.surefire.booter.ForkedBooter.execute(ForkedBooter.java:126)
	at org.apache.maven.surefire.booter.ForkedBooter.main(ForkedBooter.java:418)
2019-08-29 08:15:15,450 | INFO  | SCMAudit | user=jenkins1000 | ip=192.168.69.111 | op=SEND_HEARTBEAT {datanodeUUID=05afa806-2860-409e-9f8b-b58becb1998f, command=[]} | ret=SUCCESS |  
2019-08-29 08:15:15,667 | INFO  | SCMAudit | user=jenkins1000 | ip=192.168.69.111 | op=SEND_HEARTBEAT {datanodeUUID=d7d16497-a2ba-406b-855b-2487a72c7d49, command=[]} | ret=SUCCESS |  
2019-08-29 08:15:15,824 | INFO  | SCMAudit | user=jenkins1000 | ip=192.168.69.111 | op=SEND_HEARTBEAT {datanodeUUID=b26f7447-c8e5-423c-a9c9-ce802d0a7050, command=[]} | ret=SUCCESS |  
2019-08-29 08:15:16,024 | INFO  | SCMAudit | user=jenkins1000 | ip=192.168.69.111 | op=SEND_HEARTBEAT {datanodeUUID=41d88688-584e-4810-bfc2-66fe460cc9ab, command=[]} | ret=SUCCESS |  
2019-08-29 08:15:16,098 | INFO  | SCMAudit | user=jenkins1000 | ip=192.168.69.111 | op=SEND_HEARTBEAT {datanodeUUID=da6a9e9a-35dc-4ac4-b4cf-445d85f2fed3, command=[]} | ret=SUCCESS |  
2019-08-29 08:15:16,098 | INFO  | SCMAudit | user=jenkins1000 | ip=192.168.69.111 | op=SEND_HEARTBEAT {datanodeUUID=87fe3654-6652-4f59-8ff1-d7298e00de43, command=[]} | ret=SUCCESS |  
2019-08-29 08:15:16,098 | INFO  | SCMAudit | user=jenkins1000 | ip=192.168.69.111 | op=SEND_HEARTBEAT {datanodeUUID=816deff1-51bb-41e0-81da-cb008c3f276b, command=[]} | ret=SUCCESS |  
2019-08-29 08:15:16,410 [main] WARN  storage.CommitWatcher (CommitWatcher.java:watchForCommit(203)) - watchForCommit failed for index 13
java.util.concurrent.TimeoutException
	at java.util.concurrent.CompletableFuture.timedGet(CompletableFuture.java:1771)
	at java.util.concurrent.CompletableFuture.get(CompletableFuture.java:1915)
	at org.apache.hadoop.hdds.scm.XceiverClientRatis.watchForCommit(XceiverClientRatis.java:268)
	at org.apache.hadoop.hdds.scm.storage.CommitWatcher.watchForCommit(CommitWatcher.java:194)
	at org.apache.hadoop.hdds.scm.storage.CommitWatcher.watchOnLastIndex(CommitWatcher.java:157)
	at org.apache.hadoop.hdds.scm.storage.BlockOutputStream.watchForCommit(BlockOutputStream.java:347)
	at org.apache.hadoop.hdds.scm.storage.BlockOutputStream.handleFlush(BlockOutputStream.java:479)
	at org.apache.hadoop.hdds.scm.storage.BlockOutputStream.flush(BlockOutputStream.java:428)
	at org.apache.hadoop.ozone.client.io.BlockOutputStreamEntry.flush(BlockOutputStreamEntry.java:136)
	at org.apache.hadoop.ozone.client.io.KeyOutputStream.handleFlushOrClose(KeyOutputStream.java:442)
	at org.apache.hadoop.ozone.client.io.KeyOutputStream.flush(KeyOutputStream.java:396)
	at org.apache.hadoop.ozone.client.io.OzoneOutputStream.flush(OzoneOutputStream.java:54)
	at org.apache.hadoop.ozone.client.rpc.TestBlockOutputStreamWithFailures.testWatchForCommitWithCloseContainerException(TestBlockOutputStreamWithFailures.java:190)
	at sun.reflect.NativeMethodAccessorImpl.invoke0(Native Method)
	at sun.reflect.NativeMethodAccessorImpl.invoke(NativeMethodAccessorImpl.java:62)
	at sun.reflect.DelegatingMethodAccessorImpl.invoke(DelegatingMethodAccessorImpl.java:43)
	at java.lang.reflect.Method.invoke(Method.java:498)
	at org.junit.runners.model.FrameworkMethod$1.runReflectiveCall(FrameworkMethod.java:47)
	at org.junit.internal.runners.model.ReflectiveCallable.run(ReflectiveCallable.java:12)
	at org.junit.runners.model.FrameworkMethod.invokeExplosively(FrameworkMethod.java:44)
	at org.junit.internal.runners.statements.InvokeMethod.evaluate(InvokeMethod.java:17)
	at org.junit.internal.runners.statements.RunBefores.evaluate(RunBefores.java:26)
	at org.junit.internal.runners.statements.RunAfters.evaluate(RunAfters.java:27)
	at org.junit.runners.ParentRunner.runLeaf(ParentRunner.java:271)
	at org.junit.runners.BlockJUnit4ClassRunner.runChild(BlockJUnit4ClassRunner.java:70)
	at org.junit.runners.BlockJUnit4ClassRunner.runChild(BlockJUnit4ClassRunner.java:50)
	at org.junit.runners.ParentRunner$3.run(ParentRunner.java:238)
	at org.junit.runners.ParentRunner$1.schedule(ParentRunner.java:63)
	at org.junit.runners.ParentRunner.runChildren(ParentRunner.java:236)
	at org.junit.runners.ParentRunner.access$000(ParentRunner.java:53)
	at org.junit.runners.ParentRunner$2.evaluate(ParentRunner.java:229)
	at org.junit.runners.ParentRunner.run(ParentRunner.java:309)
	at org.apache.maven.surefire.junit4.JUnit4Provider.execute(JUnit4Provider.java:365)
	at org.apache.maven.surefire.junit4.JUnit4Provider.executeWithRerun(JUnit4Provider.java:273)
	at org.apache.maven.surefire.junit4.JUnit4Provider.executeTestSet(JUnit4Provider.java:238)
	at org.apache.maven.surefire.junit4.JUnit4Provider.invoke(JUnit4Provider.java:159)
	at org.apache.maven.surefire.booter.ForkedBooter.invokeProviderInSameClassLoader(ForkedBooter.java:384)
	at org.apache.maven.surefire.booter.ForkedBooter.runSuitesInProcess(ForkedBooter.java:345)
	at org.apache.maven.surefire.booter.ForkedBooter.execute(ForkedBooter.java:126)
	at org.apache.maven.surefire.booter.ForkedBooter.main(ForkedBooter.java:418)
2019-08-29 08:15:16,412 [main] WARN  io.KeyOutputStream (KeyOutputStream.java:handleException(276)) - Encountered exception java.io.IOException: Unexpected Storage Container Exception: java.io.IOException: Unexpected Storage Container Exception: java.util.concurrent.TimeoutException on the pipeline Pipeline[ Id: f222ff4b-adf9-43b9-abea-b6f78c66e0b0, Nodes: 816deff1-51bb-41e0-81da-cb008c3f276b{ip: 192.168.69.111, host: pr-hdds-1569-g9zr9-4145101663, networkLocation: /default-rack, certSerialId: null}87fe3654-6652-4f59-8ff1-d7298e00de43{ip: 192.168.69.111, host: pr-hdds-1569-g9zr9-4145101663, networkLocation: /default-rack, certSerialId: null}da6a9e9a-35dc-4ac4-b4cf-445d85f2fed3{ip: 192.168.69.111, host: pr-hdds-1569-g9zr9-4145101663, networkLocation: /default-rack, certSerialId: null}, Type:RATIS, Factor:THREE, State:OPEN]. The last committed block length is 400, uncommitted data length is 50 retry count 0
2019-08-29 08:15:16,416 | INFO  | SCMAudit | user=jenkins1000 | ip=192.168.69.111 | op=ALLOCATE_BLOCK {owner=ed6333f6-3490-4814-9a64-28146578e39a, size=800, type=RATIS, factor=THREE} | ret=SUCCESS |  
2019-08-29 08:15:16,417 | INFO  | OMAudit | user=jenkins1000 | ip=127.0.0.1 | op=ALLOCATE_BLOCK {volume=testblockoutputstream, bucket=testblockoutputstream, key=1245677e-ef8a-49ef-a727-21c070090490, dataSize=0, replicationType=null, replicationFactor=null, keyLocationInfo=null, clientID=102699270790250515} | ret=SUCCESS |  
2019-08-29 08:15:16,427 [grpc-default-executor-7] INFO  client.GrpcClientProtocolClient (GrpcClientProtocolClient.java:onNext(255)) - client-B487FBD396B0->41d88688-584e-4810-bfc2-66fe460cc9ab: receive RaftClientReply:client-B487FBD396B0->41d88688-584e-4810-bfc2-66fe460cc9ab@group-705F9EC88CD7, cid=255, FAILED org.apache.ratis.protocol.NotLeaderException: Server 41d88688-584e-4810-bfc2-66fe460cc9ab is not the leader (d7d16497-a2ba-406b-855b-2487a72c7d49:192.168.69.111:37160). Request must be sent to leader., logIndex=0, commits[41d88688-584e-4810-bfc2-66fe460cc9ab:c-1, d7d16497-a2ba-406b-855b-2487a72c7d49:c-1, 05afa806-2860-409e-9f8b-b58becb1998f:c-1]
2019-08-29 08:15:16,450 | INFO  | SCMAudit | user=jenkins1000 | ip=192.168.69.111 | op=SEND_HEARTBEAT {datanodeUUID=05afa806-2860-409e-9f8b-b58becb1998f, command=[]} | ret=SUCCESS |  
2019-08-29 08:15:16,666 | INFO  | SCMAudit | user=jenkins1000 | ip=192.168.69.111 | op=SEND_HEARTBEAT {datanodeUUID=d7d16497-a2ba-406b-855b-2487a72c7d49, command=[]} | ret=SUCCESS |  
2019-08-29 08:15:16,824 | INFO  | SCMAudit | user=jenkins1000 | ip=192.168.69.111 | op=SEND_HEARTBEAT {datanodeUUID=b26f7447-c8e5-423c-a9c9-ce802d0a7050, command=[]} | ret=SUCCESS |  
2019-08-29 08:15:16,898 | INFO  | DNAudit | user=null | ip=null | op=WRITE_CHUNK {blockData=conID: 2 locID: 102699271219838997 bcsId: 0} | ret=SUCCESS |  
2019-08-29 08:15:16,898 | INFO  | DNAudit | user=null | ip=null | op=WRITE_CHUNK {blockData=conID: 2 locID: 102699271219838997 bcsId: 0} | ret=SUCCESS |  
2019-08-29 08:15:16,898 | INFO  | DNAudit | user=null | ip=null | op=WRITE_CHUNK {blockData=conID: 2 locID: 102699271219838997 bcsId: 0} | ret=SUCCESS |  
2019-08-29 08:15:16,899 | INFO  | SCMAudit | user=jenkins1000 | ip=192.168.69.111 | op=SEND_HEARTBEAT {datanodeUUID=d7d16497-a2ba-406b-855b-2487a72c7d49, command=[]} | ret=SUCCESS |  
2019-08-29 08:15:16,899 | INFO  | SCMAudit | user=jenkins1000 | ip=192.168.69.111 | op=SEND_HEARTBEAT {datanodeUUID=05afa806-2860-409e-9f8b-b58becb1998f, command=[]} | ret=SUCCESS |  
2019-08-29 08:15:16,899 | INFO  | SCMAudit | user=jenkins1000 | ip=192.168.69.111 | op=SEND_HEARTBEAT {datanodeUUID=41d88688-584e-4810-bfc2-66fe460cc9ab, command=[]} | ret=SUCCESS |  
2019-08-29 08:15:16,913 | INFO  | DNAudit | user=null | ip=null | op=PUT_BLOCK {blockData=[blockId=conID: 1 locID: 102699270790316052 bcsId: 0,size=450]} | ret=SUCCESS |  
2019-08-29 08:15:16,913 | INFO  | DNAudit | user=null | ip=null | op=PUT_BLOCK {blockData=[blockId=conID: 1 locID: 102699270790316052 bcsId: 0,size=450]} | ret=SUCCESS |  
2019-08-29 08:15:16,916 [grpc-default-executor-9] INFO  client.GrpcClientProtocolClient (GrpcClientProtocolClient.java:onNext(255)) - client-4780AD1A3A95->da6a9e9a-35dc-4ac4-b4cf-445d85f2fed3: receive RaftClientReply:client-4780AD1A3A95->da6a9e9a-35dc-4ac4-b4cf-445d85f2fed3@group-B6F78C66E0B0, cid=254, SUCCESS, logIndex=0, commits[da6a9e9a-35dc-4ac4-b4cf-445d85f2fed3:c15, 816deff1-51bb-41e0-81da-cb008c3f276b:c12, 87fe3654-6652-4f59-8ff1-d7298e00de43:c15]
2019-08-29 08:15:16,917 [grpc-default-executor-9] INFO  client.GrpcClientProtocolClient (GrpcClientProtocolClient.java:onNext(255)) - client-4780AD1A3A95->da6a9e9a-35dc-4ac4-b4cf-445d85f2fed3: receive RaftClientReply:client-4780AD1A3A95->da6a9e9a-35dc-4ac4-b4cf-445d85f2fed3@group-B6F78C66E0B0, cid=253, SUCCESS, logIndex=0, commits[da6a9e9a-35dc-4ac4-b4cf-445d85f2fed3:c15, 816deff1-51bb-41e0-81da-cb008c3f276b:c15, 87fe3654-6652-4f59-8ff1-d7298e00de43:c15]
2019-08-29 08:15:16,959 | INFO  | DNAudit | user=null | ip=null | op=WRITE_CHUNK {blockData=conID: 2 locID: 102699271219838997 bcsId: 0} | ret=SUCCESS |  
2019-08-29 08:15:16,965 [grpc-default-executor-7] INFO  client.GrpcClientProtocolClient (GrpcClientProtocolClient.java:onNext(255)) - client-B487FBD396B0->d7d16497-a2ba-406b-855b-2487a72c7d49: receive RaftClientReply:client-B487FBD396B0->d7d16497-a2ba-406b-855b-2487a72c7d49@group-705F9EC88CD7, cid=255, SUCCESS, logIndex=1, commits[d7d16497-a2ba-406b-855b-2487a72c7d49:c1, 41d88688-584e-4810-bfc2-66fe460cc9ab:c0, 05afa806-2860-409e-9f8b-b58becb1998f:c0]
2019-08-29 08:15:16,982 | INFO  | DNAudit | user=null | ip=null | op=WRITE_CHUNK {blockData=conID: 2 locID: 102699271219838997 bcsId: 0} | ret=SUCCESS |  
2019-08-29 08:15:16,982 | INFO  | DNAudit | user=null | ip=null | op=WRITE_CHUNK {blockData=conID: 2 locID: 102699271219838997 bcsId: 0} | ret=SUCCESS |  
2019-08-29 08:15:17,100 | INFO  | SCMAudit | user=jenkins1000 | ip=192.168.69.111 | op=SEND_HEARTBEAT {datanodeUUID=816deff1-51bb-41e0-81da-cb008c3f276b, command=[]} | ret=SUCCESS |  
2019-08-29 08:15:17,100 | INFO  | SCMAudit | user=jenkins1000 | ip=192.168.69.111 | op=SEND_HEARTBEAT {datanodeUUID=da6a9e9a-35dc-4ac4-b4cf-445d85f2fed3, command=[]} | ret=SUCCESS |  
2019-08-29 08:15:17,100 | INFO  | SCMAudit | user=jenkins1000 | ip=192.168.69.111 | op=SEND_HEARTBEAT {datanodeUUID=87fe3654-6652-4f59-8ff1-d7298e00de43, command=[]} | ret=SUCCESS |  
2019-08-29 08:15:17,201 | INFO  | DNAudit | user=null | ip=null | op=PUT_BLOCK {blockData=[blockId=conID: 2 locID: 102699271219838997 bcsId: 0,size=50]} | ret=SUCCESS |  
2019-08-29 08:15:17,205 [grpc-default-executor-9] INFO  client.GrpcClientProtocolClient (GrpcClientProtocolClient.java:onNext(255)) - client-B487FBD396B0->d7d16497-a2ba-406b-855b-2487a72c7d49: receive RaftClientReply:client-B487FBD396B0->d7d16497-a2ba-406b-855b-2487a72c7d49@group-705F9EC88CD7, cid=256, SUCCESS, logIndex=3, commits[d7d16497-a2ba-406b-855b-2487a72c7d49:c4, 41d88688-584e-4810-bfc2-66fe460cc9ab:c3, 05afa806-2860-409e-9f8b-b58becb1998f:c3]
2019-08-29 08:15:17,206 [main] INFO  ozone.MiniOzoneClusterImpl (MiniOzoneClusterImpl.java:shutdown(321)) - Shutting down the Mini Ozone Cluster
2019-08-29 08:15:17,206 | INFO  | SCMAudit | user=null | ip=null | op=GET_SCM_INFO null | ret=SUCCESS |  
2019-08-29 08:15:17,206 [main] INFO  ozone.MiniOzoneClusterImpl (MiniOzoneClusterImpl.java:stop(336)) - Stopping the Mini Ozone Cluster
2019-08-29 08:15:17,206 [main] INFO  ozone.MiniOzoneClusterImpl (MiniOzoneClusterImpl.java:stop(338)) - Stopping the OzoneManager
2019-08-29 08:15:17,206 [main] INFO  ipc.Server (Server.java:stop(3082)) - Stopping server on 41959
2019-08-29 08:15:17,217 [IPC Server listener on 41959] INFO  ipc.Server (Server.java:run(1185)) - Stopping IPC Server listener on 41959
2019-08-29 08:15:17,225 [main] INFO  ratis.OzoneManagerDoubleBuffer (OzoneManagerDoubleBuffer.java:stop(248)) - Stopping OMDoubleBuffer flush thread
2019-08-29 08:15:17,225 [IPC Server Responder] INFO  ipc.Server (Server.java:run(1319)) - Stopping IPC Server Responder
2019-08-29 08:15:17,227 [OMDoubleBufferFlushThread] INFO  ratis.OzoneManagerDoubleBuffer (OzoneManagerDoubleBuffer.java:flushTransactions(191)) - OMDoubleBuffer flush thread OMDoubleBufferFlushThread is interrupted and will exit. OMDoubleBufferFlushThread
2019-08-29 08:15:17,227 [main] INFO  utils.BackgroundService (BackgroundService.java:shutdown(148)) - Shutting down service KeyDeletingService
2019-08-29 08:15:17,229 [main] INFO  handler.ContextHandler (ContextHandler.java:doStop(910)) - Stopped o.e.j.w.WebAppContext@46d8d38{/,null,UNAVAILABLE}{/ozoneManager}
2019-08-29 08:15:17,230 [main] INFO  server.AbstractConnector (AbstractConnector.java:doStop(318)) - Stopped ServerConnector@49de4263{HTTP/1.1,[http/1.1]}{0.0.0.0:0}
2019-08-29 08:15:17,230 [main] INFO  handler.ContextHandler (ContextHandler.java:doStop(910)) - Stopped o.e.j.s.ServletContextHandler@d7b20d9{/static,file:///workdir/hadoop-ozone/integration-test/target/test-classes/webapps/static,UNAVAILABLE}
2019-08-29 08:15:17,231 [main] INFO  handler.ContextHandler (ContextHandler.java:doStop(910)) - Stopped o.e.j.s.ServletContextHandler@6c31ed81{/logs,file:///workdir/hadoop-ozone/integration-test/target/log,UNAVAILABLE}
2019-08-29 08:15:17,234 [main] INFO  ozone.MiniOzoneClusterImpl (MiniOzoneClusterImpl.java:stop(344)) - Shutting the HddsDatanodes
2019-08-29 08:15:17,234 [main] INFO  datanode.ObjectStoreHandler (ObjectStoreHandler.java:close(155)) - Closing ObjectStoreHandler.
2019-08-29 08:15:17,234 [ForkJoinPool.commonPool-worker-1] INFO  datanode.ObjectStoreHandler (ObjectStoreHandler.java:close(155)) - Closing ObjectStoreHandler.
2019-08-29 08:15:17,235 [ForkJoinPool.commonPool-worker-1] INFO  ozone.HddsDatanodeService (HddsDatanodeService.java:stop(451)) - Stopped plug-in org.apache.hadoop.ozone.web.OzoneHddsDatanodeService@4f34f451
2019-08-29 08:15:17,235 [main] INFO  ozone.HddsDatanodeService (HddsDatanodeService.java:stop(451)) - Stopped plug-in org.apache.hadoop.ozone.web.OzoneHddsDatanodeService@5bdde886
2019-08-29 08:15:17,296 | INFO  | DNAudit | user=null | ip=null | op=PUT_BLOCK {blockData=[blockId=conID: 2 locID: 102699271219838997 bcsId: 0,size=50]} | ret=SUCCESS |  
2019-08-29 08:15:17,404 | INFO  | DNAudit | user=null | ip=null | op=PUT_BLOCK {blockData=[blockId=conID: 2 locID: 102699271219838997 bcsId: 0,size=50]} | ret=SUCCESS |  
2019-08-29 08:15:17,824 | INFO  | SCMAudit | user=jenkins1000 | ip=192.168.69.111 | op=SEND_HEARTBEAT {datanodeUUID=b26f7447-c8e5-423c-a9c9-ce802d0a7050, command=[]} | ret=SUCCESS |  
2019-08-29 08:15:17,895 [Datanode State Machine Thread - 0] INFO  statemachine.DatanodeStateMachine (DatanodeStateMachine.java:lambda$startDaemon$0(350)) - Ozone container server started.
2019-08-29 08:15:17,896 | INFO  | SCMAudit | user=jenkins1000 | ip=192.168.69.111 | op=SEND_HEARTBEAT {datanodeUUID=41d88688-584e-4810-bfc2-66fe460cc9ab, command=[]} | ret=SUCCESS |  
2019-08-29 08:15:17,896 | INFO  | SCMAudit | user=jenkins1000 | ip=192.168.69.111 | op=SEND_HEARTBEAT {datanodeUUID=d7d16497-a2ba-406b-855b-2487a72c7d49, command=[]} | ret=SUCCESS |  
2019-08-29 08:15:18,099 [Datanode State Machine Thread - 0] INFO  statemachine.DatanodeStateMachine (DatanodeStateMachine.java:lambda$startDaemon$0(350)) - Ozone container server started.
2019-08-29 08:15:18,099 | INFO  | SCMAudit | user=jenkins1000 | ip=192.168.69.111 | op=SEND_HEARTBEAT {datanodeUUID=da6a9e9a-35dc-4ac4-b4cf-445d85f2fed3, command=[]} | ret=SUCCESS |  
2019-08-29 08:15:18,099 | INFO  | SCMAudit | user=jenkins1000 | ip=192.168.69.111 | op=SEND_HEARTBEAT {datanodeUUID=87fe3654-6652-4f59-8ff1-d7298e00de43, command=[]} | ret=SUCCESS |  
2019-08-29 08:15:18,824 | INFO  | SCMAudit | user=jenkins1000 | ip=192.168.69.111 | op=SEND_HEARTBEAT {datanodeUUID=b26f7447-c8e5-423c-a9c9-ce802d0a7050, command=[]} | ret=SUCCESS |  
2019-08-29 08:15:18,896 | INFO  | SCMAudit | user=jenkins1000 | ip=192.168.69.111 | op=SEND_HEARTBEAT {datanodeUUID=d7d16497-a2ba-406b-855b-2487a72c7d49, command=[]} | ret=SUCCESS |  
2019-08-29 08:15:18,896 | INFO  | SCMAudit | user=jenkins1000 | ip=192.168.69.111 | op=SEND_HEARTBEAT {datanodeUUID=41d88688-584e-4810-bfc2-66fe460cc9ab, command=[]} | ret=SUCCESS |  
2019-08-29 08:15:19,099 | INFO  | SCMAudit | user=jenkins1000 | ip=192.168.69.111 | op=SEND_HEARTBEAT {datanodeUUID=da6a9e9a-35dc-4ac4-b4cf-445d85f2fed3, command=[]} | ret=SUCCESS |  
2019-08-29 08:15:19,099 | INFO  | SCMAudit | user=jenkins1000 | ip=192.168.69.111 | op=SEND_HEARTBEAT {datanodeUUID=87fe3654-6652-4f59-8ff1-d7298e00de43, command=[]} | ret=SUCCESS |  
2019-08-29 08:15:19,824 | INFO  | SCMAudit | user=jenkins1000 | ip=192.168.69.111 | op=SEND_HEARTBEAT {datanodeUUID=b26f7447-c8e5-423c-a9c9-ce802d0a7050, command=[]} | ret=SUCCESS |  
2019-08-29 08:15:19,896 | INFO  | SCMAudit | user=jenkins1000 | ip=192.168.69.111 | op=SEND_HEARTBEAT {datanodeUUID=d7d16497-a2ba-406b-855b-2487a72c7d49, command=[]} | ret=SUCCESS |  
2019-08-29 08:15:19,896 | INFO  | SCMAudit | user=jenkins1000 | ip=192.168.69.111 | op=SEND_HEARTBEAT {datanodeUUID=41d88688-584e-4810-bfc2-66fe460cc9ab, command=[]} | ret=SUCCESS |  
2019-08-29 08:15:20,099 | INFO  | SCMAudit | user=jenkins1000 | ip=192.168.69.111 | op=SEND_HEARTBEAT {datanodeUUID=87fe3654-6652-4f59-8ff1-d7298e00de43, command=[]} | ret=SUCCESS |  
2019-08-29 08:15:20,099 | INFO  | SCMAudit | user=jenkins1000 | ip=192.168.69.111 | op=SEND_HEARTBEAT {datanodeUUID=da6a9e9a-35dc-4ac4-b4cf-445d85f2fed3, command=[]} | ret=SUCCESS |  
2019-08-29 08:15:20,824 | INFO  | SCMAudit | user=jenkins1000 | ip=192.168.69.111 | op=SEND_HEARTBEAT {datanodeUUID=b26f7447-c8e5-423c-a9c9-ce802d0a7050, command=[]} | ret=SUCCESS |  
2019-08-29 08:15:20,896 | INFO  | SCMAudit | user=jenkins1000 | ip=192.168.69.111 | op=SEND_HEARTBEAT {datanodeUUID=d7d16497-a2ba-406b-855b-2487a72c7d49, command=[]} | ret=SUCCESS |  
2019-08-29 08:15:20,896 | INFO  | SCMAudit | user=jenkins1000 | ip=192.168.69.111 | op=SEND_HEARTBEAT {datanodeUUID=41d88688-584e-4810-bfc2-66fe460cc9ab, command=[]} | ret=SUCCESS |  
2019-08-29 08:15:21,099 | INFO  | SCMAudit | user=jenkins1000 | ip=192.168.69.111 | op=SEND_HEARTBEAT {datanodeUUID=da6a9e9a-35dc-4ac4-b4cf-445d85f2fed3, command=[]} | ret=SUCCESS |  
2019-08-29 08:15:21,099 | INFO  | SCMAudit | user=jenkins1000 | ip=192.168.69.111 | op=SEND_HEARTBEAT {datanodeUUID=87fe3654-6652-4f59-8ff1-d7298e00de43, command=[]} | ret=SUCCESS |  
2019-08-29 08:15:21,824 | INFO  | SCMAudit | user=jenkins1000 | ip=192.168.69.111 | op=SEND_HEARTBEAT {datanodeUUID=b26f7447-c8e5-423c-a9c9-ce802d0a7050, command=[]} | ret=SUCCESS |  
2019-08-29 08:15:21,896 | INFO  | SCMAudit | user=jenkins1000 | ip=192.168.69.111 | op=SEND_HEARTBEAT {datanodeUUID=d7d16497-a2ba-406b-855b-2487a72c7d49, command=[]} | ret=SUCCESS |  
2019-08-29 08:15:21,896 | INFO  | SCMAudit | user=jenkins1000 | ip=192.168.69.111 | op=SEND_HEARTBEAT {datanodeUUID=41d88688-584e-4810-bfc2-66fe460cc9ab, command=[]} | ret=SUCCESS |  
2019-08-29 08:15:21,938 [EventQueue-StaleNodeForStaleNodeHandler] INFO  node.StaleNodeHandler (StaleNodeHandler.java:onMessage(58)) - Datanode 05afa806-2860-409e-9f8b-b58becb1998f{ip: 192.168.69.111, host: pr-hdds-1569-g9zr9-4145101663, networkLocation: /default-rack, certSerialId: null} moved to stale state. Finalizing its pipelines [PipelineID=f80794ce-09fc-47f1-a897-ae9c3af807b1, PipelineID=ecd29f1d-72cc-4de6-b758-705f9ec88cd7]
2019-08-29 08:15:21,938 [EventQueue-StaleNodeForStaleNodeHandler] INFO  pipeline.SCMPipelineManager (SCMPipelineManager.java:finalizeAndDestroyPipeline(309)) - destroying pipeline:Pipeline[ Id: f80794ce-09fc-47f1-a897-ae9c3af807b1, Nodes: 05afa806-2860-409e-9f8b-b58becb1998f{ip: 192.168.69.111, host: pr-hdds-1569-g9zr9-4145101663, networkLocation: /default-rack, certSerialId: null}, Type:RATIS, Factor:ONE, State:OPEN]
2019-08-29 08:15:21,939 [EventQueue-StaleNodeForStaleNodeHandler] INFO  pipeline.PipelineStateManager (PipelineStateManager.java:finalizePipeline(123)) - Pipeline Pipeline[ Id: f80794ce-09fc-47f1-a897-ae9c3af807b1, Nodes: 05afa806-2860-409e-9f8b-b58becb1998f{ip: 192.168.69.111, host: pr-hdds-1569-g9zr9-4145101663, networkLocation: /default-rack, certSerialId: null}, Type:RATIS, Factor:ONE, State:CLOSED] moved to CLOSED state
2019-08-29 08:15:21,939 [EventQueue-StaleNodeForStaleNodeHandler] INFO  pipeline.SCMPipelineManager (SCMPipelineManager.java:finalizeAndDestroyPipeline(309)) - destroying pipeline:Pipeline[ Id: ecd29f1d-72cc-4de6-b758-705f9ec88cd7, Nodes: 41d88688-584e-4810-bfc2-66fe460cc9ab{ip: 192.168.69.111, host: pr-hdds-1569-g9zr9-4145101663, networkLocation: /default-rack, certSerialId: null}05afa806-2860-409e-9f8b-b58becb1998f{ip: 192.168.69.111, host: pr-hdds-1569-g9zr9-4145101663, networkLocation: /default-rack, certSerialId: null}d7d16497-a2ba-406b-855b-2487a72c7d49{ip: 192.168.69.111, host: pr-hdds-1569-g9zr9-4145101663, networkLocation: /default-rack, certSerialId: null}, Type:RATIS, Factor:THREE, State:OPEN]
2019-08-29 08:15:21,939 [EventQueue-StaleNodeForStaleNodeHandler] INFO  pipeline.PipelineStateManager (PipelineStateManager.java:finalizePipeline(123)) - Pipeline Pipeline[ Id: ecd29f1d-72cc-4de6-b758-705f9ec88cd7, Nodes: 41d88688-584e-4810-bfc2-66fe460cc9ab{ip: 192.168.69.111, host: pr-hdds-1569-g9zr9-4145101663, networkLocation: /default-rack, certSerialId: null}05afa806-2860-409e-9f8b-b58becb1998f{ip: 192.168.69.111, host: pr-hdds-1569-g9zr9-4145101663, networkLocation: /default-rack, certSerialId: null}d7d16497-a2ba-406b-855b-2487a72c7d49{ip: 192.168.69.111, host: pr-hdds-1569-g9zr9-4145101663, networkLocation: /default-rack, certSerialId: null}, Type:RATIS, Factor:THREE, State:CLOSED] moved to CLOSED state
2019-08-29 08:15:21,939 [EventQueue-CloseContainerForCloseContainerEventHandler] INFO  container.CloseContainerEventHandler (CloseContainerEventHandler.java:onMessage(61)) - Close container Event triggered for container : #2
2019-08-29 08:15:22,099 | INFO  | SCMAudit | user=jenkins1000 | ip=192.168.69.111 | op=SEND_HEARTBEAT {datanodeUUID=da6a9e9a-35dc-4ac4-b4cf-445d85f2fed3, command=[]} | ret=SUCCESS |  
2019-08-29 08:15:22,099 | INFO  | SCMAudit | user=jenkins1000 | ip=192.168.69.111 | op=SEND_HEARTBEAT {datanodeUUID=87fe3654-6652-4f59-8ff1-d7298e00de43, command=[]} | ret=SUCCESS |  
2019-08-29 08:15:22,138 [EventQueue-StaleNodeForStaleNodeHandler] INFO  node.StaleNodeHandler (StaleNodeHandler.java:onMessage(58)) - Datanode 816deff1-51bb-41e0-81da-cb008c3f276b{ip: 192.168.69.111, host: pr-hdds-1569-g9zr9-4145101663, networkLocation: /default-rack, certSerialId: null} moved to stale state. Finalizing its pipelines [PipelineID=f222ff4b-adf9-43b9-abea-b6f78c66e0b0, PipelineID=4196f8eb-996f-489d-b4d2-254192544944]
2019-08-29 08:15:22,139 [EventQueue-StaleNodeForStaleNodeHandler] INFO  pipeline.SCMPipelineManager (SCMPipelineManager.java:finalizeAndDestroyPipeline(309)) - destroying pipeline:Pipeline[ Id: f222ff4b-adf9-43b9-abea-b6f78c66e0b0, Nodes: 816deff1-51bb-41e0-81da-cb008c3f276b{ip: 192.168.69.111, host: pr-hdds-1569-g9zr9-4145101663, networkLocation: /default-rack, certSerialId: null}87fe3654-6652-4f59-8ff1-d7298e00de43{ip: 192.168.69.111, host: pr-hdds-1569-g9zr9-4145101663, networkLocation: /default-rack, certSerialId: null}da6a9e9a-35dc-4ac4-b4cf-445d85f2fed3{ip: 192.168.69.111, host: pr-hdds-1569-g9zr9-4145101663, networkLocation: /default-rack, certSerialId: null}, Type:RATIS, Factor:THREE, State:OPEN]
2019-08-29 08:15:22,139 [EventQueue-StaleNodeForStaleNodeHandler] INFO  pipeline.PipelineStateManager (PipelineStateManager.java:finalizePipeline(123)) - Pipeline Pipeline[ Id: f222ff4b-adf9-43b9-abea-b6f78c66e0b0, Nodes: 816deff1-51bb-41e0-81da-cb008c3f276b{ip: 192.168.69.111, host: pr-hdds-1569-g9zr9-4145101663, networkLocation: /default-rack, certSerialId: null}87fe3654-6652-4f59-8ff1-d7298e00de43{ip: 192.168.69.111, host: pr-hdds-1569-g9zr9-4145101663, networkLocation: /default-rack, certSerialId: null}da6a9e9a-35dc-4ac4-b4cf-445d85f2fed3{ip: 192.168.69.111, host: pr-hdds-1569-g9zr9-4145101663, networkLocation: /default-rack, certSerialId: null}, Type:RATIS, Factor:THREE, State:CLOSED] moved to CLOSED state
2019-08-29 08:15:22,139 [EventQueue-CloseContainerForCloseContainerEventHandler] INFO  container.CloseContainerEventHandler (CloseContainerEventHandler.java:onMessage(61)) - Close container Event triggered for container : #1
2019-08-29 08:15:22,139 [EventQueue-StaleNodeForStaleNodeHandler] INFO  pipeline.SCMPipelineManager (SCMPipelineManager.java:finalizeAndDestroyPipeline(309)) - destroying pipeline:Pipeline[ Id: 4196f8eb-996f-489d-b4d2-254192544944, Nodes: 816deff1-51bb-41e0-81da-cb008c3f276b{ip: 192.168.69.111, host: pr-hdds-1569-g9zr9-4145101663, networkLocation: /default-rack, certSerialId: null}, Type:RATIS, Factor:ONE, State:OPEN]
2019-08-29 08:15:22,139 [EventQueue-StaleNodeForStaleNodeHandler] INFO  pipeline.PipelineStateManager (PipelineStateManager.java:finalizePipeline(123)) - Pipeline Pipeline[ Id: 4196f8eb-996f-489d-b4d2-254192544944, Nodes: 816deff1-51bb-41e0-81da-cb008c3f276b{ip: 192.168.69.111, host: pr-hdds-1569-g9zr9-4145101663, networkLocation: /default-rack, certSerialId: null}, Type:RATIS, Factor:ONE, State:CLOSED] moved to CLOSED state
2019-08-29 08:15:22,235 [ForkJoinPool.commonPool-worker-1] INFO  ozoneimpl.OzoneContainer (OzoneContainer.java:stop(199)) - Attempting to stop container services.
2019-08-29 08:15:22,236 [main] INFO  ozoneimpl.OzoneContainer (OzoneContainer.java:stop(199)) - Attempting to stop container services.
2019-08-29 08:15:22,236 [ForkJoinPool.commonPool-worker-1] INFO  impl.RaftServerProxy (RaftServerProxy.java:lambda$close$4(314)) - 816deff1-51bb-41e0-81da-cb008c3f276b: close
2019-08-29 08:15:22,236 [main] INFO  impl.RaftServerProxy (RaftServerProxy.java:lambda$close$4(314)) - 05afa806-2860-409e-9f8b-b58becb1998f: close
2019-08-29 08:15:22,236 [ForkJoinPool.commonPool-worker-1] INFO  impl.RaftServerImpl (RaftServerImpl.java:lambda$shutdown$3(245)) - 816deff1-51bb-41e0-81da-cb008c3f276b: shutdown group-B6F78C66E0B0
2019-08-29 08:15:22,237 [main] INFO  impl.RaftServerImpl (RaftServerImpl.java:lambda$shutdown$3(245)) - 05afa806-2860-409e-9f8b-b58becb1998f: shutdown group-AE9C3AF807B1
2019-08-29 08:15:22,237 [ForkJoinPool.commonPool-worker-1] INFO  util.JmxRegister (JmxRegister.java:unregister(73)) - Successfully un-registered JMX Bean with object name Ratis:service=RaftServer,group=group-B6F78C66E0B0,id=816deff1-51bb-41e0-81da-cb008c3f276b
2019-08-29 08:15:22,237 [main] INFO  util.JmxRegister (JmxRegister.java:unregister(73)) - Successfully un-registered JMX Bean with object name Ratis:service=RaftServer,group=group-AE9C3AF807B1,id=05afa806-2860-409e-9f8b-b58becb1998f
2019-08-29 08:15:22,238 [main] INFO  impl.RoleInfo (RoleInfo.java:shutdownLeaderState(104)) - 05afa806-2860-409e-9f8b-b58becb1998f: shutdown LeaderState
2019-08-29 08:15:22,237 [ForkJoinPool.commonPool-worker-1] INFO  impl.RoleInfo (RoleInfo.java:shutdownFollowerState(121)) - 816deff1-51bb-41e0-81da-cb008c3f276b: shutdown FollowerState
2019-08-29 08:15:22,238 [main] INFO  impl.PendingRequests (PendingRequests.java:sendNotLeaderResponses(202)) - 05afa806-2860-409e-9f8b-b58becb1998f-PendingRequests: sendNotLeaderResponses
2019-08-29 08:15:22,238 [Thread-4555] INFO  impl.FollowerState (FollowerState.java:run(114)) - 816deff1-51bb-41e0-81da-cb008c3f276b: FollowerState was interrupted: java.lang.InterruptedException: sleep interrupted
2019-08-29 08:15:22,238 [StateMachineUpdater:816deff1-51bb-41e0-81da-cb008c3f276b:group-B6F78C66E0B0] INFO  ratis.ContainerStateMachine (ContainerStateMachine.java:takeSnapshot(283)) - group-B6F78C66E0B0: Taking a snapshot at:(t:1, i:15) file /workdir/hadoop-ozone/integration-test/target/test-dir/MiniOzoneClusterImpl-96c7e6f6-22fe-4395-a836-98ece8aa1bde/datanode-1/data/ratis/f222ff4b-adf9-43b9-abea-b6f78c66e0b0/sm/snapshot.1_15
2019-08-29 08:15:22,238 [ForkJoinPool.commonPool-worker-1] INFO  impl.StateMachineUpdater (StateMachineUpdater.java:stopAndJoin(115)) - StateMachineUpdater:816deff1-51bb-41e0-81da-cb008c3f276b:group-B6F78C66E0B0: set stopIndex = 15
2019-08-29 08:15:22,239 [main] INFO  impl.StateMachineUpdater (StateMachineUpdater.java:stopAndJoin(115)) - StateMachineUpdater:05afa806-2860-409e-9f8b-b58becb1998f:group-AE9C3AF807B1: set stopIndex = 0
2019-08-29 08:15:22,242 [main] INFO  impl.RaftServerImpl (ServerState.java:close(394)) - 05afa806-2860-409e-9f8b-b58becb1998f:group-AE9C3AF807B1 closes. The last applied log index is 0
2019-08-29 08:15:22,242 [05afa806-2860-409e-9f8b-b58becb1998f-SegmentedRaftLogWorker:Storage Directory /workdir/hadoop-ozone/integration-test/target/test-dir/MiniOzoneClusterImpl-96c7e6f6-22fe-4395-a836-98ece8aa1bde/datanode-4/data/ratis/f80794ce-09fc-47f1-a897-ae9c3af807b1] INFO  segmented.SegmentedRaftLogWorker (SegmentedRaftLogWorker.java:run(313)) - 05afa806-2860-409e-9f8b-b58becb1998f-SegmentedRaftLogWorker:Storage Directory /workdir/hadoop-ozone/integration-test/target/test-dir/MiniOzoneClusterImpl-96c7e6f6-22fe-4395-a836-98ece8aa1bde/datanode-4/data/ratis/f80794ce-09fc-47f1-a897-ae9c3af807b1 was interrupted, exiting. There are 0 tasks remaining in the queue.
2019-08-29 08:15:22,245 [main] INFO  segmented.SegmentedRaftLogWorker (SegmentedRaftLogWorker.java:close(228)) - 05afa806-2860-409e-9f8b-b58becb1998f-SegmentedRaftLogWorker:Storage Directory /workdir/hadoop-ozone/integration-test/target/test-dir/MiniOzoneClusterImpl-96c7e6f6-22fe-4395-a836-98ece8aa1bde/datanode-4/data/ratis/f80794ce-09fc-47f1-a897-ae9c3af807b1 close()
2019-08-29 08:15:22,260 [main] INFO  impl.RaftServerImpl (RaftServerImpl.java:lambda$shutdown$3(245)) - 05afa806-2860-409e-9f8b-b58becb1998f: shutdown group-705F9EC88CD7
2019-08-29 08:15:22,261 [main] INFO  util.JmxRegister (JmxRegister.java:unregister(73)) - Successfully un-registered JMX Bean with object name Ratis:service=RaftServer,group=group-705F9EC88CD7,id=05afa806-2860-409e-9f8b-b58becb1998f
2019-08-29 08:15:22,261 [main] INFO  impl.RoleInfo (RoleInfo.java:shutdownFollowerState(121)) - 05afa806-2860-409e-9f8b-b58becb1998f: shutdown FollowerState
2019-08-29 08:15:22,262 [main] INFO  impl.StateMachineUpdater (StateMachineUpdater.java:stopAndJoin(115)) - StateMachineUpdater:05afa806-2860-409e-9f8b-b58becb1998f:group-705F9EC88CD7: set stopIndex = 4
2019-08-29 08:15:22,262 [Thread-4580] INFO  impl.FollowerState (FollowerState.java:run(114)) - 05afa806-2860-409e-9f8b-b58becb1998f: FollowerState was interrupted: java.lang.InterruptedException: sleep interrupted
2019-08-29 08:15:22,262 [StateMachineUpdater:05afa806-2860-409e-9f8b-b58becb1998f:group-705F9EC88CD7] INFO  ratis.ContainerStateMachine (ContainerStateMachine.java:takeSnapshot(283)) - group-705F9EC88CD7: Taking a snapshot at:(t:1, i:3) file /workdir/hadoop-ozone/integration-test/target/test-dir/MiniOzoneClusterImpl-96c7e6f6-22fe-4395-a836-98ece8aa1bde/datanode-4/data/ratis/ecd29f1d-72cc-4de6-b758-705f9ec88cd7/sm/snapshot.1_3
2019-08-29 08:15:22,291 [StateMachineUpdater:816deff1-51bb-41e0-81da-cb008c3f276b:group-B6F78C66E0B0] INFO  ratis.ContainerStateMachine (ContainerStateMachine.java:takeSnapshot(294)) - group-B6F78C66E0B0: Finished taking a snapshot at:(t:1, i:15) file:/workdir/hadoop-ozone/integration-test/target/test-dir/MiniOzoneClusterImpl-96c7e6f6-22fe-4395-a836-98ece8aa1bde/datanode-1/data/ratis/f222ff4b-adf9-43b9-abea-b6f78c66e0b0/sm/snapshot.1_15 time:53
2019-08-29 08:15:22,291 [StateMachineUpdater:816deff1-51bb-41e0-81da-cb008c3f276b:group-B6F78C66E0B0] INFO  impl.StateMachineUpdater (StateMachineUpdater.java:takeSnapshot(242)) - StateMachineUpdater:816deff1-51bb-41e0-81da-cb008c3f276b:group-B6F78C66E0B0: Took a snapshot at index 15
2019-08-29 08:15:22,291 [StateMachineUpdater:816deff1-51bb-41e0-81da-cb008c3f276b:group-B6F78C66E0B0] INFO  impl.StateMachineUpdater (StateMachineUpdater.java:lambda$new$0(80)) - StateMachineUpdater:816deff1-51bb-41e0-81da-cb008c3f276b:group-B6F78C66E0B0: snapshotIndex: updateIncreasingly -1 -> 15
2019-08-29 08:15:22,292 [ForkJoinPool.commonPool-worker-1] INFO  impl.RaftServerImpl (ServerState.java:close(394)) - 816deff1-51bb-41e0-81da-cb008c3f276b:group-B6F78C66E0B0 closes. The last applied log index is 15
2019-08-29 08:15:22,292 [816deff1-51bb-41e0-81da-cb008c3f276b-SegmentedRaftLogWorker:Storage Directory /workdir/hadoop-ozone/integration-test/target/test-dir/MiniOzoneClusterImpl-96c7e6f6-22fe-4395-a836-98ece8aa1bde/datanode-1/data/ratis/f222ff4b-adf9-43b9-abea-b6f78c66e0b0] INFO  segmented.SegmentedRaftLogWorker (SegmentedRaftLogWorker.java:run(313)) - 816deff1-51bb-41e0-81da-cb008c3f276b-SegmentedRaftLogWorker:Storage Directory /workdir/hadoop-ozone/integration-test/target/test-dir/MiniOzoneClusterImpl-96c7e6f6-22fe-4395-a836-98ece8aa1bde/datanode-1/data/ratis/f222ff4b-adf9-43b9-abea-b6f78c66e0b0 was interrupted, exiting. There are 0 tasks remaining in the queue.
2019-08-29 08:15:22,292 [ForkJoinPool.commonPool-worker-1] INFO  segmented.SegmentedRaftLogWorker (SegmentedRaftLogWorker.java:close(228)) - 816deff1-51bb-41e0-81da-cb008c3f276b-SegmentedRaftLogWorker:Storage Directory /workdir/hadoop-ozone/integration-test/target/test-dir/MiniOzoneClusterImpl-96c7e6f6-22fe-4395-a836-98ece8aa1bde/datanode-1/data/ratis/f222ff4b-adf9-43b9-abea-b6f78c66e0b0 close()
2019-08-29 08:15:22,295 [StateMachineUpdater:05afa806-2860-409e-9f8b-b58becb1998f:group-705F9EC88CD7] INFO  ratis.ContainerStateMachine (ContainerStateMachine.java:takeSnapshot(294)) - group-705F9EC88CD7: Finished taking a snapshot at:(t:1, i:3) file:/workdir/hadoop-ozone/integration-test/target/test-dir/MiniOzoneClusterImpl-96c7e6f6-22fe-4395-a836-98ece8aa1bde/datanode-4/data/ratis/ecd29f1d-72cc-4de6-b758-705f9ec88cd7/sm/snapshot.1_3 time:33
2019-08-29 08:15:22,295 [ForkJoinPool.commonPool-worker-1] INFO  impl.RaftServerImpl (RaftServerImpl.java:lambda$shutdown$3(245)) - 816deff1-51bb-41e0-81da-cb008c3f276b: shutdown group-254192544944
2019-08-29 08:15:22,295 [StateMachineUpdater:05afa806-2860-409e-9f8b-b58becb1998f:group-705F9EC88CD7] INFO  impl.StateMachineUpdater (StateMachineUpdater.java:takeSnapshot(242)) - StateMachineUpdater:05afa806-2860-409e-9f8b-b58becb1998f:group-705F9EC88CD7: Took a snapshot at index 3
2019-08-29 08:15:22,295 [ForkJoinPool.commonPool-worker-1] INFO  util.JmxRegister (JmxRegister.java:unregister(73)) - Successfully un-registered JMX Bean with object name Ratis:service=RaftServer,group=group-254192544944,id=816deff1-51bb-41e0-81da-cb008c3f276b
2019-08-29 08:15:22,295 [StateMachineUpdater:05afa806-2860-409e-9f8b-b58becb1998f:group-705F9EC88CD7] INFO  impl.StateMachineUpdater (StateMachineUpdater.java:lambda$new$0(80)) - StateMachineUpdater:05afa806-2860-409e-9f8b-b58becb1998f:group-705F9EC88CD7: snapshotIndex: updateIncreasingly -1 -> 3
2019-08-29 08:15:22,295 [ForkJoinPool.commonPool-worker-1] INFO  impl.RoleInfo (RoleInfo.java:shutdownLeaderState(104)) - 816deff1-51bb-41e0-81da-cb008c3f276b: shutdown LeaderState
2019-08-29 08:15:22,296 [main] INFO  impl.RaftServerImpl (ServerState.java:close(394)) - 05afa806-2860-409e-9f8b-b58becb1998f:group-705F9EC88CD7 closes. The last applied log index is 4
2019-08-29 08:15:22,296 [ForkJoinPool.commonPool-worker-1] INFO  impl.PendingRequests (PendingRequests.java:sendNotLeaderResponses(202)) - 816deff1-51bb-41e0-81da-cb008c3f276b-PendingRequests: sendNotLeaderResponses
2019-08-29 08:15:22,296 [05afa806-2860-409e-9f8b-b58becb1998f-SegmentedRaftLogWorker:Storage Directory /workdir/hadoop-ozone/integration-test/target/test-dir/MiniOzoneClusterImpl-96c7e6f6-22fe-4395-a836-98ece8aa1bde/datanode-4/data/ratis/ecd29f1d-72cc-4de6-b758-705f9ec88cd7] INFO  segmented.SegmentedRaftLogWorker (SegmentedRaftLogWorker.java:run(313)) - 05afa806-2860-409e-9f8b-b58becb1998f-SegmentedRaftLogWorker:Storage Directory /workdir/hadoop-ozone/integration-test/target/test-dir/MiniOzoneClusterImpl-96c7e6f6-22fe-4395-a836-98ece8aa1bde/datanode-4/data/ratis/ecd29f1d-72cc-4de6-b758-705f9ec88cd7 was interrupted, exiting. There are 0 tasks remaining in the queue.
2019-08-29 08:15:22,297 [ForkJoinPool.commonPool-worker-1] INFO  impl.StateMachineUpdater (StateMachineUpdater.java:stopAndJoin(115)) - StateMachineUpdater:816deff1-51bb-41e0-81da-cb008c3f276b:group-254192544944: set stopIndex = 0
2019-08-29 08:15:22,297 [ForkJoinPool.commonPool-worker-1] INFO  impl.RaftServerImpl (ServerState.java:close(394)) - 816deff1-51bb-41e0-81da-cb008c3f276b:group-254192544944 closes. The last applied log index is 0
2019-08-29 08:15:22,297 [main] INFO  segmented.SegmentedRaftLogWorker (SegmentedRaftLogWorker.java:close(228)) - 05afa806-2860-409e-9f8b-b58becb1998f-SegmentedRaftLogWorker:Storage Directory /workdir/hadoop-ozone/integration-test/target/test-dir/MiniOzoneClusterImpl-96c7e6f6-22fe-4395-a836-98ece8aa1bde/datanode-4/data/ratis/ecd29f1d-72cc-4de6-b758-705f9ec88cd7 close()
2019-08-29 08:15:22,297 [816deff1-51bb-41e0-81da-cb008c3f276b-SegmentedRaftLogWorker:Storage Directory /workdir/hadoop-ozone/integration-test/target/test-dir/MiniOzoneClusterImpl-96c7e6f6-22fe-4395-a836-98ece8aa1bde/datanode-1/data/ratis/4196f8eb-996f-489d-b4d2-254192544944] INFO  segmented.SegmentedRaftLogWorker (SegmentedRaftLogWorker.java:run(313)) - 816deff1-51bb-41e0-81da-cb008c3f276b-SegmentedRaftLogWorker:Storage Directory /workdir/hadoop-ozone/integration-test/target/test-dir/MiniOzoneClusterImpl-96c7e6f6-22fe-4395-a836-98ece8aa1bde/datanode-1/data/ratis/4196f8eb-996f-489d-b4d2-254192544944 was interrupted, exiting. There are 0 tasks remaining in the queue.
2019-08-29 08:15:22,299 [ForkJoinPool.commonPool-worker-1] INFO  segmented.SegmentedRaftLogWorker (SegmentedRaftLogWorker.java:close(228)) - 816deff1-51bb-41e0-81da-cb008c3f276b-SegmentedRaftLogWorker:Storage Directory /workdir/hadoop-ozone/integration-test/target/test-dir/MiniOzoneClusterImpl-96c7e6f6-22fe-4395-a836-98ece8aa1bde/datanode-1/data/ratis/4196f8eb-996f-489d-b4d2-254192544944 close()
2019-08-29 08:15:22,300 [main] INFO  server.GrpcService (GrpcService.java:closeImpl(155)) - 05afa806-2860-409e-9f8b-b58becb1998f: shutdown server with port 43872 now
2019-08-29 08:15:22,302 [ForkJoinPool.commonPool-worker-1] INFO  server.GrpcService (GrpcService.java:closeImpl(155)) - 816deff1-51bb-41e0-81da-cb008c3f276b: shutdown server with port 43317 now
2019-08-29 08:15:22,303 [grpc-default-executor-8] WARN  server.GrpcServerProtocolService (LogUtils.java:warn(134)) - 816deff1-51bb-41e0-81da-cb008c3f276b: appendEntries onError: org.apache.ratis.thirdparty.io.grpc.StatusRuntimeException: CANCELLED: cancelled before receiving half close
2019-08-29 08:15:22,303 [ForkJoinPool.commonPool-worker-1] INFO  server.GrpcService (GrpcService.java:closeImpl(163)) - 816deff1-51bb-41e0-81da-cb008c3f276b: shutdown server with port 43317 successfully
2019-08-29 08:15:22,303 [main] INFO  server.GrpcService (GrpcService.java:closeImpl(163)) - 05afa806-2860-409e-9f8b-b58becb1998f: shutdown server with port 43872 successfully
2019-08-29 08:15:22,303 [grpc-default-executor-4] WARN  server.GrpcServerProtocolService (LogUtils.java:warn(134)) - 05afa806-2860-409e-9f8b-b58becb1998f: appendEntries onError: org.apache.ratis.thirdparty.io.grpc.StatusRuntimeException: CANCELLED: cancelled before receiving half close
2019-08-29 08:15:22,303 [grpc-default-executor-7] WARN  server.GrpcLogAppender (LogUtils.java:warn(134)) - d7d16497-a2ba-406b-855b-2487a72c7d49->05afa806-2860-409e-9f8b-b58becb1998f: Failed appendEntries: org.apache.ratis.thirdparty.io.grpc.StatusRuntimeException: CANCELLED: HTTP/2 error code: CANCEL
Received Rst Stream
2019-08-29 08:15:22,303 [grpc-default-executor-8] WARN  server.GrpcLogAppender (LogUtils.java:warn(134)) - da6a9e9a-35dc-4ac4-b4cf-445d85f2fed3->816deff1-51bb-41e0-81da-cb008c3f276b: Failed appendEntries: org.apache.ratis.thirdparty.io.grpc.StatusRuntimeException: CANCELLED: HTTP/2 error code: CANCEL
Received Rst Stream
2019-08-29 08:15:22,304 [grpc-default-executor-7] INFO  impl.FollowerInfo (FollowerInfo.java:lambda$new$0(50)) - d7d16497-a2ba-406b-855b-2487a72c7d49->05afa806-2860-409e-9f8b-b58becb1998f: nextIndex: updateUnconditionally 5 -> 4
2019-08-29 08:15:22,304 [grpc-default-executor-8] INFO  impl.FollowerInfo (FollowerInfo.java:lambda$new$0(50)) - da6a9e9a-35dc-4ac4-b4cf-445d85f2fed3->816deff1-51bb-41e0-81da-cb008c3f276b: nextIndex: updateUnconditionally 16 -> 15
2019-08-29 08:15:22,305 [main] INFO  utils.BackgroundService (BackgroundService.java:shutdown(148)) - Shutting down service BlockDeletingService
2019-08-29 08:15:22,305 [ForkJoinPool.commonPool-worker-1] INFO  utils.BackgroundService (BackgroundService.java:shutdown(148)) - Shutting down service BlockDeletingService
2019-08-29 08:15:22,308 [refreshUsed-/workdir/hadoop-ozone/integration-test/target/test-dir/MiniOzoneClusterImpl-96c7e6f6-22fe-4395-a836-98ece8aa1bde/datanode-1/data/containers] WARN  fs.CachingGetSpaceUsed (CachingGetSpaceUsed.java:run(183)) - Thread Interrupted waiting to refresh disk information: sleep interrupted
2019-08-29 08:15:22,308 [refreshUsed-/workdir/hadoop-ozone/integration-test/target/test-dir/MiniOzoneClusterImpl-96c7e6f6-22fe-4395-a836-98ece8aa1bde/datanode-4/data/containers] WARN  fs.CachingGetSpaceUsed (CachingGetSpaceUsed.java:run(183)) - Thread Interrupted waiting to refresh disk information: sleep interrupted
2019-08-29 08:15:22,327 [ForkJoinPool.commonPool-worker-1] INFO  statemachine.DatanodeStateMachine (DatanodeStateMachine.java:stopDaemon(395)) - Ozone container server stopped.
2019-08-29 08:15:22,340 [ForkJoinPool.commonPool-worker-1] INFO  handler.ContextHandler (ContextHandler.java:doStop(910)) - Stopped o.e.j.w.WebAppContext@6c8590f4{/,null,UNAVAILABLE}{/hddsDatanode}
2019-08-29 08:15:22,341 [ForkJoinPool.commonPool-worker-1] INFO  server.AbstractConnector (AbstractConnector.java:doStop(318)) - Stopped ServerConnector@1945b6db{HTTP/1.1,[http/1.1]}{0.0.0.0:0}
2019-08-29 08:15:22,342 [ForkJoinPool.commonPool-worker-1] INFO  handler.ContextHandler (ContextHandler.java:doStop(910)) - Stopped o.e.j.s.ServletContextHandler@5e324000{/static,jar:file:/home/user/.m2/repository/org/apache/hadoop/hadoop-hdds-container-service/0.5.0-SNAPSHOT/hadoop-hdds-container-service-0.5.0-SNAPSHOT.jar!/webapps/static,UNAVAILABLE}
2019-08-29 08:15:22,344 [ForkJoinPool.commonPool-worker-1] INFO  handler.ContextHandler (ContextHandler.java:doStop(910)) - Stopped o.e.j.s.ServletContextHandler@6b4d0be2{/logs,file:///workdir/hadoop-ozone/integration-test/target/log,UNAVAILABLE}
2019-08-29 08:15:22,348 [main] INFO  statemachine.DatanodeStateMachine (DatanodeStateMachine.java:stopDaemon(395)) - Ozone container server stopped.
2019-08-29 08:15:22,349 [ForkJoinPool.commonPool-worker-1] INFO  datanode.ObjectStoreHandler (ObjectStoreHandler.java:close(155)) - Closing ObjectStoreHandler.
2019-08-29 08:15:22,349 [ForkJoinPool.commonPool-worker-1] INFO  ozone.HddsDatanodeService (HddsDatanodeService.java:stop(451)) - Stopped plug-in org.apache.hadoop.ozone.web.OzoneHddsDatanodeService@67d361fa
2019-08-29 08:15:22,349 [main] INFO  handler.ContextHandler (ContextHandler.java:doStop(910)) - Stopped o.e.j.w.WebAppContext@7d7be366{/,null,UNAVAILABLE}{/hddsDatanode}
2019-08-29 08:15:22,350 [main] INFO  server.AbstractConnector (AbstractConnector.java:doStop(318)) - Stopped ServerConnector@2095e085{HTTP/1.1,[http/1.1]}{0.0.0.0:0}
2019-08-29 08:15:22,350 [main] INFO  handler.ContextHandler (ContextHandler.java:doStop(910)) - Stopped o.e.j.s.ServletContextHandler@6573b345{/static,jar:file:/home/user/.m2/repository/org/apache/hadoop/hadoop-hdds-container-service/0.5.0-SNAPSHOT/hadoop-hdds-container-service-0.5.0-SNAPSHOT.jar!/webapps/static,UNAVAILABLE}
2019-08-29 08:15:22,350 [main] INFO  handler.ContextHandler (ContextHandler.java:doStop(910)) - Stopped o.e.j.s.ServletContextHandler@64176780{/logs,file:///workdir/hadoop-ozone/integration-test/target/log,UNAVAILABLE}
2019-08-29 08:15:22,351 [main] INFO  datanode.ObjectStoreHandler (ObjectStoreHandler.java:close(155)) - Closing ObjectStoreHandler.
2019-08-29 08:15:22,351 [main] INFO  ozone.HddsDatanodeService (HddsDatanodeService.java:stop(451)) - Stopped plug-in org.apache.hadoop.ozone.web.OzoneHddsDatanodeService@61cbd0c0
2019-08-29 08:15:22,824 | INFO  | SCMAudit | user=jenkins1000 | ip=192.168.69.111 | op=SEND_HEARTBEAT {datanodeUUID=b26f7447-c8e5-423c-a9c9-ce802d0a7050, command=[]} | ret=SUCCESS |  
2019-08-29 08:15:22,895 [Datanode State Machine Thread - 0] INFO  statemachine.DatanodeStateMachine (DatanodeStateMachine.java:lambda$startDaemon$0(350)) - Ozone container server started.
2019-08-29 08:15:22,896 | INFO  | SCMAudit | user=jenkins1000 | ip=192.168.69.111 | op=SEND_HEARTBEAT {datanodeUUID=d7d16497-a2ba-406b-855b-2487a72c7d49, command=[commandType: closeContainerCommand closeContainerCommandProto { containerID: 2 pipelineID { id: "ecd29f1d-72cc-4de6-b758-705f9ec88cd7" } cmdId: 2 force: false } ]} | ret=SUCCESS |  
2019-08-29 08:15:23,099 [Datanode State Machine Thread - 0] INFO  statemachine.DatanodeStateMachine (DatanodeStateMachine.java:lambda$startDaemon$0(350)) - Ozone container server started.
2019-08-29 08:15:23,100 | INFO  | SCMAudit | user=jenkins1000 | ip=192.168.69.111 | op=SEND_HEARTBEAT {datanodeUUID=87fe3654-6652-4f59-8ff1-d7298e00de43, command=[commandType: closeContainerCommand closeContainerCommandProto { containerID: 1 pipelineID { id: "f222ff4b-adf9-43b9-abea-b6f78c66e0b0" } cmdId: 1 force: false } ]} | ret=SUCCESS |  
2019-08-29 08:15:23,824 | INFO  | SCMAudit | user=jenkins1000 | ip=192.168.69.111 | op=SEND_HEARTBEAT {datanodeUUID=b26f7447-c8e5-423c-a9c9-ce802d0a7050, command=[]} | ret=SUCCESS |  
2019-08-29 08:15:23,896 | INFO  | SCMAudit | user=jenkins1000 | ip=192.168.69.111 | op=SEND_HEARTBEAT {datanodeUUID=d7d16497-a2ba-406b-855b-2487a72c7d49, command=[]} | ret=SUCCESS |  
2019-08-29 08:15:24,099 | INFO  | SCMAudit | user=jenkins1000 | ip=192.168.69.111 | op=SEND_HEARTBEAT {datanodeUUID=87fe3654-6652-4f59-8ff1-d7298e00de43, command=[]} | ret=SUCCESS |  
2019-08-29 08:15:24,289 | INFO  | SCMAudit | user=jenkins1000 | ip=192.168.69.111 | op=SEND_HEARTBEAT {datanodeUUID=87fe3654-6652-4f59-8ff1-d7298e00de43, command=[]} | ret=SUCCESS |  
2019-08-29 08:15:24,419 [grpc-default-executor-4] WARN  server.GrpcLogAppender (LogUtils.java:warn(134)) - da6a9e9a-35dc-4ac4-b4cf-445d85f2fed3->816deff1-51bb-41e0-81da-cb008c3f276b: Failed appendEntries: org.apache.ratis.thirdparty.io.grpc.StatusRuntimeException: UNAVAILABLE: io exception
2019-08-29 08:15:24,420 [grpc-default-executor-4] INFO  impl.FollowerInfo (FollowerInfo.java:lambda$new$0(50)) - da6a9e9a-35dc-4ac4-b4cf-445d85f2fed3->816deff1-51bb-41e0-81da-cb008c3f276b: nextIndex: updateUnconditionally 15 -> 14
2019-08-29 08:15:24,553 [grpc-default-executor-4] WARN  server.GrpcLogAppender (LogUtils.java:warn(134)) - d7d16497-a2ba-406b-855b-2487a72c7d49->05afa806-2860-409e-9f8b-b58becb1998f: Failed appendEntries: org.apache.ratis.thirdparty.io.grpc.StatusRuntimeException: UNAVAILABLE: io exception
2019-08-29 08:15:24,553 [grpc-default-executor-4] INFO  impl.FollowerInfo (FollowerInfo.java:lambda$new$0(50)) - d7d16497-a2ba-406b-855b-2487a72c7d49->05afa806-2860-409e-9f8b-b58becb1998f: nextIndex: updateUnconditionally 4 -> 3
2019-08-29 08:15:24,824 | INFO  | SCMAudit | user=jenkins1000 | ip=192.168.69.111 | op=SEND_HEARTBEAT {datanodeUUID=b26f7447-c8e5-423c-a9c9-ce802d0a7050, command=[]} | ret=SUCCESS |  
2019-08-29 08:15:24,896 | INFO  | SCMAudit | user=jenkins1000 | ip=192.168.69.111 | op=SEND_HEARTBEAT {datanodeUUID=d7d16497-a2ba-406b-855b-2487a72c7d49, command=[]} | ret=SUCCESS |  
2019-08-29 08:15:24,930 | INFO  | SCMAudit | user=jenkins1000 | ip=192.168.69.111 | op=SEND_HEARTBEAT {datanodeUUID=d7d16497-a2ba-406b-855b-2487a72c7d49, command=[]} | ret=SUCCESS |  
2019-08-29 08:15:24,931 [grpc-default-executor-8] WARN  server.GrpcLogAppender (LogUtils.java:warn(134)) - d7d16497-a2ba-406b-855b-2487a72c7d49->05afa806-2860-409e-9f8b-b58becb1998f: Failed appendEntries: org.apache.ratis.thirdparty.io.grpc.StatusRuntimeException: UNAVAILABLE: io exception
2019-08-29 08:15:24,932 [grpc-default-executor-8] INFO  impl.FollowerInfo (FollowerInfo.java:lambda$new$0(50)) - d7d16497-a2ba-406b-855b-2487a72c7d49->05afa806-2860-409e-9f8b-b58becb1998f: nextIndex: updateUnconditionally 4 -> 3
2019-08-29 08:15:24,936 [grpc-default-executor-8] WARN  server.GrpcLogAppender (LogUtils.java:warn(134)) - d7d16497-a2ba-406b-855b-2487a72c7d49->05afa806-2860-409e-9f8b-b58becb1998f: Failed appendEntries: org.apache.ratis.thirdparty.io.grpc.StatusRuntimeException: UNAVAILABLE: io exception
2019-08-29 08:15:24,937 [grpc-default-executor-8] INFO  impl.FollowerInfo (FollowerInfo.java:lambda$new$0(50)) - d7d16497-a2ba-406b-855b-2487a72c7d49->05afa806-2860-409e-9f8b-b58becb1998f: nextIndex: updateUnconditionally 4 -> 3
2019-08-29 08:15:24,947 [RatisApplyTransactionExecutor 2] INFO  interfaces.Container (KeyValueContainer.java:flushAndSyncDB(382)) - Container 2 is synced with bcsId 3.
2019-08-29 08:15:24,947 [RatisApplyTransactionExecutor 2] INFO  interfaces.Container (KeyValueContainer.java:flushAndSyncDB(382)) - Container 2 is synced with bcsId 3.
2019-08-29 08:15:24,957 [grpc-default-executor-8] WARN  server.GrpcLogAppender (LogUtils.java:warn(134)) - d7d16497-a2ba-406b-855b-2487a72c7d49->05afa806-2860-409e-9f8b-b58becb1998f: Failed appendEntries: org.apache.ratis.thirdparty.io.grpc.StatusRuntimeException: UNAVAILABLE: io exception
2019-08-29 08:15:24,958 [grpc-default-executor-8] INFO  impl.FollowerInfo (FollowerInfo.java:lambda$new$0(50)) - d7d16497-a2ba-406b-855b-2487a72c7d49->05afa806-2860-409e-9f8b-b58becb1998f: nextIndex: updateUnconditionally 4 -> 3
2019-08-29 08:15:24,968 | INFO  | DNAudit | user=null | ip=null | op=CLOSE_CONTAINER {containerID=2} | ret=SUCCESS |  
2019-08-29 08:15:24,968 | INFO  | SCMAudit | user=jenkins1000 | ip=192.168.69.111 | op=SEND_HEARTBEAT {datanodeUUID=d7d16497-a2ba-406b-855b-2487a72c7d49, command=[]} | ret=SUCCESS |  
2019-08-29 08:15:24,968 [EventQueue-IncrementalContainerReportForIncrementalContainerReportHandler] INFO  container.IncrementalContainerReportHandler (AbstractContainerReportHandler.java:updateContainerState(176)) - Moving container #2 to CLOSED state, datanode d7d16497-a2ba-406b-855b-2487a72c7d49{ip: 192.168.69.111, host: pr-hdds-1569-g9zr9-4145101663, networkLocation: /default-rack, certSerialId: null} reported CLOSED replica.
2019-08-29 08:15:24,996 [RatisApplyTransactionExecutor 2] INFO  interfaces.Container (KeyValueContainer.java:flushAndSyncDB(382)) - Container 2 is synced with bcsId 3.
2019-08-29 08:15:24,996 [RatisApplyTransactionExecutor 2] INFO  interfaces.Container (KeyValueContainer.java:flushAndSyncDB(382)) - Container 2 is synced with bcsId 3.
2019-08-29 08:15:25,010 | INFO  | DNAudit | user=null | ip=null | op=CLOSE_CONTAINER {containerID=2} | ret=SUCCESS |  
2019-08-29 08:15:25,289 | INFO  | SCMAudit | user=jenkins1000 | ip=192.168.69.111 | op=SEND_HEARTBEAT {datanodeUUID=87fe3654-6652-4f59-8ff1-d7298e00de43, command=[]} | ret=SUCCESS |  
2019-08-29 08:15:25,824 | INFO  | SCMAudit | user=jenkins1000 | ip=192.168.69.111 | op=SEND_HEARTBEAT {datanodeUUID=b26f7447-c8e5-423c-a9c9-ce802d0a7050, command=[]} | ret=SUCCESS |  
2019-08-29 08:15:25,968 | INFO  | SCMAudit | user=jenkins1000 | ip=192.168.69.111 | op=SEND_HEARTBEAT {datanodeUUID=d7d16497-a2ba-406b-855b-2487a72c7d49, command=[]} | ret=SUCCESS |  
2019-08-29 08:15:26,290 | INFO  | SCMAudit | user=jenkins1000 | ip=192.168.69.111 | op=SEND_HEARTBEAT {datanodeUUID=87fe3654-6652-4f59-8ff1-d7298e00de43, command=[]} | ret=SUCCESS |  
2019-08-29 08:15:26,826 | INFO  | SCMAudit | user=jenkins1000 | ip=192.168.69.111 | op=SEND_HEARTBEAT {datanodeUUID=b26f7447-c8e5-423c-a9c9-ce802d0a7050, command=[]} | ret=SUCCESS |  
2019-08-29 08:15:26,920 [grpc-default-executor-4] WARN  server.GrpcLogAppender (LogUtils.java:warn(134)) - da6a9e9a-35dc-4ac4-b4cf-445d85f2fed3->816deff1-51bb-41e0-81da-cb008c3f276b: Failed appendEntries: org.apache.ratis.thirdparty.io.grpc.StatusRuntimeException: UNAVAILABLE: io exception
2019-08-29 08:15:26,923 [grpc-default-executor-4] INFO  impl.FollowerInfo (FollowerInfo.java:lambda$new$0(50)) - da6a9e9a-35dc-4ac4-b4cf-445d85f2fed3->816deff1-51bb-41e0-81da-cb008c3f276b: nextIndex: updateUnconditionally 14 -> 13
2019-08-29 08:15:26,946 [EventQueue-StaleNodeForStaleNodeHandler] INFO  node.StaleNodeHandler (StaleNodeHandler.java:onMessage(58)) - Datanode 41d88688-584e-4810-bfc2-66fe460cc9ab{ip: 192.168.69.111, host: pr-hdds-1569-g9zr9-4145101663, networkLocation: /default-rack, certSerialId: null} moved to stale state. Finalizing its pipelines [PipelineID=c474a7ff-f101-4874-a4d2-e41c0a231384, PipelineID=ecd29f1d-72cc-4de6-b758-705f9ec88cd7]
2019-08-29 08:15:26,946 [EventQueue-StaleNodeForStaleNodeHandler] INFO  pipeline.SCMPipelineManager (SCMPipelineManager.java:finalizeAndDestroyPipeline(309)) - destroying pipeline:Pipeline[ Id: c474a7ff-f101-4874-a4d2-e41c0a231384, Nodes: 41d88688-584e-4810-bfc2-66fe460cc9ab{ip: 192.168.69.111, host: pr-hdds-1569-g9zr9-4145101663, networkLocation: /default-rack, certSerialId: null}, Type:RATIS, Factor:ONE, State:OPEN]
2019-08-29 08:15:26,946 [EventQueue-StaleNodeForStaleNodeHandler] INFO  pipeline.PipelineStateManager (PipelineStateManager.java:finalizePipeline(123)) - Pipeline Pipeline[ Id: c474a7ff-f101-4874-a4d2-e41c0a231384, Nodes: 41d88688-584e-4810-bfc2-66fe460cc9ab{ip: 192.168.69.111, host: pr-hdds-1569-g9zr9-4145101663, networkLocation: /default-rack, certSerialId: null}, Type:RATIS, Factor:ONE, State:CLOSED] moved to CLOSED state
2019-08-29 08:15:26,946 [EventQueue-StaleNodeForStaleNodeHandler] INFO  pipeline.SCMPipelineManager (SCMPipelineManager.java:finalizeAndDestroyPipeline(309)) - destroying pipeline:Pipeline[ Id: ecd29f1d-72cc-4de6-b758-705f9ec88cd7, Nodes: 41d88688-584e-4810-bfc2-66fe460cc9ab{ip: 192.168.69.111, host: pr-hdds-1569-g9zr9-4145101663, networkLocation: /default-rack, certSerialId: null}05afa806-2860-409e-9f8b-b58becb1998f{ip: 192.168.69.111, host: pr-hdds-1569-g9zr9-4145101663, networkLocation: /default-rack, certSerialId: null}d7d16497-a2ba-406b-855b-2487a72c7d49{ip: 192.168.69.111, host: pr-hdds-1569-g9zr9-4145101663, networkLocation: /default-rack, certSerialId: null}, Type:RATIS, Factor:THREE, State:CLOSED]
2019-08-29 08:15:26,969 | INFO  | SCMAudit | user=jenkins1000 | ip=192.168.69.111 | op=SEND_HEARTBEAT {datanodeUUID=d7d16497-a2ba-406b-855b-2487a72c7d49, command=[]} | ret=SUCCESS |  
2019-08-29 08:15:27,146 [EventQueue-StaleNodeForStaleNodeHandler] INFO  node.StaleNodeHandler (StaleNodeHandler.java:onMessage(58)) - Datanode da6a9e9a-35dc-4ac4-b4cf-445d85f2fed3{ip: 192.168.69.111, host: pr-hdds-1569-g9zr9-4145101663, networkLocation: /default-rack, certSerialId: null} moved to stale state. Finalizing its pipelines [PipelineID=f222ff4b-adf9-43b9-abea-b6f78c66e0b0, PipelineID=a6e5001b-b349-429f-8ae8-67a33f45194a]
2019-08-29 08:15:27,146 [EventQueue-StaleNodeForStaleNodeHandler] INFO  pipeline.SCMPipelineManager (SCMPipelineManager.java:finalizeAndDestroyPipeline(309)) - destroying pipeline:Pipeline[ Id: f222ff4b-adf9-43b9-abea-b6f78c66e0b0, Nodes: 816deff1-51bb-41e0-81da-cb008c3f276b{ip: 192.168.69.111, host: pr-hdds-1569-g9zr9-4145101663, networkLocation: /default-rack, certSerialId: null}87fe3654-6652-4f59-8ff1-d7298e00de43{ip: 192.168.69.111, host: pr-hdds-1569-g9zr9-4145101663, networkLocation: /default-rack, certSerialId: null}da6a9e9a-35dc-4ac4-b4cf-445d85f2fed3{ip: 192.168.69.111, host: pr-hdds-1569-g9zr9-4145101663, networkLocation: /default-rack, certSerialId: null}, Type:RATIS, Factor:THREE, State:CLOSED]
2019-08-29 08:15:27,147 [EventQueue-StaleNodeForStaleNodeHandler] INFO  pipeline.SCMPipelineManager (SCMPipelineManager.java:finalizeAndDestroyPipeline(309)) - destroying pipeline:Pipeline[ Id: a6e5001b-b349-429f-8ae8-67a33f45194a, Nodes: da6a9e9a-35dc-4ac4-b4cf-445d85f2fed3{ip: 192.168.69.111, host: pr-hdds-1569-g9zr9-4145101663, networkLocation: /default-rack, certSerialId: null}, Type:RATIS, Factor:ONE, State:OPEN]
2019-08-29 08:15:27,147 [EventQueue-StaleNodeForStaleNodeHandler] INFO  pipeline.PipelineStateManager (PipelineStateManager.java:finalizePipeline(123)) - Pipeline Pipeline[ Id: a6e5001b-b349-429f-8ae8-67a33f45194a, Nodes: da6a9e9a-35dc-4ac4-b4cf-445d85f2fed3{ip: 192.168.69.111, host: pr-hdds-1569-g9zr9-4145101663, networkLocation: /default-rack, certSerialId: null}, Type:RATIS, Factor:ONE, State:CLOSED] moved to CLOSED state
2019-08-29 08:15:27,291 | INFO  | SCMAudit | user=jenkins1000 | ip=192.168.69.111 | op=SEND_HEARTBEAT {datanodeUUID=87fe3654-6652-4f59-8ff1-d7298e00de43, command=[]} | ret=SUCCESS |  
2019-08-29 08:15:27,350 [ForkJoinPool.commonPool-worker-1] INFO  ozoneimpl.OzoneContainer (OzoneContainer.java:stop(199)) - Attempting to stop container services.
2019-08-29 08:15:27,350 [ForkJoinPool.commonPool-worker-1] INFO  impl.RaftServerProxy (RaftServerProxy.java:lambda$close$4(314)) - da6a9e9a-35dc-4ac4-b4cf-445d85f2fed3: close
2019-08-29 08:15:27,351 [ForkJoinPool.commonPool-worker-1] INFO  impl.RaftServerImpl (RaftServerImpl.java:lambda$shutdown$3(245)) - da6a9e9a-35dc-4ac4-b4cf-445d85f2fed3: shutdown group-B6F78C66E0B0
2019-08-29 08:15:27,351 [ForkJoinPool.commonPool-worker-1] INFO  util.JmxRegister (JmxRegister.java:unregister(73)) - Successfully un-registered JMX Bean with object name Ratis:service=RaftServer,group=group-B6F78C66E0B0,id=da6a9e9a-35dc-4ac4-b4cf-445d85f2fed3
2019-08-29 08:15:27,351 [ForkJoinPool.commonPool-worker-1] INFO  impl.RoleInfo (RoleInfo.java:shutdownLeaderState(104)) - da6a9e9a-35dc-4ac4-b4cf-445d85f2fed3: shutdown LeaderState
2019-08-29 08:15:27,357 [org.apache.ratis.server.impl.LogAppender$AppenderDaemon$$Lambda$482/1869465170@2d62c3c0] WARN  server.GrpcLogAppender (GrpcLogAppender.java:mayWait(143)) - GrpcLogAppender(da6a9e9a-35dc-4ac4-b4cf-445d85f2fed3->816deff1-51bb-41e0-81da-cb008c3f276b): Wait interrupted by java.lang.InterruptedException
2019-08-29 08:15:27,357 [org.apache.ratis.server.impl.LogAppender$AppenderDaemon$$Lambda$482/1869465170@68605808] WARN  server.GrpcLogAppender (GrpcLogAppender.java:mayWait(143)) - GrpcLogAppender(da6a9e9a-35dc-4ac4-b4cf-445d85f2fed3->87fe3654-6652-4f59-8ff1-d7298e00de43): Wait interrupted by java.lang.InterruptedException
2019-08-29 08:15:27,357 [main] INFO  ozoneimpl.OzoneContainer (OzoneContainer.java:stop(199)) - Attempting to stop container services.
2019-08-29 08:15:27,357 [ForkJoinPool.commonPool-worker-1] INFO  impl.PendingRequests (PendingRequests.java:sendNotLeaderResponses(202)) - da6a9e9a-35dc-4ac4-b4cf-445d85f2fed3-PendingRequests: sendNotLeaderResponses
2019-08-29 08:15:27,358 [main] INFO  impl.RaftServerProxy (RaftServerProxy.java:lambda$close$4(314)) - 41d88688-584e-4810-bfc2-66fe460cc9ab: close
2019-08-29 08:15:27,358 [grpc-default-executor-4] INFO  server.GrpcServerProtocolService (GrpcServerProtocolService.java:onCompleted(104)) - 87fe3654-6652-4f59-8ff1-d7298e00de43: appendEntries completed
2019-08-29 08:15:27,367 [ForkJoinPool.commonPool-worker-1] INFO  impl.StateMachineUpdater (StateMachineUpdater.java:stopAndJoin(115)) - StateMachineUpdater:da6a9e9a-35dc-4ac4-b4cf-445d85f2fed3:group-B6F78C66E0B0: set stopIndex = 15
2019-08-29 08:15:27,367 [main] INFO  impl.RaftServerImpl (RaftServerImpl.java:lambda$shutdown$3(245)) - 41d88688-584e-4810-bfc2-66fe460cc9ab: shutdown group-E41C0A231384
2019-08-29 08:15:27,368 [grpc-default-executor-4] INFO  server.GrpcLogAppender (GrpcLogAppender.java:onCompleted(292)) - da6a9e9a-35dc-4ac4-b4cf-445d85f2fed3->87fe3654-6652-4f59-8ff1-d7298e00de43: follower responses appendEntries COMPLETED
2019-08-29 08:15:27,367 [StateMachineUpdater:da6a9e9a-35dc-4ac4-b4cf-445d85f2fed3:group-B6F78C66E0B0] INFO  ratis.ContainerStateMachine (ContainerStateMachine.java:takeSnapshot(283)) - group-B6F78C66E0B0: Taking a snapshot at:(t:1, i:13) file /workdir/hadoop-ozone/integration-test/target/test-dir/MiniOzoneClusterImpl-96c7e6f6-22fe-4395-a836-98ece8aa1bde/datanode-2/data/ratis/f222ff4b-adf9-43b9-abea-b6f78c66e0b0/sm/snapshot.1_13
2019-08-29 08:15:27,368 [main] INFO  util.JmxRegister (JmxRegister.java:unregister(73)) - Successfully un-registered JMX Bean with object name Ratis:service=RaftServer,group=group-E41C0A231384,id=41d88688-584e-4810-bfc2-66fe460cc9ab
2019-08-29 08:15:27,368 [grpc-default-executor-4] INFO  impl.FollowerInfo (FollowerInfo.java:lambda$new$0(50)) - da6a9e9a-35dc-4ac4-b4cf-445d85f2fed3->87fe3654-6652-4f59-8ff1-d7298e00de43: nextIndex: updateUnconditionally 16 -> 15
2019-08-29 08:15:27,369 [main] INFO  impl.RoleInfo (RoleInfo.java:shutdownLeaderState(104)) - 41d88688-584e-4810-bfc2-66fe460cc9ab: shutdown LeaderState
2019-08-29 08:15:27,370 [main] INFO  impl.PendingRequests (PendingRequests.java:sendNotLeaderResponses(202)) - 41d88688-584e-4810-bfc2-66fe460cc9ab-PendingRequests: sendNotLeaderResponses
2019-08-29 08:15:27,370 [main] INFO  impl.StateMachineUpdater (StateMachineUpdater.java:stopAndJoin(115)) - StateMachineUpdater:41d88688-584e-4810-bfc2-66fe460cc9ab:group-E41C0A231384: set stopIndex = 0
2019-08-29 08:15:27,371 [main] INFO  impl.RaftServerImpl (ServerState.java:close(394)) - 41d88688-584e-4810-bfc2-66fe460cc9ab:group-E41C0A231384 closes. The last applied log index is 0
2019-08-29 08:15:27,371 [41d88688-584e-4810-bfc2-66fe460cc9ab-SegmentedRaftLogWorker:Storage Directory /workdir/hadoop-ozone/integration-test/target/test-dir/MiniOzoneClusterImpl-96c7e6f6-22fe-4395-a836-98ece8aa1bde/datanode-3/data/ratis/c474a7ff-f101-4874-a4d2-e41c0a231384] INFO  segmented.SegmentedRaftLogWorker (SegmentedRaftLogWorker.java:run(313)) - 41d88688-584e-4810-bfc2-66fe460cc9ab-SegmentedRaftLogWorker:Storage Directory /workdir/hadoop-ozone/integration-test/target/test-dir/MiniOzoneClusterImpl-96c7e6f6-22fe-4395-a836-98ece8aa1bde/datanode-3/data/ratis/c474a7ff-f101-4874-a4d2-e41c0a231384 was interrupted, exiting. There are 0 tasks remaining in the queue.
2019-08-29 08:15:27,371 [main] INFO  segmented.SegmentedRaftLogWorker (SegmentedRaftLogWorker.java:close(228)) - 41d88688-584e-4810-bfc2-66fe460cc9ab-SegmentedRaftLogWorker:Storage Directory /workdir/hadoop-ozone/integration-test/target/test-dir/MiniOzoneClusterImpl-96c7e6f6-22fe-4395-a836-98ece8aa1bde/datanode-3/data/ratis/c474a7ff-f101-4874-a4d2-e41c0a231384 close()
2019-08-29 08:15:27,374 [main] INFO  impl.RaftServerImpl (RaftServerImpl.java:lambda$shutdown$3(245)) - 41d88688-584e-4810-bfc2-66fe460cc9ab: shutdown group-705F9EC88CD7
2019-08-29 08:15:27,375 [main] INFO  util.JmxRegister (JmxRegister.java:unregister(73)) - Successfully un-registered JMX Bean with object name Ratis:service=RaftServer,group=group-705F9EC88CD7,id=41d88688-584e-4810-bfc2-66fe460cc9ab
2019-08-29 08:15:27,375 [main] INFO  impl.RoleInfo (RoleInfo.java:shutdownFollowerState(121)) - 41d88688-584e-4810-bfc2-66fe460cc9ab: shutdown FollowerState
2019-08-29 08:15:27,376 [main] INFO  impl.StateMachineUpdater (StateMachineUpdater.java:stopAndJoin(115)) - StateMachineUpdater:41d88688-584e-4810-bfc2-66fe460cc9ab:group-705F9EC88CD7: set stopIndex = 5
2019-08-29 08:15:27,376 [Thread-4590] INFO  impl.FollowerState (FollowerState.java:run(114)) - 41d88688-584e-4810-bfc2-66fe460cc9ab: FollowerState was interrupted: java.lang.InterruptedException: sleep interrupted
2019-08-29 08:15:27,376 [StateMachineUpdater:41d88688-584e-4810-bfc2-66fe460cc9ab:group-705F9EC88CD7] INFO  ratis.ContainerStateMachine (ContainerStateMachine.java:takeSnapshot(283)) - group-705F9EC88CD7: Taking a snapshot at:(t:1, i:5) file /workdir/hadoop-ozone/integration-test/target/test-dir/MiniOzoneClusterImpl-96c7e6f6-22fe-4395-a836-98ece8aa1bde/datanode-3/data/ratis/ecd29f1d-72cc-4de6-b758-705f9ec88cd7/sm/snapshot.1_5
2019-08-29 08:15:27,458 [grpc-default-executor-7] WARN  server.GrpcLogAppender (LogUtils.java:warn(134)) - d7d16497-a2ba-406b-855b-2487a72c7d49->05afa806-2860-409e-9f8b-b58becb1998f: Failed appendEntries: org.apache.ratis.thirdparty.io.grpc.StatusRuntimeException: UNAVAILABLE: io exception
2019-08-29 08:15:27,459 [grpc-default-executor-7] INFO  impl.FollowerInfo (FollowerInfo.java:lambda$new$0(50)) - d7d16497-a2ba-406b-855b-2487a72c7d49->05afa806-2860-409e-9f8b-b58becb1998f: nextIndex: updateUnconditionally 3 -> 2
2019-08-29 08:15:27,615 [StateMachineUpdater:41d88688-584e-4810-bfc2-66fe460cc9ab:group-705F9EC88CD7] INFO  ratis.ContainerStateMachine (ContainerStateMachine.java:takeSnapshot(294)) - group-705F9EC88CD7: Finished taking a snapshot at:(t:1, i:5) file:/workdir/hadoop-ozone/integration-test/target/test-dir/MiniOzoneClusterImpl-96c7e6f6-22fe-4395-a836-98ece8aa1bde/datanode-3/data/ratis/ecd29f1d-72cc-4de6-b758-705f9ec88cd7/sm/snapshot.1_5 time:239
2019-08-29 08:15:27,615 [StateMachineUpdater:da6a9e9a-35dc-4ac4-b4cf-445d85f2fed3:group-B6F78C66E0B0] INFO  ratis.ContainerStateMachine (ContainerStateMachine.java:takeSnapshot(294)) - group-B6F78C66E0B0: Finished taking a snapshot at:(t:1, i:13) file:/workdir/hadoop-ozone/integration-test/target/test-dir/MiniOzoneClusterImpl-96c7e6f6-22fe-4395-a836-98ece8aa1bde/datanode-2/data/ratis/f222ff4b-adf9-43b9-abea-b6f78c66e0b0/sm/snapshot.1_13 time:247
2019-08-29 08:15:27,615 [StateMachineUpdater:41d88688-584e-4810-bfc2-66fe460cc9ab:group-705F9EC88CD7] INFO  impl.StateMachineUpdater (StateMachineUpdater.java:takeSnapshot(242)) - StateMachineUpdater:41d88688-584e-4810-bfc2-66fe460cc9ab:group-705F9EC88CD7: Took a snapshot at index 5
2019-08-29 08:15:27,615 [StateMachineUpdater:da6a9e9a-35dc-4ac4-b4cf-445d85f2fed3:group-B6F78C66E0B0] INFO  impl.StateMachineUpdater (StateMachineUpdater.java:takeSnapshot(242)) - StateMachineUpdater:da6a9e9a-35dc-4ac4-b4cf-445d85f2fed3:group-B6F78C66E0B0: Took a snapshot at index 13
2019-08-29 08:15:27,615 [StateMachineUpdater:41d88688-584e-4810-bfc2-66fe460cc9ab:group-705F9EC88CD7] INFO  impl.StateMachineUpdater (StateMachineUpdater.java:lambda$new$0(80)) - StateMachineUpdater:41d88688-584e-4810-bfc2-66fe460cc9ab:group-705F9EC88CD7: snapshotIndex: updateIncreasingly -1 -> 5
2019-08-29 08:15:27,615 [StateMachineUpdater:da6a9e9a-35dc-4ac4-b4cf-445d85f2fed3:group-B6F78C66E0B0] INFO  impl.StateMachineUpdater (StateMachineUpdater.java:lambda$new$0(80)) - StateMachineUpdater:da6a9e9a-35dc-4ac4-b4cf-445d85f2fed3:group-B6F78C66E0B0: snapshotIndex: updateIncreasingly -1 -> 13
2019-08-29 08:15:27,615 [main] INFO  impl.RaftServerImpl (ServerState.java:close(394)) - 41d88688-584e-4810-bfc2-66fe460cc9ab:group-705F9EC88CD7 closes. The last applied log index is 5
2019-08-29 08:15:27,616 [ForkJoinPool.commonPool-worker-1] INFO  impl.RaftServerImpl (ServerState.java:close(394)) - da6a9e9a-35dc-4ac4-b4cf-445d85f2fed3:group-B6F78C66E0B0 closes. The last applied log index is 15
2019-08-29 08:15:27,616 [41d88688-584e-4810-bfc2-66fe460cc9ab-SegmentedRaftLogWorker:Storage Directory /workdir/hadoop-ozone/integration-test/target/test-dir/MiniOzoneClusterImpl-96c7e6f6-22fe-4395-a836-98ece8aa1bde/datanode-3/data/ratis/ecd29f1d-72cc-4de6-b758-705f9ec88cd7] INFO  segmented.SegmentedRaftLogWorker (SegmentedRaftLogWorker.java:run(313)) - 41d88688-584e-4810-bfc2-66fe460cc9ab-SegmentedRaftLogWorker:Storage Directory /workdir/hadoop-ozone/integration-test/target/test-dir/MiniOzoneClusterImpl-96c7e6f6-22fe-4395-a836-98ece8aa1bde/datanode-3/data/ratis/ecd29f1d-72cc-4de6-b758-705f9ec88cd7 was interrupted, exiting. There are 0 tasks remaining in the queue.
2019-08-29 08:15:27,619 [da6a9e9a-35dc-4ac4-b4cf-445d85f2fed3-SegmentedRaftLogWorker:Storage Directory /workdir/hadoop-ozone/integration-test/target/test-dir/MiniOzoneClusterImpl-96c7e6f6-22fe-4395-a836-98ece8aa1bde/datanode-2/data/ratis/f222ff4b-adf9-43b9-abea-b6f78c66e0b0] INFO  segmented.SegmentedRaftLogWorker (SegmentedRaftLogWorker.java:run(313)) - da6a9e9a-35dc-4ac4-b4cf-445d85f2fed3-SegmentedRaftLogWorker:Storage Directory /workdir/hadoop-ozone/integration-test/target/test-dir/MiniOzoneClusterImpl-96c7e6f6-22fe-4395-a836-98ece8aa1bde/datanode-2/data/ratis/f222ff4b-adf9-43b9-abea-b6f78c66e0b0 was interrupted, exiting. There are 0 tasks remaining in the queue.
2019-08-29 08:15:27,619 [main] INFO  segmented.SegmentedRaftLogWorker (SegmentedRaftLogWorker.java:close(228)) - 41d88688-584e-4810-bfc2-66fe460cc9ab-SegmentedRaftLogWorker:Storage Directory /workdir/hadoop-ozone/integration-test/target/test-dir/MiniOzoneClusterImpl-96c7e6f6-22fe-4395-a836-98ece8aa1bde/datanode-3/data/ratis/ecd29f1d-72cc-4de6-b758-705f9ec88cd7 close()
2019-08-29 08:15:27,619 [ForkJoinPool.commonPool-worker-1] INFO  segmented.SegmentedRaftLogWorker (SegmentedRaftLogWorker.java:close(228)) - da6a9e9a-35dc-4ac4-b4cf-445d85f2fed3-SegmentedRaftLogWorker:Storage Directory /workdir/hadoop-ozone/integration-test/target/test-dir/MiniOzoneClusterImpl-96c7e6f6-22fe-4395-a836-98ece8aa1bde/datanode-2/data/ratis/f222ff4b-adf9-43b9-abea-b6f78c66e0b0 close()
2019-08-29 08:15:27,620 [main] INFO  server.GrpcService (GrpcService.java:closeImpl(155)) - 41d88688-584e-4810-bfc2-66fe460cc9ab: shutdown server with port 41360 now
2019-08-29 08:15:27,627 [ForkJoinPool.commonPool-worker-1] INFO  impl.RaftServerImpl (RaftServerImpl.java:lambda$shutdown$3(245)) - da6a9e9a-35dc-4ac4-b4cf-445d85f2fed3: shutdown group-67A33F45194A
2019-08-29 08:15:27,627 [ForkJoinPool.commonPool-worker-1] INFO  util.JmxRegister (JmxRegister.java:unregister(73)) - Successfully un-registered JMX Bean with object name Ratis:service=RaftServer,group=group-67A33F45194A,id=da6a9e9a-35dc-4ac4-b4cf-445d85f2fed3
2019-08-29 08:15:27,628 [grpc-default-executor-8] WARN  server.GrpcServerProtocolService (LogUtils.java:warn(134)) - 41d88688-584e-4810-bfc2-66fe460cc9ab: appendEntries onError: org.apache.ratis.thirdparty.io.grpc.StatusRuntimeException: CANCELLED: cancelled before receiving half close
2019-08-29 08:15:27,628 [main] INFO  server.GrpcService (GrpcService.java:closeImpl(163)) - 41d88688-584e-4810-bfc2-66fe460cc9ab: shutdown server with port 41360 successfully
2019-08-29 08:15:27,628 [ForkJoinPool.commonPool-worker-1] INFO  impl.RoleInfo (RoleInfo.java:shutdownLeaderState(104)) - da6a9e9a-35dc-4ac4-b4cf-445d85f2fed3: shutdown LeaderState
2019-08-29 08:15:27,628 [grpc-default-executor-7] WARN  server.GrpcLogAppender (LogUtils.java:warn(134)) - d7d16497-a2ba-406b-855b-2487a72c7d49->41d88688-584e-4810-bfc2-66fe460cc9ab: Failed appendEntries: org.apache.ratis.thirdparty.io.grpc.StatusRuntimeException: CANCELLED: HTTP/2 error code: CANCEL
Received Rst Stream
2019-08-29 08:15:27,628 [ForkJoinPool.commonPool-worker-1] INFO  impl.PendingRequests (PendingRequests.java:sendNotLeaderResponses(202)) - da6a9e9a-35dc-4ac4-b4cf-445d85f2fed3-PendingRequests: sendNotLeaderResponses
2019-08-29 08:15:27,629 [grpc-default-executor-7] INFO  impl.FollowerInfo (FollowerInfo.java:lambda$new$0(50)) - d7d16497-a2ba-406b-855b-2487a72c7d49->41d88688-584e-4810-bfc2-66fe460cc9ab: nextIndex: updateUnconditionally 7 -> 6
2019-08-29 08:15:27,629 [ForkJoinPool.commonPool-worker-1] INFO  impl.StateMachineUpdater (StateMachineUpdater.java:stopAndJoin(115)) - StateMachineUpdater:da6a9e9a-35dc-4ac4-b4cf-445d85f2fed3:group-67A33F45194A: set stopIndex = 0
2019-08-29 08:15:27,629 [ForkJoinPool.commonPool-worker-1] INFO  impl.RaftServerImpl (ServerState.java:close(394)) - da6a9e9a-35dc-4ac4-b4cf-445d85f2fed3:group-67A33F45194A closes. The last applied log index is 0
2019-08-29 08:15:27,630 [main] INFO  utils.BackgroundService (BackgroundService.java:shutdown(148)) - Shutting down service BlockDeletingService
2019-08-29 08:15:27,630 [da6a9e9a-35dc-4ac4-b4cf-445d85f2fed3-SegmentedRaftLogWorker:Storage Directory /workdir/hadoop-ozone/integration-test/target/test-dir/MiniOzoneClusterImpl-96c7e6f6-22fe-4395-a836-98ece8aa1bde/datanode-2/data/ratis/a6e5001b-b349-429f-8ae8-67a33f45194a] INFO  segmented.SegmentedRaftLogWorker (SegmentedRaftLogWorker.java:run(313)) - da6a9e9a-35dc-4ac4-b4cf-445d85f2fed3-SegmentedRaftLogWorker:Storage Directory /workdir/hadoop-ozone/integration-test/target/test-dir/MiniOzoneClusterImpl-96c7e6f6-22fe-4395-a836-98ece8aa1bde/datanode-2/data/ratis/a6e5001b-b349-429f-8ae8-67a33f45194a was interrupted, exiting. There are 0 tasks remaining in the queue.
2019-08-29 08:15:27,630 [ForkJoinPool.commonPool-worker-1] INFO  segmented.SegmentedRaftLogWorker (SegmentedRaftLogWorker.java:close(228)) - da6a9e9a-35dc-4ac4-b4cf-445d85f2fed3-SegmentedRaftLogWorker:Storage Directory /workdir/hadoop-ozone/integration-test/target/test-dir/MiniOzoneClusterImpl-96c7e6f6-22fe-4395-a836-98ece8aa1bde/datanode-2/data/ratis/a6e5001b-b349-429f-8ae8-67a33f45194a close()
2019-08-29 08:15:27,631 [ForkJoinPool.commonPool-worker-1] INFO  server.GrpcService (GrpcService.java:closeImpl(155)) - da6a9e9a-35dc-4ac4-b4cf-445d85f2fed3: shutdown server with port 39023 now
2019-08-29 08:15:27,631 [refreshUsed-/workdir/hadoop-ozone/integration-test/target/test-dir/MiniOzoneClusterImpl-96c7e6f6-22fe-4395-a836-98ece8aa1bde/datanode-3/data/containers] WARN  fs.CachingGetSpaceUsed (CachingGetSpaceUsed.java:run(183)) - Thread Interrupted waiting to refresh disk information: sleep interrupted
2019-08-29 08:15:27,632 [grpc-default-executor-8] WARN  client.GrpcClientProtocolService (LogUtils.java:warn(134)) - 3-UnorderedRequestStreamObserver3: onError: org.apache.ratis.thirdparty.io.grpc.StatusRuntimeException: CANCELLED: cancelled before receiving half close
2019-08-29 08:15:27,633 [ForkJoinPool.commonPool-worker-1] INFO  server.GrpcService (GrpcService.java:closeImpl(163)) - da6a9e9a-35dc-4ac4-b4cf-445d85f2fed3: shutdown server with port 39023 successfully
2019-08-29 08:15:27,634 [ForkJoinPool.commonPool-worker-1] INFO  utils.BackgroundService (BackgroundService.java:shutdown(148)) - Shutting down service BlockDeletingService
2019-08-29 08:15:27,637 [refreshUsed-/workdir/hadoop-ozone/integration-test/target/test-dir/MiniOzoneClusterImpl-96c7e6f6-22fe-4395-a836-98ece8aa1bde/datanode-2/data/containers] WARN  fs.CachingGetSpaceUsed (CachingGetSpaceUsed.java:run(183)) - Thread Interrupted waiting to refresh disk information: sleep interrupted
2019-08-29 08:15:27,653 [ForkJoinPool.commonPool-worker-1] INFO  statemachine.DatanodeStateMachine (DatanodeStateMachine.java:stopDaemon(395)) - Ozone container server stopped.
2019-08-29 08:15:27,654 [main] INFO  statemachine.DatanodeStateMachine (DatanodeStateMachine.java:stopDaemon(395)) - Ozone container server stopped.
2019-08-29 08:15:27,656 [main] INFO  handler.ContextHandler (ContextHandler.java:doStop(910)) - Stopped o.e.j.w.WebAppContext@46ce6678{/,null,UNAVAILABLE}{/hddsDatanode}
2019-08-29 08:15:27,656 [ForkJoinPool.commonPool-worker-1] INFO  handler.ContextHandler (ContextHandler.java:doStop(910)) - Stopped o.e.j.w.WebAppContext@462f1d85{/,null,UNAVAILABLE}{/hddsDatanode}
2019-08-29 08:15:27,657 [main] INFO  server.AbstractConnector (AbstractConnector.java:doStop(318)) - Stopped ServerConnector@38f2c97e{HTTP/1.1,[http/1.1]}{0.0.0.0:0}
2019-08-29 08:15:27,657 [ForkJoinPool.commonPool-worker-1] INFO  server.AbstractConnector (AbstractConnector.java:doStop(318)) - Stopped ServerConnector@40c31127{HTTP/1.1,[http/1.1]}{0.0.0.0:0}
2019-08-29 08:15:27,657 [main] INFO  handler.ContextHandler (ContextHandler.java:doStop(910)) - Stopped o.e.j.s.ServletContextHandler@68a4129d{/static,jar:file:/home/user/.m2/repository/org/apache/hadoop/hadoop-hdds-container-service/0.5.0-SNAPSHOT/hadoop-hdds-container-service-0.5.0-SNAPSHOT.jar!/webapps/static,UNAVAILABLE}
2019-08-29 08:15:27,658 [ForkJoinPool.commonPool-worker-1] INFO  handler.ContextHandler (ContextHandler.java:doStop(910)) - Stopped o.e.j.s.ServletContextHandler@681f5a1e{/static,jar:file:/home/user/.m2/repository/org/apache/hadoop/hadoop-hdds-container-service/0.5.0-SNAPSHOT/hadoop-hdds-container-service-0.5.0-SNAPSHOT.jar!/webapps/static,UNAVAILABLE}
2019-08-29 08:15:27,659 [main] INFO  handler.ContextHandler (ContextHandler.java:doStop(910)) - Stopped o.e.j.s.ServletContextHandler@3c9163df{/logs,file:///workdir/hadoop-ozone/integration-test/target/log,UNAVAILABLE}
2019-08-29 08:15:27,660 [ForkJoinPool.commonPool-worker-1] INFO  handler.ContextHandler (ContextHandler.java:doStop(910)) - Stopped o.e.j.s.ServletContextHandler@7fd4682{/logs,file:///workdir/hadoop-ozone/integration-test/target/log,UNAVAILABLE}
2019-08-29 08:15:27,661 [main] INFO  datanode.ObjectStoreHandler (ObjectStoreHandler.java:close(155)) - Closing ObjectStoreHandler.
2019-08-29 08:15:27,661 [ForkJoinPool.commonPool-worker-1] INFO  datanode.ObjectStoreHandler (ObjectStoreHandler.java:close(155)) - Closing ObjectStoreHandler.
2019-08-29 08:15:27,661 [main] INFO  ozone.HddsDatanodeService (HddsDatanodeService.java:stop(451)) - Stopped plug-in org.apache.hadoop.ozone.web.OzoneHddsDatanodeService@e0f22c3
2019-08-29 08:15:27,661 [ForkJoinPool.commonPool-worker-1] INFO  ozone.HddsDatanodeService (HddsDatanodeService.java:stop(451)) - Stopped plug-in org.apache.hadoop.ozone.web.OzoneHddsDatanodeService@1e2c701
2019-08-29 08:15:27,824 [Datanode State Machine Thread - 0] INFO  statemachine.DatanodeStateMachine (DatanodeStateMachine.java:lambda$startDaemon$0(350)) - Ozone container server started.
2019-08-29 08:15:27,969 | INFO  | SCMAudit | user=jenkins1000 | ip=192.168.69.111 | op=SEND_HEARTBEAT {datanodeUUID=d7d16497-a2ba-406b-855b-2487a72c7d49, command=[]} | ret=SUCCESS |  
2019-08-29 08:15:28,290 [Datanode State Machine Thread - 0] INFO  statemachine.DatanodeStateMachine (DatanodeStateMachine.java:lambda$startDaemon$0(350)) - Ozone container server started.
2019-08-29 08:15:28,969 | INFO  | SCMAudit | user=jenkins1000 | ip=192.168.69.111 | op=SEND_HEARTBEAT {datanodeUUID=d7d16497-a2ba-406b-855b-2487a72c7d49, command=[]} | ret=SUCCESS |  
2019-08-29 08:15:29,959 [grpc-default-executor-7] WARN  server.GrpcLogAppender (LogUtils.java:warn(134)) - d7d16497-a2ba-406b-855b-2487a72c7d49->05afa806-2860-409e-9f8b-b58becb1998f: Failed appendEntries: org.apache.ratis.thirdparty.io.grpc.StatusRuntimeException: UNAVAILABLE: io exception
2019-08-29 08:15:29,959 [grpc-default-executor-8] WARN  server.GrpcLogAppender (LogUtils.java:warn(134)) - d7d16497-a2ba-406b-855b-2487a72c7d49->41d88688-584e-4810-bfc2-66fe460cc9ab: Failed appendEntries: org.apache.ratis.thirdparty.io.grpc.StatusRuntimeException: UNAVAILABLE: io exception
2019-08-29 08:15:29,959 [grpc-default-executor-7] INFO  impl.FollowerInfo (FollowerInfo.java:lambda$new$0(50)) - d7d16497-a2ba-406b-855b-2487a72c7d49->05afa806-2860-409e-9f8b-b58becb1998f: nextIndex: updateUnconditionally 2 -> 1
2019-08-29 08:15:29,959 [grpc-default-executor-8] INFO  impl.FollowerInfo (FollowerInfo.java:lambda$new$0(50)) - d7d16497-a2ba-406b-855b-2487a72c7d49->41d88688-584e-4810-bfc2-66fe460cc9ab: nextIndex: updateUnconditionally 6 -> 5
2019-08-29 08:15:29,969 | INFO  | SCMAudit | user=jenkins1000 | ip=192.168.69.111 | op=SEND_HEARTBEAT {datanodeUUID=d7d16497-a2ba-406b-855b-2487a72c7d49, command=[]} | ret=SUCCESS |  
2019-08-29 08:15:30,970 | INFO  | SCMAudit | user=jenkins1000 | ip=192.168.69.111 | op=SEND_HEARTBEAT {datanodeUUID=d7d16497-a2ba-406b-855b-2487a72c7d49, command=[]} | ret=SUCCESS |  
2019-08-29 08:15:31,852 [EventQueue-StaleNodeForStaleNodeHandler] INFO  node.StaleNodeHandler (StaleNodeHandler.java:onMessage(58)) - Datanode b26f7447-c8e5-423c-a9c9-ce802d0a7050{ip: 192.168.69.111, host: pr-hdds-1569-g9zr9-4145101663, networkLocation: /default-rack, certSerialId: null} moved to stale state. Finalizing its pipelines [PipelineID=0b3253fb-07d3-4461-b00e-b4eb4bb1732a]
2019-08-29 08:15:31,852 [EventQueue-StaleNodeForStaleNodeHandler] INFO  pipeline.SCMPipelineManager (SCMPipelineManager.java:finalizeAndDestroyPipeline(309)) - destroying pipeline:Pipeline[ Id: 0b3253fb-07d3-4461-b00e-b4eb4bb1732a, Nodes: b26f7447-c8e5-423c-a9c9-ce802d0a7050{ip: 192.168.69.111, host: pr-hdds-1569-g9zr9-4145101663, networkLocation: /default-rack, certSerialId: null}, Type:RATIS, Factor:ONE, State:OPEN]
2019-08-29 08:15:31,852 [EventQueue-StaleNodeForStaleNodeHandler] INFO  pipeline.PipelineStateManager (PipelineStateManager.java:finalizePipeline(123)) - Pipeline Pipeline[ Id: 0b3253fb-07d3-4461-b00e-b4eb4bb1732a, Nodes: b26f7447-c8e5-423c-a9c9-ce802d0a7050{ip: 192.168.69.111, host: pr-hdds-1569-g9zr9-4145101663, networkLocation: /default-rack, certSerialId: null}, Type:RATIS, Factor:ONE, State:CLOSED] moved to CLOSED state
2019-08-29 08:15:31,970 | INFO  | SCMAudit | user=jenkins1000 | ip=192.168.69.111 | op=SEND_HEARTBEAT {datanodeUUID=d7d16497-a2ba-406b-855b-2487a72c7d49, command=[]} | ret=SUCCESS |  
2019-08-29 08:15:32,353 [EventQueue-StaleNodeForStaleNodeHandler] INFO  node.StaleNodeHandler (StaleNodeHandler.java:onMessage(58)) - Datanode 87fe3654-6652-4f59-8ff1-d7298e00de43{ip: 192.168.69.111, host: pr-hdds-1569-g9zr9-4145101663, networkLocation: /default-rack, certSerialId: null} moved to stale state. Finalizing its pipelines [PipelineID=f222ff4b-adf9-43b9-abea-b6f78c66e0b0, PipelineID=7fcfa0ac-c7bb-4fdd-b25e-5d341ac9d250]
2019-08-29 08:15:32,353 [EventQueue-StaleNodeForStaleNodeHandler] INFO  pipeline.SCMPipelineManager (SCMPipelineManager.java:finalizeAndDestroyPipeline(309)) - destroying pipeline:Pipeline[ Id: f222ff4b-adf9-43b9-abea-b6f78c66e0b0, Nodes: 816deff1-51bb-41e0-81da-cb008c3f276b{ip: 192.168.69.111, host: pr-hdds-1569-g9zr9-4145101663, networkLocation: /default-rack, certSerialId: null}87fe3654-6652-4f59-8ff1-d7298e00de43{ip: 192.168.69.111, host: pr-hdds-1569-g9zr9-4145101663, networkLocation: /default-rack, certSerialId: null}da6a9e9a-35dc-4ac4-b4cf-445d85f2fed3{ip: 192.168.69.111, host: pr-hdds-1569-g9zr9-4145101663, networkLocation: /default-rack, certSerialId: null}, Type:RATIS, Factor:THREE, State:CLOSED]
2019-08-29 08:15:32,353 [EventQueue-StaleNodeForStaleNodeHandler] INFO  pipeline.SCMPipelineManager (SCMPipelineManager.java:finalizeAndDestroyPipeline(309)) - destroying pipeline:Pipeline[ Id: 7fcfa0ac-c7bb-4fdd-b25e-5d341ac9d250, Nodes: 87fe3654-6652-4f59-8ff1-d7298e00de43{ip: 192.168.69.111, host: pr-hdds-1569-g9zr9-4145101663, networkLocation: /default-rack, certSerialId: null}, Type:RATIS, Factor:ONE, State:OPEN]
2019-08-29 08:15:32,353 [EventQueue-StaleNodeForStaleNodeHandler] INFO  pipeline.PipelineStateManager (PipelineStateManager.java:finalizePipeline(123)) - Pipeline Pipeline[ Id: 7fcfa0ac-c7bb-4fdd-b25e-5d341ac9d250, Nodes: 87fe3654-6652-4f59-8ff1-d7298e00de43{ip: 192.168.69.111, host: pr-hdds-1569-g9zr9-4145101663, networkLocation: /default-rack, certSerialId: null}, Type:RATIS, Factor:ONE, State:CLOSED] moved to CLOSED state
2019-08-29 08:15:32,460 [grpc-default-executor-11] WARN  server.GrpcLogAppender (LogUtils.java:warn(134)) - d7d16497-a2ba-406b-855b-2487a72c7d49->05afa806-2860-409e-9f8b-b58becb1998f: Failed appendEntries: org.apache.ratis.thirdparty.io.grpc.StatusRuntimeException: UNAVAILABLE: io exception
2019-08-29 08:15:32,460 [grpc-default-executor-10] WARN  server.GrpcLogAppender (LogUtils.java:warn(134)) - d7d16497-a2ba-406b-855b-2487a72c7d49->41d88688-584e-4810-bfc2-66fe460cc9ab: Failed appendEntries: org.apache.ratis.thirdparty.io.grpc.StatusRuntimeException: UNAVAILABLE: io exception
2019-08-29 08:15:32,460 [grpc-default-executor-11] INFO  impl.FollowerInfo (FollowerInfo.java:lambda$new$0(50)) - d7d16497-a2ba-406b-855b-2487a72c7d49->05afa806-2860-409e-9f8b-b58becb1998f: nextIndex: updateUnconditionally 1 -> 0
2019-08-29 08:15:32,461 [grpc-default-executor-10] INFO  impl.FollowerInfo (FollowerInfo.java:lambda$new$0(50)) - d7d16497-a2ba-406b-855b-2487a72c7d49->41d88688-584e-4810-bfc2-66fe460cc9ab: nextIndex: updateUnconditionally 5 -> 4
2019-08-29 08:15:32,662 [main] INFO  ozoneimpl.OzoneContainer (OzoneContainer.java:stop(199)) - Attempting to stop container services.
2019-08-29 08:15:32,662 [ForkJoinPool.commonPool-worker-1] INFO  ozoneimpl.OzoneContainer (OzoneContainer.java:stop(199)) - Attempting to stop container services.
2019-08-29 08:15:32,663 [main] INFO  impl.RaftServerProxy (RaftServerProxy.java:lambda$close$4(314)) - b26f7447-c8e5-423c-a9c9-ce802d0a7050: close
2019-08-29 08:15:32,663 [ForkJoinPool.commonPool-worker-1] INFO  impl.RaftServerProxy (RaftServerProxy.java:lambda$close$4(314)) - 87fe3654-6652-4f59-8ff1-d7298e00de43: close
2019-08-29 08:15:32,664 [main] INFO  impl.RaftServerImpl (RaftServerImpl.java:lambda$shutdown$3(245)) - b26f7447-c8e5-423c-a9c9-ce802d0a7050: shutdown group-B4EB4BB1732A
2019-08-29 08:15:32,664 [ForkJoinPool.commonPool-worker-1] INFO  impl.RaftServerImpl (RaftServerImpl.java:lambda$shutdown$3(245)) - 87fe3654-6652-4f59-8ff1-d7298e00de43: shutdown group-B6F78C66E0B0
2019-08-29 08:15:32,665 [main] INFO  util.JmxRegister (JmxRegister.java:unregister(73)) - Successfully un-registered JMX Bean with object name Ratis:service=RaftServer,group=group-B4EB4BB1732A,id=b26f7447-c8e5-423c-a9c9-ce802d0a7050
2019-08-29 08:15:32,665 [ForkJoinPool.commonPool-worker-1] INFO  util.JmxRegister (JmxRegister.java:unregister(73)) - Successfully un-registered JMX Bean with object name Ratis:service=RaftServer,group=group-B6F78C66E0B0,id=87fe3654-6652-4f59-8ff1-d7298e00de43
2019-08-29 08:15:32,665 [main] INFO  impl.RoleInfo (RoleInfo.java:shutdownLeaderState(104)) - b26f7447-c8e5-423c-a9c9-ce802d0a7050: shutdown LeaderState
2019-08-29 08:15:32,666 [ForkJoinPool.commonPool-worker-1] INFO  impl.RoleInfo (RoleInfo.java:shutdownFollowerState(121)) - 87fe3654-6652-4f59-8ff1-d7298e00de43: shutdown FollowerState
2019-08-29 08:15:32,666 [main] INFO  impl.PendingRequests (PendingRequests.java:sendNotLeaderResponses(202)) - b26f7447-c8e5-423c-a9c9-ce802d0a7050-PendingRequests: sendNotLeaderResponses
2019-08-29 08:15:32,667 [StateMachineUpdater:87fe3654-6652-4f59-8ff1-d7298e00de43:group-B6F78C66E0B0] INFO  ratis.ContainerStateMachine (ContainerStateMachine.java:takeSnapshot(283)) - group-B6F78C66E0B0: Taking a snapshot at:(t:1, i:15) file /workdir/hadoop-ozone/integration-test/target/test-dir/MiniOzoneClusterImpl-96c7e6f6-22fe-4395-a836-98ece8aa1bde/datanode-0/data/ratis/f222ff4b-adf9-43b9-abea-b6f78c66e0b0/sm/snapshot.1_15
2019-08-29 08:15:32,667 [Thread-4553] INFO  impl.FollowerState (FollowerState.java:run(114)) - 87fe3654-6652-4f59-8ff1-d7298e00de43: FollowerState was interrupted: java.lang.InterruptedException: sleep interrupted
2019-08-29 08:15:32,666 [ForkJoinPool.commonPool-worker-1] INFO  impl.StateMachineUpdater (StateMachineUpdater.java:stopAndJoin(115)) - StateMachineUpdater:87fe3654-6652-4f59-8ff1-d7298e00de43:group-B6F78C66E0B0: set stopIndex = 15
2019-08-29 08:15:32,667 [main] INFO  impl.StateMachineUpdater (StateMachineUpdater.java:stopAndJoin(115)) - StateMachineUpdater:b26f7447-c8e5-423c-a9c9-ce802d0a7050:group-B4EB4BB1732A: set stopIndex = 0
2019-08-29 08:15:32,670 [main] INFO  impl.RaftServerImpl (ServerState.java:close(394)) - b26f7447-c8e5-423c-a9c9-ce802d0a7050:group-B4EB4BB1732A closes. The last applied log index is 0
2019-08-29 08:15:32,671 [b26f7447-c8e5-423c-a9c9-ce802d0a7050-SegmentedRaftLogWorker:Storage Directory /workdir/hadoop-ozone/integration-test/target/test-dir/MiniOzoneClusterImpl-96c7e6f6-22fe-4395-a836-98ece8aa1bde/datanode-6/data/ratis/0b3253fb-07d3-4461-b00e-b4eb4bb1732a] INFO  segmented.SegmentedRaftLogWorker (SegmentedRaftLogWorker.java:run(313)) - b26f7447-c8e5-423c-a9c9-ce802d0a7050-SegmentedRaftLogWorker:Storage Directory /workdir/hadoop-ozone/integration-test/target/test-dir/MiniOzoneClusterImpl-96c7e6f6-22fe-4395-a836-98ece8aa1bde/datanode-6/data/ratis/0b3253fb-07d3-4461-b00e-b4eb4bb1732a was interrupted, exiting. There are 0 tasks remaining in the queue.
2019-08-29 08:15:32,671 [main] INFO  segmented.SegmentedRaftLogWorker (SegmentedRaftLogWorker.java:close(228)) - b26f7447-c8e5-423c-a9c9-ce802d0a7050-SegmentedRaftLogWorker:Storage Directory /workdir/hadoop-ozone/integration-test/target/test-dir/MiniOzoneClusterImpl-96c7e6f6-22fe-4395-a836-98ece8aa1bde/datanode-6/data/ratis/0b3253fb-07d3-4461-b00e-b4eb4bb1732a close()
2019-08-29 08:15:32,671 [main] INFO  server.GrpcService (GrpcService.java:closeImpl(155)) - b26f7447-c8e5-423c-a9c9-ce802d0a7050: shutdown server with port 46432 now
2019-08-29 08:15:32,674 [main] INFO  server.GrpcService (GrpcService.java:closeImpl(163)) - b26f7447-c8e5-423c-a9c9-ce802d0a7050: shutdown server with port 46432 successfully
2019-08-29 08:15:32,675 [main] INFO  utils.BackgroundService (BackgroundService.java:shutdown(148)) - Shutting down service BlockDeletingService
2019-08-29 08:15:32,680 [refreshUsed-/workdir/hadoop-ozone/integration-test/target/test-dir/MiniOzoneClusterImpl-96c7e6f6-22fe-4395-a836-98ece8aa1bde/datanode-6/data/containers] WARN  fs.CachingGetSpaceUsed (CachingGetSpaceUsed.java:run(183)) - Thread Interrupted waiting to refresh disk information: sleep interrupted
2019-08-29 08:15:32,700 [main] INFO  statemachine.DatanodeStateMachine (DatanodeStateMachine.java:stopDaemon(395)) - Ozone container server stopped.
2019-08-29 08:15:32,707 [main] INFO  handler.ContextHandler (ContextHandler.java:doStop(910)) - Stopped o.e.j.w.WebAppContext@722af653{/,null,UNAVAILABLE}{/hddsDatanode}
2019-08-29 08:15:32,707 [main] INFO  server.AbstractConnector (AbstractConnector.java:doStop(318)) - Stopped ServerConnector@71fff0b{HTTP/1.1,[http/1.1]}{0.0.0.0:0}
2019-08-29 08:15:32,708 [main] INFO  handler.ContextHandler (ContextHandler.java:doStop(910)) - Stopped o.e.j.s.ServletContextHandler@200eaca{/static,jar:file:/home/user/.m2/repository/org/apache/hadoop/hadoop-hdds-container-service/0.5.0-SNAPSHOT/hadoop-hdds-container-service-0.5.0-SNAPSHOT.jar!/webapps/static,UNAVAILABLE}
2019-08-29 08:15:32,708 [main] INFO  handler.ContextHandler (ContextHandler.java:doStop(910)) - Stopped o.e.j.s.ServletContextHandler@3ea95c22{/logs,file:///workdir/hadoop-ozone/integration-test/target/log,UNAVAILABLE}
2019-08-29 08:15:32,709 [main] INFO  datanode.ObjectStoreHandler (ObjectStoreHandler.java:close(155)) - Closing ObjectStoreHandler.
2019-08-29 08:15:32,710 [main] INFO  ozone.HddsDatanodeService (HddsDatanodeService.java:stop(451)) - Stopped plug-in org.apache.hadoop.ozone.web.OzoneHddsDatanodeService@7ff61924
2019-08-29 08:15:32,715 [StateMachineUpdater:87fe3654-6652-4f59-8ff1-d7298e00de43:group-B6F78C66E0B0] INFO  ratis.ContainerStateMachine (ContainerStateMachine.java:takeSnapshot(294)) - group-B6F78C66E0B0: Finished taking a snapshot at:(t:1, i:15) file:/workdir/hadoop-ozone/integration-test/target/test-dir/MiniOzoneClusterImpl-96c7e6f6-22fe-4395-a836-98ece8aa1bde/datanode-0/data/ratis/f222ff4b-adf9-43b9-abea-b6f78c66e0b0/sm/snapshot.1_15 time:49
2019-08-29 08:15:32,716 [StateMachineUpdater:87fe3654-6652-4f59-8ff1-d7298e00de43:group-B6F78C66E0B0] INFO  impl.StateMachineUpdater (StateMachineUpdater.java:takeSnapshot(242)) - StateMachineUpdater:87fe3654-6652-4f59-8ff1-d7298e00de43:group-B6F78C66E0B0: Took a snapshot at index 15
2019-08-29 08:15:32,716 [StateMachineUpdater:87fe3654-6652-4f59-8ff1-d7298e00de43:group-B6F78C66E0B0] INFO  impl.StateMachineUpdater (StateMachineUpdater.java:lambda$new$0(80)) - StateMachineUpdater:87fe3654-6652-4f59-8ff1-d7298e00de43:group-B6F78C66E0B0: snapshotIndex: updateIncreasingly -1 -> 15
2019-08-29 08:15:32,716 [ForkJoinPool.commonPool-worker-1] INFO  impl.RaftServerImpl (ServerState.java:close(394)) - 87fe3654-6652-4f59-8ff1-d7298e00de43:group-B6F78C66E0B0 closes. The last applied log index is 15
2019-08-29 08:15:32,717 [87fe3654-6652-4f59-8ff1-d7298e00de43-SegmentedRaftLogWorker:Storage Directory /workdir/hadoop-ozone/integration-test/target/test-dir/MiniOzoneClusterImpl-96c7e6f6-22fe-4395-a836-98ece8aa1bde/datanode-0/data/ratis/f222ff4b-adf9-43b9-abea-b6f78c66e0b0] INFO  segmented.SegmentedRaftLogWorker (SegmentedRaftLogWorker.java:run(313)) - 87fe3654-6652-4f59-8ff1-d7298e00de43-SegmentedRaftLogWorker:Storage Directory /workdir/hadoop-ozone/integration-test/target/test-dir/MiniOzoneClusterImpl-96c7e6f6-22fe-4395-a836-98ece8aa1bde/datanode-0/data/ratis/f222ff4b-adf9-43b9-abea-b6f78c66e0b0 was interrupted, exiting. There are 0 tasks remaining in the queue.
2019-08-29 08:15:32,717 [ForkJoinPool.commonPool-worker-1] INFO  segmented.SegmentedRaftLogWorker (SegmentedRaftLogWorker.java:close(228)) - 87fe3654-6652-4f59-8ff1-d7298e00de43-SegmentedRaftLogWorker:Storage Directory /workdir/hadoop-ozone/integration-test/target/test-dir/MiniOzoneClusterImpl-96c7e6f6-22fe-4395-a836-98ece8aa1bde/datanode-0/data/ratis/f222ff4b-adf9-43b9-abea-b6f78c66e0b0 close()
2019-08-29 08:15:32,717 [ForkJoinPool.commonPool-worker-1] INFO  impl.RaftServerImpl (RaftServerImpl.java:lambda$shutdown$3(245)) - 87fe3654-6652-4f59-8ff1-d7298e00de43: shutdown group-5D341AC9D250
2019-08-29 08:15:32,718 [ForkJoinPool.commonPool-worker-1] INFO  util.JmxRegister (JmxRegister.java:unregister(73)) - Successfully un-registered JMX Bean with object name Ratis:service=RaftServer,group=group-5D341AC9D250,id=87fe3654-6652-4f59-8ff1-d7298e00de43
2019-08-29 08:15:32,718 [ForkJoinPool.commonPool-worker-1] INFO  impl.RoleInfo (RoleInfo.java:shutdownLeaderState(104)) - 87fe3654-6652-4f59-8ff1-d7298e00de43: shutdown LeaderState
2019-08-29 08:15:32,718 [ForkJoinPool.commonPool-worker-1] INFO  impl.PendingRequests (PendingRequests.java:sendNotLeaderResponses(202)) - 87fe3654-6652-4f59-8ff1-d7298e00de43-PendingRequests: sendNotLeaderResponses
2019-08-29 08:15:32,719 [ForkJoinPool.commonPool-worker-1] INFO  impl.StateMachineUpdater (StateMachineUpdater.java:stopAndJoin(115)) - StateMachineUpdater:87fe3654-6652-4f59-8ff1-d7298e00de43:group-5D341AC9D250: set stopIndex = 0
2019-08-29 08:15:32,719 [ForkJoinPool.commonPool-worker-1] INFO  impl.RaftServerImpl (ServerState.java:close(394)) - 87fe3654-6652-4f59-8ff1-d7298e00de43:group-5D341AC9D250 closes. The last applied log index is 0
2019-08-29 08:15:32,720 [87fe3654-6652-4f59-8ff1-d7298e00de43-SegmentedRaftLogWorker:Storage Directory /workdir/hadoop-ozone/integration-test/target/test-dir/MiniOzoneClusterImpl-96c7e6f6-22fe-4395-a836-98ece8aa1bde/datanode-0/data/ratis/7fcfa0ac-c7bb-4fdd-b25e-5d341ac9d250] INFO  segmented.SegmentedRaftLogWorker (SegmentedRaftLogWorker.java:run(313)) - 87fe3654-6652-4f59-8ff1-d7298e00de43-SegmentedRaftLogWorker:Storage Directory /workdir/hadoop-ozone/integration-test/target/test-dir/MiniOzoneClusterImpl-96c7e6f6-22fe-4395-a836-98ece8aa1bde/datanode-0/data/ratis/7fcfa0ac-c7bb-4fdd-b25e-5d341ac9d250 was interrupted, exiting. There are 0 tasks remaining in the queue.
2019-08-29 08:15:32,720 [ForkJoinPool.commonPool-worker-1] INFO  segmented.SegmentedRaftLogWorker (SegmentedRaftLogWorker.java:close(228)) - 87fe3654-6652-4f59-8ff1-d7298e00de43-SegmentedRaftLogWorker:Storage Directory /workdir/hadoop-ozone/integration-test/target/test-dir/MiniOzoneClusterImpl-96c7e6f6-22fe-4395-a836-98ece8aa1bde/datanode-0/data/ratis/7fcfa0ac-c7bb-4fdd-b25e-5d341ac9d250 close()
2019-08-29 08:15:32,720 [ForkJoinPool.commonPool-worker-1] INFO  server.GrpcService (GrpcService.java:closeImpl(155)) - 87fe3654-6652-4f59-8ff1-d7298e00de43: shutdown server with port 41259 now
2019-08-29 08:15:32,721 [ForkJoinPool.commonPool-worker-1] INFO  server.GrpcService (GrpcService.java:closeImpl(163)) - 87fe3654-6652-4f59-8ff1-d7298e00de43: shutdown server with port 41259 successfully
2019-08-29 08:15:32,722 [ForkJoinPool.commonPool-worker-1] INFO  utils.BackgroundService (BackgroundService.java:shutdown(148)) - Shutting down service BlockDeletingService
2019-08-29 08:15:32,723 [refreshUsed-/workdir/hadoop-ozone/integration-test/target/test-dir/MiniOzoneClusterImpl-96c7e6f6-22fe-4395-a836-98ece8aa1bde/datanode-0/data/containers] WARN  fs.CachingGetSpaceUsed (CachingGetSpaceUsed.java:run(183)) - Thread Interrupted waiting to refresh disk information: sleep interrupted
2019-08-29 08:15:32,743 [ForkJoinPool.commonPool-worker-1] INFO  statemachine.DatanodeStateMachine (DatanodeStateMachine.java:stopDaemon(395)) - Ozone container server stopped.
2019-08-29 08:15:32,745 [ForkJoinPool.commonPool-worker-1] INFO  handler.ContextHandler (ContextHandler.java:doStop(910)) - Stopped o.e.j.w.WebAppContext@297840d7{/,null,UNAVAILABLE}{/hddsDatanode}
2019-08-29 08:15:32,745 [ForkJoinPool.commonPool-worker-1] INFO  server.AbstractConnector (AbstractConnector.java:doStop(318)) - Stopped ServerConnector@6f64c40c{HTTP/1.1,[http/1.1]}{0.0.0.0:0}
2019-08-29 08:15:32,747 [ForkJoinPool.commonPool-worker-1] INFO  handler.ContextHandler (ContextHandler.java:doStop(910)) - Stopped o.e.j.s.ServletContextHandler@23001753{/static,jar:file:/home/user/.m2/repository/org/apache/hadoop/hadoop-hdds-container-service/0.5.0-SNAPSHOT/hadoop-hdds-container-service-0.5.0-SNAPSHOT.jar!/webapps/static,UNAVAILABLE}
2019-08-29 08:15:32,748 [ForkJoinPool.commonPool-worker-1] INFO  handler.ContextHandler (ContextHandler.java:doStop(910)) - Stopped o.e.j.s.ServletContextHandler@2936f48a{/logs,file:///workdir/hadoop-ozone/integration-test/target/log,UNAVAILABLE}
2019-08-29 08:15:32,970 [Datanode State Machine Thread - 0] INFO  statemachine.DatanodeStateMachine (DatanodeStateMachine.java:lambda$startDaemon$0(350)) - Ozone container server started.
2019-08-29 08:15:34,960 [grpc-default-executor-11] WARN  server.GrpcLogAppender (LogUtils.java:warn(134)) - d7d16497-a2ba-406b-855b-2487a72c7d49->41d88688-584e-4810-bfc2-66fe460cc9ab: Failed appendEntries: org.apache.ratis.thirdparty.io.grpc.StatusRuntimeException: UNAVAILABLE: io exception
2019-08-29 08:15:34,960 [grpc-default-executor-9] WARN  server.GrpcLogAppender (LogUtils.java:warn(134)) - d7d16497-a2ba-406b-855b-2487a72c7d49->05afa806-2860-409e-9f8b-b58becb1998f: Failed appendEntries: org.apache.ratis.thirdparty.io.grpc.StatusRuntimeException: UNAVAILABLE: io exception
2019-08-29 08:15:34,961 [grpc-default-executor-11] INFO  impl.FollowerInfo (FollowerInfo.java:lambda$new$0(50)) - d7d16497-a2ba-406b-855b-2487a72c7d49->41d88688-584e-4810-bfc2-66fe460cc9ab: nextIndex: updateUnconditionally 4 -> 3
2019-08-29 08:15:34,961 [grpc-default-executor-9] INFO  impl.FollowerInfo (FollowerInfo.java:lambda$new$0(50)) - d7d16497-a2ba-406b-855b-2487a72c7d49->05afa806-2860-409e-9f8b-b58becb1998f: nextIndex: updateUnconditionally 0 -> 0
2019-08-29 08:15:37,059 [EventQueue-StaleNodeForStaleNodeHandler] INFO  node.StaleNodeHandler (StaleNodeHandler.java:onMessage(58)) - Datanode d7d16497-a2ba-406b-855b-2487a72c7d49{ip: 192.168.69.111, host: pr-hdds-1569-g9zr9-4145101663, networkLocation: /default-rack, certSerialId: null} moved to stale state. Finalizing its pipelines [PipelineID=336a0709-a331-41ed-8ca9-7afa96d24533, PipelineID=ecd29f1d-72cc-4de6-b758-705f9ec88cd7]
2019-08-29 08:15:37,059 [EventQueue-StaleNodeForStaleNodeHandler] INFO  pipeline.SCMPipelineManager (SCMPipelineManager.java:finalizeAndDestroyPipeline(309)) - destroying pipeline:Pipeline[ Id: 336a0709-a331-41ed-8ca9-7afa96d24533, Nodes: d7d16497-a2ba-406b-855b-2487a72c7d49{ip: 192.168.69.111, host: pr-hdds-1569-g9zr9-4145101663, networkLocation: /default-rack, certSerialId: null}, Type:RATIS, Factor:ONE, State:OPEN]
2019-08-29 08:15:37,059 [EventQueue-StaleNodeForStaleNodeHandler] INFO  pipeline.PipelineStateManager (PipelineStateManager.java:finalizePipeline(123)) - Pipeline Pipeline[ Id: 336a0709-a331-41ed-8ca9-7afa96d24533, Nodes: d7d16497-a2ba-406b-855b-2487a72c7d49{ip: 192.168.69.111, host: pr-hdds-1569-g9zr9-4145101663, networkLocation: /default-rack, certSerialId: null}, Type:RATIS, Factor:ONE, State:CLOSED] moved to CLOSED state
2019-08-29 08:15:37,059 [EventQueue-StaleNodeForStaleNodeHandler] INFO  pipeline.SCMPipelineManager (SCMPipelineManager.java:finalizeAndDestroyPipeline(309)) - destroying pipeline:Pipeline[ Id: ecd29f1d-72cc-4de6-b758-705f9ec88cd7, Nodes: 41d88688-584e-4810-bfc2-66fe460cc9ab{ip: 192.168.69.111, host: pr-hdds-1569-g9zr9-4145101663, networkLocation: /default-rack, certSerialId: null}05afa806-2860-409e-9f8b-b58becb1998f{ip: 192.168.69.111, host: pr-hdds-1569-g9zr9-4145101663, networkLocation: /default-rack, certSerialId: null}d7d16497-a2ba-406b-855b-2487a72c7d49{ip: 192.168.69.111, host: pr-hdds-1569-g9zr9-4145101663, networkLocation: /default-rack, certSerialId: null}, Type:RATIS, Factor:THREE, State:CLOSED]
2019-08-29 08:15:37,460 [grpc-default-executor-9] WARN  server.GrpcLogAppender (LogUtils.java:warn(134)) - d7d16497-a2ba-406b-855b-2487a72c7d49->05afa806-2860-409e-9f8b-b58becb1998f: Failed appendEntries: org.apache.ratis.thirdparty.io.grpc.StatusRuntimeException: UNAVAILABLE: io exception
2019-08-29 08:15:37,460 [grpc-default-executor-11] WARN  server.GrpcLogAppender (LogUtils.java:warn(134)) - d7d16497-a2ba-406b-855b-2487a72c7d49->41d88688-584e-4810-bfc2-66fe460cc9ab: Failed appendEntries: org.apache.ratis.thirdparty.io.grpc.StatusRuntimeException: UNAVAILABLE: io exception
2019-08-29 08:15:37,461 [grpc-default-executor-9] INFO  impl.FollowerInfo (FollowerInfo.java:lambda$new$0(50)) - d7d16497-a2ba-406b-855b-2487a72c7d49->05afa806-2860-409e-9f8b-b58becb1998f: nextIndex: updateUnconditionally 0 -> 0
2019-08-29 08:15:37,461 [grpc-default-executor-11] INFO  impl.FollowerInfo (FollowerInfo.java:lambda$new$0(50)) - d7d16497-a2ba-406b-855b-2487a72c7d49->41d88688-584e-4810-bfc2-66fe460cc9ab: nextIndex: updateUnconditionally 3 -> 2
2019-08-29 08:15:37,710 [main] INFO  ozoneimpl.OzoneContainer (OzoneContainer.java:stop(199)) - Attempting to stop container services.
2019-08-29 08:15:37,711 [main] INFO  impl.RaftServerProxy (RaftServerProxy.java:lambda$close$4(314)) - d7d16497-a2ba-406b-855b-2487a72c7d49: close
2019-08-29 08:15:37,711 [main] INFO  impl.RaftServerImpl (RaftServerImpl.java:lambda$shutdown$3(245)) - d7d16497-a2ba-406b-855b-2487a72c7d49: shutdown group-7AFA96D24533
2019-08-29 08:15:37,712 [main] INFO  util.JmxRegister (JmxRegister.java:unregister(73)) - Successfully un-registered JMX Bean with object name Ratis:service=RaftServer,group=group-7AFA96D24533,id=d7d16497-a2ba-406b-855b-2487a72c7d49
2019-08-29 08:15:37,712 [main] INFO  impl.RoleInfo (RoleInfo.java:shutdownLeaderState(104)) - d7d16497-a2ba-406b-855b-2487a72c7d49: shutdown LeaderState
2019-08-29 08:15:37,712 [main] INFO  impl.PendingRequests (PendingRequests.java:sendNotLeaderResponses(202)) - d7d16497-a2ba-406b-855b-2487a72c7d49-PendingRequests: sendNotLeaderResponses
2019-08-29 08:15:37,712 [main] INFO  impl.StateMachineUpdater (StateMachineUpdater.java:stopAndJoin(115)) - StateMachineUpdater:d7d16497-a2ba-406b-855b-2487a72c7d49:group-7AFA96D24533: set stopIndex = 0
2019-08-29 08:15:37,713 [main] INFO  impl.RaftServerImpl (ServerState.java:close(394)) - d7d16497-a2ba-406b-855b-2487a72c7d49:group-7AFA96D24533 closes. The last applied log index is 0
2019-08-29 08:15:37,713 [d7d16497-a2ba-406b-855b-2487a72c7d49-SegmentedRaftLogWorker:Storage Directory /workdir/hadoop-ozone/integration-test/target/test-dir/MiniOzoneClusterImpl-96c7e6f6-22fe-4395-a836-98ece8aa1bde/datanode-5/data/ratis/336a0709-a331-41ed-8ca9-7afa96d24533] INFO  segmented.SegmentedRaftLogWorker (SegmentedRaftLogWorker.java:run(313)) - d7d16497-a2ba-406b-855b-2487a72c7d49-SegmentedRaftLogWorker:Storage Directory /workdir/hadoop-ozone/integration-test/target/test-dir/MiniOzoneClusterImpl-96c7e6f6-22fe-4395-a836-98ece8aa1bde/datanode-5/data/ratis/336a0709-a331-41ed-8ca9-7afa96d24533 was interrupted, exiting. There are 0 tasks remaining in the queue.
2019-08-29 08:15:37,713 [main] INFO  segmented.SegmentedRaftLogWorker (SegmentedRaftLogWorker.java:close(228)) - d7d16497-a2ba-406b-855b-2487a72c7d49-SegmentedRaftLogWorker:Storage Directory /workdir/hadoop-ozone/integration-test/target/test-dir/MiniOzoneClusterImpl-96c7e6f6-22fe-4395-a836-98ece8aa1bde/datanode-5/data/ratis/336a0709-a331-41ed-8ca9-7afa96d24533 close()
2019-08-29 08:15:37,714 [main] INFO  impl.RaftServerImpl (RaftServerImpl.java:lambda$shutdown$3(245)) - d7d16497-a2ba-406b-855b-2487a72c7d49: shutdown group-705F9EC88CD7
2019-08-29 08:15:37,714 [main] INFO  util.JmxRegister (JmxRegister.java:unregister(73)) - Successfully un-registered JMX Bean with object name Ratis:service=RaftServer,group=group-705F9EC88CD7,id=d7d16497-a2ba-406b-855b-2487a72c7d49
2019-08-29 08:15:37,714 [main] INFO  impl.RoleInfo (RoleInfo.java:shutdownLeaderState(104)) - d7d16497-a2ba-406b-855b-2487a72c7d49: shutdown LeaderState
2019-08-29 08:15:37,717 [org.apache.ratis.server.impl.LogAppender$AppenderDaemon$$Lambda$482/1869465170@35fc4320] WARN  server.GrpcLogAppender (GrpcLogAppender.java:mayWait(143)) - GrpcLogAppender(d7d16497-a2ba-406b-855b-2487a72c7d49->41d88688-584e-4810-bfc2-66fe460cc9ab): Wait interrupted by java.lang.InterruptedException
2019-08-29 08:15:37,717 [org.apache.ratis.server.impl.LogAppender$AppenderDaemon$$Lambda$482/1869465170@70fecbfb] WARN  server.GrpcLogAppender (GrpcLogAppender.java:mayWait(143)) - GrpcLogAppender(d7d16497-a2ba-406b-855b-2487a72c7d49->05afa806-2860-409e-9f8b-b58becb1998f): Wait interrupted by java.lang.InterruptedException
2019-08-29 08:15:37,717 [main] INFO  impl.PendingRequests (PendingRequests.java:sendNotLeaderResponses(202)) - d7d16497-a2ba-406b-855b-2487a72c7d49-PendingRequests: sendNotLeaderResponses
2019-08-29 08:15:37,719 [main] INFO  impl.StateMachineUpdater (StateMachineUpdater.java:stopAndJoin(115)) - StateMachineUpdater:d7d16497-a2ba-406b-855b-2487a72c7d49:group-705F9EC88CD7: set stopIndex = 6
2019-08-29 08:15:37,719 [StateMachineUpdater:d7d16497-a2ba-406b-855b-2487a72c7d49:group-705F9EC88CD7] INFO  ratis.ContainerStateMachine (ContainerStateMachine.java:takeSnapshot(283)) - group-705F9EC88CD7: Taking a snapshot at:(t:1, i:6) file /workdir/hadoop-ozone/integration-test/target/test-dir/MiniOzoneClusterImpl-96c7e6f6-22fe-4395-a836-98ece8aa1bde/datanode-5/data/ratis/ecd29f1d-72cc-4de6-b758-705f9ec88cd7/sm/snapshot.1_6
2019-08-29 08:15:37,736 [StateMachineUpdater:d7d16497-a2ba-406b-855b-2487a72c7d49:group-705F9EC88CD7] INFO  ratis.ContainerStateMachine (ContainerStateMachine.java:takeSnapshot(294)) - group-705F9EC88CD7: Finished taking a snapshot at:(t:1, i:6) file:/workdir/hadoop-ozone/integration-test/target/test-dir/MiniOzoneClusterImpl-96c7e6f6-22fe-4395-a836-98ece8aa1bde/datanode-5/data/ratis/ecd29f1d-72cc-4de6-b758-705f9ec88cd7/sm/snapshot.1_6 time:16
2019-08-29 08:15:37,736 [StateMachineUpdater:d7d16497-a2ba-406b-855b-2487a72c7d49:group-705F9EC88CD7] INFO  impl.StateMachineUpdater (StateMachineUpdater.java:takeSnapshot(242)) - StateMachineUpdater:d7d16497-a2ba-406b-855b-2487a72c7d49:group-705F9EC88CD7: Took a snapshot at index 6
2019-08-29 08:15:37,736 [StateMachineUpdater:d7d16497-a2ba-406b-855b-2487a72c7d49:group-705F9EC88CD7] INFO  impl.StateMachineUpdater (StateMachineUpdater.java:lambda$new$0(80)) - StateMachineUpdater:d7d16497-a2ba-406b-855b-2487a72c7d49:group-705F9EC88CD7: snapshotIndex: updateIncreasingly -1 -> 6
2019-08-29 08:15:37,736 [main] INFO  impl.RaftServerImpl (ServerState.java:close(394)) - d7d16497-a2ba-406b-855b-2487a72c7d49:group-705F9EC88CD7 closes. The last applied log index is 6
2019-08-29 08:15:37,737 [d7d16497-a2ba-406b-855b-2487a72c7d49-SegmentedRaftLogWorker:Storage Directory /workdir/hadoop-ozone/integration-test/target/test-dir/MiniOzoneClusterImpl-96c7e6f6-22fe-4395-a836-98ece8aa1bde/datanode-5/data/ratis/ecd29f1d-72cc-4de6-b758-705f9ec88cd7] INFO  segmented.SegmentedRaftLogWorker (SegmentedRaftLogWorker.java:run(313)) - d7d16497-a2ba-406b-855b-2487a72c7d49-SegmentedRaftLogWorker:Storage Directory /workdir/hadoop-ozone/integration-test/target/test-dir/MiniOzoneClusterImpl-96c7e6f6-22fe-4395-a836-98ece8aa1bde/datanode-5/data/ratis/ecd29f1d-72cc-4de6-b758-705f9ec88cd7 was interrupted, exiting. There are 0 tasks remaining in the queue.
2019-08-29 08:15:37,738 [main] INFO  segmented.SegmentedRaftLogWorker (SegmentedRaftLogWorker.java:close(228)) - d7d16497-a2ba-406b-855b-2487a72c7d49-SegmentedRaftLogWorker:Storage Directory /workdir/hadoop-ozone/integration-test/target/test-dir/MiniOzoneClusterImpl-96c7e6f6-22fe-4395-a836-98ece8aa1bde/datanode-5/data/ratis/ecd29f1d-72cc-4de6-b758-705f9ec88cd7 close()
2019-08-29 08:15:37,738 [main] INFO  server.GrpcService (GrpcService.java:closeImpl(155)) - d7d16497-a2ba-406b-855b-2487a72c7d49: shutdown server with port 37160 now
2019-08-29 08:15:37,739 [main] INFO  server.GrpcService (GrpcService.java:closeImpl(163)) - d7d16497-a2ba-406b-855b-2487a72c7d49: shutdown server with port 37160 successfully
2019-08-29 08:15:37,741 [main] INFO  utils.BackgroundService (BackgroundService.java:shutdown(148)) - Shutting down service BlockDeletingService
2019-08-29 08:15:37,744 [refreshUsed-/workdir/hadoop-ozone/integration-test/target/test-dir/MiniOzoneClusterImpl-96c7e6f6-22fe-4395-a836-98ece8aa1bde/datanode-5/data/containers] WARN  fs.CachingGetSpaceUsed (CachingGetSpaceUsed.java:run(183)) - Thread Interrupted waiting to refresh disk information: sleep interrupted
2019-08-29 08:15:37,764 [main] INFO  statemachine.DatanodeStateMachine (DatanodeStateMachine.java:stopDaemon(395)) - Ozone container server stopped.
2019-08-29 08:15:37,766 [main] INFO  handler.ContextHandler (ContextHandler.java:doStop(910)) - Stopped o.e.j.w.WebAppContext@62d59d60{/,null,UNAVAILABLE}{/hddsDatanode}
2019-08-29 08:15:37,766 [main] INFO  server.AbstractConnector (AbstractConnector.java:doStop(318)) - Stopped ServerConnector@3c532b97{HTTP/1.1,[http/1.1]}{0.0.0.0:0}
2019-08-29 08:15:37,767 [main] INFO  handler.ContextHandler (ContextHandler.java:doStop(910)) - Stopped o.e.j.s.ServletContextHandler@3f13c9a2{/static,jar:file:/home/user/.m2/repository/org/apache/hadoop/hadoop-hdds-container-service/0.5.0-SNAPSHOT/hadoop-hdds-container-service-0.5.0-SNAPSHOT.jar!/webapps/static,UNAVAILABLE}
2019-08-29 08:15:37,767 [main] INFO  handler.ContextHandler (ContextHandler.java:doStop(910)) - Stopped o.e.j.s.ServletContextHandler@3695e28a{/logs,file:///workdir/hadoop-ozone/integration-test/target/log,UNAVAILABLE}
2019-08-29 08:15:37,768 [main] INFO  ozone.MiniOzoneClusterImpl (MiniOzoneClusterImpl.java:stop(353)) - Stopping the StorageContainerManager
2019-08-29 08:15:37,768 [main] INFO  server.StorageContainerManager (StorageContainerManager.java:stop(797)) - Stopping Replication Manager Service.
2019-08-29 08:15:37,769 [main] INFO  container.ReplicationManager (ReplicationManager.java:stop(193)) - Stopping Replication Monitor Thread.
2019-08-29 08:15:37,769 [main] INFO  server.StorageContainerManager (StorageContainerManager.java:stop(804)) - Stopping Lease Manager of the command watchers
2019-08-29 08:15:37,769 [main] INFO  server.StorageContainerManager (StorageContainerManager.java:stop(811)) - Stopping datanode service RPC server
2019-08-29 08:15:37,769 [main] INFO  server.SCMDatanodeProtocolServer (SCMDatanodeProtocolServer.java:stop(367)) - Stopping the RPC server for DataNodes
2019-08-29 08:15:37,769 [main] INFO  ipc.Server (Server.java:stop(3082)) - Stopping server on 45358
2019-08-29 08:15:37,771 [IPC Server listener on 45358] INFO  ipc.Server (Server.java:run(1185)) - Stopping IPC Server listener on 45358
2019-08-29 08:15:37,772 [IPC Server Responder] INFO  ipc.Server (Server.java:run(1319)) - Stopping IPC Server Responder
2019-08-29 08:15:37,860 [SCM Heartbeat Processing Thread - 0] WARN  node.NodeStateManager (NodeStateManager.java:scheduleNextHealthCheck(655)) - Current Thread is interrupted, shutting down HB processing thread for Node Manager.
2019-08-29 08:15:37,860 [main] INFO  server.StorageContainerManager (StorageContainerManager.java:stop(819)) - Stopping block service RPC server
2019-08-29 08:15:37,860 [main] INFO  server.SCMBlockProtocolServer (SCMBlockProtocolServer.java:stop(148)) - Stopping the RPC server for Block Protocol
2019-08-29 08:15:37,860 [main] INFO  ipc.Server (Server.java:stop(3082)) - Stopping server on 46838
2019-08-29 08:15:37,862 [IPC Server listener on 46838] INFO  ipc.Server (Server.java:run(1185)) - Stopping IPC Server listener on 46838
2019-08-29 08:15:37,863 [IPC Server Responder] INFO  ipc.Server (Server.java:run(1319)) - Stopping IPC Server Responder
2019-08-29 08:15:37,863 [main] INFO  server.StorageContainerManager (StorageContainerManager.java:stop(826)) - Stopping the StorageContainerLocationProtocol RPC server
2019-08-29 08:15:37,864 [main] INFO  server.SCMClientProtocolServer (SCMClientProtocolServer.java:stop(159)) - Stopping the RPC server for Client Protocol
2019-08-29 08:15:37,864 [main] INFO  ipc.Server (Server.java:stop(3082)) - Stopping server on 42899
2019-08-29 08:15:37,865 [IPC Server listener on 42899] INFO  ipc.Server (Server.java:run(1185)) - Stopping IPC Server listener on 42899
2019-08-29 08:15:37,865 [main] INFO  server.StorageContainerManager (StorageContainerManager.java:stop(833)) - Stopping Storage Container Manager HTTP server.
2019-08-29 08:15:37,866 [IPC Server Responder] INFO  ipc.Server (Server.java:run(1319)) - Stopping IPC Server Responder
2019-08-29 08:15:37,867 [main] INFO  handler.ContextHandler (ContextHandler.java:doStop(910)) - Stopped o.e.j.w.WebAppContext@5c71329f{/,null,UNAVAILABLE}{/scm}
2019-08-29 08:15:37,868 [main] INFO  server.AbstractConnector (AbstractConnector.java:doStop(318)) - Stopped ServerConnector@225fc6a2{HTTP/1.1,[http/1.1]}{0.0.0.0:0}
2019-08-29 08:15:37,868 [main] INFO  handler.ContextHandler (ContextHandler.java:doStop(910)) - Stopped o.e.j.s.ServletContextHandler@5b1b5daf{/static,file:///workdir/hadoop-ozone/integration-test/target/test-classes/webapps/static,UNAVAILABLE}
2019-08-29 08:15:37,868 [main] INFO  handler.ContextHandler (ContextHandler.java:doStop(910)) - Stopped o.e.j.s.ServletContextHandler@60af08b2{/logs,file:///workdir/hadoop-ozone/integration-test/target/log,UNAVAILABLE}
2019-08-29 08:15:37,869 [main] INFO  server.StorageContainerManager (StorageContainerManager.java:stop(844)) - Stopping Block Manager Service.
2019-08-29 08:15:37,869 [main] INFO  utils.BackgroundService (BackgroundService.java:shutdown(148)) - Shutting down service SCMBlockDeletingService
2019-08-29 08:15:37,869 [main] INFO  utils.BackgroundService (BackgroundService.java:shutdown(148)) - Shutting down service SCMBlockDeletingService
2019-08-29 08:15:37,869 [main] INFO  server.StorageContainerManager (StorageContainerManager.java:stop(866)) - Stopping SCM Event Queue.
2019-08-29 08:15:37,872 [main] INFO  impl.MetricsSystemImpl (MetricsSystemImpl.java:stop(210)) - Stopping HddsDatanode metrics system...
2019-08-29 08:15:37,880 [main] INFO  impl.MetricsSystemImpl (MetricsSystemImpl.java:stop(216)) - HddsDatanode metrics system stopped.
]]></system-out>
    <system-err><![CDATA[Aug 29, 2019 8:15:03 AM com.sun.jersey.server.impl.application.WebApplicationImpl _initiate
INFO: Initiating Jersey application, version 'Jersey: 1.19 02/11/2015 03:25 AM'
Aug 29, 2019 8:15:03 AM com.sun.jersey.server.impl.application.WebApplicationImpl _initiate
INFO: Initiating Jersey application, version 'Jersey: 1.19 02/11/2015 03:25 AM'
Aug 29, 2019 8:15:03 AM com.sun.jersey.server.impl.application.WebApplicationImpl _initiate
INFO: Initiating Jersey application, version 'Jersey: 1.19 02/11/2015 03:25 AM'
Aug 29, 2019 8:15:03 AM com.sun.jersey.server.impl.application.WebApplicationImpl _initiate
INFO: Initiating Jersey application, version 'Jersey: 1.19 02/11/2015 03:25 AM'
Aug 29, 2019 8:15:04 AM com.sun.jersey.server.impl.application.WebApplicationImpl _initiate
INFO: Initiating Jersey application, version 'Jersey: 1.19 02/11/2015 03:25 AM'
Aug 29, 2019 8:15:04 AM com.sun.jersey.server.impl.application.WebApplicationImpl _initiate
INFO: Initiating Jersey application, version 'Jersey: 1.19 02/11/2015 03:25 AM'
Aug 29, 2019 8:15:04 AM com.sun.jersey.server.impl.application.WebApplicationImpl _initiate
INFO: Initiating Jersey application, version 'Jersey: 1.19 02/11/2015 03:25 AM'
Aug 29, 2019 8:15:07 AM org.apache.ratis.thirdparty.io.grpc.internal.ManagedChannelOrphanWrapper$ManagedChannelReference cleanQueue
SEVERE: *~*~*~ Channel ManagedChannelImpl{logId=3425, target=192.168.69.111:42789} was not shutdown properly!!! ~*~*~*
    Make sure to call shutdown()/shutdownNow() and wait until awaitTermination() returns true.
java.lang.RuntimeException: ManagedChannel allocation site
	at org.apache.ratis.thirdparty.io.grpc.internal.ManagedChannelOrphanWrapper$ManagedChannelReference.<init>(ManagedChannelOrphanWrapper.java:103)
	at org.apache.ratis.thirdparty.io.grpc.internal.ManagedChannelOrphanWrapper.<init>(ManagedChannelOrphanWrapper.java:53)
	at org.apache.ratis.thirdparty.io.grpc.internal.ManagedChannelOrphanWrapper.<init>(ManagedChannelOrphanWrapper.java:44)
	at org.apache.ratis.thirdparty.io.grpc.internal.AbstractManagedChannelImplBuilder.build(AbstractManagedChannelImplBuilder.java:411)
	at org.apache.hadoop.hdds.scm.XceiverClientGrpc.connectToDatanode(XceiverClientGrpc.java:175)
	at org.apache.hadoop.hdds.scm.XceiverClientGrpc.reconnect(XceiverClientGrpc.java:423)
	at org.apache.hadoop.hdds.scm.XceiverClientGrpc.sendCommandAsync(XceiverClientGrpc.java:372)
	at org.apache.hadoop.hdds.scm.XceiverClientGrpc.sendCommandWithRetry(XceiverClientGrpc.java:285)
	at org.apache.hadoop.hdds.scm.XceiverClientGrpc.sendCommandWithTraceIDAndRetry(XceiverClientGrpc.java:251)
	at org.apache.hadoop.hdds.scm.XceiverClientGrpc.sendCommand(XceiverClientGrpc.java:234)
	at org.apache.hadoop.hdds.scm.storage.ContainerProtocolCalls.readChunk(ContainerProtocolCalls.java:245)
	at org.apache.hadoop.hdds.scm.storage.ChunkInputStream.readChunk(ChunkInputStream.java:335)
	at org.apache.hadoop.hdds.scm.storage.ChunkInputStream.readChunkFromContainer(ChunkInputStream.java:307)
	at org.apache.hadoop.hdds.scm.storage.ChunkInputStream.prepareRead(ChunkInputStream.java:259)
	at org.apache.hadoop.hdds.scm.storage.ChunkInputStream.read(ChunkInputStream.java:144)
	at org.apache.hadoop.hdds.scm.storage.BlockInputStream.read(BlockInputStream.java:239)
	at org.apache.hadoop.ozone.client.io.KeyInputStream.read(KeyInputStream.java:171)
	at org.apache.hadoop.ozone.client.io.OzoneInputStream.read(OzoneInputStream.java:47)
	at java.io.InputStream.read(InputStream.java:101)
	at org.apache.hadoop.ozone.container.ContainerTestHelper.validateData(ContainerTestHelper.java:713)
	at org.apache.hadoop.ozone.client.rpc.TestBlockOutputStreamWithFailures.validateData(TestBlockOutputStreamWithFailures.java:1216)
	at org.apache.hadoop.ozone.client.rpc.TestBlockOutputStreamWithFailures.testFailureWithPrimeSizedData(TestBlockOutputStreamWithFailures.java:662)
	at sun.reflect.NativeMethodAccessorImpl.invoke0(Native Method)
	at sun.reflect.NativeMethodAccessorImpl.invoke(NativeMethodAccessorImpl.java:62)
	at sun.reflect.DelegatingMethodAccessorImpl.invoke(DelegatingMethodAccessorImpl.java:43)
	at java.lang.reflect.Method.invoke(Method.java:498)
	at org.junit.runners.model.FrameworkMethod$1.runReflectiveCall(FrameworkMethod.java:47)
	at org.junit.internal.runners.model.ReflectiveCallable.run(ReflectiveCallable.java:12)
	at org.junit.runners.model.FrameworkMethod.invokeExplosively(FrameworkMethod.java:44)
	at org.junit.internal.runners.statements.InvokeMethod.evaluate(InvokeMethod.java:17)
	at org.junit.internal.runners.statements.RunBefores.evaluate(RunBefores.java:26)
	at org.junit.internal.runners.statements.RunAfters.evaluate(RunAfters.java:27)
	at org.junit.runners.ParentRunner.runLeaf(ParentRunner.java:271)
	at org.junit.runners.BlockJUnit4ClassRunner.runChild(BlockJUnit4ClassRunner.java:70)
	at org.junit.runners.BlockJUnit4ClassRunner.runChild(BlockJUnit4ClassRunner.java:50)
	at org.junit.runners.ParentRunner$3.run(ParentRunner.java:238)
	at org.junit.runners.ParentRunner$1.schedule(ParentRunner.java:63)
	at org.junit.runners.ParentRunner.runChildren(ParentRunner.java:236)
	at org.junit.runners.ParentRunner.access$000(ParentRunner.java:53)
	at org.junit.runners.ParentRunner$2.evaluate(ParentRunner.java:229)
	at org.junit.runners.ParentRunner.run(ParentRunner.java:309)
	at org.apache.maven.surefire.junit4.JUnit4Provider.execute(JUnit4Provider.java:365)
	at org.apache.maven.surefire.junit4.JUnit4Provider.executeWithRerun(JUnit4Provider.java:273)
	at org.apache.maven.surefire.junit4.JUnit4Provider.executeTestSet(JUnit4Provider.java:238)
	at org.apache.maven.surefire.junit4.JUnit4Provider.invoke(JUnit4Provider.java:159)
	at org.apache.maven.surefire.booter.ForkedBooter.invokeProviderInSameClassLoader(ForkedBooter.java:384)
	at org.apache.maven.surefire.booter.ForkedBooter.runSuitesInProcess(ForkedBooter.java:345)
	at org.apache.maven.surefire.booter.ForkedBooter.execute(ForkedBooter.java:126)
	at org.apache.maven.surefire.booter.ForkedBooter.main(ForkedBooter.java:418)

Aug 29, 2019 8:15:07 AM org.apache.ratis.thirdparty.io.grpc.internal.ManagedChannelOrphanWrapper$ManagedChannelReference cleanQueue
SEVERE: *~*~*~ Channel ManagedChannelImpl{logId=3435, target=192.168.69.111:38591} was not shutdown properly!!! ~*~*~*
    Make sure to call shutdown()/shutdownNow() and wait until awaitTermination() returns true.
java.lang.RuntimeException: ManagedChannel allocation site
	at org.apache.ratis.thirdparty.io.grpc.internal.ManagedChannelOrphanWrapper$ManagedChannelReference.<init>(ManagedChannelOrphanWrapper.java:103)
	at org.apache.ratis.thirdparty.io.grpc.internal.ManagedChannelOrphanWrapper.<init>(ManagedChannelOrphanWrapper.java:53)
	at org.apache.ratis.thirdparty.io.grpc.internal.ManagedChannelOrphanWrapper.<init>(ManagedChannelOrphanWrapper.java:44)
	at org.apache.ratis.thirdparty.io.grpc.internal.AbstractManagedChannelImplBuilder.build(AbstractManagedChannelImplBuilder.java:411)
	at org.apache.hadoop.hdds.scm.XceiverClientGrpc.connectToDatanode(XceiverClientGrpc.java:175)
	at org.apache.hadoop.hdds.scm.XceiverClientGrpc.reconnect(XceiverClientGrpc.java:423)
	at org.apache.hadoop.hdds.scm.XceiverClientGrpc.sendCommandAsync(XceiverClientGrpc.java:372)
	at org.apache.hadoop.hdds.scm.XceiverClientGrpc.sendCommandWithRetry(XceiverClientGrpc.java:285)
	at org.apache.hadoop.hdds.scm.XceiverClientGrpc.sendCommandWithTraceIDAndRetry(XceiverClientGrpc.java:251)
	at org.apache.hadoop.hdds.scm.XceiverClientGrpc.sendCommand(XceiverClientGrpc.java:234)
	at org.apache.hadoop.hdds.scm.storage.ContainerProtocolCalls.readChunk(ContainerProtocolCalls.java:245)
	at org.apache.hadoop.hdds.scm.storage.ChunkInputStream.readChunk(ChunkInputStream.java:335)
	at org.apache.hadoop.hdds.scm.storage.ChunkInputStream.readChunkFromContainer(ChunkInputStream.java:307)
	at org.apache.hadoop.hdds.scm.storage.ChunkInputStream.prepareRead(ChunkInputStream.java:259)
	at org.apache.hadoop.hdds.scm.storage.ChunkInputStream.read(ChunkInputStream.java:144)
	at org.apache.hadoop.hdds.scm.storage.BlockInputStream.read(BlockInputStream.java:239)
	at org.apache.hadoop.ozone.client.io.KeyInputStream.read(KeyInputStream.java:171)
	at org.apache.hadoop.ozone.client.io.OzoneInputStream.read(OzoneInputStream.java:47)
	at java.io.InputStream.read(InputStream.java:101)
	at org.apache.hadoop.ozone.container.ContainerTestHelper.validateData(ContainerTestHelper.java:713)
	at org.apache.hadoop.ozone.client.rpc.TestBlockOutputStreamWithFailures.validateData(TestBlockOutputStreamWithFailures.java:1216)
	at org.apache.hadoop.ozone.client.rpc.TestBlockOutputStreamWithFailures.testFailureWithPrimeSizedData(TestBlockOutputStreamWithFailures.java:662)
	at sun.reflect.NativeMethodAccessorImpl.invoke0(Native Method)
	at sun.reflect.NativeMethodAccessorImpl.invoke(NativeMethodAccessorImpl.java:62)
	at sun.reflect.DelegatingMethodAccessorImpl.invoke(DelegatingMethodAccessorImpl.java:43)
	at java.lang.reflect.Method.invoke(Method.java:498)
	at org.junit.runners.model.FrameworkMethod$1.runReflectiveCall(FrameworkMethod.java:47)
	at org.junit.internal.runners.model.ReflectiveCallable.run(ReflectiveCallable.java:12)
	at org.junit.runners.model.FrameworkMethod.invokeExplosively(FrameworkMethod.java:44)
	at org.junit.internal.runners.statements.InvokeMethod.evaluate(InvokeMethod.java:17)
	at org.junit.internal.runners.statements.RunBefores.evaluate(RunBefores.java:26)
	at org.junit.internal.runners.statements.RunAfters.evaluate(RunAfters.java:27)
	at org.junit.runners.ParentRunner.runLeaf(ParentRunner.java:271)
	at org.junit.runners.BlockJUnit4ClassRunner.runChild(BlockJUnit4ClassRunner.java:70)
	at org.junit.runners.BlockJUnit4ClassRunner.runChild(BlockJUnit4ClassRunner.java:50)
	at org.junit.runners.ParentRunner$3.run(ParentRunner.java:238)
	at org.junit.runners.ParentRunner$1.schedule(ParentRunner.java:63)
	at org.junit.runners.ParentRunner.runChildren(ParentRunner.java:236)
	at org.junit.runners.ParentRunner.access$000(ParentRunner.java:53)
	at org.junit.runners.ParentRunner$2.evaluate(ParentRunner.java:229)
	at org.junit.runners.ParentRunner.run(ParentRunner.java:309)
	at org.apache.maven.surefire.junit4.JUnit4Provider.execute(JUnit4Provider.java:365)
	at org.apache.maven.surefire.junit4.JUnit4Provider.executeWithRerun(JUnit4Provider.java:273)
	at org.apache.maven.surefire.junit4.JUnit4Provider.executeTestSet(JUnit4Provider.java:238)
	at org.apache.maven.surefire.junit4.JUnit4Provider.invoke(JUnit4Provider.java:159)
	at org.apache.maven.surefire.booter.ForkedBooter.invokeProviderInSameClassLoader(ForkedBooter.java:384)
	at org.apache.maven.surefire.booter.ForkedBooter.runSuitesInProcess(ForkedBooter.java:345)
	at org.apache.maven.surefire.booter.ForkedBooter.execute(ForkedBooter.java:126)
	at org.apache.maven.surefire.booter.ForkedBooter.main(ForkedBooter.java:418)

Aug 29, 2019 8:15:07 AM org.apache.ratis.thirdparty.io.grpc.internal.ManagedChannelOrphanWrapper$ManagedChannelReference cleanQueue
SEVERE: *~*~*~ Channel ManagedChannelImpl{logId=3415, target=192.168.69.111:35303} was not shutdown properly!!! ~*~*~*
    Make sure to call shutdown()/shutdownNow() and wait until awaitTermination() returns true.
java.lang.RuntimeException: ManagedChannel allocation site
	at org.apache.ratis.thirdparty.io.grpc.internal.ManagedChannelOrphanWrapper$ManagedChannelReference.<init>(ManagedChannelOrphanWrapper.java:103)
	at org.apache.ratis.thirdparty.io.grpc.internal.ManagedChannelOrphanWrapper.<init>(ManagedChannelOrphanWrapper.java:53)
	at org.apache.ratis.thirdparty.io.grpc.internal.ManagedChannelOrphanWrapper.<init>(ManagedChannelOrphanWrapper.java:44)
	at org.apache.ratis.thirdparty.io.grpc.internal.AbstractManagedChannelImplBuilder.build(AbstractManagedChannelImplBuilder.java:411)
	at org.apache.ratis.grpc.client.GrpcClientProtocolClient.<init>(GrpcClientProtocolClient.java:119)
	at org.apache.ratis.grpc.client.GrpcClientRpc.lambda$new$0(GrpcClientRpc.java:55)
	at org.apache.ratis.util.PeerProxyMap$PeerAndProxy.lambda$getProxy$0(PeerProxyMap.java:61)
	at org.apache.ratis.util.LifeCycle.startAndTransition(LifeCycle.java:202)
	at org.apache.ratis.util.PeerProxyMap$PeerAndProxy.getProxy(PeerProxyMap.java:60)
	at org.apache.ratis.util.PeerProxyMap.getProxy(PeerProxyMap.java:107)
	at org.apache.ratis.grpc.client.GrpcClientRpc.sendRequestAsync(GrpcClientRpc.java:66)
	at org.apache.ratis.client.impl.OrderedAsync.sendRequest(OrderedAsync.java:208)
	at org.apache.ratis.client.impl.OrderedAsync.sendRequestWithRetry(OrderedAsync.java:169)
	at org.apache.ratis.util.SlidingWindow$Client.sendOrDelayRequest(SlidingWindow.java:278)
	at org.apache.ratis.util.SlidingWindow$Client.retry(SlidingWindow.java:294)
	at org.apache.ratis.client.impl.OrderedAsync.lambda$scheduleWithTimeout$7(OrderedAsync.java:195)
	at org.apache.ratis.util.TimeoutScheduler.lambda$onTimeout$0(TimeoutScheduler.java:85)
	at org.apache.ratis.util.TimeoutScheduler.lambda$onTimeout$1(TimeoutScheduler.java:104)
	at org.apache.ratis.util.LogUtils.runAndLog(LogUtils.java:50)
	at org.apache.ratis.util.LogUtils$1.run(LogUtils.java:91)
	at java.util.concurrent.Executors$RunnableAdapter.call(Executors.java:511)
	at java.util.concurrent.FutureTask.run(FutureTask.java:266)
	at java.util.concurrent.ScheduledThreadPoolExecutor$ScheduledFutureTask.access$201(ScheduledThreadPoolExecutor.java:180)
	at java.util.concurrent.ScheduledThreadPoolExecutor$ScheduledFutureTask.run(ScheduledThreadPoolExecutor.java:293)
	at java.util.concurrent.ThreadPoolExecutor.runWorker(ThreadPoolExecutor.java:1149)
	at java.util.concurrent.ThreadPoolExecutor$Worker.run(ThreadPoolExecutor.java:624)
	at java.lang.Thread.run(Thread.java:748)

Aug 29, 2019 8:15:07 AM org.apache.ratis.thirdparty.io.grpc.internal.ManagedChannelOrphanWrapper$ManagedChannelReference cleanQueue
SEVERE: *~*~*~ Channel ManagedChannelImpl{logId=3430, target=192.168.69.111:42789} was not shutdown properly!!! ~*~*~*
    Make sure to call shutdown()/shutdownNow() and wait until awaitTermination() returns true.
java.lang.RuntimeException: ManagedChannel allocation site
	at org.apache.ratis.thirdparty.io.grpc.internal.ManagedChannelOrphanWrapper$ManagedChannelReference.<init>(ManagedChannelOrphanWrapper.java:103)
	at org.apache.ratis.thirdparty.io.grpc.internal.ManagedChannelOrphanWrapper.<init>(ManagedChannelOrphanWrapper.java:53)
	at org.apache.ratis.thirdparty.io.grpc.internal.ManagedChannelOrphanWrapper.<init>(ManagedChannelOrphanWrapper.java:44)
	at org.apache.ratis.thirdparty.io.grpc.internal.AbstractManagedChannelImplBuilder.build(AbstractManagedChannelImplBuilder.java:411)
	at org.apache.hadoop.hdds.scm.XceiverClientGrpc.connectToDatanode(XceiverClientGrpc.java:175)
	at org.apache.hadoop.hdds.scm.XceiverClientGrpc.reconnect(XceiverClientGrpc.java:423)
	at org.apache.hadoop.hdds.scm.XceiverClientGrpc.sendCommandAsync(XceiverClientGrpc.java:372)
	at org.apache.hadoop.hdds.scm.XceiverClientGrpc.sendCommandWithRetry(XceiverClientGrpc.java:285)
	at org.apache.hadoop.hdds.scm.XceiverClientGrpc.sendCommandWithTraceIDAndRetry(XceiverClientGrpc.java:251)
	at org.apache.hadoop.hdds.scm.XceiverClientGrpc.sendCommand(XceiverClientGrpc.java:234)
	at org.apache.hadoop.hdds.scm.storage.ContainerProtocolCalls.getBlock(ContainerProtocolCalls.java:118)
	at org.apache.hadoop.hdds.scm.storage.BlockInputStream.getChunkInfos(BlockInputStream.java:167)
	at org.apache.hadoop.hdds.scm.storage.BlockInputStream.initialize(BlockInputStream.java:118)
	at org.apache.hadoop.hdds.scm.storage.BlockInputStream.read(BlockInputStream.java:222)
	at org.apache.hadoop.ozone.client.io.KeyInputStream.read(KeyInputStream.java:171)
	at org.apache.hadoop.ozone.client.io.OzoneInputStream.read(OzoneInputStream.java:47)
	at java.io.InputStream.read(InputStream.java:101)
	at org.apache.hadoop.ozone.container.ContainerTestHelper.validateData(ContainerTestHelper.java:713)
	at org.apache.hadoop.ozone.client.rpc.TestBlockOutputStreamWithFailures.validateData(TestBlockOutputStreamWithFailures.java:1216)
	at org.apache.hadoop.ozone.client.rpc.TestBlockOutputStreamWithFailures.testFailureWithPrimeSizedData(TestBlockOutputStreamWithFailures.java:662)
	at sun.reflect.NativeMethodAccessorImpl.invoke0(Native Method)
	at sun.reflect.NativeMethodAccessorImpl.invoke(NativeMethodAccessorImpl.java:62)
	at sun.reflect.DelegatingMethodAccessorImpl.invoke(DelegatingMethodAccessorImpl.java:43)
	at java.lang.reflect.Method.invoke(Method.java:498)
	at org.junit.runners.model.FrameworkMethod$1.runReflectiveCall(FrameworkMethod.java:47)
	at org.junit.internal.runners.model.ReflectiveCallable.run(ReflectiveCallable.java:12)
	at org.junit.runners.model.FrameworkMethod.invokeExplosively(FrameworkMethod.java:44)
	at org.junit.internal.runners.statements.InvokeMethod.evaluate(InvokeMethod.java:17)
	at org.junit.internal.runners.statements.RunBefores.evaluate(RunBefores.java:26)
	at org.junit.internal.runners.statements.RunAfters.evaluate(RunAfters.java:27)
	at org.junit.runners.ParentRunner.runLeaf(ParentRunner.java:271)
	at org.junit.runners.BlockJUnit4ClassRunner.runChild(BlockJUnit4ClassRunner.java:70)
	at org.junit.runners.BlockJUnit4ClassRunner.runChild(BlockJUnit4ClassRunner.java:50)
	at org.junit.runners.ParentRunner$3.run(ParentRunner.java:238)
	at org.junit.runners.ParentRunner$1.schedule(ParentRunner.java:63)
	at org.junit.runners.ParentRunner.runChildren(ParentRunner.java:236)
	at org.junit.runners.ParentRunner.access$000(ParentRunner.java:53)
	at org.junit.runners.ParentRunner$2.evaluate(ParentRunner.java:229)
	at org.junit.runners.ParentRunner.run(ParentRunner.java:309)
	at org.apache.maven.surefire.junit4.JUnit4Provider.execute(JUnit4Provider.java:365)
	at org.apache.maven.surefire.junit4.JUnit4Provider.executeWithRerun(JUnit4Provider.java:273)
	at org.apache.maven.surefire.junit4.JUnit4Provider.executeTestSet(JUnit4Provider.java:238)
	at org.apache.maven.surefire.junit4.JUnit4Provider.invoke(JUnit4Provider.java:159)
	at org.apache.maven.surefire.booter.ForkedBooter.invokeProviderInSameClassLoader(ForkedBooter.java:384)
	at org.apache.maven.surefire.booter.ForkedBooter.runSuitesInProcess(ForkedBooter.java:345)
	at org.apache.maven.surefire.booter.ForkedBooter.execute(ForkedBooter.java:126)
	at org.apache.maven.surefire.booter.ForkedBooter.main(ForkedBooter.java:418)

Aug 29, 2019 8:15:07 AM org.apache.ratis.thirdparty.io.grpc.internal.ManagedChannelOrphanWrapper$ManagedChannelReference cleanQueue
SEVERE: *~*~*~ Channel ManagedChannelImpl{logId=3420, target=192.168.69.111:38591} was not shutdown properly!!! ~*~*~*
    Make sure to call shutdown()/shutdownNow() and wait until awaitTermination() returns true.
java.lang.RuntimeException: ManagedChannel allocation site
	at org.apache.ratis.thirdparty.io.grpc.internal.ManagedChannelOrphanWrapper$ManagedChannelReference.<init>(ManagedChannelOrphanWrapper.java:103)
	at org.apache.ratis.thirdparty.io.grpc.internal.ManagedChannelOrphanWrapper.<init>(ManagedChannelOrphanWrapper.java:53)
	at org.apache.ratis.thirdparty.io.grpc.internal.ManagedChannelOrphanWrapper.<init>(ManagedChannelOrphanWrapper.java:44)
	at org.apache.ratis.thirdparty.io.grpc.internal.AbstractManagedChannelImplBuilder.build(AbstractManagedChannelImplBuilder.java:411)
	at org.apache.hadoop.hdds.scm.XceiverClientGrpc.connectToDatanode(XceiverClientGrpc.java:175)
	at org.apache.hadoop.hdds.scm.XceiverClientGrpc.reconnect(XceiverClientGrpc.java:423)
	at org.apache.hadoop.hdds.scm.XceiverClientGrpc.sendCommandAsync(XceiverClientGrpc.java:372)
	at org.apache.hadoop.hdds.scm.XceiverClientGrpc.sendCommandWithRetry(XceiverClientGrpc.java:285)
	at org.apache.hadoop.hdds.scm.XceiverClientGrpc.sendCommandWithTraceIDAndRetry(XceiverClientGrpc.java:251)
	at org.apache.hadoop.hdds.scm.XceiverClientGrpc.sendCommand(XceiverClientGrpc.java:234)
	at org.apache.hadoop.hdds.scm.storage.ContainerProtocolCalls.getBlock(ContainerProtocolCalls.java:118)
	at org.apache.hadoop.hdds.scm.storage.BlockInputStream.getChunkInfos(BlockInputStream.java:167)
	at org.apache.hadoop.hdds.scm.storage.BlockInputStream.initialize(BlockInputStream.java:118)
	at org.apache.hadoop.hdds.scm.storage.BlockInputStream.read(BlockInputStream.java:222)
	at org.apache.hadoop.ozone.client.io.KeyInputStream.read(KeyInputStream.java:171)
	at org.apache.hadoop.ozone.client.io.OzoneInputStream.read(OzoneInputStream.java:47)
	at java.io.InputStream.read(InputStream.java:101)
	at org.apache.hadoop.ozone.container.ContainerTestHelper.validateData(ContainerTestHelper.java:713)
	at org.apache.hadoop.ozone.client.rpc.TestBlockOutputStreamWithFailures.validateData(TestBlockOutputStreamWithFailures.java:1216)
	at org.apache.hadoop.ozone.client.rpc.TestBlockOutputStreamWithFailures.testFailureWithPrimeSizedData(TestBlockOutputStreamWithFailures.java:662)
	at sun.reflect.NativeMethodAccessorImpl.invoke0(Native Method)
	at sun.reflect.NativeMethodAccessorImpl.invoke(NativeMethodAccessorImpl.java:62)
	at sun.reflect.DelegatingMethodAccessorImpl.invoke(DelegatingMethodAccessorImpl.java:43)
	at java.lang.reflect.Method.invoke(Method.java:498)
	at org.junit.runners.model.FrameworkMethod$1.runReflectiveCall(FrameworkMethod.java:47)
	at org.junit.internal.runners.model.ReflectiveCallable.run(ReflectiveCallable.java:12)
	at org.junit.runners.model.FrameworkMethod.invokeExplosively(FrameworkMethod.java:44)
	at org.junit.internal.runners.statements.InvokeMethod.evaluate(InvokeMethod.java:17)
	at org.junit.internal.runners.statements.RunBefores.evaluate(RunBefores.java:26)
	at org.junit.internal.runners.statements.RunAfters.evaluate(RunAfters.java:27)
	at org.junit.runners.ParentRunner.runLeaf(ParentRunner.java:271)
	at org.junit.runners.BlockJUnit4ClassRunner.runChild(BlockJUnit4ClassRunner.java:70)
	at org.junit.runners.BlockJUnit4ClassRunner.runChild(BlockJUnit4ClassRunner.java:50)
	at org.junit.runners.ParentRunner$3.run(ParentRunner.java:238)
	at org.junit.runners.ParentRunner$1.schedule(ParentRunner.java:63)
	at org.junit.runners.ParentRunner.runChildren(ParentRunner.java:236)
	at org.junit.runners.ParentRunner.access$000(ParentRunner.java:53)
	at org.junit.runners.ParentRunner$2.evaluate(ParentRunner.java:229)
	at org.junit.runners.ParentRunner.run(ParentRunner.java:309)
	at org.apache.maven.surefire.junit4.JUnit4Provider.execute(JUnit4Provider.java:365)
	at org.apache.maven.surefire.junit4.JUnit4Provider.executeWithRerun(JUnit4Provider.java:273)
	at org.apache.maven.surefire.junit4.JUnit4Provider.executeTestSet(JUnit4Provider.java:238)
	at org.apache.maven.surefire.junit4.JUnit4Provider.invoke(JUnit4Provider.java:159)
	at org.apache.maven.surefire.booter.ForkedBooter.invokeProviderInSameClassLoader(ForkedBooter.java:384)
	at org.apache.maven.surefire.booter.ForkedBooter.runSuitesInProcess(ForkedBooter.java:345)
	at org.apache.maven.surefire.booter.ForkedBooter.execute(ForkedBooter.java:126)
	at org.apache.maven.surefire.booter.ForkedBooter.main(ForkedBooter.java:418)

]]></system-err>
  </testcase>
  <testcase name="testExceptionDuringClose" classname="org.apache.hadoop.ozone.client.rpc.TestBlockOutputStreamWithFailures" time="43.352">
    <failure message="expected:&lt;84&gt; but was:&lt;86&gt;" type="java.lang.AssertionError"><![CDATA[java.lang.AssertionError: expected:<84> but was:<86>
	at org.junit.Assert.fail(Assert.java:88)
	at org.junit.Assert.failNotEquals(Assert.java:743)
	at org.junit.Assert.assertEquals(Assert.java:118)
	at org.junit.Assert.assertEquals(Assert.java:555)
	at org.junit.Assert.assertEquals(Assert.java:542)
	at org.apache.hadoop.ozone.client.rpc.TestBlockOutputStreamWithFailures.testExceptionDuringClose(TestBlockOutputStreamWithFailures.java:726)
	at sun.reflect.NativeMethodAccessorImpl.invoke0(Native Method)
	at sun.reflect.NativeMethodAccessorImpl.invoke(NativeMethodAccessorImpl.java:62)
	at sun.reflect.DelegatingMethodAccessorImpl.invoke(DelegatingMethodAccessorImpl.java:43)
	at java.lang.reflect.Method.invoke(Method.java:498)
	at org.junit.runners.model.FrameworkMethod$1.runReflectiveCall(FrameworkMethod.java:47)
	at org.junit.internal.runners.model.ReflectiveCallable.run(ReflectiveCallable.java:12)
	at org.junit.runners.model.FrameworkMethod.invokeExplosively(FrameworkMethod.java:44)
	at org.junit.internal.runners.statements.InvokeMethod.evaluate(InvokeMethod.java:17)
	at org.junit.internal.runners.statements.RunBefores.evaluate(RunBefores.java:26)
	at org.junit.internal.runners.statements.RunAfters.evaluate(RunAfters.java:27)
	at org.junit.runners.ParentRunner.runLeaf(ParentRunner.java:271)
	at org.junit.runners.BlockJUnit4ClassRunner.runChild(BlockJUnit4ClassRunner.java:70)
	at org.junit.runners.BlockJUnit4ClassRunner.runChild(BlockJUnit4ClassRunner.java:50)
	at org.junit.runners.ParentRunner$3.run(ParentRunner.java:238)
	at org.junit.runners.ParentRunner$1.schedule(ParentRunner.java:63)
	at org.junit.runners.ParentRunner.runChildren(ParentRunner.java:236)
	at org.junit.runners.ParentRunner.access$000(ParentRunner.java:53)
	at org.junit.runners.ParentRunner$2.evaluate(ParentRunner.java:229)
	at org.junit.runners.ParentRunner.run(ParentRunner.java:309)
	at org.apache.maven.surefire.junit4.JUnit4Provider.execute(JUnit4Provider.java:365)
	at org.apache.maven.surefire.junit4.JUnit4Provider.executeWithRerun(JUnit4Provider.java:273)
	at org.apache.maven.surefire.junit4.JUnit4Provider.executeTestSet(JUnit4Provider.java:238)
	at org.apache.maven.surefire.junit4.JUnit4Provider.invoke(JUnit4Provider.java:159)
	at org.apache.maven.surefire.booter.ForkedBooter.invokeProviderInSameClassLoader(ForkedBooter.java:384)
	at org.apache.maven.surefire.booter.ForkedBooter.runSuitesInProcess(ForkedBooter.java:345)
	at org.apache.maven.surefire.booter.ForkedBooter.execute(ForkedBooter.java:126)
	at org.apache.maven.surefire.booter.ForkedBooter.main(ForkedBooter.java:418)
]]></failure>
    <system-out><![CDATA[2019-08-29 08:15:37,913 [main] WARN  server.ServerUtils (ServerUtils.java:getScmDbDir(145)) - ozone.scm.db.dirs is not configured. We recommend adding this setting. Falling back to ozone.metadata.dirs instead.
2019-08-29 08:15:37,929 [main] WARN  server.ServerUtils (ServerUtils.java:getScmDbDir(145)) - ozone.scm.db.dirs is not configured. We recommend adding this setting. Falling back to ozone.metadata.dirs instead.
2019-08-29 08:15:37,930 [main] WARN  server.ServerUtils (ServerUtils.java:getScmDbDir(145)) - ozone.scm.db.dirs is not configured. We recommend adding this setting. Falling back to ozone.metadata.dirs instead.
2019-08-29 08:15:37,930 [main] INFO  db.DBStoreBuilder (DBStoreBuilder.java:addTable(110)) - using custom profile for table: deletedBlocks
2019-08-29 08:15:37,930 [main] INFO  db.DBStoreBuilder (DBStoreBuilder.java:processTables(161)) - Using default column profile:DBProfile.DISK for Table:deletedBlocks
2019-08-29 08:15:37,930 [main] INFO  db.DBStoreBuilder (DBStoreBuilder.java:addTable(110)) - using custom profile for table: validCerts
2019-08-29 08:15:37,931 [main] INFO  db.DBStoreBuilder (DBStoreBuilder.java:processTables(161)) - Using default column profile:DBProfile.DISK for Table:validCerts
2019-08-29 08:15:37,931 [main] INFO  db.DBStoreBuilder (DBStoreBuilder.java:addTable(110)) - using custom profile for table: revokedCerts
2019-08-29 08:15:37,931 [main] INFO  db.DBStoreBuilder (DBStoreBuilder.java:processTables(161)) - Using default column profile:DBProfile.DISK for Table:revokedCerts
2019-08-29 08:15:37,931 [main] INFO  db.DBStoreBuilder (DBStoreBuilder.java:addTable(110)) - using custom profile for table: default
2019-08-29 08:15:37,931 [main] INFO  db.DBStoreBuilder (DBStoreBuilder.java:processTables(167)) - Using default column profile:DBProfile.DISK for Table:default
2019-08-29 08:15:37,932 [main] INFO  db.DBStoreBuilder (DBStoreBuilder.java:getDbProfile(198)) - Using default options. DBProfile.DISK
2019-08-29 08:15:38,297 [main] INFO  net.NodeSchemaLoader (NodeSchemaLoader.java:loadSchemaFromFile(125)) - Loading file from sun.misc.CompoundEnumeration@1bbe7fcb
2019-08-29 08:15:38,297 [main] INFO  net.NodeSchemaLoader (NodeSchemaLoader.java:loadSchema(171)) - Loading network topology layer schema file
2019-08-29 08:15:38,302 [main] INFO  node.SCMNodeManager (SCMNodeManager.java:<init>(121)) - Entering startup safe mode.
2019-08-29 08:15:38,303 [main] INFO  algorithms.ContainerPlacementPolicyFactory (ContainerPlacementPolicyFactory.java:getPolicy(55)) - Create container placement policy of type org.apache.hadoop.hdds.scm.container.placement.algorithms.SCMContainerPlacementRandom
2019-08-29 08:15:38,303 [main] WARN  server.ServerUtils (ServerUtils.java:getScmDbDir(145)) - ozone.scm.db.dirs is not configured. We recommend adding this setting. Falling back to ozone.metadata.dirs instead.
2019-08-29 08:15:38,430 [main] INFO  pipeline.SCMPipelineManager (SCMPipelineManager.java:initializePipelineState(126)) - No pipeline exists in current db
2019-08-29 08:15:38,430 [main] WARN  server.ServerUtils (ServerUtils.java:getScmDbDir(145)) - ozone.scm.db.dirs is not configured. We recommend adding this setting. Falling back to ozone.metadata.dirs instead.
2019-08-29 08:15:38,644 [main] WARN  events.EventQueue (EventQueue.java:fireEvent(175)) - No event handler registered for event TypedEvent{payloadType=SafeModeStatus, name='SafeModeStatus'}
2019-08-29 08:15:38,644 [main] INFO  ipc.CallQueueManager (CallQueueManager.java:<init>(84)) - Using callQueue: class java.util.concurrent.LinkedBlockingQueue, queueCapacity: 2000, scheduler: class org.apache.hadoop.ipc.DefaultRpcScheduler, ipcBackoff: false.
2019-08-29 08:15:38,645 [Socket Reader #1 for port 43155] INFO  ipc.Server (Server.java:run(1074)) - Starting Socket Reader #1 for port 43155
2019-08-29 08:15:38,647 [main] INFO  ipc.CallQueueManager (CallQueueManager.java:<init>(84)) - Using callQueue: class java.util.concurrent.LinkedBlockingQueue, queueCapacity: 2000, scheduler: class org.apache.hadoop.ipc.DefaultRpcScheduler, ipcBackoff: false.
2019-08-29 08:15:38,648 [Socket Reader #1 for port 45163] INFO  ipc.Server (Server.java:run(1074)) - Starting Socket Reader #1 for port 45163
2019-08-29 08:15:38,651 [main] INFO  ipc.CallQueueManager (CallQueueManager.java:<init>(84)) - Using callQueue: class java.util.concurrent.LinkedBlockingQueue, queueCapacity: 2000, scheduler: class org.apache.hadoop.ipc.DefaultRpcScheduler, ipcBackoff: false.
2019-08-29 08:15:38,652 [Socket Reader #1 for port 42374] INFO  ipc.Server (Server.java:run(1074)) - Starting Socket Reader #1 for port 42374
2019-08-29 08:15:38,654 [main] INFO  hdfs.DFSUtil (DFSUtil.java:httpServerTemplateForNNAndJN(1641)) - Starting Web-server for scm at: http://0.0.0.0:0
2019-08-29 08:15:38,656 [main] INFO  server.AuthenticationFilter (AuthenticationFilter.java:constructSecretProvider(240)) - Unable to initialize FileSignerSecretProvider, falling back to use random secrets.
2019-08-29 08:15:38,656 [main] WARN  http.HttpRequestLog (HttpRequestLog.java:getRequestLog(97)) - Jetty request log can only be enabled using Log4j
2019-08-29 08:15:38,658 [main] INFO  http.HttpServer2 (HttpServer2.java:addGlobalFilter(975)) - Added global filter 'safety' (class=org.apache.hadoop.http.HttpServer2$QuotingInputFilter)
2019-08-29 08:15:38,659 [main] INFO  http.HttpServer2 (HttpServer2.java:addFilter(948)) - Added filter static_user_filter (class=org.apache.hadoop.http.lib.StaticUserWebFilter$StaticUserFilter) to context scm
2019-08-29 08:15:38,659 [main] INFO  http.HttpServer2 (HttpServer2.java:addFilter(958)) - Added filter static_user_filter (class=org.apache.hadoop.http.lib.StaticUserWebFilter$StaticUserFilter) to context logs
2019-08-29 08:15:38,659 [main] INFO  http.HttpServer2 (HttpServer2.java:addFilter(958)) - Added filter static_user_filter (class=org.apache.hadoop.http.lib.StaticUserWebFilter$StaticUserFilter) to context static
2019-08-29 08:15:38,661 [main] INFO  server.StorageContainerManager (StorageContainerManager.java:start(759)) - StorageContainerLocationProtocol RPC server is listening at /0.0.0.0:42374
2019-08-29 08:15:38,664 [main] WARN  impl.MetricsConfig (MetricsConfig.java:loadFirst(134)) - Cannot locate configuration: tried hadoop-metrics2-storagecontainermanager.properties,hadoop-metrics2.properties
2019-08-29 08:15:38,664 [main] INFO  impl.MetricsSystemImpl (MetricsSystemImpl.java:startTimer(374)) - Scheduled Metric snapshot period at 10 second(s).
2019-08-29 08:15:38,665 [main] INFO  impl.MetricsSystemImpl (MetricsSystemImpl.java:start(191)) - StorageContainerManager metrics system started
2019-08-29 08:15:38,792 [main] INFO  server.SCMClientProtocolServer (SCMClientProtocolServer.java:start(151)) - RPC server for Client  is listening at /0.0.0.0:42374
2019-08-29 08:15:38,792 [IPC Server Responder] INFO  ipc.Server (Server.java:run(1314)) - IPC Server Responder: starting
2019-08-29 08:15:38,793 [IPC Server listener on 42374] INFO  ipc.Server (Server.java:run(1153)) - IPC Server listener on 42374: starting
2019-08-29 08:15:38,796 [main] INFO  server.StorageContainerManager (StorageContainerManager.java:start(769)) - ScmBlockLocationProtocol RPC server is listening at /0.0.0.0:45163
2019-08-29 08:15:38,796 [main] INFO  server.SCMBlockProtocolServer (SCMBlockProtocolServer.java:start(140)) - RPC server for Block Protocol is listening at /0.0.0.0:45163
2019-08-29 08:15:38,796 [IPC Server Responder] INFO  ipc.Server (Server.java:run(1314)) - IPC Server Responder: starting
2019-08-29 08:15:38,797 [IPC Server listener on 45163] INFO  ipc.Server (Server.java:run(1153)) - IPC Server listener on 45163: starting
2019-08-29 08:15:38,799 [main] INFO  server.StorageContainerManager (StorageContainerManager.java:start(773)) - ScmDatanodeProtocl RPC server is listening at /0.0.0.0:43155
2019-08-29 08:15:38,799 [main] INFO  server.SCMDatanodeProtocolServer (SCMDatanodeProtocolServer.java:start(191)) - RPC server for DataNodes is listening at /0.0.0.0:43155
2019-08-29 08:15:38,800 [IPC Server Responder] INFO  ipc.Server (Server.java:run(1314)) - IPC Server Responder: starting
2019-08-29 08:15:38,801 [IPC Server listener on 43155] INFO  ipc.Server (Server.java:run(1153)) - IPC Server listener on 43155: starting
2019-08-29 08:15:38,803 [main] INFO  http.HttpServer2 (HttpServer2.java:bindListener(1191)) - Jetty bound to port 36961
2019-08-29 08:15:38,803 [main] INFO  server.Server (Server.java:doStart(351)) - jetty-9.3.24.v20180605, build timestamp: 2018-06-05T17:11:56Z, git hash: 84205aa28f11a4f31f2a3b86d1bba2cc8ab69827
2019-08-29 08:15:38,804 [main] INFO  handler.ContextHandler (ContextHandler.java:doStart(781)) - Started o.e.j.s.ServletContextHandler@2a987a5d{/logs,file:///workdir/hadoop-ozone/integration-test/target/log,AVAILABLE}
2019-08-29 08:15:38,804 [main] INFO  handler.ContextHandler (ContextHandler.java:doStart(781)) - Started o.e.j.s.ServletContextHandler@58211c07{/static,file:///workdir/hadoop-ozone/integration-test/target/test-classes/webapps/static,AVAILABLE}
2019-08-29 08:15:38,808 [main] INFO  handler.ContextHandler (ContextHandler.java:doStart(781)) - Started o.e.j.w.WebAppContext@54902273{/,file:///workdir/hadoop-ozone/integration-test/target/test-classes/webapps/scm/,AVAILABLE}{/scm}
2019-08-29 08:15:38,808 [main] INFO  server.AbstractConnector (AbstractConnector.java:doStart(278)) - Started ServerConnector@40052266{HTTP/1.1,[http/1.1]}{0.0.0.0:36961}
2019-08-29 08:15:38,811 [main] INFO  server.Server (Server.java:doStart(419)) - Started @714085ms
2019-08-29 08:15:38,812 [main] INFO  server.BaseHttpServer (BaseHttpServer.java:updateConnectorAddress(213)) - HTTP server of SCM is listening at http://0.0.0.0:36961
2019-08-29 08:15:38,813 [main] WARN  server.ServerUtils (ServerUtils.java:getDBPath(222)) - ozone.om.db.dirs is not configured. We recommend adding this setting. Falling back to ozone.metadata.dirs instead.
2019-08-29 08:15:38,813 [org.apache.hadoop.util.JvmPauseMonitor$Monitor@29dfc14a] INFO  util.JvmPauseMonitor (JvmPauseMonitor.java:run(188)) - Starting JVM pause monitor
2019-08-29 08:15:38,832 [main] WARN  server.ServerUtils (ServerUtils.java:getDBPath(222)) - ozone.om.db.dirs is not configured. We recommend adding this setting. Falling back to ozone.metadata.dirs instead.
2019-08-29 08:15:38,832 [main] WARN  server.ServerUtils (ServerUtils.java:getDBPath(222)) - ozone.om.db.dirs is not configured. We recommend adding this setting. Falling back to ozone.metadata.dirs instead.
2019-08-29 08:15:38,832 [main] INFO  om.OzoneManager (OzoneManager.java:setOMNodeDetails(645)) - OM Service ID is not set. Setting it to the default ID: omServiceIdDefault
2019-08-29 08:15:38,832 [main] INFO  om.OzoneManager (OzoneManager.java:setOMNodeDetails(651)) - OM Node ID is not set. Setting it to the OmStorage's OmID: a47fbaa5-444e-485c-be62-001e324b9e4d
2019-08-29 08:15:38,832 [main] INFO  om.OzoneManager (OzoneManager.java:loadOMHAConfigs(602)) - Found matching OM address with OMServiceId: null, OMNodeId: null, RPC Address: localhost:0 and Ratis port: 9872
2019-08-29 08:15:38,837 | INFO  | SCMAudit | user=jenkins1000 | ip=192.168.69.111 | op=GET_SCM_INFO null | ret=SUCCESS |  
2019-08-29 08:15:38,839 [main] WARN  server.ServerUtils (ServerUtils.java:getDBPath(222)) - ozone.om.db.dirs is not configured. We recommend adding this setting. Falling back to ozone.metadata.dirs instead.
2019-08-29 08:15:38,839 [main] INFO  db.DBStoreBuilder (DBStoreBuilder.java:addTable(110)) - using custom profile for table: userTable
2019-08-29 08:15:38,839 [main] INFO  db.DBStoreBuilder (DBStoreBuilder.java:processTables(161)) - Using default column profile:DBProfile.DISK for Table:userTable
2019-08-29 08:15:38,839 [main] INFO  db.DBStoreBuilder (DBStoreBuilder.java:addTable(110)) - using custom profile for table: volumeTable
2019-08-29 08:15:38,839 [main] INFO  db.DBStoreBuilder (DBStoreBuilder.java:processTables(161)) - Using default column profile:DBProfile.DISK for Table:volumeTable
2019-08-29 08:15:38,840 [main] INFO  db.DBStoreBuilder (DBStoreBuilder.java:addTable(110)) - using custom profile for table: bucketTable
2019-08-29 08:15:38,840 [main] INFO  db.DBStoreBuilder (DBStoreBuilder.java:processTables(161)) - Using default column profile:DBProfile.DISK for Table:bucketTable
2019-08-29 08:15:38,840 [main] INFO  db.DBStoreBuilder (DBStoreBuilder.java:addTable(110)) - using custom profile for table: keyTable
2019-08-29 08:15:38,840 [main] INFO  db.DBStoreBuilder (DBStoreBuilder.java:processTables(161)) - Using default column profile:DBProfile.DISK for Table:keyTable
2019-08-29 08:15:38,840 [main] INFO  db.DBStoreBuilder (DBStoreBuilder.java:addTable(110)) - using custom profile for table: deletedTable
2019-08-29 08:15:38,840 [main] INFO  db.DBStoreBuilder (DBStoreBuilder.java:processTables(161)) - Using default column profile:DBProfile.DISK for Table:deletedTable
2019-08-29 08:15:38,841 [main] INFO  db.DBStoreBuilder (DBStoreBuilder.java:addTable(110)) - using custom profile for table: openKeyTable
2019-08-29 08:15:38,841 [main] INFO  db.DBStoreBuilder (DBStoreBuilder.java:processTables(161)) - Using default column profile:DBProfile.DISK for Table:openKeyTable
2019-08-29 08:15:38,841 [main] INFO  db.DBStoreBuilder (DBStoreBuilder.java:addTable(110)) - using custom profile for table: s3Table
2019-08-29 08:15:38,841 [main] INFO  db.DBStoreBuilder (DBStoreBuilder.java:processTables(161)) - Using default column profile:DBProfile.DISK for Table:s3Table
2019-08-29 08:15:38,841 [main] INFO  db.DBStoreBuilder (DBStoreBuilder.java:addTable(110)) - using custom profile for table: multipartInfoTable
2019-08-29 08:15:38,841 [main] INFO  db.DBStoreBuilder (DBStoreBuilder.java:processTables(161)) - Using default column profile:DBProfile.DISK for Table:multipartInfoTable
2019-08-29 08:15:38,841 [main] INFO  db.DBStoreBuilder (DBStoreBuilder.java:addTable(110)) - using custom profile for table: dTokenTable
2019-08-29 08:15:38,842 [main] INFO  db.DBStoreBuilder (DBStoreBuilder.java:processTables(161)) - Using default column profile:DBProfile.DISK for Table:dTokenTable
2019-08-29 08:15:38,842 [main] INFO  db.DBStoreBuilder (DBStoreBuilder.java:addTable(110)) - using custom profile for table: s3SecretTable
2019-08-29 08:15:38,842 [main] INFO  db.DBStoreBuilder (DBStoreBuilder.java:processTables(161)) - Using default column profile:DBProfile.DISK for Table:s3SecretTable
2019-08-29 08:15:38,842 [main] INFO  db.DBStoreBuilder (DBStoreBuilder.java:addTable(110)) - using custom profile for table: prefixTable
2019-08-29 08:15:38,842 [main] INFO  db.DBStoreBuilder (DBStoreBuilder.java:processTables(161)) - Using default column profile:DBProfile.DISK for Table:prefixTable
2019-08-29 08:15:38,842 [main] INFO  db.DBStoreBuilder (DBStoreBuilder.java:addTable(110)) - using custom profile for table: default
2019-08-29 08:15:38,842 [main] INFO  db.DBStoreBuilder (DBStoreBuilder.java:processTables(167)) - Using default column profile:DBProfile.DISK for Table:default
2019-08-29 08:15:38,843 [main] INFO  db.DBStoreBuilder (DBStoreBuilder.java:getDbProfile(198)) - Using default options. DBProfile.DISK
2019-08-29 08:15:39,641 [main] INFO  ipc.CallQueueManager (CallQueueManager.java:<init>(84)) - Using callQueue: class java.util.concurrent.LinkedBlockingQueue, queueCapacity: 2000, scheduler: class org.apache.hadoop.ipc.DefaultRpcScheduler, ipcBackoff: false.
2019-08-29 08:15:39,642 [Socket Reader #1 for port 39111] INFO  ipc.Server (Server.java:run(1074)) - Starting Socket Reader #1 for port 39111
2019-08-29 08:15:39,652 [main] INFO  om.OzoneManager (OzoneManager.java:start(1256)) - OzoneManager RPC server is listening at localhost/127.0.0.1:39111
2019-08-29 08:15:39,652 [main] INFO  impl.MetricsSystemImpl (MetricsSystemImpl.java:init(158)) - OzoneManager metrics system started (again)
2019-08-29 08:15:39,653 [IPC Server Responder] INFO  ipc.Server (Server.java:run(1314)) - IPC Server Responder: starting
2019-08-29 08:15:39,653 [IPC Server listener on 39111] INFO  ipc.Server (Server.java:run(1153)) - IPC Server listener on 39111: starting
2019-08-29 08:15:39,662 [main] INFO  hdfs.DFSUtil (DFSUtil.java:httpServerTemplateForNNAndJN(1641)) - Starting Web-server for ozoneManager at: http://0.0.0.0:0
2019-08-29 08:15:39,663 [main] INFO  server.AuthenticationFilter (AuthenticationFilter.java:constructSecretProvider(240)) - Unable to initialize FileSignerSecretProvider, falling back to use random secrets.
2019-08-29 08:15:39,663 [main] WARN  http.HttpRequestLog (HttpRequestLog.java:getRequestLog(97)) - Jetty request log can only be enabled using Log4j
2019-08-29 08:15:39,664 [main] INFO  http.HttpServer2 (HttpServer2.java:addGlobalFilter(975)) - Added global filter 'safety' (class=org.apache.hadoop.http.HttpServer2$QuotingInputFilter)
2019-08-29 08:15:39,664 [main] INFO  http.HttpServer2 (HttpServer2.java:addFilter(948)) - Added filter static_user_filter (class=org.apache.hadoop.http.lib.StaticUserWebFilter$StaticUserFilter) to context ozoneManager
2019-08-29 08:15:39,665 [main] INFO  http.HttpServer2 (HttpServer2.java:addFilter(958)) - Added filter static_user_filter (class=org.apache.hadoop.http.lib.StaticUserWebFilter$StaticUserFilter) to context static
2019-08-29 08:15:39,665 [main] INFO  http.HttpServer2 (HttpServer2.java:addFilter(958)) - Added filter static_user_filter (class=org.apache.hadoop.http.lib.StaticUserWebFilter$StaticUserFilter) to context logs
2019-08-29 08:15:39,665 [main] INFO  http.HttpServer2 (HttpServer2.java:bindListener(1191)) - Jetty bound to port 43249
2019-08-29 08:15:39,665 [main] INFO  server.Server (Server.java:doStart(351)) - jetty-9.3.24.v20180605, build timestamp: 2018-06-05T17:11:56Z, git hash: 84205aa28f11a4f31f2a3b86d1bba2cc8ab69827
2019-08-29 08:15:39,666 [main] INFO  handler.ContextHandler (ContextHandler.java:doStart(781)) - Started o.e.j.s.ServletContextHandler@38dd3252{/logs,file:///workdir/hadoop-ozone/integration-test/target/log,AVAILABLE}
2019-08-29 08:15:39,667 [main] INFO  handler.ContextHandler (ContextHandler.java:doStart(781)) - Started o.e.j.s.ServletContextHandler@7a61020a{/static,file:///workdir/hadoop-ozone/integration-test/target/test-classes/webapps/static,AVAILABLE}
2019-08-29 08:15:39,670 [main] INFO  handler.ContextHandler (ContextHandler.java:doStart(781)) - Started o.e.j.w.WebAppContext@13095872{/,file:///workdir/hadoop-ozone/integration-test/target/test-classes/webapps/ozoneManager/,AVAILABLE}{/ozoneManager}
2019-08-29 08:15:39,670 [main] INFO  server.AbstractConnector (AbstractConnector.java:doStart(278)) - Started ServerConnector@4c062325{HTTP/1.1,[http/1.1]}{0.0.0.0:43249}
2019-08-29 08:15:39,670 [main] INFO  server.Server (Server.java:doStart(419)) - Started @714944ms
2019-08-29 08:15:39,672 [main] INFO  server.BaseHttpServer (BaseHttpServer.java:updateConnectorAddress(213)) - HTTP server of OZONEMANAGER is listening at http://0.0.0.0:43249
2019-08-29 08:15:39,681 [main] INFO  impl.MetricsSystemImpl (MetricsSystemImpl.java:init(158)) - HddsDatanode metrics system started (again)
2019-08-29 08:15:39,683 [main] INFO  ozone.HddsDatanodeService (HddsDatanodeService.java:start(184)) - HddsDatanodeService host:pr-hdds-1569-g9zr9-4145101663 ip:192.168.69.111
2019-08-29 08:15:39,695 [main] INFO  volume.HddsVolume (HddsVolume.java:<init>(176)) - Creating Volume: /workdir/hadoop-ozone/integration-test/target/test-dir/MiniOzoneClusterImpl-249f8078-8fc0-44d6-853a-2b715126e327/datanode-0/data/containers/hdds of  storage type : DISK and capacity : 1482555576320
2019-08-29 08:15:39,695 [main] INFO  volume.VolumeSet (VolumeSet.java:initializeVolumeSet(170)) - Added Volume : /workdir/hadoop-ozone/integration-test/target/test-dir/MiniOzoneClusterImpl-249f8078-8fc0-44d6-853a-2b715126e327/datanode-0/data/containers/hdds to VolumeSet
2019-08-29 08:15:39,696 [main] INFO  volume.ThrottledAsyncChecker (ThrottledAsyncChecker.java:schedule(140)) - Scheduling a check for org.apache.hadoop.ozone.container.common.volume.HddsVolume@5a79e98e
2019-08-29 08:15:39,696 [main] INFO  volume.HddsVolumeChecker (HddsVolumeChecker.java:checkAllVolumes(203)) - Scheduled health check for volume org.apache.hadoop.ozone.container.common.volume.HddsVolume@5a79e98e
2019-08-29 08:15:39,709 [main] INFO  impl.RaftServerProxy (ConfUtils.java:logGet(43)) - raft.rpc.type = GRPC (default)
2019-08-29 08:15:39,709 [main] INFO  grpc.GrpcFactory (GrpcFactory.java:checkPooledByteBufAllocatorUseCacheForAllThreads(45)) - PERFORMANCE WARNING: useCacheForAllThreads is true that may cause Netty to create a lot garbage objects and, as a result, trigger GC.
	It is recommended to disable useCacheForAllThreads by setting -Dorg.apache.ratis.thirdparty.io.netty.allocator.useCacheForAllThreads=false in command line.
2019-08-29 08:15:39,709 [main] INFO  grpc.GrpcConfigKeys$Server (ConfUtils.java:logGet(43)) - raft.grpc.server.port = 0 (default)
2019-08-29 08:15:39,709 [main] INFO  server.GrpcService (ConfUtils.java:logGet(43)) - raft.grpc.message.size.max = 33570816 (custom)
2019-08-29 08:15:39,709 [main] INFO  server.RaftServerConfigKeys (ConfUtils.java:logGet(43)) - raft.server.log.appender.buffer.byte-limit = 33554432 (custom)
2019-08-29 08:15:39,710 [main] INFO  server.GrpcService (ConfUtils.java:logGet(43)) - raft.grpc.flow.control.window = 1MB (=1048576) (default)
2019-08-29 08:15:39,710 [main] INFO  server.RaftServerConfigKeys (ConfUtils.java:logGet(43)) - raft.server.rpc.request.timeout = 3000ms (default)
2019-08-29 08:15:39,710 [main] INFO  server.RaftServerConfigKeys (ConfUtils.java:logGet(43)) - raft.server.storage.dir = [/workdir/hadoop-ozone/integration-test/target/test-dir/MiniOzoneClusterImpl-249f8078-8fc0-44d6-853a-2b715126e327/datanode-0/data/ratis] (custom)
2019-08-29 08:15:39,711 [main] INFO  replication.SimpleContainerDownloader (SimpleContainerDownloader.java:<init>(72)) - Starting container downloader service to copy containers to replicate.
2019-08-29 08:15:39,712 [main] INFO  hdfs.DFSUtil (DFSUtil.java:httpServerTemplateForNNAndJN(1641)) - Starting Web-server for hddsDatanode at: http://0.0.0.0:0
2019-08-29 08:15:39,713 [main] INFO  server.AuthenticationFilter (AuthenticationFilter.java:constructSecretProvider(240)) - Unable to initialize FileSignerSecretProvider, falling back to use random secrets.
2019-08-29 08:15:39,713 [main] WARN  http.HttpRequestLog (HttpRequestLog.java:getRequestLog(97)) - Jetty request log can only be enabled using Log4j
2019-08-29 08:15:39,714 [main] INFO  http.HttpServer2 (HttpServer2.java:addGlobalFilter(975)) - Added global filter 'safety' (class=org.apache.hadoop.http.HttpServer2$QuotingInputFilter)
2019-08-29 08:15:39,715 [main] INFO  http.HttpServer2 (HttpServer2.java:addFilter(948)) - Added filter static_user_filter (class=org.apache.hadoop.http.lib.StaticUserWebFilter$StaticUserFilter) to context hddsDatanode
2019-08-29 08:15:39,715 [main] INFO  http.HttpServer2 (HttpServer2.java:addFilter(958)) - Added filter static_user_filter (class=org.apache.hadoop.http.lib.StaticUserWebFilter$StaticUserFilter) to context static
2019-08-29 08:15:39,715 [main] INFO  http.HttpServer2 (HttpServer2.java:addFilter(958)) - Added filter static_user_filter (class=org.apache.hadoop.http.lib.StaticUserWebFilter$StaticUserFilter) to context logs
2019-08-29 08:15:39,716 [main] INFO  http.HttpServer2 (HttpServer2.java:bindListener(1191)) - Jetty bound to port 36863
2019-08-29 08:15:39,716 [main] INFO  server.Server (Server.java:doStart(351)) - jetty-9.3.24.v20180605, build timestamp: 2018-06-05T17:11:56Z, git hash: 84205aa28f11a4f31f2a3b86d1bba2cc8ab69827
2019-08-29 08:15:39,717 [main] INFO  handler.ContextHandler (ContextHandler.java:doStart(781)) - Started o.e.j.s.ServletContextHandler@4037fcc{/logs,file:///workdir/hadoop-ozone/integration-test/target/log,AVAILABLE}
2019-08-29 08:15:39,717 [main] INFO  handler.ContextHandler (ContextHandler.java:doStart(781)) - Started o.e.j.s.ServletContextHandler@6d81522b{/static,jar:file:/home/user/.m2/repository/org/apache/hadoop/hadoop-hdds-container-service/0.5.0-SNAPSHOT/hadoop-hdds-container-service-0.5.0-SNAPSHOT.jar!/webapps/static,AVAILABLE}
2019-08-29 08:15:39,743 [main] INFO  handler.ContextHandler (ContextHandler.java:doStart(781)) - Started o.e.j.w.WebAppContext@46306e5f{/,file:///tmp/jetty-0.0.0.0-36863-hddsDatanode-_-any-2876554876751558663.dir/webapp/,AVAILABLE}{/hddsDatanode}
2019-08-29 08:15:39,743 [main] INFO  server.AbstractConnector (AbstractConnector.java:doStart(278)) - Started ServerConnector@58e5a81c{HTTP/1.1,[http/1.1]}{0.0.0.0:36863}
2019-08-29 08:15:39,744 [main] INFO  server.Server (Server.java:doStart(419)) - Started @715018ms
2019-08-29 08:15:39,745 [main] INFO  server.BaseHttpServer (BaseHttpServer.java:updateConnectorAddress(213)) - HTTP server of HDDSDATANODE is listening at http://0.0.0.0:36863
2019-08-29 08:15:39,852 | INFO  | ObjectStoreRestHttpServer | Listening HDDS REST traffic on /0.0.0.0:43774 |  
2019-08-29 08:15:39,852 [main] INFO  ozone.HddsDatanodeService (HddsDatanodeService.java:startPlugins(395)) - Started plug-in org.apache.hadoop.ozone.web.OzoneHddsDatanodeService@372ea7fa
2019-08-29 08:15:39,852 [main] INFO  impl.MetricsSystemImpl (MetricsSystemImpl.java:init(158)) - HddsDatanode metrics system started (again)
2019-08-29 08:15:39,855 [main] INFO  ozone.HddsDatanodeService (HddsDatanodeService.java:start(184)) - HddsDatanodeService host:pr-hdds-1569-g9zr9-4145101663 ip:192.168.69.111
2019-08-29 08:15:39,855 [org.apache.hadoop.util.JvmPauseMonitor$Monitor@5db7c14e] INFO  util.JvmPauseMonitor (JvmPauseMonitor.java:run(188)) - Starting JVM pause monitor
2019-08-29 08:15:39,856 [Datanode State Machine Thread - 0] INFO  datanode.InitDatanodeState (InitDatanodeState.java:persistContainerDatanodeDetails(140)) - DatanodeDetails is persisted to /workdir/hadoop-ozone/integration-test/target/test-dir/MiniOzoneClusterImpl-249f8078-8fc0-44d6-853a-2b715126e327/datanode-0/meta/datanode.id
2019-08-29 08:15:39,863 [main] INFO  volume.HddsVolume (HddsVolume.java:<init>(176)) - Creating Volume: /workdir/hadoop-ozone/integration-test/target/test-dir/MiniOzoneClusterImpl-249f8078-8fc0-44d6-853a-2b715126e327/datanode-1/data/containers/hdds of  storage type : DISK and capacity : 1482555576320
2019-08-29 08:15:39,863 [main] INFO  volume.VolumeSet (VolumeSet.java:initializeVolumeSet(170)) - Added Volume : /workdir/hadoop-ozone/integration-test/target/test-dir/MiniOzoneClusterImpl-249f8078-8fc0-44d6-853a-2b715126e327/datanode-1/data/containers/hdds to VolumeSet
2019-08-29 08:15:39,864 [main] INFO  volume.ThrottledAsyncChecker (ThrottledAsyncChecker.java:schedule(140)) - Scheduling a check for org.apache.hadoop.ozone.container.common.volume.HddsVolume@a2763f8
2019-08-29 08:15:39,864 [main] INFO  volume.HddsVolumeChecker (HddsVolumeChecker.java:checkAllVolumes(203)) - Scheduled health check for volume org.apache.hadoop.ozone.container.common.volume.HddsVolume@a2763f8
2019-08-29 08:15:39,883 [main] INFO  impl.RaftServerProxy (ConfUtils.java:logGet(43)) - raft.rpc.type = GRPC (default)
2019-08-29 08:15:39,883 [main] INFO  grpc.GrpcFactory (GrpcFactory.java:checkPooledByteBufAllocatorUseCacheForAllThreads(45)) - PERFORMANCE WARNING: useCacheForAllThreads is true that may cause Netty to create a lot garbage objects and, as a result, trigger GC.
	It is recommended to disable useCacheForAllThreads by setting -Dorg.apache.ratis.thirdparty.io.netty.allocator.useCacheForAllThreads=false in command line.
2019-08-29 08:15:39,883 [main] INFO  grpc.GrpcConfigKeys$Server (ConfUtils.java:logGet(43)) - raft.grpc.server.port = 0 (default)
2019-08-29 08:15:39,884 [main] INFO  server.GrpcService (ConfUtils.java:logGet(43)) - raft.grpc.message.size.max = 33570816 (custom)
2019-08-29 08:15:39,884 [main] INFO  server.RaftServerConfigKeys (ConfUtils.java:logGet(43)) - raft.server.log.appender.buffer.byte-limit = 33554432 (custom)
2019-08-29 08:15:39,884 [main] INFO  server.GrpcService (ConfUtils.java:logGet(43)) - raft.grpc.flow.control.window = 1MB (=1048576) (default)
2019-08-29 08:15:39,884 [main] INFO  server.RaftServerConfigKeys (ConfUtils.java:logGet(43)) - raft.server.rpc.request.timeout = 3000ms (default)
2019-08-29 08:15:39,885 [main] INFO  server.RaftServerConfigKeys (ConfUtils.java:logGet(43)) - raft.server.storage.dir = [/workdir/hadoop-ozone/integration-test/target/test-dir/MiniOzoneClusterImpl-249f8078-8fc0-44d6-853a-2b715126e327/datanode-1/data/ratis] (custom)
2019-08-29 08:15:39,885 [main] INFO  replication.SimpleContainerDownloader (SimpleContainerDownloader.java:<init>(72)) - Starting container downloader service to copy containers to replicate.
2019-08-29 08:15:39,887 [main] INFO  hdfs.DFSUtil (DFSUtil.java:httpServerTemplateForNNAndJN(1641)) - Starting Web-server for hddsDatanode at: http://0.0.0.0:0
2019-08-29 08:15:39,888 [main] INFO  server.AuthenticationFilter (AuthenticationFilter.java:constructSecretProvider(240)) - Unable to initialize FileSignerSecretProvider, falling back to use random secrets.
2019-08-29 08:15:39,888 [main] WARN  http.HttpRequestLog (HttpRequestLog.java:getRequestLog(97)) - Jetty request log can only be enabled using Log4j
2019-08-29 08:15:39,890 [main] INFO  http.HttpServer2 (HttpServer2.java:addGlobalFilter(975)) - Added global filter 'safety' (class=org.apache.hadoop.http.HttpServer2$QuotingInputFilter)
2019-08-29 08:15:39,890 [main] INFO  http.HttpServer2 (HttpServer2.java:addFilter(948)) - Added filter static_user_filter (class=org.apache.hadoop.http.lib.StaticUserWebFilter$StaticUserFilter) to context hddsDatanode
2019-08-29 08:15:39,891 [main] INFO  http.HttpServer2 (HttpServer2.java:addFilter(958)) - Added filter static_user_filter (class=org.apache.hadoop.http.lib.StaticUserWebFilter$StaticUserFilter) to context logs
2019-08-29 08:15:39,891 [main] INFO  http.HttpServer2 (HttpServer2.java:addFilter(958)) - Added filter static_user_filter (class=org.apache.hadoop.http.lib.StaticUserWebFilter$StaticUserFilter) to context static
2019-08-29 08:15:39,891 [main] INFO  http.HttpServer2 (HttpServer2.java:bindListener(1191)) - Jetty bound to port 36419
2019-08-29 08:15:39,892 [main] INFO  server.Server (Server.java:doStart(351)) - jetty-9.3.24.v20180605, build timestamp: 2018-06-05T17:11:56Z, git hash: 84205aa28f11a4f31f2a3b86d1bba2cc8ab69827
2019-08-29 08:15:39,893 [main] INFO  handler.ContextHandler (ContextHandler.java:doStart(781)) - Started o.e.j.s.ServletContextHandler@b536551{/logs,file:///workdir/hadoop-ozone/integration-test/target/log,AVAILABLE}
2019-08-29 08:15:39,893 [main] INFO  handler.ContextHandler (ContextHandler.java:doStart(781)) - Started o.e.j.s.ServletContextHandler@159e7734{/static,jar:file:/home/user/.m2/repository/org/apache/hadoop/hadoop-hdds-container-service/0.5.0-SNAPSHOT/hadoop-hdds-container-service-0.5.0-SNAPSHOT.jar!/webapps/static,AVAILABLE}
2019-08-29 08:15:39,928 [main] INFO  handler.ContextHandler (ContextHandler.java:doStart(781)) - Started o.e.j.w.WebAppContext@71a8a354{/,file:///tmp/jetty-0.0.0.0-36419-hddsDatanode-_-any-5025062283162819085.dir/webapp/,AVAILABLE}{/hddsDatanode}
2019-08-29 08:15:39,928 [main] INFO  server.AbstractConnector (AbstractConnector.java:doStart(278)) - Started ServerConnector@3ed0e816{HTTP/1.1,[http/1.1]}{0.0.0.0:36419}
2019-08-29 08:15:39,930 [main] INFO  server.Server (Server.java:doStart(419)) - Started @715203ms
2019-08-29 08:15:39,931 [main] INFO  server.BaseHttpServer (BaseHttpServer.java:updateConnectorAddress(213)) - HTTP server of HDDSDATANODE is listening at http://0.0.0.0:36419
2019-08-29 08:15:40,068 | INFO  | ObjectStoreRestHttpServer | Listening HDDS REST traffic on /0.0.0.0:33675 |  
2019-08-29 08:15:40,068 [main] INFO  ozone.HddsDatanodeService (HddsDatanodeService.java:startPlugins(395)) - Started plug-in org.apache.hadoop.ozone.web.OzoneHddsDatanodeService@510d6e38
2019-08-29 08:15:40,069 [main] INFO  impl.MetricsSystemImpl (MetricsSystemImpl.java:init(158)) - HddsDatanode metrics system started (again)
2019-08-29 08:15:40,072 [org.apache.hadoop.util.JvmPauseMonitor$Monitor@c785da6] INFO  util.JvmPauseMonitor (JvmPauseMonitor.java:run(188)) - Starting JVM pause monitor
2019-08-29 08:15:40,073 [main] INFO  ozone.HddsDatanodeService (HddsDatanodeService.java:start(184)) - HddsDatanodeService host:pr-hdds-1569-g9zr9-4145101663 ip:192.168.69.111
2019-08-29 08:15:40,073 [Datanode State Machine Thread - 0] INFO  datanode.InitDatanodeState (InitDatanodeState.java:persistContainerDatanodeDetails(140)) - DatanodeDetails is persisted to /workdir/hadoop-ozone/integration-test/target/test-dir/MiniOzoneClusterImpl-249f8078-8fc0-44d6-853a-2b715126e327/datanode-1/meta/datanode.id
2019-08-29 08:15:40,086 [main] INFO  volume.HddsVolume (HddsVolume.java:<init>(176)) - Creating Volume: /workdir/hadoop-ozone/integration-test/target/test-dir/MiniOzoneClusterImpl-249f8078-8fc0-44d6-853a-2b715126e327/datanode-2/data/containers/hdds of  storage type : DISK and capacity : 1482555576320
2019-08-29 08:15:40,087 [main] INFO  volume.VolumeSet (VolumeSet.java:initializeVolumeSet(170)) - Added Volume : /workdir/hadoop-ozone/integration-test/target/test-dir/MiniOzoneClusterImpl-249f8078-8fc0-44d6-853a-2b715126e327/datanode-2/data/containers/hdds to VolumeSet
2019-08-29 08:15:40,087 [main] INFO  volume.ThrottledAsyncChecker (ThrottledAsyncChecker.java:schedule(140)) - Scheduling a check for org.apache.hadoop.ozone.container.common.volume.HddsVolume@2b7b2967
2019-08-29 08:15:40,088 [main] INFO  volume.HddsVolumeChecker (HddsVolumeChecker.java:checkAllVolumes(203)) - Scheduled health check for volume org.apache.hadoop.ozone.container.common.volume.HddsVolume@2b7b2967
2019-08-29 08:15:40,107 [main] INFO  impl.RaftServerProxy (ConfUtils.java:logGet(43)) - raft.rpc.type = GRPC (default)
2019-08-29 08:15:40,107 [main] INFO  grpc.GrpcFactory (GrpcFactory.java:checkPooledByteBufAllocatorUseCacheForAllThreads(45)) - PERFORMANCE WARNING: useCacheForAllThreads is true that may cause Netty to create a lot garbage objects and, as a result, trigger GC.
	It is recommended to disable useCacheForAllThreads by setting -Dorg.apache.ratis.thirdparty.io.netty.allocator.useCacheForAllThreads=false in command line.
2019-08-29 08:15:40,107 [main] INFO  grpc.GrpcConfigKeys$Server (ConfUtils.java:logGet(43)) - raft.grpc.server.port = 0 (default)
2019-08-29 08:15:40,107 [main] INFO  server.GrpcService (ConfUtils.java:logGet(43)) - raft.grpc.message.size.max = 33570816 (custom)
2019-08-29 08:15:40,108 [main] INFO  server.RaftServerConfigKeys (ConfUtils.java:logGet(43)) - raft.server.log.appender.buffer.byte-limit = 33554432 (custom)
2019-08-29 08:15:40,108 [main] INFO  server.GrpcService (ConfUtils.java:logGet(43)) - raft.grpc.flow.control.window = 1MB (=1048576) (default)
2019-08-29 08:15:40,108 [main] INFO  server.RaftServerConfigKeys (ConfUtils.java:logGet(43)) - raft.server.rpc.request.timeout = 3000ms (default)
2019-08-29 08:15:40,109 [main] INFO  server.RaftServerConfigKeys (ConfUtils.java:logGet(43)) - raft.server.storage.dir = [/workdir/hadoop-ozone/integration-test/target/test-dir/MiniOzoneClusterImpl-249f8078-8fc0-44d6-853a-2b715126e327/datanode-2/data/ratis] (custom)
2019-08-29 08:15:40,109 [main] INFO  replication.SimpleContainerDownloader (SimpleContainerDownloader.java:<init>(72)) - Starting container downloader service to copy containers to replicate.
2019-08-29 08:15:40,110 [main] INFO  hdfs.DFSUtil (DFSUtil.java:httpServerTemplateForNNAndJN(1641)) - Starting Web-server for hddsDatanode at: http://0.0.0.0:0
2019-08-29 08:15:40,111 [main] INFO  server.AuthenticationFilter (AuthenticationFilter.java:constructSecretProvider(240)) - Unable to initialize FileSignerSecretProvider, falling back to use random secrets.
2019-08-29 08:15:40,112 [main] WARN  http.HttpRequestLog (HttpRequestLog.java:getRequestLog(97)) - Jetty request log can only be enabled using Log4j
2019-08-29 08:15:40,113 [main] INFO  http.HttpServer2 (HttpServer2.java:addGlobalFilter(975)) - Added global filter 'safety' (class=org.apache.hadoop.http.HttpServer2$QuotingInputFilter)
2019-08-29 08:15:40,114 [main] INFO  http.HttpServer2 (HttpServer2.java:addFilter(948)) - Added filter static_user_filter (class=org.apache.hadoop.http.lib.StaticUserWebFilter$StaticUserFilter) to context hddsDatanode
2019-08-29 08:15:40,114 [main] INFO  http.HttpServer2 (HttpServer2.java:addFilter(958)) - Added filter static_user_filter (class=org.apache.hadoop.http.lib.StaticUserWebFilter$StaticUserFilter) to context logs
2019-08-29 08:15:40,115 [main] INFO  http.HttpServer2 (HttpServer2.java:addFilter(958)) - Added filter static_user_filter (class=org.apache.hadoop.http.lib.StaticUserWebFilter$StaticUserFilter) to context static
2019-08-29 08:15:40,116 [main] INFO  http.HttpServer2 (HttpServer2.java:bindListener(1191)) - Jetty bound to port 35614
2019-08-29 08:15:40,116 [main] INFO  server.Server (Server.java:doStart(351)) - jetty-9.3.24.v20180605, build timestamp: 2018-06-05T17:11:56Z, git hash: 84205aa28f11a4f31f2a3b86d1bba2cc8ab69827
2019-08-29 08:15:40,117 [main] INFO  handler.ContextHandler (ContextHandler.java:doStart(781)) - Started o.e.j.s.ServletContextHandler@7f792c5a{/logs,file:///workdir/hadoop-ozone/integration-test/target/log,AVAILABLE}
2019-08-29 08:15:40,118 [main] INFO  handler.ContextHandler (ContextHandler.java:doStart(781)) - Started o.e.j.s.ServletContextHandler@174cd1a4{/static,jar:file:/home/user/.m2/repository/org/apache/hadoop/hadoop-hdds-container-service/0.5.0-SNAPSHOT/hadoop-hdds-container-service-0.5.0-SNAPSHOT.jar!/webapps/static,AVAILABLE}
2019-08-29 08:15:40,161 [main] INFO  handler.ContextHandler (ContextHandler.java:doStart(781)) - Started o.e.j.w.WebAppContext@57927f4f{/,file:///tmp/jetty-0.0.0.0-35614-hddsDatanode-_-any-5540292077683685514.dir/webapp/,AVAILABLE}{/hddsDatanode}
2019-08-29 08:15:40,162 [main] INFO  server.AbstractConnector (AbstractConnector.java:doStart(278)) - Started ServerConnector@e937569{HTTP/1.1,[http/1.1]}{0.0.0.0:35614}
2019-08-29 08:15:40,163 [main] INFO  server.Server (Server.java:doStart(419)) - Started @715437ms
2019-08-29 08:15:40,164 [main] INFO  server.BaseHttpServer (BaseHttpServer.java:updateConnectorAddress(213)) - HTTP server of HDDSDATANODE is listening at http://0.0.0.0:35614
2019-08-29 08:15:40,321 | INFO  | ObjectStoreRestHttpServer | Listening HDDS REST traffic on /0.0.0.0:32773 |  
2019-08-29 08:15:40,321 [main] INFO  ozone.HddsDatanodeService (HddsDatanodeService.java:startPlugins(395)) - Started plug-in org.apache.hadoop.ozone.web.OzoneHddsDatanodeService@232b4552
2019-08-29 08:15:40,322 [main] INFO  impl.MetricsSystemImpl (MetricsSystemImpl.java:init(158)) - HddsDatanode metrics system started (again)
2019-08-29 08:15:40,324 [org.apache.hadoop.util.JvmPauseMonitor$Monitor@3cbb5785] INFO  util.JvmPauseMonitor (JvmPauseMonitor.java:run(188)) - Starting JVM pause monitor
2019-08-29 08:15:40,324 [main] INFO  ozone.HddsDatanodeService (HddsDatanodeService.java:start(184)) - HddsDatanodeService host:pr-hdds-1569-g9zr9-4145101663 ip:192.168.69.111
2019-08-29 08:15:40,326 [Datanode State Machine Thread - 0] INFO  datanode.InitDatanodeState (InitDatanodeState.java:persistContainerDatanodeDetails(140)) - DatanodeDetails is persisted to /workdir/hadoop-ozone/integration-test/target/test-dir/MiniOzoneClusterImpl-249f8078-8fc0-44d6-853a-2b715126e327/datanode-2/meta/datanode.id
2019-08-29 08:15:40,336 [main] INFO  volume.HddsVolume (HddsVolume.java:<init>(176)) - Creating Volume: /workdir/hadoop-ozone/integration-test/target/test-dir/MiniOzoneClusterImpl-249f8078-8fc0-44d6-853a-2b715126e327/datanode-3/data/containers/hdds of  storage type : DISK and capacity : 1482555576320
2019-08-29 08:15:40,336 [main] INFO  volume.VolumeSet (VolumeSet.java:initializeVolumeSet(170)) - Added Volume : /workdir/hadoop-ozone/integration-test/target/test-dir/MiniOzoneClusterImpl-249f8078-8fc0-44d6-853a-2b715126e327/datanode-3/data/containers/hdds to VolumeSet
2019-08-29 08:15:40,336 [main] INFO  volume.ThrottledAsyncChecker (ThrottledAsyncChecker.java:schedule(140)) - Scheduling a check for org.apache.hadoop.ozone.container.common.volume.HddsVolume@3e45ca81
2019-08-29 08:15:40,337 [main] INFO  volume.HddsVolumeChecker (HddsVolumeChecker.java:checkAllVolumes(203)) - Scheduled health check for volume org.apache.hadoop.ozone.container.common.volume.HddsVolume@3e45ca81
2019-08-29 08:15:40,350 [main] INFO  impl.RaftServerProxy (ConfUtils.java:logGet(43)) - raft.rpc.type = GRPC (default)
2019-08-29 08:15:40,351 [main] INFO  grpc.GrpcFactory (GrpcFactory.java:checkPooledByteBufAllocatorUseCacheForAllThreads(45)) - PERFORMANCE WARNING: useCacheForAllThreads is true that may cause Netty to create a lot garbage objects and, as a result, trigger GC.
	It is recommended to disable useCacheForAllThreads by setting -Dorg.apache.ratis.thirdparty.io.netty.allocator.useCacheForAllThreads=false in command line.
2019-08-29 08:15:40,351 [main] INFO  grpc.GrpcConfigKeys$Server (ConfUtils.java:logGet(43)) - raft.grpc.server.port = 0 (default)
2019-08-29 08:15:40,351 [main] INFO  server.GrpcService (ConfUtils.java:logGet(43)) - raft.grpc.message.size.max = 33570816 (custom)
2019-08-29 08:15:40,351 [main] INFO  server.RaftServerConfigKeys (ConfUtils.java:logGet(43)) - raft.server.log.appender.buffer.byte-limit = 33554432 (custom)
2019-08-29 08:15:40,351 [main] INFO  server.GrpcService (ConfUtils.java:logGet(43)) - raft.grpc.flow.control.window = 1MB (=1048576) (default)
2019-08-29 08:15:40,352 [main] INFO  server.RaftServerConfigKeys (ConfUtils.java:logGet(43)) - raft.server.rpc.request.timeout = 3000ms (default)
2019-08-29 08:15:40,352 [main] INFO  server.RaftServerConfigKeys (ConfUtils.java:logGet(43)) - raft.server.storage.dir = [/workdir/hadoop-ozone/integration-test/target/test-dir/MiniOzoneClusterImpl-249f8078-8fc0-44d6-853a-2b715126e327/datanode-3/data/ratis] (custom)
2019-08-29 08:15:40,352 [main] INFO  replication.SimpleContainerDownloader (SimpleContainerDownloader.java:<init>(72)) - Starting container downloader service to copy containers to replicate.
2019-08-29 08:15:40,353 [main] INFO  hdfs.DFSUtil (DFSUtil.java:httpServerTemplateForNNAndJN(1641)) - Starting Web-server for hddsDatanode at: http://0.0.0.0:0
2019-08-29 08:15:40,355 [main] INFO  server.AuthenticationFilter (AuthenticationFilter.java:constructSecretProvider(240)) - Unable to initialize FileSignerSecretProvider, falling back to use random secrets.
2019-08-29 08:15:40,355 [main] WARN  http.HttpRequestLog (HttpRequestLog.java:getRequestLog(97)) - Jetty request log can only be enabled using Log4j
2019-08-29 08:15:40,356 [main] INFO  http.HttpServer2 (HttpServer2.java:addGlobalFilter(975)) - Added global filter 'safety' (class=org.apache.hadoop.http.HttpServer2$QuotingInputFilter)
2019-08-29 08:15:40,357 [main] INFO  http.HttpServer2 (HttpServer2.java:addFilter(948)) - Added filter static_user_filter (class=org.apache.hadoop.http.lib.StaticUserWebFilter$StaticUserFilter) to context hddsDatanode
2019-08-29 08:15:40,357 [main] INFO  http.HttpServer2 (HttpServer2.java:addFilter(958)) - Added filter static_user_filter (class=org.apache.hadoop.http.lib.StaticUserWebFilter$StaticUserFilter) to context logs
2019-08-29 08:15:40,357 [main] INFO  http.HttpServer2 (HttpServer2.java:addFilter(958)) - Added filter static_user_filter (class=org.apache.hadoop.http.lib.StaticUserWebFilter$StaticUserFilter) to context static
2019-08-29 08:15:40,358 [main] INFO  http.HttpServer2 (HttpServer2.java:bindListener(1191)) - Jetty bound to port 33435
2019-08-29 08:15:40,358 [main] INFO  server.Server (Server.java:doStart(351)) - jetty-9.3.24.v20180605, build timestamp: 2018-06-05T17:11:56Z, git hash: 84205aa28f11a4f31f2a3b86d1bba2cc8ab69827
2019-08-29 08:15:40,360 [main] INFO  handler.ContextHandler (ContextHandler.java:doStart(781)) - Started o.e.j.s.ServletContextHandler@1bc4ec31{/logs,file:///workdir/hadoop-ozone/integration-test/target/log,AVAILABLE}
2019-08-29 08:15:40,360 [main] INFO  handler.ContextHandler (ContextHandler.java:doStart(781)) - Started o.e.j.s.ServletContextHandler@41e5450f{/static,jar:file:/home/user/.m2/repository/org/apache/hadoop/hadoop-hdds-container-service/0.5.0-SNAPSHOT/hadoop-hdds-container-service-0.5.0-SNAPSHOT.jar!/webapps/static,AVAILABLE}
2019-08-29 08:15:40,402 [main] INFO  handler.ContextHandler (ContextHandler.java:doStart(781)) - Started o.e.j.w.WebAppContext@6b928c79{/,file:///tmp/jetty-0.0.0.0-33435-hddsDatanode-_-any-5252616540798372029.dir/webapp/,AVAILABLE}{/hddsDatanode}
2019-08-29 08:15:40,402 [main] INFO  server.AbstractConnector (AbstractConnector.java:doStart(278)) - Started ServerConnector@29c3dd33{HTTP/1.1,[http/1.1]}{0.0.0.0:33435}
2019-08-29 08:15:40,404 [main] INFO  server.Server (Server.java:doStart(419)) - Started @715678ms
2019-08-29 08:15:40,405 [main] INFO  server.BaseHttpServer (BaseHttpServer.java:updateConnectorAddress(213)) - HTTP server of HDDSDATANODE is listening at http://0.0.0.0:33435
2019-08-29 08:15:40,556 | INFO  | ObjectStoreRestHttpServer | Listening HDDS REST traffic on /0.0.0.0:39745 |  
2019-08-29 08:15:40,556 [main] INFO  ozone.HddsDatanodeService (HddsDatanodeService.java:startPlugins(395)) - Started plug-in org.apache.hadoop.ozone.web.OzoneHddsDatanodeService@30075210
2019-08-29 08:15:40,557 [main] INFO  impl.MetricsSystemImpl (MetricsSystemImpl.java:init(158)) - HddsDatanode metrics system started (again)
2019-08-29 08:15:40,560 [org.apache.hadoop.util.JvmPauseMonitor$Monitor@38666c2c] INFO  util.JvmPauseMonitor (JvmPauseMonitor.java:run(188)) - Starting JVM pause monitor
2019-08-29 08:15:40,561 [main] INFO  ozone.HddsDatanodeService (HddsDatanodeService.java:start(184)) - HddsDatanodeService host:pr-hdds-1569-g9zr9-4145101663 ip:192.168.69.111
2019-08-29 08:15:40,562 [Datanode State Machine Thread - 0] INFO  datanode.InitDatanodeState (InitDatanodeState.java:persistContainerDatanodeDetails(140)) - DatanodeDetails is persisted to /workdir/hadoop-ozone/integration-test/target/test-dir/MiniOzoneClusterImpl-249f8078-8fc0-44d6-853a-2b715126e327/datanode-3/meta/datanode.id
2019-08-29 08:15:40,571 [main] INFO  volume.HddsVolume (HddsVolume.java:<init>(176)) - Creating Volume: /workdir/hadoop-ozone/integration-test/target/test-dir/MiniOzoneClusterImpl-249f8078-8fc0-44d6-853a-2b715126e327/datanode-4/data/containers/hdds of  storage type : DISK and capacity : 1482555576320
2019-08-29 08:15:40,572 [main] INFO  volume.VolumeSet (VolumeSet.java:initializeVolumeSet(170)) - Added Volume : /workdir/hadoop-ozone/integration-test/target/test-dir/MiniOzoneClusterImpl-249f8078-8fc0-44d6-853a-2b715126e327/datanode-4/data/containers/hdds to VolumeSet
2019-08-29 08:15:40,572 [main] INFO  volume.ThrottledAsyncChecker (ThrottledAsyncChecker.java:schedule(140)) - Scheduling a check for org.apache.hadoop.ozone.container.common.volume.HddsVolume@7d99846f
2019-08-29 08:15:40,572 [main] INFO  volume.HddsVolumeChecker (HddsVolumeChecker.java:checkAllVolumes(203)) - Scheduled health check for volume org.apache.hadoop.ozone.container.common.volume.HddsVolume@7d99846f
2019-08-29 08:15:40,585 [main] INFO  impl.RaftServerProxy (ConfUtils.java:logGet(43)) - raft.rpc.type = GRPC (default)
2019-08-29 08:15:40,585 [main] INFO  grpc.GrpcFactory (GrpcFactory.java:checkPooledByteBufAllocatorUseCacheForAllThreads(45)) - PERFORMANCE WARNING: useCacheForAllThreads is true that may cause Netty to create a lot garbage objects and, as a result, trigger GC.
	It is recommended to disable useCacheForAllThreads by setting -Dorg.apache.ratis.thirdparty.io.netty.allocator.useCacheForAllThreads=false in command line.
2019-08-29 08:15:40,585 [main] INFO  grpc.GrpcConfigKeys$Server (ConfUtils.java:logGet(43)) - raft.grpc.server.port = 0 (default)
2019-08-29 08:15:40,585 [main] INFO  server.GrpcService (ConfUtils.java:logGet(43)) - raft.grpc.message.size.max = 33570816 (custom)
2019-08-29 08:15:40,585 [main] INFO  server.RaftServerConfigKeys (ConfUtils.java:logGet(43)) - raft.server.log.appender.buffer.byte-limit = 33554432 (custom)
2019-08-29 08:15:40,586 [main] INFO  server.GrpcService (ConfUtils.java:logGet(43)) - raft.grpc.flow.control.window = 1MB (=1048576) (default)
2019-08-29 08:15:40,586 [main] INFO  server.RaftServerConfigKeys (ConfUtils.java:logGet(43)) - raft.server.rpc.request.timeout = 3000ms (default)
2019-08-29 08:15:40,586 [main] INFO  server.RaftServerConfigKeys (ConfUtils.java:logGet(43)) - raft.server.storage.dir = [/workdir/hadoop-ozone/integration-test/target/test-dir/MiniOzoneClusterImpl-249f8078-8fc0-44d6-853a-2b715126e327/datanode-4/data/ratis] (custom)
2019-08-29 08:15:40,586 [main] INFO  replication.SimpleContainerDownloader (SimpleContainerDownloader.java:<init>(72)) - Starting container downloader service to copy containers to replicate.
2019-08-29 08:15:40,588 [main] INFO  hdfs.DFSUtil (DFSUtil.java:httpServerTemplateForNNAndJN(1641)) - Starting Web-server for hddsDatanode at: http://0.0.0.0:0
2019-08-29 08:15:40,589 [main] INFO  server.AuthenticationFilter (AuthenticationFilter.java:constructSecretProvider(240)) - Unable to initialize FileSignerSecretProvider, falling back to use random secrets.
2019-08-29 08:15:40,589 [main] WARN  http.HttpRequestLog (HttpRequestLog.java:getRequestLog(97)) - Jetty request log can only be enabled using Log4j
2019-08-29 08:15:40,590 [main] INFO  http.HttpServer2 (HttpServer2.java:addGlobalFilter(975)) - Added global filter 'safety' (class=org.apache.hadoop.http.HttpServer2$QuotingInputFilter)
2019-08-29 08:15:40,591 [main] INFO  http.HttpServer2 (HttpServer2.java:addFilter(948)) - Added filter static_user_filter (class=org.apache.hadoop.http.lib.StaticUserWebFilter$StaticUserFilter) to context hddsDatanode
2019-08-29 08:15:40,591 [main] INFO  http.HttpServer2 (HttpServer2.java:addFilter(958)) - Added filter static_user_filter (class=org.apache.hadoop.http.lib.StaticUserWebFilter$StaticUserFilter) to context static
2019-08-29 08:15:40,591 [main] INFO  http.HttpServer2 (HttpServer2.java:addFilter(958)) - Added filter static_user_filter (class=org.apache.hadoop.http.lib.StaticUserWebFilter$StaticUserFilter) to context logs
2019-08-29 08:15:40,592 [main] INFO  http.HttpServer2 (HttpServer2.java:bindListener(1191)) - Jetty bound to port 35792
2019-08-29 08:15:40,592 [main] INFO  server.Server (Server.java:doStart(351)) - jetty-9.3.24.v20180605, build timestamp: 2018-06-05T17:11:56Z, git hash: 84205aa28f11a4f31f2a3b86d1bba2cc8ab69827
2019-08-29 08:15:40,593 [main] INFO  handler.ContextHandler (ContextHandler.java:doStart(781)) - Started o.e.j.s.ServletContextHandler@4f29bbde{/logs,file:///workdir/hadoop-ozone/integration-test/target/log,AVAILABLE}
2019-08-29 08:15:40,593 [main] INFO  handler.ContextHandler (ContextHandler.java:doStart(781)) - Started o.e.j.s.ServletContextHandler@31a266e0{/static,jar:file:/home/user/.m2/repository/org/apache/hadoop/hadoop-hdds-container-service/0.5.0-SNAPSHOT/hadoop-hdds-container-service-0.5.0-SNAPSHOT.jar!/webapps/static,AVAILABLE}
2019-08-29 08:15:40,623 [main] INFO  handler.ContextHandler (ContextHandler.java:doStart(781)) - Started o.e.j.w.WebAppContext@63e21ccb{/,file:///tmp/jetty-0.0.0.0-35792-hddsDatanode-_-any-7948795387795163131.dir/webapp/,AVAILABLE}{/hddsDatanode}
2019-08-29 08:15:40,623 [main] INFO  server.AbstractConnector (AbstractConnector.java:doStart(278)) - Started ServerConnector@8c41677{HTTP/1.1,[http/1.1]}{0.0.0.0:35792}
2019-08-29 08:15:40,625 [main] INFO  server.Server (Server.java:doStart(419)) - Started @715898ms
2019-08-29 08:15:40,626 [main] INFO  server.BaseHttpServer (BaseHttpServer.java:updateConnectorAddress(213)) - HTTP server of HDDSDATANODE is listening at http://0.0.0.0:35792
2019-08-29 08:15:40,741 | INFO  | ObjectStoreRestHttpServer | Listening HDDS REST traffic on /0.0.0.0:34604 |  
2019-08-29 08:15:40,741 [main] INFO  ozone.HddsDatanodeService (HddsDatanodeService.java:startPlugins(395)) - Started plug-in org.apache.hadoop.ozone.web.OzoneHddsDatanodeService@1391802b
2019-08-29 08:15:40,742 [main] INFO  impl.MetricsSystemImpl (MetricsSystemImpl.java:init(158)) - HddsDatanode metrics system started (again)
2019-08-29 08:15:40,746 [org.apache.hadoop.util.JvmPauseMonitor$Monitor@3d5c58c4] INFO  util.JvmPauseMonitor (JvmPauseMonitor.java:run(188)) - Starting JVM pause monitor
2019-08-29 08:15:40,746 [main] INFO  ozone.HddsDatanodeService (HddsDatanodeService.java:start(184)) - HddsDatanodeService host:pr-hdds-1569-g9zr9-4145101663 ip:192.168.69.111
2019-08-29 08:15:40,747 [Datanode State Machine Thread - 0] INFO  datanode.InitDatanodeState (InitDatanodeState.java:persistContainerDatanodeDetails(140)) - DatanodeDetails is persisted to /workdir/hadoop-ozone/integration-test/target/test-dir/MiniOzoneClusterImpl-249f8078-8fc0-44d6-853a-2b715126e327/datanode-4/meta/datanode.id
2019-08-29 08:15:40,759 [main] INFO  volume.HddsVolume (HddsVolume.java:<init>(176)) - Creating Volume: /workdir/hadoop-ozone/integration-test/target/test-dir/MiniOzoneClusterImpl-249f8078-8fc0-44d6-853a-2b715126e327/datanode-5/data/containers/hdds of  storage type : DISK and capacity : 1482555576320
2019-08-29 08:15:40,760 [main] INFO  volume.VolumeSet (VolumeSet.java:initializeVolumeSet(170)) - Added Volume : /workdir/hadoop-ozone/integration-test/target/test-dir/MiniOzoneClusterImpl-249f8078-8fc0-44d6-853a-2b715126e327/datanode-5/data/containers/hdds to VolumeSet
2019-08-29 08:15:40,760 [main] INFO  volume.ThrottledAsyncChecker (ThrottledAsyncChecker.java:schedule(140)) - Scheduling a check for org.apache.hadoop.ozone.container.common.volume.HddsVolume@5910aa2e
2019-08-29 08:15:40,760 [main] INFO  volume.HddsVolumeChecker (HddsVolumeChecker.java:checkAllVolumes(203)) - Scheduled health check for volume org.apache.hadoop.ozone.container.common.volume.HddsVolume@5910aa2e
2019-08-29 08:15:40,774 [main] INFO  impl.RaftServerProxy (ConfUtils.java:logGet(43)) - raft.rpc.type = GRPC (default)
2019-08-29 08:15:40,775 [main] INFO  grpc.GrpcFactory (GrpcFactory.java:checkPooledByteBufAllocatorUseCacheForAllThreads(45)) - PERFORMANCE WARNING: useCacheForAllThreads is true that may cause Netty to create a lot garbage objects and, as a result, trigger GC.
	It is recommended to disable useCacheForAllThreads by setting -Dorg.apache.ratis.thirdparty.io.netty.allocator.useCacheForAllThreads=false in command line.
2019-08-29 08:15:40,775 [main] INFO  grpc.GrpcConfigKeys$Server (ConfUtils.java:logGet(43)) - raft.grpc.server.port = 0 (default)
2019-08-29 08:15:40,775 [main] INFO  server.GrpcService (ConfUtils.java:logGet(43)) - raft.grpc.message.size.max = 33570816 (custom)
2019-08-29 08:15:40,775 [main] INFO  server.RaftServerConfigKeys (ConfUtils.java:logGet(43)) - raft.server.log.appender.buffer.byte-limit = 33554432 (custom)
2019-08-29 08:15:40,775 [main] INFO  server.GrpcService (ConfUtils.java:logGet(43)) - raft.grpc.flow.control.window = 1MB (=1048576) (default)
2019-08-29 08:15:40,775 [main] INFO  server.RaftServerConfigKeys (ConfUtils.java:logGet(43)) - raft.server.rpc.request.timeout = 3000ms (default)
2019-08-29 08:15:40,776 [main] INFO  server.RaftServerConfigKeys (ConfUtils.java:logGet(43)) - raft.server.storage.dir = [/workdir/hadoop-ozone/integration-test/target/test-dir/MiniOzoneClusterImpl-249f8078-8fc0-44d6-853a-2b715126e327/datanode-5/data/ratis] (custom)
2019-08-29 08:15:40,776 [main] INFO  replication.SimpleContainerDownloader (SimpleContainerDownloader.java:<init>(72)) - Starting container downloader service to copy containers to replicate.
2019-08-29 08:15:40,777 [main] INFO  hdfs.DFSUtil (DFSUtil.java:httpServerTemplateForNNAndJN(1641)) - Starting Web-server for hddsDatanode at: http://0.0.0.0:0
2019-08-29 08:15:40,778 [main] INFO  server.AuthenticationFilter (AuthenticationFilter.java:constructSecretProvider(240)) - Unable to initialize FileSignerSecretProvider, falling back to use random secrets.
2019-08-29 08:15:40,778 [main] WARN  http.HttpRequestLog (HttpRequestLog.java:getRequestLog(97)) - Jetty request log can only be enabled using Log4j
2019-08-29 08:15:40,779 [main] INFO  http.HttpServer2 (HttpServer2.java:addGlobalFilter(975)) - Added global filter 'safety' (class=org.apache.hadoop.http.HttpServer2$QuotingInputFilter)
2019-08-29 08:15:40,780 [main] INFO  http.HttpServer2 (HttpServer2.java:addFilter(948)) - Added filter static_user_filter (class=org.apache.hadoop.http.lib.StaticUserWebFilter$StaticUserFilter) to context hddsDatanode
2019-08-29 08:15:40,780 [main] INFO  http.HttpServer2 (HttpServer2.java:addFilter(958)) - Added filter static_user_filter (class=org.apache.hadoop.http.lib.StaticUserWebFilter$StaticUserFilter) to context logs
2019-08-29 08:15:40,780 [main] INFO  http.HttpServer2 (HttpServer2.java:addFilter(958)) - Added filter static_user_filter (class=org.apache.hadoop.http.lib.StaticUserWebFilter$StaticUserFilter) to context static
2019-08-29 08:15:40,780 [main] INFO  http.HttpServer2 (HttpServer2.java:bindListener(1191)) - Jetty bound to port 33332
2019-08-29 08:15:40,781 [main] INFO  server.Server (Server.java:doStart(351)) - jetty-9.3.24.v20180605, build timestamp: 2018-06-05T17:11:56Z, git hash: 84205aa28f11a4f31f2a3b86d1bba2cc8ab69827
2019-08-29 08:15:40,782 [main] INFO  handler.ContextHandler (ContextHandler.java:doStart(781)) - Started o.e.j.s.ServletContextHandler@743e5472{/logs,file:///workdir/hadoop-ozone/integration-test/target/log,AVAILABLE}
2019-08-29 08:15:40,782 [main] INFO  handler.ContextHandler (ContextHandler.java:doStart(781)) - Started o.e.j.s.ServletContextHandler@1f879e78{/static,jar:file:/home/user/.m2/repository/org/apache/hadoop/hadoop-hdds-container-service/0.5.0-SNAPSHOT/hadoop-hdds-container-service-0.5.0-SNAPSHOT.jar!/webapps/static,AVAILABLE}
2019-08-29 08:15:40,826 [main] INFO  handler.ContextHandler (ContextHandler.java:doStart(781)) - Started o.e.j.w.WebAppContext@16374086{/,file:///tmp/jetty-0.0.0.0-33332-hddsDatanode-_-any-6158281616452576453.dir/webapp/,AVAILABLE}{/hddsDatanode}
2019-08-29 08:15:40,827 [main] INFO  server.AbstractConnector (AbstractConnector.java:doStart(278)) - Started ServerConnector@62b8904c{HTTP/1.1,[http/1.1]}{0.0.0.0:33332}
2019-08-29 08:15:40,829 [main] INFO  server.Server (Server.java:doStart(419)) - Started @716102ms
2019-08-29 08:15:40,830 [main] INFO  server.BaseHttpServer (BaseHttpServer.java:updateConnectorAddress(213)) - HTTP server of HDDSDATANODE is listening at http://0.0.0.0:33332
2019-08-29 08:15:41,273 | INFO  | ObjectStoreRestHttpServer | Listening HDDS REST traffic on /0.0.0.0:39074 |  
2019-08-29 08:15:41,273 [main] INFO  ozone.HddsDatanodeService (HddsDatanodeService.java:startPlugins(395)) - Started plug-in org.apache.hadoop.ozone.web.OzoneHddsDatanodeService@387f53cf
2019-08-29 08:15:41,274 [main] INFO  impl.MetricsSystemImpl (MetricsSystemImpl.java:init(158)) - HddsDatanode metrics system started (again)
2019-08-29 08:15:41,278 [org.apache.hadoop.util.JvmPauseMonitor$Monitor@59c7de96] INFO  util.JvmPauseMonitor (JvmPauseMonitor.java:run(188)) - Starting JVM pause monitor
2019-08-29 08:15:41,279 [Datanode State Machine Thread - 0] INFO  datanode.InitDatanodeState (InitDatanodeState.java:persistContainerDatanodeDetails(140)) - DatanodeDetails is persisted to /workdir/hadoop-ozone/integration-test/target/test-dir/MiniOzoneClusterImpl-249f8078-8fc0-44d6-853a-2b715126e327/datanode-5/meta/datanode.id
2019-08-29 08:15:41,279 [main] INFO  ozone.HddsDatanodeService (HddsDatanodeService.java:start(184)) - HddsDatanodeService host:pr-hdds-1569-g9zr9-4145101663 ip:192.168.69.111
2019-08-29 08:15:41,292 [main] INFO  volume.HddsVolume (HddsVolume.java:<init>(176)) - Creating Volume: /workdir/hadoop-ozone/integration-test/target/test-dir/MiniOzoneClusterImpl-249f8078-8fc0-44d6-853a-2b715126e327/datanode-6/data/containers/hdds of  storage type : DISK and capacity : 1482555576320
2019-08-29 08:15:41,292 [main] INFO  volume.VolumeSet (VolumeSet.java:initializeVolumeSet(170)) - Added Volume : /workdir/hadoop-ozone/integration-test/target/test-dir/MiniOzoneClusterImpl-249f8078-8fc0-44d6-853a-2b715126e327/datanode-6/data/containers/hdds to VolumeSet
2019-08-29 08:15:41,293 [main] INFO  volume.ThrottledAsyncChecker (ThrottledAsyncChecker.java:schedule(140)) - Scheduling a check for org.apache.hadoop.ozone.container.common.volume.HddsVolume@29ff01df
2019-08-29 08:15:41,293 [main] INFO  volume.HddsVolumeChecker (HddsVolumeChecker.java:checkAllVolumes(203)) - Scheduled health check for volume org.apache.hadoop.ozone.container.common.volume.HddsVolume@29ff01df
2019-08-29 08:15:41,313 [main] INFO  impl.RaftServerProxy (ConfUtils.java:logGet(43)) - raft.rpc.type = GRPC (default)
2019-08-29 08:15:41,314 [main] INFO  grpc.GrpcFactory (GrpcFactory.java:checkPooledByteBufAllocatorUseCacheForAllThreads(45)) - PERFORMANCE WARNING: useCacheForAllThreads is true that may cause Netty to create a lot garbage objects and, as a result, trigger GC.
	It is recommended to disable useCacheForAllThreads by setting -Dorg.apache.ratis.thirdparty.io.netty.allocator.useCacheForAllThreads=false in command line.
2019-08-29 08:15:41,314 [main] INFO  grpc.GrpcConfigKeys$Server (ConfUtils.java:logGet(43)) - raft.grpc.server.port = 0 (default)
2019-08-29 08:15:41,314 [main] INFO  server.GrpcService (ConfUtils.java:logGet(43)) - raft.grpc.message.size.max = 33570816 (custom)
2019-08-29 08:15:41,314 [main] INFO  server.RaftServerConfigKeys (ConfUtils.java:logGet(43)) - raft.server.log.appender.buffer.byte-limit = 33554432 (custom)
2019-08-29 08:15:41,315 [main] INFO  server.GrpcService (ConfUtils.java:logGet(43)) - raft.grpc.flow.control.window = 1MB (=1048576) (default)
2019-08-29 08:15:41,315 [main] INFO  server.RaftServerConfigKeys (ConfUtils.java:logGet(43)) - raft.server.rpc.request.timeout = 3000ms (default)
2019-08-29 08:15:41,315 [main] INFO  server.RaftServerConfigKeys (ConfUtils.java:logGet(43)) - raft.server.storage.dir = [/workdir/hadoop-ozone/integration-test/target/test-dir/MiniOzoneClusterImpl-249f8078-8fc0-44d6-853a-2b715126e327/datanode-6/data/ratis] (custom)
2019-08-29 08:15:41,316 [main] INFO  replication.SimpleContainerDownloader (SimpleContainerDownloader.java:<init>(72)) - Starting container downloader service to copy containers to replicate.
2019-08-29 08:15:41,317 [main] INFO  hdfs.DFSUtil (DFSUtil.java:httpServerTemplateForNNAndJN(1641)) - Starting Web-server for hddsDatanode at: http://0.0.0.0:0
2019-08-29 08:15:41,319 [main] INFO  server.AuthenticationFilter (AuthenticationFilter.java:constructSecretProvider(240)) - Unable to initialize FileSignerSecretProvider, falling back to use random secrets.
2019-08-29 08:15:41,319 [main] WARN  http.HttpRequestLog (HttpRequestLog.java:getRequestLog(97)) - Jetty request log can only be enabled using Log4j
2019-08-29 08:15:41,321 [main] INFO  http.HttpServer2 (HttpServer2.java:addGlobalFilter(975)) - Added global filter 'safety' (class=org.apache.hadoop.http.HttpServer2$QuotingInputFilter)
2019-08-29 08:15:41,322 [main] INFO  http.HttpServer2 (HttpServer2.java:addFilter(948)) - Added filter static_user_filter (class=org.apache.hadoop.http.lib.StaticUserWebFilter$StaticUserFilter) to context hddsDatanode
2019-08-29 08:15:41,322 [main] INFO  http.HttpServer2 (HttpServer2.java:addFilter(958)) - Added filter static_user_filter (class=org.apache.hadoop.http.lib.StaticUserWebFilter$StaticUserFilter) to context static
2019-08-29 08:15:41,323 [main] INFO  http.HttpServer2 (HttpServer2.java:addFilter(958)) - Added filter static_user_filter (class=org.apache.hadoop.http.lib.StaticUserWebFilter$StaticUserFilter) to context logs
2019-08-29 08:15:41,323 [main] INFO  http.HttpServer2 (HttpServer2.java:bindListener(1191)) - Jetty bound to port 45410
2019-08-29 08:15:41,324 [main] INFO  server.Server (Server.java:doStart(351)) - jetty-9.3.24.v20180605, build timestamp: 2018-06-05T17:11:56Z, git hash: 84205aa28f11a4f31f2a3b86d1bba2cc8ab69827
2019-08-29 08:15:41,326 [main] INFO  handler.ContextHandler (ContextHandler.java:doStart(781)) - Started o.e.j.s.ServletContextHandler@34341b2a{/logs,file:///workdir/hadoop-ozone/integration-test/target/log,AVAILABLE}
2019-08-29 08:15:41,326 [main] INFO  handler.ContextHandler (ContextHandler.java:doStart(781)) - Started o.e.j.s.ServletContextHandler@7d66a634{/static,jar:file:/home/user/.m2/repository/org/apache/hadoop/hadoop-hdds-container-service/0.5.0-SNAPSHOT/hadoop-hdds-container-service-0.5.0-SNAPSHOT.jar!/webapps/static,AVAILABLE}
2019-08-29 08:15:41,372 [main] INFO  handler.ContextHandler (ContextHandler.java:doStart(781)) - Started o.e.j.w.WebAppContext@1c595228{/,file:///tmp/jetty-0.0.0.0-45410-hddsDatanode-_-any-4272340007795067568.dir/webapp/,AVAILABLE}{/hddsDatanode}
2019-08-29 08:15:41,373 [main] INFO  server.AbstractConnector (AbstractConnector.java:doStart(278)) - Started ServerConnector@1e64ee13{HTTP/1.1,[http/1.1]}{0.0.0.0:45410}
2019-08-29 08:15:41,374 [main] INFO  server.Server (Server.java:doStart(419)) - Started @716648ms
2019-08-29 08:15:41,375 [main] INFO  server.BaseHttpServer (BaseHttpServer.java:updateConnectorAddress(213)) - HTTP server of HDDSDATANODE is listening at http://0.0.0.0:45410
2019-08-29 08:15:41,502 | INFO  | ObjectStoreRestHttpServer | Listening HDDS REST traffic on /0.0.0.0:34587 |  
2019-08-29 08:15:41,502 [main] INFO  ozone.HddsDatanodeService (HddsDatanodeService.java:startPlugins(395)) - Started plug-in org.apache.hadoop.ozone.web.OzoneHddsDatanodeService@4e71c196
2019-08-29 08:15:41,503 [main] INFO  ozone.MiniOzoneClusterImpl (MiniOzoneClusterImpl.java:lambda$waitForClusterToBeReady$0(142)) - Waiting for cluster to be ready. Got 0 of 7 DN Heartbeats.
2019-08-29 08:15:41,503 [org.apache.hadoop.util.JvmPauseMonitor$Monitor@3d75723a] INFO  util.JvmPauseMonitor (JvmPauseMonitor.java:run(188)) - Starting JVM pause monitor
2019-08-29 08:15:41,504 [Datanode State Machine Thread - 0] INFO  datanode.InitDatanodeState (InitDatanodeState.java:persistContainerDatanodeDetails(140)) - DatanodeDetails is persisted to /workdir/hadoop-ozone/integration-test/target/test-dir/MiniOzoneClusterImpl-249f8078-8fc0-44d6-853a-2b715126e327/datanode-6/meta/datanode.id
2019-08-29 08:15:41,862 | INFO  | SCMAudit | user=jenkins1000 | ip=192.168.69.111 | op=GET_VERSION null | ret=SUCCESS |  
2019-08-29 08:15:41,944 [Datanode State Machine Thread - 0] INFO  ozoneimpl.OzoneContainer (OzoneContainer.java:start(186)) - Attempting to start container services.
2019-08-29 08:15:41,945 [Datanode State Machine Thread - 0] INFO  ozoneimpl.OzoneContainer (OzoneContainer.java:startContainerScrub(160)) - Background container scrubber has been disabled by hdds.containerscrub.enabled
2019-08-29 08:15:41,945 [Datanode State Machine Thread - 0] INFO  ratis.XceiverServerRatis (XceiverServerRatis.java:start(404)) - Starting XceiverServerRatis e825e5c3-0d56-4405-b416-b67706fddd99 at port 0
2019-08-29 08:15:41,952 [Datanode State Machine Thread - 0] INFO  impl.RaftServerProxy (RaftServerProxy.java:lambda$start$3(299)) - e825e5c3-0d56-4405-b416-b67706fddd99: start RPC server
2019-08-29 08:15:41,954 [Datanode State Machine Thread - 0] INFO  server.GrpcService (GrpcService.java:startImpl(149)) - e825e5c3-0d56-4405-b416-b67706fddd99: GrpcService started, listening on 0.0.0.0/0.0.0.0:39205
2019-08-29 08:15:41,954 [Datanode State Machine Thread - 0] INFO  ratis.XceiverServerRatis (XceiverServerRatis.java:start(414)) - XceiverServerRatis e825e5c3-0d56-4405-b416-b67706fddd99 is started using port 39205
2019-08-29 08:15:41,954 [Datanode State Machine Thread - 0] INFO  server.XceiverServerGrpc (XceiverServerGrpc.java:start(163)) - XceiverServerGrpc e825e5c3-0d56-4405-b416-b67706fddd99 is started using port 45525
2019-08-29 08:15:42,072 | INFO  | SCMAudit | user=jenkins1000 | ip=192.168.69.111 | op=GET_VERSION null | ret=SUCCESS |  
2019-08-29 08:15:42,135 [Datanode State Machine Thread - 0] INFO  ozoneimpl.OzoneContainer (OzoneContainer.java:start(186)) - Attempting to start container services.
2019-08-29 08:15:42,135 [Datanode State Machine Thread - 0] INFO  ozoneimpl.OzoneContainer (OzoneContainer.java:startContainerScrub(160)) - Background container scrubber has been disabled by hdds.containerscrub.enabled
2019-08-29 08:15:42,136 [Datanode State Machine Thread - 0] INFO  ratis.XceiverServerRatis (XceiverServerRatis.java:start(404)) - Starting XceiverServerRatis f4ed06a8-f58e-44fd-bf89-8ea63b8f80d3 at port 0
2019-08-29 08:15:42,140 [Datanode State Machine Thread - 0] INFO  impl.RaftServerProxy (RaftServerProxy.java:lambda$start$3(299)) - f4ed06a8-f58e-44fd-bf89-8ea63b8f80d3: start RPC server
2019-08-29 08:15:42,143 [Datanode State Machine Thread - 0] INFO  server.GrpcService (GrpcService.java:startImpl(149)) - f4ed06a8-f58e-44fd-bf89-8ea63b8f80d3: GrpcService started, listening on 0.0.0.0/0.0.0.0:36473
2019-08-29 08:15:42,143 [Datanode State Machine Thread - 0] INFO  ratis.XceiverServerRatis (XceiverServerRatis.java:start(414)) - XceiverServerRatis f4ed06a8-f58e-44fd-bf89-8ea63b8f80d3 is started using port 36473
2019-08-29 08:15:42,144 [Datanode State Machine Thread - 0] INFO  server.XceiverServerGrpc (XceiverServerGrpc.java:start(163)) - XceiverServerGrpc f4ed06a8-f58e-44fd-bf89-8ea63b8f80d3 is started using port 33463
2019-08-29 08:15:42,325 | INFO  | SCMAudit | user=jenkins1000 | ip=192.168.69.111 | op=GET_VERSION null | ret=SUCCESS |  
2019-08-29 08:15:42,348 [Datanode State Machine Thread - 0] INFO  ozoneimpl.OzoneContainer (OzoneContainer.java:start(186)) - Attempting to start container services.
2019-08-29 08:15:42,348 [Datanode State Machine Thread - 0] INFO  ozoneimpl.OzoneContainer (OzoneContainer.java:startContainerScrub(160)) - Background container scrubber has been disabled by hdds.containerscrub.enabled
2019-08-29 08:15:42,348 [Datanode State Machine Thread - 0] INFO  ratis.XceiverServerRatis (XceiverServerRatis.java:start(404)) - Starting XceiverServerRatis dedae8b3-beea-4d2b-ad20-87a9a0d5bc72 at port 0
2019-08-29 08:15:42,355 [Datanode State Machine Thread - 0] INFO  impl.RaftServerProxy (RaftServerProxy.java:lambda$start$3(299)) - dedae8b3-beea-4d2b-ad20-87a9a0d5bc72: start RPC server
2019-08-29 08:15:42,356 [Datanode State Machine Thread - 0] INFO  server.GrpcService (GrpcService.java:startImpl(149)) - dedae8b3-beea-4d2b-ad20-87a9a0d5bc72: GrpcService started, listening on 0.0.0.0/0.0.0.0:43342
2019-08-29 08:15:42,356 [Datanode State Machine Thread - 0] INFO  ratis.XceiverServerRatis (XceiverServerRatis.java:start(414)) - XceiverServerRatis dedae8b3-beea-4d2b-ad20-87a9a0d5bc72 is started using port 43342
2019-08-29 08:15:42,368 [Datanode State Machine Thread - 0] INFO  server.XceiverServerGrpc (XceiverServerGrpc.java:start(163)) - XceiverServerGrpc dedae8b3-beea-4d2b-ad20-87a9a0d5bc72 is started using port 36810
2019-08-29 08:15:42,503 [main] INFO  ozone.MiniOzoneClusterImpl (MiniOzoneClusterImpl.java:lambda$waitForClusterToBeReady$0(142)) - Waiting for cluster to be ready. Got 0 of 7 DN Heartbeats.
2019-08-29 08:15:42,561 | INFO  | SCMAudit | user=jenkins1000 | ip=192.168.69.111 | op=GET_VERSION null | ret=SUCCESS |  
2019-08-29 08:15:42,583 [Datanode State Machine Thread - 0] INFO  ozoneimpl.OzoneContainer (OzoneContainer.java:start(186)) - Attempting to start container services.
2019-08-29 08:15:42,583 [Datanode State Machine Thread - 0] INFO  ozoneimpl.OzoneContainer (OzoneContainer.java:startContainerScrub(160)) - Background container scrubber has been disabled by hdds.containerscrub.enabled
2019-08-29 08:15:42,583 [Datanode State Machine Thread - 0] INFO  ratis.XceiverServerRatis (XceiverServerRatis.java:start(404)) - Starting XceiverServerRatis 0c5fef0d-286d-4de9-83c3-de42cda01f07 at port 0
2019-08-29 08:15:42,590 [Datanode State Machine Thread - 0] INFO  impl.RaftServerProxy (RaftServerProxy.java:lambda$start$3(299)) - 0c5fef0d-286d-4de9-83c3-de42cda01f07: start RPC server
2019-08-29 08:15:42,592 [Datanode State Machine Thread - 0] INFO  server.GrpcService (GrpcService.java:startImpl(149)) - 0c5fef0d-286d-4de9-83c3-de42cda01f07: GrpcService started, listening on 0.0.0.0/0.0.0.0:41350
2019-08-29 08:15:42,592 [Datanode State Machine Thread - 0] INFO  ratis.XceiverServerRatis (XceiverServerRatis.java:start(414)) - XceiverServerRatis 0c5fef0d-286d-4de9-83c3-de42cda01f07 is started using port 41350
2019-08-29 08:15:42,593 [Datanode State Machine Thread - 0] INFO  server.XceiverServerGrpc (XceiverServerGrpc.java:start(163)) - XceiverServerGrpc 0c5fef0d-286d-4de9-83c3-de42cda01f07 is started using port 37847
2019-08-29 08:15:42,746 | INFO  | SCMAudit | user=jenkins1000 | ip=192.168.69.111 | op=GET_VERSION null | ret=SUCCESS |  
2019-08-29 08:15:42,766 [Datanode State Machine Thread - 0] INFO  ozoneimpl.OzoneContainer (OzoneContainer.java:start(186)) - Attempting to start container services.
2019-08-29 08:15:42,766 [Datanode State Machine Thread - 0] INFO  ozoneimpl.OzoneContainer (OzoneContainer.java:startContainerScrub(160)) - Background container scrubber has been disabled by hdds.containerscrub.enabled
2019-08-29 08:15:42,766 [Datanode State Machine Thread - 0] INFO  ratis.XceiverServerRatis (XceiverServerRatis.java:start(404)) - Starting XceiverServerRatis dd9e2fbb-74e8-4002-a44e-6ed6076d3ed9 at port 0
2019-08-29 08:15:42,775 [Datanode State Machine Thread - 0] INFO  impl.RaftServerProxy (RaftServerProxy.java:lambda$start$3(299)) - dd9e2fbb-74e8-4002-a44e-6ed6076d3ed9: start RPC server
2019-08-29 08:15:42,776 [Datanode State Machine Thread - 0] INFO  server.GrpcService (GrpcService.java:startImpl(149)) - dd9e2fbb-74e8-4002-a44e-6ed6076d3ed9: GrpcService started, listening on 0.0.0.0/0.0.0.0:39702
2019-08-29 08:15:42,776 [Datanode State Machine Thread - 0] INFO  ratis.XceiverServerRatis (XceiverServerRatis.java:start(414)) - XceiverServerRatis dd9e2fbb-74e8-4002-a44e-6ed6076d3ed9 is started using port 39702
2019-08-29 08:15:42,777 [Datanode State Machine Thread - 0] INFO  server.XceiverServerGrpc (XceiverServerGrpc.java:start(163)) - XceiverServerGrpc dd9e2fbb-74e8-4002-a44e-6ed6076d3ed9 is started using port 43242
2019-08-29 08:15:43,279 | INFO  | SCMAudit | user=jenkins1000 | ip=192.168.69.111 | op=GET_VERSION null | ret=SUCCESS |  
2019-08-29 08:15:43,299 [Datanode State Machine Thread - 0] INFO  ozoneimpl.OzoneContainer (OzoneContainer.java:start(186)) - Attempting to start container services.
2019-08-29 08:15:43,299 [Datanode State Machine Thread - 0] INFO  ozoneimpl.OzoneContainer (OzoneContainer.java:startContainerScrub(160)) - Background container scrubber has been disabled by hdds.containerscrub.enabled
2019-08-29 08:15:43,299 [Datanode State Machine Thread - 0] INFO  ratis.XceiverServerRatis (XceiverServerRatis.java:start(404)) - Starting XceiverServerRatis 0dd33b76-ae44-43ed-8830-1aa8976f734b at port 0
2019-08-29 08:15:43,306 [Datanode State Machine Thread - 0] INFO  impl.RaftServerProxy (RaftServerProxy.java:lambda$start$3(299)) - 0dd33b76-ae44-43ed-8830-1aa8976f734b: start RPC server
2019-08-29 08:15:43,319 [Datanode State Machine Thread - 0] INFO  server.GrpcService (GrpcService.java:startImpl(149)) - 0dd33b76-ae44-43ed-8830-1aa8976f734b: GrpcService started, listening on 0.0.0.0/0.0.0.0:39133
2019-08-29 08:15:43,320 [Datanode State Machine Thread - 0] INFO  ratis.XceiverServerRatis (XceiverServerRatis.java:start(414)) - XceiverServerRatis 0dd33b76-ae44-43ed-8830-1aa8976f734b is started using port 39133
2019-08-29 08:15:43,320 [Datanode State Machine Thread - 0] INFO  server.XceiverServerGrpc (XceiverServerGrpc.java:start(163)) - XceiverServerGrpc 0dd33b76-ae44-43ed-8830-1aa8976f734b is started using port 32866
2019-08-29 08:15:43,503 [main] INFO  ozone.MiniOzoneClusterImpl (MiniOzoneClusterImpl.java:lambda$waitForClusterToBeReady$0(142)) - Waiting for cluster to be ready. Got 0 of 7 DN Heartbeats.
2019-08-29 08:15:43,504 | INFO  | SCMAudit | user=jenkins1000 | ip=192.168.69.111 | op=GET_VERSION null | ret=SUCCESS |  
2019-08-29 08:15:43,567 [Datanode State Machine Thread - 0] INFO  ozoneimpl.OzoneContainer (OzoneContainer.java:start(186)) - Attempting to start container services.
2019-08-29 08:15:43,567 [Datanode State Machine Thread - 0] INFO  ozoneimpl.OzoneContainer (OzoneContainer.java:startContainerScrub(160)) - Background container scrubber has been disabled by hdds.containerscrub.enabled
2019-08-29 08:15:43,567 [Datanode State Machine Thread - 0] INFO  ratis.XceiverServerRatis (XceiverServerRatis.java:start(404)) - Starting XceiverServerRatis ff642454-59ec-48e6-b18d-d83138b0e5e4 at port 0
2019-08-29 08:15:43,573 [Datanode State Machine Thread - 0] INFO  impl.RaftServerProxy (RaftServerProxy.java:lambda$start$3(299)) - ff642454-59ec-48e6-b18d-d83138b0e5e4: start RPC server
2019-08-29 08:15:43,574 [Datanode State Machine Thread - 0] INFO  server.GrpcService (GrpcService.java:startImpl(149)) - ff642454-59ec-48e6-b18d-d83138b0e5e4: GrpcService started, listening on 0.0.0.0/0.0.0.0:36080
2019-08-29 08:15:43,574 [Datanode State Machine Thread - 0] INFO  ratis.XceiverServerRatis (XceiverServerRatis.java:start(414)) - XceiverServerRatis ff642454-59ec-48e6-b18d-d83138b0e5e4 is started using port 36080
2019-08-29 08:15:43,574 [Datanode State Machine Thread - 0] INFO  server.XceiverServerGrpc (XceiverServerGrpc.java:start(163)) - XceiverServerGrpc ff642454-59ec-48e6-b18d-d83138b0e5e4 is started using port 37823
2019-08-29 08:15:43,868 [IPC Server handler 0 on 43155] INFO  net.NetworkTopology (NetworkTopologyImpl.java:add(110)) - Added a new node: /default-rack/e825e5c3-0d56-4405-b416-b67706fddd99
2019-08-29 08:15:43,873 [IPC Server handler 0 on 43155] INFO  node.SCMNodeManager (SCMNodeManager.java:register(273)) - Registered Data node : e825e5c3-0d56-4405-b416-b67706fddd99{ip: 192.168.69.111, host: pr-hdds-1569-g9zr9-4145101663, networkLocation: /default-rack, certSerialId: null}
2019-08-29 08:15:43,874 | INFO  | SCMAudit | user=jenkins1000 | ip=192.168.69.111 | op=REGISTER {datanodeDetails=e825e5c3-0d56-4405-b416-b67706fddd99{ip: 192.168.69.111, host: pr-hdds-1569-g9zr9-4145101663, networkLocation: /default-rack, certSerialId: null}} | ret=SUCCESS |  
2019-08-29 08:15:43,874 [EventQueue-NodeRegistrationContainerReportForDataNodeSafeModeRule] INFO  safemode.SCMSafeModeManager (DataNodeSafeModeRule.java:process(71)) - SCM in safe mode. 1 DataNodes registered, 1 required.
2019-08-29 08:15:43,876 [EventQueue-NodeRegistrationContainerReportForDataNodeSafeModeRule] INFO  safemode.SCMSafeModeManager (SCMSafeModeManager.java:validateSafeModeExitRules(177)) - ScmSafeModeManager, all rules are successfully validated
2019-08-29 08:15:43,876 [EventQueue-NodeRegistrationContainerReportForDataNodeSafeModeRule] INFO  safemode.SCMSafeModeManager (SCMSafeModeManager.java:exitSafeMode(193)) - SCM exiting safe mode.
2019-08-29 08:15:43,899 [grpc-default-executor-11] INFO  impl.RaftServerProxy (RaftServerProxy.java:addNew(89)) - e825e5c3-0d56-4405-b416-b67706fddd99: addNew group-508F92A130F1:[e825e5c3-0d56-4405-b416-b67706fddd99:192.168.69.111:39205] returns group-508F92A130F1:java.util.concurrent.CompletableFuture@21b84689[Not completed]
2019-08-29 08:15:43,900 [pool-730-thread-1] INFO  impl.RaftServerImpl (RaftServerImpl.java:<init>(93)) - e825e5c3-0d56-4405-b416-b67706fddd99: new RaftServerImpl for group-508F92A130F1:[e825e5c3-0d56-4405-b416-b67706fddd99:192.168.69.111:39205] with ContainerStateMachine:uninitialized
2019-08-29 08:15:43,901 [pool-730-thread-1] INFO  server.RaftServerConfigKeys (ConfUtils.java:logGet(43)) - raft.server.rpc.timeout.min = 5s (custom)
2019-08-29 08:15:43,901 [pool-730-thread-1] INFO  server.RaftServerConfigKeys (ConfUtils.java:logGet(43)) - raft.server.rpc.timeout.max = 5200ms (custom)
2019-08-29 08:15:43,901 [pool-730-thread-1] INFO  server.RaftServerConfigKeys (ConfUtils.java:logGet(43)) - raft.server.rpcslowness.timeout = 120s (custom)
2019-08-29 08:15:43,901 [pool-730-thread-1] INFO  server.RaftServerConfigKeys (ConfUtils.java:logGet(43)) - raft.server.sleep.deviation.threshold = 300 (default)
2019-08-29 08:15:43,901 [pool-730-thread-1] INFO  server.RaftServerConfigKeys (ConfUtils.java:logGet(43)) - raft.server.log.appender.install.snapshot.enabled = false (custom)
2019-08-29 08:15:43,902 [pool-730-thread-1] INFO  impl.RaftServerImpl (ServerState.java:<init>(105)) - e825e5c3-0d56-4405-b416-b67706fddd99:group-508F92A130F1 ConfigurationManager, init=-1: [e825e5c3-0d56-4405-b416-b67706fddd99:192.168.69.111:39205], old=null, confs=<EMPTY_MAP>
2019-08-29 08:15:43,902 [pool-730-thread-1] INFO  server.RaftServerConfigKeys (ConfUtils.java:logGet(43)) - raft.server.storage.dir = [/workdir/hadoop-ozone/integration-test/target/test-dir/MiniOzoneClusterImpl-249f8078-8fc0-44d6-853a-2b715126e327/datanode-0/data/ratis] (custom)
2019-08-29 08:15:43,902 [pool-730-thread-1] INFO  storage.RaftStorageDirectory (RaftStorageDirectory.java:analyzeStorage(246)) - The storage directory /workdir/hadoop-ozone/integration-test/target/test-dir/MiniOzoneClusterImpl-249f8078-8fc0-44d6-853a-2b715126e327/datanode-0/data/ratis/451e9eed-0640-4dc0-8780-508f92a130f1 does not exist. Creating ...
2019-08-29 08:15:43,929 [pool-730-thread-1] INFO  storage.RaftStorageDirectory (RaftStorageDirectory.java:tryLock(328)) - Lock on /workdir/hadoop-ozone/integration-test/target/test-dir/MiniOzoneClusterImpl-249f8078-8fc0-44d6-853a-2b715126e327/datanode-0/data/ratis/451e9eed-0640-4dc0-8780-508f92a130f1/in_use.lock acquired by nodename 17172@pr-hdds-1569-g9zr9-4145101663
2019-08-29 08:15:43,955 [pool-730-thread-1] INFO  storage.RaftStorage (RaftStorage.java:format(72)) - Storage directory /workdir/hadoop-ozone/integration-test/target/test-dir/MiniOzoneClusterImpl-249f8078-8fc0-44d6-853a-2b715126e327/datanode-0/data/ratis/451e9eed-0640-4dc0-8780-508f92a130f1 has been successfully formatted.
2019-08-29 08:15:43,955 [pool-730-thread-1] INFO  ratis.ContainerStateMachine (ContainerStateMachine.java:loadSnapshot(226)) - group-508F92A130F1: The snapshot info is null. Setting the last applied indexto:(t:0, i:~)
2019-08-29 08:15:43,955 [pool-730-thread-1] INFO  server.RaftServerConfigKeys (ConfUtils.java:logGet(43)) - raft.server.leader.election.timeout = 120s (custom)
2019-08-29 08:15:43,955 [pool-730-thread-1] INFO  server.RaftServerConfigKeys (ConfUtils.java:logGet(43)) - raft.server.log.use.memory = false (default)
2019-08-29 08:15:43,956 [pool-730-thread-1] INFO  server.RaftServerConfigKeys (ConfUtils.java:logGet(43)) - raft.server.log.purge.gap = 1000000 (custom)
2019-08-29 08:15:43,956 [pool-730-thread-1] INFO  server.RaftServerConfigKeys (ConfUtils.java:logGet(43)) - raft.server.log.appender.buffer.byte-limit = 33554432 (custom)
2019-08-29 08:15:43,956 [pool-730-thread-1] INFO  server.RaftServerConfigKeys (ConfUtils.java:logGet(43)) - raft.server.log.segment.size.max = 1048576 (custom)
2019-08-29 08:15:43,956 [pool-730-thread-1] INFO  server.RaftServerConfigKeys (ConfUtils.java:logGet(43)) - raft.server.log.segment.cache.num.max = 2 (custom)
2019-08-29 08:15:43,956 [pool-730-thread-1] INFO  segmented.SegmentedRaftLogWorker (SegmentedRaftLogWorker.java:<init>(172)) - new e825e5c3-0d56-4405-b416-b67706fddd99-SegmentedRaftLogWorker:Storage Directory /workdir/hadoop-ozone/integration-test/target/test-dir/MiniOzoneClusterImpl-249f8078-8fc0-44d6-853a-2b715126e327/datanode-0/data/ratis/451e9eed-0640-4dc0-8780-508f92a130f1 for RaftStorage:Storage Directory /workdir/hadoop-ozone/integration-test/target/test-dir/MiniOzoneClusterImpl-249f8078-8fc0-44d6-853a-2b715126e327/datanode-0/data/ratis/451e9eed-0640-4dc0-8780-508f92a130f1
2019-08-29 08:15:43,957 [pool-730-thread-1] INFO  server.RaftServerConfigKeys (ConfUtils.java:logGet(43)) - raft.server.log.queue.byte-limit = 2147483647 (custom)
2019-08-29 08:15:43,957 [pool-730-thread-1] INFO  server.RaftServerConfigKeys (ConfUtils.java:logGet(43)) - raft.server.log.queue.element-limit = 1024 (custom)
2019-08-29 08:15:43,957 [pool-730-thread-1] INFO  server.RaftServerConfigKeys (ConfUtils.java:logGet(43)) - raft.server.log.segment.size.max = 1048576 (custom)
2019-08-29 08:15:43,957 [pool-730-thread-1] INFO  server.RaftServerConfigKeys (ConfUtils.java:logGet(43)) - raft.server.log.preallocated.size = 16384 (custom)
2019-08-29 08:15:43,957 [pool-730-thread-1] INFO  server.RaftServerConfigKeys (ConfUtils.java:logGet(43)) - raft.server.log.write.buffer.size = 33554432 (custom)
2019-08-29 08:15:43,957 [pool-730-thread-1] INFO  server.RaftServerConfigKeys (ConfUtils.java:logGet(43)) - raft.server.log.force.sync.num = 128 (default)
2019-08-29 08:15:43,957 [pool-730-thread-1] INFO  server.RaftServerConfigKeys (ConfUtils.java:logGet(43)) - raft.server.log.statemachine.data.sync = true (default)
2019-08-29 08:15:43,958 [pool-730-thread-1] INFO  server.RaftServerConfigKeys (ConfUtils.java:logGet(43)) - raft.server.log.statemachine.data.sync.timeout = 10s (default)
2019-08-29 08:15:43,958 [pool-730-thread-1] INFO  server.RaftServerConfigKeys (ConfUtils.java:logGet(43)) - raft.server.log.statemachine.data.sync.timeout.retry = -1 (default)
2019-08-29 08:15:43,958 [pool-730-thread-1] INFO  server.RaftServerConfigKeys (ConfUtils.java:logGet(43)) - raft.server.log.statemachine.data.caching.enabled = true (custom)
2019-08-29 08:15:43,958 [pool-730-thread-1] INFO  segmented.SegmentedRaftLogWorker (SegmentedRaftLogWorker.java:lambda$new$0(132)) - e825e5c3-0d56-4405-b416-b67706fddd99-SegmentedRaftLogWorker:Storage Directory /workdir/hadoop-ozone/integration-test/target/test-dir/MiniOzoneClusterImpl-249f8078-8fc0-44d6-853a-2b715126e327/datanode-0/data/ratis/451e9eed-0640-4dc0-8780-508f92a130f1: flushIndex: setUnconditionally 0 -> -1
2019-08-29 08:15:43,959 [pool-730-thread-1] INFO  server.RaftServerConfigKeys (ConfUtils.java:logGet(43)) - raft.server.snapshot.auto.trigger.enabled = true (custom)
2019-08-29 08:15:43,959 [pool-730-thread-1] INFO  server.RaftServerConfigKeys (ConfUtils.java:logGet(43)) - raft.server.snapshot.auto.trigger.threshold = 10000 (custom)
2019-08-29 08:15:43,959 [pool-730-thread-1] INFO  server.RaftServerConfigKeys (ConfUtils.java:logGet(43)) - raft.server.retrycache.expirytime = 600000ms (custom)
2019-08-29 08:15:43,959 [pool-730-thread-1] INFO  impl.RaftServerImpl (RaftServerImpl.java:start(180)) - e825e5c3-0d56-4405-b416-b67706fddd99: start group-508F92A130F1
2019-08-29 08:15:43,959 [pool-730-thread-1] INFO  impl.RaftServerImpl (RaftServerImpl.java:setRole(171)) - e825e5c3-0d56-4405-b416-b67706fddd99:group-508F92A130F1 changes role from null to FOLLOWER at term 0 for startAsFollower
2019-08-29 08:15:43,960 [pool-730-thread-1] INFO  impl.RoleInfo (RoleInfo.java:updateAndGet(143)) - e825e5c3-0d56-4405-b416-b67706fddd99: start FollowerState
2019-08-29 08:15:43,961 [pool-730-thread-1] INFO  util.JmxRegister (JmxRegister.java:tryRegister(44)) - Successfully registered JMX Bean with object name Ratis:service=RaftServer,group=group-508F92A130F1,id=e825e5c3-0d56-4405-b416-b67706fddd99
2019-08-29 08:15:43,967 [RatisPipelineUtilsThread] INFO  pipeline.PipelineStateManager (PipelineStateManager.java:addPipeline(56)) - Created pipeline Pipeline[ Id: 451e9eed-0640-4dc0-8780-508f92a130f1, Nodes: e825e5c3-0d56-4405-b416-b67706fddd99{ip: 192.168.69.111, host: pr-hdds-1569-g9zr9-4145101663, networkLocation: /default-rack, certSerialId: null}, Type:RATIS, Factor:ONE, State:OPEN]
2019-08-29 08:15:44,073 [IPC Server handler 2 on 43155] INFO  net.NetworkTopology (NetworkTopologyImpl.java:add(110)) - Added a new node: /default-rack/f4ed06a8-f58e-44fd-bf89-8ea63b8f80d3
2019-08-29 08:15:44,073 [IPC Server handler 2 on 43155] INFO  node.SCMNodeManager (SCMNodeManager.java:register(273)) - Registered Data node : f4ed06a8-f58e-44fd-bf89-8ea63b8f80d3{ip: 192.168.69.111, host: pr-hdds-1569-g9zr9-4145101663, networkLocation: /default-rack, certSerialId: null}
2019-08-29 08:15:44,073 | INFO  | SCMAudit | user=jenkins1000 | ip=192.168.69.111 | op=REGISTER {datanodeDetails=f4ed06a8-f58e-44fd-bf89-8ea63b8f80d3{ip: 192.168.69.111, host: pr-hdds-1569-g9zr9-4145101663, networkLocation: /default-rack, certSerialId: null}} | ret=SUCCESS |  
2019-08-29 08:15:44,079 [grpc-default-executor-11] INFO  impl.RaftServerProxy (RaftServerProxy.java:addNew(89)) - f4ed06a8-f58e-44fd-bf89-8ea63b8f80d3: addNew group-B0304A278AD1:[f4ed06a8-f58e-44fd-bf89-8ea63b8f80d3:192.168.69.111:36473] returns group-B0304A278AD1:java.util.concurrent.CompletableFuture@2da8de94[Not completed]
2019-08-29 08:15:44,080 [pool-741-thread-1] INFO  impl.RaftServerImpl (RaftServerImpl.java:<init>(93)) - f4ed06a8-f58e-44fd-bf89-8ea63b8f80d3: new RaftServerImpl for group-B0304A278AD1:[f4ed06a8-f58e-44fd-bf89-8ea63b8f80d3:192.168.69.111:36473] with ContainerStateMachine:uninitialized
2019-08-29 08:15:44,080 [pool-741-thread-1] INFO  server.RaftServerConfigKeys (ConfUtils.java:logGet(43)) - raft.server.rpc.timeout.min = 5s (custom)
2019-08-29 08:15:44,080 [pool-741-thread-1] INFO  server.RaftServerConfigKeys (ConfUtils.java:logGet(43)) - raft.server.rpc.timeout.max = 5200ms (custom)
2019-08-29 08:15:44,080 [pool-741-thread-1] INFO  server.RaftServerConfigKeys (ConfUtils.java:logGet(43)) - raft.server.rpcslowness.timeout = 120s (custom)
2019-08-29 08:15:44,080 [pool-741-thread-1] INFO  server.RaftServerConfigKeys (ConfUtils.java:logGet(43)) - raft.server.sleep.deviation.threshold = 300 (default)
2019-08-29 08:15:44,080 [pool-741-thread-1] INFO  server.RaftServerConfigKeys (ConfUtils.java:logGet(43)) - raft.server.log.appender.install.snapshot.enabled = false (custom)
2019-08-29 08:15:44,080 [pool-741-thread-1] INFO  impl.RaftServerImpl (ServerState.java:<init>(105)) - f4ed06a8-f58e-44fd-bf89-8ea63b8f80d3:group-B0304A278AD1 ConfigurationManager, init=-1: [f4ed06a8-f58e-44fd-bf89-8ea63b8f80d3:192.168.69.111:36473], old=null, confs=<EMPTY_MAP>
2019-08-29 08:15:44,080 [pool-741-thread-1] INFO  server.RaftServerConfigKeys (ConfUtils.java:logGet(43)) - raft.server.storage.dir = [/workdir/hadoop-ozone/integration-test/target/test-dir/MiniOzoneClusterImpl-249f8078-8fc0-44d6-853a-2b715126e327/datanode-1/data/ratis] (custom)
2019-08-29 08:15:44,081 [pool-741-thread-1] INFO  storage.RaftStorageDirectory (RaftStorageDirectory.java:analyzeStorage(246)) - The storage directory /workdir/hadoop-ozone/integration-test/target/test-dir/MiniOzoneClusterImpl-249f8078-8fc0-44d6-853a-2b715126e327/datanode-1/data/ratis/23ad4240-bff0-47b5-a8b6-b0304a278ad1 does not exist. Creating ...
2019-08-29 08:15:44,110 [pool-741-thread-1] INFO  storage.RaftStorageDirectory (RaftStorageDirectory.java:tryLock(328)) - Lock on /workdir/hadoop-ozone/integration-test/target/test-dir/MiniOzoneClusterImpl-249f8078-8fc0-44d6-853a-2b715126e327/datanode-1/data/ratis/23ad4240-bff0-47b5-a8b6-b0304a278ad1/in_use.lock acquired by nodename 17172@pr-hdds-1569-g9zr9-4145101663
2019-08-29 08:15:44,132 [pool-741-thread-1] INFO  storage.RaftStorage (RaftStorage.java:format(72)) - Storage directory /workdir/hadoop-ozone/integration-test/target/test-dir/MiniOzoneClusterImpl-249f8078-8fc0-44d6-853a-2b715126e327/datanode-1/data/ratis/23ad4240-bff0-47b5-a8b6-b0304a278ad1 has been successfully formatted.
2019-08-29 08:15:44,132 [pool-741-thread-1] INFO  ratis.ContainerStateMachine (ContainerStateMachine.java:loadSnapshot(226)) - group-B0304A278AD1: The snapshot info is null. Setting the last applied indexto:(t:0, i:~)
2019-08-29 08:15:44,132 [pool-741-thread-1] INFO  server.RaftServerConfigKeys (ConfUtils.java:logGet(43)) - raft.server.leader.election.timeout = 120s (custom)
2019-08-29 08:15:44,133 [pool-741-thread-1] INFO  server.RaftServerConfigKeys (ConfUtils.java:logGet(43)) - raft.server.log.use.memory = false (default)
2019-08-29 08:15:44,133 [pool-741-thread-1] INFO  server.RaftServerConfigKeys (ConfUtils.java:logGet(43)) - raft.server.log.purge.gap = 1000000 (custom)
2019-08-29 08:15:44,133 [pool-741-thread-1] INFO  server.RaftServerConfigKeys (ConfUtils.java:logGet(43)) - raft.server.log.appender.buffer.byte-limit = 33554432 (custom)
2019-08-29 08:15:44,133 [pool-741-thread-1] INFO  server.RaftServerConfigKeys (ConfUtils.java:logGet(43)) - raft.server.log.segment.size.max = 1048576 (custom)
2019-08-29 08:15:44,133 [pool-741-thread-1] INFO  server.RaftServerConfigKeys (ConfUtils.java:logGet(43)) - raft.server.log.segment.cache.num.max = 2 (custom)
2019-08-29 08:15:44,133 [pool-741-thread-1] INFO  segmented.SegmentedRaftLogWorker (SegmentedRaftLogWorker.java:<init>(172)) - new f4ed06a8-f58e-44fd-bf89-8ea63b8f80d3-SegmentedRaftLogWorker:Storage Directory /workdir/hadoop-ozone/integration-test/target/test-dir/MiniOzoneClusterImpl-249f8078-8fc0-44d6-853a-2b715126e327/datanode-1/data/ratis/23ad4240-bff0-47b5-a8b6-b0304a278ad1 for RaftStorage:Storage Directory /workdir/hadoop-ozone/integration-test/target/test-dir/MiniOzoneClusterImpl-249f8078-8fc0-44d6-853a-2b715126e327/datanode-1/data/ratis/23ad4240-bff0-47b5-a8b6-b0304a278ad1
2019-08-29 08:15:44,133 [pool-741-thread-1] INFO  server.RaftServerConfigKeys (ConfUtils.java:logGet(43)) - raft.server.log.queue.byte-limit = 2147483647 (custom)
2019-08-29 08:15:44,133 [pool-741-thread-1] INFO  server.RaftServerConfigKeys (ConfUtils.java:logGet(43)) - raft.server.log.queue.element-limit = 1024 (custom)
2019-08-29 08:15:44,134 [pool-741-thread-1] INFO  server.RaftServerConfigKeys (ConfUtils.java:logGet(43)) - raft.server.log.segment.size.max = 1048576 (custom)
2019-08-29 08:15:44,134 [pool-741-thread-1] INFO  server.RaftServerConfigKeys (ConfUtils.java:logGet(43)) - raft.server.log.preallocated.size = 16384 (custom)
2019-08-29 08:15:44,134 [pool-741-thread-1] INFO  server.RaftServerConfigKeys (ConfUtils.java:logGet(43)) - raft.server.log.write.buffer.size = 33554432 (custom)
2019-08-29 08:15:44,134 [pool-741-thread-1] INFO  server.RaftServerConfigKeys (ConfUtils.java:logGet(43)) - raft.server.log.force.sync.num = 128 (default)
2019-08-29 08:15:44,134 [pool-741-thread-1] INFO  server.RaftServerConfigKeys (ConfUtils.java:logGet(43)) - raft.server.log.statemachine.data.sync = true (default)
2019-08-29 08:15:44,134 [pool-741-thread-1] INFO  server.RaftServerConfigKeys (ConfUtils.java:logGet(43)) - raft.server.log.statemachine.data.sync.timeout = 10s (default)
2019-08-29 08:15:44,134 [pool-741-thread-1] INFO  server.RaftServerConfigKeys (ConfUtils.java:logGet(43)) - raft.server.log.statemachine.data.sync.timeout.retry = -1 (default)
2019-08-29 08:15:44,134 [pool-741-thread-1] INFO  server.RaftServerConfigKeys (ConfUtils.java:logGet(43)) - raft.server.log.statemachine.data.caching.enabled = true (custom)
2019-08-29 08:15:44,134 [pool-741-thread-1] INFO  segmented.SegmentedRaftLogWorker (SegmentedRaftLogWorker.java:lambda$new$0(132)) - f4ed06a8-f58e-44fd-bf89-8ea63b8f80d3-SegmentedRaftLogWorker:Storage Directory /workdir/hadoop-ozone/integration-test/target/test-dir/MiniOzoneClusterImpl-249f8078-8fc0-44d6-853a-2b715126e327/datanode-1/data/ratis/23ad4240-bff0-47b5-a8b6-b0304a278ad1: flushIndex: setUnconditionally 0 -> -1
2019-08-29 08:15:44,135 [pool-741-thread-1] INFO  server.RaftServerConfigKeys (ConfUtils.java:logGet(43)) - raft.server.snapshot.auto.trigger.enabled = true (custom)
2019-08-29 08:15:44,135 [pool-741-thread-1] INFO  server.RaftServerConfigKeys (ConfUtils.java:logGet(43)) - raft.server.snapshot.auto.trigger.threshold = 10000 (custom)
2019-08-29 08:15:44,135 [pool-741-thread-1] INFO  server.RaftServerConfigKeys (ConfUtils.java:logGet(43)) - raft.server.retrycache.expirytime = 600000ms (custom)
2019-08-29 08:15:44,135 [pool-741-thread-1] INFO  impl.RaftServerImpl (RaftServerImpl.java:start(180)) - f4ed06a8-f58e-44fd-bf89-8ea63b8f80d3: start group-B0304A278AD1
2019-08-29 08:15:44,135 [pool-741-thread-1] INFO  impl.RaftServerImpl (RaftServerImpl.java:setRole(171)) - f4ed06a8-f58e-44fd-bf89-8ea63b8f80d3:group-B0304A278AD1 changes role from null to FOLLOWER at term 0 for startAsFollower
2019-08-29 08:15:44,135 [pool-741-thread-1] INFO  impl.RoleInfo (RoleInfo.java:updateAndGet(143)) - f4ed06a8-f58e-44fd-bf89-8ea63b8f80d3: start FollowerState
2019-08-29 08:15:44,135 [pool-741-thread-1] INFO  util.JmxRegister (JmxRegister.java:tryRegister(44)) - Successfully registered JMX Bean with object name Ratis:service=RaftServer,group=group-B0304A278AD1,id=f4ed06a8-f58e-44fd-bf89-8ea63b8f80d3
2019-08-29 08:15:44,140 [RatisPipelineUtilsThread] INFO  pipeline.PipelineStateManager (PipelineStateManager.java:addPipeline(56)) - Created pipeline Pipeline[ Id: 23ad4240-bff0-47b5-a8b6-b0304a278ad1, Nodes: f4ed06a8-f58e-44fd-bf89-8ea63b8f80d3{ip: 192.168.69.111, host: pr-hdds-1569-g9zr9-4145101663, networkLocation: /default-rack, certSerialId: null}, Type:RATIS, Factor:ONE, State:OPEN]
2019-08-29 08:15:44,325 [IPC Server handler 3 on 43155] INFO  net.NetworkTopology (NetworkTopologyImpl.java:add(110)) - Added a new node: /default-rack/dedae8b3-beea-4d2b-ad20-87a9a0d5bc72
2019-08-29 08:15:44,326 [IPC Server handler 3 on 43155] INFO  node.SCMNodeManager (SCMNodeManager.java:register(273)) - Registered Data node : dedae8b3-beea-4d2b-ad20-87a9a0d5bc72{ip: 192.168.69.111, host: pr-hdds-1569-g9zr9-4145101663, networkLocation: /default-rack, certSerialId: null}
2019-08-29 08:15:44,326 | INFO  | SCMAudit | user=jenkins1000 | ip=192.168.69.111 | op=REGISTER {datanodeDetails=dedae8b3-beea-4d2b-ad20-87a9a0d5bc72{ip: 192.168.69.111, host: pr-hdds-1569-g9zr9-4145101663, networkLocation: /default-rack, certSerialId: null}} | ret=SUCCESS |  
2019-08-29 08:15:44,332 [grpc-default-executor-11] INFO  impl.RaftServerProxy (RaftServerProxy.java:addNew(89)) - dedae8b3-beea-4d2b-ad20-87a9a0d5bc72: addNew group-93A381CC0B86:[dedae8b3-beea-4d2b-ad20-87a9a0d5bc72:192.168.69.111:43342] returns group-93A381CC0B86:java.util.concurrent.CompletableFuture@42513d3d[Not completed]
2019-08-29 08:15:44,333 [pool-752-thread-1] INFO  impl.RaftServerImpl (RaftServerImpl.java:<init>(93)) - dedae8b3-beea-4d2b-ad20-87a9a0d5bc72: new RaftServerImpl for group-93A381CC0B86:[dedae8b3-beea-4d2b-ad20-87a9a0d5bc72:192.168.69.111:43342] with ContainerStateMachine:uninitialized
2019-08-29 08:15:44,334 [pool-752-thread-1] INFO  server.RaftServerConfigKeys (ConfUtils.java:logGet(43)) - raft.server.rpc.timeout.min = 5s (custom)
2019-08-29 08:15:44,334 [pool-752-thread-1] INFO  server.RaftServerConfigKeys (ConfUtils.java:logGet(43)) - raft.server.rpc.timeout.max = 5200ms (custom)
2019-08-29 08:15:44,334 [pool-752-thread-1] INFO  server.RaftServerConfigKeys (ConfUtils.java:logGet(43)) - raft.server.rpcslowness.timeout = 120s (custom)
2019-08-29 08:15:44,334 [pool-752-thread-1] INFO  server.RaftServerConfigKeys (ConfUtils.java:logGet(43)) - raft.server.sleep.deviation.threshold = 300 (default)
2019-08-29 08:15:44,334 [pool-752-thread-1] INFO  server.RaftServerConfigKeys (ConfUtils.java:logGet(43)) - raft.server.log.appender.install.snapshot.enabled = false (custom)
2019-08-29 08:15:44,334 [pool-752-thread-1] INFO  impl.RaftServerImpl (ServerState.java:<init>(105)) - dedae8b3-beea-4d2b-ad20-87a9a0d5bc72:group-93A381CC0B86 ConfigurationManager, init=-1: [dedae8b3-beea-4d2b-ad20-87a9a0d5bc72:192.168.69.111:43342], old=null, confs=<EMPTY_MAP>
2019-08-29 08:15:44,334 [pool-752-thread-1] INFO  server.RaftServerConfigKeys (ConfUtils.java:logGet(43)) - raft.server.storage.dir = [/workdir/hadoop-ozone/integration-test/target/test-dir/MiniOzoneClusterImpl-249f8078-8fc0-44d6-853a-2b715126e327/datanode-2/data/ratis] (custom)
2019-08-29 08:15:44,334 [pool-752-thread-1] INFO  storage.RaftStorageDirectory (RaftStorageDirectory.java:analyzeStorage(246)) - The storage directory /workdir/hadoop-ozone/integration-test/target/test-dir/MiniOzoneClusterImpl-249f8078-8fc0-44d6-853a-2b715126e327/datanode-2/data/ratis/6e4f633f-7487-45cf-86d1-93a381cc0b86 does not exist. Creating ...
2019-08-29 08:15:44,376 [pool-752-thread-1] INFO  storage.RaftStorageDirectory (RaftStorageDirectory.java:tryLock(328)) - Lock on /workdir/hadoop-ozone/integration-test/target/test-dir/MiniOzoneClusterImpl-249f8078-8fc0-44d6-853a-2b715126e327/datanode-2/data/ratis/6e4f633f-7487-45cf-86d1-93a381cc0b86/in_use.lock acquired by nodename 17172@pr-hdds-1569-g9zr9-4145101663
2019-08-29 08:15:44,398 [pool-752-thread-1] INFO  storage.RaftStorage (RaftStorage.java:format(72)) - Storage directory /workdir/hadoop-ozone/integration-test/target/test-dir/MiniOzoneClusterImpl-249f8078-8fc0-44d6-853a-2b715126e327/datanode-2/data/ratis/6e4f633f-7487-45cf-86d1-93a381cc0b86 has been successfully formatted.
2019-08-29 08:15:44,398 [pool-752-thread-1] INFO  ratis.ContainerStateMachine (ContainerStateMachine.java:loadSnapshot(226)) - group-93A381CC0B86: The snapshot info is null. Setting the last applied indexto:(t:0, i:~)
2019-08-29 08:15:44,398 [pool-752-thread-1] INFO  server.RaftServerConfigKeys (ConfUtils.java:logGet(43)) - raft.server.leader.election.timeout = 120s (custom)
2019-08-29 08:15:44,398 [pool-752-thread-1] INFO  server.RaftServerConfigKeys (ConfUtils.java:logGet(43)) - raft.server.log.use.memory = false (default)
2019-08-29 08:15:44,398 [pool-752-thread-1] INFO  server.RaftServerConfigKeys (ConfUtils.java:logGet(43)) - raft.server.log.purge.gap = 1000000 (custom)
2019-08-29 08:15:44,399 [pool-752-thread-1] INFO  server.RaftServerConfigKeys (ConfUtils.java:logGet(43)) - raft.server.log.appender.buffer.byte-limit = 33554432 (custom)
2019-08-29 08:15:44,399 [pool-752-thread-1] INFO  server.RaftServerConfigKeys (ConfUtils.java:logGet(43)) - raft.server.log.segment.size.max = 1048576 (custom)
2019-08-29 08:15:44,399 [pool-752-thread-1] INFO  server.RaftServerConfigKeys (ConfUtils.java:logGet(43)) - raft.server.log.segment.cache.num.max = 2 (custom)
2019-08-29 08:15:44,399 [pool-752-thread-1] INFO  segmented.SegmentedRaftLogWorker (SegmentedRaftLogWorker.java:<init>(172)) - new dedae8b3-beea-4d2b-ad20-87a9a0d5bc72-SegmentedRaftLogWorker:Storage Directory /workdir/hadoop-ozone/integration-test/target/test-dir/MiniOzoneClusterImpl-249f8078-8fc0-44d6-853a-2b715126e327/datanode-2/data/ratis/6e4f633f-7487-45cf-86d1-93a381cc0b86 for RaftStorage:Storage Directory /workdir/hadoop-ozone/integration-test/target/test-dir/MiniOzoneClusterImpl-249f8078-8fc0-44d6-853a-2b715126e327/datanode-2/data/ratis/6e4f633f-7487-45cf-86d1-93a381cc0b86
2019-08-29 08:15:44,399 [pool-752-thread-1] INFO  server.RaftServerConfigKeys (ConfUtils.java:logGet(43)) - raft.server.log.queue.byte-limit = 2147483647 (custom)
2019-08-29 08:15:44,399 [pool-752-thread-1] INFO  server.RaftServerConfigKeys (ConfUtils.java:logGet(43)) - raft.server.log.queue.element-limit = 1024 (custom)
2019-08-29 08:15:44,400 [pool-752-thread-1] INFO  server.RaftServerConfigKeys (ConfUtils.java:logGet(43)) - raft.server.log.segment.size.max = 1048576 (custom)
2019-08-29 08:15:44,400 [pool-752-thread-1] INFO  server.RaftServerConfigKeys (ConfUtils.java:logGet(43)) - raft.server.log.preallocated.size = 16384 (custom)
2019-08-29 08:15:44,400 [pool-752-thread-1] INFO  server.RaftServerConfigKeys (ConfUtils.java:logGet(43)) - raft.server.log.write.buffer.size = 33554432 (custom)
2019-08-29 08:15:44,400 [pool-752-thread-1] INFO  server.RaftServerConfigKeys (ConfUtils.java:logGet(43)) - raft.server.log.force.sync.num = 128 (default)
2019-08-29 08:15:44,400 [pool-752-thread-1] INFO  server.RaftServerConfigKeys (ConfUtils.java:logGet(43)) - raft.server.log.statemachine.data.sync = true (default)
2019-08-29 08:15:44,400 [pool-752-thread-1] INFO  server.RaftServerConfigKeys (ConfUtils.java:logGet(43)) - raft.server.log.statemachine.data.sync.timeout = 10s (default)
2019-08-29 08:15:44,400 [pool-752-thread-1] INFO  server.RaftServerConfigKeys (ConfUtils.java:logGet(43)) - raft.server.log.statemachine.data.sync.timeout.retry = -1 (default)
2019-08-29 08:15:44,401 [pool-752-thread-1] INFO  server.RaftServerConfigKeys (ConfUtils.java:logGet(43)) - raft.server.log.statemachine.data.caching.enabled = true (custom)
2019-08-29 08:15:44,401 [pool-752-thread-1] INFO  segmented.SegmentedRaftLogWorker (SegmentedRaftLogWorker.java:lambda$new$0(132)) - dedae8b3-beea-4d2b-ad20-87a9a0d5bc72-SegmentedRaftLogWorker:Storage Directory /workdir/hadoop-ozone/integration-test/target/test-dir/MiniOzoneClusterImpl-249f8078-8fc0-44d6-853a-2b715126e327/datanode-2/data/ratis/6e4f633f-7487-45cf-86d1-93a381cc0b86: flushIndex: setUnconditionally 0 -> -1
2019-08-29 08:15:44,401 [pool-752-thread-1] INFO  server.RaftServerConfigKeys (ConfUtils.java:logGet(43)) - raft.server.snapshot.auto.trigger.enabled = true (custom)
2019-08-29 08:15:44,401 [pool-752-thread-1] INFO  server.RaftServerConfigKeys (ConfUtils.java:logGet(43)) - raft.server.snapshot.auto.trigger.threshold = 10000 (custom)
2019-08-29 08:15:44,402 [pool-752-thread-1] INFO  server.RaftServerConfigKeys (ConfUtils.java:logGet(43)) - raft.server.retrycache.expirytime = 600000ms (custom)
2019-08-29 08:15:44,402 [pool-752-thread-1] INFO  impl.RaftServerImpl (RaftServerImpl.java:start(180)) - dedae8b3-beea-4d2b-ad20-87a9a0d5bc72: start group-93A381CC0B86
2019-08-29 08:15:44,402 [pool-752-thread-1] INFO  impl.RaftServerImpl (RaftServerImpl.java:setRole(171)) - dedae8b3-beea-4d2b-ad20-87a9a0d5bc72:group-93A381CC0B86 changes role from null to FOLLOWER at term 0 for startAsFollower
2019-08-29 08:15:44,402 [pool-752-thread-1] INFO  impl.RoleInfo (RoleInfo.java:updateAndGet(143)) - dedae8b3-beea-4d2b-ad20-87a9a0d5bc72: start FollowerState
2019-08-29 08:15:44,402 [pool-752-thread-1] INFO  util.JmxRegister (JmxRegister.java:tryRegister(44)) - Successfully registered JMX Bean with object name Ratis:service=RaftServer,group=group-93A381CC0B86,id=dedae8b3-beea-4d2b-ad20-87a9a0d5bc72
2019-08-29 08:15:44,408 [RatisPipelineUtilsThread] INFO  pipeline.PipelineStateManager (PipelineStateManager.java:addPipeline(56)) - Created pipeline Pipeline[ Id: 6e4f633f-7487-45cf-86d1-93a381cc0b86, Nodes: dedae8b3-beea-4d2b-ad20-87a9a0d5bc72{ip: 192.168.69.111, host: pr-hdds-1569-g9zr9-4145101663, networkLocation: /default-rack, certSerialId: null}, Type:RATIS, Factor:ONE, State:OPEN]
2019-08-29 08:15:44,415 [grpc-default-executor-10] INFO  impl.RaftServerProxy (RaftServerProxy.java:addNew(89)) - f4ed06a8-f58e-44fd-bf89-8ea63b8f80d3: addNew group-EBC1B9AAEA58:[dedae8b3-beea-4d2b-ad20-87a9a0d5bc72:192.168.69.111:43342, f4ed06a8-f58e-44fd-bf89-8ea63b8f80d3:192.168.69.111:36473, e825e5c3-0d56-4405-b416-b67706fddd99:192.168.69.111:39205] returns group-EBC1B9AAEA58:java.util.concurrent.CompletableFuture@56f9a846[Not completed]
2019-08-29 08:15:44,415 [grpc-default-executor-9] INFO  impl.RaftServerProxy (RaftServerProxy.java:addNew(89)) - e825e5c3-0d56-4405-b416-b67706fddd99: addNew group-EBC1B9AAEA58:[dedae8b3-beea-4d2b-ad20-87a9a0d5bc72:192.168.69.111:43342, f4ed06a8-f58e-44fd-bf89-8ea63b8f80d3:192.168.69.111:36473, e825e5c3-0d56-4405-b416-b67706fddd99:192.168.69.111:39205] returns group-EBC1B9AAEA58:java.util.concurrent.CompletableFuture@69b7c0e9[Not completed]
2019-08-29 08:15:44,416 [pool-741-thread-1] INFO  impl.RaftServerImpl (RaftServerImpl.java:<init>(93)) - f4ed06a8-f58e-44fd-bf89-8ea63b8f80d3: new RaftServerImpl for group-EBC1B9AAEA58:[dedae8b3-beea-4d2b-ad20-87a9a0d5bc72:192.168.69.111:43342, f4ed06a8-f58e-44fd-bf89-8ea63b8f80d3:192.168.69.111:36473, e825e5c3-0d56-4405-b416-b67706fddd99:192.168.69.111:39205] with ContainerStateMachine:uninitialized
2019-08-29 08:15:44,416 [grpc-default-executor-10] INFO  impl.RaftServerProxy (RaftServerProxy.java:addNew(89)) - dedae8b3-beea-4d2b-ad20-87a9a0d5bc72: addNew group-EBC1B9AAEA58:[dedae8b3-beea-4d2b-ad20-87a9a0d5bc72:192.168.69.111:43342, f4ed06a8-f58e-44fd-bf89-8ea63b8f80d3:192.168.69.111:36473, e825e5c3-0d56-4405-b416-b67706fddd99:192.168.69.111:39205] returns group-EBC1B9AAEA58:java.util.concurrent.CompletableFuture@13fb2cfd[Not completed]
2019-08-29 08:15:44,416 [pool-741-thread-1] INFO  server.RaftServerConfigKeys (ConfUtils.java:logGet(43)) - raft.server.rpc.timeout.min = 5s (custom)
2019-08-29 08:15:44,416 [pool-741-thread-1] INFO  server.RaftServerConfigKeys (ConfUtils.java:logGet(43)) - raft.server.rpc.timeout.max = 5200ms (custom)
2019-08-29 08:15:44,417 [pool-741-thread-1] INFO  server.RaftServerConfigKeys (ConfUtils.java:logGet(43)) - raft.server.rpcslowness.timeout = 120s (custom)
2019-08-29 08:15:44,417 [pool-741-thread-1] INFO  server.RaftServerConfigKeys (ConfUtils.java:logGet(43)) - raft.server.sleep.deviation.threshold = 300 (default)
2019-08-29 08:15:44,417 [pool-741-thread-1] INFO  server.RaftServerConfigKeys (ConfUtils.java:logGet(43)) - raft.server.log.appender.install.snapshot.enabled = false (custom)
2019-08-29 08:15:44,417 [pool-730-thread-1] INFO  impl.RaftServerImpl (RaftServerImpl.java:<init>(93)) - e825e5c3-0d56-4405-b416-b67706fddd99: new RaftServerImpl for group-EBC1B9AAEA58:[dedae8b3-beea-4d2b-ad20-87a9a0d5bc72:192.168.69.111:43342, f4ed06a8-f58e-44fd-bf89-8ea63b8f80d3:192.168.69.111:36473, e825e5c3-0d56-4405-b416-b67706fddd99:192.168.69.111:39205] with ContainerStateMachine:uninitialized
2019-08-29 08:15:44,417 [pool-741-thread-1] INFO  impl.RaftServerImpl (ServerState.java:<init>(105)) - f4ed06a8-f58e-44fd-bf89-8ea63b8f80d3:group-EBC1B9AAEA58 ConfigurationManager, init=-1: [dedae8b3-beea-4d2b-ad20-87a9a0d5bc72:192.168.69.111:43342, f4ed06a8-f58e-44fd-bf89-8ea63b8f80d3:192.168.69.111:36473, e825e5c3-0d56-4405-b416-b67706fddd99:192.168.69.111:39205], old=null, confs=<EMPTY_MAP>
2019-08-29 08:15:44,417 [pool-730-thread-1] INFO  server.RaftServerConfigKeys (ConfUtils.java:logGet(43)) - raft.server.rpc.timeout.min = 5s (custom)
2019-08-29 08:15:44,417 [pool-741-thread-1] INFO  server.RaftServerConfigKeys (ConfUtils.java:logGet(43)) - raft.server.storage.dir = [/workdir/hadoop-ozone/integration-test/target/test-dir/MiniOzoneClusterImpl-249f8078-8fc0-44d6-853a-2b715126e327/datanode-1/data/ratis] (custom)
2019-08-29 08:15:44,418 [pool-730-thread-1] INFO  server.RaftServerConfigKeys (ConfUtils.java:logGet(43)) - raft.server.rpc.timeout.max = 5200ms (custom)
2019-08-29 08:15:44,418 [pool-752-thread-1] INFO  impl.RaftServerImpl (RaftServerImpl.java:<init>(93)) - dedae8b3-beea-4d2b-ad20-87a9a0d5bc72: new RaftServerImpl for group-EBC1B9AAEA58:[dedae8b3-beea-4d2b-ad20-87a9a0d5bc72:192.168.69.111:43342, f4ed06a8-f58e-44fd-bf89-8ea63b8f80d3:192.168.69.111:36473, e825e5c3-0d56-4405-b416-b67706fddd99:192.168.69.111:39205] with ContainerStateMachine:uninitialized
2019-08-29 08:15:44,418 [pool-741-thread-1] INFO  storage.RaftStorageDirectory (RaftStorageDirectory.java:analyzeStorage(246)) - The storage directory /workdir/hadoop-ozone/integration-test/target/test-dir/MiniOzoneClusterImpl-249f8078-8fc0-44d6-853a-2b715126e327/datanode-1/data/ratis/64dd66ca-9e53-40df-8d8c-ebc1b9aaea58 does not exist. Creating ...
2019-08-29 08:15:44,418 [pool-730-thread-1] INFO  server.RaftServerConfigKeys (ConfUtils.java:logGet(43)) - raft.server.rpcslowness.timeout = 120s (custom)
2019-08-29 08:15:44,418 [pool-752-thread-1] INFO  server.RaftServerConfigKeys (ConfUtils.java:logGet(43)) - raft.server.rpc.timeout.min = 5s (custom)
2019-08-29 08:15:44,418 [pool-730-thread-1] INFO  server.RaftServerConfigKeys (ConfUtils.java:logGet(43)) - raft.server.sleep.deviation.threshold = 300 (default)
2019-08-29 08:15:44,418 [pool-752-thread-1] INFO  server.RaftServerConfigKeys (ConfUtils.java:logGet(43)) - raft.server.rpc.timeout.max = 5200ms (custom)
2019-08-29 08:15:44,418 [pool-730-thread-1] INFO  server.RaftServerConfigKeys (ConfUtils.java:logGet(43)) - raft.server.log.appender.install.snapshot.enabled = false (custom)
2019-08-29 08:15:44,419 [pool-752-thread-1] INFO  server.RaftServerConfigKeys (ConfUtils.java:logGet(43)) - raft.server.rpcslowness.timeout = 120s (custom)
2019-08-29 08:15:44,419 [pool-730-thread-1] INFO  impl.RaftServerImpl (ServerState.java:<init>(105)) - e825e5c3-0d56-4405-b416-b67706fddd99:group-EBC1B9AAEA58 ConfigurationManager, init=-1: [dedae8b3-beea-4d2b-ad20-87a9a0d5bc72:192.168.69.111:43342, f4ed06a8-f58e-44fd-bf89-8ea63b8f80d3:192.168.69.111:36473, e825e5c3-0d56-4405-b416-b67706fddd99:192.168.69.111:39205], old=null, confs=<EMPTY_MAP>
2019-08-29 08:15:44,419 [pool-752-thread-1] INFO  server.RaftServerConfigKeys (ConfUtils.java:logGet(43)) - raft.server.sleep.deviation.threshold = 300 (default)
2019-08-29 08:15:44,419 [pool-730-thread-1] INFO  server.RaftServerConfigKeys (ConfUtils.java:logGet(43)) - raft.server.storage.dir = [/workdir/hadoop-ozone/integration-test/target/test-dir/MiniOzoneClusterImpl-249f8078-8fc0-44d6-853a-2b715126e327/datanode-0/data/ratis] (custom)
2019-08-29 08:15:44,419 [pool-752-thread-1] INFO  server.RaftServerConfigKeys (ConfUtils.java:logGet(43)) - raft.server.log.appender.install.snapshot.enabled = false (custom)
2019-08-29 08:15:44,419 [pool-752-thread-1] INFO  impl.RaftServerImpl (ServerState.java:<init>(105)) - dedae8b3-beea-4d2b-ad20-87a9a0d5bc72:group-EBC1B9AAEA58 ConfigurationManager, init=-1: [dedae8b3-beea-4d2b-ad20-87a9a0d5bc72:192.168.69.111:43342, f4ed06a8-f58e-44fd-bf89-8ea63b8f80d3:192.168.69.111:36473, e825e5c3-0d56-4405-b416-b67706fddd99:192.168.69.111:39205], old=null, confs=<EMPTY_MAP>
2019-08-29 08:15:44,419 [pool-730-thread-1] INFO  storage.RaftStorageDirectory (RaftStorageDirectory.java:analyzeStorage(246)) - The storage directory /workdir/hadoop-ozone/integration-test/target/test-dir/MiniOzoneClusterImpl-249f8078-8fc0-44d6-853a-2b715126e327/datanode-0/data/ratis/64dd66ca-9e53-40df-8d8c-ebc1b9aaea58 does not exist. Creating ...
2019-08-29 08:15:44,419 [pool-752-thread-1] INFO  server.RaftServerConfigKeys (ConfUtils.java:logGet(43)) - raft.server.storage.dir = [/workdir/hadoop-ozone/integration-test/target/test-dir/MiniOzoneClusterImpl-249f8078-8fc0-44d6-853a-2b715126e327/datanode-2/data/ratis] (custom)
2019-08-29 08:15:44,420 [pool-752-thread-1] INFO  storage.RaftStorageDirectory (RaftStorageDirectory.java:analyzeStorage(246)) - The storage directory /workdir/hadoop-ozone/integration-test/target/test-dir/MiniOzoneClusterImpl-249f8078-8fc0-44d6-853a-2b715126e327/datanode-2/data/ratis/64dd66ca-9e53-40df-8d8c-ebc1b9aaea58 does not exist. Creating ...
2019-08-29 08:15:44,450 [pool-741-thread-1] INFO  storage.RaftStorageDirectory (RaftStorageDirectory.java:tryLock(328)) - Lock on /workdir/hadoop-ozone/integration-test/target/test-dir/MiniOzoneClusterImpl-249f8078-8fc0-44d6-853a-2b715126e327/datanode-1/data/ratis/64dd66ca-9e53-40df-8d8c-ebc1b9aaea58/in_use.lock acquired by nodename 17172@pr-hdds-1569-g9zr9-4145101663
2019-08-29 08:15:44,450 [pool-752-thread-1] INFO  storage.RaftStorageDirectory (RaftStorageDirectory.java:tryLock(328)) - Lock on /workdir/hadoop-ozone/integration-test/target/test-dir/MiniOzoneClusterImpl-249f8078-8fc0-44d6-853a-2b715126e327/datanode-2/data/ratis/64dd66ca-9e53-40df-8d8c-ebc1b9aaea58/in_use.lock acquired by nodename 17172@pr-hdds-1569-g9zr9-4145101663
2019-08-29 08:15:44,450 [pool-730-thread-1] INFO  storage.RaftStorageDirectory (RaftStorageDirectory.java:tryLock(328)) - Lock on /workdir/hadoop-ozone/integration-test/target/test-dir/MiniOzoneClusterImpl-249f8078-8fc0-44d6-853a-2b715126e327/datanode-0/data/ratis/64dd66ca-9e53-40df-8d8c-ebc1b9aaea58/in_use.lock acquired by nodename 17172@pr-hdds-1569-g9zr9-4145101663
2019-08-29 08:15:44,483 [pool-741-thread-1] INFO  storage.RaftStorage (RaftStorage.java:format(72)) - Storage directory /workdir/hadoop-ozone/integration-test/target/test-dir/MiniOzoneClusterImpl-249f8078-8fc0-44d6-853a-2b715126e327/datanode-1/data/ratis/64dd66ca-9e53-40df-8d8c-ebc1b9aaea58 has been successfully formatted.
2019-08-29 08:15:44,483 [pool-752-thread-1] INFO  storage.RaftStorage (RaftStorage.java:format(72)) - Storage directory /workdir/hadoop-ozone/integration-test/target/test-dir/MiniOzoneClusterImpl-249f8078-8fc0-44d6-853a-2b715126e327/datanode-2/data/ratis/64dd66ca-9e53-40df-8d8c-ebc1b9aaea58 has been successfully formatted.
2019-08-29 08:15:44,483 [pool-730-thread-1] INFO  storage.RaftStorage (RaftStorage.java:format(72)) - Storage directory /workdir/hadoop-ozone/integration-test/target/test-dir/MiniOzoneClusterImpl-249f8078-8fc0-44d6-853a-2b715126e327/datanode-0/data/ratis/64dd66ca-9e53-40df-8d8c-ebc1b9aaea58 has been successfully formatted.
2019-08-29 08:15:44,483 [pool-741-thread-1] INFO  ratis.ContainerStateMachine (ContainerStateMachine.java:loadSnapshot(226)) - group-EBC1B9AAEA58: The snapshot info is null. Setting the last applied indexto:(t:0, i:~)
2019-08-29 08:15:44,483 [pool-730-thread-1] INFO  ratis.ContainerStateMachine (ContainerStateMachine.java:loadSnapshot(226)) - group-EBC1B9AAEA58: The snapshot info is null. Setting the last applied indexto:(t:0, i:~)
2019-08-29 08:15:44,483 [pool-752-thread-1] INFO  ratis.ContainerStateMachine (ContainerStateMachine.java:loadSnapshot(226)) - group-EBC1B9AAEA58: The snapshot info is null. Setting the last applied indexto:(t:0, i:~)
2019-08-29 08:15:44,484 [pool-730-thread-1] INFO  server.RaftServerConfigKeys (ConfUtils.java:logGet(43)) - raft.server.leader.election.timeout = 120s (custom)
2019-08-29 08:15:44,483 [pool-741-thread-1] INFO  server.RaftServerConfigKeys (ConfUtils.java:logGet(43)) - raft.server.leader.election.timeout = 120s (custom)
2019-08-29 08:15:44,484 [pool-730-thread-1] INFO  server.RaftServerConfigKeys (ConfUtils.java:logGet(43)) - raft.server.log.use.memory = false (default)
2019-08-29 08:15:44,484 [pool-752-thread-1] INFO  server.RaftServerConfigKeys (ConfUtils.java:logGet(43)) - raft.server.leader.election.timeout = 120s (custom)
2019-08-29 08:15:44,484 [pool-730-thread-1] INFO  server.RaftServerConfigKeys (ConfUtils.java:logGet(43)) - raft.server.log.purge.gap = 1000000 (custom)
2019-08-29 08:15:44,484 [pool-741-thread-1] INFO  server.RaftServerConfigKeys (ConfUtils.java:logGet(43)) - raft.server.log.use.memory = false (default)
2019-08-29 08:15:44,484 [pool-730-thread-1] INFO  server.RaftServerConfigKeys (ConfUtils.java:logGet(43)) - raft.server.log.appender.buffer.byte-limit = 33554432 (custom)
2019-08-29 08:15:44,484 [pool-752-thread-1] INFO  server.RaftServerConfigKeys (ConfUtils.java:logGet(43)) - raft.server.log.use.memory = false (default)
2019-08-29 08:15:44,485 [pool-730-thread-1] INFO  server.RaftServerConfigKeys (ConfUtils.java:logGet(43)) - raft.server.log.segment.size.max = 1048576 (custom)
2019-08-29 08:15:44,485 [pool-741-thread-1] INFO  server.RaftServerConfigKeys (ConfUtils.java:logGet(43)) - raft.server.log.purge.gap = 1000000 (custom)
2019-08-29 08:15:44,485 [pool-730-thread-1] INFO  server.RaftServerConfigKeys (ConfUtils.java:logGet(43)) - raft.server.log.segment.cache.num.max = 2 (custom)
2019-08-29 08:15:44,485 [pool-752-thread-1] INFO  server.RaftServerConfigKeys (ConfUtils.java:logGet(43)) - raft.server.log.purge.gap = 1000000 (custom)
2019-08-29 08:15:44,485 [pool-730-thread-1] INFO  segmented.SegmentedRaftLogWorker (SegmentedRaftLogWorker.java:<init>(172)) - new e825e5c3-0d56-4405-b416-b67706fddd99-SegmentedRaftLogWorker:Storage Directory /workdir/hadoop-ozone/integration-test/target/test-dir/MiniOzoneClusterImpl-249f8078-8fc0-44d6-853a-2b715126e327/datanode-0/data/ratis/64dd66ca-9e53-40df-8d8c-ebc1b9aaea58 for RaftStorage:Storage Directory /workdir/hadoop-ozone/integration-test/target/test-dir/MiniOzoneClusterImpl-249f8078-8fc0-44d6-853a-2b715126e327/datanode-0/data/ratis/64dd66ca-9e53-40df-8d8c-ebc1b9aaea58
2019-08-29 08:15:44,485 [pool-741-thread-1] INFO  server.RaftServerConfigKeys (ConfUtils.java:logGet(43)) - raft.server.log.appender.buffer.byte-limit = 33554432 (custom)
2019-08-29 08:15:44,486 [pool-730-thread-1] INFO  server.RaftServerConfigKeys (ConfUtils.java:logGet(43)) - raft.server.log.queue.byte-limit = 2147483647 (custom)
2019-08-29 08:15:44,485 [pool-752-thread-1] INFO  server.RaftServerConfigKeys (ConfUtils.java:logGet(43)) - raft.server.log.appender.buffer.byte-limit = 33554432 (custom)
2019-08-29 08:15:44,486 [pool-730-thread-1] INFO  server.RaftServerConfigKeys (ConfUtils.java:logGet(43)) - raft.server.log.queue.element-limit = 1024 (custom)
2019-08-29 08:15:44,486 [pool-741-thread-1] INFO  server.RaftServerConfigKeys (ConfUtils.java:logGet(43)) - raft.server.log.segment.size.max = 1048576 (custom)
2019-08-29 08:15:44,486 [pool-730-thread-1] INFO  server.RaftServerConfigKeys (ConfUtils.java:logGet(43)) - raft.server.log.segment.size.max = 1048576 (custom)
2019-08-29 08:15:44,486 [pool-752-thread-1] INFO  server.RaftServerConfigKeys (ConfUtils.java:logGet(43)) - raft.server.log.segment.size.max = 1048576 (custom)
2019-08-29 08:15:44,486 [pool-730-thread-1] INFO  server.RaftServerConfigKeys (ConfUtils.java:logGet(43)) - raft.server.log.preallocated.size = 16384 (custom)
2019-08-29 08:15:44,486 [pool-741-thread-1] INFO  server.RaftServerConfigKeys (ConfUtils.java:logGet(43)) - raft.server.log.segment.cache.num.max = 2 (custom)
2019-08-29 08:15:44,487 [pool-730-thread-1] INFO  server.RaftServerConfigKeys (ConfUtils.java:logGet(43)) - raft.server.log.write.buffer.size = 33554432 (custom)
2019-08-29 08:15:44,487 [pool-752-thread-1] INFO  server.RaftServerConfigKeys (ConfUtils.java:logGet(43)) - raft.server.log.segment.cache.num.max = 2 (custom)
2019-08-29 08:15:44,487 [pool-730-thread-1] INFO  server.RaftServerConfigKeys (ConfUtils.java:logGet(43)) - raft.server.log.force.sync.num = 128 (default)
2019-08-29 08:15:44,487 [pool-741-thread-1] INFO  segmented.SegmentedRaftLogWorker (SegmentedRaftLogWorker.java:<init>(172)) - new f4ed06a8-f58e-44fd-bf89-8ea63b8f80d3-SegmentedRaftLogWorker:Storage Directory /workdir/hadoop-ozone/integration-test/target/test-dir/MiniOzoneClusterImpl-249f8078-8fc0-44d6-853a-2b715126e327/datanode-1/data/ratis/64dd66ca-9e53-40df-8d8c-ebc1b9aaea58 for RaftStorage:Storage Directory /workdir/hadoop-ozone/integration-test/target/test-dir/MiniOzoneClusterImpl-249f8078-8fc0-44d6-853a-2b715126e327/datanode-1/data/ratis/64dd66ca-9e53-40df-8d8c-ebc1b9aaea58
2019-08-29 08:15:44,487 [pool-730-thread-1] INFO  server.RaftServerConfigKeys (ConfUtils.java:logGet(43)) - raft.server.log.statemachine.data.sync = true (default)
2019-08-29 08:15:44,487 [pool-752-thread-1] INFO  segmented.SegmentedRaftLogWorker (SegmentedRaftLogWorker.java:<init>(172)) - new dedae8b3-beea-4d2b-ad20-87a9a0d5bc72-SegmentedRaftLogWorker:Storage Directory /workdir/hadoop-ozone/integration-test/target/test-dir/MiniOzoneClusterImpl-249f8078-8fc0-44d6-853a-2b715126e327/datanode-2/data/ratis/64dd66ca-9e53-40df-8d8c-ebc1b9aaea58 for RaftStorage:Storage Directory /workdir/hadoop-ozone/integration-test/target/test-dir/MiniOzoneClusterImpl-249f8078-8fc0-44d6-853a-2b715126e327/datanode-2/data/ratis/64dd66ca-9e53-40df-8d8c-ebc1b9aaea58
2019-08-29 08:15:44,488 [pool-730-thread-1] INFO  server.RaftServerConfigKeys (ConfUtils.java:logGet(43)) - raft.server.log.statemachine.data.sync.timeout = 10s (default)
2019-08-29 08:15:44,488 [pool-741-thread-1] INFO  server.RaftServerConfigKeys (ConfUtils.java:logGet(43)) - raft.server.log.queue.byte-limit = 2147483647 (custom)
2019-08-29 08:15:44,488 [pool-730-thread-1] INFO  server.RaftServerConfigKeys (ConfUtils.java:logGet(43)) - raft.server.log.statemachine.data.sync.timeout.retry = -1 (default)
2019-08-29 08:15:44,488 [pool-752-thread-1] INFO  server.RaftServerConfigKeys (ConfUtils.java:logGet(43)) - raft.server.log.queue.byte-limit = 2147483647 (custom)
2019-08-29 08:15:44,488 [pool-730-thread-1] INFO  server.RaftServerConfigKeys (ConfUtils.java:logGet(43)) - raft.server.log.statemachine.data.caching.enabled = true (custom)
2019-08-29 08:15:44,488 [pool-741-thread-1] INFO  server.RaftServerConfigKeys (ConfUtils.java:logGet(43)) - raft.server.log.queue.element-limit = 1024 (custom)
2019-08-29 08:15:44,488 [pool-752-thread-1] INFO  server.RaftServerConfigKeys (ConfUtils.java:logGet(43)) - raft.server.log.queue.element-limit = 1024 (custom)
2019-08-29 08:15:44,489 [pool-741-thread-1] INFO  server.RaftServerConfigKeys (ConfUtils.java:logGet(43)) - raft.server.log.segment.size.max = 1048576 (custom)
2019-08-29 08:15:44,489 [pool-730-thread-1] INFO  segmented.SegmentedRaftLogWorker (SegmentedRaftLogWorker.java:lambda$new$0(132)) - e825e5c3-0d56-4405-b416-b67706fddd99-SegmentedRaftLogWorker:Storage Directory /workdir/hadoop-ozone/integration-test/target/test-dir/MiniOzoneClusterImpl-249f8078-8fc0-44d6-853a-2b715126e327/datanode-0/data/ratis/64dd66ca-9e53-40df-8d8c-ebc1b9aaea58: flushIndex: setUnconditionally 0 -> -1
2019-08-29 08:15:44,489 [pool-741-thread-1] INFO  server.RaftServerConfigKeys (ConfUtils.java:logGet(43)) - raft.server.log.preallocated.size = 16384 (custom)
2019-08-29 08:15:44,489 [pool-752-thread-1] INFO  server.RaftServerConfigKeys (ConfUtils.java:logGet(43)) - raft.server.log.segment.size.max = 1048576 (custom)
2019-08-29 08:15:44,489 [pool-730-thread-1] INFO  server.RaftServerConfigKeys (ConfUtils.java:logGet(43)) - raft.server.snapshot.auto.trigger.enabled = true (custom)
2019-08-29 08:15:44,489 [pool-741-thread-1] INFO  server.RaftServerConfigKeys (ConfUtils.java:logGet(43)) - raft.server.log.write.buffer.size = 33554432 (custom)
2019-08-29 08:15:44,490 [pool-730-thread-1] INFO  server.RaftServerConfigKeys (ConfUtils.java:logGet(43)) - raft.server.snapshot.auto.trigger.threshold = 10000 (custom)
2019-08-29 08:15:44,490 [pool-752-thread-1] INFO  server.RaftServerConfigKeys (ConfUtils.java:logGet(43)) - raft.server.log.preallocated.size = 16384 (custom)
2019-08-29 08:15:44,490 [pool-730-thread-1] INFO  server.RaftServerConfigKeys (ConfUtils.java:logGet(43)) - raft.server.retrycache.expirytime = 600000ms (custom)
2019-08-29 08:15:44,490 [pool-741-thread-1] INFO  server.RaftServerConfigKeys (ConfUtils.java:logGet(43)) - raft.server.log.force.sync.num = 128 (default)
2019-08-29 08:15:44,490 [pool-730-thread-1] INFO  impl.RaftServerImpl (RaftServerImpl.java:start(180)) - e825e5c3-0d56-4405-b416-b67706fddd99: start group-EBC1B9AAEA58
2019-08-29 08:15:44,490 [pool-752-thread-1] INFO  server.RaftServerConfigKeys (ConfUtils.java:logGet(43)) - raft.server.log.write.buffer.size = 33554432 (custom)
2019-08-29 08:15:44,491 [pool-730-thread-1] INFO  impl.RaftServerImpl (RaftServerImpl.java:setRole(171)) - e825e5c3-0d56-4405-b416-b67706fddd99:group-EBC1B9AAEA58 changes role from null to FOLLOWER at term 0 for startAsFollower
2019-08-29 08:15:44,490 [pool-741-thread-1] INFO  server.RaftServerConfigKeys (ConfUtils.java:logGet(43)) - raft.server.log.statemachine.data.sync = true (default)
2019-08-29 08:15:44,491 [pool-730-thread-1] INFO  impl.RoleInfo (RoleInfo.java:updateAndGet(143)) - e825e5c3-0d56-4405-b416-b67706fddd99: start FollowerState
2019-08-29 08:15:44,491 [pool-752-thread-1] INFO  server.RaftServerConfigKeys (ConfUtils.java:logGet(43)) - raft.server.log.force.sync.num = 128 (default)
2019-08-29 08:15:44,491 [pool-741-thread-1] INFO  server.RaftServerConfigKeys (ConfUtils.java:logGet(43)) - raft.server.log.statemachine.data.sync.timeout = 10s (default)
2019-08-29 08:15:44,491 [pool-752-thread-1] INFO  server.RaftServerConfigKeys (ConfUtils.java:logGet(43)) - raft.server.log.statemachine.data.sync = true (default)
2019-08-29 08:15:44,492 [pool-730-thread-1] INFO  util.JmxRegister (JmxRegister.java:tryRegister(44)) - Successfully registered JMX Bean with object name Ratis:service=RaftServer,group=group-EBC1B9AAEA58,id=e825e5c3-0d56-4405-b416-b67706fddd99
2019-08-29 08:15:44,491 [pool-741-thread-1] INFO  server.RaftServerConfigKeys (ConfUtils.java:logGet(43)) - raft.server.log.statemachine.data.sync.timeout.retry = -1 (default)
2019-08-29 08:15:44,492 [pool-752-thread-1] INFO  server.RaftServerConfigKeys (ConfUtils.java:logGet(43)) - raft.server.log.statemachine.data.sync.timeout = 10s (default)
2019-08-29 08:15:44,492 [pool-741-thread-1] INFO  server.RaftServerConfigKeys (ConfUtils.java:logGet(43)) - raft.server.log.statemachine.data.caching.enabled = true (custom)
2019-08-29 08:15:44,492 [pool-752-thread-1] INFO  server.RaftServerConfigKeys (ConfUtils.java:logGet(43)) - raft.server.log.statemachine.data.sync.timeout.retry = -1 (default)
2019-08-29 08:15:44,492 [pool-741-thread-1] INFO  segmented.SegmentedRaftLogWorker (SegmentedRaftLogWorker.java:lambda$new$0(132)) - f4ed06a8-f58e-44fd-bf89-8ea63b8f80d3-SegmentedRaftLogWorker:Storage Directory /workdir/hadoop-ozone/integration-test/target/test-dir/MiniOzoneClusterImpl-249f8078-8fc0-44d6-853a-2b715126e327/datanode-1/data/ratis/64dd66ca-9e53-40df-8d8c-ebc1b9aaea58: flushIndex: setUnconditionally 0 -> -1
2019-08-29 08:15:44,493 [pool-752-thread-1] INFO  server.RaftServerConfigKeys (ConfUtils.java:logGet(43)) - raft.server.log.statemachine.data.caching.enabled = true (custom)
2019-08-29 08:15:44,496 [pool-741-thread-1] INFO  server.RaftServerConfigKeys (ConfUtils.java:logGet(43)) - raft.server.snapshot.auto.trigger.enabled = true (custom)
2019-08-29 08:15:44,496 [pool-741-thread-1] INFO  server.RaftServerConfigKeys (ConfUtils.java:logGet(43)) - raft.server.snapshot.auto.trigger.threshold = 10000 (custom)
2019-08-29 08:15:44,496 [pool-752-thread-1] INFO  segmented.SegmentedRaftLogWorker (SegmentedRaftLogWorker.java:lambda$new$0(132)) - dedae8b3-beea-4d2b-ad20-87a9a0d5bc72-SegmentedRaftLogWorker:Storage Directory /workdir/hadoop-ozone/integration-test/target/test-dir/MiniOzoneClusterImpl-249f8078-8fc0-44d6-853a-2b715126e327/datanode-2/data/ratis/64dd66ca-9e53-40df-8d8c-ebc1b9aaea58: flushIndex: setUnconditionally 0 -> -1
2019-08-29 08:15:44,497 [pool-741-thread-1] INFO  server.RaftServerConfigKeys (ConfUtils.java:logGet(43)) - raft.server.retrycache.expirytime = 600000ms (custom)
2019-08-29 08:15:44,497 [pool-741-thread-1] INFO  impl.RaftServerImpl (RaftServerImpl.java:start(180)) - f4ed06a8-f58e-44fd-bf89-8ea63b8f80d3: start group-EBC1B9AAEA58
2019-08-29 08:15:44,497 [pool-752-thread-1] INFO  server.RaftServerConfigKeys (ConfUtils.java:logGet(43)) - raft.server.snapshot.auto.trigger.enabled = true (custom)
2019-08-29 08:15:44,497 [pool-741-thread-1] INFO  impl.RaftServerImpl (RaftServerImpl.java:setRole(171)) - f4ed06a8-f58e-44fd-bf89-8ea63b8f80d3:group-EBC1B9AAEA58 changes role from null to FOLLOWER at term 0 for startAsFollower
2019-08-29 08:15:44,497 [pool-752-thread-1] INFO  server.RaftServerConfigKeys (ConfUtils.java:logGet(43)) - raft.server.snapshot.auto.trigger.threshold = 10000 (custom)
2019-08-29 08:15:44,497 [pool-741-thread-1] INFO  impl.RoleInfo (RoleInfo.java:updateAndGet(143)) - f4ed06a8-f58e-44fd-bf89-8ea63b8f80d3: start FollowerState
2019-08-29 08:15:44,498 [pool-752-thread-1] INFO  server.RaftServerConfigKeys (ConfUtils.java:logGet(43)) - raft.server.retrycache.expirytime = 600000ms (custom)
2019-08-29 08:15:44,498 [pool-752-thread-1] INFO  impl.RaftServerImpl (RaftServerImpl.java:start(180)) - dedae8b3-beea-4d2b-ad20-87a9a0d5bc72: start group-EBC1B9AAEA58
2019-08-29 08:15:44,498 [pool-741-thread-1] INFO  util.JmxRegister (JmxRegister.java:tryRegister(44)) - Successfully registered JMX Bean with object name Ratis:service=RaftServer,group=group-EBC1B9AAEA58,id=f4ed06a8-f58e-44fd-bf89-8ea63b8f80d3
2019-08-29 08:15:44,498 [pool-752-thread-1] INFO  impl.RaftServerImpl (RaftServerImpl.java:setRole(171)) - dedae8b3-beea-4d2b-ad20-87a9a0d5bc72:group-EBC1B9AAEA58 changes role from null to FOLLOWER at term 0 for startAsFollower
2019-08-29 08:15:44,498 [pool-752-thread-1] INFO  impl.RoleInfo (RoleInfo.java:updateAndGet(143)) - dedae8b3-beea-4d2b-ad20-87a9a0d5bc72: start FollowerState
2019-08-29 08:15:44,499 [pool-752-thread-1] INFO  util.JmxRegister (JmxRegister.java:tryRegister(44)) - Successfully registered JMX Bean with object name Ratis:service=RaftServer,group=group-EBC1B9AAEA58,id=dedae8b3-beea-4d2b-ad20-87a9a0d5bc72
2019-08-29 08:15:44,505 [main] INFO  ozone.MiniOzoneClusterImpl (MiniOzoneClusterImpl.java:lambda$waitForClusterToBeReady$0(142)) - Waiting for cluster to be ready. Got 3 of 7 DN Heartbeats.
2019-08-29 08:15:44,507 [RatisPipelineUtilsThread] INFO  pipeline.PipelineStateManager (PipelineStateManager.java:addPipeline(56)) - Created pipeline Pipeline[ Id: 64dd66ca-9e53-40df-8d8c-ebc1b9aaea58, Nodes: e825e5c3-0d56-4405-b416-b67706fddd99{ip: 192.168.69.111, host: pr-hdds-1569-g9zr9-4145101663, networkLocation: /default-rack, certSerialId: null}f4ed06a8-f58e-44fd-bf89-8ea63b8f80d3{ip: 192.168.69.111, host: pr-hdds-1569-g9zr9-4145101663, networkLocation: /default-rack, certSerialId: null}dedae8b3-beea-4d2b-ad20-87a9a0d5bc72{ip: 192.168.69.111, host: pr-hdds-1569-g9zr9-4145101663, networkLocation: /default-rack, certSerialId: null}, Type:RATIS, Factor:THREE, State:OPEN]
2019-08-29 08:15:44,561 [IPC Server handler 4 on 43155] INFO  net.NetworkTopology (NetworkTopologyImpl.java:add(110)) - Added a new node: /default-rack/0c5fef0d-286d-4de9-83c3-de42cda01f07
2019-08-29 08:15:44,561 [IPC Server handler 4 on 43155] INFO  node.SCMNodeManager (SCMNodeManager.java:register(273)) - Registered Data node : 0c5fef0d-286d-4de9-83c3-de42cda01f07{ip: 192.168.69.111, host: pr-hdds-1569-g9zr9-4145101663, networkLocation: /default-rack, certSerialId: null}
2019-08-29 08:15:44,562 | INFO  | SCMAudit | user=jenkins1000 | ip=192.168.69.111 | op=REGISTER {datanodeDetails=0c5fef0d-286d-4de9-83c3-de42cda01f07{ip: 192.168.69.111, host: pr-hdds-1569-g9zr9-4145101663, networkLocation: /default-rack, certSerialId: null}} | ret=SUCCESS |  
2019-08-29 08:15:44,569 [grpc-default-executor-10] INFO  impl.RaftServerProxy (RaftServerProxy.java:addNew(89)) - 0c5fef0d-286d-4de9-83c3-de42cda01f07: addNew group-E8875026CB13:[0c5fef0d-286d-4de9-83c3-de42cda01f07:192.168.69.111:41350] returns group-E8875026CB13:java.util.concurrent.CompletableFuture@39828cbb[Not completed]
2019-08-29 08:15:44,571 [pool-763-thread-1] INFO  impl.RaftServerImpl (RaftServerImpl.java:<init>(93)) - 0c5fef0d-286d-4de9-83c3-de42cda01f07: new RaftServerImpl for group-E8875026CB13:[0c5fef0d-286d-4de9-83c3-de42cda01f07:192.168.69.111:41350] with ContainerStateMachine:uninitialized
2019-08-29 08:15:44,571 [pool-763-thread-1] INFO  server.RaftServerConfigKeys (ConfUtils.java:logGet(43)) - raft.server.rpc.timeout.min = 5s (custom)
2019-08-29 08:15:44,571 [pool-763-thread-1] INFO  server.RaftServerConfigKeys (ConfUtils.java:logGet(43)) - raft.server.rpc.timeout.max = 5200ms (custom)
2019-08-29 08:15:44,571 [pool-763-thread-1] INFO  server.RaftServerConfigKeys (ConfUtils.java:logGet(43)) - raft.server.rpcslowness.timeout = 120s (custom)
2019-08-29 08:15:44,571 [pool-763-thread-1] INFO  server.RaftServerConfigKeys (ConfUtils.java:logGet(43)) - raft.server.sleep.deviation.threshold = 300 (default)
2019-08-29 08:15:44,571 [pool-763-thread-1] INFO  server.RaftServerConfigKeys (ConfUtils.java:logGet(43)) - raft.server.log.appender.install.snapshot.enabled = false (custom)
2019-08-29 08:15:44,572 [pool-763-thread-1] INFO  impl.RaftServerImpl (ServerState.java:<init>(105)) - 0c5fef0d-286d-4de9-83c3-de42cda01f07:group-E8875026CB13 ConfigurationManager, init=-1: [0c5fef0d-286d-4de9-83c3-de42cda01f07:192.168.69.111:41350], old=null, confs=<EMPTY_MAP>
2019-08-29 08:15:44,572 [pool-763-thread-1] INFO  server.RaftServerConfigKeys (ConfUtils.java:logGet(43)) - raft.server.storage.dir = [/workdir/hadoop-ozone/integration-test/target/test-dir/MiniOzoneClusterImpl-249f8078-8fc0-44d6-853a-2b715126e327/datanode-3/data/ratis] (custom)
2019-08-29 08:15:44,572 [pool-763-thread-1] INFO  storage.RaftStorageDirectory (RaftStorageDirectory.java:analyzeStorage(246)) - The storage directory /workdir/hadoop-ozone/integration-test/target/test-dir/MiniOzoneClusterImpl-249f8078-8fc0-44d6-853a-2b715126e327/datanode-3/data/ratis/79de2cd6-486c-4612-970e-e8875026cb13 does not exist. Creating ...
2019-08-29 08:15:44,592 [pool-763-thread-1] INFO  storage.RaftStorageDirectory (RaftStorageDirectory.java:tryLock(328)) - Lock on /workdir/hadoop-ozone/integration-test/target/test-dir/MiniOzoneClusterImpl-249f8078-8fc0-44d6-853a-2b715126e327/datanode-3/data/ratis/79de2cd6-486c-4612-970e-e8875026cb13/in_use.lock acquired by nodename 17172@pr-hdds-1569-g9zr9-4145101663
2019-08-29 08:15:44,626 [pool-763-thread-1] INFO  storage.RaftStorage (RaftStorage.java:format(72)) - Storage directory /workdir/hadoop-ozone/integration-test/target/test-dir/MiniOzoneClusterImpl-249f8078-8fc0-44d6-853a-2b715126e327/datanode-3/data/ratis/79de2cd6-486c-4612-970e-e8875026cb13 has been successfully formatted.
2019-08-29 08:15:44,626 [pool-763-thread-1] INFO  ratis.ContainerStateMachine (ContainerStateMachine.java:loadSnapshot(226)) - group-E8875026CB13: The snapshot info is null. Setting the last applied indexto:(t:0, i:~)
2019-08-29 08:15:44,626 [pool-763-thread-1] INFO  server.RaftServerConfigKeys (ConfUtils.java:logGet(43)) - raft.server.leader.election.timeout = 120s (custom)
2019-08-29 08:15:44,626 [pool-763-thread-1] INFO  server.RaftServerConfigKeys (ConfUtils.java:logGet(43)) - raft.server.log.use.memory = false (default)
2019-08-29 08:15:44,626 [pool-763-thread-1] INFO  server.RaftServerConfigKeys (ConfUtils.java:logGet(43)) - raft.server.log.purge.gap = 1000000 (custom)
2019-08-29 08:15:44,627 [pool-763-thread-1] INFO  server.RaftServerConfigKeys (ConfUtils.java:logGet(43)) - raft.server.log.appender.buffer.byte-limit = 33554432 (custom)
2019-08-29 08:15:44,627 [pool-763-thread-1] INFO  server.RaftServerConfigKeys (ConfUtils.java:logGet(43)) - raft.server.log.segment.size.max = 1048576 (custom)
2019-08-29 08:15:44,627 [pool-763-thread-1] INFO  server.RaftServerConfigKeys (ConfUtils.java:logGet(43)) - raft.server.log.segment.cache.num.max = 2 (custom)
2019-08-29 08:15:44,627 [pool-763-thread-1] INFO  segmented.SegmentedRaftLogWorker (SegmentedRaftLogWorker.java:<init>(172)) - new 0c5fef0d-286d-4de9-83c3-de42cda01f07-SegmentedRaftLogWorker:Storage Directory /workdir/hadoop-ozone/integration-test/target/test-dir/MiniOzoneClusterImpl-249f8078-8fc0-44d6-853a-2b715126e327/datanode-3/data/ratis/79de2cd6-486c-4612-970e-e8875026cb13 for RaftStorage:Storage Directory /workdir/hadoop-ozone/integration-test/target/test-dir/MiniOzoneClusterImpl-249f8078-8fc0-44d6-853a-2b715126e327/datanode-3/data/ratis/79de2cd6-486c-4612-970e-e8875026cb13
2019-08-29 08:15:44,627 [pool-763-thread-1] INFO  server.RaftServerConfigKeys (ConfUtils.java:logGet(43)) - raft.server.log.queue.byte-limit = 2147483647 (custom)
2019-08-29 08:15:44,627 [pool-763-thread-1] INFO  server.RaftServerConfigKeys (ConfUtils.java:logGet(43)) - raft.server.log.queue.element-limit = 1024 (custom)
2019-08-29 08:15:44,627 [pool-763-thread-1] INFO  server.RaftServerConfigKeys (ConfUtils.java:logGet(43)) - raft.server.log.segment.size.max = 1048576 (custom)
2019-08-29 08:15:44,627 [pool-763-thread-1] INFO  server.RaftServerConfigKeys (ConfUtils.java:logGet(43)) - raft.server.log.preallocated.size = 16384 (custom)
2019-08-29 08:15:44,628 [pool-763-thread-1] INFO  server.RaftServerConfigKeys (ConfUtils.java:logGet(43)) - raft.server.log.write.buffer.size = 33554432 (custom)
2019-08-29 08:15:44,628 [pool-763-thread-1] INFO  server.RaftServerConfigKeys (ConfUtils.java:logGet(43)) - raft.server.log.force.sync.num = 128 (default)
2019-08-29 08:15:44,628 [pool-763-thread-1] INFO  server.RaftServerConfigKeys (ConfUtils.java:logGet(43)) - raft.server.log.statemachine.data.sync = true (default)
2019-08-29 08:15:44,628 [pool-763-thread-1] INFO  server.RaftServerConfigKeys (ConfUtils.java:logGet(43)) - raft.server.log.statemachine.data.sync.timeout = 10s (default)
2019-08-29 08:15:44,628 [pool-763-thread-1] INFO  server.RaftServerConfigKeys (ConfUtils.java:logGet(43)) - raft.server.log.statemachine.data.sync.timeout.retry = -1 (default)
2019-08-29 08:15:44,628 [pool-763-thread-1] INFO  server.RaftServerConfigKeys (ConfUtils.java:logGet(43)) - raft.server.log.statemachine.data.caching.enabled = true (custom)
2019-08-29 08:15:44,628 [pool-763-thread-1] INFO  segmented.SegmentedRaftLogWorker (SegmentedRaftLogWorker.java:lambda$new$0(132)) - 0c5fef0d-286d-4de9-83c3-de42cda01f07-SegmentedRaftLogWorker:Storage Directory /workdir/hadoop-ozone/integration-test/target/test-dir/MiniOzoneClusterImpl-249f8078-8fc0-44d6-853a-2b715126e327/datanode-3/data/ratis/79de2cd6-486c-4612-970e-e8875026cb13: flushIndex: setUnconditionally 0 -> -1
2019-08-29 08:15:44,629 [pool-763-thread-1] INFO  server.RaftServerConfigKeys (ConfUtils.java:logGet(43)) - raft.server.snapshot.auto.trigger.enabled = true (custom)
2019-08-29 08:15:44,629 [pool-763-thread-1] INFO  server.RaftServerConfigKeys (ConfUtils.java:logGet(43)) - raft.server.snapshot.auto.trigger.threshold = 10000 (custom)
2019-08-29 08:15:44,629 [pool-763-thread-1] INFO  server.RaftServerConfigKeys (ConfUtils.java:logGet(43)) - raft.server.retrycache.expirytime = 600000ms (custom)
2019-08-29 08:15:44,629 [pool-763-thread-1] INFO  impl.RaftServerImpl (RaftServerImpl.java:start(180)) - 0c5fef0d-286d-4de9-83c3-de42cda01f07: start group-E8875026CB13
2019-08-29 08:15:44,629 [pool-763-thread-1] INFO  impl.RaftServerImpl (RaftServerImpl.java:setRole(171)) - 0c5fef0d-286d-4de9-83c3-de42cda01f07:group-E8875026CB13 changes role from null to FOLLOWER at term 0 for startAsFollower
2019-08-29 08:15:44,629 [pool-763-thread-1] INFO  impl.RoleInfo (RoleInfo.java:updateAndGet(143)) - 0c5fef0d-286d-4de9-83c3-de42cda01f07: start FollowerState
2019-08-29 08:15:44,630 [pool-763-thread-1] INFO  util.JmxRegister (JmxRegister.java:tryRegister(44)) - Successfully registered JMX Bean with object name Ratis:service=RaftServer,group=group-E8875026CB13,id=0c5fef0d-286d-4de9-83c3-de42cda01f07
2019-08-29 08:15:44,634 [RatisPipelineUtilsThread] INFO  pipeline.PipelineStateManager (PipelineStateManager.java:addPipeline(56)) - Created pipeline Pipeline[ Id: 79de2cd6-486c-4612-970e-e8875026cb13, Nodes: 0c5fef0d-286d-4de9-83c3-de42cda01f07{ip: 192.168.69.111, host: pr-hdds-1569-g9zr9-4145101663, networkLocation: /default-rack, certSerialId: null}, Type:RATIS, Factor:ONE, State:OPEN]
2019-08-29 08:15:44,747 [IPC Server handler 6 on 43155] INFO  net.NetworkTopology (NetworkTopologyImpl.java:add(110)) - Added a new node: /default-rack/dd9e2fbb-74e8-4002-a44e-6ed6076d3ed9
2019-08-29 08:15:44,747 [IPC Server handler 6 on 43155] INFO  node.SCMNodeManager (SCMNodeManager.java:register(273)) - Registered Data node : dd9e2fbb-74e8-4002-a44e-6ed6076d3ed9{ip: 192.168.69.111, host: pr-hdds-1569-g9zr9-4145101663, networkLocation: /default-rack, certSerialId: null}
2019-08-29 08:15:44,747 | INFO  | SCMAudit | user=jenkins1000 | ip=192.168.69.111 | op=REGISTER {datanodeDetails=dd9e2fbb-74e8-4002-a44e-6ed6076d3ed9{ip: 192.168.69.111, host: pr-hdds-1569-g9zr9-4145101663, networkLocation: /default-rack, certSerialId: null}} | ret=SUCCESS |  
2019-08-29 08:15:44,753 [grpc-default-executor-10] INFO  impl.RaftServerProxy (RaftServerProxy.java:addNew(89)) - dd9e2fbb-74e8-4002-a44e-6ed6076d3ed9: addNew group-DE3FC5830E49:[dd9e2fbb-74e8-4002-a44e-6ed6076d3ed9:192.168.69.111:39702] returns group-DE3FC5830E49:java.util.concurrent.CompletableFuture@f4cf060[Not completed]
2019-08-29 08:15:44,755 [pool-774-thread-1] INFO  impl.RaftServerImpl (RaftServerImpl.java:<init>(93)) - dd9e2fbb-74e8-4002-a44e-6ed6076d3ed9: new RaftServerImpl for group-DE3FC5830E49:[dd9e2fbb-74e8-4002-a44e-6ed6076d3ed9:192.168.69.111:39702] with ContainerStateMachine:uninitialized
2019-08-29 08:15:44,755 [pool-774-thread-1] INFO  server.RaftServerConfigKeys (ConfUtils.java:logGet(43)) - raft.server.rpc.timeout.min = 5s (custom)
2019-08-29 08:15:44,755 [pool-774-thread-1] INFO  server.RaftServerConfigKeys (ConfUtils.java:logGet(43)) - raft.server.rpc.timeout.max = 5200ms (custom)
2019-08-29 08:15:44,756 [pool-774-thread-1] INFO  server.RaftServerConfigKeys (ConfUtils.java:logGet(43)) - raft.server.rpcslowness.timeout = 120s (custom)
2019-08-29 08:15:44,756 [pool-774-thread-1] INFO  server.RaftServerConfigKeys (ConfUtils.java:logGet(43)) - raft.server.sleep.deviation.threshold = 300 (default)
2019-08-29 08:15:44,756 [pool-774-thread-1] INFO  server.RaftServerConfigKeys (ConfUtils.java:logGet(43)) - raft.server.log.appender.install.snapshot.enabled = false (custom)
2019-08-29 08:15:44,756 [pool-774-thread-1] INFO  impl.RaftServerImpl (ServerState.java:<init>(105)) - dd9e2fbb-74e8-4002-a44e-6ed6076d3ed9:group-DE3FC5830E49 ConfigurationManager, init=-1: [dd9e2fbb-74e8-4002-a44e-6ed6076d3ed9:192.168.69.111:39702], old=null, confs=<EMPTY_MAP>
2019-08-29 08:15:44,756 [pool-774-thread-1] INFO  server.RaftServerConfigKeys (ConfUtils.java:logGet(43)) - raft.server.storage.dir = [/workdir/hadoop-ozone/integration-test/target/test-dir/MiniOzoneClusterImpl-249f8078-8fc0-44d6-853a-2b715126e327/datanode-4/data/ratis] (custom)
2019-08-29 08:15:44,757 [pool-774-thread-1] INFO  storage.RaftStorageDirectory (RaftStorageDirectory.java:analyzeStorage(246)) - The storage directory /workdir/hadoop-ozone/integration-test/target/test-dir/MiniOzoneClusterImpl-249f8078-8fc0-44d6-853a-2b715126e327/datanode-4/data/ratis/d2cf43b4-cd24-4841-a085-de3fc5830e49 does not exist. Creating ...
2019-08-29 08:15:44,810 [pool-774-thread-1] INFO  storage.RaftStorageDirectory (RaftStorageDirectory.java:tryLock(328)) - Lock on /workdir/hadoop-ozone/integration-test/target/test-dir/MiniOzoneClusterImpl-249f8078-8fc0-44d6-853a-2b715126e327/datanode-4/data/ratis/d2cf43b4-cd24-4841-a085-de3fc5830e49/in_use.lock acquired by nodename 17172@pr-hdds-1569-g9zr9-4145101663
2019-08-29 08:15:44,827 [pool-774-thread-1] INFO  storage.RaftStorage (RaftStorage.java:format(72)) - Storage directory /workdir/hadoop-ozone/integration-test/target/test-dir/MiniOzoneClusterImpl-249f8078-8fc0-44d6-853a-2b715126e327/datanode-4/data/ratis/d2cf43b4-cd24-4841-a085-de3fc5830e49 has been successfully formatted.
2019-08-29 08:15:44,827 [pool-774-thread-1] INFO  ratis.ContainerStateMachine (ContainerStateMachine.java:loadSnapshot(226)) - group-DE3FC5830E49: The snapshot info is null. Setting the last applied indexto:(t:0, i:~)
2019-08-29 08:15:44,828 [pool-774-thread-1] INFO  server.RaftServerConfigKeys (ConfUtils.java:logGet(43)) - raft.server.leader.election.timeout = 120s (custom)
2019-08-29 08:15:44,828 [pool-774-thread-1] INFO  server.RaftServerConfigKeys (ConfUtils.java:logGet(43)) - raft.server.log.use.memory = false (default)
2019-08-29 08:15:44,828 [pool-774-thread-1] INFO  server.RaftServerConfigKeys (ConfUtils.java:logGet(43)) - raft.server.log.purge.gap = 1000000 (custom)
2019-08-29 08:15:44,828 [pool-774-thread-1] INFO  server.RaftServerConfigKeys (ConfUtils.java:logGet(43)) - raft.server.log.appender.buffer.byte-limit = 33554432 (custom)
2019-08-29 08:15:44,829 [pool-774-thread-1] INFO  server.RaftServerConfigKeys (ConfUtils.java:logGet(43)) - raft.server.log.segment.size.max = 1048576 (custom)
2019-08-29 08:15:44,829 [pool-774-thread-1] INFO  server.RaftServerConfigKeys (ConfUtils.java:logGet(43)) - raft.server.log.segment.cache.num.max = 2 (custom)
2019-08-29 08:15:44,829 [pool-774-thread-1] INFO  segmented.SegmentedRaftLogWorker (SegmentedRaftLogWorker.java:<init>(172)) - new dd9e2fbb-74e8-4002-a44e-6ed6076d3ed9-SegmentedRaftLogWorker:Storage Directory /workdir/hadoop-ozone/integration-test/target/test-dir/MiniOzoneClusterImpl-249f8078-8fc0-44d6-853a-2b715126e327/datanode-4/data/ratis/d2cf43b4-cd24-4841-a085-de3fc5830e49 for RaftStorage:Storage Directory /workdir/hadoop-ozone/integration-test/target/test-dir/MiniOzoneClusterImpl-249f8078-8fc0-44d6-853a-2b715126e327/datanode-4/data/ratis/d2cf43b4-cd24-4841-a085-de3fc5830e49
2019-08-29 08:15:44,829 [pool-774-thread-1] INFO  server.RaftServerConfigKeys (ConfUtils.java:logGet(43)) - raft.server.log.queue.byte-limit = 2147483647 (custom)
2019-08-29 08:15:44,829 [pool-774-thread-1] INFO  server.RaftServerConfigKeys (ConfUtils.java:logGet(43)) - raft.server.log.queue.element-limit = 1024 (custom)
2019-08-29 08:15:44,830 [pool-774-thread-1] INFO  server.RaftServerConfigKeys (ConfUtils.java:logGet(43)) - raft.server.log.segment.size.max = 1048576 (custom)
2019-08-29 08:15:44,830 [pool-774-thread-1] INFO  server.RaftServerConfigKeys (ConfUtils.java:logGet(43)) - raft.server.log.preallocated.size = 16384 (custom)
2019-08-29 08:15:44,830 [pool-774-thread-1] INFO  server.RaftServerConfigKeys (ConfUtils.java:logGet(43)) - raft.server.log.write.buffer.size = 33554432 (custom)
2019-08-29 08:15:44,831 [pool-774-thread-1] INFO  server.RaftServerConfigKeys (ConfUtils.java:logGet(43)) - raft.server.log.force.sync.num = 128 (default)
2019-08-29 08:15:44,831 [pool-774-thread-1] INFO  server.RaftServerConfigKeys (ConfUtils.java:logGet(43)) - raft.server.log.statemachine.data.sync = true (default)
2019-08-29 08:15:44,831 [pool-774-thread-1] INFO  server.RaftServerConfigKeys (ConfUtils.java:logGet(43)) - raft.server.log.statemachine.data.sync.timeout = 10s (default)
2019-08-29 08:15:44,831 [pool-774-thread-1] INFO  server.RaftServerConfigKeys (ConfUtils.java:logGet(43)) - raft.server.log.statemachine.data.sync.timeout.retry = -1 (default)
2019-08-29 08:15:44,832 [pool-774-thread-1] INFO  server.RaftServerConfigKeys (ConfUtils.java:logGet(43)) - raft.server.log.statemachine.data.caching.enabled = true (custom)
2019-08-29 08:15:44,832 [pool-774-thread-1] INFO  segmented.SegmentedRaftLogWorker (SegmentedRaftLogWorker.java:lambda$new$0(132)) - dd9e2fbb-74e8-4002-a44e-6ed6076d3ed9-SegmentedRaftLogWorker:Storage Directory /workdir/hadoop-ozone/integration-test/target/test-dir/MiniOzoneClusterImpl-249f8078-8fc0-44d6-853a-2b715126e327/datanode-4/data/ratis/d2cf43b4-cd24-4841-a085-de3fc5830e49: flushIndex: setUnconditionally 0 -> -1
2019-08-29 08:15:44,833 [pool-774-thread-1] INFO  server.RaftServerConfigKeys (ConfUtils.java:logGet(43)) - raft.server.snapshot.auto.trigger.enabled = true (custom)
2019-08-29 08:15:44,833 [pool-774-thread-1] INFO  server.RaftServerConfigKeys (ConfUtils.java:logGet(43)) - raft.server.snapshot.auto.trigger.threshold = 10000 (custom)
2019-08-29 08:15:44,833 [pool-774-thread-1] INFO  server.RaftServerConfigKeys (ConfUtils.java:logGet(43)) - raft.server.retrycache.expirytime = 600000ms (custom)
2019-08-29 08:15:44,833 [pool-774-thread-1] INFO  impl.RaftServerImpl (RaftServerImpl.java:start(180)) - dd9e2fbb-74e8-4002-a44e-6ed6076d3ed9: start group-DE3FC5830E49
2019-08-29 08:15:44,834 [pool-774-thread-1] INFO  impl.RaftServerImpl (RaftServerImpl.java:setRole(171)) - dd9e2fbb-74e8-4002-a44e-6ed6076d3ed9:group-DE3FC5830E49 changes role from null to FOLLOWER at term 0 for startAsFollower
2019-08-29 08:15:44,834 [pool-774-thread-1] INFO  impl.RoleInfo (RoleInfo.java:updateAndGet(143)) - dd9e2fbb-74e8-4002-a44e-6ed6076d3ed9: start FollowerState
2019-08-29 08:15:44,834 [pool-774-thread-1] INFO  util.JmxRegister (JmxRegister.java:tryRegister(44)) - Successfully registered JMX Bean with object name Ratis:service=RaftServer,group=group-DE3FC5830E49,id=dd9e2fbb-74e8-4002-a44e-6ed6076d3ed9
2019-08-29 08:15:44,839 [RatisPipelineUtilsThread] INFO  pipeline.PipelineStateManager (PipelineStateManager.java:addPipeline(56)) - Created pipeline Pipeline[ Id: d2cf43b4-cd24-4841-a085-de3fc5830e49, Nodes: dd9e2fbb-74e8-4002-a44e-6ed6076d3ed9{ip: 192.168.69.111, host: pr-hdds-1569-g9zr9-4145101663, networkLocation: /default-rack, certSerialId: null}, Type:RATIS, Factor:ONE, State:OPEN]
2019-08-29 08:15:45,280 [IPC Server handler 1 on 43155] INFO  net.NetworkTopology (NetworkTopologyImpl.java:add(110)) - Added a new node: /default-rack/0dd33b76-ae44-43ed-8830-1aa8976f734b
2019-08-29 08:15:45,280 [IPC Server handler 1 on 43155] INFO  node.SCMNodeManager (SCMNodeManager.java:register(273)) - Registered Data node : 0dd33b76-ae44-43ed-8830-1aa8976f734b{ip: 192.168.69.111, host: pr-hdds-1569-g9zr9-4145101663, networkLocation: /default-rack, certSerialId: null}
2019-08-29 08:15:45,280 | INFO  | SCMAudit | user=jenkins1000 | ip=192.168.69.111 | op=REGISTER {datanodeDetails=0dd33b76-ae44-43ed-8830-1aa8976f734b{ip: 192.168.69.111, host: pr-hdds-1569-g9zr9-4145101663, networkLocation: /default-rack, certSerialId: null}} | ret=SUCCESS |  
2019-08-29 08:15:45,287 [grpc-default-executor-10] INFO  impl.RaftServerProxy (RaftServerProxy.java:addNew(89)) - 0dd33b76-ae44-43ed-8830-1aa8976f734b: addNew group-FA56F51BF22E:[0dd33b76-ae44-43ed-8830-1aa8976f734b:192.168.69.111:39133] returns group-FA56F51BF22E:java.util.concurrent.CompletableFuture@4adc8679[Not completed]
2019-08-29 08:15:45,289 [pool-785-thread-1] INFO  impl.RaftServerImpl (RaftServerImpl.java:<init>(93)) - 0dd33b76-ae44-43ed-8830-1aa8976f734b: new RaftServerImpl for group-FA56F51BF22E:[0dd33b76-ae44-43ed-8830-1aa8976f734b:192.168.69.111:39133] with ContainerStateMachine:uninitialized
2019-08-29 08:15:45,289 [pool-785-thread-1] INFO  server.RaftServerConfigKeys (ConfUtils.java:logGet(43)) - raft.server.rpc.timeout.min = 5s (custom)
2019-08-29 08:15:45,289 [pool-785-thread-1] INFO  server.RaftServerConfigKeys (ConfUtils.java:logGet(43)) - raft.server.rpc.timeout.max = 5200ms (custom)
2019-08-29 08:15:45,289 [pool-785-thread-1] INFO  server.RaftServerConfigKeys (ConfUtils.java:logGet(43)) - raft.server.rpcslowness.timeout = 120s (custom)
2019-08-29 08:15:45,289 [pool-785-thread-1] INFO  server.RaftServerConfigKeys (ConfUtils.java:logGet(43)) - raft.server.sleep.deviation.threshold = 300 (default)
2019-08-29 08:15:45,289 [pool-785-thread-1] INFO  server.RaftServerConfigKeys (ConfUtils.java:logGet(43)) - raft.server.log.appender.install.snapshot.enabled = false (custom)
2019-08-29 08:15:45,289 [pool-785-thread-1] INFO  impl.RaftServerImpl (ServerState.java:<init>(105)) - 0dd33b76-ae44-43ed-8830-1aa8976f734b:group-FA56F51BF22E ConfigurationManager, init=-1: [0dd33b76-ae44-43ed-8830-1aa8976f734b:192.168.69.111:39133], old=null, confs=<EMPTY_MAP>
2019-08-29 08:15:45,290 [pool-785-thread-1] INFO  server.RaftServerConfigKeys (ConfUtils.java:logGet(43)) - raft.server.storage.dir = [/workdir/hadoop-ozone/integration-test/target/test-dir/MiniOzoneClusterImpl-249f8078-8fc0-44d6-853a-2b715126e327/datanode-5/data/ratis] (custom)
2019-08-29 08:15:45,290 [pool-785-thread-1] INFO  storage.RaftStorageDirectory (RaftStorageDirectory.java:analyzeStorage(246)) - The storage directory /workdir/hadoop-ozone/integration-test/target/test-dir/MiniOzoneClusterImpl-249f8078-8fc0-44d6-853a-2b715126e327/datanode-5/data/ratis/4e46ac92-cb9e-4522-8875-fa56f51bf22e does not exist. Creating ...
2019-08-29 08:15:45,361 [pool-785-thread-1] INFO  storage.RaftStorageDirectory (RaftStorageDirectory.java:tryLock(328)) - Lock on /workdir/hadoop-ozone/integration-test/target/test-dir/MiniOzoneClusterImpl-249f8078-8fc0-44d6-853a-2b715126e327/datanode-5/data/ratis/4e46ac92-cb9e-4522-8875-fa56f51bf22e/in_use.lock acquired by nodename 17172@pr-hdds-1569-g9zr9-4145101663
2019-08-29 08:15:45,378 [pool-785-thread-1] INFO  storage.RaftStorage (RaftStorage.java:format(72)) - Storage directory /workdir/hadoop-ozone/integration-test/target/test-dir/MiniOzoneClusterImpl-249f8078-8fc0-44d6-853a-2b715126e327/datanode-5/data/ratis/4e46ac92-cb9e-4522-8875-fa56f51bf22e has been successfully formatted.
2019-08-29 08:15:45,379 [pool-785-thread-1] INFO  ratis.ContainerStateMachine (ContainerStateMachine.java:loadSnapshot(226)) - group-FA56F51BF22E: The snapshot info is null. Setting the last applied indexto:(t:0, i:~)
2019-08-29 08:15:45,379 [pool-785-thread-1] INFO  server.RaftServerConfigKeys (ConfUtils.java:logGet(43)) - raft.server.leader.election.timeout = 120s (custom)
2019-08-29 08:15:45,379 [pool-785-thread-1] INFO  server.RaftServerConfigKeys (ConfUtils.java:logGet(43)) - raft.server.log.use.memory = false (default)
2019-08-29 08:15:45,379 [pool-785-thread-1] INFO  server.RaftServerConfigKeys (ConfUtils.java:logGet(43)) - raft.server.log.purge.gap = 1000000 (custom)
2019-08-29 08:15:45,380 [pool-785-thread-1] INFO  server.RaftServerConfigKeys (ConfUtils.java:logGet(43)) - raft.server.log.appender.buffer.byte-limit = 33554432 (custom)
2019-08-29 08:15:45,380 [pool-785-thread-1] INFO  server.RaftServerConfigKeys (ConfUtils.java:logGet(43)) - raft.server.log.segment.size.max = 1048576 (custom)
2019-08-29 08:15:45,380 [pool-785-thread-1] INFO  server.RaftServerConfigKeys (ConfUtils.java:logGet(43)) - raft.server.log.segment.cache.num.max = 2 (custom)
2019-08-29 08:15:45,380 [pool-785-thread-1] INFO  segmented.SegmentedRaftLogWorker (SegmentedRaftLogWorker.java:<init>(172)) - new 0dd33b76-ae44-43ed-8830-1aa8976f734b-SegmentedRaftLogWorker:Storage Directory /workdir/hadoop-ozone/integration-test/target/test-dir/MiniOzoneClusterImpl-249f8078-8fc0-44d6-853a-2b715126e327/datanode-5/data/ratis/4e46ac92-cb9e-4522-8875-fa56f51bf22e for RaftStorage:Storage Directory /workdir/hadoop-ozone/integration-test/target/test-dir/MiniOzoneClusterImpl-249f8078-8fc0-44d6-853a-2b715126e327/datanode-5/data/ratis/4e46ac92-cb9e-4522-8875-fa56f51bf22e
2019-08-29 08:15:45,380 [pool-785-thread-1] INFO  server.RaftServerConfigKeys (ConfUtils.java:logGet(43)) - raft.server.log.queue.byte-limit = 2147483647 (custom)
2019-08-29 08:15:45,381 [pool-785-thread-1] INFO  server.RaftServerConfigKeys (ConfUtils.java:logGet(43)) - raft.server.log.queue.element-limit = 1024 (custom)
2019-08-29 08:15:45,381 [pool-785-thread-1] INFO  server.RaftServerConfigKeys (ConfUtils.java:logGet(43)) - raft.server.log.segment.size.max = 1048576 (custom)
2019-08-29 08:15:45,381 [pool-785-thread-1] INFO  server.RaftServerConfigKeys (ConfUtils.java:logGet(43)) - raft.server.log.preallocated.size = 16384 (custom)
2019-08-29 08:15:45,381 [pool-785-thread-1] INFO  server.RaftServerConfigKeys (ConfUtils.java:logGet(43)) - raft.server.log.write.buffer.size = 33554432 (custom)
2019-08-29 08:15:45,381 [pool-785-thread-1] INFO  server.RaftServerConfigKeys (ConfUtils.java:logGet(43)) - raft.server.log.force.sync.num = 128 (default)
2019-08-29 08:15:45,382 [pool-785-thread-1] INFO  server.RaftServerConfigKeys (ConfUtils.java:logGet(43)) - raft.server.log.statemachine.data.sync = true (default)
2019-08-29 08:15:45,382 [pool-785-thread-1] INFO  server.RaftServerConfigKeys (ConfUtils.java:logGet(43)) - raft.server.log.statemachine.data.sync.timeout = 10s (default)
2019-08-29 08:15:45,382 [pool-785-thread-1] INFO  server.RaftServerConfigKeys (ConfUtils.java:logGet(43)) - raft.server.log.statemachine.data.sync.timeout.retry = -1 (default)
2019-08-29 08:15:45,382 [pool-785-thread-1] INFO  server.RaftServerConfigKeys (ConfUtils.java:logGet(43)) - raft.server.log.statemachine.data.caching.enabled = true (custom)
2019-08-29 08:15:45,383 [pool-785-thread-1] INFO  segmented.SegmentedRaftLogWorker (SegmentedRaftLogWorker.java:lambda$new$0(132)) - 0dd33b76-ae44-43ed-8830-1aa8976f734b-SegmentedRaftLogWorker:Storage Directory /workdir/hadoop-ozone/integration-test/target/test-dir/MiniOzoneClusterImpl-249f8078-8fc0-44d6-853a-2b715126e327/datanode-5/data/ratis/4e46ac92-cb9e-4522-8875-fa56f51bf22e: flushIndex: setUnconditionally 0 -> -1
2019-08-29 08:15:45,383 [pool-785-thread-1] INFO  server.RaftServerConfigKeys (ConfUtils.java:logGet(43)) - raft.server.snapshot.auto.trigger.enabled = true (custom)
2019-08-29 08:15:45,383 [pool-785-thread-1] INFO  server.RaftServerConfigKeys (ConfUtils.java:logGet(43)) - raft.server.snapshot.auto.trigger.threshold = 10000 (custom)
2019-08-29 08:15:45,384 [pool-785-thread-1] INFO  server.RaftServerConfigKeys (ConfUtils.java:logGet(43)) - raft.server.retrycache.expirytime = 600000ms (custom)
2019-08-29 08:15:45,384 [pool-785-thread-1] INFO  impl.RaftServerImpl (RaftServerImpl.java:start(180)) - 0dd33b76-ae44-43ed-8830-1aa8976f734b: start group-FA56F51BF22E
2019-08-29 08:15:45,384 [pool-785-thread-1] INFO  impl.RaftServerImpl (RaftServerImpl.java:setRole(171)) - 0dd33b76-ae44-43ed-8830-1aa8976f734b:group-FA56F51BF22E changes role from null to FOLLOWER at term 0 for startAsFollower
2019-08-29 08:15:45,384 [pool-785-thread-1] INFO  impl.RoleInfo (RoleInfo.java:updateAndGet(143)) - 0dd33b76-ae44-43ed-8830-1aa8976f734b: start FollowerState
2019-08-29 08:15:45,384 [pool-785-thread-1] INFO  util.JmxRegister (JmxRegister.java:tryRegister(44)) - Successfully registered JMX Bean with object name Ratis:service=RaftServer,group=group-FA56F51BF22E,id=0dd33b76-ae44-43ed-8830-1aa8976f734b
2019-08-29 08:15:45,390 [RatisPipelineUtilsThread] INFO  pipeline.PipelineStateManager (PipelineStateManager.java:addPipeline(56)) - Created pipeline Pipeline[ Id: 4e46ac92-cb9e-4522-8875-fa56f51bf22e, Nodes: 0dd33b76-ae44-43ed-8830-1aa8976f734b{ip: 192.168.69.111, host: pr-hdds-1569-g9zr9-4145101663, networkLocation: /default-rack, certSerialId: null}, Type:RATIS, Factor:ONE, State:OPEN]
2019-08-29 08:15:45,412 [grpc-default-executor-9] INFO  impl.RaftServerProxy (RaftServerProxy.java:addNew(89)) - dd9e2fbb-74e8-4002-a44e-6ed6076d3ed9: addNew group-7A16FAC25C82:[0c5fef0d-286d-4de9-83c3-de42cda01f07:192.168.69.111:41350, 0dd33b76-ae44-43ed-8830-1aa8976f734b:192.168.69.111:39133, dd9e2fbb-74e8-4002-a44e-6ed6076d3ed9:192.168.69.111:39702] returns group-7A16FAC25C82:java.util.concurrent.CompletableFuture@5392dadd[Not completed]
2019-08-29 08:15:45,412 [grpc-default-executor-10] INFO  impl.RaftServerProxy (RaftServerProxy.java:addNew(89)) - 0dd33b76-ae44-43ed-8830-1aa8976f734b: addNew group-7A16FAC25C82:[0c5fef0d-286d-4de9-83c3-de42cda01f07:192.168.69.111:41350, 0dd33b76-ae44-43ed-8830-1aa8976f734b:192.168.69.111:39133, dd9e2fbb-74e8-4002-a44e-6ed6076d3ed9:192.168.69.111:39702] returns group-7A16FAC25C82:java.util.concurrent.CompletableFuture@17a7cd05[Not completed]
2019-08-29 08:15:45,412 [grpc-default-executor-11] INFO  impl.RaftServerProxy (RaftServerProxy.java:addNew(89)) - 0c5fef0d-286d-4de9-83c3-de42cda01f07: addNew group-7A16FAC25C82:[0c5fef0d-286d-4de9-83c3-de42cda01f07:192.168.69.111:41350, 0dd33b76-ae44-43ed-8830-1aa8976f734b:192.168.69.111:39133, dd9e2fbb-74e8-4002-a44e-6ed6076d3ed9:192.168.69.111:39702] returns group-7A16FAC25C82:java.util.concurrent.CompletableFuture@5d18f17e[Not completed]
2019-08-29 08:15:45,413 [pool-774-thread-1] INFO  impl.RaftServerImpl (RaftServerImpl.java:<init>(93)) - dd9e2fbb-74e8-4002-a44e-6ed6076d3ed9: new RaftServerImpl for group-7A16FAC25C82:[0c5fef0d-286d-4de9-83c3-de42cda01f07:192.168.69.111:41350, 0dd33b76-ae44-43ed-8830-1aa8976f734b:192.168.69.111:39133, dd9e2fbb-74e8-4002-a44e-6ed6076d3ed9:192.168.69.111:39702] with ContainerStateMachine:uninitialized
2019-08-29 08:15:45,413 [pool-774-thread-1] INFO  server.RaftServerConfigKeys (ConfUtils.java:logGet(43)) - raft.server.rpc.timeout.min = 5s (custom)
2019-08-29 08:15:45,413 [pool-774-thread-1] INFO  server.RaftServerConfigKeys (ConfUtils.java:logGet(43)) - raft.server.rpc.timeout.max = 5200ms (custom)
2019-08-29 08:15:45,413 [pool-763-thread-1] INFO  impl.RaftServerImpl (RaftServerImpl.java:<init>(93)) - 0c5fef0d-286d-4de9-83c3-de42cda01f07: new RaftServerImpl for group-7A16FAC25C82:[0c5fef0d-286d-4de9-83c3-de42cda01f07:192.168.69.111:41350, 0dd33b76-ae44-43ed-8830-1aa8976f734b:192.168.69.111:39133, dd9e2fbb-74e8-4002-a44e-6ed6076d3ed9:192.168.69.111:39702] with ContainerStateMachine:uninitialized
2019-08-29 08:15:45,413 [pool-774-thread-1] INFO  server.RaftServerConfigKeys (ConfUtils.java:logGet(43)) - raft.server.rpcslowness.timeout = 120s (custom)
2019-08-29 08:15:45,413 [pool-763-thread-1] INFO  server.RaftServerConfigKeys (ConfUtils.java:logGet(43)) - raft.server.rpc.timeout.min = 5s (custom)
2019-08-29 08:15:45,413 [pool-774-thread-1] INFO  server.RaftServerConfigKeys (ConfUtils.java:logGet(43)) - raft.server.sleep.deviation.threshold = 300 (default)
2019-08-29 08:15:45,414 [pool-763-thread-1] INFO  server.RaftServerConfigKeys (ConfUtils.java:logGet(43)) - raft.server.rpc.timeout.max = 5200ms (custom)
2019-08-29 08:15:45,414 [pool-774-thread-1] INFO  server.RaftServerConfigKeys (ConfUtils.java:logGet(43)) - raft.server.log.appender.install.snapshot.enabled = false (custom)
2019-08-29 08:15:45,414 [pool-763-thread-1] INFO  server.RaftServerConfigKeys (ConfUtils.java:logGet(43)) - raft.server.rpcslowness.timeout = 120s (custom)
2019-08-29 08:15:45,414 [pool-774-thread-1] INFO  impl.RaftServerImpl (ServerState.java:<init>(105)) - dd9e2fbb-74e8-4002-a44e-6ed6076d3ed9:group-7A16FAC25C82 ConfigurationManager, init=-1: [0c5fef0d-286d-4de9-83c3-de42cda01f07:192.168.69.111:41350, 0dd33b76-ae44-43ed-8830-1aa8976f734b:192.168.69.111:39133, dd9e2fbb-74e8-4002-a44e-6ed6076d3ed9:192.168.69.111:39702], old=null, confs=<EMPTY_MAP>
2019-08-29 08:15:45,414 [pool-763-thread-1] INFO  server.RaftServerConfigKeys (ConfUtils.java:logGet(43)) - raft.server.sleep.deviation.threshold = 300 (default)
2019-08-29 08:15:45,414 [pool-774-thread-1] INFO  server.RaftServerConfigKeys (ConfUtils.java:logGet(43)) - raft.server.storage.dir = [/workdir/hadoop-ozone/integration-test/target/test-dir/MiniOzoneClusterImpl-249f8078-8fc0-44d6-853a-2b715126e327/datanode-4/data/ratis] (custom)
2019-08-29 08:15:45,414 [pool-763-thread-1] INFO  server.RaftServerConfigKeys (ConfUtils.java:logGet(43)) - raft.server.log.appender.install.snapshot.enabled = false (custom)
2019-08-29 08:15:45,414 [pool-785-thread-1] INFO  impl.RaftServerImpl (RaftServerImpl.java:<init>(93)) - 0dd33b76-ae44-43ed-8830-1aa8976f734b: new RaftServerImpl for group-7A16FAC25C82:[0c5fef0d-286d-4de9-83c3-de42cda01f07:192.168.69.111:41350, 0dd33b76-ae44-43ed-8830-1aa8976f734b:192.168.69.111:39133, dd9e2fbb-74e8-4002-a44e-6ed6076d3ed9:192.168.69.111:39702] with ContainerStateMachine:uninitialized
2019-08-29 08:15:45,414 [pool-774-thread-1] INFO  storage.RaftStorageDirectory (RaftStorageDirectory.java:analyzeStorage(246)) - The storage directory /workdir/hadoop-ozone/integration-test/target/test-dir/MiniOzoneClusterImpl-249f8078-8fc0-44d6-853a-2b715126e327/datanode-4/data/ratis/048a77e6-af6c-4945-854d-7a16fac25c82 does not exist. Creating ...
2019-08-29 08:15:45,414 [pool-763-thread-1] INFO  impl.RaftServerImpl (ServerState.java:<init>(105)) - 0c5fef0d-286d-4de9-83c3-de42cda01f07:group-7A16FAC25C82 ConfigurationManager, init=-1: [0c5fef0d-286d-4de9-83c3-de42cda01f07:192.168.69.111:41350, 0dd33b76-ae44-43ed-8830-1aa8976f734b:192.168.69.111:39133, dd9e2fbb-74e8-4002-a44e-6ed6076d3ed9:192.168.69.111:39702], old=null, confs=<EMPTY_MAP>
2019-08-29 08:15:45,414 [pool-785-thread-1] INFO  server.RaftServerConfigKeys (ConfUtils.java:logGet(43)) - raft.server.rpc.timeout.min = 5s (custom)
2019-08-29 08:15:45,415 [pool-763-thread-1] INFO  server.RaftServerConfigKeys (ConfUtils.java:logGet(43)) - raft.server.storage.dir = [/workdir/hadoop-ozone/integration-test/target/test-dir/MiniOzoneClusterImpl-249f8078-8fc0-44d6-853a-2b715126e327/datanode-3/data/ratis] (custom)
2019-08-29 08:15:45,415 [pool-785-thread-1] INFO  server.RaftServerConfigKeys (ConfUtils.java:logGet(43)) - raft.server.rpc.timeout.max = 5200ms (custom)
2019-08-29 08:15:45,415 [pool-785-thread-1] INFO  server.RaftServerConfigKeys (ConfUtils.java:logGet(43)) - raft.server.rpcslowness.timeout = 120s (custom)
2019-08-29 08:15:45,415 [pool-763-thread-1] INFO  storage.RaftStorageDirectory (RaftStorageDirectory.java:analyzeStorage(246)) - The storage directory /workdir/hadoop-ozone/integration-test/target/test-dir/MiniOzoneClusterImpl-249f8078-8fc0-44d6-853a-2b715126e327/datanode-3/data/ratis/048a77e6-af6c-4945-854d-7a16fac25c82 does not exist. Creating ...
2019-08-29 08:15:45,415 [pool-785-thread-1] INFO  server.RaftServerConfigKeys (ConfUtils.java:logGet(43)) - raft.server.sleep.deviation.threshold = 300 (default)
2019-08-29 08:15:45,415 [pool-785-thread-1] INFO  server.RaftServerConfigKeys (ConfUtils.java:logGet(43)) - raft.server.log.appender.install.snapshot.enabled = false (custom)
2019-08-29 08:15:45,415 [pool-785-thread-1] INFO  impl.RaftServerImpl (ServerState.java:<init>(105)) - 0dd33b76-ae44-43ed-8830-1aa8976f734b:group-7A16FAC25C82 ConfigurationManager, init=-1: [0c5fef0d-286d-4de9-83c3-de42cda01f07:192.168.69.111:41350, 0dd33b76-ae44-43ed-8830-1aa8976f734b:192.168.69.111:39133, dd9e2fbb-74e8-4002-a44e-6ed6076d3ed9:192.168.69.111:39702], old=null, confs=<EMPTY_MAP>
2019-08-29 08:15:45,416 [pool-785-thread-1] INFO  server.RaftServerConfigKeys (ConfUtils.java:logGet(43)) - raft.server.storage.dir = [/workdir/hadoop-ozone/integration-test/target/test-dir/MiniOzoneClusterImpl-249f8078-8fc0-44d6-853a-2b715126e327/datanode-5/data/ratis] (custom)
2019-08-29 08:15:45,416 [pool-785-thread-1] INFO  storage.RaftStorageDirectory (RaftStorageDirectory.java:analyzeStorage(246)) - The storage directory /workdir/hadoop-ozone/integration-test/target/test-dir/MiniOzoneClusterImpl-249f8078-8fc0-44d6-853a-2b715126e327/datanode-5/data/ratis/048a77e6-af6c-4945-854d-7a16fac25c82 does not exist. Creating ...
2019-08-29 08:15:45,462 [pool-763-thread-1] INFO  storage.RaftStorageDirectory (RaftStorageDirectory.java:tryLock(328)) - Lock on /workdir/hadoop-ozone/integration-test/target/test-dir/MiniOzoneClusterImpl-249f8078-8fc0-44d6-853a-2b715126e327/datanode-3/data/ratis/048a77e6-af6c-4945-854d-7a16fac25c82/in_use.lock acquired by nodename 17172@pr-hdds-1569-g9zr9-4145101663
2019-08-29 08:15:45,462 [pool-785-thread-1] INFO  storage.RaftStorageDirectory (RaftStorageDirectory.java:tryLock(328)) - Lock on /workdir/hadoop-ozone/integration-test/target/test-dir/MiniOzoneClusterImpl-249f8078-8fc0-44d6-853a-2b715126e327/datanode-5/data/ratis/048a77e6-af6c-4945-854d-7a16fac25c82/in_use.lock acquired by nodename 17172@pr-hdds-1569-g9zr9-4145101663
2019-08-29 08:15:45,462 [pool-774-thread-1] INFO  storage.RaftStorageDirectory (RaftStorageDirectory.java:tryLock(328)) - Lock on /workdir/hadoop-ozone/integration-test/target/test-dir/MiniOzoneClusterImpl-249f8078-8fc0-44d6-853a-2b715126e327/datanode-4/data/ratis/048a77e6-af6c-4945-854d-7a16fac25c82/in_use.lock acquired by nodename 17172@pr-hdds-1569-g9zr9-4145101663
2019-08-29 08:15:45,496 [pool-774-thread-1] INFO  storage.RaftStorage (RaftStorage.java:format(72)) - Storage directory /workdir/hadoop-ozone/integration-test/target/test-dir/MiniOzoneClusterImpl-249f8078-8fc0-44d6-853a-2b715126e327/datanode-4/data/ratis/048a77e6-af6c-4945-854d-7a16fac25c82 has been successfully formatted.
2019-08-29 08:15:45,496 [pool-785-thread-1] INFO  storage.RaftStorage (RaftStorage.java:format(72)) - Storage directory /workdir/hadoop-ozone/integration-test/target/test-dir/MiniOzoneClusterImpl-249f8078-8fc0-44d6-853a-2b715126e327/datanode-5/data/ratis/048a77e6-af6c-4945-854d-7a16fac25c82 has been successfully formatted.
2019-08-29 08:15:45,496 [pool-763-thread-1] INFO  storage.RaftStorage (RaftStorage.java:format(72)) - Storage directory /workdir/hadoop-ozone/integration-test/target/test-dir/MiniOzoneClusterImpl-249f8078-8fc0-44d6-853a-2b715126e327/datanode-3/data/ratis/048a77e6-af6c-4945-854d-7a16fac25c82 has been successfully formatted.
2019-08-29 08:15:45,497 [pool-774-thread-1] INFO  ratis.ContainerStateMachine (ContainerStateMachine.java:loadSnapshot(226)) - group-7A16FAC25C82: The snapshot info is null. Setting the last applied indexto:(t:0, i:~)
2019-08-29 08:15:45,497 [pool-763-thread-1] INFO  ratis.ContainerStateMachine (ContainerStateMachine.java:loadSnapshot(226)) - group-7A16FAC25C82: The snapshot info is null. Setting the last applied indexto:(t:0, i:~)
2019-08-29 08:15:45,497 [pool-785-thread-1] INFO  ratis.ContainerStateMachine (ContainerStateMachine.java:loadSnapshot(226)) - group-7A16FAC25C82: The snapshot info is null. Setting the last applied indexto:(t:0, i:~)
2019-08-29 08:15:45,498 [pool-763-thread-1] INFO  server.RaftServerConfigKeys (ConfUtils.java:logGet(43)) - raft.server.leader.election.timeout = 120s (custom)
2019-08-29 08:15:45,497 [pool-774-thread-1] INFO  server.RaftServerConfigKeys (ConfUtils.java:logGet(43)) - raft.server.leader.election.timeout = 120s (custom)
2019-08-29 08:15:45,498 [pool-763-thread-1] INFO  server.RaftServerConfigKeys (ConfUtils.java:logGet(43)) - raft.server.log.use.memory = false (default)
2019-08-29 08:15:45,498 [pool-785-thread-1] INFO  server.RaftServerConfigKeys (ConfUtils.java:logGet(43)) - raft.server.leader.election.timeout = 120s (custom)
2019-08-29 08:15:45,498 [pool-763-thread-1] INFO  server.RaftServerConfigKeys (ConfUtils.java:logGet(43)) - raft.server.log.purge.gap = 1000000 (custom)
2019-08-29 08:15:45,498 [pool-774-thread-1] INFO  server.RaftServerConfigKeys (ConfUtils.java:logGet(43)) - raft.server.log.use.memory = false (default)
2019-08-29 08:15:45,499 [pool-763-thread-1] INFO  server.RaftServerConfigKeys (ConfUtils.java:logGet(43)) - raft.server.log.appender.buffer.byte-limit = 33554432 (custom)
2019-08-29 08:15:45,499 [pool-785-thread-1] INFO  server.RaftServerConfigKeys (ConfUtils.java:logGet(43)) - raft.server.log.use.memory = false (default)
2019-08-29 08:15:45,499 [pool-763-thread-1] INFO  server.RaftServerConfigKeys (ConfUtils.java:logGet(43)) - raft.server.log.segment.size.max = 1048576 (custom)
2019-08-29 08:15:45,499 [pool-774-thread-1] INFO  server.RaftServerConfigKeys (ConfUtils.java:logGet(43)) - raft.server.log.purge.gap = 1000000 (custom)
2019-08-29 08:15:45,500 [pool-763-thread-1] INFO  server.RaftServerConfigKeys (ConfUtils.java:logGet(43)) - raft.server.log.segment.cache.num.max = 2 (custom)
2019-08-29 08:15:45,499 [pool-785-thread-1] INFO  server.RaftServerConfigKeys (ConfUtils.java:logGet(43)) - raft.server.log.purge.gap = 1000000 (custom)
2019-08-29 08:15:45,500 [pool-763-thread-1] INFO  segmented.SegmentedRaftLogWorker (SegmentedRaftLogWorker.java:<init>(172)) - new 0c5fef0d-286d-4de9-83c3-de42cda01f07-SegmentedRaftLogWorker:Storage Directory /workdir/hadoop-ozone/integration-test/target/test-dir/MiniOzoneClusterImpl-249f8078-8fc0-44d6-853a-2b715126e327/datanode-3/data/ratis/048a77e6-af6c-4945-854d-7a16fac25c82 for RaftStorage:Storage Directory /workdir/hadoop-ozone/integration-test/target/test-dir/MiniOzoneClusterImpl-249f8078-8fc0-44d6-853a-2b715126e327/datanode-3/data/ratis/048a77e6-af6c-4945-854d-7a16fac25c82
2019-08-29 08:15:45,500 [pool-774-thread-1] INFO  server.RaftServerConfigKeys (ConfUtils.java:logGet(43)) - raft.server.log.appender.buffer.byte-limit = 33554432 (custom)
2019-08-29 08:15:45,500 [pool-763-thread-1] INFO  server.RaftServerConfigKeys (ConfUtils.java:logGet(43)) - raft.server.log.queue.byte-limit = 2147483647 (custom)
2019-08-29 08:15:45,500 [pool-785-thread-1] INFO  server.RaftServerConfigKeys (ConfUtils.java:logGet(43)) - raft.server.log.appender.buffer.byte-limit = 33554432 (custom)
2019-08-29 08:15:45,501 [pool-763-thread-1] INFO  server.RaftServerConfigKeys (ConfUtils.java:logGet(43)) - raft.server.log.queue.element-limit = 1024 (custom)
2019-08-29 08:15:45,501 [pool-774-thread-1] INFO  server.RaftServerConfigKeys (ConfUtils.java:logGet(43)) - raft.server.log.segment.size.max = 1048576 (custom)
2019-08-29 08:15:45,501 [pool-763-thread-1] INFO  server.RaftServerConfigKeys (ConfUtils.java:logGet(43)) - raft.server.log.segment.size.max = 1048576 (custom)
2019-08-29 08:15:45,501 [pool-785-thread-1] INFO  server.RaftServerConfigKeys (ConfUtils.java:logGet(43)) - raft.server.log.segment.size.max = 1048576 (custom)
2019-08-29 08:15:45,501 [pool-763-thread-1] INFO  server.RaftServerConfigKeys (ConfUtils.java:logGet(43)) - raft.server.log.preallocated.size = 16384 (custom)
2019-08-29 08:15:45,501 [pool-774-thread-1] INFO  server.RaftServerConfigKeys (ConfUtils.java:logGet(43)) - raft.server.log.segment.cache.num.max = 2 (custom)
2019-08-29 08:15:45,502 [pool-763-thread-1] INFO  server.RaftServerConfigKeys (ConfUtils.java:logGet(43)) - raft.server.log.write.buffer.size = 33554432 (custom)
2019-08-29 08:15:45,502 [pool-763-thread-1] INFO  server.RaftServerConfigKeys (ConfUtils.java:logGet(43)) - raft.server.log.force.sync.num = 128 (default)
2019-08-29 08:15:45,502 [pool-763-thread-1] INFO  server.RaftServerConfigKeys (ConfUtils.java:logGet(43)) - raft.server.log.statemachine.data.sync = true (default)
2019-08-29 08:15:45,503 [pool-763-thread-1] INFO  server.RaftServerConfigKeys (ConfUtils.java:logGet(43)) - raft.server.log.statemachine.data.sync.timeout = 10s (default)
2019-08-29 08:15:45,502 [pool-785-thread-1] INFO  server.RaftServerConfigKeys (ConfUtils.java:logGet(43)) - raft.server.log.segment.cache.num.max = 2 (custom)
2019-08-29 08:15:45,503 [pool-763-thread-1] INFO  server.RaftServerConfigKeys (ConfUtils.java:logGet(43)) - raft.server.log.statemachine.data.sync.timeout.retry = -1 (default)
2019-08-29 08:15:45,502 [pool-774-thread-1] INFO  segmented.SegmentedRaftLogWorker (SegmentedRaftLogWorker.java:<init>(172)) - new dd9e2fbb-74e8-4002-a44e-6ed6076d3ed9-SegmentedRaftLogWorker:Storage Directory /workdir/hadoop-ozone/integration-test/target/test-dir/MiniOzoneClusterImpl-249f8078-8fc0-44d6-853a-2b715126e327/datanode-4/data/ratis/048a77e6-af6c-4945-854d-7a16fac25c82 for RaftStorage:Storage Directory /workdir/hadoop-ozone/integration-test/target/test-dir/MiniOzoneClusterImpl-249f8078-8fc0-44d6-853a-2b715126e327/datanode-4/data/ratis/048a77e6-af6c-4945-854d-7a16fac25c82
2019-08-29 08:15:45,503 [pool-763-thread-1] INFO  server.RaftServerConfigKeys (ConfUtils.java:logGet(43)) - raft.server.log.statemachine.data.caching.enabled = true (custom)
2019-08-29 08:15:45,503 [pool-785-thread-1] INFO  segmented.SegmentedRaftLogWorker (SegmentedRaftLogWorker.java:<init>(172)) - new 0dd33b76-ae44-43ed-8830-1aa8976f734b-SegmentedRaftLogWorker:Storage Directory /workdir/hadoop-ozone/integration-test/target/test-dir/MiniOzoneClusterImpl-249f8078-8fc0-44d6-853a-2b715126e327/datanode-5/data/ratis/048a77e6-af6c-4945-854d-7a16fac25c82 for RaftStorage:Storage Directory /workdir/hadoop-ozone/integration-test/target/test-dir/MiniOzoneClusterImpl-249f8078-8fc0-44d6-853a-2b715126e327/datanode-5/data/ratis/048a77e6-af6c-4945-854d-7a16fac25c82
2019-08-29 08:15:45,504 [pool-763-thread-1] INFO  segmented.SegmentedRaftLogWorker (SegmentedRaftLogWorker.java:lambda$new$0(132)) - 0c5fef0d-286d-4de9-83c3-de42cda01f07-SegmentedRaftLogWorker:Storage Directory /workdir/hadoop-ozone/integration-test/target/test-dir/MiniOzoneClusterImpl-249f8078-8fc0-44d6-853a-2b715126e327/datanode-3/data/ratis/048a77e6-af6c-4945-854d-7a16fac25c82: flushIndex: setUnconditionally 0 -> -1
2019-08-29 08:15:45,504 [pool-785-thread-1] INFO  server.RaftServerConfigKeys (ConfUtils.java:logGet(43)) - raft.server.log.queue.byte-limit = 2147483647 (custom)
2019-08-29 08:15:45,503 [pool-774-thread-1] INFO  server.RaftServerConfigKeys (ConfUtils.java:logGet(43)) - raft.server.log.queue.byte-limit = 2147483647 (custom)
2019-08-29 08:15:45,504 [pool-774-thread-1] INFO  server.RaftServerConfigKeys (ConfUtils.java:logGet(43)) - raft.server.log.queue.element-limit = 1024 (custom)
2019-08-29 08:15:45,504 [pool-785-thread-1] INFO  server.RaftServerConfigKeys (ConfUtils.java:logGet(43)) - raft.server.log.queue.element-limit = 1024 (custom)
2019-08-29 08:15:45,504 [pool-763-thread-1] INFO  server.RaftServerConfigKeys (ConfUtils.java:logGet(43)) - raft.server.snapshot.auto.trigger.enabled = true (custom)
2019-08-29 08:15:45,505 [pool-785-thread-1] INFO  server.RaftServerConfigKeys (ConfUtils.java:logGet(43)) - raft.server.log.segment.size.max = 1048576 (custom)
2019-08-29 08:15:45,505 [IPC Server handler 4 on 43155] INFO  net.NetworkTopology (NetworkTopologyImpl.java:add(110)) - Added a new node: /default-rack/ff642454-59ec-48e6-b18d-d83138b0e5e4
2019-08-29 08:15:45,505 [pool-774-thread-1] INFO  server.RaftServerConfigKeys (ConfUtils.java:logGet(43)) - raft.server.log.segment.size.max = 1048576 (custom)
2019-08-29 08:15:45,505 [IPC Server handler 4 on 43155] INFO  node.SCMNodeManager (SCMNodeManager.java:register(273)) - Registered Data node : ff642454-59ec-48e6-b18d-d83138b0e5e4{ip: 192.168.69.111, host: pr-hdds-1569-g9zr9-4145101663, networkLocation: /default-rack, certSerialId: null}
2019-08-29 08:15:45,505 [pool-785-thread-1] INFO  server.RaftServerConfigKeys (ConfUtils.java:logGet(43)) - raft.server.log.preallocated.size = 16384 (custom)
2019-08-29 08:15:45,506 | INFO  | SCMAudit | user=jenkins1000 | ip=192.168.69.111 | op=REGISTER {datanodeDetails=ff642454-59ec-48e6-b18d-d83138b0e5e4{ip: 192.168.69.111, host: pr-hdds-1569-g9zr9-4145101663, networkLocation: /default-rack, certSerialId: null}} | ret=SUCCESS |  
2019-08-29 08:15:45,505 [pool-763-thread-1] INFO  server.RaftServerConfigKeys (ConfUtils.java:logGet(43)) - raft.server.snapshot.auto.trigger.threshold = 10000 (custom)
2019-08-29 08:15:45,506 [main] INFO  ozone.MiniOzoneClusterImpl (MiniOzoneClusterImpl.java:lambda$waitForClusterToBeReady$0(142)) - Cluster is ready. Got 7 of 7 DN Heartbeats.
2019-08-29 08:15:45,506 [pool-785-thread-1] INFO  server.RaftServerConfigKeys (ConfUtils.java:logGet(43)) - raft.server.log.write.buffer.size = 33554432 (custom)
2019-08-29 08:15:45,505 [pool-774-thread-1] INFO  server.RaftServerConfigKeys (ConfUtils.java:logGet(43)) - raft.server.log.preallocated.size = 16384 (custom)
2019-08-29 08:15:45,506 [pool-785-thread-1] INFO  server.RaftServerConfigKeys (ConfUtils.java:logGet(43)) - raft.server.log.force.sync.num = 128 (default)
2019-08-29 08:15:45,506 [pool-763-thread-1] INFO  server.RaftServerConfigKeys (ConfUtils.java:logGet(43)) - raft.server.retrycache.expirytime = 600000ms (custom)
2019-08-29 08:15:45,507 [pool-785-thread-1] INFO  server.RaftServerConfigKeys (ConfUtils.java:logGet(43)) - raft.server.log.statemachine.data.sync = true (default)
2019-08-29 08:15:45,507 [pool-774-thread-1] INFO  server.RaftServerConfigKeys (ConfUtils.java:logGet(43)) - raft.server.log.write.buffer.size = 33554432 (custom)
2019-08-29 08:15:45,507 [pool-785-thread-1] INFO  server.RaftServerConfigKeys (ConfUtils.java:logGet(43)) - raft.server.log.statemachine.data.sync.timeout = 10s (default)
2019-08-29 08:15:45,507 [pool-763-thread-1] INFO  impl.RaftServerImpl (RaftServerImpl.java:start(180)) - 0c5fef0d-286d-4de9-83c3-de42cda01f07: start group-7A16FAC25C82
2019-08-29 08:15:45,507 [pool-785-thread-1] INFO  server.RaftServerConfigKeys (ConfUtils.java:logGet(43)) - raft.server.log.statemachine.data.sync.timeout.retry = -1 (default)
2019-08-29 08:15:45,507 [pool-774-thread-1] INFO  server.RaftServerConfigKeys (ConfUtils.java:logGet(43)) - raft.server.log.force.sync.num = 128 (default)
2019-08-29 08:15:45,508 [pool-785-thread-1] INFO  server.RaftServerConfigKeys (ConfUtils.java:logGet(43)) - raft.server.log.statemachine.data.caching.enabled = true (custom)
2019-08-29 08:15:45,507 [pool-763-thread-1] INFO  impl.RaftServerImpl (RaftServerImpl.java:setRole(171)) - 0c5fef0d-286d-4de9-83c3-de42cda01f07:group-7A16FAC25C82 changes role from null to FOLLOWER at term 0 for startAsFollower
2019-08-29 08:15:45,508 [pool-774-thread-1] INFO  server.RaftServerConfigKeys (ConfUtils.java:logGet(43)) - raft.server.log.statemachine.data.sync = true (default)
2019-08-29 08:15:45,508 [pool-785-thread-1] INFO  segmented.SegmentedRaftLogWorker (SegmentedRaftLogWorker.java:lambda$new$0(132)) - 0dd33b76-ae44-43ed-8830-1aa8976f734b-SegmentedRaftLogWorker:Storage Directory /workdir/hadoop-ozone/integration-test/target/test-dir/MiniOzoneClusterImpl-249f8078-8fc0-44d6-853a-2b715126e327/datanode-5/data/ratis/048a77e6-af6c-4945-854d-7a16fac25c82: flushIndex: setUnconditionally 0 -> -1
2019-08-29 08:15:45,508 [pool-763-thread-1] INFO  impl.RoleInfo (RoleInfo.java:updateAndGet(143)) - 0c5fef0d-286d-4de9-83c3-de42cda01f07: start FollowerState
2019-08-29 08:15:45,508 [pool-774-thread-1] INFO  server.RaftServerConfigKeys (ConfUtils.java:logGet(43)) - raft.server.log.statemachine.data.sync.timeout = 10s (default)
2019-08-29 08:15:45,509 [pool-785-thread-1] INFO  server.RaftServerConfigKeys (ConfUtils.java:logGet(43)) - raft.server.snapshot.auto.trigger.enabled = true (custom)
2019-08-29 08:15:45,509 [pool-774-thread-1] INFO  server.RaftServerConfigKeys (ConfUtils.java:logGet(43)) - raft.server.log.statemachine.data.sync.timeout.retry = -1 (default)
2019-08-29 08:15:45,509 [pool-763-thread-1] INFO  util.JmxRegister (JmxRegister.java:tryRegister(44)) - Successfully registered JMX Bean with object name Ratis:service=RaftServer,group=group-7A16FAC25C82,id=0c5fef0d-286d-4de9-83c3-de42cda01f07
2019-08-29 08:15:45,509 [pool-785-thread-1] INFO  server.RaftServerConfigKeys (ConfUtils.java:logGet(43)) - raft.server.snapshot.auto.trigger.threshold = 10000 (custom)
2019-08-29 08:15:45,509 [pool-774-thread-1] INFO  server.RaftServerConfigKeys (ConfUtils.java:logGet(43)) - raft.server.log.statemachine.data.caching.enabled = true (custom)
2019-08-29 08:15:45,509 [pool-785-thread-1] INFO  server.RaftServerConfigKeys (ConfUtils.java:logGet(43)) - raft.server.retrycache.expirytime = 600000ms (custom)
2019-08-29 08:15:45,510 [pool-774-thread-1] INFO  segmented.SegmentedRaftLogWorker (SegmentedRaftLogWorker.java:lambda$new$0(132)) - dd9e2fbb-74e8-4002-a44e-6ed6076d3ed9-SegmentedRaftLogWorker:Storage Directory /workdir/hadoop-ozone/integration-test/target/test-dir/MiniOzoneClusterImpl-249f8078-8fc0-44d6-853a-2b715126e327/datanode-4/data/ratis/048a77e6-af6c-4945-854d-7a16fac25c82: flushIndex: setUnconditionally 0 -> -1
2019-08-29 08:15:45,510 [pool-785-thread-1] INFO  impl.RaftServerImpl (RaftServerImpl.java:start(180)) - 0dd33b76-ae44-43ed-8830-1aa8976f734b: start group-7A16FAC25C82
2019-08-29 08:15:45,510 [pool-785-thread-1] INFO  impl.RaftServerImpl (RaftServerImpl.java:setRole(171)) - 0dd33b76-ae44-43ed-8830-1aa8976f734b:group-7A16FAC25C82 changes role from null to FOLLOWER at term 0 for startAsFollower
2019-08-29 08:15:45,516 [pool-774-thread-1] INFO  server.RaftServerConfigKeys (ConfUtils.java:logGet(43)) - raft.server.snapshot.auto.trigger.enabled = true (custom)
2019-08-29 08:15:45,518 [pool-774-thread-1] INFO  server.RaftServerConfigKeys (ConfUtils.java:logGet(43)) - raft.server.snapshot.auto.trigger.threshold = 10000 (custom)
2019-08-29 08:15:45,516 [pool-785-thread-1] INFO  impl.RoleInfo (RoleInfo.java:updateAndGet(143)) - 0dd33b76-ae44-43ed-8830-1aa8976f734b: start FollowerState
2019-08-29 08:15:45,518 [pool-774-thread-1] INFO  server.RaftServerConfigKeys (ConfUtils.java:logGet(43)) - raft.server.retrycache.expirytime = 600000ms (custom)
2019-08-29 08:15:45,518 [pool-774-thread-1] INFO  impl.RaftServerImpl (RaftServerImpl.java:start(180)) - dd9e2fbb-74e8-4002-a44e-6ed6076d3ed9: start group-7A16FAC25C82
2019-08-29 08:15:45,519 [pool-785-thread-1] INFO  util.JmxRegister (JmxRegister.java:tryRegister(44)) - Successfully registered JMX Bean with object name Ratis:service=RaftServer,group=group-7A16FAC25C82,id=0dd33b76-ae44-43ed-8830-1aa8976f734b
2019-08-29 08:15:45,519 [pool-774-thread-1] INFO  impl.RaftServerImpl (RaftServerImpl.java:setRole(171)) - dd9e2fbb-74e8-4002-a44e-6ed6076d3ed9:group-7A16FAC25C82 changes role from null to FOLLOWER at term 0 for startAsFollower
2019-08-29 08:15:45,519 [pool-774-thread-1] INFO  impl.RoleInfo (RoleInfo.java:updateAndGet(143)) - dd9e2fbb-74e8-4002-a44e-6ed6076d3ed9: start FollowerState
2019-08-29 08:15:45,519 [pool-774-thread-1] INFO  util.JmxRegister (JmxRegister.java:tryRegister(44)) - Successfully registered JMX Bean with object name Ratis:service=RaftServer,group=group-7A16FAC25C82,id=dd9e2fbb-74e8-4002-a44e-6ed6076d3ed9
2019-08-29 08:15:45,548 [RatisPipelineUtilsThread] INFO  pipeline.PipelineStateManager (PipelineStateManager.java:addPipeline(56)) - Created pipeline Pipeline[ Id: 048a77e6-af6c-4945-854d-7a16fac25c82, Nodes: 0c5fef0d-286d-4de9-83c3-de42cda01f07{ip: 192.168.69.111, host: pr-hdds-1569-g9zr9-4145101663, networkLocation: /default-rack, certSerialId: null}0dd33b76-ae44-43ed-8830-1aa8976f734b{ip: 192.168.69.111, host: pr-hdds-1569-g9zr9-4145101663, networkLocation: /default-rack, certSerialId: null}dd9e2fbb-74e8-4002-a44e-6ed6076d3ed9{ip: 192.168.69.111, host: pr-hdds-1569-g9zr9-4145101663, networkLocation: /default-rack, certSerialId: null}, Type:RATIS, Factor:THREE, State:OPEN]
2019-08-29 08:15:45,551 [main] INFO  rpc.RpcClient (RpcClient.java:createVolume(293)) - Creating Volume: testblockoutputstream, with jenkins1000 as owner.
2019-08-29 08:15:45,554 | INFO  | OMAudit | user=jenkins1000 | ip=127.0.0.1 | op=CREATE_VOLUME {admin=jenkins1000, owner=jenkins1000, volume=testblockoutputstream, creationTime=1567066545553, quotaInBytes=1152921504606846976} | ret=SUCCESS |  
2019-08-29 08:15:45,568 | INFO  | OMAudit | user=jenkins1000 | ip=127.0.0.1 | op=READ_VOLUME {volume=testblockoutputstream} | ret=SUCCESS |  
2019-08-29 08:15:45,569 [main] INFO  rpc.RpcClient (RpcClient.java:createBucket(432)) - Creating Bucket: testblockoutputstream/testblockoutputstream, with Versioning false and Storage Type set to DISK and Encryption set to false 
2019-08-29 08:15:45,576 | INFO  | OMAudit | user=jenkins1000 | ip=127.0.0.1 | op=CREATE_BUCKET {volume=testblockoutputstream, bucket=testblockoutputstream, acls=[user:jenkins1000:a[ACCESS], group:default:a[ACCESS]], isVersionEnabled=false, storageType=DISK, creationTime=0} | ret=SUCCESS |  
2019-08-29 08:15:45,577 | INFO  | OMAudit | user=jenkins1000 | ip=127.0.0.1 | op=READ_VOLUME {volume=testblockoutputstream} | ret=SUCCESS |  
2019-08-29 08:15:45,578 | INFO  | OMAudit | user=jenkins1000 | ip=127.0.0.1 | op=READ_BUCKET {volume=testblockoutputstream, bucket=testblockoutputstream} | ret=SUCCESS |  
2019-08-29 08:15:45,581 | INFO  | SCMAudit | user=jenkins1000 | ip=192.168.69.111 | op=ALLOCATE_BLOCK {owner=a47fbaa5-444e-485c-be62-001e324b9e4d, size=800, type=RATIS, factor=THREE} | ret=SUCCESS |  
2019-08-29 08:15:45,584 | INFO  | OMAudit | user=jenkins1000 | ip=127.0.0.1 | op=ALLOCATE_KEY {volume=testblockoutputstream, bucket=testblockoutputstream, key=cab72254-0fb2-4863-880d-8239ca7d4c2d, dataSize=0, replicationType=RATIS, replicationFactor=THREE, keyLocationInfo=null} | ret=SUCCESS |  
2019-08-29 08:15:45,594 [grpc-default-executor-11] INFO  client.GrpcClientProtocolClient (GrpcClientProtocolClient.java:onNext(255)) - client-B1E4CDC9F2AB->e825e5c3-0d56-4405-b416-b67706fddd99: receive RaftClientReply:client-B1E4CDC9F2AB->e825e5c3-0d56-4405-b416-b67706fddd99@group-EBC1B9AAEA58, cid=269, FAILED org.apache.ratis.protocol.NotLeaderException: Server e825e5c3-0d56-4405-b416-b67706fddd99 is not the leader (null). Request must be sent to leader., logIndex=0, commits[e825e5c3-0d56-4405-b416-b67706fddd99:c-1]
2019-08-29 08:15:45,856 | INFO  | SCMAudit | user=jenkins1000 | ip=192.168.69.111 | op=SEND_HEARTBEAT {datanodeUUID=e825e5c3-0d56-4405-b416-b67706fddd99, command=[]} | ret=SUCCESS |  
2019-08-29 08:15:46,072 | INFO  | SCMAudit | user=jenkins1000 | ip=192.168.69.111 | op=SEND_HEARTBEAT {datanodeUUID=f4ed06a8-f58e-44fd-bf89-8ea63b8f80d3, command=[]} | ret=SUCCESS |  
2019-08-29 08:15:46,325 | INFO  | SCMAudit | user=jenkins1000 | ip=192.168.69.111 | op=SEND_HEARTBEAT {datanodeUUID=dedae8b3-beea-4d2b-ad20-87a9a0d5bc72, command=[]} | ret=SUCCESS |  
2019-08-29 08:15:46,561 | INFO  | SCMAudit | user=jenkins1000 | ip=192.168.69.111 | op=SEND_HEARTBEAT {datanodeUUID=0c5fef0d-286d-4de9-83c3-de42cda01f07, command=[]} | ret=SUCCESS |  
2019-08-29 08:15:46,613 [grpc-default-executor-11] INFO  client.GrpcClientProtocolClient (GrpcClientProtocolClient.java:onNext(255)) - client-B1E4CDC9F2AB->f4ed06a8-f58e-44fd-bf89-8ea63b8f80d3: receive RaftClientReply:client-B1E4CDC9F2AB->f4ed06a8-f58e-44fd-bf89-8ea63b8f80d3@group-EBC1B9AAEA58, cid=269, FAILED org.apache.ratis.protocol.NotLeaderException: Server f4ed06a8-f58e-44fd-bf89-8ea63b8f80d3 is not the leader (null). Request must be sent to leader., logIndex=0, commits[f4ed06a8-f58e-44fd-bf89-8ea63b8f80d3:c-1]
2019-08-29 08:15:46,746 | INFO  | SCMAudit | user=jenkins1000 | ip=192.168.69.111 | op=SEND_HEARTBEAT {datanodeUUID=dd9e2fbb-74e8-4002-a44e-6ed6076d3ed9, command=[]} | ret=SUCCESS |  
2019-08-29 08:15:46,856 | INFO  | SCMAudit | user=jenkins1000 | ip=192.168.69.111 | op=SEND_HEARTBEAT {datanodeUUID=e825e5c3-0d56-4405-b416-b67706fddd99, command=[]} | ret=SUCCESS |  
2019-08-29 08:15:46,877 [Thread-4917] INFO  container.ReplicationManager (ReplicationManager.java:start(152)) - Starting Replication Monitor Thread.
2019-08-29 08:15:46,882 [ReplicationMonitor] INFO  container.ReplicationManager (ReplicationManager.java:run(215)) - Replication Monitor Thread took 1 milliseconds for processing 1 containers.
2019-08-29 08:15:47,072 | INFO  | SCMAudit | user=jenkins1000 | ip=192.168.69.111 | op=SEND_HEARTBEAT {datanodeUUID=f4ed06a8-f58e-44fd-bf89-8ea63b8f80d3, command=[]} | ret=SUCCESS |  
2019-08-29 08:15:47,280 | INFO  | SCMAudit | user=jenkins1000 | ip=192.168.69.111 | op=SEND_HEARTBEAT {datanodeUUID=0dd33b76-ae44-43ed-8830-1aa8976f734b, command=[]} | ret=SUCCESS |  
2019-08-29 08:15:47,325 | INFO  | SCMAudit | user=jenkins1000 | ip=192.168.69.111 | op=SEND_HEARTBEAT {datanodeUUID=dedae8b3-beea-4d2b-ad20-87a9a0d5bc72, command=[]} | ret=SUCCESS |  
2019-08-29 08:15:47,504 | INFO  | SCMAudit | user=jenkins1000 | ip=192.168.69.111 | op=SEND_HEARTBEAT {datanodeUUID=ff642454-59ec-48e6-b18d-d83138b0e5e4, command=[]} | ret=SUCCESS |  
2019-08-29 08:15:47,561 | INFO  | SCMAudit | user=jenkins1000 | ip=192.168.69.111 | op=SEND_HEARTBEAT {datanodeUUID=0c5fef0d-286d-4de9-83c3-de42cda01f07, command=[]} | ret=SUCCESS |  
2019-08-29 08:15:47,623 [grpc-default-executor-11] INFO  client.GrpcClientProtocolClient (GrpcClientProtocolClient.java:onNext(255)) - client-B1E4CDC9F2AB->e825e5c3-0d56-4405-b416-b67706fddd99: receive RaftClientReply:client-B1E4CDC9F2AB->e825e5c3-0d56-4405-b416-b67706fddd99@group-EBC1B9AAEA58, cid=269, FAILED org.apache.ratis.protocol.NotLeaderException: Server e825e5c3-0d56-4405-b416-b67706fddd99 is not the leader (null). Request must be sent to leader., logIndex=0, commits[e825e5c3-0d56-4405-b416-b67706fddd99:c-1]
2019-08-29 08:15:47,746 | INFO  | SCMAudit | user=jenkins1000 | ip=192.168.69.111 | op=SEND_HEARTBEAT {datanodeUUID=dd9e2fbb-74e8-4002-a44e-6ed6076d3ed9, command=[]} | ret=SUCCESS |  
2019-08-29 08:15:47,856 | INFO  | SCMAudit | user=jenkins1000 | ip=192.168.69.111 | op=SEND_HEARTBEAT {datanodeUUID=e825e5c3-0d56-4405-b416-b67706fddd99, command=[]} | ret=SUCCESS |  
2019-08-29 08:15:48,072 | INFO  | SCMAudit | user=jenkins1000 | ip=192.168.69.111 | op=SEND_HEARTBEAT {datanodeUUID=f4ed06a8-f58e-44fd-bf89-8ea63b8f80d3, command=[]} | ret=SUCCESS |  
2019-08-29 08:15:48,280 | INFO  | SCMAudit | user=jenkins1000 | ip=192.168.69.111 | op=SEND_HEARTBEAT {datanodeUUID=0dd33b76-ae44-43ed-8830-1aa8976f734b, command=[]} | ret=SUCCESS |  
2019-08-29 08:15:48,325 | INFO  | SCMAudit | user=jenkins1000 | ip=192.168.69.111 | op=SEND_HEARTBEAT {datanodeUUID=dedae8b3-beea-4d2b-ad20-87a9a0d5bc72, command=[]} | ret=SUCCESS |  
2019-08-29 08:15:48,504 | INFO  | SCMAudit | user=jenkins1000 | ip=192.168.69.111 | op=SEND_HEARTBEAT {datanodeUUID=ff642454-59ec-48e6-b18d-d83138b0e5e4, command=[]} | ret=SUCCESS |  
2019-08-29 08:15:48,561 | INFO  | SCMAudit | user=jenkins1000 | ip=192.168.69.111 | op=SEND_HEARTBEAT {datanodeUUID=0c5fef0d-286d-4de9-83c3-de42cda01f07, command=[]} | ret=SUCCESS |  
2019-08-29 08:15:48,635 [grpc-default-executor-11] INFO  client.GrpcClientProtocolClient (GrpcClientProtocolClient.java:onNext(255)) - client-B1E4CDC9F2AB->dedae8b3-beea-4d2b-ad20-87a9a0d5bc72: receive RaftClientReply:client-B1E4CDC9F2AB->dedae8b3-beea-4d2b-ad20-87a9a0d5bc72@group-EBC1B9AAEA58, cid=269, FAILED org.apache.ratis.protocol.NotLeaderException: Server dedae8b3-beea-4d2b-ad20-87a9a0d5bc72 is not the leader (null). Request must be sent to leader., logIndex=0, commits[dedae8b3-beea-4d2b-ad20-87a9a0d5bc72:c-1]
2019-08-29 08:15:48,746 | INFO  | SCMAudit | user=jenkins1000 | ip=192.168.69.111 | op=SEND_HEARTBEAT {datanodeUUID=dd9e2fbb-74e8-4002-a44e-6ed6076d3ed9, command=[]} | ret=SUCCESS |  
2019-08-29 08:15:48,856 | INFO  | SCMAudit | user=jenkins1000 | ip=192.168.69.111 | op=SEND_HEARTBEAT {datanodeUUID=e825e5c3-0d56-4405-b416-b67706fddd99, command=[]} | ret=SUCCESS |  
2019-08-29 08:15:48,997 [Thread-4919] INFO  impl.FollowerState (FollowerState.java:run(106)) - e825e5c3-0d56-4405-b416-b67706fddd99:group-508F92A130F1 changes to CANDIDATE, lastRpcTime:5037, electionTimeout:5037ms
2019-08-29 08:15:48,997 [Thread-4919] INFO  impl.RoleInfo (RoleInfo.java:shutdownFollowerState(121)) - e825e5c3-0d56-4405-b416-b67706fddd99: shutdown FollowerState
2019-08-29 08:15:48,997 [Thread-4919] INFO  impl.RaftServerImpl (RaftServerImpl.java:setRole(171)) - e825e5c3-0d56-4405-b416-b67706fddd99:group-508F92A130F1 changes role from FOLLOWER to CANDIDATE at term 0 for changeToCandidate
2019-08-29 08:15:48,997 [Thread-4919] INFO  impl.RoleInfo (RoleInfo.java:updateAndGet(143)) - e825e5c3-0d56-4405-b416-b67706fddd99: start LeaderElection
2019-08-29 08:15:49,017 [e825e5c3-0d56-4405-b416-b67706fddd99:group-508F92A130F1:LeaderElection113] INFO  impl.LeaderElection (LeaderElection.java:askForVotes(181)) - e825e5c3-0d56-4405-b416-b67706fddd99:group-508F92A130F1:LeaderElection113: begin an election at term 1 for -1: [e825e5c3-0d56-4405-b416-b67706fddd99:192.168.69.111:39205], old=null
2019-08-29 08:15:49,018 [e825e5c3-0d56-4405-b416-b67706fddd99:group-508F92A130F1:LeaderElection113] INFO  impl.RoleInfo (RoleInfo.java:shutdownLeaderElection(134)) - e825e5c3-0d56-4405-b416-b67706fddd99: shutdown LeaderElection
2019-08-29 08:15:49,018 [e825e5c3-0d56-4405-b416-b67706fddd99:group-508F92A130F1:LeaderElection113] INFO  impl.RaftServerImpl (RaftServerImpl.java:setRole(171)) - e825e5c3-0d56-4405-b416-b67706fddd99:group-508F92A130F1 changes role from CANDIDATE to LEADER at term 1 for changeToLeader
2019-08-29 08:15:49,018 [e825e5c3-0d56-4405-b416-b67706fddd99:group-508F92A130F1:LeaderElection113] INFO  impl.RaftServerImpl (ServerState.java:setLeader(263)) - e825e5c3-0d56-4405-b416-b67706fddd99:group-508F92A130F1 change Leader from null to e825e5c3-0d56-4405-b416-b67706fddd99 at term 1 for becomeLeader, leader elected after 5062ms
2019-08-29 08:15:49,018 [e825e5c3-0d56-4405-b416-b67706fddd99:group-508F92A130F1:LeaderElection113] INFO  server.RaftServerConfigKeys (ConfUtils.java:logGet(43)) - raft.server.staging.catchup.gap = 1000 (default)
2019-08-29 08:15:49,018 [e825e5c3-0d56-4405-b416-b67706fddd99:group-508F92A130F1:LeaderElection113] INFO  server.RaftServerConfigKeys (ConfUtils.java:logGet(43)) - raft.server.rpc.sleep.time = 25ms (default)
2019-08-29 08:15:49,018 [e825e5c3-0d56-4405-b416-b67706fddd99:group-508F92A130F1:LeaderElection113] INFO  server.RaftServerConfigKeys (ConfUtils.java:logGet(43)) - raft.server.write.element-limit = 4096 (default)
2019-08-29 08:15:49,018 [e825e5c3-0d56-4405-b416-b67706fddd99:group-508F92A130F1:LeaderElection113] INFO  server.RaftServerConfigKeys (ConfUtils.java:logGet(43)) - raft.server.watch.timeout = 10s (default)
2019-08-29 08:15:49,018 [e825e5c3-0d56-4405-b416-b67706fddd99:group-508F92A130F1:LeaderElection113] INFO  server.RaftServerConfigKeys (ConfUtils.java:logGet(43)) - raft.server.watch.timeout.denomination = 1s (default)
2019-08-29 08:15:49,019 [e825e5c3-0d56-4405-b416-b67706fddd99:group-508F92A130F1:LeaderElection113] INFO  server.RaftServerConfigKeys (ConfUtils.java:logGet(43)) - raft.server.watch.element-limit = 65536 (default)
2019-08-29 08:15:49,019 [e825e5c3-0d56-4405-b416-b67706fddd99:group-508F92A130F1:LeaderElection113] INFO  impl.RoleInfo (RoleInfo.java:updateAndGet(143)) - e825e5c3-0d56-4405-b416-b67706fddd99: start LeaderState
2019-08-29 08:15:49,019 [e825e5c3-0d56-4405-b416-b67706fddd99:group-508F92A130F1:LeaderElection113] INFO  segmented.SegmentedRaftLogWorker (SegmentedRaftLogWorker.java:startLogSegment(380)) - e825e5c3-0d56-4405-b416-b67706fddd99-SegmentedRaftLogWorker:Storage Directory /workdir/hadoop-ozone/integration-test/target/test-dir/MiniOzoneClusterImpl-249f8078-8fc0-44d6-853a-2b715126e327/datanode-0/data/ratis/451e9eed-0640-4dc0-8780-508f92a130f1: Starting segment from index:0
2019-08-29 08:15:49,020 [e825e5c3-0d56-4405-b416-b67706fddd99:group-508F92A130F1:LeaderElection113] INFO  impl.RaftServerImpl (ServerState.java:setRaftConf(361)) - e825e5c3-0d56-4405-b416-b67706fddd99:group-508F92A130F1 set configuration 0: [e825e5c3-0d56-4405-b416-b67706fddd99:192.168.69.111:39205], old=null at 0
2019-08-29 08:15:49,063 [e825e5c3-0d56-4405-b416-b67706fddd99-SegmentedRaftLogWorker:Storage Directory /workdir/hadoop-ozone/integration-test/target/test-dir/MiniOzoneClusterImpl-249f8078-8fc0-44d6-853a-2b715126e327/datanode-0/data/ratis/451e9eed-0640-4dc0-8780-508f92a130f1] INFO  segmented.SegmentedRaftLogWorker (SegmentedRaftLogWorker.java:execute(569)) - e825e5c3-0d56-4405-b416-b67706fddd99-SegmentedRaftLogWorker:Storage Directory /workdir/hadoop-ozone/integration-test/target/test-dir/MiniOzoneClusterImpl-249f8078-8fc0-44d6-853a-2b715126e327/datanode-0/data/ratis/451e9eed-0640-4dc0-8780-508f92a130f1: created new log segment /workdir/hadoop-ozone/integration-test/target/test-dir/MiniOzoneClusterImpl-249f8078-8fc0-44d6-853a-2b715126e327/datanode-0/data/ratis/451e9eed-0640-4dc0-8780-508f92a130f1/current/log_inprogress_0
2019-08-29 08:15:49,072 | INFO  | SCMAudit | user=jenkins1000 | ip=192.168.69.111 | op=SEND_HEARTBEAT {datanodeUUID=f4ed06a8-f58e-44fd-bf89-8ea63b8f80d3, command=[]} | ret=SUCCESS |  
2019-08-29 08:15:49,149 [Thread-4922] INFO  impl.FollowerState (FollowerState.java:run(106)) - f4ed06a8-f58e-44fd-bf89-8ea63b8f80d3:group-B0304A278AD1 changes to CANDIDATE, lastRpcTime:5013, electionTimeout:5013ms
2019-08-29 08:15:49,149 [Thread-4922] INFO  impl.RoleInfo (RoleInfo.java:shutdownFollowerState(121)) - f4ed06a8-f58e-44fd-bf89-8ea63b8f80d3: shutdown FollowerState
2019-08-29 08:15:49,149 [Thread-4922] INFO  impl.RaftServerImpl (RaftServerImpl.java:setRole(171)) - f4ed06a8-f58e-44fd-bf89-8ea63b8f80d3:group-B0304A278AD1 changes role from FOLLOWER to CANDIDATE at term 0 for changeToCandidate
2019-08-29 08:15:49,149 [Thread-4922] INFO  impl.RoleInfo (RoleInfo.java:updateAndGet(143)) - f4ed06a8-f58e-44fd-bf89-8ea63b8f80d3: start LeaderElection
2019-08-29 08:15:49,178 [f4ed06a8-f58e-44fd-bf89-8ea63b8f80d3:group-B0304A278AD1:LeaderElection114] INFO  impl.LeaderElection (LeaderElection.java:askForVotes(181)) - f4ed06a8-f58e-44fd-bf89-8ea63b8f80d3:group-B0304A278AD1:LeaderElection114: begin an election at term 1 for -1: [f4ed06a8-f58e-44fd-bf89-8ea63b8f80d3:192.168.69.111:36473], old=null
2019-08-29 08:15:49,178 [f4ed06a8-f58e-44fd-bf89-8ea63b8f80d3:group-B0304A278AD1:LeaderElection114] INFO  impl.RoleInfo (RoleInfo.java:shutdownLeaderElection(134)) - f4ed06a8-f58e-44fd-bf89-8ea63b8f80d3: shutdown LeaderElection
2019-08-29 08:15:49,178 [f4ed06a8-f58e-44fd-bf89-8ea63b8f80d3:group-B0304A278AD1:LeaderElection114] INFO  impl.RaftServerImpl (RaftServerImpl.java:setRole(171)) - f4ed06a8-f58e-44fd-bf89-8ea63b8f80d3:group-B0304A278AD1 changes role from CANDIDATE to LEADER at term 1 for changeToLeader
2019-08-29 08:15:49,178 [f4ed06a8-f58e-44fd-bf89-8ea63b8f80d3:group-B0304A278AD1:LeaderElection114] INFO  impl.RaftServerImpl (ServerState.java:setLeader(263)) - f4ed06a8-f58e-44fd-bf89-8ea63b8f80d3:group-B0304A278AD1 change Leader from null to f4ed06a8-f58e-44fd-bf89-8ea63b8f80d3 at term 1 for becomeLeader, leader elected after 5045ms
2019-08-29 08:15:49,178 [f4ed06a8-f58e-44fd-bf89-8ea63b8f80d3:group-B0304A278AD1:LeaderElection114] INFO  server.RaftServerConfigKeys (ConfUtils.java:logGet(43)) - raft.server.staging.catchup.gap = 1000 (default)
2019-08-29 08:15:49,178 [f4ed06a8-f58e-44fd-bf89-8ea63b8f80d3:group-B0304A278AD1:LeaderElection114] INFO  server.RaftServerConfigKeys (ConfUtils.java:logGet(43)) - raft.server.rpc.sleep.time = 25ms (default)
2019-08-29 08:15:49,179 [f4ed06a8-f58e-44fd-bf89-8ea63b8f80d3:group-B0304A278AD1:LeaderElection114] INFO  server.RaftServerConfigKeys (ConfUtils.java:logGet(43)) - raft.server.write.element-limit = 4096 (default)
2019-08-29 08:15:49,179 [f4ed06a8-f58e-44fd-bf89-8ea63b8f80d3:group-B0304A278AD1:LeaderElection114] INFO  server.RaftServerConfigKeys (ConfUtils.java:logGet(43)) - raft.server.watch.timeout = 10s (default)
2019-08-29 08:15:49,179 [f4ed06a8-f58e-44fd-bf89-8ea63b8f80d3:group-B0304A278AD1:LeaderElection114] INFO  server.RaftServerConfigKeys (ConfUtils.java:logGet(43)) - raft.server.watch.timeout.denomination = 1s (default)
2019-08-29 08:15:49,179 [f4ed06a8-f58e-44fd-bf89-8ea63b8f80d3:group-B0304A278AD1:LeaderElection114] INFO  server.RaftServerConfigKeys (ConfUtils.java:logGet(43)) - raft.server.watch.element-limit = 65536 (default)
2019-08-29 08:15:49,179 [f4ed06a8-f58e-44fd-bf89-8ea63b8f80d3:group-B0304A278AD1:LeaderElection114] INFO  impl.RoleInfo (RoleInfo.java:updateAndGet(143)) - f4ed06a8-f58e-44fd-bf89-8ea63b8f80d3: start LeaderState
2019-08-29 08:15:49,180 [f4ed06a8-f58e-44fd-bf89-8ea63b8f80d3:group-B0304A278AD1:LeaderElection114] INFO  segmented.SegmentedRaftLogWorker (SegmentedRaftLogWorker.java:startLogSegment(380)) - f4ed06a8-f58e-44fd-bf89-8ea63b8f80d3-SegmentedRaftLogWorker:Storage Directory /workdir/hadoop-ozone/integration-test/target/test-dir/MiniOzoneClusterImpl-249f8078-8fc0-44d6-853a-2b715126e327/datanode-1/data/ratis/23ad4240-bff0-47b5-a8b6-b0304a278ad1: Starting segment from index:0
2019-08-29 08:15:49,180 [f4ed06a8-f58e-44fd-bf89-8ea63b8f80d3:group-B0304A278AD1:LeaderElection114] INFO  impl.RaftServerImpl (ServerState.java:setRaftConf(361)) - f4ed06a8-f58e-44fd-bf89-8ea63b8f80d3:group-B0304A278AD1 set configuration 0: [f4ed06a8-f58e-44fd-bf89-8ea63b8f80d3:192.168.69.111:36473], old=null at 0
2019-08-29 08:15:49,226 [f4ed06a8-f58e-44fd-bf89-8ea63b8f80d3-SegmentedRaftLogWorker:Storage Directory /workdir/hadoop-ozone/integration-test/target/test-dir/MiniOzoneClusterImpl-249f8078-8fc0-44d6-853a-2b715126e327/datanode-1/data/ratis/23ad4240-bff0-47b5-a8b6-b0304a278ad1] INFO  segmented.SegmentedRaftLogWorker (SegmentedRaftLogWorker.java:execute(569)) - f4ed06a8-f58e-44fd-bf89-8ea63b8f80d3-SegmentedRaftLogWorker:Storage Directory /workdir/hadoop-ozone/integration-test/target/test-dir/MiniOzoneClusterImpl-249f8078-8fc0-44d6-853a-2b715126e327/datanode-1/data/ratis/23ad4240-bff0-47b5-a8b6-b0304a278ad1: created new log segment /workdir/hadoop-ozone/integration-test/target/test-dir/MiniOzoneClusterImpl-249f8078-8fc0-44d6-853a-2b715126e327/datanode-1/data/ratis/23ad4240-bff0-47b5-a8b6-b0304a278ad1/current/log_inprogress_0
2019-08-29 08:15:49,279 | INFO  | SCMAudit | user=jenkins1000 | ip=192.168.69.111 | op=SEND_HEARTBEAT {datanodeUUID=0dd33b76-ae44-43ed-8830-1aa8976f734b, command=[]} | ret=SUCCESS |  
2019-08-29 08:15:49,395 | INFO  | SCMAudit | user=jenkins1000 | ip=192.168.69.111 | op=SEND_HEARTBEAT {datanodeUUID=dedae8b3-beea-4d2b-ad20-87a9a0d5bc72, command=[]} | ret=SUCCESS |  
2019-08-29 08:15:49,456 [Thread-4925] INFO  impl.FollowerState (FollowerState.java:run(106)) - dedae8b3-beea-4d2b-ad20-87a9a0d5bc72:group-93A381CC0B86 changes to CANDIDATE, lastRpcTime:5053, electionTimeout:5053ms
2019-08-29 08:15:49,456 [Thread-4925] INFO  impl.RoleInfo (RoleInfo.java:shutdownFollowerState(121)) - dedae8b3-beea-4d2b-ad20-87a9a0d5bc72: shutdown FollowerState
2019-08-29 08:15:49,456 [Thread-4925] INFO  impl.RaftServerImpl (RaftServerImpl.java:setRole(171)) - dedae8b3-beea-4d2b-ad20-87a9a0d5bc72:group-93A381CC0B86 changes role from FOLLOWER to CANDIDATE at term 0 for changeToCandidate
2019-08-29 08:15:49,456 [Thread-4925] INFO  impl.RoleInfo (RoleInfo.java:updateAndGet(143)) - dedae8b3-beea-4d2b-ad20-87a9a0d5bc72: start LeaderElection
2019-08-29 08:15:49,472 [dedae8b3-beea-4d2b-ad20-87a9a0d5bc72:group-93A381CC0B86:LeaderElection115] INFO  impl.LeaderElection (LeaderElection.java:askForVotes(181)) - dedae8b3-beea-4d2b-ad20-87a9a0d5bc72:group-93A381CC0B86:LeaderElection115: begin an election at term 1 for -1: [dedae8b3-beea-4d2b-ad20-87a9a0d5bc72:192.168.69.111:43342], old=null
2019-08-29 08:15:49,472 [dedae8b3-beea-4d2b-ad20-87a9a0d5bc72:group-93A381CC0B86:LeaderElection115] INFO  impl.RoleInfo (RoleInfo.java:shutdownLeaderElection(134)) - dedae8b3-beea-4d2b-ad20-87a9a0d5bc72: shutdown LeaderElection
2019-08-29 08:15:49,473 [dedae8b3-beea-4d2b-ad20-87a9a0d5bc72:group-93A381CC0B86:LeaderElection115] INFO  impl.RaftServerImpl (RaftServerImpl.java:setRole(171)) - dedae8b3-beea-4d2b-ad20-87a9a0d5bc72:group-93A381CC0B86 changes role from CANDIDATE to LEADER at term 1 for changeToLeader
2019-08-29 08:15:49,473 [dedae8b3-beea-4d2b-ad20-87a9a0d5bc72:group-93A381CC0B86:LeaderElection115] INFO  impl.RaftServerImpl (ServerState.java:setLeader(263)) - dedae8b3-beea-4d2b-ad20-87a9a0d5bc72:group-93A381CC0B86 change Leader from null to dedae8b3-beea-4d2b-ad20-87a9a0d5bc72 at term 1 for becomeLeader, leader elected after 5074ms
2019-08-29 08:15:49,473 [dedae8b3-beea-4d2b-ad20-87a9a0d5bc72:group-93A381CC0B86:LeaderElection115] INFO  server.RaftServerConfigKeys (ConfUtils.java:logGet(43)) - raft.server.staging.catchup.gap = 1000 (default)
2019-08-29 08:15:49,473 [dedae8b3-beea-4d2b-ad20-87a9a0d5bc72:group-93A381CC0B86:LeaderElection115] INFO  server.RaftServerConfigKeys (ConfUtils.java:logGet(43)) - raft.server.rpc.sleep.time = 25ms (default)
2019-08-29 08:15:49,473 [dedae8b3-beea-4d2b-ad20-87a9a0d5bc72:group-93A381CC0B86:LeaderElection115] INFO  server.RaftServerConfigKeys (ConfUtils.java:logGet(43)) - raft.server.write.element-limit = 4096 (default)
2019-08-29 08:15:49,473 [dedae8b3-beea-4d2b-ad20-87a9a0d5bc72:group-93A381CC0B86:LeaderElection115] INFO  server.RaftServerConfigKeys (ConfUtils.java:logGet(43)) - raft.server.watch.timeout = 10s (default)
2019-08-29 08:15:49,473 [dedae8b3-beea-4d2b-ad20-87a9a0d5bc72:group-93A381CC0B86:LeaderElection115] INFO  server.RaftServerConfigKeys (ConfUtils.java:logGet(43)) - raft.server.watch.timeout.denomination = 1s (default)
2019-08-29 08:15:49,473 [dedae8b3-beea-4d2b-ad20-87a9a0d5bc72:group-93A381CC0B86:LeaderElection115] INFO  server.RaftServerConfigKeys (ConfUtils.java:logGet(43)) - raft.server.watch.element-limit = 65536 (default)
2019-08-29 08:15:49,473 [dedae8b3-beea-4d2b-ad20-87a9a0d5bc72:group-93A381CC0B86:LeaderElection115] INFO  impl.RoleInfo (RoleInfo.java:updateAndGet(143)) - dedae8b3-beea-4d2b-ad20-87a9a0d5bc72: start LeaderState
2019-08-29 08:15:49,474 [dedae8b3-beea-4d2b-ad20-87a9a0d5bc72:group-93A381CC0B86:LeaderElection115] INFO  segmented.SegmentedRaftLogWorker (SegmentedRaftLogWorker.java:startLogSegment(380)) - dedae8b3-beea-4d2b-ad20-87a9a0d5bc72-SegmentedRaftLogWorker:Storage Directory /workdir/hadoop-ozone/integration-test/target/test-dir/MiniOzoneClusterImpl-249f8078-8fc0-44d6-853a-2b715126e327/datanode-2/data/ratis/6e4f633f-7487-45cf-86d1-93a381cc0b86: Starting segment from index:0
2019-08-29 08:15:49,474 [dedae8b3-beea-4d2b-ad20-87a9a0d5bc72:group-93A381CC0B86:LeaderElection115] INFO  impl.RaftServerImpl (ServerState.java:setRaftConf(361)) - dedae8b3-beea-4d2b-ad20-87a9a0d5bc72:group-93A381CC0B86 set configuration 0: [dedae8b3-beea-4d2b-ad20-87a9a0d5bc72:192.168.69.111:43342], old=null at 0
2019-08-29 08:15:49,504 | INFO  | SCMAudit | user=jenkins1000 | ip=192.168.69.111 | op=SEND_HEARTBEAT {datanodeUUID=ff642454-59ec-48e6-b18d-d83138b0e5e4, command=[]} | ret=SUCCESS |  
2019-08-29 08:15:49,533 [dedae8b3-beea-4d2b-ad20-87a9a0d5bc72-SegmentedRaftLogWorker:Storage Directory /workdir/hadoop-ozone/integration-test/target/test-dir/MiniOzoneClusterImpl-249f8078-8fc0-44d6-853a-2b715126e327/datanode-2/data/ratis/6e4f633f-7487-45cf-86d1-93a381cc0b86] INFO  segmented.SegmentedRaftLogWorker (SegmentedRaftLogWorker.java:execute(569)) - dedae8b3-beea-4d2b-ad20-87a9a0d5bc72-SegmentedRaftLogWorker:Storage Directory /workdir/hadoop-ozone/integration-test/target/test-dir/MiniOzoneClusterImpl-249f8078-8fc0-44d6-853a-2b715126e327/datanode-2/data/ratis/6e4f633f-7487-45cf-86d1-93a381cc0b86: created new log segment /workdir/hadoop-ozone/integration-test/target/test-dir/MiniOzoneClusterImpl-249f8078-8fc0-44d6-853a-2b715126e327/datanode-2/data/ratis/6e4f633f-7487-45cf-86d1-93a381cc0b86/current/log_inprogress_0
2019-08-29 08:15:49,548 [Thread-4931] INFO  impl.FollowerState (FollowerState.java:run(106)) - f4ed06a8-f58e-44fd-bf89-8ea63b8f80d3:group-EBC1B9AAEA58 changes to CANDIDATE, lastRpcTime:5050, electionTimeout:5050ms
2019-08-29 08:15:49,548 [Thread-4931] INFO  impl.RoleInfo (RoleInfo.java:shutdownFollowerState(121)) - f4ed06a8-f58e-44fd-bf89-8ea63b8f80d3: shutdown FollowerState
2019-08-29 08:15:49,548 [Thread-4931] INFO  impl.RaftServerImpl (RaftServerImpl.java:setRole(171)) - f4ed06a8-f58e-44fd-bf89-8ea63b8f80d3:group-EBC1B9AAEA58 changes role from FOLLOWER to CANDIDATE at term 0 for changeToCandidate
2019-08-29 08:15:49,548 [Thread-4931] INFO  impl.RoleInfo (RoleInfo.java:updateAndGet(143)) - f4ed06a8-f58e-44fd-bf89-8ea63b8f80d3: start LeaderElection
2019-08-29 08:15:49,557 [Thread-4933] INFO  impl.FollowerState (FollowerState.java:run(106)) - dedae8b3-beea-4d2b-ad20-87a9a0d5bc72:group-EBC1B9AAEA58 changes to CANDIDATE, lastRpcTime:5058, electionTimeout:5058ms
2019-08-29 08:15:49,557 [Thread-4933] INFO  impl.RoleInfo (RoleInfo.java:shutdownFollowerState(121)) - dedae8b3-beea-4d2b-ad20-87a9a0d5bc72: shutdown FollowerState
2019-08-29 08:15:49,557 [Thread-4933] INFO  impl.RaftServerImpl (RaftServerImpl.java:setRole(171)) - dedae8b3-beea-4d2b-ad20-87a9a0d5bc72:group-EBC1B9AAEA58 changes role from FOLLOWER to CANDIDATE at term 0 for changeToCandidate
2019-08-29 08:15:49,557 [Thread-4933] INFO  impl.RoleInfo (RoleInfo.java:updateAndGet(143)) - dedae8b3-beea-4d2b-ad20-87a9a0d5bc72: start LeaderElection
2019-08-29 08:15:49,560 [Thread-4928] INFO  impl.FollowerState (FollowerState.java:run(106)) - e825e5c3-0d56-4405-b416-b67706fddd99:group-EBC1B9AAEA58 changes to CANDIDATE, lastRpcTime:5068, electionTimeout:5067ms
2019-08-29 08:15:49,560 [Thread-4928] INFO  impl.RoleInfo (RoleInfo.java:shutdownFollowerState(121)) - e825e5c3-0d56-4405-b416-b67706fddd99: shutdown FollowerState
2019-08-29 08:15:49,561 [Thread-4928] INFO  impl.RaftServerImpl (RaftServerImpl.java:setRole(171)) - e825e5c3-0d56-4405-b416-b67706fddd99:group-EBC1B9AAEA58 changes role from FOLLOWER to CANDIDATE at term 0 for changeToCandidate
2019-08-29 08:15:49,562 [Thread-4928] INFO  impl.RoleInfo (RoleInfo.java:updateAndGet(143)) - e825e5c3-0d56-4405-b416-b67706fddd99: start LeaderElection
2019-08-29 08:15:49,563 | INFO  | SCMAudit | user=jenkins1000 | ip=192.168.69.111 | op=SEND_HEARTBEAT {datanodeUUID=0c5fef0d-286d-4de9-83c3-de42cda01f07, command=[]} | ret=SUCCESS |  
2019-08-29 08:15:49,581 [e825e5c3-0d56-4405-b416-b67706fddd99:group-EBC1B9AAEA58:LeaderElection118] INFO  impl.LeaderElection (LeaderElection.java:askForVotes(181)) - e825e5c3-0d56-4405-b416-b67706fddd99:group-EBC1B9AAEA58:LeaderElection118: begin an election at term 1 for -1: [dedae8b3-beea-4d2b-ad20-87a9a0d5bc72:192.168.69.111:43342, f4ed06a8-f58e-44fd-bf89-8ea63b8f80d3:192.168.69.111:36473, e825e5c3-0d56-4405-b416-b67706fddd99:192.168.69.111:39205], old=null
2019-08-29 08:15:49,582 [dedae8b3-beea-4d2b-ad20-87a9a0d5bc72:group-EBC1B9AAEA58:LeaderElection117] INFO  impl.LeaderElection (LeaderElection.java:askForVotes(181)) - dedae8b3-beea-4d2b-ad20-87a9a0d5bc72:group-EBC1B9AAEA58:LeaderElection117: begin an election at term 1 for -1: [dedae8b3-beea-4d2b-ad20-87a9a0d5bc72:192.168.69.111:43342, f4ed06a8-f58e-44fd-bf89-8ea63b8f80d3:192.168.69.111:36473, e825e5c3-0d56-4405-b416-b67706fddd99:192.168.69.111:39205], old=null
2019-08-29 08:15:49,582 [f4ed06a8-f58e-44fd-bf89-8ea63b8f80d3:group-EBC1B9AAEA58:LeaderElection116] INFO  impl.LeaderElection (LeaderElection.java:askForVotes(181)) - f4ed06a8-f58e-44fd-bf89-8ea63b8f80d3:group-EBC1B9AAEA58:LeaderElection116: begin an election at term 1 for -1: [dedae8b3-beea-4d2b-ad20-87a9a0d5bc72:192.168.69.111:43342, f4ed06a8-f58e-44fd-bf89-8ea63b8f80d3:192.168.69.111:36473, e825e5c3-0d56-4405-b416-b67706fddd99:192.168.69.111:39205], old=null
2019-08-29 08:15:49,602 [f4ed06a8-f58e-44fd-bf89-8ea63b8f80d3:group-EBC1B9AAEA58:LeaderElection116] INFO  impl.LeaderElection (LeaderElection.java:logAndReturn(56)) - f4ed06a8-f58e-44fd-bf89-8ea63b8f80d3:group-EBC1B9AAEA58:LeaderElection116: Election REJECTED; received 2 response(s) [f4ed06a8-f58e-44fd-bf89-8ea63b8f80d3<-dedae8b3-beea-4d2b-ad20-87a9a0d5bc72#0:FAIL-t1, f4ed06a8-f58e-44fd-bf89-8ea63b8f80d3<-e825e5c3-0d56-4405-b416-b67706fddd99#0:FAIL-t1] and 0 exception(s); f4ed06a8-f58e-44fd-bf89-8ea63b8f80d3:t1, leader=null, voted=f4ed06a8-f58e-44fd-bf89-8ea63b8f80d3, raftlog=f4ed06a8-f58e-44fd-bf89-8ea63b8f80d3-SegmentedRaftLog:OPENED:c-1,f-1,i0, conf=-1: [dedae8b3-beea-4d2b-ad20-87a9a0d5bc72:192.168.69.111:43342, f4ed06a8-f58e-44fd-bf89-8ea63b8f80d3:192.168.69.111:36473, e825e5c3-0d56-4405-b416-b67706fddd99:192.168.69.111:39205], old=null
2019-08-29 08:15:49,603 [f4ed06a8-f58e-44fd-bf89-8ea63b8f80d3:group-EBC1B9AAEA58:LeaderElection116] INFO  impl.RaftServerImpl (RaftServerImpl.java:setRole(171)) - f4ed06a8-f58e-44fd-bf89-8ea63b8f80d3:group-EBC1B9AAEA58 changes role from CANDIDATE to FOLLOWER at term 1 for DISCOVERED_A_NEW_TERM
2019-08-29 08:15:49,602 [dedae8b3-beea-4d2b-ad20-87a9a0d5bc72:group-EBC1B9AAEA58:LeaderElection117] INFO  impl.LeaderElection (LeaderElection.java:logAndReturn(56)) - dedae8b3-beea-4d2b-ad20-87a9a0d5bc72:group-EBC1B9AAEA58:LeaderElection117: Election REJECTED; received 2 response(s) [dedae8b3-beea-4d2b-ad20-87a9a0d5bc72<-f4ed06a8-f58e-44fd-bf89-8ea63b8f80d3#0:FAIL-t1, dedae8b3-beea-4d2b-ad20-87a9a0d5bc72<-e825e5c3-0d56-4405-b416-b67706fddd99#0:FAIL-t1] and 0 exception(s); dedae8b3-beea-4d2b-ad20-87a9a0d5bc72:t1, leader=null, voted=dedae8b3-beea-4d2b-ad20-87a9a0d5bc72, raftlog=dedae8b3-beea-4d2b-ad20-87a9a0d5bc72-SegmentedRaftLog:OPENED:c-1,f-1,i0, conf=-1: [dedae8b3-beea-4d2b-ad20-87a9a0d5bc72:192.168.69.111:43342, f4ed06a8-f58e-44fd-bf89-8ea63b8f80d3:192.168.69.111:36473, e825e5c3-0d56-4405-b416-b67706fddd99:192.168.69.111:39205], old=null
2019-08-29 08:15:49,603 [f4ed06a8-f58e-44fd-bf89-8ea63b8f80d3:group-EBC1B9AAEA58:LeaderElection116] INFO  impl.RoleInfo (RoleInfo.java:shutdownLeaderElection(134)) - f4ed06a8-f58e-44fd-bf89-8ea63b8f80d3: shutdown LeaderElection
2019-08-29 08:15:49,603 [e825e5c3-0d56-4405-b416-b67706fddd99:group-EBC1B9AAEA58:LeaderElection118] INFO  impl.LeaderElection (LeaderElection.java:logAndReturn(56)) - e825e5c3-0d56-4405-b416-b67706fddd99:group-EBC1B9AAEA58:LeaderElection118: Election REJECTED; received 2 response(s) [e825e5c3-0d56-4405-b416-b67706fddd99<-dedae8b3-beea-4d2b-ad20-87a9a0d5bc72#0:FAIL-t1, e825e5c3-0d56-4405-b416-b67706fddd99<-f4ed06a8-f58e-44fd-bf89-8ea63b8f80d3#0:FAIL-t1] and 0 exception(s); e825e5c3-0d56-4405-b416-b67706fddd99:t1, leader=null, voted=e825e5c3-0d56-4405-b416-b67706fddd99, raftlog=e825e5c3-0d56-4405-b416-b67706fddd99-SegmentedRaftLog:OPENED:c-1,f-1,i0, conf=-1: [dedae8b3-beea-4d2b-ad20-87a9a0d5bc72:192.168.69.111:43342, f4ed06a8-f58e-44fd-bf89-8ea63b8f80d3:192.168.69.111:36473, e825e5c3-0d56-4405-b416-b67706fddd99:192.168.69.111:39205], old=null
2019-08-29 08:15:49,603 [f4ed06a8-f58e-44fd-bf89-8ea63b8f80d3:group-EBC1B9AAEA58:LeaderElection116] INFO  impl.RoleInfo (RoleInfo.java:updateAndGet(143)) - f4ed06a8-f58e-44fd-bf89-8ea63b8f80d3: start FollowerState
2019-08-29 08:15:49,603 [dedae8b3-beea-4d2b-ad20-87a9a0d5bc72:group-EBC1B9AAEA58:LeaderElection117] INFO  impl.RaftServerImpl (RaftServerImpl.java:setRole(171)) - dedae8b3-beea-4d2b-ad20-87a9a0d5bc72:group-EBC1B9AAEA58 changes role from CANDIDATE to FOLLOWER at term 1 for DISCOVERED_A_NEW_TERM
2019-08-29 08:15:49,603 [e825e5c3-0d56-4405-b416-b67706fddd99:group-EBC1B9AAEA58:LeaderElection118] INFO  impl.RaftServerImpl (RaftServerImpl.java:setRole(171)) - e825e5c3-0d56-4405-b416-b67706fddd99:group-EBC1B9AAEA58 changes role from CANDIDATE to FOLLOWER at term 1 for DISCOVERED_A_NEW_TERM
2019-08-29 08:15:49,604 [e825e5c3-0d56-4405-b416-b67706fddd99:group-EBC1B9AAEA58:LeaderElection118] INFO  impl.RoleInfo (RoleInfo.java:shutdownLeaderElection(134)) - e825e5c3-0d56-4405-b416-b67706fddd99: shutdown LeaderElection
2019-08-29 08:15:49,604 [dedae8b3-beea-4d2b-ad20-87a9a0d5bc72:group-EBC1B9AAEA58:LeaderElection117] INFO  impl.RoleInfo (RoleInfo.java:shutdownLeaderElection(134)) - dedae8b3-beea-4d2b-ad20-87a9a0d5bc72: shutdown LeaderElection
2019-08-29 08:15:49,604 [e825e5c3-0d56-4405-b416-b67706fddd99:group-EBC1B9AAEA58:LeaderElection118] INFO  impl.RoleInfo (RoleInfo.java:updateAndGet(143)) - e825e5c3-0d56-4405-b416-b67706fddd99: start FollowerState
2019-08-29 08:15:49,604 [dedae8b3-beea-4d2b-ad20-87a9a0d5bc72:group-EBC1B9AAEA58:LeaderElection117] INFO  impl.RoleInfo (RoleInfo.java:updateAndGet(143)) - dedae8b3-beea-4d2b-ad20-87a9a0d5bc72: start FollowerState
2019-08-29 08:15:49,644 [grpc-default-executor-4] INFO  client.GrpcClientProtocolClient (GrpcClientProtocolClient.java:onNext(255)) - client-B1E4CDC9F2AB->e825e5c3-0d56-4405-b416-b67706fddd99: receive RaftClientReply:client-B1E4CDC9F2AB->e825e5c3-0d56-4405-b416-b67706fddd99@group-EBC1B9AAEA58, cid=269, FAILED org.apache.ratis.protocol.NotLeaderException: Server e825e5c3-0d56-4405-b416-b67706fddd99 is not the leader (null). Request must be sent to leader., logIndex=0, commits[e825e5c3-0d56-4405-b416-b67706fddd99:c-1]
2019-08-29 08:15:49,684 [Thread-4937] INFO  impl.FollowerState (FollowerState.java:run(106)) - 0c5fef0d-286d-4de9-83c3-de42cda01f07:group-E8875026CB13 changes to CANDIDATE, lastRpcTime:5054, electionTimeout:5054ms
2019-08-29 08:15:49,684 [Thread-4937] INFO  impl.RoleInfo (RoleInfo.java:shutdownFollowerState(121)) - 0c5fef0d-286d-4de9-83c3-de42cda01f07: shutdown FollowerState
2019-08-29 08:15:49,684 [Thread-4937] INFO  impl.RaftServerImpl (RaftServerImpl.java:setRole(171)) - 0c5fef0d-286d-4de9-83c3-de42cda01f07:group-E8875026CB13 changes role from FOLLOWER to CANDIDATE at term 0 for changeToCandidate
2019-08-29 08:15:49,684 [Thread-4937] INFO  impl.RoleInfo (RoleInfo.java:updateAndGet(143)) - 0c5fef0d-286d-4de9-83c3-de42cda01f07: start LeaderElection
2019-08-29 08:15:49,737 [0c5fef0d-286d-4de9-83c3-de42cda01f07:group-E8875026CB13:LeaderElection119] INFO  impl.LeaderElection (LeaderElection.java:askForVotes(181)) - 0c5fef0d-286d-4de9-83c3-de42cda01f07:group-E8875026CB13:LeaderElection119: begin an election at term 1 for -1: [0c5fef0d-286d-4de9-83c3-de42cda01f07:192.168.69.111:41350], old=null
2019-08-29 08:15:49,738 [0c5fef0d-286d-4de9-83c3-de42cda01f07:group-E8875026CB13:LeaderElection119] INFO  impl.RoleInfo (RoleInfo.java:shutdownLeaderElection(134)) - 0c5fef0d-286d-4de9-83c3-de42cda01f07: shutdown LeaderElection
2019-08-29 08:15:49,738 [0c5fef0d-286d-4de9-83c3-de42cda01f07:group-E8875026CB13:LeaderElection119] INFO  impl.RaftServerImpl (RaftServerImpl.java:setRole(171)) - 0c5fef0d-286d-4de9-83c3-de42cda01f07:group-E8875026CB13 changes role from CANDIDATE to LEADER at term 1 for changeToLeader
2019-08-29 08:15:49,738 [0c5fef0d-286d-4de9-83c3-de42cda01f07:group-E8875026CB13:LeaderElection119] INFO  impl.RaftServerImpl (ServerState.java:setLeader(263)) - 0c5fef0d-286d-4de9-83c3-de42cda01f07:group-E8875026CB13 change Leader from null to 0c5fef0d-286d-4de9-83c3-de42cda01f07 at term 1 for becomeLeader, leader elected after 5111ms
2019-08-29 08:15:49,738 [0c5fef0d-286d-4de9-83c3-de42cda01f07:group-E8875026CB13:LeaderElection119] INFO  server.RaftServerConfigKeys (ConfUtils.java:logGet(43)) - raft.server.staging.catchup.gap = 1000 (default)
2019-08-29 08:15:49,738 [0c5fef0d-286d-4de9-83c3-de42cda01f07:group-E8875026CB13:LeaderElection119] INFO  server.RaftServerConfigKeys (ConfUtils.java:logGet(43)) - raft.server.rpc.sleep.time = 25ms (default)
2019-08-29 08:15:49,738 [0c5fef0d-286d-4de9-83c3-de42cda01f07:group-E8875026CB13:LeaderElection119] INFO  server.RaftServerConfigKeys (ConfUtils.java:logGet(43)) - raft.server.write.element-limit = 4096 (default)
2019-08-29 08:15:49,738 [0c5fef0d-286d-4de9-83c3-de42cda01f07:group-E8875026CB13:LeaderElection119] INFO  server.RaftServerConfigKeys (ConfUtils.java:logGet(43)) - raft.server.watch.timeout = 10s (default)
2019-08-29 08:15:49,739 [0c5fef0d-286d-4de9-83c3-de42cda01f07:group-E8875026CB13:LeaderElection119] INFO  server.RaftServerConfigKeys (ConfUtils.java:logGet(43)) - raft.server.watch.timeout.denomination = 1s (default)
2019-08-29 08:15:49,739 [0c5fef0d-286d-4de9-83c3-de42cda01f07:group-E8875026CB13:LeaderElection119] INFO  server.RaftServerConfigKeys (ConfUtils.java:logGet(43)) - raft.server.watch.element-limit = 65536 (default)
2019-08-29 08:15:49,739 [0c5fef0d-286d-4de9-83c3-de42cda01f07:group-E8875026CB13:LeaderElection119] INFO  impl.RoleInfo (RoleInfo.java:updateAndGet(143)) - 0c5fef0d-286d-4de9-83c3-de42cda01f07: start LeaderState
2019-08-29 08:15:49,739 [0c5fef0d-286d-4de9-83c3-de42cda01f07:group-E8875026CB13:LeaderElection119] INFO  segmented.SegmentedRaftLogWorker (SegmentedRaftLogWorker.java:startLogSegment(380)) - 0c5fef0d-286d-4de9-83c3-de42cda01f07-SegmentedRaftLogWorker:Storage Directory /workdir/hadoop-ozone/integration-test/target/test-dir/MiniOzoneClusterImpl-249f8078-8fc0-44d6-853a-2b715126e327/datanode-3/data/ratis/79de2cd6-486c-4612-970e-e8875026cb13: Starting segment from index:0
2019-08-29 08:15:49,740 [0c5fef0d-286d-4de9-83c3-de42cda01f07:group-E8875026CB13:LeaderElection119] INFO  impl.RaftServerImpl (ServerState.java:setRaftConf(361)) - 0c5fef0d-286d-4de9-83c3-de42cda01f07:group-E8875026CB13 set configuration 0: [0c5fef0d-286d-4de9-83c3-de42cda01f07:192.168.69.111:41350], old=null at 0
2019-08-29 08:15:49,746 | INFO  | SCMAudit | user=jenkins1000 | ip=192.168.69.111 | op=SEND_HEARTBEAT {datanodeUUID=dd9e2fbb-74e8-4002-a44e-6ed6076d3ed9, command=[]} | ret=SUCCESS |  
2019-08-29 08:15:49,811 [0c5fef0d-286d-4de9-83c3-de42cda01f07-SegmentedRaftLogWorker:Storage Directory /workdir/hadoop-ozone/integration-test/target/test-dir/MiniOzoneClusterImpl-249f8078-8fc0-44d6-853a-2b715126e327/datanode-3/data/ratis/79de2cd6-486c-4612-970e-e8875026cb13] INFO  segmented.SegmentedRaftLogWorker (SegmentedRaftLogWorker.java:execute(569)) - 0c5fef0d-286d-4de9-83c3-de42cda01f07-SegmentedRaftLogWorker:Storage Directory /workdir/hadoop-ozone/integration-test/target/test-dir/MiniOzoneClusterImpl-249f8078-8fc0-44d6-853a-2b715126e327/datanode-3/data/ratis/79de2cd6-486c-4612-970e-e8875026cb13: created new log segment /workdir/hadoop-ozone/integration-test/target/test-dir/MiniOzoneClusterImpl-249f8078-8fc0-44d6-853a-2b715126e327/datanode-3/data/ratis/79de2cd6-486c-4612-970e-e8875026cb13/current/log_inprogress_0
2019-08-29 08:15:49,856 | INFO  | SCMAudit | user=jenkins1000 | ip=192.168.69.111 | op=SEND_HEARTBEAT {datanodeUUID=e825e5c3-0d56-4405-b416-b67706fddd99, command=[]} | ret=SUCCESS |  
2019-08-29 08:15:49,972 [Thread-4940] INFO  impl.FollowerState (FollowerState.java:run(106)) - dd9e2fbb-74e8-4002-a44e-6ed6076d3ed9:group-DE3FC5830E49 changes to CANDIDATE, lastRpcTime:5138, electionTimeout:5138ms
2019-08-29 08:15:49,972 [Thread-4940] INFO  impl.RoleInfo (RoleInfo.java:shutdownFollowerState(121)) - dd9e2fbb-74e8-4002-a44e-6ed6076d3ed9: shutdown FollowerState
2019-08-29 08:15:49,973 [Thread-4940] INFO  impl.RaftServerImpl (RaftServerImpl.java:setRole(171)) - dd9e2fbb-74e8-4002-a44e-6ed6076d3ed9:group-DE3FC5830E49 changes role from FOLLOWER to CANDIDATE at term 0 for changeToCandidate
2019-08-29 08:15:49,973 [Thread-4940] INFO  impl.RoleInfo (RoleInfo.java:updateAndGet(143)) - dd9e2fbb-74e8-4002-a44e-6ed6076d3ed9: start LeaderElection
2019-08-29 08:15:49,996 [dd9e2fbb-74e8-4002-a44e-6ed6076d3ed9:group-DE3FC5830E49:LeaderElection120] INFO  impl.LeaderElection (LeaderElection.java:askForVotes(181)) - dd9e2fbb-74e8-4002-a44e-6ed6076d3ed9:group-DE3FC5830E49:LeaderElection120: begin an election at term 1 for -1: [dd9e2fbb-74e8-4002-a44e-6ed6076d3ed9:192.168.69.111:39702], old=null
2019-08-29 08:15:49,997 [dd9e2fbb-74e8-4002-a44e-6ed6076d3ed9:group-DE3FC5830E49:LeaderElection120] INFO  impl.RoleInfo (RoleInfo.java:shutdownLeaderElection(134)) - dd9e2fbb-74e8-4002-a44e-6ed6076d3ed9: shutdown LeaderElection
2019-08-29 08:15:49,997 [dd9e2fbb-74e8-4002-a44e-6ed6076d3ed9:group-DE3FC5830E49:LeaderElection120] INFO  impl.RaftServerImpl (RaftServerImpl.java:setRole(171)) - dd9e2fbb-74e8-4002-a44e-6ed6076d3ed9:group-DE3FC5830E49 changes role from CANDIDATE to LEADER at term 1 for changeToLeader
2019-08-29 08:15:49,997 [dd9e2fbb-74e8-4002-a44e-6ed6076d3ed9:group-DE3FC5830E49:LeaderElection120] INFO  impl.RaftServerImpl (ServerState.java:setLeader(263)) - dd9e2fbb-74e8-4002-a44e-6ed6076d3ed9:group-DE3FC5830E49 change Leader from null to dd9e2fbb-74e8-4002-a44e-6ed6076d3ed9 at term 1 for becomeLeader, leader elected after 5169ms
2019-08-29 08:15:49,997 [dd9e2fbb-74e8-4002-a44e-6ed6076d3ed9:group-DE3FC5830E49:LeaderElection120] INFO  server.RaftServerConfigKeys (ConfUtils.java:logGet(43)) - raft.server.staging.catchup.gap = 1000 (default)
2019-08-29 08:15:49,997 [dd9e2fbb-74e8-4002-a44e-6ed6076d3ed9:group-DE3FC5830E49:LeaderElection120] INFO  server.RaftServerConfigKeys (ConfUtils.java:logGet(43)) - raft.server.rpc.sleep.time = 25ms (default)
2019-08-29 08:15:49,998 [dd9e2fbb-74e8-4002-a44e-6ed6076d3ed9:group-DE3FC5830E49:LeaderElection120] INFO  server.RaftServerConfigKeys (ConfUtils.java:logGet(43)) - raft.server.write.element-limit = 4096 (default)
2019-08-29 08:15:49,998 [dd9e2fbb-74e8-4002-a44e-6ed6076d3ed9:group-DE3FC5830E49:LeaderElection120] INFO  server.RaftServerConfigKeys (ConfUtils.java:logGet(43)) - raft.server.watch.timeout = 10s (default)
2019-08-29 08:15:49,998 [dd9e2fbb-74e8-4002-a44e-6ed6076d3ed9:group-DE3FC5830E49:LeaderElection120] INFO  server.RaftServerConfigKeys (ConfUtils.java:logGet(43)) - raft.server.watch.timeout.denomination = 1s (default)
2019-08-29 08:15:49,998 [dd9e2fbb-74e8-4002-a44e-6ed6076d3ed9:group-DE3FC5830E49:LeaderElection120] INFO  server.RaftServerConfigKeys (ConfUtils.java:logGet(43)) - raft.server.watch.element-limit = 65536 (default)
2019-08-29 08:15:49,998 [dd9e2fbb-74e8-4002-a44e-6ed6076d3ed9:group-DE3FC5830E49:LeaderElection120] INFO  impl.RoleInfo (RoleInfo.java:updateAndGet(143)) - dd9e2fbb-74e8-4002-a44e-6ed6076d3ed9: start LeaderState
2019-08-29 08:15:49,999 [dd9e2fbb-74e8-4002-a44e-6ed6076d3ed9:group-DE3FC5830E49:LeaderElection120] INFO  segmented.SegmentedRaftLogWorker (SegmentedRaftLogWorker.java:startLogSegment(380)) - dd9e2fbb-74e8-4002-a44e-6ed6076d3ed9-SegmentedRaftLogWorker:Storage Directory /workdir/hadoop-ozone/integration-test/target/test-dir/MiniOzoneClusterImpl-249f8078-8fc0-44d6-853a-2b715126e327/datanode-4/data/ratis/d2cf43b4-cd24-4841-a085-de3fc5830e49: Starting segment from index:0
2019-08-29 08:15:49,999 [dd9e2fbb-74e8-4002-a44e-6ed6076d3ed9:group-DE3FC5830E49:LeaderElection120] INFO  impl.RaftServerImpl (ServerState.java:setRaftConf(361)) - dd9e2fbb-74e8-4002-a44e-6ed6076d3ed9:group-DE3FC5830E49 set configuration 0: [dd9e2fbb-74e8-4002-a44e-6ed6076d3ed9:192.168.69.111:39702], old=null at 0
2019-08-29 08:15:50,038 [dd9e2fbb-74e8-4002-a44e-6ed6076d3ed9-SegmentedRaftLogWorker:Storage Directory /workdir/hadoop-ozone/integration-test/target/test-dir/MiniOzoneClusterImpl-249f8078-8fc0-44d6-853a-2b715126e327/datanode-4/data/ratis/d2cf43b4-cd24-4841-a085-de3fc5830e49] INFO  segmented.SegmentedRaftLogWorker (SegmentedRaftLogWorker.java:execute(569)) - dd9e2fbb-74e8-4002-a44e-6ed6076d3ed9-SegmentedRaftLogWorker:Storage Directory /workdir/hadoop-ozone/integration-test/target/test-dir/MiniOzoneClusterImpl-249f8078-8fc0-44d6-853a-2b715126e327/datanode-4/data/ratis/d2cf43b4-cd24-4841-a085-de3fc5830e49: created new log segment /workdir/hadoop-ozone/integration-test/target/test-dir/MiniOzoneClusterImpl-249f8078-8fc0-44d6-853a-2b715126e327/datanode-4/data/ratis/d2cf43b4-cd24-4841-a085-de3fc5830e49/current/log_inprogress_0
2019-08-29 08:15:50,073 | INFO  | SCMAudit | user=jenkins1000 | ip=192.168.69.111 | op=SEND_HEARTBEAT {datanodeUUID=f4ed06a8-f58e-44fd-bf89-8ea63b8f80d3, command=[]} | ret=SUCCESS |  
2019-08-29 08:15:50,280 | INFO  | SCMAudit | user=jenkins1000 | ip=192.168.69.111 | op=SEND_HEARTBEAT {datanodeUUID=0dd33b76-ae44-43ed-8830-1aa8976f734b, command=[]} | ret=SUCCESS |  
2019-08-29 08:15:50,325 | INFO  | SCMAudit | user=jenkins1000 | ip=192.168.69.111 | op=SEND_HEARTBEAT {datanodeUUID=dedae8b3-beea-4d2b-ad20-87a9a0d5bc72, command=[]} | ret=SUCCESS |  
2019-08-29 08:15:50,504 | INFO  | SCMAudit | user=jenkins1000 | ip=192.168.69.111 | op=SEND_HEARTBEAT {datanodeUUID=ff642454-59ec-48e6-b18d-d83138b0e5e4, command=[]} | ret=SUCCESS |  
2019-08-29 08:15:50,534 [Thread-4943] INFO  impl.FollowerState (FollowerState.java:run(106)) - 0dd33b76-ae44-43ed-8830-1aa8976f734b:group-FA56F51BF22E changes to CANDIDATE, lastRpcTime:5149, electionTimeout:5149ms
2019-08-29 08:15:50,534 [Thread-4943] INFO  impl.RoleInfo (RoleInfo.java:shutdownFollowerState(121)) - 0dd33b76-ae44-43ed-8830-1aa8976f734b: shutdown FollowerState
2019-08-29 08:15:50,534 [Thread-4943] INFO  impl.RaftServerImpl (RaftServerImpl.java:setRole(171)) - 0dd33b76-ae44-43ed-8830-1aa8976f734b:group-FA56F51BF22E changes role from FOLLOWER to CANDIDATE at term 0 for changeToCandidate
2019-08-29 08:15:50,534 [Thread-4943] INFO  impl.RoleInfo (RoleInfo.java:updateAndGet(143)) - 0dd33b76-ae44-43ed-8830-1aa8976f734b: start LeaderElection
2019-08-29 08:15:50,562 | INFO  | SCMAudit | user=jenkins1000 | ip=192.168.69.111 | op=SEND_HEARTBEAT {datanodeUUID=0c5fef0d-286d-4de9-83c3-de42cda01f07, command=[]} | ret=SUCCESS |  
2019-08-29 08:15:50,564 [Thread-4952] INFO  impl.FollowerState (FollowerState.java:run(106)) - dd9e2fbb-74e8-4002-a44e-6ed6076d3ed9:group-7A16FAC25C82 changes to CANDIDATE, lastRpcTime:5045, electionTimeout:5045ms
2019-08-29 08:15:50,565 [Thread-4952] INFO  impl.RoleInfo (RoleInfo.java:shutdownFollowerState(121)) - dd9e2fbb-74e8-4002-a44e-6ed6076d3ed9: shutdown FollowerState
2019-08-29 08:15:50,565 [Thread-4952] INFO  impl.RaftServerImpl (RaftServerImpl.java:setRole(171)) - dd9e2fbb-74e8-4002-a44e-6ed6076d3ed9:group-7A16FAC25C82 changes role from FOLLOWER to CANDIDATE at term 0 for changeToCandidate
2019-08-29 08:15:50,565 [Thread-4952] INFO  impl.RoleInfo (RoleInfo.java:updateAndGet(143)) - dd9e2fbb-74e8-4002-a44e-6ed6076d3ed9: start LeaderElection
2019-08-29 08:15:50,568 [0dd33b76-ae44-43ed-8830-1aa8976f734b:group-FA56F51BF22E:LeaderElection121] INFO  impl.LeaderElection (LeaderElection.java:askForVotes(181)) - 0dd33b76-ae44-43ed-8830-1aa8976f734b:group-FA56F51BF22E:LeaderElection121: begin an election at term 1 for -1: [0dd33b76-ae44-43ed-8830-1aa8976f734b:192.168.69.111:39133], old=null
2019-08-29 08:15:50,568 [Thread-4946] INFO  impl.FollowerState (FollowerState.java:run(106)) - 0c5fef0d-286d-4de9-83c3-de42cda01f07:group-7A16FAC25C82 changes to CANDIDATE, lastRpcTime:5059, electionTimeout:5059ms
2019-08-29 08:15:50,573 [0dd33b76-ae44-43ed-8830-1aa8976f734b:group-FA56F51BF22E:LeaderElection121] INFO  impl.RoleInfo (RoleInfo.java:shutdownLeaderElection(134)) - 0dd33b76-ae44-43ed-8830-1aa8976f734b: shutdown LeaderElection
2019-08-29 08:15:50,573 [Thread-4946] INFO  impl.RoleInfo (RoleInfo.java:shutdownFollowerState(121)) - 0c5fef0d-286d-4de9-83c3-de42cda01f07: shutdown FollowerState
2019-08-29 08:15:50,573 [0dd33b76-ae44-43ed-8830-1aa8976f734b:group-FA56F51BF22E:LeaderElection121] INFO  impl.RaftServerImpl (RaftServerImpl.java:setRole(171)) - 0dd33b76-ae44-43ed-8830-1aa8976f734b:group-FA56F51BF22E changes role from CANDIDATE to LEADER at term 1 for changeToLeader
2019-08-29 08:15:50,573 [Thread-4946] INFO  impl.RaftServerImpl (RaftServerImpl.java:setRole(171)) - 0c5fef0d-286d-4de9-83c3-de42cda01f07:group-7A16FAC25C82 changes role from FOLLOWER to CANDIDATE at term 0 for changeToCandidate
2019-08-29 08:15:50,573 [0dd33b76-ae44-43ed-8830-1aa8976f734b:group-FA56F51BF22E:LeaderElection121] INFO  impl.RaftServerImpl (ServerState.java:setLeader(263)) - 0dd33b76-ae44-43ed-8830-1aa8976f734b:group-FA56F51BF22E change Leader from null to 0dd33b76-ae44-43ed-8830-1aa8976f734b at term 1 for becomeLeader, leader elected after 5194ms
2019-08-29 08:15:50,573 [Thread-4946] INFO  impl.RoleInfo (RoleInfo.java:updateAndGet(143)) - 0c5fef0d-286d-4de9-83c3-de42cda01f07: start LeaderElection
2019-08-29 08:15:50,573 [0dd33b76-ae44-43ed-8830-1aa8976f734b:group-FA56F51BF22E:LeaderElection121] INFO  server.RaftServerConfigKeys (ConfUtils.java:logGet(43)) - raft.server.staging.catchup.gap = 1000 (default)
2019-08-29 08:15:50,574 [0dd33b76-ae44-43ed-8830-1aa8976f734b:group-FA56F51BF22E:LeaderElection121] INFO  server.RaftServerConfigKeys (ConfUtils.java:logGet(43)) - raft.server.rpc.sleep.time = 25ms (default)
2019-08-29 08:15:50,576 [0dd33b76-ae44-43ed-8830-1aa8976f734b:group-FA56F51BF22E:LeaderElection121] INFO  server.RaftServerConfigKeys (ConfUtils.java:logGet(43)) - raft.server.write.element-limit = 4096 (default)
2019-08-29 08:15:50,581 [0dd33b76-ae44-43ed-8830-1aa8976f734b:group-FA56F51BF22E:LeaderElection121] INFO  server.RaftServerConfigKeys (ConfUtils.java:logGet(43)) - raft.server.watch.timeout = 10s (default)
2019-08-29 08:15:50,581 [0dd33b76-ae44-43ed-8830-1aa8976f734b:group-FA56F51BF22E:LeaderElection121] INFO  server.RaftServerConfigKeys (ConfUtils.java:logGet(43)) - raft.server.watch.timeout.denomination = 1s (default)
2019-08-29 08:15:50,581 [0dd33b76-ae44-43ed-8830-1aa8976f734b:group-FA56F51BF22E:LeaderElection121] INFO  server.RaftServerConfigKeys (ConfUtils.java:logGet(43)) - raft.server.watch.element-limit = 65536 (default)
2019-08-29 08:15:50,581 [0dd33b76-ae44-43ed-8830-1aa8976f734b:group-FA56F51BF22E:LeaderElection121] INFO  impl.RoleInfo (RoleInfo.java:updateAndGet(143)) - 0dd33b76-ae44-43ed-8830-1aa8976f734b: start LeaderState
2019-08-29 08:15:50,581 [0dd33b76-ae44-43ed-8830-1aa8976f734b:group-FA56F51BF22E:LeaderElection121] INFO  segmented.SegmentedRaftLogWorker (SegmentedRaftLogWorker.java:startLogSegment(380)) - 0dd33b76-ae44-43ed-8830-1aa8976f734b-SegmentedRaftLogWorker:Storage Directory /workdir/hadoop-ozone/integration-test/target/test-dir/MiniOzoneClusterImpl-249f8078-8fc0-44d6-853a-2b715126e327/datanode-5/data/ratis/4e46ac92-cb9e-4522-8875-fa56f51bf22e: Starting segment from index:0
2019-08-29 08:15:50,582 [0dd33b76-ae44-43ed-8830-1aa8976f734b:group-FA56F51BF22E:LeaderElection121] INFO  impl.RaftServerImpl (ServerState.java:setRaftConf(361)) - 0dd33b76-ae44-43ed-8830-1aa8976f734b:group-FA56F51BF22E set configuration 0: [0dd33b76-ae44-43ed-8830-1aa8976f734b:192.168.69.111:39133], old=null at 0
2019-08-29 08:15:50,592 [dd9e2fbb-74e8-4002-a44e-6ed6076d3ed9:group-7A16FAC25C82:LeaderElection122] INFO  impl.LeaderElection (LeaderElection.java:askForVotes(181)) - dd9e2fbb-74e8-4002-a44e-6ed6076d3ed9:group-7A16FAC25C82:LeaderElection122: begin an election at term 1 for -1: [0c5fef0d-286d-4de9-83c3-de42cda01f07:192.168.69.111:41350, 0dd33b76-ae44-43ed-8830-1aa8976f734b:192.168.69.111:39133, dd9e2fbb-74e8-4002-a44e-6ed6076d3ed9:192.168.69.111:39702], old=null
2019-08-29 08:15:50,626 [0c5fef0d-286d-4de9-83c3-de42cda01f07:group-7A16FAC25C82:LeaderElection123] INFO  impl.LeaderElection (LeaderElection.java:askForVotes(181)) - 0c5fef0d-286d-4de9-83c3-de42cda01f07:group-7A16FAC25C82:LeaderElection123: begin an election at term 1 for -1: [0c5fef0d-286d-4de9-83c3-de42cda01f07:192.168.69.111:41350, 0dd33b76-ae44-43ed-8830-1aa8976f734b:192.168.69.111:39133, dd9e2fbb-74e8-4002-a44e-6ed6076d3ed9:192.168.69.111:39702], old=null
2019-08-29 08:15:50,632 [grpc-default-executor-9] INFO  impl.RaftServerImpl (RaftServerImpl.java:setRole(171)) - 0dd33b76-ae44-43ed-8830-1aa8976f734b:group-7A16FAC25C82 changes role from FOLLOWER to FOLLOWER at term 1 for recognizeCandidate:dd9e2fbb-74e8-4002-a44e-6ed6076d3ed9
2019-08-29 08:15:50,632 [grpc-default-executor-9] INFO  impl.RoleInfo (RoleInfo.java:shutdownFollowerState(121)) - 0dd33b76-ae44-43ed-8830-1aa8976f734b: shutdown FollowerState
2019-08-29 08:15:50,634 [grpc-default-executor-9] INFO  impl.RoleInfo (RoleInfo.java:updateAndGet(143)) - 0dd33b76-ae44-43ed-8830-1aa8976f734b: start FollowerState
2019-08-29 08:15:50,635 [Thread-4950] INFO  impl.FollowerState (FollowerState.java:run(114)) - 0dd33b76-ae44-43ed-8830-1aa8976f734b: FollowerState was interrupted: java.lang.InterruptedException: sleep interrupted
2019-08-29 08:15:50,655 [0dd33b76-ae44-43ed-8830-1aa8976f734b-SegmentedRaftLogWorker:Storage Directory /workdir/hadoop-ozone/integration-test/target/test-dir/MiniOzoneClusterImpl-249f8078-8fc0-44d6-853a-2b715126e327/datanode-5/data/ratis/4e46ac92-cb9e-4522-8875-fa56f51bf22e] INFO  segmented.SegmentedRaftLogWorker (SegmentedRaftLogWorker.java:execute(569)) - 0dd33b76-ae44-43ed-8830-1aa8976f734b-SegmentedRaftLogWorker:Storage Directory /workdir/hadoop-ozone/integration-test/target/test-dir/MiniOzoneClusterImpl-249f8078-8fc0-44d6-853a-2b715126e327/datanode-5/data/ratis/4e46ac92-cb9e-4522-8875-fa56f51bf22e: created new log segment /workdir/hadoop-ozone/integration-test/target/test-dir/MiniOzoneClusterImpl-249f8078-8fc0-44d6-853a-2b715126e327/datanode-5/data/ratis/4e46ac92-cb9e-4522-8875-fa56f51bf22e/current/log_inprogress_0
2019-08-29 08:15:50,658 [grpc-default-executor-11] INFO  client.GrpcClientProtocolClient (GrpcClientProtocolClient.java:onNext(255)) - client-B1E4CDC9F2AB->dedae8b3-beea-4d2b-ad20-87a9a0d5bc72: receive RaftClientReply:client-B1E4CDC9F2AB->dedae8b3-beea-4d2b-ad20-87a9a0d5bc72@group-EBC1B9AAEA58, cid=269, FAILED org.apache.ratis.protocol.NotLeaderException: Server dedae8b3-beea-4d2b-ad20-87a9a0d5bc72 is not the leader (null). Request must be sent to leader., logIndex=0, commits[dedae8b3-beea-4d2b-ad20-87a9a0d5bc72:c-1]
2019-08-29 08:15:50,673 [0c5fef0d-286d-4de9-83c3-de42cda01f07:group-7A16FAC25C82:LeaderElection123] INFO  impl.LeaderElection (LeaderElection.java:logAndReturn(56)) - 0c5fef0d-286d-4de9-83c3-de42cda01f07:group-7A16FAC25C82:LeaderElection123: Election REJECTED; received 2 response(s) [0c5fef0d-286d-4de9-83c3-de42cda01f07<-0dd33b76-ae44-43ed-8830-1aa8976f734b#0:FAIL-t1, 0c5fef0d-286d-4de9-83c3-de42cda01f07<-dd9e2fbb-74e8-4002-a44e-6ed6076d3ed9#0:FAIL-t1] and 0 exception(s); 0c5fef0d-286d-4de9-83c3-de42cda01f07:t1, leader=null, voted=0c5fef0d-286d-4de9-83c3-de42cda01f07, raftlog=0c5fef0d-286d-4de9-83c3-de42cda01f07-SegmentedRaftLog:OPENED:c-1,f-1,i0, conf=-1: [0c5fef0d-286d-4de9-83c3-de42cda01f07:192.168.69.111:41350, 0dd33b76-ae44-43ed-8830-1aa8976f734b:192.168.69.111:39133, dd9e2fbb-74e8-4002-a44e-6ed6076d3ed9:192.168.69.111:39702], old=null
2019-08-29 08:15:50,673 [dd9e2fbb-74e8-4002-a44e-6ed6076d3ed9:group-7A16FAC25C82:LeaderElection122] INFO  impl.LeaderElection (LeaderElection.java:logAndReturn(56)) - dd9e2fbb-74e8-4002-a44e-6ed6076d3ed9:group-7A16FAC25C82:LeaderElection122: Election PASSED; received 2 response(s) [dd9e2fbb-74e8-4002-a44e-6ed6076d3ed9<-0c5fef0d-286d-4de9-83c3-de42cda01f07#0:FAIL-t1, dd9e2fbb-74e8-4002-a44e-6ed6076d3ed9<-0dd33b76-ae44-43ed-8830-1aa8976f734b#0:OK-t1] and 0 exception(s); dd9e2fbb-74e8-4002-a44e-6ed6076d3ed9:t1, leader=null, voted=dd9e2fbb-74e8-4002-a44e-6ed6076d3ed9, raftlog=dd9e2fbb-74e8-4002-a44e-6ed6076d3ed9-SegmentedRaftLog:OPENED:c-1,f-1,i0, conf=-1: [0c5fef0d-286d-4de9-83c3-de42cda01f07:192.168.69.111:41350, 0dd33b76-ae44-43ed-8830-1aa8976f734b:192.168.69.111:39133, dd9e2fbb-74e8-4002-a44e-6ed6076d3ed9:192.168.69.111:39702], old=null
2019-08-29 08:15:50,673 [0c5fef0d-286d-4de9-83c3-de42cda01f07:group-7A16FAC25C82:LeaderElection123] INFO  impl.RaftServerImpl (RaftServerImpl.java:setRole(171)) - 0c5fef0d-286d-4de9-83c3-de42cda01f07:group-7A16FAC25C82 changes role from CANDIDATE to FOLLOWER at term 1 for DISCOVERED_A_NEW_TERM
2019-08-29 08:15:50,673 [dd9e2fbb-74e8-4002-a44e-6ed6076d3ed9:group-7A16FAC25C82:LeaderElection122] INFO  impl.RoleInfo (RoleInfo.java:shutdownLeaderElection(134)) - dd9e2fbb-74e8-4002-a44e-6ed6076d3ed9: shutdown LeaderElection
2019-08-29 08:15:50,674 [0c5fef0d-286d-4de9-83c3-de42cda01f07:group-7A16FAC25C82:LeaderElection123] INFO  impl.RoleInfo (RoleInfo.java:shutdownLeaderElection(134)) - 0c5fef0d-286d-4de9-83c3-de42cda01f07: shutdown LeaderElection
2019-08-29 08:15:50,674 [dd9e2fbb-74e8-4002-a44e-6ed6076d3ed9:group-7A16FAC25C82:LeaderElection122] INFO  impl.RaftServerImpl (RaftServerImpl.java:setRole(171)) - dd9e2fbb-74e8-4002-a44e-6ed6076d3ed9:group-7A16FAC25C82 changes role from CANDIDATE to LEADER at term 1 for changeToLeader
2019-08-29 08:15:50,674 [0c5fef0d-286d-4de9-83c3-de42cda01f07:group-7A16FAC25C82:LeaderElection123] INFO  impl.RoleInfo (RoleInfo.java:updateAndGet(143)) - 0c5fef0d-286d-4de9-83c3-de42cda01f07: start FollowerState
2019-08-29 08:15:50,674 [dd9e2fbb-74e8-4002-a44e-6ed6076d3ed9:group-7A16FAC25C82:LeaderElection122] INFO  impl.RaftServerImpl (ServerState.java:setLeader(263)) - dd9e2fbb-74e8-4002-a44e-6ed6076d3ed9:group-7A16FAC25C82 change Leader from null to dd9e2fbb-74e8-4002-a44e-6ed6076d3ed9 at term 1 for becomeLeader, leader elected after 5176ms
2019-08-29 08:15:50,674 [dd9e2fbb-74e8-4002-a44e-6ed6076d3ed9:group-7A16FAC25C82:LeaderElection122] INFO  server.RaftServerConfigKeys (ConfUtils.java:logGet(43)) - raft.server.staging.catchup.gap = 1000 (default)
2019-08-29 08:15:50,675 [dd9e2fbb-74e8-4002-a44e-6ed6076d3ed9:group-7A16FAC25C82:LeaderElection122] INFO  server.RaftServerConfigKeys (ConfUtils.java:logGet(43)) - raft.server.rpc.sleep.time = 25ms (default)
2019-08-29 08:15:50,675 [dd9e2fbb-74e8-4002-a44e-6ed6076d3ed9:group-7A16FAC25C82:LeaderElection122] INFO  server.RaftServerConfigKeys (ConfUtils.java:logGet(43)) - raft.server.write.element-limit = 4096 (default)
2019-08-29 08:15:50,675 [dd9e2fbb-74e8-4002-a44e-6ed6076d3ed9:group-7A16FAC25C82:LeaderElection122] INFO  server.RaftServerConfigKeys (ConfUtils.java:logGet(43)) - raft.server.watch.timeout = 10s (default)
2019-08-29 08:15:50,675 [dd9e2fbb-74e8-4002-a44e-6ed6076d3ed9:group-7A16FAC25C82:LeaderElection122] INFO  server.RaftServerConfigKeys (ConfUtils.java:logGet(43)) - raft.server.watch.timeout.denomination = 1s (default)
2019-08-29 08:15:50,675 [dd9e2fbb-74e8-4002-a44e-6ed6076d3ed9:group-7A16FAC25C82:LeaderElection122] INFO  server.RaftServerConfigKeys (ConfUtils.java:logGet(43)) - raft.server.watch.element-limit = 65536 (default)
2019-08-29 08:15:50,676 [dd9e2fbb-74e8-4002-a44e-6ed6076d3ed9:group-7A16FAC25C82:LeaderElection122] INFO  server.RaftServerConfigKeys (ConfUtils.java:logGet(43)) - raft.server.log.appender.snapshot.chunk.size.max = 16MB (=16777216) (default)
2019-08-29 08:15:50,676 [dd9e2fbb-74e8-4002-a44e-6ed6076d3ed9:group-7A16FAC25C82:LeaderElection122] INFO  server.RaftServerConfigKeys (ConfUtils.java:logGet(43)) - raft.server.log.appender.buffer.byte-limit = 33554432 (custom)
2019-08-29 08:15:50,676 [dd9e2fbb-74e8-4002-a44e-6ed6076d3ed9:group-7A16FAC25C82:LeaderElection122] INFO  server.RaftServerConfigKeys (ConfUtils.java:logGet(43)) - raft.server.log.appender.buffer.element-limit = 1 (custom)
2019-08-29 08:15:50,676 [dd9e2fbb-74e8-4002-a44e-6ed6076d3ed9:group-7A16FAC25C82:LeaderElection122] INFO  grpc.GrpcConfigKeys$Server (ConfUtils.java:logGet(43)) - raft.grpc.server.leader.outstanding.appends.max = 128 (default)
2019-08-29 08:15:50,677 [dd9e2fbb-74e8-4002-a44e-6ed6076d3ed9:group-7A16FAC25C82:LeaderElection122] INFO  server.RaftServerConfigKeys (ConfUtils.java:logGet(43)) - raft.server.rpc.request.timeout = 3000ms (default)
2019-08-29 08:15:50,677 [dd9e2fbb-74e8-4002-a44e-6ed6076d3ed9:group-7A16FAC25C82:LeaderElection122] INFO  server.RaftServerConfigKeys (ConfUtils.java:logGet(43)) - raft.server.log.appender.install.snapshot.enabled = false (custom)
2019-08-29 08:15:50,677 [dd9e2fbb-74e8-4002-a44e-6ed6076d3ed9:group-7A16FAC25C82:LeaderElection122] INFO  server.RaftServerConfigKeys (ConfUtils.java:logGet(43)) - raft.server.log.appender.snapshot.chunk.size.max = 16MB (=16777216) (default)
2019-08-29 08:15:50,677 [dd9e2fbb-74e8-4002-a44e-6ed6076d3ed9:group-7A16FAC25C82:LeaderElection122] INFO  server.RaftServerConfigKeys (ConfUtils.java:logGet(43)) - raft.server.log.appender.buffer.byte-limit = 33554432 (custom)
2019-08-29 08:15:50,677 [dd9e2fbb-74e8-4002-a44e-6ed6076d3ed9:group-7A16FAC25C82:LeaderElection122] INFO  server.RaftServerConfigKeys (ConfUtils.java:logGet(43)) - raft.server.log.appender.buffer.element-limit = 1 (custom)
2019-08-29 08:15:50,678 [dd9e2fbb-74e8-4002-a44e-6ed6076d3ed9:group-7A16FAC25C82:LeaderElection122] INFO  grpc.GrpcConfigKeys$Server (ConfUtils.java:logGet(43)) - raft.grpc.server.leader.outstanding.appends.max = 128 (default)
2019-08-29 08:15:50,678 [dd9e2fbb-74e8-4002-a44e-6ed6076d3ed9:group-7A16FAC25C82:LeaderElection122] INFO  server.RaftServerConfigKeys (ConfUtils.java:logGet(43)) - raft.server.rpc.request.timeout = 3000ms (default)
2019-08-29 08:15:50,678 [dd9e2fbb-74e8-4002-a44e-6ed6076d3ed9:group-7A16FAC25C82:LeaderElection122] INFO  server.RaftServerConfigKeys (ConfUtils.java:logGet(43)) - raft.server.log.appender.install.snapshot.enabled = false (custom)
2019-08-29 08:15:50,678 [dd9e2fbb-74e8-4002-a44e-6ed6076d3ed9:group-7A16FAC25C82:LeaderElection122] INFO  impl.RoleInfo (RoleInfo.java:updateAndGet(143)) - dd9e2fbb-74e8-4002-a44e-6ed6076d3ed9: start LeaderState
2019-08-29 08:15:50,679 [dd9e2fbb-74e8-4002-a44e-6ed6076d3ed9:group-7A16FAC25C82:LeaderElection122] INFO  segmented.SegmentedRaftLogWorker (SegmentedRaftLogWorker.java:startLogSegment(380)) - dd9e2fbb-74e8-4002-a44e-6ed6076d3ed9-SegmentedRaftLogWorker:Storage Directory /workdir/hadoop-ozone/integration-test/target/test-dir/MiniOzoneClusterImpl-249f8078-8fc0-44d6-853a-2b715126e327/datanode-4/data/ratis/048a77e6-af6c-4945-854d-7a16fac25c82: Starting segment from index:0
2019-08-29 08:15:50,680 [dd9e2fbb-74e8-4002-a44e-6ed6076d3ed9:group-7A16FAC25C82:LeaderElection122] INFO  impl.RaftServerImpl (ServerState.java:setRaftConf(361)) - dd9e2fbb-74e8-4002-a44e-6ed6076d3ed9:group-7A16FAC25C82 set configuration 0: [0c5fef0d-286d-4de9-83c3-de42cda01f07:192.168.69.111:41350, 0dd33b76-ae44-43ed-8830-1aa8976f734b:192.168.69.111:39133, dd9e2fbb-74e8-4002-a44e-6ed6076d3ed9:192.168.69.111:39702], old=null at 0
2019-08-29 08:15:50,680 [grpc-default-executor-9] INFO  impl.RaftServerImpl (ServerState.java:setLeader(263)) - 0c5fef0d-286d-4de9-83c3-de42cda01f07:group-7A16FAC25C82 change Leader from null to dd9e2fbb-74e8-4002-a44e-6ed6076d3ed9 at term 1 for appendEntries, leader elected after 5182ms
2019-08-29 08:15:50,681 [grpc-default-executor-4] INFO  impl.RaftServerImpl (ServerState.java:setLeader(263)) - 0dd33b76-ae44-43ed-8830-1aa8976f734b:group-7A16FAC25C82 change Leader from null to dd9e2fbb-74e8-4002-a44e-6ed6076d3ed9 at term 1 for appendEntries, leader elected after 5182ms
2019-08-29 08:15:50,684 [grpc-default-executor-4] INFO  impl.RaftServerImpl (ServerState.java:setRaftConf(361)) - 0dd33b76-ae44-43ed-8830-1aa8976f734b:group-7A16FAC25C82 set configuration 0: [0c5fef0d-286d-4de9-83c3-de42cda01f07:192.168.69.111:41350, 0dd33b76-ae44-43ed-8830-1aa8976f734b:192.168.69.111:39133, dd9e2fbb-74e8-4002-a44e-6ed6076d3ed9:192.168.69.111:39702], old=null at 0
2019-08-29 08:15:50,684 [grpc-default-executor-9] INFO  impl.RaftServerImpl (ServerState.java:setRaftConf(361)) - 0c5fef0d-286d-4de9-83c3-de42cda01f07:group-7A16FAC25C82 set configuration 0: [0c5fef0d-286d-4de9-83c3-de42cda01f07:192.168.69.111:41350, 0dd33b76-ae44-43ed-8830-1aa8976f734b:192.168.69.111:39133, dd9e2fbb-74e8-4002-a44e-6ed6076d3ed9:192.168.69.111:39702], old=null at 0
2019-08-29 08:15:50,685 [grpc-default-executor-4] INFO  segmented.SegmentedRaftLogWorker (SegmentedRaftLogWorker.java:startLogSegment(380)) - 0dd33b76-ae44-43ed-8830-1aa8976f734b-SegmentedRaftLogWorker:Storage Directory /workdir/hadoop-ozone/integration-test/target/test-dir/MiniOzoneClusterImpl-249f8078-8fc0-44d6-853a-2b715126e327/datanode-5/data/ratis/048a77e6-af6c-4945-854d-7a16fac25c82: Starting segment from index:0
2019-08-29 08:15:50,685 [grpc-default-executor-9] INFO  segmented.SegmentedRaftLogWorker (SegmentedRaftLogWorker.java:startLogSegment(380)) - 0c5fef0d-286d-4de9-83c3-de42cda01f07-SegmentedRaftLogWorker:Storage Directory /workdir/hadoop-ozone/integration-test/target/test-dir/MiniOzoneClusterImpl-249f8078-8fc0-44d6-853a-2b715126e327/datanode-3/data/ratis/048a77e6-af6c-4945-854d-7a16fac25c82: Starting segment from index:0
2019-08-29 08:15:50,747 | INFO  | SCMAudit | user=jenkins1000 | ip=192.168.69.111 | op=SEND_HEARTBEAT {datanodeUUID=dd9e2fbb-74e8-4002-a44e-6ed6076d3ed9, command=[]} | ret=SUCCESS |  
2019-08-29 08:15:50,757 [0c5fef0d-286d-4de9-83c3-de42cda01f07-SegmentedRaftLogWorker:Storage Directory /workdir/hadoop-ozone/integration-test/target/test-dir/MiniOzoneClusterImpl-249f8078-8fc0-44d6-853a-2b715126e327/datanode-3/data/ratis/048a77e6-af6c-4945-854d-7a16fac25c82] INFO  segmented.SegmentedRaftLogWorker (SegmentedRaftLogWorker.java:execute(569)) - 0c5fef0d-286d-4de9-83c3-de42cda01f07-SegmentedRaftLogWorker:Storage Directory /workdir/hadoop-ozone/integration-test/target/test-dir/MiniOzoneClusterImpl-249f8078-8fc0-44d6-853a-2b715126e327/datanode-3/data/ratis/048a77e6-af6c-4945-854d-7a16fac25c82: created new log segment /workdir/hadoop-ozone/integration-test/target/test-dir/MiniOzoneClusterImpl-249f8078-8fc0-44d6-853a-2b715126e327/datanode-3/data/ratis/048a77e6-af6c-4945-854d-7a16fac25c82/current/log_inprogress_0
2019-08-29 08:15:50,757 [0dd33b76-ae44-43ed-8830-1aa8976f734b-SegmentedRaftLogWorker:Storage Directory /workdir/hadoop-ozone/integration-test/target/test-dir/MiniOzoneClusterImpl-249f8078-8fc0-44d6-853a-2b715126e327/datanode-5/data/ratis/048a77e6-af6c-4945-854d-7a16fac25c82] INFO  segmented.SegmentedRaftLogWorker (SegmentedRaftLogWorker.java:execute(569)) - 0dd33b76-ae44-43ed-8830-1aa8976f734b-SegmentedRaftLogWorker:Storage Directory /workdir/hadoop-ozone/integration-test/target/test-dir/MiniOzoneClusterImpl-249f8078-8fc0-44d6-853a-2b715126e327/datanode-5/data/ratis/048a77e6-af6c-4945-854d-7a16fac25c82: created new log segment /workdir/hadoop-ozone/integration-test/target/test-dir/MiniOzoneClusterImpl-249f8078-8fc0-44d6-853a-2b715126e327/datanode-5/data/ratis/048a77e6-af6c-4945-854d-7a16fac25c82/current/log_inprogress_0
2019-08-29 08:15:50,757 [dd9e2fbb-74e8-4002-a44e-6ed6076d3ed9-SegmentedRaftLogWorker:Storage Directory /workdir/hadoop-ozone/integration-test/target/test-dir/MiniOzoneClusterImpl-249f8078-8fc0-44d6-853a-2b715126e327/datanode-4/data/ratis/048a77e6-af6c-4945-854d-7a16fac25c82] INFO  segmented.SegmentedRaftLogWorker (SegmentedRaftLogWorker.java:execute(569)) - dd9e2fbb-74e8-4002-a44e-6ed6076d3ed9-SegmentedRaftLogWorker:Storage Directory /workdir/hadoop-ozone/integration-test/target/test-dir/MiniOzoneClusterImpl-249f8078-8fc0-44d6-853a-2b715126e327/datanode-4/data/ratis/048a77e6-af6c-4945-854d-7a16fac25c82: created new log segment /workdir/hadoop-ozone/integration-test/target/test-dir/MiniOzoneClusterImpl-249f8078-8fc0-44d6-853a-2b715126e327/datanode-4/data/ratis/048a77e6-af6c-4945-854d-7a16fac25c82/current/log_inprogress_0
2019-08-29 08:15:50,856 | INFO  | SCMAudit | user=jenkins1000 | ip=192.168.69.111 | op=SEND_HEARTBEAT {datanodeUUID=e825e5c3-0d56-4405-b416-b67706fddd99, command=[]} | ret=SUCCESS |  
2019-08-29 08:15:51,073 | INFO  | SCMAudit | user=jenkins1000 | ip=192.168.69.111 | op=SEND_HEARTBEAT {datanodeUUID=f4ed06a8-f58e-44fd-bf89-8ea63b8f80d3, command=[]} | ret=SUCCESS |  
2019-08-29 08:15:51,281 | INFO  | SCMAudit | user=jenkins1000 | ip=192.168.69.111 | op=SEND_HEARTBEAT {datanodeUUID=0dd33b76-ae44-43ed-8830-1aa8976f734b, command=[]} | ret=SUCCESS |  
2019-08-29 08:15:51,325 | INFO  | SCMAudit | user=jenkins1000 | ip=192.168.69.111 | op=SEND_HEARTBEAT {datanodeUUID=dedae8b3-beea-4d2b-ad20-87a9a0d5bc72, command=[]} | ret=SUCCESS |  
2019-08-29 08:15:51,504 | INFO  | SCMAudit | user=jenkins1000 | ip=192.168.69.111 | op=SEND_HEARTBEAT {datanodeUUID=ff642454-59ec-48e6-b18d-d83138b0e5e4, command=[]} | ret=SUCCESS |  
2019-08-29 08:15:51,562 | INFO  | SCMAudit | user=jenkins1000 | ip=192.168.69.111 | op=SEND_HEARTBEAT {datanodeUUID=0c5fef0d-286d-4de9-83c3-de42cda01f07, command=[]} | ret=SUCCESS |  
2019-08-29 08:15:51,670 [grpc-default-executor-9] INFO  client.GrpcClientProtocolClient (GrpcClientProtocolClient.java:onNext(255)) - client-B1E4CDC9F2AB->e825e5c3-0d56-4405-b416-b67706fddd99: receive RaftClientReply:client-B1E4CDC9F2AB->e825e5c3-0d56-4405-b416-b67706fddd99@group-EBC1B9AAEA58, cid=269, FAILED org.apache.ratis.protocol.NotLeaderException: Server e825e5c3-0d56-4405-b416-b67706fddd99 is not the leader (null). Request must be sent to leader., logIndex=0, commits[e825e5c3-0d56-4405-b416-b67706fddd99:c-1]
2019-08-29 08:15:51,746 | INFO  | SCMAudit | user=jenkins1000 | ip=192.168.69.111 | op=SEND_HEARTBEAT {datanodeUUID=dd9e2fbb-74e8-4002-a44e-6ed6076d3ed9, command=[]} | ret=SUCCESS |  
2019-08-29 08:15:51,856 | INFO  | SCMAudit | user=jenkins1000 | ip=192.168.69.111 | op=SEND_HEARTBEAT {datanodeUUID=e825e5c3-0d56-4405-b416-b67706fddd99, command=[]} | ret=SUCCESS |  
2019-08-29 08:15:52,074 | INFO  | SCMAudit | user=jenkins1000 | ip=192.168.69.111 | op=SEND_HEARTBEAT {datanodeUUID=f4ed06a8-f58e-44fd-bf89-8ea63b8f80d3, command=[]} | ret=SUCCESS |  
2019-08-29 08:15:52,281 | INFO  | SCMAudit | user=jenkins1000 | ip=192.168.69.111 | op=SEND_HEARTBEAT {datanodeUUID=0dd33b76-ae44-43ed-8830-1aa8976f734b, command=[]} | ret=SUCCESS |  
2019-08-29 08:15:52,325 | INFO  | SCMAudit | user=jenkins1000 | ip=192.168.69.111 | op=SEND_HEARTBEAT {datanodeUUID=dedae8b3-beea-4d2b-ad20-87a9a0d5bc72, command=[]} | ret=SUCCESS |  
2019-08-29 08:15:52,504 | INFO  | SCMAudit | user=jenkins1000 | ip=192.168.69.111 | op=SEND_HEARTBEAT {datanodeUUID=ff642454-59ec-48e6-b18d-d83138b0e5e4, command=[]} | ret=SUCCESS |  
2019-08-29 08:15:52,562 | INFO  | SCMAudit | user=jenkins1000 | ip=192.168.69.111 | op=SEND_HEARTBEAT {datanodeUUID=0c5fef0d-286d-4de9-83c3-de42cda01f07, command=[]} | ret=SUCCESS |  
2019-08-29 08:15:52,680 [grpc-default-executor-9] INFO  client.GrpcClientProtocolClient (GrpcClientProtocolClient.java:onNext(255)) - client-B1E4CDC9F2AB->f4ed06a8-f58e-44fd-bf89-8ea63b8f80d3: receive RaftClientReply:client-B1E4CDC9F2AB->f4ed06a8-f58e-44fd-bf89-8ea63b8f80d3@group-EBC1B9AAEA58, cid=269, FAILED org.apache.ratis.protocol.NotLeaderException: Server f4ed06a8-f58e-44fd-bf89-8ea63b8f80d3 is not the leader (null). Request must be sent to leader., logIndex=0, commits[f4ed06a8-f58e-44fd-bf89-8ea63b8f80d3:c-1]
2019-08-29 08:15:52,746 | INFO  | SCMAudit | user=jenkins1000 | ip=192.168.69.111 | op=SEND_HEARTBEAT {datanodeUUID=dd9e2fbb-74e8-4002-a44e-6ed6076d3ed9, command=[]} | ret=SUCCESS |  
2019-08-29 08:15:52,856 | INFO  | SCMAudit | user=jenkins1000 | ip=192.168.69.111 | op=SEND_HEARTBEAT {datanodeUUID=e825e5c3-0d56-4405-b416-b67706fddd99, command=[]} | ret=SUCCESS |  
2019-08-29 08:15:53,074 | INFO  | SCMAudit | user=jenkins1000 | ip=192.168.69.111 | op=SEND_HEARTBEAT {datanodeUUID=f4ed06a8-f58e-44fd-bf89-8ea63b8f80d3, command=[]} | ret=SUCCESS |  
2019-08-29 08:15:53,281 | INFO  | SCMAudit | user=jenkins1000 | ip=192.168.69.111 | op=SEND_HEARTBEAT {datanodeUUID=0dd33b76-ae44-43ed-8830-1aa8976f734b, command=[]} | ret=SUCCESS |  
2019-08-29 08:15:53,326 | INFO  | SCMAudit | user=jenkins1000 | ip=192.168.69.111 | op=SEND_HEARTBEAT {datanodeUUID=dedae8b3-beea-4d2b-ad20-87a9a0d5bc72, command=[]} | ret=SUCCESS |  
2019-08-29 08:15:53,504 | INFO  | SCMAudit | user=jenkins1000 | ip=192.168.69.111 | op=SEND_HEARTBEAT {datanodeUUID=ff642454-59ec-48e6-b18d-d83138b0e5e4, command=[]} | ret=SUCCESS |  
2019-08-29 08:15:53,562 | INFO  | SCMAudit | user=jenkins1000 | ip=192.168.69.111 | op=SEND_HEARTBEAT {datanodeUUID=0c5fef0d-286d-4de9-83c3-de42cda01f07, command=[]} | ret=SUCCESS |  
2019-08-29 08:15:53,694 [grpc-default-executor-4] INFO  client.GrpcClientProtocolClient (GrpcClientProtocolClient.java:onNext(255)) - client-B1E4CDC9F2AB->dedae8b3-beea-4d2b-ad20-87a9a0d5bc72: receive RaftClientReply:client-B1E4CDC9F2AB->dedae8b3-beea-4d2b-ad20-87a9a0d5bc72@group-EBC1B9AAEA58, cid=269, FAILED org.apache.ratis.protocol.NotLeaderException: Server dedae8b3-beea-4d2b-ad20-87a9a0d5bc72 is not the leader (null). Request must be sent to leader., logIndex=0, commits[dedae8b3-beea-4d2b-ad20-87a9a0d5bc72:c-1]
2019-08-29 08:15:53,746 | INFO  | SCMAudit | user=jenkins1000 | ip=192.168.69.111 | op=SEND_HEARTBEAT {datanodeUUID=dd9e2fbb-74e8-4002-a44e-6ed6076d3ed9, command=[]} | ret=SUCCESS |  
2019-08-29 08:15:53,856 | INFO  | SCMAudit | user=jenkins1000 | ip=192.168.69.111 | op=SEND_HEARTBEAT {datanodeUUID=e825e5c3-0d56-4405-b416-b67706fddd99, command=[]} | ret=SUCCESS |  
2019-08-29 08:15:54,074 | INFO  | SCMAudit | user=jenkins1000 | ip=192.168.69.111 | op=SEND_HEARTBEAT {datanodeUUID=f4ed06a8-f58e-44fd-bf89-8ea63b8f80d3, command=[]} | ret=SUCCESS |  
2019-08-29 08:15:54,281 | INFO  | SCMAudit | user=jenkins1000 | ip=192.168.69.111 | op=SEND_HEARTBEAT {datanodeUUID=0dd33b76-ae44-43ed-8830-1aa8976f734b, command=[]} | ret=SUCCESS |  
2019-08-29 08:15:54,325 | INFO  | SCMAudit | user=jenkins1000 | ip=192.168.69.111 | op=SEND_HEARTBEAT {datanodeUUID=dedae8b3-beea-4d2b-ad20-87a9a0d5bc72, command=[]} | ret=SUCCESS |  
2019-08-29 08:15:54,504 | INFO  | SCMAudit | user=jenkins1000 | ip=192.168.69.111 | op=SEND_HEARTBEAT {datanodeUUID=ff642454-59ec-48e6-b18d-d83138b0e5e4, command=[]} | ret=SUCCESS |  
2019-08-29 08:15:54,562 | INFO  | SCMAudit | user=jenkins1000 | ip=192.168.69.111 | op=SEND_HEARTBEAT {datanodeUUID=0c5fef0d-286d-4de9-83c3-de42cda01f07, command=[]} | ret=SUCCESS |  
2019-08-29 08:15:54,618 [Thread-4985] INFO  impl.FollowerState (FollowerState.java:run(106)) - f4ed06a8-f58e-44fd-bf89-8ea63b8f80d3:group-EBC1B9AAEA58 changes to CANDIDATE, lastRpcTime:5014, electionTimeout:5014ms
2019-08-29 08:15:54,618 [Thread-4985] INFO  impl.RoleInfo (RoleInfo.java:shutdownFollowerState(121)) - f4ed06a8-f58e-44fd-bf89-8ea63b8f80d3: shutdown FollowerState
2019-08-29 08:15:54,618 [Thread-4985] INFO  impl.RaftServerImpl (RaftServerImpl.java:setRole(171)) - f4ed06a8-f58e-44fd-bf89-8ea63b8f80d3:group-EBC1B9AAEA58 changes role from FOLLOWER to CANDIDATE at term 1 for changeToCandidate
2019-08-29 08:15:54,618 [Thread-4985] INFO  impl.RoleInfo (RoleInfo.java:updateAndGet(143)) - f4ed06a8-f58e-44fd-bf89-8ea63b8f80d3: start LeaderElection
2019-08-29 08:15:54,646 [f4ed06a8-f58e-44fd-bf89-8ea63b8f80d3:group-EBC1B9AAEA58:LeaderElection124] INFO  impl.LeaderElection (LeaderElection.java:askForVotes(181)) - f4ed06a8-f58e-44fd-bf89-8ea63b8f80d3:group-EBC1B9AAEA58:LeaderElection124: begin an election at term 2 for -1: [dedae8b3-beea-4d2b-ad20-87a9a0d5bc72:192.168.69.111:43342, f4ed06a8-f58e-44fd-bf89-8ea63b8f80d3:192.168.69.111:36473, e825e5c3-0d56-4405-b416-b67706fddd99:192.168.69.111:39205], old=null
2019-08-29 08:15:54,648 [grpc-default-executor-9] INFO  impl.RaftServerImpl (RaftServerImpl.java:setRole(171)) - dedae8b3-beea-4d2b-ad20-87a9a0d5bc72:group-EBC1B9AAEA58 changes role from FOLLOWER to FOLLOWER at term 2 for recognizeCandidate:f4ed06a8-f58e-44fd-bf89-8ea63b8f80d3
2019-08-29 08:15:54,649 [grpc-default-executor-9] INFO  impl.RoleInfo (RoleInfo.java:shutdownFollowerState(121)) - dedae8b3-beea-4d2b-ad20-87a9a0d5bc72: shutdown FollowerState
2019-08-29 08:15:54,649 [grpc-default-executor-4] INFO  impl.RaftServerImpl (RaftServerImpl.java:setRole(171)) - e825e5c3-0d56-4405-b416-b67706fddd99:group-EBC1B9AAEA58 changes role from FOLLOWER to FOLLOWER at term 2 for recognizeCandidate:f4ed06a8-f58e-44fd-bf89-8ea63b8f80d3
2019-08-29 08:15:54,649 [Thread-4987] INFO  impl.FollowerState (FollowerState.java:run(114)) - dedae8b3-beea-4d2b-ad20-87a9a0d5bc72: FollowerState was interrupted: java.lang.InterruptedException: sleep interrupted
2019-08-29 08:15:54,649 [grpc-default-executor-4] INFO  impl.RoleInfo (RoleInfo.java:shutdownFollowerState(121)) - e825e5c3-0d56-4405-b416-b67706fddd99: shutdown FollowerState
2019-08-29 08:15:54,649 [grpc-default-executor-9] INFO  impl.RoleInfo (RoleInfo.java:updateAndGet(143)) - dedae8b3-beea-4d2b-ad20-87a9a0d5bc72: start FollowerState
2019-08-29 08:15:54,652 [Thread-4986] INFO  impl.FollowerState (FollowerState.java:run(114)) - e825e5c3-0d56-4405-b416-b67706fddd99: FollowerState was interrupted: java.lang.InterruptedException: sleep interrupted
2019-08-29 08:15:54,652 [grpc-default-executor-4] INFO  impl.RoleInfo (RoleInfo.java:updateAndGet(143)) - e825e5c3-0d56-4405-b416-b67706fddd99: start FollowerState
2019-08-29 08:15:54,675 [f4ed06a8-f58e-44fd-bf89-8ea63b8f80d3:group-EBC1B9AAEA58:LeaderElection124] INFO  impl.LeaderElection (LeaderElection.java:logAndReturn(56)) - f4ed06a8-f58e-44fd-bf89-8ea63b8f80d3:group-EBC1B9AAEA58:LeaderElection124: Election PASSED; received 1 response(s) [f4ed06a8-f58e-44fd-bf89-8ea63b8f80d3<-dedae8b3-beea-4d2b-ad20-87a9a0d5bc72#0:OK-t2] and 0 exception(s); f4ed06a8-f58e-44fd-bf89-8ea63b8f80d3:t2, leader=null, voted=f4ed06a8-f58e-44fd-bf89-8ea63b8f80d3, raftlog=f4ed06a8-f58e-44fd-bf89-8ea63b8f80d3-SegmentedRaftLog:OPENED:c-1,f-1,i0, conf=-1: [dedae8b3-beea-4d2b-ad20-87a9a0d5bc72:192.168.69.111:43342, f4ed06a8-f58e-44fd-bf89-8ea63b8f80d3:192.168.69.111:36473, e825e5c3-0d56-4405-b416-b67706fddd99:192.168.69.111:39205], old=null
2019-08-29 08:15:54,676 [f4ed06a8-f58e-44fd-bf89-8ea63b8f80d3:group-EBC1B9AAEA58:LeaderElection124] INFO  impl.RoleInfo (RoleInfo.java:shutdownLeaderElection(134)) - f4ed06a8-f58e-44fd-bf89-8ea63b8f80d3: shutdown LeaderElection
2019-08-29 08:15:54,676 [f4ed06a8-f58e-44fd-bf89-8ea63b8f80d3:group-EBC1B9AAEA58:LeaderElection124] INFO  impl.RaftServerImpl (RaftServerImpl.java:setRole(171)) - f4ed06a8-f58e-44fd-bf89-8ea63b8f80d3:group-EBC1B9AAEA58 changes role from CANDIDATE to LEADER at term 2 for changeToLeader
2019-08-29 08:15:54,676 [f4ed06a8-f58e-44fd-bf89-8ea63b8f80d3:group-EBC1B9AAEA58:LeaderElection124] INFO  impl.RaftServerImpl (ServerState.java:setLeader(263)) - f4ed06a8-f58e-44fd-bf89-8ea63b8f80d3:group-EBC1B9AAEA58 change Leader from null to f4ed06a8-f58e-44fd-bf89-8ea63b8f80d3 at term 2 for becomeLeader, leader elected after 10192ms
2019-08-29 08:15:54,676 [f4ed06a8-f58e-44fd-bf89-8ea63b8f80d3:group-EBC1B9AAEA58:LeaderElection124] INFO  server.RaftServerConfigKeys (ConfUtils.java:logGet(43)) - raft.server.staging.catchup.gap = 1000 (default)
2019-08-29 08:15:54,676 [f4ed06a8-f58e-44fd-bf89-8ea63b8f80d3:group-EBC1B9AAEA58:LeaderElection124] INFO  server.RaftServerConfigKeys (ConfUtils.java:logGet(43)) - raft.server.rpc.sleep.time = 25ms (default)
2019-08-29 08:15:54,676 [f4ed06a8-f58e-44fd-bf89-8ea63b8f80d3:group-EBC1B9AAEA58:LeaderElection124] INFO  server.RaftServerConfigKeys (ConfUtils.java:logGet(43)) - raft.server.write.element-limit = 4096 (default)
2019-08-29 08:15:54,676 [f4ed06a8-f58e-44fd-bf89-8ea63b8f80d3:group-EBC1B9AAEA58:LeaderElection124] INFO  server.RaftServerConfigKeys (ConfUtils.java:logGet(43)) - raft.server.watch.timeout = 10s (default)
2019-08-29 08:15:54,677 [f4ed06a8-f58e-44fd-bf89-8ea63b8f80d3:group-EBC1B9AAEA58:LeaderElection124] INFO  server.RaftServerConfigKeys (ConfUtils.java:logGet(43)) - raft.server.watch.timeout.denomination = 1s (default)
2019-08-29 08:15:54,677 [f4ed06a8-f58e-44fd-bf89-8ea63b8f80d3:group-EBC1B9AAEA58:LeaderElection124] INFO  server.RaftServerConfigKeys (ConfUtils.java:logGet(43)) - raft.server.watch.element-limit = 65536 (default)
2019-08-29 08:15:54,677 [f4ed06a8-f58e-44fd-bf89-8ea63b8f80d3:group-EBC1B9AAEA58:LeaderElection124] INFO  server.RaftServerConfigKeys (ConfUtils.java:logGet(43)) - raft.server.log.appender.snapshot.chunk.size.max = 16MB (=16777216) (default)
2019-08-29 08:15:54,677 [f4ed06a8-f58e-44fd-bf89-8ea63b8f80d3:group-EBC1B9AAEA58:LeaderElection124] INFO  server.RaftServerConfigKeys (ConfUtils.java:logGet(43)) - raft.server.log.appender.buffer.byte-limit = 33554432 (custom)
2019-08-29 08:15:54,677 [f4ed06a8-f58e-44fd-bf89-8ea63b8f80d3:group-EBC1B9AAEA58:LeaderElection124] INFO  server.RaftServerConfigKeys (ConfUtils.java:logGet(43)) - raft.server.log.appender.buffer.element-limit = 1 (custom)
2019-08-29 08:15:54,677 [f4ed06a8-f58e-44fd-bf89-8ea63b8f80d3:group-EBC1B9AAEA58:LeaderElection124] INFO  grpc.GrpcConfigKeys$Server (ConfUtils.java:logGet(43)) - raft.grpc.server.leader.outstanding.appends.max = 128 (default)
2019-08-29 08:15:54,678 [f4ed06a8-f58e-44fd-bf89-8ea63b8f80d3:group-EBC1B9AAEA58:LeaderElection124] INFO  server.RaftServerConfigKeys (ConfUtils.java:logGet(43)) - raft.server.rpc.request.timeout = 3000ms (default)
2019-08-29 08:15:54,678 [f4ed06a8-f58e-44fd-bf89-8ea63b8f80d3:group-EBC1B9AAEA58:LeaderElection124] INFO  server.RaftServerConfigKeys (ConfUtils.java:logGet(43)) - raft.server.log.appender.install.snapshot.enabled = false (custom)
2019-08-29 08:15:54,678 [f4ed06a8-f58e-44fd-bf89-8ea63b8f80d3:group-EBC1B9AAEA58:LeaderElection124] INFO  server.RaftServerConfigKeys (ConfUtils.java:logGet(43)) - raft.server.log.appender.snapshot.chunk.size.max = 16MB (=16777216) (default)
2019-08-29 08:15:54,678 [f4ed06a8-f58e-44fd-bf89-8ea63b8f80d3:group-EBC1B9AAEA58:LeaderElection124] INFO  server.RaftServerConfigKeys (ConfUtils.java:logGet(43)) - raft.server.log.appender.buffer.byte-limit = 33554432 (custom)
2019-08-29 08:15:54,678 [f4ed06a8-f58e-44fd-bf89-8ea63b8f80d3:group-EBC1B9AAEA58:LeaderElection124] INFO  server.RaftServerConfigKeys (ConfUtils.java:logGet(43)) - raft.server.log.appender.buffer.element-limit = 1 (custom)
2019-08-29 08:15:54,678 [f4ed06a8-f58e-44fd-bf89-8ea63b8f80d3:group-EBC1B9AAEA58:LeaderElection124] INFO  grpc.GrpcConfigKeys$Server (ConfUtils.java:logGet(43)) - raft.grpc.server.leader.outstanding.appends.max = 128 (default)
2019-08-29 08:15:54,679 [f4ed06a8-f58e-44fd-bf89-8ea63b8f80d3:group-EBC1B9AAEA58:LeaderElection124] INFO  server.RaftServerConfigKeys (ConfUtils.java:logGet(43)) - raft.server.rpc.request.timeout = 3000ms (default)
2019-08-29 08:15:54,679 [f4ed06a8-f58e-44fd-bf89-8ea63b8f80d3:group-EBC1B9AAEA58:LeaderElection124] INFO  server.RaftServerConfigKeys (ConfUtils.java:logGet(43)) - raft.server.log.appender.install.snapshot.enabled = false (custom)
2019-08-29 08:15:54,679 [f4ed06a8-f58e-44fd-bf89-8ea63b8f80d3:group-EBC1B9AAEA58:LeaderElection124] INFO  impl.RoleInfo (RoleInfo.java:updateAndGet(143)) - f4ed06a8-f58e-44fd-bf89-8ea63b8f80d3: start LeaderState
2019-08-29 08:15:54,679 [f4ed06a8-f58e-44fd-bf89-8ea63b8f80d3:group-EBC1B9AAEA58:LeaderElection124] INFO  segmented.SegmentedRaftLogWorker (SegmentedRaftLogWorker.java:startLogSegment(380)) - f4ed06a8-f58e-44fd-bf89-8ea63b8f80d3-SegmentedRaftLogWorker:Storage Directory /workdir/hadoop-ozone/integration-test/target/test-dir/MiniOzoneClusterImpl-249f8078-8fc0-44d6-853a-2b715126e327/datanode-1/data/ratis/64dd66ca-9e53-40df-8d8c-ebc1b9aaea58: Starting segment from index:0
2019-08-29 08:15:54,680 [f4ed06a8-f58e-44fd-bf89-8ea63b8f80d3:group-EBC1B9AAEA58:LeaderElection124] INFO  impl.RaftServerImpl (ServerState.java:setRaftConf(361)) - f4ed06a8-f58e-44fd-bf89-8ea63b8f80d3:group-EBC1B9AAEA58 set configuration 0: [dedae8b3-beea-4d2b-ad20-87a9a0d5bc72:192.168.69.111:43342, f4ed06a8-f58e-44fd-bf89-8ea63b8f80d3:192.168.69.111:36473, e825e5c3-0d56-4405-b416-b67706fddd99:192.168.69.111:39205], old=null at 0
2019-08-29 08:15:54,681 [grpc-default-executor-9] INFO  impl.RaftServerImpl (ServerState.java:setLeader(263)) - e825e5c3-0d56-4405-b416-b67706fddd99:group-EBC1B9AAEA58 change Leader from null to f4ed06a8-f58e-44fd-bf89-8ea63b8f80d3 at term 2 for appendEntries, leader elected after 10197ms
2019-08-29 08:15:54,681 [grpc-default-executor-4] INFO  impl.RaftServerImpl (ServerState.java:setLeader(263)) - dedae8b3-beea-4d2b-ad20-87a9a0d5bc72:group-EBC1B9AAEA58 change Leader from null to f4ed06a8-f58e-44fd-bf89-8ea63b8f80d3 at term 2 for appendEntries, leader elected after 10197ms
2019-08-29 08:15:54,682 [grpc-default-executor-4] INFO  impl.RaftServerImpl (ServerState.java:setRaftConf(361)) - e825e5c3-0d56-4405-b416-b67706fddd99:group-EBC1B9AAEA58 set configuration 0: [dedae8b3-beea-4d2b-ad20-87a9a0d5bc72:192.168.69.111:43342, f4ed06a8-f58e-44fd-bf89-8ea63b8f80d3:192.168.69.111:36473, e825e5c3-0d56-4405-b416-b67706fddd99:192.168.69.111:39205], old=null at 0
2019-08-29 08:15:54,682 [grpc-default-executor-9] INFO  impl.RaftServerImpl (ServerState.java:setRaftConf(361)) - dedae8b3-beea-4d2b-ad20-87a9a0d5bc72:group-EBC1B9AAEA58 set configuration 0: [dedae8b3-beea-4d2b-ad20-87a9a0d5bc72:192.168.69.111:43342, f4ed06a8-f58e-44fd-bf89-8ea63b8f80d3:192.168.69.111:36473, e825e5c3-0d56-4405-b416-b67706fddd99:192.168.69.111:39205], old=null at 0
2019-08-29 08:15:54,683 [grpc-default-executor-4] INFO  segmented.SegmentedRaftLogWorker (SegmentedRaftLogWorker.java:startLogSegment(380)) - e825e5c3-0d56-4405-b416-b67706fddd99-SegmentedRaftLogWorker:Storage Directory /workdir/hadoop-ozone/integration-test/target/test-dir/MiniOzoneClusterImpl-249f8078-8fc0-44d6-853a-2b715126e327/datanode-0/data/ratis/64dd66ca-9e53-40df-8d8c-ebc1b9aaea58: Starting segment from index:0
2019-08-29 08:15:54,683 [grpc-default-executor-9] INFO  segmented.SegmentedRaftLogWorker (SegmentedRaftLogWorker.java:startLogSegment(380)) - dedae8b3-beea-4d2b-ad20-87a9a0d5bc72-SegmentedRaftLogWorker:Storage Directory /workdir/hadoop-ozone/integration-test/target/test-dir/MiniOzoneClusterImpl-249f8078-8fc0-44d6-853a-2b715126e327/datanode-2/data/ratis/64dd66ca-9e53-40df-8d8c-ebc1b9aaea58: Starting segment from index:0
2019-08-29 08:15:54,742 [grpc-default-executor-9] INFO  client.GrpcClientProtocolClient (GrpcClientProtocolClient.java:onNext(255)) - client-B1E4CDC9F2AB->f4ed06a8-f58e-44fd-bf89-8ea63b8f80d3: receive RaftClientReply:client-B1E4CDC9F2AB->f4ed06a8-f58e-44fd-bf89-8ea63b8f80d3@group-EBC1B9AAEA58, cid=269, FAILED org.apache.ratis.protocol.LeaderNotReadyException: f4ed06a8-f58e-44fd-bf89-8ea63b8f80d3 is in LEADER state but not ready yet., logIndex=0, commits[f4ed06a8-f58e-44fd-bf89-8ea63b8f80d3:c-1, dedae8b3-beea-4d2b-ad20-87a9a0d5bc72:c-1, e825e5c3-0d56-4405-b416-b67706fddd99:c-1]
2019-08-29 08:15:54,746 | INFO  | SCMAudit | user=jenkins1000 | ip=192.168.69.111 | op=SEND_HEARTBEAT {datanodeUUID=dd9e2fbb-74e8-4002-a44e-6ed6076d3ed9, command=[]} | ret=SUCCESS |  
2019-08-29 08:15:54,751 [e825e5c3-0d56-4405-b416-b67706fddd99-SegmentedRaftLogWorker:Storage Directory /workdir/hadoop-ozone/integration-test/target/test-dir/MiniOzoneClusterImpl-249f8078-8fc0-44d6-853a-2b715126e327/datanode-0/data/ratis/64dd66ca-9e53-40df-8d8c-ebc1b9aaea58] INFO  segmented.SegmentedRaftLogWorker (SegmentedRaftLogWorker.java:execute(569)) - e825e5c3-0d56-4405-b416-b67706fddd99-SegmentedRaftLogWorker:Storage Directory /workdir/hadoop-ozone/integration-test/target/test-dir/MiniOzoneClusterImpl-249f8078-8fc0-44d6-853a-2b715126e327/datanode-0/data/ratis/64dd66ca-9e53-40df-8d8c-ebc1b9aaea58: created new log segment /workdir/hadoop-ozone/integration-test/target/test-dir/MiniOzoneClusterImpl-249f8078-8fc0-44d6-853a-2b715126e327/datanode-0/data/ratis/64dd66ca-9e53-40df-8d8c-ebc1b9aaea58/current/log_inprogress_0
2019-08-29 08:15:54,751 [dedae8b3-beea-4d2b-ad20-87a9a0d5bc72-SegmentedRaftLogWorker:Storage Directory /workdir/hadoop-ozone/integration-test/target/test-dir/MiniOzoneClusterImpl-249f8078-8fc0-44d6-853a-2b715126e327/datanode-2/data/ratis/64dd66ca-9e53-40df-8d8c-ebc1b9aaea58] INFO  segmented.SegmentedRaftLogWorker (SegmentedRaftLogWorker.java:execute(569)) - dedae8b3-beea-4d2b-ad20-87a9a0d5bc72-SegmentedRaftLogWorker:Storage Directory /workdir/hadoop-ozone/integration-test/target/test-dir/MiniOzoneClusterImpl-249f8078-8fc0-44d6-853a-2b715126e327/datanode-2/data/ratis/64dd66ca-9e53-40df-8d8c-ebc1b9aaea58: created new log segment /workdir/hadoop-ozone/integration-test/target/test-dir/MiniOzoneClusterImpl-249f8078-8fc0-44d6-853a-2b715126e327/datanode-2/data/ratis/64dd66ca-9e53-40df-8d8c-ebc1b9aaea58/current/log_inprogress_0
2019-08-29 08:15:54,751 [f4ed06a8-f58e-44fd-bf89-8ea63b8f80d3-SegmentedRaftLogWorker:Storage Directory /workdir/hadoop-ozone/integration-test/target/test-dir/MiniOzoneClusterImpl-249f8078-8fc0-44d6-853a-2b715126e327/datanode-1/data/ratis/64dd66ca-9e53-40df-8d8c-ebc1b9aaea58] INFO  segmented.SegmentedRaftLogWorker (SegmentedRaftLogWorker.java:execute(569)) - f4ed06a8-f58e-44fd-bf89-8ea63b8f80d3-SegmentedRaftLogWorker:Storage Directory /workdir/hadoop-ozone/integration-test/target/test-dir/MiniOzoneClusterImpl-249f8078-8fc0-44d6-853a-2b715126e327/datanode-1/data/ratis/64dd66ca-9e53-40df-8d8c-ebc1b9aaea58: created new log segment /workdir/hadoop-ozone/integration-test/target/test-dir/MiniOzoneClusterImpl-249f8078-8fc0-44d6-853a-2b715126e327/datanode-1/data/ratis/64dd66ca-9e53-40df-8d8c-ebc1b9aaea58/current/log_inprogress_0
2019-08-29 08:15:54,856 | INFO  | SCMAudit | user=jenkins1000 | ip=192.168.69.111 | op=SEND_HEARTBEAT {datanodeUUID=e825e5c3-0d56-4405-b416-b67706fddd99, command=[]} | ret=SUCCESS |  
2019-08-29 08:15:55,074 | INFO  | SCMAudit | user=jenkins1000 | ip=192.168.69.111 | op=SEND_HEARTBEAT {datanodeUUID=f4ed06a8-f58e-44fd-bf89-8ea63b8f80d3, command=[]} | ret=SUCCESS |  
2019-08-29 08:15:55,281 | INFO  | SCMAudit | user=jenkins1000 | ip=192.168.69.111 | op=SEND_HEARTBEAT {datanodeUUID=0dd33b76-ae44-43ed-8830-1aa8976f734b, command=[]} | ret=SUCCESS |  
2019-08-29 08:15:55,325 | INFO  | SCMAudit | user=jenkins1000 | ip=192.168.69.111 | op=SEND_HEARTBEAT {datanodeUUID=dedae8b3-beea-4d2b-ad20-87a9a0d5bc72, command=[]} | ret=SUCCESS |  
2019-08-29 08:15:55,504 | INFO  | SCMAudit | user=jenkins1000 | ip=192.168.69.111 | op=SEND_HEARTBEAT {datanodeUUID=ff642454-59ec-48e6-b18d-d83138b0e5e4, command=[]} | ret=SUCCESS |  
2019-08-29 08:15:55,562 | INFO  | SCMAudit | user=jenkins1000 | ip=192.168.69.111 | op=SEND_HEARTBEAT {datanodeUUID=0c5fef0d-286d-4de9-83c3-de42cda01f07, command=[]} | ret=SUCCESS |  
2019-08-29 08:15:55,747 | INFO  | SCMAudit | user=jenkins1000 | ip=192.168.69.111 | op=SEND_HEARTBEAT {datanodeUUID=dd9e2fbb-74e8-4002-a44e-6ed6076d3ed9, command=[]} | ret=SUCCESS |  
2019-08-29 08:15:55,856 | INFO  | SCMAudit | user=jenkins1000 | ip=192.168.69.111 | op=SEND_HEARTBEAT {datanodeUUID=e825e5c3-0d56-4405-b416-b67706fddd99, command=[]} | ret=SUCCESS |  
2019-08-29 08:15:56,074 | INFO  | SCMAudit | user=jenkins1000 | ip=192.168.69.111 | op=SEND_HEARTBEAT {datanodeUUID=f4ed06a8-f58e-44fd-bf89-8ea63b8f80d3, command=[]} | ret=SUCCESS |  
2019-08-29 08:15:56,281 | INFO  | SCMAudit | user=jenkins1000 | ip=192.168.69.111 | op=SEND_HEARTBEAT {datanodeUUID=0dd33b76-ae44-43ed-8830-1aa8976f734b, command=[]} | ret=SUCCESS |  
2019-08-29 08:15:56,325 | INFO  | SCMAudit | user=jenkins1000 | ip=192.168.69.111 | op=SEND_HEARTBEAT {datanodeUUID=dedae8b3-beea-4d2b-ad20-87a9a0d5bc72, command=[]} | ret=SUCCESS |  
2019-08-29 08:15:56,504 | INFO  | SCMAudit | user=jenkins1000 | ip=192.168.69.111 | op=SEND_HEARTBEAT {datanodeUUID=ff642454-59ec-48e6-b18d-d83138b0e5e4, command=[]} | ret=SUCCESS |  
2019-08-29 08:15:56,562 | INFO  | SCMAudit | user=jenkins1000 | ip=192.168.69.111 | op=SEND_HEARTBEAT {datanodeUUID=0c5fef0d-286d-4de9-83c3-de42cda01f07, command=[]} | ret=SUCCESS |  
2019-08-29 08:15:56,749 | INFO  | SCMAudit | user=jenkins1000 | ip=192.168.69.111 | op=SEND_HEARTBEAT {datanodeUUID=dd9e2fbb-74e8-4002-a44e-6ed6076d3ed9, command=[]} | ret=SUCCESS |  
2019-08-29 08:15:56,856 | INFO  | SCMAudit | user=jenkins1000 | ip=192.168.69.111 | op=SEND_HEARTBEAT {datanodeUUID=e825e5c3-0d56-4405-b416-b67706fddd99, command=[]} | ret=SUCCESS |  
2019-08-29 08:15:56,901 | INFO  | DNAudit | user=null | ip=null | op=WRITE_CHUNK {blockData=conID: 1 locID: 102699273131130903 bcsId: 0} | ret=SUCCESS |  
2019-08-29 08:15:56,901 | INFO  | DNAudit | user=null | ip=null | op=WRITE_CHUNK {blockData=conID: 1 locID: 102699273131130903 bcsId: 0} | ret=SUCCESS |  
2019-08-29 08:15:56,901 | INFO  | DNAudit | user=null | ip=null | op=WRITE_CHUNK {blockData=conID: 1 locID: 102699273131130903 bcsId: 0} | ret=SUCCESS |  
2019-08-29 08:15:56,901 | INFO  | SCMAudit | user=jenkins1000 | ip=192.168.69.111 | op=SEND_HEARTBEAT {datanodeUUID=e825e5c3-0d56-4405-b416-b67706fddd99, command=[]} | ret=SUCCESS |  
2019-08-29 08:15:56,901 | INFO  | SCMAudit | user=jenkins1000 | ip=192.168.69.111 | op=SEND_HEARTBEAT {datanodeUUID=f4ed06a8-f58e-44fd-bf89-8ea63b8f80d3, command=[]} | ret=SUCCESS |  
2019-08-29 08:15:56,902 | INFO  | SCMAudit | user=jenkins1000 | ip=192.168.69.111 | op=SEND_HEARTBEAT {datanodeUUID=dedae8b3-beea-4d2b-ad20-87a9a0d5bc72, command=[]} | ret=SUCCESS |  
2019-08-29 08:15:56,935 | INFO  | DNAudit | user=null | ip=null | op=WRITE_CHUNK {blockData=conID: 1 locID: 102699273131130903 bcsId: 0} | ret=SUCCESS |  
2019-08-29 08:15:56,939 [grpc-default-executor-4] INFO  client.GrpcClientProtocolClient (GrpcClientProtocolClient.java:onNext(255)) - client-B1E4CDC9F2AB->f4ed06a8-f58e-44fd-bf89-8ea63b8f80d3: receive RaftClientReply:client-B1E4CDC9F2AB->f4ed06a8-f58e-44fd-bf89-8ea63b8f80d3@group-EBC1B9AAEA58, cid=269, SUCCESS, logIndex=1, commits[f4ed06a8-f58e-44fd-bf89-8ea63b8f80d3:c1, dedae8b3-beea-4d2b-ad20-87a9a0d5bc72:c0, e825e5c3-0d56-4405-b416-b67706fddd99:c0]
2019-08-29 08:15:56,943 | INFO  | DNAudit | user=null | ip=null | op=WRITE_CHUNK {blockData=conID: 1 locID: 102699273131130903 bcsId: 0} | ret=SUCCESS |  
2019-08-29 08:15:56,943 | INFO  | DNAudit | user=null | ip=null | op=WRITE_CHUNK {blockData=conID: 1 locID: 102699273131130903 bcsId: 0} | ret=SUCCESS |  
2019-08-29 08:15:56,943 | INFO  | DNAudit | user=null | ip=null | op=WRITE_CHUNK {blockData=conID: 1 locID: 102699273131130903 bcsId: 0} | ret=SUCCESS |  
2019-08-29 08:15:56,985 | INFO  | DNAudit | user=null | ip=null | op=WRITE_CHUNK {blockData=conID: 1 locID: 102699273131130903 bcsId: 0} | ret=SUCCESS |  
2019-08-29 08:15:56,986 | INFO  | DNAudit | user=null | ip=null | op=WRITE_CHUNK {blockData=conID: 1 locID: 102699273131130903 bcsId: 0} | ret=SUCCESS |  
2019-08-29 08:15:57,016 | INFO  | DNAudit | user=null | ip=null | op=WRITE_CHUNK {blockData=conID: 1 locID: 102699273131130903 bcsId: 0} | ret=SUCCESS |  
2019-08-29 08:15:57,021 [grpc-default-executor-10] INFO  client.GrpcClientProtocolClient (GrpcClientProtocolClient.java:onNext(255)) - client-B1E4CDC9F2AB->f4ed06a8-f58e-44fd-bf89-8ea63b8f80d3: receive RaftClientReply:client-B1E4CDC9F2AB->f4ed06a8-f58e-44fd-bf89-8ea63b8f80d3@group-EBC1B9AAEA58, cid=270, SUCCESS, logIndex=3, commits[f4ed06a8-f58e-44fd-bf89-8ea63b8f80d3:c4, dedae8b3-beea-4d2b-ad20-87a9a0d5bc72:c1, e825e5c3-0d56-4405-b416-b67706fddd99:c1]
2019-08-29 08:15:57,232 | INFO  | DNAudit | user=null | ip=null | op=PUT_BLOCK {blockData=[blockId=conID: 1 locID: 102699273131130903 bcsId: 0,size=167]} | ret=SUCCESS |  
2019-08-29 08:15:57,233 [grpc-default-executor-4] INFO  client.GrpcClientProtocolClient (GrpcClientProtocolClient.java:onNext(255)) - client-B1E4CDC9F2AB->f4ed06a8-f58e-44fd-bf89-8ea63b8f80d3: receive RaftClientReply:client-B1E4CDC9F2AB->f4ed06a8-f58e-44fd-bf89-8ea63b8f80d3@group-EBC1B9AAEA58, cid=271, SUCCESS, logIndex=4, commits[f4ed06a8-f58e-44fd-bf89-8ea63b8f80d3:c6, dedae8b3-beea-4d2b-ad20-87a9a0d5bc72:c2, e825e5c3-0d56-4405-b416-b67706fddd99:c2]
2019-08-29 08:15:57,281 | INFO  | SCMAudit | user=jenkins1000 | ip=192.168.69.111 | op=SEND_HEARTBEAT {datanodeUUID=0dd33b76-ae44-43ed-8830-1aa8976f734b, command=[]} | ret=SUCCESS |  
2019-08-29 08:15:57,504 | INFO  | SCMAudit | user=jenkins1000 | ip=192.168.69.111 | op=SEND_HEARTBEAT {datanodeUUID=ff642454-59ec-48e6-b18d-d83138b0e5e4, command=[]} | ret=SUCCESS |  
2019-08-29 08:15:57,562 | INFO  | SCMAudit | user=jenkins1000 | ip=192.168.69.111 | op=SEND_HEARTBEAT {datanodeUUID=0c5fef0d-286d-4de9-83c3-de42cda01f07, command=[]} | ret=SUCCESS |  
2019-08-29 08:15:57,750 | INFO  | SCMAudit | user=jenkins1000 | ip=192.168.69.111 | op=SEND_HEARTBEAT {datanodeUUID=dd9e2fbb-74e8-4002-a44e-6ed6076d3ed9, command=[]} | ret=SUCCESS |  
2019-08-29 08:15:57,901 | INFO  | SCMAudit | user=jenkins1000 | ip=192.168.69.111 | op=SEND_HEARTBEAT {datanodeUUID=f4ed06a8-f58e-44fd-bf89-8ea63b8f80d3, command=[]} | ret=SUCCESS |  
2019-08-29 08:15:57,901 | INFO  | SCMAudit | user=jenkins1000 | ip=192.168.69.111 | op=SEND_HEARTBEAT {datanodeUUID=e825e5c3-0d56-4405-b416-b67706fddd99, command=[]} | ret=SUCCESS |  
2019-08-29 08:15:57,901 | INFO  | SCMAudit | user=jenkins1000 | ip=192.168.69.111 | op=SEND_HEARTBEAT {datanodeUUID=dedae8b3-beea-4d2b-ad20-87a9a0d5bc72, command=[]} | ret=SUCCESS |  
2019-08-29 08:15:58,235 [main] WARN  scm.XceiverClientRatis (XceiverClientRatis.java:watchForCommit(262)) - 3 way commit failed on pipeline Pipeline[ Id: 64dd66ca-9e53-40df-8d8c-ebc1b9aaea58, Nodes: e825e5c3-0d56-4405-b416-b67706fddd99{ip: 192.168.69.111, host: pr-hdds-1569-g9zr9-4145101663, networkLocation: /default-rack, certSerialId: null}f4ed06a8-f58e-44fd-bf89-8ea63b8f80d3{ip: 192.168.69.111, host: pr-hdds-1569-g9zr9-4145101663, networkLocation: /default-rack, certSerialId: null}dedae8b3-beea-4d2b-ad20-87a9a0d5bc72{ip: 192.168.69.111, host: pr-hdds-1569-g9zr9-4145101663, networkLocation: /default-rack, certSerialId: null}, Type:RATIS, Factor:THREE, State:OPEN]
java.util.concurrent.TimeoutException
	at java.util.concurrent.CompletableFuture.timedGet(CompletableFuture.java:1771)
	at java.util.concurrent.CompletableFuture.get(CompletableFuture.java:1915)
	at org.apache.hadoop.hdds.scm.XceiverClientRatis.watchForCommit(XceiverClientRatis.java:259)
	at org.apache.hadoop.hdds.scm.storage.CommitWatcher.watchForCommit(CommitWatcher.java:194)
	at org.apache.hadoop.hdds.scm.storage.CommitWatcher.watchOnLastIndex(CommitWatcher.java:157)
	at org.apache.hadoop.hdds.scm.storage.BlockOutputStream.watchForCommit(BlockOutputStream.java:347)
	at org.apache.hadoop.hdds.scm.storage.BlockOutputStream.handleFlush(BlockOutputStream.java:479)
	at org.apache.hadoop.hdds.scm.storage.BlockOutputStream.flush(BlockOutputStream.java:428)
	at org.apache.hadoop.ozone.client.io.BlockOutputStreamEntry.flush(BlockOutputStreamEntry.java:136)
	at org.apache.hadoop.ozone.client.io.KeyOutputStream.handleFlushOrClose(KeyOutputStream.java:442)
	at org.apache.hadoop.ozone.client.io.KeyOutputStream.flush(KeyOutputStream.java:396)
	at org.apache.hadoop.ozone.client.io.OzoneOutputStream.flush(OzoneOutputStream.java:54)
	at org.apache.hadoop.ozone.client.rpc.TestBlockOutputStreamWithFailures.testExceptionDuringClose(TestBlockOutputStreamWithFailures.java:720)
	at sun.reflect.NativeMethodAccessorImpl.invoke0(Native Method)
	at sun.reflect.NativeMethodAccessorImpl.invoke(NativeMethodAccessorImpl.java:62)
	at sun.reflect.DelegatingMethodAccessorImpl.invoke(DelegatingMethodAccessorImpl.java:43)
	at java.lang.reflect.Method.invoke(Method.java:498)
	at org.junit.runners.model.FrameworkMethod$1.runReflectiveCall(FrameworkMethod.java:47)
	at org.junit.internal.runners.model.ReflectiveCallable.run(ReflectiveCallable.java:12)
	at org.junit.runners.model.FrameworkMethod.invokeExplosively(FrameworkMethod.java:44)
	at org.junit.internal.runners.statements.InvokeMethod.evaluate(InvokeMethod.java:17)
	at org.junit.internal.runners.statements.RunBefores.evaluate(RunBefores.java:26)
	at org.junit.internal.runners.statements.RunAfters.evaluate(RunAfters.java:27)
	at org.junit.runners.ParentRunner.runLeaf(ParentRunner.java:271)
	at org.junit.runners.BlockJUnit4ClassRunner.runChild(BlockJUnit4ClassRunner.java:70)
	at org.junit.runners.BlockJUnit4ClassRunner.runChild(BlockJUnit4ClassRunner.java:50)
	at org.junit.runners.ParentRunner$3.run(ParentRunner.java:238)
	at org.junit.runners.ParentRunner$1.schedule(ParentRunner.java:63)
	at org.junit.runners.ParentRunner.runChildren(ParentRunner.java:236)
	at org.junit.runners.ParentRunner.access$000(ParentRunner.java:53)
	at org.junit.runners.ParentRunner$2.evaluate(ParentRunner.java:229)
	at org.junit.runners.ParentRunner.run(ParentRunner.java:309)
	at org.apache.maven.surefire.junit4.JUnit4Provider.execute(JUnit4Provider.java:365)
	at org.apache.maven.surefire.junit4.JUnit4Provider.executeWithRerun(JUnit4Provider.java:273)
	at org.apache.maven.surefire.junit4.JUnit4Provider.executeTestSet(JUnit4Provider.java:238)
	at org.apache.maven.surefire.junit4.JUnit4Provider.invoke(JUnit4Provider.java:159)
	at org.apache.maven.surefire.booter.ForkedBooter.invokeProviderInSameClassLoader(ForkedBooter.java:384)
	at org.apache.maven.surefire.booter.ForkedBooter.runSuitesInProcess(ForkedBooter.java:345)
	at org.apache.maven.surefire.booter.ForkedBooter.execute(ForkedBooter.java:126)
	at org.apache.maven.surefire.booter.ForkedBooter.main(ForkedBooter.java:418)
2019-08-29 08:15:58,281 | INFO  | SCMAudit | user=jenkins1000 | ip=192.168.69.111 | op=SEND_HEARTBEAT {datanodeUUID=0dd33b76-ae44-43ed-8830-1aa8976f734b, command=[]} | ret=SUCCESS |  
2019-08-29 08:15:58,504 | INFO  | SCMAudit | user=jenkins1000 | ip=192.168.69.111 | op=SEND_HEARTBEAT {datanodeUUID=ff642454-59ec-48e6-b18d-d83138b0e5e4, command=[]} | ret=SUCCESS |  
2019-08-29 08:15:58,562 | INFO  | SCMAudit | user=jenkins1000 | ip=192.168.69.111 | op=SEND_HEARTBEAT {datanodeUUID=0c5fef0d-286d-4de9-83c3-de42cda01f07, command=[]} | ret=SUCCESS |  
2019-08-29 08:15:58,751 | INFO  | SCMAudit | user=jenkins1000 | ip=192.168.69.111 | op=SEND_HEARTBEAT {datanodeUUID=dd9e2fbb-74e8-4002-a44e-6ed6076d3ed9, command=[]} | ret=SUCCESS |  
2019-08-29 08:15:58,901 | INFO  | SCMAudit | user=jenkins1000 | ip=192.168.69.111 | op=SEND_HEARTBEAT {datanodeUUID=f4ed06a8-f58e-44fd-bf89-8ea63b8f80d3, command=[]} | ret=SUCCESS |  
2019-08-29 08:15:58,901 | INFO  | SCMAudit | user=jenkins1000 | ip=192.168.69.111 | op=SEND_HEARTBEAT {datanodeUUID=dedae8b3-beea-4d2b-ad20-87a9a0d5bc72, command=[]} | ret=SUCCESS |  
2019-08-29 08:15:58,901 | INFO  | SCMAudit | user=jenkins1000 | ip=192.168.69.111 | op=SEND_HEARTBEAT {datanodeUUID=e825e5c3-0d56-4405-b416-b67706fddd99, command=[]} | ret=SUCCESS |  
2019-08-29 08:15:59,238 [main] WARN  storage.CommitWatcher (CommitWatcher.java:watchForCommit(203)) - watchForCommit failed for index 4
java.util.concurrent.TimeoutException
	at java.util.concurrent.CompletableFuture.timedGet(CompletableFuture.java:1771)
	at java.util.concurrent.CompletableFuture.get(CompletableFuture.java:1915)
	at org.apache.hadoop.hdds.scm.XceiverClientRatis.watchForCommit(XceiverClientRatis.java:268)
	at org.apache.hadoop.hdds.scm.storage.CommitWatcher.watchForCommit(CommitWatcher.java:194)
	at org.apache.hadoop.hdds.scm.storage.CommitWatcher.watchOnLastIndex(CommitWatcher.java:157)
	at org.apache.hadoop.hdds.scm.storage.BlockOutputStream.watchForCommit(BlockOutputStream.java:347)
	at org.apache.hadoop.hdds.scm.storage.BlockOutputStream.handleFlush(BlockOutputStream.java:479)
	at org.apache.hadoop.hdds.scm.storage.BlockOutputStream.flush(BlockOutputStream.java:428)
	at org.apache.hadoop.ozone.client.io.BlockOutputStreamEntry.flush(BlockOutputStreamEntry.java:136)
	at org.apache.hadoop.ozone.client.io.KeyOutputStream.handleFlushOrClose(KeyOutputStream.java:442)
	at org.apache.hadoop.ozone.client.io.KeyOutputStream.flush(KeyOutputStream.java:396)
	at org.apache.hadoop.ozone.client.io.OzoneOutputStream.flush(OzoneOutputStream.java:54)
	at org.apache.hadoop.ozone.client.rpc.TestBlockOutputStreamWithFailures.testExceptionDuringClose(TestBlockOutputStreamWithFailures.java:720)
	at sun.reflect.NativeMethodAccessorImpl.invoke0(Native Method)
	at sun.reflect.NativeMethodAccessorImpl.invoke(NativeMethodAccessorImpl.java:62)
	at sun.reflect.DelegatingMethodAccessorImpl.invoke(DelegatingMethodAccessorImpl.java:43)
	at java.lang.reflect.Method.invoke(Method.java:498)
	at org.junit.runners.model.FrameworkMethod$1.runReflectiveCall(FrameworkMethod.java:47)
	at org.junit.internal.runners.model.ReflectiveCallable.run(ReflectiveCallable.java:12)
	at org.junit.runners.model.FrameworkMethod.invokeExplosively(FrameworkMethod.java:44)
	at org.junit.internal.runners.statements.InvokeMethod.evaluate(InvokeMethod.java:17)
	at org.junit.internal.runners.statements.RunBefores.evaluate(RunBefores.java:26)
	at org.junit.internal.runners.statements.RunAfters.evaluate(RunAfters.java:27)
	at org.junit.runners.ParentRunner.runLeaf(ParentRunner.java:271)
	at org.junit.runners.BlockJUnit4ClassRunner.runChild(BlockJUnit4ClassRunner.java:70)
	at org.junit.runners.BlockJUnit4ClassRunner.runChild(BlockJUnit4ClassRunner.java:50)
	at org.junit.runners.ParentRunner$3.run(ParentRunner.java:238)
	at org.junit.runners.ParentRunner$1.schedule(ParentRunner.java:63)
	at org.junit.runners.ParentRunner.runChildren(ParentRunner.java:236)
	at org.junit.runners.ParentRunner.access$000(ParentRunner.java:53)
	at org.junit.runners.ParentRunner$2.evaluate(ParentRunner.java:229)
	at org.junit.runners.ParentRunner.run(ParentRunner.java:309)
	at org.apache.maven.surefire.junit4.JUnit4Provider.execute(JUnit4Provider.java:365)
	at org.apache.maven.surefire.junit4.JUnit4Provider.executeWithRerun(JUnit4Provider.java:273)
	at org.apache.maven.surefire.junit4.JUnit4Provider.executeTestSet(JUnit4Provider.java:238)
	at org.apache.maven.surefire.junit4.JUnit4Provider.invoke(JUnit4Provider.java:159)
	at org.apache.maven.surefire.booter.ForkedBooter.invokeProviderInSameClassLoader(ForkedBooter.java:384)
	at org.apache.maven.surefire.booter.ForkedBooter.runSuitesInProcess(ForkedBooter.java:345)
	at org.apache.maven.surefire.booter.ForkedBooter.execute(ForkedBooter.java:126)
	at org.apache.maven.surefire.booter.ForkedBooter.main(ForkedBooter.java:418)
2019-08-29 08:15:59,239 [main] WARN  io.KeyOutputStream (KeyOutputStream.java:handleException(276)) - Encountered exception java.io.IOException: Unexpected Storage Container Exception: java.io.IOException: Unexpected Storage Container Exception: java.util.concurrent.TimeoutException on the pipeline Pipeline[ Id: 64dd66ca-9e53-40df-8d8c-ebc1b9aaea58, Nodes: e825e5c3-0d56-4405-b416-b67706fddd99{ip: 192.168.69.111, host: pr-hdds-1569-g9zr9-4145101663, networkLocation: /default-rack, certSerialId: null}f4ed06a8-f58e-44fd-bf89-8ea63b8f80d3{ip: 192.168.69.111, host: pr-hdds-1569-g9zr9-4145101663, networkLocation: /default-rack, certSerialId: null}dedae8b3-beea-4d2b-ad20-87a9a0d5bc72{ip: 192.168.69.111, host: pr-hdds-1569-g9zr9-4145101663, networkLocation: /default-rack, certSerialId: null}, Type:RATIS, Factor:THREE, State:OPEN]. The last committed block length is 0, uncommitted data length is 167 retry count 0
2019-08-29 08:15:59,283 | INFO  | SCMAudit | user=jenkins1000 | ip=192.168.69.111 | op=SEND_HEARTBEAT {datanodeUUID=0dd33b76-ae44-43ed-8830-1aa8976f734b, command=[]} | ret=SUCCESS |  
2019-08-29 08:15:59,284 | INFO  | SCMAudit | user=jenkins1000 | ip=192.168.69.111 | op=ALLOCATE_BLOCK {owner=a47fbaa5-444e-485c-be62-001e324b9e4d, size=800, type=RATIS, factor=THREE} | ret=SUCCESS |  
2019-08-29 08:15:59,285 | INFO  | OMAudit | user=jenkins1000 | ip=127.0.0.1 | op=ALLOCATE_BLOCK {volume=testblockoutputstream, bucket=testblockoutputstream, key=cab72254-0fb2-4863-880d-8239ca7d4c2d, dataSize=0, replicationType=null, replicationFactor=null, keyLocationInfo=null, clientID=102699273131065366} | ret=SUCCESS |  
2019-08-29 08:15:59,295 [grpc-default-executor-10] INFO  client.GrpcClientProtocolClient (GrpcClientProtocolClient.java:onNext(255)) - client-581D4AA6DE4B->0c5fef0d-286d-4de9-83c3-de42cda01f07: receive RaftClientReply:client-581D4AA6DE4B->0c5fef0d-286d-4de9-83c3-de42cda01f07@group-7A16FAC25C82, cid=274, FAILED org.apache.ratis.protocol.NotLeaderException: Server 0c5fef0d-286d-4de9-83c3-de42cda01f07 is not the leader (dd9e2fbb-74e8-4002-a44e-6ed6076d3ed9:192.168.69.111:39702). Request must be sent to leader., logIndex=0, commits[0c5fef0d-286d-4de9-83c3-de42cda01f07:c0, 0dd33b76-ae44-43ed-8830-1aa8976f734b:c0, dd9e2fbb-74e8-4002-a44e-6ed6076d3ed9:c0]
2019-08-29 08:15:59,505 | INFO  | SCMAudit | user=jenkins1000 | ip=192.168.69.111 | op=SEND_HEARTBEAT {datanodeUUID=ff642454-59ec-48e6-b18d-d83138b0e5e4, command=[]} | ret=SUCCESS |  
2019-08-29 08:15:59,562 | INFO  | SCMAudit | user=jenkins1000 | ip=192.168.69.111 | op=SEND_HEARTBEAT {datanodeUUID=0c5fef0d-286d-4de9-83c3-de42cda01f07, command=[]} | ret=SUCCESS |  
2019-08-29 08:15:59,622 | INFO  | DNAudit | user=null | ip=null | op=WRITE_CHUNK {blockData=conID: 2 locID: 102699274029236248 bcsId: 0} | ret=SUCCESS |  
2019-08-29 08:15:59,622 | INFO  | SCMAudit | user=jenkins1000 | ip=192.168.69.111 | op=SEND_HEARTBEAT {datanodeUUID=0c5fef0d-286d-4de9-83c3-de42cda01f07, command=[]} | ret=SUCCESS |  
2019-08-29 08:15:59,622 | INFO  | SCMAudit | user=jenkins1000 | ip=192.168.69.111 | op=SEND_HEARTBEAT {datanodeUUID=0dd33b76-ae44-43ed-8830-1aa8976f734b, command=[]} | ret=SUCCESS |  
2019-08-29 08:15:59,622 | INFO  | SCMAudit | user=jenkins1000 | ip=192.168.69.111 | op=SEND_HEARTBEAT {datanodeUUID=dd9e2fbb-74e8-4002-a44e-6ed6076d3ed9, command=[]} | ret=SUCCESS |  
2019-08-29 08:15:59,622 | INFO  | DNAudit | user=null | ip=null | op=WRITE_CHUNK {blockData=conID: 2 locID: 102699274029236248 bcsId: 0} | ret=SUCCESS |  
2019-08-29 08:15:59,622 | INFO  | DNAudit | user=null | ip=null | op=WRITE_CHUNK {blockData=conID: 2 locID: 102699274029236248 bcsId: 0} | ret=SUCCESS |  
2019-08-29 08:15:59,635 | INFO  | DNAudit | user=null | ip=null | op=WRITE_CHUNK {blockData=conID: 2 locID: 102699274029236248 bcsId: 0} | ret=SUCCESS |  
2019-08-29 08:15:59,641 [grpc-default-executor-4] INFO  client.GrpcClientProtocolClient (GrpcClientProtocolClient.java:onNext(255)) - client-581D4AA6DE4B->dd9e2fbb-74e8-4002-a44e-6ed6076d3ed9: receive RaftClientReply:client-581D4AA6DE4B->dd9e2fbb-74e8-4002-a44e-6ed6076d3ed9@group-7A16FAC25C82, cid=274, SUCCESS, logIndex=1, commits[dd9e2fbb-74e8-4002-a44e-6ed6076d3ed9:c1, 0c5fef0d-286d-4de9-83c3-de42cda01f07:c0, 0dd33b76-ae44-43ed-8830-1aa8976f734b:c0]
2019-08-29 08:15:59,643 | INFO  | DNAudit | user=null | ip=null | op=WRITE_CHUNK {blockData=conID: 2 locID: 102699274029236248 bcsId: 0} | ret=SUCCESS |  
2019-08-29 08:15:59,644 | INFO  | DNAudit | user=null | ip=null | op=WRITE_CHUNK {blockData=conID: 2 locID: 102699274029236248 bcsId: 0} | ret=SUCCESS |  
2019-08-29 08:15:59,644 | INFO  | DNAudit | user=null | ip=null | op=WRITE_CHUNK {blockData=conID: 2 locID: 102699274029236248 bcsId: 0} | ret=SUCCESS |  
2019-08-29 08:15:59,654 | INFO  | DNAudit | user=null | ip=null | op=WRITE_CHUNK {blockData=conID: 2 locID: 102699274029236248 bcsId: 0} | ret=SUCCESS |  
2019-08-29 08:15:59,654 | INFO  | DNAudit | user=null | ip=null | op=WRITE_CHUNK {blockData=conID: 2 locID: 102699274029236248 bcsId: 0} | ret=SUCCESS |  
2019-08-29 08:15:59,661 | INFO  | DNAudit | user=null | ip=null | op=WRITE_CHUNK {blockData=conID: 2 locID: 102699274029236248 bcsId: 0} | ret=SUCCESS |  
2019-08-29 08:15:59,665 [grpc-default-executor-4] INFO  client.GrpcClientProtocolClient (GrpcClientProtocolClient.java:onNext(255)) - client-581D4AA6DE4B->dd9e2fbb-74e8-4002-a44e-6ed6076d3ed9: receive RaftClientReply:client-581D4AA6DE4B->dd9e2fbb-74e8-4002-a44e-6ed6076d3ed9@group-7A16FAC25C82, cid=275, SUCCESS, logIndex=3, commits[dd9e2fbb-74e8-4002-a44e-6ed6076d3ed9:c4, 0c5fef0d-286d-4de9-83c3-de42cda01f07:c1, 0dd33b76-ae44-43ed-8830-1aa8976f734b:c1]
2019-08-29 08:15:59,681 | INFO  | DNAudit | user=null | ip=null | op=WRITE_CHUNK {blockData=conID: 2 locID: 102699274029236248 bcsId: 0} | ret=SUCCESS |  
2019-08-29 08:15:59,681 | INFO  | DNAudit | user=null | ip=null | op=WRITE_CHUNK {blockData=conID: 2 locID: 102699274029236248 bcsId: 0} | ret=SUCCESS |  
2019-08-29 08:15:59,692 | INFO  | DNAudit | user=null | ip=null | op=WRITE_CHUNK {blockData=conID: 1 locID: 102699273131130903 bcsId: 0} | ret=SUCCESS |  
2019-08-29 08:15:59,692 | INFO  | DNAudit | user=null | ip=null | op=WRITE_CHUNK {blockData=conID: 1 locID: 102699273131130903 bcsId: 0} | ret=SUCCESS |  
2019-08-29 08:15:59,696 [grpc-default-executor-10] INFO  client.GrpcClientProtocolClient (GrpcClientProtocolClient.java:onNext(255)) - client-B1E4CDC9F2AB->f4ed06a8-f58e-44fd-bf89-8ea63b8f80d3: receive RaftClientReply:client-B1E4CDC9F2AB->f4ed06a8-f58e-44fd-bf89-8ea63b8f80d3@group-EBC1B9AAEA58, cid=273, SUCCESS, logIndex=0, commits[f4ed06a8-f58e-44fd-bf89-8ea63b8f80d3:c6, dedae8b3-beea-4d2b-ad20-87a9a0d5bc72:c2, e825e5c3-0d56-4405-b416-b67706fddd99:c6]
2019-08-29 08:15:59,697 [grpc-default-executor-10] INFO  client.GrpcClientProtocolClient (GrpcClientProtocolClient.java:onNext(255)) - client-B1E4CDC9F2AB->f4ed06a8-f58e-44fd-bf89-8ea63b8f80d3: receive RaftClientReply:client-B1E4CDC9F2AB->f4ed06a8-f58e-44fd-bf89-8ea63b8f80d3@group-EBC1B9AAEA58, cid=272, SUCCESS, logIndex=0, commits[f4ed06a8-f58e-44fd-bf89-8ea63b8f80d3:c6, dedae8b3-beea-4d2b-ad20-87a9a0d5bc72:c6, e825e5c3-0d56-4405-b416-b67706fddd99:c6]
2019-08-29 08:15:59,752 | INFO  | DNAudit | user=null | ip=null | op=PUT_BLOCK {blockData=[blockId=conID: 2 locID: 102699274029236248 bcsId: 0,size=167]} | ret=SUCCESS |  
2019-08-29 08:15:59,753 [grpc-default-executor-10] INFO  client.GrpcClientProtocolClient (GrpcClientProtocolClient.java:onNext(255)) - client-581D4AA6DE4B->dd9e2fbb-74e8-4002-a44e-6ed6076d3ed9: receive RaftClientReply:client-581D4AA6DE4B->dd9e2fbb-74e8-4002-a44e-6ed6076d3ed9@group-7A16FAC25C82, cid=276, SUCCESS, logIndex=4, commits[dd9e2fbb-74e8-4002-a44e-6ed6076d3ed9:c6, 0c5fef0d-286d-4de9-83c3-de42cda01f07:c4, 0dd33b76-ae44-43ed-8830-1aa8976f734b:c4]
2019-08-29 08:15:59,754 [main] INFO  ozone.MiniOzoneClusterImpl (MiniOzoneClusterImpl.java:shutdown(321)) - Shutting down the Mini Ozone Cluster
2019-08-29 08:15:59,754 | INFO  | SCMAudit | user=null | ip=null | op=GET_SCM_INFO null | ret=SUCCESS |  
2019-08-29 08:15:59,754 [main] INFO  ozone.MiniOzoneClusterImpl (MiniOzoneClusterImpl.java:stop(336)) - Stopping the Mini Ozone Cluster
2019-08-29 08:15:59,755 [main] INFO  ozone.MiniOzoneClusterImpl (MiniOzoneClusterImpl.java:stop(338)) - Stopping the OzoneManager
2019-08-29 08:15:59,755 [main] INFO  ipc.Server (Server.java:stop(3082)) - Stopping server on 39111
2019-08-29 08:15:59,773 [IPC Server listener on 39111] INFO  ipc.Server (Server.java:run(1185)) - Stopping IPC Server listener on 39111
2019-08-29 08:15:59,778 [IPC Server Responder] INFO  ipc.Server (Server.java:run(1319)) - Stopping IPC Server Responder
2019-08-29 08:15:59,776 [main] INFO  ratis.OzoneManagerDoubleBuffer (OzoneManagerDoubleBuffer.java:stop(248)) - Stopping OMDoubleBuffer flush thread
2019-08-29 08:15:59,799 [OMDoubleBufferFlushThread] INFO  ratis.OzoneManagerDoubleBuffer (OzoneManagerDoubleBuffer.java:flushTransactions(191)) - OMDoubleBuffer flush thread OMDoubleBufferFlushThread is interrupted and will exit. OMDoubleBufferFlushThread
2019-08-29 08:15:59,800 [main] INFO  utils.BackgroundService (BackgroundService.java:shutdown(148)) - Shutting down service KeyDeletingService
2019-08-29 08:15:59,801 [main] INFO  handler.ContextHandler (ContextHandler.java:doStop(910)) - Stopped o.e.j.w.WebAppContext@13095872{/,null,UNAVAILABLE}{/ozoneManager}
2019-08-29 08:15:59,801 [main] INFO  server.AbstractConnector (AbstractConnector.java:doStop(318)) - Stopped ServerConnector@4c062325{HTTP/1.1,[http/1.1]}{0.0.0.0:0}
2019-08-29 08:15:59,802 [main] INFO  handler.ContextHandler (ContextHandler.java:doStop(910)) - Stopped o.e.j.s.ServletContextHandler@7a61020a{/static,file:///workdir/hadoop-ozone/integration-test/target/test-classes/webapps/static,UNAVAILABLE}
2019-08-29 08:15:59,802 [main] INFO  handler.ContextHandler (ContextHandler.java:doStop(910)) - Stopped o.e.j.s.ServletContextHandler@38dd3252{/logs,file:///workdir/hadoop-ozone/integration-test/target/log,UNAVAILABLE}
2019-08-29 08:15:59,804 [main] INFO  ozone.MiniOzoneClusterImpl (MiniOzoneClusterImpl.java:stop(344)) - Shutting the HddsDatanodes
2019-08-29 08:15:59,804 [main] INFO  datanode.ObjectStoreHandler (ObjectStoreHandler.java:close(155)) - Closing ObjectStoreHandler.
2019-08-29 08:15:59,804 [ForkJoinPool.commonPool-worker-1] INFO  datanode.ObjectStoreHandler (ObjectStoreHandler.java:close(155)) - Closing ObjectStoreHandler.
2019-08-29 08:15:59,805 [main] INFO  ozone.HddsDatanodeService (HddsDatanodeService.java:stop(451)) - Stopped plug-in org.apache.hadoop.ozone.web.OzoneHddsDatanodeService@1391802b
2019-08-29 08:15:59,805 [ForkJoinPool.commonPool-worker-1] INFO  ozone.HddsDatanodeService (HddsDatanodeService.java:stop(451)) - Stopped plug-in org.apache.hadoop.ozone.web.OzoneHddsDatanodeService@510d6e38
2019-08-29 08:15:59,848 | INFO  | DNAudit | user=null | ip=null | op=PUT_BLOCK {blockData=[blockId=conID: 2 locID: 102699274029236248 bcsId: 0,size=167]} | ret=SUCCESS |  
2019-08-29 08:15:59,901 [Datanode State Machine Thread - 0] INFO  statemachine.DatanodeStateMachine (DatanodeStateMachine.java:lambda$startDaemon$0(350)) - Ozone container server started.
2019-08-29 08:15:59,902 | INFO  | SCMAudit | user=jenkins1000 | ip=192.168.69.111 | op=SEND_HEARTBEAT {datanodeUUID=dedae8b3-beea-4d2b-ad20-87a9a0d5bc72, command=[]} | ret=SUCCESS |  
2019-08-29 08:15:59,902 | INFO  | SCMAudit | user=jenkins1000 | ip=192.168.69.111 | op=SEND_HEARTBEAT {datanodeUUID=e825e5c3-0d56-4405-b416-b67706fddd99, command=[]} | ret=SUCCESS |  
2019-08-29 08:15:59,919 | INFO  | DNAudit | user=null | ip=null | op=PUT_BLOCK {blockData=[blockId=conID: 1 locID: 102699273131130903 bcsId: 0,size=167]} | ret=SUCCESS |  
2019-08-29 08:16:00,003 | INFO  | DNAudit | user=null | ip=null | op=PUT_BLOCK {blockData=[blockId=conID: 1 locID: 102699273131130903 bcsId: 0,size=167]} | ret=SUCCESS |  
2019-08-29 08:16:00,080 | INFO  | DNAudit | user=null | ip=null | op=PUT_BLOCK {blockData=[blockId=conID: 2 locID: 102699274029236248 bcsId: 0,size=167]} | ret=SUCCESS |  
2019-08-29 08:16:00,504 | INFO  | SCMAudit | user=jenkins1000 | ip=192.168.69.111 | op=SEND_HEARTBEAT {datanodeUUID=ff642454-59ec-48e6-b18d-d83138b0e5e4, command=[]} | ret=SUCCESS |  
2019-08-29 08:16:00,621 [Datanode State Machine Thread - 0] INFO  statemachine.DatanodeStateMachine (DatanodeStateMachine.java:lambda$startDaemon$0(350)) - Ozone container server started.
2019-08-29 08:16:00,622 | INFO  | SCMAudit | user=jenkins1000 | ip=192.168.69.111 | op=SEND_HEARTBEAT {datanodeUUID=0c5fef0d-286d-4de9-83c3-de42cda01f07, command=[]} | ret=SUCCESS |  
2019-08-29 08:16:00,622 | INFO  | SCMAudit | user=jenkins1000 | ip=192.168.69.111 | op=SEND_HEARTBEAT {datanodeUUID=0dd33b76-ae44-43ed-8830-1aa8976f734b, command=[]} | ret=SUCCESS |  
2019-08-29 08:16:00,902 | INFO  | SCMAudit | user=jenkins1000 | ip=192.168.69.111 | op=SEND_HEARTBEAT {datanodeUUID=dedae8b3-beea-4d2b-ad20-87a9a0d5bc72, command=[]} | ret=SUCCESS |  
2019-08-29 08:16:00,903 | INFO  | SCMAudit | user=jenkins1000 | ip=192.168.69.111 | op=SEND_HEARTBEAT {datanodeUUID=e825e5c3-0d56-4405-b416-b67706fddd99, command=[]} | ret=SUCCESS |  
2019-08-29 08:16:01,504 | INFO  | SCMAudit | user=jenkins1000 | ip=192.168.69.111 | op=SEND_HEARTBEAT {datanodeUUID=ff642454-59ec-48e6-b18d-d83138b0e5e4, command=[]} | ret=SUCCESS |  
2019-08-29 08:16:01,622 | INFO  | SCMAudit | user=jenkins1000 | ip=192.168.69.111 | op=SEND_HEARTBEAT {datanodeUUID=0dd33b76-ae44-43ed-8830-1aa8976f734b, command=[]} | ret=SUCCESS |  
2019-08-29 08:16:01,622 | INFO  | SCMAudit | user=jenkins1000 | ip=192.168.69.111 | op=SEND_HEARTBEAT {datanodeUUID=0c5fef0d-286d-4de9-83c3-de42cda01f07, command=[]} | ret=SUCCESS |  
2019-08-29 08:16:01,903 | INFO  | SCMAudit | user=jenkins1000 | ip=192.168.69.111 | op=SEND_HEARTBEAT {datanodeUUID=e825e5c3-0d56-4405-b416-b67706fddd99, command=[]} | ret=SUCCESS |  
2019-08-29 08:16:01,903 | INFO  | SCMAudit | user=jenkins1000 | ip=192.168.69.111 | op=SEND_HEARTBEAT {datanodeUUID=dedae8b3-beea-4d2b-ad20-87a9a0d5bc72, command=[]} | ret=SUCCESS |  
2019-08-29 08:16:02,504 | INFO  | SCMAudit | user=jenkins1000 | ip=192.168.69.111 | op=SEND_HEARTBEAT {datanodeUUID=ff642454-59ec-48e6-b18d-d83138b0e5e4, command=[]} | ret=SUCCESS |  
2019-08-29 08:16:02,622 | INFO  | SCMAudit | user=jenkins1000 | ip=192.168.69.111 | op=SEND_HEARTBEAT {datanodeUUID=0c5fef0d-286d-4de9-83c3-de42cda01f07, command=[]} | ret=SUCCESS |  
2019-08-29 08:16:02,622 | INFO  | SCMAudit | user=jenkins1000 | ip=192.168.69.111 | op=SEND_HEARTBEAT {datanodeUUID=0dd33b76-ae44-43ed-8830-1aa8976f734b, command=[]} | ret=SUCCESS |  
2019-08-29 08:16:02,903 | INFO  | SCMAudit | user=jenkins1000 | ip=192.168.69.111 | op=SEND_HEARTBEAT {datanodeUUID=dedae8b3-beea-4d2b-ad20-87a9a0d5bc72, command=[]} | ret=SUCCESS |  
2019-08-29 08:16:02,903 | INFO  | SCMAudit | user=jenkins1000 | ip=192.168.69.111 | op=SEND_HEARTBEAT {datanodeUUID=e825e5c3-0d56-4405-b416-b67706fddd99, command=[]} | ret=SUCCESS |  
2019-08-29 08:16:03,504 | INFO  | SCMAudit | user=jenkins1000 | ip=192.168.69.111 | op=SEND_HEARTBEAT {datanodeUUID=ff642454-59ec-48e6-b18d-d83138b0e5e4, command=[]} | ret=SUCCESS |  
2019-08-29 08:16:03,622 | INFO  | SCMAudit | user=jenkins1000 | ip=192.168.69.111 | op=SEND_HEARTBEAT {datanodeUUID=0c5fef0d-286d-4de9-83c3-de42cda01f07, command=[]} | ret=SUCCESS |  
2019-08-29 08:16:03,622 | INFO  | SCMAudit | user=jenkins1000 | ip=192.168.69.111 | op=SEND_HEARTBEAT {datanodeUUID=0dd33b76-ae44-43ed-8830-1aa8976f734b, command=[]} | ret=SUCCESS |  
2019-08-29 08:16:03,903 | INFO  | SCMAudit | user=jenkins1000 | ip=192.168.69.111 | op=SEND_HEARTBEAT {datanodeUUID=e825e5c3-0d56-4405-b416-b67706fddd99, command=[]} | ret=SUCCESS |  
2019-08-29 08:16:03,903 | INFO  | SCMAudit | user=jenkins1000 | ip=192.168.69.111 | op=SEND_HEARTBEAT {datanodeUUID=dedae8b3-beea-4d2b-ad20-87a9a0d5bc72, command=[]} | ret=SUCCESS |  
2019-08-29 08:16:03,952 [EventQueue-StaleNodeForStaleNodeHandler] INFO  node.StaleNodeHandler (StaleNodeHandler.java:onMessage(58)) - Datanode f4ed06a8-f58e-44fd-bf89-8ea63b8f80d3{ip: 192.168.69.111, host: pr-hdds-1569-g9zr9-4145101663, networkLocation: /default-rack, certSerialId: null} moved to stale state. Finalizing its pipelines [PipelineID=64dd66ca-9e53-40df-8d8c-ebc1b9aaea58, PipelineID=23ad4240-bff0-47b5-a8b6-b0304a278ad1]
2019-08-29 08:16:03,952 [EventQueue-StaleNodeForStaleNodeHandler] INFO  pipeline.SCMPipelineManager (SCMPipelineManager.java:finalizeAndDestroyPipeline(309)) - destroying pipeline:Pipeline[ Id: 64dd66ca-9e53-40df-8d8c-ebc1b9aaea58, Nodes: e825e5c3-0d56-4405-b416-b67706fddd99{ip: 192.168.69.111, host: pr-hdds-1569-g9zr9-4145101663, networkLocation: /default-rack, certSerialId: null}f4ed06a8-f58e-44fd-bf89-8ea63b8f80d3{ip: 192.168.69.111, host: pr-hdds-1569-g9zr9-4145101663, networkLocation: /default-rack, certSerialId: null}dedae8b3-beea-4d2b-ad20-87a9a0d5bc72{ip: 192.168.69.111, host: pr-hdds-1569-g9zr9-4145101663, networkLocation: /default-rack, certSerialId: null}, Type:RATIS, Factor:THREE, State:OPEN]
2019-08-29 08:16:03,953 [EventQueue-StaleNodeForStaleNodeHandler] INFO  pipeline.PipelineStateManager (PipelineStateManager.java:finalizePipeline(123)) - Pipeline Pipeline[ Id: 64dd66ca-9e53-40df-8d8c-ebc1b9aaea58, Nodes: e825e5c3-0d56-4405-b416-b67706fddd99{ip: 192.168.69.111, host: pr-hdds-1569-g9zr9-4145101663, networkLocation: /default-rack, certSerialId: null}f4ed06a8-f58e-44fd-bf89-8ea63b8f80d3{ip: 192.168.69.111, host: pr-hdds-1569-g9zr9-4145101663, networkLocation: /default-rack, certSerialId: null}dedae8b3-beea-4d2b-ad20-87a9a0d5bc72{ip: 192.168.69.111, host: pr-hdds-1569-g9zr9-4145101663, networkLocation: /default-rack, certSerialId: null}, Type:RATIS, Factor:THREE, State:CLOSED] moved to CLOSED state
2019-08-29 08:16:03,953 [EventQueue-CloseContainerForCloseContainerEventHandler] INFO  container.CloseContainerEventHandler (CloseContainerEventHandler.java:onMessage(61)) - Close container Event triggered for container : #1
2019-08-29 08:16:03,953 [EventQueue-StaleNodeForStaleNodeHandler] INFO  pipeline.SCMPipelineManager (SCMPipelineManager.java:finalizeAndDestroyPipeline(309)) - destroying pipeline:Pipeline[ Id: 23ad4240-bff0-47b5-a8b6-b0304a278ad1, Nodes: f4ed06a8-f58e-44fd-bf89-8ea63b8f80d3{ip: 192.168.69.111, host: pr-hdds-1569-g9zr9-4145101663, networkLocation: /default-rack, certSerialId: null}, Type:RATIS, Factor:ONE, State:OPEN]
2019-08-29 08:16:03,953 [EventQueue-StaleNodeForStaleNodeHandler] INFO  pipeline.PipelineStateManager (PipelineStateManager.java:finalizePipeline(123)) - Pipeline Pipeline[ Id: 23ad4240-bff0-47b5-a8b6-b0304a278ad1, Nodes: f4ed06a8-f58e-44fd-bf89-8ea63b8f80d3{ip: 192.168.69.111, host: pr-hdds-1569-g9zr9-4145101663, networkLocation: /default-rack, certSerialId: null}, Type:RATIS, Factor:ONE, State:CLOSED] moved to CLOSED state
2019-08-29 08:16:04,504 | INFO  | SCMAudit | user=jenkins1000 | ip=192.168.69.111 | op=SEND_HEARTBEAT {datanodeUUID=ff642454-59ec-48e6-b18d-d83138b0e5e4, command=[]} | ret=SUCCESS |  
2019-08-29 08:16:04,622 | INFO  | SCMAudit | user=jenkins1000 | ip=192.168.69.111 | op=SEND_HEARTBEAT {datanodeUUID=0c5fef0d-286d-4de9-83c3-de42cda01f07, command=[]} | ret=SUCCESS |  
2019-08-29 08:16:04,622 | INFO  | SCMAudit | user=jenkins1000 | ip=192.168.69.111 | op=SEND_HEARTBEAT {datanodeUUID=0dd33b76-ae44-43ed-8830-1aa8976f734b, command=[]} | ret=SUCCESS |  
2019-08-29 08:16:04,653 [EventQueue-StaleNodeForStaleNodeHandler] INFO  node.StaleNodeHandler (StaleNodeHandler.java:onMessage(58)) - Datanode dd9e2fbb-74e8-4002-a44e-6ed6076d3ed9{ip: 192.168.69.111, host: pr-hdds-1569-g9zr9-4145101663, networkLocation: /default-rack, certSerialId: null} moved to stale state. Finalizing its pipelines [PipelineID=d2cf43b4-cd24-4841-a085-de3fc5830e49, PipelineID=048a77e6-af6c-4945-854d-7a16fac25c82]
2019-08-29 08:16:04,653 [EventQueue-StaleNodeForStaleNodeHandler] INFO  pipeline.SCMPipelineManager (SCMPipelineManager.java:finalizeAndDestroyPipeline(309)) - destroying pipeline:Pipeline[ Id: d2cf43b4-cd24-4841-a085-de3fc5830e49, Nodes: dd9e2fbb-74e8-4002-a44e-6ed6076d3ed9{ip: 192.168.69.111, host: pr-hdds-1569-g9zr9-4145101663, networkLocation: /default-rack, certSerialId: null}, Type:RATIS, Factor:ONE, State:OPEN]
2019-08-29 08:16:04,653 [EventQueue-StaleNodeForStaleNodeHandler] INFO  pipeline.PipelineStateManager (PipelineStateManager.java:finalizePipeline(123)) - Pipeline Pipeline[ Id: d2cf43b4-cd24-4841-a085-de3fc5830e49, Nodes: dd9e2fbb-74e8-4002-a44e-6ed6076d3ed9{ip: 192.168.69.111, host: pr-hdds-1569-g9zr9-4145101663, networkLocation: /default-rack, certSerialId: null}, Type:RATIS, Factor:ONE, State:CLOSED] moved to CLOSED state
2019-08-29 08:16:04,654 [EventQueue-StaleNodeForStaleNodeHandler] INFO  pipeline.SCMPipelineManager (SCMPipelineManager.java:finalizeAndDestroyPipeline(309)) - destroying pipeline:Pipeline[ Id: 048a77e6-af6c-4945-854d-7a16fac25c82, Nodes: 0c5fef0d-286d-4de9-83c3-de42cda01f07{ip: 192.168.69.111, host: pr-hdds-1569-g9zr9-4145101663, networkLocation: /default-rack, certSerialId: null}0dd33b76-ae44-43ed-8830-1aa8976f734b{ip: 192.168.69.111, host: pr-hdds-1569-g9zr9-4145101663, networkLocation: /default-rack, certSerialId: null}dd9e2fbb-74e8-4002-a44e-6ed6076d3ed9{ip: 192.168.69.111, host: pr-hdds-1569-g9zr9-4145101663, networkLocation: /default-rack, certSerialId: null}, Type:RATIS, Factor:THREE, State:OPEN]
2019-08-29 08:16:04,654 [EventQueue-StaleNodeForStaleNodeHandler] INFO  pipeline.PipelineStateManager (PipelineStateManager.java:finalizePipeline(123)) - Pipeline Pipeline[ Id: 048a77e6-af6c-4945-854d-7a16fac25c82, Nodes: 0c5fef0d-286d-4de9-83c3-de42cda01f07{ip: 192.168.69.111, host: pr-hdds-1569-g9zr9-4145101663, networkLocation: /default-rack, certSerialId: null}0dd33b76-ae44-43ed-8830-1aa8976f734b{ip: 192.168.69.111, host: pr-hdds-1569-g9zr9-4145101663, networkLocation: /default-rack, certSerialId: null}dd9e2fbb-74e8-4002-a44e-6ed6076d3ed9{ip: 192.168.69.111, host: pr-hdds-1569-g9zr9-4145101663, networkLocation: /default-rack, certSerialId: null}, Type:RATIS, Factor:THREE, State:CLOSED] moved to CLOSED state
2019-08-29 08:16:04,654 [EventQueue-CloseContainerForCloseContainerEventHandler] INFO  container.CloseContainerEventHandler (CloseContainerEventHandler.java:onMessage(61)) - Close container Event triggered for container : #2
2019-08-29 08:16:04,805 [main] INFO  ozoneimpl.OzoneContainer (OzoneContainer.java:stop(199)) - Attempting to stop container services.
2019-08-29 08:16:04,806 [ForkJoinPool.commonPool-worker-1] INFO  ozoneimpl.OzoneContainer (OzoneContainer.java:stop(199)) - Attempting to stop container services.
2019-08-29 08:16:04,806 [main] INFO  impl.RaftServerProxy (RaftServerProxy.java:lambda$close$4(314)) - dd9e2fbb-74e8-4002-a44e-6ed6076d3ed9: close
2019-08-29 08:16:04,806 [ForkJoinPool.commonPool-worker-1] INFO  impl.RaftServerProxy (RaftServerProxy.java:lambda$close$4(314)) - f4ed06a8-f58e-44fd-bf89-8ea63b8f80d3: close
2019-08-29 08:16:04,806 [main] INFO  impl.RaftServerImpl (RaftServerImpl.java:lambda$shutdown$3(245)) - dd9e2fbb-74e8-4002-a44e-6ed6076d3ed9: shutdown group-DE3FC5830E49
2019-08-29 08:16:04,806 [ForkJoinPool.commonPool-worker-1] INFO  impl.RaftServerImpl (RaftServerImpl.java:lambda$shutdown$3(245)) - f4ed06a8-f58e-44fd-bf89-8ea63b8f80d3: shutdown group-EBC1B9AAEA58
2019-08-29 08:16:04,807 [main] INFO  util.JmxRegister (JmxRegister.java:unregister(73)) - Successfully un-registered JMX Bean with object name Ratis:service=RaftServer,group=group-DE3FC5830E49,id=dd9e2fbb-74e8-4002-a44e-6ed6076d3ed9
2019-08-29 08:16:04,807 [ForkJoinPool.commonPool-worker-1] INFO  util.JmxRegister (JmxRegister.java:unregister(73)) - Successfully un-registered JMX Bean with object name Ratis:service=RaftServer,group=group-EBC1B9AAEA58,id=f4ed06a8-f58e-44fd-bf89-8ea63b8f80d3
2019-08-29 08:16:04,807 [ForkJoinPool.commonPool-worker-1] INFO  impl.RoleInfo (RoleInfo.java:shutdownLeaderState(104)) - f4ed06a8-f58e-44fd-bf89-8ea63b8f80d3: shutdown LeaderState
2019-08-29 08:16:04,813 [main] INFO  impl.RoleInfo (RoleInfo.java:shutdownLeaderState(104)) - dd9e2fbb-74e8-4002-a44e-6ed6076d3ed9: shutdown LeaderState
2019-08-29 08:16:04,813 [org.apache.ratis.server.impl.LogAppender$AppenderDaemon$$Lambda$482/1869465170@7e15e23] WARN  server.GrpcLogAppender (GrpcLogAppender.java:mayWait(143)) - GrpcLogAppender(f4ed06a8-f58e-44fd-bf89-8ea63b8f80d3->dedae8b3-beea-4d2b-ad20-87a9a0d5bc72): Wait interrupted by java.lang.InterruptedException
2019-08-29 08:16:04,813 [org.apache.ratis.server.impl.LogAppender$AppenderDaemon$$Lambda$482/1869465170@42e3c0bb] WARN  server.GrpcLogAppender (GrpcLogAppender.java:mayWait(143)) - GrpcLogAppender(f4ed06a8-f58e-44fd-bf89-8ea63b8f80d3->e825e5c3-0d56-4405-b416-b67706fddd99): Wait interrupted by java.lang.InterruptedException
2019-08-29 08:16:04,813 [ForkJoinPool.commonPool-worker-1] INFO  impl.PendingRequests (PendingRequests.java:sendNotLeaderResponses(202)) - f4ed06a8-f58e-44fd-bf89-8ea63b8f80d3-PendingRequests: sendNotLeaderResponses
2019-08-29 08:16:04,813 [main] INFO  impl.PendingRequests (PendingRequests.java:sendNotLeaderResponses(202)) - dd9e2fbb-74e8-4002-a44e-6ed6076d3ed9-PendingRequests: sendNotLeaderResponses
2019-08-29 08:16:04,816 [grpc-default-executor-4] INFO  server.GrpcServerProtocolService (GrpcServerProtocolService.java:onCompleted(104)) - e825e5c3-0d56-4405-b416-b67706fddd99: appendEntries completed
2019-08-29 08:16:04,816 [grpc-default-executor-10] INFO  server.GrpcServerProtocolService (GrpcServerProtocolService.java:onCompleted(104)) - dedae8b3-beea-4d2b-ad20-87a9a0d5bc72: appendEntries completed
2019-08-29 08:16:04,818 [StateMachineUpdater:f4ed06a8-f58e-44fd-bf89-8ea63b8f80d3:group-EBC1B9AAEA58] INFO  ratis.ContainerStateMachine (ContainerStateMachine.java:takeSnapshot(283)) - group-EBC1B9AAEA58: Taking a snapshot at:(t:2, i:6) file /workdir/hadoop-ozone/integration-test/target/test-dir/MiniOzoneClusterImpl-249f8078-8fc0-44d6-853a-2b715126e327/datanode-1/data/ratis/64dd66ca-9e53-40df-8d8c-ebc1b9aaea58/sm/snapshot.2_6
2019-08-29 08:16:04,818 [main] INFO  impl.StateMachineUpdater (StateMachineUpdater.java:stopAndJoin(115)) - StateMachineUpdater:dd9e2fbb-74e8-4002-a44e-6ed6076d3ed9:group-DE3FC5830E49: set stopIndex = 0
2019-08-29 08:16:04,819 [main] INFO  impl.RaftServerImpl (ServerState.java:close(394)) - dd9e2fbb-74e8-4002-a44e-6ed6076d3ed9:group-DE3FC5830E49 closes. The last applied log index is 0
2019-08-29 08:16:04,818 [ForkJoinPool.commonPool-worker-1] INFO  impl.StateMachineUpdater (StateMachineUpdater.java:stopAndJoin(115)) - StateMachineUpdater:f4ed06a8-f58e-44fd-bf89-8ea63b8f80d3:group-EBC1B9AAEA58: set stopIndex = 6
2019-08-29 08:16:04,819 [grpc-default-executor-10] INFO  server.GrpcLogAppender (GrpcLogAppender.java:onCompleted(292)) - f4ed06a8-f58e-44fd-bf89-8ea63b8f80d3->dedae8b3-beea-4d2b-ad20-87a9a0d5bc72: follower responses appendEntries COMPLETED
2019-08-29 08:16:04,819 [grpc-default-executor-4] INFO  server.GrpcLogAppender (GrpcLogAppender.java:onCompleted(292)) - f4ed06a8-f58e-44fd-bf89-8ea63b8f80d3->e825e5c3-0d56-4405-b416-b67706fddd99: follower responses appendEntries COMPLETED
2019-08-29 08:16:04,819 [grpc-default-executor-10] INFO  impl.FollowerInfo (FollowerInfo.java:lambda$new$0(50)) - f4ed06a8-f58e-44fd-bf89-8ea63b8f80d3->dedae8b3-beea-4d2b-ad20-87a9a0d5bc72: nextIndex: updateUnconditionally 7 -> 6
2019-08-29 08:16:04,819 [dd9e2fbb-74e8-4002-a44e-6ed6076d3ed9-SegmentedRaftLogWorker:Storage Directory /workdir/hadoop-ozone/integration-test/target/test-dir/MiniOzoneClusterImpl-249f8078-8fc0-44d6-853a-2b715126e327/datanode-4/data/ratis/d2cf43b4-cd24-4841-a085-de3fc5830e49] INFO  segmented.SegmentedRaftLogWorker (SegmentedRaftLogWorker.java:run(313)) - dd9e2fbb-74e8-4002-a44e-6ed6076d3ed9-SegmentedRaftLogWorker:Storage Directory /workdir/hadoop-ozone/integration-test/target/test-dir/MiniOzoneClusterImpl-249f8078-8fc0-44d6-853a-2b715126e327/datanode-4/data/ratis/d2cf43b4-cd24-4841-a085-de3fc5830e49 was interrupted, exiting. There are 0 tasks remaining in the queue.
2019-08-29 08:16:04,819 [grpc-default-executor-4] INFO  impl.FollowerInfo (FollowerInfo.java:lambda$new$0(50)) - f4ed06a8-f58e-44fd-bf89-8ea63b8f80d3->e825e5c3-0d56-4405-b416-b67706fddd99: nextIndex: updateUnconditionally 7 -> 6
2019-08-29 08:16:04,821 [main] INFO  segmented.SegmentedRaftLogWorker (SegmentedRaftLogWorker.java:close(228)) - dd9e2fbb-74e8-4002-a44e-6ed6076d3ed9-SegmentedRaftLogWorker:Storage Directory /workdir/hadoop-ozone/integration-test/target/test-dir/MiniOzoneClusterImpl-249f8078-8fc0-44d6-853a-2b715126e327/datanode-4/data/ratis/d2cf43b4-cd24-4841-a085-de3fc5830e49 close()
2019-08-29 08:16:04,824 [main] INFO  impl.RaftServerImpl (RaftServerImpl.java:lambda$shutdown$3(245)) - dd9e2fbb-74e8-4002-a44e-6ed6076d3ed9: shutdown group-7A16FAC25C82
2019-08-29 08:16:04,825 [main] INFO  util.JmxRegister (JmxRegister.java:unregister(73)) - Successfully un-registered JMX Bean with object name Ratis:service=RaftServer,group=group-7A16FAC25C82,id=dd9e2fbb-74e8-4002-a44e-6ed6076d3ed9
2019-08-29 08:16:04,825 [main] INFO  impl.RoleInfo (RoleInfo.java:shutdownLeaderState(104)) - dd9e2fbb-74e8-4002-a44e-6ed6076d3ed9: shutdown LeaderState
2019-08-29 08:16:04,828 [main] INFO  impl.PendingRequests (PendingRequests.java:sendNotLeaderResponses(202)) - dd9e2fbb-74e8-4002-a44e-6ed6076d3ed9-PendingRequests: sendNotLeaderResponses
2019-08-29 08:16:04,828 [org.apache.ratis.server.impl.LogAppender$AppenderDaemon$$Lambda$482/1869465170@3f10b04d] WARN  server.GrpcLogAppender (GrpcLogAppender.java:mayWait(143)) - GrpcLogAppender(dd9e2fbb-74e8-4002-a44e-6ed6076d3ed9->0dd33b76-ae44-43ed-8830-1aa8976f734b): Wait interrupted by java.lang.InterruptedException
2019-08-29 08:16:04,838 [StateMachineUpdater:dd9e2fbb-74e8-4002-a44e-6ed6076d3ed9:group-7A16FAC25C82] INFO  ratis.ContainerStateMachine (ContainerStateMachine.java:takeSnapshot(283)) - group-7A16FAC25C82: Taking a snapshot at:(t:1, i:6) file /workdir/hadoop-ozone/integration-test/target/test-dir/MiniOzoneClusterImpl-249f8078-8fc0-44d6-853a-2b715126e327/datanode-4/data/ratis/048a77e6-af6c-4945-854d-7a16fac25c82/sm/snapshot.1_6
2019-08-29 08:16:04,828 [org.apache.ratis.server.impl.LogAppender$AppenderDaemon$$Lambda$482/1869465170@7a12216b] WARN  server.GrpcLogAppender (GrpcLogAppender.java:mayWait(143)) - GrpcLogAppender(dd9e2fbb-74e8-4002-a44e-6ed6076d3ed9->0c5fef0d-286d-4de9-83c3-de42cda01f07): Wait interrupted by java.lang.InterruptedException
2019-08-29 08:16:04,839 [grpc-default-executor-4] INFO  server.GrpcServerProtocolService (GrpcServerProtocolService.java:onCompleted(104)) - 0dd33b76-ae44-43ed-8830-1aa8976f734b: appendEntries completed
2019-08-29 08:16:04,838 [main] INFO  impl.StateMachineUpdater (StateMachineUpdater.java:stopAndJoin(115)) - StateMachineUpdater:dd9e2fbb-74e8-4002-a44e-6ed6076d3ed9:group-7A16FAC25C82: set stopIndex = 6
2019-08-29 08:16:04,839 [grpc-default-executor-10] INFO  server.GrpcLogAppender (GrpcLogAppender.java:onCompleted(292)) - dd9e2fbb-74e8-4002-a44e-6ed6076d3ed9->0dd33b76-ae44-43ed-8830-1aa8976f734b: follower responses appendEntries COMPLETED
2019-08-29 08:16:04,839 [grpc-default-executor-4] INFO  server.GrpcServerProtocolService (GrpcServerProtocolService.java:onCompleted(104)) - 0c5fef0d-286d-4de9-83c3-de42cda01f07: appendEntries completed
2019-08-29 08:16:04,840 [grpc-default-executor-10] INFO  impl.FollowerInfo (FollowerInfo.java:lambda$new$0(50)) - dd9e2fbb-74e8-4002-a44e-6ed6076d3ed9->0dd33b76-ae44-43ed-8830-1aa8976f734b: nextIndex: updateUnconditionally 7 -> 6
2019-08-29 08:16:04,840 [grpc-default-executor-10] INFO  server.GrpcLogAppender (GrpcLogAppender.java:onCompleted(292)) - dd9e2fbb-74e8-4002-a44e-6ed6076d3ed9->0c5fef0d-286d-4de9-83c3-de42cda01f07: follower responses appendEntries COMPLETED
2019-08-29 08:16:04,840 [grpc-default-executor-10] INFO  impl.FollowerInfo (FollowerInfo.java:lambda$new$0(50)) - dd9e2fbb-74e8-4002-a44e-6ed6076d3ed9->0c5fef0d-286d-4de9-83c3-de42cda01f07: nextIndex: updateUnconditionally 7 -> 6
2019-08-29 08:16:04,859 [StateMachineUpdater:f4ed06a8-f58e-44fd-bf89-8ea63b8f80d3:group-EBC1B9AAEA58] INFO  ratis.ContainerStateMachine (ContainerStateMachine.java:takeSnapshot(294)) - group-EBC1B9AAEA58: Finished taking a snapshot at:(t:2, i:6) file:/workdir/hadoop-ozone/integration-test/target/test-dir/MiniOzoneClusterImpl-249f8078-8fc0-44d6-853a-2b715126e327/datanode-1/data/ratis/64dd66ca-9e53-40df-8d8c-ebc1b9aaea58/sm/snapshot.2_6 time:41
2019-08-29 08:16:04,860 [StateMachineUpdater:f4ed06a8-f58e-44fd-bf89-8ea63b8f80d3:group-EBC1B9AAEA58] INFO  impl.StateMachineUpdater (StateMachineUpdater.java:takeSnapshot(242)) - StateMachineUpdater:f4ed06a8-f58e-44fd-bf89-8ea63b8f80d3:group-EBC1B9AAEA58: Took a snapshot at index 6
2019-08-29 08:16:04,860 [StateMachineUpdater:f4ed06a8-f58e-44fd-bf89-8ea63b8f80d3:group-EBC1B9AAEA58] INFO  impl.StateMachineUpdater (StateMachineUpdater.java:lambda$new$0(80)) - StateMachineUpdater:f4ed06a8-f58e-44fd-bf89-8ea63b8f80d3:group-EBC1B9AAEA58: snapshotIndex: updateIncreasingly -1 -> 6
2019-08-29 08:16:04,860 [ForkJoinPool.commonPool-worker-1] INFO  impl.RaftServerImpl (ServerState.java:close(394)) - f4ed06a8-f58e-44fd-bf89-8ea63b8f80d3:group-EBC1B9AAEA58 closes. The last applied log index is 6
2019-08-29 08:16:04,861 [f4ed06a8-f58e-44fd-bf89-8ea63b8f80d3-SegmentedRaftLogWorker:Storage Directory /workdir/hadoop-ozone/integration-test/target/test-dir/MiniOzoneClusterImpl-249f8078-8fc0-44d6-853a-2b715126e327/datanode-1/data/ratis/64dd66ca-9e53-40df-8d8c-ebc1b9aaea58] INFO  segmented.SegmentedRaftLogWorker (SegmentedRaftLogWorker.java:run(313)) - f4ed06a8-f58e-44fd-bf89-8ea63b8f80d3-SegmentedRaftLogWorker:Storage Directory /workdir/hadoop-ozone/integration-test/target/test-dir/MiniOzoneClusterImpl-249f8078-8fc0-44d6-853a-2b715126e327/datanode-1/data/ratis/64dd66ca-9e53-40df-8d8c-ebc1b9aaea58 was interrupted, exiting. There are 0 tasks remaining in the queue.
2019-08-29 08:16:04,863 [ForkJoinPool.commonPool-worker-1] INFO  segmented.SegmentedRaftLogWorker (SegmentedRaftLogWorker.java:close(228)) - f4ed06a8-f58e-44fd-bf89-8ea63b8f80d3-SegmentedRaftLogWorker:Storage Directory /workdir/hadoop-ozone/integration-test/target/test-dir/MiniOzoneClusterImpl-249f8078-8fc0-44d6-853a-2b715126e327/datanode-1/data/ratis/64dd66ca-9e53-40df-8d8c-ebc1b9aaea58 close()
2019-08-29 08:16:04,867 [ForkJoinPool.commonPool-worker-1] INFO  impl.RaftServerImpl (RaftServerImpl.java:lambda$shutdown$3(245)) - f4ed06a8-f58e-44fd-bf89-8ea63b8f80d3: shutdown group-B0304A278AD1
2019-08-29 08:16:04,867 [ForkJoinPool.commonPool-worker-1] INFO  util.JmxRegister (JmxRegister.java:unregister(73)) - Successfully un-registered JMX Bean with object name Ratis:service=RaftServer,group=group-B0304A278AD1,id=f4ed06a8-f58e-44fd-bf89-8ea63b8f80d3
2019-08-29 08:16:04,867 [ForkJoinPool.commonPool-worker-1] INFO  impl.RoleInfo (RoleInfo.java:shutdownLeaderState(104)) - f4ed06a8-f58e-44fd-bf89-8ea63b8f80d3: shutdown LeaderState
2019-08-29 08:16:04,867 [ForkJoinPool.commonPool-worker-1] INFO  impl.PendingRequests (PendingRequests.java:sendNotLeaderResponses(202)) - f4ed06a8-f58e-44fd-bf89-8ea63b8f80d3-PendingRequests: sendNotLeaderResponses
2019-08-29 08:16:04,868 [ForkJoinPool.commonPool-worker-1] INFO  impl.StateMachineUpdater (StateMachineUpdater.java:stopAndJoin(115)) - StateMachineUpdater:f4ed06a8-f58e-44fd-bf89-8ea63b8f80d3:group-B0304A278AD1: set stopIndex = 0
2019-08-29 08:16:04,868 [ForkJoinPool.commonPool-worker-1] INFO  impl.RaftServerImpl (ServerState.java:close(394)) - f4ed06a8-f58e-44fd-bf89-8ea63b8f80d3:group-B0304A278AD1 closes. The last applied log index is 0
2019-08-29 08:16:04,868 [f4ed06a8-f58e-44fd-bf89-8ea63b8f80d3-SegmentedRaftLogWorker:Storage Directory /workdir/hadoop-ozone/integration-test/target/test-dir/MiniOzoneClusterImpl-249f8078-8fc0-44d6-853a-2b715126e327/datanode-1/data/ratis/23ad4240-bff0-47b5-a8b6-b0304a278ad1] INFO  segmented.SegmentedRaftLogWorker (SegmentedRaftLogWorker.java:run(313)) - f4ed06a8-f58e-44fd-bf89-8ea63b8f80d3-SegmentedRaftLogWorker:Storage Directory /workdir/hadoop-ozone/integration-test/target/test-dir/MiniOzoneClusterImpl-249f8078-8fc0-44d6-853a-2b715126e327/datanode-1/data/ratis/23ad4240-bff0-47b5-a8b6-b0304a278ad1 was interrupted, exiting. There are 0 tasks remaining in the queue.
2019-08-29 08:16:04,870 [ForkJoinPool.commonPool-worker-1] INFO  segmented.SegmentedRaftLogWorker (SegmentedRaftLogWorker.java:close(228)) - f4ed06a8-f58e-44fd-bf89-8ea63b8f80d3-SegmentedRaftLogWorker:Storage Directory /workdir/hadoop-ozone/integration-test/target/test-dir/MiniOzoneClusterImpl-249f8078-8fc0-44d6-853a-2b715126e327/datanode-1/data/ratis/23ad4240-bff0-47b5-a8b6-b0304a278ad1 close()
2019-08-29 08:16:04,874 [ForkJoinPool.commonPool-worker-1] INFO  server.GrpcService (GrpcService.java:closeImpl(155)) - f4ed06a8-f58e-44fd-bf89-8ea63b8f80d3: shutdown server with port 36473 now
2019-08-29 08:16:04,875 [grpc-default-executor-4] WARN  client.GrpcClientProtocolService (LogUtils.java:warn(134)) - 4-UnorderedRequestStreamObserver4: onError: org.apache.ratis.thirdparty.io.grpc.StatusRuntimeException: CANCELLED: cancelled before receiving half close
2019-08-29 08:16:04,875 [ForkJoinPool.commonPool-worker-1] INFO  server.GrpcService (GrpcService.java:closeImpl(163)) - f4ed06a8-f58e-44fd-bf89-8ea63b8f80d3: shutdown server with port 36473 successfully
2019-08-29 08:16:04,876 [ForkJoinPool.commonPool-worker-1] INFO  utils.BackgroundService (BackgroundService.java:shutdown(148)) - Shutting down service BlockDeletingService
2019-08-29 08:16:04,886 [refreshUsed-/workdir/hadoop-ozone/integration-test/target/test-dir/MiniOzoneClusterImpl-249f8078-8fc0-44d6-853a-2b715126e327/datanode-1/data/containers] WARN  fs.CachingGetSpaceUsed (CachingGetSpaceUsed.java:run(183)) - Thread Interrupted waiting to refresh disk information: sleep interrupted
2019-08-29 08:16:04,903 [ForkJoinPool.commonPool-worker-1] INFO  statemachine.DatanodeStateMachine (DatanodeStateMachine.java:stopDaemon(395)) - Ozone container server stopped.
2019-08-29 08:16:04,909 [StateMachineUpdater:dd9e2fbb-74e8-4002-a44e-6ed6076d3ed9:group-7A16FAC25C82] INFO  ratis.ContainerStateMachine (ContainerStateMachine.java:takeSnapshot(294)) - group-7A16FAC25C82: Finished taking a snapshot at:(t:1, i:6) file:/workdir/hadoop-ozone/integration-test/target/test-dir/MiniOzoneClusterImpl-249f8078-8fc0-44d6-853a-2b715126e327/datanode-4/data/ratis/048a77e6-af6c-4945-854d-7a16fac25c82/sm/snapshot.1_6 time:71
2019-08-29 08:16:04,909 [StateMachineUpdater:dd9e2fbb-74e8-4002-a44e-6ed6076d3ed9:group-7A16FAC25C82] INFO  impl.StateMachineUpdater (StateMachineUpdater.java:takeSnapshot(242)) - StateMachineUpdater:dd9e2fbb-74e8-4002-a44e-6ed6076d3ed9:group-7A16FAC25C82: Took a snapshot at index 6
2019-08-29 08:16:04,909 [StateMachineUpdater:dd9e2fbb-74e8-4002-a44e-6ed6076d3ed9:group-7A16FAC25C82] INFO  impl.StateMachineUpdater (StateMachineUpdater.java:lambda$new$0(80)) - StateMachineUpdater:dd9e2fbb-74e8-4002-a44e-6ed6076d3ed9:group-7A16FAC25C82: snapshotIndex: updateIncreasingly -1 -> 6
2019-08-29 08:16:04,911 [ForkJoinPool.commonPool-worker-1] INFO  handler.ContextHandler (ContextHandler.java:doStop(910)) - Stopped o.e.j.w.WebAppContext@71a8a354{/,null,UNAVAILABLE}{/hddsDatanode}
2019-08-29 08:16:04,912 [main] INFO  impl.RaftServerImpl (ServerState.java:close(394)) - dd9e2fbb-74e8-4002-a44e-6ed6076d3ed9:group-7A16FAC25C82 closes. The last applied log index is 6
2019-08-29 08:16:04,912 | INFO  | SCMAudit | user=jenkins1000 | ip=192.168.69.111 | op=SEND_HEARTBEAT {datanodeUUID=e825e5c3-0d56-4405-b416-b67706fddd99, command=[commandType: closeContainerCommand closeContainerCommandProto { containerID: 1 pipelineID { id: "64dd66ca-9e53-40df-8d8c-ebc1b9aaea58" } cmdId: 1 force: false } ]} | ret=SUCCESS |  
2019-08-29 08:16:04,912 | INFO  | SCMAudit | user=jenkins1000 | ip=192.168.69.111 | op=SEND_HEARTBEAT {datanodeUUID=dedae8b3-beea-4d2b-ad20-87a9a0d5bc72, command=[commandType: closeContainerCommand closeContainerCommandProto { containerID: 1 pipelineID { id: "64dd66ca-9e53-40df-8d8c-ebc1b9aaea58" } cmdId: 1 force: false } ]} | ret=SUCCESS |  
2019-08-29 08:16:04,912 [ForkJoinPool.commonPool-worker-1] INFO  server.AbstractConnector (AbstractConnector.java:doStop(318)) - Stopped ServerConnector@3ed0e816{HTTP/1.1,[http/1.1]}{0.0.0.0:0}
2019-08-29 08:16:04,912 [dd9e2fbb-74e8-4002-a44e-6ed6076d3ed9-SegmentedRaftLogWorker:Storage Directory /workdir/hadoop-ozone/integration-test/target/test-dir/MiniOzoneClusterImpl-249f8078-8fc0-44d6-853a-2b715126e327/datanode-4/data/ratis/048a77e6-af6c-4945-854d-7a16fac25c82] INFO  segmented.SegmentedRaftLogWorker (SegmentedRaftLogWorker.java:run(313)) - dd9e2fbb-74e8-4002-a44e-6ed6076d3ed9-SegmentedRaftLogWorker:Storage Directory /workdir/hadoop-ozone/integration-test/target/test-dir/MiniOzoneClusterImpl-249f8078-8fc0-44d6-853a-2b715126e327/datanode-4/data/ratis/048a77e6-af6c-4945-854d-7a16fac25c82 was interrupted, exiting. There are 0 tasks remaining in the queue.
2019-08-29 08:16:04,913 [ForkJoinPool.commonPool-worker-1] INFO  handler.ContextHandler (ContextHandler.java:doStop(910)) - Stopped o.e.j.s.ServletContextHandler@159e7734{/static,jar:file:/home/user/.m2/repository/org/apache/hadoop/hadoop-hdds-container-service/0.5.0-SNAPSHOT/hadoop-hdds-container-service-0.5.0-SNAPSHOT.jar!/webapps/static,UNAVAILABLE}
2019-08-29 08:16:04,915 [main] INFO  segmented.SegmentedRaftLogWorker (SegmentedRaftLogWorker.java:close(228)) - dd9e2fbb-74e8-4002-a44e-6ed6076d3ed9-SegmentedRaftLogWorker:Storage Directory /workdir/hadoop-ozone/integration-test/target/test-dir/MiniOzoneClusterImpl-249f8078-8fc0-44d6-853a-2b715126e327/datanode-4/data/ratis/048a77e6-af6c-4945-854d-7a16fac25c82 close()
2019-08-29 08:16:04,917 [ForkJoinPool.commonPool-worker-1] INFO  handler.ContextHandler (ContextHandler.java:doStop(910)) - Stopped o.e.j.s.ServletContextHandler@b536551{/logs,file:///workdir/hadoop-ozone/integration-test/target/log,UNAVAILABLE}
2019-08-29 08:16:04,920 [main] INFO  server.GrpcService (GrpcService.java:closeImpl(155)) - dd9e2fbb-74e8-4002-a44e-6ed6076d3ed9: shutdown server with port 39702 now
2019-08-29 08:16:04,921 [ForkJoinPool.commonPool-worker-1] INFO  datanode.ObjectStoreHandler (ObjectStoreHandler.java:close(155)) - Closing ObjectStoreHandler.
2019-08-29 08:16:04,921 [main] INFO  server.GrpcService (GrpcService.java:closeImpl(163)) - dd9e2fbb-74e8-4002-a44e-6ed6076d3ed9: shutdown server with port 39702 successfully
2019-08-29 08:16:04,921 [ForkJoinPool.commonPool-worker-1] INFO  ozone.HddsDatanodeService (HddsDatanodeService.java:stop(451)) - Stopped plug-in org.apache.hadoop.ozone.web.OzoneHddsDatanodeService@232b4552
2019-08-29 08:16:04,924 [main] INFO  utils.BackgroundService (BackgroundService.java:shutdown(148)) - Shutting down service BlockDeletingService
2019-08-29 08:16:04,925 [refreshUsed-/workdir/hadoop-ozone/integration-test/target/test-dir/MiniOzoneClusterImpl-249f8078-8fc0-44d6-853a-2b715126e327/datanode-4/data/containers] WARN  fs.CachingGetSpaceUsed (CachingGetSpaceUsed.java:run(183)) - Thread Interrupted waiting to refresh disk information: sleep interrupted
2019-08-29 08:16:04,942 [main] INFO  statemachine.DatanodeStateMachine (DatanodeStateMachine.java:stopDaemon(395)) - Ozone container server stopped.
2019-08-29 08:16:04,943 [main] INFO  handler.ContextHandler (ContextHandler.java:doStop(910)) - Stopped o.e.j.w.WebAppContext@63e21ccb{/,null,UNAVAILABLE}{/hddsDatanode}
2019-08-29 08:16:04,944 [main] INFO  server.AbstractConnector (AbstractConnector.java:doStop(318)) - Stopped ServerConnector@8c41677{HTTP/1.1,[http/1.1]}{0.0.0.0:0}
2019-08-29 08:16:04,944 [main] INFO  handler.ContextHandler (ContextHandler.java:doStop(910)) - Stopped o.e.j.s.ServletContextHandler@31a266e0{/static,jar:file:/home/user/.m2/repository/org/apache/hadoop/hadoop-hdds-container-service/0.5.0-SNAPSHOT/hadoop-hdds-container-service-0.5.0-SNAPSHOT.jar!/webapps/static,UNAVAILABLE}
2019-08-29 08:16:04,944 [main] INFO  handler.ContextHandler (ContextHandler.java:doStop(910)) - Stopped o.e.j.s.ServletContextHandler@4f29bbde{/logs,file:///workdir/hadoop-ozone/integration-test/target/log,UNAVAILABLE}
2019-08-29 08:16:04,945 [main] INFO  datanode.ObjectStoreHandler (ObjectStoreHandler.java:close(155)) - Closing ObjectStoreHandler.
2019-08-29 08:16:04,945 [main] INFO  ozone.HddsDatanodeService (HddsDatanodeService.java:stop(451)) - Stopped plug-in org.apache.hadoop.ozone.web.OzoneHddsDatanodeService@30075210
2019-08-29 08:16:05,504 | INFO  | SCMAudit | user=jenkins1000 | ip=192.168.69.111 | op=SEND_HEARTBEAT {datanodeUUID=ff642454-59ec-48e6-b18d-d83138b0e5e4, command=[]} | ret=SUCCESS |  
2019-08-29 08:16:05,623 [Datanode State Machine Thread - 0] INFO  statemachine.DatanodeStateMachine (DatanodeStateMachine.java:lambda$startDaemon$0(350)) - Ozone container server started.
2019-08-29 08:16:05,624 | INFO  | SCMAudit | user=jenkins1000 | ip=192.168.69.111 | op=SEND_HEARTBEAT {datanodeUUID=0dd33b76-ae44-43ed-8830-1aa8976f734b, command=[commandType: closeContainerCommand closeContainerCommandProto { containerID: 2 pipelineID { id: "048a77e6-af6c-4945-854d-7a16fac25c82" } cmdId: 2 force: false } ]} | ret=SUCCESS |  
2019-08-29 08:16:05,903 [Datanode State Machine Thread - 0] INFO  statemachine.DatanodeStateMachine (DatanodeStateMachine.java:lambda$startDaemon$0(350)) - Ozone container server started.
2019-08-29 08:16:05,904 | INFO  | SCMAudit | user=jenkins1000 | ip=192.168.69.111 | op=SEND_HEARTBEAT {datanodeUUID=e825e5c3-0d56-4405-b416-b67706fddd99, command=[]} | ret=SUCCESS |  
2019-08-29 08:16:05,923 | INFO  | SCMAudit | user=jenkins1000 | ip=192.168.69.111 | op=SEND_HEARTBEAT {datanodeUUID=e825e5c3-0d56-4405-b416-b67706fddd99, command=[]} | ret=SUCCESS |  
2019-08-29 08:16:06,504 | INFO  | SCMAudit | user=jenkins1000 | ip=192.168.69.111 | op=SEND_HEARTBEAT {datanodeUUID=ff642454-59ec-48e6-b18d-d83138b0e5e4, command=[]} | ret=SUCCESS |  
2019-08-29 08:16:06,624 | INFO  | SCMAudit | user=jenkins1000 | ip=192.168.69.111 | op=SEND_HEARTBEAT {datanodeUUID=0dd33b76-ae44-43ed-8830-1aa8976f734b, command=[]} | ret=SUCCESS |  
2019-08-29 08:16:06,645 | INFO  | SCMAudit | user=jenkins1000 | ip=192.168.69.111 | op=SEND_HEARTBEAT {datanodeUUID=0dd33b76-ae44-43ed-8830-1aa8976f734b, command=[]} | ret=SUCCESS |  
2019-08-29 08:16:06,923 | INFO  | SCMAudit | user=jenkins1000 | ip=192.168.69.111 | op=SEND_HEARTBEAT {datanodeUUID=e825e5c3-0d56-4405-b416-b67706fddd99, command=[]} | ret=SUCCESS |  
2019-08-29 08:16:07,504 | INFO  | SCMAudit | user=jenkins1000 | ip=192.168.69.111 | op=SEND_HEARTBEAT {datanodeUUID=ff642454-59ec-48e6-b18d-d83138b0e5e4, command=[]} | ret=SUCCESS |  
2019-08-29 08:16:07,645 | INFO  | SCMAudit | user=jenkins1000 | ip=192.168.69.111 | op=SEND_HEARTBEAT {datanodeUUID=0dd33b76-ae44-43ed-8830-1aa8976f734b, command=[]} | ret=SUCCESS |  
2019-08-29 08:16:07,923 | INFO  | SCMAudit | user=jenkins1000 | ip=192.168.69.111 | op=SEND_HEARTBEAT {datanodeUUID=e825e5c3-0d56-4405-b416-b67706fddd99, command=[]} | ret=SUCCESS |  
2019-08-29 08:16:08,504 | INFO  | SCMAudit | user=jenkins1000 | ip=192.168.69.111 | op=SEND_HEARTBEAT {datanodeUUID=ff642454-59ec-48e6-b18d-d83138b0e5e4, command=[]} | ret=SUCCESS |  
2019-08-29 08:16:08,645 | INFO  | SCMAudit | user=jenkins1000 | ip=192.168.69.111 | op=SEND_HEARTBEAT {datanodeUUID=0dd33b76-ae44-43ed-8830-1aa8976f734b, command=[]} | ret=SUCCESS |  
2019-08-29 08:16:08,923 | INFO  | SCMAudit | user=jenkins1000 | ip=192.168.69.111 | op=SEND_HEARTBEAT {datanodeUUID=e825e5c3-0d56-4405-b416-b67706fddd99, command=[]} | ret=SUCCESS |  
2019-08-29 08:16:09,531 | INFO  | SCMAudit | user=jenkins1000 | ip=192.168.69.111 | op=SEND_HEARTBEAT {datanodeUUID=ff642454-59ec-48e6-b18d-d83138b0e5e4, command=[]} | ret=SUCCESS |  
2019-08-29 08:16:09,645 | INFO  | SCMAudit | user=jenkins1000 | ip=192.168.69.111 | op=SEND_HEARTBEAT {datanodeUUID=0dd33b76-ae44-43ed-8830-1aa8976f734b, command=[]} | ret=SUCCESS |  
2019-08-29 08:16:09,659 [EventQueue-StaleNodeForStaleNodeHandler] INFO  node.StaleNodeHandler (StaleNodeHandler.java:onMessage(58)) - Datanode 0c5fef0d-286d-4de9-83c3-de42cda01f07{ip: 192.168.69.111, host: pr-hdds-1569-g9zr9-4145101663, networkLocation: /default-rack, certSerialId: null} moved to stale state. Finalizing its pipelines [PipelineID=79de2cd6-486c-4612-970e-e8875026cb13, PipelineID=048a77e6-af6c-4945-854d-7a16fac25c82]
2019-08-29 08:16:09,659 [EventQueue-StaleNodeForStaleNodeHandler] INFO  pipeline.SCMPipelineManager (SCMPipelineManager.java:finalizeAndDestroyPipeline(309)) - destroying pipeline:Pipeline[ Id: 79de2cd6-486c-4612-970e-e8875026cb13, Nodes: 0c5fef0d-286d-4de9-83c3-de42cda01f07{ip: 192.168.69.111, host: pr-hdds-1569-g9zr9-4145101663, networkLocation: /default-rack, certSerialId: null}, Type:RATIS, Factor:ONE, State:OPEN]
2019-08-29 08:16:09,659 [EventQueue-StaleNodeForStaleNodeHandler] INFO  pipeline.PipelineStateManager (PipelineStateManager.java:finalizePipeline(123)) - Pipeline Pipeline[ Id: 79de2cd6-486c-4612-970e-e8875026cb13, Nodes: 0c5fef0d-286d-4de9-83c3-de42cda01f07{ip: 192.168.69.111, host: pr-hdds-1569-g9zr9-4145101663, networkLocation: /default-rack, certSerialId: null}, Type:RATIS, Factor:ONE, State:CLOSED] moved to CLOSED state
2019-08-29 08:16:09,659 [EventQueue-StaleNodeForStaleNodeHandler] INFO  pipeline.SCMPipelineManager (SCMPipelineManager.java:finalizeAndDestroyPipeline(309)) - destroying pipeline:Pipeline[ Id: 048a77e6-af6c-4945-854d-7a16fac25c82, Nodes: 0c5fef0d-286d-4de9-83c3-de42cda01f07{ip: 192.168.69.111, host: pr-hdds-1569-g9zr9-4145101663, networkLocation: /default-rack, certSerialId: null}0dd33b76-ae44-43ed-8830-1aa8976f734b{ip: 192.168.69.111, host: pr-hdds-1569-g9zr9-4145101663, networkLocation: /default-rack, certSerialId: null}dd9e2fbb-74e8-4002-a44e-6ed6076d3ed9{ip: 192.168.69.111, host: pr-hdds-1569-g9zr9-4145101663, networkLocation: /default-rack, certSerialId: null}, Type:RATIS, Factor:THREE, State:CLOSED]
2019-08-29 08:16:09,709 [Thread-5030] INFO  impl.FollowerState (FollowerState.java:run(106)) - dedae8b3-beea-4d2b-ad20-87a9a0d5bc72:group-EBC1B9AAEA58 changes to CANDIDATE, lastRpcTime:5013, electionTimeout:5010ms
2019-08-29 08:16:09,709 [Thread-5030] INFO  impl.RoleInfo (RoleInfo.java:shutdownFollowerState(121)) - dedae8b3-beea-4d2b-ad20-87a9a0d5bc72: shutdown FollowerState
2019-08-29 08:16:09,709 [Thread-5030] INFO  impl.RaftServerImpl (RaftServerImpl.java:setRole(171)) - dedae8b3-beea-4d2b-ad20-87a9a0d5bc72:group-EBC1B9AAEA58 changes role from FOLLOWER to CANDIDATE at term 2 for changeToCandidate
2019-08-29 08:16:09,709 [Thread-5030] INFO  impl.RoleInfo (RoleInfo.java:updateAndGet(143)) - dedae8b3-beea-4d2b-ad20-87a9a0d5bc72: start LeaderElection
2019-08-29 08:16:09,712 [dedae8b3-beea-4d2b-ad20-87a9a0d5bc72:group-EBC1B9AAEA58:LeaderElection125] INFO  impl.RaftServerImpl (ServerState.java:setLeader(263)) - dedae8b3-beea-4d2b-ad20-87a9a0d5bc72:group-EBC1B9AAEA58 change Leader from f4ed06a8-f58e-44fd-bf89-8ea63b8f80d3 to null at term 2 for initElection
2019-08-29 08:16:09,904 [Thread-5031] INFO  impl.FollowerState (FollowerState.java:run(106)) - e825e5c3-0d56-4405-b416-b67706fddd99:group-EBC1B9AAEA58 changes to CANDIDATE, lastRpcTime:5208, electionTimeout:5057ms
2019-08-29 08:16:09,904 [Thread-5031] INFO  impl.RoleInfo (RoleInfo.java:shutdownFollowerState(121)) - e825e5c3-0d56-4405-b416-b67706fddd99: shutdown FollowerState
2019-08-29 08:16:09,904 [Thread-5031] INFO  impl.RaftServerImpl (RaftServerImpl.java:setRole(171)) - e825e5c3-0d56-4405-b416-b67706fddd99:group-EBC1B9AAEA58 changes role from FOLLOWER to CANDIDATE at term 2 for changeToCandidate
2019-08-29 08:16:09,905 [Thread-5031] INFO  impl.RoleInfo (RoleInfo.java:updateAndGet(143)) - e825e5c3-0d56-4405-b416-b67706fddd99: start LeaderElection
2019-08-29 08:16:09,908 [e825e5c3-0d56-4405-b416-b67706fddd99:group-EBC1B9AAEA58:LeaderElection126] INFO  impl.RaftServerImpl (ServerState.java:setLeader(263)) - e825e5c3-0d56-4405-b416-b67706fddd99:group-EBC1B9AAEA58 change Leader from f4ed06a8-f58e-44fd-bf89-8ea63b8f80d3 to null at term 2 for initElection
2019-08-29 08:16:09,922 [ForkJoinPool.commonPool-worker-1] INFO  ozoneimpl.OzoneContainer (OzoneContainer.java:stop(199)) - Attempting to stop container services.
2019-08-29 08:16:09,923 | INFO  | SCMAudit | user=jenkins1000 | ip=192.168.69.111 | op=SEND_HEARTBEAT {datanodeUUID=e825e5c3-0d56-4405-b416-b67706fddd99, command=[]} | ret=SUCCESS |  
2019-08-29 08:16:09,926 [ForkJoinPool.commonPool-worker-1] INFO  impl.RaftServerProxy (RaftServerProxy.java:lambda$close$4(314)) - dedae8b3-beea-4d2b-ad20-87a9a0d5bc72: close
2019-08-29 08:16:09,926 [ForkJoinPool.commonPool-worker-1] INFO  impl.RaftServerImpl (RaftServerImpl.java:lambda$shutdown$3(245)) - dedae8b3-beea-4d2b-ad20-87a9a0d5bc72: shutdown group-93A381CC0B86
2019-08-29 08:16:09,926 [ForkJoinPool.commonPool-worker-1] INFO  util.JmxRegister (JmxRegister.java:unregister(73)) - Successfully un-registered JMX Bean with object name Ratis:service=RaftServer,group=group-93A381CC0B86,id=dedae8b3-beea-4d2b-ad20-87a9a0d5bc72
2019-08-29 08:16:09,926 [ForkJoinPool.commonPool-worker-1] INFO  impl.RoleInfo (RoleInfo.java:shutdownLeaderState(104)) - dedae8b3-beea-4d2b-ad20-87a9a0d5bc72: shutdown LeaderState
2019-08-29 08:16:09,927 [ForkJoinPool.commonPool-worker-1] INFO  impl.PendingRequests (PendingRequests.java:sendNotLeaderResponses(202)) - dedae8b3-beea-4d2b-ad20-87a9a0d5bc72-PendingRequests: sendNotLeaderResponses
2019-08-29 08:16:09,927 [ForkJoinPool.commonPool-worker-1] INFO  impl.StateMachineUpdater (StateMachineUpdater.java:stopAndJoin(115)) - StateMachineUpdater:dedae8b3-beea-4d2b-ad20-87a9a0d5bc72:group-93A381CC0B86: set stopIndex = 0
2019-08-29 08:16:09,934 [ForkJoinPool.commonPool-worker-1] INFO  impl.RaftServerImpl (ServerState.java:close(394)) - dedae8b3-beea-4d2b-ad20-87a9a0d5bc72:group-93A381CC0B86 closes. The last applied log index is 0
2019-08-29 08:16:09,934 [dedae8b3-beea-4d2b-ad20-87a9a0d5bc72-SegmentedRaftLogWorker:Storage Directory /workdir/hadoop-ozone/integration-test/target/test-dir/MiniOzoneClusterImpl-249f8078-8fc0-44d6-853a-2b715126e327/datanode-2/data/ratis/6e4f633f-7487-45cf-86d1-93a381cc0b86] INFO  segmented.SegmentedRaftLogWorker (SegmentedRaftLogWorker.java:run(313)) - dedae8b3-beea-4d2b-ad20-87a9a0d5bc72-SegmentedRaftLogWorker:Storage Directory /workdir/hadoop-ozone/integration-test/target/test-dir/MiniOzoneClusterImpl-249f8078-8fc0-44d6-853a-2b715126e327/datanode-2/data/ratis/6e4f633f-7487-45cf-86d1-93a381cc0b86 was interrupted, exiting. There are 0 tasks remaining in the queue.
2019-08-29 08:16:09,936 [ForkJoinPool.commonPool-worker-1] INFO  segmented.SegmentedRaftLogWorker (SegmentedRaftLogWorker.java:close(228)) - dedae8b3-beea-4d2b-ad20-87a9a0d5bc72-SegmentedRaftLogWorker:Storage Directory /workdir/hadoop-ozone/integration-test/target/test-dir/MiniOzoneClusterImpl-249f8078-8fc0-44d6-853a-2b715126e327/datanode-2/data/ratis/6e4f633f-7487-45cf-86d1-93a381cc0b86 close()
2019-08-29 08:16:09,939 [ForkJoinPool.commonPool-worker-1] INFO  impl.RaftServerImpl (RaftServerImpl.java:lambda$shutdown$3(245)) - dedae8b3-beea-4d2b-ad20-87a9a0d5bc72: shutdown group-EBC1B9AAEA58
2019-08-29 08:16:09,939 [ForkJoinPool.commonPool-worker-1] INFO  util.JmxRegister (JmxRegister.java:unregister(73)) - Successfully un-registered JMX Bean with object name Ratis:service=RaftServer,group=group-EBC1B9AAEA58,id=dedae8b3-beea-4d2b-ad20-87a9a0d5bc72
2019-08-29 08:16:09,940 [ForkJoinPool.commonPool-worker-1] INFO  impl.RoleInfo (RoleInfo.java:shutdownLeaderElection(134)) - dedae8b3-beea-4d2b-ad20-87a9a0d5bc72: shutdown LeaderElection
2019-08-29 08:16:09,940 [ForkJoinPool.commonPool-worker-1] INFO  impl.StateMachineUpdater (StateMachineUpdater.java:stopAndJoin(115)) - StateMachineUpdater:dedae8b3-beea-4d2b-ad20-87a9a0d5bc72:group-EBC1B9AAEA58: set stopIndex = 6
2019-08-29 08:16:09,940 [StateMachineUpdater:dedae8b3-beea-4d2b-ad20-87a9a0d5bc72:group-EBC1B9AAEA58] INFO  ratis.ContainerStateMachine (ContainerStateMachine.java:takeSnapshot(283)) - group-EBC1B9AAEA58: Taking a snapshot at:(t:2, i:6) file /workdir/hadoop-ozone/integration-test/target/test-dir/MiniOzoneClusterImpl-249f8078-8fc0-44d6-853a-2b715126e327/datanode-2/data/ratis/64dd66ca-9e53-40df-8d8c-ebc1b9aaea58/sm/snapshot.2_6
2019-08-29 08:16:09,946 [main] INFO  ozoneimpl.OzoneContainer (OzoneContainer.java:stop(199)) - Attempting to stop container services.
2019-08-29 08:16:09,949 [main] INFO  impl.RaftServerProxy (RaftServerProxy.java:lambda$close$4(314)) - 0c5fef0d-286d-4de9-83c3-de42cda01f07: close
2019-08-29 08:16:09,950 [main] INFO  impl.RaftServerImpl (RaftServerImpl.java:lambda$shutdown$3(245)) - 0c5fef0d-286d-4de9-83c3-de42cda01f07: shutdown group-E8875026CB13
2019-08-29 08:16:09,950 [main] INFO  util.JmxRegister (JmxRegister.java:unregister(73)) - Successfully un-registered JMX Bean with object name Ratis:service=RaftServer,group=group-E8875026CB13,id=0c5fef0d-286d-4de9-83c3-de42cda01f07
2019-08-29 08:16:09,951 [main] INFO  impl.RoleInfo (RoleInfo.java:shutdownLeaderState(104)) - 0c5fef0d-286d-4de9-83c3-de42cda01f07: shutdown LeaderState
2019-08-29 08:16:09,951 [main] INFO  impl.PendingRequests (PendingRequests.java:sendNotLeaderResponses(202)) - 0c5fef0d-286d-4de9-83c3-de42cda01f07-PendingRequests: sendNotLeaderResponses
2019-08-29 08:16:09,952 [main] INFO  impl.StateMachineUpdater (StateMachineUpdater.java:stopAndJoin(115)) - StateMachineUpdater:0c5fef0d-286d-4de9-83c3-de42cda01f07:group-E8875026CB13: set stopIndex = 0
2019-08-29 08:16:09,952 [main] INFO  impl.RaftServerImpl (ServerState.java:close(394)) - 0c5fef0d-286d-4de9-83c3-de42cda01f07:group-E8875026CB13 closes. The last applied log index is 0
2019-08-29 08:16:09,953 [0c5fef0d-286d-4de9-83c3-de42cda01f07-SegmentedRaftLogWorker:Storage Directory /workdir/hadoop-ozone/integration-test/target/test-dir/MiniOzoneClusterImpl-249f8078-8fc0-44d6-853a-2b715126e327/datanode-3/data/ratis/79de2cd6-486c-4612-970e-e8875026cb13] INFO  segmented.SegmentedRaftLogWorker (SegmentedRaftLogWorker.java:run(313)) - 0c5fef0d-286d-4de9-83c3-de42cda01f07-SegmentedRaftLogWorker:Storage Directory /workdir/hadoop-ozone/integration-test/target/test-dir/MiniOzoneClusterImpl-249f8078-8fc0-44d6-853a-2b715126e327/datanode-3/data/ratis/79de2cd6-486c-4612-970e-e8875026cb13 was interrupted, exiting. There are 0 tasks remaining in the queue.
2019-08-29 08:16:09,959 [EventQueue-StaleNodeForStaleNodeHandler] INFO  node.StaleNodeHandler (StaleNodeHandler.java:onMessage(58)) - Datanode dedae8b3-beea-4d2b-ad20-87a9a0d5bc72{ip: 192.168.69.111, host: pr-hdds-1569-g9zr9-4145101663, networkLocation: /default-rack, certSerialId: null} moved to stale state. Finalizing its pipelines [PipelineID=6e4f633f-7487-45cf-86d1-93a381cc0b86, PipelineID=64dd66ca-9e53-40df-8d8c-ebc1b9aaea58]
2019-08-29 08:16:09,959 [EventQueue-StaleNodeForStaleNodeHandler] INFO  pipeline.SCMPipelineManager (SCMPipelineManager.java:finalizeAndDestroyPipeline(309)) - destroying pipeline:Pipeline[ Id: 6e4f633f-7487-45cf-86d1-93a381cc0b86, Nodes: dedae8b3-beea-4d2b-ad20-87a9a0d5bc72{ip: 192.168.69.111, host: pr-hdds-1569-g9zr9-4145101663, networkLocation: /default-rack, certSerialId: null}, Type:RATIS, Factor:ONE, State:OPEN]
2019-08-29 08:16:09,959 [EventQueue-StaleNodeForStaleNodeHandler] INFO  pipeline.PipelineStateManager (PipelineStateManager.java:finalizePipeline(123)) - Pipeline Pipeline[ Id: 6e4f633f-7487-45cf-86d1-93a381cc0b86, Nodes: dedae8b3-beea-4d2b-ad20-87a9a0d5bc72{ip: 192.168.69.111, host: pr-hdds-1569-g9zr9-4145101663, networkLocation: /default-rack, certSerialId: null}, Type:RATIS, Factor:ONE, State:CLOSED] moved to CLOSED state
2019-08-29 08:16:09,960 [EventQueue-StaleNodeForStaleNodeHandler] INFO  pipeline.SCMPipelineManager (SCMPipelineManager.java:finalizeAndDestroyPipeline(309)) - destroying pipeline:Pipeline[ Id: 64dd66ca-9e53-40df-8d8c-ebc1b9aaea58, Nodes: e825e5c3-0d56-4405-b416-b67706fddd99{ip: 192.168.69.111, host: pr-hdds-1569-g9zr9-4145101663, networkLocation: /default-rack, certSerialId: null}f4ed06a8-f58e-44fd-bf89-8ea63b8f80d3{ip: 192.168.69.111, host: pr-hdds-1569-g9zr9-4145101663, networkLocation: /default-rack, certSerialId: null}dedae8b3-beea-4d2b-ad20-87a9a0d5bc72{ip: 192.168.69.111, host: pr-hdds-1569-g9zr9-4145101663, networkLocation: /default-rack, certSerialId: null}, Type:RATIS, Factor:THREE, State:CLOSED]
2019-08-29 08:16:10,000 [main] INFO  segmented.SegmentedRaftLogWorker (SegmentedRaftLogWorker.java:close(228)) - 0c5fef0d-286d-4de9-83c3-de42cda01f07-SegmentedRaftLogWorker:Storage Directory /workdir/hadoop-ozone/integration-test/target/test-dir/MiniOzoneClusterImpl-249f8078-8fc0-44d6-853a-2b715126e327/datanode-3/data/ratis/79de2cd6-486c-4612-970e-e8875026cb13 close()
2019-08-29 08:16:10,007 [main] INFO  impl.RaftServerImpl (RaftServerImpl.java:lambda$shutdown$3(245)) - 0c5fef0d-286d-4de9-83c3-de42cda01f07: shutdown group-7A16FAC25C82
2019-08-29 08:16:10,008 [main] INFO  util.JmxRegister (JmxRegister.java:unregister(73)) - Successfully un-registered JMX Bean with object name Ratis:service=RaftServer,group=group-7A16FAC25C82,id=0c5fef0d-286d-4de9-83c3-de42cda01f07
2019-08-29 08:16:10,008 [main] INFO  impl.RoleInfo (RoleInfo.java:shutdownFollowerState(121)) - 0c5fef0d-286d-4de9-83c3-de42cda01f07: shutdown FollowerState
2019-08-29 08:16:10,008 [main] INFO  impl.StateMachineUpdater (StateMachineUpdater.java:stopAndJoin(115)) - StateMachineUpdater:0c5fef0d-286d-4de9-83c3-de42cda01f07:group-7A16FAC25C82: set stopIndex = 6
2019-08-29 08:16:10,008 [StateMachineUpdater:0c5fef0d-286d-4de9-83c3-de42cda01f07:group-7A16FAC25C82] INFO  ratis.ContainerStateMachine (ContainerStateMachine.java:takeSnapshot(283)) - group-7A16FAC25C82: Taking a snapshot at:(t:1, i:4) file /workdir/hadoop-ozone/integration-test/target/test-dir/MiniOzoneClusterImpl-249f8078-8fc0-44d6-853a-2b715126e327/datanode-3/data/ratis/048a77e6-af6c-4945-854d-7a16fac25c82/sm/snapshot.1_4
2019-08-29 08:16:10,008 [Thread-5006] INFO  impl.FollowerState (FollowerState.java:run(114)) - 0c5fef0d-286d-4de9-83c3-de42cda01f07: FollowerState was interrupted: java.lang.InterruptedException: sleep interrupted
2019-08-29 08:16:10,504 | INFO  | SCMAudit | user=jenkins1000 | ip=192.168.69.111 | op=SEND_HEARTBEAT {datanodeUUID=ff642454-59ec-48e6-b18d-d83138b0e5e4, command=[]} | ret=SUCCESS |  
2019-08-29 08:16:10,604 [StateMachineUpdater:dedae8b3-beea-4d2b-ad20-87a9a0d5bc72:group-EBC1B9AAEA58] INFO  ratis.ContainerStateMachine (ContainerStateMachine.java:takeSnapshot(294)) - group-EBC1B9AAEA58: Finished taking a snapshot at:(t:2, i:6) file:/workdir/hadoop-ozone/integration-test/target/test-dir/MiniOzoneClusterImpl-249f8078-8fc0-44d6-853a-2b715126e327/datanode-2/data/ratis/64dd66ca-9e53-40df-8d8c-ebc1b9aaea58/sm/snapshot.2_6 time:663
2019-08-29 08:16:10,604 [dedae8b3-beea-4d2b-ad20-87a9a0d5bc72:group-EBC1B9AAEA58:LeaderElection125] INFO  impl.LeaderElection (LeaderElection.java:askForVotes(181)) - dedae8b3-beea-4d2b-ad20-87a9a0d5bc72:group-EBC1B9AAEA58:LeaderElection125: begin an election at term 3 for 0: [dedae8b3-beea-4d2b-ad20-87a9a0d5bc72:192.168.69.111:43342, f4ed06a8-f58e-44fd-bf89-8ea63b8f80d3:192.168.69.111:36473, e825e5c3-0d56-4405-b416-b67706fddd99:192.168.69.111:39205], old=null
2019-08-29 08:16:10,604 [e825e5c3-0d56-4405-b416-b67706fddd99:group-EBC1B9AAEA58:LeaderElection126] INFO  impl.LeaderElection (LeaderElection.java:askForVotes(181)) - e825e5c3-0d56-4405-b416-b67706fddd99:group-EBC1B9AAEA58:LeaderElection126: begin an election at term 3 for 0: [dedae8b3-beea-4d2b-ad20-87a9a0d5bc72:192.168.69.111:43342, f4ed06a8-f58e-44fd-bf89-8ea63b8f80d3:192.168.69.111:36473, e825e5c3-0d56-4405-b416-b67706fddd99:192.168.69.111:39205], old=null
2019-08-29 08:16:10,604 [StateMachineUpdater:dedae8b3-beea-4d2b-ad20-87a9a0d5bc72:group-EBC1B9AAEA58] INFO  impl.StateMachineUpdater (StateMachineUpdater.java:takeSnapshot(242)) - StateMachineUpdater:dedae8b3-beea-4d2b-ad20-87a9a0d5bc72:group-EBC1B9AAEA58: Took a snapshot at index 6
2019-08-29 08:16:10,604 [StateMachineUpdater:dedae8b3-beea-4d2b-ad20-87a9a0d5bc72:group-EBC1B9AAEA58] INFO  impl.StateMachineUpdater (StateMachineUpdater.java:lambda$new$0(80)) - StateMachineUpdater:dedae8b3-beea-4d2b-ad20-87a9a0d5bc72:group-EBC1B9AAEA58: snapshotIndex: updateIncreasingly -1 -> 6
2019-08-29 08:16:10,605 [dedae8b3-beea-4d2b-ad20-87a9a0d5bc72:group-EBC1B9AAEA58:LeaderElection125] INFO  impl.LeaderElection (LeaderElection.java:logAndReturn(56)) - dedae8b3-beea-4d2b-ad20-87a9a0d5bc72:group-EBC1B9AAEA58:LeaderElection125: Election REJECTED; received 0 response(s) [] and 0 exception(s); dedae8b3-beea-4d2b-ad20-87a9a0d5bc72:t3, leader=null, voted=dedae8b3-beea-4d2b-ad20-87a9a0d5bc72, raftlog=dedae8b3-beea-4d2b-ad20-87a9a0d5bc72-SegmentedRaftLog:OPENED:c6,f6,i6, conf=0: [dedae8b3-beea-4d2b-ad20-87a9a0d5bc72:192.168.69.111:43342, f4ed06a8-f58e-44fd-bf89-8ea63b8f80d3:192.168.69.111:36473, e825e5c3-0d56-4405-b416-b67706fddd99:192.168.69.111:39205], old=null
2019-08-29 08:16:10,605 [ForkJoinPool.commonPool-worker-1] INFO  impl.RaftServerImpl (ServerState.java:close(394)) - dedae8b3-beea-4d2b-ad20-87a9a0d5bc72:group-EBC1B9AAEA58 closes. The last applied log index is 6
2019-08-29 08:16:10,606 [dedae8b3-beea-4d2b-ad20-87a9a0d5bc72-SegmentedRaftLogWorker:Storage Directory /workdir/hadoop-ozone/integration-test/target/test-dir/MiniOzoneClusterImpl-249f8078-8fc0-44d6-853a-2b715126e327/datanode-2/data/ratis/64dd66ca-9e53-40df-8d8c-ebc1b9aaea58] INFO  segmented.SegmentedRaftLogWorker (SegmentedRaftLogWorker.java:run(313)) - dedae8b3-beea-4d2b-ad20-87a9a0d5bc72-SegmentedRaftLogWorker:Storage Directory /workdir/hadoop-ozone/integration-test/target/test-dir/MiniOzoneClusterImpl-249f8078-8fc0-44d6-853a-2b715126e327/datanode-2/data/ratis/64dd66ca-9e53-40df-8d8c-ebc1b9aaea58 was interrupted, exiting. There are 0 tasks remaining in the queue.
2019-08-29 08:16:10,608 [ForkJoinPool.commonPool-worker-1] INFO  segmented.SegmentedRaftLogWorker (SegmentedRaftLogWorker.java:close(228)) - dedae8b3-beea-4d2b-ad20-87a9a0d5bc72-SegmentedRaftLogWorker:Storage Directory /workdir/hadoop-ozone/integration-test/target/test-dir/MiniOzoneClusterImpl-249f8078-8fc0-44d6-853a-2b715126e327/datanode-2/data/ratis/64dd66ca-9e53-40df-8d8c-ebc1b9aaea58 close()
2019-08-29 08:16:10,611 [ForkJoinPool.commonPool-worker-1] INFO  server.GrpcService (GrpcService.java:closeImpl(155)) - dedae8b3-beea-4d2b-ad20-87a9a0d5bc72: shutdown server with port 43342 now
2019-08-29 08:16:10,611 [e825e5c3-0d56-4405-b416-b67706fddd99:group-EBC1B9AAEA58:LeaderElection126] INFO  impl.LeaderElection (LogUtils.java:infoOrTrace(149)) - e825e5c3-0d56-4405-b416-b67706fddd99:group-EBC1B9AAEA58:LeaderElection126 got exception when requesting votes: {}
java.util.concurrent.ExecutionException: org.apache.ratis.thirdparty.io.grpc.StatusRuntimeException: UNAVAILABLE: io exception
	at java.util.concurrent.FutureTask.report(FutureTask.java:122)
	at java.util.concurrent.FutureTask.get(FutureTask.java:192)
	at org.apache.ratis.server.impl.LeaderElection.waitForResults(LeaderElection.java:262)
	at org.apache.ratis.server.impl.LeaderElection.askForVotes(LeaderElection.java:200)
	at org.apache.ratis.server.impl.LeaderElection.run(LeaderElection.java:130)
	at java.lang.Thread.run(Thread.java:748)
Caused by: org.apache.ratis.thirdparty.io.grpc.StatusRuntimeException: UNAVAILABLE: io exception
	at org.apache.ratis.thirdparty.io.grpc.stub.ClientCalls.toStatusRuntimeException(ClientCalls.java:233)
	at org.apache.ratis.thirdparty.io.grpc.stub.ClientCalls.getUnchecked(ClientCalls.java:214)
	at org.apache.ratis.thirdparty.io.grpc.stub.ClientCalls.blockingUnaryCall(ClientCalls.java:139)
	at org.apache.ratis.proto.grpc.RaftServerProtocolServiceGrpc$RaftServerProtocolServiceBlockingStub.requestVote(RaftServerProtocolServiceGrpc.java:265)
	at org.apache.ratis.grpc.server.GrpcServerProtocolClient.requestVote(GrpcServerProtocolClient.java:83)
	at org.apache.ratis.grpc.server.GrpcService.requestVote(GrpcService.java:195)
	at org.apache.ratis.server.impl.LeaderElection.lambda$submitRequests$1(LeaderElection.java:237)
	at java.util.concurrent.FutureTask.run(FutureTask.java:266)
	at java.util.concurrent.Executors$RunnableAdapter.call(Executors.java:511)
	at java.util.concurrent.FutureTask.run(FutureTask.java:266)
	at java.util.concurrent.ThreadPoolExecutor.runWorker(ThreadPoolExecutor.java:1149)
	at java.util.concurrent.ThreadPoolExecutor$Worker.run(ThreadPoolExecutor.java:624)
	... 1 more
Caused by: org.apache.ratis.thirdparty.io.netty.channel.AbstractChannel$AnnotatedConnectException: Connection refused: /192.168.69.111:36473
	at sun.nio.ch.SocketChannelImpl.checkConnect(Native Method)
	at sun.nio.ch.SocketChannelImpl.finishConnect(SocketChannelImpl.java:717)
	at org.apache.ratis.thirdparty.io.netty.channel.socket.nio.NioSocketChannel.doFinishConnect(NioSocketChannel.java:327)
	at org.apache.ratis.thirdparty.io.netty.channel.nio.AbstractNioChannel$AbstractNioUnsafe.finishConnect(AbstractNioChannel.java:340)
	at org.apache.ratis.thirdparty.io.netty.channel.nio.NioEventLoop.processSelectedKey(NioEventLoop.java:632)
	at org.apache.ratis.thirdparty.io.netty.channel.nio.NioEventLoop.processSelectedKeysOptimized(NioEventLoop.java:579)
	at org.apache.ratis.thirdparty.io.netty.channel.nio.NioEventLoop.processSelectedKeys(NioEventLoop.java:496)
	at org.apache.ratis.thirdparty.io.netty.channel.nio.NioEventLoop.run(NioEventLoop.java:458)
	at org.apache.ratis.thirdparty.io.netty.util.concurrent.SingleThreadEventExecutor$5.run(SingleThreadEventExecutor.java:897)
	at org.apache.ratis.thirdparty.io.netty.util.concurrent.FastThreadLocalRunnable.run(FastThreadLocalRunnable.java:30)
	... 1 more
Caused by: java.net.ConnectException: Connection refused
	... 11 more
2019-08-29 08:16:10,621 [ForkJoinPool.commonPool-worker-1] INFO  server.GrpcService (GrpcService.java:closeImpl(163)) - dedae8b3-beea-4d2b-ad20-87a9a0d5bc72: shutdown server with port 43342 successfully
2019-08-29 08:16:10,621 [e825e5c3-0d56-4405-b416-b67706fddd99:group-EBC1B9AAEA58:LeaderElection126] INFO  impl.LeaderElection (LogUtils.java:infoOrTrace(149)) - e825e5c3-0d56-4405-b416-b67706fddd99:group-EBC1B9AAEA58:LeaderElection126 got exception when requesting votes: {}
java.util.concurrent.ExecutionException: org.apache.ratis.thirdparty.io.grpc.StatusRuntimeException: CANCELLED: HTTP/2 error code: CANCEL
Received Rst Stream
	at java.util.concurrent.FutureTask.report(FutureTask.java:122)
	at java.util.concurrent.FutureTask.get(FutureTask.java:192)
	at org.apache.ratis.server.impl.LeaderElection.waitForResults(LeaderElection.java:262)
	at org.apache.ratis.server.impl.LeaderElection.askForVotes(LeaderElection.java:200)
	at org.apache.ratis.server.impl.LeaderElection.run(LeaderElection.java:130)
	at java.lang.Thread.run(Thread.java:748)
Caused by: org.apache.ratis.thirdparty.io.grpc.StatusRuntimeException: CANCELLED: HTTP/2 error code: CANCEL
Received Rst Stream
	at org.apache.ratis.thirdparty.io.grpc.stub.ClientCalls.toStatusRuntimeException(ClientCalls.java:233)
	at org.apache.ratis.thirdparty.io.grpc.stub.ClientCalls.getUnchecked(ClientCalls.java:214)
	at org.apache.ratis.thirdparty.io.grpc.stub.ClientCalls.blockingUnaryCall(ClientCalls.java:139)
	at org.apache.ratis.proto.grpc.RaftServerProtocolServiceGrpc$RaftServerProtocolServiceBlockingStub.requestVote(RaftServerProtocolServiceGrpc.java:265)
	at org.apache.ratis.grpc.server.GrpcServerProtocolClient.requestVote(GrpcServerProtocolClient.java:83)
	at org.apache.ratis.grpc.server.GrpcService.requestVote(GrpcService.java:195)
	at org.apache.ratis.server.impl.LeaderElection.lambda$submitRequests$1(LeaderElection.java:237)
	at java.util.concurrent.FutureTask.run(FutureTask.java:266)
	at java.util.concurrent.Executors$RunnableAdapter.call(Executors.java:511)
	at java.util.concurrent.FutureTask.run(FutureTask.java:266)
	at java.util.concurrent.ThreadPoolExecutor.runWorker(ThreadPoolExecutor.java:1149)
	at java.util.concurrent.ThreadPoolExecutor$Worker.run(ThreadPoolExecutor.java:624)
	... 1 more
2019-08-29 08:16:10,625 [grpc-default-executor-10] WARN  server.GrpcServerProtocolService (LogUtils.java:warn(134)) - dedae8b3-beea-4d2b-ad20-87a9a0d5bc72: Failed requestVote e825e5c3-0d56-4405-b416-b67706fddd99->dedae8b3-beea-4d2b-ad20-87a9a0d5bc72#0: org.apache.ratis.protocol.ServerNotReadyException: Server dedae8b3-beea-4d2b-ad20-87a9a0d5bc72 is not [RUNNING]: current state is CLOSED
2019-08-29 08:16:10,626 [e825e5c3-0d56-4405-b416-b67706fddd99:group-EBC1B9AAEA58:LeaderElection126] INFO  impl.LeaderElection (LeaderElection.java:logAndReturn(56)) - e825e5c3-0d56-4405-b416-b67706fddd99:group-EBC1B9AAEA58:LeaderElection126: Election REJECTED; received 0 response(s) [] and 2 exception(s); e825e5c3-0d56-4405-b416-b67706fddd99:t3, leader=null, voted=e825e5c3-0d56-4405-b416-b67706fddd99, raftlog=e825e5c3-0d56-4405-b416-b67706fddd99-SegmentedRaftLog:OPENED:c6,f6,i6, conf=0: [dedae8b3-beea-4d2b-ad20-87a9a0d5bc72:192.168.69.111:43342, f4ed06a8-f58e-44fd-bf89-8ea63b8f80d3:192.168.69.111:36473, e825e5c3-0d56-4405-b416-b67706fddd99:192.168.69.111:39205], old=null
2019-08-29 08:16:10,626 [e825e5c3-0d56-4405-b416-b67706fddd99:group-EBC1B9AAEA58:LeaderElection126] INFO  impl.LeaderElection (LogUtils.java:infoOrTrace(149)) -   Exception 0: {}
java.util.concurrent.ExecutionException: org.apache.ratis.thirdparty.io.grpc.StatusRuntimeException: UNAVAILABLE: io exception
	at java.util.concurrent.FutureTask.report(FutureTask.java:122)
	at java.util.concurrent.FutureTask.get(FutureTask.java:192)
	at org.apache.ratis.server.impl.LeaderElection.waitForResults(LeaderElection.java:262)
	at org.apache.ratis.server.impl.LeaderElection.askForVotes(LeaderElection.java:200)
	at org.apache.ratis.server.impl.LeaderElection.run(LeaderElection.java:130)
	at java.lang.Thread.run(Thread.java:748)
Caused by: org.apache.ratis.thirdparty.io.grpc.StatusRuntimeException: UNAVAILABLE: io exception
	at org.apache.ratis.thirdparty.io.grpc.stub.ClientCalls.toStatusRuntimeException(ClientCalls.java:233)
	at org.apache.ratis.thirdparty.io.grpc.stub.ClientCalls.getUnchecked(ClientCalls.java:214)
	at org.apache.ratis.thirdparty.io.grpc.stub.ClientCalls.blockingUnaryCall(ClientCalls.java:139)
	at org.apache.ratis.proto.grpc.RaftServerProtocolServiceGrpc$RaftServerProtocolServiceBlockingStub.requestVote(RaftServerProtocolServiceGrpc.java:265)
	at org.apache.ratis.grpc.server.GrpcServerProtocolClient.requestVote(GrpcServerProtocolClient.java:83)
	at org.apache.ratis.grpc.server.GrpcService.requestVote(GrpcService.java:195)
	at org.apache.ratis.server.impl.LeaderElection.lambda$submitRequests$1(LeaderElection.java:237)
	at java.util.concurrent.FutureTask.run(FutureTask.java:266)
	at java.util.concurrent.Executors$RunnableAdapter.call(Executors.java:511)
	at java.util.concurrent.FutureTask.run(FutureTask.java:266)
	at java.util.concurrent.ThreadPoolExecutor.runWorker(ThreadPoolExecutor.java:1149)
	at java.util.concurrent.ThreadPoolExecutor$Worker.run(ThreadPoolExecutor.java:624)
	... 1 more
Caused by: org.apache.ratis.thirdparty.io.netty.channel.AbstractChannel$AnnotatedConnectException: Connection refused: /192.168.69.111:36473
	at sun.nio.ch.SocketChannelImpl.checkConnect(Native Method)
	at sun.nio.ch.SocketChannelImpl.finishConnect(SocketChannelImpl.java:717)
	at org.apache.ratis.thirdparty.io.netty.channel.socket.nio.NioSocketChannel.doFinishConnect(NioSocketChannel.java:327)
	at org.apache.ratis.thirdparty.io.netty.channel.nio.AbstractNioChannel$AbstractNioUnsafe.finishConnect(AbstractNioChannel.java:340)
	at org.apache.ratis.thirdparty.io.netty.channel.nio.NioEventLoop.processSelectedKey(NioEventLoop.java:632)
	at org.apache.ratis.thirdparty.io.netty.channel.nio.NioEventLoop.processSelectedKeysOptimized(NioEventLoop.java:579)
	at org.apache.ratis.thirdparty.io.netty.channel.nio.NioEventLoop.processSelectedKeys(NioEventLoop.java:496)
	at org.apache.ratis.thirdparty.io.netty.channel.nio.NioEventLoop.run(NioEventLoop.java:458)
	at org.apache.ratis.thirdparty.io.netty.util.concurrent.SingleThreadEventExecutor$5.run(SingleThreadEventExecutor.java:897)
	at org.apache.ratis.thirdparty.io.netty.util.concurrent.FastThreadLocalRunnable.run(FastThreadLocalRunnable.java:30)
	... 1 more
Caused by: java.net.ConnectException: Connection refused
	... 11 more
2019-08-29 08:16:10,626 [ForkJoinPool.commonPool-worker-1] INFO  utils.BackgroundService (BackgroundService.java:shutdown(148)) - Shutting down service BlockDeletingService
2019-08-29 08:16:10,627 [e825e5c3-0d56-4405-b416-b67706fddd99:group-EBC1B9AAEA58:LeaderElection126] INFO  impl.LeaderElection (LogUtils.java:infoOrTrace(149)) -   Exception 1: {}
java.util.concurrent.ExecutionException: org.apache.ratis.thirdparty.io.grpc.StatusRuntimeException: CANCELLED: HTTP/2 error code: CANCEL
Received Rst Stream
	at java.util.concurrent.FutureTask.report(FutureTask.java:122)
	at java.util.concurrent.FutureTask.get(FutureTask.java:192)
	at org.apache.ratis.server.impl.LeaderElection.waitForResults(LeaderElection.java:262)
	at org.apache.ratis.server.impl.LeaderElection.askForVotes(LeaderElection.java:200)
	at org.apache.ratis.server.impl.LeaderElection.run(LeaderElection.java:130)
	at java.lang.Thread.run(Thread.java:748)
Caused by: org.apache.ratis.thirdparty.io.grpc.StatusRuntimeException: CANCELLED: HTTP/2 error code: CANCEL
Received Rst Stream
	at org.apache.ratis.thirdparty.io.grpc.stub.ClientCalls.toStatusRuntimeException(ClientCalls.java:233)
	at org.apache.ratis.thirdparty.io.grpc.stub.ClientCalls.getUnchecked(ClientCalls.java:214)
	at org.apache.ratis.thirdparty.io.grpc.stub.ClientCalls.blockingUnaryCall(ClientCalls.java:139)
	at org.apache.ratis.proto.grpc.RaftServerProtocolServiceGrpc$RaftServerProtocolServiceBlockingStub.requestVote(RaftServerProtocolServiceGrpc.java:265)
	at org.apache.ratis.grpc.server.GrpcServerProtocolClient.requestVote(GrpcServerProtocolClient.java:83)
	at org.apache.ratis.grpc.server.GrpcService.requestVote(GrpcService.java:195)
	at org.apache.ratis.server.impl.LeaderElection.lambda$submitRequests$1(LeaderElection.java:237)
	at java.util.concurrent.FutureTask.run(FutureTask.java:266)
	at java.util.concurrent.Executors$RunnableAdapter.call(Executors.java:511)
	at java.util.concurrent.FutureTask.run(FutureTask.java:266)
	at java.util.concurrent.ThreadPoolExecutor.runWorker(ThreadPoolExecutor.java:1149)
	at java.util.concurrent.ThreadPoolExecutor$Worker.run(ThreadPoolExecutor.java:624)
	... 1 more
2019-08-29 08:16:10,629 [e825e5c3-0d56-4405-b416-b67706fddd99:group-EBC1B9AAEA58:LeaderElection126] INFO  impl.RaftServerImpl (RaftServerImpl.java:setRole(171)) - e825e5c3-0d56-4405-b416-b67706fddd99:group-EBC1B9AAEA58 changes role from CANDIDATE to FOLLOWER at term 3 for DISCOVERED_A_NEW_TERM
2019-08-29 08:16:10,629 [e825e5c3-0d56-4405-b416-b67706fddd99:group-EBC1B9AAEA58:LeaderElection126] INFO  impl.RoleInfo (RoleInfo.java:shutdownLeaderElection(134)) - e825e5c3-0d56-4405-b416-b67706fddd99: shutdown LeaderElection
2019-08-29 08:16:10,629 [refreshUsed-/workdir/hadoop-ozone/integration-test/target/test-dir/MiniOzoneClusterImpl-249f8078-8fc0-44d6-853a-2b715126e327/datanode-2/data/containers] WARN  fs.CachingGetSpaceUsed (CachingGetSpaceUsed.java:run(183)) - Thread Interrupted waiting to refresh disk information: sleep interrupted
2019-08-29 08:16:10,629 [e825e5c3-0d56-4405-b416-b67706fddd99:group-EBC1B9AAEA58:LeaderElection126] INFO  impl.RoleInfo (RoleInfo.java:updateAndGet(143)) - e825e5c3-0d56-4405-b416-b67706fddd99: start FollowerState
2019-08-29 08:16:10,644 [ForkJoinPool.commonPool-worker-1] INFO  statemachine.DatanodeStateMachine (DatanodeStateMachine.java:stopDaemon(395)) - Ozone container server stopped.
2019-08-29 08:16:10,648 | INFO  | SCMAudit | user=jenkins1000 | ip=192.168.69.111 | op=SEND_HEARTBEAT {datanodeUUID=0dd33b76-ae44-43ed-8830-1aa8976f734b, command=[]} | ret=SUCCESS |  
2019-08-29 08:16:10,649 [ForkJoinPool.commonPool-worker-1] INFO  handler.ContextHandler (ContextHandler.java:doStop(910)) - Stopped o.e.j.w.WebAppContext@57927f4f{/,null,UNAVAILABLE}{/hddsDatanode}
2019-08-29 08:16:10,650 [ForkJoinPool.commonPool-worker-1] INFO  server.AbstractConnector (AbstractConnector.java:doStop(318)) - Stopped ServerConnector@e937569{HTTP/1.1,[http/1.1]}{0.0.0.0:0}
2019-08-29 08:16:10,651 [ForkJoinPool.commonPool-worker-1] INFO  handler.ContextHandler (ContextHandler.java:doStop(910)) - Stopped o.e.j.s.ServletContextHandler@174cd1a4{/static,jar:file:/home/user/.m2/repository/org/apache/hadoop/hadoop-hdds-container-service/0.5.0-SNAPSHOT/hadoop-hdds-container-service-0.5.0-SNAPSHOT.jar!/webapps/static,UNAVAILABLE}
2019-08-29 08:16:10,653 [ForkJoinPool.commonPool-worker-1] INFO  handler.ContextHandler (ContextHandler.java:doStop(910)) - Stopped o.e.j.s.ServletContextHandler@7f792c5a{/logs,file:///workdir/hadoop-ozone/integration-test/target/log,UNAVAILABLE}
2019-08-29 08:16:10,654 [ForkJoinPool.commonPool-worker-1] INFO  datanode.ObjectStoreHandler (ObjectStoreHandler.java:close(155)) - Closing ObjectStoreHandler.
2019-08-29 08:16:10,654 [ForkJoinPool.commonPool-worker-1] INFO  ozone.HddsDatanodeService (HddsDatanodeService.java:stop(451)) - Stopped plug-in org.apache.hadoop.ozone.web.OzoneHddsDatanodeService@372ea7fa
2019-08-29 08:16:10,737 [StateMachineUpdater:0c5fef0d-286d-4de9-83c3-de42cda01f07:group-7A16FAC25C82] INFO  ratis.ContainerStateMachine (ContainerStateMachine.java:takeSnapshot(294)) - group-7A16FAC25C82: Finished taking a snapshot at:(t:1, i:4) file:/workdir/hadoop-ozone/integration-test/target/test-dir/MiniOzoneClusterImpl-249f8078-8fc0-44d6-853a-2b715126e327/datanode-3/data/ratis/048a77e6-af6c-4945-854d-7a16fac25c82/sm/snapshot.1_4 time:728
2019-08-29 08:16:10,737 [StateMachineUpdater:0c5fef0d-286d-4de9-83c3-de42cda01f07:group-7A16FAC25C82] INFO  impl.StateMachineUpdater (StateMachineUpdater.java:takeSnapshot(242)) - StateMachineUpdater:0c5fef0d-286d-4de9-83c3-de42cda01f07:group-7A16FAC25C82: Took a snapshot at index 4
2019-08-29 08:16:10,737 [StateMachineUpdater:0c5fef0d-286d-4de9-83c3-de42cda01f07:group-7A16FAC25C82] INFO  impl.StateMachineUpdater (StateMachineUpdater.java:lambda$new$0(80)) - StateMachineUpdater:0c5fef0d-286d-4de9-83c3-de42cda01f07:group-7A16FAC25C82: snapshotIndex: updateIncreasingly -1 -> 4
2019-08-29 08:16:10,738 [main] INFO  impl.RaftServerImpl (ServerState.java:close(394)) - 0c5fef0d-286d-4de9-83c3-de42cda01f07:group-7A16FAC25C82 closes. The last applied log index is 6
2019-08-29 08:16:10,739 [0c5fef0d-286d-4de9-83c3-de42cda01f07-SegmentedRaftLogWorker:Storage Directory /workdir/hadoop-ozone/integration-test/target/test-dir/MiniOzoneClusterImpl-249f8078-8fc0-44d6-853a-2b715126e327/datanode-3/data/ratis/048a77e6-af6c-4945-854d-7a16fac25c82] INFO  segmented.SegmentedRaftLogWorker (SegmentedRaftLogWorker.java:run(313)) - 0c5fef0d-286d-4de9-83c3-de42cda01f07-SegmentedRaftLogWorker:Storage Directory /workdir/hadoop-ozone/integration-test/target/test-dir/MiniOzoneClusterImpl-249f8078-8fc0-44d6-853a-2b715126e327/datanode-3/data/ratis/048a77e6-af6c-4945-854d-7a16fac25c82 was interrupted, exiting. There are 0 tasks remaining in the queue.
2019-08-29 08:16:10,741 [main] INFO  segmented.SegmentedRaftLogWorker (SegmentedRaftLogWorker.java:close(228)) - 0c5fef0d-286d-4de9-83c3-de42cda01f07-SegmentedRaftLogWorker:Storage Directory /workdir/hadoop-ozone/integration-test/target/test-dir/MiniOzoneClusterImpl-249f8078-8fc0-44d6-853a-2b715126e327/datanode-3/data/ratis/048a77e6-af6c-4945-854d-7a16fac25c82 close()
2019-08-29 08:16:10,744 [main] INFO  server.GrpcService (GrpcService.java:closeImpl(155)) - 0c5fef0d-286d-4de9-83c3-de42cda01f07: shutdown server with port 41350 now
2019-08-29 08:16:10,744 [main] INFO  server.GrpcService (GrpcService.java:closeImpl(163)) - 0c5fef0d-286d-4de9-83c3-de42cda01f07: shutdown server with port 41350 successfully
2019-08-29 08:16:10,747 [main] INFO  utils.BackgroundService (BackgroundService.java:shutdown(148)) - Shutting down service BlockDeletingService
2019-08-29 08:16:10,749 [refreshUsed-/workdir/hadoop-ozone/integration-test/target/test-dir/MiniOzoneClusterImpl-249f8078-8fc0-44d6-853a-2b715126e327/datanode-3/data/containers] WARN  fs.CachingGetSpaceUsed (CachingGetSpaceUsed.java:run(183)) - Thread Interrupted waiting to refresh disk information: sleep interrupted
2019-08-29 08:16:10,767 [main] INFO  statemachine.DatanodeStateMachine (DatanodeStateMachine.java:stopDaemon(395)) - Ozone container server stopped.
2019-08-29 08:16:10,768 [main] INFO  handler.ContextHandler (ContextHandler.java:doStop(910)) - Stopped o.e.j.w.WebAppContext@6b928c79{/,null,UNAVAILABLE}{/hddsDatanode}
2019-08-29 08:16:10,769 [main] INFO  server.AbstractConnector (AbstractConnector.java:doStop(318)) - Stopped ServerConnector@29c3dd33{HTTP/1.1,[http/1.1]}{0.0.0.0:0}
2019-08-29 08:16:10,769 [main] INFO  handler.ContextHandler (ContextHandler.java:doStop(910)) - Stopped o.e.j.s.ServletContextHandler@41e5450f{/static,jar:file:/home/user/.m2/repository/org/apache/hadoop/hadoop-hdds-container-service/0.5.0-SNAPSHOT/hadoop-hdds-container-service-0.5.0-SNAPSHOT.jar!/webapps/static,UNAVAILABLE}
2019-08-29 08:16:10,770 [main] INFO  handler.ContextHandler (ContextHandler.java:doStop(910)) - Stopped o.e.j.s.ServletContextHandler@1bc4ec31{/logs,file:///workdir/hadoop-ozone/integration-test/target/log,UNAVAILABLE}
2019-08-29 08:16:10,780 [main] INFO  datanode.ObjectStoreHandler (ObjectStoreHandler.java:close(155)) - Closing ObjectStoreHandler.
2019-08-29 08:16:10,780 [main] INFO  ozone.HddsDatanodeService (HddsDatanodeService.java:stop(451)) - Stopped plug-in org.apache.hadoop.ozone.web.OzoneHddsDatanodeService@4e71c196
2019-08-29 08:16:10,923 [Datanode State Machine Thread - 0] INFO  statemachine.DatanodeStateMachine (DatanodeStateMachine.java:lambda$startDaemon$0(350)) - Ozone container server started.
2019-08-29 08:16:10,978 [Thread-5003] INFO  impl.FollowerState (FollowerState.java:run(106)) - 0dd33b76-ae44-43ed-8830-1aa8976f734b:group-7A16FAC25C82 changes to CANDIDATE, lastRpcTime:6274, electionTimeout:5039ms
2019-08-29 08:16:10,979 [Thread-5003] INFO  impl.RoleInfo (RoleInfo.java:shutdownFollowerState(121)) - 0dd33b76-ae44-43ed-8830-1aa8976f734b: shutdown FollowerState
2019-08-29 08:16:10,979 [Thread-5003] INFO  impl.RaftServerImpl (RaftServerImpl.java:setRole(171)) - 0dd33b76-ae44-43ed-8830-1aa8976f734b:group-7A16FAC25C82 changes role from FOLLOWER to CANDIDATE at term 1 for changeToCandidate
2019-08-29 08:16:10,979 [Thread-5003] INFO  impl.RoleInfo (RoleInfo.java:updateAndGet(143)) - 0dd33b76-ae44-43ed-8830-1aa8976f734b: start LeaderElection
2019-08-29 08:16:10,979 [0dd33b76-ae44-43ed-8830-1aa8976f734b:group-7A16FAC25C82:LeaderElection127] INFO  impl.RaftServerImpl (ServerState.java:setLeader(263)) - 0dd33b76-ae44-43ed-8830-1aa8976f734b:group-7A16FAC25C82 change Leader from dd9e2fbb-74e8-4002-a44e-6ed6076d3ed9 to null at term 1 for initElection
2019-08-29 08:16:11,130 [0dd33b76-ae44-43ed-8830-1aa8976f734b:group-7A16FAC25C82:LeaderElection127] INFO  impl.LeaderElection (LeaderElection.java:askForVotes(181)) - 0dd33b76-ae44-43ed-8830-1aa8976f734b:group-7A16FAC25C82:LeaderElection127: begin an election at term 2 for 0: [0c5fef0d-286d-4de9-83c3-de42cda01f07:192.168.69.111:41350, 0dd33b76-ae44-43ed-8830-1aa8976f734b:192.168.69.111:39133, dd9e2fbb-74e8-4002-a44e-6ed6076d3ed9:192.168.69.111:39702], old=null
2019-08-29 08:16:11,131 [0dd33b76-ae44-43ed-8830-1aa8976f734b:group-7A16FAC25C82:LeaderElection127] INFO  impl.LeaderElection (LogUtils.java:infoOrTrace(149)) - 0dd33b76-ae44-43ed-8830-1aa8976f734b:group-7A16FAC25C82:LeaderElection127 got exception when requesting votes: {}
java.util.concurrent.ExecutionException: org.apache.ratis.thirdparty.io.grpc.StatusRuntimeException: UNAVAILABLE: io exception
	at java.util.concurrent.FutureTask.report(FutureTask.java:122)
	at java.util.concurrent.FutureTask.get(FutureTask.java:192)
	at org.apache.ratis.server.impl.LeaderElection.waitForResults(LeaderElection.java:262)
	at org.apache.ratis.server.impl.LeaderElection.askForVotes(LeaderElection.java:200)
	at org.apache.ratis.server.impl.LeaderElection.run(LeaderElection.java:130)
	at java.lang.Thread.run(Thread.java:748)
Caused by: org.apache.ratis.thirdparty.io.grpc.StatusRuntimeException: UNAVAILABLE: io exception
	at org.apache.ratis.thirdparty.io.grpc.stub.ClientCalls.toStatusRuntimeException(ClientCalls.java:233)
	at org.apache.ratis.thirdparty.io.grpc.stub.ClientCalls.getUnchecked(ClientCalls.java:214)
	at org.apache.ratis.thirdparty.io.grpc.stub.ClientCalls.blockingUnaryCall(ClientCalls.java:139)
	at org.apache.ratis.proto.grpc.RaftServerProtocolServiceGrpc$RaftServerProtocolServiceBlockingStub.requestVote(RaftServerProtocolServiceGrpc.java:265)
	at org.apache.ratis.grpc.server.GrpcServerProtocolClient.requestVote(GrpcServerProtocolClient.java:83)
	at org.apache.ratis.grpc.server.GrpcService.requestVote(GrpcService.java:195)
	at org.apache.ratis.server.impl.LeaderElection.lambda$submitRequests$1(LeaderElection.java:237)
	at java.util.concurrent.FutureTask.run(FutureTask.java:266)
	at java.util.concurrent.Executors$RunnableAdapter.call(Executors.java:511)
	at java.util.concurrent.FutureTask.run(FutureTask.java:266)
	at java.util.concurrent.ThreadPoolExecutor.runWorker(ThreadPoolExecutor.java:1149)
	at java.util.concurrent.ThreadPoolExecutor$Worker.run(ThreadPoolExecutor.java:624)
	... 1 more
Caused by: org.apache.ratis.thirdparty.io.netty.channel.AbstractChannel$AnnotatedConnectException: Connection refused: /192.168.69.111:41350
	at sun.nio.ch.SocketChannelImpl.checkConnect(Native Method)
	at sun.nio.ch.SocketChannelImpl.finishConnect(SocketChannelImpl.java:717)
	at org.apache.ratis.thirdparty.io.netty.channel.socket.nio.NioSocketChannel.doFinishConnect(NioSocketChannel.java:327)
	at org.apache.ratis.thirdparty.io.netty.channel.nio.AbstractNioChannel$AbstractNioUnsafe.finishConnect(AbstractNioChannel.java:340)
	at org.apache.ratis.thirdparty.io.netty.channel.nio.NioEventLoop.processSelectedKey(NioEventLoop.java:632)
	at org.apache.ratis.thirdparty.io.netty.channel.nio.NioEventLoop.processSelectedKeysOptimized(NioEventLoop.java:579)
	at org.apache.ratis.thirdparty.io.netty.channel.nio.NioEventLoop.processSelectedKeys(NioEventLoop.java:496)
	at org.apache.ratis.thirdparty.io.netty.channel.nio.NioEventLoop.run(NioEventLoop.java:458)
	at org.apache.ratis.thirdparty.io.netty.util.concurrent.SingleThreadEventExecutor$5.run(SingleThreadEventExecutor.java:897)
	at org.apache.ratis.thirdparty.io.netty.util.concurrent.FastThreadLocalRunnable.run(FastThreadLocalRunnable.java:30)
	... 1 more
Caused by: java.net.ConnectException: Connection refused
	... 11 more
2019-08-29 08:16:11,133 [0dd33b76-ae44-43ed-8830-1aa8976f734b:group-7A16FAC25C82:LeaderElection127] INFO  impl.LeaderElection (LogUtils.java:infoOrTrace(149)) - 0dd33b76-ae44-43ed-8830-1aa8976f734b:group-7A16FAC25C82:LeaderElection127 got exception when requesting votes: {}
java.util.concurrent.ExecutionException: org.apache.ratis.thirdparty.io.grpc.StatusRuntimeException: UNAVAILABLE: io exception
	at java.util.concurrent.FutureTask.report(FutureTask.java:122)
	at java.util.concurrent.FutureTask.get(FutureTask.java:192)
	at org.apache.ratis.server.impl.LeaderElection.waitForResults(LeaderElection.java:262)
	at org.apache.ratis.server.impl.LeaderElection.askForVotes(LeaderElection.java:200)
	at org.apache.ratis.server.impl.LeaderElection.run(LeaderElection.java:130)
	at java.lang.Thread.run(Thread.java:748)
Caused by: org.apache.ratis.thirdparty.io.grpc.StatusRuntimeException: UNAVAILABLE: io exception
	at org.apache.ratis.thirdparty.io.grpc.stub.ClientCalls.toStatusRuntimeException(ClientCalls.java:233)
	at org.apache.ratis.thirdparty.io.grpc.stub.ClientCalls.getUnchecked(ClientCalls.java:214)
	at org.apache.ratis.thirdparty.io.grpc.stub.ClientCalls.blockingUnaryCall(ClientCalls.java:139)
	at org.apache.ratis.proto.grpc.RaftServerProtocolServiceGrpc$RaftServerProtocolServiceBlockingStub.requestVote(RaftServerProtocolServiceGrpc.java:265)
	at org.apache.ratis.grpc.server.GrpcServerProtocolClient.requestVote(GrpcServerProtocolClient.java:83)
	at org.apache.ratis.grpc.server.GrpcService.requestVote(GrpcService.java:195)
	at org.apache.ratis.server.impl.LeaderElection.lambda$submitRequests$1(LeaderElection.java:237)
	at java.util.concurrent.FutureTask.run(FutureTask.java:266)
	at java.util.concurrent.Executors$RunnableAdapter.call(Executors.java:511)
	at java.util.concurrent.FutureTask.run(FutureTask.java:266)
	at java.util.concurrent.ThreadPoolExecutor.runWorker(ThreadPoolExecutor.java:1149)
	at java.util.concurrent.ThreadPoolExecutor$Worker.run(ThreadPoolExecutor.java:624)
	... 1 more
Caused by: org.apache.ratis.thirdparty.io.netty.channel.AbstractChannel$AnnotatedConnectException: Connection refused: /192.168.69.111:39702
	at sun.nio.ch.SocketChannelImpl.checkConnect(Native Method)
	at sun.nio.ch.SocketChannelImpl.finishConnect(SocketChannelImpl.java:717)
	at org.apache.ratis.thirdparty.io.netty.channel.socket.nio.NioSocketChannel.doFinishConnect(NioSocketChannel.java:327)
	at org.apache.ratis.thirdparty.io.netty.channel.nio.AbstractNioChannel$AbstractNioUnsafe.finishConnect(AbstractNioChannel.java:340)
	at org.apache.ratis.thirdparty.io.netty.channel.nio.NioEventLoop.processSelectedKey(NioEventLoop.java:632)
	at org.apache.ratis.thirdparty.io.netty.channel.nio.NioEventLoop.processSelectedKeysOptimized(NioEventLoop.java:579)
	at org.apache.ratis.thirdparty.io.netty.channel.nio.NioEventLoop.processSelectedKeys(NioEventLoop.java:496)
	at org.apache.ratis.thirdparty.io.netty.channel.nio.NioEventLoop.run(NioEventLoop.java:458)
	at org.apache.ratis.thirdparty.io.netty.util.concurrent.SingleThreadEventExecutor$5.run(SingleThreadEventExecutor.java:897)
	at org.apache.ratis.thirdparty.io.netty.util.concurrent.FastThreadLocalRunnable.run(FastThreadLocalRunnable.java:30)
	... 1 more
Caused by: java.net.ConnectException: Connection refused
	... 11 more
2019-08-29 08:16:11,135 [0dd33b76-ae44-43ed-8830-1aa8976f734b:group-7A16FAC25C82:LeaderElection127] INFO  impl.LeaderElection (LeaderElection.java:logAndReturn(56)) - 0dd33b76-ae44-43ed-8830-1aa8976f734b:group-7A16FAC25C82:LeaderElection127: Election REJECTED; received 0 response(s) [] and 2 exception(s); 0dd33b76-ae44-43ed-8830-1aa8976f734b:t2, leader=null, voted=0dd33b76-ae44-43ed-8830-1aa8976f734b, raftlog=0dd33b76-ae44-43ed-8830-1aa8976f734b-SegmentedRaftLog:OPENED:c6,f6,i6, conf=0: [0c5fef0d-286d-4de9-83c3-de42cda01f07:192.168.69.111:41350, 0dd33b76-ae44-43ed-8830-1aa8976f734b:192.168.69.111:39133, dd9e2fbb-74e8-4002-a44e-6ed6076d3ed9:192.168.69.111:39702], old=null
2019-08-29 08:16:11,135 [0dd33b76-ae44-43ed-8830-1aa8976f734b:group-7A16FAC25C82:LeaderElection127] INFO  impl.LeaderElection (LogUtils.java:infoOrTrace(149)) -   Exception 0: {}
java.util.concurrent.ExecutionException: org.apache.ratis.thirdparty.io.grpc.StatusRuntimeException: UNAVAILABLE: io exception
	at java.util.concurrent.FutureTask.report(FutureTask.java:122)
	at java.util.concurrent.FutureTask.get(FutureTask.java:192)
	at org.apache.ratis.server.impl.LeaderElection.waitForResults(LeaderElection.java:262)
	at org.apache.ratis.server.impl.LeaderElection.askForVotes(LeaderElection.java:200)
	at org.apache.ratis.server.impl.LeaderElection.run(LeaderElection.java:130)
	at java.lang.Thread.run(Thread.java:748)
Caused by: org.apache.ratis.thirdparty.io.grpc.StatusRuntimeException: UNAVAILABLE: io exception
	at org.apache.ratis.thirdparty.io.grpc.stub.ClientCalls.toStatusRuntimeException(ClientCalls.java:233)
	at org.apache.ratis.thirdparty.io.grpc.stub.ClientCalls.getUnchecked(ClientCalls.java:214)
	at org.apache.ratis.thirdparty.io.grpc.stub.ClientCalls.blockingUnaryCall(ClientCalls.java:139)
	at org.apache.ratis.proto.grpc.RaftServerProtocolServiceGrpc$RaftServerProtocolServiceBlockingStub.requestVote(RaftServerProtocolServiceGrpc.java:265)
	at org.apache.ratis.grpc.server.GrpcServerProtocolClient.requestVote(GrpcServerProtocolClient.java:83)
	at org.apache.ratis.grpc.server.GrpcService.requestVote(GrpcService.java:195)
	at org.apache.ratis.server.impl.LeaderElection.lambda$submitRequests$1(LeaderElection.java:237)
	at java.util.concurrent.FutureTask.run(FutureTask.java:266)
	at java.util.concurrent.Executors$RunnableAdapter.call(Executors.java:511)
	at java.util.concurrent.FutureTask.run(FutureTask.java:266)
	at java.util.concurrent.ThreadPoolExecutor.runWorker(ThreadPoolExecutor.java:1149)
	at java.util.concurrent.ThreadPoolExecutor$Worker.run(ThreadPoolExecutor.java:624)
	... 1 more
Caused by: org.apache.ratis.thirdparty.io.netty.channel.AbstractChannel$AnnotatedConnectException: Connection refused: /192.168.69.111:41350
	at sun.nio.ch.SocketChannelImpl.checkConnect(Native Method)
	at sun.nio.ch.SocketChannelImpl.finishConnect(SocketChannelImpl.java:717)
	at org.apache.ratis.thirdparty.io.netty.channel.socket.nio.NioSocketChannel.doFinishConnect(NioSocketChannel.java:327)
	at org.apache.ratis.thirdparty.io.netty.channel.nio.AbstractNioChannel$AbstractNioUnsafe.finishConnect(AbstractNioChannel.java:340)
	at org.apache.ratis.thirdparty.io.netty.channel.nio.NioEventLoop.processSelectedKey(NioEventLoop.java:632)
	at org.apache.ratis.thirdparty.io.netty.channel.nio.NioEventLoop.processSelectedKeysOptimized(NioEventLoop.java:579)
	at org.apache.ratis.thirdparty.io.netty.channel.nio.NioEventLoop.processSelectedKeys(NioEventLoop.java:496)
	at org.apache.ratis.thirdparty.io.netty.channel.nio.NioEventLoop.run(NioEventLoop.java:458)
	at org.apache.ratis.thirdparty.io.netty.util.concurrent.SingleThreadEventExecutor$5.run(SingleThreadEventExecutor.java:897)
	at org.apache.ratis.thirdparty.io.netty.util.concurrent.FastThreadLocalRunnable.run(FastThreadLocalRunnable.java:30)
	... 1 more
Caused by: java.net.ConnectException: Connection refused
	... 11 more
2019-08-29 08:16:11,135 [0dd33b76-ae44-43ed-8830-1aa8976f734b:group-7A16FAC25C82:LeaderElection127] INFO  impl.LeaderElection (LogUtils.java:infoOrTrace(149)) -   Exception 1: {}
java.util.concurrent.ExecutionException: org.apache.ratis.thirdparty.io.grpc.StatusRuntimeException: UNAVAILABLE: io exception
	at java.util.concurrent.FutureTask.report(FutureTask.java:122)
	at java.util.concurrent.FutureTask.get(FutureTask.java:192)
	at org.apache.ratis.server.impl.LeaderElection.waitForResults(LeaderElection.java:262)
	at org.apache.ratis.server.impl.LeaderElection.askForVotes(LeaderElection.java:200)
	at org.apache.ratis.server.impl.LeaderElection.run(LeaderElection.java:130)
	at java.lang.Thread.run(Thread.java:748)
Caused by: org.apache.ratis.thirdparty.io.grpc.StatusRuntimeException: UNAVAILABLE: io exception
	at org.apache.ratis.thirdparty.io.grpc.stub.ClientCalls.toStatusRuntimeException(ClientCalls.java:233)
	at org.apache.ratis.thirdparty.io.grpc.stub.ClientCalls.getUnchecked(ClientCalls.java:214)
	at org.apache.ratis.thirdparty.io.grpc.stub.ClientCalls.blockingUnaryCall(ClientCalls.java:139)
	at org.apache.ratis.proto.grpc.RaftServerProtocolServiceGrpc$RaftServerProtocolServiceBlockingStub.requestVote(RaftServerProtocolServiceGrpc.java:265)
	at org.apache.ratis.grpc.server.GrpcServerProtocolClient.requestVote(GrpcServerProtocolClient.java:83)
	at org.apache.ratis.grpc.server.GrpcService.requestVote(GrpcService.java:195)
	at org.apache.ratis.server.impl.LeaderElection.lambda$submitRequests$1(LeaderElection.java:237)
	at java.util.concurrent.FutureTask.run(FutureTask.java:266)
	at java.util.concurrent.Executors$RunnableAdapter.call(Executors.java:511)
	at java.util.concurrent.FutureTask.run(FutureTask.java:266)
	at java.util.concurrent.ThreadPoolExecutor.runWorker(ThreadPoolExecutor.java:1149)
	at java.util.concurrent.ThreadPoolExecutor$Worker.run(ThreadPoolExecutor.java:624)
	... 1 more
Caused by: org.apache.ratis.thirdparty.io.netty.channel.AbstractChannel$AnnotatedConnectException: Connection refused: /192.168.69.111:39702
	at sun.nio.ch.SocketChannelImpl.checkConnect(Native Method)
	at sun.nio.ch.SocketChannelImpl.finishConnect(SocketChannelImpl.java:717)
	at org.apache.ratis.thirdparty.io.netty.channel.socket.nio.NioSocketChannel.doFinishConnect(NioSocketChannel.java:327)
	at org.apache.ratis.thirdparty.io.netty.channel.nio.AbstractNioChannel$AbstractNioUnsafe.finishConnect(AbstractNioChannel.java:340)
	at org.apache.ratis.thirdparty.io.netty.channel.nio.NioEventLoop.processSelectedKey(NioEventLoop.java:632)
	at org.apache.ratis.thirdparty.io.netty.channel.nio.NioEventLoop.processSelectedKeysOptimized(NioEventLoop.java:579)
	at org.apache.ratis.thirdparty.io.netty.channel.nio.NioEventLoop.processSelectedKeys(NioEventLoop.java:496)
	at org.apache.ratis.thirdparty.io.netty.channel.nio.NioEventLoop.run(NioEventLoop.java:458)
	at org.apache.ratis.thirdparty.io.netty.util.concurrent.SingleThreadEventExecutor$5.run(SingleThreadEventExecutor.java:897)
	at org.apache.ratis.thirdparty.io.netty.util.concurrent.FastThreadLocalRunnable.run(FastThreadLocalRunnable.java:30)
	... 1 more
Caused by: java.net.ConnectException: Connection refused
	... 11 more
2019-08-29 08:16:11,135 [0dd33b76-ae44-43ed-8830-1aa8976f734b:group-7A16FAC25C82:LeaderElection127] INFO  impl.RaftServerImpl (RaftServerImpl.java:setRole(171)) - 0dd33b76-ae44-43ed-8830-1aa8976f734b:group-7A16FAC25C82 changes role from CANDIDATE to FOLLOWER at term 2 for DISCOVERED_A_NEW_TERM
2019-08-29 08:16:11,136 [0dd33b76-ae44-43ed-8830-1aa8976f734b:group-7A16FAC25C82:LeaderElection127] INFO  impl.RoleInfo (RoleInfo.java:shutdownLeaderElection(134)) - 0dd33b76-ae44-43ed-8830-1aa8976f734b: shutdown LeaderElection
2019-08-29 08:16:11,136 [0dd33b76-ae44-43ed-8830-1aa8976f734b:group-7A16FAC25C82:LeaderElection127] INFO  impl.RoleInfo (RoleInfo.java:updateAndGet(143)) - 0dd33b76-ae44-43ed-8830-1aa8976f734b: start FollowerState
2019-08-29 08:16:11,504 [Datanode State Machine Thread - 0] INFO  statemachine.DatanodeStateMachine (DatanodeStateMachine.java:lambda$startDaemon$0(350)) - Ozone container server started.
2019-08-29 08:16:11,646 | INFO  | SCMAudit | user=jenkins1000 | ip=192.168.69.111 | op=SEND_HEARTBEAT {datanodeUUID=0dd33b76-ae44-43ed-8830-1aa8976f734b, command=[]} | ret=SUCCESS |  
2019-08-29 08:16:12,646 | INFO  | SCMAudit | user=jenkins1000 | ip=192.168.69.111 | op=SEND_HEARTBEAT {datanodeUUID=0dd33b76-ae44-43ed-8830-1aa8976f734b, command=[]} | ret=SUCCESS |  
2019-08-29 08:16:13,647 | INFO  | SCMAudit | user=jenkins1000 | ip=192.168.69.111 | op=SEND_HEARTBEAT {datanodeUUID=0dd33b76-ae44-43ed-8830-1aa8976f734b, command=[]} | ret=SUCCESS |  
2019-08-29 08:16:14,647 | INFO  | SCMAudit | user=jenkins1000 | ip=192.168.69.111 | op=SEND_HEARTBEAT {datanodeUUID=0dd33b76-ae44-43ed-8830-1aa8976f734b, command=[]} | ret=SUCCESS |  
2019-08-29 08:16:14,965 [EventQueue-StaleNodeForStaleNodeHandler] INFO  node.StaleNodeHandler (StaleNodeHandler.java:onMessage(58)) - Datanode e825e5c3-0d56-4405-b416-b67706fddd99{ip: 192.168.69.111, host: pr-hdds-1569-g9zr9-4145101663, networkLocation: /default-rack, certSerialId: null} moved to stale state. Finalizing its pipelines [PipelineID=64dd66ca-9e53-40df-8d8c-ebc1b9aaea58, PipelineID=451e9eed-0640-4dc0-8780-508f92a130f1]
2019-08-29 08:16:14,966 [EventQueue-StaleNodeForStaleNodeHandler] INFO  pipeline.SCMPipelineManager (SCMPipelineManager.java:finalizeAndDestroyPipeline(309)) - destroying pipeline:Pipeline[ Id: 64dd66ca-9e53-40df-8d8c-ebc1b9aaea58, Nodes: e825e5c3-0d56-4405-b416-b67706fddd99{ip: 192.168.69.111, host: pr-hdds-1569-g9zr9-4145101663, networkLocation: /default-rack, certSerialId: null}f4ed06a8-f58e-44fd-bf89-8ea63b8f80d3{ip: 192.168.69.111, host: pr-hdds-1569-g9zr9-4145101663, networkLocation: /default-rack, certSerialId: null}dedae8b3-beea-4d2b-ad20-87a9a0d5bc72{ip: 192.168.69.111, host: pr-hdds-1569-g9zr9-4145101663, networkLocation: /default-rack, certSerialId: null}, Type:RATIS, Factor:THREE, State:CLOSED]
2019-08-29 08:16:14,966 [EventQueue-StaleNodeForStaleNodeHandler] INFO  pipeline.SCMPipelineManager (SCMPipelineManager.java:finalizeAndDestroyPipeline(309)) - destroying pipeline:Pipeline[ Id: 451e9eed-0640-4dc0-8780-508f92a130f1, Nodes: e825e5c3-0d56-4405-b416-b67706fddd99{ip: 192.168.69.111, host: pr-hdds-1569-g9zr9-4145101663, networkLocation: /default-rack, certSerialId: null}, Type:RATIS, Factor:ONE, State:OPEN]
2019-08-29 08:16:14,966 [EventQueue-StaleNodeForStaleNodeHandler] INFO  pipeline.PipelineStateManager (PipelineStateManager.java:finalizePipeline(123)) - Pipeline Pipeline[ Id: 451e9eed-0640-4dc0-8780-508f92a130f1, Nodes: e825e5c3-0d56-4405-b416-b67706fddd99{ip: 192.168.69.111, host: pr-hdds-1569-g9zr9-4145101663, networkLocation: /default-rack, certSerialId: null}, Type:RATIS, Factor:ONE, State:CLOSED] moved to CLOSED state
2019-08-29 08:16:15,566 [EventQueue-StaleNodeForStaleNodeHandler] INFO  node.StaleNodeHandler (StaleNodeHandler.java:onMessage(58)) - Datanode ff642454-59ec-48e6-b18d-d83138b0e5e4{ip: 192.168.69.111, host: pr-hdds-1569-g9zr9-4145101663, networkLocation: /default-rack, certSerialId: null} moved to stale state. Finalizing its pipelines []
2019-08-29 08:16:15,647 | INFO  | SCMAudit | user=jenkins1000 | ip=192.168.69.111 | op=SEND_HEARTBEAT {datanodeUUID=0dd33b76-ae44-43ed-8830-1aa8976f734b, command=[]} | ret=SUCCESS |  
2019-08-29 08:16:15,654 [ForkJoinPool.commonPool-worker-1] INFO  ozoneimpl.OzoneContainer (OzoneContainer.java:stop(199)) - Attempting to stop container services.
2019-08-29 08:16:15,655 [ForkJoinPool.commonPool-worker-1] INFO  impl.RaftServerProxy (RaftServerProxy.java:lambda$close$4(314)) - e825e5c3-0d56-4405-b416-b67706fddd99: close
2019-08-29 08:16:15,655 [ForkJoinPool.commonPool-worker-1] INFO  impl.RaftServerImpl (RaftServerImpl.java:lambda$shutdown$3(245)) - e825e5c3-0d56-4405-b416-b67706fddd99: shutdown group-EBC1B9AAEA58
2019-08-29 08:16:15,655 [ForkJoinPool.commonPool-worker-1] INFO  util.JmxRegister (JmxRegister.java:unregister(73)) - Successfully un-registered JMX Bean with object name Ratis:service=RaftServer,group=group-EBC1B9AAEA58,id=e825e5c3-0d56-4405-b416-b67706fddd99
2019-08-29 08:16:15,655 [ForkJoinPool.commonPool-worker-1] INFO  impl.RoleInfo (RoleInfo.java:shutdownFollowerState(121)) - e825e5c3-0d56-4405-b416-b67706fddd99: shutdown FollowerState
2019-08-29 08:16:15,655 [ForkJoinPool.commonPool-worker-1] INFO  impl.StateMachineUpdater (StateMachineUpdater.java:stopAndJoin(115)) - StateMachineUpdater:e825e5c3-0d56-4405-b416-b67706fddd99:group-EBC1B9AAEA58: set stopIndex = 6
2019-08-29 08:16:15,656 [StateMachineUpdater:e825e5c3-0d56-4405-b416-b67706fddd99:group-EBC1B9AAEA58] INFO  ratis.ContainerStateMachine (ContainerStateMachine.java:takeSnapshot(283)) - group-EBC1B9AAEA58: Taking a snapshot at:(t:2, i:6) file /workdir/hadoop-ozone/integration-test/target/test-dir/MiniOzoneClusterImpl-249f8078-8fc0-44d6-853a-2b715126e327/datanode-0/data/ratis/64dd66ca-9e53-40df-8d8c-ebc1b9aaea58/sm/snapshot.2_6
2019-08-29 08:16:15,656 [Thread-5126] INFO  impl.FollowerState (FollowerState.java:run(114)) - e825e5c3-0d56-4405-b416-b67706fddd99: FollowerState was interrupted: java.lang.InterruptedException: sleep interrupted
2019-08-29 08:16:15,694 [StateMachineUpdater:e825e5c3-0d56-4405-b416-b67706fddd99:group-EBC1B9AAEA58] INFO  ratis.ContainerStateMachine (ContainerStateMachine.java:takeSnapshot(294)) - group-EBC1B9AAEA58: Finished taking a snapshot at:(t:2, i:6) file:/workdir/hadoop-ozone/integration-test/target/test-dir/MiniOzoneClusterImpl-249f8078-8fc0-44d6-853a-2b715126e327/datanode-0/data/ratis/64dd66ca-9e53-40df-8d8c-ebc1b9aaea58/sm/snapshot.2_6 time:38
2019-08-29 08:16:15,694 [StateMachineUpdater:e825e5c3-0d56-4405-b416-b67706fddd99:group-EBC1B9AAEA58] INFO  impl.StateMachineUpdater (StateMachineUpdater.java:takeSnapshot(242)) - StateMachineUpdater:e825e5c3-0d56-4405-b416-b67706fddd99:group-EBC1B9AAEA58: Took a snapshot at index 6
2019-08-29 08:16:15,694 [StateMachineUpdater:e825e5c3-0d56-4405-b416-b67706fddd99:group-EBC1B9AAEA58] INFO  impl.StateMachineUpdater (StateMachineUpdater.java:lambda$new$0(80)) - StateMachineUpdater:e825e5c3-0d56-4405-b416-b67706fddd99:group-EBC1B9AAEA58: snapshotIndex: updateIncreasingly -1 -> 6
2019-08-29 08:16:15,694 [ForkJoinPool.commonPool-worker-1] INFO  impl.RaftServerImpl (ServerState.java:close(394)) - e825e5c3-0d56-4405-b416-b67706fddd99:group-EBC1B9AAEA58 closes. The last applied log index is 6
2019-08-29 08:16:15,695 [e825e5c3-0d56-4405-b416-b67706fddd99-SegmentedRaftLogWorker:Storage Directory /workdir/hadoop-ozone/integration-test/target/test-dir/MiniOzoneClusterImpl-249f8078-8fc0-44d6-853a-2b715126e327/datanode-0/data/ratis/64dd66ca-9e53-40df-8d8c-ebc1b9aaea58] INFO  segmented.SegmentedRaftLogWorker (SegmentedRaftLogWorker.java:run(313)) - e825e5c3-0d56-4405-b416-b67706fddd99-SegmentedRaftLogWorker:Storage Directory /workdir/hadoop-ozone/integration-test/target/test-dir/MiniOzoneClusterImpl-249f8078-8fc0-44d6-853a-2b715126e327/datanode-0/data/ratis/64dd66ca-9e53-40df-8d8c-ebc1b9aaea58 was interrupted, exiting. There are 0 tasks remaining in the queue.
2019-08-29 08:16:15,696 [ForkJoinPool.commonPool-worker-1] INFO  segmented.SegmentedRaftLogWorker (SegmentedRaftLogWorker.java:close(228)) - e825e5c3-0d56-4405-b416-b67706fddd99-SegmentedRaftLogWorker:Storage Directory /workdir/hadoop-ozone/integration-test/target/test-dir/MiniOzoneClusterImpl-249f8078-8fc0-44d6-853a-2b715126e327/datanode-0/data/ratis/64dd66ca-9e53-40df-8d8c-ebc1b9aaea58 close()
2019-08-29 08:16:15,699 [ForkJoinPool.commonPool-worker-1] INFO  impl.RaftServerImpl (RaftServerImpl.java:lambda$shutdown$3(245)) - e825e5c3-0d56-4405-b416-b67706fddd99: shutdown group-508F92A130F1
2019-08-29 08:16:15,699 [ForkJoinPool.commonPool-worker-1] INFO  util.JmxRegister (JmxRegister.java:unregister(73)) - Successfully un-registered JMX Bean with object name Ratis:service=RaftServer,group=group-508F92A130F1,id=e825e5c3-0d56-4405-b416-b67706fddd99
2019-08-29 08:16:15,699 [ForkJoinPool.commonPool-worker-1] INFO  impl.RoleInfo (RoleInfo.java:shutdownLeaderState(104)) - e825e5c3-0d56-4405-b416-b67706fddd99: shutdown LeaderState
2019-08-29 08:16:15,699 [ForkJoinPool.commonPool-worker-1] INFO  impl.PendingRequests (PendingRequests.java:sendNotLeaderResponses(202)) - e825e5c3-0d56-4405-b416-b67706fddd99-PendingRequests: sendNotLeaderResponses
2019-08-29 08:16:15,700 [ForkJoinPool.commonPool-worker-1] INFO  impl.StateMachineUpdater (StateMachineUpdater.java:stopAndJoin(115)) - StateMachineUpdater:e825e5c3-0d56-4405-b416-b67706fddd99:group-508F92A130F1: set stopIndex = 0
2019-08-29 08:16:15,700 [ForkJoinPool.commonPool-worker-1] INFO  impl.RaftServerImpl (ServerState.java:close(394)) - e825e5c3-0d56-4405-b416-b67706fddd99:group-508F92A130F1 closes. The last applied log index is 0
2019-08-29 08:16:15,700 [e825e5c3-0d56-4405-b416-b67706fddd99-SegmentedRaftLogWorker:Storage Directory /workdir/hadoop-ozone/integration-test/target/test-dir/MiniOzoneClusterImpl-249f8078-8fc0-44d6-853a-2b715126e327/datanode-0/data/ratis/451e9eed-0640-4dc0-8780-508f92a130f1] INFO  segmented.SegmentedRaftLogWorker (SegmentedRaftLogWorker.java:run(313)) - e825e5c3-0d56-4405-b416-b67706fddd99-SegmentedRaftLogWorker:Storage Directory /workdir/hadoop-ozone/integration-test/target/test-dir/MiniOzoneClusterImpl-249f8078-8fc0-44d6-853a-2b715126e327/datanode-0/data/ratis/451e9eed-0640-4dc0-8780-508f92a130f1 was interrupted, exiting. There are 0 tasks remaining in the queue.
2019-08-29 08:16:15,701 [ForkJoinPool.commonPool-worker-1] INFO  segmented.SegmentedRaftLogWorker (SegmentedRaftLogWorker.java:close(228)) - e825e5c3-0d56-4405-b416-b67706fddd99-SegmentedRaftLogWorker:Storage Directory /workdir/hadoop-ozone/integration-test/target/test-dir/MiniOzoneClusterImpl-249f8078-8fc0-44d6-853a-2b715126e327/datanode-0/data/ratis/451e9eed-0640-4dc0-8780-508f92a130f1 close()
2019-08-29 08:16:15,706 [ForkJoinPool.commonPool-worker-1] INFO  server.GrpcService (GrpcService.java:closeImpl(155)) - e825e5c3-0d56-4405-b416-b67706fddd99: shutdown server with port 39205 now
2019-08-29 08:16:15,707 [ForkJoinPool.commonPool-worker-1] INFO  server.GrpcService (GrpcService.java:closeImpl(163)) - e825e5c3-0d56-4405-b416-b67706fddd99: shutdown server with port 39205 successfully
2019-08-29 08:16:15,707 [ForkJoinPool.commonPool-worker-1] INFO  utils.BackgroundService (BackgroundService.java:shutdown(148)) - Shutting down service BlockDeletingService
2019-08-29 08:16:15,708 [refreshUsed-/workdir/hadoop-ozone/integration-test/target/test-dir/MiniOzoneClusterImpl-249f8078-8fc0-44d6-853a-2b715126e327/datanode-0/data/containers] WARN  fs.CachingGetSpaceUsed (CachingGetSpaceUsed.java:run(183)) - Thread Interrupted waiting to refresh disk information: sleep interrupted
2019-08-29 08:16:15,721 [ForkJoinPool.commonPool-worker-1] INFO  statemachine.DatanodeStateMachine (DatanodeStateMachine.java:stopDaemon(395)) - Ozone container server stopped.
2019-08-29 08:16:15,735 [ForkJoinPool.commonPool-worker-1] INFO  handler.ContextHandler (ContextHandler.java:doStop(910)) - Stopped o.e.j.w.WebAppContext@46306e5f{/,null,UNAVAILABLE}{/hddsDatanode}
2019-08-29 08:16:15,736 [ForkJoinPool.commonPool-worker-1] INFO  server.AbstractConnector (AbstractConnector.java:doStop(318)) - Stopped ServerConnector@58e5a81c{HTTP/1.1,[http/1.1]}{0.0.0.0:0}
2019-08-29 08:16:15,737 [ForkJoinPool.commonPool-worker-1] INFO  handler.ContextHandler (ContextHandler.java:doStop(910)) - Stopped o.e.j.s.ServletContextHandler@6d81522b{/static,jar:file:/home/user/.m2/repository/org/apache/hadoop/hadoop-hdds-container-service/0.5.0-SNAPSHOT/hadoop-hdds-container-service-0.5.0-SNAPSHOT.jar!/webapps/static,UNAVAILABLE}
2019-08-29 08:16:15,738 [ForkJoinPool.commonPool-worker-1] INFO  handler.ContextHandler (ContextHandler.java:doStop(910)) - Stopped o.e.j.s.ServletContextHandler@4037fcc{/logs,file:///workdir/hadoop-ozone/integration-test/target/log,UNAVAILABLE}
2019-08-29 08:16:15,738 [ForkJoinPool.commonPool-worker-1] INFO  datanode.ObjectStoreHandler (ObjectStoreHandler.java:close(155)) - Closing ObjectStoreHandler.
2019-08-29 08:16:15,739 [ForkJoinPool.commonPool-worker-1] INFO  ozone.HddsDatanodeService (HddsDatanodeService.java:stop(451)) - Stopped plug-in org.apache.hadoop.ozone.web.OzoneHddsDatanodeService@387f53cf
2019-08-29 08:16:15,780 [main] INFO  ozoneimpl.OzoneContainer (OzoneContainer.java:stop(199)) - Attempting to stop container services.
2019-08-29 08:16:15,781 [main] INFO  impl.RaftServerProxy (RaftServerProxy.java:lambda$close$4(314)) - ff642454-59ec-48e6-b18d-d83138b0e5e4: close
2019-08-29 08:16:15,783 [main] INFO  server.GrpcService (GrpcService.java:closeImpl(155)) - ff642454-59ec-48e6-b18d-d83138b0e5e4: shutdown server with port 36080 now
2019-08-29 08:16:15,783 [main] INFO  server.GrpcService (GrpcService.java:closeImpl(163)) - ff642454-59ec-48e6-b18d-d83138b0e5e4: shutdown server with port 36080 successfully
2019-08-29 08:16:15,787 [main] INFO  utils.BackgroundService (BackgroundService.java:shutdown(148)) - Shutting down service BlockDeletingService
2019-08-29 08:16:15,788 [refreshUsed-/workdir/hadoop-ozone/integration-test/target/test-dir/MiniOzoneClusterImpl-249f8078-8fc0-44d6-853a-2b715126e327/datanode-6/data/containers] WARN  fs.CachingGetSpaceUsed (CachingGetSpaceUsed.java:run(183)) - Thread Interrupted waiting to refresh disk information: sleep interrupted
2019-08-29 08:16:15,800 [main] INFO  statemachine.DatanodeStateMachine (DatanodeStateMachine.java:stopDaemon(395)) - Ozone container server stopped.
2019-08-29 08:16:15,801 [main] INFO  handler.ContextHandler (ContextHandler.java:doStop(910)) - Stopped o.e.j.w.WebAppContext@1c595228{/,null,UNAVAILABLE}{/hddsDatanode}
2019-08-29 08:16:15,801 [main] INFO  server.AbstractConnector (AbstractConnector.java:doStop(318)) - Stopped ServerConnector@1e64ee13{HTTP/1.1,[http/1.1]}{0.0.0.0:0}
2019-08-29 08:16:15,801 [main] INFO  handler.ContextHandler (ContextHandler.java:doStop(910)) - Stopped o.e.j.s.ServletContextHandler@7d66a634{/static,jar:file:/home/user/.m2/repository/org/apache/hadoop/hadoop-hdds-container-service/0.5.0-SNAPSHOT/hadoop-hdds-container-service-0.5.0-SNAPSHOT.jar!/webapps/static,UNAVAILABLE}
2019-08-29 08:16:15,802 [main] INFO  handler.ContextHandler (ContextHandler.java:doStop(910)) - Stopped o.e.j.s.ServletContextHandler@34341b2a{/logs,file:///workdir/hadoop-ozone/integration-test/target/log,UNAVAILABLE}
2019-08-29 08:16:16,231 [Thread-5130] INFO  impl.FollowerState (FollowerState.java:run(106)) - 0dd33b76-ae44-43ed-8830-1aa8976f734b:group-7A16FAC25C82 changes to CANDIDATE, lastRpcTime:5095, electionTimeout:5095ms
2019-08-29 08:16:16,231 [Thread-5130] INFO  impl.RoleInfo (RoleInfo.java:shutdownFollowerState(121)) - 0dd33b76-ae44-43ed-8830-1aa8976f734b: shutdown FollowerState
2019-08-29 08:16:16,231 [Thread-5130] INFO  impl.RaftServerImpl (RaftServerImpl.java:setRole(171)) - 0dd33b76-ae44-43ed-8830-1aa8976f734b:group-7A16FAC25C82 changes role from FOLLOWER to CANDIDATE at term 2 for changeToCandidate
2019-08-29 08:16:16,231 [Thread-5130] INFO  impl.RoleInfo (RoleInfo.java:updateAndGet(143)) - 0dd33b76-ae44-43ed-8830-1aa8976f734b: start LeaderElection
2019-08-29 08:16:16,278 [0dd33b76-ae44-43ed-8830-1aa8976f734b:group-7A16FAC25C82:LeaderElection128] INFO  impl.LeaderElection (LeaderElection.java:askForVotes(181)) - 0dd33b76-ae44-43ed-8830-1aa8976f734b:group-7A16FAC25C82:LeaderElection128: begin an election at term 3 for 0: [0c5fef0d-286d-4de9-83c3-de42cda01f07:192.168.69.111:41350, 0dd33b76-ae44-43ed-8830-1aa8976f734b:192.168.69.111:39133, dd9e2fbb-74e8-4002-a44e-6ed6076d3ed9:192.168.69.111:39702], old=null
2019-08-29 08:16:16,279 [0dd33b76-ae44-43ed-8830-1aa8976f734b:group-7A16FAC25C82:LeaderElection128] INFO  impl.LeaderElection (LogUtils.java:infoOrTrace(149)) - 0dd33b76-ae44-43ed-8830-1aa8976f734b:group-7A16FAC25C82:LeaderElection128 got exception when requesting votes: {}
java.util.concurrent.ExecutionException: org.apache.ratis.thirdparty.io.grpc.StatusRuntimeException: UNAVAILABLE: io exception
	at java.util.concurrent.FutureTask.report(FutureTask.java:122)
	at java.util.concurrent.FutureTask.get(FutureTask.java:192)
	at org.apache.ratis.server.impl.LeaderElection.waitForResults(LeaderElection.java:262)
	at org.apache.ratis.server.impl.LeaderElection.askForVotes(LeaderElection.java:200)
	at org.apache.ratis.server.impl.LeaderElection.run(LeaderElection.java:130)
	at java.lang.Thread.run(Thread.java:748)
Caused by: org.apache.ratis.thirdparty.io.grpc.StatusRuntimeException: UNAVAILABLE: io exception
	at org.apache.ratis.thirdparty.io.grpc.stub.ClientCalls.toStatusRuntimeException(ClientCalls.java:233)
	at org.apache.ratis.thirdparty.io.grpc.stub.ClientCalls.getUnchecked(ClientCalls.java:214)
	at org.apache.ratis.thirdparty.io.grpc.stub.ClientCalls.blockingUnaryCall(ClientCalls.java:139)
	at org.apache.ratis.proto.grpc.RaftServerProtocolServiceGrpc$RaftServerProtocolServiceBlockingStub.requestVote(RaftServerProtocolServiceGrpc.java:265)
	at org.apache.ratis.grpc.server.GrpcServerProtocolClient.requestVote(GrpcServerProtocolClient.java:83)
	at org.apache.ratis.grpc.server.GrpcService.requestVote(GrpcService.java:195)
	at org.apache.ratis.server.impl.LeaderElection.lambda$submitRequests$1(LeaderElection.java:237)
	at java.util.concurrent.FutureTask.run(FutureTask.java:266)
	at java.util.concurrent.Executors$RunnableAdapter.call(Executors.java:511)
	at java.util.concurrent.FutureTask.run(FutureTask.java:266)
	at java.util.concurrent.ThreadPoolExecutor.runWorker(ThreadPoolExecutor.java:1149)
	at java.util.concurrent.ThreadPoolExecutor$Worker.run(ThreadPoolExecutor.java:624)
	... 1 more
Caused by: org.apache.ratis.thirdparty.io.netty.channel.AbstractChannel$AnnotatedConnectException: Connection refused: /192.168.69.111:41350
	at sun.nio.ch.SocketChannelImpl.checkConnect(Native Method)
	at sun.nio.ch.SocketChannelImpl.finishConnect(SocketChannelImpl.java:717)
	at org.apache.ratis.thirdparty.io.netty.channel.socket.nio.NioSocketChannel.doFinishConnect(NioSocketChannel.java:327)
	at org.apache.ratis.thirdparty.io.netty.channel.nio.AbstractNioChannel$AbstractNioUnsafe.finishConnect(AbstractNioChannel.java:340)
	at org.apache.ratis.thirdparty.io.netty.channel.nio.NioEventLoop.processSelectedKey(NioEventLoop.java:632)
	at org.apache.ratis.thirdparty.io.netty.channel.nio.NioEventLoop.processSelectedKeysOptimized(NioEventLoop.java:579)
	at org.apache.ratis.thirdparty.io.netty.channel.nio.NioEventLoop.processSelectedKeys(NioEventLoop.java:496)
	at org.apache.ratis.thirdparty.io.netty.channel.nio.NioEventLoop.run(NioEventLoop.java:458)
	at org.apache.ratis.thirdparty.io.netty.util.concurrent.SingleThreadEventExecutor$5.run(SingleThreadEventExecutor.java:897)
	at org.apache.ratis.thirdparty.io.netty.util.concurrent.FastThreadLocalRunnable.run(FastThreadLocalRunnable.java:30)
	... 1 more
Caused by: java.net.ConnectException: Connection refused
	... 11 more
2019-08-29 08:16:16,281 [0dd33b76-ae44-43ed-8830-1aa8976f734b:group-7A16FAC25C82:LeaderElection128] INFO  impl.LeaderElection (LogUtils.java:infoOrTrace(149)) - 0dd33b76-ae44-43ed-8830-1aa8976f734b:group-7A16FAC25C82:LeaderElection128 got exception when requesting votes: {}
java.util.concurrent.ExecutionException: org.apache.ratis.thirdparty.io.grpc.StatusRuntimeException: UNAVAILABLE: io exception
	at java.util.concurrent.FutureTask.report(FutureTask.java:122)
	at java.util.concurrent.FutureTask.get(FutureTask.java:192)
	at org.apache.ratis.server.impl.LeaderElection.waitForResults(LeaderElection.java:262)
	at org.apache.ratis.server.impl.LeaderElection.askForVotes(LeaderElection.java:200)
	at org.apache.ratis.server.impl.LeaderElection.run(LeaderElection.java:130)
	at java.lang.Thread.run(Thread.java:748)
Caused by: org.apache.ratis.thirdparty.io.grpc.StatusRuntimeException: UNAVAILABLE: io exception
	at org.apache.ratis.thirdparty.io.grpc.stub.ClientCalls.toStatusRuntimeException(ClientCalls.java:233)
	at org.apache.ratis.thirdparty.io.grpc.stub.ClientCalls.getUnchecked(ClientCalls.java:214)
	at org.apache.ratis.thirdparty.io.grpc.stub.ClientCalls.blockingUnaryCall(ClientCalls.java:139)
	at org.apache.ratis.proto.grpc.RaftServerProtocolServiceGrpc$RaftServerProtocolServiceBlockingStub.requestVote(RaftServerProtocolServiceGrpc.java:265)
	at org.apache.ratis.grpc.server.GrpcServerProtocolClient.requestVote(GrpcServerProtocolClient.java:83)
	at org.apache.ratis.grpc.server.GrpcService.requestVote(GrpcService.java:195)
	at org.apache.ratis.server.impl.LeaderElection.lambda$submitRequests$1(LeaderElection.java:237)
	at java.util.concurrent.FutureTask.run(FutureTask.java:266)
	at java.util.concurrent.Executors$RunnableAdapter.call(Executors.java:511)
	at java.util.concurrent.FutureTask.run(FutureTask.java:266)
	at java.util.concurrent.ThreadPoolExecutor.runWorker(ThreadPoolExecutor.java:1149)
	at java.util.concurrent.ThreadPoolExecutor$Worker.run(ThreadPoolExecutor.java:624)
	... 1 more
Caused by: org.apache.ratis.thirdparty.io.netty.channel.AbstractChannel$AnnotatedConnectException: Connection refused: /192.168.69.111:39702
	at sun.nio.ch.SocketChannelImpl.checkConnect(Native Method)
	at sun.nio.ch.SocketChannelImpl.finishConnect(SocketChannelImpl.java:717)
	at org.apache.ratis.thirdparty.io.netty.channel.socket.nio.NioSocketChannel.doFinishConnect(NioSocketChannel.java:327)
	at org.apache.ratis.thirdparty.io.netty.channel.nio.AbstractNioChannel$AbstractNioUnsafe.finishConnect(AbstractNioChannel.java:340)
	at org.apache.ratis.thirdparty.io.netty.channel.nio.NioEventLoop.processSelectedKey(NioEventLoop.java:632)
	at org.apache.ratis.thirdparty.io.netty.channel.nio.NioEventLoop.processSelectedKeysOptimized(NioEventLoop.java:579)
	at org.apache.ratis.thirdparty.io.netty.channel.nio.NioEventLoop.processSelectedKeys(NioEventLoop.java:496)
	at org.apache.ratis.thirdparty.io.netty.channel.nio.NioEventLoop.run(NioEventLoop.java:458)
	at org.apache.ratis.thirdparty.io.netty.util.concurrent.SingleThreadEventExecutor$5.run(SingleThreadEventExecutor.java:897)
	at org.apache.ratis.thirdparty.io.netty.util.concurrent.FastThreadLocalRunnable.run(FastThreadLocalRunnable.java:30)
	... 1 more
Caused by: java.net.ConnectException: Connection refused
	... 11 more
2019-08-29 08:16:16,282 [0dd33b76-ae44-43ed-8830-1aa8976f734b:group-7A16FAC25C82:LeaderElection128] INFO  impl.LeaderElection (LeaderElection.java:logAndReturn(56)) - 0dd33b76-ae44-43ed-8830-1aa8976f734b:group-7A16FAC25C82:LeaderElection128: Election REJECTED; received 0 response(s) [] and 2 exception(s); 0dd33b76-ae44-43ed-8830-1aa8976f734b:t3, leader=null, voted=0dd33b76-ae44-43ed-8830-1aa8976f734b, raftlog=0dd33b76-ae44-43ed-8830-1aa8976f734b-SegmentedRaftLog:OPENED:c6,f6,i6, conf=0: [0c5fef0d-286d-4de9-83c3-de42cda01f07:192.168.69.111:41350, 0dd33b76-ae44-43ed-8830-1aa8976f734b:192.168.69.111:39133, dd9e2fbb-74e8-4002-a44e-6ed6076d3ed9:192.168.69.111:39702], old=null
2019-08-29 08:16:16,282 [0dd33b76-ae44-43ed-8830-1aa8976f734b:group-7A16FAC25C82:LeaderElection128] INFO  impl.LeaderElection (LogUtils.java:infoOrTrace(149)) -   Exception 0: {}
java.util.concurrent.ExecutionException: org.apache.ratis.thirdparty.io.grpc.StatusRuntimeException: UNAVAILABLE: io exception
	at java.util.concurrent.FutureTask.report(FutureTask.java:122)
	at java.util.concurrent.FutureTask.get(FutureTask.java:192)
	at org.apache.ratis.server.impl.LeaderElection.waitForResults(LeaderElection.java:262)
	at org.apache.ratis.server.impl.LeaderElection.askForVotes(LeaderElection.java:200)
	at org.apache.ratis.server.impl.LeaderElection.run(LeaderElection.java:130)
	at java.lang.Thread.run(Thread.java:748)
Caused by: org.apache.ratis.thirdparty.io.grpc.StatusRuntimeException: UNAVAILABLE: io exception
	at org.apache.ratis.thirdparty.io.grpc.stub.ClientCalls.toStatusRuntimeException(ClientCalls.java:233)
	at org.apache.ratis.thirdparty.io.grpc.stub.ClientCalls.getUnchecked(ClientCalls.java:214)
	at org.apache.ratis.thirdparty.io.grpc.stub.ClientCalls.blockingUnaryCall(ClientCalls.java:139)
	at org.apache.ratis.proto.grpc.RaftServerProtocolServiceGrpc$RaftServerProtocolServiceBlockingStub.requestVote(RaftServerProtocolServiceGrpc.java:265)
	at org.apache.ratis.grpc.server.GrpcServerProtocolClient.requestVote(GrpcServerProtocolClient.java:83)
	at org.apache.ratis.grpc.server.GrpcService.requestVote(GrpcService.java:195)
	at org.apache.ratis.server.impl.LeaderElection.lambda$submitRequests$1(LeaderElection.java:237)
	at java.util.concurrent.FutureTask.run(FutureTask.java:266)
	at java.util.concurrent.Executors$RunnableAdapter.call(Executors.java:511)
	at java.util.concurrent.FutureTask.run(FutureTask.java:266)
	at java.util.concurrent.ThreadPoolExecutor.runWorker(ThreadPoolExecutor.java:1149)
	at java.util.concurrent.ThreadPoolExecutor$Worker.run(ThreadPoolExecutor.java:624)
	... 1 more
Caused by: org.apache.ratis.thirdparty.io.netty.channel.AbstractChannel$AnnotatedConnectException: Connection refused: /192.168.69.111:41350
	at sun.nio.ch.SocketChannelImpl.checkConnect(Native Method)
	at sun.nio.ch.SocketChannelImpl.finishConnect(SocketChannelImpl.java:717)
	at org.apache.ratis.thirdparty.io.netty.channel.socket.nio.NioSocketChannel.doFinishConnect(NioSocketChannel.java:327)
	at org.apache.ratis.thirdparty.io.netty.channel.nio.AbstractNioChannel$AbstractNioUnsafe.finishConnect(AbstractNioChannel.java:340)
	at org.apache.ratis.thirdparty.io.netty.channel.nio.NioEventLoop.processSelectedKey(NioEventLoop.java:632)
	at org.apache.ratis.thirdparty.io.netty.channel.nio.NioEventLoop.processSelectedKeysOptimized(NioEventLoop.java:579)
	at org.apache.ratis.thirdparty.io.netty.channel.nio.NioEventLoop.processSelectedKeys(NioEventLoop.java:496)
	at org.apache.ratis.thirdparty.io.netty.channel.nio.NioEventLoop.run(NioEventLoop.java:458)
	at org.apache.ratis.thirdparty.io.netty.util.concurrent.SingleThreadEventExecutor$5.run(SingleThreadEventExecutor.java:897)
	at org.apache.ratis.thirdparty.io.netty.util.concurrent.FastThreadLocalRunnable.run(FastThreadLocalRunnable.java:30)
	... 1 more
Caused by: java.net.ConnectException: Connection refused
	... 11 more
2019-08-29 08:16:16,283 [0dd33b76-ae44-43ed-8830-1aa8976f734b:group-7A16FAC25C82:LeaderElection128] INFO  impl.LeaderElection (LogUtils.java:infoOrTrace(149)) -   Exception 1: {}
java.util.concurrent.ExecutionException: org.apache.ratis.thirdparty.io.grpc.StatusRuntimeException: UNAVAILABLE: io exception
	at java.util.concurrent.FutureTask.report(FutureTask.java:122)
	at java.util.concurrent.FutureTask.get(FutureTask.java:192)
	at org.apache.ratis.server.impl.LeaderElection.waitForResults(LeaderElection.java:262)
	at org.apache.ratis.server.impl.LeaderElection.askForVotes(LeaderElection.java:200)
	at org.apache.ratis.server.impl.LeaderElection.run(LeaderElection.java:130)
	at java.lang.Thread.run(Thread.java:748)
Caused by: org.apache.ratis.thirdparty.io.grpc.StatusRuntimeException: UNAVAILABLE: io exception
	at org.apache.ratis.thirdparty.io.grpc.stub.ClientCalls.toStatusRuntimeException(ClientCalls.java:233)
	at org.apache.ratis.thirdparty.io.grpc.stub.ClientCalls.getUnchecked(ClientCalls.java:214)
	at org.apache.ratis.thirdparty.io.grpc.stub.ClientCalls.blockingUnaryCall(ClientCalls.java:139)
	at org.apache.ratis.proto.grpc.RaftServerProtocolServiceGrpc$RaftServerProtocolServiceBlockingStub.requestVote(RaftServerProtocolServiceGrpc.java:265)
	at org.apache.ratis.grpc.server.GrpcServerProtocolClient.requestVote(GrpcServerProtocolClient.java:83)
	at org.apache.ratis.grpc.server.GrpcService.requestVote(GrpcService.java:195)
	at org.apache.ratis.server.impl.LeaderElection.lambda$submitRequests$1(LeaderElection.java:237)
	at java.util.concurrent.FutureTask.run(FutureTask.java:266)
	at java.util.concurrent.Executors$RunnableAdapter.call(Executors.java:511)
	at java.util.concurrent.FutureTask.run(FutureTask.java:266)
	at java.util.concurrent.ThreadPoolExecutor.runWorker(ThreadPoolExecutor.java:1149)
	at java.util.concurrent.ThreadPoolExecutor$Worker.run(ThreadPoolExecutor.java:624)
	... 1 more
Caused by: org.apache.ratis.thirdparty.io.netty.channel.AbstractChannel$AnnotatedConnectException: Connection refused: /192.168.69.111:39702
	at sun.nio.ch.SocketChannelImpl.checkConnect(Native Method)
	at sun.nio.ch.SocketChannelImpl.finishConnect(SocketChannelImpl.java:717)
	at org.apache.ratis.thirdparty.io.netty.channel.socket.nio.NioSocketChannel.doFinishConnect(NioSocketChannel.java:327)
	at org.apache.ratis.thirdparty.io.netty.channel.nio.AbstractNioChannel$AbstractNioUnsafe.finishConnect(AbstractNioChannel.java:340)
	at org.apache.ratis.thirdparty.io.netty.channel.nio.NioEventLoop.processSelectedKey(NioEventLoop.java:632)
	at org.apache.ratis.thirdparty.io.netty.channel.nio.NioEventLoop.processSelectedKeysOptimized(NioEventLoop.java:579)
	at org.apache.ratis.thirdparty.io.netty.channel.nio.NioEventLoop.processSelectedKeys(NioEventLoop.java:496)
	at org.apache.ratis.thirdparty.io.netty.channel.nio.NioEventLoop.run(NioEventLoop.java:458)
	at org.apache.ratis.thirdparty.io.netty.util.concurrent.SingleThreadEventExecutor$5.run(SingleThreadEventExecutor.java:897)
	at org.apache.ratis.thirdparty.io.netty.util.concurrent.FastThreadLocalRunnable.run(FastThreadLocalRunnable.java:30)
	... 1 more
Caused by: java.net.ConnectException: Connection refused
	... 11 more
2019-08-29 08:16:16,283 [0dd33b76-ae44-43ed-8830-1aa8976f734b:group-7A16FAC25C82:LeaderElection128] INFO  impl.RaftServerImpl (RaftServerImpl.java:setRole(171)) - 0dd33b76-ae44-43ed-8830-1aa8976f734b:group-7A16FAC25C82 changes role from CANDIDATE to FOLLOWER at term 3 for DISCOVERED_A_NEW_TERM
2019-08-29 08:16:16,283 [0dd33b76-ae44-43ed-8830-1aa8976f734b:group-7A16FAC25C82:LeaderElection128] INFO  impl.RoleInfo (RoleInfo.java:shutdownLeaderElection(134)) - 0dd33b76-ae44-43ed-8830-1aa8976f734b: shutdown LeaderElection
2019-08-29 08:16:16,283 [0dd33b76-ae44-43ed-8830-1aa8976f734b:group-7A16FAC25C82:LeaderElection128] INFO  impl.RoleInfo (RoleInfo.java:updateAndGet(143)) - 0dd33b76-ae44-43ed-8830-1aa8976f734b: start FollowerState
2019-08-29 08:16:16,647 [Datanode State Machine Thread - 0] INFO  statemachine.DatanodeStateMachine (DatanodeStateMachine.java:lambda$startDaemon$0(350)) - Ozone container server started.
2019-08-29 08:16:20,672 [EventQueue-StaleNodeForStaleNodeHandler] INFO  node.StaleNodeHandler (StaleNodeHandler.java:onMessage(58)) - Datanode 0dd33b76-ae44-43ed-8830-1aa8976f734b{ip: 192.168.69.111, host: pr-hdds-1569-g9zr9-4145101663, networkLocation: /default-rack, certSerialId: null} moved to stale state. Finalizing its pipelines [PipelineID=4e46ac92-cb9e-4522-8875-fa56f51bf22e, PipelineID=048a77e6-af6c-4945-854d-7a16fac25c82]
2019-08-29 08:16:20,672 [EventQueue-StaleNodeForStaleNodeHandler] INFO  pipeline.SCMPipelineManager (SCMPipelineManager.java:finalizeAndDestroyPipeline(309)) - destroying pipeline:Pipeline[ Id: 4e46ac92-cb9e-4522-8875-fa56f51bf22e, Nodes: 0dd33b76-ae44-43ed-8830-1aa8976f734b{ip: 192.168.69.111, host: pr-hdds-1569-g9zr9-4145101663, networkLocation: /default-rack, certSerialId: null}, Type:RATIS, Factor:ONE, State:OPEN]
2019-08-29 08:16:20,672 [EventQueue-StaleNodeForStaleNodeHandler] INFO  pipeline.PipelineStateManager (PipelineStateManager.java:finalizePipeline(123)) - Pipeline Pipeline[ Id: 4e46ac92-cb9e-4522-8875-fa56f51bf22e, Nodes: 0dd33b76-ae44-43ed-8830-1aa8976f734b{ip: 192.168.69.111, host: pr-hdds-1569-g9zr9-4145101663, networkLocation: /default-rack, certSerialId: null}, Type:RATIS, Factor:ONE, State:CLOSED] moved to CLOSED state
2019-08-29 08:16:20,672 [EventQueue-StaleNodeForStaleNodeHandler] INFO  pipeline.SCMPipelineManager (SCMPipelineManager.java:finalizeAndDestroyPipeline(309)) - destroying pipeline:Pipeline[ Id: 048a77e6-af6c-4945-854d-7a16fac25c82, Nodes: 0c5fef0d-286d-4de9-83c3-de42cda01f07{ip: 192.168.69.111, host: pr-hdds-1569-g9zr9-4145101663, networkLocation: /default-rack, certSerialId: null}0dd33b76-ae44-43ed-8830-1aa8976f734b{ip: 192.168.69.111, host: pr-hdds-1569-g9zr9-4145101663, networkLocation: /default-rack, certSerialId: null}dd9e2fbb-74e8-4002-a44e-6ed6076d3ed9{ip: 192.168.69.111, host: pr-hdds-1569-g9zr9-4145101663, networkLocation: /default-rack, certSerialId: null}, Type:RATIS, Factor:THREE, State:CLOSED]
2019-08-29 08:16:20,739 [ForkJoinPool.commonPool-worker-1] INFO  ozoneimpl.OzoneContainer (OzoneContainer.java:stop(199)) - Attempting to stop container services.
2019-08-29 08:16:20,740 [ForkJoinPool.commonPool-worker-1] INFO  impl.RaftServerProxy (RaftServerProxy.java:lambda$close$4(314)) - 0dd33b76-ae44-43ed-8830-1aa8976f734b: close
2019-08-29 08:16:20,740 [ForkJoinPool.commonPool-worker-1] INFO  impl.RaftServerImpl (RaftServerImpl.java:lambda$shutdown$3(245)) - 0dd33b76-ae44-43ed-8830-1aa8976f734b: shutdown group-FA56F51BF22E
2019-08-29 08:16:20,740 [ForkJoinPool.commonPool-worker-1] INFO  util.JmxRegister (JmxRegister.java:unregister(73)) - Successfully un-registered JMX Bean with object name Ratis:service=RaftServer,group=group-FA56F51BF22E,id=0dd33b76-ae44-43ed-8830-1aa8976f734b
2019-08-29 08:16:20,741 [ForkJoinPool.commonPool-worker-1] INFO  impl.RoleInfo (RoleInfo.java:shutdownLeaderState(104)) - 0dd33b76-ae44-43ed-8830-1aa8976f734b: shutdown LeaderState
2019-08-29 08:16:20,741 [ForkJoinPool.commonPool-worker-1] INFO  impl.PendingRequests (PendingRequests.java:sendNotLeaderResponses(202)) - 0dd33b76-ae44-43ed-8830-1aa8976f734b-PendingRequests: sendNotLeaderResponses
2019-08-29 08:16:20,741 [ForkJoinPool.commonPool-worker-1] INFO  impl.StateMachineUpdater (StateMachineUpdater.java:stopAndJoin(115)) - StateMachineUpdater:0dd33b76-ae44-43ed-8830-1aa8976f734b:group-FA56F51BF22E: set stopIndex = 0
2019-08-29 08:16:20,741 [ForkJoinPool.commonPool-worker-1] INFO  impl.RaftServerImpl (ServerState.java:close(394)) - 0dd33b76-ae44-43ed-8830-1aa8976f734b:group-FA56F51BF22E closes. The last applied log index is 0
2019-08-29 08:16:20,742 [0dd33b76-ae44-43ed-8830-1aa8976f734b-SegmentedRaftLogWorker:Storage Directory /workdir/hadoop-ozone/integration-test/target/test-dir/MiniOzoneClusterImpl-249f8078-8fc0-44d6-853a-2b715126e327/datanode-5/data/ratis/4e46ac92-cb9e-4522-8875-fa56f51bf22e] INFO  segmented.SegmentedRaftLogWorker (SegmentedRaftLogWorker.java:run(313)) - 0dd33b76-ae44-43ed-8830-1aa8976f734b-SegmentedRaftLogWorker:Storage Directory /workdir/hadoop-ozone/integration-test/target/test-dir/MiniOzoneClusterImpl-249f8078-8fc0-44d6-853a-2b715126e327/datanode-5/data/ratis/4e46ac92-cb9e-4522-8875-fa56f51bf22e was interrupted, exiting. There are 0 tasks remaining in the queue.
2019-08-29 08:16:20,742 [ForkJoinPool.commonPool-worker-1] INFO  segmented.SegmentedRaftLogWorker (SegmentedRaftLogWorker.java:close(228)) - 0dd33b76-ae44-43ed-8830-1aa8976f734b-SegmentedRaftLogWorker:Storage Directory /workdir/hadoop-ozone/integration-test/target/test-dir/MiniOzoneClusterImpl-249f8078-8fc0-44d6-853a-2b715126e327/datanode-5/data/ratis/4e46ac92-cb9e-4522-8875-fa56f51bf22e close()
2019-08-29 08:16:20,744 [ForkJoinPool.commonPool-worker-1] INFO  impl.RaftServerImpl (RaftServerImpl.java:lambda$shutdown$3(245)) - 0dd33b76-ae44-43ed-8830-1aa8976f734b: shutdown group-7A16FAC25C82
2019-08-29 08:16:20,744 [ForkJoinPool.commonPool-worker-1] INFO  util.JmxRegister (JmxRegister.java:unregister(73)) - Successfully un-registered JMX Bean with object name Ratis:service=RaftServer,group=group-7A16FAC25C82,id=0dd33b76-ae44-43ed-8830-1aa8976f734b
2019-08-29 08:16:20,744 [ForkJoinPool.commonPool-worker-1] INFO  impl.RoleInfo (RoleInfo.java:shutdownFollowerState(121)) - 0dd33b76-ae44-43ed-8830-1aa8976f734b: shutdown FollowerState
2019-08-29 08:16:20,745 [ForkJoinPool.commonPool-worker-1] INFO  impl.StateMachineUpdater (StateMachineUpdater.java:stopAndJoin(115)) - StateMachineUpdater:0dd33b76-ae44-43ed-8830-1aa8976f734b:group-7A16FAC25C82: set stopIndex = 6
2019-08-29 08:16:20,745 [StateMachineUpdater:0dd33b76-ae44-43ed-8830-1aa8976f734b:group-7A16FAC25C82] INFO  ratis.ContainerStateMachine (ContainerStateMachine.java:takeSnapshot(283)) - group-7A16FAC25C82: Taking a snapshot at:(t:1, i:4) file /workdir/hadoop-ozone/integration-test/target/test-dir/MiniOzoneClusterImpl-249f8078-8fc0-44d6-853a-2b715126e327/datanode-5/data/ratis/048a77e6-af6c-4945-854d-7a16fac25c82/sm/snapshot.1_4
2019-08-29 08:16:20,745 [Thread-5134] INFO  impl.FollowerState (FollowerState.java:run(114)) - 0dd33b76-ae44-43ed-8830-1aa8976f734b: FollowerState was interrupted: java.lang.InterruptedException: sleep interrupted
2019-08-29 08:16:20,794 [StateMachineUpdater:0dd33b76-ae44-43ed-8830-1aa8976f734b:group-7A16FAC25C82] INFO  ratis.ContainerStateMachine (ContainerStateMachine.java:takeSnapshot(294)) - group-7A16FAC25C82: Finished taking a snapshot at:(t:1, i:4) file:/workdir/hadoop-ozone/integration-test/target/test-dir/MiniOzoneClusterImpl-249f8078-8fc0-44d6-853a-2b715126e327/datanode-5/data/ratis/048a77e6-af6c-4945-854d-7a16fac25c82/sm/snapshot.1_4 time:49
2019-08-29 08:16:20,794 [StateMachineUpdater:0dd33b76-ae44-43ed-8830-1aa8976f734b:group-7A16FAC25C82] INFO  impl.StateMachineUpdater (StateMachineUpdater.java:takeSnapshot(242)) - StateMachineUpdater:0dd33b76-ae44-43ed-8830-1aa8976f734b:group-7A16FAC25C82: Took a snapshot at index 4
2019-08-29 08:16:20,794 [StateMachineUpdater:0dd33b76-ae44-43ed-8830-1aa8976f734b:group-7A16FAC25C82] INFO  impl.StateMachineUpdater (StateMachineUpdater.java:lambda$new$0(80)) - StateMachineUpdater:0dd33b76-ae44-43ed-8830-1aa8976f734b:group-7A16FAC25C82: snapshotIndex: updateIncreasingly -1 -> 4
2019-08-29 08:16:20,794 [ForkJoinPool.commonPool-worker-1] INFO  impl.RaftServerImpl (ServerState.java:close(394)) - 0dd33b76-ae44-43ed-8830-1aa8976f734b:group-7A16FAC25C82 closes. The last applied log index is 6
2019-08-29 08:16:20,795 [0dd33b76-ae44-43ed-8830-1aa8976f734b-SegmentedRaftLogWorker:Storage Directory /workdir/hadoop-ozone/integration-test/target/test-dir/MiniOzoneClusterImpl-249f8078-8fc0-44d6-853a-2b715126e327/datanode-5/data/ratis/048a77e6-af6c-4945-854d-7a16fac25c82] INFO  segmented.SegmentedRaftLogWorker (SegmentedRaftLogWorker.java:run(313)) - 0dd33b76-ae44-43ed-8830-1aa8976f734b-SegmentedRaftLogWorker:Storage Directory /workdir/hadoop-ozone/integration-test/target/test-dir/MiniOzoneClusterImpl-249f8078-8fc0-44d6-853a-2b715126e327/datanode-5/data/ratis/048a77e6-af6c-4945-854d-7a16fac25c82 was interrupted, exiting. There are 0 tasks remaining in the queue.
2019-08-29 08:16:20,795 [ForkJoinPool.commonPool-worker-1] INFO  segmented.SegmentedRaftLogWorker (SegmentedRaftLogWorker.java:close(228)) - 0dd33b76-ae44-43ed-8830-1aa8976f734b-SegmentedRaftLogWorker:Storage Directory /workdir/hadoop-ozone/integration-test/target/test-dir/MiniOzoneClusterImpl-249f8078-8fc0-44d6-853a-2b715126e327/datanode-5/data/ratis/048a77e6-af6c-4945-854d-7a16fac25c82 close()
2019-08-29 08:16:20,797 [ForkJoinPool.commonPool-worker-1] INFO  server.GrpcService (GrpcService.java:closeImpl(155)) - 0dd33b76-ae44-43ed-8830-1aa8976f734b: shutdown server with port 39133 now
2019-08-29 08:16:20,798 [ForkJoinPool.commonPool-worker-1] INFO  server.GrpcService (GrpcService.java:closeImpl(163)) - 0dd33b76-ae44-43ed-8830-1aa8976f734b: shutdown server with port 39133 successfully
2019-08-29 08:16:20,801 [ForkJoinPool.commonPool-worker-1] INFO  utils.BackgroundService (BackgroundService.java:shutdown(148)) - Shutting down service BlockDeletingService
2019-08-29 08:16:20,804 [refreshUsed-/workdir/hadoop-ozone/integration-test/target/test-dir/MiniOzoneClusterImpl-249f8078-8fc0-44d6-853a-2b715126e327/datanode-5/data/containers] WARN  fs.CachingGetSpaceUsed (CachingGetSpaceUsed.java:run(183)) - Thread Interrupted waiting to refresh disk information: sleep interrupted
2019-08-29 08:16:20,821 [ForkJoinPool.commonPool-worker-1] INFO  statemachine.DatanodeStateMachine (DatanodeStateMachine.java:stopDaemon(395)) - Ozone container server stopped.
2019-08-29 08:16:20,824 [ForkJoinPool.commonPool-worker-1] INFO  handler.ContextHandler (ContextHandler.java:doStop(910)) - Stopped o.e.j.w.WebAppContext@16374086{/,null,UNAVAILABLE}{/hddsDatanode}
2019-08-29 08:16:20,825 [ForkJoinPool.commonPool-worker-1] INFO  server.AbstractConnector (AbstractConnector.java:doStop(318)) - Stopped ServerConnector@62b8904c{HTTP/1.1,[http/1.1]}{0.0.0.0:0}
2019-08-29 08:16:20,828 [ForkJoinPool.commonPool-worker-1] INFO  handler.ContextHandler (ContextHandler.java:doStop(910)) - Stopped o.e.j.s.ServletContextHandler@1f879e78{/static,jar:file:/home/user/.m2/repository/org/apache/hadoop/hadoop-hdds-container-service/0.5.0-SNAPSHOT/hadoop-hdds-container-service-0.5.0-SNAPSHOT.jar!/webapps/static,UNAVAILABLE}
2019-08-29 08:16:20,829 [ForkJoinPool.commonPool-worker-1] INFO  handler.ContextHandler (ContextHandler.java:doStop(910)) - Stopped o.e.j.s.ServletContextHandler@743e5472{/logs,file:///workdir/hadoop-ozone/integration-test/target/log,UNAVAILABLE}
2019-08-29 08:16:20,829 [main] INFO  ozone.MiniOzoneClusterImpl (MiniOzoneClusterImpl.java:stop(353)) - Stopping the StorageContainerManager
2019-08-29 08:16:20,830 [main] INFO  server.StorageContainerManager (StorageContainerManager.java:stop(797)) - Stopping Replication Manager Service.
2019-08-29 08:16:20,830 [main] INFO  container.ReplicationManager (ReplicationManager.java:stop(193)) - Stopping Replication Monitor Thread.
2019-08-29 08:16:20,830 [main] INFO  server.StorageContainerManager (StorageContainerManager.java:stop(804)) - Stopping Lease Manager of the command watchers
2019-08-29 08:16:20,830 [main] INFO  server.StorageContainerManager (StorageContainerManager.java:stop(811)) - Stopping datanode service RPC server
2019-08-29 08:16:20,830 [main] INFO  server.SCMDatanodeProtocolServer (SCMDatanodeProtocolServer.java:stop(367)) - Stopping the RPC server for DataNodes
2019-08-29 08:16:20,830 [main] INFO  ipc.Server (Server.java:stop(3082)) - Stopping server on 43155
2019-08-29 08:16:20,833 [IPC Server listener on 43155] INFO  ipc.Server (Server.java:run(1185)) - Stopping IPC Server listener on 43155
2019-08-29 08:16:20,834 [IPC Server Responder] INFO  ipc.Server (Server.java:run(1319)) - Stopping IPC Server Responder
2019-08-29 08:16:20,872 [SCM Heartbeat Processing Thread - 0] WARN  node.NodeStateManager (NodeStateManager.java:scheduleNextHealthCheck(655)) - Current Thread is interrupted, shutting down HB processing thread for Node Manager.
2019-08-29 08:16:20,872 [main] INFO  server.StorageContainerManager (StorageContainerManager.java:stop(819)) - Stopping block service RPC server
2019-08-29 08:16:20,872 [main] INFO  server.SCMBlockProtocolServer (SCMBlockProtocolServer.java:stop(148)) - Stopping the RPC server for Block Protocol
2019-08-29 08:16:20,873 [main] INFO  ipc.Server (Server.java:stop(3082)) - Stopping server on 45163
2019-08-29 08:16:20,878 [IPC Server listener on 45163] INFO  ipc.Server (Server.java:run(1185)) - Stopping IPC Server listener on 45163
2019-08-29 08:16:20,878 [IPC Server Responder] INFO  ipc.Server (Server.java:run(1319)) - Stopping IPC Server Responder
2019-08-29 08:16:20,878 [main] INFO  server.StorageContainerManager (StorageContainerManager.java:stop(826)) - Stopping the StorageContainerLocationProtocol RPC server
2019-08-29 08:16:20,878 [main] INFO  server.SCMClientProtocolServer (SCMClientProtocolServer.java:stop(159)) - Stopping the RPC server for Client Protocol
2019-08-29 08:16:20,878 [main] INFO  ipc.Server (Server.java:stop(3082)) - Stopping server on 42374
2019-08-29 08:16:20,880 [IPC Server listener on 42374] INFO  ipc.Server (Server.java:run(1185)) - Stopping IPC Server listener on 42374
2019-08-29 08:16:20,881 [IPC Server Responder] INFO  ipc.Server (Server.java:run(1319)) - Stopping IPC Server Responder
2019-08-29 08:16:20,881 [main] INFO  server.StorageContainerManager (StorageContainerManager.java:stop(833)) - Stopping Storage Container Manager HTTP server.
2019-08-29 08:16:20,882 [main] INFO  handler.ContextHandler (ContextHandler.java:doStop(910)) - Stopped o.e.j.w.WebAppContext@54902273{/,null,UNAVAILABLE}{/scm}
2019-08-29 08:16:20,883 [main] INFO  server.AbstractConnector (AbstractConnector.java:doStop(318)) - Stopped ServerConnector@40052266{HTTP/1.1,[http/1.1]}{0.0.0.0:0}
2019-08-29 08:16:20,884 [main] INFO  handler.ContextHandler (ContextHandler.java:doStop(910)) - Stopped o.e.j.s.ServletContextHandler@58211c07{/static,file:///workdir/hadoop-ozone/integration-test/target/test-classes/webapps/static,UNAVAILABLE}
2019-08-29 08:16:20,884 [main] INFO  handler.ContextHandler (ContextHandler.java:doStop(910)) - Stopped o.e.j.s.ServletContextHandler@2a987a5d{/logs,file:///workdir/hadoop-ozone/integration-test/target/log,UNAVAILABLE}
2019-08-29 08:16:20,885 [main] INFO  server.StorageContainerManager (StorageContainerManager.java:stop(844)) - Stopping Block Manager Service.
2019-08-29 08:16:20,885 [main] INFO  utils.BackgroundService (BackgroundService.java:shutdown(148)) - Shutting down service SCMBlockDeletingService
2019-08-29 08:16:20,886 [main] INFO  utils.BackgroundService (BackgroundService.java:shutdown(148)) - Shutting down service SCMBlockDeletingService
2019-08-29 08:16:20,886 [main] INFO  server.StorageContainerManager (StorageContainerManager.java:stop(866)) - Stopping SCM Event Queue.
2019-08-29 08:16:20,959 [main] INFO  impl.MetricsSystemImpl (MetricsSystemImpl.java:stop(210)) - Stopping HddsDatanode metrics system...
2019-08-29 08:16:20,970 [main] INFO  impl.MetricsSystemImpl (MetricsSystemImpl.java:stop(216)) - HddsDatanode metrics system stopped.
]]></system-out>
    <system-err><![CDATA[Aug 29, 2019 8:15:39 AM com.sun.jersey.server.impl.application.WebApplicationImpl _initiate
INFO: Initiating Jersey application, version 'Jersey: 1.19 02/11/2015 03:25 AM'
Aug 29, 2019 8:15:39 AM com.sun.jersey.server.impl.application.WebApplicationImpl _initiate
INFO: Initiating Jersey application, version 'Jersey: 1.19 02/11/2015 03:25 AM'
Aug 29, 2019 8:15:40 AM com.sun.jersey.server.impl.application.WebApplicationImpl _initiate
INFO: Initiating Jersey application, version 'Jersey: 1.19 02/11/2015 03:25 AM'
Aug 29, 2019 8:15:40 AM com.sun.jersey.server.impl.application.WebApplicationImpl _initiate
INFO: Initiating Jersey application, version 'Jersey: 1.19 02/11/2015 03:25 AM'
Aug 29, 2019 8:15:40 AM com.sun.jersey.server.impl.application.WebApplicationImpl _initiate
INFO: Initiating Jersey application, version 'Jersey: 1.19 02/11/2015 03:25 AM'
Aug 29, 2019 8:15:40 AM com.sun.jersey.server.impl.application.WebApplicationImpl _initiate
INFO: Initiating Jersey application, version 'Jersey: 1.19 02/11/2015 03:25 AM'
Aug 29, 2019 8:15:41 AM com.sun.jersey.server.impl.application.WebApplicationImpl _initiate
INFO: Initiating Jersey application, version 'Jersey: 1.19 02/11/2015 03:25 AM'
Aug 29, 2019 8:15:43 AM org.apache.ratis.thirdparty.io.grpc.internal.ManagedChannelOrphanWrapper$ManagedChannelReference cleanQueue
SEVERE: *~*~*~ Channel ManagedChannelImpl{logId=3644, target=192.168.69.111:37160} was not shutdown properly!!! ~*~*~*
    Make sure to call shutdown()/shutdownNow() and wait until awaitTermination() returns true.
java.lang.RuntimeException: ManagedChannel allocation site
	at org.apache.ratis.thirdparty.io.grpc.internal.ManagedChannelOrphanWrapper$ManagedChannelReference.<init>(ManagedChannelOrphanWrapper.java:103)
	at org.apache.ratis.thirdparty.io.grpc.internal.ManagedChannelOrphanWrapper.<init>(ManagedChannelOrphanWrapper.java:53)
	at org.apache.ratis.thirdparty.io.grpc.internal.ManagedChannelOrphanWrapper.<init>(ManagedChannelOrphanWrapper.java:44)
	at org.apache.ratis.thirdparty.io.grpc.internal.AbstractManagedChannelImplBuilder.build(AbstractManagedChannelImplBuilder.java:411)
	at org.apache.ratis.grpc.client.GrpcClientProtocolClient.<init>(GrpcClientProtocolClient.java:119)
	at org.apache.ratis.grpc.client.GrpcClientRpc.lambda$new$0(GrpcClientRpc.java:55)
	at org.apache.ratis.util.PeerProxyMap$PeerAndProxy.lambda$getProxy$0(PeerProxyMap.java:61)
	at org.apache.ratis.util.LifeCycle.startAndTransition(LifeCycle.java:202)
	at org.apache.ratis.util.PeerProxyMap$PeerAndProxy.getProxy(PeerProxyMap.java:60)
	at org.apache.ratis.util.PeerProxyMap.getProxy(PeerProxyMap.java:107)
	at org.apache.ratis.grpc.client.GrpcClientRpc.sendRequestAsync(GrpcClientRpc.java:66)
	at org.apache.ratis.client.impl.OrderedAsync.sendRequest(OrderedAsync.java:208)
	at org.apache.ratis.client.impl.OrderedAsync.sendRequestWithRetry(OrderedAsync.java:169)
	at org.apache.ratis.util.SlidingWindow$Client.sendOrDelayRequest(SlidingWindow.java:278)
	at org.apache.ratis.util.SlidingWindow$Client.retry(SlidingWindow.java:294)
	at org.apache.ratis.client.impl.OrderedAsync.lambda$scheduleWithTimeout$7(OrderedAsync.java:195)
	at org.apache.ratis.util.TimeoutScheduler.lambda$onTimeout$0(TimeoutScheduler.java:85)
	at org.apache.ratis.util.TimeoutScheduler.lambda$onTimeout$1(TimeoutScheduler.java:104)
	at org.apache.ratis.util.LogUtils.runAndLog(LogUtils.java:50)
	at org.apache.ratis.util.LogUtils$1.run(LogUtils.java:91)
	at java.util.concurrent.Executors$RunnableAdapter.call(Executors.java:511)
	at java.util.concurrent.FutureTask.run(FutureTask.java:266)
	at java.util.concurrent.ScheduledThreadPoolExecutor$ScheduledFutureTask.access$201(ScheduledThreadPoolExecutor.java:180)
	at java.util.concurrent.ScheduledThreadPoolExecutor$ScheduledFutureTask.run(ScheduledThreadPoolExecutor.java:293)
	at java.util.concurrent.ThreadPoolExecutor.runWorker(ThreadPoolExecutor.java:1149)
	at java.util.concurrent.ThreadPoolExecutor$Worker.run(ThreadPoolExecutor.java:624)
	at java.lang.Thread.run(Thread.java:748)

Aug 29, 2019 8:15:43 AM org.apache.ratis.thirdparty.io.grpc.internal.ManagedChannelOrphanWrapper$ManagedChannelReference cleanQueue
SEVERE: *~*~*~ Channel ManagedChannelImpl{logId=3624, target=192.168.69.111:39023} was not shutdown properly!!! ~*~*~*
    Make sure to call shutdown()/shutdownNow() and wait until awaitTermination() returns true.
java.lang.RuntimeException: ManagedChannel allocation site
	at org.apache.ratis.thirdparty.io.grpc.internal.ManagedChannelOrphanWrapper$ManagedChannelReference.<init>(ManagedChannelOrphanWrapper.java:103)
	at org.apache.ratis.thirdparty.io.grpc.internal.ManagedChannelOrphanWrapper.<init>(ManagedChannelOrphanWrapper.java:53)
	at org.apache.ratis.thirdparty.io.grpc.internal.ManagedChannelOrphanWrapper.<init>(ManagedChannelOrphanWrapper.java:44)
	at org.apache.ratis.thirdparty.io.grpc.internal.AbstractManagedChannelImplBuilder.build(AbstractManagedChannelImplBuilder.java:411)
	at org.apache.ratis.grpc.client.GrpcClientProtocolClient.<init>(GrpcClientProtocolClient.java:119)
	at org.apache.ratis.grpc.client.GrpcClientRpc.lambda$new$0(GrpcClientRpc.java:55)
	at org.apache.ratis.util.PeerProxyMap$PeerAndProxy.lambda$getProxy$0(PeerProxyMap.java:61)
	at org.apache.ratis.util.LifeCycle.startAndTransition(LifeCycle.java:202)
	at org.apache.ratis.util.PeerProxyMap$PeerAndProxy.getProxy(PeerProxyMap.java:60)
	at org.apache.ratis.util.PeerProxyMap.getProxy(PeerProxyMap.java:107)
	at org.apache.ratis.grpc.client.GrpcClientRpc.sendRequestAsync(GrpcClientRpc.java:66)
	at org.apache.ratis.client.impl.OrderedAsync.sendRequest(OrderedAsync.java:208)
	at org.apache.ratis.client.impl.OrderedAsync.sendRequestWithRetry(OrderedAsync.java:169)
	at org.apache.ratis.util.SlidingWindow$Client.sendOrDelayRequest(SlidingWindow.java:278)
	at org.apache.ratis.util.SlidingWindow$Client.retry(SlidingWindow.java:294)
	at org.apache.ratis.client.impl.OrderedAsync.lambda$scheduleWithTimeout$7(OrderedAsync.java:195)
	at org.apache.ratis.util.TimeoutScheduler.lambda$onTimeout$0(TimeoutScheduler.java:85)
	at org.apache.ratis.util.TimeoutScheduler.lambda$onTimeout$1(TimeoutScheduler.java:104)
	at org.apache.ratis.util.LogUtils.runAndLog(LogUtils.java:50)
	at org.apache.ratis.util.LogUtils$1.run(LogUtils.java:91)
	at java.util.concurrent.Executors$RunnableAdapter.call(Executors.java:511)
	at java.util.concurrent.FutureTask.run(FutureTask.java:266)
	at java.util.concurrent.ScheduledThreadPoolExecutor$ScheduledFutureTask.access$201(ScheduledThreadPoolExecutor.java:180)
	at java.util.concurrent.ScheduledThreadPoolExecutor$ScheduledFutureTask.run(ScheduledThreadPoolExecutor.java:293)
	at java.util.concurrent.ThreadPoolExecutor.runWorker(ThreadPoolExecutor.java:1149)
	at java.util.concurrent.ThreadPoolExecutor$Worker.run(ThreadPoolExecutor.java:624)
	at java.lang.Thread.run(Thread.java:748)

]]></system-err>
  </testcase>
</testsuite>